<?xml version="1.0" encoding="UTF-8"?>
<testsuites tests="53" failures="24" errors="24" skipped="0">
  <testsuite timestamp="2025-05-31T17:17:09" time="271.504" tests="5" failures="0" errors="0" skipped="0">
    <properties>
      <property name="specId" value="0"/>
      <property name="suiteName" value="Tests for DXCW CAE environment, including specific login to the system US"/>
      <property name="capabilities" value="chrome.136_0_7103_93.windows"/>
      <property name="file" value="file:///D:/a/1/s/test/specs/BTS/dxcw-cae.spec.js"/>
    </properties>
    <testcase classname="chrome.136_0_7103_93.windows.Tests_for_DXCW_CAE_environment,_including_specific_login_to_the_system_US" name="Should login to the DXCW CAE env US156289" time="25.747">
      <system-out><![CDATA[
COMMAND: POST /session/9d48326ae870b5d3a573a2f725ac1bbc/url - {"url":"https://qa-testing-00-live-dxcw-portal.cfapps.eu10-004.hana.ondemand.com/"}
RESULT: {"url":"https://qa-testing-00-live-dxcw-portal.cfapps.eu10-004.hana.ondemand.com/"}
COMMAND: GET /session/9d48326ae870b5d3a573a2f725ac1bbc/screenshot - {}
RESULT: {}
COMMAND: POST /session/9d48326ae870b5d3a573a2f725ac1bbc/element - {"using":"xpath","value":"//input[@id = \"j_username\"]"}
RESULT: {"using":"xpath","value":"//input[@id = \"j_username\"]"}
COMMAND: POST /session/9d48326ae870b5d3a573a2f725ac1bbc/execute/sync - {"script":"<script> [8489 bytes]","args":[{"element-6066-11e4-a52e-4f735466cecf":"f.0A588440BBC4B09490297E8A4E4C478B.d.B0788E8AFC5CC1861F3FE040EF6F683D.e.36","ELEMENT":"f.0A588440BBC4B09490297E8A4E4C478B.d.B0788E8AFC5CC1861F3FE040EF6F683D.e.36"}]}
RESULT: {"script":"<script> [8489 bytes]","args":[{"element-6066-11e4-a52e-4f735466cecf":"f.0A588440BBC4B09490297E8A4E4C478B.d.B0788E8AFC5CC1861F3FE040EF6F683D.e.36","ELEMENT":"f.0A588440BBC4B09490297E8A4E4C478B.d.B0788E8AFC5CC1861F3FE040EF6F683D.e.36"}]}
COMMAND: POST /session/9d48326ae870b5d3a573a2f725ac1bbc/element - {"using":"xpath","value":"//input[@id = \"j_username\"]"}
COMMAND: GET /session/9d48326ae870b5d3a573a2f725ac1bbc/screenshot - {}
RESULT: {"using":"xpath","value":"//input[@id = \"j_username\"]"}
COMMAND: POST /session/9d48326ae870b5d3a573a2f725ac1bbc/element/f.0A588440BBC4B09490297E8A4E4C478B.d.B0788E8AFC5CC1861F3FE040EF6F683D.e.36/clear - {}
RESULT: {}
RESULT: {}
COMMAND: POST /session/9d48326ae870b5d3a573a2f725ac1bbc/element/f.0A588440BBC4B09490297E8A4E4C478B.d.B0788E8AFC5CC1861F3FE040EF6F683D.e.36/value - {"text":"test1etm@bearingpoint.com"}
COMMAND: GET /session/9d48326ae870b5d3a573a2f725ac1bbc/screenshot - {}
RESULT: {"text":"test1etm@bearingpoint.com"}
COMMAND: POST /session/9d48326ae870b5d3a573a2f725ac1bbc/element - {"using":"xpath","value":"//input[@id = \"j_password\"]"}
COMMAND: GET /session/9d48326ae870b5d3a573a2f725ac1bbc/screenshot - {}
RESULT: {}
RESULT: {"using":"xpath","value":"//input[@id = \"j_password\"]"}
COMMAND: POST /session/9d48326ae870b5d3a573a2f725ac1bbc/element/f.0A588440BBC4B09490297E8A4E4C478B.d.B0788E8AFC5CC1861F3FE040EF6F683D.e.38/clear - {}
RESULT: {}
RESULT: {}
COMMAND: POST /session/9d48326ae870b5d3a573a2f725ac1bbc/element/f.0A588440BBC4B09490297E8A4E4C478B.d.B0788E8AFC5CC1861F3FE040EF6F683D.e.38/value - {"text":"ETM.next2024"}
COMMAND: GET /session/9d48326ae870b5d3a573a2f725ac1bbc/screenshot - {}
RESULT: {"text":"ETM.next2024"}
COMMAND: GET /session/9d48326ae870b5d3a573a2f725ac1bbc/screenshot - {}
RESULT: {}
RESULT: {}
COMMAND: POST /session/9d48326ae870b5d3a573a2f725ac1bbc/element - {"using":"css selector","value":"button[type=\"submit\"]"}
RESULT: {"using":"css selector","value":"button[type=\"submit\"]"}
COMMAND: POST /session/9d48326ae870b5d3a573a2f725ac1bbc/element/f.0A588440BBC4B09490297E8A4E4C478B.d.B0788E8AFC5CC1861F3FE040EF6F683D.e.59/click - {}
RESULT: {}
COMMAND: POST /session/9d48326ae870b5d3a573a2f725ac1bbc/element - {"using":"xpath","value":"//a[contains(@aria-label,\"Migration Service\")]"}
COMMAND: GET /session/9d48326ae870b5d3a573a2f725ac1bbc/screenshot - {}
RESULT: {"using":"xpath","value":"//a[contains(@aria-label,\"Migration Service\")]"}
COMMAND: POST /session/9d48326ae870b5d3a573a2f725ac1bbc/element - {"using":"xpath","value":"//a[contains(@aria-label,\"Migration Service\")]"}
RESULT: {}
RESULT: {"using":"xpath","value":"//a[contains(@aria-label,\"Migration Service\")]"}
COMMAND: POST /session/9d48326ae870b5d3a573a2f725ac1bbc/element - {"using":"xpath","value":"//a[contains(@aria-label,\"Migration Service\")]"}
RESULT: {"using":"xpath","value":"//a[contains(@aria-label,\"Migration Service\")]"}
COMMAND: POST /session/9d48326ae870b5d3a573a2f725ac1bbc/element - {"using":"xpath","value":"//a[contains(@aria-label,\"Migration Service\")]"}
RESULT: {"using":"xpath","value":"//a[contains(@aria-label,\"Migration Service\")]"}
COMMAND: POST /session/9d48326ae870b5d3a573a2f725ac1bbc/execute/sync - {"script":"<script> [8489 bytes]","args":[{"element-6066-11e4-a52e-4f735466cecf":"f.0A588440BBC4B09490297E8A4E4C478B.d.7A4506E1069ACECF32AC84D5E8151CC3.e.78","ELEMENT":"f.0A588440BBC4B09490297E8A4E4C478B.d.7A4506E1069ACECF32AC84D5E8151CC3.e.78"}]}
RESULT: {"script":"<script> [8489 bytes]","args":[{"element-6066-11e4-a52e-4f735466cecf":"f.0A588440BBC4B09490297E8A4E4C478B.d.7A4506E1069ACECF32AC84D5E8151CC3.e.78","ELEMENT":"f.0A588440BBC4B09490297E8A4E4C478B.d.7A4506E1069ACECF32AC84D5E8151CC3.e.78"}]}
COMMAND: POST /session/9d48326ae870b5d3a573a2f725ac1bbc/execute/sync - {"script":"<script> [8489 bytes]","args":[{"element-6066-11e4-a52e-4f735466cecf":"f.0A588440BBC4B09490297E8A4E4C478B.d.7A4506E1069ACECF32AC84D5E8151CC3.e.78","ELEMENT":"f.0A588440BBC4B09490297E8A4E4C478B.d.7A4506E1069ACECF32AC84D5E8151CC3.e.78"}]}
COMMAND: GET /session/9d48326ae870b5d3a573a2f725ac1bbc/screenshot - {}
RESULT: {"script":"<script> [8489 bytes]","args":[{"element-6066-11e4-a52e-4f735466cecf":"f.0A588440BBC4B09490297E8A4E4C478B.d.7A4506E1069ACECF32AC84D5E8151CC3.e.78","ELEMENT":"f.0A588440BBC4B09490297E8A4E4C478B.d.7A4506E1069ACECF32AC84D5E8151CC3.e.78"}]}
COMMAND: POST /session/9d48326ae870b5d3a573a2f725ac1bbc/window/fullscreen - {}
COMMAND: GET /session/9d48326ae870b5d3a573a2f725ac1bbc/screenshot - {}
RESULT: {}
RESULT: {}
COMMAND: POST /session/9d48326ae870b5d3a573a2f725ac1bbc/execute/async - {"script":"<script> [189 bytes]","args":[]}
RESULT: {}
RESULT: {"script":"<script> [189 bytes]","args":[]}
COMMAND: POST /session/9d48326ae870b5d3a573a2f725ac1bbc/execute/async - {"script":"<script> [123 bytes]","args":[]}
RESULT: {"script":"<script> [123 bytes]","args":[]}
COMMAND: POST /session/9d48326ae870b5d3a573a2f725ac1bbc/timeouts - {"script":"<number>"}
RESULT: {"script":"<number>"}
COMMAND: GET /session/9d48326ae870b5d3a573a2f725ac1bbc/timeouts - {}
RESULT: {}
COMMAND: POST /session/9d48326ae870b5d3a573a2f725ac1bbc/execute/async - {"script":"<script> [78 bytes]","args":[]}
RESULT: {"script":"<script> [78 bytes]","args":[]}
RESULT: undefined
COMMAND: POST /session/9d48326ae870b5d3a573a2f725ac1bbc/execute/async - {"script":"<script> [2676 bytes]","args":[]}
RESULT: {"script":"<script> [2676 bytes]","args":[]}
COMMAND: POST /session/9d48326ae870b5d3a573a2f725ac1bbc/execute/async - {"script":"<script> [2342 bytes]","args":[{"protocol":"http","hostname":"0.0.0.0","path":"/","capabilities":{"browserName":"chrome","goog:chromeOptions":{"binary":"C:\\Program Files\\Google\\Chrome\\Application\\chrome.exe","args":["--start-maximized"]}},"logLevel":"warn","connectionRetryTimeout":120000,"connectionRetryCount":3,"logLevels":{},"enableDirectConnect":true,"strictSSL":true,"_":"65 more keys: [\"cacheDir\",\"port\",\"requestedCapabilities\",\"automationProtocol\",\"baseUrl\",\"waitforInterval\",\"waitforTimeout\",\"onReload\",\"beforeCommand\",\"afterCommand\",\"rootDir\",\"specs\",\"suites\",\"exclude\",\"groupLogsByTestSpec\",\"excludeDriverLogs\",\"bail\",\"framework\",\"reporters\",\"services\",\"maxInstances\",\"maxInstancesPerCapability\",\"injectGlobals\",\"filesToWatch\",\"execArgv\",\"runnerEnv\",\"runner\",\"shard\",\"specFileRetries\",\"specFileRetriesDelay\",\"specFileRetriesDeferred\",\"reporterSyncInterval\",\"reporterSyncTimeout\",\"cucumberFeaturesWithLineNumbers\",\"autoCompileOpts\",\"mochaOpts\",\"jasmineOpts\",\"cucumberOpts\",\"onPrepare\",\"onWorkerStart\",\"onWorkerEnd\",\"before\",\"beforeSession\",\"beforeSuite\",\"beforeHook\",\"beforeTest\",\"afterTest\",\"afterHook\",\"afterSuite\",\"afterSession\",\"after\",\"onComplete\",\"beforeAssertion\",\"afterAssertion\",\"beforeFeature\",\"beforeScenario\",\"beforeStep\",\"afterStep\",\"afterScenario\",\"afterFeature\",\"_\",\"suite\",\"$0\",\"ignoredWorkerServices\",\"wdi5\"]"}]}
RESULT: {"script":"<script> [2342 bytes]","args":[{"protocol":"http","hostname":"0.0.0.0","path":"/","capabilities":{"browserName":"chrome","goog:chromeOptions":{"binary":"C:\\Program Files\\Google\\Chrome\\Application\\chrome.exe","args":["--start-maximized"]}},"logLevel":"warn","connectionRetryTimeout":120000,"connectionRetryCount":3,"logLevels":{},"enableDirectConnect":true,"strictSSL":true,"_":"65 more keys: [\"cacheDir\",\"port\",\"requestedCapabilities\",\"automationProtocol\",\"baseUrl\",\"waitforInterval\",\"waitforTimeout\",\"onReload\",\"beforeCommand\",\"afterCommand\",\"rootDir\",\"specs\",\"suites\",\"exclude\",\"groupLogsByTestSpec\",\"excludeDriverLogs\",\"bail\",\"framework\",\"reporters\",\"services\",\"maxInstances\",\"maxInstancesPerCapability\",\"injectGlobals\",\"filesToWatch\",\"execArgv\",\"runnerEnv\",\"runner\",\"shard\",\"specFileRetries\",\"specFileRetriesDelay\",\"specFileRetriesDeferred\",\"reporterSyncInterval\",\"reporterSyncTimeout\",\"cucumberFeaturesWithLineNumbers\",\"autoCompileOpts\",\"mochaOpts\",\"jasmineOpts\",\"cucumberOpts\",\"onPrepare\",\"onWorkerStart\",\"onWorkerEnd\",\"before\",\"beforeSession\",\"beforeSuite\",\"beforeHook\",\"beforeTest\",\"afterTest\",\"afterHook\",\"afterSuite\",\"afterSession\",\"after\",\"onComplete\",\"beforeAssertion\",\"afterAssertion\",\"beforeFeature\",\"beforeScenario\",\"beforeStep\",\"afterStep\",\"afterScenario\",\"afterFeature\",\"_\",\"suite\",\"$0\",\"ignoredWorkerServices\",\"wdi5\"]"}]}
COMMAND: POST /session/9d48326ae870b5d3a573a2f725ac1bbc/execute/async - {"script":"<script> [21126 bytes]","args":[35000]}
RESULT: {"script":"<script> [21126 bytes]","args":[35000]}
]]></system-out>
    </testcase>
    <testcase classname="chrome.136_0_7103_93.windows.Tests_for_DXCW_CAE_environment,_including_specific_login_to_the_system_US" name="Should upload address file entry used for later tests as master data US156291" time="79.551">
      <system-out><![CDATA[
COMMAND: POST /session/9d48326ae870b5d3a573a2f725ac1bbc/execute/async - {"script":"<script> [1562 bytes]","args":[{"selector":{"controlType":"sap.m.GenericTile","properties":{"header":"Migration Service"}},"wdio_ui5_key":"sapm.GenericTile{\"header\":\"Migration Service\"}"}]}
RESULT: {"script":"<script> [1562 bytes]","args":[{"selector":{"controlType":"sap.m.GenericTile","properties":{"header":"Migration Service"}},"wdio_ui5_key":"sapm.GenericTile{\"header\":\"Migration Service\"}"}]}
RESULT: undefined
COMMAND: POST /session/9d48326ae870b5d3a573a2f725ac1bbc/element - {"using":"xpath","value":"//*[@id=\"__tile25\"]"}
RESULT: {"using":"xpath","value":"//*[@id=\"__tile25\"]"}
COMMAND: POST /session/9d48326ae870b5d3a573a2f725ac1bbc/element/f.0A588440BBC4B09490297E8A4E4C478B.d.7A4506E1069ACECF32AC84D5E8151CC3.e.78/click - {}
RESULT: {}
COMMAND: GET /session/9d48326ae870b5d3a573a2f725ac1bbc/screenshot - {}
RESULT: {}
RESULT: undefined
RESULT: undefined
COMMAND: POST /session/9d48326ae870b5d3a573a2f725ac1bbc/elements - {"using":"xpath","value":"//span[text()='Error']"}
RESULT: {"using":"xpath","value":"//span[text()='Error']"}
COMMAND: POST /session/9d48326ae870b5d3a573a2f725ac1bbc/execute/async - {"script":"<script> [1562 bytes]","args":[{"selector":{"controlType":"sap.m.GenericTile","viewName":"bbs.dxcw.migration.view.Home","i18NText":{"propertyName":"header","key":"migrationService"}},"wdio_ui5_key":"bbsdxcw.migration.view.Homesap.m.GenericTile{\"propertyName\":\"header\",\"key\":\"migrationService\"}"}]}
RESULT: {"script":"<script> [1562 bytes]","args":[{"selector":{"controlType":"sap.m.GenericTile","viewName":"bbs.dxcw.migration.view.Home","i18NText":{"propertyName":"header","key":"migrationService"}},"wdio_ui5_key":"bbsdxcw.migration.view.Homesap.m.GenericTile{\"propertyName\":\"header\",\"key\":\"migrationService\"}"}]}
RESULT: undefined
COMMAND: POST /session/9d48326ae870b5d3a573a2f725ac1bbc/element - {"using":"xpath","value":"//*[@id=\"__tile26\"]"}
RESULT: {"using":"xpath","value":"//*[@id=\"__tile26\"]"}
COMMAND: POST /session/9d48326ae870b5d3a573a2f725ac1bbc/element/f.0A588440BBC4B09490297E8A4E4C478B.d.7A4506E1069ACECF32AC84D5E8151CC3.e.124/click - {}
RESULT: {}
COMMAND: GET /session/9d48326ae870b5d3a573a2f725ac1bbc/screenshot - {}
RESULT: {}
COMMAND: POST /session/9d48326ae870b5d3a573a2f725ac1bbc/element - {"using":"xpath","value":"//bdi[contains(text(), \"Create new Draft\")]"}
RESULT: {"using":"xpath","value":"//bdi[contains(text(), \"Create new Draft\")]"}
COMMAND: POST /session/9d48326ae870b5d3a573a2f725ac1bbc/elements - {"using":"xpath","value":"//bdi[contains(text(), \"Create new Draft\")]"}
RESULT: {"using":"xpath","value":"//bdi[contains(text(), \"Create new Draft\")]"}
COMMAND: POST /session/9d48326ae870b5d3a573a2f725ac1bbc/execute/sync - {"script":"<script> [8489 bytes]","args":[{"element-6066-11e4-a52e-4f735466cecf":"f.0A588440BBC4B09490297E8A4E4C478B.d.7A4506E1069ACECF32AC84D5E8151CC3.e.144","ELEMENT":"f.0A588440BBC4B09490297E8A4E4C478B.d.7A4506E1069ACECF32AC84D5E8151CC3.e.144"}]}
RESULT: {"script":"<script> [8489 bytes]","args":[{"element-6066-11e4-a52e-4f735466cecf":"f.0A588440BBC4B09490297E8A4E4C478B.d.7A4506E1069ACECF32AC84D5E8151CC3.e.144","ELEMENT":"f.0A588440BBC4B09490297E8A4E4C478B.d.7A4506E1069ACECF32AC84D5E8151CC3.e.144"}]}
COMMAND: GET /session/9d48326ae870b5d3a573a2f725ac1bbc/element/f.0A588440BBC4B09490297E8A4E4C478B.d.7A4506E1069ACECF32AC84D5E8151CC3.e.144/enabled - {}
COMMAND: GET /session/9d48326ae870b5d3a573a2f725ac1bbc/screenshot - {}
RESULT: {}
COMMAND: POST /session/9d48326ae870b5d3a573a2f725ac1bbc/execute/sync - {"script":"<script> [8489 bytes]","args":[{"element-6066-11e4-a52e-4f735466cecf":"f.0A588440BBC4B09490297E8A4E4C478B.d.7A4506E1069ACECF32AC84D5E8151CC3.e.144","ELEMENT":"f.0A588440BBC4B09490297E8A4E4C478B.d.7A4506E1069ACECF32AC84D5E8151CC3.e.144"}]}
COMMAND: GET /session/9d48326ae870b5d3a573a2f725ac1bbc/screenshot - {}
RESULT: {}
RESULT: {"script":"<script> [8489 bytes]","args":[{"element-6066-11e4-a52e-4f735466cecf":"f.0A588440BBC4B09490297E8A4E4C478B.d.7A4506E1069ACECF32AC84D5E8151CC3.e.144","ELEMENT":"f.0A588440BBC4B09490297E8A4E4C478B.d.7A4506E1069ACECF32AC84D5E8151CC3.e.144"}]}
COMMAND: POST /session/9d48326ae870b5d3a573a2f725ac1bbc/execute/sync - {"script":"<script> [5351 bytes]","args":[{"element-6066-11e4-a52e-4f735466cecf":"f.0A588440BBC4B09490297E8A4E4C478B.d.7A4506E1069ACECF32AC84D5E8151CC3.e.144","ELEMENT":"f.0A588440BBC4B09490297E8A4E4C478B.d.7A4506E1069ACECF32AC84D5E8151CC3.e.144"}]}
COMMAND: GET /session/9d48326ae870b5d3a573a2f725ac1bbc/screenshot - {}
RESULT: {}
RESULT: {"script":"<script> [5351 bytes]","args":[{"element-6066-11e4-a52e-4f735466cecf":"f.0A588440BBC4B09490297E8A4E4C478B.d.7A4506E1069ACECF32AC84D5E8151CC3.e.144","ELEMENT":"f.0A588440BBC4B09490297E8A4E4C478B.d.7A4506E1069ACECF32AC84D5E8151CC3.e.144"}]}
COMMAND: GET /session/9d48326ae870b5d3a573a2f725ac1bbc/screenshot - {}
RESULT: {}
RESULT: {}
COMMAND: POST /session/9d48326ae870b5d3a573a2f725ac1bbc/element - {"using":"xpath","value":"//bdi[contains(text(), \"Create new Draft\")]"}
RESULT: {"using":"xpath","value":"//bdi[contains(text(), \"Create new Draft\")]"}
COMMAND: POST /session/9d48326ae870b5d3a573a2f725ac1bbc/element/f.0A588440BBC4B09490297E8A4E4C478B.d.7A4506E1069ACECF32AC84D5E8151CC3.e.144/click - {}
RESULT: {}
COMMAND: GET /session/9d48326ae870b5d3a573a2f725ac1bbc/screenshot - {}
RESULT: {}
COMMAND: POST /session/9d48326ae870b5d3a573a2f725ac1bbc/element - {"using":"xpath","value":"//li[.//div[text()=\"Address\"]]"}
RESULT: {"using":"xpath","value":"//li[.//div[text()=\"Address\"]]"}
COMMAND: POST /session/9d48326ae870b5d3a573a2f725ac1bbc/element/f.0A588440BBC4B09490297E8A4E4C478B.d.7A4506E1069ACECF32AC84D5E8151CC3.e.291/click - {}
RESULT: {}
COMMAND: GET /session/9d48326ae870b5d3a573a2f725ac1bbc/screenshot - {}
COMMAND: POST /session/9d48326ae870b5d3a573a2f725ac1bbc/file - {"file":"[base64] 7080 bytes"}
RESULT: {}
RESULT: {"file":"[base64] 7080 bytes"}
COMMAND: POST /session/9d48326ae870b5d3a573a2f725ac1bbc/element - {"using":"xpath","value":"//input[(@type=\"file\") and contains(@id,\"BOList-10-0-1-uploader-fu\")]"}
RESULT: {"using":"xpath","value":"//input[(@type=\"file\") and contains(@id,\"BOList-10-0-1-uploader-fu\")]"}
COMMAND: POST /session/9d48326ae870b5d3a573a2f725ac1bbc/element/f.0A588440BBC4B09490297E8A4E4C478B.d.7A4506E1069ACECF32AC84D5E8151CC3.e.293/clear - {}
RESULT: {}
COMMAND: POST /session/9d48326ae870b5d3a573a2f725ac1bbc/element/f.0A588440BBC4B09490297E8A4E4C478B.d.7A4506E1069ACECF32AC84D5E8151CC3.e.293/value - {"text":"C:\\Windows\\SystemTemp\\scoped_dir3260_286792000\\upload3260_2017817398\\Address.xlsx"}
COMMAND: GET /session/9d48326ae870b5d3a573a2f725ac1bbc/screenshot - {}
RESULT: {"text":"C:\\Windows\\SystemTemp\\scoped_dir3260_286792000\\upload3260_2017817398\\Address.xlsx"}
COMMAND: GET /session/9d48326ae870b5d3a573a2f725ac1bbc/screenshot - {}
RESULT: {}
RESULT: {}
COMMAND: POST /session/9d48326ae870b5d3a573a2f725ac1bbc/element - {"using":"xpath","value":"//bdi[contains(text(), \"Match by name\")]"}
RESULT: {"using":"xpath","value":"//bdi[contains(text(), \"Match by name\")]"}
COMMAND: POST /session/9d48326ae870b5d3a573a2f725ac1bbc/element/f.0A588440BBC4B09490297E8A4E4C478B.d.7A4506E1069ACECF32AC84D5E8151CC3.e.307/click - {}
RESULT: {}
COMMAND: GET /session/9d48326ae870b5d3a573a2f725ac1bbc/screenshot - {}
RESULT: {}
COMMAND: POST /session/9d48326ae870b5d3a573a2f725ac1bbc/element - {"using":"xpath","value":"//bdi[text() = \"OK\"]"}
RESULT: {"using":"xpath","value":"//bdi[text() = \"OK\"]"}
COMMAND: POST /session/9d48326ae870b5d3a573a2f725ac1bbc/element/f.0A588440BBC4B09490297E8A4E4C478B.d.7A4506E1069ACECF32AC84D5E8151CC3.e.308/click - {}
RESULT: {}
COMMAND: GET /session/9d48326ae870b5d3a573a2f725ac1bbc/screenshot - {}
RESULT: {}
COMMAND: POST /session/9d48326ae870b5d3a573a2f725ac1bbc/element - {"using":"xpath","value":"//button[contains(@id,\"uploadBtn\")]"}
RESULT: {"using":"xpath","value":"//button[contains(@id,\"uploadBtn\")]"}
COMMAND: POST /session/9d48326ae870b5d3a573a2f725ac1bbc/element/f.0A588440BBC4B09490297E8A4E4C478B.d.7A4506E1069ACECF32AC84D5E8151CC3.e.189/click - {}
RESULT: {}
COMMAND: GET /session/9d48326ae870b5d3a573a2f725ac1bbc/screenshot - {}
RESULT: {}
COMMAND: POST /session/9d48326ae870b5d3a573a2f725ac1bbc/element - {"using":"xpath","value":"//button[.//bdi[contains(text(),\"Refresh Logs\")]]"}
RESULT: {"using":"xpath","value":"//button[.//bdi[contains(text(),\"Refresh Logs\")]]"}
COMMAND: POST /session/9d48326ae870b5d3a573a2f725ac1bbc/element/f.0A588440BBC4B09490297E8A4E4C478B.d.7A4506E1069ACECF32AC84D5E8151CC3.e.316/click - {}
RESULT: {}
COMMAND: GET /session/9d48326ae870b5d3a573a2f725ac1bbc/screenshot - {}
RESULT: {}
COMMAND: POST /session/9d48326ae870b5d3a573a2f725ac1bbc/element - {"using":"xpath","value":"//table[contains(@id,\"customHandoversTable-listUl\")]/tbody/tr[1]/td[4]/span"}
RESULT: {"using":"xpath","value":"//table[contains(@id,\"customHandoversTable-listUl\")]/tbody/tr[1]/td[4]/span"}
COMMAND: POST /session/9d48326ae870b5d3a573a2f725ac1bbc/execute/sync - {"script":"<script> [56 bytes]","args":[{"element-6066-11e4-a52e-4f735466cecf":"f.0A588440BBC4B09490297E8A4E4C478B.d.7A4506E1069ACECF32AC84D5E8151CC3.e.603","ELEMENT":"f.0A588440BBC4B09490297E8A4E4C478B.d.7A4506E1069ACECF32AC84D5E8151CC3.e.603"}]}
RESULT: {"script":"<script> [56 bytes]","args":[{"element-6066-11e4-a52e-4f735466cecf":"f.0A588440BBC4B09490297E8A4E4C478B.d.7A4506E1069ACECF32AC84D5E8151CC3.e.603","ELEMENT":"f.0A588440BBC4B09490297E8A4E4C478B.d.7A4506E1069ACECF32AC84D5E8151CC3.e.603"}]}
COMMAND: POST /session/9d48326ae870b5d3a573a2f725ac1bbc/element - {"using":"xpath","value":"//table[contains(@id,\"customHandoversTable-listUl\")]/tbody/tr[1]/td[7]/div/span[2]"}
COMMAND: GET /session/9d48326ae870b5d3a573a2f725ac1bbc/screenshot - {}
RESULT: {"using":"xpath","value":"//table[contains(@id,\"customHandoversTable-listUl\")]/tbody/tr[1]/td[7]/div/span[2]"}
COMMAND: POST /session/9d48326ae870b5d3a573a2f725ac1bbc/execute/sync - {"script":"<script> [56 bytes]","args":[{"element-6066-11e4-a52e-4f735466cecf":"f.0A588440BBC4B09490297E8A4E4C478B.d.7A4506E1069ACECF32AC84D5E8151CC3.e.604","ELEMENT":"f.0A588440BBC4B09490297E8A4E4C478B.d.7A4506E1069ACECF32AC84D5E8151CC3.e.604"}]}
RESULT: {}
RESULT: {"script":"<script> [56 bytes]","args":[{"element-6066-11e4-a52e-4f735466cecf":"f.0A588440BBC4B09490297E8A4E4C478B.d.7A4506E1069ACECF32AC84D5E8151CC3.e.604","ELEMENT":"f.0A588440BBC4B09490297E8A4E4C478B.d.7A4506E1069ACECF32AC84D5E8151CC3.e.604"}]}
COMMAND: POST /session/9d48326ae870b5d3a573a2f725ac1bbc/element - {"using":"xpath","value":"//table[contains(@id,\"customHandoversTable-listUl\")]/tbody/tr[1]/td[8]/div/span[2]"}
COMMAND: GET /session/9d48326ae870b5d3a573a2f725ac1bbc/screenshot - {}
RESULT: {"using":"xpath","value":"//table[contains(@id,\"customHandoversTable-listUl\")]/tbody/tr[1]/td[8]/div/span[2]"}
COMMAND: POST /session/9d48326ae870b5d3a573a2f725ac1bbc/execute/sync - {"script":"<script> [56 bytes]","args":[{"element-6066-11e4-a52e-4f735466cecf":"f.0A588440BBC4B09490297E8A4E4C478B.d.7A4506E1069ACECF32AC84D5E8151CC3.e.607","ELEMENT":"f.0A588440BBC4B09490297E8A4E4C478B.d.7A4506E1069ACECF32AC84D5E8151CC3.e.607"}]}
RESULT: {}
RESULT: {"script":"<script> [56 bytes]","args":[{"element-6066-11e4-a52e-4f735466cecf":"f.0A588440BBC4B09490297E8A4E4C478B.d.7A4506E1069ACECF32AC84D5E8151CC3.e.607","ELEMENT":"f.0A588440BBC4B09490297E8A4E4C478B.d.7A4506E1069ACECF32AC84D5E8151CC3.e.607"}]}
COMMAND: GET /session/9d48326ae870b5d3a573a2f725ac1bbc/screenshot - {}
RESULT: {}
COMMAND: POST /session/9d48326ae870b5d3a573a2f725ac1bbc/execute/async - {"script":"<script> [1562 bytes]","args":[{"selector":{"controlType":"sap.ui.core.Icon","viewName":"bbs.dxcw.migration.view.migration.MigrationMaster","properties":{"src":{"regex":{"source":"notes"}}}},"wdio_ui5_key":"bbsdxcw.migration.view.migration.MigrationMastersap.ui.core.Icon{\"src\":{\"regex\":{\"source\":\"notes\"}}}"}]}
RESULT: {"script":"<script> [1562 bytes]","args":[{"selector":{"controlType":"sap.ui.core.Icon","viewName":"bbs.dxcw.migration.view.migration.MigrationMaster","properties":{"src":{"regex":{"source":"notes"}}}},"wdio_ui5_key":"bbsdxcw.migration.view.migration.MigrationMastersap.ui.core.Icon{\"src\":{\"regex\":{\"source\":\"notes\"}}}"}]}
RESULT: undefined
COMMAND: POST /session/9d48326ae870b5d3a573a2f725ac1bbc/element - {"using":"xpath","value":"//*[@id=\"__filter0-icon\"]"}
RESULT: {"using":"xpath","value":"//*[@id=\"__filter0-icon\"]"}
COMMAND: POST /session/9d48326ae870b5d3a573a2f725ac1bbc/element/f.0A588440BBC4B09490297E8A4E4C478B.d.7A4506E1069ACECF32AC84D5E8151CC3.e.608/click - {}
RESULT: {}
COMMAND: GET /session/9d48326ae870b5d3a573a2f725ac1bbc/screenshot - {}
RESULT: {}
]]></system-out>
    </testcase>
    <testcase classname="chrome.136_0_7103_93.windows.Tests_for_DXCW_CAE_environment,_including_specific_login_to_the_system_US" name="Should upload yard file entry used for later tests as master data US156291" time="47.898">
      <system-out><![CDATA[
COMMAND: POST /session/9d48326ae870b5d3a573a2f725ac1bbc/element - {"using":"xpath","value":"//bdi[contains(text(), \"Create new Draft\")]"}
RESULT: {"using":"xpath","value":"//bdi[contains(text(), \"Create new Draft\")]"}
COMMAND: POST /session/9d48326ae870b5d3a573a2f725ac1bbc/element/f.0A588440BBC4B09490297E8A4E4C478B.d.7A4506E1069ACECF32AC84D5E8151CC3.e.612/click - {}
RESULT: {}
COMMAND: GET /session/9d48326ae870b5d3a573a2f725ac1bbc/screenshot - {}
RESULT: {}
COMMAND: POST /session/9d48326ae870b5d3a573a2f725ac1bbc/element - {"using":"xpath","value":"//li[.//div[text()=\"Yards\"]]"}
RESULT: {"using":"xpath","value":"//li[.//div[text()=\"Yards\"]]"}
COMMAND: POST /session/9d48326ae870b5d3a573a2f725ac1bbc/element/f.0A588440BBC4B09490297E8A4E4C478B.d.7A4506E1069ACECF32AC84D5E8151CC3.e.731/click - {}
RESULT: {}
COMMAND: GET /session/9d48326ae870b5d3a573a2f725ac1bbc/screenshot - {}
COMMAND: POST /session/9d48326ae870b5d3a573a2f725ac1bbc/file - {"file":"[base64] 6816 bytes"}
RESULT: {}
RESULT: {"file":"[base64] 6816 bytes"}
COMMAND: POST /session/9d48326ae870b5d3a573a2f725ac1bbc/element - {"using":"xpath","value":"//input[(@type=\"file\") and contains(@id,\"BOList-15-0-1-uploader-fu\")]"}
RESULT: {"using":"xpath","value":"//input[(@type=\"file\") and contains(@id,\"BOList-15-0-1-uploader-fu\")]"}
COMMAND: POST /session/9d48326ae870b5d3a573a2f725ac1bbc/element/f.0A588440BBC4B09490297E8A4E4C478B.d.7A4506E1069ACECF32AC84D5E8151CC3.e.734/clear - {}
RESULT: {}
COMMAND: POST /session/9d48326ae870b5d3a573a2f725ac1bbc/element/f.0A588440BBC4B09490297E8A4E4C478B.d.7A4506E1069ACECF32AC84D5E8151CC3.e.734/value - {"text":"C:\\Windows\\SystemTemp\\scoped_dir3260_286792000\\upload3260_1756660410\\Yards.xlsx"}
COMMAND: GET /session/9d48326ae870b5d3a573a2f725ac1bbc/screenshot - {}
RESULT: {"text":"C:\\Windows\\SystemTemp\\scoped_dir3260_286792000\\upload3260_1756660410\\Yards.xlsx"}
COMMAND: GET /session/9d48326ae870b5d3a573a2f725ac1bbc/screenshot - {}
RESULT: {}
RESULT: {}
COMMAND: POST /session/9d48326ae870b5d3a573a2f725ac1bbc/element - {"using":"xpath","value":"//bdi[contains(text(), \"Match by name\")]"}
RESULT: {"using":"xpath","value":"//bdi[contains(text(), \"Match by name\")]"}
COMMAND: POST /session/9d48326ae870b5d3a573a2f725ac1bbc/element/f.0A588440BBC4B09490297E8A4E4C478B.d.7A4506E1069ACECF32AC84D5E8151CC3.e.742/click - {}
RESULT: {}
COMMAND: GET /session/9d48326ae870b5d3a573a2f725ac1bbc/screenshot - {}
RESULT: {}
COMMAND: POST /session/9d48326ae870b5d3a573a2f725ac1bbc/element - {"using":"xpath","value":"//bdi[text() = \"OK\"]"}
RESULT: {"using":"xpath","value":"//bdi[text() = \"OK\"]"}
COMMAND: POST /session/9d48326ae870b5d3a573a2f725ac1bbc/element/f.0A588440BBC4B09490297E8A4E4C478B.d.7A4506E1069ACECF32AC84D5E8151CC3.e.743/click - {}
RESULT: {}
COMMAND: GET /session/9d48326ae870b5d3a573a2f725ac1bbc/screenshot - {}
RESULT: {}
COMMAND: POST /session/9d48326ae870b5d3a573a2f725ac1bbc/element - {"using":"xpath","value":"//button[contains(@id,\"uploadBtn\")]"}
RESULT: {"using":"xpath","value":"//button[contains(@id,\"uploadBtn\")]"}
COMMAND: POST /session/9d48326ae870b5d3a573a2f725ac1bbc/element/f.0A588440BBC4B09490297E8A4E4C478B.d.7A4506E1069ACECF32AC84D5E8151CC3.e.189/click - {}
RESULT: {}
COMMAND: GET /session/9d48326ae870b5d3a573a2f725ac1bbc/screenshot - {}
RESULT: {}
COMMAND: POST /session/9d48326ae870b5d3a573a2f725ac1bbc/element - {"using":"xpath","value":"//button[.//bdi[contains(text(),\"Refresh Logs\")]]"}
RESULT: {"using":"xpath","value":"//button[.//bdi[contains(text(),\"Refresh Logs\")]]"}
COMMAND: POST /session/9d48326ae870b5d3a573a2f725ac1bbc/element/f.0A588440BBC4B09490297E8A4E4C478B.d.7A4506E1069ACECF32AC84D5E8151CC3.e.750/click - {}
RESULT: {}
COMMAND: GET /session/9d48326ae870b5d3a573a2f725ac1bbc/screenshot - {}
RESULT: {}
COMMAND: POST /session/9d48326ae870b5d3a573a2f725ac1bbc/element - {"using":"xpath","value":"//table[contains(@id,\"customHandoversTable-listUl\")]/tbody/tr[1]/td[4]/span"}
RESULT: {"using":"xpath","value":"//table[contains(@id,\"customHandoversTable-listUl\")]/tbody/tr[1]/td[4]/span"}
COMMAND: POST /session/9d48326ae870b5d3a573a2f725ac1bbc/execute/sync - {"script":"<script> [56 bytes]","args":[{"element-6066-11e4-a52e-4f735466cecf":"f.0A588440BBC4B09490297E8A4E4C478B.d.7A4506E1069ACECF32AC84D5E8151CC3.e.1033","ELEMENT":"f.0A588440BBC4B09490297E8A4E4C478B.d.7A4506E1069ACECF32AC84D5E8151CC3.e.1033"}]}
RESULT: {"script":"<script> [56 bytes]","args":[{"element-6066-11e4-a52e-4f735466cecf":"f.0A588440BBC4B09490297E8A4E4C478B.d.7A4506E1069ACECF32AC84D5E8151CC3.e.1033","ELEMENT":"f.0A588440BBC4B09490297E8A4E4C478B.d.7A4506E1069ACECF32AC84D5E8151CC3.e.1033"}]}
COMMAND: POST /session/9d48326ae870b5d3a573a2f725ac1bbc/element - {"using":"xpath","value":"//table[contains(@id,\"customHandoversTable-listUl\")]/tbody/tr[1]/td[7]/div/span[2]"}
COMMAND: GET /session/9d48326ae870b5d3a573a2f725ac1bbc/screenshot - {}
RESULT: {"using":"xpath","value":"//table[contains(@id,\"customHandoversTable-listUl\")]/tbody/tr[1]/td[7]/div/span[2]"}
COMMAND: POST /session/9d48326ae870b5d3a573a2f725ac1bbc/execute/sync - {"script":"<script> [56 bytes]","args":[{"element-6066-11e4-a52e-4f735466cecf":"f.0A588440BBC4B09490297E8A4E4C478B.d.7A4506E1069ACECF32AC84D5E8151CC3.e.1034","ELEMENT":"f.0A588440BBC4B09490297E8A4E4C478B.d.7A4506E1069ACECF32AC84D5E8151CC3.e.1034"}]}
RESULT: {}
RESULT: {"script":"<script> [56 bytes]","args":[{"element-6066-11e4-a52e-4f735466cecf":"f.0A588440BBC4B09490297E8A4E4C478B.d.7A4506E1069ACECF32AC84D5E8151CC3.e.1034","ELEMENT":"f.0A588440BBC4B09490297E8A4E4C478B.d.7A4506E1069ACECF32AC84D5E8151CC3.e.1034"}]}
COMMAND: POST /session/9d48326ae870b5d3a573a2f725ac1bbc/element - {"using":"xpath","value":"//table[contains(@id,\"customHandoversTable-listUl\")]/tbody/tr[1]/td[8]/div/span[2]"}
COMMAND: GET /session/9d48326ae870b5d3a573a2f725ac1bbc/screenshot - {}
RESULT: {"using":"xpath","value":"//table[contains(@id,\"customHandoversTable-listUl\")]/tbody/tr[1]/td[8]/div/span[2]"}
COMMAND: POST /session/9d48326ae870b5d3a573a2f725ac1bbc/execute/sync - {"script":"<script> [56 bytes]","args":[{"element-6066-11e4-a52e-4f735466cecf":"f.0A588440BBC4B09490297E8A4E4C478B.d.7A4506E1069ACECF32AC84D5E8151CC3.e.1037","ELEMENT":"f.0A588440BBC4B09490297E8A4E4C478B.d.7A4506E1069ACECF32AC84D5E8151CC3.e.1037"}]}
RESULT: {}
RESULT: {"script":"<script> [56 bytes]","args":[{"element-6066-11e4-a52e-4f735466cecf":"f.0A588440BBC4B09490297E8A4E4C478B.d.7A4506E1069ACECF32AC84D5E8151CC3.e.1037","ELEMENT":"f.0A588440BBC4B09490297E8A4E4C478B.d.7A4506E1069ACECF32AC84D5E8151CC3.e.1037"}]}
COMMAND: GET /session/9d48326ae870b5d3a573a2f725ac1bbc/screenshot - {}
RESULT: {}
RESULT: undefined
COMMAND: POST /session/9d48326ae870b5d3a573a2f725ac1bbc/element - {"using":"xpath","value":"//*[@id=\"__filter0-icon\"]"}
RESULT: {"using":"xpath","value":"//*[@id=\"__filter0-icon\"]"}
COMMAND: POST /session/9d48326ae870b5d3a573a2f725ac1bbc/element/f.0A588440BBC4B09490297E8A4E4C478B.d.7A4506E1069ACECF32AC84D5E8151CC3.e.608/click - {}
RESULT: {}
COMMAND: GET /session/9d48326ae870b5d3a573a2f725ac1bbc/screenshot - {}
RESULT: {}
]]></system-out>
    </testcase>
    <testcase classname="chrome.136_0_7103_93.windows.Tests_for_DXCW_CAE_environment,_including_specific_login_to_the_system_US" name="Should upload compound partner files entry used for later tests as master data US156291" time="63.01">
      <system-out><![CDATA[
COMMAND: POST /session/9d48326ae870b5d3a573a2f725ac1bbc/element - {"using":"xpath","value":"//bdi[contains(text(), \"Create new Draft\")]"}
RESULT: {"using":"xpath","value":"//bdi[contains(text(), \"Create new Draft\")]"}
COMMAND: POST /session/9d48326ae870b5d3a573a2f725ac1bbc/element/f.0A588440BBC4B09490297E8A4E4C478B.d.7A4506E1069ACECF32AC84D5E8151CC3.e.1041/click - {}
RESULT: {}
COMMAND: GET /session/9d48326ae870b5d3a573a2f725ac1bbc/screenshot - {}
RESULT: {}
COMMAND: POST /session/9d48326ae870b5d3a573a2f725ac1bbc/element - {"using":"xpath","value":"//li[.//div[text()=\"Partners\"]]"}
RESULT: {"using":"xpath","value":"//li[.//div[text()=\"Partners\"]]"}
COMMAND: POST /session/9d48326ae870b5d3a573a2f725ac1bbc/element/f.0A588440BBC4B09490297E8A4E4C478B.d.7A4506E1069ACECF32AC84D5E8151CC3.e.1157/click - {}
RESULT: {}
COMMAND: GET /session/9d48326ae870b5d3a573a2f725ac1bbc/screenshot - {}
COMMAND: POST /session/9d48326ae870b5d3a573a2f725ac1bbc/file - {"file":"[base64] 6748 bytes"}
RESULT: {}
RESULT: {"file":"[base64] 6748 bytes"}
COMMAND: POST /session/9d48326ae870b5d3a573a2f725ac1bbc/element - {"using":"xpath","value":"//input[(@type=\"file\") and contains(@id,\"BOList-4-0-1-uploader-fu\")]"}
RESULT: {"using":"xpath","value":"//input[(@type=\"file\") and contains(@id,\"BOList-4-0-1-uploader-fu\")]"}
COMMAND: POST /session/9d48326ae870b5d3a573a2f725ac1bbc/element/f.0A588440BBC4B09490297E8A4E4C478B.d.7A4506E1069ACECF32AC84D5E8151CC3.e.1166/clear - {}
RESULT: {}
COMMAND: POST /session/9d48326ae870b5d3a573a2f725ac1bbc/element/f.0A588440BBC4B09490297E8A4E4C478B.d.7A4506E1069ACECF32AC84D5E8151CC3.e.1166/value - {"text":"C:\\Windows\\SystemTemp\\scoped_dir3260_286792000\\upload3260_1101631965\\Partners.xlsx"}
COMMAND: GET /session/9d48326ae870b5d3a573a2f725ac1bbc/screenshot - {}
RESULT: {"text":"C:\\Windows\\SystemTemp\\scoped_dir3260_286792000\\upload3260_1101631965\\Partners.xlsx"}
COMMAND: GET /session/9d48326ae870b5d3a573a2f725ac1bbc/screenshot - {}
RESULT: {}
RESULT: {}
COMMAND: POST /session/9d48326ae870b5d3a573a2f725ac1bbc/element - {"using":"xpath","value":"//bdi[contains(text(), \"Match by name\")]"}
RESULT: {"using":"xpath","value":"//bdi[contains(text(), \"Match by name\")]"}
COMMAND: POST /session/9d48326ae870b5d3a573a2f725ac1bbc/element/f.0A588440BBC4B09490297E8A4E4C478B.d.7A4506E1069ACECF32AC84D5E8151CC3.e.1177/click - {}
RESULT: {}
COMMAND: GET /session/9d48326ae870b5d3a573a2f725ac1bbc/screenshot - {}
RESULT: {}
COMMAND: POST /session/9d48326ae870b5d3a573a2f725ac1bbc/element - {"using":"xpath","value":"//bdi[text() = \"OK\"]"}
RESULT: {"using":"xpath","value":"//bdi[text() = \"OK\"]"}
COMMAND: POST /session/9d48326ae870b5d3a573a2f725ac1bbc/element/f.0A588440BBC4B09490297E8A4E4C478B.d.7A4506E1069ACECF32AC84D5E8151CC3.e.1178/click - {}
RESULT: {}
COMMAND: GET /session/9d48326ae870b5d3a573a2f725ac1bbc/screenshot - {}
RESULT: {}
COMMAND: POST /session/9d48326ae870b5d3a573a2f725ac1bbc/file - {"file":"[base64] 6420 bytes"}
RESULT: {"file":"[base64] 6420 bytes"}
COMMAND: POST /session/9d48326ae870b5d3a573a2f725ac1bbc/element - {"using":"xpath","value":"//input[(@type=\"file\") and contains(@id,\"BOList-4-1-1-uploader-fu\")]"}
RESULT: {"using":"xpath","value":"//input[(@type=\"file\") and contains(@id,\"BOList-4-1-1-uploader-fu\")]"}
COMMAND: POST /session/9d48326ae870b5d3a573a2f725ac1bbc/element/f.0A588440BBC4B09490297E8A4E4C478B.d.7A4506E1069ACECF32AC84D5E8151CC3.e.1181/clear - {}
RESULT: {}
COMMAND: POST /session/9d48326ae870b5d3a573a2f725ac1bbc/element/f.0A588440BBC4B09490297E8A4E4C478B.d.7A4506E1069ACECF32AC84D5E8151CC3.e.1181/value - {"text":"C:\\Windows\\SystemTemp\\scoped_dir3260_286792000\\upload3260_69375844\\YardsPartners.xlsx"}
COMMAND: GET /session/9d48326ae870b5d3a573a2f725ac1bbc/screenshot - {}
RESULT: {"text":"C:\\Windows\\SystemTemp\\scoped_dir3260_286792000\\upload3260_69375844\\YardsPartners.xlsx"}
COMMAND: GET /session/9d48326ae870b5d3a573a2f725ac1bbc/screenshot - {}
RESULT: {}
RESULT: {}
COMMAND: POST /session/9d48326ae870b5d3a573a2f725ac1bbc/element - {"using":"xpath","value":"//bdi[contains(text(), \"Match by name\")]"}
RESULT: {"using":"xpath","value":"//bdi[contains(text(), \"Match by name\")]"}
COMMAND: POST /session/9d48326ae870b5d3a573a2f725ac1bbc/element/f.0A588440BBC4B09490297E8A4E4C478B.d.7A4506E1069ACECF32AC84D5E8151CC3.e.1189/click - {}
RESULT: {}
COMMAND: GET /session/9d48326ae870b5d3a573a2f725ac1bbc/screenshot - {}
RESULT: {}
COMMAND: POST /session/9d48326ae870b5d3a573a2f725ac1bbc/element - {"using":"xpath","value":"//bdi[text() = \"OK\"]"}
RESULT: {"using":"xpath","value":"//bdi[text() = \"OK\"]"}
COMMAND: POST /session/9d48326ae870b5d3a573a2f725ac1bbc/element/f.0A588440BBC4B09490297E8A4E4C478B.d.7A4506E1069ACECF32AC84D5E8151CC3.e.1191/click - {}
RESULT: {}
COMMAND: GET /session/9d48326ae870b5d3a573a2f725ac1bbc/screenshot - {}
RESULT: {}
COMMAND: POST /session/9d48326ae870b5d3a573a2f725ac1bbc/execute/async - {"script":"<script> [1562 bytes]","args":[{"selector":{"controlType":"sap.m.Switch","viewName":"bbs.dxcw.migration.view.migration.MigrationNewDraft","bindingPath":{"path":"","propertyPath":"/isComposition","modelName":"ContentModel"},"interaction":{"idSuffix":"textoff"}},"wdio_ui5_key":"bbsdxcw.migration.view.migration.MigrationNewDraftsap.m.Switch{\"path\":\"\",\"propertyPath\":\"/isComposition\",\"modelName\":\"ContentModel\"}"}]}
RESULT: {"script":"<script> [1562 bytes]","args":[{"selector":{"controlType":"sap.m.Switch","viewName":"bbs.dxcw.migration.view.migration.MigrationNewDraft","bindingPath":{"path":"","propertyPath":"/isComposition","modelName":"ContentModel"},"interaction":{"idSuffix":"textoff"}},"wdio_ui5_key":"bbsdxcw.migration.view.migration.MigrationNewDraftsap.m.Switch{\"path\":\"\",\"propertyPath\":\"/isComposition\",\"modelName\":\"ContentModel\"}"}]}
RESULT: undefined
COMMAND: POST /session/9d48326ae870b5d3a573a2f725ac1bbc/element - {"using":"xpath","value":"//*[@id=\"__switch0\"]"}
RESULT: {"using":"xpath","value":"//*[@id=\"__switch0\"]"}
COMMAND: POST /session/9d48326ae870b5d3a573a2f725ac1bbc/element/f.0A588440BBC4B09490297E8A4E4C478B.d.7A4506E1069ACECF32AC84D5E8151CC3.e.181/click - {}
RESULT: {}
COMMAND: POST /session/9d48326ae870b5d3a573a2f725ac1bbc/element - {"using":"xpath","value":"//button[contains(@id,\"uploadBtn\")]"}
COMMAND: GET /session/9d48326ae870b5d3a573a2f725ac1bbc/screenshot - {}
RESULT: {"using":"xpath","value":"//button[contains(@id,\"uploadBtn\")]"}
COMMAND: POST /session/9d48326ae870b5d3a573a2f725ac1bbc/element/f.0A588440BBC4B09490297E8A4E4C478B.d.7A4506E1069ACECF32AC84D5E8151CC3.e.189/click - {}
RESULT: {}
RESULT: {}
COMMAND: GET /session/9d48326ae870b5d3a573a2f725ac1bbc/screenshot - {}
RESULT: {}
COMMAND: POST /session/9d48326ae870b5d3a573a2f725ac1bbc/element - {"using":"xpath","value":"//button[.//bdi[contains(text(),\"Refresh Logs\")]]"}
RESULT: {"using":"xpath","value":"//button[.//bdi[contains(text(),\"Refresh Logs\")]]"}
COMMAND: POST /session/9d48326ae870b5d3a573a2f725ac1bbc/element/f.0A588440BBC4B09490297E8A4E4C478B.d.7A4506E1069ACECF32AC84D5E8151CC3.e.1201/click - {}
RESULT: {}
COMMAND: GET /session/9d48326ae870b5d3a573a2f725ac1bbc/screenshot - {}
RESULT: {}
COMMAND: POST /session/9d48326ae870b5d3a573a2f725ac1bbc/element - {"using":"xpath","value":"//table[contains(@id,\"customHandoversTable-listUl\")]/tbody/tr[1]/td[4]/span"}
RESULT: {"using":"xpath","value":"//table[contains(@id,\"customHandoversTable-listUl\")]/tbody/tr[1]/td[4]/span"}
COMMAND: POST /session/9d48326ae870b5d3a573a2f725ac1bbc/execute/sync - {"script":"<script> [56 bytes]","args":[{"element-6066-11e4-a52e-4f735466cecf":"f.0A588440BBC4B09490297E8A4E4C478B.d.7A4506E1069ACECF32AC84D5E8151CC3.e.1486","ELEMENT":"f.0A588440BBC4B09490297E8A4E4C478B.d.7A4506E1069ACECF32AC84D5E8151CC3.e.1486"}]}
RESULT: {"script":"<script> [56 bytes]","args":[{"element-6066-11e4-a52e-4f735466cecf":"f.0A588440BBC4B09490297E8A4E4C478B.d.7A4506E1069ACECF32AC84D5E8151CC3.e.1486","ELEMENT":"f.0A588440BBC4B09490297E8A4E4C478B.d.7A4506E1069ACECF32AC84D5E8151CC3.e.1486"}]}
COMMAND: POST /session/9d48326ae870b5d3a573a2f725ac1bbc/element - {"using":"xpath","value":"//table[contains(@id,\"customHandoversTable-listUl\")]/tbody/tr[1]/td[7]/div/span[2]"}
COMMAND: GET /session/9d48326ae870b5d3a573a2f725ac1bbc/screenshot - {}
RESULT: {"using":"xpath","value":"//table[contains(@id,\"customHandoversTable-listUl\")]/tbody/tr[1]/td[7]/div/span[2]"}
COMMAND: POST /session/9d48326ae870b5d3a573a2f725ac1bbc/execute/sync - {"script":"<script> [56 bytes]","args":[{"element-6066-11e4-a52e-4f735466cecf":"f.0A588440BBC4B09490297E8A4E4C478B.d.7A4506E1069ACECF32AC84D5E8151CC3.e.1487","ELEMENT":"f.0A588440BBC4B09490297E8A4E4C478B.d.7A4506E1069ACECF32AC84D5E8151CC3.e.1487"}]}
RESULT: {}
RESULT: {"script":"<script> [56 bytes]","args":[{"element-6066-11e4-a52e-4f735466cecf":"f.0A588440BBC4B09490297E8A4E4C478B.d.7A4506E1069ACECF32AC84D5E8151CC3.e.1487","ELEMENT":"f.0A588440BBC4B09490297E8A4E4C478B.d.7A4506E1069ACECF32AC84D5E8151CC3.e.1487"}]}
COMMAND: POST /session/9d48326ae870b5d3a573a2f725ac1bbc/element - {"using":"xpath","value":"//table[contains(@id,\"customHandoversTable-listUl\")]/tbody/tr[1]/td[8]/div/span[2]"}
COMMAND: GET /session/9d48326ae870b5d3a573a2f725ac1bbc/screenshot - {}
RESULT: {"using":"xpath","value":"//table[contains(@id,\"customHandoversTable-listUl\")]/tbody/tr[1]/td[8]/div/span[2]"}
COMMAND: POST /session/9d48326ae870b5d3a573a2f725ac1bbc/execute/sync - {"script":"<script> [56 bytes]","args":[{"element-6066-11e4-a52e-4f735466cecf":"f.0A588440BBC4B09490297E8A4E4C478B.d.7A4506E1069ACECF32AC84D5E8151CC3.e.1490","ELEMENT":"f.0A588440BBC4B09490297E8A4E4C478B.d.7A4506E1069ACECF32AC84D5E8151CC3.e.1490"}]}
RESULT: {}
RESULT: {"script":"<script> [56 bytes]","args":[{"element-6066-11e4-a52e-4f735466cecf":"f.0A588440BBC4B09490297E8A4E4C478B.d.7A4506E1069ACECF32AC84D5E8151CC3.e.1490","ELEMENT":"f.0A588440BBC4B09490297E8A4E4C478B.d.7A4506E1069ACECF32AC84D5E8151CC3.e.1490"}]}
COMMAND: GET /session/9d48326ae870b5d3a573a2f725ac1bbc/screenshot - {}
RESULT: {}
RESULT: undefined
COMMAND: POST /session/9d48326ae870b5d3a573a2f725ac1bbc/element - {"using":"xpath","value":"//*[@id=\"__filter0-icon\"]"}
RESULT: {"using":"xpath","value":"//*[@id=\"__filter0-icon\"]"}
COMMAND: POST /session/9d48326ae870b5d3a573a2f725ac1bbc/element/f.0A588440BBC4B09490297E8A4E4C478B.d.7A4506E1069ACECF32AC84D5E8151CC3.e.608/click - {}
RESULT: {}
COMMAND: GET /session/9d48326ae870b5d3a573a2f725ac1bbc/screenshot - {}
RESULT: {}
]]></system-out>
    </testcase>
    <testcase classname="chrome.136_0_7103_93.windows.Tests_for_DXCW_CAE_environment,_including_specific_login_to_the_system_US" name="Should upload site file entry used for later tests as master data US156291" time="55.047">
      <system-out><![CDATA[
COMMAND: POST /session/9d48326ae870b5d3a573a2f725ac1bbc/element - {"using":"xpath","value":"//bdi[contains(text(), \"Create new Draft\")]"}
RESULT: {"using":"xpath","value":"//bdi[contains(text(), \"Create new Draft\")]"}
COMMAND: POST /session/9d48326ae870b5d3a573a2f725ac1bbc/element/f.0A588440BBC4B09490297E8A4E4C478B.d.7A4506E1069ACECF32AC84D5E8151CC3.e.1494/click - {}
RESULT: {}
COMMAND: GET /session/9d48326ae870b5d3a573a2f725ac1bbc/screenshot - {}
RESULT: {}
COMMAND: POST /session/9d48326ae870b5d3a573a2f725ac1bbc/element - {"using":"xpath","value":"//li[.//div[text()=\"Sites\"]]"}
RESULT: {"using":"xpath","value":"//li[.//div[text()=\"Sites\"]]"}
COMMAND: POST /session/9d48326ae870b5d3a573a2f725ac1bbc/element/f.0A588440BBC4B09490297E8A4E4C478B.d.7A4506E1069ACECF32AC84D5E8151CC3.e.1162/click - {}
RESULT: {}
COMMAND: GET /session/9d48326ae870b5d3a573a2f725ac1bbc/screenshot - {}
COMMAND: POST /session/9d48326ae870b5d3a573a2f725ac1bbc/file - {"file":"[base64] 6440 bytes"}
RESULT: {}
RESULT: {"file":"[base64] 6440 bytes"}
COMMAND: POST /session/9d48326ae870b5d3a573a2f725ac1bbc/element - {"using":"xpath","value":"//input[(@type=\"file\") and contains(@id,\"BOList-9-0-1-uploader-fu\")]"}
RESULT: {"using":"xpath","value":"//input[(@type=\"file\") and contains(@id,\"BOList-9-0-1-uploader-fu\")]"}
COMMAND: POST /session/9d48326ae870b5d3a573a2f725ac1bbc/element/f.0A588440BBC4B09490297E8A4E4C478B.d.7A4506E1069ACECF32AC84D5E8151CC3.e.1611/clear - {}
RESULT: {}
COMMAND: POST /session/9d48326ae870b5d3a573a2f725ac1bbc/element/f.0A588440BBC4B09490297E8A4E4C478B.d.7A4506E1069ACECF32AC84D5E8151CC3.e.1611/value - {"text":"C:\\Windows\\SystemTemp\\scoped_dir3260_286792000\\upload3260_523813907\\Sites.xlsx"}
COMMAND: GET /session/9d48326ae870b5d3a573a2f725ac1bbc/screenshot - {}
RESULT: {"text":"C:\\Windows\\SystemTemp\\scoped_dir3260_286792000\\upload3260_523813907\\Sites.xlsx"}
COMMAND: GET /session/9d48326ae870b5d3a573a2f725ac1bbc/screenshot - {}
RESULT: {}
RESULT: {}
COMMAND: POST /session/9d48326ae870b5d3a573a2f725ac1bbc/element - {"using":"xpath","value":"//bdi[contains(text(), \"Match by name\")]"}
RESULT: {"using":"xpath","value":"//bdi[contains(text(), \"Match by name\")]"}
COMMAND: POST /session/9d48326ae870b5d3a573a2f725ac1bbc/element/f.0A588440BBC4B09490297E8A4E4C478B.d.7A4506E1069ACECF32AC84D5E8151CC3.e.1620/click - {}
RESULT: {}
COMMAND: GET /session/9d48326ae870b5d3a573a2f725ac1bbc/screenshot - {}
RESULT: {}
COMMAND: POST /session/9d48326ae870b5d3a573a2f725ac1bbc/element - {"using":"xpath","value":"//bdi[text() = \"OK\"]"}
RESULT: {"using":"xpath","value":"//bdi[text() = \"OK\"]"}
COMMAND: POST /session/9d48326ae870b5d3a573a2f725ac1bbc/element/f.0A588440BBC4B09490297E8A4E4C478B.d.7A4506E1069ACECF32AC84D5E8151CC3.e.1621/click - {}
RESULT: {}
COMMAND: GET /session/9d48326ae870b5d3a573a2f725ac1bbc/screenshot - {}
RESULT: {}
COMMAND: POST /session/9d48326ae870b5d3a573a2f725ac1bbc/element - {"using":"xpath","value":"//button[contains(@id,\"uploadBtn\")]"}
RESULT: {"using":"xpath","value":"//button[contains(@id,\"uploadBtn\")]"}
COMMAND: POST /session/9d48326ae870b5d3a573a2f725ac1bbc/element/f.0A588440BBC4B09490297E8A4E4C478B.d.7A4506E1069ACECF32AC84D5E8151CC3.e.189/click - {}
RESULT: {}
COMMAND: GET /session/9d48326ae870b5d3a573a2f725ac1bbc/screenshot - {}
RESULT: {}
COMMAND: POST /session/9d48326ae870b5d3a573a2f725ac1bbc/element - {"using":"xpath","value":"//button[.//bdi[contains(text(),\"Refresh Logs\")]]"}
RESULT: {"using":"xpath","value":"//button[.//bdi[contains(text(),\"Refresh Logs\")]]"}
COMMAND: POST /session/9d48326ae870b5d3a573a2f725ac1bbc/element/f.0A588440BBC4B09490297E8A4E4C478B.d.7A4506E1069ACECF32AC84D5E8151CC3.e.1628/click - {}
RESULT: {}
COMMAND: GET /session/9d48326ae870b5d3a573a2f725ac1bbc/screenshot - {}
RESULT: {}
COMMAND: POST /session/9d48326ae870b5d3a573a2f725ac1bbc/element - {"using":"xpath","value":"//table[contains(@id,\"customHandoversTable-listUl\")]/tbody/tr[1]/td[4]/span"}
RESULT: {"using":"xpath","value":"//table[contains(@id,\"customHandoversTable-listUl\")]/tbody/tr[1]/td[4]/span"}
COMMAND: POST /session/9d48326ae870b5d3a573a2f725ac1bbc/execute/sync - {"script":"<script> [56 bytes]","args":[{"element-6066-11e4-a52e-4f735466cecf":"f.0A588440BBC4B09490297E8A4E4C478B.d.7A4506E1069ACECF32AC84D5E8151CC3.e.1919","ELEMENT":"f.0A588440BBC4B09490297E8A4E4C478B.d.7A4506E1069ACECF32AC84D5E8151CC3.e.1919"}]}
RESULT: {"script":"<script> [56 bytes]","args":[{"element-6066-11e4-a52e-4f735466cecf":"f.0A588440BBC4B09490297E8A4E4C478B.d.7A4506E1069ACECF32AC84D5E8151CC3.e.1919","ELEMENT":"f.0A588440BBC4B09490297E8A4E4C478B.d.7A4506E1069ACECF32AC84D5E8151CC3.e.1919"}]}
COMMAND: POST /session/9d48326ae870b5d3a573a2f725ac1bbc/element - {"using":"xpath","value":"//table[contains(@id,\"customHandoversTable-listUl\")]/tbody/tr[1]/td[7]/div/span[2]"}
COMMAND: GET /session/9d48326ae870b5d3a573a2f725ac1bbc/screenshot - {}
RESULT: {"using":"xpath","value":"//table[contains(@id,\"customHandoversTable-listUl\")]/tbody/tr[1]/td[7]/div/span[2]"}
COMMAND: POST /session/9d48326ae870b5d3a573a2f725ac1bbc/execute/sync - {"script":"<script> [56 bytes]","args":[{"element-6066-11e4-a52e-4f735466cecf":"f.0A588440BBC4B09490297E8A4E4C478B.d.7A4506E1069ACECF32AC84D5E8151CC3.e.1920","ELEMENT":"f.0A588440BBC4B09490297E8A4E4C478B.d.7A4506E1069ACECF32AC84D5E8151CC3.e.1920"}]}
RESULT: {}
RESULT: {"script":"<script> [56 bytes]","args":[{"element-6066-11e4-a52e-4f735466cecf":"f.0A588440BBC4B09490297E8A4E4C478B.d.7A4506E1069ACECF32AC84D5E8151CC3.e.1920","ELEMENT":"f.0A588440BBC4B09490297E8A4E4C478B.d.7A4506E1069ACECF32AC84D5E8151CC3.e.1920"}]}
COMMAND: POST /session/9d48326ae870b5d3a573a2f725ac1bbc/element - {"using":"xpath","value":"//table[contains(@id,\"customHandoversTable-listUl\")]/tbody/tr[1]/td[8]/div/span[2]"}
COMMAND: GET /session/9d48326ae870b5d3a573a2f725ac1bbc/screenshot - {}
RESULT: {"using":"xpath","value":"//table[contains(@id,\"customHandoversTable-listUl\")]/tbody/tr[1]/td[8]/div/span[2]"}
COMMAND: POST /session/9d48326ae870b5d3a573a2f725ac1bbc/execute/sync - {"script":"<script> [56 bytes]","args":[{"element-6066-11e4-a52e-4f735466cecf":"f.0A588440BBC4B09490297E8A4E4C478B.d.7A4506E1069ACECF32AC84D5E8151CC3.e.1923","ELEMENT":"f.0A588440BBC4B09490297E8A4E4C478B.d.7A4506E1069ACECF32AC84D5E8151CC3.e.1923"}]}
RESULT: {}
RESULT: {"script":"<script> [56 bytes]","args":[{"element-6066-11e4-a52e-4f735466cecf":"f.0A588440BBC4B09490297E8A4E4C478B.d.7A4506E1069ACECF32AC84D5E8151CC3.e.1923","ELEMENT":"f.0A588440BBC4B09490297E8A4E4C478B.d.7A4506E1069ACECF32AC84D5E8151CC3.e.1923"}]}
COMMAND: GET /session/9d48326ae870b5d3a573a2f725ac1bbc/screenshot - {}
RESULT: {}
RESULT: undefined
COMMAND: POST /session/9d48326ae870b5d3a573a2f725ac1bbc/element - {"using":"xpath","value":"//*[@id=\"__filter0-icon\"]"}
RESULT: {"using":"xpath","value":"//*[@id=\"__filter0-icon\"]"}
COMMAND: POST /session/9d48326ae870b5d3a573a2f725ac1bbc/element/f.0A588440BBC4B09490297E8A4E4C478B.d.7A4506E1069ACECF32AC84D5E8151CC3.e.608/click - {}
RESULT: {}
COMMAND: GET /session/9d48326ae870b5d3a573a2f725ac1bbc/screenshot - {}
RESULT: {}
COMMAND: POST /session/9d48326ae870b5d3a573a2f725ac1bbc/element - {"using":"css selector","value":"#shell-header-logo"}
RESULT: {"using":"css selector","value":"#shell-header-logo"}
COMMAND: POST /session/9d48326ae870b5d3a573a2f725ac1bbc/element/f.0A588440BBC4B09490297E8A4E4C478B.d.7A4506E1069ACECF32AC84D5E8151CC3.e.121/click - {}
RESULT: {}
COMMAND: GET /session/9d48326ae870b5d3a573a2f725ac1bbc/screenshot - {}
RESULT: {}
COMMAND: POST /session/9d48326ae870b5d3a573a2f725ac1bbc/element - {"using":"css selector","value":"#j_username"}
COMMAND: POST /session/9d48326ae870b5d3a573a2f725ac1bbc/url - {"url":"https://qa-testing-00-live-etm-ui.cfapps.eu10-004.hana.ondemand.com/"}
RESULT: {"using":"css selector","value":"#j_username"}
COMMAND: POST /session/9d48326ae870b5d3a573a2f725ac1bbc/element - {"using":"css selector","value":"#j_username"}
RESULT: {"url":"https://qa-testing-00-live-etm-ui.cfapps.eu10-004.hana.ondemand.com/"}
RESULT: undefined
COMMAND: GET /session/9d48326ae870b5d3a573a2f725ac1bbc/screenshot - {}
RESULT: {"using":"css selector","value":"#j_username"}
COMMAND: POST /session/9d48326ae870b5d3a573a2f725ac1bbc/element - {"using":"css selector","value":"#shell-header-logo"}
RESULT: {}
RESULT: {"using":"css selector","value":"#shell-header-logo"}
COMMAND: POST /session/9d48326ae870b5d3a573a2f725ac1bbc/execute/sync - {"script":"<script> [8489 bytes]","args":[{"element-6066-11e4-a52e-4f735466cecf":"f.0A588440BBC4B09490297E8A4E4C478B.d.6AA10C17B5319125253688AAD554A6D7.e.1933","ELEMENT":"f.0A588440BBC4B09490297E8A4E4C478B.d.6AA10C17B5319125253688AAD554A6D7.e.1933"}]}
RESULT: {"script":"<script> [8489 bytes]","args":[{"element-6066-11e4-a52e-4f735466cecf":"f.0A588440BBC4B09490297E8A4E4C478B.d.6AA10C17B5319125253688AAD554A6D7.e.1933","ELEMENT":"f.0A588440BBC4B09490297E8A4E4C478B.d.6AA10C17B5319125253688AAD554A6D7.e.1933"}]}
COMMAND: POST /session/9d48326ae870b5d3a573a2f725ac1bbc/element - {"using":"css selector","value":"#shell-header-logo"}
COMMAND: GET /session/9d48326ae870b5d3a573a2f725ac1bbc/screenshot - {}
RESULT: {"using":"css selector","value":"#shell-header-logo"}
COMMAND: POST /session/9d48326ae870b5d3a573a2f725ac1bbc/execute/sync - {"script":"<script> [8489 bytes]","args":[{"element-6066-11e4-a52e-4f735466cecf":"f.0A588440BBC4B09490297E8A4E4C478B.d.6AA10C17B5319125253688AAD554A6D7.e.1933","ELEMENT":"f.0A588440BBC4B09490297E8A4E4C478B.d.6AA10C17B5319125253688AAD554A6D7.e.1933"}]}
RESULT: {}
RESULT: {"script":"<script> [8489 bytes]","args":[{"element-6066-11e4-a52e-4f735466cecf":"f.0A588440BBC4B09490297E8A4E4C478B.d.6AA10C17B5319125253688AAD554A6D7.e.1933","ELEMENT":"f.0A588440BBC4B09490297E8A4E4C478B.d.6AA10C17B5319125253688AAD554A6D7.e.1933"}]}
COMMAND: POST /session/9d48326ae870b5d3a573a2f725ac1bbc/execute/sync - {"script":"<script> [5351 bytes]","args":[{"element-6066-11e4-a52e-4f735466cecf":"f.0A588440BBC4B09490297E8A4E4C478B.d.6AA10C17B5319125253688AAD554A6D7.e.1933","ELEMENT":"f.0A588440BBC4B09490297E8A4E4C478B.d.6AA10C17B5319125253688AAD554A6D7.e.1933"}]}
COMMAND: GET /session/9d48326ae870b5d3a573a2f725ac1bbc/screenshot - {}
RESULT: {"script":"<script> [5351 bytes]","args":[{"element-6066-11e4-a52e-4f735466cecf":"f.0A588440BBC4B09490297E8A4E4C478B.d.6AA10C17B5319125253688AAD554A6D7.e.1933","ELEMENT":"f.0A588440BBC4B09490297E8A4E4C478B.d.6AA10C17B5319125253688AAD554A6D7.e.1933"}]}
COMMAND: POST /session/9d48326ae870b5d3a573a2f725ac1bbc/element - {"using":"css selector","value":"#shell-header-logo"}
COMMAND: GET /session/9d48326ae870b5d3a573a2f725ac1bbc/screenshot - {}
RESULT: {}
RESULT: {"using":"css selector","value":"#shell-header-logo"}
COMMAND: POST /session/9d48326ae870b5d3a573a2f725ac1bbc/element/f.0A588440BBC4B09490297E8A4E4C478B.d.6AA10C17B5319125253688AAD554A6D7.e.1933/click - {}
RESULT: {}
RESULT: {}
COMMAND: GET /session/9d48326ae870b5d3a573a2f725ac1bbc/screenshot - {}
RESULT: {}
COMMAND: POST /session/9d48326ae870b5d3a573a2f725ac1bbc/execute/async - {"script":"<script> [189 bytes]","args":[]}
RESULT: {"script":"<script> [189 bytes]","args":[]}
COMMAND: POST /session/9d48326ae870b5d3a573a2f725ac1bbc/execute/async - {"script":"<script> [123 bytes]","args":[]}
RESULT: {"script":"<script> [123 bytes]","args":[]}
COMMAND: POST /session/9d48326ae870b5d3a573a2f725ac1bbc/timeouts - {"script":"<number>"}
RESULT: {"script":"<number>"}
COMMAND: GET /session/9d48326ae870b5d3a573a2f725ac1bbc/timeouts - {}
RESULT: {}
RESULT: undefined
COMMAND: POST /session/9d48326ae870b5d3a573a2f725ac1bbc/execute/async - {"script":"<script> [2676 bytes]","args":[]}
RESULT: {"script":"<script> [2676 bytes]","args":[]}
COMMAND: POST /session/9d48326ae870b5d3a573a2f725ac1bbc/execute/async - {"script":"<script> [2342 bytes]","args":[{"protocol":"http","hostname":"0.0.0.0","path":"/","capabilities":{"browserName":"chrome","goog:chromeOptions":{"binary":"C:\\Program Files\\Google\\Chrome\\Application\\chrome.exe","args":["--start-maximized"]}},"logLevel":"warn","connectionRetryTimeout":120000,"connectionRetryCount":3,"logLevels":{},"enableDirectConnect":true,"strictSSL":true,"_":"65 more keys: [\"cacheDir\",\"port\",\"requestedCapabilities\",\"automationProtocol\",\"baseUrl\",\"waitforInterval\",\"waitforTimeout\",\"onReload\",\"beforeCommand\",\"afterCommand\",\"rootDir\",\"specs\",\"suites\",\"exclude\",\"groupLogsByTestSpec\",\"excludeDriverLogs\",\"bail\",\"framework\",\"reporters\",\"services\",\"maxInstances\",\"maxInstancesPerCapability\",\"injectGlobals\",\"filesToWatch\",\"execArgv\",\"runnerEnv\",\"runner\",\"shard\",\"specFileRetries\",\"specFileRetriesDelay\",\"specFileRetriesDeferred\",\"reporterSyncInterval\",\"reporterSyncTimeout\",\"cucumberFeaturesWithLineNumbers\",\"autoCompileOpts\",\"mochaOpts\",\"jasmineOpts\",\"cucumberOpts\",\"onPrepare\",\"onWorkerStart\",\"onWorkerEnd\",\"before\",\"beforeSession\",\"beforeSuite\",\"beforeHook\",\"beforeTest\",\"afterTest\",\"afterHook\",\"afterSuite\",\"afterSession\",\"after\",\"onComplete\",\"beforeAssertion\",\"afterAssertion\",\"beforeFeature\",\"beforeScenario\",\"beforeStep\",\"afterStep\",\"afterScenario\",\"afterFeature\",\"_\",\"suite\",\"$0\",\"ignoredWorkerServices\",\"wdi5\"]"}]}
RESULT: {"script":"<script> [2342 bytes]","args":[{"protocol":"http","hostname":"0.0.0.0","path":"/","capabilities":{"browserName":"chrome","goog:chromeOptions":{"binary":"C:\\Program Files\\Google\\Chrome\\Application\\chrome.exe","args":["--start-maximized"]}},"logLevel":"warn","connectionRetryTimeout":120000,"connectionRetryCount":3,"logLevels":{},"enableDirectConnect":true,"strictSSL":true,"_":"65 more keys: [\"cacheDir\",\"port\",\"requestedCapabilities\",\"automationProtocol\",\"baseUrl\",\"waitforInterval\",\"waitforTimeout\",\"onReload\",\"beforeCommand\",\"afterCommand\",\"rootDir\",\"specs\",\"suites\",\"exclude\",\"groupLogsByTestSpec\",\"excludeDriverLogs\",\"bail\",\"framework\",\"reporters\",\"services\",\"maxInstances\",\"maxInstancesPerCapability\",\"injectGlobals\",\"filesToWatch\",\"execArgv\",\"runnerEnv\",\"runner\",\"shard\",\"specFileRetries\",\"specFileRetriesDelay\",\"specFileRetriesDeferred\",\"reporterSyncInterval\",\"reporterSyncTimeout\",\"cucumberFeaturesWithLineNumbers\",\"autoCompileOpts\",\"mochaOpts\",\"jasmineOpts\",\"cucumberOpts\",\"onPrepare\",\"onWorkerStart\",\"onWorkerEnd\",\"before\",\"beforeSession\",\"beforeSuite\",\"beforeHook\",\"beforeTest\",\"afterTest\",\"afterHook\",\"afterSuite\",\"afterSession\",\"after\",\"onComplete\",\"beforeAssertion\",\"afterAssertion\",\"beforeFeature\",\"beforeScenario\",\"beforeStep\",\"afterStep\",\"afterScenario\",\"afterFeature\",\"_\",\"suite\",\"$0\",\"ignoredWorkerServices\",\"wdi5\"]"}]}
COMMAND: POST /session/9d48326ae870b5d3a573a2f725ac1bbc/execute/async - {"script":"<script> [21126 bytes]","args":[35000]}
RESULT: {"script":"<script> [21126 bytes]","args":[35000]}
COMMAND: POST /session/9d48326ae870b5d3a573a2f725ac1bbc/window/maximize - {}
RESULT: {}
COMMAND: POST /session/9d48326ae870b5d3a573a2f725ac1bbc/execute/async - {"script":"<script> [1562 bytes]","args":[{"selector":{"id":"shell-header","interaction":{"idSuffix":"icon"}},"wdio_ui5_key":"shellheader"}]}
COMMAND: GET /session/9d48326ae870b5d3a573a2f725ac1bbc/screenshot - {}
RESULT: {"script":"<script> [1562 bytes]","args":[{"selector":{"id":"shell-header","interaction":{"idSuffix":"icon"}},"wdio_ui5_key":"shellheader"}]}
RESULT: undefined
COMMAND: POST /session/9d48326ae870b5d3a573a2f725ac1bbc/refresh - {}
RESULT: {}
RESULT: {}
COMMAND: GET /session/9d48326ae870b5d3a573a2f725ac1bbc/screenshot - {}
RESULT: {}
COMMAND: POST /session/9d48326ae870b5d3a573a2f725ac1bbc/refresh - {}
RESULT: {}
COMMAND: GET /session/9d48326ae870b5d3a573a2f725ac1bbc/screenshot - {}
RESULT: {}
COMMAND: POST /session/9d48326ae870b5d3a573a2f725ac1bbc/window/fullscreen - {}
RESULT: {}
COMMAND: POST /session/9d48326ae870b5d3a573a2f725ac1bbc/execute/async - {"script":"<script> [189 bytes]","args":[]}
RESULT: {"script":"<script> [189 bytes]","args":[]}
COMMAND: POST /session/9d48326ae870b5d3a573a2f725ac1bbc/execute/async - {"script":"<script> [123 bytes]","args":[]}
RESULT: {"script":"<script> [123 bytes]","args":[]}
COMMAND: POST /session/9d48326ae870b5d3a573a2f725ac1bbc/timeouts - {"script":"<number>"}
RESULT: {"script":"<number>"}
COMMAND: GET /session/9d48326ae870b5d3a573a2f725ac1bbc/timeouts - {}
RESULT: {}
RESULT: undefined
COMMAND: POST /session/9d48326ae870b5d3a573a2f725ac1bbc/execute/async - {"script":"<script> [2676 bytes]","args":[]}
RESULT: {"script":"<script> [2676 bytes]","args":[]}
COMMAND: POST /session/9d48326ae870b5d3a573a2f725ac1bbc/execute/async - {"script":"<script> [2342 bytes]","args":[{"protocol":"http","hostname":"0.0.0.0","path":"/","capabilities":{"browserName":"chrome","goog:chromeOptions":{"binary":"C:\\Program Files\\Google\\Chrome\\Application\\chrome.exe","args":["--start-maximized"]}},"logLevel":"warn","connectionRetryTimeout":120000,"connectionRetryCount":3,"logLevels":{},"enableDirectConnect":true,"strictSSL":true,"_":"65 more keys: [\"cacheDir\",\"port\",\"requestedCapabilities\",\"automationProtocol\",\"baseUrl\",\"waitforInterval\",\"waitforTimeout\",\"onReload\",\"beforeCommand\",\"afterCommand\",\"rootDir\",\"specs\",\"suites\",\"exclude\",\"groupLogsByTestSpec\",\"excludeDriverLogs\",\"bail\",\"framework\",\"reporters\",\"services\",\"maxInstances\",\"maxInstancesPerCapability\",\"injectGlobals\",\"filesToWatch\",\"execArgv\",\"runnerEnv\",\"runner\",\"shard\",\"specFileRetries\",\"specFileRetriesDelay\",\"specFileRetriesDeferred\",\"reporterSyncInterval\",\"reporterSyncTimeout\",\"cucumberFeaturesWithLineNumbers\",\"autoCompileOpts\",\"mochaOpts\",\"jasmineOpts\",\"cucumberOpts\",\"onPrepare\",\"onWorkerStart\",\"onWorkerEnd\",\"before\",\"beforeSession\",\"beforeSuite\",\"beforeHook\",\"beforeTest\",\"afterTest\",\"afterHook\",\"afterSuite\",\"afterSession\",\"after\",\"onComplete\",\"beforeAssertion\",\"afterAssertion\",\"beforeFeature\",\"beforeScenario\",\"beforeStep\",\"afterStep\",\"afterScenario\",\"afterFeature\",\"_\",\"suite\",\"$0\",\"ignoredWorkerServices\",\"wdi5\"]"}]}
RESULT: {"script":"<script> [2342 bytes]","args":[{"protocol":"http","hostname":"0.0.0.0","path":"/","capabilities":{"browserName":"chrome","goog:chromeOptions":{"binary":"C:\\Program Files\\Google\\Chrome\\Application\\chrome.exe","args":["--start-maximized"]}},"logLevel":"warn","connectionRetryTimeout":120000,"connectionRetryCount":3,"logLevels":{},"enableDirectConnect":true,"strictSSL":true,"_":"65 more keys: [\"cacheDir\",\"port\",\"requestedCapabilities\",\"automationProtocol\",\"baseUrl\",\"waitforInterval\",\"waitforTimeout\",\"onReload\",\"beforeCommand\",\"afterCommand\",\"rootDir\",\"specs\",\"suites\",\"exclude\",\"groupLogsByTestSpec\",\"excludeDriverLogs\",\"bail\",\"framework\",\"reporters\",\"services\",\"maxInstances\",\"maxInstancesPerCapability\",\"injectGlobals\",\"filesToWatch\",\"execArgv\",\"runnerEnv\",\"runner\",\"shard\",\"specFileRetries\",\"specFileRetriesDelay\",\"specFileRetriesDeferred\",\"reporterSyncInterval\",\"reporterSyncTimeout\",\"cucumberFeaturesWithLineNumbers\",\"autoCompileOpts\",\"mochaOpts\",\"jasmineOpts\",\"cucumberOpts\",\"onPrepare\",\"onWorkerStart\",\"onWorkerEnd\",\"before\",\"beforeSession\",\"beforeSuite\",\"beforeHook\",\"beforeTest\",\"afterTest\",\"afterHook\",\"afterSuite\",\"afterSession\",\"after\",\"onComplete\",\"beforeAssertion\",\"afterAssertion\",\"beforeFeature\",\"beforeScenario\",\"beforeStep\",\"afterStep\",\"afterScenario\",\"afterFeature\",\"_\",\"suite\",\"$0\",\"ignoredWorkerServices\",\"wdi5\"]"}]}
COMMAND: POST /session/9d48326ae870b5d3a573a2f725ac1bbc/execute/async - {"script":"<script> [21126 bytes]","args":[35000]}
RESULT: {"script":"<script> [21126 bytes]","args":[35000]}
]]></system-out>
    </testcase>
  </testsuite>
  <testsuite timestamp="2025-05-31T17:21:40" time="1113.713" tests="12" failures="6" errors="6" skipped="0">
    <properties>
      <property name="specId" value="0"/>
      <property name="suiteName" value="Billing Transfer - Master data &amp; Intercompany US127250"/>
      <property name="capabilities" value="chrome.136_0_7103_93.windows"/>
      <property name="file" value="file:///D:/a/1/s/test/specs/BTS/billing-transfer-intercompany.spec.js"/>
    </properties>
    <testcase classname="chrome.136_0_7103_93.windows.Billing_Transfer_-_Master_data_&amp;_Intercompany_US127250" name="Should create a new yard" time="126.99">
      <system-out><![CDATA[
COMMAND: POST /session/9d48326ae870b5d3a573a2f725ac1bbc/window/fullscreen - {}
RESULT: {}
COMMAND: POST /session/9d48326ae870b5d3a573a2f725ac1bbc/execute/async - {"script":"<script> [1562 bytes]","args":[{"selector":{"controlType":"sap.m.GenericTile","properties":{"header":"Manage Yards"}},"wdio_ui5_key":"sapm.GenericTile{\"header\":\"Manage Yards\"}"}]}
RESULT: {"script":"<script> [1562 bytes]","args":[{"selector":{"controlType":"sap.m.GenericTile","properties":{"header":"Manage Yards"}},"wdio_ui5_key":"sapm.GenericTile{\"header\":\"Manage Yards\"}"}]}
RESULT: undefined
COMMAND: POST /session/9d48326ae870b5d3a573a2f725ac1bbc/element - {"using":"xpath","value":"//*[@id=\"__tile41\"]"}
RESULT: {"using":"xpath","value":"//*[@id=\"__tile41\"]"}
COMMAND: POST /session/9d48326ae870b5d3a573a2f725ac1bbc/element/f.0A588440BBC4B09490297E8A4E4C478B.d.967FDDD3DA96E3DE7D78025DE421A0B1.e.2103/click - {}
RESULT: {}
COMMAND: GET /session/9d48326ae870b5d3a573a2f725ac1bbc/screenshot - {}
RESULT: {}
COMMAND: POST /session/9d48326ae870b5d3a573a2f725ac1bbc/elements - {"using":"xpath","value":"//span[text()='Error']"}
RESULT: {"using":"xpath","value":"//span[text()='Error']"}
COMMAND: POST /session/9d48326ae870b5d3a573a2f725ac1bbc/element - {"using":"xpath","value":"//button[@data-kt=\"addNewYardOverflowToolbarButton\"]"}
RESULT: {"using":"xpath","value":"//button[@data-kt=\"addNewYardOverflowToolbarButton\"]"}
COMMAND: POST /session/9d48326ae870b5d3a573a2f725ac1bbc/elements - {"using":"xpath","value":"//button[@data-kt=\"addNewYardOverflowToolbarButton\"]"}
RESULT: {"using":"xpath","value":"//button[@data-kt=\"addNewYardOverflowToolbarButton\"]"}
COMMAND: POST /session/9d48326ae870b5d3a573a2f725ac1bbc/execute/sync - {"script":"<script> [8489 bytes]","args":[{"element-6066-11e4-a52e-4f735466cecf":"f.0A588440BBC4B09490297E8A4E4C478B.d.967FDDD3DA96E3DE7D78025DE421A0B1.e.2228","ELEMENT":"f.0A588440BBC4B09490297E8A4E4C478B.d.967FDDD3DA96E3DE7D78025DE421A0B1.e.2228"}]}
RESULT: {"script":"<script> [8489 bytes]","args":[{"element-6066-11e4-a52e-4f735466cecf":"f.0A588440BBC4B09490297E8A4E4C478B.d.967FDDD3DA96E3DE7D78025DE421A0B1.e.2228","ELEMENT":"f.0A588440BBC4B09490297E8A4E4C478B.d.967FDDD3DA96E3DE7D78025DE421A0B1.e.2228"}]}
COMMAND: GET /session/9d48326ae870b5d3a573a2f725ac1bbc/element/f.0A588440BBC4B09490297E8A4E4C478B.d.967FDDD3DA96E3DE7D78025DE421A0B1.e.2228/enabled - {}
COMMAND: GET /session/9d48326ae870b5d3a573a2f725ac1bbc/screenshot - {}
RESULT: {}
COMMAND: POST /session/9d48326ae870b5d3a573a2f725ac1bbc/execute/sync - {"script":"<script> [8489 bytes]","args":[{"element-6066-11e4-a52e-4f735466cecf":"f.0A588440BBC4B09490297E8A4E4C478B.d.967FDDD3DA96E3DE7D78025DE421A0B1.e.2228","ELEMENT":"f.0A588440BBC4B09490297E8A4E4C478B.d.967FDDD3DA96E3DE7D78025DE421A0B1.e.2228"}]}
COMMAND: GET /session/9d48326ae870b5d3a573a2f725ac1bbc/screenshot - {}
RESULT: {}
RESULT: {"script":"<script> [8489 bytes]","args":[{"element-6066-11e4-a52e-4f735466cecf":"f.0A588440BBC4B09490297E8A4E4C478B.d.967FDDD3DA96E3DE7D78025DE421A0B1.e.2228","ELEMENT":"f.0A588440BBC4B09490297E8A4E4C478B.d.967FDDD3DA96E3DE7D78025DE421A0B1.e.2228"}]}
COMMAND: POST /session/9d48326ae870b5d3a573a2f725ac1bbc/execute/sync - {"script":"<script> [5351 bytes]","args":[{"element-6066-11e4-a52e-4f735466cecf":"f.0A588440BBC4B09490297E8A4E4C478B.d.967FDDD3DA96E3DE7D78025DE421A0B1.e.2228","ELEMENT":"f.0A588440BBC4B09490297E8A4E4C478B.d.967FDDD3DA96E3DE7D78025DE421A0B1.e.2228"}]}
COMMAND: GET /session/9d48326ae870b5d3a573a2f725ac1bbc/screenshot - {}
RESULT: {}
RESULT: {"script":"<script> [5351 bytes]","args":[{"element-6066-11e4-a52e-4f735466cecf":"f.0A588440BBC4B09490297E8A4E4C478B.d.967FDDD3DA96E3DE7D78025DE421A0B1.e.2228","ELEMENT":"f.0A588440BBC4B09490297E8A4E4C478B.d.967FDDD3DA96E3DE7D78025DE421A0B1.e.2228"}]}
COMMAND: POST /session/9d48326ae870b5d3a573a2f725ac1bbc/element/f.0A588440BBC4B09490297E8A4E4C478B.d.967FDDD3DA96E3DE7D78025DE421A0B1.e.2228/click - {}
COMMAND: GET /session/9d48326ae870b5d3a573a2f725ac1bbc/screenshot - {}
RESULT: {}
RESULT: {}
COMMAND: GET /session/9d48326ae870b5d3a573a2f725ac1bbc/screenshot - {}
COMMAND: POST /session/9d48326ae870b5d3a573a2f725ac1bbc/element - {"using":"xpath","value":"//input[@id=\"application-manageyards-display-component---NewYard--yardId-inner\"]"}
RESULT: {}
RESULT: {}
RESULT: {"using":"xpath","value":"//input[@id=\"application-manageyards-display-component---NewYard--yardId-inner\"]"}
COMMAND: POST /session/9d48326ae870b5d3a573a2f725ac1bbc/element - {"using":"xpath","value":"//input[@id=\"application-manageyards-display-component---NewYard--yardId-inner\"]"}
RESULT: {"using":"xpath","value":"//input[@id=\"application-manageyards-display-component---NewYard--yardId-inner\"]"}
COMMAND: POST /session/9d48326ae870b5d3a573a2f725ac1bbc/execute/async - {"script":"<script> [1562 bytes]","args":[{"selector":{"id":"application-manageyards-display-component---NewYard--addressDetailDetailsName1","interaction":{"idSuffix":"inner"}},"wdio_ui5_key":"applicationmanageyards-display-component---NewYard--addressDetailDetailsName1"}]}
RESULT: {"script":"<script> [1562 bytes]","args":[{"selector":{"id":"application-manageyards-display-component---NewYard--addressDetailDetailsName1","interaction":{"idSuffix":"inner"}},"wdio_ui5_key":"applicationmanageyards-display-component---NewYard--addressDetailDetailsName1"}]}
RESULT: undefined
COMMAND: POST /session/9d48326ae870b5d3a573a2f725ac1bbc/execute/async - {"script":"<script> [776 bytes]","args":[{"enterText":"Intercompany Yard wdIO","selector":{"id":"application-manageyards-display-component---NewYard--addressDetailDetailsName1","interaction":{"idSuffix":"inner"}},"clearTextFirst":true,"interactionType":"ENTER_TEXT"}]}
RESULT: {"script":"<script> [776 bytes]","args":[{"enterText":"Intercompany Yard wdIO","selector":{"id":"application-manageyards-display-component---NewYard--addressDetailDetailsName1","interaction":{"idSuffix":"inner"}},"clearTextFirst":true,"interactionType":"ENTER_TEXT"}]}
COMMAND: POST /session/9d48326ae870b5d3a573a2f725ac1bbc/execute/async - {"script":"<script> [1562 bytes]","args":[{"selector":{"id":"application-manageyards-display-component---NewYard--addressDetailDetailsLanguage-arrow"},"wdio_ui5_key":"applicationmanageyards-display-component---NewYard--addressDetailDetailsLanguage-arrow"}]}
RESULT: {"script":"<script> [1562 bytes]","args":[{"selector":{"id":"application-manageyards-display-component---NewYard--addressDetailDetailsLanguage-arrow"},"wdio_ui5_key":"applicationmanageyards-display-component---NewYard--addressDetailDetailsLanguage-arrow"}]}
RESULT: undefined
COMMAND: POST /session/9d48326ae870b5d3a573a2f725ac1bbc/element - {"using":"xpath","value":"//*[@id=\"application-manageyards-display-component---NewYard--addressDetailDetailsLanguage-arrow\"]"}
RESULT: {"using":"xpath","value":"//*[@id=\"application-manageyards-display-component---NewYard--addressDetailDetailsLanguage-arrow\"]"}
COMMAND: POST /session/9d48326ae870b5d3a573a2f725ac1bbc/element/f.0A588440BBC4B09490297E8A4E4C478B.d.967FDDD3DA96E3DE7D78025DE421A0B1.e.2657/click - {}
RESULT: {}
COMMAND: POST /session/9d48326ae870b5d3a573a2f725ac1bbc/element - {"using":"xpath","value":"//span[contains(text(), \"English\")]"}
COMMAND: GET /session/9d48326ae870b5d3a573a2f725ac1bbc/screenshot - {}
RESULT: {"using":"xpath","value":"//span[contains(text(), \"English\")]"}
COMMAND: POST /session/9d48326ae870b5d3a573a2f725ac1bbc/element/f.0A588440BBC4B09490297E8A4E4C478B.d.967FDDD3DA96E3DE7D78025DE421A0B1.e.2658/click - {}
RESULT: {}
RESULT: {}
COMMAND: POST /session/9d48326ae870b5d3a573a2f725ac1bbc/execute/async - {"script":"<script> [1562 bytes]","args":[{"selector":{"id":"application-manageyards-display-component---NewYard--addressDetailDetailsCity1","interaction":{"idSuffix":"inner"}},"wdio_ui5_key":"applicationmanageyards-display-component---NewYard--addressDetailDetailsCity1"}]}
COMMAND: GET /session/9d48326ae870b5d3a573a2f725ac1bbc/screenshot - {}
RESULT: {"script":"<script> [1562 bytes]","args":[{"selector":{"id":"application-manageyards-display-component---NewYard--addressDetailDetailsCity1","interaction":{"idSuffix":"inner"}},"wdio_ui5_key":"applicationmanageyards-display-component---NewYard--addressDetailDetailsCity1"}]}
RESULT: undefined
COMMAND: POST /session/9d48326ae870b5d3a573a2f725ac1bbc/execute/async - {"script":"<script> [776 bytes]","args":[{"enterText":"Rosario","selector":{"id":"application-manageyards-display-component---NewYard--addressDetailDetailsCity1","interaction":{"idSuffix":"inner"}},"clearTextFirst":true,"interactionType":"ENTER_TEXT"}]}
RESULT: {}
RESULT: {"script":"<script> [776 bytes]","args":[{"enterText":"Rosario","selector":{"id":"application-manageyards-display-component---NewYard--addressDetailDetailsCity1","interaction":{"idSuffix":"inner"}},"clearTextFirst":true,"interactionType":"ENTER_TEXT"}]}
COMMAND: POST /session/9d48326ae870b5d3a573a2f725ac1bbc/execute/async - {"script":"<script> [1562 bytes]","args":[{"selector":{"id":"application-manageyards-display-component---NewYard--addressDetailDetailsCountry-arrow"},"wdio_ui5_key":"applicationmanageyards-display-component---NewYard--addressDetailDetailsCountry-arrow"}]}
RESULT: {"script":"<script> [1562 bytes]","args":[{"selector":{"id":"application-manageyards-display-component---NewYard--addressDetailDetailsCountry-arrow"},"wdio_ui5_key":"applicationmanageyards-display-component---NewYard--addressDetailDetailsCountry-arrow"}]}
RESULT: undefined
COMMAND: POST /session/9d48326ae870b5d3a573a2f725ac1bbc/element - {"using":"xpath","value":"//*[@id=\"application-manageyards-display-component---NewYard--addressDetailDetailsCountry-arrow\"]"}
RESULT: {"using":"xpath","value":"//*[@id=\"application-manageyards-display-component---NewYard--addressDetailDetailsCountry-arrow\"]"}
COMMAND: POST /session/9d48326ae870b5d3a573a2f725ac1bbc/element/f.0A588440BBC4B09490297E8A4E4C478B.d.967FDDD3DA96E3DE7D78025DE421A0B1.e.2660/click - {}
RESULT: {}
COMMAND: POST /session/9d48326ae870b5d3a573a2f725ac1bbc/element - {"using":"xpath","value":"//span[contains(text(), \"Argentina\")]"}
COMMAND: GET /session/9d48326ae870b5d3a573a2f725ac1bbc/screenshot - {}
RESULT: {"using":"xpath","value":"//span[contains(text(), \"Argentina\")]"}
COMMAND: POST /session/9d48326ae870b5d3a573a2f725ac1bbc/element/f.0A588440BBC4B09490297E8A4E4C478B.d.967FDDD3DA96E3DE7D78025DE421A0B1.e.2662/click - {}
RESULT: {}
RESULT: {}
COMMAND: POST /session/9d48326ae870b5d3a573a2f725ac1bbc/execute/async - {"script":"<script> [1562 bytes]","args":[{"selector":{"id":"application-manageyards-display-component---NewYard--addressEditDetailsCostObjectCstType-arrow"},"wdio_ui5_key":"applicationmanageyards-display-component---NewYard--addressEditDetailsCostObjectCstType-arrow"}]}
COMMAND: GET /session/9d48326ae870b5d3a573a2f725ac1bbc/screenshot - {}
RESULT: {"script":"<script> [1562 bytes]","args":[{"selector":{"id":"application-manageyards-display-component---NewYard--addressEditDetailsCostObjectCstType-arrow"},"wdio_ui5_key":"applicationmanageyards-display-component---NewYard--addressEditDetailsCostObjectCstType-arrow"}]}
RESULT: undefined
COMMAND: POST /session/9d48326ae870b5d3a573a2f725ac1bbc/element - {"using":"xpath","value":"//*[@id=\"application-manageyards-display-component---NewYard--addressEditDetailsCostObjectCstType-arrow\"]"}
RESULT: {}
RESULT: {"using":"xpath","value":"//*[@id=\"application-manageyards-display-component---NewYard--addressEditDetailsCostObjectCstType-arrow\"]"}
COMMAND: POST /session/9d48326ae870b5d3a573a2f725ac1bbc/element/f.0A588440BBC4B09490297E8A4E4C478B.d.967FDDD3DA96E3DE7D78025DE421A0B1.e.2663/click - {}
RESULT: {}
COMMAND: POST /session/9d48326ae870b5d3a573a2f725ac1bbc/element - {"using":"xpath","value":"//span[contains(text(), \"Cost Center\")]"}
COMMAND: GET /session/9d48326ae870b5d3a573a2f725ac1bbc/screenshot - {}
RESULT: {"using":"xpath","value":"//span[contains(text(), \"Cost Center\")]"}
COMMAND: POST /session/9d48326ae870b5d3a573a2f725ac1bbc/element/f.0A588440BBC4B09490297E8A4E4C478B.d.967FDDD3DA96E3DE7D78025DE421A0B1.e.2664/click - {}
RESULT: {}
RESULT: {}
COMMAND: GET /session/9d48326ae870b5d3a573a2f725ac1bbc/screenshot - {}
RESULT: {}
COMMAND: POST /session/9d48326ae870b5d3a573a2f725ac1bbc/element - {"using":"xpath","value":"//span[@id=\"application-manageyards-display-component---NewYard--addressNewCostObjectCstID-vhi\"]"}
RESULT: {"using":"xpath","value":"//span[@id=\"application-manageyards-display-component---NewYard--addressNewCostObjectCstID-vhi\"]"}
COMMAND: POST /session/9d48326ae870b5d3a573a2f725ac1bbc/execute/sync - {"script":"<script> [8489 bytes]","args":[{"element-6066-11e4-a52e-4f735466cecf":"f.0A588440BBC4B09490297E8A4E4C478B.d.967FDDD3DA96E3DE7D78025DE421A0B1.e.2668","ELEMENT":"f.0A588440BBC4B09490297E8A4E4C478B.d.967FDDD3DA96E3DE7D78025DE421A0B1.e.2668"}]}
RESULT: {"script":"<script> [8489 bytes]","args":[{"element-6066-11e4-a52e-4f735466cecf":"f.0A588440BBC4B09490297E8A4E4C478B.d.967FDDD3DA96E3DE7D78025DE421A0B1.e.2668","ELEMENT":"f.0A588440BBC4B09490297E8A4E4C478B.d.967FDDD3DA96E3DE7D78025DE421A0B1.e.2668"}]}
COMMAND: POST /session/9d48326ae870b5d3a573a2f725ac1bbc/execute/async - {"script":"<script> [1562 bytes]","args":[{"selector":{"id":"application-manageyards-display-component---NewYard--addressNewCostObjectCstID-vhi"},"wdio_ui5_key":"applicationmanageyards-display-component---NewYard--addressNewCostObjectCstID-vhi"}]}
COMMAND: GET /session/9d48326ae870b5d3a573a2f725ac1bbc/screenshot - {}
RESULT: {"script":"<script> [1562 bytes]","args":[{"selector":{"id":"application-manageyards-display-component---NewYard--addressNewCostObjectCstID-vhi"},"wdio_ui5_key":"applicationmanageyards-display-component---NewYard--addressNewCostObjectCstID-vhi"}]}
RESULT: undefined
COMMAND: POST /session/9d48326ae870b5d3a573a2f725ac1bbc/element - {"using":"xpath","value":"//*[@id=\"application-manageyards-display-component---NewYard--addressNewCostObjectCstID-vhi\"]"}
RESULT: {}
RESULT: {"using":"xpath","value":"//*[@id=\"application-manageyards-display-component---NewYard--addressNewCostObjectCstID-vhi\"]"}
COMMAND: POST /session/9d48326ae870b5d3a573a2f725ac1bbc/element/f.0A588440BBC4B09490297E8A4E4C478B.d.967FDDD3DA96E3DE7D78025DE421A0B1.e.2668/click - {}
RESULT: {}
COMMAND: GET /session/9d48326ae870b5d3a573a2f725ac1bbc/screenshot - {}
RESULT: {}
COMMAND: POST /session/9d48326ae870b5d3a573a2f725ac1bbc/execute/async - {"script":"<script> [1562 bytes]","args":[{"selector":{"controlType":"sap.m.SearchField","properties":{"placeholder":"Search"},"searchOpenDialogs":true,"interaction":{"idSuffix":"I"}},"wdio_ui5_key":"sapm.SearchField{\"placeholder\":\"Search\"}"}]}
RESULT: {"script":"<script> [1562 bytes]","args":[{"selector":{"controlType":"sap.m.SearchField","properties":{"placeholder":"Search"},"searchOpenDialogs":true,"interaction":{"idSuffix":"I"}},"wdio_ui5_key":"sapm.SearchField{\"placeholder\":\"Search\"}"}]}
RESULT: undefined
COMMAND: POST /session/9d48326ae870b5d3a573a2f725ac1bbc/execute/async - {"script":"<script> [776 bytes]","args":[{"enterText":"bauh_b","selector":{"controlType":"sap.m.SearchField","properties":{"placeholder":"Search"},"searchOpenDialogs":true,"interaction":{"idSuffix":"I"}},"clearTextFirst":true,"interactionType":"ENTER_TEXT"}]}
RESULT: {"script":"<script> [776 bytes]","args":[{"enterText":"bauh_b","selector":{"controlType":"sap.m.SearchField","properties":{"placeholder":"Search"},"searchOpenDialogs":true,"interaction":{"idSuffix":"I"}},"clearTextFirst":true,"interactionType":"ENTER_TEXT"}]}
COMMAND: POST /session/9d48326ae870b5d3a573a2f725ac1bbc/actions - {"actions":[{"id":"action1","type":"key","parameters":{},"actions":[{"type":"keyDown","value":""},{"type":"pause","duration":10},{"type":"keyUp","value":""}]}]}
RESULT: {"actions":[{"id":"action1","type":"key","parameters":{},"actions":[{"type":"keyDown","value":""},{"type":"pause","duration":10},{"type":"keyUp","value":""}]}]}
COMMAND: GET /session/9d48326ae870b5d3a573a2f725ac1bbc/screenshot - {}
RESULT: {}
COMMAND: POST /session/9d48326ae870b5d3a573a2f725ac1bbc/element - {"using":"xpath","value":"//span[contains(text(), \"Demo Yard\")]"}
RESULT: {"using":"xpath","value":"//span[contains(text(), \"Demo Yard\")]"}
COMMAND: POST /session/9d48326ae870b5d3a573a2f725ac1bbc/element/f.0A588440BBC4B09490297E8A4E4C478B.d.967FDDD3DA96E3DE7D78025DE421A0B1.e.2709/click - {}
RESULT: {}
COMMAND: GET /session/9d48326ae870b5d3a573a2f725ac1bbc/screenshot - {}
RESULT: {}
COMMAND: POST /session/9d48326ae870b5d3a573a2f725ac1bbc/element - {"using":"xpath","value":"//bdi[contains(text(), \"OK\")]"}
RESULT: {"using":"xpath","value":"//bdi[contains(text(), \"OK\")]"}
COMMAND: POST /session/9d48326ae870b5d3a573a2f725ac1bbc/element/f.0A588440BBC4B09490297E8A4E4C478B.d.967FDDD3DA96E3DE7D78025DE421A0B1.e.2710/click - {}
RESULT: {}
COMMAND: GET /session/9d48326ae870b5d3a573a2f725ac1bbc/screenshot - {}
RESULT: {}
COMMAND: POST /session/9d48326ae870b5d3a573a2f725ac1bbc/execute/async - {"script":"<script> [1562 bytes]","args":[{"selector":{"id":"application-manageyards-display-component---NewYard--addressEditDetailsCurrency-arrow"},"wdio_ui5_key":"applicationmanageyards-display-component---NewYard--addressEditDetailsCurrency-arrow"}]}
RESULT: {"script":"<script> [1562 bytes]","args":[{"selector":{"id":"application-manageyards-display-component---NewYard--addressEditDetailsCurrency-arrow"},"wdio_ui5_key":"applicationmanageyards-display-component---NewYard--addressEditDetailsCurrency-arrow"}]}
RESULT: undefined
COMMAND: POST /session/9d48326ae870b5d3a573a2f725ac1bbc/element - {"using":"xpath","value":"//*[@id=\"application-manageyards-display-component---NewYard--addressEditDetailsCurrency-arrow\"]"}
RESULT: {"using":"xpath","value":"//*[@id=\"application-manageyards-display-component---NewYard--addressEditDetailsCurrency-arrow\"]"}
COMMAND: POST /session/9d48326ae870b5d3a573a2f725ac1bbc/element/f.0A588440BBC4B09490297E8A4E4C478B.d.967FDDD3DA96E3DE7D78025DE421A0B1.e.2713/click - {}
RESULT: {}
COMMAND: POST /session/9d48326ae870b5d3a573a2f725ac1bbc/element - {"using":"xpath","value":"//span[contains(text(), \"Euro\")]"}
COMMAND: GET /session/9d48326ae870b5d3a573a2f725ac1bbc/screenshot - {}
RESULT: {"using":"xpath","value":"//span[contains(text(), \"Euro\")]"}
COMMAND: POST /session/9d48326ae870b5d3a573a2f725ac1bbc/element/f.0A588440BBC4B09490297E8A4E4C478B.d.967FDDD3DA96E3DE7D78025DE421A0B1.e.2714/click - {}
RESULT: {}
RESULT: {}
COMMAND: POST /session/9d48326ae870b5d3a573a2f725ac1bbc/execute/async - {"script":"<script> [1562 bytes]","args":[{"selector":{"controlType":"sap.m.Input","viewName":"etm.portal.ui.manageyards.view.New","viewId":"application-manageyards-display-component---NewYard","bindingPath":{"path":"","propertyPath":"/CONTROLLING_AREA","modelName":"NewYardModel"},"interaction":{"idSuffix":"inner"}},"wdio_ui5_key":"etmportal.ui.manageyards.view.Newsap.m.Input{\"path\":\"\",\"propertyPath\":\"/CONTROLLING_AREA\",\"modelName\":\"NewYardModel\"}"}]}
COMMAND: GET /session/9d48326ae870b5d3a573a2f725ac1bbc/screenshot - {}
RESULT: {"script":"<script> [1562 bytes]","args":[{"selector":{"controlType":"sap.m.Input","viewName":"etm.portal.ui.manageyards.view.New","viewId":"application-manageyards-display-component---NewYard","bindingPath":{"path":"","propertyPath":"/CONTROLLING_AREA","modelName":"NewYardModel"},"interaction":{"idSuffix":"inner"}},"wdio_ui5_key":"etmportal.ui.manageyards.view.Newsap.m.Input{\"path\":\"\",\"propertyPath\":\"/CONTROLLING_AREA\",\"modelName\":\"NewYardModel\"}"}]}
RESULT: undefined
COMMAND: POST /session/9d48326ae870b5d3a573a2f725ac1bbc/execute/async - {"script":"<script> [776 bytes]","args":[{"enterText":"Z001","selector":{"controlType":"sap.m.Input","viewName":"etm.portal.ui.manageyards.view.New","viewId":"application-manageyards-display-component---NewYard","bindingPath":{"path":"","propertyPath":"/CONTROLLING_AREA","modelName":"NewYardModel"},"interaction":{"idSuffix":"inner"}},"clearTextFirst":true,"interactionType":"ENTER_TEXT"}]}
RESULT: {}
RESULT: {"script":"<script> [776 bytes]","args":[{"enterText":"Z001","selector":{"controlType":"sap.m.Input","viewName":"etm.portal.ui.manageyards.view.New","viewId":"application-manageyards-display-component---NewYard","bindingPath":{"path":"","propertyPath":"/CONTROLLING_AREA","modelName":"NewYardModel"},"interaction":{"idSuffix":"inner"}},"clearTextFirst":true,"interactionType":"ENTER_TEXT"}]}
COMMAND: POST /session/9d48326ae870b5d3a573a2f725ac1bbc/execute/async - {"script":"<script> [1562 bytes]","args":[{"selector":{"id":"application-manageyards-display-component---NewYard--companyCodeComboBox","interaction":{"idSuffix":"inner"}},"wdio_ui5_key":"applicationmanageyards-display-component---NewYard--companyCodeComboBox"}]}
RESULT: {"script":"<script> [1562 bytes]","args":[{"selector":{"id":"application-manageyards-display-component---NewYard--companyCodeComboBox","interaction":{"idSuffix":"inner"}},"wdio_ui5_key":"applicationmanageyards-display-component---NewYard--companyCodeComboBox"}]}
RESULT: undefined
COMMAND: POST /session/9d48326ae870b5d3a573a2f725ac1bbc/execute/async - {"script":"<script> [776 bytes]","args":[{"enterText":"1000","selector":{"id":"application-manageyards-display-component---NewYard--companyCodeComboBox","interaction":{"idSuffix":"inner"}},"clearTextFirst":true,"interactionType":"ENTER_TEXT"}]}
RESULT: {"script":"<script> [776 bytes]","args":[{"enterText":"1000","selector":{"id":"application-manageyards-display-component---NewYard--companyCodeComboBox","interaction":{"idSuffix":"inner"}},"clearTextFirst":true,"interactionType":"ENTER_TEXT"}]}
COMMAND: POST /session/9d48326ae870b5d3a573a2f725ac1bbc/execute/async - {"script":"<script> [1562 bytes]","args":[{"selector":{"controlType":"sap.m.Input","viewName":"etm.portal.ui.manageyards.view.New","viewId":"application-manageyards-display-component---NewYard","bindingPath":{"path":"","propertyPath":"/PLANT","modelName":"NewYardModel"},"interaction":{"idSuffix":"inner"}},"wdio_ui5_key":"etmportal.ui.manageyards.view.Newsap.m.Input{\"path\":\"\",\"propertyPath\":\"/PLANT\",\"modelName\":\"NewYardModel\"}"}]}
RESULT: {"script":"<script> [1562 bytes]","args":[{"selector":{"controlType":"sap.m.Input","viewName":"etm.portal.ui.manageyards.view.New","viewId":"application-manageyards-display-component---NewYard","bindingPath":{"path":"","propertyPath":"/PLANT","modelName":"NewYardModel"},"interaction":{"idSuffix":"inner"}},"wdio_ui5_key":"etmportal.ui.manageyards.view.Newsap.m.Input{\"path\":\"\",\"propertyPath\":\"/PLANT\",\"modelName\":\"NewYardModel\"}"}]}
RESULT: undefined
COMMAND: POST /session/9d48326ae870b5d3a573a2f725ac1bbc/execute/async - {"script":"<script> [776 bytes]","args":[{"enterText":"1001","selector":{"controlType":"sap.m.Input","viewName":"etm.portal.ui.manageyards.view.New","viewId":"application-manageyards-display-component---NewYard","bindingPath":{"path":"","propertyPath":"/PLANT","modelName":"NewYardModel"},"interaction":{"idSuffix":"inner"}},"clearTextFirst":true,"interactionType":"ENTER_TEXT"}]}
RESULT: {"script":"<script> [776 bytes]","args":[{"enterText":"1001","selector":{"controlType":"sap.m.Input","viewName":"etm.portal.ui.manageyards.view.New","viewId":"application-manageyards-display-component---NewYard","bindingPath":{"path":"","propertyPath":"/PLANT","modelName":"NewYardModel"},"interaction":{"idSuffix":"inner"}},"clearTextFirst":true,"interactionType":"ENTER_TEXT"}]}
COMMAND: POST /session/9d48326ae870b5d3a573a2f725ac1bbc/execute/async - {"script":"<script> [1562 bytes]","args":[{"selector":{"controlType":"sap.m.Input","viewName":"etm.portal.ui.manageyards.view.New","viewId":"application-manageyards-display-component---NewYard","bindingPath":{"path":"","propertyPath":"/SALES_AREA_VKORG","modelName":"NewYardModel"},"interaction":{"idSuffix":"inner"}},"wdio_ui5_key":"etmportal.ui.manageyards.view.Newsap.m.Input{\"path\":\"\",\"propertyPath\":\"/SALES_AREA_VKORG\",\"modelName\":\"NewYardModel\"}"}]}
RESULT: {"script":"<script> [1562 bytes]","args":[{"selector":{"controlType":"sap.m.Input","viewName":"etm.portal.ui.manageyards.view.New","viewId":"application-manageyards-display-component---NewYard","bindingPath":{"path":"","propertyPath":"/SALES_AREA_VKORG","modelName":"NewYardModel"},"interaction":{"idSuffix":"inner"}},"wdio_ui5_key":"etmportal.ui.manageyards.view.Newsap.m.Input{\"path\":\"\",\"propertyPath\":\"/SALES_AREA_VKORG\",\"modelName\":\"NewYardModel\"}"}]}
RESULT: undefined
COMMAND: POST /session/9d48326ae870b5d3a573a2f725ac1bbc/execute/async - {"script":"<script> [776 bytes]","args":[{"enterText":"C002","selector":{"controlType":"sap.m.Input","viewName":"etm.portal.ui.manageyards.view.New","viewId":"application-manageyards-display-component---NewYard","bindingPath":{"path":"","propertyPath":"/SALES_AREA_VKORG","modelName":"NewYardModel"},"interaction":{"idSuffix":"inner"}},"clearTextFirst":true,"interactionType":"ENTER_TEXT"}]}
RESULT: {"script":"<script> [776 bytes]","args":[{"enterText":"C002","selector":{"controlType":"sap.m.Input","viewName":"etm.portal.ui.manageyards.view.New","viewId":"application-manageyards-display-component---NewYard","bindingPath":{"path":"","propertyPath":"/SALES_AREA_VKORG","modelName":"NewYardModel"},"interaction":{"idSuffix":"inner"}},"clearTextFirst":true,"interactionType":"ENTER_TEXT"}]}
COMMAND: POST /session/9d48326ae870b5d3a573a2f725ac1bbc/execute/async - {"script":"<script> [1562 bytes]","args":[{"selector":{"controlType":"sap.m.Input","viewName":"etm.portal.ui.manageyards.view.New","viewId":"application-manageyards-display-component---NewYard","bindingPath":{"path":"","propertyPath":"/SALES_AREA_VTWEG","modelName":"NewYardModel"},"interaction":{"idSuffix":"inner"}},"wdio_ui5_key":"etmportal.ui.manageyards.view.Newsap.m.Input{\"path\":\"\",\"propertyPath\":\"/SALES_AREA_VTWEG\",\"modelName\":\"NewYardModel\"}"}]}
RESULT: {"script":"<script> [1562 bytes]","args":[{"selector":{"controlType":"sap.m.Input","viewName":"etm.portal.ui.manageyards.view.New","viewId":"application-manageyards-display-component---NewYard","bindingPath":{"path":"","propertyPath":"/SALES_AREA_VTWEG","modelName":"NewYardModel"},"interaction":{"idSuffix":"inner"}},"wdio_ui5_key":"etmportal.ui.manageyards.view.Newsap.m.Input{\"path\":\"\",\"propertyPath\":\"/SALES_AREA_VTWEG\",\"modelName\":\"NewYardModel\"}"}]}
RESULT: undefined
COMMAND: POST /session/9d48326ae870b5d3a573a2f725ac1bbc/execute/async - {"script":"<script> [776 bytes]","args":[{"enterText":"C2","selector":{"controlType":"sap.m.Input","viewName":"etm.portal.ui.manageyards.view.New","viewId":"application-manageyards-display-component---NewYard","bindingPath":{"path":"","propertyPath":"/SALES_AREA_VTWEG","modelName":"NewYardModel"},"interaction":{"idSuffix":"inner"}},"clearTextFirst":true,"interactionType":"ENTER_TEXT"}]}
RESULT: {"script":"<script> [776 bytes]","args":[{"enterText":"C2","selector":{"controlType":"sap.m.Input","viewName":"etm.portal.ui.manageyards.view.New","viewId":"application-manageyards-display-component---NewYard","bindingPath":{"path":"","propertyPath":"/SALES_AREA_VTWEG","modelName":"NewYardModel"},"interaction":{"idSuffix":"inner"}},"clearTextFirst":true,"interactionType":"ENTER_TEXT"}]}
COMMAND: POST /session/9d48326ae870b5d3a573a2f725ac1bbc/execute/async - {"script":"<script> [1562 bytes]","args":[{"selector":{"controlType":"sap.m.Input","viewName":"etm.portal.ui.manageyards.view.New","viewId":"application-manageyards-display-component---NewYard","bindingPath":{"path":"","propertyPath":"/SALES_AREA_SPART","modelName":"NewYardModel"},"interaction":{"idSuffix":"inner"}},"wdio_ui5_key":"etmportal.ui.manageyards.view.Newsap.m.Input{\"path\":\"\",\"propertyPath\":\"/SALES_AREA_SPART\",\"modelName\":\"NewYardModel\"}"}]}
RESULT: {"script":"<script> [1562 bytes]","args":[{"selector":{"controlType":"sap.m.Input","viewName":"etm.portal.ui.manageyards.view.New","viewId":"application-manageyards-display-component---NewYard","bindingPath":{"path":"","propertyPath":"/SALES_AREA_SPART","modelName":"NewYardModel"},"interaction":{"idSuffix":"inner"}},"wdio_ui5_key":"etmportal.ui.manageyards.view.Newsap.m.Input{\"path\":\"\",\"propertyPath\":\"/SALES_AREA_SPART\",\"modelName\":\"NewYardModel\"}"}]}
RESULT: undefined
COMMAND: POST /session/9d48326ae870b5d3a573a2f725ac1bbc/execute/async - {"script":"<script> [776 bytes]","args":[{"enterText":"C2","selector":{"controlType":"sap.m.Input","viewName":"etm.portal.ui.manageyards.view.New","viewId":"application-manageyards-display-component---NewYard","bindingPath":{"path":"","propertyPath":"/SALES_AREA_SPART","modelName":"NewYardModel"},"interaction":{"idSuffix":"inner"}},"clearTextFirst":true,"interactionType":"ENTER_TEXT"}]}
RESULT: {"script":"<script> [776 bytes]","args":[{"enterText":"C2","selector":{"controlType":"sap.m.Input","viewName":"etm.portal.ui.manageyards.view.New","viewId":"application-manageyards-display-component---NewYard","bindingPath":{"path":"","propertyPath":"/SALES_AREA_SPART","modelName":"NewYardModel"},"interaction":{"idSuffix":"inner"}},"clearTextFirst":true,"interactionType":"ENTER_TEXT"}]}
COMMAND: POST /session/9d48326ae870b5d3a573a2f725ac1bbc/execute/async - {"script":"<script> [1562 bytes]","args":[{"selector":{"controlType":"sap.m.Input","viewName":"etm.portal.ui.manageyards.view.New","viewId":"application-manageyards-display-component---NewYard","bindingPath":{"path":"","propertyPath":"/SHIP_POINT","modelName":"NewYardModel"},"interaction":{"idSuffix":"inner"}},"wdio_ui5_key":"etmportal.ui.manageyards.view.Newsap.m.Input{\"path\":\"\",\"propertyPath\":\"/SHIP_POINT\",\"modelName\":\"NewYardModel\"}"}]}
RESULT: {"script":"<script> [1562 bytes]","args":[{"selector":{"controlType":"sap.m.Input","viewName":"etm.portal.ui.manageyards.view.New","viewId":"application-manageyards-display-component---NewYard","bindingPath":{"path":"","propertyPath":"/SHIP_POINT","modelName":"NewYardModel"},"interaction":{"idSuffix":"inner"}},"wdio_ui5_key":"etmportal.ui.manageyards.view.Newsap.m.Input{\"path\":\"\",\"propertyPath\":\"/SHIP_POINT\",\"modelName\":\"NewYardModel\"}"}]}
RESULT: undefined
COMMAND: POST /session/9d48326ae870b5d3a573a2f725ac1bbc/execute/async - {"script":"<script> [776 bytes]","args":[{"enterText":"1710","selector":{"controlType":"sap.m.Input","viewName":"etm.portal.ui.manageyards.view.New","viewId":"application-manageyards-display-component---NewYard","bindingPath":{"path":"","propertyPath":"/SHIP_POINT","modelName":"NewYardModel"},"interaction":{"idSuffix":"inner"}},"clearTextFirst":true,"interactionType":"ENTER_TEXT"}]}
RESULT: {"script":"<script> [776 bytes]","args":[{"enterText":"1710","selector":{"controlType":"sap.m.Input","viewName":"etm.portal.ui.manageyards.view.New","viewId":"application-manageyards-display-component---NewYard","bindingPath":{"path":"","propertyPath":"/SHIP_POINT","modelName":"NewYardModel"},"interaction":{"idSuffix":"inner"}},"clearTextFirst":true,"interactionType":"ENTER_TEXT"}]}
COMMAND: POST /session/9d48326ae870b5d3a573a2f725ac1bbc/execute/async - {"script":"<script> [1562 bytes]","args":[{"selector":{"controlType":"sap.m.Input","viewName":"etm.portal.ui.manageyards.view.New","viewId":"application-manageyards-display-component---NewYard","bindingPath":{"path":"","propertyPath":"/DELIVERY_TYPE","modelName":"NewYardModel"},"interaction":{"idSuffix":"inner"}},"wdio_ui5_key":"etmportal.ui.manageyards.view.Newsap.m.Input{\"path\":\"\",\"propertyPath\":\"/DELIVERY_TYPE\",\"modelName\":\"NewYardModel\"}"}]}
RESULT: {"script":"<script> [1562 bytes]","args":[{"selector":{"controlType":"sap.m.Input","viewName":"etm.portal.ui.manageyards.view.New","viewId":"application-manageyards-display-component---NewYard","bindingPath":{"path":"","propertyPath":"/DELIVERY_TYPE","modelName":"NewYardModel"},"interaction":{"idSuffix":"inner"}},"wdio_ui5_key":"etmportal.ui.manageyards.view.Newsap.m.Input{\"path\":\"\",\"propertyPath\":\"/DELIVERY_TYPE\",\"modelName\":\"NewYardModel\"}"}]}
RESULT: undefined
COMMAND: POST /session/9d48326ae870b5d3a573a2f725ac1bbc/execute/async - {"script":"<script> [776 bytes]","args":[{"enterText":"ZL01","selector":{"controlType":"sap.m.Input","viewName":"etm.portal.ui.manageyards.view.New","viewId":"application-manageyards-display-component---NewYard","bindingPath":{"path":"","propertyPath":"/DELIVERY_TYPE","modelName":"NewYardModel"},"interaction":{"idSuffix":"inner"}},"clearTextFirst":true,"interactionType":"ENTER_TEXT"}]}
RESULT: {"script":"<script> [776 bytes]","args":[{"enterText":"ZL01","selector":{"controlType":"sap.m.Input","viewName":"etm.portal.ui.manageyards.view.New","viewId":"application-manageyards-display-component---NewYard","bindingPath":{"path":"","propertyPath":"/DELIVERY_TYPE","modelName":"NewYardModel"},"interaction":{"idSuffix":"inner"}},"clearTextFirst":true,"interactionType":"ENTER_TEXT"}]}
COMMAND: POST /session/9d48326ae870b5d3a573a2f725ac1bbc/execute/async - {"script":"<script> [1562 bytes]","args":[{"selector":{"controlType":"sap.m.Input","viewName":"etm.portal.ui.manageyards.view.New","viewId":"application-manageyards-display-component---NewYard","bindingPath":{"path":"","propertyPath":"/AUART","modelName":"NewYardModel"},"interaction":{"idSuffix":"inner"}},"wdio_ui5_key":"etmportal.ui.manageyards.view.Newsap.m.Input{\"path\":\"\",\"propertyPath\":\"/AUART\",\"modelName\":\"NewYardModel\"}"}]}
RESULT: {"script":"<script> [1562 bytes]","args":[{"selector":{"controlType":"sap.m.Input","viewName":"etm.portal.ui.manageyards.view.New","viewId":"application-manageyards-display-component---NewYard","bindingPath":{"path":"","propertyPath":"/AUART","modelName":"NewYardModel"},"interaction":{"idSuffix":"inner"}},"wdio_ui5_key":"etmportal.ui.manageyards.view.Newsap.m.Input{\"path\":\"\",\"propertyPath\":\"/AUART\",\"modelName\":\"NewYardModel\"}"}]}
RESULT: undefined
COMMAND: POST /session/9d48326ae870b5d3a573a2f725ac1bbc/execute/async - {"script":"<script> [776 bytes]","args":[{"enterText":"TA","selector":{"controlType":"sap.m.Input","viewName":"etm.portal.ui.manageyards.view.New","viewId":"application-manageyards-display-component---NewYard","bindingPath":{"path":"","propertyPath":"/AUART","modelName":"NewYardModel"},"interaction":{"idSuffix":"inner"}},"clearTextFirst":true,"interactionType":"ENTER_TEXT"}]}
RESULT: {"script":"<script> [776 bytes]","args":[{"enterText":"TA","selector":{"controlType":"sap.m.Input","viewName":"etm.portal.ui.manageyards.view.New","viewId":"application-manageyards-display-component---NewYard","bindingPath":{"path":"","propertyPath":"/AUART","modelName":"NewYardModel"},"interaction":{"idSuffix":"inner"}},"clearTextFirst":true,"interactionType":"ENTER_TEXT"}]}
COMMAND: POST /session/9d48326ae870b5d3a573a2f725ac1bbc/element - {"using":"xpath","value":"//button[@data-kt=\"newYardSaveButton\"]"}
RESULT: {"using":"xpath","value":"//button[@data-kt=\"newYardSaveButton\"]"}
COMMAND: POST /session/9d48326ae870b5d3a573a2f725ac1bbc/element/f.0A588440BBC4B09490297E8A4E4C478B.d.967FDDD3DA96E3DE7D78025DE421A0B1.e.2640/click - {}
RESULT: {}
COMMAND: GET /session/9d48326ae870b5d3a573a2f725ac1bbc/screenshot - {}
RESULT: {}
COMMAND: POST /session/9d48326ae870b5d3a573a2f725ac1bbc/element - {"using":"xpath","value":"//header[contains(@id, 'ObjectPageLayout-headerTitle')]/div[1]/div[2]/div[1]/span[1]"}
RESULT: {"using":"xpath","value":"//header[contains(@id, 'ObjectPageLayout-headerTitle')]/div[1]/div[2]/div[1]/span[1]"}
COMMAND: POST /session/9d48326ae870b5d3a573a2f725ac1bbc/elements - {"using":"xpath","value":"//header[contains(@id, 'ObjectPageLayout-headerTitle')]/div[1]/div[2]/div[1]/span[1]"}
RESULT: {"using":"xpath","value":"//header[contains(@id, 'ObjectPageLayout-headerTitle')]/div[1]/div[2]/div[1]/span[1]"}
COMMAND: POST /session/9d48326ae870b5d3a573a2f725ac1bbc/execute/sync - {"script":"<script> [56 bytes]","args":[{"element-6066-11e4-a52e-4f735466cecf":"f.0A588440BBC4B09490297E8A4E4C478B.d.967FDDD3DA96E3DE7D78025DE421A0B1.e.2941","ELEMENT":"f.0A588440BBC4B09490297E8A4E4C478B.d.967FDDD3DA96E3DE7D78025DE421A0B1.e.2941"}]}
RESULT: {"script":"<script> [56 bytes]","args":[{"element-6066-11e4-a52e-4f735466cecf":"f.0A588440BBC4B09490297E8A4E4C478B.d.967FDDD3DA96E3DE7D78025DE421A0B1.e.2941","ELEMENT":"f.0A588440BBC4B09490297E8A4E4C478B.d.967FDDD3DA96E3DE7D78025DE421A0B1.e.2941"}]}
COMMAND: GET /session/9d48326ae870b5d3a573a2f725ac1bbc/screenshot - {}
RESULT: {}
COMMAND: POST /session/9d48326ae870b5d3a573a2f725ac1bbc/element - {"using":"css selector","value":"#shell-header-logo"}
RESULT: {"using":"css selector","value":"#shell-header-logo"}
COMMAND: POST /session/9d48326ae870b5d3a573a2f725ac1bbc/element/f.0A588440BBC4B09490297E8A4E4C478B.d.967FDDD3DA96E3DE7D78025DE421A0B1.e.2197/click - {}
RESULT: {}
COMMAND: GET /session/9d48326ae870b5d3a573a2f725ac1bbc/screenshot - {}
RESULT: {}
COMMAND: POST /session/9d48326ae870b5d3a573a2f725ac1bbc/execute/sync - {"script":"<script> [299 bytes]","args":[["getModel","getResource"]]}
RESULT: {"script":"<script> [299 bytes]","args":[["getModel","getResource"]]}
COMMAND: GET /session/9d48326ae870b5d3a573a2f725ac1bbc/screenshot - {}
]]></system-out>
    </testcase>
    <testcase classname="chrome.136_0_7103_93.windows.Billing_Transfer_-_Master_data_&amp;_Intercompany_US127250" name="Should create a new partner" time="143.915">
      <system-out><![CDATA[
COMMAND: POST /session/9d48326ae870b5d3a573a2f725ac1bbc/window/fullscreen - {}
RESULT: {}
RESULT: {}
COMMAND: POST /session/9d48326ae870b5d3a573a2f725ac1bbc/execute/async - {"script":"<script> [1562 bytes]","args":[{"selector":{"controlType":"sap.m.GenericTile","properties":{"header":"Manage Partners"}},"wdio_ui5_key":"sapm.GenericTile{\"header\":\"Manage Partners\"}"}]}
RESULT: {"script":"<script> [1562 bytes]","args":[{"selector":{"controlType":"sap.m.GenericTile","properties":{"header":"Manage Partners"}},"wdio_ui5_key":"sapm.GenericTile{\"header\":\"Manage Partners\"}"}]}
RESULT: undefined
COMMAND: POST /session/9d48326ae870b5d3a573a2f725ac1bbc/element - {"using":"xpath","value":"//*[@id=\"__tile38\"]"}
RESULT: {"using":"xpath","value":"//*[@id=\"__tile38\"]"}
COMMAND: POST /session/9d48326ae870b5d3a573a2f725ac1bbc/element/f.0A588440BBC4B09490297E8A4E4C478B.d.967FDDD3DA96E3DE7D78025DE421A0B1.e.2094/click - {}
RESULT: {}
COMMAND: GET /session/9d48326ae870b5d3a573a2f725ac1bbc/screenshot - {}
RESULT: {}
COMMAND: POST /session/9d48326ae870b5d3a573a2f725ac1bbc/elements - {"using":"xpath","value":"//span[text()='Error']"}
RESULT: {"using":"xpath","value":"//span[text()='Error']"}
COMMAND: POST /session/9d48326ae870b5d3a573a2f725ac1bbc/element - {"using":"xpath","value":"//button[@data-kt=\"addButton\"]"}
RESULT: {"using":"xpath","value":"//button[@data-kt=\"addButton\"]"}
COMMAND: POST /session/9d48326ae870b5d3a573a2f725ac1bbc/elements - {"using":"xpath","value":"//button[@data-kt=\"addButton\"]"}
RESULT: {"using":"xpath","value":"//button[@data-kt=\"addButton\"]"}
COMMAND: POST /session/9d48326ae870b5d3a573a2f725ac1bbc/elements - {"using":"xpath","value":"//button[@data-kt=\"addButton\"]"}
RESULT: {"using":"xpath","value":"//button[@data-kt=\"addButton\"]"}
COMMAND: POST /session/9d48326ae870b5d3a573a2f725ac1bbc/element - {"using":"xpath","value":"//button[@data-kt=\"addButton\"]"}
RESULT: {"using":"xpath","value":"//button[@data-kt=\"addButton\"]"}
COMMAND: POST /session/9d48326ae870b5d3a573a2f725ac1bbc/execute/sync - {"script":"<script> [8489 bytes]","args":[{"element-6066-11e4-a52e-4f735466cecf":"f.0A588440BBC4B09490297E8A4E4C478B.d.967FDDD3DA96E3DE7D78025DE421A0B1.e.2990","ELEMENT":"f.0A588440BBC4B09490297E8A4E4C478B.d.967FDDD3DA96E3DE7D78025DE421A0B1.e.2990"}]}
RESULT: {"script":"<script> [8489 bytes]","args":[{"element-6066-11e4-a52e-4f735466cecf":"f.0A588440BBC4B09490297E8A4E4C478B.d.967FDDD3DA96E3DE7D78025DE421A0B1.e.2990","ELEMENT":"f.0A588440BBC4B09490297E8A4E4C478B.d.967FDDD3DA96E3DE7D78025DE421A0B1.e.2990"}]}
COMMAND: GET /session/9d48326ae870b5d3a573a2f725ac1bbc/element/f.0A588440BBC4B09490297E8A4E4C478B.d.967FDDD3DA96E3DE7D78025DE421A0B1.e.2990/enabled - {}
COMMAND: GET /session/9d48326ae870b5d3a573a2f725ac1bbc/screenshot - {}
RESULT: {}
COMMAND: POST /session/9d48326ae870b5d3a573a2f725ac1bbc/execute/sync - {"script":"<script> [8489 bytes]","args":[{"element-6066-11e4-a52e-4f735466cecf":"f.0A588440BBC4B09490297E8A4E4C478B.d.967FDDD3DA96E3DE7D78025DE421A0B1.e.2990","ELEMENT":"f.0A588440BBC4B09490297E8A4E4C478B.d.967FDDD3DA96E3DE7D78025DE421A0B1.e.2990"}]}
COMMAND: GET /session/9d48326ae870b5d3a573a2f725ac1bbc/screenshot - {}
RESULT: {}
RESULT: {"script":"<script> [8489 bytes]","args":[{"element-6066-11e4-a52e-4f735466cecf":"f.0A588440BBC4B09490297E8A4E4C478B.d.967FDDD3DA96E3DE7D78025DE421A0B1.e.2990","ELEMENT":"f.0A588440BBC4B09490297E8A4E4C478B.d.967FDDD3DA96E3DE7D78025DE421A0B1.e.2990"}]}
COMMAND: POST /session/9d48326ae870b5d3a573a2f725ac1bbc/execute/sync - {"script":"<script> [5351 bytes]","args":[{"element-6066-11e4-a52e-4f735466cecf":"f.0A588440BBC4B09490297E8A4E4C478B.d.967FDDD3DA96E3DE7D78025DE421A0B1.e.2990","ELEMENT":"f.0A588440BBC4B09490297E8A4E4C478B.d.967FDDD3DA96E3DE7D78025DE421A0B1.e.2990"}]}
COMMAND: GET /session/9d48326ae870b5d3a573a2f725ac1bbc/screenshot - {}
RESULT: {}
RESULT: {"script":"<script> [5351 bytes]","args":[{"element-6066-11e4-a52e-4f735466cecf":"f.0A588440BBC4B09490297E8A4E4C478B.d.967FDDD3DA96E3DE7D78025DE421A0B1.e.2990","ELEMENT":"f.0A588440BBC4B09490297E8A4E4C478B.d.967FDDD3DA96E3DE7D78025DE421A0B1.e.2990"}]}
COMMAND: POST /session/9d48326ae870b5d3a573a2f725ac1bbc/element/f.0A588440BBC4B09490297E8A4E4C478B.d.967FDDD3DA96E3DE7D78025DE421A0B1.e.2990/click - {}
COMMAND: GET /session/9d48326ae870b5d3a573a2f725ac1bbc/screenshot - {}
RESULT: {}
RESULT: {}
COMMAND: GET /session/9d48326ae870b5d3a573a2f725ac1bbc/screenshot - {}
COMMAND: POST /session/9d48326ae870b5d3a573a2f725ac1bbc/execute/async - {"script":"<script> [1562 bytes]","args":[{"selector":{"id":"application-managepartners-display-component---NewPartner--addressDetailDetailsName1","interaction":{"idSuffix":"inner"}},"wdio_ui5_key":"applicationmanagepartners-display-component---NewPartner--addressDetailDetailsName1"}]}
RESULT: {}
RESULT: {}
RESULT: {"script":"<script> [1562 bytes]","args":[{"selector":{"id":"application-managepartners-display-component---NewPartner--addressDetailDetailsName1","interaction":{"idSuffix":"inner"}},"wdio_ui5_key":"applicationmanagepartners-display-component---NewPartner--addressDetailDetailsName1"}]}
RESULT: undefined
COMMAND: POST /session/9d48326ae870b5d3a573a2f725ac1bbc/execute/async - {"script":"<script> [776 bytes]","args":[{"enterText":"Intercompany Partner WDIO","selector":{"id":"application-managepartners-display-component---NewPartner--addressDetailDetailsName1","interaction":{"idSuffix":"inner"}},"clearTextFirst":true,"interactionType":"ENTER_TEXT"}]}
RESULT: {"script":"<script> [776 bytes]","args":[{"enterText":"Intercompany Partner WDIO","selector":{"id":"application-managepartners-display-component---NewPartner--addressDetailDetailsName1","interaction":{"idSuffix":"inner"}},"clearTextFirst":true,"interactionType":"ENTER_TEXT"}]}
COMMAND: POST /session/9d48326ae870b5d3a573a2f725ac1bbc/execute/async - {"script":"<script> [1562 bytes]","args":[{"selector":{"id":"application-managepartners-display-component---NewPartner--addressDetailDetailsLanguage-arrow"},"wdio_ui5_key":"applicationmanagepartners-display-component---NewPartner--addressDetailDetailsLanguage-arrow"}]}
RESULT: {"script":"<script> [1562 bytes]","args":[{"selector":{"id":"application-managepartners-display-component---NewPartner--addressDetailDetailsLanguage-arrow"},"wdio_ui5_key":"applicationmanagepartners-display-component---NewPartner--addressDetailDetailsLanguage-arrow"}]}
RESULT: undefined
COMMAND: POST /session/9d48326ae870b5d3a573a2f725ac1bbc/element - {"using":"xpath","value":"//*[@id=\"application-managepartners-display-component---NewPartner--addressDetailDetailsLanguage-arrow\"]"}
RESULT: {"using":"xpath","value":"//*[@id=\"application-managepartners-display-component---NewPartner--addressDetailDetailsLanguage-arrow\"]"}
COMMAND: POST /session/9d48326ae870b5d3a573a2f725ac1bbc/element/f.0A588440BBC4B09490297E8A4E4C478B.d.967FDDD3DA96E3DE7D78025DE421A0B1.e.3431/click - {}
RESULT: {}
COMMAND: POST /session/9d48326ae870b5d3a573a2f725ac1bbc/element - {"using":"xpath","value":"//span[contains(text(), \"English\")]"}
COMMAND: GET /session/9d48326ae870b5d3a573a2f725ac1bbc/screenshot - {}
RESULT: {"using":"xpath","value":"//span[contains(text(), \"English\")]"}
COMMAND: POST /session/9d48326ae870b5d3a573a2f725ac1bbc/element/f.0A588440BBC4B09490297E8A4E4C478B.d.967FDDD3DA96E3DE7D78025DE421A0B1.e.3432/click - {}
RESULT: {}
RESULT: {}
COMMAND: GET /session/9d48326ae870b5d3a573a2f725ac1bbc/screenshot - {}
RESULT: {}
COMMAND: POST /session/9d48326ae870b5d3a573a2f725ac1bbc/execute/async - {"script":"<script> [1562 bytes]","args":[{"selector":{"id":"application-managepartners-display-component---NewPartner--addressDetailDetailsCity1","interaction":{"idSuffix":"inner"}},"wdio_ui5_key":"applicationmanagepartners-display-component---NewPartner--addressDetailDetailsCity1"}]}
RESULT: {"script":"<script> [1562 bytes]","args":[{"selector":{"id":"application-managepartners-display-component---NewPartner--addressDetailDetailsCity1","interaction":{"idSuffix":"inner"}},"wdio_ui5_key":"applicationmanagepartners-display-component---NewPartner--addressDetailDetailsCity1"}]}
RESULT: undefined
COMMAND: POST /session/9d48326ae870b5d3a573a2f725ac1bbc/execute/async - {"script":"<script> [776 bytes]","args":[{"enterText":"Rosario","selector":{"id":"application-managepartners-display-component---NewPartner--addressDetailDetailsCity1","interaction":{"idSuffix":"inner"}},"clearTextFirst":true,"interactionType":"ENTER_TEXT"}]}
RESULT: {"script":"<script> [776 bytes]","args":[{"enterText":"Rosario","selector":{"id":"application-managepartners-display-component---NewPartner--addressDetailDetailsCity1","interaction":{"idSuffix":"inner"}},"clearTextFirst":true,"interactionType":"ENTER_TEXT"}]}
COMMAND: POST /session/9d48326ae870b5d3a573a2f725ac1bbc/execute/async - {"script":"<script> [1562 bytes]","args":[{"selector":{"id":"application-managepartners-display-component---NewPartner--addressDetailDetailsCountry-arrow"},"wdio_ui5_key":"applicationmanagepartners-display-component---NewPartner--addressDetailDetailsCountry-arrow"}]}
RESULT: {"script":"<script> [1562 bytes]","args":[{"selector":{"id":"application-managepartners-display-component---NewPartner--addressDetailDetailsCountry-arrow"},"wdio_ui5_key":"applicationmanagepartners-display-component---NewPartner--addressDetailDetailsCountry-arrow"}]}
RESULT: undefined
COMMAND: POST /session/9d48326ae870b5d3a573a2f725ac1bbc/element - {"using":"xpath","value":"//*[@id=\"application-managepartners-display-component---NewPartner--addressDetailDetailsCountry-arrow\"]"}
RESULT: {"using":"xpath","value":"//*[@id=\"application-managepartners-display-component---NewPartner--addressDetailDetailsCountry-arrow\"]"}
COMMAND: POST /session/9d48326ae870b5d3a573a2f725ac1bbc/element/f.0A588440BBC4B09490297E8A4E4C478B.d.967FDDD3DA96E3DE7D78025DE421A0B1.e.3413/click - {}
RESULT: {}
COMMAND: POST /session/9d48326ae870b5d3a573a2f725ac1bbc/element - {"using":"xpath","value":"//span[contains(text(), \"Argentina\")]"}
COMMAND: GET /session/9d48326ae870b5d3a573a2f725ac1bbc/screenshot - {}
RESULT: {"using":"xpath","value":"//span[contains(text(), \"Argentina\")]"}
COMMAND: POST /session/9d48326ae870b5d3a573a2f725ac1bbc/element/f.0A588440BBC4B09490297E8A4E4C478B.d.967FDDD3DA96E3DE7D78025DE421A0B1.e.3434/click - {}
RESULT: {}
RESULT: {}
COMMAND: GET /session/9d48326ae870b5d3a573a2f725ac1bbc/screenshot - {}
RESULT: {}
COMMAND: POST /session/9d48326ae870b5d3a573a2f725ac1bbc/element - {"using":"xpath","value":"//bdi[contains(text(), \"Commercial\")]"}
RESULT: {"using":"xpath","value":"//bdi[contains(text(), \"Commercial\")]"}
COMMAND: POST /session/9d48326ae870b5d3a573a2f725ac1bbc/element/f.0A588440BBC4B09490297E8A4E4C478B.d.967FDDD3DA96E3DE7D78025DE421A0B1.e.3435/click - {}
RESULT: {}
COMMAND: GET /session/9d48326ae870b5d3a573a2f725ac1bbc/screenshot - {}
RESULT: {}
COMMAND: POST /session/9d48326ae870b5d3a573a2f725ac1bbc/execute/async - {"script":"<script> [1562 bytes]","args":[{"selector":{"id":"application-managepartners-display-component---NewPartner--partnerDetailInternal-arrow"},"wdio_ui5_key":"applicationmanagepartners-display-component---NewPartner--partnerDetailInternal-arrow"}]}
RESULT: {"script":"<script> [1562 bytes]","args":[{"selector":{"id":"application-managepartners-display-component---NewPartner--partnerDetailInternal-arrow"},"wdio_ui5_key":"applicationmanagepartners-display-component---NewPartner--partnerDetailInternal-arrow"}]}
RESULT: undefined
COMMAND: POST /session/9d48326ae870b5d3a573a2f725ac1bbc/element - {"using":"xpath","value":"//*[@id=\"application-managepartners-display-component---NewPartner--partnerDetailInternal-arrow\"]"}
RESULT: {"using":"xpath","value":"//*[@id=\"application-managepartners-display-component---NewPartner--partnerDetailInternal-arrow\"]"}
COMMAND: POST /session/9d48326ae870b5d3a573a2f725ac1bbc/element/f.0A588440BBC4B09490297E8A4E4C478B.d.967FDDD3DA96E3DE7D78025DE421A0B1.e.3441/click - {}
RESULT: {}
COMMAND: POST /session/9d48326ae870b5d3a573a2f725ac1bbc/element - {"using":"xpath","value":"//span[contains(text(), \"Affiliated company\")]"}
COMMAND: GET /session/9d48326ae870b5d3a573a2f725ac1bbc/screenshot - {}
RESULT: {"using":"xpath","value":"//span[contains(text(), \"Affiliated company\")]"}
COMMAND: POST /session/9d48326ae870b5d3a573a2f725ac1bbc/element/f.0A588440BBC4B09490297E8A4E4C478B.d.967FDDD3DA96E3DE7D78025DE421A0B1.e.3442/click - {}
RESULT: {}
RESULT: {}
COMMAND: POST /session/9d48326ae870b5d3a573a2f725ac1bbc/execute/async - {"script":"<script> [1562 bytes]","args":[{"selector":{"id":"application-managepartners-display-component---NewPartner--partnerDetailsCurrency-arrow"},"wdio_ui5_key":"applicationmanagepartners-display-component---NewPartner--partnerDetailsCurrency-arrow"}]}
COMMAND: GET /session/9d48326ae870b5d3a573a2f725ac1bbc/screenshot - {}
RESULT: {"script":"<script> [1562 bytes]","args":[{"selector":{"id":"application-managepartners-display-component---NewPartner--partnerDetailsCurrency-arrow"},"wdio_ui5_key":"applicationmanagepartners-display-component---NewPartner--partnerDetailsCurrency-arrow"}]}
RESULT: undefined
COMMAND: POST /session/9d48326ae870b5d3a573a2f725ac1bbc/element - {"using":"xpath","value":"//*[@id=\"application-managepartners-display-component---NewPartner--partnerDetailsCurrency-arrow\"]"}
RESULT: {}
RESULT: {"using":"xpath","value":"//*[@id=\"application-managepartners-display-component---NewPartner--partnerDetailsCurrency-arrow\"]"}
COMMAND: POST /session/9d48326ae870b5d3a573a2f725ac1bbc/element/f.0A588440BBC4B09490297E8A4E4C478B.d.967FDDD3DA96E3DE7D78025DE421A0B1.e.3449/click - {}
RESULT: {}
COMMAND: POST /session/9d48326ae870b5d3a573a2f725ac1bbc/element - {"using":"xpath","value":"//span[contains(text(), \"Euro\")]"}
COMMAND: GET /session/9d48326ae870b5d3a573a2f725ac1bbc/screenshot - {}
RESULT: {"using":"xpath","value":"//span[contains(text(), \"Euro\")]"}
COMMAND: POST /session/9d48326ae870b5d3a573a2f725ac1bbc/element/f.0A588440BBC4B09490297E8A4E4C478B.d.967FDDD3DA96E3DE7D78025DE421A0B1.e.3450/click - {}
RESULT: {}
RESULT: {}
COMMAND: POST /session/9d48326ae870b5d3a573a2f725ac1bbc/execute/async - {"script":"<script> [1562 bytes]","args":[{"selector":{"id":"application-managepartners-display-component---NewPartner--addressEditDetailsCostObjectCstType-arrow"},"wdio_ui5_key":"applicationmanagepartners-display-component---NewPartner--addressEditDetailsCostObjectCstType-arrow"}]}
COMMAND: GET /session/9d48326ae870b5d3a573a2f725ac1bbc/screenshot - {}
RESULT: {"script":"<script> [1562 bytes]","args":[{"selector":{"id":"application-managepartners-display-component---NewPartner--addressEditDetailsCostObjectCstType-arrow"},"wdio_ui5_key":"applicationmanagepartners-display-component---NewPartner--addressEditDetailsCostObjectCstType-arrow"}]}
RESULT: undefined
COMMAND: POST /session/9d48326ae870b5d3a573a2f725ac1bbc/element - {"using":"xpath","value":"//*[@id=\"application-managepartners-display-component---NewPartner--addressEditDetailsCostObjectCstType-arrow\"]"}
RESULT: {}
RESULT: {"using":"xpath","value":"//*[@id=\"application-managepartners-display-component---NewPartner--addressEditDetailsCostObjectCstType-arrow\"]"}
COMMAND: POST /session/9d48326ae870b5d3a573a2f725ac1bbc/element/f.0A588440BBC4B09490297E8A4E4C478B.d.967FDDD3DA96E3DE7D78025DE421A0B1.e.3451/click - {}
RESULT: {}
COMMAND: POST /session/9d48326ae870b5d3a573a2f725ac1bbc/element - {"using":"xpath","value":"//span[contains(text(), \"Cost Center\")]"}
COMMAND: GET /session/9d48326ae870b5d3a573a2f725ac1bbc/screenshot - {}
RESULT: {"using":"xpath","value":"//span[contains(text(), \"Cost Center\")]"}
COMMAND: POST /session/9d48326ae870b5d3a573a2f725ac1bbc/element/f.0A588440BBC4B09490297E8A4E4C478B.d.967FDDD3DA96E3DE7D78025DE421A0B1.e.3452/click - {}
RESULT: {}
RESULT: {}
COMMAND: GET /session/9d48326ae870b5d3a573a2f725ac1bbc/screenshot - {}
RESULT: {}
COMMAND: POST /session/9d48326ae870b5d3a573a2f725ac1bbc/element - {"using":"xpath","value":"//span[@id=\"application-managepartners-display-component---NewPartner--addressNewCostObjectCstID-vhi\"]"}
RESULT: {"using":"xpath","value":"//span[@id=\"application-managepartners-display-component---NewPartner--addressNewCostObjectCstID-vhi\"]"}
COMMAND: POST /session/9d48326ae870b5d3a573a2f725ac1bbc/execute/sync - {"script":"<script> [8489 bytes]","args":[{"element-6066-11e4-a52e-4f735466cecf":"f.0A588440BBC4B09490297E8A4E4C478B.d.967FDDD3DA96E3DE7D78025DE421A0B1.e.3456","ELEMENT":"f.0A588440BBC4B09490297E8A4E4C478B.d.967FDDD3DA96E3DE7D78025DE421A0B1.e.3456"}]}
RESULT: {"script":"<script> [8489 bytes]","args":[{"element-6066-11e4-a52e-4f735466cecf":"f.0A588440BBC4B09490297E8A4E4C478B.d.967FDDD3DA96E3DE7D78025DE421A0B1.e.3456","ELEMENT":"f.0A588440BBC4B09490297E8A4E4C478B.d.967FDDD3DA96E3DE7D78025DE421A0B1.e.3456"}]}
COMMAND: POST /session/9d48326ae870b5d3a573a2f725ac1bbc/execute/async - {"script":"<script> [1562 bytes]","args":[{"selector":{"id":"application-managepartners-display-component---NewPartner--addressNewCostObjectCstID-vhi"},"wdio_ui5_key":"applicationmanagepartners-display-component---NewPartner--addressNewCostObjectCstID-vhi"}]}
COMMAND: GET /session/9d48326ae870b5d3a573a2f725ac1bbc/screenshot - {}
RESULT: {"script":"<script> [1562 bytes]","args":[{"selector":{"id":"application-managepartners-display-component---NewPartner--addressNewCostObjectCstID-vhi"},"wdio_ui5_key":"applicationmanagepartners-display-component---NewPartner--addressNewCostObjectCstID-vhi"}]}
RESULT: undefined
COMMAND: POST /session/9d48326ae870b5d3a573a2f725ac1bbc/element - {"using":"xpath","value":"//*[@id=\"application-managepartners-display-component---NewPartner--addressNewCostObjectCstID-vhi\"]"}
RESULT: {}
RESULT: {"using":"xpath","value":"//*[@id=\"application-managepartners-display-component---NewPartner--addressNewCostObjectCstID-vhi\"]"}
COMMAND: POST /session/9d48326ae870b5d3a573a2f725ac1bbc/element/f.0A588440BBC4B09490297E8A4E4C478B.d.967FDDD3DA96E3DE7D78025DE421A0B1.e.3456/click - {}
RESULT: {}
COMMAND: GET /session/9d48326ae870b5d3a573a2f725ac1bbc/screenshot - {}
RESULT: {}
RESULT: undefined
COMMAND: POST /session/9d48326ae870b5d3a573a2f725ac1bbc/execute/async - {"script":"<script> [776 bytes]","args":[{"enterText":"10001013","selector":{"controlType":"sap.m.SearchField","properties":{"placeholder":"Search"},"searchOpenDialogs":true,"interaction":{"idSuffix":"I"}},"clearTextFirst":true,"interactionType":"ENTER_TEXT"}]}
RESULT: {"script":"<script> [776 bytes]","args":[{"enterText":"10001013","selector":{"controlType":"sap.m.SearchField","properties":{"placeholder":"Search"},"searchOpenDialogs":true,"interaction":{"idSuffix":"I"}},"clearTextFirst":true,"interactionType":"ENTER_TEXT"}]}
COMMAND: POST /session/9d48326ae870b5d3a573a2f725ac1bbc/actions - {"actions":[{"id":"action2","type":"key","parameters":{},"actions":[{"type":"keyDown","value":""},{"type":"pause","duration":10},{"type":"keyUp","value":""}]}]}
RESULT: {"actions":[{"id":"action2","type":"key","parameters":{},"actions":[{"type":"keyDown","value":""},{"type":"pause","duration":10},{"type":"keyUp","value":""}]}]}
COMMAND: GET /session/9d48326ae870b5d3a573a2f725ac1bbc/screenshot - {}
RESULT: {}
COMMAND: POST /session/9d48326ae870b5d3a573a2f725ac1bbc/element - {"using":"xpath","value":"//span[contains(text(), \"General Management\")]"}
RESULT: {"using":"xpath","value":"//span[contains(text(), \"General Management\")]"}
COMMAND: POST /session/9d48326ae870b5d3a573a2f725ac1bbc/element/f.0A588440BBC4B09490297E8A4E4C478B.d.967FDDD3DA96E3DE7D78025DE421A0B1.e.3495/click - {}
RESULT: {}
COMMAND: GET /session/9d48326ae870b5d3a573a2f725ac1bbc/screenshot - {}
RESULT: {}
COMMAND: POST /session/9d48326ae870b5d3a573a2f725ac1bbc/element - {"using":"xpath","value":"//bdi[contains(text(), \"OK\")]"}
RESULT: {"using":"xpath","value":"//bdi[contains(text(), \"OK\")]"}
COMMAND: POST /session/9d48326ae870b5d3a573a2f725ac1bbc/element/f.0A588440BBC4B09490297E8A4E4C478B.d.967FDDD3DA96E3DE7D78025DE421A0B1.e.3496/click - {}
RESULT: {}
COMMAND: GET /session/9d48326ae870b5d3a573a2f725ac1bbc/screenshot - {}
RESULT: {}
COMMAND: POST /session/9d48326ae870b5d3a573a2f725ac1bbc/element - {"using":"xpath","value":"//input[@id=\"application-managepartners-display-component---NewPartner--companyCodeComboBox-inner\"]"}
RESULT: {"using":"xpath","value":"//input[@id=\"application-managepartners-display-component---NewPartner--companyCodeComboBox-inner\"]"}
COMMAND: POST /session/9d48326ae870b5d3a573a2f725ac1bbc/element/f.0A588440BBC4B09490297E8A4E4C478B.d.967FDDD3DA96E3DE7D78025DE421A0B1.e.3292/clear - {}
RESULT: {}
COMMAND: POST /session/9d48326ae870b5d3a573a2f725ac1bbc/element/f.0A588440BBC4B09490297E8A4E4C478B.d.967FDDD3DA96E3DE7D78025DE421A0B1.e.3292/value - {"text":"C002"}
COMMAND: GET /session/9d48326ae870b5d3a573a2f725ac1bbc/screenshot - {}
RESULT: {"text":"C002"}
COMMAND: GET /session/9d48326ae870b5d3a573a2f725ac1bbc/screenshot - {}
RESULT: {}
RESULT: {}
COMMAND: POST /session/9d48326ae870b5d3a573a2f725ac1bbc/element - {"using":"xpath","value":"//li[.//span[text()= \"C002\"]]"}
RESULT: {"using":"xpath","value":"//li[.//span[text()= \"C002\"]]"}
COMMAND: POST /session/9d48326ae870b5d3a573a2f725ac1bbc/element/f.0A588440BBC4B09490297E8A4E4C478B.d.967FDDD3DA96E3DE7D78025DE421A0B1.e.3502/click - {}
RESULT: {}
COMMAND: GET /session/9d48326ae870b5d3a573a2f725ac1bbc/screenshot - {}
RESULT: {}
COMMAND: POST /session/9d48326ae870b5d3a573a2f725ac1bbc/execute/async - {"script":"<script> [1562 bytes]","args":[{"selector":{"id":"application-managepartners-display-component---NewPartner--btnAddTableRow-img"},"wdio_ui5_key":"applicationmanagepartners-display-component---NewPartner--btnAddTableRow-img"}]}
RESULT: {"script":"<script> [1562 bytes]","args":[{"selector":{"id":"application-managepartners-display-component---NewPartner--btnAddTableRow-img"},"wdio_ui5_key":"applicationmanagepartners-display-component---NewPartner--btnAddTableRow-img"}]}
RESULT: undefined
COMMAND: POST /session/9d48326ae870b5d3a573a2f725ac1bbc/element - {"using":"xpath","value":"//*[@id=\"application-managepartners-display-component---NewPartner--btnAddTableRow-img\"]"}
RESULT: {"using":"xpath","value":"//*[@id=\"application-managepartners-display-component---NewPartner--btnAddTableRow-img\"]"}
COMMAND: POST /session/9d48326ae870b5d3a573a2f725ac1bbc/element/f.0A588440BBC4B09490297E8A4E4C478B.d.967FDDD3DA96E3DE7D78025DE421A0B1.e.3503/click - {}
RESULT: {}
COMMAND: GET /session/9d48326ae870b5d3a573a2f725ac1bbc/screenshot - {}
RESULT: {}
COMMAND: POST /session/9d48326ae870b5d3a573a2f725ac1bbc/element - {"using":"xpath","value":"//input[@id=\"application-managepartners-display-component---NewPartner--assignmentYard-application-managepartners-display-component---NewPartner--assignmentsTable-0-inner\"]"}
RESULT: {"using":"xpath","value":"//input[@id=\"application-managepartners-display-component---NewPartner--assignmentYard-application-managepartners-display-component---NewPartner--assignmentsTable-0-inner\"]"}
COMMAND: POST /session/9d48326ae870b5d3a573a2f725ac1bbc/element/f.0A588440BBC4B09490297E8A4E4C478B.d.967FDDD3DA96E3DE7D78025DE421A0B1.e.3506/clear - {}
RESULT: {}
COMMAND: POST /session/9d48326ae870b5d3a573a2f725ac1bbc/element/f.0A588440BBC4B09490297E8A4E4C478B.d.967FDDD3DA96E3DE7D78025DE421A0B1.e.3506/value - {"text":"531"}
COMMAND: GET /session/9d48326ae870b5d3a573a2f725ac1bbc/screenshot - {}
RESULT: {"text":"531"}
COMMAND: GET /session/9d48326ae870b5d3a573a2f725ac1bbc/screenshot - {}
RESULT: {}
RESULT: {}
COMMAND: POST /session/9d48326ae870b5d3a573a2f725ac1bbc/element - {"using":"xpath","value":"//li[.//span[text()='531']]"}
RESULT: {"using":"xpath","value":"//li[.//span[text()='531']]"}
COMMAND: POST /session/9d48326ae870b5d3a573a2f725ac1bbc/element/f.0A588440BBC4B09490297E8A4E4C478B.d.967FDDD3DA96E3DE7D78025DE421A0B1.e.3515/click - {}
RESULT: {}
COMMAND: GET /session/9d48326ae870b5d3a573a2f725ac1bbc/screenshot - {}
RESULT: {}
COMMAND: POST /session/9d48326ae870b5d3a573a2f725ac1bbc/actions - {"actions":[{"id":"action3","type":"key","parameters":{},"actions":[{"type":"keyDown","value":""},{"type":"pause","duration":10},{"type":"keyUp","value":""}]}]}
RESULT: {"actions":[{"id":"action3","type":"key","parameters":{},"actions":[{"type":"keyDown","value":""},{"type":"pause","duration":10},{"type":"keyUp","value":""}]}]}
COMMAND: POST /session/9d48326ae870b5d3a573a2f725ac1bbc/execute/async - {"script":"<script> [1562 bytes]","args":[{"selector":{"id":"application-managepartners-display-component---NewPartner--externalCustomerComboBox-application-managepartners-display-component---NewPartner--assignmentsTable-0-vhi"},"wdio_ui5_key":"applicationmanagepartners-display-component---NewPartner--externalCustomerComboBox-application-managepartners-display-component---NewPartner--assignmentsTable-0-vhi"}]}
COMMAND: GET /session/9d48326ae870b5d3a573a2f725ac1bbc/screenshot - {}
RESULT: {"script":"<script> [1562 bytes]","args":[{"selector":{"id":"application-managepartners-display-component---NewPartner--externalCustomerComboBox-application-managepartners-display-component---NewPartner--assignmentsTable-0-vhi"},"wdio_ui5_key":"applicationmanagepartners-display-component---NewPartner--externalCustomerComboBox-application-managepartners-display-component---NewPartner--assignmentsTable-0-vhi"}]}
RESULT: undefined
COMMAND: POST /session/9d48326ae870b5d3a573a2f725ac1bbc/element - {"using":"xpath","value":"//*[@id=\"application-managepartners-display-component---NewPartner--externalCustomerComboBox-application-managepartners-display-component---NewPartner--assignmentsTable-0-vhi\"]"}
RESULT: {}
RESULT: {"using":"xpath","value":"//*[@id=\"application-managepartners-display-component---NewPartner--externalCustomerComboBox-application-managepartners-display-component---NewPartner--assignmentsTable-0-vhi\"]"}
COMMAND: POST /session/9d48326ae870b5d3a573a2f725ac1bbc/element/f.0A588440BBC4B09490297E8A4E4C478B.d.967FDDD3DA96E3DE7D78025DE421A0B1.e.3519/click - {}
RESULT: {}
RESULT: undefined
COMMAND: POST /session/9d48326ae870b5d3a573a2f725ac1bbc/execute/async - {"script":"<script> [776 bytes]","args":[{"enterText":"300003","selector":{"controlType":"sap.m.SearchField","properties":{"placeholder":"Search"},"searchOpenDialogs":true,"interaction":{"idSuffix":"I"}},"clearTextFirst":true,"interactionType":"ENTER_TEXT"}]}
COMMAND: GET /session/9d48326ae870b5d3a573a2f725ac1bbc/screenshot - {}
RESULT: {"script":"<script> [776 bytes]","args":[{"enterText":"300003","selector":{"controlType":"sap.m.SearchField","properties":{"placeholder":"Search"},"searchOpenDialogs":true,"interaction":{"idSuffix":"I"}},"clearTextFirst":true,"interactionType":"ENTER_TEXT"}]}
COMMAND: POST /session/9d48326ae870b5d3a573a2f725ac1bbc/actions - {"actions":[{"id":"action4","type":"key","parameters":{},"actions":[{"type":"keyDown","value":""},{"type":"pause","duration":10},{"type":"keyUp","value":""}]}]}
RESULT: {}
RESULT: {"actions":[{"id":"action4","type":"key","parameters":{},"actions":[{"type":"keyDown","value":""},{"type":"pause","duration":10},{"type":"keyUp","value":""}]}]}
COMMAND: GET /session/9d48326ae870b5d3a573a2f725ac1bbc/screenshot - {}
RESULT: {}
COMMAND: POST /session/9d48326ae870b5d3a573a2f725ac1bbc/element - {"using":"xpath","value":"//span[contains(text(), \"300003\")]"}
RESULT: {"using":"xpath","value":"//span[contains(text(), \"300003\")]"}
COMMAND: POST /session/9d48326ae870b5d3a573a2f725ac1bbc/element/f.0A588440BBC4B09490297E8A4E4C478B.d.967FDDD3DA96E3DE7D78025DE421A0B1.e.3538/click - {}
RESULT: {}
COMMAND: GET /session/9d48326ae870b5d3a573a2f725ac1bbc/screenshot - {}
RESULT: {}
COMMAND: POST /session/9d48326ae870b5d3a573a2f725ac1bbc/element - {"using":"xpath","value":"//bdi[contains(text(), \"OK\")]"}
RESULT: {"using":"xpath","value":"//bdi[contains(text(), \"OK\")]"}
COMMAND: POST /session/9d48326ae870b5d3a573a2f725ac1bbc/element/f.0A588440BBC4B09490297E8A4E4C478B.d.967FDDD3DA96E3DE7D78025DE421A0B1.e.3540/click - {}
RESULT: {}
COMMAND: GET /session/9d48326ae870b5d3a573a2f725ac1bbc/screenshot - {}
COMMAND: POST /session/9d48326ae870b5d3a573a2f725ac1bbc/execute/async - {"script":"<script> [1562 bytes]","args":[{"selector":{"id":"application-managepartners-display-component---NewPartner--intercompVendorComboBox-application-managepartners-display-component---NewPartner--assignmentsTable-0-vhi"},"wdio_ui5_key":"applicationmanagepartners-display-component---NewPartner--intercompVendorComboBox-application-managepartners-display-component---NewPartner--assignmentsTable-0-vhi"}]}
RESULT: {}
RESULT: {"script":"<script> [1562 bytes]","args":[{"selector":{"id":"application-managepartners-display-component---NewPartner--intercompVendorComboBox-application-managepartners-display-component---NewPartner--assignmentsTable-0-vhi"},"wdio_ui5_key":"applicationmanagepartners-display-component---NewPartner--intercompVendorComboBox-application-managepartners-display-component---NewPartner--assignmentsTable-0-vhi"}]}
RESULT: undefined
COMMAND: POST /session/9d48326ae870b5d3a573a2f725ac1bbc/element - {"using":"xpath","value":"//*[@id=\"application-managepartners-display-component---NewPartner--intercompVendorComboBox-application-managepartners-display-component---NewPartner--assignmentsTable-0-vhi\"]"}
RESULT: {"using":"xpath","value":"//*[@id=\"application-managepartners-display-component---NewPartner--intercompVendorComboBox-application-managepartners-display-component---NewPartner--assignmentsTable-0-vhi\"]"}
COMMAND: POST /session/9d48326ae870b5d3a573a2f725ac1bbc/element/f.0A588440BBC4B09490297E8A4E4C478B.d.967FDDD3DA96E3DE7D78025DE421A0B1.e.3544/click - {}
RESULT: {}
RESULT: undefined
COMMAND: POST /session/9d48326ae870b5d3a573a2f725ac1bbc/execute/async - {"script":"<script> [776 bytes]","args":[{"enterText":"100005","selector":{"controlType":"sap.m.SearchField","properties":{"placeholder":"Search"},"searchOpenDialogs":true,"interaction":{"idSuffix":"I"}},"clearTextFirst":true,"interactionType":"ENTER_TEXT"}]}
COMMAND: GET /session/9d48326ae870b5d3a573a2f725ac1bbc/screenshot - {}
RESULT: {"script":"<script> [776 bytes]","args":[{"enterText":"100005","selector":{"controlType":"sap.m.SearchField","properties":{"placeholder":"Search"},"searchOpenDialogs":true,"interaction":{"idSuffix":"I"}},"clearTextFirst":true,"interactionType":"ENTER_TEXT"}]}
COMMAND: POST /session/9d48326ae870b5d3a573a2f725ac1bbc/actions - {"actions":[{"id":"action5","type":"key","parameters":{},"actions":[{"type":"keyDown","value":""},{"type":"pause","duration":10},{"type":"keyUp","value":""}]}]}
RESULT: {}
RESULT: {"actions":[{"id":"action5","type":"key","parameters":{},"actions":[{"type":"keyDown","value":""},{"type":"pause","duration":10},{"type":"keyUp","value":""}]}]}
COMMAND: GET /session/9d48326ae870b5d3a573a2f725ac1bbc/screenshot - {}
RESULT: {}
COMMAND: POST /session/9d48326ae870b5d3a573a2f725ac1bbc/element - {"using":"xpath","value":"//span[contains(text(), \"Penguins - Field/12345 Berlin\")]"}
RESULT: {"using":"xpath","value":"//span[contains(text(), \"Penguins - Field/12345 Berlin\")]"}
COMMAND: POST /session/9d48326ae870b5d3a573a2f725ac1bbc/element/f.0A588440BBC4B09490297E8A4E4C478B.d.967FDDD3DA96E3DE7D78025DE421A0B1.e.3563/click - {}
RESULT: {}
COMMAND: GET /session/9d48326ae870b5d3a573a2f725ac1bbc/screenshot - {}
RESULT: {}
COMMAND: POST /session/9d48326ae870b5d3a573a2f725ac1bbc/element - {"using":"xpath","value":"//bdi[contains(text(), \"OK\")]"}
RESULT: {"using":"xpath","value":"//bdi[contains(text(), \"OK\")]"}
COMMAND: POST /session/9d48326ae870b5d3a573a2f725ac1bbc/element/f.0A588440BBC4B09490297E8A4E4C478B.d.967FDDD3DA96E3DE7D78025DE421A0B1.e.3564/click - {}
RESULT: {}
COMMAND: GET /session/9d48326ae870b5d3a573a2f725ac1bbc/screenshot - {}
RESULT: {}
COMMAND: POST /session/9d48326ae870b5d3a573a2f725ac1bbc/element - {"using":"xpath","value":"//button[@data-kt=\"saveButton\"]"}
RESULT: {"using":"xpath","value":"//button[@data-kt=\"saveButton\"]"}
COMMAND: POST /session/9d48326ae870b5d3a573a2f725ac1bbc/element/f.0A588440BBC4B09490297E8A4E4C478B.d.967FDDD3DA96E3DE7D78025DE421A0B1.e.3415/click - {}
RESULT: {}
COMMAND: GET /session/9d48326ae870b5d3a573a2f725ac1bbc/screenshot - {}
RESULT: {}
COMMAND: POST /session/9d48326ae870b5d3a573a2f725ac1bbc/element - {"using":"xpath","value":"//header[contains(@id, 'ObjectPageLayout-headerTitle')]/div[1]/div[2]/div[2]/span[1]"}
RESULT: {"using":"xpath","value":"//header[contains(@id, 'ObjectPageLayout-headerTitle')]/div[1]/div[2]/div[2]/span[1]"}
COMMAND: POST /session/9d48326ae870b5d3a573a2f725ac1bbc/elements - {"using":"xpath","value":"//header[contains(@id, 'ObjectPageLayout-headerTitle')]/div[1]/div[2]/div[2]/span[1]"}
RESULT: {"using":"xpath","value":"//header[contains(@id, 'ObjectPageLayout-headerTitle')]/div[1]/div[2]/div[2]/span[1]"}
COMMAND: POST /session/9d48326ae870b5d3a573a2f725ac1bbc/execute/sync - {"script":"<script> [56 bytes]","args":[{"element-6066-11e4-a52e-4f735466cecf":"f.0A588440BBC4B09490297E8A4E4C478B.d.967FDDD3DA96E3DE7D78025DE421A0B1.e.3727","ELEMENT":"f.0A588440BBC4B09490297E8A4E4C478B.d.967FDDD3DA96E3DE7D78025DE421A0B1.e.3727"}]}
RESULT: {"script":"<script> [56 bytes]","args":[{"element-6066-11e4-a52e-4f735466cecf":"f.0A588440BBC4B09490297E8A4E4C478B.d.967FDDD3DA96E3DE7D78025DE421A0B1.e.3727","ELEMENT":"f.0A588440BBC4B09490297E8A4E4C478B.d.967FDDD3DA96E3DE7D78025DE421A0B1.e.3727"}]}
COMMAND: POST /session/9d48326ae870b5d3a573a2f725ac1bbc/element - {"using":"css selector","value":"#shell-header-logo"}
COMMAND: GET /session/9d48326ae870b5d3a573a2f725ac1bbc/screenshot - {}
RESULT: {"using":"css selector","value":"#shell-header-logo"}
COMMAND: POST /session/9d48326ae870b5d3a573a2f725ac1bbc/element/f.0A588440BBC4B09490297E8A4E4C478B.d.967FDDD3DA96E3DE7D78025DE421A0B1.e.2946/click - {}
RESULT: {}
RESULT: {}
COMMAND: GET /session/9d48326ae870b5d3a573a2f725ac1bbc/screenshot - {}
RESULT: {}
COMMAND: POST /session/9d48326ae870b5d3a573a2f725ac1bbc/execute/sync - {"script":"<script> [299 bytes]","args":[["getModel","getResource"]]}
RESULT: {"script":"<script> [299 bytes]","args":[["getModel","getResource"]]}
]]></system-out>
    </testcase>
    <testcase classname="chrome.136_0_7103_93.windows.Billing_Transfer_-_Master_data_&amp;_Intercompany_US127250" name="Should create a new site" time="101.607">
      <system-out><![CDATA[
COMMAND: GET /session/9d48326ae870b5d3a573a2f725ac1bbc/screenshot - {}
COMMAND: POST /session/9d48326ae870b5d3a573a2f725ac1bbc/execute/async - {"script":"<script> [1562 bytes]","args":[{"selector":{"controlType":"sap.m.GenericTile","properties":{"header":"Manage Sites"}},"wdio_ui5_key":"sapm.GenericTile{\"header\":\"Manage Sites\"}"}]}
RESULT: {}
RESULT: {"script":"<script> [1562 bytes]","args":[{"selector":{"controlType":"sap.m.GenericTile","properties":{"header":"Manage Sites"}},"wdio_ui5_key":"sapm.GenericTile{\"header\":\"Manage Sites\"}"}]}
RESULT: undefined
COMMAND: POST /session/9d48326ae870b5d3a573a2f725ac1bbc/element - {"using":"xpath","value":"//*[@id=\"__tile40\"]"}
RESULT: {"using":"xpath","value":"//*[@id=\"__tile40\"]"}
COMMAND: POST /session/9d48326ae870b5d3a573a2f725ac1bbc/element/f.0A588440BBC4B09490297E8A4E4C478B.d.967FDDD3DA96E3DE7D78025DE421A0B1.e.2100/click - {}
RESULT: {}
COMMAND: GET /session/9d48326ae870b5d3a573a2f725ac1bbc/screenshot - {}
RESULT: {}
COMMAND: POST /session/9d48326ae870b5d3a573a2f725ac1bbc/elements - {"using":"xpath","value":"//span[text()='Error']"}
RESULT: {"using":"xpath","value":"//span[text()='Error']"}
COMMAND: POST /session/9d48326ae870b5d3a573a2f725ac1bbc/element - {"using":"xpath","value":"//button[@data-kt=\"addOverflowToolbarButton\"]"}
RESULT: {"using":"xpath","value":"//button[@data-kt=\"addOverflowToolbarButton\"]"}
COMMAND: POST /session/9d48326ae870b5d3a573a2f725ac1bbc/elements - {"using":"xpath","value":"//button[@data-kt=\"addOverflowToolbarButton\"]"}
RESULT: {"using":"xpath","value":"//button[@data-kt=\"addOverflowToolbarButton\"]"}
COMMAND: POST /session/9d48326ae870b5d3a573a2f725ac1bbc/execute/sync - {"script":"<script> [8489 bytes]","args":[{"element-6066-11e4-a52e-4f735466cecf":"f.0A588440BBC4B09490297E8A4E4C478B.d.967FDDD3DA96E3DE7D78025DE421A0B1.e.3774","ELEMENT":"f.0A588440BBC4B09490297E8A4E4C478B.d.967FDDD3DA96E3DE7D78025DE421A0B1.e.3774"}]}
RESULT: {"script":"<script> [8489 bytes]","args":[{"element-6066-11e4-a52e-4f735466cecf":"f.0A588440BBC4B09490297E8A4E4C478B.d.967FDDD3DA96E3DE7D78025DE421A0B1.e.3774","ELEMENT":"f.0A588440BBC4B09490297E8A4E4C478B.d.967FDDD3DA96E3DE7D78025DE421A0B1.e.3774"}]}
COMMAND: GET /session/9d48326ae870b5d3a573a2f725ac1bbc/element/f.0A588440BBC4B09490297E8A4E4C478B.d.967FDDD3DA96E3DE7D78025DE421A0B1.e.3774/enabled - {}
COMMAND: GET /session/9d48326ae870b5d3a573a2f725ac1bbc/screenshot - {}
RESULT: {}
COMMAND: POST /session/9d48326ae870b5d3a573a2f725ac1bbc/execute/sync - {"script":"<script> [8489 bytes]","args":[{"element-6066-11e4-a52e-4f735466cecf":"f.0A588440BBC4B09490297E8A4E4C478B.d.967FDDD3DA96E3DE7D78025DE421A0B1.e.3774","ELEMENT":"f.0A588440BBC4B09490297E8A4E4C478B.d.967FDDD3DA96E3DE7D78025DE421A0B1.e.3774"}]}
COMMAND: GET /session/9d48326ae870b5d3a573a2f725ac1bbc/screenshot - {}
RESULT: {}
RESULT: {"script":"<script> [8489 bytes]","args":[{"element-6066-11e4-a52e-4f735466cecf":"f.0A588440BBC4B09490297E8A4E4C478B.d.967FDDD3DA96E3DE7D78025DE421A0B1.e.3774","ELEMENT":"f.0A588440BBC4B09490297E8A4E4C478B.d.967FDDD3DA96E3DE7D78025DE421A0B1.e.3774"}]}
COMMAND: POST /session/9d48326ae870b5d3a573a2f725ac1bbc/execute/sync - {"script":"<script> [5351 bytes]","args":[{"element-6066-11e4-a52e-4f735466cecf":"f.0A588440BBC4B09490297E8A4E4C478B.d.967FDDD3DA96E3DE7D78025DE421A0B1.e.3774","ELEMENT":"f.0A588440BBC4B09490297E8A4E4C478B.d.967FDDD3DA96E3DE7D78025DE421A0B1.e.3774"}]}
COMMAND: GET /session/9d48326ae870b5d3a573a2f725ac1bbc/screenshot - {}
RESULT: {}
RESULT: {"script":"<script> [5351 bytes]","args":[{"element-6066-11e4-a52e-4f735466cecf":"f.0A588440BBC4B09490297E8A4E4C478B.d.967FDDD3DA96E3DE7D78025DE421A0B1.e.3774","ELEMENT":"f.0A588440BBC4B09490297E8A4E4C478B.d.967FDDD3DA96E3DE7D78025DE421A0B1.e.3774"}]}
COMMAND: POST /session/9d48326ae870b5d3a573a2f725ac1bbc/element/f.0A588440BBC4B09490297E8A4E4C478B.d.967FDDD3DA96E3DE7D78025DE421A0B1.e.3774/click - {}
COMMAND: GET /session/9d48326ae870b5d3a573a2f725ac1bbc/screenshot - {}
RESULT: {}
RESULT: {}
COMMAND: GET /session/9d48326ae870b5d3a573a2f725ac1bbc/screenshot - {}
COMMAND: POST /session/9d48326ae870b5d3a573a2f725ac1bbc/element - {"using":"xpath","value":"//input[@id=\"application-managesites-display-component---NewSite--siteId-inner\"]"}
RESULT: {}
RESULT: {}
RESULT: {"using":"xpath","value":"//input[@id=\"application-managesites-display-component---NewSite--siteId-inner\"]"}
COMMAND: POST /session/9d48326ae870b5d3a573a2f725ac1bbc/element - {"using":"xpath","value":"//input[@id=\"application-managesites-display-component---NewSite--siteId-inner\"]"}
RESULT: {"using":"xpath","value":"//input[@id=\"application-managesites-display-component---NewSite--siteId-inner\"]"}
COMMAND: POST /session/9d48326ae870b5d3a573a2f725ac1bbc/execute/async - {"script":"<script> [1562 bytes]","args":[{"selector":{"id":"application-managesites-display-component---NewSite--addressDetailDetailsName1","interaction":{"idSuffix":"inner"}},"wdio_ui5_key":"applicationmanagesites-display-component---NewSite--addressDetailDetailsName1"}]}
RESULT: {"script":"<script> [1562 bytes]","args":[{"selector":{"id":"application-managesites-display-component---NewSite--addressDetailDetailsName1","interaction":{"idSuffix":"inner"}},"wdio_ui5_key":"applicationmanagesites-display-component---NewSite--addressDetailDetailsName1"}]}
RESULT: undefined
COMMAND: POST /session/9d48326ae870b5d3a573a2f725ac1bbc/execute/async - {"script":"<script> [776 bytes]","args":[{"enterText":"Intercompany Site wdIO","selector":{"id":"application-managesites-display-component---NewSite--addressDetailDetailsName1","interaction":{"idSuffix":"inner"}},"clearTextFirst":true,"interactionType":"ENTER_TEXT"}]}
RESULT: {"script":"<script> [776 bytes]","args":[{"enterText":"Intercompany Site wdIO","selector":{"id":"application-managesites-display-component---NewSite--addressDetailDetailsName1","interaction":{"idSuffix":"inner"}},"clearTextFirst":true,"interactionType":"ENTER_TEXT"}]}
COMMAND: POST /session/9d48326ae870b5d3a573a2f725ac1bbc/execute/async - {"script":"<script> [1562 bytes]","args":[{"selector":{"id":"application-managesites-display-component---NewSite--addressDetailDetailsLanguage-arrow"},"wdio_ui5_key":"applicationmanagesites-display-component---NewSite--addressDetailDetailsLanguage-arrow"}]}
RESULT: {"script":"<script> [1562 bytes]","args":[{"selector":{"id":"application-managesites-display-component---NewSite--addressDetailDetailsLanguage-arrow"},"wdio_ui5_key":"applicationmanagesites-display-component---NewSite--addressDetailDetailsLanguage-arrow"}]}
RESULT: undefined
COMMAND: POST /session/9d48326ae870b5d3a573a2f725ac1bbc/element - {"using":"xpath","value":"//*[@id=\"application-managesites-display-component---NewSite--addressDetailDetailsLanguage-arrow\"]"}
RESULT: {"using":"xpath","value":"//*[@id=\"application-managesites-display-component---NewSite--addressDetailDetailsLanguage-arrow\"]"}
COMMAND: POST /session/9d48326ae870b5d3a573a2f725ac1bbc/element/f.0A588440BBC4B09490297E8A4E4C478B.d.967FDDD3DA96E3DE7D78025DE421A0B1.e.4407/click - {}
RESULT: {}
COMMAND: POST /session/9d48326ae870b5d3a573a2f725ac1bbc/element - {"using":"xpath","value":"//span[contains(text(), \"English\")]"}
COMMAND: GET /session/9d48326ae870b5d3a573a2f725ac1bbc/screenshot - {}
RESULT: {"using":"xpath","value":"//span[contains(text(), \"English\")]"}
COMMAND: POST /session/9d48326ae870b5d3a573a2f725ac1bbc/element/f.0A588440BBC4B09490297E8A4E4C478B.d.967FDDD3DA96E3DE7D78025DE421A0B1.e.4408/click - {}
RESULT: {}
RESULT: {}
COMMAND: POST /session/9d48326ae870b5d3a573a2f725ac1bbc/execute/async - {"script":"<script> [1562 bytes]","args":[{"selector":{"id":"application-managesites-display-component---NewSite--addressDetailDetailsCity1","interaction":{"idSuffix":"inner"}},"wdio_ui5_key":"applicationmanagesites-display-component---NewSite--addressDetailDetailsCity1"}]}
COMMAND: GET /session/9d48326ae870b5d3a573a2f725ac1bbc/screenshot - {}
RESULT: {"script":"<script> [1562 bytes]","args":[{"selector":{"id":"application-managesites-display-component---NewSite--addressDetailDetailsCity1","interaction":{"idSuffix":"inner"}},"wdio_ui5_key":"applicationmanagesites-display-component---NewSite--addressDetailDetailsCity1"}]}
RESULT: undefined
COMMAND: POST /session/9d48326ae870b5d3a573a2f725ac1bbc/execute/async - {"script":"<script> [776 bytes]","args":[{"enterText":"Rosario","selector":{"id":"application-managesites-display-component---NewSite--addressDetailDetailsCity1","interaction":{"idSuffix":"inner"}},"clearTextFirst":true,"interactionType":"ENTER_TEXT"}]}
RESULT: {}
RESULT: {"script":"<script> [776 bytes]","args":[{"enterText":"Rosario","selector":{"id":"application-managesites-display-component---NewSite--addressDetailDetailsCity1","interaction":{"idSuffix":"inner"}},"clearTextFirst":true,"interactionType":"ENTER_TEXT"}]}
COMMAND: POST /session/9d48326ae870b5d3a573a2f725ac1bbc/execute/async - {"script":"<script> [1562 bytes]","args":[{"selector":{"id":"application-managesites-display-component---NewSite--addressDetailDetailsCountry-arrow"},"wdio_ui5_key":"applicationmanagesites-display-component---NewSite--addressDetailDetailsCountry-arrow"}]}
RESULT: {"script":"<script> [1562 bytes]","args":[{"selector":{"id":"application-managesites-display-component---NewSite--addressDetailDetailsCountry-arrow"},"wdio_ui5_key":"applicationmanagesites-display-component---NewSite--addressDetailDetailsCountry-arrow"}]}
RESULT: undefined
COMMAND: POST /session/9d48326ae870b5d3a573a2f725ac1bbc/element - {"using":"xpath","value":"//*[@id=\"application-managesites-display-component---NewSite--addressDetailDetailsCountry-arrow\"]"}
RESULT: {"using":"xpath","value":"//*[@id=\"application-managesites-display-component---NewSite--addressDetailDetailsCountry-arrow\"]"}
COMMAND: POST /session/9d48326ae870b5d3a573a2f725ac1bbc/element/f.0A588440BBC4B09490297E8A4E4C478B.d.967FDDD3DA96E3DE7D78025DE421A0B1.e.4410/click - {}
RESULT: {}
COMMAND: POST /session/9d48326ae870b5d3a573a2f725ac1bbc/element - {"using":"xpath","value":"//span[contains(text(), \"Argentina\")]"}
COMMAND: GET /session/9d48326ae870b5d3a573a2f725ac1bbc/screenshot - {}
RESULT: {"using":"xpath","value":"//span[contains(text(), \"Argentina\")]"}
COMMAND: POST /session/9d48326ae870b5d3a573a2f725ac1bbc/element/f.0A588440BBC4B09490297E8A4E4C478B.d.967FDDD3DA96E3DE7D78025DE421A0B1.e.4412/click - {}
RESULT: {}
RESULT: {}
COMMAND: GET /session/9d48326ae870b5d3a573a2f725ac1bbc/screenshot - {}
RESULT: {}
COMMAND: POST /session/9d48326ae870b5d3a573a2f725ac1bbc/execute/async - {"script":"<script> [1562 bytes]","args":[{"selector":{"id":"application-managesites-display-component---NewSite--addressEditDetailsCostObjectCstType-arrow"},"wdio_ui5_key":"applicationmanagesites-display-component---NewSite--addressEditDetailsCostObjectCstType-arrow"}]}
RESULT: {"script":"<script> [1562 bytes]","args":[{"selector":{"id":"application-managesites-display-component---NewSite--addressEditDetailsCostObjectCstType-arrow"},"wdio_ui5_key":"applicationmanagesites-display-component---NewSite--addressEditDetailsCostObjectCstType-arrow"}]}
RESULT: undefined
COMMAND: POST /session/9d48326ae870b5d3a573a2f725ac1bbc/element - {"using":"xpath","value":"//*[@id=\"application-managesites-display-component---NewSite--addressEditDetailsCostObjectCstType-arrow\"]"}
RESULT: {"using":"xpath","value":"//*[@id=\"application-managesites-display-component---NewSite--addressEditDetailsCostObjectCstType-arrow\"]"}
COMMAND: POST /session/9d48326ae870b5d3a573a2f725ac1bbc/element/f.0A588440BBC4B09490297E8A4E4C478B.d.967FDDD3DA96E3DE7D78025DE421A0B1.e.4413/click - {}
RESULT: {}
COMMAND: POST /session/9d48326ae870b5d3a573a2f725ac1bbc/element - {"using":"xpath","value":"//span[contains(text(), \"Cost Center\")]"}
COMMAND: GET /session/9d48326ae870b5d3a573a2f725ac1bbc/screenshot - {}
RESULT: {"using":"xpath","value":"//span[contains(text(), \"Cost Center\")]"}
COMMAND: POST /session/9d48326ae870b5d3a573a2f725ac1bbc/element/f.0A588440BBC4B09490297E8A4E4C478B.d.967FDDD3DA96E3DE7D78025DE421A0B1.e.4414/click - {}
RESULT: {}
RESULT: {}
COMMAND: GET /session/9d48326ae870b5d3a573a2f725ac1bbc/screenshot - {}
RESULT: {}
COMMAND: POST /session/9d48326ae870b5d3a573a2f725ac1bbc/element - {"using":"xpath","value":"//span[@id=\"application-managesites-display-component---NewSite--addressNewCostObjectCstID-vhi\"]"}
RESULT: {"using":"xpath","value":"//span[@id=\"application-managesites-display-component---NewSite--addressNewCostObjectCstID-vhi\"]"}
COMMAND: POST /session/9d48326ae870b5d3a573a2f725ac1bbc/execute/sync - {"script":"<script> [8489 bytes]","args":[{"element-6066-11e4-a52e-4f735466cecf":"f.0A588440BBC4B09490297E8A4E4C478B.d.967FDDD3DA96E3DE7D78025DE421A0B1.e.4419","ELEMENT":"f.0A588440BBC4B09490297E8A4E4C478B.d.967FDDD3DA96E3DE7D78025DE421A0B1.e.4419"}]}
RESULT: {"script":"<script> [8489 bytes]","args":[{"element-6066-11e4-a52e-4f735466cecf":"f.0A588440BBC4B09490297E8A4E4C478B.d.967FDDD3DA96E3DE7D78025DE421A0B1.e.4419","ELEMENT":"f.0A588440BBC4B09490297E8A4E4C478B.d.967FDDD3DA96E3DE7D78025DE421A0B1.e.4419"}]}
COMMAND: POST /session/9d48326ae870b5d3a573a2f725ac1bbc/execute/async - {"script":"<script> [1562 bytes]","args":[{"selector":{"id":"application-managesites-display-component---NewSite--addressNewCostObjectCstID-vhi"},"wdio_ui5_key":"applicationmanagesites-display-component---NewSite--addressNewCostObjectCstID-vhi"}]}
COMMAND: GET /session/9d48326ae870b5d3a573a2f725ac1bbc/screenshot - {}
RESULT: {"script":"<script> [1562 bytes]","args":[{"selector":{"id":"application-managesites-display-component---NewSite--addressNewCostObjectCstID-vhi"},"wdio_ui5_key":"applicationmanagesites-display-component---NewSite--addressNewCostObjectCstID-vhi"}]}
RESULT: undefined
COMMAND: POST /session/9d48326ae870b5d3a573a2f725ac1bbc/element - {"using":"xpath","value":"//*[@id=\"application-managesites-display-component---NewSite--addressNewCostObjectCstID-vhi\"]"}
RESULT: {}
RESULT: {"using":"xpath","value":"//*[@id=\"application-managesites-display-component---NewSite--addressNewCostObjectCstID-vhi\"]"}
COMMAND: POST /session/9d48326ae870b5d3a573a2f725ac1bbc/element/f.0A588440BBC4B09490297E8A4E4C478B.d.967FDDD3DA96E3DE7D78025DE421A0B1.e.4419/click - {}
RESULT: {}
COMMAND: GET /session/9d48326ae870b5d3a573a2f725ac1bbc/screenshot - {}
RESULT: {}
RESULT: undefined
COMMAND: POST /session/9d48326ae870b5d3a573a2f725ac1bbc/execute/async - {"script":"<script> [776 bytes]","args":[{"enterText":"10001013","selector":{"controlType":"sap.m.SearchField","properties":{"placeholder":"Search"},"searchOpenDialogs":true,"interaction":{"idSuffix":"I"}},"clearTextFirst":true,"interactionType":"ENTER_TEXT"}]}
RESULT: {"script":"<script> [776 bytes]","args":[{"enterText":"10001013","selector":{"controlType":"sap.m.SearchField","properties":{"placeholder":"Search"},"searchOpenDialogs":true,"interaction":{"idSuffix":"I"}},"clearTextFirst":true,"interactionType":"ENTER_TEXT"}]}
COMMAND: POST /session/9d48326ae870b5d3a573a2f725ac1bbc/actions - {"actions":[{"id":"action6","type":"key","parameters":{},"actions":[{"type":"keyDown","value":""},{"type":"pause","duration":10},{"type":"keyUp","value":""}]}]}
RESULT: {"actions":[{"id":"action6","type":"key","parameters":{},"actions":[{"type":"keyDown","value":""},{"type":"pause","duration":10},{"type":"keyUp","value":""}]}]}
COMMAND: GET /session/9d48326ae870b5d3a573a2f725ac1bbc/screenshot - {}
RESULT: {}
COMMAND: POST /session/9d48326ae870b5d3a573a2f725ac1bbc/element - {"using":"xpath","value":"//span[contains(text(), \"General Management\")]"}
RESULT: {"using":"xpath","value":"//span[contains(text(), \"General Management\")]"}
COMMAND: POST /session/9d48326ae870b5d3a573a2f725ac1bbc/element/f.0A588440BBC4B09490297E8A4E4C478B.d.967FDDD3DA96E3DE7D78025DE421A0B1.e.4458/click - {}
RESULT: {}
COMMAND: GET /session/9d48326ae870b5d3a573a2f725ac1bbc/screenshot - {}
RESULT: {}
COMMAND: POST /session/9d48326ae870b5d3a573a2f725ac1bbc/element - {"using":"xpath","value":"//bdi[contains(text(), \"OK\")]"}
RESULT: {"using":"xpath","value":"//bdi[contains(text(), \"OK\")]"}
COMMAND: POST /session/9d48326ae870b5d3a573a2f725ac1bbc/element/f.0A588440BBC4B09490297E8A4E4C478B.d.967FDDD3DA96E3DE7D78025DE421A0B1.e.4459/click - {}
RESULT: {}
COMMAND: GET /session/9d48326ae870b5d3a573a2f725ac1bbc/screenshot - {}
RESULT: {}
COMMAND: POST /session/9d48326ae870b5d3a573a2f725ac1bbc/element - {"using":"xpath","value":"//input[@id=\"application-managesites-display-component---NewSite--addressDetailDetailsCalendar-inner\"]"}
RESULT: {"using":"xpath","value":"//input[@id=\"application-managesites-display-component---NewSite--addressDetailDetailsCalendar-inner\"]"}
COMMAND: POST /session/9d48326ae870b5d3a573a2f725ac1bbc/element/f.0A588440BBC4B09490297E8A4E4C478B.d.967FDDD3DA96E3DE7D78025DE421A0B1.e.4203/clear - {}
RESULT: {}
COMMAND: POST /session/9d48326ae870b5d3a573a2f725ac1bbc/element/f.0A588440BBC4B09490297E8A4E4C478B.d.967FDDD3DA96E3DE7D78025DE421A0B1.e.4203/value - {"text":"Unit"}
COMMAND: GET /session/9d48326ae870b5d3a573a2f725ac1bbc/screenshot - {}
RESULT: {"text":"Unit"}
COMMAND: GET /session/9d48326ae870b5d3a573a2f725ac1bbc/screenshot - {}
RESULT: {}
RESULT: {}
COMMAND: POST /session/9d48326ae870b5d3a573a2f725ac1bbc/actions - {"actions":[{"id":"action7","type":"key","parameters":{},"actions":[{"type":"keyDown","value":""},{"type":"pause","duration":10},{"type":"keyUp","value":""}]}]}
RESULT: {"actions":[{"id":"action7","type":"key","parameters":{},"actions":[{"type":"keyDown","value":""},{"type":"pause","duration":10},{"type":"keyUp","value":""}]}]}
COMMAND: POST /session/9d48326ae870b5d3a573a2f725ac1bbc/element - {"using":"xpath","value":"//input[@id=\"application-managesites-display-component---NewSite--addressDetailDetailsYard-inner\"]"}
COMMAND: GET /session/9d48326ae870b5d3a573a2f725ac1bbc/screenshot - {}
RESULT: {"using":"xpath","value":"//input[@id=\"application-managesites-display-component---NewSite--addressDetailDetailsYard-inner\"]"}
COMMAND: POST /session/9d48326ae870b5d3a573a2f725ac1bbc/element/f.0A588440BBC4B09490297E8A4E4C478B.d.967FDDD3DA96E3DE7D78025DE421A0B1.e.4204/clear - {}
RESULT: {}
RESULT: {}
COMMAND: POST /session/9d48326ae870b5d3a573a2f725ac1bbc/element/f.0A588440BBC4B09490297E8A4E4C478B.d.967FDDD3DA96E3DE7D78025DE421A0B1.e.4204/value - {"text":"531"}
COMMAND: GET /session/9d48326ae870b5d3a573a2f725ac1bbc/screenshot - {}
RESULT: {"text":"531"}
COMMAND: GET /session/9d48326ae870b5d3a573a2f725ac1bbc/screenshot - {}
RESULT: {}
RESULT: {}
COMMAND: POST /session/9d48326ae870b5d3a573a2f725ac1bbc/element - {"using":"xpath","value":"//li[.//span[text()='531']]"}
RESULT: {"using":"xpath","value":"//li[.//span[text()='531']]"}
COMMAND: POST /session/9d48326ae870b5d3a573a2f725ac1bbc/element/f.0A588440BBC4B09490297E8A4E4C478B.d.967FDDD3DA96E3DE7D78025DE421A0B1.e.4467/click - {}
RESULT: {}
COMMAND: GET /session/9d48326ae870b5d3a573a2f725ac1bbc/screenshot - {}
RESULT: {}
COMMAND: POST /session/9d48326ae870b5d3a573a2f725ac1bbc/element - {"using":"xpath","value":"//input[@id=\"application-managesites-display-component---NewSite--addressDetailDetailsPartner-inner\"]"}
RESULT: {"using":"xpath","value":"//input[@id=\"application-managesites-display-component---NewSite--addressDetailDetailsPartner-inner\"]"}
COMMAND: POST /session/9d48326ae870b5d3a573a2f725ac1bbc/element - {"using":"xpath","value":"//input[@id=\"application-managesites-display-component---NewSite--addressDetailDetailsPartner-inner\"]"}
RESULT: {"using":"xpath","value":"//input[@id=\"application-managesites-display-component---NewSite--addressDetailDetailsPartner-inner\"]"}
COMMAND: POST /session/9d48326ae870b5d3a573a2f725ac1bbc/element - {"using":"xpath","value":"//button[@data-kt=\"saveButton\"]"}
RESULT: {"using":"xpath","value":"//button[@data-kt=\"saveButton\"]"}
COMMAND: POST /session/9d48326ae870b5d3a573a2f725ac1bbc/element/f.0A588440BBC4B09490297E8A4E4C478B.d.967FDDD3DA96E3DE7D78025DE421A0B1.e.4400/click - {}
RESULT: {}
COMMAND: GET /session/9d48326ae870b5d3a573a2f725ac1bbc/screenshot - {}
RESULT: {}
COMMAND: POST /session/9d48326ae870b5d3a573a2f725ac1bbc/element - {"using":"xpath","value":"//header[contains(@id, 'ObjectPageLayout-headerTitle')]/div[1]/div[2]/div[2]/span[1]"}
RESULT: {"using":"xpath","value":"//header[contains(@id, 'ObjectPageLayout-headerTitle')]/div[1]/div[2]/div[2]/span[1]"}
COMMAND: POST /session/9d48326ae870b5d3a573a2f725ac1bbc/elements - {"using":"xpath","value":"//header[contains(@id, 'ObjectPageLayout-headerTitle')]/div[1]/div[2]/div[2]/span[1]"}
RESULT: {"using":"xpath","value":"//header[contains(@id, 'ObjectPageLayout-headerTitle')]/div[1]/div[2]/div[2]/span[1]"}
COMMAND: POST /session/9d48326ae870b5d3a573a2f725ac1bbc/execute/sync - {"script":"<script> [56 bytes]","args":[{"element-6066-11e4-a52e-4f735466cecf":"f.0A588440BBC4B09490297E8A4E4C478B.d.967FDDD3DA96E3DE7D78025DE421A0B1.e.4672","ELEMENT":"f.0A588440BBC4B09490297E8A4E4C478B.d.967FDDD3DA96E3DE7D78025DE421A0B1.e.4672"}]}
RESULT: {"script":"<script> [56 bytes]","args":[{"element-6066-11e4-a52e-4f735466cecf":"f.0A588440BBC4B09490297E8A4E4C478B.d.967FDDD3DA96E3DE7D78025DE421A0B1.e.4672","ELEMENT":"f.0A588440BBC4B09490297E8A4E4C478B.d.967FDDD3DA96E3DE7D78025DE421A0B1.e.4672"}]}
COMMAND: POST /session/9d48326ae870b5d3a573a2f725ac1bbc/element - {"using":"css selector","value":"#shell-header-logo"}
COMMAND: GET /session/9d48326ae870b5d3a573a2f725ac1bbc/screenshot - {}
RESULT: {"using":"css selector","value":"#shell-header-logo"}
COMMAND: POST /session/9d48326ae870b5d3a573a2f725ac1bbc/element/f.0A588440BBC4B09490297E8A4E4C478B.d.967FDDD3DA96E3DE7D78025DE421A0B1.e.3732/click - {}
RESULT: {}
RESULT: {}
COMMAND: GET /session/9d48326ae870b5d3a573a2f725ac1bbc/screenshot - {}
RESULT: {}
COMMAND: POST /session/9d48326ae870b5d3a573a2f725ac1bbc/execute/sync - {"script":"<script> [299 bytes]","args":[["getModel","getResource"]]}
RESULT: {"script":"<script> [299 bytes]","args":[["getModel","getResource"]]}
COMMAND: GET /session/9d48326ae870b5d3a573a2f725ac1bbc/screenshot - {}
]]></system-out>
    </testcase>
    <testcase classname="chrome.136_0_7103_93.windows.Billing_Transfer_-_Master_data_&amp;_Intercompany_US127250" name="Should create a new equipment" time="145.935">
      <system-out><![CDATA[
COMMAND: POST /session/9d48326ae870b5d3a573a2f725ac1bbc/execute/async - {"script":"<script> [1562 bytes]","args":[{"selector":{"controlType":"sap.m.GenericTile","properties":{"header":"Manage Resources"}},"wdio_ui5_key":"sapm.GenericTile{\"header\":\"Manage Resources\"}"}]}
RESULT: {}
RESULT: {"script":"<script> [1562 bytes]","args":[{"selector":{"controlType":"sap.m.GenericTile","properties":{"header":"Manage Resources"}},"wdio_ui5_key":"sapm.GenericTile{\"header\":\"Manage Resources\"}"}]}
RESULT: undefined
COMMAND: POST /session/9d48326ae870b5d3a573a2f725ac1bbc/element - {"using":"xpath","value":"//*[@id=\"__tile39\"]"}
RESULT: {"using":"xpath","value":"//*[@id=\"__tile39\"]"}
COMMAND: POST /session/9d48326ae870b5d3a573a2f725ac1bbc/element/f.0A588440BBC4B09490297E8A4E4C478B.d.967FDDD3DA96E3DE7D78025DE421A0B1.e.2097/click - {}
RESULT: {}
COMMAND: GET /session/9d48326ae870b5d3a573a2f725ac1bbc/screenshot - {}
RESULT: {}
COMMAND: POST /session/9d48326ae870b5d3a573a2f725ac1bbc/elements - {"using":"xpath","value":"//span[text()='Error']"}
RESULT: {"using":"xpath","value":"//span[text()='Error']"}
COMMAND: POST /session/9d48326ae870b5d3a573a2f725ac1bbc/element - {"using":"xpath","value":"//button[@data-kt=\"addNewRUOverflowToolbarButton\"]"}
RESULT: {"using":"xpath","value":"//button[@data-kt=\"addNewRUOverflowToolbarButton\"]"}
COMMAND: POST /session/9d48326ae870b5d3a573a2f725ac1bbc/elements - {"using":"xpath","value":"//button[@data-kt=\"addNewRUOverflowToolbarButton\"]"}
RESULT: {"using":"xpath","value":"//button[@data-kt=\"addNewRUOverflowToolbarButton\"]"}
COMMAND: POST /session/9d48326ae870b5d3a573a2f725ac1bbc/elements - {"using":"xpath","value":"//button[@data-kt=\"addNewRUOverflowToolbarButton\"]"}
RESULT: {"using":"xpath","value":"//button[@data-kt=\"addNewRUOverflowToolbarButton\"]"}
COMMAND: POST /session/9d48326ae870b5d3a573a2f725ac1bbc/elements - {"using":"xpath","value":"//button[@data-kt=\"addNewRUOverflowToolbarButton\"]"}
RESULT: {"using":"xpath","value":"//button[@data-kt=\"addNewRUOverflowToolbarButton\"]"}
COMMAND: POST /session/9d48326ae870b5d3a573a2f725ac1bbc/elements - {"using":"xpath","value":"//button[@data-kt=\"addNewRUOverflowToolbarButton\"]"}
RESULT: {"using":"xpath","value":"//button[@data-kt=\"addNewRUOverflowToolbarButton\"]"}
COMMAND: POST /session/9d48326ae870b5d3a573a2f725ac1bbc/elements - {"using":"xpath","value":"//button[@data-kt=\"addNewRUOverflowToolbarButton\"]"}
RESULT: {"using":"xpath","value":"//button[@data-kt=\"addNewRUOverflowToolbarButton\"]"}
COMMAND: POST /session/9d48326ae870b5d3a573a2f725ac1bbc/elements - {"using":"xpath","value":"//button[@data-kt=\"addNewRUOverflowToolbarButton\"]"}
RESULT: {"using":"xpath","value":"//button[@data-kt=\"addNewRUOverflowToolbarButton\"]"}
COMMAND: POST /session/9d48326ae870b5d3a573a2f725ac1bbc/elements - {"using":"xpath","value":"//button[@data-kt=\"addNewRUOverflowToolbarButton\"]"}
RESULT: {"using":"xpath","value":"//button[@data-kt=\"addNewRUOverflowToolbarButton\"]"}
COMMAND: POST /session/9d48326ae870b5d3a573a2f725ac1bbc/elements - {"using":"xpath","value":"//button[@data-kt=\"addNewRUOverflowToolbarButton\"]"}
RESULT: {"using":"xpath","value":"//button[@data-kt=\"addNewRUOverflowToolbarButton\"]"}
COMMAND: POST /session/9d48326ae870b5d3a573a2f725ac1bbc/elements - {"using":"xpath","value":"//button[@data-kt=\"addNewRUOverflowToolbarButton\"]"}
RESULT: {"using":"xpath","value":"//button[@data-kt=\"addNewRUOverflowToolbarButton\"]"}
COMMAND: POST /session/9d48326ae870b5d3a573a2f725ac1bbc/elements - {"using":"xpath","value":"//button[@data-kt=\"addNewRUOverflowToolbarButton\"]"}
RESULT: {"using":"xpath","value":"//button[@data-kt=\"addNewRUOverflowToolbarButton\"]"}
COMMAND: POST /session/9d48326ae870b5d3a573a2f725ac1bbc/elements - {"using":"xpath","value":"//button[@data-kt=\"addNewRUOverflowToolbarButton\"]"}
RESULT: {"using":"xpath","value":"//button[@data-kt=\"addNewRUOverflowToolbarButton\"]"}
COMMAND: POST /session/9d48326ae870b5d3a573a2f725ac1bbc/elements - {"using":"xpath","value":"//button[@data-kt=\"addNewRUOverflowToolbarButton\"]"}
RESULT: {"using":"xpath","value":"//button[@data-kt=\"addNewRUOverflowToolbarButton\"]"}
COMMAND: POST /session/9d48326ae870b5d3a573a2f725ac1bbc/elements - {"using":"xpath","value":"//button[@data-kt=\"addNewRUOverflowToolbarButton\"]"}
RESULT: {"using":"xpath","value":"//button[@data-kt=\"addNewRUOverflowToolbarButton\"]"}
COMMAND: POST /session/9d48326ae870b5d3a573a2f725ac1bbc/elements - {"using":"xpath","value":"//button[@data-kt=\"addNewRUOverflowToolbarButton\"]"}
RESULT: {"using":"xpath","value":"//button[@data-kt=\"addNewRUOverflowToolbarButton\"]"}
COMMAND: POST /session/9d48326ae870b5d3a573a2f725ac1bbc/elements - {"using":"xpath","value":"//button[@data-kt=\"addNewRUOverflowToolbarButton\"]"}
RESULT: {"using":"xpath","value":"//button[@data-kt=\"addNewRUOverflowToolbarButton\"]"}
COMMAND: POST /session/9d48326ae870b5d3a573a2f725ac1bbc/elements - {"using":"xpath","value":"//button[@data-kt=\"addNewRUOverflowToolbarButton\"]"}
RESULT: {"using":"xpath","value":"//button[@data-kt=\"addNewRUOverflowToolbarButton\"]"}
COMMAND: POST /session/9d48326ae870b5d3a573a2f725ac1bbc/elements - {"using":"xpath","value":"//button[@data-kt=\"addNewRUOverflowToolbarButton\"]"}
RESULT: {"using":"xpath","value":"//button[@data-kt=\"addNewRUOverflowToolbarButton\"]"}
COMMAND: POST /session/9d48326ae870b5d3a573a2f725ac1bbc/elements - {"using":"xpath","value":"//button[@data-kt=\"addNewRUOverflowToolbarButton\"]"}
RESULT: {"using":"xpath","value":"//button[@data-kt=\"addNewRUOverflowToolbarButton\"]"}
COMMAND: POST /session/9d48326ae870b5d3a573a2f725ac1bbc/elements - {"using":"xpath","value":"//button[@data-kt=\"addNewRUOverflowToolbarButton\"]"}
RESULT: {"using":"xpath","value":"//button[@data-kt=\"addNewRUOverflowToolbarButton\"]"}
COMMAND: POST /session/9d48326ae870b5d3a573a2f725ac1bbc/elements - {"using":"xpath","value":"//button[@data-kt=\"addNewRUOverflowToolbarButton\"]"}
RESULT: {"using":"xpath","value":"//button[@data-kt=\"addNewRUOverflowToolbarButton\"]"}
COMMAND: POST /session/9d48326ae870b5d3a573a2f725ac1bbc/elements - {"using":"xpath","value":"//button[@data-kt=\"addNewRUOverflowToolbarButton\"]"}
RESULT: {"using":"xpath","value":"//button[@data-kt=\"addNewRUOverflowToolbarButton\"]"}
COMMAND: POST /session/9d48326ae870b5d3a573a2f725ac1bbc/element - {"using":"xpath","value":"//button[@data-kt=\"addNewRUOverflowToolbarButton\"]"}
RESULT: {"using":"xpath","value":"//button[@data-kt=\"addNewRUOverflowToolbarButton\"]"}
COMMAND: POST /session/9d48326ae870b5d3a573a2f725ac1bbc/execute/sync - {"script":"<script> [8489 bytes]","args":[{"element-6066-11e4-a52e-4f735466cecf":"f.0A588440BBC4B09490297E8A4E4C478B.d.967FDDD3DA96E3DE7D78025DE421A0B1.e.4716","ELEMENT":"f.0A588440BBC4B09490297E8A4E4C478B.d.967FDDD3DA96E3DE7D78025DE421A0B1.e.4716"}]}
RESULT: {"script":"<script> [8489 bytes]","args":[{"element-6066-11e4-a52e-4f735466cecf":"f.0A588440BBC4B09490297E8A4E4C478B.d.967FDDD3DA96E3DE7D78025DE421A0B1.e.4716","ELEMENT":"f.0A588440BBC4B09490297E8A4E4C478B.d.967FDDD3DA96E3DE7D78025DE421A0B1.e.4716"}]}
COMMAND: GET /session/9d48326ae870b5d3a573a2f725ac1bbc/element/f.0A588440BBC4B09490297E8A4E4C478B.d.967FDDD3DA96E3DE7D78025DE421A0B1.e.4716/enabled - {}
COMMAND: GET /session/9d48326ae870b5d3a573a2f725ac1bbc/screenshot - {}
RESULT: {}
COMMAND: POST /session/9d48326ae870b5d3a573a2f725ac1bbc/execute/sync - {"script":"<script> [8489 bytes]","args":[{"element-6066-11e4-a52e-4f735466cecf":"f.0A588440BBC4B09490297E8A4E4C478B.d.967FDDD3DA96E3DE7D78025DE421A0B1.e.4716","ELEMENT":"f.0A588440BBC4B09490297E8A4E4C478B.d.967FDDD3DA96E3DE7D78025DE421A0B1.e.4716"}]}
COMMAND: GET /session/9d48326ae870b5d3a573a2f725ac1bbc/screenshot - {}
RESULT: {}
RESULT: {"script":"<script> [8489 bytes]","args":[{"element-6066-11e4-a52e-4f735466cecf":"f.0A588440BBC4B09490297E8A4E4C478B.d.967FDDD3DA96E3DE7D78025DE421A0B1.e.4716","ELEMENT":"f.0A588440BBC4B09490297E8A4E4C478B.d.967FDDD3DA96E3DE7D78025DE421A0B1.e.4716"}]}
COMMAND: POST /session/9d48326ae870b5d3a573a2f725ac1bbc/execute/sync - {"script":"<script> [5351 bytes]","args":[{"element-6066-11e4-a52e-4f735466cecf":"f.0A588440BBC4B09490297E8A4E4C478B.d.967FDDD3DA96E3DE7D78025DE421A0B1.e.4716","ELEMENT":"f.0A588440BBC4B09490297E8A4E4C478B.d.967FDDD3DA96E3DE7D78025DE421A0B1.e.4716"}]}
COMMAND: GET /session/9d48326ae870b5d3a573a2f725ac1bbc/screenshot - {}
RESULT: {}
RESULT: {"script":"<script> [5351 bytes]","args":[{"element-6066-11e4-a52e-4f735466cecf":"f.0A588440BBC4B09490297E8A4E4C478B.d.967FDDD3DA96E3DE7D78025DE421A0B1.e.4716","ELEMENT":"f.0A588440BBC4B09490297E8A4E4C478B.d.967FDDD3DA96E3DE7D78025DE421A0B1.e.4716"}]}
COMMAND: POST /session/9d48326ae870b5d3a573a2f725ac1bbc/element/f.0A588440BBC4B09490297E8A4E4C478B.d.967FDDD3DA96E3DE7D78025DE421A0B1.e.4716/click - {}
COMMAND: GET /session/9d48326ae870b5d3a573a2f725ac1bbc/screenshot - {}
RESULT: {}
RESULT: {}
COMMAND: GET /session/9d48326ae870b5d3a573a2f725ac1bbc/screenshot - {}
RESULT: {}
COMMAND: POST /session/9d48326ae870b5d3a573a2f725ac1bbc/execute/async - {"script":"<script> [1562 bytes]","args":[{"selector":{"id":"application-manageresources-display-component---newResourceUnit--TYPE-arrow"},"wdio_ui5_key":"applicationmanageresources-display-component---newResourceUnit--TYPE-arrow"}]}
RESULT: {}
RESULT: {"script":"<script> [1562 bytes]","args":[{"selector":{"id":"application-manageresources-display-component---newResourceUnit--TYPE-arrow"},"wdio_ui5_key":"applicationmanageresources-display-component---newResourceUnit--TYPE-arrow"}]}
RESULT: undefined
COMMAND: POST /session/9d48326ae870b5d3a573a2f725ac1bbc/element - {"using":"xpath","value":"//*[@id=\"application-manageresources-display-component---newResourceUnit--TYPE-arrow\"]"}
RESULT: {"using":"xpath","value":"//*[@id=\"application-manageresources-display-component---newResourceUnit--TYPE-arrow\"]"}
COMMAND: POST /session/9d48326ae870b5d3a573a2f725ac1bbc/element/f.0A588440BBC4B09490297E8A4E4C478B.d.967FDDD3DA96E3DE7D78025DE421A0B1.e.5068/click - {}
RESULT: {}
COMMAND: POST /session/9d48326ae870b5d3a573a2f725ac1bbc/element - {"using":"xpath","value":"//input[@id=\"application-manageresources-display-component---newResourceUnit--TYPE-inner\"]"}
COMMAND: GET /session/9d48326ae870b5d3a573a2f725ac1bbc/screenshot - {}
RESULT: {"using":"xpath","value":"//input[@id=\"application-manageresources-display-component---newResourceUnit--TYPE-inner\"]"}
COMMAND: POST /session/9d48326ae870b5d3a573a2f725ac1bbc/element/f.0A588440BBC4B09490297E8A4E4C478B.d.967FDDD3DA96E3DE7D78025DE421A0B1.e.5059/clear - {}
RESULT: {}
RESULT: {}
COMMAND: POST /session/9d48326ae870b5d3a573a2f725ac1bbc/element/f.0A588440BBC4B09490297E8A4E4C478B.d.967FDDD3DA96E3DE7D78025DE421A0B1.e.5059/value - {"text":"Equipment"}
COMMAND: GET /session/9d48326ae870b5d3a573a2f725ac1bbc/screenshot - {}
RESULT: {"text":"Equipment"}
COMMAND: GET /session/9d48326ae870b5d3a573a2f725ac1bbc/screenshot - {}
RESULT: {}
RESULT: {}
COMMAND: POST /session/9d48326ae870b5d3a573a2f725ac1bbc/actions - {"actions":[{"id":"action8","type":"key","parameters":{},"actions":[{"type":"keyDown","value":""},{"type":"pause","duration":10},{"type":"keyUp","value":""}]}]}
RESULT: {"actions":[{"id":"action8","type":"key","parameters":{},"actions":[{"type":"keyDown","value":""},{"type":"pause","duration":10},{"type":"keyUp","value":""}]}]}
COMMAND: POST /session/9d48326ae870b5d3a573a2f725ac1bbc/execute/async - {"script":"<script> [1562 bytes]","args":[{"selector":{"id":"application-manageresources-display-component---newResourceUnit--resourceId","interaction":{"idSuffix":"inner"}},"wdio_ui5_key":"applicationmanageresources-display-component---newResourceUnit--resourceId"}]}
COMMAND: GET /session/9d48326ae870b5d3a573a2f725ac1bbc/screenshot - {}
RESULT: {"script":"<script> [1562 bytes]","args":[{"selector":{"id":"application-manageresources-display-component---newResourceUnit--resourceId","interaction":{"idSuffix":"inner"}},"wdio_ui5_key":"applicationmanageresources-display-component---newResourceUnit--resourceId"}]}
RESULT: undefined
COMMAND: POST /session/9d48326ae870b5d3a573a2f725ac1bbc/execute/async - {"script":"<script> [776 bytes]","args":[{"enterText":"Ce64ieRGFc","selector":{"id":"application-manageresources-display-component---newResourceUnit--resourceId","interaction":{"idSuffix":"inner"}},"clearTextFirst":true,"interactionType":"ENTER_TEXT"}]}
RESULT: {}
RESULT: {"script":"<script> [776 bytes]","args":[{"enterText":"Ce64ieRGFc","selector":{"id":"application-manageresources-display-component---newResourceUnit--resourceId","interaction":{"idSuffix":"inner"}},"clearTextFirst":true,"interactionType":"ENTER_TEXT"}]}
COMMAND: POST /session/9d48326ae870b5d3a573a2f725ac1bbc/execute/async - {"script":"<script> [1562 bytes]","args":[{"selector":{"id":"application-manageresources-display-component---newResourceUnit--SHORT_TEXT","interaction":{"idSuffix":"inner"}},"wdio_ui5_key":"applicationmanageresources-display-component---newResourceUnit--SHORT_TEXT"}]}
RESULT: {"script":"<script> [1562 bytes]","args":[{"selector":{"id":"application-manageresources-display-component---newResourceUnit--SHORT_TEXT","interaction":{"idSuffix":"inner"}},"wdio_ui5_key":"applicationmanageresources-display-component---newResourceUnit--SHORT_TEXT"}]}
RESULT: undefined
COMMAND: POST /session/9d48326ae870b5d3a573a2f725ac1bbc/execute/async - {"script":"<script> [776 bytes]","args":[{"enterText":"Intercompany Equipment WDIO","selector":{"id":"application-manageresources-display-component---newResourceUnit--SHORT_TEXT","interaction":{"idSuffix":"inner"}},"clearTextFirst":true,"interactionType":"ENTER_TEXT"}]}
RESULT: {"script":"<script> [776 bytes]","args":[{"enterText":"Intercompany Equipment WDIO","selector":{"id":"application-manageresources-display-component---newResourceUnit--SHORT_TEXT","interaction":{"idSuffix":"inner"}},"clearTextFirst":true,"interactionType":"ENTER_TEXT"}]}
COMMAND: POST /session/9d48326ae870b5d3a573a2f725ac1bbc/execute/async - {"script":"<script> [1562 bytes]","args":[{"selector":{"id":"application-manageresources-display-component---newResourceUnit--BASE_UNIT_OF_MEASURE","interaction":{"idSuffix":"inner"}},"wdio_ui5_key":"applicationmanageresources-display-component---newResourceUnit--BASE_UNIT_OF_MEASURE"}]}
RESULT: {"script":"<script> [1562 bytes]","args":[{"selector":{"id":"application-manageresources-display-component---newResourceUnit--BASE_UNIT_OF_MEASURE","interaction":{"idSuffix":"inner"}},"wdio_ui5_key":"applicationmanageresources-display-component---newResourceUnit--BASE_UNIT_OF_MEASURE"}]}
RESULT: undefined
COMMAND: POST /session/9d48326ae870b5d3a573a2f725ac1bbc/execute/async - {"script":"<script> [776 bytes]","args":[{"enterText":"Piece","selector":{"id":"application-manageresources-display-component---newResourceUnit--BASE_UNIT_OF_MEASURE","interaction":{"idSuffix":"inner"}},"clearTextFirst":true,"interactionType":"ENTER_TEXT"}]}
RESULT: {"script":"<script> [776 bytes]","args":[{"enterText":"Piece","selector":{"id":"application-manageresources-display-component---newResourceUnit--BASE_UNIT_OF_MEASURE","interaction":{"idSuffix":"inner"}},"clearTextFirst":true,"interactionType":"ENTER_TEXT"}]}
COMMAND: POST /session/9d48326ae870b5d3a573a2f725ac1bbc/execute/async - {"script":"<script> [1562 bytes]","args":[{"selector":{"id":"application-manageresources-display-component---newResourceUnit--WEIGHT_UNIT","interaction":{"idSuffix":"inner"}},"wdio_ui5_key":"applicationmanageresources-display-component---newResourceUnit--WEIGHT_UNIT"}]}
RESULT: {"script":"<script> [1562 bytes]","args":[{"selector":{"id":"application-manageresources-display-component---newResourceUnit--WEIGHT_UNIT","interaction":{"idSuffix":"inner"}},"wdio_ui5_key":"applicationmanageresources-display-component---newResourceUnit--WEIGHT_UNIT"}]}
RESULT: undefined
COMMAND: POST /session/9d48326ae870b5d3a573a2f725ac1bbc/execute/async - {"script":"<script> [776 bytes]","args":[{"enterText":"Gram","selector":{"id":"application-manageresources-display-component---newResourceUnit--WEIGHT_UNIT","interaction":{"idSuffix":"inner"}},"clearTextFirst":true,"interactionType":"ENTER_TEXT"}]}
RESULT: {"script":"<script> [776 bytes]","args":[{"enterText":"Gram","selector":{"id":"application-manageresources-display-component---newResourceUnit--WEIGHT_UNIT","interaction":{"idSuffix":"inner"}},"clearTextFirst":true,"interactionType":"ENTER_TEXT"}]}
COMMAND: POST /session/9d48326ae870b5d3a573a2f725ac1bbc/execute/async - {"script":"<script> [1562 bytes]","args":[{"selector":{"id":"application-manageresources-display-component---newResourceUnit--DIMENSION_UNIT","interaction":{"idSuffix":"inner"}},"wdio_ui5_key":"applicationmanageresources-display-component---newResourceUnit--DIMENSION_UNIT"}]}
RESULT: {"script":"<script> [1562 bytes]","args":[{"selector":{"id":"application-manageresources-display-component---newResourceUnit--DIMENSION_UNIT","interaction":{"idSuffix":"inner"}},"wdio_ui5_key":"applicationmanageresources-display-component---newResourceUnit--DIMENSION_UNIT"}]}
RESULT: undefined
COMMAND: POST /session/9d48326ae870b5d3a573a2f725ac1bbc/execute/async - {"script":"<script> [776 bytes]","args":[{"enterText":"Meter","selector":{"id":"application-manageresources-display-component---newResourceUnit--DIMENSION_UNIT","interaction":{"idSuffix":"inner"}},"clearTextFirst":true,"interactionType":"ENTER_TEXT"}]}
RESULT: {"script":"<script> [776 bytes]","args":[{"enterText":"Meter","selector":{"id":"application-manageresources-display-component---newResourceUnit--DIMENSION_UNIT","interaction":{"idSuffix":"inner"}},"clearTextFirst":true,"interactionType":"ENTER_TEXT"}]}
COMMAND: POST /session/9d48326ae870b5d3a573a2f725ac1bbc/execute/async - {"script":"<script> [1562 bytes]","args":[{"selector":{"id":"application-manageresources-display-component---newResourceUnit--newRRUPage-anchBar-application-manageresources-display-component---newResourceUnit--control-anchor","interaction":{"idSuffix":"BDI-content"}},"wdio_ui5_key":"applicationmanageresources-display-component---newResourceUnit--newRRUPage-anchBar-application-manageresources-display-component---newResourceUnit--control-anchor"}]}
RESULT: {"script":"<script> [1562 bytes]","args":[{"selector":{"id":"application-manageresources-display-component---newResourceUnit--newRRUPage-anchBar-application-manageresources-display-component---newResourceUnit--control-anchor","interaction":{"idSuffix":"BDI-content"}},"wdio_ui5_key":"applicationmanageresources-display-component---newResourceUnit--newRRUPage-anchBar-application-manageresources-display-component---newResourceUnit--control-anchor"}]}
RESULT: undefined
COMMAND: POST /session/9d48326ae870b5d3a573a2f725ac1bbc/element - {"using":"xpath","value":"//*[@id=\"application-manageresources-display-component---newResourceUnit--newRRUPage-anchBar-application-manageresources-display-component---newResourceUnit--control-anchor\"]"}
RESULT: {"using":"xpath","value":"//*[@id=\"application-manageresources-display-component---newResourceUnit--newRRUPage-anchBar-application-manageresources-display-component---newResourceUnit--control-anchor\"]"}
COMMAND: POST /session/9d48326ae870b5d3a573a2f725ac1bbc/element/f.0A588440BBC4B09490297E8A4E4C478B.d.967FDDD3DA96E3DE7D78025DE421A0B1.e.5224/click - {}
RESULT: {}
COMMAND: POST /session/9d48326ae870b5d3a573a2f725ac1bbc/execute/async - {"script":"<script> [1562 bytes]","args":[{"selector":{"id":"application-manageresources-display-component---newResourceUnit--PLANNING_GROUP","interaction":{"idSuffix":"inner"}},"wdio_ui5_key":"applicationmanageresources-display-component---newResourceUnit--PLANNING_GROUP"}]}
COMMAND: GET /session/9d48326ae870b5d3a573a2f725ac1bbc/screenshot - {}
RESULT: {"script":"<script> [1562 bytes]","args":[{"selector":{"id":"application-manageresources-display-component---newResourceUnit--PLANNING_GROUP","interaction":{"idSuffix":"inner"}},"wdio_ui5_key":"applicationmanageresources-display-component---newResourceUnit--PLANNING_GROUP"}]}
RESULT: undefined
COMMAND: POST /session/9d48326ae870b5d3a573a2f725ac1bbc/execute/async - {"script":"<script> [776 bytes]","args":[{"enterText":"Heavy Equi","selector":{"id":"application-manageresources-display-component---newResourceUnit--PLANNING_GROUP","interaction":{"idSuffix":"inner"}},"clearTextFirst":true,"interactionType":"ENTER_TEXT"}]}
RESULT: {}
RESULT: {"script":"<script> [776 bytes]","args":[{"enterText":"Heavy Equi","selector":{"id":"application-manageresources-display-component---newResourceUnit--PLANNING_GROUP","interaction":{"idSuffix":"inner"}},"clearTextFirst":true,"interactionType":"ENTER_TEXT"}]}
COMMAND: POST /session/9d48326ae870b5d3a573a2f725ac1bbc/execute/async - {"script":"<script> [1562 bytes]","args":[{"selector":{"id":"application-manageresources-display-component---newResourceUnit--ITEM_TYPE-arrow"},"wdio_ui5_key":"applicationmanageresources-display-component---newResourceUnit--ITEM_TYPE-arrow"}]}
RESULT: {"script":"<script> [1562 bytes]","args":[{"selector":{"id":"application-manageresources-display-component---newResourceUnit--ITEM_TYPE-arrow"},"wdio_ui5_key":"applicationmanageresources-display-component---newResourceUnit--ITEM_TYPE-arrow"}]}
RESULT: undefined
COMMAND: POST /session/9d48326ae870b5d3a573a2f725ac1bbc/element - {"using":"xpath","value":"//*[@id=\"application-manageresources-display-component---newResourceUnit--ITEM_TYPE-arrow\"]"}
RESULT: {"using":"xpath","value":"//*[@id=\"application-manageresources-display-component---newResourceUnit--ITEM_TYPE-arrow\"]"}
COMMAND: POST /session/9d48326ae870b5d3a573a2f725ac1bbc/element/f.0A588440BBC4B09490297E8A4E4C478B.d.967FDDD3DA96E3DE7D78025DE421A0B1.e.5233/click - {}
RESULT: {}
COMMAND: POST /session/9d48326ae870b5d3a573a2f725ac1bbc/element - {"using":"xpath","value":"//ul[contains(@id,\"ITEM_TYPE-popup-list-listUl\")]//li[.//span[contains(text(),\"Resource Unit\")]]"}
COMMAND: GET /session/9d48326ae870b5d3a573a2f725ac1bbc/screenshot - {}
RESULT: {"using":"xpath","value":"//ul[contains(@id,\"ITEM_TYPE-popup-list-listUl\")]//li[.//span[contains(text(),\"Resource Unit\")]]"}
COMMAND: POST /session/9d48326ae870b5d3a573a2f725ac1bbc/element/f.0A588440BBC4B09490297E8A4E4C478B.d.967FDDD3DA96E3DE7D78025DE421A0B1.e.5234/click - {}
RESULT: {}
RESULT: {}
COMMAND: GET /session/9d48326ae870b5d3a573a2f725ac1bbc/screenshot - {}
RESULT: {}
COMMAND: POST /session/9d48326ae870b5d3a573a2f725ac1bbc/element - {"using":"css selector","value":"#application-manageresources-display-component---newResourceUnit--btnAddTimeSegment"}
RESULT: {"using":"css selector","value":"#application-manageresources-display-component---newResourceUnit--btnAddTimeSegment"}
COMMAND: GET /session/9d48326ae870b5d3a573a2f725ac1bbc/element/f.0A588440BBC4B09490297E8A4E4C478B.d.967FDDD3DA96E3DE7D78025DE421A0B1.e.5241/rect - {}
RESULT: {}
COMMAND: GET /session/9d48326ae870b5d3a573a2f725ac1bbc/window/rect - {}
RESULT: {}
COMMAND: POST /session/9d48326ae870b5d3a573a2f725ac1bbc/execute/sync - {"script":"<script> [92 bytes]","args":[]}
RESULT: {"script":"<script> [92 bytes]","args":[]}
COMMAND: POST /session/9d48326ae870b5d3a573a2f725ac1bbc/actions - {"actions":[{"id":"action9","type":"wheel","parameters":{},"actions":[{"type":"scroll","x":-1888,"y":-32,"deltaX":0,"deltaY":0,"duration":0,"origin":{"element-6066-11e4-a52e-4f735466cecf":"f.0A588440BBC4B09490297E8A4E4C478B.d.967FDDD3DA96E3DE7D78025DE421A0B1.e.5241"}}]}]}
COMMAND: GET /session/9d48326ae870b5d3a573a2f725ac1bbc/screenshot - {}
RESULT: {}
COMMAND: POST /session/9d48326ae870b5d3a573a2f725ac1bbc/execute/sync - {"script":"<script> [79 bytes]","args":[{"element-6066-11e4-a52e-4f735466cecf":"f.0A588440BBC4B09490297E8A4E4C478B.d.967FDDD3DA96E3DE7D78025DE421A0B1.e.5241","ELEMENT":"f.0A588440BBC4B09490297E8A4E4C478B.d.967FDDD3DA96E3DE7D78025DE421A0B1.e.5241"},{"block":"start","inline":"nearest"}]}
RESULT: {"script":"<script> [79 bytes]","args":[{"element-6066-11e4-a52e-4f735466cecf":"f.0A588440BBC4B09490297E8A4E4C478B.d.967FDDD3DA96E3DE7D78025DE421A0B1.e.5241","ELEMENT":"f.0A588440BBC4B09490297E8A4E4C478B.d.967FDDD3DA96E3DE7D78025DE421A0B1.e.5241"},{"block":"start","inline":"nearest"}]}
COMMAND: POST /session/9d48326ae870b5d3a573a2f725ac1bbc/execute/async - {"script":"<script> [1562 bytes]","args":[{"selector":{"id":"application-manageresources-display-component---newResourceUnit--btnAddTimeSegment","interaction":{"idSuffix":"inner"}},"wdio_ui5_key":"applicationmanageresources-display-component---newResourceUnit--btnAddTimeSegment"}]}
COMMAND: GET /session/9d48326ae870b5d3a573a2f725ac1bbc/screenshot - {}
RESULT: {"script":"<script> [1562 bytes]","args":[{"selector":{"id":"application-manageresources-display-component---newResourceUnit--btnAddTimeSegment","interaction":{"idSuffix":"inner"}},"wdio_ui5_key":"applicationmanageresources-display-component---newResourceUnit--btnAddTimeSegment"}]}
RESULT: undefined
COMMAND: POST /session/9d48326ae870b5d3a573a2f725ac1bbc/element - {"using":"xpath","value":"//*[@id=\"application-manageresources-display-component---newResourceUnit--btnAddTimeSegment\"]"}
RESULT: {}
RESULT: {"using":"xpath","value":"//*[@id=\"application-manageresources-display-component---newResourceUnit--btnAddTimeSegment\"]"}
COMMAND: POST /session/9d48326ae870b5d3a573a2f725ac1bbc/element/f.0A588440BBC4B09490297E8A4E4C478B.d.967FDDD3DA96E3DE7D78025DE421A0B1.e.5241/click - {}
RESULT: {}
COMMAND: GET /session/9d48326ae870b5d3a573a2f725ac1bbc/screenshot - {}
RESULT: {}
COMMAND: POST /session/9d48326ae870b5d3a573a2f725ac1bbc/element - {"using":"xpath","value":"//input[@id=\"application-manageresources-display-component---newResourceUnit--idRuTSAdmin-application-manageresources-display-component---newResourceUnit--RUTimeSegment-0-inner\"]"}
RESULT: {"using":"xpath","value":"//input[@id=\"application-manageresources-display-component---newResourceUnit--idRuTSAdmin-application-manageresources-display-component---newResourceUnit--RUTimeSegment-0-inner\"]"}
COMMAND: POST /session/9d48326ae870b5d3a573a2f725ac1bbc/element/f.0A588440BBC4B09490297E8A4E4C478B.d.967FDDD3DA96E3DE7D78025DE421A0B1.e.5247/clear - {}
RESULT: {}
COMMAND: POST /session/9d48326ae870b5d3a573a2f725ac1bbc/element/f.0A588440BBC4B09490297E8A4E4C478B.d.967FDDD3DA96E3DE7D78025DE421A0B1.e.5247/value - {"text":"531"}
COMMAND: GET /session/9d48326ae870b5d3a573a2f725ac1bbc/screenshot - {}
RESULT: {"text":"531"}
COMMAND: GET /session/9d48326ae870b5d3a573a2f725ac1bbc/screenshot - {}
RESULT: {}
RESULT: {}
COMMAND: POST /session/9d48326ae870b5d3a573a2f725ac1bbc/element - {"using":"xpath","value":"//li[.//span[text()='531']]"}
RESULT: {"using":"xpath","value":"//li[.//span[text()='531']]"}
COMMAND: POST /session/9d48326ae870b5d3a573a2f725ac1bbc/element/f.0A588440BBC4B09490297E8A4E4C478B.d.967FDDD3DA96E3DE7D78025DE421A0B1.e.5260/click - {}
RESULT: {}
COMMAND: GET /session/9d48326ae870b5d3a573a2f725ac1bbc/screenshot - {}
RESULT: {}
COMMAND: POST /session/9d48326ae870b5d3a573a2f725ac1bbc/element - {"using":"xpath","value":"(//span[contains(@id, \"-application-manageresources-display-component---newResourceUnit--RUTimeSegment-0-arrow\")])[6]"}
RESULT: {"using":"xpath","value":"(//span[contains(@id, \"-application-manageresources-display-component---newResourceUnit--RUTimeSegment-0-arrow\")])[6]"}
COMMAND: POST /session/9d48326ae870b5d3a573a2f725ac1bbc/element/f.0A588440BBC4B09490297E8A4E4C478B.d.967FDDD3DA96E3DE7D78025DE421A0B1.e.5261/click - {}
RESULT: {}
COMMAND: GET /session/9d48326ae870b5d3a573a2f725ac1bbc/screenshot - {}
RESULT: {}
COMMAND: POST /session/9d48326ae870b5d3a573a2f725ac1bbc/element - {"using":"xpath","value":"//span[contains(text(), \"PM Order\")]"}
RESULT: {"using":"xpath","value":"//span[contains(text(), \"PM Order\")]"}
COMMAND: POST /session/9d48326ae870b5d3a573a2f725ac1bbc/element/f.0A588440BBC4B09490297E8A4E4C478B.d.967FDDD3DA96E3DE7D78025DE421A0B1.e.5264/click - {}
RESULT: {}
COMMAND: GET /session/9d48326ae870b5d3a573a2f725ac1bbc/screenshot - {}
RESULT: {}
COMMAND: POST /session/9d48326ae870b5d3a573a2f725ac1bbc/element - {"using":"xpath","value":"(//span[contains(@id ,\"manageresources-display-component---newResourceUnit--RUTimeSegment-0-vhi\")])[1]"}
RESULT: {"using":"xpath","value":"(//span[contains(@id ,\"manageresources-display-component---newResourceUnit--RUTimeSegment-0-vhi\")])[1]"}
COMMAND: GET /session/9d48326ae870b5d3a573a2f725ac1bbc/element/f.0A588440BBC4B09490297E8A4E4C478B.d.967FDDD3DA96E3DE7D78025DE421A0B1.e.5268/rect - {}
RESULT: {}
COMMAND: GET /session/9d48326ae870b5d3a573a2f725ac1bbc/window/rect - {}
RESULT: {}
COMMAND: POST /session/9d48326ae870b5d3a573a2f725ac1bbc/execute/sync - {"script":"<script> [92 bytes]","args":[]}
RESULT: {"script":"<script> [92 bytes]","args":[]}
COMMAND: POST /session/9d48326ae870b5d3a573a2f725ac1bbc/actions - {"actions":[{"id":"action10","type":"wheel","parameters":{},"actions":[{"type":"scroll","x":-869,"y":-24,"deltaX":0,"deltaY":0,"duration":0,"origin":{"element-6066-11e4-a52e-4f735466cecf":"f.0A588440BBC4B09490297E8A4E4C478B.d.967FDDD3DA96E3DE7D78025DE421A0B1.e.5268"}}]}]}
COMMAND: GET /session/9d48326ae870b5d3a573a2f725ac1bbc/screenshot - {}
RESULT: {"actions":[{"id":"action10","type":"wheel","parameters":{},"actions":[{"type":"scroll","x":-869,"y":-24,"deltaX":0,"deltaY":0,"duration":0,"origin":{"element-6066-11e4-a52e-4f735466cecf":"f.0A588440BBC4B09490297E8A4E4C478B.d.967FDDD3DA96E3DE7D78025DE421A0B1.e.5268"}}]}]}
COMMAND: DELETE /session/9d48326ae870b5d3a573a2f725ac1bbc/actions - {}
COMMAND: GET /session/9d48326ae870b5d3a573a2f725ac1bbc/screenshot - {}
RESULT: {}
RESULT: {}
COMMAND: GET /session/9d48326ae870b5d3a573a2f725ac1bbc/screenshot - {}
RESULT: {}
RESULT: {}
COMMAND: POST /session/9d48326ae870b5d3a573a2f725ac1bbc/element/f.0A588440BBC4B09490297E8A4E4C478B.d.967FDDD3DA96E3DE7D78025DE421A0B1.e.5268/click - {}
RESULT: {}
COMMAND: GET /session/9d48326ae870b5d3a573a2f725ac1bbc/screenshot - {}
RESULT: {}
RESULT: undefined
COMMAND: POST /session/9d48326ae870b5d3a573a2f725ac1bbc/execute/async - {"script":"<script> [776 bytes]","args":[{"enterText":"4000360","selector":{"controlType":"sap.m.SearchField","properties":{"placeholder":"Search"},"searchOpenDialogs":true,"interaction":{"idSuffix":"I"}},"clearTextFirst":true,"interactionType":"ENTER_TEXT"}]}
RESULT: {"script":"<script> [776 bytes]","args":[{"enterText":"4000360","selector":{"controlType":"sap.m.SearchField","properties":{"placeholder":"Search"},"searchOpenDialogs":true,"interaction":{"idSuffix":"I"}},"clearTextFirst":true,"interactionType":"ENTER_TEXT"}]}
COMMAND: POST /session/9d48326ae870b5d3a573a2f725ac1bbc/actions - {"actions":[{"id":"action11","type":"key","parameters":{},"actions":[{"type":"keyDown","value":""},{"type":"pause","duration":10},{"type":"keyUp","value":""}]}]}
RESULT: {"actions":[{"id":"action11","type":"key","parameters":{},"actions":[{"type":"keyDown","value":""},{"type":"pause","duration":10},{"type":"keyUp","value":""}]}]}
COMMAND: GET /session/9d48326ae870b5d3a573a2f725ac1bbc/screenshot - {}
RESULT: {}
COMMAND: POST /session/9d48326ae870b5d3a573a2f725ac1bbc/element - {"using":"xpath","value":"//td/div/span[contains(text(), \"BGL Vehicles\")]"}
RESULT: {"using":"xpath","value":"//td/div/span[contains(text(), \"BGL Vehicles\")]"}
COMMAND: POST /session/9d48326ae870b5d3a573a2f725ac1bbc/element/f.0A588440BBC4B09490297E8A4E4C478B.d.967FDDD3DA96E3DE7D78025DE421A0B1.e.5287/click - {}
RESULT: {}
COMMAND: GET /session/9d48326ae870b5d3a573a2f725ac1bbc/screenshot - {}
RESULT: {}
COMMAND: POST /session/9d48326ae870b5d3a573a2f725ac1bbc/element - {"using":"xpath","value":"//bdi[contains(text(), \"OK\")]"}
RESULT: {"using":"xpath","value":"//bdi[contains(text(), \"OK\")]"}
COMMAND: POST /session/9d48326ae870b5d3a573a2f725ac1bbc/element/f.0A588440BBC4B09490297E8A4E4C478B.d.967FDDD3DA96E3DE7D78025DE421A0B1.e.5288/click - {}
RESULT: {}
COMMAND: GET /session/9d48326ae870b5d3a573a2f725ac1bbc/screenshot - {}
RESULT: {}
COMMAND: POST /session/9d48326ae870b5d3a573a2f725ac1bbc/execute/async - {"script":"<script> [1562 bytes]","args":[{"selector":{"id":"application-manageresources-display-component---newResourceUnit--newRRUPage-anchBar-application-manageresources-display-component---newResourceUnit--resource-anchor","interaction":{"idSuffix":"BDI-content"}},"wdio_ui5_key":"applicationmanageresources-display-component---newResourceUnit--newRRUPage-anchBar-application-manageresources-display-component---newResourceUnit--resource-anchor"}]}
RESULT: {"script":"<script> [1562 bytes]","args":[{"selector":{"id":"application-manageresources-display-component---newResourceUnit--newRRUPage-anchBar-application-manageresources-display-component---newResourceUnit--resource-anchor","interaction":{"idSuffix":"BDI-content"}},"wdio_ui5_key":"applicationmanageresources-display-component---newResourceUnit--newRRUPage-anchBar-application-manageresources-display-component---newResourceUnit--resource-anchor"}]}
RESULT: undefined
COMMAND: POST /session/9d48326ae870b5d3a573a2f725ac1bbc/element - {"using":"xpath","value":"//*[@id=\"application-manageresources-display-component---newResourceUnit--newRRUPage-anchBar-application-manageresources-display-component---newResourceUnit--resource-anchor\"]"}
RESULT: {"using":"xpath","value":"//*[@id=\"application-manageresources-display-component---newResourceUnit--newRRUPage-anchBar-application-manageresources-display-component---newResourceUnit--resource-anchor\"]"}
COMMAND: POST /session/9d48326ae870b5d3a573a2f725ac1bbc/element/f.0A588440BBC4B09490297E8A4E4C478B.d.967FDDD3DA96E3DE7D78025DE421A0B1.e.5292/click - {}
RESULT: {}
COMMAND: POST /session/9d48326ae870b5d3a573a2f725ac1bbc/execute/async - {"script":"<script> [1562 bytes]","args":[{"selector":{"id":"application-manageresources-display-component---newResourceUnit--PLANNED_DELIVERY_DATE","interaction":{"idSuffix":"inner"}},"wdio_ui5_key":"applicationmanageresources-display-component---newResourceUnit--PLANNED_DELIVERY_DATE"}]}
COMMAND: GET /session/9d48326ae870b5d3a573a2f725ac1bbc/screenshot - {}
RESULT: {"script":"<script> [1562 bytes]","args":[{"selector":{"id":"application-manageresources-display-component---newResourceUnit--PLANNED_DELIVERY_DATE","interaction":{"idSuffix":"inner"}},"wdio_ui5_key":"applicationmanageresources-display-component---newResourceUnit--PLANNED_DELIVERY_DATE"}]}
RESULT: undefined
COMMAND: POST /session/9d48326ae870b5d3a573a2f725ac1bbc/execute/async - {"script":"<script> [6424 bytes]","args":[{"element-6066-11e4-a52e-4f735466cecf":"f.0A588440BBC4B09490297E8A4E4C478B.d.967FDDD3DA96E3DE7D78025DE421A0B1.e.5123"},"setValue",["5/31/25"]]}
RESULT: {}
RESULT: {"script":"<script> [6424 bytes]","args":[{"element-6066-11e4-a52e-4f735466cecf":"f.0A588440BBC4B09490297E8A4E4C478B.d.967FDDD3DA96E3DE7D78025DE421A0B1.e.5123"},"setValue",["5/31/25"]]}
COMMAND: POST /session/9d48326ae870b5d3a573a2f725ac1bbc/element - {"using":"xpath","value":"//label[contains(@class, 'sapMLabelRequired') and .//bdi[contains(text(), 'Planned Retirement')]]"}
RESULT: {"using":"xpath","value":"//label[contains(@class, 'sapMLabelRequired') and .//bdi[contains(text(), 'Planned Retirement')]]"}
COMMAND: POST /session/9d48326ae870b5d3a573a2f725ac1bbc/elements - {"using":"xpath","value":"//label[contains(@class, 'sapMLabelRequired') and .//bdi[contains(text(), 'Planned Retirement')]]"}
RESULT: {"using":"xpath","value":"//label[contains(@class, 'sapMLabelRequired') and .//bdi[contains(text(), 'Planned Retirement')]]"}
COMMAND: POST /session/9d48326ae870b5d3a573a2f725ac1bbc/element - {"using":"xpath","value":"//button[@data-kt=\"resourceUnitSaveButton\"]"}
RESULT: {"using":"xpath","value":"//button[@data-kt=\"resourceUnitSaveButton\"]"}
COMMAND: POST /session/9d48326ae870b5d3a573a2f725ac1bbc/element/f.0A588440BBC4B09490297E8A4E4C478B.d.967FDDD3DA96E3DE7D78025DE421A0B1.e.5083/click - {}
RESULT: {}
COMMAND: GET /session/9d48326ae870b5d3a573a2f725ac1bbc/screenshot - {}
RESULT: {}
COMMAND: POST /session/9d48326ae870b5d3a573a2f725ac1bbc/element - {"using":"xpath","value":"//bdi[contains(text(), \"Close\")]"}
RESULT: {"using":"xpath","value":"//bdi[contains(text(), \"Close\")]"}
COMMAND: POST /session/9d48326ae870b5d3a573a2f725ac1bbc/element/f.0A588440BBC4B09490297E8A4E4C478B.d.967FDDD3DA96E3DE7D78025DE421A0B1.e.5300/click - {}
RESULT: {}
COMMAND: GET /session/9d48326ae870b5d3a573a2f725ac1bbc/screenshot - {}
RESULT: {}
COMMAND: POST /session/9d48326ae870b5d3a573a2f725ac1bbc/element - {"using":"xpath","value":"(//button[contains(@id ,\"actionsToolbar-overflowButton\")])[1]"}
RESULT: {"using":"xpath","value":"(//button[contains(@id ,\"actionsToolbar-overflowButton\")])[1]"}
COMMAND: POST /session/9d48326ae870b5d3a573a2f725ac1bbc/element/f.0A588440BBC4B09490297E8A4E4C478B.d.967FDDD3DA96E3DE7D78025DE421A0B1.e.5354/click - {}
RESULT: {}
COMMAND: GET /session/9d48326ae870b5d3a573a2f725ac1bbc/screenshot - {}
RESULT: {}
COMMAND: POST /session/9d48326ae870b5d3a573a2f725ac1bbc/element - {"using":"xpath","value":"//button[@data-kt=\"priceInfoButton\"]"}
RESULT: {"using":"xpath","value":"//button[@data-kt=\"priceInfoButton\"]"}
COMMAND: POST /session/9d48326ae870b5d3a573a2f725ac1bbc/element/f.0A588440BBC4B09490297E8A4E4C478B.d.967FDDD3DA96E3DE7D78025DE421A0B1.e.5356/click - {}
RESULT: {}
COMMAND: GET /session/9d48326ae870b5d3a573a2f725ac1bbc/screenshot - {}
RESULT: {}
]]></system-out>
    </testcase>
    <testcase classname="chrome.136_0_7103_93.windows.Billing_Transfer_-_Master_data_&amp;_Intercompany_US127250" name="Should create new pricing rule TB on the equipment TB" time="55.347">
      <system-out><![CDATA[
COMMAND: POST /session/9d48326ae870b5d3a573a2f725ac1bbc/element - {"using":"xpath","value":"//button[@data-kt=\"addButton\"]"}
RESULT: {"using":"xpath","value":"//button[@data-kt=\"addButton\"]"}
COMMAND: POST /session/9d48326ae870b5d3a573a2f725ac1bbc/elements - {"using":"xpath","value":"//button[@data-kt=\"addButton\"]"}
RESULT: {"using":"xpath","value":"//button[@data-kt=\"addButton\"]"}
COMMAND: POST /session/9d48326ae870b5d3a573a2f725ac1bbc/elements - {"using":"xpath","value":"//button[@data-kt=\"addButton\"]"}
RESULT: {"using":"xpath","value":"//button[@data-kt=\"addButton\"]"}
COMMAND: POST /session/9d48326ae870b5d3a573a2f725ac1bbc/element - {"using":"xpath","value":"//button[@data-kt=\"addButton\"]"}
RESULT: {"using":"xpath","value":"//button[@data-kt=\"addButton\"]"}
COMMAND: POST /session/9d48326ae870b5d3a573a2f725ac1bbc/execute/sync - {"script":"<script> [8489 bytes]","args":[{"element-6066-11e4-a52e-4f735466cecf":"f.0A588440BBC4B09490297E8A4E4C478B.d.967FDDD3DA96E3DE7D78025DE421A0B1.e.5392","ELEMENT":"f.0A588440BBC4B09490297E8A4E4C478B.d.967FDDD3DA96E3DE7D78025DE421A0B1.e.5392"}]}
RESULT: {"script":"<script> [8489 bytes]","args":[{"element-6066-11e4-a52e-4f735466cecf":"f.0A588440BBC4B09490297E8A4E4C478B.d.967FDDD3DA96E3DE7D78025DE421A0B1.e.5392","ELEMENT":"f.0A588440BBC4B09490297E8A4E4C478B.d.967FDDD3DA96E3DE7D78025DE421A0B1.e.5392"}]}
COMMAND: GET /session/9d48326ae870b5d3a573a2f725ac1bbc/element/f.0A588440BBC4B09490297E8A4E4C478B.d.967FDDD3DA96E3DE7D78025DE421A0B1.e.5392/enabled - {}
COMMAND: GET /session/9d48326ae870b5d3a573a2f725ac1bbc/screenshot - {}
RESULT: {}
COMMAND: POST /session/9d48326ae870b5d3a573a2f725ac1bbc/execute/sync - {"script":"<script> [8489 bytes]","args":[{"element-6066-11e4-a52e-4f735466cecf":"f.0A588440BBC4B09490297E8A4E4C478B.d.967FDDD3DA96E3DE7D78025DE421A0B1.e.5392","ELEMENT":"f.0A588440BBC4B09490297E8A4E4C478B.d.967FDDD3DA96E3DE7D78025DE421A0B1.e.5392"}]}
COMMAND: GET /session/9d48326ae870b5d3a573a2f725ac1bbc/screenshot - {}
RESULT: {}
RESULT: {"script":"<script> [8489 bytes]","args":[{"element-6066-11e4-a52e-4f735466cecf":"f.0A588440BBC4B09490297E8A4E4C478B.d.967FDDD3DA96E3DE7D78025DE421A0B1.e.5392","ELEMENT":"f.0A588440BBC4B09490297E8A4E4C478B.d.967FDDD3DA96E3DE7D78025DE421A0B1.e.5392"}]}
COMMAND: POST /session/9d48326ae870b5d3a573a2f725ac1bbc/execute/sync - {"script":"<script> [5351 bytes]","args":[{"element-6066-11e4-a52e-4f735466cecf":"f.0A588440BBC4B09490297E8A4E4C478B.d.967FDDD3DA96E3DE7D78025DE421A0B1.e.5392","ELEMENT":"f.0A588440BBC4B09490297E8A4E4C478B.d.967FDDD3DA96E3DE7D78025DE421A0B1.e.5392"}]}
COMMAND: GET /session/9d48326ae870b5d3a573a2f725ac1bbc/screenshot - {}
RESULT: {}
RESULT: {"script":"<script> [5351 bytes]","args":[{"element-6066-11e4-a52e-4f735466cecf":"f.0A588440BBC4B09490297E8A4E4C478B.d.967FDDD3DA96E3DE7D78025DE421A0B1.e.5392","ELEMENT":"f.0A588440BBC4B09490297E8A4E4C478B.d.967FDDD3DA96E3DE7D78025DE421A0B1.e.5392"}]}
COMMAND: POST /session/9d48326ae870b5d3a573a2f725ac1bbc/element/f.0A588440BBC4B09490297E8A4E4C478B.d.967FDDD3DA96E3DE7D78025DE421A0B1.e.5392/click - {}
COMMAND: GET /session/9d48326ae870b5d3a573a2f725ac1bbc/screenshot - {}
RESULT: {}
RESULT: {}
COMMAND: GET /session/9d48326ae870b5d3a573a2f725ac1bbc/screenshot - {}
RESULT: {}
RESULT: {}
COMMAND: POST /session/9d48326ae870b5d3a573a2f725ac1bbc/execute/async - {"script":"<script> [1562 bytes]","args":[{"selector":{"controlType":"sap.m.Title","viewName":"etm.portal.ui.managepricingrules.view.NewItem","viewId":"application-managepricingrules-display-component---newInfoPriceItem","properties":{"text":"New Pricing Rules - Item Level"}},"wdio_ui5_key":"etmportal.ui.managepricingrules.view.NewItemsap.m.Title{\"text\":\"New Pricing Rules - Item Level\"}"}]}
RESULT: {"script":"<script> [1562 bytes]","args":[{"selector":{"controlType":"sap.m.Title","viewName":"etm.portal.ui.managepricingrules.view.NewItem","viewId":"application-managepricingrules-display-component---newInfoPriceItem","properties":{"text":"New Pricing Rules - Item Level"}},"wdio_ui5_key":"etmportal.ui.managepricingrules.view.NewItemsap.m.Title{\"text\":\"New Pricing Rules - Item Level\"}"}]}
RESULT: undefined
COMMAND: POST /session/9d48326ae870b5d3a573a2f725ac1bbc/execute/async - {"script":"<script> [6424 bytes]","args":[{"element-6066-11e4-a52e-4f735466cecf":"f.0A588440BBC4B09490297E8A4E4C478B.d.967FDDD3DA96E3DE7D78025DE421A0B1.e.5555"},"getText",[]]}
RESULT: {"script":"<script> [6424 bytes]","args":[{"element-6066-11e4-a52e-4f735466cecf":"f.0A588440BBC4B09490297E8A4E4C478B.d.967FDDD3DA96E3DE7D78025DE421A0B1.e.5555"},"getText",[]]}
COMMAND: POST /session/9d48326ae870b5d3a573a2f725ac1bbc/execute/async - {"script":"<script> [1562 bytes]","args":[{"selector":{"id":"application-managepricingrules-display-component---newInfoPriceItem--condValidTo","interaction":{"idSuffix":"inner"}},"wdio_ui5_key":"applicationmanagepricingrules-display-component---newInfoPriceItem--condValidTo"}]}
RESULT: {"script":"<script> [1562 bytes]","args":[{"selector":{"id":"application-managepricingrules-display-component---newInfoPriceItem--condValidTo","interaction":{"idSuffix":"inner"}},"wdio_ui5_key":"applicationmanagepricingrules-display-component---newInfoPriceItem--condValidTo"}]}
RESULT: undefined
COMMAND: POST /session/9d48326ae870b5d3a573a2f725ac1bbc/execute/async - {"script":"<script> [776 bytes]","args":[{"enterText":"1/31/26","selector":{"id":"application-managepricingrules-display-component---newInfoPriceItem--condValidTo","interaction":{"idSuffix":"inner"}},"clearTextFirst":true,"interactionType":"ENTER_TEXT"}]}
RESULT: {"script":"<script> [776 bytes]","args":[{"enterText":"1/31/26","selector":{"id":"application-managepricingrules-display-component---newInfoPriceItem--condValidTo","interaction":{"idSuffix":"inner"}},"clearTextFirst":true,"interactionType":"ENTER_TEXT"}]}
COMMAND: POST /session/9d48326ae870b5d3a573a2f725ac1bbc/execute/async - {"script":"<script> [1562 bytes]","args":[{"selector":{"id":"application-managepricingrules-display-component---newInfoPriceItem--billType-arrow"},"wdio_ui5_key":"applicationmanagepricingrules-display-component---newInfoPriceItem--billType-arrow"}]}
RESULT: {"script":"<script> [1562 bytes]","args":[{"selector":{"id":"application-managepricingrules-display-component---newInfoPriceItem--billType-arrow"},"wdio_ui5_key":"applicationmanagepricingrules-display-component---newInfoPriceItem--billType-arrow"}]}
RESULT: undefined
COMMAND: POST /session/9d48326ae870b5d3a573a2f725ac1bbc/element - {"using":"xpath","value":"//*[@id=\"application-managepricingrules-display-component---newInfoPriceItem--billType-arrow\"]"}
RESULT: {"using":"xpath","value":"//*[@id=\"application-managepricingrules-display-component---newInfoPriceItem--billType-arrow\"]"}
COMMAND: POST /session/9d48326ae870b5d3a573a2f725ac1bbc/element/f.0A588440BBC4B09490297E8A4E4C478B.d.967FDDD3DA96E3DE7D78025DE421A0B1.e.5557/click - {}
RESULT: {}
COMMAND: POST /session/9d48326ae870b5d3a573a2f725ac1bbc/element - {"using":"xpath","value":"//span[contains(text(), \"TB - Time based\")]"}
COMMAND: GET /session/9d48326ae870b5d3a573a2f725ac1bbc/screenshot - {}
RESULT: {"using":"xpath","value":"//span[contains(text(), \"TB - Time based\")]"}
COMMAND: POST /session/9d48326ae870b5d3a573a2f725ac1bbc/element/f.0A588440BBC4B09490297E8A4E4C478B.d.967FDDD3DA96E3DE7D78025DE421A0B1.e.5558/click - {}
RESULT: {}
RESULT: {}
COMMAND: POST /session/9d48326ae870b5d3a573a2f725ac1bbc/execute/async - {"script":"<script> [1562 bytes]","args":[{"selector":{"id":"application-managepricingrules-display-component---newInfoPriceItem--priceProc-arrow"},"wdio_ui5_key":"applicationmanagepricingrules-display-component---newInfoPriceItem--priceProc-arrow"}]}
COMMAND: GET /session/9d48326ae870b5d3a573a2f725ac1bbc/screenshot - {}
RESULT: {"script":"<script> [1562 bytes]","args":[{"selector":{"id":"application-managepricingrules-display-component---newInfoPriceItem--priceProc-arrow"},"wdio_ui5_key":"applicationmanagepricingrules-display-component---newInfoPriceItem--priceProc-arrow"}]}
RESULT: undefined
COMMAND: POST /session/9d48326ae870b5d3a573a2f725ac1bbc/element - {"using":"xpath","value":"//*[@id=\"application-managepricingrules-display-component---newInfoPriceItem--priceProc-arrow\"]"}
RESULT: {}
RESULT: {"using":"xpath","value":"//*[@id=\"application-managepricingrules-display-component---newInfoPriceItem--priceProc-arrow\"]"}
COMMAND: POST /session/9d48326ae870b5d3a573a2f725ac1bbc/element/f.0A588440BBC4B09490297E8A4E4C478B.d.967FDDD3DA96E3DE7D78025DE421A0B1.e.5519/click - {}
RESULT: {}
COMMAND: POST /session/9d48326ae870b5d3a573a2f725ac1bbc/element - {"using":"xpath","value":"//span[contains(text(), \"TBS - Time based standard\")]"}
COMMAND: GET /session/9d48326ae870b5d3a573a2f725ac1bbc/screenshot - {}
RESULT: {"using":"xpath","value":"//span[contains(text(), \"TBS - Time based standard\")]"}
COMMAND: POST /session/9d48326ae870b5d3a573a2f725ac1bbc/element/f.0A588440BBC4B09490297E8A4E4C478B.d.967FDDD3DA96E3DE7D78025DE421A0B1.e.5559/click - {}
RESULT: {}
RESULT: {}
COMMAND: POST /session/9d48326ae870b5d3a573a2f725ac1bbc/execute/async - {"script":"<script> [1562 bytes]","args":[{"selector":{"id":"application-managepricingrules-display-component---newInfoPriceItem--calcBase-arrow"},"wdio_ui5_key":"applicationmanagepricingrules-display-component---newInfoPriceItem--calcBase-arrow"}]}
COMMAND: GET /session/9d48326ae870b5d3a573a2f725ac1bbc/screenshot - {}
RESULT: {"script":"<script> [1562 bytes]","args":[{"selector":{"id":"application-managepricingrules-display-component---newInfoPriceItem--calcBase-arrow"},"wdio_ui5_key":"applicationmanagepricingrules-display-component---newInfoPriceItem--calcBase-arrow"}]}
RESULT: undefined
COMMAND: POST /session/9d48326ae870b5d3a573a2f725ac1bbc/element - {"using":"xpath","value":"//*[@id=\"application-managepricingrules-display-component---newInfoPriceItem--calcBase-arrow\"]"}
RESULT: {}
RESULT: {"using":"xpath","value":"//*[@id=\"application-managepricingrules-display-component---newInfoPriceItem--calcBase-arrow\"]"}
COMMAND: POST /session/9d48326ae870b5d3a573a2f725ac1bbc/element/f.0A588440BBC4B09490297E8A4E4C478B.d.967FDDD3DA96E3DE7D78025DE421A0B1.e.5526/click - {}
RESULT: {}
COMMAND: GET /session/9d48326ae870b5d3a573a2f725ac1bbc/screenshot - {}
RESULT: {}
COMMAND: POST /session/9d48326ae870b5d3a573a2f725ac1bbc/element - {"using":"xpath","value":"//span[contains(text(), \"0006 - TB(calendar days)\")]"}
RESULT: {"using":"xpath","value":"//span[contains(text(), \"0006 - TB(calendar days)\")]"}
COMMAND: POST /session/9d48326ae870b5d3a573a2f725ac1bbc/element/f.0A588440BBC4B09490297E8A4E4C478B.d.967FDDD3DA96E3DE7D78025DE421A0B1.e.5560/click - {}
RESULT: {}
COMMAND: GET /session/9d48326ae870b5d3a573a2f725ac1bbc/screenshot - {}
RESULT: {}
COMMAND: POST /session/9d48326ae870b5d3a573a2f725ac1bbc/execute/async - {"script":"<script> [1562 bytes]","args":[{"selector":{"id":"application-managepricingrules-display-component---newInfoPriceItem--daysMonth","interaction":{"idSuffix":"inner"}},"wdio_ui5_key":"applicationmanagepricingrules-display-component---newInfoPriceItem--daysMonth"}]}
RESULT: {"script":"<script> [1562 bytes]","args":[{"selector":{"id":"application-managepricingrules-display-component---newInfoPriceItem--daysMonth","interaction":{"idSuffix":"inner"}},"wdio_ui5_key":"applicationmanagepricingrules-display-component---newInfoPriceItem--daysMonth"}]}
RESULT: undefined
COMMAND: POST /session/9d48326ae870b5d3a573a2f725ac1bbc/execute/async - {"script":"<script> [776 bytes]","args":[{"enterText":"30","selector":{"id":"application-managepricingrules-display-component---newInfoPriceItem--daysMonth","interaction":{"idSuffix":"inner"}},"clearTextFirst":true,"interactionType":"ENTER_TEXT"}]}
RESULT: {"script":"<script> [776 bytes]","args":[{"enterText":"30","selector":{"id":"application-managepricingrules-display-component---newInfoPriceItem--daysMonth","interaction":{"idSuffix":"inner"}},"clearTextFirst":true,"interactionType":"ENTER_TEXT"}]}
COMMAND: POST /session/9d48326ae870b5d3a573a2f725ac1bbc/element - {"using":"xpath","value":"//button[@data-kt=\"saveNewRuleButton\"]"}
RESULT: {"using":"xpath","value":"//button[@data-kt=\"saveNewRuleButton\"]"}
COMMAND: POST /session/9d48326ae870b5d3a573a2f725ac1bbc/element/f.0A588440BBC4B09490297E8A4E4C478B.d.967FDDD3DA96E3DE7D78025DE421A0B1.e.5545/click - {}
RESULT: {}
COMMAND: GET /session/9d48326ae870b5d3a573a2f725ac1bbc/screenshot - {}
RESULT: {}
COMMAND: POST /session/9d48326ae870b5d3a573a2f725ac1bbc/execute/async - {"script":"<script> [1562 bytes]","args":[{"selector":{"id":"application-managepricingrules-display-component---priceInfoItem--smartFilterBar-btnBasicSearch","interaction":{"idSuffix":"I"}},"wdio_ui5_key":"applicationmanagepricingrules-display-component---priceInfoItem--smartFilterBar-btnBasicSearch"}]}
RESULT: {"script":"<script> [1562 bytes]","args":[{"selector":{"id":"application-managepricingrules-display-component---priceInfoItem--smartFilterBar-btnBasicSearch","interaction":{"idSuffix":"I"}},"wdio_ui5_key":"applicationmanagepricingrules-display-component---priceInfoItem--smartFilterBar-btnBasicSearch"}]}
RESULT: undefined
COMMAND: POST /session/9d48326ae870b5d3a573a2f725ac1bbc/execute/async - {"script":"<script> [776 bytes]","args":[{"enterText":"Ce64ieRGFc","selector":{"id":"application-managepricingrules-display-component---priceInfoItem--smartFilterBar-btnBasicSearch","interaction":{"idSuffix":"I"}},"clearTextFirst":true,"interactionType":"ENTER_TEXT"}]}
RESULT: {"script":"<script> [776 bytes]","args":[{"enterText":"Ce64ieRGFc","selector":{"id":"application-managepricingrules-display-component---priceInfoItem--smartFilterBar-btnBasicSearch","interaction":{"idSuffix":"I"}},"clearTextFirst":true,"interactionType":"ENTER_TEXT"}]}
COMMAND: POST /session/9d48326ae870b5d3a573a2f725ac1bbc/actions - {"actions":[{"id":"action12","type":"key","parameters":{},"actions":[{"type":"keyDown","value":""},{"type":"pause","duration":10},{"type":"keyUp","value":""}]}]}
RESULT: {"actions":[{"id":"action12","type":"key","parameters":{},"actions":[{"type":"keyDown","value":""},{"type":"pause","duration":10},{"type":"keyUp","value":""}]}]}
COMMAND: GET /session/9d48326ae870b5d3a573a2f725ac1bbc/screenshot - {}
RESULT: {}
COMMAND: POST /session/9d48326ae870b5d3a573a2f725ac1bbc/element - {"using":"xpath","value":"//span[@id=\"application-managepricingrules-display-component---priceInfoItem--smartTable-header-inner\"]"}
RESULT: {"using":"xpath","value":"//span[@id=\"application-managepricingrules-display-component---priceInfoItem--smartTable-header-inner\"]"}
COMMAND: POST /session/9d48326ae870b5d3a573a2f725ac1bbc/elements - {"using":"xpath","value":"//span[@id=\"application-managepricingrules-display-component---priceInfoItem--smartTable-header-inner\"]"}
RESULT: {"using":"xpath","value":"//span[@id=\"application-managepricingrules-display-component---priceInfoItem--smartTable-header-inner\"]"}
COMMAND: POST /session/9d48326ae870b5d3a573a2f725ac1bbc/execute/sync - {"script":"<script> [56 bytes]","args":[{"element-6066-11e4-a52e-4f735466cecf":"f.0A588440BBC4B09490297E8A4E4C478B.d.967FDDD3DA96E3DE7D78025DE421A0B1.e.5574","ELEMENT":"f.0A588440BBC4B09490297E8A4E4C478B.d.967FDDD3DA96E3DE7D78025DE421A0B1.e.5574"}]}
RESULT: {"script":"<script> [56 bytes]","args":[{"element-6066-11e4-a52e-4f735466cecf":"f.0A588440BBC4B09490297E8A4E4C478B.d.967FDDD3DA96E3DE7D78025DE421A0B1.e.5574","ELEMENT":"f.0A588440BBC4B09490297E8A4E4C478B.d.967FDDD3DA96E3DE7D78025DE421A0B1.e.5574"}]}
COMMAND: POST /session/9d48326ae870b5d3a573a2f725ac1bbc/element - {"using":"css selector","value":"#shell-header-logo"}
COMMAND: GET /session/9d48326ae870b5d3a573a2f725ac1bbc/screenshot - {}
RESULT: {"using":"css selector","value":"#shell-header-logo"}
COMMAND: POST /session/9d48326ae870b5d3a573a2f725ac1bbc/element/f.0A588440BBC4B09490297E8A4E4C478B.d.967FDDD3DA96E3DE7D78025DE421A0B1.e.4676/click - {}
RESULT: {}
RESULT: {}
COMMAND: GET /session/9d48326ae870b5d3a573a2f725ac1bbc/screenshot - {}
RESULT: {}
]]></system-out>
    </testcase>
    <testcase classname="chrome.136_0_7103_93.windows.Billing_Transfer_-_Master_data_&amp;_Intercompany_US127250" name="Should create new condition for equipment TB" time="68.896">
      <system-out><![CDATA[
COMMAND: POST /session/9d48326ae870b5d3a573a2f725ac1bbc/execute/async - {"script":"<script> [1562 bytes]","args":[{"selector":{"controlType":"sap.m.GenericTile","properties":{"header":"Manage Conditions & Prices"}},"wdio_ui5_key":"sapm.GenericTile{\"header\":\"Manage Conditions & Prices\"}"}]}
RESULT: {"script":"<script> [1562 bytes]","args":[{"selector":{"controlType":"sap.m.GenericTile","properties":{"header":"Manage Conditions & Prices"}},"wdio_ui5_key":"sapm.GenericTile{\"header\":\"Manage Conditions & Prices\"}"}]}
RESULT: undefined
COMMAND: POST /session/9d48326ae870b5d3a573a2f725ac1bbc/element - {"using":"xpath","value":"//*[@id=\"__tile53\"]"}
RESULT: {"using":"xpath","value":"//*[@id=\"__tile53\"]"}
COMMAND: POST /session/9d48326ae870b5d3a573a2f725ac1bbc/element/f.0A588440BBC4B09490297E8A4E4C478B.d.967FDDD3DA96E3DE7D78025DE421A0B1.e.2144/click - {}
RESULT: {}
COMMAND: GET /session/9d48326ae870b5d3a573a2f725ac1bbc/screenshot - {}
RESULT: {}
COMMAND: POST /session/9d48326ae870b5d3a573a2f725ac1bbc/elements - {"using":"xpath","value":"//span[text()='Error']"}
RESULT: {"using":"xpath","value":"//span[text()='Error']"}
COMMAND: POST /session/9d48326ae870b5d3a573a2f725ac1bbc/element - {"using":"xpath","value":"//button[@aria-label=\"Create\"]"}
RESULT: {"using":"xpath","value":"//button[@aria-label=\"Create\"]"}
COMMAND: POST /session/9d48326ae870b5d3a573a2f725ac1bbc/elements - {"using":"xpath","value":"//button[@aria-label=\"Create\"]"}
RESULT: {"using":"xpath","value":"//button[@aria-label=\"Create\"]"}
COMMAND: POST /session/9d48326ae870b5d3a573a2f725ac1bbc/execute/sync - {"script":"<script> [8489 bytes]","args":[{"element-6066-11e4-a52e-4f735466cecf":"f.0A588440BBC4B09490297E8A4E4C478B.d.967FDDD3DA96E3DE7D78025DE421A0B1.e.5610","ELEMENT":"f.0A588440BBC4B09490297E8A4E4C478B.d.967FDDD3DA96E3DE7D78025DE421A0B1.e.5610"}]}
RESULT: {"script":"<script> [8489 bytes]","args":[{"element-6066-11e4-a52e-4f735466cecf":"f.0A588440BBC4B09490297E8A4E4C478B.d.967FDDD3DA96E3DE7D78025DE421A0B1.e.5610","ELEMENT":"f.0A588440BBC4B09490297E8A4E4C478B.d.967FDDD3DA96E3DE7D78025DE421A0B1.e.5610"}]}
COMMAND: GET /session/9d48326ae870b5d3a573a2f725ac1bbc/element/f.0A588440BBC4B09490297E8A4E4C478B.d.967FDDD3DA96E3DE7D78025DE421A0B1.e.5610/enabled - {}
COMMAND: GET /session/9d48326ae870b5d3a573a2f725ac1bbc/screenshot - {}
RESULT: {}
COMMAND: POST /session/9d48326ae870b5d3a573a2f725ac1bbc/execute/sync - {"script":"<script> [8489 bytes]","args":[{"element-6066-11e4-a52e-4f735466cecf":"f.0A588440BBC4B09490297E8A4E4C478B.d.967FDDD3DA96E3DE7D78025DE421A0B1.e.5610","ELEMENT":"f.0A588440BBC4B09490297E8A4E4C478B.d.967FDDD3DA96E3DE7D78025DE421A0B1.e.5610"}]}
COMMAND: GET /session/9d48326ae870b5d3a573a2f725ac1bbc/screenshot - {}
RESULT: {}
RESULT: {"script":"<script> [8489 bytes]","args":[{"element-6066-11e4-a52e-4f735466cecf":"f.0A588440BBC4B09490297E8A4E4C478B.d.967FDDD3DA96E3DE7D78025DE421A0B1.e.5610","ELEMENT":"f.0A588440BBC4B09490297E8A4E4C478B.d.967FDDD3DA96E3DE7D78025DE421A0B1.e.5610"}]}
COMMAND: POST /session/9d48326ae870b5d3a573a2f725ac1bbc/execute/sync - {"script":"<script> [5351 bytes]","args":[{"element-6066-11e4-a52e-4f735466cecf":"f.0A588440BBC4B09490297E8A4E4C478B.d.967FDDD3DA96E3DE7D78025DE421A0B1.e.5610","ELEMENT":"f.0A588440BBC4B09490297E8A4E4C478B.d.967FDDD3DA96E3DE7D78025DE421A0B1.e.5610"}]}
COMMAND: GET /session/9d48326ae870b5d3a573a2f725ac1bbc/screenshot - {}
RESULT: {}
RESULT: {"script":"<script> [5351 bytes]","args":[{"element-6066-11e4-a52e-4f735466cecf":"f.0A588440BBC4B09490297E8A4E4C478B.d.967FDDD3DA96E3DE7D78025DE421A0B1.e.5610","ELEMENT":"f.0A588440BBC4B09490297E8A4E4C478B.d.967FDDD3DA96E3DE7D78025DE421A0B1.e.5610"}]}
COMMAND: POST /session/9d48326ae870b5d3a573a2f725ac1bbc/element/f.0A588440BBC4B09490297E8A4E4C478B.d.967FDDD3DA96E3DE7D78025DE421A0B1.e.5610/click - {}
COMMAND: GET /session/9d48326ae870b5d3a573a2f725ac1bbc/screenshot - {}
RESULT: {}
RESULT: {}
COMMAND: GET /session/9d48326ae870b5d3a573a2f725ac1bbc/screenshot - {}
RESULT: {}
RESULT: {}
COMMAND: POST /session/9d48326ae870b5d3a573a2f725ac1bbc/actions - {"actions":[{"id":"action13","type":"key","parameters":{},"actions":[{"type":"keyDown","value":""},{"type":"pause","duration":10},{"type":"keyUp","value":""}]}]}
RESULT: {"actions":[{"id":"action13","type":"key","parameters":{},"actions":[{"type":"keyDown","value":""},{"type":"pause","duration":10},{"type":"keyUp","value":""}]}]}
COMMAND: GET /session/9d48326ae870b5d3a573a2f725ac1bbc/screenshot - {}
COMMAND: POST /session/9d48326ae870b5d3a573a2f725ac1bbc/execute/async - {"script":"<script> [1562 bytes]","args":[{"selector":{"id":"application-manageconditionprice-display-component---newCondition--condBillCond-arrow"},"wdio_ui5_key":"applicationmanageconditionprice-display-component---newCondition--condBillCond-arrow"}]}
RESULT: {}
RESULT: {"script":"<script> [1562 bytes]","args":[{"selector":{"id":"application-manageconditionprice-display-component---newCondition--condBillCond-arrow"},"wdio_ui5_key":"applicationmanageconditionprice-display-component---newCondition--condBillCond-arrow"}]}
RESULT: undefined
COMMAND: POST /session/9d48326ae870b5d3a573a2f725ac1bbc/element - {"using":"xpath","value":"//*[@id=\"application-manageconditionprice-display-component---newCondition--condBillCond-arrow\"]"}
RESULT: {"using":"xpath","value":"//*[@id=\"application-manageconditionprice-display-component---newCondition--condBillCond-arrow\"]"}
COMMAND: POST /session/9d48326ae870b5d3a573a2f725ac1bbc/element/f.0A588440BBC4B09490297E8A4E4C478B.d.967FDDD3DA96E3DE7D78025DE421A0B1.e.5787/click - {}
RESULT: {}
COMMAND: GET /session/9d48326ae870b5d3a573a2f725ac1bbc/screenshot - {}
RESULT: {}
COMMAND: POST /session/9d48326ae870b5d3a573a2f725ac1bbc/element - {"using":"xpath","value":"//li[.//span[contains(text(), \"DISP - D&I special price\")]]"}
RESULT: {"using":"xpath","value":"//li[.//span[contains(text(), \"DISP - D&I special price\")]]"}
COMMAND: POST /session/9d48326ae870b5d3a573a2f725ac1bbc/element/f.0A588440BBC4B09490297E8A4E4C478B.d.967FDDD3DA96E3DE7D78025DE421A0B1.e.5790/click - {}
RESULT: {}
COMMAND: GET /session/9d48326ae870b5d3a573a2f725ac1bbc/screenshot - {}
RESULT: {}
COMMAND: POST /session/9d48326ae870b5d3a573a2f725ac1bbc/execute/async - {"script":"<script> [1562 bytes]","args":[{"selector":{"id":"application-manageconditionprice-display-component---newCondition--condValidTo","interaction":{"idSuffix":"inner"}},"wdio_ui5_key":"applicationmanageconditionprice-display-component---newCondition--condValidTo"}]}
RESULT: {"script":"<script> [1562 bytes]","args":[{"selector":{"id":"application-manageconditionprice-display-component---newCondition--condValidTo","interaction":{"idSuffix":"inner"}},"wdio_ui5_key":"applicationmanageconditionprice-display-component---newCondition--condValidTo"}]}
RESULT: undefined
COMMAND: POST /session/9d48326ae870b5d3a573a2f725ac1bbc/execute/async - {"script":"<script> [776 bytes]","args":[{"enterText":"1/31/26","selector":{"id":"application-manageconditionprice-display-component---newCondition--condValidTo","interaction":{"idSuffix":"inner"}},"clearTextFirst":true,"interactionType":"ENTER_TEXT"}]}
RESULT: {"script":"<script> [776 bytes]","args":[{"enterText":"1/31/26","selector":{"id":"application-manageconditionprice-display-component---newCondition--condValidTo","interaction":{"idSuffix":"inner"}},"clearTextFirst":true,"interactionType":"ENTER_TEXT"}]}
COMMAND: POST /session/9d48326ae870b5d3a573a2f725ac1bbc/element - {"using":"xpath","value":"//input[@id=\"application-manageconditionprice-display-component---newCondition--condRU-inner\"]"}
RESULT: {"using":"xpath","value":"//input[@id=\"application-manageconditionprice-display-component---newCondition--condRU-inner\"]"}
COMMAND: POST /session/9d48326ae870b5d3a573a2f725ac1bbc/element/f.0A588440BBC4B09490297E8A4E4C478B.d.967FDDD3DA96E3DE7D78025DE421A0B1.e.5652/clear - {}
RESULT: {}
COMMAND: POST /session/9d48326ae870b5d3a573a2f725ac1bbc/element/f.0A588440BBC4B09490297E8A4E4C478B.d.967FDDD3DA96E3DE7D78025DE421A0B1.e.5652/value - {"text":"Ce64ieRGFc"}
COMMAND: GET /session/9d48326ae870b5d3a573a2f725ac1bbc/screenshot - {}
RESULT: {"text":"Ce64ieRGFc"}
COMMAND: GET /session/9d48326ae870b5d3a573a2f725ac1bbc/screenshot - {}
RESULT: {}
RESULT: {}
COMMAND: POST /session/9d48326ae870b5d3a573a2f725ac1bbc/actions - {"actions":[{"id":"action14","type":"key","parameters":{},"actions":[{"type":"keyDown","value":""},{"type":"pause","duration":10},{"type":"keyUp","value":""}]}]}
RESULT: {"actions":[{"id":"action14","type":"key","parameters":{},"actions":[{"type":"keyDown","value":""},{"type":"pause","duration":10},{"type":"keyUp","value":""}]}]}
COMMAND: POST /session/9d48326ae870b5d3a573a2f725ac1bbc/execute/async - {"script":"<script> [1562 bytes]","args":[{"selector":{"id":"application-manageconditionprice-display-component---newCondition--condBaseQty","interaction":{"idSuffix":"inner"}},"wdio_ui5_key":"applicationmanageconditionprice-display-component---newCondition--condBaseQty"}]}
COMMAND: GET /session/9d48326ae870b5d3a573a2f725ac1bbc/screenshot - {}
RESULT: {"script":"<script> [1562 bytes]","args":[{"selector":{"id":"application-manageconditionprice-display-component---newCondition--condBaseQty","interaction":{"idSuffix":"inner"}},"wdio_ui5_key":"applicationmanageconditionprice-display-component---newCondition--condBaseQty"}]}
RESULT: undefined
COMMAND: POST /session/9d48326ae870b5d3a573a2f725ac1bbc/execute/async - {"script":"<script> [776 bytes]","args":[{"enterText":"1","selector":{"id":"application-manageconditionprice-display-component---newCondition--condBaseQty","interaction":{"idSuffix":"inner"}},"clearTextFirst":true,"interactionType":"ENTER_TEXT"}]}
RESULT: {}
RESULT: {"script":"<script> [776 bytes]","args":[{"enterText":"1","selector":{"id":"application-manageconditionprice-display-component---newCondition--condBaseQty","interaction":{"idSuffix":"inner"}},"clearTextFirst":true,"interactionType":"ENTER_TEXT"}]}
COMMAND: POST /session/9d48326ae870b5d3a573a2f725ac1bbc/execute/async - {"script":"<script> [1562 bytes]","args":[{"selector":{"id":"application-manageconditionprice-display-component---newCondition--condValue","interaction":{"idSuffix":"inner"}},"wdio_ui5_key":"applicationmanageconditionprice-display-component---newCondition--condValue"}]}
RESULT: {"script":"<script> [1562 bytes]","args":[{"selector":{"id":"application-manageconditionprice-display-component---newCondition--condValue","interaction":{"idSuffix":"inner"}},"wdio_ui5_key":"applicationmanageconditionprice-display-component---newCondition--condValue"}]}
RESULT: undefined
COMMAND: POST /session/9d48326ae870b5d3a573a2f725ac1bbc/execute/async - {"script":"<script> [776 bytes]","args":[{"enterText":"100","selector":{"id":"application-manageconditionprice-display-component---newCondition--condValue","interaction":{"idSuffix":"inner"}},"clearTextFirst":true,"interactionType":"ENTER_TEXT"}]}
RESULT: {"script":"<script> [776 bytes]","args":[{"enterText":"100","selector":{"id":"application-manageconditionprice-display-component---newCondition--condValue","interaction":{"idSuffix":"inner"}},"clearTextFirst":true,"interactionType":"ENTER_TEXT"}]}
COMMAND: POST /session/9d48326ae870b5d3a573a2f725ac1bbc/execute/async - {"script":"<script> [1562 bytes]","args":[{"selector":{"id":"application-manageconditionprice-display-component---newCondition--condCurr-arrow"},"wdio_ui5_key":"applicationmanageconditionprice-display-component---newCondition--condCurr-arrow"}]}
RESULT: {"script":"<script> [1562 bytes]","args":[{"selector":{"id":"application-manageconditionprice-display-component---newCondition--condCurr-arrow"},"wdio_ui5_key":"applicationmanageconditionprice-display-component---newCondition--condCurr-arrow"}]}
RESULT: undefined
COMMAND: POST /session/9d48326ae870b5d3a573a2f725ac1bbc/element - {"using":"xpath","value":"//*[@id=\"application-manageconditionprice-display-component---newCondition--condCurr-arrow\"]"}
RESULT: {"using":"xpath","value":"//*[@id=\"application-manageconditionprice-display-component---newCondition--condCurr-arrow\"]"}
COMMAND: POST /session/9d48326ae870b5d3a573a2f725ac1bbc/element/f.0A588440BBC4B09490297E8A4E4C478B.d.967FDDD3DA96E3DE7D78025DE421A0B1.e.5746/click - {}
RESULT: {}
COMMAND: POST /session/9d48326ae870b5d3a573a2f725ac1bbc/element - {"using":"xpath","value":"//span[contains(text(), \"Euro\")]"}
COMMAND: GET /session/9d48326ae870b5d3a573a2f725ac1bbc/screenshot - {}
RESULT: {"using":"xpath","value":"//span[contains(text(), \"Euro\")]"}
COMMAND: POST /session/9d48326ae870b5d3a573a2f725ac1bbc/element/f.0A588440BBC4B09490297E8A4E4C478B.d.967FDDD3DA96E3DE7D78025DE421A0B1.e.5827/click - {}
RESULT: {}
RESULT: {}
COMMAND: POST /session/9d48326ae870b5d3a573a2f725ac1bbc/element - {"using":"xpath","value":"//button[@data-kt=\"saveButton\"]"}
COMMAND: GET /session/9d48326ae870b5d3a573a2f725ac1bbc/screenshot - {}
RESULT: {"using":"xpath","value":"//button[@data-kt=\"saveButton\"]"}
COMMAND: POST /session/9d48326ae870b5d3a573a2f725ac1bbc/element/f.0A588440BBC4B09490297E8A4E4C478B.d.967FDDD3DA96E3DE7D78025DE421A0B1.e.5747/click - {}
RESULT: {}
RESULT: {}
COMMAND: GET /session/9d48326ae870b5d3a573a2f725ac1bbc/screenshot - {}
RESULT: {}
COMMAND: POST /session/9d48326ae870b5d3a573a2f725ac1bbc/execute/async - {"script":"<script> [1562 bytes]","args":[{"selector":{"id":"application-manageconditionprice-display-component---conditions--smartFilterBar-btnBasicSearch","interaction":{"idSuffix":"I"}},"wdio_ui5_key":"applicationmanageconditionprice-display-component---conditions--smartFilterBar-btnBasicSearch"}]}
RESULT: {"script":"<script> [1562 bytes]","args":[{"selector":{"id":"application-manageconditionprice-display-component---conditions--smartFilterBar-btnBasicSearch","interaction":{"idSuffix":"I"}},"wdio_ui5_key":"applicationmanageconditionprice-display-component---conditions--smartFilterBar-btnBasicSearch"}]}
RESULT: undefined
COMMAND: POST /session/9d48326ae870b5d3a573a2f725ac1bbc/execute/async - {"script":"<script> [776 bytes]","args":[{"enterText":"Ce64ieRGFc","selector":{"id":"application-manageconditionprice-display-component---conditions--smartFilterBar-btnBasicSearch","interaction":{"idSuffix":"I"}},"clearTextFirst":true,"interactionType":"ENTER_TEXT"}]}
RESULT: {"script":"<script> [776 bytes]","args":[{"enterText":"Ce64ieRGFc","selector":{"id":"application-manageconditionprice-display-component---conditions--smartFilterBar-btnBasicSearch","interaction":{"idSuffix":"I"}},"clearTextFirst":true,"interactionType":"ENTER_TEXT"}]}
COMMAND: POST /session/9d48326ae870b5d3a573a2f725ac1bbc/actions - {"actions":[{"id":"action15","type":"key","parameters":{},"actions":[{"type":"keyDown","value":""},{"type":"pause","duration":10},{"type":"keyUp","value":""}]}]}
RESULT: {"actions":[{"id":"action15","type":"key","parameters":{},"actions":[{"type":"keyDown","value":""},{"type":"pause","duration":10},{"type":"keyUp","value":""}]}]}
COMMAND: GET /session/9d48326ae870b5d3a573a2f725ac1bbc/screenshot - {}
RESULT: {}
COMMAND: POST /session/9d48326ae870b5d3a573a2f725ac1bbc/execute/async - {"script":"<script> [1562 bytes]","args":[{"selector":{"id":"application-manageconditionprice-display-component---conditions--smartFilterBar-filterItemControl_BASIC-BILL_TYPES-vhi"},"wdio_ui5_key":"applicationmanageconditionprice-display-component---conditions--smartFilterBar-filterItemControl_BASIC-BILL_TYPES-vhi"}]}
RESULT: {"script":"<script> [1562 bytes]","args":[{"selector":{"id":"application-manageconditionprice-display-component---conditions--smartFilterBar-filterItemControl_BASIC-BILL_TYPES-vhi"},"wdio_ui5_key":"applicationmanageconditionprice-display-component---conditions--smartFilterBar-filterItemControl_BASIC-BILL_TYPES-vhi"}]}
RESULT: undefined
COMMAND: POST /session/9d48326ae870b5d3a573a2f725ac1bbc/element - {"using":"xpath","value":"//*[@id=\"application-manageconditionprice-display-component---conditions--smartFilterBar-filterItemControl_BASIC-BILL_TYPES-vhi\"]"}
RESULT: {"using":"xpath","value":"//*[@id=\"application-manageconditionprice-display-component---conditions--smartFilterBar-filterItemControl_BASIC-BILL_TYPES-vhi\"]"}
COMMAND: POST /session/9d48326ae870b5d3a573a2f725ac1bbc/element/f.0A588440BBC4B09490297E8A4E4C478B.d.967FDDD3DA96E3DE7D78025DE421A0B1.e.5934/click - {}
RESULT: {}
COMMAND: POST /session/9d48326ae870b5d3a573a2f725ac1bbc/execute/async - {"script":"<script> [1562 bytes]","args":[{"selector":{"id":"application-manageconditionprice-display-component---conditions--smartFilterBar-filterItemControl_BASIC-BILL_TYPES-valueHelpDialog-smartFilterBar-btnBasicSearch","searchOpenDialogs":true,"interaction":{"idSuffix":"I"}},"wdio_ui5_key":"applicationmanageconditionprice-display-component---conditions--smartFilterBar-filterItemControl_BASIC-BILL_TYPES-valueHelpDialog-smartFilterBar-btnBasicSearch"}]}
COMMAND: GET /session/9d48326ae870b5d3a573a2f725ac1bbc/screenshot - {}
RESULT: {"script":"<script> [1562 bytes]","args":[{"selector":{"id":"application-manageconditionprice-display-component---conditions--smartFilterBar-filterItemControl_BASIC-BILL_TYPES-valueHelpDialog-smartFilterBar-btnBasicSearch","searchOpenDialogs":true,"interaction":{"idSuffix":"I"}},"wdio_ui5_key":"applicationmanageconditionprice-display-component---conditions--smartFilterBar-filterItemControl_BASIC-BILL_TYPES-valueHelpDialog-smartFilterBar-btnBasicSearch"}]}
RESULT: undefined
COMMAND: POST /session/9d48326ae870b5d3a573a2f725ac1bbc/execute/async - {"script":"<script> [776 bytes]","args":[{"enterText":"TB","selector":{"id":"application-manageconditionprice-display-component---conditions--smartFilterBar-filterItemControl_BASIC-BILL_TYPES-valueHelpDialog-smartFilterBar-btnBasicSearch","searchOpenDialogs":true,"interaction":{"idSuffix":"I"}},"clearTextFirst":true,"interactionType":"ENTER_TEXT"}]}
RESULT: {}
RESULT: {"script":"<script> [776 bytes]","args":[{"enterText":"TB","selector":{"id":"application-manageconditionprice-display-component---conditions--smartFilterBar-filterItemControl_BASIC-BILL_TYPES-valueHelpDialog-smartFilterBar-btnBasicSearch","searchOpenDialogs":true,"interaction":{"idSuffix":"I"}},"clearTextFirst":true,"interactionType":"ENTER_TEXT"}]}
COMMAND: POST /session/9d48326ae870b5d3a573a2f725ac1bbc/actions - {"actions":[{"id":"action16","type":"key","parameters":{},"actions":[{"type":"keyDown","value":""},{"type":"pause","duration":10},{"type":"keyUp","value":""}]}]}
RESULT: {"actions":[{"id":"action16","type":"key","parameters":{},"actions":[{"type":"keyDown","value":""},{"type":"pause","duration":10},{"type":"keyUp","value":""}]}]}
COMMAND: GET /session/9d48326ae870b5d3a573a2f725ac1bbc/screenshot - {}
RESULT: {}
COMMAND: POST /session/9d48326ae870b5d3a573a2f725ac1bbc/element - {"using":"xpath","value":"//div[contains(@id, 'application-manageconditionprice-display-component---conditions--smartFilterBar-filterItemControl_BASIC-BILL_TYPES-valueHelpDialog-table-rowsel0')]"}
RESULT: {"using":"xpath","value":"//div[contains(@id, 'application-manageconditionprice-display-component---conditions--smartFilterBar-filterItemControl_BASIC-BILL_TYPES-valueHelpDialog-table-rowsel0')]"}
COMMAND: POST /session/9d48326ae870b5d3a573a2f725ac1bbc/element/f.0A588440BBC4B09490297E8A4E4C478B.d.967FDDD3DA96E3DE7D78025DE421A0B1.e.5944/click - {}
RESULT: {}
COMMAND: GET /session/9d48326ae870b5d3a573a2f725ac1bbc/screenshot - {}
RESULT: {}
COMMAND: POST /session/9d48326ae870b5d3a573a2f725ac1bbc/element - {"using":"xpath","value":"//bdi[contains(text(), \"OK\")]"}
RESULT: {"using":"xpath","value":"//bdi[contains(text(), \"OK\")]"}
COMMAND: POST /session/9d48326ae870b5d3a573a2f725ac1bbc/element/f.0A588440BBC4B09490297E8A4E4C478B.d.967FDDD3DA96E3DE7D78025DE421A0B1.e.5946/click - {}
RESULT: {}
COMMAND: GET /session/9d48326ae870b5d3a573a2f725ac1bbc/screenshot - {}
RESULT: {}
COMMAND: POST /session/9d48326ae870b5d3a573a2f725ac1bbc/element - {"using":"xpath","value":"//span[@id=\"application-manageconditionprice-display-component---conditions--smartTable-header-inner\"]"}
RESULT: {"using":"xpath","value":"//span[@id=\"application-manageconditionprice-display-component---conditions--smartTable-header-inner\"]"}
COMMAND: POST /session/9d48326ae870b5d3a573a2f725ac1bbc/elements - {"using":"xpath","value":"//span[@id=\"application-manageconditionprice-display-component---conditions--smartTable-header-inner\"]"}
RESULT: {"using":"xpath","value":"//span[@id=\"application-manageconditionprice-display-component---conditions--smartTable-header-inner\"]"}
COMMAND: POST /session/9d48326ae870b5d3a573a2f725ac1bbc/execute/sync - {"script":"<script> [56 bytes]","args":[{"element-6066-11e4-a52e-4f735466cecf":"f.0A588440BBC4B09490297E8A4E4C478B.d.967FDDD3DA96E3DE7D78025DE421A0B1.e.5949","ELEMENT":"f.0A588440BBC4B09490297E8A4E4C478B.d.967FDDD3DA96E3DE7D78025DE421A0B1.e.5949"}]}
RESULT: {"script":"<script> [56 bytes]","args":[{"element-6066-11e4-a52e-4f735466cecf":"f.0A588440BBC4B09490297E8A4E4C478B.d.967FDDD3DA96E3DE7D78025DE421A0B1.e.5949","ELEMENT":"f.0A588440BBC4B09490297E8A4E4C478B.d.967FDDD3DA96E3DE7D78025DE421A0B1.e.5949"}]}
COMMAND: POST /session/9d48326ae870b5d3a573a2f725ac1bbc/element - {"using":"css selector","value":"#shell-header-logo"}
COMMAND: GET /session/9d48326ae870b5d3a573a2f725ac1bbc/screenshot - {}
RESULT: {"using":"css selector","value":"#shell-header-logo"}
COMMAND: POST /session/9d48326ae870b5d3a573a2f725ac1bbc/element/f.0A588440BBC4B09490297E8A4E4C478B.d.967FDDD3DA96E3DE7D78025DE421A0B1.e.5578/click - {}
RESULT: {}
RESULT: {}
COMMAND: GET /session/9d48326ae870b5d3a573a2f725ac1bbc/screenshot - {}
RESULT: {}
]]></system-out>
    </testcase>
    <testcase classname="chrome.136_0_7103_93.windows.Billing_Transfer_-_Master_data_&amp;_Intercompany_US127250" name="Should do a stock increase" time="99.059">
      <failure/>
      <error message="Can't call click on element with selector &quot;//li[.//span[contains(text(),'531 -')]]&quot; because element wasn't found"/>
      <system-out><![CDATA[
COMMAND: POST /session/9d48326ae870b5d3a573a2f725ac1bbc/execute/async - {"script":"<script> [1562 bytes]","args":[{"selector":{"controlType":"sap.m.GenericTile","properties":{"header":"Manage Handovers"}},"wdio_ui5_key":"sapm.GenericTile{\"header\":\"Manage Handovers\"}"}]}
RESULT: {"script":"<script> [1562 bytes]","args":[{"selector":{"controlType":"sap.m.GenericTile","properties":{"header":"Manage Handovers"}},"wdio_ui5_key":"sapm.GenericTile{\"header\":\"Manage Handovers\"}"}]}
RESULT: undefined
COMMAND: POST /session/9d48326ae870b5d3a573a2f725ac1bbc/element - {"using":"xpath","value":"//*[@id=\"__tile130\"]"}
RESULT: {"using":"xpath","value":"//*[@id=\"__tile130\"]"}
COMMAND: POST /session/9d48326ae870b5d3a573a2f725ac1bbc/element/f.0A588440BBC4B09490297E8A4E4C478B.d.967FDDD3DA96E3DE7D78025DE421A0B1.e.2172/click - {}
RESULT: {}
COMMAND: GET /session/9d48326ae870b5d3a573a2f725ac1bbc/screenshot - {}
RESULT: {}
COMMAND: POST /session/9d48326ae870b5d3a573a2f725ac1bbc/elements - {"using":"xpath","value":"//span[text()='Error']"}
RESULT: {"using":"xpath","value":"//span[text()='Error']"}
COMMAND: POST /session/9d48326ae870b5d3a573a2f725ac1bbc/element - {"using":"xpath","value":"//button[@data-kt=\"masterHOAddButton\"]"}
RESULT: {"using":"xpath","value":"//button[@data-kt=\"masterHOAddButton\"]"}
COMMAND: POST /session/9d48326ae870b5d3a573a2f725ac1bbc/elements - {"using":"xpath","value":"//button[@data-kt=\"masterHOAddButton\"]"}
RESULT: {"using":"xpath","value":"//button[@data-kt=\"masterHOAddButton\"]"}
COMMAND: POST /session/9d48326ae870b5d3a573a2f725ac1bbc/elements - {"using":"xpath","value":"//button[@data-kt=\"masterHOAddButton\"]"}
RESULT: {"using":"xpath","value":"//button[@data-kt=\"masterHOAddButton\"]"}
COMMAND: POST /session/9d48326ae870b5d3a573a2f725ac1bbc/element - {"using":"xpath","value":"//button[@data-kt=\"masterHOAddButton\"]"}
RESULT: {"using":"xpath","value":"//button[@data-kt=\"masterHOAddButton\"]"}
COMMAND: POST /session/9d48326ae870b5d3a573a2f725ac1bbc/execute/sync - {"script":"<script> [8489 bytes]","args":[{"element-6066-11e4-a52e-4f735466cecf":"f.0A588440BBC4B09490297E8A4E4C478B.d.967FDDD3DA96E3DE7D78025DE421A0B1.e.5981","ELEMENT":"f.0A588440BBC4B09490297E8A4E4C478B.d.967FDDD3DA96E3DE7D78025DE421A0B1.e.5981"}]}
RESULT: {"script":"<script> [8489 bytes]","args":[{"element-6066-11e4-a52e-4f735466cecf":"f.0A588440BBC4B09490297E8A4E4C478B.d.967FDDD3DA96E3DE7D78025DE421A0B1.e.5981","ELEMENT":"f.0A588440BBC4B09490297E8A4E4C478B.d.967FDDD3DA96E3DE7D78025DE421A0B1.e.5981"}]}
COMMAND: GET /session/9d48326ae870b5d3a573a2f725ac1bbc/element/f.0A588440BBC4B09490297E8A4E4C478B.d.967FDDD3DA96E3DE7D78025DE421A0B1.e.5981/enabled - {}
COMMAND: GET /session/9d48326ae870b5d3a573a2f725ac1bbc/screenshot - {}
RESULT: {}
COMMAND: POST /session/9d48326ae870b5d3a573a2f725ac1bbc/execute/sync - {"script":"<script> [8489 bytes]","args":[{"element-6066-11e4-a52e-4f735466cecf":"f.0A588440BBC4B09490297E8A4E4C478B.d.967FDDD3DA96E3DE7D78025DE421A0B1.e.5981","ELEMENT":"f.0A588440BBC4B09490297E8A4E4C478B.d.967FDDD3DA96E3DE7D78025DE421A0B1.e.5981"}]}
COMMAND: GET /session/9d48326ae870b5d3a573a2f725ac1bbc/screenshot - {}
RESULT: {}
RESULT: {"script":"<script> [8489 bytes]","args":[{"element-6066-11e4-a52e-4f735466cecf":"f.0A588440BBC4B09490297E8A4E4C478B.d.967FDDD3DA96E3DE7D78025DE421A0B1.e.5981","ELEMENT":"f.0A588440BBC4B09490297E8A4E4C478B.d.967FDDD3DA96E3DE7D78025DE421A0B1.e.5981"}]}
COMMAND: POST /session/9d48326ae870b5d3a573a2f725ac1bbc/execute/sync - {"script":"<script> [5351 bytes]","args":[{"element-6066-11e4-a52e-4f735466cecf":"f.0A588440BBC4B09490297E8A4E4C478B.d.967FDDD3DA96E3DE7D78025DE421A0B1.e.5981","ELEMENT":"f.0A588440BBC4B09490297E8A4E4C478B.d.967FDDD3DA96E3DE7D78025DE421A0B1.e.5981"}]}
COMMAND: GET /session/9d48326ae870b5d3a573a2f725ac1bbc/screenshot - {}
RESULT: {}
RESULT: {"script":"<script> [5351 bytes]","args":[{"element-6066-11e4-a52e-4f735466cecf":"f.0A588440BBC4B09490297E8A4E4C478B.d.967FDDD3DA96E3DE7D78025DE421A0B1.e.5981","ELEMENT":"f.0A588440BBC4B09490297E8A4E4C478B.d.967FDDD3DA96E3DE7D78025DE421A0B1.e.5981"}]}
COMMAND: POST /session/9d48326ae870b5d3a573a2f725ac1bbc/element/f.0A588440BBC4B09490297E8A4E4C478B.d.967FDDD3DA96E3DE7D78025DE421A0B1.e.5981/click - {}
COMMAND: GET /session/9d48326ae870b5d3a573a2f725ac1bbc/screenshot - {}
RESULT: {}
RESULT: {}
COMMAND: GET /session/9d48326ae870b5d3a573a2f725ac1bbc/screenshot - {}
RESULT: {}
RESULT: {}
COMMAND: POST /session/9d48326ae870b5d3a573a2f725ac1bbc/element - {"using":"xpath","value":"//span[contains(@id ,\"AddNewHO--typeSelect-arrow\")]"}
RESULT: {"using":"xpath","value":"//span[contains(@id ,\"AddNewHO--typeSelect-arrow\")]"}
COMMAND: POST /session/9d48326ae870b5d3a573a2f725ac1bbc/element/f.0A588440BBC4B09490297E8A4E4C478B.d.967FDDD3DA96E3DE7D78025DE421A0B1.e.6347/click - {}
RESULT: {}
COMMAND: GET /session/9d48326ae870b5d3a573a2f725ac1bbc/screenshot - {}
RESULT: {}
COMMAND: POST /session/9d48326ae870b5d3a573a2f725ac1bbc/element - {"using":"xpath","value":"(//li[contains(text(), \"stock increase yard\")])[1]"}
RESULT: {"using":"xpath","value":"(//li[contains(text(), \"stock increase yard\")])[1]"}
COMMAND: POST /session/9d48326ae870b5d3a573a2f725ac1bbc/element/f.0A588440BBC4B09490297E8A4E4C478B.d.967FDDD3DA96E3DE7D78025DE421A0B1.e.6348/click - {}
RESULT: {}
COMMAND: GET /session/9d48326ae870b5d3a573a2f725ac1bbc/screenshot - {}
RESULT: {}
COMMAND: POST /session/9d48326ae870b5d3a573a2f725ac1bbc/execute/async - {"script":"<script> [1562 bytes]","args":[{"selector":{"id":"application-managehandovers-display-component---AddNewHO--dueDate","interaction":{"idSuffix":"inner"}},"wdio_ui5_key":"applicationmanagehandovers-display-component---AddNewHO--dueDate"}]}
RESULT: {"script":"<script> [1562 bytes]","args":[{"selector":{"id":"application-managehandovers-display-component---AddNewHO--dueDate","interaction":{"idSuffix":"inner"}},"wdio_ui5_key":"applicationmanagehandovers-display-component---AddNewHO--dueDate"}]}
RESULT: undefined
COMMAND: POST /session/9d48326ae870b5d3a573a2f725ac1bbc/execute/async - {"script":"<script> [6424 bytes]","args":[{"element-6066-11e4-a52e-4f735466cecf":"f.0A588440BBC4B09490297E8A4E4C478B.d.967FDDD3DA96E3DE7D78025DE421A0B1.e.6350"},"setValue",["5/31/25"]]}
RESULT: {"script":"<script> [6424 bytes]","args":[{"element-6066-11e4-a52e-4f735466cecf":"f.0A588440BBC4B09490297E8A4E4C478B.d.967FDDD3DA96E3DE7D78025DE421A0B1.e.6350"},"setValue",["5/31/25"]]}
COMMAND: POST /session/9d48326ae870b5d3a573a2f725ac1bbc/element - {"using":"xpath","value":"//input[@id=\"generalSectionFrg--receiveYard-inner\"]"}
RESULT: {"using":"xpath","value":"//input[@id=\"generalSectionFrg--receiveYard-inner\"]"}
COMMAND: POST /session/9d48326ae870b5d3a573a2f725ac1bbc/element/f.0A588440BBC4B09490297E8A4E4C478B.d.967FDDD3DA96E3DE7D78025DE421A0B1.e.6356/clear - {}
RESULT: {}
COMMAND: POST /session/9d48326ae870b5d3a573a2f725ac1bbc/element/f.0A588440BBC4B09490297E8A4E4C478B.d.967FDDD3DA96E3DE7D78025DE421A0B1.e.6356/value - {"text":"531"}
COMMAND: GET /session/9d48326ae870b5d3a573a2f725ac1bbc/screenshot - {}
RESULT: {"text":"531"}
COMMAND: GET /session/9d48326ae870b5d3a573a2f725ac1bbc/screenshot - {}
RESULT: {}
RESULT: {}
COMMAND: POST /session/9d48326ae870b5d3a573a2f725ac1bbc/element - {"using":"xpath","value":"//li[.//span[contains(text(),'531 -')]]"}
RESULT: {"using":"xpath","value":"//li[.//span[contains(text(),'531 -')]]"}
COMMAND: POST /session/9d48326ae870b5d3a573a2f725ac1bbc/elements - {"using":"xpath","value":"//li[.//span[contains(text(),'531 -')]]"}
RESULT: {"using":"xpath","value":"//li[.//span[contains(text(),'531 -')]]"}
COMMAND: POST /session/9d48326ae870b5d3a573a2f725ac1bbc/elements - {"using":"xpath","value":"//li[.//span[contains(text(),'531 -')]]"}
RESULT: {"using":"xpath","value":"//li[.//span[contains(text(),'531 -')]]"}
COMMAND: POST /session/9d48326ae870b5d3a573a2f725ac1bbc/elements - {"using":"xpath","value":"//li[.//span[contains(text(),'531 -')]]"}
RESULT: {"using":"xpath","value":"//li[.//span[contains(text(),'531 -')]]"}
COMMAND: POST /session/9d48326ae870b5d3a573a2f725ac1bbc/elements - {"using":"xpath","value":"//li[.//span[contains(text(),'531 -')]]"}
RESULT: {"using":"xpath","value":"//li[.//span[contains(text(),'531 -')]]"}
COMMAND: POST /session/9d48326ae870b5d3a573a2f725ac1bbc/elements - {"using":"xpath","value":"//li[.//span[contains(text(),'531 -')]]"}
RESULT: {"using":"xpath","value":"//li[.//span[contains(text(),'531 -')]]"}
COMMAND: POST /session/9d48326ae870b5d3a573a2f725ac1bbc/elements - {"using":"xpath","value":"//li[.//span[contains(text(),'531 -')]]"}
RESULT: {"using":"xpath","value":"//li[.//span[contains(text(),'531 -')]]"}
COMMAND: POST /session/9d48326ae870b5d3a573a2f725ac1bbc/elements - {"using":"xpath","value":"//li[.//span[contains(text(),'531 -')]]"}
RESULT: {"using":"xpath","value":"//li[.//span[contains(text(),'531 -')]]"}
COMMAND: POST /session/9d48326ae870b5d3a573a2f725ac1bbc/elements - {"using":"xpath","value":"//li[.//span[contains(text(),'531 -')]]"}
RESULT: {"using":"xpath","value":"//li[.//span[contains(text(),'531 -')]]"}
COMMAND: POST /session/9d48326ae870b5d3a573a2f725ac1bbc/elements - {"using":"xpath","value":"//li[.//span[contains(text(),'531 -')]]"}
RESULT: {"using":"xpath","value":"//li[.//span[contains(text(),'531 -')]]"}
COMMAND: POST /session/9d48326ae870b5d3a573a2f725ac1bbc/elements - {"using":"xpath","value":"//li[.//span[contains(text(),'531 -')]]"}
RESULT: {"using":"xpath","value":"//li[.//span[contains(text(),'531 -')]]"}
COMMAND: POST /session/9d48326ae870b5d3a573a2f725ac1bbc/elements - {"using":"xpath","value":"//li[.//span[contains(text(),'531 -')]]"}
RESULT: {"using":"xpath","value":"//li[.//span[contains(text(),'531 -')]]"}
COMMAND: POST /session/9d48326ae870b5d3a573a2f725ac1bbc/elements - {"using":"xpath","value":"//li[.//span[contains(text(),'531 -')]]"}
RESULT: {"using":"xpath","value":"//li[.//span[contains(text(),'531 -')]]"}
COMMAND: POST /session/9d48326ae870b5d3a573a2f725ac1bbc/elements - {"using":"xpath","value":"//li[.//span[contains(text(),'531 -')]]"}
RESULT: {"using":"xpath","value":"//li[.//span[contains(text(),'531 -')]]"}
COMMAND: POST /session/9d48326ae870b5d3a573a2f725ac1bbc/elements - {"using":"xpath","value":"//li[.//span[contains(text(),'531 -')]]"}
RESULT: {"using":"xpath","value":"//li[.//span[contains(text(),'531 -')]]"}
COMMAND: POST /session/9d48326ae870b5d3a573a2f725ac1bbc/elements - {"using":"xpath","value":"//li[.//span[contains(text(),'531 -')]]"}
RESULT: {"using":"xpath","value":"//li[.//span[contains(text(),'531 -')]]"}
COMMAND: POST /session/9d48326ae870b5d3a573a2f725ac1bbc/elements - {"using":"xpath","value":"//li[.//span[contains(text(),'531 -')]]"}
RESULT: {"using":"xpath","value":"//li[.//span[contains(text(),'531 -')]]"}
COMMAND: POST /session/9d48326ae870b5d3a573a2f725ac1bbc/elements - {"using":"xpath","value":"//li[.//span[contains(text(),'531 -')]]"}
RESULT: {"using":"xpath","value":"//li[.//span[contains(text(),'531 -')]]"}
COMMAND: POST /session/9d48326ae870b5d3a573a2f725ac1bbc/elements - {"using":"xpath","value":"//li[.//span[contains(text(),'531 -')]]"}
RESULT: {"using":"xpath","value":"//li[.//span[contains(text(),'531 -')]]"}
COMMAND: POST /session/9d48326ae870b5d3a573a2f725ac1bbc/elements - {"using":"xpath","value":"//li[.//span[contains(text(),'531 -')]]"}
RESULT: {"using":"xpath","value":"//li[.//span[contains(text(),'531 -')]]"}
COMMAND: POST /session/9d48326ae870b5d3a573a2f725ac1bbc/elements - {"using":"xpath","value":"//li[.//span[contains(text(),'531 -')]]"}
RESULT: {"using":"xpath","value":"//li[.//span[contains(text(),'531 -')]]"}
COMMAND: POST /session/9d48326ae870b5d3a573a2f725ac1bbc/elements - {"using":"xpath","value":"//li[.//span[contains(text(),'531 -')]]"}
RESULT: {"using":"xpath","value":"//li[.//span[contains(text(),'531 -')]]"}
COMMAND: POST /session/9d48326ae870b5d3a573a2f725ac1bbc/elements - {"using":"xpath","value":"//li[.//span[contains(text(),'531 -')]]"}
RESULT: {"using":"xpath","value":"//li[.//span[contains(text(),'531 -')]]"}
COMMAND: POST /session/9d48326ae870b5d3a573a2f725ac1bbc/elements - {"using":"xpath","value":"//li[.//span[contains(text(),'531 -')]]"}
RESULT: {"using":"xpath","value":"//li[.//span[contains(text(),'531 -')]]"}
COMMAND: POST /session/9d48326ae870b5d3a573a2f725ac1bbc/elements - {"using":"xpath","value":"//li[.//span[contains(text(),'531 -')]]"}
RESULT: {"using":"xpath","value":"//li[.//span[contains(text(),'531 -')]]"}
COMMAND: POST /session/9d48326ae870b5d3a573a2f725ac1bbc/elements - {"using":"xpath","value":"//li[.//span[contains(text(),'531 -')]]"}
RESULT: {"using":"xpath","value":"//li[.//span[contains(text(),'531 -')]]"}
COMMAND: POST /session/9d48326ae870b5d3a573a2f725ac1bbc/elements - {"using":"xpath","value":"//li[.//span[contains(text(),'531 -')]]"}
RESULT: {"using":"xpath","value":"//li[.//span[contains(text(),'531 -')]]"}
COMMAND: POST /session/9d48326ae870b5d3a573a2f725ac1bbc/elements - {"using":"xpath","value":"//li[.//span[contains(text(),'531 -')]]"}
RESULT: {"using":"xpath","value":"//li[.//span[contains(text(),'531 -')]]"}
COMMAND: POST /session/9d48326ae870b5d3a573a2f725ac1bbc/elements - {"using":"xpath","value":"//li[.//span[contains(text(),'531 -')]]"}
RESULT: {"using":"xpath","value":"//li[.//span[contains(text(),'531 -')]]"}
COMMAND: POST /session/9d48326ae870b5d3a573a2f725ac1bbc/elements - {"using":"xpath","value":"//li[.//span[contains(text(),'531 -')]]"}
RESULT: {"using":"xpath","value":"//li[.//span[contains(text(),'531 -')]]"}
COMMAND: POST /session/9d48326ae870b5d3a573a2f725ac1bbc/elements - {"using":"xpath","value":"//li[.//span[contains(text(),'531 -')]]"}
RESULT: {"using":"xpath","value":"//li[.//span[contains(text(),'531 -')]]"}
COMMAND: POST /session/9d48326ae870b5d3a573a2f725ac1bbc/elements - {"using":"xpath","value":"//li[.//span[contains(text(),'531 -')]]"}
RESULT: {"using":"xpath","value":"//li[.//span[contains(text(),'531 -')]]"}
COMMAND: POST /session/9d48326ae870b5d3a573a2f725ac1bbc/elements - {"using":"xpath","value":"//li[.//span[contains(text(),'531 -')]]"}
RESULT: {"using":"xpath","value":"//li[.//span[contains(text(),'531 -')]]"}
COMMAND: POST /session/9d48326ae870b5d3a573a2f725ac1bbc/elements - {"using":"xpath","value":"//li[.//span[contains(text(),'531 -')]]"}
RESULT: {"using":"xpath","value":"//li[.//span[contains(text(),'531 -')]]"}
COMMAND: POST /session/9d48326ae870b5d3a573a2f725ac1bbc/elements - {"using":"xpath","value":"//li[.//span[contains(text(),'531 -')]]"}
RESULT: {"using":"xpath","value":"//li[.//span[contains(text(),'531 -')]]"}
COMMAND: POST /session/9d48326ae870b5d3a573a2f725ac1bbc/elements - {"using":"xpath","value":"//li[.//span[contains(text(),'531 -')]]"}
RESULT: {"using":"xpath","value":"//li[.//span[contains(text(),'531 -')]]"}
COMMAND: POST /session/9d48326ae870b5d3a573a2f725ac1bbc/elements - {"using":"xpath","value":"//li[.//span[contains(text(),'531 -')]]"}
RESULT: {"using":"xpath","value":"//li[.//span[contains(text(),'531 -')]]"}
COMMAND: POST /session/9d48326ae870b5d3a573a2f725ac1bbc/elements - {"using":"xpath","value":"//li[.//span[contains(text(),'531 -')]]"}
RESULT: {"using":"xpath","value":"//li[.//span[contains(text(),'531 -')]]"}
COMMAND: POST /session/9d48326ae870b5d3a573a2f725ac1bbc/elements - {"using":"xpath","value":"//li[.//span[contains(text(),'531 -')]]"}
RESULT: {"using":"xpath","value":"//li[.//span[contains(text(),'531 -')]]"}
COMMAND: POST /session/9d48326ae870b5d3a573a2f725ac1bbc/elements - {"using":"xpath","value":"//li[.//span[contains(text(),'531 -')]]"}
RESULT: {"using":"xpath","value":"//li[.//span[contains(text(),'531 -')]]"}
COMMAND: POST /session/9d48326ae870b5d3a573a2f725ac1bbc/elements - {"using":"xpath","value":"//li[.//span[contains(text(),'531 -')]]"}
RESULT: {"using":"xpath","value":"//li[.//span[contains(text(),'531 -')]]"}
COMMAND: POST /session/9d48326ae870b5d3a573a2f725ac1bbc/elements - {"using":"xpath","value":"//li[.//span[contains(text(),'531 -')]]"}
RESULT: {"using":"xpath","value":"//li[.//span[contains(text(),'531 -')]]"}
COMMAND: POST /session/9d48326ae870b5d3a573a2f725ac1bbc/elements - {"using":"xpath","value":"//li[.//span[contains(text(),'531 -')]]"}
RESULT: {"using":"xpath","value":"//li[.//span[contains(text(),'531 -')]]"}
COMMAND: POST /session/9d48326ae870b5d3a573a2f725ac1bbc/elements - {"using":"xpath","value":"//li[.//span[contains(text(),'531 -')]]"}
RESULT: {"using":"xpath","value":"//li[.//span[contains(text(),'531 -')]]"}
COMMAND: POST /session/9d48326ae870b5d3a573a2f725ac1bbc/elements - {"using":"xpath","value":"//li[.//span[contains(text(),'531 -')]]"}
RESULT: {"using":"xpath","value":"//li[.//span[contains(text(),'531 -')]]"}
COMMAND: POST /session/9d48326ae870b5d3a573a2f725ac1bbc/elements - {"using":"xpath","value":"//li[.//span[contains(text(),'531 -')]]"}
RESULT: {"using":"xpath","value":"//li[.//span[contains(text(),'531 -')]]"}
COMMAND: POST /session/9d48326ae870b5d3a573a2f725ac1bbc/elements - {"using":"xpath","value":"//li[.//span[contains(text(),'531 -')]]"}
RESULT: {"using":"xpath","value":"//li[.//span[contains(text(),'531 -')]]"}
COMMAND: POST /session/9d48326ae870b5d3a573a2f725ac1bbc/elements - {"using":"xpath","value":"//li[.//span[contains(text(),'531 -')]]"}
RESULT: {"using":"xpath","value":"//li[.//span[contains(text(),'531 -')]]"}
COMMAND: POST /session/9d48326ae870b5d3a573a2f725ac1bbc/elements - {"using":"xpath","value":"//li[.//span[contains(text(),'531 -')]]"}
RESULT: {"using":"xpath","value":"//li[.//span[contains(text(),'531 -')]]"}
COMMAND: POST /session/9d48326ae870b5d3a573a2f725ac1bbc/elements - {"using":"xpath","value":"//li[.//span[contains(text(),'531 -')]]"}
RESULT: {"using":"xpath","value":"//li[.//span[contains(text(),'531 -')]]"}
COMMAND: POST /session/9d48326ae870b5d3a573a2f725ac1bbc/elements - {"using":"xpath","value":"//li[.//span[contains(text(),'531 -')]]"}
RESULT: {"using":"xpath","value":"//li[.//span[contains(text(),'531 -')]]"}
COMMAND: POST /session/9d48326ae870b5d3a573a2f725ac1bbc/elements - {"using":"xpath","value":"//li[.//span[contains(text(),'531 -')]]"}
RESULT: {"using":"xpath","value":"//li[.//span[contains(text(),'531 -')]]"}
COMMAND: POST /session/9d48326ae870b5d3a573a2f725ac1bbc/elements - {"using":"xpath","value":"//li[.//span[contains(text(),'531 -')]]"}
RESULT: {"using":"xpath","value":"//li[.//span[contains(text(),'531 -')]]"}
COMMAND: POST /session/9d48326ae870b5d3a573a2f725ac1bbc/elements - {"using":"xpath","value":"//li[.//span[contains(text(),'531 -')]]"}
RESULT: {"using":"xpath","value":"//li[.//span[contains(text(),'531 -')]]"}
COMMAND: POST /session/9d48326ae870b5d3a573a2f725ac1bbc/elements - {"using":"xpath","value":"//li[.//span[contains(text(),'531 -')]]"}
RESULT: {"using":"xpath","value":"//li[.//span[contains(text(),'531 -')]]"}
COMMAND: POST /session/9d48326ae870b5d3a573a2f725ac1bbc/elements - {"using":"xpath","value":"//li[.//span[contains(text(),'531 -')]]"}
RESULT: {"using":"xpath","value":"//li[.//span[contains(text(),'531 -')]]"}
COMMAND: POST /session/9d48326ae870b5d3a573a2f725ac1bbc/elements - {"using":"xpath","value":"//li[.//span[contains(text(),'531 -')]]"}
RESULT: {"using":"xpath","value":"//li[.//span[contains(text(),'531 -')]]"}
COMMAND: POST /session/9d48326ae870b5d3a573a2f725ac1bbc/elements - {"using":"xpath","value":"//li[.//span[contains(text(),'531 -')]]"}
RESULT: {"using":"xpath","value":"//li[.//span[contains(text(),'531 -')]]"}
COMMAND: POST /session/9d48326ae870b5d3a573a2f725ac1bbc/elements - {"using":"xpath","value":"//li[.//span[contains(text(),'531 -')]]"}
RESULT: {"using":"xpath","value":"//li[.//span[contains(text(),'531 -')]]"}
COMMAND: POST /session/9d48326ae870b5d3a573a2f725ac1bbc/elements - {"using":"xpath","value":"//li[.//span[contains(text(),'531 -')]]"}
RESULT: {"using":"xpath","value":"//li[.//span[contains(text(),'531 -')]]"}
COMMAND: POST /session/9d48326ae870b5d3a573a2f725ac1bbc/elements - {"using":"xpath","value":"//li[.//span[contains(text(),'531 -')]]"}
RESULT: {"using":"xpath","value":"//li[.//span[contains(text(),'531 -')]]"}
COMMAND: POST /session/9d48326ae870b5d3a573a2f725ac1bbc/elements - {"using":"xpath","value":"//li[.//span[contains(text(),'531 -')]]"}
RESULT: {"using":"xpath","value":"//li[.//span[contains(text(),'531 -')]]"}
COMMAND: POST /session/9d48326ae870b5d3a573a2f725ac1bbc/elements - {"using":"xpath","value":"//li[.//span[contains(text(),'531 -')]]"}
RESULT: {"using":"xpath","value":"//li[.//span[contains(text(),'531 -')]]"}
COMMAND: POST /session/9d48326ae870b5d3a573a2f725ac1bbc/elements - {"using":"xpath","value":"//li[.//span[contains(text(),'531 -')]]"}
RESULT: {"using":"xpath","value":"//li[.//span[contains(text(),'531 -')]]"}
COMMAND: POST /session/9d48326ae870b5d3a573a2f725ac1bbc/elements - {"using":"xpath","value":"//li[.//span[contains(text(),'531 -')]]"}
RESULT: {"using":"xpath","value":"//li[.//span[contains(text(),'531 -')]]"}
COMMAND: POST /session/9d48326ae870b5d3a573a2f725ac1bbc/elements - {"using":"xpath","value":"//li[.//span[contains(text(),'531 -')]]"}
RESULT: {"using":"xpath","value":"//li[.//span[contains(text(),'531 -')]]"}
COMMAND: POST /session/9d48326ae870b5d3a573a2f725ac1bbc/elements - {"using":"xpath","value":"//li[.//span[contains(text(),'531 -')]]"}
RESULT: {"using":"xpath","value":"//li[.//span[contains(text(),'531 -')]]"}
COMMAND: POST /session/9d48326ae870b5d3a573a2f725ac1bbc/elements - {"using":"xpath","value":"//li[.//span[contains(text(),'531 -')]]"}
RESULT: {"using":"xpath","value":"//li[.//span[contains(text(),'531 -')]]"}
COMMAND: POST /session/9d48326ae870b5d3a573a2f725ac1bbc/elements - {"using":"xpath","value":"//li[.//span[contains(text(),'531 -')]]"}
RESULT: {"using":"xpath","value":"//li[.//span[contains(text(),'531 -')]]"}
COMMAND: POST /session/9d48326ae870b5d3a573a2f725ac1bbc/elements - {"using":"xpath","value":"//li[.//span[contains(text(),'531 -')]]"}
RESULT: {"using":"xpath","value":"//li[.//span[contains(text(),'531 -')]]"}
COMMAND: POST /session/9d48326ae870b5d3a573a2f725ac1bbc/elements - {"using":"xpath","value":"//li[.//span[contains(text(),'531 -')]]"}
RESULT: {"using":"xpath","value":"//li[.//span[contains(text(),'531 -')]]"}
COMMAND: POST /session/9d48326ae870b5d3a573a2f725ac1bbc/elements - {"using":"xpath","value":"//li[.//span[contains(text(),'531 -')]]"}
RESULT: {"using":"xpath","value":"//li[.//span[contains(text(),'531 -')]]"}
COMMAND: POST /session/9d48326ae870b5d3a573a2f725ac1bbc/elements - {"using":"xpath","value":"//li[.//span[contains(text(),'531 -')]]"}
RESULT: {"using":"xpath","value":"//li[.//span[contains(text(),'531 -')]]"}
COMMAND: POST /session/9d48326ae870b5d3a573a2f725ac1bbc/elements - {"using":"xpath","value":"//li[.//span[contains(text(),'531 -')]]"}
RESULT: {"using":"xpath","value":"//li[.//span[contains(text(),'531 -')]]"}
COMMAND: POST /session/9d48326ae870b5d3a573a2f725ac1bbc/elements - {"using":"xpath","value":"//li[.//span[contains(text(),'531 -')]]"}
RESULT: {"using":"xpath","value":"//li[.//span[contains(text(),'531 -')]]"}
COMMAND: POST /session/9d48326ae870b5d3a573a2f725ac1bbc/elements - {"using":"xpath","value":"//li[.//span[contains(text(),'531 -')]]"}
RESULT: {"using":"xpath","value":"//li[.//span[contains(text(),'531 -')]]"}
COMMAND: POST /session/9d48326ae870b5d3a573a2f725ac1bbc/elements - {"using":"xpath","value":"//li[.//span[contains(text(),'531 -')]]"}
RESULT: {"using":"xpath","value":"//li[.//span[contains(text(),'531 -')]]"}
COMMAND: POST /session/9d48326ae870b5d3a573a2f725ac1bbc/elements - {"using":"xpath","value":"//li[.//span[contains(text(),'531 -')]]"}
RESULT: {"using":"xpath","value":"//li[.//span[contains(text(),'531 -')]]"}
COMMAND: POST /session/9d48326ae870b5d3a573a2f725ac1bbc/elements - {"using":"xpath","value":"//li[.//span[contains(text(),'531 -')]]"}
RESULT: {"using":"xpath","value":"//li[.//span[contains(text(),'531 -')]]"}
COMMAND: POST /session/9d48326ae870b5d3a573a2f725ac1bbc/elements - {"using":"xpath","value":"//li[.//span[contains(text(),'531 -')]]"}
RESULT: {"using":"xpath","value":"//li[.//span[contains(text(),'531 -')]]"}
COMMAND: POST /session/9d48326ae870b5d3a573a2f725ac1bbc/elements - {"using":"xpath","value":"//li[.//span[contains(text(),'531 -')]]"}
RESULT: {"using":"xpath","value":"//li[.//span[contains(text(),'531 -')]]"}
COMMAND: POST /session/9d48326ae870b5d3a573a2f725ac1bbc/elements - {"using":"xpath","value":"//li[.//span[contains(text(),'531 -')]]"}
RESULT: {"using":"xpath","value":"//li[.//span[contains(text(),'531 -')]]"}
COMMAND: POST /session/9d48326ae870b5d3a573a2f725ac1bbc/elements - {"using":"xpath","value":"//li[.//span[contains(text(),'531 -')]]"}
RESULT: {"using":"xpath","value":"//li[.//span[contains(text(),'531 -')]]"}
COMMAND: POST /session/9d48326ae870b5d3a573a2f725ac1bbc/elements - {"using":"xpath","value":"//li[.//span[contains(text(),'531 -')]]"}
RESULT: {"using":"xpath","value":"//li[.//span[contains(text(),'531 -')]]"}
COMMAND: POST /session/9d48326ae870b5d3a573a2f725ac1bbc/elements - {"using":"xpath","value":"//li[.//span[contains(text(),'531 -')]]"}
RESULT: {"using":"xpath","value":"//li[.//span[contains(text(),'531 -')]]"}
COMMAND: POST /session/9d48326ae870b5d3a573a2f725ac1bbc/elements - {"using":"xpath","value":"//li[.//span[contains(text(),'531 -')]]"}
RESULT: {"using":"xpath","value":"//li[.//span[contains(text(),'531 -')]]"}
COMMAND: POST /session/9d48326ae870b5d3a573a2f725ac1bbc/elements - {"using":"xpath","value":"//li[.//span[contains(text(),'531 -')]]"}
RESULT: {"using":"xpath","value":"//li[.//span[contains(text(),'531 -')]]"}
COMMAND: POST /session/9d48326ae870b5d3a573a2f725ac1bbc/elements - {"using":"xpath","value":"//li[.//span[contains(text(),'531 -')]]"}
RESULT: {"using":"xpath","value":"//li[.//span[contains(text(),'531 -')]]"}
COMMAND: POST /session/9d48326ae870b5d3a573a2f725ac1bbc/elements - {"using":"xpath","value":"//li[.//span[contains(text(),'531 -')]]"}
RESULT: {"using":"xpath","value":"//li[.//span[contains(text(),'531 -')]]"}
COMMAND: POST /session/9d48326ae870b5d3a573a2f725ac1bbc/elements - {"using":"xpath","value":"//li[.//span[contains(text(),'531 -')]]"}
RESULT: {"using":"xpath","value":"//li[.//span[contains(text(),'531 -')]]"}
COMMAND: POST /session/9d48326ae870b5d3a573a2f725ac1bbc/elements - {"using":"xpath","value":"//li[.//span[contains(text(),'531 -')]]"}
RESULT: {"using":"xpath","value":"//li[.//span[contains(text(),'531 -')]]"}
COMMAND: POST /session/9d48326ae870b5d3a573a2f725ac1bbc/elements - {"using":"xpath","value":"//li[.//span[contains(text(),'531 -')]]"}
RESULT: {"using":"xpath","value":"//li[.//span[contains(text(),'531 -')]]"}
COMMAND: POST /session/9d48326ae870b5d3a573a2f725ac1bbc/elements - {"using":"xpath","value":"//li[.//span[contains(text(),'531 -')]]"}
RESULT: {"using":"xpath","value":"//li[.//span[contains(text(),'531 -')]]"}
COMMAND: POST /session/9d48326ae870b5d3a573a2f725ac1bbc/elements - {"using":"xpath","value":"//li[.//span[contains(text(),'531 -')]]"}
RESULT: {"using":"xpath","value":"//li[.//span[contains(text(),'531 -')]]"}
COMMAND: POST /session/9d48326ae870b5d3a573a2f725ac1bbc/elements - {"using":"xpath","value":"//li[.//span[contains(text(),'531 -')]]"}
RESULT: {"using":"xpath","value":"//li[.//span[contains(text(),'531 -')]]"}
COMMAND: POST /session/9d48326ae870b5d3a573a2f725ac1bbc/elements - {"using":"xpath","value":"//li[.//span[contains(text(),'531 -')]]"}
RESULT: {"using":"xpath","value":"//li[.//span[contains(text(),'531 -')]]"}
COMMAND: POST /session/9d48326ae870b5d3a573a2f725ac1bbc/elements - {"using":"xpath","value":"//li[.//span[contains(text(),'531 -')]]"}
RESULT: {"using":"xpath","value":"//li[.//span[contains(text(),'531 -')]]"}
COMMAND: POST /session/9d48326ae870b5d3a573a2f725ac1bbc/elements - {"using":"xpath","value":"//li[.//span[contains(text(),'531 -')]]"}
RESULT: {"using":"xpath","value":"//li[.//span[contains(text(),'531 -')]]"}
COMMAND: POST /session/9d48326ae870b5d3a573a2f725ac1bbc/elements - {"using":"xpath","value":"//li[.//span[contains(text(),'531 -')]]"}
RESULT: {"using":"xpath","value":"//li[.//span[contains(text(),'531 -')]]"}
COMMAND: POST /session/9d48326ae870b5d3a573a2f725ac1bbc/elements - {"using":"xpath","value":"//li[.//span[contains(text(),'531 -')]]"}
RESULT: {"using":"xpath","value":"//li[.//span[contains(text(),'531 -')]]"}
COMMAND: POST /session/9d48326ae870b5d3a573a2f725ac1bbc/elements - {"using":"xpath","value":"//li[.//span[contains(text(),'531 -')]]"}
RESULT: {"using":"xpath","value":"//li[.//span[contains(text(),'531 -')]]"}
COMMAND: POST /session/9d48326ae870b5d3a573a2f725ac1bbc/elements - {"using":"xpath","value":"//li[.//span[contains(text(),'531 -')]]"}
RESULT: {"using":"xpath","value":"//li[.//span[contains(text(),'531 -')]]"}
COMMAND: POST /session/9d48326ae870b5d3a573a2f725ac1bbc/elements - {"using":"xpath","value":"//li[.//span[contains(text(),'531 -')]]"}
RESULT: {"using":"xpath","value":"//li[.//span[contains(text(),'531 -')]]"}
COMMAND: POST /session/9d48326ae870b5d3a573a2f725ac1bbc/elements - {"using":"xpath","value":"//li[.//span[contains(text(),'531 -')]]"}
RESULT: {"using":"xpath","value":"//li[.//span[contains(text(),'531 -')]]"}
COMMAND: POST /session/9d48326ae870b5d3a573a2f725ac1bbc/elements - {"using":"xpath","value":"//li[.//span[contains(text(),'531 -')]]"}
RESULT: {"using":"xpath","value":"//li[.//span[contains(text(),'531 -')]]"}
COMMAND: POST /session/9d48326ae870b5d3a573a2f725ac1bbc/elements - {"using":"xpath","value":"//li[.//span[contains(text(),'531 -')]]"}
RESULT: {"using":"xpath","value":"//li[.//span[contains(text(),'531 -')]]"}
COMMAND: POST /session/9d48326ae870b5d3a573a2f725ac1bbc/elements - {"using":"xpath","value":"//li[.//span[contains(text(),'531 -')]]"}
RESULT: {"using":"xpath","value":"//li[.//span[contains(text(),'531 -')]]"}
COMMAND: POST /session/9d48326ae870b5d3a573a2f725ac1bbc/elements - {"using":"xpath","value":"//li[.//span[contains(text(),'531 -')]]"}
RESULT: {"using":"xpath","value":"//li[.//span[contains(text(),'531 -')]]"}
COMMAND: POST /session/9d48326ae870b5d3a573a2f725ac1bbc/elements - {"using":"xpath","value":"//li[.//span[contains(text(),'531 -')]]"}
RESULT: {"using":"xpath","value":"//li[.//span[contains(text(),'531 -')]]"}
COMMAND: POST /session/9d48326ae870b5d3a573a2f725ac1bbc/elements - {"using":"xpath","value":"//li[.//span[contains(text(),'531 -')]]"}
RESULT: {"using":"xpath","value":"//li[.//span[contains(text(),'531 -')]]"}
COMMAND: POST /session/9d48326ae870b5d3a573a2f725ac1bbc/elements - {"using":"xpath","value":"//li[.//span[contains(text(),'531 -')]]"}
RESULT: {"using":"xpath","value":"//li[.//span[contains(text(),'531 -')]]"}
COMMAND: POST /session/9d48326ae870b5d3a573a2f725ac1bbc/elements - {"using":"xpath","value":"//li[.//span[contains(text(),'531 -')]]"}
RESULT: {"using":"xpath","value":"//li[.//span[contains(text(),'531 -')]]"}
COMMAND: POST /session/9d48326ae870b5d3a573a2f725ac1bbc/elements - {"using":"xpath","value":"//li[.//span[contains(text(),'531 -')]]"}
RESULT: {"using":"xpath","value":"//li[.//span[contains(text(),'531 -')]]"}
COMMAND: POST /session/9d48326ae870b5d3a573a2f725ac1bbc/elements - {"using":"xpath","value":"//li[.//span[contains(text(),'531 -')]]"}
RESULT: {"using":"xpath","value":"//li[.//span[contains(text(),'531 -')]]"}
COMMAND: POST /session/9d48326ae870b5d3a573a2f725ac1bbc/elements - {"using":"xpath","value":"//li[.//span[contains(text(),'531 -')]]"}
RESULT: {"using":"xpath","value":"//li[.//span[contains(text(),'531 -')]]"}
COMMAND: POST /session/9d48326ae870b5d3a573a2f725ac1bbc/elements - {"using":"xpath","value":"//li[.//span[contains(text(),'531 -')]]"}
RESULT: {"using":"xpath","value":"//li[.//span[contains(text(),'531 -')]]"}
COMMAND: POST /session/9d48326ae870b5d3a573a2f725ac1bbc/elements - {"using":"xpath","value":"//li[.//span[contains(text(),'531 -')]]"}
RESULT: {"using":"xpath","value":"//li[.//span[contains(text(),'531 -')]]"}
COMMAND: POST /session/9d48326ae870b5d3a573a2f725ac1bbc/elements - {"using":"xpath","value":"//li[.//span[contains(text(),'531 -')]]"}
RESULT: {"using":"xpath","value":"//li[.//span[contains(text(),'531 -')]]"}
COMMAND: POST /session/9d48326ae870b5d3a573a2f725ac1bbc/elements - {"using":"xpath","value":"//li[.//span[contains(text(),'531 -')]]"}
RESULT: {"using":"xpath","value":"//li[.//span[contains(text(),'531 -')]]"}
COMMAND: POST /session/9d48326ae870b5d3a573a2f725ac1bbc/elements - {"using":"xpath","value":"//li[.//span[contains(text(),'531 -')]]"}
RESULT: {"using":"xpath","value":"//li[.//span[contains(text(),'531 -')]]"}
COMMAND: POST /session/9d48326ae870b5d3a573a2f725ac1bbc/elements - {"using":"xpath","value":"//li[.//span[contains(text(),'531 -')]]"}
RESULT: {"using":"xpath","value":"//li[.//span[contains(text(),'531 -')]]"}
COMMAND: POST /session/9d48326ae870b5d3a573a2f725ac1bbc/elements - {"using":"xpath","value":"//li[.//span[contains(text(),'531 -')]]"}
RESULT: {"using":"xpath","value":"//li[.//span[contains(text(),'531 -')]]"}
COMMAND: GET /session/9d48326ae870b5d3a573a2f725ac1bbc/screenshot - {}
RESULT: {}
]]></system-out>
      <system-err><![CDATA[
Error: Can't call click on element with selector "//li[.//span[contains(text(),'531 -')]]" because element wasn't found
    at async UtilsPrerequisites.stockIncrease (D:\a\1\s\test\specs\BTS\prerequisites-and-utils-functions.js:1638:9)
    at async Context.<anonymous> (D:\a\1\s\test\specs\BTS\billing-transfer-intercompany.spec.js:57:9)
]]></system-err>
    </testcase>
    <testcase classname="chrome.136_0_7103_93.windows.Billing_Transfer_-_Master_data_&amp;_Intercompany_US127250" name="Should create a new contract" time="60.594">
      <failure/>
      <error message="element (&quot;//button[@data-kt=&quot;addButton&quot;]&quot;) still not existing after 45000ms"/>
      <system-out><![CDATA[
COMMAND: GET /session/9d48326ae870b5d3a573a2f725ac1bbc/screenshot - {}
COMMAND: POST /session/9d48326ae870b5d3a573a2f725ac1bbc/execute/async - {"script":"<script> [1562 bytes]","args":[{"selector":{"controlType":"sap.m.GenericTile","properties":{"header":"Manage Contracts"}},"wdio_ui5_key":"sapm.GenericTile{\"header\":\"Manage Contracts\"}"}]}
RESULT: {}
RESULT: {"script":"<script> [1562 bytes]","args":[{"selector":{"controlType":"sap.m.GenericTile","properties":{"header":"Manage Contracts"}},"wdio_ui5_key":"sapm.GenericTile{\"header\":\"Manage Contracts\"}"}]}
RESULT: undefined
COMMAND: POST /session/9d48326ae870b5d3a573a2f725ac1bbc/elements - {"using":"xpath","value":"//span[text()='Error']"}
RESULT: {"using":"xpath","value":"//span[text()='Error']"}
COMMAND: POST /session/9d48326ae870b5d3a573a2f725ac1bbc/element - {"using":"xpath","value":"//button[@data-kt=\"addButton\"]"}
RESULT: {"using":"xpath","value":"//button[@data-kt=\"addButton\"]"}
COMMAND: POST /session/9d48326ae870b5d3a573a2f725ac1bbc/elements - {"using":"xpath","value":"//button[@data-kt=\"addButton\"]"}
RESULT: {"using":"xpath","value":"//button[@data-kt=\"addButton\"]"}
COMMAND: POST /session/9d48326ae870b5d3a573a2f725ac1bbc/elements - {"using":"xpath","value":"//button[@data-kt=\"addButton\"]"}
RESULT: {"using":"xpath","value":"//button[@data-kt=\"addButton\"]"}
COMMAND: POST /session/9d48326ae870b5d3a573a2f725ac1bbc/elements - {"using":"xpath","value":"//button[@data-kt=\"addButton\"]"}
RESULT: {"using":"xpath","value":"//button[@data-kt=\"addButton\"]"}
COMMAND: POST /session/9d48326ae870b5d3a573a2f725ac1bbc/elements - {"using":"xpath","value":"//button[@data-kt=\"addButton\"]"}
RESULT: {"using":"xpath","value":"//button[@data-kt=\"addButton\"]"}
COMMAND: POST /session/9d48326ae870b5d3a573a2f725ac1bbc/elements - {"using":"xpath","value":"//button[@data-kt=\"addButton\"]"}
RESULT: {"using":"xpath","value":"//button[@data-kt=\"addButton\"]"}
COMMAND: POST /session/9d48326ae870b5d3a573a2f725ac1bbc/elements - {"using":"xpath","value":"//button[@data-kt=\"addButton\"]"}
RESULT: {"using":"xpath","value":"//button[@data-kt=\"addButton\"]"}
COMMAND: POST /session/9d48326ae870b5d3a573a2f725ac1bbc/elements - {"using":"xpath","value":"//button[@data-kt=\"addButton\"]"}
RESULT: {"using":"xpath","value":"//button[@data-kt=\"addButton\"]"}
COMMAND: POST /session/9d48326ae870b5d3a573a2f725ac1bbc/elements - {"using":"xpath","value":"//button[@data-kt=\"addButton\"]"}
RESULT: {"using":"xpath","value":"//button[@data-kt=\"addButton\"]"}
COMMAND: POST /session/9d48326ae870b5d3a573a2f725ac1bbc/elements - {"using":"xpath","value":"//button[@data-kt=\"addButton\"]"}
RESULT: {"using":"xpath","value":"//button[@data-kt=\"addButton\"]"}
COMMAND: POST /session/9d48326ae870b5d3a573a2f725ac1bbc/elements - {"using":"xpath","value":"//button[@data-kt=\"addButton\"]"}
RESULT: {"using":"xpath","value":"//button[@data-kt=\"addButton\"]"}
COMMAND: POST /session/9d48326ae870b5d3a573a2f725ac1bbc/elements - {"using":"xpath","value":"//button[@data-kt=\"addButton\"]"}
RESULT: {"using":"xpath","value":"//button[@data-kt=\"addButton\"]"}
COMMAND: POST /session/9d48326ae870b5d3a573a2f725ac1bbc/elements - {"using":"xpath","value":"//button[@data-kt=\"addButton\"]"}
RESULT: {"using":"xpath","value":"//button[@data-kt=\"addButton\"]"}
COMMAND: POST /session/9d48326ae870b5d3a573a2f725ac1bbc/elements - {"using":"xpath","value":"//button[@data-kt=\"addButton\"]"}
RESULT: {"using":"xpath","value":"//button[@data-kt=\"addButton\"]"}
COMMAND: POST /session/9d48326ae870b5d3a573a2f725ac1bbc/elements - {"using":"xpath","value":"//button[@data-kt=\"addButton\"]"}
RESULT: {"using":"xpath","value":"//button[@data-kt=\"addButton\"]"}
COMMAND: POST /session/9d48326ae870b5d3a573a2f725ac1bbc/elements - {"using":"xpath","value":"//button[@data-kt=\"addButton\"]"}
RESULT: {"using":"xpath","value":"//button[@data-kt=\"addButton\"]"}
COMMAND: POST /session/9d48326ae870b5d3a573a2f725ac1bbc/elements - {"using":"xpath","value":"//button[@data-kt=\"addButton\"]"}
RESULT: {"using":"xpath","value":"//button[@data-kt=\"addButton\"]"}
COMMAND: POST /session/9d48326ae870b5d3a573a2f725ac1bbc/elements - {"using":"xpath","value":"//button[@data-kt=\"addButton\"]"}
RESULT: {"using":"xpath","value":"//button[@data-kt=\"addButton\"]"}
COMMAND: POST /session/9d48326ae870b5d3a573a2f725ac1bbc/elements - {"using":"xpath","value":"//button[@data-kt=\"addButton\"]"}
RESULT: {"using":"xpath","value":"//button[@data-kt=\"addButton\"]"}
COMMAND: POST /session/9d48326ae870b5d3a573a2f725ac1bbc/elements - {"using":"xpath","value":"//button[@data-kt=\"addButton\"]"}
RESULT: {"using":"xpath","value":"//button[@data-kt=\"addButton\"]"}
COMMAND: POST /session/9d48326ae870b5d3a573a2f725ac1bbc/elements - {"using":"xpath","value":"//button[@data-kt=\"addButton\"]"}
RESULT: {"using":"xpath","value":"//button[@data-kt=\"addButton\"]"}
COMMAND: POST /session/9d48326ae870b5d3a573a2f725ac1bbc/elements - {"using":"xpath","value":"//button[@data-kt=\"addButton\"]"}
RESULT: {"using":"xpath","value":"//button[@data-kt=\"addButton\"]"}
COMMAND: POST /session/9d48326ae870b5d3a573a2f725ac1bbc/elements - {"using":"xpath","value":"//button[@data-kt=\"addButton\"]"}
RESULT: {"using":"xpath","value":"//button[@data-kt=\"addButton\"]"}
COMMAND: POST /session/9d48326ae870b5d3a573a2f725ac1bbc/elements - {"using":"xpath","value":"//button[@data-kt=\"addButton\"]"}
RESULT: {"using":"xpath","value":"//button[@data-kt=\"addButton\"]"}
COMMAND: POST /session/9d48326ae870b5d3a573a2f725ac1bbc/elements - {"using":"xpath","value":"//button[@data-kt=\"addButton\"]"}
RESULT: {"using":"xpath","value":"//button[@data-kt=\"addButton\"]"}
COMMAND: POST /session/9d48326ae870b5d3a573a2f725ac1bbc/elements - {"using":"xpath","value":"//button[@data-kt=\"addButton\"]"}
RESULT: {"using":"xpath","value":"//button[@data-kt=\"addButton\"]"}
COMMAND: POST /session/9d48326ae870b5d3a573a2f725ac1bbc/elements - {"using":"xpath","value":"//button[@data-kt=\"addButton\"]"}
RESULT: {"using":"xpath","value":"//button[@data-kt=\"addButton\"]"}
COMMAND: POST /session/9d48326ae870b5d3a573a2f725ac1bbc/elements - {"using":"xpath","value":"//button[@data-kt=\"addButton\"]"}
RESULT: {"using":"xpath","value":"//button[@data-kt=\"addButton\"]"}
COMMAND: POST /session/9d48326ae870b5d3a573a2f725ac1bbc/elements - {"using":"xpath","value":"//button[@data-kt=\"addButton\"]"}
RESULT: {"using":"xpath","value":"//button[@data-kt=\"addButton\"]"}
COMMAND: POST /session/9d48326ae870b5d3a573a2f725ac1bbc/elements - {"using":"xpath","value":"//button[@data-kt=\"addButton\"]"}
RESULT: {"using":"xpath","value":"//button[@data-kt=\"addButton\"]"}
COMMAND: POST /session/9d48326ae870b5d3a573a2f725ac1bbc/elements - {"using":"xpath","value":"//button[@data-kt=\"addButton\"]"}
RESULT: {"using":"xpath","value":"//button[@data-kt=\"addButton\"]"}
COMMAND: POST /session/9d48326ae870b5d3a573a2f725ac1bbc/elements - {"using":"xpath","value":"//button[@data-kt=\"addButton\"]"}
RESULT: {"using":"xpath","value":"//button[@data-kt=\"addButton\"]"}
COMMAND: POST /session/9d48326ae870b5d3a573a2f725ac1bbc/elements - {"using":"xpath","value":"//button[@data-kt=\"addButton\"]"}
RESULT: {"using":"xpath","value":"//button[@data-kt=\"addButton\"]"}
COMMAND: POST /session/9d48326ae870b5d3a573a2f725ac1bbc/elements - {"using":"xpath","value":"//button[@data-kt=\"addButton\"]"}
RESULT: {"using":"xpath","value":"//button[@data-kt=\"addButton\"]"}
COMMAND: POST /session/9d48326ae870b5d3a573a2f725ac1bbc/elements - {"using":"xpath","value":"//button[@data-kt=\"addButton\"]"}
RESULT: {"using":"xpath","value":"//button[@data-kt=\"addButton\"]"}
COMMAND: POST /session/9d48326ae870b5d3a573a2f725ac1bbc/elements - {"using":"xpath","value":"//button[@data-kt=\"addButton\"]"}
RESULT: {"using":"xpath","value":"//button[@data-kt=\"addButton\"]"}
COMMAND: POST /session/9d48326ae870b5d3a573a2f725ac1bbc/elements - {"using":"xpath","value":"//button[@data-kt=\"addButton\"]"}
RESULT: {"using":"xpath","value":"//button[@data-kt=\"addButton\"]"}
COMMAND: POST /session/9d48326ae870b5d3a573a2f725ac1bbc/elements - {"using":"xpath","value":"//button[@data-kt=\"addButton\"]"}
RESULT: {"using":"xpath","value":"//button[@data-kt=\"addButton\"]"}
COMMAND: POST /session/9d48326ae870b5d3a573a2f725ac1bbc/elements - {"using":"xpath","value":"//button[@data-kt=\"addButton\"]"}
RESULT: {"using":"xpath","value":"//button[@data-kt=\"addButton\"]"}
COMMAND: POST /session/9d48326ae870b5d3a573a2f725ac1bbc/elements - {"using":"xpath","value":"//button[@data-kt=\"addButton\"]"}
RESULT: {"using":"xpath","value":"//button[@data-kt=\"addButton\"]"}
COMMAND: POST /session/9d48326ae870b5d3a573a2f725ac1bbc/elements - {"using":"xpath","value":"//button[@data-kt=\"addButton\"]"}
RESULT: {"using":"xpath","value":"//button[@data-kt=\"addButton\"]"}
COMMAND: POST /session/9d48326ae870b5d3a573a2f725ac1bbc/elements - {"using":"xpath","value":"//button[@data-kt=\"addButton\"]"}
RESULT: {"using":"xpath","value":"//button[@data-kt=\"addButton\"]"}
COMMAND: POST /session/9d48326ae870b5d3a573a2f725ac1bbc/elements - {"using":"xpath","value":"//button[@data-kt=\"addButton\"]"}
RESULT: {"using":"xpath","value":"//button[@data-kt=\"addButton\"]"}
COMMAND: POST /session/9d48326ae870b5d3a573a2f725ac1bbc/elements - {"using":"xpath","value":"//button[@data-kt=\"addButton\"]"}
RESULT: {"using":"xpath","value":"//button[@data-kt=\"addButton\"]"}
COMMAND: POST /session/9d48326ae870b5d3a573a2f725ac1bbc/elements - {"using":"xpath","value":"//button[@data-kt=\"addButton\"]"}
RESULT: {"using":"xpath","value":"//button[@data-kt=\"addButton\"]"}
COMMAND: POST /session/9d48326ae870b5d3a573a2f725ac1bbc/elements - {"using":"xpath","value":"//button[@data-kt=\"addButton\"]"}
RESULT: {"using":"xpath","value":"//button[@data-kt=\"addButton\"]"}
COMMAND: POST /session/9d48326ae870b5d3a573a2f725ac1bbc/elements - {"using":"xpath","value":"//button[@data-kt=\"addButton\"]"}
RESULT: {"using":"xpath","value":"//button[@data-kt=\"addButton\"]"}
COMMAND: POST /session/9d48326ae870b5d3a573a2f725ac1bbc/elements - {"using":"xpath","value":"//button[@data-kt=\"addButton\"]"}
RESULT: {"using":"xpath","value":"//button[@data-kt=\"addButton\"]"}
COMMAND: POST /session/9d48326ae870b5d3a573a2f725ac1bbc/elements - {"using":"xpath","value":"//button[@data-kt=\"addButton\"]"}
RESULT: {"using":"xpath","value":"//button[@data-kt=\"addButton\"]"}
COMMAND: POST /session/9d48326ae870b5d3a573a2f725ac1bbc/elements - {"using":"xpath","value":"//button[@data-kt=\"addButton\"]"}
RESULT: {"using":"xpath","value":"//button[@data-kt=\"addButton\"]"}
COMMAND: POST /session/9d48326ae870b5d3a573a2f725ac1bbc/elements - {"using":"xpath","value":"//button[@data-kt=\"addButton\"]"}
RESULT: {"using":"xpath","value":"//button[@data-kt=\"addButton\"]"}
COMMAND: POST /session/9d48326ae870b5d3a573a2f725ac1bbc/elements - {"using":"xpath","value":"//button[@data-kt=\"addButton\"]"}
RESULT: {"using":"xpath","value":"//button[@data-kt=\"addButton\"]"}
COMMAND: POST /session/9d48326ae870b5d3a573a2f725ac1bbc/elements - {"using":"xpath","value":"//button[@data-kt=\"addButton\"]"}
RESULT: {"using":"xpath","value":"//button[@data-kt=\"addButton\"]"}
COMMAND: POST /session/9d48326ae870b5d3a573a2f725ac1bbc/elements - {"using":"xpath","value":"//button[@data-kt=\"addButton\"]"}
RESULT: {"using":"xpath","value":"//button[@data-kt=\"addButton\"]"}
COMMAND: POST /session/9d48326ae870b5d3a573a2f725ac1bbc/elements - {"using":"xpath","value":"//button[@data-kt=\"addButton\"]"}
RESULT: {"using":"xpath","value":"//button[@data-kt=\"addButton\"]"}
COMMAND: POST /session/9d48326ae870b5d3a573a2f725ac1bbc/elements - {"using":"xpath","value":"//button[@data-kt=\"addButton\"]"}
RESULT: {"using":"xpath","value":"//button[@data-kt=\"addButton\"]"}
COMMAND: POST /session/9d48326ae870b5d3a573a2f725ac1bbc/elements - {"using":"xpath","value":"//button[@data-kt=\"addButton\"]"}
RESULT: {"using":"xpath","value":"//button[@data-kt=\"addButton\"]"}
COMMAND: POST /session/9d48326ae870b5d3a573a2f725ac1bbc/elements - {"using":"xpath","value":"//button[@data-kt=\"addButton\"]"}
RESULT: {"using":"xpath","value":"//button[@data-kt=\"addButton\"]"}
COMMAND: POST /session/9d48326ae870b5d3a573a2f725ac1bbc/elements - {"using":"xpath","value":"//button[@data-kt=\"addButton\"]"}
RESULT: {"using":"xpath","value":"//button[@data-kt=\"addButton\"]"}
COMMAND: POST /session/9d48326ae870b5d3a573a2f725ac1bbc/elements - {"using":"xpath","value":"//button[@data-kt=\"addButton\"]"}
RESULT: {"using":"xpath","value":"//button[@data-kt=\"addButton\"]"}
COMMAND: POST /session/9d48326ae870b5d3a573a2f725ac1bbc/elements - {"using":"xpath","value":"//button[@data-kt=\"addButton\"]"}
RESULT: {"using":"xpath","value":"//button[@data-kt=\"addButton\"]"}
COMMAND: POST /session/9d48326ae870b5d3a573a2f725ac1bbc/elements - {"using":"xpath","value":"//button[@data-kt=\"addButton\"]"}
RESULT: {"using":"xpath","value":"//button[@data-kt=\"addButton\"]"}
COMMAND: POST /session/9d48326ae870b5d3a573a2f725ac1bbc/elements - {"using":"xpath","value":"//button[@data-kt=\"addButton\"]"}
RESULT: {"using":"xpath","value":"//button[@data-kt=\"addButton\"]"}
COMMAND: POST /session/9d48326ae870b5d3a573a2f725ac1bbc/elements - {"using":"xpath","value":"//button[@data-kt=\"addButton\"]"}
RESULT: {"using":"xpath","value":"//button[@data-kt=\"addButton\"]"}
COMMAND: POST /session/9d48326ae870b5d3a573a2f725ac1bbc/elements - {"using":"xpath","value":"//button[@data-kt=\"addButton\"]"}
RESULT: {"using":"xpath","value":"//button[@data-kt=\"addButton\"]"}
COMMAND: POST /session/9d48326ae870b5d3a573a2f725ac1bbc/elements - {"using":"xpath","value":"//button[@data-kt=\"addButton\"]"}
RESULT: {"using":"xpath","value":"//button[@data-kt=\"addButton\"]"}
COMMAND: POST /session/9d48326ae870b5d3a573a2f725ac1bbc/elements - {"using":"xpath","value":"//button[@data-kt=\"addButton\"]"}
RESULT: {"using":"xpath","value":"//button[@data-kt=\"addButton\"]"}
COMMAND: POST /session/9d48326ae870b5d3a573a2f725ac1bbc/elements - {"using":"xpath","value":"//button[@data-kt=\"addButton\"]"}
RESULT: {"using":"xpath","value":"//button[@data-kt=\"addButton\"]"}
COMMAND: POST /session/9d48326ae870b5d3a573a2f725ac1bbc/elements - {"using":"xpath","value":"//button[@data-kt=\"addButton\"]"}
RESULT: {"using":"xpath","value":"//button[@data-kt=\"addButton\"]"}
COMMAND: POST /session/9d48326ae870b5d3a573a2f725ac1bbc/elements - {"using":"xpath","value":"//button[@data-kt=\"addButton\"]"}
RESULT: {"using":"xpath","value":"//button[@data-kt=\"addButton\"]"}
COMMAND: POST /session/9d48326ae870b5d3a573a2f725ac1bbc/elements - {"using":"xpath","value":"//button[@data-kt=\"addButton\"]"}
RESULT: {"using":"xpath","value":"//button[@data-kt=\"addButton\"]"}
COMMAND: POST /session/9d48326ae870b5d3a573a2f725ac1bbc/elements - {"using":"xpath","value":"//button[@data-kt=\"addButton\"]"}
RESULT: {"using":"xpath","value":"//button[@data-kt=\"addButton\"]"}
COMMAND: POST /session/9d48326ae870b5d3a573a2f725ac1bbc/elements - {"using":"xpath","value":"//button[@data-kt=\"addButton\"]"}
RESULT: {"using":"xpath","value":"//button[@data-kt=\"addButton\"]"}
COMMAND: POST /session/9d48326ae870b5d3a573a2f725ac1bbc/elements - {"using":"xpath","value":"//button[@data-kt=\"addButton\"]"}
RESULT: {"using":"xpath","value":"//button[@data-kt=\"addButton\"]"}
COMMAND: POST /session/9d48326ae870b5d3a573a2f725ac1bbc/elements - {"using":"xpath","value":"//button[@data-kt=\"addButton\"]"}
RESULT: {"using":"xpath","value":"//button[@data-kt=\"addButton\"]"}
COMMAND: POST /session/9d48326ae870b5d3a573a2f725ac1bbc/elements - {"using":"xpath","value":"//button[@data-kt=\"addButton\"]"}
RESULT: {"using":"xpath","value":"//button[@data-kt=\"addButton\"]"}
COMMAND: POST /session/9d48326ae870b5d3a573a2f725ac1bbc/elements - {"using":"xpath","value":"//button[@data-kt=\"addButton\"]"}
RESULT: {"using":"xpath","value":"//button[@data-kt=\"addButton\"]"}
COMMAND: POST /session/9d48326ae870b5d3a573a2f725ac1bbc/elements - {"using":"xpath","value":"//button[@data-kt=\"addButton\"]"}
RESULT: {"using":"xpath","value":"//button[@data-kt=\"addButton\"]"}
COMMAND: POST /session/9d48326ae870b5d3a573a2f725ac1bbc/elements - {"using":"xpath","value":"//button[@data-kt=\"addButton\"]"}
RESULT: {"using":"xpath","value":"//button[@data-kt=\"addButton\"]"}
COMMAND: POST /session/9d48326ae870b5d3a573a2f725ac1bbc/elements - {"using":"xpath","value":"//button[@data-kt=\"addButton\"]"}
RESULT: {"using":"xpath","value":"//button[@data-kt=\"addButton\"]"}
COMMAND: POST /session/9d48326ae870b5d3a573a2f725ac1bbc/elements - {"using":"xpath","value":"//button[@data-kt=\"addButton\"]"}
RESULT: {"using":"xpath","value":"//button[@data-kt=\"addButton\"]"}
COMMAND: POST /session/9d48326ae870b5d3a573a2f725ac1bbc/elements - {"using":"xpath","value":"//button[@data-kt=\"addButton\"]"}
RESULT: {"using":"xpath","value":"//button[@data-kt=\"addButton\"]"}
COMMAND: POST /session/9d48326ae870b5d3a573a2f725ac1bbc/elements - {"using":"xpath","value":"//button[@data-kt=\"addButton\"]"}
RESULT: {"using":"xpath","value":"//button[@data-kt=\"addButton\"]"}
COMMAND: POST /session/9d48326ae870b5d3a573a2f725ac1bbc/elements - {"using":"xpath","value":"//button[@data-kt=\"addButton\"]"}
RESULT: {"using":"xpath","value":"//button[@data-kt=\"addButton\"]"}
COMMAND: POST /session/9d48326ae870b5d3a573a2f725ac1bbc/elements - {"using":"xpath","value":"//button[@data-kt=\"addButton\"]"}
RESULT: {"using":"xpath","value":"//button[@data-kt=\"addButton\"]"}
COMMAND: POST /session/9d48326ae870b5d3a573a2f725ac1bbc/elements - {"using":"xpath","value":"//button[@data-kt=\"addButton\"]"}
RESULT: {"using":"xpath","value":"//button[@data-kt=\"addButton\"]"}
COMMAND: POST /session/9d48326ae870b5d3a573a2f725ac1bbc/elements - {"using":"xpath","value":"//button[@data-kt=\"addButton\"]"}
RESULT: {"using":"xpath","value":"//button[@data-kt=\"addButton\"]"}
COMMAND: POST /session/9d48326ae870b5d3a573a2f725ac1bbc/elements - {"using":"xpath","value":"//button[@data-kt=\"addButton\"]"}
RESULT: {"using":"xpath","value":"//button[@data-kt=\"addButton\"]"}
COMMAND: POST /session/9d48326ae870b5d3a573a2f725ac1bbc/elements - {"using":"xpath","value":"//button[@data-kt=\"addButton\"]"}
RESULT: {"using":"xpath","value":"//button[@data-kt=\"addButton\"]"}
COMMAND: POST /session/9d48326ae870b5d3a573a2f725ac1bbc/elements - {"using":"xpath","value":"//button[@data-kt=\"addButton\"]"}
RESULT: {"using":"xpath","value":"//button[@data-kt=\"addButton\"]"}
COMMAND: POST /session/9d48326ae870b5d3a573a2f725ac1bbc/elements - {"using":"xpath","value":"//button[@data-kt=\"addButton\"]"}
RESULT: {"using":"xpath","value":"//button[@data-kt=\"addButton\"]"}
COMMAND: GET /session/9d48326ae870b5d3a573a2f725ac1bbc/screenshot - {}
RESULT: {}
]]></system-out>
      <system-err><![CDATA[
Error: element ("//button[@data-kt="addButton"]") still not existing after 45000ms
    at async UtilsPrerequisites.contractCreation (D:\a\1\s\test\specs\BTS\prerequisites-and-utils-functions.js:1741:9)
    at async Context.<anonymous> (D:\a\1\s\test\specs\BTS\billing-transfer-intercompany.spec.js:61:45)
]]></system-err>
    </testcase>
    <testcase classname="chrome.136_0_7103_93.windows.Billing_Transfer_-_Master_data_&amp;_Intercompany_US127250" name="Should add equipment to the contract" time="60.709">
      <failure/>
      <error message="Can't call click on element with selector &quot;//button[@data-kt=&quot;contractDetailEditBtnButton&quot;]&quot; because element wasn't found"/>
      <system-out><![CDATA[
COMMAND: POST /session/9d48326ae870b5d3a573a2f725ac1bbc/element - {"using":"xpath","value":"//button[@data-kt=\"contractDetailEditBtnButton\"]"}
COMMAND: GET /session/9d48326ae870b5d3a573a2f725ac1bbc/screenshot - {}
RESULT: {"using":"xpath","value":"//button[@data-kt=\"contractDetailEditBtnButton\"]"}
COMMAND: POST /session/9d48326ae870b5d3a573a2f725ac1bbc/elements - {"using":"xpath","value":"//button[@data-kt=\"contractDetailEditBtnButton\"]"}
RESULT: {}
RESULT: {"using":"xpath","value":"//button[@data-kt=\"contractDetailEditBtnButton\"]"}
COMMAND: POST /session/9d48326ae870b5d3a573a2f725ac1bbc/elements - {"using":"xpath","value":"//button[@data-kt=\"contractDetailEditBtnButton\"]"}
RESULT: {"using":"xpath","value":"//button[@data-kt=\"contractDetailEditBtnButton\"]"}
COMMAND: POST /session/9d48326ae870b5d3a573a2f725ac1bbc/elements - {"using":"xpath","value":"//button[@data-kt=\"contractDetailEditBtnButton\"]"}
RESULT: {"using":"xpath","value":"//button[@data-kt=\"contractDetailEditBtnButton\"]"}
COMMAND: POST /session/9d48326ae870b5d3a573a2f725ac1bbc/elements - {"using":"xpath","value":"//button[@data-kt=\"contractDetailEditBtnButton\"]"}
RESULT: {"using":"xpath","value":"//button[@data-kt=\"contractDetailEditBtnButton\"]"}
COMMAND: POST /session/9d48326ae870b5d3a573a2f725ac1bbc/elements - {"using":"xpath","value":"//button[@data-kt=\"contractDetailEditBtnButton\"]"}
RESULT: {"using":"xpath","value":"//button[@data-kt=\"contractDetailEditBtnButton\"]"}
COMMAND: POST /session/9d48326ae870b5d3a573a2f725ac1bbc/elements - {"using":"xpath","value":"//button[@data-kt=\"contractDetailEditBtnButton\"]"}
RESULT: {"using":"xpath","value":"//button[@data-kt=\"contractDetailEditBtnButton\"]"}
COMMAND: POST /session/9d48326ae870b5d3a573a2f725ac1bbc/elements - {"using":"xpath","value":"//button[@data-kt=\"contractDetailEditBtnButton\"]"}
RESULT: {"using":"xpath","value":"//button[@data-kt=\"contractDetailEditBtnButton\"]"}
COMMAND: POST /session/9d48326ae870b5d3a573a2f725ac1bbc/elements - {"using":"xpath","value":"//button[@data-kt=\"contractDetailEditBtnButton\"]"}
RESULT: {"using":"xpath","value":"//button[@data-kt=\"contractDetailEditBtnButton\"]"}
COMMAND: POST /session/9d48326ae870b5d3a573a2f725ac1bbc/elements - {"using":"xpath","value":"//button[@data-kt=\"contractDetailEditBtnButton\"]"}
RESULT: {"using":"xpath","value":"//button[@data-kt=\"contractDetailEditBtnButton\"]"}
COMMAND: POST /session/9d48326ae870b5d3a573a2f725ac1bbc/elements - {"using":"xpath","value":"//button[@data-kt=\"contractDetailEditBtnButton\"]"}
RESULT: {"using":"xpath","value":"//button[@data-kt=\"contractDetailEditBtnButton\"]"}
COMMAND: POST /session/9d48326ae870b5d3a573a2f725ac1bbc/elements - {"using":"xpath","value":"//button[@data-kt=\"contractDetailEditBtnButton\"]"}
RESULT: {"using":"xpath","value":"//button[@data-kt=\"contractDetailEditBtnButton\"]"}
COMMAND: POST /session/9d48326ae870b5d3a573a2f725ac1bbc/elements - {"using":"xpath","value":"//button[@data-kt=\"contractDetailEditBtnButton\"]"}
RESULT: {"using":"xpath","value":"//button[@data-kt=\"contractDetailEditBtnButton\"]"}
COMMAND: POST /session/9d48326ae870b5d3a573a2f725ac1bbc/elements - {"using":"xpath","value":"//button[@data-kt=\"contractDetailEditBtnButton\"]"}
RESULT: {"using":"xpath","value":"//button[@data-kt=\"contractDetailEditBtnButton\"]"}
COMMAND: POST /session/9d48326ae870b5d3a573a2f725ac1bbc/elements - {"using":"xpath","value":"//button[@data-kt=\"contractDetailEditBtnButton\"]"}
RESULT: {"using":"xpath","value":"//button[@data-kt=\"contractDetailEditBtnButton\"]"}
COMMAND: POST /session/9d48326ae870b5d3a573a2f725ac1bbc/elements - {"using":"xpath","value":"//button[@data-kt=\"contractDetailEditBtnButton\"]"}
RESULT: {"using":"xpath","value":"//button[@data-kt=\"contractDetailEditBtnButton\"]"}
COMMAND: POST /session/9d48326ae870b5d3a573a2f725ac1bbc/elements - {"using":"xpath","value":"//button[@data-kt=\"contractDetailEditBtnButton\"]"}
RESULT: {"using":"xpath","value":"//button[@data-kt=\"contractDetailEditBtnButton\"]"}
COMMAND: POST /session/9d48326ae870b5d3a573a2f725ac1bbc/elements - {"using":"xpath","value":"//button[@data-kt=\"contractDetailEditBtnButton\"]"}
RESULT: {"using":"xpath","value":"//button[@data-kt=\"contractDetailEditBtnButton\"]"}
COMMAND: POST /session/9d48326ae870b5d3a573a2f725ac1bbc/elements - {"using":"xpath","value":"//button[@data-kt=\"contractDetailEditBtnButton\"]"}
RESULT: {"using":"xpath","value":"//button[@data-kt=\"contractDetailEditBtnButton\"]"}
COMMAND: POST /session/9d48326ae870b5d3a573a2f725ac1bbc/elements - {"using":"xpath","value":"//button[@data-kt=\"contractDetailEditBtnButton\"]"}
RESULT: {"using":"xpath","value":"//button[@data-kt=\"contractDetailEditBtnButton\"]"}
COMMAND: POST /session/9d48326ae870b5d3a573a2f725ac1bbc/elements - {"using":"xpath","value":"//button[@data-kt=\"contractDetailEditBtnButton\"]"}
RESULT: {"using":"xpath","value":"//button[@data-kt=\"contractDetailEditBtnButton\"]"}
COMMAND: POST /session/9d48326ae870b5d3a573a2f725ac1bbc/elements - {"using":"xpath","value":"//button[@data-kt=\"contractDetailEditBtnButton\"]"}
RESULT: {"using":"xpath","value":"//button[@data-kt=\"contractDetailEditBtnButton\"]"}
COMMAND: POST /session/9d48326ae870b5d3a573a2f725ac1bbc/elements - {"using":"xpath","value":"//button[@data-kt=\"contractDetailEditBtnButton\"]"}
RESULT: {"using":"xpath","value":"//button[@data-kt=\"contractDetailEditBtnButton\"]"}
COMMAND: POST /session/9d48326ae870b5d3a573a2f725ac1bbc/elements - {"using":"xpath","value":"//button[@data-kt=\"contractDetailEditBtnButton\"]"}
RESULT: {"using":"xpath","value":"//button[@data-kt=\"contractDetailEditBtnButton\"]"}
COMMAND: POST /session/9d48326ae870b5d3a573a2f725ac1bbc/elements - {"using":"xpath","value":"//button[@data-kt=\"contractDetailEditBtnButton\"]"}
RESULT: {"using":"xpath","value":"//button[@data-kt=\"contractDetailEditBtnButton\"]"}
COMMAND: POST /session/9d48326ae870b5d3a573a2f725ac1bbc/elements - {"using":"xpath","value":"//button[@data-kt=\"contractDetailEditBtnButton\"]"}
RESULT: {"using":"xpath","value":"//button[@data-kt=\"contractDetailEditBtnButton\"]"}
COMMAND: POST /session/9d48326ae870b5d3a573a2f725ac1bbc/elements - {"using":"xpath","value":"//button[@data-kt=\"contractDetailEditBtnButton\"]"}
RESULT: {"using":"xpath","value":"//button[@data-kt=\"contractDetailEditBtnButton\"]"}
COMMAND: POST /session/9d48326ae870b5d3a573a2f725ac1bbc/elements - {"using":"xpath","value":"//button[@data-kt=\"contractDetailEditBtnButton\"]"}
RESULT: {"using":"xpath","value":"//button[@data-kt=\"contractDetailEditBtnButton\"]"}
COMMAND: POST /session/9d48326ae870b5d3a573a2f725ac1bbc/elements - {"using":"xpath","value":"//button[@data-kt=\"contractDetailEditBtnButton\"]"}
RESULT: {"using":"xpath","value":"//button[@data-kt=\"contractDetailEditBtnButton\"]"}
COMMAND: POST /session/9d48326ae870b5d3a573a2f725ac1bbc/elements - {"using":"xpath","value":"//button[@data-kt=\"contractDetailEditBtnButton\"]"}
RESULT: {"using":"xpath","value":"//button[@data-kt=\"contractDetailEditBtnButton\"]"}
COMMAND: POST /session/9d48326ae870b5d3a573a2f725ac1bbc/elements - {"using":"xpath","value":"//button[@data-kt=\"contractDetailEditBtnButton\"]"}
RESULT: {"using":"xpath","value":"//button[@data-kt=\"contractDetailEditBtnButton\"]"}
COMMAND: POST /session/9d48326ae870b5d3a573a2f725ac1bbc/elements - {"using":"xpath","value":"//button[@data-kt=\"contractDetailEditBtnButton\"]"}
RESULT: {"using":"xpath","value":"//button[@data-kt=\"contractDetailEditBtnButton\"]"}
COMMAND: POST /session/9d48326ae870b5d3a573a2f725ac1bbc/elements - {"using":"xpath","value":"//button[@data-kt=\"contractDetailEditBtnButton\"]"}
RESULT: {"using":"xpath","value":"//button[@data-kt=\"contractDetailEditBtnButton\"]"}
COMMAND: POST /session/9d48326ae870b5d3a573a2f725ac1bbc/elements - {"using":"xpath","value":"//button[@data-kt=\"contractDetailEditBtnButton\"]"}
RESULT: {"using":"xpath","value":"//button[@data-kt=\"contractDetailEditBtnButton\"]"}
COMMAND: POST /session/9d48326ae870b5d3a573a2f725ac1bbc/elements - {"using":"xpath","value":"//button[@data-kt=\"contractDetailEditBtnButton\"]"}
RESULT: {"using":"xpath","value":"//button[@data-kt=\"contractDetailEditBtnButton\"]"}
COMMAND: POST /session/9d48326ae870b5d3a573a2f725ac1bbc/elements - {"using":"xpath","value":"//button[@data-kt=\"contractDetailEditBtnButton\"]"}
RESULT: {"using":"xpath","value":"//button[@data-kt=\"contractDetailEditBtnButton\"]"}
COMMAND: POST /session/9d48326ae870b5d3a573a2f725ac1bbc/elements - {"using":"xpath","value":"//button[@data-kt=\"contractDetailEditBtnButton\"]"}
RESULT: {"using":"xpath","value":"//button[@data-kt=\"contractDetailEditBtnButton\"]"}
COMMAND: POST /session/9d48326ae870b5d3a573a2f725ac1bbc/elements - {"using":"xpath","value":"//button[@data-kt=\"contractDetailEditBtnButton\"]"}
RESULT: {"using":"xpath","value":"//button[@data-kt=\"contractDetailEditBtnButton\"]"}
COMMAND: POST /session/9d48326ae870b5d3a573a2f725ac1bbc/elements - {"using":"xpath","value":"//button[@data-kt=\"contractDetailEditBtnButton\"]"}
RESULT: {"using":"xpath","value":"//button[@data-kt=\"contractDetailEditBtnButton\"]"}
COMMAND: POST /session/9d48326ae870b5d3a573a2f725ac1bbc/elements - {"using":"xpath","value":"//button[@data-kt=\"contractDetailEditBtnButton\"]"}
RESULT: {"using":"xpath","value":"//button[@data-kt=\"contractDetailEditBtnButton\"]"}
COMMAND: POST /session/9d48326ae870b5d3a573a2f725ac1bbc/elements - {"using":"xpath","value":"//button[@data-kt=\"contractDetailEditBtnButton\"]"}
RESULT: {"using":"xpath","value":"//button[@data-kt=\"contractDetailEditBtnButton\"]"}
COMMAND: POST /session/9d48326ae870b5d3a573a2f725ac1bbc/elements - {"using":"xpath","value":"//button[@data-kt=\"contractDetailEditBtnButton\"]"}
RESULT: {"using":"xpath","value":"//button[@data-kt=\"contractDetailEditBtnButton\"]"}
COMMAND: POST /session/9d48326ae870b5d3a573a2f725ac1bbc/elements - {"using":"xpath","value":"//button[@data-kt=\"contractDetailEditBtnButton\"]"}
RESULT: {"using":"xpath","value":"//button[@data-kt=\"contractDetailEditBtnButton\"]"}
COMMAND: POST /session/9d48326ae870b5d3a573a2f725ac1bbc/elements - {"using":"xpath","value":"//button[@data-kt=\"contractDetailEditBtnButton\"]"}
RESULT: {"using":"xpath","value":"//button[@data-kt=\"contractDetailEditBtnButton\"]"}
COMMAND: POST /session/9d48326ae870b5d3a573a2f725ac1bbc/elements - {"using":"xpath","value":"//button[@data-kt=\"contractDetailEditBtnButton\"]"}
RESULT: {"using":"xpath","value":"//button[@data-kt=\"contractDetailEditBtnButton\"]"}
COMMAND: POST /session/9d48326ae870b5d3a573a2f725ac1bbc/elements - {"using":"xpath","value":"//button[@data-kt=\"contractDetailEditBtnButton\"]"}
RESULT: {"using":"xpath","value":"//button[@data-kt=\"contractDetailEditBtnButton\"]"}
COMMAND: POST /session/9d48326ae870b5d3a573a2f725ac1bbc/elements - {"using":"xpath","value":"//button[@data-kt=\"contractDetailEditBtnButton\"]"}
RESULT: {"using":"xpath","value":"//button[@data-kt=\"contractDetailEditBtnButton\"]"}
COMMAND: POST /session/9d48326ae870b5d3a573a2f725ac1bbc/elements - {"using":"xpath","value":"//button[@data-kt=\"contractDetailEditBtnButton\"]"}
RESULT: {"using":"xpath","value":"//button[@data-kt=\"contractDetailEditBtnButton\"]"}
COMMAND: POST /session/9d48326ae870b5d3a573a2f725ac1bbc/elements - {"using":"xpath","value":"//button[@data-kt=\"contractDetailEditBtnButton\"]"}
RESULT: {"using":"xpath","value":"//button[@data-kt=\"contractDetailEditBtnButton\"]"}
COMMAND: POST /session/9d48326ae870b5d3a573a2f725ac1bbc/elements - {"using":"xpath","value":"//button[@data-kt=\"contractDetailEditBtnButton\"]"}
RESULT: {"using":"xpath","value":"//button[@data-kt=\"contractDetailEditBtnButton\"]"}
COMMAND: POST /session/9d48326ae870b5d3a573a2f725ac1bbc/elements - {"using":"xpath","value":"//button[@data-kt=\"contractDetailEditBtnButton\"]"}
RESULT: {"using":"xpath","value":"//button[@data-kt=\"contractDetailEditBtnButton\"]"}
COMMAND: POST /session/9d48326ae870b5d3a573a2f725ac1bbc/elements - {"using":"xpath","value":"//button[@data-kt=\"contractDetailEditBtnButton\"]"}
RESULT: {"using":"xpath","value":"//button[@data-kt=\"contractDetailEditBtnButton\"]"}
COMMAND: POST /session/9d48326ae870b5d3a573a2f725ac1bbc/elements - {"using":"xpath","value":"//button[@data-kt=\"contractDetailEditBtnButton\"]"}
RESULT: {"using":"xpath","value":"//button[@data-kt=\"contractDetailEditBtnButton\"]"}
COMMAND: POST /session/9d48326ae870b5d3a573a2f725ac1bbc/elements - {"using":"xpath","value":"//button[@data-kt=\"contractDetailEditBtnButton\"]"}
RESULT: {"using":"xpath","value":"//button[@data-kt=\"contractDetailEditBtnButton\"]"}
COMMAND: POST /session/9d48326ae870b5d3a573a2f725ac1bbc/elements - {"using":"xpath","value":"//button[@data-kt=\"contractDetailEditBtnButton\"]"}
RESULT: {"using":"xpath","value":"//button[@data-kt=\"contractDetailEditBtnButton\"]"}
COMMAND: POST /session/9d48326ae870b5d3a573a2f725ac1bbc/elements - {"using":"xpath","value":"//button[@data-kt=\"contractDetailEditBtnButton\"]"}
RESULT: {"using":"xpath","value":"//button[@data-kt=\"contractDetailEditBtnButton\"]"}
COMMAND: POST /session/9d48326ae870b5d3a573a2f725ac1bbc/elements - {"using":"xpath","value":"//button[@data-kt=\"contractDetailEditBtnButton\"]"}
RESULT: {"using":"xpath","value":"//button[@data-kt=\"contractDetailEditBtnButton\"]"}
COMMAND: POST /session/9d48326ae870b5d3a573a2f725ac1bbc/elements - {"using":"xpath","value":"//button[@data-kt=\"contractDetailEditBtnButton\"]"}
RESULT: {"using":"xpath","value":"//button[@data-kt=\"contractDetailEditBtnButton\"]"}
COMMAND: POST /session/9d48326ae870b5d3a573a2f725ac1bbc/elements - {"using":"xpath","value":"//button[@data-kt=\"contractDetailEditBtnButton\"]"}
RESULT: {"using":"xpath","value":"//button[@data-kt=\"contractDetailEditBtnButton\"]"}
COMMAND: POST /session/9d48326ae870b5d3a573a2f725ac1bbc/elements - {"using":"xpath","value":"//button[@data-kt=\"contractDetailEditBtnButton\"]"}
RESULT: {"using":"xpath","value":"//button[@data-kt=\"contractDetailEditBtnButton\"]"}
COMMAND: POST /session/9d48326ae870b5d3a573a2f725ac1bbc/elements - {"using":"xpath","value":"//button[@data-kt=\"contractDetailEditBtnButton\"]"}
RESULT: {"using":"xpath","value":"//button[@data-kt=\"contractDetailEditBtnButton\"]"}
COMMAND: POST /session/9d48326ae870b5d3a573a2f725ac1bbc/elements - {"using":"xpath","value":"//button[@data-kt=\"contractDetailEditBtnButton\"]"}
RESULT: {"using":"xpath","value":"//button[@data-kt=\"contractDetailEditBtnButton\"]"}
COMMAND: POST /session/9d48326ae870b5d3a573a2f725ac1bbc/elements - {"using":"xpath","value":"//button[@data-kt=\"contractDetailEditBtnButton\"]"}
RESULT: {"using":"xpath","value":"//button[@data-kt=\"contractDetailEditBtnButton\"]"}
COMMAND: POST /session/9d48326ae870b5d3a573a2f725ac1bbc/elements - {"using":"xpath","value":"//button[@data-kt=\"contractDetailEditBtnButton\"]"}
RESULT: {"using":"xpath","value":"//button[@data-kt=\"contractDetailEditBtnButton\"]"}
COMMAND: POST /session/9d48326ae870b5d3a573a2f725ac1bbc/elements - {"using":"xpath","value":"//button[@data-kt=\"contractDetailEditBtnButton\"]"}
RESULT: {"using":"xpath","value":"//button[@data-kt=\"contractDetailEditBtnButton\"]"}
COMMAND: POST /session/9d48326ae870b5d3a573a2f725ac1bbc/elements - {"using":"xpath","value":"//button[@data-kt=\"contractDetailEditBtnButton\"]"}
RESULT: {"using":"xpath","value":"//button[@data-kt=\"contractDetailEditBtnButton\"]"}
COMMAND: POST /session/9d48326ae870b5d3a573a2f725ac1bbc/elements - {"using":"xpath","value":"//button[@data-kt=\"contractDetailEditBtnButton\"]"}
RESULT: {"using":"xpath","value":"//button[@data-kt=\"contractDetailEditBtnButton\"]"}
COMMAND: POST /session/9d48326ae870b5d3a573a2f725ac1bbc/elements - {"using":"xpath","value":"//button[@data-kt=\"contractDetailEditBtnButton\"]"}
RESULT: {"using":"xpath","value":"//button[@data-kt=\"contractDetailEditBtnButton\"]"}
COMMAND: POST /session/9d48326ae870b5d3a573a2f725ac1bbc/elements - {"using":"xpath","value":"//button[@data-kt=\"contractDetailEditBtnButton\"]"}
RESULT: {"using":"xpath","value":"//button[@data-kt=\"contractDetailEditBtnButton\"]"}
COMMAND: POST /session/9d48326ae870b5d3a573a2f725ac1bbc/elements - {"using":"xpath","value":"//button[@data-kt=\"contractDetailEditBtnButton\"]"}
RESULT: {"using":"xpath","value":"//button[@data-kt=\"contractDetailEditBtnButton\"]"}
COMMAND: POST /session/9d48326ae870b5d3a573a2f725ac1bbc/elements - {"using":"xpath","value":"//button[@data-kt=\"contractDetailEditBtnButton\"]"}
RESULT: {"using":"xpath","value":"//button[@data-kt=\"contractDetailEditBtnButton\"]"}
COMMAND: POST /session/9d48326ae870b5d3a573a2f725ac1bbc/elements - {"using":"xpath","value":"//button[@data-kt=\"contractDetailEditBtnButton\"]"}
RESULT: {"using":"xpath","value":"//button[@data-kt=\"contractDetailEditBtnButton\"]"}
COMMAND: POST /session/9d48326ae870b5d3a573a2f725ac1bbc/elements - {"using":"xpath","value":"//button[@data-kt=\"contractDetailEditBtnButton\"]"}
RESULT: {"using":"xpath","value":"//button[@data-kt=\"contractDetailEditBtnButton\"]"}
COMMAND: POST /session/9d48326ae870b5d3a573a2f725ac1bbc/elements - {"using":"xpath","value":"//button[@data-kt=\"contractDetailEditBtnButton\"]"}
RESULT: {"using":"xpath","value":"//button[@data-kt=\"contractDetailEditBtnButton\"]"}
COMMAND: POST /session/9d48326ae870b5d3a573a2f725ac1bbc/elements - {"using":"xpath","value":"//button[@data-kt=\"contractDetailEditBtnButton\"]"}
RESULT: {"using":"xpath","value":"//button[@data-kt=\"contractDetailEditBtnButton\"]"}
COMMAND: POST /session/9d48326ae870b5d3a573a2f725ac1bbc/elements - {"using":"xpath","value":"//button[@data-kt=\"contractDetailEditBtnButton\"]"}
RESULT: {"using":"xpath","value":"//button[@data-kt=\"contractDetailEditBtnButton\"]"}
COMMAND: POST /session/9d48326ae870b5d3a573a2f725ac1bbc/elements - {"using":"xpath","value":"//button[@data-kt=\"contractDetailEditBtnButton\"]"}
RESULT: {"using":"xpath","value":"//button[@data-kt=\"contractDetailEditBtnButton\"]"}
COMMAND: POST /session/9d48326ae870b5d3a573a2f725ac1bbc/elements - {"using":"xpath","value":"//button[@data-kt=\"contractDetailEditBtnButton\"]"}
RESULT: {"using":"xpath","value":"//button[@data-kt=\"contractDetailEditBtnButton\"]"}
COMMAND: POST /session/9d48326ae870b5d3a573a2f725ac1bbc/elements - {"using":"xpath","value":"//button[@data-kt=\"contractDetailEditBtnButton\"]"}
RESULT: {"using":"xpath","value":"//button[@data-kt=\"contractDetailEditBtnButton\"]"}
COMMAND: POST /session/9d48326ae870b5d3a573a2f725ac1bbc/elements - {"using":"xpath","value":"//button[@data-kt=\"contractDetailEditBtnButton\"]"}
RESULT: {"using":"xpath","value":"//button[@data-kt=\"contractDetailEditBtnButton\"]"}
COMMAND: POST /session/9d48326ae870b5d3a573a2f725ac1bbc/elements - {"using":"xpath","value":"//button[@data-kt=\"contractDetailEditBtnButton\"]"}
RESULT: {"using":"xpath","value":"//button[@data-kt=\"contractDetailEditBtnButton\"]"}
COMMAND: POST /session/9d48326ae870b5d3a573a2f725ac1bbc/elements - {"using":"xpath","value":"//button[@data-kt=\"contractDetailEditBtnButton\"]"}
RESULT: {"using":"xpath","value":"//button[@data-kt=\"contractDetailEditBtnButton\"]"}
COMMAND: POST /session/9d48326ae870b5d3a573a2f725ac1bbc/elements - {"using":"xpath","value":"//button[@data-kt=\"contractDetailEditBtnButton\"]"}
RESULT: {"using":"xpath","value":"//button[@data-kt=\"contractDetailEditBtnButton\"]"}
COMMAND: POST /session/9d48326ae870b5d3a573a2f725ac1bbc/elements - {"using":"xpath","value":"//button[@data-kt=\"contractDetailEditBtnButton\"]"}
RESULT: {"using":"xpath","value":"//button[@data-kt=\"contractDetailEditBtnButton\"]"}
COMMAND: POST /session/9d48326ae870b5d3a573a2f725ac1bbc/elements - {"using":"xpath","value":"//button[@data-kt=\"contractDetailEditBtnButton\"]"}
RESULT: {"using":"xpath","value":"//button[@data-kt=\"contractDetailEditBtnButton\"]"}
COMMAND: POST /session/9d48326ae870b5d3a573a2f725ac1bbc/elements - {"using":"xpath","value":"//button[@data-kt=\"contractDetailEditBtnButton\"]"}
RESULT: {"using":"xpath","value":"//button[@data-kt=\"contractDetailEditBtnButton\"]"}
COMMAND: POST /session/9d48326ae870b5d3a573a2f725ac1bbc/elements - {"using":"xpath","value":"//button[@data-kt=\"contractDetailEditBtnButton\"]"}
RESULT: {"using":"xpath","value":"//button[@data-kt=\"contractDetailEditBtnButton\"]"}
COMMAND: POST /session/9d48326ae870b5d3a573a2f725ac1bbc/elements - {"using":"xpath","value":"//button[@data-kt=\"contractDetailEditBtnButton\"]"}
RESULT: {"using":"xpath","value":"//button[@data-kt=\"contractDetailEditBtnButton\"]"}
COMMAND: POST /session/9d48326ae870b5d3a573a2f725ac1bbc/elements - {"using":"xpath","value":"//button[@data-kt=\"contractDetailEditBtnButton\"]"}
RESULT: {"using":"xpath","value":"//button[@data-kt=\"contractDetailEditBtnButton\"]"}
COMMAND: POST /session/9d48326ae870b5d3a573a2f725ac1bbc/elements - {"using":"xpath","value":"//button[@data-kt=\"contractDetailEditBtnButton\"]"}
RESULT: {"using":"xpath","value":"//button[@data-kt=\"contractDetailEditBtnButton\"]"}
COMMAND: POST /session/9d48326ae870b5d3a573a2f725ac1bbc/elements - {"using":"xpath","value":"//button[@data-kt=\"contractDetailEditBtnButton\"]"}
RESULT: {"using":"xpath","value":"//button[@data-kt=\"contractDetailEditBtnButton\"]"}
COMMAND: POST /session/9d48326ae870b5d3a573a2f725ac1bbc/elements - {"using":"xpath","value":"//button[@data-kt=\"contractDetailEditBtnButton\"]"}
RESULT: {"using":"xpath","value":"//button[@data-kt=\"contractDetailEditBtnButton\"]"}
COMMAND: POST /session/9d48326ae870b5d3a573a2f725ac1bbc/elements - {"using":"xpath","value":"//button[@data-kt=\"contractDetailEditBtnButton\"]"}
RESULT: {"using":"xpath","value":"//button[@data-kt=\"contractDetailEditBtnButton\"]"}
COMMAND: POST /session/9d48326ae870b5d3a573a2f725ac1bbc/elements - {"using":"xpath","value":"//button[@data-kt=\"contractDetailEditBtnButton\"]"}
RESULT: {"using":"xpath","value":"//button[@data-kt=\"contractDetailEditBtnButton\"]"}
COMMAND: POST /session/9d48326ae870b5d3a573a2f725ac1bbc/elements - {"using":"xpath","value":"//button[@data-kt=\"contractDetailEditBtnButton\"]"}
RESULT: {"using":"xpath","value":"//button[@data-kt=\"contractDetailEditBtnButton\"]"}
COMMAND: POST /session/9d48326ae870b5d3a573a2f725ac1bbc/elements - {"using":"xpath","value":"//button[@data-kt=\"contractDetailEditBtnButton\"]"}
RESULT: {"using":"xpath","value":"//button[@data-kt=\"contractDetailEditBtnButton\"]"}
COMMAND: POST /session/9d48326ae870b5d3a573a2f725ac1bbc/elements - {"using":"xpath","value":"//button[@data-kt=\"contractDetailEditBtnButton\"]"}
RESULT: {"using":"xpath","value":"//button[@data-kt=\"contractDetailEditBtnButton\"]"}
COMMAND: POST /session/9d48326ae870b5d3a573a2f725ac1bbc/elements - {"using":"xpath","value":"//button[@data-kt=\"contractDetailEditBtnButton\"]"}
RESULT: {"using":"xpath","value":"//button[@data-kt=\"contractDetailEditBtnButton\"]"}
COMMAND: POST /session/9d48326ae870b5d3a573a2f725ac1bbc/elements - {"using":"xpath","value":"//button[@data-kt=\"contractDetailEditBtnButton\"]"}
RESULT: {"using":"xpath","value":"//button[@data-kt=\"contractDetailEditBtnButton\"]"}
COMMAND: POST /session/9d48326ae870b5d3a573a2f725ac1bbc/elements - {"using":"xpath","value":"//button[@data-kt=\"contractDetailEditBtnButton\"]"}
RESULT: {"using":"xpath","value":"//button[@data-kt=\"contractDetailEditBtnButton\"]"}
COMMAND: POST /session/9d48326ae870b5d3a573a2f725ac1bbc/elements - {"using":"xpath","value":"//button[@data-kt=\"contractDetailEditBtnButton\"]"}
RESULT: {"using":"xpath","value":"//button[@data-kt=\"contractDetailEditBtnButton\"]"}
COMMAND: POST /session/9d48326ae870b5d3a573a2f725ac1bbc/elements - {"using":"xpath","value":"//button[@data-kt=\"contractDetailEditBtnButton\"]"}
RESULT: {"using":"xpath","value":"//button[@data-kt=\"contractDetailEditBtnButton\"]"}
COMMAND: POST /session/9d48326ae870b5d3a573a2f725ac1bbc/elements - {"using":"xpath","value":"//button[@data-kt=\"contractDetailEditBtnButton\"]"}
RESULT: {"using":"xpath","value":"//button[@data-kt=\"contractDetailEditBtnButton\"]"}
COMMAND: POST /session/9d48326ae870b5d3a573a2f725ac1bbc/elements - {"using":"xpath","value":"//button[@data-kt=\"contractDetailEditBtnButton\"]"}
RESULT: {"using":"xpath","value":"//button[@data-kt=\"contractDetailEditBtnButton\"]"}
COMMAND: POST /session/9d48326ae870b5d3a573a2f725ac1bbc/elements - {"using":"xpath","value":"//button[@data-kt=\"contractDetailEditBtnButton\"]"}
RESULT: {"using":"xpath","value":"//button[@data-kt=\"contractDetailEditBtnButton\"]"}
COMMAND: POST /session/9d48326ae870b5d3a573a2f725ac1bbc/elements - {"using":"xpath","value":"//button[@data-kt=\"contractDetailEditBtnButton\"]"}
RESULT: {"using":"xpath","value":"//button[@data-kt=\"contractDetailEditBtnButton\"]"}
COMMAND: POST /session/9d48326ae870b5d3a573a2f725ac1bbc/elements - {"using":"xpath","value":"//button[@data-kt=\"contractDetailEditBtnButton\"]"}
RESULT: {"using":"xpath","value":"//button[@data-kt=\"contractDetailEditBtnButton\"]"}
COMMAND: POST /session/9d48326ae870b5d3a573a2f725ac1bbc/elements - {"using":"xpath","value":"//button[@data-kt=\"contractDetailEditBtnButton\"]"}
RESULT: {"using":"xpath","value":"//button[@data-kt=\"contractDetailEditBtnButton\"]"}
COMMAND: POST /session/9d48326ae870b5d3a573a2f725ac1bbc/elements - {"using":"xpath","value":"//button[@data-kt=\"contractDetailEditBtnButton\"]"}
RESULT: {"using":"xpath","value":"//button[@data-kt=\"contractDetailEditBtnButton\"]"}
COMMAND: POST /session/9d48326ae870b5d3a573a2f725ac1bbc/elements - {"using":"xpath","value":"//button[@data-kt=\"contractDetailEditBtnButton\"]"}
RESULT: {"using":"xpath","value":"//button[@data-kt=\"contractDetailEditBtnButton\"]"}
COMMAND: POST /session/9d48326ae870b5d3a573a2f725ac1bbc/elements - {"using":"xpath","value":"//button[@data-kt=\"contractDetailEditBtnButton\"]"}
RESULT: {"using":"xpath","value":"//button[@data-kt=\"contractDetailEditBtnButton\"]"}
COMMAND: POST /session/9d48326ae870b5d3a573a2f725ac1bbc/elements - {"using":"xpath","value":"//button[@data-kt=\"contractDetailEditBtnButton\"]"}
RESULT: {"using":"xpath","value":"//button[@data-kt=\"contractDetailEditBtnButton\"]"}
COMMAND: POST /session/9d48326ae870b5d3a573a2f725ac1bbc/elements - {"using":"xpath","value":"//button[@data-kt=\"contractDetailEditBtnButton\"]"}
RESULT: {"using":"xpath","value":"//button[@data-kt=\"contractDetailEditBtnButton\"]"}
COMMAND: POST /session/9d48326ae870b5d3a573a2f725ac1bbc/elements - {"using":"xpath","value":"//button[@data-kt=\"contractDetailEditBtnButton\"]"}
RESULT: {"using":"xpath","value":"//button[@data-kt=\"contractDetailEditBtnButton\"]"}
COMMAND: POST /session/9d48326ae870b5d3a573a2f725ac1bbc/elements - {"using":"xpath","value":"//button[@data-kt=\"contractDetailEditBtnButton\"]"}
RESULT: {"using":"xpath","value":"//button[@data-kt=\"contractDetailEditBtnButton\"]"}
COMMAND: POST /session/9d48326ae870b5d3a573a2f725ac1bbc/elements - {"using":"xpath","value":"//button[@data-kt=\"contractDetailEditBtnButton\"]"}
RESULT: {"using":"xpath","value":"//button[@data-kt=\"contractDetailEditBtnButton\"]"}
COMMAND: POST /session/9d48326ae870b5d3a573a2f725ac1bbc/elements - {"using":"xpath","value":"//button[@data-kt=\"contractDetailEditBtnButton\"]"}
RESULT: {"using":"xpath","value":"//button[@data-kt=\"contractDetailEditBtnButton\"]"}
COMMAND: POST /session/9d48326ae870b5d3a573a2f725ac1bbc/elements - {"using":"xpath","value":"//button[@data-kt=\"contractDetailEditBtnButton\"]"}
RESULT: {"using":"xpath","value":"//button[@data-kt=\"contractDetailEditBtnButton\"]"}
COMMAND: POST /session/9d48326ae870b5d3a573a2f725ac1bbc/elements - {"using":"xpath","value":"//button[@data-kt=\"contractDetailEditBtnButton\"]"}
RESULT: {"using":"xpath","value":"//button[@data-kt=\"contractDetailEditBtnButton\"]"}
COMMAND: POST /session/9d48326ae870b5d3a573a2f725ac1bbc/elements - {"using":"xpath","value":"//button[@data-kt=\"contractDetailEditBtnButton\"]"}
RESULT: {"using":"xpath","value":"//button[@data-kt=\"contractDetailEditBtnButton\"]"}
COMMAND: POST /session/9d48326ae870b5d3a573a2f725ac1bbc/elements - {"using":"xpath","value":"//button[@data-kt=\"contractDetailEditBtnButton\"]"}
RESULT: {"using":"xpath","value":"//button[@data-kt=\"contractDetailEditBtnButton\"]"}
COMMAND: POST /session/9d48326ae870b5d3a573a2f725ac1bbc/elements - {"using":"xpath","value":"//button[@data-kt=\"contractDetailEditBtnButton\"]"}
COMMAND: GET /session/9d48326ae870b5d3a573a2f725ac1bbc/screenshot - {}
RESULT: {"using":"xpath","value":"//button[@data-kt=\"contractDetailEditBtnButton\"]"}
RESULT: {}
]]></system-out>
      <system-err><![CDATA[
Error: Can't call click on element with selector "//button[@data-kt="contractDetailEditBtnButton"]" because element wasn't found
    at async UtilsPrerequisites.addItemToContract (D:\a\1\s\test\specs\BTS\prerequisites-and-utils-functions.js:1852:9)
    at async Context.<anonymous> (D:\a\1\s\test\specs\BTS\billing-transfer-intercompany.spec.js:65:9)
]]></system-err>
    </testcase>
    <testcase classname="chrome.136_0_7103_93.windows.Billing_Transfer_-_Master_data_&amp;_Intercompany_US127250" name="Should do a provide to site handover" time="60.978">
      <failure/>
      <error message="Can't call click on element with selector &quot;//button[@data-kt=&quot;provideButton&quot;]&quot; because element wasn't found"/>
      <system-out><![CDATA[
COMMAND: GET /session/9d48326ae870b5d3a573a2f725ac1bbc/screenshot - {}
COMMAND: POST /session/9d48326ae870b5d3a573a2f725ac1bbc/element - {"using":"xpath","value":"//button[@data-kt=\"provideButton\"]"}
RESULT: {}
RESULT: {"using":"xpath","value":"//button[@data-kt=\"provideButton\"]"}
COMMAND: POST /session/9d48326ae870b5d3a573a2f725ac1bbc/elements - {"using":"xpath","value":"//button[@data-kt=\"provideButton\"]"}
RESULT: {"using":"xpath","value":"//button[@data-kt=\"provideButton\"]"}
COMMAND: POST /session/9d48326ae870b5d3a573a2f725ac1bbc/elements - {"using":"xpath","value":"//button[@data-kt=\"provideButton\"]"}
RESULT: {"using":"xpath","value":"//button[@data-kt=\"provideButton\"]"}
COMMAND: POST /session/9d48326ae870b5d3a573a2f725ac1bbc/elements - {"using":"xpath","value":"//button[@data-kt=\"provideButton\"]"}
RESULT: {"using":"xpath","value":"//button[@data-kt=\"provideButton\"]"}
COMMAND: POST /session/9d48326ae870b5d3a573a2f725ac1bbc/elements - {"using":"xpath","value":"//button[@data-kt=\"provideButton\"]"}
RESULT: {"using":"xpath","value":"//button[@data-kt=\"provideButton\"]"}
COMMAND: POST /session/9d48326ae870b5d3a573a2f725ac1bbc/elements - {"using":"xpath","value":"//button[@data-kt=\"provideButton\"]"}
RESULT: {"using":"xpath","value":"//button[@data-kt=\"provideButton\"]"}
COMMAND: POST /session/9d48326ae870b5d3a573a2f725ac1bbc/elements - {"using":"xpath","value":"//button[@data-kt=\"provideButton\"]"}
RESULT: {"using":"xpath","value":"//button[@data-kt=\"provideButton\"]"}
COMMAND: POST /session/9d48326ae870b5d3a573a2f725ac1bbc/elements - {"using":"xpath","value":"//button[@data-kt=\"provideButton\"]"}
RESULT: {"using":"xpath","value":"//button[@data-kt=\"provideButton\"]"}
COMMAND: POST /session/9d48326ae870b5d3a573a2f725ac1bbc/elements - {"using":"xpath","value":"//button[@data-kt=\"provideButton\"]"}
RESULT: {"using":"xpath","value":"//button[@data-kt=\"provideButton\"]"}
COMMAND: POST /session/9d48326ae870b5d3a573a2f725ac1bbc/elements - {"using":"xpath","value":"//button[@data-kt=\"provideButton\"]"}
RESULT: {"using":"xpath","value":"//button[@data-kt=\"provideButton\"]"}
COMMAND: POST /session/9d48326ae870b5d3a573a2f725ac1bbc/elements - {"using":"xpath","value":"//button[@data-kt=\"provideButton\"]"}
RESULT: {"using":"xpath","value":"//button[@data-kt=\"provideButton\"]"}
COMMAND: POST /session/9d48326ae870b5d3a573a2f725ac1bbc/elements - {"using":"xpath","value":"//button[@data-kt=\"provideButton\"]"}
RESULT: {"using":"xpath","value":"//button[@data-kt=\"provideButton\"]"}
COMMAND: POST /session/9d48326ae870b5d3a573a2f725ac1bbc/elements - {"using":"xpath","value":"//button[@data-kt=\"provideButton\"]"}
RESULT: {"using":"xpath","value":"//button[@data-kt=\"provideButton\"]"}
COMMAND: POST /session/9d48326ae870b5d3a573a2f725ac1bbc/elements - {"using":"xpath","value":"//button[@data-kt=\"provideButton\"]"}
RESULT: {"using":"xpath","value":"//button[@data-kt=\"provideButton\"]"}
COMMAND: POST /session/9d48326ae870b5d3a573a2f725ac1bbc/elements - {"using":"xpath","value":"//button[@data-kt=\"provideButton\"]"}
RESULT: {"using":"xpath","value":"//button[@data-kt=\"provideButton\"]"}
COMMAND: POST /session/9d48326ae870b5d3a573a2f725ac1bbc/elements - {"using":"xpath","value":"//button[@data-kt=\"provideButton\"]"}
RESULT: {"using":"xpath","value":"//button[@data-kt=\"provideButton\"]"}
COMMAND: POST /session/9d48326ae870b5d3a573a2f725ac1bbc/elements - {"using":"xpath","value":"//button[@data-kt=\"provideButton\"]"}
RESULT: {"using":"xpath","value":"//button[@data-kt=\"provideButton\"]"}
COMMAND: POST /session/9d48326ae870b5d3a573a2f725ac1bbc/elements - {"using":"xpath","value":"//button[@data-kt=\"provideButton\"]"}
RESULT: {"using":"xpath","value":"//button[@data-kt=\"provideButton\"]"}
COMMAND: POST /session/9d48326ae870b5d3a573a2f725ac1bbc/elements - {"using":"xpath","value":"//button[@data-kt=\"provideButton\"]"}
RESULT: {"using":"xpath","value":"//button[@data-kt=\"provideButton\"]"}
COMMAND: POST /session/9d48326ae870b5d3a573a2f725ac1bbc/elements - {"using":"xpath","value":"//button[@data-kt=\"provideButton\"]"}
RESULT: {"using":"xpath","value":"//button[@data-kt=\"provideButton\"]"}
COMMAND: POST /session/9d48326ae870b5d3a573a2f725ac1bbc/elements - {"using":"xpath","value":"//button[@data-kt=\"provideButton\"]"}
RESULT: {"using":"xpath","value":"//button[@data-kt=\"provideButton\"]"}
COMMAND: POST /session/9d48326ae870b5d3a573a2f725ac1bbc/elements - {"using":"xpath","value":"//button[@data-kt=\"provideButton\"]"}
RESULT: {"using":"xpath","value":"//button[@data-kt=\"provideButton\"]"}
COMMAND: POST /session/9d48326ae870b5d3a573a2f725ac1bbc/elements - {"using":"xpath","value":"//button[@data-kt=\"provideButton\"]"}
RESULT: {"using":"xpath","value":"//button[@data-kt=\"provideButton\"]"}
COMMAND: POST /session/9d48326ae870b5d3a573a2f725ac1bbc/elements - {"using":"xpath","value":"//button[@data-kt=\"provideButton\"]"}
RESULT: {"using":"xpath","value":"//button[@data-kt=\"provideButton\"]"}
COMMAND: POST /session/9d48326ae870b5d3a573a2f725ac1bbc/elements - {"using":"xpath","value":"//button[@data-kt=\"provideButton\"]"}
RESULT: {"using":"xpath","value":"//button[@data-kt=\"provideButton\"]"}
COMMAND: POST /session/9d48326ae870b5d3a573a2f725ac1bbc/elements - {"using":"xpath","value":"//button[@data-kt=\"provideButton\"]"}
RESULT: {"using":"xpath","value":"//button[@data-kt=\"provideButton\"]"}
COMMAND: POST /session/9d48326ae870b5d3a573a2f725ac1bbc/elements - {"using":"xpath","value":"//button[@data-kt=\"provideButton\"]"}
RESULT: {"using":"xpath","value":"//button[@data-kt=\"provideButton\"]"}
COMMAND: POST /session/9d48326ae870b5d3a573a2f725ac1bbc/elements - {"using":"xpath","value":"//button[@data-kt=\"provideButton\"]"}
RESULT: {"using":"xpath","value":"//button[@data-kt=\"provideButton\"]"}
COMMAND: POST /session/9d48326ae870b5d3a573a2f725ac1bbc/elements - {"using":"xpath","value":"//button[@data-kt=\"provideButton\"]"}
RESULT: {"using":"xpath","value":"//button[@data-kt=\"provideButton\"]"}
COMMAND: POST /session/9d48326ae870b5d3a573a2f725ac1bbc/elements - {"using":"xpath","value":"//button[@data-kt=\"provideButton\"]"}
RESULT: {"using":"xpath","value":"//button[@data-kt=\"provideButton\"]"}
COMMAND: POST /session/9d48326ae870b5d3a573a2f725ac1bbc/elements - {"using":"xpath","value":"//button[@data-kt=\"provideButton\"]"}
RESULT: {"using":"xpath","value":"//button[@data-kt=\"provideButton\"]"}
COMMAND: POST /session/9d48326ae870b5d3a573a2f725ac1bbc/elements - {"using":"xpath","value":"//button[@data-kt=\"provideButton\"]"}
RESULT: {"using":"xpath","value":"//button[@data-kt=\"provideButton\"]"}
COMMAND: POST /session/9d48326ae870b5d3a573a2f725ac1bbc/elements - {"using":"xpath","value":"//button[@data-kt=\"provideButton\"]"}
RESULT: {"using":"xpath","value":"//button[@data-kt=\"provideButton\"]"}
COMMAND: POST /session/9d48326ae870b5d3a573a2f725ac1bbc/elements - {"using":"xpath","value":"//button[@data-kt=\"provideButton\"]"}
RESULT: {"using":"xpath","value":"//button[@data-kt=\"provideButton\"]"}
COMMAND: POST /session/9d48326ae870b5d3a573a2f725ac1bbc/elements - {"using":"xpath","value":"//button[@data-kt=\"provideButton\"]"}
RESULT: {"using":"xpath","value":"//button[@data-kt=\"provideButton\"]"}
COMMAND: POST /session/9d48326ae870b5d3a573a2f725ac1bbc/elements - {"using":"xpath","value":"//button[@data-kt=\"provideButton\"]"}
RESULT: {"using":"xpath","value":"//button[@data-kt=\"provideButton\"]"}
COMMAND: POST /session/9d48326ae870b5d3a573a2f725ac1bbc/elements - {"using":"xpath","value":"//button[@data-kt=\"provideButton\"]"}
RESULT: {"using":"xpath","value":"//button[@data-kt=\"provideButton\"]"}
COMMAND: POST /session/9d48326ae870b5d3a573a2f725ac1bbc/elements - {"using":"xpath","value":"//button[@data-kt=\"provideButton\"]"}
RESULT: {"using":"xpath","value":"//button[@data-kt=\"provideButton\"]"}
COMMAND: POST /session/9d48326ae870b5d3a573a2f725ac1bbc/elements - {"using":"xpath","value":"//button[@data-kt=\"provideButton\"]"}
RESULT: {"using":"xpath","value":"//button[@data-kt=\"provideButton\"]"}
COMMAND: POST /session/9d48326ae870b5d3a573a2f725ac1bbc/elements - {"using":"xpath","value":"//button[@data-kt=\"provideButton\"]"}
RESULT: {"using":"xpath","value":"//button[@data-kt=\"provideButton\"]"}
COMMAND: POST /session/9d48326ae870b5d3a573a2f725ac1bbc/elements - {"using":"xpath","value":"//button[@data-kt=\"provideButton\"]"}
RESULT: {"using":"xpath","value":"//button[@data-kt=\"provideButton\"]"}
COMMAND: POST /session/9d48326ae870b5d3a573a2f725ac1bbc/elements - {"using":"xpath","value":"//button[@data-kt=\"provideButton\"]"}
RESULT: {"using":"xpath","value":"//button[@data-kt=\"provideButton\"]"}
COMMAND: POST /session/9d48326ae870b5d3a573a2f725ac1bbc/elements - {"using":"xpath","value":"//button[@data-kt=\"provideButton\"]"}
RESULT: {"using":"xpath","value":"//button[@data-kt=\"provideButton\"]"}
COMMAND: POST /session/9d48326ae870b5d3a573a2f725ac1bbc/elements - {"using":"xpath","value":"//button[@data-kt=\"provideButton\"]"}
RESULT: {"using":"xpath","value":"//button[@data-kt=\"provideButton\"]"}
COMMAND: POST /session/9d48326ae870b5d3a573a2f725ac1bbc/elements - {"using":"xpath","value":"//button[@data-kt=\"provideButton\"]"}
RESULT: {"using":"xpath","value":"//button[@data-kt=\"provideButton\"]"}
COMMAND: POST /session/9d48326ae870b5d3a573a2f725ac1bbc/elements - {"using":"xpath","value":"//button[@data-kt=\"provideButton\"]"}
RESULT: {"using":"xpath","value":"//button[@data-kt=\"provideButton\"]"}
COMMAND: POST /session/9d48326ae870b5d3a573a2f725ac1bbc/elements - {"using":"xpath","value":"//button[@data-kt=\"provideButton\"]"}
RESULT: {"using":"xpath","value":"//button[@data-kt=\"provideButton\"]"}
COMMAND: POST /session/9d48326ae870b5d3a573a2f725ac1bbc/elements - {"using":"xpath","value":"//button[@data-kt=\"provideButton\"]"}
RESULT: {"using":"xpath","value":"//button[@data-kt=\"provideButton\"]"}
COMMAND: POST /session/9d48326ae870b5d3a573a2f725ac1bbc/elements - {"using":"xpath","value":"//button[@data-kt=\"provideButton\"]"}
RESULT: {"using":"xpath","value":"//button[@data-kt=\"provideButton\"]"}
COMMAND: POST /session/9d48326ae870b5d3a573a2f725ac1bbc/elements - {"using":"xpath","value":"//button[@data-kt=\"provideButton\"]"}
RESULT: {"using":"xpath","value":"//button[@data-kt=\"provideButton\"]"}
COMMAND: POST /session/9d48326ae870b5d3a573a2f725ac1bbc/elements - {"using":"xpath","value":"//button[@data-kt=\"provideButton\"]"}
RESULT: {"using":"xpath","value":"//button[@data-kt=\"provideButton\"]"}
COMMAND: POST /session/9d48326ae870b5d3a573a2f725ac1bbc/elements - {"using":"xpath","value":"//button[@data-kt=\"provideButton\"]"}
RESULT: {"using":"xpath","value":"//button[@data-kt=\"provideButton\"]"}
COMMAND: POST /session/9d48326ae870b5d3a573a2f725ac1bbc/elements - {"using":"xpath","value":"//button[@data-kt=\"provideButton\"]"}
RESULT: {"using":"xpath","value":"//button[@data-kt=\"provideButton\"]"}
COMMAND: POST /session/9d48326ae870b5d3a573a2f725ac1bbc/elements - {"using":"xpath","value":"//button[@data-kt=\"provideButton\"]"}
RESULT: {"using":"xpath","value":"//button[@data-kt=\"provideButton\"]"}
COMMAND: POST /session/9d48326ae870b5d3a573a2f725ac1bbc/elements - {"using":"xpath","value":"//button[@data-kt=\"provideButton\"]"}
RESULT: {"using":"xpath","value":"//button[@data-kt=\"provideButton\"]"}
COMMAND: POST /session/9d48326ae870b5d3a573a2f725ac1bbc/elements - {"using":"xpath","value":"//button[@data-kt=\"provideButton\"]"}
RESULT: {"using":"xpath","value":"//button[@data-kt=\"provideButton\"]"}
COMMAND: POST /session/9d48326ae870b5d3a573a2f725ac1bbc/elements - {"using":"xpath","value":"//button[@data-kt=\"provideButton\"]"}
RESULT: {"using":"xpath","value":"//button[@data-kt=\"provideButton\"]"}
COMMAND: POST /session/9d48326ae870b5d3a573a2f725ac1bbc/elements - {"using":"xpath","value":"//button[@data-kt=\"provideButton\"]"}
RESULT: {"using":"xpath","value":"//button[@data-kt=\"provideButton\"]"}
COMMAND: POST /session/9d48326ae870b5d3a573a2f725ac1bbc/elements - {"using":"xpath","value":"//button[@data-kt=\"provideButton\"]"}
RESULT: {"using":"xpath","value":"//button[@data-kt=\"provideButton\"]"}
COMMAND: POST /session/9d48326ae870b5d3a573a2f725ac1bbc/elements - {"using":"xpath","value":"//button[@data-kt=\"provideButton\"]"}
RESULT: {"using":"xpath","value":"//button[@data-kt=\"provideButton\"]"}
COMMAND: POST /session/9d48326ae870b5d3a573a2f725ac1bbc/elements - {"using":"xpath","value":"//button[@data-kt=\"provideButton\"]"}
RESULT: {"using":"xpath","value":"//button[@data-kt=\"provideButton\"]"}
COMMAND: POST /session/9d48326ae870b5d3a573a2f725ac1bbc/elements - {"using":"xpath","value":"//button[@data-kt=\"provideButton\"]"}
RESULT: {"using":"xpath","value":"//button[@data-kt=\"provideButton\"]"}
COMMAND: POST /session/9d48326ae870b5d3a573a2f725ac1bbc/elements - {"using":"xpath","value":"//button[@data-kt=\"provideButton\"]"}
RESULT: {"using":"xpath","value":"//button[@data-kt=\"provideButton\"]"}
COMMAND: POST /session/9d48326ae870b5d3a573a2f725ac1bbc/elements - {"using":"xpath","value":"//button[@data-kt=\"provideButton\"]"}
RESULT: {"using":"xpath","value":"//button[@data-kt=\"provideButton\"]"}
COMMAND: POST /session/9d48326ae870b5d3a573a2f725ac1bbc/elements - {"using":"xpath","value":"//button[@data-kt=\"provideButton\"]"}
RESULT: {"using":"xpath","value":"//button[@data-kt=\"provideButton\"]"}
COMMAND: POST /session/9d48326ae870b5d3a573a2f725ac1bbc/elements - {"using":"xpath","value":"//button[@data-kt=\"provideButton\"]"}
RESULT: {"using":"xpath","value":"//button[@data-kt=\"provideButton\"]"}
COMMAND: POST /session/9d48326ae870b5d3a573a2f725ac1bbc/elements - {"using":"xpath","value":"//button[@data-kt=\"provideButton\"]"}
RESULT: {"using":"xpath","value":"//button[@data-kt=\"provideButton\"]"}
COMMAND: POST /session/9d48326ae870b5d3a573a2f725ac1bbc/elements - {"using":"xpath","value":"//button[@data-kt=\"provideButton\"]"}
RESULT: {"using":"xpath","value":"//button[@data-kt=\"provideButton\"]"}
COMMAND: POST /session/9d48326ae870b5d3a573a2f725ac1bbc/elements - {"using":"xpath","value":"//button[@data-kt=\"provideButton\"]"}
RESULT: {"using":"xpath","value":"//button[@data-kt=\"provideButton\"]"}
COMMAND: POST /session/9d48326ae870b5d3a573a2f725ac1bbc/elements - {"using":"xpath","value":"//button[@data-kt=\"provideButton\"]"}
RESULT: {"using":"xpath","value":"//button[@data-kt=\"provideButton\"]"}
COMMAND: POST /session/9d48326ae870b5d3a573a2f725ac1bbc/elements - {"using":"xpath","value":"//button[@data-kt=\"provideButton\"]"}
RESULT: {"using":"xpath","value":"//button[@data-kt=\"provideButton\"]"}
COMMAND: POST /session/9d48326ae870b5d3a573a2f725ac1bbc/elements - {"using":"xpath","value":"//button[@data-kt=\"provideButton\"]"}
RESULT: {"using":"xpath","value":"//button[@data-kt=\"provideButton\"]"}
COMMAND: POST /session/9d48326ae870b5d3a573a2f725ac1bbc/elements - {"using":"xpath","value":"//button[@data-kt=\"provideButton\"]"}
RESULT: {"using":"xpath","value":"//button[@data-kt=\"provideButton\"]"}
COMMAND: POST /session/9d48326ae870b5d3a573a2f725ac1bbc/elements - {"using":"xpath","value":"//button[@data-kt=\"provideButton\"]"}
RESULT: {"using":"xpath","value":"//button[@data-kt=\"provideButton\"]"}
COMMAND: POST /session/9d48326ae870b5d3a573a2f725ac1bbc/elements - {"using":"xpath","value":"//button[@data-kt=\"provideButton\"]"}
RESULT: {"using":"xpath","value":"//button[@data-kt=\"provideButton\"]"}
COMMAND: POST /session/9d48326ae870b5d3a573a2f725ac1bbc/elements - {"using":"xpath","value":"//button[@data-kt=\"provideButton\"]"}
RESULT: {"using":"xpath","value":"//button[@data-kt=\"provideButton\"]"}
COMMAND: POST /session/9d48326ae870b5d3a573a2f725ac1bbc/elements - {"using":"xpath","value":"//button[@data-kt=\"provideButton\"]"}
RESULT: {"using":"xpath","value":"//button[@data-kt=\"provideButton\"]"}
COMMAND: POST /session/9d48326ae870b5d3a573a2f725ac1bbc/elements - {"using":"xpath","value":"//button[@data-kt=\"provideButton\"]"}
RESULT: {"using":"xpath","value":"//button[@data-kt=\"provideButton\"]"}
COMMAND: POST /session/9d48326ae870b5d3a573a2f725ac1bbc/elements - {"using":"xpath","value":"//button[@data-kt=\"provideButton\"]"}
RESULT: {"using":"xpath","value":"//button[@data-kt=\"provideButton\"]"}
COMMAND: POST /session/9d48326ae870b5d3a573a2f725ac1bbc/elements - {"using":"xpath","value":"//button[@data-kt=\"provideButton\"]"}
RESULT: {"using":"xpath","value":"//button[@data-kt=\"provideButton\"]"}
COMMAND: POST /session/9d48326ae870b5d3a573a2f725ac1bbc/elements - {"using":"xpath","value":"//button[@data-kt=\"provideButton\"]"}
RESULT: {"using":"xpath","value":"//button[@data-kt=\"provideButton\"]"}
COMMAND: POST /session/9d48326ae870b5d3a573a2f725ac1bbc/elements - {"using":"xpath","value":"//button[@data-kt=\"provideButton\"]"}
RESULT: {"using":"xpath","value":"//button[@data-kt=\"provideButton\"]"}
COMMAND: POST /session/9d48326ae870b5d3a573a2f725ac1bbc/elements - {"using":"xpath","value":"//button[@data-kt=\"provideButton\"]"}
RESULT: {"using":"xpath","value":"//button[@data-kt=\"provideButton\"]"}
COMMAND: POST /session/9d48326ae870b5d3a573a2f725ac1bbc/elements - {"using":"xpath","value":"//button[@data-kt=\"provideButton\"]"}
RESULT: {"using":"xpath","value":"//button[@data-kt=\"provideButton\"]"}
COMMAND: POST /session/9d48326ae870b5d3a573a2f725ac1bbc/elements - {"using":"xpath","value":"//button[@data-kt=\"provideButton\"]"}
RESULT: {"using":"xpath","value":"//button[@data-kt=\"provideButton\"]"}
COMMAND: POST /session/9d48326ae870b5d3a573a2f725ac1bbc/elements - {"using":"xpath","value":"//button[@data-kt=\"provideButton\"]"}
RESULT: {"using":"xpath","value":"//button[@data-kt=\"provideButton\"]"}
COMMAND: POST /session/9d48326ae870b5d3a573a2f725ac1bbc/elements - {"using":"xpath","value":"//button[@data-kt=\"provideButton\"]"}
RESULT: {"using":"xpath","value":"//button[@data-kt=\"provideButton\"]"}
COMMAND: POST /session/9d48326ae870b5d3a573a2f725ac1bbc/elements - {"using":"xpath","value":"//button[@data-kt=\"provideButton\"]"}
RESULT: {"using":"xpath","value":"//button[@data-kt=\"provideButton\"]"}
COMMAND: POST /session/9d48326ae870b5d3a573a2f725ac1bbc/elements - {"using":"xpath","value":"//button[@data-kt=\"provideButton\"]"}
RESULT: {"using":"xpath","value":"//button[@data-kt=\"provideButton\"]"}
COMMAND: POST /session/9d48326ae870b5d3a573a2f725ac1bbc/elements - {"using":"xpath","value":"//button[@data-kt=\"provideButton\"]"}
RESULT: {"using":"xpath","value":"//button[@data-kt=\"provideButton\"]"}
COMMAND: POST /session/9d48326ae870b5d3a573a2f725ac1bbc/elements - {"using":"xpath","value":"//button[@data-kt=\"provideButton\"]"}
RESULT: {"using":"xpath","value":"//button[@data-kt=\"provideButton\"]"}
COMMAND: POST /session/9d48326ae870b5d3a573a2f725ac1bbc/elements - {"using":"xpath","value":"//button[@data-kt=\"provideButton\"]"}
RESULT: {"using":"xpath","value":"//button[@data-kt=\"provideButton\"]"}
COMMAND: POST /session/9d48326ae870b5d3a573a2f725ac1bbc/elements - {"using":"xpath","value":"//button[@data-kt=\"provideButton\"]"}
RESULT: {"using":"xpath","value":"//button[@data-kt=\"provideButton\"]"}
COMMAND: POST /session/9d48326ae870b5d3a573a2f725ac1bbc/elements - {"using":"xpath","value":"//button[@data-kt=\"provideButton\"]"}
RESULT: {"using":"xpath","value":"//button[@data-kt=\"provideButton\"]"}
COMMAND: POST /session/9d48326ae870b5d3a573a2f725ac1bbc/elements - {"using":"xpath","value":"//button[@data-kt=\"provideButton\"]"}
RESULT: {"using":"xpath","value":"//button[@data-kt=\"provideButton\"]"}
COMMAND: POST /session/9d48326ae870b5d3a573a2f725ac1bbc/elements - {"using":"xpath","value":"//button[@data-kt=\"provideButton\"]"}
RESULT: {"using":"xpath","value":"//button[@data-kt=\"provideButton\"]"}
COMMAND: POST /session/9d48326ae870b5d3a573a2f725ac1bbc/elements - {"using":"xpath","value":"//button[@data-kt=\"provideButton\"]"}
RESULT: {"using":"xpath","value":"//button[@data-kt=\"provideButton\"]"}
COMMAND: POST /session/9d48326ae870b5d3a573a2f725ac1bbc/elements - {"using":"xpath","value":"//button[@data-kt=\"provideButton\"]"}
RESULT: {"using":"xpath","value":"//button[@data-kt=\"provideButton\"]"}
COMMAND: POST /session/9d48326ae870b5d3a573a2f725ac1bbc/elements - {"using":"xpath","value":"//button[@data-kt=\"provideButton\"]"}
RESULT: {"using":"xpath","value":"//button[@data-kt=\"provideButton\"]"}
COMMAND: POST /session/9d48326ae870b5d3a573a2f725ac1bbc/elements - {"using":"xpath","value":"//button[@data-kt=\"provideButton\"]"}
RESULT: {"using":"xpath","value":"//button[@data-kt=\"provideButton\"]"}
COMMAND: POST /session/9d48326ae870b5d3a573a2f725ac1bbc/elements - {"using":"xpath","value":"//button[@data-kt=\"provideButton\"]"}
RESULT: {"using":"xpath","value":"//button[@data-kt=\"provideButton\"]"}
COMMAND: POST /session/9d48326ae870b5d3a573a2f725ac1bbc/elements - {"using":"xpath","value":"//button[@data-kt=\"provideButton\"]"}
RESULT: {"using":"xpath","value":"//button[@data-kt=\"provideButton\"]"}
COMMAND: POST /session/9d48326ae870b5d3a573a2f725ac1bbc/elements - {"using":"xpath","value":"//button[@data-kt=\"provideButton\"]"}
RESULT: {"using":"xpath","value":"//button[@data-kt=\"provideButton\"]"}
COMMAND: POST /session/9d48326ae870b5d3a573a2f725ac1bbc/elements - {"using":"xpath","value":"//button[@data-kt=\"provideButton\"]"}
RESULT: {"using":"xpath","value":"//button[@data-kt=\"provideButton\"]"}
COMMAND: POST /session/9d48326ae870b5d3a573a2f725ac1bbc/elements - {"using":"xpath","value":"//button[@data-kt=\"provideButton\"]"}
RESULT: {"using":"xpath","value":"//button[@data-kt=\"provideButton\"]"}
COMMAND: POST /session/9d48326ae870b5d3a573a2f725ac1bbc/elements - {"using":"xpath","value":"//button[@data-kt=\"provideButton\"]"}
RESULT: {"using":"xpath","value":"//button[@data-kt=\"provideButton\"]"}
COMMAND: POST /session/9d48326ae870b5d3a573a2f725ac1bbc/elements - {"using":"xpath","value":"//button[@data-kt=\"provideButton\"]"}
RESULT: {"using":"xpath","value":"//button[@data-kt=\"provideButton\"]"}
COMMAND: POST /session/9d48326ae870b5d3a573a2f725ac1bbc/elements - {"using":"xpath","value":"//button[@data-kt=\"provideButton\"]"}
RESULT: {"using":"xpath","value":"//button[@data-kt=\"provideButton\"]"}
COMMAND: POST /session/9d48326ae870b5d3a573a2f725ac1bbc/elements - {"using":"xpath","value":"//button[@data-kt=\"provideButton\"]"}
RESULT: {"using":"xpath","value":"//button[@data-kt=\"provideButton\"]"}
COMMAND: POST /session/9d48326ae870b5d3a573a2f725ac1bbc/elements - {"using":"xpath","value":"//button[@data-kt=\"provideButton\"]"}
RESULT: {"using":"xpath","value":"//button[@data-kt=\"provideButton\"]"}
COMMAND: POST /session/9d48326ae870b5d3a573a2f725ac1bbc/elements - {"using":"xpath","value":"//button[@data-kt=\"provideButton\"]"}
RESULT: {"using":"xpath","value":"//button[@data-kt=\"provideButton\"]"}
COMMAND: POST /session/9d48326ae870b5d3a573a2f725ac1bbc/elements - {"using":"xpath","value":"//button[@data-kt=\"provideButton\"]"}
RESULT: {"using":"xpath","value":"//button[@data-kt=\"provideButton\"]"}
COMMAND: POST /session/9d48326ae870b5d3a573a2f725ac1bbc/elements - {"using":"xpath","value":"//button[@data-kt=\"provideButton\"]"}
RESULT: {"using":"xpath","value":"//button[@data-kt=\"provideButton\"]"}
COMMAND: POST /session/9d48326ae870b5d3a573a2f725ac1bbc/elements - {"using":"xpath","value":"//button[@data-kt=\"provideButton\"]"}
RESULT: {"using":"xpath","value":"//button[@data-kt=\"provideButton\"]"}
COMMAND: POST /session/9d48326ae870b5d3a573a2f725ac1bbc/elements - {"using":"xpath","value":"//button[@data-kt=\"provideButton\"]"}
RESULT: {"using":"xpath","value":"//button[@data-kt=\"provideButton\"]"}
COMMAND: POST /session/9d48326ae870b5d3a573a2f725ac1bbc/elements - {"using":"xpath","value":"//button[@data-kt=\"provideButton\"]"}
RESULT: {"using":"xpath","value":"//button[@data-kt=\"provideButton\"]"}
COMMAND: POST /session/9d48326ae870b5d3a573a2f725ac1bbc/elements - {"using":"xpath","value":"//button[@data-kt=\"provideButton\"]"}
RESULT: {"using":"xpath","value":"//button[@data-kt=\"provideButton\"]"}
COMMAND: POST /session/9d48326ae870b5d3a573a2f725ac1bbc/elements - {"using":"xpath","value":"//button[@data-kt=\"provideButton\"]"}
RESULT: {"using":"xpath","value":"//button[@data-kt=\"provideButton\"]"}
COMMAND: POST /session/9d48326ae870b5d3a573a2f725ac1bbc/elements - {"using":"xpath","value":"//button[@data-kt=\"provideButton\"]"}
RESULT: {"using":"xpath","value":"//button[@data-kt=\"provideButton\"]"}
COMMAND: POST /session/9d48326ae870b5d3a573a2f725ac1bbc/elements - {"using":"xpath","value":"//button[@data-kt=\"provideButton\"]"}
RESULT: {"using":"xpath","value":"//button[@data-kt=\"provideButton\"]"}
COMMAND: POST /session/9d48326ae870b5d3a573a2f725ac1bbc/elements - {"using":"xpath","value":"//button[@data-kt=\"provideButton\"]"}
RESULT: {"using":"xpath","value":"//button[@data-kt=\"provideButton\"]"}
COMMAND: POST /session/9d48326ae870b5d3a573a2f725ac1bbc/elements - {"using":"xpath","value":"//button[@data-kt=\"provideButton\"]"}
COMMAND: GET /session/9d48326ae870b5d3a573a2f725ac1bbc/screenshot - {}
RESULT: {"using":"xpath","value":"//button[@data-kt=\"provideButton\"]"}
RESULT: {}
]]></system-out>
      <system-err><![CDATA[
Error: Can't call click on element with selector "//button[@data-kt="provideButton"]" because element wasn't found
    at async UtilsPrerequisites.provideToSiteHandoverFromContractDetails (D:\a\1\s\test\specs\BTS\prerequisites-and-utils-functions.js:1949:9)
    at async Context.<anonymous> (D:\a\1\s\test\specs\BTS\billing-transfer-intercompany.spec.js:69:9)
]]></system-err>
    </testcase>
    <testcase classname="chrome.136_0_7103_93.windows.Billing_Transfer_-_Master_data_&amp;_Intercompany_US127250" name="Should go navigate to Manage Billings and trigger contract calculation check result" time="79.82">
      <failure/>
      <error message="Can't call click on element with selector &quot;//td[@aria-colindex=&quot;1&quot;]/div/div[contains(@class, &quot;sapMCbBg&quot;)]&quot; because element wasn't found"/>
      <system-out><![CDATA[
COMMAND: POST /session/9d48326ae870b5d3a573a2f725ac1bbc/execute/async - {"script":"<script> [1562 bytes]","args":[{"selector":{"controlType":"sap.m.GenericTile","properties":{"header":"Manage Billings"}},"wdio_ui5_key":"sapm.GenericTile{\"header\":\"Manage Billings\"}"}]}
COMMAND: GET /session/9d48326ae870b5d3a573a2f725ac1bbc/screenshot - {}
RESULT: {"script":"<script> [1562 bytes]","args":[{"selector":{"controlType":"sap.m.GenericTile","properties":{"header":"Manage Billings"}},"wdio_ui5_key":"sapm.GenericTile{\"header\":\"Manage Billings\"}"}]}
RESULT: undefined
RESULT: {}
COMMAND: POST /session/9d48326ae870b5d3a573a2f725ac1bbc/elements - {"using":"xpath","value":"//span[text()='Error']"}
RESULT: {"using":"xpath","value":"//span[text()='Error']"}
COMMAND: POST /session/9d48326ae870b5d3a573a2f725ac1bbc/execute/async - {"script":"<script> [1562 bytes]","args":[{"selector":{"id":"application-managebillings-display-component---billRunCalcResult--smartFilterBar-btnBasicSearch","interaction":{"idSuffix":"I"}},"wdio_ui5_key":"applicationmanagebillings-display-component---billRunCalcResult--smartFilterBar-btnBasicSearch"}]}
RESULT: {"script":"<script> [1562 bytes]","args":[{"selector":{"id":"application-managebillings-display-component---billRunCalcResult--smartFilterBar-btnBasicSearch","interaction":{"idSuffix":"I"}},"wdio_ui5_key":"applicationmanagebillings-display-component---billRunCalcResult--smartFilterBar-btnBasicSearch"}]}
RESULT: undefined
COMMAND: POST /session/9d48326ae870b5d3a573a2f725ac1bbc/actions - {"actions":[{"id":"action17","type":"key","parameters":{},"actions":[{"type":"keyDown","value":""},{"type":"pause","duration":10},{"type":"keyUp","value":""}]}]}
RESULT: {"actions":[{"id":"action17","type":"key","parameters":{},"actions":[{"type":"keyDown","value":""},{"type":"pause","duration":10},{"type":"keyUp","value":""}]}]}
COMMAND: GET /session/9d48326ae870b5d3a573a2f725ac1bbc/screenshot - {}
RESULT: {}
COMMAND: POST /session/9d48326ae870b5d3a573a2f725ac1bbc/element - {"using":"xpath","value":"//td[@aria-colindex=\"1\"]/div/div[contains(@class, \"sapMCbBg\")]"}
RESULT: {"using":"xpath","value":"//td[@aria-colindex=\"1\"]/div/div[contains(@class, \"sapMCbBg\")]"}
COMMAND: POST /session/9d48326ae870b5d3a573a2f725ac1bbc/elements - {"using":"xpath","value":"//td[@aria-colindex=\"1\"]/div/div[contains(@class, \"sapMCbBg\")]"}
RESULT: {"using":"xpath","value":"//td[@aria-colindex=\"1\"]/div/div[contains(@class, \"sapMCbBg\")]"}
COMMAND: POST /session/9d48326ae870b5d3a573a2f725ac1bbc/elements - {"using":"xpath","value":"//td[@aria-colindex=\"1\"]/div/div[contains(@class, \"sapMCbBg\")]"}
RESULT: {"using":"xpath","value":"//td[@aria-colindex=\"1\"]/div/div[contains(@class, \"sapMCbBg\")]"}
COMMAND: POST /session/9d48326ae870b5d3a573a2f725ac1bbc/elements - {"using":"xpath","value":"//td[@aria-colindex=\"1\"]/div/div[contains(@class, \"sapMCbBg\")]"}
RESULT: {"using":"xpath","value":"//td[@aria-colindex=\"1\"]/div/div[contains(@class, \"sapMCbBg\")]"}
COMMAND: POST /session/9d48326ae870b5d3a573a2f725ac1bbc/elements - {"using":"xpath","value":"//td[@aria-colindex=\"1\"]/div/div[contains(@class, \"sapMCbBg\")]"}
RESULT: {"using":"xpath","value":"//td[@aria-colindex=\"1\"]/div/div[contains(@class, \"sapMCbBg\")]"}
COMMAND: POST /session/9d48326ae870b5d3a573a2f725ac1bbc/elements - {"using":"xpath","value":"//td[@aria-colindex=\"1\"]/div/div[contains(@class, \"sapMCbBg\")]"}
RESULT: {"using":"xpath","value":"//td[@aria-colindex=\"1\"]/div/div[contains(@class, \"sapMCbBg\")]"}
COMMAND: POST /session/9d48326ae870b5d3a573a2f725ac1bbc/elements - {"using":"xpath","value":"//td[@aria-colindex=\"1\"]/div/div[contains(@class, \"sapMCbBg\")]"}
RESULT: {"using":"xpath","value":"//td[@aria-colindex=\"1\"]/div/div[contains(@class, \"sapMCbBg\")]"}
COMMAND: POST /session/9d48326ae870b5d3a573a2f725ac1bbc/elements - {"using":"xpath","value":"//td[@aria-colindex=\"1\"]/div/div[contains(@class, \"sapMCbBg\")]"}
RESULT: {"using":"xpath","value":"//td[@aria-colindex=\"1\"]/div/div[contains(@class, \"sapMCbBg\")]"}
COMMAND: POST /session/9d48326ae870b5d3a573a2f725ac1bbc/elements - {"using":"xpath","value":"//td[@aria-colindex=\"1\"]/div/div[contains(@class, \"sapMCbBg\")]"}
RESULT: {"using":"xpath","value":"//td[@aria-colindex=\"1\"]/div/div[contains(@class, \"sapMCbBg\")]"}
COMMAND: POST /session/9d48326ae870b5d3a573a2f725ac1bbc/elements - {"using":"xpath","value":"//td[@aria-colindex=\"1\"]/div/div[contains(@class, \"sapMCbBg\")]"}
RESULT: {"using":"xpath","value":"//td[@aria-colindex=\"1\"]/div/div[contains(@class, \"sapMCbBg\")]"}
COMMAND: POST /session/9d48326ae870b5d3a573a2f725ac1bbc/elements - {"using":"xpath","value":"//td[@aria-colindex=\"1\"]/div/div[contains(@class, \"sapMCbBg\")]"}
RESULT: {"using":"xpath","value":"//td[@aria-colindex=\"1\"]/div/div[contains(@class, \"sapMCbBg\")]"}
COMMAND: POST /session/9d48326ae870b5d3a573a2f725ac1bbc/elements - {"using":"xpath","value":"//td[@aria-colindex=\"1\"]/div/div[contains(@class, \"sapMCbBg\")]"}
RESULT: {"using":"xpath","value":"//td[@aria-colindex=\"1\"]/div/div[contains(@class, \"sapMCbBg\")]"}
COMMAND: POST /session/9d48326ae870b5d3a573a2f725ac1bbc/elements - {"using":"xpath","value":"//td[@aria-colindex=\"1\"]/div/div[contains(@class, \"sapMCbBg\")]"}
RESULT: {"using":"xpath","value":"//td[@aria-colindex=\"1\"]/div/div[contains(@class, \"sapMCbBg\")]"}
COMMAND: POST /session/9d48326ae870b5d3a573a2f725ac1bbc/elements - {"using":"xpath","value":"//td[@aria-colindex=\"1\"]/div/div[contains(@class, \"sapMCbBg\")]"}
RESULT: {"using":"xpath","value":"//td[@aria-colindex=\"1\"]/div/div[contains(@class, \"sapMCbBg\")]"}
COMMAND: POST /session/9d48326ae870b5d3a573a2f725ac1bbc/elements - {"using":"xpath","value":"//td[@aria-colindex=\"1\"]/div/div[contains(@class, \"sapMCbBg\")]"}
RESULT: {"using":"xpath","value":"//td[@aria-colindex=\"1\"]/div/div[contains(@class, \"sapMCbBg\")]"}
COMMAND: POST /session/9d48326ae870b5d3a573a2f725ac1bbc/elements - {"using":"xpath","value":"//td[@aria-colindex=\"1\"]/div/div[contains(@class, \"sapMCbBg\")]"}
RESULT: {"using":"xpath","value":"//td[@aria-colindex=\"1\"]/div/div[contains(@class, \"sapMCbBg\")]"}
COMMAND: POST /session/9d48326ae870b5d3a573a2f725ac1bbc/elements - {"using":"xpath","value":"//td[@aria-colindex=\"1\"]/div/div[contains(@class, \"sapMCbBg\")]"}
RESULT: {"using":"xpath","value":"//td[@aria-colindex=\"1\"]/div/div[contains(@class, \"sapMCbBg\")]"}
COMMAND: POST /session/9d48326ae870b5d3a573a2f725ac1bbc/elements - {"using":"xpath","value":"//td[@aria-colindex=\"1\"]/div/div[contains(@class, \"sapMCbBg\")]"}
RESULT: {"using":"xpath","value":"//td[@aria-colindex=\"1\"]/div/div[contains(@class, \"sapMCbBg\")]"}
COMMAND: POST /session/9d48326ae870b5d3a573a2f725ac1bbc/elements - {"using":"xpath","value":"//td[@aria-colindex=\"1\"]/div/div[contains(@class, \"sapMCbBg\")]"}
RESULT: {"using":"xpath","value":"//td[@aria-colindex=\"1\"]/div/div[contains(@class, \"sapMCbBg\")]"}
COMMAND: POST /session/9d48326ae870b5d3a573a2f725ac1bbc/elements - {"using":"xpath","value":"//td[@aria-colindex=\"1\"]/div/div[contains(@class, \"sapMCbBg\")]"}
RESULT: {"using":"xpath","value":"//td[@aria-colindex=\"1\"]/div/div[contains(@class, \"sapMCbBg\")]"}
COMMAND: POST /session/9d48326ae870b5d3a573a2f725ac1bbc/elements - {"using":"xpath","value":"//td[@aria-colindex=\"1\"]/div/div[contains(@class, \"sapMCbBg\")]"}
RESULT: {"using":"xpath","value":"//td[@aria-colindex=\"1\"]/div/div[contains(@class, \"sapMCbBg\")]"}
COMMAND: POST /session/9d48326ae870b5d3a573a2f725ac1bbc/elements - {"using":"xpath","value":"//td[@aria-colindex=\"1\"]/div/div[contains(@class, \"sapMCbBg\")]"}
RESULT: {"using":"xpath","value":"//td[@aria-colindex=\"1\"]/div/div[contains(@class, \"sapMCbBg\")]"}
COMMAND: POST /session/9d48326ae870b5d3a573a2f725ac1bbc/elements - {"using":"xpath","value":"//td[@aria-colindex=\"1\"]/div/div[contains(@class, \"sapMCbBg\")]"}
RESULT: {"using":"xpath","value":"//td[@aria-colindex=\"1\"]/div/div[contains(@class, \"sapMCbBg\")]"}
COMMAND: POST /session/9d48326ae870b5d3a573a2f725ac1bbc/elements - {"using":"xpath","value":"//td[@aria-colindex=\"1\"]/div/div[contains(@class, \"sapMCbBg\")]"}
RESULT: {"using":"xpath","value":"//td[@aria-colindex=\"1\"]/div/div[contains(@class, \"sapMCbBg\")]"}
COMMAND: POST /session/9d48326ae870b5d3a573a2f725ac1bbc/elements - {"using":"xpath","value":"//td[@aria-colindex=\"1\"]/div/div[contains(@class, \"sapMCbBg\")]"}
RESULT: {"using":"xpath","value":"//td[@aria-colindex=\"1\"]/div/div[contains(@class, \"sapMCbBg\")]"}
COMMAND: POST /session/9d48326ae870b5d3a573a2f725ac1bbc/elements - {"using":"xpath","value":"//td[@aria-colindex=\"1\"]/div/div[contains(@class, \"sapMCbBg\")]"}
RESULT: {"using":"xpath","value":"//td[@aria-colindex=\"1\"]/div/div[contains(@class, \"sapMCbBg\")]"}
COMMAND: POST /session/9d48326ae870b5d3a573a2f725ac1bbc/elements - {"using":"xpath","value":"//td[@aria-colindex=\"1\"]/div/div[contains(@class, \"sapMCbBg\")]"}
RESULT: {"using":"xpath","value":"//td[@aria-colindex=\"1\"]/div/div[contains(@class, \"sapMCbBg\")]"}
COMMAND: POST /session/9d48326ae870b5d3a573a2f725ac1bbc/elements - {"using":"xpath","value":"//td[@aria-colindex=\"1\"]/div/div[contains(@class, \"sapMCbBg\")]"}
RESULT: {"using":"xpath","value":"//td[@aria-colindex=\"1\"]/div/div[contains(@class, \"sapMCbBg\")]"}
COMMAND: POST /session/9d48326ae870b5d3a573a2f725ac1bbc/elements - {"using":"xpath","value":"//td[@aria-colindex=\"1\"]/div/div[contains(@class, \"sapMCbBg\")]"}
RESULT: {"using":"xpath","value":"//td[@aria-colindex=\"1\"]/div/div[contains(@class, \"sapMCbBg\")]"}
COMMAND: POST /session/9d48326ae870b5d3a573a2f725ac1bbc/elements - {"using":"xpath","value":"//td[@aria-colindex=\"1\"]/div/div[contains(@class, \"sapMCbBg\")]"}
RESULT: {"using":"xpath","value":"//td[@aria-colindex=\"1\"]/div/div[contains(@class, \"sapMCbBg\")]"}
COMMAND: POST /session/9d48326ae870b5d3a573a2f725ac1bbc/elements - {"using":"xpath","value":"//td[@aria-colindex=\"1\"]/div/div[contains(@class, \"sapMCbBg\")]"}
RESULT: {"using":"xpath","value":"//td[@aria-colindex=\"1\"]/div/div[contains(@class, \"sapMCbBg\")]"}
COMMAND: POST /session/9d48326ae870b5d3a573a2f725ac1bbc/elements - {"using":"xpath","value":"//td[@aria-colindex=\"1\"]/div/div[contains(@class, \"sapMCbBg\")]"}
RESULT: {"using":"xpath","value":"//td[@aria-colindex=\"1\"]/div/div[contains(@class, \"sapMCbBg\")]"}
COMMAND: POST /session/9d48326ae870b5d3a573a2f725ac1bbc/elements - {"using":"xpath","value":"//td[@aria-colindex=\"1\"]/div/div[contains(@class, \"sapMCbBg\")]"}
RESULT: {"using":"xpath","value":"//td[@aria-colindex=\"1\"]/div/div[contains(@class, \"sapMCbBg\")]"}
COMMAND: POST /session/9d48326ae870b5d3a573a2f725ac1bbc/elements - {"using":"xpath","value":"//td[@aria-colindex=\"1\"]/div/div[contains(@class, \"sapMCbBg\")]"}
RESULT: {"using":"xpath","value":"//td[@aria-colindex=\"1\"]/div/div[contains(@class, \"sapMCbBg\")]"}
COMMAND: POST /session/9d48326ae870b5d3a573a2f725ac1bbc/elements - {"using":"xpath","value":"//td[@aria-colindex=\"1\"]/div/div[contains(@class, \"sapMCbBg\")]"}
RESULT: {"using":"xpath","value":"//td[@aria-colindex=\"1\"]/div/div[contains(@class, \"sapMCbBg\")]"}
COMMAND: POST /session/9d48326ae870b5d3a573a2f725ac1bbc/elements - {"using":"xpath","value":"//td[@aria-colindex=\"1\"]/div/div[contains(@class, \"sapMCbBg\")]"}
RESULT: {"using":"xpath","value":"//td[@aria-colindex=\"1\"]/div/div[contains(@class, \"sapMCbBg\")]"}
COMMAND: POST /session/9d48326ae870b5d3a573a2f725ac1bbc/elements - {"using":"xpath","value":"//td[@aria-colindex=\"1\"]/div/div[contains(@class, \"sapMCbBg\")]"}
RESULT: {"using":"xpath","value":"//td[@aria-colindex=\"1\"]/div/div[contains(@class, \"sapMCbBg\")]"}
COMMAND: POST /session/9d48326ae870b5d3a573a2f725ac1bbc/elements - {"using":"xpath","value":"//td[@aria-colindex=\"1\"]/div/div[contains(@class, \"sapMCbBg\")]"}
RESULT: {"using":"xpath","value":"//td[@aria-colindex=\"1\"]/div/div[contains(@class, \"sapMCbBg\")]"}
COMMAND: POST /session/9d48326ae870b5d3a573a2f725ac1bbc/elements - {"using":"xpath","value":"//td[@aria-colindex=\"1\"]/div/div[contains(@class, \"sapMCbBg\")]"}
RESULT: {"using":"xpath","value":"//td[@aria-colindex=\"1\"]/div/div[contains(@class, \"sapMCbBg\")]"}
COMMAND: POST /session/9d48326ae870b5d3a573a2f725ac1bbc/elements - {"using":"xpath","value":"//td[@aria-colindex=\"1\"]/div/div[contains(@class, \"sapMCbBg\")]"}
RESULT: {"using":"xpath","value":"//td[@aria-colindex=\"1\"]/div/div[contains(@class, \"sapMCbBg\")]"}
COMMAND: POST /session/9d48326ae870b5d3a573a2f725ac1bbc/elements - {"using":"xpath","value":"//td[@aria-colindex=\"1\"]/div/div[contains(@class, \"sapMCbBg\")]"}
RESULT: {"using":"xpath","value":"//td[@aria-colindex=\"1\"]/div/div[contains(@class, \"sapMCbBg\")]"}
COMMAND: POST /session/9d48326ae870b5d3a573a2f725ac1bbc/elements - {"using":"xpath","value":"//td[@aria-colindex=\"1\"]/div/div[contains(@class, \"sapMCbBg\")]"}
RESULT: {"using":"xpath","value":"//td[@aria-colindex=\"1\"]/div/div[contains(@class, \"sapMCbBg\")]"}
COMMAND: POST /session/9d48326ae870b5d3a573a2f725ac1bbc/elements - {"using":"xpath","value":"//td[@aria-colindex=\"1\"]/div/div[contains(@class, \"sapMCbBg\")]"}
RESULT: {"using":"xpath","value":"//td[@aria-colindex=\"1\"]/div/div[contains(@class, \"sapMCbBg\")]"}
COMMAND: POST /session/9d48326ae870b5d3a573a2f725ac1bbc/elements - {"using":"xpath","value":"//td[@aria-colindex=\"1\"]/div/div[contains(@class, \"sapMCbBg\")]"}
RESULT: {"using":"xpath","value":"//td[@aria-colindex=\"1\"]/div/div[contains(@class, \"sapMCbBg\")]"}
COMMAND: POST /session/9d48326ae870b5d3a573a2f725ac1bbc/elements - {"using":"xpath","value":"//td[@aria-colindex=\"1\"]/div/div[contains(@class, \"sapMCbBg\")]"}
RESULT: {"using":"xpath","value":"//td[@aria-colindex=\"1\"]/div/div[contains(@class, \"sapMCbBg\")]"}
COMMAND: POST /session/9d48326ae870b5d3a573a2f725ac1bbc/elements - {"using":"xpath","value":"//td[@aria-colindex=\"1\"]/div/div[contains(@class, \"sapMCbBg\")]"}
RESULT: {"using":"xpath","value":"//td[@aria-colindex=\"1\"]/div/div[contains(@class, \"sapMCbBg\")]"}
COMMAND: POST /session/9d48326ae870b5d3a573a2f725ac1bbc/elements - {"using":"xpath","value":"//td[@aria-colindex=\"1\"]/div/div[contains(@class, \"sapMCbBg\")]"}
RESULT: {"using":"xpath","value":"//td[@aria-colindex=\"1\"]/div/div[contains(@class, \"sapMCbBg\")]"}
COMMAND: POST /session/9d48326ae870b5d3a573a2f725ac1bbc/elements - {"using":"xpath","value":"//td[@aria-colindex=\"1\"]/div/div[contains(@class, \"sapMCbBg\")]"}
RESULT: {"using":"xpath","value":"//td[@aria-colindex=\"1\"]/div/div[contains(@class, \"sapMCbBg\")]"}
COMMAND: POST /session/9d48326ae870b5d3a573a2f725ac1bbc/elements - {"using":"xpath","value":"//td[@aria-colindex=\"1\"]/div/div[contains(@class, \"sapMCbBg\")]"}
RESULT: {"using":"xpath","value":"//td[@aria-colindex=\"1\"]/div/div[contains(@class, \"sapMCbBg\")]"}
COMMAND: POST /session/9d48326ae870b5d3a573a2f725ac1bbc/elements - {"using":"xpath","value":"//td[@aria-colindex=\"1\"]/div/div[contains(@class, \"sapMCbBg\")]"}
RESULT: {"using":"xpath","value":"//td[@aria-colindex=\"1\"]/div/div[contains(@class, \"sapMCbBg\")]"}
COMMAND: POST /session/9d48326ae870b5d3a573a2f725ac1bbc/elements - {"using":"xpath","value":"//td[@aria-colindex=\"1\"]/div/div[contains(@class, \"sapMCbBg\")]"}
RESULT: {"using":"xpath","value":"//td[@aria-colindex=\"1\"]/div/div[contains(@class, \"sapMCbBg\")]"}
COMMAND: POST /session/9d48326ae870b5d3a573a2f725ac1bbc/elements - {"using":"xpath","value":"//td[@aria-colindex=\"1\"]/div/div[contains(@class, \"sapMCbBg\")]"}
RESULT: {"using":"xpath","value":"//td[@aria-colindex=\"1\"]/div/div[contains(@class, \"sapMCbBg\")]"}
COMMAND: POST /session/9d48326ae870b5d3a573a2f725ac1bbc/elements - {"using":"xpath","value":"//td[@aria-colindex=\"1\"]/div/div[contains(@class, \"sapMCbBg\")]"}
RESULT: {"using":"xpath","value":"//td[@aria-colindex=\"1\"]/div/div[contains(@class, \"sapMCbBg\")]"}
COMMAND: POST /session/9d48326ae870b5d3a573a2f725ac1bbc/elements - {"using":"xpath","value":"//td[@aria-colindex=\"1\"]/div/div[contains(@class, \"sapMCbBg\")]"}
RESULT: {"using":"xpath","value":"//td[@aria-colindex=\"1\"]/div/div[contains(@class, \"sapMCbBg\")]"}
COMMAND: POST /session/9d48326ae870b5d3a573a2f725ac1bbc/elements - {"using":"xpath","value":"//td[@aria-colindex=\"1\"]/div/div[contains(@class, \"sapMCbBg\")]"}
RESULT: {"using":"xpath","value":"//td[@aria-colindex=\"1\"]/div/div[contains(@class, \"sapMCbBg\")]"}
COMMAND: POST /session/9d48326ae870b5d3a573a2f725ac1bbc/elements - {"using":"xpath","value":"//td[@aria-colindex=\"1\"]/div/div[contains(@class, \"sapMCbBg\")]"}
RESULT: {"using":"xpath","value":"//td[@aria-colindex=\"1\"]/div/div[contains(@class, \"sapMCbBg\")]"}
COMMAND: POST /session/9d48326ae870b5d3a573a2f725ac1bbc/elements - {"using":"xpath","value":"//td[@aria-colindex=\"1\"]/div/div[contains(@class, \"sapMCbBg\")]"}
RESULT: {"using":"xpath","value":"//td[@aria-colindex=\"1\"]/div/div[contains(@class, \"sapMCbBg\")]"}
COMMAND: POST /session/9d48326ae870b5d3a573a2f725ac1bbc/elements - {"using":"xpath","value":"//td[@aria-colindex=\"1\"]/div/div[contains(@class, \"sapMCbBg\")]"}
RESULT: {"using":"xpath","value":"//td[@aria-colindex=\"1\"]/div/div[contains(@class, \"sapMCbBg\")]"}
COMMAND: POST /session/9d48326ae870b5d3a573a2f725ac1bbc/elements - {"using":"xpath","value":"//td[@aria-colindex=\"1\"]/div/div[contains(@class, \"sapMCbBg\")]"}
RESULT: {"using":"xpath","value":"//td[@aria-colindex=\"1\"]/div/div[contains(@class, \"sapMCbBg\")]"}
COMMAND: POST /session/9d48326ae870b5d3a573a2f725ac1bbc/elements - {"using":"xpath","value":"//td[@aria-colindex=\"1\"]/div/div[contains(@class, \"sapMCbBg\")]"}
RESULT: {"using":"xpath","value":"//td[@aria-colindex=\"1\"]/div/div[contains(@class, \"sapMCbBg\")]"}
COMMAND: POST /session/9d48326ae870b5d3a573a2f725ac1bbc/elements - {"using":"xpath","value":"//td[@aria-colindex=\"1\"]/div/div[contains(@class, \"sapMCbBg\")]"}
RESULT: {"using":"xpath","value":"//td[@aria-colindex=\"1\"]/div/div[contains(@class, \"sapMCbBg\")]"}
COMMAND: POST /session/9d48326ae870b5d3a573a2f725ac1bbc/elements - {"using":"xpath","value":"//td[@aria-colindex=\"1\"]/div/div[contains(@class, \"sapMCbBg\")]"}
RESULT: {"using":"xpath","value":"//td[@aria-colindex=\"1\"]/div/div[contains(@class, \"sapMCbBg\")]"}
COMMAND: POST /session/9d48326ae870b5d3a573a2f725ac1bbc/elements - {"using":"xpath","value":"//td[@aria-colindex=\"1\"]/div/div[contains(@class, \"sapMCbBg\")]"}
RESULT: {"using":"xpath","value":"//td[@aria-colindex=\"1\"]/div/div[contains(@class, \"sapMCbBg\")]"}
COMMAND: POST /session/9d48326ae870b5d3a573a2f725ac1bbc/elements - {"using":"xpath","value":"//td[@aria-colindex=\"1\"]/div/div[contains(@class, \"sapMCbBg\")]"}
RESULT: {"using":"xpath","value":"//td[@aria-colindex=\"1\"]/div/div[contains(@class, \"sapMCbBg\")]"}
COMMAND: POST /session/9d48326ae870b5d3a573a2f725ac1bbc/elements - {"using":"xpath","value":"//td[@aria-colindex=\"1\"]/div/div[contains(@class, \"sapMCbBg\")]"}
RESULT: {"using":"xpath","value":"//td[@aria-colindex=\"1\"]/div/div[contains(@class, \"sapMCbBg\")]"}
COMMAND: POST /session/9d48326ae870b5d3a573a2f725ac1bbc/elements - {"using":"xpath","value":"//td[@aria-colindex=\"1\"]/div/div[contains(@class, \"sapMCbBg\")]"}
RESULT: {"using":"xpath","value":"//td[@aria-colindex=\"1\"]/div/div[contains(@class, \"sapMCbBg\")]"}
COMMAND: POST /session/9d48326ae870b5d3a573a2f725ac1bbc/elements - {"using":"xpath","value":"//td[@aria-colindex=\"1\"]/div/div[contains(@class, \"sapMCbBg\")]"}
RESULT: {"using":"xpath","value":"//td[@aria-colindex=\"1\"]/div/div[contains(@class, \"sapMCbBg\")]"}
COMMAND: POST /session/9d48326ae870b5d3a573a2f725ac1bbc/elements - {"using":"xpath","value":"//td[@aria-colindex=\"1\"]/div/div[contains(@class, \"sapMCbBg\")]"}
RESULT: {"using":"xpath","value":"//td[@aria-colindex=\"1\"]/div/div[contains(@class, \"sapMCbBg\")]"}
COMMAND: POST /session/9d48326ae870b5d3a573a2f725ac1bbc/elements - {"using":"xpath","value":"//td[@aria-colindex=\"1\"]/div/div[contains(@class, \"sapMCbBg\")]"}
RESULT: {"using":"xpath","value":"//td[@aria-colindex=\"1\"]/div/div[contains(@class, \"sapMCbBg\")]"}
COMMAND: POST /session/9d48326ae870b5d3a573a2f725ac1bbc/elements - {"using":"xpath","value":"//td[@aria-colindex=\"1\"]/div/div[contains(@class, \"sapMCbBg\")]"}
RESULT: {"using":"xpath","value":"//td[@aria-colindex=\"1\"]/div/div[contains(@class, \"sapMCbBg\")]"}
COMMAND: POST /session/9d48326ae870b5d3a573a2f725ac1bbc/elements - {"using":"xpath","value":"//td[@aria-colindex=\"1\"]/div/div[contains(@class, \"sapMCbBg\")]"}
RESULT: {"using":"xpath","value":"//td[@aria-colindex=\"1\"]/div/div[contains(@class, \"sapMCbBg\")]"}
COMMAND: POST /session/9d48326ae870b5d3a573a2f725ac1bbc/elements - {"using":"xpath","value":"//td[@aria-colindex=\"1\"]/div/div[contains(@class, \"sapMCbBg\")]"}
RESULT: {"using":"xpath","value":"//td[@aria-colindex=\"1\"]/div/div[contains(@class, \"sapMCbBg\")]"}
COMMAND: POST /session/9d48326ae870b5d3a573a2f725ac1bbc/elements - {"using":"xpath","value":"//td[@aria-colindex=\"1\"]/div/div[contains(@class, \"sapMCbBg\")]"}
RESULT: {"using":"xpath","value":"//td[@aria-colindex=\"1\"]/div/div[contains(@class, \"sapMCbBg\")]"}
COMMAND: POST /session/9d48326ae870b5d3a573a2f725ac1bbc/elements - {"using":"xpath","value":"//td[@aria-colindex=\"1\"]/div/div[contains(@class, \"sapMCbBg\")]"}
RESULT: {"using":"xpath","value":"//td[@aria-colindex=\"1\"]/div/div[contains(@class, \"sapMCbBg\")]"}
COMMAND: POST /session/9d48326ae870b5d3a573a2f725ac1bbc/elements - {"using":"xpath","value":"//td[@aria-colindex=\"1\"]/div/div[contains(@class, \"sapMCbBg\")]"}
RESULT: {"using":"xpath","value":"//td[@aria-colindex=\"1\"]/div/div[contains(@class, \"sapMCbBg\")]"}
COMMAND: POST /session/9d48326ae870b5d3a573a2f725ac1bbc/elements - {"using":"xpath","value":"//td[@aria-colindex=\"1\"]/div/div[contains(@class, \"sapMCbBg\")]"}
RESULT: {"using":"xpath","value":"//td[@aria-colindex=\"1\"]/div/div[contains(@class, \"sapMCbBg\")]"}
COMMAND: POST /session/9d48326ae870b5d3a573a2f725ac1bbc/elements - {"using":"xpath","value":"//td[@aria-colindex=\"1\"]/div/div[contains(@class, \"sapMCbBg\")]"}
RESULT: {"using":"xpath","value":"//td[@aria-colindex=\"1\"]/div/div[contains(@class, \"sapMCbBg\")]"}
COMMAND: POST /session/9d48326ae870b5d3a573a2f725ac1bbc/elements - {"using":"xpath","value":"//td[@aria-colindex=\"1\"]/div/div[contains(@class, \"sapMCbBg\")]"}
RESULT: {"using":"xpath","value":"//td[@aria-colindex=\"1\"]/div/div[contains(@class, \"sapMCbBg\")]"}
COMMAND: POST /session/9d48326ae870b5d3a573a2f725ac1bbc/elements - {"using":"xpath","value":"//td[@aria-colindex=\"1\"]/div/div[contains(@class, \"sapMCbBg\")]"}
RESULT: {"using":"xpath","value":"//td[@aria-colindex=\"1\"]/div/div[contains(@class, \"sapMCbBg\")]"}
COMMAND: POST /session/9d48326ae870b5d3a573a2f725ac1bbc/elements - {"using":"xpath","value":"//td[@aria-colindex=\"1\"]/div/div[contains(@class, \"sapMCbBg\")]"}
RESULT: {"using":"xpath","value":"//td[@aria-colindex=\"1\"]/div/div[contains(@class, \"sapMCbBg\")]"}
COMMAND: POST /session/9d48326ae870b5d3a573a2f725ac1bbc/elements - {"using":"xpath","value":"//td[@aria-colindex=\"1\"]/div/div[contains(@class, \"sapMCbBg\")]"}
RESULT: {"using":"xpath","value":"//td[@aria-colindex=\"1\"]/div/div[contains(@class, \"sapMCbBg\")]"}
COMMAND: POST /session/9d48326ae870b5d3a573a2f725ac1bbc/elements - {"using":"xpath","value":"//td[@aria-colindex=\"1\"]/div/div[contains(@class, \"sapMCbBg\")]"}
RESULT: {"using":"xpath","value":"//td[@aria-colindex=\"1\"]/div/div[contains(@class, \"sapMCbBg\")]"}
COMMAND: POST /session/9d48326ae870b5d3a573a2f725ac1bbc/elements - {"using":"xpath","value":"//td[@aria-colindex=\"1\"]/div/div[contains(@class, \"sapMCbBg\")]"}
RESULT: {"using":"xpath","value":"//td[@aria-colindex=\"1\"]/div/div[contains(@class, \"sapMCbBg\")]"}
COMMAND: POST /session/9d48326ae870b5d3a573a2f725ac1bbc/elements - {"using":"xpath","value":"//td[@aria-colindex=\"1\"]/div/div[contains(@class, \"sapMCbBg\")]"}
RESULT: {"using":"xpath","value":"//td[@aria-colindex=\"1\"]/div/div[contains(@class, \"sapMCbBg\")]"}
COMMAND: POST /session/9d48326ae870b5d3a573a2f725ac1bbc/elements - {"using":"xpath","value":"//td[@aria-colindex=\"1\"]/div/div[contains(@class, \"sapMCbBg\")]"}
RESULT: {"using":"xpath","value":"//td[@aria-colindex=\"1\"]/div/div[contains(@class, \"sapMCbBg\")]"}
COMMAND: POST /session/9d48326ae870b5d3a573a2f725ac1bbc/elements - {"using":"xpath","value":"//td[@aria-colindex=\"1\"]/div/div[contains(@class, \"sapMCbBg\")]"}
RESULT: {"using":"xpath","value":"//td[@aria-colindex=\"1\"]/div/div[contains(@class, \"sapMCbBg\")]"}
COMMAND: POST /session/9d48326ae870b5d3a573a2f725ac1bbc/elements - {"using":"xpath","value":"//td[@aria-colindex=\"1\"]/div/div[contains(@class, \"sapMCbBg\")]"}
RESULT: {"using":"xpath","value":"//td[@aria-colindex=\"1\"]/div/div[contains(@class, \"sapMCbBg\")]"}
COMMAND: POST /session/9d48326ae870b5d3a573a2f725ac1bbc/elements - {"using":"xpath","value":"//td[@aria-colindex=\"1\"]/div/div[contains(@class, \"sapMCbBg\")]"}
RESULT: {"using":"xpath","value":"//td[@aria-colindex=\"1\"]/div/div[contains(@class, \"sapMCbBg\")]"}
COMMAND: POST /session/9d48326ae870b5d3a573a2f725ac1bbc/elements - {"using":"xpath","value":"//td[@aria-colindex=\"1\"]/div/div[contains(@class, \"sapMCbBg\")]"}
RESULT: {"using":"xpath","value":"//td[@aria-colindex=\"1\"]/div/div[contains(@class, \"sapMCbBg\")]"}
COMMAND: POST /session/9d48326ae870b5d3a573a2f725ac1bbc/elements - {"using":"xpath","value":"//td[@aria-colindex=\"1\"]/div/div[contains(@class, \"sapMCbBg\")]"}
RESULT: {"using":"xpath","value":"//td[@aria-colindex=\"1\"]/div/div[contains(@class, \"sapMCbBg\")]"}
COMMAND: POST /session/9d48326ae870b5d3a573a2f725ac1bbc/elements - {"using":"xpath","value":"//td[@aria-colindex=\"1\"]/div/div[contains(@class, \"sapMCbBg\")]"}
RESULT: {"using":"xpath","value":"//td[@aria-colindex=\"1\"]/div/div[contains(@class, \"sapMCbBg\")]"}
COMMAND: POST /session/9d48326ae870b5d3a573a2f725ac1bbc/elements - {"using":"xpath","value":"//td[@aria-colindex=\"1\"]/div/div[contains(@class, \"sapMCbBg\")]"}
RESULT: {"using":"xpath","value":"//td[@aria-colindex=\"1\"]/div/div[contains(@class, \"sapMCbBg\")]"}
COMMAND: POST /session/9d48326ae870b5d3a573a2f725ac1bbc/elements - {"using":"xpath","value":"//td[@aria-colindex=\"1\"]/div/div[contains(@class, \"sapMCbBg\")]"}
RESULT: {"using":"xpath","value":"//td[@aria-colindex=\"1\"]/div/div[contains(@class, \"sapMCbBg\")]"}
COMMAND: POST /session/9d48326ae870b5d3a573a2f725ac1bbc/elements - {"using":"xpath","value":"//td[@aria-colindex=\"1\"]/div/div[contains(@class, \"sapMCbBg\")]"}
RESULT: {"using":"xpath","value":"//td[@aria-colindex=\"1\"]/div/div[contains(@class, \"sapMCbBg\")]"}
COMMAND: POST /session/9d48326ae870b5d3a573a2f725ac1bbc/elements - {"using":"xpath","value":"//td[@aria-colindex=\"1\"]/div/div[contains(@class, \"sapMCbBg\")]"}
RESULT: {"using":"xpath","value":"//td[@aria-colindex=\"1\"]/div/div[contains(@class, \"sapMCbBg\")]"}
COMMAND: POST /session/9d48326ae870b5d3a573a2f725ac1bbc/elements - {"using":"xpath","value":"//td[@aria-colindex=\"1\"]/div/div[contains(@class, \"sapMCbBg\")]"}
RESULT: {"using":"xpath","value":"//td[@aria-colindex=\"1\"]/div/div[contains(@class, \"sapMCbBg\")]"}
COMMAND: POST /session/9d48326ae870b5d3a573a2f725ac1bbc/elements - {"using":"xpath","value":"//td[@aria-colindex=\"1\"]/div/div[contains(@class, \"sapMCbBg\")]"}
RESULT: {"using":"xpath","value":"//td[@aria-colindex=\"1\"]/div/div[contains(@class, \"sapMCbBg\")]"}
COMMAND: POST /session/9d48326ae870b5d3a573a2f725ac1bbc/elements - {"using":"xpath","value":"//td[@aria-colindex=\"1\"]/div/div[contains(@class, \"sapMCbBg\")]"}
RESULT: {"using":"xpath","value":"//td[@aria-colindex=\"1\"]/div/div[contains(@class, \"sapMCbBg\")]"}
COMMAND: POST /session/9d48326ae870b5d3a573a2f725ac1bbc/elements - {"using":"xpath","value":"//td[@aria-colindex=\"1\"]/div/div[contains(@class, \"sapMCbBg\")]"}
RESULT: {"using":"xpath","value":"//td[@aria-colindex=\"1\"]/div/div[contains(@class, \"sapMCbBg\")]"}
COMMAND: POST /session/9d48326ae870b5d3a573a2f725ac1bbc/elements - {"using":"xpath","value":"//td[@aria-colindex=\"1\"]/div/div[contains(@class, \"sapMCbBg\")]"}
RESULT: {"using":"xpath","value":"//td[@aria-colindex=\"1\"]/div/div[contains(@class, \"sapMCbBg\")]"}
COMMAND: POST /session/9d48326ae870b5d3a573a2f725ac1bbc/elements - {"using":"xpath","value":"//td[@aria-colindex=\"1\"]/div/div[contains(@class, \"sapMCbBg\")]"}
RESULT: {"using":"xpath","value":"//td[@aria-colindex=\"1\"]/div/div[contains(@class, \"sapMCbBg\")]"}
COMMAND: POST /session/9d48326ae870b5d3a573a2f725ac1bbc/elements - {"using":"xpath","value":"//td[@aria-colindex=\"1\"]/div/div[contains(@class, \"sapMCbBg\")]"}
RESULT: {"using":"xpath","value":"//td[@aria-colindex=\"1\"]/div/div[contains(@class, \"sapMCbBg\")]"}
COMMAND: POST /session/9d48326ae870b5d3a573a2f725ac1bbc/elements - {"using":"xpath","value":"//td[@aria-colindex=\"1\"]/div/div[contains(@class, \"sapMCbBg\")]"}
RESULT: {"using":"xpath","value":"//td[@aria-colindex=\"1\"]/div/div[contains(@class, \"sapMCbBg\")]"}
COMMAND: POST /session/9d48326ae870b5d3a573a2f725ac1bbc/elements - {"using":"xpath","value":"//td[@aria-colindex=\"1\"]/div/div[contains(@class, \"sapMCbBg\")]"}
RESULT: {"using":"xpath","value":"//td[@aria-colindex=\"1\"]/div/div[contains(@class, \"sapMCbBg\")]"}
COMMAND: POST /session/9d48326ae870b5d3a573a2f725ac1bbc/elements - {"using":"xpath","value":"//td[@aria-colindex=\"1\"]/div/div[contains(@class, \"sapMCbBg\")]"}
RESULT: {"using":"xpath","value":"//td[@aria-colindex=\"1\"]/div/div[contains(@class, \"sapMCbBg\")]"}
COMMAND: POST /session/9d48326ae870b5d3a573a2f725ac1bbc/elements - {"using":"xpath","value":"//td[@aria-colindex=\"1\"]/div/div[contains(@class, \"sapMCbBg\")]"}
RESULT: {"using":"xpath","value":"//td[@aria-colindex=\"1\"]/div/div[contains(@class, \"sapMCbBg\")]"}
COMMAND: POST /session/9d48326ae870b5d3a573a2f725ac1bbc/elements - {"using":"xpath","value":"//td[@aria-colindex=\"1\"]/div/div[contains(@class, \"sapMCbBg\")]"}
RESULT: {"using":"xpath","value":"//td[@aria-colindex=\"1\"]/div/div[contains(@class, \"sapMCbBg\")]"}
COMMAND: POST /session/9d48326ae870b5d3a573a2f725ac1bbc/elements - {"using":"xpath","value":"//td[@aria-colindex=\"1\"]/div/div[contains(@class, \"sapMCbBg\")]"}
RESULT: {"using":"xpath","value":"//td[@aria-colindex=\"1\"]/div/div[contains(@class, \"sapMCbBg\")]"}
COMMAND: POST /session/9d48326ae870b5d3a573a2f725ac1bbc/elements - {"using":"xpath","value":"//td[@aria-colindex=\"1\"]/div/div[contains(@class, \"sapMCbBg\")]"}
RESULT: {"using":"xpath","value":"//td[@aria-colindex=\"1\"]/div/div[contains(@class, \"sapMCbBg\")]"}
COMMAND: POST /session/9d48326ae870b5d3a573a2f725ac1bbc/elements - {"using":"xpath","value":"//td[@aria-colindex=\"1\"]/div/div[contains(@class, \"sapMCbBg\")]"}
RESULT: {"using":"xpath","value":"//td[@aria-colindex=\"1\"]/div/div[contains(@class, \"sapMCbBg\")]"}
COMMAND: POST /session/9d48326ae870b5d3a573a2f725ac1bbc/elements - {"using":"xpath","value":"//td[@aria-colindex=\"1\"]/div/div[contains(@class, \"sapMCbBg\")]"}
RESULT: {"using":"xpath","value":"//td[@aria-colindex=\"1\"]/div/div[contains(@class, \"sapMCbBg\")]"}
COMMAND: POST /session/9d48326ae870b5d3a573a2f725ac1bbc/elements - {"using":"xpath","value":"//td[@aria-colindex=\"1\"]/div/div[contains(@class, \"sapMCbBg\")]"}
RESULT: {"using":"xpath","value":"//td[@aria-colindex=\"1\"]/div/div[contains(@class, \"sapMCbBg\")]"}
COMMAND: POST /session/9d48326ae870b5d3a573a2f725ac1bbc/elements - {"using":"xpath","value":"//td[@aria-colindex=\"1\"]/div/div[contains(@class, \"sapMCbBg\")]"}
RESULT: {"using":"xpath","value":"//td[@aria-colindex=\"1\"]/div/div[contains(@class, \"sapMCbBg\")]"}
COMMAND: POST /session/9d48326ae870b5d3a573a2f725ac1bbc/elements - {"using":"xpath","value":"//td[@aria-colindex=\"1\"]/div/div[contains(@class, \"sapMCbBg\")]"}
RESULT: {"using":"xpath","value":"//td[@aria-colindex=\"1\"]/div/div[contains(@class, \"sapMCbBg\")]"}
COMMAND: POST /session/9d48326ae870b5d3a573a2f725ac1bbc/elements - {"using":"xpath","value":"//td[@aria-colindex=\"1\"]/div/div[contains(@class, \"sapMCbBg\")]"}
RESULT: {"using":"xpath","value":"//td[@aria-colindex=\"1\"]/div/div[contains(@class, \"sapMCbBg\")]"}
COMMAND: POST /session/9d48326ae870b5d3a573a2f725ac1bbc/elements - {"using":"xpath","value":"//td[@aria-colindex=\"1\"]/div/div[contains(@class, \"sapMCbBg\")]"}
RESULT: {"using":"xpath","value":"//td[@aria-colindex=\"1\"]/div/div[contains(@class, \"sapMCbBg\")]"}
COMMAND: POST /session/9d48326ae870b5d3a573a2f725ac1bbc/elements - {"using":"xpath","value":"//td[@aria-colindex=\"1\"]/div/div[contains(@class, \"sapMCbBg\")]"}
RESULT: {"using":"xpath","value":"//td[@aria-colindex=\"1\"]/div/div[contains(@class, \"sapMCbBg\")]"}
COMMAND: POST /session/9d48326ae870b5d3a573a2f725ac1bbc/elements - {"using":"xpath","value":"//td[@aria-colindex=\"1\"]/div/div[contains(@class, \"sapMCbBg\")]"}
RESULT: {"using":"xpath","value":"//td[@aria-colindex=\"1\"]/div/div[contains(@class, \"sapMCbBg\")]"}
COMMAND: POST /session/9d48326ae870b5d3a573a2f725ac1bbc/elements - {"using":"xpath","value":"//td[@aria-colindex=\"1\"]/div/div[contains(@class, \"sapMCbBg\")]"}
RESULT: {"using":"xpath","value":"//td[@aria-colindex=\"1\"]/div/div[contains(@class, \"sapMCbBg\")]"}
COMMAND: POST /session/9d48326ae870b5d3a573a2f725ac1bbc/elements - {"using":"xpath","value":"//td[@aria-colindex=\"1\"]/div/div[contains(@class, \"sapMCbBg\")]"}
RESULT: {"using":"xpath","value":"//td[@aria-colindex=\"1\"]/div/div[contains(@class, \"sapMCbBg\")]"}
COMMAND: POST /session/9d48326ae870b5d3a573a2f725ac1bbc/elements - {"using":"xpath","value":"//td[@aria-colindex=\"1\"]/div/div[contains(@class, \"sapMCbBg\")]"}
RESULT: {"using":"xpath","value":"//td[@aria-colindex=\"1\"]/div/div[contains(@class, \"sapMCbBg\")]"}
COMMAND: POST /session/9d48326ae870b5d3a573a2f725ac1bbc/elements - {"using":"xpath","value":"//td[@aria-colindex=\"1\"]/div/div[contains(@class, \"sapMCbBg\")]"}
COMMAND: GET /session/9d48326ae870b5d3a573a2f725ac1bbc/screenshot - {}
RESULT: {"using":"xpath","value":"//td[@aria-colindex=\"1\"]/div/div[contains(@class, \"sapMCbBg\")]"}
RESULT: {}
]]></system-out>
      <system-err><![CDATA[
Error: Can't call click on element with selector "//td[@aria-colindex="1"]/div/div[contains(@class, "sapMCbBg")]" because element wasn't found
    at async UtilsPrerequisites.manageBillingsTriggerCalculation (D:\a\1\s\test\specs\BTS\prerequisites-and-utils-functions.js:2750:9)
    at async Context.<anonymous> (D:\a\1\s\test\specs\BTS\billing-transfer-intercompany.spec.js:73:9)
]]></system-err>
    </testcase>
    <testcase classname="chrome.136_0_7103_93.windows.Billing_Transfer_-_Master_data_&amp;_Intercompany_US127250" name="Should do Billing Transfer all the way into invoice open for intercompany case" time="56.135">
      <failure/>
      <error message="element (&quot;//input[contains(@id ,&quot;application-billingtransfer-display-component---billingWorkbench--smartFilterBar-btnBasicSearch&quot;)]&quot;) still not existing after 45000ms"/>
      <system-out><![CDATA[
COMMAND: POST /session/9d48326ae870b5d3a573a2f725ac1bbc/execute/async - {"script":"<script> [1562 bytes]","args":[{"selector":{"controlType":"sap.m.GenericTile","properties":{"header":"Billing Transfer"}},"wdio_ui5_key":"sapm.GenericTile{\"header\":\"Billing Transfer\"}"}]}
COMMAND: GET /session/9d48326ae870b5d3a573a2f725ac1bbc/screenshot - {}
RESULT: {"script":"<script> [1562 bytes]","args":[{"selector":{"controlType":"sap.m.GenericTile","properties":{"header":"Billing Transfer"}},"wdio_ui5_key":"sapm.GenericTile{\"header\":\"Billing Transfer\"}"}]}
RESULT: undefined
RESULT: {}
COMMAND: POST /session/9d48326ae870b5d3a573a2f725ac1bbc/elements - {"using":"xpath","value":"//span[text()='Error']"}
RESULT: {"using":"xpath","value":"//span[text()='Error']"}
COMMAND: POST /session/9d48326ae870b5d3a573a2f725ac1bbc/element - {"using":"xpath","value":"//input[contains(@id ,\"application-billingtransfer-display-component---billingWorkbench--smartFilterBar-btnBasicSearch\")]"}
RESULT: {"using":"xpath","value":"//input[contains(@id ,\"application-billingtransfer-display-component---billingWorkbench--smartFilterBar-btnBasicSearch\")]"}
COMMAND: POST /session/9d48326ae870b5d3a573a2f725ac1bbc/elements - {"using":"xpath","value":"//input[contains(@id ,\"application-billingtransfer-display-component---billingWorkbench--smartFilterBar-btnBasicSearch\")]"}
RESULT: {"using":"xpath","value":"//input[contains(@id ,\"application-billingtransfer-display-component---billingWorkbench--smartFilterBar-btnBasicSearch\")]"}
COMMAND: POST /session/9d48326ae870b5d3a573a2f725ac1bbc/elements - {"using":"xpath","value":"//input[contains(@id ,\"application-billingtransfer-display-component---billingWorkbench--smartFilterBar-btnBasicSearch\")]"}
RESULT: {"using":"xpath","value":"//input[contains(@id ,\"application-billingtransfer-display-component---billingWorkbench--smartFilterBar-btnBasicSearch\")]"}
COMMAND: POST /session/9d48326ae870b5d3a573a2f725ac1bbc/elements - {"using":"xpath","value":"//input[contains(@id ,\"application-billingtransfer-display-component---billingWorkbench--smartFilterBar-btnBasicSearch\")]"}
RESULT: {"using":"xpath","value":"//input[contains(@id ,\"application-billingtransfer-display-component---billingWorkbench--smartFilterBar-btnBasicSearch\")]"}
COMMAND: POST /session/9d48326ae870b5d3a573a2f725ac1bbc/elements - {"using":"xpath","value":"//input[contains(@id ,\"application-billingtransfer-display-component---billingWorkbench--smartFilterBar-btnBasicSearch\")]"}
RESULT: {"using":"xpath","value":"//input[contains(@id ,\"application-billingtransfer-display-component---billingWorkbench--smartFilterBar-btnBasicSearch\")]"}
COMMAND: POST /session/9d48326ae870b5d3a573a2f725ac1bbc/elements - {"using":"xpath","value":"//input[contains(@id ,\"application-billingtransfer-display-component---billingWorkbench--smartFilterBar-btnBasicSearch\")]"}
RESULT: {"using":"xpath","value":"//input[contains(@id ,\"application-billingtransfer-display-component---billingWorkbench--smartFilterBar-btnBasicSearch\")]"}
COMMAND: POST /session/9d48326ae870b5d3a573a2f725ac1bbc/elements - {"using":"xpath","value":"//input[contains(@id ,\"application-billingtransfer-display-component---billingWorkbench--smartFilterBar-btnBasicSearch\")]"}
RESULT: {"using":"xpath","value":"//input[contains(@id ,\"application-billingtransfer-display-component---billingWorkbench--smartFilterBar-btnBasicSearch\")]"}
COMMAND: POST /session/9d48326ae870b5d3a573a2f725ac1bbc/elements - {"using":"xpath","value":"//input[contains(@id ,\"application-billingtransfer-display-component---billingWorkbench--smartFilterBar-btnBasicSearch\")]"}
RESULT: {"using":"xpath","value":"//input[contains(@id ,\"application-billingtransfer-display-component---billingWorkbench--smartFilterBar-btnBasicSearch\")]"}
COMMAND: POST /session/9d48326ae870b5d3a573a2f725ac1bbc/elements - {"using":"xpath","value":"//input[contains(@id ,\"application-billingtransfer-display-component---billingWorkbench--smartFilterBar-btnBasicSearch\")]"}
RESULT: {"using":"xpath","value":"//input[contains(@id ,\"application-billingtransfer-display-component---billingWorkbench--smartFilterBar-btnBasicSearch\")]"}
COMMAND: POST /session/9d48326ae870b5d3a573a2f725ac1bbc/elements - {"using":"xpath","value":"//input[contains(@id ,\"application-billingtransfer-display-component---billingWorkbench--smartFilterBar-btnBasicSearch\")]"}
RESULT: {"using":"xpath","value":"//input[contains(@id ,\"application-billingtransfer-display-component---billingWorkbench--smartFilterBar-btnBasicSearch\")]"}
COMMAND: POST /session/9d48326ae870b5d3a573a2f725ac1bbc/elements - {"using":"xpath","value":"//input[contains(@id ,\"application-billingtransfer-display-component---billingWorkbench--smartFilterBar-btnBasicSearch\")]"}
RESULT: {"using":"xpath","value":"//input[contains(@id ,\"application-billingtransfer-display-component---billingWorkbench--smartFilterBar-btnBasicSearch\")]"}
COMMAND: POST /session/9d48326ae870b5d3a573a2f725ac1bbc/elements - {"using":"xpath","value":"//input[contains(@id ,\"application-billingtransfer-display-component---billingWorkbench--smartFilterBar-btnBasicSearch\")]"}
RESULT: {"using":"xpath","value":"//input[contains(@id ,\"application-billingtransfer-display-component---billingWorkbench--smartFilterBar-btnBasicSearch\")]"}
COMMAND: POST /session/9d48326ae870b5d3a573a2f725ac1bbc/elements - {"using":"xpath","value":"//input[contains(@id ,\"application-billingtransfer-display-component---billingWorkbench--smartFilterBar-btnBasicSearch\")]"}
RESULT: {"using":"xpath","value":"//input[contains(@id ,\"application-billingtransfer-display-component---billingWorkbench--smartFilterBar-btnBasicSearch\")]"}
COMMAND: POST /session/9d48326ae870b5d3a573a2f725ac1bbc/elements - {"using":"xpath","value":"//input[contains(@id ,\"application-billingtransfer-display-component---billingWorkbench--smartFilterBar-btnBasicSearch\")]"}
RESULT: {"using":"xpath","value":"//input[contains(@id ,\"application-billingtransfer-display-component---billingWorkbench--smartFilterBar-btnBasicSearch\")]"}
COMMAND: POST /session/9d48326ae870b5d3a573a2f725ac1bbc/elements - {"using":"xpath","value":"//input[contains(@id ,\"application-billingtransfer-display-component---billingWorkbench--smartFilterBar-btnBasicSearch\")]"}
RESULT: {"using":"xpath","value":"//input[contains(@id ,\"application-billingtransfer-display-component---billingWorkbench--smartFilterBar-btnBasicSearch\")]"}
COMMAND: POST /session/9d48326ae870b5d3a573a2f725ac1bbc/elements - {"using":"xpath","value":"//input[contains(@id ,\"application-billingtransfer-display-component---billingWorkbench--smartFilterBar-btnBasicSearch\")]"}
RESULT: {"using":"xpath","value":"//input[contains(@id ,\"application-billingtransfer-display-component---billingWorkbench--smartFilterBar-btnBasicSearch\")]"}
COMMAND: POST /session/9d48326ae870b5d3a573a2f725ac1bbc/elements - {"using":"xpath","value":"//input[contains(@id ,\"application-billingtransfer-display-component---billingWorkbench--smartFilterBar-btnBasicSearch\")]"}
RESULT: {"using":"xpath","value":"//input[contains(@id ,\"application-billingtransfer-display-component---billingWorkbench--smartFilterBar-btnBasicSearch\")]"}
COMMAND: POST /session/9d48326ae870b5d3a573a2f725ac1bbc/elements - {"using":"xpath","value":"//input[contains(@id ,\"application-billingtransfer-display-component---billingWorkbench--smartFilterBar-btnBasicSearch\")]"}
RESULT: {"using":"xpath","value":"//input[contains(@id ,\"application-billingtransfer-display-component---billingWorkbench--smartFilterBar-btnBasicSearch\")]"}
COMMAND: POST /session/9d48326ae870b5d3a573a2f725ac1bbc/elements - {"using":"xpath","value":"//input[contains(@id ,\"application-billingtransfer-display-component---billingWorkbench--smartFilterBar-btnBasicSearch\")]"}
RESULT: {"using":"xpath","value":"//input[contains(@id ,\"application-billingtransfer-display-component---billingWorkbench--smartFilterBar-btnBasicSearch\")]"}
COMMAND: POST /session/9d48326ae870b5d3a573a2f725ac1bbc/elements - {"using":"xpath","value":"//input[contains(@id ,\"application-billingtransfer-display-component---billingWorkbench--smartFilterBar-btnBasicSearch\")]"}
RESULT: {"using":"xpath","value":"//input[contains(@id ,\"application-billingtransfer-display-component---billingWorkbench--smartFilterBar-btnBasicSearch\")]"}
COMMAND: POST /session/9d48326ae870b5d3a573a2f725ac1bbc/elements - {"using":"xpath","value":"//input[contains(@id ,\"application-billingtransfer-display-component---billingWorkbench--smartFilterBar-btnBasicSearch\")]"}
RESULT: {"using":"xpath","value":"//input[contains(@id ,\"application-billingtransfer-display-component---billingWorkbench--smartFilterBar-btnBasicSearch\")]"}
COMMAND: POST /session/9d48326ae870b5d3a573a2f725ac1bbc/elements - {"using":"xpath","value":"//input[contains(@id ,\"application-billingtransfer-display-component---billingWorkbench--smartFilterBar-btnBasicSearch\")]"}
RESULT: {"using":"xpath","value":"//input[contains(@id ,\"application-billingtransfer-display-component---billingWorkbench--smartFilterBar-btnBasicSearch\")]"}
COMMAND: POST /session/9d48326ae870b5d3a573a2f725ac1bbc/elements - {"using":"xpath","value":"//input[contains(@id ,\"application-billingtransfer-display-component---billingWorkbench--smartFilterBar-btnBasicSearch\")]"}
RESULT: {"using":"xpath","value":"//input[contains(@id ,\"application-billingtransfer-display-component---billingWorkbench--smartFilterBar-btnBasicSearch\")]"}
COMMAND: POST /session/9d48326ae870b5d3a573a2f725ac1bbc/elements - {"using":"xpath","value":"//input[contains(@id ,\"application-billingtransfer-display-component---billingWorkbench--smartFilterBar-btnBasicSearch\")]"}
RESULT: {"using":"xpath","value":"//input[contains(@id ,\"application-billingtransfer-display-component---billingWorkbench--smartFilterBar-btnBasicSearch\")]"}
COMMAND: POST /session/9d48326ae870b5d3a573a2f725ac1bbc/elements - {"using":"xpath","value":"//input[contains(@id ,\"application-billingtransfer-display-component---billingWorkbench--smartFilterBar-btnBasicSearch\")]"}
RESULT: {"using":"xpath","value":"//input[contains(@id ,\"application-billingtransfer-display-component---billingWorkbench--smartFilterBar-btnBasicSearch\")]"}
COMMAND: POST /session/9d48326ae870b5d3a573a2f725ac1bbc/elements - {"using":"xpath","value":"//input[contains(@id ,\"application-billingtransfer-display-component---billingWorkbench--smartFilterBar-btnBasicSearch\")]"}
RESULT: {"using":"xpath","value":"//input[contains(@id ,\"application-billingtransfer-display-component---billingWorkbench--smartFilterBar-btnBasicSearch\")]"}
COMMAND: POST /session/9d48326ae870b5d3a573a2f725ac1bbc/elements - {"using":"xpath","value":"//input[contains(@id ,\"application-billingtransfer-display-component---billingWorkbench--smartFilterBar-btnBasicSearch\")]"}
RESULT: {"using":"xpath","value":"//input[contains(@id ,\"application-billingtransfer-display-component---billingWorkbench--smartFilterBar-btnBasicSearch\")]"}
COMMAND: POST /session/9d48326ae870b5d3a573a2f725ac1bbc/elements - {"using":"xpath","value":"//input[contains(@id ,\"application-billingtransfer-display-component---billingWorkbench--smartFilterBar-btnBasicSearch\")]"}
RESULT: {"using":"xpath","value":"//input[contains(@id ,\"application-billingtransfer-display-component---billingWorkbench--smartFilterBar-btnBasicSearch\")]"}
COMMAND: POST /session/9d48326ae870b5d3a573a2f725ac1bbc/elements - {"using":"xpath","value":"//input[contains(@id ,\"application-billingtransfer-display-component---billingWorkbench--smartFilterBar-btnBasicSearch\")]"}
RESULT: {"using":"xpath","value":"//input[contains(@id ,\"application-billingtransfer-display-component---billingWorkbench--smartFilterBar-btnBasicSearch\")]"}
COMMAND: POST /session/9d48326ae870b5d3a573a2f725ac1bbc/elements - {"using":"xpath","value":"//input[contains(@id ,\"application-billingtransfer-display-component---billingWorkbench--smartFilterBar-btnBasicSearch\")]"}
RESULT: {"using":"xpath","value":"//input[contains(@id ,\"application-billingtransfer-display-component---billingWorkbench--smartFilterBar-btnBasicSearch\")]"}
COMMAND: POST /session/9d48326ae870b5d3a573a2f725ac1bbc/elements - {"using":"xpath","value":"//input[contains(@id ,\"application-billingtransfer-display-component---billingWorkbench--smartFilterBar-btnBasicSearch\")]"}
RESULT: {"using":"xpath","value":"//input[contains(@id ,\"application-billingtransfer-display-component---billingWorkbench--smartFilterBar-btnBasicSearch\")]"}
COMMAND: POST /session/9d48326ae870b5d3a573a2f725ac1bbc/elements - {"using":"xpath","value":"//input[contains(@id ,\"application-billingtransfer-display-component---billingWorkbench--smartFilterBar-btnBasicSearch\")]"}
RESULT: {"using":"xpath","value":"//input[contains(@id ,\"application-billingtransfer-display-component---billingWorkbench--smartFilterBar-btnBasicSearch\")]"}
COMMAND: POST /session/9d48326ae870b5d3a573a2f725ac1bbc/elements - {"using":"xpath","value":"//input[contains(@id ,\"application-billingtransfer-display-component---billingWorkbench--smartFilterBar-btnBasicSearch\")]"}
RESULT: {"using":"xpath","value":"//input[contains(@id ,\"application-billingtransfer-display-component---billingWorkbench--smartFilterBar-btnBasicSearch\")]"}
COMMAND: POST /session/9d48326ae870b5d3a573a2f725ac1bbc/elements - {"using":"xpath","value":"//input[contains(@id ,\"application-billingtransfer-display-component---billingWorkbench--smartFilterBar-btnBasicSearch\")]"}
RESULT: {"using":"xpath","value":"//input[contains(@id ,\"application-billingtransfer-display-component---billingWorkbench--smartFilterBar-btnBasicSearch\")]"}
COMMAND: POST /session/9d48326ae870b5d3a573a2f725ac1bbc/elements - {"using":"xpath","value":"//input[contains(@id ,\"application-billingtransfer-display-component---billingWorkbench--smartFilterBar-btnBasicSearch\")]"}
RESULT: {"using":"xpath","value":"//input[contains(@id ,\"application-billingtransfer-display-component---billingWorkbench--smartFilterBar-btnBasicSearch\")]"}
COMMAND: POST /session/9d48326ae870b5d3a573a2f725ac1bbc/elements - {"using":"xpath","value":"//input[contains(@id ,\"application-billingtransfer-display-component---billingWorkbench--smartFilterBar-btnBasicSearch\")]"}
RESULT: {"using":"xpath","value":"//input[contains(@id ,\"application-billingtransfer-display-component---billingWorkbench--smartFilterBar-btnBasicSearch\")]"}
COMMAND: POST /session/9d48326ae870b5d3a573a2f725ac1bbc/elements - {"using":"xpath","value":"//input[contains(@id ,\"application-billingtransfer-display-component---billingWorkbench--smartFilterBar-btnBasicSearch\")]"}
RESULT: {"using":"xpath","value":"//input[contains(@id ,\"application-billingtransfer-display-component---billingWorkbench--smartFilterBar-btnBasicSearch\")]"}
COMMAND: POST /session/9d48326ae870b5d3a573a2f725ac1bbc/elements - {"using":"xpath","value":"//input[contains(@id ,\"application-billingtransfer-display-component---billingWorkbench--smartFilterBar-btnBasicSearch\")]"}
RESULT: {"using":"xpath","value":"//input[contains(@id ,\"application-billingtransfer-display-component---billingWorkbench--smartFilterBar-btnBasicSearch\")]"}
COMMAND: POST /session/9d48326ae870b5d3a573a2f725ac1bbc/elements - {"using":"xpath","value":"//input[contains(@id ,\"application-billingtransfer-display-component---billingWorkbench--smartFilterBar-btnBasicSearch\")]"}
RESULT: {"using":"xpath","value":"//input[contains(@id ,\"application-billingtransfer-display-component---billingWorkbench--smartFilterBar-btnBasicSearch\")]"}
COMMAND: POST /session/9d48326ae870b5d3a573a2f725ac1bbc/elements - {"using":"xpath","value":"//input[contains(@id ,\"application-billingtransfer-display-component---billingWorkbench--smartFilterBar-btnBasicSearch\")]"}
RESULT: {"using":"xpath","value":"//input[contains(@id ,\"application-billingtransfer-display-component---billingWorkbench--smartFilterBar-btnBasicSearch\")]"}
COMMAND: POST /session/9d48326ae870b5d3a573a2f725ac1bbc/elements - {"using":"xpath","value":"//input[contains(@id ,\"application-billingtransfer-display-component---billingWorkbench--smartFilterBar-btnBasicSearch\")]"}
RESULT: {"using":"xpath","value":"//input[contains(@id ,\"application-billingtransfer-display-component---billingWorkbench--smartFilterBar-btnBasicSearch\")]"}
COMMAND: POST /session/9d48326ae870b5d3a573a2f725ac1bbc/elements - {"using":"xpath","value":"//input[contains(@id ,\"application-billingtransfer-display-component---billingWorkbench--smartFilterBar-btnBasicSearch\")]"}
RESULT: {"using":"xpath","value":"//input[contains(@id ,\"application-billingtransfer-display-component---billingWorkbench--smartFilterBar-btnBasicSearch\")]"}
COMMAND: POST /session/9d48326ae870b5d3a573a2f725ac1bbc/elements - {"using":"xpath","value":"//input[contains(@id ,\"application-billingtransfer-display-component---billingWorkbench--smartFilterBar-btnBasicSearch\")]"}
RESULT: {"using":"xpath","value":"//input[contains(@id ,\"application-billingtransfer-display-component---billingWorkbench--smartFilterBar-btnBasicSearch\")]"}
COMMAND: POST /session/9d48326ae870b5d3a573a2f725ac1bbc/elements - {"using":"xpath","value":"//input[contains(@id ,\"application-billingtransfer-display-component---billingWorkbench--smartFilterBar-btnBasicSearch\")]"}
RESULT: {"using":"xpath","value":"//input[contains(@id ,\"application-billingtransfer-display-component---billingWorkbench--smartFilterBar-btnBasicSearch\")]"}
COMMAND: POST /session/9d48326ae870b5d3a573a2f725ac1bbc/elements - {"using":"xpath","value":"//input[contains(@id ,\"application-billingtransfer-display-component---billingWorkbench--smartFilterBar-btnBasicSearch\")]"}
RESULT: {"using":"xpath","value":"//input[contains(@id ,\"application-billingtransfer-display-component---billingWorkbench--smartFilterBar-btnBasicSearch\")]"}
COMMAND: POST /session/9d48326ae870b5d3a573a2f725ac1bbc/elements - {"using":"xpath","value":"//input[contains(@id ,\"application-billingtransfer-display-component---billingWorkbench--smartFilterBar-btnBasicSearch\")]"}
RESULT: {"using":"xpath","value":"//input[contains(@id ,\"application-billingtransfer-display-component---billingWorkbench--smartFilterBar-btnBasicSearch\")]"}
COMMAND: POST /session/9d48326ae870b5d3a573a2f725ac1bbc/elements - {"using":"xpath","value":"//input[contains(@id ,\"application-billingtransfer-display-component---billingWorkbench--smartFilterBar-btnBasicSearch\")]"}
RESULT: {"using":"xpath","value":"//input[contains(@id ,\"application-billingtransfer-display-component---billingWorkbench--smartFilterBar-btnBasicSearch\")]"}
COMMAND: POST /session/9d48326ae870b5d3a573a2f725ac1bbc/elements - {"using":"xpath","value":"//input[contains(@id ,\"application-billingtransfer-display-component---billingWorkbench--smartFilterBar-btnBasicSearch\")]"}
RESULT: {"using":"xpath","value":"//input[contains(@id ,\"application-billingtransfer-display-component---billingWorkbench--smartFilterBar-btnBasicSearch\")]"}
COMMAND: POST /session/9d48326ae870b5d3a573a2f725ac1bbc/elements - {"using":"xpath","value":"//input[contains(@id ,\"application-billingtransfer-display-component---billingWorkbench--smartFilterBar-btnBasicSearch\")]"}
RESULT: {"using":"xpath","value":"//input[contains(@id ,\"application-billingtransfer-display-component---billingWorkbench--smartFilterBar-btnBasicSearch\")]"}
COMMAND: POST /session/9d48326ae870b5d3a573a2f725ac1bbc/elements - {"using":"xpath","value":"//input[contains(@id ,\"application-billingtransfer-display-component---billingWorkbench--smartFilterBar-btnBasicSearch\")]"}
RESULT: {"using":"xpath","value":"//input[contains(@id ,\"application-billingtransfer-display-component---billingWorkbench--smartFilterBar-btnBasicSearch\")]"}
COMMAND: POST /session/9d48326ae870b5d3a573a2f725ac1bbc/elements - {"using":"xpath","value":"//input[contains(@id ,\"application-billingtransfer-display-component---billingWorkbench--smartFilterBar-btnBasicSearch\")]"}
RESULT: {"using":"xpath","value":"//input[contains(@id ,\"application-billingtransfer-display-component---billingWorkbench--smartFilterBar-btnBasicSearch\")]"}
COMMAND: POST /session/9d48326ae870b5d3a573a2f725ac1bbc/elements - {"using":"xpath","value":"//input[contains(@id ,\"application-billingtransfer-display-component---billingWorkbench--smartFilterBar-btnBasicSearch\")]"}
RESULT: {"using":"xpath","value":"//input[contains(@id ,\"application-billingtransfer-display-component---billingWorkbench--smartFilterBar-btnBasicSearch\")]"}
COMMAND: POST /session/9d48326ae870b5d3a573a2f725ac1bbc/elements - {"using":"xpath","value":"//input[contains(@id ,\"application-billingtransfer-display-component---billingWorkbench--smartFilterBar-btnBasicSearch\")]"}
RESULT: {"using":"xpath","value":"//input[contains(@id ,\"application-billingtransfer-display-component---billingWorkbench--smartFilterBar-btnBasicSearch\")]"}
COMMAND: POST /session/9d48326ae870b5d3a573a2f725ac1bbc/elements - {"using":"xpath","value":"//input[contains(@id ,\"application-billingtransfer-display-component---billingWorkbench--smartFilterBar-btnBasicSearch\")]"}
RESULT: {"using":"xpath","value":"//input[contains(@id ,\"application-billingtransfer-display-component---billingWorkbench--smartFilterBar-btnBasicSearch\")]"}
COMMAND: POST /session/9d48326ae870b5d3a573a2f725ac1bbc/elements - {"using":"xpath","value":"//input[contains(@id ,\"application-billingtransfer-display-component---billingWorkbench--smartFilterBar-btnBasicSearch\")]"}
RESULT: {"using":"xpath","value":"//input[contains(@id ,\"application-billingtransfer-display-component---billingWorkbench--smartFilterBar-btnBasicSearch\")]"}
COMMAND: POST /session/9d48326ae870b5d3a573a2f725ac1bbc/elements - {"using":"xpath","value":"//input[contains(@id ,\"application-billingtransfer-display-component---billingWorkbench--smartFilterBar-btnBasicSearch\")]"}
RESULT: {"using":"xpath","value":"//input[contains(@id ,\"application-billingtransfer-display-component---billingWorkbench--smartFilterBar-btnBasicSearch\")]"}
COMMAND: POST /session/9d48326ae870b5d3a573a2f725ac1bbc/elements - {"using":"xpath","value":"//input[contains(@id ,\"application-billingtransfer-display-component---billingWorkbench--smartFilterBar-btnBasicSearch\")]"}
RESULT: {"using":"xpath","value":"//input[contains(@id ,\"application-billingtransfer-display-component---billingWorkbench--smartFilterBar-btnBasicSearch\")]"}
COMMAND: POST /session/9d48326ae870b5d3a573a2f725ac1bbc/elements - {"using":"xpath","value":"//input[contains(@id ,\"application-billingtransfer-display-component---billingWorkbench--smartFilterBar-btnBasicSearch\")]"}
RESULT: {"using":"xpath","value":"//input[contains(@id ,\"application-billingtransfer-display-component---billingWorkbench--smartFilterBar-btnBasicSearch\")]"}
COMMAND: POST /session/9d48326ae870b5d3a573a2f725ac1bbc/elements - {"using":"xpath","value":"//input[contains(@id ,\"application-billingtransfer-display-component---billingWorkbench--smartFilterBar-btnBasicSearch\")]"}
RESULT: {"using":"xpath","value":"//input[contains(@id ,\"application-billingtransfer-display-component---billingWorkbench--smartFilterBar-btnBasicSearch\")]"}
COMMAND: POST /session/9d48326ae870b5d3a573a2f725ac1bbc/elements - {"using":"xpath","value":"//input[contains(@id ,\"application-billingtransfer-display-component---billingWorkbench--smartFilterBar-btnBasicSearch\")]"}
RESULT: {"using":"xpath","value":"//input[contains(@id ,\"application-billingtransfer-display-component---billingWorkbench--smartFilterBar-btnBasicSearch\")]"}
COMMAND: POST /session/9d48326ae870b5d3a573a2f725ac1bbc/elements - {"using":"xpath","value":"//input[contains(@id ,\"application-billingtransfer-display-component---billingWorkbench--smartFilterBar-btnBasicSearch\")]"}
RESULT: {"using":"xpath","value":"//input[contains(@id ,\"application-billingtransfer-display-component---billingWorkbench--smartFilterBar-btnBasicSearch\")]"}
COMMAND: POST /session/9d48326ae870b5d3a573a2f725ac1bbc/elements - {"using":"xpath","value":"//input[contains(@id ,\"application-billingtransfer-display-component---billingWorkbench--smartFilterBar-btnBasicSearch\")]"}
RESULT: {"using":"xpath","value":"//input[contains(@id ,\"application-billingtransfer-display-component---billingWorkbench--smartFilterBar-btnBasicSearch\")]"}
COMMAND: POST /session/9d48326ae870b5d3a573a2f725ac1bbc/elements - {"using":"xpath","value":"//input[contains(@id ,\"application-billingtransfer-display-component---billingWorkbench--smartFilterBar-btnBasicSearch\")]"}
RESULT: {"using":"xpath","value":"//input[contains(@id ,\"application-billingtransfer-display-component---billingWorkbench--smartFilterBar-btnBasicSearch\")]"}
COMMAND: POST /session/9d48326ae870b5d3a573a2f725ac1bbc/elements - {"using":"xpath","value":"//input[contains(@id ,\"application-billingtransfer-display-component---billingWorkbench--smartFilterBar-btnBasicSearch\")]"}
RESULT: {"using":"xpath","value":"//input[contains(@id ,\"application-billingtransfer-display-component---billingWorkbench--smartFilterBar-btnBasicSearch\")]"}
COMMAND: POST /session/9d48326ae870b5d3a573a2f725ac1bbc/elements - {"using":"xpath","value":"//input[contains(@id ,\"application-billingtransfer-display-component---billingWorkbench--smartFilterBar-btnBasicSearch\")]"}
RESULT: {"using":"xpath","value":"//input[contains(@id ,\"application-billingtransfer-display-component---billingWorkbench--smartFilterBar-btnBasicSearch\")]"}
COMMAND: POST /session/9d48326ae870b5d3a573a2f725ac1bbc/elements - {"using":"xpath","value":"//input[contains(@id ,\"application-billingtransfer-display-component---billingWorkbench--smartFilterBar-btnBasicSearch\")]"}
RESULT: {"using":"xpath","value":"//input[contains(@id ,\"application-billingtransfer-display-component---billingWorkbench--smartFilterBar-btnBasicSearch\")]"}
COMMAND: POST /session/9d48326ae870b5d3a573a2f725ac1bbc/elements - {"using":"xpath","value":"//input[contains(@id ,\"application-billingtransfer-display-component---billingWorkbench--smartFilterBar-btnBasicSearch\")]"}
RESULT: {"using":"xpath","value":"//input[contains(@id ,\"application-billingtransfer-display-component---billingWorkbench--smartFilterBar-btnBasicSearch\")]"}
COMMAND: POST /session/9d48326ae870b5d3a573a2f725ac1bbc/elements - {"using":"xpath","value":"//input[contains(@id ,\"application-billingtransfer-display-component---billingWorkbench--smartFilterBar-btnBasicSearch\")]"}
RESULT: {"using":"xpath","value":"//input[contains(@id ,\"application-billingtransfer-display-component---billingWorkbench--smartFilterBar-btnBasicSearch\")]"}
COMMAND: POST /session/9d48326ae870b5d3a573a2f725ac1bbc/elements - {"using":"xpath","value":"//input[contains(@id ,\"application-billingtransfer-display-component---billingWorkbench--smartFilterBar-btnBasicSearch\")]"}
RESULT: {"using":"xpath","value":"//input[contains(@id ,\"application-billingtransfer-display-component---billingWorkbench--smartFilterBar-btnBasicSearch\")]"}
COMMAND: POST /session/9d48326ae870b5d3a573a2f725ac1bbc/elements - {"using":"xpath","value":"//input[contains(@id ,\"application-billingtransfer-display-component---billingWorkbench--smartFilterBar-btnBasicSearch\")]"}
RESULT: {"using":"xpath","value":"//input[contains(@id ,\"application-billingtransfer-display-component---billingWorkbench--smartFilterBar-btnBasicSearch\")]"}
COMMAND: POST /session/9d48326ae870b5d3a573a2f725ac1bbc/elements - {"using":"xpath","value":"//input[contains(@id ,\"application-billingtransfer-display-component---billingWorkbench--smartFilterBar-btnBasicSearch\")]"}
RESULT: {"using":"xpath","value":"//input[contains(@id ,\"application-billingtransfer-display-component---billingWorkbench--smartFilterBar-btnBasicSearch\")]"}
COMMAND: POST /session/9d48326ae870b5d3a573a2f725ac1bbc/elements - {"using":"xpath","value":"//input[contains(@id ,\"application-billingtransfer-display-component---billingWorkbench--smartFilterBar-btnBasicSearch\")]"}
RESULT: {"using":"xpath","value":"//input[contains(@id ,\"application-billingtransfer-display-component---billingWorkbench--smartFilterBar-btnBasicSearch\")]"}
COMMAND: POST /session/9d48326ae870b5d3a573a2f725ac1bbc/elements - {"using":"xpath","value":"//input[contains(@id ,\"application-billingtransfer-display-component---billingWorkbench--smartFilterBar-btnBasicSearch\")]"}
RESULT: {"using":"xpath","value":"//input[contains(@id ,\"application-billingtransfer-display-component---billingWorkbench--smartFilterBar-btnBasicSearch\")]"}
COMMAND: POST /session/9d48326ae870b5d3a573a2f725ac1bbc/elements - {"using":"xpath","value":"//input[contains(@id ,\"application-billingtransfer-display-component---billingWorkbench--smartFilterBar-btnBasicSearch\")]"}
RESULT: {"using":"xpath","value":"//input[contains(@id ,\"application-billingtransfer-display-component---billingWorkbench--smartFilterBar-btnBasicSearch\")]"}
COMMAND: POST /session/9d48326ae870b5d3a573a2f725ac1bbc/elements - {"using":"xpath","value":"//input[contains(@id ,\"application-billingtransfer-display-component---billingWorkbench--smartFilterBar-btnBasicSearch\")]"}
RESULT: {"using":"xpath","value":"//input[contains(@id ,\"application-billingtransfer-display-component---billingWorkbench--smartFilterBar-btnBasicSearch\")]"}
COMMAND: POST /session/9d48326ae870b5d3a573a2f725ac1bbc/elements - {"using":"xpath","value":"//input[contains(@id ,\"application-billingtransfer-display-component---billingWorkbench--smartFilterBar-btnBasicSearch\")]"}
RESULT: {"using":"xpath","value":"//input[contains(@id ,\"application-billingtransfer-display-component---billingWorkbench--smartFilterBar-btnBasicSearch\")]"}
COMMAND: POST /session/9d48326ae870b5d3a573a2f725ac1bbc/elements - {"using":"xpath","value":"//input[contains(@id ,\"application-billingtransfer-display-component---billingWorkbench--smartFilterBar-btnBasicSearch\")]"}
RESULT: {"using":"xpath","value":"//input[contains(@id ,\"application-billingtransfer-display-component---billingWorkbench--smartFilterBar-btnBasicSearch\")]"}
COMMAND: POST /session/9d48326ae870b5d3a573a2f725ac1bbc/elements - {"using":"xpath","value":"//input[contains(@id ,\"application-billingtransfer-display-component---billingWorkbench--smartFilterBar-btnBasicSearch\")]"}
RESULT: {"using":"xpath","value":"//input[contains(@id ,\"application-billingtransfer-display-component---billingWorkbench--smartFilterBar-btnBasicSearch\")]"}
COMMAND: POST /session/9d48326ae870b5d3a573a2f725ac1bbc/elements - {"using":"xpath","value":"//input[contains(@id ,\"application-billingtransfer-display-component---billingWorkbench--smartFilterBar-btnBasicSearch\")]"}
RESULT: {"using":"xpath","value":"//input[contains(@id ,\"application-billingtransfer-display-component---billingWorkbench--smartFilterBar-btnBasicSearch\")]"}
COMMAND: POST /session/9d48326ae870b5d3a573a2f725ac1bbc/elements - {"using":"xpath","value":"//input[contains(@id ,\"application-billingtransfer-display-component---billingWorkbench--smartFilterBar-btnBasicSearch\")]"}
RESULT: {"using":"xpath","value":"//input[contains(@id ,\"application-billingtransfer-display-component---billingWorkbench--smartFilterBar-btnBasicSearch\")]"}
COMMAND: POST /session/9d48326ae870b5d3a573a2f725ac1bbc/elements - {"using":"xpath","value":"//input[contains(@id ,\"application-billingtransfer-display-component---billingWorkbench--smartFilterBar-btnBasicSearch\")]"}
RESULT: {"using":"xpath","value":"//input[contains(@id ,\"application-billingtransfer-display-component---billingWorkbench--smartFilterBar-btnBasicSearch\")]"}
COMMAND: POST /session/9d48326ae870b5d3a573a2f725ac1bbc/elements - {"using":"xpath","value":"//input[contains(@id ,\"application-billingtransfer-display-component---billingWorkbench--smartFilterBar-btnBasicSearch\")]"}
RESULT: {"using":"xpath","value":"//input[contains(@id ,\"application-billingtransfer-display-component---billingWorkbench--smartFilterBar-btnBasicSearch\")]"}
COMMAND: POST /session/9d48326ae870b5d3a573a2f725ac1bbc/elements - {"using":"xpath","value":"//input[contains(@id ,\"application-billingtransfer-display-component---billingWorkbench--smartFilterBar-btnBasicSearch\")]"}
RESULT: {"using":"xpath","value":"//input[contains(@id ,\"application-billingtransfer-display-component---billingWorkbench--smartFilterBar-btnBasicSearch\")]"}
COMMAND: POST /session/9d48326ae870b5d3a573a2f725ac1bbc/elements - {"using":"xpath","value":"//input[contains(@id ,\"application-billingtransfer-display-component---billingWorkbench--smartFilterBar-btnBasicSearch\")]"}
RESULT: {"using":"xpath","value":"//input[contains(@id ,\"application-billingtransfer-display-component---billingWorkbench--smartFilterBar-btnBasicSearch\")]"}
COMMAND: POST /session/9d48326ae870b5d3a573a2f725ac1bbc/elements - {"using":"xpath","value":"//input[contains(@id ,\"application-billingtransfer-display-component---billingWorkbench--smartFilterBar-btnBasicSearch\")]"}
RESULT: {"using":"xpath","value":"//input[contains(@id ,\"application-billingtransfer-display-component---billingWorkbench--smartFilterBar-btnBasicSearch\")]"}
COMMAND: POST /session/9d48326ae870b5d3a573a2f725ac1bbc/elements - {"using":"xpath","value":"//input[contains(@id ,\"application-billingtransfer-display-component---billingWorkbench--smartFilterBar-btnBasicSearch\")]"}
RESULT: {"using":"xpath","value":"//input[contains(@id ,\"application-billingtransfer-display-component---billingWorkbench--smartFilterBar-btnBasicSearch\")]"}
COMMAND: POST /session/9d48326ae870b5d3a573a2f725ac1bbc/elements - {"using":"xpath","value":"//input[contains(@id ,\"application-billingtransfer-display-component---billingWorkbench--smartFilterBar-btnBasicSearch\")]"}
RESULT: {"using":"xpath","value":"//input[contains(@id ,\"application-billingtransfer-display-component---billingWorkbench--smartFilterBar-btnBasicSearch\")]"}
COMMAND: POST /session/9d48326ae870b5d3a573a2f725ac1bbc/elements - {"using":"xpath","value":"//input[contains(@id ,\"application-billingtransfer-display-component---billingWorkbench--smartFilterBar-btnBasicSearch\")]"}
RESULT: {"using":"xpath","value":"//input[contains(@id ,\"application-billingtransfer-display-component---billingWorkbench--smartFilterBar-btnBasicSearch\")]"}
COMMAND: POST /session/9d48326ae870b5d3a573a2f725ac1bbc/elements - {"using":"xpath","value":"//input[contains(@id ,\"application-billingtransfer-display-component---billingWorkbench--smartFilterBar-btnBasicSearch\")]"}
RESULT: {"using":"xpath","value":"//input[contains(@id ,\"application-billingtransfer-display-component---billingWorkbench--smartFilterBar-btnBasicSearch\")]"}
COMMAND: POST /session/9d48326ae870b5d3a573a2f725ac1bbc/elements - {"using":"xpath","value":"//input[contains(@id ,\"application-billingtransfer-display-component---billingWorkbench--smartFilterBar-btnBasicSearch\")]"}
RESULT: {"using":"xpath","value":"//input[contains(@id ,\"application-billingtransfer-display-component---billingWorkbench--smartFilterBar-btnBasicSearch\")]"}
COMMAND: POST /session/9d48326ae870b5d3a573a2f725ac1bbc/elements - {"using":"xpath","value":"//input[contains(@id ,\"application-billingtransfer-display-component---billingWorkbench--smartFilterBar-btnBasicSearch\")]"}
RESULT: {"using":"xpath","value":"//input[contains(@id ,\"application-billingtransfer-display-component---billingWorkbench--smartFilterBar-btnBasicSearch\")]"}
COMMAND: GET /session/9d48326ae870b5d3a573a2f725ac1bbc/screenshot - {}
RESULT: {}
COMMAND: POST /session/9d48326ae870b5d3a573a2f725ac1bbc/element - {"using":"css selector","value":"#j_username"}
COMMAND: POST /session/9d48326ae870b5d3a573a2f725ac1bbc/url - {"url":"https://qa-testing-00-live-etm-ui.cfapps.eu10-004.hana.ondemand.com/"}
COMMAND: GET /session/9d48326ae870b5d3a573a2f725ac1bbc/screenshot - {}
COMMAND: GET /session/9d48326ae870b5d3a573a2f725ac1bbc/screenshot - {}
RESULT: {"using":"css selector","value":"#j_username"}
COMMAND: POST /session/9d48326ae870b5d3a573a2f725ac1bbc/element - {"using":"css selector","value":"#j_username"}
RESULT: {"url":"https://qa-testing-00-live-etm-ui.cfapps.eu10-004.hana.ondemand.com/"}
RESULT: undefined
COMMAND: GET /session/9d48326ae870b5d3a573a2f725ac1bbc/screenshot - {}
RESULT: {}
RESULT: {}
RESULT: {"using":"css selector","value":"#j_username"}
COMMAND: POST /session/9d48326ae870b5d3a573a2f725ac1bbc/element - {"using":"css selector","value":"#shell-header-logo"}
RESULT: {}
RESULT: {"using":"css selector","value":"#shell-header-logo"}
COMMAND: POST /session/9d48326ae870b5d3a573a2f725ac1bbc/execute/sync - {"script":"<script> [8489 bytes]","args":[{"element-6066-11e4-a52e-4f735466cecf":"f.0A588440BBC4B09490297E8A4E4C478B.d.2013F60006CCA42E22B389D566182760.e.6391","ELEMENT":"f.0A588440BBC4B09490297E8A4E4C478B.d.2013F60006CCA42E22B389D566182760.e.6391"}]}
RESULT: {"script":"<script> [8489 bytes]","args":[{"element-6066-11e4-a52e-4f735466cecf":"f.0A588440BBC4B09490297E8A4E4C478B.d.2013F60006CCA42E22B389D566182760.e.6391","ELEMENT":"f.0A588440BBC4B09490297E8A4E4C478B.d.2013F60006CCA42E22B389D566182760.e.6391"}]}
COMMAND: POST /session/9d48326ae870b5d3a573a2f725ac1bbc/element - {"using":"css selector","value":"#shell-header-logo"}
COMMAND: GET /session/9d48326ae870b5d3a573a2f725ac1bbc/screenshot - {}
RESULT: {"using":"css selector","value":"#shell-header-logo"}
COMMAND: POST /session/9d48326ae870b5d3a573a2f725ac1bbc/execute/sync - {"script":"<script> [8489 bytes]","args":[{"element-6066-11e4-a52e-4f735466cecf":"f.0A588440BBC4B09490297E8A4E4C478B.d.2013F60006CCA42E22B389D566182760.e.6391","ELEMENT":"f.0A588440BBC4B09490297E8A4E4C478B.d.2013F60006CCA42E22B389D566182760.e.6391"}]}
RESULT: {}
RESULT: {"script":"<script> [8489 bytes]","args":[{"element-6066-11e4-a52e-4f735466cecf":"f.0A588440BBC4B09490297E8A4E4C478B.d.2013F60006CCA42E22B389D566182760.e.6391","ELEMENT":"f.0A588440BBC4B09490297E8A4E4C478B.d.2013F60006CCA42E22B389D566182760.e.6391"}]}
COMMAND: POST /session/9d48326ae870b5d3a573a2f725ac1bbc/execute/sync - {"script":"<script> [5351 bytes]","args":[{"element-6066-11e4-a52e-4f735466cecf":"f.0A588440BBC4B09490297E8A4E4C478B.d.2013F60006CCA42E22B389D566182760.e.6391","ELEMENT":"f.0A588440BBC4B09490297E8A4E4C478B.d.2013F60006CCA42E22B389D566182760.e.6391"}]}
COMMAND: GET /session/9d48326ae870b5d3a573a2f725ac1bbc/screenshot - {}
RESULT: {"script":"<script> [5351 bytes]","args":[{"element-6066-11e4-a52e-4f735466cecf":"f.0A588440BBC4B09490297E8A4E4C478B.d.2013F60006CCA42E22B389D566182760.e.6391","ELEMENT":"f.0A588440BBC4B09490297E8A4E4C478B.d.2013F60006CCA42E22B389D566182760.e.6391"}]}
COMMAND: POST /session/9d48326ae870b5d3a573a2f725ac1bbc/element - {"using":"css selector","value":"#shell-header-logo"}
COMMAND: GET /session/9d48326ae870b5d3a573a2f725ac1bbc/screenshot - {}
RESULT: {}
RESULT: {"using":"css selector","value":"#shell-header-logo"}
COMMAND: POST /session/9d48326ae870b5d3a573a2f725ac1bbc/element/f.0A588440BBC4B09490297E8A4E4C478B.d.2013F60006CCA42E22B389D566182760.e.6391/click - {}
RESULT: {}
RESULT: {}
COMMAND: GET /session/9d48326ae870b5d3a573a2f725ac1bbc/screenshot - {}
RESULT: {}
COMMAND: POST /session/9d48326ae870b5d3a573a2f725ac1bbc/execute/async - {"script":"<script> [189 bytes]","args":[]}
RESULT: {"script":"<script> [189 bytes]","args":[]}
COMMAND: POST /session/9d48326ae870b5d3a573a2f725ac1bbc/execute/async - {"script":"<script> [123 bytes]","args":[]}
RESULT: {"script":"<script> [123 bytes]","args":[]}
COMMAND: POST /session/9d48326ae870b5d3a573a2f725ac1bbc/timeouts - {"script":"<number>"}
RESULT: {"script":"<number>"}
COMMAND: GET /session/9d48326ae870b5d3a573a2f725ac1bbc/timeouts - {}
RESULT: {}
RESULT: undefined
COMMAND: POST /session/9d48326ae870b5d3a573a2f725ac1bbc/execute/async - {"script":"<script> [2676 bytes]","args":[]}
RESULT: {"script":"<script> [2676 bytes]","args":[]}
COMMAND: POST /session/9d48326ae870b5d3a573a2f725ac1bbc/execute/async - {"script":"<script> [2342 bytes]","args":[{"protocol":"http","hostname":"0.0.0.0","path":"/","capabilities":{"browserName":"chrome","goog:chromeOptions":{"binary":"C:\\Program Files\\Google\\Chrome\\Application\\chrome.exe","args":["--start-maximized"]}},"logLevel":"warn","connectionRetryTimeout":120000,"connectionRetryCount":3,"logLevels":{},"enableDirectConnect":true,"strictSSL":true,"_":"65 more keys: [\"cacheDir\",\"port\",\"requestedCapabilities\",\"automationProtocol\",\"baseUrl\",\"waitforInterval\",\"waitforTimeout\",\"onReload\",\"beforeCommand\",\"afterCommand\",\"rootDir\",\"specs\",\"suites\",\"exclude\",\"groupLogsByTestSpec\",\"excludeDriverLogs\",\"bail\",\"framework\",\"reporters\",\"services\",\"maxInstances\",\"maxInstancesPerCapability\",\"injectGlobals\",\"filesToWatch\",\"execArgv\",\"runnerEnv\",\"runner\",\"shard\",\"specFileRetries\",\"specFileRetriesDelay\",\"specFileRetriesDeferred\",\"reporterSyncInterval\",\"reporterSyncTimeout\",\"cucumberFeaturesWithLineNumbers\",\"autoCompileOpts\",\"mochaOpts\",\"jasmineOpts\",\"cucumberOpts\",\"onPrepare\",\"onWorkerStart\",\"onWorkerEnd\",\"before\",\"beforeSession\",\"beforeSuite\",\"beforeHook\",\"beforeTest\",\"afterTest\",\"afterHook\",\"afterSuite\",\"afterSession\",\"after\",\"onComplete\",\"beforeAssertion\",\"afterAssertion\",\"beforeFeature\",\"beforeScenario\",\"beforeStep\",\"afterStep\",\"afterScenario\",\"afterFeature\",\"_\",\"suite\",\"$0\",\"ignoredWorkerServices\",\"wdi5\"]"}]}
RESULT: {"script":"<script> [2342 bytes]","args":[{"protocol":"http","hostname":"0.0.0.0","path":"/","capabilities":{"browserName":"chrome","goog:chromeOptions":{"binary":"C:\\Program Files\\Google\\Chrome\\Application\\chrome.exe","args":["--start-maximized"]}},"logLevel":"warn","connectionRetryTimeout":120000,"connectionRetryCount":3,"logLevels":{},"enableDirectConnect":true,"strictSSL":true,"_":"65 more keys: [\"cacheDir\",\"port\",\"requestedCapabilities\",\"automationProtocol\",\"baseUrl\",\"waitforInterval\",\"waitforTimeout\",\"onReload\",\"beforeCommand\",\"afterCommand\",\"rootDir\",\"specs\",\"suites\",\"exclude\",\"groupLogsByTestSpec\",\"excludeDriverLogs\",\"bail\",\"framework\",\"reporters\",\"services\",\"maxInstances\",\"maxInstancesPerCapability\",\"injectGlobals\",\"filesToWatch\",\"execArgv\",\"runnerEnv\",\"runner\",\"shard\",\"specFileRetries\",\"specFileRetriesDelay\",\"specFileRetriesDeferred\",\"reporterSyncInterval\",\"reporterSyncTimeout\",\"cucumberFeaturesWithLineNumbers\",\"autoCompileOpts\",\"mochaOpts\",\"jasmineOpts\",\"cucumberOpts\",\"onPrepare\",\"onWorkerStart\",\"onWorkerEnd\",\"before\",\"beforeSession\",\"beforeSuite\",\"beforeHook\",\"beforeTest\",\"afterTest\",\"afterHook\",\"afterSuite\",\"afterSession\",\"after\",\"onComplete\",\"beforeAssertion\",\"afterAssertion\",\"beforeFeature\",\"beforeScenario\",\"beforeStep\",\"afterStep\",\"afterScenario\",\"afterFeature\",\"_\",\"suite\",\"$0\",\"ignoredWorkerServices\",\"wdi5\"]"}]}
COMMAND: POST /session/9d48326ae870b5d3a573a2f725ac1bbc/execute/async - {"script":"<script> [21126 bytes]","args":[35000]}
RESULT: {"script":"<script> [21126 bytes]","args":[35000]}
COMMAND: POST /session/9d48326ae870b5d3a573a2f725ac1bbc/window/maximize - {}
RESULT: {}
COMMAND: POST /session/9d48326ae870b5d3a573a2f725ac1bbc/execute/async - {"script":"<script> [1562 bytes]","args":[{"selector":{"id":"shell-header","interaction":{"idSuffix":"icon"}},"wdio_ui5_key":"shellheader"}]}
COMMAND: GET /session/9d48326ae870b5d3a573a2f725ac1bbc/screenshot - {}
RESULT: {"script":"<script> [1562 bytes]","args":[{"selector":{"id":"shell-header","interaction":{"idSuffix":"icon"}},"wdio_ui5_key":"shellheader"}]}
RESULT: undefined
COMMAND: POST /session/9d48326ae870b5d3a573a2f725ac1bbc/refresh - {}
RESULT: {}
RESULT: {}
COMMAND: GET /session/9d48326ae870b5d3a573a2f725ac1bbc/screenshot - {}
RESULT: {}
COMMAND: POST /session/9d48326ae870b5d3a573a2f725ac1bbc/refresh - {}
RESULT: {}
COMMAND: GET /session/9d48326ae870b5d3a573a2f725ac1bbc/screenshot - {}
RESULT: {}
COMMAND: POST /session/9d48326ae870b5d3a573a2f725ac1bbc/window/fullscreen - {}
RESULT: {}
COMMAND: POST /session/9d48326ae870b5d3a573a2f725ac1bbc/execute/async - {"script":"<script> [189 bytes]","args":[]}
RESULT: {"script":"<script> [189 bytes]","args":[]}
COMMAND: POST /session/9d48326ae870b5d3a573a2f725ac1bbc/execute/async - {"script":"<script> [123 bytes]","args":[]}
RESULT: {"script":"<script> [123 bytes]","args":[]}
COMMAND: POST /session/9d48326ae870b5d3a573a2f725ac1bbc/timeouts - {"script":"<number>"}
RESULT: {"script":"<number>"}
COMMAND: GET /session/9d48326ae870b5d3a573a2f725ac1bbc/timeouts - {}
RESULT: {}
RESULT: undefined
COMMAND: POST /session/9d48326ae870b5d3a573a2f725ac1bbc/execute/async - {"script":"<script> [2676 bytes]","args":[]}
RESULT: {"script":"<script> [2676 bytes]","args":[]}
COMMAND: POST /session/9d48326ae870b5d3a573a2f725ac1bbc/execute/async - {"script":"<script> [2342 bytes]","args":[{"protocol":"http","hostname":"0.0.0.0","path":"/","capabilities":{"browserName":"chrome","goog:chromeOptions":{"binary":"C:\\Program Files\\Google\\Chrome\\Application\\chrome.exe","args":["--start-maximized"]}},"logLevel":"warn","connectionRetryTimeout":120000,"connectionRetryCount":3,"logLevels":{},"enableDirectConnect":true,"strictSSL":true,"_":"65 more keys: [\"cacheDir\",\"port\",\"requestedCapabilities\",\"automationProtocol\",\"baseUrl\",\"waitforInterval\",\"waitforTimeout\",\"onReload\",\"beforeCommand\",\"afterCommand\",\"rootDir\",\"specs\",\"suites\",\"exclude\",\"groupLogsByTestSpec\",\"excludeDriverLogs\",\"bail\",\"framework\",\"reporters\",\"services\",\"maxInstances\",\"maxInstancesPerCapability\",\"injectGlobals\",\"filesToWatch\",\"execArgv\",\"runnerEnv\",\"runner\",\"shard\",\"specFileRetries\",\"specFileRetriesDelay\",\"specFileRetriesDeferred\",\"reporterSyncInterval\",\"reporterSyncTimeout\",\"cucumberFeaturesWithLineNumbers\",\"autoCompileOpts\",\"mochaOpts\",\"jasmineOpts\",\"cucumberOpts\",\"onPrepare\",\"onWorkerStart\",\"onWorkerEnd\",\"before\",\"beforeSession\",\"beforeSuite\",\"beforeHook\",\"beforeTest\",\"afterTest\",\"afterHook\",\"afterSuite\",\"afterSession\",\"after\",\"onComplete\",\"beforeAssertion\",\"afterAssertion\",\"beforeFeature\",\"beforeScenario\",\"beforeStep\",\"afterStep\",\"afterScenario\",\"afterFeature\",\"_\",\"suite\",\"$0\",\"ignoredWorkerServices\",\"wdi5\"]"}]}
RESULT: {"script":"<script> [2342 bytes]","args":[{"protocol":"http","hostname":"0.0.0.0","path":"/","capabilities":{"browserName":"chrome","goog:chromeOptions":{"binary":"C:\\Program Files\\Google\\Chrome\\Application\\chrome.exe","args":["--start-maximized"]}},"logLevel":"warn","connectionRetryTimeout":120000,"connectionRetryCount":3,"logLevels":{},"enableDirectConnect":true,"strictSSL":true,"_":"65 more keys: [\"cacheDir\",\"port\",\"requestedCapabilities\",\"automationProtocol\",\"baseUrl\",\"waitforInterval\",\"waitforTimeout\",\"onReload\",\"beforeCommand\",\"afterCommand\",\"rootDir\",\"specs\",\"suites\",\"exclude\",\"groupLogsByTestSpec\",\"excludeDriverLogs\",\"bail\",\"framework\",\"reporters\",\"services\",\"maxInstances\",\"maxInstancesPerCapability\",\"injectGlobals\",\"filesToWatch\",\"execArgv\",\"runnerEnv\",\"runner\",\"shard\",\"specFileRetries\",\"specFileRetriesDelay\",\"specFileRetriesDeferred\",\"reporterSyncInterval\",\"reporterSyncTimeout\",\"cucumberFeaturesWithLineNumbers\",\"autoCompileOpts\",\"mochaOpts\",\"jasmineOpts\",\"cucumberOpts\",\"onPrepare\",\"onWorkerStart\",\"onWorkerEnd\",\"before\",\"beforeSession\",\"beforeSuite\",\"beforeHook\",\"beforeTest\",\"afterTest\",\"afterHook\",\"afterSuite\",\"afterSession\",\"after\",\"onComplete\",\"beforeAssertion\",\"afterAssertion\",\"beforeFeature\",\"beforeScenario\",\"beforeStep\",\"afterStep\",\"afterScenario\",\"afterFeature\",\"_\",\"suite\",\"$0\",\"ignoredWorkerServices\",\"wdi5\"]"}]}
COMMAND: POST /session/9d48326ae870b5d3a573a2f725ac1bbc/execute/async - {"script":"<script> [21126 bytes]","args":[35000]}
RESULT: {"script":"<script> [21126 bytes]","args":[35000]}
]]></system-out>
      <system-err><![CDATA[
Error: element ("//input[contains(@id ,"application-billingtransfer-display-component---billingWorkbench--smartFilterBar-btnBasicSearch")]") still not existing after 45000ms
    at async UtilsPrerequisites.narrowDownSearchBT (D:\a\1\s\test\specs\BTS\prerequisites-and-utils-functions.js:2882:9)
    at async UtilsPrerequisites.billingTransfer (D:\a\1\s\test\specs\BTS\prerequisites-and-utils-functions.js:2807:9)
    at async Context.<anonymous> (D:\a\1\s\test\specs\BTS\billing-transfer-intercompany.spec.js:95:9)
]]></system-err>
    </testcase>
  </testsuite>
  <testsuite timestamp="2025-05-31T17:40:14" time="1107.7" tests="12" failures="6" errors="6" skipped="0">
    <properties>
      <property name="specId" value="0"/>
      <property name="suiteName" value="Billing Transfer - Intracompany US127249"/>
      <property name="capabilities" value="chrome.136_0_7103_93.windows"/>
      <property name="file" value="file:///D:/a/1/s/test/specs/BTS/billing-transfer-intracompany.spec.js"/>
    </properties>
    <testcase classname="chrome.136_0_7103_93.windows.Billing_Transfer_-_Intracompany_US127249" name="Should create a new yard" time="132.449">
      <system-out><![CDATA[
COMMAND: POST /session/9d48326ae870b5d3a573a2f725ac1bbc/window/fullscreen - {}
RESULT: {}
COMMAND: POST /session/9d48326ae870b5d3a573a2f725ac1bbc/execute/async - {"script":"<script> [1562 bytes]","args":[{"selector":{"controlType":"sap.m.GenericTile","properties":{"header":"Manage Yards"}},"wdio_ui5_key":"sapm.GenericTile{\"header\":\"Manage Yards\"}"}]}
RESULT: {"script":"<script> [1562 bytes]","args":[{"selector":{"controlType":"sap.m.GenericTile","properties":{"header":"Manage Yards"}},"wdio_ui5_key":"sapm.GenericTile{\"header\":\"Manage Yards\"}"}]}
RESULT: undefined
COMMAND: POST /session/9d48326ae870b5d3a573a2f725ac1bbc/element - {"using":"xpath","value":"//*[@id=\"__tile41\"]"}
RESULT: {"using":"xpath","value":"//*[@id=\"__tile41\"]"}
COMMAND: POST /session/9d48326ae870b5d3a573a2f725ac1bbc/element/f.0A588440BBC4B09490297E8A4E4C478B.d.66164703AA91F31842D60E30F7002F52.e.6552/click - {}
RESULT: {}
COMMAND: GET /session/9d48326ae870b5d3a573a2f725ac1bbc/screenshot - {}
RESULT: {}
COMMAND: POST /session/9d48326ae870b5d3a573a2f725ac1bbc/elements - {"using":"xpath","value":"//span[text()='Error']"}
RESULT: {"using":"xpath","value":"//span[text()='Error']"}
COMMAND: POST /session/9d48326ae870b5d3a573a2f725ac1bbc/element - {"using":"xpath","value":"//button[@data-kt=\"addNewYardOverflowToolbarButton\"]"}
RESULT: {"using":"xpath","value":"//button[@data-kt=\"addNewYardOverflowToolbarButton\"]"}
COMMAND: POST /session/9d48326ae870b5d3a573a2f725ac1bbc/elements - {"using":"xpath","value":"//button[@data-kt=\"addNewYardOverflowToolbarButton\"]"}
RESULT: {"using":"xpath","value":"//button[@data-kt=\"addNewYardOverflowToolbarButton\"]"}
COMMAND: POST /session/9d48326ae870b5d3a573a2f725ac1bbc/execute/sync - {"script":"<script> [8489 bytes]","args":[{"element-6066-11e4-a52e-4f735466cecf":"f.0A588440BBC4B09490297E8A4E4C478B.d.66164703AA91F31842D60E30F7002F52.e.6796","ELEMENT":"f.0A588440BBC4B09490297E8A4E4C478B.d.66164703AA91F31842D60E30F7002F52.e.6796"}]}
RESULT: {"script":"<script> [8489 bytes]","args":[{"element-6066-11e4-a52e-4f735466cecf":"f.0A588440BBC4B09490297E8A4E4C478B.d.66164703AA91F31842D60E30F7002F52.e.6796","ELEMENT":"f.0A588440BBC4B09490297E8A4E4C478B.d.66164703AA91F31842D60E30F7002F52.e.6796"}]}
COMMAND: GET /session/9d48326ae870b5d3a573a2f725ac1bbc/element/f.0A588440BBC4B09490297E8A4E4C478B.d.66164703AA91F31842D60E30F7002F52.e.6796/enabled - {}
COMMAND: GET /session/9d48326ae870b5d3a573a2f725ac1bbc/screenshot - {}
RESULT: {}
COMMAND: POST /session/9d48326ae870b5d3a573a2f725ac1bbc/execute/sync - {"script":"<script> [8489 bytes]","args":[{"element-6066-11e4-a52e-4f735466cecf":"f.0A588440BBC4B09490297E8A4E4C478B.d.66164703AA91F31842D60E30F7002F52.e.6796","ELEMENT":"f.0A588440BBC4B09490297E8A4E4C478B.d.66164703AA91F31842D60E30F7002F52.e.6796"}]}
COMMAND: GET /session/9d48326ae870b5d3a573a2f725ac1bbc/screenshot - {}
RESULT: {}
RESULT: {"script":"<script> [8489 bytes]","args":[{"element-6066-11e4-a52e-4f735466cecf":"f.0A588440BBC4B09490297E8A4E4C478B.d.66164703AA91F31842D60E30F7002F52.e.6796","ELEMENT":"f.0A588440BBC4B09490297E8A4E4C478B.d.66164703AA91F31842D60E30F7002F52.e.6796"}]}
COMMAND: POST /session/9d48326ae870b5d3a573a2f725ac1bbc/execute/sync - {"script":"<script> [5351 bytes]","args":[{"element-6066-11e4-a52e-4f735466cecf":"f.0A588440BBC4B09490297E8A4E4C478B.d.66164703AA91F31842D60E30F7002F52.e.6796","ELEMENT":"f.0A588440BBC4B09490297E8A4E4C478B.d.66164703AA91F31842D60E30F7002F52.e.6796"}]}
COMMAND: GET /session/9d48326ae870b5d3a573a2f725ac1bbc/screenshot - {}
RESULT: {}
RESULT: {"script":"<script> [5351 bytes]","args":[{"element-6066-11e4-a52e-4f735466cecf":"f.0A588440BBC4B09490297E8A4E4C478B.d.66164703AA91F31842D60E30F7002F52.e.6796","ELEMENT":"f.0A588440BBC4B09490297E8A4E4C478B.d.66164703AA91F31842D60E30F7002F52.e.6796"}]}
COMMAND: POST /session/9d48326ae870b5d3a573a2f725ac1bbc/element/f.0A588440BBC4B09490297E8A4E4C478B.d.66164703AA91F31842D60E30F7002F52.e.6796/click - {}
RESULT: {}
COMMAND: GET /session/9d48326ae870b5d3a573a2f725ac1bbc/screenshot - {}
RESULT: {}
COMMAND: GET /session/9d48326ae870b5d3a573a2f725ac1bbc/screenshot - {}
RESULT: {}
RESULT: {}
COMMAND: POST /session/9d48326ae870b5d3a573a2f725ac1bbc/element - {"using":"xpath","value":"//input[@id=\"application-manageyards-display-component---NewYard--yardId-inner\"]"}
RESULT: {"using":"xpath","value":"//input[@id=\"application-manageyards-display-component---NewYard--yardId-inner\"]"}
COMMAND: POST /session/9d48326ae870b5d3a573a2f725ac1bbc/element - {"using":"xpath","value":"//input[@id=\"application-manageyards-display-component---NewYard--yardId-inner\"]"}
RESULT: {"using":"xpath","value":"//input[@id=\"application-manageyards-display-component---NewYard--yardId-inner\"]"}
COMMAND: POST /session/9d48326ae870b5d3a573a2f725ac1bbc/execute/async - {"script":"<script> [1562 bytes]","args":[{"selector":{"id":"application-manageyards-display-component---NewYard--addressDetailDetailsName1","interaction":{"idSuffix":"inner"}},"wdio_ui5_key":"applicationmanageyards-display-component---NewYard--addressDetailDetailsName1"}]}
RESULT: {"script":"<script> [1562 bytes]","args":[{"selector":{"id":"application-manageyards-display-component---NewYard--addressDetailDetailsName1","interaction":{"idSuffix":"inner"}},"wdio_ui5_key":"applicationmanageyards-display-component---NewYard--addressDetailDetailsName1"}]}
RESULT: undefined
COMMAND: POST /session/9d48326ae870b5d3a573a2f725ac1bbc/execute/async - {"script":"<script> [776 bytes]","args":[{"enterText":"Intracompany Yard wdIO","selector":{"id":"application-manageyards-display-component---NewYard--addressDetailDetailsName1","interaction":{"idSuffix":"inner"}},"clearTextFirst":true,"interactionType":"ENTER_TEXT"}]}
RESULT: {"script":"<script> [776 bytes]","args":[{"enterText":"Intracompany Yard wdIO","selector":{"id":"application-manageyards-display-component---NewYard--addressDetailDetailsName1","interaction":{"idSuffix":"inner"}},"clearTextFirst":true,"interactionType":"ENTER_TEXT"}]}
COMMAND: POST /session/9d48326ae870b5d3a573a2f725ac1bbc/execute/async - {"script":"<script> [1562 bytes]","args":[{"selector":{"id":"application-manageyards-display-component---NewYard--addressDetailDetailsLanguage-arrow"},"wdio_ui5_key":"applicationmanageyards-display-component---NewYard--addressDetailDetailsLanguage-arrow"}]}
RESULT: {"script":"<script> [1562 bytes]","args":[{"selector":{"id":"application-manageyards-display-component---NewYard--addressDetailDetailsLanguage-arrow"},"wdio_ui5_key":"applicationmanageyards-display-component---NewYard--addressDetailDetailsLanguage-arrow"}]}
RESULT: undefined
COMMAND: POST /session/9d48326ae870b5d3a573a2f725ac1bbc/element - {"using":"xpath","value":"//*[@id=\"application-manageyards-display-component---NewYard--addressDetailDetailsLanguage-arrow\"]"}
RESULT: {"using":"xpath","value":"//*[@id=\"application-manageyards-display-component---NewYard--addressDetailDetailsLanguage-arrow\"]"}
COMMAND: POST /session/9d48326ae870b5d3a573a2f725ac1bbc/element/f.0A588440BBC4B09490297E8A4E4C478B.d.66164703AA91F31842D60E30F7002F52.e.7116/click - {}
RESULT: {}
COMMAND: POST /session/9d48326ae870b5d3a573a2f725ac1bbc/element - {"using":"xpath","value":"//span[contains(text(), \"English\")]"}
COMMAND: GET /session/9d48326ae870b5d3a573a2f725ac1bbc/screenshot - {}
RESULT: {"using":"xpath","value":"//span[contains(text(), \"English\")]"}
COMMAND: POST /session/9d48326ae870b5d3a573a2f725ac1bbc/element/f.0A588440BBC4B09490297E8A4E4C478B.d.66164703AA91F31842D60E30F7002F52.e.7117/click - {}
RESULT: {}
RESULT: {}
COMMAND: POST /session/9d48326ae870b5d3a573a2f725ac1bbc/execute/async - {"script":"<script> [1562 bytes]","args":[{"selector":{"id":"application-manageyards-display-component---NewYard--addressDetailDetailsCity1","interaction":{"idSuffix":"inner"}},"wdio_ui5_key":"applicationmanageyards-display-component---NewYard--addressDetailDetailsCity1"}]}
COMMAND: GET /session/9d48326ae870b5d3a573a2f725ac1bbc/screenshot - {}
RESULT: {"script":"<script> [1562 bytes]","args":[{"selector":{"id":"application-manageyards-display-component---NewYard--addressDetailDetailsCity1","interaction":{"idSuffix":"inner"}},"wdio_ui5_key":"applicationmanageyards-display-component---NewYard--addressDetailDetailsCity1"}]}
RESULT: undefined
COMMAND: POST /session/9d48326ae870b5d3a573a2f725ac1bbc/execute/async - {"script":"<script> [776 bytes]","args":[{"enterText":"Rosario","selector":{"id":"application-manageyards-display-component---NewYard--addressDetailDetailsCity1","interaction":{"idSuffix":"inner"}},"clearTextFirst":true,"interactionType":"ENTER_TEXT"}]}
RESULT: {}
RESULT: {"script":"<script> [776 bytes]","args":[{"enterText":"Rosario","selector":{"id":"application-manageyards-display-component---NewYard--addressDetailDetailsCity1","interaction":{"idSuffix":"inner"}},"clearTextFirst":true,"interactionType":"ENTER_TEXT"}]}
COMMAND: POST /session/9d48326ae870b5d3a573a2f725ac1bbc/execute/async - {"script":"<script> [1562 bytes]","args":[{"selector":{"id":"application-manageyards-display-component---NewYard--addressDetailDetailsCountry-arrow"},"wdio_ui5_key":"applicationmanageyards-display-component---NewYard--addressDetailDetailsCountry-arrow"}]}
RESULT: {"script":"<script> [1562 bytes]","args":[{"selector":{"id":"application-manageyards-display-component---NewYard--addressDetailDetailsCountry-arrow"},"wdio_ui5_key":"applicationmanageyards-display-component---NewYard--addressDetailDetailsCountry-arrow"}]}
RESULT: undefined
COMMAND: POST /session/9d48326ae870b5d3a573a2f725ac1bbc/element - {"using":"xpath","value":"//*[@id=\"application-manageyards-display-component---NewYard--addressDetailDetailsCountry-arrow\"]"}
RESULT: {"using":"xpath","value":"//*[@id=\"application-manageyards-display-component---NewYard--addressDetailDetailsCountry-arrow\"]"}
COMMAND: POST /session/9d48326ae870b5d3a573a2f725ac1bbc/element/f.0A588440BBC4B09490297E8A4E4C478B.d.66164703AA91F31842D60E30F7002F52.e.7119/click - {}
RESULT: {}
COMMAND: POST /session/9d48326ae870b5d3a573a2f725ac1bbc/element - {"using":"xpath","value":"//span[contains(text(), \"Argentina\")]"}
COMMAND: GET /session/9d48326ae870b5d3a573a2f725ac1bbc/screenshot - {}
RESULT: {"using":"xpath","value":"//span[contains(text(), \"Argentina\")]"}
COMMAND: POST /session/9d48326ae870b5d3a573a2f725ac1bbc/element/f.0A588440BBC4B09490297E8A4E4C478B.d.66164703AA91F31842D60E30F7002F52.e.7120/click - {}
RESULT: {}
RESULT: {}
COMMAND: POST /session/9d48326ae870b5d3a573a2f725ac1bbc/execute/async - {"script":"<script> [1562 bytes]","args":[{"selector":{"id":"application-manageyards-display-component---NewYard--addressEditDetailsCostObjectCstType-arrow"},"wdio_ui5_key":"applicationmanageyards-display-component---NewYard--addressEditDetailsCostObjectCstType-arrow"}]}
COMMAND: GET /session/9d48326ae870b5d3a573a2f725ac1bbc/screenshot - {}
RESULT: {"script":"<script> [1562 bytes]","args":[{"selector":{"id":"application-manageyards-display-component---NewYard--addressEditDetailsCostObjectCstType-arrow"},"wdio_ui5_key":"applicationmanageyards-display-component---NewYard--addressEditDetailsCostObjectCstType-arrow"}]}
RESULT: undefined
COMMAND: POST /session/9d48326ae870b5d3a573a2f725ac1bbc/element - {"using":"xpath","value":"//*[@id=\"application-manageyards-display-component---NewYard--addressEditDetailsCostObjectCstType-arrow\"]"}
RESULT: {}
RESULT: {"using":"xpath","value":"//*[@id=\"application-manageyards-display-component---NewYard--addressEditDetailsCostObjectCstType-arrow\"]"}
COMMAND: POST /session/9d48326ae870b5d3a573a2f725ac1bbc/element/f.0A588440BBC4B09490297E8A4E4C478B.d.66164703AA91F31842D60E30F7002F52.e.7122/click - {}
RESULT: {}
COMMAND: POST /session/9d48326ae870b5d3a573a2f725ac1bbc/element - {"using":"xpath","value":"//span[contains(text(), \"Cost Center\")]"}
COMMAND: GET /session/9d48326ae870b5d3a573a2f725ac1bbc/screenshot - {}
RESULT: {"using":"xpath","value":"//span[contains(text(), \"Cost Center\")]"}
COMMAND: POST /session/9d48326ae870b5d3a573a2f725ac1bbc/element/f.0A588440BBC4B09490297E8A4E4C478B.d.66164703AA91F31842D60E30F7002F52.e.7123/click - {}
RESULT: {}
RESULT: {}
COMMAND: GET /session/9d48326ae870b5d3a573a2f725ac1bbc/screenshot - {}
RESULT: {}
COMMAND: POST /session/9d48326ae870b5d3a573a2f725ac1bbc/element - {"using":"xpath","value":"//span[@id=\"application-manageyards-display-component---NewYard--addressNewCostObjectCstID-vhi\"]"}
RESULT: {"using":"xpath","value":"//span[@id=\"application-manageyards-display-component---NewYard--addressNewCostObjectCstID-vhi\"]"}
COMMAND: POST /session/9d48326ae870b5d3a573a2f725ac1bbc/execute/sync - {"script":"<script> [8489 bytes]","args":[{"element-6066-11e4-a52e-4f735466cecf":"f.0A588440BBC4B09490297E8A4E4C478B.d.66164703AA91F31842D60E30F7002F52.e.7127","ELEMENT":"f.0A588440BBC4B09490297E8A4E4C478B.d.66164703AA91F31842D60E30F7002F52.e.7127"}]}
RESULT: {"script":"<script> [8489 bytes]","args":[{"element-6066-11e4-a52e-4f735466cecf":"f.0A588440BBC4B09490297E8A4E4C478B.d.66164703AA91F31842D60E30F7002F52.e.7127","ELEMENT":"f.0A588440BBC4B09490297E8A4E4C478B.d.66164703AA91F31842D60E30F7002F52.e.7127"}]}
COMMAND: POST /session/9d48326ae870b5d3a573a2f725ac1bbc/execute/async - {"script":"<script> [1562 bytes]","args":[{"selector":{"id":"application-manageyards-display-component---NewYard--addressNewCostObjectCstID-vhi"},"wdio_ui5_key":"applicationmanageyards-display-component---NewYard--addressNewCostObjectCstID-vhi"}]}
COMMAND: GET /session/9d48326ae870b5d3a573a2f725ac1bbc/screenshot - {}
RESULT: {"script":"<script> [1562 bytes]","args":[{"selector":{"id":"application-manageyards-display-component---NewYard--addressNewCostObjectCstID-vhi"},"wdio_ui5_key":"applicationmanageyards-display-component---NewYard--addressNewCostObjectCstID-vhi"}]}
RESULT: undefined
COMMAND: POST /session/9d48326ae870b5d3a573a2f725ac1bbc/element - {"using":"xpath","value":"//*[@id=\"application-manageyards-display-component---NewYard--addressNewCostObjectCstID-vhi\"]"}
RESULT: {}
RESULT: {"using":"xpath","value":"//*[@id=\"application-manageyards-display-component---NewYard--addressNewCostObjectCstID-vhi\"]"}
COMMAND: POST /session/9d48326ae870b5d3a573a2f725ac1bbc/element/f.0A588440BBC4B09490297E8A4E4C478B.d.66164703AA91F31842D60E30F7002F52.e.7127/click - {}
RESULT: {}
COMMAND: GET /session/9d48326ae870b5d3a573a2f725ac1bbc/screenshot - {}
RESULT: {}
COMMAND: POST /session/9d48326ae870b5d3a573a2f725ac1bbc/execute/async - {"script":"<script> [1562 bytes]","args":[{"selector":{"controlType":"sap.m.SearchField","properties":{"placeholder":"Search"},"searchOpenDialogs":true,"interaction":{"idSuffix":"I"}},"wdio_ui5_key":"sapm.SearchField{\"placeholder\":\"Search\"}"}]}
RESULT: {"script":"<script> [1562 bytes]","args":[{"selector":{"controlType":"sap.m.SearchField","properties":{"placeholder":"Search"},"searchOpenDialogs":true,"interaction":{"idSuffix":"I"}},"wdio_ui5_key":"sapm.SearchField{\"placeholder\":\"Search\"}"}]}
RESULT: undefined
COMMAND: POST /session/9d48326ae870b5d3a573a2f725ac1bbc/execute/async - {"script":"<script> [776 bytes]","args":[{"enterText":"bauh_b","selector":{"controlType":"sap.m.SearchField","properties":{"placeholder":"Search"},"searchOpenDialogs":true,"interaction":{"idSuffix":"I"}},"clearTextFirst":true,"interactionType":"ENTER_TEXT"}]}
RESULT: {"script":"<script> [776 bytes]","args":[{"enterText":"bauh_b","selector":{"controlType":"sap.m.SearchField","properties":{"placeholder":"Search"},"searchOpenDialogs":true,"interaction":{"idSuffix":"I"}},"clearTextFirst":true,"interactionType":"ENTER_TEXT"}]}
COMMAND: POST /session/9d48326ae870b5d3a573a2f725ac1bbc/actions - {"actions":[{"id":"action18","type":"key","parameters":{},"actions":[{"type":"keyDown","value":""},{"type":"pause","duration":10},{"type":"keyUp","value":""}]}]}
RESULT: {"actions":[{"id":"action18","type":"key","parameters":{},"actions":[{"type":"keyDown","value":""},{"type":"pause","duration":10},{"type":"keyUp","value":""}]}]}
COMMAND: GET /session/9d48326ae870b5d3a573a2f725ac1bbc/screenshot - {}
RESULT: {}
COMMAND: POST /session/9d48326ae870b5d3a573a2f725ac1bbc/element - {"using":"xpath","value":"//span[contains(text(), \"Demo Yard\")]"}
RESULT: {"using":"xpath","value":"//span[contains(text(), \"Demo Yard\")]"}
COMMAND: POST /session/9d48326ae870b5d3a573a2f725ac1bbc/element/f.0A588440BBC4B09490297E8A4E4C478B.d.66164703AA91F31842D60E30F7002F52.e.7135/click - {}
RESULT: {}
COMMAND: GET /session/9d48326ae870b5d3a573a2f725ac1bbc/screenshot - {}
RESULT: {}
COMMAND: POST /session/9d48326ae870b5d3a573a2f725ac1bbc/element - {"using":"xpath","value":"//bdi[contains(text(), \"OK\")]"}
RESULT: {"using":"xpath","value":"//bdi[contains(text(), \"OK\")]"}
COMMAND: POST /session/9d48326ae870b5d3a573a2f725ac1bbc/element/f.0A588440BBC4B09490297E8A4E4C478B.d.66164703AA91F31842D60E30F7002F52.e.7137/click - {}
RESULT: {}
COMMAND: GET /session/9d48326ae870b5d3a573a2f725ac1bbc/screenshot - {}
RESULT: {}
COMMAND: POST /session/9d48326ae870b5d3a573a2f725ac1bbc/execute/async - {"script":"<script> [1562 bytes]","args":[{"selector":{"id":"application-manageyards-display-component---NewYard--addressEditDetailsCurrency-arrow"},"wdio_ui5_key":"applicationmanageyards-display-component---NewYard--addressEditDetailsCurrency-arrow"}]}
RESULT: {"script":"<script> [1562 bytes]","args":[{"selector":{"id":"application-manageyards-display-component---NewYard--addressEditDetailsCurrency-arrow"},"wdio_ui5_key":"applicationmanageyards-display-component---NewYard--addressEditDetailsCurrency-arrow"}]}
RESULT: undefined
COMMAND: POST /session/9d48326ae870b5d3a573a2f725ac1bbc/element - {"using":"xpath","value":"//*[@id=\"application-manageyards-display-component---NewYard--addressEditDetailsCurrency-arrow\"]"}
RESULT: {"using":"xpath","value":"//*[@id=\"application-manageyards-display-component---NewYard--addressEditDetailsCurrency-arrow\"]"}
COMMAND: POST /session/9d48326ae870b5d3a573a2f725ac1bbc/element/f.0A588440BBC4B09490297E8A4E4C478B.d.66164703AA91F31842D60E30F7002F52.e.7140/click - {}
RESULT: {}
COMMAND: POST /session/9d48326ae870b5d3a573a2f725ac1bbc/element - {"using":"xpath","value":"//span[contains(text(), \"Euro\")]"}
COMMAND: GET /session/9d48326ae870b5d3a573a2f725ac1bbc/screenshot - {}
RESULT: {"using":"xpath","value":"//span[contains(text(), \"Euro\")]"}
COMMAND: POST /session/9d48326ae870b5d3a573a2f725ac1bbc/element/f.0A588440BBC4B09490297E8A4E4C478B.d.66164703AA91F31842D60E30F7002F52.e.7141/click - {}
RESULT: {}
RESULT: {}
COMMAND: POST /session/9d48326ae870b5d3a573a2f725ac1bbc/execute/async - {"script":"<script> [1562 bytes]","args":[{"selector":{"controlType":"sap.m.Input","viewName":"etm.portal.ui.manageyards.view.New","viewId":"application-manageyards-display-component---NewYard","bindingPath":{"path":"","propertyPath":"/CONTROLLING_AREA","modelName":"NewYardModel"},"interaction":{"idSuffix":"inner"}},"wdio_ui5_key":"etmportal.ui.manageyards.view.Newsap.m.Input{\"path\":\"\",\"propertyPath\":\"/CONTROLLING_AREA\",\"modelName\":\"NewYardModel\"}"}]}
COMMAND: GET /session/9d48326ae870b5d3a573a2f725ac1bbc/screenshot - {}
RESULT: {"script":"<script> [1562 bytes]","args":[{"selector":{"controlType":"sap.m.Input","viewName":"etm.portal.ui.manageyards.view.New","viewId":"application-manageyards-display-component---NewYard","bindingPath":{"path":"","propertyPath":"/CONTROLLING_AREA","modelName":"NewYardModel"},"interaction":{"idSuffix":"inner"}},"wdio_ui5_key":"etmportal.ui.manageyards.view.Newsap.m.Input{\"path\":\"\",\"propertyPath\":\"/CONTROLLING_AREA\",\"modelName\":\"NewYardModel\"}"}]}
RESULT: undefined
COMMAND: POST /session/9d48326ae870b5d3a573a2f725ac1bbc/execute/async - {"script":"<script> [776 bytes]","args":[{"enterText":"Z001","selector":{"controlType":"sap.m.Input","viewName":"etm.portal.ui.manageyards.view.New","viewId":"application-manageyards-display-component---NewYard","bindingPath":{"path":"","propertyPath":"/CONTROLLING_AREA","modelName":"NewYardModel"},"interaction":{"idSuffix":"inner"}},"clearTextFirst":true,"interactionType":"ENTER_TEXT"}]}
RESULT: {}
RESULT: {"script":"<script> [776 bytes]","args":[{"enterText":"Z001","selector":{"controlType":"sap.m.Input","viewName":"etm.portal.ui.manageyards.view.New","viewId":"application-manageyards-display-component---NewYard","bindingPath":{"path":"","propertyPath":"/CONTROLLING_AREA","modelName":"NewYardModel"},"interaction":{"idSuffix":"inner"}},"clearTextFirst":true,"interactionType":"ENTER_TEXT"}]}
COMMAND: POST /session/9d48326ae870b5d3a573a2f725ac1bbc/execute/async - {"script":"<script> [1562 bytes]","args":[{"selector":{"id":"application-manageyards-display-component---NewYard--companyCodeComboBox","interaction":{"idSuffix":"inner"}},"wdio_ui5_key":"applicationmanageyards-display-component---NewYard--companyCodeComboBox"}]}
RESULT: {"script":"<script> [1562 bytes]","args":[{"selector":{"id":"application-manageyards-display-component---NewYard--companyCodeComboBox","interaction":{"idSuffix":"inner"}},"wdio_ui5_key":"applicationmanageyards-display-component---NewYard--companyCodeComboBox"}]}
RESULT: undefined
COMMAND: POST /session/9d48326ae870b5d3a573a2f725ac1bbc/execute/async - {"script":"<script> [776 bytes]","args":[{"enterText":"1000","selector":{"id":"application-manageyards-display-component---NewYard--companyCodeComboBox","interaction":{"idSuffix":"inner"}},"clearTextFirst":true,"interactionType":"ENTER_TEXT"}]}
RESULT: {"script":"<script> [776 bytes]","args":[{"enterText":"1000","selector":{"id":"application-manageyards-display-component---NewYard--companyCodeComboBox","interaction":{"idSuffix":"inner"}},"clearTextFirst":true,"interactionType":"ENTER_TEXT"}]}
COMMAND: POST /session/9d48326ae870b5d3a573a2f725ac1bbc/execute/async - {"script":"<script> [1562 bytes]","args":[{"selector":{"controlType":"sap.m.Input","viewName":"etm.portal.ui.manageyards.view.New","viewId":"application-manageyards-display-component---NewYard","bindingPath":{"path":"","propertyPath":"/PLANT","modelName":"NewYardModel"},"interaction":{"idSuffix":"inner"}},"wdio_ui5_key":"etmportal.ui.manageyards.view.Newsap.m.Input{\"path\":\"\",\"propertyPath\":\"/PLANT\",\"modelName\":\"NewYardModel\"}"}]}
RESULT: {"script":"<script> [1562 bytes]","args":[{"selector":{"controlType":"sap.m.Input","viewName":"etm.portal.ui.manageyards.view.New","viewId":"application-manageyards-display-component---NewYard","bindingPath":{"path":"","propertyPath":"/PLANT","modelName":"NewYardModel"},"interaction":{"idSuffix":"inner"}},"wdio_ui5_key":"etmportal.ui.manageyards.view.Newsap.m.Input{\"path\":\"\",\"propertyPath\":\"/PLANT\",\"modelName\":\"NewYardModel\"}"}]}
RESULT: undefined
COMMAND: POST /session/9d48326ae870b5d3a573a2f725ac1bbc/execute/async - {"script":"<script> [776 bytes]","args":[{"enterText":"1001","selector":{"controlType":"sap.m.Input","viewName":"etm.portal.ui.manageyards.view.New","viewId":"application-manageyards-display-component---NewYard","bindingPath":{"path":"","propertyPath":"/PLANT","modelName":"NewYardModel"},"interaction":{"idSuffix":"inner"}},"clearTextFirst":true,"interactionType":"ENTER_TEXT"}]}
RESULT: {"script":"<script> [776 bytes]","args":[{"enterText":"1001","selector":{"controlType":"sap.m.Input","viewName":"etm.portal.ui.manageyards.view.New","viewId":"application-manageyards-display-component---NewYard","bindingPath":{"path":"","propertyPath":"/PLANT","modelName":"NewYardModel"},"interaction":{"idSuffix":"inner"}},"clearTextFirst":true,"interactionType":"ENTER_TEXT"}]}
COMMAND: POST /session/9d48326ae870b5d3a573a2f725ac1bbc/execute/async - {"script":"<script> [1562 bytes]","args":[{"selector":{"controlType":"sap.m.Input","viewName":"etm.portal.ui.manageyards.view.New","viewId":"application-manageyards-display-component---NewYard","bindingPath":{"path":"","propertyPath":"/SALES_AREA_VKORG","modelName":"NewYardModel"},"interaction":{"idSuffix":"inner"}},"wdio_ui5_key":"etmportal.ui.manageyards.view.Newsap.m.Input{\"path\":\"\",\"propertyPath\":\"/SALES_AREA_VKORG\",\"modelName\":\"NewYardModel\"}"}]}
RESULT: {"script":"<script> [1562 bytes]","args":[{"selector":{"controlType":"sap.m.Input","viewName":"etm.portal.ui.manageyards.view.New","viewId":"application-manageyards-display-component---NewYard","bindingPath":{"path":"","propertyPath":"/SALES_AREA_VKORG","modelName":"NewYardModel"},"interaction":{"idSuffix":"inner"}},"wdio_ui5_key":"etmportal.ui.manageyards.view.Newsap.m.Input{\"path\":\"\",\"propertyPath\":\"/SALES_AREA_VKORG\",\"modelName\":\"NewYardModel\"}"}]}
RESULT: undefined
COMMAND: POST /session/9d48326ae870b5d3a573a2f725ac1bbc/execute/async - {"script":"<script> [776 bytes]","args":[{"enterText":"C002","selector":{"controlType":"sap.m.Input","viewName":"etm.portal.ui.manageyards.view.New","viewId":"application-manageyards-display-component---NewYard","bindingPath":{"path":"","propertyPath":"/SALES_AREA_VKORG","modelName":"NewYardModel"},"interaction":{"idSuffix":"inner"}},"clearTextFirst":true,"interactionType":"ENTER_TEXT"}]}
RESULT: {"script":"<script> [776 bytes]","args":[{"enterText":"C002","selector":{"controlType":"sap.m.Input","viewName":"etm.portal.ui.manageyards.view.New","viewId":"application-manageyards-display-component---NewYard","bindingPath":{"path":"","propertyPath":"/SALES_AREA_VKORG","modelName":"NewYardModel"},"interaction":{"idSuffix":"inner"}},"clearTextFirst":true,"interactionType":"ENTER_TEXT"}]}
COMMAND: POST /session/9d48326ae870b5d3a573a2f725ac1bbc/execute/async - {"script":"<script> [1562 bytes]","args":[{"selector":{"controlType":"sap.m.Input","viewName":"etm.portal.ui.manageyards.view.New","viewId":"application-manageyards-display-component---NewYard","bindingPath":{"path":"","propertyPath":"/SALES_AREA_VTWEG","modelName":"NewYardModel"},"interaction":{"idSuffix":"inner"}},"wdio_ui5_key":"etmportal.ui.manageyards.view.Newsap.m.Input{\"path\":\"\",\"propertyPath\":\"/SALES_AREA_VTWEG\",\"modelName\":\"NewYardModel\"}"}]}
RESULT: {"script":"<script> [1562 bytes]","args":[{"selector":{"controlType":"sap.m.Input","viewName":"etm.portal.ui.manageyards.view.New","viewId":"application-manageyards-display-component---NewYard","bindingPath":{"path":"","propertyPath":"/SALES_AREA_VTWEG","modelName":"NewYardModel"},"interaction":{"idSuffix":"inner"}},"wdio_ui5_key":"etmportal.ui.manageyards.view.Newsap.m.Input{\"path\":\"\",\"propertyPath\":\"/SALES_AREA_VTWEG\",\"modelName\":\"NewYardModel\"}"}]}
RESULT: undefined
COMMAND: POST /session/9d48326ae870b5d3a573a2f725ac1bbc/execute/async - {"script":"<script> [776 bytes]","args":[{"enterText":"C2","selector":{"controlType":"sap.m.Input","viewName":"etm.portal.ui.manageyards.view.New","viewId":"application-manageyards-display-component---NewYard","bindingPath":{"path":"","propertyPath":"/SALES_AREA_VTWEG","modelName":"NewYardModel"},"interaction":{"idSuffix":"inner"}},"clearTextFirst":true,"interactionType":"ENTER_TEXT"}]}
RESULT: {"script":"<script> [776 bytes]","args":[{"enterText":"C2","selector":{"controlType":"sap.m.Input","viewName":"etm.portal.ui.manageyards.view.New","viewId":"application-manageyards-display-component---NewYard","bindingPath":{"path":"","propertyPath":"/SALES_AREA_VTWEG","modelName":"NewYardModel"},"interaction":{"idSuffix":"inner"}},"clearTextFirst":true,"interactionType":"ENTER_TEXT"}]}
COMMAND: POST /session/9d48326ae870b5d3a573a2f725ac1bbc/execute/async - {"script":"<script> [1562 bytes]","args":[{"selector":{"controlType":"sap.m.Input","viewName":"etm.portal.ui.manageyards.view.New","viewId":"application-manageyards-display-component---NewYard","bindingPath":{"path":"","propertyPath":"/SALES_AREA_SPART","modelName":"NewYardModel"},"interaction":{"idSuffix":"inner"}},"wdio_ui5_key":"etmportal.ui.manageyards.view.Newsap.m.Input{\"path\":\"\",\"propertyPath\":\"/SALES_AREA_SPART\",\"modelName\":\"NewYardModel\"}"}]}
RESULT: {"script":"<script> [1562 bytes]","args":[{"selector":{"controlType":"sap.m.Input","viewName":"etm.portal.ui.manageyards.view.New","viewId":"application-manageyards-display-component---NewYard","bindingPath":{"path":"","propertyPath":"/SALES_AREA_SPART","modelName":"NewYardModel"},"interaction":{"idSuffix":"inner"}},"wdio_ui5_key":"etmportal.ui.manageyards.view.Newsap.m.Input{\"path\":\"\",\"propertyPath\":\"/SALES_AREA_SPART\",\"modelName\":\"NewYardModel\"}"}]}
RESULT: undefined
COMMAND: POST /session/9d48326ae870b5d3a573a2f725ac1bbc/execute/async - {"script":"<script> [776 bytes]","args":[{"enterText":"C2","selector":{"controlType":"sap.m.Input","viewName":"etm.portal.ui.manageyards.view.New","viewId":"application-manageyards-display-component---NewYard","bindingPath":{"path":"","propertyPath":"/SALES_AREA_SPART","modelName":"NewYardModel"},"interaction":{"idSuffix":"inner"}},"clearTextFirst":true,"interactionType":"ENTER_TEXT"}]}
RESULT: {"script":"<script> [776 bytes]","args":[{"enterText":"C2","selector":{"controlType":"sap.m.Input","viewName":"etm.portal.ui.manageyards.view.New","viewId":"application-manageyards-display-component---NewYard","bindingPath":{"path":"","propertyPath":"/SALES_AREA_SPART","modelName":"NewYardModel"},"interaction":{"idSuffix":"inner"}},"clearTextFirst":true,"interactionType":"ENTER_TEXT"}]}
COMMAND: POST /session/9d48326ae870b5d3a573a2f725ac1bbc/execute/async - {"script":"<script> [1562 bytes]","args":[{"selector":{"controlType":"sap.m.Input","viewName":"etm.portal.ui.manageyards.view.New","viewId":"application-manageyards-display-component---NewYard","bindingPath":{"path":"","propertyPath":"/SHIP_POINT","modelName":"NewYardModel"},"interaction":{"idSuffix":"inner"}},"wdio_ui5_key":"etmportal.ui.manageyards.view.Newsap.m.Input{\"path\":\"\",\"propertyPath\":\"/SHIP_POINT\",\"modelName\":\"NewYardModel\"}"}]}
RESULT: {"script":"<script> [1562 bytes]","args":[{"selector":{"controlType":"sap.m.Input","viewName":"etm.portal.ui.manageyards.view.New","viewId":"application-manageyards-display-component---NewYard","bindingPath":{"path":"","propertyPath":"/SHIP_POINT","modelName":"NewYardModel"},"interaction":{"idSuffix":"inner"}},"wdio_ui5_key":"etmportal.ui.manageyards.view.Newsap.m.Input{\"path\":\"\",\"propertyPath\":\"/SHIP_POINT\",\"modelName\":\"NewYardModel\"}"}]}
RESULT: undefined
COMMAND: POST /session/9d48326ae870b5d3a573a2f725ac1bbc/execute/async - {"script":"<script> [776 bytes]","args":[{"enterText":"1710","selector":{"controlType":"sap.m.Input","viewName":"etm.portal.ui.manageyards.view.New","viewId":"application-manageyards-display-component---NewYard","bindingPath":{"path":"","propertyPath":"/SHIP_POINT","modelName":"NewYardModel"},"interaction":{"idSuffix":"inner"}},"clearTextFirst":true,"interactionType":"ENTER_TEXT"}]}
RESULT: {"script":"<script> [776 bytes]","args":[{"enterText":"1710","selector":{"controlType":"sap.m.Input","viewName":"etm.portal.ui.manageyards.view.New","viewId":"application-manageyards-display-component---NewYard","bindingPath":{"path":"","propertyPath":"/SHIP_POINT","modelName":"NewYardModel"},"interaction":{"idSuffix":"inner"}},"clearTextFirst":true,"interactionType":"ENTER_TEXT"}]}
COMMAND: POST /session/9d48326ae870b5d3a573a2f725ac1bbc/execute/async - {"script":"<script> [1562 bytes]","args":[{"selector":{"controlType":"sap.m.Input","viewName":"etm.portal.ui.manageyards.view.New","viewId":"application-manageyards-display-component---NewYard","bindingPath":{"path":"","propertyPath":"/DELIVERY_TYPE","modelName":"NewYardModel"},"interaction":{"idSuffix":"inner"}},"wdio_ui5_key":"etmportal.ui.manageyards.view.Newsap.m.Input{\"path\":\"\",\"propertyPath\":\"/DELIVERY_TYPE\",\"modelName\":\"NewYardModel\"}"}]}
RESULT: {"script":"<script> [1562 bytes]","args":[{"selector":{"controlType":"sap.m.Input","viewName":"etm.portal.ui.manageyards.view.New","viewId":"application-manageyards-display-component---NewYard","bindingPath":{"path":"","propertyPath":"/DELIVERY_TYPE","modelName":"NewYardModel"},"interaction":{"idSuffix":"inner"}},"wdio_ui5_key":"etmportal.ui.manageyards.view.Newsap.m.Input{\"path\":\"\",\"propertyPath\":\"/DELIVERY_TYPE\",\"modelName\":\"NewYardModel\"}"}]}
RESULT: undefined
COMMAND: POST /session/9d48326ae870b5d3a573a2f725ac1bbc/execute/async - {"script":"<script> [776 bytes]","args":[{"enterText":"ZL01","selector":{"controlType":"sap.m.Input","viewName":"etm.portal.ui.manageyards.view.New","viewId":"application-manageyards-display-component---NewYard","bindingPath":{"path":"","propertyPath":"/DELIVERY_TYPE","modelName":"NewYardModel"},"interaction":{"idSuffix":"inner"}},"clearTextFirst":true,"interactionType":"ENTER_TEXT"}]}
RESULT: {"script":"<script> [776 bytes]","args":[{"enterText":"ZL01","selector":{"controlType":"sap.m.Input","viewName":"etm.portal.ui.manageyards.view.New","viewId":"application-manageyards-display-component---NewYard","bindingPath":{"path":"","propertyPath":"/DELIVERY_TYPE","modelName":"NewYardModel"},"interaction":{"idSuffix":"inner"}},"clearTextFirst":true,"interactionType":"ENTER_TEXT"}]}
COMMAND: POST /session/9d48326ae870b5d3a573a2f725ac1bbc/execute/async - {"script":"<script> [1562 bytes]","args":[{"selector":{"controlType":"sap.m.Input","viewName":"etm.portal.ui.manageyards.view.New","viewId":"application-manageyards-display-component---NewYard","bindingPath":{"path":"","propertyPath":"/AUART","modelName":"NewYardModel"},"interaction":{"idSuffix":"inner"}},"wdio_ui5_key":"etmportal.ui.manageyards.view.Newsap.m.Input{\"path\":\"\",\"propertyPath\":\"/AUART\",\"modelName\":\"NewYardModel\"}"}]}
RESULT: {"script":"<script> [1562 bytes]","args":[{"selector":{"controlType":"sap.m.Input","viewName":"etm.portal.ui.manageyards.view.New","viewId":"application-manageyards-display-component---NewYard","bindingPath":{"path":"","propertyPath":"/AUART","modelName":"NewYardModel"},"interaction":{"idSuffix":"inner"}},"wdio_ui5_key":"etmportal.ui.manageyards.view.Newsap.m.Input{\"path\":\"\",\"propertyPath\":\"/AUART\",\"modelName\":\"NewYardModel\"}"}]}
RESULT: undefined
COMMAND: POST /session/9d48326ae870b5d3a573a2f725ac1bbc/execute/async - {"script":"<script> [776 bytes]","args":[{"enterText":"TA","selector":{"controlType":"sap.m.Input","viewName":"etm.portal.ui.manageyards.view.New","viewId":"application-manageyards-display-component---NewYard","bindingPath":{"path":"","propertyPath":"/AUART","modelName":"NewYardModel"},"interaction":{"idSuffix":"inner"}},"clearTextFirst":true,"interactionType":"ENTER_TEXT"}]}
RESULT: {"script":"<script> [776 bytes]","args":[{"enterText":"TA","selector":{"controlType":"sap.m.Input","viewName":"etm.portal.ui.manageyards.view.New","viewId":"application-manageyards-display-component---NewYard","bindingPath":{"path":"","propertyPath":"/AUART","modelName":"NewYardModel"},"interaction":{"idSuffix":"inner"}},"clearTextFirst":true,"interactionType":"ENTER_TEXT"}]}
COMMAND: POST /session/9d48326ae870b5d3a573a2f725ac1bbc/element - {"using":"xpath","value":"//button[@data-kt=\"newYardSaveButton\"]"}
RESULT: {"using":"xpath","value":"//button[@data-kt=\"newYardSaveButton\"]"}
COMMAND: POST /session/9d48326ae870b5d3a573a2f725ac1bbc/element/f.0A588440BBC4B09490297E8A4E4C478B.d.66164703AA91F31842D60E30F7002F52.e.7101/click - {}
RESULT: {}
COMMAND: GET /session/9d48326ae870b5d3a573a2f725ac1bbc/screenshot - {}
RESULT: {}
COMMAND: POST /session/9d48326ae870b5d3a573a2f725ac1bbc/element - {"using":"xpath","value":"//header[contains(@id, 'ObjectPageLayout-headerTitle')]/div[1]/div[2]/div[1]/span[1]"}
RESULT: {"using":"xpath","value":"//header[contains(@id, 'ObjectPageLayout-headerTitle')]/div[1]/div[2]/div[1]/span[1]"}
COMMAND: POST /session/9d48326ae870b5d3a573a2f725ac1bbc/elements - {"using":"xpath","value":"//header[contains(@id, 'ObjectPageLayout-headerTitle')]/div[1]/div[2]/div[1]/span[1]"}
RESULT: {"using":"xpath","value":"//header[contains(@id, 'ObjectPageLayout-headerTitle')]/div[1]/div[2]/div[1]/span[1]"}
COMMAND: POST /session/9d48326ae870b5d3a573a2f725ac1bbc/execute/sync - {"script":"<script> [56 bytes]","args":[{"element-6066-11e4-a52e-4f735466cecf":"f.0A588440BBC4B09490297E8A4E4C478B.d.66164703AA91F31842D60E30F7002F52.e.7357","ELEMENT":"f.0A588440BBC4B09490297E8A4E4C478B.d.66164703AA91F31842D60E30F7002F52.e.7357"}]}
RESULT: {"script":"<script> [56 bytes]","args":[{"element-6066-11e4-a52e-4f735466cecf":"f.0A588440BBC4B09490297E8A4E4C478B.d.66164703AA91F31842D60E30F7002F52.e.7357","ELEMENT":"f.0A588440BBC4B09490297E8A4E4C478B.d.66164703AA91F31842D60E30F7002F52.e.7357"}]}
COMMAND: GET /session/9d48326ae870b5d3a573a2f725ac1bbc/screenshot - {}
RESULT: {}
COMMAND: POST /session/9d48326ae870b5d3a573a2f725ac1bbc/element - {"using":"css selector","value":"#shell-header-logo"}
RESULT: {"using":"css selector","value":"#shell-header-logo"}
COMMAND: POST /session/9d48326ae870b5d3a573a2f725ac1bbc/element/f.0A588440BBC4B09490297E8A4E4C478B.d.66164703AA91F31842D60E30F7002F52.e.6654/click - {}
RESULT: {}
COMMAND: GET /session/9d48326ae870b5d3a573a2f725ac1bbc/screenshot - {}
RESULT: {}
COMMAND: POST /session/9d48326ae870b5d3a573a2f725ac1bbc/execute/sync - {"script":"<script> [299 bytes]","args":[["getModel","getResource"]]}
RESULT: {"script":"<script> [299 bytes]","args":[["getModel","getResource"]]}
]]></system-out>
    </testcase>
    <testcase classname="chrome.136_0_7103_93.windows.Billing_Transfer_-_Intracompany_US127249" name="Should create a new partner" time="144.315">
      <system-out><![CDATA[
COMMAND: GET /session/9d48326ae870b5d3a573a2f725ac1bbc/screenshot - {}
COMMAND: POST /session/9d48326ae870b5d3a573a2f725ac1bbc/window/fullscreen - {}
RESULT: {}
RESULT: {}
COMMAND: POST /session/9d48326ae870b5d3a573a2f725ac1bbc/execute/async - {"script":"<script> [1562 bytes]","args":[{"selector":{"controlType":"sap.m.GenericTile","properties":{"header":"Manage Partners"}},"wdio_ui5_key":"sapm.GenericTile{\"header\":\"Manage Partners\"}"}]}
RESULT: {"script":"<script> [1562 bytes]","args":[{"selector":{"controlType":"sap.m.GenericTile","properties":{"header":"Manage Partners"}},"wdio_ui5_key":"sapm.GenericTile{\"header\":\"Manage Partners\"}"}]}
RESULT: undefined
COMMAND: POST /session/9d48326ae870b5d3a573a2f725ac1bbc/element - {"using":"xpath","value":"//*[@id=\"__tile38\"]"}
RESULT: {"using":"xpath","value":"//*[@id=\"__tile38\"]"}
COMMAND: POST /session/9d48326ae870b5d3a573a2f725ac1bbc/element/f.0A588440BBC4B09490297E8A4E4C478B.d.66164703AA91F31842D60E30F7002F52.e.6543/click - {}
RESULT: {}
COMMAND: GET /session/9d48326ae870b5d3a573a2f725ac1bbc/screenshot - {}
RESULT: {}
COMMAND: POST /session/9d48326ae870b5d3a573a2f725ac1bbc/elements - {"using":"xpath","value":"//span[text()='Error']"}
RESULT: {"using":"xpath","value":"//span[text()='Error']"}
COMMAND: POST /session/9d48326ae870b5d3a573a2f725ac1bbc/element - {"using":"xpath","value":"//button[@data-kt=\"addButton\"]"}
RESULT: {"using":"xpath","value":"//button[@data-kt=\"addButton\"]"}
COMMAND: POST /session/9d48326ae870b5d3a573a2f725ac1bbc/elements - {"using":"xpath","value":"//button[@data-kt=\"addButton\"]"}
RESULT: {"using":"xpath","value":"//button[@data-kt=\"addButton\"]"}
COMMAND: POST /session/9d48326ae870b5d3a573a2f725ac1bbc/execute/sync - {"script":"<script> [8489 bytes]","args":[{"element-6066-11e4-a52e-4f735466cecf":"f.0A588440BBC4B09490297E8A4E4C478B.d.66164703AA91F31842D60E30F7002F52.e.7395","ELEMENT":"f.0A588440BBC4B09490297E8A4E4C478B.d.66164703AA91F31842D60E30F7002F52.e.7395"}]}
RESULT: {"script":"<script> [8489 bytes]","args":[{"element-6066-11e4-a52e-4f735466cecf":"f.0A588440BBC4B09490297E8A4E4C478B.d.66164703AA91F31842D60E30F7002F52.e.7395","ELEMENT":"f.0A588440BBC4B09490297E8A4E4C478B.d.66164703AA91F31842D60E30F7002F52.e.7395"}]}
COMMAND: GET /session/9d48326ae870b5d3a573a2f725ac1bbc/element/f.0A588440BBC4B09490297E8A4E4C478B.d.66164703AA91F31842D60E30F7002F52.e.7395/enabled - {}
COMMAND: GET /session/9d48326ae870b5d3a573a2f725ac1bbc/screenshot - {}
RESULT: {}
COMMAND: POST /session/9d48326ae870b5d3a573a2f725ac1bbc/execute/sync - {"script":"<script> [8489 bytes]","args":[{"element-6066-11e4-a52e-4f735466cecf":"f.0A588440BBC4B09490297E8A4E4C478B.d.66164703AA91F31842D60E30F7002F52.e.7395","ELEMENT":"f.0A588440BBC4B09490297E8A4E4C478B.d.66164703AA91F31842D60E30F7002F52.e.7395"}]}
COMMAND: GET /session/9d48326ae870b5d3a573a2f725ac1bbc/screenshot - {}
RESULT: {}
RESULT: {"script":"<script> [8489 bytes]","args":[{"element-6066-11e4-a52e-4f735466cecf":"f.0A588440BBC4B09490297E8A4E4C478B.d.66164703AA91F31842D60E30F7002F52.e.7395","ELEMENT":"f.0A588440BBC4B09490297E8A4E4C478B.d.66164703AA91F31842D60E30F7002F52.e.7395"}]}
COMMAND: POST /session/9d48326ae870b5d3a573a2f725ac1bbc/execute/sync - {"script":"<script> [5351 bytes]","args":[{"element-6066-11e4-a52e-4f735466cecf":"f.0A588440BBC4B09490297E8A4E4C478B.d.66164703AA91F31842D60E30F7002F52.e.7395","ELEMENT":"f.0A588440BBC4B09490297E8A4E4C478B.d.66164703AA91F31842D60E30F7002F52.e.7395"}]}
COMMAND: GET /session/9d48326ae870b5d3a573a2f725ac1bbc/screenshot - {}
RESULT: {}
RESULT: {}
RESULT: {"script":"<script> [5351 bytes]","args":[{"element-6066-11e4-a52e-4f735466cecf":"f.0A588440BBC4B09490297E8A4E4C478B.d.66164703AA91F31842D60E30F7002F52.e.7395","ELEMENT":"f.0A588440BBC4B09490297E8A4E4C478B.d.66164703AA91F31842D60E30F7002F52.e.7395"}]}
COMMAND: POST /session/9d48326ae870b5d3a573a2f725ac1bbc/element/f.0A588440BBC4B09490297E8A4E4C478B.d.66164703AA91F31842D60E30F7002F52.e.7395/click - {}
COMMAND: GET /session/9d48326ae870b5d3a573a2f725ac1bbc/screenshot - {}
RESULT: {}
COMMAND: GET /session/9d48326ae870b5d3a573a2f725ac1bbc/screenshot - {}
RESULT: {}
RESULT: {}
COMMAND: POST /session/9d48326ae870b5d3a573a2f725ac1bbc/execute/async - {"script":"<script> [1562 bytes]","args":[{"selector":{"id":"application-managepartners-display-component---NewPartner--addressDetailDetailsName1","interaction":{"idSuffix":"inner"}},"wdio_ui5_key":"applicationmanagepartners-display-component---NewPartner--addressDetailDetailsName1"}]}
RESULT: {"script":"<script> [1562 bytes]","args":[{"selector":{"id":"application-managepartners-display-component---NewPartner--addressDetailDetailsName1","interaction":{"idSuffix":"inner"}},"wdio_ui5_key":"applicationmanagepartners-display-component---NewPartner--addressDetailDetailsName1"}]}
RESULT: undefined
COMMAND: POST /session/9d48326ae870b5d3a573a2f725ac1bbc/execute/async - {"script":"<script> [776 bytes]","args":[{"enterText":"Intracompany Partner WDIO","selector":{"id":"application-managepartners-display-component---NewPartner--addressDetailDetailsName1","interaction":{"idSuffix":"inner"}},"clearTextFirst":true,"interactionType":"ENTER_TEXT"}]}
RESULT: {"script":"<script> [776 bytes]","args":[{"enterText":"Intracompany Partner WDIO","selector":{"id":"application-managepartners-display-component---NewPartner--addressDetailDetailsName1","interaction":{"idSuffix":"inner"}},"clearTextFirst":true,"interactionType":"ENTER_TEXT"}]}
COMMAND: POST /session/9d48326ae870b5d3a573a2f725ac1bbc/execute/async - {"script":"<script> [1562 bytes]","args":[{"selector":{"id":"application-managepartners-display-component---NewPartner--addressDetailDetailsLanguage-arrow"},"wdio_ui5_key":"applicationmanagepartners-display-component---NewPartner--addressDetailDetailsLanguage-arrow"}]}
RESULT: {"script":"<script> [1562 bytes]","args":[{"selector":{"id":"application-managepartners-display-component---NewPartner--addressDetailDetailsLanguage-arrow"},"wdio_ui5_key":"applicationmanagepartners-display-component---NewPartner--addressDetailDetailsLanguage-arrow"}]}
RESULT: undefined
COMMAND: POST /session/9d48326ae870b5d3a573a2f725ac1bbc/element - {"using":"xpath","value":"//*[@id=\"application-managepartners-display-component---NewPartner--addressDetailDetailsLanguage-arrow\"]"}
RESULT: {"using":"xpath","value":"//*[@id=\"application-managepartners-display-component---NewPartner--addressDetailDetailsLanguage-arrow\"]"}
COMMAND: POST /session/9d48326ae870b5d3a573a2f725ac1bbc/element/f.0A588440BBC4B09490297E8A4E4C478B.d.66164703AA91F31842D60E30F7002F52.e.7847/click - {}
RESULT: {}
COMMAND: POST /session/9d48326ae870b5d3a573a2f725ac1bbc/element - {"using":"xpath","value":"//span[contains(text(), \"English\")]"}
COMMAND: GET /session/9d48326ae870b5d3a573a2f725ac1bbc/screenshot - {}
RESULT: {"using":"xpath","value":"//span[contains(text(), \"English\")]"}
COMMAND: POST /session/9d48326ae870b5d3a573a2f725ac1bbc/element/f.0A588440BBC4B09490297E8A4E4C478B.d.66164703AA91F31842D60E30F7002F52.e.7848/click - {}
RESULT: {}
RESULT: {}
COMMAND: GET /session/9d48326ae870b5d3a573a2f725ac1bbc/screenshot - {}
RESULT: {}
COMMAND: POST /session/9d48326ae870b5d3a573a2f725ac1bbc/execute/async - {"script":"<script> [1562 bytes]","args":[{"selector":{"id":"application-managepartners-display-component---NewPartner--addressDetailDetailsCity1","interaction":{"idSuffix":"inner"}},"wdio_ui5_key":"applicationmanagepartners-display-component---NewPartner--addressDetailDetailsCity1"}]}
RESULT: {"script":"<script> [1562 bytes]","args":[{"selector":{"id":"application-managepartners-display-component---NewPartner--addressDetailDetailsCity1","interaction":{"idSuffix":"inner"}},"wdio_ui5_key":"applicationmanagepartners-display-component---NewPartner--addressDetailDetailsCity1"}]}
RESULT: undefined
COMMAND: POST /session/9d48326ae870b5d3a573a2f725ac1bbc/execute/async - {"script":"<script> [776 bytes]","args":[{"enterText":"Rosario","selector":{"id":"application-managepartners-display-component---NewPartner--addressDetailDetailsCity1","interaction":{"idSuffix":"inner"}},"clearTextFirst":true,"interactionType":"ENTER_TEXT"}]}
RESULT: {"script":"<script> [776 bytes]","args":[{"enterText":"Rosario","selector":{"id":"application-managepartners-display-component---NewPartner--addressDetailDetailsCity1","interaction":{"idSuffix":"inner"}},"clearTextFirst":true,"interactionType":"ENTER_TEXT"}]}
COMMAND: POST /session/9d48326ae870b5d3a573a2f725ac1bbc/execute/async - {"script":"<script> [1562 bytes]","args":[{"selector":{"id":"application-managepartners-display-component---NewPartner--addressDetailDetailsCountry-arrow"},"wdio_ui5_key":"applicationmanagepartners-display-component---NewPartner--addressDetailDetailsCountry-arrow"}]}
RESULT: {"script":"<script> [1562 bytes]","args":[{"selector":{"id":"application-managepartners-display-component---NewPartner--addressDetailDetailsCountry-arrow"},"wdio_ui5_key":"applicationmanagepartners-display-component---NewPartner--addressDetailDetailsCountry-arrow"}]}
RESULT: undefined
COMMAND: POST /session/9d48326ae870b5d3a573a2f725ac1bbc/element - {"using":"xpath","value":"//*[@id=\"application-managepartners-display-component---NewPartner--addressDetailDetailsCountry-arrow\"]"}
RESULT: {"using":"xpath","value":"//*[@id=\"application-managepartners-display-component---NewPartner--addressDetailDetailsCountry-arrow\"]"}
COMMAND: POST /session/9d48326ae870b5d3a573a2f725ac1bbc/element/f.0A588440BBC4B09490297E8A4E4C478B.d.66164703AA91F31842D60E30F7002F52.e.7833/click - {}
RESULT: {}
COMMAND: POST /session/9d48326ae870b5d3a573a2f725ac1bbc/element - {"using":"xpath","value":"//span[contains(text(), \"Argentina\")]"}
COMMAND: GET /session/9d48326ae870b5d3a573a2f725ac1bbc/screenshot - {}
RESULT: {"using":"xpath","value":"//span[contains(text(), \"Argentina\")]"}
COMMAND: POST /session/9d48326ae870b5d3a573a2f725ac1bbc/element/f.0A588440BBC4B09490297E8A4E4C478B.d.66164703AA91F31842D60E30F7002F52.e.7850/click - {}
RESULT: {}
RESULT: {}
COMMAND: GET /session/9d48326ae870b5d3a573a2f725ac1bbc/screenshot - {}
RESULT: {}
COMMAND: POST /session/9d48326ae870b5d3a573a2f725ac1bbc/element - {"using":"xpath","value":"//bdi[contains(text(), \"Commercial\")]"}
RESULT: {"using":"xpath","value":"//bdi[contains(text(), \"Commercial\")]"}
COMMAND: POST /session/9d48326ae870b5d3a573a2f725ac1bbc/element/f.0A588440BBC4B09490297E8A4E4C478B.d.66164703AA91F31842D60E30F7002F52.e.7851/click - {}
RESULT: {}
COMMAND: GET /session/9d48326ae870b5d3a573a2f725ac1bbc/screenshot - {}
RESULT: {}
COMMAND: POST /session/9d48326ae870b5d3a573a2f725ac1bbc/execute/async - {"script":"<script> [1562 bytes]","args":[{"selector":{"id":"application-managepartners-display-component---NewPartner--partnerDetailInternal-arrow"},"wdio_ui5_key":"applicationmanagepartners-display-component---NewPartner--partnerDetailInternal-arrow"}]}
RESULT: {"script":"<script> [1562 bytes]","args":[{"selector":{"id":"application-managepartners-display-component---NewPartner--partnerDetailInternal-arrow"},"wdio_ui5_key":"applicationmanagepartners-display-component---NewPartner--partnerDetailInternal-arrow"}]}
RESULT: undefined
COMMAND: POST /session/9d48326ae870b5d3a573a2f725ac1bbc/element - {"using":"xpath","value":"//*[@id=\"application-managepartners-display-component---NewPartner--partnerDetailInternal-arrow\"]"}
RESULT: {"using":"xpath","value":"//*[@id=\"application-managepartners-display-component---NewPartner--partnerDetailInternal-arrow\"]"}
COMMAND: POST /session/9d48326ae870b5d3a573a2f725ac1bbc/element/f.0A588440BBC4B09490297E8A4E4C478B.d.66164703AA91F31842D60E30F7002F52.e.7857/click - {}
RESULT: {}
COMMAND: POST /session/9d48326ae870b5d3a573a2f725ac1bbc/element - {"using":"xpath","value":"//span[contains(text(), \"Affiliated company\")]"}
COMMAND: GET /session/9d48326ae870b5d3a573a2f725ac1bbc/screenshot - {}
RESULT: {"using":"xpath","value":"//span[contains(text(), \"Affiliated company\")]"}
COMMAND: POST /session/9d48326ae870b5d3a573a2f725ac1bbc/element/f.0A588440BBC4B09490297E8A4E4C478B.d.66164703AA91F31842D60E30F7002F52.e.7860/click - {}
RESULT: {}
RESULT: {}
COMMAND: POST /session/9d48326ae870b5d3a573a2f725ac1bbc/execute/async - {"script":"<script> [1562 bytes]","args":[{"selector":{"id":"application-managepartners-display-component---NewPartner--partnerDetailsCurrency-arrow"},"wdio_ui5_key":"applicationmanagepartners-display-component---NewPartner--partnerDetailsCurrency-arrow"}]}
COMMAND: GET /session/9d48326ae870b5d3a573a2f725ac1bbc/screenshot - {}
RESULT: {"script":"<script> [1562 bytes]","args":[{"selector":{"id":"application-managepartners-display-component---NewPartner--partnerDetailsCurrency-arrow"},"wdio_ui5_key":"applicationmanagepartners-display-component---NewPartner--partnerDetailsCurrency-arrow"}]}
RESULT: undefined
COMMAND: POST /session/9d48326ae870b5d3a573a2f725ac1bbc/element - {"using":"xpath","value":"//*[@id=\"application-managepartners-display-component---NewPartner--partnerDetailsCurrency-arrow\"]"}
RESULT: {}
RESULT: {"using":"xpath","value":"//*[@id=\"application-managepartners-display-component---NewPartner--partnerDetailsCurrency-arrow\"]"}
COMMAND: POST /session/9d48326ae870b5d3a573a2f725ac1bbc/element/f.0A588440BBC4B09490297E8A4E4C478B.d.66164703AA91F31842D60E30F7002F52.e.7867/click - {}
RESULT: {}
COMMAND: POST /session/9d48326ae870b5d3a573a2f725ac1bbc/element - {"using":"xpath","value":"//span[contains(text(), \"Euro\")]"}
COMMAND: GET /session/9d48326ae870b5d3a573a2f725ac1bbc/screenshot - {}
RESULT: {"using":"xpath","value":"//span[contains(text(), \"Euro\")]"}
COMMAND: POST /session/9d48326ae870b5d3a573a2f725ac1bbc/element/f.0A588440BBC4B09490297E8A4E4C478B.d.66164703AA91F31842D60E30F7002F52.e.7868/click - {}
RESULT: {}
RESULT: {}
COMMAND: POST /session/9d48326ae870b5d3a573a2f725ac1bbc/execute/async - {"script":"<script> [1562 bytes]","args":[{"selector":{"id":"application-managepartners-display-component---NewPartner--addressEditDetailsCostObjectCstType-arrow"},"wdio_ui5_key":"applicationmanagepartners-display-component---NewPartner--addressEditDetailsCostObjectCstType-arrow"}]}
COMMAND: GET /session/9d48326ae870b5d3a573a2f725ac1bbc/screenshot - {}
RESULT: {"script":"<script> [1562 bytes]","args":[{"selector":{"id":"application-managepartners-display-component---NewPartner--addressEditDetailsCostObjectCstType-arrow"},"wdio_ui5_key":"applicationmanagepartners-display-component---NewPartner--addressEditDetailsCostObjectCstType-arrow"}]}
RESULT: undefined
COMMAND: POST /session/9d48326ae870b5d3a573a2f725ac1bbc/element - {"using":"xpath","value":"//*[@id=\"application-managepartners-display-component---NewPartner--addressEditDetailsCostObjectCstType-arrow\"]"}
RESULT: {}
RESULT: {"using":"xpath","value":"//*[@id=\"application-managepartners-display-component---NewPartner--addressEditDetailsCostObjectCstType-arrow\"]"}
COMMAND: POST /session/9d48326ae870b5d3a573a2f725ac1bbc/element/f.0A588440BBC4B09490297E8A4E4C478B.d.66164703AA91F31842D60E30F7002F52.e.7869/click - {}
RESULT: {}
COMMAND: POST /session/9d48326ae870b5d3a573a2f725ac1bbc/element - {"using":"xpath","value":"//span[contains(text(), \"Cost Center\")]"}
COMMAND: GET /session/9d48326ae870b5d3a573a2f725ac1bbc/screenshot - {}
RESULT: {"using":"xpath","value":"//span[contains(text(), \"Cost Center\")]"}
COMMAND: POST /session/9d48326ae870b5d3a573a2f725ac1bbc/element/f.0A588440BBC4B09490297E8A4E4C478B.d.66164703AA91F31842D60E30F7002F52.e.7870/click - {}
RESULT: {}
RESULT: {}
COMMAND: GET /session/9d48326ae870b5d3a573a2f725ac1bbc/screenshot - {}
RESULT: {}
COMMAND: POST /session/9d48326ae870b5d3a573a2f725ac1bbc/element - {"using":"xpath","value":"//span[@id=\"application-managepartners-display-component---NewPartner--addressNewCostObjectCstID-vhi\"]"}
RESULT: {"using":"xpath","value":"//span[@id=\"application-managepartners-display-component---NewPartner--addressNewCostObjectCstID-vhi\"]"}
COMMAND: POST /session/9d48326ae870b5d3a573a2f725ac1bbc/execute/sync - {"script":"<script> [8489 bytes]","args":[{"element-6066-11e4-a52e-4f735466cecf":"f.0A588440BBC4B09490297E8A4E4C478B.d.66164703AA91F31842D60E30F7002F52.e.7874","ELEMENT":"f.0A588440BBC4B09490297E8A4E4C478B.d.66164703AA91F31842D60E30F7002F52.e.7874"}]}
RESULT: {"script":"<script> [8489 bytes]","args":[{"element-6066-11e4-a52e-4f735466cecf":"f.0A588440BBC4B09490297E8A4E4C478B.d.66164703AA91F31842D60E30F7002F52.e.7874","ELEMENT":"f.0A588440BBC4B09490297E8A4E4C478B.d.66164703AA91F31842D60E30F7002F52.e.7874"}]}
COMMAND: POST /session/9d48326ae870b5d3a573a2f725ac1bbc/execute/async - {"script":"<script> [1562 bytes]","args":[{"selector":{"id":"application-managepartners-display-component---NewPartner--addressNewCostObjectCstID-vhi"},"wdio_ui5_key":"applicationmanagepartners-display-component---NewPartner--addressNewCostObjectCstID-vhi"}]}
COMMAND: GET /session/9d48326ae870b5d3a573a2f725ac1bbc/screenshot - {}
RESULT: {"script":"<script> [1562 bytes]","args":[{"selector":{"id":"application-managepartners-display-component---NewPartner--addressNewCostObjectCstID-vhi"},"wdio_ui5_key":"applicationmanagepartners-display-component---NewPartner--addressNewCostObjectCstID-vhi"}]}
RESULT: undefined
COMMAND: POST /session/9d48326ae870b5d3a573a2f725ac1bbc/element - {"using":"xpath","value":"//*[@id=\"application-managepartners-display-component---NewPartner--addressNewCostObjectCstID-vhi\"]"}
RESULT: {}
RESULT: {"using":"xpath","value":"//*[@id=\"application-managepartners-display-component---NewPartner--addressNewCostObjectCstID-vhi\"]"}
COMMAND: POST /session/9d48326ae870b5d3a573a2f725ac1bbc/element/f.0A588440BBC4B09490297E8A4E4C478B.d.66164703AA91F31842D60E30F7002F52.e.7874/click - {}
RESULT: {}
COMMAND: GET /session/9d48326ae870b5d3a573a2f725ac1bbc/screenshot - {}
RESULT: {}
RESULT: undefined
COMMAND: POST /session/9d48326ae870b5d3a573a2f725ac1bbc/execute/async - {"script":"<script> [776 bytes]","args":[{"enterText":"10001013","selector":{"controlType":"sap.m.SearchField","properties":{"placeholder":"Search"},"searchOpenDialogs":true,"interaction":{"idSuffix":"I"}},"clearTextFirst":true,"interactionType":"ENTER_TEXT"}]}
RESULT: {"script":"<script> [776 bytes]","args":[{"enterText":"10001013","selector":{"controlType":"sap.m.SearchField","properties":{"placeholder":"Search"},"searchOpenDialogs":true,"interaction":{"idSuffix":"I"}},"clearTextFirst":true,"interactionType":"ENTER_TEXT"}]}
COMMAND: POST /session/9d48326ae870b5d3a573a2f725ac1bbc/actions - {"actions":[{"id":"action19","type":"key","parameters":{},"actions":[{"type":"keyDown","value":""},{"type":"pause","duration":10},{"type":"keyUp","value":""}]}]}
RESULT: {"actions":[{"id":"action19","type":"key","parameters":{},"actions":[{"type":"keyDown","value":""},{"type":"pause","duration":10},{"type":"keyUp","value":""}]}]}
COMMAND: GET /session/9d48326ae870b5d3a573a2f725ac1bbc/screenshot - {}
RESULT: {}
COMMAND: POST /session/9d48326ae870b5d3a573a2f725ac1bbc/element - {"using":"xpath","value":"//span[contains(text(), \"General Management\")]"}
RESULT: {"using":"xpath","value":"//span[contains(text(), \"General Management\")]"}
COMMAND: POST /session/9d48326ae870b5d3a573a2f725ac1bbc/element/f.0A588440BBC4B09490297E8A4E4C478B.d.66164703AA91F31842D60E30F7002F52.e.7912/click - {}
RESULT: {}
COMMAND: GET /session/9d48326ae870b5d3a573a2f725ac1bbc/screenshot - {}
RESULT: {}
COMMAND: POST /session/9d48326ae870b5d3a573a2f725ac1bbc/element - {"using":"xpath","value":"//bdi[contains(text(), \"OK\")]"}
RESULT: {"using":"xpath","value":"//bdi[contains(text(), \"OK\")]"}
COMMAND: POST /session/9d48326ae870b5d3a573a2f725ac1bbc/element/f.0A588440BBC4B09490297E8A4E4C478B.d.66164703AA91F31842D60E30F7002F52.e.7913/click - {}
RESULT: {}
COMMAND: GET /session/9d48326ae870b5d3a573a2f725ac1bbc/screenshot - {}
RESULT: {}
COMMAND: POST /session/9d48326ae870b5d3a573a2f725ac1bbc/element - {"using":"xpath","value":"//input[@id=\"application-managepartners-display-component---NewPartner--companyCodeComboBox-inner\"]"}
RESULT: {"using":"xpath","value":"//input[@id=\"application-managepartners-display-component---NewPartner--companyCodeComboBox-inner\"]"}
COMMAND: POST /session/9d48326ae870b5d3a573a2f725ac1bbc/element/f.0A588440BBC4B09490297E8A4E4C478B.d.66164703AA91F31842D60E30F7002F52.e.7709/clear - {}
RESULT: {}
COMMAND: POST /session/9d48326ae870b5d3a573a2f725ac1bbc/element/f.0A588440BBC4B09490297E8A4E4C478B.d.66164703AA91F31842D60E30F7002F52.e.7709/value - {"text":"1000"}
COMMAND: GET /session/9d48326ae870b5d3a573a2f725ac1bbc/screenshot - {}
RESULT: {"text":"1000"}
COMMAND: GET /session/9d48326ae870b5d3a573a2f725ac1bbc/screenshot - {}
RESULT: {}
RESULT: {}
COMMAND: POST /session/9d48326ae870b5d3a573a2f725ac1bbc/element - {"using":"xpath","value":"//li[.//span[text()= \"1000\"]]"}
RESULT: {"using":"xpath","value":"//li[.//span[text()= \"1000\"]]"}
COMMAND: POST /session/9d48326ae870b5d3a573a2f725ac1bbc/element/f.0A588440BBC4B09490297E8A4E4C478B.d.66164703AA91F31842D60E30F7002F52.e.7919/click - {}
RESULT: {}
COMMAND: GET /session/9d48326ae870b5d3a573a2f725ac1bbc/screenshot - {}
RESULT: {}
COMMAND: POST /session/9d48326ae870b5d3a573a2f725ac1bbc/execute/async - {"script":"<script> [1562 bytes]","args":[{"selector":{"id":"application-managepartners-display-component---NewPartner--btnAddTableRow-img"},"wdio_ui5_key":"applicationmanagepartners-display-component---NewPartner--btnAddTableRow-img"}]}
RESULT: {"script":"<script> [1562 bytes]","args":[{"selector":{"id":"application-managepartners-display-component---NewPartner--btnAddTableRow-img"},"wdio_ui5_key":"applicationmanagepartners-display-component---NewPartner--btnAddTableRow-img"}]}
RESULT: undefined
COMMAND: POST /session/9d48326ae870b5d3a573a2f725ac1bbc/element - {"using":"xpath","value":"//*[@id=\"application-managepartners-display-component---NewPartner--btnAddTableRow-img\"]"}
RESULT: {"using":"xpath","value":"//*[@id=\"application-managepartners-display-component---NewPartner--btnAddTableRow-img\"]"}
COMMAND: POST /session/9d48326ae870b5d3a573a2f725ac1bbc/element/f.0A588440BBC4B09490297E8A4E4C478B.d.66164703AA91F31842D60E30F7002F52.e.7920/click - {}
RESULT: {}
COMMAND: GET /session/9d48326ae870b5d3a573a2f725ac1bbc/screenshot - {}
RESULT: {}
COMMAND: POST /session/9d48326ae870b5d3a573a2f725ac1bbc/element - {"using":"xpath","value":"//input[@id=\"application-managepartners-display-component---NewPartner--assignmentYard-application-managepartners-display-component---NewPartner--assignmentsTable-0-inner\"]"}
RESULT: {"using":"xpath","value":"//input[@id=\"application-managepartners-display-component---NewPartner--assignmentYard-application-managepartners-display-component---NewPartner--assignmentsTable-0-inner\"]"}
COMMAND: POST /session/9d48326ae870b5d3a573a2f725ac1bbc/element/f.0A588440BBC4B09490297E8A4E4C478B.d.66164703AA91F31842D60E30F7002F52.e.7923/clear - {}
RESULT: {}
COMMAND: POST /session/9d48326ae870b5d3a573a2f725ac1bbc/element/f.0A588440BBC4B09490297E8A4E4C478B.d.66164703AA91F31842D60E30F7002F52.e.7923/value - {"text":"535"}
COMMAND: GET /session/9d48326ae870b5d3a573a2f725ac1bbc/screenshot - {}
RESULT: {"text":"535"}
COMMAND: GET /session/9d48326ae870b5d3a573a2f725ac1bbc/screenshot - {}
RESULT: {}
RESULT: {}
COMMAND: POST /session/9d48326ae870b5d3a573a2f725ac1bbc/element - {"using":"xpath","value":"//li[.//span[text()='535']]"}
RESULT: {"using":"xpath","value":"//li[.//span[text()='535']]"}
COMMAND: POST /session/9d48326ae870b5d3a573a2f725ac1bbc/element/f.0A588440BBC4B09490297E8A4E4C478B.d.66164703AA91F31842D60E30F7002F52.e.7932/click - {}
RESULT: {}
COMMAND: GET /session/9d48326ae870b5d3a573a2f725ac1bbc/screenshot - {}
RESULT: {}
COMMAND: POST /session/9d48326ae870b5d3a573a2f725ac1bbc/actions - {"actions":[{"id":"action20","type":"key","parameters":{},"actions":[{"type":"keyDown","value":""},{"type":"pause","duration":10},{"type":"keyUp","value":""}]}]}
RESULT: {"actions":[{"id":"action20","type":"key","parameters":{},"actions":[{"type":"keyDown","value":""},{"type":"pause","duration":10},{"type":"keyUp","value":""}]}]}
COMMAND: POST /session/9d48326ae870b5d3a573a2f725ac1bbc/execute/async - {"script":"<script> [1562 bytes]","args":[{"selector":{"id":"application-managepartners-display-component---NewPartner--externalCustomerComboBox-application-managepartners-display-component---NewPartner--assignmentsTable-0-vhi"},"wdio_ui5_key":"applicationmanagepartners-display-component---NewPartner--externalCustomerComboBox-application-managepartners-display-component---NewPartner--assignmentsTable-0-vhi"}]}
COMMAND: GET /session/9d48326ae870b5d3a573a2f725ac1bbc/screenshot - {}
RESULT: {"script":"<script> [1562 bytes]","args":[{"selector":{"id":"application-managepartners-display-component---NewPartner--externalCustomerComboBox-application-managepartners-display-component---NewPartner--assignmentsTable-0-vhi"},"wdio_ui5_key":"applicationmanagepartners-display-component---NewPartner--externalCustomerComboBox-application-managepartners-display-component---NewPartner--assignmentsTable-0-vhi"}]}
RESULT: undefined
COMMAND: POST /session/9d48326ae870b5d3a573a2f725ac1bbc/element - {"using":"xpath","value":"//*[@id=\"application-managepartners-display-component---NewPartner--externalCustomerComboBox-application-managepartners-display-component---NewPartner--assignmentsTable-0-vhi\"]"}
RESULT: {}
RESULT: {"using":"xpath","value":"//*[@id=\"application-managepartners-display-component---NewPartner--externalCustomerComboBox-application-managepartners-display-component---NewPartner--assignmentsTable-0-vhi\"]"}
COMMAND: POST /session/9d48326ae870b5d3a573a2f725ac1bbc/element/f.0A588440BBC4B09490297E8A4E4C478B.d.66164703AA91F31842D60E30F7002F52.e.7936/click - {}
RESULT: {}
RESULT: undefined
COMMAND: POST /session/9d48326ae870b5d3a573a2f725ac1bbc/execute/async - {"script":"<script> [776 bytes]","args":[{"enterText":"300003","selector":{"controlType":"sap.m.SearchField","properties":{"placeholder":"Search"},"searchOpenDialogs":true,"interaction":{"idSuffix":"I"}},"clearTextFirst":true,"interactionType":"ENTER_TEXT"}]}
COMMAND: GET /session/9d48326ae870b5d3a573a2f725ac1bbc/screenshot - {}
RESULT: {"script":"<script> [776 bytes]","args":[{"enterText":"300003","selector":{"controlType":"sap.m.SearchField","properties":{"placeholder":"Search"},"searchOpenDialogs":true,"interaction":{"idSuffix":"I"}},"clearTextFirst":true,"interactionType":"ENTER_TEXT"}]}
COMMAND: POST /session/9d48326ae870b5d3a573a2f725ac1bbc/actions - {"actions":[{"id":"action21","type":"key","parameters":{},"actions":[{"type":"keyDown","value":""},{"type":"pause","duration":10},{"type":"keyUp","value":""}]}]}
RESULT: {}
RESULT: {"actions":[{"id":"action21","type":"key","parameters":{},"actions":[{"type":"keyDown","value":""},{"type":"pause","duration":10},{"type":"keyUp","value":""}]}]}
COMMAND: GET /session/9d48326ae870b5d3a573a2f725ac1bbc/screenshot - {}
RESULT: {}
COMMAND: POST /session/9d48326ae870b5d3a573a2f725ac1bbc/element - {"using":"xpath","value":"//span[contains(text(), \"300003\")]"}
RESULT: {"using":"xpath","value":"//span[contains(text(), \"300003\")]"}
COMMAND: POST /session/9d48326ae870b5d3a573a2f725ac1bbc/element/f.0A588440BBC4B09490297E8A4E4C478B.d.66164703AA91F31842D60E30F7002F52.e.7954/click - {}
RESULT: {}
COMMAND: GET /session/9d48326ae870b5d3a573a2f725ac1bbc/screenshot - {}
RESULT: {}
COMMAND: POST /session/9d48326ae870b5d3a573a2f725ac1bbc/element - {"using":"xpath","value":"//bdi[contains(text(), \"OK\")]"}
RESULT: {"using":"xpath","value":"//bdi[contains(text(), \"OK\")]"}
COMMAND: POST /session/9d48326ae870b5d3a573a2f725ac1bbc/element/f.0A588440BBC4B09490297E8A4E4C478B.d.66164703AA91F31842D60E30F7002F52.e.7956/click - {}
RESULT: {}
COMMAND: GET /session/9d48326ae870b5d3a573a2f725ac1bbc/screenshot - {}
RESULT: {}
COMMAND: POST /session/9d48326ae870b5d3a573a2f725ac1bbc/execute/async - {"script":"<script> [1562 bytes]","args":[{"selector":{"id":"application-managepartners-display-component---NewPartner--intercompVendorComboBox-application-managepartners-display-component---NewPartner--assignmentsTable-0-vhi"},"wdio_ui5_key":"applicationmanagepartners-display-component---NewPartner--intercompVendorComboBox-application-managepartners-display-component---NewPartner--assignmentsTable-0-vhi"}]}
RESULT: {"script":"<script> [1562 bytes]","args":[{"selector":{"id":"application-managepartners-display-component---NewPartner--intercompVendorComboBox-application-managepartners-display-component---NewPartner--assignmentsTable-0-vhi"},"wdio_ui5_key":"applicationmanagepartners-display-component---NewPartner--intercompVendorComboBox-application-managepartners-display-component---NewPartner--assignmentsTable-0-vhi"}]}
RESULT: undefined
COMMAND: POST /session/9d48326ae870b5d3a573a2f725ac1bbc/element - {"using":"xpath","value":"//*[@id=\"application-managepartners-display-component---NewPartner--intercompVendorComboBox-application-managepartners-display-component---NewPartner--assignmentsTable-0-vhi\"]"}
RESULT: {"using":"xpath","value":"//*[@id=\"application-managepartners-display-component---NewPartner--intercompVendorComboBox-application-managepartners-display-component---NewPartner--assignmentsTable-0-vhi\"]"}
COMMAND: POST /session/9d48326ae870b5d3a573a2f725ac1bbc/element/f.0A588440BBC4B09490297E8A4E4C478B.d.66164703AA91F31842D60E30F7002F52.e.7960/click - {}
RESULT: {}
RESULT: undefined
COMMAND: POST /session/9d48326ae870b5d3a573a2f725ac1bbc/execute/async - {"script":"<script> [776 bytes]","args":[{"enterText":"100005","selector":{"controlType":"sap.m.SearchField","properties":{"placeholder":"Search"},"searchOpenDialogs":true,"interaction":{"idSuffix":"I"}},"clearTextFirst":true,"interactionType":"ENTER_TEXT"}]}
COMMAND: GET /session/9d48326ae870b5d3a573a2f725ac1bbc/screenshot - {}
RESULT: {"script":"<script> [776 bytes]","args":[{"enterText":"100005","selector":{"controlType":"sap.m.SearchField","properties":{"placeholder":"Search"},"searchOpenDialogs":true,"interaction":{"idSuffix":"I"}},"clearTextFirst":true,"interactionType":"ENTER_TEXT"}]}
COMMAND: POST /session/9d48326ae870b5d3a573a2f725ac1bbc/actions - {"actions":[{"id":"action22","type":"key","parameters":{},"actions":[{"type":"keyDown","value":""},{"type":"pause","duration":10},{"type":"keyUp","value":""}]}]}
RESULT: {}
RESULT: {"actions":[{"id":"action22","type":"key","parameters":{},"actions":[{"type":"keyDown","value":""},{"type":"pause","duration":10},{"type":"keyUp","value":""}]}]}
COMMAND: GET /session/9d48326ae870b5d3a573a2f725ac1bbc/screenshot - {}
RESULT: {}
COMMAND: POST /session/9d48326ae870b5d3a573a2f725ac1bbc/element - {"using":"xpath","value":"//span[contains(text(), \"Penguins - Field/12345 Berlin\")]"}
RESULT: {"using":"xpath","value":"//span[contains(text(), \"Penguins - Field/12345 Berlin\")]"}
COMMAND: POST /session/9d48326ae870b5d3a573a2f725ac1bbc/element/f.0A588440BBC4B09490297E8A4E4C478B.d.66164703AA91F31842D60E30F7002F52.e.7979/click - {}
RESULT: {}
COMMAND: GET /session/9d48326ae870b5d3a573a2f725ac1bbc/screenshot - {}
RESULT: {}
COMMAND: POST /session/9d48326ae870b5d3a573a2f725ac1bbc/element - {"using":"xpath","value":"//bdi[contains(text(), \"OK\")]"}
RESULT: {"using":"xpath","value":"//bdi[contains(text(), \"OK\")]"}
COMMAND: POST /session/9d48326ae870b5d3a573a2f725ac1bbc/element/f.0A588440BBC4B09490297E8A4E4C478B.d.66164703AA91F31842D60E30F7002F52.e.7980/click - {}
RESULT: {}
COMMAND: GET /session/9d48326ae870b5d3a573a2f725ac1bbc/screenshot - {}
RESULT: {}
COMMAND: POST /session/9d48326ae870b5d3a573a2f725ac1bbc/element - {"using":"xpath","value":"//button[@data-kt=\"saveButton\"]"}
RESULT: {"using":"xpath","value":"//button[@data-kt=\"saveButton\"]"}
COMMAND: POST /session/9d48326ae870b5d3a573a2f725ac1bbc/element/f.0A588440BBC4B09490297E8A4E4C478B.d.66164703AA91F31842D60E30F7002F52.e.7829/click - {}
RESULT: {}
COMMAND: GET /session/9d48326ae870b5d3a573a2f725ac1bbc/screenshot - {}
RESULT: {}
COMMAND: POST /session/9d48326ae870b5d3a573a2f725ac1bbc/element - {"using":"xpath","value":"//header[contains(@id, 'ObjectPageLayout-headerTitle')]/div[1]/div[2]/div[2]/span[1]"}
RESULT: {"using":"xpath","value":"//header[contains(@id, 'ObjectPageLayout-headerTitle')]/div[1]/div[2]/div[2]/span[1]"}
COMMAND: POST /session/9d48326ae870b5d3a573a2f725ac1bbc/elements - {"using":"xpath","value":"//header[contains(@id, 'ObjectPageLayout-headerTitle')]/div[1]/div[2]/div[2]/span[1]"}
RESULT: {"using":"xpath","value":"//header[contains(@id, 'ObjectPageLayout-headerTitle')]/div[1]/div[2]/div[2]/span[1]"}
COMMAND: POST /session/9d48326ae870b5d3a573a2f725ac1bbc/execute/sync - {"script":"<script> [56 bytes]","args":[{"element-6066-11e4-a52e-4f735466cecf":"f.0A588440BBC4B09490297E8A4E4C478B.d.66164703AA91F31842D60E30F7002F52.e.8145","ELEMENT":"f.0A588440BBC4B09490297E8A4E4C478B.d.66164703AA91F31842D60E30F7002F52.e.8145"}]}
RESULT: {"script":"<script> [56 bytes]","args":[{"element-6066-11e4-a52e-4f735466cecf":"f.0A588440BBC4B09490297E8A4E4C478B.d.66164703AA91F31842D60E30F7002F52.e.8145","ELEMENT":"f.0A588440BBC4B09490297E8A4E4C478B.d.66164703AA91F31842D60E30F7002F52.e.8145"}]}
COMMAND: POST /session/9d48326ae870b5d3a573a2f725ac1bbc/element - {"using":"css selector","value":"#shell-header-logo"}
COMMAND: GET /session/9d48326ae870b5d3a573a2f725ac1bbc/screenshot - {}
RESULT: {"using":"css selector","value":"#shell-header-logo"}
COMMAND: POST /session/9d48326ae870b5d3a573a2f725ac1bbc/element/f.0A588440BBC4B09490297E8A4E4C478B.d.66164703AA91F31842D60E30F7002F52.e.7361/click - {}
RESULT: {}
RESULT: {}
COMMAND: GET /session/9d48326ae870b5d3a573a2f725ac1bbc/screenshot - {}
RESULT: {}
COMMAND: POST /session/9d48326ae870b5d3a573a2f725ac1bbc/execute/sync - {"script":"<script> [299 bytes]","args":[["getModel","getResource"]]}
RESULT: {"script":"<script> [299 bytes]","args":[["getModel","getResource"]]}
]]></system-out>
    </testcase>
    <testcase classname="chrome.136_0_7103_93.windows.Billing_Transfer_-_Intracompany_US127249" name="Should create a new site" time="98.249">
      <system-out><![CDATA[
COMMAND: POST /session/9d48326ae870b5d3a573a2f725ac1bbc/execute/async - {"script":"<script> [1562 bytes]","args":[{"selector":{"controlType":"sap.m.GenericTile","properties":{"header":"Manage Sites"}},"wdio_ui5_key":"sapm.GenericTile{\"header\":\"Manage Sites\"}"}]}
COMMAND: GET /session/9d48326ae870b5d3a573a2f725ac1bbc/screenshot - {}
RESULT: {"script":"<script> [1562 bytes]","args":[{"selector":{"controlType":"sap.m.GenericTile","properties":{"header":"Manage Sites"}},"wdio_ui5_key":"sapm.GenericTile{\"header\":\"Manage Sites\"}"}]}
RESULT: undefined
COMMAND: POST /session/9d48326ae870b5d3a573a2f725ac1bbc/element - {"using":"xpath","value":"//*[@id=\"__tile40\"]"}
RESULT: {}
RESULT: {"using":"xpath","value":"//*[@id=\"__tile40\"]"}
COMMAND: POST /session/9d48326ae870b5d3a573a2f725ac1bbc/element/f.0A588440BBC4B09490297E8A4E4C478B.d.66164703AA91F31842D60E30F7002F52.e.6549/click - {}
RESULT: {}
COMMAND: GET /session/9d48326ae870b5d3a573a2f725ac1bbc/screenshot - {}
RESULT: {}
COMMAND: POST /session/9d48326ae870b5d3a573a2f725ac1bbc/elements - {"using":"xpath","value":"//span[text()='Error']"}
RESULT: {"using":"xpath","value":"//span[text()='Error']"}
COMMAND: POST /session/9d48326ae870b5d3a573a2f725ac1bbc/element - {"using":"xpath","value":"//button[@data-kt=\"addOverflowToolbarButton\"]"}
RESULT: {"using":"xpath","value":"//button[@data-kt=\"addOverflowToolbarButton\"]"}
COMMAND: POST /session/9d48326ae870b5d3a573a2f725ac1bbc/elements - {"using":"xpath","value":"//button[@data-kt=\"addOverflowToolbarButton\"]"}
RESULT: {"using":"xpath","value":"//button[@data-kt=\"addOverflowToolbarButton\"]"}
COMMAND: POST /session/9d48326ae870b5d3a573a2f725ac1bbc/execute/sync - {"script":"<script> [8489 bytes]","args":[{"element-6066-11e4-a52e-4f735466cecf":"f.0A588440BBC4B09490297E8A4E4C478B.d.66164703AA91F31842D60E30F7002F52.e.8192","ELEMENT":"f.0A588440BBC4B09490297E8A4E4C478B.d.66164703AA91F31842D60E30F7002F52.e.8192"}]}
RESULT: {"script":"<script> [8489 bytes]","args":[{"element-6066-11e4-a52e-4f735466cecf":"f.0A588440BBC4B09490297E8A4E4C478B.d.66164703AA91F31842D60E30F7002F52.e.8192","ELEMENT":"f.0A588440BBC4B09490297E8A4E4C478B.d.66164703AA91F31842D60E30F7002F52.e.8192"}]}
COMMAND: GET /session/9d48326ae870b5d3a573a2f725ac1bbc/element/f.0A588440BBC4B09490297E8A4E4C478B.d.66164703AA91F31842D60E30F7002F52.e.8192/enabled - {}
COMMAND: GET /session/9d48326ae870b5d3a573a2f725ac1bbc/screenshot - {}
RESULT: {}
COMMAND: POST /session/9d48326ae870b5d3a573a2f725ac1bbc/execute/sync - {"script":"<script> [8489 bytes]","args":[{"element-6066-11e4-a52e-4f735466cecf":"f.0A588440BBC4B09490297E8A4E4C478B.d.66164703AA91F31842D60E30F7002F52.e.8192","ELEMENT":"f.0A588440BBC4B09490297E8A4E4C478B.d.66164703AA91F31842D60E30F7002F52.e.8192"}]}
COMMAND: GET /session/9d48326ae870b5d3a573a2f725ac1bbc/screenshot - {}
RESULT: {}
RESULT: {"script":"<script> [8489 bytes]","args":[{"element-6066-11e4-a52e-4f735466cecf":"f.0A588440BBC4B09490297E8A4E4C478B.d.66164703AA91F31842D60E30F7002F52.e.8192","ELEMENT":"f.0A588440BBC4B09490297E8A4E4C478B.d.66164703AA91F31842D60E30F7002F52.e.8192"}]}
COMMAND: POST /session/9d48326ae870b5d3a573a2f725ac1bbc/execute/sync - {"script":"<script> [5351 bytes]","args":[{"element-6066-11e4-a52e-4f735466cecf":"f.0A588440BBC4B09490297E8A4E4C478B.d.66164703AA91F31842D60E30F7002F52.e.8192","ELEMENT":"f.0A588440BBC4B09490297E8A4E4C478B.d.66164703AA91F31842D60E30F7002F52.e.8192"}]}
COMMAND: GET /session/9d48326ae870b5d3a573a2f725ac1bbc/screenshot - {}
RESULT: {}
RESULT: {"script":"<script> [5351 bytes]","args":[{"element-6066-11e4-a52e-4f735466cecf":"f.0A588440BBC4B09490297E8A4E4C478B.d.66164703AA91F31842D60E30F7002F52.e.8192","ELEMENT":"f.0A588440BBC4B09490297E8A4E4C478B.d.66164703AA91F31842D60E30F7002F52.e.8192"}]}
COMMAND: POST /session/9d48326ae870b5d3a573a2f725ac1bbc/element/f.0A588440BBC4B09490297E8A4E4C478B.d.66164703AA91F31842D60E30F7002F52.e.8192/click - {}
COMMAND: GET /session/9d48326ae870b5d3a573a2f725ac1bbc/screenshot - {}
RESULT: {}
RESULT: {}
COMMAND: GET /session/9d48326ae870b5d3a573a2f725ac1bbc/screenshot - {}
RESULT: {}
RESULT: {}
COMMAND: POST /session/9d48326ae870b5d3a573a2f725ac1bbc/element - {"using":"xpath","value":"//input[@id=\"application-managesites-display-component---NewSite--siteId-inner\"]"}
RESULT: {"using":"xpath","value":"//input[@id=\"application-managesites-display-component---NewSite--siteId-inner\"]"}
COMMAND: POST /session/9d48326ae870b5d3a573a2f725ac1bbc/element - {"using":"xpath","value":"//input[@id=\"application-managesites-display-component---NewSite--siteId-inner\"]"}
RESULT: {"using":"xpath","value":"//input[@id=\"application-managesites-display-component---NewSite--siteId-inner\"]"}
COMMAND: POST /session/9d48326ae870b5d3a573a2f725ac1bbc/execute/async - {"script":"<script> [1562 bytes]","args":[{"selector":{"id":"application-managesites-display-component---NewSite--addressDetailDetailsName1","interaction":{"idSuffix":"inner"}},"wdio_ui5_key":"applicationmanagesites-display-component---NewSite--addressDetailDetailsName1"}]}
RESULT: {"script":"<script> [1562 bytes]","args":[{"selector":{"id":"application-managesites-display-component---NewSite--addressDetailDetailsName1","interaction":{"idSuffix":"inner"}},"wdio_ui5_key":"applicationmanagesites-display-component---NewSite--addressDetailDetailsName1"}]}
RESULT: undefined
COMMAND: POST /session/9d48326ae870b5d3a573a2f725ac1bbc/execute/async - {"script":"<script> [776 bytes]","args":[{"enterText":"Intracompany Site wdIO","selector":{"id":"application-managesites-display-component---NewSite--addressDetailDetailsName1","interaction":{"idSuffix":"inner"}},"clearTextFirst":true,"interactionType":"ENTER_TEXT"}]}
RESULT: {"script":"<script> [776 bytes]","args":[{"enterText":"Intracompany Site wdIO","selector":{"id":"application-managesites-display-component---NewSite--addressDetailDetailsName1","interaction":{"idSuffix":"inner"}},"clearTextFirst":true,"interactionType":"ENTER_TEXT"}]}
COMMAND: POST /session/9d48326ae870b5d3a573a2f725ac1bbc/execute/async - {"script":"<script> [1562 bytes]","args":[{"selector":{"id":"application-managesites-display-component---NewSite--addressDetailDetailsLanguage-arrow"},"wdio_ui5_key":"applicationmanagesites-display-component---NewSite--addressDetailDetailsLanguage-arrow"}]}
RESULT: {"script":"<script> [1562 bytes]","args":[{"selector":{"id":"application-managesites-display-component---NewSite--addressDetailDetailsLanguage-arrow"},"wdio_ui5_key":"applicationmanagesites-display-component---NewSite--addressDetailDetailsLanguage-arrow"}]}
RESULT: undefined
COMMAND: POST /session/9d48326ae870b5d3a573a2f725ac1bbc/element - {"using":"xpath","value":"//*[@id=\"application-managesites-display-component---NewSite--addressDetailDetailsLanguage-arrow\"]"}
RESULT: {"using":"xpath","value":"//*[@id=\"application-managesites-display-component---NewSite--addressDetailDetailsLanguage-arrow\"]"}
COMMAND: POST /session/9d48326ae870b5d3a573a2f725ac1bbc/element/f.0A588440BBC4B09490297E8A4E4C478B.d.66164703AA91F31842D60E30F7002F52.e.8591/click - {}
RESULT: {}
COMMAND: POST /session/9d48326ae870b5d3a573a2f725ac1bbc/element - {"using":"xpath","value":"//span[contains(text(), \"English\")]"}
COMMAND: GET /session/9d48326ae870b5d3a573a2f725ac1bbc/screenshot - {}
RESULT: {"using":"xpath","value":"//span[contains(text(), \"English\")]"}
COMMAND: POST /session/9d48326ae870b5d3a573a2f725ac1bbc/element/f.0A588440BBC4B09490297E8A4E4C478B.d.66164703AA91F31842D60E30F7002F52.e.8592/click - {}
RESULT: {}
RESULT: {}
COMMAND: POST /session/9d48326ae870b5d3a573a2f725ac1bbc/execute/async - {"script":"<script> [1562 bytes]","args":[{"selector":{"id":"application-managesites-display-component---NewSite--addressDetailDetailsCity1","interaction":{"idSuffix":"inner"}},"wdio_ui5_key":"applicationmanagesites-display-component---NewSite--addressDetailDetailsCity1"}]}
COMMAND: GET /session/9d48326ae870b5d3a573a2f725ac1bbc/screenshot - {}
RESULT: {"script":"<script> [1562 bytes]","args":[{"selector":{"id":"application-managesites-display-component---NewSite--addressDetailDetailsCity1","interaction":{"idSuffix":"inner"}},"wdio_ui5_key":"applicationmanagesites-display-component---NewSite--addressDetailDetailsCity1"}]}
RESULT: undefined
COMMAND: POST /session/9d48326ae870b5d3a573a2f725ac1bbc/execute/async - {"script":"<script> [776 bytes]","args":[{"enterText":"Rosario","selector":{"id":"application-managesites-display-component---NewSite--addressDetailDetailsCity1","interaction":{"idSuffix":"inner"}},"clearTextFirst":true,"interactionType":"ENTER_TEXT"}]}
RESULT: {}
RESULT: {"script":"<script> [776 bytes]","args":[{"enterText":"Rosario","selector":{"id":"application-managesites-display-component---NewSite--addressDetailDetailsCity1","interaction":{"idSuffix":"inner"}},"clearTextFirst":true,"interactionType":"ENTER_TEXT"}]}
COMMAND: POST /session/9d48326ae870b5d3a573a2f725ac1bbc/execute/async - {"script":"<script> [1562 bytes]","args":[{"selector":{"id":"application-managesites-display-component---NewSite--addressDetailDetailsCountry-arrow"},"wdio_ui5_key":"applicationmanagesites-display-component---NewSite--addressDetailDetailsCountry-arrow"}]}
RESULT: {"script":"<script> [1562 bytes]","args":[{"selector":{"id":"application-managesites-display-component---NewSite--addressDetailDetailsCountry-arrow"},"wdio_ui5_key":"applicationmanagesites-display-component---NewSite--addressDetailDetailsCountry-arrow"}]}
RESULT: undefined
COMMAND: POST /session/9d48326ae870b5d3a573a2f725ac1bbc/element - {"using":"xpath","value":"//*[@id=\"application-managesites-display-component---NewSite--addressDetailDetailsCountry-arrow\"]"}
RESULT: {"using":"xpath","value":"//*[@id=\"application-managesites-display-component---NewSite--addressDetailDetailsCountry-arrow\"]"}
COMMAND: POST /session/9d48326ae870b5d3a573a2f725ac1bbc/element/f.0A588440BBC4B09490297E8A4E4C478B.d.66164703AA91F31842D60E30F7002F52.e.8594/click - {}
RESULT: {}
COMMAND: POST /session/9d48326ae870b5d3a573a2f725ac1bbc/element - {"using":"xpath","value":"//span[contains(text(), \"Argentina\")]"}
COMMAND: GET /session/9d48326ae870b5d3a573a2f725ac1bbc/screenshot - {}
RESULT: {"using":"xpath","value":"//span[contains(text(), \"Argentina\")]"}
COMMAND: POST /session/9d48326ae870b5d3a573a2f725ac1bbc/element/f.0A588440BBC4B09490297E8A4E4C478B.d.66164703AA91F31842D60E30F7002F52.e.8595/click - {}
RESULT: {}
RESULT: {}
COMMAND: GET /session/9d48326ae870b5d3a573a2f725ac1bbc/screenshot - {}
RESULT: {}
COMMAND: POST /session/9d48326ae870b5d3a573a2f725ac1bbc/execute/async - {"script":"<script> [1562 bytes]","args":[{"selector":{"id":"application-managesites-display-component---NewSite--addressEditDetailsCostObjectCstType-arrow"},"wdio_ui5_key":"applicationmanagesites-display-component---NewSite--addressEditDetailsCostObjectCstType-arrow"}]}
RESULT: {"script":"<script> [1562 bytes]","args":[{"selector":{"id":"application-managesites-display-component---NewSite--addressEditDetailsCostObjectCstType-arrow"},"wdio_ui5_key":"applicationmanagesites-display-component---NewSite--addressEditDetailsCostObjectCstType-arrow"}]}
RESULT: undefined
COMMAND: POST /session/9d48326ae870b5d3a573a2f725ac1bbc/element - {"using":"xpath","value":"//*[@id=\"application-managesites-display-component---NewSite--addressEditDetailsCostObjectCstType-arrow\"]"}
RESULT: {"using":"xpath","value":"//*[@id=\"application-managesites-display-component---NewSite--addressEditDetailsCostObjectCstType-arrow\"]"}
COMMAND: POST /session/9d48326ae870b5d3a573a2f725ac1bbc/element/f.0A588440BBC4B09490297E8A4E4C478B.d.66164703AA91F31842D60E30F7002F52.e.8597/click - {}
RESULT: {}
COMMAND: POST /session/9d48326ae870b5d3a573a2f725ac1bbc/element - {"using":"xpath","value":"//span[contains(text(), \"Cost Center\")]"}
COMMAND: GET /session/9d48326ae870b5d3a573a2f725ac1bbc/screenshot - {}
RESULT: {"using":"xpath","value":"//span[contains(text(), \"Cost Center\")]"}
COMMAND: POST /session/9d48326ae870b5d3a573a2f725ac1bbc/element/f.0A588440BBC4B09490297E8A4E4C478B.d.66164703AA91F31842D60E30F7002F52.e.8599/click - {}
RESULT: {}
RESULT: {}
COMMAND: GET /session/9d48326ae870b5d3a573a2f725ac1bbc/screenshot - {}
RESULT: {}
COMMAND: POST /session/9d48326ae870b5d3a573a2f725ac1bbc/element - {"using":"xpath","value":"//span[@id=\"application-managesites-display-component---NewSite--addressNewCostObjectCstID-vhi\"]"}
RESULT: {"using":"xpath","value":"//span[@id=\"application-managesites-display-component---NewSite--addressNewCostObjectCstID-vhi\"]"}
COMMAND: POST /session/9d48326ae870b5d3a573a2f725ac1bbc/execute/sync - {"script":"<script> [8489 bytes]","args":[{"element-6066-11e4-a52e-4f735466cecf":"f.0A588440BBC4B09490297E8A4E4C478B.d.66164703AA91F31842D60E30F7002F52.e.8603","ELEMENT":"f.0A588440BBC4B09490297E8A4E4C478B.d.66164703AA91F31842D60E30F7002F52.e.8603"}]}
RESULT: {"script":"<script> [8489 bytes]","args":[{"element-6066-11e4-a52e-4f735466cecf":"f.0A588440BBC4B09490297E8A4E4C478B.d.66164703AA91F31842D60E30F7002F52.e.8603","ELEMENT":"f.0A588440BBC4B09490297E8A4E4C478B.d.66164703AA91F31842D60E30F7002F52.e.8603"}]}
COMMAND: POST /session/9d48326ae870b5d3a573a2f725ac1bbc/execute/async - {"script":"<script> [1562 bytes]","args":[{"selector":{"id":"application-managesites-display-component---NewSite--addressNewCostObjectCstID-vhi"},"wdio_ui5_key":"applicationmanagesites-display-component---NewSite--addressNewCostObjectCstID-vhi"}]}
COMMAND: GET /session/9d48326ae870b5d3a573a2f725ac1bbc/screenshot - {}
RESULT: {"script":"<script> [1562 bytes]","args":[{"selector":{"id":"application-managesites-display-component---NewSite--addressNewCostObjectCstID-vhi"},"wdio_ui5_key":"applicationmanagesites-display-component---NewSite--addressNewCostObjectCstID-vhi"}]}
RESULT: undefined
COMMAND: POST /session/9d48326ae870b5d3a573a2f725ac1bbc/element - {"using":"xpath","value":"//*[@id=\"application-managesites-display-component---NewSite--addressNewCostObjectCstID-vhi\"]"}
RESULT: {}
RESULT: {"using":"xpath","value":"//*[@id=\"application-managesites-display-component---NewSite--addressNewCostObjectCstID-vhi\"]"}
COMMAND: POST /session/9d48326ae870b5d3a573a2f725ac1bbc/element/f.0A588440BBC4B09490297E8A4E4C478B.d.66164703AA91F31842D60E30F7002F52.e.8603/click - {}
RESULT: {}
COMMAND: GET /session/9d48326ae870b5d3a573a2f725ac1bbc/screenshot - {}
RESULT: {}
RESULT: undefined
COMMAND: POST /session/9d48326ae870b5d3a573a2f725ac1bbc/execute/async - {"script":"<script> [776 bytes]","args":[{"enterText":"10001013","selector":{"controlType":"sap.m.SearchField","properties":{"placeholder":"Search"},"searchOpenDialogs":true,"interaction":{"idSuffix":"I"}},"clearTextFirst":true,"interactionType":"ENTER_TEXT"}]}
RESULT: {"script":"<script> [776 bytes]","args":[{"enterText":"10001013","selector":{"controlType":"sap.m.SearchField","properties":{"placeholder":"Search"},"searchOpenDialogs":true,"interaction":{"idSuffix":"I"}},"clearTextFirst":true,"interactionType":"ENTER_TEXT"}]}
COMMAND: POST /session/9d48326ae870b5d3a573a2f725ac1bbc/actions - {"actions":[{"id":"action23","type":"key","parameters":{},"actions":[{"type":"keyDown","value":""},{"type":"pause","duration":10},{"type":"keyUp","value":""}]}]}
RESULT: {"actions":[{"id":"action23","type":"key","parameters":{},"actions":[{"type":"keyDown","value":""},{"type":"pause","duration":10},{"type":"keyUp","value":""}]}]}
COMMAND: GET /session/9d48326ae870b5d3a573a2f725ac1bbc/screenshot - {}
RESULT: {}
COMMAND: POST /session/9d48326ae870b5d3a573a2f725ac1bbc/element - {"using":"xpath","value":"//span[contains(text(), \"General Management\")]"}
RESULT: {"using":"xpath","value":"//span[contains(text(), \"General Management\")]"}
COMMAND: POST /session/9d48326ae870b5d3a573a2f725ac1bbc/element/f.0A588440BBC4B09490297E8A4E4C478B.d.66164703AA91F31842D60E30F7002F52.e.8643/click - {}
RESULT: {}
COMMAND: GET /session/9d48326ae870b5d3a573a2f725ac1bbc/screenshot - {}
RESULT: {}
COMMAND: POST /session/9d48326ae870b5d3a573a2f725ac1bbc/element - {"using":"xpath","value":"//bdi[contains(text(), \"OK\")]"}
RESULT: {"using":"xpath","value":"//bdi[contains(text(), \"OK\")]"}
COMMAND: POST /session/9d48326ae870b5d3a573a2f725ac1bbc/element/f.0A588440BBC4B09490297E8A4E4C478B.d.66164703AA91F31842D60E30F7002F52.e.8644/click - {}
RESULT: {}
COMMAND: GET /session/9d48326ae870b5d3a573a2f725ac1bbc/screenshot - {}
RESULT: {}
COMMAND: POST /session/9d48326ae870b5d3a573a2f725ac1bbc/element - {"using":"xpath","value":"//input[@id=\"application-managesites-display-component---NewSite--addressDetailDetailsCalendar-inner\"]"}
RESULT: {"using":"xpath","value":"//input[@id=\"application-managesites-display-component---NewSite--addressDetailDetailsCalendar-inner\"]"}
COMMAND: POST /session/9d48326ae870b5d3a573a2f725ac1bbc/element/f.0A588440BBC4B09490297E8A4E4C478B.d.66164703AA91F31842D60E30F7002F52.e.8387/clear - {}
RESULT: {}
COMMAND: POST /session/9d48326ae870b5d3a573a2f725ac1bbc/element/f.0A588440BBC4B09490297E8A4E4C478B.d.66164703AA91F31842D60E30F7002F52.e.8387/value - {"text":"Unit"}
COMMAND: GET /session/9d48326ae870b5d3a573a2f725ac1bbc/screenshot - {}
RESULT: {"text":"Unit"}
COMMAND: GET /session/9d48326ae870b5d3a573a2f725ac1bbc/screenshot - {}
RESULT: {}
RESULT: {}
COMMAND: POST /session/9d48326ae870b5d3a573a2f725ac1bbc/actions - {"actions":[{"id":"action24","type":"key","parameters":{},"actions":[{"type":"keyDown","value":""},{"type":"pause","duration":10},{"type":"keyUp","value":""}]}]}
RESULT: {"actions":[{"id":"action24","type":"key","parameters":{},"actions":[{"type":"keyDown","value":""},{"type":"pause","duration":10},{"type":"keyUp","value":""}]}]}
COMMAND: POST /session/9d48326ae870b5d3a573a2f725ac1bbc/element - {"using":"xpath","value":"//input[@id=\"application-managesites-display-component---NewSite--addressDetailDetailsYard-inner\"]"}
COMMAND: GET /session/9d48326ae870b5d3a573a2f725ac1bbc/screenshot - {}
RESULT: {"using":"xpath","value":"//input[@id=\"application-managesites-display-component---NewSite--addressDetailDetailsYard-inner\"]"}
COMMAND: POST /session/9d48326ae870b5d3a573a2f725ac1bbc/element/f.0A588440BBC4B09490297E8A4E4C478B.d.66164703AA91F31842D60E30F7002F52.e.8388/clear - {}
RESULT: {}
RESULT: {}
COMMAND: POST /session/9d48326ae870b5d3a573a2f725ac1bbc/element/f.0A588440BBC4B09490297E8A4E4C478B.d.66164703AA91F31842D60E30F7002F52.e.8388/value - {"text":"535"}
COMMAND: GET /session/9d48326ae870b5d3a573a2f725ac1bbc/screenshot - {}
RESULT: {"text":"535"}
COMMAND: GET /session/9d48326ae870b5d3a573a2f725ac1bbc/screenshot - {}
RESULT: {}
RESULT: {}
COMMAND: POST /session/9d48326ae870b5d3a573a2f725ac1bbc/element - {"using":"xpath","value":"//li[.//span[text()='535']]"}
RESULT: {"using":"xpath","value":"//li[.//span[text()='535']]"}
COMMAND: POST /session/9d48326ae870b5d3a573a2f725ac1bbc/element/f.0A588440BBC4B09490297E8A4E4C478B.d.66164703AA91F31842D60E30F7002F52.e.8652/click - {}
RESULT: {}
COMMAND: GET /session/9d48326ae870b5d3a573a2f725ac1bbc/screenshot - {}
RESULT: {}
COMMAND: POST /session/9d48326ae870b5d3a573a2f725ac1bbc/element - {"using":"xpath","value":"//input[@id=\"application-managesites-display-component---NewSite--addressDetailDetailsPartner-inner\"]"}
RESULT: {"using":"xpath","value":"//input[@id=\"application-managesites-display-component---NewSite--addressDetailDetailsPartner-inner\"]"}
COMMAND: POST /session/9d48326ae870b5d3a573a2f725ac1bbc/element - {"using":"xpath","value":"//input[@id=\"application-managesites-display-component---NewSite--addressDetailDetailsPartner-inner\"]"}
RESULT: {"using":"xpath","value":"//input[@id=\"application-managesites-display-component---NewSite--addressDetailDetailsPartner-inner\"]"}
COMMAND: POST /session/9d48326ae870b5d3a573a2f725ac1bbc/element - {"using":"xpath","value":"//button[@data-kt=\"saveButton\"]"}
RESULT: {"using":"xpath","value":"//button[@data-kt=\"saveButton\"]"}
COMMAND: POST /session/9d48326ae870b5d3a573a2f725ac1bbc/element/f.0A588440BBC4B09490297E8A4E4C478B.d.66164703AA91F31842D60E30F7002F52.e.8576/click - {}
RESULT: {}
COMMAND: GET /session/9d48326ae870b5d3a573a2f725ac1bbc/screenshot - {}
RESULT: {}
COMMAND: POST /session/9d48326ae870b5d3a573a2f725ac1bbc/element - {"using":"xpath","value":"//header[contains(@id, 'ObjectPageLayout-headerTitle')]/div[1]/div[2]/div[2]/span[1]"}
RESULT: {"using":"xpath","value":"//header[contains(@id, 'ObjectPageLayout-headerTitle')]/div[1]/div[2]/div[2]/span[1]"}
COMMAND: POST /session/9d48326ae870b5d3a573a2f725ac1bbc/elements - {"using":"xpath","value":"//header[contains(@id, 'ObjectPageLayout-headerTitle')]/div[1]/div[2]/div[2]/span[1]"}
RESULT: {"using":"xpath","value":"//header[contains(@id, 'ObjectPageLayout-headerTitle')]/div[1]/div[2]/div[2]/span[1]"}
COMMAND: POST /session/9d48326ae870b5d3a573a2f725ac1bbc/execute/sync - {"script":"<script> [56 bytes]","args":[{"element-6066-11e4-a52e-4f735466cecf":"f.0A588440BBC4B09490297E8A4E4C478B.d.66164703AA91F31842D60E30F7002F52.e.8852","ELEMENT":"f.0A588440BBC4B09490297E8A4E4C478B.d.66164703AA91F31842D60E30F7002F52.e.8852"}]}
RESULT: {"script":"<script> [56 bytes]","args":[{"element-6066-11e4-a52e-4f735466cecf":"f.0A588440BBC4B09490297E8A4E4C478B.d.66164703AA91F31842D60E30F7002F52.e.8852","ELEMENT":"f.0A588440BBC4B09490297E8A4E4C478B.d.66164703AA91F31842D60E30F7002F52.e.8852"}]}
COMMAND: POST /session/9d48326ae870b5d3a573a2f725ac1bbc/element - {"using":"css selector","value":"#shell-header-logo"}
COMMAND: GET /session/9d48326ae870b5d3a573a2f725ac1bbc/screenshot - {}
RESULT: {"using":"css selector","value":"#shell-header-logo"}
COMMAND: POST /session/9d48326ae870b5d3a573a2f725ac1bbc/element/f.0A588440BBC4B09490297E8A4E4C478B.d.66164703AA91F31842D60E30F7002F52.e.8149/click - {}
RESULT: {}
RESULT: {}
COMMAND: GET /session/9d48326ae870b5d3a573a2f725ac1bbc/screenshot - {}
RESULT: {}
COMMAND: POST /session/9d48326ae870b5d3a573a2f725ac1bbc/execute/sync - {"script":"<script> [299 bytes]","args":[["getModel","getResource"]]}
RESULT: {"script":"<script> [299 bytes]","args":[["getModel","getResource"]]}
]]></system-out>
    </testcase>
    <testcase classname="chrome.136_0_7103_93.windows.Billing_Transfer_-_Intracompany_US127249" name="Should create a new equipment" time="135.883">
      <system-out><![CDATA[
COMMAND: GET /session/9d48326ae870b5d3a573a2f725ac1bbc/screenshot - {}
COMMAND: POST /session/9d48326ae870b5d3a573a2f725ac1bbc/execute/async - {"script":"<script> [1562 bytes]","args":[{"selector":{"controlType":"sap.m.GenericTile","properties":{"header":"Manage Resources"}},"wdio_ui5_key":"sapm.GenericTile{\"header\":\"Manage Resources\"}"}]}
RESULT: {}
RESULT: {"script":"<script> [1562 bytes]","args":[{"selector":{"controlType":"sap.m.GenericTile","properties":{"header":"Manage Resources"}},"wdio_ui5_key":"sapm.GenericTile{\"header\":\"Manage Resources\"}"}]}
RESULT: undefined
COMMAND: POST /session/9d48326ae870b5d3a573a2f725ac1bbc/element - {"using":"xpath","value":"//*[@id=\"__tile39\"]"}
RESULT: {"using":"xpath","value":"//*[@id=\"__tile39\"]"}
COMMAND: POST /session/9d48326ae870b5d3a573a2f725ac1bbc/element/f.0A588440BBC4B09490297E8A4E4C478B.d.66164703AA91F31842D60E30F7002F52.e.6546/click - {}
RESULT: {}
COMMAND: GET /session/9d48326ae870b5d3a573a2f725ac1bbc/screenshot - {}
RESULT: {}
COMMAND: POST /session/9d48326ae870b5d3a573a2f725ac1bbc/elements - {"using":"xpath","value":"//span[text()='Error']"}
RESULT: {"using":"xpath","value":"//span[text()='Error']"}
COMMAND: POST /session/9d48326ae870b5d3a573a2f725ac1bbc/element - {"using":"xpath","value":"//button[@data-kt=\"addNewRUOverflowToolbarButton\"]"}
RESULT: {"using":"xpath","value":"//button[@data-kt=\"addNewRUOverflowToolbarButton\"]"}
COMMAND: POST /session/9d48326ae870b5d3a573a2f725ac1bbc/elements - {"using":"xpath","value":"//button[@data-kt=\"addNewRUOverflowToolbarButton\"]"}
RESULT: {"using":"xpath","value":"//button[@data-kt=\"addNewRUOverflowToolbarButton\"]"}
COMMAND: POST /session/9d48326ae870b5d3a573a2f725ac1bbc/elements - {"using":"xpath","value":"//button[@data-kt=\"addNewRUOverflowToolbarButton\"]"}
RESULT: {"using":"xpath","value":"//button[@data-kt=\"addNewRUOverflowToolbarButton\"]"}
COMMAND: POST /session/9d48326ae870b5d3a573a2f725ac1bbc/element - {"using":"xpath","value":"//button[@data-kt=\"addNewRUOverflowToolbarButton\"]"}
RESULT: {"using":"xpath","value":"//button[@data-kt=\"addNewRUOverflowToolbarButton\"]"}
COMMAND: POST /session/9d48326ae870b5d3a573a2f725ac1bbc/execute/sync - {"script":"<script> [8489 bytes]","args":[{"element-6066-11e4-a52e-4f735466cecf":"f.0A588440BBC4B09490297E8A4E4C478B.d.66164703AA91F31842D60E30F7002F52.e.8894","ELEMENT":"f.0A588440BBC4B09490297E8A4E4C478B.d.66164703AA91F31842D60E30F7002F52.e.8894"}]}
RESULT: {"script":"<script> [8489 bytes]","args":[{"element-6066-11e4-a52e-4f735466cecf":"f.0A588440BBC4B09490297E8A4E4C478B.d.66164703AA91F31842D60E30F7002F52.e.8894","ELEMENT":"f.0A588440BBC4B09490297E8A4E4C478B.d.66164703AA91F31842D60E30F7002F52.e.8894"}]}
COMMAND: GET /session/9d48326ae870b5d3a573a2f725ac1bbc/element/f.0A588440BBC4B09490297E8A4E4C478B.d.66164703AA91F31842D60E30F7002F52.e.8894/enabled - {}
COMMAND: GET /session/9d48326ae870b5d3a573a2f725ac1bbc/screenshot - {}
RESULT: {}
COMMAND: POST /session/9d48326ae870b5d3a573a2f725ac1bbc/execute/sync - {"script":"<script> [8489 bytes]","args":[{"element-6066-11e4-a52e-4f735466cecf":"f.0A588440BBC4B09490297E8A4E4C478B.d.66164703AA91F31842D60E30F7002F52.e.8894","ELEMENT":"f.0A588440BBC4B09490297E8A4E4C478B.d.66164703AA91F31842D60E30F7002F52.e.8894"}]}
COMMAND: GET /session/9d48326ae870b5d3a573a2f725ac1bbc/screenshot - {}
RESULT: {}
RESULT: {"script":"<script> [8489 bytes]","args":[{"element-6066-11e4-a52e-4f735466cecf":"f.0A588440BBC4B09490297E8A4E4C478B.d.66164703AA91F31842D60E30F7002F52.e.8894","ELEMENT":"f.0A588440BBC4B09490297E8A4E4C478B.d.66164703AA91F31842D60E30F7002F52.e.8894"}]}
COMMAND: POST /session/9d48326ae870b5d3a573a2f725ac1bbc/execute/sync - {"script":"<script> [5351 bytes]","args":[{"element-6066-11e4-a52e-4f735466cecf":"f.0A588440BBC4B09490297E8A4E4C478B.d.66164703AA91F31842D60E30F7002F52.e.8894","ELEMENT":"f.0A588440BBC4B09490297E8A4E4C478B.d.66164703AA91F31842D60E30F7002F52.e.8894"}]}
COMMAND: GET /session/9d48326ae870b5d3a573a2f725ac1bbc/screenshot - {}
RESULT: {}
RESULT: {"script":"<script> [5351 bytes]","args":[{"element-6066-11e4-a52e-4f735466cecf":"f.0A588440BBC4B09490297E8A4E4C478B.d.66164703AA91F31842D60E30F7002F52.e.8894","ELEMENT":"f.0A588440BBC4B09490297E8A4E4C478B.d.66164703AA91F31842D60E30F7002F52.e.8894"}]}
COMMAND: POST /session/9d48326ae870b5d3a573a2f725ac1bbc/element/f.0A588440BBC4B09490297E8A4E4C478B.d.66164703AA91F31842D60E30F7002F52.e.8894/click - {}
COMMAND: GET /session/9d48326ae870b5d3a573a2f725ac1bbc/screenshot - {}
RESULT: {}
RESULT: {}
COMMAND: GET /session/9d48326ae870b5d3a573a2f725ac1bbc/screenshot - {}
COMMAND: POST /session/9d48326ae870b5d3a573a2f725ac1bbc/execute/async - {"script":"<script> [1562 bytes]","args":[{"selector":{"id":"application-manageresources-display-component---newResourceUnit--TYPE-arrow"},"wdio_ui5_key":"applicationmanageresources-display-component---newResourceUnit--TYPE-arrow"}]}
RESULT: {}
RESULT: {}
RESULT: {"script":"<script> [1562 bytes]","args":[{"selector":{"id":"application-manageresources-display-component---newResourceUnit--TYPE-arrow"},"wdio_ui5_key":"applicationmanageresources-display-component---newResourceUnit--TYPE-arrow"}]}
RESULT: undefined
COMMAND: POST /session/9d48326ae870b5d3a573a2f725ac1bbc/element - {"using":"xpath","value":"//*[@id=\"application-manageresources-display-component---newResourceUnit--TYPE-arrow\"]"}
RESULT: {"using":"xpath","value":"//*[@id=\"application-manageresources-display-component---newResourceUnit--TYPE-arrow\"]"}
COMMAND: POST /session/9d48326ae870b5d3a573a2f725ac1bbc/element/f.0A588440BBC4B09490297E8A4E4C478B.d.66164703AA91F31842D60E30F7002F52.e.9246/click - {}
RESULT: {}
COMMAND: POST /session/9d48326ae870b5d3a573a2f725ac1bbc/element - {"using":"xpath","value":"//input[@id=\"application-manageresources-display-component---newResourceUnit--TYPE-inner\"]"}
COMMAND: GET /session/9d48326ae870b5d3a573a2f725ac1bbc/screenshot - {}
RESULT: {"using":"xpath","value":"//input[@id=\"application-manageresources-display-component---newResourceUnit--TYPE-inner\"]"}
COMMAND: POST /session/9d48326ae870b5d3a573a2f725ac1bbc/element/f.0A588440BBC4B09490297E8A4E4C478B.d.66164703AA91F31842D60E30F7002F52.e.9237/clear - {}
RESULT: {}
RESULT: {}
COMMAND: POST /session/9d48326ae870b5d3a573a2f725ac1bbc/element/f.0A588440BBC4B09490297E8A4E4C478B.d.66164703AA91F31842D60E30F7002F52.e.9237/value - {"text":"Equipment"}
COMMAND: GET /session/9d48326ae870b5d3a573a2f725ac1bbc/screenshot - {}
RESULT: {"text":"Equipment"}
COMMAND: GET /session/9d48326ae870b5d3a573a2f725ac1bbc/screenshot - {}
RESULT: {}
RESULT: {}
COMMAND: POST /session/9d48326ae870b5d3a573a2f725ac1bbc/actions - {"actions":[{"id":"action25","type":"key","parameters":{},"actions":[{"type":"keyDown","value":""},{"type":"pause","duration":10},{"type":"keyUp","value":""}]}]}
RESULT: {"actions":[{"id":"action25","type":"key","parameters":{},"actions":[{"type":"keyDown","value":""},{"type":"pause","duration":10},{"type":"keyUp","value":""}]}]}
COMMAND: POST /session/9d48326ae870b5d3a573a2f725ac1bbc/execute/async - {"script":"<script> [1562 bytes]","args":[{"selector":{"id":"application-manageresources-display-component---newResourceUnit--resourceId","interaction":{"idSuffix":"inner"}},"wdio_ui5_key":"applicationmanageresources-display-component---newResourceUnit--resourceId"}]}
COMMAND: GET /session/9d48326ae870b5d3a573a2f725ac1bbc/screenshot - {}
RESULT: {"script":"<script> [1562 bytes]","args":[{"selector":{"id":"application-manageresources-display-component---newResourceUnit--resourceId","interaction":{"idSuffix":"inner"}},"wdio_ui5_key":"applicationmanageresources-display-component---newResourceUnit--resourceId"}]}
RESULT: undefined
COMMAND: POST /session/9d48326ae870b5d3a573a2f725ac1bbc/execute/async - {"script":"<script> [776 bytes]","args":[{"enterText":"CN9IMAqED6","selector":{"id":"application-manageresources-display-component---newResourceUnit--resourceId","interaction":{"idSuffix":"inner"}},"clearTextFirst":true,"interactionType":"ENTER_TEXT"}]}
RESULT: {}
RESULT: {"script":"<script> [776 bytes]","args":[{"enterText":"CN9IMAqED6","selector":{"id":"application-manageresources-display-component---newResourceUnit--resourceId","interaction":{"idSuffix":"inner"}},"clearTextFirst":true,"interactionType":"ENTER_TEXT"}]}
COMMAND: POST /session/9d48326ae870b5d3a573a2f725ac1bbc/execute/async - {"script":"<script> [1562 bytes]","args":[{"selector":{"id":"application-manageresources-display-component---newResourceUnit--SHORT_TEXT","interaction":{"idSuffix":"inner"}},"wdio_ui5_key":"applicationmanageresources-display-component---newResourceUnit--SHORT_TEXT"}]}
RESULT: {"script":"<script> [1562 bytes]","args":[{"selector":{"id":"application-manageresources-display-component---newResourceUnit--SHORT_TEXT","interaction":{"idSuffix":"inner"}},"wdio_ui5_key":"applicationmanageresources-display-component---newResourceUnit--SHORT_TEXT"}]}
RESULT: undefined
COMMAND: POST /session/9d48326ae870b5d3a573a2f725ac1bbc/execute/async - {"script":"<script> [776 bytes]","args":[{"enterText":"Intercompany Equipment WDIO","selector":{"id":"application-manageresources-display-component---newResourceUnit--SHORT_TEXT","interaction":{"idSuffix":"inner"}},"clearTextFirst":true,"interactionType":"ENTER_TEXT"}]}
RESULT: {"script":"<script> [776 bytes]","args":[{"enterText":"Intercompany Equipment WDIO","selector":{"id":"application-manageresources-display-component---newResourceUnit--SHORT_TEXT","interaction":{"idSuffix":"inner"}},"clearTextFirst":true,"interactionType":"ENTER_TEXT"}]}
COMMAND: POST /session/9d48326ae870b5d3a573a2f725ac1bbc/execute/async - {"script":"<script> [1562 bytes]","args":[{"selector":{"id":"application-manageresources-display-component---newResourceUnit--BASE_UNIT_OF_MEASURE","interaction":{"idSuffix":"inner"}},"wdio_ui5_key":"applicationmanageresources-display-component---newResourceUnit--BASE_UNIT_OF_MEASURE"}]}
RESULT: {"script":"<script> [1562 bytes]","args":[{"selector":{"id":"application-manageresources-display-component---newResourceUnit--BASE_UNIT_OF_MEASURE","interaction":{"idSuffix":"inner"}},"wdio_ui5_key":"applicationmanageresources-display-component---newResourceUnit--BASE_UNIT_OF_MEASURE"}]}
RESULT: undefined
COMMAND: POST /session/9d48326ae870b5d3a573a2f725ac1bbc/execute/async - {"script":"<script> [776 bytes]","args":[{"enterText":"Piece","selector":{"id":"application-manageresources-display-component---newResourceUnit--BASE_UNIT_OF_MEASURE","interaction":{"idSuffix":"inner"}},"clearTextFirst":true,"interactionType":"ENTER_TEXT"}]}
RESULT: {"script":"<script> [776 bytes]","args":[{"enterText":"Piece","selector":{"id":"application-manageresources-display-component---newResourceUnit--BASE_UNIT_OF_MEASURE","interaction":{"idSuffix":"inner"}},"clearTextFirst":true,"interactionType":"ENTER_TEXT"}]}
COMMAND: POST /session/9d48326ae870b5d3a573a2f725ac1bbc/execute/async - {"script":"<script> [1562 bytes]","args":[{"selector":{"id":"application-manageresources-display-component---newResourceUnit--WEIGHT_UNIT","interaction":{"idSuffix":"inner"}},"wdio_ui5_key":"applicationmanageresources-display-component---newResourceUnit--WEIGHT_UNIT"}]}
RESULT: {"script":"<script> [1562 bytes]","args":[{"selector":{"id":"application-manageresources-display-component---newResourceUnit--WEIGHT_UNIT","interaction":{"idSuffix":"inner"}},"wdio_ui5_key":"applicationmanageresources-display-component---newResourceUnit--WEIGHT_UNIT"}]}
RESULT: undefined
COMMAND: POST /session/9d48326ae870b5d3a573a2f725ac1bbc/execute/async - {"script":"<script> [776 bytes]","args":[{"enterText":"Gram","selector":{"id":"application-manageresources-display-component---newResourceUnit--WEIGHT_UNIT","interaction":{"idSuffix":"inner"}},"clearTextFirst":true,"interactionType":"ENTER_TEXT"}]}
RESULT: {"script":"<script> [776 bytes]","args":[{"enterText":"Gram","selector":{"id":"application-manageresources-display-component---newResourceUnit--WEIGHT_UNIT","interaction":{"idSuffix":"inner"}},"clearTextFirst":true,"interactionType":"ENTER_TEXT"}]}
COMMAND: POST /session/9d48326ae870b5d3a573a2f725ac1bbc/execute/async - {"script":"<script> [1562 bytes]","args":[{"selector":{"id":"application-manageresources-display-component---newResourceUnit--DIMENSION_UNIT","interaction":{"idSuffix":"inner"}},"wdio_ui5_key":"applicationmanageresources-display-component---newResourceUnit--DIMENSION_UNIT"}]}
RESULT: {"script":"<script> [1562 bytes]","args":[{"selector":{"id":"application-manageresources-display-component---newResourceUnit--DIMENSION_UNIT","interaction":{"idSuffix":"inner"}},"wdio_ui5_key":"applicationmanageresources-display-component---newResourceUnit--DIMENSION_UNIT"}]}
RESULT: undefined
COMMAND: POST /session/9d48326ae870b5d3a573a2f725ac1bbc/execute/async - {"script":"<script> [776 bytes]","args":[{"enterText":"Meter","selector":{"id":"application-manageresources-display-component---newResourceUnit--DIMENSION_UNIT","interaction":{"idSuffix":"inner"}},"clearTextFirst":true,"interactionType":"ENTER_TEXT"}]}
RESULT: {"script":"<script> [776 bytes]","args":[{"enterText":"Meter","selector":{"id":"application-manageresources-display-component---newResourceUnit--DIMENSION_UNIT","interaction":{"idSuffix":"inner"}},"clearTextFirst":true,"interactionType":"ENTER_TEXT"}]}
COMMAND: POST /session/9d48326ae870b5d3a573a2f725ac1bbc/execute/async - {"script":"<script> [1562 bytes]","args":[{"selector":{"id":"application-manageresources-display-component---newResourceUnit--newRRUPage-anchBar-application-manageresources-display-component---newResourceUnit--control-anchor","interaction":{"idSuffix":"BDI-content"}},"wdio_ui5_key":"applicationmanageresources-display-component---newResourceUnit--newRRUPage-anchBar-application-manageresources-display-component---newResourceUnit--control-anchor"}]}
RESULT: {"script":"<script> [1562 bytes]","args":[{"selector":{"id":"application-manageresources-display-component---newResourceUnit--newRRUPage-anchBar-application-manageresources-display-component---newResourceUnit--control-anchor","interaction":{"idSuffix":"BDI-content"}},"wdio_ui5_key":"applicationmanageresources-display-component---newResourceUnit--newRRUPage-anchBar-application-manageresources-display-component---newResourceUnit--control-anchor"}]}
RESULT: undefined
COMMAND: POST /session/9d48326ae870b5d3a573a2f725ac1bbc/element - {"using":"xpath","value":"//*[@id=\"application-manageresources-display-component---newResourceUnit--newRRUPage-anchBar-application-manageresources-display-component---newResourceUnit--control-anchor\"]"}
RESULT: {"using":"xpath","value":"//*[@id=\"application-manageresources-display-component---newResourceUnit--newRRUPage-anchBar-application-manageresources-display-component---newResourceUnit--control-anchor\"]"}
COMMAND: POST /session/9d48326ae870b5d3a573a2f725ac1bbc/element/f.0A588440BBC4B09490297E8A4E4C478B.d.66164703AA91F31842D60E30F7002F52.e.9404/click - {}
RESULT: {}
COMMAND: POST /session/9d48326ae870b5d3a573a2f725ac1bbc/execute/async - {"script":"<script> [1562 bytes]","args":[{"selector":{"id":"application-manageresources-display-component---newResourceUnit--PLANNING_GROUP","interaction":{"idSuffix":"inner"}},"wdio_ui5_key":"applicationmanageresources-display-component---newResourceUnit--PLANNING_GROUP"}]}
COMMAND: GET /session/9d48326ae870b5d3a573a2f725ac1bbc/screenshot - {}
RESULT: {"script":"<script> [1562 bytes]","args":[{"selector":{"id":"application-manageresources-display-component---newResourceUnit--PLANNING_GROUP","interaction":{"idSuffix":"inner"}},"wdio_ui5_key":"applicationmanageresources-display-component---newResourceUnit--PLANNING_GROUP"}]}
RESULT: undefined
COMMAND: POST /session/9d48326ae870b5d3a573a2f725ac1bbc/execute/async - {"script":"<script> [776 bytes]","args":[{"enterText":"Heavy Equi","selector":{"id":"application-manageresources-display-component---newResourceUnit--PLANNING_GROUP","interaction":{"idSuffix":"inner"}},"clearTextFirst":true,"interactionType":"ENTER_TEXT"}]}
RESULT: {}
RESULT: {"script":"<script> [776 bytes]","args":[{"enterText":"Heavy Equi","selector":{"id":"application-manageresources-display-component---newResourceUnit--PLANNING_GROUP","interaction":{"idSuffix":"inner"}},"clearTextFirst":true,"interactionType":"ENTER_TEXT"}]}
COMMAND: POST /session/9d48326ae870b5d3a573a2f725ac1bbc/execute/async - {"script":"<script> [1562 bytes]","args":[{"selector":{"id":"application-manageresources-display-component---newResourceUnit--ITEM_TYPE-arrow"},"wdio_ui5_key":"applicationmanageresources-display-component---newResourceUnit--ITEM_TYPE-arrow"}]}
RESULT: {"script":"<script> [1562 bytes]","args":[{"selector":{"id":"application-manageresources-display-component---newResourceUnit--ITEM_TYPE-arrow"},"wdio_ui5_key":"applicationmanageresources-display-component---newResourceUnit--ITEM_TYPE-arrow"}]}
RESULT: undefined
COMMAND: POST /session/9d48326ae870b5d3a573a2f725ac1bbc/element - {"using":"xpath","value":"//*[@id=\"application-manageresources-display-component---newResourceUnit--ITEM_TYPE-arrow\"]"}
RESULT: {"using":"xpath","value":"//*[@id=\"application-manageresources-display-component---newResourceUnit--ITEM_TYPE-arrow\"]"}
COMMAND: POST /session/9d48326ae870b5d3a573a2f725ac1bbc/element/f.0A588440BBC4B09490297E8A4E4C478B.d.66164703AA91F31842D60E30F7002F52.e.9413/click - {}
RESULT: {}
COMMAND: POST /session/9d48326ae870b5d3a573a2f725ac1bbc/element - {"using":"xpath","value":"//ul[contains(@id,\"ITEM_TYPE-popup-list-listUl\")]//li[.//span[contains(text(),\"Resource Unit\")]]"}
COMMAND: GET /session/9d48326ae870b5d3a573a2f725ac1bbc/screenshot - {}
RESULT: {"using":"xpath","value":"//ul[contains(@id,\"ITEM_TYPE-popup-list-listUl\")]//li[.//span[contains(text(),\"Resource Unit\")]]"}
COMMAND: POST /session/9d48326ae870b5d3a573a2f725ac1bbc/element/f.0A588440BBC4B09490297E8A4E4C478B.d.66164703AA91F31842D60E30F7002F52.e.9414/click - {}
RESULT: {}
RESULT: {}
COMMAND: GET /session/9d48326ae870b5d3a573a2f725ac1bbc/screenshot - {}
RESULT: {}
COMMAND: POST /session/9d48326ae870b5d3a573a2f725ac1bbc/element - {"using":"css selector","value":"#application-manageresources-display-component---newResourceUnit--btnAddTimeSegment"}
RESULT: {"using":"css selector","value":"#application-manageresources-display-component---newResourceUnit--btnAddTimeSegment"}
COMMAND: GET /session/9d48326ae870b5d3a573a2f725ac1bbc/element/f.0A588440BBC4B09490297E8A4E4C478B.d.66164703AA91F31842D60E30F7002F52.e.9421/rect - {}
RESULT: {}
COMMAND: GET /session/9d48326ae870b5d3a573a2f725ac1bbc/window/rect - {}
RESULT: {}
COMMAND: POST /session/9d48326ae870b5d3a573a2f725ac1bbc/execute/sync - {"script":"<script> [92 bytes]","args":[]}
RESULT: {"script":"<script> [92 bytes]","args":[]}
COMMAND: POST /session/9d48326ae870b5d3a573a2f725ac1bbc/actions - {"actions":[{"id":"action26","type":"wheel","parameters":{},"actions":[{"type":"scroll","x":-1888,"y":-32,"deltaX":0,"deltaY":0,"duration":0,"origin":{"element-6066-11e4-a52e-4f735466cecf":"f.0A588440BBC4B09490297E8A4E4C478B.d.66164703AA91F31842D60E30F7002F52.e.9421"}}]}]}
COMMAND: GET /session/9d48326ae870b5d3a573a2f725ac1bbc/screenshot - {}
RESULT: {}
COMMAND: POST /session/9d48326ae870b5d3a573a2f725ac1bbc/execute/sync - {"script":"<script> [79 bytes]","args":[{"element-6066-11e4-a52e-4f735466cecf":"f.0A588440BBC4B09490297E8A4E4C478B.d.66164703AA91F31842D60E30F7002F52.e.9421","ELEMENT":"f.0A588440BBC4B09490297E8A4E4C478B.d.66164703AA91F31842D60E30F7002F52.e.9421"},{"block":"start","inline":"nearest"}]}
RESULT: {"script":"<script> [79 bytes]","args":[{"element-6066-11e4-a52e-4f735466cecf":"f.0A588440BBC4B09490297E8A4E4C478B.d.66164703AA91F31842D60E30F7002F52.e.9421","ELEMENT":"f.0A588440BBC4B09490297E8A4E4C478B.d.66164703AA91F31842D60E30F7002F52.e.9421"},{"block":"start","inline":"nearest"}]}
COMMAND: POST /session/9d48326ae870b5d3a573a2f725ac1bbc/execute/async - {"script":"<script> [1562 bytes]","args":[{"selector":{"id":"application-manageresources-display-component---newResourceUnit--btnAddTimeSegment","interaction":{"idSuffix":"inner"}},"wdio_ui5_key":"applicationmanageresources-display-component---newResourceUnit--btnAddTimeSegment"}]}
COMMAND: GET /session/9d48326ae870b5d3a573a2f725ac1bbc/screenshot - {}
RESULT: {"script":"<script> [1562 bytes]","args":[{"selector":{"id":"application-manageresources-display-component---newResourceUnit--btnAddTimeSegment","interaction":{"idSuffix":"inner"}},"wdio_ui5_key":"applicationmanageresources-display-component---newResourceUnit--btnAddTimeSegment"}]}
RESULT: undefined
COMMAND: POST /session/9d48326ae870b5d3a573a2f725ac1bbc/element - {"using":"xpath","value":"//*[@id=\"application-manageresources-display-component---newResourceUnit--btnAddTimeSegment\"]"}
RESULT: {}
RESULT: {"using":"xpath","value":"//*[@id=\"application-manageresources-display-component---newResourceUnit--btnAddTimeSegment\"]"}
COMMAND: POST /session/9d48326ae870b5d3a573a2f725ac1bbc/element/f.0A588440BBC4B09490297E8A4E4C478B.d.66164703AA91F31842D60E30F7002F52.e.9421/click - {}
RESULT: {}
COMMAND: GET /session/9d48326ae870b5d3a573a2f725ac1bbc/screenshot - {}
RESULT: {}
COMMAND: POST /session/9d48326ae870b5d3a573a2f725ac1bbc/element - {"using":"xpath","value":"//input[@id=\"application-manageresources-display-component---newResourceUnit--idRuTSAdmin-application-manageresources-display-component---newResourceUnit--RUTimeSegment-0-inner\"]"}
RESULT: {"using":"xpath","value":"//input[@id=\"application-manageresources-display-component---newResourceUnit--idRuTSAdmin-application-manageresources-display-component---newResourceUnit--RUTimeSegment-0-inner\"]"}
COMMAND: POST /session/9d48326ae870b5d3a573a2f725ac1bbc/element/f.0A588440BBC4B09490297E8A4E4C478B.d.66164703AA91F31842D60E30F7002F52.e.9427/clear - {}
RESULT: {}
COMMAND: POST /session/9d48326ae870b5d3a573a2f725ac1bbc/element/f.0A588440BBC4B09490297E8A4E4C478B.d.66164703AA91F31842D60E30F7002F52.e.9427/value - {"text":"535"}
COMMAND: GET /session/9d48326ae870b5d3a573a2f725ac1bbc/screenshot - {}
RESULT: {"text":"535"}
COMMAND: GET /session/9d48326ae870b5d3a573a2f725ac1bbc/screenshot - {}
RESULT: {}
RESULT: {}
COMMAND: POST /session/9d48326ae870b5d3a573a2f725ac1bbc/element - {"using":"xpath","value":"//li[.//span[text()='535']]"}
RESULT: {"using":"xpath","value":"//li[.//span[text()='535']]"}
COMMAND: POST /session/9d48326ae870b5d3a573a2f725ac1bbc/element/f.0A588440BBC4B09490297E8A4E4C478B.d.66164703AA91F31842D60E30F7002F52.e.9439/click - {}
RESULT: {}
COMMAND: GET /session/9d48326ae870b5d3a573a2f725ac1bbc/screenshot - {}
RESULT: {}
COMMAND: POST /session/9d48326ae870b5d3a573a2f725ac1bbc/element - {"using":"xpath","value":"(//span[contains(@id, \"-application-manageresources-display-component---newResourceUnit--RUTimeSegment-0-arrow\")])[6]"}
RESULT: {"using":"xpath","value":"(//span[contains(@id, \"-application-manageresources-display-component---newResourceUnit--RUTimeSegment-0-arrow\")])[6]"}
COMMAND: POST /session/9d48326ae870b5d3a573a2f725ac1bbc/element/f.0A588440BBC4B09490297E8A4E4C478B.d.66164703AA91F31842D60E30F7002F52.e.9440/click - {}
RESULT: {}
COMMAND: GET /session/9d48326ae870b5d3a573a2f725ac1bbc/screenshot - {}
RESULT: {}
COMMAND: POST /session/9d48326ae870b5d3a573a2f725ac1bbc/element - {"using":"xpath","value":"//span[contains(text(), \"PM Order\")]"}
RESULT: {"using":"xpath","value":"//span[contains(text(), \"PM Order\")]"}
COMMAND: POST /session/9d48326ae870b5d3a573a2f725ac1bbc/element/f.0A588440BBC4B09490297E8A4E4C478B.d.66164703AA91F31842D60E30F7002F52.e.9443/click - {}
RESULT: {}
COMMAND: GET /session/9d48326ae870b5d3a573a2f725ac1bbc/screenshot - {}
RESULT: {}
COMMAND: POST /session/9d48326ae870b5d3a573a2f725ac1bbc/element - {"using":"xpath","value":"(//span[contains(@id ,\"manageresources-display-component---newResourceUnit--RUTimeSegment-0-vhi\")])[1]"}
RESULT: {"using":"xpath","value":"(//span[contains(@id ,\"manageresources-display-component---newResourceUnit--RUTimeSegment-0-vhi\")])[1]"}
COMMAND: GET /session/9d48326ae870b5d3a573a2f725ac1bbc/element/f.0A588440BBC4B09490297E8A4E4C478B.d.66164703AA91F31842D60E30F7002F52.e.9447/rect - {}
RESULT: {}
COMMAND: GET /session/9d48326ae870b5d3a573a2f725ac1bbc/window/rect - {}
RESULT: {}
COMMAND: POST /session/9d48326ae870b5d3a573a2f725ac1bbc/execute/sync - {"script":"<script> [92 bytes]","args":[]}
RESULT: {"script":"<script> [92 bytes]","args":[]}
COMMAND: POST /session/9d48326ae870b5d3a573a2f725ac1bbc/actions - {"actions":[{"id":"action27","type":"wheel","parameters":{},"actions":[{"type":"scroll","x":-869,"y":-24,"deltaX":0,"deltaY":0,"duration":0,"origin":{"element-6066-11e4-a52e-4f735466cecf":"f.0A588440BBC4B09490297E8A4E4C478B.d.66164703AA91F31842D60E30F7002F52.e.9447"}}]}]}
COMMAND: GET /session/9d48326ae870b5d3a573a2f725ac1bbc/screenshot - {}
RESULT: {"actions":[{"id":"action27","type":"wheel","parameters":{},"actions":[{"type":"scroll","x":-869,"y":-24,"deltaX":0,"deltaY":0,"duration":0,"origin":{"element-6066-11e4-a52e-4f735466cecf":"f.0A588440BBC4B09490297E8A4E4C478B.d.66164703AA91F31842D60E30F7002F52.e.9447"}}]}]}
COMMAND: DELETE /session/9d48326ae870b5d3a573a2f725ac1bbc/actions - {}
COMMAND: GET /session/9d48326ae870b5d3a573a2f725ac1bbc/screenshot - {}
RESULT: {}
RESULT: {}
COMMAND: GET /session/9d48326ae870b5d3a573a2f725ac1bbc/screenshot - {}
RESULT: {}
RESULT: {}
COMMAND: POST /session/9d48326ae870b5d3a573a2f725ac1bbc/element/f.0A588440BBC4B09490297E8A4E4C478B.d.66164703AA91F31842D60E30F7002F52.e.9447/click - {}
RESULT: {}
COMMAND: GET /session/9d48326ae870b5d3a573a2f725ac1bbc/screenshot - {}
RESULT: {}
RESULT: undefined
COMMAND: POST /session/9d48326ae870b5d3a573a2f725ac1bbc/execute/async - {"script":"<script> [776 bytes]","args":[{"enterText":"4000360","selector":{"controlType":"sap.m.SearchField","properties":{"placeholder":"Search"},"searchOpenDialogs":true,"interaction":{"idSuffix":"I"}},"clearTextFirst":true,"interactionType":"ENTER_TEXT"}]}
RESULT: {"script":"<script> [776 bytes]","args":[{"enterText":"4000360","selector":{"controlType":"sap.m.SearchField","properties":{"placeholder":"Search"},"searchOpenDialogs":true,"interaction":{"idSuffix":"I"}},"clearTextFirst":true,"interactionType":"ENTER_TEXT"}]}
COMMAND: POST /session/9d48326ae870b5d3a573a2f725ac1bbc/actions - {"actions":[{"id":"action28","type":"key","parameters":{},"actions":[{"type":"keyDown","value":""},{"type":"pause","duration":10},{"type":"keyUp","value":""}]}]}
RESULT: {"actions":[{"id":"action28","type":"key","parameters":{},"actions":[{"type":"keyDown","value":""},{"type":"pause","duration":10},{"type":"keyUp","value":""}]}]}
COMMAND: GET /session/9d48326ae870b5d3a573a2f725ac1bbc/screenshot - {}
RESULT: {}
COMMAND: POST /session/9d48326ae870b5d3a573a2f725ac1bbc/element - {"using":"xpath","value":"//td/div/span[contains(text(), \"BGL Vehicles\")]"}
RESULT: {"using":"xpath","value":"//td/div/span[contains(text(), \"BGL Vehicles\")]"}
COMMAND: POST /session/9d48326ae870b5d3a573a2f725ac1bbc/element/f.0A588440BBC4B09490297E8A4E4C478B.d.66164703AA91F31842D60E30F7002F52.e.9466/click - {}
RESULT: {}
COMMAND: GET /session/9d48326ae870b5d3a573a2f725ac1bbc/screenshot - {}
RESULT: {}
COMMAND: POST /session/9d48326ae870b5d3a573a2f725ac1bbc/element - {"using":"xpath","value":"//bdi[contains(text(), \"OK\")]"}
RESULT: {"using":"xpath","value":"//bdi[contains(text(), \"OK\")]"}
COMMAND: POST /session/9d48326ae870b5d3a573a2f725ac1bbc/element/f.0A588440BBC4B09490297E8A4E4C478B.d.66164703AA91F31842D60E30F7002F52.e.9467/click - {}
RESULT: {}
COMMAND: GET /session/9d48326ae870b5d3a573a2f725ac1bbc/screenshot - {}
RESULT: {}
COMMAND: POST /session/9d48326ae870b5d3a573a2f725ac1bbc/execute/async - {"script":"<script> [1562 bytes]","args":[{"selector":{"id":"application-manageresources-display-component---newResourceUnit--newRRUPage-anchBar-application-manageresources-display-component---newResourceUnit--resource-anchor","interaction":{"idSuffix":"BDI-content"}},"wdio_ui5_key":"applicationmanageresources-display-component---newResourceUnit--newRRUPage-anchBar-application-manageresources-display-component---newResourceUnit--resource-anchor"}]}
RESULT: {"script":"<script> [1562 bytes]","args":[{"selector":{"id":"application-manageresources-display-component---newResourceUnit--newRRUPage-anchBar-application-manageresources-display-component---newResourceUnit--resource-anchor","interaction":{"idSuffix":"BDI-content"}},"wdio_ui5_key":"applicationmanageresources-display-component---newResourceUnit--newRRUPage-anchBar-application-manageresources-display-component---newResourceUnit--resource-anchor"}]}
RESULT: undefined
COMMAND: POST /session/9d48326ae870b5d3a573a2f725ac1bbc/element - {"using":"xpath","value":"//*[@id=\"application-manageresources-display-component---newResourceUnit--newRRUPage-anchBar-application-manageresources-display-component---newResourceUnit--resource-anchor\"]"}
RESULT: {"using":"xpath","value":"//*[@id=\"application-manageresources-display-component---newResourceUnit--newRRUPage-anchBar-application-manageresources-display-component---newResourceUnit--resource-anchor\"]"}
COMMAND: POST /session/9d48326ae870b5d3a573a2f725ac1bbc/element/f.0A588440BBC4B09490297E8A4E4C478B.d.66164703AA91F31842D60E30F7002F52.e.9471/click - {}
RESULT: {}
COMMAND: POST /session/9d48326ae870b5d3a573a2f725ac1bbc/execute/async - {"script":"<script> [1562 bytes]","args":[{"selector":{"id":"application-manageresources-display-component---newResourceUnit--PLANNED_DELIVERY_DATE","interaction":{"idSuffix":"inner"}},"wdio_ui5_key":"applicationmanageresources-display-component---newResourceUnit--PLANNED_DELIVERY_DATE"}]}
COMMAND: GET /session/9d48326ae870b5d3a573a2f725ac1bbc/screenshot - {}
RESULT: {"script":"<script> [1562 bytes]","args":[{"selector":{"id":"application-manageresources-display-component---newResourceUnit--PLANNED_DELIVERY_DATE","interaction":{"idSuffix":"inner"}},"wdio_ui5_key":"applicationmanageresources-display-component---newResourceUnit--PLANNED_DELIVERY_DATE"}]}
RESULT: undefined
COMMAND: POST /session/9d48326ae870b5d3a573a2f725ac1bbc/execute/async - {"script":"<script> [6424 bytes]","args":[{"element-6066-11e4-a52e-4f735466cecf":"f.0A588440BBC4B09490297E8A4E4C478B.d.66164703AA91F31842D60E30F7002F52.e.9303"},"setValue",["5/31/25"]]}
RESULT: {}
RESULT: {"script":"<script> [6424 bytes]","args":[{"element-6066-11e4-a52e-4f735466cecf":"f.0A588440BBC4B09490297E8A4E4C478B.d.66164703AA91F31842D60E30F7002F52.e.9303"},"setValue",["5/31/25"]]}
COMMAND: POST /session/9d48326ae870b5d3a573a2f725ac1bbc/element - {"using":"xpath","value":"//label[contains(@class, 'sapMLabelRequired') and .//bdi[contains(text(), 'Planned Retirement')]]"}
RESULT: {"using":"xpath","value":"//label[contains(@class, 'sapMLabelRequired') and .//bdi[contains(text(), 'Planned Retirement')]]"}
COMMAND: POST /session/9d48326ae870b5d3a573a2f725ac1bbc/elements - {"using":"xpath","value":"//label[contains(@class, 'sapMLabelRequired') and .//bdi[contains(text(), 'Planned Retirement')]]"}
RESULT: {"using":"xpath","value":"//label[contains(@class, 'sapMLabelRequired') and .//bdi[contains(text(), 'Planned Retirement')]]"}
COMMAND: POST /session/9d48326ae870b5d3a573a2f725ac1bbc/element - {"using":"xpath","value":"//button[@data-kt=\"resourceUnitSaveButton\"]"}
RESULT: {"using":"xpath","value":"//button[@data-kt=\"resourceUnitSaveButton\"]"}
COMMAND: POST /session/9d48326ae870b5d3a573a2f725ac1bbc/element/f.0A588440BBC4B09490297E8A4E4C478B.d.66164703AA91F31842D60E30F7002F52.e.9263/click - {}
RESULT: {}
COMMAND: GET /session/9d48326ae870b5d3a573a2f725ac1bbc/screenshot - {}
RESULT: {}
COMMAND: POST /session/9d48326ae870b5d3a573a2f725ac1bbc/element - {"using":"xpath","value":"//bdi[contains(text(), \"Close\")]"}
RESULT: {"using":"xpath","value":"//bdi[contains(text(), \"Close\")]"}
COMMAND: POST /session/9d48326ae870b5d3a573a2f725ac1bbc/element/f.0A588440BBC4B09490297E8A4E4C478B.d.66164703AA91F31842D60E30F7002F52.e.9480/click - {}
RESULT: {}
COMMAND: GET /session/9d48326ae870b5d3a573a2f725ac1bbc/screenshot - {}
RESULT: {}
COMMAND: POST /session/9d48326ae870b5d3a573a2f725ac1bbc/element - {"using":"xpath","value":"(//button[contains(@id ,\"actionsToolbar-overflowButton\")])[1]"}
RESULT: {"using":"xpath","value":"(//button[contains(@id ,\"actionsToolbar-overflowButton\")])[1]"}
COMMAND: POST /session/9d48326ae870b5d3a573a2f725ac1bbc/element/f.0A588440BBC4B09490297E8A4E4C478B.d.66164703AA91F31842D60E30F7002F52.e.9536/click - {}
RESULT: {}
COMMAND: GET /session/9d48326ae870b5d3a573a2f725ac1bbc/screenshot - {}
RESULT: {}
COMMAND: POST /session/9d48326ae870b5d3a573a2f725ac1bbc/element - {"using":"xpath","value":"//button[@data-kt=\"priceInfoButton\"]"}
RESULT: {"using":"xpath","value":"//button[@data-kt=\"priceInfoButton\"]"}
COMMAND: POST /session/9d48326ae870b5d3a573a2f725ac1bbc/element/f.0A588440BBC4B09490297E8A4E4C478B.d.66164703AA91F31842D60E30F7002F52.e.9538/click - {}
RESULT: {}
COMMAND: GET /session/9d48326ae870b5d3a573a2f725ac1bbc/screenshot - {}
]]></system-out>
    </testcase>
    <testcase classname="chrome.136_0_7103_93.windows.Billing_Transfer_-_Intracompany_US127249" name="Should create a pricing procedure" time="55.395">
      <system-out><![CDATA[
COMMAND: POST /session/9d48326ae870b5d3a573a2f725ac1bbc/element - {"using":"xpath","value":"//button[@data-kt=\"addButton\"]"}
RESULT: {}
RESULT: {"using":"xpath","value":"//button[@data-kt=\"addButton\"]"}
COMMAND: POST /session/9d48326ae870b5d3a573a2f725ac1bbc/elements - {"using":"xpath","value":"//button[@data-kt=\"addButton\"]"}
RESULT: {"using":"xpath","value":"//button[@data-kt=\"addButton\"]"}
COMMAND: POST /session/9d48326ae870b5d3a573a2f725ac1bbc/execute/sync - {"script":"<script> [8489 bytes]","args":[{"element-6066-11e4-a52e-4f735466cecf":"f.0A588440BBC4B09490297E8A4E4C478B.d.66164703AA91F31842D60E30F7002F52.e.9574","ELEMENT":"f.0A588440BBC4B09490297E8A4E4C478B.d.66164703AA91F31842D60E30F7002F52.e.9574"}]}
RESULT: {"script":"<script> [8489 bytes]","args":[{"element-6066-11e4-a52e-4f735466cecf":"f.0A588440BBC4B09490297E8A4E4C478B.d.66164703AA91F31842D60E30F7002F52.e.9574","ELEMENT":"f.0A588440BBC4B09490297E8A4E4C478B.d.66164703AA91F31842D60E30F7002F52.e.9574"}]}
COMMAND: GET /session/9d48326ae870b5d3a573a2f725ac1bbc/element/f.0A588440BBC4B09490297E8A4E4C478B.d.66164703AA91F31842D60E30F7002F52.e.9574/enabled - {}
COMMAND: GET /session/9d48326ae870b5d3a573a2f725ac1bbc/screenshot - {}
RESULT: {}
COMMAND: POST /session/9d48326ae870b5d3a573a2f725ac1bbc/execute/sync - {"script":"<script> [8489 bytes]","args":[{"element-6066-11e4-a52e-4f735466cecf":"f.0A588440BBC4B09490297E8A4E4C478B.d.66164703AA91F31842D60E30F7002F52.e.9574","ELEMENT":"f.0A588440BBC4B09490297E8A4E4C478B.d.66164703AA91F31842D60E30F7002F52.e.9574"}]}
COMMAND: GET /session/9d48326ae870b5d3a573a2f725ac1bbc/screenshot - {}
RESULT: {}
RESULT: {"script":"<script> [8489 bytes]","args":[{"element-6066-11e4-a52e-4f735466cecf":"f.0A588440BBC4B09490297E8A4E4C478B.d.66164703AA91F31842D60E30F7002F52.e.9574","ELEMENT":"f.0A588440BBC4B09490297E8A4E4C478B.d.66164703AA91F31842D60E30F7002F52.e.9574"}]}
COMMAND: POST /session/9d48326ae870b5d3a573a2f725ac1bbc/execute/sync - {"script":"<script> [5351 bytes]","args":[{"element-6066-11e4-a52e-4f735466cecf":"f.0A588440BBC4B09490297E8A4E4C478B.d.66164703AA91F31842D60E30F7002F52.e.9574","ELEMENT":"f.0A588440BBC4B09490297E8A4E4C478B.d.66164703AA91F31842D60E30F7002F52.e.9574"}]}
COMMAND: GET /session/9d48326ae870b5d3a573a2f725ac1bbc/screenshot - {}
RESULT: {}
RESULT: {"script":"<script> [5351 bytes]","args":[{"element-6066-11e4-a52e-4f735466cecf":"f.0A588440BBC4B09490297E8A4E4C478B.d.66164703AA91F31842D60E30F7002F52.e.9574","ELEMENT":"f.0A588440BBC4B09490297E8A4E4C478B.d.66164703AA91F31842D60E30F7002F52.e.9574"}]}
COMMAND: POST /session/9d48326ae870b5d3a573a2f725ac1bbc/element/f.0A588440BBC4B09490297E8A4E4C478B.d.66164703AA91F31842D60E30F7002F52.e.9574/click - {}
COMMAND: GET /session/9d48326ae870b5d3a573a2f725ac1bbc/screenshot - {}
RESULT: {}
RESULT: {}
COMMAND: GET /session/9d48326ae870b5d3a573a2f725ac1bbc/screenshot - {}
RESULT: {}
RESULT: {}
COMMAND: POST /session/9d48326ae870b5d3a573a2f725ac1bbc/execute/async - {"script":"<script> [1562 bytes]","args":[{"selector":{"controlType":"sap.m.Title","viewName":"etm.portal.ui.managepricingrules.view.NewItem","viewId":"application-managepricingrules-display-component---newInfoPriceItem","properties":{"text":"New Pricing Rules - Item Level"}},"wdio_ui5_key":"etmportal.ui.managepricingrules.view.NewItemsap.m.Title{\"text\":\"New Pricing Rules - Item Level\"}"}]}
RESULT: {"script":"<script> [1562 bytes]","args":[{"selector":{"controlType":"sap.m.Title","viewName":"etm.portal.ui.managepricingrules.view.NewItem","viewId":"application-managepricingrules-display-component---newInfoPriceItem","properties":{"text":"New Pricing Rules - Item Level"}},"wdio_ui5_key":"etmportal.ui.managepricingrules.view.NewItemsap.m.Title{\"text\":\"New Pricing Rules - Item Level\"}"}]}
RESULT: undefined
COMMAND: POST /session/9d48326ae870b5d3a573a2f725ac1bbc/execute/async - {"script":"<script> [6424 bytes]","args":[{"element-6066-11e4-a52e-4f735466cecf":"f.0A588440BBC4B09490297E8A4E4C478B.d.66164703AA91F31842D60E30F7002F52.e.9648"},"getText",[]]}
RESULT: {"script":"<script> [6424 bytes]","args":[{"element-6066-11e4-a52e-4f735466cecf":"f.0A588440BBC4B09490297E8A4E4C478B.d.66164703AA91F31842D60E30F7002F52.e.9648"},"getText",[]]}
COMMAND: POST /session/9d48326ae870b5d3a573a2f725ac1bbc/execute/async - {"script":"<script> [1562 bytes]","args":[{"selector":{"id":"application-managepricingrules-display-component---newInfoPriceItem--condValidTo","interaction":{"idSuffix":"inner"}},"wdio_ui5_key":"applicationmanagepricingrules-display-component---newInfoPriceItem--condValidTo"}]}
RESULT: {"script":"<script> [1562 bytes]","args":[{"selector":{"id":"application-managepricingrules-display-component---newInfoPriceItem--condValidTo","interaction":{"idSuffix":"inner"}},"wdio_ui5_key":"applicationmanagepricingrules-display-component---newInfoPriceItem--condValidTo"}]}
RESULT: undefined
COMMAND: POST /session/9d48326ae870b5d3a573a2f725ac1bbc/execute/async - {"script":"<script> [776 bytes]","args":[{"enterText":"1/31/26","selector":{"id":"application-managepricingrules-display-component---newInfoPriceItem--condValidTo","interaction":{"idSuffix":"inner"}},"clearTextFirst":true,"interactionType":"ENTER_TEXT"}]}
RESULT: {"script":"<script> [776 bytes]","args":[{"enterText":"1/31/26","selector":{"id":"application-managepricingrules-display-component---newInfoPriceItem--condValidTo","interaction":{"idSuffix":"inner"}},"clearTextFirst":true,"interactionType":"ENTER_TEXT"}]}
COMMAND: POST /session/9d48326ae870b5d3a573a2f725ac1bbc/execute/async - {"script":"<script> [1562 bytes]","args":[{"selector":{"id":"application-managepricingrules-display-component---newInfoPriceItem--billType-arrow"},"wdio_ui5_key":"applicationmanagepricingrules-display-component---newInfoPriceItem--billType-arrow"}]}
RESULT: {"script":"<script> [1562 bytes]","args":[{"selector":{"id":"application-managepricingrules-display-component---newInfoPriceItem--billType-arrow"},"wdio_ui5_key":"applicationmanagepricingrules-display-component---newInfoPriceItem--billType-arrow"}]}
RESULT: undefined
COMMAND: POST /session/9d48326ae870b5d3a573a2f725ac1bbc/element - {"using":"xpath","value":"//*[@id=\"application-managepricingrules-display-component---newInfoPriceItem--billType-arrow\"]"}
RESULT: {"using":"xpath","value":"//*[@id=\"application-managepricingrules-display-component---newInfoPriceItem--billType-arrow\"]"}
COMMAND: POST /session/9d48326ae870b5d3a573a2f725ac1bbc/element/f.0A588440BBC4B09490297E8A4E4C478B.d.66164703AA91F31842D60E30F7002F52.e.9658/click - {}
RESULT: {}
COMMAND: POST /session/9d48326ae870b5d3a573a2f725ac1bbc/element - {"using":"xpath","value":"//span[contains(text(), \"TB - Time based\")]"}
COMMAND: GET /session/9d48326ae870b5d3a573a2f725ac1bbc/screenshot - {}
RESULT: {"using":"xpath","value":"//span[contains(text(), \"TB - Time based\")]"}
COMMAND: POST /session/9d48326ae870b5d3a573a2f725ac1bbc/element/f.0A588440BBC4B09490297E8A4E4C478B.d.66164703AA91F31842D60E30F7002F52.e.9659/click - {}
RESULT: {}
RESULT: {}
COMMAND: POST /session/9d48326ae870b5d3a573a2f725ac1bbc/execute/async - {"script":"<script> [1562 bytes]","args":[{"selector":{"id":"application-managepricingrules-display-component---newInfoPriceItem--priceProc-arrow"},"wdio_ui5_key":"applicationmanagepricingrules-display-component---newInfoPriceItem--priceProc-arrow"}]}
COMMAND: GET /session/9d48326ae870b5d3a573a2f725ac1bbc/screenshot - {}
RESULT: {"script":"<script> [1562 bytes]","args":[{"selector":{"id":"application-managepricingrules-display-component---newInfoPriceItem--priceProc-arrow"},"wdio_ui5_key":"applicationmanagepricingrules-display-component---newInfoPriceItem--priceProc-arrow"}]}
RESULT: undefined
COMMAND: POST /session/9d48326ae870b5d3a573a2f725ac1bbc/element - {"using":"xpath","value":"//*[@id=\"application-managepricingrules-display-component---newInfoPriceItem--priceProc-arrow\"]"}
RESULT: {}
RESULT: {"using":"xpath","value":"//*[@id=\"application-managepricingrules-display-component---newInfoPriceItem--priceProc-arrow\"]"}
COMMAND: POST /session/9d48326ae870b5d3a573a2f725ac1bbc/element/f.0A588440BBC4B09490297E8A4E4C478B.d.66164703AA91F31842D60E30F7002F52.e.9660/click - {}
RESULT: {}
COMMAND: POST /session/9d48326ae870b5d3a573a2f725ac1bbc/element - {"using":"xpath","value":"//span[contains(text(), \"TBS - Time based standard\")]"}
COMMAND: GET /session/9d48326ae870b5d3a573a2f725ac1bbc/screenshot - {}
RESULT: {"using":"xpath","value":"//span[contains(text(), \"TBS - Time based standard\")]"}
COMMAND: POST /session/9d48326ae870b5d3a573a2f725ac1bbc/element/f.0A588440BBC4B09490297E8A4E4C478B.d.66164703AA91F31842D60E30F7002F52.e.9661/click - {}
RESULT: {}
RESULT: {}
COMMAND: POST /session/9d48326ae870b5d3a573a2f725ac1bbc/execute/async - {"script":"<script> [1562 bytes]","args":[{"selector":{"id":"application-managepricingrules-display-component---newInfoPriceItem--calcBase-arrow"},"wdio_ui5_key":"applicationmanagepricingrules-display-component---newInfoPriceItem--calcBase-arrow"}]}
COMMAND: GET /session/9d48326ae870b5d3a573a2f725ac1bbc/screenshot - {}
RESULT: {"script":"<script> [1562 bytes]","args":[{"selector":{"id":"application-managepricingrules-display-component---newInfoPriceItem--calcBase-arrow"},"wdio_ui5_key":"applicationmanagepricingrules-display-component---newInfoPriceItem--calcBase-arrow"}]}
RESULT: undefined
COMMAND: POST /session/9d48326ae870b5d3a573a2f725ac1bbc/element - {"using":"xpath","value":"//*[@id=\"application-managepricingrules-display-component---newInfoPriceItem--calcBase-arrow\"]"}
RESULT: {}
RESULT: {"using":"xpath","value":"//*[@id=\"application-managepricingrules-display-component---newInfoPriceItem--calcBase-arrow\"]"}
COMMAND: POST /session/9d48326ae870b5d3a573a2f725ac1bbc/element/f.0A588440BBC4B09490297E8A4E4C478B.d.66164703AA91F31842D60E30F7002F52.e.9662/click - {}
RESULT: {}
COMMAND: GET /session/9d48326ae870b5d3a573a2f725ac1bbc/screenshot - {}
RESULT: {}
COMMAND: POST /session/9d48326ae870b5d3a573a2f725ac1bbc/element - {"using":"xpath","value":"//span[contains(text(), \"0006 - TB(calendar days)\")]"}
RESULT: {"using":"xpath","value":"//span[contains(text(), \"0006 - TB(calendar days)\")]"}
COMMAND: POST /session/9d48326ae870b5d3a573a2f725ac1bbc/element/f.0A588440BBC4B09490297E8A4E4C478B.d.66164703AA91F31842D60E30F7002F52.e.9663/click - {}
RESULT: {}
COMMAND: GET /session/9d48326ae870b5d3a573a2f725ac1bbc/screenshot - {}
RESULT: {}
COMMAND: POST /session/9d48326ae870b5d3a573a2f725ac1bbc/execute/async - {"script":"<script> [1562 bytes]","args":[{"selector":{"id":"application-managepricingrules-display-component---newInfoPriceItem--daysMonth","interaction":{"idSuffix":"inner"}},"wdio_ui5_key":"applicationmanagepricingrules-display-component---newInfoPriceItem--daysMonth"}]}
RESULT: {"script":"<script> [1562 bytes]","args":[{"selector":{"id":"application-managepricingrules-display-component---newInfoPriceItem--daysMonth","interaction":{"idSuffix":"inner"}},"wdio_ui5_key":"applicationmanagepricingrules-display-component---newInfoPriceItem--daysMonth"}]}
RESULT: undefined
COMMAND: POST /session/9d48326ae870b5d3a573a2f725ac1bbc/execute/async - {"script":"<script> [776 bytes]","args":[{"enterText":"30","selector":{"id":"application-managepricingrules-display-component---newInfoPriceItem--daysMonth","interaction":{"idSuffix":"inner"}},"clearTextFirst":true,"interactionType":"ENTER_TEXT"}]}
RESULT: {"script":"<script> [776 bytes]","args":[{"enterText":"30","selector":{"id":"application-managepricingrules-display-component---newInfoPriceItem--daysMonth","interaction":{"idSuffix":"inner"}},"clearTextFirst":true,"interactionType":"ENTER_TEXT"}]}
COMMAND: POST /session/9d48326ae870b5d3a573a2f725ac1bbc/element - {"using":"xpath","value":"//button[@data-kt=\"saveNewRuleButton\"]"}
RESULT: {"using":"xpath","value":"//button[@data-kt=\"saveNewRuleButton\"]"}
COMMAND: POST /session/9d48326ae870b5d3a573a2f725ac1bbc/element/f.0A588440BBC4B09490297E8A4E4C478B.d.66164703AA91F31842D60E30F7002F52.e.9665/click - {}
RESULT: {}
COMMAND: GET /session/9d48326ae870b5d3a573a2f725ac1bbc/screenshot - {}
RESULT: {}
COMMAND: POST /session/9d48326ae870b5d3a573a2f725ac1bbc/execute/async - {"script":"<script> [1562 bytes]","args":[{"selector":{"id":"application-managepricingrules-display-component---priceInfoItem--smartFilterBar-btnBasicSearch","interaction":{"idSuffix":"I"}},"wdio_ui5_key":"applicationmanagepricingrules-display-component---priceInfoItem--smartFilterBar-btnBasicSearch"}]}
RESULT: {"script":"<script> [1562 bytes]","args":[{"selector":{"id":"application-managepricingrules-display-component---priceInfoItem--smartFilterBar-btnBasicSearch","interaction":{"idSuffix":"I"}},"wdio_ui5_key":"applicationmanagepricingrules-display-component---priceInfoItem--smartFilterBar-btnBasicSearch"}]}
RESULT: undefined
COMMAND: POST /session/9d48326ae870b5d3a573a2f725ac1bbc/execute/async - {"script":"<script> [776 bytes]","args":[{"enterText":"CN9IMAqED6","selector":{"id":"application-managepricingrules-display-component---priceInfoItem--smartFilterBar-btnBasicSearch","interaction":{"idSuffix":"I"}},"clearTextFirst":true,"interactionType":"ENTER_TEXT"}]}
RESULT: {"script":"<script> [776 bytes]","args":[{"enterText":"CN9IMAqED6","selector":{"id":"application-managepricingrules-display-component---priceInfoItem--smartFilterBar-btnBasicSearch","interaction":{"idSuffix":"I"}},"clearTextFirst":true,"interactionType":"ENTER_TEXT"}]}
COMMAND: POST /session/9d48326ae870b5d3a573a2f725ac1bbc/actions - {"actions":[{"id":"action29","type":"key","parameters":{},"actions":[{"type":"keyDown","value":""},{"type":"pause","duration":10},{"type":"keyUp","value":""}]}]}
RESULT: {"actions":[{"id":"action29","type":"key","parameters":{},"actions":[{"type":"keyDown","value":""},{"type":"pause","duration":10},{"type":"keyUp","value":""}]}]}
COMMAND: GET /session/9d48326ae870b5d3a573a2f725ac1bbc/screenshot - {}
RESULT: {}
COMMAND: POST /session/9d48326ae870b5d3a573a2f725ac1bbc/element - {"using":"xpath","value":"//span[@id=\"application-managepricingrules-display-component---priceInfoItem--smartTable-header-inner\"]"}
RESULT: {"using":"xpath","value":"//span[@id=\"application-managepricingrules-display-component---priceInfoItem--smartTable-header-inner\"]"}
COMMAND: POST /session/9d48326ae870b5d3a573a2f725ac1bbc/elements - {"using":"xpath","value":"//span[@id=\"application-managepricingrules-display-component---priceInfoItem--smartTable-header-inner\"]"}
RESULT: {"using":"xpath","value":"//span[@id=\"application-managepricingrules-display-component---priceInfoItem--smartTable-header-inner\"]"}
COMMAND: POST /session/9d48326ae870b5d3a573a2f725ac1bbc/execute/sync - {"script":"<script> [56 bytes]","args":[{"element-6066-11e4-a52e-4f735466cecf":"f.0A588440BBC4B09490297E8A4E4C478B.d.66164703AA91F31842D60E30F7002F52.e.9689","ELEMENT":"f.0A588440BBC4B09490297E8A4E4C478B.d.66164703AA91F31842D60E30F7002F52.e.9689"}]}
RESULT: {"script":"<script> [56 bytes]","args":[{"element-6066-11e4-a52e-4f735466cecf":"f.0A588440BBC4B09490297E8A4E4C478B.d.66164703AA91F31842D60E30F7002F52.e.9689","ELEMENT":"f.0A588440BBC4B09490297E8A4E4C478B.d.66164703AA91F31842D60E30F7002F52.e.9689"}]}
COMMAND: POST /session/9d48326ae870b5d3a573a2f725ac1bbc/element - {"using":"css selector","value":"#shell-header-logo"}
COMMAND: GET /session/9d48326ae870b5d3a573a2f725ac1bbc/screenshot - {}
RESULT: {"using":"css selector","value":"#shell-header-logo"}
COMMAND: POST /session/9d48326ae870b5d3a573a2f725ac1bbc/element/f.0A588440BBC4B09490297E8A4E4C478B.d.66164703AA91F31842D60E30F7002F52.e.8855/click - {}
RESULT: {}
RESULT: {}
COMMAND: GET /session/9d48326ae870b5d3a573a2f725ac1bbc/screenshot - {}
RESULT: {}
]]></system-out>
    </testcase>
    <testcase classname="chrome.136_0_7103_93.windows.Billing_Transfer_-_Intracompany_US127249" name="Should manage conditions" time="67.948">
      <system-out><![CDATA[
COMMAND: POST /session/9d48326ae870b5d3a573a2f725ac1bbc/execute/async - {"script":"<script> [1562 bytes]","args":[{"selector":{"controlType":"sap.m.GenericTile","properties":{"header":"Manage Conditions & Prices"}},"wdio_ui5_key":"sapm.GenericTile{\"header\":\"Manage Conditions & Prices\"}"}]}
RESULT: {"script":"<script> [1562 bytes]","args":[{"selector":{"controlType":"sap.m.GenericTile","properties":{"header":"Manage Conditions & Prices"}},"wdio_ui5_key":"sapm.GenericTile{\"header\":\"Manage Conditions & Prices\"}"}]}
RESULT: undefined
COMMAND: POST /session/9d48326ae870b5d3a573a2f725ac1bbc/element - {"using":"xpath","value":"//*[@id=\"__tile53\"]"}
RESULT: {"using":"xpath","value":"//*[@id=\"__tile53\"]"}
COMMAND: POST /session/9d48326ae870b5d3a573a2f725ac1bbc/element/f.0A588440BBC4B09490297E8A4E4C478B.d.66164703AA91F31842D60E30F7002F52.e.6593/click - {}
RESULT: {}
COMMAND: GET /session/9d48326ae870b5d3a573a2f725ac1bbc/screenshot - {}
RESULT: {}
COMMAND: POST /session/9d48326ae870b5d3a573a2f725ac1bbc/elements - {"using":"xpath","value":"//span[text()='Error']"}
RESULT: {"using":"xpath","value":"//span[text()='Error']"}
COMMAND: POST /session/9d48326ae870b5d3a573a2f725ac1bbc/element - {"using":"xpath","value":"//button[@aria-label=\"Create\"]"}
RESULT: {"using":"xpath","value":"//button[@aria-label=\"Create\"]"}
COMMAND: POST /session/9d48326ae870b5d3a573a2f725ac1bbc/elements - {"using":"xpath","value":"//button[@aria-label=\"Create\"]"}
RESULT: {"using":"xpath","value":"//button[@aria-label=\"Create\"]"}
COMMAND: POST /session/9d48326ae870b5d3a573a2f725ac1bbc/execute/sync - {"script":"<script> [8489 bytes]","args":[{"element-6066-11e4-a52e-4f735466cecf":"f.0A588440BBC4B09490297E8A4E4C478B.d.66164703AA91F31842D60E30F7002F52.e.9725","ELEMENT":"f.0A588440BBC4B09490297E8A4E4C478B.d.66164703AA91F31842D60E30F7002F52.e.9725"}]}
RESULT: {"script":"<script> [8489 bytes]","args":[{"element-6066-11e4-a52e-4f735466cecf":"f.0A588440BBC4B09490297E8A4E4C478B.d.66164703AA91F31842D60E30F7002F52.e.9725","ELEMENT":"f.0A588440BBC4B09490297E8A4E4C478B.d.66164703AA91F31842D60E30F7002F52.e.9725"}]}
COMMAND: GET /session/9d48326ae870b5d3a573a2f725ac1bbc/element/f.0A588440BBC4B09490297E8A4E4C478B.d.66164703AA91F31842D60E30F7002F52.e.9725/enabled - {}
COMMAND: GET /session/9d48326ae870b5d3a573a2f725ac1bbc/screenshot - {}
RESULT: {}
COMMAND: POST /session/9d48326ae870b5d3a573a2f725ac1bbc/execute/sync - {"script":"<script> [8489 bytes]","args":[{"element-6066-11e4-a52e-4f735466cecf":"f.0A588440BBC4B09490297E8A4E4C478B.d.66164703AA91F31842D60E30F7002F52.e.9725","ELEMENT":"f.0A588440BBC4B09490297E8A4E4C478B.d.66164703AA91F31842D60E30F7002F52.e.9725"}]}
COMMAND: GET /session/9d48326ae870b5d3a573a2f725ac1bbc/screenshot - {}
RESULT: {}
RESULT: {"script":"<script> [8489 bytes]","args":[{"element-6066-11e4-a52e-4f735466cecf":"f.0A588440BBC4B09490297E8A4E4C478B.d.66164703AA91F31842D60E30F7002F52.e.9725","ELEMENT":"f.0A588440BBC4B09490297E8A4E4C478B.d.66164703AA91F31842D60E30F7002F52.e.9725"}]}
COMMAND: POST /session/9d48326ae870b5d3a573a2f725ac1bbc/execute/sync - {"script":"<script> [5351 bytes]","args":[{"element-6066-11e4-a52e-4f735466cecf":"f.0A588440BBC4B09490297E8A4E4C478B.d.66164703AA91F31842D60E30F7002F52.e.9725","ELEMENT":"f.0A588440BBC4B09490297E8A4E4C478B.d.66164703AA91F31842D60E30F7002F52.e.9725"}]}
COMMAND: GET /session/9d48326ae870b5d3a573a2f725ac1bbc/screenshot - {}
RESULT: {}
RESULT: {"script":"<script> [5351 bytes]","args":[{"element-6066-11e4-a52e-4f735466cecf":"f.0A588440BBC4B09490297E8A4E4C478B.d.66164703AA91F31842D60E30F7002F52.e.9725","ELEMENT":"f.0A588440BBC4B09490297E8A4E4C478B.d.66164703AA91F31842D60E30F7002F52.e.9725"}]}
COMMAND: POST /session/9d48326ae870b5d3a573a2f725ac1bbc/element/f.0A588440BBC4B09490297E8A4E4C478B.d.66164703AA91F31842D60E30F7002F52.e.9725/click - {}
COMMAND: GET /session/9d48326ae870b5d3a573a2f725ac1bbc/screenshot - {}
RESULT: {}
RESULT: {}
COMMAND: GET /session/9d48326ae870b5d3a573a2f725ac1bbc/screenshot - {}
RESULT: {}
RESULT: {}
COMMAND: POST /session/9d48326ae870b5d3a573a2f725ac1bbc/actions - {"actions":[{"id":"action30","type":"key","parameters":{},"actions":[{"type":"keyDown","value":""},{"type":"pause","duration":10},{"type":"keyUp","value":""}]}]}
RESULT: {"actions":[{"id":"action30","type":"key","parameters":{},"actions":[{"type":"keyDown","value":""},{"type":"pause","duration":10},{"type":"keyUp","value":""}]}]}
COMMAND: GET /session/9d48326ae870b5d3a573a2f725ac1bbc/screenshot - {}
RESULT: {}
COMMAND: POST /session/9d48326ae870b5d3a573a2f725ac1bbc/execute/async - {"script":"<script> [1562 bytes]","args":[{"selector":{"id":"application-manageconditionprice-display-component---newCondition--condBillCond-arrow"},"wdio_ui5_key":"applicationmanageconditionprice-display-component---newCondition--condBillCond-arrow"}]}
RESULT: {"script":"<script> [1562 bytes]","args":[{"selector":{"id":"application-manageconditionprice-display-component---newCondition--condBillCond-arrow"},"wdio_ui5_key":"applicationmanageconditionprice-display-component---newCondition--condBillCond-arrow"}]}
RESULT: undefined
COMMAND: POST /session/9d48326ae870b5d3a573a2f725ac1bbc/element - {"using":"xpath","value":"//*[@id=\"application-manageconditionprice-display-component---newCondition--condBillCond-arrow\"]"}
RESULT: {"using":"xpath","value":"//*[@id=\"application-manageconditionprice-display-component---newCondition--condBillCond-arrow\"]"}
COMMAND: POST /session/9d48326ae870b5d3a573a2f725ac1bbc/element/f.0A588440BBC4B09490297E8A4E4C478B.d.66164703AA91F31842D60E30F7002F52.e.9905/click - {}
RESULT: {}
COMMAND: GET /session/9d48326ae870b5d3a573a2f725ac1bbc/screenshot - {}
RESULT: {}
COMMAND: POST /session/9d48326ae870b5d3a573a2f725ac1bbc/element - {"using":"xpath","value":"//li[.//span[contains(text(), \"DISP - D&I special price\")]]"}
RESULT: {"using":"xpath","value":"//li[.//span[contains(text(), \"DISP - D&I special price\")]]"}
COMMAND: POST /session/9d48326ae870b5d3a573a2f725ac1bbc/element/f.0A588440BBC4B09490297E8A4E4C478B.d.66164703AA91F31842D60E30F7002F52.e.9908/click - {}
RESULT: {}
COMMAND: GET /session/9d48326ae870b5d3a573a2f725ac1bbc/screenshot - {}
RESULT: {}
COMMAND: POST /session/9d48326ae870b5d3a573a2f725ac1bbc/execute/async - {"script":"<script> [1562 bytes]","args":[{"selector":{"id":"application-manageconditionprice-display-component---newCondition--condValidTo","interaction":{"idSuffix":"inner"}},"wdio_ui5_key":"applicationmanageconditionprice-display-component---newCondition--condValidTo"}]}
RESULT: {"script":"<script> [1562 bytes]","args":[{"selector":{"id":"application-manageconditionprice-display-component---newCondition--condValidTo","interaction":{"idSuffix":"inner"}},"wdio_ui5_key":"applicationmanageconditionprice-display-component---newCondition--condValidTo"}]}
RESULT: undefined
COMMAND: POST /session/9d48326ae870b5d3a573a2f725ac1bbc/execute/async - {"script":"<script> [776 bytes]","args":[{"enterText":"1/31/26","selector":{"id":"application-manageconditionprice-display-component---newCondition--condValidTo","interaction":{"idSuffix":"inner"}},"clearTextFirst":true,"interactionType":"ENTER_TEXT"}]}
RESULT: {"script":"<script> [776 bytes]","args":[{"enterText":"1/31/26","selector":{"id":"application-manageconditionprice-display-component---newCondition--condValidTo","interaction":{"idSuffix":"inner"}},"clearTextFirst":true,"interactionType":"ENTER_TEXT"}]}
COMMAND: POST /session/9d48326ae870b5d3a573a2f725ac1bbc/element - {"using":"xpath","value":"//input[@id=\"application-manageconditionprice-display-component---newCondition--condRU-inner\"]"}
RESULT: {"using":"xpath","value":"//input[@id=\"application-manageconditionprice-display-component---newCondition--condRU-inner\"]"}
COMMAND: POST /session/9d48326ae870b5d3a573a2f725ac1bbc/element/f.0A588440BBC4B09490297E8A4E4C478B.d.66164703AA91F31842D60E30F7002F52.e.9741/clear - {}
RESULT: {}
COMMAND: POST /session/9d48326ae870b5d3a573a2f725ac1bbc/element/f.0A588440BBC4B09490297E8A4E4C478B.d.66164703AA91F31842D60E30F7002F52.e.9741/value - {"text":"CN9IMAqED6"}
COMMAND: GET /session/9d48326ae870b5d3a573a2f725ac1bbc/screenshot - {}
RESULT: {"text":"CN9IMAqED6"}
COMMAND: GET /session/9d48326ae870b5d3a573a2f725ac1bbc/screenshot - {}
RESULT: {}
RESULT: {}
COMMAND: POST /session/9d48326ae870b5d3a573a2f725ac1bbc/actions - {"actions":[{"id":"action31","type":"key","parameters":{},"actions":[{"type":"keyDown","value":""},{"type":"pause","duration":10},{"type":"keyUp","value":""}]}]}
RESULT: {"actions":[{"id":"action31","type":"key","parameters":{},"actions":[{"type":"keyDown","value":""},{"type":"pause","duration":10},{"type":"keyUp","value":""}]}]}
COMMAND: POST /session/9d48326ae870b5d3a573a2f725ac1bbc/execute/async - {"script":"<script> [1562 bytes]","args":[{"selector":{"id":"application-manageconditionprice-display-component---newCondition--condBaseQty","interaction":{"idSuffix":"inner"}},"wdio_ui5_key":"applicationmanageconditionprice-display-component---newCondition--condBaseQty"}]}
COMMAND: GET /session/9d48326ae870b5d3a573a2f725ac1bbc/screenshot - {}
RESULT: {"script":"<script> [1562 bytes]","args":[{"selector":{"id":"application-manageconditionprice-display-component---newCondition--condBaseQty","interaction":{"idSuffix":"inner"}},"wdio_ui5_key":"applicationmanageconditionprice-display-component---newCondition--condBaseQty"}]}
RESULT: undefined
COMMAND: POST /session/9d48326ae870b5d3a573a2f725ac1bbc/execute/async - {"script":"<script> [776 bytes]","args":[{"enterText":"1","selector":{"id":"application-manageconditionprice-display-component---newCondition--condBaseQty","interaction":{"idSuffix":"inner"}},"clearTextFirst":true,"interactionType":"ENTER_TEXT"}]}
RESULT: {}
RESULT: {"script":"<script> [776 bytes]","args":[{"enterText":"1","selector":{"id":"application-manageconditionprice-display-component---newCondition--condBaseQty","interaction":{"idSuffix":"inner"}},"clearTextFirst":true,"interactionType":"ENTER_TEXT"}]}
COMMAND: POST /session/9d48326ae870b5d3a573a2f725ac1bbc/execute/async - {"script":"<script> [1562 bytes]","args":[{"selector":{"id":"application-manageconditionprice-display-component---newCondition--condValue","interaction":{"idSuffix":"inner"}},"wdio_ui5_key":"applicationmanageconditionprice-display-component---newCondition--condValue"}]}
RESULT: {"script":"<script> [1562 bytes]","args":[{"selector":{"id":"application-manageconditionprice-display-component---newCondition--condValue","interaction":{"idSuffix":"inner"}},"wdio_ui5_key":"applicationmanageconditionprice-display-component---newCondition--condValue"}]}
RESULT: undefined
COMMAND: POST /session/9d48326ae870b5d3a573a2f725ac1bbc/execute/async - {"script":"<script> [776 bytes]","args":[{"enterText":"200","selector":{"id":"application-manageconditionprice-display-component---newCondition--condValue","interaction":{"idSuffix":"inner"}},"clearTextFirst":true,"interactionType":"ENTER_TEXT"}]}
RESULT: {"script":"<script> [776 bytes]","args":[{"enterText":"200","selector":{"id":"application-manageconditionprice-display-component---newCondition--condValue","interaction":{"idSuffix":"inner"}},"clearTextFirst":true,"interactionType":"ENTER_TEXT"}]}
COMMAND: POST /session/9d48326ae870b5d3a573a2f725ac1bbc/execute/async - {"script":"<script> [1562 bytes]","args":[{"selector":{"id":"application-manageconditionprice-display-component---newCondition--condCurr-arrow"},"wdio_ui5_key":"applicationmanageconditionprice-display-component---newCondition--condCurr-arrow"}]}
RESULT: {"script":"<script> [1562 bytes]","args":[{"selector":{"id":"application-manageconditionprice-display-component---newCondition--condCurr-arrow"},"wdio_ui5_key":"applicationmanageconditionprice-display-component---newCondition--condCurr-arrow"}]}
RESULT: undefined
COMMAND: POST /session/9d48326ae870b5d3a573a2f725ac1bbc/element - {"using":"xpath","value":"//*[@id=\"application-manageconditionprice-display-component---newCondition--condCurr-arrow\"]"}
RESULT: {"using":"xpath","value":"//*[@id=\"application-manageconditionprice-display-component---newCondition--condCurr-arrow\"]"}
COMMAND: POST /session/9d48326ae870b5d3a573a2f725ac1bbc/element/f.0A588440BBC4B09490297E8A4E4C478B.d.66164703AA91F31842D60E30F7002F52.e.9886/click - {}
RESULT: {}
COMMAND: POST /session/9d48326ae870b5d3a573a2f725ac1bbc/element - {"using":"xpath","value":"//span[contains(text(), \"Euro\")]"}
COMMAND: GET /session/9d48326ae870b5d3a573a2f725ac1bbc/screenshot - {}
RESULT: {"using":"xpath","value":"//span[contains(text(), \"Euro\")]"}
COMMAND: POST /session/9d48326ae870b5d3a573a2f725ac1bbc/element/f.0A588440BBC4B09490297E8A4E4C478B.d.66164703AA91F31842D60E30F7002F52.e.9945/click - {}
RESULT: {}
RESULT: {}
COMMAND: POST /session/9d48326ae870b5d3a573a2f725ac1bbc/element - {"using":"xpath","value":"//button[@data-kt=\"saveButton\"]"}
COMMAND: GET /session/9d48326ae870b5d3a573a2f725ac1bbc/screenshot - {}
RESULT: {"using":"xpath","value":"//button[@data-kt=\"saveButton\"]"}
COMMAND: POST /session/9d48326ae870b5d3a573a2f725ac1bbc/element/f.0A588440BBC4B09490297E8A4E4C478B.d.66164703AA91F31842D60E30F7002F52.e.9887/click - {}
RESULT: {}
RESULT: {}
COMMAND: GET /session/9d48326ae870b5d3a573a2f725ac1bbc/screenshot - {}
RESULT: {}
COMMAND: POST /session/9d48326ae870b5d3a573a2f725ac1bbc/execute/async - {"script":"<script> [1562 bytes]","args":[{"selector":{"id":"application-manageconditionprice-display-component---conditions--smartFilterBar-btnBasicSearch","interaction":{"idSuffix":"I"}},"wdio_ui5_key":"applicationmanageconditionprice-display-component---conditions--smartFilterBar-btnBasicSearch"}]}
RESULT: {"script":"<script> [1562 bytes]","args":[{"selector":{"id":"application-manageconditionprice-display-component---conditions--smartFilterBar-btnBasicSearch","interaction":{"idSuffix":"I"}},"wdio_ui5_key":"applicationmanageconditionprice-display-component---conditions--smartFilterBar-btnBasicSearch"}]}
RESULT: undefined
COMMAND: POST /session/9d48326ae870b5d3a573a2f725ac1bbc/execute/async - {"script":"<script> [776 bytes]","args":[{"enterText":"CN9IMAqED6","selector":{"id":"application-manageconditionprice-display-component---conditions--smartFilterBar-btnBasicSearch","interaction":{"idSuffix":"I"}},"clearTextFirst":true,"interactionType":"ENTER_TEXT"}]}
RESULT: {"script":"<script> [776 bytes]","args":[{"enterText":"CN9IMAqED6","selector":{"id":"application-manageconditionprice-display-component---conditions--smartFilterBar-btnBasicSearch","interaction":{"idSuffix":"I"}},"clearTextFirst":true,"interactionType":"ENTER_TEXT"}]}
COMMAND: POST /session/9d48326ae870b5d3a573a2f725ac1bbc/actions - {"actions":[{"id":"action32","type":"key","parameters":{},"actions":[{"type":"keyDown","value":""},{"type":"pause","duration":10},{"type":"keyUp","value":""}]}]}
RESULT: {"actions":[{"id":"action32","type":"key","parameters":{},"actions":[{"type":"keyDown","value":""},{"type":"pause","duration":10},{"type":"keyUp","value":""}]}]}
COMMAND: GET /session/9d48326ae870b5d3a573a2f725ac1bbc/screenshot - {}
RESULT: {}
COMMAND: POST /session/9d48326ae870b5d3a573a2f725ac1bbc/execute/async - {"script":"<script> [1562 bytes]","args":[{"selector":{"id":"application-manageconditionprice-display-component---conditions--smartFilterBar-filterItemControl_BASIC-BILL_TYPES-vhi"},"wdio_ui5_key":"applicationmanageconditionprice-display-component---conditions--smartFilterBar-filterItemControl_BASIC-BILL_TYPES-vhi"}]}
RESULT: {"script":"<script> [1562 bytes]","args":[{"selector":{"id":"application-manageconditionprice-display-component---conditions--smartFilterBar-filterItemControl_BASIC-BILL_TYPES-vhi"},"wdio_ui5_key":"applicationmanageconditionprice-display-component---conditions--smartFilterBar-filterItemControl_BASIC-BILL_TYPES-vhi"}]}
RESULT: undefined
COMMAND: POST /session/9d48326ae870b5d3a573a2f725ac1bbc/element - {"using":"xpath","value":"//*[@id=\"application-manageconditionprice-display-component---conditions--smartFilterBar-filterItemControl_BASIC-BILL_TYPES-vhi\"]"}
RESULT: {"using":"xpath","value":"//*[@id=\"application-manageconditionprice-display-component---conditions--smartFilterBar-filterItemControl_BASIC-BILL_TYPES-vhi\"]"}
COMMAND: POST /session/9d48326ae870b5d3a573a2f725ac1bbc/element/f.0A588440BBC4B09490297E8A4E4C478B.d.66164703AA91F31842D60E30F7002F52.e.10051/click - {}
RESULT: {}
COMMAND: POST /session/9d48326ae870b5d3a573a2f725ac1bbc/execute/async - {"script":"<script> [1562 bytes]","args":[{"selector":{"id":"application-manageconditionprice-display-component---conditions--smartFilterBar-filterItemControl_BASIC-BILL_TYPES-valueHelpDialog-smartFilterBar-btnBasicSearch","searchOpenDialogs":true,"interaction":{"idSuffix":"I"}},"wdio_ui5_key":"applicationmanageconditionprice-display-component---conditions--smartFilterBar-filterItemControl_BASIC-BILL_TYPES-valueHelpDialog-smartFilterBar-btnBasicSearch"}]}
COMMAND: GET /session/9d48326ae870b5d3a573a2f725ac1bbc/screenshot - {}
RESULT: {"script":"<script> [1562 bytes]","args":[{"selector":{"id":"application-manageconditionprice-display-component---conditions--smartFilterBar-filterItemControl_BASIC-BILL_TYPES-valueHelpDialog-smartFilterBar-btnBasicSearch","searchOpenDialogs":true,"interaction":{"idSuffix":"I"}},"wdio_ui5_key":"applicationmanageconditionprice-display-component---conditions--smartFilterBar-filterItemControl_BASIC-BILL_TYPES-valueHelpDialog-smartFilterBar-btnBasicSearch"}]}
RESULT: undefined
COMMAND: POST /session/9d48326ae870b5d3a573a2f725ac1bbc/execute/async - {"script":"<script> [776 bytes]","args":[{"enterText":"TB","selector":{"id":"application-manageconditionprice-display-component---conditions--smartFilterBar-filterItemControl_BASIC-BILL_TYPES-valueHelpDialog-smartFilterBar-btnBasicSearch","searchOpenDialogs":true,"interaction":{"idSuffix":"I"}},"clearTextFirst":true,"interactionType":"ENTER_TEXT"}]}
RESULT: {}
RESULT: {"script":"<script> [776 bytes]","args":[{"enterText":"TB","selector":{"id":"application-manageconditionprice-display-component---conditions--smartFilterBar-filterItemControl_BASIC-BILL_TYPES-valueHelpDialog-smartFilterBar-btnBasicSearch","searchOpenDialogs":true,"interaction":{"idSuffix":"I"}},"clearTextFirst":true,"interactionType":"ENTER_TEXT"}]}
COMMAND: POST /session/9d48326ae870b5d3a573a2f725ac1bbc/actions - {"actions":[{"id":"action33","type":"key","parameters":{},"actions":[{"type":"keyDown","value":""},{"type":"pause","duration":10},{"type":"keyUp","value":""}]}]}
RESULT: {"actions":[{"id":"action33","type":"key","parameters":{},"actions":[{"type":"keyDown","value":""},{"type":"pause","duration":10},{"type":"keyUp","value":""}]}]}
COMMAND: GET /session/9d48326ae870b5d3a573a2f725ac1bbc/screenshot - {}
RESULT: {}
COMMAND: POST /session/9d48326ae870b5d3a573a2f725ac1bbc/element - {"using":"xpath","value":"//div[contains(@id, 'application-manageconditionprice-display-component---conditions--smartFilterBar-filterItemControl_BASIC-BILL_TYPES-valueHelpDialog-table-rowsel0')]"}
RESULT: {"using":"xpath","value":"//div[contains(@id, 'application-manageconditionprice-display-component---conditions--smartFilterBar-filterItemControl_BASIC-BILL_TYPES-valueHelpDialog-table-rowsel0')]"}
COMMAND: POST /session/9d48326ae870b5d3a573a2f725ac1bbc/element/f.0A588440BBC4B09490297E8A4E4C478B.d.66164703AA91F31842D60E30F7002F52.e.10060/click - {}
RESULT: {}
COMMAND: GET /session/9d48326ae870b5d3a573a2f725ac1bbc/screenshot - {}
RESULT: {}
COMMAND: POST /session/9d48326ae870b5d3a573a2f725ac1bbc/element - {"using":"xpath","value":"//bdi[contains(text(), \"OK\")]"}
RESULT: {"using":"xpath","value":"//bdi[contains(text(), \"OK\")]"}
COMMAND: POST /session/9d48326ae870b5d3a573a2f725ac1bbc/element/f.0A588440BBC4B09490297E8A4E4C478B.d.66164703AA91F31842D60E30F7002F52.e.10062/click - {}
RESULT: {}
COMMAND: GET /session/9d48326ae870b5d3a573a2f725ac1bbc/screenshot - {}
RESULT: {}
COMMAND: POST /session/9d48326ae870b5d3a573a2f725ac1bbc/element - {"using":"xpath","value":"//span[@id=\"application-manageconditionprice-display-component---conditions--smartTable-header-inner\"]"}
RESULT: {"using":"xpath","value":"//span[@id=\"application-manageconditionprice-display-component---conditions--smartTable-header-inner\"]"}
COMMAND: POST /session/9d48326ae870b5d3a573a2f725ac1bbc/elements - {"using":"xpath","value":"//span[@id=\"application-manageconditionprice-display-component---conditions--smartTable-header-inner\"]"}
RESULT: {"using":"xpath","value":"//span[@id=\"application-manageconditionprice-display-component---conditions--smartTable-header-inner\"]"}
COMMAND: POST /session/9d48326ae870b5d3a573a2f725ac1bbc/execute/sync - {"script":"<script> [56 bytes]","args":[{"element-6066-11e4-a52e-4f735466cecf":"f.0A588440BBC4B09490297E8A4E4C478B.d.66164703AA91F31842D60E30F7002F52.e.10065","ELEMENT":"f.0A588440BBC4B09490297E8A4E4C478B.d.66164703AA91F31842D60E30F7002F52.e.10065"}]}
RESULT: {"script":"<script> [56 bytes]","args":[{"element-6066-11e4-a52e-4f735466cecf":"f.0A588440BBC4B09490297E8A4E4C478B.d.66164703AA91F31842D60E30F7002F52.e.10065","ELEMENT":"f.0A588440BBC4B09490297E8A4E4C478B.d.66164703AA91F31842D60E30F7002F52.e.10065"}]}
COMMAND: POST /session/9d48326ae870b5d3a573a2f725ac1bbc/element - {"using":"css selector","value":"#shell-header-logo"}
COMMAND: GET /session/9d48326ae870b5d3a573a2f725ac1bbc/screenshot - {}
RESULT: {"using":"css selector","value":"#shell-header-logo"}
COMMAND: POST /session/9d48326ae870b5d3a573a2f725ac1bbc/element/f.0A588440BBC4B09490297E8A4E4C478B.d.66164703AA91F31842D60E30F7002F52.e.9692/click - {}
RESULT: {}
RESULT: {}
COMMAND: GET /session/9d48326ae870b5d3a573a2f725ac1bbc/screenshot - {}
RESULT: {}
]]></system-out>
    </testcase>
    <testcase classname="chrome.136_0_7103_93.windows.Billing_Transfer_-_Intracompany_US127249" name="Should do a stock increase handover" time="94.426">
      <failure/>
      <error message="Can't call click on element with selector &quot;//li[.//span[contains(text(),'535 -')]]&quot; because element wasn't found"/>
      <system-out><![CDATA[
COMMAND: POST /session/9d48326ae870b5d3a573a2f725ac1bbc/execute/async - {"script":"<script> [1562 bytes]","args":[{"selector":{"controlType":"sap.m.GenericTile","properties":{"header":"Manage Handovers"}},"wdio_ui5_key":"sapm.GenericTile{\"header\":\"Manage Handovers\"}"}]}
RESULT: {"script":"<script> [1562 bytes]","args":[{"selector":{"controlType":"sap.m.GenericTile","properties":{"header":"Manage Handovers"}},"wdio_ui5_key":"sapm.GenericTile{\"header\":\"Manage Handovers\"}"}]}
RESULT: undefined
COMMAND: POST /session/9d48326ae870b5d3a573a2f725ac1bbc/element - {"using":"xpath","value":"//*[@id=\"__tile132\"]"}
RESULT: {"using":"xpath","value":"//*[@id=\"__tile132\"]"}
COMMAND: POST /session/9d48326ae870b5d3a573a2f725ac1bbc/element/f.0A588440BBC4B09490297E8A4E4C478B.d.66164703AA91F31842D60E30F7002F52.e.6631/click - {}
RESULT: {}
COMMAND: GET /session/9d48326ae870b5d3a573a2f725ac1bbc/screenshot - {}
RESULT: {}
COMMAND: POST /session/9d48326ae870b5d3a573a2f725ac1bbc/elements - {"using":"xpath","value":"//span[text()='Error']"}
RESULT: {"using":"xpath","value":"//span[text()='Error']"}
COMMAND: POST /session/9d48326ae870b5d3a573a2f725ac1bbc/element - {"using":"xpath","value":"//button[@data-kt=\"masterHOAddButton\"]"}
RESULT: {"using":"xpath","value":"//button[@data-kt=\"masterHOAddButton\"]"}
COMMAND: POST /session/9d48326ae870b5d3a573a2f725ac1bbc/elements - {"using":"xpath","value":"//button[@data-kt=\"masterHOAddButton\"]"}
RESULT: {"using":"xpath","value":"//button[@data-kt=\"masterHOAddButton\"]"}
COMMAND: POST /session/9d48326ae870b5d3a573a2f725ac1bbc/execute/sync - {"script":"<script> [8489 bytes]","args":[{"element-6066-11e4-a52e-4f735466cecf":"f.0A588440BBC4B09490297E8A4E4C478B.d.66164703AA91F31842D60E30F7002F52.e.10108","ELEMENT":"f.0A588440BBC4B09490297E8A4E4C478B.d.66164703AA91F31842D60E30F7002F52.e.10108"}]}
RESULT: {"script":"<script> [8489 bytes]","args":[{"element-6066-11e4-a52e-4f735466cecf":"f.0A588440BBC4B09490297E8A4E4C478B.d.66164703AA91F31842D60E30F7002F52.e.10108","ELEMENT":"f.0A588440BBC4B09490297E8A4E4C478B.d.66164703AA91F31842D60E30F7002F52.e.10108"}]}
COMMAND: GET /session/9d48326ae870b5d3a573a2f725ac1bbc/element/f.0A588440BBC4B09490297E8A4E4C478B.d.66164703AA91F31842D60E30F7002F52.e.10108/enabled - {}
COMMAND: GET /session/9d48326ae870b5d3a573a2f725ac1bbc/screenshot - {}
RESULT: {}
COMMAND: POST /session/9d48326ae870b5d3a573a2f725ac1bbc/execute/sync - {"script":"<script> [8489 bytes]","args":[{"element-6066-11e4-a52e-4f735466cecf":"f.0A588440BBC4B09490297E8A4E4C478B.d.66164703AA91F31842D60E30F7002F52.e.10108","ELEMENT":"f.0A588440BBC4B09490297E8A4E4C478B.d.66164703AA91F31842D60E30F7002F52.e.10108"}]}
COMMAND: GET /session/9d48326ae870b5d3a573a2f725ac1bbc/screenshot - {}
RESULT: {}
RESULT: {"script":"<script> [8489 bytes]","args":[{"element-6066-11e4-a52e-4f735466cecf":"f.0A588440BBC4B09490297E8A4E4C478B.d.66164703AA91F31842D60E30F7002F52.e.10108","ELEMENT":"f.0A588440BBC4B09490297E8A4E4C478B.d.66164703AA91F31842D60E30F7002F52.e.10108"}]}
COMMAND: POST /session/9d48326ae870b5d3a573a2f725ac1bbc/execute/sync - {"script":"<script> [5351 bytes]","args":[{"element-6066-11e4-a52e-4f735466cecf":"f.0A588440BBC4B09490297E8A4E4C478B.d.66164703AA91F31842D60E30F7002F52.e.10108","ELEMENT":"f.0A588440BBC4B09490297E8A4E4C478B.d.66164703AA91F31842D60E30F7002F52.e.10108"}]}
COMMAND: GET /session/9d48326ae870b5d3a573a2f725ac1bbc/screenshot - {}
RESULT: {}
RESULT: {"script":"<script> [5351 bytes]","args":[{"element-6066-11e4-a52e-4f735466cecf":"f.0A588440BBC4B09490297E8A4E4C478B.d.66164703AA91F31842D60E30F7002F52.e.10108","ELEMENT":"f.0A588440BBC4B09490297E8A4E4C478B.d.66164703AA91F31842D60E30F7002F52.e.10108"}]}
COMMAND: POST /session/9d48326ae870b5d3a573a2f725ac1bbc/element/f.0A588440BBC4B09490297E8A4E4C478B.d.66164703AA91F31842D60E30F7002F52.e.10108/click - {}
COMMAND: GET /session/9d48326ae870b5d3a573a2f725ac1bbc/screenshot - {}
RESULT: {}
RESULT: {}
COMMAND: GET /session/9d48326ae870b5d3a573a2f725ac1bbc/screenshot - {}
RESULT: {}
COMMAND: POST /session/9d48326ae870b5d3a573a2f725ac1bbc/element - {"using":"xpath","value":"//span[contains(@id ,\"AddNewHO--typeSelect-arrow\")]"}
RESULT: {}
RESULT: {"using":"xpath","value":"//span[contains(@id ,\"AddNewHO--typeSelect-arrow\")]"}
COMMAND: POST /session/9d48326ae870b5d3a573a2f725ac1bbc/element/f.0A588440BBC4B09490297E8A4E4C478B.d.66164703AA91F31842D60E30F7002F52.e.10460/click - {}
RESULT: {}
COMMAND: GET /session/9d48326ae870b5d3a573a2f725ac1bbc/screenshot - {}
RESULT: {}
COMMAND: POST /session/9d48326ae870b5d3a573a2f725ac1bbc/element - {"using":"xpath","value":"(//li[contains(text(), \"stock increase yard\")])[1]"}
RESULT: {"using":"xpath","value":"(//li[contains(text(), \"stock increase yard\")])[1]"}
COMMAND: POST /session/9d48326ae870b5d3a573a2f725ac1bbc/element/f.0A588440BBC4B09490297E8A4E4C478B.d.66164703AA91F31842D60E30F7002F52.e.10461/click - {}
RESULT: {}
COMMAND: GET /session/9d48326ae870b5d3a573a2f725ac1bbc/screenshot - {}
RESULT: {}
COMMAND: POST /session/9d48326ae870b5d3a573a2f725ac1bbc/execute/async - {"script":"<script> [1562 bytes]","args":[{"selector":{"id":"application-managehandovers-display-component---AddNewHO--dueDate","interaction":{"idSuffix":"inner"}},"wdio_ui5_key":"applicationmanagehandovers-display-component---AddNewHO--dueDate"}]}
RESULT: {"script":"<script> [1562 bytes]","args":[{"selector":{"id":"application-managehandovers-display-component---AddNewHO--dueDate","interaction":{"idSuffix":"inner"}},"wdio_ui5_key":"applicationmanagehandovers-display-component---AddNewHO--dueDate"}]}
RESULT: undefined
COMMAND: POST /session/9d48326ae870b5d3a573a2f725ac1bbc/execute/async - {"script":"<script> [6424 bytes]","args":[{"element-6066-11e4-a52e-4f735466cecf":"f.0A588440BBC4B09490297E8A4E4C478B.d.66164703AA91F31842D60E30F7002F52.e.10463"},"setValue",["5/31/25"]]}
RESULT: {"script":"<script> [6424 bytes]","args":[{"element-6066-11e4-a52e-4f735466cecf":"f.0A588440BBC4B09490297E8A4E4C478B.d.66164703AA91F31842D60E30F7002F52.e.10463"},"setValue",["5/31/25"]]}
COMMAND: POST /session/9d48326ae870b5d3a573a2f725ac1bbc/element - {"using":"xpath","value":"//input[@id=\"generalSectionFrg--receiveYard-inner\"]"}
RESULT: {"using":"xpath","value":"//input[@id=\"generalSectionFrg--receiveYard-inner\"]"}
COMMAND: POST /session/9d48326ae870b5d3a573a2f725ac1bbc/element/f.0A588440BBC4B09490297E8A4E4C478B.d.66164703AA91F31842D60E30F7002F52.e.10469/clear - {}
RESULT: {}
COMMAND: POST /session/9d48326ae870b5d3a573a2f725ac1bbc/element/f.0A588440BBC4B09490297E8A4E4C478B.d.66164703AA91F31842D60E30F7002F52.e.10469/value - {"text":"535"}
COMMAND: GET /session/9d48326ae870b5d3a573a2f725ac1bbc/screenshot - {}
RESULT: {"text":"535"}
COMMAND: GET /session/9d48326ae870b5d3a573a2f725ac1bbc/screenshot - {}
RESULT: {}
RESULT: {}
COMMAND: POST /session/9d48326ae870b5d3a573a2f725ac1bbc/element - {"using":"xpath","value":"//li[.//span[contains(text(),'535 -')]]"}
RESULT: {"using":"xpath","value":"//li[.//span[contains(text(),'535 -')]]"}
COMMAND: POST /session/9d48326ae870b5d3a573a2f725ac1bbc/elements - {"using":"xpath","value":"//li[.//span[contains(text(),'535 -')]]"}
RESULT: {"using":"xpath","value":"//li[.//span[contains(text(),'535 -')]]"}
COMMAND: POST /session/9d48326ae870b5d3a573a2f725ac1bbc/elements - {"using":"xpath","value":"//li[.//span[contains(text(),'535 -')]]"}
RESULT: {"using":"xpath","value":"//li[.//span[contains(text(),'535 -')]]"}
COMMAND: POST /session/9d48326ae870b5d3a573a2f725ac1bbc/elements - {"using":"xpath","value":"//li[.//span[contains(text(),'535 -')]]"}
RESULT: {"using":"xpath","value":"//li[.//span[contains(text(),'535 -')]]"}
COMMAND: POST /session/9d48326ae870b5d3a573a2f725ac1bbc/elements - {"using":"xpath","value":"//li[.//span[contains(text(),'535 -')]]"}
RESULT: {"using":"xpath","value":"//li[.//span[contains(text(),'535 -')]]"}
COMMAND: POST /session/9d48326ae870b5d3a573a2f725ac1bbc/elements - {"using":"xpath","value":"//li[.//span[contains(text(),'535 -')]]"}
RESULT: {"using":"xpath","value":"//li[.//span[contains(text(),'535 -')]]"}
COMMAND: POST /session/9d48326ae870b5d3a573a2f725ac1bbc/elements - {"using":"xpath","value":"//li[.//span[contains(text(),'535 -')]]"}
RESULT: {"using":"xpath","value":"//li[.//span[contains(text(),'535 -')]]"}
COMMAND: POST /session/9d48326ae870b5d3a573a2f725ac1bbc/elements - {"using":"xpath","value":"//li[.//span[contains(text(),'535 -')]]"}
RESULT: {"using":"xpath","value":"//li[.//span[contains(text(),'535 -')]]"}
COMMAND: POST /session/9d48326ae870b5d3a573a2f725ac1bbc/elements - {"using":"xpath","value":"//li[.//span[contains(text(),'535 -')]]"}
RESULT: {"using":"xpath","value":"//li[.//span[contains(text(),'535 -')]]"}
COMMAND: POST /session/9d48326ae870b5d3a573a2f725ac1bbc/elements - {"using":"xpath","value":"//li[.//span[contains(text(),'535 -')]]"}
RESULT: {"using":"xpath","value":"//li[.//span[contains(text(),'535 -')]]"}
COMMAND: POST /session/9d48326ae870b5d3a573a2f725ac1bbc/elements - {"using":"xpath","value":"//li[.//span[contains(text(),'535 -')]]"}
RESULT: {"using":"xpath","value":"//li[.//span[contains(text(),'535 -')]]"}
COMMAND: POST /session/9d48326ae870b5d3a573a2f725ac1bbc/elements - {"using":"xpath","value":"//li[.//span[contains(text(),'535 -')]]"}
RESULT: {"using":"xpath","value":"//li[.//span[contains(text(),'535 -')]]"}
COMMAND: POST /session/9d48326ae870b5d3a573a2f725ac1bbc/elements - {"using":"xpath","value":"//li[.//span[contains(text(),'535 -')]]"}
RESULT: {"using":"xpath","value":"//li[.//span[contains(text(),'535 -')]]"}
COMMAND: POST /session/9d48326ae870b5d3a573a2f725ac1bbc/elements - {"using":"xpath","value":"//li[.//span[contains(text(),'535 -')]]"}
RESULT: {"using":"xpath","value":"//li[.//span[contains(text(),'535 -')]]"}
COMMAND: POST /session/9d48326ae870b5d3a573a2f725ac1bbc/elements - {"using":"xpath","value":"//li[.//span[contains(text(),'535 -')]]"}
RESULT: {"using":"xpath","value":"//li[.//span[contains(text(),'535 -')]]"}
COMMAND: POST /session/9d48326ae870b5d3a573a2f725ac1bbc/elements - {"using":"xpath","value":"//li[.//span[contains(text(),'535 -')]]"}
RESULT: {"using":"xpath","value":"//li[.//span[contains(text(),'535 -')]]"}
COMMAND: POST /session/9d48326ae870b5d3a573a2f725ac1bbc/elements - {"using":"xpath","value":"//li[.//span[contains(text(),'535 -')]]"}
RESULT: {"using":"xpath","value":"//li[.//span[contains(text(),'535 -')]]"}
COMMAND: POST /session/9d48326ae870b5d3a573a2f725ac1bbc/elements - {"using":"xpath","value":"//li[.//span[contains(text(),'535 -')]]"}
RESULT: {"using":"xpath","value":"//li[.//span[contains(text(),'535 -')]]"}
COMMAND: POST /session/9d48326ae870b5d3a573a2f725ac1bbc/elements - {"using":"xpath","value":"//li[.//span[contains(text(),'535 -')]]"}
RESULT: {"using":"xpath","value":"//li[.//span[contains(text(),'535 -')]]"}
COMMAND: POST /session/9d48326ae870b5d3a573a2f725ac1bbc/elements - {"using":"xpath","value":"//li[.//span[contains(text(),'535 -')]]"}
RESULT: {"using":"xpath","value":"//li[.//span[contains(text(),'535 -')]]"}
COMMAND: POST /session/9d48326ae870b5d3a573a2f725ac1bbc/elements - {"using":"xpath","value":"//li[.//span[contains(text(),'535 -')]]"}
RESULT: {"using":"xpath","value":"//li[.//span[contains(text(),'535 -')]]"}
COMMAND: POST /session/9d48326ae870b5d3a573a2f725ac1bbc/elements - {"using":"xpath","value":"//li[.//span[contains(text(),'535 -')]]"}
RESULT: {"using":"xpath","value":"//li[.//span[contains(text(),'535 -')]]"}
COMMAND: POST /session/9d48326ae870b5d3a573a2f725ac1bbc/elements - {"using":"xpath","value":"//li[.//span[contains(text(),'535 -')]]"}
RESULT: {"using":"xpath","value":"//li[.//span[contains(text(),'535 -')]]"}
COMMAND: POST /session/9d48326ae870b5d3a573a2f725ac1bbc/elements - {"using":"xpath","value":"//li[.//span[contains(text(),'535 -')]]"}
RESULT: {"using":"xpath","value":"//li[.//span[contains(text(),'535 -')]]"}
COMMAND: POST /session/9d48326ae870b5d3a573a2f725ac1bbc/elements - {"using":"xpath","value":"//li[.//span[contains(text(),'535 -')]]"}
RESULT: {"using":"xpath","value":"//li[.//span[contains(text(),'535 -')]]"}
COMMAND: POST /session/9d48326ae870b5d3a573a2f725ac1bbc/elements - {"using":"xpath","value":"//li[.//span[contains(text(),'535 -')]]"}
RESULT: {"using":"xpath","value":"//li[.//span[contains(text(),'535 -')]]"}
COMMAND: POST /session/9d48326ae870b5d3a573a2f725ac1bbc/elements - {"using":"xpath","value":"//li[.//span[contains(text(),'535 -')]]"}
RESULT: {"using":"xpath","value":"//li[.//span[contains(text(),'535 -')]]"}
COMMAND: POST /session/9d48326ae870b5d3a573a2f725ac1bbc/elements - {"using":"xpath","value":"//li[.//span[contains(text(),'535 -')]]"}
RESULT: {"using":"xpath","value":"//li[.//span[contains(text(),'535 -')]]"}
COMMAND: POST /session/9d48326ae870b5d3a573a2f725ac1bbc/elements - {"using":"xpath","value":"//li[.//span[contains(text(),'535 -')]]"}
RESULT: {"using":"xpath","value":"//li[.//span[contains(text(),'535 -')]]"}
COMMAND: POST /session/9d48326ae870b5d3a573a2f725ac1bbc/elements - {"using":"xpath","value":"//li[.//span[contains(text(),'535 -')]]"}
RESULT: {"using":"xpath","value":"//li[.//span[contains(text(),'535 -')]]"}
COMMAND: POST /session/9d48326ae870b5d3a573a2f725ac1bbc/elements - {"using":"xpath","value":"//li[.//span[contains(text(),'535 -')]]"}
RESULT: {"using":"xpath","value":"//li[.//span[contains(text(),'535 -')]]"}
COMMAND: POST /session/9d48326ae870b5d3a573a2f725ac1bbc/elements - {"using":"xpath","value":"//li[.//span[contains(text(),'535 -')]]"}
RESULT: {"using":"xpath","value":"//li[.//span[contains(text(),'535 -')]]"}
COMMAND: POST /session/9d48326ae870b5d3a573a2f725ac1bbc/elements - {"using":"xpath","value":"//li[.//span[contains(text(),'535 -')]]"}
RESULT: {"using":"xpath","value":"//li[.//span[contains(text(),'535 -')]]"}
COMMAND: POST /session/9d48326ae870b5d3a573a2f725ac1bbc/elements - {"using":"xpath","value":"//li[.//span[contains(text(),'535 -')]]"}
RESULT: {"using":"xpath","value":"//li[.//span[contains(text(),'535 -')]]"}
COMMAND: POST /session/9d48326ae870b5d3a573a2f725ac1bbc/elements - {"using":"xpath","value":"//li[.//span[contains(text(),'535 -')]]"}
RESULT: {"using":"xpath","value":"//li[.//span[contains(text(),'535 -')]]"}
COMMAND: POST /session/9d48326ae870b5d3a573a2f725ac1bbc/elements - {"using":"xpath","value":"//li[.//span[contains(text(),'535 -')]]"}
RESULT: {"using":"xpath","value":"//li[.//span[contains(text(),'535 -')]]"}
COMMAND: POST /session/9d48326ae870b5d3a573a2f725ac1bbc/elements - {"using":"xpath","value":"//li[.//span[contains(text(),'535 -')]]"}
RESULT: {"using":"xpath","value":"//li[.//span[contains(text(),'535 -')]]"}
COMMAND: POST /session/9d48326ae870b5d3a573a2f725ac1bbc/elements - {"using":"xpath","value":"//li[.//span[contains(text(),'535 -')]]"}
RESULT: {"using":"xpath","value":"//li[.//span[contains(text(),'535 -')]]"}
COMMAND: POST /session/9d48326ae870b5d3a573a2f725ac1bbc/elements - {"using":"xpath","value":"//li[.//span[contains(text(),'535 -')]]"}
RESULT: {"using":"xpath","value":"//li[.//span[contains(text(),'535 -')]]"}
COMMAND: POST /session/9d48326ae870b5d3a573a2f725ac1bbc/elements - {"using":"xpath","value":"//li[.//span[contains(text(),'535 -')]]"}
RESULT: {"using":"xpath","value":"//li[.//span[contains(text(),'535 -')]]"}
COMMAND: POST /session/9d48326ae870b5d3a573a2f725ac1bbc/elements - {"using":"xpath","value":"//li[.//span[contains(text(),'535 -')]]"}
RESULT: {"using":"xpath","value":"//li[.//span[contains(text(),'535 -')]]"}
COMMAND: POST /session/9d48326ae870b5d3a573a2f725ac1bbc/elements - {"using":"xpath","value":"//li[.//span[contains(text(),'535 -')]]"}
RESULT: {"using":"xpath","value":"//li[.//span[contains(text(),'535 -')]]"}
COMMAND: POST /session/9d48326ae870b5d3a573a2f725ac1bbc/elements - {"using":"xpath","value":"//li[.//span[contains(text(),'535 -')]]"}
RESULT: {"using":"xpath","value":"//li[.//span[contains(text(),'535 -')]]"}
COMMAND: POST /session/9d48326ae870b5d3a573a2f725ac1bbc/elements - {"using":"xpath","value":"//li[.//span[contains(text(),'535 -')]]"}
RESULT: {"using":"xpath","value":"//li[.//span[contains(text(),'535 -')]]"}
COMMAND: POST /session/9d48326ae870b5d3a573a2f725ac1bbc/elements - {"using":"xpath","value":"//li[.//span[contains(text(),'535 -')]]"}
RESULT: {"using":"xpath","value":"//li[.//span[contains(text(),'535 -')]]"}
COMMAND: POST /session/9d48326ae870b5d3a573a2f725ac1bbc/elements - {"using":"xpath","value":"//li[.//span[contains(text(),'535 -')]]"}
RESULT: {"using":"xpath","value":"//li[.//span[contains(text(),'535 -')]]"}
COMMAND: POST /session/9d48326ae870b5d3a573a2f725ac1bbc/elements - {"using":"xpath","value":"//li[.//span[contains(text(),'535 -')]]"}
RESULT: {"using":"xpath","value":"//li[.//span[contains(text(),'535 -')]]"}
COMMAND: POST /session/9d48326ae870b5d3a573a2f725ac1bbc/elements - {"using":"xpath","value":"//li[.//span[contains(text(),'535 -')]]"}
RESULT: {"using":"xpath","value":"//li[.//span[contains(text(),'535 -')]]"}
COMMAND: POST /session/9d48326ae870b5d3a573a2f725ac1bbc/elements - {"using":"xpath","value":"//li[.//span[contains(text(),'535 -')]]"}
RESULT: {"using":"xpath","value":"//li[.//span[contains(text(),'535 -')]]"}
COMMAND: POST /session/9d48326ae870b5d3a573a2f725ac1bbc/elements - {"using":"xpath","value":"//li[.//span[contains(text(),'535 -')]]"}
RESULT: {"using":"xpath","value":"//li[.//span[contains(text(),'535 -')]]"}
COMMAND: POST /session/9d48326ae870b5d3a573a2f725ac1bbc/elements - {"using":"xpath","value":"//li[.//span[contains(text(),'535 -')]]"}
RESULT: {"using":"xpath","value":"//li[.//span[contains(text(),'535 -')]]"}
COMMAND: POST /session/9d48326ae870b5d3a573a2f725ac1bbc/elements - {"using":"xpath","value":"//li[.//span[contains(text(),'535 -')]]"}
RESULT: {"using":"xpath","value":"//li[.//span[contains(text(),'535 -')]]"}
COMMAND: POST /session/9d48326ae870b5d3a573a2f725ac1bbc/elements - {"using":"xpath","value":"//li[.//span[contains(text(),'535 -')]]"}
RESULT: {"using":"xpath","value":"//li[.//span[contains(text(),'535 -')]]"}
COMMAND: POST /session/9d48326ae870b5d3a573a2f725ac1bbc/elements - {"using":"xpath","value":"//li[.//span[contains(text(),'535 -')]]"}
RESULT: {"using":"xpath","value":"//li[.//span[contains(text(),'535 -')]]"}
COMMAND: POST /session/9d48326ae870b5d3a573a2f725ac1bbc/elements - {"using":"xpath","value":"//li[.//span[contains(text(),'535 -')]]"}
RESULT: {"using":"xpath","value":"//li[.//span[contains(text(),'535 -')]]"}
COMMAND: POST /session/9d48326ae870b5d3a573a2f725ac1bbc/elements - {"using":"xpath","value":"//li[.//span[contains(text(),'535 -')]]"}
RESULT: {"using":"xpath","value":"//li[.//span[contains(text(),'535 -')]]"}
COMMAND: POST /session/9d48326ae870b5d3a573a2f725ac1bbc/elements - {"using":"xpath","value":"//li[.//span[contains(text(),'535 -')]]"}
RESULT: {"using":"xpath","value":"//li[.//span[contains(text(),'535 -')]]"}
COMMAND: POST /session/9d48326ae870b5d3a573a2f725ac1bbc/elements - {"using":"xpath","value":"//li[.//span[contains(text(),'535 -')]]"}
RESULT: {"using":"xpath","value":"//li[.//span[contains(text(),'535 -')]]"}
COMMAND: POST /session/9d48326ae870b5d3a573a2f725ac1bbc/elements - {"using":"xpath","value":"//li[.//span[contains(text(),'535 -')]]"}
RESULT: {"using":"xpath","value":"//li[.//span[contains(text(),'535 -')]]"}
COMMAND: POST /session/9d48326ae870b5d3a573a2f725ac1bbc/elements - {"using":"xpath","value":"//li[.//span[contains(text(),'535 -')]]"}
RESULT: {"using":"xpath","value":"//li[.//span[contains(text(),'535 -')]]"}
COMMAND: POST /session/9d48326ae870b5d3a573a2f725ac1bbc/elements - {"using":"xpath","value":"//li[.//span[contains(text(),'535 -')]]"}
RESULT: {"using":"xpath","value":"//li[.//span[contains(text(),'535 -')]]"}
COMMAND: POST /session/9d48326ae870b5d3a573a2f725ac1bbc/elements - {"using":"xpath","value":"//li[.//span[contains(text(),'535 -')]]"}
RESULT: {"using":"xpath","value":"//li[.//span[contains(text(),'535 -')]]"}
COMMAND: POST /session/9d48326ae870b5d3a573a2f725ac1bbc/elements - {"using":"xpath","value":"//li[.//span[contains(text(),'535 -')]]"}
RESULT: {"using":"xpath","value":"//li[.//span[contains(text(),'535 -')]]"}
COMMAND: POST /session/9d48326ae870b5d3a573a2f725ac1bbc/elements - {"using":"xpath","value":"//li[.//span[contains(text(),'535 -')]]"}
RESULT: {"using":"xpath","value":"//li[.//span[contains(text(),'535 -')]]"}
COMMAND: POST /session/9d48326ae870b5d3a573a2f725ac1bbc/elements - {"using":"xpath","value":"//li[.//span[contains(text(),'535 -')]]"}
RESULT: {"using":"xpath","value":"//li[.//span[contains(text(),'535 -')]]"}
COMMAND: POST /session/9d48326ae870b5d3a573a2f725ac1bbc/elements - {"using":"xpath","value":"//li[.//span[contains(text(),'535 -')]]"}
RESULT: {"using":"xpath","value":"//li[.//span[contains(text(),'535 -')]]"}
COMMAND: POST /session/9d48326ae870b5d3a573a2f725ac1bbc/elements - {"using":"xpath","value":"//li[.//span[contains(text(),'535 -')]]"}
RESULT: {"using":"xpath","value":"//li[.//span[contains(text(),'535 -')]]"}
COMMAND: POST /session/9d48326ae870b5d3a573a2f725ac1bbc/elements - {"using":"xpath","value":"//li[.//span[contains(text(),'535 -')]]"}
RESULT: {"using":"xpath","value":"//li[.//span[contains(text(),'535 -')]]"}
COMMAND: POST /session/9d48326ae870b5d3a573a2f725ac1bbc/elements - {"using":"xpath","value":"//li[.//span[contains(text(),'535 -')]]"}
RESULT: {"using":"xpath","value":"//li[.//span[contains(text(),'535 -')]]"}
COMMAND: POST /session/9d48326ae870b5d3a573a2f725ac1bbc/elements - {"using":"xpath","value":"//li[.//span[contains(text(),'535 -')]]"}
RESULT: {"using":"xpath","value":"//li[.//span[contains(text(),'535 -')]]"}
COMMAND: POST /session/9d48326ae870b5d3a573a2f725ac1bbc/elements - {"using":"xpath","value":"//li[.//span[contains(text(),'535 -')]]"}
RESULT: {"using":"xpath","value":"//li[.//span[contains(text(),'535 -')]]"}
COMMAND: POST /session/9d48326ae870b5d3a573a2f725ac1bbc/elements - {"using":"xpath","value":"//li[.//span[contains(text(),'535 -')]]"}
RESULT: {"using":"xpath","value":"//li[.//span[contains(text(),'535 -')]]"}
COMMAND: POST /session/9d48326ae870b5d3a573a2f725ac1bbc/elements - {"using":"xpath","value":"//li[.//span[contains(text(),'535 -')]]"}
RESULT: {"using":"xpath","value":"//li[.//span[contains(text(),'535 -')]]"}
COMMAND: POST /session/9d48326ae870b5d3a573a2f725ac1bbc/elements - {"using":"xpath","value":"//li[.//span[contains(text(),'535 -')]]"}
RESULT: {"using":"xpath","value":"//li[.//span[contains(text(),'535 -')]]"}
COMMAND: POST /session/9d48326ae870b5d3a573a2f725ac1bbc/elements - {"using":"xpath","value":"//li[.//span[contains(text(),'535 -')]]"}
RESULT: {"using":"xpath","value":"//li[.//span[contains(text(),'535 -')]]"}
COMMAND: POST /session/9d48326ae870b5d3a573a2f725ac1bbc/elements - {"using":"xpath","value":"//li[.//span[contains(text(),'535 -')]]"}
RESULT: {"using":"xpath","value":"//li[.//span[contains(text(),'535 -')]]"}
COMMAND: POST /session/9d48326ae870b5d3a573a2f725ac1bbc/elements - {"using":"xpath","value":"//li[.//span[contains(text(),'535 -')]]"}
RESULT: {"using":"xpath","value":"//li[.//span[contains(text(),'535 -')]]"}
COMMAND: POST /session/9d48326ae870b5d3a573a2f725ac1bbc/elements - {"using":"xpath","value":"//li[.//span[contains(text(),'535 -')]]"}
RESULT: {"using":"xpath","value":"//li[.//span[contains(text(),'535 -')]]"}
COMMAND: POST /session/9d48326ae870b5d3a573a2f725ac1bbc/elements - {"using":"xpath","value":"//li[.//span[contains(text(),'535 -')]]"}
RESULT: {"using":"xpath","value":"//li[.//span[contains(text(),'535 -')]]"}
COMMAND: POST /session/9d48326ae870b5d3a573a2f725ac1bbc/elements - {"using":"xpath","value":"//li[.//span[contains(text(),'535 -')]]"}
RESULT: {"using":"xpath","value":"//li[.//span[contains(text(),'535 -')]]"}
COMMAND: POST /session/9d48326ae870b5d3a573a2f725ac1bbc/elements - {"using":"xpath","value":"//li[.//span[contains(text(),'535 -')]]"}
RESULT: {"using":"xpath","value":"//li[.//span[contains(text(),'535 -')]]"}
COMMAND: POST /session/9d48326ae870b5d3a573a2f725ac1bbc/elements - {"using":"xpath","value":"//li[.//span[contains(text(),'535 -')]]"}
RESULT: {"using":"xpath","value":"//li[.//span[contains(text(),'535 -')]]"}
COMMAND: POST /session/9d48326ae870b5d3a573a2f725ac1bbc/elements - {"using":"xpath","value":"//li[.//span[contains(text(),'535 -')]]"}
RESULT: {"using":"xpath","value":"//li[.//span[contains(text(),'535 -')]]"}
COMMAND: POST /session/9d48326ae870b5d3a573a2f725ac1bbc/elements - {"using":"xpath","value":"//li[.//span[contains(text(),'535 -')]]"}
RESULT: {"using":"xpath","value":"//li[.//span[contains(text(),'535 -')]]"}
COMMAND: POST /session/9d48326ae870b5d3a573a2f725ac1bbc/elements - {"using":"xpath","value":"//li[.//span[contains(text(),'535 -')]]"}
RESULT: {"using":"xpath","value":"//li[.//span[contains(text(),'535 -')]]"}
COMMAND: POST /session/9d48326ae870b5d3a573a2f725ac1bbc/elements - {"using":"xpath","value":"//li[.//span[contains(text(),'535 -')]]"}
RESULT: {"using":"xpath","value":"//li[.//span[contains(text(),'535 -')]]"}
COMMAND: POST /session/9d48326ae870b5d3a573a2f725ac1bbc/elements - {"using":"xpath","value":"//li[.//span[contains(text(),'535 -')]]"}
RESULT: {"using":"xpath","value":"//li[.//span[contains(text(),'535 -')]]"}
COMMAND: POST /session/9d48326ae870b5d3a573a2f725ac1bbc/elements - {"using":"xpath","value":"//li[.//span[contains(text(),'535 -')]]"}
RESULT: {"using":"xpath","value":"//li[.//span[contains(text(),'535 -')]]"}
COMMAND: POST /session/9d48326ae870b5d3a573a2f725ac1bbc/elements - {"using":"xpath","value":"//li[.//span[contains(text(),'535 -')]]"}
RESULT: {"using":"xpath","value":"//li[.//span[contains(text(),'535 -')]]"}
COMMAND: POST /session/9d48326ae870b5d3a573a2f725ac1bbc/elements - {"using":"xpath","value":"//li[.//span[contains(text(),'535 -')]]"}
RESULT: {"using":"xpath","value":"//li[.//span[contains(text(),'535 -')]]"}
COMMAND: POST /session/9d48326ae870b5d3a573a2f725ac1bbc/elements - {"using":"xpath","value":"//li[.//span[contains(text(),'535 -')]]"}
RESULT: {"using":"xpath","value":"//li[.//span[contains(text(),'535 -')]]"}
COMMAND: POST /session/9d48326ae870b5d3a573a2f725ac1bbc/elements - {"using":"xpath","value":"//li[.//span[contains(text(),'535 -')]]"}
RESULT: {"using":"xpath","value":"//li[.//span[contains(text(),'535 -')]]"}
COMMAND: POST /session/9d48326ae870b5d3a573a2f725ac1bbc/elements - {"using":"xpath","value":"//li[.//span[contains(text(),'535 -')]]"}
RESULT: {"using":"xpath","value":"//li[.//span[contains(text(),'535 -')]]"}
COMMAND: POST /session/9d48326ae870b5d3a573a2f725ac1bbc/elements - {"using":"xpath","value":"//li[.//span[contains(text(),'535 -')]]"}
RESULT: {"using":"xpath","value":"//li[.//span[contains(text(),'535 -')]]"}
COMMAND: POST /session/9d48326ae870b5d3a573a2f725ac1bbc/elements - {"using":"xpath","value":"//li[.//span[contains(text(),'535 -')]]"}
RESULT: {"using":"xpath","value":"//li[.//span[contains(text(),'535 -')]]"}
COMMAND: POST /session/9d48326ae870b5d3a573a2f725ac1bbc/elements - {"using":"xpath","value":"//li[.//span[contains(text(),'535 -')]]"}
RESULT: {"using":"xpath","value":"//li[.//span[contains(text(),'535 -')]]"}
COMMAND: POST /session/9d48326ae870b5d3a573a2f725ac1bbc/elements - {"using":"xpath","value":"//li[.//span[contains(text(),'535 -')]]"}
RESULT: {"using":"xpath","value":"//li[.//span[contains(text(),'535 -')]]"}
COMMAND: POST /session/9d48326ae870b5d3a573a2f725ac1bbc/elements - {"using":"xpath","value":"//li[.//span[contains(text(),'535 -')]]"}
RESULT: {"using":"xpath","value":"//li[.//span[contains(text(),'535 -')]]"}
COMMAND: POST /session/9d48326ae870b5d3a573a2f725ac1bbc/elements - {"using":"xpath","value":"//li[.//span[contains(text(),'535 -')]]"}
RESULT: {"using":"xpath","value":"//li[.//span[contains(text(),'535 -')]]"}
COMMAND: POST /session/9d48326ae870b5d3a573a2f725ac1bbc/elements - {"using":"xpath","value":"//li[.//span[contains(text(),'535 -')]]"}
RESULT: {"using":"xpath","value":"//li[.//span[contains(text(),'535 -')]]"}
COMMAND: POST /session/9d48326ae870b5d3a573a2f725ac1bbc/elements - {"using":"xpath","value":"//li[.//span[contains(text(),'535 -')]]"}
RESULT: {"using":"xpath","value":"//li[.//span[contains(text(),'535 -')]]"}
COMMAND: POST /session/9d48326ae870b5d3a573a2f725ac1bbc/elements - {"using":"xpath","value":"//li[.//span[contains(text(),'535 -')]]"}
RESULT: {"using":"xpath","value":"//li[.//span[contains(text(),'535 -')]]"}
COMMAND: POST /session/9d48326ae870b5d3a573a2f725ac1bbc/elements - {"using":"xpath","value":"//li[.//span[contains(text(),'535 -')]]"}
RESULT: {"using":"xpath","value":"//li[.//span[contains(text(),'535 -')]]"}
COMMAND: POST /session/9d48326ae870b5d3a573a2f725ac1bbc/elements - {"using":"xpath","value":"//li[.//span[contains(text(),'535 -')]]"}
RESULT: {"using":"xpath","value":"//li[.//span[contains(text(),'535 -')]]"}
COMMAND: POST /session/9d48326ae870b5d3a573a2f725ac1bbc/elements - {"using":"xpath","value":"//li[.//span[contains(text(),'535 -')]]"}
RESULT: {"using":"xpath","value":"//li[.//span[contains(text(),'535 -')]]"}
COMMAND: POST /session/9d48326ae870b5d3a573a2f725ac1bbc/elements - {"using":"xpath","value":"//li[.//span[contains(text(),'535 -')]]"}
RESULT: {"using":"xpath","value":"//li[.//span[contains(text(),'535 -')]]"}
COMMAND: POST /session/9d48326ae870b5d3a573a2f725ac1bbc/elements - {"using":"xpath","value":"//li[.//span[contains(text(),'535 -')]]"}
RESULT: {"using":"xpath","value":"//li[.//span[contains(text(),'535 -')]]"}
COMMAND: POST /session/9d48326ae870b5d3a573a2f725ac1bbc/elements - {"using":"xpath","value":"//li[.//span[contains(text(),'535 -')]]"}
RESULT: {"using":"xpath","value":"//li[.//span[contains(text(),'535 -')]]"}
COMMAND: POST /session/9d48326ae870b5d3a573a2f725ac1bbc/elements - {"using":"xpath","value":"//li[.//span[contains(text(),'535 -')]]"}
RESULT: {"using":"xpath","value":"//li[.//span[contains(text(),'535 -')]]"}
COMMAND: POST /session/9d48326ae870b5d3a573a2f725ac1bbc/elements - {"using":"xpath","value":"//li[.//span[contains(text(),'535 -')]]"}
RESULT: {"using":"xpath","value":"//li[.//span[contains(text(),'535 -')]]"}
COMMAND: POST /session/9d48326ae870b5d3a573a2f725ac1bbc/elements - {"using":"xpath","value":"//li[.//span[contains(text(),'535 -')]]"}
RESULT: {"using":"xpath","value":"//li[.//span[contains(text(),'535 -')]]"}
COMMAND: POST /session/9d48326ae870b5d3a573a2f725ac1bbc/elements - {"using":"xpath","value":"//li[.//span[contains(text(),'535 -')]]"}
RESULT: {"using":"xpath","value":"//li[.//span[contains(text(),'535 -')]]"}
COMMAND: POST /session/9d48326ae870b5d3a573a2f725ac1bbc/elements - {"using":"xpath","value":"//li[.//span[contains(text(),'535 -')]]"}
RESULT: {"using":"xpath","value":"//li[.//span[contains(text(),'535 -')]]"}
COMMAND: POST /session/9d48326ae870b5d3a573a2f725ac1bbc/elements - {"using":"xpath","value":"//li[.//span[contains(text(),'535 -')]]"}
RESULT: {"using":"xpath","value":"//li[.//span[contains(text(),'535 -')]]"}
COMMAND: POST /session/9d48326ae870b5d3a573a2f725ac1bbc/elements - {"using":"xpath","value":"//li[.//span[contains(text(),'535 -')]]"}
RESULT: {"using":"xpath","value":"//li[.//span[contains(text(),'535 -')]]"}
COMMAND: POST /session/9d48326ae870b5d3a573a2f725ac1bbc/elements - {"using":"xpath","value":"//li[.//span[contains(text(),'535 -')]]"}
RESULT: {"using":"xpath","value":"//li[.//span[contains(text(),'535 -')]]"}
COMMAND: POST /session/9d48326ae870b5d3a573a2f725ac1bbc/elements - {"using":"xpath","value":"//li[.//span[contains(text(),'535 -')]]"}
RESULT: {"using":"xpath","value":"//li[.//span[contains(text(),'535 -')]]"}
COMMAND: POST /session/9d48326ae870b5d3a573a2f725ac1bbc/elements - {"using":"xpath","value":"//li[.//span[contains(text(),'535 -')]]"}
RESULT: {"using":"xpath","value":"//li[.//span[contains(text(),'535 -')]]"}
COMMAND: POST /session/9d48326ae870b5d3a573a2f725ac1bbc/elements - {"using":"xpath","value":"//li[.//span[contains(text(),'535 -')]]"}
RESULT: {"using":"xpath","value":"//li[.//span[contains(text(),'535 -')]]"}
COMMAND: POST /session/9d48326ae870b5d3a573a2f725ac1bbc/elements - {"using":"xpath","value":"//li[.//span[contains(text(),'535 -')]]"}
RESULT: {"using":"xpath","value":"//li[.//span[contains(text(),'535 -')]]"}
COMMAND: POST /session/9d48326ae870b5d3a573a2f725ac1bbc/elements - {"using":"xpath","value":"//li[.//span[contains(text(),'535 -')]]"}
RESULT: {"using":"xpath","value":"//li[.//span[contains(text(),'535 -')]]"}
COMMAND: POST /session/9d48326ae870b5d3a573a2f725ac1bbc/elements - {"using":"xpath","value":"//li[.//span[contains(text(),'535 -')]]"}
COMMAND: GET /session/9d48326ae870b5d3a573a2f725ac1bbc/screenshot - {}
RESULT: {"using":"xpath","value":"//li[.//span[contains(text(),'535 -')]]"}
RESULT: {}
]]></system-out>
      <system-err><![CDATA[
Error: Can't call click on element with selector "//li[.//span[contains(text(),'535 -')]]" because element wasn't found
    at async UtilsPrerequisites.stockIncrease (D:\a\1\s\test\specs\BTS\prerequisites-and-utils-functions.js:1638:9)
    at async Context.<anonymous> (D:\a\1\s\test\specs\BTS\billing-transfer-intracompany.spec.js:57:9)
]]></system-err>
    </testcase>
    <testcase classname="chrome.136_0_7103_93.windows.Billing_Transfer_-_Intracompany_US127249" name="Should create a new contract" time="60.233">
      <failure/>
      <error message="element (&quot;//button[@data-kt=&quot;addButton&quot;]&quot;) still not existing after 45000ms"/>
      <system-out><![CDATA[
COMMAND: POST /session/9d48326ae870b5d3a573a2f725ac1bbc/execute/async - {"script":"<script> [1562 bytes]","args":[{"selector":{"controlType":"sap.m.GenericTile","properties":{"header":"Manage Contracts"}},"wdio_ui5_key":"sapm.GenericTile{\"header\":\"Manage Contracts\"}"}]}
COMMAND: GET /session/9d48326ae870b5d3a573a2f725ac1bbc/screenshot - {}
RESULT: {"script":"<script> [1562 bytes]","args":[{"selector":{"controlType":"sap.m.GenericTile","properties":{"header":"Manage Contracts"}},"wdio_ui5_key":"sapm.GenericTile{\"header\":\"Manage Contracts\"}"}]}
RESULT: undefined
RESULT: {}
COMMAND: POST /session/9d48326ae870b5d3a573a2f725ac1bbc/elements - {"using":"xpath","value":"//span[text()='Error']"}
RESULT: {"using":"xpath","value":"//span[text()='Error']"}
COMMAND: POST /session/9d48326ae870b5d3a573a2f725ac1bbc/element - {"using":"xpath","value":"//button[@data-kt=\"addButton\"]"}
RESULT: {"using":"xpath","value":"//button[@data-kt=\"addButton\"]"}
COMMAND: POST /session/9d48326ae870b5d3a573a2f725ac1bbc/elements - {"using":"xpath","value":"//button[@data-kt=\"addButton\"]"}
RESULT: {"using":"xpath","value":"//button[@data-kt=\"addButton\"]"}
COMMAND: POST /session/9d48326ae870b5d3a573a2f725ac1bbc/elements - {"using":"xpath","value":"//button[@data-kt=\"addButton\"]"}
RESULT: {"using":"xpath","value":"//button[@data-kt=\"addButton\"]"}
COMMAND: POST /session/9d48326ae870b5d3a573a2f725ac1bbc/elements - {"using":"xpath","value":"//button[@data-kt=\"addButton\"]"}
RESULT: {"using":"xpath","value":"//button[@data-kt=\"addButton\"]"}
COMMAND: POST /session/9d48326ae870b5d3a573a2f725ac1bbc/elements - {"using":"xpath","value":"//button[@data-kt=\"addButton\"]"}
RESULT: {"using":"xpath","value":"//button[@data-kt=\"addButton\"]"}
COMMAND: POST /session/9d48326ae870b5d3a573a2f725ac1bbc/elements - {"using":"xpath","value":"//button[@data-kt=\"addButton\"]"}
RESULT: {"using":"xpath","value":"//button[@data-kt=\"addButton\"]"}
COMMAND: POST /session/9d48326ae870b5d3a573a2f725ac1bbc/elements - {"using":"xpath","value":"//button[@data-kt=\"addButton\"]"}
RESULT: {"using":"xpath","value":"//button[@data-kt=\"addButton\"]"}
COMMAND: POST /session/9d48326ae870b5d3a573a2f725ac1bbc/elements - {"using":"xpath","value":"//button[@data-kt=\"addButton\"]"}
RESULT: {"using":"xpath","value":"//button[@data-kt=\"addButton\"]"}
COMMAND: POST /session/9d48326ae870b5d3a573a2f725ac1bbc/elements - {"using":"xpath","value":"//button[@data-kt=\"addButton\"]"}
RESULT: {"using":"xpath","value":"//button[@data-kt=\"addButton\"]"}
COMMAND: POST /session/9d48326ae870b5d3a573a2f725ac1bbc/elements - {"using":"xpath","value":"//button[@data-kt=\"addButton\"]"}
RESULT: {"using":"xpath","value":"//button[@data-kt=\"addButton\"]"}
COMMAND: POST /session/9d48326ae870b5d3a573a2f725ac1bbc/elements - {"using":"xpath","value":"//button[@data-kt=\"addButton\"]"}
RESULT: {"using":"xpath","value":"//button[@data-kt=\"addButton\"]"}
COMMAND: POST /session/9d48326ae870b5d3a573a2f725ac1bbc/elements - {"using":"xpath","value":"//button[@data-kt=\"addButton\"]"}
RESULT: {"using":"xpath","value":"//button[@data-kt=\"addButton\"]"}
COMMAND: POST /session/9d48326ae870b5d3a573a2f725ac1bbc/elements - {"using":"xpath","value":"//button[@data-kt=\"addButton\"]"}
RESULT: {"using":"xpath","value":"//button[@data-kt=\"addButton\"]"}
COMMAND: POST /session/9d48326ae870b5d3a573a2f725ac1bbc/elements - {"using":"xpath","value":"//button[@data-kt=\"addButton\"]"}
RESULT: {"using":"xpath","value":"//button[@data-kt=\"addButton\"]"}
COMMAND: POST /session/9d48326ae870b5d3a573a2f725ac1bbc/elements - {"using":"xpath","value":"//button[@data-kt=\"addButton\"]"}
RESULT: {"using":"xpath","value":"//button[@data-kt=\"addButton\"]"}
COMMAND: POST /session/9d48326ae870b5d3a573a2f725ac1bbc/elements - {"using":"xpath","value":"//button[@data-kt=\"addButton\"]"}
RESULT: {"using":"xpath","value":"//button[@data-kt=\"addButton\"]"}
COMMAND: POST /session/9d48326ae870b5d3a573a2f725ac1bbc/elements - {"using":"xpath","value":"//button[@data-kt=\"addButton\"]"}
RESULT: {"using":"xpath","value":"//button[@data-kt=\"addButton\"]"}
COMMAND: POST /session/9d48326ae870b5d3a573a2f725ac1bbc/elements - {"using":"xpath","value":"//button[@data-kt=\"addButton\"]"}
RESULT: {"using":"xpath","value":"//button[@data-kt=\"addButton\"]"}
COMMAND: POST /session/9d48326ae870b5d3a573a2f725ac1bbc/elements - {"using":"xpath","value":"//button[@data-kt=\"addButton\"]"}
RESULT: {"using":"xpath","value":"//button[@data-kt=\"addButton\"]"}
COMMAND: POST /session/9d48326ae870b5d3a573a2f725ac1bbc/elements - {"using":"xpath","value":"//button[@data-kt=\"addButton\"]"}
RESULT: {"using":"xpath","value":"//button[@data-kt=\"addButton\"]"}
COMMAND: POST /session/9d48326ae870b5d3a573a2f725ac1bbc/elements - {"using":"xpath","value":"//button[@data-kt=\"addButton\"]"}
RESULT: {"using":"xpath","value":"//button[@data-kt=\"addButton\"]"}
COMMAND: POST /session/9d48326ae870b5d3a573a2f725ac1bbc/elements - {"using":"xpath","value":"//button[@data-kt=\"addButton\"]"}
RESULT: {"using":"xpath","value":"//button[@data-kt=\"addButton\"]"}
COMMAND: POST /session/9d48326ae870b5d3a573a2f725ac1bbc/elements - {"using":"xpath","value":"//button[@data-kt=\"addButton\"]"}
RESULT: {"using":"xpath","value":"//button[@data-kt=\"addButton\"]"}
COMMAND: POST /session/9d48326ae870b5d3a573a2f725ac1bbc/elements - {"using":"xpath","value":"//button[@data-kt=\"addButton\"]"}
RESULT: {"using":"xpath","value":"//button[@data-kt=\"addButton\"]"}
COMMAND: POST /session/9d48326ae870b5d3a573a2f725ac1bbc/elements - {"using":"xpath","value":"//button[@data-kt=\"addButton\"]"}
RESULT: {"using":"xpath","value":"//button[@data-kt=\"addButton\"]"}
COMMAND: POST /session/9d48326ae870b5d3a573a2f725ac1bbc/elements - {"using":"xpath","value":"//button[@data-kt=\"addButton\"]"}
RESULT: {"using":"xpath","value":"//button[@data-kt=\"addButton\"]"}
COMMAND: POST /session/9d48326ae870b5d3a573a2f725ac1bbc/elements - {"using":"xpath","value":"//button[@data-kt=\"addButton\"]"}
RESULT: {"using":"xpath","value":"//button[@data-kt=\"addButton\"]"}
COMMAND: POST /session/9d48326ae870b5d3a573a2f725ac1bbc/elements - {"using":"xpath","value":"//button[@data-kt=\"addButton\"]"}
RESULT: {"using":"xpath","value":"//button[@data-kt=\"addButton\"]"}
COMMAND: POST /session/9d48326ae870b5d3a573a2f725ac1bbc/elements - {"using":"xpath","value":"//button[@data-kt=\"addButton\"]"}
RESULT: {"using":"xpath","value":"//button[@data-kt=\"addButton\"]"}
COMMAND: POST /session/9d48326ae870b5d3a573a2f725ac1bbc/elements - {"using":"xpath","value":"//button[@data-kt=\"addButton\"]"}
RESULT: {"using":"xpath","value":"//button[@data-kt=\"addButton\"]"}
COMMAND: POST /session/9d48326ae870b5d3a573a2f725ac1bbc/elements - {"using":"xpath","value":"//button[@data-kt=\"addButton\"]"}
RESULT: {"using":"xpath","value":"//button[@data-kt=\"addButton\"]"}
COMMAND: POST /session/9d48326ae870b5d3a573a2f725ac1bbc/elements - {"using":"xpath","value":"//button[@data-kt=\"addButton\"]"}
RESULT: {"using":"xpath","value":"//button[@data-kt=\"addButton\"]"}
COMMAND: POST /session/9d48326ae870b5d3a573a2f725ac1bbc/elements - {"using":"xpath","value":"//button[@data-kt=\"addButton\"]"}
RESULT: {"using":"xpath","value":"//button[@data-kt=\"addButton\"]"}
COMMAND: POST /session/9d48326ae870b5d3a573a2f725ac1bbc/elements - {"using":"xpath","value":"//button[@data-kt=\"addButton\"]"}
RESULT: {"using":"xpath","value":"//button[@data-kt=\"addButton\"]"}
COMMAND: POST /session/9d48326ae870b5d3a573a2f725ac1bbc/elements - {"using":"xpath","value":"//button[@data-kt=\"addButton\"]"}
RESULT: {"using":"xpath","value":"//button[@data-kt=\"addButton\"]"}
COMMAND: POST /session/9d48326ae870b5d3a573a2f725ac1bbc/elements - {"using":"xpath","value":"//button[@data-kt=\"addButton\"]"}
RESULT: {"using":"xpath","value":"//button[@data-kt=\"addButton\"]"}
COMMAND: POST /session/9d48326ae870b5d3a573a2f725ac1bbc/elements - {"using":"xpath","value":"//button[@data-kt=\"addButton\"]"}
RESULT: {"using":"xpath","value":"//button[@data-kt=\"addButton\"]"}
COMMAND: POST /session/9d48326ae870b5d3a573a2f725ac1bbc/elements - {"using":"xpath","value":"//button[@data-kt=\"addButton\"]"}
RESULT: {"using":"xpath","value":"//button[@data-kt=\"addButton\"]"}
COMMAND: POST /session/9d48326ae870b5d3a573a2f725ac1bbc/elements - {"using":"xpath","value":"//button[@data-kt=\"addButton\"]"}
RESULT: {"using":"xpath","value":"//button[@data-kt=\"addButton\"]"}
COMMAND: POST /session/9d48326ae870b5d3a573a2f725ac1bbc/elements - {"using":"xpath","value":"//button[@data-kt=\"addButton\"]"}
RESULT: {"using":"xpath","value":"//button[@data-kt=\"addButton\"]"}
COMMAND: POST /session/9d48326ae870b5d3a573a2f725ac1bbc/elements - {"using":"xpath","value":"//button[@data-kt=\"addButton\"]"}
RESULT: {"using":"xpath","value":"//button[@data-kt=\"addButton\"]"}
COMMAND: POST /session/9d48326ae870b5d3a573a2f725ac1bbc/elements - {"using":"xpath","value":"//button[@data-kt=\"addButton\"]"}
RESULT: {"using":"xpath","value":"//button[@data-kt=\"addButton\"]"}
COMMAND: POST /session/9d48326ae870b5d3a573a2f725ac1bbc/elements - {"using":"xpath","value":"//button[@data-kt=\"addButton\"]"}
RESULT: {"using":"xpath","value":"//button[@data-kt=\"addButton\"]"}
COMMAND: POST /session/9d48326ae870b5d3a573a2f725ac1bbc/elements - {"using":"xpath","value":"//button[@data-kt=\"addButton\"]"}
RESULT: {"using":"xpath","value":"//button[@data-kt=\"addButton\"]"}
COMMAND: POST /session/9d48326ae870b5d3a573a2f725ac1bbc/elements - {"using":"xpath","value":"//button[@data-kt=\"addButton\"]"}
RESULT: {"using":"xpath","value":"//button[@data-kt=\"addButton\"]"}
COMMAND: POST /session/9d48326ae870b5d3a573a2f725ac1bbc/elements - {"using":"xpath","value":"//button[@data-kt=\"addButton\"]"}
RESULT: {"using":"xpath","value":"//button[@data-kt=\"addButton\"]"}
COMMAND: POST /session/9d48326ae870b5d3a573a2f725ac1bbc/elements - {"using":"xpath","value":"//button[@data-kt=\"addButton\"]"}
RESULT: {"using":"xpath","value":"//button[@data-kt=\"addButton\"]"}
COMMAND: POST /session/9d48326ae870b5d3a573a2f725ac1bbc/elements - {"using":"xpath","value":"//button[@data-kt=\"addButton\"]"}
RESULT: {"using":"xpath","value":"//button[@data-kt=\"addButton\"]"}
COMMAND: POST /session/9d48326ae870b5d3a573a2f725ac1bbc/elements - {"using":"xpath","value":"//button[@data-kt=\"addButton\"]"}
RESULT: {"using":"xpath","value":"//button[@data-kt=\"addButton\"]"}
COMMAND: POST /session/9d48326ae870b5d3a573a2f725ac1bbc/elements - {"using":"xpath","value":"//button[@data-kt=\"addButton\"]"}
RESULT: {"using":"xpath","value":"//button[@data-kt=\"addButton\"]"}
COMMAND: POST /session/9d48326ae870b5d3a573a2f725ac1bbc/elements - {"using":"xpath","value":"//button[@data-kt=\"addButton\"]"}
RESULT: {"using":"xpath","value":"//button[@data-kt=\"addButton\"]"}
COMMAND: POST /session/9d48326ae870b5d3a573a2f725ac1bbc/elements - {"using":"xpath","value":"//button[@data-kt=\"addButton\"]"}
RESULT: {"using":"xpath","value":"//button[@data-kt=\"addButton\"]"}
COMMAND: POST /session/9d48326ae870b5d3a573a2f725ac1bbc/elements - {"using":"xpath","value":"//button[@data-kt=\"addButton\"]"}
RESULT: {"using":"xpath","value":"//button[@data-kt=\"addButton\"]"}
COMMAND: POST /session/9d48326ae870b5d3a573a2f725ac1bbc/elements - {"using":"xpath","value":"//button[@data-kt=\"addButton\"]"}
RESULT: {"using":"xpath","value":"//button[@data-kt=\"addButton\"]"}
COMMAND: POST /session/9d48326ae870b5d3a573a2f725ac1bbc/elements - {"using":"xpath","value":"//button[@data-kt=\"addButton\"]"}
RESULT: {"using":"xpath","value":"//button[@data-kt=\"addButton\"]"}
COMMAND: POST /session/9d48326ae870b5d3a573a2f725ac1bbc/elements - {"using":"xpath","value":"//button[@data-kt=\"addButton\"]"}
RESULT: {"using":"xpath","value":"//button[@data-kt=\"addButton\"]"}
COMMAND: POST /session/9d48326ae870b5d3a573a2f725ac1bbc/elements - {"using":"xpath","value":"//button[@data-kt=\"addButton\"]"}
RESULT: {"using":"xpath","value":"//button[@data-kt=\"addButton\"]"}
COMMAND: POST /session/9d48326ae870b5d3a573a2f725ac1bbc/elements - {"using":"xpath","value":"//button[@data-kt=\"addButton\"]"}
RESULT: {"using":"xpath","value":"//button[@data-kt=\"addButton\"]"}
COMMAND: POST /session/9d48326ae870b5d3a573a2f725ac1bbc/elements - {"using":"xpath","value":"//button[@data-kt=\"addButton\"]"}
RESULT: {"using":"xpath","value":"//button[@data-kt=\"addButton\"]"}
COMMAND: POST /session/9d48326ae870b5d3a573a2f725ac1bbc/elements - {"using":"xpath","value":"//button[@data-kt=\"addButton\"]"}
RESULT: {"using":"xpath","value":"//button[@data-kt=\"addButton\"]"}
COMMAND: POST /session/9d48326ae870b5d3a573a2f725ac1bbc/elements - {"using":"xpath","value":"//button[@data-kt=\"addButton\"]"}
RESULT: {"using":"xpath","value":"//button[@data-kt=\"addButton\"]"}
COMMAND: POST /session/9d48326ae870b5d3a573a2f725ac1bbc/elements - {"using":"xpath","value":"//button[@data-kt=\"addButton\"]"}
RESULT: {"using":"xpath","value":"//button[@data-kt=\"addButton\"]"}
COMMAND: POST /session/9d48326ae870b5d3a573a2f725ac1bbc/elements - {"using":"xpath","value":"//button[@data-kt=\"addButton\"]"}
RESULT: {"using":"xpath","value":"//button[@data-kt=\"addButton\"]"}
COMMAND: POST /session/9d48326ae870b5d3a573a2f725ac1bbc/elements - {"using":"xpath","value":"//button[@data-kt=\"addButton\"]"}
RESULT: {"using":"xpath","value":"//button[@data-kt=\"addButton\"]"}
COMMAND: POST /session/9d48326ae870b5d3a573a2f725ac1bbc/elements - {"using":"xpath","value":"//button[@data-kt=\"addButton\"]"}
RESULT: {"using":"xpath","value":"//button[@data-kt=\"addButton\"]"}
COMMAND: POST /session/9d48326ae870b5d3a573a2f725ac1bbc/elements - {"using":"xpath","value":"//button[@data-kt=\"addButton\"]"}
RESULT: {"using":"xpath","value":"//button[@data-kt=\"addButton\"]"}
COMMAND: POST /session/9d48326ae870b5d3a573a2f725ac1bbc/elements - {"using":"xpath","value":"//button[@data-kt=\"addButton\"]"}
RESULT: {"using":"xpath","value":"//button[@data-kt=\"addButton\"]"}
COMMAND: POST /session/9d48326ae870b5d3a573a2f725ac1bbc/elements - {"using":"xpath","value":"//button[@data-kt=\"addButton\"]"}
RESULT: {"using":"xpath","value":"//button[@data-kt=\"addButton\"]"}
COMMAND: POST /session/9d48326ae870b5d3a573a2f725ac1bbc/elements - {"using":"xpath","value":"//button[@data-kt=\"addButton\"]"}
RESULT: {"using":"xpath","value":"//button[@data-kt=\"addButton\"]"}
COMMAND: POST /session/9d48326ae870b5d3a573a2f725ac1bbc/elements - {"using":"xpath","value":"//button[@data-kt=\"addButton\"]"}
RESULT: {"using":"xpath","value":"//button[@data-kt=\"addButton\"]"}
COMMAND: POST /session/9d48326ae870b5d3a573a2f725ac1bbc/elements - {"using":"xpath","value":"//button[@data-kt=\"addButton\"]"}
RESULT: {"using":"xpath","value":"//button[@data-kt=\"addButton\"]"}
COMMAND: POST /session/9d48326ae870b5d3a573a2f725ac1bbc/elements - {"using":"xpath","value":"//button[@data-kt=\"addButton\"]"}
RESULT: {"using":"xpath","value":"//button[@data-kt=\"addButton\"]"}
COMMAND: POST /session/9d48326ae870b5d3a573a2f725ac1bbc/elements - {"using":"xpath","value":"//button[@data-kt=\"addButton\"]"}
RESULT: {"using":"xpath","value":"//button[@data-kt=\"addButton\"]"}
COMMAND: POST /session/9d48326ae870b5d3a573a2f725ac1bbc/elements - {"using":"xpath","value":"//button[@data-kt=\"addButton\"]"}
RESULT: {"using":"xpath","value":"//button[@data-kt=\"addButton\"]"}
COMMAND: POST /session/9d48326ae870b5d3a573a2f725ac1bbc/elements - {"using":"xpath","value":"//button[@data-kt=\"addButton\"]"}
RESULT: {"using":"xpath","value":"//button[@data-kt=\"addButton\"]"}
COMMAND: POST /session/9d48326ae870b5d3a573a2f725ac1bbc/elements - {"using":"xpath","value":"//button[@data-kt=\"addButton\"]"}
RESULT: {"using":"xpath","value":"//button[@data-kt=\"addButton\"]"}
COMMAND: POST /session/9d48326ae870b5d3a573a2f725ac1bbc/elements - {"using":"xpath","value":"//button[@data-kt=\"addButton\"]"}
RESULT: {"using":"xpath","value":"//button[@data-kt=\"addButton\"]"}
COMMAND: POST /session/9d48326ae870b5d3a573a2f725ac1bbc/elements - {"using":"xpath","value":"//button[@data-kt=\"addButton\"]"}
RESULT: {"using":"xpath","value":"//button[@data-kt=\"addButton\"]"}
COMMAND: POST /session/9d48326ae870b5d3a573a2f725ac1bbc/elements - {"using":"xpath","value":"//button[@data-kt=\"addButton\"]"}
RESULT: {"using":"xpath","value":"//button[@data-kt=\"addButton\"]"}
COMMAND: POST /session/9d48326ae870b5d3a573a2f725ac1bbc/elements - {"using":"xpath","value":"//button[@data-kt=\"addButton\"]"}
RESULT: {"using":"xpath","value":"//button[@data-kt=\"addButton\"]"}
COMMAND: POST /session/9d48326ae870b5d3a573a2f725ac1bbc/elements - {"using":"xpath","value":"//button[@data-kt=\"addButton\"]"}
RESULT: {"using":"xpath","value":"//button[@data-kt=\"addButton\"]"}
COMMAND: POST /session/9d48326ae870b5d3a573a2f725ac1bbc/elements - {"using":"xpath","value":"//button[@data-kt=\"addButton\"]"}
RESULT: {"using":"xpath","value":"//button[@data-kt=\"addButton\"]"}
COMMAND: POST /session/9d48326ae870b5d3a573a2f725ac1bbc/elements - {"using":"xpath","value":"//button[@data-kt=\"addButton\"]"}
RESULT: {"using":"xpath","value":"//button[@data-kt=\"addButton\"]"}
COMMAND: POST /session/9d48326ae870b5d3a573a2f725ac1bbc/elements - {"using":"xpath","value":"//button[@data-kt=\"addButton\"]"}
RESULT: {"using":"xpath","value":"//button[@data-kt=\"addButton\"]"}
COMMAND: POST /session/9d48326ae870b5d3a573a2f725ac1bbc/elements - {"using":"xpath","value":"//button[@data-kt=\"addButton\"]"}
RESULT: {"using":"xpath","value":"//button[@data-kt=\"addButton\"]"}
COMMAND: POST /session/9d48326ae870b5d3a573a2f725ac1bbc/elements - {"using":"xpath","value":"//button[@data-kt=\"addButton\"]"}
RESULT: {"using":"xpath","value":"//button[@data-kt=\"addButton\"]"}
COMMAND: POST /session/9d48326ae870b5d3a573a2f725ac1bbc/elements - {"using":"xpath","value":"//button[@data-kt=\"addButton\"]"}
RESULT: {"using":"xpath","value":"//button[@data-kt=\"addButton\"]"}
COMMAND: POST /session/9d48326ae870b5d3a573a2f725ac1bbc/elements - {"using":"xpath","value":"//button[@data-kt=\"addButton\"]"}
RESULT: {"using":"xpath","value":"//button[@data-kt=\"addButton\"]"}
COMMAND: POST /session/9d48326ae870b5d3a573a2f725ac1bbc/elements - {"using":"xpath","value":"//button[@data-kt=\"addButton\"]"}
RESULT: {"using":"xpath","value":"//button[@data-kt=\"addButton\"]"}
COMMAND: POST /session/9d48326ae870b5d3a573a2f725ac1bbc/elements - {"using":"xpath","value":"//button[@data-kt=\"addButton\"]"}
RESULT: {"using":"xpath","value":"//button[@data-kt=\"addButton\"]"}
COMMAND: POST /session/9d48326ae870b5d3a573a2f725ac1bbc/elements - {"using":"xpath","value":"//button[@data-kt=\"addButton\"]"}
RESULT: {"using":"xpath","value":"//button[@data-kt=\"addButton\"]"}
COMMAND: POST /session/9d48326ae870b5d3a573a2f725ac1bbc/elements - {"using":"xpath","value":"//button[@data-kt=\"addButton\"]"}
COMMAND: GET /session/9d48326ae870b5d3a573a2f725ac1bbc/screenshot - {}
RESULT: {"using":"xpath","value":"//button[@data-kt=\"addButton\"]"}
RESULT: {}
]]></system-out>
      <system-err><![CDATA[
Error: element ("//button[@data-kt="addButton"]") still not existing after 45000ms
    at async UtilsPrerequisites.contractCreation (D:\a\1\s\test\specs\BTS\prerequisites-and-utils-functions.js:1741:9)
    at async Context.<anonymous> (D:\a\1\s\test\specs\BTS\billing-transfer-intracompany.spec.js:61:45)
]]></system-err>
    </testcase>
    <testcase classname="chrome.136_0_7103_93.windows.Billing_Transfer_-_Intracompany_US127249" name="Should add equipment to the contract" time="60.857">
      <failure/>
      <error message="Can't call click on element with selector &quot;//button[@data-kt=&quot;contractDetailEditBtnButton&quot;]&quot; because element wasn't found"/>
      <system-out><![CDATA[
COMMAND: GET /session/9d48326ae870b5d3a573a2f725ac1bbc/screenshot - {}
COMMAND: POST /session/9d48326ae870b5d3a573a2f725ac1bbc/element - {"using":"xpath","value":"//button[@data-kt=\"contractDetailEditBtnButton\"]"}
RESULT: {}
RESULT: {"using":"xpath","value":"//button[@data-kt=\"contractDetailEditBtnButton\"]"}
COMMAND: POST /session/9d48326ae870b5d3a573a2f725ac1bbc/elements - {"using":"xpath","value":"//button[@data-kt=\"contractDetailEditBtnButton\"]"}
RESULT: {"using":"xpath","value":"//button[@data-kt=\"contractDetailEditBtnButton\"]"}
COMMAND: POST /session/9d48326ae870b5d3a573a2f725ac1bbc/elements - {"using":"xpath","value":"//button[@data-kt=\"contractDetailEditBtnButton\"]"}
RESULT: {"using":"xpath","value":"//button[@data-kt=\"contractDetailEditBtnButton\"]"}
COMMAND: POST /session/9d48326ae870b5d3a573a2f725ac1bbc/elements - {"using":"xpath","value":"//button[@data-kt=\"contractDetailEditBtnButton\"]"}
RESULT: {"using":"xpath","value":"//button[@data-kt=\"contractDetailEditBtnButton\"]"}
COMMAND: POST /session/9d48326ae870b5d3a573a2f725ac1bbc/elements - {"using":"xpath","value":"//button[@data-kt=\"contractDetailEditBtnButton\"]"}
RESULT: {"using":"xpath","value":"//button[@data-kt=\"contractDetailEditBtnButton\"]"}
COMMAND: POST /session/9d48326ae870b5d3a573a2f725ac1bbc/elements - {"using":"xpath","value":"//button[@data-kt=\"contractDetailEditBtnButton\"]"}
RESULT: {"using":"xpath","value":"//button[@data-kt=\"contractDetailEditBtnButton\"]"}
COMMAND: POST /session/9d48326ae870b5d3a573a2f725ac1bbc/elements - {"using":"xpath","value":"//button[@data-kt=\"contractDetailEditBtnButton\"]"}
RESULT: {"using":"xpath","value":"//button[@data-kt=\"contractDetailEditBtnButton\"]"}
COMMAND: POST /session/9d48326ae870b5d3a573a2f725ac1bbc/elements - {"using":"xpath","value":"//button[@data-kt=\"contractDetailEditBtnButton\"]"}
RESULT: {"using":"xpath","value":"//button[@data-kt=\"contractDetailEditBtnButton\"]"}
COMMAND: POST /session/9d48326ae870b5d3a573a2f725ac1bbc/elements - {"using":"xpath","value":"//button[@data-kt=\"contractDetailEditBtnButton\"]"}
RESULT: {"using":"xpath","value":"//button[@data-kt=\"contractDetailEditBtnButton\"]"}
COMMAND: POST /session/9d48326ae870b5d3a573a2f725ac1bbc/elements - {"using":"xpath","value":"//button[@data-kt=\"contractDetailEditBtnButton\"]"}
RESULT: {"using":"xpath","value":"//button[@data-kt=\"contractDetailEditBtnButton\"]"}
COMMAND: POST /session/9d48326ae870b5d3a573a2f725ac1bbc/elements - {"using":"xpath","value":"//button[@data-kt=\"contractDetailEditBtnButton\"]"}
RESULT: {"using":"xpath","value":"//button[@data-kt=\"contractDetailEditBtnButton\"]"}
COMMAND: POST /session/9d48326ae870b5d3a573a2f725ac1bbc/elements - {"using":"xpath","value":"//button[@data-kt=\"contractDetailEditBtnButton\"]"}
RESULT: {"using":"xpath","value":"//button[@data-kt=\"contractDetailEditBtnButton\"]"}
COMMAND: POST /session/9d48326ae870b5d3a573a2f725ac1bbc/elements - {"using":"xpath","value":"//button[@data-kt=\"contractDetailEditBtnButton\"]"}
RESULT: {"using":"xpath","value":"//button[@data-kt=\"contractDetailEditBtnButton\"]"}
COMMAND: POST /session/9d48326ae870b5d3a573a2f725ac1bbc/elements - {"using":"xpath","value":"//button[@data-kt=\"contractDetailEditBtnButton\"]"}
RESULT: {"using":"xpath","value":"//button[@data-kt=\"contractDetailEditBtnButton\"]"}
COMMAND: POST /session/9d48326ae870b5d3a573a2f725ac1bbc/elements - {"using":"xpath","value":"//button[@data-kt=\"contractDetailEditBtnButton\"]"}
RESULT: {"using":"xpath","value":"//button[@data-kt=\"contractDetailEditBtnButton\"]"}
COMMAND: POST /session/9d48326ae870b5d3a573a2f725ac1bbc/elements - {"using":"xpath","value":"//button[@data-kt=\"contractDetailEditBtnButton\"]"}
RESULT: {"using":"xpath","value":"//button[@data-kt=\"contractDetailEditBtnButton\"]"}
COMMAND: POST /session/9d48326ae870b5d3a573a2f725ac1bbc/elements - {"using":"xpath","value":"//button[@data-kt=\"contractDetailEditBtnButton\"]"}
RESULT: {"using":"xpath","value":"//button[@data-kt=\"contractDetailEditBtnButton\"]"}
COMMAND: POST /session/9d48326ae870b5d3a573a2f725ac1bbc/elements - {"using":"xpath","value":"//button[@data-kt=\"contractDetailEditBtnButton\"]"}
RESULT: {"using":"xpath","value":"//button[@data-kt=\"contractDetailEditBtnButton\"]"}
COMMAND: POST /session/9d48326ae870b5d3a573a2f725ac1bbc/elements - {"using":"xpath","value":"//button[@data-kt=\"contractDetailEditBtnButton\"]"}
RESULT: {"using":"xpath","value":"//button[@data-kt=\"contractDetailEditBtnButton\"]"}
COMMAND: POST /session/9d48326ae870b5d3a573a2f725ac1bbc/elements - {"using":"xpath","value":"//button[@data-kt=\"contractDetailEditBtnButton\"]"}
RESULT: {"using":"xpath","value":"//button[@data-kt=\"contractDetailEditBtnButton\"]"}
COMMAND: POST /session/9d48326ae870b5d3a573a2f725ac1bbc/elements - {"using":"xpath","value":"//button[@data-kt=\"contractDetailEditBtnButton\"]"}
RESULT: {"using":"xpath","value":"//button[@data-kt=\"contractDetailEditBtnButton\"]"}
COMMAND: POST /session/9d48326ae870b5d3a573a2f725ac1bbc/elements - {"using":"xpath","value":"//button[@data-kt=\"contractDetailEditBtnButton\"]"}
RESULT: {"using":"xpath","value":"//button[@data-kt=\"contractDetailEditBtnButton\"]"}
COMMAND: POST /session/9d48326ae870b5d3a573a2f725ac1bbc/elements - {"using":"xpath","value":"//button[@data-kt=\"contractDetailEditBtnButton\"]"}
RESULT: {"using":"xpath","value":"//button[@data-kt=\"contractDetailEditBtnButton\"]"}
COMMAND: POST /session/9d48326ae870b5d3a573a2f725ac1bbc/elements - {"using":"xpath","value":"//button[@data-kt=\"contractDetailEditBtnButton\"]"}
RESULT: {"using":"xpath","value":"//button[@data-kt=\"contractDetailEditBtnButton\"]"}
COMMAND: POST /session/9d48326ae870b5d3a573a2f725ac1bbc/elements - {"using":"xpath","value":"//button[@data-kt=\"contractDetailEditBtnButton\"]"}
RESULT: {"using":"xpath","value":"//button[@data-kt=\"contractDetailEditBtnButton\"]"}
COMMAND: POST /session/9d48326ae870b5d3a573a2f725ac1bbc/elements - {"using":"xpath","value":"//button[@data-kt=\"contractDetailEditBtnButton\"]"}
RESULT: {"using":"xpath","value":"//button[@data-kt=\"contractDetailEditBtnButton\"]"}
COMMAND: POST /session/9d48326ae870b5d3a573a2f725ac1bbc/elements - {"using":"xpath","value":"//button[@data-kt=\"contractDetailEditBtnButton\"]"}
RESULT: {"using":"xpath","value":"//button[@data-kt=\"contractDetailEditBtnButton\"]"}
COMMAND: POST /session/9d48326ae870b5d3a573a2f725ac1bbc/elements - {"using":"xpath","value":"//button[@data-kt=\"contractDetailEditBtnButton\"]"}
RESULT: {"using":"xpath","value":"//button[@data-kt=\"contractDetailEditBtnButton\"]"}
COMMAND: POST /session/9d48326ae870b5d3a573a2f725ac1bbc/elements - {"using":"xpath","value":"//button[@data-kt=\"contractDetailEditBtnButton\"]"}
RESULT: {"using":"xpath","value":"//button[@data-kt=\"contractDetailEditBtnButton\"]"}
COMMAND: POST /session/9d48326ae870b5d3a573a2f725ac1bbc/elements - {"using":"xpath","value":"//button[@data-kt=\"contractDetailEditBtnButton\"]"}
RESULT: {"using":"xpath","value":"//button[@data-kt=\"contractDetailEditBtnButton\"]"}
COMMAND: POST /session/9d48326ae870b5d3a573a2f725ac1bbc/elements - {"using":"xpath","value":"//button[@data-kt=\"contractDetailEditBtnButton\"]"}
RESULT: {"using":"xpath","value":"//button[@data-kt=\"contractDetailEditBtnButton\"]"}
COMMAND: POST /session/9d48326ae870b5d3a573a2f725ac1bbc/elements - {"using":"xpath","value":"//button[@data-kt=\"contractDetailEditBtnButton\"]"}
RESULT: {"using":"xpath","value":"//button[@data-kt=\"contractDetailEditBtnButton\"]"}
COMMAND: POST /session/9d48326ae870b5d3a573a2f725ac1bbc/elements - {"using":"xpath","value":"//button[@data-kt=\"contractDetailEditBtnButton\"]"}
RESULT: {"using":"xpath","value":"//button[@data-kt=\"contractDetailEditBtnButton\"]"}
COMMAND: POST /session/9d48326ae870b5d3a573a2f725ac1bbc/elements - {"using":"xpath","value":"//button[@data-kt=\"contractDetailEditBtnButton\"]"}
RESULT: {"using":"xpath","value":"//button[@data-kt=\"contractDetailEditBtnButton\"]"}
COMMAND: POST /session/9d48326ae870b5d3a573a2f725ac1bbc/elements - {"using":"xpath","value":"//button[@data-kt=\"contractDetailEditBtnButton\"]"}
RESULT: {"using":"xpath","value":"//button[@data-kt=\"contractDetailEditBtnButton\"]"}
COMMAND: POST /session/9d48326ae870b5d3a573a2f725ac1bbc/elements - {"using":"xpath","value":"//button[@data-kt=\"contractDetailEditBtnButton\"]"}
RESULT: {"using":"xpath","value":"//button[@data-kt=\"contractDetailEditBtnButton\"]"}
COMMAND: POST /session/9d48326ae870b5d3a573a2f725ac1bbc/elements - {"using":"xpath","value":"//button[@data-kt=\"contractDetailEditBtnButton\"]"}
RESULT: {"using":"xpath","value":"//button[@data-kt=\"contractDetailEditBtnButton\"]"}
COMMAND: POST /session/9d48326ae870b5d3a573a2f725ac1bbc/elements - {"using":"xpath","value":"//button[@data-kt=\"contractDetailEditBtnButton\"]"}
RESULT: {"using":"xpath","value":"//button[@data-kt=\"contractDetailEditBtnButton\"]"}
COMMAND: POST /session/9d48326ae870b5d3a573a2f725ac1bbc/elements - {"using":"xpath","value":"//button[@data-kt=\"contractDetailEditBtnButton\"]"}
RESULT: {"using":"xpath","value":"//button[@data-kt=\"contractDetailEditBtnButton\"]"}
COMMAND: POST /session/9d48326ae870b5d3a573a2f725ac1bbc/elements - {"using":"xpath","value":"//button[@data-kt=\"contractDetailEditBtnButton\"]"}
RESULT: {"using":"xpath","value":"//button[@data-kt=\"contractDetailEditBtnButton\"]"}
COMMAND: POST /session/9d48326ae870b5d3a573a2f725ac1bbc/elements - {"using":"xpath","value":"//button[@data-kt=\"contractDetailEditBtnButton\"]"}
RESULT: {"using":"xpath","value":"//button[@data-kt=\"contractDetailEditBtnButton\"]"}
COMMAND: POST /session/9d48326ae870b5d3a573a2f725ac1bbc/elements - {"using":"xpath","value":"//button[@data-kt=\"contractDetailEditBtnButton\"]"}
RESULT: {"using":"xpath","value":"//button[@data-kt=\"contractDetailEditBtnButton\"]"}
COMMAND: POST /session/9d48326ae870b5d3a573a2f725ac1bbc/elements - {"using":"xpath","value":"//button[@data-kt=\"contractDetailEditBtnButton\"]"}
RESULT: {"using":"xpath","value":"//button[@data-kt=\"contractDetailEditBtnButton\"]"}
COMMAND: POST /session/9d48326ae870b5d3a573a2f725ac1bbc/elements - {"using":"xpath","value":"//button[@data-kt=\"contractDetailEditBtnButton\"]"}
RESULT: {"using":"xpath","value":"//button[@data-kt=\"contractDetailEditBtnButton\"]"}
COMMAND: POST /session/9d48326ae870b5d3a573a2f725ac1bbc/elements - {"using":"xpath","value":"//button[@data-kt=\"contractDetailEditBtnButton\"]"}
RESULT: {"using":"xpath","value":"//button[@data-kt=\"contractDetailEditBtnButton\"]"}
COMMAND: POST /session/9d48326ae870b5d3a573a2f725ac1bbc/elements - {"using":"xpath","value":"//button[@data-kt=\"contractDetailEditBtnButton\"]"}
RESULT: {"using":"xpath","value":"//button[@data-kt=\"contractDetailEditBtnButton\"]"}
COMMAND: POST /session/9d48326ae870b5d3a573a2f725ac1bbc/elements - {"using":"xpath","value":"//button[@data-kt=\"contractDetailEditBtnButton\"]"}
RESULT: {"using":"xpath","value":"//button[@data-kt=\"contractDetailEditBtnButton\"]"}
COMMAND: POST /session/9d48326ae870b5d3a573a2f725ac1bbc/elements - {"using":"xpath","value":"//button[@data-kt=\"contractDetailEditBtnButton\"]"}
RESULT: {"using":"xpath","value":"//button[@data-kt=\"contractDetailEditBtnButton\"]"}
COMMAND: POST /session/9d48326ae870b5d3a573a2f725ac1bbc/elements - {"using":"xpath","value":"//button[@data-kt=\"contractDetailEditBtnButton\"]"}
RESULT: {"using":"xpath","value":"//button[@data-kt=\"contractDetailEditBtnButton\"]"}
COMMAND: POST /session/9d48326ae870b5d3a573a2f725ac1bbc/elements - {"using":"xpath","value":"//button[@data-kt=\"contractDetailEditBtnButton\"]"}
RESULT: {"using":"xpath","value":"//button[@data-kt=\"contractDetailEditBtnButton\"]"}
COMMAND: POST /session/9d48326ae870b5d3a573a2f725ac1bbc/elements - {"using":"xpath","value":"//button[@data-kt=\"contractDetailEditBtnButton\"]"}
RESULT: {"using":"xpath","value":"//button[@data-kt=\"contractDetailEditBtnButton\"]"}
COMMAND: POST /session/9d48326ae870b5d3a573a2f725ac1bbc/elements - {"using":"xpath","value":"//button[@data-kt=\"contractDetailEditBtnButton\"]"}
RESULT: {"using":"xpath","value":"//button[@data-kt=\"contractDetailEditBtnButton\"]"}
COMMAND: POST /session/9d48326ae870b5d3a573a2f725ac1bbc/elements - {"using":"xpath","value":"//button[@data-kt=\"contractDetailEditBtnButton\"]"}
RESULT: {"using":"xpath","value":"//button[@data-kt=\"contractDetailEditBtnButton\"]"}
COMMAND: POST /session/9d48326ae870b5d3a573a2f725ac1bbc/elements - {"using":"xpath","value":"//button[@data-kt=\"contractDetailEditBtnButton\"]"}
RESULT: {"using":"xpath","value":"//button[@data-kt=\"contractDetailEditBtnButton\"]"}
COMMAND: POST /session/9d48326ae870b5d3a573a2f725ac1bbc/elements - {"using":"xpath","value":"//button[@data-kt=\"contractDetailEditBtnButton\"]"}
RESULT: {"using":"xpath","value":"//button[@data-kt=\"contractDetailEditBtnButton\"]"}
COMMAND: POST /session/9d48326ae870b5d3a573a2f725ac1bbc/elements - {"using":"xpath","value":"//button[@data-kt=\"contractDetailEditBtnButton\"]"}
RESULT: {"using":"xpath","value":"//button[@data-kt=\"contractDetailEditBtnButton\"]"}
COMMAND: POST /session/9d48326ae870b5d3a573a2f725ac1bbc/elements - {"using":"xpath","value":"//button[@data-kt=\"contractDetailEditBtnButton\"]"}
RESULT: {"using":"xpath","value":"//button[@data-kt=\"contractDetailEditBtnButton\"]"}
COMMAND: POST /session/9d48326ae870b5d3a573a2f725ac1bbc/elements - {"using":"xpath","value":"//button[@data-kt=\"contractDetailEditBtnButton\"]"}
RESULT: {"using":"xpath","value":"//button[@data-kt=\"contractDetailEditBtnButton\"]"}
COMMAND: POST /session/9d48326ae870b5d3a573a2f725ac1bbc/elements - {"using":"xpath","value":"//button[@data-kt=\"contractDetailEditBtnButton\"]"}
RESULT: {"using":"xpath","value":"//button[@data-kt=\"contractDetailEditBtnButton\"]"}
COMMAND: POST /session/9d48326ae870b5d3a573a2f725ac1bbc/elements - {"using":"xpath","value":"//button[@data-kt=\"contractDetailEditBtnButton\"]"}
RESULT: {"using":"xpath","value":"//button[@data-kt=\"contractDetailEditBtnButton\"]"}
COMMAND: POST /session/9d48326ae870b5d3a573a2f725ac1bbc/elements - {"using":"xpath","value":"//button[@data-kt=\"contractDetailEditBtnButton\"]"}
RESULT: {"using":"xpath","value":"//button[@data-kt=\"contractDetailEditBtnButton\"]"}
COMMAND: POST /session/9d48326ae870b5d3a573a2f725ac1bbc/elements - {"using":"xpath","value":"//button[@data-kt=\"contractDetailEditBtnButton\"]"}
RESULT: {"using":"xpath","value":"//button[@data-kt=\"contractDetailEditBtnButton\"]"}
COMMAND: POST /session/9d48326ae870b5d3a573a2f725ac1bbc/elements - {"using":"xpath","value":"//button[@data-kt=\"contractDetailEditBtnButton\"]"}
RESULT: {"using":"xpath","value":"//button[@data-kt=\"contractDetailEditBtnButton\"]"}
COMMAND: POST /session/9d48326ae870b5d3a573a2f725ac1bbc/elements - {"using":"xpath","value":"//button[@data-kt=\"contractDetailEditBtnButton\"]"}
RESULT: {"using":"xpath","value":"//button[@data-kt=\"contractDetailEditBtnButton\"]"}
COMMAND: POST /session/9d48326ae870b5d3a573a2f725ac1bbc/elements - {"using":"xpath","value":"//button[@data-kt=\"contractDetailEditBtnButton\"]"}
RESULT: {"using":"xpath","value":"//button[@data-kt=\"contractDetailEditBtnButton\"]"}
COMMAND: POST /session/9d48326ae870b5d3a573a2f725ac1bbc/elements - {"using":"xpath","value":"//button[@data-kt=\"contractDetailEditBtnButton\"]"}
RESULT: {"using":"xpath","value":"//button[@data-kt=\"contractDetailEditBtnButton\"]"}
COMMAND: POST /session/9d48326ae870b5d3a573a2f725ac1bbc/elements - {"using":"xpath","value":"//button[@data-kt=\"contractDetailEditBtnButton\"]"}
RESULT: {"using":"xpath","value":"//button[@data-kt=\"contractDetailEditBtnButton\"]"}
COMMAND: POST /session/9d48326ae870b5d3a573a2f725ac1bbc/elements - {"using":"xpath","value":"//button[@data-kt=\"contractDetailEditBtnButton\"]"}
RESULT: {"using":"xpath","value":"//button[@data-kt=\"contractDetailEditBtnButton\"]"}
COMMAND: POST /session/9d48326ae870b5d3a573a2f725ac1bbc/elements - {"using":"xpath","value":"//button[@data-kt=\"contractDetailEditBtnButton\"]"}
RESULT: {"using":"xpath","value":"//button[@data-kt=\"contractDetailEditBtnButton\"]"}
COMMAND: POST /session/9d48326ae870b5d3a573a2f725ac1bbc/elements - {"using":"xpath","value":"//button[@data-kt=\"contractDetailEditBtnButton\"]"}
RESULT: {"using":"xpath","value":"//button[@data-kt=\"contractDetailEditBtnButton\"]"}
COMMAND: POST /session/9d48326ae870b5d3a573a2f725ac1bbc/elements - {"using":"xpath","value":"//button[@data-kt=\"contractDetailEditBtnButton\"]"}
RESULT: {"using":"xpath","value":"//button[@data-kt=\"contractDetailEditBtnButton\"]"}
COMMAND: POST /session/9d48326ae870b5d3a573a2f725ac1bbc/elements - {"using":"xpath","value":"//button[@data-kt=\"contractDetailEditBtnButton\"]"}
RESULT: {"using":"xpath","value":"//button[@data-kt=\"contractDetailEditBtnButton\"]"}
COMMAND: POST /session/9d48326ae870b5d3a573a2f725ac1bbc/elements - {"using":"xpath","value":"//button[@data-kt=\"contractDetailEditBtnButton\"]"}
RESULT: {"using":"xpath","value":"//button[@data-kt=\"contractDetailEditBtnButton\"]"}
COMMAND: POST /session/9d48326ae870b5d3a573a2f725ac1bbc/elements - {"using":"xpath","value":"//button[@data-kt=\"contractDetailEditBtnButton\"]"}
RESULT: {"using":"xpath","value":"//button[@data-kt=\"contractDetailEditBtnButton\"]"}
COMMAND: POST /session/9d48326ae870b5d3a573a2f725ac1bbc/elements - {"using":"xpath","value":"//button[@data-kt=\"contractDetailEditBtnButton\"]"}
RESULT: {"using":"xpath","value":"//button[@data-kt=\"contractDetailEditBtnButton\"]"}
COMMAND: POST /session/9d48326ae870b5d3a573a2f725ac1bbc/elements - {"using":"xpath","value":"//button[@data-kt=\"contractDetailEditBtnButton\"]"}
RESULT: {"using":"xpath","value":"//button[@data-kt=\"contractDetailEditBtnButton\"]"}
COMMAND: POST /session/9d48326ae870b5d3a573a2f725ac1bbc/elements - {"using":"xpath","value":"//button[@data-kt=\"contractDetailEditBtnButton\"]"}
RESULT: {"using":"xpath","value":"//button[@data-kt=\"contractDetailEditBtnButton\"]"}
COMMAND: POST /session/9d48326ae870b5d3a573a2f725ac1bbc/elements - {"using":"xpath","value":"//button[@data-kt=\"contractDetailEditBtnButton\"]"}
RESULT: {"using":"xpath","value":"//button[@data-kt=\"contractDetailEditBtnButton\"]"}
COMMAND: POST /session/9d48326ae870b5d3a573a2f725ac1bbc/elements - {"using":"xpath","value":"//button[@data-kt=\"contractDetailEditBtnButton\"]"}
RESULT: {"using":"xpath","value":"//button[@data-kt=\"contractDetailEditBtnButton\"]"}
COMMAND: POST /session/9d48326ae870b5d3a573a2f725ac1bbc/elements - {"using":"xpath","value":"//button[@data-kt=\"contractDetailEditBtnButton\"]"}
RESULT: {"using":"xpath","value":"//button[@data-kt=\"contractDetailEditBtnButton\"]"}
COMMAND: POST /session/9d48326ae870b5d3a573a2f725ac1bbc/elements - {"using":"xpath","value":"//button[@data-kt=\"contractDetailEditBtnButton\"]"}
RESULT: {"using":"xpath","value":"//button[@data-kt=\"contractDetailEditBtnButton\"]"}
COMMAND: POST /session/9d48326ae870b5d3a573a2f725ac1bbc/elements - {"using":"xpath","value":"//button[@data-kt=\"contractDetailEditBtnButton\"]"}
RESULT: {"using":"xpath","value":"//button[@data-kt=\"contractDetailEditBtnButton\"]"}
COMMAND: POST /session/9d48326ae870b5d3a573a2f725ac1bbc/elements - {"using":"xpath","value":"//button[@data-kt=\"contractDetailEditBtnButton\"]"}
RESULT: {"using":"xpath","value":"//button[@data-kt=\"contractDetailEditBtnButton\"]"}
COMMAND: POST /session/9d48326ae870b5d3a573a2f725ac1bbc/elements - {"using":"xpath","value":"//button[@data-kt=\"contractDetailEditBtnButton\"]"}
RESULT: {"using":"xpath","value":"//button[@data-kt=\"contractDetailEditBtnButton\"]"}
COMMAND: POST /session/9d48326ae870b5d3a573a2f725ac1bbc/elements - {"using":"xpath","value":"//button[@data-kt=\"contractDetailEditBtnButton\"]"}
RESULT: {"using":"xpath","value":"//button[@data-kt=\"contractDetailEditBtnButton\"]"}
COMMAND: POST /session/9d48326ae870b5d3a573a2f725ac1bbc/elements - {"using":"xpath","value":"//button[@data-kt=\"contractDetailEditBtnButton\"]"}
RESULT: {"using":"xpath","value":"//button[@data-kt=\"contractDetailEditBtnButton\"]"}
COMMAND: POST /session/9d48326ae870b5d3a573a2f725ac1bbc/elements - {"using":"xpath","value":"//button[@data-kt=\"contractDetailEditBtnButton\"]"}
RESULT: {"using":"xpath","value":"//button[@data-kt=\"contractDetailEditBtnButton\"]"}
COMMAND: POST /session/9d48326ae870b5d3a573a2f725ac1bbc/elements - {"using":"xpath","value":"//button[@data-kt=\"contractDetailEditBtnButton\"]"}
RESULT: {"using":"xpath","value":"//button[@data-kt=\"contractDetailEditBtnButton\"]"}
COMMAND: POST /session/9d48326ae870b5d3a573a2f725ac1bbc/elements - {"using":"xpath","value":"//button[@data-kt=\"contractDetailEditBtnButton\"]"}
RESULT: {"using":"xpath","value":"//button[@data-kt=\"contractDetailEditBtnButton\"]"}
COMMAND: POST /session/9d48326ae870b5d3a573a2f725ac1bbc/elements - {"using":"xpath","value":"//button[@data-kt=\"contractDetailEditBtnButton\"]"}
RESULT: {"using":"xpath","value":"//button[@data-kt=\"contractDetailEditBtnButton\"]"}
COMMAND: POST /session/9d48326ae870b5d3a573a2f725ac1bbc/elements - {"using":"xpath","value":"//button[@data-kt=\"contractDetailEditBtnButton\"]"}
RESULT: {"using":"xpath","value":"//button[@data-kt=\"contractDetailEditBtnButton\"]"}
COMMAND: POST /session/9d48326ae870b5d3a573a2f725ac1bbc/elements - {"using":"xpath","value":"//button[@data-kt=\"contractDetailEditBtnButton\"]"}
RESULT: {"using":"xpath","value":"//button[@data-kt=\"contractDetailEditBtnButton\"]"}
COMMAND: POST /session/9d48326ae870b5d3a573a2f725ac1bbc/elements - {"using":"xpath","value":"//button[@data-kt=\"contractDetailEditBtnButton\"]"}
RESULT: {"using":"xpath","value":"//button[@data-kt=\"contractDetailEditBtnButton\"]"}
COMMAND: POST /session/9d48326ae870b5d3a573a2f725ac1bbc/elements - {"using":"xpath","value":"//button[@data-kt=\"contractDetailEditBtnButton\"]"}
RESULT: {"using":"xpath","value":"//button[@data-kt=\"contractDetailEditBtnButton\"]"}
COMMAND: POST /session/9d48326ae870b5d3a573a2f725ac1bbc/elements - {"using":"xpath","value":"//button[@data-kt=\"contractDetailEditBtnButton\"]"}
RESULT: {"using":"xpath","value":"//button[@data-kt=\"contractDetailEditBtnButton\"]"}
COMMAND: POST /session/9d48326ae870b5d3a573a2f725ac1bbc/elements - {"using":"xpath","value":"//button[@data-kt=\"contractDetailEditBtnButton\"]"}
RESULT: {"using":"xpath","value":"//button[@data-kt=\"contractDetailEditBtnButton\"]"}
COMMAND: POST /session/9d48326ae870b5d3a573a2f725ac1bbc/elements - {"using":"xpath","value":"//button[@data-kt=\"contractDetailEditBtnButton\"]"}
RESULT: {"using":"xpath","value":"//button[@data-kt=\"contractDetailEditBtnButton\"]"}
COMMAND: POST /session/9d48326ae870b5d3a573a2f725ac1bbc/elements - {"using":"xpath","value":"//button[@data-kt=\"contractDetailEditBtnButton\"]"}
RESULT: {"using":"xpath","value":"//button[@data-kt=\"contractDetailEditBtnButton\"]"}
COMMAND: POST /session/9d48326ae870b5d3a573a2f725ac1bbc/elements - {"using":"xpath","value":"//button[@data-kt=\"contractDetailEditBtnButton\"]"}
RESULT: {"using":"xpath","value":"//button[@data-kt=\"contractDetailEditBtnButton\"]"}
COMMAND: POST /session/9d48326ae870b5d3a573a2f725ac1bbc/elements - {"using":"xpath","value":"//button[@data-kt=\"contractDetailEditBtnButton\"]"}
RESULT: {"using":"xpath","value":"//button[@data-kt=\"contractDetailEditBtnButton\"]"}
COMMAND: POST /session/9d48326ae870b5d3a573a2f725ac1bbc/elements - {"using":"xpath","value":"//button[@data-kt=\"contractDetailEditBtnButton\"]"}
RESULT: {"using":"xpath","value":"//button[@data-kt=\"contractDetailEditBtnButton\"]"}
COMMAND: POST /session/9d48326ae870b5d3a573a2f725ac1bbc/elements - {"using":"xpath","value":"//button[@data-kt=\"contractDetailEditBtnButton\"]"}
RESULT: {"using":"xpath","value":"//button[@data-kt=\"contractDetailEditBtnButton\"]"}
COMMAND: POST /session/9d48326ae870b5d3a573a2f725ac1bbc/elements - {"using":"xpath","value":"//button[@data-kt=\"contractDetailEditBtnButton\"]"}
RESULT: {"using":"xpath","value":"//button[@data-kt=\"contractDetailEditBtnButton\"]"}
COMMAND: POST /session/9d48326ae870b5d3a573a2f725ac1bbc/elements - {"using":"xpath","value":"//button[@data-kt=\"contractDetailEditBtnButton\"]"}
RESULT: {"using":"xpath","value":"//button[@data-kt=\"contractDetailEditBtnButton\"]"}
COMMAND: POST /session/9d48326ae870b5d3a573a2f725ac1bbc/elements - {"using":"xpath","value":"//button[@data-kt=\"contractDetailEditBtnButton\"]"}
RESULT: {"using":"xpath","value":"//button[@data-kt=\"contractDetailEditBtnButton\"]"}
COMMAND: POST /session/9d48326ae870b5d3a573a2f725ac1bbc/elements - {"using":"xpath","value":"//button[@data-kt=\"contractDetailEditBtnButton\"]"}
RESULT: {"using":"xpath","value":"//button[@data-kt=\"contractDetailEditBtnButton\"]"}
COMMAND: POST /session/9d48326ae870b5d3a573a2f725ac1bbc/elements - {"using":"xpath","value":"//button[@data-kt=\"contractDetailEditBtnButton\"]"}
RESULT: {"using":"xpath","value":"//button[@data-kt=\"contractDetailEditBtnButton\"]"}
COMMAND: POST /session/9d48326ae870b5d3a573a2f725ac1bbc/elements - {"using":"xpath","value":"//button[@data-kt=\"contractDetailEditBtnButton\"]"}
RESULT: {"using":"xpath","value":"//button[@data-kt=\"contractDetailEditBtnButton\"]"}
COMMAND: POST /session/9d48326ae870b5d3a573a2f725ac1bbc/elements - {"using":"xpath","value":"//button[@data-kt=\"contractDetailEditBtnButton\"]"}
RESULT: {"using":"xpath","value":"//button[@data-kt=\"contractDetailEditBtnButton\"]"}
COMMAND: POST /session/9d48326ae870b5d3a573a2f725ac1bbc/elements - {"using":"xpath","value":"//button[@data-kt=\"contractDetailEditBtnButton\"]"}
RESULT: {"using":"xpath","value":"//button[@data-kt=\"contractDetailEditBtnButton\"]"}
COMMAND: POST /session/9d48326ae870b5d3a573a2f725ac1bbc/elements - {"using":"xpath","value":"//button[@data-kt=\"contractDetailEditBtnButton\"]"}
RESULT: {"using":"xpath","value":"//button[@data-kt=\"contractDetailEditBtnButton\"]"}
COMMAND: POST /session/9d48326ae870b5d3a573a2f725ac1bbc/elements - {"using":"xpath","value":"//button[@data-kt=\"contractDetailEditBtnButton\"]"}
RESULT: {"using":"xpath","value":"//button[@data-kt=\"contractDetailEditBtnButton\"]"}
COMMAND: POST /session/9d48326ae870b5d3a573a2f725ac1bbc/elements - {"using":"xpath","value":"//button[@data-kt=\"contractDetailEditBtnButton\"]"}
RESULT: {"using":"xpath","value":"//button[@data-kt=\"contractDetailEditBtnButton\"]"}
COMMAND: POST /session/9d48326ae870b5d3a573a2f725ac1bbc/elements - {"using":"xpath","value":"//button[@data-kt=\"contractDetailEditBtnButton\"]"}
RESULT: {"using":"xpath","value":"//button[@data-kt=\"contractDetailEditBtnButton\"]"}
COMMAND: POST /session/9d48326ae870b5d3a573a2f725ac1bbc/elements - {"using":"xpath","value":"//button[@data-kt=\"contractDetailEditBtnButton\"]"}
RESULT: {"using":"xpath","value":"//button[@data-kt=\"contractDetailEditBtnButton\"]"}
COMMAND: POST /session/9d48326ae870b5d3a573a2f725ac1bbc/elements - {"using":"xpath","value":"//button[@data-kt=\"contractDetailEditBtnButton\"]"}
RESULT: {"using":"xpath","value":"//button[@data-kt=\"contractDetailEditBtnButton\"]"}
COMMAND: POST /session/9d48326ae870b5d3a573a2f725ac1bbc/elements - {"using":"xpath","value":"//button[@data-kt=\"contractDetailEditBtnButton\"]"}
RESULT: {"using":"xpath","value":"//button[@data-kt=\"contractDetailEditBtnButton\"]"}
COMMAND: POST /session/9d48326ae870b5d3a573a2f725ac1bbc/elements - {"using":"xpath","value":"//button[@data-kt=\"contractDetailEditBtnButton\"]"}
RESULT: {"using":"xpath","value":"//button[@data-kt=\"contractDetailEditBtnButton\"]"}
COMMAND: POST /session/9d48326ae870b5d3a573a2f725ac1bbc/elements - {"using":"xpath","value":"//button[@data-kt=\"contractDetailEditBtnButton\"]"}
RESULT: {"using":"xpath","value":"//button[@data-kt=\"contractDetailEditBtnButton\"]"}
COMMAND: POST /session/9d48326ae870b5d3a573a2f725ac1bbc/elements - {"using":"xpath","value":"//button[@data-kt=\"contractDetailEditBtnButton\"]"}
RESULT: {"using":"xpath","value":"//button[@data-kt=\"contractDetailEditBtnButton\"]"}
COMMAND: POST /session/9d48326ae870b5d3a573a2f725ac1bbc/elements - {"using":"xpath","value":"//button[@data-kt=\"contractDetailEditBtnButton\"]"}
RESULT: {"using":"xpath","value":"//button[@data-kt=\"contractDetailEditBtnButton\"]"}
COMMAND: POST /session/9d48326ae870b5d3a573a2f725ac1bbc/elements - {"using":"xpath","value":"//button[@data-kt=\"contractDetailEditBtnButton\"]"}
RESULT: {"using":"xpath","value":"//button[@data-kt=\"contractDetailEditBtnButton\"]"}
COMMAND: GET /session/9d48326ae870b5d3a573a2f725ac1bbc/screenshot - {}
RESULT: {}
]]></system-out>
      <system-err><![CDATA[
Error: Can't call click on element with selector "//button[@data-kt="contractDetailEditBtnButton"]" because element wasn't found
    at async UtilsPrerequisites.addItemToContract (D:\a\1\s\test\specs\BTS\prerequisites-and-utils-functions.js:1852:9)
    at async Context.<anonymous> (D:\a\1\s\test\specs\BTS\billing-transfer-intracompany.spec.js:65:9)
]]></system-err>
    </testcase>
    <testcase classname="chrome.136_0_7103_93.windows.Billing_Transfer_-_Intracompany_US127249" name="Should do a provide to site handover" time="60.944">
      <failure/>
      <error message="Can't call click on element with selector &quot;//button[@data-kt=&quot;provideButton&quot;]&quot; because element wasn't found"/>
      <system-out><![CDATA[
COMMAND: GET /session/9d48326ae870b5d3a573a2f725ac1bbc/screenshot - {}
COMMAND: POST /session/9d48326ae870b5d3a573a2f725ac1bbc/element - {"using":"xpath","value":"//button[@data-kt=\"provideButton\"]"}
RESULT: {}
RESULT: {"using":"xpath","value":"//button[@data-kt=\"provideButton\"]"}
COMMAND: POST /session/9d48326ae870b5d3a573a2f725ac1bbc/elements - {"using":"xpath","value":"//button[@data-kt=\"provideButton\"]"}
RESULT: {"using":"xpath","value":"//button[@data-kt=\"provideButton\"]"}
COMMAND: POST /session/9d48326ae870b5d3a573a2f725ac1bbc/elements - {"using":"xpath","value":"//button[@data-kt=\"provideButton\"]"}
RESULT: {"using":"xpath","value":"//button[@data-kt=\"provideButton\"]"}
COMMAND: POST /session/9d48326ae870b5d3a573a2f725ac1bbc/elements - {"using":"xpath","value":"//button[@data-kt=\"provideButton\"]"}
RESULT: {"using":"xpath","value":"//button[@data-kt=\"provideButton\"]"}
COMMAND: POST /session/9d48326ae870b5d3a573a2f725ac1bbc/elements - {"using":"xpath","value":"//button[@data-kt=\"provideButton\"]"}
RESULT: {"using":"xpath","value":"//button[@data-kt=\"provideButton\"]"}
COMMAND: POST /session/9d48326ae870b5d3a573a2f725ac1bbc/elements - {"using":"xpath","value":"//button[@data-kt=\"provideButton\"]"}
RESULT: {"using":"xpath","value":"//button[@data-kt=\"provideButton\"]"}
COMMAND: POST /session/9d48326ae870b5d3a573a2f725ac1bbc/elements - {"using":"xpath","value":"//button[@data-kt=\"provideButton\"]"}
RESULT: {"using":"xpath","value":"//button[@data-kt=\"provideButton\"]"}
COMMAND: POST /session/9d48326ae870b5d3a573a2f725ac1bbc/elements - {"using":"xpath","value":"//button[@data-kt=\"provideButton\"]"}
RESULT: {"using":"xpath","value":"//button[@data-kt=\"provideButton\"]"}
COMMAND: POST /session/9d48326ae870b5d3a573a2f725ac1bbc/elements - {"using":"xpath","value":"//button[@data-kt=\"provideButton\"]"}
RESULT: {"using":"xpath","value":"//button[@data-kt=\"provideButton\"]"}
COMMAND: POST /session/9d48326ae870b5d3a573a2f725ac1bbc/elements - {"using":"xpath","value":"//button[@data-kt=\"provideButton\"]"}
RESULT: {"using":"xpath","value":"//button[@data-kt=\"provideButton\"]"}
COMMAND: POST /session/9d48326ae870b5d3a573a2f725ac1bbc/elements - {"using":"xpath","value":"//button[@data-kt=\"provideButton\"]"}
RESULT: {"using":"xpath","value":"//button[@data-kt=\"provideButton\"]"}
COMMAND: POST /session/9d48326ae870b5d3a573a2f725ac1bbc/elements - {"using":"xpath","value":"//button[@data-kt=\"provideButton\"]"}
RESULT: {"using":"xpath","value":"//button[@data-kt=\"provideButton\"]"}
COMMAND: POST /session/9d48326ae870b5d3a573a2f725ac1bbc/elements - {"using":"xpath","value":"//button[@data-kt=\"provideButton\"]"}
RESULT: {"using":"xpath","value":"//button[@data-kt=\"provideButton\"]"}
COMMAND: POST /session/9d48326ae870b5d3a573a2f725ac1bbc/elements - {"using":"xpath","value":"//button[@data-kt=\"provideButton\"]"}
RESULT: {"using":"xpath","value":"//button[@data-kt=\"provideButton\"]"}
COMMAND: POST /session/9d48326ae870b5d3a573a2f725ac1bbc/elements - {"using":"xpath","value":"//button[@data-kt=\"provideButton\"]"}
RESULT: {"using":"xpath","value":"//button[@data-kt=\"provideButton\"]"}
COMMAND: POST /session/9d48326ae870b5d3a573a2f725ac1bbc/elements - {"using":"xpath","value":"//button[@data-kt=\"provideButton\"]"}
RESULT: {"using":"xpath","value":"//button[@data-kt=\"provideButton\"]"}
COMMAND: POST /session/9d48326ae870b5d3a573a2f725ac1bbc/elements - {"using":"xpath","value":"//button[@data-kt=\"provideButton\"]"}
RESULT: {"using":"xpath","value":"//button[@data-kt=\"provideButton\"]"}
COMMAND: POST /session/9d48326ae870b5d3a573a2f725ac1bbc/elements - {"using":"xpath","value":"//button[@data-kt=\"provideButton\"]"}
RESULT: {"using":"xpath","value":"//button[@data-kt=\"provideButton\"]"}
COMMAND: POST /session/9d48326ae870b5d3a573a2f725ac1bbc/elements - {"using":"xpath","value":"//button[@data-kt=\"provideButton\"]"}
RESULT: {"using":"xpath","value":"//button[@data-kt=\"provideButton\"]"}
COMMAND: POST /session/9d48326ae870b5d3a573a2f725ac1bbc/elements - {"using":"xpath","value":"//button[@data-kt=\"provideButton\"]"}
RESULT: {"using":"xpath","value":"//button[@data-kt=\"provideButton\"]"}
COMMAND: POST /session/9d48326ae870b5d3a573a2f725ac1bbc/elements - {"using":"xpath","value":"//button[@data-kt=\"provideButton\"]"}
RESULT: {"using":"xpath","value":"//button[@data-kt=\"provideButton\"]"}
COMMAND: POST /session/9d48326ae870b5d3a573a2f725ac1bbc/elements - {"using":"xpath","value":"//button[@data-kt=\"provideButton\"]"}
RESULT: {"using":"xpath","value":"//button[@data-kt=\"provideButton\"]"}
COMMAND: POST /session/9d48326ae870b5d3a573a2f725ac1bbc/elements - {"using":"xpath","value":"//button[@data-kt=\"provideButton\"]"}
RESULT: {"using":"xpath","value":"//button[@data-kt=\"provideButton\"]"}
COMMAND: POST /session/9d48326ae870b5d3a573a2f725ac1bbc/elements - {"using":"xpath","value":"//button[@data-kt=\"provideButton\"]"}
RESULT: {"using":"xpath","value":"//button[@data-kt=\"provideButton\"]"}
COMMAND: POST /session/9d48326ae870b5d3a573a2f725ac1bbc/elements - {"using":"xpath","value":"//button[@data-kt=\"provideButton\"]"}
RESULT: {"using":"xpath","value":"//button[@data-kt=\"provideButton\"]"}
COMMAND: POST /session/9d48326ae870b5d3a573a2f725ac1bbc/elements - {"using":"xpath","value":"//button[@data-kt=\"provideButton\"]"}
RESULT: {"using":"xpath","value":"//button[@data-kt=\"provideButton\"]"}
COMMAND: POST /session/9d48326ae870b5d3a573a2f725ac1bbc/elements - {"using":"xpath","value":"//button[@data-kt=\"provideButton\"]"}
RESULT: {"using":"xpath","value":"//button[@data-kt=\"provideButton\"]"}
COMMAND: POST /session/9d48326ae870b5d3a573a2f725ac1bbc/elements - {"using":"xpath","value":"//button[@data-kt=\"provideButton\"]"}
RESULT: {"using":"xpath","value":"//button[@data-kt=\"provideButton\"]"}
COMMAND: POST /session/9d48326ae870b5d3a573a2f725ac1bbc/elements - {"using":"xpath","value":"//button[@data-kt=\"provideButton\"]"}
RESULT: {"using":"xpath","value":"//button[@data-kt=\"provideButton\"]"}
COMMAND: POST /session/9d48326ae870b5d3a573a2f725ac1bbc/elements - {"using":"xpath","value":"//button[@data-kt=\"provideButton\"]"}
RESULT: {"using":"xpath","value":"//button[@data-kt=\"provideButton\"]"}
COMMAND: POST /session/9d48326ae870b5d3a573a2f725ac1bbc/elements - {"using":"xpath","value":"//button[@data-kt=\"provideButton\"]"}
RESULT: {"using":"xpath","value":"//button[@data-kt=\"provideButton\"]"}
COMMAND: POST /session/9d48326ae870b5d3a573a2f725ac1bbc/elements - {"using":"xpath","value":"//button[@data-kt=\"provideButton\"]"}
RESULT: {"using":"xpath","value":"//button[@data-kt=\"provideButton\"]"}
COMMAND: POST /session/9d48326ae870b5d3a573a2f725ac1bbc/elements - {"using":"xpath","value":"//button[@data-kt=\"provideButton\"]"}
RESULT: {"using":"xpath","value":"//button[@data-kt=\"provideButton\"]"}
COMMAND: POST /session/9d48326ae870b5d3a573a2f725ac1bbc/elements - {"using":"xpath","value":"//button[@data-kt=\"provideButton\"]"}
RESULT: {"using":"xpath","value":"//button[@data-kt=\"provideButton\"]"}
COMMAND: POST /session/9d48326ae870b5d3a573a2f725ac1bbc/elements - {"using":"xpath","value":"//button[@data-kt=\"provideButton\"]"}
RESULT: {"using":"xpath","value":"//button[@data-kt=\"provideButton\"]"}
COMMAND: POST /session/9d48326ae870b5d3a573a2f725ac1bbc/elements - {"using":"xpath","value":"//button[@data-kt=\"provideButton\"]"}
RESULT: {"using":"xpath","value":"//button[@data-kt=\"provideButton\"]"}
COMMAND: POST /session/9d48326ae870b5d3a573a2f725ac1bbc/elements - {"using":"xpath","value":"//button[@data-kt=\"provideButton\"]"}
RESULT: {"using":"xpath","value":"//button[@data-kt=\"provideButton\"]"}
COMMAND: POST /session/9d48326ae870b5d3a573a2f725ac1bbc/elements - {"using":"xpath","value":"//button[@data-kt=\"provideButton\"]"}
RESULT: {"using":"xpath","value":"//button[@data-kt=\"provideButton\"]"}
COMMAND: POST /session/9d48326ae870b5d3a573a2f725ac1bbc/elements - {"using":"xpath","value":"//button[@data-kt=\"provideButton\"]"}
RESULT: {"using":"xpath","value":"//button[@data-kt=\"provideButton\"]"}
COMMAND: POST /session/9d48326ae870b5d3a573a2f725ac1bbc/elements - {"using":"xpath","value":"//button[@data-kt=\"provideButton\"]"}
RESULT: {"using":"xpath","value":"//button[@data-kt=\"provideButton\"]"}
COMMAND: POST /session/9d48326ae870b5d3a573a2f725ac1bbc/elements - {"using":"xpath","value":"//button[@data-kt=\"provideButton\"]"}
RESULT: {"using":"xpath","value":"//button[@data-kt=\"provideButton\"]"}
COMMAND: POST /session/9d48326ae870b5d3a573a2f725ac1bbc/elements - {"using":"xpath","value":"//button[@data-kt=\"provideButton\"]"}
RESULT: {"using":"xpath","value":"//button[@data-kt=\"provideButton\"]"}
COMMAND: POST /session/9d48326ae870b5d3a573a2f725ac1bbc/elements - {"using":"xpath","value":"//button[@data-kt=\"provideButton\"]"}
RESULT: {"using":"xpath","value":"//button[@data-kt=\"provideButton\"]"}
COMMAND: POST /session/9d48326ae870b5d3a573a2f725ac1bbc/elements - {"using":"xpath","value":"//button[@data-kt=\"provideButton\"]"}
RESULT: {"using":"xpath","value":"//button[@data-kt=\"provideButton\"]"}
COMMAND: POST /session/9d48326ae870b5d3a573a2f725ac1bbc/elements - {"using":"xpath","value":"//button[@data-kt=\"provideButton\"]"}
RESULT: {"using":"xpath","value":"//button[@data-kt=\"provideButton\"]"}
COMMAND: POST /session/9d48326ae870b5d3a573a2f725ac1bbc/elements - {"using":"xpath","value":"//button[@data-kt=\"provideButton\"]"}
RESULT: {"using":"xpath","value":"//button[@data-kt=\"provideButton\"]"}
COMMAND: POST /session/9d48326ae870b5d3a573a2f725ac1bbc/elements - {"using":"xpath","value":"//button[@data-kt=\"provideButton\"]"}
RESULT: {"using":"xpath","value":"//button[@data-kt=\"provideButton\"]"}
COMMAND: POST /session/9d48326ae870b5d3a573a2f725ac1bbc/elements - {"using":"xpath","value":"//button[@data-kt=\"provideButton\"]"}
RESULT: {"using":"xpath","value":"//button[@data-kt=\"provideButton\"]"}
COMMAND: POST /session/9d48326ae870b5d3a573a2f725ac1bbc/elements - {"using":"xpath","value":"//button[@data-kt=\"provideButton\"]"}
RESULT: {"using":"xpath","value":"//button[@data-kt=\"provideButton\"]"}
COMMAND: POST /session/9d48326ae870b5d3a573a2f725ac1bbc/elements - {"using":"xpath","value":"//button[@data-kt=\"provideButton\"]"}
RESULT: {"using":"xpath","value":"//button[@data-kt=\"provideButton\"]"}
COMMAND: POST /session/9d48326ae870b5d3a573a2f725ac1bbc/elements - {"using":"xpath","value":"//button[@data-kt=\"provideButton\"]"}
RESULT: {"using":"xpath","value":"//button[@data-kt=\"provideButton\"]"}
COMMAND: POST /session/9d48326ae870b5d3a573a2f725ac1bbc/elements - {"using":"xpath","value":"//button[@data-kt=\"provideButton\"]"}
RESULT: {"using":"xpath","value":"//button[@data-kt=\"provideButton\"]"}
COMMAND: POST /session/9d48326ae870b5d3a573a2f725ac1bbc/elements - {"using":"xpath","value":"//button[@data-kt=\"provideButton\"]"}
RESULT: {"using":"xpath","value":"//button[@data-kt=\"provideButton\"]"}
COMMAND: POST /session/9d48326ae870b5d3a573a2f725ac1bbc/elements - {"using":"xpath","value":"//button[@data-kt=\"provideButton\"]"}
RESULT: {"using":"xpath","value":"//button[@data-kt=\"provideButton\"]"}
COMMAND: POST /session/9d48326ae870b5d3a573a2f725ac1bbc/elements - {"using":"xpath","value":"//button[@data-kt=\"provideButton\"]"}
RESULT: {"using":"xpath","value":"//button[@data-kt=\"provideButton\"]"}
COMMAND: POST /session/9d48326ae870b5d3a573a2f725ac1bbc/elements - {"using":"xpath","value":"//button[@data-kt=\"provideButton\"]"}
RESULT: {"using":"xpath","value":"//button[@data-kt=\"provideButton\"]"}
COMMAND: POST /session/9d48326ae870b5d3a573a2f725ac1bbc/elements - {"using":"xpath","value":"//button[@data-kt=\"provideButton\"]"}
RESULT: {"using":"xpath","value":"//button[@data-kt=\"provideButton\"]"}
COMMAND: POST /session/9d48326ae870b5d3a573a2f725ac1bbc/elements - {"using":"xpath","value":"//button[@data-kt=\"provideButton\"]"}
RESULT: {"using":"xpath","value":"//button[@data-kt=\"provideButton\"]"}
COMMAND: POST /session/9d48326ae870b5d3a573a2f725ac1bbc/elements - {"using":"xpath","value":"//button[@data-kt=\"provideButton\"]"}
RESULT: {"using":"xpath","value":"//button[@data-kt=\"provideButton\"]"}
COMMAND: POST /session/9d48326ae870b5d3a573a2f725ac1bbc/elements - {"using":"xpath","value":"//button[@data-kt=\"provideButton\"]"}
RESULT: {"using":"xpath","value":"//button[@data-kt=\"provideButton\"]"}
COMMAND: POST /session/9d48326ae870b5d3a573a2f725ac1bbc/elements - {"using":"xpath","value":"//button[@data-kt=\"provideButton\"]"}
RESULT: {"using":"xpath","value":"//button[@data-kt=\"provideButton\"]"}
COMMAND: POST /session/9d48326ae870b5d3a573a2f725ac1bbc/elements - {"using":"xpath","value":"//button[@data-kt=\"provideButton\"]"}
RESULT: {"using":"xpath","value":"//button[@data-kt=\"provideButton\"]"}
COMMAND: POST /session/9d48326ae870b5d3a573a2f725ac1bbc/elements - {"using":"xpath","value":"//button[@data-kt=\"provideButton\"]"}
RESULT: {"using":"xpath","value":"//button[@data-kt=\"provideButton\"]"}
COMMAND: POST /session/9d48326ae870b5d3a573a2f725ac1bbc/elements - {"using":"xpath","value":"//button[@data-kt=\"provideButton\"]"}
RESULT: {"using":"xpath","value":"//button[@data-kt=\"provideButton\"]"}
COMMAND: POST /session/9d48326ae870b5d3a573a2f725ac1bbc/elements - {"using":"xpath","value":"//button[@data-kt=\"provideButton\"]"}
RESULT: {"using":"xpath","value":"//button[@data-kt=\"provideButton\"]"}
COMMAND: POST /session/9d48326ae870b5d3a573a2f725ac1bbc/elements - {"using":"xpath","value":"//button[@data-kt=\"provideButton\"]"}
RESULT: {"using":"xpath","value":"//button[@data-kt=\"provideButton\"]"}
COMMAND: POST /session/9d48326ae870b5d3a573a2f725ac1bbc/elements - {"using":"xpath","value":"//button[@data-kt=\"provideButton\"]"}
RESULT: {"using":"xpath","value":"//button[@data-kt=\"provideButton\"]"}
COMMAND: POST /session/9d48326ae870b5d3a573a2f725ac1bbc/elements - {"using":"xpath","value":"//button[@data-kt=\"provideButton\"]"}
RESULT: {"using":"xpath","value":"//button[@data-kt=\"provideButton\"]"}
COMMAND: POST /session/9d48326ae870b5d3a573a2f725ac1bbc/elements - {"using":"xpath","value":"//button[@data-kt=\"provideButton\"]"}
RESULT: {"using":"xpath","value":"//button[@data-kt=\"provideButton\"]"}
COMMAND: POST /session/9d48326ae870b5d3a573a2f725ac1bbc/elements - {"using":"xpath","value":"//button[@data-kt=\"provideButton\"]"}
RESULT: {"using":"xpath","value":"//button[@data-kt=\"provideButton\"]"}
COMMAND: POST /session/9d48326ae870b5d3a573a2f725ac1bbc/elements - {"using":"xpath","value":"//button[@data-kt=\"provideButton\"]"}
RESULT: {"using":"xpath","value":"//button[@data-kt=\"provideButton\"]"}
COMMAND: POST /session/9d48326ae870b5d3a573a2f725ac1bbc/elements - {"using":"xpath","value":"//button[@data-kt=\"provideButton\"]"}
RESULT: {"using":"xpath","value":"//button[@data-kt=\"provideButton\"]"}
COMMAND: POST /session/9d48326ae870b5d3a573a2f725ac1bbc/elements - {"using":"xpath","value":"//button[@data-kt=\"provideButton\"]"}
RESULT: {"using":"xpath","value":"//button[@data-kt=\"provideButton\"]"}
COMMAND: POST /session/9d48326ae870b5d3a573a2f725ac1bbc/elements - {"using":"xpath","value":"//button[@data-kt=\"provideButton\"]"}
RESULT: {"using":"xpath","value":"//button[@data-kt=\"provideButton\"]"}
COMMAND: POST /session/9d48326ae870b5d3a573a2f725ac1bbc/elements - {"using":"xpath","value":"//button[@data-kt=\"provideButton\"]"}
RESULT: {"using":"xpath","value":"//button[@data-kt=\"provideButton\"]"}
COMMAND: POST /session/9d48326ae870b5d3a573a2f725ac1bbc/elements - {"using":"xpath","value":"//button[@data-kt=\"provideButton\"]"}
RESULT: {"using":"xpath","value":"//button[@data-kt=\"provideButton\"]"}
COMMAND: POST /session/9d48326ae870b5d3a573a2f725ac1bbc/elements - {"using":"xpath","value":"//button[@data-kt=\"provideButton\"]"}
RESULT: {"using":"xpath","value":"//button[@data-kt=\"provideButton\"]"}
COMMAND: POST /session/9d48326ae870b5d3a573a2f725ac1bbc/elements - {"using":"xpath","value":"//button[@data-kt=\"provideButton\"]"}
RESULT: {"using":"xpath","value":"//button[@data-kt=\"provideButton\"]"}
COMMAND: POST /session/9d48326ae870b5d3a573a2f725ac1bbc/elements - {"using":"xpath","value":"//button[@data-kt=\"provideButton\"]"}
RESULT: {"using":"xpath","value":"//button[@data-kt=\"provideButton\"]"}
COMMAND: POST /session/9d48326ae870b5d3a573a2f725ac1bbc/elements - {"using":"xpath","value":"//button[@data-kt=\"provideButton\"]"}
RESULT: {"using":"xpath","value":"//button[@data-kt=\"provideButton\"]"}
COMMAND: POST /session/9d48326ae870b5d3a573a2f725ac1bbc/elements - {"using":"xpath","value":"//button[@data-kt=\"provideButton\"]"}
RESULT: {"using":"xpath","value":"//button[@data-kt=\"provideButton\"]"}
COMMAND: POST /session/9d48326ae870b5d3a573a2f725ac1bbc/elements - {"using":"xpath","value":"//button[@data-kt=\"provideButton\"]"}
RESULT: {"using":"xpath","value":"//button[@data-kt=\"provideButton\"]"}
COMMAND: POST /session/9d48326ae870b5d3a573a2f725ac1bbc/elements - {"using":"xpath","value":"//button[@data-kt=\"provideButton\"]"}
RESULT: {"using":"xpath","value":"//button[@data-kt=\"provideButton\"]"}
COMMAND: POST /session/9d48326ae870b5d3a573a2f725ac1bbc/elements - {"using":"xpath","value":"//button[@data-kt=\"provideButton\"]"}
RESULT: {"using":"xpath","value":"//button[@data-kt=\"provideButton\"]"}
COMMAND: POST /session/9d48326ae870b5d3a573a2f725ac1bbc/elements - {"using":"xpath","value":"//button[@data-kt=\"provideButton\"]"}
RESULT: {"using":"xpath","value":"//button[@data-kt=\"provideButton\"]"}
COMMAND: POST /session/9d48326ae870b5d3a573a2f725ac1bbc/elements - {"using":"xpath","value":"//button[@data-kt=\"provideButton\"]"}
RESULT: {"using":"xpath","value":"//button[@data-kt=\"provideButton\"]"}
COMMAND: POST /session/9d48326ae870b5d3a573a2f725ac1bbc/elements - {"using":"xpath","value":"//button[@data-kt=\"provideButton\"]"}
RESULT: {"using":"xpath","value":"//button[@data-kt=\"provideButton\"]"}
COMMAND: POST /session/9d48326ae870b5d3a573a2f725ac1bbc/elements - {"using":"xpath","value":"//button[@data-kt=\"provideButton\"]"}
RESULT: {"using":"xpath","value":"//button[@data-kt=\"provideButton\"]"}
COMMAND: POST /session/9d48326ae870b5d3a573a2f725ac1bbc/elements - {"using":"xpath","value":"//button[@data-kt=\"provideButton\"]"}
RESULT: {"using":"xpath","value":"//button[@data-kt=\"provideButton\"]"}
COMMAND: POST /session/9d48326ae870b5d3a573a2f725ac1bbc/elements - {"using":"xpath","value":"//button[@data-kt=\"provideButton\"]"}
RESULT: {"using":"xpath","value":"//button[@data-kt=\"provideButton\"]"}
COMMAND: POST /session/9d48326ae870b5d3a573a2f725ac1bbc/elements - {"using":"xpath","value":"//button[@data-kt=\"provideButton\"]"}
RESULT: {"using":"xpath","value":"//button[@data-kt=\"provideButton\"]"}
COMMAND: POST /session/9d48326ae870b5d3a573a2f725ac1bbc/elements - {"using":"xpath","value":"//button[@data-kt=\"provideButton\"]"}
RESULT: {"using":"xpath","value":"//button[@data-kt=\"provideButton\"]"}
COMMAND: POST /session/9d48326ae870b5d3a573a2f725ac1bbc/elements - {"using":"xpath","value":"//button[@data-kt=\"provideButton\"]"}
RESULT: {"using":"xpath","value":"//button[@data-kt=\"provideButton\"]"}
COMMAND: POST /session/9d48326ae870b5d3a573a2f725ac1bbc/elements - {"using":"xpath","value":"//button[@data-kt=\"provideButton\"]"}
RESULT: {"using":"xpath","value":"//button[@data-kt=\"provideButton\"]"}
COMMAND: POST /session/9d48326ae870b5d3a573a2f725ac1bbc/elements - {"using":"xpath","value":"//button[@data-kt=\"provideButton\"]"}
RESULT: {"using":"xpath","value":"//button[@data-kt=\"provideButton\"]"}
COMMAND: POST /session/9d48326ae870b5d3a573a2f725ac1bbc/elements - {"using":"xpath","value":"//button[@data-kt=\"provideButton\"]"}
RESULT: {"using":"xpath","value":"//button[@data-kt=\"provideButton\"]"}
COMMAND: POST /session/9d48326ae870b5d3a573a2f725ac1bbc/elements - {"using":"xpath","value":"//button[@data-kt=\"provideButton\"]"}
RESULT: {"using":"xpath","value":"//button[@data-kt=\"provideButton\"]"}
COMMAND: POST /session/9d48326ae870b5d3a573a2f725ac1bbc/elements - {"using":"xpath","value":"//button[@data-kt=\"provideButton\"]"}
RESULT: {"using":"xpath","value":"//button[@data-kt=\"provideButton\"]"}
COMMAND: POST /session/9d48326ae870b5d3a573a2f725ac1bbc/elements - {"using":"xpath","value":"//button[@data-kt=\"provideButton\"]"}
RESULT: {"using":"xpath","value":"//button[@data-kt=\"provideButton\"]"}
COMMAND: POST /session/9d48326ae870b5d3a573a2f725ac1bbc/elements - {"using":"xpath","value":"//button[@data-kt=\"provideButton\"]"}
RESULT: {"using":"xpath","value":"//button[@data-kt=\"provideButton\"]"}
COMMAND: POST /session/9d48326ae870b5d3a573a2f725ac1bbc/elements - {"using":"xpath","value":"//button[@data-kt=\"provideButton\"]"}
RESULT: {"using":"xpath","value":"//button[@data-kt=\"provideButton\"]"}
COMMAND: POST /session/9d48326ae870b5d3a573a2f725ac1bbc/elements - {"using":"xpath","value":"//button[@data-kt=\"provideButton\"]"}
RESULT: {"using":"xpath","value":"//button[@data-kt=\"provideButton\"]"}
COMMAND: POST /session/9d48326ae870b5d3a573a2f725ac1bbc/elements - {"using":"xpath","value":"//button[@data-kt=\"provideButton\"]"}
RESULT: {"using":"xpath","value":"//button[@data-kt=\"provideButton\"]"}
COMMAND: POST /session/9d48326ae870b5d3a573a2f725ac1bbc/elements - {"using":"xpath","value":"//button[@data-kt=\"provideButton\"]"}
RESULT: {"using":"xpath","value":"//button[@data-kt=\"provideButton\"]"}
COMMAND: POST /session/9d48326ae870b5d3a573a2f725ac1bbc/elements - {"using":"xpath","value":"//button[@data-kt=\"provideButton\"]"}
RESULT: {"using":"xpath","value":"//button[@data-kt=\"provideButton\"]"}
COMMAND: POST /session/9d48326ae870b5d3a573a2f725ac1bbc/elements - {"using":"xpath","value":"//button[@data-kt=\"provideButton\"]"}
RESULT: {"using":"xpath","value":"//button[@data-kt=\"provideButton\"]"}
COMMAND: POST /session/9d48326ae870b5d3a573a2f725ac1bbc/elements - {"using":"xpath","value":"//button[@data-kt=\"provideButton\"]"}
RESULT: {"using":"xpath","value":"//button[@data-kt=\"provideButton\"]"}
COMMAND: POST /session/9d48326ae870b5d3a573a2f725ac1bbc/elements - {"using":"xpath","value":"//button[@data-kt=\"provideButton\"]"}
RESULT: {"using":"xpath","value":"//button[@data-kt=\"provideButton\"]"}
COMMAND: POST /session/9d48326ae870b5d3a573a2f725ac1bbc/elements - {"using":"xpath","value":"//button[@data-kt=\"provideButton\"]"}
RESULT: {"using":"xpath","value":"//button[@data-kt=\"provideButton\"]"}
COMMAND: POST /session/9d48326ae870b5d3a573a2f725ac1bbc/elements - {"using":"xpath","value":"//button[@data-kt=\"provideButton\"]"}
RESULT: {"using":"xpath","value":"//button[@data-kt=\"provideButton\"]"}
COMMAND: POST /session/9d48326ae870b5d3a573a2f725ac1bbc/elements - {"using":"xpath","value":"//button[@data-kt=\"provideButton\"]"}
RESULT: {"using":"xpath","value":"//button[@data-kt=\"provideButton\"]"}
COMMAND: POST /session/9d48326ae870b5d3a573a2f725ac1bbc/elements - {"using":"xpath","value":"//button[@data-kt=\"provideButton\"]"}
RESULT: {"using":"xpath","value":"//button[@data-kt=\"provideButton\"]"}
COMMAND: POST /session/9d48326ae870b5d3a573a2f725ac1bbc/elements - {"using":"xpath","value":"//button[@data-kt=\"provideButton\"]"}
RESULT: {"using":"xpath","value":"//button[@data-kt=\"provideButton\"]"}
COMMAND: POST /session/9d48326ae870b5d3a573a2f725ac1bbc/elements - {"using":"xpath","value":"//button[@data-kt=\"provideButton\"]"}
RESULT: {"using":"xpath","value":"//button[@data-kt=\"provideButton\"]"}
COMMAND: POST /session/9d48326ae870b5d3a573a2f725ac1bbc/elements - {"using":"xpath","value":"//button[@data-kt=\"provideButton\"]"}
RESULT: {"using":"xpath","value":"//button[@data-kt=\"provideButton\"]"}
COMMAND: POST /session/9d48326ae870b5d3a573a2f725ac1bbc/elements - {"using":"xpath","value":"//button[@data-kt=\"provideButton\"]"}
RESULT: {"using":"xpath","value":"//button[@data-kt=\"provideButton\"]"}
COMMAND: POST /session/9d48326ae870b5d3a573a2f725ac1bbc/elements - {"using":"xpath","value":"//button[@data-kt=\"provideButton\"]"}
RESULT: {"using":"xpath","value":"//button[@data-kt=\"provideButton\"]"}
COMMAND: POST /session/9d48326ae870b5d3a573a2f725ac1bbc/elements - {"using":"xpath","value":"//button[@data-kt=\"provideButton\"]"}
RESULT: {"using":"xpath","value":"//button[@data-kt=\"provideButton\"]"}
COMMAND: POST /session/9d48326ae870b5d3a573a2f725ac1bbc/elements - {"using":"xpath","value":"//button[@data-kt=\"provideButton\"]"}
RESULT: {"using":"xpath","value":"//button[@data-kt=\"provideButton\"]"}
COMMAND: POST /session/9d48326ae870b5d3a573a2f725ac1bbc/elements - {"using":"xpath","value":"//button[@data-kt=\"provideButton\"]"}
RESULT: {"using":"xpath","value":"//button[@data-kt=\"provideButton\"]"}
COMMAND: POST /session/9d48326ae870b5d3a573a2f725ac1bbc/elements - {"using":"xpath","value":"//button[@data-kt=\"provideButton\"]"}
RESULT: {"using":"xpath","value":"//button[@data-kt=\"provideButton\"]"}
COMMAND: GET /session/9d48326ae870b5d3a573a2f725ac1bbc/screenshot - {}
RESULT: {}
]]></system-out>
      <system-err><![CDATA[
Error: Can't call click on element with selector "//button[@data-kt="provideButton"]" because element wasn't found
    at async UtilsPrerequisites.provideToSiteHandoverFromContractDetails (D:\a\1\s\test\specs\BTS\prerequisites-and-utils-functions.js:1949:9)
    at async Context.<anonymous> (D:\a\1\s\test\specs\BTS\billing-transfer-intracompany.spec.js:69:9)
]]></system-err>
    </testcase>
    <testcase classname="chrome.136_0_7103_93.windows.Billing_Transfer_-_Intracompany_US127249" name="Should go navigate to Manage Billings and trigger contract calculation check result" time="80.664">
      <failure/>
      <error message="Can't call click on element with selector &quot;//td[@aria-colindex=&quot;1&quot;]/div/div[contains(@class, &quot;sapMCbBg&quot;)]&quot; because element wasn't found"/>
      <system-out><![CDATA[
COMMAND: POST /session/9d48326ae870b5d3a573a2f725ac1bbc/execute/async - {"script":"<script> [1562 bytes]","args":[{"selector":{"controlType":"sap.m.GenericTile","properties":{"header":"Manage Billings"}},"wdio_ui5_key":"sapm.GenericTile{\"header\":\"Manage Billings\"}"}]}
COMMAND: GET /session/9d48326ae870b5d3a573a2f725ac1bbc/screenshot - {}
RESULT: {"script":"<script> [1562 bytes]","args":[{"selector":{"controlType":"sap.m.GenericTile","properties":{"header":"Manage Billings"}},"wdio_ui5_key":"sapm.GenericTile{\"header\":\"Manage Billings\"}"}]}
RESULT: undefined
RESULT: {}
COMMAND: POST /session/9d48326ae870b5d3a573a2f725ac1bbc/elements - {"using":"xpath","value":"//span[text()='Error']"}
RESULT: {"using":"xpath","value":"//span[text()='Error']"}
COMMAND: POST /session/9d48326ae870b5d3a573a2f725ac1bbc/execute/async - {"script":"<script> [1562 bytes]","args":[{"selector":{"id":"application-managebillings-display-component---billRunCalcResult--smartFilterBar-btnBasicSearch","interaction":{"idSuffix":"I"}},"wdio_ui5_key":"applicationmanagebillings-display-component---billRunCalcResult--smartFilterBar-btnBasicSearch"}]}
RESULT: {"script":"<script> [1562 bytes]","args":[{"selector":{"id":"application-managebillings-display-component---billRunCalcResult--smartFilterBar-btnBasicSearch","interaction":{"idSuffix":"I"}},"wdio_ui5_key":"applicationmanagebillings-display-component---billRunCalcResult--smartFilterBar-btnBasicSearch"}]}
RESULT: undefined
COMMAND: POST /session/9d48326ae870b5d3a573a2f725ac1bbc/actions - {"actions":[{"id":"action34","type":"key","parameters":{},"actions":[{"type":"keyDown","value":""},{"type":"pause","duration":10},{"type":"keyUp","value":""}]}]}
RESULT: {"actions":[{"id":"action34","type":"key","parameters":{},"actions":[{"type":"keyDown","value":""},{"type":"pause","duration":10},{"type":"keyUp","value":""}]}]}
COMMAND: GET /session/9d48326ae870b5d3a573a2f725ac1bbc/screenshot - {}
RESULT: {}
COMMAND: POST /session/9d48326ae870b5d3a573a2f725ac1bbc/element - {"using":"xpath","value":"//td[@aria-colindex=\"1\"]/div/div[contains(@class, \"sapMCbBg\")]"}
RESULT: {"using":"xpath","value":"//td[@aria-colindex=\"1\"]/div/div[contains(@class, \"sapMCbBg\")]"}
COMMAND: POST /session/9d48326ae870b5d3a573a2f725ac1bbc/elements - {"using":"xpath","value":"//td[@aria-colindex=\"1\"]/div/div[contains(@class, \"sapMCbBg\")]"}
RESULT: {"using":"xpath","value":"//td[@aria-colindex=\"1\"]/div/div[contains(@class, \"sapMCbBg\")]"}
COMMAND: POST /session/9d48326ae870b5d3a573a2f725ac1bbc/elements - {"using":"xpath","value":"//td[@aria-colindex=\"1\"]/div/div[contains(@class, \"sapMCbBg\")]"}
RESULT: {"using":"xpath","value":"//td[@aria-colindex=\"1\"]/div/div[contains(@class, \"sapMCbBg\")]"}
COMMAND: POST /session/9d48326ae870b5d3a573a2f725ac1bbc/elements - {"using":"xpath","value":"//td[@aria-colindex=\"1\"]/div/div[contains(@class, \"sapMCbBg\")]"}
RESULT: {"using":"xpath","value":"//td[@aria-colindex=\"1\"]/div/div[contains(@class, \"sapMCbBg\")]"}
COMMAND: POST /session/9d48326ae870b5d3a573a2f725ac1bbc/elements - {"using":"xpath","value":"//td[@aria-colindex=\"1\"]/div/div[contains(@class, \"sapMCbBg\")]"}
RESULT: {"using":"xpath","value":"//td[@aria-colindex=\"1\"]/div/div[contains(@class, \"sapMCbBg\")]"}
COMMAND: POST /session/9d48326ae870b5d3a573a2f725ac1bbc/elements - {"using":"xpath","value":"//td[@aria-colindex=\"1\"]/div/div[contains(@class, \"sapMCbBg\")]"}
RESULT: {"using":"xpath","value":"//td[@aria-colindex=\"1\"]/div/div[contains(@class, \"sapMCbBg\")]"}
COMMAND: POST /session/9d48326ae870b5d3a573a2f725ac1bbc/elements - {"using":"xpath","value":"//td[@aria-colindex=\"1\"]/div/div[contains(@class, \"sapMCbBg\")]"}
RESULT: {"using":"xpath","value":"//td[@aria-colindex=\"1\"]/div/div[contains(@class, \"sapMCbBg\")]"}
COMMAND: POST /session/9d48326ae870b5d3a573a2f725ac1bbc/elements - {"using":"xpath","value":"//td[@aria-colindex=\"1\"]/div/div[contains(@class, \"sapMCbBg\")]"}
RESULT: {"using":"xpath","value":"//td[@aria-colindex=\"1\"]/div/div[contains(@class, \"sapMCbBg\")]"}
COMMAND: POST /session/9d48326ae870b5d3a573a2f725ac1bbc/elements - {"using":"xpath","value":"//td[@aria-colindex=\"1\"]/div/div[contains(@class, \"sapMCbBg\")]"}
RESULT: {"using":"xpath","value":"//td[@aria-colindex=\"1\"]/div/div[contains(@class, \"sapMCbBg\")]"}
COMMAND: POST /session/9d48326ae870b5d3a573a2f725ac1bbc/elements - {"using":"xpath","value":"//td[@aria-colindex=\"1\"]/div/div[contains(@class, \"sapMCbBg\")]"}
RESULT: {"using":"xpath","value":"//td[@aria-colindex=\"1\"]/div/div[contains(@class, \"sapMCbBg\")]"}
COMMAND: POST /session/9d48326ae870b5d3a573a2f725ac1bbc/elements - {"using":"xpath","value":"//td[@aria-colindex=\"1\"]/div/div[contains(@class, \"sapMCbBg\")]"}
RESULT: {"using":"xpath","value":"//td[@aria-colindex=\"1\"]/div/div[contains(@class, \"sapMCbBg\")]"}
COMMAND: POST /session/9d48326ae870b5d3a573a2f725ac1bbc/elements - {"using":"xpath","value":"//td[@aria-colindex=\"1\"]/div/div[contains(@class, \"sapMCbBg\")]"}
RESULT: {"using":"xpath","value":"//td[@aria-colindex=\"1\"]/div/div[contains(@class, \"sapMCbBg\")]"}
COMMAND: POST /session/9d48326ae870b5d3a573a2f725ac1bbc/elements - {"using":"xpath","value":"//td[@aria-colindex=\"1\"]/div/div[contains(@class, \"sapMCbBg\")]"}
RESULT: {"using":"xpath","value":"//td[@aria-colindex=\"1\"]/div/div[contains(@class, \"sapMCbBg\")]"}
COMMAND: POST /session/9d48326ae870b5d3a573a2f725ac1bbc/elements - {"using":"xpath","value":"//td[@aria-colindex=\"1\"]/div/div[contains(@class, \"sapMCbBg\")]"}
RESULT: {"using":"xpath","value":"//td[@aria-colindex=\"1\"]/div/div[contains(@class, \"sapMCbBg\")]"}
COMMAND: POST /session/9d48326ae870b5d3a573a2f725ac1bbc/elements - {"using":"xpath","value":"//td[@aria-colindex=\"1\"]/div/div[contains(@class, \"sapMCbBg\")]"}
RESULT: {"using":"xpath","value":"//td[@aria-colindex=\"1\"]/div/div[contains(@class, \"sapMCbBg\")]"}
COMMAND: POST /session/9d48326ae870b5d3a573a2f725ac1bbc/elements - {"using":"xpath","value":"//td[@aria-colindex=\"1\"]/div/div[contains(@class, \"sapMCbBg\")]"}
RESULT: {"using":"xpath","value":"//td[@aria-colindex=\"1\"]/div/div[contains(@class, \"sapMCbBg\")]"}
COMMAND: POST /session/9d48326ae870b5d3a573a2f725ac1bbc/elements - {"using":"xpath","value":"//td[@aria-colindex=\"1\"]/div/div[contains(@class, \"sapMCbBg\")]"}
RESULT: {"using":"xpath","value":"//td[@aria-colindex=\"1\"]/div/div[contains(@class, \"sapMCbBg\")]"}
COMMAND: POST /session/9d48326ae870b5d3a573a2f725ac1bbc/elements - {"using":"xpath","value":"//td[@aria-colindex=\"1\"]/div/div[contains(@class, \"sapMCbBg\")]"}
RESULT: {"using":"xpath","value":"//td[@aria-colindex=\"1\"]/div/div[contains(@class, \"sapMCbBg\")]"}
COMMAND: POST /session/9d48326ae870b5d3a573a2f725ac1bbc/elements - {"using":"xpath","value":"//td[@aria-colindex=\"1\"]/div/div[contains(@class, \"sapMCbBg\")]"}
RESULT: {"using":"xpath","value":"//td[@aria-colindex=\"1\"]/div/div[contains(@class, \"sapMCbBg\")]"}
COMMAND: POST /session/9d48326ae870b5d3a573a2f725ac1bbc/elements - {"using":"xpath","value":"//td[@aria-colindex=\"1\"]/div/div[contains(@class, \"sapMCbBg\")]"}
RESULT: {"using":"xpath","value":"//td[@aria-colindex=\"1\"]/div/div[contains(@class, \"sapMCbBg\")]"}
COMMAND: POST /session/9d48326ae870b5d3a573a2f725ac1bbc/elements - {"using":"xpath","value":"//td[@aria-colindex=\"1\"]/div/div[contains(@class, \"sapMCbBg\")]"}
RESULT: {"using":"xpath","value":"//td[@aria-colindex=\"1\"]/div/div[contains(@class, \"sapMCbBg\")]"}
COMMAND: POST /session/9d48326ae870b5d3a573a2f725ac1bbc/elements - {"using":"xpath","value":"//td[@aria-colindex=\"1\"]/div/div[contains(@class, \"sapMCbBg\")]"}
RESULT: {"using":"xpath","value":"//td[@aria-colindex=\"1\"]/div/div[contains(@class, \"sapMCbBg\")]"}
COMMAND: POST /session/9d48326ae870b5d3a573a2f725ac1bbc/elements - {"using":"xpath","value":"//td[@aria-colindex=\"1\"]/div/div[contains(@class, \"sapMCbBg\")]"}
RESULT: {"using":"xpath","value":"//td[@aria-colindex=\"1\"]/div/div[contains(@class, \"sapMCbBg\")]"}
COMMAND: POST /session/9d48326ae870b5d3a573a2f725ac1bbc/elements - {"using":"xpath","value":"//td[@aria-colindex=\"1\"]/div/div[contains(@class, \"sapMCbBg\")]"}
RESULT: {"using":"xpath","value":"//td[@aria-colindex=\"1\"]/div/div[contains(@class, \"sapMCbBg\")]"}
COMMAND: POST /session/9d48326ae870b5d3a573a2f725ac1bbc/elements - {"using":"xpath","value":"//td[@aria-colindex=\"1\"]/div/div[contains(@class, \"sapMCbBg\")]"}
RESULT: {"using":"xpath","value":"//td[@aria-colindex=\"1\"]/div/div[contains(@class, \"sapMCbBg\")]"}
COMMAND: POST /session/9d48326ae870b5d3a573a2f725ac1bbc/elements - {"using":"xpath","value":"//td[@aria-colindex=\"1\"]/div/div[contains(@class, \"sapMCbBg\")]"}
RESULT: {"using":"xpath","value":"//td[@aria-colindex=\"1\"]/div/div[contains(@class, \"sapMCbBg\")]"}
COMMAND: POST /session/9d48326ae870b5d3a573a2f725ac1bbc/elements - {"using":"xpath","value":"//td[@aria-colindex=\"1\"]/div/div[contains(@class, \"sapMCbBg\")]"}
RESULT: {"using":"xpath","value":"//td[@aria-colindex=\"1\"]/div/div[contains(@class, \"sapMCbBg\")]"}
COMMAND: POST /session/9d48326ae870b5d3a573a2f725ac1bbc/elements - {"using":"xpath","value":"//td[@aria-colindex=\"1\"]/div/div[contains(@class, \"sapMCbBg\")]"}
RESULT: {"using":"xpath","value":"//td[@aria-colindex=\"1\"]/div/div[contains(@class, \"sapMCbBg\")]"}
COMMAND: POST /session/9d48326ae870b5d3a573a2f725ac1bbc/elements - {"using":"xpath","value":"//td[@aria-colindex=\"1\"]/div/div[contains(@class, \"sapMCbBg\")]"}
RESULT: {"using":"xpath","value":"//td[@aria-colindex=\"1\"]/div/div[contains(@class, \"sapMCbBg\")]"}
COMMAND: POST /session/9d48326ae870b5d3a573a2f725ac1bbc/elements - {"using":"xpath","value":"//td[@aria-colindex=\"1\"]/div/div[contains(@class, \"sapMCbBg\")]"}
RESULT: {"using":"xpath","value":"//td[@aria-colindex=\"1\"]/div/div[contains(@class, \"sapMCbBg\")]"}
COMMAND: POST /session/9d48326ae870b5d3a573a2f725ac1bbc/elements - {"using":"xpath","value":"//td[@aria-colindex=\"1\"]/div/div[contains(@class, \"sapMCbBg\")]"}
RESULT: {"using":"xpath","value":"//td[@aria-colindex=\"1\"]/div/div[contains(@class, \"sapMCbBg\")]"}
COMMAND: POST /session/9d48326ae870b5d3a573a2f725ac1bbc/elements - {"using":"xpath","value":"//td[@aria-colindex=\"1\"]/div/div[contains(@class, \"sapMCbBg\")]"}
RESULT: {"using":"xpath","value":"//td[@aria-colindex=\"1\"]/div/div[contains(@class, \"sapMCbBg\")]"}
COMMAND: POST /session/9d48326ae870b5d3a573a2f725ac1bbc/elements - {"using":"xpath","value":"//td[@aria-colindex=\"1\"]/div/div[contains(@class, \"sapMCbBg\")]"}
RESULT: {"using":"xpath","value":"//td[@aria-colindex=\"1\"]/div/div[contains(@class, \"sapMCbBg\")]"}
COMMAND: POST /session/9d48326ae870b5d3a573a2f725ac1bbc/elements - {"using":"xpath","value":"//td[@aria-colindex=\"1\"]/div/div[contains(@class, \"sapMCbBg\")]"}
RESULT: {"using":"xpath","value":"//td[@aria-colindex=\"1\"]/div/div[contains(@class, \"sapMCbBg\")]"}
COMMAND: POST /session/9d48326ae870b5d3a573a2f725ac1bbc/elements - {"using":"xpath","value":"//td[@aria-colindex=\"1\"]/div/div[contains(@class, \"sapMCbBg\")]"}
RESULT: {"using":"xpath","value":"//td[@aria-colindex=\"1\"]/div/div[contains(@class, \"sapMCbBg\")]"}
COMMAND: POST /session/9d48326ae870b5d3a573a2f725ac1bbc/elements - {"using":"xpath","value":"//td[@aria-colindex=\"1\"]/div/div[contains(@class, \"sapMCbBg\")]"}
RESULT: {"using":"xpath","value":"//td[@aria-colindex=\"1\"]/div/div[contains(@class, \"sapMCbBg\")]"}
COMMAND: POST /session/9d48326ae870b5d3a573a2f725ac1bbc/elements - {"using":"xpath","value":"//td[@aria-colindex=\"1\"]/div/div[contains(@class, \"sapMCbBg\")]"}
RESULT: {"using":"xpath","value":"//td[@aria-colindex=\"1\"]/div/div[contains(@class, \"sapMCbBg\")]"}
COMMAND: POST /session/9d48326ae870b5d3a573a2f725ac1bbc/elements - {"using":"xpath","value":"//td[@aria-colindex=\"1\"]/div/div[contains(@class, \"sapMCbBg\")]"}
RESULT: {"using":"xpath","value":"//td[@aria-colindex=\"1\"]/div/div[contains(@class, \"sapMCbBg\")]"}
COMMAND: POST /session/9d48326ae870b5d3a573a2f725ac1bbc/elements - {"using":"xpath","value":"//td[@aria-colindex=\"1\"]/div/div[contains(@class, \"sapMCbBg\")]"}
RESULT: {"using":"xpath","value":"//td[@aria-colindex=\"1\"]/div/div[contains(@class, \"sapMCbBg\")]"}
COMMAND: POST /session/9d48326ae870b5d3a573a2f725ac1bbc/elements - {"using":"xpath","value":"//td[@aria-colindex=\"1\"]/div/div[contains(@class, \"sapMCbBg\")]"}
RESULT: {"using":"xpath","value":"//td[@aria-colindex=\"1\"]/div/div[contains(@class, \"sapMCbBg\")]"}
COMMAND: POST /session/9d48326ae870b5d3a573a2f725ac1bbc/elements - {"using":"xpath","value":"//td[@aria-colindex=\"1\"]/div/div[contains(@class, \"sapMCbBg\")]"}
RESULT: {"using":"xpath","value":"//td[@aria-colindex=\"1\"]/div/div[contains(@class, \"sapMCbBg\")]"}
COMMAND: POST /session/9d48326ae870b5d3a573a2f725ac1bbc/elements - {"using":"xpath","value":"//td[@aria-colindex=\"1\"]/div/div[contains(@class, \"sapMCbBg\")]"}
RESULT: {"using":"xpath","value":"//td[@aria-colindex=\"1\"]/div/div[contains(@class, \"sapMCbBg\")]"}
COMMAND: POST /session/9d48326ae870b5d3a573a2f725ac1bbc/elements - {"using":"xpath","value":"//td[@aria-colindex=\"1\"]/div/div[contains(@class, \"sapMCbBg\")]"}
RESULT: {"using":"xpath","value":"//td[@aria-colindex=\"1\"]/div/div[contains(@class, \"sapMCbBg\")]"}
COMMAND: POST /session/9d48326ae870b5d3a573a2f725ac1bbc/elements - {"using":"xpath","value":"//td[@aria-colindex=\"1\"]/div/div[contains(@class, \"sapMCbBg\")]"}
RESULT: {"using":"xpath","value":"//td[@aria-colindex=\"1\"]/div/div[contains(@class, \"sapMCbBg\")]"}
COMMAND: POST /session/9d48326ae870b5d3a573a2f725ac1bbc/elements - {"using":"xpath","value":"//td[@aria-colindex=\"1\"]/div/div[contains(@class, \"sapMCbBg\")]"}
RESULT: {"using":"xpath","value":"//td[@aria-colindex=\"1\"]/div/div[contains(@class, \"sapMCbBg\")]"}
COMMAND: POST /session/9d48326ae870b5d3a573a2f725ac1bbc/elements - {"using":"xpath","value":"//td[@aria-colindex=\"1\"]/div/div[contains(@class, \"sapMCbBg\")]"}
RESULT: {"using":"xpath","value":"//td[@aria-colindex=\"1\"]/div/div[contains(@class, \"sapMCbBg\")]"}
COMMAND: POST /session/9d48326ae870b5d3a573a2f725ac1bbc/elements - {"using":"xpath","value":"//td[@aria-colindex=\"1\"]/div/div[contains(@class, \"sapMCbBg\")]"}
RESULT: {"using":"xpath","value":"//td[@aria-colindex=\"1\"]/div/div[contains(@class, \"sapMCbBg\")]"}
COMMAND: POST /session/9d48326ae870b5d3a573a2f725ac1bbc/elements - {"using":"xpath","value":"//td[@aria-colindex=\"1\"]/div/div[contains(@class, \"sapMCbBg\")]"}
RESULT: {"using":"xpath","value":"//td[@aria-colindex=\"1\"]/div/div[contains(@class, \"sapMCbBg\")]"}
COMMAND: POST /session/9d48326ae870b5d3a573a2f725ac1bbc/elements - {"using":"xpath","value":"//td[@aria-colindex=\"1\"]/div/div[contains(@class, \"sapMCbBg\")]"}
RESULT: {"using":"xpath","value":"//td[@aria-colindex=\"1\"]/div/div[contains(@class, \"sapMCbBg\")]"}
COMMAND: POST /session/9d48326ae870b5d3a573a2f725ac1bbc/elements - {"using":"xpath","value":"//td[@aria-colindex=\"1\"]/div/div[contains(@class, \"sapMCbBg\")]"}
RESULT: {"using":"xpath","value":"//td[@aria-colindex=\"1\"]/div/div[contains(@class, \"sapMCbBg\")]"}
COMMAND: POST /session/9d48326ae870b5d3a573a2f725ac1bbc/elements - {"using":"xpath","value":"//td[@aria-colindex=\"1\"]/div/div[contains(@class, \"sapMCbBg\")]"}
RESULT: {"using":"xpath","value":"//td[@aria-colindex=\"1\"]/div/div[contains(@class, \"sapMCbBg\")]"}
COMMAND: POST /session/9d48326ae870b5d3a573a2f725ac1bbc/elements - {"using":"xpath","value":"//td[@aria-colindex=\"1\"]/div/div[contains(@class, \"sapMCbBg\")]"}
RESULT: {"using":"xpath","value":"//td[@aria-colindex=\"1\"]/div/div[contains(@class, \"sapMCbBg\")]"}
COMMAND: POST /session/9d48326ae870b5d3a573a2f725ac1bbc/elements - {"using":"xpath","value":"//td[@aria-colindex=\"1\"]/div/div[contains(@class, \"sapMCbBg\")]"}
RESULT: {"using":"xpath","value":"//td[@aria-colindex=\"1\"]/div/div[contains(@class, \"sapMCbBg\")]"}
COMMAND: POST /session/9d48326ae870b5d3a573a2f725ac1bbc/elements - {"using":"xpath","value":"//td[@aria-colindex=\"1\"]/div/div[contains(@class, \"sapMCbBg\")]"}
RESULT: {"using":"xpath","value":"//td[@aria-colindex=\"1\"]/div/div[contains(@class, \"sapMCbBg\")]"}
COMMAND: POST /session/9d48326ae870b5d3a573a2f725ac1bbc/elements - {"using":"xpath","value":"//td[@aria-colindex=\"1\"]/div/div[contains(@class, \"sapMCbBg\")]"}
RESULT: {"using":"xpath","value":"//td[@aria-colindex=\"1\"]/div/div[contains(@class, \"sapMCbBg\")]"}
COMMAND: POST /session/9d48326ae870b5d3a573a2f725ac1bbc/elements - {"using":"xpath","value":"//td[@aria-colindex=\"1\"]/div/div[contains(@class, \"sapMCbBg\")]"}
RESULT: {"using":"xpath","value":"//td[@aria-colindex=\"1\"]/div/div[contains(@class, \"sapMCbBg\")]"}
COMMAND: POST /session/9d48326ae870b5d3a573a2f725ac1bbc/elements - {"using":"xpath","value":"//td[@aria-colindex=\"1\"]/div/div[contains(@class, \"sapMCbBg\")]"}
RESULT: {"using":"xpath","value":"//td[@aria-colindex=\"1\"]/div/div[contains(@class, \"sapMCbBg\")]"}
COMMAND: POST /session/9d48326ae870b5d3a573a2f725ac1bbc/elements - {"using":"xpath","value":"//td[@aria-colindex=\"1\"]/div/div[contains(@class, \"sapMCbBg\")]"}
RESULT: {"using":"xpath","value":"//td[@aria-colindex=\"1\"]/div/div[contains(@class, \"sapMCbBg\")]"}
COMMAND: POST /session/9d48326ae870b5d3a573a2f725ac1bbc/elements - {"using":"xpath","value":"//td[@aria-colindex=\"1\"]/div/div[contains(@class, \"sapMCbBg\")]"}
RESULT: {"using":"xpath","value":"//td[@aria-colindex=\"1\"]/div/div[contains(@class, \"sapMCbBg\")]"}
COMMAND: POST /session/9d48326ae870b5d3a573a2f725ac1bbc/elements - {"using":"xpath","value":"//td[@aria-colindex=\"1\"]/div/div[contains(@class, \"sapMCbBg\")]"}
RESULT: {"using":"xpath","value":"//td[@aria-colindex=\"1\"]/div/div[contains(@class, \"sapMCbBg\")]"}
COMMAND: POST /session/9d48326ae870b5d3a573a2f725ac1bbc/elements - {"using":"xpath","value":"//td[@aria-colindex=\"1\"]/div/div[contains(@class, \"sapMCbBg\")]"}
RESULT: {"using":"xpath","value":"//td[@aria-colindex=\"1\"]/div/div[contains(@class, \"sapMCbBg\")]"}
COMMAND: POST /session/9d48326ae870b5d3a573a2f725ac1bbc/elements - {"using":"xpath","value":"//td[@aria-colindex=\"1\"]/div/div[contains(@class, \"sapMCbBg\")]"}
RESULT: {"using":"xpath","value":"//td[@aria-colindex=\"1\"]/div/div[contains(@class, \"sapMCbBg\")]"}
COMMAND: POST /session/9d48326ae870b5d3a573a2f725ac1bbc/elements - {"using":"xpath","value":"//td[@aria-colindex=\"1\"]/div/div[contains(@class, \"sapMCbBg\")]"}
RESULT: {"using":"xpath","value":"//td[@aria-colindex=\"1\"]/div/div[contains(@class, \"sapMCbBg\")]"}
COMMAND: POST /session/9d48326ae870b5d3a573a2f725ac1bbc/elements - {"using":"xpath","value":"//td[@aria-colindex=\"1\"]/div/div[contains(@class, \"sapMCbBg\")]"}
RESULT: {"using":"xpath","value":"//td[@aria-colindex=\"1\"]/div/div[contains(@class, \"sapMCbBg\")]"}
COMMAND: POST /session/9d48326ae870b5d3a573a2f725ac1bbc/elements - {"using":"xpath","value":"//td[@aria-colindex=\"1\"]/div/div[contains(@class, \"sapMCbBg\")]"}
RESULT: {"using":"xpath","value":"//td[@aria-colindex=\"1\"]/div/div[contains(@class, \"sapMCbBg\")]"}
COMMAND: POST /session/9d48326ae870b5d3a573a2f725ac1bbc/elements - {"using":"xpath","value":"//td[@aria-colindex=\"1\"]/div/div[contains(@class, \"sapMCbBg\")]"}
RESULT: {"using":"xpath","value":"//td[@aria-colindex=\"1\"]/div/div[contains(@class, \"sapMCbBg\")]"}
COMMAND: POST /session/9d48326ae870b5d3a573a2f725ac1bbc/elements - {"using":"xpath","value":"//td[@aria-colindex=\"1\"]/div/div[contains(@class, \"sapMCbBg\")]"}
RESULT: {"using":"xpath","value":"//td[@aria-colindex=\"1\"]/div/div[contains(@class, \"sapMCbBg\")]"}
COMMAND: POST /session/9d48326ae870b5d3a573a2f725ac1bbc/elements - {"using":"xpath","value":"//td[@aria-colindex=\"1\"]/div/div[contains(@class, \"sapMCbBg\")]"}
RESULT: {"using":"xpath","value":"//td[@aria-colindex=\"1\"]/div/div[contains(@class, \"sapMCbBg\")]"}
COMMAND: POST /session/9d48326ae870b5d3a573a2f725ac1bbc/elements - {"using":"xpath","value":"//td[@aria-colindex=\"1\"]/div/div[contains(@class, \"sapMCbBg\")]"}
RESULT: {"using":"xpath","value":"//td[@aria-colindex=\"1\"]/div/div[contains(@class, \"sapMCbBg\")]"}
COMMAND: POST /session/9d48326ae870b5d3a573a2f725ac1bbc/elements - {"using":"xpath","value":"//td[@aria-colindex=\"1\"]/div/div[contains(@class, \"sapMCbBg\")]"}
RESULT: {"using":"xpath","value":"//td[@aria-colindex=\"1\"]/div/div[contains(@class, \"sapMCbBg\")]"}
COMMAND: POST /session/9d48326ae870b5d3a573a2f725ac1bbc/elements - {"using":"xpath","value":"//td[@aria-colindex=\"1\"]/div/div[contains(@class, \"sapMCbBg\")]"}
RESULT: {"using":"xpath","value":"//td[@aria-colindex=\"1\"]/div/div[contains(@class, \"sapMCbBg\")]"}
COMMAND: POST /session/9d48326ae870b5d3a573a2f725ac1bbc/elements - {"using":"xpath","value":"//td[@aria-colindex=\"1\"]/div/div[contains(@class, \"sapMCbBg\")]"}
RESULT: {"using":"xpath","value":"//td[@aria-colindex=\"1\"]/div/div[contains(@class, \"sapMCbBg\")]"}
COMMAND: POST /session/9d48326ae870b5d3a573a2f725ac1bbc/elements - {"using":"xpath","value":"//td[@aria-colindex=\"1\"]/div/div[contains(@class, \"sapMCbBg\")]"}
RESULT: {"using":"xpath","value":"//td[@aria-colindex=\"1\"]/div/div[contains(@class, \"sapMCbBg\")]"}
COMMAND: POST /session/9d48326ae870b5d3a573a2f725ac1bbc/elements - {"using":"xpath","value":"//td[@aria-colindex=\"1\"]/div/div[contains(@class, \"sapMCbBg\")]"}
RESULT: {"using":"xpath","value":"//td[@aria-colindex=\"1\"]/div/div[contains(@class, \"sapMCbBg\")]"}
COMMAND: POST /session/9d48326ae870b5d3a573a2f725ac1bbc/elements - {"using":"xpath","value":"//td[@aria-colindex=\"1\"]/div/div[contains(@class, \"sapMCbBg\")]"}
RESULT: {"using":"xpath","value":"//td[@aria-colindex=\"1\"]/div/div[contains(@class, \"sapMCbBg\")]"}
COMMAND: POST /session/9d48326ae870b5d3a573a2f725ac1bbc/elements - {"using":"xpath","value":"//td[@aria-colindex=\"1\"]/div/div[contains(@class, \"sapMCbBg\")]"}
RESULT: {"using":"xpath","value":"//td[@aria-colindex=\"1\"]/div/div[contains(@class, \"sapMCbBg\")]"}
COMMAND: POST /session/9d48326ae870b5d3a573a2f725ac1bbc/elements - {"using":"xpath","value":"//td[@aria-colindex=\"1\"]/div/div[contains(@class, \"sapMCbBg\")]"}
RESULT: {"using":"xpath","value":"//td[@aria-colindex=\"1\"]/div/div[contains(@class, \"sapMCbBg\")]"}
COMMAND: POST /session/9d48326ae870b5d3a573a2f725ac1bbc/elements - {"using":"xpath","value":"//td[@aria-colindex=\"1\"]/div/div[contains(@class, \"sapMCbBg\")]"}
RESULT: {"using":"xpath","value":"//td[@aria-colindex=\"1\"]/div/div[contains(@class, \"sapMCbBg\")]"}
COMMAND: POST /session/9d48326ae870b5d3a573a2f725ac1bbc/elements - {"using":"xpath","value":"//td[@aria-colindex=\"1\"]/div/div[contains(@class, \"sapMCbBg\")]"}
RESULT: {"using":"xpath","value":"//td[@aria-colindex=\"1\"]/div/div[contains(@class, \"sapMCbBg\")]"}
COMMAND: POST /session/9d48326ae870b5d3a573a2f725ac1bbc/elements - {"using":"xpath","value":"//td[@aria-colindex=\"1\"]/div/div[contains(@class, \"sapMCbBg\")]"}
RESULT: {"using":"xpath","value":"//td[@aria-colindex=\"1\"]/div/div[contains(@class, \"sapMCbBg\")]"}
COMMAND: POST /session/9d48326ae870b5d3a573a2f725ac1bbc/elements - {"using":"xpath","value":"//td[@aria-colindex=\"1\"]/div/div[contains(@class, \"sapMCbBg\")]"}
RESULT: {"using":"xpath","value":"//td[@aria-colindex=\"1\"]/div/div[contains(@class, \"sapMCbBg\")]"}
COMMAND: POST /session/9d48326ae870b5d3a573a2f725ac1bbc/elements - {"using":"xpath","value":"//td[@aria-colindex=\"1\"]/div/div[contains(@class, \"sapMCbBg\")]"}
RESULT: {"using":"xpath","value":"//td[@aria-colindex=\"1\"]/div/div[contains(@class, \"sapMCbBg\")]"}
COMMAND: POST /session/9d48326ae870b5d3a573a2f725ac1bbc/elements - {"using":"xpath","value":"//td[@aria-colindex=\"1\"]/div/div[contains(@class, \"sapMCbBg\")]"}
RESULT: {"using":"xpath","value":"//td[@aria-colindex=\"1\"]/div/div[contains(@class, \"sapMCbBg\")]"}
COMMAND: POST /session/9d48326ae870b5d3a573a2f725ac1bbc/elements - {"using":"xpath","value":"//td[@aria-colindex=\"1\"]/div/div[contains(@class, \"sapMCbBg\")]"}
RESULT: {"using":"xpath","value":"//td[@aria-colindex=\"1\"]/div/div[contains(@class, \"sapMCbBg\")]"}
COMMAND: POST /session/9d48326ae870b5d3a573a2f725ac1bbc/elements - {"using":"xpath","value":"//td[@aria-colindex=\"1\"]/div/div[contains(@class, \"sapMCbBg\")]"}
RESULT: {"using":"xpath","value":"//td[@aria-colindex=\"1\"]/div/div[contains(@class, \"sapMCbBg\")]"}
COMMAND: POST /session/9d48326ae870b5d3a573a2f725ac1bbc/elements - {"using":"xpath","value":"//td[@aria-colindex=\"1\"]/div/div[contains(@class, \"sapMCbBg\")]"}
RESULT: {"using":"xpath","value":"//td[@aria-colindex=\"1\"]/div/div[contains(@class, \"sapMCbBg\")]"}
COMMAND: POST /session/9d48326ae870b5d3a573a2f725ac1bbc/elements - {"using":"xpath","value":"//td[@aria-colindex=\"1\"]/div/div[contains(@class, \"sapMCbBg\")]"}
RESULT: {"using":"xpath","value":"//td[@aria-colindex=\"1\"]/div/div[contains(@class, \"sapMCbBg\")]"}
COMMAND: POST /session/9d48326ae870b5d3a573a2f725ac1bbc/elements - {"using":"xpath","value":"//td[@aria-colindex=\"1\"]/div/div[contains(@class, \"sapMCbBg\")]"}
RESULT: {"using":"xpath","value":"//td[@aria-colindex=\"1\"]/div/div[contains(@class, \"sapMCbBg\")]"}
COMMAND: POST /session/9d48326ae870b5d3a573a2f725ac1bbc/elements - {"using":"xpath","value":"//td[@aria-colindex=\"1\"]/div/div[contains(@class, \"sapMCbBg\")]"}
RESULT: {"using":"xpath","value":"//td[@aria-colindex=\"1\"]/div/div[contains(@class, \"sapMCbBg\")]"}
COMMAND: POST /session/9d48326ae870b5d3a573a2f725ac1bbc/elements - {"using":"xpath","value":"//td[@aria-colindex=\"1\"]/div/div[contains(@class, \"sapMCbBg\")]"}
RESULT: {"using":"xpath","value":"//td[@aria-colindex=\"1\"]/div/div[contains(@class, \"sapMCbBg\")]"}
COMMAND: POST /session/9d48326ae870b5d3a573a2f725ac1bbc/elements - {"using":"xpath","value":"//td[@aria-colindex=\"1\"]/div/div[contains(@class, \"sapMCbBg\")]"}
RESULT: {"using":"xpath","value":"//td[@aria-colindex=\"1\"]/div/div[contains(@class, \"sapMCbBg\")]"}
COMMAND: POST /session/9d48326ae870b5d3a573a2f725ac1bbc/elements - {"using":"xpath","value":"//td[@aria-colindex=\"1\"]/div/div[contains(@class, \"sapMCbBg\")]"}
RESULT: {"using":"xpath","value":"//td[@aria-colindex=\"1\"]/div/div[contains(@class, \"sapMCbBg\")]"}
COMMAND: POST /session/9d48326ae870b5d3a573a2f725ac1bbc/elements - {"using":"xpath","value":"//td[@aria-colindex=\"1\"]/div/div[contains(@class, \"sapMCbBg\")]"}
RESULT: {"using":"xpath","value":"//td[@aria-colindex=\"1\"]/div/div[contains(@class, \"sapMCbBg\")]"}
COMMAND: POST /session/9d48326ae870b5d3a573a2f725ac1bbc/elements - {"using":"xpath","value":"//td[@aria-colindex=\"1\"]/div/div[contains(@class, \"sapMCbBg\")]"}
RESULT: {"using":"xpath","value":"//td[@aria-colindex=\"1\"]/div/div[contains(@class, \"sapMCbBg\")]"}
COMMAND: POST /session/9d48326ae870b5d3a573a2f725ac1bbc/elements - {"using":"xpath","value":"//td[@aria-colindex=\"1\"]/div/div[contains(@class, \"sapMCbBg\")]"}
RESULT: {"using":"xpath","value":"//td[@aria-colindex=\"1\"]/div/div[contains(@class, \"sapMCbBg\")]"}
COMMAND: POST /session/9d48326ae870b5d3a573a2f725ac1bbc/elements - {"using":"xpath","value":"//td[@aria-colindex=\"1\"]/div/div[contains(@class, \"sapMCbBg\")]"}
RESULT: {"using":"xpath","value":"//td[@aria-colindex=\"1\"]/div/div[contains(@class, \"sapMCbBg\")]"}
COMMAND: POST /session/9d48326ae870b5d3a573a2f725ac1bbc/elements - {"using":"xpath","value":"//td[@aria-colindex=\"1\"]/div/div[contains(@class, \"sapMCbBg\")]"}
RESULT: {"using":"xpath","value":"//td[@aria-colindex=\"1\"]/div/div[contains(@class, \"sapMCbBg\")]"}
COMMAND: POST /session/9d48326ae870b5d3a573a2f725ac1bbc/elements - {"using":"xpath","value":"//td[@aria-colindex=\"1\"]/div/div[contains(@class, \"sapMCbBg\")]"}
RESULT: {"using":"xpath","value":"//td[@aria-colindex=\"1\"]/div/div[contains(@class, \"sapMCbBg\")]"}
COMMAND: POST /session/9d48326ae870b5d3a573a2f725ac1bbc/elements - {"using":"xpath","value":"//td[@aria-colindex=\"1\"]/div/div[contains(@class, \"sapMCbBg\")]"}
RESULT: {"using":"xpath","value":"//td[@aria-colindex=\"1\"]/div/div[contains(@class, \"sapMCbBg\")]"}
COMMAND: POST /session/9d48326ae870b5d3a573a2f725ac1bbc/elements - {"using":"xpath","value":"//td[@aria-colindex=\"1\"]/div/div[contains(@class, \"sapMCbBg\")]"}
RESULT: {"using":"xpath","value":"//td[@aria-colindex=\"1\"]/div/div[contains(@class, \"sapMCbBg\")]"}
COMMAND: POST /session/9d48326ae870b5d3a573a2f725ac1bbc/elements - {"using":"xpath","value":"//td[@aria-colindex=\"1\"]/div/div[contains(@class, \"sapMCbBg\")]"}
RESULT: {"using":"xpath","value":"//td[@aria-colindex=\"1\"]/div/div[contains(@class, \"sapMCbBg\")]"}
COMMAND: POST /session/9d48326ae870b5d3a573a2f725ac1bbc/elements - {"using":"xpath","value":"//td[@aria-colindex=\"1\"]/div/div[contains(@class, \"sapMCbBg\")]"}
RESULT: {"using":"xpath","value":"//td[@aria-colindex=\"1\"]/div/div[contains(@class, \"sapMCbBg\")]"}
COMMAND: POST /session/9d48326ae870b5d3a573a2f725ac1bbc/elements - {"using":"xpath","value":"//td[@aria-colindex=\"1\"]/div/div[contains(@class, \"sapMCbBg\")]"}
RESULT: {"using":"xpath","value":"//td[@aria-colindex=\"1\"]/div/div[contains(@class, \"sapMCbBg\")]"}
COMMAND: POST /session/9d48326ae870b5d3a573a2f725ac1bbc/elements - {"using":"xpath","value":"//td[@aria-colindex=\"1\"]/div/div[contains(@class, \"sapMCbBg\")]"}
RESULT: {"using":"xpath","value":"//td[@aria-colindex=\"1\"]/div/div[contains(@class, \"sapMCbBg\")]"}
COMMAND: POST /session/9d48326ae870b5d3a573a2f725ac1bbc/elements - {"using":"xpath","value":"//td[@aria-colindex=\"1\"]/div/div[contains(@class, \"sapMCbBg\")]"}
RESULT: {"using":"xpath","value":"//td[@aria-colindex=\"1\"]/div/div[contains(@class, \"sapMCbBg\")]"}
COMMAND: POST /session/9d48326ae870b5d3a573a2f725ac1bbc/elements - {"using":"xpath","value":"//td[@aria-colindex=\"1\"]/div/div[contains(@class, \"sapMCbBg\")]"}
RESULT: {"using":"xpath","value":"//td[@aria-colindex=\"1\"]/div/div[contains(@class, \"sapMCbBg\")]"}
COMMAND: POST /session/9d48326ae870b5d3a573a2f725ac1bbc/elements - {"using":"xpath","value":"//td[@aria-colindex=\"1\"]/div/div[contains(@class, \"sapMCbBg\")]"}
RESULT: {"using":"xpath","value":"//td[@aria-colindex=\"1\"]/div/div[contains(@class, \"sapMCbBg\")]"}
COMMAND: POST /session/9d48326ae870b5d3a573a2f725ac1bbc/elements - {"using":"xpath","value":"//td[@aria-colindex=\"1\"]/div/div[contains(@class, \"sapMCbBg\")]"}
RESULT: {"using":"xpath","value":"//td[@aria-colindex=\"1\"]/div/div[contains(@class, \"sapMCbBg\")]"}
COMMAND: POST /session/9d48326ae870b5d3a573a2f725ac1bbc/elements - {"using":"xpath","value":"//td[@aria-colindex=\"1\"]/div/div[contains(@class, \"sapMCbBg\")]"}
RESULT: {"using":"xpath","value":"//td[@aria-colindex=\"1\"]/div/div[contains(@class, \"sapMCbBg\")]"}
COMMAND: POST /session/9d48326ae870b5d3a573a2f725ac1bbc/elements - {"using":"xpath","value":"//td[@aria-colindex=\"1\"]/div/div[contains(@class, \"sapMCbBg\")]"}
RESULT: {"using":"xpath","value":"//td[@aria-colindex=\"1\"]/div/div[contains(@class, \"sapMCbBg\")]"}
COMMAND: POST /session/9d48326ae870b5d3a573a2f725ac1bbc/elements - {"using":"xpath","value":"//td[@aria-colindex=\"1\"]/div/div[contains(@class, \"sapMCbBg\")]"}
RESULT: {"using":"xpath","value":"//td[@aria-colindex=\"1\"]/div/div[contains(@class, \"sapMCbBg\")]"}
COMMAND: POST /session/9d48326ae870b5d3a573a2f725ac1bbc/elements - {"using":"xpath","value":"//td[@aria-colindex=\"1\"]/div/div[contains(@class, \"sapMCbBg\")]"}
RESULT: {"using":"xpath","value":"//td[@aria-colindex=\"1\"]/div/div[contains(@class, \"sapMCbBg\")]"}
COMMAND: POST /session/9d48326ae870b5d3a573a2f725ac1bbc/elements - {"using":"xpath","value":"//td[@aria-colindex=\"1\"]/div/div[contains(@class, \"sapMCbBg\")]"}
RESULT: {"using":"xpath","value":"//td[@aria-colindex=\"1\"]/div/div[contains(@class, \"sapMCbBg\")]"}
COMMAND: POST /session/9d48326ae870b5d3a573a2f725ac1bbc/elements - {"using":"xpath","value":"//td[@aria-colindex=\"1\"]/div/div[contains(@class, \"sapMCbBg\")]"}
RESULT: {"using":"xpath","value":"//td[@aria-colindex=\"1\"]/div/div[contains(@class, \"sapMCbBg\")]"}
COMMAND: POST /session/9d48326ae870b5d3a573a2f725ac1bbc/elements - {"using":"xpath","value":"//td[@aria-colindex=\"1\"]/div/div[contains(@class, \"sapMCbBg\")]"}
RESULT: {"using":"xpath","value":"//td[@aria-colindex=\"1\"]/div/div[contains(@class, \"sapMCbBg\")]"}
COMMAND: POST /session/9d48326ae870b5d3a573a2f725ac1bbc/elements - {"using":"xpath","value":"//td[@aria-colindex=\"1\"]/div/div[contains(@class, \"sapMCbBg\")]"}
RESULT: {"using":"xpath","value":"//td[@aria-colindex=\"1\"]/div/div[contains(@class, \"sapMCbBg\")]"}
COMMAND: POST /session/9d48326ae870b5d3a573a2f725ac1bbc/elements - {"using":"xpath","value":"//td[@aria-colindex=\"1\"]/div/div[contains(@class, \"sapMCbBg\")]"}
RESULT: {"using":"xpath","value":"//td[@aria-colindex=\"1\"]/div/div[contains(@class, \"sapMCbBg\")]"}
COMMAND: POST /session/9d48326ae870b5d3a573a2f725ac1bbc/elements - {"using":"xpath","value":"//td[@aria-colindex=\"1\"]/div/div[contains(@class, \"sapMCbBg\")]"}
RESULT: {"using":"xpath","value":"//td[@aria-colindex=\"1\"]/div/div[contains(@class, \"sapMCbBg\")]"}
COMMAND: POST /session/9d48326ae870b5d3a573a2f725ac1bbc/elements - {"using":"xpath","value":"//td[@aria-colindex=\"1\"]/div/div[contains(@class, \"sapMCbBg\")]"}
RESULT: {"using":"xpath","value":"//td[@aria-colindex=\"1\"]/div/div[contains(@class, \"sapMCbBg\")]"}
COMMAND: POST /session/9d48326ae870b5d3a573a2f725ac1bbc/elements - {"using":"xpath","value":"//td[@aria-colindex=\"1\"]/div/div[contains(@class, \"sapMCbBg\")]"}
RESULT: {"using":"xpath","value":"//td[@aria-colindex=\"1\"]/div/div[contains(@class, \"sapMCbBg\")]"}
COMMAND: POST /session/9d48326ae870b5d3a573a2f725ac1bbc/elements - {"using":"xpath","value":"//td[@aria-colindex=\"1\"]/div/div[contains(@class, \"sapMCbBg\")]"}
RESULT: {"using":"xpath","value":"//td[@aria-colindex=\"1\"]/div/div[contains(@class, \"sapMCbBg\")]"}
COMMAND: POST /session/9d48326ae870b5d3a573a2f725ac1bbc/elements - {"using":"xpath","value":"//td[@aria-colindex=\"1\"]/div/div[contains(@class, \"sapMCbBg\")]"}
COMMAND: GET /session/9d48326ae870b5d3a573a2f725ac1bbc/screenshot - {}
RESULT: {"using":"xpath","value":"//td[@aria-colindex=\"1\"]/div/div[contains(@class, \"sapMCbBg\")]"}
RESULT: {}
]]></system-out>
      <system-err><![CDATA[
Error: Can't call click on element with selector "//td[@aria-colindex="1"]/div/div[contains(@class, "sapMCbBg")]" because element wasn't found
    at async UtilsPrerequisites.manageBillingsTriggerCalculation (D:\a\1\s\test\specs\BTS\prerequisites-and-utils-functions.js:2750:9)
    at async Context.<anonymous> (D:\a\1\s\test\specs\BTS\billing-transfer-intracompany.spec.js:73:9)
]]></system-err>
    </testcase>
    <testcase classname="chrome.136_0_7103_93.windows.Billing_Transfer_-_Intracompany_US127249" name="Should navigate to billing transfer and invoice the contract" time="56.173">
      <failure/>
      <error message="element (&quot;//input[contains(@id ,&quot;application-billingtransfer-display-component---billingWorkbench--smartFilterBar-btnBasicSearch&quot;)]&quot;) still not existing after 45000ms"/>
      <system-out><![CDATA[
COMMAND: POST /session/9d48326ae870b5d3a573a2f725ac1bbc/execute/async - {"script":"<script> [1562 bytes]","args":[{"selector":{"controlType":"sap.m.GenericTile","properties":{"header":"Billing Transfer"}},"wdio_ui5_key":"sapm.GenericTile{\"header\":\"Billing Transfer\"}"}]}
COMMAND: GET /session/9d48326ae870b5d3a573a2f725ac1bbc/screenshot - {}
RESULT: {"script":"<script> [1562 bytes]","args":[{"selector":{"controlType":"sap.m.GenericTile","properties":{"header":"Billing Transfer"}},"wdio_ui5_key":"sapm.GenericTile{\"header\":\"Billing Transfer\"}"}]}
RESULT: undefined
RESULT: {}
COMMAND: POST /session/9d48326ae870b5d3a573a2f725ac1bbc/elements - {"using":"xpath","value":"//span[text()='Error']"}
RESULT: {"using":"xpath","value":"//span[text()='Error']"}
COMMAND: POST /session/9d48326ae870b5d3a573a2f725ac1bbc/element - {"using":"xpath","value":"//input[contains(@id ,\"application-billingtransfer-display-component---billingWorkbench--smartFilterBar-btnBasicSearch\")]"}
RESULT: {"using":"xpath","value":"//input[contains(@id ,\"application-billingtransfer-display-component---billingWorkbench--smartFilterBar-btnBasicSearch\")]"}
COMMAND: POST /session/9d48326ae870b5d3a573a2f725ac1bbc/elements - {"using":"xpath","value":"//input[contains(@id ,\"application-billingtransfer-display-component---billingWorkbench--smartFilterBar-btnBasicSearch\")]"}
RESULT: {"using":"xpath","value":"//input[contains(@id ,\"application-billingtransfer-display-component---billingWorkbench--smartFilterBar-btnBasicSearch\")]"}
COMMAND: POST /session/9d48326ae870b5d3a573a2f725ac1bbc/elements - {"using":"xpath","value":"//input[contains(@id ,\"application-billingtransfer-display-component---billingWorkbench--smartFilterBar-btnBasicSearch\")]"}
RESULT: {"using":"xpath","value":"//input[contains(@id ,\"application-billingtransfer-display-component---billingWorkbench--smartFilterBar-btnBasicSearch\")]"}
COMMAND: POST /session/9d48326ae870b5d3a573a2f725ac1bbc/elements - {"using":"xpath","value":"//input[contains(@id ,\"application-billingtransfer-display-component---billingWorkbench--smartFilterBar-btnBasicSearch\")]"}
RESULT: {"using":"xpath","value":"//input[contains(@id ,\"application-billingtransfer-display-component---billingWorkbench--smartFilterBar-btnBasicSearch\")]"}
COMMAND: POST /session/9d48326ae870b5d3a573a2f725ac1bbc/elements - {"using":"xpath","value":"//input[contains(@id ,\"application-billingtransfer-display-component---billingWorkbench--smartFilterBar-btnBasicSearch\")]"}
RESULT: {"using":"xpath","value":"//input[contains(@id ,\"application-billingtransfer-display-component---billingWorkbench--smartFilterBar-btnBasicSearch\")]"}
COMMAND: POST /session/9d48326ae870b5d3a573a2f725ac1bbc/elements - {"using":"xpath","value":"//input[contains(@id ,\"application-billingtransfer-display-component---billingWorkbench--smartFilterBar-btnBasicSearch\")]"}
RESULT: {"using":"xpath","value":"//input[contains(@id ,\"application-billingtransfer-display-component---billingWorkbench--smartFilterBar-btnBasicSearch\")]"}
COMMAND: POST /session/9d48326ae870b5d3a573a2f725ac1bbc/elements - {"using":"xpath","value":"//input[contains(@id ,\"application-billingtransfer-display-component---billingWorkbench--smartFilterBar-btnBasicSearch\")]"}
RESULT: {"using":"xpath","value":"//input[contains(@id ,\"application-billingtransfer-display-component---billingWorkbench--smartFilterBar-btnBasicSearch\")]"}
COMMAND: POST /session/9d48326ae870b5d3a573a2f725ac1bbc/elements - {"using":"xpath","value":"//input[contains(@id ,\"application-billingtransfer-display-component---billingWorkbench--smartFilterBar-btnBasicSearch\")]"}
RESULT: {"using":"xpath","value":"//input[contains(@id ,\"application-billingtransfer-display-component---billingWorkbench--smartFilterBar-btnBasicSearch\")]"}
COMMAND: POST /session/9d48326ae870b5d3a573a2f725ac1bbc/elements - {"using":"xpath","value":"//input[contains(@id ,\"application-billingtransfer-display-component---billingWorkbench--smartFilterBar-btnBasicSearch\")]"}
RESULT: {"using":"xpath","value":"//input[contains(@id ,\"application-billingtransfer-display-component---billingWorkbench--smartFilterBar-btnBasicSearch\")]"}
COMMAND: POST /session/9d48326ae870b5d3a573a2f725ac1bbc/elements - {"using":"xpath","value":"//input[contains(@id ,\"application-billingtransfer-display-component---billingWorkbench--smartFilterBar-btnBasicSearch\")]"}
RESULT: {"using":"xpath","value":"//input[contains(@id ,\"application-billingtransfer-display-component---billingWorkbench--smartFilterBar-btnBasicSearch\")]"}
COMMAND: POST /session/9d48326ae870b5d3a573a2f725ac1bbc/elements - {"using":"xpath","value":"//input[contains(@id ,\"application-billingtransfer-display-component---billingWorkbench--smartFilterBar-btnBasicSearch\")]"}
RESULT: {"using":"xpath","value":"//input[contains(@id ,\"application-billingtransfer-display-component---billingWorkbench--smartFilterBar-btnBasicSearch\")]"}
COMMAND: POST /session/9d48326ae870b5d3a573a2f725ac1bbc/elements - {"using":"xpath","value":"//input[contains(@id ,\"application-billingtransfer-display-component---billingWorkbench--smartFilterBar-btnBasicSearch\")]"}
RESULT: {"using":"xpath","value":"//input[contains(@id ,\"application-billingtransfer-display-component---billingWorkbench--smartFilterBar-btnBasicSearch\")]"}
COMMAND: POST /session/9d48326ae870b5d3a573a2f725ac1bbc/elements - {"using":"xpath","value":"//input[contains(@id ,\"application-billingtransfer-display-component---billingWorkbench--smartFilterBar-btnBasicSearch\")]"}
RESULT: {"using":"xpath","value":"//input[contains(@id ,\"application-billingtransfer-display-component---billingWorkbench--smartFilterBar-btnBasicSearch\")]"}
COMMAND: POST /session/9d48326ae870b5d3a573a2f725ac1bbc/elements - {"using":"xpath","value":"//input[contains(@id ,\"application-billingtransfer-display-component---billingWorkbench--smartFilterBar-btnBasicSearch\")]"}
RESULT: {"using":"xpath","value":"//input[contains(@id ,\"application-billingtransfer-display-component---billingWorkbench--smartFilterBar-btnBasicSearch\")]"}
COMMAND: POST /session/9d48326ae870b5d3a573a2f725ac1bbc/elements - {"using":"xpath","value":"//input[contains(@id ,\"application-billingtransfer-display-component---billingWorkbench--smartFilterBar-btnBasicSearch\")]"}
RESULT: {"using":"xpath","value":"//input[contains(@id ,\"application-billingtransfer-display-component---billingWorkbench--smartFilterBar-btnBasicSearch\")]"}
COMMAND: POST /session/9d48326ae870b5d3a573a2f725ac1bbc/elements - {"using":"xpath","value":"//input[contains(@id ,\"application-billingtransfer-display-component---billingWorkbench--smartFilterBar-btnBasicSearch\")]"}
RESULT: {"using":"xpath","value":"//input[contains(@id ,\"application-billingtransfer-display-component---billingWorkbench--smartFilterBar-btnBasicSearch\")]"}
COMMAND: POST /session/9d48326ae870b5d3a573a2f725ac1bbc/elements - {"using":"xpath","value":"//input[contains(@id ,\"application-billingtransfer-display-component---billingWorkbench--smartFilterBar-btnBasicSearch\")]"}
RESULT: {"using":"xpath","value":"//input[contains(@id ,\"application-billingtransfer-display-component---billingWorkbench--smartFilterBar-btnBasicSearch\")]"}
COMMAND: POST /session/9d48326ae870b5d3a573a2f725ac1bbc/elements - {"using":"xpath","value":"//input[contains(@id ,\"application-billingtransfer-display-component---billingWorkbench--smartFilterBar-btnBasicSearch\")]"}
RESULT: {"using":"xpath","value":"//input[contains(@id ,\"application-billingtransfer-display-component---billingWorkbench--smartFilterBar-btnBasicSearch\")]"}
COMMAND: POST /session/9d48326ae870b5d3a573a2f725ac1bbc/elements - {"using":"xpath","value":"//input[contains(@id ,\"application-billingtransfer-display-component---billingWorkbench--smartFilterBar-btnBasicSearch\")]"}
RESULT: {"using":"xpath","value":"//input[contains(@id ,\"application-billingtransfer-display-component---billingWorkbench--smartFilterBar-btnBasicSearch\")]"}
COMMAND: POST /session/9d48326ae870b5d3a573a2f725ac1bbc/elements - {"using":"xpath","value":"//input[contains(@id ,\"application-billingtransfer-display-component---billingWorkbench--smartFilterBar-btnBasicSearch\")]"}
RESULT: {"using":"xpath","value":"//input[contains(@id ,\"application-billingtransfer-display-component---billingWorkbench--smartFilterBar-btnBasicSearch\")]"}
COMMAND: POST /session/9d48326ae870b5d3a573a2f725ac1bbc/elements - {"using":"xpath","value":"//input[contains(@id ,\"application-billingtransfer-display-component---billingWorkbench--smartFilterBar-btnBasicSearch\")]"}
RESULT: {"using":"xpath","value":"//input[contains(@id ,\"application-billingtransfer-display-component---billingWorkbench--smartFilterBar-btnBasicSearch\")]"}
COMMAND: POST /session/9d48326ae870b5d3a573a2f725ac1bbc/elements - {"using":"xpath","value":"//input[contains(@id ,\"application-billingtransfer-display-component---billingWorkbench--smartFilterBar-btnBasicSearch\")]"}
RESULT: {"using":"xpath","value":"//input[contains(@id ,\"application-billingtransfer-display-component---billingWorkbench--smartFilterBar-btnBasicSearch\")]"}
COMMAND: POST /session/9d48326ae870b5d3a573a2f725ac1bbc/elements - {"using":"xpath","value":"//input[contains(@id ,\"application-billingtransfer-display-component---billingWorkbench--smartFilterBar-btnBasicSearch\")]"}
RESULT: {"using":"xpath","value":"//input[contains(@id ,\"application-billingtransfer-display-component---billingWorkbench--smartFilterBar-btnBasicSearch\")]"}
COMMAND: POST /session/9d48326ae870b5d3a573a2f725ac1bbc/elements - {"using":"xpath","value":"//input[contains(@id ,\"application-billingtransfer-display-component---billingWorkbench--smartFilterBar-btnBasicSearch\")]"}
RESULT: {"using":"xpath","value":"//input[contains(@id ,\"application-billingtransfer-display-component---billingWorkbench--smartFilterBar-btnBasicSearch\")]"}
COMMAND: POST /session/9d48326ae870b5d3a573a2f725ac1bbc/elements - {"using":"xpath","value":"//input[contains(@id ,\"application-billingtransfer-display-component---billingWorkbench--smartFilterBar-btnBasicSearch\")]"}
RESULT: {"using":"xpath","value":"//input[contains(@id ,\"application-billingtransfer-display-component---billingWorkbench--smartFilterBar-btnBasicSearch\")]"}
COMMAND: POST /session/9d48326ae870b5d3a573a2f725ac1bbc/elements - {"using":"xpath","value":"//input[contains(@id ,\"application-billingtransfer-display-component---billingWorkbench--smartFilterBar-btnBasicSearch\")]"}
RESULT: {"using":"xpath","value":"//input[contains(@id ,\"application-billingtransfer-display-component---billingWorkbench--smartFilterBar-btnBasicSearch\")]"}
COMMAND: POST /session/9d48326ae870b5d3a573a2f725ac1bbc/elements - {"using":"xpath","value":"//input[contains(@id ,\"application-billingtransfer-display-component---billingWorkbench--smartFilterBar-btnBasicSearch\")]"}
RESULT: {"using":"xpath","value":"//input[contains(@id ,\"application-billingtransfer-display-component---billingWorkbench--smartFilterBar-btnBasicSearch\")]"}
COMMAND: POST /session/9d48326ae870b5d3a573a2f725ac1bbc/elements - {"using":"xpath","value":"//input[contains(@id ,\"application-billingtransfer-display-component---billingWorkbench--smartFilterBar-btnBasicSearch\")]"}
RESULT: {"using":"xpath","value":"//input[contains(@id ,\"application-billingtransfer-display-component---billingWorkbench--smartFilterBar-btnBasicSearch\")]"}
COMMAND: POST /session/9d48326ae870b5d3a573a2f725ac1bbc/elements - {"using":"xpath","value":"//input[contains(@id ,\"application-billingtransfer-display-component---billingWorkbench--smartFilterBar-btnBasicSearch\")]"}
RESULT: {"using":"xpath","value":"//input[contains(@id ,\"application-billingtransfer-display-component---billingWorkbench--smartFilterBar-btnBasicSearch\")]"}
COMMAND: POST /session/9d48326ae870b5d3a573a2f725ac1bbc/elements - {"using":"xpath","value":"//input[contains(@id ,\"application-billingtransfer-display-component---billingWorkbench--smartFilterBar-btnBasicSearch\")]"}
RESULT: {"using":"xpath","value":"//input[contains(@id ,\"application-billingtransfer-display-component---billingWorkbench--smartFilterBar-btnBasicSearch\")]"}
COMMAND: POST /session/9d48326ae870b5d3a573a2f725ac1bbc/elements - {"using":"xpath","value":"//input[contains(@id ,\"application-billingtransfer-display-component---billingWorkbench--smartFilterBar-btnBasicSearch\")]"}
RESULT: {"using":"xpath","value":"//input[contains(@id ,\"application-billingtransfer-display-component---billingWorkbench--smartFilterBar-btnBasicSearch\")]"}
COMMAND: POST /session/9d48326ae870b5d3a573a2f725ac1bbc/elements - {"using":"xpath","value":"//input[contains(@id ,\"application-billingtransfer-display-component---billingWorkbench--smartFilterBar-btnBasicSearch\")]"}
RESULT: {"using":"xpath","value":"//input[contains(@id ,\"application-billingtransfer-display-component---billingWorkbench--smartFilterBar-btnBasicSearch\")]"}
COMMAND: POST /session/9d48326ae870b5d3a573a2f725ac1bbc/elements - {"using":"xpath","value":"//input[contains(@id ,\"application-billingtransfer-display-component---billingWorkbench--smartFilterBar-btnBasicSearch\")]"}
RESULT: {"using":"xpath","value":"//input[contains(@id ,\"application-billingtransfer-display-component---billingWorkbench--smartFilterBar-btnBasicSearch\")]"}
COMMAND: POST /session/9d48326ae870b5d3a573a2f725ac1bbc/elements - {"using":"xpath","value":"//input[contains(@id ,\"application-billingtransfer-display-component---billingWorkbench--smartFilterBar-btnBasicSearch\")]"}
RESULT: {"using":"xpath","value":"//input[contains(@id ,\"application-billingtransfer-display-component---billingWorkbench--smartFilterBar-btnBasicSearch\")]"}
COMMAND: POST /session/9d48326ae870b5d3a573a2f725ac1bbc/elements - {"using":"xpath","value":"//input[contains(@id ,\"application-billingtransfer-display-component---billingWorkbench--smartFilterBar-btnBasicSearch\")]"}
RESULT: {"using":"xpath","value":"//input[contains(@id ,\"application-billingtransfer-display-component---billingWorkbench--smartFilterBar-btnBasicSearch\")]"}
COMMAND: POST /session/9d48326ae870b5d3a573a2f725ac1bbc/elements - {"using":"xpath","value":"//input[contains(@id ,\"application-billingtransfer-display-component---billingWorkbench--smartFilterBar-btnBasicSearch\")]"}
RESULT: {"using":"xpath","value":"//input[contains(@id ,\"application-billingtransfer-display-component---billingWorkbench--smartFilterBar-btnBasicSearch\")]"}
COMMAND: POST /session/9d48326ae870b5d3a573a2f725ac1bbc/elements - {"using":"xpath","value":"//input[contains(@id ,\"application-billingtransfer-display-component---billingWorkbench--smartFilterBar-btnBasicSearch\")]"}
RESULT: {"using":"xpath","value":"//input[contains(@id ,\"application-billingtransfer-display-component---billingWorkbench--smartFilterBar-btnBasicSearch\")]"}
COMMAND: POST /session/9d48326ae870b5d3a573a2f725ac1bbc/elements - {"using":"xpath","value":"//input[contains(@id ,\"application-billingtransfer-display-component---billingWorkbench--smartFilterBar-btnBasicSearch\")]"}
RESULT: {"using":"xpath","value":"//input[contains(@id ,\"application-billingtransfer-display-component---billingWorkbench--smartFilterBar-btnBasicSearch\")]"}
COMMAND: POST /session/9d48326ae870b5d3a573a2f725ac1bbc/elements - {"using":"xpath","value":"//input[contains(@id ,\"application-billingtransfer-display-component---billingWorkbench--smartFilterBar-btnBasicSearch\")]"}
RESULT: {"using":"xpath","value":"//input[contains(@id ,\"application-billingtransfer-display-component---billingWorkbench--smartFilterBar-btnBasicSearch\")]"}
COMMAND: POST /session/9d48326ae870b5d3a573a2f725ac1bbc/elements - {"using":"xpath","value":"//input[contains(@id ,\"application-billingtransfer-display-component---billingWorkbench--smartFilterBar-btnBasicSearch\")]"}
RESULT: {"using":"xpath","value":"//input[contains(@id ,\"application-billingtransfer-display-component---billingWorkbench--smartFilterBar-btnBasicSearch\")]"}
COMMAND: POST /session/9d48326ae870b5d3a573a2f725ac1bbc/elements - {"using":"xpath","value":"//input[contains(@id ,\"application-billingtransfer-display-component---billingWorkbench--smartFilterBar-btnBasicSearch\")]"}
RESULT: {"using":"xpath","value":"//input[contains(@id ,\"application-billingtransfer-display-component---billingWorkbench--smartFilterBar-btnBasicSearch\")]"}
COMMAND: POST /session/9d48326ae870b5d3a573a2f725ac1bbc/elements - {"using":"xpath","value":"//input[contains(@id ,\"application-billingtransfer-display-component---billingWorkbench--smartFilterBar-btnBasicSearch\")]"}
RESULT: {"using":"xpath","value":"//input[contains(@id ,\"application-billingtransfer-display-component---billingWorkbench--smartFilterBar-btnBasicSearch\")]"}
COMMAND: POST /session/9d48326ae870b5d3a573a2f725ac1bbc/elements - {"using":"xpath","value":"//input[contains(@id ,\"application-billingtransfer-display-component---billingWorkbench--smartFilterBar-btnBasicSearch\")]"}
RESULT: {"using":"xpath","value":"//input[contains(@id ,\"application-billingtransfer-display-component---billingWorkbench--smartFilterBar-btnBasicSearch\")]"}
COMMAND: POST /session/9d48326ae870b5d3a573a2f725ac1bbc/elements - {"using":"xpath","value":"//input[contains(@id ,\"application-billingtransfer-display-component---billingWorkbench--smartFilterBar-btnBasicSearch\")]"}
RESULT: {"using":"xpath","value":"//input[contains(@id ,\"application-billingtransfer-display-component---billingWorkbench--smartFilterBar-btnBasicSearch\")]"}
COMMAND: POST /session/9d48326ae870b5d3a573a2f725ac1bbc/elements - {"using":"xpath","value":"//input[contains(@id ,\"application-billingtransfer-display-component---billingWorkbench--smartFilterBar-btnBasicSearch\")]"}
RESULT: {"using":"xpath","value":"//input[contains(@id ,\"application-billingtransfer-display-component---billingWorkbench--smartFilterBar-btnBasicSearch\")]"}
COMMAND: POST /session/9d48326ae870b5d3a573a2f725ac1bbc/elements - {"using":"xpath","value":"//input[contains(@id ,\"application-billingtransfer-display-component---billingWorkbench--smartFilterBar-btnBasicSearch\")]"}
RESULT: {"using":"xpath","value":"//input[contains(@id ,\"application-billingtransfer-display-component---billingWorkbench--smartFilterBar-btnBasicSearch\")]"}
COMMAND: POST /session/9d48326ae870b5d3a573a2f725ac1bbc/elements - {"using":"xpath","value":"//input[contains(@id ,\"application-billingtransfer-display-component---billingWorkbench--smartFilterBar-btnBasicSearch\")]"}
RESULT: {"using":"xpath","value":"//input[contains(@id ,\"application-billingtransfer-display-component---billingWorkbench--smartFilterBar-btnBasicSearch\")]"}
COMMAND: POST /session/9d48326ae870b5d3a573a2f725ac1bbc/elements - {"using":"xpath","value":"//input[contains(@id ,\"application-billingtransfer-display-component---billingWorkbench--smartFilterBar-btnBasicSearch\")]"}
RESULT: {"using":"xpath","value":"//input[contains(@id ,\"application-billingtransfer-display-component---billingWorkbench--smartFilterBar-btnBasicSearch\")]"}
COMMAND: POST /session/9d48326ae870b5d3a573a2f725ac1bbc/elements - {"using":"xpath","value":"//input[contains(@id ,\"application-billingtransfer-display-component---billingWorkbench--smartFilterBar-btnBasicSearch\")]"}
RESULT: {"using":"xpath","value":"//input[contains(@id ,\"application-billingtransfer-display-component---billingWorkbench--smartFilterBar-btnBasicSearch\")]"}
COMMAND: POST /session/9d48326ae870b5d3a573a2f725ac1bbc/elements - {"using":"xpath","value":"//input[contains(@id ,\"application-billingtransfer-display-component---billingWorkbench--smartFilterBar-btnBasicSearch\")]"}
RESULT: {"using":"xpath","value":"//input[contains(@id ,\"application-billingtransfer-display-component---billingWorkbench--smartFilterBar-btnBasicSearch\")]"}
COMMAND: POST /session/9d48326ae870b5d3a573a2f725ac1bbc/elements - {"using":"xpath","value":"//input[contains(@id ,\"application-billingtransfer-display-component---billingWorkbench--smartFilterBar-btnBasicSearch\")]"}
RESULT: {"using":"xpath","value":"//input[contains(@id ,\"application-billingtransfer-display-component---billingWorkbench--smartFilterBar-btnBasicSearch\")]"}
COMMAND: POST /session/9d48326ae870b5d3a573a2f725ac1bbc/elements - {"using":"xpath","value":"//input[contains(@id ,\"application-billingtransfer-display-component---billingWorkbench--smartFilterBar-btnBasicSearch\")]"}
RESULT: {"using":"xpath","value":"//input[contains(@id ,\"application-billingtransfer-display-component---billingWorkbench--smartFilterBar-btnBasicSearch\")]"}
COMMAND: POST /session/9d48326ae870b5d3a573a2f725ac1bbc/elements - {"using":"xpath","value":"//input[contains(@id ,\"application-billingtransfer-display-component---billingWorkbench--smartFilterBar-btnBasicSearch\")]"}
RESULT: {"using":"xpath","value":"//input[contains(@id ,\"application-billingtransfer-display-component---billingWorkbench--smartFilterBar-btnBasicSearch\")]"}
COMMAND: POST /session/9d48326ae870b5d3a573a2f725ac1bbc/elements - {"using":"xpath","value":"//input[contains(@id ,\"application-billingtransfer-display-component---billingWorkbench--smartFilterBar-btnBasicSearch\")]"}
RESULT: {"using":"xpath","value":"//input[contains(@id ,\"application-billingtransfer-display-component---billingWorkbench--smartFilterBar-btnBasicSearch\")]"}
COMMAND: POST /session/9d48326ae870b5d3a573a2f725ac1bbc/elements - {"using":"xpath","value":"//input[contains(@id ,\"application-billingtransfer-display-component---billingWorkbench--smartFilterBar-btnBasicSearch\")]"}
RESULT: {"using":"xpath","value":"//input[contains(@id ,\"application-billingtransfer-display-component---billingWorkbench--smartFilterBar-btnBasicSearch\")]"}
COMMAND: POST /session/9d48326ae870b5d3a573a2f725ac1bbc/elements - {"using":"xpath","value":"//input[contains(@id ,\"application-billingtransfer-display-component---billingWorkbench--smartFilterBar-btnBasicSearch\")]"}
RESULT: {"using":"xpath","value":"//input[contains(@id ,\"application-billingtransfer-display-component---billingWorkbench--smartFilterBar-btnBasicSearch\")]"}
COMMAND: POST /session/9d48326ae870b5d3a573a2f725ac1bbc/elements - {"using":"xpath","value":"//input[contains(@id ,\"application-billingtransfer-display-component---billingWorkbench--smartFilterBar-btnBasicSearch\")]"}
RESULT: {"using":"xpath","value":"//input[contains(@id ,\"application-billingtransfer-display-component---billingWorkbench--smartFilterBar-btnBasicSearch\")]"}
COMMAND: POST /session/9d48326ae870b5d3a573a2f725ac1bbc/elements - {"using":"xpath","value":"//input[contains(@id ,\"application-billingtransfer-display-component---billingWorkbench--smartFilterBar-btnBasicSearch\")]"}
RESULT: {"using":"xpath","value":"//input[contains(@id ,\"application-billingtransfer-display-component---billingWorkbench--smartFilterBar-btnBasicSearch\")]"}
COMMAND: POST /session/9d48326ae870b5d3a573a2f725ac1bbc/elements - {"using":"xpath","value":"//input[contains(@id ,\"application-billingtransfer-display-component---billingWorkbench--smartFilterBar-btnBasicSearch\")]"}
RESULT: {"using":"xpath","value":"//input[contains(@id ,\"application-billingtransfer-display-component---billingWorkbench--smartFilterBar-btnBasicSearch\")]"}
COMMAND: POST /session/9d48326ae870b5d3a573a2f725ac1bbc/elements - {"using":"xpath","value":"//input[contains(@id ,\"application-billingtransfer-display-component---billingWorkbench--smartFilterBar-btnBasicSearch\")]"}
RESULT: {"using":"xpath","value":"//input[contains(@id ,\"application-billingtransfer-display-component---billingWorkbench--smartFilterBar-btnBasicSearch\")]"}
COMMAND: POST /session/9d48326ae870b5d3a573a2f725ac1bbc/elements - {"using":"xpath","value":"//input[contains(@id ,\"application-billingtransfer-display-component---billingWorkbench--smartFilterBar-btnBasicSearch\")]"}
RESULT: {"using":"xpath","value":"//input[contains(@id ,\"application-billingtransfer-display-component---billingWorkbench--smartFilterBar-btnBasicSearch\")]"}
COMMAND: POST /session/9d48326ae870b5d3a573a2f725ac1bbc/elements - {"using":"xpath","value":"//input[contains(@id ,\"application-billingtransfer-display-component---billingWorkbench--smartFilterBar-btnBasicSearch\")]"}
RESULT: {"using":"xpath","value":"//input[contains(@id ,\"application-billingtransfer-display-component---billingWorkbench--smartFilterBar-btnBasicSearch\")]"}
COMMAND: POST /session/9d48326ae870b5d3a573a2f725ac1bbc/elements - {"using":"xpath","value":"//input[contains(@id ,\"application-billingtransfer-display-component---billingWorkbench--smartFilterBar-btnBasicSearch\")]"}
RESULT: {"using":"xpath","value":"//input[contains(@id ,\"application-billingtransfer-display-component---billingWorkbench--smartFilterBar-btnBasicSearch\")]"}
COMMAND: POST /session/9d48326ae870b5d3a573a2f725ac1bbc/elements - {"using":"xpath","value":"//input[contains(@id ,\"application-billingtransfer-display-component---billingWorkbench--smartFilterBar-btnBasicSearch\")]"}
RESULT: {"using":"xpath","value":"//input[contains(@id ,\"application-billingtransfer-display-component---billingWorkbench--smartFilterBar-btnBasicSearch\")]"}
COMMAND: POST /session/9d48326ae870b5d3a573a2f725ac1bbc/elements - {"using":"xpath","value":"//input[contains(@id ,\"application-billingtransfer-display-component---billingWorkbench--smartFilterBar-btnBasicSearch\")]"}
RESULT: {"using":"xpath","value":"//input[contains(@id ,\"application-billingtransfer-display-component---billingWorkbench--smartFilterBar-btnBasicSearch\")]"}
COMMAND: POST /session/9d48326ae870b5d3a573a2f725ac1bbc/elements - {"using":"xpath","value":"//input[contains(@id ,\"application-billingtransfer-display-component---billingWorkbench--smartFilterBar-btnBasicSearch\")]"}
RESULT: {"using":"xpath","value":"//input[contains(@id ,\"application-billingtransfer-display-component---billingWorkbench--smartFilterBar-btnBasicSearch\")]"}
COMMAND: POST /session/9d48326ae870b5d3a573a2f725ac1bbc/elements - {"using":"xpath","value":"//input[contains(@id ,\"application-billingtransfer-display-component---billingWorkbench--smartFilterBar-btnBasicSearch\")]"}
RESULT: {"using":"xpath","value":"//input[contains(@id ,\"application-billingtransfer-display-component---billingWorkbench--smartFilterBar-btnBasicSearch\")]"}
COMMAND: POST /session/9d48326ae870b5d3a573a2f725ac1bbc/elements - {"using":"xpath","value":"//input[contains(@id ,\"application-billingtransfer-display-component---billingWorkbench--smartFilterBar-btnBasicSearch\")]"}
RESULT: {"using":"xpath","value":"//input[contains(@id ,\"application-billingtransfer-display-component---billingWorkbench--smartFilterBar-btnBasicSearch\")]"}
COMMAND: POST /session/9d48326ae870b5d3a573a2f725ac1bbc/elements - {"using":"xpath","value":"//input[contains(@id ,\"application-billingtransfer-display-component---billingWorkbench--smartFilterBar-btnBasicSearch\")]"}
RESULT: {"using":"xpath","value":"//input[contains(@id ,\"application-billingtransfer-display-component---billingWorkbench--smartFilterBar-btnBasicSearch\")]"}
COMMAND: POST /session/9d48326ae870b5d3a573a2f725ac1bbc/elements - {"using":"xpath","value":"//input[contains(@id ,\"application-billingtransfer-display-component---billingWorkbench--smartFilterBar-btnBasicSearch\")]"}
RESULT: {"using":"xpath","value":"//input[contains(@id ,\"application-billingtransfer-display-component---billingWorkbench--smartFilterBar-btnBasicSearch\")]"}
COMMAND: POST /session/9d48326ae870b5d3a573a2f725ac1bbc/elements - {"using":"xpath","value":"//input[contains(@id ,\"application-billingtransfer-display-component---billingWorkbench--smartFilterBar-btnBasicSearch\")]"}
RESULT: {"using":"xpath","value":"//input[contains(@id ,\"application-billingtransfer-display-component---billingWorkbench--smartFilterBar-btnBasicSearch\")]"}
COMMAND: POST /session/9d48326ae870b5d3a573a2f725ac1bbc/elements - {"using":"xpath","value":"//input[contains(@id ,\"application-billingtransfer-display-component---billingWorkbench--smartFilterBar-btnBasicSearch\")]"}
RESULT: {"using":"xpath","value":"//input[contains(@id ,\"application-billingtransfer-display-component---billingWorkbench--smartFilterBar-btnBasicSearch\")]"}
COMMAND: POST /session/9d48326ae870b5d3a573a2f725ac1bbc/elements - {"using":"xpath","value":"//input[contains(@id ,\"application-billingtransfer-display-component---billingWorkbench--smartFilterBar-btnBasicSearch\")]"}
RESULT: {"using":"xpath","value":"//input[contains(@id ,\"application-billingtransfer-display-component---billingWorkbench--smartFilterBar-btnBasicSearch\")]"}
COMMAND: POST /session/9d48326ae870b5d3a573a2f725ac1bbc/elements - {"using":"xpath","value":"//input[contains(@id ,\"application-billingtransfer-display-component---billingWorkbench--smartFilterBar-btnBasicSearch\")]"}
RESULT: {"using":"xpath","value":"//input[contains(@id ,\"application-billingtransfer-display-component---billingWorkbench--smartFilterBar-btnBasicSearch\")]"}
COMMAND: POST /session/9d48326ae870b5d3a573a2f725ac1bbc/elements - {"using":"xpath","value":"//input[contains(@id ,\"application-billingtransfer-display-component---billingWorkbench--smartFilterBar-btnBasicSearch\")]"}
RESULT: {"using":"xpath","value":"//input[contains(@id ,\"application-billingtransfer-display-component---billingWorkbench--smartFilterBar-btnBasicSearch\")]"}
COMMAND: POST /session/9d48326ae870b5d3a573a2f725ac1bbc/elements - {"using":"xpath","value":"//input[contains(@id ,\"application-billingtransfer-display-component---billingWorkbench--smartFilterBar-btnBasicSearch\")]"}
RESULT: {"using":"xpath","value":"//input[contains(@id ,\"application-billingtransfer-display-component---billingWorkbench--smartFilterBar-btnBasicSearch\")]"}
COMMAND: POST /session/9d48326ae870b5d3a573a2f725ac1bbc/elements - {"using":"xpath","value":"//input[contains(@id ,\"application-billingtransfer-display-component---billingWorkbench--smartFilterBar-btnBasicSearch\")]"}
RESULT: {"using":"xpath","value":"//input[contains(@id ,\"application-billingtransfer-display-component---billingWorkbench--smartFilterBar-btnBasicSearch\")]"}
COMMAND: POST /session/9d48326ae870b5d3a573a2f725ac1bbc/elements - {"using":"xpath","value":"//input[contains(@id ,\"application-billingtransfer-display-component---billingWorkbench--smartFilterBar-btnBasicSearch\")]"}
RESULT: {"using":"xpath","value":"//input[contains(@id ,\"application-billingtransfer-display-component---billingWorkbench--smartFilterBar-btnBasicSearch\")]"}
COMMAND: POST /session/9d48326ae870b5d3a573a2f725ac1bbc/elements - {"using":"xpath","value":"//input[contains(@id ,\"application-billingtransfer-display-component---billingWorkbench--smartFilterBar-btnBasicSearch\")]"}
RESULT: {"using":"xpath","value":"//input[contains(@id ,\"application-billingtransfer-display-component---billingWorkbench--smartFilterBar-btnBasicSearch\")]"}
COMMAND: POST /session/9d48326ae870b5d3a573a2f725ac1bbc/elements - {"using":"xpath","value":"//input[contains(@id ,\"application-billingtransfer-display-component---billingWorkbench--smartFilterBar-btnBasicSearch\")]"}
RESULT: {"using":"xpath","value":"//input[contains(@id ,\"application-billingtransfer-display-component---billingWorkbench--smartFilterBar-btnBasicSearch\")]"}
COMMAND: POST /session/9d48326ae870b5d3a573a2f725ac1bbc/elements - {"using":"xpath","value":"//input[contains(@id ,\"application-billingtransfer-display-component---billingWorkbench--smartFilterBar-btnBasicSearch\")]"}
RESULT: {"using":"xpath","value":"//input[contains(@id ,\"application-billingtransfer-display-component---billingWorkbench--smartFilterBar-btnBasicSearch\")]"}
COMMAND: POST /session/9d48326ae870b5d3a573a2f725ac1bbc/elements - {"using":"xpath","value":"//input[contains(@id ,\"application-billingtransfer-display-component---billingWorkbench--smartFilterBar-btnBasicSearch\")]"}
RESULT: {"using":"xpath","value":"//input[contains(@id ,\"application-billingtransfer-display-component---billingWorkbench--smartFilterBar-btnBasicSearch\")]"}
COMMAND: POST /session/9d48326ae870b5d3a573a2f725ac1bbc/elements - {"using":"xpath","value":"//input[contains(@id ,\"application-billingtransfer-display-component---billingWorkbench--smartFilterBar-btnBasicSearch\")]"}
RESULT: {"using":"xpath","value":"//input[contains(@id ,\"application-billingtransfer-display-component---billingWorkbench--smartFilterBar-btnBasicSearch\")]"}
COMMAND: POST /session/9d48326ae870b5d3a573a2f725ac1bbc/elements - {"using":"xpath","value":"//input[contains(@id ,\"application-billingtransfer-display-component---billingWorkbench--smartFilterBar-btnBasicSearch\")]"}
RESULT: {"using":"xpath","value":"//input[contains(@id ,\"application-billingtransfer-display-component---billingWorkbench--smartFilterBar-btnBasicSearch\")]"}
COMMAND: POST /session/9d48326ae870b5d3a573a2f725ac1bbc/elements - {"using":"xpath","value":"//input[contains(@id ,\"application-billingtransfer-display-component---billingWorkbench--smartFilterBar-btnBasicSearch\")]"}
RESULT: {"using":"xpath","value":"//input[contains(@id ,\"application-billingtransfer-display-component---billingWorkbench--smartFilterBar-btnBasicSearch\")]"}
COMMAND: POST /session/9d48326ae870b5d3a573a2f725ac1bbc/elements - {"using":"xpath","value":"//input[contains(@id ,\"application-billingtransfer-display-component---billingWorkbench--smartFilterBar-btnBasicSearch\")]"}
RESULT: {"using":"xpath","value":"//input[contains(@id ,\"application-billingtransfer-display-component---billingWorkbench--smartFilterBar-btnBasicSearch\")]"}
COMMAND: POST /session/9d48326ae870b5d3a573a2f725ac1bbc/elements - {"using":"xpath","value":"//input[contains(@id ,\"application-billingtransfer-display-component---billingWorkbench--smartFilterBar-btnBasicSearch\")]"}
RESULT: {"using":"xpath","value":"//input[contains(@id ,\"application-billingtransfer-display-component---billingWorkbench--smartFilterBar-btnBasicSearch\")]"}
COMMAND: POST /session/9d48326ae870b5d3a573a2f725ac1bbc/elements - {"using":"xpath","value":"//input[contains(@id ,\"application-billingtransfer-display-component---billingWorkbench--smartFilterBar-btnBasicSearch\")]"}
RESULT: {"using":"xpath","value":"//input[contains(@id ,\"application-billingtransfer-display-component---billingWorkbench--smartFilterBar-btnBasicSearch\")]"}
COMMAND: POST /session/9d48326ae870b5d3a573a2f725ac1bbc/elements - {"using":"xpath","value":"//input[contains(@id ,\"application-billingtransfer-display-component---billingWorkbench--smartFilterBar-btnBasicSearch\")]"}
RESULT: {"using":"xpath","value":"//input[contains(@id ,\"application-billingtransfer-display-component---billingWorkbench--smartFilterBar-btnBasicSearch\")]"}
COMMAND: POST /session/9d48326ae870b5d3a573a2f725ac1bbc/elements - {"using":"xpath","value":"//input[contains(@id ,\"application-billingtransfer-display-component---billingWorkbench--smartFilterBar-btnBasicSearch\")]"}
RESULT: {"using":"xpath","value":"//input[contains(@id ,\"application-billingtransfer-display-component---billingWorkbench--smartFilterBar-btnBasicSearch\")]"}
COMMAND: POST /session/9d48326ae870b5d3a573a2f725ac1bbc/elements - {"using":"xpath","value":"//input[contains(@id ,\"application-billingtransfer-display-component---billingWorkbench--smartFilterBar-btnBasicSearch\")]"}
RESULT: {"using":"xpath","value":"//input[contains(@id ,\"application-billingtransfer-display-component---billingWorkbench--smartFilterBar-btnBasicSearch\")]"}
COMMAND: GET /session/9d48326ae870b5d3a573a2f725ac1bbc/screenshot - {}
RESULT: {}
COMMAND: GET /session/9d48326ae870b5d3a573a2f725ac1bbc/screenshot - {}
COMMAND: POST /session/9d48326ae870b5d3a573a2f725ac1bbc/element - {"using":"css selector","value":"#j_username"}
COMMAND: POST /session/9d48326ae870b5d3a573a2f725ac1bbc/url - {"url":"https://qa-testing-00-live-etm-ui.cfapps.eu10-004.hana.ondemand.com/"}
COMMAND: GET /session/9d48326ae870b5d3a573a2f725ac1bbc/screenshot - {}
RESULT: {}
RESULT: {"url":"https://qa-testing-00-live-etm-ui.cfapps.eu10-004.hana.ondemand.com/"}
RESULT: undefined
COMMAND: GET /session/9d48326ae870b5d3a573a2f725ac1bbc/screenshot - {}
RESULT: {"using":"css selector","value":"#j_username"}
COMMAND: POST /session/9d48326ae870b5d3a573a2f725ac1bbc/element - {"using":"css selector","value":"#j_username"}
RESULT: {}
RESULT: {}
RESULT: {"using":"css selector","value":"#j_username"}
COMMAND: POST /session/9d48326ae870b5d3a573a2f725ac1bbc/element - {"using":"css selector","value":"#shell-header-logo"}
RESULT: {"using":"css selector","value":"#shell-header-logo"}
COMMAND: POST /session/9d48326ae870b5d3a573a2f725ac1bbc/execute/sync - {"script":"<script> [8489 bytes]","args":[{"element-6066-11e4-a52e-4f735466cecf":"f.0A588440BBC4B09490297E8A4E4C478B.d.A5E1F976CEF18573CDD9DA4759EC3336.e.10500","ELEMENT":"f.0A588440BBC4B09490297E8A4E4C478B.d.A5E1F976CEF18573CDD9DA4759EC3336.e.10500"}]}
RESULT: {"script":"<script> [8489 bytes]","args":[{"element-6066-11e4-a52e-4f735466cecf":"f.0A588440BBC4B09490297E8A4E4C478B.d.A5E1F976CEF18573CDD9DA4759EC3336.e.10500","ELEMENT":"f.0A588440BBC4B09490297E8A4E4C478B.d.A5E1F976CEF18573CDD9DA4759EC3336.e.10500"}]}
COMMAND: POST /session/9d48326ae870b5d3a573a2f725ac1bbc/element - {"using":"css selector","value":"#shell-header-logo"}
COMMAND: GET /session/9d48326ae870b5d3a573a2f725ac1bbc/screenshot - {}
RESULT: {"using":"css selector","value":"#shell-header-logo"}
COMMAND: POST /session/9d48326ae870b5d3a573a2f725ac1bbc/execute/sync - {"script":"<script> [8489 bytes]","args":[{"element-6066-11e4-a52e-4f735466cecf":"f.0A588440BBC4B09490297E8A4E4C478B.d.A5E1F976CEF18573CDD9DA4759EC3336.e.10500","ELEMENT":"f.0A588440BBC4B09490297E8A4E4C478B.d.A5E1F976CEF18573CDD9DA4759EC3336.e.10500"}]}
RESULT: {}
RESULT: {"script":"<script> [8489 bytes]","args":[{"element-6066-11e4-a52e-4f735466cecf":"f.0A588440BBC4B09490297E8A4E4C478B.d.A5E1F976CEF18573CDD9DA4759EC3336.e.10500","ELEMENT":"f.0A588440BBC4B09490297E8A4E4C478B.d.A5E1F976CEF18573CDD9DA4759EC3336.e.10500"}]}
COMMAND: POST /session/9d48326ae870b5d3a573a2f725ac1bbc/execute/sync - {"script":"<script> [5351 bytes]","args":[{"element-6066-11e4-a52e-4f735466cecf":"f.0A588440BBC4B09490297E8A4E4C478B.d.A5E1F976CEF18573CDD9DA4759EC3336.e.10500","ELEMENT":"f.0A588440BBC4B09490297E8A4E4C478B.d.A5E1F976CEF18573CDD9DA4759EC3336.e.10500"}]}
COMMAND: GET /session/9d48326ae870b5d3a573a2f725ac1bbc/screenshot - {}
RESULT: {"script":"<script> [5351 bytes]","args":[{"element-6066-11e4-a52e-4f735466cecf":"f.0A588440BBC4B09490297E8A4E4C478B.d.A5E1F976CEF18573CDD9DA4759EC3336.e.10500","ELEMENT":"f.0A588440BBC4B09490297E8A4E4C478B.d.A5E1F976CEF18573CDD9DA4759EC3336.e.10500"}]}
COMMAND: POST /session/9d48326ae870b5d3a573a2f725ac1bbc/element - {"using":"css selector","value":"#shell-header-logo"}
COMMAND: GET /session/9d48326ae870b5d3a573a2f725ac1bbc/screenshot - {}
RESULT: {}
RESULT: {"using":"css selector","value":"#shell-header-logo"}
COMMAND: POST /session/9d48326ae870b5d3a573a2f725ac1bbc/element/f.0A588440BBC4B09490297E8A4E4C478B.d.A5E1F976CEF18573CDD9DA4759EC3336.e.10500/click - {}
RESULT: {}
RESULT: {}
COMMAND: GET /session/9d48326ae870b5d3a573a2f725ac1bbc/screenshot - {}
RESULT: {}
COMMAND: POST /session/9d48326ae870b5d3a573a2f725ac1bbc/execute/async - {"script":"<script> [189 bytes]","args":[]}
RESULT: {"script":"<script> [189 bytes]","args":[]}
COMMAND: POST /session/9d48326ae870b5d3a573a2f725ac1bbc/execute/async - {"script":"<script> [123 bytes]","args":[]}
RESULT: {"script":"<script> [123 bytes]","args":[]}
COMMAND: POST /session/9d48326ae870b5d3a573a2f725ac1bbc/timeouts - {"script":"<number>"}
RESULT: {"script":"<number>"}
COMMAND: GET /session/9d48326ae870b5d3a573a2f725ac1bbc/timeouts - {}
RESULT: {}
RESULT: undefined
COMMAND: POST /session/9d48326ae870b5d3a573a2f725ac1bbc/execute/async - {"script":"<script> [2676 bytes]","args":[]}
RESULT: {"script":"<script> [2676 bytes]","args":[]}
COMMAND: POST /session/9d48326ae870b5d3a573a2f725ac1bbc/execute/async - {"script":"<script> [2342 bytes]","args":[{"protocol":"http","hostname":"0.0.0.0","path":"/","capabilities":{"browserName":"chrome","goog:chromeOptions":{"binary":"C:\\Program Files\\Google\\Chrome\\Application\\chrome.exe","args":["--start-maximized"]}},"logLevel":"warn","connectionRetryTimeout":120000,"connectionRetryCount":3,"logLevels":{},"enableDirectConnect":true,"strictSSL":true,"_":"65 more keys: [\"cacheDir\",\"port\",\"requestedCapabilities\",\"automationProtocol\",\"baseUrl\",\"waitforInterval\",\"waitforTimeout\",\"onReload\",\"beforeCommand\",\"afterCommand\",\"rootDir\",\"specs\",\"suites\",\"exclude\",\"groupLogsByTestSpec\",\"excludeDriverLogs\",\"bail\",\"framework\",\"reporters\",\"services\",\"maxInstances\",\"maxInstancesPerCapability\",\"injectGlobals\",\"filesToWatch\",\"execArgv\",\"runnerEnv\",\"runner\",\"shard\",\"specFileRetries\",\"specFileRetriesDelay\",\"specFileRetriesDeferred\",\"reporterSyncInterval\",\"reporterSyncTimeout\",\"cucumberFeaturesWithLineNumbers\",\"autoCompileOpts\",\"mochaOpts\",\"jasmineOpts\",\"cucumberOpts\",\"onPrepare\",\"onWorkerStart\",\"onWorkerEnd\",\"before\",\"beforeSession\",\"beforeSuite\",\"beforeHook\",\"beforeTest\",\"afterTest\",\"afterHook\",\"afterSuite\",\"afterSession\",\"after\",\"onComplete\",\"beforeAssertion\",\"afterAssertion\",\"beforeFeature\",\"beforeScenario\",\"beforeStep\",\"afterStep\",\"afterScenario\",\"afterFeature\",\"_\",\"suite\",\"$0\",\"ignoredWorkerServices\",\"wdi5\"]"}]}
RESULT: {"script":"<script> [2342 bytes]","args":[{"protocol":"http","hostname":"0.0.0.0","path":"/","capabilities":{"browserName":"chrome","goog:chromeOptions":{"binary":"C:\\Program Files\\Google\\Chrome\\Application\\chrome.exe","args":["--start-maximized"]}},"logLevel":"warn","connectionRetryTimeout":120000,"connectionRetryCount":3,"logLevels":{},"enableDirectConnect":true,"strictSSL":true,"_":"65 more keys: [\"cacheDir\",\"port\",\"requestedCapabilities\",\"automationProtocol\",\"baseUrl\",\"waitforInterval\",\"waitforTimeout\",\"onReload\",\"beforeCommand\",\"afterCommand\",\"rootDir\",\"specs\",\"suites\",\"exclude\",\"groupLogsByTestSpec\",\"excludeDriverLogs\",\"bail\",\"framework\",\"reporters\",\"services\",\"maxInstances\",\"maxInstancesPerCapability\",\"injectGlobals\",\"filesToWatch\",\"execArgv\",\"runnerEnv\",\"runner\",\"shard\",\"specFileRetries\",\"specFileRetriesDelay\",\"specFileRetriesDeferred\",\"reporterSyncInterval\",\"reporterSyncTimeout\",\"cucumberFeaturesWithLineNumbers\",\"autoCompileOpts\",\"mochaOpts\",\"jasmineOpts\",\"cucumberOpts\",\"onPrepare\",\"onWorkerStart\",\"onWorkerEnd\",\"before\",\"beforeSession\",\"beforeSuite\",\"beforeHook\",\"beforeTest\",\"afterTest\",\"afterHook\",\"afterSuite\",\"afterSession\",\"after\",\"onComplete\",\"beforeAssertion\",\"afterAssertion\",\"beforeFeature\",\"beforeScenario\",\"beforeStep\",\"afterStep\",\"afterScenario\",\"afterFeature\",\"_\",\"suite\",\"$0\",\"ignoredWorkerServices\",\"wdi5\"]"}]}
COMMAND: POST /session/9d48326ae870b5d3a573a2f725ac1bbc/execute/async - {"script":"<script> [21126 bytes]","args":[35000]}
RESULT: {"script":"<script> [21126 bytes]","args":[35000]}
COMMAND: POST /session/9d48326ae870b5d3a573a2f725ac1bbc/window/maximize - {}
RESULT: {}
COMMAND: POST /session/9d48326ae870b5d3a573a2f725ac1bbc/execute/async - {"script":"<script> [1562 bytes]","args":[{"selector":{"id":"shell-header","interaction":{"idSuffix":"icon"}},"wdio_ui5_key":"shellheader"}]}
COMMAND: GET /session/9d48326ae870b5d3a573a2f725ac1bbc/screenshot - {}
RESULT: {"script":"<script> [1562 bytes]","args":[{"selector":{"id":"shell-header","interaction":{"idSuffix":"icon"}},"wdio_ui5_key":"shellheader"}]}
RESULT: undefined
COMMAND: POST /session/9d48326ae870b5d3a573a2f725ac1bbc/refresh - {}
RESULT: {}
RESULT: {}
COMMAND: GET /session/9d48326ae870b5d3a573a2f725ac1bbc/screenshot - {}
RESULT: {}
COMMAND: POST /session/9d48326ae870b5d3a573a2f725ac1bbc/refresh - {}
RESULT: {}
COMMAND: GET /session/9d48326ae870b5d3a573a2f725ac1bbc/screenshot - {}
RESULT: {}
COMMAND: POST /session/9d48326ae870b5d3a573a2f725ac1bbc/window/fullscreen - {}
RESULT: {}
COMMAND: POST /session/9d48326ae870b5d3a573a2f725ac1bbc/execute/async - {"script":"<script> [189 bytes]","args":[]}
RESULT: {"script":"<script> [189 bytes]","args":[]}
COMMAND: POST /session/9d48326ae870b5d3a573a2f725ac1bbc/execute/async - {"script":"<script> [123 bytes]","args":[]}
RESULT: {"script":"<script> [123 bytes]","args":[]}
COMMAND: POST /session/9d48326ae870b5d3a573a2f725ac1bbc/timeouts - {"script":"<number>"}
RESULT: {"script":"<number>"}
COMMAND: GET /session/9d48326ae870b5d3a573a2f725ac1bbc/timeouts - {}
RESULT: {}
RESULT: undefined
COMMAND: POST /session/9d48326ae870b5d3a573a2f725ac1bbc/execute/async - {"script":"<script> [2676 bytes]","args":[]}
RESULT: {"script":"<script> [2676 bytes]","args":[]}
COMMAND: POST /session/9d48326ae870b5d3a573a2f725ac1bbc/execute/async - {"script":"<script> [2342 bytes]","args":[{"protocol":"http","hostname":"0.0.0.0","path":"/","capabilities":{"browserName":"chrome","goog:chromeOptions":{"binary":"C:\\Program Files\\Google\\Chrome\\Application\\chrome.exe","args":["--start-maximized"]}},"logLevel":"warn","connectionRetryTimeout":120000,"connectionRetryCount":3,"logLevels":{},"enableDirectConnect":true,"strictSSL":true,"_":"65 more keys: [\"cacheDir\",\"port\",\"requestedCapabilities\",\"automationProtocol\",\"baseUrl\",\"waitforInterval\",\"waitforTimeout\",\"onReload\",\"beforeCommand\",\"afterCommand\",\"rootDir\",\"specs\",\"suites\",\"exclude\",\"groupLogsByTestSpec\",\"excludeDriverLogs\",\"bail\",\"framework\",\"reporters\",\"services\",\"maxInstances\",\"maxInstancesPerCapability\",\"injectGlobals\",\"filesToWatch\",\"execArgv\",\"runnerEnv\",\"runner\",\"shard\",\"specFileRetries\",\"specFileRetriesDelay\",\"specFileRetriesDeferred\",\"reporterSyncInterval\",\"reporterSyncTimeout\",\"cucumberFeaturesWithLineNumbers\",\"autoCompileOpts\",\"mochaOpts\",\"jasmineOpts\",\"cucumberOpts\",\"onPrepare\",\"onWorkerStart\",\"onWorkerEnd\",\"before\",\"beforeSession\",\"beforeSuite\",\"beforeHook\",\"beforeTest\",\"afterTest\",\"afterHook\",\"afterSuite\",\"afterSession\",\"after\",\"onComplete\",\"beforeAssertion\",\"afterAssertion\",\"beforeFeature\",\"beforeScenario\",\"beforeStep\",\"afterStep\",\"afterScenario\",\"afterFeature\",\"_\",\"suite\",\"$0\",\"ignoredWorkerServices\",\"wdi5\"]"}]}
RESULT: {"script":"<script> [2342 bytes]","args":[{"protocol":"http","hostname":"0.0.0.0","path":"/","capabilities":{"browserName":"chrome","goog:chromeOptions":{"binary":"C:\\Program Files\\Google\\Chrome\\Application\\chrome.exe","args":["--start-maximized"]}},"logLevel":"warn","connectionRetryTimeout":120000,"connectionRetryCount":3,"logLevels":{},"enableDirectConnect":true,"strictSSL":true,"_":"65 more keys: [\"cacheDir\",\"port\",\"requestedCapabilities\",\"automationProtocol\",\"baseUrl\",\"waitforInterval\",\"waitforTimeout\",\"onReload\",\"beforeCommand\",\"afterCommand\",\"rootDir\",\"specs\",\"suites\",\"exclude\",\"groupLogsByTestSpec\",\"excludeDriverLogs\",\"bail\",\"framework\",\"reporters\",\"services\",\"maxInstances\",\"maxInstancesPerCapability\",\"injectGlobals\",\"filesToWatch\",\"execArgv\",\"runnerEnv\",\"runner\",\"shard\",\"specFileRetries\",\"specFileRetriesDelay\",\"specFileRetriesDeferred\",\"reporterSyncInterval\",\"reporterSyncTimeout\",\"cucumberFeaturesWithLineNumbers\",\"autoCompileOpts\",\"mochaOpts\",\"jasmineOpts\",\"cucumberOpts\",\"onPrepare\",\"onWorkerStart\",\"onWorkerEnd\",\"before\",\"beforeSession\",\"beforeSuite\",\"beforeHook\",\"beforeTest\",\"afterTest\",\"afterHook\",\"afterSuite\",\"afterSession\",\"after\",\"onComplete\",\"beforeAssertion\",\"afterAssertion\",\"beforeFeature\",\"beforeScenario\",\"beforeStep\",\"afterStep\",\"afterScenario\",\"afterFeature\",\"_\",\"suite\",\"$0\",\"ignoredWorkerServices\",\"wdi5\"]"}]}
COMMAND: POST /session/9d48326ae870b5d3a573a2f725ac1bbc/execute/async - {"script":"<script> [21126 bytes]","args":[35000]}
RESULT: {"script":"<script> [21126 bytes]","args":[35000]}
]]></system-out>
      <system-err><![CDATA[
Error: element ("//input[contains(@id ,"application-billingtransfer-display-component---billingWorkbench--smartFilterBar-btnBasicSearch")]") still not existing after 45000ms
    at async UtilsPrerequisites.narrowDownSearchBT (D:\a\1\s\test\specs\BTS\prerequisites-and-utils-functions.js:2882:9)
    at async UtilsPrerequisites.billingTransfer (D:\a\1\s\test\specs\BTS\prerequisites-and-utils-functions.js:2807:9)
    at async Context.<anonymous> (D:\a\1\s\test\specs\BTS\billing-transfer-intracompany.spec.js:90:9)
]]></system-err>
    </testcase>
  </testsuite>
  <testsuite timestamp="2025-05-31T17:58:42" time="741.146" tests="12" failures="6" errors="6" skipped="0">
    <properties>
      <property name="specId" value="0"/>
      <property name="suiteName" value="Billing transfer US117289"/>
      <property name="capabilities" value="chrome.136_0_7103_93.windows"/>
      <property name="file" value="file:///D:/a/1/s/test/specs/BTS/billing-transfer.spec.js"/>
    </properties>
    <testcase classname="chrome.136_0_7103_93.windows.Billing_transfer_US117289" name="Should create a new yard" time="0.012">
      <system-out><![CDATA[
COMMAND: POST /session/9d48326ae870b5d3a573a2f725ac1bbc/window/fullscreen - {}
RESULT: {}
]]></system-out>
    </testcase>
    <testcase classname="chrome.136_0_7103_93.windows.Billing_transfer_US117289" name="Should create a new partner" time="0.005"/>
    <testcase classname="chrome.136_0_7103_93.windows.Billing_transfer_US117289" name="Should create a new site" time="0.004"/>
    <testcase classname="chrome.136_0_7103_93.windows.Billing_transfer_US117289" name="Should create a new equipment" time="148.751">
      <system-out><![CDATA[
COMMAND: POST /session/9d48326ae870b5d3a573a2f725ac1bbc/execute/async - {"script":"<script> [1562 bytes]","args":[{"selector":{"controlType":"sap.m.GenericTile","properties":{"header":"Manage Resources"}},"wdio_ui5_key":"sapm.GenericTile{\"header\":\"Manage Resources\"}"}]}
RESULT: {"script":"<script> [1562 bytes]","args":[{"selector":{"controlType":"sap.m.GenericTile","properties":{"header":"Manage Resources"}},"wdio_ui5_key":"sapm.GenericTile{\"header\":\"Manage Resources\"}"}]}
RESULT: undefined
COMMAND: POST /session/9d48326ae870b5d3a573a2f725ac1bbc/element - {"using":"xpath","value":"//*[@id=\"__tile39\"]"}
RESULT: {"using":"xpath","value":"//*[@id=\"__tile39\"]"}
COMMAND: POST /session/9d48326ae870b5d3a573a2f725ac1bbc/element/f.0A588440BBC4B09490297E8A4E4C478B.d.4BCA16630E35F90949F4DB4EC5D794AD.e.10658/click - {}
RESULT: {}
COMMAND: GET /session/9d48326ae870b5d3a573a2f725ac1bbc/screenshot - {}
RESULT: {}
COMMAND: POST /session/9d48326ae870b5d3a573a2f725ac1bbc/elements - {"using":"xpath","value":"//span[text()='Error']"}
RESULT: {"using":"xpath","value":"//span[text()='Error']"}
COMMAND: POST /session/9d48326ae870b5d3a573a2f725ac1bbc/element - {"using":"xpath","value":"//button[@data-kt=\"addNewRUOverflowToolbarButton\"]"}
RESULT: {"using":"xpath","value":"//button[@data-kt=\"addNewRUOverflowToolbarButton\"]"}
COMMAND: POST /session/9d48326ae870b5d3a573a2f725ac1bbc/elements - {"using":"xpath","value":"//button[@data-kt=\"addNewRUOverflowToolbarButton\"]"}
RESULT: {"using":"xpath","value":"//button[@data-kt=\"addNewRUOverflowToolbarButton\"]"}
COMMAND: POST /session/9d48326ae870b5d3a573a2f725ac1bbc/elements - {"using":"xpath","value":"//button[@data-kt=\"addNewRUOverflowToolbarButton\"]"}
RESULT: {"using":"xpath","value":"//button[@data-kt=\"addNewRUOverflowToolbarButton\"]"}
COMMAND: POST /session/9d48326ae870b5d3a573a2f725ac1bbc/elements - {"using":"xpath","value":"//button[@data-kt=\"addNewRUOverflowToolbarButton\"]"}
RESULT: {"using":"xpath","value":"//button[@data-kt=\"addNewRUOverflowToolbarButton\"]"}
COMMAND: POST /session/9d48326ae870b5d3a573a2f725ac1bbc/elements - {"using":"xpath","value":"//button[@data-kt=\"addNewRUOverflowToolbarButton\"]"}
RESULT: {"using":"xpath","value":"//button[@data-kt=\"addNewRUOverflowToolbarButton\"]"}
COMMAND: POST /session/9d48326ae870b5d3a573a2f725ac1bbc/elements - {"using":"xpath","value":"//button[@data-kt=\"addNewRUOverflowToolbarButton\"]"}
RESULT: {"using":"xpath","value":"//button[@data-kt=\"addNewRUOverflowToolbarButton\"]"}
COMMAND: POST /session/9d48326ae870b5d3a573a2f725ac1bbc/elements - {"using":"xpath","value":"//button[@data-kt=\"addNewRUOverflowToolbarButton\"]"}
RESULT: {"using":"xpath","value":"//button[@data-kt=\"addNewRUOverflowToolbarButton\"]"}
COMMAND: POST /session/9d48326ae870b5d3a573a2f725ac1bbc/elements - {"using":"xpath","value":"//button[@data-kt=\"addNewRUOverflowToolbarButton\"]"}
RESULT: {"using":"xpath","value":"//button[@data-kt=\"addNewRUOverflowToolbarButton\"]"}
COMMAND: POST /session/9d48326ae870b5d3a573a2f725ac1bbc/elements - {"using":"xpath","value":"//button[@data-kt=\"addNewRUOverflowToolbarButton\"]"}
RESULT: {"using":"xpath","value":"//button[@data-kt=\"addNewRUOverflowToolbarButton\"]"}
COMMAND: POST /session/9d48326ae870b5d3a573a2f725ac1bbc/elements - {"using":"xpath","value":"//button[@data-kt=\"addNewRUOverflowToolbarButton\"]"}
RESULT: {"using":"xpath","value":"//button[@data-kt=\"addNewRUOverflowToolbarButton\"]"}
COMMAND: POST /session/9d48326ae870b5d3a573a2f725ac1bbc/elements - {"using":"xpath","value":"//button[@data-kt=\"addNewRUOverflowToolbarButton\"]"}
RESULT: {"using":"xpath","value":"//button[@data-kt=\"addNewRUOverflowToolbarButton\"]"}
COMMAND: POST /session/9d48326ae870b5d3a573a2f725ac1bbc/elements - {"using":"xpath","value":"//button[@data-kt=\"addNewRUOverflowToolbarButton\"]"}
RESULT: {"using":"xpath","value":"//button[@data-kt=\"addNewRUOverflowToolbarButton\"]"}
COMMAND: POST /session/9d48326ae870b5d3a573a2f725ac1bbc/elements - {"using":"xpath","value":"//button[@data-kt=\"addNewRUOverflowToolbarButton\"]"}
RESULT: {"using":"xpath","value":"//button[@data-kt=\"addNewRUOverflowToolbarButton\"]"}
COMMAND: POST /session/9d48326ae870b5d3a573a2f725ac1bbc/elements - {"using":"xpath","value":"//button[@data-kt=\"addNewRUOverflowToolbarButton\"]"}
RESULT: {"using":"xpath","value":"//button[@data-kt=\"addNewRUOverflowToolbarButton\"]"}
COMMAND: POST /session/9d48326ae870b5d3a573a2f725ac1bbc/elements - {"using":"xpath","value":"//button[@data-kt=\"addNewRUOverflowToolbarButton\"]"}
RESULT: {"using":"xpath","value":"//button[@data-kt=\"addNewRUOverflowToolbarButton\"]"}
COMMAND: POST /session/9d48326ae870b5d3a573a2f725ac1bbc/elements - {"using":"xpath","value":"//button[@data-kt=\"addNewRUOverflowToolbarButton\"]"}
RESULT: {"using":"xpath","value":"//button[@data-kt=\"addNewRUOverflowToolbarButton\"]"}
COMMAND: POST /session/9d48326ae870b5d3a573a2f725ac1bbc/elements - {"using":"xpath","value":"//button[@data-kt=\"addNewRUOverflowToolbarButton\"]"}
RESULT: {"using":"xpath","value":"//button[@data-kt=\"addNewRUOverflowToolbarButton\"]"}
COMMAND: POST /session/9d48326ae870b5d3a573a2f725ac1bbc/elements - {"using":"xpath","value":"//button[@data-kt=\"addNewRUOverflowToolbarButton\"]"}
RESULT: {"using":"xpath","value":"//button[@data-kt=\"addNewRUOverflowToolbarButton\"]"}
COMMAND: POST /session/9d48326ae870b5d3a573a2f725ac1bbc/element - {"using":"xpath","value":"//button[@data-kt=\"addNewRUOverflowToolbarButton\"]"}
RESULT: {"using":"xpath","value":"//button[@data-kt=\"addNewRUOverflowToolbarButton\"]"}
COMMAND: POST /session/9d48326ae870b5d3a573a2f725ac1bbc/execute/sync - {"script":"<script> [8489 bytes]","args":[{"element-6066-11e4-a52e-4f735466cecf":"f.0A588440BBC4B09490297E8A4E4C478B.d.4BCA16630E35F90949F4DB4EC5D794AD.e.10797","ELEMENT":"f.0A588440BBC4B09490297E8A4E4C478B.d.4BCA16630E35F90949F4DB4EC5D794AD.e.10797"}]}
RESULT: {"script":"<script> [8489 bytes]","args":[{"element-6066-11e4-a52e-4f735466cecf":"f.0A588440BBC4B09490297E8A4E4C478B.d.4BCA16630E35F90949F4DB4EC5D794AD.e.10797","ELEMENT":"f.0A588440BBC4B09490297E8A4E4C478B.d.4BCA16630E35F90949F4DB4EC5D794AD.e.10797"}]}
COMMAND: GET /session/9d48326ae870b5d3a573a2f725ac1bbc/element/f.0A588440BBC4B09490297E8A4E4C478B.d.4BCA16630E35F90949F4DB4EC5D794AD.e.10797/enabled - {}
COMMAND: GET /session/9d48326ae870b5d3a573a2f725ac1bbc/screenshot - {}
RESULT: {}
COMMAND: POST /session/9d48326ae870b5d3a573a2f725ac1bbc/execute/sync - {"script":"<script> [8489 bytes]","args":[{"element-6066-11e4-a52e-4f735466cecf":"f.0A588440BBC4B09490297E8A4E4C478B.d.4BCA16630E35F90949F4DB4EC5D794AD.e.10797","ELEMENT":"f.0A588440BBC4B09490297E8A4E4C478B.d.4BCA16630E35F90949F4DB4EC5D794AD.e.10797"}]}
COMMAND: GET /session/9d48326ae870b5d3a573a2f725ac1bbc/screenshot - {}
RESULT: {}
RESULT: {"script":"<script> [8489 bytes]","args":[{"element-6066-11e4-a52e-4f735466cecf":"f.0A588440BBC4B09490297E8A4E4C478B.d.4BCA16630E35F90949F4DB4EC5D794AD.e.10797","ELEMENT":"f.0A588440BBC4B09490297E8A4E4C478B.d.4BCA16630E35F90949F4DB4EC5D794AD.e.10797"}]}
COMMAND: POST /session/9d48326ae870b5d3a573a2f725ac1bbc/execute/sync - {"script":"<script> [5351 bytes]","args":[{"element-6066-11e4-a52e-4f735466cecf":"f.0A588440BBC4B09490297E8A4E4C478B.d.4BCA16630E35F90949F4DB4EC5D794AD.e.10797","ELEMENT":"f.0A588440BBC4B09490297E8A4E4C478B.d.4BCA16630E35F90949F4DB4EC5D794AD.e.10797"}]}
COMMAND: GET /session/9d48326ae870b5d3a573a2f725ac1bbc/screenshot - {}
RESULT: {}
RESULT: {"script":"<script> [5351 bytes]","args":[{"element-6066-11e4-a52e-4f735466cecf":"f.0A588440BBC4B09490297E8A4E4C478B.d.4BCA16630E35F90949F4DB4EC5D794AD.e.10797","ELEMENT":"f.0A588440BBC4B09490297E8A4E4C478B.d.4BCA16630E35F90949F4DB4EC5D794AD.e.10797"}]}
COMMAND: POST /session/9d48326ae870b5d3a573a2f725ac1bbc/element/f.0A588440BBC4B09490297E8A4E4C478B.d.4BCA16630E35F90949F4DB4EC5D794AD.e.10797/click - {}
COMMAND: GET /session/9d48326ae870b5d3a573a2f725ac1bbc/screenshot - {}
RESULT: {}
RESULT: {}
RESULT: {}
COMMAND: GET /session/9d48326ae870b5d3a573a2f725ac1bbc/screenshot - {}
RESULT: {}
COMMAND: POST /session/9d48326ae870b5d3a573a2f725ac1bbc/execute/async - {"script":"<script> [1562 bytes]","args":[{"selector":{"id":"application-manageresources-display-component---newResourceUnit--TYPE-arrow"},"wdio_ui5_key":"applicationmanageresources-display-component---newResourceUnit--TYPE-arrow"}]}
RESULT: {"script":"<script> [1562 bytes]","args":[{"selector":{"id":"application-manageresources-display-component---newResourceUnit--TYPE-arrow"},"wdio_ui5_key":"applicationmanageresources-display-component---newResourceUnit--TYPE-arrow"}]}
RESULT: undefined
COMMAND: POST /session/9d48326ae870b5d3a573a2f725ac1bbc/element - {"using":"xpath","value":"//*[@id=\"application-manageresources-display-component---newResourceUnit--TYPE-arrow\"]"}
RESULT: {"using":"xpath","value":"//*[@id=\"application-manageresources-display-component---newResourceUnit--TYPE-arrow\"]"}
COMMAND: POST /session/9d48326ae870b5d3a573a2f725ac1bbc/element/f.0A588440BBC4B09490297E8A4E4C478B.d.4BCA16630E35F90949F4DB4EC5D794AD.e.11167/click - {}
RESULT: {}
COMMAND: POST /session/9d48326ae870b5d3a573a2f725ac1bbc/element - {"using":"xpath","value":"//input[@id=\"application-manageresources-display-component---newResourceUnit--TYPE-inner\"]"}
COMMAND: GET /session/9d48326ae870b5d3a573a2f725ac1bbc/screenshot - {}
RESULT: {"using":"xpath","value":"//input[@id=\"application-manageresources-display-component---newResourceUnit--TYPE-inner\"]"}
COMMAND: POST /session/9d48326ae870b5d3a573a2f725ac1bbc/element/f.0A588440BBC4B09490297E8A4E4C478B.d.4BCA16630E35F90949F4DB4EC5D794AD.e.11149/clear - {}
RESULT: {}
RESULT: {}
COMMAND: POST /session/9d48326ae870b5d3a573a2f725ac1bbc/element/f.0A588440BBC4B09490297E8A4E4C478B.d.4BCA16630E35F90949F4DB4EC5D794AD.e.11149/value - {"text":"Equipment"}
COMMAND: GET /session/9d48326ae870b5d3a573a2f725ac1bbc/screenshot - {}
RESULT: {"text":"Equipment"}
COMMAND: GET /session/9d48326ae870b5d3a573a2f725ac1bbc/screenshot - {}
RESULT: {}
RESULT: {}
COMMAND: POST /session/9d48326ae870b5d3a573a2f725ac1bbc/actions - {"actions":[{"id":"action35","type":"key","parameters":{},"actions":[{"type":"keyDown","value":""},{"type":"pause","duration":10},{"type":"keyUp","value":""}]}]}
RESULT: {"actions":[{"id":"action35","type":"key","parameters":{},"actions":[{"type":"keyDown","value":""},{"type":"pause","duration":10},{"type":"keyUp","value":""}]}]}
COMMAND: POST /session/9d48326ae870b5d3a573a2f725ac1bbc/execute/async - {"script":"<script> [1562 bytes]","args":[{"selector":{"id":"application-manageresources-display-component---newResourceUnit--resourceId","interaction":{"idSuffix":"inner"}},"wdio_ui5_key":"applicationmanageresources-display-component---newResourceUnit--resourceId"}]}
COMMAND: GET /session/9d48326ae870b5d3a573a2f725ac1bbc/screenshot - {}
RESULT: {"script":"<script> [1562 bytes]","args":[{"selector":{"id":"application-manageresources-display-component---newResourceUnit--resourceId","interaction":{"idSuffix":"inner"}},"wdio_ui5_key":"applicationmanageresources-display-component---newResourceUnit--resourceId"}]}
RESULT: undefined
COMMAND: POST /session/9d48326ae870b5d3a573a2f725ac1bbc/execute/async - {"script":"<script> [776 bytes]","args":[{"enterText":"yq7kc6429x","selector":{"id":"application-manageresources-display-component---newResourceUnit--resourceId","interaction":{"idSuffix":"inner"}},"clearTextFirst":true,"interactionType":"ENTER_TEXT"}]}
RESULT: {}
RESULT: {"script":"<script> [776 bytes]","args":[{"enterText":"yq7kc6429x","selector":{"id":"application-manageresources-display-component---newResourceUnit--resourceId","interaction":{"idSuffix":"inner"}},"clearTextFirst":true,"interactionType":"ENTER_TEXT"}]}
COMMAND: POST /session/9d48326ae870b5d3a573a2f725ac1bbc/execute/async - {"script":"<script> [1562 bytes]","args":[{"selector":{"id":"application-manageresources-display-component---newResourceUnit--SHORT_TEXT","interaction":{"idSuffix":"inner"}},"wdio_ui5_key":"applicationmanageresources-display-component---newResourceUnit--SHORT_TEXT"}]}
RESULT: {"script":"<script> [1562 bytes]","args":[{"selector":{"id":"application-manageresources-display-component---newResourceUnit--SHORT_TEXT","interaction":{"idSuffix":"inner"}},"wdio_ui5_key":"applicationmanageresources-display-component---newResourceUnit--SHORT_TEXT"}]}
RESULT: undefined
COMMAND: POST /session/9d48326ae870b5d3a573a2f725ac1bbc/execute/async - {"script":"<script> [776 bytes]","args":[{"enterText":"Intercompany Equipment WDIO","selector":{"id":"application-manageresources-display-component---newResourceUnit--SHORT_TEXT","interaction":{"idSuffix":"inner"}},"clearTextFirst":true,"interactionType":"ENTER_TEXT"}]}
RESULT: {"script":"<script> [776 bytes]","args":[{"enterText":"Intercompany Equipment WDIO","selector":{"id":"application-manageresources-display-component---newResourceUnit--SHORT_TEXT","interaction":{"idSuffix":"inner"}},"clearTextFirst":true,"interactionType":"ENTER_TEXT"}]}
COMMAND: POST /session/9d48326ae870b5d3a573a2f725ac1bbc/execute/async - {"script":"<script> [1562 bytes]","args":[{"selector":{"id":"application-manageresources-display-component---newResourceUnit--BASE_UNIT_OF_MEASURE","interaction":{"idSuffix":"inner"}},"wdio_ui5_key":"applicationmanageresources-display-component---newResourceUnit--BASE_UNIT_OF_MEASURE"}]}
RESULT: {"script":"<script> [1562 bytes]","args":[{"selector":{"id":"application-manageresources-display-component---newResourceUnit--BASE_UNIT_OF_MEASURE","interaction":{"idSuffix":"inner"}},"wdio_ui5_key":"applicationmanageresources-display-component---newResourceUnit--BASE_UNIT_OF_MEASURE"}]}
RESULT: undefined
COMMAND: POST /session/9d48326ae870b5d3a573a2f725ac1bbc/execute/async - {"script":"<script> [776 bytes]","args":[{"enterText":"Piece","selector":{"id":"application-manageresources-display-component---newResourceUnit--BASE_UNIT_OF_MEASURE","interaction":{"idSuffix":"inner"}},"clearTextFirst":true,"interactionType":"ENTER_TEXT"}]}
RESULT: {"script":"<script> [776 bytes]","args":[{"enterText":"Piece","selector":{"id":"application-manageresources-display-component---newResourceUnit--BASE_UNIT_OF_MEASURE","interaction":{"idSuffix":"inner"}},"clearTextFirst":true,"interactionType":"ENTER_TEXT"}]}
COMMAND: POST /session/9d48326ae870b5d3a573a2f725ac1bbc/execute/async - {"script":"<script> [1562 bytes]","args":[{"selector":{"id":"application-manageresources-display-component---newResourceUnit--WEIGHT_UNIT","interaction":{"idSuffix":"inner"}},"wdio_ui5_key":"applicationmanageresources-display-component---newResourceUnit--WEIGHT_UNIT"}]}
RESULT: {"script":"<script> [1562 bytes]","args":[{"selector":{"id":"application-manageresources-display-component---newResourceUnit--WEIGHT_UNIT","interaction":{"idSuffix":"inner"}},"wdio_ui5_key":"applicationmanageresources-display-component---newResourceUnit--WEIGHT_UNIT"}]}
RESULT: undefined
COMMAND: POST /session/9d48326ae870b5d3a573a2f725ac1bbc/execute/async - {"script":"<script> [776 bytes]","args":[{"enterText":"Gram","selector":{"id":"application-manageresources-display-component---newResourceUnit--WEIGHT_UNIT","interaction":{"idSuffix":"inner"}},"clearTextFirst":true,"interactionType":"ENTER_TEXT"}]}
RESULT: {"script":"<script> [776 bytes]","args":[{"enterText":"Gram","selector":{"id":"application-manageresources-display-component---newResourceUnit--WEIGHT_UNIT","interaction":{"idSuffix":"inner"}},"clearTextFirst":true,"interactionType":"ENTER_TEXT"}]}
COMMAND: POST /session/9d48326ae870b5d3a573a2f725ac1bbc/execute/async - {"script":"<script> [1562 bytes]","args":[{"selector":{"id":"application-manageresources-display-component---newResourceUnit--DIMENSION_UNIT","interaction":{"idSuffix":"inner"}},"wdio_ui5_key":"applicationmanageresources-display-component---newResourceUnit--DIMENSION_UNIT"}]}
RESULT: {"script":"<script> [1562 bytes]","args":[{"selector":{"id":"application-manageresources-display-component---newResourceUnit--DIMENSION_UNIT","interaction":{"idSuffix":"inner"}},"wdio_ui5_key":"applicationmanageresources-display-component---newResourceUnit--DIMENSION_UNIT"}]}
RESULT: undefined
COMMAND: POST /session/9d48326ae870b5d3a573a2f725ac1bbc/execute/async - {"script":"<script> [776 bytes]","args":[{"enterText":"Meter","selector":{"id":"application-manageresources-display-component---newResourceUnit--DIMENSION_UNIT","interaction":{"idSuffix":"inner"}},"clearTextFirst":true,"interactionType":"ENTER_TEXT"}]}
RESULT: {"script":"<script> [776 bytes]","args":[{"enterText":"Meter","selector":{"id":"application-manageresources-display-component---newResourceUnit--DIMENSION_UNIT","interaction":{"idSuffix":"inner"}},"clearTextFirst":true,"interactionType":"ENTER_TEXT"}]}
COMMAND: POST /session/9d48326ae870b5d3a573a2f725ac1bbc/execute/async - {"script":"<script> [1562 bytes]","args":[{"selector":{"id":"application-manageresources-display-component---newResourceUnit--newRRUPage-anchBar-application-manageresources-display-component---newResourceUnit--control-anchor","interaction":{"idSuffix":"BDI-content"}},"wdio_ui5_key":"applicationmanageresources-display-component---newResourceUnit--newRRUPage-anchBar-application-manageresources-display-component---newResourceUnit--control-anchor"}]}
RESULT: {"script":"<script> [1562 bytes]","args":[{"selector":{"id":"application-manageresources-display-component---newResourceUnit--newRRUPage-anchBar-application-manageresources-display-component---newResourceUnit--control-anchor","interaction":{"idSuffix":"BDI-content"}},"wdio_ui5_key":"applicationmanageresources-display-component---newResourceUnit--newRRUPage-anchBar-application-manageresources-display-component---newResourceUnit--control-anchor"}]}
RESULT: undefined
COMMAND: POST /session/9d48326ae870b5d3a573a2f725ac1bbc/element - {"using":"xpath","value":"//*[@id=\"application-manageresources-display-component---newResourceUnit--newRRUPage-anchBar-application-manageresources-display-component---newResourceUnit--control-anchor\"]"}
RESULT: {"using":"xpath","value":"//*[@id=\"application-manageresources-display-component---newResourceUnit--newRRUPage-anchBar-application-manageresources-display-component---newResourceUnit--control-anchor\"]"}
COMMAND: POST /session/9d48326ae870b5d3a573a2f725ac1bbc/element/f.0A588440BBC4B09490297E8A4E4C478B.d.4BCA16630E35F90949F4DB4EC5D794AD.e.11327/click - {}
RESULT: {}
COMMAND: POST /session/9d48326ae870b5d3a573a2f725ac1bbc/execute/async - {"script":"<script> [1562 bytes]","args":[{"selector":{"id":"application-manageresources-display-component---newResourceUnit--PLANNING_GROUP","interaction":{"idSuffix":"inner"}},"wdio_ui5_key":"applicationmanageresources-display-component---newResourceUnit--PLANNING_GROUP"}]}
COMMAND: GET /session/9d48326ae870b5d3a573a2f725ac1bbc/screenshot - {}
RESULT: {"script":"<script> [1562 bytes]","args":[{"selector":{"id":"application-manageresources-display-component---newResourceUnit--PLANNING_GROUP","interaction":{"idSuffix":"inner"}},"wdio_ui5_key":"applicationmanageresources-display-component---newResourceUnit--PLANNING_GROUP"}]}
RESULT: undefined
COMMAND: POST /session/9d48326ae870b5d3a573a2f725ac1bbc/execute/async - {"script":"<script> [776 bytes]","args":[{"enterText":"Heavy Equi","selector":{"id":"application-manageresources-display-component---newResourceUnit--PLANNING_GROUP","interaction":{"idSuffix":"inner"}},"clearTextFirst":true,"interactionType":"ENTER_TEXT"}]}
RESULT: {}
RESULT: {"script":"<script> [776 bytes]","args":[{"enterText":"Heavy Equi","selector":{"id":"application-manageresources-display-component---newResourceUnit--PLANNING_GROUP","interaction":{"idSuffix":"inner"}},"clearTextFirst":true,"interactionType":"ENTER_TEXT"}]}
COMMAND: POST /session/9d48326ae870b5d3a573a2f725ac1bbc/execute/async - {"script":"<script> [1562 bytes]","args":[{"selector":{"id":"application-manageresources-display-component---newResourceUnit--ITEM_TYPE-arrow"},"wdio_ui5_key":"applicationmanageresources-display-component---newResourceUnit--ITEM_TYPE-arrow"}]}
RESULT: {"script":"<script> [1562 bytes]","args":[{"selector":{"id":"application-manageresources-display-component---newResourceUnit--ITEM_TYPE-arrow"},"wdio_ui5_key":"applicationmanageresources-display-component---newResourceUnit--ITEM_TYPE-arrow"}]}
RESULT: undefined
COMMAND: POST /session/9d48326ae870b5d3a573a2f725ac1bbc/element - {"using":"xpath","value":"//*[@id=\"application-manageresources-display-component---newResourceUnit--ITEM_TYPE-arrow\"]"}
RESULT: {"using":"xpath","value":"//*[@id=\"application-manageresources-display-component---newResourceUnit--ITEM_TYPE-arrow\"]"}
COMMAND: POST /session/9d48326ae870b5d3a573a2f725ac1bbc/element/f.0A588440BBC4B09490297E8A4E4C478B.d.4BCA16630E35F90949F4DB4EC5D794AD.e.11334/click - {}
RESULT: {}
COMMAND: POST /session/9d48326ae870b5d3a573a2f725ac1bbc/element - {"using":"xpath","value":"//ul[contains(@id,\"ITEM_TYPE-popup-list-listUl\")]//li[.//span[contains(text(),\"Resource Unit\")]]"}
COMMAND: GET /session/9d48326ae870b5d3a573a2f725ac1bbc/screenshot - {}
RESULT: {"using":"xpath","value":"//ul[contains(@id,\"ITEM_TYPE-popup-list-listUl\")]//li[.//span[contains(text(),\"Resource Unit\")]]"}
COMMAND: POST /session/9d48326ae870b5d3a573a2f725ac1bbc/element/f.0A588440BBC4B09490297E8A4E4C478B.d.4BCA16630E35F90949F4DB4EC5D794AD.e.11335/click - {}
RESULT: {}
RESULT: {}
COMMAND: GET /session/9d48326ae870b5d3a573a2f725ac1bbc/screenshot - {}
RESULT: {}
COMMAND: POST /session/9d48326ae870b5d3a573a2f725ac1bbc/element - {"using":"css selector","value":"#application-manageresources-display-component---newResourceUnit--btnAddTimeSegment"}
RESULT: {"using":"css selector","value":"#application-manageresources-display-component---newResourceUnit--btnAddTimeSegment"}
COMMAND: GET /session/9d48326ae870b5d3a573a2f725ac1bbc/element/f.0A588440BBC4B09490297E8A4E4C478B.d.4BCA16630E35F90949F4DB4EC5D794AD.e.11342/rect - {}
RESULT: {}
COMMAND: GET /session/9d48326ae870b5d3a573a2f725ac1bbc/window/rect - {}
RESULT: {}
COMMAND: POST /session/9d48326ae870b5d3a573a2f725ac1bbc/execute/sync - {"script":"<script> [92 bytes]","args":[]}
RESULT: {"script":"<script> [92 bytes]","args":[]}
COMMAND: POST /session/9d48326ae870b5d3a573a2f725ac1bbc/actions - {"actions":[{"id":"action36","type":"wheel","parameters":{},"actions":[{"type":"scroll","x":-1888,"y":-32,"deltaX":0,"deltaY":0,"duration":0,"origin":{"element-6066-11e4-a52e-4f735466cecf":"f.0A588440BBC4B09490297E8A4E4C478B.d.4BCA16630E35F90949F4DB4EC5D794AD.e.11342"}}]}]}
COMMAND: GET /session/9d48326ae870b5d3a573a2f725ac1bbc/screenshot - {}
RESULT: {}
COMMAND: POST /session/9d48326ae870b5d3a573a2f725ac1bbc/execute/sync - {"script":"<script> [79 bytes]","args":[{"element-6066-11e4-a52e-4f735466cecf":"f.0A588440BBC4B09490297E8A4E4C478B.d.4BCA16630E35F90949F4DB4EC5D794AD.e.11342","ELEMENT":"f.0A588440BBC4B09490297E8A4E4C478B.d.4BCA16630E35F90949F4DB4EC5D794AD.e.11342"},{"block":"start","inline":"nearest"}]}
RESULT: {"script":"<script> [79 bytes]","args":[{"element-6066-11e4-a52e-4f735466cecf":"f.0A588440BBC4B09490297E8A4E4C478B.d.4BCA16630E35F90949F4DB4EC5D794AD.e.11342","ELEMENT":"f.0A588440BBC4B09490297E8A4E4C478B.d.4BCA16630E35F90949F4DB4EC5D794AD.e.11342"},{"block":"start","inline":"nearest"}]}
COMMAND: POST /session/9d48326ae870b5d3a573a2f725ac1bbc/execute/async - {"script":"<script> [1562 bytes]","args":[{"selector":{"id":"application-manageresources-display-component---newResourceUnit--btnAddTimeSegment","interaction":{"idSuffix":"inner"}},"wdio_ui5_key":"applicationmanageresources-display-component---newResourceUnit--btnAddTimeSegment"}]}
COMMAND: GET /session/9d48326ae870b5d3a573a2f725ac1bbc/screenshot - {}
RESULT: {"script":"<script> [1562 bytes]","args":[{"selector":{"id":"application-manageresources-display-component---newResourceUnit--btnAddTimeSegment","interaction":{"idSuffix":"inner"}},"wdio_ui5_key":"applicationmanageresources-display-component---newResourceUnit--btnAddTimeSegment"}]}
RESULT: undefined
COMMAND: POST /session/9d48326ae870b5d3a573a2f725ac1bbc/element - {"using":"xpath","value":"//*[@id=\"application-manageresources-display-component---newResourceUnit--btnAddTimeSegment\"]"}
RESULT: {}
RESULT: {"using":"xpath","value":"//*[@id=\"application-manageresources-display-component---newResourceUnit--btnAddTimeSegment\"]"}
COMMAND: POST /session/9d48326ae870b5d3a573a2f725ac1bbc/element/f.0A588440BBC4B09490297E8A4E4C478B.d.4BCA16630E35F90949F4DB4EC5D794AD.e.11342/click - {}
RESULT: {}
COMMAND: GET /session/9d48326ae870b5d3a573a2f725ac1bbc/screenshot - {}
RESULT: {}
COMMAND: POST /session/9d48326ae870b5d3a573a2f725ac1bbc/element - {"using":"xpath","value":"//input[@id=\"application-manageresources-display-component---newResourceUnit--idRuTSAdmin-application-manageresources-display-component---newResourceUnit--RUTimeSegment-0-inner\"]"}
RESULT: {"using":"xpath","value":"//input[@id=\"application-manageresources-display-component---newResourceUnit--idRuTSAdmin-application-manageresources-display-component---newResourceUnit--RUTimeSegment-0-inner\"]"}
COMMAND: POST /session/9d48326ae870b5d3a573a2f725ac1bbc/element/f.0A588440BBC4B09490297E8A4E4C478B.d.4BCA16630E35F90949F4DB4EC5D794AD.e.11348/clear - {}
RESULT: {}
COMMAND: POST /session/9d48326ae870b5d3a573a2f725ac1bbc/element/f.0A588440BBC4B09490297E8A4E4C478B.d.4BCA16630E35F90949F4DB4EC5D794AD.e.11348/value - {"text":"535"}
COMMAND: GET /session/9d48326ae870b5d3a573a2f725ac1bbc/screenshot - {}
RESULT: {"text":"535"}
COMMAND: GET /session/9d48326ae870b5d3a573a2f725ac1bbc/screenshot - {}
RESULT: {}
RESULT: {}
COMMAND: POST /session/9d48326ae870b5d3a573a2f725ac1bbc/element - {"using":"xpath","value":"//li[.//span[text()='535']]"}
RESULT: {"using":"xpath","value":"//li[.//span[text()='535']]"}
COMMAND: POST /session/9d48326ae870b5d3a573a2f725ac1bbc/element/f.0A588440BBC4B09490297E8A4E4C478B.d.4BCA16630E35F90949F4DB4EC5D794AD.e.11361/click - {}
RESULT: {}
COMMAND: GET /session/9d48326ae870b5d3a573a2f725ac1bbc/screenshot - {}
RESULT: {}
COMMAND: POST /session/9d48326ae870b5d3a573a2f725ac1bbc/element - {"using":"xpath","value":"(//span[contains(@id, \"-application-manageresources-display-component---newResourceUnit--RUTimeSegment-0-arrow\")])[6]"}
RESULT: {"using":"xpath","value":"(//span[contains(@id, \"-application-manageresources-display-component---newResourceUnit--RUTimeSegment-0-arrow\")])[6]"}
COMMAND: POST /session/9d48326ae870b5d3a573a2f725ac1bbc/element/f.0A588440BBC4B09490297E8A4E4C478B.d.4BCA16630E35F90949F4DB4EC5D794AD.e.11362/click - {}
RESULT: {}
COMMAND: GET /session/9d48326ae870b5d3a573a2f725ac1bbc/screenshot - {}
RESULT: {}
COMMAND: POST /session/9d48326ae870b5d3a573a2f725ac1bbc/element - {"using":"xpath","value":"//span[contains(text(), \"PM Order\")]"}
RESULT: {"using":"xpath","value":"//span[contains(text(), \"PM Order\")]"}
COMMAND: POST /session/9d48326ae870b5d3a573a2f725ac1bbc/element/f.0A588440BBC4B09490297E8A4E4C478B.d.4BCA16630E35F90949F4DB4EC5D794AD.e.11365/click - {}
RESULT: {}
COMMAND: GET /session/9d48326ae870b5d3a573a2f725ac1bbc/screenshot - {}
RESULT: {}
COMMAND: POST /session/9d48326ae870b5d3a573a2f725ac1bbc/element - {"using":"xpath","value":"(//span[contains(@id ,\"manageresources-display-component---newResourceUnit--RUTimeSegment-0-vhi\")])[1]"}
RESULT: {"using":"xpath","value":"(//span[contains(@id ,\"manageresources-display-component---newResourceUnit--RUTimeSegment-0-vhi\")])[1]"}
COMMAND: GET /session/9d48326ae870b5d3a573a2f725ac1bbc/element/f.0A588440BBC4B09490297E8A4E4C478B.d.4BCA16630E35F90949F4DB4EC5D794AD.e.11369/rect - {}
RESULT: {}
COMMAND: GET /session/9d48326ae870b5d3a573a2f725ac1bbc/window/rect - {}
RESULT: {}
COMMAND: POST /session/9d48326ae870b5d3a573a2f725ac1bbc/execute/sync - {"script":"<script> [92 bytes]","args":[]}
RESULT: {"script":"<script> [92 bytes]","args":[]}
COMMAND: POST /session/9d48326ae870b5d3a573a2f725ac1bbc/actions - {"actions":[{"id":"action37","type":"wheel","parameters":{},"actions":[{"type":"scroll","x":-869,"y":-24,"deltaX":0,"deltaY":0,"duration":0,"origin":{"element-6066-11e4-a52e-4f735466cecf":"f.0A588440BBC4B09490297E8A4E4C478B.d.4BCA16630E35F90949F4DB4EC5D794AD.e.11369"}}]}]}
COMMAND: GET /session/9d48326ae870b5d3a573a2f725ac1bbc/screenshot - {}
RESULT: {"actions":[{"id":"action37","type":"wheel","parameters":{},"actions":[{"type":"scroll","x":-869,"y":-24,"deltaX":0,"deltaY":0,"duration":0,"origin":{"element-6066-11e4-a52e-4f735466cecf":"f.0A588440BBC4B09490297E8A4E4C478B.d.4BCA16630E35F90949F4DB4EC5D794AD.e.11369"}}]}]}
COMMAND: DELETE /session/9d48326ae870b5d3a573a2f725ac1bbc/actions - {}
COMMAND: GET /session/9d48326ae870b5d3a573a2f725ac1bbc/screenshot - {}
RESULT: {}
RESULT: {}
COMMAND: GET /session/9d48326ae870b5d3a573a2f725ac1bbc/screenshot - {}
RESULT: {}
RESULT: {}
COMMAND: POST /session/9d48326ae870b5d3a573a2f725ac1bbc/element/f.0A588440BBC4B09490297E8A4E4C478B.d.4BCA16630E35F90949F4DB4EC5D794AD.e.11369/click - {}
RESULT: {}
COMMAND: GET /session/9d48326ae870b5d3a573a2f725ac1bbc/screenshot - {}
RESULT: {}
COMMAND: POST /session/9d48326ae870b5d3a573a2f725ac1bbc/execute/async - {"script":"<script> [1562 bytes]","args":[{"selector":{"controlType":"sap.m.SearchField","properties":{"placeholder":"Search"},"searchOpenDialogs":true,"interaction":{"idSuffix":"I"}},"wdio_ui5_key":"sapm.SearchField{\"placeholder\":\"Search\"}"}]}
RESULT: {"script":"<script> [1562 bytes]","args":[{"selector":{"controlType":"sap.m.SearchField","properties":{"placeholder":"Search"},"searchOpenDialogs":true,"interaction":{"idSuffix":"I"}},"wdio_ui5_key":"sapm.SearchField{\"placeholder\":\"Search\"}"}]}
RESULT: undefined
COMMAND: POST /session/9d48326ae870b5d3a573a2f725ac1bbc/execute/async - {"script":"<script> [776 bytes]","args":[{"enterText":"4000360","selector":{"controlType":"sap.m.SearchField","properties":{"placeholder":"Search"},"searchOpenDialogs":true,"interaction":{"idSuffix":"I"}},"clearTextFirst":true,"interactionType":"ENTER_TEXT"}]}
RESULT: {"script":"<script> [776 bytes]","args":[{"enterText":"4000360","selector":{"controlType":"sap.m.SearchField","properties":{"placeholder":"Search"},"searchOpenDialogs":true,"interaction":{"idSuffix":"I"}},"clearTextFirst":true,"interactionType":"ENTER_TEXT"}]}
COMMAND: POST /session/9d48326ae870b5d3a573a2f725ac1bbc/actions - {"actions":[{"id":"action38","type":"key","parameters":{},"actions":[{"type":"keyDown","value":""},{"type":"pause","duration":10},{"type":"keyUp","value":""}]}]}
RESULT: {"actions":[{"id":"action38","type":"key","parameters":{},"actions":[{"type":"keyDown","value":""},{"type":"pause","duration":10},{"type":"keyUp","value":""}]}]}
COMMAND: GET /session/9d48326ae870b5d3a573a2f725ac1bbc/screenshot - {}
RESULT: {}
COMMAND: POST /session/9d48326ae870b5d3a573a2f725ac1bbc/element - {"using":"xpath","value":"//td/div/span[contains(text(), \"BGL Vehicles\")]"}
RESULT: {"using":"xpath","value":"//td/div/span[contains(text(), \"BGL Vehicles\")]"}
COMMAND: POST /session/9d48326ae870b5d3a573a2f725ac1bbc/element/f.0A588440BBC4B09490297E8A4E4C478B.d.4BCA16630E35F90949F4DB4EC5D794AD.e.11392/click - {}
RESULT: {}
COMMAND: GET /session/9d48326ae870b5d3a573a2f725ac1bbc/screenshot - {}
RESULT: {}
COMMAND: POST /session/9d48326ae870b5d3a573a2f725ac1bbc/element - {"using":"xpath","value":"//bdi[contains(text(), \"OK\")]"}
RESULT: {"using":"xpath","value":"//bdi[contains(text(), \"OK\")]"}
COMMAND: POST /session/9d48326ae870b5d3a573a2f725ac1bbc/element/f.0A588440BBC4B09490297E8A4E4C478B.d.4BCA16630E35F90949F4DB4EC5D794AD.e.11393/click - {}
RESULT: {}
COMMAND: GET /session/9d48326ae870b5d3a573a2f725ac1bbc/screenshot - {}
RESULT: {}
COMMAND: POST /session/9d48326ae870b5d3a573a2f725ac1bbc/execute/async - {"script":"<script> [1562 bytes]","args":[{"selector":{"id":"application-manageresources-display-component---newResourceUnit--newRRUPage-anchBar-application-manageresources-display-component---newResourceUnit--resource-anchor","interaction":{"idSuffix":"BDI-content"}},"wdio_ui5_key":"applicationmanageresources-display-component---newResourceUnit--newRRUPage-anchBar-application-manageresources-display-component---newResourceUnit--resource-anchor"}]}
RESULT: {"script":"<script> [1562 bytes]","args":[{"selector":{"id":"application-manageresources-display-component---newResourceUnit--newRRUPage-anchBar-application-manageresources-display-component---newResourceUnit--resource-anchor","interaction":{"idSuffix":"BDI-content"}},"wdio_ui5_key":"applicationmanageresources-display-component---newResourceUnit--newRRUPage-anchBar-application-manageresources-display-component---newResourceUnit--resource-anchor"}]}
RESULT: undefined
COMMAND: POST /session/9d48326ae870b5d3a573a2f725ac1bbc/element - {"using":"xpath","value":"//*[@id=\"application-manageresources-display-component---newResourceUnit--newRRUPage-anchBar-application-manageresources-display-component---newResourceUnit--resource-anchor\"]"}
RESULT: {"using":"xpath","value":"//*[@id=\"application-manageresources-display-component---newResourceUnit--newRRUPage-anchBar-application-manageresources-display-component---newResourceUnit--resource-anchor\"]"}
COMMAND: POST /session/9d48326ae870b5d3a573a2f725ac1bbc/element/f.0A588440BBC4B09490297E8A4E4C478B.d.4BCA16630E35F90949F4DB4EC5D794AD.e.11397/click - {}
RESULT: {}
COMMAND: POST /session/9d48326ae870b5d3a573a2f725ac1bbc/execute/async - {"script":"<script> [1562 bytes]","args":[{"selector":{"id":"application-manageresources-display-component---newResourceUnit--PLANNED_DELIVERY_DATE","interaction":{"idSuffix":"inner"}},"wdio_ui5_key":"applicationmanageresources-display-component---newResourceUnit--PLANNED_DELIVERY_DATE"}]}
COMMAND: GET /session/9d48326ae870b5d3a573a2f725ac1bbc/screenshot - {}
RESULT: {"script":"<script> [1562 bytes]","args":[{"selector":{"id":"application-manageresources-display-component---newResourceUnit--PLANNED_DELIVERY_DATE","interaction":{"idSuffix":"inner"}},"wdio_ui5_key":"applicationmanageresources-display-component---newResourceUnit--PLANNED_DELIVERY_DATE"}]}
RESULT: undefined
COMMAND: POST /session/9d48326ae870b5d3a573a2f725ac1bbc/execute/async - {"script":"<script> [6424 bytes]","args":[{"element-6066-11e4-a52e-4f735466cecf":"f.0A588440BBC4B09490297E8A4E4C478B.d.4BCA16630E35F90949F4DB4EC5D794AD.e.11226"},"setValue",["5/31/25"]]}
RESULT: {}
RESULT: {"script":"<script> [6424 bytes]","args":[{"element-6066-11e4-a52e-4f735466cecf":"f.0A588440BBC4B09490297E8A4E4C478B.d.4BCA16630E35F90949F4DB4EC5D794AD.e.11226"},"setValue",["5/31/25"]]}
COMMAND: POST /session/9d48326ae870b5d3a573a2f725ac1bbc/element - {"using":"xpath","value":"//label[contains(@class, 'sapMLabelRequired') and .//bdi[contains(text(), 'Planned Retirement')]]"}
RESULT: {"using":"xpath","value":"//label[contains(@class, 'sapMLabelRequired') and .//bdi[contains(text(), 'Planned Retirement')]]"}
COMMAND: POST /session/9d48326ae870b5d3a573a2f725ac1bbc/elements - {"using":"xpath","value":"//label[contains(@class, 'sapMLabelRequired') and .//bdi[contains(text(), 'Planned Retirement')]]"}
RESULT: {"using":"xpath","value":"//label[contains(@class, 'sapMLabelRequired') and .//bdi[contains(text(), 'Planned Retirement')]]"}
COMMAND: POST /session/9d48326ae870b5d3a573a2f725ac1bbc/element - {"using":"xpath","value":"//button[@data-kt=\"resourceUnitSaveButton\"]"}
RESULT: {"using":"xpath","value":"//button[@data-kt=\"resourceUnitSaveButton\"]"}
COMMAND: POST /session/9d48326ae870b5d3a573a2f725ac1bbc/element/f.0A588440BBC4B09490297E8A4E4C478B.d.4BCA16630E35F90949F4DB4EC5D794AD.e.11185/click - {}
RESULT: {}
COMMAND: GET /session/9d48326ae870b5d3a573a2f725ac1bbc/screenshot - {}
RESULT: {}
COMMAND: POST /session/9d48326ae870b5d3a573a2f725ac1bbc/element - {"using":"xpath","value":"//bdi[contains(text(), \"Close\")]"}
RESULT: {"using":"xpath","value":"//bdi[contains(text(), \"Close\")]"}
COMMAND: POST /session/9d48326ae870b5d3a573a2f725ac1bbc/element/f.0A588440BBC4B09490297E8A4E4C478B.d.4BCA16630E35F90949F4DB4EC5D794AD.e.11405/click - {}
RESULT: {}
COMMAND: GET /session/9d48326ae870b5d3a573a2f725ac1bbc/screenshot - {}
RESULT: {}
COMMAND: POST /session/9d48326ae870b5d3a573a2f725ac1bbc/element - {"using":"xpath","value":"(//button[contains(@id ,\"actionsToolbar-overflowButton\")])[1]"}
RESULT: {"using":"xpath","value":"(//button[contains(@id ,\"actionsToolbar-overflowButton\")])[1]"}
COMMAND: POST /session/9d48326ae870b5d3a573a2f725ac1bbc/element/f.0A588440BBC4B09490297E8A4E4C478B.d.4BCA16630E35F90949F4DB4EC5D794AD.e.11462/click - {}
RESULT: {}
COMMAND: GET /session/9d48326ae870b5d3a573a2f725ac1bbc/screenshot - {}
RESULT: {}
COMMAND: POST /session/9d48326ae870b5d3a573a2f725ac1bbc/element - {"using":"xpath","value":"//button[@data-kt=\"priceInfoButton\"]"}
RESULT: {"using":"xpath","value":"//button[@data-kt=\"priceInfoButton\"]"}
COMMAND: POST /session/9d48326ae870b5d3a573a2f725ac1bbc/element/f.0A588440BBC4B09490297E8A4E4C478B.d.4BCA16630E35F90949F4DB4EC5D794AD.e.11464/click - {}
RESULT: {}
COMMAND: GET /session/9d48326ae870b5d3a573a2f725ac1bbc/screenshot - {}
]]></system-out>
    </testcase>
    <testcase classname="chrome.136_0_7103_93.windows.Billing_transfer_US117289" name="Should create new pricing rule" time="53.192">
      <system-out><![CDATA[
COMMAND: POST /session/9d48326ae870b5d3a573a2f725ac1bbc/element - {"using":"xpath","value":"//button[@data-kt=\"addButton\"]"}
RESULT: {}
RESULT: {"using":"xpath","value":"//button[@data-kt=\"addButton\"]"}
COMMAND: POST /session/9d48326ae870b5d3a573a2f725ac1bbc/elements - {"using":"xpath","value":"//button[@data-kt=\"addButton\"]"}
RESULT: {"using":"xpath","value":"//button[@data-kt=\"addButton\"]"}
COMMAND: POST /session/9d48326ae870b5d3a573a2f725ac1bbc/execute/sync - {"script":"<script> [8489 bytes]","args":[{"element-6066-11e4-a52e-4f735466cecf":"f.0A588440BBC4B09490297E8A4E4C478B.d.4BCA16630E35F90949F4DB4EC5D794AD.e.11500","ELEMENT":"f.0A588440BBC4B09490297E8A4E4C478B.d.4BCA16630E35F90949F4DB4EC5D794AD.e.11500"}]}
RESULT: {"script":"<script> [8489 bytes]","args":[{"element-6066-11e4-a52e-4f735466cecf":"f.0A588440BBC4B09490297E8A4E4C478B.d.4BCA16630E35F90949F4DB4EC5D794AD.e.11500","ELEMENT":"f.0A588440BBC4B09490297E8A4E4C478B.d.4BCA16630E35F90949F4DB4EC5D794AD.e.11500"}]}
COMMAND: GET /session/9d48326ae870b5d3a573a2f725ac1bbc/element/f.0A588440BBC4B09490297E8A4E4C478B.d.4BCA16630E35F90949F4DB4EC5D794AD.e.11500/enabled - {}
COMMAND: GET /session/9d48326ae870b5d3a573a2f725ac1bbc/screenshot - {}
RESULT: {}
COMMAND: POST /session/9d48326ae870b5d3a573a2f725ac1bbc/execute/sync - {"script":"<script> [8489 bytes]","args":[{"element-6066-11e4-a52e-4f735466cecf":"f.0A588440BBC4B09490297E8A4E4C478B.d.4BCA16630E35F90949F4DB4EC5D794AD.e.11500","ELEMENT":"f.0A588440BBC4B09490297E8A4E4C478B.d.4BCA16630E35F90949F4DB4EC5D794AD.e.11500"}]}
COMMAND: GET /session/9d48326ae870b5d3a573a2f725ac1bbc/screenshot - {}
RESULT: {}
RESULT: {"script":"<script> [8489 bytes]","args":[{"element-6066-11e4-a52e-4f735466cecf":"f.0A588440BBC4B09490297E8A4E4C478B.d.4BCA16630E35F90949F4DB4EC5D794AD.e.11500","ELEMENT":"f.0A588440BBC4B09490297E8A4E4C478B.d.4BCA16630E35F90949F4DB4EC5D794AD.e.11500"}]}
COMMAND: POST /session/9d48326ae870b5d3a573a2f725ac1bbc/execute/sync - {"script":"<script> [5351 bytes]","args":[{"element-6066-11e4-a52e-4f735466cecf":"f.0A588440BBC4B09490297E8A4E4C478B.d.4BCA16630E35F90949F4DB4EC5D794AD.e.11500","ELEMENT":"f.0A588440BBC4B09490297E8A4E4C478B.d.4BCA16630E35F90949F4DB4EC5D794AD.e.11500"}]}
COMMAND: GET /session/9d48326ae870b5d3a573a2f725ac1bbc/screenshot - {}
RESULT: {}
RESULT: {"script":"<script> [5351 bytes]","args":[{"element-6066-11e4-a52e-4f735466cecf":"f.0A588440BBC4B09490297E8A4E4C478B.d.4BCA16630E35F90949F4DB4EC5D794AD.e.11500","ELEMENT":"f.0A588440BBC4B09490297E8A4E4C478B.d.4BCA16630E35F90949F4DB4EC5D794AD.e.11500"}]}
COMMAND: POST /session/9d48326ae870b5d3a573a2f725ac1bbc/element/f.0A588440BBC4B09490297E8A4E4C478B.d.4BCA16630E35F90949F4DB4EC5D794AD.e.11500/click - {}
COMMAND: GET /session/9d48326ae870b5d3a573a2f725ac1bbc/screenshot - {}
RESULT: {}
RESULT: {}
COMMAND: GET /session/9d48326ae870b5d3a573a2f725ac1bbc/screenshot - {}
RESULT: {}
RESULT: {}
COMMAND: POST /session/9d48326ae870b5d3a573a2f725ac1bbc/execute/async - {"script":"<script> [1562 bytes]","args":[{"selector":{"controlType":"sap.m.Title","viewName":"etm.portal.ui.managepricingrules.view.NewItem","viewId":"application-managepricingrules-display-component---newInfoPriceItem","properties":{"text":"New Pricing Rules - Item Level"}},"wdio_ui5_key":"etmportal.ui.managepricingrules.view.NewItemsap.m.Title{\"text\":\"New Pricing Rules - Item Level\"}"}]}
RESULT: {"script":"<script> [1562 bytes]","args":[{"selector":{"controlType":"sap.m.Title","viewName":"etm.portal.ui.managepricingrules.view.NewItem","viewId":"application-managepricingrules-display-component---newInfoPriceItem","properties":{"text":"New Pricing Rules - Item Level"}},"wdio_ui5_key":"etmportal.ui.managepricingrules.view.NewItemsap.m.Title{\"text\":\"New Pricing Rules - Item Level\"}"}]}
RESULT: undefined
COMMAND: POST /session/9d48326ae870b5d3a573a2f725ac1bbc/execute/async - {"script":"<script> [6424 bytes]","args":[{"element-6066-11e4-a52e-4f735466cecf":"f.0A588440BBC4B09490297E8A4E4C478B.d.4BCA16630E35F90949F4DB4EC5D794AD.e.11574"},"getText",[]]}
RESULT: {"script":"<script> [6424 bytes]","args":[{"element-6066-11e4-a52e-4f735466cecf":"f.0A588440BBC4B09490297E8A4E4C478B.d.4BCA16630E35F90949F4DB4EC5D794AD.e.11574"},"getText",[]]}
COMMAND: POST /session/9d48326ae870b5d3a573a2f725ac1bbc/execute/async - {"script":"<script> [1562 bytes]","args":[{"selector":{"id":"application-managepricingrules-display-component---newInfoPriceItem--condValidTo","interaction":{"idSuffix":"inner"}},"wdio_ui5_key":"applicationmanagepricingrules-display-component---newInfoPriceItem--condValidTo"}]}
RESULT: {"script":"<script> [1562 bytes]","args":[{"selector":{"id":"application-managepricingrules-display-component---newInfoPriceItem--condValidTo","interaction":{"idSuffix":"inner"}},"wdio_ui5_key":"applicationmanagepricingrules-display-component---newInfoPriceItem--condValidTo"}]}
RESULT: undefined
COMMAND: POST /session/9d48326ae870b5d3a573a2f725ac1bbc/execute/async - {"script":"<script> [776 bytes]","args":[{"enterText":"1/31/26","selector":{"id":"application-managepricingrules-display-component---newInfoPriceItem--condValidTo","interaction":{"idSuffix":"inner"}},"clearTextFirst":true,"interactionType":"ENTER_TEXT"}]}
RESULT: {"script":"<script> [776 bytes]","args":[{"enterText":"1/31/26","selector":{"id":"application-managepricingrules-display-component---newInfoPriceItem--condValidTo","interaction":{"idSuffix":"inner"}},"clearTextFirst":true,"interactionType":"ENTER_TEXT"}]}
COMMAND: POST /session/9d48326ae870b5d3a573a2f725ac1bbc/execute/async - {"script":"<script> [1562 bytes]","args":[{"selector":{"id":"application-managepricingrules-display-component---newInfoPriceItem--billType-arrow"},"wdio_ui5_key":"applicationmanagepricingrules-display-component---newInfoPriceItem--billType-arrow"}]}
RESULT: {"script":"<script> [1562 bytes]","args":[{"selector":{"id":"application-managepricingrules-display-component---newInfoPriceItem--billType-arrow"},"wdio_ui5_key":"applicationmanagepricingrules-display-component---newInfoPriceItem--billType-arrow"}]}
RESULT: undefined
COMMAND: POST /session/9d48326ae870b5d3a573a2f725ac1bbc/element - {"using":"xpath","value":"//*[@id=\"application-managepricingrules-display-component---newInfoPriceItem--billType-arrow\"]"}
RESULT: {"using":"xpath","value":"//*[@id=\"application-managepricingrules-display-component---newInfoPriceItem--billType-arrow\"]"}
COMMAND: POST /session/9d48326ae870b5d3a573a2f725ac1bbc/element/f.0A588440BBC4B09490297E8A4E4C478B.d.4BCA16630E35F90949F4DB4EC5D794AD.e.11631/click - {}
RESULT: {}
COMMAND: POST /session/9d48326ae870b5d3a573a2f725ac1bbc/element - {"using":"xpath","value":"//span[contains(text(), \"TB - Time based\")]"}
COMMAND: GET /session/9d48326ae870b5d3a573a2f725ac1bbc/screenshot - {}
RESULT: {"using":"xpath","value":"//span[contains(text(), \"TB - Time based\")]"}
COMMAND: POST /session/9d48326ae870b5d3a573a2f725ac1bbc/element/f.0A588440BBC4B09490297E8A4E4C478B.d.4BCA16630E35F90949F4DB4EC5D794AD.e.11673/click - {}
RESULT: {}
RESULT: {}
COMMAND: POST /session/9d48326ae870b5d3a573a2f725ac1bbc/execute/async - {"script":"<script> [1562 bytes]","args":[{"selector":{"id":"application-managepricingrules-display-component---newInfoPriceItem--priceProc-arrow"},"wdio_ui5_key":"applicationmanagepricingrules-display-component---newInfoPriceItem--priceProc-arrow"}]}
COMMAND: GET /session/9d48326ae870b5d3a573a2f725ac1bbc/screenshot - {}
RESULT: {"script":"<script> [1562 bytes]","args":[{"selector":{"id":"application-managepricingrules-display-component---newInfoPriceItem--priceProc-arrow"},"wdio_ui5_key":"applicationmanagepricingrules-display-component---newInfoPriceItem--priceProc-arrow"}]}
RESULT: undefined
COMMAND: POST /session/9d48326ae870b5d3a573a2f725ac1bbc/element - {"using":"xpath","value":"//*[@id=\"application-managepricingrules-display-component---newInfoPriceItem--priceProc-arrow\"]"}
RESULT: {}
RESULT: {"using":"xpath","value":"//*[@id=\"application-managepricingrules-display-component---newInfoPriceItem--priceProc-arrow\"]"}
COMMAND: POST /session/9d48326ae870b5d3a573a2f725ac1bbc/element/f.0A588440BBC4B09490297E8A4E4C478B.d.4BCA16630E35F90949F4DB4EC5D794AD.e.11638/click - {}
RESULT: {}
COMMAND: POST /session/9d48326ae870b5d3a573a2f725ac1bbc/element - {"using":"xpath","value":"//span[contains(text(), \"TBS - Time based standard\")]"}
COMMAND: GET /session/9d48326ae870b5d3a573a2f725ac1bbc/screenshot - {}
RESULT: {"using":"xpath","value":"//span[contains(text(), \"TBS - Time based standard\")]"}
COMMAND: POST /session/9d48326ae870b5d3a573a2f725ac1bbc/element/f.0A588440BBC4B09490297E8A4E4C478B.d.4BCA16630E35F90949F4DB4EC5D794AD.e.11674/click - {}
RESULT: {}
RESULT: {}
COMMAND: POST /session/9d48326ae870b5d3a573a2f725ac1bbc/execute/async - {"script":"<script> [1562 bytes]","args":[{"selector":{"id":"application-managepricingrules-display-component---newInfoPriceItem--calcBase-arrow"},"wdio_ui5_key":"applicationmanagepricingrules-display-component---newInfoPriceItem--calcBase-arrow"}]}
COMMAND: GET /session/9d48326ae870b5d3a573a2f725ac1bbc/screenshot - {}
RESULT: {"script":"<script> [1562 bytes]","args":[{"selector":{"id":"application-managepricingrules-display-component---newInfoPriceItem--calcBase-arrow"},"wdio_ui5_key":"applicationmanagepricingrules-display-component---newInfoPriceItem--calcBase-arrow"}]}
RESULT: undefined
COMMAND: POST /session/9d48326ae870b5d3a573a2f725ac1bbc/element - {"using":"xpath","value":"//*[@id=\"application-managepricingrules-display-component---newInfoPriceItem--calcBase-arrow\"]"}
RESULT: {}
RESULT: {"using":"xpath","value":"//*[@id=\"application-managepricingrules-display-component---newInfoPriceItem--calcBase-arrow\"]"}
COMMAND: POST /session/9d48326ae870b5d3a573a2f725ac1bbc/element/f.0A588440BBC4B09490297E8A4E4C478B.d.4BCA16630E35F90949F4DB4EC5D794AD.e.11645/click - {}
RESULT: {}
COMMAND: GET /session/9d48326ae870b5d3a573a2f725ac1bbc/screenshot - {}
RESULT: {}
COMMAND: POST /session/9d48326ae870b5d3a573a2f725ac1bbc/element - {"using":"xpath","value":"//span[contains(text(), \"0006 - TB(calendar days)\")]"}
RESULT: {"using":"xpath","value":"//span[contains(text(), \"0006 - TB(calendar days)\")]"}
COMMAND: POST /session/9d48326ae870b5d3a573a2f725ac1bbc/element/f.0A588440BBC4B09490297E8A4E4C478B.d.4BCA16630E35F90949F4DB4EC5D794AD.e.11675/click - {}
RESULT: {}
COMMAND: GET /session/9d48326ae870b5d3a573a2f725ac1bbc/screenshot - {}
RESULT: {}
COMMAND: POST /session/9d48326ae870b5d3a573a2f725ac1bbc/execute/async - {"script":"<script> [1562 bytes]","args":[{"selector":{"id":"application-managepricingrules-display-component---newInfoPriceItem--daysMonth","interaction":{"idSuffix":"inner"}},"wdio_ui5_key":"applicationmanagepricingrules-display-component---newInfoPriceItem--daysMonth"}]}
RESULT: {"script":"<script> [1562 bytes]","args":[{"selector":{"id":"application-managepricingrules-display-component---newInfoPriceItem--daysMonth","interaction":{"idSuffix":"inner"}},"wdio_ui5_key":"applicationmanagepricingrules-display-component---newInfoPriceItem--daysMonth"}]}
RESULT: undefined
COMMAND: POST /session/9d48326ae870b5d3a573a2f725ac1bbc/execute/async - {"script":"<script> [776 bytes]","args":[{"enterText":"30","selector":{"id":"application-managepricingrules-display-component---newInfoPriceItem--daysMonth","interaction":{"idSuffix":"inner"}},"clearTextFirst":true,"interactionType":"ENTER_TEXT"}]}
RESULT: {"script":"<script> [776 bytes]","args":[{"enterText":"30","selector":{"id":"application-managepricingrules-display-component---newInfoPriceItem--daysMonth","interaction":{"idSuffix":"inner"}},"clearTextFirst":true,"interactionType":"ENTER_TEXT"}]}
COMMAND: POST /session/9d48326ae870b5d3a573a2f725ac1bbc/element - {"using":"xpath","value":"//button[@data-kt=\"saveNewRuleButton\"]"}
RESULT: {"using":"xpath","value":"//button[@data-kt=\"saveNewRuleButton\"]"}
COMMAND: POST /session/9d48326ae870b5d3a573a2f725ac1bbc/element/f.0A588440BBC4B09490297E8A4E4C478B.d.4BCA16630E35F90949F4DB4EC5D794AD.e.11666/click - {}
RESULT: {}
COMMAND: GET /session/9d48326ae870b5d3a573a2f725ac1bbc/screenshot - {}
RESULT: {}
COMMAND: POST /session/9d48326ae870b5d3a573a2f725ac1bbc/execute/async - {"script":"<script> [1562 bytes]","args":[{"selector":{"id":"application-managepricingrules-display-component---priceInfoItem--smartFilterBar-btnBasicSearch","interaction":{"idSuffix":"I"}},"wdio_ui5_key":"applicationmanagepricingrules-display-component---priceInfoItem--smartFilterBar-btnBasicSearch"}]}
RESULT: {"script":"<script> [1562 bytes]","args":[{"selector":{"id":"application-managepricingrules-display-component---priceInfoItem--smartFilterBar-btnBasicSearch","interaction":{"idSuffix":"I"}},"wdio_ui5_key":"applicationmanagepricingrules-display-component---priceInfoItem--smartFilterBar-btnBasicSearch"}]}
RESULT: undefined
COMMAND: POST /session/9d48326ae870b5d3a573a2f725ac1bbc/execute/async - {"script":"<script> [776 bytes]","args":[{"enterText":"yq7kc6429x","selector":{"id":"application-managepricingrules-display-component---priceInfoItem--smartFilterBar-btnBasicSearch","interaction":{"idSuffix":"I"}},"clearTextFirst":true,"interactionType":"ENTER_TEXT"}]}
RESULT: {"script":"<script> [776 bytes]","args":[{"enterText":"yq7kc6429x","selector":{"id":"application-managepricingrules-display-component---priceInfoItem--smartFilterBar-btnBasicSearch","interaction":{"idSuffix":"I"}},"clearTextFirst":true,"interactionType":"ENTER_TEXT"}]}
COMMAND: POST /session/9d48326ae870b5d3a573a2f725ac1bbc/actions - {"actions":[{"id":"action39","type":"key","parameters":{},"actions":[{"type":"keyDown","value":""},{"type":"pause","duration":10},{"type":"keyUp","value":""}]}]}
RESULT: {"actions":[{"id":"action39","type":"key","parameters":{},"actions":[{"type":"keyDown","value":""},{"type":"pause","duration":10},{"type":"keyUp","value":""}]}]}
COMMAND: GET /session/9d48326ae870b5d3a573a2f725ac1bbc/screenshot - {}
RESULT: {}
COMMAND: POST /session/9d48326ae870b5d3a573a2f725ac1bbc/element - {"using":"xpath","value":"//span[@id=\"application-managepricingrules-display-component---priceInfoItem--smartTable-header-inner\"]"}
RESULT: {"using":"xpath","value":"//span[@id=\"application-managepricingrules-display-component---priceInfoItem--smartTable-header-inner\"]"}
COMMAND: POST /session/9d48326ae870b5d3a573a2f725ac1bbc/elements - {"using":"xpath","value":"//span[@id=\"application-managepricingrules-display-component---priceInfoItem--smartTable-header-inner\"]"}
RESULT: {"using":"xpath","value":"//span[@id=\"application-managepricingrules-display-component---priceInfoItem--smartTable-header-inner\"]"}
COMMAND: POST /session/9d48326ae870b5d3a573a2f725ac1bbc/execute/sync - {"script":"<script> [56 bytes]","args":[{"element-6066-11e4-a52e-4f735466cecf":"f.0A588440BBC4B09490297E8A4E4C478B.d.4BCA16630E35F90949F4DB4EC5D794AD.e.11689","ELEMENT":"f.0A588440BBC4B09490297E8A4E4C478B.d.4BCA16630E35F90949F4DB4EC5D794AD.e.11689"}]}
RESULT: {"script":"<script> [56 bytes]","args":[{"element-6066-11e4-a52e-4f735466cecf":"f.0A588440BBC4B09490297E8A4E4C478B.d.4BCA16630E35F90949F4DB4EC5D794AD.e.11689","ELEMENT":"f.0A588440BBC4B09490297E8A4E4C478B.d.4BCA16630E35F90949F4DB4EC5D794AD.e.11689"}]}
COMMAND: POST /session/9d48326ae870b5d3a573a2f725ac1bbc/element - {"using":"css selector","value":"#shell-header-logo"}
COMMAND: GET /session/9d48326ae870b5d3a573a2f725ac1bbc/screenshot - {}
RESULT: {"using":"css selector","value":"#shell-header-logo"}
COMMAND: POST /session/9d48326ae870b5d3a573a2f725ac1bbc/element/f.0A588440BBC4B09490297E8A4E4C478B.d.4BCA16630E35F90949F4DB4EC5D794AD.e.10767/click - {}
RESULT: {}
RESULT: {}
COMMAND: GET /session/9d48326ae870b5d3a573a2f725ac1bbc/screenshot - {}
RESULT: {}
]]></system-out>
    </testcase>
    <testcase classname="chrome.136_0_7103_93.windows.Billing_transfer_US117289" name="Should create new condition for equipment" time="65.629">
      <system-out><![CDATA[
COMMAND: POST /session/9d48326ae870b5d3a573a2f725ac1bbc/execute/async - {"script":"<script> [1562 bytes]","args":[{"selector":{"controlType":"sap.m.GenericTile","properties":{"header":"Manage Conditions & Prices"}},"wdio_ui5_key":"sapm.GenericTile{\"header\":\"Manage Conditions & Prices\"}"}]}
RESULT: {"script":"<script> [1562 bytes]","args":[{"selector":{"controlType":"sap.m.GenericTile","properties":{"header":"Manage Conditions & Prices"}},"wdio_ui5_key":"sapm.GenericTile{\"header\":\"Manage Conditions & Prices\"}"}]}
RESULT: undefined
COMMAND: POST /session/9d48326ae870b5d3a573a2f725ac1bbc/element - {"using":"xpath","value":"//*[@id=\"__tile53\"]"}
RESULT: {"using":"xpath","value":"//*[@id=\"__tile53\"]"}
COMMAND: POST /session/9d48326ae870b5d3a573a2f725ac1bbc/element/f.0A588440BBC4B09490297E8A4E4C478B.d.4BCA16630E35F90949F4DB4EC5D794AD.e.10705/click - {}
RESULT: {}
COMMAND: GET /session/9d48326ae870b5d3a573a2f725ac1bbc/screenshot - {}
RESULT: {}
COMMAND: POST /session/9d48326ae870b5d3a573a2f725ac1bbc/elements - {"using":"xpath","value":"//span[text()='Error']"}
RESULT: {"using":"xpath","value":"//span[text()='Error']"}
COMMAND: POST /session/9d48326ae870b5d3a573a2f725ac1bbc/element - {"using":"xpath","value":"//button[@aria-label=\"Create\"]"}
RESULT: {"using":"xpath","value":"//button[@aria-label=\"Create\"]"}
COMMAND: POST /session/9d48326ae870b5d3a573a2f725ac1bbc/elements - {"using":"xpath","value":"//button[@aria-label=\"Create\"]"}
RESULT: {"using":"xpath","value":"//button[@aria-label=\"Create\"]"}
COMMAND: POST /session/9d48326ae870b5d3a573a2f725ac1bbc/execute/sync - {"script":"<script> [8489 bytes]","args":[{"element-6066-11e4-a52e-4f735466cecf":"f.0A588440BBC4B09490297E8A4E4C478B.d.4BCA16630E35F90949F4DB4EC5D794AD.e.11724","ELEMENT":"f.0A588440BBC4B09490297E8A4E4C478B.d.4BCA16630E35F90949F4DB4EC5D794AD.e.11724"}]}
RESULT: {"script":"<script> [8489 bytes]","args":[{"element-6066-11e4-a52e-4f735466cecf":"f.0A588440BBC4B09490297E8A4E4C478B.d.4BCA16630E35F90949F4DB4EC5D794AD.e.11724","ELEMENT":"f.0A588440BBC4B09490297E8A4E4C478B.d.4BCA16630E35F90949F4DB4EC5D794AD.e.11724"}]}
COMMAND: GET /session/9d48326ae870b5d3a573a2f725ac1bbc/element/f.0A588440BBC4B09490297E8A4E4C478B.d.4BCA16630E35F90949F4DB4EC5D794AD.e.11724/enabled - {}
COMMAND: GET /session/9d48326ae870b5d3a573a2f725ac1bbc/screenshot - {}
RESULT: {}
COMMAND: POST /session/9d48326ae870b5d3a573a2f725ac1bbc/execute/sync - {"script":"<script> [8489 bytes]","args":[{"element-6066-11e4-a52e-4f735466cecf":"f.0A588440BBC4B09490297E8A4E4C478B.d.4BCA16630E35F90949F4DB4EC5D794AD.e.11724","ELEMENT":"f.0A588440BBC4B09490297E8A4E4C478B.d.4BCA16630E35F90949F4DB4EC5D794AD.e.11724"}]}
COMMAND: GET /session/9d48326ae870b5d3a573a2f725ac1bbc/screenshot - {}
RESULT: {}
RESULT: {"script":"<script> [8489 bytes]","args":[{"element-6066-11e4-a52e-4f735466cecf":"f.0A588440BBC4B09490297E8A4E4C478B.d.4BCA16630E35F90949F4DB4EC5D794AD.e.11724","ELEMENT":"f.0A588440BBC4B09490297E8A4E4C478B.d.4BCA16630E35F90949F4DB4EC5D794AD.e.11724"}]}
COMMAND: POST /session/9d48326ae870b5d3a573a2f725ac1bbc/execute/sync - {"script":"<script> [5351 bytes]","args":[{"element-6066-11e4-a52e-4f735466cecf":"f.0A588440BBC4B09490297E8A4E4C478B.d.4BCA16630E35F90949F4DB4EC5D794AD.e.11724","ELEMENT":"f.0A588440BBC4B09490297E8A4E4C478B.d.4BCA16630E35F90949F4DB4EC5D794AD.e.11724"}]}
COMMAND: GET /session/9d48326ae870b5d3a573a2f725ac1bbc/screenshot - {}
RESULT: {}
RESULT: {"script":"<script> [5351 bytes]","args":[{"element-6066-11e4-a52e-4f735466cecf":"f.0A588440BBC4B09490297E8A4E4C478B.d.4BCA16630E35F90949F4DB4EC5D794AD.e.11724","ELEMENT":"f.0A588440BBC4B09490297E8A4E4C478B.d.4BCA16630E35F90949F4DB4EC5D794AD.e.11724"}]}
COMMAND: POST /session/9d48326ae870b5d3a573a2f725ac1bbc/element/f.0A588440BBC4B09490297E8A4E4C478B.d.4BCA16630E35F90949F4DB4EC5D794AD.e.11724/click - {}
COMMAND: GET /session/9d48326ae870b5d3a573a2f725ac1bbc/screenshot - {}
RESULT: {}
RESULT: {}
COMMAND: GET /session/9d48326ae870b5d3a573a2f725ac1bbc/screenshot - {}
RESULT: {}
RESULT: {}
COMMAND: POST /session/9d48326ae870b5d3a573a2f725ac1bbc/actions - {"actions":[{"id":"action40","type":"key","parameters":{},"actions":[{"type":"keyDown","value":""},{"type":"pause","duration":10},{"type":"keyUp","value":""}]}]}
RESULT: {"actions":[{"id":"action40","type":"key","parameters":{},"actions":[{"type":"keyDown","value":""},{"type":"pause","duration":10},{"type":"keyUp","value":""}]}]}
COMMAND: GET /session/9d48326ae870b5d3a573a2f725ac1bbc/screenshot - {}
RESULT: {}
COMMAND: POST /session/9d48326ae870b5d3a573a2f725ac1bbc/execute/async - {"script":"<script> [1562 bytes]","args":[{"selector":{"id":"application-manageconditionprice-display-component---newCondition--condBillCond-arrow"},"wdio_ui5_key":"applicationmanageconditionprice-display-component---newCondition--condBillCond-arrow"}]}
RESULT: {"script":"<script> [1562 bytes]","args":[{"selector":{"id":"application-manageconditionprice-display-component---newCondition--condBillCond-arrow"},"wdio_ui5_key":"applicationmanageconditionprice-display-component---newCondition--condBillCond-arrow"}]}
RESULT: undefined
COMMAND: POST /session/9d48326ae870b5d3a573a2f725ac1bbc/element - {"using":"xpath","value":"//*[@id=\"application-manageconditionprice-display-component---newCondition--condBillCond-arrow\"]"}
RESULT: {"using":"xpath","value":"//*[@id=\"application-manageconditionprice-display-component---newCondition--condBillCond-arrow\"]"}
COMMAND: POST /session/9d48326ae870b5d3a573a2f725ac1bbc/element/f.0A588440BBC4B09490297E8A4E4C478B.d.4BCA16630E35F90949F4DB4EC5D794AD.e.11904/click - {}
RESULT: {}
COMMAND: GET /session/9d48326ae870b5d3a573a2f725ac1bbc/screenshot - {}
RESULT: {}
COMMAND: POST /session/9d48326ae870b5d3a573a2f725ac1bbc/element - {"using":"xpath","value":"//li[.//span[contains(text(), \"DISP - D&I special price\")]]"}
RESULT: {"using":"xpath","value":"//li[.//span[contains(text(), \"DISP - D&I special price\")]]"}
COMMAND: POST /session/9d48326ae870b5d3a573a2f725ac1bbc/element/f.0A588440BBC4B09490297E8A4E4C478B.d.4BCA16630E35F90949F4DB4EC5D794AD.e.11907/click - {}
RESULT: {}
COMMAND: GET /session/9d48326ae870b5d3a573a2f725ac1bbc/screenshot - {}
RESULT: {}
COMMAND: POST /session/9d48326ae870b5d3a573a2f725ac1bbc/execute/async - {"script":"<script> [1562 bytes]","args":[{"selector":{"id":"application-manageconditionprice-display-component---newCondition--condValidTo","interaction":{"idSuffix":"inner"}},"wdio_ui5_key":"applicationmanageconditionprice-display-component---newCondition--condValidTo"}]}
RESULT: {"script":"<script> [1562 bytes]","args":[{"selector":{"id":"application-manageconditionprice-display-component---newCondition--condValidTo","interaction":{"idSuffix":"inner"}},"wdio_ui5_key":"applicationmanageconditionprice-display-component---newCondition--condValidTo"}]}
RESULT: undefined
COMMAND: POST /session/9d48326ae870b5d3a573a2f725ac1bbc/execute/async - {"script":"<script> [776 bytes]","args":[{"enterText":"1/31/26","selector":{"id":"application-manageconditionprice-display-component---newCondition--condValidTo","interaction":{"idSuffix":"inner"}},"clearTextFirst":true,"interactionType":"ENTER_TEXT"}]}
RESULT: {"script":"<script> [776 bytes]","args":[{"enterText":"1/31/26","selector":{"id":"application-manageconditionprice-display-component---newCondition--condValidTo","interaction":{"idSuffix":"inner"}},"clearTextFirst":true,"interactionType":"ENTER_TEXT"}]}
COMMAND: POST /session/9d48326ae870b5d3a573a2f725ac1bbc/element - {"using":"xpath","value":"//input[@id=\"application-manageconditionprice-display-component---newCondition--condRU-inner\"]"}
RESULT: {"using":"xpath","value":"//input[@id=\"application-manageconditionprice-display-component---newCondition--condRU-inner\"]"}
COMMAND: POST /session/9d48326ae870b5d3a573a2f725ac1bbc/element/f.0A588440BBC4B09490297E8A4E4C478B.d.4BCA16630E35F90949F4DB4EC5D794AD.e.11740/clear - {}
RESULT: {}
COMMAND: POST /session/9d48326ae870b5d3a573a2f725ac1bbc/element/f.0A588440BBC4B09490297E8A4E4C478B.d.4BCA16630E35F90949F4DB4EC5D794AD.e.11740/value - {"text":"yq7kc6429x"}
COMMAND: GET /session/9d48326ae870b5d3a573a2f725ac1bbc/screenshot - {}
RESULT: {"text":"yq7kc6429x"}
COMMAND: GET /session/9d48326ae870b5d3a573a2f725ac1bbc/screenshot - {}
RESULT: {}
RESULT: {}
COMMAND: POST /session/9d48326ae870b5d3a573a2f725ac1bbc/actions - {"actions":[{"id":"action41","type":"key","parameters":{},"actions":[{"type":"keyDown","value":""},{"type":"pause","duration":10},{"type":"keyUp","value":""}]}]}
RESULT: {"actions":[{"id":"action41","type":"key","parameters":{},"actions":[{"type":"keyDown","value":""},{"type":"pause","duration":10},{"type":"keyUp","value":""}]}]}
COMMAND: POST /session/9d48326ae870b5d3a573a2f725ac1bbc/execute/async - {"script":"<script> [1562 bytes]","args":[{"selector":{"id":"application-manageconditionprice-display-component---newCondition--condBaseQty","interaction":{"idSuffix":"inner"}},"wdio_ui5_key":"applicationmanageconditionprice-display-component---newCondition--condBaseQty"}]}
COMMAND: GET /session/9d48326ae870b5d3a573a2f725ac1bbc/screenshot - {}
RESULT: {"script":"<script> [1562 bytes]","args":[{"selector":{"id":"application-manageconditionprice-display-component---newCondition--condBaseQty","interaction":{"idSuffix":"inner"}},"wdio_ui5_key":"applicationmanageconditionprice-display-component---newCondition--condBaseQty"}]}
RESULT: undefined
COMMAND: POST /session/9d48326ae870b5d3a573a2f725ac1bbc/execute/async - {"script":"<script> [776 bytes]","args":[{"enterText":"1","selector":{"id":"application-manageconditionprice-display-component---newCondition--condBaseQty","interaction":{"idSuffix":"inner"}},"clearTextFirst":true,"interactionType":"ENTER_TEXT"}]}
RESULT: {}
RESULT: {"script":"<script> [776 bytes]","args":[{"enterText":"1","selector":{"id":"application-manageconditionprice-display-component---newCondition--condBaseQty","interaction":{"idSuffix":"inner"}},"clearTextFirst":true,"interactionType":"ENTER_TEXT"}]}
COMMAND: POST /session/9d48326ae870b5d3a573a2f725ac1bbc/execute/async - {"script":"<script> [1562 bytes]","args":[{"selector":{"id":"application-manageconditionprice-display-component---newCondition--condValue","interaction":{"idSuffix":"inner"}},"wdio_ui5_key":"applicationmanageconditionprice-display-component---newCondition--condValue"}]}
RESULT: {"script":"<script> [1562 bytes]","args":[{"selector":{"id":"application-manageconditionprice-display-component---newCondition--condValue","interaction":{"idSuffix":"inner"}},"wdio_ui5_key":"applicationmanageconditionprice-display-component---newCondition--condValue"}]}
RESULT: undefined
COMMAND: POST /session/9d48326ae870b5d3a573a2f725ac1bbc/execute/async - {"script":"<script> [776 bytes]","args":[{"enterText":"100","selector":{"id":"application-manageconditionprice-display-component---newCondition--condValue","interaction":{"idSuffix":"inner"}},"clearTextFirst":true,"interactionType":"ENTER_TEXT"}]}
RESULT: {"script":"<script> [776 bytes]","args":[{"enterText":"100","selector":{"id":"application-manageconditionprice-display-component---newCondition--condValue","interaction":{"idSuffix":"inner"}},"clearTextFirst":true,"interactionType":"ENTER_TEXT"}]}
COMMAND: POST /session/9d48326ae870b5d3a573a2f725ac1bbc/execute/async - {"script":"<script> [1562 bytes]","args":[{"selector":{"id":"application-manageconditionprice-display-component---newCondition--condCurr-arrow"},"wdio_ui5_key":"applicationmanageconditionprice-display-component---newCondition--condCurr-arrow"}]}
RESULT: {"script":"<script> [1562 bytes]","args":[{"selector":{"id":"application-manageconditionprice-display-component---newCondition--condCurr-arrow"},"wdio_ui5_key":"applicationmanageconditionprice-display-component---newCondition--condCurr-arrow"}]}
RESULT: undefined
COMMAND: POST /session/9d48326ae870b5d3a573a2f725ac1bbc/element - {"using":"xpath","value":"//*[@id=\"application-manageconditionprice-display-component---newCondition--condCurr-arrow\"]"}
RESULT: {"using":"xpath","value":"//*[@id=\"application-manageconditionprice-display-component---newCondition--condCurr-arrow\"]"}
COMMAND: POST /session/9d48326ae870b5d3a573a2f725ac1bbc/element/f.0A588440BBC4B09490297E8A4E4C478B.d.4BCA16630E35F90949F4DB4EC5D794AD.e.11879/click - {}
RESULT: {}
COMMAND: POST /session/9d48326ae870b5d3a573a2f725ac1bbc/element - {"using":"xpath","value":"//span[contains(text(), \"Euro\")]"}
COMMAND: GET /session/9d48326ae870b5d3a573a2f725ac1bbc/screenshot - {}
RESULT: {"using":"xpath","value":"//span[contains(text(), \"Euro\")]"}
COMMAND: POST /session/9d48326ae870b5d3a573a2f725ac1bbc/element/f.0A588440BBC4B09490297E8A4E4C478B.d.4BCA16630E35F90949F4DB4EC5D794AD.e.11944/click - {}
RESULT: {}
RESULT: {}
COMMAND: POST /session/9d48326ae870b5d3a573a2f725ac1bbc/element - {"using":"xpath","value":"//button[@data-kt=\"saveButton\"]"}
COMMAND: GET /session/9d48326ae870b5d3a573a2f725ac1bbc/screenshot - {}
RESULT: {"using":"xpath","value":"//button[@data-kt=\"saveButton\"]"}
COMMAND: POST /session/9d48326ae870b5d3a573a2f725ac1bbc/element/f.0A588440BBC4B09490297E8A4E4C478B.d.4BCA16630E35F90949F4DB4EC5D794AD.e.11880/click - {}
RESULT: {}
RESULT: {}
COMMAND: GET /session/9d48326ae870b5d3a573a2f725ac1bbc/screenshot - {}
RESULT: {}
COMMAND: POST /session/9d48326ae870b5d3a573a2f725ac1bbc/execute/async - {"script":"<script> [1562 bytes]","args":[{"selector":{"id":"application-manageconditionprice-display-component---conditions--smartFilterBar-btnBasicSearch","interaction":{"idSuffix":"I"}},"wdio_ui5_key":"applicationmanageconditionprice-display-component---conditions--smartFilterBar-btnBasicSearch"}]}
RESULT: {"script":"<script> [1562 bytes]","args":[{"selector":{"id":"application-manageconditionprice-display-component---conditions--smartFilterBar-btnBasicSearch","interaction":{"idSuffix":"I"}},"wdio_ui5_key":"applicationmanageconditionprice-display-component---conditions--smartFilterBar-btnBasicSearch"}]}
RESULT: undefined
COMMAND: POST /session/9d48326ae870b5d3a573a2f725ac1bbc/execute/async - {"script":"<script> [776 bytes]","args":[{"enterText":"yq7kc6429x","selector":{"id":"application-manageconditionprice-display-component---conditions--smartFilterBar-btnBasicSearch","interaction":{"idSuffix":"I"}},"clearTextFirst":true,"interactionType":"ENTER_TEXT"}]}
RESULT: {"script":"<script> [776 bytes]","args":[{"enterText":"yq7kc6429x","selector":{"id":"application-manageconditionprice-display-component---conditions--smartFilterBar-btnBasicSearch","interaction":{"idSuffix":"I"}},"clearTextFirst":true,"interactionType":"ENTER_TEXT"}]}
COMMAND: POST /session/9d48326ae870b5d3a573a2f725ac1bbc/actions - {"actions":[{"id":"action42","type":"key","parameters":{},"actions":[{"type":"keyDown","value":""},{"type":"pause","duration":10},{"type":"keyUp","value":""}]}]}
RESULT: {"actions":[{"id":"action42","type":"key","parameters":{},"actions":[{"type":"keyDown","value":""},{"type":"pause","duration":10},{"type":"keyUp","value":""}]}]}
COMMAND: GET /session/9d48326ae870b5d3a573a2f725ac1bbc/screenshot - {}
RESULT: {}
COMMAND: POST /session/9d48326ae870b5d3a573a2f725ac1bbc/execute/async - {"script":"<script> [1562 bytes]","args":[{"selector":{"id":"application-manageconditionprice-display-component---conditions--smartFilterBar-filterItemControl_BASIC-BILL_TYPES-vhi"},"wdio_ui5_key":"applicationmanageconditionprice-display-component---conditions--smartFilterBar-filterItemControl_BASIC-BILL_TYPES-vhi"}]}
RESULT: {"script":"<script> [1562 bytes]","args":[{"selector":{"id":"application-manageconditionprice-display-component---conditions--smartFilterBar-filterItemControl_BASIC-BILL_TYPES-vhi"},"wdio_ui5_key":"applicationmanageconditionprice-display-component---conditions--smartFilterBar-filterItemControl_BASIC-BILL_TYPES-vhi"}]}
RESULT: undefined
COMMAND: POST /session/9d48326ae870b5d3a573a2f725ac1bbc/element - {"using":"xpath","value":"//*[@id=\"application-manageconditionprice-display-component---conditions--smartFilterBar-filterItemControl_BASIC-BILL_TYPES-vhi\"]"}
RESULT: {"using":"xpath","value":"//*[@id=\"application-manageconditionprice-display-component---conditions--smartFilterBar-filterItemControl_BASIC-BILL_TYPES-vhi\"]"}
COMMAND: POST /session/9d48326ae870b5d3a573a2f725ac1bbc/element/f.0A588440BBC4B09490297E8A4E4C478B.d.4BCA16630E35F90949F4DB4EC5D794AD.e.12051/click - {}
RESULT: {}
COMMAND: POST /session/9d48326ae870b5d3a573a2f725ac1bbc/execute/async - {"script":"<script> [1562 bytes]","args":[{"selector":{"id":"application-manageconditionprice-display-component---conditions--smartFilterBar-filterItemControl_BASIC-BILL_TYPES-valueHelpDialog-smartFilterBar-btnBasicSearch","searchOpenDialogs":true,"interaction":{"idSuffix":"I"}},"wdio_ui5_key":"applicationmanageconditionprice-display-component---conditions--smartFilterBar-filterItemControl_BASIC-BILL_TYPES-valueHelpDialog-smartFilterBar-btnBasicSearch"}]}
COMMAND: GET /session/9d48326ae870b5d3a573a2f725ac1bbc/screenshot - {}
RESULT: {"script":"<script> [1562 bytes]","args":[{"selector":{"id":"application-manageconditionprice-display-component---conditions--smartFilterBar-filterItemControl_BASIC-BILL_TYPES-valueHelpDialog-smartFilterBar-btnBasicSearch","searchOpenDialogs":true,"interaction":{"idSuffix":"I"}},"wdio_ui5_key":"applicationmanageconditionprice-display-component---conditions--smartFilterBar-filterItemControl_BASIC-BILL_TYPES-valueHelpDialog-smartFilterBar-btnBasicSearch"}]}
RESULT: undefined
COMMAND: POST /session/9d48326ae870b5d3a573a2f725ac1bbc/execute/async - {"script":"<script> [776 bytes]","args":[{"enterText":"TB","selector":{"id":"application-manageconditionprice-display-component---conditions--smartFilterBar-filterItemControl_BASIC-BILL_TYPES-valueHelpDialog-smartFilterBar-btnBasicSearch","searchOpenDialogs":true,"interaction":{"idSuffix":"I"}},"clearTextFirst":true,"interactionType":"ENTER_TEXT"}]}
RESULT: {}
RESULT: {"script":"<script> [776 bytes]","args":[{"enterText":"TB","selector":{"id":"application-manageconditionprice-display-component---conditions--smartFilterBar-filterItemControl_BASIC-BILL_TYPES-valueHelpDialog-smartFilterBar-btnBasicSearch","searchOpenDialogs":true,"interaction":{"idSuffix":"I"}},"clearTextFirst":true,"interactionType":"ENTER_TEXT"}]}
COMMAND: POST /session/9d48326ae870b5d3a573a2f725ac1bbc/actions - {"actions":[{"id":"action43","type":"key","parameters":{},"actions":[{"type":"keyDown","value":""},{"type":"pause","duration":10},{"type":"keyUp","value":""}]}]}
RESULT: {"actions":[{"id":"action43","type":"key","parameters":{},"actions":[{"type":"keyDown","value":""},{"type":"pause","duration":10},{"type":"keyUp","value":""}]}]}
COMMAND: GET /session/9d48326ae870b5d3a573a2f725ac1bbc/screenshot - {}
RESULT: {}
COMMAND: POST /session/9d48326ae870b5d3a573a2f725ac1bbc/element - {"using":"xpath","value":"//div[contains(@id, 'application-manageconditionprice-display-component---conditions--smartFilterBar-filterItemControl_BASIC-BILL_TYPES-valueHelpDialog-table-rowsel0')]"}
RESULT: {"using":"xpath","value":"//div[contains(@id, 'application-manageconditionprice-display-component---conditions--smartFilterBar-filterItemControl_BASIC-BILL_TYPES-valueHelpDialog-table-rowsel0')]"}
COMMAND: POST /session/9d48326ae870b5d3a573a2f725ac1bbc/element/f.0A588440BBC4B09490297E8A4E4C478B.d.4BCA16630E35F90949F4DB4EC5D794AD.e.12061/click - {}
RESULT: {}
COMMAND: GET /session/9d48326ae870b5d3a573a2f725ac1bbc/screenshot - {}
RESULT: {}
COMMAND: POST /session/9d48326ae870b5d3a573a2f725ac1bbc/element - {"using":"xpath","value":"//bdi[contains(text(), \"OK\")]"}
RESULT: {"using":"xpath","value":"//bdi[contains(text(), \"OK\")]"}
COMMAND: POST /session/9d48326ae870b5d3a573a2f725ac1bbc/element/f.0A588440BBC4B09490297E8A4E4C478B.d.4BCA16630E35F90949F4DB4EC5D794AD.e.12063/click - {}
RESULT: {}
COMMAND: GET /session/9d48326ae870b5d3a573a2f725ac1bbc/screenshot - {}
RESULT: {}
COMMAND: POST /session/9d48326ae870b5d3a573a2f725ac1bbc/element - {"using":"xpath","value":"//span[@id=\"application-manageconditionprice-display-component---conditions--smartTable-header-inner\"]"}
RESULT: {"using":"xpath","value":"//span[@id=\"application-manageconditionprice-display-component---conditions--smartTable-header-inner\"]"}
COMMAND: POST /session/9d48326ae870b5d3a573a2f725ac1bbc/elements - {"using":"xpath","value":"//span[@id=\"application-manageconditionprice-display-component---conditions--smartTable-header-inner\"]"}
RESULT: {"using":"xpath","value":"//span[@id=\"application-manageconditionprice-display-component---conditions--smartTable-header-inner\"]"}
COMMAND: POST /session/9d48326ae870b5d3a573a2f725ac1bbc/execute/sync - {"script":"<script> [56 bytes]","args":[{"element-6066-11e4-a52e-4f735466cecf":"f.0A588440BBC4B09490297E8A4E4C478B.d.4BCA16630E35F90949F4DB4EC5D794AD.e.12066","ELEMENT":"f.0A588440BBC4B09490297E8A4E4C478B.d.4BCA16630E35F90949F4DB4EC5D794AD.e.12066"}]}
RESULT: {"script":"<script> [56 bytes]","args":[{"element-6066-11e4-a52e-4f735466cecf":"f.0A588440BBC4B09490297E8A4E4C478B.d.4BCA16630E35F90949F4DB4EC5D794AD.e.12066","ELEMENT":"f.0A588440BBC4B09490297E8A4E4C478B.d.4BCA16630E35F90949F4DB4EC5D794AD.e.12066"}]}
COMMAND: POST /session/9d48326ae870b5d3a573a2f725ac1bbc/element - {"using":"css selector","value":"#shell-header-logo"}
COMMAND: GET /session/9d48326ae870b5d3a573a2f725ac1bbc/screenshot - {}
RESULT: {"using":"css selector","value":"#shell-header-logo"}
COMMAND: POST /session/9d48326ae870b5d3a573a2f725ac1bbc/element/f.0A588440BBC4B09490297E8A4E4C478B.d.4BCA16630E35F90949F4DB4EC5D794AD.e.11692/click - {}
RESULT: {}
RESULT: {}
COMMAND: GET /session/9d48326ae870b5d3a573a2f725ac1bbc/screenshot - {}
RESULT: {}
]]></system-out>
    </testcase>
    <testcase classname="chrome.136_0_7103_93.windows.Billing_transfer_US117289" name="Should do a stock increase" time="96.018">
      <failure/>
      <error message="Can't call click on element with selector &quot;//li[.//span[contains(text(),'535 -')]]&quot; because element wasn't found"/>
      <system-out><![CDATA[
COMMAND: POST /session/9d48326ae870b5d3a573a2f725ac1bbc/execute/async - {"script":"<script> [1562 bytes]","args":[{"selector":{"controlType":"sap.m.GenericTile","properties":{"header":"Manage Handovers"}},"wdio_ui5_key":"sapm.GenericTile{\"header\":\"Manage Handovers\"}"}]}
RESULT: {"script":"<script> [1562 bytes]","args":[{"selector":{"controlType":"sap.m.GenericTile","properties":{"header":"Manage Handovers"}},"wdio_ui5_key":"sapm.GenericTile{\"header\":\"Manage Handovers\"}"}]}
RESULT: undefined
COMMAND: POST /session/9d48326ae870b5d3a573a2f725ac1bbc/element - {"using":"xpath","value":"//*[@id=\"__tile133\"]"}
RESULT: {"using":"xpath","value":"//*[@id=\"__tile133\"]"}
COMMAND: POST /session/9d48326ae870b5d3a573a2f725ac1bbc/element/f.0A588440BBC4B09490297E8A4E4C478B.d.4BCA16630E35F90949F4DB4EC5D794AD.e.10743/click - {}
RESULT: {}
COMMAND: GET /session/9d48326ae870b5d3a573a2f725ac1bbc/screenshot - {}
RESULT: {}
COMMAND: POST /session/9d48326ae870b5d3a573a2f725ac1bbc/elements - {"using":"xpath","value":"//span[text()='Error']"}
RESULT: {"using":"xpath","value":"//span[text()='Error']"}
COMMAND: POST /session/9d48326ae870b5d3a573a2f725ac1bbc/element - {"using":"xpath","value":"//button[@data-kt=\"masterHOAddButton\"]"}
RESULT: {"using":"xpath","value":"//button[@data-kt=\"masterHOAddButton\"]"}
COMMAND: POST /session/9d48326ae870b5d3a573a2f725ac1bbc/elements - {"using":"xpath","value":"//button[@data-kt=\"masterHOAddButton\"]"}
RESULT: {"using":"xpath","value":"//button[@data-kt=\"masterHOAddButton\"]"}
COMMAND: POST /session/9d48326ae870b5d3a573a2f725ac1bbc/execute/sync - {"script":"<script> [8489 bytes]","args":[{"element-6066-11e4-a52e-4f735466cecf":"f.0A588440BBC4B09490297E8A4E4C478B.d.4BCA16630E35F90949F4DB4EC5D794AD.e.12109","ELEMENT":"f.0A588440BBC4B09490297E8A4E4C478B.d.4BCA16630E35F90949F4DB4EC5D794AD.e.12109"}]}
RESULT: {"script":"<script> [8489 bytes]","args":[{"element-6066-11e4-a52e-4f735466cecf":"f.0A588440BBC4B09490297E8A4E4C478B.d.4BCA16630E35F90949F4DB4EC5D794AD.e.12109","ELEMENT":"f.0A588440BBC4B09490297E8A4E4C478B.d.4BCA16630E35F90949F4DB4EC5D794AD.e.12109"}]}
COMMAND: GET /session/9d48326ae870b5d3a573a2f725ac1bbc/element/f.0A588440BBC4B09490297E8A4E4C478B.d.4BCA16630E35F90949F4DB4EC5D794AD.e.12109/enabled - {}
COMMAND: GET /session/9d48326ae870b5d3a573a2f725ac1bbc/screenshot - {}
RESULT: {}
COMMAND: POST /session/9d48326ae870b5d3a573a2f725ac1bbc/execute/sync - {"script":"<script> [8489 bytes]","args":[{"element-6066-11e4-a52e-4f735466cecf":"f.0A588440BBC4B09490297E8A4E4C478B.d.4BCA16630E35F90949F4DB4EC5D794AD.e.12109","ELEMENT":"f.0A588440BBC4B09490297E8A4E4C478B.d.4BCA16630E35F90949F4DB4EC5D794AD.e.12109"}]}
COMMAND: GET /session/9d48326ae870b5d3a573a2f725ac1bbc/screenshot - {}
RESULT: {}
RESULT: {"script":"<script> [8489 bytes]","args":[{"element-6066-11e4-a52e-4f735466cecf":"f.0A588440BBC4B09490297E8A4E4C478B.d.4BCA16630E35F90949F4DB4EC5D794AD.e.12109","ELEMENT":"f.0A588440BBC4B09490297E8A4E4C478B.d.4BCA16630E35F90949F4DB4EC5D794AD.e.12109"}]}
COMMAND: POST /session/9d48326ae870b5d3a573a2f725ac1bbc/execute/sync - {"script":"<script> [5351 bytes]","args":[{"element-6066-11e4-a52e-4f735466cecf":"f.0A588440BBC4B09490297E8A4E4C478B.d.4BCA16630E35F90949F4DB4EC5D794AD.e.12109","ELEMENT":"f.0A588440BBC4B09490297E8A4E4C478B.d.4BCA16630E35F90949F4DB4EC5D794AD.e.12109"}]}
COMMAND: GET /session/9d48326ae870b5d3a573a2f725ac1bbc/screenshot - {}
RESULT: {}
RESULT: {"script":"<script> [5351 bytes]","args":[{"element-6066-11e4-a52e-4f735466cecf":"f.0A588440BBC4B09490297E8A4E4C478B.d.4BCA16630E35F90949F4DB4EC5D794AD.e.12109","ELEMENT":"f.0A588440BBC4B09490297E8A4E4C478B.d.4BCA16630E35F90949F4DB4EC5D794AD.e.12109"}]}
COMMAND: POST /session/9d48326ae870b5d3a573a2f725ac1bbc/element/f.0A588440BBC4B09490297E8A4E4C478B.d.4BCA16630E35F90949F4DB4EC5D794AD.e.12109/click - {}
COMMAND: GET /session/9d48326ae870b5d3a573a2f725ac1bbc/screenshot - {}
RESULT: {}
RESULT: {}
COMMAND: GET /session/9d48326ae870b5d3a573a2f725ac1bbc/screenshot - {}
RESULT: {}
RESULT: {}
COMMAND: POST /session/9d48326ae870b5d3a573a2f725ac1bbc/element - {"using":"xpath","value":"//span[contains(@id ,\"AddNewHO--typeSelect-arrow\")]"}
RESULT: {"using":"xpath","value":"//span[contains(@id ,\"AddNewHO--typeSelect-arrow\")]"}
COMMAND: POST /session/9d48326ae870b5d3a573a2f725ac1bbc/element/f.0A588440BBC4B09490297E8A4E4C478B.d.4BCA16630E35F90949F4DB4EC5D794AD.e.12446/click - {}
RESULT: {}
COMMAND: GET /session/9d48326ae870b5d3a573a2f725ac1bbc/screenshot - {}
RESULT: {}
COMMAND: POST /session/9d48326ae870b5d3a573a2f725ac1bbc/element - {"using":"xpath","value":"(//li[contains(text(), \"stock increase yard\")])[1]"}
RESULT: {"using":"xpath","value":"(//li[contains(text(), \"stock increase yard\")])[1]"}
COMMAND: POST /session/9d48326ae870b5d3a573a2f725ac1bbc/element/f.0A588440BBC4B09490297E8A4E4C478B.d.4BCA16630E35F90949F4DB4EC5D794AD.e.12447/click - {}
RESULT: {}
COMMAND: GET /session/9d48326ae870b5d3a573a2f725ac1bbc/screenshot - {}
RESULT: {}
COMMAND: POST /session/9d48326ae870b5d3a573a2f725ac1bbc/execute/async - {"script":"<script> [1562 bytes]","args":[{"selector":{"id":"application-managehandovers-display-component---AddNewHO--dueDate","interaction":{"idSuffix":"inner"}},"wdio_ui5_key":"applicationmanagehandovers-display-component---AddNewHO--dueDate"}]}
RESULT: {"script":"<script> [1562 bytes]","args":[{"selector":{"id":"application-managehandovers-display-component---AddNewHO--dueDate","interaction":{"idSuffix":"inner"}},"wdio_ui5_key":"applicationmanagehandovers-display-component---AddNewHO--dueDate"}]}
RESULT: undefined
COMMAND: POST /session/9d48326ae870b5d3a573a2f725ac1bbc/execute/async - {"script":"<script> [6424 bytes]","args":[{"element-6066-11e4-a52e-4f735466cecf":"f.0A588440BBC4B09490297E8A4E4C478B.d.4BCA16630E35F90949F4DB4EC5D794AD.e.12449"},"setValue",["5/31/25"]]}
RESULT: {"script":"<script> [6424 bytes]","args":[{"element-6066-11e4-a52e-4f735466cecf":"f.0A588440BBC4B09490297E8A4E4C478B.d.4BCA16630E35F90949F4DB4EC5D794AD.e.12449"},"setValue",["5/31/25"]]}
COMMAND: POST /session/9d48326ae870b5d3a573a2f725ac1bbc/element - {"using":"xpath","value":"//input[@id=\"generalSectionFrg--receiveYard-inner\"]"}
RESULT: {"using":"xpath","value":"//input[@id=\"generalSectionFrg--receiveYard-inner\"]"}
COMMAND: POST /session/9d48326ae870b5d3a573a2f725ac1bbc/element/f.0A588440BBC4B09490297E8A4E4C478B.d.4BCA16630E35F90949F4DB4EC5D794AD.e.12455/clear - {}
RESULT: {}
COMMAND: POST /session/9d48326ae870b5d3a573a2f725ac1bbc/element/f.0A588440BBC4B09490297E8A4E4C478B.d.4BCA16630E35F90949F4DB4EC5D794AD.e.12455/value - {"text":"535"}
COMMAND: GET /session/9d48326ae870b5d3a573a2f725ac1bbc/screenshot - {}
RESULT: {"text":"535"}
COMMAND: GET /session/9d48326ae870b5d3a573a2f725ac1bbc/screenshot - {}
RESULT: {}
RESULT: {}
COMMAND: POST /session/9d48326ae870b5d3a573a2f725ac1bbc/element - {"using":"xpath","value":"//li[.//span[contains(text(),'535 -')]]"}
RESULT: {"using":"xpath","value":"//li[.//span[contains(text(),'535 -')]]"}
COMMAND: POST /session/9d48326ae870b5d3a573a2f725ac1bbc/elements - {"using":"xpath","value":"//li[.//span[contains(text(),'535 -')]]"}
RESULT: {"using":"xpath","value":"//li[.//span[contains(text(),'535 -')]]"}
COMMAND: POST /session/9d48326ae870b5d3a573a2f725ac1bbc/elements - {"using":"xpath","value":"//li[.//span[contains(text(),'535 -')]]"}
RESULT: {"using":"xpath","value":"//li[.//span[contains(text(),'535 -')]]"}
COMMAND: POST /session/9d48326ae870b5d3a573a2f725ac1bbc/elements - {"using":"xpath","value":"//li[.//span[contains(text(),'535 -')]]"}
RESULT: {"using":"xpath","value":"//li[.//span[contains(text(),'535 -')]]"}
COMMAND: POST /session/9d48326ae870b5d3a573a2f725ac1bbc/elements - {"using":"xpath","value":"//li[.//span[contains(text(),'535 -')]]"}
RESULT: {"using":"xpath","value":"//li[.//span[contains(text(),'535 -')]]"}
COMMAND: POST /session/9d48326ae870b5d3a573a2f725ac1bbc/elements - {"using":"xpath","value":"//li[.//span[contains(text(),'535 -')]]"}
RESULT: {"using":"xpath","value":"//li[.//span[contains(text(),'535 -')]]"}
COMMAND: POST /session/9d48326ae870b5d3a573a2f725ac1bbc/elements - {"using":"xpath","value":"//li[.//span[contains(text(),'535 -')]]"}
RESULT: {"using":"xpath","value":"//li[.//span[contains(text(),'535 -')]]"}
COMMAND: POST /session/9d48326ae870b5d3a573a2f725ac1bbc/elements - {"using":"xpath","value":"//li[.//span[contains(text(),'535 -')]]"}
RESULT: {"using":"xpath","value":"//li[.//span[contains(text(),'535 -')]]"}
COMMAND: POST /session/9d48326ae870b5d3a573a2f725ac1bbc/elements - {"using":"xpath","value":"//li[.//span[contains(text(),'535 -')]]"}
RESULT: {"using":"xpath","value":"//li[.//span[contains(text(),'535 -')]]"}
COMMAND: POST /session/9d48326ae870b5d3a573a2f725ac1bbc/elements - {"using":"xpath","value":"//li[.//span[contains(text(),'535 -')]]"}
RESULT: {"using":"xpath","value":"//li[.//span[contains(text(),'535 -')]]"}
COMMAND: POST /session/9d48326ae870b5d3a573a2f725ac1bbc/elements - {"using":"xpath","value":"//li[.//span[contains(text(),'535 -')]]"}
RESULT: {"using":"xpath","value":"//li[.//span[contains(text(),'535 -')]]"}
COMMAND: POST /session/9d48326ae870b5d3a573a2f725ac1bbc/elements - {"using":"xpath","value":"//li[.//span[contains(text(),'535 -')]]"}
RESULT: {"using":"xpath","value":"//li[.//span[contains(text(),'535 -')]]"}
COMMAND: POST /session/9d48326ae870b5d3a573a2f725ac1bbc/elements - {"using":"xpath","value":"//li[.//span[contains(text(),'535 -')]]"}
RESULT: {"using":"xpath","value":"//li[.//span[contains(text(),'535 -')]]"}
COMMAND: POST /session/9d48326ae870b5d3a573a2f725ac1bbc/elements - {"using":"xpath","value":"//li[.//span[contains(text(),'535 -')]]"}
RESULT: {"using":"xpath","value":"//li[.//span[contains(text(),'535 -')]]"}
COMMAND: POST /session/9d48326ae870b5d3a573a2f725ac1bbc/elements - {"using":"xpath","value":"//li[.//span[contains(text(),'535 -')]]"}
RESULT: {"using":"xpath","value":"//li[.//span[contains(text(),'535 -')]]"}
COMMAND: POST /session/9d48326ae870b5d3a573a2f725ac1bbc/elements - {"using":"xpath","value":"//li[.//span[contains(text(),'535 -')]]"}
RESULT: {"using":"xpath","value":"//li[.//span[contains(text(),'535 -')]]"}
COMMAND: POST /session/9d48326ae870b5d3a573a2f725ac1bbc/elements - {"using":"xpath","value":"//li[.//span[contains(text(),'535 -')]]"}
RESULT: {"using":"xpath","value":"//li[.//span[contains(text(),'535 -')]]"}
COMMAND: POST /session/9d48326ae870b5d3a573a2f725ac1bbc/elements - {"using":"xpath","value":"//li[.//span[contains(text(),'535 -')]]"}
RESULT: {"using":"xpath","value":"//li[.//span[contains(text(),'535 -')]]"}
COMMAND: POST /session/9d48326ae870b5d3a573a2f725ac1bbc/elements - {"using":"xpath","value":"//li[.//span[contains(text(),'535 -')]]"}
RESULT: {"using":"xpath","value":"//li[.//span[contains(text(),'535 -')]]"}
COMMAND: POST /session/9d48326ae870b5d3a573a2f725ac1bbc/elements - {"using":"xpath","value":"//li[.//span[contains(text(),'535 -')]]"}
RESULT: {"using":"xpath","value":"//li[.//span[contains(text(),'535 -')]]"}
COMMAND: POST /session/9d48326ae870b5d3a573a2f725ac1bbc/elements - {"using":"xpath","value":"//li[.//span[contains(text(),'535 -')]]"}
RESULT: {"using":"xpath","value":"//li[.//span[contains(text(),'535 -')]]"}
COMMAND: POST /session/9d48326ae870b5d3a573a2f725ac1bbc/elements - {"using":"xpath","value":"//li[.//span[contains(text(),'535 -')]]"}
RESULT: {"using":"xpath","value":"//li[.//span[contains(text(),'535 -')]]"}
COMMAND: POST /session/9d48326ae870b5d3a573a2f725ac1bbc/elements - {"using":"xpath","value":"//li[.//span[contains(text(),'535 -')]]"}
RESULT: {"using":"xpath","value":"//li[.//span[contains(text(),'535 -')]]"}
COMMAND: POST /session/9d48326ae870b5d3a573a2f725ac1bbc/elements - {"using":"xpath","value":"//li[.//span[contains(text(),'535 -')]]"}
RESULT: {"using":"xpath","value":"//li[.//span[contains(text(),'535 -')]]"}
COMMAND: POST /session/9d48326ae870b5d3a573a2f725ac1bbc/elements - {"using":"xpath","value":"//li[.//span[contains(text(),'535 -')]]"}
RESULT: {"using":"xpath","value":"//li[.//span[contains(text(),'535 -')]]"}
COMMAND: POST /session/9d48326ae870b5d3a573a2f725ac1bbc/elements - {"using":"xpath","value":"//li[.//span[contains(text(),'535 -')]]"}
RESULT: {"using":"xpath","value":"//li[.//span[contains(text(),'535 -')]]"}
COMMAND: POST /session/9d48326ae870b5d3a573a2f725ac1bbc/elements - {"using":"xpath","value":"//li[.//span[contains(text(),'535 -')]]"}
RESULT: {"using":"xpath","value":"//li[.//span[contains(text(),'535 -')]]"}
COMMAND: POST /session/9d48326ae870b5d3a573a2f725ac1bbc/elements - {"using":"xpath","value":"//li[.//span[contains(text(),'535 -')]]"}
RESULT: {"using":"xpath","value":"//li[.//span[contains(text(),'535 -')]]"}
COMMAND: POST /session/9d48326ae870b5d3a573a2f725ac1bbc/elements - {"using":"xpath","value":"//li[.//span[contains(text(),'535 -')]]"}
RESULT: {"using":"xpath","value":"//li[.//span[contains(text(),'535 -')]]"}
COMMAND: POST /session/9d48326ae870b5d3a573a2f725ac1bbc/elements - {"using":"xpath","value":"//li[.//span[contains(text(),'535 -')]]"}
RESULT: {"using":"xpath","value":"//li[.//span[contains(text(),'535 -')]]"}
COMMAND: POST /session/9d48326ae870b5d3a573a2f725ac1bbc/elements - {"using":"xpath","value":"//li[.//span[contains(text(),'535 -')]]"}
RESULT: {"using":"xpath","value":"//li[.//span[contains(text(),'535 -')]]"}
COMMAND: POST /session/9d48326ae870b5d3a573a2f725ac1bbc/elements - {"using":"xpath","value":"//li[.//span[contains(text(),'535 -')]]"}
RESULT: {"using":"xpath","value":"//li[.//span[contains(text(),'535 -')]]"}
COMMAND: POST /session/9d48326ae870b5d3a573a2f725ac1bbc/elements - {"using":"xpath","value":"//li[.//span[contains(text(),'535 -')]]"}
RESULT: {"using":"xpath","value":"//li[.//span[contains(text(),'535 -')]]"}
COMMAND: POST /session/9d48326ae870b5d3a573a2f725ac1bbc/elements - {"using":"xpath","value":"//li[.//span[contains(text(),'535 -')]]"}
RESULT: {"using":"xpath","value":"//li[.//span[contains(text(),'535 -')]]"}
COMMAND: POST /session/9d48326ae870b5d3a573a2f725ac1bbc/elements - {"using":"xpath","value":"//li[.//span[contains(text(),'535 -')]]"}
RESULT: {"using":"xpath","value":"//li[.//span[contains(text(),'535 -')]]"}
COMMAND: POST /session/9d48326ae870b5d3a573a2f725ac1bbc/elements - {"using":"xpath","value":"//li[.//span[contains(text(),'535 -')]]"}
RESULT: {"using":"xpath","value":"//li[.//span[contains(text(),'535 -')]]"}
COMMAND: POST /session/9d48326ae870b5d3a573a2f725ac1bbc/elements - {"using":"xpath","value":"//li[.//span[contains(text(),'535 -')]]"}
RESULT: {"using":"xpath","value":"//li[.//span[contains(text(),'535 -')]]"}
COMMAND: POST /session/9d48326ae870b5d3a573a2f725ac1bbc/elements - {"using":"xpath","value":"//li[.//span[contains(text(),'535 -')]]"}
RESULT: {"using":"xpath","value":"//li[.//span[contains(text(),'535 -')]]"}
COMMAND: POST /session/9d48326ae870b5d3a573a2f725ac1bbc/elements - {"using":"xpath","value":"//li[.//span[contains(text(),'535 -')]]"}
RESULT: {"using":"xpath","value":"//li[.//span[contains(text(),'535 -')]]"}
COMMAND: POST /session/9d48326ae870b5d3a573a2f725ac1bbc/elements - {"using":"xpath","value":"//li[.//span[contains(text(),'535 -')]]"}
RESULT: {"using":"xpath","value":"//li[.//span[contains(text(),'535 -')]]"}
COMMAND: POST /session/9d48326ae870b5d3a573a2f725ac1bbc/elements - {"using":"xpath","value":"//li[.//span[contains(text(),'535 -')]]"}
RESULT: {"using":"xpath","value":"//li[.//span[contains(text(),'535 -')]]"}
COMMAND: POST /session/9d48326ae870b5d3a573a2f725ac1bbc/elements - {"using":"xpath","value":"//li[.//span[contains(text(),'535 -')]]"}
RESULT: {"using":"xpath","value":"//li[.//span[contains(text(),'535 -')]]"}
COMMAND: POST /session/9d48326ae870b5d3a573a2f725ac1bbc/elements - {"using":"xpath","value":"//li[.//span[contains(text(),'535 -')]]"}
RESULT: {"using":"xpath","value":"//li[.//span[contains(text(),'535 -')]]"}
COMMAND: POST /session/9d48326ae870b5d3a573a2f725ac1bbc/elements - {"using":"xpath","value":"//li[.//span[contains(text(),'535 -')]]"}
RESULT: {"using":"xpath","value":"//li[.//span[contains(text(),'535 -')]]"}
COMMAND: POST /session/9d48326ae870b5d3a573a2f725ac1bbc/elements - {"using":"xpath","value":"//li[.//span[contains(text(),'535 -')]]"}
RESULT: {"using":"xpath","value":"//li[.//span[contains(text(),'535 -')]]"}
COMMAND: POST /session/9d48326ae870b5d3a573a2f725ac1bbc/elements - {"using":"xpath","value":"//li[.//span[contains(text(),'535 -')]]"}
RESULT: {"using":"xpath","value":"//li[.//span[contains(text(),'535 -')]]"}
COMMAND: POST /session/9d48326ae870b5d3a573a2f725ac1bbc/elements - {"using":"xpath","value":"//li[.//span[contains(text(),'535 -')]]"}
RESULT: {"using":"xpath","value":"//li[.//span[contains(text(),'535 -')]]"}
COMMAND: POST /session/9d48326ae870b5d3a573a2f725ac1bbc/elements - {"using":"xpath","value":"//li[.//span[contains(text(),'535 -')]]"}
RESULT: {"using":"xpath","value":"//li[.//span[contains(text(),'535 -')]]"}
COMMAND: POST /session/9d48326ae870b5d3a573a2f725ac1bbc/elements - {"using":"xpath","value":"//li[.//span[contains(text(),'535 -')]]"}
RESULT: {"using":"xpath","value":"//li[.//span[contains(text(),'535 -')]]"}
COMMAND: POST /session/9d48326ae870b5d3a573a2f725ac1bbc/elements - {"using":"xpath","value":"//li[.//span[contains(text(),'535 -')]]"}
RESULT: {"using":"xpath","value":"//li[.//span[contains(text(),'535 -')]]"}
COMMAND: POST /session/9d48326ae870b5d3a573a2f725ac1bbc/elements - {"using":"xpath","value":"//li[.//span[contains(text(),'535 -')]]"}
RESULT: {"using":"xpath","value":"//li[.//span[contains(text(),'535 -')]]"}
COMMAND: POST /session/9d48326ae870b5d3a573a2f725ac1bbc/elements - {"using":"xpath","value":"//li[.//span[contains(text(),'535 -')]]"}
RESULT: {"using":"xpath","value":"//li[.//span[contains(text(),'535 -')]]"}
COMMAND: POST /session/9d48326ae870b5d3a573a2f725ac1bbc/elements - {"using":"xpath","value":"//li[.//span[contains(text(),'535 -')]]"}
RESULT: {"using":"xpath","value":"//li[.//span[contains(text(),'535 -')]]"}
COMMAND: POST /session/9d48326ae870b5d3a573a2f725ac1bbc/elements - {"using":"xpath","value":"//li[.//span[contains(text(),'535 -')]]"}
RESULT: {"using":"xpath","value":"//li[.//span[contains(text(),'535 -')]]"}
COMMAND: POST /session/9d48326ae870b5d3a573a2f725ac1bbc/elements - {"using":"xpath","value":"//li[.//span[contains(text(),'535 -')]]"}
RESULT: {"using":"xpath","value":"//li[.//span[contains(text(),'535 -')]]"}
COMMAND: POST /session/9d48326ae870b5d3a573a2f725ac1bbc/elements - {"using":"xpath","value":"//li[.//span[contains(text(),'535 -')]]"}
RESULT: {"using":"xpath","value":"//li[.//span[contains(text(),'535 -')]]"}
COMMAND: POST /session/9d48326ae870b5d3a573a2f725ac1bbc/elements - {"using":"xpath","value":"//li[.//span[contains(text(),'535 -')]]"}
RESULT: {"using":"xpath","value":"//li[.//span[contains(text(),'535 -')]]"}
COMMAND: POST /session/9d48326ae870b5d3a573a2f725ac1bbc/elements - {"using":"xpath","value":"//li[.//span[contains(text(),'535 -')]]"}
RESULT: {"using":"xpath","value":"//li[.//span[contains(text(),'535 -')]]"}
COMMAND: POST /session/9d48326ae870b5d3a573a2f725ac1bbc/elements - {"using":"xpath","value":"//li[.//span[contains(text(),'535 -')]]"}
RESULT: {"using":"xpath","value":"//li[.//span[contains(text(),'535 -')]]"}
COMMAND: POST /session/9d48326ae870b5d3a573a2f725ac1bbc/elements - {"using":"xpath","value":"//li[.//span[contains(text(),'535 -')]]"}
RESULT: {"using":"xpath","value":"//li[.//span[contains(text(),'535 -')]]"}
COMMAND: POST /session/9d48326ae870b5d3a573a2f725ac1bbc/elements - {"using":"xpath","value":"//li[.//span[contains(text(),'535 -')]]"}
RESULT: {"using":"xpath","value":"//li[.//span[contains(text(),'535 -')]]"}
COMMAND: POST /session/9d48326ae870b5d3a573a2f725ac1bbc/elements - {"using":"xpath","value":"//li[.//span[contains(text(),'535 -')]]"}
RESULT: {"using":"xpath","value":"//li[.//span[contains(text(),'535 -')]]"}
COMMAND: POST /session/9d48326ae870b5d3a573a2f725ac1bbc/elements - {"using":"xpath","value":"//li[.//span[contains(text(),'535 -')]]"}
RESULT: {"using":"xpath","value":"//li[.//span[contains(text(),'535 -')]]"}
COMMAND: POST /session/9d48326ae870b5d3a573a2f725ac1bbc/elements - {"using":"xpath","value":"//li[.//span[contains(text(),'535 -')]]"}
RESULT: {"using":"xpath","value":"//li[.//span[contains(text(),'535 -')]]"}
COMMAND: POST /session/9d48326ae870b5d3a573a2f725ac1bbc/elements - {"using":"xpath","value":"//li[.//span[contains(text(),'535 -')]]"}
RESULT: {"using":"xpath","value":"//li[.//span[contains(text(),'535 -')]]"}
COMMAND: POST /session/9d48326ae870b5d3a573a2f725ac1bbc/elements - {"using":"xpath","value":"//li[.//span[contains(text(),'535 -')]]"}
RESULT: {"using":"xpath","value":"//li[.//span[contains(text(),'535 -')]]"}
COMMAND: POST /session/9d48326ae870b5d3a573a2f725ac1bbc/elements - {"using":"xpath","value":"//li[.//span[contains(text(),'535 -')]]"}
RESULT: {"using":"xpath","value":"//li[.//span[contains(text(),'535 -')]]"}
COMMAND: POST /session/9d48326ae870b5d3a573a2f725ac1bbc/elements - {"using":"xpath","value":"//li[.//span[contains(text(),'535 -')]]"}
RESULT: {"using":"xpath","value":"//li[.//span[contains(text(),'535 -')]]"}
COMMAND: POST /session/9d48326ae870b5d3a573a2f725ac1bbc/elements - {"using":"xpath","value":"//li[.//span[contains(text(),'535 -')]]"}
RESULT: {"using":"xpath","value":"//li[.//span[contains(text(),'535 -')]]"}
COMMAND: POST /session/9d48326ae870b5d3a573a2f725ac1bbc/elements - {"using":"xpath","value":"//li[.//span[contains(text(),'535 -')]]"}
RESULT: {"using":"xpath","value":"//li[.//span[contains(text(),'535 -')]]"}
COMMAND: POST /session/9d48326ae870b5d3a573a2f725ac1bbc/elements - {"using":"xpath","value":"//li[.//span[contains(text(),'535 -')]]"}
RESULT: {"using":"xpath","value":"//li[.//span[contains(text(),'535 -')]]"}
COMMAND: POST /session/9d48326ae870b5d3a573a2f725ac1bbc/elements - {"using":"xpath","value":"//li[.//span[contains(text(),'535 -')]]"}
RESULT: {"using":"xpath","value":"//li[.//span[contains(text(),'535 -')]]"}
COMMAND: POST /session/9d48326ae870b5d3a573a2f725ac1bbc/elements - {"using":"xpath","value":"//li[.//span[contains(text(),'535 -')]]"}
RESULT: {"using":"xpath","value":"//li[.//span[contains(text(),'535 -')]]"}
COMMAND: POST /session/9d48326ae870b5d3a573a2f725ac1bbc/elements - {"using":"xpath","value":"//li[.//span[contains(text(),'535 -')]]"}
RESULT: {"using":"xpath","value":"//li[.//span[contains(text(),'535 -')]]"}
COMMAND: POST /session/9d48326ae870b5d3a573a2f725ac1bbc/elements - {"using":"xpath","value":"//li[.//span[contains(text(),'535 -')]]"}
RESULT: {"using":"xpath","value":"//li[.//span[contains(text(),'535 -')]]"}
COMMAND: POST /session/9d48326ae870b5d3a573a2f725ac1bbc/elements - {"using":"xpath","value":"//li[.//span[contains(text(),'535 -')]]"}
RESULT: {"using":"xpath","value":"//li[.//span[contains(text(),'535 -')]]"}
COMMAND: POST /session/9d48326ae870b5d3a573a2f725ac1bbc/elements - {"using":"xpath","value":"//li[.//span[contains(text(),'535 -')]]"}
RESULT: {"using":"xpath","value":"//li[.//span[contains(text(),'535 -')]]"}
COMMAND: POST /session/9d48326ae870b5d3a573a2f725ac1bbc/elements - {"using":"xpath","value":"//li[.//span[contains(text(),'535 -')]]"}
RESULT: {"using":"xpath","value":"//li[.//span[contains(text(),'535 -')]]"}
COMMAND: POST /session/9d48326ae870b5d3a573a2f725ac1bbc/elements - {"using":"xpath","value":"//li[.//span[contains(text(),'535 -')]]"}
RESULT: {"using":"xpath","value":"//li[.//span[contains(text(),'535 -')]]"}
COMMAND: POST /session/9d48326ae870b5d3a573a2f725ac1bbc/elements - {"using":"xpath","value":"//li[.//span[contains(text(),'535 -')]]"}
RESULT: {"using":"xpath","value":"//li[.//span[contains(text(),'535 -')]]"}
COMMAND: POST /session/9d48326ae870b5d3a573a2f725ac1bbc/elements - {"using":"xpath","value":"//li[.//span[contains(text(),'535 -')]]"}
RESULT: {"using":"xpath","value":"//li[.//span[contains(text(),'535 -')]]"}
COMMAND: POST /session/9d48326ae870b5d3a573a2f725ac1bbc/elements - {"using":"xpath","value":"//li[.//span[contains(text(),'535 -')]]"}
RESULT: {"using":"xpath","value":"//li[.//span[contains(text(),'535 -')]]"}
COMMAND: POST /session/9d48326ae870b5d3a573a2f725ac1bbc/elements - {"using":"xpath","value":"//li[.//span[contains(text(),'535 -')]]"}
RESULT: {"using":"xpath","value":"//li[.//span[contains(text(),'535 -')]]"}
COMMAND: POST /session/9d48326ae870b5d3a573a2f725ac1bbc/elements - {"using":"xpath","value":"//li[.//span[contains(text(),'535 -')]]"}
RESULT: {"using":"xpath","value":"//li[.//span[contains(text(),'535 -')]]"}
COMMAND: POST /session/9d48326ae870b5d3a573a2f725ac1bbc/elements - {"using":"xpath","value":"//li[.//span[contains(text(),'535 -')]]"}
RESULT: {"using":"xpath","value":"//li[.//span[contains(text(),'535 -')]]"}
COMMAND: POST /session/9d48326ae870b5d3a573a2f725ac1bbc/elements - {"using":"xpath","value":"//li[.//span[contains(text(),'535 -')]]"}
RESULT: {"using":"xpath","value":"//li[.//span[contains(text(),'535 -')]]"}
COMMAND: POST /session/9d48326ae870b5d3a573a2f725ac1bbc/elements - {"using":"xpath","value":"//li[.//span[contains(text(),'535 -')]]"}
RESULT: {"using":"xpath","value":"//li[.//span[contains(text(),'535 -')]]"}
COMMAND: POST /session/9d48326ae870b5d3a573a2f725ac1bbc/elements - {"using":"xpath","value":"//li[.//span[contains(text(),'535 -')]]"}
RESULT: {"using":"xpath","value":"//li[.//span[contains(text(),'535 -')]]"}
COMMAND: POST /session/9d48326ae870b5d3a573a2f725ac1bbc/elements - {"using":"xpath","value":"//li[.//span[contains(text(),'535 -')]]"}
RESULT: {"using":"xpath","value":"//li[.//span[contains(text(),'535 -')]]"}
COMMAND: POST /session/9d48326ae870b5d3a573a2f725ac1bbc/elements - {"using":"xpath","value":"//li[.//span[contains(text(),'535 -')]]"}
RESULT: {"using":"xpath","value":"//li[.//span[contains(text(),'535 -')]]"}
COMMAND: POST /session/9d48326ae870b5d3a573a2f725ac1bbc/elements - {"using":"xpath","value":"//li[.//span[contains(text(),'535 -')]]"}
RESULT: {"using":"xpath","value":"//li[.//span[contains(text(),'535 -')]]"}
COMMAND: POST /session/9d48326ae870b5d3a573a2f725ac1bbc/elements - {"using":"xpath","value":"//li[.//span[contains(text(),'535 -')]]"}
RESULT: {"using":"xpath","value":"//li[.//span[contains(text(),'535 -')]]"}
COMMAND: POST /session/9d48326ae870b5d3a573a2f725ac1bbc/elements - {"using":"xpath","value":"//li[.//span[contains(text(),'535 -')]]"}
RESULT: {"using":"xpath","value":"//li[.//span[contains(text(),'535 -')]]"}
COMMAND: POST /session/9d48326ae870b5d3a573a2f725ac1bbc/elements - {"using":"xpath","value":"//li[.//span[contains(text(),'535 -')]]"}
RESULT: {"using":"xpath","value":"//li[.//span[contains(text(),'535 -')]]"}
COMMAND: POST /session/9d48326ae870b5d3a573a2f725ac1bbc/elements - {"using":"xpath","value":"//li[.//span[contains(text(),'535 -')]]"}
RESULT: {"using":"xpath","value":"//li[.//span[contains(text(),'535 -')]]"}
COMMAND: POST /session/9d48326ae870b5d3a573a2f725ac1bbc/elements - {"using":"xpath","value":"//li[.//span[contains(text(),'535 -')]]"}
RESULT: {"using":"xpath","value":"//li[.//span[contains(text(),'535 -')]]"}
COMMAND: POST /session/9d48326ae870b5d3a573a2f725ac1bbc/elements - {"using":"xpath","value":"//li[.//span[contains(text(),'535 -')]]"}
RESULT: {"using":"xpath","value":"//li[.//span[contains(text(),'535 -')]]"}
COMMAND: POST /session/9d48326ae870b5d3a573a2f725ac1bbc/elements - {"using":"xpath","value":"//li[.//span[contains(text(),'535 -')]]"}
RESULT: {"using":"xpath","value":"//li[.//span[contains(text(),'535 -')]]"}
COMMAND: POST /session/9d48326ae870b5d3a573a2f725ac1bbc/elements - {"using":"xpath","value":"//li[.//span[contains(text(),'535 -')]]"}
RESULT: {"using":"xpath","value":"//li[.//span[contains(text(),'535 -')]]"}
COMMAND: POST /session/9d48326ae870b5d3a573a2f725ac1bbc/elements - {"using":"xpath","value":"//li[.//span[contains(text(),'535 -')]]"}
RESULT: {"using":"xpath","value":"//li[.//span[contains(text(),'535 -')]]"}
COMMAND: POST /session/9d48326ae870b5d3a573a2f725ac1bbc/elements - {"using":"xpath","value":"//li[.//span[contains(text(),'535 -')]]"}
RESULT: {"using":"xpath","value":"//li[.//span[contains(text(),'535 -')]]"}
COMMAND: POST /session/9d48326ae870b5d3a573a2f725ac1bbc/elements - {"using":"xpath","value":"//li[.//span[contains(text(),'535 -')]]"}
RESULT: {"using":"xpath","value":"//li[.//span[contains(text(),'535 -')]]"}
COMMAND: POST /session/9d48326ae870b5d3a573a2f725ac1bbc/elements - {"using":"xpath","value":"//li[.//span[contains(text(),'535 -')]]"}
RESULT: {"using":"xpath","value":"//li[.//span[contains(text(),'535 -')]]"}
COMMAND: POST /session/9d48326ae870b5d3a573a2f725ac1bbc/elements - {"using":"xpath","value":"//li[.//span[contains(text(),'535 -')]]"}
RESULT: {"using":"xpath","value":"//li[.//span[contains(text(),'535 -')]]"}
COMMAND: POST /session/9d48326ae870b5d3a573a2f725ac1bbc/elements - {"using":"xpath","value":"//li[.//span[contains(text(),'535 -')]]"}
RESULT: {"using":"xpath","value":"//li[.//span[contains(text(),'535 -')]]"}
COMMAND: POST /session/9d48326ae870b5d3a573a2f725ac1bbc/elements - {"using":"xpath","value":"//li[.//span[contains(text(),'535 -')]]"}
RESULT: {"using":"xpath","value":"//li[.//span[contains(text(),'535 -')]]"}
COMMAND: POST /session/9d48326ae870b5d3a573a2f725ac1bbc/elements - {"using":"xpath","value":"//li[.//span[contains(text(),'535 -')]]"}
RESULT: {"using":"xpath","value":"//li[.//span[contains(text(),'535 -')]]"}
COMMAND: POST /session/9d48326ae870b5d3a573a2f725ac1bbc/elements - {"using":"xpath","value":"//li[.//span[contains(text(),'535 -')]]"}
RESULT: {"using":"xpath","value":"//li[.//span[contains(text(),'535 -')]]"}
COMMAND: POST /session/9d48326ae870b5d3a573a2f725ac1bbc/elements - {"using":"xpath","value":"//li[.//span[contains(text(),'535 -')]]"}
RESULT: {"using":"xpath","value":"//li[.//span[contains(text(),'535 -')]]"}
COMMAND: POST /session/9d48326ae870b5d3a573a2f725ac1bbc/elements - {"using":"xpath","value":"//li[.//span[contains(text(),'535 -')]]"}
RESULT: {"using":"xpath","value":"//li[.//span[contains(text(),'535 -')]]"}
COMMAND: POST /session/9d48326ae870b5d3a573a2f725ac1bbc/elements - {"using":"xpath","value":"//li[.//span[contains(text(),'535 -')]]"}
RESULT: {"using":"xpath","value":"//li[.//span[contains(text(),'535 -')]]"}
COMMAND: POST /session/9d48326ae870b5d3a573a2f725ac1bbc/elements - {"using":"xpath","value":"//li[.//span[contains(text(),'535 -')]]"}
RESULT: {"using":"xpath","value":"//li[.//span[contains(text(),'535 -')]]"}
COMMAND: POST /session/9d48326ae870b5d3a573a2f725ac1bbc/elements - {"using":"xpath","value":"//li[.//span[contains(text(),'535 -')]]"}
RESULT: {"using":"xpath","value":"//li[.//span[contains(text(),'535 -')]]"}
COMMAND: POST /session/9d48326ae870b5d3a573a2f725ac1bbc/elements - {"using":"xpath","value":"//li[.//span[contains(text(),'535 -')]]"}
RESULT: {"using":"xpath","value":"//li[.//span[contains(text(),'535 -')]]"}
COMMAND: POST /session/9d48326ae870b5d3a573a2f725ac1bbc/elements - {"using":"xpath","value":"//li[.//span[contains(text(),'535 -')]]"}
RESULT: {"using":"xpath","value":"//li[.//span[contains(text(),'535 -')]]"}
COMMAND: POST /session/9d48326ae870b5d3a573a2f725ac1bbc/elements - {"using":"xpath","value":"//li[.//span[contains(text(),'535 -')]]"}
RESULT: {"using":"xpath","value":"//li[.//span[contains(text(),'535 -')]]"}
COMMAND: POST /session/9d48326ae870b5d3a573a2f725ac1bbc/elements - {"using":"xpath","value":"//li[.//span[contains(text(),'535 -')]]"}
RESULT: {"using":"xpath","value":"//li[.//span[contains(text(),'535 -')]]"}
COMMAND: POST /session/9d48326ae870b5d3a573a2f725ac1bbc/elements - {"using":"xpath","value":"//li[.//span[contains(text(),'535 -')]]"}
RESULT: {"using":"xpath","value":"//li[.//span[contains(text(),'535 -')]]"}
COMMAND: POST /session/9d48326ae870b5d3a573a2f725ac1bbc/elements - {"using":"xpath","value":"//li[.//span[contains(text(),'535 -')]]"}
RESULT: {"using":"xpath","value":"//li[.//span[contains(text(),'535 -')]]"}
COMMAND: POST /session/9d48326ae870b5d3a573a2f725ac1bbc/elements - {"using":"xpath","value":"//li[.//span[contains(text(),'535 -')]]"}
RESULT: {"using":"xpath","value":"//li[.//span[contains(text(),'535 -')]]"}
COMMAND: POST /session/9d48326ae870b5d3a573a2f725ac1bbc/elements - {"using":"xpath","value":"//li[.//span[contains(text(),'535 -')]]"}
RESULT: {"using":"xpath","value":"//li[.//span[contains(text(),'535 -')]]"}
COMMAND: POST /session/9d48326ae870b5d3a573a2f725ac1bbc/elements - {"using":"xpath","value":"//li[.//span[contains(text(),'535 -')]]"}
COMMAND: GET /session/9d48326ae870b5d3a573a2f725ac1bbc/screenshot - {}
RESULT: {"using":"xpath","value":"//li[.//span[contains(text(),'535 -')]]"}
RESULT: {}
]]></system-out>
      <system-err><![CDATA[
Error: Can't call click on element with selector "//li[.//span[contains(text(),'535 -')]]" because element wasn't found
    at async UtilsPrerequisites.stockIncrease (D:\a\1\s\test\specs\BTS\prerequisites-and-utils-functions.js:1638:9)
    at async Context.<anonymous> (D:\a\1\s\test\specs\BTS\billing-transfer.spec.js:59:9)
]]></system-err>
    </testcase>
    <testcase classname="chrome.136_0_7103_93.windows.Billing_transfer_US117289" name="Should create a new contract" time="60.021">
      <failure/>
      <error message="element (&quot;//button[@data-kt=&quot;addButton&quot;]&quot;) still not existing after 45000ms"/>
      <system-out><![CDATA[
COMMAND: POST /session/9d48326ae870b5d3a573a2f725ac1bbc/execute/async - {"script":"<script> [1562 bytes]","args":[{"selector":{"controlType":"sap.m.GenericTile","properties":{"header":"Manage Contracts"}},"wdio_ui5_key":"sapm.GenericTile{\"header\":\"Manage Contracts\"}"}]}
COMMAND: GET /session/9d48326ae870b5d3a573a2f725ac1bbc/screenshot - {}
RESULT: {"script":"<script> [1562 bytes]","args":[{"selector":{"controlType":"sap.m.GenericTile","properties":{"header":"Manage Contracts"}},"wdio_ui5_key":"sapm.GenericTile{\"header\":\"Manage Contracts\"}"}]}
RESULT: undefined
RESULT: {}
COMMAND: POST /session/9d48326ae870b5d3a573a2f725ac1bbc/elements - {"using":"xpath","value":"//span[text()='Error']"}
RESULT: {"using":"xpath","value":"//span[text()='Error']"}
COMMAND: POST /session/9d48326ae870b5d3a573a2f725ac1bbc/element - {"using":"xpath","value":"//button[@data-kt=\"addButton\"]"}
RESULT: {"using":"xpath","value":"//button[@data-kt=\"addButton\"]"}
COMMAND: POST /session/9d48326ae870b5d3a573a2f725ac1bbc/elements - {"using":"xpath","value":"//button[@data-kt=\"addButton\"]"}
RESULT: {"using":"xpath","value":"//button[@data-kt=\"addButton\"]"}
COMMAND: POST /session/9d48326ae870b5d3a573a2f725ac1bbc/elements - {"using":"xpath","value":"//button[@data-kt=\"addButton\"]"}
RESULT: {"using":"xpath","value":"//button[@data-kt=\"addButton\"]"}
COMMAND: POST /session/9d48326ae870b5d3a573a2f725ac1bbc/elements - {"using":"xpath","value":"//button[@data-kt=\"addButton\"]"}
RESULT: {"using":"xpath","value":"//button[@data-kt=\"addButton\"]"}
COMMAND: POST /session/9d48326ae870b5d3a573a2f725ac1bbc/elements - {"using":"xpath","value":"//button[@data-kt=\"addButton\"]"}
RESULT: {"using":"xpath","value":"//button[@data-kt=\"addButton\"]"}
COMMAND: POST /session/9d48326ae870b5d3a573a2f725ac1bbc/elements - {"using":"xpath","value":"//button[@data-kt=\"addButton\"]"}
RESULT: {"using":"xpath","value":"//button[@data-kt=\"addButton\"]"}
COMMAND: POST /session/9d48326ae870b5d3a573a2f725ac1bbc/elements - {"using":"xpath","value":"//button[@data-kt=\"addButton\"]"}
RESULT: {"using":"xpath","value":"//button[@data-kt=\"addButton\"]"}
COMMAND: POST /session/9d48326ae870b5d3a573a2f725ac1bbc/elements - {"using":"xpath","value":"//button[@data-kt=\"addButton\"]"}
RESULT: {"using":"xpath","value":"//button[@data-kt=\"addButton\"]"}
COMMAND: POST /session/9d48326ae870b5d3a573a2f725ac1bbc/elements - {"using":"xpath","value":"//button[@data-kt=\"addButton\"]"}
RESULT: {"using":"xpath","value":"//button[@data-kt=\"addButton\"]"}
COMMAND: POST /session/9d48326ae870b5d3a573a2f725ac1bbc/elements - {"using":"xpath","value":"//button[@data-kt=\"addButton\"]"}
RESULT: {"using":"xpath","value":"//button[@data-kt=\"addButton\"]"}
COMMAND: POST /session/9d48326ae870b5d3a573a2f725ac1bbc/elements - {"using":"xpath","value":"//button[@data-kt=\"addButton\"]"}
RESULT: {"using":"xpath","value":"//button[@data-kt=\"addButton\"]"}
COMMAND: POST /session/9d48326ae870b5d3a573a2f725ac1bbc/elements - {"using":"xpath","value":"//button[@data-kt=\"addButton\"]"}
RESULT: {"using":"xpath","value":"//button[@data-kt=\"addButton\"]"}
COMMAND: POST /session/9d48326ae870b5d3a573a2f725ac1bbc/elements - {"using":"xpath","value":"//button[@data-kt=\"addButton\"]"}
RESULT: {"using":"xpath","value":"//button[@data-kt=\"addButton\"]"}
COMMAND: POST /session/9d48326ae870b5d3a573a2f725ac1bbc/elements - {"using":"xpath","value":"//button[@data-kt=\"addButton\"]"}
RESULT: {"using":"xpath","value":"//button[@data-kt=\"addButton\"]"}
COMMAND: POST /session/9d48326ae870b5d3a573a2f725ac1bbc/elements - {"using":"xpath","value":"//button[@data-kt=\"addButton\"]"}
RESULT: {"using":"xpath","value":"//button[@data-kt=\"addButton\"]"}
COMMAND: POST /session/9d48326ae870b5d3a573a2f725ac1bbc/elements - {"using":"xpath","value":"//button[@data-kt=\"addButton\"]"}
RESULT: {"using":"xpath","value":"//button[@data-kt=\"addButton\"]"}
COMMAND: POST /session/9d48326ae870b5d3a573a2f725ac1bbc/elements - {"using":"xpath","value":"//button[@data-kt=\"addButton\"]"}
RESULT: {"using":"xpath","value":"//button[@data-kt=\"addButton\"]"}
COMMAND: POST /session/9d48326ae870b5d3a573a2f725ac1bbc/elements - {"using":"xpath","value":"//button[@data-kt=\"addButton\"]"}
RESULT: {"using":"xpath","value":"//button[@data-kt=\"addButton\"]"}
COMMAND: POST /session/9d48326ae870b5d3a573a2f725ac1bbc/elements - {"using":"xpath","value":"//button[@data-kt=\"addButton\"]"}
RESULT: {"using":"xpath","value":"//button[@data-kt=\"addButton\"]"}
COMMAND: POST /session/9d48326ae870b5d3a573a2f725ac1bbc/elements - {"using":"xpath","value":"//button[@data-kt=\"addButton\"]"}
RESULT: {"using":"xpath","value":"//button[@data-kt=\"addButton\"]"}
COMMAND: POST /session/9d48326ae870b5d3a573a2f725ac1bbc/elements - {"using":"xpath","value":"//button[@data-kt=\"addButton\"]"}
RESULT: {"using":"xpath","value":"//button[@data-kt=\"addButton\"]"}
COMMAND: POST /session/9d48326ae870b5d3a573a2f725ac1bbc/elements - {"using":"xpath","value":"//button[@data-kt=\"addButton\"]"}
RESULT: {"using":"xpath","value":"//button[@data-kt=\"addButton\"]"}
COMMAND: POST /session/9d48326ae870b5d3a573a2f725ac1bbc/elements - {"using":"xpath","value":"//button[@data-kt=\"addButton\"]"}
RESULT: {"using":"xpath","value":"//button[@data-kt=\"addButton\"]"}
COMMAND: POST /session/9d48326ae870b5d3a573a2f725ac1bbc/elements - {"using":"xpath","value":"//button[@data-kt=\"addButton\"]"}
RESULT: {"using":"xpath","value":"//button[@data-kt=\"addButton\"]"}
COMMAND: POST /session/9d48326ae870b5d3a573a2f725ac1bbc/elements - {"using":"xpath","value":"//button[@data-kt=\"addButton\"]"}
RESULT: {"using":"xpath","value":"//button[@data-kt=\"addButton\"]"}
COMMAND: POST /session/9d48326ae870b5d3a573a2f725ac1bbc/elements - {"using":"xpath","value":"//button[@data-kt=\"addButton\"]"}
RESULT: {"using":"xpath","value":"//button[@data-kt=\"addButton\"]"}
COMMAND: POST /session/9d48326ae870b5d3a573a2f725ac1bbc/elements - {"using":"xpath","value":"//button[@data-kt=\"addButton\"]"}
RESULT: {"using":"xpath","value":"//button[@data-kt=\"addButton\"]"}
COMMAND: POST /session/9d48326ae870b5d3a573a2f725ac1bbc/elements - {"using":"xpath","value":"//button[@data-kt=\"addButton\"]"}
RESULT: {"using":"xpath","value":"//button[@data-kt=\"addButton\"]"}
COMMAND: POST /session/9d48326ae870b5d3a573a2f725ac1bbc/elements - {"using":"xpath","value":"//button[@data-kt=\"addButton\"]"}
RESULT: {"using":"xpath","value":"//button[@data-kt=\"addButton\"]"}
COMMAND: POST /session/9d48326ae870b5d3a573a2f725ac1bbc/elements - {"using":"xpath","value":"//button[@data-kt=\"addButton\"]"}
RESULT: {"using":"xpath","value":"//button[@data-kt=\"addButton\"]"}
COMMAND: POST /session/9d48326ae870b5d3a573a2f725ac1bbc/elements - {"using":"xpath","value":"//button[@data-kt=\"addButton\"]"}
RESULT: {"using":"xpath","value":"//button[@data-kt=\"addButton\"]"}
COMMAND: POST /session/9d48326ae870b5d3a573a2f725ac1bbc/elements - {"using":"xpath","value":"//button[@data-kt=\"addButton\"]"}
RESULT: {"using":"xpath","value":"//button[@data-kt=\"addButton\"]"}
COMMAND: POST /session/9d48326ae870b5d3a573a2f725ac1bbc/elements - {"using":"xpath","value":"//button[@data-kt=\"addButton\"]"}
RESULT: {"using":"xpath","value":"//button[@data-kt=\"addButton\"]"}
COMMAND: POST /session/9d48326ae870b5d3a573a2f725ac1bbc/elements - {"using":"xpath","value":"//button[@data-kt=\"addButton\"]"}
RESULT: {"using":"xpath","value":"//button[@data-kt=\"addButton\"]"}
COMMAND: POST /session/9d48326ae870b5d3a573a2f725ac1bbc/elements - {"using":"xpath","value":"//button[@data-kt=\"addButton\"]"}
RESULT: {"using":"xpath","value":"//button[@data-kt=\"addButton\"]"}
COMMAND: POST /session/9d48326ae870b5d3a573a2f725ac1bbc/elements - {"using":"xpath","value":"//button[@data-kt=\"addButton\"]"}
RESULT: {"using":"xpath","value":"//button[@data-kt=\"addButton\"]"}
COMMAND: POST /session/9d48326ae870b5d3a573a2f725ac1bbc/elements - {"using":"xpath","value":"//button[@data-kt=\"addButton\"]"}
RESULT: {"using":"xpath","value":"//button[@data-kt=\"addButton\"]"}
COMMAND: POST /session/9d48326ae870b5d3a573a2f725ac1bbc/elements - {"using":"xpath","value":"//button[@data-kt=\"addButton\"]"}
RESULT: {"using":"xpath","value":"//button[@data-kt=\"addButton\"]"}
COMMAND: POST /session/9d48326ae870b5d3a573a2f725ac1bbc/elements - {"using":"xpath","value":"//button[@data-kt=\"addButton\"]"}
RESULT: {"using":"xpath","value":"//button[@data-kt=\"addButton\"]"}
COMMAND: POST /session/9d48326ae870b5d3a573a2f725ac1bbc/elements - {"using":"xpath","value":"//button[@data-kt=\"addButton\"]"}
RESULT: {"using":"xpath","value":"//button[@data-kt=\"addButton\"]"}
COMMAND: POST /session/9d48326ae870b5d3a573a2f725ac1bbc/elements - {"using":"xpath","value":"//button[@data-kt=\"addButton\"]"}
RESULT: {"using":"xpath","value":"//button[@data-kt=\"addButton\"]"}
COMMAND: POST /session/9d48326ae870b5d3a573a2f725ac1bbc/elements - {"using":"xpath","value":"//button[@data-kt=\"addButton\"]"}
RESULT: {"using":"xpath","value":"//button[@data-kt=\"addButton\"]"}
COMMAND: POST /session/9d48326ae870b5d3a573a2f725ac1bbc/elements - {"using":"xpath","value":"//button[@data-kt=\"addButton\"]"}
RESULT: {"using":"xpath","value":"//button[@data-kt=\"addButton\"]"}
COMMAND: POST /session/9d48326ae870b5d3a573a2f725ac1bbc/elements - {"using":"xpath","value":"//button[@data-kt=\"addButton\"]"}
RESULT: {"using":"xpath","value":"//button[@data-kt=\"addButton\"]"}
COMMAND: POST /session/9d48326ae870b5d3a573a2f725ac1bbc/elements - {"using":"xpath","value":"//button[@data-kt=\"addButton\"]"}
RESULT: {"using":"xpath","value":"//button[@data-kt=\"addButton\"]"}
COMMAND: POST /session/9d48326ae870b5d3a573a2f725ac1bbc/elements - {"using":"xpath","value":"//button[@data-kt=\"addButton\"]"}
RESULT: {"using":"xpath","value":"//button[@data-kt=\"addButton\"]"}
COMMAND: POST /session/9d48326ae870b5d3a573a2f725ac1bbc/elements - {"using":"xpath","value":"//button[@data-kt=\"addButton\"]"}
RESULT: {"using":"xpath","value":"//button[@data-kt=\"addButton\"]"}
COMMAND: POST /session/9d48326ae870b5d3a573a2f725ac1bbc/elements - {"using":"xpath","value":"//button[@data-kt=\"addButton\"]"}
RESULT: {"using":"xpath","value":"//button[@data-kt=\"addButton\"]"}
COMMAND: POST /session/9d48326ae870b5d3a573a2f725ac1bbc/elements - {"using":"xpath","value":"//button[@data-kt=\"addButton\"]"}
RESULT: {"using":"xpath","value":"//button[@data-kt=\"addButton\"]"}
COMMAND: POST /session/9d48326ae870b5d3a573a2f725ac1bbc/elements - {"using":"xpath","value":"//button[@data-kt=\"addButton\"]"}
RESULT: {"using":"xpath","value":"//button[@data-kt=\"addButton\"]"}
COMMAND: POST /session/9d48326ae870b5d3a573a2f725ac1bbc/elements - {"using":"xpath","value":"//button[@data-kt=\"addButton\"]"}
RESULT: {"using":"xpath","value":"//button[@data-kt=\"addButton\"]"}
COMMAND: POST /session/9d48326ae870b5d3a573a2f725ac1bbc/elements - {"using":"xpath","value":"//button[@data-kt=\"addButton\"]"}
RESULT: {"using":"xpath","value":"//button[@data-kt=\"addButton\"]"}
COMMAND: POST /session/9d48326ae870b5d3a573a2f725ac1bbc/elements - {"using":"xpath","value":"//button[@data-kt=\"addButton\"]"}
RESULT: {"using":"xpath","value":"//button[@data-kt=\"addButton\"]"}
COMMAND: POST /session/9d48326ae870b5d3a573a2f725ac1bbc/elements - {"using":"xpath","value":"//button[@data-kt=\"addButton\"]"}
RESULT: {"using":"xpath","value":"//button[@data-kt=\"addButton\"]"}
COMMAND: POST /session/9d48326ae870b5d3a573a2f725ac1bbc/elements - {"using":"xpath","value":"//button[@data-kt=\"addButton\"]"}
RESULT: {"using":"xpath","value":"//button[@data-kt=\"addButton\"]"}
COMMAND: POST /session/9d48326ae870b5d3a573a2f725ac1bbc/elements - {"using":"xpath","value":"//button[@data-kt=\"addButton\"]"}
RESULT: {"using":"xpath","value":"//button[@data-kt=\"addButton\"]"}
COMMAND: POST /session/9d48326ae870b5d3a573a2f725ac1bbc/elements - {"using":"xpath","value":"//button[@data-kt=\"addButton\"]"}
RESULT: {"using":"xpath","value":"//button[@data-kt=\"addButton\"]"}
COMMAND: POST /session/9d48326ae870b5d3a573a2f725ac1bbc/elements - {"using":"xpath","value":"//button[@data-kt=\"addButton\"]"}
RESULT: {"using":"xpath","value":"//button[@data-kt=\"addButton\"]"}
COMMAND: POST /session/9d48326ae870b5d3a573a2f725ac1bbc/elements - {"using":"xpath","value":"//button[@data-kt=\"addButton\"]"}
RESULT: {"using":"xpath","value":"//button[@data-kt=\"addButton\"]"}
COMMAND: POST /session/9d48326ae870b5d3a573a2f725ac1bbc/elements - {"using":"xpath","value":"//button[@data-kt=\"addButton\"]"}
RESULT: {"using":"xpath","value":"//button[@data-kt=\"addButton\"]"}
COMMAND: POST /session/9d48326ae870b5d3a573a2f725ac1bbc/elements - {"using":"xpath","value":"//button[@data-kt=\"addButton\"]"}
RESULT: {"using":"xpath","value":"//button[@data-kt=\"addButton\"]"}
COMMAND: POST /session/9d48326ae870b5d3a573a2f725ac1bbc/elements - {"using":"xpath","value":"//button[@data-kt=\"addButton\"]"}
RESULT: {"using":"xpath","value":"//button[@data-kt=\"addButton\"]"}
COMMAND: POST /session/9d48326ae870b5d3a573a2f725ac1bbc/elements - {"using":"xpath","value":"//button[@data-kt=\"addButton\"]"}
RESULT: {"using":"xpath","value":"//button[@data-kt=\"addButton\"]"}
COMMAND: POST /session/9d48326ae870b5d3a573a2f725ac1bbc/elements - {"using":"xpath","value":"//button[@data-kt=\"addButton\"]"}
RESULT: {"using":"xpath","value":"//button[@data-kt=\"addButton\"]"}
COMMAND: POST /session/9d48326ae870b5d3a573a2f725ac1bbc/elements - {"using":"xpath","value":"//button[@data-kt=\"addButton\"]"}
RESULT: {"using":"xpath","value":"//button[@data-kt=\"addButton\"]"}
COMMAND: POST /session/9d48326ae870b5d3a573a2f725ac1bbc/elements - {"using":"xpath","value":"//button[@data-kt=\"addButton\"]"}
RESULT: {"using":"xpath","value":"//button[@data-kt=\"addButton\"]"}
COMMAND: POST /session/9d48326ae870b5d3a573a2f725ac1bbc/elements - {"using":"xpath","value":"//button[@data-kt=\"addButton\"]"}
RESULT: {"using":"xpath","value":"//button[@data-kt=\"addButton\"]"}
COMMAND: POST /session/9d48326ae870b5d3a573a2f725ac1bbc/elements - {"using":"xpath","value":"//button[@data-kt=\"addButton\"]"}
RESULT: {"using":"xpath","value":"//button[@data-kt=\"addButton\"]"}
COMMAND: POST /session/9d48326ae870b5d3a573a2f725ac1bbc/elements - {"using":"xpath","value":"//button[@data-kt=\"addButton\"]"}
RESULT: {"using":"xpath","value":"//button[@data-kt=\"addButton\"]"}
COMMAND: POST /session/9d48326ae870b5d3a573a2f725ac1bbc/elements - {"using":"xpath","value":"//button[@data-kt=\"addButton\"]"}
RESULT: {"using":"xpath","value":"//button[@data-kt=\"addButton\"]"}
COMMAND: POST /session/9d48326ae870b5d3a573a2f725ac1bbc/elements - {"using":"xpath","value":"//button[@data-kt=\"addButton\"]"}
RESULT: {"using":"xpath","value":"//button[@data-kt=\"addButton\"]"}
COMMAND: POST /session/9d48326ae870b5d3a573a2f725ac1bbc/elements - {"using":"xpath","value":"//button[@data-kt=\"addButton\"]"}
RESULT: {"using":"xpath","value":"//button[@data-kt=\"addButton\"]"}
COMMAND: POST /session/9d48326ae870b5d3a573a2f725ac1bbc/elements - {"using":"xpath","value":"//button[@data-kt=\"addButton\"]"}
RESULT: {"using":"xpath","value":"//button[@data-kt=\"addButton\"]"}
COMMAND: POST /session/9d48326ae870b5d3a573a2f725ac1bbc/elements - {"using":"xpath","value":"//button[@data-kt=\"addButton\"]"}
RESULT: {"using":"xpath","value":"//button[@data-kt=\"addButton\"]"}
COMMAND: POST /session/9d48326ae870b5d3a573a2f725ac1bbc/elements - {"using":"xpath","value":"//button[@data-kt=\"addButton\"]"}
RESULT: {"using":"xpath","value":"//button[@data-kt=\"addButton\"]"}
COMMAND: POST /session/9d48326ae870b5d3a573a2f725ac1bbc/elements - {"using":"xpath","value":"//button[@data-kt=\"addButton\"]"}
RESULT: {"using":"xpath","value":"//button[@data-kt=\"addButton\"]"}
COMMAND: POST /session/9d48326ae870b5d3a573a2f725ac1bbc/elements - {"using":"xpath","value":"//button[@data-kt=\"addButton\"]"}
RESULT: {"using":"xpath","value":"//button[@data-kt=\"addButton\"]"}
COMMAND: POST /session/9d48326ae870b5d3a573a2f725ac1bbc/elements - {"using":"xpath","value":"//button[@data-kt=\"addButton\"]"}
RESULT: {"using":"xpath","value":"//button[@data-kt=\"addButton\"]"}
COMMAND: POST /session/9d48326ae870b5d3a573a2f725ac1bbc/elements - {"using":"xpath","value":"//button[@data-kt=\"addButton\"]"}
RESULT: {"using":"xpath","value":"//button[@data-kt=\"addButton\"]"}
COMMAND: POST /session/9d48326ae870b5d3a573a2f725ac1bbc/elements - {"using":"xpath","value":"//button[@data-kt=\"addButton\"]"}
RESULT: {"using":"xpath","value":"//button[@data-kt=\"addButton\"]"}
COMMAND: POST /session/9d48326ae870b5d3a573a2f725ac1bbc/elements - {"using":"xpath","value":"//button[@data-kt=\"addButton\"]"}
RESULT: {"using":"xpath","value":"//button[@data-kt=\"addButton\"]"}
COMMAND: POST /session/9d48326ae870b5d3a573a2f725ac1bbc/elements - {"using":"xpath","value":"//button[@data-kt=\"addButton\"]"}
RESULT: {"using":"xpath","value":"//button[@data-kt=\"addButton\"]"}
COMMAND: POST /session/9d48326ae870b5d3a573a2f725ac1bbc/elements - {"using":"xpath","value":"//button[@data-kt=\"addButton\"]"}
RESULT: {"using":"xpath","value":"//button[@data-kt=\"addButton\"]"}
COMMAND: POST /session/9d48326ae870b5d3a573a2f725ac1bbc/elements - {"using":"xpath","value":"//button[@data-kt=\"addButton\"]"}
RESULT: {"using":"xpath","value":"//button[@data-kt=\"addButton\"]"}
COMMAND: POST /session/9d48326ae870b5d3a573a2f725ac1bbc/elements - {"using":"xpath","value":"//button[@data-kt=\"addButton\"]"}
RESULT: {"using":"xpath","value":"//button[@data-kt=\"addButton\"]"}
COMMAND: POST /session/9d48326ae870b5d3a573a2f725ac1bbc/elements - {"using":"xpath","value":"//button[@data-kt=\"addButton\"]"}
RESULT: {"using":"xpath","value":"//button[@data-kt=\"addButton\"]"}
COMMAND: POST /session/9d48326ae870b5d3a573a2f725ac1bbc/elements - {"using":"xpath","value":"//button[@data-kt=\"addButton\"]"}
RESULT: {"using":"xpath","value":"//button[@data-kt=\"addButton\"]"}
COMMAND: POST /session/9d48326ae870b5d3a573a2f725ac1bbc/elements - {"using":"xpath","value":"//button[@data-kt=\"addButton\"]"}
RESULT: {"using":"xpath","value":"//button[@data-kt=\"addButton\"]"}
COMMAND: POST /session/9d48326ae870b5d3a573a2f725ac1bbc/elements - {"using":"xpath","value":"//button[@data-kt=\"addButton\"]"}
RESULT: {"using":"xpath","value":"//button[@data-kt=\"addButton\"]"}
COMMAND: POST /session/9d48326ae870b5d3a573a2f725ac1bbc/elements - {"using":"xpath","value":"//button[@data-kt=\"addButton\"]"}
RESULT: {"using":"xpath","value":"//button[@data-kt=\"addButton\"]"}
COMMAND: POST /session/9d48326ae870b5d3a573a2f725ac1bbc/elements - {"using":"xpath","value":"//button[@data-kt=\"addButton\"]"}
RESULT: {"using":"xpath","value":"//button[@data-kt=\"addButton\"]"}
COMMAND: GET /session/9d48326ae870b5d3a573a2f725ac1bbc/screenshot - {}
RESULT: {}
]]></system-out>
      <system-err><![CDATA[
Error: element ("//button[@data-kt="addButton"]") still not existing after 45000ms
    at async UtilsPrerequisites.contractCreation (D:\a\1\s\test\specs\BTS\prerequisites-and-utils-functions.js:1741:9)
    at async Context.<anonymous> (D:\a\1\s\test\specs\BTS\billing-transfer.spec.js:63:45)
]]></system-err>
    </testcase>
    <testcase classname="chrome.136_0_7103_93.windows.Billing_transfer_US117289" name="Should add created equipment to contract" time="60.592">
      <failure/>
      <error message="Can't call click on element with selector &quot;//button[@data-kt=&quot;contractDetailEditBtnButton&quot;]&quot; because element wasn't found"/>
      <system-out><![CDATA[
COMMAND: POST /session/9d48326ae870b5d3a573a2f725ac1bbc/element - {"using":"xpath","value":"//button[@data-kt=\"contractDetailEditBtnButton\"]"}
COMMAND: GET /session/9d48326ae870b5d3a573a2f725ac1bbc/screenshot - {}
RESULT: {"using":"xpath","value":"//button[@data-kt=\"contractDetailEditBtnButton\"]"}
COMMAND: POST /session/9d48326ae870b5d3a573a2f725ac1bbc/elements - {"using":"xpath","value":"//button[@data-kt=\"contractDetailEditBtnButton\"]"}
RESULT: {}
RESULT: {"using":"xpath","value":"//button[@data-kt=\"contractDetailEditBtnButton\"]"}
COMMAND: POST /session/9d48326ae870b5d3a573a2f725ac1bbc/elements - {"using":"xpath","value":"//button[@data-kt=\"contractDetailEditBtnButton\"]"}
RESULT: {"using":"xpath","value":"//button[@data-kt=\"contractDetailEditBtnButton\"]"}
COMMAND: POST /session/9d48326ae870b5d3a573a2f725ac1bbc/elements - {"using":"xpath","value":"//button[@data-kt=\"contractDetailEditBtnButton\"]"}
RESULT: {"using":"xpath","value":"//button[@data-kt=\"contractDetailEditBtnButton\"]"}
COMMAND: POST /session/9d48326ae870b5d3a573a2f725ac1bbc/elements - {"using":"xpath","value":"//button[@data-kt=\"contractDetailEditBtnButton\"]"}
RESULT: {"using":"xpath","value":"//button[@data-kt=\"contractDetailEditBtnButton\"]"}
COMMAND: POST /session/9d48326ae870b5d3a573a2f725ac1bbc/elements - {"using":"xpath","value":"//button[@data-kt=\"contractDetailEditBtnButton\"]"}
RESULT: {"using":"xpath","value":"//button[@data-kt=\"contractDetailEditBtnButton\"]"}
COMMAND: POST /session/9d48326ae870b5d3a573a2f725ac1bbc/elements - {"using":"xpath","value":"//button[@data-kt=\"contractDetailEditBtnButton\"]"}
RESULT: {"using":"xpath","value":"//button[@data-kt=\"contractDetailEditBtnButton\"]"}
COMMAND: POST /session/9d48326ae870b5d3a573a2f725ac1bbc/elements - {"using":"xpath","value":"//button[@data-kt=\"contractDetailEditBtnButton\"]"}
RESULT: {"using":"xpath","value":"//button[@data-kt=\"contractDetailEditBtnButton\"]"}
COMMAND: POST /session/9d48326ae870b5d3a573a2f725ac1bbc/elements - {"using":"xpath","value":"//button[@data-kt=\"contractDetailEditBtnButton\"]"}
RESULT: {"using":"xpath","value":"//button[@data-kt=\"contractDetailEditBtnButton\"]"}
COMMAND: POST /session/9d48326ae870b5d3a573a2f725ac1bbc/elements - {"using":"xpath","value":"//button[@data-kt=\"contractDetailEditBtnButton\"]"}
RESULT: {"using":"xpath","value":"//button[@data-kt=\"contractDetailEditBtnButton\"]"}
COMMAND: POST /session/9d48326ae870b5d3a573a2f725ac1bbc/elements - {"using":"xpath","value":"//button[@data-kt=\"contractDetailEditBtnButton\"]"}
RESULT: {"using":"xpath","value":"//button[@data-kt=\"contractDetailEditBtnButton\"]"}
COMMAND: POST /session/9d48326ae870b5d3a573a2f725ac1bbc/elements - {"using":"xpath","value":"//button[@data-kt=\"contractDetailEditBtnButton\"]"}
RESULT: {"using":"xpath","value":"//button[@data-kt=\"contractDetailEditBtnButton\"]"}
COMMAND: POST /session/9d48326ae870b5d3a573a2f725ac1bbc/elements - {"using":"xpath","value":"//button[@data-kt=\"contractDetailEditBtnButton\"]"}
RESULT: {"using":"xpath","value":"//button[@data-kt=\"contractDetailEditBtnButton\"]"}
COMMAND: POST /session/9d48326ae870b5d3a573a2f725ac1bbc/elements - {"using":"xpath","value":"//button[@data-kt=\"contractDetailEditBtnButton\"]"}
RESULT: {"using":"xpath","value":"//button[@data-kt=\"contractDetailEditBtnButton\"]"}
COMMAND: POST /session/9d48326ae870b5d3a573a2f725ac1bbc/elements - {"using":"xpath","value":"//button[@data-kt=\"contractDetailEditBtnButton\"]"}
RESULT: {"using":"xpath","value":"//button[@data-kt=\"contractDetailEditBtnButton\"]"}
COMMAND: POST /session/9d48326ae870b5d3a573a2f725ac1bbc/elements - {"using":"xpath","value":"//button[@data-kt=\"contractDetailEditBtnButton\"]"}
RESULT: {"using":"xpath","value":"//button[@data-kt=\"contractDetailEditBtnButton\"]"}
COMMAND: POST /session/9d48326ae870b5d3a573a2f725ac1bbc/elements - {"using":"xpath","value":"//button[@data-kt=\"contractDetailEditBtnButton\"]"}
RESULT: {"using":"xpath","value":"//button[@data-kt=\"contractDetailEditBtnButton\"]"}
COMMAND: POST /session/9d48326ae870b5d3a573a2f725ac1bbc/elements - {"using":"xpath","value":"//button[@data-kt=\"contractDetailEditBtnButton\"]"}
RESULT: {"using":"xpath","value":"//button[@data-kt=\"contractDetailEditBtnButton\"]"}
COMMAND: POST /session/9d48326ae870b5d3a573a2f725ac1bbc/elements - {"using":"xpath","value":"//button[@data-kt=\"contractDetailEditBtnButton\"]"}
RESULT: {"using":"xpath","value":"//button[@data-kt=\"contractDetailEditBtnButton\"]"}
COMMAND: POST /session/9d48326ae870b5d3a573a2f725ac1bbc/elements - {"using":"xpath","value":"//button[@data-kt=\"contractDetailEditBtnButton\"]"}
RESULT: {"using":"xpath","value":"//button[@data-kt=\"contractDetailEditBtnButton\"]"}
COMMAND: POST /session/9d48326ae870b5d3a573a2f725ac1bbc/elements - {"using":"xpath","value":"//button[@data-kt=\"contractDetailEditBtnButton\"]"}
RESULT: {"using":"xpath","value":"//button[@data-kt=\"contractDetailEditBtnButton\"]"}
COMMAND: POST /session/9d48326ae870b5d3a573a2f725ac1bbc/elements - {"using":"xpath","value":"//button[@data-kt=\"contractDetailEditBtnButton\"]"}
RESULT: {"using":"xpath","value":"//button[@data-kt=\"contractDetailEditBtnButton\"]"}
COMMAND: POST /session/9d48326ae870b5d3a573a2f725ac1bbc/elements - {"using":"xpath","value":"//button[@data-kt=\"contractDetailEditBtnButton\"]"}
RESULT: {"using":"xpath","value":"//button[@data-kt=\"contractDetailEditBtnButton\"]"}
COMMAND: POST /session/9d48326ae870b5d3a573a2f725ac1bbc/elements - {"using":"xpath","value":"//button[@data-kt=\"contractDetailEditBtnButton\"]"}
RESULT: {"using":"xpath","value":"//button[@data-kt=\"contractDetailEditBtnButton\"]"}
COMMAND: POST /session/9d48326ae870b5d3a573a2f725ac1bbc/elements - {"using":"xpath","value":"//button[@data-kt=\"contractDetailEditBtnButton\"]"}
RESULT: {"using":"xpath","value":"//button[@data-kt=\"contractDetailEditBtnButton\"]"}
COMMAND: POST /session/9d48326ae870b5d3a573a2f725ac1bbc/elements - {"using":"xpath","value":"//button[@data-kt=\"contractDetailEditBtnButton\"]"}
RESULT: {"using":"xpath","value":"//button[@data-kt=\"contractDetailEditBtnButton\"]"}
COMMAND: POST /session/9d48326ae870b5d3a573a2f725ac1bbc/elements - {"using":"xpath","value":"//button[@data-kt=\"contractDetailEditBtnButton\"]"}
RESULT: {"using":"xpath","value":"//button[@data-kt=\"contractDetailEditBtnButton\"]"}
COMMAND: POST /session/9d48326ae870b5d3a573a2f725ac1bbc/elements - {"using":"xpath","value":"//button[@data-kt=\"contractDetailEditBtnButton\"]"}
RESULT: {"using":"xpath","value":"//button[@data-kt=\"contractDetailEditBtnButton\"]"}
COMMAND: POST /session/9d48326ae870b5d3a573a2f725ac1bbc/elements - {"using":"xpath","value":"//button[@data-kt=\"contractDetailEditBtnButton\"]"}
RESULT: {"using":"xpath","value":"//button[@data-kt=\"contractDetailEditBtnButton\"]"}
COMMAND: POST /session/9d48326ae870b5d3a573a2f725ac1bbc/elements - {"using":"xpath","value":"//button[@data-kt=\"contractDetailEditBtnButton\"]"}
RESULT: {"using":"xpath","value":"//button[@data-kt=\"contractDetailEditBtnButton\"]"}
COMMAND: POST /session/9d48326ae870b5d3a573a2f725ac1bbc/elements - {"using":"xpath","value":"//button[@data-kt=\"contractDetailEditBtnButton\"]"}
RESULT: {"using":"xpath","value":"//button[@data-kt=\"contractDetailEditBtnButton\"]"}
COMMAND: POST /session/9d48326ae870b5d3a573a2f725ac1bbc/elements - {"using":"xpath","value":"//button[@data-kt=\"contractDetailEditBtnButton\"]"}
RESULT: {"using":"xpath","value":"//button[@data-kt=\"contractDetailEditBtnButton\"]"}
COMMAND: POST /session/9d48326ae870b5d3a573a2f725ac1bbc/elements - {"using":"xpath","value":"//button[@data-kt=\"contractDetailEditBtnButton\"]"}
RESULT: {"using":"xpath","value":"//button[@data-kt=\"contractDetailEditBtnButton\"]"}
COMMAND: POST /session/9d48326ae870b5d3a573a2f725ac1bbc/elements - {"using":"xpath","value":"//button[@data-kt=\"contractDetailEditBtnButton\"]"}
RESULT: {"using":"xpath","value":"//button[@data-kt=\"contractDetailEditBtnButton\"]"}
COMMAND: POST /session/9d48326ae870b5d3a573a2f725ac1bbc/elements - {"using":"xpath","value":"//button[@data-kt=\"contractDetailEditBtnButton\"]"}
RESULT: {"using":"xpath","value":"//button[@data-kt=\"contractDetailEditBtnButton\"]"}
COMMAND: POST /session/9d48326ae870b5d3a573a2f725ac1bbc/elements - {"using":"xpath","value":"//button[@data-kt=\"contractDetailEditBtnButton\"]"}
RESULT: {"using":"xpath","value":"//button[@data-kt=\"contractDetailEditBtnButton\"]"}
COMMAND: POST /session/9d48326ae870b5d3a573a2f725ac1bbc/elements - {"using":"xpath","value":"//button[@data-kt=\"contractDetailEditBtnButton\"]"}
RESULT: {"using":"xpath","value":"//button[@data-kt=\"contractDetailEditBtnButton\"]"}
COMMAND: POST /session/9d48326ae870b5d3a573a2f725ac1bbc/elements - {"using":"xpath","value":"//button[@data-kt=\"contractDetailEditBtnButton\"]"}
RESULT: {"using":"xpath","value":"//button[@data-kt=\"contractDetailEditBtnButton\"]"}
COMMAND: POST /session/9d48326ae870b5d3a573a2f725ac1bbc/elements - {"using":"xpath","value":"//button[@data-kt=\"contractDetailEditBtnButton\"]"}
RESULT: {"using":"xpath","value":"//button[@data-kt=\"contractDetailEditBtnButton\"]"}
COMMAND: POST /session/9d48326ae870b5d3a573a2f725ac1bbc/elements - {"using":"xpath","value":"//button[@data-kt=\"contractDetailEditBtnButton\"]"}
RESULT: {"using":"xpath","value":"//button[@data-kt=\"contractDetailEditBtnButton\"]"}
COMMAND: POST /session/9d48326ae870b5d3a573a2f725ac1bbc/elements - {"using":"xpath","value":"//button[@data-kt=\"contractDetailEditBtnButton\"]"}
RESULT: {"using":"xpath","value":"//button[@data-kt=\"contractDetailEditBtnButton\"]"}
COMMAND: POST /session/9d48326ae870b5d3a573a2f725ac1bbc/elements - {"using":"xpath","value":"//button[@data-kt=\"contractDetailEditBtnButton\"]"}
RESULT: {"using":"xpath","value":"//button[@data-kt=\"contractDetailEditBtnButton\"]"}
COMMAND: POST /session/9d48326ae870b5d3a573a2f725ac1bbc/elements - {"using":"xpath","value":"//button[@data-kt=\"contractDetailEditBtnButton\"]"}
RESULT: {"using":"xpath","value":"//button[@data-kt=\"contractDetailEditBtnButton\"]"}
COMMAND: POST /session/9d48326ae870b5d3a573a2f725ac1bbc/elements - {"using":"xpath","value":"//button[@data-kt=\"contractDetailEditBtnButton\"]"}
RESULT: {"using":"xpath","value":"//button[@data-kt=\"contractDetailEditBtnButton\"]"}
COMMAND: POST /session/9d48326ae870b5d3a573a2f725ac1bbc/elements - {"using":"xpath","value":"//button[@data-kt=\"contractDetailEditBtnButton\"]"}
RESULT: {"using":"xpath","value":"//button[@data-kt=\"contractDetailEditBtnButton\"]"}
COMMAND: POST /session/9d48326ae870b5d3a573a2f725ac1bbc/elements - {"using":"xpath","value":"//button[@data-kt=\"contractDetailEditBtnButton\"]"}
RESULT: {"using":"xpath","value":"//button[@data-kt=\"contractDetailEditBtnButton\"]"}
COMMAND: POST /session/9d48326ae870b5d3a573a2f725ac1bbc/elements - {"using":"xpath","value":"//button[@data-kt=\"contractDetailEditBtnButton\"]"}
RESULT: {"using":"xpath","value":"//button[@data-kt=\"contractDetailEditBtnButton\"]"}
COMMAND: POST /session/9d48326ae870b5d3a573a2f725ac1bbc/elements - {"using":"xpath","value":"//button[@data-kt=\"contractDetailEditBtnButton\"]"}
RESULT: {"using":"xpath","value":"//button[@data-kt=\"contractDetailEditBtnButton\"]"}
COMMAND: POST /session/9d48326ae870b5d3a573a2f725ac1bbc/elements - {"using":"xpath","value":"//button[@data-kt=\"contractDetailEditBtnButton\"]"}
RESULT: {"using":"xpath","value":"//button[@data-kt=\"contractDetailEditBtnButton\"]"}
COMMAND: POST /session/9d48326ae870b5d3a573a2f725ac1bbc/elements - {"using":"xpath","value":"//button[@data-kt=\"contractDetailEditBtnButton\"]"}
RESULT: {"using":"xpath","value":"//button[@data-kt=\"contractDetailEditBtnButton\"]"}
COMMAND: POST /session/9d48326ae870b5d3a573a2f725ac1bbc/elements - {"using":"xpath","value":"//button[@data-kt=\"contractDetailEditBtnButton\"]"}
RESULT: {"using":"xpath","value":"//button[@data-kt=\"contractDetailEditBtnButton\"]"}
COMMAND: POST /session/9d48326ae870b5d3a573a2f725ac1bbc/elements - {"using":"xpath","value":"//button[@data-kt=\"contractDetailEditBtnButton\"]"}
RESULT: {"using":"xpath","value":"//button[@data-kt=\"contractDetailEditBtnButton\"]"}
COMMAND: POST /session/9d48326ae870b5d3a573a2f725ac1bbc/elements - {"using":"xpath","value":"//button[@data-kt=\"contractDetailEditBtnButton\"]"}
RESULT: {"using":"xpath","value":"//button[@data-kt=\"contractDetailEditBtnButton\"]"}
COMMAND: POST /session/9d48326ae870b5d3a573a2f725ac1bbc/elements - {"using":"xpath","value":"//button[@data-kt=\"contractDetailEditBtnButton\"]"}
RESULT: {"using":"xpath","value":"//button[@data-kt=\"contractDetailEditBtnButton\"]"}
COMMAND: POST /session/9d48326ae870b5d3a573a2f725ac1bbc/elements - {"using":"xpath","value":"//button[@data-kt=\"contractDetailEditBtnButton\"]"}
RESULT: {"using":"xpath","value":"//button[@data-kt=\"contractDetailEditBtnButton\"]"}
COMMAND: POST /session/9d48326ae870b5d3a573a2f725ac1bbc/elements - {"using":"xpath","value":"//button[@data-kt=\"contractDetailEditBtnButton\"]"}
RESULT: {"using":"xpath","value":"//button[@data-kt=\"contractDetailEditBtnButton\"]"}
COMMAND: POST /session/9d48326ae870b5d3a573a2f725ac1bbc/elements - {"using":"xpath","value":"//button[@data-kt=\"contractDetailEditBtnButton\"]"}
RESULT: {"using":"xpath","value":"//button[@data-kt=\"contractDetailEditBtnButton\"]"}
COMMAND: POST /session/9d48326ae870b5d3a573a2f725ac1bbc/elements - {"using":"xpath","value":"//button[@data-kt=\"contractDetailEditBtnButton\"]"}
RESULT: {"using":"xpath","value":"//button[@data-kt=\"contractDetailEditBtnButton\"]"}
COMMAND: POST /session/9d48326ae870b5d3a573a2f725ac1bbc/elements - {"using":"xpath","value":"//button[@data-kt=\"contractDetailEditBtnButton\"]"}
RESULT: {"using":"xpath","value":"//button[@data-kt=\"contractDetailEditBtnButton\"]"}
COMMAND: POST /session/9d48326ae870b5d3a573a2f725ac1bbc/elements - {"using":"xpath","value":"//button[@data-kt=\"contractDetailEditBtnButton\"]"}
RESULT: {"using":"xpath","value":"//button[@data-kt=\"contractDetailEditBtnButton\"]"}
COMMAND: POST /session/9d48326ae870b5d3a573a2f725ac1bbc/elements - {"using":"xpath","value":"//button[@data-kt=\"contractDetailEditBtnButton\"]"}
RESULT: {"using":"xpath","value":"//button[@data-kt=\"contractDetailEditBtnButton\"]"}
COMMAND: POST /session/9d48326ae870b5d3a573a2f725ac1bbc/elements - {"using":"xpath","value":"//button[@data-kt=\"contractDetailEditBtnButton\"]"}
RESULT: {"using":"xpath","value":"//button[@data-kt=\"contractDetailEditBtnButton\"]"}
COMMAND: POST /session/9d48326ae870b5d3a573a2f725ac1bbc/elements - {"using":"xpath","value":"//button[@data-kt=\"contractDetailEditBtnButton\"]"}
RESULT: {"using":"xpath","value":"//button[@data-kt=\"contractDetailEditBtnButton\"]"}
COMMAND: POST /session/9d48326ae870b5d3a573a2f725ac1bbc/elements - {"using":"xpath","value":"//button[@data-kt=\"contractDetailEditBtnButton\"]"}
RESULT: {"using":"xpath","value":"//button[@data-kt=\"contractDetailEditBtnButton\"]"}
COMMAND: POST /session/9d48326ae870b5d3a573a2f725ac1bbc/elements - {"using":"xpath","value":"//button[@data-kt=\"contractDetailEditBtnButton\"]"}
RESULT: {"using":"xpath","value":"//button[@data-kt=\"contractDetailEditBtnButton\"]"}
COMMAND: POST /session/9d48326ae870b5d3a573a2f725ac1bbc/elements - {"using":"xpath","value":"//button[@data-kt=\"contractDetailEditBtnButton\"]"}
RESULT: {"using":"xpath","value":"//button[@data-kt=\"contractDetailEditBtnButton\"]"}
COMMAND: POST /session/9d48326ae870b5d3a573a2f725ac1bbc/elements - {"using":"xpath","value":"//button[@data-kt=\"contractDetailEditBtnButton\"]"}
RESULT: {"using":"xpath","value":"//button[@data-kt=\"contractDetailEditBtnButton\"]"}
COMMAND: POST /session/9d48326ae870b5d3a573a2f725ac1bbc/elements - {"using":"xpath","value":"//button[@data-kt=\"contractDetailEditBtnButton\"]"}
RESULT: {"using":"xpath","value":"//button[@data-kt=\"contractDetailEditBtnButton\"]"}
COMMAND: POST /session/9d48326ae870b5d3a573a2f725ac1bbc/elements - {"using":"xpath","value":"//button[@data-kt=\"contractDetailEditBtnButton\"]"}
RESULT: {"using":"xpath","value":"//button[@data-kt=\"contractDetailEditBtnButton\"]"}
COMMAND: POST /session/9d48326ae870b5d3a573a2f725ac1bbc/elements - {"using":"xpath","value":"//button[@data-kt=\"contractDetailEditBtnButton\"]"}
RESULT: {"using":"xpath","value":"//button[@data-kt=\"contractDetailEditBtnButton\"]"}
COMMAND: POST /session/9d48326ae870b5d3a573a2f725ac1bbc/elements - {"using":"xpath","value":"//button[@data-kt=\"contractDetailEditBtnButton\"]"}
RESULT: {"using":"xpath","value":"//button[@data-kt=\"contractDetailEditBtnButton\"]"}
COMMAND: POST /session/9d48326ae870b5d3a573a2f725ac1bbc/elements - {"using":"xpath","value":"//button[@data-kt=\"contractDetailEditBtnButton\"]"}
RESULT: {"using":"xpath","value":"//button[@data-kt=\"contractDetailEditBtnButton\"]"}
COMMAND: POST /session/9d48326ae870b5d3a573a2f725ac1bbc/elements - {"using":"xpath","value":"//button[@data-kt=\"contractDetailEditBtnButton\"]"}
RESULT: {"using":"xpath","value":"//button[@data-kt=\"contractDetailEditBtnButton\"]"}
COMMAND: POST /session/9d48326ae870b5d3a573a2f725ac1bbc/elements - {"using":"xpath","value":"//button[@data-kt=\"contractDetailEditBtnButton\"]"}
RESULT: {"using":"xpath","value":"//button[@data-kt=\"contractDetailEditBtnButton\"]"}
COMMAND: POST /session/9d48326ae870b5d3a573a2f725ac1bbc/elements - {"using":"xpath","value":"//button[@data-kt=\"contractDetailEditBtnButton\"]"}
RESULT: {"using":"xpath","value":"//button[@data-kt=\"contractDetailEditBtnButton\"]"}
COMMAND: POST /session/9d48326ae870b5d3a573a2f725ac1bbc/elements - {"using":"xpath","value":"//button[@data-kt=\"contractDetailEditBtnButton\"]"}
RESULT: {"using":"xpath","value":"//button[@data-kt=\"contractDetailEditBtnButton\"]"}
COMMAND: POST /session/9d48326ae870b5d3a573a2f725ac1bbc/elements - {"using":"xpath","value":"//button[@data-kt=\"contractDetailEditBtnButton\"]"}
RESULT: {"using":"xpath","value":"//button[@data-kt=\"contractDetailEditBtnButton\"]"}
COMMAND: POST /session/9d48326ae870b5d3a573a2f725ac1bbc/elements - {"using":"xpath","value":"//button[@data-kt=\"contractDetailEditBtnButton\"]"}
RESULT: {"using":"xpath","value":"//button[@data-kt=\"contractDetailEditBtnButton\"]"}
COMMAND: POST /session/9d48326ae870b5d3a573a2f725ac1bbc/elements - {"using":"xpath","value":"//button[@data-kt=\"contractDetailEditBtnButton\"]"}
RESULT: {"using":"xpath","value":"//button[@data-kt=\"contractDetailEditBtnButton\"]"}
COMMAND: POST /session/9d48326ae870b5d3a573a2f725ac1bbc/elements - {"using":"xpath","value":"//button[@data-kt=\"contractDetailEditBtnButton\"]"}
RESULT: {"using":"xpath","value":"//button[@data-kt=\"contractDetailEditBtnButton\"]"}
COMMAND: POST /session/9d48326ae870b5d3a573a2f725ac1bbc/elements - {"using":"xpath","value":"//button[@data-kt=\"contractDetailEditBtnButton\"]"}
RESULT: {"using":"xpath","value":"//button[@data-kt=\"contractDetailEditBtnButton\"]"}
COMMAND: POST /session/9d48326ae870b5d3a573a2f725ac1bbc/elements - {"using":"xpath","value":"//button[@data-kt=\"contractDetailEditBtnButton\"]"}
RESULT: {"using":"xpath","value":"//button[@data-kt=\"contractDetailEditBtnButton\"]"}
COMMAND: POST /session/9d48326ae870b5d3a573a2f725ac1bbc/elements - {"using":"xpath","value":"//button[@data-kt=\"contractDetailEditBtnButton\"]"}
RESULT: {"using":"xpath","value":"//button[@data-kt=\"contractDetailEditBtnButton\"]"}
COMMAND: POST /session/9d48326ae870b5d3a573a2f725ac1bbc/elements - {"using":"xpath","value":"//button[@data-kt=\"contractDetailEditBtnButton\"]"}
RESULT: {"using":"xpath","value":"//button[@data-kt=\"contractDetailEditBtnButton\"]"}
COMMAND: POST /session/9d48326ae870b5d3a573a2f725ac1bbc/elements - {"using":"xpath","value":"//button[@data-kt=\"contractDetailEditBtnButton\"]"}
RESULT: {"using":"xpath","value":"//button[@data-kt=\"contractDetailEditBtnButton\"]"}
COMMAND: POST /session/9d48326ae870b5d3a573a2f725ac1bbc/elements - {"using":"xpath","value":"//button[@data-kt=\"contractDetailEditBtnButton\"]"}
RESULT: {"using":"xpath","value":"//button[@data-kt=\"contractDetailEditBtnButton\"]"}
COMMAND: POST /session/9d48326ae870b5d3a573a2f725ac1bbc/elements - {"using":"xpath","value":"//button[@data-kt=\"contractDetailEditBtnButton\"]"}
RESULT: {"using":"xpath","value":"//button[@data-kt=\"contractDetailEditBtnButton\"]"}
COMMAND: POST /session/9d48326ae870b5d3a573a2f725ac1bbc/elements - {"using":"xpath","value":"//button[@data-kt=\"contractDetailEditBtnButton\"]"}
RESULT: {"using":"xpath","value":"//button[@data-kt=\"contractDetailEditBtnButton\"]"}
COMMAND: POST /session/9d48326ae870b5d3a573a2f725ac1bbc/elements - {"using":"xpath","value":"//button[@data-kt=\"contractDetailEditBtnButton\"]"}
RESULT: {"using":"xpath","value":"//button[@data-kt=\"contractDetailEditBtnButton\"]"}
COMMAND: POST /session/9d48326ae870b5d3a573a2f725ac1bbc/elements - {"using":"xpath","value":"//button[@data-kt=\"contractDetailEditBtnButton\"]"}
RESULT: {"using":"xpath","value":"//button[@data-kt=\"contractDetailEditBtnButton\"]"}
COMMAND: POST /session/9d48326ae870b5d3a573a2f725ac1bbc/elements - {"using":"xpath","value":"//button[@data-kt=\"contractDetailEditBtnButton\"]"}
RESULT: {"using":"xpath","value":"//button[@data-kt=\"contractDetailEditBtnButton\"]"}
COMMAND: POST /session/9d48326ae870b5d3a573a2f725ac1bbc/elements - {"using":"xpath","value":"//button[@data-kt=\"contractDetailEditBtnButton\"]"}
RESULT: {"using":"xpath","value":"//button[@data-kt=\"contractDetailEditBtnButton\"]"}
COMMAND: POST /session/9d48326ae870b5d3a573a2f725ac1bbc/elements - {"using":"xpath","value":"//button[@data-kt=\"contractDetailEditBtnButton\"]"}
RESULT: {"using":"xpath","value":"//button[@data-kt=\"contractDetailEditBtnButton\"]"}
COMMAND: POST /session/9d48326ae870b5d3a573a2f725ac1bbc/elements - {"using":"xpath","value":"//button[@data-kt=\"contractDetailEditBtnButton\"]"}
RESULT: {"using":"xpath","value":"//button[@data-kt=\"contractDetailEditBtnButton\"]"}
COMMAND: POST /session/9d48326ae870b5d3a573a2f725ac1bbc/elements - {"using":"xpath","value":"//button[@data-kt=\"contractDetailEditBtnButton\"]"}
RESULT: {"using":"xpath","value":"//button[@data-kt=\"contractDetailEditBtnButton\"]"}
COMMAND: POST /session/9d48326ae870b5d3a573a2f725ac1bbc/elements - {"using":"xpath","value":"//button[@data-kt=\"contractDetailEditBtnButton\"]"}
RESULT: {"using":"xpath","value":"//button[@data-kt=\"contractDetailEditBtnButton\"]"}
COMMAND: POST /session/9d48326ae870b5d3a573a2f725ac1bbc/elements - {"using":"xpath","value":"//button[@data-kt=\"contractDetailEditBtnButton\"]"}
RESULT: {"using":"xpath","value":"//button[@data-kt=\"contractDetailEditBtnButton\"]"}
COMMAND: POST /session/9d48326ae870b5d3a573a2f725ac1bbc/elements - {"using":"xpath","value":"//button[@data-kt=\"contractDetailEditBtnButton\"]"}
RESULT: {"using":"xpath","value":"//button[@data-kt=\"contractDetailEditBtnButton\"]"}
COMMAND: POST /session/9d48326ae870b5d3a573a2f725ac1bbc/elements - {"using":"xpath","value":"//button[@data-kt=\"contractDetailEditBtnButton\"]"}
RESULT: {"using":"xpath","value":"//button[@data-kt=\"contractDetailEditBtnButton\"]"}
COMMAND: POST /session/9d48326ae870b5d3a573a2f725ac1bbc/elements - {"using":"xpath","value":"//button[@data-kt=\"contractDetailEditBtnButton\"]"}
RESULT: {"using":"xpath","value":"//button[@data-kt=\"contractDetailEditBtnButton\"]"}
COMMAND: POST /session/9d48326ae870b5d3a573a2f725ac1bbc/elements - {"using":"xpath","value":"//button[@data-kt=\"contractDetailEditBtnButton\"]"}
RESULT: {"using":"xpath","value":"//button[@data-kt=\"contractDetailEditBtnButton\"]"}
COMMAND: POST /session/9d48326ae870b5d3a573a2f725ac1bbc/elements - {"using":"xpath","value":"//button[@data-kt=\"contractDetailEditBtnButton\"]"}
RESULT: {"using":"xpath","value":"//button[@data-kt=\"contractDetailEditBtnButton\"]"}
COMMAND: POST /session/9d48326ae870b5d3a573a2f725ac1bbc/elements - {"using":"xpath","value":"//button[@data-kt=\"contractDetailEditBtnButton\"]"}
RESULT: {"using":"xpath","value":"//button[@data-kt=\"contractDetailEditBtnButton\"]"}
COMMAND: POST /session/9d48326ae870b5d3a573a2f725ac1bbc/elements - {"using":"xpath","value":"//button[@data-kt=\"contractDetailEditBtnButton\"]"}
RESULT: {"using":"xpath","value":"//button[@data-kt=\"contractDetailEditBtnButton\"]"}
COMMAND: POST /session/9d48326ae870b5d3a573a2f725ac1bbc/elements - {"using":"xpath","value":"//button[@data-kt=\"contractDetailEditBtnButton\"]"}
RESULT: {"using":"xpath","value":"//button[@data-kt=\"contractDetailEditBtnButton\"]"}
COMMAND: POST /session/9d48326ae870b5d3a573a2f725ac1bbc/elements - {"using":"xpath","value":"//button[@data-kt=\"contractDetailEditBtnButton\"]"}
RESULT: {"using":"xpath","value":"//button[@data-kt=\"contractDetailEditBtnButton\"]"}
COMMAND: POST /session/9d48326ae870b5d3a573a2f725ac1bbc/elements - {"using":"xpath","value":"//button[@data-kt=\"contractDetailEditBtnButton\"]"}
RESULT: {"using":"xpath","value":"//button[@data-kt=\"contractDetailEditBtnButton\"]"}
COMMAND: POST /session/9d48326ae870b5d3a573a2f725ac1bbc/elements - {"using":"xpath","value":"//button[@data-kt=\"contractDetailEditBtnButton\"]"}
RESULT: {"using":"xpath","value":"//button[@data-kt=\"contractDetailEditBtnButton\"]"}
COMMAND: POST /session/9d48326ae870b5d3a573a2f725ac1bbc/elements - {"using":"xpath","value":"//button[@data-kt=\"contractDetailEditBtnButton\"]"}
RESULT: {"using":"xpath","value":"//button[@data-kt=\"contractDetailEditBtnButton\"]"}
COMMAND: POST /session/9d48326ae870b5d3a573a2f725ac1bbc/elements - {"using":"xpath","value":"//button[@data-kt=\"contractDetailEditBtnButton\"]"}
RESULT: {"using":"xpath","value":"//button[@data-kt=\"contractDetailEditBtnButton\"]"}
COMMAND: POST /session/9d48326ae870b5d3a573a2f725ac1bbc/elements - {"using":"xpath","value":"//button[@data-kt=\"contractDetailEditBtnButton\"]"}
RESULT: {"using":"xpath","value":"//button[@data-kt=\"contractDetailEditBtnButton\"]"}
COMMAND: POST /session/9d48326ae870b5d3a573a2f725ac1bbc/elements - {"using":"xpath","value":"//button[@data-kt=\"contractDetailEditBtnButton\"]"}
RESULT: {"using":"xpath","value":"//button[@data-kt=\"contractDetailEditBtnButton\"]"}
COMMAND: POST /session/9d48326ae870b5d3a573a2f725ac1bbc/elements - {"using":"xpath","value":"//button[@data-kt=\"contractDetailEditBtnButton\"]"}
RESULT: {"using":"xpath","value":"//button[@data-kt=\"contractDetailEditBtnButton\"]"}
COMMAND: POST /session/9d48326ae870b5d3a573a2f725ac1bbc/elements - {"using":"xpath","value":"//button[@data-kt=\"contractDetailEditBtnButton\"]"}
RESULT: {"using":"xpath","value":"//button[@data-kt=\"contractDetailEditBtnButton\"]"}
COMMAND: POST /session/9d48326ae870b5d3a573a2f725ac1bbc/elements - {"using":"xpath","value":"//button[@data-kt=\"contractDetailEditBtnButton\"]"}
RESULT: {"using":"xpath","value":"//button[@data-kt=\"contractDetailEditBtnButton\"]"}
COMMAND: POST /session/9d48326ae870b5d3a573a2f725ac1bbc/elements - {"using":"xpath","value":"//button[@data-kt=\"contractDetailEditBtnButton\"]"}
RESULT: {"using":"xpath","value":"//button[@data-kt=\"contractDetailEditBtnButton\"]"}
COMMAND: POST /session/9d48326ae870b5d3a573a2f725ac1bbc/elements - {"using":"xpath","value":"//button[@data-kt=\"contractDetailEditBtnButton\"]"}
RESULT: {"using":"xpath","value":"//button[@data-kt=\"contractDetailEditBtnButton\"]"}
COMMAND: POST /session/9d48326ae870b5d3a573a2f725ac1bbc/elements - {"using":"xpath","value":"//button[@data-kt=\"contractDetailEditBtnButton\"]"}
RESULT: {"using":"xpath","value":"//button[@data-kt=\"contractDetailEditBtnButton\"]"}
COMMAND: POST /session/9d48326ae870b5d3a573a2f725ac1bbc/elements - {"using":"xpath","value":"//button[@data-kt=\"contractDetailEditBtnButton\"]"}
RESULT: {"using":"xpath","value":"//button[@data-kt=\"contractDetailEditBtnButton\"]"}
COMMAND: POST /session/9d48326ae870b5d3a573a2f725ac1bbc/elements - {"using":"xpath","value":"//button[@data-kt=\"contractDetailEditBtnButton\"]"}
RESULT: {"using":"xpath","value":"//button[@data-kt=\"contractDetailEditBtnButton\"]"}
COMMAND: POST /session/9d48326ae870b5d3a573a2f725ac1bbc/elements - {"using":"xpath","value":"//button[@data-kt=\"contractDetailEditBtnButton\"]"}
RESULT: {"using":"xpath","value":"//button[@data-kt=\"contractDetailEditBtnButton\"]"}
COMMAND: POST /session/9d48326ae870b5d3a573a2f725ac1bbc/elements - {"using":"xpath","value":"//button[@data-kt=\"contractDetailEditBtnButton\"]"}
COMMAND: GET /session/9d48326ae870b5d3a573a2f725ac1bbc/screenshot - {}
RESULT: {"using":"xpath","value":"//button[@data-kt=\"contractDetailEditBtnButton\"]"}
RESULT: {}
]]></system-out>
      <system-err><![CDATA[
Error: Can't call click on element with selector "//button[@data-kt="contractDetailEditBtnButton"]" because element wasn't found
    at async UtilsPrerequisites.addItemToContract (D:\a\1\s\test\specs\BTS\prerequisites-and-utils-functions.js:1852:9)
    at async Context.<anonymous> (D:\a\1\s\test\specs\BTS\billing-transfer.spec.js:67:9)
]]></system-err>
    </testcase>
    <testcase classname="chrome.136_0_7103_93.windows.Billing_transfer_US117289" name="Should do a provide to site handover" time="60.599">
      <failure/>
      <error message="Can't call click on element with selector &quot;//button[@data-kt=&quot;provideButton&quot;]&quot; because element wasn't found"/>
      <system-out><![CDATA[
COMMAND: POST /session/9d48326ae870b5d3a573a2f725ac1bbc/element - {"using":"xpath","value":"//button[@data-kt=\"provideButton\"]"}
COMMAND: GET /session/9d48326ae870b5d3a573a2f725ac1bbc/screenshot - {}
RESULT: {"using":"xpath","value":"//button[@data-kt=\"provideButton\"]"}
COMMAND: POST /session/9d48326ae870b5d3a573a2f725ac1bbc/elements - {"using":"xpath","value":"//button[@data-kt=\"provideButton\"]"}
RESULT: {}
RESULT: {"using":"xpath","value":"//button[@data-kt=\"provideButton\"]"}
COMMAND: POST /session/9d48326ae870b5d3a573a2f725ac1bbc/elements - {"using":"xpath","value":"//button[@data-kt=\"provideButton\"]"}
RESULT: {"using":"xpath","value":"//button[@data-kt=\"provideButton\"]"}
COMMAND: POST /session/9d48326ae870b5d3a573a2f725ac1bbc/elements - {"using":"xpath","value":"//button[@data-kt=\"provideButton\"]"}
RESULT: {"using":"xpath","value":"//button[@data-kt=\"provideButton\"]"}
COMMAND: POST /session/9d48326ae870b5d3a573a2f725ac1bbc/elements - {"using":"xpath","value":"//button[@data-kt=\"provideButton\"]"}
RESULT: {"using":"xpath","value":"//button[@data-kt=\"provideButton\"]"}
COMMAND: POST /session/9d48326ae870b5d3a573a2f725ac1bbc/elements - {"using":"xpath","value":"//button[@data-kt=\"provideButton\"]"}
RESULT: {"using":"xpath","value":"//button[@data-kt=\"provideButton\"]"}
COMMAND: POST /session/9d48326ae870b5d3a573a2f725ac1bbc/elements - {"using":"xpath","value":"//button[@data-kt=\"provideButton\"]"}
RESULT: {"using":"xpath","value":"//button[@data-kt=\"provideButton\"]"}
COMMAND: POST /session/9d48326ae870b5d3a573a2f725ac1bbc/elements - {"using":"xpath","value":"//button[@data-kt=\"provideButton\"]"}
RESULT: {"using":"xpath","value":"//button[@data-kt=\"provideButton\"]"}
COMMAND: POST /session/9d48326ae870b5d3a573a2f725ac1bbc/elements - {"using":"xpath","value":"//button[@data-kt=\"provideButton\"]"}
RESULT: {"using":"xpath","value":"//button[@data-kt=\"provideButton\"]"}
COMMAND: POST /session/9d48326ae870b5d3a573a2f725ac1bbc/elements - {"using":"xpath","value":"//button[@data-kt=\"provideButton\"]"}
RESULT: {"using":"xpath","value":"//button[@data-kt=\"provideButton\"]"}
COMMAND: POST /session/9d48326ae870b5d3a573a2f725ac1bbc/elements - {"using":"xpath","value":"//button[@data-kt=\"provideButton\"]"}
RESULT: {"using":"xpath","value":"//button[@data-kt=\"provideButton\"]"}
COMMAND: POST /session/9d48326ae870b5d3a573a2f725ac1bbc/elements - {"using":"xpath","value":"//button[@data-kt=\"provideButton\"]"}
RESULT: {"using":"xpath","value":"//button[@data-kt=\"provideButton\"]"}
COMMAND: POST /session/9d48326ae870b5d3a573a2f725ac1bbc/elements - {"using":"xpath","value":"//button[@data-kt=\"provideButton\"]"}
RESULT: {"using":"xpath","value":"//button[@data-kt=\"provideButton\"]"}
COMMAND: POST /session/9d48326ae870b5d3a573a2f725ac1bbc/elements - {"using":"xpath","value":"//button[@data-kt=\"provideButton\"]"}
RESULT: {"using":"xpath","value":"//button[@data-kt=\"provideButton\"]"}
COMMAND: POST /session/9d48326ae870b5d3a573a2f725ac1bbc/elements - {"using":"xpath","value":"//button[@data-kt=\"provideButton\"]"}
RESULT: {"using":"xpath","value":"//button[@data-kt=\"provideButton\"]"}
COMMAND: POST /session/9d48326ae870b5d3a573a2f725ac1bbc/elements - {"using":"xpath","value":"//button[@data-kt=\"provideButton\"]"}
RESULT: {"using":"xpath","value":"//button[@data-kt=\"provideButton\"]"}
COMMAND: POST /session/9d48326ae870b5d3a573a2f725ac1bbc/elements - {"using":"xpath","value":"//button[@data-kt=\"provideButton\"]"}
RESULT: {"using":"xpath","value":"//button[@data-kt=\"provideButton\"]"}
COMMAND: POST /session/9d48326ae870b5d3a573a2f725ac1bbc/elements - {"using":"xpath","value":"//button[@data-kt=\"provideButton\"]"}
RESULT: {"using":"xpath","value":"//button[@data-kt=\"provideButton\"]"}
COMMAND: POST /session/9d48326ae870b5d3a573a2f725ac1bbc/elements - {"using":"xpath","value":"//button[@data-kt=\"provideButton\"]"}
RESULT: {"using":"xpath","value":"//button[@data-kt=\"provideButton\"]"}
COMMAND: POST /session/9d48326ae870b5d3a573a2f725ac1bbc/elements - {"using":"xpath","value":"//button[@data-kt=\"provideButton\"]"}
RESULT: {"using":"xpath","value":"//button[@data-kt=\"provideButton\"]"}
COMMAND: POST /session/9d48326ae870b5d3a573a2f725ac1bbc/elements - {"using":"xpath","value":"//button[@data-kt=\"provideButton\"]"}
RESULT: {"using":"xpath","value":"//button[@data-kt=\"provideButton\"]"}
COMMAND: POST /session/9d48326ae870b5d3a573a2f725ac1bbc/elements - {"using":"xpath","value":"//button[@data-kt=\"provideButton\"]"}
RESULT: {"using":"xpath","value":"//button[@data-kt=\"provideButton\"]"}
COMMAND: POST /session/9d48326ae870b5d3a573a2f725ac1bbc/elements - {"using":"xpath","value":"//button[@data-kt=\"provideButton\"]"}
RESULT: {"using":"xpath","value":"//button[@data-kt=\"provideButton\"]"}
COMMAND: POST /session/9d48326ae870b5d3a573a2f725ac1bbc/elements - {"using":"xpath","value":"//button[@data-kt=\"provideButton\"]"}
RESULT: {"using":"xpath","value":"//button[@data-kt=\"provideButton\"]"}
COMMAND: POST /session/9d48326ae870b5d3a573a2f725ac1bbc/elements - {"using":"xpath","value":"//button[@data-kt=\"provideButton\"]"}
RESULT: {"using":"xpath","value":"//button[@data-kt=\"provideButton\"]"}
COMMAND: POST /session/9d48326ae870b5d3a573a2f725ac1bbc/elements - {"using":"xpath","value":"//button[@data-kt=\"provideButton\"]"}
RESULT: {"using":"xpath","value":"//button[@data-kt=\"provideButton\"]"}
COMMAND: POST /session/9d48326ae870b5d3a573a2f725ac1bbc/elements - {"using":"xpath","value":"//button[@data-kt=\"provideButton\"]"}
RESULT: {"using":"xpath","value":"//button[@data-kt=\"provideButton\"]"}
COMMAND: POST /session/9d48326ae870b5d3a573a2f725ac1bbc/elements - {"using":"xpath","value":"//button[@data-kt=\"provideButton\"]"}
RESULT: {"using":"xpath","value":"//button[@data-kt=\"provideButton\"]"}
COMMAND: POST /session/9d48326ae870b5d3a573a2f725ac1bbc/elements - {"using":"xpath","value":"//button[@data-kt=\"provideButton\"]"}
RESULT: {"using":"xpath","value":"//button[@data-kt=\"provideButton\"]"}
COMMAND: POST /session/9d48326ae870b5d3a573a2f725ac1bbc/elements - {"using":"xpath","value":"//button[@data-kt=\"provideButton\"]"}
RESULT: {"using":"xpath","value":"//button[@data-kt=\"provideButton\"]"}
COMMAND: POST /session/9d48326ae870b5d3a573a2f725ac1bbc/elements - {"using":"xpath","value":"//button[@data-kt=\"provideButton\"]"}
RESULT: {"using":"xpath","value":"//button[@data-kt=\"provideButton\"]"}
COMMAND: POST /session/9d48326ae870b5d3a573a2f725ac1bbc/elements - {"using":"xpath","value":"//button[@data-kt=\"provideButton\"]"}
RESULT: {"using":"xpath","value":"//button[@data-kt=\"provideButton\"]"}
COMMAND: POST /session/9d48326ae870b5d3a573a2f725ac1bbc/elements - {"using":"xpath","value":"//button[@data-kt=\"provideButton\"]"}
RESULT: {"using":"xpath","value":"//button[@data-kt=\"provideButton\"]"}
COMMAND: POST /session/9d48326ae870b5d3a573a2f725ac1bbc/elements - {"using":"xpath","value":"//button[@data-kt=\"provideButton\"]"}
RESULT: {"using":"xpath","value":"//button[@data-kt=\"provideButton\"]"}
COMMAND: POST /session/9d48326ae870b5d3a573a2f725ac1bbc/elements - {"using":"xpath","value":"//button[@data-kt=\"provideButton\"]"}
RESULT: {"using":"xpath","value":"//button[@data-kt=\"provideButton\"]"}
COMMAND: POST /session/9d48326ae870b5d3a573a2f725ac1bbc/elements - {"using":"xpath","value":"//button[@data-kt=\"provideButton\"]"}
RESULT: {"using":"xpath","value":"//button[@data-kt=\"provideButton\"]"}
COMMAND: POST /session/9d48326ae870b5d3a573a2f725ac1bbc/elements - {"using":"xpath","value":"//button[@data-kt=\"provideButton\"]"}
RESULT: {"using":"xpath","value":"//button[@data-kt=\"provideButton\"]"}
COMMAND: POST /session/9d48326ae870b5d3a573a2f725ac1bbc/elements - {"using":"xpath","value":"//button[@data-kt=\"provideButton\"]"}
RESULT: {"using":"xpath","value":"//button[@data-kt=\"provideButton\"]"}
COMMAND: POST /session/9d48326ae870b5d3a573a2f725ac1bbc/elements - {"using":"xpath","value":"//button[@data-kt=\"provideButton\"]"}
RESULT: {"using":"xpath","value":"//button[@data-kt=\"provideButton\"]"}
COMMAND: POST /session/9d48326ae870b5d3a573a2f725ac1bbc/elements - {"using":"xpath","value":"//button[@data-kt=\"provideButton\"]"}
RESULT: {"using":"xpath","value":"//button[@data-kt=\"provideButton\"]"}
COMMAND: POST /session/9d48326ae870b5d3a573a2f725ac1bbc/elements - {"using":"xpath","value":"//button[@data-kt=\"provideButton\"]"}
RESULT: {"using":"xpath","value":"//button[@data-kt=\"provideButton\"]"}
COMMAND: POST /session/9d48326ae870b5d3a573a2f725ac1bbc/elements - {"using":"xpath","value":"//button[@data-kt=\"provideButton\"]"}
RESULT: {"using":"xpath","value":"//button[@data-kt=\"provideButton\"]"}
COMMAND: POST /session/9d48326ae870b5d3a573a2f725ac1bbc/elements - {"using":"xpath","value":"//button[@data-kt=\"provideButton\"]"}
RESULT: {"using":"xpath","value":"//button[@data-kt=\"provideButton\"]"}
COMMAND: POST /session/9d48326ae870b5d3a573a2f725ac1bbc/elements - {"using":"xpath","value":"//button[@data-kt=\"provideButton\"]"}
RESULT: {"using":"xpath","value":"//button[@data-kt=\"provideButton\"]"}
COMMAND: POST /session/9d48326ae870b5d3a573a2f725ac1bbc/elements - {"using":"xpath","value":"//button[@data-kt=\"provideButton\"]"}
RESULT: {"using":"xpath","value":"//button[@data-kt=\"provideButton\"]"}
COMMAND: POST /session/9d48326ae870b5d3a573a2f725ac1bbc/elements - {"using":"xpath","value":"//button[@data-kt=\"provideButton\"]"}
RESULT: {"using":"xpath","value":"//button[@data-kt=\"provideButton\"]"}
COMMAND: POST /session/9d48326ae870b5d3a573a2f725ac1bbc/elements - {"using":"xpath","value":"//button[@data-kt=\"provideButton\"]"}
RESULT: {"using":"xpath","value":"//button[@data-kt=\"provideButton\"]"}
COMMAND: POST /session/9d48326ae870b5d3a573a2f725ac1bbc/elements - {"using":"xpath","value":"//button[@data-kt=\"provideButton\"]"}
RESULT: {"using":"xpath","value":"//button[@data-kt=\"provideButton\"]"}
COMMAND: POST /session/9d48326ae870b5d3a573a2f725ac1bbc/elements - {"using":"xpath","value":"//button[@data-kt=\"provideButton\"]"}
RESULT: {"using":"xpath","value":"//button[@data-kt=\"provideButton\"]"}
COMMAND: POST /session/9d48326ae870b5d3a573a2f725ac1bbc/elements - {"using":"xpath","value":"//button[@data-kt=\"provideButton\"]"}
RESULT: {"using":"xpath","value":"//button[@data-kt=\"provideButton\"]"}
COMMAND: POST /session/9d48326ae870b5d3a573a2f725ac1bbc/elements - {"using":"xpath","value":"//button[@data-kt=\"provideButton\"]"}
RESULT: {"using":"xpath","value":"//button[@data-kt=\"provideButton\"]"}
COMMAND: POST /session/9d48326ae870b5d3a573a2f725ac1bbc/elements - {"using":"xpath","value":"//button[@data-kt=\"provideButton\"]"}
RESULT: {"using":"xpath","value":"//button[@data-kt=\"provideButton\"]"}
COMMAND: POST /session/9d48326ae870b5d3a573a2f725ac1bbc/elements - {"using":"xpath","value":"//button[@data-kt=\"provideButton\"]"}
RESULT: {"using":"xpath","value":"//button[@data-kt=\"provideButton\"]"}
COMMAND: POST /session/9d48326ae870b5d3a573a2f725ac1bbc/elements - {"using":"xpath","value":"//button[@data-kt=\"provideButton\"]"}
RESULT: {"using":"xpath","value":"//button[@data-kt=\"provideButton\"]"}
COMMAND: POST /session/9d48326ae870b5d3a573a2f725ac1bbc/elements - {"using":"xpath","value":"//button[@data-kt=\"provideButton\"]"}
RESULT: {"using":"xpath","value":"//button[@data-kt=\"provideButton\"]"}
COMMAND: POST /session/9d48326ae870b5d3a573a2f725ac1bbc/elements - {"using":"xpath","value":"//button[@data-kt=\"provideButton\"]"}
RESULT: {"using":"xpath","value":"//button[@data-kt=\"provideButton\"]"}
COMMAND: POST /session/9d48326ae870b5d3a573a2f725ac1bbc/elements - {"using":"xpath","value":"//button[@data-kt=\"provideButton\"]"}
RESULT: {"using":"xpath","value":"//button[@data-kt=\"provideButton\"]"}
COMMAND: POST /session/9d48326ae870b5d3a573a2f725ac1bbc/elements - {"using":"xpath","value":"//button[@data-kt=\"provideButton\"]"}
RESULT: {"using":"xpath","value":"//button[@data-kt=\"provideButton\"]"}
COMMAND: POST /session/9d48326ae870b5d3a573a2f725ac1bbc/elements - {"using":"xpath","value":"//button[@data-kt=\"provideButton\"]"}
RESULT: {"using":"xpath","value":"//button[@data-kt=\"provideButton\"]"}
COMMAND: POST /session/9d48326ae870b5d3a573a2f725ac1bbc/elements - {"using":"xpath","value":"//button[@data-kt=\"provideButton\"]"}
RESULT: {"using":"xpath","value":"//button[@data-kt=\"provideButton\"]"}
COMMAND: POST /session/9d48326ae870b5d3a573a2f725ac1bbc/elements - {"using":"xpath","value":"//button[@data-kt=\"provideButton\"]"}
RESULT: {"using":"xpath","value":"//button[@data-kt=\"provideButton\"]"}
COMMAND: POST /session/9d48326ae870b5d3a573a2f725ac1bbc/elements - {"using":"xpath","value":"//button[@data-kt=\"provideButton\"]"}
RESULT: {"using":"xpath","value":"//button[@data-kt=\"provideButton\"]"}
COMMAND: POST /session/9d48326ae870b5d3a573a2f725ac1bbc/elements - {"using":"xpath","value":"//button[@data-kt=\"provideButton\"]"}
RESULT: {"using":"xpath","value":"//button[@data-kt=\"provideButton\"]"}
COMMAND: POST /session/9d48326ae870b5d3a573a2f725ac1bbc/elements - {"using":"xpath","value":"//button[@data-kt=\"provideButton\"]"}
RESULT: {"using":"xpath","value":"//button[@data-kt=\"provideButton\"]"}
COMMAND: POST /session/9d48326ae870b5d3a573a2f725ac1bbc/elements - {"using":"xpath","value":"//button[@data-kt=\"provideButton\"]"}
RESULT: {"using":"xpath","value":"//button[@data-kt=\"provideButton\"]"}
COMMAND: POST /session/9d48326ae870b5d3a573a2f725ac1bbc/elements - {"using":"xpath","value":"//button[@data-kt=\"provideButton\"]"}
RESULT: {"using":"xpath","value":"//button[@data-kt=\"provideButton\"]"}
COMMAND: POST /session/9d48326ae870b5d3a573a2f725ac1bbc/elements - {"using":"xpath","value":"//button[@data-kt=\"provideButton\"]"}
RESULT: {"using":"xpath","value":"//button[@data-kt=\"provideButton\"]"}
COMMAND: POST /session/9d48326ae870b5d3a573a2f725ac1bbc/elements - {"using":"xpath","value":"//button[@data-kt=\"provideButton\"]"}
RESULT: {"using":"xpath","value":"//button[@data-kt=\"provideButton\"]"}
COMMAND: POST /session/9d48326ae870b5d3a573a2f725ac1bbc/elements - {"using":"xpath","value":"//button[@data-kt=\"provideButton\"]"}
RESULT: {"using":"xpath","value":"//button[@data-kt=\"provideButton\"]"}
COMMAND: POST /session/9d48326ae870b5d3a573a2f725ac1bbc/elements - {"using":"xpath","value":"//button[@data-kt=\"provideButton\"]"}
RESULT: {"using":"xpath","value":"//button[@data-kt=\"provideButton\"]"}
COMMAND: POST /session/9d48326ae870b5d3a573a2f725ac1bbc/elements - {"using":"xpath","value":"//button[@data-kt=\"provideButton\"]"}
RESULT: {"using":"xpath","value":"//button[@data-kt=\"provideButton\"]"}
COMMAND: POST /session/9d48326ae870b5d3a573a2f725ac1bbc/elements - {"using":"xpath","value":"//button[@data-kt=\"provideButton\"]"}
RESULT: {"using":"xpath","value":"//button[@data-kt=\"provideButton\"]"}
COMMAND: POST /session/9d48326ae870b5d3a573a2f725ac1bbc/elements - {"using":"xpath","value":"//button[@data-kt=\"provideButton\"]"}
RESULT: {"using":"xpath","value":"//button[@data-kt=\"provideButton\"]"}
COMMAND: POST /session/9d48326ae870b5d3a573a2f725ac1bbc/elements - {"using":"xpath","value":"//button[@data-kt=\"provideButton\"]"}
RESULT: {"using":"xpath","value":"//button[@data-kt=\"provideButton\"]"}
COMMAND: POST /session/9d48326ae870b5d3a573a2f725ac1bbc/elements - {"using":"xpath","value":"//button[@data-kt=\"provideButton\"]"}
RESULT: {"using":"xpath","value":"//button[@data-kt=\"provideButton\"]"}
COMMAND: POST /session/9d48326ae870b5d3a573a2f725ac1bbc/elements - {"using":"xpath","value":"//button[@data-kt=\"provideButton\"]"}
RESULT: {"using":"xpath","value":"//button[@data-kt=\"provideButton\"]"}
COMMAND: POST /session/9d48326ae870b5d3a573a2f725ac1bbc/elements - {"using":"xpath","value":"//button[@data-kt=\"provideButton\"]"}
RESULT: {"using":"xpath","value":"//button[@data-kt=\"provideButton\"]"}
COMMAND: POST /session/9d48326ae870b5d3a573a2f725ac1bbc/elements - {"using":"xpath","value":"//button[@data-kt=\"provideButton\"]"}
RESULT: {"using":"xpath","value":"//button[@data-kt=\"provideButton\"]"}
COMMAND: POST /session/9d48326ae870b5d3a573a2f725ac1bbc/elements - {"using":"xpath","value":"//button[@data-kt=\"provideButton\"]"}
RESULT: {"using":"xpath","value":"//button[@data-kt=\"provideButton\"]"}
COMMAND: POST /session/9d48326ae870b5d3a573a2f725ac1bbc/elements - {"using":"xpath","value":"//button[@data-kt=\"provideButton\"]"}
RESULT: {"using":"xpath","value":"//button[@data-kt=\"provideButton\"]"}
COMMAND: POST /session/9d48326ae870b5d3a573a2f725ac1bbc/elements - {"using":"xpath","value":"//button[@data-kt=\"provideButton\"]"}
RESULT: {"using":"xpath","value":"//button[@data-kt=\"provideButton\"]"}
COMMAND: POST /session/9d48326ae870b5d3a573a2f725ac1bbc/elements - {"using":"xpath","value":"//button[@data-kt=\"provideButton\"]"}
RESULT: {"using":"xpath","value":"//button[@data-kt=\"provideButton\"]"}
COMMAND: POST /session/9d48326ae870b5d3a573a2f725ac1bbc/elements - {"using":"xpath","value":"//button[@data-kt=\"provideButton\"]"}
RESULT: {"using":"xpath","value":"//button[@data-kt=\"provideButton\"]"}
COMMAND: POST /session/9d48326ae870b5d3a573a2f725ac1bbc/elements - {"using":"xpath","value":"//button[@data-kt=\"provideButton\"]"}
RESULT: {"using":"xpath","value":"//button[@data-kt=\"provideButton\"]"}
COMMAND: POST /session/9d48326ae870b5d3a573a2f725ac1bbc/elements - {"using":"xpath","value":"//button[@data-kt=\"provideButton\"]"}
RESULT: {"using":"xpath","value":"//button[@data-kt=\"provideButton\"]"}
COMMAND: POST /session/9d48326ae870b5d3a573a2f725ac1bbc/elements - {"using":"xpath","value":"//button[@data-kt=\"provideButton\"]"}
RESULT: {"using":"xpath","value":"//button[@data-kt=\"provideButton\"]"}
COMMAND: POST /session/9d48326ae870b5d3a573a2f725ac1bbc/elements - {"using":"xpath","value":"//button[@data-kt=\"provideButton\"]"}
RESULT: {"using":"xpath","value":"//button[@data-kt=\"provideButton\"]"}
COMMAND: POST /session/9d48326ae870b5d3a573a2f725ac1bbc/elements - {"using":"xpath","value":"//button[@data-kt=\"provideButton\"]"}
RESULT: {"using":"xpath","value":"//button[@data-kt=\"provideButton\"]"}
COMMAND: POST /session/9d48326ae870b5d3a573a2f725ac1bbc/elements - {"using":"xpath","value":"//button[@data-kt=\"provideButton\"]"}
RESULT: {"using":"xpath","value":"//button[@data-kt=\"provideButton\"]"}
COMMAND: POST /session/9d48326ae870b5d3a573a2f725ac1bbc/elements - {"using":"xpath","value":"//button[@data-kt=\"provideButton\"]"}
RESULT: {"using":"xpath","value":"//button[@data-kt=\"provideButton\"]"}
COMMAND: POST /session/9d48326ae870b5d3a573a2f725ac1bbc/elements - {"using":"xpath","value":"//button[@data-kt=\"provideButton\"]"}
RESULT: {"using":"xpath","value":"//button[@data-kt=\"provideButton\"]"}
COMMAND: POST /session/9d48326ae870b5d3a573a2f725ac1bbc/elements - {"using":"xpath","value":"//button[@data-kt=\"provideButton\"]"}
RESULT: {"using":"xpath","value":"//button[@data-kt=\"provideButton\"]"}
COMMAND: POST /session/9d48326ae870b5d3a573a2f725ac1bbc/elements - {"using":"xpath","value":"//button[@data-kt=\"provideButton\"]"}
RESULT: {"using":"xpath","value":"//button[@data-kt=\"provideButton\"]"}
COMMAND: POST /session/9d48326ae870b5d3a573a2f725ac1bbc/elements - {"using":"xpath","value":"//button[@data-kt=\"provideButton\"]"}
RESULT: {"using":"xpath","value":"//button[@data-kt=\"provideButton\"]"}
COMMAND: POST /session/9d48326ae870b5d3a573a2f725ac1bbc/elements - {"using":"xpath","value":"//button[@data-kt=\"provideButton\"]"}
RESULT: {"using":"xpath","value":"//button[@data-kt=\"provideButton\"]"}
COMMAND: POST /session/9d48326ae870b5d3a573a2f725ac1bbc/elements - {"using":"xpath","value":"//button[@data-kt=\"provideButton\"]"}
RESULT: {"using":"xpath","value":"//button[@data-kt=\"provideButton\"]"}
COMMAND: POST /session/9d48326ae870b5d3a573a2f725ac1bbc/elements - {"using":"xpath","value":"//button[@data-kt=\"provideButton\"]"}
RESULT: {"using":"xpath","value":"//button[@data-kt=\"provideButton\"]"}
COMMAND: POST /session/9d48326ae870b5d3a573a2f725ac1bbc/elements - {"using":"xpath","value":"//button[@data-kt=\"provideButton\"]"}
RESULT: {"using":"xpath","value":"//button[@data-kt=\"provideButton\"]"}
COMMAND: POST /session/9d48326ae870b5d3a573a2f725ac1bbc/elements - {"using":"xpath","value":"//button[@data-kt=\"provideButton\"]"}
RESULT: {"using":"xpath","value":"//button[@data-kt=\"provideButton\"]"}
COMMAND: POST /session/9d48326ae870b5d3a573a2f725ac1bbc/elements - {"using":"xpath","value":"//button[@data-kt=\"provideButton\"]"}
RESULT: {"using":"xpath","value":"//button[@data-kt=\"provideButton\"]"}
COMMAND: POST /session/9d48326ae870b5d3a573a2f725ac1bbc/elements - {"using":"xpath","value":"//button[@data-kt=\"provideButton\"]"}
RESULT: {"using":"xpath","value":"//button[@data-kt=\"provideButton\"]"}
COMMAND: POST /session/9d48326ae870b5d3a573a2f725ac1bbc/elements - {"using":"xpath","value":"//button[@data-kt=\"provideButton\"]"}
RESULT: {"using":"xpath","value":"//button[@data-kt=\"provideButton\"]"}
COMMAND: POST /session/9d48326ae870b5d3a573a2f725ac1bbc/elements - {"using":"xpath","value":"//button[@data-kt=\"provideButton\"]"}
RESULT: {"using":"xpath","value":"//button[@data-kt=\"provideButton\"]"}
COMMAND: POST /session/9d48326ae870b5d3a573a2f725ac1bbc/elements - {"using":"xpath","value":"//button[@data-kt=\"provideButton\"]"}
RESULT: {"using":"xpath","value":"//button[@data-kt=\"provideButton\"]"}
COMMAND: POST /session/9d48326ae870b5d3a573a2f725ac1bbc/elements - {"using":"xpath","value":"//button[@data-kt=\"provideButton\"]"}
RESULT: {"using":"xpath","value":"//button[@data-kt=\"provideButton\"]"}
COMMAND: POST /session/9d48326ae870b5d3a573a2f725ac1bbc/elements - {"using":"xpath","value":"//button[@data-kt=\"provideButton\"]"}
RESULT: {"using":"xpath","value":"//button[@data-kt=\"provideButton\"]"}
COMMAND: POST /session/9d48326ae870b5d3a573a2f725ac1bbc/elements - {"using":"xpath","value":"//button[@data-kt=\"provideButton\"]"}
RESULT: {"using":"xpath","value":"//button[@data-kt=\"provideButton\"]"}
COMMAND: POST /session/9d48326ae870b5d3a573a2f725ac1bbc/elements - {"using":"xpath","value":"//button[@data-kt=\"provideButton\"]"}
RESULT: {"using":"xpath","value":"//button[@data-kt=\"provideButton\"]"}
COMMAND: POST /session/9d48326ae870b5d3a573a2f725ac1bbc/elements - {"using":"xpath","value":"//button[@data-kt=\"provideButton\"]"}
RESULT: {"using":"xpath","value":"//button[@data-kt=\"provideButton\"]"}
COMMAND: POST /session/9d48326ae870b5d3a573a2f725ac1bbc/elements - {"using":"xpath","value":"//button[@data-kt=\"provideButton\"]"}
RESULT: {"using":"xpath","value":"//button[@data-kt=\"provideButton\"]"}
COMMAND: POST /session/9d48326ae870b5d3a573a2f725ac1bbc/elements - {"using":"xpath","value":"//button[@data-kt=\"provideButton\"]"}
RESULT: {"using":"xpath","value":"//button[@data-kt=\"provideButton\"]"}
COMMAND: POST /session/9d48326ae870b5d3a573a2f725ac1bbc/elements - {"using":"xpath","value":"//button[@data-kt=\"provideButton\"]"}
RESULT: {"using":"xpath","value":"//button[@data-kt=\"provideButton\"]"}
COMMAND: POST /session/9d48326ae870b5d3a573a2f725ac1bbc/elements - {"using":"xpath","value":"//button[@data-kt=\"provideButton\"]"}
RESULT: {"using":"xpath","value":"//button[@data-kt=\"provideButton\"]"}
COMMAND: POST /session/9d48326ae870b5d3a573a2f725ac1bbc/elements - {"using":"xpath","value":"//button[@data-kt=\"provideButton\"]"}
RESULT: {"using":"xpath","value":"//button[@data-kt=\"provideButton\"]"}
COMMAND: POST /session/9d48326ae870b5d3a573a2f725ac1bbc/elements - {"using":"xpath","value":"//button[@data-kt=\"provideButton\"]"}
RESULT: {"using":"xpath","value":"//button[@data-kt=\"provideButton\"]"}
COMMAND: POST /session/9d48326ae870b5d3a573a2f725ac1bbc/elements - {"using":"xpath","value":"//button[@data-kt=\"provideButton\"]"}
RESULT: {"using":"xpath","value":"//button[@data-kt=\"provideButton\"]"}
COMMAND: POST /session/9d48326ae870b5d3a573a2f725ac1bbc/elements - {"using":"xpath","value":"//button[@data-kt=\"provideButton\"]"}
RESULT: {"using":"xpath","value":"//button[@data-kt=\"provideButton\"]"}
COMMAND: POST /session/9d48326ae870b5d3a573a2f725ac1bbc/elements - {"using":"xpath","value":"//button[@data-kt=\"provideButton\"]"}
RESULT: {"using":"xpath","value":"//button[@data-kt=\"provideButton\"]"}
COMMAND: POST /session/9d48326ae870b5d3a573a2f725ac1bbc/elements - {"using":"xpath","value":"//button[@data-kt=\"provideButton\"]"}
RESULT: {"using":"xpath","value":"//button[@data-kt=\"provideButton\"]"}
COMMAND: POST /session/9d48326ae870b5d3a573a2f725ac1bbc/elements - {"using":"xpath","value":"//button[@data-kt=\"provideButton\"]"}
RESULT: {"using":"xpath","value":"//button[@data-kt=\"provideButton\"]"}
COMMAND: POST /session/9d48326ae870b5d3a573a2f725ac1bbc/elements - {"using":"xpath","value":"//button[@data-kt=\"provideButton\"]"}
RESULT: {"using":"xpath","value":"//button[@data-kt=\"provideButton\"]"}
COMMAND: POST /session/9d48326ae870b5d3a573a2f725ac1bbc/elements - {"using":"xpath","value":"//button[@data-kt=\"provideButton\"]"}
COMMAND: GET /session/9d48326ae870b5d3a573a2f725ac1bbc/screenshot - {}
RESULT: {"using":"xpath","value":"//button[@data-kt=\"provideButton\"]"}
RESULT: {}
]]></system-out>
      <system-err><![CDATA[
Error: Can't call click on element with selector "//button[@data-kt="provideButton"]" because element wasn't found
    at async UtilsPrerequisites.provideToSiteHandoverFromContractDetails (D:\a\1\s\test\specs\BTS\prerequisites-and-utils-functions.js:1949:9)
    at async Context.<anonymous> (D:\a\1\s\test\specs\BTS\billing-transfer.spec.js:71:9)
]]></system-err>
    </testcase>
    <testcase classname="chrome.136_0_7103_93.windows.Billing_transfer_US117289" name="Should navigate to Manage Billings and trigger contract calculation business confirm it" time="80.368">
      <failure/>
      <error message="Can't call click on element with selector &quot;//td[@aria-colindex=&quot;1&quot;]/div/div[contains(@class, &quot;sapMCbBg&quot;)]&quot; because element wasn't found"/>
      <system-out><![CDATA[
COMMAND: POST /session/9d48326ae870b5d3a573a2f725ac1bbc/execute/async - {"script":"<script> [1562 bytes]","args":[{"selector":{"controlType":"sap.m.GenericTile","properties":{"header":"Manage Billings"}},"wdio_ui5_key":"sapm.GenericTile{\"header\":\"Manage Billings\"}"}]}
COMMAND: GET /session/9d48326ae870b5d3a573a2f725ac1bbc/screenshot - {}
RESULT: {"script":"<script> [1562 bytes]","args":[{"selector":{"controlType":"sap.m.GenericTile","properties":{"header":"Manage Billings"}},"wdio_ui5_key":"sapm.GenericTile{\"header\":\"Manage Billings\"}"}]}
RESULT: undefined
RESULT: {}
COMMAND: POST /session/9d48326ae870b5d3a573a2f725ac1bbc/elements - {"using":"xpath","value":"//span[text()='Error']"}
RESULT: {"using":"xpath","value":"//span[text()='Error']"}
COMMAND: POST /session/9d48326ae870b5d3a573a2f725ac1bbc/execute/async - {"script":"<script> [1562 bytes]","args":[{"selector":{"id":"application-managebillings-display-component---billRunCalcResult--smartFilterBar-btnBasicSearch","interaction":{"idSuffix":"I"}},"wdio_ui5_key":"applicationmanagebillings-display-component---billRunCalcResult--smartFilterBar-btnBasicSearch"}]}
RESULT: {"script":"<script> [1562 bytes]","args":[{"selector":{"id":"application-managebillings-display-component---billRunCalcResult--smartFilterBar-btnBasicSearch","interaction":{"idSuffix":"I"}},"wdio_ui5_key":"applicationmanagebillings-display-component---billRunCalcResult--smartFilterBar-btnBasicSearch"}]}
RESULT: undefined
COMMAND: POST /session/9d48326ae870b5d3a573a2f725ac1bbc/actions - {"actions":[{"id":"action44","type":"key","parameters":{},"actions":[{"type":"keyDown","value":""},{"type":"pause","duration":10},{"type":"keyUp","value":""}]}]}
RESULT: {"actions":[{"id":"action44","type":"key","parameters":{},"actions":[{"type":"keyDown","value":""},{"type":"pause","duration":10},{"type":"keyUp","value":""}]}]}
COMMAND: GET /session/9d48326ae870b5d3a573a2f725ac1bbc/screenshot - {}
RESULT: {}
COMMAND: POST /session/9d48326ae870b5d3a573a2f725ac1bbc/element - {"using":"xpath","value":"//td[@aria-colindex=\"1\"]/div/div[contains(@class, \"sapMCbBg\")]"}
RESULT: {"using":"xpath","value":"//td[@aria-colindex=\"1\"]/div/div[contains(@class, \"sapMCbBg\")]"}
COMMAND: POST /session/9d48326ae870b5d3a573a2f725ac1bbc/elements - {"using":"xpath","value":"//td[@aria-colindex=\"1\"]/div/div[contains(@class, \"sapMCbBg\")]"}
RESULT: {"using":"xpath","value":"//td[@aria-colindex=\"1\"]/div/div[contains(@class, \"sapMCbBg\")]"}
COMMAND: POST /session/9d48326ae870b5d3a573a2f725ac1bbc/elements - {"using":"xpath","value":"//td[@aria-colindex=\"1\"]/div/div[contains(@class, \"sapMCbBg\")]"}
RESULT: {"using":"xpath","value":"//td[@aria-colindex=\"1\"]/div/div[contains(@class, \"sapMCbBg\")]"}
COMMAND: POST /session/9d48326ae870b5d3a573a2f725ac1bbc/elements - {"using":"xpath","value":"//td[@aria-colindex=\"1\"]/div/div[contains(@class, \"sapMCbBg\")]"}
RESULT: {"using":"xpath","value":"//td[@aria-colindex=\"1\"]/div/div[contains(@class, \"sapMCbBg\")]"}
COMMAND: POST /session/9d48326ae870b5d3a573a2f725ac1bbc/elements - {"using":"xpath","value":"//td[@aria-colindex=\"1\"]/div/div[contains(@class, \"sapMCbBg\")]"}
RESULT: {"using":"xpath","value":"//td[@aria-colindex=\"1\"]/div/div[contains(@class, \"sapMCbBg\")]"}
COMMAND: POST /session/9d48326ae870b5d3a573a2f725ac1bbc/elements - {"using":"xpath","value":"//td[@aria-colindex=\"1\"]/div/div[contains(@class, \"sapMCbBg\")]"}
RESULT: {"using":"xpath","value":"//td[@aria-colindex=\"1\"]/div/div[contains(@class, \"sapMCbBg\")]"}
COMMAND: POST /session/9d48326ae870b5d3a573a2f725ac1bbc/elements - {"using":"xpath","value":"//td[@aria-colindex=\"1\"]/div/div[contains(@class, \"sapMCbBg\")]"}
RESULT: {"using":"xpath","value":"//td[@aria-colindex=\"1\"]/div/div[contains(@class, \"sapMCbBg\")]"}
COMMAND: POST /session/9d48326ae870b5d3a573a2f725ac1bbc/elements - {"using":"xpath","value":"//td[@aria-colindex=\"1\"]/div/div[contains(@class, \"sapMCbBg\")]"}
RESULT: {"using":"xpath","value":"//td[@aria-colindex=\"1\"]/div/div[contains(@class, \"sapMCbBg\")]"}
COMMAND: POST /session/9d48326ae870b5d3a573a2f725ac1bbc/elements - {"using":"xpath","value":"//td[@aria-colindex=\"1\"]/div/div[contains(@class, \"sapMCbBg\")]"}
RESULT: {"using":"xpath","value":"//td[@aria-colindex=\"1\"]/div/div[contains(@class, \"sapMCbBg\")]"}
COMMAND: POST /session/9d48326ae870b5d3a573a2f725ac1bbc/elements - {"using":"xpath","value":"//td[@aria-colindex=\"1\"]/div/div[contains(@class, \"sapMCbBg\")]"}
RESULT: {"using":"xpath","value":"//td[@aria-colindex=\"1\"]/div/div[contains(@class, \"sapMCbBg\")]"}
COMMAND: POST /session/9d48326ae870b5d3a573a2f725ac1bbc/elements - {"using":"xpath","value":"//td[@aria-colindex=\"1\"]/div/div[contains(@class, \"sapMCbBg\")]"}
RESULT: {"using":"xpath","value":"//td[@aria-colindex=\"1\"]/div/div[contains(@class, \"sapMCbBg\")]"}
COMMAND: POST /session/9d48326ae870b5d3a573a2f725ac1bbc/elements - {"using":"xpath","value":"//td[@aria-colindex=\"1\"]/div/div[contains(@class, \"sapMCbBg\")]"}
RESULT: {"using":"xpath","value":"//td[@aria-colindex=\"1\"]/div/div[contains(@class, \"sapMCbBg\")]"}
COMMAND: POST /session/9d48326ae870b5d3a573a2f725ac1bbc/elements - {"using":"xpath","value":"//td[@aria-colindex=\"1\"]/div/div[contains(@class, \"sapMCbBg\")]"}
RESULT: {"using":"xpath","value":"//td[@aria-colindex=\"1\"]/div/div[contains(@class, \"sapMCbBg\")]"}
COMMAND: POST /session/9d48326ae870b5d3a573a2f725ac1bbc/elements - {"using":"xpath","value":"//td[@aria-colindex=\"1\"]/div/div[contains(@class, \"sapMCbBg\")]"}
RESULT: {"using":"xpath","value":"//td[@aria-colindex=\"1\"]/div/div[contains(@class, \"sapMCbBg\")]"}
COMMAND: POST /session/9d48326ae870b5d3a573a2f725ac1bbc/elements - {"using":"xpath","value":"//td[@aria-colindex=\"1\"]/div/div[contains(@class, \"sapMCbBg\")]"}
RESULT: {"using":"xpath","value":"//td[@aria-colindex=\"1\"]/div/div[contains(@class, \"sapMCbBg\")]"}
COMMAND: POST /session/9d48326ae870b5d3a573a2f725ac1bbc/elements - {"using":"xpath","value":"//td[@aria-colindex=\"1\"]/div/div[contains(@class, \"sapMCbBg\")]"}
RESULT: {"using":"xpath","value":"//td[@aria-colindex=\"1\"]/div/div[contains(@class, \"sapMCbBg\")]"}
COMMAND: POST /session/9d48326ae870b5d3a573a2f725ac1bbc/elements - {"using":"xpath","value":"//td[@aria-colindex=\"1\"]/div/div[contains(@class, \"sapMCbBg\")]"}
RESULT: {"using":"xpath","value":"//td[@aria-colindex=\"1\"]/div/div[contains(@class, \"sapMCbBg\")]"}
COMMAND: POST /session/9d48326ae870b5d3a573a2f725ac1bbc/elements - {"using":"xpath","value":"//td[@aria-colindex=\"1\"]/div/div[contains(@class, \"sapMCbBg\")]"}
RESULT: {"using":"xpath","value":"//td[@aria-colindex=\"1\"]/div/div[contains(@class, \"sapMCbBg\")]"}
COMMAND: POST /session/9d48326ae870b5d3a573a2f725ac1bbc/elements - {"using":"xpath","value":"//td[@aria-colindex=\"1\"]/div/div[contains(@class, \"sapMCbBg\")]"}
RESULT: {"using":"xpath","value":"//td[@aria-colindex=\"1\"]/div/div[contains(@class, \"sapMCbBg\")]"}
COMMAND: POST /session/9d48326ae870b5d3a573a2f725ac1bbc/elements - {"using":"xpath","value":"//td[@aria-colindex=\"1\"]/div/div[contains(@class, \"sapMCbBg\")]"}
RESULT: {"using":"xpath","value":"//td[@aria-colindex=\"1\"]/div/div[contains(@class, \"sapMCbBg\")]"}
COMMAND: POST /session/9d48326ae870b5d3a573a2f725ac1bbc/elements - {"using":"xpath","value":"//td[@aria-colindex=\"1\"]/div/div[contains(@class, \"sapMCbBg\")]"}
RESULT: {"using":"xpath","value":"//td[@aria-colindex=\"1\"]/div/div[contains(@class, \"sapMCbBg\")]"}
COMMAND: POST /session/9d48326ae870b5d3a573a2f725ac1bbc/elements - {"using":"xpath","value":"//td[@aria-colindex=\"1\"]/div/div[contains(@class, \"sapMCbBg\")]"}
RESULT: {"using":"xpath","value":"//td[@aria-colindex=\"1\"]/div/div[contains(@class, \"sapMCbBg\")]"}
COMMAND: POST /session/9d48326ae870b5d3a573a2f725ac1bbc/elements - {"using":"xpath","value":"//td[@aria-colindex=\"1\"]/div/div[contains(@class, \"sapMCbBg\")]"}
RESULT: {"using":"xpath","value":"//td[@aria-colindex=\"1\"]/div/div[contains(@class, \"sapMCbBg\")]"}
COMMAND: POST /session/9d48326ae870b5d3a573a2f725ac1bbc/elements - {"using":"xpath","value":"//td[@aria-colindex=\"1\"]/div/div[contains(@class, \"sapMCbBg\")]"}
RESULT: {"using":"xpath","value":"//td[@aria-colindex=\"1\"]/div/div[contains(@class, \"sapMCbBg\")]"}
COMMAND: POST /session/9d48326ae870b5d3a573a2f725ac1bbc/elements - {"using":"xpath","value":"//td[@aria-colindex=\"1\"]/div/div[contains(@class, \"sapMCbBg\")]"}
RESULT: {"using":"xpath","value":"//td[@aria-colindex=\"1\"]/div/div[contains(@class, \"sapMCbBg\")]"}
COMMAND: POST /session/9d48326ae870b5d3a573a2f725ac1bbc/elements - {"using":"xpath","value":"//td[@aria-colindex=\"1\"]/div/div[contains(@class, \"sapMCbBg\")]"}
RESULT: {"using":"xpath","value":"//td[@aria-colindex=\"1\"]/div/div[contains(@class, \"sapMCbBg\")]"}
COMMAND: POST /session/9d48326ae870b5d3a573a2f725ac1bbc/elements - {"using":"xpath","value":"//td[@aria-colindex=\"1\"]/div/div[contains(@class, \"sapMCbBg\")]"}
RESULT: {"using":"xpath","value":"//td[@aria-colindex=\"1\"]/div/div[contains(@class, \"sapMCbBg\")]"}
COMMAND: POST /session/9d48326ae870b5d3a573a2f725ac1bbc/elements - {"using":"xpath","value":"//td[@aria-colindex=\"1\"]/div/div[contains(@class, \"sapMCbBg\")]"}
RESULT: {"using":"xpath","value":"//td[@aria-colindex=\"1\"]/div/div[contains(@class, \"sapMCbBg\")]"}
COMMAND: POST /session/9d48326ae870b5d3a573a2f725ac1bbc/elements - {"using":"xpath","value":"//td[@aria-colindex=\"1\"]/div/div[contains(@class, \"sapMCbBg\")]"}
RESULT: {"using":"xpath","value":"//td[@aria-colindex=\"1\"]/div/div[contains(@class, \"sapMCbBg\")]"}
COMMAND: POST /session/9d48326ae870b5d3a573a2f725ac1bbc/elements - {"using":"xpath","value":"//td[@aria-colindex=\"1\"]/div/div[contains(@class, \"sapMCbBg\")]"}
RESULT: {"using":"xpath","value":"//td[@aria-colindex=\"1\"]/div/div[contains(@class, \"sapMCbBg\")]"}
COMMAND: POST /session/9d48326ae870b5d3a573a2f725ac1bbc/elements - {"using":"xpath","value":"//td[@aria-colindex=\"1\"]/div/div[contains(@class, \"sapMCbBg\")]"}
RESULT: {"using":"xpath","value":"//td[@aria-colindex=\"1\"]/div/div[contains(@class, \"sapMCbBg\")]"}
COMMAND: POST /session/9d48326ae870b5d3a573a2f725ac1bbc/elements - {"using":"xpath","value":"//td[@aria-colindex=\"1\"]/div/div[contains(@class, \"sapMCbBg\")]"}
RESULT: {"using":"xpath","value":"//td[@aria-colindex=\"1\"]/div/div[contains(@class, \"sapMCbBg\")]"}
COMMAND: POST /session/9d48326ae870b5d3a573a2f725ac1bbc/elements - {"using":"xpath","value":"//td[@aria-colindex=\"1\"]/div/div[contains(@class, \"sapMCbBg\")]"}
RESULT: {"using":"xpath","value":"//td[@aria-colindex=\"1\"]/div/div[contains(@class, \"sapMCbBg\")]"}
COMMAND: POST /session/9d48326ae870b5d3a573a2f725ac1bbc/elements - {"using":"xpath","value":"//td[@aria-colindex=\"1\"]/div/div[contains(@class, \"sapMCbBg\")]"}
RESULT: {"using":"xpath","value":"//td[@aria-colindex=\"1\"]/div/div[contains(@class, \"sapMCbBg\")]"}
COMMAND: POST /session/9d48326ae870b5d3a573a2f725ac1bbc/elements - {"using":"xpath","value":"//td[@aria-colindex=\"1\"]/div/div[contains(@class, \"sapMCbBg\")]"}
RESULT: {"using":"xpath","value":"//td[@aria-colindex=\"1\"]/div/div[contains(@class, \"sapMCbBg\")]"}
COMMAND: POST /session/9d48326ae870b5d3a573a2f725ac1bbc/elements - {"using":"xpath","value":"//td[@aria-colindex=\"1\"]/div/div[contains(@class, \"sapMCbBg\")]"}
RESULT: {"using":"xpath","value":"//td[@aria-colindex=\"1\"]/div/div[contains(@class, \"sapMCbBg\")]"}
COMMAND: POST /session/9d48326ae870b5d3a573a2f725ac1bbc/elements - {"using":"xpath","value":"//td[@aria-colindex=\"1\"]/div/div[contains(@class, \"sapMCbBg\")]"}
RESULT: {"using":"xpath","value":"//td[@aria-colindex=\"1\"]/div/div[contains(@class, \"sapMCbBg\")]"}
COMMAND: POST /session/9d48326ae870b5d3a573a2f725ac1bbc/elements - {"using":"xpath","value":"//td[@aria-colindex=\"1\"]/div/div[contains(@class, \"sapMCbBg\")]"}
RESULT: {"using":"xpath","value":"//td[@aria-colindex=\"1\"]/div/div[contains(@class, \"sapMCbBg\")]"}
COMMAND: POST /session/9d48326ae870b5d3a573a2f725ac1bbc/elements - {"using":"xpath","value":"//td[@aria-colindex=\"1\"]/div/div[contains(@class, \"sapMCbBg\")]"}
RESULT: {"using":"xpath","value":"//td[@aria-colindex=\"1\"]/div/div[contains(@class, \"sapMCbBg\")]"}
COMMAND: POST /session/9d48326ae870b5d3a573a2f725ac1bbc/elements - {"using":"xpath","value":"//td[@aria-colindex=\"1\"]/div/div[contains(@class, \"sapMCbBg\")]"}
RESULT: {"using":"xpath","value":"//td[@aria-colindex=\"1\"]/div/div[contains(@class, \"sapMCbBg\")]"}
COMMAND: POST /session/9d48326ae870b5d3a573a2f725ac1bbc/elements - {"using":"xpath","value":"//td[@aria-colindex=\"1\"]/div/div[contains(@class, \"sapMCbBg\")]"}
RESULT: {"using":"xpath","value":"//td[@aria-colindex=\"1\"]/div/div[contains(@class, \"sapMCbBg\")]"}
COMMAND: POST /session/9d48326ae870b5d3a573a2f725ac1bbc/elements - {"using":"xpath","value":"//td[@aria-colindex=\"1\"]/div/div[contains(@class, \"sapMCbBg\")]"}
RESULT: {"using":"xpath","value":"//td[@aria-colindex=\"1\"]/div/div[contains(@class, \"sapMCbBg\")]"}
COMMAND: POST /session/9d48326ae870b5d3a573a2f725ac1bbc/elements - {"using":"xpath","value":"//td[@aria-colindex=\"1\"]/div/div[contains(@class, \"sapMCbBg\")]"}
RESULT: {"using":"xpath","value":"//td[@aria-colindex=\"1\"]/div/div[contains(@class, \"sapMCbBg\")]"}
COMMAND: POST /session/9d48326ae870b5d3a573a2f725ac1bbc/elements - {"using":"xpath","value":"//td[@aria-colindex=\"1\"]/div/div[contains(@class, \"sapMCbBg\")]"}
RESULT: {"using":"xpath","value":"//td[@aria-colindex=\"1\"]/div/div[contains(@class, \"sapMCbBg\")]"}
COMMAND: POST /session/9d48326ae870b5d3a573a2f725ac1bbc/elements - {"using":"xpath","value":"//td[@aria-colindex=\"1\"]/div/div[contains(@class, \"sapMCbBg\")]"}
RESULT: {"using":"xpath","value":"//td[@aria-colindex=\"1\"]/div/div[contains(@class, \"sapMCbBg\")]"}
COMMAND: POST /session/9d48326ae870b5d3a573a2f725ac1bbc/elements - {"using":"xpath","value":"//td[@aria-colindex=\"1\"]/div/div[contains(@class, \"sapMCbBg\")]"}
RESULT: {"using":"xpath","value":"//td[@aria-colindex=\"1\"]/div/div[contains(@class, \"sapMCbBg\")]"}
COMMAND: POST /session/9d48326ae870b5d3a573a2f725ac1bbc/elements - {"using":"xpath","value":"//td[@aria-colindex=\"1\"]/div/div[contains(@class, \"sapMCbBg\")]"}
RESULT: {"using":"xpath","value":"//td[@aria-colindex=\"1\"]/div/div[contains(@class, \"sapMCbBg\")]"}
COMMAND: POST /session/9d48326ae870b5d3a573a2f725ac1bbc/elements - {"using":"xpath","value":"//td[@aria-colindex=\"1\"]/div/div[contains(@class, \"sapMCbBg\")]"}
RESULT: {"using":"xpath","value":"//td[@aria-colindex=\"1\"]/div/div[contains(@class, \"sapMCbBg\")]"}
COMMAND: POST /session/9d48326ae870b5d3a573a2f725ac1bbc/elements - {"using":"xpath","value":"//td[@aria-colindex=\"1\"]/div/div[contains(@class, \"sapMCbBg\")]"}
RESULT: {"using":"xpath","value":"//td[@aria-colindex=\"1\"]/div/div[contains(@class, \"sapMCbBg\")]"}
COMMAND: POST /session/9d48326ae870b5d3a573a2f725ac1bbc/elements - {"using":"xpath","value":"//td[@aria-colindex=\"1\"]/div/div[contains(@class, \"sapMCbBg\")]"}
RESULT: {"using":"xpath","value":"//td[@aria-colindex=\"1\"]/div/div[contains(@class, \"sapMCbBg\")]"}
COMMAND: POST /session/9d48326ae870b5d3a573a2f725ac1bbc/elements - {"using":"xpath","value":"//td[@aria-colindex=\"1\"]/div/div[contains(@class, \"sapMCbBg\")]"}
RESULT: {"using":"xpath","value":"//td[@aria-colindex=\"1\"]/div/div[contains(@class, \"sapMCbBg\")]"}
COMMAND: POST /session/9d48326ae870b5d3a573a2f725ac1bbc/elements - {"using":"xpath","value":"//td[@aria-colindex=\"1\"]/div/div[contains(@class, \"sapMCbBg\")]"}
RESULT: {"using":"xpath","value":"//td[@aria-colindex=\"1\"]/div/div[contains(@class, \"sapMCbBg\")]"}
COMMAND: POST /session/9d48326ae870b5d3a573a2f725ac1bbc/elements - {"using":"xpath","value":"//td[@aria-colindex=\"1\"]/div/div[contains(@class, \"sapMCbBg\")]"}
RESULT: {"using":"xpath","value":"//td[@aria-colindex=\"1\"]/div/div[contains(@class, \"sapMCbBg\")]"}
COMMAND: POST /session/9d48326ae870b5d3a573a2f725ac1bbc/elements - {"using":"xpath","value":"//td[@aria-colindex=\"1\"]/div/div[contains(@class, \"sapMCbBg\")]"}
RESULT: {"using":"xpath","value":"//td[@aria-colindex=\"1\"]/div/div[contains(@class, \"sapMCbBg\")]"}
COMMAND: POST /session/9d48326ae870b5d3a573a2f725ac1bbc/elements - {"using":"xpath","value":"//td[@aria-colindex=\"1\"]/div/div[contains(@class, \"sapMCbBg\")]"}
RESULT: {"using":"xpath","value":"//td[@aria-colindex=\"1\"]/div/div[contains(@class, \"sapMCbBg\")]"}
COMMAND: POST /session/9d48326ae870b5d3a573a2f725ac1bbc/elements - {"using":"xpath","value":"//td[@aria-colindex=\"1\"]/div/div[contains(@class, \"sapMCbBg\")]"}
RESULT: {"using":"xpath","value":"//td[@aria-colindex=\"1\"]/div/div[contains(@class, \"sapMCbBg\")]"}
COMMAND: POST /session/9d48326ae870b5d3a573a2f725ac1bbc/elements - {"using":"xpath","value":"//td[@aria-colindex=\"1\"]/div/div[contains(@class, \"sapMCbBg\")]"}
RESULT: {"using":"xpath","value":"//td[@aria-colindex=\"1\"]/div/div[contains(@class, \"sapMCbBg\")]"}
COMMAND: POST /session/9d48326ae870b5d3a573a2f725ac1bbc/elements - {"using":"xpath","value":"//td[@aria-colindex=\"1\"]/div/div[contains(@class, \"sapMCbBg\")]"}
RESULT: {"using":"xpath","value":"//td[@aria-colindex=\"1\"]/div/div[contains(@class, \"sapMCbBg\")]"}
COMMAND: POST /session/9d48326ae870b5d3a573a2f725ac1bbc/elements - {"using":"xpath","value":"//td[@aria-colindex=\"1\"]/div/div[contains(@class, \"sapMCbBg\")]"}
RESULT: {"using":"xpath","value":"//td[@aria-colindex=\"1\"]/div/div[contains(@class, \"sapMCbBg\")]"}
COMMAND: POST /session/9d48326ae870b5d3a573a2f725ac1bbc/elements - {"using":"xpath","value":"//td[@aria-colindex=\"1\"]/div/div[contains(@class, \"sapMCbBg\")]"}
RESULT: {"using":"xpath","value":"//td[@aria-colindex=\"1\"]/div/div[contains(@class, \"sapMCbBg\")]"}
COMMAND: POST /session/9d48326ae870b5d3a573a2f725ac1bbc/elements - {"using":"xpath","value":"//td[@aria-colindex=\"1\"]/div/div[contains(@class, \"sapMCbBg\")]"}
RESULT: {"using":"xpath","value":"//td[@aria-colindex=\"1\"]/div/div[contains(@class, \"sapMCbBg\")]"}
COMMAND: POST /session/9d48326ae870b5d3a573a2f725ac1bbc/elements - {"using":"xpath","value":"//td[@aria-colindex=\"1\"]/div/div[contains(@class, \"sapMCbBg\")]"}
RESULT: {"using":"xpath","value":"//td[@aria-colindex=\"1\"]/div/div[contains(@class, \"sapMCbBg\")]"}
COMMAND: POST /session/9d48326ae870b5d3a573a2f725ac1bbc/elements - {"using":"xpath","value":"//td[@aria-colindex=\"1\"]/div/div[contains(@class, \"sapMCbBg\")]"}
RESULT: {"using":"xpath","value":"//td[@aria-colindex=\"1\"]/div/div[contains(@class, \"sapMCbBg\")]"}
COMMAND: POST /session/9d48326ae870b5d3a573a2f725ac1bbc/elements - {"using":"xpath","value":"//td[@aria-colindex=\"1\"]/div/div[contains(@class, \"sapMCbBg\")]"}
RESULT: {"using":"xpath","value":"//td[@aria-colindex=\"1\"]/div/div[contains(@class, \"sapMCbBg\")]"}
COMMAND: POST /session/9d48326ae870b5d3a573a2f725ac1bbc/elements - {"using":"xpath","value":"//td[@aria-colindex=\"1\"]/div/div[contains(@class, \"sapMCbBg\")]"}
RESULT: {"using":"xpath","value":"//td[@aria-colindex=\"1\"]/div/div[contains(@class, \"sapMCbBg\")]"}
COMMAND: POST /session/9d48326ae870b5d3a573a2f725ac1bbc/elements - {"using":"xpath","value":"//td[@aria-colindex=\"1\"]/div/div[contains(@class, \"sapMCbBg\")]"}
RESULT: {"using":"xpath","value":"//td[@aria-colindex=\"1\"]/div/div[contains(@class, \"sapMCbBg\")]"}
COMMAND: POST /session/9d48326ae870b5d3a573a2f725ac1bbc/elements - {"using":"xpath","value":"//td[@aria-colindex=\"1\"]/div/div[contains(@class, \"sapMCbBg\")]"}
RESULT: {"using":"xpath","value":"//td[@aria-colindex=\"1\"]/div/div[contains(@class, \"sapMCbBg\")]"}
COMMAND: POST /session/9d48326ae870b5d3a573a2f725ac1bbc/elements - {"using":"xpath","value":"//td[@aria-colindex=\"1\"]/div/div[contains(@class, \"sapMCbBg\")]"}
RESULT: {"using":"xpath","value":"//td[@aria-colindex=\"1\"]/div/div[contains(@class, \"sapMCbBg\")]"}
COMMAND: POST /session/9d48326ae870b5d3a573a2f725ac1bbc/elements - {"using":"xpath","value":"//td[@aria-colindex=\"1\"]/div/div[contains(@class, \"sapMCbBg\")]"}
RESULT: {"using":"xpath","value":"//td[@aria-colindex=\"1\"]/div/div[contains(@class, \"sapMCbBg\")]"}
COMMAND: POST /session/9d48326ae870b5d3a573a2f725ac1bbc/elements - {"using":"xpath","value":"//td[@aria-colindex=\"1\"]/div/div[contains(@class, \"sapMCbBg\")]"}
RESULT: {"using":"xpath","value":"//td[@aria-colindex=\"1\"]/div/div[contains(@class, \"sapMCbBg\")]"}
COMMAND: POST /session/9d48326ae870b5d3a573a2f725ac1bbc/elements - {"using":"xpath","value":"//td[@aria-colindex=\"1\"]/div/div[contains(@class, \"sapMCbBg\")]"}
RESULT: {"using":"xpath","value":"//td[@aria-colindex=\"1\"]/div/div[contains(@class, \"sapMCbBg\")]"}
COMMAND: POST /session/9d48326ae870b5d3a573a2f725ac1bbc/elements - {"using":"xpath","value":"//td[@aria-colindex=\"1\"]/div/div[contains(@class, \"sapMCbBg\")]"}
RESULT: {"using":"xpath","value":"//td[@aria-colindex=\"1\"]/div/div[contains(@class, \"sapMCbBg\")]"}
COMMAND: POST /session/9d48326ae870b5d3a573a2f725ac1bbc/elements - {"using":"xpath","value":"//td[@aria-colindex=\"1\"]/div/div[contains(@class, \"sapMCbBg\")]"}
RESULT: {"using":"xpath","value":"//td[@aria-colindex=\"1\"]/div/div[contains(@class, \"sapMCbBg\")]"}
COMMAND: POST /session/9d48326ae870b5d3a573a2f725ac1bbc/elements - {"using":"xpath","value":"//td[@aria-colindex=\"1\"]/div/div[contains(@class, \"sapMCbBg\")]"}
RESULT: {"using":"xpath","value":"//td[@aria-colindex=\"1\"]/div/div[contains(@class, \"sapMCbBg\")]"}
COMMAND: POST /session/9d48326ae870b5d3a573a2f725ac1bbc/elements - {"using":"xpath","value":"//td[@aria-colindex=\"1\"]/div/div[contains(@class, \"sapMCbBg\")]"}
RESULT: {"using":"xpath","value":"//td[@aria-colindex=\"1\"]/div/div[contains(@class, \"sapMCbBg\")]"}
COMMAND: POST /session/9d48326ae870b5d3a573a2f725ac1bbc/elements - {"using":"xpath","value":"//td[@aria-colindex=\"1\"]/div/div[contains(@class, \"sapMCbBg\")]"}
RESULT: {"using":"xpath","value":"//td[@aria-colindex=\"1\"]/div/div[contains(@class, \"sapMCbBg\")]"}
COMMAND: POST /session/9d48326ae870b5d3a573a2f725ac1bbc/elements - {"using":"xpath","value":"//td[@aria-colindex=\"1\"]/div/div[contains(@class, \"sapMCbBg\")]"}
RESULT: {"using":"xpath","value":"//td[@aria-colindex=\"1\"]/div/div[contains(@class, \"sapMCbBg\")]"}
COMMAND: POST /session/9d48326ae870b5d3a573a2f725ac1bbc/elements - {"using":"xpath","value":"//td[@aria-colindex=\"1\"]/div/div[contains(@class, \"sapMCbBg\")]"}
RESULT: {"using":"xpath","value":"//td[@aria-colindex=\"1\"]/div/div[contains(@class, \"sapMCbBg\")]"}
COMMAND: POST /session/9d48326ae870b5d3a573a2f725ac1bbc/elements - {"using":"xpath","value":"//td[@aria-colindex=\"1\"]/div/div[contains(@class, \"sapMCbBg\")]"}
RESULT: {"using":"xpath","value":"//td[@aria-colindex=\"1\"]/div/div[contains(@class, \"sapMCbBg\")]"}
COMMAND: POST /session/9d48326ae870b5d3a573a2f725ac1bbc/elements - {"using":"xpath","value":"//td[@aria-colindex=\"1\"]/div/div[contains(@class, \"sapMCbBg\")]"}
RESULT: {"using":"xpath","value":"//td[@aria-colindex=\"1\"]/div/div[contains(@class, \"sapMCbBg\")]"}
COMMAND: POST /session/9d48326ae870b5d3a573a2f725ac1bbc/elements - {"using":"xpath","value":"//td[@aria-colindex=\"1\"]/div/div[contains(@class, \"sapMCbBg\")]"}
RESULT: {"using":"xpath","value":"//td[@aria-colindex=\"1\"]/div/div[contains(@class, \"sapMCbBg\")]"}
COMMAND: POST /session/9d48326ae870b5d3a573a2f725ac1bbc/elements - {"using":"xpath","value":"//td[@aria-colindex=\"1\"]/div/div[contains(@class, \"sapMCbBg\")]"}
RESULT: {"using":"xpath","value":"//td[@aria-colindex=\"1\"]/div/div[contains(@class, \"sapMCbBg\")]"}
COMMAND: POST /session/9d48326ae870b5d3a573a2f725ac1bbc/elements - {"using":"xpath","value":"//td[@aria-colindex=\"1\"]/div/div[contains(@class, \"sapMCbBg\")]"}
RESULT: {"using":"xpath","value":"//td[@aria-colindex=\"1\"]/div/div[contains(@class, \"sapMCbBg\")]"}
COMMAND: POST /session/9d48326ae870b5d3a573a2f725ac1bbc/elements - {"using":"xpath","value":"//td[@aria-colindex=\"1\"]/div/div[contains(@class, \"sapMCbBg\")]"}
RESULT: {"using":"xpath","value":"//td[@aria-colindex=\"1\"]/div/div[contains(@class, \"sapMCbBg\")]"}
COMMAND: POST /session/9d48326ae870b5d3a573a2f725ac1bbc/elements - {"using":"xpath","value":"//td[@aria-colindex=\"1\"]/div/div[contains(@class, \"sapMCbBg\")]"}
RESULT: {"using":"xpath","value":"//td[@aria-colindex=\"1\"]/div/div[contains(@class, \"sapMCbBg\")]"}
COMMAND: POST /session/9d48326ae870b5d3a573a2f725ac1bbc/elements - {"using":"xpath","value":"//td[@aria-colindex=\"1\"]/div/div[contains(@class, \"sapMCbBg\")]"}
RESULT: {"using":"xpath","value":"//td[@aria-colindex=\"1\"]/div/div[contains(@class, \"sapMCbBg\")]"}
COMMAND: POST /session/9d48326ae870b5d3a573a2f725ac1bbc/elements - {"using":"xpath","value":"//td[@aria-colindex=\"1\"]/div/div[contains(@class, \"sapMCbBg\")]"}
RESULT: {"using":"xpath","value":"//td[@aria-colindex=\"1\"]/div/div[contains(@class, \"sapMCbBg\")]"}
COMMAND: POST /session/9d48326ae870b5d3a573a2f725ac1bbc/elements - {"using":"xpath","value":"//td[@aria-colindex=\"1\"]/div/div[contains(@class, \"sapMCbBg\")]"}
RESULT: {"using":"xpath","value":"//td[@aria-colindex=\"1\"]/div/div[contains(@class, \"sapMCbBg\")]"}
COMMAND: POST /session/9d48326ae870b5d3a573a2f725ac1bbc/elements - {"using":"xpath","value":"//td[@aria-colindex=\"1\"]/div/div[contains(@class, \"sapMCbBg\")]"}
RESULT: {"using":"xpath","value":"//td[@aria-colindex=\"1\"]/div/div[contains(@class, \"sapMCbBg\")]"}
COMMAND: POST /session/9d48326ae870b5d3a573a2f725ac1bbc/elements - {"using":"xpath","value":"//td[@aria-colindex=\"1\"]/div/div[contains(@class, \"sapMCbBg\")]"}
RESULT: {"using":"xpath","value":"//td[@aria-colindex=\"1\"]/div/div[contains(@class, \"sapMCbBg\")]"}
COMMAND: POST /session/9d48326ae870b5d3a573a2f725ac1bbc/elements - {"using":"xpath","value":"//td[@aria-colindex=\"1\"]/div/div[contains(@class, \"sapMCbBg\")]"}
RESULT: {"using":"xpath","value":"//td[@aria-colindex=\"1\"]/div/div[contains(@class, \"sapMCbBg\")]"}
COMMAND: POST /session/9d48326ae870b5d3a573a2f725ac1bbc/elements - {"using":"xpath","value":"//td[@aria-colindex=\"1\"]/div/div[contains(@class, \"sapMCbBg\")]"}
RESULT: {"using":"xpath","value":"//td[@aria-colindex=\"1\"]/div/div[contains(@class, \"sapMCbBg\")]"}
COMMAND: POST /session/9d48326ae870b5d3a573a2f725ac1bbc/elements - {"using":"xpath","value":"//td[@aria-colindex=\"1\"]/div/div[contains(@class, \"sapMCbBg\")]"}
RESULT: {"using":"xpath","value":"//td[@aria-colindex=\"1\"]/div/div[contains(@class, \"sapMCbBg\")]"}
COMMAND: POST /session/9d48326ae870b5d3a573a2f725ac1bbc/elements - {"using":"xpath","value":"//td[@aria-colindex=\"1\"]/div/div[contains(@class, \"sapMCbBg\")]"}
RESULT: {"using":"xpath","value":"//td[@aria-colindex=\"1\"]/div/div[contains(@class, \"sapMCbBg\")]"}
COMMAND: POST /session/9d48326ae870b5d3a573a2f725ac1bbc/elements - {"using":"xpath","value":"//td[@aria-colindex=\"1\"]/div/div[contains(@class, \"sapMCbBg\")]"}
RESULT: {"using":"xpath","value":"//td[@aria-colindex=\"1\"]/div/div[contains(@class, \"sapMCbBg\")]"}
COMMAND: POST /session/9d48326ae870b5d3a573a2f725ac1bbc/elements - {"using":"xpath","value":"//td[@aria-colindex=\"1\"]/div/div[contains(@class, \"sapMCbBg\")]"}
RESULT: {"using":"xpath","value":"//td[@aria-colindex=\"1\"]/div/div[contains(@class, \"sapMCbBg\")]"}
COMMAND: POST /session/9d48326ae870b5d3a573a2f725ac1bbc/elements - {"using":"xpath","value":"//td[@aria-colindex=\"1\"]/div/div[contains(@class, \"sapMCbBg\")]"}
RESULT: {"using":"xpath","value":"//td[@aria-colindex=\"1\"]/div/div[contains(@class, \"sapMCbBg\")]"}
COMMAND: POST /session/9d48326ae870b5d3a573a2f725ac1bbc/elements - {"using":"xpath","value":"//td[@aria-colindex=\"1\"]/div/div[contains(@class, \"sapMCbBg\")]"}
RESULT: {"using":"xpath","value":"//td[@aria-colindex=\"1\"]/div/div[contains(@class, \"sapMCbBg\")]"}
COMMAND: POST /session/9d48326ae870b5d3a573a2f725ac1bbc/elements - {"using":"xpath","value":"//td[@aria-colindex=\"1\"]/div/div[contains(@class, \"sapMCbBg\")]"}
RESULT: {"using":"xpath","value":"//td[@aria-colindex=\"1\"]/div/div[contains(@class, \"sapMCbBg\")]"}
COMMAND: POST /session/9d48326ae870b5d3a573a2f725ac1bbc/elements - {"using":"xpath","value":"//td[@aria-colindex=\"1\"]/div/div[contains(@class, \"sapMCbBg\")]"}
RESULT: {"using":"xpath","value":"//td[@aria-colindex=\"1\"]/div/div[contains(@class, \"sapMCbBg\")]"}
COMMAND: POST /session/9d48326ae870b5d3a573a2f725ac1bbc/elements - {"using":"xpath","value":"//td[@aria-colindex=\"1\"]/div/div[contains(@class, \"sapMCbBg\")]"}
RESULT: {"using":"xpath","value":"//td[@aria-colindex=\"1\"]/div/div[contains(@class, \"sapMCbBg\")]"}
COMMAND: POST /session/9d48326ae870b5d3a573a2f725ac1bbc/elements - {"using":"xpath","value":"//td[@aria-colindex=\"1\"]/div/div[contains(@class, \"sapMCbBg\")]"}
RESULT: {"using":"xpath","value":"//td[@aria-colindex=\"1\"]/div/div[contains(@class, \"sapMCbBg\")]"}
COMMAND: POST /session/9d48326ae870b5d3a573a2f725ac1bbc/elements - {"using":"xpath","value":"//td[@aria-colindex=\"1\"]/div/div[contains(@class, \"sapMCbBg\")]"}
RESULT: {"using":"xpath","value":"//td[@aria-colindex=\"1\"]/div/div[contains(@class, \"sapMCbBg\")]"}
COMMAND: POST /session/9d48326ae870b5d3a573a2f725ac1bbc/elements - {"using":"xpath","value":"//td[@aria-colindex=\"1\"]/div/div[contains(@class, \"sapMCbBg\")]"}
RESULT: {"using":"xpath","value":"//td[@aria-colindex=\"1\"]/div/div[contains(@class, \"sapMCbBg\")]"}
COMMAND: POST /session/9d48326ae870b5d3a573a2f725ac1bbc/elements - {"using":"xpath","value":"//td[@aria-colindex=\"1\"]/div/div[contains(@class, \"sapMCbBg\")]"}
RESULT: {"using":"xpath","value":"//td[@aria-colindex=\"1\"]/div/div[contains(@class, \"sapMCbBg\")]"}
COMMAND: POST /session/9d48326ae870b5d3a573a2f725ac1bbc/elements - {"using":"xpath","value":"//td[@aria-colindex=\"1\"]/div/div[contains(@class, \"sapMCbBg\")]"}
RESULT: {"using":"xpath","value":"//td[@aria-colindex=\"1\"]/div/div[contains(@class, \"sapMCbBg\")]"}
COMMAND: POST /session/9d48326ae870b5d3a573a2f725ac1bbc/elements - {"using":"xpath","value":"//td[@aria-colindex=\"1\"]/div/div[contains(@class, \"sapMCbBg\")]"}
RESULT: {"using":"xpath","value":"//td[@aria-colindex=\"1\"]/div/div[contains(@class, \"sapMCbBg\")]"}
COMMAND: POST /session/9d48326ae870b5d3a573a2f725ac1bbc/elements - {"using":"xpath","value":"//td[@aria-colindex=\"1\"]/div/div[contains(@class, \"sapMCbBg\")]"}
RESULT: {"using":"xpath","value":"//td[@aria-colindex=\"1\"]/div/div[contains(@class, \"sapMCbBg\")]"}
COMMAND: POST /session/9d48326ae870b5d3a573a2f725ac1bbc/elements - {"using":"xpath","value":"//td[@aria-colindex=\"1\"]/div/div[contains(@class, \"sapMCbBg\")]"}
RESULT: {"using":"xpath","value":"//td[@aria-colindex=\"1\"]/div/div[contains(@class, \"sapMCbBg\")]"}
COMMAND: POST /session/9d48326ae870b5d3a573a2f725ac1bbc/elements - {"using":"xpath","value":"//td[@aria-colindex=\"1\"]/div/div[contains(@class, \"sapMCbBg\")]"}
RESULT: {"using":"xpath","value":"//td[@aria-colindex=\"1\"]/div/div[contains(@class, \"sapMCbBg\")]"}
COMMAND: POST /session/9d48326ae870b5d3a573a2f725ac1bbc/elements - {"using":"xpath","value":"//td[@aria-colindex=\"1\"]/div/div[contains(@class, \"sapMCbBg\")]"}
RESULT: {"using":"xpath","value":"//td[@aria-colindex=\"1\"]/div/div[contains(@class, \"sapMCbBg\")]"}
COMMAND: POST /session/9d48326ae870b5d3a573a2f725ac1bbc/elements - {"using":"xpath","value":"//td[@aria-colindex=\"1\"]/div/div[contains(@class, \"sapMCbBg\")]"}
RESULT: {"using":"xpath","value":"//td[@aria-colindex=\"1\"]/div/div[contains(@class, \"sapMCbBg\")]"}
COMMAND: POST /session/9d48326ae870b5d3a573a2f725ac1bbc/elements - {"using":"xpath","value":"//td[@aria-colindex=\"1\"]/div/div[contains(@class, \"sapMCbBg\")]"}
RESULT: {"using":"xpath","value":"//td[@aria-colindex=\"1\"]/div/div[contains(@class, \"sapMCbBg\")]"}
COMMAND: POST /session/9d48326ae870b5d3a573a2f725ac1bbc/elements - {"using":"xpath","value":"//td[@aria-colindex=\"1\"]/div/div[contains(@class, \"sapMCbBg\")]"}
RESULT: {"using":"xpath","value":"//td[@aria-colindex=\"1\"]/div/div[contains(@class, \"sapMCbBg\")]"}
COMMAND: POST /session/9d48326ae870b5d3a573a2f725ac1bbc/elements - {"using":"xpath","value":"//td[@aria-colindex=\"1\"]/div/div[contains(@class, \"sapMCbBg\")]"}
RESULT: {"using":"xpath","value":"//td[@aria-colindex=\"1\"]/div/div[contains(@class, \"sapMCbBg\")]"}
COMMAND: POST /session/9d48326ae870b5d3a573a2f725ac1bbc/elements - {"using":"xpath","value":"//td[@aria-colindex=\"1\"]/div/div[contains(@class, \"sapMCbBg\")]"}
RESULT: {"using":"xpath","value":"//td[@aria-colindex=\"1\"]/div/div[contains(@class, \"sapMCbBg\")]"}
COMMAND: POST /session/9d48326ae870b5d3a573a2f725ac1bbc/elements - {"using":"xpath","value":"//td[@aria-colindex=\"1\"]/div/div[contains(@class, \"sapMCbBg\")]"}
RESULT: {"using":"xpath","value":"//td[@aria-colindex=\"1\"]/div/div[contains(@class, \"sapMCbBg\")]"}
COMMAND: POST /session/9d48326ae870b5d3a573a2f725ac1bbc/elements - {"using":"xpath","value":"//td[@aria-colindex=\"1\"]/div/div[contains(@class, \"sapMCbBg\")]"}
RESULT: {"using":"xpath","value":"//td[@aria-colindex=\"1\"]/div/div[contains(@class, \"sapMCbBg\")]"}
COMMAND: POST /session/9d48326ae870b5d3a573a2f725ac1bbc/elements - {"using":"xpath","value":"//td[@aria-colindex=\"1\"]/div/div[contains(@class, \"sapMCbBg\")]"}
RESULT: {"using":"xpath","value":"//td[@aria-colindex=\"1\"]/div/div[contains(@class, \"sapMCbBg\")]"}
COMMAND: POST /session/9d48326ae870b5d3a573a2f725ac1bbc/elements - {"using":"xpath","value":"//td[@aria-colindex=\"1\"]/div/div[contains(@class, \"sapMCbBg\")]"}
RESULT: {"using":"xpath","value":"//td[@aria-colindex=\"1\"]/div/div[contains(@class, \"sapMCbBg\")]"}
COMMAND: POST /session/9d48326ae870b5d3a573a2f725ac1bbc/elements - {"using":"xpath","value":"//td[@aria-colindex=\"1\"]/div/div[contains(@class, \"sapMCbBg\")]"}
RESULT: {"using":"xpath","value":"//td[@aria-colindex=\"1\"]/div/div[contains(@class, \"sapMCbBg\")]"}
COMMAND: POST /session/9d48326ae870b5d3a573a2f725ac1bbc/elements - {"using":"xpath","value":"//td[@aria-colindex=\"1\"]/div/div[contains(@class, \"sapMCbBg\")]"}
COMMAND: GET /session/9d48326ae870b5d3a573a2f725ac1bbc/screenshot - {}
RESULT: {"using":"xpath","value":"//td[@aria-colindex=\"1\"]/div/div[contains(@class, \"sapMCbBg\")]"}
RESULT: {}
]]></system-out>
      <system-err><![CDATA[
Error: Can't call click on element with selector "//td[@aria-colindex="1"]/div/div[contains(@class, "sapMCbBg")]" because element wasn't found
    at async UtilsPrerequisites.manageBillingsTriggerCalculation (D:\a\1\s\test\specs\BTS\prerequisites-and-utils-functions.js:2750:9)
    at async Context.<anonymous> (D:\a\1\s\test\specs\BTS\billing-transfer.spec.js:75:9)
]]></system-err>
    </testcase>
    <testcase classname="chrome.136_0_7103_93.windows.Billing_transfer_US117289" name="Should trigger Billing Transfer process all the way to completion" time="56.338">
      <failure/>
      <error message="element (&quot;//input[contains(@id ,&quot;application-billingtransfer-display-component---billingWorkbench--smartFilterBar-btnBasicSearch&quot;)]&quot;) still not existing after 45000ms"/>
      <system-out><![CDATA[
COMMAND: POST /session/9d48326ae870b5d3a573a2f725ac1bbc/execute/async - {"script":"<script> [1562 bytes]","args":[{"selector":{"controlType":"sap.m.GenericTile","properties":{"header":"Billing Transfer"}},"wdio_ui5_key":"sapm.GenericTile{\"header\":\"Billing Transfer\"}"}]}
COMMAND: GET /session/9d48326ae870b5d3a573a2f725ac1bbc/screenshot - {}
RESULT: {"script":"<script> [1562 bytes]","args":[{"selector":{"controlType":"sap.m.GenericTile","properties":{"header":"Billing Transfer"}},"wdio_ui5_key":"sapm.GenericTile{\"header\":\"Billing Transfer\"}"}]}
RESULT: undefined
RESULT: {}
COMMAND: POST /session/9d48326ae870b5d3a573a2f725ac1bbc/elements - {"using":"xpath","value":"//span[text()='Error']"}
RESULT: {"using":"xpath","value":"//span[text()='Error']"}
COMMAND: POST /session/9d48326ae870b5d3a573a2f725ac1bbc/element - {"using":"xpath","value":"//input[contains(@id ,\"application-billingtransfer-display-component---billingWorkbench--smartFilterBar-btnBasicSearch\")]"}
RESULT: {"using":"xpath","value":"//input[contains(@id ,\"application-billingtransfer-display-component---billingWorkbench--smartFilterBar-btnBasicSearch\")]"}
COMMAND: POST /session/9d48326ae870b5d3a573a2f725ac1bbc/elements - {"using":"xpath","value":"//input[contains(@id ,\"application-billingtransfer-display-component---billingWorkbench--smartFilterBar-btnBasicSearch\")]"}
RESULT: {"using":"xpath","value":"//input[contains(@id ,\"application-billingtransfer-display-component---billingWorkbench--smartFilterBar-btnBasicSearch\")]"}
COMMAND: POST /session/9d48326ae870b5d3a573a2f725ac1bbc/elements - {"using":"xpath","value":"//input[contains(@id ,\"application-billingtransfer-display-component---billingWorkbench--smartFilterBar-btnBasicSearch\")]"}
RESULT: {"using":"xpath","value":"//input[contains(@id ,\"application-billingtransfer-display-component---billingWorkbench--smartFilterBar-btnBasicSearch\")]"}
COMMAND: POST /session/9d48326ae870b5d3a573a2f725ac1bbc/elements - {"using":"xpath","value":"//input[contains(@id ,\"application-billingtransfer-display-component---billingWorkbench--smartFilterBar-btnBasicSearch\")]"}
RESULT: {"using":"xpath","value":"//input[contains(@id ,\"application-billingtransfer-display-component---billingWorkbench--smartFilterBar-btnBasicSearch\")]"}
COMMAND: POST /session/9d48326ae870b5d3a573a2f725ac1bbc/elements - {"using":"xpath","value":"//input[contains(@id ,\"application-billingtransfer-display-component---billingWorkbench--smartFilterBar-btnBasicSearch\")]"}
RESULT: {"using":"xpath","value":"//input[contains(@id ,\"application-billingtransfer-display-component---billingWorkbench--smartFilterBar-btnBasicSearch\")]"}
COMMAND: POST /session/9d48326ae870b5d3a573a2f725ac1bbc/elements - {"using":"xpath","value":"//input[contains(@id ,\"application-billingtransfer-display-component---billingWorkbench--smartFilterBar-btnBasicSearch\")]"}
RESULT: {"using":"xpath","value":"//input[contains(@id ,\"application-billingtransfer-display-component---billingWorkbench--smartFilterBar-btnBasicSearch\")]"}
COMMAND: POST /session/9d48326ae870b5d3a573a2f725ac1bbc/elements - {"using":"xpath","value":"//input[contains(@id ,\"application-billingtransfer-display-component---billingWorkbench--smartFilterBar-btnBasicSearch\")]"}
RESULT: {"using":"xpath","value":"//input[contains(@id ,\"application-billingtransfer-display-component---billingWorkbench--smartFilterBar-btnBasicSearch\")]"}
COMMAND: POST /session/9d48326ae870b5d3a573a2f725ac1bbc/elements - {"using":"xpath","value":"//input[contains(@id ,\"application-billingtransfer-display-component---billingWorkbench--smartFilterBar-btnBasicSearch\")]"}
RESULT: {"using":"xpath","value":"//input[contains(@id ,\"application-billingtransfer-display-component---billingWorkbench--smartFilterBar-btnBasicSearch\")]"}
COMMAND: POST /session/9d48326ae870b5d3a573a2f725ac1bbc/elements - {"using":"xpath","value":"//input[contains(@id ,\"application-billingtransfer-display-component---billingWorkbench--smartFilterBar-btnBasicSearch\")]"}
RESULT: {"using":"xpath","value":"//input[contains(@id ,\"application-billingtransfer-display-component---billingWorkbench--smartFilterBar-btnBasicSearch\")]"}
COMMAND: POST /session/9d48326ae870b5d3a573a2f725ac1bbc/elements - {"using":"xpath","value":"//input[contains(@id ,\"application-billingtransfer-display-component---billingWorkbench--smartFilterBar-btnBasicSearch\")]"}
RESULT: {"using":"xpath","value":"//input[contains(@id ,\"application-billingtransfer-display-component---billingWorkbench--smartFilterBar-btnBasicSearch\")]"}
COMMAND: POST /session/9d48326ae870b5d3a573a2f725ac1bbc/elements - {"using":"xpath","value":"//input[contains(@id ,\"application-billingtransfer-display-component---billingWorkbench--smartFilterBar-btnBasicSearch\")]"}
RESULT: {"using":"xpath","value":"//input[contains(@id ,\"application-billingtransfer-display-component---billingWorkbench--smartFilterBar-btnBasicSearch\")]"}
COMMAND: POST /session/9d48326ae870b5d3a573a2f725ac1bbc/elements - {"using":"xpath","value":"//input[contains(@id ,\"application-billingtransfer-display-component---billingWorkbench--smartFilterBar-btnBasicSearch\")]"}
RESULT: {"using":"xpath","value":"//input[contains(@id ,\"application-billingtransfer-display-component---billingWorkbench--smartFilterBar-btnBasicSearch\")]"}
COMMAND: POST /session/9d48326ae870b5d3a573a2f725ac1bbc/elements - {"using":"xpath","value":"//input[contains(@id ,\"application-billingtransfer-display-component---billingWorkbench--smartFilterBar-btnBasicSearch\")]"}
RESULT: {"using":"xpath","value":"//input[contains(@id ,\"application-billingtransfer-display-component---billingWorkbench--smartFilterBar-btnBasicSearch\")]"}
COMMAND: POST /session/9d48326ae870b5d3a573a2f725ac1bbc/elements - {"using":"xpath","value":"//input[contains(@id ,\"application-billingtransfer-display-component---billingWorkbench--smartFilterBar-btnBasicSearch\")]"}
RESULT: {"using":"xpath","value":"//input[contains(@id ,\"application-billingtransfer-display-component---billingWorkbench--smartFilterBar-btnBasicSearch\")]"}
COMMAND: POST /session/9d48326ae870b5d3a573a2f725ac1bbc/elements - {"using":"xpath","value":"//input[contains(@id ,\"application-billingtransfer-display-component---billingWorkbench--smartFilterBar-btnBasicSearch\")]"}
RESULT: {"using":"xpath","value":"//input[contains(@id ,\"application-billingtransfer-display-component---billingWorkbench--smartFilterBar-btnBasicSearch\")]"}
COMMAND: POST /session/9d48326ae870b5d3a573a2f725ac1bbc/elements - {"using":"xpath","value":"//input[contains(@id ,\"application-billingtransfer-display-component---billingWorkbench--smartFilterBar-btnBasicSearch\")]"}
RESULT: {"using":"xpath","value":"//input[contains(@id ,\"application-billingtransfer-display-component---billingWorkbench--smartFilterBar-btnBasicSearch\")]"}
COMMAND: POST /session/9d48326ae870b5d3a573a2f725ac1bbc/elements - {"using":"xpath","value":"//input[contains(@id ,\"application-billingtransfer-display-component---billingWorkbench--smartFilterBar-btnBasicSearch\")]"}
RESULT: {"using":"xpath","value":"//input[contains(@id ,\"application-billingtransfer-display-component---billingWorkbench--smartFilterBar-btnBasicSearch\")]"}
COMMAND: POST /session/9d48326ae870b5d3a573a2f725ac1bbc/elements - {"using":"xpath","value":"//input[contains(@id ,\"application-billingtransfer-display-component---billingWorkbench--smartFilterBar-btnBasicSearch\")]"}
RESULT: {"using":"xpath","value":"//input[contains(@id ,\"application-billingtransfer-display-component---billingWorkbench--smartFilterBar-btnBasicSearch\")]"}
COMMAND: POST /session/9d48326ae870b5d3a573a2f725ac1bbc/elements - {"using":"xpath","value":"//input[contains(@id ,\"application-billingtransfer-display-component---billingWorkbench--smartFilterBar-btnBasicSearch\")]"}
RESULT: {"using":"xpath","value":"//input[contains(@id ,\"application-billingtransfer-display-component---billingWorkbench--smartFilterBar-btnBasicSearch\")]"}
COMMAND: POST /session/9d48326ae870b5d3a573a2f725ac1bbc/elements - {"using":"xpath","value":"//input[contains(@id ,\"application-billingtransfer-display-component---billingWorkbench--smartFilterBar-btnBasicSearch\")]"}
RESULT: {"using":"xpath","value":"//input[contains(@id ,\"application-billingtransfer-display-component---billingWorkbench--smartFilterBar-btnBasicSearch\")]"}
COMMAND: POST /session/9d48326ae870b5d3a573a2f725ac1bbc/elements - {"using":"xpath","value":"//input[contains(@id ,\"application-billingtransfer-display-component---billingWorkbench--smartFilterBar-btnBasicSearch\")]"}
RESULT: {"using":"xpath","value":"//input[contains(@id ,\"application-billingtransfer-display-component---billingWorkbench--smartFilterBar-btnBasicSearch\")]"}
COMMAND: POST /session/9d48326ae870b5d3a573a2f725ac1bbc/elements - {"using":"xpath","value":"//input[contains(@id ,\"application-billingtransfer-display-component---billingWorkbench--smartFilterBar-btnBasicSearch\")]"}
RESULT: {"using":"xpath","value":"//input[contains(@id ,\"application-billingtransfer-display-component---billingWorkbench--smartFilterBar-btnBasicSearch\")]"}
COMMAND: POST /session/9d48326ae870b5d3a573a2f725ac1bbc/elements - {"using":"xpath","value":"//input[contains(@id ,\"application-billingtransfer-display-component---billingWorkbench--smartFilterBar-btnBasicSearch\")]"}
RESULT: {"using":"xpath","value":"//input[contains(@id ,\"application-billingtransfer-display-component---billingWorkbench--smartFilterBar-btnBasicSearch\")]"}
COMMAND: POST /session/9d48326ae870b5d3a573a2f725ac1bbc/elements - {"using":"xpath","value":"//input[contains(@id ,\"application-billingtransfer-display-component---billingWorkbench--smartFilterBar-btnBasicSearch\")]"}
RESULT: {"using":"xpath","value":"//input[contains(@id ,\"application-billingtransfer-display-component---billingWorkbench--smartFilterBar-btnBasicSearch\")]"}
COMMAND: POST /session/9d48326ae870b5d3a573a2f725ac1bbc/elements - {"using":"xpath","value":"//input[contains(@id ,\"application-billingtransfer-display-component---billingWorkbench--smartFilterBar-btnBasicSearch\")]"}
RESULT: {"using":"xpath","value":"//input[contains(@id ,\"application-billingtransfer-display-component---billingWorkbench--smartFilterBar-btnBasicSearch\")]"}
COMMAND: POST /session/9d48326ae870b5d3a573a2f725ac1bbc/elements - {"using":"xpath","value":"//input[contains(@id ,\"application-billingtransfer-display-component---billingWorkbench--smartFilterBar-btnBasicSearch\")]"}
RESULT: {"using":"xpath","value":"//input[contains(@id ,\"application-billingtransfer-display-component---billingWorkbench--smartFilterBar-btnBasicSearch\")]"}
COMMAND: POST /session/9d48326ae870b5d3a573a2f725ac1bbc/elements - {"using":"xpath","value":"//input[contains(@id ,\"application-billingtransfer-display-component---billingWorkbench--smartFilterBar-btnBasicSearch\")]"}
RESULT: {"using":"xpath","value":"//input[contains(@id ,\"application-billingtransfer-display-component---billingWorkbench--smartFilterBar-btnBasicSearch\")]"}
COMMAND: POST /session/9d48326ae870b5d3a573a2f725ac1bbc/elements - {"using":"xpath","value":"//input[contains(@id ,\"application-billingtransfer-display-component---billingWorkbench--smartFilterBar-btnBasicSearch\")]"}
RESULT: {"using":"xpath","value":"//input[contains(@id ,\"application-billingtransfer-display-component---billingWorkbench--smartFilterBar-btnBasicSearch\")]"}
COMMAND: POST /session/9d48326ae870b5d3a573a2f725ac1bbc/elements - {"using":"xpath","value":"//input[contains(@id ,\"application-billingtransfer-display-component---billingWorkbench--smartFilterBar-btnBasicSearch\")]"}
RESULT: {"using":"xpath","value":"//input[contains(@id ,\"application-billingtransfer-display-component---billingWorkbench--smartFilterBar-btnBasicSearch\")]"}
COMMAND: POST /session/9d48326ae870b5d3a573a2f725ac1bbc/elements - {"using":"xpath","value":"//input[contains(@id ,\"application-billingtransfer-display-component---billingWorkbench--smartFilterBar-btnBasicSearch\")]"}
RESULT: {"using":"xpath","value":"//input[contains(@id ,\"application-billingtransfer-display-component---billingWorkbench--smartFilterBar-btnBasicSearch\")]"}
COMMAND: POST /session/9d48326ae870b5d3a573a2f725ac1bbc/elements - {"using":"xpath","value":"//input[contains(@id ,\"application-billingtransfer-display-component---billingWorkbench--smartFilterBar-btnBasicSearch\")]"}
RESULT: {"using":"xpath","value":"//input[contains(@id ,\"application-billingtransfer-display-component---billingWorkbench--smartFilterBar-btnBasicSearch\")]"}
COMMAND: POST /session/9d48326ae870b5d3a573a2f725ac1bbc/elements - {"using":"xpath","value":"//input[contains(@id ,\"application-billingtransfer-display-component---billingWorkbench--smartFilterBar-btnBasicSearch\")]"}
RESULT: {"using":"xpath","value":"//input[contains(@id ,\"application-billingtransfer-display-component---billingWorkbench--smartFilterBar-btnBasicSearch\")]"}
COMMAND: POST /session/9d48326ae870b5d3a573a2f725ac1bbc/elements - {"using":"xpath","value":"//input[contains(@id ,\"application-billingtransfer-display-component---billingWorkbench--smartFilterBar-btnBasicSearch\")]"}
RESULT: {"using":"xpath","value":"//input[contains(@id ,\"application-billingtransfer-display-component---billingWorkbench--smartFilterBar-btnBasicSearch\")]"}
COMMAND: POST /session/9d48326ae870b5d3a573a2f725ac1bbc/elements - {"using":"xpath","value":"//input[contains(@id ,\"application-billingtransfer-display-component---billingWorkbench--smartFilterBar-btnBasicSearch\")]"}
RESULT: {"using":"xpath","value":"//input[contains(@id ,\"application-billingtransfer-display-component---billingWorkbench--smartFilterBar-btnBasicSearch\")]"}
COMMAND: POST /session/9d48326ae870b5d3a573a2f725ac1bbc/elements - {"using":"xpath","value":"//input[contains(@id ,\"application-billingtransfer-display-component---billingWorkbench--smartFilterBar-btnBasicSearch\")]"}
RESULT: {"using":"xpath","value":"//input[contains(@id ,\"application-billingtransfer-display-component---billingWorkbench--smartFilterBar-btnBasicSearch\")]"}
COMMAND: POST /session/9d48326ae870b5d3a573a2f725ac1bbc/elements - {"using":"xpath","value":"//input[contains(@id ,\"application-billingtransfer-display-component---billingWorkbench--smartFilterBar-btnBasicSearch\")]"}
RESULT: {"using":"xpath","value":"//input[contains(@id ,\"application-billingtransfer-display-component---billingWorkbench--smartFilterBar-btnBasicSearch\")]"}
COMMAND: POST /session/9d48326ae870b5d3a573a2f725ac1bbc/elements - {"using":"xpath","value":"//input[contains(@id ,\"application-billingtransfer-display-component---billingWorkbench--smartFilterBar-btnBasicSearch\")]"}
RESULT: {"using":"xpath","value":"//input[contains(@id ,\"application-billingtransfer-display-component---billingWorkbench--smartFilterBar-btnBasicSearch\")]"}
COMMAND: POST /session/9d48326ae870b5d3a573a2f725ac1bbc/elements - {"using":"xpath","value":"//input[contains(@id ,\"application-billingtransfer-display-component---billingWorkbench--smartFilterBar-btnBasicSearch\")]"}
RESULT: {"using":"xpath","value":"//input[contains(@id ,\"application-billingtransfer-display-component---billingWorkbench--smartFilterBar-btnBasicSearch\")]"}
COMMAND: POST /session/9d48326ae870b5d3a573a2f725ac1bbc/elements - {"using":"xpath","value":"//input[contains(@id ,\"application-billingtransfer-display-component---billingWorkbench--smartFilterBar-btnBasicSearch\")]"}
RESULT: {"using":"xpath","value":"//input[contains(@id ,\"application-billingtransfer-display-component---billingWorkbench--smartFilterBar-btnBasicSearch\")]"}
COMMAND: POST /session/9d48326ae870b5d3a573a2f725ac1bbc/elements - {"using":"xpath","value":"//input[contains(@id ,\"application-billingtransfer-display-component---billingWorkbench--smartFilterBar-btnBasicSearch\")]"}
RESULT: {"using":"xpath","value":"//input[contains(@id ,\"application-billingtransfer-display-component---billingWorkbench--smartFilterBar-btnBasicSearch\")]"}
COMMAND: POST /session/9d48326ae870b5d3a573a2f725ac1bbc/elements - {"using":"xpath","value":"//input[contains(@id ,\"application-billingtransfer-display-component---billingWorkbench--smartFilterBar-btnBasicSearch\")]"}
RESULT: {"using":"xpath","value":"//input[contains(@id ,\"application-billingtransfer-display-component---billingWorkbench--smartFilterBar-btnBasicSearch\")]"}
COMMAND: POST /session/9d48326ae870b5d3a573a2f725ac1bbc/elements - {"using":"xpath","value":"//input[contains(@id ,\"application-billingtransfer-display-component---billingWorkbench--smartFilterBar-btnBasicSearch\")]"}
RESULT: {"using":"xpath","value":"//input[contains(@id ,\"application-billingtransfer-display-component---billingWorkbench--smartFilterBar-btnBasicSearch\")]"}
COMMAND: POST /session/9d48326ae870b5d3a573a2f725ac1bbc/elements - {"using":"xpath","value":"//input[contains(@id ,\"application-billingtransfer-display-component---billingWorkbench--smartFilterBar-btnBasicSearch\")]"}
RESULT: {"using":"xpath","value":"//input[contains(@id ,\"application-billingtransfer-display-component---billingWorkbench--smartFilterBar-btnBasicSearch\")]"}
COMMAND: POST /session/9d48326ae870b5d3a573a2f725ac1bbc/elements - {"using":"xpath","value":"//input[contains(@id ,\"application-billingtransfer-display-component---billingWorkbench--smartFilterBar-btnBasicSearch\")]"}
RESULT: {"using":"xpath","value":"//input[contains(@id ,\"application-billingtransfer-display-component---billingWorkbench--smartFilterBar-btnBasicSearch\")]"}
COMMAND: POST /session/9d48326ae870b5d3a573a2f725ac1bbc/elements - {"using":"xpath","value":"//input[contains(@id ,\"application-billingtransfer-display-component---billingWorkbench--smartFilterBar-btnBasicSearch\")]"}
RESULT: {"using":"xpath","value":"//input[contains(@id ,\"application-billingtransfer-display-component---billingWorkbench--smartFilterBar-btnBasicSearch\")]"}
COMMAND: POST /session/9d48326ae870b5d3a573a2f725ac1bbc/elements - {"using":"xpath","value":"//input[contains(@id ,\"application-billingtransfer-display-component---billingWorkbench--smartFilterBar-btnBasicSearch\")]"}
RESULT: {"using":"xpath","value":"//input[contains(@id ,\"application-billingtransfer-display-component---billingWorkbench--smartFilterBar-btnBasicSearch\")]"}
COMMAND: POST /session/9d48326ae870b5d3a573a2f725ac1bbc/elements - {"using":"xpath","value":"//input[contains(@id ,\"application-billingtransfer-display-component---billingWorkbench--smartFilterBar-btnBasicSearch\")]"}
RESULT: {"using":"xpath","value":"//input[contains(@id ,\"application-billingtransfer-display-component---billingWorkbench--smartFilterBar-btnBasicSearch\")]"}
COMMAND: POST /session/9d48326ae870b5d3a573a2f725ac1bbc/elements - {"using":"xpath","value":"//input[contains(@id ,\"application-billingtransfer-display-component---billingWorkbench--smartFilterBar-btnBasicSearch\")]"}
RESULT: {"using":"xpath","value":"//input[contains(@id ,\"application-billingtransfer-display-component---billingWorkbench--smartFilterBar-btnBasicSearch\")]"}
COMMAND: POST /session/9d48326ae870b5d3a573a2f725ac1bbc/elements - {"using":"xpath","value":"//input[contains(@id ,\"application-billingtransfer-display-component---billingWorkbench--smartFilterBar-btnBasicSearch\")]"}
RESULT: {"using":"xpath","value":"//input[contains(@id ,\"application-billingtransfer-display-component---billingWorkbench--smartFilterBar-btnBasicSearch\")]"}
COMMAND: POST /session/9d48326ae870b5d3a573a2f725ac1bbc/elements - {"using":"xpath","value":"//input[contains(@id ,\"application-billingtransfer-display-component---billingWorkbench--smartFilterBar-btnBasicSearch\")]"}
RESULT: {"using":"xpath","value":"//input[contains(@id ,\"application-billingtransfer-display-component---billingWorkbench--smartFilterBar-btnBasicSearch\")]"}
COMMAND: POST /session/9d48326ae870b5d3a573a2f725ac1bbc/elements - {"using":"xpath","value":"//input[contains(@id ,\"application-billingtransfer-display-component---billingWorkbench--smartFilterBar-btnBasicSearch\")]"}
RESULT: {"using":"xpath","value":"//input[contains(@id ,\"application-billingtransfer-display-component---billingWorkbench--smartFilterBar-btnBasicSearch\")]"}
COMMAND: POST /session/9d48326ae870b5d3a573a2f725ac1bbc/elements - {"using":"xpath","value":"//input[contains(@id ,\"application-billingtransfer-display-component---billingWorkbench--smartFilterBar-btnBasicSearch\")]"}
RESULT: {"using":"xpath","value":"//input[contains(@id ,\"application-billingtransfer-display-component---billingWorkbench--smartFilterBar-btnBasicSearch\")]"}
COMMAND: POST /session/9d48326ae870b5d3a573a2f725ac1bbc/elements - {"using":"xpath","value":"//input[contains(@id ,\"application-billingtransfer-display-component---billingWorkbench--smartFilterBar-btnBasicSearch\")]"}
RESULT: {"using":"xpath","value":"//input[contains(@id ,\"application-billingtransfer-display-component---billingWorkbench--smartFilterBar-btnBasicSearch\")]"}
COMMAND: POST /session/9d48326ae870b5d3a573a2f725ac1bbc/elements - {"using":"xpath","value":"//input[contains(@id ,\"application-billingtransfer-display-component---billingWorkbench--smartFilterBar-btnBasicSearch\")]"}
RESULT: {"using":"xpath","value":"//input[contains(@id ,\"application-billingtransfer-display-component---billingWorkbench--smartFilterBar-btnBasicSearch\")]"}
COMMAND: POST /session/9d48326ae870b5d3a573a2f725ac1bbc/elements - {"using":"xpath","value":"//input[contains(@id ,\"application-billingtransfer-display-component---billingWorkbench--smartFilterBar-btnBasicSearch\")]"}
RESULT: {"using":"xpath","value":"//input[contains(@id ,\"application-billingtransfer-display-component---billingWorkbench--smartFilterBar-btnBasicSearch\")]"}
COMMAND: POST /session/9d48326ae870b5d3a573a2f725ac1bbc/elements - {"using":"xpath","value":"//input[contains(@id ,\"application-billingtransfer-display-component---billingWorkbench--smartFilterBar-btnBasicSearch\")]"}
RESULT: {"using":"xpath","value":"//input[contains(@id ,\"application-billingtransfer-display-component---billingWorkbench--smartFilterBar-btnBasicSearch\")]"}
COMMAND: POST /session/9d48326ae870b5d3a573a2f725ac1bbc/elements - {"using":"xpath","value":"//input[contains(@id ,\"application-billingtransfer-display-component---billingWorkbench--smartFilterBar-btnBasicSearch\")]"}
RESULT: {"using":"xpath","value":"//input[contains(@id ,\"application-billingtransfer-display-component---billingWorkbench--smartFilterBar-btnBasicSearch\")]"}
COMMAND: POST /session/9d48326ae870b5d3a573a2f725ac1bbc/elements - {"using":"xpath","value":"//input[contains(@id ,\"application-billingtransfer-display-component---billingWorkbench--smartFilterBar-btnBasicSearch\")]"}
RESULT: {"using":"xpath","value":"//input[contains(@id ,\"application-billingtransfer-display-component---billingWorkbench--smartFilterBar-btnBasicSearch\")]"}
COMMAND: POST /session/9d48326ae870b5d3a573a2f725ac1bbc/elements - {"using":"xpath","value":"//input[contains(@id ,\"application-billingtransfer-display-component---billingWorkbench--smartFilterBar-btnBasicSearch\")]"}
RESULT: {"using":"xpath","value":"//input[contains(@id ,\"application-billingtransfer-display-component---billingWorkbench--smartFilterBar-btnBasicSearch\")]"}
COMMAND: POST /session/9d48326ae870b5d3a573a2f725ac1bbc/elements - {"using":"xpath","value":"//input[contains(@id ,\"application-billingtransfer-display-component---billingWorkbench--smartFilterBar-btnBasicSearch\")]"}
RESULT: {"using":"xpath","value":"//input[contains(@id ,\"application-billingtransfer-display-component---billingWorkbench--smartFilterBar-btnBasicSearch\")]"}
COMMAND: POST /session/9d48326ae870b5d3a573a2f725ac1bbc/elements - {"using":"xpath","value":"//input[contains(@id ,\"application-billingtransfer-display-component---billingWorkbench--smartFilterBar-btnBasicSearch\")]"}
RESULT: {"using":"xpath","value":"//input[contains(@id ,\"application-billingtransfer-display-component---billingWorkbench--smartFilterBar-btnBasicSearch\")]"}
COMMAND: POST /session/9d48326ae870b5d3a573a2f725ac1bbc/elements - {"using":"xpath","value":"//input[contains(@id ,\"application-billingtransfer-display-component---billingWorkbench--smartFilterBar-btnBasicSearch\")]"}
RESULT: {"using":"xpath","value":"//input[contains(@id ,\"application-billingtransfer-display-component---billingWorkbench--smartFilterBar-btnBasicSearch\")]"}
COMMAND: POST /session/9d48326ae870b5d3a573a2f725ac1bbc/elements - {"using":"xpath","value":"//input[contains(@id ,\"application-billingtransfer-display-component---billingWorkbench--smartFilterBar-btnBasicSearch\")]"}
RESULT: {"using":"xpath","value":"//input[contains(@id ,\"application-billingtransfer-display-component---billingWorkbench--smartFilterBar-btnBasicSearch\")]"}
COMMAND: POST /session/9d48326ae870b5d3a573a2f725ac1bbc/elements - {"using":"xpath","value":"//input[contains(@id ,\"application-billingtransfer-display-component---billingWorkbench--smartFilterBar-btnBasicSearch\")]"}
RESULT: {"using":"xpath","value":"//input[contains(@id ,\"application-billingtransfer-display-component---billingWorkbench--smartFilterBar-btnBasicSearch\")]"}
COMMAND: POST /session/9d48326ae870b5d3a573a2f725ac1bbc/elements - {"using":"xpath","value":"//input[contains(@id ,\"application-billingtransfer-display-component---billingWorkbench--smartFilterBar-btnBasicSearch\")]"}
RESULT: {"using":"xpath","value":"//input[contains(@id ,\"application-billingtransfer-display-component---billingWorkbench--smartFilterBar-btnBasicSearch\")]"}
COMMAND: POST /session/9d48326ae870b5d3a573a2f725ac1bbc/elements - {"using":"xpath","value":"//input[contains(@id ,\"application-billingtransfer-display-component---billingWorkbench--smartFilterBar-btnBasicSearch\")]"}
RESULT: {"using":"xpath","value":"//input[contains(@id ,\"application-billingtransfer-display-component---billingWorkbench--smartFilterBar-btnBasicSearch\")]"}
COMMAND: POST /session/9d48326ae870b5d3a573a2f725ac1bbc/elements - {"using":"xpath","value":"//input[contains(@id ,\"application-billingtransfer-display-component---billingWorkbench--smartFilterBar-btnBasicSearch\")]"}
RESULT: {"using":"xpath","value":"//input[contains(@id ,\"application-billingtransfer-display-component---billingWorkbench--smartFilterBar-btnBasicSearch\")]"}
COMMAND: POST /session/9d48326ae870b5d3a573a2f725ac1bbc/elements - {"using":"xpath","value":"//input[contains(@id ,\"application-billingtransfer-display-component---billingWorkbench--smartFilterBar-btnBasicSearch\")]"}
RESULT: {"using":"xpath","value":"//input[contains(@id ,\"application-billingtransfer-display-component---billingWorkbench--smartFilterBar-btnBasicSearch\")]"}
COMMAND: POST /session/9d48326ae870b5d3a573a2f725ac1bbc/elements - {"using":"xpath","value":"//input[contains(@id ,\"application-billingtransfer-display-component---billingWorkbench--smartFilterBar-btnBasicSearch\")]"}
RESULT: {"using":"xpath","value":"//input[contains(@id ,\"application-billingtransfer-display-component---billingWorkbench--smartFilterBar-btnBasicSearch\")]"}
COMMAND: POST /session/9d48326ae870b5d3a573a2f725ac1bbc/elements - {"using":"xpath","value":"//input[contains(@id ,\"application-billingtransfer-display-component---billingWorkbench--smartFilterBar-btnBasicSearch\")]"}
RESULT: {"using":"xpath","value":"//input[contains(@id ,\"application-billingtransfer-display-component---billingWorkbench--smartFilterBar-btnBasicSearch\")]"}
COMMAND: POST /session/9d48326ae870b5d3a573a2f725ac1bbc/elements - {"using":"xpath","value":"//input[contains(@id ,\"application-billingtransfer-display-component---billingWorkbench--smartFilterBar-btnBasicSearch\")]"}
RESULT: {"using":"xpath","value":"//input[contains(@id ,\"application-billingtransfer-display-component---billingWorkbench--smartFilterBar-btnBasicSearch\")]"}
COMMAND: POST /session/9d48326ae870b5d3a573a2f725ac1bbc/elements - {"using":"xpath","value":"//input[contains(@id ,\"application-billingtransfer-display-component---billingWorkbench--smartFilterBar-btnBasicSearch\")]"}
RESULT: {"using":"xpath","value":"//input[contains(@id ,\"application-billingtransfer-display-component---billingWorkbench--smartFilterBar-btnBasicSearch\")]"}
COMMAND: POST /session/9d48326ae870b5d3a573a2f725ac1bbc/elements - {"using":"xpath","value":"//input[contains(@id ,\"application-billingtransfer-display-component---billingWorkbench--smartFilterBar-btnBasicSearch\")]"}
RESULT: {"using":"xpath","value":"//input[contains(@id ,\"application-billingtransfer-display-component---billingWorkbench--smartFilterBar-btnBasicSearch\")]"}
COMMAND: POST /session/9d48326ae870b5d3a573a2f725ac1bbc/elements - {"using":"xpath","value":"//input[contains(@id ,\"application-billingtransfer-display-component---billingWorkbench--smartFilterBar-btnBasicSearch\")]"}
RESULT: {"using":"xpath","value":"//input[contains(@id ,\"application-billingtransfer-display-component---billingWorkbench--smartFilterBar-btnBasicSearch\")]"}
COMMAND: POST /session/9d48326ae870b5d3a573a2f725ac1bbc/elements - {"using":"xpath","value":"//input[contains(@id ,\"application-billingtransfer-display-component---billingWorkbench--smartFilterBar-btnBasicSearch\")]"}
RESULT: {"using":"xpath","value":"//input[contains(@id ,\"application-billingtransfer-display-component---billingWorkbench--smartFilterBar-btnBasicSearch\")]"}
COMMAND: POST /session/9d48326ae870b5d3a573a2f725ac1bbc/elements - {"using":"xpath","value":"//input[contains(@id ,\"application-billingtransfer-display-component---billingWorkbench--smartFilterBar-btnBasicSearch\")]"}
RESULT: {"using":"xpath","value":"//input[contains(@id ,\"application-billingtransfer-display-component---billingWorkbench--smartFilterBar-btnBasicSearch\")]"}
COMMAND: POST /session/9d48326ae870b5d3a573a2f725ac1bbc/elements - {"using":"xpath","value":"//input[contains(@id ,\"application-billingtransfer-display-component---billingWorkbench--smartFilterBar-btnBasicSearch\")]"}
RESULT: {"using":"xpath","value":"//input[contains(@id ,\"application-billingtransfer-display-component---billingWorkbench--smartFilterBar-btnBasicSearch\")]"}
COMMAND: POST /session/9d48326ae870b5d3a573a2f725ac1bbc/elements - {"using":"xpath","value":"//input[contains(@id ,\"application-billingtransfer-display-component---billingWorkbench--smartFilterBar-btnBasicSearch\")]"}
RESULT: {"using":"xpath","value":"//input[contains(@id ,\"application-billingtransfer-display-component---billingWorkbench--smartFilterBar-btnBasicSearch\")]"}
COMMAND: POST /session/9d48326ae870b5d3a573a2f725ac1bbc/elements - {"using":"xpath","value":"//input[contains(@id ,\"application-billingtransfer-display-component---billingWorkbench--smartFilterBar-btnBasicSearch\")]"}
RESULT: {"using":"xpath","value":"//input[contains(@id ,\"application-billingtransfer-display-component---billingWorkbench--smartFilterBar-btnBasicSearch\")]"}
COMMAND: POST /session/9d48326ae870b5d3a573a2f725ac1bbc/elements - {"using":"xpath","value":"//input[contains(@id ,\"application-billingtransfer-display-component---billingWorkbench--smartFilterBar-btnBasicSearch\")]"}
RESULT: {"using":"xpath","value":"//input[contains(@id ,\"application-billingtransfer-display-component---billingWorkbench--smartFilterBar-btnBasicSearch\")]"}
COMMAND: POST /session/9d48326ae870b5d3a573a2f725ac1bbc/elements - {"using":"xpath","value":"//input[contains(@id ,\"application-billingtransfer-display-component---billingWorkbench--smartFilterBar-btnBasicSearch\")]"}
RESULT: {"using":"xpath","value":"//input[contains(@id ,\"application-billingtransfer-display-component---billingWorkbench--smartFilterBar-btnBasicSearch\")]"}
COMMAND: POST /session/9d48326ae870b5d3a573a2f725ac1bbc/elements - {"using":"xpath","value":"//input[contains(@id ,\"application-billingtransfer-display-component---billingWorkbench--smartFilterBar-btnBasicSearch\")]"}
RESULT: {"using":"xpath","value":"//input[contains(@id ,\"application-billingtransfer-display-component---billingWorkbench--smartFilterBar-btnBasicSearch\")]"}
COMMAND: POST /session/9d48326ae870b5d3a573a2f725ac1bbc/elements - {"using":"xpath","value":"//input[contains(@id ,\"application-billingtransfer-display-component---billingWorkbench--smartFilterBar-btnBasicSearch\")]"}
RESULT: {"using":"xpath","value":"//input[contains(@id ,\"application-billingtransfer-display-component---billingWorkbench--smartFilterBar-btnBasicSearch\")]"}
COMMAND: POST /session/9d48326ae870b5d3a573a2f725ac1bbc/elements - {"using":"xpath","value":"//input[contains(@id ,\"application-billingtransfer-display-component---billingWorkbench--smartFilterBar-btnBasicSearch\")]"}
RESULT: {"using":"xpath","value":"//input[contains(@id ,\"application-billingtransfer-display-component---billingWorkbench--smartFilterBar-btnBasicSearch\")]"}
COMMAND: POST /session/9d48326ae870b5d3a573a2f725ac1bbc/elements - {"using":"xpath","value":"//input[contains(@id ,\"application-billingtransfer-display-component---billingWorkbench--smartFilterBar-btnBasicSearch\")]"}
RESULT: {"using":"xpath","value":"//input[contains(@id ,\"application-billingtransfer-display-component---billingWorkbench--smartFilterBar-btnBasicSearch\")]"}
COMMAND: POST /session/9d48326ae870b5d3a573a2f725ac1bbc/elements - {"using":"xpath","value":"//input[contains(@id ,\"application-billingtransfer-display-component---billingWorkbench--smartFilterBar-btnBasicSearch\")]"}
RESULT: {"using":"xpath","value":"//input[contains(@id ,\"application-billingtransfer-display-component---billingWorkbench--smartFilterBar-btnBasicSearch\")]"}
COMMAND: POST /session/9d48326ae870b5d3a573a2f725ac1bbc/elements - {"using":"xpath","value":"//input[contains(@id ,\"application-billingtransfer-display-component---billingWorkbench--smartFilterBar-btnBasicSearch\")]"}
RESULT: {"using":"xpath","value":"//input[contains(@id ,\"application-billingtransfer-display-component---billingWorkbench--smartFilterBar-btnBasicSearch\")]"}
COMMAND: POST /session/9d48326ae870b5d3a573a2f725ac1bbc/elements - {"using":"xpath","value":"//input[contains(@id ,\"application-billingtransfer-display-component---billingWorkbench--smartFilterBar-btnBasicSearch\")]"}
RESULT: {"using":"xpath","value":"//input[contains(@id ,\"application-billingtransfer-display-component---billingWorkbench--smartFilterBar-btnBasicSearch\")]"}
COMMAND: POST /session/9d48326ae870b5d3a573a2f725ac1bbc/elements - {"using":"xpath","value":"//input[contains(@id ,\"application-billingtransfer-display-component---billingWorkbench--smartFilterBar-btnBasicSearch\")]"}
RESULT: {"using":"xpath","value":"//input[contains(@id ,\"application-billingtransfer-display-component---billingWorkbench--smartFilterBar-btnBasicSearch\")]"}
COMMAND: POST /session/9d48326ae870b5d3a573a2f725ac1bbc/elements - {"using":"xpath","value":"//input[contains(@id ,\"application-billingtransfer-display-component---billingWorkbench--smartFilterBar-btnBasicSearch\")]"}
RESULT: {"using":"xpath","value":"//input[contains(@id ,\"application-billingtransfer-display-component---billingWorkbench--smartFilterBar-btnBasicSearch\")]"}
COMMAND: POST /session/9d48326ae870b5d3a573a2f725ac1bbc/elements - {"using":"xpath","value":"//input[contains(@id ,\"application-billingtransfer-display-component---billingWorkbench--smartFilterBar-btnBasicSearch\")]"}
RESULT: {"using":"xpath","value":"//input[contains(@id ,\"application-billingtransfer-display-component---billingWorkbench--smartFilterBar-btnBasicSearch\")]"}
COMMAND: GET /session/9d48326ae870b5d3a573a2f725ac1bbc/screenshot - {}
RESULT: {}
COMMAND: POST /session/9d48326ae870b5d3a573a2f725ac1bbc/element - {"using":"css selector","value":"#j_username"}
COMMAND: POST /session/9d48326ae870b5d3a573a2f725ac1bbc/url - {"url":"https://qa-testing-00-live-etm-ui.cfapps.eu10-004.hana.ondemand.com/"}
COMMAND: GET /session/9d48326ae870b5d3a573a2f725ac1bbc/screenshot - {}
COMMAND: GET /session/9d48326ae870b5d3a573a2f725ac1bbc/screenshot - {}
RESULT: {"url":"https://qa-testing-00-live-etm-ui.cfapps.eu10-004.hana.ondemand.com/"}
RESULT: undefined
COMMAND: GET /session/9d48326ae870b5d3a573a2f725ac1bbc/screenshot - {}
RESULT: {"using":"css selector","value":"#j_username"}
COMMAND: POST /session/9d48326ae870b5d3a573a2f725ac1bbc/element - {"using":"css selector","value":"#j_username"}
RESULT: {}
RESULT: {}
RESULT: {}
RESULT: {"using":"css selector","value":"#j_username"}
COMMAND: POST /session/9d48326ae870b5d3a573a2f725ac1bbc/element - {"using":"css selector","value":"#shell-header-logo"}
RESULT: {"using":"css selector","value":"#shell-header-logo"}
COMMAND: POST /session/9d48326ae870b5d3a573a2f725ac1bbc/execute/sync - {"script":"<script> [8489 bytes]","args":[{"element-6066-11e4-a52e-4f735466cecf":"f.0A588440BBC4B09490297E8A4E4C478B.d.679E839742E58F1CC1B6FE6AFB852026.e.12486","ELEMENT":"f.0A588440BBC4B09490297E8A4E4C478B.d.679E839742E58F1CC1B6FE6AFB852026.e.12486"}]}
RESULT: {"script":"<script> [8489 bytes]","args":[{"element-6066-11e4-a52e-4f735466cecf":"f.0A588440BBC4B09490297E8A4E4C478B.d.679E839742E58F1CC1B6FE6AFB852026.e.12486","ELEMENT":"f.0A588440BBC4B09490297E8A4E4C478B.d.679E839742E58F1CC1B6FE6AFB852026.e.12486"}]}
COMMAND: POST /session/9d48326ae870b5d3a573a2f725ac1bbc/element - {"using":"css selector","value":"#shell-header-logo"}
COMMAND: GET /session/9d48326ae870b5d3a573a2f725ac1bbc/screenshot - {}
RESULT: {"using":"css selector","value":"#shell-header-logo"}
COMMAND: POST /session/9d48326ae870b5d3a573a2f725ac1bbc/execute/sync - {"script":"<script> [8489 bytes]","args":[{"element-6066-11e4-a52e-4f735466cecf":"f.0A588440BBC4B09490297E8A4E4C478B.d.679E839742E58F1CC1B6FE6AFB852026.e.12486","ELEMENT":"f.0A588440BBC4B09490297E8A4E4C478B.d.679E839742E58F1CC1B6FE6AFB852026.e.12486"}]}
RESULT: {}
RESULT: {"script":"<script> [8489 bytes]","args":[{"element-6066-11e4-a52e-4f735466cecf":"f.0A588440BBC4B09490297E8A4E4C478B.d.679E839742E58F1CC1B6FE6AFB852026.e.12486","ELEMENT":"f.0A588440BBC4B09490297E8A4E4C478B.d.679E839742E58F1CC1B6FE6AFB852026.e.12486"}]}
COMMAND: POST /session/9d48326ae870b5d3a573a2f725ac1bbc/execute/sync - {"script":"<script> [5351 bytes]","args":[{"element-6066-11e4-a52e-4f735466cecf":"f.0A588440BBC4B09490297E8A4E4C478B.d.679E839742E58F1CC1B6FE6AFB852026.e.12486","ELEMENT":"f.0A588440BBC4B09490297E8A4E4C478B.d.679E839742E58F1CC1B6FE6AFB852026.e.12486"}]}
COMMAND: GET /session/9d48326ae870b5d3a573a2f725ac1bbc/screenshot - {}
RESULT: {"script":"<script> [5351 bytes]","args":[{"element-6066-11e4-a52e-4f735466cecf":"f.0A588440BBC4B09490297E8A4E4C478B.d.679E839742E58F1CC1B6FE6AFB852026.e.12486","ELEMENT":"f.0A588440BBC4B09490297E8A4E4C478B.d.679E839742E58F1CC1B6FE6AFB852026.e.12486"}]}
COMMAND: POST /session/9d48326ae870b5d3a573a2f725ac1bbc/element - {"using":"css selector","value":"#shell-header-logo"}
COMMAND: GET /session/9d48326ae870b5d3a573a2f725ac1bbc/screenshot - {}
RESULT: {}
RESULT: {"using":"css selector","value":"#shell-header-logo"}
COMMAND: POST /session/9d48326ae870b5d3a573a2f725ac1bbc/element/f.0A588440BBC4B09490297E8A4E4C478B.d.679E839742E58F1CC1B6FE6AFB852026.e.12486/click - {}
RESULT: {}
RESULT: {}
COMMAND: GET /session/9d48326ae870b5d3a573a2f725ac1bbc/screenshot - {}
RESULT: {}
COMMAND: POST /session/9d48326ae870b5d3a573a2f725ac1bbc/execute/async - {"script":"<script> [189 bytes]","args":[]}
RESULT: {"script":"<script> [189 bytes]","args":[]}
COMMAND: POST /session/9d48326ae870b5d3a573a2f725ac1bbc/execute/async - {"script":"<script> [123 bytes]","args":[]}
RESULT: {"script":"<script> [123 bytes]","args":[]}
COMMAND: POST /session/9d48326ae870b5d3a573a2f725ac1bbc/timeouts - {"script":"<number>"}
RESULT: {"script":"<number>"}
COMMAND: GET /session/9d48326ae870b5d3a573a2f725ac1bbc/timeouts - {}
RESULT: {}
RESULT: undefined
COMMAND: POST /session/9d48326ae870b5d3a573a2f725ac1bbc/execute/async - {"script":"<script> [2676 bytes]","args":[]}
RESULT: {"script":"<script> [2676 bytes]","args":[]}
COMMAND: POST /session/9d48326ae870b5d3a573a2f725ac1bbc/execute/async - {"script":"<script> [2342 bytes]","args":[{"protocol":"http","hostname":"0.0.0.0","path":"/","capabilities":{"browserName":"chrome","goog:chromeOptions":{"binary":"C:\\Program Files\\Google\\Chrome\\Application\\chrome.exe","args":["--start-maximized"]}},"logLevel":"warn","connectionRetryTimeout":120000,"connectionRetryCount":3,"logLevels":{},"enableDirectConnect":true,"strictSSL":true,"_":"65 more keys: [\"cacheDir\",\"port\",\"requestedCapabilities\",\"automationProtocol\",\"baseUrl\",\"waitforInterval\",\"waitforTimeout\",\"onReload\",\"beforeCommand\",\"afterCommand\",\"rootDir\",\"specs\",\"suites\",\"exclude\",\"groupLogsByTestSpec\",\"excludeDriverLogs\",\"bail\",\"framework\",\"reporters\",\"services\",\"maxInstances\",\"maxInstancesPerCapability\",\"injectGlobals\",\"filesToWatch\",\"execArgv\",\"runnerEnv\",\"runner\",\"shard\",\"specFileRetries\",\"specFileRetriesDelay\",\"specFileRetriesDeferred\",\"reporterSyncInterval\",\"reporterSyncTimeout\",\"cucumberFeaturesWithLineNumbers\",\"autoCompileOpts\",\"mochaOpts\",\"jasmineOpts\",\"cucumberOpts\",\"onPrepare\",\"onWorkerStart\",\"onWorkerEnd\",\"before\",\"beforeSession\",\"beforeSuite\",\"beforeHook\",\"beforeTest\",\"afterTest\",\"afterHook\",\"afterSuite\",\"afterSession\",\"after\",\"onComplete\",\"beforeAssertion\",\"afterAssertion\",\"beforeFeature\",\"beforeScenario\",\"beforeStep\",\"afterStep\",\"afterScenario\",\"afterFeature\",\"_\",\"suite\",\"$0\",\"ignoredWorkerServices\",\"wdi5\"]"}]}
RESULT: {"script":"<script> [2342 bytes]","args":[{"protocol":"http","hostname":"0.0.0.0","path":"/","capabilities":{"browserName":"chrome","goog:chromeOptions":{"binary":"C:\\Program Files\\Google\\Chrome\\Application\\chrome.exe","args":["--start-maximized"]}},"logLevel":"warn","connectionRetryTimeout":120000,"connectionRetryCount":3,"logLevels":{},"enableDirectConnect":true,"strictSSL":true,"_":"65 more keys: [\"cacheDir\",\"port\",\"requestedCapabilities\",\"automationProtocol\",\"baseUrl\",\"waitforInterval\",\"waitforTimeout\",\"onReload\",\"beforeCommand\",\"afterCommand\",\"rootDir\",\"specs\",\"suites\",\"exclude\",\"groupLogsByTestSpec\",\"excludeDriverLogs\",\"bail\",\"framework\",\"reporters\",\"services\",\"maxInstances\",\"maxInstancesPerCapability\",\"injectGlobals\",\"filesToWatch\",\"execArgv\",\"runnerEnv\",\"runner\",\"shard\",\"specFileRetries\",\"specFileRetriesDelay\",\"specFileRetriesDeferred\",\"reporterSyncInterval\",\"reporterSyncTimeout\",\"cucumberFeaturesWithLineNumbers\",\"autoCompileOpts\",\"mochaOpts\",\"jasmineOpts\",\"cucumberOpts\",\"onPrepare\",\"onWorkerStart\",\"onWorkerEnd\",\"before\",\"beforeSession\",\"beforeSuite\",\"beforeHook\",\"beforeTest\",\"afterTest\",\"afterHook\",\"afterSuite\",\"afterSession\",\"after\",\"onComplete\",\"beforeAssertion\",\"afterAssertion\",\"beforeFeature\",\"beforeScenario\",\"beforeStep\",\"afterStep\",\"afterScenario\",\"afterFeature\",\"_\",\"suite\",\"$0\",\"ignoredWorkerServices\",\"wdi5\"]"}]}
COMMAND: POST /session/9d48326ae870b5d3a573a2f725ac1bbc/execute/async - {"script":"<script> [21126 bytes]","args":[35000]}
RESULT: {"script":"<script> [21126 bytes]","args":[35000]}
COMMAND: POST /session/9d48326ae870b5d3a573a2f725ac1bbc/window/maximize - {}
RESULT: {}
COMMAND: POST /session/9d48326ae870b5d3a573a2f725ac1bbc/execute/async - {"script":"<script> [1562 bytes]","args":[{"selector":{"id":"shell-header","interaction":{"idSuffix":"icon"}},"wdio_ui5_key":"shellheader"}]}
COMMAND: GET /session/9d48326ae870b5d3a573a2f725ac1bbc/screenshot - {}
RESULT: {"script":"<script> [1562 bytes]","args":[{"selector":{"id":"shell-header","interaction":{"idSuffix":"icon"}},"wdio_ui5_key":"shellheader"}]}
RESULT: undefined
COMMAND: POST /session/9d48326ae870b5d3a573a2f725ac1bbc/refresh - {}
RESULT: {}
RESULT: {}
COMMAND: GET /session/9d48326ae870b5d3a573a2f725ac1bbc/screenshot - {}
RESULT: {}
COMMAND: POST /session/9d48326ae870b5d3a573a2f725ac1bbc/refresh - {}
RESULT: {}
COMMAND: GET /session/9d48326ae870b5d3a573a2f725ac1bbc/screenshot - {}
RESULT: {}
COMMAND: POST /session/9d48326ae870b5d3a573a2f725ac1bbc/window/fullscreen - {}
RESULT: {}
COMMAND: POST /session/9d48326ae870b5d3a573a2f725ac1bbc/execute/async - {"script":"<script> [189 bytes]","args":[]}
RESULT: {"script":"<script> [189 bytes]","args":[]}
COMMAND: POST /session/9d48326ae870b5d3a573a2f725ac1bbc/execute/async - {"script":"<script> [123 bytes]","args":[]}
RESULT: {"script":"<script> [123 bytes]","args":[]}
COMMAND: POST /session/9d48326ae870b5d3a573a2f725ac1bbc/timeouts - {"script":"<number>"}
RESULT: {"script":"<number>"}
COMMAND: GET /session/9d48326ae870b5d3a573a2f725ac1bbc/timeouts - {}
RESULT: {}
RESULT: undefined
COMMAND: POST /session/9d48326ae870b5d3a573a2f725ac1bbc/execute/async - {"script":"<script> [2676 bytes]","args":[]}
RESULT: {"script":"<script> [2676 bytes]","args":[]}
COMMAND: POST /session/9d48326ae870b5d3a573a2f725ac1bbc/execute/async - {"script":"<script> [2342 bytes]","args":[{"protocol":"http","hostname":"0.0.0.0","path":"/","capabilities":{"browserName":"chrome","goog:chromeOptions":{"binary":"C:\\Program Files\\Google\\Chrome\\Application\\chrome.exe","args":["--start-maximized"]}},"logLevel":"warn","connectionRetryTimeout":120000,"connectionRetryCount":3,"logLevels":{},"enableDirectConnect":true,"strictSSL":true,"_":"65 more keys: [\"cacheDir\",\"port\",\"requestedCapabilities\",\"automationProtocol\",\"baseUrl\",\"waitforInterval\",\"waitforTimeout\",\"onReload\",\"beforeCommand\",\"afterCommand\",\"rootDir\",\"specs\",\"suites\",\"exclude\",\"groupLogsByTestSpec\",\"excludeDriverLogs\",\"bail\",\"framework\",\"reporters\",\"services\",\"maxInstances\",\"maxInstancesPerCapability\",\"injectGlobals\",\"filesToWatch\",\"execArgv\",\"runnerEnv\",\"runner\",\"shard\",\"specFileRetries\",\"specFileRetriesDelay\",\"specFileRetriesDeferred\",\"reporterSyncInterval\",\"reporterSyncTimeout\",\"cucumberFeaturesWithLineNumbers\",\"autoCompileOpts\",\"mochaOpts\",\"jasmineOpts\",\"cucumberOpts\",\"onPrepare\",\"onWorkerStart\",\"onWorkerEnd\",\"before\",\"beforeSession\",\"beforeSuite\",\"beforeHook\",\"beforeTest\",\"afterTest\",\"afterHook\",\"afterSuite\",\"afterSession\",\"after\",\"onComplete\",\"beforeAssertion\",\"afterAssertion\",\"beforeFeature\",\"beforeScenario\",\"beforeStep\",\"afterStep\",\"afterScenario\",\"afterFeature\",\"_\",\"suite\",\"$0\",\"ignoredWorkerServices\",\"wdi5\"]"}]}
RESULT: {"script":"<script> [2342 bytes]","args":[{"protocol":"http","hostname":"0.0.0.0","path":"/","capabilities":{"browserName":"chrome","goog:chromeOptions":{"binary":"C:\\Program Files\\Google\\Chrome\\Application\\chrome.exe","args":["--start-maximized"]}},"logLevel":"warn","connectionRetryTimeout":120000,"connectionRetryCount":3,"logLevels":{},"enableDirectConnect":true,"strictSSL":true,"_":"65 more keys: [\"cacheDir\",\"port\",\"requestedCapabilities\",\"automationProtocol\",\"baseUrl\",\"waitforInterval\",\"waitforTimeout\",\"onReload\",\"beforeCommand\",\"afterCommand\",\"rootDir\",\"specs\",\"suites\",\"exclude\",\"groupLogsByTestSpec\",\"excludeDriverLogs\",\"bail\",\"framework\",\"reporters\",\"services\",\"maxInstances\",\"maxInstancesPerCapability\",\"injectGlobals\",\"filesToWatch\",\"execArgv\",\"runnerEnv\",\"runner\",\"shard\",\"specFileRetries\",\"specFileRetriesDelay\",\"specFileRetriesDeferred\",\"reporterSyncInterval\",\"reporterSyncTimeout\",\"cucumberFeaturesWithLineNumbers\",\"autoCompileOpts\",\"mochaOpts\",\"jasmineOpts\",\"cucumberOpts\",\"onPrepare\",\"onWorkerStart\",\"onWorkerEnd\",\"before\",\"beforeSession\",\"beforeSuite\",\"beforeHook\",\"beforeTest\",\"afterTest\",\"afterHook\",\"afterSuite\",\"afterSession\",\"after\",\"onComplete\",\"beforeAssertion\",\"afterAssertion\",\"beforeFeature\",\"beforeScenario\",\"beforeStep\",\"afterStep\",\"afterScenario\",\"afterFeature\",\"_\",\"suite\",\"$0\",\"ignoredWorkerServices\",\"wdi5\"]"}]}
COMMAND: POST /session/9d48326ae870b5d3a573a2f725ac1bbc/execute/async - {"script":"<script> [21126 bytes]","args":[35000]}
RESULT: {"script":"<script> [21126 bytes]","args":[35000]}
]]></system-out>
      <system-err><![CDATA[
Error: element ("//input[contains(@id ,"application-billingtransfer-display-component---billingWorkbench--smartFilterBar-btnBasicSearch")]") still not existing after 45000ms
    at async UtilsPrerequisites.narrowDownSearchBT (D:\a\1\s\test\specs\BTS\prerequisites-and-utils-functions.js:2882:9)
    at async UtilsPrerequisites.billingTransfer (D:\a\1\s\test\specs\BTS\prerequisites-and-utils-functions.js:2807:9)
    at async Context.<anonymous> (D:\a\1\s\test\specs\BTS\billing-transfer.spec.js:104:9)
]]></system-err>
    </testcase>
  </testsuite>
  <testsuite timestamp="2025-05-31T18:11:03" time="732.607" tests="12" failures="6" errors="6" skipped="0">
    <properties>
      <property name="specId" value="0"/>
      <property name="suiteName" value="Create Reverse Billing US127248"/>
      <property name="capabilities" value="chrome.136_0_7103_93.windows"/>
      <property name="file" value="file:///D:/a/1/s/test/specs/BTS/reverse-billing.spec.js"/>
    </properties>
    <testcase classname="chrome.136_0_7103_93.windows.Create_Reverse_Billing_US127248" name="Should create a new yard" time="0.013">
      <system-out><![CDATA[
COMMAND: POST /session/9d48326ae870b5d3a573a2f725ac1bbc/window/fullscreen - {}
RESULT: {}
]]></system-out>
    </testcase>
    <testcase classname="chrome.136_0_7103_93.windows.Create_Reverse_Billing_US127248" name="Should create a new partner" time="0.004"/>
    <testcase classname="chrome.136_0_7103_93.windows.Create_Reverse_Billing_US127248" name="Should create a new site" time="0.004"/>
    <testcase classname="chrome.136_0_7103_93.windows.Create_Reverse_Billing_US127248" name="Should create a resource" time="141.078">
      <system-out><![CDATA[
COMMAND: POST /session/9d48326ae870b5d3a573a2f725ac1bbc/execute/async - {"script":"<script> [1562 bytes]","args":[{"selector":{"controlType":"sap.m.GenericTile","properties":{"header":"Manage Resources"}},"wdio_ui5_key":"sapm.GenericTile{\"header\":\"Manage Resources\"}"}]}
RESULT: {"script":"<script> [1562 bytes]","args":[{"selector":{"controlType":"sap.m.GenericTile","properties":{"header":"Manage Resources"}},"wdio_ui5_key":"sapm.GenericTile{\"header\":\"Manage Resources\"}"}]}
RESULT: undefined
COMMAND: POST /session/9d48326ae870b5d3a573a2f725ac1bbc/element - {"using":"xpath","value":"//*[@id=\"__tile39\"]"}
RESULT: {"using":"xpath","value":"//*[@id=\"__tile39\"]"}
COMMAND: POST /session/9d48326ae870b5d3a573a2f725ac1bbc/element/f.0A588440BBC4B09490297E8A4E4C478B.d.41D1EF9086E791316EDCAB3FB4434752.e.12636/click - {}
RESULT: {}
COMMAND: GET /session/9d48326ae870b5d3a573a2f725ac1bbc/screenshot - {}
RESULT: {}
COMMAND: POST /session/9d48326ae870b5d3a573a2f725ac1bbc/elements - {"using":"xpath","value":"//span[text()='Error']"}
RESULT: {"using":"xpath","value":"//span[text()='Error']"}
COMMAND: POST /session/9d48326ae870b5d3a573a2f725ac1bbc/element - {"using":"xpath","value":"//button[@data-kt=\"addNewRUOverflowToolbarButton\"]"}
RESULT: {"using":"xpath","value":"//button[@data-kt=\"addNewRUOverflowToolbarButton\"]"}
COMMAND: POST /session/9d48326ae870b5d3a573a2f725ac1bbc/elements - {"using":"xpath","value":"//button[@data-kt=\"addNewRUOverflowToolbarButton\"]"}
RESULT: {"using":"xpath","value":"//button[@data-kt=\"addNewRUOverflowToolbarButton\"]"}
COMMAND: POST /session/9d48326ae870b5d3a573a2f725ac1bbc/elements - {"using":"xpath","value":"//button[@data-kt=\"addNewRUOverflowToolbarButton\"]"}
RESULT: {"using":"xpath","value":"//button[@data-kt=\"addNewRUOverflowToolbarButton\"]"}
COMMAND: POST /session/9d48326ae870b5d3a573a2f725ac1bbc/elements - {"using":"xpath","value":"//button[@data-kt=\"addNewRUOverflowToolbarButton\"]"}
RESULT: {"using":"xpath","value":"//button[@data-kt=\"addNewRUOverflowToolbarButton\"]"}
COMMAND: POST /session/9d48326ae870b5d3a573a2f725ac1bbc/elements - {"using":"xpath","value":"//button[@data-kt=\"addNewRUOverflowToolbarButton\"]"}
RESULT: {"using":"xpath","value":"//button[@data-kt=\"addNewRUOverflowToolbarButton\"]"}
COMMAND: POST /session/9d48326ae870b5d3a573a2f725ac1bbc/elements - {"using":"xpath","value":"//button[@data-kt=\"addNewRUOverflowToolbarButton\"]"}
RESULT: {"using":"xpath","value":"//button[@data-kt=\"addNewRUOverflowToolbarButton\"]"}
COMMAND: POST /session/9d48326ae870b5d3a573a2f725ac1bbc/elements - {"using":"xpath","value":"//button[@data-kt=\"addNewRUOverflowToolbarButton\"]"}
RESULT: {"using":"xpath","value":"//button[@data-kt=\"addNewRUOverflowToolbarButton\"]"}
COMMAND: POST /session/9d48326ae870b5d3a573a2f725ac1bbc/elements - {"using":"xpath","value":"//button[@data-kt=\"addNewRUOverflowToolbarButton\"]"}
RESULT: {"using":"xpath","value":"//button[@data-kt=\"addNewRUOverflowToolbarButton\"]"}
COMMAND: POST /session/9d48326ae870b5d3a573a2f725ac1bbc/element - {"using":"xpath","value":"//button[@data-kt=\"addNewRUOverflowToolbarButton\"]"}
RESULT: {"using":"xpath","value":"//button[@data-kt=\"addNewRUOverflowToolbarButton\"]"}
COMMAND: POST /session/9d48326ae870b5d3a573a2f725ac1bbc/execute/sync - {"script":"<script> [8489 bytes]","args":[{"element-6066-11e4-a52e-4f735466cecf":"f.0A588440BBC4B09490297E8A4E4C478B.d.41D1EF9086E791316EDCAB3FB4434752.e.12773","ELEMENT":"f.0A588440BBC4B09490297E8A4E4C478B.d.41D1EF9086E791316EDCAB3FB4434752.e.12773"}]}
RESULT: {"script":"<script> [8489 bytes]","args":[{"element-6066-11e4-a52e-4f735466cecf":"f.0A588440BBC4B09490297E8A4E4C478B.d.41D1EF9086E791316EDCAB3FB4434752.e.12773","ELEMENT":"f.0A588440BBC4B09490297E8A4E4C478B.d.41D1EF9086E791316EDCAB3FB4434752.e.12773"}]}
COMMAND: GET /session/9d48326ae870b5d3a573a2f725ac1bbc/element/f.0A588440BBC4B09490297E8A4E4C478B.d.41D1EF9086E791316EDCAB3FB4434752.e.12773/enabled - {}
COMMAND: GET /session/9d48326ae870b5d3a573a2f725ac1bbc/screenshot - {}
RESULT: {}
COMMAND: POST /session/9d48326ae870b5d3a573a2f725ac1bbc/execute/sync - {"script":"<script> [8489 bytes]","args":[{"element-6066-11e4-a52e-4f735466cecf":"f.0A588440BBC4B09490297E8A4E4C478B.d.41D1EF9086E791316EDCAB3FB4434752.e.12773","ELEMENT":"f.0A588440BBC4B09490297E8A4E4C478B.d.41D1EF9086E791316EDCAB3FB4434752.e.12773"}]}
COMMAND: GET /session/9d48326ae870b5d3a573a2f725ac1bbc/screenshot - {}
RESULT: {}
RESULT: {"script":"<script> [8489 bytes]","args":[{"element-6066-11e4-a52e-4f735466cecf":"f.0A588440BBC4B09490297E8A4E4C478B.d.41D1EF9086E791316EDCAB3FB4434752.e.12773","ELEMENT":"f.0A588440BBC4B09490297E8A4E4C478B.d.41D1EF9086E791316EDCAB3FB4434752.e.12773"}]}
COMMAND: POST /session/9d48326ae870b5d3a573a2f725ac1bbc/execute/sync - {"script":"<script> [5351 bytes]","args":[{"element-6066-11e4-a52e-4f735466cecf":"f.0A588440BBC4B09490297E8A4E4C478B.d.41D1EF9086E791316EDCAB3FB4434752.e.12773","ELEMENT":"f.0A588440BBC4B09490297E8A4E4C478B.d.41D1EF9086E791316EDCAB3FB4434752.e.12773"}]}
COMMAND: GET /session/9d48326ae870b5d3a573a2f725ac1bbc/screenshot - {}
RESULT: {}
RESULT: {"script":"<script> [5351 bytes]","args":[{"element-6066-11e4-a52e-4f735466cecf":"f.0A588440BBC4B09490297E8A4E4C478B.d.41D1EF9086E791316EDCAB3FB4434752.e.12773","ELEMENT":"f.0A588440BBC4B09490297E8A4E4C478B.d.41D1EF9086E791316EDCAB3FB4434752.e.12773"}]}
COMMAND: POST /session/9d48326ae870b5d3a573a2f725ac1bbc/element/f.0A588440BBC4B09490297E8A4E4C478B.d.41D1EF9086E791316EDCAB3FB4434752.e.12773/click - {}
COMMAND: GET /session/9d48326ae870b5d3a573a2f725ac1bbc/screenshot - {}
RESULT: {}
RESULT: {}
COMMAND: GET /session/9d48326ae870b5d3a573a2f725ac1bbc/screenshot - {}
RESULT: {}
RESULT: {}
COMMAND: POST /session/9d48326ae870b5d3a573a2f725ac1bbc/execute/async - {"script":"<script> [1562 bytes]","args":[{"selector":{"id":"application-manageresources-display-component---newResourceUnit--TYPE-arrow"},"wdio_ui5_key":"applicationmanageresources-display-component---newResourceUnit--TYPE-arrow"}]}
RESULT: {"script":"<script> [1562 bytes]","args":[{"selector":{"id":"application-manageresources-display-component---newResourceUnit--TYPE-arrow"},"wdio_ui5_key":"applicationmanageresources-display-component---newResourceUnit--TYPE-arrow"}]}
RESULT: undefined
COMMAND: POST /session/9d48326ae870b5d3a573a2f725ac1bbc/element - {"using":"xpath","value":"//*[@id=\"application-manageresources-display-component---newResourceUnit--TYPE-arrow\"]"}
RESULT: {"using":"xpath","value":"//*[@id=\"application-manageresources-display-component---newResourceUnit--TYPE-arrow\"]"}
COMMAND: POST /session/9d48326ae870b5d3a573a2f725ac1bbc/element/f.0A588440BBC4B09490297E8A4E4C478B.d.41D1EF9086E791316EDCAB3FB4434752.e.13135/click - {}
RESULT: {}
COMMAND: POST /session/9d48326ae870b5d3a573a2f725ac1bbc/element - {"using":"xpath","value":"//input[@id=\"application-manageresources-display-component---newResourceUnit--TYPE-inner\"]"}
COMMAND: GET /session/9d48326ae870b5d3a573a2f725ac1bbc/screenshot - {}
RESULT: {"using":"xpath","value":"//input[@id=\"application-manageresources-display-component---newResourceUnit--TYPE-inner\"]"}
COMMAND: POST /session/9d48326ae870b5d3a573a2f725ac1bbc/element/f.0A588440BBC4B09490297E8A4E4C478B.d.41D1EF9086E791316EDCAB3FB4434752.e.13126/clear - {}
RESULT: {}
RESULT: {}
COMMAND: POST /session/9d48326ae870b5d3a573a2f725ac1bbc/element/f.0A588440BBC4B09490297E8A4E4C478B.d.41D1EF9086E791316EDCAB3FB4434752.e.13126/value - {"text":"Equipment"}
COMMAND: GET /session/9d48326ae870b5d3a573a2f725ac1bbc/screenshot - {}
RESULT: {"text":"Equipment"}
COMMAND: GET /session/9d48326ae870b5d3a573a2f725ac1bbc/screenshot - {}
RESULT: {}
RESULT: {}
COMMAND: POST /session/9d48326ae870b5d3a573a2f725ac1bbc/actions - {"actions":[{"id":"action45","type":"key","parameters":{},"actions":[{"type":"keyDown","value":""},{"type":"pause","duration":10},{"type":"keyUp","value":""}]}]}
RESULT: {"actions":[{"id":"action45","type":"key","parameters":{},"actions":[{"type":"keyDown","value":""},{"type":"pause","duration":10},{"type":"keyUp","value":""}]}]}
COMMAND: POST /session/9d48326ae870b5d3a573a2f725ac1bbc/execute/async - {"script":"<script> [1562 bytes]","args":[{"selector":{"id":"application-manageresources-display-component---newResourceUnit--resourceId","interaction":{"idSuffix":"inner"}},"wdio_ui5_key":"applicationmanageresources-display-component---newResourceUnit--resourceId"}]}
COMMAND: GET /session/9d48326ae870b5d3a573a2f725ac1bbc/screenshot - {}
RESULT: {"script":"<script> [1562 bytes]","args":[{"selector":{"id":"application-manageresources-display-component---newResourceUnit--resourceId","interaction":{"idSuffix":"inner"}},"wdio_ui5_key":"applicationmanageresources-display-component---newResourceUnit--resourceId"}]}
RESULT: undefined
COMMAND: POST /session/9d48326ae870b5d3a573a2f725ac1bbc/execute/async - {"script":"<script> [776 bytes]","args":[{"enterText":"rl9E3HV9Gw","selector":{"id":"application-manageresources-display-component---newResourceUnit--resourceId","interaction":{"idSuffix":"inner"}},"clearTextFirst":true,"interactionType":"ENTER_TEXT"}]}
RESULT: {}
RESULT: {"script":"<script> [776 bytes]","args":[{"enterText":"rl9E3HV9Gw","selector":{"id":"application-manageresources-display-component---newResourceUnit--resourceId","interaction":{"idSuffix":"inner"}},"clearTextFirst":true,"interactionType":"ENTER_TEXT"}]}
COMMAND: POST /session/9d48326ae870b5d3a573a2f725ac1bbc/execute/async - {"script":"<script> [1562 bytes]","args":[{"selector":{"id":"application-manageresources-display-component---newResourceUnit--SHORT_TEXT","interaction":{"idSuffix":"inner"}},"wdio_ui5_key":"applicationmanageresources-display-component---newResourceUnit--SHORT_TEXT"}]}
RESULT: {"script":"<script> [1562 bytes]","args":[{"selector":{"id":"application-manageresources-display-component---newResourceUnit--SHORT_TEXT","interaction":{"idSuffix":"inner"}},"wdio_ui5_key":"applicationmanageresources-display-component---newResourceUnit--SHORT_TEXT"}]}
RESULT: undefined
COMMAND: POST /session/9d48326ae870b5d3a573a2f725ac1bbc/execute/async - {"script":"<script> [776 bytes]","args":[{"enterText":"Intercompany Equipment WDIO","selector":{"id":"application-manageresources-display-component---newResourceUnit--SHORT_TEXT","interaction":{"idSuffix":"inner"}},"clearTextFirst":true,"interactionType":"ENTER_TEXT"}]}
RESULT: {"script":"<script> [776 bytes]","args":[{"enterText":"Intercompany Equipment WDIO","selector":{"id":"application-manageresources-display-component---newResourceUnit--SHORT_TEXT","interaction":{"idSuffix":"inner"}},"clearTextFirst":true,"interactionType":"ENTER_TEXT"}]}
COMMAND: POST /session/9d48326ae870b5d3a573a2f725ac1bbc/execute/async - {"script":"<script> [1562 bytes]","args":[{"selector":{"id":"application-manageresources-display-component---newResourceUnit--BASE_UNIT_OF_MEASURE","interaction":{"idSuffix":"inner"}},"wdio_ui5_key":"applicationmanageresources-display-component---newResourceUnit--BASE_UNIT_OF_MEASURE"}]}
RESULT: {"script":"<script> [1562 bytes]","args":[{"selector":{"id":"application-manageresources-display-component---newResourceUnit--BASE_UNIT_OF_MEASURE","interaction":{"idSuffix":"inner"}},"wdio_ui5_key":"applicationmanageresources-display-component---newResourceUnit--BASE_UNIT_OF_MEASURE"}]}
RESULT: undefined
COMMAND: POST /session/9d48326ae870b5d3a573a2f725ac1bbc/execute/async - {"script":"<script> [776 bytes]","args":[{"enterText":"Piece","selector":{"id":"application-manageresources-display-component---newResourceUnit--BASE_UNIT_OF_MEASURE","interaction":{"idSuffix":"inner"}},"clearTextFirst":true,"interactionType":"ENTER_TEXT"}]}
RESULT: {"script":"<script> [776 bytes]","args":[{"enterText":"Piece","selector":{"id":"application-manageresources-display-component---newResourceUnit--BASE_UNIT_OF_MEASURE","interaction":{"idSuffix":"inner"}},"clearTextFirst":true,"interactionType":"ENTER_TEXT"}]}
COMMAND: POST /session/9d48326ae870b5d3a573a2f725ac1bbc/execute/async - {"script":"<script> [1562 bytes]","args":[{"selector":{"id":"application-manageresources-display-component---newResourceUnit--WEIGHT_UNIT","interaction":{"idSuffix":"inner"}},"wdio_ui5_key":"applicationmanageresources-display-component---newResourceUnit--WEIGHT_UNIT"}]}
RESULT: {"script":"<script> [1562 bytes]","args":[{"selector":{"id":"application-manageresources-display-component---newResourceUnit--WEIGHT_UNIT","interaction":{"idSuffix":"inner"}},"wdio_ui5_key":"applicationmanageresources-display-component---newResourceUnit--WEIGHT_UNIT"}]}
RESULT: undefined
COMMAND: POST /session/9d48326ae870b5d3a573a2f725ac1bbc/execute/async - {"script":"<script> [776 bytes]","args":[{"enterText":"Gram","selector":{"id":"application-manageresources-display-component---newResourceUnit--WEIGHT_UNIT","interaction":{"idSuffix":"inner"}},"clearTextFirst":true,"interactionType":"ENTER_TEXT"}]}
RESULT: {"script":"<script> [776 bytes]","args":[{"enterText":"Gram","selector":{"id":"application-manageresources-display-component---newResourceUnit--WEIGHT_UNIT","interaction":{"idSuffix":"inner"}},"clearTextFirst":true,"interactionType":"ENTER_TEXT"}]}
COMMAND: POST /session/9d48326ae870b5d3a573a2f725ac1bbc/execute/async - {"script":"<script> [1562 bytes]","args":[{"selector":{"id":"application-manageresources-display-component---newResourceUnit--DIMENSION_UNIT","interaction":{"idSuffix":"inner"}},"wdio_ui5_key":"applicationmanageresources-display-component---newResourceUnit--DIMENSION_UNIT"}]}
RESULT: {"script":"<script> [1562 bytes]","args":[{"selector":{"id":"application-manageresources-display-component---newResourceUnit--DIMENSION_UNIT","interaction":{"idSuffix":"inner"}},"wdio_ui5_key":"applicationmanageresources-display-component---newResourceUnit--DIMENSION_UNIT"}]}
RESULT: undefined
COMMAND: POST /session/9d48326ae870b5d3a573a2f725ac1bbc/execute/async - {"script":"<script> [776 bytes]","args":[{"enterText":"Meter","selector":{"id":"application-manageresources-display-component---newResourceUnit--DIMENSION_UNIT","interaction":{"idSuffix":"inner"}},"clearTextFirst":true,"interactionType":"ENTER_TEXT"}]}
RESULT: {"script":"<script> [776 bytes]","args":[{"enterText":"Meter","selector":{"id":"application-manageresources-display-component---newResourceUnit--DIMENSION_UNIT","interaction":{"idSuffix":"inner"}},"clearTextFirst":true,"interactionType":"ENTER_TEXT"}]}
COMMAND: POST /session/9d48326ae870b5d3a573a2f725ac1bbc/execute/async - {"script":"<script> [1562 bytes]","args":[{"selector":{"id":"application-manageresources-display-component---newResourceUnit--newRRUPage-anchBar-application-manageresources-display-component---newResourceUnit--control-anchor","interaction":{"idSuffix":"BDI-content"}},"wdio_ui5_key":"applicationmanageresources-display-component---newResourceUnit--newRRUPage-anchBar-application-manageresources-display-component---newResourceUnit--control-anchor"}]}
RESULT: {"script":"<script> [1562 bytes]","args":[{"selector":{"id":"application-manageresources-display-component---newResourceUnit--newRRUPage-anchBar-application-manageresources-display-component---newResourceUnit--control-anchor","interaction":{"idSuffix":"BDI-content"}},"wdio_ui5_key":"applicationmanageresources-display-component---newResourceUnit--newRRUPage-anchBar-application-manageresources-display-component---newResourceUnit--control-anchor"}]}
RESULT: undefined
COMMAND: POST /session/9d48326ae870b5d3a573a2f725ac1bbc/element - {"using":"xpath","value":"//*[@id=\"application-manageresources-display-component---newResourceUnit--newRRUPage-anchBar-application-manageresources-display-component---newResourceUnit--control-anchor\"]"}
RESULT: {"using":"xpath","value":"//*[@id=\"application-manageresources-display-component---newResourceUnit--newRRUPage-anchBar-application-manageresources-display-component---newResourceUnit--control-anchor\"]"}
COMMAND: POST /session/9d48326ae870b5d3a573a2f725ac1bbc/element/f.0A588440BBC4B09490297E8A4E4C478B.d.41D1EF9086E791316EDCAB3FB4434752.e.13294/click - {}
RESULT: {}
COMMAND: POST /session/9d48326ae870b5d3a573a2f725ac1bbc/execute/async - {"script":"<script> [1562 bytes]","args":[{"selector":{"id":"application-manageresources-display-component---newResourceUnit--PLANNING_GROUP","interaction":{"idSuffix":"inner"}},"wdio_ui5_key":"applicationmanageresources-display-component---newResourceUnit--PLANNING_GROUP"}]}
COMMAND: GET /session/9d48326ae870b5d3a573a2f725ac1bbc/screenshot - {}
RESULT: {"script":"<script> [1562 bytes]","args":[{"selector":{"id":"application-manageresources-display-component---newResourceUnit--PLANNING_GROUP","interaction":{"idSuffix":"inner"}},"wdio_ui5_key":"applicationmanageresources-display-component---newResourceUnit--PLANNING_GROUP"}]}
RESULT: undefined
COMMAND: POST /session/9d48326ae870b5d3a573a2f725ac1bbc/execute/async - {"script":"<script> [776 bytes]","args":[{"enterText":"Heavy Equi","selector":{"id":"application-manageresources-display-component---newResourceUnit--PLANNING_GROUP","interaction":{"idSuffix":"inner"}},"clearTextFirst":true,"interactionType":"ENTER_TEXT"}]}
RESULT: {}
RESULT: {"script":"<script> [776 bytes]","args":[{"enterText":"Heavy Equi","selector":{"id":"application-manageresources-display-component---newResourceUnit--PLANNING_GROUP","interaction":{"idSuffix":"inner"}},"clearTextFirst":true,"interactionType":"ENTER_TEXT"}]}
COMMAND: POST /session/9d48326ae870b5d3a573a2f725ac1bbc/execute/async - {"script":"<script> [1562 bytes]","args":[{"selector":{"id":"application-manageresources-display-component---newResourceUnit--ITEM_TYPE-arrow"},"wdio_ui5_key":"applicationmanageresources-display-component---newResourceUnit--ITEM_TYPE-arrow"}]}
RESULT: {"script":"<script> [1562 bytes]","args":[{"selector":{"id":"application-manageresources-display-component---newResourceUnit--ITEM_TYPE-arrow"},"wdio_ui5_key":"applicationmanageresources-display-component---newResourceUnit--ITEM_TYPE-arrow"}]}
RESULT: undefined
COMMAND: POST /session/9d48326ae870b5d3a573a2f725ac1bbc/element - {"using":"xpath","value":"//*[@id=\"application-manageresources-display-component---newResourceUnit--ITEM_TYPE-arrow\"]"}
RESULT: {"using":"xpath","value":"//*[@id=\"application-manageresources-display-component---newResourceUnit--ITEM_TYPE-arrow\"]"}
COMMAND: POST /session/9d48326ae870b5d3a573a2f725ac1bbc/element/f.0A588440BBC4B09490297E8A4E4C478B.d.41D1EF9086E791316EDCAB3FB4434752.e.13301/click - {}
RESULT: {}
COMMAND: POST /session/9d48326ae870b5d3a573a2f725ac1bbc/element - {"using":"xpath","value":"//ul[contains(@id,\"ITEM_TYPE-popup-list-listUl\")]//li[.//span[contains(text(),\"Resource Unit\")]]"}
COMMAND: GET /session/9d48326ae870b5d3a573a2f725ac1bbc/screenshot - {}
RESULT: {"using":"xpath","value":"//ul[contains(@id,\"ITEM_TYPE-popup-list-listUl\")]//li[.//span[contains(text(),\"Resource Unit\")]]"}
COMMAND: POST /session/9d48326ae870b5d3a573a2f725ac1bbc/element/f.0A588440BBC4B09490297E8A4E4C478B.d.41D1EF9086E791316EDCAB3FB4434752.e.13302/click - {}
RESULT: {}
RESULT: {}
COMMAND: GET /session/9d48326ae870b5d3a573a2f725ac1bbc/screenshot - {}
RESULT: {}
COMMAND: POST /session/9d48326ae870b5d3a573a2f725ac1bbc/element - {"using":"css selector","value":"#application-manageresources-display-component---newResourceUnit--btnAddTimeSegment"}
RESULT: {"using":"css selector","value":"#application-manageresources-display-component---newResourceUnit--btnAddTimeSegment"}
COMMAND: GET /session/9d48326ae870b5d3a573a2f725ac1bbc/element/f.0A588440BBC4B09490297E8A4E4C478B.d.41D1EF9086E791316EDCAB3FB4434752.e.13309/rect - {}
RESULT: {}
COMMAND: GET /session/9d48326ae870b5d3a573a2f725ac1bbc/window/rect - {}
RESULT: {}
COMMAND: POST /session/9d48326ae870b5d3a573a2f725ac1bbc/execute/sync - {"script":"<script> [92 bytes]","args":[]}
RESULT: {"script":"<script> [92 bytes]","args":[]}
COMMAND: POST /session/9d48326ae870b5d3a573a2f725ac1bbc/actions - {"actions":[{"id":"action46","type":"wheel","parameters":{},"actions":[{"type":"scroll","x":-1888,"y":-32,"deltaX":0,"deltaY":0,"duration":0,"origin":{"element-6066-11e4-a52e-4f735466cecf":"f.0A588440BBC4B09490297E8A4E4C478B.d.41D1EF9086E791316EDCAB3FB4434752.e.13309"}}]}]}
COMMAND: GET /session/9d48326ae870b5d3a573a2f725ac1bbc/screenshot - {}
RESULT: {}
COMMAND: POST /session/9d48326ae870b5d3a573a2f725ac1bbc/execute/sync - {"script":"<script> [79 bytes]","args":[{"element-6066-11e4-a52e-4f735466cecf":"f.0A588440BBC4B09490297E8A4E4C478B.d.41D1EF9086E791316EDCAB3FB4434752.e.13309","ELEMENT":"f.0A588440BBC4B09490297E8A4E4C478B.d.41D1EF9086E791316EDCAB3FB4434752.e.13309"},{"block":"start","inline":"nearest"}]}
RESULT: {"script":"<script> [79 bytes]","args":[{"element-6066-11e4-a52e-4f735466cecf":"f.0A588440BBC4B09490297E8A4E4C478B.d.41D1EF9086E791316EDCAB3FB4434752.e.13309","ELEMENT":"f.0A588440BBC4B09490297E8A4E4C478B.d.41D1EF9086E791316EDCAB3FB4434752.e.13309"},{"block":"start","inline":"nearest"}]}
COMMAND: POST /session/9d48326ae870b5d3a573a2f725ac1bbc/execute/async - {"script":"<script> [1562 bytes]","args":[{"selector":{"id":"application-manageresources-display-component---newResourceUnit--btnAddTimeSegment","interaction":{"idSuffix":"inner"}},"wdio_ui5_key":"applicationmanageresources-display-component---newResourceUnit--btnAddTimeSegment"}]}
COMMAND: GET /session/9d48326ae870b5d3a573a2f725ac1bbc/screenshot - {}
RESULT: {"script":"<script> [1562 bytes]","args":[{"selector":{"id":"application-manageresources-display-component---newResourceUnit--btnAddTimeSegment","interaction":{"idSuffix":"inner"}},"wdio_ui5_key":"applicationmanageresources-display-component---newResourceUnit--btnAddTimeSegment"}]}
RESULT: undefined
COMMAND: POST /session/9d48326ae870b5d3a573a2f725ac1bbc/element - {"using":"xpath","value":"//*[@id=\"application-manageresources-display-component---newResourceUnit--btnAddTimeSegment\"]"}
RESULT: {}
RESULT: {"using":"xpath","value":"//*[@id=\"application-manageresources-display-component---newResourceUnit--btnAddTimeSegment\"]"}
COMMAND: POST /session/9d48326ae870b5d3a573a2f725ac1bbc/element/f.0A588440BBC4B09490297E8A4E4C478B.d.41D1EF9086E791316EDCAB3FB4434752.e.13309/click - {}
RESULT: {}
COMMAND: GET /session/9d48326ae870b5d3a573a2f725ac1bbc/screenshot - {}
RESULT: {}
COMMAND: POST /session/9d48326ae870b5d3a573a2f725ac1bbc/element - {"using":"xpath","value":"//input[@id=\"application-manageresources-display-component---newResourceUnit--idRuTSAdmin-application-manageresources-display-component---newResourceUnit--RUTimeSegment-0-inner\"]"}
RESULT: {"using":"xpath","value":"//input[@id=\"application-manageresources-display-component---newResourceUnit--idRuTSAdmin-application-manageresources-display-component---newResourceUnit--RUTimeSegment-0-inner\"]"}
COMMAND: POST /session/9d48326ae870b5d3a573a2f725ac1bbc/element/f.0A588440BBC4B09490297E8A4E4C478B.d.41D1EF9086E791316EDCAB3FB4434752.e.13315/clear - {}
RESULT: {}
COMMAND: POST /session/9d48326ae870b5d3a573a2f725ac1bbc/element/f.0A588440BBC4B09490297E8A4E4C478B.d.41D1EF9086E791316EDCAB3FB4434752.e.13315/value - {"text":"535"}
COMMAND: GET /session/9d48326ae870b5d3a573a2f725ac1bbc/screenshot - {}
RESULT: {"text":"535"}
COMMAND: GET /session/9d48326ae870b5d3a573a2f725ac1bbc/screenshot - {}
RESULT: {}
RESULT: {}
COMMAND: POST /session/9d48326ae870b5d3a573a2f725ac1bbc/element - {"using":"xpath","value":"//li[.//span[text()='535']]"}
RESULT: {"using":"xpath","value":"//li[.//span[text()='535']]"}
COMMAND: POST /session/9d48326ae870b5d3a573a2f725ac1bbc/element/f.0A588440BBC4B09490297E8A4E4C478B.d.41D1EF9086E791316EDCAB3FB4434752.e.13328/click - {}
RESULT: {}
COMMAND: GET /session/9d48326ae870b5d3a573a2f725ac1bbc/screenshot - {}
RESULT: {}
COMMAND: POST /session/9d48326ae870b5d3a573a2f725ac1bbc/element - {"using":"xpath","value":"(//span[contains(@id, \"-application-manageresources-display-component---newResourceUnit--RUTimeSegment-0-arrow\")])[6]"}
RESULT: {"using":"xpath","value":"(//span[contains(@id, \"-application-manageresources-display-component---newResourceUnit--RUTimeSegment-0-arrow\")])[6]"}
COMMAND: POST /session/9d48326ae870b5d3a573a2f725ac1bbc/element/f.0A588440BBC4B09490297E8A4E4C478B.d.41D1EF9086E791316EDCAB3FB4434752.e.13329/click - {}
RESULT: {}
COMMAND: GET /session/9d48326ae870b5d3a573a2f725ac1bbc/screenshot - {}
RESULT: {}
COMMAND: POST /session/9d48326ae870b5d3a573a2f725ac1bbc/element - {"using":"xpath","value":"//span[contains(text(), \"PM Order\")]"}
RESULT: {"using":"xpath","value":"//span[contains(text(), \"PM Order\")]"}
COMMAND: POST /session/9d48326ae870b5d3a573a2f725ac1bbc/element/f.0A588440BBC4B09490297E8A4E4C478B.d.41D1EF9086E791316EDCAB3FB4434752.e.13332/click - {}
RESULT: {}
COMMAND: GET /session/9d48326ae870b5d3a573a2f725ac1bbc/screenshot - {}
RESULT: {}
COMMAND: POST /session/9d48326ae870b5d3a573a2f725ac1bbc/element - {"using":"xpath","value":"(//span[contains(@id ,\"manageresources-display-component---newResourceUnit--RUTimeSegment-0-vhi\")])[1]"}
RESULT: {"using":"xpath","value":"(//span[contains(@id ,\"manageresources-display-component---newResourceUnit--RUTimeSegment-0-vhi\")])[1]"}
COMMAND: GET /session/9d48326ae870b5d3a573a2f725ac1bbc/element/f.0A588440BBC4B09490297E8A4E4C478B.d.41D1EF9086E791316EDCAB3FB4434752.e.13336/rect - {}
RESULT: {}
COMMAND: GET /session/9d48326ae870b5d3a573a2f725ac1bbc/window/rect - {}
RESULT: {}
COMMAND: POST /session/9d48326ae870b5d3a573a2f725ac1bbc/execute/sync - {"script":"<script> [92 bytes]","args":[]}
RESULT: {"script":"<script> [92 bytes]","args":[]}
COMMAND: POST /session/9d48326ae870b5d3a573a2f725ac1bbc/actions - {"actions":[{"id":"action47","type":"wheel","parameters":{},"actions":[{"type":"scroll","x":-869,"y":-24,"deltaX":0,"deltaY":0,"duration":0,"origin":{"element-6066-11e4-a52e-4f735466cecf":"f.0A588440BBC4B09490297E8A4E4C478B.d.41D1EF9086E791316EDCAB3FB4434752.e.13336"}}]}]}
COMMAND: GET /session/9d48326ae870b5d3a573a2f725ac1bbc/screenshot - {}
RESULT: {"actions":[{"id":"action47","type":"wheel","parameters":{},"actions":[{"type":"scroll","x":-869,"y":-24,"deltaX":0,"deltaY":0,"duration":0,"origin":{"element-6066-11e4-a52e-4f735466cecf":"f.0A588440BBC4B09490297E8A4E4C478B.d.41D1EF9086E791316EDCAB3FB4434752.e.13336"}}]}]}
COMMAND: DELETE /session/9d48326ae870b5d3a573a2f725ac1bbc/actions - {}
COMMAND: GET /session/9d48326ae870b5d3a573a2f725ac1bbc/screenshot - {}
RESULT: {}
RESULT: {}
COMMAND: GET /session/9d48326ae870b5d3a573a2f725ac1bbc/screenshot - {}
RESULT: {}
RESULT: {}
COMMAND: POST /session/9d48326ae870b5d3a573a2f725ac1bbc/element/f.0A588440BBC4B09490297E8A4E4C478B.d.41D1EF9086E791316EDCAB3FB4434752.e.13336/click - {}
RESULT: {}
COMMAND: GET /session/9d48326ae870b5d3a573a2f725ac1bbc/screenshot - {}
RESULT: {}
COMMAND: POST /session/9d48326ae870b5d3a573a2f725ac1bbc/execute/async - {"script":"<script> [1562 bytes]","args":[{"selector":{"controlType":"sap.m.SearchField","properties":{"placeholder":"Search"},"searchOpenDialogs":true,"interaction":{"idSuffix":"I"}},"wdio_ui5_key":"sapm.SearchField{\"placeholder\":\"Search\"}"}]}
RESULT: {"script":"<script> [1562 bytes]","args":[{"selector":{"controlType":"sap.m.SearchField","properties":{"placeholder":"Search"},"searchOpenDialogs":true,"interaction":{"idSuffix":"I"}},"wdio_ui5_key":"sapm.SearchField{\"placeholder\":\"Search\"}"}]}
RESULT: undefined
COMMAND: POST /session/9d48326ae870b5d3a573a2f725ac1bbc/execute/async - {"script":"<script> [776 bytes]","args":[{"enterText":"4000360","selector":{"controlType":"sap.m.SearchField","properties":{"placeholder":"Search"},"searchOpenDialogs":true,"interaction":{"idSuffix":"I"}},"clearTextFirst":true,"interactionType":"ENTER_TEXT"}]}
RESULT: {"script":"<script> [776 bytes]","args":[{"enterText":"4000360","selector":{"controlType":"sap.m.SearchField","properties":{"placeholder":"Search"},"searchOpenDialogs":true,"interaction":{"idSuffix":"I"}},"clearTextFirst":true,"interactionType":"ENTER_TEXT"}]}
COMMAND: POST /session/9d48326ae870b5d3a573a2f725ac1bbc/actions - {"actions":[{"id":"action48","type":"key","parameters":{},"actions":[{"type":"keyDown","value":""},{"type":"pause","duration":10},{"type":"keyUp","value":""}]}]}
RESULT: {"actions":[{"id":"action48","type":"key","parameters":{},"actions":[{"type":"keyDown","value":""},{"type":"pause","duration":10},{"type":"keyUp","value":""}]}]}
COMMAND: GET /session/9d48326ae870b5d3a573a2f725ac1bbc/screenshot - {}
RESULT: {}
COMMAND: POST /session/9d48326ae870b5d3a573a2f725ac1bbc/element - {"using":"xpath","value":"//td/div/span[contains(text(), \"BGL Vehicles\")]"}
RESULT: {"using":"xpath","value":"//td/div/span[contains(text(), \"BGL Vehicles\")]"}
COMMAND: POST /session/9d48326ae870b5d3a573a2f725ac1bbc/element/f.0A588440BBC4B09490297E8A4E4C478B.d.41D1EF9086E791316EDCAB3FB4434752.e.13358/click - {}
RESULT: {}
COMMAND: GET /session/9d48326ae870b5d3a573a2f725ac1bbc/screenshot - {}
RESULT: {}
COMMAND: POST /session/9d48326ae870b5d3a573a2f725ac1bbc/element - {"using":"xpath","value":"//bdi[contains(text(), \"OK\")]"}
RESULT: {"using":"xpath","value":"//bdi[contains(text(), \"OK\")]"}
COMMAND: POST /session/9d48326ae870b5d3a573a2f725ac1bbc/element/f.0A588440BBC4B09490297E8A4E4C478B.d.41D1EF9086E791316EDCAB3FB4434752.e.13359/click - {}
RESULT: {}
COMMAND: GET /session/9d48326ae870b5d3a573a2f725ac1bbc/screenshot - {}
RESULT: {}
COMMAND: POST /session/9d48326ae870b5d3a573a2f725ac1bbc/execute/async - {"script":"<script> [1562 bytes]","args":[{"selector":{"id":"application-manageresources-display-component---newResourceUnit--newRRUPage-anchBar-application-manageresources-display-component---newResourceUnit--resource-anchor","interaction":{"idSuffix":"BDI-content"}},"wdio_ui5_key":"applicationmanageresources-display-component---newResourceUnit--newRRUPage-anchBar-application-manageresources-display-component---newResourceUnit--resource-anchor"}]}
RESULT: {"script":"<script> [1562 bytes]","args":[{"selector":{"id":"application-manageresources-display-component---newResourceUnit--newRRUPage-anchBar-application-manageresources-display-component---newResourceUnit--resource-anchor","interaction":{"idSuffix":"BDI-content"}},"wdio_ui5_key":"applicationmanageresources-display-component---newResourceUnit--newRRUPage-anchBar-application-manageresources-display-component---newResourceUnit--resource-anchor"}]}
RESULT: undefined
COMMAND: POST /session/9d48326ae870b5d3a573a2f725ac1bbc/element - {"using":"xpath","value":"//*[@id=\"application-manageresources-display-component---newResourceUnit--newRRUPage-anchBar-application-manageresources-display-component---newResourceUnit--resource-anchor\"]"}
RESULT: {"using":"xpath","value":"//*[@id=\"application-manageresources-display-component---newResourceUnit--newRRUPage-anchBar-application-manageresources-display-component---newResourceUnit--resource-anchor\"]"}
COMMAND: POST /session/9d48326ae870b5d3a573a2f725ac1bbc/element/f.0A588440BBC4B09490297E8A4E4C478B.d.41D1EF9086E791316EDCAB3FB4434752.e.13363/click - {}
RESULT: {}
COMMAND: POST /session/9d48326ae870b5d3a573a2f725ac1bbc/execute/async - {"script":"<script> [1562 bytes]","args":[{"selector":{"id":"application-manageresources-display-component---newResourceUnit--PLANNED_DELIVERY_DATE","interaction":{"idSuffix":"inner"}},"wdio_ui5_key":"applicationmanageresources-display-component---newResourceUnit--PLANNED_DELIVERY_DATE"}]}
COMMAND: GET /session/9d48326ae870b5d3a573a2f725ac1bbc/screenshot - {}
RESULT: {"script":"<script> [1562 bytes]","args":[{"selector":{"id":"application-manageresources-display-component---newResourceUnit--PLANNED_DELIVERY_DATE","interaction":{"idSuffix":"inner"}},"wdio_ui5_key":"applicationmanageresources-display-component---newResourceUnit--PLANNED_DELIVERY_DATE"}]}
RESULT: undefined
COMMAND: POST /session/9d48326ae870b5d3a573a2f725ac1bbc/execute/async - {"script":"<script> [6424 bytes]","args":[{"element-6066-11e4-a52e-4f735466cecf":"f.0A588440BBC4B09490297E8A4E4C478B.d.41D1EF9086E791316EDCAB3FB4434752.e.13193"},"setValue",["5/31/25"]]}
RESULT: {}
RESULT: {"script":"<script> [6424 bytes]","args":[{"element-6066-11e4-a52e-4f735466cecf":"f.0A588440BBC4B09490297E8A4E4C478B.d.41D1EF9086E791316EDCAB3FB4434752.e.13193"},"setValue",["5/31/25"]]}
COMMAND: POST /session/9d48326ae870b5d3a573a2f725ac1bbc/element - {"using":"xpath","value":"//label[contains(@class, 'sapMLabelRequired') and .//bdi[contains(text(), 'Planned Retirement')]]"}
RESULT: {"using":"xpath","value":"//label[contains(@class, 'sapMLabelRequired') and .//bdi[contains(text(), 'Planned Retirement')]]"}
COMMAND: POST /session/9d48326ae870b5d3a573a2f725ac1bbc/elements - {"using":"xpath","value":"//label[contains(@class, 'sapMLabelRequired') and .//bdi[contains(text(), 'Planned Retirement')]]"}
RESULT: {"using":"xpath","value":"//label[contains(@class, 'sapMLabelRequired') and .//bdi[contains(text(), 'Planned Retirement')]]"}
COMMAND: POST /session/9d48326ae870b5d3a573a2f725ac1bbc/element - {"using":"xpath","value":"//button[@data-kt=\"resourceUnitSaveButton\"]"}
RESULT: {"using":"xpath","value":"//button[@data-kt=\"resourceUnitSaveButton\"]"}
COMMAND: POST /session/9d48326ae870b5d3a573a2f725ac1bbc/element/f.0A588440BBC4B09490297E8A4E4C478B.d.41D1EF9086E791316EDCAB3FB4434752.e.13153/click - {}
RESULT: {}
COMMAND: GET /session/9d48326ae870b5d3a573a2f725ac1bbc/screenshot - {}
RESULT: {}
COMMAND: POST /session/9d48326ae870b5d3a573a2f725ac1bbc/element - {"using":"xpath","value":"//bdi[contains(text(), \"Close\")]"}
RESULT: {"using":"xpath","value":"//bdi[contains(text(), \"Close\")]"}
COMMAND: POST /session/9d48326ae870b5d3a573a2f725ac1bbc/element/f.0A588440BBC4B09490297E8A4E4C478B.d.41D1EF9086E791316EDCAB3FB4434752.e.13371/click - {}
RESULT: {}
COMMAND: GET /session/9d48326ae870b5d3a573a2f725ac1bbc/screenshot - {}
RESULT: {}
COMMAND: POST /session/9d48326ae870b5d3a573a2f725ac1bbc/element - {"using":"xpath","value":"(//button[contains(@id ,\"actionsToolbar-overflowButton\")])[1]"}
RESULT: {"using":"xpath","value":"(//button[contains(@id ,\"actionsToolbar-overflowButton\")])[1]"}
COMMAND: POST /session/9d48326ae870b5d3a573a2f725ac1bbc/element/f.0A588440BBC4B09490297E8A4E4C478B.d.41D1EF9086E791316EDCAB3FB4434752.e.13429/click - {}
RESULT: {}
COMMAND: GET /session/9d48326ae870b5d3a573a2f725ac1bbc/screenshot - {}
RESULT: {}
COMMAND: POST /session/9d48326ae870b5d3a573a2f725ac1bbc/element - {"using":"xpath","value":"//button[@data-kt=\"priceInfoButton\"]"}
RESULT: {"using":"xpath","value":"//button[@data-kt=\"priceInfoButton\"]"}
COMMAND: POST /session/9d48326ae870b5d3a573a2f725ac1bbc/element/f.0A588440BBC4B09490297E8A4E4C478B.d.41D1EF9086E791316EDCAB3FB4434752.e.13431/click - {}
RESULT: {}
COMMAND: GET /session/9d48326ae870b5d3a573a2f725ac1bbc/screenshot - {}
RESULT: {}
]]></system-out>
    </testcase>
    <testcase classname="chrome.136_0_7103_93.windows.Create_Reverse_Billing_US127248" name="Should create a pricing procedure" time="54.422">
      <system-out><![CDATA[
COMMAND: POST /session/9d48326ae870b5d3a573a2f725ac1bbc/element - {"using":"xpath","value":"//button[@data-kt=\"addButton\"]"}
RESULT: {"using":"xpath","value":"//button[@data-kt=\"addButton\"]"}
COMMAND: POST /session/9d48326ae870b5d3a573a2f725ac1bbc/elements - {"using":"xpath","value":"//button[@data-kt=\"addButton\"]"}
RESULT: {"using":"xpath","value":"//button[@data-kt=\"addButton\"]"}
COMMAND: POST /session/9d48326ae870b5d3a573a2f725ac1bbc/elements - {"using":"xpath","value":"//button[@data-kt=\"addButton\"]"}
RESULT: {"using":"xpath","value":"//button[@data-kt=\"addButton\"]"}
COMMAND: POST /session/9d48326ae870b5d3a573a2f725ac1bbc/element - {"using":"xpath","value":"//button[@data-kt=\"addButton\"]"}
RESULT: {"using":"xpath","value":"//button[@data-kt=\"addButton\"]"}
COMMAND: POST /session/9d48326ae870b5d3a573a2f725ac1bbc/execute/sync - {"script":"<script> [8489 bytes]","args":[{"element-6066-11e4-a52e-4f735466cecf":"f.0A588440BBC4B09490297E8A4E4C478B.d.41D1EF9086E791316EDCAB3FB4434752.e.13468","ELEMENT":"f.0A588440BBC4B09490297E8A4E4C478B.d.41D1EF9086E791316EDCAB3FB4434752.e.13468"}]}
RESULT: {"script":"<script> [8489 bytes]","args":[{"element-6066-11e4-a52e-4f735466cecf":"f.0A588440BBC4B09490297E8A4E4C478B.d.41D1EF9086E791316EDCAB3FB4434752.e.13468","ELEMENT":"f.0A588440BBC4B09490297E8A4E4C478B.d.41D1EF9086E791316EDCAB3FB4434752.e.13468"}]}
COMMAND: GET /session/9d48326ae870b5d3a573a2f725ac1bbc/element/f.0A588440BBC4B09490297E8A4E4C478B.d.41D1EF9086E791316EDCAB3FB4434752.e.13468/enabled - {}
COMMAND: GET /session/9d48326ae870b5d3a573a2f725ac1bbc/screenshot - {}
RESULT: {}
COMMAND: POST /session/9d48326ae870b5d3a573a2f725ac1bbc/execute/sync - {"script":"<script> [8489 bytes]","args":[{"element-6066-11e4-a52e-4f735466cecf":"f.0A588440BBC4B09490297E8A4E4C478B.d.41D1EF9086E791316EDCAB3FB4434752.e.13468","ELEMENT":"f.0A588440BBC4B09490297E8A4E4C478B.d.41D1EF9086E791316EDCAB3FB4434752.e.13468"}]}
COMMAND: GET /session/9d48326ae870b5d3a573a2f725ac1bbc/screenshot - {}
RESULT: {}
RESULT: {"script":"<script> [8489 bytes]","args":[{"element-6066-11e4-a52e-4f735466cecf":"f.0A588440BBC4B09490297E8A4E4C478B.d.41D1EF9086E791316EDCAB3FB4434752.e.13468","ELEMENT":"f.0A588440BBC4B09490297E8A4E4C478B.d.41D1EF9086E791316EDCAB3FB4434752.e.13468"}]}
COMMAND: POST /session/9d48326ae870b5d3a573a2f725ac1bbc/execute/sync - {"script":"<script> [5351 bytes]","args":[{"element-6066-11e4-a52e-4f735466cecf":"f.0A588440BBC4B09490297E8A4E4C478B.d.41D1EF9086E791316EDCAB3FB4434752.e.13468","ELEMENT":"f.0A588440BBC4B09490297E8A4E4C478B.d.41D1EF9086E791316EDCAB3FB4434752.e.13468"}]}
COMMAND: GET /session/9d48326ae870b5d3a573a2f725ac1bbc/screenshot - {}
RESULT: {}
RESULT: {"script":"<script> [5351 bytes]","args":[{"element-6066-11e4-a52e-4f735466cecf":"f.0A588440BBC4B09490297E8A4E4C478B.d.41D1EF9086E791316EDCAB3FB4434752.e.13468","ELEMENT":"f.0A588440BBC4B09490297E8A4E4C478B.d.41D1EF9086E791316EDCAB3FB4434752.e.13468"}]}
COMMAND: POST /session/9d48326ae870b5d3a573a2f725ac1bbc/element/f.0A588440BBC4B09490297E8A4E4C478B.d.41D1EF9086E791316EDCAB3FB4434752.e.13468/click - {}
COMMAND: GET /session/9d48326ae870b5d3a573a2f725ac1bbc/screenshot - {}
RESULT: {}
RESULT: {}
COMMAND: GET /session/9d48326ae870b5d3a573a2f725ac1bbc/screenshot - {}
RESULT: {}
RESULT: {}
COMMAND: POST /session/9d48326ae870b5d3a573a2f725ac1bbc/execute/async - {"script":"<script> [1562 bytes]","args":[{"selector":{"controlType":"sap.m.Title","viewName":"etm.portal.ui.managepricingrules.view.NewItem","viewId":"application-managepricingrules-display-component---newInfoPriceItem","properties":{"text":"New Pricing Rules - Item Level"}},"wdio_ui5_key":"etmportal.ui.managepricingrules.view.NewItemsap.m.Title{\"text\":\"New Pricing Rules - Item Level\"}"}]}
RESULT: {"script":"<script> [1562 bytes]","args":[{"selector":{"controlType":"sap.m.Title","viewName":"etm.portal.ui.managepricingrules.view.NewItem","viewId":"application-managepricingrules-display-component---newInfoPriceItem","properties":{"text":"New Pricing Rules - Item Level"}},"wdio_ui5_key":"etmportal.ui.managepricingrules.view.NewItemsap.m.Title{\"text\":\"New Pricing Rules - Item Level\"}"}]}
RESULT: undefined
COMMAND: POST /session/9d48326ae870b5d3a573a2f725ac1bbc/execute/async - {"script":"<script> [6424 bytes]","args":[{"element-6066-11e4-a52e-4f735466cecf":"f.0A588440BBC4B09490297E8A4E4C478B.d.41D1EF9086E791316EDCAB3FB4434752.e.13640"},"getText",[]]}
RESULT: {"script":"<script> [6424 bytes]","args":[{"element-6066-11e4-a52e-4f735466cecf":"f.0A588440BBC4B09490297E8A4E4C478B.d.41D1EF9086E791316EDCAB3FB4434752.e.13640"},"getText",[]]}
COMMAND: POST /session/9d48326ae870b5d3a573a2f725ac1bbc/execute/async - {"script":"<script> [1562 bytes]","args":[{"selector":{"id":"application-managepricingrules-display-component---newInfoPriceItem--condValidTo","interaction":{"idSuffix":"inner"}},"wdio_ui5_key":"applicationmanagepricingrules-display-component---newInfoPriceItem--condValidTo"}]}
RESULT: {"script":"<script> [1562 bytes]","args":[{"selector":{"id":"application-managepricingrules-display-component---newInfoPriceItem--condValidTo","interaction":{"idSuffix":"inner"}},"wdio_ui5_key":"applicationmanagepricingrules-display-component---newInfoPriceItem--condValidTo"}]}
RESULT: undefined
COMMAND: POST /session/9d48326ae870b5d3a573a2f725ac1bbc/execute/async - {"script":"<script> [776 bytes]","args":[{"enterText":"1/31/26","selector":{"id":"application-managepricingrules-display-component---newInfoPriceItem--condValidTo","interaction":{"idSuffix":"inner"}},"clearTextFirst":true,"interactionType":"ENTER_TEXT"}]}
RESULT: {"script":"<script> [776 bytes]","args":[{"enterText":"1/31/26","selector":{"id":"application-managepricingrules-display-component---newInfoPriceItem--condValidTo","interaction":{"idSuffix":"inner"}},"clearTextFirst":true,"interactionType":"ENTER_TEXT"}]}
COMMAND: POST /session/9d48326ae870b5d3a573a2f725ac1bbc/execute/async - {"script":"<script> [1562 bytes]","args":[{"selector":{"id":"application-managepricingrules-display-component---newInfoPriceItem--billType-arrow"},"wdio_ui5_key":"applicationmanagepricingrules-display-component---newInfoPriceItem--billType-arrow"}]}
RESULT: {"script":"<script> [1562 bytes]","args":[{"selector":{"id":"application-managepricingrules-display-component---newInfoPriceItem--billType-arrow"},"wdio_ui5_key":"applicationmanagepricingrules-display-component---newInfoPriceItem--billType-arrow"}]}
RESULT: undefined
COMMAND: POST /session/9d48326ae870b5d3a573a2f725ac1bbc/element - {"using":"xpath","value":"//*[@id=\"application-managepricingrules-display-component---newInfoPriceItem--billType-arrow\"]"}
RESULT: {"using":"xpath","value":"//*[@id=\"application-managepricingrules-display-component---newInfoPriceItem--billType-arrow\"]"}
COMMAND: POST /session/9d48326ae870b5d3a573a2f725ac1bbc/element/f.0A588440BBC4B09490297E8A4E4C478B.d.41D1EF9086E791316EDCAB3FB4434752.e.13600/click - {}
RESULT: {}
COMMAND: POST /session/9d48326ae870b5d3a573a2f725ac1bbc/element - {"using":"xpath","value":"//span[contains(text(), \"TB - Time based\")]"}
COMMAND: GET /session/9d48326ae870b5d3a573a2f725ac1bbc/screenshot - {}
RESULT: {"using":"xpath","value":"//span[contains(text(), \"TB - Time based\")]"}
COMMAND: POST /session/9d48326ae870b5d3a573a2f725ac1bbc/element/f.0A588440BBC4B09490297E8A4E4C478B.d.41D1EF9086E791316EDCAB3FB4434752.e.13642/click - {}
RESULT: {}
RESULT: {}
COMMAND: POST /session/9d48326ae870b5d3a573a2f725ac1bbc/execute/async - {"script":"<script> [1562 bytes]","args":[{"selector":{"id":"application-managepricingrules-display-component---newInfoPriceItem--priceProc-arrow"},"wdio_ui5_key":"applicationmanagepricingrules-display-component---newInfoPriceItem--priceProc-arrow"}]}
COMMAND: GET /session/9d48326ae870b5d3a573a2f725ac1bbc/screenshot - {}
RESULT: {"script":"<script> [1562 bytes]","args":[{"selector":{"id":"application-managepricingrules-display-component---newInfoPriceItem--priceProc-arrow"},"wdio_ui5_key":"applicationmanagepricingrules-display-component---newInfoPriceItem--priceProc-arrow"}]}
RESULT: undefined
COMMAND: POST /session/9d48326ae870b5d3a573a2f725ac1bbc/element - {"using":"xpath","value":"//*[@id=\"application-managepricingrules-display-component---newInfoPriceItem--priceProc-arrow\"]"}
RESULT: {}
RESULT: {"using":"xpath","value":"//*[@id=\"application-managepricingrules-display-component---newInfoPriceItem--priceProc-arrow\"]"}
COMMAND: POST /session/9d48326ae870b5d3a573a2f725ac1bbc/element/f.0A588440BBC4B09490297E8A4E4C478B.d.41D1EF9086E791316EDCAB3FB4434752.e.13607/click - {}
RESULT: {}
COMMAND: POST /session/9d48326ae870b5d3a573a2f725ac1bbc/element - {"using":"xpath","value":"//span[contains(text(), \"TBS - Time based standard\")]"}
COMMAND: GET /session/9d48326ae870b5d3a573a2f725ac1bbc/screenshot - {}
RESULT: {"using":"xpath","value":"//span[contains(text(), \"TBS - Time based standard\")]"}
COMMAND: POST /session/9d48326ae870b5d3a573a2f725ac1bbc/element/f.0A588440BBC4B09490297E8A4E4C478B.d.41D1EF9086E791316EDCAB3FB4434752.e.13643/click - {}
RESULT: {}
RESULT: {}
COMMAND: POST /session/9d48326ae870b5d3a573a2f725ac1bbc/execute/async - {"script":"<script> [1562 bytes]","args":[{"selector":{"id":"application-managepricingrules-display-component---newInfoPriceItem--calcBase-arrow"},"wdio_ui5_key":"applicationmanagepricingrules-display-component---newInfoPriceItem--calcBase-arrow"}]}
COMMAND: GET /session/9d48326ae870b5d3a573a2f725ac1bbc/screenshot - {}
RESULT: {"script":"<script> [1562 bytes]","args":[{"selector":{"id":"application-managepricingrules-display-component---newInfoPriceItem--calcBase-arrow"},"wdio_ui5_key":"applicationmanagepricingrules-display-component---newInfoPriceItem--calcBase-arrow"}]}
RESULT: undefined
COMMAND: POST /session/9d48326ae870b5d3a573a2f725ac1bbc/element - {"using":"xpath","value":"//*[@id=\"application-managepricingrules-display-component---newInfoPriceItem--calcBase-arrow\"]"}
RESULT: {}
RESULT: {"using":"xpath","value":"//*[@id=\"application-managepricingrules-display-component---newInfoPriceItem--calcBase-arrow\"]"}
COMMAND: POST /session/9d48326ae870b5d3a573a2f725ac1bbc/element/f.0A588440BBC4B09490297E8A4E4C478B.d.41D1EF9086E791316EDCAB3FB4434752.e.13614/click - {}
RESULT: {}
COMMAND: GET /session/9d48326ae870b5d3a573a2f725ac1bbc/screenshot - {}
RESULT: {}
COMMAND: POST /session/9d48326ae870b5d3a573a2f725ac1bbc/element - {"using":"xpath","value":"//span[contains(text(), \"0006 - TB(calendar days)\")]"}
RESULT: {"using":"xpath","value":"//span[contains(text(), \"0006 - TB(calendar days)\")]"}
COMMAND: POST /session/9d48326ae870b5d3a573a2f725ac1bbc/element/f.0A588440BBC4B09490297E8A4E4C478B.d.41D1EF9086E791316EDCAB3FB4434752.e.13644/click - {}
RESULT: {}
COMMAND: GET /session/9d48326ae870b5d3a573a2f725ac1bbc/screenshot - {}
RESULT: {}
COMMAND: POST /session/9d48326ae870b5d3a573a2f725ac1bbc/execute/async - {"script":"<script> [1562 bytes]","args":[{"selector":{"id":"application-managepricingrules-display-component---newInfoPriceItem--daysMonth","interaction":{"idSuffix":"inner"}},"wdio_ui5_key":"applicationmanagepricingrules-display-component---newInfoPriceItem--daysMonth"}]}
RESULT: {"script":"<script> [1562 bytes]","args":[{"selector":{"id":"application-managepricingrules-display-component---newInfoPriceItem--daysMonth","interaction":{"idSuffix":"inner"}},"wdio_ui5_key":"applicationmanagepricingrules-display-component---newInfoPriceItem--daysMonth"}]}
RESULT: undefined
COMMAND: POST /session/9d48326ae870b5d3a573a2f725ac1bbc/execute/async - {"script":"<script> [776 bytes]","args":[{"enterText":"30","selector":{"id":"application-managepricingrules-display-component---newInfoPriceItem--daysMonth","interaction":{"idSuffix":"inner"}},"clearTextFirst":true,"interactionType":"ENTER_TEXT"}]}
RESULT: {"script":"<script> [776 bytes]","args":[{"enterText":"30","selector":{"id":"application-managepricingrules-display-component---newInfoPriceItem--daysMonth","interaction":{"idSuffix":"inner"}},"clearTextFirst":true,"interactionType":"ENTER_TEXT"}]}
COMMAND: POST /session/9d48326ae870b5d3a573a2f725ac1bbc/element - {"using":"xpath","value":"//button[@data-kt=\"saveNewRuleButton\"]"}
RESULT: {"using":"xpath","value":"//button[@data-kt=\"saveNewRuleButton\"]"}
COMMAND: POST /session/9d48326ae870b5d3a573a2f725ac1bbc/element/f.0A588440BBC4B09490297E8A4E4C478B.d.41D1EF9086E791316EDCAB3FB4434752.e.13634/click - {}
RESULT: {}
COMMAND: GET /session/9d48326ae870b5d3a573a2f725ac1bbc/screenshot - {}
RESULT: {}
COMMAND: POST /session/9d48326ae870b5d3a573a2f725ac1bbc/execute/async - {"script":"<script> [1562 bytes]","args":[{"selector":{"id":"application-managepricingrules-display-component---priceInfoItem--smartFilterBar-btnBasicSearch","interaction":{"idSuffix":"I"}},"wdio_ui5_key":"applicationmanagepricingrules-display-component---priceInfoItem--smartFilterBar-btnBasicSearch"}]}
RESULT: {"script":"<script> [1562 bytes]","args":[{"selector":{"id":"application-managepricingrules-display-component---priceInfoItem--smartFilterBar-btnBasicSearch","interaction":{"idSuffix":"I"}},"wdio_ui5_key":"applicationmanagepricingrules-display-component---priceInfoItem--smartFilterBar-btnBasicSearch"}]}
RESULT: undefined
COMMAND: POST /session/9d48326ae870b5d3a573a2f725ac1bbc/execute/async - {"script":"<script> [776 bytes]","args":[{"enterText":"rl9E3HV9Gw","selector":{"id":"application-managepricingrules-display-component---priceInfoItem--smartFilterBar-btnBasicSearch","interaction":{"idSuffix":"I"}},"clearTextFirst":true,"interactionType":"ENTER_TEXT"}]}
RESULT: {"script":"<script> [776 bytes]","args":[{"enterText":"rl9E3HV9Gw","selector":{"id":"application-managepricingrules-display-component---priceInfoItem--smartFilterBar-btnBasicSearch","interaction":{"idSuffix":"I"}},"clearTextFirst":true,"interactionType":"ENTER_TEXT"}]}
COMMAND: POST /session/9d48326ae870b5d3a573a2f725ac1bbc/actions - {"actions":[{"id":"action49","type":"key","parameters":{},"actions":[{"type":"keyDown","value":""},{"type":"pause","duration":10},{"type":"keyUp","value":""}]}]}
RESULT: {"actions":[{"id":"action49","type":"key","parameters":{},"actions":[{"type":"keyDown","value":""},{"type":"pause","duration":10},{"type":"keyUp","value":""}]}]}
COMMAND: GET /session/9d48326ae870b5d3a573a2f725ac1bbc/screenshot - {}
RESULT: {}
COMMAND: POST /session/9d48326ae870b5d3a573a2f725ac1bbc/element - {"using":"xpath","value":"//span[@id=\"application-managepricingrules-display-component---priceInfoItem--smartTable-header-inner\"]"}
RESULT: {"using":"xpath","value":"//span[@id=\"application-managepricingrules-display-component---priceInfoItem--smartTable-header-inner\"]"}
COMMAND: POST /session/9d48326ae870b5d3a573a2f725ac1bbc/elements - {"using":"xpath","value":"//span[@id=\"application-managepricingrules-display-component---priceInfoItem--smartTable-header-inner\"]"}
RESULT: {"using":"xpath","value":"//span[@id=\"application-managepricingrules-display-component---priceInfoItem--smartTable-header-inner\"]"}
COMMAND: POST /session/9d48326ae870b5d3a573a2f725ac1bbc/execute/sync - {"script":"<script> [56 bytes]","args":[{"element-6066-11e4-a52e-4f735466cecf":"f.0A588440BBC4B09490297E8A4E4C478B.d.41D1EF9086E791316EDCAB3FB4434752.e.13658","ELEMENT":"f.0A588440BBC4B09490297E8A4E4C478B.d.41D1EF9086E791316EDCAB3FB4434752.e.13658"}]}
RESULT: {"script":"<script> [56 bytes]","args":[{"element-6066-11e4-a52e-4f735466cecf":"f.0A588440BBC4B09490297E8A4E4C478B.d.41D1EF9086E791316EDCAB3FB4434752.e.13658","ELEMENT":"f.0A588440BBC4B09490297E8A4E4C478B.d.41D1EF9086E791316EDCAB3FB4434752.e.13658"}]}
COMMAND: POST /session/9d48326ae870b5d3a573a2f725ac1bbc/element - {"using":"css selector","value":"#shell-header-logo"}
COMMAND: GET /session/9d48326ae870b5d3a573a2f725ac1bbc/screenshot - {}
RESULT: {"using":"css selector","value":"#shell-header-logo"}
COMMAND: POST /session/9d48326ae870b5d3a573a2f725ac1bbc/element/f.0A588440BBC4B09490297E8A4E4C478B.d.41D1EF9086E791316EDCAB3FB4434752.e.12743/click - {}
RESULT: {}
RESULT: {}
COMMAND: GET /session/9d48326ae870b5d3a573a2f725ac1bbc/screenshot - {}
RESULT: {}
]]></system-out>
    </testcase>
    <testcase classname="chrome.136_0_7103_93.windows.Create_Reverse_Billing_US127248" name="Should manage conditions" time="67.929">
      <system-out><![CDATA[
COMMAND: POST /session/9d48326ae870b5d3a573a2f725ac1bbc/execute/async - {"script":"<script> [1562 bytes]","args":[{"selector":{"controlType":"sap.m.GenericTile","properties":{"header":"Manage Conditions & Prices"}},"wdio_ui5_key":"sapm.GenericTile{\"header\":\"Manage Conditions & Prices\"}"}]}
RESULT: {"script":"<script> [1562 bytes]","args":[{"selector":{"controlType":"sap.m.GenericTile","properties":{"header":"Manage Conditions & Prices"}},"wdio_ui5_key":"sapm.GenericTile{\"header\":\"Manage Conditions & Prices\"}"}]}
RESULT: undefined
COMMAND: POST /session/9d48326ae870b5d3a573a2f725ac1bbc/element - {"using":"xpath","value":"//*[@id=\"__tile53\"]"}
RESULT: {"using":"xpath","value":"//*[@id=\"__tile53\"]"}
COMMAND: POST /session/9d48326ae870b5d3a573a2f725ac1bbc/element/f.0A588440BBC4B09490297E8A4E4C478B.d.41D1EF9086E791316EDCAB3FB4434752.e.12683/click - {}
RESULT: {}
COMMAND: GET /session/9d48326ae870b5d3a573a2f725ac1bbc/screenshot - {}
RESULT: {}
COMMAND: POST /session/9d48326ae870b5d3a573a2f725ac1bbc/elements - {"using":"xpath","value":"//span[text()='Error']"}
RESULT: {"using":"xpath","value":"//span[text()='Error']"}
COMMAND: POST /session/9d48326ae870b5d3a573a2f725ac1bbc/element - {"using":"xpath","value":"//button[@aria-label=\"Create\"]"}
RESULT: {"using":"xpath","value":"//button[@aria-label=\"Create\"]"}
COMMAND: POST /session/9d48326ae870b5d3a573a2f725ac1bbc/elements - {"using":"xpath","value":"//button[@aria-label=\"Create\"]"}
RESULT: {"using":"xpath","value":"//button[@aria-label=\"Create\"]"}
COMMAND: POST /session/9d48326ae870b5d3a573a2f725ac1bbc/execute/sync - {"script":"<script> [8489 bytes]","args":[{"element-6066-11e4-a52e-4f735466cecf":"f.0A588440BBC4B09490297E8A4E4C478B.d.41D1EF9086E791316EDCAB3FB4434752.e.13693","ELEMENT":"f.0A588440BBC4B09490297E8A4E4C478B.d.41D1EF9086E791316EDCAB3FB4434752.e.13693"}]}
RESULT: {"script":"<script> [8489 bytes]","args":[{"element-6066-11e4-a52e-4f735466cecf":"f.0A588440BBC4B09490297E8A4E4C478B.d.41D1EF9086E791316EDCAB3FB4434752.e.13693","ELEMENT":"f.0A588440BBC4B09490297E8A4E4C478B.d.41D1EF9086E791316EDCAB3FB4434752.e.13693"}]}
COMMAND: GET /session/9d48326ae870b5d3a573a2f725ac1bbc/element/f.0A588440BBC4B09490297E8A4E4C478B.d.41D1EF9086E791316EDCAB3FB4434752.e.13693/enabled - {}
COMMAND: GET /session/9d48326ae870b5d3a573a2f725ac1bbc/screenshot - {}
RESULT: {}
COMMAND: POST /session/9d48326ae870b5d3a573a2f725ac1bbc/execute/sync - {"script":"<script> [8489 bytes]","args":[{"element-6066-11e4-a52e-4f735466cecf":"f.0A588440BBC4B09490297E8A4E4C478B.d.41D1EF9086E791316EDCAB3FB4434752.e.13693","ELEMENT":"f.0A588440BBC4B09490297E8A4E4C478B.d.41D1EF9086E791316EDCAB3FB4434752.e.13693"}]}
COMMAND: GET /session/9d48326ae870b5d3a573a2f725ac1bbc/screenshot - {}
RESULT: {}
RESULT: {"script":"<script> [8489 bytes]","args":[{"element-6066-11e4-a52e-4f735466cecf":"f.0A588440BBC4B09490297E8A4E4C478B.d.41D1EF9086E791316EDCAB3FB4434752.e.13693","ELEMENT":"f.0A588440BBC4B09490297E8A4E4C478B.d.41D1EF9086E791316EDCAB3FB4434752.e.13693"}]}
COMMAND: POST /session/9d48326ae870b5d3a573a2f725ac1bbc/execute/sync - {"script":"<script> [5351 bytes]","args":[{"element-6066-11e4-a52e-4f735466cecf":"f.0A588440BBC4B09490297E8A4E4C478B.d.41D1EF9086E791316EDCAB3FB4434752.e.13693","ELEMENT":"f.0A588440BBC4B09490297E8A4E4C478B.d.41D1EF9086E791316EDCAB3FB4434752.e.13693"}]}
COMMAND: GET /session/9d48326ae870b5d3a573a2f725ac1bbc/screenshot - {}
RESULT: {}
RESULT: {"script":"<script> [5351 bytes]","args":[{"element-6066-11e4-a52e-4f735466cecf":"f.0A588440BBC4B09490297E8A4E4C478B.d.41D1EF9086E791316EDCAB3FB4434752.e.13693","ELEMENT":"f.0A588440BBC4B09490297E8A4E4C478B.d.41D1EF9086E791316EDCAB3FB4434752.e.13693"}]}
COMMAND: POST /session/9d48326ae870b5d3a573a2f725ac1bbc/element/f.0A588440BBC4B09490297E8A4E4C478B.d.41D1EF9086E791316EDCAB3FB4434752.e.13693/click - {}
COMMAND: GET /session/9d48326ae870b5d3a573a2f725ac1bbc/screenshot - {}
RESULT: {}
RESULT: {}
COMMAND: GET /session/9d48326ae870b5d3a573a2f725ac1bbc/screenshot - {}
RESULT: {}
RESULT: {}
COMMAND: POST /session/9d48326ae870b5d3a573a2f725ac1bbc/actions - {"actions":[{"id":"action50","type":"key","parameters":{},"actions":[{"type":"keyDown","value":""},{"type":"pause","duration":10},{"type":"keyUp","value":""}]}]}
RESULT: {"actions":[{"id":"action50","type":"key","parameters":{},"actions":[{"type":"keyDown","value":""},{"type":"pause","duration":10},{"type":"keyUp","value":""}]}]}
COMMAND: GET /session/9d48326ae870b5d3a573a2f725ac1bbc/screenshot - {}
RESULT: {}
COMMAND: POST /session/9d48326ae870b5d3a573a2f725ac1bbc/execute/async - {"script":"<script> [1562 bytes]","args":[{"selector":{"id":"application-manageconditionprice-display-component---newCondition--condBillCond-arrow"},"wdio_ui5_key":"applicationmanageconditionprice-display-component---newCondition--condBillCond-arrow"}]}
RESULT: {"script":"<script> [1562 bytes]","args":[{"selector":{"id":"application-manageconditionprice-display-component---newCondition--condBillCond-arrow"},"wdio_ui5_key":"applicationmanageconditionprice-display-component---newCondition--condBillCond-arrow"}]}
RESULT: undefined
COMMAND: POST /session/9d48326ae870b5d3a573a2f725ac1bbc/element - {"using":"xpath","value":"//*[@id=\"application-manageconditionprice-display-component---newCondition--condBillCond-arrow\"]"}
RESULT: {"using":"xpath","value":"//*[@id=\"application-manageconditionprice-display-component---newCondition--condBillCond-arrow\"]"}
COMMAND: POST /session/9d48326ae870b5d3a573a2f725ac1bbc/element/f.0A588440BBC4B09490297E8A4E4C478B.d.41D1EF9086E791316EDCAB3FB4434752.e.13870/click - {}
RESULT: {}
COMMAND: GET /session/9d48326ae870b5d3a573a2f725ac1bbc/screenshot - {}
RESULT: {}
COMMAND: POST /session/9d48326ae870b5d3a573a2f725ac1bbc/element - {"using":"xpath","value":"//li[.//span[contains(text(), \"DISP - D&I special price\")]]"}
RESULT: {"using":"xpath","value":"//li[.//span[contains(text(), \"DISP - D&I special price\")]]"}
COMMAND: POST /session/9d48326ae870b5d3a573a2f725ac1bbc/element/f.0A588440BBC4B09490297E8A4E4C478B.d.41D1EF9086E791316EDCAB3FB4434752.e.13873/click - {}
RESULT: {}
COMMAND: GET /session/9d48326ae870b5d3a573a2f725ac1bbc/screenshot - {}
RESULT: {}
COMMAND: POST /session/9d48326ae870b5d3a573a2f725ac1bbc/execute/async - {"script":"<script> [1562 bytes]","args":[{"selector":{"id":"application-manageconditionprice-display-component---newCondition--condValidTo","interaction":{"idSuffix":"inner"}},"wdio_ui5_key":"applicationmanageconditionprice-display-component---newCondition--condValidTo"}]}
RESULT: {"script":"<script> [1562 bytes]","args":[{"selector":{"id":"application-manageconditionprice-display-component---newCondition--condValidTo","interaction":{"idSuffix":"inner"}},"wdio_ui5_key":"applicationmanageconditionprice-display-component---newCondition--condValidTo"}]}
RESULT: undefined
COMMAND: POST /session/9d48326ae870b5d3a573a2f725ac1bbc/execute/async - {"script":"<script> [776 bytes]","args":[{"enterText":"1/31/26","selector":{"id":"application-manageconditionprice-display-component---newCondition--condValidTo","interaction":{"idSuffix":"inner"}},"clearTextFirst":true,"interactionType":"ENTER_TEXT"}]}
RESULT: {"script":"<script> [776 bytes]","args":[{"enterText":"1/31/26","selector":{"id":"application-manageconditionprice-display-component---newCondition--condValidTo","interaction":{"idSuffix":"inner"}},"clearTextFirst":true,"interactionType":"ENTER_TEXT"}]}
COMMAND: POST /session/9d48326ae870b5d3a573a2f725ac1bbc/element - {"using":"xpath","value":"//input[@id=\"application-manageconditionprice-display-component---newCondition--condRU-inner\"]"}
RESULT: {"using":"xpath","value":"//input[@id=\"application-manageconditionprice-display-component---newCondition--condRU-inner\"]"}
COMMAND: POST /session/9d48326ae870b5d3a573a2f725ac1bbc/element/f.0A588440BBC4B09490297E8A4E4C478B.d.41D1EF9086E791316EDCAB3FB4434752.e.13735/clear - {}
RESULT: {}
COMMAND: POST /session/9d48326ae870b5d3a573a2f725ac1bbc/element/f.0A588440BBC4B09490297E8A4E4C478B.d.41D1EF9086E791316EDCAB3FB4434752.e.13735/value - {"text":"rl9E3HV9Gw"}
COMMAND: GET /session/9d48326ae870b5d3a573a2f725ac1bbc/screenshot - {}
RESULT: {"text":"rl9E3HV9Gw"}
COMMAND: GET /session/9d48326ae870b5d3a573a2f725ac1bbc/screenshot - {}
RESULT: {}
RESULT: {}
COMMAND: POST /session/9d48326ae870b5d3a573a2f725ac1bbc/actions - {"actions":[{"id":"action51","type":"key","parameters":{},"actions":[{"type":"keyDown","value":""},{"type":"pause","duration":10},{"type":"keyUp","value":""}]}]}
RESULT: {"actions":[{"id":"action51","type":"key","parameters":{},"actions":[{"type":"keyDown","value":""},{"type":"pause","duration":10},{"type":"keyUp","value":""}]}]}
COMMAND: POST /session/9d48326ae870b5d3a573a2f725ac1bbc/execute/async - {"script":"<script> [1562 bytes]","args":[{"selector":{"id":"application-manageconditionprice-display-component---newCondition--condBaseQty","interaction":{"idSuffix":"inner"}},"wdio_ui5_key":"applicationmanageconditionprice-display-component---newCondition--condBaseQty"}]}
COMMAND: GET /session/9d48326ae870b5d3a573a2f725ac1bbc/screenshot - {}
RESULT: {"script":"<script> [1562 bytes]","args":[{"selector":{"id":"application-manageconditionprice-display-component---newCondition--condBaseQty","interaction":{"idSuffix":"inner"}},"wdio_ui5_key":"applicationmanageconditionprice-display-component---newCondition--condBaseQty"}]}
RESULT: undefined
COMMAND: POST /session/9d48326ae870b5d3a573a2f725ac1bbc/execute/async - {"script":"<script> [776 bytes]","args":[{"enterText":"1","selector":{"id":"application-manageconditionprice-display-component---newCondition--condBaseQty","interaction":{"idSuffix":"inner"}},"clearTextFirst":true,"interactionType":"ENTER_TEXT"}]}
RESULT: {}
RESULT: {"script":"<script> [776 bytes]","args":[{"enterText":"1","selector":{"id":"application-manageconditionprice-display-component---newCondition--condBaseQty","interaction":{"idSuffix":"inner"}},"clearTextFirst":true,"interactionType":"ENTER_TEXT"}]}
COMMAND: POST /session/9d48326ae870b5d3a573a2f725ac1bbc/execute/async - {"script":"<script> [1562 bytes]","args":[{"selector":{"id":"application-manageconditionprice-display-component---newCondition--condValue","interaction":{"idSuffix":"inner"}},"wdio_ui5_key":"applicationmanageconditionprice-display-component---newCondition--condValue"}]}
RESULT: {"script":"<script> [1562 bytes]","args":[{"selector":{"id":"application-manageconditionprice-display-component---newCondition--condValue","interaction":{"idSuffix":"inner"}},"wdio_ui5_key":"applicationmanageconditionprice-display-component---newCondition--condValue"}]}
RESULT: undefined
COMMAND: POST /session/9d48326ae870b5d3a573a2f725ac1bbc/execute/async - {"script":"<script> [776 bytes]","args":[{"enterText":"200","selector":{"id":"application-manageconditionprice-display-component---newCondition--condValue","interaction":{"idSuffix":"inner"}},"clearTextFirst":true,"interactionType":"ENTER_TEXT"}]}
RESULT: {"script":"<script> [776 bytes]","args":[{"enterText":"200","selector":{"id":"application-manageconditionprice-display-component---newCondition--condValue","interaction":{"idSuffix":"inner"}},"clearTextFirst":true,"interactionType":"ENTER_TEXT"}]}
COMMAND: POST /session/9d48326ae870b5d3a573a2f725ac1bbc/execute/async - {"script":"<script> [1562 bytes]","args":[{"selector":{"id":"application-manageconditionprice-display-component---newCondition--condCurr-arrow"},"wdio_ui5_key":"applicationmanageconditionprice-display-component---newCondition--condCurr-arrow"}]}
RESULT: {"script":"<script> [1562 bytes]","args":[{"selector":{"id":"application-manageconditionprice-display-component---newCondition--condCurr-arrow"},"wdio_ui5_key":"applicationmanageconditionprice-display-component---newCondition--condCurr-arrow"}]}
RESULT: undefined
COMMAND: POST /session/9d48326ae870b5d3a573a2f725ac1bbc/element - {"using":"xpath","value":"//*[@id=\"application-manageconditionprice-display-component---newCondition--condCurr-arrow\"]"}
RESULT: {"using":"xpath","value":"//*[@id=\"application-manageconditionprice-display-component---newCondition--condCurr-arrow\"]"}
COMMAND: POST /session/9d48326ae870b5d3a573a2f725ac1bbc/element/f.0A588440BBC4B09490297E8A4E4C478B.d.41D1EF9086E791316EDCAB3FB4434752.e.13854/click - {}
RESULT: {}
COMMAND: POST /session/9d48326ae870b5d3a573a2f725ac1bbc/element - {"using":"xpath","value":"//span[contains(text(), \"Euro\")]"}
COMMAND: GET /session/9d48326ae870b5d3a573a2f725ac1bbc/screenshot - {}
RESULT: {"using":"xpath","value":"//span[contains(text(), \"Euro\")]"}
COMMAND: POST /session/9d48326ae870b5d3a573a2f725ac1bbc/element/f.0A588440BBC4B09490297E8A4E4C478B.d.41D1EF9086E791316EDCAB3FB4434752.e.13910/click - {}
RESULT: {}
RESULT: {}
COMMAND: POST /session/9d48326ae870b5d3a573a2f725ac1bbc/element - {"using":"xpath","value":"//button[@data-kt=\"saveButton\"]"}
COMMAND: GET /session/9d48326ae870b5d3a573a2f725ac1bbc/screenshot - {}
RESULT: {"using":"xpath","value":"//button[@data-kt=\"saveButton\"]"}
COMMAND: POST /session/9d48326ae870b5d3a573a2f725ac1bbc/element/f.0A588440BBC4B09490297E8A4E4C478B.d.41D1EF9086E791316EDCAB3FB4434752.e.13855/click - {}
RESULT: {}
RESULT: {}
COMMAND: GET /session/9d48326ae870b5d3a573a2f725ac1bbc/screenshot - {}
RESULT: {}
COMMAND: POST /session/9d48326ae870b5d3a573a2f725ac1bbc/execute/async - {"script":"<script> [1562 bytes]","args":[{"selector":{"id":"application-manageconditionprice-display-component---conditions--smartFilterBar-btnBasicSearch","interaction":{"idSuffix":"I"}},"wdio_ui5_key":"applicationmanageconditionprice-display-component---conditions--smartFilterBar-btnBasicSearch"}]}
RESULT: {"script":"<script> [1562 bytes]","args":[{"selector":{"id":"application-manageconditionprice-display-component---conditions--smartFilterBar-btnBasicSearch","interaction":{"idSuffix":"I"}},"wdio_ui5_key":"applicationmanageconditionprice-display-component---conditions--smartFilterBar-btnBasicSearch"}]}
RESULT: undefined
COMMAND: POST /session/9d48326ae870b5d3a573a2f725ac1bbc/execute/async - {"script":"<script> [776 bytes]","args":[{"enterText":"rl9E3HV9Gw","selector":{"id":"application-manageconditionprice-display-component---conditions--smartFilterBar-btnBasicSearch","interaction":{"idSuffix":"I"}},"clearTextFirst":true,"interactionType":"ENTER_TEXT"}]}
RESULT: {"script":"<script> [776 bytes]","args":[{"enterText":"rl9E3HV9Gw","selector":{"id":"application-manageconditionprice-display-component---conditions--smartFilterBar-btnBasicSearch","interaction":{"idSuffix":"I"}},"clearTextFirst":true,"interactionType":"ENTER_TEXT"}]}
COMMAND: POST /session/9d48326ae870b5d3a573a2f725ac1bbc/actions - {"actions":[{"id":"action52","type":"key","parameters":{},"actions":[{"type":"keyDown","value":""},{"type":"pause","duration":10},{"type":"keyUp","value":""}]}]}
RESULT: {"actions":[{"id":"action52","type":"key","parameters":{},"actions":[{"type":"keyDown","value":""},{"type":"pause","duration":10},{"type":"keyUp","value":""}]}]}
COMMAND: GET /session/9d48326ae870b5d3a573a2f725ac1bbc/screenshot - {}
RESULT: {}
COMMAND: POST /session/9d48326ae870b5d3a573a2f725ac1bbc/execute/async - {"script":"<script> [1562 bytes]","args":[{"selector":{"id":"application-manageconditionprice-display-component---conditions--smartFilterBar-filterItemControl_BASIC-BILL_TYPES-vhi"},"wdio_ui5_key":"applicationmanageconditionprice-display-component---conditions--smartFilterBar-filterItemControl_BASIC-BILL_TYPES-vhi"}]}
RESULT: {"script":"<script> [1562 bytes]","args":[{"selector":{"id":"application-manageconditionprice-display-component---conditions--smartFilterBar-filterItemControl_BASIC-BILL_TYPES-vhi"},"wdio_ui5_key":"applicationmanageconditionprice-display-component---conditions--smartFilterBar-filterItemControl_BASIC-BILL_TYPES-vhi"}]}
RESULT: undefined
COMMAND: POST /session/9d48326ae870b5d3a573a2f725ac1bbc/element - {"using":"xpath","value":"//*[@id=\"application-manageconditionprice-display-component---conditions--smartFilterBar-filterItemControl_BASIC-BILL_TYPES-vhi\"]"}
RESULT: {"using":"xpath","value":"//*[@id=\"application-manageconditionprice-display-component---conditions--smartFilterBar-filterItemControl_BASIC-BILL_TYPES-vhi\"]"}
COMMAND: POST /session/9d48326ae870b5d3a573a2f725ac1bbc/element/f.0A588440BBC4B09490297E8A4E4C478B.d.41D1EF9086E791316EDCAB3FB4434752.e.13926/click - {}
RESULT: {}
COMMAND: POST /session/9d48326ae870b5d3a573a2f725ac1bbc/execute/async - {"script":"<script> [1562 bytes]","args":[{"selector":{"id":"application-manageconditionprice-display-component---conditions--smartFilterBar-filterItemControl_BASIC-BILL_TYPES-valueHelpDialog-smartFilterBar-btnBasicSearch","searchOpenDialogs":true,"interaction":{"idSuffix":"I"}},"wdio_ui5_key":"applicationmanageconditionprice-display-component---conditions--smartFilterBar-filterItemControl_BASIC-BILL_TYPES-valueHelpDialog-smartFilterBar-btnBasicSearch"}]}
COMMAND: GET /session/9d48326ae870b5d3a573a2f725ac1bbc/screenshot - {}
RESULT: {"script":"<script> [1562 bytes]","args":[{"selector":{"id":"application-manageconditionprice-display-component---conditions--smartFilterBar-filterItemControl_BASIC-BILL_TYPES-valueHelpDialog-smartFilterBar-btnBasicSearch","searchOpenDialogs":true,"interaction":{"idSuffix":"I"}},"wdio_ui5_key":"applicationmanageconditionprice-display-component---conditions--smartFilterBar-filterItemControl_BASIC-BILL_TYPES-valueHelpDialog-smartFilterBar-btnBasicSearch"}]}
RESULT: undefined
COMMAND: POST /session/9d48326ae870b5d3a573a2f725ac1bbc/execute/async - {"script":"<script> [776 bytes]","args":[{"enterText":"TB","selector":{"id":"application-manageconditionprice-display-component---conditions--smartFilterBar-filterItemControl_BASIC-BILL_TYPES-valueHelpDialog-smartFilterBar-btnBasicSearch","searchOpenDialogs":true,"interaction":{"idSuffix":"I"}},"clearTextFirst":true,"interactionType":"ENTER_TEXT"}]}
RESULT: {}
RESULT: {"script":"<script> [776 bytes]","args":[{"enterText":"TB","selector":{"id":"application-manageconditionprice-display-component---conditions--smartFilterBar-filterItemControl_BASIC-BILL_TYPES-valueHelpDialog-smartFilterBar-btnBasicSearch","searchOpenDialogs":true,"interaction":{"idSuffix":"I"}},"clearTextFirst":true,"interactionType":"ENTER_TEXT"}]}
COMMAND: POST /session/9d48326ae870b5d3a573a2f725ac1bbc/actions - {"actions":[{"id":"action53","type":"key","parameters":{},"actions":[{"type":"keyDown","value":""},{"type":"pause","duration":10},{"type":"keyUp","value":""}]}]}
RESULT: {"actions":[{"id":"action53","type":"key","parameters":{},"actions":[{"type":"keyDown","value":""},{"type":"pause","duration":10},{"type":"keyUp","value":""}]}]}
COMMAND: GET /session/9d48326ae870b5d3a573a2f725ac1bbc/screenshot - {}
RESULT: {}
COMMAND: POST /session/9d48326ae870b5d3a573a2f725ac1bbc/element - {"using":"xpath","value":"//div[contains(@id, 'application-manageconditionprice-display-component---conditions--smartFilterBar-filterItemControl_BASIC-BILL_TYPES-valueHelpDialog-table-rowsel0')]"}
RESULT: {"using":"xpath","value":"//div[contains(@id, 'application-manageconditionprice-display-component---conditions--smartFilterBar-filterItemControl_BASIC-BILL_TYPES-valueHelpDialog-table-rowsel0')]"}
COMMAND: POST /session/9d48326ae870b5d3a573a2f725ac1bbc/element/f.0A588440BBC4B09490297E8A4E4C478B.d.41D1EF9086E791316EDCAB3FB4434752.e.13936/click - {}
RESULT: {}
COMMAND: GET /session/9d48326ae870b5d3a573a2f725ac1bbc/screenshot - {}
RESULT: {}
COMMAND: POST /session/9d48326ae870b5d3a573a2f725ac1bbc/element - {"using":"xpath","value":"//bdi[contains(text(), \"OK\")]"}
RESULT: {"using":"xpath","value":"//bdi[contains(text(), \"OK\")]"}
COMMAND: POST /session/9d48326ae870b5d3a573a2f725ac1bbc/element/f.0A588440BBC4B09490297E8A4E4C478B.d.41D1EF9086E791316EDCAB3FB4434752.e.13938/click - {}
RESULT: {}
COMMAND: GET /session/9d48326ae870b5d3a573a2f725ac1bbc/screenshot - {}
RESULT: {}
COMMAND: POST /session/9d48326ae870b5d3a573a2f725ac1bbc/element - {"using":"xpath","value":"//span[@id=\"application-manageconditionprice-display-component---conditions--smartTable-header-inner\"]"}
RESULT: {"using":"xpath","value":"//span[@id=\"application-manageconditionprice-display-component---conditions--smartTable-header-inner\"]"}
COMMAND: POST /session/9d48326ae870b5d3a573a2f725ac1bbc/elements - {"using":"xpath","value":"//span[@id=\"application-manageconditionprice-display-component---conditions--smartTable-header-inner\"]"}
RESULT: {"using":"xpath","value":"//span[@id=\"application-manageconditionprice-display-component---conditions--smartTable-header-inner\"]"}
COMMAND: POST /session/9d48326ae870b5d3a573a2f725ac1bbc/execute/sync - {"script":"<script> [56 bytes]","args":[{"element-6066-11e4-a52e-4f735466cecf":"f.0A588440BBC4B09490297E8A4E4C478B.d.41D1EF9086E791316EDCAB3FB4434752.e.13941","ELEMENT":"f.0A588440BBC4B09490297E8A4E4C478B.d.41D1EF9086E791316EDCAB3FB4434752.e.13941"}]}
RESULT: {"script":"<script> [56 bytes]","args":[{"element-6066-11e4-a52e-4f735466cecf":"f.0A588440BBC4B09490297E8A4E4C478B.d.41D1EF9086E791316EDCAB3FB4434752.e.13941","ELEMENT":"f.0A588440BBC4B09490297E8A4E4C478B.d.41D1EF9086E791316EDCAB3FB4434752.e.13941"}]}
COMMAND: POST /session/9d48326ae870b5d3a573a2f725ac1bbc/element - {"using":"css selector","value":"#shell-header-logo"}
COMMAND: GET /session/9d48326ae870b5d3a573a2f725ac1bbc/screenshot - {}
RESULT: {"using":"css selector","value":"#shell-header-logo"}
COMMAND: POST /session/9d48326ae870b5d3a573a2f725ac1bbc/element/f.0A588440BBC4B09490297E8A4E4C478B.d.41D1EF9086E791316EDCAB3FB4434752.e.13661/click - {}
RESULT: {}
RESULT: {}
COMMAND: GET /session/9d48326ae870b5d3a573a2f725ac1bbc/screenshot - {}
RESULT: {}
]]></system-out>
    </testcase>
    <testcase classname="chrome.136_0_7103_93.windows.Create_Reverse_Billing_US127248" name="Should do a stock increase handover" time="92.91">
      <failure/>
      <error message="Can't call click on element with selector &quot;//li[.//span[contains(text(),'535 -')]]&quot; because element wasn't found"/>
      <system-out><![CDATA[
COMMAND: POST /session/9d48326ae870b5d3a573a2f725ac1bbc/execute/async - {"script":"<script> [1562 bytes]","args":[{"selector":{"controlType":"sap.m.GenericTile","properties":{"header":"Manage Handovers"}},"wdio_ui5_key":"sapm.GenericTile{\"header\":\"Manage Handovers\"}"}]}
RESULT: {"script":"<script> [1562 bytes]","args":[{"selector":{"controlType":"sap.m.GenericTile","properties":{"header":"Manage Handovers"}},"wdio_ui5_key":"sapm.GenericTile{\"header\":\"Manage Handovers\"}"}]}
RESULT: undefined
COMMAND: POST /session/9d48326ae870b5d3a573a2f725ac1bbc/element - {"using":"xpath","value":"//*[@id=\"__tile132\"]"}
RESULT: {"using":"xpath","value":"//*[@id=\"__tile132\"]"}
COMMAND: POST /session/9d48326ae870b5d3a573a2f725ac1bbc/element/f.0A588440BBC4B09490297E8A4E4C478B.d.41D1EF9086E791316EDCAB3FB4434752.e.12719/click - {}
RESULT: {}
COMMAND: GET /session/9d48326ae870b5d3a573a2f725ac1bbc/screenshot - {}
RESULT: {}
COMMAND: POST /session/9d48326ae870b5d3a573a2f725ac1bbc/elements - {"using":"xpath","value":"//span[text()='Error']"}
RESULT: {"using":"xpath","value":"//span[text()='Error']"}
COMMAND: POST /session/9d48326ae870b5d3a573a2f725ac1bbc/element - {"using":"xpath","value":"//button[@data-kt=\"masterHOAddButton\"]"}
RESULT: {"using":"xpath","value":"//button[@data-kt=\"masterHOAddButton\"]"}
COMMAND: POST /session/9d48326ae870b5d3a573a2f725ac1bbc/elements - {"using":"xpath","value":"//button[@data-kt=\"masterHOAddButton\"]"}
RESULT: {"using":"xpath","value":"//button[@data-kt=\"masterHOAddButton\"]"}
COMMAND: POST /session/9d48326ae870b5d3a573a2f725ac1bbc/execute/sync - {"script":"<script> [8489 bytes]","args":[{"element-6066-11e4-a52e-4f735466cecf":"f.0A588440BBC4B09490297E8A4E4C478B.d.41D1EF9086E791316EDCAB3FB4434752.e.13978","ELEMENT":"f.0A588440BBC4B09490297E8A4E4C478B.d.41D1EF9086E791316EDCAB3FB4434752.e.13978"}]}
RESULT: {"script":"<script> [8489 bytes]","args":[{"element-6066-11e4-a52e-4f735466cecf":"f.0A588440BBC4B09490297E8A4E4C478B.d.41D1EF9086E791316EDCAB3FB4434752.e.13978","ELEMENT":"f.0A588440BBC4B09490297E8A4E4C478B.d.41D1EF9086E791316EDCAB3FB4434752.e.13978"}]}
COMMAND: GET /session/9d48326ae870b5d3a573a2f725ac1bbc/element/f.0A588440BBC4B09490297E8A4E4C478B.d.41D1EF9086E791316EDCAB3FB4434752.e.13978/enabled - {}
COMMAND: GET /session/9d48326ae870b5d3a573a2f725ac1bbc/screenshot - {}
RESULT: {}
COMMAND: POST /session/9d48326ae870b5d3a573a2f725ac1bbc/execute/sync - {"script":"<script> [8489 bytes]","args":[{"element-6066-11e4-a52e-4f735466cecf":"f.0A588440BBC4B09490297E8A4E4C478B.d.41D1EF9086E791316EDCAB3FB4434752.e.13978","ELEMENT":"f.0A588440BBC4B09490297E8A4E4C478B.d.41D1EF9086E791316EDCAB3FB4434752.e.13978"}]}
COMMAND: GET /session/9d48326ae870b5d3a573a2f725ac1bbc/screenshot - {}
RESULT: {}
RESULT: {"script":"<script> [8489 bytes]","args":[{"element-6066-11e4-a52e-4f735466cecf":"f.0A588440BBC4B09490297E8A4E4C478B.d.41D1EF9086E791316EDCAB3FB4434752.e.13978","ELEMENT":"f.0A588440BBC4B09490297E8A4E4C478B.d.41D1EF9086E791316EDCAB3FB4434752.e.13978"}]}
COMMAND: POST /session/9d48326ae870b5d3a573a2f725ac1bbc/execute/sync - {"script":"<script> [5351 bytes]","args":[{"element-6066-11e4-a52e-4f735466cecf":"f.0A588440BBC4B09490297E8A4E4C478B.d.41D1EF9086E791316EDCAB3FB4434752.e.13978","ELEMENT":"f.0A588440BBC4B09490297E8A4E4C478B.d.41D1EF9086E791316EDCAB3FB4434752.e.13978"}]}
COMMAND: GET /session/9d48326ae870b5d3a573a2f725ac1bbc/screenshot - {}
RESULT: {}
RESULT: {"script":"<script> [5351 bytes]","args":[{"element-6066-11e4-a52e-4f735466cecf":"f.0A588440BBC4B09490297E8A4E4C478B.d.41D1EF9086E791316EDCAB3FB4434752.e.13978","ELEMENT":"f.0A588440BBC4B09490297E8A4E4C478B.d.41D1EF9086E791316EDCAB3FB4434752.e.13978"}]}
COMMAND: POST /session/9d48326ae870b5d3a573a2f725ac1bbc/element/f.0A588440BBC4B09490297E8A4E4C478B.d.41D1EF9086E791316EDCAB3FB4434752.e.13978/click - {}
COMMAND: GET /session/9d48326ae870b5d3a573a2f725ac1bbc/screenshot - {}
RESULT: {}
RESULT: {}
COMMAND: GET /session/9d48326ae870b5d3a573a2f725ac1bbc/screenshot - {}
COMMAND: POST /session/9d48326ae870b5d3a573a2f725ac1bbc/element - {"using":"xpath","value":"//span[contains(@id ,\"AddNewHO--typeSelect-arrow\")]"}
RESULT: {}
RESULT: {}
RESULT: {"using":"xpath","value":"//span[contains(@id ,\"AddNewHO--typeSelect-arrow\")]"}
COMMAND: POST /session/9d48326ae870b5d3a573a2f725ac1bbc/element/f.0A588440BBC4B09490297E8A4E4C478B.d.41D1EF9086E791316EDCAB3FB4434752.e.14334/click - {}
RESULT: {}
COMMAND: GET /session/9d48326ae870b5d3a573a2f725ac1bbc/screenshot - {}
RESULT: {}
COMMAND: POST /session/9d48326ae870b5d3a573a2f725ac1bbc/element - {"using":"xpath","value":"(//li[contains(text(), \"stock increase yard\")])[1]"}
RESULT: {"using":"xpath","value":"(//li[contains(text(), \"stock increase yard\")])[1]"}
COMMAND: POST /session/9d48326ae870b5d3a573a2f725ac1bbc/element/f.0A588440BBC4B09490297E8A4E4C478B.d.41D1EF9086E791316EDCAB3FB4434752.e.14335/click - {}
RESULT: {}
COMMAND: GET /session/9d48326ae870b5d3a573a2f725ac1bbc/screenshot - {}
RESULT: {}
COMMAND: POST /session/9d48326ae870b5d3a573a2f725ac1bbc/execute/async - {"script":"<script> [1562 bytes]","args":[{"selector":{"id":"application-managehandovers-display-component---AddNewHO--dueDate","interaction":{"idSuffix":"inner"}},"wdio_ui5_key":"applicationmanagehandovers-display-component---AddNewHO--dueDate"}]}
RESULT: {"script":"<script> [1562 bytes]","args":[{"selector":{"id":"application-managehandovers-display-component---AddNewHO--dueDate","interaction":{"idSuffix":"inner"}},"wdio_ui5_key":"applicationmanagehandovers-display-component---AddNewHO--dueDate"}]}
RESULT: undefined
COMMAND: POST /session/9d48326ae870b5d3a573a2f725ac1bbc/execute/async - {"script":"<script> [6424 bytes]","args":[{"element-6066-11e4-a52e-4f735466cecf":"f.0A588440BBC4B09490297E8A4E4C478B.d.41D1EF9086E791316EDCAB3FB4434752.e.14337"},"setValue",["5/31/25"]]}
RESULT: {"script":"<script> [6424 bytes]","args":[{"element-6066-11e4-a52e-4f735466cecf":"f.0A588440BBC4B09490297E8A4E4C478B.d.41D1EF9086E791316EDCAB3FB4434752.e.14337"},"setValue",["5/31/25"]]}
COMMAND: POST /session/9d48326ae870b5d3a573a2f725ac1bbc/element - {"using":"xpath","value":"//input[@id=\"generalSectionFrg--receiveYard-inner\"]"}
RESULT: {"using":"xpath","value":"//input[@id=\"generalSectionFrg--receiveYard-inner\"]"}
COMMAND: POST /session/9d48326ae870b5d3a573a2f725ac1bbc/element/f.0A588440BBC4B09490297E8A4E4C478B.d.41D1EF9086E791316EDCAB3FB4434752.e.14343/clear - {}
RESULT: {}
COMMAND: POST /session/9d48326ae870b5d3a573a2f725ac1bbc/element/f.0A588440BBC4B09490297E8A4E4C478B.d.41D1EF9086E791316EDCAB3FB4434752.e.14343/value - {"text":"535"}
COMMAND: GET /session/9d48326ae870b5d3a573a2f725ac1bbc/screenshot - {}
RESULT: {"text":"535"}
COMMAND: GET /session/9d48326ae870b5d3a573a2f725ac1bbc/screenshot - {}
RESULT: {}
RESULT: {}
COMMAND: POST /session/9d48326ae870b5d3a573a2f725ac1bbc/element - {"using":"xpath","value":"//li[.//span[contains(text(),'535 -')]]"}
RESULT: {"using":"xpath","value":"//li[.//span[contains(text(),'535 -')]]"}
COMMAND: POST /session/9d48326ae870b5d3a573a2f725ac1bbc/elements - {"using":"xpath","value":"//li[.//span[contains(text(),'535 -')]]"}
RESULT: {"using":"xpath","value":"//li[.//span[contains(text(),'535 -')]]"}
COMMAND: POST /session/9d48326ae870b5d3a573a2f725ac1bbc/elements - {"using":"xpath","value":"//li[.//span[contains(text(),'535 -')]]"}
RESULT: {"using":"xpath","value":"//li[.//span[contains(text(),'535 -')]]"}
COMMAND: POST /session/9d48326ae870b5d3a573a2f725ac1bbc/elements - {"using":"xpath","value":"//li[.//span[contains(text(),'535 -')]]"}
RESULT: {"using":"xpath","value":"//li[.//span[contains(text(),'535 -')]]"}
COMMAND: POST /session/9d48326ae870b5d3a573a2f725ac1bbc/elements - {"using":"xpath","value":"//li[.//span[contains(text(),'535 -')]]"}
RESULT: {"using":"xpath","value":"//li[.//span[contains(text(),'535 -')]]"}
COMMAND: POST /session/9d48326ae870b5d3a573a2f725ac1bbc/elements - {"using":"xpath","value":"//li[.//span[contains(text(),'535 -')]]"}
RESULT: {"using":"xpath","value":"//li[.//span[contains(text(),'535 -')]]"}
COMMAND: POST /session/9d48326ae870b5d3a573a2f725ac1bbc/elements - {"using":"xpath","value":"//li[.//span[contains(text(),'535 -')]]"}
RESULT: {"using":"xpath","value":"//li[.//span[contains(text(),'535 -')]]"}
COMMAND: POST /session/9d48326ae870b5d3a573a2f725ac1bbc/elements - {"using":"xpath","value":"//li[.//span[contains(text(),'535 -')]]"}
RESULT: {"using":"xpath","value":"//li[.//span[contains(text(),'535 -')]]"}
COMMAND: POST /session/9d48326ae870b5d3a573a2f725ac1bbc/elements - {"using":"xpath","value":"//li[.//span[contains(text(),'535 -')]]"}
RESULT: {"using":"xpath","value":"//li[.//span[contains(text(),'535 -')]]"}
COMMAND: POST /session/9d48326ae870b5d3a573a2f725ac1bbc/elements - {"using":"xpath","value":"//li[.//span[contains(text(),'535 -')]]"}
RESULT: {"using":"xpath","value":"//li[.//span[contains(text(),'535 -')]]"}
COMMAND: POST /session/9d48326ae870b5d3a573a2f725ac1bbc/elements - {"using":"xpath","value":"//li[.//span[contains(text(),'535 -')]]"}
RESULT: {"using":"xpath","value":"//li[.//span[contains(text(),'535 -')]]"}
COMMAND: POST /session/9d48326ae870b5d3a573a2f725ac1bbc/elements - {"using":"xpath","value":"//li[.//span[contains(text(),'535 -')]]"}
RESULT: {"using":"xpath","value":"//li[.//span[contains(text(),'535 -')]]"}
COMMAND: POST /session/9d48326ae870b5d3a573a2f725ac1bbc/elements - {"using":"xpath","value":"//li[.//span[contains(text(),'535 -')]]"}
RESULT: {"using":"xpath","value":"//li[.//span[contains(text(),'535 -')]]"}
COMMAND: POST /session/9d48326ae870b5d3a573a2f725ac1bbc/elements - {"using":"xpath","value":"//li[.//span[contains(text(),'535 -')]]"}
RESULT: {"using":"xpath","value":"//li[.//span[contains(text(),'535 -')]]"}
COMMAND: POST /session/9d48326ae870b5d3a573a2f725ac1bbc/elements - {"using":"xpath","value":"//li[.//span[contains(text(),'535 -')]]"}
RESULT: {"using":"xpath","value":"//li[.//span[contains(text(),'535 -')]]"}
COMMAND: POST /session/9d48326ae870b5d3a573a2f725ac1bbc/elements - {"using":"xpath","value":"//li[.//span[contains(text(),'535 -')]]"}
RESULT: {"using":"xpath","value":"//li[.//span[contains(text(),'535 -')]]"}
COMMAND: POST /session/9d48326ae870b5d3a573a2f725ac1bbc/elements - {"using":"xpath","value":"//li[.//span[contains(text(),'535 -')]]"}
RESULT: {"using":"xpath","value":"//li[.//span[contains(text(),'535 -')]]"}
COMMAND: POST /session/9d48326ae870b5d3a573a2f725ac1bbc/elements - {"using":"xpath","value":"//li[.//span[contains(text(),'535 -')]]"}
RESULT: {"using":"xpath","value":"//li[.//span[contains(text(),'535 -')]]"}
COMMAND: POST /session/9d48326ae870b5d3a573a2f725ac1bbc/elements - {"using":"xpath","value":"//li[.//span[contains(text(),'535 -')]]"}
RESULT: {"using":"xpath","value":"//li[.//span[contains(text(),'535 -')]]"}
COMMAND: POST /session/9d48326ae870b5d3a573a2f725ac1bbc/elements - {"using":"xpath","value":"//li[.//span[contains(text(),'535 -')]]"}
RESULT: {"using":"xpath","value":"//li[.//span[contains(text(),'535 -')]]"}
COMMAND: POST /session/9d48326ae870b5d3a573a2f725ac1bbc/elements - {"using":"xpath","value":"//li[.//span[contains(text(),'535 -')]]"}
RESULT: {"using":"xpath","value":"//li[.//span[contains(text(),'535 -')]]"}
COMMAND: POST /session/9d48326ae870b5d3a573a2f725ac1bbc/elements - {"using":"xpath","value":"//li[.//span[contains(text(),'535 -')]]"}
RESULT: {"using":"xpath","value":"//li[.//span[contains(text(),'535 -')]]"}
COMMAND: POST /session/9d48326ae870b5d3a573a2f725ac1bbc/elements - {"using":"xpath","value":"//li[.//span[contains(text(),'535 -')]]"}
RESULT: {"using":"xpath","value":"//li[.//span[contains(text(),'535 -')]]"}
COMMAND: POST /session/9d48326ae870b5d3a573a2f725ac1bbc/elements - {"using":"xpath","value":"//li[.//span[contains(text(),'535 -')]]"}
RESULT: {"using":"xpath","value":"//li[.//span[contains(text(),'535 -')]]"}
COMMAND: POST /session/9d48326ae870b5d3a573a2f725ac1bbc/elements - {"using":"xpath","value":"//li[.//span[contains(text(),'535 -')]]"}
RESULT: {"using":"xpath","value":"//li[.//span[contains(text(),'535 -')]]"}
COMMAND: POST /session/9d48326ae870b5d3a573a2f725ac1bbc/elements - {"using":"xpath","value":"//li[.//span[contains(text(),'535 -')]]"}
RESULT: {"using":"xpath","value":"//li[.//span[contains(text(),'535 -')]]"}
COMMAND: POST /session/9d48326ae870b5d3a573a2f725ac1bbc/elements - {"using":"xpath","value":"//li[.//span[contains(text(),'535 -')]]"}
RESULT: {"using":"xpath","value":"//li[.//span[contains(text(),'535 -')]]"}
COMMAND: POST /session/9d48326ae870b5d3a573a2f725ac1bbc/elements - {"using":"xpath","value":"//li[.//span[contains(text(),'535 -')]]"}
RESULT: {"using":"xpath","value":"//li[.//span[contains(text(),'535 -')]]"}
COMMAND: POST /session/9d48326ae870b5d3a573a2f725ac1bbc/elements - {"using":"xpath","value":"//li[.//span[contains(text(),'535 -')]]"}
RESULT: {"using":"xpath","value":"//li[.//span[contains(text(),'535 -')]]"}
COMMAND: POST /session/9d48326ae870b5d3a573a2f725ac1bbc/elements - {"using":"xpath","value":"//li[.//span[contains(text(),'535 -')]]"}
RESULT: {"using":"xpath","value":"//li[.//span[contains(text(),'535 -')]]"}
COMMAND: POST /session/9d48326ae870b5d3a573a2f725ac1bbc/elements - {"using":"xpath","value":"//li[.//span[contains(text(),'535 -')]]"}
RESULT: {"using":"xpath","value":"//li[.//span[contains(text(),'535 -')]]"}
COMMAND: POST /session/9d48326ae870b5d3a573a2f725ac1bbc/elements - {"using":"xpath","value":"//li[.//span[contains(text(),'535 -')]]"}
RESULT: {"using":"xpath","value":"//li[.//span[contains(text(),'535 -')]]"}
COMMAND: POST /session/9d48326ae870b5d3a573a2f725ac1bbc/elements - {"using":"xpath","value":"//li[.//span[contains(text(),'535 -')]]"}
RESULT: {"using":"xpath","value":"//li[.//span[contains(text(),'535 -')]]"}
COMMAND: POST /session/9d48326ae870b5d3a573a2f725ac1bbc/elements - {"using":"xpath","value":"//li[.//span[contains(text(),'535 -')]]"}
RESULT: {"using":"xpath","value":"//li[.//span[contains(text(),'535 -')]]"}
COMMAND: POST /session/9d48326ae870b5d3a573a2f725ac1bbc/elements - {"using":"xpath","value":"//li[.//span[contains(text(),'535 -')]]"}
RESULT: {"using":"xpath","value":"//li[.//span[contains(text(),'535 -')]]"}
COMMAND: POST /session/9d48326ae870b5d3a573a2f725ac1bbc/elements - {"using":"xpath","value":"//li[.//span[contains(text(),'535 -')]]"}
RESULT: {"using":"xpath","value":"//li[.//span[contains(text(),'535 -')]]"}
COMMAND: POST /session/9d48326ae870b5d3a573a2f725ac1bbc/elements - {"using":"xpath","value":"//li[.//span[contains(text(),'535 -')]]"}
RESULT: {"using":"xpath","value":"//li[.//span[contains(text(),'535 -')]]"}
COMMAND: POST /session/9d48326ae870b5d3a573a2f725ac1bbc/elements - {"using":"xpath","value":"//li[.//span[contains(text(),'535 -')]]"}
RESULT: {"using":"xpath","value":"//li[.//span[contains(text(),'535 -')]]"}
COMMAND: POST /session/9d48326ae870b5d3a573a2f725ac1bbc/elements - {"using":"xpath","value":"//li[.//span[contains(text(),'535 -')]]"}
RESULT: {"using":"xpath","value":"//li[.//span[contains(text(),'535 -')]]"}
COMMAND: POST /session/9d48326ae870b5d3a573a2f725ac1bbc/elements - {"using":"xpath","value":"//li[.//span[contains(text(),'535 -')]]"}
RESULT: {"using":"xpath","value":"//li[.//span[contains(text(),'535 -')]]"}
COMMAND: POST /session/9d48326ae870b5d3a573a2f725ac1bbc/elements - {"using":"xpath","value":"//li[.//span[contains(text(),'535 -')]]"}
RESULT: {"using":"xpath","value":"//li[.//span[contains(text(),'535 -')]]"}
COMMAND: POST /session/9d48326ae870b5d3a573a2f725ac1bbc/elements - {"using":"xpath","value":"//li[.//span[contains(text(),'535 -')]]"}
RESULT: {"using":"xpath","value":"//li[.//span[contains(text(),'535 -')]]"}
COMMAND: POST /session/9d48326ae870b5d3a573a2f725ac1bbc/elements - {"using":"xpath","value":"//li[.//span[contains(text(),'535 -')]]"}
RESULT: {"using":"xpath","value":"//li[.//span[contains(text(),'535 -')]]"}
COMMAND: POST /session/9d48326ae870b5d3a573a2f725ac1bbc/elements - {"using":"xpath","value":"//li[.//span[contains(text(),'535 -')]]"}
RESULT: {"using":"xpath","value":"//li[.//span[contains(text(),'535 -')]]"}
COMMAND: POST /session/9d48326ae870b5d3a573a2f725ac1bbc/elements - {"using":"xpath","value":"//li[.//span[contains(text(),'535 -')]]"}
RESULT: {"using":"xpath","value":"//li[.//span[contains(text(),'535 -')]]"}
COMMAND: POST /session/9d48326ae870b5d3a573a2f725ac1bbc/elements - {"using":"xpath","value":"//li[.//span[contains(text(),'535 -')]]"}
RESULT: {"using":"xpath","value":"//li[.//span[contains(text(),'535 -')]]"}
COMMAND: POST /session/9d48326ae870b5d3a573a2f725ac1bbc/elements - {"using":"xpath","value":"//li[.//span[contains(text(),'535 -')]]"}
RESULT: {"using":"xpath","value":"//li[.//span[contains(text(),'535 -')]]"}
COMMAND: POST /session/9d48326ae870b5d3a573a2f725ac1bbc/elements - {"using":"xpath","value":"//li[.//span[contains(text(),'535 -')]]"}
RESULT: {"using":"xpath","value":"//li[.//span[contains(text(),'535 -')]]"}
COMMAND: POST /session/9d48326ae870b5d3a573a2f725ac1bbc/elements - {"using":"xpath","value":"//li[.//span[contains(text(),'535 -')]]"}
RESULT: {"using":"xpath","value":"//li[.//span[contains(text(),'535 -')]]"}
COMMAND: POST /session/9d48326ae870b5d3a573a2f725ac1bbc/elements - {"using":"xpath","value":"//li[.//span[contains(text(),'535 -')]]"}
RESULT: {"using":"xpath","value":"//li[.//span[contains(text(),'535 -')]]"}
COMMAND: POST /session/9d48326ae870b5d3a573a2f725ac1bbc/elements - {"using":"xpath","value":"//li[.//span[contains(text(),'535 -')]]"}
RESULT: {"using":"xpath","value":"//li[.//span[contains(text(),'535 -')]]"}
COMMAND: POST /session/9d48326ae870b5d3a573a2f725ac1bbc/elements - {"using":"xpath","value":"//li[.//span[contains(text(),'535 -')]]"}
RESULT: {"using":"xpath","value":"//li[.//span[contains(text(),'535 -')]]"}
COMMAND: POST /session/9d48326ae870b5d3a573a2f725ac1bbc/elements - {"using":"xpath","value":"//li[.//span[contains(text(),'535 -')]]"}
RESULT: {"using":"xpath","value":"//li[.//span[contains(text(),'535 -')]]"}
COMMAND: POST /session/9d48326ae870b5d3a573a2f725ac1bbc/elements - {"using":"xpath","value":"//li[.//span[contains(text(),'535 -')]]"}
RESULT: {"using":"xpath","value":"//li[.//span[contains(text(),'535 -')]]"}
COMMAND: POST /session/9d48326ae870b5d3a573a2f725ac1bbc/elements - {"using":"xpath","value":"//li[.//span[contains(text(),'535 -')]]"}
RESULT: {"using":"xpath","value":"//li[.//span[contains(text(),'535 -')]]"}
COMMAND: POST /session/9d48326ae870b5d3a573a2f725ac1bbc/elements - {"using":"xpath","value":"//li[.//span[contains(text(),'535 -')]]"}
RESULT: {"using":"xpath","value":"//li[.//span[contains(text(),'535 -')]]"}
COMMAND: POST /session/9d48326ae870b5d3a573a2f725ac1bbc/elements - {"using":"xpath","value":"//li[.//span[contains(text(),'535 -')]]"}
RESULT: {"using":"xpath","value":"//li[.//span[contains(text(),'535 -')]]"}
COMMAND: POST /session/9d48326ae870b5d3a573a2f725ac1bbc/elements - {"using":"xpath","value":"//li[.//span[contains(text(),'535 -')]]"}
RESULT: {"using":"xpath","value":"//li[.//span[contains(text(),'535 -')]]"}
COMMAND: POST /session/9d48326ae870b5d3a573a2f725ac1bbc/elements - {"using":"xpath","value":"//li[.//span[contains(text(),'535 -')]]"}
RESULT: {"using":"xpath","value":"//li[.//span[contains(text(),'535 -')]]"}
COMMAND: POST /session/9d48326ae870b5d3a573a2f725ac1bbc/elements - {"using":"xpath","value":"//li[.//span[contains(text(),'535 -')]]"}
RESULT: {"using":"xpath","value":"//li[.//span[contains(text(),'535 -')]]"}
COMMAND: POST /session/9d48326ae870b5d3a573a2f725ac1bbc/elements - {"using":"xpath","value":"//li[.//span[contains(text(),'535 -')]]"}
RESULT: {"using":"xpath","value":"//li[.//span[contains(text(),'535 -')]]"}
COMMAND: POST /session/9d48326ae870b5d3a573a2f725ac1bbc/elements - {"using":"xpath","value":"//li[.//span[contains(text(),'535 -')]]"}
RESULT: {"using":"xpath","value":"//li[.//span[contains(text(),'535 -')]]"}
COMMAND: POST /session/9d48326ae870b5d3a573a2f725ac1bbc/elements - {"using":"xpath","value":"//li[.//span[contains(text(),'535 -')]]"}
RESULT: {"using":"xpath","value":"//li[.//span[contains(text(),'535 -')]]"}
COMMAND: POST /session/9d48326ae870b5d3a573a2f725ac1bbc/elements - {"using":"xpath","value":"//li[.//span[contains(text(),'535 -')]]"}
RESULT: {"using":"xpath","value":"//li[.//span[contains(text(),'535 -')]]"}
COMMAND: POST /session/9d48326ae870b5d3a573a2f725ac1bbc/elements - {"using":"xpath","value":"//li[.//span[contains(text(),'535 -')]]"}
RESULT: {"using":"xpath","value":"//li[.//span[contains(text(),'535 -')]]"}
COMMAND: POST /session/9d48326ae870b5d3a573a2f725ac1bbc/elements - {"using":"xpath","value":"//li[.//span[contains(text(),'535 -')]]"}
RESULT: {"using":"xpath","value":"//li[.//span[contains(text(),'535 -')]]"}
COMMAND: POST /session/9d48326ae870b5d3a573a2f725ac1bbc/elements - {"using":"xpath","value":"//li[.//span[contains(text(),'535 -')]]"}
RESULT: {"using":"xpath","value":"//li[.//span[contains(text(),'535 -')]]"}
COMMAND: POST /session/9d48326ae870b5d3a573a2f725ac1bbc/elements - {"using":"xpath","value":"//li[.//span[contains(text(),'535 -')]]"}
RESULT: {"using":"xpath","value":"//li[.//span[contains(text(),'535 -')]]"}
COMMAND: POST /session/9d48326ae870b5d3a573a2f725ac1bbc/elements - {"using":"xpath","value":"//li[.//span[contains(text(),'535 -')]]"}
RESULT: {"using":"xpath","value":"//li[.//span[contains(text(),'535 -')]]"}
COMMAND: POST /session/9d48326ae870b5d3a573a2f725ac1bbc/elements - {"using":"xpath","value":"//li[.//span[contains(text(),'535 -')]]"}
RESULT: {"using":"xpath","value":"//li[.//span[contains(text(),'535 -')]]"}
COMMAND: POST /session/9d48326ae870b5d3a573a2f725ac1bbc/elements - {"using":"xpath","value":"//li[.//span[contains(text(),'535 -')]]"}
RESULT: {"using":"xpath","value":"//li[.//span[contains(text(),'535 -')]]"}
COMMAND: POST /session/9d48326ae870b5d3a573a2f725ac1bbc/elements - {"using":"xpath","value":"//li[.//span[contains(text(),'535 -')]]"}
RESULT: {"using":"xpath","value":"//li[.//span[contains(text(),'535 -')]]"}
COMMAND: POST /session/9d48326ae870b5d3a573a2f725ac1bbc/elements - {"using":"xpath","value":"//li[.//span[contains(text(),'535 -')]]"}
RESULT: {"using":"xpath","value":"//li[.//span[contains(text(),'535 -')]]"}
COMMAND: POST /session/9d48326ae870b5d3a573a2f725ac1bbc/elements - {"using":"xpath","value":"//li[.//span[contains(text(),'535 -')]]"}
RESULT: {"using":"xpath","value":"//li[.//span[contains(text(),'535 -')]]"}
COMMAND: POST /session/9d48326ae870b5d3a573a2f725ac1bbc/elements - {"using":"xpath","value":"//li[.//span[contains(text(),'535 -')]]"}
RESULT: {"using":"xpath","value":"//li[.//span[contains(text(),'535 -')]]"}
COMMAND: POST /session/9d48326ae870b5d3a573a2f725ac1bbc/elements - {"using":"xpath","value":"//li[.//span[contains(text(),'535 -')]]"}
RESULT: {"using":"xpath","value":"//li[.//span[contains(text(),'535 -')]]"}
COMMAND: POST /session/9d48326ae870b5d3a573a2f725ac1bbc/elements - {"using":"xpath","value":"//li[.//span[contains(text(),'535 -')]]"}
RESULT: {"using":"xpath","value":"//li[.//span[contains(text(),'535 -')]]"}
COMMAND: POST /session/9d48326ae870b5d3a573a2f725ac1bbc/elements - {"using":"xpath","value":"//li[.//span[contains(text(),'535 -')]]"}
RESULT: {"using":"xpath","value":"//li[.//span[contains(text(),'535 -')]]"}
COMMAND: POST /session/9d48326ae870b5d3a573a2f725ac1bbc/elements - {"using":"xpath","value":"//li[.//span[contains(text(),'535 -')]]"}
RESULT: {"using":"xpath","value":"//li[.//span[contains(text(),'535 -')]]"}
COMMAND: POST /session/9d48326ae870b5d3a573a2f725ac1bbc/elements - {"using":"xpath","value":"//li[.//span[contains(text(),'535 -')]]"}
RESULT: {"using":"xpath","value":"//li[.//span[contains(text(),'535 -')]]"}
COMMAND: POST /session/9d48326ae870b5d3a573a2f725ac1bbc/elements - {"using":"xpath","value":"//li[.//span[contains(text(),'535 -')]]"}
RESULT: {"using":"xpath","value":"//li[.//span[contains(text(),'535 -')]]"}
COMMAND: POST /session/9d48326ae870b5d3a573a2f725ac1bbc/elements - {"using":"xpath","value":"//li[.//span[contains(text(),'535 -')]]"}
RESULT: {"using":"xpath","value":"//li[.//span[contains(text(),'535 -')]]"}
COMMAND: POST /session/9d48326ae870b5d3a573a2f725ac1bbc/elements - {"using":"xpath","value":"//li[.//span[contains(text(),'535 -')]]"}
RESULT: {"using":"xpath","value":"//li[.//span[contains(text(),'535 -')]]"}
COMMAND: POST /session/9d48326ae870b5d3a573a2f725ac1bbc/elements - {"using":"xpath","value":"//li[.//span[contains(text(),'535 -')]]"}
RESULT: {"using":"xpath","value":"//li[.//span[contains(text(),'535 -')]]"}
COMMAND: POST /session/9d48326ae870b5d3a573a2f725ac1bbc/elements - {"using":"xpath","value":"//li[.//span[contains(text(),'535 -')]]"}
RESULT: {"using":"xpath","value":"//li[.//span[contains(text(),'535 -')]]"}
COMMAND: POST /session/9d48326ae870b5d3a573a2f725ac1bbc/elements - {"using":"xpath","value":"//li[.//span[contains(text(),'535 -')]]"}
RESULT: {"using":"xpath","value":"//li[.//span[contains(text(),'535 -')]]"}
COMMAND: POST /session/9d48326ae870b5d3a573a2f725ac1bbc/elements - {"using":"xpath","value":"//li[.//span[contains(text(),'535 -')]]"}
RESULT: {"using":"xpath","value":"//li[.//span[contains(text(),'535 -')]]"}
COMMAND: POST /session/9d48326ae870b5d3a573a2f725ac1bbc/elements - {"using":"xpath","value":"//li[.//span[contains(text(),'535 -')]]"}
RESULT: {"using":"xpath","value":"//li[.//span[contains(text(),'535 -')]]"}
COMMAND: POST /session/9d48326ae870b5d3a573a2f725ac1bbc/elements - {"using":"xpath","value":"//li[.//span[contains(text(),'535 -')]]"}
RESULT: {"using":"xpath","value":"//li[.//span[contains(text(),'535 -')]]"}
COMMAND: POST /session/9d48326ae870b5d3a573a2f725ac1bbc/elements - {"using":"xpath","value":"//li[.//span[contains(text(),'535 -')]]"}
RESULT: {"using":"xpath","value":"//li[.//span[contains(text(),'535 -')]]"}
COMMAND: POST /session/9d48326ae870b5d3a573a2f725ac1bbc/elements - {"using":"xpath","value":"//li[.//span[contains(text(),'535 -')]]"}
RESULT: {"using":"xpath","value":"//li[.//span[contains(text(),'535 -')]]"}
COMMAND: POST /session/9d48326ae870b5d3a573a2f725ac1bbc/elements - {"using":"xpath","value":"//li[.//span[contains(text(),'535 -')]]"}
RESULT: {"using":"xpath","value":"//li[.//span[contains(text(),'535 -')]]"}
COMMAND: POST /session/9d48326ae870b5d3a573a2f725ac1bbc/elements - {"using":"xpath","value":"//li[.//span[contains(text(),'535 -')]]"}
RESULT: {"using":"xpath","value":"//li[.//span[contains(text(),'535 -')]]"}
COMMAND: POST /session/9d48326ae870b5d3a573a2f725ac1bbc/elements - {"using":"xpath","value":"//li[.//span[contains(text(),'535 -')]]"}
RESULT: {"using":"xpath","value":"//li[.//span[contains(text(),'535 -')]]"}
COMMAND: POST /session/9d48326ae870b5d3a573a2f725ac1bbc/elements - {"using":"xpath","value":"//li[.//span[contains(text(),'535 -')]]"}
RESULT: {"using":"xpath","value":"//li[.//span[contains(text(),'535 -')]]"}
COMMAND: POST /session/9d48326ae870b5d3a573a2f725ac1bbc/elements - {"using":"xpath","value":"//li[.//span[contains(text(),'535 -')]]"}
RESULT: {"using":"xpath","value":"//li[.//span[contains(text(),'535 -')]]"}
COMMAND: POST /session/9d48326ae870b5d3a573a2f725ac1bbc/elements - {"using":"xpath","value":"//li[.//span[contains(text(),'535 -')]]"}
RESULT: {"using":"xpath","value":"//li[.//span[contains(text(),'535 -')]]"}
COMMAND: POST /session/9d48326ae870b5d3a573a2f725ac1bbc/elements - {"using":"xpath","value":"//li[.//span[contains(text(),'535 -')]]"}
RESULT: {"using":"xpath","value":"//li[.//span[contains(text(),'535 -')]]"}
COMMAND: POST /session/9d48326ae870b5d3a573a2f725ac1bbc/elements - {"using":"xpath","value":"//li[.//span[contains(text(),'535 -')]]"}
RESULT: {"using":"xpath","value":"//li[.//span[contains(text(),'535 -')]]"}
COMMAND: POST /session/9d48326ae870b5d3a573a2f725ac1bbc/elements - {"using":"xpath","value":"//li[.//span[contains(text(),'535 -')]]"}
RESULT: {"using":"xpath","value":"//li[.//span[contains(text(),'535 -')]]"}
COMMAND: POST /session/9d48326ae870b5d3a573a2f725ac1bbc/elements - {"using":"xpath","value":"//li[.//span[contains(text(),'535 -')]]"}
RESULT: {"using":"xpath","value":"//li[.//span[contains(text(),'535 -')]]"}
COMMAND: POST /session/9d48326ae870b5d3a573a2f725ac1bbc/elements - {"using":"xpath","value":"//li[.//span[contains(text(),'535 -')]]"}
RESULT: {"using":"xpath","value":"//li[.//span[contains(text(),'535 -')]]"}
COMMAND: POST /session/9d48326ae870b5d3a573a2f725ac1bbc/elements - {"using":"xpath","value":"//li[.//span[contains(text(),'535 -')]]"}
RESULT: {"using":"xpath","value":"//li[.//span[contains(text(),'535 -')]]"}
COMMAND: POST /session/9d48326ae870b5d3a573a2f725ac1bbc/elements - {"using":"xpath","value":"//li[.//span[contains(text(),'535 -')]]"}
RESULT: {"using":"xpath","value":"//li[.//span[contains(text(),'535 -')]]"}
COMMAND: POST /session/9d48326ae870b5d3a573a2f725ac1bbc/elements - {"using":"xpath","value":"//li[.//span[contains(text(),'535 -')]]"}
RESULT: {"using":"xpath","value":"//li[.//span[contains(text(),'535 -')]]"}
COMMAND: POST /session/9d48326ae870b5d3a573a2f725ac1bbc/elements - {"using":"xpath","value":"//li[.//span[contains(text(),'535 -')]]"}
RESULT: {"using":"xpath","value":"//li[.//span[contains(text(),'535 -')]]"}
COMMAND: POST /session/9d48326ae870b5d3a573a2f725ac1bbc/elements - {"using":"xpath","value":"//li[.//span[contains(text(),'535 -')]]"}
RESULT: {"using":"xpath","value":"//li[.//span[contains(text(),'535 -')]]"}
COMMAND: POST /session/9d48326ae870b5d3a573a2f725ac1bbc/elements - {"using":"xpath","value":"//li[.//span[contains(text(),'535 -')]]"}
RESULT: {"using":"xpath","value":"//li[.//span[contains(text(),'535 -')]]"}
COMMAND: POST /session/9d48326ae870b5d3a573a2f725ac1bbc/elements - {"using":"xpath","value":"//li[.//span[contains(text(),'535 -')]]"}
RESULT: {"using":"xpath","value":"//li[.//span[contains(text(),'535 -')]]"}
COMMAND: POST /session/9d48326ae870b5d3a573a2f725ac1bbc/elements - {"using":"xpath","value":"//li[.//span[contains(text(),'535 -')]]"}
RESULT: {"using":"xpath","value":"//li[.//span[contains(text(),'535 -')]]"}
COMMAND: POST /session/9d48326ae870b5d3a573a2f725ac1bbc/elements - {"using":"xpath","value":"//li[.//span[contains(text(),'535 -')]]"}
RESULT: {"using":"xpath","value":"//li[.//span[contains(text(),'535 -')]]"}
COMMAND: POST /session/9d48326ae870b5d3a573a2f725ac1bbc/elements - {"using":"xpath","value":"//li[.//span[contains(text(),'535 -')]]"}
RESULT: {"using":"xpath","value":"//li[.//span[contains(text(),'535 -')]]"}
COMMAND: POST /session/9d48326ae870b5d3a573a2f725ac1bbc/elements - {"using":"xpath","value":"//li[.//span[contains(text(),'535 -')]]"}
RESULT: {"using":"xpath","value":"//li[.//span[contains(text(),'535 -')]]"}
COMMAND: POST /session/9d48326ae870b5d3a573a2f725ac1bbc/elements - {"using":"xpath","value":"//li[.//span[contains(text(),'535 -')]]"}
RESULT: {"using":"xpath","value":"//li[.//span[contains(text(),'535 -')]]"}
COMMAND: POST /session/9d48326ae870b5d3a573a2f725ac1bbc/elements - {"using":"xpath","value":"//li[.//span[contains(text(),'535 -')]]"}
RESULT: {"using":"xpath","value":"//li[.//span[contains(text(),'535 -')]]"}
COMMAND: POST /session/9d48326ae870b5d3a573a2f725ac1bbc/elements - {"using":"xpath","value":"//li[.//span[contains(text(),'535 -')]]"}
RESULT: {"using":"xpath","value":"//li[.//span[contains(text(),'535 -')]]"}
COMMAND: POST /session/9d48326ae870b5d3a573a2f725ac1bbc/elements - {"using":"xpath","value":"//li[.//span[contains(text(),'535 -')]]"}
RESULT: {"using":"xpath","value":"//li[.//span[contains(text(),'535 -')]]"}
COMMAND: POST /session/9d48326ae870b5d3a573a2f725ac1bbc/elements - {"using":"xpath","value":"//li[.//span[contains(text(),'535 -')]]"}
RESULT: {"using":"xpath","value":"//li[.//span[contains(text(),'535 -')]]"}
COMMAND: POST /session/9d48326ae870b5d3a573a2f725ac1bbc/elements - {"using":"xpath","value":"//li[.//span[contains(text(),'535 -')]]"}
RESULT: {"using":"xpath","value":"//li[.//span[contains(text(),'535 -')]]"}
COMMAND: POST /session/9d48326ae870b5d3a573a2f725ac1bbc/elements - {"using":"xpath","value":"//li[.//span[contains(text(),'535 -')]]"}
RESULT: {"using":"xpath","value":"//li[.//span[contains(text(),'535 -')]]"}
COMMAND: POST /session/9d48326ae870b5d3a573a2f725ac1bbc/elements - {"using":"xpath","value":"//li[.//span[contains(text(),'535 -')]]"}
RESULT: {"using":"xpath","value":"//li[.//span[contains(text(),'535 -')]]"}
COMMAND: POST /session/9d48326ae870b5d3a573a2f725ac1bbc/elements - {"using":"xpath","value":"//li[.//span[contains(text(),'535 -')]]"}
COMMAND: GET /session/9d48326ae870b5d3a573a2f725ac1bbc/screenshot - {}
RESULT: {"using":"xpath","value":"//li[.//span[contains(text(),'535 -')]]"}
RESULT: {}
]]></system-out>
      <system-err><![CDATA[
Error: Can't call click on element with selector "//li[.//span[contains(text(),'535 -')]]" because element wasn't found
    at async UtilsPrerequisites.stockIncrease (D:\a\1\s\test\specs\BTS\prerequisites-and-utils-functions.js:1638:9)
    at async Context.<anonymous> (D:\a\1\s\test\specs\BTS\reverse-billing.spec.js:57:9)
]]></system-err>
    </testcase>
    <testcase classname="chrome.136_0_7103_93.windows.Create_Reverse_Billing_US127248" name="Should create a new contract" time="60.707">
      <failure/>
      <error message="element (&quot;//button[@data-kt=&quot;addButton&quot;]&quot;) still not existing after 45000ms"/>
      <system-out><![CDATA[
COMMAND: POST /session/9d48326ae870b5d3a573a2f725ac1bbc/execute/async - {"script":"<script> [1562 bytes]","args":[{"selector":{"controlType":"sap.m.GenericTile","properties":{"header":"Manage Contracts"}},"wdio_ui5_key":"sapm.GenericTile{\"header\":\"Manage Contracts\"}"}]}
COMMAND: GET /session/9d48326ae870b5d3a573a2f725ac1bbc/screenshot - {}
RESULT: {"script":"<script> [1562 bytes]","args":[{"selector":{"controlType":"sap.m.GenericTile","properties":{"header":"Manage Contracts"}},"wdio_ui5_key":"sapm.GenericTile{\"header\":\"Manage Contracts\"}"}]}
RESULT: undefined
RESULT: {}
COMMAND: POST /session/9d48326ae870b5d3a573a2f725ac1bbc/elements - {"using":"xpath","value":"//span[text()='Error']"}
RESULT: {"using":"xpath","value":"//span[text()='Error']"}
COMMAND: POST /session/9d48326ae870b5d3a573a2f725ac1bbc/element - {"using":"xpath","value":"//button[@data-kt=\"addButton\"]"}
RESULT: {"using":"xpath","value":"//button[@data-kt=\"addButton\"]"}
COMMAND: POST /session/9d48326ae870b5d3a573a2f725ac1bbc/elements - {"using":"xpath","value":"//button[@data-kt=\"addButton\"]"}
RESULT: {"using":"xpath","value":"//button[@data-kt=\"addButton\"]"}
COMMAND: POST /session/9d48326ae870b5d3a573a2f725ac1bbc/elements - {"using":"xpath","value":"//button[@data-kt=\"addButton\"]"}
RESULT: {"using":"xpath","value":"//button[@data-kt=\"addButton\"]"}
COMMAND: POST /session/9d48326ae870b5d3a573a2f725ac1bbc/elements - {"using":"xpath","value":"//button[@data-kt=\"addButton\"]"}
RESULT: {"using":"xpath","value":"//button[@data-kt=\"addButton\"]"}
COMMAND: POST /session/9d48326ae870b5d3a573a2f725ac1bbc/elements - {"using":"xpath","value":"//button[@data-kt=\"addButton\"]"}
RESULT: {"using":"xpath","value":"//button[@data-kt=\"addButton\"]"}
COMMAND: POST /session/9d48326ae870b5d3a573a2f725ac1bbc/elements - {"using":"xpath","value":"//button[@data-kt=\"addButton\"]"}
RESULT: {"using":"xpath","value":"//button[@data-kt=\"addButton\"]"}
COMMAND: POST /session/9d48326ae870b5d3a573a2f725ac1bbc/elements - {"using":"xpath","value":"//button[@data-kt=\"addButton\"]"}
RESULT: {"using":"xpath","value":"//button[@data-kt=\"addButton\"]"}
COMMAND: POST /session/9d48326ae870b5d3a573a2f725ac1bbc/elements - {"using":"xpath","value":"//button[@data-kt=\"addButton\"]"}
RESULT: {"using":"xpath","value":"//button[@data-kt=\"addButton\"]"}
COMMAND: POST /session/9d48326ae870b5d3a573a2f725ac1bbc/elements - {"using":"xpath","value":"//button[@data-kt=\"addButton\"]"}
RESULT: {"using":"xpath","value":"//button[@data-kt=\"addButton\"]"}
COMMAND: POST /session/9d48326ae870b5d3a573a2f725ac1bbc/elements - {"using":"xpath","value":"//button[@data-kt=\"addButton\"]"}
RESULT: {"using":"xpath","value":"//button[@data-kt=\"addButton\"]"}
COMMAND: POST /session/9d48326ae870b5d3a573a2f725ac1bbc/elements - {"using":"xpath","value":"//button[@data-kt=\"addButton\"]"}
RESULT: {"using":"xpath","value":"//button[@data-kt=\"addButton\"]"}
COMMAND: POST /session/9d48326ae870b5d3a573a2f725ac1bbc/elements - {"using":"xpath","value":"//button[@data-kt=\"addButton\"]"}
RESULT: {"using":"xpath","value":"//button[@data-kt=\"addButton\"]"}
COMMAND: POST /session/9d48326ae870b5d3a573a2f725ac1bbc/elements - {"using":"xpath","value":"//button[@data-kt=\"addButton\"]"}
RESULT: {"using":"xpath","value":"//button[@data-kt=\"addButton\"]"}
COMMAND: POST /session/9d48326ae870b5d3a573a2f725ac1bbc/elements - {"using":"xpath","value":"//button[@data-kt=\"addButton\"]"}
RESULT: {"using":"xpath","value":"//button[@data-kt=\"addButton\"]"}
COMMAND: POST /session/9d48326ae870b5d3a573a2f725ac1bbc/elements - {"using":"xpath","value":"//button[@data-kt=\"addButton\"]"}
RESULT: {"using":"xpath","value":"//button[@data-kt=\"addButton\"]"}
COMMAND: POST /session/9d48326ae870b5d3a573a2f725ac1bbc/elements - {"using":"xpath","value":"//button[@data-kt=\"addButton\"]"}
RESULT: {"using":"xpath","value":"//button[@data-kt=\"addButton\"]"}
COMMAND: POST /session/9d48326ae870b5d3a573a2f725ac1bbc/elements - {"using":"xpath","value":"//button[@data-kt=\"addButton\"]"}
RESULT: {"using":"xpath","value":"//button[@data-kt=\"addButton\"]"}
COMMAND: POST /session/9d48326ae870b5d3a573a2f725ac1bbc/elements - {"using":"xpath","value":"//button[@data-kt=\"addButton\"]"}
RESULT: {"using":"xpath","value":"//button[@data-kt=\"addButton\"]"}
COMMAND: POST /session/9d48326ae870b5d3a573a2f725ac1bbc/elements - {"using":"xpath","value":"//button[@data-kt=\"addButton\"]"}
RESULT: {"using":"xpath","value":"//button[@data-kt=\"addButton\"]"}
COMMAND: POST /session/9d48326ae870b5d3a573a2f725ac1bbc/elements - {"using":"xpath","value":"//button[@data-kt=\"addButton\"]"}
RESULT: {"using":"xpath","value":"//button[@data-kt=\"addButton\"]"}
COMMAND: POST /session/9d48326ae870b5d3a573a2f725ac1bbc/elements - {"using":"xpath","value":"//button[@data-kt=\"addButton\"]"}
RESULT: {"using":"xpath","value":"//button[@data-kt=\"addButton\"]"}
COMMAND: POST /session/9d48326ae870b5d3a573a2f725ac1bbc/elements - {"using":"xpath","value":"//button[@data-kt=\"addButton\"]"}
RESULT: {"using":"xpath","value":"//button[@data-kt=\"addButton\"]"}
COMMAND: POST /session/9d48326ae870b5d3a573a2f725ac1bbc/elements - {"using":"xpath","value":"//button[@data-kt=\"addButton\"]"}
RESULT: {"using":"xpath","value":"//button[@data-kt=\"addButton\"]"}
COMMAND: POST /session/9d48326ae870b5d3a573a2f725ac1bbc/elements - {"using":"xpath","value":"//button[@data-kt=\"addButton\"]"}
RESULT: {"using":"xpath","value":"//button[@data-kt=\"addButton\"]"}
COMMAND: POST /session/9d48326ae870b5d3a573a2f725ac1bbc/elements - {"using":"xpath","value":"//button[@data-kt=\"addButton\"]"}
RESULT: {"using":"xpath","value":"//button[@data-kt=\"addButton\"]"}
COMMAND: POST /session/9d48326ae870b5d3a573a2f725ac1bbc/elements - {"using":"xpath","value":"//button[@data-kt=\"addButton\"]"}
RESULT: {"using":"xpath","value":"//button[@data-kt=\"addButton\"]"}
COMMAND: POST /session/9d48326ae870b5d3a573a2f725ac1bbc/elements - {"using":"xpath","value":"//button[@data-kt=\"addButton\"]"}
RESULT: {"using":"xpath","value":"//button[@data-kt=\"addButton\"]"}
COMMAND: POST /session/9d48326ae870b5d3a573a2f725ac1bbc/elements - {"using":"xpath","value":"//button[@data-kt=\"addButton\"]"}
RESULT: {"using":"xpath","value":"//button[@data-kt=\"addButton\"]"}
COMMAND: POST /session/9d48326ae870b5d3a573a2f725ac1bbc/elements - {"using":"xpath","value":"//button[@data-kt=\"addButton\"]"}
RESULT: {"using":"xpath","value":"//button[@data-kt=\"addButton\"]"}
COMMAND: POST /session/9d48326ae870b5d3a573a2f725ac1bbc/elements - {"using":"xpath","value":"//button[@data-kt=\"addButton\"]"}
RESULT: {"using":"xpath","value":"//button[@data-kt=\"addButton\"]"}
COMMAND: POST /session/9d48326ae870b5d3a573a2f725ac1bbc/elements - {"using":"xpath","value":"//button[@data-kt=\"addButton\"]"}
RESULT: {"using":"xpath","value":"//button[@data-kt=\"addButton\"]"}
COMMAND: POST /session/9d48326ae870b5d3a573a2f725ac1bbc/elements - {"using":"xpath","value":"//button[@data-kt=\"addButton\"]"}
RESULT: {"using":"xpath","value":"//button[@data-kt=\"addButton\"]"}
COMMAND: POST /session/9d48326ae870b5d3a573a2f725ac1bbc/elements - {"using":"xpath","value":"//button[@data-kt=\"addButton\"]"}
RESULT: {"using":"xpath","value":"//button[@data-kt=\"addButton\"]"}
COMMAND: POST /session/9d48326ae870b5d3a573a2f725ac1bbc/elements - {"using":"xpath","value":"//button[@data-kt=\"addButton\"]"}
RESULT: {"using":"xpath","value":"//button[@data-kt=\"addButton\"]"}
COMMAND: POST /session/9d48326ae870b5d3a573a2f725ac1bbc/elements - {"using":"xpath","value":"//button[@data-kt=\"addButton\"]"}
RESULT: {"using":"xpath","value":"//button[@data-kt=\"addButton\"]"}
COMMAND: POST /session/9d48326ae870b5d3a573a2f725ac1bbc/elements - {"using":"xpath","value":"//button[@data-kt=\"addButton\"]"}
RESULT: {"using":"xpath","value":"//button[@data-kt=\"addButton\"]"}
COMMAND: POST /session/9d48326ae870b5d3a573a2f725ac1bbc/elements - {"using":"xpath","value":"//button[@data-kt=\"addButton\"]"}
RESULT: {"using":"xpath","value":"//button[@data-kt=\"addButton\"]"}
COMMAND: POST /session/9d48326ae870b5d3a573a2f725ac1bbc/elements - {"using":"xpath","value":"//button[@data-kt=\"addButton\"]"}
RESULT: {"using":"xpath","value":"//button[@data-kt=\"addButton\"]"}
COMMAND: POST /session/9d48326ae870b5d3a573a2f725ac1bbc/elements - {"using":"xpath","value":"//button[@data-kt=\"addButton\"]"}
RESULT: {"using":"xpath","value":"//button[@data-kt=\"addButton\"]"}
COMMAND: POST /session/9d48326ae870b5d3a573a2f725ac1bbc/elements - {"using":"xpath","value":"//button[@data-kt=\"addButton\"]"}
RESULT: {"using":"xpath","value":"//button[@data-kt=\"addButton\"]"}
COMMAND: POST /session/9d48326ae870b5d3a573a2f725ac1bbc/elements - {"using":"xpath","value":"//button[@data-kt=\"addButton\"]"}
RESULT: {"using":"xpath","value":"//button[@data-kt=\"addButton\"]"}
COMMAND: POST /session/9d48326ae870b5d3a573a2f725ac1bbc/elements - {"using":"xpath","value":"//button[@data-kt=\"addButton\"]"}
RESULT: {"using":"xpath","value":"//button[@data-kt=\"addButton\"]"}
COMMAND: POST /session/9d48326ae870b5d3a573a2f725ac1bbc/elements - {"using":"xpath","value":"//button[@data-kt=\"addButton\"]"}
RESULT: {"using":"xpath","value":"//button[@data-kt=\"addButton\"]"}
COMMAND: POST /session/9d48326ae870b5d3a573a2f725ac1bbc/elements - {"using":"xpath","value":"//button[@data-kt=\"addButton\"]"}
RESULT: {"using":"xpath","value":"//button[@data-kt=\"addButton\"]"}
COMMAND: POST /session/9d48326ae870b5d3a573a2f725ac1bbc/elements - {"using":"xpath","value":"//button[@data-kt=\"addButton\"]"}
RESULT: {"using":"xpath","value":"//button[@data-kt=\"addButton\"]"}
COMMAND: POST /session/9d48326ae870b5d3a573a2f725ac1bbc/elements - {"using":"xpath","value":"//button[@data-kt=\"addButton\"]"}
RESULT: {"using":"xpath","value":"//button[@data-kt=\"addButton\"]"}
COMMAND: POST /session/9d48326ae870b5d3a573a2f725ac1bbc/elements - {"using":"xpath","value":"//button[@data-kt=\"addButton\"]"}
RESULT: {"using":"xpath","value":"//button[@data-kt=\"addButton\"]"}
COMMAND: POST /session/9d48326ae870b5d3a573a2f725ac1bbc/elements - {"using":"xpath","value":"//button[@data-kt=\"addButton\"]"}
RESULT: {"using":"xpath","value":"//button[@data-kt=\"addButton\"]"}
COMMAND: POST /session/9d48326ae870b5d3a573a2f725ac1bbc/elements - {"using":"xpath","value":"//button[@data-kt=\"addButton\"]"}
RESULT: {"using":"xpath","value":"//button[@data-kt=\"addButton\"]"}
COMMAND: POST /session/9d48326ae870b5d3a573a2f725ac1bbc/elements - {"using":"xpath","value":"//button[@data-kt=\"addButton\"]"}
RESULT: {"using":"xpath","value":"//button[@data-kt=\"addButton\"]"}
COMMAND: POST /session/9d48326ae870b5d3a573a2f725ac1bbc/elements - {"using":"xpath","value":"//button[@data-kt=\"addButton\"]"}
RESULT: {"using":"xpath","value":"//button[@data-kt=\"addButton\"]"}
COMMAND: POST /session/9d48326ae870b5d3a573a2f725ac1bbc/elements - {"using":"xpath","value":"//button[@data-kt=\"addButton\"]"}
RESULT: {"using":"xpath","value":"//button[@data-kt=\"addButton\"]"}
COMMAND: POST /session/9d48326ae870b5d3a573a2f725ac1bbc/elements - {"using":"xpath","value":"//button[@data-kt=\"addButton\"]"}
RESULT: {"using":"xpath","value":"//button[@data-kt=\"addButton\"]"}
COMMAND: POST /session/9d48326ae870b5d3a573a2f725ac1bbc/elements - {"using":"xpath","value":"//button[@data-kt=\"addButton\"]"}
RESULT: {"using":"xpath","value":"//button[@data-kt=\"addButton\"]"}
COMMAND: POST /session/9d48326ae870b5d3a573a2f725ac1bbc/elements - {"using":"xpath","value":"//button[@data-kt=\"addButton\"]"}
RESULT: {"using":"xpath","value":"//button[@data-kt=\"addButton\"]"}
COMMAND: POST /session/9d48326ae870b5d3a573a2f725ac1bbc/elements - {"using":"xpath","value":"//button[@data-kt=\"addButton\"]"}
RESULT: {"using":"xpath","value":"//button[@data-kt=\"addButton\"]"}
COMMAND: POST /session/9d48326ae870b5d3a573a2f725ac1bbc/elements - {"using":"xpath","value":"//button[@data-kt=\"addButton\"]"}
RESULT: {"using":"xpath","value":"//button[@data-kt=\"addButton\"]"}
COMMAND: POST /session/9d48326ae870b5d3a573a2f725ac1bbc/elements - {"using":"xpath","value":"//button[@data-kt=\"addButton\"]"}
RESULT: {"using":"xpath","value":"//button[@data-kt=\"addButton\"]"}
COMMAND: POST /session/9d48326ae870b5d3a573a2f725ac1bbc/elements - {"using":"xpath","value":"//button[@data-kt=\"addButton\"]"}
RESULT: {"using":"xpath","value":"//button[@data-kt=\"addButton\"]"}
COMMAND: POST /session/9d48326ae870b5d3a573a2f725ac1bbc/elements - {"using":"xpath","value":"//button[@data-kt=\"addButton\"]"}
RESULT: {"using":"xpath","value":"//button[@data-kt=\"addButton\"]"}
COMMAND: POST /session/9d48326ae870b5d3a573a2f725ac1bbc/elements - {"using":"xpath","value":"//button[@data-kt=\"addButton\"]"}
RESULT: {"using":"xpath","value":"//button[@data-kt=\"addButton\"]"}
COMMAND: POST /session/9d48326ae870b5d3a573a2f725ac1bbc/elements - {"using":"xpath","value":"//button[@data-kt=\"addButton\"]"}
RESULT: {"using":"xpath","value":"//button[@data-kt=\"addButton\"]"}
COMMAND: POST /session/9d48326ae870b5d3a573a2f725ac1bbc/elements - {"using":"xpath","value":"//button[@data-kt=\"addButton\"]"}
RESULT: {"using":"xpath","value":"//button[@data-kt=\"addButton\"]"}
COMMAND: POST /session/9d48326ae870b5d3a573a2f725ac1bbc/elements - {"using":"xpath","value":"//button[@data-kt=\"addButton\"]"}
RESULT: {"using":"xpath","value":"//button[@data-kt=\"addButton\"]"}
COMMAND: POST /session/9d48326ae870b5d3a573a2f725ac1bbc/elements - {"using":"xpath","value":"//button[@data-kt=\"addButton\"]"}
RESULT: {"using":"xpath","value":"//button[@data-kt=\"addButton\"]"}
COMMAND: POST /session/9d48326ae870b5d3a573a2f725ac1bbc/elements - {"using":"xpath","value":"//button[@data-kt=\"addButton\"]"}
RESULT: {"using":"xpath","value":"//button[@data-kt=\"addButton\"]"}
COMMAND: POST /session/9d48326ae870b5d3a573a2f725ac1bbc/elements - {"using":"xpath","value":"//button[@data-kt=\"addButton\"]"}
RESULT: {"using":"xpath","value":"//button[@data-kt=\"addButton\"]"}
COMMAND: POST /session/9d48326ae870b5d3a573a2f725ac1bbc/elements - {"using":"xpath","value":"//button[@data-kt=\"addButton\"]"}
RESULT: {"using":"xpath","value":"//button[@data-kt=\"addButton\"]"}
COMMAND: POST /session/9d48326ae870b5d3a573a2f725ac1bbc/elements - {"using":"xpath","value":"//button[@data-kt=\"addButton\"]"}
RESULT: {"using":"xpath","value":"//button[@data-kt=\"addButton\"]"}
COMMAND: POST /session/9d48326ae870b5d3a573a2f725ac1bbc/elements - {"using":"xpath","value":"//button[@data-kt=\"addButton\"]"}
RESULT: {"using":"xpath","value":"//button[@data-kt=\"addButton\"]"}
COMMAND: POST /session/9d48326ae870b5d3a573a2f725ac1bbc/elements - {"using":"xpath","value":"//button[@data-kt=\"addButton\"]"}
RESULT: {"using":"xpath","value":"//button[@data-kt=\"addButton\"]"}
COMMAND: POST /session/9d48326ae870b5d3a573a2f725ac1bbc/elements - {"using":"xpath","value":"//button[@data-kt=\"addButton\"]"}
RESULT: {"using":"xpath","value":"//button[@data-kt=\"addButton\"]"}
COMMAND: POST /session/9d48326ae870b5d3a573a2f725ac1bbc/elements - {"using":"xpath","value":"//button[@data-kt=\"addButton\"]"}
RESULT: {"using":"xpath","value":"//button[@data-kt=\"addButton\"]"}
COMMAND: POST /session/9d48326ae870b5d3a573a2f725ac1bbc/elements - {"using":"xpath","value":"//button[@data-kt=\"addButton\"]"}
RESULT: {"using":"xpath","value":"//button[@data-kt=\"addButton\"]"}
COMMAND: POST /session/9d48326ae870b5d3a573a2f725ac1bbc/elements - {"using":"xpath","value":"//button[@data-kt=\"addButton\"]"}
RESULT: {"using":"xpath","value":"//button[@data-kt=\"addButton\"]"}
COMMAND: POST /session/9d48326ae870b5d3a573a2f725ac1bbc/elements - {"using":"xpath","value":"//button[@data-kt=\"addButton\"]"}
RESULT: {"using":"xpath","value":"//button[@data-kt=\"addButton\"]"}
COMMAND: POST /session/9d48326ae870b5d3a573a2f725ac1bbc/elements - {"using":"xpath","value":"//button[@data-kt=\"addButton\"]"}
RESULT: {"using":"xpath","value":"//button[@data-kt=\"addButton\"]"}
COMMAND: POST /session/9d48326ae870b5d3a573a2f725ac1bbc/elements - {"using":"xpath","value":"//button[@data-kt=\"addButton\"]"}
RESULT: {"using":"xpath","value":"//button[@data-kt=\"addButton\"]"}
COMMAND: POST /session/9d48326ae870b5d3a573a2f725ac1bbc/elements - {"using":"xpath","value":"//button[@data-kt=\"addButton\"]"}
RESULT: {"using":"xpath","value":"//button[@data-kt=\"addButton\"]"}
COMMAND: POST /session/9d48326ae870b5d3a573a2f725ac1bbc/elements - {"using":"xpath","value":"//button[@data-kt=\"addButton\"]"}
RESULT: {"using":"xpath","value":"//button[@data-kt=\"addButton\"]"}
COMMAND: POST /session/9d48326ae870b5d3a573a2f725ac1bbc/elements - {"using":"xpath","value":"//button[@data-kt=\"addButton\"]"}
RESULT: {"using":"xpath","value":"//button[@data-kt=\"addButton\"]"}
COMMAND: POST /session/9d48326ae870b5d3a573a2f725ac1bbc/elements - {"using":"xpath","value":"//button[@data-kt=\"addButton\"]"}
RESULT: {"using":"xpath","value":"//button[@data-kt=\"addButton\"]"}
COMMAND: POST /session/9d48326ae870b5d3a573a2f725ac1bbc/elements - {"using":"xpath","value":"//button[@data-kt=\"addButton\"]"}
RESULT: {"using":"xpath","value":"//button[@data-kt=\"addButton\"]"}
COMMAND: POST /session/9d48326ae870b5d3a573a2f725ac1bbc/elements - {"using":"xpath","value":"//button[@data-kt=\"addButton\"]"}
RESULT: {"using":"xpath","value":"//button[@data-kt=\"addButton\"]"}
COMMAND: POST /session/9d48326ae870b5d3a573a2f725ac1bbc/elements - {"using":"xpath","value":"//button[@data-kt=\"addButton\"]"}
RESULT: {"using":"xpath","value":"//button[@data-kt=\"addButton\"]"}
COMMAND: POST /session/9d48326ae870b5d3a573a2f725ac1bbc/elements - {"using":"xpath","value":"//button[@data-kt=\"addButton\"]"}
RESULT: {"using":"xpath","value":"//button[@data-kt=\"addButton\"]"}
COMMAND: POST /session/9d48326ae870b5d3a573a2f725ac1bbc/elements - {"using":"xpath","value":"//button[@data-kt=\"addButton\"]"}
RESULT: {"using":"xpath","value":"//button[@data-kt=\"addButton\"]"}
COMMAND: POST /session/9d48326ae870b5d3a573a2f725ac1bbc/elements - {"using":"xpath","value":"//button[@data-kt=\"addButton\"]"}
RESULT: {"using":"xpath","value":"//button[@data-kt=\"addButton\"]"}
COMMAND: POST /session/9d48326ae870b5d3a573a2f725ac1bbc/elements - {"using":"xpath","value":"//button[@data-kt=\"addButton\"]"}
RESULT: {"using":"xpath","value":"//button[@data-kt=\"addButton\"]"}
COMMAND: POST /session/9d48326ae870b5d3a573a2f725ac1bbc/elements - {"using":"xpath","value":"//button[@data-kt=\"addButton\"]"}
RESULT: {"using":"xpath","value":"//button[@data-kt=\"addButton\"]"}
COMMAND: POST /session/9d48326ae870b5d3a573a2f725ac1bbc/elements - {"using":"xpath","value":"//button[@data-kt=\"addButton\"]"}
RESULT: {"using":"xpath","value":"//button[@data-kt=\"addButton\"]"}
COMMAND: POST /session/9d48326ae870b5d3a573a2f725ac1bbc/elements - {"using":"xpath","value":"//button[@data-kt=\"addButton\"]"}
COMMAND: GET /session/9d48326ae870b5d3a573a2f725ac1bbc/screenshot - {}
RESULT: {"using":"xpath","value":"//button[@data-kt=\"addButton\"]"}
RESULT: {}
]]></system-out>
      <system-err><![CDATA[
Error: element ("//button[@data-kt="addButton"]") still not existing after 45000ms
    at async UtilsPrerequisites.contractCreation (D:\a\1\s\test\specs\BTS\prerequisites-and-utils-functions.js:1741:9)
    at async Context.<anonymous> (D:\a\1\s\test\specs\BTS\reverse-billing.spec.js:61:45)
]]></system-err>
    </testcase>
    <testcase classname="chrome.136_0_7103_93.windows.Create_Reverse_Billing_US127248" name="Should add equipment to the contract" time="60.488">
      <failure/>
      <error message="Can't call click on element with selector &quot;//button[@data-kt=&quot;contractDetailEditBtnButton&quot;]&quot; because element wasn't found"/>
      <system-out><![CDATA[
COMMAND: POST /session/9d48326ae870b5d3a573a2f725ac1bbc/element - {"using":"xpath","value":"//button[@data-kt=\"contractDetailEditBtnButton\"]"}
COMMAND: GET /session/9d48326ae870b5d3a573a2f725ac1bbc/screenshot - {}
RESULT: {"using":"xpath","value":"//button[@data-kt=\"contractDetailEditBtnButton\"]"}
COMMAND: POST /session/9d48326ae870b5d3a573a2f725ac1bbc/elements - {"using":"xpath","value":"//button[@data-kt=\"contractDetailEditBtnButton\"]"}
RESULT: {}
RESULT: {"using":"xpath","value":"//button[@data-kt=\"contractDetailEditBtnButton\"]"}
COMMAND: POST /session/9d48326ae870b5d3a573a2f725ac1bbc/elements - {"using":"xpath","value":"//button[@data-kt=\"contractDetailEditBtnButton\"]"}
RESULT: {"using":"xpath","value":"//button[@data-kt=\"contractDetailEditBtnButton\"]"}
COMMAND: POST /session/9d48326ae870b5d3a573a2f725ac1bbc/elements - {"using":"xpath","value":"//button[@data-kt=\"contractDetailEditBtnButton\"]"}
RESULT: {"using":"xpath","value":"//button[@data-kt=\"contractDetailEditBtnButton\"]"}
COMMAND: POST /session/9d48326ae870b5d3a573a2f725ac1bbc/elements - {"using":"xpath","value":"//button[@data-kt=\"contractDetailEditBtnButton\"]"}
RESULT: {"using":"xpath","value":"//button[@data-kt=\"contractDetailEditBtnButton\"]"}
COMMAND: POST /session/9d48326ae870b5d3a573a2f725ac1bbc/elements - {"using":"xpath","value":"//button[@data-kt=\"contractDetailEditBtnButton\"]"}
RESULT: {"using":"xpath","value":"//button[@data-kt=\"contractDetailEditBtnButton\"]"}
COMMAND: POST /session/9d48326ae870b5d3a573a2f725ac1bbc/elements - {"using":"xpath","value":"//button[@data-kt=\"contractDetailEditBtnButton\"]"}
RESULT: {"using":"xpath","value":"//button[@data-kt=\"contractDetailEditBtnButton\"]"}
COMMAND: POST /session/9d48326ae870b5d3a573a2f725ac1bbc/elements - {"using":"xpath","value":"//button[@data-kt=\"contractDetailEditBtnButton\"]"}
RESULT: {"using":"xpath","value":"//button[@data-kt=\"contractDetailEditBtnButton\"]"}
COMMAND: POST /session/9d48326ae870b5d3a573a2f725ac1bbc/elements - {"using":"xpath","value":"//button[@data-kt=\"contractDetailEditBtnButton\"]"}
RESULT: {"using":"xpath","value":"//button[@data-kt=\"contractDetailEditBtnButton\"]"}
COMMAND: POST /session/9d48326ae870b5d3a573a2f725ac1bbc/elements - {"using":"xpath","value":"//button[@data-kt=\"contractDetailEditBtnButton\"]"}
RESULT: {"using":"xpath","value":"//button[@data-kt=\"contractDetailEditBtnButton\"]"}
COMMAND: POST /session/9d48326ae870b5d3a573a2f725ac1bbc/elements - {"using":"xpath","value":"//button[@data-kt=\"contractDetailEditBtnButton\"]"}
RESULT: {"using":"xpath","value":"//button[@data-kt=\"contractDetailEditBtnButton\"]"}
COMMAND: POST /session/9d48326ae870b5d3a573a2f725ac1bbc/elements - {"using":"xpath","value":"//button[@data-kt=\"contractDetailEditBtnButton\"]"}
RESULT: {"using":"xpath","value":"//button[@data-kt=\"contractDetailEditBtnButton\"]"}
COMMAND: POST /session/9d48326ae870b5d3a573a2f725ac1bbc/elements - {"using":"xpath","value":"//button[@data-kt=\"contractDetailEditBtnButton\"]"}
RESULT: {"using":"xpath","value":"//button[@data-kt=\"contractDetailEditBtnButton\"]"}
COMMAND: POST /session/9d48326ae870b5d3a573a2f725ac1bbc/elements - {"using":"xpath","value":"//button[@data-kt=\"contractDetailEditBtnButton\"]"}
RESULT: {"using":"xpath","value":"//button[@data-kt=\"contractDetailEditBtnButton\"]"}
COMMAND: POST /session/9d48326ae870b5d3a573a2f725ac1bbc/elements - {"using":"xpath","value":"//button[@data-kt=\"contractDetailEditBtnButton\"]"}
RESULT: {"using":"xpath","value":"//button[@data-kt=\"contractDetailEditBtnButton\"]"}
COMMAND: POST /session/9d48326ae870b5d3a573a2f725ac1bbc/elements - {"using":"xpath","value":"//button[@data-kt=\"contractDetailEditBtnButton\"]"}
RESULT: {"using":"xpath","value":"//button[@data-kt=\"contractDetailEditBtnButton\"]"}
COMMAND: POST /session/9d48326ae870b5d3a573a2f725ac1bbc/elements - {"using":"xpath","value":"//button[@data-kt=\"contractDetailEditBtnButton\"]"}
RESULT: {"using":"xpath","value":"//button[@data-kt=\"contractDetailEditBtnButton\"]"}
COMMAND: POST /session/9d48326ae870b5d3a573a2f725ac1bbc/elements - {"using":"xpath","value":"//button[@data-kt=\"contractDetailEditBtnButton\"]"}
RESULT: {"using":"xpath","value":"//button[@data-kt=\"contractDetailEditBtnButton\"]"}
COMMAND: POST /session/9d48326ae870b5d3a573a2f725ac1bbc/elements - {"using":"xpath","value":"//button[@data-kt=\"contractDetailEditBtnButton\"]"}
RESULT: {"using":"xpath","value":"//button[@data-kt=\"contractDetailEditBtnButton\"]"}
COMMAND: POST /session/9d48326ae870b5d3a573a2f725ac1bbc/elements - {"using":"xpath","value":"//button[@data-kt=\"contractDetailEditBtnButton\"]"}
RESULT: {"using":"xpath","value":"//button[@data-kt=\"contractDetailEditBtnButton\"]"}
COMMAND: POST /session/9d48326ae870b5d3a573a2f725ac1bbc/elements - {"using":"xpath","value":"//button[@data-kt=\"contractDetailEditBtnButton\"]"}
RESULT: {"using":"xpath","value":"//button[@data-kt=\"contractDetailEditBtnButton\"]"}
COMMAND: POST /session/9d48326ae870b5d3a573a2f725ac1bbc/elements - {"using":"xpath","value":"//button[@data-kt=\"contractDetailEditBtnButton\"]"}
RESULT: {"using":"xpath","value":"//button[@data-kt=\"contractDetailEditBtnButton\"]"}
COMMAND: POST /session/9d48326ae870b5d3a573a2f725ac1bbc/elements - {"using":"xpath","value":"//button[@data-kt=\"contractDetailEditBtnButton\"]"}
RESULT: {"using":"xpath","value":"//button[@data-kt=\"contractDetailEditBtnButton\"]"}
COMMAND: POST /session/9d48326ae870b5d3a573a2f725ac1bbc/elements - {"using":"xpath","value":"//button[@data-kt=\"contractDetailEditBtnButton\"]"}
RESULT: {"using":"xpath","value":"//button[@data-kt=\"contractDetailEditBtnButton\"]"}
COMMAND: POST /session/9d48326ae870b5d3a573a2f725ac1bbc/elements - {"using":"xpath","value":"//button[@data-kt=\"contractDetailEditBtnButton\"]"}
RESULT: {"using":"xpath","value":"//button[@data-kt=\"contractDetailEditBtnButton\"]"}
COMMAND: POST /session/9d48326ae870b5d3a573a2f725ac1bbc/elements - {"using":"xpath","value":"//button[@data-kt=\"contractDetailEditBtnButton\"]"}
RESULT: {"using":"xpath","value":"//button[@data-kt=\"contractDetailEditBtnButton\"]"}
COMMAND: POST /session/9d48326ae870b5d3a573a2f725ac1bbc/elements - {"using":"xpath","value":"//button[@data-kt=\"contractDetailEditBtnButton\"]"}
RESULT: {"using":"xpath","value":"//button[@data-kt=\"contractDetailEditBtnButton\"]"}
COMMAND: POST /session/9d48326ae870b5d3a573a2f725ac1bbc/elements - {"using":"xpath","value":"//button[@data-kt=\"contractDetailEditBtnButton\"]"}
RESULT: {"using":"xpath","value":"//button[@data-kt=\"contractDetailEditBtnButton\"]"}
COMMAND: POST /session/9d48326ae870b5d3a573a2f725ac1bbc/elements - {"using":"xpath","value":"//button[@data-kt=\"contractDetailEditBtnButton\"]"}
RESULT: {"using":"xpath","value":"//button[@data-kt=\"contractDetailEditBtnButton\"]"}
COMMAND: POST /session/9d48326ae870b5d3a573a2f725ac1bbc/elements - {"using":"xpath","value":"//button[@data-kt=\"contractDetailEditBtnButton\"]"}
RESULT: {"using":"xpath","value":"//button[@data-kt=\"contractDetailEditBtnButton\"]"}
COMMAND: POST /session/9d48326ae870b5d3a573a2f725ac1bbc/elements - {"using":"xpath","value":"//button[@data-kt=\"contractDetailEditBtnButton\"]"}
RESULT: {"using":"xpath","value":"//button[@data-kt=\"contractDetailEditBtnButton\"]"}
COMMAND: POST /session/9d48326ae870b5d3a573a2f725ac1bbc/elements - {"using":"xpath","value":"//button[@data-kt=\"contractDetailEditBtnButton\"]"}
RESULT: {"using":"xpath","value":"//button[@data-kt=\"contractDetailEditBtnButton\"]"}
COMMAND: POST /session/9d48326ae870b5d3a573a2f725ac1bbc/elements - {"using":"xpath","value":"//button[@data-kt=\"contractDetailEditBtnButton\"]"}
RESULT: {"using":"xpath","value":"//button[@data-kt=\"contractDetailEditBtnButton\"]"}
COMMAND: POST /session/9d48326ae870b5d3a573a2f725ac1bbc/elements - {"using":"xpath","value":"//button[@data-kt=\"contractDetailEditBtnButton\"]"}
RESULT: {"using":"xpath","value":"//button[@data-kt=\"contractDetailEditBtnButton\"]"}
COMMAND: POST /session/9d48326ae870b5d3a573a2f725ac1bbc/elements - {"using":"xpath","value":"//button[@data-kt=\"contractDetailEditBtnButton\"]"}
RESULT: {"using":"xpath","value":"//button[@data-kt=\"contractDetailEditBtnButton\"]"}
COMMAND: POST /session/9d48326ae870b5d3a573a2f725ac1bbc/elements - {"using":"xpath","value":"//button[@data-kt=\"contractDetailEditBtnButton\"]"}
RESULT: {"using":"xpath","value":"//button[@data-kt=\"contractDetailEditBtnButton\"]"}
COMMAND: POST /session/9d48326ae870b5d3a573a2f725ac1bbc/elements - {"using":"xpath","value":"//button[@data-kt=\"contractDetailEditBtnButton\"]"}
RESULT: {"using":"xpath","value":"//button[@data-kt=\"contractDetailEditBtnButton\"]"}
COMMAND: POST /session/9d48326ae870b5d3a573a2f725ac1bbc/elements - {"using":"xpath","value":"//button[@data-kt=\"contractDetailEditBtnButton\"]"}
RESULT: {"using":"xpath","value":"//button[@data-kt=\"contractDetailEditBtnButton\"]"}
COMMAND: POST /session/9d48326ae870b5d3a573a2f725ac1bbc/elements - {"using":"xpath","value":"//button[@data-kt=\"contractDetailEditBtnButton\"]"}
RESULT: {"using":"xpath","value":"//button[@data-kt=\"contractDetailEditBtnButton\"]"}
COMMAND: POST /session/9d48326ae870b5d3a573a2f725ac1bbc/elements - {"using":"xpath","value":"//button[@data-kt=\"contractDetailEditBtnButton\"]"}
RESULT: {"using":"xpath","value":"//button[@data-kt=\"contractDetailEditBtnButton\"]"}
COMMAND: POST /session/9d48326ae870b5d3a573a2f725ac1bbc/elements - {"using":"xpath","value":"//button[@data-kt=\"contractDetailEditBtnButton\"]"}
RESULT: {"using":"xpath","value":"//button[@data-kt=\"contractDetailEditBtnButton\"]"}
COMMAND: POST /session/9d48326ae870b5d3a573a2f725ac1bbc/elements - {"using":"xpath","value":"//button[@data-kt=\"contractDetailEditBtnButton\"]"}
RESULT: {"using":"xpath","value":"//button[@data-kt=\"contractDetailEditBtnButton\"]"}
COMMAND: POST /session/9d48326ae870b5d3a573a2f725ac1bbc/elements - {"using":"xpath","value":"//button[@data-kt=\"contractDetailEditBtnButton\"]"}
RESULT: {"using":"xpath","value":"//button[@data-kt=\"contractDetailEditBtnButton\"]"}
COMMAND: POST /session/9d48326ae870b5d3a573a2f725ac1bbc/elements - {"using":"xpath","value":"//button[@data-kt=\"contractDetailEditBtnButton\"]"}
RESULT: {"using":"xpath","value":"//button[@data-kt=\"contractDetailEditBtnButton\"]"}
COMMAND: POST /session/9d48326ae870b5d3a573a2f725ac1bbc/elements - {"using":"xpath","value":"//button[@data-kt=\"contractDetailEditBtnButton\"]"}
RESULT: {"using":"xpath","value":"//button[@data-kt=\"contractDetailEditBtnButton\"]"}
COMMAND: POST /session/9d48326ae870b5d3a573a2f725ac1bbc/elements - {"using":"xpath","value":"//button[@data-kt=\"contractDetailEditBtnButton\"]"}
RESULT: {"using":"xpath","value":"//button[@data-kt=\"contractDetailEditBtnButton\"]"}
COMMAND: POST /session/9d48326ae870b5d3a573a2f725ac1bbc/elements - {"using":"xpath","value":"//button[@data-kt=\"contractDetailEditBtnButton\"]"}
RESULT: {"using":"xpath","value":"//button[@data-kt=\"contractDetailEditBtnButton\"]"}
COMMAND: POST /session/9d48326ae870b5d3a573a2f725ac1bbc/elements - {"using":"xpath","value":"//button[@data-kt=\"contractDetailEditBtnButton\"]"}
RESULT: {"using":"xpath","value":"//button[@data-kt=\"contractDetailEditBtnButton\"]"}
COMMAND: POST /session/9d48326ae870b5d3a573a2f725ac1bbc/elements - {"using":"xpath","value":"//button[@data-kt=\"contractDetailEditBtnButton\"]"}
RESULT: {"using":"xpath","value":"//button[@data-kt=\"contractDetailEditBtnButton\"]"}
COMMAND: POST /session/9d48326ae870b5d3a573a2f725ac1bbc/elements - {"using":"xpath","value":"//button[@data-kt=\"contractDetailEditBtnButton\"]"}
RESULT: {"using":"xpath","value":"//button[@data-kt=\"contractDetailEditBtnButton\"]"}
COMMAND: POST /session/9d48326ae870b5d3a573a2f725ac1bbc/elements - {"using":"xpath","value":"//button[@data-kt=\"contractDetailEditBtnButton\"]"}
RESULT: {"using":"xpath","value":"//button[@data-kt=\"contractDetailEditBtnButton\"]"}
COMMAND: POST /session/9d48326ae870b5d3a573a2f725ac1bbc/elements - {"using":"xpath","value":"//button[@data-kt=\"contractDetailEditBtnButton\"]"}
RESULT: {"using":"xpath","value":"//button[@data-kt=\"contractDetailEditBtnButton\"]"}
COMMAND: POST /session/9d48326ae870b5d3a573a2f725ac1bbc/elements - {"using":"xpath","value":"//button[@data-kt=\"contractDetailEditBtnButton\"]"}
RESULT: {"using":"xpath","value":"//button[@data-kt=\"contractDetailEditBtnButton\"]"}
COMMAND: POST /session/9d48326ae870b5d3a573a2f725ac1bbc/elements - {"using":"xpath","value":"//button[@data-kt=\"contractDetailEditBtnButton\"]"}
RESULT: {"using":"xpath","value":"//button[@data-kt=\"contractDetailEditBtnButton\"]"}
COMMAND: POST /session/9d48326ae870b5d3a573a2f725ac1bbc/elements - {"using":"xpath","value":"//button[@data-kt=\"contractDetailEditBtnButton\"]"}
RESULT: {"using":"xpath","value":"//button[@data-kt=\"contractDetailEditBtnButton\"]"}
COMMAND: POST /session/9d48326ae870b5d3a573a2f725ac1bbc/elements - {"using":"xpath","value":"//button[@data-kt=\"contractDetailEditBtnButton\"]"}
RESULT: {"using":"xpath","value":"//button[@data-kt=\"contractDetailEditBtnButton\"]"}
COMMAND: POST /session/9d48326ae870b5d3a573a2f725ac1bbc/elements - {"using":"xpath","value":"//button[@data-kt=\"contractDetailEditBtnButton\"]"}
RESULT: {"using":"xpath","value":"//button[@data-kt=\"contractDetailEditBtnButton\"]"}
COMMAND: POST /session/9d48326ae870b5d3a573a2f725ac1bbc/elements - {"using":"xpath","value":"//button[@data-kt=\"contractDetailEditBtnButton\"]"}
RESULT: {"using":"xpath","value":"//button[@data-kt=\"contractDetailEditBtnButton\"]"}
COMMAND: POST /session/9d48326ae870b5d3a573a2f725ac1bbc/elements - {"using":"xpath","value":"//button[@data-kt=\"contractDetailEditBtnButton\"]"}
RESULT: {"using":"xpath","value":"//button[@data-kt=\"contractDetailEditBtnButton\"]"}
COMMAND: POST /session/9d48326ae870b5d3a573a2f725ac1bbc/elements - {"using":"xpath","value":"//button[@data-kt=\"contractDetailEditBtnButton\"]"}
RESULT: {"using":"xpath","value":"//button[@data-kt=\"contractDetailEditBtnButton\"]"}
COMMAND: POST /session/9d48326ae870b5d3a573a2f725ac1bbc/elements - {"using":"xpath","value":"//button[@data-kt=\"contractDetailEditBtnButton\"]"}
RESULT: {"using":"xpath","value":"//button[@data-kt=\"contractDetailEditBtnButton\"]"}
COMMAND: POST /session/9d48326ae870b5d3a573a2f725ac1bbc/elements - {"using":"xpath","value":"//button[@data-kt=\"contractDetailEditBtnButton\"]"}
RESULT: {"using":"xpath","value":"//button[@data-kt=\"contractDetailEditBtnButton\"]"}
COMMAND: POST /session/9d48326ae870b5d3a573a2f725ac1bbc/elements - {"using":"xpath","value":"//button[@data-kt=\"contractDetailEditBtnButton\"]"}
RESULT: {"using":"xpath","value":"//button[@data-kt=\"contractDetailEditBtnButton\"]"}
COMMAND: POST /session/9d48326ae870b5d3a573a2f725ac1bbc/elements - {"using":"xpath","value":"//button[@data-kt=\"contractDetailEditBtnButton\"]"}
RESULT: {"using":"xpath","value":"//button[@data-kt=\"contractDetailEditBtnButton\"]"}
COMMAND: POST /session/9d48326ae870b5d3a573a2f725ac1bbc/elements - {"using":"xpath","value":"//button[@data-kt=\"contractDetailEditBtnButton\"]"}
RESULT: {"using":"xpath","value":"//button[@data-kt=\"contractDetailEditBtnButton\"]"}
COMMAND: POST /session/9d48326ae870b5d3a573a2f725ac1bbc/elements - {"using":"xpath","value":"//button[@data-kt=\"contractDetailEditBtnButton\"]"}
RESULT: {"using":"xpath","value":"//button[@data-kt=\"contractDetailEditBtnButton\"]"}
COMMAND: POST /session/9d48326ae870b5d3a573a2f725ac1bbc/elements - {"using":"xpath","value":"//button[@data-kt=\"contractDetailEditBtnButton\"]"}
RESULT: {"using":"xpath","value":"//button[@data-kt=\"contractDetailEditBtnButton\"]"}
COMMAND: POST /session/9d48326ae870b5d3a573a2f725ac1bbc/elements - {"using":"xpath","value":"//button[@data-kt=\"contractDetailEditBtnButton\"]"}
RESULT: {"using":"xpath","value":"//button[@data-kt=\"contractDetailEditBtnButton\"]"}
COMMAND: POST /session/9d48326ae870b5d3a573a2f725ac1bbc/elements - {"using":"xpath","value":"//button[@data-kt=\"contractDetailEditBtnButton\"]"}
RESULT: {"using":"xpath","value":"//button[@data-kt=\"contractDetailEditBtnButton\"]"}
COMMAND: POST /session/9d48326ae870b5d3a573a2f725ac1bbc/elements - {"using":"xpath","value":"//button[@data-kt=\"contractDetailEditBtnButton\"]"}
RESULT: {"using":"xpath","value":"//button[@data-kt=\"contractDetailEditBtnButton\"]"}
COMMAND: POST /session/9d48326ae870b5d3a573a2f725ac1bbc/elements - {"using":"xpath","value":"//button[@data-kt=\"contractDetailEditBtnButton\"]"}
RESULT: {"using":"xpath","value":"//button[@data-kt=\"contractDetailEditBtnButton\"]"}
COMMAND: POST /session/9d48326ae870b5d3a573a2f725ac1bbc/elements - {"using":"xpath","value":"//button[@data-kt=\"contractDetailEditBtnButton\"]"}
RESULT: {"using":"xpath","value":"//button[@data-kt=\"contractDetailEditBtnButton\"]"}
COMMAND: POST /session/9d48326ae870b5d3a573a2f725ac1bbc/elements - {"using":"xpath","value":"//button[@data-kt=\"contractDetailEditBtnButton\"]"}
RESULT: {"using":"xpath","value":"//button[@data-kt=\"contractDetailEditBtnButton\"]"}
COMMAND: POST /session/9d48326ae870b5d3a573a2f725ac1bbc/elements - {"using":"xpath","value":"//button[@data-kt=\"contractDetailEditBtnButton\"]"}
RESULT: {"using":"xpath","value":"//button[@data-kt=\"contractDetailEditBtnButton\"]"}
COMMAND: POST /session/9d48326ae870b5d3a573a2f725ac1bbc/elements - {"using":"xpath","value":"//button[@data-kt=\"contractDetailEditBtnButton\"]"}
RESULT: {"using":"xpath","value":"//button[@data-kt=\"contractDetailEditBtnButton\"]"}
COMMAND: POST /session/9d48326ae870b5d3a573a2f725ac1bbc/elements - {"using":"xpath","value":"//button[@data-kt=\"contractDetailEditBtnButton\"]"}
RESULT: {"using":"xpath","value":"//button[@data-kt=\"contractDetailEditBtnButton\"]"}
COMMAND: POST /session/9d48326ae870b5d3a573a2f725ac1bbc/elements - {"using":"xpath","value":"//button[@data-kt=\"contractDetailEditBtnButton\"]"}
RESULT: {"using":"xpath","value":"//button[@data-kt=\"contractDetailEditBtnButton\"]"}
COMMAND: POST /session/9d48326ae870b5d3a573a2f725ac1bbc/elements - {"using":"xpath","value":"//button[@data-kt=\"contractDetailEditBtnButton\"]"}
RESULT: {"using":"xpath","value":"//button[@data-kt=\"contractDetailEditBtnButton\"]"}
COMMAND: POST /session/9d48326ae870b5d3a573a2f725ac1bbc/elements - {"using":"xpath","value":"//button[@data-kt=\"contractDetailEditBtnButton\"]"}
RESULT: {"using":"xpath","value":"//button[@data-kt=\"contractDetailEditBtnButton\"]"}
COMMAND: POST /session/9d48326ae870b5d3a573a2f725ac1bbc/elements - {"using":"xpath","value":"//button[@data-kt=\"contractDetailEditBtnButton\"]"}
RESULT: {"using":"xpath","value":"//button[@data-kt=\"contractDetailEditBtnButton\"]"}
COMMAND: POST /session/9d48326ae870b5d3a573a2f725ac1bbc/elements - {"using":"xpath","value":"//button[@data-kt=\"contractDetailEditBtnButton\"]"}
RESULT: {"using":"xpath","value":"//button[@data-kt=\"contractDetailEditBtnButton\"]"}
COMMAND: POST /session/9d48326ae870b5d3a573a2f725ac1bbc/elements - {"using":"xpath","value":"//button[@data-kt=\"contractDetailEditBtnButton\"]"}
RESULT: {"using":"xpath","value":"//button[@data-kt=\"contractDetailEditBtnButton\"]"}
COMMAND: POST /session/9d48326ae870b5d3a573a2f725ac1bbc/elements - {"using":"xpath","value":"//button[@data-kt=\"contractDetailEditBtnButton\"]"}
RESULT: {"using":"xpath","value":"//button[@data-kt=\"contractDetailEditBtnButton\"]"}
COMMAND: POST /session/9d48326ae870b5d3a573a2f725ac1bbc/elements - {"using":"xpath","value":"//button[@data-kt=\"contractDetailEditBtnButton\"]"}
RESULT: {"using":"xpath","value":"//button[@data-kt=\"contractDetailEditBtnButton\"]"}
COMMAND: POST /session/9d48326ae870b5d3a573a2f725ac1bbc/elements - {"using":"xpath","value":"//button[@data-kt=\"contractDetailEditBtnButton\"]"}
RESULT: {"using":"xpath","value":"//button[@data-kt=\"contractDetailEditBtnButton\"]"}
COMMAND: POST /session/9d48326ae870b5d3a573a2f725ac1bbc/elements - {"using":"xpath","value":"//button[@data-kt=\"contractDetailEditBtnButton\"]"}
RESULT: {"using":"xpath","value":"//button[@data-kt=\"contractDetailEditBtnButton\"]"}
COMMAND: POST /session/9d48326ae870b5d3a573a2f725ac1bbc/elements - {"using":"xpath","value":"//button[@data-kt=\"contractDetailEditBtnButton\"]"}
RESULT: {"using":"xpath","value":"//button[@data-kt=\"contractDetailEditBtnButton\"]"}
COMMAND: POST /session/9d48326ae870b5d3a573a2f725ac1bbc/elements - {"using":"xpath","value":"//button[@data-kt=\"contractDetailEditBtnButton\"]"}
RESULT: {"using":"xpath","value":"//button[@data-kt=\"contractDetailEditBtnButton\"]"}
COMMAND: POST /session/9d48326ae870b5d3a573a2f725ac1bbc/elements - {"using":"xpath","value":"//button[@data-kt=\"contractDetailEditBtnButton\"]"}
RESULT: {"using":"xpath","value":"//button[@data-kt=\"contractDetailEditBtnButton\"]"}
COMMAND: POST /session/9d48326ae870b5d3a573a2f725ac1bbc/elements - {"using":"xpath","value":"//button[@data-kt=\"contractDetailEditBtnButton\"]"}
RESULT: {"using":"xpath","value":"//button[@data-kt=\"contractDetailEditBtnButton\"]"}
COMMAND: POST /session/9d48326ae870b5d3a573a2f725ac1bbc/elements - {"using":"xpath","value":"//button[@data-kt=\"contractDetailEditBtnButton\"]"}
RESULT: {"using":"xpath","value":"//button[@data-kt=\"contractDetailEditBtnButton\"]"}
COMMAND: POST /session/9d48326ae870b5d3a573a2f725ac1bbc/elements - {"using":"xpath","value":"//button[@data-kt=\"contractDetailEditBtnButton\"]"}
RESULT: {"using":"xpath","value":"//button[@data-kt=\"contractDetailEditBtnButton\"]"}
COMMAND: POST /session/9d48326ae870b5d3a573a2f725ac1bbc/elements - {"using":"xpath","value":"//button[@data-kt=\"contractDetailEditBtnButton\"]"}
RESULT: {"using":"xpath","value":"//button[@data-kt=\"contractDetailEditBtnButton\"]"}
COMMAND: POST /session/9d48326ae870b5d3a573a2f725ac1bbc/elements - {"using":"xpath","value":"//button[@data-kt=\"contractDetailEditBtnButton\"]"}
RESULT: {"using":"xpath","value":"//button[@data-kt=\"contractDetailEditBtnButton\"]"}
COMMAND: POST /session/9d48326ae870b5d3a573a2f725ac1bbc/elements - {"using":"xpath","value":"//button[@data-kt=\"contractDetailEditBtnButton\"]"}
RESULT: {"using":"xpath","value":"//button[@data-kt=\"contractDetailEditBtnButton\"]"}
COMMAND: POST /session/9d48326ae870b5d3a573a2f725ac1bbc/elements - {"using":"xpath","value":"//button[@data-kt=\"contractDetailEditBtnButton\"]"}
RESULT: {"using":"xpath","value":"//button[@data-kt=\"contractDetailEditBtnButton\"]"}
COMMAND: POST /session/9d48326ae870b5d3a573a2f725ac1bbc/elements - {"using":"xpath","value":"//button[@data-kt=\"contractDetailEditBtnButton\"]"}
RESULT: {"using":"xpath","value":"//button[@data-kt=\"contractDetailEditBtnButton\"]"}
COMMAND: POST /session/9d48326ae870b5d3a573a2f725ac1bbc/elements - {"using":"xpath","value":"//button[@data-kt=\"contractDetailEditBtnButton\"]"}
RESULT: {"using":"xpath","value":"//button[@data-kt=\"contractDetailEditBtnButton\"]"}
COMMAND: POST /session/9d48326ae870b5d3a573a2f725ac1bbc/elements - {"using":"xpath","value":"//button[@data-kt=\"contractDetailEditBtnButton\"]"}
RESULT: {"using":"xpath","value":"//button[@data-kt=\"contractDetailEditBtnButton\"]"}
COMMAND: POST /session/9d48326ae870b5d3a573a2f725ac1bbc/elements - {"using":"xpath","value":"//button[@data-kt=\"contractDetailEditBtnButton\"]"}
RESULT: {"using":"xpath","value":"//button[@data-kt=\"contractDetailEditBtnButton\"]"}
COMMAND: POST /session/9d48326ae870b5d3a573a2f725ac1bbc/elements - {"using":"xpath","value":"//button[@data-kt=\"contractDetailEditBtnButton\"]"}
RESULT: {"using":"xpath","value":"//button[@data-kt=\"contractDetailEditBtnButton\"]"}
COMMAND: POST /session/9d48326ae870b5d3a573a2f725ac1bbc/elements - {"using":"xpath","value":"//button[@data-kt=\"contractDetailEditBtnButton\"]"}
RESULT: {"using":"xpath","value":"//button[@data-kt=\"contractDetailEditBtnButton\"]"}
COMMAND: POST /session/9d48326ae870b5d3a573a2f725ac1bbc/elements - {"using":"xpath","value":"//button[@data-kt=\"contractDetailEditBtnButton\"]"}
RESULT: {"using":"xpath","value":"//button[@data-kt=\"contractDetailEditBtnButton\"]"}
COMMAND: POST /session/9d48326ae870b5d3a573a2f725ac1bbc/elements - {"using":"xpath","value":"//button[@data-kt=\"contractDetailEditBtnButton\"]"}
RESULT: {"using":"xpath","value":"//button[@data-kt=\"contractDetailEditBtnButton\"]"}
COMMAND: POST /session/9d48326ae870b5d3a573a2f725ac1bbc/elements - {"using":"xpath","value":"//button[@data-kt=\"contractDetailEditBtnButton\"]"}
RESULT: {"using":"xpath","value":"//button[@data-kt=\"contractDetailEditBtnButton\"]"}
COMMAND: POST /session/9d48326ae870b5d3a573a2f725ac1bbc/elements - {"using":"xpath","value":"//button[@data-kt=\"contractDetailEditBtnButton\"]"}
RESULT: {"using":"xpath","value":"//button[@data-kt=\"contractDetailEditBtnButton\"]"}
COMMAND: POST /session/9d48326ae870b5d3a573a2f725ac1bbc/elements - {"using":"xpath","value":"//button[@data-kt=\"contractDetailEditBtnButton\"]"}
RESULT: {"using":"xpath","value":"//button[@data-kt=\"contractDetailEditBtnButton\"]"}
COMMAND: POST /session/9d48326ae870b5d3a573a2f725ac1bbc/elements - {"using":"xpath","value":"//button[@data-kt=\"contractDetailEditBtnButton\"]"}
RESULT: {"using":"xpath","value":"//button[@data-kt=\"contractDetailEditBtnButton\"]"}
COMMAND: POST /session/9d48326ae870b5d3a573a2f725ac1bbc/elements - {"using":"xpath","value":"//button[@data-kt=\"contractDetailEditBtnButton\"]"}
RESULT: {"using":"xpath","value":"//button[@data-kt=\"contractDetailEditBtnButton\"]"}
COMMAND: POST /session/9d48326ae870b5d3a573a2f725ac1bbc/elements - {"using":"xpath","value":"//button[@data-kt=\"contractDetailEditBtnButton\"]"}
RESULT: {"using":"xpath","value":"//button[@data-kt=\"contractDetailEditBtnButton\"]"}
COMMAND: POST /session/9d48326ae870b5d3a573a2f725ac1bbc/elements - {"using":"xpath","value":"//button[@data-kt=\"contractDetailEditBtnButton\"]"}
RESULT: {"using":"xpath","value":"//button[@data-kt=\"contractDetailEditBtnButton\"]"}
COMMAND: POST /session/9d48326ae870b5d3a573a2f725ac1bbc/elements - {"using":"xpath","value":"//button[@data-kt=\"contractDetailEditBtnButton\"]"}
RESULT: {"using":"xpath","value":"//button[@data-kt=\"contractDetailEditBtnButton\"]"}
COMMAND: POST /session/9d48326ae870b5d3a573a2f725ac1bbc/elements - {"using":"xpath","value":"//button[@data-kt=\"contractDetailEditBtnButton\"]"}
RESULT: {"using":"xpath","value":"//button[@data-kt=\"contractDetailEditBtnButton\"]"}
COMMAND: POST /session/9d48326ae870b5d3a573a2f725ac1bbc/elements - {"using":"xpath","value":"//button[@data-kt=\"contractDetailEditBtnButton\"]"}
RESULT: {"using":"xpath","value":"//button[@data-kt=\"contractDetailEditBtnButton\"]"}
COMMAND: POST /session/9d48326ae870b5d3a573a2f725ac1bbc/elements - {"using":"xpath","value":"//button[@data-kt=\"contractDetailEditBtnButton\"]"}
RESULT: {"using":"xpath","value":"//button[@data-kt=\"contractDetailEditBtnButton\"]"}
COMMAND: POST /session/9d48326ae870b5d3a573a2f725ac1bbc/elements - {"using":"xpath","value":"//button[@data-kt=\"contractDetailEditBtnButton\"]"}
RESULT: {"using":"xpath","value":"//button[@data-kt=\"contractDetailEditBtnButton\"]"}
COMMAND: POST /session/9d48326ae870b5d3a573a2f725ac1bbc/elements - {"using":"xpath","value":"//button[@data-kt=\"contractDetailEditBtnButton\"]"}
RESULT: {"using":"xpath","value":"//button[@data-kt=\"contractDetailEditBtnButton\"]"}
COMMAND: POST /session/9d48326ae870b5d3a573a2f725ac1bbc/elements - {"using":"xpath","value":"//button[@data-kt=\"contractDetailEditBtnButton\"]"}
RESULT: {"using":"xpath","value":"//button[@data-kt=\"contractDetailEditBtnButton\"]"}
COMMAND: POST /session/9d48326ae870b5d3a573a2f725ac1bbc/elements - {"using":"xpath","value":"//button[@data-kt=\"contractDetailEditBtnButton\"]"}
RESULT: {"using":"xpath","value":"//button[@data-kt=\"contractDetailEditBtnButton\"]"}
COMMAND: POST /session/9d48326ae870b5d3a573a2f725ac1bbc/elements - {"using":"xpath","value":"//button[@data-kt=\"contractDetailEditBtnButton\"]"}
RESULT: {"using":"xpath","value":"//button[@data-kt=\"contractDetailEditBtnButton\"]"}
COMMAND: POST /session/9d48326ae870b5d3a573a2f725ac1bbc/elements - {"using":"xpath","value":"//button[@data-kt=\"contractDetailEditBtnButton\"]"}
RESULT: {"using":"xpath","value":"//button[@data-kt=\"contractDetailEditBtnButton\"]"}
COMMAND: POST /session/9d48326ae870b5d3a573a2f725ac1bbc/elements - {"using":"xpath","value":"//button[@data-kt=\"contractDetailEditBtnButton\"]"}
COMMAND: GET /session/9d48326ae870b5d3a573a2f725ac1bbc/screenshot - {}
RESULT: {"using":"xpath","value":"//button[@data-kt=\"contractDetailEditBtnButton\"]"}
RESULT: {}
]]></system-out>
      <system-err><![CDATA[
Error: Can't call click on element with selector "//button[@data-kt="contractDetailEditBtnButton"]" because element wasn't found
    at async UtilsPrerequisites.addItemToContract (D:\a\1\s\test\specs\BTS\prerequisites-and-utils-functions.js:1852:9)
    at async Context.<anonymous> (D:\a\1\s\test\specs\BTS\reverse-billing.spec.js:65:9)
]]></system-err>
    </testcase>
    <testcase classname="chrome.136_0_7103_93.windows.Create_Reverse_Billing_US127248" name="Should do a provide to site handover" time="60.576">
      <failure/>
      <error message="Can't call click on element with selector &quot;//button[@data-kt=&quot;provideButton&quot;]&quot; because element wasn't found"/>
      <system-out><![CDATA[
COMMAND: POST /session/9d48326ae870b5d3a573a2f725ac1bbc/element - {"using":"xpath","value":"//button[@data-kt=\"provideButton\"]"}
COMMAND: GET /session/9d48326ae870b5d3a573a2f725ac1bbc/screenshot - {}
RESULT: {"using":"xpath","value":"//button[@data-kt=\"provideButton\"]"}
COMMAND: POST /session/9d48326ae870b5d3a573a2f725ac1bbc/elements - {"using":"xpath","value":"//button[@data-kt=\"provideButton\"]"}
RESULT: {}
RESULT: {"using":"xpath","value":"//button[@data-kt=\"provideButton\"]"}
COMMAND: POST /session/9d48326ae870b5d3a573a2f725ac1bbc/elements - {"using":"xpath","value":"//button[@data-kt=\"provideButton\"]"}
RESULT: {"using":"xpath","value":"//button[@data-kt=\"provideButton\"]"}
COMMAND: POST /session/9d48326ae870b5d3a573a2f725ac1bbc/elements - {"using":"xpath","value":"//button[@data-kt=\"provideButton\"]"}
RESULT: {"using":"xpath","value":"//button[@data-kt=\"provideButton\"]"}
COMMAND: POST /session/9d48326ae870b5d3a573a2f725ac1bbc/elements - {"using":"xpath","value":"//button[@data-kt=\"provideButton\"]"}
RESULT: {"using":"xpath","value":"//button[@data-kt=\"provideButton\"]"}
COMMAND: POST /session/9d48326ae870b5d3a573a2f725ac1bbc/elements - {"using":"xpath","value":"//button[@data-kt=\"provideButton\"]"}
RESULT: {"using":"xpath","value":"//button[@data-kt=\"provideButton\"]"}
COMMAND: POST /session/9d48326ae870b5d3a573a2f725ac1bbc/elements - {"using":"xpath","value":"//button[@data-kt=\"provideButton\"]"}
RESULT: {"using":"xpath","value":"//button[@data-kt=\"provideButton\"]"}
COMMAND: POST /session/9d48326ae870b5d3a573a2f725ac1bbc/elements - {"using":"xpath","value":"//button[@data-kt=\"provideButton\"]"}
RESULT: {"using":"xpath","value":"//button[@data-kt=\"provideButton\"]"}
COMMAND: POST /session/9d48326ae870b5d3a573a2f725ac1bbc/elements - {"using":"xpath","value":"//button[@data-kt=\"provideButton\"]"}
RESULT: {"using":"xpath","value":"//button[@data-kt=\"provideButton\"]"}
COMMAND: POST /session/9d48326ae870b5d3a573a2f725ac1bbc/elements - {"using":"xpath","value":"//button[@data-kt=\"provideButton\"]"}
RESULT: {"using":"xpath","value":"//button[@data-kt=\"provideButton\"]"}
COMMAND: POST /session/9d48326ae870b5d3a573a2f725ac1bbc/elements - {"using":"xpath","value":"//button[@data-kt=\"provideButton\"]"}
RESULT: {"using":"xpath","value":"//button[@data-kt=\"provideButton\"]"}
COMMAND: POST /session/9d48326ae870b5d3a573a2f725ac1bbc/elements - {"using":"xpath","value":"//button[@data-kt=\"provideButton\"]"}
RESULT: {"using":"xpath","value":"//button[@data-kt=\"provideButton\"]"}
COMMAND: POST /session/9d48326ae870b5d3a573a2f725ac1bbc/elements - {"using":"xpath","value":"//button[@data-kt=\"provideButton\"]"}
RESULT: {"using":"xpath","value":"//button[@data-kt=\"provideButton\"]"}
COMMAND: POST /session/9d48326ae870b5d3a573a2f725ac1bbc/elements - {"using":"xpath","value":"//button[@data-kt=\"provideButton\"]"}
RESULT: {"using":"xpath","value":"//button[@data-kt=\"provideButton\"]"}
COMMAND: POST /session/9d48326ae870b5d3a573a2f725ac1bbc/elements - {"using":"xpath","value":"//button[@data-kt=\"provideButton\"]"}
RESULT: {"using":"xpath","value":"//button[@data-kt=\"provideButton\"]"}
COMMAND: POST /session/9d48326ae870b5d3a573a2f725ac1bbc/elements - {"using":"xpath","value":"//button[@data-kt=\"provideButton\"]"}
RESULT: {"using":"xpath","value":"//button[@data-kt=\"provideButton\"]"}
COMMAND: POST /session/9d48326ae870b5d3a573a2f725ac1bbc/elements - {"using":"xpath","value":"//button[@data-kt=\"provideButton\"]"}
RESULT: {"using":"xpath","value":"//button[@data-kt=\"provideButton\"]"}
COMMAND: POST /session/9d48326ae870b5d3a573a2f725ac1bbc/elements - {"using":"xpath","value":"//button[@data-kt=\"provideButton\"]"}
RESULT: {"using":"xpath","value":"//button[@data-kt=\"provideButton\"]"}
COMMAND: POST /session/9d48326ae870b5d3a573a2f725ac1bbc/elements - {"using":"xpath","value":"//button[@data-kt=\"provideButton\"]"}
RESULT: {"using":"xpath","value":"//button[@data-kt=\"provideButton\"]"}
COMMAND: POST /session/9d48326ae870b5d3a573a2f725ac1bbc/elements - {"using":"xpath","value":"//button[@data-kt=\"provideButton\"]"}
RESULT: {"using":"xpath","value":"//button[@data-kt=\"provideButton\"]"}
COMMAND: POST /session/9d48326ae870b5d3a573a2f725ac1bbc/elements - {"using":"xpath","value":"//button[@data-kt=\"provideButton\"]"}
RESULT: {"using":"xpath","value":"//button[@data-kt=\"provideButton\"]"}
COMMAND: POST /session/9d48326ae870b5d3a573a2f725ac1bbc/elements - {"using":"xpath","value":"//button[@data-kt=\"provideButton\"]"}
RESULT: {"using":"xpath","value":"//button[@data-kt=\"provideButton\"]"}
COMMAND: POST /session/9d48326ae870b5d3a573a2f725ac1bbc/elements - {"using":"xpath","value":"//button[@data-kt=\"provideButton\"]"}
RESULT: {"using":"xpath","value":"//button[@data-kt=\"provideButton\"]"}
COMMAND: POST /session/9d48326ae870b5d3a573a2f725ac1bbc/elements - {"using":"xpath","value":"//button[@data-kt=\"provideButton\"]"}
RESULT: {"using":"xpath","value":"//button[@data-kt=\"provideButton\"]"}
COMMAND: POST /session/9d48326ae870b5d3a573a2f725ac1bbc/elements - {"using":"xpath","value":"//button[@data-kt=\"provideButton\"]"}
RESULT: {"using":"xpath","value":"//button[@data-kt=\"provideButton\"]"}
COMMAND: POST /session/9d48326ae870b5d3a573a2f725ac1bbc/elements - {"using":"xpath","value":"//button[@data-kt=\"provideButton\"]"}
RESULT: {"using":"xpath","value":"//button[@data-kt=\"provideButton\"]"}
COMMAND: POST /session/9d48326ae870b5d3a573a2f725ac1bbc/elements - {"using":"xpath","value":"//button[@data-kt=\"provideButton\"]"}
RESULT: {"using":"xpath","value":"//button[@data-kt=\"provideButton\"]"}
COMMAND: POST /session/9d48326ae870b5d3a573a2f725ac1bbc/elements - {"using":"xpath","value":"//button[@data-kt=\"provideButton\"]"}
RESULT: {"using":"xpath","value":"//button[@data-kt=\"provideButton\"]"}
COMMAND: POST /session/9d48326ae870b5d3a573a2f725ac1bbc/elements - {"using":"xpath","value":"//button[@data-kt=\"provideButton\"]"}
RESULT: {"using":"xpath","value":"//button[@data-kt=\"provideButton\"]"}
COMMAND: POST /session/9d48326ae870b5d3a573a2f725ac1bbc/elements - {"using":"xpath","value":"//button[@data-kt=\"provideButton\"]"}
RESULT: {"using":"xpath","value":"//button[@data-kt=\"provideButton\"]"}
COMMAND: POST /session/9d48326ae870b5d3a573a2f725ac1bbc/elements - {"using":"xpath","value":"//button[@data-kt=\"provideButton\"]"}
RESULT: {"using":"xpath","value":"//button[@data-kt=\"provideButton\"]"}
COMMAND: POST /session/9d48326ae870b5d3a573a2f725ac1bbc/elements - {"using":"xpath","value":"//button[@data-kt=\"provideButton\"]"}
RESULT: {"using":"xpath","value":"//button[@data-kt=\"provideButton\"]"}
COMMAND: POST /session/9d48326ae870b5d3a573a2f725ac1bbc/elements - {"using":"xpath","value":"//button[@data-kt=\"provideButton\"]"}
RESULT: {"using":"xpath","value":"//button[@data-kt=\"provideButton\"]"}
COMMAND: POST /session/9d48326ae870b5d3a573a2f725ac1bbc/elements - {"using":"xpath","value":"//button[@data-kt=\"provideButton\"]"}
RESULT: {"using":"xpath","value":"//button[@data-kt=\"provideButton\"]"}
COMMAND: POST /session/9d48326ae870b5d3a573a2f725ac1bbc/elements - {"using":"xpath","value":"//button[@data-kt=\"provideButton\"]"}
RESULT: {"using":"xpath","value":"//button[@data-kt=\"provideButton\"]"}
COMMAND: POST /session/9d48326ae870b5d3a573a2f725ac1bbc/elements - {"using":"xpath","value":"//button[@data-kt=\"provideButton\"]"}
RESULT: {"using":"xpath","value":"//button[@data-kt=\"provideButton\"]"}
COMMAND: POST /session/9d48326ae870b5d3a573a2f725ac1bbc/elements - {"using":"xpath","value":"//button[@data-kt=\"provideButton\"]"}
RESULT: {"using":"xpath","value":"//button[@data-kt=\"provideButton\"]"}
COMMAND: POST /session/9d48326ae870b5d3a573a2f725ac1bbc/elements - {"using":"xpath","value":"//button[@data-kt=\"provideButton\"]"}
RESULT: {"using":"xpath","value":"//button[@data-kt=\"provideButton\"]"}
COMMAND: POST /session/9d48326ae870b5d3a573a2f725ac1bbc/elements - {"using":"xpath","value":"//button[@data-kt=\"provideButton\"]"}
RESULT: {"using":"xpath","value":"//button[@data-kt=\"provideButton\"]"}
COMMAND: POST /session/9d48326ae870b5d3a573a2f725ac1bbc/elements - {"using":"xpath","value":"//button[@data-kt=\"provideButton\"]"}
RESULT: {"using":"xpath","value":"//button[@data-kt=\"provideButton\"]"}
COMMAND: POST /session/9d48326ae870b5d3a573a2f725ac1bbc/elements - {"using":"xpath","value":"//button[@data-kt=\"provideButton\"]"}
RESULT: {"using":"xpath","value":"//button[@data-kt=\"provideButton\"]"}
COMMAND: POST /session/9d48326ae870b5d3a573a2f725ac1bbc/elements - {"using":"xpath","value":"//button[@data-kt=\"provideButton\"]"}
RESULT: {"using":"xpath","value":"//button[@data-kt=\"provideButton\"]"}
COMMAND: POST /session/9d48326ae870b5d3a573a2f725ac1bbc/elements - {"using":"xpath","value":"//button[@data-kt=\"provideButton\"]"}
RESULT: {"using":"xpath","value":"//button[@data-kt=\"provideButton\"]"}
COMMAND: POST /session/9d48326ae870b5d3a573a2f725ac1bbc/elements - {"using":"xpath","value":"//button[@data-kt=\"provideButton\"]"}
RESULT: {"using":"xpath","value":"//button[@data-kt=\"provideButton\"]"}
COMMAND: POST /session/9d48326ae870b5d3a573a2f725ac1bbc/elements - {"using":"xpath","value":"//button[@data-kt=\"provideButton\"]"}
RESULT: {"using":"xpath","value":"//button[@data-kt=\"provideButton\"]"}
COMMAND: POST /session/9d48326ae870b5d3a573a2f725ac1bbc/elements - {"using":"xpath","value":"//button[@data-kt=\"provideButton\"]"}
RESULT: {"using":"xpath","value":"//button[@data-kt=\"provideButton\"]"}
COMMAND: POST /session/9d48326ae870b5d3a573a2f725ac1bbc/elements - {"using":"xpath","value":"//button[@data-kt=\"provideButton\"]"}
RESULT: {"using":"xpath","value":"//button[@data-kt=\"provideButton\"]"}
COMMAND: POST /session/9d48326ae870b5d3a573a2f725ac1bbc/elements - {"using":"xpath","value":"//button[@data-kt=\"provideButton\"]"}
RESULT: {"using":"xpath","value":"//button[@data-kt=\"provideButton\"]"}
COMMAND: POST /session/9d48326ae870b5d3a573a2f725ac1bbc/elements - {"using":"xpath","value":"//button[@data-kt=\"provideButton\"]"}
RESULT: {"using":"xpath","value":"//button[@data-kt=\"provideButton\"]"}
COMMAND: POST /session/9d48326ae870b5d3a573a2f725ac1bbc/elements - {"using":"xpath","value":"//button[@data-kt=\"provideButton\"]"}
RESULT: {"using":"xpath","value":"//button[@data-kt=\"provideButton\"]"}
COMMAND: POST /session/9d48326ae870b5d3a573a2f725ac1bbc/elements - {"using":"xpath","value":"//button[@data-kt=\"provideButton\"]"}
RESULT: {"using":"xpath","value":"//button[@data-kt=\"provideButton\"]"}
COMMAND: POST /session/9d48326ae870b5d3a573a2f725ac1bbc/elements - {"using":"xpath","value":"//button[@data-kt=\"provideButton\"]"}
RESULT: {"using":"xpath","value":"//button[@data-kt=\"provideButton\"]"}
COMMAND: POST /session/9d48326ae870b5d3a573a2f725ac1bbc/elements - {"using":"xpath","value":"//button[@data-kt=\"provideButton\"]"}
RESULT: {"using":"xpath","value":"//button[@data-kt=\"provideButton\"]"}
COMMAND: POST /session/9d48326ae870b5d3a573a2f725ac1bbc/elements - {"using":"xpath","value":"//button[@data-kt=\"provideButton\"]"}
RESULT: {"using":"xpath","value":"//button[@data-kt=\"provideButton\"]"}
COMMAND: POST /session/9d48326ae870b5d3a573a2f725ac1bbc/elements - {"using":"xpath","value":"//button[@data-kt=\"provideButton\"]"}
RESULT: {"using":"xpath","value":"//button[@data-kt=\"provideButton\"]"}
COMMAND: POST /session/9d48326ae870b5d3a573a2f725ac1bbc/elements - {"using":"xpath","value":"//button[@data-kt=\"provideButton\"]"}
RESULT: {"using":"xpath","value":"//button[@data-kt=\"provideButton\"]"}
COMMAND: POST /session/9d48326ae870b5d3a573a2f725ac1bbc/elements - {"using":"xpath","value":"//button[@data-kt=\"provideButton\"]"}
RESULT: {"using":"xpath","value":"//button[@data-kt=\"provideButton\"]"}
COMMAND: POST /session/9d48326ae870b5d3a573a2f725ac1bbc/elements - {"using":"xpath","value":"//button[@data-kt=\"provideButton\"]"}
RESULT: {"using":"xpath","value":"//button[@data-kt=\"provideButton\"]"}
COMMAND: POST /session/9d48326ae870b5d3a573a2f725ac1bbc/elements - {"using":"xpath","value":"//button[@data-kt=\"provideButton\"]"}
RESULT: {"using":"xpath","value":"//button[@data-kt=\"provideButton\"]"}
COMMAND: POST /session/9d48326ae870b5d3a573a2f725ac1bbc/elements - {"using":"xpath","value":"//button[@data-kt=\"provideButton\"]"}
RESULT: {"using":"xpath","value":"//button[@data-kt=\"provideButton\"]"}
COMMAND: POST /session/9d48326ae870b5d3a573a2f725ac1bbc/elements - {"using":"xpath","value":"//button[@data-kt=\"provideButton\"]"}
RESULT: {"using":"xpath","value":"//button[@data-kt=\"provideButton\"]"}
COMMAND: POST /session/9d48326ae870b5d3a573a2f725ac1bbc/elements - {"using":"xpath","value":"//button[@data-kt=\"provideButton\"]"}
RESULT: {"using":"xpath","value":"//button[@data-kt=\"provideButton\"]"}
COMMAND: POST /session/9d48326ae870b5d3a573a2f725ac1bbc/elements - {"using":"xpath","value":"//button[@data-kt=\"provideButton\"]"}
RESULT: {"using":"xpath","value":"//button[@data-kt=\"provideButton\"]"}
COMMAND: POST /session/9d48326ae870b5d3a573a2f725ac1bbc/elements - {"using":"xpath","value":"//button[@data-kt=\"provideButton\"]"}
RESULT: {"using":"xpath","value":"//button[@data-kt=\"provideButton\"]"}
COMMAND: POST /session/9d48326ae870b5d3a573a2f725ac1bbc/elements - {"using":"xpath","value":"//button[@data-kt=\"provideButton\"]"}
RESULT: {"using":"xpath","value":"//button[@data-kt=\"provideButton\"]"}
COMMAND: POST /session/9d48326ae870b5d3a573a2f725ac1bbc/elements - {"using":"xpath","value":"//button[@data-kt=\"provideButton\"]"}
RESULT: {"using":"xpath","value":"//button[@data-kt=\"provideButton\"]"}
COMMAND: POST /session/9d48326ae870b5d3a573a2f725ac1bbc/elements - {"using":"xpath","value":"//button[@data-kt=\"provideButton\"]"}
RESULT: {"using":"xpath","value":"//button[@data-kt=\"provideButton\"]"}
COMMAND: POST /session/9d48326ae870b5d3a573a2f725ac1bbc/elements - {"using":"xpath","value":"//button[@data-kt=\"provideButton\"]"}
RESULT: {"using":"xpath","value":"//button[@data-kt=\"provideButton\"]"}
COMMAND: POST /session/9d48326ae870b5d3a573a2f725ac1bbc/elements - {"using":"xpath","value":"//button[@data-kt=\"provideButton\"]"}
RESULT: {"using":"xpath","value":"//button[@data-kt=\"provideButton\"]"}
COMMAND: POST /session/9d48326ae870b5d3a573a2f725ac1bbc/elements - {"using":"xpath","value":"//button[@data-kt=\"provideButton\"]"}
RESULT: {"using":"xpath","value":"//button[@data-kt=\"provideButton\"]"}
COMMAND: POST /session/9d48326ae870b5d3a573a2f725ac1bbc/elements - {"using":"xpath","value":"//button[@data-kt=\"provideButton\"]"}
RESULT: {"using":"xpath","value":"//button[@data-kt=\"provideButton\"]"}
COMMAND: POST /session/9d48326ae870b5d3a573a2f725ac1bbc/elements - {"using":"xpath","value":"//button[@data-kt=\"provideButton\"]"}
RESULT: {"using":"xpath","value":"//button[@data-kt=\"provideButton\"]"}
COMMAND: POST /session/9d48326ae870b5d3a573a2f725ac1bbc/elements - {"using":"xpath","value":"//button[@data-kt=\"provideButton\"]"}
RESULT: {"using":"xpath","value":"//button[@data-kt=\"provideButton\"]"}
COMMAND: POST /session/9d48326ae870b5d3a573a2f725ac1bbc/elements - {"using":"xpath","value":"//button[@data-kt=\"provideButton\"]"}
RESULT: {"using":"xpath","value":"//button[@data-kt=\"provideButton\"]"}
COMMAND: POST /session/9d48326ae870b5d3a573a2f725ac1bbc/elements - {"using":"xpath","value":"//button[@data-kt=\"provideButton\"]"}
RESULT: {"using":"xpath","value":"//button[@data-kt=\"provideButton\"]"}
COMMAND: POST /session/9d48326ae870b5d3a573a2f725ac1bbc/elements - {"using":"xpath","value":"//button[@data-kt=\"provideButton\"]"}
RESULT: {"using":"xpath","value":"//button[@data-kt=\"provideButton\"]"}
COMMAND: POST /session/9d48326ae870b5d3a573a2f725ac1bbc/elements - {"using":"xpath","value":"//button[@data-kt=\"provideButton\"]"}
RESULT: {"using":"xpath","value":"//button[@data-kt=\"provideButton\"]"}
COMMAND: POST /session/9d48326ae870b5d3a573a2f725ac1bbc/elements - {"using":"xpath","value":"//button[@data-kt=\"provideButton\"]"}
RESULT: {"using":"xpath","value":"//button[@data-kt=\"provideButton\"]"}
COMMAND: POST /session/9d48326ae870b5d3a573a2f725ac1bbc/elements - {"using":"xpath","value":"//button[@data-kt=\"provideButton\"]"}
RESULT: {"using":"xpath","value":"//button[@data-kt=\"provideButton\"]"}
COMMAND: POST /session/9d48326ae870b5d3a573a2f725ac1bbc/elements - {"using":"xpath","value":"//button[@data-kt=\"provideButton\"]"}
RESULT: {"using":"xpath","value":"//button[@data-kt=\"provideButton\"]"}
COMMAND: POST /session/9d48326ae870b5d3a573a2f725ac1bbc/elements - {"using":"xpath","value":"//button[@data-kt=\"provideButton\"]"}
RESULT: {"using":"xpath","value":"//button[@data-kt=\"provideButton\"]"}
COMMAND: POST /session/9d48326ae870b5d3a573a2f725ac1bbc/elements - {"using":"xpath","value":"//button[@data-kt=\"provideButton\"]"}
RESULT: {"using":"xpath","value":"//button[@data-kt=\"provideButton\"]"}
COMMAND: POST /session/9d48326ae870b5d3a573a2f725ac1bbc/elements - {"using":"xpath","value":"//button[@data-kt=\"provideButton\"]"}
RESULT: {"using":"xpath","value":"//button[@data-kt=\"provideButton\"]"}
COMMAND: POST /session/9d48326ae870b5d3a573a2f725ac1bbc/elements - {"using":"xpath","value":"//button[@data-kt=\"provideButton\"]"}
RESULT: {"using":"xpath","value":"//button[@data-kt=\"provideButton\"]"}
COMMAND: POST /session/9d48326ae870b5d3a573a2f725ac1bbc/elements - {"using":"xpath","value":"//button[@data-kt=\"provideButton\"]"}
RESULT: {"using":"xpath","value":"//button[@data-kt=\"provideButton\"]"}
COMMAND: POST /session/9d48326ae870b5d3a573a2f725ac1bbc/elements - {"using":"xpath","value":"//button[@data-kt=\"provideButton\"]"}
RESULT: {"using":"xpath","value":"//button[@data-kt=\"provideButton\"]"}
COMMAND: POST /session/9d48326ae870b5d3a573a2f725ac1bbc/elements - {"using":"xpath","value":"//button[@data-kt=\"provideButton\"]"}
RESULT: {"using":"xpath","value":"//button[@data-kt=\"provideButton\"]"}
COMMAND: POST /session/9d48326ae870b5d3a573a2f725ac1bbc/elements - {"using":"xpath","value":"//button[@data-kt=\"provideButton\"]"}
RESULT: {"using":"xpath","value":"//button[@data-kt=\"provideButton\"]"}
COMMAND: POST /session/9d48326ae870b5d3a573a2f725ac1bbc/elements - {"using":"xpath","value":"//button[@data-kt=\"provideButton\"]"}
RESULT: {"using":"xpath","value":"//button[@data-kt=\"provideButton\"]"}
COMMAND: POST /session/9d48326ae870b5d3a573a2f725ac1bbc/elements - {"using":"xpath","value":"//button[@data-kt=\"provideButton\"]"}
RESULT: {"using":"xpath","value":"//button[@data-kt=\"provideButton\"]"}
COMMAND: POST /session/9d48326ae870b5d3a573a2f725ac1bbc/elements - {"using":"xpath","value":"//button[@data-kt=\"provideButton\"]"}
RESULT: {"using":"xpath","value":"//button[@data-kt=\"provideButton\"]"}
COMMAND: POST /session/9d48326ae870b5d3a573a2f725ac1bbc/elements - {"using":"xpath","value":"//button[@data-kt=\"provideButton\"]"}
RESULT: {"using":"xpath","value":"//button[@data-kt=\"provideButton\"]"}
COMMAND: POST /session/9d48326ae870b5d3a573a2f725ac1bbc/elements - {"using":"xpath","value":"//button[@data-kt=\"provideButton\"]"}
RESULT: {"using":"xpath","value":"//button[@data-kt=\"provideButton\"]"}
COMMAND: POST /session/9d48326ae870b5d3a573a2f725ac1bbc/elements - {"using":"xpath","value":"//button[@data-kt=\"provideButton\"]"}
RESULT: {"using":"xpath","value":"//button[@data-kt=\"provideButton\"]"}
COMMAND: POST /session/9d48326ae870b5d3a573a2f725ac1bbc/elements - {"using":"xpath","value":"//button[@data-kt=\"provideButton\"]"}
RESULT: {"using":"xpath","value":"//button[@data-kt=\"provideButton\"]"}
COMMAND: POST /session/9d48326ae870b5d3a573a2f725ac1bbc/elements - {"using":"xpath","value":"//button[@data-kt=\"provideButton\"]"}
RESULT: {"using":"xpath","value":"//button[@data-kt=\"provideButton\"]"}
COMMAND: POST /session/9d48326ae870b5d3a573a2f725ac1bbc/elements - {"using":"xpath","value":"//button[@data-kt=\"provideButton\"]"}
RESULT: {"using":"xpath","value":"//button[@data-kt=\"provideButton\"]"}
COMMAND: POST /session/9d48326ae870b5d3a573a2f725ac1bbc/elements - {"using":"xpath","value":"//button[@data-kt=\"provideButton\"]"}
RESULT: {"using":"xpath","value":"//button[@data-kt=\"provideButton\"]"}
COMMAND: POST /session/9d48326ae870b5d3a573a2f725ac1bbc/elements - {"using":"xpath","value":"//button[@data-kt=\"provideButton\"]"}
RESULT: {"using":"xpath","value":"//button[@data-kt=\"provideButton\"]"}
COMMAND: POST /session/9d48326ae870b5d3a573a2f725ac1bbc/elements - {"using":"xpath","value":"//button[@data-kt=\"provideButton\"]"}
RESULT: {"using":"xpath","value":"//button[@data-kt=\"provideButton\"]"}
COMMAND: POST /session/9d48326ae870b5d3a573a2f725ac1bbc/elements - {"using":"xpath","value":"//button[@data-kt=\"provideButton\"]"}
RESULT: {"using":"xpath","value":"//button[@data-kt=\"provideButton\"]"}
COMMAND: POST /session/9d48326ae870b5d3a573a2f725ac1bbc/elements - {"using":"xpath","value":"//button[@data-kt=\"provideButton\"]"}
RESULT: {"using":"xpath","value":"//button[@data-kt=\"provideButton\"]"}
COMMAND: POST /session/9d48326ae870b5d3a573a2f725ac1bbc/elements - {"using":"xpath","value":"//button[@data-kt=\"provideButton\"]"}
RESULT: {"using":"xpath","value":"//button[@data-kt=\"provideButton\"]"}
COMMAND: POST /session/9d48326ae870b5d3a573a2f725ac1bbc/elements - {"using":"xpath","value":"//button[@data-kt=\"provideButton\"]"}
RESULT: {"using":"xpath","value":"//button[@data-kt=\"provideButton\"]"}
COMMAND: POST /session/9d48326ae870b5d3a573a2f725ac1bbc/elements - {"using":"xpath","value":"//button[@data-kt=\"provideButton\"]"}
RESULT: {"using":"xpath","value":"//button[@data-kt=\"provideButton\"]"}
COMMAND: POST /session/9d48326ae870b5d3a573a2f725ac1bbc/elements - {"using":"xpath","value":"//button[@data-kt=\"provideButton\"]"}
RESULT: {"using":"xpath","value":"//button[@data-kt=\"provideButton\"]"}
COMMAND: POST /session/9d48326ae870b5d3a573a2f725ac1bbc/elements - {"using":"xpath","value":"//button[@data-kt=\"provideButton\"]"}
RESULT: {"using":"xpath","value":"//button[@data-kt=\"provideButton\"]"}
COMMAND: POST /session/9d48326ae870b5d3a573a2f725ac1bbc/elements - {"using":"xpath","value":"//button[@data-kt=\"provideButton\"]"}
RESULT: {"using":"xpath","value":"//button[@data-kt=\"provideButton\"]"}
COMMAND: POST /session/9d48326ae870b5d3a573a2f725ac1bbc/elements - {"using":"xpath","value":"//button[@data-kt=\"provideButton\"]"}
RESULT: {"using":"xpath","value":"//button[@data-kt=\"provideButton\"]"}
COMMAND: POST /session/9d48326ae870b5d3a573a2f725ac1bbc/elements - {"using":"xpath","value":"//button[@data-kt=\"provideButton\"]"}
RESULT: {"using":"xpath","value":"//button[@data-kt=\"provideButton\"]"}
COMMAND: POST /session/9d48326ae870b5d3a573a2f725ac1bbc/elements - {"using":"xpath","value":"//button[@data-kt=\"provideButton\"]"}
RESULT: {"using":"xpath","value":"//button[@data-kt=\"provideButton\"]"}
COMMAND: POST /session/9d48326ae870b5d3a573a2f725ac1bbc/elements - {"using":"xpath","value":"//button[@data-kt=\"provideButton\"]"}
RESULT: {"using":"xpath","value":"//button[@data-kt=\"provideButton\"]"}
COMMAND: POST /session/9d48326ae870b5d3a573a2f725ac1bbc/elements - {"using":"xpath","value":"//button[@data-kt=\"provideButton\"]"}
RESULT: {"using":"xpath","value":"//button[@data-kt=\"provideButton\"]"}
COMMAND: POST /session/9d48326ae870b5d3a573a2f725ac1bbc/elements - {"using":"xpath","value":"//button[@data-kt=\"provideButton\"]"}
RESULT: {"using":"xpath","value":"//button[@data-kt=\"provideButton\"]"}
COMMAND: POST /session/9d48326ae870b5d3a573a2f725ac1bbc/elements - {"using":"xpath","value":"//button[@data-kt=\"provideButton\"]"}
RESULT: {"using":"xpath","value":"//button[@data-kt=\"provideButton\"]"}
COMMAND: POST /session/9d48326ae870b5d3a573a2f725ac1bbc/elements - {"using":"xpath","value":"//button[@data-kt=\"provideButton\"]"}
RESULT: {"using":"xpath","value":"//button[@data-kt=\"provideButton\"]"}
COMMAND: POST /session/9d48326ae870b5d3a573a2f725ac1bbc/elements - {"using":"xpath","value":"//button[@data-kt=\"provideButton\"]"}
RESULT: {"using":"xpath","value":"//button[@data-kt=\"provideButton\"]"}
COMMAND: POST /session/9d48326ae870b5d3a573a2f725ac1bbc/elements - {"using":"xpath","value":"//button[@data-kt=\"provideButton\"]"}
RESULT: {"using":"xpath","value":"//button[@data-kt=\"provideButton\"]"}
COMMAND: POST /session/9d48326ae870b5d3a573a2f725ac1bbc/elements - {"using":"xpath","value":"//button[@data-kt=\"provideButton\"]"}
RESULT: {"using":"xpath","value":"//button[@data-kt=\"provideButton\"]"}
COMMAND: POST /session/9d48326ae870b5d3a573a2f725ac1bbc/elements - {"using":"xpath","value":"//button[@data-kt=\"provideButton\"]"}
RESULT: {"using":"xpath","value":"//button[@data-kt=\"provideButton\"]"}
COMMAND: POST /session/9d48326ae870b5d3a573a2f725ac1bbc/elements - {"using":"xpath","value":"//button[@data-kt=\"provideButton\"]"}
RESULT: {"using":"xpath","value":"//button[@data-kt=\"provideButton\"]"}
COMMAND: POST /session/9d48326ae870b5d3a573a2f725ac1bbc/elements - {"using":"xpath","value":"//button[@data-kt=\"provideButton\"]"}
COMMAND: GET /session/9d48326ae870b5d3a573a2f725ac1bbc/screenshot - {}
RESULT: {"using":"xpath","value":"//button[@data-kt=\"provideButton\"]"}
RESULT: {}
]]></system-out>
      <system-err><![CDATA[
Error: Can't call click on element with selector "//button[@data-kt="provideButton"]" because element wasn't found
    at async UtilsPrerequisites.provideToSiteHandoverFromContractDetails (D:\a\1\s\test\specs\BTS\prerequisites-and-utils-functions.js:1949:9)
    at async Context.<anonymous> (D:\a\1\s\test\specs\BTS\reverse-billing.spec.js:69:9)
]]></system-err>
    </testcase>
    <testcase classname="chrome.136_0_7103_93.windows.Create_Reverse_Billing_US127248" name="Should go navigate to Manage Billings and trigger contract calculation check result" time="80.955">
      <failure/>
      <error message="Can't call click on element with selector &quot;//td[@aria-colindex=&quot;1&quot;]/div/div[contains(@class, &quot;sapMCbBg&quot;)]&quot; because element wasn't found"/>
      <system-out><![CDATA[
COMMAND: GET /session/9d48326ae870b5d3a573a2f725ac1bbc/screenshot - {}
COMMAND: POST /session/9d48326ae870b5d3a573a2f725ac1bbc/execute/async - {"script":"<script> [1562 bytes]","args":[{"selector":{"controlType":"sap.m.GenericTile","properties":{"header":"Manage Billings"}},"wdio_ui5_key":"sapm.GenericTile{\"header\":\"Manage Billings\"}"}]}
RESULT: {}
RESULT: {"script":"<script> [1562 bytes]","args":[{"selector":{"controlType":"sap.m.GenericTile","properties":{"header":"Manage Billings"}},"wdio_ui5_key":"sapm.GenericTile{\"header\":\"Manage Billings\"}"}]}
RESULT: undefined
COMMAND: POST /session/9d48326ae870b5d3a573a2f725ac1bbc/elements - {"using":"xpath","value":"//span[text()='Error']"}
RESULT: {"using":"xpath","value":"//span[text()='Error']"}
COMMAND: POST /session/9d48326ae870b5d3a573a2f725ac1bbc/execute/async - {"script":"<script> [1562 bytes]","args":[{"selector":{"id":"application-managebillings-display-component---billRunCalcResult--smartFilterBar-btnBasicSearch","interaction":{"idSuffix":"I"}},"wdio_ui5_key":"applicationmanagebillings-display-component---billRunCalcResult--smartFilterBar-btnBasicSearch"}]}
RESULT: {"script":"<script> [1562 bytes]","args":[{"selector":{"id":"application-managebillings-display-component---billRunCalcResult--smartFilterBar-btnBasicSearch","interaction":{"idSuffix":"I"}},"wdio_ui5_key":"applicationmanagebillings-display-component---billRunCalcResult--smartFilterBar-btnBasicSearch"}]}
RESULT: undefined
COMMAND: POST /session/9d48326ae870b5d3a573a2f725ac1bbc/actions - {"actions":[{"id":"action54","type":"key","parameters":{},"actions":[{"type":"keyDown","value":""},{"type":"pause","duration":10},{"type":"keyUp","value":""}]}]}
RESULT: {"actions":[{"id":"action54","type":"key","parameters":{},"actions":[{"type":"keyDown","value":""},{"type":"pause","duration":10},{"type":"keyUp","value":""}]}]}
COMMAND: GET /session/9d48326ae870b5d3a573a2f725ac1bbc/screenshot - {}
RESULT: {}
COMMAND: POST /session/9d48326ae870b5d3a573a2f725ac1bbc/element - {"using":"xpath","value":"//td[@aria-colindex=\"1\"]/div/div[contains(@class, \"sapMCbBg\")]"}
RESULT: {"using":"xpath","value":"//td[@aria-colindex=\"1\"]/div/div[contains(@class, \"sapMCbBg\")]"}
COMMAND: POST /session/9d48326ae870b5d3a573a2f725ac1bbc/elements - {"using":"xpath","value":"//td[@aria-colindex=\"1\"]/div/div[contains(@class, \"sapMCbBg\")]"}
RESULT: {"using":"xpath","value":"//td[@aria-colindex=\"1\"]/div/div[contains(@class, \"sapMCbBg\")]"}
COMMAND: POST /session/9d48326ae870b5d3a573a2f725ac1bbc/elements - {"using":"xpath","value":"//td[@aria-colindex=\"1\"]/div/div[contains(@class, \"sapMCbBg\")]"}
RESULT: {"using":"xpath","value":"//td[@aria-colindex=\"1\"]/div/div[contains(@class, \"sapMCbBg\")]"}
COMMAND: POST /session/9d48326ae870b5d3a573a2f725ac1bbc/elements - {"using":"xpath","value":"//td[@aria-colindex=\"1\"]/div/div[contains(@class, \"sapMCbBg\")]"}
RESULT: {"using":"xpath","value":"//td[@aria-colindex=\"1\"]/div/div[contains(@class, \"sapMCbBg\")]"}
COMMAND: POST /session/9d48326ae870b5d3a573a2f725ac1bbc/elements - {"using":"xpath","value":"//td[@aria-colindex=\"1\"]/div/div[contains(@class, \"sapMCbBg\")]"}
RESULT: {"using":"xpath","value":"//td[@aria-colindex=\"1\"]/div/div[contains(@class, \"sapMCbBg\")]"}
COMMAND: POST /session/9d48326ae870b5d3a573a2f725ac1bbc/elements - {"using":"xpath","value":"//td[@aria-colindex=\"1\"]/div/div[contains(@class, \"sapMCbBg\")]"}
RESULT: {"using":"xpath","value":"//td[@aria-colindex=\"1\"]/div/div[contains(@class, \"sapMCbBg\")]"}
COMMAND: POST /session/9d48326ae870b5d3a573a2f725ac1bbc/elements - {"using":"xpath","value":"//td[@aria-colindex=\"1\"]/div/div[contains(@class, \"sapMCbBg\")]"}
RESULT: {"using":"xpath","value":"//td[@aria-colindex=\"1\"]/div/div[contains(@class, \"sapMCbBg\")]"}
COMMAND: POST /session/9d48326ae870b5d3a573a2f725ac1bbc/elements - {"using":"xpath","value":"//td[@aria-colindex=\"1\"]/div/div[contains(@class, \"sapMCbBg\")]"}
RESULT: {"using":"xpath","value":"//td[@aria-colindex=\"1\"]/div/div[contains(@class, \"sapMCbBg\")]"}
COMMAND: POST /session/9d48326ae870b5d3a573a2f725ac1bbc/elements - {"using":"xpath","value":"//td[@aria-colindex=\"1\"]/div/div[contains(@class, \"sapMCbBg\")]"}
RESULT: {"using":"xpath","value":"//td[@aria-colindex=\"1\"]/div/div[contains(@class, \"sapMCbBg\")]"}
COMMAND: POST /session/9d48326ae870b5d3a573a2f725ac1bbc/elements - {"using":"xpath","value":"//td[@aria-colindex=\"1\"]/div/div[contains(@class, \"sapMCbBg\")]"}
RESULT: {"using":"xpath","value":"//td[@aria-colindex=\"1\"]/div/div[contains(@class, \"sapMCbBg\")]"}
COMMAND: POST /session/9d48326ae870b5d3a573a2f725ac1bbc/elements - {"using":"xpath","value":"//td[@aria-colindex=\"1\"]/div/div[contains(@class, \"sapMCbBg\")]"}
RESULT: {"using":"xpath","value":"//td[@aria-colindex=\"1\"]/div/div[contains(@class, \"sapMCbBg\")]"}
COMMAND: POST /session/9d48326ae870b5d3a573a2f725ac1bbc/elements - {"using":"xpath","value":"//td[@aria-colindex=\"1\"]/div/div[contains(@class, \"sapMCbBg\")]"}
RESULT: {"using":"xpath","value":"//td[@aria-colindex=\"1\"]/div/div[contains(@class, \"sapMCbBg\")]"}
COMMAND: POST /session/9d48326ae870b5d3a573a2f725ac1bbc/elements - {"using":"xpath","value":"//td[@aria-colindex=\"1\"]/div/div[contains(@class, \"sapMCbBg\")]"}
RESULT: {"using":"xpath","value":"//td[@aria-colindex=\"1\"]/div/div[contains(@class, \"sapMCbBg\")]"}
COMMAND: POST /session/9d48326ae870b5d3a573a2f725ac1bbc/elements - {"using":"xpath","value":"//td[@aria-colindex=\"1\"]/div/div[contains(@class, \"sapMCbBg\")]"}
RESULT: {"using":"xpath","value":"//td[@aria-colindex=\"1\"]/div/div[contains(@class, \"sapMCbBg\")]"}
COMMAND: POST /session/9d48326ae870b5d3a573a2f725ac1bbc/elements - {"using":"xpath","value":"//td[@aria-colindex=\"1\"]/div/div[contains(@class, \"sapMCbBg\")]"}
RESULT: {"using":"xpath","value":"//td[@aria-colindex=\"1\"]/div/div[contains(@class, \"sapMCbBg\")]"}
COMMAND: POST /session/9d48326ae870b5d3a573a2f725ac1bbc/elements - {"using":"xpath","value":"//td[@aria-colindex=\"1\"]/div/div[contains(@class, \"sapMCbBg\")]"}
RESULT: {"using":"xpath","value":"//td[@aria-colindex=\"1\"]/div/div[contains(@class, \"sapMCbBg\")]"}
COMMAND: POST /session/9d48326ae870b5d3a573a2f725ac1bbc/elements - {"using":"xpath","value":"//td[@aria-colindex=\"1\"]/div/div[contains(@class, \"sapMCbBg\")]"}
RESULT: {"using":"xpath","value":"//td[@aria-colindex=\"1\"]/div/div[contains(@class, \"sapMCbBg\")]"}
COMMAND: POST /session/9d48326ae870b5d3a573a2f725ac1bbc/elements - {"using":"xpath","value":"//td[@aria-colindex=\"1\"]/div/div[contains(@class, \"sapMCbBg\")]"}
RESULT: {"using":"xpath","value":"//td[@aria-colindex=\"1\"]/div/div[contains(@class, \"sapMCbBg\")]"}
COMMAND: POST /session/9d48326ae870b5d3a573a2f725ac1bbc/elements - {"using":"xpath","value":"//td[@aria-colindex=\"1\"]/div/div[contains(@class, \"sapMCbBg\")]"}
RESULT: {"using":"xpath","value":"//td[@aria-colindex=\"1\"]/div/div[contains(@class, \"sapMCbBg\")]"}
COMMAND: POST /session/9d48326ae870b5d3a573a2f725ac1bbc/elements - {"using":"xpath","value":"//td[@aria-colindex=\"1\"]/div/div[contains(@class, \"sapMCbBg\")]"}
RESULT: {"using":"xpath","value":"//td[@aria-colindex=\"1\"]/div/div[contains(@class, \"sapMCbBg\")]"}
COMMAND: POST /session/9d48326ae870b5d3a573a2f725ac1bbc/elements - {"using":"xpath","value":"//td[@aria-colindex=\"1\"]/div/div[contains(@class, \"sapMCbBg\")]"}
RESULT: {"using":"xpath","value":"//td[@aria-colindex=\"1\"]/div/div[contains(@class, \"sapMCbBg\")]"}
COMMAND: POST /session/9d48326ae870b5d3a573a2f725ac1bbc/elements - {"using":"xpath","value":"//td[@aria-colindex=\"1\"]/div/div[contains(@class, \"sapMCbBg\")]"}
RESULT: {"using":"xpath","value":"//td[@aria-colindex=\"1\"]/div/div[contains(@class, \"sapMCbBg\")]"}
COMMAND: POST /session/9d48326ae870b5d3a573a2f725ac1bbc/elements - {"using":"xpath","value":"//td[@aria-colindex=\"1\"]/div/div[contains(@class, \"sapMCbBg\")]"}
RESULT: {"using":"xpath","value":"//td[@aria-colindex=\"1\"]/div/div[contains(@class, \"sapMCbBg\")]"}
COMMAND: POST /session/9d48326ae870b5d3a573a2f725ac1bbc/elements - {"using":"xpath","value":"//td[@aria-colindex=\"1\"]/div/div[contains(@class, \"sapMCbBg\")]"}
RESULT: {"using":"xpath","value":"//td[@aria-colindex=\"1\"]/div/div[contains(@class, \"sapMCbBg\")]"}
COMMAND: POST /session/9d48326ae870b5d3a573a2f725ac1bbc/elements - {"using":"xpath","value":"//td[@aria-colindex=\"1\"]/div/div[contains(@class, \"sapMCbBg\")]"}
RESULT: {"using":"xpath","value":"//td[@aria-colindex=\"1\"]/div/div[contains(@class, \"sapMCbBg\")]"}
COMMAND: POST /session/9d48326ae870b5d3a573a2f725ac1bbc/elements - {"using":"xpath","value":"//td[@aria-colindex=\"1\"]/div/div[contains(@class, \"sapMCbBg\")]"}
RESULT: {"using":"xpath","value":"//td[@aria-colindex=\"1\"]/div/div[contains(@class, \"sapMCbBg\")]"}
COMMAND: POST /session/9d48326ae870b5d3a573a2f725ac1bbc/elements - {"using":"xpath","value":"//td[@aria-colindex=\"1\"]/div/div[contains(@class, \"sapMCbBg\")]"}
RESULT: {"using":"xpath","value":"//td[@aria-colindex=\"1\"]/div/div[contains(@class, \"sapMCbBg\")]"}
COMMAND: POST /session/9d48326ae870b5d3a573a2f725ac1bbc/elements - {"using":"xpath","value":"//td[@aria-colindex=\"1\"]/div/div[contains(@class, \"sapMCbBg\")]"}
RESULT: {"using":"xpath","value":"//td[@aria-colindex=\"1\"]/div/div[contains(@class, \"sapMCbBg\")]"}
COMMAND: POST /session/9d48326ae870b5d3a573a2f725ac1bbc/elements - {"using":"xpath","value":"//td[@aria-colindex=\"1\"]/div/div[contains(@class, \"sapMCbBg\")]"}
RESULT: {"using":"xpath","value":"//td[@aria-colindex=\"1\"]/div/div[contains(@class, \"sapMCbBg\")]"}
COMMAND: POST /session/9d48326ae870b5d3a573a2f725ac1bbc/elements - {"using":"xpath","value":"//td[@aria-colindex=\"1\"]/div/div[contains(@class, \"sapMCbBg\")]"}
RESULT: {"using":"xpath","value":"//td[@aria-colindex=\"1\"]/div/div[contains(@class, \"sapMCbBg\")]"}
COMMAND: POST /session/9d48326ae870b5d3a573a2f725ac1bbc/elements - {"using":"xpath","value":"//td[@aria-colindex=\"1\"]/div/div[contains(@class, \"sapMCbBg\")]"}
RESULT: {"using":"xpath","value":"//td[@aria-colindex=\"1\"]/div/div[contains(@class, \"sapMCbBg\")]"}
COMMAND: POST /session/9d48326ae870b5d3a573a2f725ac1bbc/elements - {"using":"xpath","value":"//td[@aria-colindex=\"1\"]/div/div[contains(@class, \"sapMCbBg\")]"}
RESULT: {"using":"xpath","value":"//td[@aria-colindex=\"1\"]/div/div[contains(@class, \"sapMCbBg\")]"}
COMMAND: POST /session/9d48326ae870b5d3a573a2f725ac1bbc/elements - {"using":"xpath","value":"//td[@aria-colindex=\"1\"]/div/div[contains(@class, \"sapMCbBg\")]"}
RESULT: {"using":"xpath","value":"//td[@aria-colindex=\"1\"]/div/div[contains(@class, \"sapMCbBg\")]"}
COMMAND: POST /session/9d48326ae870b5d3a573a2f725ac1bbc/elements - {"using":"xpath","value":"//td[@aria-colindex=\"1\"]/div/div[contains(@class, \"sapMCbBg\")]"}
RESULT: {"using":"xpath","value":"//td[@aria-colindex=\"1\"]/div/div[contains(@class, \"sapMCbBg\")]"}
COMMAND: POST /session/9d48326ae870b5d3a573a2f725ac1bbc/elements - {"using":"xpath","value":"//td[@aria-colindex=\"1\"]/div/div[contains(@class, \"sapMCbBg\")]"}
RESULT: {"using":"xpath","value":"//td[@aria-colindex=\"1\"]/div/div[contains(@class, \"sapMCbBg\")]"}
COMMAND: POST /session/9d48326ae870b5d3a573a2f725ac1bbc/elements - {"using":"xpath","value":"//td[@aria-colindex=\"1\"]/div/div[contains(@class, \"sapMCbBg\")]"}
RESULT: {"using":"xpath","value":"//td[@aria-colindex=\"1\"]/div/div[contains(@class, \"sapMCbBg\")]"}
COMMAND: POST /session/9d48326ae870b5d3a573a2f725ac1bbc/elements - {"using":"xpath","value":"//td[@aria-colindex=\"1\"]/div/div[contains(@class, \"sapMCbBg\")]"}
RESULT: {"using":"xpath","value":"//td[@aria-colindex=\"1\"]/div/div[contains(@class, \"sapMCbBg\")]"}
COMMAND: POST /session/9d48326ae870b5d3a573a2f725ac1bbc/elements - {"using":"xpath","value":"//td[@aria-colindex=\"1\"]/div/div[contains(@class, \"sapMCbBg\")]"}
RESULT: {"using":"xpath","value":"//td[@aria-colindex=\"1\"]/div/div[contains(@class, \"sapMCbBg\")]"}
COMMAND: POST /session/9d48326ae870b5d3a573a2f725ac1bbc/elements - {"using":"xpath","value":"//td[@aria-colindex=\"1\"]/div/div[contains(@class, \"sapMCbBg\")]"}
RESULT: {"using":"xpath","value":"//td[@aria-colindex=\"1\"]/div/div[contains(@class, \"sapMCbBg\")]"}
COMMAND: POST /session/9d48326ae870b5d3a573a2f725ac1bbc/elements - {"using":"xpath","value":"//td[@aria-colindex=\"1\"]/div/div[contains(@class, \"sapMCbBg\")]"}
RESULT: {"using":"xpath","value":"//td[@aria-colindex=\"1\"]/div/div[contains(@class, \"sapMCbBg\")]"}
COMMAND: POST /session/9d48326ae870b5d3a573a2f725ac1bbc/elements - {"using":"xpath","value":"//td[@aria-colindex=\"1\"]/div/div[contains(@class, \"sapMCbBg\")]"}
RESULT: {"using":"xpath","value":"//td[@aria-colindex=\"1\"]/div/div[contains(@class, \"sapMCbBg\")]"}
COMMAND: POST /session/9d48326ae870b5d3a573a2f725ac1bbc/elements - {"using":"xpath","value":"//td[@aria-colindex=\"1\"]/div/div[contains(@class, \"sapMCbBg\")]"}
RESULT: {"using":"xpath","value":"//td[@aria-colindex=\"1\"]/div/div[contains(@class, \"sapMCbBg\")]"}
COMMAND: POST /session/9d48326ae870b5d3a573a2f725ac1bbc/elements - {"using":"xpath","value":"//td[@aria-colindex=\"1\"]/div/div[contains(@class, \"sapMCbBg\")]"}
RESULT: {"using":"xpath","value":"//td[@aria-colindex=\"1\"]/div/div[contains(@class, \"sapMCbBg\")]"}
COMMAND: POST /session/9d48326ae870b5d3a573a2f725ac1bbc/elements - {"using":"xpath","value":"//td[@aria-colindex=\"1\"]/div/div[contains(@class, \"sapMCbBg\")]"}
RESULT: {"using":"xpath","value":"//td[@aria-colindex=\"1\"]/div/div[contains(@class, \"sapMCbBg\")]"}
COMMAND: POST /session/9d48326ae870b5d3a573a2f725ac1bbc/elements - {"using":"xpath","value":"//td[@aria-colindex=\"1\"]/div/div[contains(@class, \"sapMCbBg\")]"}
RESULT: {"using":"xpath","value":"//td[@aria-colindex=\"1\"]/div/div[contains(@class, \"sapMCbBg\")]"}
COMMAND: POST /session/9d48326ae870b5d3a573a2f725ac1bbc/elements - {"using":"xpath","value":"//td[@aria-colindex=\"1\"]/div/div[contains(@class, \"sapMCbBg\")]"}
RESULT: {"using":"xpath","value":"//td[@aria-colindex=\"1\"]/div/div[contains(@class, \"sapMCbBg\")]"}
COMMAND: POST /session/9d48326ae870b5d3a573a2f725ac1bbc/elements - {"using":"xpath","value":"//td[@aria-colindex=\"1\"]/div/div[contains(@class, \"sapMCbBg\")]"}
RESULT: {"using":"xpath","value":"//td[@aria-colindex=\"1\"]/div/div[contains(@class, \"sapMCbBg\")]"}
COMMAND: POST /session/9d48326ae870b5d3a573a2f725ac1bbc/elements - {"using":"xpath","value":"//td[@aria-colindex=\"1\"]/div/div[contains(@class, \"sapMCbBg\")]"}
RESULT: {"using":"xpath","value":"//td[@aria-colindex=\"1\"]/div/div[contains(@class, \"sapMCbBg\")]"}
COMMAND: POST /session/9d48326ae870b5d3a573a2f725ac1bbc/elements - {"using":"xpath","value":"//td[@aria-colindex=\"1\"]/div/div[contains(@class, \"sapMCbBg\")]"}
RESULT: {"using":"xpath","value":"//td[@aria-colindex=\"1\"]/div/div[contains(@class, \"sapMCbBg\")]"}
COMMAND: POST /session/9d48326ae870b5d3a573a2f725ac1bbc/elements - {"using":"xpath","value":"//td[@aria-colindex=\"1\"]/div/div[contains(@class, \"sapMCbBg\")]"}
RESULT: {"using":"xpath","value":"//td[@aria-colindex=\"1\"]/div/div[contains(@class, \"sapMCbBg\")]"}
COMMAND: POST /session/9d48326ae870b5d3a573a2f725ac1bbc/elements - {"using":"xpath","value":"//td[@aria-colindex=\"1\"]/div/div[contains(@class, \"sapMCbBg\")]"}
RESULT: {"using":"xpath","value":"//td[@aria-colindex=\"1\"]/div/div[contains(@class, \"sapMCbBg\")]"}
COMMAND: POST /session/9d48326ae870b5d3a573a2f725ac1bbc/elements - {"using":"xpath","value":"//td[@aria-colindex=\"1\"]/div/div[contains(@class, \"sapMCbBg\")]"}
RESULT: {"using":"xpath","value":"//td[@aria-colindex=\"1\"]/div/div[contains(@class, \"sapMCbBg\")]"}
COMMAND: POST /session/9d48326ae870b5d3a573a2f725ac1bbc/elements - {"using":"xpath","value":"//td[@aria-colindex=\"1\"]/div/div[contains(@class, \"sapMCbBg\")]"}
RESULT: {"using":"xpath","value":"//td[@aria-colindex=\"1\"]/div/div[contains(@class, \"sapMCbBg\")]"}
COMMAND: POST /session/9d48326ae870b5d3a573a2f725ac1bbc/elements - {"using":"xpath","value":"//td[@aria-colindex=\"1\"]/div/div[contains(@class, \"sapMCbBg\")]"}
RESULT: {"using":"xpath","value":"//td[@aria-colindex=\"1\"]/div/div[contains(@class, \"sapMCbBg\")]"}
COMMAND: POST /session/9d48326ae870b5d3a573a2f725ac1bbc/elements - {"using":"xpath","value":"//td[@aria-colindex=\"1\"]/div/div[contains(@class, \"sapMCbBg\")]"}
RESULT: {"using":"xpath","value":"//td[@aria-colindex=\"1\"]/div/div[contains(@class, \"sapMCbBg\")]"}
COMMAND: POST /session/9d48326ae870b5d3a573a2f725ac1bbc/elements - {"using":"xpath","value":"//td[@aria-colindex=\"1\"]/div/div[contains(@class, \"sapMCbBg\")]"}
RESULT: {"using":"xpath","value":"//td[@aria-colindex=\"1\"]/div/div[contains(@class, \"sapMCbBg\")]"}
COMMAND: POST /session/9d48326ae870b5d3a573a2f725ac1bbc/elements - {"using":"xpath","value":"//td[@aria-colindex=\"1\"]/div/div[contains(@class, \"sapMCbBg\")]"}
RESULT: {"using":"xpath","value":"//td[@aria-colindex=\"1\"]/div/div[contains(@class, \"sapMCbBg\")]"}
COMMAND: POST /session/9d48326ae870b5d3a573a2f725ac1bbc/elements - {"using":"xpath","value":"//td[@aria-colindex=\"1\"]/div/div[contains(@class, \"sapMCbBg\")]"}
RESULT: {"using":"xpath","value":"//td[@aria-colindex=\"1\"]/div/div[contains(@class, \"sapMCbBg\")]"}
COMMAND: POST /session/9d48326ae870b5d3a573a2f725ac1bbc/elements - {"using":"xpath","value":"//td[@aria-colindex=\"1\"]/div/div[contains(@class, \"sapMCbBg\")]"}
RESULT: {"using":"xpath","value":"//td[@aria-colindex=\"1\"]/div/div[contains(@class, \"sapMCbBg\")]"}
COMMAND: POST /session/9d48326ae870b5d3a573a2f725ac1bbc/elements - {"using":"xpath","value":"//td[@aria-colindex=\"1\"]/div/div[contains(@class, \"sapMCbBg\")]"}
RESULT: {"using":"xpath","value":"//td[@aria-colindex=\"1\"]/div/div[contains(@class, \"sapMCbBg\")]"}
COMMAND: POST /session/9d48326ae870b5d3a573a2f725ac1bbc/elements - {"using":"xpath","value":"//td[@aria-colindex=\"1\"]/div/div[contains(@class, \"sapMCbBg\")]"}
RESULT: {"using":"xpath","value":"//td[@aria-colindex=\"1\"]/div/div[contains(@class, \"sapMCbBg\")]"}
COMMAND: POST /session/9d48326ae870b5d3a573a2f725ac1bbc/elements - {"using":"xpath","value":"//td[@aria-colindex=\"1\"]/div/div[contains(@class, \"sapMCbBg\")]"}
RESULT: {"using":"xpath","value":"//td[@aria-colindex=\"1\"]/div/div[contains(@class, \"sapMCbBg\")]"}
COMMAND: POST /session/9d48326ae870b5d3a573a2f725ac1bbc/elements - {"using":"xpath","value":"//td[@aria-colindex=\"1\"]/div/div[contains(@class, \"sapMCbBg\")]"}
RESULT: {"using":"xpath","value":"//td[@aria-colindex=\"1\"]/div/div[contains(@class, \"sapMCbBg\")]"}
COMMAND: POST /session/9d48326ae870b5d3a573a2f725ac1bbc/elements - {"using":"xpath","value":"//td[@aria-colindex=\"1\"]/div/div[contains(@class, \"sapMCbBg\")]"}
RESULT: {"using":"xpath","value":"//td[@aria-colindex=\"1\"]/div/div[contains(@class, \"sapMCbBg\")]"}
COMMAND: POST /session/9d48326ae870b5d3a573a2f725ac1bbc/elements - {"using":"xpath","value":"//td[@aria-colindex=\"1\"]/div/div[contains(@class, \"sapMCbBg\")]"}
RESULT: {"using":"xpath","value":"//td[@aria-colindex=\"1\"]/div/div[contains(@class, \"sapMCbBg\")]"}
COMMAND: POST /session/9d48326ae870b5d3a573a2f725ac1bbc/elements - {"using":"xpath","value":"//td[@aria-colindex=\"1\"]/div/div[contains(@class, \"sapMCbBg\")]"}
RESULT: {"using":"xpath","value":"//td[@aria-colindex=\"1\"]/div/div[contains(@class, \"sapMCbBg\")]"}
COMMAND: POST /session/9d48326ae870b5d3a573a2f725ac1bbc/elements - {"using":"xpath","value":"//td[@aria-colindex=\"1\"]/div/div[contains(@class, \"sapMCbBg\")]"}
RESULT: {"using":"xpath","value":"//td[@aria-colindex=\"1\"]/div/div[contains(@class, \"sapMCbBg\")]"}
COMMAND: POST /session/9d48326ae870b5d3a573a2f725ac1bbc/elements - {"using":"xpath","value":"//td[@aria-colindex=\"1\"]/div/div[contains(@class, \"sapMCbBg\")]"}
RESULT: {"using":"xpath","value":"//td[@aria-colindex=\"1\"]/div/div[contains(@class, \"sapMCbBg\")]"}
COMMAND: POST /session/9d48326ae870b5d3a573a2f725ac1bbc/elements - {"using":"xpath","value":"//td[@aria-colindex=\"1\"]/div/div[contains(@class, \"sapMCbBg\")]"}
RESULT: {"using":"xpath","value":"//td[@aria-colindex=\"1\"]/div/div[contains(@class, \"sapMCbBg\")]"}
COMMAND: POST /session/9d48326ae870b5d3a573a2f725ac1bbc/elements - {"using":"xpath","value":"//td[@aria-colindex=\"1\"]/div/div[contains(@class, \"sapMCbBg\")]"}
RESULT: {"using":"xpath","value":"//td[@aria-colindex=\"1\"]/div/div[contains(@class, \"sapMCbBg\")]"}
COMMAND: POST /session/9d48326ae870b5d3a573a2f725ac1bbc/elements - {"using":"xpath","value":"//td[@aria-colindex=\"1\"]/div/div[contains(@class, \"sapMCbBg\")]"}
RESULT: {"using":"xpath","value":"//td[@aria-colindex=\"1\"]/div/div[contains(@class, \"sapMCbBg\")]"}
COMMAND: POST /session/9d48326ae870b5d3a573a2f725ac1bbc/elements - {"using":"xpath","value":"//td[@aria-colindex=\"1\"]/div/div[contains(@class, \"sapMCbBg\")]"}
RESULT: {"using":"xpath","value":"//td[@aria-colindex=\"1\"]/div/div[contains(@class, \"sapMCbBg\")]"}
COMMAND: POST /session/9d48326ae870b5d3a573a2f725ac1bbc/elements - {"using":"xpath","value":"//td[@aria-colindex=\"1\"]/div/div[contains(@class, \"sapMCbBg\")]"}
RESULT: {"using":"xpath","value":"//td[@aria-colindex=\"1\"]/div/div[contains(@class, \"sapMCbBg\")]"}
COMMAND: POST /session/9d48326ae870b5d3a573a2f725ac1bbc/elements - {"using":"xpath","value":"//td[@aria-colindex=\"1\"]/div/div[contains(@class, \"sapMCbBg\")]"}
RESULT: {"using":"xpath","value":"//td[@aria-colindex=\"1\"]/div/div[contains(@class, \"sapMCbBg\")]"}
COMMAND: POST /session/9d48326ae870b5d3a573a2f725ac1bbc/elements - {"using":"xpath","value":"//td[@aria-colindex=\"1\"]/div/div[contains(@class, \"sapMCbBg\")]"}
RESULT: {"using":"xpath","value":"//td[@aria-colindex=\"1\"]/div/div[contains(@class, \"sapMCbBg\")]"}
COMMAND: POST /session/9d48326ae870b5d3a573a2f725ac1bbc/elements - {"using":"xpath","value":"//td[@aria-colindex=\"1\"]/div/div[contains(@class, \"sapMCbBg\")]"}
RESULT: {"using":"xpath","value":"//td[@aria-colindex=\"1\"]/div/div[contains(@class, \"sapMCbBg\")]"}
COMMAND: POST /session/9d48326ae870b5d3a573a2f725ac1bbc/elements - {"using":"xpath","value":"//td[@aria-colindex=\"1\"]/div/div[contains(@class, \"sapMCbBg\")]"}
RESULT: {"using":"xpath","value":"//td[@aria-colindex=\"1\"]/div/div[contains(@class, \"sapMCbBg\")]"}
COMMAND: POST /session/9d48326ae870b5d3a573a2f725ac1bbc/elements - {"using":"xpath","value":"//td[@aria-colindex=\"1\"]/div/div[contains(@class, \"sapMCbBg\")]"}
RESULT: {"using":"xpath","value":"//td[@aria-colindex=\"1\"]/div/div[contains(@class, \"sapMCbBg\")]"}
COMMAND: POST /session/9d48326ae870b5d3a573a2f725ac1bbc/elements - {"using":"xpath","value":"//td[@aria-colindex=\"1\"]/div/div[contains(@class, \"sapMCbBg\")]"}
RESULT: {"using":"xpath","value":"//td[@aria-colindex=\"1\"]/div/div[contains(@class, \"sapMCbBg\")]"}
COMMAND: POST /session/9d48326ae870b5d3a573a2f725ac1bbc/elements - {"using":"xpath","value":"//td[@aria-colindex=\"1\"]/div/div[contains(@class, \"sapMCbBg\")]"}
RESULT: {"using":"xpath","value":"//td[@aria-colindex=\"1\"]/div/div[contains(@class, \"sapMCbBg\")]"}
COMMAND: POST /session/9d48326ae870b5d3a573a2f725ac1bbc/elements - {"using":"xpath","value":"//td[@aria-colindex=\"1\"]/div/div[contains(@class, \"sapMCbBg\")]"}
RESULT: {"using":"xpath","value":"//td[@aria-colindex=\"1\"]/div/div[contains(@class, \"sapMCbBg\")]"}
COMMAND: POST /session/9d48326ae870b5d3a573a2f725ac1bbc/elements - {"using":"xpath","value":"//td[@aria-colindex=\"1\"]/div/div[contains(@class, \"sapMCbBg\")]"}
RESULT: {"using":"xpath","value":"//td[@aria-colindex=\"1\"]/div/div[contains(@class, \"sapMCbBg\")]"}
COMMAND: POST /session/9d48326ae870b5d3a573a2f725ac1bbc/elements - {"using":"xpath","value":"//td[@aria-colindex=\"1\"]/div/div[contains(@class, \"sapMCbBg\")]"}
RESULT: {"using":"xpath","value":"//td[@aria-colindex=\"1\"]/div/div[contains(@class, \"sapMCbBg\")]"}
COMMAND: POST /session/9d48326ae870b5d3a573a2f725ac1bbc/elements - {"using":"xpath","value":"//td[@aria-colindex=\"1\"]/div/div[contains(@class, \"sapMCbBg\")]"}
RESULT: {"using":"xpath","value":"//td[@aria-colindex=\"1\"]/div/div[contains(@class, \"sapMCbBg\")]"}
COMMAND: POST /session/9d48326ae870b5d3a573a2f725ac1bbc/elements - {"using":"xpath","value":"//td[@aria-colindex=\"1\"]/div/div[contains(@class, \"sapMCbBg\")]"}
RESULT: {"using":"xpath","value":"//td[@aria-colindex=\"1\"]/div/div[contains(@class, \"sapMCbBg\")]"}
COMMAND: POST /session/9d48326ae870b5d3a573a2f725ac1bbc/elements - {"using":"xpath","value":"//td[@aria-colindex=\"1\"]/div/div[contains(@class, \"sapMCbBg\")]"}
RESULT: {"using":"xpath","value":"//td[@aria-colindex=\"1\"]/div/div[contains(@class, \"sapMCbBg\")]"}
COMMAND: POST /session/9d48326ae870b5d3a573a2f725ac1bbc/elements - {"using":"xpath","value":"//td[@aria-colindex=\"1\"]/div/div[contains(@class, \"sapMCbBg\")]"}
RESULT: {"using":"xpath","value":"//td[@aria-colindex=\"1\"]/div/div[contains(@class, \"sapMCbBg\")]"}
COMMAND: POST /session/9d48326ae870b5d3a573a2f725ac1bbc/elements - {"using":"xpath","value":"//td[@aria-colindex=\"1\"]/div/div[contains(@class, \"sapMCbBg\")]"}
RESULT: {"using":"xpath","value":"//td[@aria-colindex=\"1\"]/div/div[contains(@class, \"sapMCbBg\")]"}
COMMAND: POST /session/9d48326ae870b5d3a573a2f725ac1bbc/elements - {"using":"xpath","value":"//td[@aria-colindex=\"1\"]/div/div[contains(@class, \"sapMCbBg\")]"}
RESULT: {"using":"xpath","value":"//td[@aria-colindex=\"1\"]/div/div[contains(@class, \"sapMCbBg\")]"}
COMMAND: POST /session/9d48326ae870b5d3a573a2f725ac1bbc/elements - {"using":"xpath","value":"//td[@aria-colindex=\"1\"]/div/div[contains(@class, \"sapMCbBg\")]"}
RESULT: {"using":"xpath","value":"//td[@aria-colindex=\"1\"]/div/div[contains(@class, \"sapMCbBg\")]"}
COMMAND: POST /session/9d48326ae870b5d3a573a2f725ac1bbc/elements - {"using":"xpath","value":"//td[@aria-colindex=\"1\"]/div/div[contains(@class, \"sapMCbBg\")]"}
RESULT: {"using":"xpath","value":"//td[@aria-colindex=\"1\"]/div/div[contains(@class, \"sapMCbBg\")]"}
COMMAND: POST /session/9d48326ae870b5d3a573a2f725ac1bbc/elements - {"using":"xpath","value":"//td[@aria-colindex=\"1\"]/div/div[contains(@class, \"sapMCbBg\")]"}
RESULT: {"using":"xpath","value":"//td[@aria-colindex=\"1\"]/div/div[contains(@class, \"sapMCbBg\")]"}
COMMAND: POST /session/9d48326ae870b5d3a573a2f725ac1bbc/elements - {"using":"xpath","value":"//td[@aria-colindex=\"1\"]/div/div[contains(@class, \"sapMCbBg\")]"}
RESULT: {"using":"xpath","value":"//td[@aria-colindex=\"1\"]/div/div[contains(@class, \"sapMCbBg\")]"}
COMMAND: POST /session/9d48326ae870b5d3a573a2f725ac1bbc/elements - {"using":"xpath","value":"//td[@aria-colindex=\"1\"]/div/div[contains(@class, \"sapMCbBg\")]"}
RESULT: {"using":"xpath","value":"//td[@aria-colindex=\"1\"]/div/div[contains(@class, \"sapMCbBg\")]"}
COMMAND: POST /session/9d48326ae870b5d3a573a2f725ac1bbc/elements - {"using":"xpath","value":"//td[@aria-colindex=\"1\"]/div/div[contains(@class, \"sapMCbBg\")]"}
RESULT: {"using":"xpath","value":"//td[@aria-colindex=\"1\"]/div/div[contains(@class, \"sapMCbBg\")]"}
COMMAND: POST /session/9d48326ae870b5d3a573a2f725ac1bbc/elements - {"using":"xpath","value":"//td[@aria-colindex=\"1\"]/div/div[contains(@class, \"sapMCbBg\")]"}
RESULT: {"using":"xpath","value":"//td[@aria-colindex=\"1\"]/div/div[contains(@class, \"sapMCbBg\")]"}
COMMAND: POST /session/9d48326ae870b5d3a573a2f725ac1bbc/elements - {"using":"xpath","value":"//td[@aria-colindex=\"1\"]/div/div[contains(@class, \"sapMCbBg\")]"}
RESULT: {"using":"xpath","value":"//td[@aria-colindex=\"1\"]/div/div[contains(@class, \"sapMCbBg\")]"}
COMMAND: POST /session/9d48326ae870b5d3a573a2f725ac1bbc/elements - {"using":"xpath","value":"//td[@aria-colindex=\"1\"]/div/div[contains(@class, \"sapMCbBg\")]"}
RESULT: {"using":"xpath","value":"//td[@aria-colindex=\"1\"]/div/div[contains(@class, \"sapMCbBg\")]"}
COMMAND: POST /session/9d48326ae870b5d3a573a2f725ac1bbc/elements - {"using":"xpath","value":"//td[@aria-colindex=\"1\"]/div/div[contains(@class, \"sapMCbBg\")]"}
RESULT: {"using":"xpath","value":"//td[@aria-colindex=\"1\"]/div/div[contains(@class, \"sapMCbBg\")]"}
COMMAND: POST /session/9d48326ae870b5d3a573a2f725ac1bbc/elements - {"using":"xpath","value":"//td[@aria-colindex=\"1\"]/div/div[contains(@class, \"sapMCbBg\")]"}
RESULT: {"using":"xpath","value":"//td[@aria-colindex=\"1\"]/div/div[contains(@class, \"sapMCbBg\")]"}
COMMAND: POST /session/9d48326ae870b5d3a573a2f725ac1bbc/elements - {"using":"xpath","value":"//td[@aria-colindex=\"1\"]/div/div[contains(@class, \"sapMCbBg\")]"}
RESULT: {"using":"xpath","value":"//td[@aria-colindex=\"1\"]/div/div[contains(@class, \"sapMCbBg\")]"}
COMMAND: POST /session/9d48326ae870b5d3a573a2f725ac1bbc/elements - {"using":"xpath","value":"//td[@aria-colindex=\"1\"]/div/div[contains(@class, \"sapMCbBg\")]"}
RESULT: {"using":"xpath","value":"//td[@aria-colindex=\"1\"]/div/div[contains(@class, \"sapMCbBg\")]"}
COMMAND: POST /session/9d48326ae870b5d3a573a2f725ac1bbc/elements - {"using":"xpath","value":"//td[@aria-colindex=\"1\"]/div/div[contains(@class, \"sapMCbBg\")]"}
RESULT: {"using":"xpath","value":"//td[@aria-colindex=\"1\"]/div/div[contains(@class, \"sapMCbBg\")]"}
COMMAND: POST /session/9d48326ae870b5d3a573a2f725ac1bbc/elements - {"using":"xpath","value":"//td[@aria-colindex=\"1\"]/div/div[contains(@class, \"sapMCbBg\")]"}
RESULT: {"using":"xpath","value":"//td[@aria-colindex=\"1\"]/div/div[contains(@class, \"sapMCbBg\")]"}
COMMAND: POST /session/9d48326ae870b5d3a573a2f725ac1bbc/elements - {"using":"xpath","value":"//td[@aria-colindex=\"1\"]/div/div[contains(@class, \"sapMCbBg\")]"}
RESULT: {"using":"xpath","value":"//td[@aria-colindex=\"1\"]/div/div[contains(@class, \"sapMCbBg\")]"}
COMMAND: POST /session/9d48326ae870b5d3a573a2f725ac1bbc/elements - {"using":"xpath","value":"//td[@aria-colindex=\"1\"]/div/div[contains(@class, \"sapMCbBg\")]"}
RESULT: {"using":"xpath","value":"//td[@aria-colindex=\"1\"]/div/div[contains(@class, \"sapMCbBg\")]"}
COMMAND: POST /session/9d48326ae870b5d3a573a2f725ac1bbc/elements - {"using":"xpath","value":"//td[@aria-colindex=\"1\"]/div/div[contains(@class, \"sapMCbBg\")]"}
RESULT: {"using":"xpath","value":"//td[@aria-colindex=\"1\"]/div/div[contains(@class, \"sapMCbBg\")]"}
COMMAND: POST /session/9d48326ae870b5d3a573a2f725ac1bbc/elements - {"using":"xpath","value":"//td[@aria-colindex=\"1\"]/div/div[contains(@class, \"sapMCbBg\")]"}
RESULT: {"using":"xpath","value":"//td[@aria-colindex=\"1\"]/div/div[contains(@class, \"sapMCbBg\")]"}
COMMAND: POST /session/9d48326ae870b5d3a573a2f725ac1bbc/elements - {"using":"xpath","value":"//td[@aria-colindex=\"1\"]/div/div[contains(@class, \"sapMCbBg\")]"}
RESULT: {"using":"xpath","value":"//td[@aria-colindex=\"1\"]/div/div[contains(@class, \"sapMCbBg\")]"}
COMMAND: POST /session/9d48326ae870b5d3a573a2f725ac1bbc/elements - {"using":"xpath","value":"//td[@aria-colindex=\"1\"]/div/div[contains(@class, \"sapMCbBg\")]"}
RESULT: {"using":"xpath","value":"//td[@aria-colindex=\"1\"]/div/div[contains(@class, \"sapMCbBg\")]"}
COMMAND: POST /session/9d48326ae870b5d3a573a2f725ac1bbc/elements - {"using":"xpath","value":"//td[@aria-colindex=\"1\"]/div/div[contains(@class, \"sapMCbBg\")]"}
RESULT: {"using":"xpath","value":"//td[@aria-colindex=\"1\"]/div/div[contains(@class, \"sapMCbBg\")]"}
COMMAND: POST /session/9d48326ae870b5d3a573a2f725ac1bbc/elements - {"using":"xpath","value":"//td[@aria-colindex=\"1\"]/div/div[contains(@class, \"sapMCbBg\")]"}
RESULT: {"using":"xpath","value":"//td[@aria-colindex=\"1\"]/div/div[contains(@class, \"sapMCbBg\")]"}
COMMAND: POST /session/9d48326ae870b5d3a573a2f725ac1bbc/elements - {"using":"xpath","value":"//td[@aria-colindex=\"1\"]/div/div[contains(@class, \"sapMCbBg\")]"}
RESULT: {"using":"xpath","value":"//td[@aria-colindex=\"1\"]/div/div[contains(@class, \"sapMCbBg\")]"}
COMMAND: POST /session/9d48326ae870b5d3a573a2f725ac1bbc/elements - {"using":"xpath","value":"//td[@aria-colindex=\"1\"]/div/div[contains(@class, \"sapMCbBg\")]"}
RESULT: {"using":"xpath","value":"//td[@aria-colindex=\"1\"]/div/div[contains(@class, \"sapMCbBg\")]"}
COMMAND: POST /session/9d48326ae870b5d3a573a2f725ac1bbc/elements - {"using":"xpath","value":"//td[@aria-colindex=\"1\"]/div/div[contains(@class, \"sapMCbBg\")]"}
RESULT: {"using":"xpath","value":"//td[@aria-colindex=\"1\"]/div/div[contains(@class, \"sapMCbBg\")]"}
COMMAND: POST /session/9d48326ae870b5d3a573a2f725ac1bbc/elements - {"using":"xpath","value":"//td[@aria-colindex=\"1\"]/div/div[contains(@class, \"sapMCbBg\")]"}
RESULT: {"using":"xpath","value":"//td[@aria-colindex=\"1\"]/div/div[contains(@class, \"sapMCbBg\")]"}
COMMAND: POST /session/9d48326ae870b5d3a573a2f725ac1bbc/elements - {"using":"xpath","value":"//td[@aria-colindex=\"1\"]/div/div[contains(@class, \"sapMCbBg\")]"}
RESULT: {"using":"xpath","value":"//td[@aria-colindex=\"1\"]/div/div[contains(@class, \"sapMCbBg\")]"}
COMMAND: POST /session/9d48326ae870b5d3a573a2f725ac1bbc/elements - {"using":"xpath","value":"//td[@aria-colindex=\"1\"]/div/div[contains(@class, \"sapMCbBg\")]"}
RESULT: {"using":"xpath","value":"//td[@aria-colindex=\"1\"]/div/div[contains(@class, \"sapMCbBg\")]"}
COMMAND: POST /session/9d48326ae870b5d3a573a2f725ac1bbc/elements - {"using":"xpath","value":"//td[@aria-colindex=\"1\"]/div/div[contains(@class, \"sapMCbBg\")]"}
RESULT: {"using":"xpath","value":"//td[@aria-colindex=\"1\"]/div/div[contains(@class, \"sapMCbBg\")]"}
COMMAND: POST /session/9d48326ae870b5d3a573a2f725ac1bbc/elements - {"using":"xpath","value":"//td[@aria-colindex=\"1\"]/div/div[contains(@class, \"sapMCbBg\")]"}
RESULT: {"using":"xpath","value":"//td[@aria-colindex=\"1\"]/div/div[contains(@class, \"sapMCbBg\")]"}
COMMAND: POST /session/9d48326ae870b5d3a573a2f725ac1bbc/elements - {"using":"xpath","value":"//td[@aria-colindex=\"1\"]/div/div[contains(@class, \"sapMCbBg\")]"}
RESULT: {"using":"xpath","value":"//td[@aria-colindex=\"1\"]/div/div[contains(@class, \"sapMCbBg\")]"}
COMMAND: GET /session/9d48326ae870b5d3a573a2f725ac1bbc/screenshot - {}
RESULT: {}
]]></system-out>
      <system-err><![CDATA[
Error: Can't call click on element with selector "//td[@aria-colindex="1"]/div/div[contains(@class, "sapMCbBg")]" because element wasn't found
    at async UtilsPrerequisites.manageBillingsTriggerCalculation (D:\a\1\s\test\specs\BTS\prerequisites-and-utils-functions.js:2750:9)
    at async Context.<anonymous> (D:\a\1\s\test\specs\BTS\reverse-billing.spec.js:73:9)
]]></system-err>
    </testcase>
    <testcase classname="chrome.136_0_7103_93.windows.Create_Reverse_Billing_US127248" name="Should go into Billing Transfer and reverse the billing" time="57.243">
      <failure/>
      <error message="element (&quot;//input[contains(@id ,&quot;application-billingtransfer-display-component---billingWorkbench--smartFilterBar-btnBasicSearch&quot;)]&quot;) still not existing after 45000ms"/>
      <system-out><![CDATA[
COMMAND: GET /session/9d48326ae870b5d3a573a2f725ac1bbc/screenshot - {}
COMMAND: POST /session/9d48326ae870b5d3a573a2f725ac1bbc/execute/async - {"script":"<script> [1562 bytes]","args":[{"selector":{"controlType":"sap.m.GenericTile","properties":{"header":"Billing Transfer"}},"wdio_ui5_key":"sapm.GenericTile{\"header\":\"Billing Transfer\"}"}]}
RESULT: {}
RESULT: {"script":"<script> [1562 bytes]","args":[{"selector":{"controlType":"sap.m.GenericTile","properties":{"header":"Billing Transfer"}},"wdio_ui5_key":"sapm.GenericTile{\"header\":\"Billing Transfer\"}"}]}
RESULT: undefined
COMMAND: POST /session/9d48326ae870b5d3a573a2f725ac1bbc/elements - {"using":"xpath","value":"//span[text()='Error']"}
RESULT: {"using":"xpath","value":"//span[text()='Error']"}
COMMAND: POST /session/9d48326ae870b5d3a573a2f725ac1bbc/element - {"using":"xpath","value":"//input[contains(@id ,\"application-billingtransfer-display-component---billingWorkbench--smartFilterBar-btnBasicSearch\")]"}
RESULT: {"using":"xpath","value":"//input[contains(@id ,\"application-billingtransfer-display-component---billingWorkbench--smartFilterBar-btnBasicSearch\")]"}
COMMAND: POST /session/9d48326ae870b5d3a573a2f725ac1bbc/elements - {"using":"xpath","value":"//input[contains(@id ,\"application-billingtransfer-display-component---billingWorkbench--smartFilterBar-btnBasicSearch\")]"}
RESULT: {"using":"xpath","value":"//input[contains(@id ,\"application-billingtransfer-display-component---billingWorkbench--smartFilterBar-btnBasicSearch\")]"}
COMMAND: POST /session/9d48326ae870b5d3a573a2f725ac1bbc/elements - {"using":"xpath","value":"//input[contains(@id ,\"application-billingtransfer-display-component---billingWorkbench--smartFilterBar-btnBasicSearch\")]"}
RESULT: {"using":"xpath","value":"//input[contains(@id ,\"application-billingtransfer-display-component---billingWorkbench--smartFilterBar-btnBasicSearch\")]"}
COMMAND: POST /session/9d48326ae870b5d3a573a2f725ac1bbc/elements - {"using":"xpath","value":"//input[contains(@id ,\"application-billingtransfer-display-component---billingWorkbench--smartFilterBar-btnBasicSearch\")]"}
RESULT: {"using":"xpath","value":"//input[contains(@id ,\"application-billingtransfer-display-component---billingWorkbench--smartFilterBar-btnBasicSearch\")]"}
COMMAND: POST /session/9d48326ae870b5d3a573a2f725ac1bbc/elements - {"using":"xpath","value":"//input[contains(@id ,\"application-billingtransfer-display-component---billingWorkbench--smartFilterBar-btnBasicSearch\")]"}
RESULT: {"using":"xpath","value":"//input[contains(@id ,\"application-billingtransfer-display-component---billingWorkbench--smartFilterBar-btnBasicSearch\")]"}
COMMAND: POST /session/9d48326ae870b5d3a573a2f725ac1bbc/elements - {"using":"xpath","value":"//input[contains(@id ,\"application-billingtransfer-display-component---billingWorkbench--smartFilterBar-btnBasicSearch\")]"}
RESULT: {"using":"xpath","value":"//input[contains(@id ,\"application-billingtransfer-display-component---billingWorkbench--smartFilterBar-btnBasicSearch\")]"}
COMMAND: POST /session/9d48326ae870b5d3a573a2f725ac1bbc/elements - {"using":"xpath","value":"//input[contains(@id ,\"application-billingtransfer-display-component---billingWorkbench--smartFilterBar-btnBasicSearch\")]"}
RESULT: {"using":"xpath","value":"//input[contains(@id ,\"application-billingtransfer-display-component---billingWorkbench--smartFilterBar-btnBasicSearch\")]"}
COMMAND: POST /session/9d48326ae870b5d3a573a2f725ac1bbc/elements - {"using":"xpath","value":"//input[contains(@id ,\"application-billingtransfer-display-component---billingWorkbench--smartFilterBar-btnBasicSearch\")]"}
RESULT: {"using":"xpath","value":"//input[contains(@id ,\"application-billingtransfer-display-component---billingWorkbench--smartFilterBar-btnBasicSearch\")]"}
COMMAND: POST /session/9d48326ae870b5d3a573a2f725ac1bbc/elements - {"using":"xpath","value":"//input[contains(@id ,\"application-billingtransfer-display-component---billingWorkbench--smartFilterBar-btnBasicSearch\")]"}
RESULT: {"using":"xpath","value":"//input[contains(@id ,\"application-billingtransfer-display-component---billingWorkbench--smartFilterBar-btnBasicSearch\")]"}
COMMAND: POST /session/9d48326ae870b5d3a573a2f725ac1bbc/elements - {"using":"xpath","value":"//input[contains(@id ,\"application-billingtransfer-display-component---billingWorkbench--smartFilterBar-btnBasicSearch\")]"}
RESULT: {"using":"xpath","value":"//input[contains(@id ,\"application-billingtransfer-display-component---billingWorkbench--smartFilterBar-btnBasicSearch\")]"}
COMMAND: POST /session/9d48326ae870b5d3a573a2f725ac1bbc/elements - {"using":"xpath","value":"//input[contains(@id ,\"application-billingtransfer-display-component---billingWorkbench--smartFilterBar-btnBasicSearch\")]"}
RESULT: {"using":"xpath","value":"//input[contains(@id ,\"application-billingtransfer-display-component---billingWorkbench--smartFilterBar-btnBasicSearch\")]"}
COMMAND: POST /session/9d48326ae870b5d3a573a2f725ac1bbc/elements - {"using":"xpath","value":"//input[contains(@id ,\"application-billingtransfer-display-component---billingWorkbench--smartFilterBar-btnBasicSearch\")]"}
RESULT: {"using":"xpath","value":"//input[contains(@id ,\"application-billingtransfer-display-component---billingWorkbench--smartFilterBar-btnBasicSearch\")]"}
COMMAND: POST /session/9d48326ae870b5d3a573a2f725ac1bbc/elements - {"using":"xpath","value":"//input[contains(@id ,\"application-billingtransfer-display-component---billingWorkbench--smartFilterBar-btnBasicSearch\")]"}
RESULT: {"using":"xpath","value":"//input[contains(@id ,\"application-billingtransfer-display-component---billingWorkbench--smartFilterBar-btnBasicSearch\")]"}
COMMAND: POST /session/9d48326ae870b5d3a573a2f725ac1bbc/elements - {"using":"xpath","value":"//input[contains(@id ,\"application-billingtransfer-display-component---billingWorkbench--smartFilterBar-btnBasicSearch\")]"}
RESULT: {"using":"xpath","value":"//input[contains(@id ,\"application-billingtransfer-display-component---billingWorkbench--smartFilterBar-btnBasicSearch\")]"}
COMMAND: POST /session/9d48326ae870b5d3a573a2f725ac1bbc/elements - {"using":"xpath","value":"//input[contains(@id ,\"application-billingtransfer-display-component---billingWorkbench--smartFilterBar-btnBasicSearch\")]"}
RESULT: {"using":"xpath","value":"//input[contains(@id ,\"application-billingtransfer-display-component---billingWorkbench--smartFilterBar-btnBasicSearch\")]"}
COMMAND: POST /session/9d48326ae870b5d3a573a2f725ac1bbc/elements - {"using":"xpath","value":"//input[contains(@id ,\"application-billingtransfer-display-component---billingWorkbench--smartFilterBar-btnBasicSearch\")]"}
RESULT: {"using":"xpath","value":"//input[contains(@id ,\"application-billingtransfer-display-component---billingWorkbench--smartFilterBar-btnBasicSearch\")]"}
COMMAND: POST /session/9d48326ae870b5d3a573a2f725ac1bbc/elements - {"using":"xpath","value":"//input[contains(@id ,\"application-billingtransfer-display-component---billingWorkbench--smartFilterBar-btnBasicSearch\")]"}
RESULT: {"using":"xpath","value":"//input[contains(@id ,\"application-billingtransfer-display-component---billingWorkbench--smartFilterBar-btnBasicSearch\")]"}
COMMAND: POST /session/9d48326ae870b5d3a573a2f725ac1bbc/elements - {"using":"xpath","value":"//input[contains(@id ,\"application-billingtransfer-display-component---billingWorkbench--smartFilterBar-btnBasicSearch\")]"}
RESULT: {"using":"xpath","value":"//input[contains(@id ,\"application-billingtransfer-display-component---billingWorkbench--smartFilterBar-btnBasicSearch\")]"}
COMMAND: POST /session/9d48326ae870b5d3a573a2f725ac1bbc/elements - {"using":"xpath","value":"//input[contains(@id ,\"application-billingtransfer-display-component---billingWorkbench--smartFilterBar-btnBasicSearch\")]"}
RESULT: {"using":"xpath","value":"//input[contains(@id ,\"application-billingtransfer-display-component---billingWorkbench--smartFilterBar-btnBasicSearch\")]"}
COMMAND: POST /session/9d48326ae870b5d3a573a2f725ac1bbc/elements - {"using":"xpath","value":"//input[contains(@id ,\"application-billingtransfer-display-component---billingWorkbench--smartFilterBar-btnBasicSearch\")]"}
RESULT: {"using":"xpath","value":"//input[contains(@id ,\"application-billingtransfer-display-component---billingWorkbench--smartFilterBar-btnBasicSearch\")]"}
COMMAND: POST /session/9d48326ae870b5d3a573a2f725ac1bbc/elements - {"using":"xpath","value":"//input[contains(@id ,\"application-billingtransfer-display-component---billingWorkbench--smartFilterBar-btnBasicSearch\")]"}
RESULT: {"using":"xpath","value":"//input[contains(@id ,\"application-billingtransfer-display-component---billingWorkbench--smartFilterBar-btnBasicSearch\")]"}
COMMAND: POST /session/9d48326ae870b5d3a573a2f725ac1bbc/elements - {"using":"xpath","value":"//input[contains(@id ,\"application-billingtransfer-display-component---billingWorkbench--smartFilterBar-btnBasicSearch\")]"}
RESULT: {"using":"xpath","value":"//input[contains(@id ,\"application-billingtransfer-display-component---billingWorkbench--smartFilterBar-btnBasicSearch\")]"}
COMMAND: POST /session/9d48326ae870b5d3a573a2f725ac1bbc/elements - {"using":"xpath","value":"//input[contains(@id ,\"application-billingtransfer-display-component---billingWorkbench--smartFilterBar-btnBasicSearch\")]"}
RESULT: {"using":"xpath","value":"//input[contains(@id ,\"application-billingtransfer-display-component---billingWorkbench--smartFilterBar-btnBasicSearch\")]"}
COMMAND: POST /session/9d48326ae870b5d3a573a2f725ac1bbc/elements - {"using":"xpath","value":"//input[contains(@id ,\"application-billingtransfer-display-component---billingWorkbench--smartFilterBar-btnBasicSearch\")]"}
RESULT: {"using":"xpath","value":"//input[contains(@id ,\"application-billingtransfer-display-component---billingWorkbench--smartFilterBar-btnBasicSearch\")]"}
COMMAND: POST /session/9d48326ae870b5d3a573a2f725ac1bbc/elements - {"using":"xpath","value":"//input[contains(@id ,\"application-billingtransfer-display-component---billingWorkbench--smartFilterBar-btnBasicSearch\")]"}
RESULT: {"using":"xpath","value":"//input[contains(@id ,\"application-billingtransfer-display-component---billingWorkbench--smartFilterBar-btnBasicSearch\")]"}
COMMAND: POST /session/9d48326ae870b5d3a573a2f725ac1bbc/elements - {"using":"xpath","value":"//input[contains(@id ,\"application-billingtransfer-display-component---billingWorkbench--smartFilterBar-btnBasicSearch\")]"}
RESULT: {"using":"xpath","value":"//input[contains(@id ,\"application-billingtransfer-display-component---billingWorkbench--smartFilterBar-btnBasicSearch\")]"}
COMMAND: POST /session/9d48326ae870b5d3a573a2f725ac1bbc/elements - {"using":"xpath","value":"//input[contains(@id ,\"application-billingtransfer-display-component---billingWorkbench--smartFilterBar-btnBasicSearch\")]"}
RESULT: {"using":"xpath","value":"//input[contains(@id ,\"application-billingtransfer-display-component---billingWorkbench--smartFilterBar-btnBasicSearch\")]"}
COMMAND: POST /session/9d48326ae870b5d3a573a2f725ac1bbc/elements - {"using":"xpath","value":"//input[contains(@id ,\"application-billingtransfer-display-component---billingWorkbench--smartFilterBar-btnBasicSearch\")]"}
RESULT: {"using":"xpath","value":"//input[contains(@id ,\"application-billingtransfer-display-component---billingWorkbench--smartFilterBar-btnBasicSearch\")]"}
COMMAND: POST /session/9d48326ae870b5d3a573a2f725ac1bbc/elements - {"using":"xpath","value":"//input[contains(@id ,\"application-billingtransfer-display-component---billingWorkbench--smartFilterBar-btnBasicSearch\")]"}
RESULT: {"using":"xpath","value":"//input[contains(@id ,\"application-billingtransfer-display-component---billingWorkbench--smartFilterBar-btnBasicSearch\")]"}
COMMAND: POST /session/9d48326ae870b5d3a573a2f725ac1bbc/elements - {"using":"xpath","value":"//input[contains(@id ,\"application-billingtransfer-display-component---billingWorkbench--smartFilterBar-btnBasicSearch\")]"}
RESULT: {"using":"xpath","value":"//input[contains(@id ,\"application-billingtransfer-display-component---billingWorkbench--smartFilterBar-btnBasicSearch\")]"}
COMMAND: POST /session/9d48326ae870b5d3a573a2f725ac1bbc/elements - {"using":"xpath","value":"//input[contains(@id ,\"application-billingtransfer-display-component---billingWorkbench--smartFilterBar-btnBasicSearch\")]"}
RESULT: {"using":"xpath","value":"//input[contains(@id ,\"application-billingtransfer-display-component---billingWorkbench--smartFilterBar-btnBasicSearch\")]"}
COMMAND: POST /session/9d48326ae870b5d3a573a2f725ac1bbc/elements - {"using":"xpath","value":"//input[contains(@id ,\"application-billingtransfer-display-component---billingWorkbench--smartFilterBar-btnBasicSearch\")]"}
RESULT: {"using":"xpath","value":"//input[contains(@id ,\"application-billingtransfer-display-component---billingWorkbench--smartFilterBar-btnBasicSearch\")]"}
COMMAND: POST /session/9d48326ae870b5d3a573a2f725ac1bbc/elements - {"using":"xpath","value":"//input[contains(@id ,\"application-billingtransfer-display-component---billingWorkbench--smartFilterBar-btnBasicSearch\")]"}
RESULT: {"using":"xpath","value":"//input[contains(@id ,\"application-billingtransfer-display-component---billingWorkbench--smartFilterBar-btnBasicSearch\")]"}
COMMAND: POST /session/9d48326ae870b5d3a573a2f725ac1bbc/elements - {"using":"xpath","value":"//input[contains(@id ,\"application-billingtransfer-display-component---billingWorkbench--smartFilterBar-btnBasicSearch\")]"}
RESULT: {"using":"xpath","value":"//input[contains(@id ,\"application-billingtransfer-display-component---billingWorkbench--smartFilterBar-btnBasicSearch\")]"}
COMMAND: POST /session/9d48326ae870b5d3a573a2f725ac1bbc/elements - {"using":"xpath","value":"//input[contains(@id ,\"application-billingtransfer-display-component---billingWorkbench--smartFilterBar-btnBasicSearch\")]"}
RESULT: {"using":"xpath","value":"//input[contains(@id ,\"application-billingtransfer-display-component---billingWorkbench--smartFilterBar-btnBasicSearch\")]"}
COMMAND: POST /session/9d48326ae870b5d3a573a2f725ac1bbc/elements - {"using":"xpath","value":"//input[contains(@id ,\"application-billingtransfer-display-component---billingWorkbench--smartFilterBar-btnBasicSearch\")]"}
RESULT: {"using":"xpath","value":"//input[contains(@id ,\"application-billingtransfer-display-component---billingWorkbench--smartFilterBar-btnBasicSearch\")]"}
COMMAND: POST /session/9d48326ae870b5d3a573a2f725ac1bbc/elements - {"using":"xpath","value":"//input[contains(@id ,\"application-billingtransfer-display-component---billingWorkbench--smartFilterBar-btnBasicSearch\")]"}
RESULT: {"using":"xpath","value":"//input[contains(@id ,\"application-billingtransfer-display-component---billingWorkbench--smartFilterBar-btnBasicSearch\")]"}
COMMAND: POST /session/9d48326ae870b5d3a573a2f725ac1bbc/elements - {"using":"xpath","value":"//input[contains(@id ,\"application-billingtransfer-display-component---billingWorkbench--smartFilterBar-btnBasicSearch\")]"}
RESULT: {"using":"xpath","value":"//input[contains(@id ,\"application-billingtransfer-display-component---billingWorkbench--smartFilterBar-btnBasicSearch\")]"}
COMMAND: POST /session/9d48326ae870b5d3a573a2f725ac1bbc/elements - {"using":"xpath","value":"//input[contains(@id ,\"application-billingtransfer-display-component---billingWorkbench--smartFilterBar-btnBasicSearch\")]"}
RESULT: {"using":"xpath","value":"//input[contains(@id ,\"application-billingtransfer-display-component---billingWorkbench--smartFilterBar-btnBasicSearch\")]"}
COMMAND: POST /session/9d48326ae870b5d3a573a2f725ac1bbc/elements - {"using":"xpath","value":"//input[contains(@id ,\"application-billingtransfer-display-component---billingWorkbench--smartFilterBar-btnBasicSearch\")]"}
RESULT: {"using":"xpath","value":"//input[contains(@id ,\"application-billingtransfer-display-component---billingWorkbench--smartFilterBar-btnBasicSearch\")]"}
COMMAND: POST /session/9d48326ae870b5d3a573a2f725ac1bbc/elements - {"using":"xpath","value":"//input[contains(@id ,\"application-billingtransfer-display-component---billingWorkbench--smartFilterBar-btnBasicSearch\")]"}
RESULT: {"using":"xpath","value":"//input[contains(@id ,\"application-billingtransfer-display-component---billingWorkbench--smartFilterBar-btnBasicSearch\")]"}
COMMAND: POST /session/9d48326ae870b5d3a573a2f725ac1bbc/elements - {"using":"xpath","value":"//input[contains(@id ,\"application-billingtransfer-display-component---billingWorkbench--smartFilterBar-btnBasicSearch\")]"}
RESULT: {"using":"xpath","value":"//input[contains(@id ,\"application-billingtransfer-display-component---billingWorkbench--smartFilterBar-btnBasicSearch\")]"}
COMMAND: POST /session/9d48326ae870b5d3a573a2f725ac1bbc/elements - {"using":"xpath","value":"//input[contains(@id ,\"application-billingtransfer-display-component---billingWorkbench--smartFilterBar-btnBasicSearch\")]"}
RESULT: {"using":"xpath","value":"//input[contains(@id ,\"application-billingtransfer-display-component---billingWorkbench--smartFilterBar-btnBasicSearch\")]"}
COMMAND: POST /session/9d48326ae870b5d3a573a2f725ac1bbc/elements - {"using":"xpath","value":"//input[contains(@id ,\"application-billingtransfer-display-component---billingWorkbench--smartFilterBar-btnBasicSearch\")]"}
RESULT: {"using":"xpath","value":"//input[contains(@id ,\"application-billingtransfer-display-component---billingWorkbench--smartFilterBar-btnBasicSearch\")]"}
COMMAND: POST /session/9d48326ae870b5d3a573a2f725ac1bbc/elements - {"using":"xpath","value":"//input[contains(@id ,\"application-billingtransfer-display-component---billingWorkbench--smartFilterBar-btnBasicSearch\")]"}
RESULT: {"using":"xpath","value":"//input[contains(@id ,\"application-billingtransfer-display-component---billingWorkbench--smartFilterBar-btnBasicSearch\")]"}
COMMAND: POST /session/9d48326ae870b5d3a573a2f725ac1bbc/elements - {"using":"xpath","value":"//input[contains(@id ,\"application-billingtransfer-display-component---billingWorkbench--smartFilterBar-btnBasicSearch\")]"}
RESULT: {"using":"xpath","value":"//input[contains(@id ,\"application-billingtransfer-display-component---billingWorkbench--smartFilterBar-btnBasicSearch\")]"}
COMMAND: POST /session/9d48326ae870b5d3a573a2f725ac1bbc/elements - {"using":"xpath","value":"//input[contains(@id ,\"application-billingtransfer-display-component---billingWorkbench--smartFilterBar-btnBasicSearch\")]"}
RESULT: {"using":"xpath","value":"//input[contains(@id ,\"application-billingtransfer-display-component---billingWorkbench--smartFilterBar-btnBasicSearch\")]"}
COMMAND: POST /session/9d48326ae870b5d3a573a2f725ac1bbc/elements - {"using":"xpath","value":"//input[contains(@id ,\"application-billingtransfer-display-component---billingWorkbench--smartFilterBar-btnBasicSearch\")]"}
RESULT: {"using":"xpath","value":"//input[contains(@id ,\"application-billingtransfer-display-component---billingWorkbench--smartFilterBar-btnBasicSearch\")]"}
COMMAND: POST /session/9d48326ae870b5d3a573a2f725ac1bbc/elements - {"using":"xpath","value":"//input[contains(@id ,\"application-billingtransfer-display-component---billingWorkbench--smartFilterBar-btnBasicSearch\")]"}
RESULT: {"using":"xpath","value":"//input[contains(@id ,\"application-billingtransfer-display-component---billingWorkbench--smartFilterBar-btnBasicSearch\")]"}
COMMAND: POST /session/9d48326ae870b5d3a573a2f725ac1bbc/elements - {"using":"xpath","value":"//input[contains(@id ,\"application-billingtransfer-display-component---billingWorkbench--smartFilterBar-btnBasicSearch\")]"}
RESULT: {"using":"xpath","value":"//input[contains(@id ,\"application-billingtransfer-display-component---billingWorkbench--smartFilterBar-btnBasicSearch\")]"}
COMMAND: POST /session/9d48326ae870b5d3a573a2f725ac1bbc/elements - {"using":"xpath","value":"//input[contains(@id ,\"application-billingtransfer-display-component---billingWorkbench--smartFilterBar-btnBasicSearch\")]"}
RESULT: {"using":"xpath","value":"//input[contains(@id ,\"application-billingtransfer-display-component---billingWorkbench--smartFilterBar-btnBasicSearch\")]"}
COMMAND: POST /session/9d48326ae870b5d3a573a2f725ac1bbc/elements - {"using":"xpath","value":"//input[contains(@id ,\"application-billingtransfer-display-component---billingWorkbench--smartFilterBar-btnBasicSearch\")]"}
RESULT: {"using":"xpath","value":"//input[contains(@id ,\"application-billingtransfer-display-component---billingWorkbench--smartFilterBar-btnBasicSearch\")]"}
COMMAND: POST /session/9d48326ae870b5d3a573a2f725ac1bbc/elements - {"using":"xpath","value":"//input[contains(@id ,\"application-billingtransfer-display-component---billingWorkbench--smartFilterBar-btnBasicSearch\")]"}
RESULT: {"using":"xpath","value":"//input[contains(@id ,\"application-billingtransfer-display-component---billingWorkbench--smartFilterBar-btnBasicSearch\")]"}
COMMAND: POST /session/9d48326ae870b5d3a573a2f725ac1bbc/elements - {"using":"xpath","value":"//input[contains(@id ,\"application-billingtransfer-display-component---billingWorkbench--smartFilterBar-btnBasicSearch\")]"}
RESULT: {"using":"xpath","value":"//input[contains(@id ,\"application-billingtransfer-display-component---billingWorkbench--smartFilterBar-btnBasicSearch\")]"}
COMMAND: POST /session/9d48326ae870b5d3a573a2f725ac1bbc/elements - {"using":"xpath","value":"//input[contains(@id ,\"application-billingtransfer-display-component---billingWorkbench--smartFilterBar-btnBasicSearch\")]"}
RESULT: {"using":"xpath","value":"//input[contains(@id ,\"application-billingtransfer-display-component---billingWorkbench--smartFilterBar-btnBasicSearch\")]"}
COMMAND: POST /session/9d48326ae870b5d3a573a2f725ac1bbc/elements - {"using":"xpath","value":"//input[contains(@id ,\"application-billingtransfer-display-component---billingWorkbench--smartFilterBar-btnBasicSearch\")]"}
RESULT: {"using":"xpath","value":"//input[contains(@id ,\"application-billingtransfer-display-component---billingWorkbench--smartFilterBar-btnBasicSearch\")]"}
COMMAND: POST /session/9d48326ae870b5d3a573a2f725ac1bbc/elements - {"using":"xpath","value":"//input[contains(@id ,\"application-billingtransfer-display-component---billingWorkbench--smartFilterBar-btnBasicSearch\")]"}
RESULT: {"using":"xpath","value":"//input[contains(@id ,\"application-billingtransfer-display-component---billingWorkbench--smartFilterBar-btnBasicSearch\")]"}
COMMAND: POST /session/9d48326ae870b5d3a573a2f725ac1bbc/elements - {"using":"xpath","value":"//input[contains(@id ,\"application-billingtransfer-display-component---billingWorkbench--smartFilterBar-btnBasicSearch\")]"}
RESULT: {"using":"xpath","value":"//input[contains(@id ,\"application-billingtransfer-display-component---billingWorkbench--smartFilterBar-btnBasicSearch\")]"}
COMMAND: POST /session/9d48326ae870b5d3a573a2f725ac1bbc/elements - {"using":"xpath","value":"//input[contains(@id ,\"application-billingtransfer-display-component---billingWorkbench--smartFilterBar-btnBasicSearch\")]"}
RESULT: {"using":"xpath","value":"//input[contains(@id ,\"application-billingtransfer-display-component---billingWorkbench--smartFilterBar-btnBasicSearch\")]"}
COMMAND: POST /session/9d48326ae870b5d3a573a2f725ac1bbc/elements - {"using":"xpath","value":"//input[contains(@id ,\"application-billingtransfer-display-component---billingWorkbench--smartFilterBar-btnBasicSearch\")]"}
RESULT: {"using":"xpath","value":"//input[contains(@id ,\"application-billingtransfer-display-component---billingWorkbench--smartFilterBar-btnBasicSearch\")]"}
COMMAND: POST /session/9d48326ae870b5d3a573a2f725ac1bbc/elements - {"using":"xpath","value":"//input[contains(@id ,\"application-billingtransfer-display-component---billingWorkbench--smartFilterBar-btnBasicSearch\")]"}
RESULT: {"using":"xpath","value":"//input[contains(@id ,\"application-billingtransfer-display-component---billingWorkbench--smartFilterBar-btnBasicSearch\")]"}
COMMAND: POST /session/9d48326ae870b5d3a573a2f725ac1bbc/elements - {"using":"xpath","value":"//input[contains(@id ,\"application-billingtransfer-display-component---billingWorkbench--smartFilterBar-btnBasicSearch\")]"}
RESULT: {"using":"xpath","value":"//input[contains(@id ,\"application-billingtransfer-display-component---billingWorkbench--smartFilterBar-btnBasicSearch\")]"}
COMMAND: POST /session/9d48326ae870b5d3a573a2f725ac1bbc/elements - {"using":"xpath","value":"//input[contains(@id ,\"application-billingtransfer-display-component---billingWorkbench--smartFilterBar-btnBasicSearch\")]"}
RESULT: {"using":"xpath","value":"//input[contains(@id ,\"application-billingtransfer-display-component---billingWorkbench--smartFilterBar-btnBasicSearch\")]"}
COMMAND: POST /session/9d48326ae870b5d3a573a2f725ac1bbc/elements - {"using":"xpath","value":"//input[contains(@id ,\"application-billingtransfer-display-component---billingWorkbench--smartFilterBar-btnBasicSearch\")]"}
RESULT: {"using":"xpath","value":"//input[contains(@id ,\"application-billingtransfer-display-component---billingWorkbench--smartFilterBar-btnBasicSearch\")]"}
COMMAND: POST /session/9d48326ae870b5d3a573a2f725ac1bbc/elements - {"using":"xpath","value":"//input[contains(@id ,\"application-billingtransfer-display-component---billingWorkbench--smartFilterBar-btnBasicSearch\")]"}
RESULT: {"using":"xpath","value":"//input[contains(@id ,\"application-billingtransfer-display-component---billingWorkbench--smartFilterBar-btnBasicSearch\")]"}
COMMAND: POST /session/9d48326ae870b5d3a573a2f725ac1bbc/elements - {"using":"xpath","value":"//input[contains(@id ,\"application-billingtransfer-display-component---billingWorkbench--smartFilterBar-btnBasicSearch\")]"}
RESULT: {"using":"xpath","value":"//input[contains(@id ,\"application-billingtransfer-display-component---billingWorkbench--smartFilterBar-btnBasicSearch\")]"}
COMMAND: POST /session/9d48326ae870b5d3a573a2f725ac1bbc/elements - {"using":"xpath","value":"//input[contains(@id ,\"application-billingtransfer-display-component---billingWorkbench--smartFilterBar-btnBasicSearch\")]"}
RESULT: {"using":"xpath","value":"//input[contains(@id ,\"application-billingtransfer-display-component---billingWorkbench--smartFilterBar-btnBasicSearch\")]"}
COMMAND: POST /session/9d48326ae870b5d3a573a2f725ac1bbc/elements - {"using":"xpath","value":"//input[contains(@id ,\"application-billingtransfer-display-component---billingWorkbench--smartFilterBar-btnBasicSearch\")]"}
RESULT: {"using":"xpath","value":"//input[contains(@id ,\"application-billingtransfer-display-component---billingWorkbench--smartFilterBar-btnBasicSearch\")]"}
COMMAND: POST /session/9d48326ae870b5d3a573a2f725ac1bbc/elements - {"using":"xpath","value":"//input[contains(@id ,\"application-billingtransfer-display-component---billingWorkbench--smartFilterBar-btnBasicSearch\")]"}
RESULT: {"using":"xpath","value":"//input[contains(@id ,\"application-billingtransfer-display-component---billingWorkbench--smartFilterBar-btnBasicSearch\")]"}
COMMAND: POST /session/9d48326ae870b5d3a573a2f725ac1bbc/elements - {"using":"xpath","value":"//input[contains(@id ,\"application-billingtransfer-display-component---billingWorkbench--smartFilterBar-btnBasicSearch\")]"}
RESULT: {"using":"xpath","value":"//input[contains(@id ,\"application-billingtransfer-display-component---billingWorkbench--smartFilterBar-btnBasicSearch\")]"}
COMMAND: POST /session/9d48326ae870b5d3a573a2f725ac1bbc/elements - {"using":"xpath","value":"//input[contains(@id ,\"application-billingtransfer-display-component---billingWorkbench--smartFilterBar-btnBasicSearch\")]"}
RESULT: {"using":"xpath","value":"//input[contains(@id ,\"application-billingtransfer-display-component---billingWorkbench--smartFilterBar-btnBasicSearch\")]"}
COMMAND: POST /session/9d48326ae870b5d3a573a2f725ac1bbc/elements - {"using":"xpath","value":"//input[contains(@id ,\"application-billingtransfer-display-component---billingWorkbench--smartFilterBar-btnBasicSearch\")]"}
RESULT: {"using":"xpath","value":"//input[contains(@id ,\"application-billingtransfer-display-component---billingWorkbench--smartFilterBar-btnBasicSearch\")]"}
COMMAND: POST /session/9d48326ae870b5d3a573a2f725ac1bbc/elements - {"using":"xpath","value":"//input[contains(@id ,\"application-billingtransfer-display-component---billingWorkbench--smartFilterBar-btnBasicSearch\")]"}
RESULT: {"using":"xpath","value":"//input[contains(@id ,\"application-billingtransfer-display-component---billingWorkbench--smartFilterBar-btnBasicSearch\")]"}
COMMAND: POST /session/9d48326ae870b5d3a573a2f725ac1bbc/elements - {"using":"xpath","value":"//input[contains(@id ,\"application-billingtransfer-display-component---billingWorkbench--smartFilterBar-btnBasicSearch\")]"}
RESULT: {"using":"xpath","value":"//input[contains(@id ,\"application-billingtransfer-display-component---billingWorkbench--smartFilterBar-btnBasicSearch\")]"}
COMMAND: POST /session/9d48326ae870b5d3a573a2f725ac1bbc/elements - {"using":"xpath","value":"//input[contains(@id ,\"application-billingtransfer-display-component---billingWorkbench--smartFilterBar-btnBasicSearch\")]"}
RESULT: {"using":"xpath","value":"//input[contains(@id ,\"application-billingtransfer-display-component---billingWorkbench--smartFilterBar-btnBasicSearch\")]"}
COMMAND: POST /session/9d48326ae870b5d3a573a2f725ac1bbc/elements - {"using":"xpath","value":"//input[contains(@id ,\"application-billingtransfer-display-component---billingWorkbench--smartFilterBar-btnBasicSearch\")]"}
RESULT: {"using":"xpath","value":"//input[contains(@id ,\"application-billingtransfer-display-component---billingWorkbench--smartFilterBar-btnBasicSearch\")]"}
COMMAND: POST /session/9d48326ae870b5d3a573a2f725ac1bbc/elements - {"using":"xpath","value":"//input[contains(@id ,\"application-billingtransfer-display-component---billingWorkbench--smartFilterBar-btnBasicSearch\")]"}
RESULT: {"using":"xpath","value":"//input[contains(@id ,\"application-billingtransfer-display-component---billingWorkbench--smartFilterBar-btnBasicSearch\")]"}
COMMAND: POST /session/9d48326ae870b5d3a573a2f725ac1bbc/elements - {"using":"xpath","value":"//input[contains(@id ,\"application-billingtransfer-display-component---billingWorkbench--smartFilterBar-btnBasicSearch\")]"}
RESULT: {"using":"xpath","value":"//input[contains(@id ,\"application-billingtransfer-display-component---billingWorkbench--smartFilterBar-btnBasicSearch\")]"}
COMMAND: POST /session/9d48326ae870b5d3a573a2f725ac1bbc/elements - {"using":"xpath","value":"//input[contains(@id ,\"application-billingtransfer-display-component---billingWorkbench--smartFilterBar-btnBasicSearch\")]"}
RESULT: {"using":"xpath","value":"//input[contains(@id ,\"application-billingtransfer-display-component---billingWorkbench--smartFilterBar-btnBasicSearch\")]"}
COMMAND: POST /session/9d48326ae870b5d3a573a2f725ac1bbc/elements - {"using":"xpath","value":"//input[contains(@id ,\"application-billingtransfer-display-component---billingWorkbench--smartFilterBar-btnBasicSearch\")]"}
RESULT: {"using":"xpath","value":"//input[contains(@id ,\"application-billingtransfer-display-component---billingWorkbench--smartFilterBar-btnBasicSearch\")]"}
COMMAND: POST /session/9d48326ae870b5d3a573a2f725ac1bbc/elements - {"using":"xpath","value":"//input[contains(@id ,\"application-billingtransfer-display-component---billingWorkbench--smartFilterBar-btnBasicSearch\")]"}
RESULT: {"using":"xpath","value":"//input[contains(@id ,\"application-billingtransfer-display-component---billingWorkbench--smartFilterBar-btnBasicSearch\")]"}
COMMAND: POST /session/9d48326ae870b5d3a573a2f725ac1bbc/elements - {"using":"xpath","value":"//input[contains(@id ,\"application-billingtransfer-display-component---billingWorkbench--smartFilterBar-btnBasicSearch\")]"}
RESULT: {"using":"xpath","value":"//input[contains(@id ,\"application-billingtransfer-display-component---billingWorkbench--smartFilterBar-btnBasicSearch\")]"}
COMMAND: POST /session/9d48326ae870b5d3a573a2f725ac1bbc/elements - {"using":"xpath","value":"//input[contains(@id ,\"application-billingtransfer-display-component---billingWorkbench--smartFilterBar-btnBasicSearch\")]"}
RESULT: {"using":"xpath","value":"//input[contains(@id ,\"application-billingtransfer-display-component---billingWorkbench--smartFilterBar-btnBasicSearch\")]"}
COMMAND: POST /session/9d48326ae870b5d3a573a2f725ac1bbc/elements - {"using":"xpath","value":"//input[contains(@id ,\"application-billingtransfer-display-component---billingWorkbench--smartFilterBar-btnBasicSearch\")]"}
RESULT: {"using":"xpath","value":"//input[contains(@id ,\"application-billingtransfer-display-component---billingWorkbench--smartFilterBar-btnBasicSearch\")]"}
COMMAND: POST /session/9d48326ae870b5d3a573a2f725ac1bbc/elements - {"using":"xpath","value":"//input[contains(@id ,\"application-billingtransfer-display-component---billingWorkbench--smartFilterBar-btnBasicSearch\")]"}
RESULT: {"using":"xpath","value":"//input[contains(@id ,\"application-billingtransfer-display-component---billingWorkbench--smartFilterBar-btnBasicSearch\")]"}
COMMAND: POST /session/9d48326ae870b5d3a573a2f725ac1bbc/elements - {"using":"xpath","value":"//input[contains(@id ,\"application-billingtransfer-display-component---billingWorkbench--smartFilterBar-btnBasicSearch\")]"}
RESULT: {"using":"xpath","value":"//input[contains(@id ,\"application-billingtransfer-display-component---billingWorkbench--smartFilterBar-btnBasicSearch\")]"}
COMMAND: POST /session/9d48326ae870b5d3a573a2f725ac1bbc/elements - {"using":"xpath","value":"//input[contains(@id ,\"application-billingtransfer-display-component---billingWorkbench--smartFilterBar-btnBasicSearch\")]"}
RESULT: {"using":"xpath","value":"//input[contains(@id ,\"application-billingtransfer-display-component---billingWorkbench--smartFilterBar-btnBasicSearch\")]"}
COMMAND: POST /session/9d48326ae870b5d3a573a2f725ac1bbc/elements - {"using":"xpath","value":"//input[contains(@id ,\"application-billingtransfer-display-component---billingWorkbench--smartFilterBar-btnBasicSearch\")]"}
RESULT: {"using":"xpath","value":"//input[contains(@id ,\"application-billingtransfer-display-component---billingWorkbench--smartFilterBar-btnBasicSearch\")]"}
COMMAND: POST /session/9d48326ae870b5d3a573a2f725ac1bbc/elements - {"using":"xpath","value":"//input[contains(@id ,\"application-billingtransfer-display-component---billingWorkbench--smartFilterBar-btnBasicSearch\")]"}
RESULT: {"using":"xpath","value":"//input[contains(@id ,\"application-billingtransfer-display-component---billingWorkbench--smartFilterBar-btnBasicSearch\")]"}
COMMAND: POST /session/9d48326ae870b5d3a573a2f725ac1bbc/elements - {"using":"xpath","value":"//input[contains(@id ,\"application-billingtransfer-display-component---billingWorkbench--smartFilterBar-btnBasicSearch\")]"}
RESULT: {"using":"xpath","value":"//input[contains(@id ,\"application-billingtransfer-display-component---billingWorkbench--smartFilterBar-btnBasicSearch\")]"}
COMMAND: POST /session/9d48326ae870b5d3a573a2f725ac1bbc/elements - {"using":"xpath","value":"//input[contains(@id ,\"application-billingtransfer-display-component---billingWorkbench--smartFilterBar-btnBasicSearch\")]"}
RESULT: {"using":"xpath","value":"//input[contains(@id ,\"application-billingtransfer-display-component---billingWorkbench--smartFilterBar-btnBasicSearch\")]"}
COMMAND: GET /session/9d48326ae870b5d3a573a2f725ac1bbc/screenshot - {}
RESULT: {}
COMMAND: GET /session/9d48326ae870b5d3a573a2f725ac1bbc/screenshot - {}
COMMAND: GET /session/9d48326ae870b5d3a573a2f725ac1bbc/screenshot - {}
RESULT: {}
RESULT: {}
COMMAND: DELETE /session/9d48326ae870b5d3a573a2f725ac1bbc - {}
RESULT: {}
]]></system-out>
      <system-err><![CDATA[
Error: element ("//input[contains(@id ,"application-billingtransfer-display-component---billingWorkbench--smartFilterBar-btnBasicSearch")]") still not existing after 45000ms
    at async UtilsPrerequisites.narrowDownSearchBT (D:\a\1\s\test\specs\BTS\prerequisites-and-utils-functions.js:2882:9)
    at async UtilsPrerequisites.billingTransfer (D:\a\1\s\test\specs\BTS\prerequisites-and-utils-functions.js:2807:9)
    at async Context.<anonymous> (D:\a\1\s\test\specs\BTS\reverse-billing.spec.js:95:9)
]]></system-err>
    </testcase>
  </testsuite>
</testsuites>