<?xml version="1.0" encoding="UTF-8"?>
<testsuites tests="9" failures="3" errors="3" skipped="0">
  <testsuite timestamp="2025-05-20T17:56:41" time="735.222" tests="9" failures="3" errors="3" skipped="0">
    <properties>
      <property name="specId" value="0" />
      <property name="suiteName" value="Address Management Tests US156181 US151165 US151160 US156180 US156178 US151157 US151172 US151170 US151166 US151168" />
      <property name="capabilities" value="chrome.136_0_7103_93.windows" />
      <property name="file" value="file:///D:/a/1/s/test/specs/BTS/address-management.spec.js" />
    </properties>
    <testcase classname="chrome.136_0_7103_93.windows.Address_Management_Tests_US156181_US151165_US151160_US156180_US156178_US151157_US151172_US151170_US151166_US151168" name="Step 1 Will check existence of address created with generated name if none then we create US156181" time="61.276">
      <system-out><![CDATA[
COMMAND: POST /session/aaa2196e0cc28a85667eac86cc648f96/execute/async - {"script":"<script> [1562 bytes]","args":[{"selector":{"controlType":"sap.m.GenericTile","properties":{"header":"Address Management"}},"wdio_ui5_key":"sapm.GenericTile{\"header\":\"Address Management\"}"}]}
RESULT: {"script":"<script> [1562 bytes]","args":[{"selector":{"controlType":"sap.m.GenericTile","properties":{"header":"Address Management"}},"wdio_ui5_key":"sapm.GenericTile{\"header\":\"Address Management\"}"}]}
RESULT: undefined
COMMAND: POST /session/aaa2196e0cc28a85667eac86cc648f96/element - {"using":"xpath","value":"//*[@id=\"__tile33\"]"}
RESULT: {"using":"xpath","value":"//*[@id=\"__tile33\"]"}
COMMAND: POST /session/aaa2196e0cc28a85667eac86cc648f96/element/f.A87C3F4270506D018A97FB8878CFBCAF.d.C0964AB546CA6830B434383AEA31F7D6.e.214/click - {}
RESULT: {}
COMMAND: GET /session/aaa2196e0cc28a85667eac86cc648f96/screenshot - {}
RESULT: {}
COMMAND: POST /session/aaa2196e0cc28a85667eac86cc648f96/elements - {"using":"xpath","value":"//span[text()='Error']"}
RESULT: {"using":"xpath","value":"//span[text()='Error']"}
COMMAND: POST /session/aaa2196e0cc28a85667eac86cc648f96/element - {"using":"xpath","value":"//button[@data-kt=\"addButton\"]"}
RESULT: {"using":"xpath","value":"//button[@data-kt=\"addButton\"]"}
COMMAND: POST /session/aaa2196e0cc28a85667eac86cc648f96/elements - {"using":"xpath","value":"//button[@data-kt=\"addButton\"]"}
RESULT: {"using":"xpath","value":"//button[@data-kt=\"addButton\"]"}
COMMAND: POST /session/aaa2196e0cc28a85667eac86cc648f96/execute/sync - {"script":"<script> [8489 bytes]","args":[{"element-6066-11e4-a52e-4f735466cecf":"f.A87C3F4270506D018A97FB8878CFBCAF.d.C0964AB546CA6830B434383AEA31F7D6.e.292","ELEMENT":"f.A87C3F4270506D018A97FB8878CFBCAF.d.C0964AB546CA6830B434383AEA31F7D6.e.292"}]}
RESULT: {"script":"<script> [8489 bytes]","args":[{"element-6066-11e4-a52e-4f735466cecf":"f.A87C3F4270506D018A97FB8878CFBCAF.d.C0964AB546CA6830B434383AEA31F7D6.e.292","ELEMENT":"f.A87C3F4270506D018A97FB8878CFBCAF.d.C0964AB546CA6830B434383AEA31F7D6.e.292"}]}
COMMAND: GET /session/aaa2196e0cc28a85667eac86cc648f96/element/f.A87C3F4270506D018A97FB8878CFBCAF.d.C0964AB546CA6830B434383AEA31F7D6.e.292/enabled - {}
COMMAND: GET /session/aaa2196e0cc28a85667eac86cc648f96/screenshot - {}
RESULT: {}
COMMAND: POST /session/aaa2196e0cc28a85667eac86cc648f96/execute/sync - {"script":"<script> [8489 bytes]","args":[{"element-6066-11e4-a52e-4f735466cecf":"f.A87C3F4270506D018A97FB8878CFBCAF.d.C0964AB546CA6830B434383AEA31F7D6.e.292","ELEMENT":"f.A87C3F4270506D018A97FB8878CFBCAF.d.C0964AB546CA6830B434383AEA31F7D6.e.292"}]}
COMMAND: GET /session/aaa2196e0cc28a85667eac86cc648f96/screenshot - {}
RESULT: {}
RESULT: {"script":"<script> [8489 bytes]","args":[{"element-6066-11e4-a52e-4f735466cecf":"f.A87C3F4270506D018A97FB8878CFBCAF.d.C0964AB546CA6830B434383AEA31F7D6.e.292","ELEMENT":"f.A87C3F4270506D018A97FB8878CFBCAF.d.C0964AB546CA6830B434383AEA31F7D6.e.292"}]}
COMMAND: POST /session/aaa2196e0cc28a85667eac86cc648f96/execute/sync - {"script":"<script> [5351 bytes]","args":[{"element-6066-11e4-a52e-4f735466cecf":"f.A87C3F4270506D018A97FB8878CFBCAF.d.C0964AB546CA6830B434383AEA31F7D6.e.292","ELEMENT":"f.A87C3F4270506D018A97FB8878CFBCAF.d.C0964AB546CA6830B434383AEA31F7D6.e.292"}]}
COMMAND: GET /session/aaa2196e0cc28a85667eac86cc648f96/screenshot - {}
RESULT: {}
RESULT: {"script":"<script> [5351 bytes]","args":[{"element-6066-11e4-a52e-4f735466cecf":"f.A87C3F4270506D018A97FB8878CFBCAF.d.C0964AB546CA6830B434383AEA31F7D6.e.292","ELEMENT":"f.A87C3F4270506D018A97FB8878CFBCAF.d.C0964AB546CA6830B434383AEA31F7D6.e.292"}]}
COMMAND: GET /session/aaa2196e0cc28a85667eac86cc648f96/screenshot - {}
RESULT: {}
RESULT: {}
COMMAND: POST /session/aaa2196e0cc28a85667eac86cc648f96/execute/async - {"script":"<script> [1562 bytes]","args":[{"selector":{"id":"application-addressmanagement-display-component---masterAdm--smartFilterBar-btnBasicSearch","interaction":{"idSuffix":"I"}},"wdio_ui5_key":"applicationaddressmanagement-display-component---masterAdm--smartFilterBar-btnBasicSearch"}]}
RESULT: {"script":"<script> [1562 bytes]","args":[{"selector":{"id":"application-addressmanagement-display-component---masterAdm--smartFilterBar-btnBasicSearch","interaction":{"idSuffix":"I"}},"wdio_ui5_key":"applicationaddressmanagement-display-component---masterAdm--smartFilterBar-btnBasicSearch"}]}
RESULT: undefined
COMMAND: POST /session/aaa2196e0cc28a85667eac86cc648f96/execute/async - {"script":"<script> [776 bytes]","args":[{"enterText":"b1jWDJrBKD","selector":{"id":"application-addressmanagement-display-component---masterAdm--smartFilterBar-btnBasicSearch","interaction":{"idSuffix":"I"}},"clearTextFirst":true,"interactionType":"ENTER_TEXT"}]}
RESULT: {"script":"<script> [776 bytes]","args":[{"enterText":"b1jWDJrBKD","selector":{"id":"application-addressmanagement-display-component---masterAdm--smartFilterBar-btnBasicSearch","interaction":{"idSuffix":"I"}},"clearTextFirst":true,"interactionType":"ENTER_TEXT"}]}
COMMAND: POST /session/aaa2196e0cc28a85667eac86cc648f96/actions - {"actions":[{"id":"action1","type":"key","parameters":{},"actions":[{"type":"keyDown","value":"î€‡"},{"type":"pause","duration":10},{"type":"keyUp","value":"î€‡"}]}]}
RESULT: {"actions":[{"id":"action1","type":"key","parameters":{},"actions":[{"type":"keyDown","value":"î€‡"},{"type":"pause","duration":10},{"type":"keyUp","value":"î€‡"}]}]}
COMMAND: GET /session/aaa2196e0cc28a85667eac86cc648f96/screenshot - {}
RESULT: {}
COMMAND: POST /session/aaa2196e0cc28a85667eac86cc648f96/elements - {"using":"xpath","value":"//table[contains(@id, \"customPersonsAddressesTable-listUl\")]/tbody/tr"}
RESULT: {"using":"xpath","value":"//table[contains(@id, \"customPersonsAddressesTable-listUl\")]/tbody/tr"}
COMMAND: POST /session/aaa2196e0cc28a85667eac86cc648f96/element - {"using":"xpath","value":"//table[contains(@id, \"customPersonsAddressesTable-listUl\")]/tbody/tr[1]/td[5]/span/span"}
RESULT: {"using":"xpath","value":"//table[contains(@id, \"customPersonsAddressesTable-listUl\")]/tbody/tr[1]/td[5]/span/span"}
COMMAND: POST /session/aaa2196e0cc28a85667eac86cc648f96/element - {"using":"xpath","value":"//table[contains(@id, \"customPersonsAddressesTable-listUl\")]/tbody/tr[1]/td[3]/span"}
RESULT: {"using":"xpath","value":"//table[contains(@id, \"customPersonsAddressesTable-listUl\")]/tbody/tr[1]/td[3]/span"}
COMMAND: POST /session/aaa2196e0cc28a85667eac86cc648f96/elements - {"using":"xpath","value":"//table[contains(@id, \"customPersonsAddressesTable-listUl\")]/tbody/tr[1]/td[5]/span/span"}
RESULT: {"using":"xpath","value":"//table[contains(@id, \"customPersonsAddressesTable-listUl\")]/tbody/tr[1]/td[5]/span/span"}
COMMAND: POST /session/aaa2196e0cc28a85667eac86cc648f96/element - {"using":"xpath","value":"//span[@id=\"application-addressmanagement-display-component---masterAdm--smartTable-header-inner\"]"}
RESULT: {"using":"xpath","value":"//span[@id=\"application-addressmanagement-display-component---masterAdm--smartTable-header-inner\"]"}
COMMAND: POST /session/aaa2196e0cc28a85667eac86cc648f96/elements - {"using":"xpath","value":"//span[@id=\"application-addressmanagement-display-component---masterAdm--smartTable-header-inner\"]"}
RESULT: {"using":"xpath","value":"//span[@id=\"application-addressmanagement-display-component---masterAdm--smartTable-header-inner\"]"}
COMMAND: POST /session/aaa2196e0cc28a85667eac86cc648f96/execute/sync - {"script":"<script> [56 bytes]","args":[{"element-6066-11e4-a52e-4f735466cecf":"f.A87C3F4270506D018A97FB8878CFBCAF.d.C0964AB546CA6830B434383AEA31F7D6.e.433","ELEMENT":"f.A87C3F4270506D018A97FB8878CFBCAF.d.C0964AB546CA6830B434383AEA31F7D6.e.433"}]}
RESULT: {"script":"<script> [56 bytes]","args":[{"element-6066-11e4-a52e-4f735466cecf":"f.A87C3F4270506D018A97FB8878CFBCAF.d.C0964AB546CA6830B434383AEA31F7D6.e.433","ELEMENT":"f.A87C3F4270506D018A97FB8878CFBCAF.d.C0964AB546CA6830B434383AEA31F7D6.e.433"}]}
COMMAND: POST /session/aaa2196e0cc28a85667eac86cc648f96/element - {"using":"xpath","value":"//button[@data-kt=\"addButton\"]"}
COMMAND: GET /session/aaa2196e0cc28a85667eac86cc648f96/screenshot - {}
RESULT: {"using":"xpath","value":"//button[@data-kt=\"addButton\"]"}
COMMAND: POST /session/aaa2196e0cc28a85667eac86cc648f96/element/f.A87C3F4270506D018A97FB8878CFBCAF.d.C0964AB546CA6830B434383AEA31F7D6.e.292/click - {}
RESULT: {}
RESULT: {}
COMMAND: GET /session/aaa2196e0cc28a85667eac86cc648f96/screenshot - {}
RESULT: {}
COMMAND: POST /session/aaa2196e0cc28a85667eac86cc648f96/execute/async - {"script":"<script> [1562 bytes]","args":[{"selector":{"controlType":"sap.ui.core.Icon","viewName":"etm.portal.ui.addressmanagement.view.NewAddress","properties":{"src":{"regex":{"source":"slim\\-arrow\\-down"}}},"ancestor":{"id":"addressTitle","viewName":"etm.portal.ui.addressmanagement.view.NewAddress"}},"wdio_ui5_key":"etmportal.ui.addressmanagement.view.NewAddresssap.ui.core.Icon{\"src\":{\"regex\":{\"source\":\"slim\\\\-arrow\\\\-down\"}}}{\"id\":\"addressTitle\",\"viewName\":\"etm.portal.ui.addressmanagement.view.NewAddress\"}"}]}
RESULT: {"script":"<script> [1562 bytes]","args":[{"selector":{"controlType":"sap.ui.core.Icon","viewName":"etm.portal.ui.addressmanagement.view.NewAddress","properties":{"src":{"regex":{"source":"slim\\-arrow\\-down"}}},"ancestor":{"id":"addressTitle","viewName":"etm.portal.ui.addressmanagement.view.NewAddress"}},"wdio_ui5_key":"etmportal.ui.addressmanagement.view.NewAddresssap.ui.core.Icon{\"src\":{\"regex\":{\"source\":\"slim\\\\-arrow\\\\-down\"}}}{\"id\":\"addressTitle\",\"viewName\":\"etm.portal.ui.addressmanagement.view.NewAddress\"}"}]}
RESULT: undefined
COMMAND: POST /session/aaa2196e0cc28a85667eac86cc648f96/element - {"using":"xpath","value":"//*[@id=\"__xmlview58--addressTitle-arrow\"]"}
RESULT: {"using":"xpath","value":"//*[@id=\"__xmlview58--addressTitle-arrow\"]"}
COMMAND: POST /session/aaa2196e0cc28a85667eac86cc648f96/element/f.A87C3F4270506D018A97FB8878CFBCAF.d.C0964AB546CA6830B434383AEA31F7D6.e.566/click - {}
RESULT: {}
COMMAND: GET /session/aaa2196e0cc28a85667eac86cc648f96/screenshot - {}
RESULT: {}
COMMAND: POST /session/aaa2196e0cc28a85667eac86cc648f96/element - {"using":"xpath","value":"//li[.//span[text()=\"Dr.\"]]"}
RESULT: {"using":"xpath","value":"//li[.//span[text()=\"Dr.\"]]"}
COMMAND: POST /session/aaa2196e0cc28a85667eac86cc648f96/element/f.A87C3F4270506D018A97FB8878CFBCAF.d.C0964AB546CA6830B434383AEA31F7D6.e.567/click - {}
RESULT: {}
COMMAND: POST /session/aaa2196e0cc28a85667eac86cc648f96/execute/async - {"script":"<script> [1562 bytes]","args":[{"selector":{"controlType":"sap.ui.core.Icon","viewName":"etm.portal.ui.addressmanagement.view.NewAddress","properties":{"src":{"regex":{"source":"slim\\-arrow\\-down"}}},"ancestor":{"id":"addressDetailDetailsLanguage","viewName":"etm.portal.ui.addressmanagement.view.NewAddress"}},"wdio_ui5_key":"etmportal.ui.addressmanagement.view.NewAddresssap.ui.core.Icon{\"src\":{\"regex\":{\"source\":\"slim\\\\-arrow\\\\-down\"}}}{\"id\":\"addressDetailDetailsLanguage\",\"viewName\":\"etm.portal.ui.addressmanagement.view.NewAddress\"}"}]}
COMMAND: GET /session/aaa2196e0cc28a85667eac86cc648f96/screenshot - {}
RESULT: {"script":"<script> [1562 bytes]","args":[{"selector":{"controlType":"sap.ui.core.Icon","viewName":"etm.portal.ui.addressmanagement.view.NewAddress","properties":{"src":{"regex":{"source":"slim\\-arrow\\-down"}}},"ancestor":{"id":"addressDetailDetailsLanguage","viewName":"etm.portal.ui.addressmanagement.view.NewAddress"}},"wdio_ui5_key":"etmportal.ui.addressmanagement.view.NewAddresssap.ui.core.Icon{\"src\":{\"regex\":{\"source\":\"slim\\\\-arrow\\\\-down\"}}}{\"id\":\"addressDetailDetailsLanguage\",\"viewName\":\"etm.portal.ui.addressmanagement.view.NewAddress\"}"}]}
RESULT: undefined
COMMAND: POST /session/aaa2196e0cc28a85667eac86cc648f96/element - {"using":"xpath","value":"//*[@id=\"__xmlview58--addressDetailDetailsLanguage-arrow\"]"}
RESULT: {}
RESULT: {"using":"xpath","value":"//*[@id=\"__xmlview58--addressDetailDetailsLanguage-arrow\"]"}
COMMAND: POST /session/aaa2196e0cc28a85667eac86cc648f96/element/f.A87C3F4270506D018A97FB8878CFBCAF.d.C0964AB546CA6830B434383AEA31F7D6.e.498/click - {}
RESULT: {}
COMMAND: GET /session/aaa2196e0cc28a85667eac86cc648f96/screenshot - {}
RESULT: {}
COMMAND: POST /session/aaa2196e0cc28a85667eac86cc648f96/element - {"using":"xpath","value":"//span[contains(text(), \"English\")]"}
RESULT: {"using":"xpath","value":"//span[contains(text(), \"English\")]"}
COMMAND: POST /session/aaa2196e0cc28a85667eac86cc648f96/element/f.A87C3F4270506D018A97FB8878CFBCAF.d.C0964AB546CA6830B434383AEA31F7D6.e.568/click - {}
RESULT: {}
COMMAND: POST /session/aaa2196e0cc28a85667eac86cc648f96/execute/async - {"script":"<script> [1562 bytes]","args":[{"selector":{"controlType":"sap.m.Input","viewName":"etm.portal.ui.addressmanagement.view.NewAddress","labelFor":{"text":"Name"},"interaction":{"idSuffix":"inner"}},"wdio_ui5_key":"etmportal.ui.addressmanagement.view.NewAddresssap.m.Input{\"text\":\"Name\"}"}]}
COMMAND: GET /session/aaa2196e0cc28a85667eac86cc648f96/screenshot - {}
RESULT: {"script":"<script> [1562 bytes]","args":[{"selector":{"controlType":"sap.m.Input","viewName":"etm.portal.ui.addressmanagement.view.NewAddress","labelFor":{"text":"Name"},"interaction":{"idSuffix":"inner"}},"wdio_ui5_key":"etmportal.ui.addressmanagement.view.NewAddresssap.m.Input{\"text\":\"Name\"}"}]}
RESULT: undefined
COMMAND: POST /session/aaa2196e0cc28a85667eac86cc648f96/execute/async - {"script":"<script> [776 bytes]","args":[{"enterText":"b1jWDJrBKD","selector":{"controlType":"sap.m.Input","viewName":"etm.portal.ui.addressmanagement.view.NewAddress","labelFor":{"text":"Name"},"interaction":{"idSuffix":"inner"}},"clearTextFirst":true,"interactionType":"ENTER_TEXT"}]}
RESULT: {}
RESULT: {"script":"<script> [776 bytes]","args":[{"enterText":"b1jWDJrBKD","selector":{"controlType":"sap.m.Input","viewName":"etm.portal.ui.addressmanagement.view.NewAddress","labelFor":{"text":"Name"},"interaction":{"idSuffix":"inner"}},"clearTextFirst":true,"interactionType":"ENTER_TEXT"}]}
COMMAND: POST /session/aaa2196e0cc28a85667eac86cc648f96/element - {"using":"xpath","value":"//button[@title=\"Save\"]"}
RESULT: {"using":"xpath","value":"//button[@title=\"Save\"]"}
COMMAND: POST /session/aaa2196e0cc28a85667eac86cc648f96/element/f.A87C3F4270506D018A97FB8878CFBCAF.d.C0964AB546CA6830B434383AEA31F7D6.e.555/click - {}
RESULT: {}
COMMAND: GET /session/aaa2196e0cc28a85667eac86cc648f96/screenshot - {}
RESULT: {}
COMMAND: POST /session/aaa2196e0cc28a85667eac86cc648f96/element - {"using":"xpath","value":"//header[contains(@id, \"application-addressmanagement-display-component---detailAdm--ObjectPageLayout-headerTitle\")]/div[1]/div[3]/div[2]/span"}
RESULT: {"using":"xpath","value":"//header[contains(@id, \"application-addressmanagement-display-component---detailAdm--ObjectPageLayout-headerTitle\")]/div[1]/div[3]/div[2]/span"}
COMMAND: POST /session/aaa2196e0cc28a85667eac86cc648f96/elements - {"using":"xpath","value":"//header[contains(@id, \"application-addressmanagement-display-component---detailAdm--ObjectPageLayout-headerTitle\")]/div[1]/div[3]/div[2]/span"}
RESULT: {"using":"xpath","value":"//header[contains(@id, \"application-addressmanagement-display-component---detailAdm--ObjectPageLayout-headerTitle\")]/div[1]/div[3]/div[2]/span"}
COMMAND: POST /session/aaa2196e0cc28a85667eac86cc648f96/execute/sync - {"script":"<script> [56 bytes]","args":[{"element-6066-11e4-a52e-4f735466cecf":"f.A87C3F4270506D018A97FB8878CFBCAF.d.C0964AB546CA6830B434383AEA31F7D6.e.602","ELEMENT":"f.A87C3F4270506D018A97FB8878CFBCAF.d.C0964AB546CA6830B434383AEA31F7D6.e.602"}]}
RESULT: {"script":"<script> [56 bytes]","args":[{"element-6066-11e4-a52e-4f735466cecf":"f.A87C3F4270506D018A97FB8878CFBCAF.d.C0964AB546CA6830B434383AEA31F7D6.e.602","ELEMENT":"f.A87C3F4270506D018A97FB8878CFBCAF.d.C0964AB546CA6830B434383AEA31F7D6.e.602"}]}
COMMAND: GET /session/aaa2196e0cc28a85667eac86cc648f96/screenshot - {}
RESULT: {}
COMMAND: POST /session/aaa2196e0cc28a85667eac86cc648f96/element - {"using":"css selector","value":"#shell-header-logo"}
RESULT: {"using":"css selector","value":"#shell-header-logo"}
COMMAND: POST /session/aaa2196e0cc28a85667eac86cc648f96/element/f.A87C3F4270506D018A97FB8878CFBCAF.d.C0964AB546CA6830B434383AEA31F7D6.e.255/click - {}
RESULT: {}
COMMAND: GET /session/aaa2196e0cc28a85667eac86cc648f96/screenshot - {}
RESULT: {}
]]></system-out>
    </testcase>
    <testcase classname="chrome.136_0_7103_93.windows.Address_Management_Tests_US156181_US151165_US151160_US156180_US156178_US151157_US151172_US151170_US151166_US151168" name="Step 2 Should deactivate the created address in earlier step US151165" time="40.255">
      <system-out><![CDATA[
RESULT: undefined
COMMAND: POST /session/aaa2196e0cc28a85667eac86cc648f96/element - {"using":"xpath","value":"//*[@id=\"__tile33\"]"}
RESULT: {"using":"xpath","value":"//*[@id=\"__tile33\"]"}
COMMAND: POST /session/aaa2196e0cc28a85667eac86cc648f96/element/f.A87C3F4270506D018A97FB8878CFBCAF.d.C0964AB546CA6830B434383AEA31F7D6.e.214/click - {}
RESULT: {}
COMMAND: GET /session/aaa2196e0cc28a85667eac86cc648f96/screenshot - {}
RESULT: {}
COMMAND: POST /session/aaa2196e0cc28a85667eac86cc648f96/elements - {"using":"xpath","value":"//span[text()='Error']"}
RESULT: {"using":"xpath","value":"//span[text()='Error']"}
COMMAND: POST /session/aaa2196e0cc28a85667eac86cc648f96/element - {"using":"xpath","value":"//button[@data-kt=\"addButton\"]"}
RESULT: {"using":"xpath","value":"//button[@data-kt=\"addButton\"]"}
COMMAND: POST /session/aaa2196e0cc28a85667eac86cc648f96/elements - {"using":"xpath","value":"//button[@data-kt=\"addButton\"]"}
RESULT: {"using":"xpath","value":"//button[@data-kt=\"addButton\"]"}
COMMAND: POST /session/aaa2196e0cc28a85667eac86cc648f96/execute/sync - {"script":"<script> [8489 bytes]","args":[{"element-6066-11e4-a52e-4f735466cecf":"f.A87C3F4270506D018A97FB8878CFBCAF.d.C0964AB546CA6830B434383AEA31F7D6.e.668","ELEMENT":"f.A87C3F4270506D018A97FB8878CFBCAF.d.C0964AB546CA6830B434383AEA31F7D6.e.668"}]}
RESULT: {"script":"<script> [8489 bytes]","args":[{"element-6066-11e4-a52e-4f735466cecf":"f.A87C3F4270506D018A97FB8878CFBCAF.d.C0964AB546CA6830B434383AEA31F7D6.e.668","ELEMENT":"f.A87C3F4270506D018A97FB8878CFBCAF.d.C0964AB546CA6830B434383AEA31F7D6.e.668"}]}
COMMAND: GET /session/aaa2196e0cc28a85667eac86cc648f96/element/f.A87C3F4270506D018A97FB8878CFBCAF.d.C0964AB546CA6830B434383AEA31F7D6.e.668/enabled - {}
COMMAND: GET /session/aaa2196e0cc28a85667eac86cc648f96/screenshot - {}
RESULT: {}
COMMAND: POST /session/aaa2196e0cc28a85667eac86cc648f96/execute/sync - {"script":"<script> [8489 bytes]","args":[{"element-6066-11e4-a52e-4f735466cecf":"f.A87C3F4270506D018A97FB8878CFBCAF.d.C0964AB546CA6830B434383AEA31F7D6.e.668","ELEMENT":"f.A87C3F4270506D018A97FB8878CFBCAF.d.C0964AB546CA6830B434383AEA31F7D6.e.668"}]}
COMMAND: GET /session/aaa2196e0cc28a85667eac86cc648f96/screenshot - {}
RESULT: {}
RESULT: {"script":"<script> [8489 bytes]","args":[{"element-6066-11e4-a52e-4f735466cecf":"f.A87C3F4270506D018A97FB8878CFBCAF.d.C0964AB546CA6830B434383AEA31F7D6.e.668","ELEMENT":"f.A87C3F4270506D018A97FB8878CFBCAF.d.C0964AB546CA6830B434383AEA31F7D6.e.668"}]}
COMMAND: POST /session/aaa2196e0cc28a85667eac86cc648f96/execute/sync - {"script":"<script> [5351 bytes]","args":[{"element-6066-11e4-a52e-4f735466cecf":"f.A87C3F4270506D018A97FB8878CFBCAF.d.C0964AB546CA6830B434383AEA31F7D6.e.668","ELEMENT":"f.A87C3F4270506D018A97FB8878CFBCAF.d.C0964AB546CA6830B434383AEA31F7D6.e.668"}]}
COMMAND: GET /session/aaa2196e0cc28a85667eac86cc648f96/screenshot - {}
RESULT: {}
RESULT: {"script":"<script> [5351 bytes]","args":[{"element-6066-11e4-a52e-4f735466cecf":"f.A87C3F4270506D018A97FB8878CFBCAF.d.C0964AB546CA6830B434383AEA31F7D6.e.668","ELEMENT":"f.A87C3F4270506D018A97FB8878CFBCAF.d.C0964AB546CA6830B434383AEA31F7D6.e.668"}]}
COMMAND: GET /session/aaa2196e0cc28a85667eac86cc648f96/screenshot - {}
RESULT: {}
RESULT: {}
RESULT: undefined
COMMAND: POST /session/aaa2196e0cc28a85667eac86cc648f96/execute/async - {"script":"<script> [776 bytes]","args":[{"enterText":"b1jWDJrBKD","selector":{"id":"application-addressmanagement-display-component---masterAdm--smartFilterBar-btnBasicSearch","interaction":{"idSuffix":"I"}},"clearTextFirst":true,"interactionType":"ENTER_TEXT"}]}
RESULT: {"script":"<script> [776 bytes]","args":[{"enterText":"b1jWDJrBKD","selector":{"id":"application-addressmanagement-display-component---masterAdm--smartFilterBar-btnBasicSearch","interaction":{"idSuffix":"I"}},"clearTextFirst":true,"interactionType":"ENTER_TEXT"}]}
COMMAND: POST /session/aaa2196e0cc28a85667eac86cc648f96/actions - {"actions":[{"id":"action2","type":"key","parameters":{},"actions":[{"type":"keyDown","value":"î€‡"},{"type":"pause","duration":10},{"type":"keyUp","value":"î€‡"}]}]}
RESULT: {"actions":[{"id":"action2","type":"key","parameters":{},"actions":[{"type":"keyDown","value":"î€‡"},{"type":"pause","duration":10},{"type":"keyUp","value":"î€‡"}]}]}
COMMAND: GET /session/aaa2196e0cc28a85667eac86cc648f96/screenshot - {}
RESULT: {}
COMMAND: POST /session/aaa2196e0cc28a85667eac86cc648f96/elements - {"using":"xpath","value":"//table[contains(@id, \"customPersonsAddressesTable-listUl\")]/tbody/tr"}
RESULT: {"using":"xpath","value":"//table[contains(@id, \"customPersonsAddressesTable-listUl\")]/tbody/tr"}
COMMAND: POST /session/aaa2196e0cc28a85667eac86cc648f96/element - {"using":"xpath","value":"//table[contains(@id, \"customPersonsAddressesTable-listUl\")]/tbody/tr[1]/td[5]/span/span"}
RESULT: {"using":"xpath","value":"//table[contains(@id, \"customPersonsAddressesTable-listUl\")]/tbody/tr[1]/td[5]/span/span"}
COMMAND: POST /session/aaa2196e0cc28a85667eac86cc648f96/element - {"using":"xpath","value":"//table[contains(@id, \"customPersonsAddressesTable-listUl\")]/tbody/tr[1]/td[3]/span"}
RESULT: {"using":"xpath","value":"//table[contains(@id, \"customPersonsAddressesTable-listUl\")]/tbody/tr[1]/td[3]/span"}
COMMAND: POST /session/aaa2196e0cc28a85667eac86cc648f96/elements - {"using":"xpath","value":"//table[contains(@id, \"customPersonsAddressesTable-listUl\")]/tbody/tr[1]/td[5]/span/span"}
RESULT: {"using":"xpath","value":"//table[contains(@id, \"customPersonsAddressesTable-listUl\")]/tbody/tr[1]/td[5]/span/span"}
COMMAND: POST /session/aaa2196e0cc28a85667eac86cc648f96/execute/sync - {"script":"<script> [56 bytes]","args":[{"element-6066-11e4-a52e-4f735466cecf":"f.A87C3F4270506D018A97FB8878CFBCAF.d.C0964AB546CA6830B434383AEA31F7D6.e.802","ELEMENT":"f.A87C3F4270506D018A97FB8878CFBCAF.d.C0964AB546CA6830B434383AEA31F7D6.e.802"}]}
RESULT: {"script":"<script> [56 bytes]","args":[{"element-6066-11e4-a52e-4f735466cecf":"f.A87C3F4270506D018A97FB8878CFBCAF.d.C0964AB546CA6830B434383AEA31F7D6.e.802","ELEMENT":"f.A87C3F4270506D018A97FB8878CFBCAF.d.C0964AB546CA6830B434383AEA31F7D6.e.802"}]}
COMMAND: POST /session/aaa2196e0cc28a85667eac86cc648f96/execute/sync - {"script":"<script> [56 bytes]","args":[{"element-6066-11e4-a52e-4f735466cecf":"f.A87C3F4270506D018A97FB8878CFBCAF.d.C0964AB546CA6830B434383AEA31F7D6.e.803","ELEMENT":"f.A87C3F4270506D018A97FB8878CFBCAF.d.C0964AB546CA6830B434383AEA31F7D6.e.803"}]}
COMMAND: GET /session/aaa2196e0cc28a85667eac86cc648f96/screenshot - {}
RESULT: {"script":"<script> [56 bytes]","args":[{"element-6066-11e4-a52e-4f735466cecf":"f.A87C3F4270506D018A97FB8878CFBCAF.d.C0964AB546CA6830B434383AEA31F7D6.e.803","ELEMENT":"f.A87C3F4270506D018A97FB8878CFBCAF.d.C0964AB546CA6830B434383AEA31F7D6.e.803"}]}
COMMAND: POST /session/aaa2196e0cc28a85667eac86cc648f96/element - {"using":"xpath","value":"//table[contains(@id, \"customPersonsAddressesTable-listUl\")]/tbody/tr[1]/td[10]/div/span"}
COMMAND: GET /session/aaa2196e0cc28a85667eac86cc648f96/screenshot - {}
RESULT: {}
RESULT: {"using":"xpath","value":"//table[contains(@id, \"customPersonsAddressesTable-listUl\")]/tbody/tr[1]/td[10]/div/span"}
COMMAND: POST /session/aaa2196e0cc28a85667eac86cc648f96/execute/sync - {"script":"<script> [56 bytes]","args":[{"element-6066-11e4-a52e-4f735466cecf":"f.A87C3F4270506D018A97FB8878CFBCAF.d.C0964AB546CA6830B434383AEA31F7D6.e.804","ELEMENT":"f.A87C3F4270506D018A97FB8878CFBCAF.d.C0964AB546CA6830B434383AEA31F7D6.e.804"}]}
RESULT: {}
RESULT: {"script":"<script> [56 bytes]","args":[{"element-6066-11e4-a52e-4f735466cecf":"f.A87C3F4270506D018A97FB8878CFBCAF.d.C0964AB546CA6830B434383AEA31F7D6.e.804","ELEMENT":"f.A87C3F4270506D018A97FB8878CFBCAF.d.C0964AB546CA6830B434383AEA31F7D6.e.804"}]}
COMMAND: POST /session/aaa2196e0cc28a85667eac86cc648f96/element - {"using":"xpath","value":"//table[contains(@id, \"customPersonsAddressesTable-listUl\")]/tbody/tr[1]/td[2]/div/div"}
COMMAND: GET /session/aaa2196e0cc28a85667eac86cc648f96/screenshot - {}
RESULT: {"using":"xpath","value":"//table[contains(@id, \"customPersonsAddressesTable-listUl\")]/tbody/tr[1]/td[2]/div/div"}
COMMAND: POST /session/aaa2196e0cc28a85667eac86cc648f96/element/f.A87C3F4270506D018A97FB8878CFBCAF.d.C0964AB546CA6830B434383AEA31F7D6.e.805/click - {}
RESULT: {}
RESULT: {}
COMMAND: GET /session/aaa2196e0cc28a85667eac86cc648f96/screenshot - {}
RESULT: {}
COMMAND: POST /session/aaa2196e0cc28a85667eac86cc648f96/element - {"using":"xpath","value":"//bdi[contains(text(), \"Deactivate\")]"}
RESULT: {"using":"xpath","value":"//bdi[contains(text(), \"Deactivate\")]"}
COMMAND: POST /session/aaa2196e0cc28a85667eac86cc648f96/element/f.A87C3F4270506D018A97FB8878CFBCAF.d.C0964AB546CA6830B434383AEA31F7D6.e.806/click - {}
RESULT: {}
COMMAND: GET /session/aaa2196e0cc28a85667eac86cc648f96/screenshot - {}
RESULT: {}
COMMAND: POST /session/aaa2196e0cc28a85667eac86cc648f96/element - {"using":"xpath","value":"//bdi[contains(text(), \"Yes\")]"}
RESULT: {"using":"xpath","value":"//bdi[contains(text(), \"Yes\")]"}
COMMAND: POST /session/aaa2196e0cc28a85667eac86cc648f96/element/f.A87C3F4270506D018A97FB8878CFBCAF.d.C0964AB546CA6830B434383AEA31F7D6.e.808/click - {}
RESULT: {}
COMMAND: GET /session/aaa2196e0cc28a85667eac86cc648f96/screenshot - {}
RESULT: {}
COMMAND: POST /session/aaa2196e0cc28a85667eac86cc648f96/element - {"using":"xpath","value":"//table[contains(@id, \"customPersonsAddressesTable-listUl\")]/tbody/tr[1]/td[10]/div/span"}
RESULT: {"using":"xpath","value":"//table[contains(@id, \"customPersonsAddressesTable-listUl\")]/tbody/tr[1]/td[10]/div/span"}
COMMAND: POST /session/aaa2196e0cc28a85667eac86cc648f96/execute/sync - {"script":"<script> [56 bytes]","args":[{"element-6066-11e4-a52e-4f735466cecf":"f.A87C3F4270506D018A97FB8878CFBCAF.d.C0964AB546CA6830B434383AEA31F7D6.e.804","ELEMENT":"f.A87C3F4270506D018A97FB8878CFBCAF.d.C0964AB546CA6830B434383AEA31F7D6.e.804"}]}
RESULT: {"script":"<script> [56 bytes]","args":[{"element-6066-11e4-a52e-4f735466cecf":"f.A87C3F4270506D018A97FB8878CFBCAF.d.C0964AB546CA6830B434383AEA31F7D6.e.804","ELEMENT":"f.A87C3F4270506D018A97FB8878CFBCAF.d.C0964AB546CA6830B434383AEA31F7D6.e.804"}]}
COMMAND: GET /session/aaa2196e0cc28a85667eac86cc648f96/screenshot - {}
RESULT: {}
COMMAND: POST /session/aaa2196e0cc28a85667eac86cc648f96/element - {"using":"css selector","value":"#shell-header-logo"}
RESULT: {"using":"css selector","value":"#shell-header-logo"}
COMMAND: POST /session/aaa2196e0cc28a85667eac86cc648f96/element/f.A87C3F4270506D018A97FB8878CFBCAF.d.C0964AB546CA6830B434383AEA31F7D6.e.607/click - {}
RESULT: {}
COMMAND: GET /session/aaa2196e0cc28a85667eac86cc648f96/screenshot - {}
RESULT: {}
]]></system-out>
    </testcase>
    <testcase classname="chrome.136_0_7103_93.windows.Address_Management_Tests_US156181_US151165_US151160_US156180_US156178_US151157_US151172_US151170_US151166_US151168" name="Step 3 Should activate the created address back again US151160" time="39.57">
      <system-out><![CDATA[
RESULT: undefined
COMMAND: POST /session/aaa2196e0cc28a85667eac86cc648f96/element - {"using":"xpath","value":"//*[@id=\"__tile33\"]"}
RESULT: {"using":"xpath","value":"//*[@id=\"__tile33\"]"}
COMMAND: POST /session/aaa2196e0cc28a85667eac86cc648f96/element/f.A87C3F4270506D018A97FB8878CFBCAF.d.C0964AB546CA6830B434383AEA31F7D6.e.214/click - {}
RESULT: {}
COMMAND: GET /session/aaa2196e0cc28a85667eac86cc648f96/screenshot - {}
RESULT: {}
COMMAND: POST /session/aaa2196e0cc28a85667eac86cc648f96/elements - {"using":"xpath","value":"//span[text()='Error']"}
RESULT: {"using":"xpath","value":"//span[text()='Error']"}
COMMAND: POST /session/aaa2196e0cc28a85667eac86cc648f96/element - {"using":"xpath","value":"//button[@data-kt=\"addButton\"]"}
RESULT: {"using":"xpath","value":"//button[@data-kt=\"addButton\"]"}
COMMAND: POST /session/aaa2196e0cc28a85667eac86cc648f96/elements - {"using":"xpath","value":"//button[@data-kt=\"addButton\"]"}
RESULT: {"using":"xpath","value":"//button[@data-kt=\"addButton\"]"}
COMMAND: POST /session/aaa2196e0cc28a85667eac86cc648f96/execute/sync - {"script":"<script> [8489 bytes]","args":[{"element-6066-11e4-a52e-4f735466cecf":"f.A87C3F4270506D018A97FB8878CFBCAF.d.C0964AB546CA6830B434383AEA31F7D6.e.879","ELEMENT":"f.A87C3F4270506D018A97FB8878CFBCAF.d.C0964AB546CA6830B434383AEA31F7D6.e.879"}]}
RESULT: {"script":"<script> [8489 bytes]","args":[{"element-6066-11e4-a52e-4f735466cecf":"f.A87C3F4270506D018A97FB8878CFBCAF.d.C0964AB546CA6830B434383AEA31F7D6.e.879","ELEMENT":"f.A87C3F4270506D018A97FB8878CFBCAF.d.C0964AB546CA6830B434383AEA31F7D6.e.879"}]}
COMMAND: GET /session/aaa2196e0cc28a85667eac86cc648f96/element/f.A87C3F4270506D018A97FB8878CFBCAF.d.C0964AB546CA6830B434383AEA31F7D6.e.879/enabled - {}
COMMAND: GET /session/aaa2196e0cc28a85667eac86cc648f96/screenshot - {}
RESULT: {}
COMMAND: POST /session/aaa2196e0cc28a85667eac86cc648f96/execute/sync - {"script":"<script> [8489 bytes]","args":[{"element-6066-11e4-a52e-4f735466cecf":"f.A87C3F4270506D018A97FB8878CFBCAF.d.C0964AB546CA6830B434383AEA31F7D6.e.879","ELEMENT":"f.A87C3F4270506D018A97FB8878CFBCAF.d.C0964AB546CA6830B434383AEA31F7D6.e.879"}]}
COMMAND: GET /session/aaa2196e0cc28a85667eac86cc648f96/screenshot - {}
RESULT: {}
RESULT: {"script":"<script> [8489 bytes]","args":[{"element-6066-11e4-a52e-4f735466cecf":"f.A87C3F4270506D018A97FB8878CFBCAF.d.C0964AB546CA6830B434383AEA31F7D6.e.879","ELEMENT":"f.A87C3F4270506D018A97FB8878CFBCAF.d.C0964AB546CA6830B434383AEA31F7D6.e.879"}]}
COMMAND: POST /session/aaa2196e0cc28a85667eac86cc648f96/execute/sync - {"script":"<script> [5351 bytes]","args":[{"element-6066-11e4-a52e-4f735466cecf":"f.A87C3F4270506D018A97FB8878CFBCAF.d.C0964AB546CA6830B434383AEA31F7D6.e.879","ELEMENT":"f.A87C3F4270506D018A97FB8878CFBCAF.d.C0964AB546CA6830B434383AEA31F7D6.e.879"}]}
COMMAND: GET /session/aaa2196e0cc28a85667eac86cc648f96/screenshot - {}
RESULT: {}
RESULT: {"script":"<script> [5351 bytes]","args":[{"element-6066-11e4-a52e-4f735466cecf":"f.A87C3F4270506D018A97FB8878CFBCAF.d.C0964AB546CA6830B434383AEA31F7D6.e.879","ELEMENT":"f.A87C3F4270506D018A97FB8878CFBCAF.d.C0964AB546CA6830B434383AEA31F7D6.e.879"}]}
COMMAND: GET /session/aaa2196e0cc28a85667eac86cc648f96/screenshot - {}
RESULT: {}
RESULT: {}
RESULT: undefined
COMMAND: POST /session/aaa2196e0cc28a85667eac86cc648f96/execute/async - {"script":"<script> [776 bytes]","args":[{"enterText":"b1jWDJrBKD","selector":{"id":"application-addressmanagement-display-component---masterAdm--smartFilterBar-btnBasicSearch","interaction":{"idSuffix":"I"}},"clearTextFirst":true,"interactionType":"ENTER_TEXT"}]}
RESULT: {"script":"<script> [776 bytes]","args":[{"enterText":"b1jWDJrBKD","selector":{"id":"application-addressmanagement-display-component---masterAdm--smartFilterBar-btnBasicSearch","interaction":{"idSuffix":"I"}},"clearTextFirst":true,"interactionType":"ENTER_TEXT"}]}
COMMAND: POST /session/aaa2196e0cc28a85667eac86cc648f96/actions - {"actions":[{"id":"action3","type":"key","parameters":{},"actions":[{"type":"keyDown","value":"î€‡"},{"type":"pause","duration":10},{"type":"keyUp","value":"î€‡"}]}]}
RESULT: {"actions":[{"id":"action3","type":"key","parameters":{},"actions":[{"type":"keyDown","value":"î€‡"},{"type":"pause","duration":10},{"type":"keyUp","value":"î€‡"}]}]}
COMMAND: GET /session/aaa2196e0cc28a85667eac86cc648f96/screenshot - {}
RESULT: {}
COMMAND: POST /session/aaa2196e0cc28a85667eac86cc648f96/elements - {"using":"xpath","value":"//table[contains(@id, \"customPersonsAddressesTable-listUl\")]/tbody/tr"}
RESULT: {"using":"xpath","value":"//table[contains(@id, \"customPersonsAddressesTable-listUl\")]/tbody/tr"}
COMMAND: POST /session/aaa2196e0cc28a85667eac86cc648f96/element - {"using":"xpath","value":"//table[contains(@id, \"customPersonsAddressesTable-listUl\")]/tbody/tr[1]/td[5]/span/span"}
RESULT: {"using":"xpath","value":"//table[contains(@id, \"customPersonsAddressesTable-listUl\")]/tbody/tr[1]/td[5]/span/span"}
COMMAND: POST /session/aaa2196e0cc28a85667eac86cc648f96/element - {"using":"xpath","value":"//table[contains(@id, \"customPersonsAddressesTable-listUl\")]/tbody/tr[1]/td[3]/span"}
RESULT: {"using":"xpath","value":"//table[contains(@id, \"customPersonsAddressesTable-listUl\")]/tbody/tr[1]/td[3]/span"}
COMMAND: POST /session/aaa2196e0cc28a85667eac86cc648f96/elements - {"using":"xpath","value":"//table[contains(@id, \"customPersonsAddressesTable-listUl\")]/tbody/tr[1]/td[5]/span/span"}
RESULT: {"using":"xpath","value":"//table[contains(@id, \"customPersonsAddressesTable-listUl\")]/tbody/tr[1]/td[5]/span/span"}
COMMAND: POST /session/aaa2196e0cc28a85667eac86cc648f96/execute/sync - {"script":"<script> [56 bytes]","args":[{"element-6066-11e4-a52e-4f735466cecf":"f.A87C3F4270506D018A97FB8878CFBCAF.d.C0964AB546CA6830B434383AEA31F7D6.e.1013","ELEMENT":"f.A87C3F4270506D018A97FB8878CFBCAF.d.C0964AB546CA6830B434383AEA31F7D6.e.1013"}]}
RESULT: {"script":"<script> [56 bytes]","args":[{"element-6066-11e4-a52e-4f735466cecf":"f.A87C3F4270506D018A97FB8878CFBCAF.d.C0964AB546CA6830B434383AEA31F7D6.e.1013","ELEMENT":"f.A87C3F4270506D018A97FB8878CFBCAF.d.C0964AB546CA6830B434383AEA31F7D6.e.1013"}]}
COMMAND: POST /session/aaa2196e0cc28a85667eac86cc648f96/execute/sync - {"script":"<script> [56 bytes]","args":[{"element-6066-11e4-a52e-4f735466cecf":"f.A87C3F4270506D018A97FB8878CFBCAF.d.C0964AB546CA6830B434383AEA31F7D6.e.1014","ELEMENT":"f.A87C3F4270506D018A97FB8878CFBCAF.d.C0964AB546CA6830B434383AEA31F7D6.e.1014"}]}
COMMAND: GET /session/aaa2196e0cc28a85667eac86cc648f96/screenshot - {}
RESULT: {"script":"<script> [56 bytes]","args":[{"element-6066-11e4-a52e-4f735466cecf":"f.A87C3F4270506D018A97FB8878CFBCAF.d.C0964AB546CA6830B434383AEA31F7D6.e.1014","ELEMENT":"f.A87C3F4270506D018A97FB8878CFBCAF.d.C0964AB546CA6830B434383AEA31F7D6.e.1014"}]}
COMMAND: POST /session/aaa2196e0cc28a85667eac86cc648f96/element - {"using":"xpath","value":"//table[contains(@id, \"customPersonsAddressesTable-listUl\")]/tbody/tr[1]/td[10]/div/span"}
COMMAND: GET /session/aaa2196e0cc28a85667eac86cc648f96/screenshot - {}
RESULT: {}
RESULT: {"using":"xpath","value":"//table[contains(@id, \"customPersonsAddressesTable-listUl\")]/tbody/tr[1]/td[10]/div/span"}
COMMAND: POST /session/aaa2196e0cc28a85667eac86cc648f96/execute/sync - {"script":"<script> [56 bytes]","args":[{"element-6066-11e4-a52e-4f735466cecf":"f.A87C3F4270506D018A97FB8878CFBCAF.d.C0964AB546CA6830B434383AEA31F7D6.e.1015","ELEMENT":"f.A87C3F4270506D018A97FB8878CFBCAF.d.C0964AB546CA6830B434383AEA31F7D6.e.1015"}]}
RESULT: {}
RESULT: {"script":"<script> [56 bytes]","args":[{"element-6066-11e4-a52e-4f735466cecf":"f.A87C3F4270506D018A97FB8878CFBCAF.d.C0964AB546CA6830B434383AEA31F7D6.e.1015","ELEMENT":"f.A87C3F4270506D018A97FB8878CFBCAF.d.C0964AB546CA6830B434383AEA31F7D6.e.1015"}]}
COMMAND: POST /session/aaa2196e0cc28a85667eac86cc648f96/element - {"using":"xpath","value":"//table[contains(@id, \"customPersonsAddressesTable-listUl\")]/tbody/tr[1]/td[2]/div/div"}
COMMAND: GET /session/aaa2196e0cc28a85667eac86cc648f96/screenshot - {}
RESULT: {"using":"xpath","value":"//table[contains(@id, \"customPersonsAddressesTable-listUl\")]/tbody/tr[1]/td[2]/div/div"}
COMMAND: POST /session/aaa2196e0cc28a85667eac86cc648f96/element/f.A87C3F4270506D018A97FB8878CFBCAF.d.C0964AB546CA6830B434383AEA31F7D6.e.1016/click - {}
RESULT: {}
RESULT: {}
COMMAND: GET /session/aaa2196e0cc28a85667eac86cc648f96/screenshot - {}
RESULT: {}
COMMAND: POST /session/aaa2196e0cc28a85667eac86cc648f96/element - {"using":"xpath","value":"//bdi[contains(text(), \"Activate\")]"}
RESULT: {"using":"xpath","value":"//bdi[contains(text(), \"Activate\")]"}
COMMAND: POST /session/aaa2196e0cc28a85667eac86cc648f96/element/f.A87C3F4270506D018A97FB8878CFBCAF.d.C0964AB546CA6830B434383AEA31F7D6.e.1017/click - {}
RESULT: {}
COMMAND: GET /session/aaa2196e0cc28a85667eac86cc648f96/screenshot - {}
RESULT: {}
COMMAND: POST /session/aaa2196e0cc28a85667eac86cc648f96/element - {"using":"xpath","value":"//bdi[contains(text(), \"Yes\")]"}
RESULT: {"using":"xpath","value":"//bdi[contains(text(), \"Yes\")]"}
COMMAND: POST /session/aaa2196e0cc28a85667eac86cc648f96/element/f.A87C3F4270506D018A97FB8878CFBCAF.d.C0964AB546CA6830B434383AEA31F7D6.e.1019/click - {}
RESULT: {}
COMMAND: GET /session/aaa2196e0cc28a85667eac86cc648f96/screenshot - {}
RESULT: {}
COMMAND: POST /session/aaa2196e0cc28a85667eac86cc648f96/element - {"using":"xpath","value":"//table[contains(@id, \"customPersonsAddressesTable-listUl\")]/tbody/tr[1]/td[10]/div/span"}
RESULT: {"using":"xpath","value":"//table[contains(@id, \"customPersonsAddressesTable-listUl\")]/tbody/tr[1]/td[10]/div/span"}
COMMAND: POST /session/aaa2196e0cc28a85667eac86cc648f96/execute/sync - {"script":"<script> [56 bytes]","args":[{"element-6066-11e4-a52e-4f735466cecf":"f.A87C3F4270506D018A97FB8878CFBCAF.d.C0964AB546CA6830B434383AEA31F7D6.e.1015","ELEMENT":"f.A87C3F4270506D018A97FB8878CFBCAF.d.C0964AB546CA6830B434383AEA31F7D6.e.1015"}]}
RESULT: {"script":"<script> [56 bytes]","args":[{"element-6066-11e4-a52e-4f735466cecf":"f.A87C3F4270506D018A97FB8878CFBCAF.d.C0964AB546CA6830B434383AEA31F7D6.e.1015","ELEMENT":"f.A87C3F4270506D018A97FB8878CFBCAF.d.C0964AB546CA6830B434383AEA31F7D6.e.1015"}]}
COMMAND: GET /session/aaa2196e0cc28a85667eac86cc648f96/screenshot - {}
RESULT: {}
COMMAND: POST /session/aaa2196e0cc28a85667eac86cc648f96/element - {"using":"css selector","value":"#shell-header-logo"}
RESULT: {"using":"css selector","value":"#shell-header-logo"}
COMMAND: POST /session/aaa2196e0cc28a85667eac86cc648f96/element/f.A87C3F4270506D018A97FB8878CFBCAF.d.C0964AB546CA6830B434383AEA31F7D6.e.817/click - {}
RESULT: {}
COMMAND: GET /session/aaa2196e0cc28a85667eac86cc648f96/screenshot - {}
RESULT: {}
]]></system-out>
    </testcase>
    <testcase classname="chrome.136_0_7103_93.windows.Address_Management_Tests_US156181_US151165_US151160_US156180_US156178_US151157_US151172_US151170_US151166_US151168" name="Step 4 Should verify searches US156180 edit person and address US156178" time="75.992">
      <system-out><![CDATA[
RESULT: undefined
COMMAND: POST /session/aaa2196e0cc28a85667eac86cc648f96/element - {"using":"xpath","value":"//*[@id=\"__tile33\"]"}
RESULT: {"using":"xpath","value":"//*[@id=\"__tile33\"]"}
COMMAND: POST /session/aaa2196e0cc28a85667eac86cc648f96/element/f.A87C3F4270506D018A97FB8878CFBCAF.d.C0964AB546CA6830B434383AEA31F7D6.e.214/click - {}
RESULT: {}
COMMAND: GET /session/aaa2196e0cc28a85667eac86cc648f96/screenshot - {}
RESULT: {}
COMMAND: POST /session/aaa2196e0cc28a85667eac86cc648f96/elements - {"using":"xpath","value":"//span[text()='Error']"}
RESULT: {"using":"xpath","value":"//span[text()='Error']"}
COMMAND: POST /session/aaa2196e0cc28a85667eac86cc648f96/element - {"using":"xpath","value":"//button[@data-kt=\"addButton\"]"}
RESULT: {"using":"xpath","value":"//button[@data-kt=\"addButton\"]"}
COMMAND: POST /session/aaa2196e0cc28a85667eac86cc648f96/elements - {"using":"xpath","value":"//button[@data-kt=\"addButton\"]"}
RESULT: {"using":"xpath","value":"//button[@data-kt=\"addButton\"]"}
COMMAND: POST /session/aaa2196e0cc28a85667eac86cc648f96/execute/sync - {"script":"<script> [8489 bytes]","args":[{"element-6066-11e4-a52e-4f735466cecf":"f.A87C3F4270506D018A97FB8878CFBCAF.d.C0964AB546CA6830B434383AEA31F7D6.e.1099","ELEMENT":"f.A87C3F4270506D018A97FB8878CFBCAF.d.C0964AB546CA6830B434383AEA31F7D6.e.1099"}]}
RESULT: {"script":"<script> [8489 bytes]","args":[{"element-6066-11e4-a52e-4f735466cecf":"f.A87C3F4270506D018A97FB8878CFBCAF.d.C0964AB546CA6830B434383AEA31F7D6.e.1099","ELEMENT":"f.A87C3F4270506D018A97FB8878CFBCAF.d.C0964AB546CA6830B434383AEA31F7D6.e.1099"}]}
COMMAND: GET /session/aaa2196e0cc28a85667eac86cc648f96/element/f.A87C3F4270506D018A97FB8878CFBCAF.d.C0964AB546CA6830B434383AEA31F7D6.e.1099/enabled - {}
COMMAND: GET /session/aaa2196e0cc28a85667eac86cc648f96/screenshot - {}
RESULT: {}
COMMAND: POST /session/aaa2196e0cc28a85667eac86cc648f96/execute/sync - {"script":"<script> [8489 bytes]","args":[{"element-6066-11e4-a52e-4f735466cecf":"f.A87C3F4270506D018A97FB8878CFBCAF.d.C0964AB546CA6830B434383AEA31F7D6.e.1099","ELEMENT":"f.A87C3F4270506D018A97FB8878CFBCAF.d.C0964AB546CA6830B434383AEA31F7D6.e.1099"}]}
COMMAND: GET /session/aaa2196e0cc28a85667eac86cc648f96/screenshot - {}
RESULT: {}
RESULT: {"script":"<script> [8489 bytes]","args":[{"element-6066-11e4-a52e-4f735466cecf":"f.A87C3F4270506D018A97FB8878CFBCAF.d.C0964AB546CA6830B434383AEA31F7D6.e.1099","ELEMENT":"f.A87C3F4270506D018A97FB8878CFBCAF.d.C0964AB546CA6830B434383AEA31F7D6.e.1099"}]}
COMMAND: POST /session/aaa2196e0cc28a85667eac86cc648f96/execute/sync - {"script":"<script> [5351 bytes]","args":[{"element-6066-11e4-a52e-4f735466cecf":"f.A87C3F4270506D018A97FB8878CFBCAF.d.C0964AB546CA6830B434383AEA31F7D6.e.1099","ELEMENT":"f.A87C3F4270506D018A97FB8878CFBCAF.d.C0964AB546CA6830B434383AEA31F7D6.e.1099"}]}
COMMAND: GET /session/aaa2196e0cc28a85667eac86cc648f96/screenshot - {}
RESULT: {}
RESULT: {"script":"<script> [5351 bytes]","args":[{"element-6066-11e4-a52e-4f735466cecf":"f.A87C3F4270506D018A97FB8878CFBCAF.d.C0964AB546CA6830B434383AEA31F7D6.e.1099","ELEMENT":"f.A87C3F4270506D018A97FB8878CFBCAF.d.C0964AB546CA6830B434383AEA31F7D6.e.1099"}]}
COMMAND: GET /session/aaa2196e0cc28a85667eac86cc648f96/screenshot - {}
RESULT: {}
RESULT: {}
RESULT: undefined
COMMAND: POST /session/aaa2196e0cc28a85667eac86cc648f96/execute/async - {"script":"<script> [776 bytes]","args":[{"enterText":"b1jWDJrBKD","selector":{"id":"application-addressmanagement-display-component---masterAdm--smartFilterBar-btnBasicSearch","interaction":{"idSuffix":"I"}},"clearTextFirst":true,"interactionType":"ENTER_TEXT"}]}
RESULT: {"script":"<script> [776 bytes]","args":[{"enterText":"b1jWDJrBKD","selector":{"id":"application-addressmanagement-display-component---masterAdm--smartFilterBar-btnBasicSearch","interaction":{"idSuffix":"I"}},"clearTextFirst":true,"interactionType":"ENTER_TEXT"}]}
COMMAND: POST /session/aaa2196e0cc28a85667eac86cc648f96/actions - {"actions":[{"id":"action4","type":"key","parameters":{},"actions":[{"type":"keyDown","value":"î€‡"},{"type":"pause","duration":10},{"type":"keyUp","value":"î€‡"}]}]}
RESULT: {"actions":[{"id":"action4","type":"key","parameters":{},"actions":[{"type":"keyDown","value":"î€‡"},{"type":"pause","duration":10},{"type":"keyUp","value":"î€‡"}]}]}
COMMAND: GET /session/aaa2196e0cc28a85667eac86cc648f96/screenshot - {}
RESULT: {}
COMMAND: POST /session/aaa2196e0cc28a85667eac86cc648f96/elements - {"using":"xpath","value":"//table[contains(@id, \"customPersonsAddressesTable-listUl\")]/tbody/tr"}
RESULT: {"using":"xpath","value":"//table[contains(@id, \"customPersonsAddressesTable-listUl\")]/tbody/tr"}
COMMAND: POST /session/aaa2196e0cc28a85667eac86cc648f96/element - {"using":"xpath","value":"//table[contains(@id, \"customPersonsAddressesTable-listUl\")]/tbody/tr[1]/td[5]/span/span"}
RESULT: {"using":"xpath","value":"//table[contains(@id, \"customPersonsAddressesTable-listUl\")]/tbody/tr[1]/td[5]/span/span"}
COMMAND: POST /session/aaa2196e0cc28a85667eac86cc648f96/element - {"using":"xpath","value":"//table[contains(@id, \"customPersonsAddressesTable-listUl\")]/tbody/tr[1]/td[3]/span"}
RESULT: {"using":"xpath","value":"//table[contains(@id, \"customPersonsAddressesTable-listUl\")]/tbody/tr[1]/td[3]/span"}
COMMAND: POST /session/aaa2196e0cc28a85667eac86cc648f96/elements - {"using":"xpath","value":"//table[contains(@id, \"customPersonsAddressesTable-listUl\")]/tbody/tr[1]/td[5]/span/span"}
RESULT: {"using":"xpath","value":"//table[contains(@id, \"customPersonsAddressesTable-listUl\")]/tbody/tr[1]/td[5]/span/span"}
COMMAND: POST /session/aaa2196e0cc28a85667eac86cc648f96/execute/sync - {"script":"<script> [56 bytes]","args":[{"element-6066-11e4-a52e-4f735466cecf":"f.A87C3F4270506D018A97FB8878CFBCAF.d.C0964AB546CA6830B434383AEA31F7D6.e.1231","ELEMENT":"f.A87C3F4270506D018A97FB8878CFBCAF.d.C0964AB546CA6830B434383AEA31F7D6.e.1231"}]}
RESULT: {"script":"<script> [56 bytes]","args":[{"element-6066-11e4-a52e-4f735466cecf":"f.A87C3F4270506D018A97FB8878CFBCAF.d.C0964AB546CA6830B434383AEA31F7D6.e.1231","ELEMENT":"f.A87C3F4270506D018A97FB8878CFBCAF.d.C0964AB546CA6830B434383AEA31F7D6.e.1231"}]}
COMMAND: POST /session/aaa2196e0cc28a85667eac86cc648f96/execute/sync - {"script":"<script> [56 bytes]","args":[{"element-6066-11e4-a52e-4f735466cecf":"f.A87C3F4270506D018A97FB8878CFBCAF.d.C0964AB546CA6830B434383AEA31F7D6.e.1232","ELEMENT":"f.A87C3F4270506D018A97FB8878CFBCAF.d.C0964AB546CA6830B434383AEA31F7D6.e.1232"}]}
COMMAND: GET /session/aaa2196e0cc28a85667eac86cc648f96/screenshot - {}
RESULT: {"script":"<script> [56 bytes]","args":[{"element-6066-11e4-a52e-4f735466cecf":"f.A87C3F4270506D018A97FB8878CFBCAF.d.C0964AB546CA6830B434383AEA31F7D6.e.1232","ELEMENT":"f.A87C3F4270506D018A97FB8878CFBCAF.d.C0964AB546CA6830B434383AEA31F7D6.e.1232"}]}
COMMAND: POST /session/aaa2196e0cc28a85667eac86cc648f96/element - {"using":"xpath","value":"(//span[contains(@id, \"imgNav\")])[1]"}
COMMAND: GET /session/aaa2196e0cc28a85667eac86cc648f96/screenshot - {}
RESULT: {}
RESULT: {"using":"xpath","value":"(//span[contains(@id, \"imgNav\")])[1]"}
COMMAND: POST /session/aaa2196e0cc28a85667eac86cc648f96/element/f.A87C3F4270506D018A97FB8878CFBCAF.d.C0964AB546CA6830B434383AEA31F7D6.e.1229/click - {}
RESULT: {}
RESULT: {}
COMMAND: GET /session/aaa2196e0cc28a85667eac86cc648f96/screenshot - {}
RESULT: {}
COMMAND: POST /session/aaa2196e0cc28a85667eac86cc648f96/element - {"using":"xpath","value":"//bdi[contains(text(), \"Edit\")]"}
RESULT: {"using":"xpath","value":"//bdi[contains(text(), \"Edit\")]"}
COMMAND: POST /session/aaa2196e0cc28a85667eac86cc648f96/element/f.A87C3F4270506D018A97FB8878CFBCAF.d.C0964AB546CA6830B434383AEA31F7D6.e.1330/click - {}
RESULT: {}
COMMAND: GET /session/aaa2196e0cc28a85667eac86cc648f96/screenshot - {}
RESULT: {}
COMMAND: POST /session/aaa2196e0cc28a85667eac86cc648f96/execute/async - {"script":"<script> [1562 bytes]","args":[{"selector":{"controlType":"sap.ui.core.Icon","viewName":"etm.portal.ui.addressmanagement.view.EditDetail","properties":{"src":{"regex":{"source":"slim\\-arrow\\-down"}}},"ancestor":{"id":"addressTitle","viewName":"etm.portal.ui.addressmanagement.view.EditDetail"}},"wdio_ui5_key":"etmportal.ui.addressmanagement.view.EditDetailsap.ui.core.Icon{\"src\":{\"regex\":{\"source\":\"slim\\\\-arrow\\\\-down\"}}}{\"id\":\"addressTitle\",\"viewName\":\"etm.portal.ui.addressmanagement.view.EditDetail\"}"}]}
RESULT: {"script":"<script> [1562 bytes]","args":[{"selector":{"controlType":"sap.ui.core.Icon","viewName":"etm.portal.ui.addressmanagement.view.EditDetail","properties":{"src":{"regex":{"source":"slim\\-arrow\\-down"}}},"ancestor":{"id":"addressTitle","viewName":"etm.portal.ui.addressmanagement.view.EditDetail"}},"wdio_ui5_key":"etmportal.ui.addressmanagement.view.EditDetailsap.ui.core.Icon{\"src\":{\"regex\":{\"source\":\"slim\\\\-arrow\\\\-down\"}}}{\"id\":\"addressTitle\",\"viewName\":\"etm.portal.ui.addressmanagement.view.EditDetail\"}"}]}
RESULT: undefined
COMMAND: POST /session/aaa2196e0cc28a85667eac86cc648f96/element - {"using":"xpath","value":"//*[@id=\"__xmlview59--addressTitle-arrow\"]"}
RESULT: {"using":"xpath","value":"//*[@id=\"__xmlview59--addressTitle-arrow\"]"}
COMMAND: POST /session/aaa2196e0cc28a85667eac86cc648f96/element/f.A87C3F4270506D018A97FB8878CFBCAF.d.C0964AB546CA6830B434383AEA31F7D6.e.1371/click - {}
RESULT: {}
COMMAND: GET /session/aaa2196e0cc28a85667eac86cc648f96/screenshot - {}
RESULT: {}
COMMAND: POST /session/aaa2196e0cc28a85667eac86cc648f96/element - {"using":"xpath","value":"//li[.//span[text()=\"Mr.\"]]"}
RESULT: {"using":"xpath","value":"//li[.//span[text()=\"Mr.\"]]"}
COMMAND: POST /session/aaa2196e0cc28a85667eac86cc648f96/element/f.A87C3F4270506D018A97FB8878CFBCAF.d.C0964AB546CA6830B434383AEA31F7D6.e.1373/click - {}
RESULT: {}
COMMAND: GET /session/aaa2196e0cc28a85667eac86cc648f96/screenshot - {}
RESULT: {}
COMMAND: POST /session/aaa2196e0cc28a85667eac86cc648f96/execute/async - {"script":"<script> [1562 bytes]","args":[{"selector":{"controlType":"sap.m.Input","viewName":"etm.portal.ui.addressmanagement.view.EditDetail","labelFor":{"text":"Last Name"},"interaction":{"idSuffix":"inner"}},"wdio_ui5_key":"etmportal.ui.addressmanagement.view.EditDetailsap.m.Input{\"text\":\"Last Name\"}"}]}
RESULT: {"script":"<script> [1562 bytes]","args":[{"selector":{"controlType":"sap.m.Input","viewName":"etm.portal.ui.addressmanagement.view.EditDetail","labelFor":{"text":"Last Name"},"interaction":{"idSuffix":"inner"}},"wdio_ui5_key":"etmportal.ui.addressmanagement.view.EditDetailsap.m.Input{\"text\":\"Last Name\"}"}]}
RESULT: undefined
COMMAND: POST /session/aaa2196e0cc28a85667eac86cc648f96/execute/async - {"script":"<script> [776 bytes]","args":[{"enterText":"EDIT John Cena","selector":{"controlType":"sap.m.Input","viewName":"etm.portal.ui.addressmanagement.view.EditDetail","labelFor":{"text":"Last Name"},"interaction":{"idSuffix":"inner"}},"clearTextFirst":true,"interactionType":"ENTER_TEXT"}]}
RESULT: {"script":"<script> [776 bytes]","args":[{"enterText":"EDIT John Cena","selector":{"controlType":"sap.m.Input","viewName":"etm.portal.ui.addressmanagement.view.EditDetail","labelFor":{"text":"Last Name"},"interaction":{"idSuffix":"inner"}},"clearTextFirst":true,"interactionType":"ENTER_TEXT"}]}
COMMAND: POST /session/aaa2196e0cc28a85667eac86cc648f96/execute/async - {"script":"<script> [1562 bytes]","args":[{"selector":{"controlType":"sap.ui.core.Icon","viewName":"etm.portal.ui.addressmanagement.view.EditDetail","properties":{"src":{"regex":{"source":"slim\\-arrow\\-down"}}},"ancestor":{"id":"addressDetailDetailsLanguage","viewName":"etm.portal.ui.addressmanagement.view.EditDetail"}},"wdio_ui5_key":"etmportal.ui.addressmanagement.view.EditDetailsap.ui.core.Icon{\"src\":{\"regex\":{\"source\":\"slim\\\\-arrow\\\\-down\"}}}{\"id\":\"addressDetailDetailsLanguage\",\"viewName\":\"etm.portal.ui.addressmanagement.view.EditDetail\"}"}]}
RESULT: {"script":"<script> [1562 bytes]","args":[{"selector":{"controlType":"sap.ui.core.Icon","viewName":"etm.portal.ui.addressmanagement.view.EditDetail","properties":{"src":{"regex":{"source":"slim\\-arrow\\-down"}}},"ancestor":{"id":"addressDetailDetailsLanguage","viewName":"etm.portal.ui.addressmanagement.view.EditDetail"}},"wdio_ui5_key":"etmportal.ui.addressmanagement.view.EditDetailsap.ui.core.Icon{\"src\":{\"regex\":{\"source\":\"slim\\\\-arrow\\\\-down\"}}}{\"id\":\"addressDetailDetailsLanguage\",\"viewName\":\"etm.portal.ui.addressmanagement.view.EditDetail\"}"}]}
RESULT: undefined
COMMAND: POST /session/aaa2196e0cc28a85667eac86cc648f96/element - {"using":"xpath","value":"//*[@id=\"__xmlview59--addressDetailDetailsLanguage-arrow\"]"}
RESULT: {"using":"xpath","value":"//*[@id=\"__xmlview59--addressDetailDetailsLanguage-arrow\"]"}
COMMAND: POST /session/aaa2196e0cc28a85667eac86cc648f96/element/f.A87C3F4270506D018A97FB8878CFBCAF.d.C0964AB546CA6830B434383AEA31F7D6.e.1376/click - {}
RESULT: {}
COMMAND: GET /session/aaa2196e0cc28a85667eac86cc648f96/screenshot - {}
RESULT: {}
COMMAND: POST /session/aaa2196e0cc28a85667eac86cc648f96/element - {"using":"xpath","value":"//span[contains(text(), \"Bulgarian\")]"}
RESULT: {"using":"xpath","value":"//span[contains(text(), \"Bulgarian\")]"}
COMMAND: POST /session/aaa2196e0cc28a85667eac86cc648f96/element/f.A87C3F4270506D018A97FB8878CFBCAF.d.C0964AB546CA6830B434383AEA31F7D6.e.1377/click - {}
RESULT: {}
COMMAND: GET /session/aaa2196e0cc28a85667eac86cc648f96/screenshot - {}
RESULT: {}
COMMAND: POST /session/aaa2196e0cc28a85667eac86cc648f96/execute/async - {"script":"<script> [1562 bytes]","args":[{"selector":{"controlType":"sap.m.Input","viewName":"etm.portal.ui.addressmanagement.view.EditDetail","labelFor":{"text":"ZIP/Postal code"},"interaction":{"idSuffix":"inner"}},"wdio_ui5_key":"etmportal.ui.addressmanagement.view.EditDetailsap.m.Input{\"text\":\"ZIP/Postal code\"}"}]}
RESULT: {"script":"<script> [1562 bytes]","args":[{"selector":{"controlType":"sap.m.Input","viewName":"etm.portal.ui.addressmanagement.view.EditDetail","labelFor":{"text":"ZIP/Postal code"},"interaction":{"idSuffix":"inner"}},"wdio_ui5_key":"etmportal.ui.addressmanagement.view.EditDetailsap.m.Input{\"text\":\"ZIP/Postal code\"}"}]}
RESULT: undefined
COMMAND: POST /session/aaa2196e0cc28a85667eac86cc648f96/execute/async - {"script":"<script> [776 bytes]","args":[{"enterText":"500292","selector":{"controlType":"sap.m.Input","viewName":"etm.portal.ui.addressmanagement.view.EditDetail","labelFor":{"text":"ZIP/Postal code"},"interaction":{"idSuffix":"inner"}},"clearTextFirst":true,"interactionType":"ENTER_TEXT"}]}
RESULT: {"script":"<script> [776 bytes]","args":[{"enterText":"500292","selector":{"controlType":"sap.m.Input","viewName":"etm.portal.ui.addressmanagement.view.EditDetail","labelFor":{"text":"ZIP/Postal code"},"interaction":{"idSuffix":"inner"}},"clearTextFirst":true,"interactionType":"ENTER_TEXT"}]}
COMMAND: POST /session/aaa2196e0cc28a85667eac86cc648f96/execute/async - {"script":"<script> [1562 bytes]","args":[{"selector":{"id":"addressDetailContactsEmail","viewName":"etm.portal.ui.addressmanagement.view.EditDetail","interaction":{"idSuffix":"inner"}},"wdio_ui5_key":"addressDetailContactsEmailetmportal.ui.addressmanagement.view.EditDetail"}]}
RESULT: {"script":"<script> [1562 bytes]","args":[{"selector":{"id":"addressDetailContactsEmail","viewName":"etm.portal.ui.addressmanagement.view.EditDetail","interaction":{"idSuffix":"inner"}},"wdio_ui5_key":"addressDetailContactsEmailetmportal.ui.addressmanagement.view.EditDetail"}]}
RESULT: undefined
COMMAND: POST /session/aaa2196e0cc28a85667eac86cc648f96/execute/async - {"script":"<script> [776 bytes]","args":[{"enterText":"webdriverrules@emailfake.com","selector":{"id":"addressDetailContactsEmail","viewName":"etm.portal.ui.addressmanagement.view.EditDetail","interaction":{"idSuffix":"inner"}},"clearTextFirst":true,"interactionType":"ENTER_TEXT"}]}
RESULT: {"script":"<script> [776 bytes]","args":[{"enterText":"webdriverrules@emailfake.com","selector":{"id":"addressDetailContactsEmail","viewName":"etm.portal.ui.addressmanagement.view.EditDetail","interaction":{"idSuffix":"inner"}},"clearTextFirst":true,"interactionType":"ENTER_TEXT"}]}
COMMAND: POST /session/aaa2196e0cc28a85667eac86cc648f96/execute/async - {"script":"<script> [1562 bytes]","args":[{"selector":{"id":"addressUserJobTitle","viewName":"etm.portal.ui.addressmanagement.view.EditDetail","interaction":{"idSuffix":"inner"}},"wdio_ui5_key":"addressUserJobTitleetmportal.ui.addressmanagement.view.EditDetail"}]}
RESULT: {"script":"<script> [1562 bytes]","args":[{"selector":{"id":"addressUserJobTitle","viewName":"etm.portal.ui.addressmanagement.view.EditDetail","interaction":{"idSuffix":"inner"}},"wdio_ui5_key":"addressUserJobTitleetmportal.ui.addressmanagement.view.EditDetail"}]}
RESULT: undefined
COMMAND: POST /session/aaa2196e0cc28a85667eac86cc648f96/execute/async - {"script":"<script> [776 bytes]","args":[{"enterText":"director","selector":{"id":"addressUserJobTitle","viewName":"etm.portal.ui.addressmanagement.view.EditDetail","interaction":{"idSuffix":"inner"}},"clearTextFirst":true,"interactionType":"ENTER_TEXT"}]}
RESULT: {"script":"<script> [776 bytes]","args":[{"enterText":"director","selector":{"id":"addressUserJobTitle","viewName":"etm.portal.ui.addressmanagement.view.EditDetail","interaction":{"idSuffix":"inner"}},"clearTextFirst":true,"interactionType":"ENTER_TEXT"}]}
COMMAND: POST /session/aaa2196e0cc28a85667eac86cc648f96/execute/async - {"script":"<script> [1562 bytes]","args":[{"selector":{"id":"tagMultiInput","viewName":"etm.portal.ui.addressmanagement.view.EditDetail","interaction":{"idSuffix":"inner"}},"wdio_ui5_key":"tagMultiInputetmportal.ui.addressmanagement.view.EditDetail"}]}
RESULT: {"script":"<script> [1562 bytes]","args":[{"selector":{"id":"tagMultiInput","viewName":"etm.portal.ui.addressmanagement.view.EditDetail","interaction":{"idSuffix":"inner"}},"wdio_ui5_key":"tagMultiInputetmportal.ui.addressmanagement.view.EditDetail"}]}
RESULT: undefined
COMMAND: POST /session/aaa2196e0cc28a85667eac86cc648f96/execute/async - {"script":"<script> [776 bytes]","args":[{"enterText":"testyTag1","selector":{"id":"tagMultiInput","viewName":"etm.portal.ui.addressmanagement.view.EditDetail","interaction":{"idSuffix":"inner"}},"clearTextFirst":true,"interactionType":"ENTER_TEXT"}]}
RESULT: {"script":"<script> [776 bytes]","args":[{"enterText":"testyTag1","selector":{"id":"tagMultiInput","viewName":"etm.portal.ui.addressmanagement.view.EditDetail","interaction":{"idSuffix":"inner"}},"clearTextFirst":true,"interactionType":"ENTER_TEXT"}]}
COMMAND: POST /session/aaa2196e0cc28a85667eac86cc648f96/actions - {"actions":[{"id":"action5","type":"key","parameters":{},"actions":[{"type":"keyDown","value":"î€‡"},{"type":"pause","duration":10},{"type":"keyUp","value":"î€‡"}]}]}
RESULT: {"actions":[{"id":"action5","type":"key","parameters":{},"actions":[{"type":"keyDown","value":"î€‡"},{"type":"pause","duration":10},{"type":"keyUp","value":"î€‡"}]}]}
COMMAND: GET /session/aaa2196e0cc28a85667eac86cc648f96/screenshot - {}
RESULT: {}
RESULT: undefined
COMMAND: POST /session/aaa2196e0cc28a85667eac86cc648f96/execute/async - {"script":"<script> [776 bytes]","args":[{"enterText":"taggyTag2","selector":{"id":"tagMultiInput","viewName":"etm.portal.ui.addressmanagement.view.EditDetail","interaction":{"idSuffix":"inner"}},"clearTextFirst":true,"interactionType":"ENTER_TEXT"}]}
RESULT: {"script":"<script> [776 bytes]","args":[{"enterText":"taggyTag2","selector":{"id":"tagMultiInput","viewName":"etm.portal.ui.addressmanagement.view.EditDetail","interaction":{"idSuffix":"inner"}},"clearTextFirst":true,"interactionType":"ENTER_TEXT"}]}
COMMAND: POST /session/aaa2196e0cc28a85667eac86cc648f96/actions - {"actions":[{"id":"action6","type":"key","parameters":{},"actions":[{"type":"keyDown","value":"î€‡"},{"type":"pause","duration":10},{"type":"keyUp","value":"î€‡"}]}]}
RESULT: {"actions":[{"id":"action6","type":"key","parameters":{},"actions":[{"type":"keyDown","value":"î€‡"},{"type":"pause","duration":10},{"type":"keyUp","value":"î€‡"}]}]}
COMMAND: GET /session/aaa2196e0cc28a85667eac86cc648f96/screenshot - {}
RESULT: {}
COMMAND: POST /session/aaa2196e0cc28a85667eac86cc648f96/element - {"using":"xpath","value":"//button[@data-kt=\"saveButton\"]"}
RESULT: {"using":"xpath","value":"//button[@data-kt=\"saveButton\"]"}
COMMAND: POST /session/aaa2196e0cc28a85667eac86cc648f96/element/f.A87C3F4270506D018A97FB8878CFBCAF.d.C0964AB546CA6830B434383AEA31F7D6.e.1383/click - {}
RESULT: {}
COMMAND: GET /session/aaa2196e0cc28a85667eac86cc648f96/screenshot - {}
RESULT: {}
COMMAND: POST /session/aaa2196e0cc28a85667eac86cc648f96/element - {"using":"xpath","value":"//span[@id=\"application-addressmanagement-display-component---detailAdm--addressTitle\"]"}
RESULT: {"using":"xpath","value":"//span[@id=\"application-addressmanagement-display-component---detailAdm--addressTitle\"]"}
COMMAND: POST /session/aaa2196e0cc28a85667eac86cc648f96/elements - {"using":"xpath","value":"//span[@id=\"application-addressmanagement-display-component---detailAdm--addressTitle\"]"}
RESULT: {"using":"xpath","value":"//span[@id=\"application-addressmanagement-display-component---detailAdm--addressTitle\"]"}
COMMAND: POST /session/aaa2196e0cc28a85667eac86cc648f96/execute/sync - {"script":"<script> [56 bytes]","args":[{"element-6066-11e4-a52e-4f735466cecf":"f.A87C3F4270506D018A97FB8878CFBCAF.d.C0964AB546CA6830B434383AEA31F7D6.e.1402","ELEMENT":"f.A87C3F4270506D018A97FB8878CFBCAF.d.C0964AB546CA6830B434383AEA31F7D6.e.1402"}]}
RESULT: {"script":"<script> [56 bytes]","args":[{"element-6066-11e4-a52e-4f735466cecf":"f.A87C3F4270506D018A97FB8878CFBCAF.d.C0964AB546CA6830B434383AEA31F7D6.e.1402","ELEMENT":"f.A87C3F4270506D018A97FB8878CFBCAF.d.C0964AB546CA6830B434383AEA31F7D6.e.1402"}]}
COMMAND: POST /session/aaa2196e0cc28a85667eac86cc648f96/element - {"using":"xpath","value":"//span[@id=\"application-addressmanagement-display-component---detailAdm--addressDetailDetailsName2\"]"}
COMMAND: GET /session/aaa2196e0cc28a85667eac86cc648f96/screenshot - {}
RESULT: {"using":"xpath","value":"//span[@id=\"application-addressmanagement-display-component---detailAdm--addressDetailDetailsName2\"]"}
COMMAND: POST /session/aaa2196e0cc28a85667eac86cc648f96/elements - {"using":"xpath","value":"//span[@id=\"application-addressmanagement-display-component---detailAdm--addressDetailDetailsName2\"]"}
RESULT: {}
RESULT: {"using":"xpath","value":"//span[@id=\"application-addressmanagement-display-component---detailAdm--addressDetailDetailsName2\"]"}
COMMAND: POST /session/aaa2196e0cc28a85667eac86cc648f96/execute/sync - {"script":"<script> [56 bytes]","args":[{"element-6066-11e4-a52e-4f735466cecf":"f.A87C3F4270506D018A97FB8878CFBCAF.d.C0964AB546CA6830B434383AEA31F7D6.e.1403","ELEMENT":"f.A87C3F4270506D018A97FB8878CFBCAF.d.C0964AB546CA6830B434383AEA31F7D6.e.1403"}]}
RESULT: {"script":"<script> [56 bytes]","args":[{"element-6066-11e4-a52e-4f735466cecf":"f.A87C3F4270506D018A97FB8878CFBCAF.d.C0964AB546CA6830B434383AEA31F7D6.e.1403","ELEMENT":"f.A87C3F4270506D018A97FB8878CFBCAF.d.C0964AB546CA6830B434383AEA31F7D6.e.1403"}]}
COMMAND: POST /session/aaa2196e0cc28a85667eac86cc648f96/element - {"using":"xpath","value":"//span[@id=\"application-addressmanagement-display-component---detailAdm--addressDetailDetailsLanguage\"]"}
COMMAND: GET /session/aaa2196e0cc28a85667eac86cc648f96/screenshot - {}
RESULT: {"using":"xpath","value":"//span[@id=\"application-addressmanagement-display-component---detailAdm--addressDetailDetailsLanguage\"]"}
COMMAND: POST /session/aaa2196e0cc28a85667eac86cc648f96/elements - {"using":"xpath","value":"//span[@id=\"application-addressmanagement-display-component---detailAdm--addressDetailDetailsLanguage\"]"}
RESULT: {}
RESULT: {"using":"xpath","value":"//span[@id=\"application-addressmanagement-display-component---detailAdm--addressDetailDetailsLanguage\"]"}
COMMAND: POST /session/aaa2196e0cc28a85667eac86cc648f96/execute/sync - {"script":"<script> [56 bytes]","args":[{"element-6066-11e4-a52e-4f735466cecf":"f.A87C3F4270506D018A97FB8878CFBCAF.d.C0964AB546CA6830B434383AEA31F7D6.e.1404","ELEMENT":"f.A87C3F4270506D018A97FB8878CFBCAF.d.C0964AB546CA6830B434383AEA31F7D6.e.1404"}]}
RESULT: {"script":"<script> [56 bytes]","args":[{"element-6066-11e4-a52e-4f735466cecf":"f.A87C3F4270506D018A97FB8878CFBCAF.d.C0964AB546CA6830B434383AEA31F7D6.e.1404","ELEMENT":"f.A87C3F4270506D018A97FB8878CFBCAF.d.C0964AB546CA6830B434383AEA31F7D6.e.1404"}]}
COMMAND: POST /session/aaa2196e0cc28a85667eac86cc648f96/element - {"using":"xpath","value":"//span[@id=\"application-addressmanagement-display-component---detailAdm--addressDetailDetailsZip1\"]"}
COMMAND: GET /session/aaa2196e0cc28a85667eac86cc648f96/screenshot - {}
RESULT: {"using":"xpath","value":"//span[@id=\"application-addressmanagement-display-component---detailAdm--addressDetailDetailsZip1\"]"}
COMMAND: POST /session/aaa2196e0cc28a85667eac86cc648f96/elements - {"using":"xpath","value":"//span[@id=\"application-addressmanagement-display-component---detailAdm--addressDetailDetailsZip1\"]"}
RESULT: {}
RESULT: {"using":"xpath","value":"//span[@id=\"application-addressmanagement-display-component---detailAdm--addressDetailDetailsZip1\"]"}
COMMAND: POST /session/aaa2196e0cc28a85667eac86cc648f96/execute/sync - {"script":"<script> [56 bytes]","args":[{"element-6066-11e4-a52e-4f735466cecf":"f.A87C3F4270506D018A97FB8878CFBCAF.d.C0964AB546CA6830B434383AEA31F7D6.e.1405","ELEMENT":"f.A87C3F4270506D018A97FB8878CFBCAF.d.C0964AB546CA6830B434383AEA31F7D6.e.1405"}]}
RESULT: {"script":"<script> [56 bytes]","args":[{"element-6066-11e4-a52e-4f735466cecf":"f.A87C3F4270506D018A97FB8878CFBCAF.d.C0964AB546CA6830B434383AEA31F7D6.e.1405","ELEMENT":"f.A87C3F4270506D018A97FB8878CFBCAF.d.C0964AB546CA6830B434383AEA31F7D6.e.1405"}]}
COMMAND: POST /session/aaa2196e0cc28a85667eac86cc648f96/element - {"using":"xpath","value":"//span[@id=\"application-addressmanagement-display-component---detailAdm--addressDetailContactsEmail\"]"}
COMMAND: GET /session/aaa2196e0cc28a85667eac86cc648f96/screenshot - {}
RESULT: {"using":"xpath","value":"//span[@id=\"application-addressmanagement-display-component---detailAdm--addressDetailContactsEmail\"]"}
COMMAND: POST /session/aaa2196e0cc28a85667eac86cc648f96/elements - {"using":"xpath","value":"//span[@id=\"application-addressmanagement-display-component---detailAdm--addressDetailContactsEmail\"]"}
RESULT: {}
RESULT: {"using":"xpath","value":"//span[@id=\"application-addressmanagement-display-component---detailAdm--addressDetailContactsEmail\"]"}
COMMAND: POST /session/aaa2196e0cc28a85667eac86cc648f96/execute/sync - {"script":"<script> [56 bytes]","args":[{"element-6066-11e4-a52e-4f735466cecf":"f.A87C3F4270506D018A97FB8878CFBCAF.d.C0964AB546CA6830B434383AEA31F7D6.e.1406","ELEMENT":"f.A87C3F4270506D018A97FB8878CFBCAF.d.C0964AB546CA6830B434383AEA31F7D6.e.1406"}]}
RESULT: {"script":"<script> [56 bytes]","args":[{"element-6066-11e4-a52e-4f735466cecf":"f.A87C3F4270506D018A97FB8878CFBCAF.d.C0964AB546CA6830B434383AEA31F7D6.e.1406","ELEMENT":"f.A87C3F4270506D018A97FB8878CFBCAF.d.C0964AB546CA6830B434383AEA31F7D6.e.1406"}]}
COMMAND: POST /session/aaa2196e0cc28a85667eac86cc648f96/element - {"using":"xpath","value":"//span[@id=\"application-addressmanagement-display-component---detailAdm--addressUserJobTitle\"]"}
COMMAND: GET /session/aaa2196e0cc28a85667eac86cc648f96/screenshot - {}
RESULT: {"using":"xpath","value":"//span[@id=\"application-addressmanagement-display-component---detailAdm--addressUserJobTitle\"]"}
COMMAND: POST /session/aaa2196e0cc28a85667eac86cc648f96/elements - {"using":"xpath","value":"//span[@id=\"application-addressmanagement-display-component---detailAdm--addressUserJobTitle\"]"}
RESULT: {}
RESULT: {"using":"xpath","value":"//span[@id=\"application-addressmanagement-display-component---detailAdm--addressUserJobTitle\"]"}
COMMAND: POST /session/aaa2196e0cc28a85667eac86cc648f96/execute/sync - {"script":"<script> [56 bytes]","args":[{"element-6066-11e4-a52e-4f735466cecf":"f.A87C3F4270506D018A97FB8878CFBCAF.d.C0964AB546CA6830B434383AEA31F7D6.e.1407","ELEMENT":"f.A87C3F4270506D018A97FB8878CFBCAF.d.C0964AB546CA6830B434383AEA31F7D6.e.1407"}]}
RESULT: {"script":"<script> [56 bytes]","args":[{"element-6066-11e4-a52e-4f735466cecf":"f.A87C3F4270506D018A97FB8878CFBCAF.d.C0964AB546CA6830B434383AEA31F7D6.e.1407","ELEMENT":"f.A87C3F4270506D018A97FB8878CFBCAF.d.C0964AB546CA6830B434383AEA31F7D6.e.1407"}]}
COMMAND: POST /session/aaa2196e0cc28a85667eac86cc648f96/element - {"using":"xpath","value":"//span[contains(@class, \"sapMTokenText\") and text()=\"testyTag1\"]"}
COMMAND: GET /session/aaa2196e0cc28a85667eac86cc648f96/screenshot - {}
RESULT: {"using":"xpath","value":"//span[contains(@class, \"sapMTokenText\") and text()=\"testyTag1\"]"}
COMMAND: POST /session/aaa2196e0cc28a85667eac86cc648f96/element - {"using":"xpath","value":"//span[contains(@class, \"sapMTokenText\") and text()=\"taggyTag2\"]"}
RESULT: {}
RESULT: {"using":"xpath","value":"//span[contains(@class, \"sapMTokenText\") and text()=\"taggyTag2\"]"}
COMMAND: POST /session/aaa2196e0cc28a85667eac86cc648f96/elements - {"using":"xpath","value":"//span[contains(@class, \"sapMTokenText\") and text()=\"testyTag1\"]"}
RESULT: {"using":"xpath","value":"//span[contains(@class, \"sapMTokenText\") and text()=\"testyTag1\"]"}
COMMAND: POST /session/aaa2196e0cc28a85667eac86cc648f96/elements - {"using":"xpath","value":"//span[contains(@class, \"sapMTokenText\") and text()=\"taggyTag2\"]"}
RESULT: {"using":"xpath","value":"//span[contains(@class, \"sapMTokenText\") and text()=\"taggyTag2\"]"}
COMMAND: POST /session/aaa2196e0cc28a85667eac86cc648f96/element - {"using":"css selector","value":"#shell-header-logo"}
RESULT: {"using":"css selector","value":"#shell-header-logo"}
COMMAND: POST /session/aaa2196e0cc28a85667eac86cc648f96/element/f.A87C3F4270506D018A97FB8878CFBCAF.d.C0964AB546CA6830B434383AEA31F7D6.e.1026/click - {}
RESULT: {}
COMMAND: GET /session/aaa2196e0cc28a85667eac86cc648f96/screenshot - {}
RESULT: {}
]]></system-out>
    </testcase>
    <testcase classname="chrome.136_0_7103_93.windows.Address_Management_Tests_US156181_US151165_US151160_US156180_US156178_US151157_US151172_US151170_US151166_US151168" name="Step 5 Should verify searches US156180 verify filters US151157" time="96.687">
      <system-out><![CDATA[
RESULT: undefined
COMMAND: POST /session/aaa2196e0cc28a85667eac86cc648f96/element - {"using":"xpath","value":"//*[@id=\"__tile33\"]"}
RESULT: {"using":"xpath","value":"//*[@id=\"__tile33\"]"}
COMMAND: POST /session/aaa2196e0cc28a85667eac86cc648f96/element/f.A87C3F4270506D018A97FB8878CFBCAF.d.C0964AB546CA6830B434383AEA31F7D6.e.214/click - {}
RESULT: {}
COMMAND: GET /session/aaa2196e0cc28a85667eac86cc648f96/screenshot - {}
RESULT: {}
COMMAND: POST /session/aaa2196e0cc28a85667eac86cc648f96/elements - {"using":"xpath","value":"//span[text()='Error']"}
RESULT: {"using":"xpath","value":"//span[text()='Error']"}
COMMAND: POST /session/aaa2196e0cc28a85667eac86cc648f96/element - {"using":"xpath","value":"//button[@data-kt=\"addButton\"]"}
RESULT: {"using":"xpath","value":"//button[@data-kt=\"addButton\"]"}
COMMAND: POST /session/aaa2196e0cc28a85667eac86cc648f96/elements - {"using":"xpath","value":"//button[@data-kt=\"addButton\"]"}
RESULT: {"using":"xpath","value":"//button[@data-kt=\"addButton\"]"}
COMMAND: POST /session/aaa2196e0cc28a85667eac86cc648f96/execute/sync - {"script":"<script> [8489 bytes]","args":[{"element-6066-11e4-a52e-4f735466cecf":"f.A87C3F4270506D018A97FB8878CFBCAF.d.C0964AB546CA6830B434383AEA31F7D6.e.1478","ELEMENT":"f.A87C3F4270506D018A97FB8878CFBCAF.d.C0964AB546CA6830B434383AEA31F7D6.e.1478"}]}
RESULT: {"script":"<script> [8489 bytes]","args":[{"element-6066-11e4-a52e-4f735466cecf":"f.A87C3F4270506D018A97FB8878CFBCAF.d.C0964AB546CA6830B434383AEA31F7D6.e.1478","ELEMENT":"f.A87C3F4270506D018A97FB8878CFBCAF.d.C0964AB546CA6830B434383AEA31F7D6.e.1478"}]}
COMMAND: GET /session/aaa2196e0cc28a85667eac86cc648f96/element/f.A87C3F4270506D018A97FB8878CFBCAF.d.C0964AB546CA6830B434383AEA31F7D6.e.1478/enabled - {}
COMMAND: GET /session/aaa2196e0cc28a85667eac86cc648f96/screenshot - {}
RESULT: {}
COMMAND: POST /session/aaa2196e0cc28a85667eac86cc648f96/execute/sync - {"script":"<script> [8489 bytes]","args":[{"element-6066-11e4-a52e-4f735466cecf":"f.A87C3F4270506D018A97FB8878CFBCAF.d.C0964AB546CA6830B434383AEA31F7D6.e.1478","ELEMENT":"f.A87C3F4270506D018A97FB8878CFBCAF.d.C0964AB546CA6830B434383AEA31F7D6.e.1478"}]}
COMMAND: GET /session/aaa2196e0cc28a85667eac86cc648f96/screenshot - {}
RESULT: {}
RESULT: {"script":"<script> [8489 bytes]","args":[{"element-6066-11e4-a52e-4f735466cecf":"f.A87C3F4270506D018A97FB8878CFBCAF.d.C0964AB546CA6830B434383AEA31F7D6.e.1478","ELEMENT":"f.A87C3F4270506D018A97FB8878CFBCAF.d.C0964AB546CA6830B434383AEA31F7D6.e.1478"}]}
COMMAND: POST /session/aaa2196e0cc28a85667eac86cc648f96/execute/sync - {"script":"<script> [5351 bytes]","args":[{"element-6066-11e4-a52e-4f735466cecf":"f.A87C3F4270506D018A97FB8878CFBCAF.d.C0964AB546CA6830B434383AEA31F7D6.e.1478","ELEMENT":"f.A87C3F4270506D018A97FB8878CFBCAF.d.C0964AB546CA6830B434383AEA31F7D6.e.1478"}]}
COMMAND: GET /session/aaa2196e0cc28a85667eac86cc648f96/screenshot - {}
RESULT: {}
RESULT: {"script":"<script> [5351 bytes]","args":[{"element-6066-11e4-a52e-4f735466cecf":"f.A87C3F4270506D018A97FB8878CFBCAF.d.C0964AB546CA6830B434383AEA31F7D6.e.1478","ELEMENT":"f.A87C3F4270506D018A97FB8878CFBCAF.d.C0964AB546CA6830B434383AEA31F7D6.e.1478"}]}
COMMAND: GET /session/aaa2196e0cc28a85667eac86cc648f96/screenshot - {}
RESULT: {}
RESULT: {}
COMMAND: POST /session/aaa2196e0cc28a85667eac86cc648f96/element - {"using":"xpath","value":"//span[@id=\"application-addressmanagement-display-component---masterAdm--smartTable-header-inner\"]"}
RESULT: {"using":"xpath","value":"//span[@id=\"application-addressmanagement-display-component---masterAdm--smartTable-header-inner\"]"}
COMMAND: POST /session/aaa2196e0cc28a85667eac86cc648f96/elements - {"using":"xpath","value":"//span[@id=\"application-addressmanagement-display-component---masterAdm--smartTable-header-inner\"]"}
RESULT: {"using":"xpath","value":"//span[@id=\"application-addressmanagement-display-component---masterAdm--smartTable-header-inner\"]"}
COMMAND: POST /session/aaa2196e0cc28a85667eac86cc648f96/execute/sync - {"script":"<script> [56 bytes]","args":[{"element-6066-11e4-a52e-4f735466cecf":"f.A87C3F4270506D018A97FB8878CFBCAF.d.C0964AB546CA6830B434383AEA31F7D6.e.1609","ELEMENT":"f.A87C3F4270506D018A97FB8878CFBCAF.d.C0964AB546CA6830B434383AEA31F7D6.e.1609"}]}
RESULT: {"script":"<script> [56 bytes]","args":[{"element-6066-11e4-a52e-4f735466cecf":"f.A87C3F4270506D018A97FB8878CFBCAF.d.C0964AB546CA6830B434383AEA31F7D6.e.1609","ELEMENT":"f.A87C3F4270506D018A97FB8878CFBCAF.d.C0964AB546CA6830B434383AEA31F7D6.e.1609"}]}
COMMAND: POST /session/aaa2196e0cc28a85667eac86cc648f96/execute/async - {"script":"<script> [1562 bytes]","args":[{"selector":{"id":"application-addressmanagement-display-component---masterAdm--smartFilterBar-filterItemControl_BASIC-COUNTRY-vhi"},"wdio_ui5_key":"applicationaddressmanagement-display-component---masterAdm--smartFilterBar-filterItemControl_BASIC-COUNTRY-vhi"}]}
COMMAND: GET /session/aaa2196e0cc28a85667eac86cc648f96/screenshot - {}
RESULT: {"script":"<script> [1562 bytes]","args":[{"selector":{"id":"application-addressmanagement-display-component---masterAdm--smartFilterBar-filterItemControl_BASIC-COUNTRY-vhi"},"wdio_ui5_key":"applicationaddressmanagement-display-component---masterAdm--smartFilterBar-filterItemControl_BASIC-COUNTRY-vhi"}]}
RESULT: undefined
COMMAND: POST /session/aaa2196e0cc28a85667eac86cc648f96/element - {"using":"xpath","value":"//*[@id=\"application-addressmanagement-display-component---masterAdm--smartFilterBar-filterItemControl_BASIC-COUNTRY-vhi\"]"}
RESULT: {}
RESULT: {"using":"xpath","value":"//*[@id=\"application-addressmanagement-display-component---masterAdm--smartFilterBar-filterItemControl_BASIC-COUNTRY-vhi\"]"}
COMMAND: POST /session/aaa2196e0cc28a85667eac86cc648f96/element/f.A87C3F4270506D018A97FB8878CFBCAF.d.C0964AB546CA6830B434383AEA31F7D6.e.1610/click - {}
RESULT: {}
COMMAND: GET /session/aaa2196e0cc28a85667eac86cc648f96/screenshot - {}
RESULT: {}
COMMAND: POST /session/aaa2196e0cc28a85667eac86cc648f96/execute/async - {"script":"<script> [1562 bytes]","args":[{"selector":{"id":"application-addressmanagement-display-component---masterAdm--smartFilterBar-filterItemControl_BASIC-COUNTRY-valueHelpDialog-smartFilterBar-btnBasicSearch","searchOpenDialogs":true,"interaction":{"idSuffix":"I"}},"wdio_ui5_key":"applicationaddressmanagement-display-component---masterAdm--smartFilterBar-filterItemControl_BASIC-COUNTRY-valueHelpDialog-smartFilterBar-btnBasicSearch"}]}
RESULT: {"script":"<script> [1562 bytes]","args":[{"selector":{"id":"application-addressmanagement-display-component---masterAdm--smartFilterBar-filterItemControl_BASIC-COUNTRY-valueHelpDialog-smartFilterBar-btnBasicSearch","searchOpenDialogs":true,"interaction":{"idSuffix":"I"}},"wdio_ui5_key":"applicationaddressmanagement-display-component---masterAdm--smartFilterBar-filterItemControl_BASIC-COUNTRY-valueHelpDialog-smartFilterBar-btnBasicSearch"}]}
RESULT: undefined
COMMAND: POST /session/aaa2196e0cc28a85667eac86cc648f96/execute/async - {"script":"<script> [776 bytes]","args":[{"enterText":"Romania","selector":{"id":"application-addressmanagement-display-component---masterAdm--smartFilterBar-filterItemControl_BASIC-COUNTRY-valueHelpDialog-smartFilterBar-btnBasicSearch","searchOpenDialogs":true,"interaction":{"idSuffix":"I"}},"clearTextFirst":true,"interactionType":"ENTER_TEXT"}]}
RESULT: {"script":"<script> [776 bytes]","args":[{"enterText":"Romania","selector":{"id":"application-addressmanagement-display-component---masterAdm--smartFilterBar-filterItemControl_BASIC-COUNTRY-valueHelpDialog-smartFilterBar-btnBasicSearch","searchOpenDialogs":true,"interaction":{"idSuffix":"I"}},"clearTextFirst":true,"interactionType":"ENTER_TEXT"}]}
COMMAND: POST /session/aaa2196e0cc28a85667eac86cc648f96/actions - {"actions":[{"id":"action7","type":"key","parameters":{},"actions":[{"type":"keyDown","value":"î€‡"},{"type":"pause","duration":10},{"type":"keyUp","value":"î€‡"}]}]}
RESULT: {"actions":[{"id":"action7","type":"key","parameters":{},"actions":[{"type":"keyDown","value":"î€‡"},{"type":"pause","duration":10},{"type":"keyUp","value":"î€‡"}]}]}
COMMAND: POST /session/aaa2196e0cc28a85667eac86cc648f96/elements - {"using":"xpath","value":"//table[contains(@id, \"smartFilterBar-filterItemControl_BASIC-COUNTRY-valueHelpDialog-table-table\")]/tbody/tr"}
COMMAND: GET /session/aaa2196e0cc28a85667eac86cc648f96/screenshot - {}
RESULT: {"using":"xpath","value":"//table[contains(@id, \"smartFilterBar-filterItemControl_BASIC-COUNTRY-valueHelpDialog-table-table\")]/tbody/tr"}
COMMAND: POST /session/aaa2196e0cc28a85667eac86cc648f96/element - {"using":"xpath","value":"//table[contains(@id, \"smartFilterBar-filterItemControl_BASIC-COUNTRY-valueHelpDialog-table-table\")]/tbody/tr[1]/td[1]/div/span"}
RESULT: {}
RESULT: {"using":"xpath","value":"//table[contains(@id, \"smartFilterBar-filterItemControl_BASIC-COUNTRY-valueHelpDialog-table-table\")]/tbody/tr[1]/td[1]/div/span"}
COMMAND: POST /session/aaa2196e0cc28a85667eac86cc648f96/elements - {"using":"xpath","value":"//table[contains(@id, \"smartFilterBar-filterItemControl_BASIC-COUNTRY-valueHelpDialog-table-table\")]/tbody/tr[1]/td[1]/div/span"}
RESULT: {"using":"xpath","value":"//table[contains(@id, \"smartFilterBar-filterItemControl_BASIC-COUNTRY-valueHelpDialog-table-table\")]/tbody/tr[1]/td[1]/div/span"}
COMMAND: POST /session/aaa2196e0cc28a85667eac86cc648f96/execute/sync - {"script":"<script> [56 bytes]","args":[{"element-6066-11e4-a52e-4f735466cecf":"f.A87C3F4270506D018A97FB8878CFBCAF.d.C0964AB546CA6830B434383AEA31F7D6.e.1630","ELEMENT":"f.A87C3F4270506D018A97FB8878CFBCAF.d.C0964AB546CA6830B434383AEA31F7D6.e.1630"}]}
RESULT: {"script":"<script> [56 bytes]","args":[{"element-6066-11e4-a52e-4f735466cecf":"f.A87C3F4270506D018A97FB8878CFBCAF.d.C0964AB546CA6830B434383AEA31F7D6.e.1630","ELEMENT":"f.A87C3F4270506D018A97FB8878CFBCAF.d.C0964AB546CA6830B434383AEA31F7D6.e.1630"}]}
COMMAND: POST /session/aaa2196e0cc28a85667eac86cc648f96/element - {"using":"xpath","value":"//div[contains(@id, \"filterItemControl_BASIC-COUNTRY-valueHelpDialog-table-rowsel0\")]"}
COMMAND: GET /session/aaa2196e0cc28a85667eac86cc648f96/screenshot - {}
RESULT: {"using":"xpath","value":"//div[contains(@id, \"filterItemControl_BASIC-COUNTRY-valueHelpDialog-table-rowsel0\")]"}
COMMAND: POST /session/aaa2196e0cc28a85667eac86cc648f96/element/f.A87C3F4270506D018A97FB8878CFBCAF.d.C0964AB546CA6830B434383AEA31F7D6.e.1631/click - {}
RESULT: {}
RESULT: {}
COMMAND: GET /session/aaa2196e0cc28a85667eac86cc648f96/screenshot - {}
RESULT: {}
COMMAND: POST /session/aaa2196e0cc28a85667eac86cc648f96/element - {"using":"xpath","value":"(//bdi[contains(text(), \"OK\")])[1]"}
RESULT: {"using":"xpath","value":"(//bdi[contains(text(), \"OK\")])[1]"}
COMMAND: POST /session/aaa2196e0cc28a85667eac86cc648f96/element/f.A87C3F4270506D018A97FB8878CFBCAF.d.C0964AB546CA6830B434383AEA31F7D6.e.1633/click - {}
RESULT: {}
COMMAND: GET /session/aaa2196e0cc28a85667eac86cc648f96/screenshot - {}
RESULT: {}
COMMAND: POST /session/aaa2196e0cc28a85667eac86cc648f96/element - {"using":"xpath","value":"//span[@id=\"application-addressmanagement-display-component---masterAdm--smartTable-header-inner\"]"}
RESULT: {"using":"xpath","value":"//span[@id=\"application-addressmanagement-display-component---masterAdm--smartTable-header-inner\"]"}
COMMAND: POST /session/aaa2196e0cc28a85667eac86cc648f96/elements - {"using":"xpath","value":"//span[@id=\"application-addressmanagement-display-component---masterAdm--smartTable-header-inner\"]"}
RESULT: {"using":"xpath","value":"//span[@id=\"application-addressmanagement-display-component---masterAdm--smartTable-header-inner\"]"}
COMMAND: POST /session/aaa2196e0cc28a85667eac86cc648f96/execute/sync - {"script":"<script> [56 bytes]","args":[{"element-6066-11e4-a52e-4f735466cecf":"f.A87C3F4270506D018A97FB8878CFBCAF.d.C0964AB546CA6830B434383AEA31F7D6.e.1609","ELEMENT":"f.A87C3F4270506D018A97FB8878CFBCAF.d.C0964AB546CA6830B434383AEA31F7D6.e.1609"}]}
RESULT: {"script":"<script> [56 bytes]","args":[{"element-6066-11e4-a52e-4f735466cecf":"f.A87C3F4270506D018A97FB8878CFBCAF.d.C0964AB546CA6830B434383AEA31F7D6.e.1609","ELEMENT":"f.A87C3F4270506D018A97FB8878CFBCAF.d.C0964AB546CA6830B434383AEA31F7D6.e.1609"}]}
COMMAND: POST /session/aaa2196e0cc28a85667eac86cc648f96/element - {"using":"xpath","value":"//span[contains(@title, \"Remove\")]"}
COMMAND: GET /session/aaa2196e0cc28a85667eac86cc648f96/screenshot - {}
RESULT: {"using":"xpath","value":"//span[contains(@title, \"Remove\")]"}
COMMAND: POST /session/aaa2196e0cc28a85667eac86cc648f96/element/f.A87C3F4270506D018A97FB8878CFBCAF.d.C0964AB546CA6830B434383AEA31F7D6.e.1774/click - {}
RESULT: {}
RESULT: {}
COMMAND: GET /session/aaa2196e0cc28a85667eac86cc648f96/screenshot - {}
RESULT: {}
COMMAND: POST /session/aaa2196e0cc28a85667eac86cc648f96/element - {"using":"xpath","value":"//span[@id=\"application-addressmanagement-display-component---masterAdm--smartTable-header-inner\"]"}
RESULT: {"using":"xpath","value":"//span[@id=\"application-addressmanagement-display-component---masterAdm--smartTable-header-inner\"]"}
COMMAND: POST /session/aaa2196e0cc28a85667eac86cc648f96/elements - {"using":"xpath","value":"//span[@id=\"application-addressmanagement-display-component---masterAdm--smartTable-header-inner\"]"}
RESULT: {"using":"xpath","value":"//span[@id=\"application-addressmanagement-display-component---masterAdm--smartTable-header-inner\"]"}
COMMAND: POST /session/aaa2196e0cc28a85667eac86cc648f96/execute/sync - {"script":"<script> [56 bytes]","args":[{"element-6066-11e4-a52e-4f735466cecf":"f.A87C3F4270506D018A97FB8878CFBCAF.d.C0964AB546CA6830B434383AEA31F7D6.e.1609","ELEMENT":"f.A87C3F4270506D018A97FB8878CFBCAF.d.C0964AB546CA6830B434383AEA31F7D6.e.1609"}]}
RESULT: {"script":"<script> [56 bytes]","args":[{"element-6066-11e4-a52e-4f735466cecf":"f.A87C3F4270506D018A97FB8878CFBCAF.d.C0964AB546CA6830B434383AEA31F7D6.e.1609","ELEMENT":"f.A87C3F4270506D018A97FB8878CFBCAF.d.C0964AB546CA6830B434383AEA31F7D6.e.1609"}]}
RESULT: undefined
COMMAND: POST /session/aaa2196e0cc28a85667eac86cc648f96/element - {"using":"xpath","value":"//*[@id=\"application-addressmanagement-display-component---masterAdm--smartFilterBar-filterItemControl_BASIC-COUNTRY-vhi\"]"}
COMMAND: GET /session/aaa2196e0cc28a85667eac86cc648f96/screenshot - {}
RESULT: {"using":"xpath","value":"//*[@id=\"application-addressmanagement-display-component---masterAdm--smartFilterBar-filterItemControl_BASIC-COUNTRY-vhi\"]"}
COMMAND: POST /session/aaa2196e0cc28a85667eac86cc648f96/element/f.A87C3F4270506D018A97FB8878CFBCAF.d.C0964AB546CA6830B434383AEA31F7D6.e.1610/click - {}
RESULT: {}
RESULT: {}
COMMAND: GET /session/aaa2196e0cc28a85667eac86cc648f96/screenshot - {}
RESULT: {}
RESULT: undefined
COMMAND: POST /session/aaa2196e0cc28a85667eac86cc648f96/execute/async - {"script":"<script> [776 bytes]","args":[{"enterText":"Romania","selector":{"id":"application-addressmanagement-display-component---masterAdm--smartFilterBar-filterItemControl_BASIC-COUNTRY-valueHelpDialog-smartFilterBar-btnBasicSearch","searchOpenDialogs":true,"interaction":{"idSuffix":"I"}},"clearTextFirst":true,"interactionType":"ENTER_TEXT"}]}
RESULT: {"script":"<script> [776 bytes]","args":[{"enterText":"Romania","selector":{"id":"application-addressmanagement-display-component---masterAdm--smartFilterBar-filterItemControl_BASIC-COUNTRY-valueHelpDialog-smartFilterBar-btnBasicSearch","searchOpenDialogs":true,"interaction":{"idSuffix":"I"}},"clearTextFirst":true,"interactionType":"ENTER_TEXT"}]}
COMMAND: POST /session/aaa2196e0cc28a85667eac86cc648f96/actions - {"actions":[{"id":"action8","type":"key","parameters":{},"actions":[{"type":"keyDown","value":"î€‡"},{"type":"pause","duration":10},{"type":"keyUp","value":"î€‡"}]}]}
RESULT: {"actions":[{"id":"action8","type":"key","parameters":{},"actions":[{"type":"keyDown","value":"î€‡"},{"type":"pause","duration":10},{"type":"keyUp","value":"î€‡"}]}]}
COMMAND: GET /session/aaa2196e0cc28a85667eac86cc648f96/screenshot - {}
RESULT: {}
COMMAND: POST /session/aaa2196e0cc28a85667eac86cc648f96/elements - {"using":"xpath","value":"//table[contains(@id, \"smartFilterBar-filterItemControl_BASIC-COUNTRY-valueHelpDialog-table-table\")]/tbody/tr"}
RESULT: {"using":"xpath","value":"//table[contains(@id, \"smartFilterBar-filterItemControl_BASIC-COUNTRY-valueHelpDialog-table-table\")]/tbody/tr"}
COMMAND: POST /session/aaa2196e0cc28a85667eac86cc648f96/element - {"using":"xpath","value":"//table[contains(@id, \"smartFilterBar-filterItemControl_BASIC-COUNTRY-valueHelpDialog-table-table\")]/tbody/tr[1]/td[1]/div/span"}
RESULT: {"using":"xpath","value":"//table[contains(@id, \"smartFilterBar-filterItemControl_BASIC-COUNTRY-valueHelpDialog-table-table\")]/tbody/tr[1]/td[1]/div/span"}
COMMAND: POST /session/aaa2196e0cc28a85667eac86cc648f96/elements - {"using":"xpath","value":"//table[contains(@id, \"smartFilterBar-filterItemControl_BASIC-COUNTRY-valueHelpDialog-table-table\")]/tbody/tr[1]/td[1]/div/span"}
RESULT: {"using":"xpath","value":"//table[contains(@id, \"smartFilterBar-filterItemControl_BASIC-COUNTRY-valueHelpDialog-table-table\")]/tbody/tr[1]/td[1]/div/span"}
COMMAND: POST /session/aaa2196e0cc28a85667eac86cc648f96/execute/sync - {"script":"<script> [56 bytes]","args":[{"element-6066-11e4-a52e-4f735466cecf":"f.A87C3F4270506D018A97FB8878CFBCAF.d.C0964AB546CA6830B434383AEA31F7D6.e.1873","ELEMENT":"f.A87C3F4270506D018A97FB8878CFBCAF.d.C0964AB546CA6830B434383AEA31F7D6.e.1873"}]}
RESULT: {"script":"<script> [56 bytes]","args":[{"element-6066-11e4-a52e-4f735466cecf":"f.A87C3F4270506D018A97FB8878CFBCAF.d.C0964AB546CA6830B434383AEA31F7D6.e.1873","ELEMENT":"f.A87C3F4270506D018A97FB8878CFBCAF.d.C0964AB546CA6830B434383AEA31F7D6.e.1873"}]}
COMMAND: POST /session/aaa2196e0cc28a85667eac86cc648f96/element - {"using":"xpath","value":"//div[contains(@id, \"filterItemControl_BASIC-COUNTRY-valueHelpDialog-table-rowsel0\")]"}
COMMAND: GET /session/aaa2196e0cc28a85667eac86cc648f96/screenshot - {}
RESULT: {"using":"xpath","value":"//div[contains(@id, \"filterItemControl_BASIC-COUNTRY-valueHelpDialog-table-rowsel0\")]"}
COMMAND: POST /session/aaa2196e0cc28a85667eac86cc648f96/element/f.A87C3F4270506D018A97FB8878CFBCAF.d.C0964AB546CA6830B434383AEA31F7D6.e.1874/click - {}
RESULT: {}
RESULT: {}
COMMAND: GET /session/aaa2196e0cc28a85667eac86cc648f96/screenshot - {}
RESULT: {}
RESULT: undefined
COMMAND: POST /session/aaa2196e0cc28a85667eac86cc648f96/element - {"using":"xpath","value":"//*[@id=\"application-addressmanagement-display-component---masterAdm--smartFilterBar-filterItemControl_BASIC-COUNTRY-vhi\"]"}
RESULT: {"using":"xpath","value":"//*[@id=\"application-addressmanagement-display-component---masterAdm--smartFilterBar-filterItemControl_BASIC-COUNTRY-vhi\"]"}
COMMAND: POST /session/aaa2196e0cc28a85667eac86cc648f96/element/f.A87C3F4270506D018A97FB8878CFBCAF.d.C0964AB546CA6830B434383AEA31F7D6.e.1610/click - {}
RESULT: undefined
COMMAND: POST /session/aaa2196e0cc28a85667eac86cc648f96/execute/async - {"script":"<script> [776 bytes]","args":[{"enterText":"Argentina","selector":{"id":"application-addressmanagement-display-component---masterAdm--smartFilterBar-filterItemControl_BASIC-COUNTRY-valueHelpDialog-smartFilterBar-btnBasicSearch","searchOpenDialogs":true,"interaction":{"idSuffix":"I"}},"clearTextFirst":true,"interactionType":"ENTER_TEXT"}]}
RESULT: {"script":"<script> [776 bytes]","args":[{"enterText":"Argentina","selector":{"id":"application-addressmanagement-display-component---masterAdm--smartFilterBar-filterItemControl_BASIC-COUNTRY-valueHelpDialog-smartFilterBar-btnBasicSearch","searchOpenDialogs":true,"interaction":{"idSuffix":"I"}},"clearTextFirst":true,"interactionType":"ENTER_TEXT"}]}
COMMAND: POST /session/aaa2196e0cc28a85667eac86cc648f96/actions - {"actions":[{"id":"action9","type":"key","parameters":{},"actions":[{"type":"keyDown","value":"î€‡"},{"type":"pause","duration":10},{"type":"keyUp","value":"î€‡"}]}]}
RESULT: {"actions":[{"id":"action9","type":"key","parameters":{},"actions":[{"type":"keyDown","value":"î€‡"},{"type":"pause","duration":10},{"type":"keyUp","value":"î€‡"}]}]}
COMMAND: GET /session/aaa2196e0cc28a85667eac86cc648f96/screenshot - {}
RESULT: {}
COMMAND: POST /session/aaa2196e0cc28a85667eac86cc648f96/elements - {"using":"xpath","value":"//table[contains(@id, \"smartFilterBar-filterItemControl_BASIC-COUNTRY-valueHelpDialog-table-table\")]/tbody/tr"}
RESULT: {"using":"xpath","value":"//table[contains(@id, \"smartFilterBar-filterItemControl_BASIC-COUNTRY-valueHelpDialog-table-table\")]/tbody/tr"}
COMMAND: POST /session/aaa2196e0cc28a85667eac86cc648f96/element - {"using":"xpath","value":"//table[contains(@id, \"smartFilterBar-filterItemControl_BASIC-COUNTRY-valueHelpDialog-table-table\")]/tbody/tr[1]/td[1]/div/span"}
RESULT: {"using":"xpath","value":"//table[contains(@id, \"smartFilterBar-filterItemControl_BASIC-COUNTRY-valueHelpDialog-table-table\")]/tbody/tr[1]/td[1]/div/span"}
COMMAND: POST /session/aaa2196e0cc28a85667eac86cc648f96/elements - {"using":"xpath","value":"//table[contains(@id, \"smartFilterBar-filterItemControl_BASIC-COUNTRY-valueHelpDialog-table-table\")]/tbody/tr[1]/td[1]/div/span"}
RESULT: {"using":"xpath","value":"//table[contains(@id, \"smartFilterBar-filterItemControl_BASIC-COUNTRY-valueHelpDialog-table-table\")]/tbody/tr[1]/td[1]/div/span"}
COMMAND: POST /session/aaa2196e0cc28a85667eac86cc648f96/execute/sync - {"script":"<script> [56 bytes]","args":[{"element-6066-11e4-a52e-4f735466cecf":"f.A87C3F4270506D018A97FB8878CFBCAF.d.C0964AB546CA6830B434383AEA31F7D6.e.1873","ELEMENT":"f.A87C3F4270506D018A97FB8878CFBCAF.d.C0964AB546CA6830B434383AEA31F7D6.e.1873"}]}
RESULT: {"script":"<script> [56 bytes]","args":[{"element-6066-11e4-a52e-4f735466cecf":"f.A87C3F4270506D018A97FB8878CFBCAF.d.C0964AB546CA6830B434383AEA31F7D6.e.1873","ELEMENT":"f.A87C3F4270506D018A97FB8878CFBCAF.d.C0964AB546CA6830B434383AEA31F7D6.e.1873"}]}
COMMAND: POST /session/aaa2196e0cc28a85667eac86cc648f96/element - {"using":"xpath","value":"//div[contains(@id, \"filterItemControl_BASIC-COUNTRY-valueHelpDialog-table-rowsel0\")]"}
COMMAND: GET /session/aaa2196e0cc28a85667eac86cc648f96/screenshot - {}
RESULT: {"using":"xpath","value":"//div[contains(@id, \"filterItemControl_BASIC-COUNTRY-valueHelpDialog-table-rowsel0\")]"}
COMMAND: POST /session/aaa2196e0cc28a85667eac86cc648f96/element/f.A87C3F4270506D018A97FB8878CFBCAF.d.C0964AB546CA6830B434383AEA31F7D6.e.1874/click - {}
RESULT: {}
RESULT: {}
COMMAND: GET /session/aaa2196e0cc28a85667eac86cc648f96/screenshot - {}
RESULT: {}
COMMAND: POST /session/aaa2196e0cc28a85667eac86cc648f96/element - {"using":"xpath","value":"(//bdi[contains(text(), \"OK\")])[1]"}
RESULT: {"using":"xpath","value":"(//bdi[contains(text(), \"OK\")])[1]"}
COMMAND: POST /session/aaa2196e0cc28a85667eac86cc648f96/element/f.A87C3F4270506D018A97FB8878CFBCAF.d.C0964AB546CA6830B434383AEA31F7D6.e.1876/click - {}
RESULT: {}
COMMAND: GET /session/aaa2196e0cc28a85667eac86cc648f96/screenshot - {}
RESULT: {}
COMMAND: POST /session/aaa2196e0cc28a85667eac86cc648f96/element - {"using":"xpath","value":"//span[@id=\"application-addressmanagement-display-component---masterAdm--smartTable-header-inner\"]"}
RESULT: {"using":"xpath","value":"//span[@id=\"application-addressmanagement-display-component---masterAdm--smartTable-header-inner\"]"}
COMMAND: POST /session/aaa2196e0cc28a85667eac86cc648f96/elements - {"using":"xpath","value":"//span[@id=\"application-addressmanagement-display-component---masterAdm--smartTable-header-inner\"]"}
RESULT: {"using":"xpath","value":"//span[@id=\"application-addressmanagement-display-component---masterAdm--smartTable-header-inner\"]"}
COMMAND: POST /session/aaa2196e0cc28a85667eac86cc648f96/execute/sync - {"script":"<script> [56 bytes]","args":[{"element-6066-11e4-a52e-4f735466cecf":"f.A87C3F4270506D018A97FB8878CFBCAF.d.C0964AB546CA6830B434383AEA31F7D6.e.1609","ELEMENT":"f.A87C3F4270506D018A97FB8878CFBCAF.d.C0964AB546CA6830B434383AEA31F7D6.e.1609"}]}
RESULT: {"script":"<script> [56 bytes]","args":[{"element-6066-11e4-a52e-4f735466cecf":"f.A87C3F4270506D018A97FB8878CFBCAF.d.C0964AB546CA6830B434383AEA31F7D6.e.1609","ELEMENT":"f.A87C3F4270506D018A97FB8878CFBCAF.d.C0964AB546CA6830B434383AEA31F7D6.e.1609"}]}
COMMAND: POST /session/aaa2196e0cc28a85667eac86cc648f96/execute/async - {"script":"<script> [1562 bytes]","args":[{"selector":{"id":"application-addressmanagement-display-component---masterAdm--smartFilterBar-filterItemControl_BASIC-NAME-vhi"},"wdio_ui5_key":"applicationaddressmanagement-display-component---masterAdm--smartFilterBar-filterItemControl_BASIC-NAME-vhi"}]}
COMMAND: GET /session/aaa2196e0cc28a85667eac86cc648f96/screenshot - {}
RESULT: {"script":"<script> [1562 bytes]","args":[{"selector":{"id":"application-addressmanagement-display-component---masterAdm--smartFilterBar-filterItemControl_BASIC-NAME-vhi"},"wdio_ui5_key":"applicationaddressmanagement-display-component---masterAdm--smartFilterBar-filterItemControl_BASIC-NAME-vhi"}]}
RESULT: undefined
COMMAND: POST /session/aaa2196e0cc28a85667eac86cc648f96/element - {"using":"xpath","value":"//*[@id=\"application-addressmanagement-display-component---masterAdm--smartFilterBar-filterItemControl_BASIC-NAME-vhi\"]"}
RESULT: {}
RESULT: {"using":"xpath","value":"//*[@id=\"application-addressmanagement-display-component---masterAdm--smartFilterBar-filterItemControl_BASIC-NAME-vhi\"]"}
COMMAND: POST /session/aaa2196e0cc28a85667eac86cc648f96/element/f.A87C3F4270506D018A97FB8878CFBCAF.d.C0964AB546CA6830B434383AEA31F7D6.e.1953/click - {}
RESULT: {}
COMMAND: GET /session/aaa2196e0cc28a85667eac86cc648f96/screenshot - {}
RESULT: {}
COMMAND: POST /session/aaa2196e0cc28a85667eac86cc648f96/execute/async - {"script":"<script> [1562 bytes]","args":[{"selector":{"controlType":"sap.m.Input","viewName":"etm.portal.ui.addressmanagement.view.Master","viewId":"application-addressmanagement-display-component---masterAdm","properties":{"valueState":"None"},"searchOpenDialogs":true,"interaction":{"idSuffix":"inner"}},"wdio_ui5_key":"etmportal.ui.addressmanagement.view.Mastersap.m.Input{\"valueState\":\"None\"}"}]}
RESULT: {"script":"<script> [1562 bytes]","args":[{"selector":{"controlType":"sap.m.Input","viewName":"etm.portal.ui.addressmanagement.view.Master","viewId":"application-addressmanagement-display-component---masterAdm","properties":{"valueState":"None"},"searchOpenDialogs":true,"interaction":{"idSuffix":"inner"}},"wdio_ui5_key":"etmportal.ui.addressmanagement.view.Mastersap.m.Input{\"valueState\":\"None\"}"}]}
RESULT: undefined
COMMAND: POST /session/aaa2196e0cc28a85667eac86cc648f96/execute/async - {"script":"<script> [776 bytes]","args":[{"enterText":"Test","selector":{"controlType":"sap.m.Input","viewName":"etm.portal.ui.addressmanagement.view.Master","viewId":"application-addressmanagement-display-component---masterAdm","properties":{"valueState":"None"},"searchOpenDialogs":true,"interaction":{"idSuffix":"inner"}},"clearTextFirst":true,"interactionType":"ENTER_TEXT"}]}
RESULT: {"script":"<script> [776 bytes]","args":[{"enterText":"Test","selector":{"controlType":"sap.m.Input","viewName":"etm.portal.ui.addressmanagement.view.Master","viewId":"application-addressmanagement-display-component---masterAdm","properties":{"valueState":"None"},"searchOpenDialogs":true,"interaction":{"idSuffix":"inner"}},"clearTextFirst":true,"interactionType":"ENTER_TEXT"}]}
COMMAND: POST /session/aaa2196e0cc28a85667eac86cc648f96/actions - {"actions":[{"id":"action10","type":"key","parameters":{},"actions":[{"type":"keyDown","value":"î€‡"},{"type":"pause","duration":10},{"type":"keyUp","value":"î€‡"}]}]}
RESULT: {"actions":[{"id":"action10","type":"key","parameters":{},"actions":[{"type":"keyDown","value":"î€‡"},{"type":"pause","duration":10},{"type":"keyUp","value":"î€‡"}]}]}
COMMAND: GET /session/aaa2196e0cc28a85667eac86cc648f96/screenshot - {}
RESULT: {}
COMMAND: POST /session/aaa2196e0cc28a85667eac86cc648f96/element - {"using":"xpath","value":"(//bdi[contains(text(), \"OK\")])[1]"}
RESULT: {"using":"xpath","value":"(//bdi[contains(text(), \"OK\")])[1]"}
COMMAND: POST /session/aaa2196e0cc28a85667eac86cc648f96/element/f.A87C3F4270506D018A97FB8878CFBCAF.d.C0964AB546CA6830B434383AEA31F7D6.e.1960/click - {}
RESULT: {}
COMMAND: GET /session/aaa2196e0cc28a85667eac86cc648f96/screenshot - {}
RESULT: {}
COMMAND: POST /session/aaa2196e0cc28a85667eac86cc648f96/element - {"using":"xpath","value":"//span[@id=\"application-addressmanagement-display-component---masterAdm--smartTable-header-inner\"]"}
RESULT: {"using":"xpath","value":"//span[@id=\"application-addressmanagement-display-component---masterAdm--smartTable-header-inner\"]"}
COMMAND: POST /session/aaa2196e0cc28a85667eac86cc648f96/elements - {"using":"xpath","value":"//span[@id=\"application-addressmanagement-display-component---masterAdm--smartTable-header-inner\"]"}
RESULT: {"using":"xpath","value":"//span[@id=\"application-addressmanagement-display-component---masterAdm--smartTable-header-inner\"]"}
COMMAND: POST /session/aaa2196e0cc28a85667eac86cc648f96/execute/sync - {"script":"<script> [56 bytes]","args":[{"element-6066-11e4-a52e-4f735466cecf":"f.A87C3F4270506D018A97FB8878CFBCAF.d.C0964AB546CA6830B434383AEA31F7D6.e.1609","ELEMENT":"f.A87C3F4270506D018A97FB8878CFBCAF.d.C0964AB546CA6830B434383AEA31F7D6.e.1609"}]}
RESULT: {"script":"<script> [56 bytes]","args":[{"element-6066-11e4-a52e-4f735466cecf":"f.A87C3F4270506D018A97FB8878CFBCAF.d.C0964AB546CA6830B434383AEA31F7D6.e.1609","ELEMENT":"f.A87C3F4270506D018A97FB8878CFBCAF.d.C0964AB546CA6830B434383AEA31F7D6.e.1609"}]}
COMMAND: POST /session/aaa2196e0cc28a85667eac86cc648f96/element - {"using":"xpath","value":"//span[contains(@title, \"Remove\")]"}
COMMAND: GET /session/aaa2196e0cc28a85667eac86cc648f96/screenshot - {}
RESULT: {"using":"xpath","value":"//span[contains(@title, \"Remove\")]"}
COMMAND: POST /session/aaa2196e0cc28a85667eac86cc648f96/element/f.A87C3F4270506D018A97FB8878CFBCAF.d.C0964AB546CA6830B434383AEA31F7D6.e.2050/click - {}
RESULT: {}
RESULT: {}
COMMAND: GET /session/aaa2196e0cc28a85667eac86cc648f96/screenshot - {}
RESULT: {}
COMMAND: POST /session/aaa2196e0cc28a85667eac86cc648f96/element - {"using":"xpath","value":"//span[contains(@title, \"Remove\")]"}
RESULT: {"using":"xpath","value":"//span[contains(@title, \"Remove\")]"}
COMMAND: POST /session/aaa2196e0cc28a85667eac86cc648f96/element/f.A87C3F4270506D018A97FB8878CFBCAF.d.C0964AB546CA6830B434383AEA31F7D6.e.2144/click - {}
RESULT: {}
COMMAND: GET /session/aaa2196e0cc28a85667eac86cc648f96/screenshot - {}
COMMAND: POST /session/aaa2196e0cc28a85667eac86cc648f96/element - {"using":"xpath","value":"//span[contains(@title, \"Remove\")]"}
RESULT: {}
RESULT: {"using":"xpath","value":"//span[contains(@title, \"Remove\")]"}
COMMAND: POST /session/aaa2196e0cc28a85667eac86cc648f96/element/f.A87C3F4270506D018A97FB8878CFBCAF.d.C0964AB546CA6830B434383AEA31F7D6.e.2241/click - {}
RESULT: {}
COMMAND: GET /session/aaa2196e0cc28a85667eac86cc648f96/screenshot - {}
RESULT: {}
COMMAND: POST /session/aaa2196e0cc28a85667eac86cc648f96/element - {"using":"css selector","value":"#shell-header-logo"}
RESULT: {"using":"css selector","value":"#shell-header-logo"}
COMMAND: POST /session/aaa2196e0cc28a85667eac86cc648f96/element/f.A87C3F4270506D018A97FB8878CFBCAF.d.C0964AB546CA6830B434383AEA31F7D6.e.1416/click - {}
RESULT: {}
COMMAND: GET /session/aaa2196e0cc28a85667eac86cc648f96/screenshot - {}
RESULT: {}
]]></system-out>
    </testcase>
    <testcase classname="chrome.136_0_7103_93.windows.Address_Management_Tests_US156181_US151165_US151160_US156180_US156178_US151157_US151172_US151170_US151166_US151168" name="Step 6 Should assign user ID to an user assign them to site US151172" time="75.297">
      <system-out><![CDATA[
RESULT: undefined
COMMAND: POST /session/aaa2196e0cc28a85667eac86cc648f96/element - {"using":"xpath","value":"//*[@id=\"__tile33\"]"}
RESULT: {"using":"xpath","value":"//*[@id=\"__tile33\"]"}
COMMAND: POST /session/aaa2196e0cc28a85667eac86cc648f96/element/f.A87C3F4270506D018A97FB8878CFBCAF.d.C0964AB546CA6830B434383AEA31F7D6.e.214/click - {}
RESULT: {}
COMMAND: GET /session/aaa2196e0cc28a85667eac86cc648f96/screenshot - {}
RESULT: {}
COMMAND: POST /session/aaa2196e0cc28a85667eac86cc648f96/elements - {"using":"xpath","value":"//span[text()='Error']"}
RESULT: {"using":"xpath","value":"//span[text()='Error']"}
COMMAND: POST /session/aaa2196e0cc28a85667eac86cc648f96/element - {"using":"xpath","value":"//button[@data-kt=\"addButton\"]"}
RESULT: {"using":"xpath","value":"//button[@data-kt=\"addButton\"]"}
COMMAND: POST /session/aaa2196e0cc28a85667eac86cc648f96/elements - {"using":"xpath","value":"//button[@data-kt=\"addButton\"]"}
RESULT: {"using":"xpath","value":"//button[@data-kt=\"addButton\"]"}
COMMAND: POST /session/aaa2196e0cc28a85667eac86cc648f96/execute/sync - {"script":"<script> [8489 bytes]","args":[{"element-6066-11e4-a52e-4f735466cecf":"f.A87C3F4270506D018A97FB8878CFBCAF.d.C0964AB546CA6830B434383AEA31F7D6.e.2352","ELEMENT":"f.A87C3F4270506D018A97FB8878CFBCAF.d.C0964AB546CA6830B434383AEA31F7D6.e.2352"}]}
RESULT: {"script":"<script> [8489 bytes]","args":[{"element-6066-11e4-a52e-4f735466cecf":"f.A87C3F4270506D018A97FB8878CFBCAF.d.C0964AB546CA6830B434383AEA31F7D6.e.2352","ELEMENT":"f.A87C3F4270506D018A97FB8878CFBCAF.d.C0964AB546CA6830B434383AEA31F7D6.e.2352"}]}
COMMAND: GET /session/aaa2196e0cc28a85667eac86cc648f96/element/f.A87C3F4270506D018A97FB8878CFBCAF.d.C0964AB546CA6830B434383AEA31F7D6.e.2352/enabled - {}
COMMAND: GET /session/aaa2196e0cc28a85667eac86cc648f96/screenshot - {}
RESULT: {}
COMMAND: POST /session/aaa2196e0cc28a85667eac86cc648f96/execute/sync - {"script":"<script> [8489 bytes]","args":[{"element-6066-11e4-a52e-4f735466cecf":"f.A87C3F4270506D018A97FB8878CFBCAF.d.C0964AB546CA6830B434383AEA31F7D6.e.2352","ELEMENT":"f.A87C3F4270506D018A97FB8878CFBCAF.d.C0964AB546CA6830B434383AEA31F7D6.e.2352"}]}
COMMAND: GET /session/aaa2196e0cc28a85667eac86cc648f96/screenshot - {}
RESULT: {}
RESULT: {"script":"<script> [8489 bytes]","args":[{"element-6066-11e4-a52e-4f735466cecf":"f.A87C3F4270506D018A97FB8878CFBCAF.d.C0964AB546CA6830B434383AEA31F7D6.e.2352","ELEMENT":"f.A87C3F4270506D018A97FB8878CFBCAF.d.C0964AB546CA6830B434383AEA31F7D6.e.2352"}]}
COMMAND: POST /session/aaa2196e0cc28a85667eac86cc648f96/execute/sync - {"script":"<script> [5351 bytes]","args":[{"element-6066-11e4-a52e-4f735466cecf":"f.A87C3F4270506D018A97FB8878CFBCAF.d.C0964AB546CA6830B434383AEA31F7D6.e.2352","ELEMENT":"f.A87C3F4270506D018A97FB8878CFBCAF.d.C0964AB546CA6830B434383AEA31F7D6.e.2352"}]}
COMMAND: GET /session/aaa2196e0cc28a85667eac86cc648f96/screenshot - {}
RESULT: {}
RESULT: {"script":"<script> [5351 bytes]","args":[{"element-6066-11e4-a52e-4f735466cecf":"f.A87C3F4270506D018A97FB8878CFBCAF.d.C0964AB546CA6830B434383AEA31F7D6.e.2352","ELEMENT":"f.A87C3F4270506D018A97FB8878CFBCAF.d.C0964AB546CA6830B434383AEA31F7D6.e.2352"}]}
COMMAND: GET /session/aaa2196e0cc28a85667eac86cc648f96/screenshot - {}
RESULT: {}
RESULT: {}
RESULT: undefined
COMMAND: POST /session/aaa2196e0cc28a85667eac86cc648f96/execute/async - {"script":"<script> [776 bytes]","args":[{"enterText":"Test1ETM","selector":{"id":"application-addressmanagement-display-component---masterAdm--smartFilterBar-btnBasicSearch","interaction":{"idSuffix":"I"}},"clearTextFirst":true,"interactionType":"ENTER_TEXT"}]}
RESULT: {"script":"<script> [776 bytes]","args":[{"enterText":"Test1ETM","selector":{"id":"application-addressmanagement-display-component---masterAdm--smartFilterBar-btnBasicSearch","interaction":{"idSuffix":"I"}},"clearTextFirst":true,"interactionType":"ENTER_TEXT"}]}
COMMAND: POST /session/aaa2196e0cc28a85667eac86cc648f96/actions - {"actions":[{"id":"action11","type":"key","parameters":{},"actions":[{"type":"keyDown","value":"î€‡"},{"type":"pause","duration":10},{"type":"keyUp","value":"î€‡"}]}]}
RESULT: {"actions":[{"id":"action11","type":"key","parameters":{},"actions":[{"type":"keyDown","value":"î€‡"},{"type":"pause","duration":10},{"type":"keyUp","value":"î€‡"}]}]}
COMMAND: GET /session/aaa2196e0cc28a85667eac86cc648f96/screenshot - {}
RESULT: {}
COMMAND: POST /session/aaa2196e0cc28a85667eac86cc648f96/elements - {"using":"xpath","value":"//table[contains(@id, \"customPersonsAddressesTable-listUl\")]/tbody/tr"}
RESULT: {"using":"xpath","value":"//table[contains(@id, \"customPersonsAddressesTable-listUl\")]/tbody/tr"}
COMMAND: POST /session/aaa2196e0cc28a85667eac86cc648f96/element - {"using":"xpath","value":"//table[contains(@id, \"customPersonsAddressesTable-listUl\")]/tbody/tr[1]/td[5]/span/span"}
RESULT: {"using":"xpath","value":"//table[contains(@id, \"customPersonsAddressesTable-listUl\")]/tbody/tr[1]/td[5]/span/span"}
COMMAND: POST /session/aaa2196e0cc28a85667eac86cc648f96/element - {"using":"xpath","value":"//table[contains(@id, \"customPersonsAddressesTable-listUl\")]/tbody/tr[1]/td[3]/span"}
RESULT: {"using":"xpath","value":"//table[contains(@id, \"customPersonsAddressesTable-listUl\")]/tbody/tr[1]/td[3]/span"}
COMMAND: POST /session/aaa2196e0cc28a85667eac86cc648f96/elements - {"using":"xpath","value":"//table[contains(@id, \"customPersonsAddressesTable-listUl\")]/tbody/tr[1]/td[5]/span/span"}
RESULT: {"using":"xpath","value":"//table[contains(@id, \"customPersonsAddressesTable-listUl\")]/tbody/tr[1]/td[5]/span/span"}
COMMAND: POST /session/aaa2196e0cc28a85667eac86cc648f96/execute/sync - {"script":"<script> [56 bytes]","args":[{"element-6066-11e4-a52e-4f735466cecf":"f.A87C3F4270506D018A97FB8878CFBCAF.d.C0964AB546CA6830B434383AEA31F7D6.e.2494","ELEMENT":"f.A87C3F4270506D018A97FB8878CFBCAF.d.C0964AB546CA6830B434383AEA31F7D6.e.2494"}]}
RESULT: {"script":"<script> [56 bytes]","args":[{"element-6066-11e4-a52e-4f735466cecf":"f.A87C3F4270506D018A97FB8878CFBCAF.d.C0964AB546CA6830B434383AEA31F7D6.e.2494","ELEMENT":"f.A87C3F4270506D018A97FB8878CFBCAF.d.C0964AB546CA6830B434383AEA31F7D6.e.2494"}]}
COMMAND: POST /session/aaa2196e0cc28a85667eac86cc648f96/element - {"using":"xpath","value":"//span[@id=\"application-addressmanagement-display-component---masterAdm--smartTable-header-inner\"]"}
COMMAND: GET /session/aaa2196e0cc28a85667eac86cc648f96/screenshot - {}
RESULT: {"using":"xpath","value":"//span[@id=\"application-addressmanagement-display-component---masterAdm--smartTable-header-inner\"]"}
COMMAND: POST /session/aaa2196e0cc28a85667eac86cc648f96/elements - {"using":"xpath","value":"//span[@id=\"application-addressmanagement-display-component---masterAdm--smartTable-header-inner\"]"}
RESULT: {}
RESULT: {"using":"xpath","value":"//span[@id=\"application-addressmanagement-display-component---masterAdm--smartTable-header-inner\"]"}
COMMAND: POST /session/aaa2196e0cc28a85667eac86cc648f96/execute/sync - {"script":"<script> [56 bytes]","args":[{"element-6066-11e4-a52e-4f735466cecf":"f.A87C3F4270506D018A97FB8878CFBCAF.d.C0964AB546CA6830B434383AEA31F7D6.e.2496","ELEMENT":"f.A87C3F4270506D018A97FB8878CFBCAF.d.C0964AB546CA6830B434383AEA31F7D6.e.2496"}]}
RESULT: {"script":"<script> [56 bytes]","args":[{"element-6066-11e4-a52e-4f735466cecf":"f.A87C3F4270506D018A97FB8878CFBCAF.d.C0964AB546CA6830B434383AEA31F7D6.e.2496","ELEMENT":"f.A87C3F4270506D018A97FB8878CFBCAF.d.C0964AB546CA6830B434383AEA31F7D6.e.2496"}]}
COMMAND: POST /session/aaa2196e0cc28a85667eac86cc648f96/element - {"using":"css selector","value":"#shell-header-logo"}
COMMAND: GET /session/aaa2196e0cc28a85667eac86cc648f96/screenshot - {}
RESULT: {"using":"css selector","value":"#shell-header-logo"}
COMMAND: POST /session/aaa2196e0cc28a85667eac86cc648f96/element/f.A87C3F4270506D018A97FB8878CFBCAF.d.C0964AB546CA6830B434383AEA31F7D6.e.2300/click - {}
RESULT: {}
RESULT: {}
COMMAND: GET /session/aaa2196e0cc28a85667eac86cc648f96/screenshot - {}
RESULT: {}
COMMAND: POST /session/aaa2196e0cc28a85667eac86cc648f96/execute/async - {"script":"<script> [1562 bytes]","args":[{"selector":{"controlType":"sap.m.GenericTile","properties":{"header":"Manage Sites"}},"wdio_ui5_key":"sapm.GenericTile{\"header\":\"Manage Sites\"}"}]}
RESULT: {"script":"<script> [1562 bytes]","args":[{"selector":{"controlType":"sap.m.GenericTile","properties":{"header":"Manage Sites"}},"wdio_ui5_key":"sapm.GenericTile{\"header\":\"Manage Sites\"}"}]}
RESULT: undefined
COMMAND: POST /session/aaa2196e0cc28a85667eac86cc648f96/element - {"using":"xpath","value":"//*[@id=\"__tile40\"]"}
RESULT: {"using":"xpath","value":"//*[@id=\"__tile40\"]"}
COMMAND: POST /session/aaa2196e0cc28a85667eac86cc648f96/element/f.A87C3F4270506D018A97FB8878CFBCAF.d.C0964AB546CA6830B434383AEA31F7D6.e.157/click - {}
RESULT: {}
COMMAND: GET /session/aaa2196e0cc28a85667eac86cc648f96/screenshot - {}
RESULT: {}
COMMAND: POST /session/aaa2196e0cc28a85667eac86cc648f96/elements - {"using":"xpath","value":"//span[text()='Error']"}
RESULT: {"using":"xpath","value":"//span[text()='Error']"}
COMMAND: POST /session/aaa2196e0cc28a85667eac86cc648f96/element - {"using":"xpath","value":"//button[@data-kt=\"addOverflowToolbarButton\"]"}
RESULT: {"using":"xpath","value":"//button[@data-kt=\"addOverflowToolbarButton\"]"}
COMMAND: POST /session/aaa2196e0cc28a85667eac86cc648f96/elements - {"using":"xpath","value":"//button[@data-kt=\"addOverflowToolbarButton\"]"}
RESULT: {"using":"xpath","value":"//button[@data-kt=\"addOverflowToolbarButton\"]"}
COMMAND: POST /session/aaa2196e0cc28a85667eac86cc648f96/execute/sync - {"script":"<script> [8489 bytes]","args":[{"element-6066-11e4-a52e-4f735466cecf":"f.A87C3F4270506D018A97FB8878CFBCAF.d.C0964AB546CA6830B434383AEA31F7D6.e.2543","ELEMENT":"f.A87C3F4270506D018A97FB8878CFBCAF.d.C0964AB546CA6830B434383AEA31F7D6.e.2543"}]}
RESULT: {"script":"<script> [8489 bytes]","args":[{"element-6066-11e4-a52e-4f735466cecf":"f.A87C3F4270506D018A97FB8878CFBCAF.d.C0964AB546CA6830B434383AEA31F7D6.e.2543","ELEMENT":"f.A87C3F4270506D018A97FB8878CFBCAF.d.C0964AB546CA6830B434383AEA31F7D6.e.2543"}]}
COMMAND: GET /session/aaa2196e0cc28a85667eac86cc648f96/element/f.A87C3F4270506D018A97FB8878CFBCAF.d.C0964AB546CA6830B434383AEA31F7D6.e.2543/enabled - {}
COMMAND: GET /session/aaa2196e0cc28a85667eac86cc648f96/screenshot - {}
RESULT: {}
COMMAND: POST /session/aaa2196e0cc28a85667eac86cc648f96/execute/sync - {"script":"<script> [8489 bytes]","args":[{"element-6066-11e4-a52e-4f735466cecf":"f.A87C3F4270506D018A97FB8878CFBCAF.d.C0964AB546CA6830B434383AEA31F7D6.e.2543","ELEMENT":"f.A87C3F4270506D018A97FB8878CFBCAF.d.C0964AB546CA6830B434383AEA31F7D6.e.2543"}]}
COMMAND: GET /session/aaa2196e0cc28a85667eac86cc648f96/screenshot - {}
RESULT: {}
RESULT: {"script":"<script> [8489 bytes]","args":[{"element-6066-11e4-a52e-4f735466cecf":"f.A87C3F4270506D018A97FB8878CFBCAF.d.C0964AB546CA6830B434383AEA31F7D6.e.2543","ELEMENT":"f.A87C3F4270506D018A97FB8878CFBCAF.d.C0964AB546CA6830B434383AEA31F7D6.e.2543"}]}
COMMAND: POST /session/aaa2196e0cc28a85667eac86cc648f96/execute/sync - {"script":"<script> [5351 bytes]","args":[{"element-6066-11e4-a52e-4f735466cecf":"f.A87C3F4270506D018A97FB8878CFBCAF.d.C0964AB546CA6830B434383AEA31F7D6.e.2543","ELEMENT":"f.A87C3F4270506D018A97FB8878CFBCAF.d.C0964AB546CA6830B434383AEA31F7D6.e.2543"}]}
COMMAND: GET /session/aaa2196e0cc28a85667eac86cc648f96/screenshot - {}
RESULT: {}
RESULT: {"script":"<script> [5351 bytes]","args":[{"element-6066-11e4-a52e-4f735466cecf":"f.A87C3F4270506D018A97FB8878CFBCAF.d.C0964AB546CA6830B434383AEA31F7D6.e.2543","ELEMENT":"f.A87C3F4270506D018A97FB8878CFBCAF.d.C0964AB546CA6830B434383AEA31F7D6.e.2543"}]}
COMMAND: GET /session/aaa2196e0cc28a85667eac86cc648f96/screenshot - {}
RESULT: {}
RESULT: {}
COMMAND: POST /session/aaa2196e0cc28a85667eac86cc648f96/element/f.A87C3F4270506D018A97FB8878CFBCAF.d.C0964AB546CA6830B434383AEA31F7D6.e.2543/click - {}
RESULT: {}
COMMAND: GET /session/aaa2196e0cc28a85667eac86cc648f96/screenshot - {}
RESULT: {}
COMMAND: POST /session/aaa2196e0cc28a85667eac86cc648f96/execute/async - {"script":"<script> [1562 bytes]","args":[{"selector":{"controlType":"sap.m.Button","viewName":"etm.portal.ui.managesites.view.NewSmartSite","viewId":"application-managesites-display-component---NewSite","properties":{"text":"Contacts (Users)"},"interaction":{"idSuffix":"BDI-content"}},"wdio_ui5_key":"etmportal.ui.managesites.view.NewSmartSitesap.m.Button{\"text\":\"Contacts (Users)\"}"}]}
RESULT: {"script":"<script> [1562 bytes]","args":[{"selector":{"controlType":"sap.m.Button","viewName":"etm.portal.ui.managesites.view.NewSmartSite","viewId":"application-managesites-display-component---NewSite","properties":{"text":"Contacts (Users)"},"interaction":{"idSuffix":"BDI-content"}},"wdio_ui5_key":"etmportal.ui.managesites.view.NewSmartSitesap.m.Button{\"text\":\"Contacts (Users)\"}"}]}
RESULT: undefined
COMMAND: POST /session/aaa2196e0cc28a85667eac86cc648f96/element - {"using":"xpath","value":"//*[@id=\"application-managesites-display-component---NewSite--ObjectPageLayout-anchBar-__section46-anchor\"]"}
RESULT: {"using":"xpath","value":"//*[@id=\"application-managesites-display-component---NewSite--ObjectPageLayout-anchBar-__section46-anchor\"]"}
COMMAND: POST /session/aaa2196e0cc28a85667eac86cc648f96/element/f.A87C3F4270506D018A97FB8878CFBCAF.d.C0964AB546CA6830B434383AEA31F7D6.e.3162/click - {}
RESULT: {}
COMMAND: GET /session/aaa2196e0cc28a85667eac86cc648f96/screenshot - {}
RESULT: {}
COMMAND: POST /session/aaa2196e0cc28a85667eac86cc648f96/element - {"using":"xpath","value":"//button[@data-kt=\"onAddUserOverflowToolbarButton\"]"}
RESULT: {"using":"xpath","value":"//button[@data-kt=\"onAddUserOverflowToolbarButton\"]"}
COMMAND: POST /session/aaa2196e0cc28a85667eac86cc648f96/element/f.A87C3F4270506D018A97FB8878CFBCAF.d.C0964AB546CA6830B434383AEA31F7D6.e.3167/click - {}
RESULT: {}
COMMAND: GET /session/aaa2196e0cc28a85667eac86cc648f96/screenshot - {}
RESULT: {}
COMMAND: POST /session/aaa2196e0cc28a85667eac86cc648f96/execute/async - {"script":"<script> [1562 bytes]","args":[{"selector":{"controlType":"sap.m.SearchField","viewName":"etm.portal.ui.managesites.view.NewSmartSite","viewId":"application-managesites-display-component---NewSite","searchOpenDialogs":true,"interaction":{"idSuffix":"I"}},"wdio_ui5_key":"etmportal.ui.managesites.view.NewSmartSitesap.m.SearchField"}]}
RESULT: {"script":"<script> [1562 bytes]","args":[{"selector":{"controlType":"sap.m.SearchField","viewName":"etm.portal.ui.managesites.view.NewSmartSite","viewId":"application-managesites-display-component---NewSite","searchOpenDialogs":true,"interaction":{"idSuffix":"I"}},"wdio_ui5_key":"etmportal.ui.managesites.view.NewSmartSitesap.m.SearchField"}]}
RESULT: undefined
COMMAND: POST /session/aaa2196e0cc28a85667eac86cc648f96/execute/async - {"script":"<script> [776 bytes]","args":[{"enterText":"Test1ETM","selector":{"controlType":"sap.m.SearchField","viewName":"etm.portal.ui.managesites.view.NewSmartSite","viewId":"application-managesites-display-component---NewSite","searchOpenDialogs":true,"interaction":{"idSuffix":"I"}},"clearTextFirst":true,"interactionType":"ENTER_TEXT"}]}
RESULT: {"script":"<script> [776 bytes]","args":[{"enterText":"Test1ETM","selector":{"controlType":"sap.m.SearchField","viewName":"etm.portal.ui.managesites.view.NewSmartSite","viewId":"application-managesites-display-component---NewSite","searchOpenDialogs":true,"interaction":{"idSuffix":"I"}},"clearTextFirst":true,"interactionType":"ENTER_TEXT"}]}
COMMAND: POST /session/aaa2196e0cc28a85667eac86cc648f96/actions - {"actions":[{"id":"action12","type":"key","parameters":{},"actions":[{"type":"keyDown","value":"î€‡"},{"type":"pause","duration":10},{"type":"keyUp","value":"î€‡"}]}]}
RESULT: {"actions":[{"id":"action12","type":"key","parameters":{},"actions":[{"type":"keyDown","value":"î€‡"},{"type":"pause","duration":10},{"type":"keyUp","value":"î€‡"}]}]}
COMMAND: GET /session/aaa2196e0cc28a85667eac86cc648f96/screenshot - {}
RESULT: {}
COMMAND: POST /session/aaa2196e0cc28a85667eac86cc648f96/element - {"using":"xpath","value":"//li[.//*[contains(text(), \"Test1ETM\")] or contains(text(), \"Test1ETM\")]"}
RESULT: {"using":"xpath","value":"//li[.//*[contains(text(), \"Test1ETM\")] or contains(text(), \"Test1ETM\")]"}
COMMAND: POST /session/aaa2196e0cc28a85667eac86cc648f96/elements - {"using":"xpath","value":"//li[.//*[contains(text(), \"Test1ETM\")] or contains(text(), \"Test1ETM\")]"}
RESULT: {"using":"xpath","value":"//li[.//*[contains(text(), \"Test1ETM\")] or contains(text(), \"Test1ETM\")]"}
COMMAND: POST /session/aaa2196e0cc28a85667eac86cc648f96/element - {"using":"xpath","value":"//button[.//bdi[contains(text(), \"Cancel\")]][1]"}
RESULT: {"using":"xpath","value":"//button[.//bdi[contains(text(), \"Cancel\")]][1]"}
COMMAND: POST /session/aaa2196e0cc28a85667eac86cc648f96/element/f.A87C3F4270506D018A97FB8878CFBCAF.d.C0964AB546CA6830B434383AEA31F7D6.e.3173/click - {}
RESULT: {}
COMMAND: GET /session/aaa2196e0cc28a85667eac86cc648f96/screenshot - {}
RESULT: {}
COMMAND: POST /session/aaa2196e0cc28a85667eac86cc648f96/element - {"using":"css selector","value":"#shell-header-logo"}
RESULT: {"using":"css selector","value":"#shell-header-logo"}
COMMAND: POST /session/aaa2196e0cc28a85667eac86cc648f96/element/f.A87C3F4270506D018A97FB8878CFBCAF.d.C0964AB546CA6830B434383AEA31F7D6.e.2501/click - {}
RESULT: {}
COMMAND: GET /session/aaa2196e0cc28a85667eac86cc648f96/screenshot - {}
RESULT: {}
]]></system-out>
    </testcase>
  </testsuite>
</testsuites>