<?xml version="1.0" encoding="UTF-8"?>
<testsuites tests="15" failures="10" errors="10" skipped="0">
  <testsuite timestamp="2025-06-04T05:15:27" time="932.909" tests="9" failures="5" errors="5" skipped="0">
    <properties>
      <property name="specId" value="0" />
      <property name="suiteName" value="Tests for Mass State Change on Manage States &amp; Performances US104416 US" />
      <property name="capabilities" value="chrome.136_0_7103_93.windows" />
      <property name="file" value="file:///D:/a/1/s/test/specs/HTR/create-mass-state-change.spec.js" />
    </properties>
    <testcase classname="chrome.136_0_7103_93.windows.Tests_for_Mass_State_Change_on_Manage_States_&amp;_Performances_US104416_US" name="Prereq Should create a new yard used for all following tests" time="119.89">
      <system-out><![CDATA[
COMMAND: POST /session/b8d65177d5a87194928105dc462df4ae/window/fullscreen - {}
RESULT: {}
COMMAND: POST /session/b8d65177d5a87194928105dc462df4ae/execute/async - {"script":"<script> [1562 bytes]","args":[{"selector":{"controlType":"sap.m.GenericTile","properties":{"header":"Manage Yards"}},"wdio_ui5_key":"sapm.GenericTile{\"header\":\"Manage Yards\"}"}]}
RESULT: {"script":"<script> [1562 bytes]","args":[{"selector":{"controlType":"sap.m.GenericTile","properties":{"header":"Manage Yards"}},"wdio_ui5_key":"sapm.GenericTile{\"header\":\"Manage Yards\"}"}]}
RESULT: undefined
COMMAND: POST /session/b8d65177d5a87194928105dc462df4ae/element - {"using":"xpath","value":"//*[@id=\"__tile41\"]"}
RESULT: {"using":"xpath","value":"//*[@id=\"__tile41\"]"}
COMMAND: POST /session/b8d65177d5a87194928105dc462df4ae/element/f.A76E8B59E5586EBC4341E91D969E0FF6.d.C65681305B47DE8D0B0369E2875EFA9A.e.167/click - {}
RESULT: {}
COMMAND: GET /session/b8d65177d5a87194928105dc462df4ae/screenshot - {}
RESULT: {}
COMMAND: POST /session/b8d65177d5a87194928105dc462df4ae/elements - {"using":"xpath","value":"//span[text()='Error']"}
RESULT: {"using":"xpath","value":"//span[text()='Error']"}
COMMAND: POST /session/b8d65177d5a87194928105dc462df4ae/element - {"using":"xpath","value":"//button[@data-kt=\"addNewYardOverflowToolbarButton\"]"}
RESULT: {"using":"xpath","value":"//button[@data-kt=\"addNewYardOverflowToolbarButton\"]"}
COMMAND: POST /session/b8d65177d5a87194928105dc462df4ae/elements - {"using":"xpath","value":"//button[@data-kt=\"addNewYardOverflowToolbarButton\"]"}
RESULT: {"using":"xpath","value":"//button[@data-kt=\"addNewYardOverflowToolbarButton\"]"}
COMMAND: POST /session/b8d65177d5a87194928105dc462df4ae/elements - {"using":"xpath","value":"//button[@data-kt=\"addNewYardOverflowToolbarButton\"]"}
RESULT: {"using":"xpath","value":"//button[@data-kt=\"addNewYardOverflowToolbarButton\"]"}
COMMAND: POST /session/b8d65177d5a87194928105dc462df4ae/element - {"using":"xpath","value":"//button[@data-kt=\"addNewYardOverflowToolbarButton\"]"}
RESULT: {"using":"xpath","value":"//button[@data-kt=\"addNewYardOverflowToolbarButton\"]"}
COMMAND: POST /session/b8d65177d5a87194928105dc462df4ae/execute/sync - {"script":"<script> [8489 bytes]","args":[{"element-6066-11e4-a52e-4f735466cecf":"f.A76E8B59E5586EBC4341E91D969E0FF6.d.C65681305B47DE8D0B0369E2875EFA9A.e.304","ELEMENT":"f.A76E8B59E5586EBC4341E91D969E0FF6.d.C65681305B47DE8D0B0369E2875EFA9A.e.304"}]}
RESULT: {"script":"<script> [8489 bytes]","args":[{"element-6066-11e4-a52e-4f735466cecf":"f.A76E8B59E5586EBC4341E91D969E0FF6.d.C65681305B47DE8D0B0369E2875EFA9A.e.304","ELEMENT":"f.A76E8B59E5586EBC4341E91D969E0FF6.d.C65681305B47DE8D0B0369E2875EFA9A.e.304"}]}
COMMAND: GET /session/b8d65177d5a87194928105dc462df4ae/element/f.A76E8B59E5586EBC4341E91D969E0FF6.d.C65681305B47DE8D0B0369E2875EFA9A.e.304/enabled - {}
COMMAND: GET /session/b8d65177d5a87194928105dc462df4ae/screenshot - {}
RESULT: {}
COMMAND: POST /session/b8d65177d5a87194928105dc462df4ae/execute/sync - {"script":"<script> [8489 bytes]","args":[{"element-6066-11e4-a52e-4f735466cecf":"f.A76E8B59E5586EBC4341E91D969E0FF6.d.C65681305B47DE8D0B0369E2875EFA9A.e.304","ELEMENT":"f.A76E8B59E5586EBC4341E91D969E0FF6.d.C65681305B47DE8D0B0369E2875EFA9A.e.304"}]}
COMMAND: GET /session/b8d65177d5a87194928105dc462df4ae/screenshot - {}
RESULT: {}
RESULT: {"script":"<script> [8489 bytes]","args":[{"element-6066-11e4-a52e-4f735466cecf":"f.A76E8B59E5586EBC4341E91D969E0FF6.d.C65681305B47DE8D0B0369E2875EFA9A.e.304","ELEMENT":"f.A76E8B59E5586EBC4341E91D969E0FF6.d.C65681305B47DE8D0B0369E2875EFA9A.e.304"}]}
COMMAND: POST /session/b8d65177d5a87194928105dc462df4ae/execute/sync - {"script":"<script> [5351 bytes]","args":[{"element-6066-11e4-a52e-4f735466cecf":"f.A76E8B59E5586EBC4341E91D969E0FF6.d.C65681305B47DE8D0B0369E2875EFA9A.e.304","ELEMENT":"f.A76E8B59E5586EBC4341E91D969E0FF6.d.C65681305B47DE8D0B0369E2875EFA9A.e.304"}]}
COMMAND: GET /session/b8d65177d5a87194928105dc462df4ae/screenshot - {}
RESULT: {}
RESULT: {"script":"<script> [5351 bytes]","args":[{"element-6066-11e4-a52e-4f735466cecf":"f.A76E8B59E5586EBC4341E91D969E0FF6.d.C65681305B47DE8D0B0369E2875EFA9A.e.304","ELEMENT":"f.A76E8B59E5586EBC4341E91D969E0FF6.d.C65681305B47DE8D0B0369E2875EFA9A.e.304"}]}
COMMAND: POST /session/b8d65177d5a87194928105dc462df4ae/element/f.A76E8B59E5586EBC4341E91D969E0FF6.d.C65681305B47DE8D0B0369E2875EFA9A.e.304/click - {}
COMMAND: GET /session/b8d65177d5a87194928105dc462df4ae/screenshot - {}
RESULT: {}
RESULT: {}
COMMAND: GET /session/b8d65177d5a87194928105dc462df4ae/screenshot - {}
COMMAND: POST /session/b8d65177d5a87194928105dc462df4ae/element - {"using":"xpath","value":"//input[@id=\"application-manageyards-display-component---NewYard--yardId-inner\"]"}
RESULT: {}
RESULT: {}
RESULT: {"using":"xpath","value":"//input[@id=\"application-manageyards-display-component---NewYard--yardId-inner\"]"}
COMMAND: POST /session/b8d65177d5a87194928105dc462df4ae/element - {"using":"xpath","value":"//input[@id=\"application-manageyards-display-component---NewYard--yardId-inner\"]"}
RESULT: {"using":"xpath","value":"//input[@id=\"application-manageyards-display-component---NewYard--yardId-inner\"]"}
COMMAND: POST /session/b8d65177d5a87194928105dc462df4ae/execute/async - {"script":"<script> [1562 bytes]","args":[{"selector":{"id":"application-manageyards-display-component---NewYard--addressDetailDetailsName1","interaction":{"idSuffix":"inner"}},"wdio_ui5_key":"applicationmanageyards-display-component---NewYard--addressDetailDetailsName1"}]}
RESULT: {"script":"<script> [1562 bytes]","args":[{"selector":{"id":"application-manageyards-display-component---NewYard--addressDetailDetailsName1","interaction":{"idSuffix":"inner"}},"wdio_ui5_key":"applicationmanageyards-display-component---NewYard--addressDetailDetailsName1"}]}
RESULT: undefined
COMMAND: POST /session/b8d65177d5a87194928105dc462df4ae/execute/async - {"script":"<script> [776 bytes]","args":[{"enterText":"Other Yard WDIO","selector":{"id":"application-manageyards-display-component---NewYard--addressDetailDetailsName1","interaction":{"idSuffix":"inner"}},"clearTextFirst":true,"interactionType":"ENTER_TEXT"}]}
RESULT: {"script":"<script> [776 bytes]","args":[{"enterText":"Other Yard WDIO","selector":{"id":"application-manageyards-display-component---NewYard--addressDetailDetailsName1","interaction":{"idSuffix":"inner"}},"clearTextFirst":true,"interactionType":"ENTER_TEXT"}]}
COMMAND: POST /session/b8d65177d5a87194928105dc462df4ae/execute/async - {"script":"<script> [1562 bytes]","args":[{"selector":{"id":"application-manageyards-display-component---NewYard--addressDetailDetailsLanguage-arrow"},"wdio_ui5_key":"applicationmanageyards-display-component---NewYard--addressDetailDetailsLanguage-arrow"}]}
RESULT: {"script":"<script> [1562 bytes]","args":[{"selector":{"id":"application-manageyards-display-component---NewYard--addressDetailDetailsLanguage-arrow"},"wdio_ui5_key":"applicationmanageyards-display-component---NewYard--addressDetailDetailsLanguage-arrow"}]}
RESULT: undefined
COMMAND: POST /session/b8d65177d5a87194928105dc462df4ae/element - {"using":"xpath","value":"//*[@id=\"application-manageyards-display-component---NewYard--addressDetailDetailsLanguage-arrow\"]"}
RESULT: {"using":"xpath","value":"//*[@id=\"application-manageyards-display-component---NewYard--addressDetailDetailsLanguage-arrow\"]"}
COMMAND: POST /session/b8d65177d5a87194928105dc462df4ae/element/f.A76E8B59E5586EBC4341E91D969E0FF6.d.C65681305B47DE8D0B0369E2875EFA9A.e.740/click - {}
RESULT: {}
COMMAND: POST /session/b8d65177d5a87194928105dc462df4ae/element - {"using":"xpath","value":"//span[contains(text(), \"English\")]"}
COMMAND: GET /session/b8d65177d5a87194928105dc462df4ae/screenshot - {}
RESULT: {"using":"xpath","value":"//span[contains(text(), \"English\")]"}
COMMAND: POST /session/b8d65177d5a87194928105dc462df4ae/element/f.A76E8B59E5586EBC4341E91D969E0FF6.d.C65681305B47DE8D0B0369E2875EFA9A.e.741/click - {}
RESULT: {}
RESULT: {}
COMMAND: POST /session/b8d65177d5a87194928105dc462df4ae/execute/async - {"script":"<script> [1562 bytes]","args":[{"selector":{"id":"application-manageyards-display-component---NewYard--addressDetailDetailsCity1","interaction":{"idSuffix":"inner"}},"wdio_ui5_key":"applicationmanageyards-display-component---NewYard--addressDetailDetailsCity1"}]}
COMMAND: GET /session/b8d65177d5a87194928105dc462df4ae/screenshot - {}
RESULT: {"script":"<script> [1562 bytes]","args":[{"selector":{"id":"application-manageyards-display-component---NewYard--addressDetailDetailsCity1","interaction":{"idSuffix":"inner"}},"wdio_ui5_key":"applicationmanageyards-display-component---NewYard--addressDetailDetailsCity1"}]}
RESULT: undefined
COMMAND: POST /session/b8d65177d5a87194928105dc462df4ae/execute/async - {"script":"<script> [776 bytes]","args":[{"enterText":"Rosario","selector":{"id":"application-manageyards-display-component---NewYard--addressDetailDetailsCity1","interaction":{"idSuffix":"inner"}},"clearTextFirst":true,"interactionType":"ENTER_TEXT"}]}
RESULT: {}
RESULT: {"script":"<script> [776 bytes]","args":[{"enterText":"Rosario","selector":{"id":"application-manageyards-display-component---NewYard--addressDetailDetailsCity1","interaction":{"idSuffix":"inner"}},"clearTextFirst":true,"interactionType":"ENTER_TEXT"}]}
COMMAND: POST /session/b8d65177d5a87194928105dc462df4ae/execute/async - {"script":"<script> [1562 bytes]","args":[{"selector":{"id":"application-manageyards-display-component---NewYard--addressDetailDetailsCountry-arrow"},"wdio_ui5_key":"applicationmanageyards-display-component---NewYard--addressDetailDetailsCountry-arrow"}]}
RESULT: {"script":"<script> [1562 bytes]","args":[{"selector":{"id":"application-manageyards-display-component---NewYard--addressDetailDetailsCountry-arrow"},"wdio_ui5_key":"applicationmanageyards-display-component---NewYard--addressDetailDetailsCountry-arrow"}]}
RESULT: undefined
COMMAND: POST /session/b8d65177d5a87194928105dc462df4ae/element - {"using":"xpath","value":"//*[@id=\"application-manageyards-display-component---NewYard--addressDetailDetailsCountry-arrow\"]"}
RESULT: {"using":"xpath","value":"//*[@id=\"application-manageyards-display-component---NewYard--addressDetailDetailsCountry-arrow\"]"}
COMMAND: POST /session/b8d65177d5a87194928105dc462df4ae/element/f.A76E8B59E5586EBC4341E91D969E0FF6.d.C65681305B47DE8D0B0369E2875EFA9A.e.743/click - {}
RESULT: {}
COMMAND: POST /session/b8d65177d5a87194928105dc462df4ae/element - {"using":"xpath","value":"//span[contains(text(), \"Argentina\")]"}
COMMAND: GET /session/b8d65177d5a87194928105dc462df4ae/screenshot - {}
RESULT: {"using":"xpath","value":"//span[contains(text(), \"Argentina\")]"}
COMMAND: POST /session/b8d65177d5a87194928105dc462df4ae/element/f.A76E8B59E5586EBC4341E91D969E0FF6.d.C65681305B47DE8D0B0369E2875EFA9A.e.744/click - {}
RESULT: {}
RESULT: {}
COMMAND: POST /session/b8d65177d5a87194928105dc462df4ae/execute/async - {"script":"<script> [1562 bytes]","args":[{"selector":{"id":"application-manageyards-display-component---NewYard--addressEditDetailsCostObjectCstType-arrow"},"wdio_ui5_key":"applicationmanageyards-display-component---NewYard--addressEditDetailsCostObjectCstType-arrow"}]}
COMMAND: GET /session/b8d65177d5a87194928105dc462df4ae/screenshot - {}
RESULT: {"script":"<script> [1562 bytes]","args":[{"selector":{"id":"application-manageyards-display-component---NewYard--addressEditDetailsCostObjectCstType-arrow"},"wdio_ui5_key":"applicationmanageyards-display-component---NewYard--addressEditDetailsCostObjectCstType-arrow"}]}
RESULT: undefined
COMMAND: POST /session/b8d65177d5a87194928105dc462df4ae/element - {"using":"xpath","value":"//*[@id=\"application-manageyards-display-component---NewYard--addressEditDetailsCostObjectCstType-arrow\"]"}
RESULT: {}
RESULT: {"using":"xpath","value":"//*[@id=\"application-manageyards-display-component---NewYard--addressEditDetailsCostObjectCstType-arrow\"]"}
COMMAND: POST /session/b8d65177d5a87194928105dc462df4ae/element/f.A76E8B59E5586EBC4341E91D969E0FF6.d.C65681305B47DE8D0B0369E2875EFA9A.e.746/click - {}
RESULT: {}
COMMAND: POST /session/b8d65177d5a87194928105dc462df4ae/element - {"using":"xpath","value":"//span[contains(text(), \"Cost Center\")]"}
COMMAND: GET /session/b8d65177d5a87194928105dc462df4ae/screenshot - {}
RESULT: {"using":"xpath","value":"//span[contains(text(), \"Cost Center\")]"}
COMMAND: POST /session/b8d65177d5a87194928105dc462df4ae/element/f.A76E8B59E5586EBC4341E91D969E0FF6.d.C65681305B47DE8D0B0369E2875EFA9A.e.747/click - {}
RESULT: {}
RESULT: {}
COMMAND: GET /session/b8d65177d5a87194928105dc462df4ae/screenshot - {}
RESULT: {}
COMMAND: POST /session/b8d65177d5a87194928105dc462df4ae/element - {"using":"xpath","value":"//span[@id=\"application-manageyards-display-component---NewYard--addressNewCostObjectCstID-vhi\"]"}
RESULT: {"using":"xpath","value":"//span[@id=\"application-manageyards-display-component---NewYard--addressNewCostObjectCstID-vhi\"]"}
COMMAND: POST /session/b8d65177d5a87194928105dc462df4ae/execute/sync - {"script":"<script> [8489 bytes]","args":[{"element-6066-11e4-a52e-4f735466cecf":"f.A76E8B59E5586EBC4341E91D969E0FF6.d.C65681305B47DE8D0B0369E2875EFA9A.e.751","ELEMENT":"f.A76E8B59E5586EBC4341E91D969E0FF6.d.C65681305B47DE8D0B0369E2875EFA9A.e.751"}]}
RESULT: {"script":"<script> [8489 bytes]","args":[{"element-6066-11e4-a52e-4f735466cecf":"f.A76E8B59E5586EBC4341E91D969E0FF6.d.C65681305B47DE8D0B0369E2875EFA9A.e.751","ELEMENT":"f.A76E8B59E5586EBC4341E91D969E0FF6.d.C65681305B47DE8D0B0369E2875EFA9A.e.751"}]}
COMMAND: POST /session/b8d65177d5a87194928105dc462df4ae/execute/async - {"script":"<script> [1562 bytes]","args":[{"selector":{"id":"application-manageyards-display-component---NewYard--addressNewCostObjectCstID-vhi"},"wdio_ui5_key":"applicationmanageyards-display-component---NewYard--addressNewCostObjectCstID-vhi"}]}
COMMAND: GET /session/b8d65177d5a87194928105dc462df4ae/screenshot - {}
RESULT: {"script":"<script> [1562 bytes]","args":[{"selector":{"id":"application-manageyards-display-component---NewYard--addressNewCostObjectCstID-vhi"},"wdio_ui5_key":"applicationmanageyards-display-component---NewYard--addressNewCostObjectCstID-vhi"}]}
RESULT: undefined
COMMAND: POST /session/b8d65177d5a87194928105dc462df4ae/element - {"using":"xpath","value":"//*[@id=\"application-manageyards-display-component---NewYard--addressNewCostObjectCstID-vhi\"]"}
RESULT: {}
RESULT: {"using":"xpath","value":"//*[@id=\"application-manageyards-display-component---NewYard--addressNewCostObjectCstID-vhi\"]"}
COMMAND: POST /session/b8d65177d5a87194928105dc462df4ae/element/f.A76E8B59E5586EBC4341E91D969E0FF6.d.C65681305B47DE8D0B0369E2875EFA9A.e.751/click - {}
RESULT: {}
COMMAND: GET /session/b8d65177d5a87194928105dc462df4ae/screenshot - {}
RESULT: {}
COMMAND: POST /session/b8d65177d5a87194928105dc462df4ae/execute/async - {"script":"<script> [1562 bytes]","args":[{"selector":{"controlType":"sap.m.SearchField","properties":{"placeholder":"Search"},"searchOpenDialogs":true,"interaction":{"idSuffix":"I"}},"wdio_ui5_key":"sapm.SearchField{\"placeholder\":\"Search\"}"}]}
RESULT: {"script":"<script> [1562 bytes]","args":[{"selector":{"controlType":"sap.m.SearchField","properties":{"placeholder":"Search"},"searchOpenDialogs":true,"interaction":{"idSuffix":"I"}},"wdio_ui5_key":"sapm.SearchField{\"placeholder\":\"Search\"}"}]}
RESULT: undefined
COMMAND: POST /session/b8d65177d5a87194928105dc462df4ae/execute/async - {"script":"<script> [776 bytes]","args":[{"enterText":"bauh_b","selector":{"controlType":"sap.m.SearchField","properties":{"placeholder":"Search"},"searchOpenDialogs":true,"interaction":{"idSuffix":"I"}},"clearTextFirst":true,"interactionType":"ENTER_TEXT"}]}
RESULT: {"script":"<script> [776 bytes]","args":[{"enterText":"bauh_b","selector":{"controlType":"sap.m.SearchField","properties":{"placeholder":"Search"},"searchOpenDialogs":true,"interaction":{"idSuffix":"I"}},"clearTextFirst":true,"interactionType":"ENTER_TEXT"}]}
COMMAND: POST /session/b8d65177d5a87194928105dc462df4ae/actions - {"actions":[{"id":"action1","type":"key","parameters":{},"actions":[{"type":"keyDown","value":"î€‡"},{"type":"pause","duration":10},{"type":"keyUp","value":"î€‡"}]}]}
RESULT: {"actions":[{"id":"action1","type":"key","parameters":{},"actions":[{"type":"keyDown","value":"î€‡"},{"type":"pause","duration":10},{"type":"keyUp","value":"î€‡"}]}]}
COMMAND: GET /session/b8d65177d5a87194928105dc462df4ae/screenshot - {}
RESULT: {}
COMMAND: POST /session/b8d65177d5a87194928105dc462df4ae/element - {"using":"xpath","value":"//span[contains(text(), \"Demo Yard\")]"}
RESULT: {"using":"xpath","value":"//span[contains(text(), \"Demo Yard\")]"}
COMMAND: POST /session/b8d65177d5a87194928105dc462df4ae/element/f.A76E8B59E5586EBC4341E91D969E0FF6.d.C65681305B47DE8D0B0369E2875EFA9A.e.792/click - {}
RESULT: {}
COMMAND: GET /session/b8d65177d5a87194928105dc462df4ae/screenshot - {}
RESULT: {}
COMMAND: POST /session/b8d65177d5a87194928105dc462df4ae/element - {"using":"xpath","value":"//bdi[contains(text(), \"OK\")]"}
RESULT: {"using":"xpath","value":"//bdi[contains(text(), \"OK\")]"}
COMMAND: POST /session/b8d65177d5a87194928105dc462df4ae/element/f.A76E8B59E5586EBC4341E91D969E0FF6.d.C65681305B47DE8D0B0369E2875EFA9A.e.793/click - {}
RESULT: {}
COMMAND: GET /session/b8d65177d5a87194928105dc462df4ae/screenshot - {}
RESULT: {}
COMMAND: POST /session/b8d65177d5a87194928105dc462df4ae/execute/async - {"script":"<script> [1562 bytes]","args":[{"selector":{"id":"application-manageyards-display-component---NewYard--addressEditDetailsCurrency-arrow"},"wdio_ui5_key":"applicationmanageyards-display-component---NewYard--addressEditDetailsCurrency-arrow"}]}
RESULT: {"script":"<script> [1562 bytes]","args":[{"selector":{"id":"application-manageyards-display-component---NewYard--addressEditDetailsCurrency-arrow"},"wdio_ui5_key":"applicationmanageyards-display-component---NewYard--addressEditDetailsCurrency-arrow"}]}
RESULT: undefined
COMMAND: POST /session/b8d65177d5a87194928105dc462df4ae/element - {"using":"xpath","value":"//*[@id=\"application-manageyards-display-component---NewYard--addressEditDetailsCurrency-arrow\"]"}
RESULT: {"using":"xpath","value":"//*[@id=\"application-manageyards-display-component---NewYard--addressEditDetailsCurrency-arrow\"]"}
COMMAND: POST /session/b8d65177d5a87194928105dc462df4ae/element/f.A76E8B59E5586EBC4341E91D969E0FF6.d.C65681305B47DE8D0B0369E2875EFA9A.e.796/click - {}
RESULT: {}
COMMAND: POST /session/b8d65177d5a87194928105dc462df4ae/element - {"using":"xpath","value":"//span[contains(text(), \"Euro\")]"}
COMMAND: GET /session/b8d65177d5a87194928105dc462df4ae/screenshot - {}
RESULT: {"using":"xpath","value":"//span[contains(text(), \"Euro\")]"}
COMMAND: POST /session/b8d65177d5a87194928105dc462df4ae/element/f.A76E8B59E5586EBC4341E91D969E0FF6.d.C65681305B47DE8D0B0369E2875EFA9A.e.797/click - {}
RESULT: {}
RESULT: {}
COMMAND: POST /session/b8d65177d5a87194928105dc462df4ae/execute/async - {"script":"<script> [1562 bytes]","args":[{"selector":{"controlType":"sap.m.Input","viewName":"etm.portal.ui.manageyards.view.New","viewId":"application-manageyards-display-component---NewYard","bindingPath":{"path":"","propertyPath":"/CONTROLLING_AREA","modelName":"NewYardModel"},"interaction":{"idSuffix":"inner"}},"wdio_ui5_key":"etmportal.ui.manageyards.view.Newsap.m.Input{\"path\":\"\",\"propertyPath\":\"/CONTROLLING_AREA\",\"modelName\":\"NewYardModel\"}"}]}
COMMAND: GET /session/b8d65177d5a87194928105dc462df4ae/screenshot - {}
RESULT: {"script":"<script> [1562 bytes]","args":[{"selector":{"controlType":"sap.m.Input","viewName":"etm.portal.ui.manageyards.view.New","viewId":"application-manageyards-display-component---NewYard","bindingPath":{"path":"","propertyPath":"/CONTROLLING_AREA","modelName":"NewYardModel"},"interaction":{"idSuffix":"inner"}},"wdio_ui5_key":"etmportal.ui.manageyards.view.Newsap.m.Input{\"path\":\"\",\"propertyPath\":\"/CONTROLLING_AREA\",\"modelName\":\"NewYardModel\"}"}]}
RESULT: undefined
COMMAND: POST /session/b8d65177d5a87194928105dc462df4ae/execute/async - {"script":"<script> [776 bytes]","args":[{"enterText":"Z001","selector":{"controlType":"sap.m.Input","viewName":"etm.portal.ui.manageyards.view.New","viewId":"application-manageyards-display-component---NewYard","bindingPath":{"path":"","propertyPath":"/CONTROLLING_AREA","modelName":"NewYardModel"},"interaction":{"idSuffix":"inner"}},"clearTextFirst":true,"interactionType":"ENTER_TEXT"}]}
RESULT: {}
RESULT: {"script":"<script> [776 bytes]","args":[{"enterText":"Z001","selector":{"controlType":"sap.m.Input","viewName":"etm.portal.ui.manageyards.view.New","viewId":"application-manageyards-display-component---NewYard","bindingPath":{"path":"","propertyPath":"/CONTROLLING_AREA","modelName":"NewYardModel"},"interaction":{"idSuffix":"inner"}},"clearTextFirst":true,"interactionType":"ENTER_TEXT"}]}
COMMAND: POST /session/b8d65177d5a87194928105dc462df4ae/execute/async - {"script":"<script> [1562 bytes]","args":[{"selector":{"id":"application-manageyards-display-component---NewYard--companyCodeComboBox","interaction":{"idSuffix":"inner"}},"wdio_ui5_key":"applicationmanageyards-display-component---NewYard--companyCodeComboBox"}]}
RESULT: {"script":"<script> [1562 bytes]","args":[{"selector":{"id":"application-manageyards-display-component---NewYard--companyCodeComboBox","interaction":{"idSuffix":"inner"}},"wdio_ui5_key":"applicationmanageyards-display-component---NewYard--companyCodeComboBox"}]}
RESULT: undefined
COMMAND: POST /session/b8d65177d5a87194928105dc462df4ae/execute/async - {"script":"<script> [776 bytes]","args":[{"enterText":"1000","selector":{"id":"application-manageyards-display-component---NewYard--companyCodeComboBox","interaction":{"idSuffix":"inner"}},"clearTextFirst":true,"interactionType":"ENTER_TEXT"}]}
RESULT: {"script":"<script> [776 bytes]","args":[{"enterText":"1000","selector":{"id":"application-manageyards-display-component---NewYard--companyCodeComboBox","interaction":{"idSuffix":"inner"}},"clearTextFirst":true,"interactionType":"ENTER_TEXT"}]}
COMMAND: POST /session/b8d65177d5a87194928105dc462df4ae/execute/async - {"script":"<script> [1562 bytes]","args":[{"selector":{"controlType":"sap.m.Input","viewName":"etm.portal.ui.manageyards.view.New","viewId":"application-manageyards-display-component---NewYard","bindingPath":{"path":"","propertyPath":"/PLANT","modelName":"NewYardModel"},"interaction":{"idSuffix":"inner"}},"wdio_ui5_key":"etmportal.ui.manageyards.view.Newsap.m.Input{\"path\":\"\",\"propertyPath\":\"/PLANT\",\"modelName\":\"NewYardModel\"}"}]}
RESULT: {"script":"<script> [1562 bytes]","args":[{"selector":{"controlType":"sap.m.Input","viewName":"etm.portal.ui.manageyards.view.New","viewId":"application-manageyards-display-component---NewYard","bindingPath":{"path":"","propertyPath":"/PLANT","modelName":"NewYardModel"},"interaction":{"idSuffix":"inner"}},"wdio_ui5_key":"etmportal.ui.manageyards.view.Newsap.m.Input{\"path\":\"\",\"propertyPath\":\"/PLANT\",\"modelName\":\"NewYardModel\"}"}]}
RESULT: undefined
COMMAND: POST /session/b8d65177d5a87194928105dc462df4ae/execute/async - {"script":"<script> [776 bytes]","args":[{"enterText":"1001","selector":{"controlType":"sap.m.Input","viewName":"etm.portal.ui.manageyards.view.New","viewId":"application-manageyards-display-component---NewYard","bindingPath":{"path":"","propertyPath":"/PLANT","modelName":"NewYardModel"},"interaction":{"idSuffix":"inner"}},"clearTextFirst":true,"interactionType":"ENTER_TEXT"}]}
RESULT: {"script":"<script> [776 bytes]","args":[{"enterText":"1001","selector":{"controlType":"sap.m.Input","viewName":"etm.portal.ui.manageyards.view.New","viewId":"application-manageyards-display-component---NewYard","bindingPath":{"path":"","propertyPath":"/PLANT","modelName":"NewYardModel"},"interaction":{"idSuffix":"inner"}},"clearTextFirst":true,"interactionType":"ENTER_TEXT"}]}
COMMAND: POST /session/b8d65177d5a87194928105dc462df4ae/execute/async - {"script":"<script> [1562 bytes]","args":[{"selector":{"controlType":"sap.m.Input","viewName":"etm.portal.ui.manageyards.view.New","viewId":"application-manageyards-display-component---NewYard","bindingPath":{"path":"","propertyPath":"/SALES_AREA_VKORG","modelName":"NewYardModel"},"interaction":{"idSuffix":"inner"}},"wdio_ui5_key":"etmportal.ui.manageyards.view.Newsap.m.Input{\"path\":\"\",\"propertyPath\":\"/SALES_AREA_VKORG\",\"modelName\":\"NewYardModel\"}"}]}
RESULT: {"script":"<script> [1562 bytes]","args":[{"selector":{"controlType":"sap.m.Input","viewName":"etm.portal.ui.manageyards.view.New","viewId":"application-manageyards-display-component---NewYard","bindingPath":{"path":"","propertyPath":"/SALES_AREA_VKORG","modelName":"NewYardModel"},"interaction":{"idSuffix":"inner"}},"wdio_ui5_key":"etmportal.ui.manageyards.view.Newsap.m.Input{\"path\":\"\",\"propertyPath\":\"/SALES_AREA_VKORG\",\"modelName\":\"NewYardModel\"}"}]}
RESULT: undefined
COMMAND: POST /session/b8d65177d5a87194928105dc462df4ae/execute/async - {"script":"<script> [776 bytes]","args":[{"enterText":"C002","selector":{"controlType":"sap.m.Input","viewName":"etm.portal.ui.manageyards.view.New","viewId":"application-manageyards-display-component---NewYard","bindingPath":{"path":"","propertyPath":"/SALES_AREA_VKORG","modelName":"NewYardModel"},"interaction":{"idSuffix":"inner"}},"clearTextFirst":true,"interactionType":"ENTER_TEXT"}]}
RESULT: {"script":"<script> [776 bytes]","args":[{"enterText":"C002","selector":{"controlType":"sap.m.Input","viewName":"etm.portal.ui.manageyards.view.New","viewId":"application-manageyards-display-component---NewYard","bindingPath":{"path":"","propertyPath":"/SALES_AREA_VKORG","modelName":"NewYardModel"},"interaction":{"idSuffix":"inner"}},"clearTextFirst":true,"interactionType":"ENTER_TEXT"}]}
COMMAND: POST /session/b8d65177d5a87194928105dc462df4ae/execute/async - {"script":"<script> [1562 bytes]","args":[{"selector":{"controlType":"sap.m.Input","viewName":"etm.portal.ui.manageyards.view.New","viewId":"application-manageyards-display-component---NewYard","bindingPath":{"path":"","propertyPath":"/SALES_AREA_VTWEG","modelName":"NewYardModel"},"interaction":{"idSuffix":"inner"}},"wdio_ui5_key":"etmportal.ui.manageyards.view.Newsap.m.Input{\"path\":\"\",\"propertyPath\":\"/SALES_AREA_VTWEG\",\"modelName\":\"NewYardModel\"}"}]}
RESULT: {"script":"<script> [1562 bytes]","args":[{"selector":{"controlType":"sap.m.Input","viewName":"etm.portal.ui.manageyards.view.New","viewId":"application-manageyards-display-component---NewYard","bindingPath":{"path":"","propertyPath":"/SALES_AREA_VTWEG","modelName":"NewYardModel"},"interaction":{"idSuffix":"inner"}},"wdio_ui5_key":"etmportal.ui.manageyards.view.Newsap.m.Input{\"path\":\"\",\"propertyPath\":\"/SALES_AREA_VTWEG\",\"modelName\":\"NewYardModel\"}"}]}
RESULT: undefined
COMMAND: POST /session/b8d65177d5a87194928105dc462df4ae/execute/async - {"script":"<script> [776 bytes]","args":[{"enterText":"C2","selector":{"controlType":"sap.m.Input","viewName":"etm.portal.ui.manageyards.view.New","viewId":"application-manageyards-display-component---NewYard","bindingPath":{"path":"","propertyPath":"/SALES_AREA_VTWEG","modelName":"NewYardModel"},"interaction":{"idSuffix":"inner"}},"clearTextFirst":true,"interactionType":"ENTER_TEXT"}]}
RESULT: {"script":"<script> [776 bytes]","args":[{"enterText":"C2","selector":{"controlType":"sap.m.Input","viewName":"etm.portal.ui.manageyards.view.New","viewId":"application-manageyards-display-component---NewYard","bindingPath":{"path":"","propertyPath":"/SALES_AREA_VTWEG","modelName":"NewYardModel"},"interaction":{"idSuffix":"inner"}},"clearTextFirst":true,"interactionType":"ENTER_TEXT"}]}
COMMAND: POST /session/b8d65177d5a87194928105dc462df4ae/execute/async - {"script":"<script> [1562 bytes]","args":[{"selector":{"controlType":"sap.m.Input","viewName":"etm.portal.ui.manageyards.view.New","viewId":"application-manageyards-display-component---NewYard","bindingPath":{"path":"","propertyPath":"/SALES_AREA_SPART","modelName":"NewYardModel"},"interaction":{"idSuffix":"inner"}},"wdio_ui5_key":"etmportal.ui.manageyards.view.Newsap.m.Input{\"path\":\"\",\"propertyPath\":\"/SALES_AREA_SPART\",\"modelName\":\"NewYardModel\"}"}]}
RESULT: {"script":"<script> [1562 bytes]","args":[{"selector":{"controlType":"sap.m.Input","viewName":"etm.portal.ui.manageyards.view.New","viewId":"application-manageyards-display-component---NewYard","bindingPath":{"path":"","propertyPath":"/SALES_AREA_SPART","modelName":"NewYardModel"},"interaction":{"idSuffix":"inner"}},"wdio_ui5_key":"etmportal.ui.manageyards.view.Newsap.m.Input{\"path\":\"\",\"propertyPath\":\"/SALES_AREA_SPART\",\"modelName\":\"NewYardModel\"}"}]}
RESULT: undefined
COMMAND: POST /session/b8d65177d5a87194928105dc462df4ae/execute/async - {"script":"<script> [776 bytes]","args":[{"enterText":"C2","selector":{"controlType":"sap.m.Input","viewName":"etm.portal.ui.manageyards.view.New","viewId":"application-manageyards-display-component---NewYard","bindingPath":{"path":"","propertyPath":"/SALES_AREA_SPART","modelName":"NewYardModel"},"interaction":{"idSuffix":"inner"}},"clearTextFirst":true,"interactionType":"ENTER_TEXT"}]}
RESULT: {"script":"<script> [776 bytes]","args":[{"enterText":"C2","selector":{"controlType":"sap.m.Input","viewName":"etm.portal.ui.manageyards.view.New","viewId":"application-manageyards-display-component---NewYard","bindingPath":{"path":"","propertyPath":"/SALES_AREA_SPART","modelName":"NewYardModel"},"interaction":{"idSuffix":"inner"}},"clearTextFirst":true,"interactionType":"ENTER_TEXT"}]}
COMMAND: POST /session/b8d65177d5a87194928105dc462df4ae/execute/async - {"script":"<script> [1562 bytes]","args":[{"selector":{"controlType":"sap.m.Input","viewName":"etm.portal.ui.manageyards.view.New","viewId":"application-manageyards-display-component---NewYard","bindingPath":{"path":"","propertyPath":"/SHIP_POINT","modelName":"NewYardModel"},"interaction":{"idSuffix":"inner"}},"wdio_ui5_key":"etmportal.ui.manageyards.view.Newsap.m.Input{\"path\":\"\",\"propertyPath\":\"/SHIP_POINT\",\"modelName\":\"NewYardModel\"}"}]}
RESULT: {"script":"<script> [1562 bytes]","args":[{"selector":{"controlType":"sap.m.Input","viewName":"etm.portal.ui.manageyards.view.New","viewId":"application-manageyards-display-component---NewYard","bindingPath":{"path":"","propertyPath":"/SHIP_POINT","modelName":"NewYardModel"},"interaction":{"idSuffix":"inner"}},"wdio_ui5_key":"etmportal.ui.manageyards.view.Newsap.m.Input{\"path\":\"\",\"propertyPath\":\"/SHIP_POINT\",\"modelName\":\"NewYardModel\"}"}]}
RESULT: undefined
COMMAND: POST /session/b8d65177d5a87194928105dc462df4ae/execute/async - {"script":"<script> [776 bytes]","args":[{"enterText":"1710","selector":{"controlType":"sap.m.Input","viewName":"etm.portal.ui.manageyards.view.New","viewId":"application-manageyards-display-component---NewYard","bindingPath":{"path":"","propertyPath":"/SHIP_POINT","modelName":"NewYardModel"},"interaction":{"idSuffix":"inner"}},"clearTextFirst":true,"interactionType":"ENTER_TEXT"}]}
RESULT: {"script":"<script> [776 bytes]","args":[{"enterText":"1710","selector":{"controlType":"sap.m.Input","viewName":"etm.portal.ui.manageyards.view.New","viewId":"application-manageyards-display-component---NewYard","bindingPath":{"path":"","propertyPath":"/SHIP_POINT","modelName":"NewYardModel"},"interaction":{"idSuffix":"inner"}},"clearTextFirst":true,"interactionType":"ENTER_TEXT"}]}
COMMAND: POST /session/b8d65177d5a87194928105dc462df4ae/execute/async - {"script":"<script> [1562 bytes]","args":[{"selector":{"controlType":"sap.m.Input","viewName":"etm.portal.ui.manageyards.view.New","viewId":"application-manageyards-display-component---NewYard","bindingPath":{"path":"","propertyPath":"/DELIVERY_TYPE","modelName":"NewYardModel"},"interaction":{"idSuffix":"inner"}},"wdio_ui5_key":"etmportal.ui.manageyards.view.Newsap.m.Input{\"path\":\"\",\"propertyPath\":\"/DELIVERY_TYPE\",\"modelName\":\"NewYardModel\"}"}]}
RESULT: {"script":"<script> [1562 bytes]","args":[{"selector":{"controlType":"sap.m.Input","viewName":"etm.portal.ui.manageyards.view.New","viewId":"application-manageyards-display-component---NewYard","bindingPath":{"path":"","propertyPath":"/DELIVERY_TYPE","modelName":"NewYardModel"},"interaction":{"idSuffix":"inner"}},"wdio_ui5_key":"etmportal.ui.manageyards.view.Newsap.m.Input{\"path\":\"\",\"propertyPath\":\"/DELIVERY_TYPE\",\"modelName\":\"NewYardModel\"}"}]}
RESULT: undefined
COMMAND: POST /session/b8d65177d5a87194928105dc462df4ae/execute/async - {"script":"<script> [776 bytes]","args":[{"enterText":"ZL01","selector":{"controlType":"sap.m.Input","viewName":"etm.portal.ui.manageyards.view.New","viewId":"application-manageyards-display-component---NewYard","bindingPath":{"path":"","propertyPath":"/DELIVERY_TYPE","modelName":"NewYardModel"},"interaction":{"idSuffix":"inner"}},"clearTextFirst":true,"interactionType":"ENTER_TEXT"}]}
RESULT: {"script":"<script> [776 bytes]","args":[{"enterText":"ZL01","selector":{"controlType":"sap.m.Input","viewName":"etm.portal.ui.manageyards.view.New","viewId":"application-manageyards-display-component---NewYard","bindingPath":{"path":"","propertyPath":"/DELIVERY_TYPE","modelName":"NewYardModel"},"interaction":{"idSuffix":"inner"}},"clearTextFirst":true,"interactionType":"ENTER_TEXT"}]}
COMMAND: POST /session/b8d65177d5a87194928105dc462df4ae/execute/async - {"script":"<script> [1562 bytes]","args":[{"selector":{"controlType":"sap.m.Input","viewName":"etm.portal.ui.manageyards.view.New","viewId":"application-manageyards-display-component---NewYard","bindingPath":{"path":"","propertyPath":"/AUART","modelName":"NewYardModel"},"interaction":{"idSuffix":"inner"}},"wdio_ui5_key":"etmportal.ui.manageyards.view.Newsap.m.Input{\"path\":\"\",\"propertyPath\":\"/AUART\",\"modelName\":\"NewYardModel\"}"}]}
RESULT: {"script":"<script> [1562 bytes]","args":[{"selector":{"controlType":"sap.m.Input","viewName":"etm.portal.ui.manageyards.view.New","viewId":"application-manageyards-display-component---NewYard","bindingPath":{"path":"","propertyPath":"/AUART","modelName":"NewYardModel"},"interaction":{"idSuffix":"inner"}},"wdio_ui5_key":"etmportal.ui.manageyards.view.Newsap.m.Input{\"path\":\"\",\"propertyPath\":\"/AUART\",\"modelName\":\"NewYardModel\"}"}]}
RESULT: undefined
COMMAND: POST /session/b8d65177d5a87194928105dc462df4ae/execute/async - {"script":"<script> [776 bytes]","args":[{"enterText":"TA","selector":{"controlType":"sap.m.Input","viewName":"etm.portal.ui.manageyards.view.New","viewId":"application-manageyards-display-component---NewYard","bindingPath":{"path":"","propertyPath":"/AUART","modelName":"NewYardModel"},"interaction":{"idSuffix":"inner"}},"clearTextFirst":true,"interactionType":"ENTER_TEXT"}]}
RESULT: {"script":"<script> [776 bytes]","args":[{"enterText":"TA","selector":{"controlType":"sap.m.Input","viewName":"etm.portal.ui.manageyards.view.New","viewId":"application-manageyards-display-component---NewYard","bindingPath":{"path":"","propertyPath":"/AUART","modelName":"NewYardModel"},"interaction":{"idSuffix":"inner"}},"clearTextFirst":true,"interactionType":"ENTER_TEXT"}]}
COMMAND: POST /session/b8d65177d5a87194928105dc462df4ae/element - {"using":"xpath","value":"//button[@data-kt=\"newYardSaveButton\"]"}
RESULT: {"using":"xpath","value":"//button[@data-kt=\"newYardSaveButton\"]"}
COMMAND: POST /session/b8d65177d5a87194928105dc462df4ae/element/f.A76E8B59E5586EBC4341E91D969E0FF6.d.C65681305B47DE8D0B0369E2875EFA9A.e.723/click - {}
RESULT: {}
COMMAND: GET /session/b8d65177d5a87194928105dc462df4ae/screenshot - {}
RESULT: {}
COMMAND: POST /session/b8d65177d5a87194928105dc462df4ae/element - {"using":"xpath","value":"//header[contains(@id, 'ObjectPageLayout-headerTitle')]/div[1]/div[2]/div[1]/span[1]"}
RESULT: {"using":"xpath","value":"//header[contains(@id, 'ObjectPageLayout-headerTitle')]/div[1]/div[2]/div[1]/span[1]"}
COMMAND: POST /session/b8d65177d5a87194928105dc462df4ae/elements - {"using":"xpath","value":"//header[contains(@id, 'ObjectPageLayout-headerTitle')]/div[1]/div[2]/div[1]/span[1]"}
RESULT: {"using":"xpath","value":"//header[contains(@id, 'ObjectPageLayout-headerTitle')]/div[1]/div[2]/div[1]/span[1]"}
COMMAND: POST /session/b8d65177d5a87194928105dc462df4ae/execute/sync - {"script":"<script> [56 bytes]","args":[{"element-6066-11e4-a52e-4f735466cecf":"f.A76E8B59E5586EBC4341E91D969E0FF6.d.C65681305B47DE8D0B0369E2875EFA9A.e.1017","ELEMENT":"f.A76E8B59E5586EBC4341E91D969E0FF6.d.C65681305B47DE8D0B0369E2875EFA9A.e.1017"}]}
RESULT: {"script":"<script> [56 bytes]","args":[{"element-6066-11e4-a52e-4f735466cecf":"f.A76E8B59E5586EBC4341E91D969E0FF6.d.C65681305B47DE8D0B0369E2875EFA9A.e.1017","ELEMENT":"f.A76E8B59E5586EBC4341E91D969E0FF6.d.C65681305B47DE8D0B0369E2875EFA9A.e.1017"}]}
COMMAND: GET /session/b8d65177d5a87194928105dc462df4ae/screenshot - {}
RESULT: {}
COMMAND: POST /session/b8d65177d5a87194928105dc462df4ae/element - {"using":"css selector","value":"#shell-header-logo"}
RESULT: {"using":"css selector","value":"#shell-header-logo"}
COMMAND: POST /session/b8d65177d5a87194928105dc462df4ae/element/f.A76E8B59E5586EBC4341E91D969E0FF6.d.C65681305B47DE8D0B0369E2875EFA9A.e.274/click - {}
RESULT: {}
COMMAND: GET /session/b8d65177d5a87194928105dc462df4ae/screenshot - {}
RESULT: {}
COMMAND: POST /session/b8d65177d5a87194928105dc462df4ae/execute/sync - {"script":"<script> [299 bytes]","args":[["getModel","getResource"]]}
RESULT: {"script":"<script> [299 bytes]","args":[["getModel","getResource"]]}
]]></system-out>
    </testcase>
    <testcase classname="chrome.136_0_7103_93.windows.Tests_for_Mass_State_Change_on_Manage_States_&amp;_Performances_US104416_US" name="Prereq Should create a new partner" time="139.478">
      <system-out><![CDATA[
COMMAND: GET /session/b8d65177d5a87194928105dc462df4ae/screenshot - {}
COMMAND: POST /session/b8d65177d5a87194928105dc462df4ae/window/fullscreen - {}
RESULT: {}
COMMAND: POST /session/b8d65177d5a87194928105dc462df4ae/execute/async - {"script":"<script> [1562 bytes]","args":[{"selector":{"controlType":"sap.m.GenericTile","properties":{"header":"Manage Partners"}},"wdio_ui5_key":"sapm.GenericTile{\"header\":\"Manage Partners\"}"}]}
RESULT: {}
RESULT: {"script":"<script> [1562 bytes]","args":[{"selector":{"controlType":"sap.m.GenericTile","properties":{"header":"Manage Partners"}},"wdio_ui5_key":"sapm.GenericTile{\"header\":\"Manage Partners\"}"}]}
RESULT: undefined
COMMAND: POST /session/b8d65177d5a87194928105dc462df4ae/element - {"using":"xpath","value":"//*[@id=\"__tile38\"]"}
RESULT: {"using":"xpath","value":"//*[@id=\"__tile38\"]"}
COMMAND: POST /session/b8d65177d5a87194928105dc462df4ae/element/f.A76E8B59E5586EBC4341E91D969E0FF6.d.C65681305B47DE8D0B0369E2875EFA9A.e.158/click - {}
RESULT: {}
COMMAND: GET /session/b8d65177d5a87194928105dc462df4ae/screenshot - {}
RESULT: {}
COMMAND: POST /session/b8d65177d5a87194928105dc462df4ae/elements - {"using":"xpath","value":"//span[text()='Error']"}
RESULT: {"using":"xpath","value":"//span[text()='Error']"}
COMMAND: POST /session/b8d65177d5a87194928105dc462df4ae/element - {"using":"xpath","value":"//button[@data-kt=\"addButton\"]"}
RESULT: {"using":"xpath","value":"//button[@data-kt=\"addButton\"]"}
COMMAND: POST /session/b8d65177d5a87194928105dc462df4ae/elements - {"using":"xpath","value":"//button[@data-kt=\"addButton\"]"}
RESULT: {"using":"xpath","value":"//button[@data-kt=\"addButton\"]"}
COMMAND: POST /session/b8d65177d5a87194928105dc462df4ae/elements - {"using":"xpath","value":"//button[@data-kt=\"addButton\"]"}
RESULT: {"using":"xpath","value":"//button[@data-kt=\"addButton\"]"}
COMMAND: POST /session/b8d65177d5a87194928105dc462df4ae/element - {"using":"xpath","value":"//button[@data-kt=\"addButton\"]"}
RESULT: {"using":"xpath","value":"//button[@data-kt=\"addButton\"]"}
COMMAND: POST /session/b8d65177d5a87194928105dc462df4ae/execute/sync - {"script":"<script> [8489 bytes]","args":[{"element-6066-11e4-a52e-4f735466cecf":"f.A76E8B59E5586EBC4341E91D969E0FF6.d.C65681305B47DE8D0B0369E2875EFA9A.e.1054","ELEMENT":"f.A76E8B59E5586EBC4341E91D969E0FF6.d.C65681305B47DE8D0B0369E2875EFA9A.e.1054"}]}
RESULT: {"script":"<script> [8489 bytes]","args":[{"element-6066-11e4-a52e-4f735466cecf":"f.A76E8B59E5586EBC4341E91D969E0FF6.d.C65681305B47DE8D0B0369E2875EFA9A.e.1054","ELEMENT":"f.A76E8B59E5586EBC4341E91D969E0FF6.d.C65681305B47DE8D0B0369E2875EFA9A.e.1054"}]}
COMMAND: GET /session/b8d65177d5a87194928105dc462df4ae/element/f.A76E8B59E5586EBC4341E91D969E0FF6.d.C65681305B47DE8D0B0369E2875EFA9A.e.1054/enabled - {}
COMMAND: GET /session/b8d65177d5a87194928105dc462df4ae/screenshot - {}
RESULT: {}
COMMAND: POST /session/b8d65177d5a87194928105dc462df4ae/execute/sync - {"script":"<script> [8489 bytes]","args":[{"element-6066-11e4-a52e-4f735466cecf":"f.A76E8B59E5586EBC4341E91D969E0FF6.d.C65681305B47DE8D0B0369E2875EFA9A.e.1054","ELEMENT":"f.A76E8B59E5586EBC4341E91D969E0FF6.d.C65681305B47DE8D0B0369E2875EFA9A.e.1054"}]}
COMMAND: GET /session/b8d65177d5a87194928105dc462df4ae/screenshot - {}
RESULT: {}
RESULT: {"script":"<script> [8489 bytes]","args":[{"element-6066-11e4-a52e-4f735466cecf":"f.A76E8B59E5586EBC4341E91D969E0FF6.d.C65681305B47DE8D0B0369E2875EFA9A.e.1054","ELEMENT":"f.A76E8B59E5586EBC4341E91D969E0FF6.d.C65681305B47DE8D0B0369E2875EFA9A.e.1054"}]}
COMMAND: POST /session/b8d65177d5a87194928105dc462df4ae/execute/sync - {"script":"<script> [5351 bytes]","args":[{"element-6066-11e4-a52e-4f735466cecf":"f.A76E8B59E5586EBC4341E91D969E0FF6.d.C65681305B47DE8D0B0369E2875EFA9A.e.1054","ELEMENT":"f.A76E8B59E5586EBC4341E91D969E0FF6.d.C65681305B47DE8D0B0369E2875EFA9A.e.1054"}]}
COMMAND: GET /session/b8d65177d5a87194928105dc462df4ae/screenshot - {}
RESULT: {}
RESULT: {"script":"<script> [5351 bytes]","args":[{"element-6066-11e4-a52e-4f735466cecf":"f.A76E8B59E5586EBC4341E91D969E0FF6.d.C65681305B47DE8D0B0369E2875EFA9A.e.1054","ELEMENT":"f.A76E8B59E5586EBC4341E91D969E0FF6.d.C65681305B47DE8D0B0369E2875EFA9A.e.1054"}]}
COMMAND: POST /session/b8d65177d5a87194928105dc462df4ae/element/f.A76E8B59E5586EBC4341E91D969E0FF6.d.C65681305B47DE8D0B0369E2875EFA9A.e.1054/click - {}
COMMAND: GET /session/b8d65177d5a87194928105dc462df4ae/screenshot - {}
RESULT: {}
RESULT: {}
COMMAND: GET /session/b8d65177d5a87194928105dc462df4ae/screenshot - {}
RESULT: {}
COMMAND: POST /session/b8d65177d5a87194928105dc462df4ae/execute/async - {"script":"<script> [1562 bytes]","args":[{"selector":{"id":"application-managepartners-display-component---NewPartner--addressDetailDetailsName1","interaction":{"idSuffix":"inner"}},"wdio_ui5_key":"applicationmanagepartners-display-component---NewPartner--addressDetailDetailsName1"}]}
RESULT: {}
RESULT: {"script":"<script> [1562 bytes]","args":[{"selector":{"id":"application-managepartners-display-component---NewPartner--addressDetailDetailsName1","interaction":{"idSuffix":"inner"}},"wdio_ui5_key":"applicationmanagepartners-display-component---NewPartner--addressDetailDetailsName1"}]}
RESULT: undefined
COMMAND: POST /session/b8d65177d5a87194928105dc462df4ae/execute/async - {"script":"<script> [776 bytes]","args":[{"enterText":"Intracompany Partner WDIO","selector":{"id":"application-managepartners-display-component---NewPartner--addressDetailDetailsName1","interaction":{"idSuffix":"inner"}},"clearTextFirst":true,"interactionType":"ENTER_TEXT"}]}
RESULT: {"script":"<script> [776 bytes]","args":[{"enterText":"Intracompany Partner WDIO","selector":{"id":"application-managepartners-display-component---NewPartner--addressDetailDetailsName1","interaction":{"idSuffix":"inner"}},"clearTextFirst":true,"interactionType":"ENTER_TEXT"}]}
COMMAND: POST /session/b8d65177d5a87194928105dc462df4ae/execute/async - {"script":"<script> [1562 bytes]","args":[{"selector":{"id":"application-managepartners-display-component---NewPartner--addressDetailDetailsLanguage-arrow"},"wdio_ui5_key":"applicationmanagepartners-display-component---NewPartner--addressDetailDetailsLanguage-arrow"}]}
RESULT: {"script":"<script> [1562 bytes]","args":[{"selector":{"id":"application-managepartners-display-component---NewPartner--addressDetailDetailsLanguage-arrow"},"wdio_ui5_key":"applicationmanagepartners-display-component---NewPartner--addressDetailDetailsLanguage-arrow"}]}
RESULT: undefined
COMMAND: POST /session/b8d65177d5a87194928105dc462df4ae/element - {"using":"xpath","value":"//*[@id=\"application-managepartners-display-component---NewPartner--addressDetailDetailsLanguage-arrow\"]"}
RESULT: {"using":"xpath","value":"//*[@id=\"application-managepartners-display-component---NewPartner--addressDetailDetailsLanguage-arrow\"]"}
COMMAND: POST /session/b8d65177d5a87194928105dc462df4ae/element/f.A76E8B59E5586EBC4341E91D969E0FF6.d.C65681305B47DE8D0B0369E2875EFA9A.e.1500/click - {}
RESULT: {}
COMMAND: POST /session/b8d65177d5a87194928105dc462df4ae/element - {"using":"xpath","value":"//span[contains(text(), \"English\")]"}
COMMAND: GET /session/b8d65177d5a87194928105dc462df4ae/screenshot - {}
RESULT: {"using":"xpath","value":"//span[contains(text(), \"English\")]"}
COMMAND: POST /session/b8d65177d5a87194928105dc462df4ae/element/f.A76E8B59E5586EBC4341E91D969E0FF6.d.C65681305B47DE8D0B0369E2875EFA9A.e.1501/click - {}
RESULT: {}
RESULT: {}
COMMAND: GET /session/b8d65177d5a87194928105dc462df4ae/screenshot - {}
RESULT: {}
COMMAND: POST /session/b8d65177d5a87194928105dc462df4ae/execute/async - {"script":"<script> [1562 bytes]","args":[{"selector":{"id":"application-managepartners-display-component---NewPartner--addressDetailDetailsCity1","interaction":{"idSuffix":"inner"}},"wdio_ui5_key":"applicationmanagepartners-display-component---NewPartner--addressDetailDetailsCity1"}]}
RESULT: {"script":"<script> [1562 bytes]","args":[{"selector":{"id":"application-managepartners-display-component---NewPartner--addressDetailDetailsCity1","interaction":{"idSuffix":"inner"}},"wdio_ui5_key":"applicationmanagepartners-display-component---NewPartner--addressDetailDetailsCity1"}]}
RESULT: undefined
COMMAND: POST /session/b8d65177d5a87194928105dc462df4ae/execute/async - {"script":"<script> [776 bytes]","args":[{"enterText":"Rosario","selector":{"id":"application-managepartners-display-component---NewPartner--addressDetailDetailsCity1","interaction":{"idSuffix":"inner"}},"clearTextFirst":true,"interactionType":"ENTER_TEXT"}]}
RESULT: {"script":"<script> [776 bytes]","args":[{"enterText":"Rosario","selector":{"id":"application-managepartners-display-component---NewPartner--addressDetailDetailsCity1","interaction":{"idSuffix":"inner"}},"clearTextFirst":true,"interactionType":"ENTER_TEXT"}]}
COMMAND: POST /session/b8d65177d5a87194928105dc462df4ae/execute/async - {"script":"<script> [1562 bytes]","args":[{"selector":{"id":"application-managepartners-display-component---NewPartner--addressDetailDetailsCountry-arrow"},"wdio_ui5_key":"applicationmanagepartners-display-component---NewPartner--addressDetailDetailsCountry-arrow"}]}
RESULT: {"script":"<script> [1562 bytes]","args":[{"selector":{"id":"application-managepartners-display-component---NewPartner--addressDetailDetailsCountry-arrow"},"wdio_ui5_key":"applicationmanagepartners-display-component---NewPartner--addressDetailDetailsCountry-arrow"}]}
RESULT: undefined
COMMAND: POST /session/b8d65177d5a87194928105dc462df4ae/element - {"using":"xpath","value":"//*[@id=\"application-managepartners-display-component---NewPartner--addressDetailDetailsCountry-arrow\"]"}
RESULT: {"using":"xpath","value":"//*[@id=\"application-managepartners-display-component---NewPartner--addressDetailDetailsCountry-arrow\"]"}
COMMAND: POST /session/b8d65177d5a87194928105dc462df4ae/element/f.A76E8B59E5586EBC4341E91D969E0FF6.d.C65681305B47DE8D0B0369E2875EFA9A.e.1486/click - {}
RESULT: {}
COMMAND: POST /session/b8d65177d5a87194928105dc462df4ae/element - {"using":"xpath","value":"//span[contains(text(), \"Argentina\")]"}
COMMAND: GET /session/b8d65177d5a87194928105dc462df4ae/screenshot - {}
RESULT: {"using":"xpath","value":"//span[contains(text(), \"Argentina\")]"}
COMMAND: POST /session/b8d65177d5a87194928105dc462df4ae/element/f.A76E8B59E5586EBC4341E91D969E0FF6.d.C65681305B47DE8D0B0369E2875EFA9A.e.1503/click - {}
RESULT: {}
RESULT: {}
COMMAND: GET /session/b8d65177d5a87194928105dc462df4ae/screenshot - {}
RESULT: {}
COMMAND: POST /session/b8d65177d5a87194928105dc462df4ae/element - {"using":"xpath","value":"//bdi[contains(text(), \"Commercial\")]"}
RESULT: {"using":"xpath","value":"//bdi[contains(text(), \"Commercial\")]"}
COMMAND: POST /session/b8d65177d5a87194928105dc462df4ae/element/f.A76E8B59E5586EBC4341E91D969E0FF6.d.C65681305B47DE8D0B0369E2875EFA9A.e.1504/click - {}
RESULT: {}
COMMAND: GET /session/b8d65177d5a87194928105dc462df4ae/screenshot - {}
RESULT: {}
COMMAND: POST /session/b8d65177d5a87194928105dc462df4ae/execute/async - {"script":"<script> [1562 bytes]","args":[{"selector":{"id":"application-managepartners-display-component---NewPartner--partnerDetailInternal-arrow"},"wdio_ui5_key":"applicationmanagepartners-display-component---NewPartner--partnerDetailInternal-arrow"}]}
RESULT: {"script":"<script> [1562 bytes]","args":[{"selector":{"id":"application-managepartners-display-component---NewPartner--partnerDetailInternal-arrow"},"wdio_ui5_key":"applicationmanagepartners-display-component---NewPartner--partnerDetailInternal-arrow"}]}
RESULT: undefined
COMMAND: POST /session/b8d65177d5a87194928105dc462df4ae/element - {"using":"xpath","value":"//*[@id=\"application-managepartners-display-component---NewPartner--partnerDetailInternal-arrow\"]"}
RESULT: {"using":"xpath","value":"//*[@id=\"application-managepartners-display-component---NewPartner--partnerDetailInternal-arrow\"]"}
COMMAND: POST /session/b8d65177d5a87194928105dc462df4ae/element/f.A76E8B59E5586EBC4341E91D969E0FF6.d.C65681305B47DE8D0B0369E2875EFA9A.e.1510/click - {}
RESULT: {}
COMMAND: POST /session/b8d65177d5a87194928105dc462df4ae/element - {"using":"xpath","value":"//span[contains(text(), \"Affiliated company\")]"}
COMMAND: GET /session/b8d65177d5a87194928105dc462df4ae/screenshot - {}
RESULT: {"using":"xpath","value":"//span[contains(text(), \"Affiliated company\")]"}
COMMAND: POST /session/b8d65177d5a87194928105dc462df4ae/element/f.A76E8B59E5586EBC4341E91D969E0FF6.d.C65681305B47DE8D0B0369E2875EFA9A.e.1511/click - {}
RESULT: {}
RESULT: {}
COMMAND: POST /session/b8d65177d5a87194928105dc462df4ae/execute/async - {"script":"<script> [1562 bytes]","args":[{"selector":{"id":"application-managepartners-display-component---NewPartner--partnerDetailsCurrency-arrow"},"wdio_ui5_key":"applicationmanagepartners-display-component---NewPartner--partnerDetailsCurrency-arrow"}]}
COMMAND: GET /session/b8d65177d5a87194928105dc462df4ae/screenshot - {}
RESULT: {"script":"<script> [1562 bytes]","args":[{"selector":{"id":"application-managepartners-display-component---NewPartner--partnerDetailsCurrency-arrow"},"wdio_ui5_key":"applicationmanagepartners-display-component---NewPartner--partnerDetailsCurrency-arrow"}]}
RESULT: undefined
COMMAND: POST /session/b8d65177d5a87194928105dc462df4ae/element - {"using":"xpath","value":"//*[@id=\"application-managepartners-display-component---NewPartner--partnerDetailsCurrency-arrow\"]"}
RESULT: {}
RESULT: {"using":"xpath","value":"//*[@id=\"application-managepartners-display-component---NewPartner--partnerDetailsCurrency-arrow\"]"}
COMMAND: POST /session/b8d65177d5a87194928105dc462df4ae/element/f.A76E8B59E5586EBC4341E91D969E0FF6.d.C65681305B47DE8D0B0369E2875EFA9A.e.1518/click - {}
RESULT: {}
COMMAND: POST /session/b8d65177d5a87194928105dc462df4ae/element - {"using":"xpath","value":"//span[contains(text(), \"Euro\")]"}
COMMAND: GET /session/b8d65177d5a87194928105dc462df4ae/screenshot - {}
RESULT: {"using":"xpath","value":"//span[contains(text(), \"Euro\")]"}
COMMAND: POST /session/b8d65177d5a87194928105dc462df4ae/element/f.A76E8B59E5586EBC4341E91D969E0FF6.d.C65681305B47DE8D0B0369E2875EFA9A.e.1519/click - {}
RESULT: {}
RESULT: {}
COMMAND: POST /session/b8d65177d5a87194928105dc462df4ae/execute/async - {"script":"<script> [1562 bytes]","args":[{"selector":{"id":"application-managepartners-display-component---NewPartner--addressEditDetailsCostObjectCstType-arrow"},"wdio_ui5_key":"applicationmanagepartners-display-component---NewPartner--addressEditDetailsCostObjectCstType-arrow"}]}
COMMAND: GET /session/b8d65177d5a87194928105dc462df4ae/screenshot - {}
RESULT: {"script":"<script> [1562 bytes]","args":[{"selector":{"id":"application-managepartners-display-component---NewPartner--addressEditDetailsCostObjectCstType-arrow"},"wdio_ui5_key":"applicationmanagepartners-display-component---NewPartner--addressEditDetailsCostObjectCstType-arrow"}]}
RESULT: undefined
COMMAND: POST /session/b8d65177d5a87194928105dc462df4ae/element - {"using":"xpath","value":"//*[@id=\"application-managepartners-display-component---NewPartner--addressEditDetailsCostObjectCstType-arrow\"]"}
RESULT: {}
RESULT: {"using":"xpath","value":"//*[@id=\"application-managepartners-display-component---NewPartner--addressEditDetailsCostObjectCstType-arrow\"]"}
COMMAND: POST /session/b8d65177d5a87194928105dc462df4ae/element/f.A76E8B59E5586EBC4341E91D969E0FF6.d.C65681305B47DE8D0B0369E2875EFA9A.e.1520/click - {}
RESULT: {}
COMMAND: POST /session/b8d65177d5a87194928105dc462df4ae/element - {"using":"xpath","value":"//span[contains(text(), \"Cost Center\")]"}
COMMAND: GET /session/b8d65177d5a87194928105dc462df4ae/screenshot - {}
RESULT: {"using":"xpath","value":"//span[contains(text(), \"Cost Center\")]"}
COMMAND: POST /session/b8d65177d5a87194928105dc462df4ae/element/f.A76E8B59E5586EBC4341E91D969E0FF6.d.C65681305B47DE8D0B0369E2875EFA9A.e.1521/click - {}
RESULT: {}
RESULT: {}
COMMAND: GET /session/b8d65177d5a87194928105dc462df4ae/screenshot - {}
RESULT: {}
COMMAND: POST /session/b8d65177d5a87194928105dc462df4ae/element - {"using":"xpath","value":"//span[@id=\"application-managepartners-display-component---NewPartner--addressNewCostObjectCstID-vhi\"]"}
RESULT: {"using":"xpath","value":"//span[@id=\"application-managepartners-display-component---NewPartner--addressNewCostObjectCstID-vhi\"]"}
COMMAND: POST /session/b8d65177d5a87194928105dc462df4ae/execute/sync - {"script":"<script> [8489 bytes]","args":[{"element-6066-11e4-a52e-4f735466cecf":"f.A76E8B59E5586EBC4341E91D969E0FF6.d.C65681305B47DE8D0B0369E2875EFA9A.e.1525","ELEMENT":"f.A76E8B59E5586EBC4341E91D969E0FF6.d.C65681305B47DE8D0B0369E2875EFA9A.e.1525"}]}
RESULT: {"script":"<script> [8489 bytes]","args":[{"element-6066-11e4-a52e-4f735466cecf":"f.A76E8B59E5586EBC4341E91D969E0FF6.d.C65681305B47DE8D0B0369E2875EFA9A.e.1525","ELEMENT":"f.A76E8B59E5586EBC4341E91D969E0FF6.d.C65681305B47DE8D0B0369E2875EFA9A.e.1525"}]}
COMMAND: POST /session/b8d65177d5a87194928105dc462df4ae/execute/async - {"script":"<script> [1562 bytes]","args":[{"selector":{"id":"application-managepartners-display-component---NewPartner--addressNewCostObjectCstID-vhi"},"wdio_ui5_key":"applicationmanagepartners-display-component---NewPartner--addressNewCostObjectCstID-vhi"}]}
COMMAND: GET /session/b8d65177d5a87194928105dc462df4ae/screenshot - {}
RESULT: {"script":"<script> [1562 bytes]","args":[{"selector":{"id":"application-managepartners-display-component---NewPartner--addressNewCostObjectCstID-vhi"},"wdio_ui5_key":"applicationmanagepartners-display-component---NewPartner--addressNewCostObjectCstID-vhi"}]}
RESULT: undefined
COMMAND: POST /session/b8d65177d5a87194928105dc462df4ae/element - {"using":"xpath","value":"//*[@id=\"application-managepartners-display-component---NewPartner--addressNewCostObjectCstID-vhi\"]"}
RESULT: {}
RESULT: {"using":"xpath","value":"//*[@id=\"application-managepartners-display-component---NewPartner--addressNewCostObjectCstID-vhi\"]"}
COMMAND: POST /session/b8d65177d5a87194928105dc462df4ae/element/f.A76E8B59E5586EBC4341E91D969E0FF6.d.C65681305B47DE8D0B0369E2875EFA9A.e.1525/click - {}
RESULT: {}
COMMAND: GET /session/b8d65177d5a87194928105dc462df4ae/screenshot - {}
RESULT: {}
RESULT: undefined
COMMAND: POST /session/b8d65177d5a87194928105dc462df4ae/execute/async - {"script":"<script> [776 bytes]","args":[{"enterText":"10001013","selector":{"controlType":"sap.m.SearchField","properties":{"placeholder":"Search"},"searchOpenDialogs":true,"interaction":{"idSuffix":"I"}},"clearTextFirst":true,"interactionType":"ENTER_TEXT"}]}
RESULT: {"script":"<script> [776 bytes]","args":[{"enterText":"10001013","selector":{"controlType":"sap.m.SearchField","properties":{"placeholder":"Search"},"searchOpenDialogs":true,"interaction":{"idSuffix":"I"}},"clearTextFirst":true,"interactionType":"ENTER_TEXT"}]}
COMMAND: POST /session/b8d65177d5a87194928105dc462df4ae/actions - {"actions":[{"id":"action2","type":"key","parameters":{},"actions":[{"type":"keyDown","value":"î€‡"},{"type":"pause","duration":10},{"type":"keyUp","value":"î€‡"}]}]}
RESULT: {"actions":[{"id":"action2","type":"key","parameters":{},"actions":[{"type":"keyDown","value":"î€‡"},{"type":"pause","duration":10},{"type":"keyUp","value":"î€‡"}]}]}
COMMAND: GET /session/b8d65177d5a87194928105dc462df4ae/screenshot - {}
RESULT: {}
COMMAND: POST /session/b8d65177d5a87194928105dc462df4ae/element - {"using":"xpath","value":"//span[contains(text(), \"General Management\")]"}
RESULT: {"using":"xpath","value":"//span[contains(text(), \"General Management\")]"}
COMMAND: POST /session/b8d65177d5a87194928105dc462df4ae/element/f.A76E8B59E5586EBC4341E91D969E0FF6.d.C65681305B47DE8D0B0369E2875EFA9A.e.1564/click - {}
RESULT: {}
COMMAND: GET /session/b8d65177d5a87194928105dc462df4ae/screenshot - {}
RESULT: {}
COMMAND: POST /session/b8d65177d5a87194928105dc462df4ae/element - {"using":"xpath","value":"//bdi[contains(text(), \"OK\")]"}
RESULT: {"using":"xpath","value":"//bdi[contains(text(), \"OK\")]"}
COMMAND: POST /session/b8d65177d5a87194928105dc462df4ae/element/f.A76E8B59E5586EBC4341E91D969E0FF6.d.C65681305B47DE8D0B0369E2875EFA9A.e.1565/click - {}
RESULT: {}
COMMAND: GET /session/b8d65177d5a87194928105dc462df4ae/screenshot - {}
RESULT: {}
COMMAND: POST /session/b8d65177d5a87194928105dc462df4ae/element - {"using":"xpath","value":"//input[@id=\"application-managepartners-display-component---NewPartner--companyCodeComboBox-inner\"]"}
RESULT: {"using":"xpath","value":"//input[@id=\"application-managepartners-display-component---NewPartner--companyCodeComboBox-inner\"]"}
COMMAND: POST /session/b8d65177d5a87194928105dc462df4ae/element/f.A76E8B59E5586EBC4341E91D969E0FF6.d.C65681305B47DE8D0B0369E2875EFA9A.e.1366/clear - {}
RESULT: {}
COMMAND: POST /session/b8d65177d5a87194928105dc462df4ae/element/f.A76E8B59E5586EBC4341E91D969E0FF6.d.C65681305B47DE8D0B0369E2875EFA9A.e.1366/value - {"text":"1000"}
COMMAND: GET /session/b8d65177d5a87194928105dc462df4ae/screenshot - {}
RESULT: {"text":"1000"}
COMMAND: GET /session/b8d65177d5a87194928105dc462df4ae/screenshot - {}
RESULT: {}
RESULT: {}
COMMAND: POST /session/b8d65177d5a87194928105dc462df4ae/element - {"using":"xpath","value":"//li[.//span[text()= \"1000\"]]"}
RESULT: {"using":"xpath","value":"//li[.//span[text()= \"1000\"]]"}
COMMAND: POST /session/b8d65177d5a87194928105dc462df4ae/element/f.A76E8B59E5586EBC4341E91D969E0FF6.d.C65681305B47DE8D0B0369E2875EFA9A.e.1571/click - {}
RESULT: {}
COMMAND: GET /session/b8d65177d5a87194928105dc462df4ae/screenshot - {}
RESULT: {}
COMMAND: POST /session/b8d65177d5a87194928105dc462df4ae/execute/async - {"script":"<script> [1562 bytes]","args":[{"selector":{"id":"application-managepartners-display-component---NewPartner--btnAddTableRow-img"},"wdio_ui5_key":"applicationmanagepartners-display-component---NewPartner--btnAddTableRow-img"}]}
RESULT: {"script":"<script> [1562 bytes]","args":[{"selector":{"id":"application-managepartners-display-component---NewPartner--btnAddTableRow-img"},"wdio_ui5_key":"applicationmanagepartners-display-component---NewPartner--btnAddTableRow-img"}]}
RESULT: undefined
COMMAND: POST /session/b8d65177d5a87194928105dc462df4ae/element - {"using":"xpath","value":"//*[@id=\"application-managepartners-display-component---NewPartner--btnAddTableRow-img\"]"}
RESULT: {"using":"xpath","value":"//*[@id=\"application-managepartners-display-component---NewPartner--btnAddTableRow-img\"]"}
COMMAND: POST /session/b8d65177d5a87194928105dc462df4ae/element/f.A76E8B59E5586EBC4341E91D969E0FF6.d.C65681305B47DE8D0B0369E2875EFA9A.e.1572/click - {}
RESULT: {}
COMMAND: GET /session/b8d65177d5a87194928105dc462df4ae/screenshot - {}
RESULT: {}
COMMAND: POST /session/b8d65177d5a87194928105dc462df4ae/element - {"using":"xpath","value":"//input[@id=\"application-managepartners-display-component---NewPartner--assignmentYard-application-managepartners-display-component---NewPartner--assignmentsTable-0-inner\"]"}
RESULT: {"using":"xpath","value":"//input[@id=\"application-managepartners-display-component---NewPartner--assignmentYard-application-managepartners-display-component---NewPartner--assignmentsTable-0-inner\"]"}
COMMAND: POST /session/b8d65177d5a87194928105dc462df4ae/element/f.A76E8B59E5586EBC4341E91D969E0FF6.d.C65681305B47DE8D0B0369E2875EFA9A.e.1575/clear - {}
RESULT: {}
COMMAND: POST /session/b8d65177d5a87194928105dc462df4ae/element/f.A76E8B59E5586EBC4341E91D969E0FF6.d.C65681305B47DE8D0B0369E2875EFA9A.e.1575/value - {"text":"625"}
COMMAND: GET /session/b8d65177d5a87194928105dc462df4ae/screenshot - {}
RESULT: {"text":"625"}
COMMAND: GET /session/b8d65177d5a87194928105dc462df4ae/screenshot - {}
RESULT: {}
RESULT: {}
COMMAND: POST /session/b8d65177d5a87194928105dc462df4ae/element - {"using":"xpath","value":"//li[.//span[text()='625']]"}
RESULT: {"using":"xpath","value":"//li[.//span[text()='625']]"}
COMMAND: POST /session/b8d65177d5a87194928105dc462df4ae/element/f.A76E8B59E5586EBC4341E91D969E0FF6.d.C65681305B47DE8D0B0369E2875EFA9A.e.1584/click - {}
RESULT: {}
COMMAND: GET /session/b8d65177d5a87194928105dc462df4ae/screenshot - {}
RESULT: {}
COMMAND: POST /session/b8d65177d5a87194928105dc462df4ae/actions - {"actions":[{"id":"action3","type":"key","parameters":{},"actions":[{"type":"keyDown","value":"î€‡"},{"type":"pause","duration":10},{"type":"keyUp","value":"î€‡"}]}]}
RESULT: {"actions":[{"id":"action3","type":"key","parameters":{},"actions":[{"type":"keyDown","value":"î€‡"},{"type":"pause","duration":10},{"type":"keyUp","value":"î€‡"}]}]}
COMMAND: POST /session/b8d65177d5a87194928105dc462df4ae/execute/async - {"script":"<script> [1562 bytes]","args":[{"selector":{"id":"application-managepartners-display-component---NewPartner--externalCustomerComboBox-application-managepartners-display-component---NewPartner--assignmentsTable-0-vhi"},"wdio_ui5_key":"applicationmanagepartners-display-component---NewPartner--externalCustomerComboBox-application-managepartners-display-component---NewPartner--assignmentsTable-0-vhi"}]}
COMMAND: GET /session/b8d65177d5a87194928105dc462df4ae/screenshot - {}
RESULT: {"script":"<script> [1562 bytes]","args":[{"selector":{"id":"application-managepartners-display-component---NewPartner--externalCustomerComboBox-application-managepartners-display-component---NewPartner--assignmentsTable-0-vhi"},"wdio_ui5_key":"applicationmanagepartners-display-component---NewPartner--externalCustomerComboBox-application-managepartners-display-component---NewPartner--assignmentsTable-0-vhi"}]}
RESULT: undefined
COMMAND: POST /session/b8d65177d5a87194928105dc462df4ae/element - {"using":"xpath","value":"//*[@id=\"application-managepartners-display-component---NewPartner--externalCustomerComboBox-application-managepartners-display-component---NewPartner--assignmentsTable-0-vhi\"]"}
RESULT: {}
RESULT: {"using":"xpath","value":"//*[@id=\"application-managepartners-display-component---NewPartner--externalCustomerComboBox-application-managepartners-display-component---NewPartner--assignmentsTable-0-vhi\"]"}
COMMAND: POST /session/b8d65177d5a87194928105dc462df4ae/element/f.A76E8B59E5586EBC4341E91D969E0FF6.d.C65681305B47DE8D0B0369E2875EFA9A.e.1588/click - {}
RESULT: {}
RESULT: undefined
COMMAND: POST /session/b8d65177d5a87194928105dc462df4ae/execute/async - {"script":"<script> [776 bytes]","args":[{"enterText":"300003","selector":{"controlType":"sap.m.SearchField","properties":{"placeholder":"Search"},"searchOpenDialogs":true,"interaction":{"idSuffix":"I"}},"clearTextFirst":true,"interactionType":"ENTER_TEXT"}]}
COMMAND: GET /session/b8d65177d5a87194928105dc462df4ae/screenshot - {}
RESULT: {"script":"<script> [776 bytes]","args":[{"enterText":"300003","selector":{"controlType":"sap.m.SearchField","properties":{"placeholder":"Search"},"searchOpenDialogs":true,"interaction":{"idSuffix":"I"}},"clearTextFirst":true,"interactionType":"ENTER_TEXT"}]}
COMMAND: POST /session/b8d65177d5a87194928105dc462df4ae/actions - {"actions":[{"id":"action4","type":"key","parameters":{},"actions":[{"type":"keyDown","value":"î€‡"},{"type":"pause","duration":10},{"type":"keyUp","value":"î€‡"}]}]}
RESULT: {}
RESULT: {"actions":[{"id":"action4","type":"key","parameters":{},"actions":[{"type":"keyDown","value":"î€‡"},{"type":"pause","duration":10},{"type":"keyUp","value":"î€‡"}]}]}
COMMAND: GET /session/b8d65177d5a87194928105dc462df4ae/screenshot - {}
RESULT: {}
COMMAND: POST /session/b8d65177d5a87194928105dc462df4ae/element - {"using":"xpath","value":"//span[contains(text(), \"300003\")]"}
RESULT: {"using":"xpath","value":"//span[contains(text(), \"300003\")]"}
COMMAND: POST /session/b8d65177d5a87194928105dc462df4ae/element/f.A76E8B59E5586EBC4341E91D969E0FF6.d.C65681305B47DE8D0B0369E2875EFA9A.e.1606/click - {}
RESULT: {}
COMMAND: GET /session/b8d65177d5a87194928105dc462df4ae/screenshot - {}
RESULT: {}
COMMAND: POST /session/b8d65177d5a87194928105dc462df4ae/element - {"using":"xpath","value":"//bdi[contains(text(), \"OK\")]"}
RESULT: {"using":"xpath","value":"//bdi[contains(text(), \"OK\")]"}
COMMAND: POST /session/b8d65177d5a87194928105dc462df4ae/element/f.A76E8B59E5586EBC4341E91D969E0FF6.d.C65681305B47DE8D0B0369E2875EFA9A.e.1608/click - {}
RESULT: {}
COMMAND: GET /session/b8d65177d5a87194928105dc462df4ae/screenshot - {}
RESULT: {}
COMMAND: POST /session/b8d65177d5a87194928105dc462df4ae/execute/async - {"script":"<script> [1562 bytes]","args":[{"selector":{"id":"application-managepartners-display-component---NewPartner--intercompVendorComboBox-application-managepartners-display-component---NewPartner--assignmentsTable-0-vhi"},"wdio_ui5_key":"applicationmanagepartners-display-component---NewPartner--intercompVendorComboBox-application-managepartners-display-component---NewPartner--assignmentsTable-0-vhi"}]}
RESULT: {"script":"<script> [1562 bytes]","args":[{"selector":{"id":"application-managepartners-display-component---NewPartner--intercompVendorComboBox-application-managepartners-display-component---NewPartner--assignmentsTable-0-vhi"},"wdio_ui5_key":"applicationmanagepartners-display-component---NewPartner--intercompVendorComboBox-application-managepartners-display-component---NewPartner--assignmentsTable-0-vhi"}]}
RESULT: undefined
COMMAND: POST /session/b8d65177d5a87194928105dc462df4ae/element - {"using":"xpath","value":"//*[@id=\"application-managepartners-display-component---NewPartner--intercompVendorComboBox-application-managepartners-display-component---NewPartner--assignmentsTable-0-vhi\"]"}
RESULT: {"using":"xpath","value":"//*[@id=\"application-managepartners-display-component---NewPartner--intercompVendorComboBox-application-managepartners-display-component---NewPartner--assignmentsTable-0-vhi\"]"}
COMMAND: POST /session/b8d65177d5a87194928105dc462df4ae/element/f.A76E8B59E5586EBC4341E91D969E0FF6.d.C65681305B47DE8D0B0369E2875EFA9A.e.1612/click - {}
RESULT: {}
RESULT: undefined
COMMAND: POST /session/b8d65177d5a87194928105dc462df4ae/execute/async - {"script":"<script> [776 bytes]","args":[{"enterText":"100005","selector":{"controlType":"sap.m.SearchField","properties":{"placeholder":"Search"},"searchOpenDialogs":true,"interaction":{"idSuffix":"I"}},"clearTextFirst":true,"interactionType":"ENTER_TEXT"}]}
COMMAND: GET /session/b8d65177d5a87194928105dc462df4ae/screenshot - {}
RESULT: {"script":"<script> [776 bytes]","args":[{"enterText":"100005","selector":{"controlType":"sap.m.SearchField","properties":{"placeholder":"Search"},"searchOpenDialogs":true,"interaction":{"idSuffix":"I"}},"clearTextFirst":true,"interactionType":"ENTER_TEXT"}]}
COMMAND: POST /session/b8d65177d5a87194928105dc462df4ae/actions - {"actions":[{"id":"action5","type":"key","parameters":{},"actions":[{"type":"keyDown","value":"î€‡"},{"type":"pause","duration":10},{"type":"keyUp","value":"î€‡"}]}]}
RESULT: {}
RESULT: {"actions":[{"id":"action5","type":"key","parameters":{},"actions":[{"type":"keyDown","value":"î€‡"},{"type":"pause","duration":10},{"type":"keyUp","value":"î€‡"}]}]}
COMMAND: GET /session/b8d65177d5a87194928105dc462df4ae/screenshot - {}
RESULT: {}
COMMAND: POST /session/b8d65177d5a87194928105dc462df4ae/element - {"using":"xpath","value":"//span[contains(text(), \"Penguins - Field/12345 Berlin\")]"}
RESULT: {"using":"xpath","value":"//span[contains(text(), \"Penguins - Field/12345 Berlin\")]"}
COMMAND: POST /session/b8d65177d5a87194928105dc462df4ae/element/f.A76E8B59E5586EBC4341E91D969E0FF6.d.C65681305B47DE8D0B0369E2875EFA9A.e.1631/click - {}
RESULT: {}
COMMAND: GET /session/b8d65177d5a87194928105dc462df4ae/screenshot - {}
RESULT: {}
COMMAND: POST /session/b8d65177d5a87194928105dc462df4ae/element - {"using":"xpath","value":"//bdi[contains(text(), \"OK\")]"}
RESULT: {"using":"xpath","value":"//bdi[contains(text(), \"OK\")]"}
COMMAND: POST /session/b8d65177d5a87194928105dc462df4ae/element/f.A76E8B59E5586EBC4341E91D969E0FF6.d.C65681305B47DE8D0B0369E2875EFA9A.e.1632/click - {}
RESULT: {}
COMMAND: GET /session/b8d65177d5a87194928105dc462df4ae/screenshot - {}
RESULT: {}
COMMAND: POST /session/b8d65177d5a87194928105dc462df4ae/element - {"using":"xpath","value":"//button[@data-kt=\"saveButton\"]"}
RESULT: {"using":"xpath","value":"//button[@data-kt=\"saveButton\"]"}
COMMAND: POST /session/b8d65177d5a87194928105dc462df4ae/element/f.A76E8B59E5586EBC4341E91D969E0FF6.d.C65681305B47DE8D0B0369E2875EFA9A.e.1482/click - {}
RESULT: {}
COMMAND: GET /session/b8d65177d5a87194928105dc462df4ae/screenshot - {}
RESULT: {}
COMMAND: POST /session/b8d65177d5a87194928105dc462df4ae/element - {"using":"xpath","value":"//header[contains(@id, 'ObjectPageLayout-headerTitle')]/div[1]/div[2]/div[2]/span[1]"}
RESULT: {"using":"xpath","value":"//header[contains(@id, 'ObjectPageLayout-headerTitle')]/div[1]/div[2]/div[2]/span[1]"}
COMMAND: POST /session/b8d65177d5a87194928105dc462df4ae/elements - {"using":"xpath","value":"//header[contains(@id, 'ObjectPageLayout-headerTitle')]/div[1]/div[2]/div[2]/span[1]"}
RESULT: {"using":"xpath","value":"//header[contains(@id, 'ObjectPageLayout-headerTitle')]/div[1]/div[2]/div[2]/span[1]"}
COMMAND: POST /session/b8d65177d5a87194928105dc462df4ae/execute/sync - {"script":"<script> [56 bytes]","args":[{"element-6066-11e4-a52e-4f735466cecf":"f.A76E8B59E5586EBC4341E91D969E0FF6.d.C65681305B47DE8D0B0369E2875EFA9A.e.1796","ELEMENT":"f.A76E8B59E5586EBC4341E91D969E0FF6.d.C65681305B47DE8D0B0369E2875EFA9A.e.1796"}]}
RESULT: {"script":"<script> [56 bytes]","args":[{"element-6066-11e4-a52e-4f735466cecf":"f.A76E8B59E5586EBC4341E91D969E0FF6.d.C65681305B47DE8D0B0369E2875EFA9A.e.1796","ELEMENT":"f.A76E8B59E5586EBC4341E91D969E0FF6.d.C65681305B47DE8D0B0369E2875EFA9A.e.1796"}]}
COMMAND: POST /session/b8d65177d5a87194928105dc462df4ae/element - {"using":"css selector","value":"#shell-header-logo"}
COMMAND: GET /session/b8d65177d5a87194928105dc462df4ae/screenshot - {}
RESULT: {"using":"css selector","value":"#shell-header-logo"}
COMMAND: POST /session/b8d65177d5a87194928105dc462df4ae/element/f.A76E8B59E5586EBC4341E91D969E0FF6.d.C65681305B47DE8D0B0369E2875EFA9A.e.1020/click - {}
RESULT: {}
RESULT: {}
COMMAND: GET /session/b8d65177d5a87194928105dc462df4ae/screenshot - {}
RESULT: {}
COMMAND: POST /session/b8d65177d5a87194928105dc462df4ae/execute/sync - {"script":"<script> [299 bytes]","args":[["getModel","getResource"]]}
RESULT: {"script":"<script> [299 bytes]","args":[["getModel","getResource"]]}
COMMAND: GET /session/b8d65177d5a87194928105dc462df4ae/screenshot - {}
]]></system-out>
    </testcase>
    <testcase classname="chrome.136_0_7103_93.windows.Tests_for_Mass_State_Change_on_Manage_States_&amp;_Performances_US104416_US" name="Prereq Should create a new site" time="154.054">
      <system-out><![CDATA[
COMMAND: POST /session/b8d65177d5a87194928105dc462df4ae/execute/async - {"script":"<script> [1562 bytes]","args":[{"selector":{"controlType":"sap.m.GenericTile","properties":{"header":"Manage Sites"}},"wdio_ui5_key":"sapm.GenericTile{\"header\":\"Manage Sites\"}"}]}
RESULT: {}
RESULT: {"script":"<script> [1562 bytes]","args":[{"selector":{"controlType":"sap.m.GenericTile","properties":{"header":"Manage Sites"}},"wdio_ui5_key":"sapm.GenericTile{\"header\":\"Manage Sites\"}"}]}
RESULT: undefined
COMMAND: POST /session/b8d65177d5a87194928105dc462df4ae/element - {"using":"xpath","value":"//*[@id=\"__tile40\"]"}
RESULT: {"using":"xpath","value":"//*[@id=\"__tile40\"]"}
COMMAND: POST /session/b8d65177d5a87194928105dc462df4ae/element/f.A76E8B59E5586EBC4341E91D969E0FF6.d.C65681305B47DE8D0B0369E2875EFA9A.e.164/click - {}
RESULT: {}
COMMAND: GET /session/b8d65177d5a87194928105dc462df4ae/screenshot - {}
RESULT: {}
COMMAND: POST /session/b8d65177d5a87194928105dc462df4ae/elements - {"using":"xpath","value":"//span[text()='Error']"}
RESULT: {"using":"xpath","value":"//span[text()='Error']"}
COMMAND: POST /session/b8d65177d5a87194928105dc462df4ae/element - {"using":"xpath","value":"//button[@data-kt=\"addOverflowToolbarButton\"]"}
RESULT: {"using":"xpath","value":"//button[@data-kt=\"addOverflowToolbarButton\"]"}
COMMAND: POST /session/b8d65177d5a87194928105dc462df4ae/elements - {"using":"xpath","value":"//button[@data-kt=\"addOverflowToolbarButton\"]"}
RESULT: {"using":"xpath","value":"//button[@data-kt=\"addOverflowToolbarButton\"]"}
COMMAND: POST /session/b8d65177d5a87194928105dc462df4ae/execute/sync - {"script":"<script> [8489 bytes]","args":[{"element-6066-11e4-a52e-4f735466cecf":"f.A76E8B59E5586EBC4341E91D969E0FF6.d.C65681305B47DE8D0B0369E2875EFA9A.e.1843","ELEMENT":"f.A76E8B59E5586EBC4341E91D969E0FF6.d.C65681305B47DE8D0B0369E2875EFA9A.e.1843"}]}
RESULT: {"script":"<script> [8489 bytes]","args":[{"element-6066-11e4-a52e-4f735466cecf":"f.A76E8B59E5586EBC4341E91D969E0FF6.d.C65681305B47DE8D0B0369E2875EFA9A.e.1843","ELEMENT":"f.A76E8B59E5586EBC4341E91D969E0FF6.d.C65681305B47DE8D0B0369E2875EFA9A.e.1843"}]}
COMMAND: GET /session/b8d65177d5a87194928105dc462df4ae/element/f.A76E8B59E5586EBC4341E91D969E0FF6.d.C65681305B47DE8D0B0369E2875EFA9A.e.1843/enabled - {}
COMMAND: GET /session/b8d65177d5a87194928105dc462df4ae/screenshot - {}
RESULT: {}
COMMAND: POST /session/b8d65177d5a87194928105dc462df4ae/execute/sync - {"script":"<script> [8489 bytes]","args":[{"element-6066-11e4-a52e-4f735466cecf":"f.A76E8B59E5586EBC4341E91D969E0FF6.d.C65681305B47DE8D0B0369E2875EFA9A.e.1843","ELEMENT":"f.A76E8B59E5586EBC4341E91D969E0FF6.d.C65681305B47DE8D0B0369E2875EFA9A.e.1843"}]}
COMMAND: GET /session/b8d65177d5a87194928105dc462df4ae/screenshot - {}
RESULT: {}
RESULT: {"script":"<script> [8489 bytes]","args":[{"element-6066-11e4-a52e-4f735466cecf":"f.A76E8B59E5586EBC4341E91D969E0FF6.d.C65681305B47DE8D0B0369E2875EFA9A.e.1843","ELEMENT":"f.A76E8B59E5586EBC4341E91D969E0FF6.d.C65681305B47DE8D0B0369E2875EFA9A.e.1843"}]}
COMMAND: POST /session/b8d65177d5a87194928105dc462df4ae/execute/sync - {"script":"<script> [5351 bytes]","args":[{"element-6066-11e4-a52e-4f735466cecf":"f.A76E8B59E5586EBC4341E91D969E0FF6.d.C65681305B47DE8D0B0369E2875EFA9A.e.1843","ELEMENT":"f.A76E8B59E5586EBC4341E91D969E0FF6.d.C65681305B47DE8D0B0369E2875EFA9A.e.1843"}]}
COMMAND: GET /session/b8d65177d5a87194928105dc462df4ae/screenshot - {}
RESULT: {}
RESULT: {"script":"<script> [5351 bytes]","args":[{"element-6066-11e4-a52e-4f735466cecf":"f.A76E8B59E5586EBC4341E91D969E0FF6.d.C65681305B47DE8D0B0369E2875EFA9A.e.1843","ELEMENT":"f.A76E8B59E5586EBC4341E91D969E0FF6.d.C65681305B47DE8D0B0369E2875EFA9A.e.1843"}]}
COMMAND: POST /session/b8d65177d5a87194928105dc462df4ae/element/f.A76E8B59E5586EBC4341E91D969E0FF6.d.C65681305B47DE8D0B0369E2875EFA9A.e.1843/click - {}
COMMAND: GET /session/b8d65177d5a87194928105dc462df4ae/screenshot - {}
RESULT: {}
RESULT: {}
COMMAND: GET /session/b8d65177d5a87194928105dc462df4ae/screenshot - {}
COMMAND: POST /session/b8d65177d5a87194928105dc462df4ae/element - {"using":"xpath","value":"//input[@id=\"application-managesites-display-component---NewSite--siteId-inner\"]"}
RESULT: {}
RESULT: {}
RESULT: {"using":"xpath","value":"//input[@id=\"application-managesites-display-component---NewSite--siteId-inner\"]"}
COMMAND: POST /session/b8d65177d5a87194928105dc462df4ae/element - {"using":"xpath","value":"//input[@id=\"application-managesites-display-component---NewSite--siteId-inner\"]"}
RESULT: {"using":"xpath","value":"//input[@id=\"application-managesites-display-component---NewSite--siteId-inner\"]"}
COMMAND: POST /session/b8d65177d5a87194928105dc462df4ae/execute/async - {"script":"<script> [1562 bytes]","args":[{"selector":{"id":"application-managesites-display-component---NewSite--addressDetailDetailsName1","interaction":{"idSuffix":"inner"}},"wdio_ui5_key":"applicationmanagesites-display-component---NewSite--addressDetailDetailsName1"}]}
RESULT: {"script":"<script> [1562 bytes]","args":[{"selector":{"id":"application-managesites-display-component---NewSite--addressDetailDetailsName1","interaction":{"idSuffix":"inner"}},"wdio_ui5_key":"applicationmanagesites-display-component---NewSite--addressDetailDetailsName1"}]}
RESULT: undefined
COMMAND: POST /session/b8d65177d5a87194928105dc462df4ae/execute/async - {"script":"<script> [776 bytes]","args":[{"enterText":"Intracompany Site wdIO","selector":{"id":"application-managesites-display-component---NewSite--addressDetailDetailsName1","interaction":{"idSuffix":"inner"}},"clearTextFirst":true,"interactionType":"ENTER_TEXT"}]}
RESULT: {"script":"<script> [776 bytes]","args":[{"enterText":"Intracompany Site wdIO","selector":{"id":"application-managesites-display-component---NewSite--addressDetailDetailsName1","interaction":{"idSuffix":"inner"}},"clearTextFirst":true,"interactionType":"ENTER_TEXT"}]}
COMMAND: POST /session/b8d65177d5a87194928105dc462df4ae/execute/async - {"script":"<script> [1562 bytes]","args":[{"selector":{"id":"application-managesites-display-component---NewSite--addressDetailDetailsLanguage-arrow"},"wdio_ui5_key":"applicationmanagesites-display-component---NewSite--addressDetailDetailsLanguage-arrow"}]}
RESULT: {"script":"<script> [1562 bytes]","args":[{"selector":{"id":"application-managesites-display-component---NewSite--addressDetailDetailsLanguage-arrow"},"wdio_ui5_key":"applicationmanagesites-display-component---NewSite--addressDetailDetailsLanguage-arrow"}]}
RESULT: undefined
COMMAND: POST /session/b8d65177d5a87194928105dc462df4ae/element - {"using":"xpath","value":"//*[@id=\"application-managesites-display-component---NewSite--addressDetailDetailsLanguage-arrow\"]"}
RESULT: {"using":"xpath","value":"//*[@id=\"application-managesites-display-component---NewSite--addressDetailDetailsLanguage-arrow\"]"}
COMMAND: POST /session/b8d65177d5a87194928105dc462df4ae/element/f.A76E8B59E5586EBC4341E91D969E0FF6.d.C65681305B47DE8D0B0369E2875EFA9A.e.2457/click - {}
RESULT: {}
COMMAND: POST /session/b8d65177d5a87194928105dc462df4ae/element - {"using":"xpath","value":"//span[contains(text(), \"English\")]"}
COMMAND: GET /session/b8d65177d5a87194928105dc462df4ae/screenshot - {}
RESULT: {"using":"xpath","value":"//span[contains(text(), \"English\")]"}
COMMAND: POST /session/b8d65177d5a87194928105dc462df4ae/element/f.A76E8B59E5586EBC4341E91D969E0FF6.d.C65681305B47DE8D0B0369E2875EFA9A.e.2458/click - {}
RESULT: {}
RESULT: {}
COMMAND: POST /session/b8d65177d5a87194928105dc462df4ae/execute/async - {"script":"<script> [1562 bytes]","args":[{"selector":{"id":"application-managesites-display-component---NewSite--addressDetailDetailsCity1","interaction":{"idSuffix":"inner"}},"wdio_ui5_key":"applicationmanagesites-display-component---NewSite--addressDetailDetailsCity1"}]}
COMMAND: GET /session/b8d65177d5a87194928105dc462df4ae/screenshot - {}
RESULT: {"script":"<script> [1562 bytes]","args":[{"selector":{"id":"application-managesites-display-component---NewSite--addressDetailDetailsCity1","interaction":{"idSuffix":"inner"}},"wdio_ui5_key":"applicationmanagesites-display-component---NewSite--addressDetailDetailsCity1"}]}
RESULT: undefined
COMMAND: POST /session/b8d65177d5a87194928105dc462df4ae/execute/async - {"script":"<script> [776 bytes]","args":[{"enterText":"Rosario","selector":{"id":"application-managesites-display-component---NewSite--addressDetailDetailsCity1","interaction":{"idSuffix":"inner"}},"clearTextFirst":true,"interactionType":"ENTER_TEXT"}]}
RESULT: {}
RESULT: {"script":"<script> [776 bytes]","args":[{"enterText":"Rosario","selector":{"id":"application-managesites-display-component---NewSite--addressDetailDetailsCity1","interaction":{"idSuffix":"inner"}},"clearTextFirst":true,"interactionType":"ENTER_TEXT"}]}
COMMAND: POST /session/b8d65177d5a87194928105dc462df4ae/execute/async - {"script":"<script> [1562 bytes]","args":[{"selector":{"id":"application-managesites-display-component---NewSite--addressDetailDetailsCountry-arrow"},"wdio_ui5_key":"applicationmanagesites-display-component---NewSite--addressDetailDetailsCountry-arrow"}]}
RESULT: {"script":"<script> [1562 bytes]","args":[{"selector":{"id":"application-managesites-display-component---NewSite--addressDetailDetailsCountry-arrow"},"wdio_ui5_key":"applicationmanagesites-display-component---NewSite--addressDetailDetailsCountry-arrow"}]}
RESULT: undefined
COMMAND: POST /session/b8d65177d5a87194928105dc462df4ae/element - {"using":"xpath","value":"//*[@id=\"application-managesites-display-component---NewSite--addressDetailDetailsCountry-arrow\"]"}
RESULT: {"using":"xpath","value":"//*[@id=\"application-managesites-display-component---NewSite--addressDetailDetailsCountry-arrow\"]"}
COMMAND: POST /session/b8d65177d5a87194928105dc462df4ae/element/f.A76E8B59E5586EBC4341E91D969E0FF6.d.C65681305B47DE8D0B0369E2875EFA9A.e.2460/click - {}
RESULT: {}
COMMAND: POST /session/b8d65177d5a87194928105dc462df4ae/element - {"using":"xpath","value":"//span[contains(text(), \"Argentina\")]"}
COMMAND: GET /session/b8d65177d5a87194928105dc462df4ae/screenshot - {}
RESULT: {"using":"xpath","value":"//span[contains(text(), \"Argentina\")]"}
COMMAND: POST /session/b8d65177d5a87194928105dc462df4ae/element/f.A76E8B59E5586EBC4341E91D969E0FF6.d.C65681305B47DE8D0B0369E2875EFA9A.e.2462/click - {}
RESULT: {}
RESULT: {}
COMMAND: GET /session/b8d65177d5a87194928105dc462df4ae/screenshot - {}
RESULT: {}
COMMAND: POST /session/b8d65177d5a87194928105dc462df4ae/execute/async - {"script":"<script> [1562 bytes]","args":[{"selector":{"id":"application-managesites-display-component---NewSite--addressEditDetailsCostObjectCstType-arrow"},"wdio_ui5_key":"applicationmanagesites-display-component---NewSite--addressEditDetailsCostObjectCstType-arrow"}]}
RESULT: {"script":"<script> [1562 bytes]","args":[{"selector":{"id":"application-managesites-display-component---NewSite--addressEditDetailsCostObjectCstType-arrow"},"wdio_ui5_key":"applicationmanagesites-display-component---NewSite--addressEditDetailsCostObjectCstType-arrow"}]}
RESULT: undefined
COMMAND: POST /session/b8d65177d5a87194928105dc462df4ae/element - {"using":"xpath","value":"//*[@id=\"application-managesites-display-component---NewSite--addressEditDetailsCostObjectCstType-arrow\"]"}
RESULT: {"using":"xpath","value":"//*[@id=\"application-managesites-display-component---NewSite--addressEditDetailsCostObjectCstType-arrow\"]"}
COMMAND: POST /session/b8d65177d5a87194928105dc462df4ae/element/f.A76E8B59E5586EBC4341E91D969E0FF6.d.C65681305B47DE8D0B0369E2875EFA9A.e.2463/click - {}
RESULT: {}
COMMAND: POST /session/b8d65177d5a87194928105dc462df4ae/element - {"using":"xpath","value":"//span[contains(text(), \"Cost Center\")]"}
COMMAND: GET /session/b8d65177d5a87194928105dc462df4ae/screenshot - {}
RESULT: {"using":"xpath","value":"//span[contains(text(), \"Cost Center\")]"}
COMMAND: POST /session/b8d65177d5a87194928105dc462df4ae/element/f.A76E8B59E5586EBC4341E91D969E0FF6.d.C65681305B47DE8D0B0369E2875EFA9A.e.2464/click - {}
RESULT: {}
RESULT: {}
COMMAND: GET /session/b8d65177d5a87194928105dc462df4ae/screenshot - {}
RESULT: {}
COMMAND: POST /session/b8d65177d5a87194928105dc462df4ae/element - {"using":"xpath","value":"//span[@id=\"application-managesites-display-component---NewSite--addressNewCostObjectCstID-vhi\"]"}
RESULT: {"using":"xpath","value":"//span[@id=\"application-managesites-display-component---NewSite--addressNewCostObjectCstID-vhi\"]"}
COMMAND: POST /session/b8d65177d5a87194928105dc462df4ae/execute/sync - {"script":"<script> [8489 bytes]","args":[{"element-6066-11e4-a52e-4f735466cecf":"f.A76E8B59E5586EBC4341E91D969E0FF6.d.C65681305B47DE8D0B0369E2875EFA9A.e.2469","ELEMENT":"f.A76E8B59E5586EBC4341E91D969E0FF6.d.C65681305B47DE8D0B0369E2875EFA9A.e.2469"}]}
RESULT: {"script":"<script> [8489 bytes]","args":[{"element-6066-11e4-a52e-4f735466cecf":"f.A76E8B59E5586EBC4341E91D969E0FF6.d.C65681305B47DE8D0B0369E2875EFA9A.e.2469","ELEMENT":"f.A76E8B59E5586EBC4341E91D969E0FF6.d.C65681305B47DE8D0B0369E2875EFA9A.e.2469"}]}
COMMAND: POST /session/b8d65177d5a87194928105dc462df4ae/execute/async - {"script":"<script> [1562 bytes]","args":[{"selector":{"id":"application-managesites-display-component---NewSite--addressNewCostObjectCstID-vhi"},"wdio_ui5_key":"applicationmanagesites-display-component---NewSite--addressNewCostObjectCstID-vhi"}]}
COMMAND: GET /session/b8d65177d5a87194928105dc462df4ae/screenshot - {}
RESULT: {"script":"<script> [1562 bytes]","args":[{"selector":{"id":"application-managesites-display-component---NewSite--addressNewCostObjectCstID-vhi"},"wdio_ui5_key":"applicationmanagesites-display-component---NewSite--addressNewCostObjectCstID-vhi"}]}
RESULT: undefined
COMMAND: POST /session/b8d65177d5a87194928105dc462df4ae/element - {"using":"xpath","value":"//*[@id=\"application-managesites-display-component---NewSite--addressNewCostObjectCstID-vhi\"]"}
RESULT: {}
RESULT: {"using":"xpath","value":"//*[@id=\"application-managesites-display-component---NewSite--addressNewCostObjectCstID-vhi\"]"}
COMMAND: POST /session/b8d65177d5a87194928105dc462df4ae/element/f.A76E8B59E5586EBC4341E91D969E0FF6.d.C65681305B47DE8D0B0369E2875EFA9A.e.2469/click - {}
RESULT: {}
COMMAND: GET /session/b8d65177d5a87194928105dc462df4ae/screenshot - {}
RESULT: {}
RESULT: undefined
COMMAND: POST /session/b8d65177d5a87194928105dc462df4ae/execute/async - {"script":"<script> [776 bytes]","args":[{"enterText":"10001013","selector":{"controlType":"sap.m.SearchField","properties":{"placeholder":"Search"},"searchOpenDialogs":true,"interaction":{"idSuffix":"I"}},"clearTextFirst":true,"interactionType":"ENTER_TEXT"}]}
RESULT: {"script":"<script> [776 bytes]","args":[{"enterText":"10001013","selector":{"controlType":"sap.m.SearchField","properties":{"placeholder":"Search"},"searchOpenDialogs":true,"interaction":{"idSuffix":"I"}},"clearTextFirst":true,"interactionType":"ENTER_TEXT"}]}
COMMAND: POST /session/b8d65177d5a87194928105dc462df4ae/actions - {"actions":[{"id":"action6","type":"key","parameters":{},"actions":[{"type":"keyDown","value":"î€‡"},{"type":"pause","duration":10},{"type":"keyUp","value":"î€‡"}]}]}
RESULT: {"actions":[{"id":"action6","type":"key","parameters":{},"actions":[{"type":"keyDown","value":"î€‡"},{"type":"pause","duration":10},{"type":"keyUp","value":"î€‡"}]}]}
COMMAND: GET /session/b8d65177d5a87194928105dc462df4ae/screenshot - {}
RESULT: {}
COMMAND: POST /session/b8d65177d5a87194928105dc462df4ae/element - {"using":"xpath","value":"//span[contains(text(), \"General Management\")]"}
RESULT: {"using":"xpath","value":"//span[contains(text(), \"General Management\")]"}
COMMAND: POST /session/b8d65177d5a87194928105dc462df4ae/element/f.A76E8B59E5586EBC4341E91D969E0FF6.d.C65681305B47DE8D0B0369E2875EFA9A.e.2509/click - {}
RESULT: {}
COMMAND: GET /session/b8d65177d5a87194928105dc462df4ae/screenshot - {}
RESULT: {}
COMMAND: POST /session/b8d65177d5a87194928105dc462df4ae/element - {"using":"xpath","value":"//bdi[contains(text(), \"OK\")]"}
RESULT: {"using":"xpath","value":"//bdi[contains(text(), \"OK\")]"}
COMMAND: POST /session/b8d65177d5a87194928105dc462df4ae/element/f.A76E8B59E5586EBC4341E91D969E0FF6.d.C65681305B47DE8D0B0369E2875EFA9A.e.2510/click - {}
RESULT: {}
COMMAND: GET /session/b8d65177d5a87194928105dc462df4ae/screenshot - {}
RESULT: {}
COMMAND: POST /session/b8d65177d5a87194928105dc462df4ae/element - {"using":"xpath","value":"//input[@id=\"application-managesites-display-component---NewSite--addressDetailDetailsCalendar-inner\"]"}
RESULT: {"using":"xpath","value":"//input[@id=\"application-managesites-display-component---NewSite--addressDetailDetailsCalendar-inner\"]"}
COMMAND: POST /session/b8d65177d5a87194928105dc462df4ae/element/f.A76E8B59E5586EBC4341E91D969E0FF6.d.C65681305B47DE8D0B0369E2875EFA9A.e.2253/clear - {}
RESULT: {}
COMMAND: POST /session/b8d65177d5a87194928105dc462df4ae/element/f.A76E8B59E5586EBC4341E91D969E0FF6.d.C65681305B47DE8D0B0369E2875EFA9A.e.2253/value - {"text":"Unit"}
COMMAND: GET /session/b8d65177d5a87194928105dc462df4ae/screenshot - {}
RESULT: {"text":"Unit"}
COMMAND: GET /session/b8d65177d5a87194928105dc462df4ae/screenshot - {}
RESULT: {}
RESULT: {}
COMMAND: POST /session/b8d65177d5a87194928105dc462df4ae/actions - {"actions":[{"id":"action7","type":"key","parameters":{},"actions":[{"type":"keyDown","value":"î€‡"},{"type":"pause","duration":10},{"type":"keyUp","value":"î€‡"}]}]}
RESULT: {"actions":[{"id":"action7","type":"key","parameters":{},"actions":[{"type":"keyDown","value":"î€‡"},{"type":"pause","duration":10},{"type":"keyUp","value":"î€‡"}]}]}
COMMAND: POST /session/b8d65177d5a87194928105dc462df4ae/element - {"using":"xpath","value":"//input[@id=\"application-managesites-display-component---NewSite--addressDetailDetailsYard-inner\"]"}
COMMAND: GET /session/b8d65177d5a87194928105dc462df4ae/screenshot - {}
RESULT: {"using":"xpath","value":"//input[@id=\"application-managesites-display-component---NewSite--addressDetailDetailsYard-inner\"]"}
COMMAND: POST /session/b8d65177d5a87194928105dc462df4ae/element/f.A76E8B59E5586EBC4341E91D969E0FF6.d.C65681305B47DE8D0B0369E2875EFA9A.e.2254/clear - {}
RESULT: {}
RESULT: {}
COMMAND: POST /session/b8d65177d5a87194928105dc462df4ae/element/f.A76E8B59E5586EBC4341E91D969E0FF6.d.C65681305B47DE8D0B0369E2875EFA9A.e.2254/value - {"text":"625"}
COMMAND: GET /session/b8d65177d5a87194928105dc462df4ae/screenshot - {}
RESULT: {"text":"625"}
COMMAND: GET /session/b8d65177d5a87194928105dc462df4ae/screenshot - {}
RESULT: {}
RESULT: {}
COMMAND: POST /session/b8d65177d5a87194928105dc462df4ae/element - {"using":"xpath","value":"//li[.//span[text()='625']]"}
RESULT: {"using":"xpath","value":"//li[.//span[text()='625']]"}
COMMAND: POST /session/b8d65177d5a87194928105dc462df4ae/element/f.A76E8B59E5586EBC4341E91D969E0FF6.d.C65681305B47DE8D0B0369E2875EFA9A.e.2518/click - {}
RESULT: {}
COMMAND: GET /session/b8d65177d5a87194928105dc462df4ae/screenshot - {}
RESULT: {}
COMMAND: POST /session/b8d65177d5a87194928105dc462df4ae/element - {"using":"xpath","value":"//input[@id=\"application-managesites-display-component---NewSite--addressDetailDetailsPartner-inner\"]"}
RESULT: {"using":"xpath","value":"//input[@id=\"application-managesites-display-component---NewSite--addressDetailDetailsPartner-inner\"]"}
COMMAND: POST /session/b8d65177d5a87194928105dc462df4ae/element - {"using":"xpath","value":"//input[@id=\"application-managesites-display-component---NewSite--addressDetailDetailsPartner-inner\"]"}
RESULT: {"using":"xpath","value":"//input[@id=\"application-managesites-display-component---NewSite--addressDetailDetailsPartner-inner\"]"}
COMMAND: POST /session/b8d65177d5a87194928105dc462df4ae/element - {"using":"xpath","value":"//button[@data-kt=\"saveButton\"]"}
RESULT: {"using":"xpath","value":"//button[@data-kt=\"saveButton\"]"}
COMMAND: POST /session/b8d65177d5a87194928105dc462df4ae/element/f.A76E8B59E5586EBC4341E91D969E0FF6.d.C65681305B47DE8D0B0369E2875EFA9A.e.2442/click - {}
RESULT: {}
COMMAND: GET /session/b8d65177d5a87194928105dc462df4ae/screenshot - {}
RESULT: {}
COMMAND: POST /session/b8d65177d5a87194928105dc462df4ae/element - {"using":"xpath","value":"//header[contains(@id, 'ObjectPageLayout-headerTitle')]/div[1]/div[2]/div[2]/span[1]"}
RESULT: {"using":"xpath","value":"//header[contains(@id, 'ObjectPageLayout-headerTitle')]/div[1]/div[2]/div[2]/span[1]"}
COMMAND: POST /session/b8d65177d5a87194928105dc462df4ae/elements - {"using":"xpath","value":"//header[contains(@id, 'ObjectPageLayout-headerTitle')]/div[1]/div[2]/div[2]/span[1]"}
RESULT: {"using":"xpath","value":"//header[contains(@id, 'ObjectPageLayout-headerTitle')]/div[1]/div[2]/div[2]/span[1]"}
COMMAND: POST /session/b8d65177d5a87194928105dc462df4ae/execute/sync - {"script":"<script> [56 bytes]","args":[{"element-6066-11e4-a52e-4f735466cecf":"f.A76E8B59E5586EBC4341E91D969E0FF6.d.C65681305B47DE8D0B0369E2875EFA9A.e.2720","ELEMENT":"f.A76E8B59E5586EBC4341E91D969E0FF6.d.C65681305B47DE8D0B0369E2875EFA9A.e.2720"}]}
RESULT: {"script":"<script> [56 bytes]","args":[{"element-6066-11e4-a52e-4f735466cecf":"f.A76E8B59E5586EBC4341E91D969E0FF6.d.C65681305B47DE8D0B0369E2875EFA9A.e.2720","ELEMENT":"f.A76E8B59E5586EBC4341E91D969E0FF6.d.C65681305B47DE8D0B0369E2875EFA9A.e.2720"}]}
COMMAND: POST /session/b8d65177d5a87194928105dc462df4ae/element - {"using":"css selector","value":"#shell-header-logo"}
COMMAND: GET /session/b8d65177d5a87194928105dc462df4ae/screenshot - {}
RESULT: {"using":"css selector","value":"#shell-header-logo"}
COMMAND: POST /session/b8d65177d5a87194928105dc462df4ae/element/f.A76E8B59E5586EBC4341E91D969E0FF6.d.C65681305B47DE8D0B0369E2875EFA9A.e.1800/click - {}
RESULT: {}
RESULT: {}
COMMAND: GET /session/b8d65177d5a87194928105dc462df4ae/screenshot - {}
RESULT: {}
COMMAND: POST /session/b8d65177d5a87194928105dc462df4ae/execute/sync - {"script":"<script> [299 bytes]","args":[["getModel","getResource"]]}
RESULT: {"script":"<script> [299 bytes]","args":[["getModel","getResource"]]}
COMMAND: POST /session/b8d65177d5a87194928105dc462df4ae/actions - {"actions":[{"id":"action8","type":"key","parameters":{},"actions":[{"type":"keyDown","value":"î€‡"},{"type":"pause","duration":10},{"type":"keyUp","value":"î€‡"}]}]}
COMMAND: GET /session/b8d65177d5a87194928105dc462df4ae/screenshot - {}
RESULT: {"actions":[{"id":"action8","type":"key","parameters":{},"actions":[{"type":"keyDown","value":"î€‡"},{"type":"pause","duration":10},{"type":"keyUp","value":"î€‡"}]}]}
COMMAND: GET /session/b8d65177d5a87194928105dc462df4ae/screenshot - {}
RESULT: {}
RESULT: {}
COMMAND: POST /session/b8d65177d5a87194928105dc462df4ae/refresh - {}
RESULT: {}
COMMAND: GET /session/b8d65177d5a87194928105dc462df4ae/screenshot - {}
RESULT: {}
COMMAND: POST /session/b8d65177d5a87194928105dc462df4ae/refresh - {}
RESULT: {}
COMMAND: GET /session/b8d65177d5a87194928105dc462df4ae/screenshot - {}
RESULT: {}
COMMAND: POST /session/b8d65177d5a87194928105dc462df4ae/window/fullscreen - {}
RESULT: {}
COMMAND: POST /session/b8d65177d5a87194928105dc462df4ae/execute/async - {"script":"<script> [189 bytes]","args":[]}
RESULT: {"script":"<script> [189 bytes]","args":[]}
COMMAND: POST /session/b8d65177d5a87194928105dc462df4ae/execute/async - {"script":"<script> [123 bytes]","args":[]}
RESULT: {"script":"<script> [123 bytes]","args":[]}
COMMAND: POST /session/b8d65177d5a87194928105dc462df4ae/timeouts - {"script":"<number>"}
RESULT: {"script":"<number>"}
COMMAND: GET /session/b8d65177d5a87194928105dc462df4ae/timeouts - {}
RESULT: {}
RESULT: undefined
COMMAND: POST /session/b8d65177d5a87194928105dc462df4ae/execute/async - {"script":"<script> [2676 bytes]","args":[]}
RESULT: {"script":"<script> [2676 bytes]","args":[]}
COMMAND: POST /session/b8d65177d5a87194928105dc462df4ae/execute/async - {"script":"<script> [2342 bytes]","args":[{"protocol":"http","hostname":"0.0.0.0","path":"/","capabilities":{"browserName":"chrome","goog:chromeOptions":{"binary":"C:\\Program Files\\Google\\Chrome\\Application\\chrome.exe","args":["--start-maximized"]}},"logLevel":"warn","connectionRetryTimeout":120000,"connectionRetryCount":3,"logLevels":{},"enableDirectConnect":true,"strictSSL":true,"_":"65 more keys: [\"cacheDir\",\"port\",\"requestedCapabilities\",\"automationProtocol\",\"baseUrl\",\"waitforInterval\",\"waitforTimeout\",\"onReload\",\"beforeCommand\",\"afterCommand\",\"rootDir\",\"specs\",\"suites\",\"exclude\",\"groupLogsByTestSpec\",\"excludeDriverLogs\",\"bail\",\"framework\",\"reporters\",\"services\",\"maxInstances\",\"maxInstancesPerCapability\",\"injectGlobals\",\"filesToWatch\",\"execArgv\",\"runnerEnv\",\"runner\",\"shard\",\"specFileRetries\",\"specFileRetriesDelay\",\"specFileRetriesDeferred\",\"reporterSyncInterval\",\"reporterSyncTimeout\",\"cucumberFeaturesWithLineNumbers\",\"autoCompileOpts\",\"mochaOpts\",\"jasmineOpts\",\"cucumberOpts\",\"onPrepare\",\"onWorkerStart\",\"onWorkerEnd\",\"before\",\"beforeSession\",\"beforeSuite\",\"beforeHook\",\"beforeTest\",\"afterTest\",\"afterHook\",\"afterSuite\",\"afterSession\",\"after\",\"onComplete\",\"beforeAssertion\",\"afterAssertion\",\"beforeFeature\",\"beforeScenario\",\"beforeStep\",\"afterStep\",\"afterScenario\",\"afterFeature\",\"_\",\"suite\",\"$0\",\"ignoredWorkerServices\",\"wdi5\"]"}]}
RESULT: {"script":"<script> [2342 bytes]","args":[{"protocol":"http","hostname":"0.0.0.0","path":"/","capabilities":{"browserName":"chrome","goog:chromeOptions":{"binary":"C:\\Program Files\\Google\\Chrome\\Application\\chrome.exe","args":["--start-maximized"]}},"logLevel":"warn","connectionRetryTimeout":120000,"connectionRetryCount":3,"logLevels":{},"enableDirectConnect":true,"strictSSL":true,"_":"65 more keys: [\"cacheDir\",\"port\",\"requestedCapabilities\",\"automationProtocol\",\"baseUrl\",\"waitforInterval\",\"waitforTimeout\",\"onReload\",\"beforeCommand\",\"afterCommand\",\"rootDir\",\"specs\",\"suites\",\"exclude\",\"groupLogsByTestSpec\",\"excludeDriverLogs\",\"bail\",\"framework\",\"reporters\",\"services\",\"maxInstances\",\"maxInstancesPerCapability\",\"injectGlobals\",\"filesToWatch\",\"execArgv\",\"runnerEnv\",\"runner\",\"shard\",\"specFileRetries\",\"specFileRetriesDelay\",\"specFileRetriesDeferred\",\"reporterSyncInterval\",\"reporterSyncTimeout\",\"cucumberFeaturesWithLineNumbers\",\"autoCompileOpts\",\"mochaOpts\",\"jasmineOpts\",\"cucumberOpts\",\"onPrepare\",\"onWorkerStart\",\"onWorkerEnd\",\"before\",\"beforeSession\",\"beforeSuite\",\"beforeHook\",\"beforeTest\",\"afterTest\",\"afterHook\",\"afterSuite\",\"afterSession\",\"after\",\"onComplete\",\"beforeAssertion\",\"afterAssertion\",\"beforeFeature\",\"beforeScenario\",\"beforeStep\",\"afterStep\",\"afterScenario\",\"afterFeature\",\"_\",\"suite\",\"$0\",\"ignoredWorkerServices\",\"wdi5\"]"}]}
COMMAND: POST /session/b8d65177d5a87194928105dc462df4ae/execute/async - {"script":"<script> [21126 bytes]","args":[35000]}
RESULT: {"script":"<script> [21126 bytes]","args":[35000]}
COMMAND: POST /session/b8d65177d5a87194928105dc462df4ae/window/fullscreen - {}
RESULT: {}
]]></system-out>
    </testcase>
    <testcase classname="chrome.136_0_7103_93.windows.Tests_for_Mass_State_Change_on_Manage_States_&amp;_Performances_US104416_US" name="Prereq Should create a new equipment multipart" time="133.702">
      <system-out><![CDATA[
COMMAND: POST /session/b8d65177d5a87194928105dc462df4ae/execute/async - {"script":"<script> [1562 bytes]","args":[{"selector":{"controlType":"sap.m.GenericTile","properties":{"header":"Manage Resources"}},"wdio_ui5_key":"sapm.GenericTile{\"header\":\"Manage Resources\"}"}]}
RESULT: {"script":"<script> [1562 bytes]","args":[{"selector":{"controlType":"sap.m.GenericTile","properties":{"header":"Manage Resources"}},"wdio_ui5_key":"sapm.GenericTile{\"header\":\"Manage Resources\"}"}]}
RESULT: undefined
COMMAND: POST /session/b8d65177d5a87194928105dc462df4ae/element - {"using":"xpath","value":"//*[@id=\"__tile31\"]"}
RESULT: {"using":"xpath","value":"//*[@id=\"__tile31\"]"}
COMMAND: POST /session/b8d65177d5a87194928105dc462df4ae/element/f.A76E8B59E5586EBC4341E91D969E0FF6.d.E2F832BC103105AEA9F4D0091D3086F2.e.2798/click - {}
RESULT: {}
COMMAND: GET /session/b8d65177d5a87194928105dc462df4ae/screenshot - {}
RESULT: {}
COMMAND: POST /session/b8d65177d5a87194928105dc462df4ae/elements - {"using":"xpath","value":"//span[text()='Error']"}
RESULT: {"using":"xpath","value":"//span[text()='Error']"}
COMMAND: POST /session/b8d65177d5a87194928105dc462df4ae/element - {"using":"xpath","value":"//button[@data-kt=\"addNewRUOverflowToolbarButton\"]"}
RESULT: {"using":"xpath","value":"//button[@data-kt=\"addNewRUOverflowToolbarButton\"]"}
COMMAND: POST /session/b8d65177d5a87194928105dc462df4ae/elements - {"using":"xpath","value":"//button[@data-kt=\"addNewRUOverflowToolbarButton\"]"}
RESULT: {"using":"xpath","value":"//button[@data-kt=\"addNewRUOverflowToolbarButton\"]"}
COMMAND: POST /session/b8d65177d5a87194928105dc462df4ae/elements - {"using":"xpath","value":"//button[@data-kt=\"addNewRUOverflowToolbarButton\"]"}
RESULT: {"using":"xpath","value":"//button[@data-kt=\"addNewRUOverflowToolbarButton\"]"}
COMMAND: POST /session/b8d65177d5a87194928105dc462df4ae/elements - {"using":"xpath","value":"//button[@data-kt=\"addNewRUOverflowToolbarButton\"]"}
RESULT: {"using":"xpath","value":"//button[@data-kt=\"addNewRUOverflowToolbarButton\"]"}
COMMAND: POST /session/b8d65177d5a87194928105dc462df4ae/elements - {"using":"xpath","value":"//button[@data-kt=\"addNewRUOverflowToolbarButton\"]"}
RESULT: {"using":"xpath","value":"//button[@data-kt=\"addNewRUOverflowToolbarButton\"]"}
COMMAND: POST /session/b8d65177d5a87194928105dc462df4ae/elements - {"using":"xpath","value":"//button[@data-kt=\"addNewRUOverflowToolbarButton\"]"}
RESULT: {"using":"xpath","value":"//button[@data-kt=\"addNewRUOverflowToolbarButton\"]"}
COMMAND: POST /session/b8d65177d5a87194928105dc462df4ae/element - {"using":"xpath","value":"//button[@data-kt=\"addNewRUOverflowToolbarButton\"]"}
RESULT: {"using":"xpath","value":"//button[@data-kt=\"addNewRUOverflowToolbarButton\"]"}
COMMAND: POST /session/b8d65177d5a87194928105dc462df4ae/execute/sync - {"script":"<script> [8489 bytes]","args":[{"element-6066-11e4-a52e-4f735466cecf":"f.A76E8B59E5586EBC4341E91D969E0FF6.d.E2F832BC103105AEA9F4D0091D3086F2.e.2907","ELEMENT":"f.A76E8B59E5586EBC4341E91D969E0FF6.d.E2F832BC103105AEA9F4D0091D3086F2.e.2907"}]}
RESULT: {"script":"<script> [8489 bytes]","args":[{"element-6066-11e4-a52e-4f735466cecf":"f.A76E8B59E5586EBC4341E91D969E0FF6.d.E2F832BC103105AEA9F4D0091D3086F2.e.2907","ELEMENT":"f.A76E8B59E5586EBC4341E91D969E0FF6.d.E2F832BC103105AEA9F4D0091D3086F2.e.2907"}]}
COMMAND: GET /session/b8d65177d5a87194928105dc462df4ae/element/f.A76E8B59E5586EBC4341E91D969E0FF6.d.E2F832BC103105AEA9F4D0091D3086F2.e.2907/enabled - {}
COMMAND: GET /session/b8d65177d5a87194928105dc462df4ae/screenshot - {}
RESULT: {}
COMMAND: POST /session/b8d65177d5a87194928105dc462df4ae/execute/sync - {"script":"<script> [8489 bytes]","args":[{"element-6066-11e4-a52e-4f735466cecf":"f.A76E8B59E5586EBC4341E91D969E0FF6.d.E2F832BC103105AEA9F4D0091D3086F2.e.2907","ELEMENT":"f.A76E8B59E5586EBC4341E91D969E0FF6.d.E2F832BC103105AEA9F4D0091D3086F2.e.2907"}]}
COMMAND: GET /session/b8d65177d5a87194928105dc462df4ae/screenshot - {}
RESULT: {}
RESULT: {"script":"<script> [8489 bytes]","args":[{"element-6066-11e4-a52e-4f735466cecf":"f.A76E8B59E5586EBC4341E91D969E0FF6.d.E2F832BC103105AEA9F4D0091D3086F2.e.2907","ELEMENT":"f.A76E8B59E5586EBC4341E91D969E0FF6.d.E2F832BC103105AEA9F4D0091D3086F2.e.2907"}]}
COMMAND: POST /session/b8d65177d5a87194928105dc462df4ae/execute/sync - {"script":"<script> [5351 bytes]","args":[{"element-6066-11e4-a52e-4f735466cecf":"f.A76E8B59E5586EBC4341E91D969E0FF6.d.E2F832BC103105AEA9F4D0091D3086F2.e.2907","ELEMENT":"f.A76E8B59E5586EBC4341E91D969E0FF6.d.E2F832BC103105AEA9F4D0091D3086F2.e.2907"}]}
COMMAND: GET /session/b8d65177d5a87194928105dc462df4ae/screenshot - {}
RESULT: {}
RESULT: {"script":"<script> [5351 bytes]","args":[{"element-6066-11e4-a52e-4f735466cecf":"f.A76E8B59E5586EBC4341E91D969E0FF6.d.E2F832BC103105AEA9F4D0091D3086F2.e.2907","ELEMENT":"f.A76E8B59E5586EBC4341E91D969E0FF6.d.E2F832BC103105AEA9F4D0091D3086F2.e.2907"}]}
COMMAND: POST /session/b8d65177d5a87194928105dc462df4ae/element/f.A76E8B59E5586EBC4341E91D969E0FF6.d.E2F832BC103105AEA9F4D0091D3086F2.e.2907/click - {}
COMMAND: GET /session/b8d65177d5a87194928105dc462df4ae/screenshot - {}
RESULT: {}
RESULT: {}
COMMAND: GET /session/b8d65177d5a87194928105dc462df4ae/screenshot - {}
RESULT: {}
RESULT: {}
COMMAND: POST /session/b8d65177d5a87194928105dc462df4ae/execute/async - {"script":"<script> [1562 bytes]","args":[{"selector":{"id":"application-manageresources-display-component---newResourceUnit--TYPE-arrow"},"wdio_ui5_key":"applicationmanageresources-display-component---newResourceUnit--TYPE-arrow"}]}
RESULT: {"script":"<script> [1562 bytes]","args":[{"selector":{"id":"application-manageresources-display-component---newResourceUnit--TYPE-arrow"},"wdio_ui5_key":"applicationmanageresources-display-component---newResourceUnit--TYPE-arrow"}]}
RESULT: undefined
COMMAND: POST /session/b8d65177d5a87194928105dc462df4ae/element - {"using":"xpath","value":"//*[@id=\"application-manageresources-display-component---newResourceUnit--TYPE-arrow\"]"}
RESULT: {"using":"xpath","value":"//*[@id=\"application-manageresources-display-component---newResourceUnit--TYPE-arrow\"]"}
COMMAND: POST /session/b8d65177d5a87194928105dc462df4ae/element/f.A76E8B59E5586EBC4341E91D969E0FF6.d.E2F832BC103105AEA9F4D0091D3086F2.e.3278/click - {}
RESULT: {}
COMMAND: POST /session/b8d65177d5a87194928105dc462df4ae/element - {"using":"xpath","value":"//input[@id=\"application-manageresources-display-component---newResourceUnit--TYPE-inner\"]"}
COMMAND: GET /session/b8d65177d5a87194928105dc462df4ae/screenshot - {}
RESULT: {"using":"xpath","value":"//input[@id=\"application-manageresources-display-component---newResourceUnit--TYPE-inner\"]"}
COMMAND: POST /session/b8d65177d5a87194928105dc462df4ae/element/f.A76E8B59E5586EBC4341E91D969E0FF6.d.E2F832BC103105AEA9F4D0091D3086F2.e.3260/clear - {}
RESULT: {}
RESULT: {}
COMMAND: POST /session/b8d65177d5a87194928105dc462df4ae/element/f.A76E8B59E5586EBC4341E91D969E0FF6.d.E2F832BC103105AEA9F4D0091D3086F2.e.3260/value - {"text":"Equi Multipart"}
COMMAND: GET /session/b8d65177d5a87194928105dc462df4ae/screenshot - {}
RESULT: {"text":"Equi Multipart"}
COMMAND: GET /session/b8d65177d5a87194928105dc462df4ae/screenshot - {}
RESULT: {}
RESULT: {}
COMMAND: POST /session/b8d65177d5a87194928105dc462df4ae/actions - {"actions":[{"id":"action9","type":"key","parameters":{},"actions":[{"type":"keyDown","value":"î€‡"},{"type":"pause","duration":10},{"type":"keyUp","value":"î€‡"}]}]}
RESULT: {"actions":[{"id":"action9","type":"key","parameters":{},"actions":[{"type":"keyDown","value":"î€‡"},{"type":"pause","duration":10},{"type":"keyUp","value":"î€‡"}]}]}
COMMAND: POST /session/b8d65177d5a87194928105dc462df4ae/execute/async - {"script":"<script> [1562 bytes]","args":[{"selector":{"id":"application-manageresources-display-component---newResourceUnit--SHORT_TEXT","interaction":{"idSuffix":"inner"}},"wdio_ui5_key":"applicationmanageresources-display-component---newResourceUnit--SHORT_TEXT"}]}
COMMAND: GET /session/b8d65177d5a87194928105dc462df4ae/screenshot - {}
RESULT: {"script":"<script> [1562 bytes]","args":[{"selector":{"id":"application-manageresources-display-component---newResourceUnit--SHORT_TEXT","interaction":{"idSuffix":"inner"}},"wdio_ui5_key":"applicationmanageresources-display-component---newResourceUnit--SHORT_TEXT"}]}
RESULT: undefined
COMMAND: POST /session/b8d65177d5a87194928105dc462df4ae/execute/async - {"script":"<script> [776 bytes]","args":[{"enterText":"Equipment Multipart WDIO","selector":{"id":"application-manageresources-display-component---newResourceUnit--SHORT_TEXT","interaction":{"idSuffix":"inner"}},"clearTextFirst":true,"interactionType":"ENTER_TEXT"}]}
RESULT: {}
RESULT: {"script":"<script> [776 bytes]","args":[{"enterText":"Equipment Multipart WDIO","selector":{"id":"application-manageresources-display-component---newResourceUnit--SHORT_TEXT","interaction":{"idSuffix":"inner"}},"clearTextFirst":true,"interactionType":"ENTER_TEXT"}]}
COMMAND: POST /session/b8d65177d5a87194928105dc462df4ae/execute/async - {"script":"<script> [1562 bytes]","args":[{"selector":{"id":"application-manageresources-display-component---newResourceUnit--BASE_UNIT_OF_MEASURE","interaction":{"idSuffix":"inner"}},"wdio_ui5_key":"applicationmanageresources-display-component---newResourceUnit--BASE_UNIT_OF_MEASURE"}]}
RESULT: {"script":"<script> [1562 bytes]","args":[{"selector":{"id":"application-manageresources-display-component---newResourceUnit--BASE_UNIT_OF_MEASURE","interaction":{"idSuffix":"inner"}},"wdio_ui5_key":"applicationmanageresources-display-component---newResourceUnit--BASE_UNIT_OF_MEASURE"}]}
RESULT: undefined
COMMAND: POST /session/b8d65177d5a87194928105dc462df4ae/execute/async - {"script":"<script> [776 bytes]","args":[{"enterText":"Piece","selector":{"id":"application-manageresources-display-component---newResourceUnit--BASE_UNIT_OF_MEASURE","interaction":{"idSuffix":"inner"}},"clearTextFirst":true,"interactionType":"ENTER_TEXT"}]}
RESULT: {"script":"<script> [776 bytes]","args":[{"enterText":"Piece","selector":{"id":"application-manageresources-display-component---newResourceUnit--BASE_UNIT_OF_MEASURE","interaction":{"idSuffix":"inner"}},"clearTextFirst":true,"interactionType":"ENTER_TEXT"}]}
COMMAND: POST /session/b8d65177d5a87194928105dc462df4ae/execute/async - {"script":"<script> [1562 bytes]","args":[{"selector":{"id":"application-manageresources-display-component---newResourceUnit--WEIGHT_UNIT","interaction":{"idSuffix":"inner"}},"wdio_ui5_key":"applicationmanageresources-display-component---newResourceUnit--WEIGHT_UNIT"}]}
RESULT: {"script":"<script> [1562 bytes]","args":[{"selector":{"id":"application-manageresources-display-component---newResourceUnit--WEIGHT_UNIT","interaction":{"idSuffix":"inner"}},"wdio_ui5_key":"applicationmanageresources-display-component---newResourceUnit--WEIGHT_UNIT"}]}
RESULT: undefined
COMMAND: POST /session/b8d65177d5a87194928105dc462df4ae/execute/async - {"script":"<script> [776 bytes]","args":[{"enterText":"Gram","selector":{"id":"application-manageresources-display-component---newResourceUnit--WEIGHT_UNIT","interaction":{"idSuffix":"inner"}},"clearTextFirst":true,"interactionType":"ENTER_TEXT"}]}
RESULT: {"script":"<script> [776 bytes]","args":[{"enterText":"Gram","selector":{"id":"application-manageresources-display-component---newResourceUnit--WEIGHT_UNIT","interaction":{"idSuffix":"inner"}},"clearTextFirst":true,"interactionType":"ENTER_TEXT"}]}
COMMAND: POST /session/b8d65177d5a87194928105dc462df4ae/execute/async - {"script":"<script> [1562 bytes]","args":[{"selector":{"id":"application-manageresources-display-component---newResourceUnit--DIMENSION_UNIT","interaction":{"idSuffix":"inner"}},"wdio_ui5_key":"applicationmanageresources-display-component---newResourceUnit--DIMENSION_UNIT"}]}
RESULT: {"script":"<script> [1562 bytes]","args":[{"selector":{"id":"application-manageresources-display-component---newResourceUnit--DIMENSION_UNIT","interaction":{"idSuffix":"inner"}},"wdio_ui5_key":"applicationmanageresources-display-component---newResourceUnit--DIMENSION_UNIT"}]}
RESULT: undefined
COMMAND: POST /session/b8d65177d5a87194928105dc462df4ae/execute/async - {"script":"<script> [776 bytes]","args":[{"enterText":"Meter","selector":{"id":"application-manageresources-display-component---newResourceUnit--DIMENSION_UNIT","interaction":{"idSuffix":"inner"}},"clearTextFirst":true,"interactionType":"ENTER_TEXT"}]}
RESULT: {"script":"<script> [776 bytes]","args":[{"enterText":"Meter","selector":{"id":"application-manageresources-display-component---newResourceUnit--DIMENSION_UNIT","interaction":{"idSuffix":"inner"}},"clearTextFirst":true,"interactionType":"ENTER_TEXT"}]}
COMMAND: POST /session/b8d65177d5a87194928105dc462df4ae/execute/async - {"script":"<script> [1562 bytes]","args":[{"selector":{"id":"application-manageresources-display-component---newResourceUnit--newRRUPage-anchBar-application-manageresources-display-component---newResourceUnit--control-anchor","interaction":{"idSuffix":"BDI-content"}},"wdio_ui5_key":"applicationmanageresources-display-component---newResourceUnit--newRRUPage-anchBar-application-manageresources-display-component---newResourceUnit--control-anchor"}]}
RESULT: {"script":"<script> [1562 bytes]","args":[{"selector":{"id":"application-manageresources-display-component---newResourceUnit--newRRUPage-anchBar-application-manageresources-display-component---newResourceUnit--control-anchor","interaction":{"idSuffix":"BDI-content"}},"wdio_ui5_key":"applicationmanageresources-display-component---newResourceUnit--newRRUPage-anchBar-application-manageresources-display-component---newResourceUnit--control-anchor"}]}
RESULT: undefined
COMMAND: POST /session/b8d65177d5a87194928105dc462df4ae/element - {"using":"xpath","value":"//*[@id=\"application-manageresources-display-component---newResourceUnit--newRRUPage-anchBar-application-manageresources-display-component---newResourceUnit--control-anchor\"]"}
RESULT: {"using":"xpath","value":"//*[@id=\"application-manageresources-display-component---newResourceUnit--newRRUPage-anchBar-application-manageresources-display-component---newResourceUnit--control-anchor\"]"}
COMMAND: POST /session/b8d65177d5a87194928105dc462df4ae/element/f.A76E8B59E5586EBC4341E91D969E0FF6.d.E2F832BC103105AEA9F4D0091D3086F2.e.3414/click - {}
RESULT: {}
COMMAND: POST /session/b8d65177d5a87194928105dc462df4ae/execute/async - {"script":"<script> [1562 bytes]","args":[{"selector":{"id":"application-manageresources-display-component---newResourceUnit--PLANNING_GROUP","interaction":{"idSuffix":"inner"}},"wdio_ui5_key":"applicationmanageresources-display-component---newResourceUnit--PLANNING_GROUP"}]}
COMMAND: GET /session/b8d65177d5a87194928105dc462df4ae/screenshot - {}
RESULT: {"script":"<script> [1562 bytes]","args":[{"selector":{"id":"application-manageresources-display-component---newResourceUnit--PLANNING_GROUP","interaction":{"idSuffix":"inner"}},"wdio_ui5_key":"applicationmanageresources-display-component---newResourceUnit--PLANNING_GROUP"}]}
RESULT: undefined
COMMAND: POST /session/b8d65177d5a87194928105dc462df4ae/execute/async - {"script":"<script> [776 bytes]","args":[{"enterText":"Heavy Equi","selector":{"id":"application-manageresources-display-component---newResourceUnit--PLANNING_GROUP","interaction":{"idSuffix":"inner"}},"clearTextFirst":true,"interactionType":"ENTER_TEXT"}]}
RESULT: {}
RESULT: {"script":"<script> [776 bytes]","args":[{"enterText":"Heavy Equi","selector":{"id":"application-manageresources-display-component---newResourceUnit--PLANNING_GROUP","interaction":{"idSuffix":"inner"}},"clearTextFirst":true,"interactionType":"ENTER_TEXT"}]}
COMMAND: POST /session/b8d65177d5a87194928105dc462df4ae/execute/async - {"script":"<script> [1562 bytes]","args":[{"selector":{"id":"application-manageresources-display-component---newResourceUnit--PLANNING_INDICATOR","interaction":{"idSuffix":"inner"}},"wdio_ui5_key":"applicationmanageresources-display-component---newResourceUnit--PLANNING_INDICATOR"}]}
RESULT: {"script":"<script> [1562 bytes]","args":[{"selector":{"id":"application-manageresources-display-component---newResourceUnit--PLANNING_INDICATOR","interaction":{"idSuffix":"inner"}},"wdio_ui5_key":"applicationmanageresources-display-component---newResourceUnit--PLANNING_INDICATOR"}]}
RESULT: undefined
COMMAND: POST /session/b8d65177d5a87194928105dc462df4ae/execute/async - {"script":"<script> [776 bytes]","args":[{"enterText":"10 - infinite","selector":{"id":"application-manageresources-display-component---newResourceUnit--PLANNING_INDICATOR","interaction":{"idSuffix":"inner"}},"clearTextFirst":true,"interactionType":"ENTER_TEXT"}]}
RESULT: {"script":"<script> [776 bytes]","args":[{"enterText":"10 - infinite","selector":{"id":"application-manageresources-display-component---newResourceUnit--PLANNING_INDICATOR","interaction":{"idSuffix":"inner"}},"clearTextFirst":true,"interactionType":"ENTER_TEXT"}]}
COMMAND: POST /session/b8d65177d5a87194928105dc462df4ae/execute/async - {"script":"<script> [1562 bytes]","args":[{"selector":{"id":"application-manageresources-display-component---newResourceUnit--ITEM_TYPE-arrow"},"wdio_ui5_key":"applicationmanageresources-display-component---newResourceUnit--ITEM_TYPE-arrow"}]}
RESULT: {"script":"<script> [1562 bytes]","args":[{"selector":{"id":"application-manageresources-display-component---newResourceUnit--ITEM_TYPE-arrow"},"wdio_ui5_key":"applicationmanageresources-display-component---newResourceUnit--ITEM_TYPE-arrow"}]}
RESULT: undefined
COMMAND: POST /session/b8d65177d5a87194928105dc462df4ae/element - {"using":"xpath","value":"//*[@id=\"application-manageresources-display-component---newResourceUnit--ITEM_TYPE-arrow\"]"}
RESULT: {"using":"xpath","value":"//*[@id=\"application-manageresources-display-component---newResourceUnit--ITEM_TYPE-arrow\"]"}
COMMAND: POST /session/b8d65177d5a87194928105dc462df4ae/element/f.A76E8B59E5586EBC4341E91D969E0FF6.d.E2F832BC103105AEA9F4D0091D3086F2.e.3424/click - {}
RESULT: {}
COMMAND: GET /session/b8d65177d5a87194928105dc462df4ae/screenshot - {}
RESULT: {}
COMMAND: POST /session/b8d65177d5a87194928105dc462df4ae/execute/async - {"script":"<script> [1562 bytes]","args":[{"selector":{"controlType":"sap.m.StandardListItem","viewName":"reusables.view.manageresources.NewResourceUnit","viewId":"application-manageresources-display-component---newResourceUnit","properties":{"title":"Pool Equipment"},"searchOpenDialogs":true,"interaction":{"idSuffix":"content"}},"wdio_ui5_key":"reusablesview.manageresources.NewResourceUnitsap.m.StandardListItem{\"title\":\"Pool Equipment\"}"}]}
RESULT: {"script":"<script> [1562 bytes]","args":[{"selector":{"controlType":"sap.m.StandardListItem","viewName":"reusables.view.manageresources.NewResourceUnit","viewId":"application-manageresources-display-component---newResourceUnit","properties":{"title":"Pool Equipment"},"searchOpenDialogs":true,"interaction":{"idSuffix":"content"}},"wdio_ui5_key":"reusablesview.manageresources.NewResourceUnitsap.m.StandardListItem{\"title\":\"Pool Equipment\"}"}]}
RESULT: undefined
COMMAND: POST /session/b8d65177d5a87194928105dc462df4ae/element - {"using":"xpath","value":"//*[@id=\"__item218\"]"}
RESULT: {"using":"xpath","value":"//*[@id=\"__item218\"]"}
COMMAND: POST /session/b8d65177d5a87194928105dc462df4ae/element/f.A76E8B59E5586EBC4341E91D969E0FF6.d.E2F832BC103105AEA9F4D0091D3086F2.e.3426/click - {}
RESULT: {}
COMMAND: GET /session/b8d65177d5a87194928105dc462df4ae/screenshot - {}
RESULT: {}
COMMAND: POST /session/b8d65177d5a87194928105dc462df4ae/element - {"using":"css selector","value":"#application-manageresources-display-component---newResourceUnit--btnAddTimeSegment"}
RESULT: {"using":"css selector","value":"#application-manageresources-display-component---newResourceUnit--btnAddTimeSegment"}
COMMAND: GET /session/b8d65177d5a87194928105dc462df4ae/element/f.A76E8B59E5586EBC4341E91D969E0FF6.d.E2F832BC103105AEA9F4D0091D3086F2.e.3488/rect - {}
RESULT: {}
COMMAND: GET /session/b8d65177d5a87194928105dc462df4ae/window/rect - {}
RESULT: {}
COMMAND: POST /session/b8d65177d5a87194928105dc462df4ae/execute/sync - {"script":"<script> [92 bytes]","args":[]}
RESULT: {"script":"<script> [92 bytes]","args":[]}
COMMAND: POST /session/b8d65177d5a87194928105dc462df4ae/actions - {"actions":[{"id":"action10","type":"wheel","parameters":{},"actions":[{"type":"scroll","x":-1888,"y":-32,"deltaX":0,"deltaY":0,"duration":0,"origin":{"element-6066-11e4-a52e-4f735466cecf":"f.A76E8B59E5586EBC4341E91D969E0FF6.d.E2F832BC103105AEA9F4D0091D3086F2.e.3488"}}]}]}
COMMAND: GET /session/b8d65177d5a87194928105dc462df4ae/screenshot - {}
RESULT: {}
COMMAND: POST /session/b8d65177d5a87194928105dc462df4ae/execute/sync - {"script":"<script> [79 bytes]","args":[{"element-6066-11e4-a52e-4f735466cecf":"f.A76E8B59E5586EBC4341E91D969E0FF6.d.E2F832BC103105AEA9F4D0091D3086F2.e.3488","ELEMENT":"f.A76E8B59E5586EBC4341E91D969E0FF6.d.E2F832BC103105AEA9F4D0091D3086F2.e.3488"},{"block":"start","inline":"nearest"}]}
RESULT: {"script":"<script> [79 bytes]","args":[{"element-6066-11e4-a52e-4f735466cecf":"f.A76E8B59E5586EBC4341E91D969E0FF6.d.E2F832BC103105AEA9F4D0091D3086F2.e.3488","ELEMENT":"f.A76E8B59E5586EBC4341E91D969E0FF6.d.E2F832BC103105AEA9F4D0091D3086F2.e.3488"},{"block":"start","inline":"nearest"}]}
COMMAND: POST /session/b8d65177d5a87194928105dc462df4ae/execute/async - {"script":"<script> [1562 bytes]","args":[{"selector":{"id":"application-manageresources-display-component---newResourceUnit--btnAddTimeSegment","interaction":{"idSuffix":"inner"}},"wdio_ui5_key":"applicationmanageresources-display-component---newResourceUnit--btnAddTimeSegment"}]}
COMMAND: GET /session/b8d65177d5a87194928105dc462df4ae/screenshot - {}
RESULT: {"script":"<script> [1562 bytes]","args":[{"selector":{"id":"application-manageresources-display-component---newResourceUnit--btnAddTimeSegment","interaction":{"idSuffix":"inner"}},"wdio_ui5_key":"applicationmanageresources-display-component---newResourceUnit--btnAddTimeSegment"}]}
RESULT: undefined
COMMAND: POST /session/b8d65177d5a87194928105dc462df4ae/element - {"using":"xpath","value":"//*[@id=\"application-manageresources-display-component---newResourceUnit--btnAddTimeSegment\"]"}
RESULT: {}
RESULT: {"using":"xpath","value":"//*[@id=\"application-manageresources-display-component---newResourceUnit--btnAddTimeSegment\"]"}
COMMAND: POST /session/b8d65177d5a87194928105dc462df4ae/element/f.A76E8B59E5586EBC4341E91D969E0FF6.d.E2F832BC103105AEA9F4D0091D3086F2.e.3488/click - {}
RESULT: {}
COMMAND: GET /session/b8d65177d5a87194928105dc462df4ae/screenshot - {}
RESULT: {}
COMMAND: POST /session/b8d65177d5a87194928105dc462df4ae/element - {"using":"xpath","value":"//input[@id=\"application-manageresources-display-component---newResourceUnit--idRuTSAdmin-application-manageresources-display-component---newResourceUnit--RUTimeSegment-0-inner\"]"}
RESULT: {"using":"xpath","value":"//input[@id=\"application-manageresources-display-component---newResourceUnit--idRuTSAdmin-application-manageresources-display-component---newResourceUnit--RUTimeSegment-0-inner\"]"}
COMMAND: POST /session/b8d65177d5a87194928105dc462df4ae/element/f.A76E8B59E5586EBC4341E91D969E0FF6.d.E2F832BC103105AEA9F4D0091D3086F2.e.3494/clear - {}
RESULT: {}
COMMAND: POST /session/b8d65177d5a87194928105dc462df4ae/element/f.A76E8B59E5586EBC4341E91D969E0FF6.d.E2F832BC103105AEA9F4D0091D3086F2.e.3494/value - {"text":"625"}
COMMAND: GET /session/b8d65177d5a87194928105dc462df4ae/screenshot - {}
RESULT: {"text":"625"}
COMMAND: GET /session/b8d65177d5a87194928105dc462df4ae/screenshot - {}
RESULT: {}
RESULT: {}
COMMAND: POST /session/b8d65177d5a87194928105dc462df4ae/element - {"using":"xpath","value":"//li[.//span[text()='625']]"}
RESULT: {"using":"xpath","value":"//li[.//span[text()='625']]"}
COMMAND: POST /session/b8d65177d5a87194928105dc462df4ae/element/f.A76E8B59E5586EBC4341E91D969E0FF6.d.E2F832BC103105AEA9F4D0091D3086F2.e.3509/click - {}
RESULT: {}
COMMAND: GET /session/b8d65177d5a87194928105dc462df4ae/screenshot - {}
RESULT: {}
COMMAND: POST /session/b8d65177d5a87194928105dc462df4ae/element - {"using":"xpath","value":"(//span[contains(@id, \"-application-manageresources-display-component---newResourceUnit--RUTimeSegment-0-arrow\")])[5]"}
RESULT: {"using":"xpath","value":"(//span[contains(@id, \"-application-manageresources-display-component---newResourceUnit--RUTimeSegment-0-arrow\")])[5]"}
COMMAND: POST /session/b8d65177d5a87194928105dc462df4ae/element/f.A76E8B59E5586EBC4341E91D969E0FF6.d.E2F832BC103105AEA9F4D0091D3086F2.e.3510/click - {}
RESULT: {}
COMMAND: GET /session/b8d65177d5a87194928105dc462df4ae/screenshot - {}
RESULT: {}
COMMAND: POST /session/b8d65177d5a87194928105dc462df4ae/element - {"using":"xpath","value":"//span[contains(text(), \"PM Order\")]"}
RESULT: {"using":"xpath","value":"//span[contains(text(), \"PM Order\")]"}
COMMAND: POST /session/b8d65177d5a87194928105dc462df4ae/element/f.A76E8B59E5586EBC4341E91D969E0FF6.d.E2F832BC103105AEA9F4D0091D3086F2.e.3511/click - {}
RESULT: {}
COMMAND: GET /session/b8d65177d5a87194928105dc462df4ae/screenshot - {}
RESULT: {}
COMMAND: POST /session/b8d65177d5a87194928105dc462df4ae/element - {"using":"xpath","value":"(//span[contains(@id ,\"manageresources-display-component---newResourceUnit--RUTimeSegment-0-vhi\")])[1]"}
RESULT: {"using":"xpath","value":"(//span[contains(@id ,\"manageresources-display-component---newResourceUnit--RUTimeSegment-0-vhi\")])[1]"}
COMMAND: GET /session/b8d65177d5a87194928105dc462df4ae/element/f.A76E8B59E5586EBC4341E91D969E0FF6.d.E2F832BC103105AEA9F4D0091D3086F2.e.3515/rect - {}
RESULT: {}
COMMAND: GET /session/b8d65177d5a87194928105dc462df4ae/window/rect - {}
RESULT: {}
COMMAND: POST /session/b8d65177d5a87194928105dc462df4ae/execute/sync - {"script":"<script> [92 bytes]","args":[]}
RESULT: {"script":"<script> [92 bytes]","args":[]}
COMMAND: POST /session/b8d65177d5a87194928105dc462df4ae/actions - {"actions":[{"id":"action11","type":"wheel","parameters":{},"actions":[{"type":"scroll","x":-1888,"y":-24,"deltaX":0,"deltaY":0,"duration":0,"origin":{"element-6066-11e4-a52e-4f735466cecf":"f.A76E8B59E5586EBC4341E91D969E0FF6.d.E2F832BC103105AEA9F4D0091D3086F2.e.3515"}}]}]}
COMMAND: GET /session/b8d65177d5a87194928105dc462df4ae/screenshot - {}
RESULT: {}
COMMAND: POST /session/b8d65177d5a87194928105dc462df4ae/execute/sync - {"script":"<script> [79 bytes]","args":[{"element-6066-11e4-a52e-4f735466cecf":"f.A76E8B59E5586EBC4341E91D969E0FF6.d.E2F832BC103105AEA9F4D0091D3086F2.e.3515","ELEMENT":"f.A76E8B59E5586EBC4341E91D969E0FF6.d.E2F832BC103105AEA9F4D0091D3086F2.e.3515"},{"block":"start","inline":"nearest"}]}
RESULT: {"script":"<script> [79 bytes]","args":[{"element-6066-11e4-a52e-4f735466cecf":"f.A76E8B59E5586EBC4341E91D969E0FF6.d.E2F832BC103105AEA9F4D0091D3086F2.e.3515","ELEMENT":"f.A76E8B59E5586EBC4341E91D969E0FF6.d.E2F832BC103105AEA9F4D0091D3086F2.e.3515"},{"block":"start","inline":"nearest"}]}
COMMAND: GET /session/b8d65177d5a87194928105dc462df4ae/screenshot - {}
RESULT: {}
COMMAND: POST /session/b8d65177d5a87194928105dc462df4ae/element/f.A76E8B59E5586EBC4341E91D969E0FF6.d.E2F832BC103105AEA9F4D0091D3086F2.e.3515/click - {}
RESULT: {}
COMMAND: GET /session/b8d65177d5a87194928105dc462df4ae/screenshot - {}
RESULT: {}
COMMAND: POST /session/b8d65177d5a87194928105dc462df4ae/execute/async - {"script":"<script> [1562 bytes]","args":[{"selector":{"controlType":"sap.m.SearchField","properties":{"placeholder":"Search"},"searchOpenDialogs":true,"interaction":{"idSuffix":"I"}},"wdio_ui5_key":"sapm.SearchField{\"placeholder\":\"Search\"}"}]}
RESULT: {"script":"<script> [1562 bytes]","args":[{"selector":{"controlType":"sap.m.SearchField","properties":{"placeholder":"Search"},"searchOpenDialogs":true,"interaction":{"idSuffix":"I"}},"wdio_ui5_key":"sapm.SearchField{\"placeholder\":\"Search\"}"}]}
RESULT: undefined
COMMAND: POST /session/b8d65177d5a87194928105dc462df4ae/execute/async - {"script":"<script> [776 bytes]","args":[{"enterText":"4000360","selector":{"controlType":"sap.m.SearchField","properties":{"placeholder":"Search"},"searchOpenDialogs":true,"interaction":{"idSuffix":"I"}},"clearTextFirst":true,"interactionType":"ENTER_TEXT"}]}
RESULT: {"script":"<script> [776 bytes]","args":[{"enterText":"4000360","selector":{"controlType":"sap.m.SearchField","properties":{"placeholder":"Search"},"searchOpenDialogs":true,"interaction":{"idSuffix":"I"}},"clearTextFirst":true,"interactionType":"ENTER_TEXT"}]}
COMMAND: POST /session/b8d65177d5a87194928105dc462df4ae/actions - {"actions":[{"id":"action12","type":"key","parameters":{},"actions":[{"type":"keyDown","value":"î€‡"},{"type":"pause","duration":10},{"type":"keyUp","value":"î€‡"}]}]}
RESULT: {"actions":[{"id":"action12","type":"key","parameters":{},"actions":[{"type":"keyDown","value":"î€‡"},{"type":"pause","duration":10},{"type":"keyUp","value":"î€‡"}]}]}
COMMAND: GET /session/b8d65177d5a87194928105dc462df4ae/screenshot - {}
RESULT: {}
COMMAND: POST /session/b8d65177d5a87194928105dc462df4ae/element - {"using":"xpath","value":"//td/div/span[contains(text(), \"BGL Vehicles\")]"}
RESULT: {"using":"xpath","value":"//td/div/span[contains(text(), \"BGL Vehicles\")]"}
COMMAND: POST /session/b8d65177d5a87194928105dc462df4ae/element/f.A76E8B59E5586EBC4341E91D969E0FF6.d.E2F832BC103105AEA9F4D0091D3086F2.e.3537/click - {}
RESULT: {}
COMMAND: GET /session/b8d65177d5a87194928105dc462df4ae/screenshot - {}
RESULT: {}
COMMAND: POST /session/b8d65177d5a87194928105dc462df4ae/element - {"using":"xpath","value":"//bdi[contains(text(), \"OK\")]"}
RESULT: {"using":"xpath","value":"//bdi[contains(text(), \"OK\")]"}
COMMAND: POST /session/b8d65177d5a87194928105dc462df4ae/element/f.A76E8B59E5586EBC4341E91D969E0FF6.d.E2F832BC103105AEA9F4D0091D3086F2.e.3538/click - {}
RESULT: {}
COMMAND: GET /session/b8d65177d5a87194928105dc462df4ae/screenshot - {}
RESULT: {}
COMMAND: POST /session/b8d65177d5a87194928105dc462df4ae/element - {"using":"xpath","value":"//label[contains(@class, 'sapMLabelRequired') and .//bdi[contains(text(), 'Planned Retirement')]]"}
RESULT: {"using":"xpath","value":"//label[contains(@class, 'sapMLabelRequired') and .//bdi[contains(text(), 'Planned Retirement')]]"}
COMMAND: POST /session/b8d65177d5a87194928105dc462df4ae/elements - {"using":"xpath","value":"//label[contains(@class, 'sapMLabelRequired') and .//bdi[contains(text(), 'Planned Retirement')]]"}
RESULT: {"using":"xpath","value":"//label[contains(@class, 'sapMLabelRequired') and .//bdi[contains(text(), 'Planned Retirement')]]"}
COMMAND: POST /session/b8d65177d5a87194928105dc462df4ae/element - {"using":"xpath","value":"//button[@data-kt=\"resourceUnitSaveButton\"]"}
RESULT: {"using":"xpath","value":"//button[@data-kt=\"resourceUnitSaveButton\"]"}
COMMAND: POST /session/b8d65177d5a87194928105dc462df4ae/element/f.A76E8B59E5586EBC4341E91D969E0FF6.d.E2F832BC103105AEA9F4D0091D3086F2.e.3296/click - {}
RESULT: {}
COMMAND: GET /session/b8d65177d5a87194928105dc462df4ae/screenshot - {}
RESULT: {}
COMMAND: POST /session/b8d65177d5a87194928105dc462df4ae/element - {"using":"xpath","value":"//bdi[contains(text(), \"Close\")]"}
RESULT: {"using":"xpath","value":"//bdi[contains(text(), \"Close\")]"}
COMMAND: POST /session/b8d65177d5a87194928105dc462df4ae/element/f.A76E8B59E5586EBC4341E91D969E0FF6.d.E2F832BC103105AEA9F4D0091D3086F2.e.3544/click - {}
RESULT: {}
COMMAND: GET /session/b8d65177d5a87194928105dc462df4ae/screenshot - {}
RESULT: {}
COMMAND: POST /session/b8d65177d5a87194928105dc462df4ae/element - {"using":"xpath","value":"//header[contains(@id, 'detailRruPage-headerTitle')]/div[1]/div[2]/div[2]/span[1]"}
RESULT: {"using":"xpath","value":"//header[contains(@id, 'detailRruPage-headerTitle')]/div[1]/div[2]/div[2]/span[1]"}
COMMAND: POST /session/b8d65177d5a87194928105dc462df4ae/elements - {"using":"xpath","value":"//header[contains(@id, 'detailRruPage-headerTitle')]/div[1]/div[2]/div[2]/span[1]"}
RESULT: {"using":"xpath","value":"//header[contains(@id, 'detailRruPage-headerTitle')]/div[1]/div[2]/div[2]/span[1]"}
COMMAND: POST /session/b8d65177d5a87194928105dc462df4ae/execute/sync - {"script":"<script> [56 bytes]","args":[{"element-6066-11e4-a52e-4f735466cecf":"f.A76E8B59E5586EBC4341E91D969E0FF6.d.E2F832BC103105AEA9F4D0091D3086F2.e.3574","ELEMENT":"f.A76E8B59E5586EBC4341E91D969E0FF6.d.E2F832BC103105AEA9F4D0091D3086F2.e.3574"}]}
RESULT: {"script":"<script> [56 bytes]","args":[{"element-6066-11e4-a52e-4f735466cecf":"f.A76E8B59E5586EBC4341E91D969E0FF6.d.E2F832BC103105AEA9F4D0091D3086F2.e.3574","ELEMENT":"f.A76E8B59E5586EBC4341E91D969E0FF6.d.E2F832BC103105AEA9F4D0091D3086F2.e.3574"}]}
COMMAND: POST /session/b8d65177d5a87194928105dc462df4ae/element - {"using":"css selector","value":"#shell-header-logo"}
COMMAND: GET /session/b8d65177d5a87194928105dc462df4ae/screenshot - {}
RESULT: {"using":"css selector","value":"#shell-header-logo"}
COMMAND: POST /session/b8d65177d5a87194928105dc462df4ae/element/f.A76E8B59E5586EBC4341E91D969E0FF6.d.E2F832BC103105AEA9F4D0091D3086F2.e.2876/click - {}
RESULT: {}
RESULT: {}
COMMAND: GET /session/b8d65177d5a87194928105dc462df4ae/screenshot - {}
RESULT: {}
]]></system-out>
    </testcase>
  </testsuite>
  <testsuite timestamp="2025-06-04T05:31:00" time="839.286" tests="6" failures="5" errors="5" skipped="0">
    <properties>
      <property name="specId" value="0" />
      <property name="suiteName" value="Manage States &amp; Performance Tests US151247 US151423 US151467" />
      <property name="capabilities" value="chrome.136_0_7103_93.windows" />
      <property name="file" value="file:///D:/a/1/s/test/specs/HTR/manage-states-perf.spec.js" />
    </properties>
    <testcase classname="chrome.136_0_7103_93.windows.Manage_States_&amp;_Performance_Tests_US151247_US151423_US151467" name="Prereq Should create a yard partner and site" time="351.344">
      <system-out><![CDATA[
COMMAND: POST /session/b8d65177d5a87194928105dc462df4ae/execute/async - {"script":"<script> [1562 bytes]","args":[{"selector":{"controlType":"sap.m.GenericTile","properties":{"header":"Manage Yards"}},"wdio_ui5_key":"sapm.GenericTile{\"header\":\"Manage Yards\"}"}]}
RESULT: {"script":"<script> [1562 bytes]","args":[{"selector":{"controlType":"sap.m.GenericTile","properties":{"header":"Manage Yards"}},"wdio_ui5_key":"sapm.GenericTile{\"header\":\"Manage Yards\"}"}]}
RESULT: undefined
COMMAND: POST /session/b8d65177d5a87194928105dc462df4ae/element - {"using":"xpath","value":"//*[@id=\"__tile33\"]"}
RESULT: {"using":"xpath","value":"//*[@id=\"__tile33\"]"}
COMMAND: POST /session/b8d65177d5a87194928105dc462df4ae/element/f.A76E8B59E5586EBC4341E91D969E0FF6.d.D6CA3B70C935E9F4E45D841E6B531A8A.e.4042/click - {}
RESULT: {}
COMMAND: GET /session/b8d65177d5a87194928105dc462df4ae/screenshot - {}
RESULT: {}
COMMAND: POST /session/b8d65177d5a87194928105dc462df4ae/elements - {"using":"xpath","value":"//span[text()='Error']"}
RESULT: {"using":"xpath","value":"//span[text()='Error']"}
COMMAND: POST /session/b8d65177d5a87194928105dc462df4ae/element - {"using":"xpath","value":"//button[@data-kt=\"addNewYardOverflowToolbarButton\"]"}
RESULT: {"using":"xpath","value":"//button[@data-kt=\"addNewYardOverflowToolbarButton\"]"}
COMMAND: POST /session/b8d65177d5a87194928105dc462df4ae/elements - {"using":"xpath","value":"//button[@data-kt=\"addNewYardOverflowToolbarButton\"]"}
RESULT: {"using":"xpath","value":"//button[@data-kt=\"addNewYardOverflowToolbarButton\"]"}
COMMAND: POST /session/b8d65177d5a87194928105dc462df4ae/elements - {"using":"xpath","value":"//button[@data-kt=\"addNewYardOverflowToolbarButton\"]"}
RESULT: {"using":"xpath","value":"//button[@data-kt=\"addNewYardOverflowToolbarButton\"]"}
COMMAND: POST /session/b8d65177d5a87194928105dc462df4ae/element - {"using":"xpath","value":"//button[@data-kt=\"addNewYardOverflowToolbarButton\"]"}
RESULT: {"using":"xpath","value":"//button[@data-kt=\"addNewYardOverflowToolbarButton\"]"}
COMMAND: POST /session/b8d65177d5a87194928105dc462df4ae/execute/sync - {"script":"<script> [8489 bytes]","args":[{"element-6066-11e4-a52e-4f735466cecf":"f.A76E8B59E5586EBC4341E91D969E0FF6.d.D6CA3B70C935E9F4E45D841E6B531A8A.e.4165","ELEMENT":"f.A76E8B59E5586EBC4341E91D969E0FF6.d.D6CA3B70C935E9F4E45D841E6B531A8A.e.4165"}]}
RESULT: {"script":"<script> [8489 bytes]","args":[{"element-6066-11e4-a52e-4f735466cecf":"f.A76E8B59E5586EBC4341E91D969E0FF6.d.D6CA3B70C935E9F4E45D841E6B531A8A.e.4165","ELEMENT":"f.A76E8B59E5586EBC4341E91D969E0FF6.d.D6CA3B70C935E9F4E45D841E6B531A8A.e.4165"}]}
COMMAND: GET /session/b8d65177d5a87194928105dc462df4ae/element/f.A76E8B59E5586EBC4341E91D969E0FF6.d.D6CA3B70C935E9F4E45D841E6B531A8A.e.4165/enabled - {}
COMMAND: GET /session/b8d65177d5a87194928105dc462df4ae/screenshot - {}
RESULT: {}
COMMAND: POST /session/b8d65177d5a87194928105dc462df4ae/execute/sync - {"script":"<script> [8489 bytes]","args":[{"element-6066-11e4-a52e-4f735466cecf":"f.A76E8B59E5586EBC4341E91D969E0FF6.d.D6CA3B70C935E9F4E45D841E6B531A8A.e.4165","ELEMENT":"f.A76E8B59E5586EBC4341E91D969E0FF6.d.D6CA3B70C935E9F4E45D841E6B531A8A.e.4165"}]}
COMMAND: GET /session/b8d65177d5a87194928105dc462df4ae/screenshot - {}
RESULT: {}
RESULT: {"script":"<script> [8489 bytes]","args":[{"element-6066-11e4-a52e-4f735466cecf":"f.A76E8B59E5586EBC4341E91D969E0FF6.d.D6CA3B70C935E9F4E45D841E6B531A8A.e.4165","ELEMENT":"f.A76E8B59E5586EBC4341E91D969E0FF6.d.D6CA3B70C935E9F4E45D841E6B531A8A.e.4165"}]}
COMMAND: POST /session/b8d65177d5a87194928105dc462df4ae/execute/sync - {"script":"<script> [5351 bytes]","args":[{"element-6066-11e4-a52e-4f735466cecf":"f.A76E8B59E5586EBC4341E91D969E0FF6.d.D6CA3B70C935E9F4E45D841E6B531A8A.e.4165","ELEMENT":"f.A76E8B59E5586EBC4341E91D969E0FF6.d.D6CA3B70C935E9F4E45D841E6B531A8A.e.4165"}]}
COMMAND: GET /session/b8d65177d5a87194928105dc462df4ae/screenshot - {}
RESULT: {}
RESULT: {"script":"<script> [5351 bytes]","args":[{"element-6066-11e4-a52e-4f735466cecf":"f.A76E8B59E5586EBC4341E91D969E0FF6.d.D6CA3B70C935E9F4E45D841E6B531A8A.e.4165","ELEMENT":"f.A76E8B59E5586EBC4341E91D969E0FF6.d.D6CA3B70C935E9F4E45D841E6B531A8A.e.4165"}]}
COMMAND: POST /session/b8d65177d5a87194928105dc462df4ae/element/f.A76E8B59E5586EBC4341E91D969E0FF6.d.D6CA3B70C935E9F4E45D841E6B531A8A.e.4165/click - {}
COMMAND: GET /session/b8d65177d5a87194928105dc462df4ae/screenshot - {}
RESULT: {}
RESULT: {}
COMMAND: GET /session/b8d65177d5a87194928105dc462df4ae/screenshot - {}
RESULT: {}
RESULT: {}
COMMAND: POST /session/b8d65177d5a87194928105dc462df4ae/element - {"using":"xpath","value":"//input[@id=\"application-manageyards-display-component---NewYard--yardId-inner\"]"}
RESULT: {"using":"xpath","value":"//input[@id=\"application-manageyards-display-component---NewYard--yardId-inner\"]"}
COMMAND: POST /session/b8d65177d5a87194928105dc462df4ae/element - {"using":"xpath","value":"//input[@id=\"application-manageyards-display-component---NewYard--yardId-inner\"]"}
RESULT: {"using":"xpath","value":"//input[@id=\"application-manageyards-display-component---NewYard--yardId-inner\"]"}
COMMAND: POST /session/b8d65177d5a87194928105dc462df4ae/execute/async - {"script":"<script> [1562 bytes]","args":[{"selector":{"id":"application-manageyards-display-component---NewYard--addressDetailDetailsName1","interaction":{"idSuffix":"inner"}},"wdio_ui5_key":"applicationmanageyards-display-component---NewYard--addressDetailDetailsName1"}]}
RESULT: {"script":"<script> [1562 bytes]","args":[{"selector":{"id":"application-manageyards-display-component---NewYard--addressDetailDetailsName1","interaction":{"idSuffix":"inner"}},"wdio_ui5_key":"applicationmanageyards-display-component---NewYard--addressDetailDetailsName1"}]}
RESULT: undefined
COMMAND: POST /session/b8d65177d5a87194928105dc462df4ae/execute/async - {"script":"<script> [776 bytes]","args":[{"enterText":"Intercompany Yard wdIO","selector":{"id":"application-manageyards-display-component---NewYard--addressDetailDetailsName1","interaction":{"idSuffix":"inner"}},"clearTextFirst":true,"interactionType":"ENTER_TEXT"}]}
RESULT: {"script":"<script> [776 bytes]","args":[{"enterText":"Intercompany Yard wdIO","selector":{"id":"application-manageyards-display-component---NewYard--addressDetailDetailsName1","interaction":{"idSuffix":"inner"}},"clearTextFirst":true,"interactionType":"ENTER_TEXT"}]}
COMMAND: POST /session/b8d65177d5a87194928105dc462df4ae/execute/async - {"script":"<script> [1562 bytes]","args":[{"selector":{"id":"application-manageyards-display-component---NewYard--addressDetailDetailsLanguage-arrow"},"wdio_ui5_key":"applicationmanageyards-display-component---NewYard--addressDetailDetailsLanguage-arrow"}]}
RESULT: {"script":"<script> [1562 bytes]","args":[{"selector":{"id":"application-manageyards-display-component---NewYard--addressDetailDetailsLanguage-arrow"},"wdio_ui5_key":"applicationmanageyards-display-component---NewYard--addressDetailDetailsLanguage-arrow"}]}
RESULT: undefined
COMMAND: POST /session/b8d65177d5a87194928105dc462df4ae/element - {"using":"xpath","value":"//*[@id=\"application-manageyards-display-component---NewYard--addressDetailDetailsLanguage-arrow\"]"}
RESULT: {"using":"xpath","value":"//*[@id=\"application-manageyards-display-component---NewYard--addressDetailDetailsLanguage-arrow\"]"}
COMMAND: POST /session/b8d65177d5a87194928105dc462df4ae/element/f.A76E8B59E5586EBC4341E91D969E0FF6.d.D6CA3B70C935E9F4E45D841E6B531A8A.e.4596/click - {}
RESULT: {}
COMMAND: POST /session/b8d65177d5a87194928105dc462df4ae/element - {"using":"xpath","value":"//span[contains(text(), \"English\")]"}
COMMAND: GET /session/b8d65177d5a87194928105dc462df4ae/screenshot - {}
RESULT: {"using":"xpath","value":"//span[contains(text(), \"English\")]"}
COMMAND: POST /session/b8d65177d5a87194928105dc462df4ae/element/f.A76E8B59E5586EBC4341E91D969E0FF6.d.D6CA3B70C935E9F4E45D841E6B531A8A.e.4597/click - {}
RESULT: {}
RESULT: {}
COMMAND: POST /session/b8d65177d5a87194928105dc462df4ae/execute/async - {"script":"<script> [1562 bytes]","args":[{"selector":{"id":"application-manageyards-display-component---NewYard--addressDetailDetailsCity1","interaction":{"idSuffix":"inner"}},"wdio_ui5_key":"applicationmanageyards-display-component---NewYard--addressDetailDetailsCity1"}]}
COMMAND: GET /session/b8d65177d5a87194928105dc462df4ae/screenshot - {}
RESULT: {"script":"<script> [1562 bytes]","args":[{"selector":{"id":"application-manageyards-display-component---NewYard--addressDetailDetailsCity1","interaction":{"idSuffix":"inner"}},"wdio_ui5_key":"applicationmanageyards-display-component---NewYard--addressDetailDetailsCity1"}]}
RESULT: undefined
COMMAND: POST /session/b8d65177d5a87194928105dc462df4ae/execute/async - {"script":"<script> [776 bytes]","args":[{"enterText":"Rosario","selector":{"id":"application-manageyards-display-component---NewYard--addressDetailDetailsCity1","interaction":{"idSuffix":"inner"}},"clearTextFirst":true,"interactionType":"ENTER_TEXT"}]}
RESULT: {}
RESULT: {"script":"<script> [776 bytes]","args":[{"enterText":"Rosario","selector":{"id":"application-manageyards-display-component---NewYard--addressDetailDetailsCity1","interaction":{"idSuffix":"inner"}},"clearTextFirst":true,"interactionType":"ENTER_TEXT"}]}
COMMAND: POST /session/b8d65177d5a87194928105dc462df4ae/execute/async - {"script":"<script> [1562 bytes]","args":[{"selector":{"id":"application-manageyards-display-component---NewYard--addressDetailDetailsCountry-arrow"},"wdio_ui5_key":"applicationmanageyards-display-component---NewYard--addressDetailDetailsCountry-arrow"}]}
RESULT: {"script":"<script> [1562 bytes]","args":[{"selector":{"id":"application-manageyards-display-component---NewYard--addressDetailDetailsCountry-arrow"},"wdio_ui5_key":"applicationmanageyards-display-component---NewYard--addressDetailDetailsCountry-arrow"}]}
RESULT: undefined
COMMAND: POST /session/b8d65177d5a87194928105dc462df4ae/element - {"using":"xpath","value":"//*[@id=\"application-manageyards-display-component---NewYard--addressDetailDetailsCountry-arrow\"]"}
RESULT: {"using":"xpath","value":"//*[@id=\"application-manageyards-display-component---NewYard--addressDetailDetailsCountry-arrow\"]"}
COMMAND: POST /session/b8d65177d5a87194928105dc462df4ae/element/f.A76E8B59E5586EBC4341E91D969E0FF6.d.D6CA3B70C935E9F4E45D841E6B531A8A.e.4599/click - {}
RESULT: {}
COMMAND: POST /session/b8d65177d5a87194928105dc462df4ae/element - {"using":"xpath","value":"//span[contains(text(), \"Argentina\")]"}
COMMAND: GET /session/b8d65177d5a87194928105dc462df4ae/screenshot - {}
RESULT: {"using":"xpath","value":"//span[contains(text(), \"Argentina\")]"}
COMMAND: POST /session/b8d65177d5a87194928105dc462df4ae/element/f.A76E8B59E5586EBC4341E91D969E0FF6.d.D6CA3B70C935E9F4E45D841E6B531A8A.e.4600/click - {}
RESULT: {}
RESULT: {}
COMMAND: POST /session/b8d65177d5a87194928105dc462df4ae/execute/async - {"script":"<script> [1562 bytes]","args":[{"selector":{"id":"application-manageyards-display-component---NewYard--addressEditDetailsCostObjectCstType-arrow"},"wdio_ui5_key":"applicationmanageyards-display-component---NewYard--addressEditDetailsCostObjectCstType-arrow"}]}
COMMAND: GET /session/b8d65177d5a87194928105dc462df4ae/screenshot - {}
RESULT: {"script":"<script> [1562 bytes]","args":[{"selector":{"id":"application-manageyards-display-component---NewYard--addressEditDetailsCostObjectCstType-arrow"},"wdio_ui5_key":"applicationmanageyards-display-component---NewYard--addressEditDetailsCostObjectCstType-arrow"}]}
RESULT: undefined
COMMAND: POST /session/b8d65177d5a87194928105dc462df4ae/element - {"using":"xpath","value":"//*[@id=\"application-manageyards-display-component---NewYard--addressEditDetailsCostObjectCstType-arrow\"]"}
RESULT: {}
RESULT: {"using":"xpath","value":"//*[@id=\"application-manageyards-display-component---NewYard--addressEditDetailsCostObjectCstType-arrow\"]"}
COMMAND: POST /session/b8d65177d5a87194928105dc462df4ae/element/f.A76E8B59E5586EBC4341E91D969E0FF6.d.D6CA3B70C935E9F4E45D841E6B531A8A.e.4602/click - {}
RESULT: {}
COMMAND: POST /session/b8d65177d5a87194928105dc462df4ae/element - {"using":"xpath","value":"//span[contains(text(), \"Cost Center\")]"}
COMMAND: GET /session/b8d65177d5a87194928105dc462df4ae/screenshot - {}
RESULT: {"using":"xpath","value":"//span[contains(text(), \"Cost Center\")]"}
COMMAND: POST /session/b8d65177d5a87194928105dc462df4ae/element/f.A76E8B59E5586EBC4341E91D969E0FF6.d.D6CA3B70C935E9F4E45D841E6B531A8A.e.4603/click - {}
RESULT: {}
RESULT: {}
COMMAND: GET /session/b8d65177d5a87194928105dc462df4ae/screenshot - {}
RESULT: {}
COMMAND: POST /session/b8d65177d5a87194928105dc462df4ae/element - {"using":"xpath","value":"//span[@id=\"application-manageyards-display-component---NewYard--addressNewCostObjectCstID-vhi\"]"}
RESULT: {"using":"xpath","value":"//span[@id=\"application-manageyards-display-component---NewYard--addressNewCostObjectCstID-vhi\"]"}
COMMAND: POST /session/b8d65177d5a87194928105dc462df4ae/execute/sync - {"script":"<script> [8489 bytes]","args":[{"element-6066-11e4-a52e-4f735466cecf":"f.A76E8B59E5586EBC4341E91D969E0FF6.d.D6CA3B70C935E9F4E45D841E6B531A8A.e.4607","ELEMENT":"f.A76E8B59E5586EBC4341E91D969E0FF6.d.D6CA3B70C935E9F4E45D841E6B531A8A.e.4607"}]}
RESULT: {"script":"<script> [8489 bytes]","args":[{"element-6066-11e4-a52e-4f735466cecf":"f.A76E8B59E5586EBC4341E91D969E0FF6.d.D6CA3B70C935E9F4E45D841E6B531A8A.e.4607","ELEMENT":"f.A76E8B59E5586EBC4341E91D969E0FF6.d.D6CA3B70C935E9F4E45D841E6B531A8A.e.4607"}]}
COMMAND: POST /session/b8d65177d5a87194928105dc462df4ae/execute/async - {"script":"<script> [1562 bytes]","args":[{"selector":{"id":"application-manageyards-display-component---NewYard--addressNewCostObjectCstID-vhi"},"wdio_ui5_key":"applicationmanageyards-display-component---NewYard--addressNewCostObjectCstID-vhi"}]}
COMMAND: GET /session/b8d65177d5a87194928105dc462df4ae/screenshot - {}
RESULT: {"script":"<script> [1562 bytes]","args":[{"selector":{"id":"application-manageyards-display-component---NewYard--addressNewCostObjectCstID-vhi"},"wdio_ui5_key":"applicationmanageyards-display-component---NewYard--addressNewCostObjectCstID-vhi"}]}
RESULT: undefined
COMMAND: POST /session/b8d65177d5a87194928105dc462df4ae/element - {"using":"xpath","value":"//*[@id=\"application-manageyards-display-component---NewYard--addressNewCostObjectCstID-vhi\"]"}
RESULT: {}
RESULT: {"using":"xpath","value":"//*[@id=\"application-manageyards-display-component---NewYard--addressNewCostObjectCstID-vhi\"]"}
COMMAND: POST /session/b8d65177d5a87194928105dc462df4ae/element/f.A76E8B59E5586EBC4341E91D969E0FF6.d.D6CA3B70C935E9F4E45D841E6B531A8A.e.4607/click - {}
RESULT: {}
COMMAND: GET /session/b8d65177d5a87194928105dc462df4ae/screenshot - {}
RESULT: {}
COMMAND: POST /session/b8d65177d5a87194928105dc462df4ae/execute/async - {"script":"<script> [1562 bytes]","args":[{"selector":{"controlType":"sap.m.SearchField","properties":{"placeholder":"Search"},"searchOpenDialogs":true,"interaction":{"idSuffix":"I"}},"wdio_ui5_key":"sapm.SearchField{\"placeholder\":\"Search\"}"}]}
RESULT: {"script":"<script> [1562 bytes]","args":[{"selector":{"controlType":"sap.m.SearchField","properties":{"placeholder":"Search"},"searchOpenDialogs":true,"interaction":{"idSuffix":"I"}},"wdio_ui5_key":"sapm.SearchField{\"placeholder\":\"Search\"}"}]}
RESULT: undefined
COMMAND: POST /session/b8d65177d5a87194928105dc462df4ae/execute/async - {"script":"<script> [776 bytes]","args":[{"enterText":"bauh_b","selector":{"controlType":"sap.m.SearchField","properties":{"placeholder":"Search"},"searchOpenDialogs":true,"interaction":{"idSuffix":"I"}},"clearTextFirst":true,"interactionType":"ENTER_TEXT"}]}
RESULT: {"script":"<script> [776 bytes]","args":[{"enterText":"bauh_b","selector":{"controlType":"sap.m.SearchField","properties":{"placeholder":"Search"},"searchOpenDialogs":true,"interaction":{"idSuffix":"I"}},"clearTextFirst":true,"interactionType":"ENTER_TEXT"}]}
COMMAND: POST /session/b8d65177d5a87194928105dc462df4ae/actions - {"actions":[{"id":"action13","type":"key","parameters":{},"actions":[{"type":"keyDown","value":"î€‡"},{"type":"pause","duration":10},{"type":"keyUp","value":"î€‡"}]}]}
RESULT: {"actions":[{"id":"action13","type":"key","parameters":{},"actions":[{"type":"keyDown","value":"î€‡"},{"type":"pause","duration":10},{"type":"keyUp","value":"î€‡"}]}]}
COMMAND: GET /session/b8d65177d5a87194928105dc462df4ae/screenshot - {}
RESULT: {}
COMMAND: POST /session/b8d65177d5a87194928105dc462df4ae/element - {"using":"xpath","value":"//span[contains(text(), \"Demo Yard\")]"}
RESULT: {"using":"xpath","value":"//span[contains(text(), \"Demo Yard\")]"}
COMMAND: POST /session/b8d65177d5a87194928105dc462df4ae/element/f.A76E8B59E5586EBC4341E91D969E0FF6.d.D6CA3B70C935E9F4E45D841E6B531A8A.e.4648/click - {}
RESULT: {}
COMMAND: GET /session/b8d65177d5a87194928105dc462df4ae/screenshot - {}
RESULT: {}
COMMAND: POST /session/b8d65177d5a87194928105dc462df4ae/element - {"using":"xpath","value":"//bdi[contains(text(), \"OK\")]"}
RESULT: {"using":"xpath","value":"//bdi[contains(text(), \"OK\")]"}
COMMAND: POST /session/b8d65177d5a87194928105dc462df4ae/element/f.A76E8B59E5586EBC4341E91D969E0FF6.d.D6CA3B70C935E9F4E45D841E6B531A8A.e.4649/click - {}
RESULT: {}
COMMAND: GET /session/b8d65177d5a87194928105dc462df4ae/screenshot - {}
RESULT: {}
COMMAND: POST /session/b8d65177d5a87194928105dc462df4ae/execute/async - {"script":"<script> [1562 bytes]","args":[{"selector":{"id":"application-manageyards-display-component---NewYard--addressEditDetailsCurrency-arrow"},"wdio_ui5_key":"applicationmanageyards-display-component---NewYard--addressEditDetailsCurrency-arrow"}]}
RESULT: {"script":"<script> [1562 bytes]","args":[{"selector":{"id":"application-manageyards-display-component---NewYard--addressEditDetailsCurrency-arrow"},"wdio_ui5_key":"applicationmanageyards-display-component---NewYard--addressEditDetailsCurrency-arrow"}]}
RESULT: undefined
COMMAND: POST /session/b8d65177d5a87194928105dc462df4ae/element - {"using":"xpath","value":"//*[@id=\"application-manageyards-display-component---NewYard--addressEditDetailsCurrency-arrow\"]"}
RESULT: {"using":"xpath","value":"//*[@id=\"application-manageyards-display-component---NewYard--addressEditDetailsCurrency-arrow\"]"}
COMMAND: POST /session/b8d65177d5a87194928105dc462df4ae/element/f.A76E8B59E5586EBC4341E91D969E0FF6.d.D6CA3B70C935E9F4E45D841E6B531A8A.e.4652/click - {}
RESULT: {}
COMMAND: POST /session/b8d65177d5a87194928105dc462df4ae/element - {"using":"xpath","value":"//span[contains(text(), \"Euro\")]"}
COMMAND: GET /session/b8d65177d5a87194928105dc462df4ae/screenshot - {}
RESULT: {"using":"xpath","value":"//span[contains(text(), \"Euro\")]"}
COMMAND: POST /session/b8d65177d5a87194928105dc462df4ae/element/f.A76E8B59E5586EBC4341E91D969E0FF6.d.D6CA3B70C935E9F4E45D841E6B531A8A.e.4653/click - {}
RESULT: {}
RESULT: {}
COMMAND: POST /session/b8d65177d5a87194928105dc462df4ae/execute/async - {"script":"<script> [1562 bytes]","args":[{"selector":{"controlType":"sap.m.Input","viewName":"etm.portal.ui.manageyards.view.New","viewId":"application-manageyards-display-component---NewYard","bindingPath":{"path":"","propertyPath":"/CONTROLLING_AREA","modelName":"NewYardModel"},"interaction":{"idSuffix":"inner"}},"wdio_ui5_key":"etmportal.ui.manageyards.view.Newsap.m.Input{\"path\":\"\",\"propertyPath\":\"/CONTROLLING_AREA\",\"modelName\":\"NewYardModel\"}"}]}
COMMAND: GET /session/b8d65177d5a87194928105dc462df4ae/screenshot - {}
RESULT: {"script":"<script> [1562 bytes]","args":[{"selector":{"controlType":"sap.m.Input","viewName":"etm.portal.ui.manageyards.view.New","viewId":"application-manageyards-display-component---NewYard","bindingPath":{"path":"","propertyPath":"/CONTROLLING_AREA","modelName":"NewYardModel"},"interaction":{"idSuffix":"inner"}},"wdio_ui5_key":"etmportal.ui.manageyards.view.Newsap.m.Input{\"path\":\"\",\"propertyPath\":\"/CONTROLLING_AREA\",\"modelName\":\"NewYardModel\"}"}]}
RESULT: undefined
COMMAND: POST /session/b8d65177d5a87194928105dc462df4ae/execute/async - {"script":"<script> [776 bytes]","args":[{"enterText":"Z001","selector":{"controlType":"sap.m.Input","viewName":"etm.portal.ui.manageyards.view.New","viewId":"application-manageyards-display-component---NewYard","bindingPath":{"path":"","propertyPath":"/CONTROLLING_AREA","modelName":"NewYardModel"},"interaction":{"idSuffix":"inner"}},"clearTextFirst":true,"interactionType":"ENTER_TEXT"}]}
RESULT: {}
RESULT: {"script":"<script> [776 bytes]","args":[{"enterText":"Z001","selector":{"controlType":"sap.m.Input","viewName":"etm.portal.ui.manageyards.view.New","viewId":"application-manageyards-display-component---NewYard","bindingPath":{"path":"","propertyPath":"/CONTROLLING_AREA","modelName":"NewYardModel"},"interaction":{"idSuffix":"inner"}},"clearTextFirst":true,"interactionType":"ENTER_TEXT"}]}
COMMAND: POST /session/b8d65177d5a87194928105dc462df4ae/execute/async - {"script":"<script> [1562 bytes]","args":[{"selector":{"id":"application-manageyards-display-component---NewYard--companyCodeComboBox","interaction":{"idSuffix":"inner"}},"wdio_ui5_key":"applicationmanageyards-display-component---NewYard--companyCodeComboBox"}]}
RESULT: {"script":"<script> [1562 bytes]","args":[{"selector":{"id":"application-manageyards-display-component---NewYard--companyCodeComboBox","interaction":{"idSuffix":"inner"}},"wdio_ui5_key":"applicationmanageyards-display-component---NewYard--companyCodeComboBox"}]}
RESULT: undefined
COMMAND: POST /session/b8d65177d5a87194928105dc462df4ae/execute/async - {"script":"<script> [776 bytes]","args":[{"enterText":"1000","selector":{"id":"application-manageyards-display-component---NewYard--companyCodeComboBox","interaction":{"idSuffix":"inner"}},"clearTextFirst":true,"interactionType":"ENTER_TEXT"}]}
RESULT: {"script":"<script> [776 bytes]","args":[{"enterText":"1000","selector":{"id":"application-manageyards-display-component---NewYard--companyCodeComboBox","interaction":{"idSuffix":"inner"}},"clearTextFirst":true,"interactionType":"ENTER_TEXT"}]}
COMMAND: POST /session/b8d65177d5a87194928105dc462df4ae/execute/async - {"script":"<script> [1562 bytes]","args":[{"selector":{"controlType":"sap.m.Input","viewName":"etm.portal.ui.manageyards.view.New","viewId":"application-manageyards-display-component---NewYard","bindingPath":{"path":"","propertyPath":"/PLANT","modelName":"NewYardModel"},"interaction":{"idSuffix":"inner"}},"wdio_ui5_key":"etmportal.ui.manageyards.view.Newsap.m.Input{\"path\":\"\",\"propertyPath\":\"/PLANT\",\"modelName\":\"NewYardModel\"}"}]}
RESULT: {"script":"<script> [1562 bytes]","args":[{"selector":{"controlType":"sap.m.Input","viewName":"etm.portal.ui.manageyards.view.New","viewId":"application-manageyards-display-component---NewYard","bindingPath":{"path":"","propertyPath":"/PLANT","modelName":"NewYardModel"},"interaction":{"idSuffix":"inner"}},"wdio_ui5_key":"etmportal.ui.manageyards.view.Newsap.m.Input{\"path\":\"\",\"propertyPath\":\"/PLANT\",\"modelName\":\"NewYardModel\"}"}]}
RESULT: undefined
COMMAND: POST /session/b8d65177d5a87194928105dc462df4ae/execute/async - {"script":"<script> [776 bytes]","args":[{"enterText":"1001","selector":{"controlType":"sap.m.Input","viewName":"etm.portal.ui.manageyards.view.New","viewId":"application-manageyards-display-component---NewYard","bindingPath":{"path":"","propertyPath":"/PLANT","modelName":"NewYardModel"},"interaction":{"idSuffix":"inner"}},"clearTextFirst":true,"interactionType":"ENTER_TEXT"}]}
RESULT: {"script":"<script> [776 bytes]","args":[{"enterText":"1001","selector":{"controlType":"sap.m.Input","viewName":"etm.portal.ui.manageyards.view.New","viewId":"application-manageyards-display-component---NewYard","bindingPath":{"path":"","propertyPath":"/PLANT","modelName":"NewYardModel"},"interaction":{"idSuffix":"inner"}},"clearTextFirst":true,"interactionType":"ENTER_TEXT"}]}
COMMAND: POST /session/b8d65177d5a87194928105dc462df4ae/execute/async - {"script":"<script> [1562 bytes]","args":[{"selector":{"controlType":"sap.m.Input","viewName":"etm.portal.ui.manageyards.view.New","viewId":"application-manageyards-display-component---NewYard","bindingPath":{"path":"","propertyPath":"/SALES_AREA_VKORG","modelName":"NewYardModel"},"interaction":{"idSuffix":"inner"}},"wdio_ui5_key":"etmportal.ui.manageyards.view.Newsap.m.Input{\"path\":\"\",\"propertyPath\":\"/SALES_AREA_VKORG\",\"modelName\":\"NewYardModel\"}"}]}
RESULT: {"script":"<script> [1562 bytes]","args":[{"selector":{"controlType":"sap.m.Input","viewName":"etm.portal.ui.manageyards.view.New","viewId":"application-manageyards-display-component---NewYard","bindingPath":{"path":"","propertyPath":"/SALES_AREA_VKORG","modelName":"NewYardModel"},"interaction":{"idSuffix":"inner"}},"wdio_ui5_key":"etmportal.ui.manageyards.view.Newsap.m.Input{\"path\":\"\",\"propertyPath\":\"/SALES_AREA_VKORG\",\"modelName\":\"NewYardModel\"}"}]}
RESULT: undefined
COMMAND: POST /session/b8d65177d5a87194928105dc462df4ae/execute/async - {"script":"<script> [776 bytes]","args":[{"enterText":"C002","selector":{"controlType":"sap.m.Input","viewName":"etm.portal.ui.manageyards.view.New","viewId":"application-manageyards-display-component---NewYard","bindingPath":{"path":"","propertyPath":"/SALES_AREA_VKORG","modelName":"NewYardModel"},"interaction":{"idSuffix":"inner"}},"clearTextFirst":true,"interactionType":"ENTER_TEXT"}]}
RESULT: {"script":"<script> [776 bytes]","args":[{"enterText":"C002","selector":{"controlType":"sap.m.Input","viewName":"etm.portal.ui.manageyards.view.New","viewId":"application-manageyards-display-component---NewYard","bindingPath":{"path":"","propertyPath":"/SALES_AREA_VKORG","modelName":"NewYardModel"},"interaction":{"idSuffix":"inner"}},"clearTextFirst":true,"interactionType":"ENTER_TEXT"}]}
COMMAND: POST /session/b8d65177d5a87194928105dc462df4ae/execute/async - {"script":"<script> [1562 bytes]","args":[{"selector":{"controlType":"sap.m.Input","viewName":"etm.portal.ui.manageyards.view.New","viewId":"application-manageyards-display-component---NewYard","bindingPath":{"path":"","propertyPath":"/SALES_AREA_VTWEG","modelName":"NewYardModel"},"interaction":{"idSuffix":"inner"}},"wdio_ui5_key":"etmportal.ui.manageyards.view.Newsap.m.Input{\"path\":\"\",\"propertyPath\":\"/SALES_AREA_VTWEG\",\"modelName\":\"NewYardModel\"}"}]}
RESULT: {"script":"<script> [1562 bytes]","args":[{"selector":{"controlType":"sap.m.Input","viewName":"etm.portal.ui.manageyards.view.New","viewId":"application-manageyards-display-component---NewYard","bindingPath":{"path":"","propertyPath":"/SALES_AREA_VTWEG","modelName":"NewYardModel"},"interaction":{"idSuffix":"inner"}},"wdio_ui5_key":"etmportal.ui.manageyards.view.Newsap.m.Input{\"path\":\"\",\"propertyPath\":\"/SALES_AREA_VTWEG\",\"modelName\":\"NewYardModel\"}"}]}
RESULT: undefined
COMMAND: POST /session/b8d65177d5a87194928105dc462df4ae/execute/async - {"script":"<script> [776 bytes]","args":[{"enterText":"C2","selector":{"controlType":"sap.m.Input","viewName":"etm.portal.ui.manageyards.view.New","viewId":"application-manageyards-display-component---NewYard","bindingPath":{"path":"","propertyPath":"/SALES_AREA_VTWEG","modelName":"NewYardModel"},"interaction":{"idSuffix":"inner"}},"clearTextFirst":true,"interactionType":"ENTER_TEXT"}]}
RESULT: {"script":"<script> [776 bytes]","args":[{"enterText":"C2","selector":{"controlType":"sap.m.Input","viewName":"etm.portal.ui.manageyards.view.New","viewId":"application-manageyards-display-component---NewYard","bindingPath":{"path":"","propertyPath":"/SALES_AREA_VTWEG","modelName":"NewYardModel"},"interaction":{"idSuffix":"inner"}},"clearTextFirst":true,"interactionType":"ENTER_TEXT"}]}
COMMAND: POST /session/b8d65177d5a87194928105dc462df4ae/execute/async - {"script":"<script> [1562 bytes]","args":[{"selector":{"controlType":"sap.m.Input","viewName":"etm.portal.ui.manageyards.view.New","viewId":"application-manageyards-display-component---NewYard","bindingPath":{"path":"","propertyPath":"/SALES_AREA_SPART","modelName":"NewYardModel"},"interaction":{"idSuffix":"inner"}},"wdio_ui5_key":"etmportal.ui.manageyards.view.Newsap.m.Input{\"path\":\"\",\"propertyPath\":\"/SALES_AREA_SPART\",\"modelName\":\"NewYardModel\"}"}]}
RESULT: {"script":"<script> [1562 bytes]","args":[{"selector":{"controlType":"sap.m.Input","viewName":"etm.portal.ui.manageyards.view.New","viewId":"application-manageyards-display-component---NewYard","bindingPath":{"path":"","propertyPath":"/SALES_AREA_SPART","modelName":"NewYardModel"},"interaction":{"idSuffix":"inner"}},"wdio_ui5_key":"etmportal.ui.manageyards.view.Newsap.m.Input{\"path\":\"\",\"propertyPath\":\"/SALES_AREA_SPART\",\"modelName\":\"NewYardModel\"}"}]}
RESULT: undefined
COMMAND: POST /session/b8d65177d5a87194928105dc462df4ae/execute/async - {"script":"<script> [776 bytes]","args":[{"enterText":"C2","selector":{"controlType":"sap.m.Input","viewName":"etm.portal.ui.manageyards.view.New","viewId":"application-manageyards-display-component---NewYard","bindingPath":{"path":"","propertyPath":"/SALES_AREA_SPART","modelName":"NewYardModel"},"interaction":{"idSuffix":"inner"}},"clearTextFirst":true,"interactionType":"ENTER_TEXT"}]}
RESULT: {"script":"<script> [776 bytes]","args":[{"enterText":"C2","selector":{"controlType":"sap.m.Input","viewName":"etm.portal.ui.manageyards.view.New","viewId":"application-manageyards-display-component---NewYard","bindingPath":{"path":"","propertyPath":"/SALES_AREA_SPART","modelName":"NewYardModel"},"interaction":{"idSuffix":"inner"}},"clearTextFirst":true,"interactionType":"ENTER_TEXT"}]}
COMMAND: POST /session/b8d65177d5a87194928105dc462df4ae/execute/async - {"script":"<script> [1562 bytes]","args":[{"selector":{"controlType":"sap.m.Input","viewName":"etm.portal.ui.manageyards.view.New","viewId":"application-manageyards-display-component---NewYard","bindingPath":{"path":"","propertyPath":"/SHIP_POINT","modelName":"NewYardModel"},"interaction":{"idSuffix":"inner"}},"wdio_ui5_key":"etmportal.ui.manageyards.view.Newsap.m.Input{\"path\":\"\",\"propertyPath\":\"/SHIP_POINT\",\"modelName\":\"NewYardModel\"}"}]}
RESULT: {"script":"<script> [1562 bytes]","args":[{"selector":{"controlType":"sap.m.Input","viewName":"etm.portal.ui.manageyards.view.New","viewId":"application-manageyards-display-component---NewYard","bindingPath":{"path":"","propertyPath":"/SHIP_POINT","modelName":"NewYardModel"},"interaction":{"idSuffix":"inner"}},"wdio_ui5_key":"etmportal.ui.manageyards.view.Newsap.m.Input{\"path\":\"\",\"propertyPath\":\"/SHIP_POINT\",\"modelName\":\"NewYardModel\"}"}]}
RESULT: undefined
COMMAND: POST /session/b8d65177d5a87194928105dc462df4ae/execute/async - {"script":"<script> [776 bytes]","args":[{"enterText":"1710","selector":{"controlType":"sap.m.Input","viewName":"etm.portal.ui.manageyards.view.New","viewId":"application-manageyards-display-component---NewYard","bindingPath":{"path":"","propertyPath":"/SHIP_POINT","modelName":"NewYardModel"},"interaction":{"idSuffix":"inner"}},"clearTextFirst":true,"interactionType":"ENTER_TEXT"}]}
RESULT: {"script":"<script> [776 bytes]","args":[{"enterText":"1710","selector":{"controlType":"sap.m.Input","viewName":"etm.portal.ui.manageyards.view.New","viewId":"application-manageyards-display-component---NewYard","bindingPath":{"path":"","propertyPath":"/SHIP_POINT","modelName":"NewYardModel"},"interaction":{"idSuffix":"inner"}},"clearTextFirst":true,"interactionType":"ENTER_TEXT"}]}
COMMAND: POST /session/b8d65177d5a87194928105dc462df4ae/execute/async - {"script":"<script> [1562 bytes]","args":[{"selector":{"controlType":"sap.m.Input","viewName":"etm.portal.ui.manageyards.view.New","viewId":"application-manageyards-display-component---NewYard","bindingPath":{"path":"","propertyPath":"/DELIVERY_TYPE","modelName":"NewYardModel"},"interaction":{"idSuffix":"inner"}},"wdio_ui5_key":"etmportal.ui.manageyards.view.Newsap.m.Input{\"path\":\"\",\"propertyPath\":\"/DELIVERY_TYPE\",\"modelName\":\"NewYardModel\"}"}]}
RESULT: {"script":"<script> [1562 bytes]","args":[{"selector":{"controlType":"sap.m.Input","viewName":"etm.portal.ui.manageyards.view.New","viewId":"application-manageyards-display-component---NewYard","bindingPath":{"path":"","propertyPath":"/DELIVERY_TYPE","modelName":"NewYardModel"},"interaction":{"idSuffix":"inner"}},"wdio_ui5_key":"etmportal.ui.manageyards.view.Newsap.m.Input{\"path\":\"\",\"propertyPath\":\"/DELIVERY_TYPE\",\"modelName\":\"NewYardModel\"}"}]}
RESULT: undefined
COMMAND: POST /session/b8d65177d5a87194928105dc462df4ae/execute/async - {"script":"<script> [776 bytes]","args":[{"enterText":"ZL01","selector":{"controlType":"sap.m.Input","viewName":"etm.portal.ui.manageyards.view.New","viewId":"application-manageyards-display-component---NewYard","bindingPath":{"path":"","propertyPath":"/DELIVERY_TYPE","modelName":"NewYardModel"},"interaction":{"idSuffix":"inner"}},"clearTextFirst":true,"interactionType":"ENTER_TEXT"}]}
RESULT: {"script":"<script> [776 bytes]","args":[{"enterText":"ZL01","selector":{"controlType":"sap.m.Input","viewName":"etm.portal.ui.manageyards.view.New","viewId":"application-manageyards-display-component---NewYard","bindingPath":{"path":"","propertyPath":"/DELIVERY_TYPE","modelName":"NewYardModel"},"interaction":{"idSuffix":"inner"}},"clearTextFirst":true,"interactionType":"ENTER_TEXT"}]}
COMMAND: POST /session/b8d65177d5a87194928105dc462df4ae/execute/async - {"script":"<script> [1562 bytes]","args":[{"selector":{"controlType":"sap.m.Input","viewName":"etm.portal.ui.manageyards.view.New","viewId":"application-manageyards-display-component---NewYard","bindingPath":{"path":"","propertyPath":"/AUART","modelName":"NewYardModel"},"interaction":{"idSuffix":"inner"}},"wdio_ui5_key":"etmportal.ui.manageyards.view.Newsap.m.Input{\"path\":\"\",\"propertyPath\":\"/AUART\",\"modelName\":\"NewYardModel\"}"}]}
RESULT: {"script":"<script> [1562 bytes]","args":[{"selector":{"controlType":"sap.m.Input","viewName":"etm.portal.ui.manageyards.view.New","viewId":"application-manageyards-display-component---NewYard","bindingPath":{"path":"","propertyPath":"/AUART","modelName":"NewYardModel"},"interaction":{"idSuffix":"inner"}},"wdio_ui5_key":"etmportal.ui.manageyards.view.Newsap.m.Input{\"path\":\"\",\"propertyPath\":\"/AUART\",\"modelName\":\"NewYardModel\"}"}]}
RESULT: undefined
COMMAND: POST /session/b8d65177d5a87194928105dc462df4ae/execute/async - {"script":"<script> [776 bytes]","args":[{"enterText":"TA","selector":{"controlType":"sap.m.Input","viewName":"etm.portal.ui.manageyards.view.New","viewId":"application-manageyards-display-component---NewYard","bindingPath":{"path":"","propertyPath":"/AUART","modelName":"NewYardModel"},"interaction":{"idSuffix":"inner"}},"clearTextFirst":true,"interactionType":"ENTER_TEXT"}]}
RESULT: {"script":"<script> [776 bytes]","args":[{"enterText":"TA","selector":{"controlType":"sap.m.Input","viewName":"etm.portal.ui.manageyards.view.New","viewId":"application-manageyards-display-component---NewYard","bindingPath":{"path":"","propertyPath":"/AUART","modelName":"NewYardModel"},"interaction":{"idSuffix":"inner"}},"clearTextFirst":true,"interactionType":"ENTER_TEXT"}]}
COMMAND: POST /session/b8d65177d5a87194928105dc462df4ae/element - {"using":"xpath","value":"//button[@data-kt=\"newYardSaveButton\"]"}
RESULT: {"using":"xpath","value":"//button[@data-kt=\"newYardSaveButton\"]"}
COMMAND: POST /session/b8d65177d5a87194928105dc462df4ae/element/f.A76E8B59E5586EBC4341E91D969E0FF6.d.D6CA3B70C935E9F4E45D841E6B531A8A.e.4579/click - {}
RESULT: {}
COMMAND: GET /session/b8d65177d5a87194928105dc462df4ae/screenshot - {}
RESULT: {}
COMMAND: POST /session/b8d65177d5a87194928105dc462df4ae/element - {"using":"xpath","value":"//header[contains(@id, 'ObjectPageLayout-headerTitle')]/div[1]/div[2]/div[1]/span[1]"}
RESULT: {"using":"xpath","value":"//header[contains(@id, 'ObjectPageLayout-headerTitle')]/div[1]/div[2]/div[1]/span[1]"}
COMMAND: POST /session/b8d65177d5a87194928105dc462df4ae/elements - {"using":"xpath","value":"//header[contains(@id, 'ObjectPageLayout-headerTitle')]/div[1]/div[2]/div[1]/span[1]"}
RESULT: {"using":"xpath","value":"//header[contains(@id, 'ObjectPageLayout-headerTitle')]/div[1]/div[2]/div[1]/span[1]"}
COMMAND: POST /session/b8d65177d5a87194928105dc462df4ae/execute/sync - {"script":"<script> [56 bytes]","args":[{"element-6066-11e4-a52e-4f735466cecf":"f.A76E8B59E5586EBC4341E91D969E0FF6.d.D6CA3B70C935E9F4E45D841E6B531A8A.e.4873","ELEMENT":"f.A76E8B59E5586EBC4341E91D969E0FF6.d.D6CA3B70C935E9F4E45D841E6B531A8A.e.4873"}]}
RESULT: {"script":"<script> [56 bytes]","args":[{"element-6066-11e4-a52e-4f735466cecf":"f.A76E8B59E5586EBC4341E91D969E0FF6.d.D6CA3B70C935E9F4E45D841E6B531A8A.e.4873","ELEMENT":"f.A76E8B59E5586EBC4341E91D969E0FF6.d.D6CA3B70C935E9F4E45D841E6B531A8A.e.4873"}]}
COMMAND: GET /session/b8d65177d5a87194928105dc462df4ae/screenshot - {}
RESULT: {}
COMMAND: POST /session/b8d65177d5a87194928105dc462df4ae/element - {"using":"css selector","value":"#shell-header-logo"}
RESULT: {"using":"css selector","value":"#shell-header-logo"}
COMMAND: POST /session/b8d65177d5a87194928105dc462df4ae/element/f.A76E8B59E5586EBC4341E91D969E0FF6.d.D6CA3B70C935E9F4E45D841E6B531A8A.e.4015/click - {}
RESULT: {}
COMMAND: GET /session/b8d65177d5a87194928105dc462df4ae/screenshot - {}
RESULT: {}
COMMAND: POST /session/b8d65177d5a87194928105dc462df4ae/execute/sync - {"script":"<script> [299 bytes]","args":[["getModel","getResource"]]}
RESULT: {"script":"<script> [299 bytes]","args":[["getModel","getResource"]]}
COMMAND: POST /session/b8d65177d5a87194928105dc462df4ae/window/fullscreen - {}
COMMAND: GET /session/b8d65177d5a87194928105dc462df4ae/screenshot - {}
RESULT: {}
COMMAND: POST /session/b8d65177d5a87194928105dc462df4ae/execute/async - {"script":"<script> [1562 bytes]","args":[{"selector":{"controlType":"sap.m.GenericTile","properties":{"header":"Manage Partners"}},"wdio_ui5_key":"sapm.GenericTile{\"header\":\"Manage Partners\"}"}]}
RESULT: {}
RESULT: {"script":"<script> [1562 bytes]","args":[{"selector":{"controlType":"sap.m.GenericTile","properties":{"header":"Manage Partners"}},"wdio_ui5_key":"sapm.GenericTile{\"header\":\"Manage Partners\"}"}]}
RESULT: undefined
COMMAND: POST /session/b8d65177d5a87194928105dc462df4ae/element - {"using":"xpath","value":"//*[@id=\"__tile30\"]"}
RESULT: {"using":"xpath","value":"//*[@id=\"__tile30\"]"}
COMMAND: POST /session/b8d65177d5a87194928105dc462df4ae/element/f.A76E8B59E5586EBC4341E91D969E0FF6.d.D6CA3B70C935E9F4E45D841E6B531A8A.e.4033/click - {}
RESULT: {}
COMMAND: GET /session/b8d65177d5a87194928105dc462df4ae/screenshot - {}
RESULT: {}
COMMAND: POST /session/b8d65177d5a87194928105dc462df4ae/elements - {"using":"xpath","value":"//span[text()='Error']"}
RESULT: {"using":"xpath","value":"//span[text()='Error']"}
COMMAND: POST /session/b8d65177d5a87194928105dc462df4ae/element - {"using":"xpath","value":"//button[@data-kt=\"addButton\"]"}
RESULT: {"using":"xpath","value":"//button[@data-kt=\"addButton\"]"}
COMMAND: POST /session/b8d65177d5a87194928105dc462df4ae/elements - {"using":"xpath","value":"//button[@data-kt=\"addButton\"]"}
RESULT: {"using":"xpath","value":"//button[@data-kt=\"addButton\"]"}
COMMAND: POST /session/b8d65177d5a87194928105dc462df4ae/execute/sync - {"script":"<script> [8489 bytes]","args":[{"element-6066-11e4-a52e-4f735466cecf":"f.A76E8B59E5586EBC4341E91D969E0FF6.d.D6CA3B70C935E9F4E45D841E6B531A8A.e.4922","ELEMENT":"f.A76E8B59E5586EBC4341E91D969E0FF6.d.D6CA3B70C935E9F4E45D841E6B531A8A.e.4922"}]}
RESULT: {"script":"<script> [8489 bytes]","args":[{"element-6066-11e4-a52e-4f735466cecf":"f.A76E8B59E5586EBC4341E91D969E0FF6.d.D6CA3B70C935E9F4E45D841E6B531A8A.e.4922","ELEMENT":"f.A76E8B59E5586EBC4341E91D969E0FF6.d.D6CA3B70C935E9F4E45D841E6B531A8A.e.4922"}]}
COMMAND: GET /session/b8d65177d5a87194928105dc462df4ae/element/f.A76E8B59E5586EBC4341E91D969E0FF6.d.D6CA3B70C935E9F4E45D841E6B531A8A.e.4922/enabled - {}
COMMAND: GET /session/b8d65177d5a87194928105dc462df4ae/screenshot - {}
RESULT: {}
COMMAND: POST /session/b8d65177d5a87194928105dc462df4ae/execute/sync - {"script":"<script> [8489 bytes]","args":[{"element-6066-11e4-a52e-4f735466cecf":"f.A76E8B59E5586EBC4341E91D969E0FF6.d.D6CA3B70C935E9F4E45D841E6B531A8A.e.4922","ELEMENT":"f.A76E8B59E5586EBC4341E91D969E0FF6.d.D6CA3B70C935E9F4E45D841E6B531A8A.e.4922"}]}
COMMAND: GET /session/b8d65177d5a87194928105dc462df4ae/screenshot - {}
RESULT: {}
RESULT: {"script":"<script> [8489 bytes]","args":[{"element-6066-11e4-a52e-4f735466cecf":"f.A76E8B59E5586EBC4341E91D969E0FF6.d.D6CA3B70C935E9F4E45D841E6B531A8A.e.4922","ELEMENT":"f.A76E8B59E5586EBC4341E91D969E0FF6.d.D6CA3B70C935E9F4E45D841E6B531A8A.e.4922"}]}
COMMAND: POST /session/b8d65177d5a87194928105dc462df4ae/execute/sync - {"script":"<script> [5351 bytes]","args":[{"element-6066-11e4-a52e-4f735466cecf":"f.A76E8B59E5586EBC4341E91D969E0FF6.d.D6CA3B70C935E9F4E45D841E6B531A8A.e.4922","ELEMENT":"f.A76E8B59E5586EBC4341E91D969E0FF6.d.D6CA3B70C935E9F4E45D841E6B531A8A.e.4922"}]}
COMMAND: GET /session/b8d65177d5a87194928105dc462df4ae/screenshot - {}
RESULT: {}
RESULT: {"script":"<script> [5351 bytes]","args":[{"element-6066-11e4-a52e-4f735466cecf":"f.A76E8B59E5586EBC4341E91D969E0FF6.d.D6CA3B70C935E9F4E45D841E6B531A8A.e.4922","ELEMENT":"f.A76E8B59E5586EBC4341E91D969E0FF6.d.D6CA3B70C935E9F4E45D841E6B531A8A.e.4922"}]}
COMMAND: POST /session/b8d65177d5a87194928105dc462df4ae/element/f.A76E8B59E5586EBC4341E91D969E0FF6.d.D6CA3B70C935E9F4E45D841E6B531A8A.e.4922/click - {}
COMMAND: GET /session/b8d65177d5a87194928105dc462df4ae/screenshot - {}
RESULT: {}
RESULT: {}
COMMAND: GET /session/b8d65177d5a87194928105dc462df4ae/screenshot - {}
COMMAND: POST /session/b8d65177d5a87194928105dc462df4ae/execute/async - {"script":"<script> [1562 bytes]","args":[{"selector":{"id":"application-managepartners-display-component---NewPartner--addressDetailDetailsName1","interaction":{"idSuffix":"inner"}},"wdio_ui5_key":"applicationmanagepartners-display-component---NewPartner--addressDetailDetailsName1"}]}
RESULT: {}
RESULT: {}
RESULT: {"script":"<script> [1562 bytes]","args":[{"selector":{"id":"application-managepartners-display-component---NewPartner--addressDetailDetailsName1","interaction":{"idSuffix":"inner"}},"wdio_ui5_key":"applicationmanagepartners-display-component---NewPartner--addressDetailDetailsName1"}]}
RESULT: undefined
COMMAND: POST /session/b8d65177d5a87194928105dc462df4ae/execute/async - {"script":"<script> [776 bytes]","args":[{"enterText":"Intercompany Partner WDIO","selector":{"id":"application-managepartners-display-component---NewPartner--addressDetailDetailsName1","interaction":{"idSuffix":"inner"}},"clearTextFirst":true,"interactionType":"ENTER_TEXT"}]}
RESULT: {"script":"<script> [776 bytes]","args":[{"enterText":"Intercompany Partner WDIO","selector":{"id":"application-managepartners-display-component---NewPartner--addressDetailDetailsName1","interaction":{"idSuffix":"inner"}},"clearTextFirst":true,"interactionType":"ENTER_TEXT"}]}
COMMAND: POST /session/b8d65177d5a87194928105dc462df4ae/execute/async - {"script":"<script> [1562 bytes]","args":[{"selector":{"id":"application-managepartners-display-component---NewPartner--addressDetailDetailsLanguage-arrow"},"wdio_ui5_key":"applicationmanagepartners-display-component---NewPartner--addressDetailDetailsLanguage-arrow"}]}
RESULT: {"script":"<script> [1562 bytes]","args":[{"selector":{"id":"application-managepartners-display-component---NewPartner--addressDetailDetailsLanguage-arrow"},"wdio_ui5_key":"applicationmanagepartners-display-component---NewPartner--addressDetailDetailsLanguage-arrow"}]}
RESULT: undefined
COMMAND: POST /session/b8d65177d5a87194928105dc462df4ae/element - {"using":"xpath","value":"//*[@id=\"application-managepartners-display-component---NewPartner--addressDetailDetailsLanguage-arrow\"]"}
RESULT: {"using":"xpath","value":"//*[@id=\"application-managepartners-display-component---NewPartner--addressDetailDetailsLanguage-arrow\"]"}
COMMAND: POST /session/b8d65177d5a87194928105dc462df4ae/element/f.A76E8B59E5586EBC4341E91D969E0FF6.d.D6CA3B70C935E9F4E45D841E6B531A8A.e.5362/click - {}
RESULT: {}
COMMAND: POST /session/b8d65177d5a87194928105dc462df4ae/element - {"using":"xpath","value":"//span[contains(text(), \"English\")]"}
COMMAND: GET /session/b8d65177d5a87194928105dc462df4ae/screenshot - {}
RESULT: {"using":"xpath","value":"//span[contains(text(), \"English\")]"}
COMMAND: POST /session/b8d65177d5a87194928105dc462df4ae/element/f.A76E8B59E5586EBC4341E91D969E0FF6.d.D6CA3B70C935E9F4E45D841E6B531A8A.e.5363/click - {}
RESULT: {}
RESULT: {}
COMMAND: GET /session/b8d65177d5a87194928105dc462df4ae/screenshot - {}
RESULT: {}
COMMAND: POST /session/b8d65177d5a87194928105dc462df4ae/execute/async - {"script":"<script> [1562 bytes]","args":[{"selector":{"id":"application-managepartners-display-component---NewPartner--addressDetailDetailsCity1","interaction":{"idSuffix":"inner"}},"wdio_ui5_key":"applicationmanagepartners-display-component---NewPartner--addressDetailDetailsCity1"}]}
RESULT: {"script":"<script> [1562 bytes]","args":[{"selector":{"id":"application-managepartners-display-component---NewPartner--addressDetailDetailsCity1","interaction":{"idSuffix":"inner"}},"wdio_ui5_key":"applicationmanagepartners-display-component---NewPartner--addressDetailDetailsCity1"}]}
RESULT: undefined
COMMAND: POST /session/b8d65177d5a87194928105dc462df4ae/execute/async - {"script":"<script> [776 bytes]","args":[{"enterText":"Rosario","selector":{"id":"application-managepartners-display-component---NewPartner--addressDetailDetailsCity1","interaction":{"idSuffix":"inner"}},"clearTextFirst":true,"interactionType":"ENTER_TEXT"}]}
RESULT: {"script":"<script> [776 bytes]","args":[{"enterText":"Rosario","selector":{"id":"application-managepartners-display-component---NewPartner--addressDetailDetailsCity1","interaction":{"idSuffix":"inner"}},"clearTextFirst":true,"interactionType":"ENTER_TEXT"}]}
COMMAND: POST /session/b8d65177d5a87194928105dc462df4ae/execute/async - {"script":"<script> [1562 bytes]","args":[{"selector":{"id":"application-managepartners-display-component---NewPartner--addressDetailDetailsCountry-arrow"},"wdio_ui5_key":"applicationmanagepartners-display-component---NewPartner--addressDetailDetailsCountry-arrow"}]}
RESULT: {"script":"<script> [1562 bytes]","args":[{"selector":{"id":"application-managepartners-display-component---NewPartner--addressDetailDetailsCountry-arrow"},"wdio_ui5_key":"applicationmanagepartners-display-component---NewPartner--addressDetailDetailsCountry-arrow"}]}
RESULT: undefined
COMMAND: POST /session/b8d65177d5a87194928105dc462df4ae/element - {"using":"xpath","value":"//*[@id=\"application-managepartners-display-component---NewPartner--addressDetailDetailsCountry-arrow\"]"}
RESULT: {"using":"xpath","value":"//*[@id=\"application-managepartners-display-component---NewPartner--addressDetailDetailsCountry-arrow\"]"}
COMMAND: POST /session/b8d65177d5a87194928105dc462df4ae/element/f.A76E8B59E5586EBC4341E91D969E0FF6.d.D6CA3B70C935E9F4E45D841E6B531A8A.e.5337/click - {}
RESULT: {}
COMMAND: POST /session/b8d65177d5a87194928105dc462df4ae/element - {"using":"xpath","value":"//span[contains(text(), \"Argentina\")]"}
COMMAND: GET /session/b8d65177d5a87194928105dc462df4ae/screenshot - {}
RESULT: {"using":"xpath","value":"//span[contains(text(), \"Argentina\")]"}
COMMAND: POST /session/b8d65177d5a87194928105dc462df4ae/element/f.A76E8B59E5586EBC4341E91D969E0FF6.d.D6CA3B70C935E9F4E45D841E6B531A8A.e.5365/click - {}
RESULT: {}
RESULT: {}
COMMAND: GET /session/b8d65177d5a87194928105dc462df4ae/screenshot - {}
RESULT: {}
COMMAND: POST /session/b8d65177d5a87194928105dc462df4ae/element - {"using":"xpath","value":"//bdi[contains(text(), \"Commercial\")]"}
RESULT: {"using":"xpath","value":"//bdi[contains(text(), \"Commercial\")]"}
COMMAND: POST /session/b8d65177d5a87194928105dc462df4ae/element/f.A76E8B59E5586EBC4341E91D969E0FF6.d.D6CA3B70C935E9F4E45D841E6B531A8A.e.5366/click - {}
RESULT: {}
COMMAND: GET /session/b8d65177d5a87194928105dc462df4ae/screenshot - {}
RESULT: {}
COMMAND: POST /session/b8d65177d5a87194928105dc462df4ae/execute/async - {"script":"<script> [1562 bytes]","args":[{"selector":{"id":"application-managepartners-display-component---NewPartner--partnerDetailInternal-arrow"},"wdio_ui5_key":"applicationmanagepartners-display-component---NewPartner--partnerDetailInternal-arrow"}]}
RESULT: {"script":"<script> [1562 bytes]","args":[{"selector":{"id":"application-managepartners-display-component---NewPartner--partnerDetailInternal-arrow"},"wdio_ui5_key":"applicationmanagepartners-display-component---NewPartner--partnerDetailInternal-arrow"}]}
RESULT: undefined
COMMAND: POST /session/b8d65177d5a87194928105dc462df4ae/element - {"using":"xpath","value":"//*[@id=\"application-managepartners-display-component---NewPartner--partnerDetailInternal-arrow\"]"}
RESULT: {"using":"xpath","value":"//*[@id=\"application-managepartners-display-component---NewPartner--partnerDetailInternal-arrow\"]"}
COMMAND: POST /session/b8d65177d5a87194928105dc462df4ae/element/f.A76E8B59E5586EBC4341E91D969E0FF6.d.D6CA3B70C935E9F4E45D841E6B531A8A.e.5374/click - {}
RESULT: {}
COMMAND: POST /session/b8d65177d5a87194928105dc462df4ae/element - {"using":"xpath","value":"//span[contains(text(), \"Affiliated company\")]"}
COMMAND: GET /session/b8d65177d5a87194928105dc462df4ae/screenshot - {}
RESULT: {"using":"xpath","value":"//span[contains(text(), \"Affiliated company\")]"}
COMMAND: POST /session/b8d65177d5a87194928105dc462df4ae/element/f.A76E8B59E5586EBC4341E91D969E0FF6.d.D6CA3B70C935E9F4E45D841E6B531A8A.e.5375/click - {}
RESULT: {}
RESULT: {}
COMMAND: POST /session/b8d65177d5a87194928105dc462df4ae/execute/async - {"script":"<script> [1562 bytes]","args":[{"selector":{"id":"application-managepartners-display-component---NewPartner--partnerDetailsCurrency-arrow"},"wdio_ui5_key":"applicationmanagepartners-display-component---NewPartner--partnerDetailsCurrency-arrow"}]}
COMMAND: GET /session/b8d65177d5a87194928105dc462df4ae/screenshot - {}
RESULT: {"script":"<script> [1562 bytes]","args":[{"selector":{"id":"application-managepartners-display-component---NewPartner--partnerDetailsCurrency-arrow"},"wdio_ui5_key":"applicationmanagepartners-display-component---NewPartner--partnerDetailsCurrency-arrow"}]}
RESULT: undefined
COMMAND: POST /session/b8d65177d5a87194928105dc462df4ae/element - {"using":"xpath","value":"//*[@id=\"application-managepartners-display-component---NewPartner--partnerDetailsCurrency-arrow\"]"}
RESULT: {}
RESULT: {"using":"xpath","value":"//*[@id=\"application-managepartners-display-component---NewPartner--partnerDetailsCurrency-arrow\"]"}
COMMAND: POST /session/b8d65177d5a87194928105dc462df4ae/element/f.A76E8B59E5586EBC4341E91D969E0FF6.d.D6CA3B70C935E9F4E45D841E6B531A8A.e.5382/click - {}
RESULT: {}
COMMAND: POST /session/b8d65177d5a87194928105dc462df4ae/element - {"using":"xpath","value":"//span[contains(text(), \"Euro\")]"}
COMMAND: GET /session/b8d65177d5a87194928105dc462df4ae/screenshot - {}
RESULT: {"using":"xpath","value":"//span[contains(text(), \"Euro\")]"}
COMMAND: POST /session/b8d65177d5a87194928105dc462df4ae/element/f.A76E8B59E5586EBC4341E91D969E0FF6.d.D6CA3B70C935E9F4E45D841E6B531A8A.e.5383/click - {}
RESULT: {}
RESULT: {}
COMMAND: POST /session/b8d65177d5a87194928105dc462df4ae/execute/async - {"script":"<script> [1562 bytes]","args":[{"selector":{"id":"application-managepartners-display-component---NewPartner--addressEditDetailsCostObjectCstType-arrow"},"wdio_ui5_key":"applicationmanagepartners-display-component---NewPartner--addressEditDetailsCostObjectCstType-arrow"}]}
COMMAND: GET /session/b8d65177d5a87194928105dc462df4ae/screenshot - {}
RESULT: {"script":"<script> [1562 bytes]","args":[{"selector":{"id":"application-managepartners-display-component---NewPartner--addressEditDetailsCostObjectCstType-arrow"},"wdio_ui5_key":"applicationmanagepartners-display-component---NewPartner--addressEditDetailsCostObjectCstType-arrow"}]}
RESULT: undefined
COMMAND: POST /session/b8d65177d5a87194928105dc462df4ae/element - {"using":"xpath","value":"//*[@id=\"application-managepartners-display-component---NewPartner--addressEditDetailsCostObjectCstType-arrow\"]"}
RESULT: {}
RESULT: {"using":"xpath","value":"//*[@id=\"application-managepartners-display-component---NewPartner--addressEditDetailsCostObjectCstType-arrow\"]"}
COMMAND: POST /session/b8d65177d5a87194928105dc462df4ae/element/f.A76E8B59E5586EBC4341E91D969E0FF6.d.D6CA3B70C935E9F4E45D841E6B531A8A.e.5384/click - {}
RESULT: {}
COMMAND: POST /session/b8d65177d5a87194928105dc462df4ae/element - {"using":"xpath","value":"//span[contains(text(), \"Cost Center\")]"}
COMMAND: GET /session/b8d65177d5a87194928105dc462df4ae/screenshot - {}
RESULT: {"using":"xpath","value":"//span[contains(text(), \"Cost Center\")]"}
COMMAND: POST /session/b8d65177d5a87194928105dc462df4ae/element/f.A76E8B59E5586EBC4341E91D969E0FF6.d.D6CA3B70C935E9F4E45D841E6B531A8A.e.5385/click - {}
RESULT: {}
RESULT: {}
COMMAND: GET /session/b8d65177d5a87194928105dc462df4ae/screenshot - {}
RESULT: {}
COMMAND: POST /session/b8d65177d5a87194928105dc462df4ae/element - {"using":"xpath","value":"//span[@id=\"application-managepartners-display-component---NewPartner--addressNewCostObjectCstID-vhi\"]"}
RESULT: {"using":"xpath","value":"//span[@id=\"application-managepartners-display-component---NewPartner--addressNewCostObjectCstID-vhi\"]"}
COMMAND: POST /session/b8d65177d5a87194928105dc462df4ae/execute/sync - {"script":"<script> [8489 bytes]","args":[{"element-6066-11e4-a52e-4f735466cecf":"f.A76E8B59E5586EBC4341E91D969E0FF6.d.D6CA3B70C935E9F4E45D841E6B531A8A.e.5389","ELEMENT":"f.A76E8B59E5586EBC4341E91D969E0FF6.d.D6CA3B70C935E9F4E45D841E6B531A8A.e.5389"}]}
RESULT: {"script":"<script> [8489 bytes]","args":[{"element-6066-11e4-a52e-4f735466cecf":"f.A76E8B59E5586EBC4341E91D969E0FF6.d.D6CA3B70C935E9F4E45D841E6B531A8A.e.5389","ELEMENT":"f.A76E8B59E5586EBC4341E91D969E0FF6.d.D6CA3B70C935E9F4E45D841E6B531A8A.e.5389"}]}
COMMAND: POST /session/b8d65177d5a87194928105dc462df4ae/execute/async - {"script":"<script> [1562 bytes]","args":[{"selector":{"id":"application-managepartners-display-component---NewPartner--addressNewCostObjectCstID-vhi"},"wdio_ui5_key":"applicationmanagepartners-display-component---NewPartner--addressNewCostObjectCstID-vhi"}]}
COMMAND: GET /session/b8d65177d5a87194928105dc462df4ae/screenshot - {}
RESULT: {"script":"<script> [1562 bytes]","args":[{"selector":{"id":"application-managepartners-display-component---NewPartner--addressNewCostObjectCstID-vhi"},"wdio_ui5_key":"applicationmanagepartners-display-component---NewPartner--addressNewCostObjectCstID-vhi"}]}
RESULT: undefined
COMMAND: POST /session/b8d65177d5a87194928105dc462df4ae/element - {"using":"xpath","value":"//*[@id=\"application-managepartners-display-component---NewPartner--addressNewCostObjectCstID-vhi\"]"}
RESULT: {}
RESULT: {"using":"xpath","value":"//*[@id=\"application-managepartners-display-component---NewPartner--addressNewCostObjectCstID-vhi\"]"}
COMMAND: POST /session/b8d65177d5a87194928105dc462df4ae/element/f.A76E8B59E5586EBC4341E91D969E0FF6.d.D6CA3B70C935E9F4E45D841E6B531A8A.e.5389/click - {}
RESULT: {}
COMMAND: GET /session/b8d65177d5a87194928105dc462df4ae/screenshot - {}
RESULT: {}
RESULT: undefined
COMMAND: POST /session/b8d65177d5a87194928105dc462df4ae/execute/async - {"script":"<script> [776 bytes]","args":[{"enterText":"10001013","selector":{"controlType":"sap.m.SearchField","properties":{"placeholder":"Search"},"searchOpenDialogs":true,"interaction":{"idSuffix":"I"}},"clearTextFirst":true,"interactionType":"ENTER_TEXT"}]}
RESULT: {"script":"<script> [776 bytes]","args":[{"enterText":"10001013","selector":{"controlType":"sap.m.SearchField","properties":{"placeholder":"Search"},"searchOpenDialogs":true,"interaction":{"idSuffix":"I"}},"clearTextFirst":true,"interactionType":"ENTER_TEXT"}]}
COMMAND: POST /session/b8d65177d5a87194928105dc462df4ae/actions - {"actions":[{"id":"action14","type":"key","parameters":{},"actions":[{"type":"keyDown","value":"î€‡"},{"type":"pause","duration":10},{"type":"keyUp","value":"î€‡"}]}]}
RESULT: {"actions":[{"id":"action14","type":"key","parameters":{},"actions":[{"type":"keyDown","value":"î€‡"},{"type":"pause","duration":10},{"type":"keyUp","value":"î€‡"}]}]}
COMMAND: GET /session/b8d65177d5a87194928105dc462df4ae/screenshot - {}
RESULT: {}
COMMAND: POST /session/b8d65177d5a87194928105dc462df4ae/element - {"using":"xpath","value":"//span[contains(text(), \"General Management\")]"}
RESULT: {"using":"xpath","value":"//span[contains(text(), \"General Management\")]"}
COMMAND: POST /session/b8d65177d5a87194928105dc462df4ae/element/f.A76E8B59E5586EBC4341E91D969E0FF6.d.D6CA3B70C935E9F4E45D841E6B531A8A.e.5429/click - {}
RESULT: {}
COMMAND: GET /session/b8d65177d5a87194928105dc462df4ae/screenshot - {}
RESULT: {}
COMMAND: POST /session/b8d65177d5a87194928105dc462df4ae/element - {"using":"xpath","value":"//bdi[contains(text(), \"OK\")]"}
RESULT: {"using":"xpath","value":"//bdi[contains(text(), \"OK\")]"}
COMMAND: POST /session/b8d65177d5a87194928105dc462df4ae/element/f.A76E8B59E5586EBC4341E91D969E0FF6.d.D6CA3B70C935E9F4E45D841E6B531A8A.e.5430/click - {}
RESULT: {}
COMMAND: GET /session/b8d65177d5a87194928105dc462df4ae/screenshot - {}
RESULT: {}
COMMAND: POST /session/b8d65177d5a87194928105dc462df4ae/element - {"using":"xpath","value":"//input[@id=\"application-managepartners-display-component---NewPartner--companyCodeComboBox-inner\"]"}
RESULT: {"using":"xpath","value":"//input[@id=\"application-managepartners-display-component---NewPartner--companyCodeComboBox-inner\"]"}
COMMAND: POST /session/b8d65177d5a87194928105dc462df4ae/element/f.A76E8B59E5586EBC4341E91D969E0FF6.d.D6CA3B70C935E9F4E45D841E6B531A8A.e.5227/clear - {}
RESULT: {}
COMMAND: POST /session/b8d65177d5a87194928105dc462df4ae/element/f.A76E8B59E5586EBC4341E91D969E0FF6.d.D6CA3B70C935E9F4E45D841E6B531A8A.e.5227/value - {"text":"C002"}
COMMAND: GET /session/b8d65177d5a87194928105dc462df4ae/screenshot - {}
RESULT: {"text":"C002"}
COMMAND: GET /session/b8d65177d5a87194928105dc462df4ae/screenshot - {}
RESULT: {}
RESULT: {}
COMMAND: POST /session/b8d65177d5a87194928105dc462df4ae/element - {"using":"xpath","value":"//li[.//span[text()= \"C002\"]]"}
RESULT: {"using":"xpath","value":"//li[.//span[text()= \"C002\"]]"}
COMMAND: POST /session/b8d65177d5a87194928105dc462df4ae/element/f.A76E8B59E5586EBC4341E91D969E0FF6.d.D6CA3B70C935E9F4E45D841E6B531A8A.e.5436/click - {}
RESULT: {}
COMMAND: GET /session/b8d65177d5a87194928105dc462df4ae/screenshot - {}
RESULT: {}
COMMAND: POST /session/b8d65177d5a87194928105dc462df4ae/execute/async - {"script":"<script> [1562 bytes]","args":[{"selector":{"id":"application-managepartners-display-component---NewPartner--btnAddTableRow-img"},"wdio_ui5_key":"applicationmanagepartners-display-component---NewPartner--btnAddTableRow-img"}]}
RESULT: {"script":"<script> [1562 bytes]","args":[{"selector":{"id":"application-managepartners-display-component---NewPartner--btnAddTableRow-img"},"wdio_ui5_key":"applicationmanagepartners-display-component---NewPartner--btnAddTableRow-img"}]}
RESULT: undefined
COMMAND: POST /session/b8d65177d5a87194928105dc462df4ae/element - {"using":"xpath","value":"//*[@id=\"application-managepartners-display-component---NewPartner--btnAddTableRow-img\"]"}
RESULT: {"using":"xpath","value":"//*[@id=\"application-managepartners-display-component---NewPartner--btnAddTableRow-img\"]"}
COMMAND: POST /session/b8d65177d5a87194928105dc462df4ae/element/f.A76E8B59E5586EBC4341E91D969E0FF6.d.D6CA3B70C935E9F4E45D841E6B531A8A.e.5437/click - {}
RESULT: {}
COMMAND: GET /session/b8d65177d5a87194928105dc462df4ae/screenshot - {}
RESULT: {}
COMMAND: POST /session/b8d65177d5a87194928105dc462df4ae/element - {"using":"xpath","value":"//input[@id=\"application-managepartners-display-component---NewPartner--assignmentYard-application-managepartners-display-component---NewPartner--assignmentsTable-0-inner\"]"}
RESULT: {"using":"xpath","value":"//input[@id=\"application-managepartners-display-component---NewPartner--assignmentYard-application-managepartners-display-component---NewPartner--assignmentsTable-0-inner\"]"}
COMMAND: POST /session/b8d65177d5a87194928105dc462df4ae/element/f.A76E8B59E5586EBC4341E91D969E0FF6.d.D6CA3B70C935E9F4E45D841E6B531A8A.e.5440/clear - {}
RESULT: {}
COMMAND: POST /session/b8d65177d5a87194928105dc462df4ae/element/f.A76E8B59E5586EBC4341E91D969E0FF6.d.D6CA3B70C935E9F4E45D841E6B531A8A.e.5440/value - {"text":"630"}
COMMAND: GET /session/b8d65177d5a87194928105dc462df4ae/screenshot - {}
RESULT: {"text":"630"}
COMMAND: GET /session/b8d65177d5a87194928105dc462df4ae/screenshot - {}
RESULT: {}
RESULT: {}
COMMAND: POST /session/b8d65177d5a87194928105dc462df4ae/element - {"using":"xpath","value":"//li[.//span[text()='630']]"}
RESULT: {"using":"xpath","value":"//li[.//span[text()='630']]"}
COMMAND: POST /session/b8d65177d5a87194928105dc462df4ae/element/f.A76E8B59E5586EBC4341E91D969E0FF6.d.D6CA3B70C935E9F4E45D841E6B531A8A.e.5449/click - {}
RESULT: {}
COMMAND: GET /session/b8d65177d5a87194928105dc462df4ae/screenshot - {}
RESULT: {}
COMMAND: POST /session/b8d65177d5a87194928105dc462df4ae/actions - {"actions":[{"id":"action15","type":"key","parameters":{},"actions":[{"type":"keyDown","value":"î€‡"},{"type":"pause","duration":10},{"type":"keyUp","value":"î€‡"}]}]}
RESULT: {"actions":[{"id":"action15","type":"key","parameters":{},"actions":[{"type":"keyDown","value":"î€‡"},{"type":"pause","duration":10},{"type":"keyUp","value":"î€‡"}]}]}
COMMAND: POST /session/b8d65177d5a87194928105dc462df4ae/execute/async - {"script":"<script> [1562 bytes]","args":[{"selector":{"id":"application-managepartners-display-component---NewPartner--externalCustomerComboBox-application-managepartners-display-component---NewPartner--assignmentsTable-0-vhi"},"wdio_ui5_key":"applicationmanagepartners-display-component---NewPartner--externalCustomerComboBox-application-managepartners-display-component---NewPartner--assignmentsTable-0-vhi"}]}
COMMAND: GET /session/b8d65177d5a87194928105dc462df4ae/screenshot - {}
RESULT: {"script":"<script> [1562 bytes]","args":[{"selector":{"id":"application-managepartners-display-component---NewPartner--externalCustomerComboBox-application-managepartners-display-component---NewPartner--assignmentsTable-0-vhi"},"wdio_ui5_key":"applicationmanagepartners-display-component---NewPartner--externalCustomerComboBox-application-managepartners-display-component---NewPartner--assignmentsTable-0-vhi"}]}
RESULT: undefined
COMMAND: POST /session/b8d65177d5a87194928105dc462df4ae/element - {"using":"xpath","value":"//*[@id=\"application-managepartners-display-component---NewPartner--externalCustomerComboBox-application-managepartners-display-component---NewPartner--assignmentsTable-0-vhi\"]"}
RESULT: {}
RESULT: {"using":"xpath","value":"//*[@id=\"application-managepartners-display-component---NewPartner--externalCustomerComboBox-application-managepartners-display-component---NewPartner--assignmentsTable-0-vhi\"]"}
COMMAND: POST /session/b8d65177d5a87194928105dc462df4ae/element/f.A76E8B59E5586EBC4341E91D969E0FF6.d.D6CA3B70C935E9F4E45D841E6B531A8A.e.5453/click - {}
RESULT: {}
RESULT: undefined
COMMAND: POST /session/b8d65177d5a87194928105dc462df4ae/execute/async - {"script":"<script> [776 bytes]","args":[{"enterText":"300003","selector":{"controlType":"sap.m.SearchField","properties":{"placeholder":"Search"},"searchOpenDialogs":true,"interaction":{"idSuffix":"I"}},"clearTextFirst":true,"interactionType":"ENTER_TEXT"}]}
COMMAND: GET /session/b8d65177d5a87194928105dc462df4ae/screenshot - {}
RESULT: {"script":"<script> [776 bytes]","args":[{"enterText":"300003","selector":{"controlType":"sap.m.SearchField","properties":{"placeholder":"Search"},"searchOpenDialogs":true,"interaction":{"idSuffix":"I"}},"clearTextFirst":true,"interactionType":"ENTER_TEXT"}]}
COMMAND: POST /session/b8d65177d5a87194928105dc462df4ae/actions - {"actions":[{"id":"action16","type":"key","parameters":{},"actions":[{"type":"keyDown","value":"î€‡"},{"type":"pause","duration":10},{"type":"keyUp","value":"î€‡"}]}]}
RESULT: {}
RESULT: {"actions":[{"id":"action16","type":"key","parameters":{},"actions":[{"type":"keyDown","value":"î€‡"},{"type":"pause","duration":10},{"type":"keyUp","value":"î€‡"}]}]}
COMMAND: GET /session/b8d65177d5a87194928105dc462df4ae/screenshot - {}
RESULT: {}
COMMAND: POST /session/b8d65177d5a87194928105dc462df4ae/element - {"using":"xpath","value":"//span[contains(text(), \"300003\")]"}
RESULT: {"using":"xpath","value":"//span[contains(text(), \"300003\")]"}
COMMAND: POST /session/b8d65177d5a87194928105dc462df4ae/element/f.A76E8B59E5586EBC4341E91D969E0FF6.d.D6CA3B70C935E9F4E45D841E6B531A8A.e.5471/click - {}
RESULT: {}
COMMAND: GET /session/b8d65177d5a87194928105dc462df4ae/screenshot - {}
RESULT: {}
COMMAND: POST /session/b8d65177d5a87194928105dc462df4ae/element - {"using":"xpath","value":"//bdi[contains(text(), \"OK\")]"}
RESULT: {"using":"xpath","value":"//bdi[contains(text(), \"OK\")]"}
COMMAND: POST /session/b8d65177d5a87194928105dc462df4ae/element/f.A76E8B59E5586EBC4341E91D969E0FF6.d.D6CA3B70C935E9F4E45D841E6B531A8A.e.5473/click - {}
RESULT: {}
COMMAND: GET /session/b8d65177d5a87194928105dc462df4ae/screenshot - {}
RESULT: {}
COMMAND: POST /session/b8d65177d5a87194928105dc462df4ae/execute/async - {"script":"<script> [1562 bytes]","args":[{"selector":{"id":"application-managepartners-display-component---NewPartner--intercompVendorComboBox-application-managepartners-display-component---NewPartner--assignmentsTable-0-vhi"},"wdio_ui5_key":"applicationmanagepartners-display-component---NewPartner--intercompVendorComboBox-application-managepartners-display-component---NewPartner--assignmentsTable-0-vhi"}]}
RESULT: {"script":"<script> [1562 bytes]","args":[{"selector":{"id":"application-managepartners-display-component---NewPartner--intercompVendorComboBox-application-managepartners-display-component---NewPartner--assignmentsTable-0-vhi"},"wdio_ui5_key":"applicationmanagepartners-display-component---NewPartner--intercompVendorComboBox-application-managepartners-display-component---NewPartner--assignmentsTable-0-vhi"}]}
RESULT: undefined
COMMAND: POST /session/b8d65177d5a87194928105dc462df4ae/element - {"using":"xpath","value":"//*[@id=\"application-managepartners-display-component---NewPartner--intercompVendorComboBox-application-managepartners-display-component---NewPartner--assignmentsTable-0-vhi\"]"}
RESULT: {"using":"xpath","value":"//*[@id=\"application-managepartners-display-component---NewPartner--intercompVendorComboBox-application-managepartners-display-component---NewPartner--assignmentsTable-0-vhi\"]"}
COMMAND: POST /session/b8d65177d5a87194928105dc462df4ae/element/f.A76E8B59E5586EBC4341E91D969E0FF6.d.D6CA3B70C935E9F4E45D841E6B531A8A.e.5476/click - {}
RESULT: {}
RESULT: undefined
COMMAND: POST /session/b8d65177d5a87194928105dc462df4ae/execute/async - {"script":"<script> [776 bytes]","args":[{"enterText":"100005","selector":{"controlType":"sap.m.SearchField","properties":{"placeholder":"Search"},"searchOpenDialogs":true,"interaction":{"idSuffix":"I"}},"clearTextFirst":true,"interactionType":"ENTER_TEXT"}]}
COMMAND: GET /session/b8d65177d5a87194928105dc462df4ae/screenshot - {}
RESULT: {"script":"<script> [776 bytes]","args":[{"enterText":"100005","selector":{"controlType":"sap.m.SearchField","properties":{"placeholder":"Search"},"searchOpenDialogs":true,"interaction":{"idSuffix":"I"}},"clearTextFirst":true,"interactionType":"ENTER_TEXT"}]}
COMMAND: POST /session/b8d65177d5a87194928105dc462df4ae/actions - {"actions":[{"id":"action17","type":"key","parameters":{},"actions":[{"type":"keyDown","value":"î€‡"},{"type":"pause","duration":10},{"type":"keyUp","value":"î€‡"}]}]}
RESULT: {}
RESULT: {"actions":[{"id":"action17","type":"key","parameters":{},"actions":[{"type":"keyDown","value":"î€‡"},{"type":"pause","duration":10},{"type":"keyUp","value":"î€‡"}]}]}
COMMAND: GET /session/b8d65177d5a87194928105dc462df4ae/screenshot - {}
RESULT: {}
COMMAND: POST /session/b8d65177d5a87194928105dc462df4ae/element - {"using":"xpath","value":"//span[contains(text(), \"Penguins - Field/12345 Berlin\")]"}
RESULT: {"using":"xpath","value":"//span[contains(text(), \"Penguins - Field/12345 Berlin\")]"}
COMMAND: POST /session/b8d65177d5a87194928105dc462df4ae/element/f.A76E8B59E5586EBC4341E91D969E0FF6.d.D6CA3B70C935E9F4E45D841E6B531A8A.e.5495/click - {}
RESULT: {}
COMMAND: GET /session/b8d65177d5a87194928105dc462df4ae/screenshot - {}
RESULT: {}
COMMAND: POST /session/b8d65177d5a87194928105dc462df4ae/element - {"using":"xpath","value":"//bdi[contains(text(), \"OK\")]"}
RESULT: {"using":"xpath","value":"//bdi[contains(text(), \"OK\")]"}
COMMAND: POST /session/b8d65177d5a87194928105dc462df4ae/element/f.A76E8B59E5586EBC4341E91D969E0FF6.d.D6CA3B70C935E9F4E45D841E6B531A8A.e.5496/click - {}
RESULT: {}
COMMAND: GET /session/b8d65177d5a87194928105dc462df4ae/screenshot - {}
RESULT: {}
COMMAND: POST /session/b8d65177d5a87194928105dc462df4ae/element - {"using":"xpath","value":"//button[@data-kt=\"saveButton\"]"}
RESULT: {"using":"xpath","value":"//button[@data-kt=\"saveButton\"]"}
COMMAND: POST /session/b8d65177d5a87194928105dc462df4ae/element/f.A76E8B59E5586EBC4341E91D969E0FF6.d.D6CA3B70C935E9F4E45D841E6B531A8A.e.5339/click - {}
RESULT: {}
COMMAND: GET /session/b8d65177d5a87194928105dc462df4ae/screenshot - {}
RESULT: {}
COMMAND: POST /session/b8d65177d5a87194928105dc462df4ae/element - {"using":"xpath","value":"//header[contains(@id, 'ObjectPageLayout-headerTitle')]/div[1]/div[2]/div[2]/span[1]"}
RESULT: {"using":"xpath","value":"//header[contains(@id, 'ObjectPageLayout-headerTitle')]/div[1]/div[2]/div[2]/span[1]"}
COMMAND: POST /session/b8d65177d5a87194928105dc462df4ae/elements - {"using":"xpath","value":"//header[contains(@id, 'ObjectPageLayout-headerTitle')]/div[1]/div[2]/div[2]/span[1]"}
RESULT: {"using":"xpath","value":"//header[contains(@id, 'ObjectPageLayout-headerTitle')]/div[1]/div[2]/div[2]/span[1]"}
COMMAND: POST /session/b8d65177d5a87194928105dc462df4ae/execute/sync - {"script":"<script> [56 bytes]","args":[{"element-6066-11e4-a52e-4f735466cecf":"f.A76E8B59E5586EBC4341E91D969E0FF6.d.D6CA3B70C935E9F4E45D841E6B531A8A.e.5662","ELEMENT":"f.A76E8B59E5586EBC4341E91D969E0FF6.d.D6CA3B70C935E9F4E45D841E6B531A8A.e.5662"}]}
RESULT: {"script":"<script> [56 bytes]","args":[{"element-6066-11e4-a52e-4f735466cecf":"f.A76E8B59E5586EBC4341E91D969E0FF6.d.D6CA3B70C935E9F4E45D841E6B531A8A.e.5662","ELEMENT":"f.A76E8B59E5586EBC4341E91D969E0FF6.d.D6CA3B70C935E9F4E45D841E6B531A8A.e.5662"}]}
COMMAND: POST /session/b8d65177d5a87194928105dc462df4ae/element - {"using":"css selector","value":"#shell-header-logo"}
COMMAND: GET /session/b8d65177d5a87194928105dc462df4ae/screenshot - {}
RESULT: {"using":"css selector","value":"#shell-header-logo"}
COMMAND: POST /session/b8d65177d5a87194928105dc462df4ae/element/f.A76E8B59E5586EBC4341E91D969E0FF6.d.D6CA3B70C935E9F4E45D841E6B531A8A.e.4878/click - {}
RESULT: {}
RESULT: {}
COMMAND: GET /session/b8d65177d5a87194928105dc462df4ae/screenshot - {}
RESULT: {}
COMMAND: POST /session/b8d65177d5a87194928105dc462df4ae/execute/sync - {"script":"<script> [299 bytes]","args":[["getModel","getResource"]]}
RESULT: {"script":"<script> [299 bytes]","args":[["getModel","getResource"]]}
COMMAND: POST /session/b8d65177d5a87194928105dc462df4ae/execute/async - {"script":"<script> [1562 bytes]","args":[{"selector":{"controlType":"sap.m.GenericTile","properties":{"header":"Manage Sites"}},"wdio_ui5_key":"sapm.GenericTile{\"header\":\"Manage Sites\"}"}]}
COMMAND: GET /session/b8d65177d5a87194928105dc462df4ae/screenshot - {}
RESULT: {"script":"<script> [1562 bytes]","args":[{"selector":{"controlType":"sap.m.GenericTile","properties":{"header":"Manage Sites"}},"wdio_ui5_key":"sapm.GenericTile{\"header\":\"Manage Sites\"}"}]}
RESULT: undefined
COMMAND: POST /session/b8d65177d5a87194928105dc462df4ae/element - {"using":"xpath","value":"//*[@id=\"__tile32\"]"}
RESULT: {}
RESULT: {"using":"xpath","value":"//*[@id=\"__tile32\"]"}
COMMAND: POST /session/b8d65177d5a87194928105dc462df4ae/element/f.A76E8B59E5586EBC4341E91D969E0FF6.d.D6CA3B70C935E9F4E45D841E6B531A8A.e.4039/click - {}
RESULT: {}
COMMAND: GET /session/b8d65177d5a87194928105dc462df4ae/screenshot - {}
RESULT: {}
COMMAND: POST /session/b8d65177d5a87194928105dc462df4ae/elements - {"using":"xpath","value":"//span[text()='Error']"}
RESULT: {"using":"xpath","value":"//span[text()='Error']"}
COMMAND: POST /session/b8d65177d5a87194928105dc462df4ae/element - {"using":"xpath","value":"//button[@data-kt=\"addOverflowToolbarButton\"]"}
RESULT: {"using":"xpath","value":"//button[@data-kt=\"addOverflowToolbarButton\"]"}
COMMAND: POST /session/b8d65177d5a87194928105dc462df4ae/elements - {"using":"xpath","value":"//button[@data-kt=\"addOverflowToolbarButton\"]"}
RESULT: {"using":"xpath","value":"//button[@data-kt=\"addOverflowToolbarButton\"]"}
COMMAND: POST /session/b8d65177d5a87194928105dc462df4ae/execute/sync - {"script":"<script> [8489 bytes]","args":[{"element-6066-11e4-a52e-4f735466cecf":"f.A76E8B59E5586EBC4341E91D969E0FF6.d.D6CA3B70C935E9F4E45D841E6B531A8A.e.5701","ELEMENT":"f.A76E8B59E5586EBC4341E91D969E0FF6.d.D6CA3B70C935E9F4E45D841E6B531A8A.e.5701"}]}
RESULT: {"script":"<script> [8489 bytes]","args":[{"element-6066-11e4-a52e-4f735466cecf":"f.A76E8B59E5586EBC4341E91D969E0FF6.d.D6CA3B70C935E9F4E45D841E6B531A8A.e.5701","ELEMENT":"f.A76E8B59E5586EBC4341E91D969E0FF6.d.D6CA3B70C935E9F4E45D841E6B531A8A.e.5701"}]}
COMMAND: GET /session/b8d65177d5a87194928105dc462df4ae/element/f.A76E8B59E5586EBC4341E91D969E0FF6.d.D6CA3B70C935E9F4E45D841E6B531A8A.e.5701/enabled - {}
COMMAND: GET /session/b8d65177d5a87194928105dc462df4ae/screenshot - {}
RESULT: {}
COMMAND: POST /session/b8d65177d5a87194928105dc462df4ae/execute/sync - {"script":"<script> [8489 bytes]","args":[{"element-6066-11e4-a52e-4f735466cecf":"f.A76E8B59E5586EBC4341E91D969E0FF6.d.D6CA3B70C935E9F4E45D841E6B531A8A.e.5701","ELEMENT":"f.A76E8B59E5586EBC4341E91D969E0FF6.d.D6CA3B70C935E9F4E45D841E6B531A8A.e.5701"}]}
COMMAND: GET /session/b8d65177d5a87194928105dc462df4ae/screenshot - {}
RESULT: {}
RESULT: {"script":"<script> [8489 bytes]","args":[{"element-6066-11e4-a52e-4f735466cecf":"f.A76E8B59E5586EBC4341E91D969E0FF6.d.D6CA3B70C935E9F4E45D841E6B531A8A.e.5701","ELEMENT":"f.A76E8B59E5586EBC4341E91D969E0FF6.d.D6CA3B70C935E9F4E45D841E6B531A8A.e.5701"}]}
COMMAND: POST /session/b8d65177d5a87194928105dc462df4ae/execute/sync - {"script":"<script> [5351 bytes]","args":[{"element-6066-11e4-a52e-4f735466cecf":"f.A76E8B59E5586EBC4341E91D969E0FF6.d.D6CA3B70C935E9F4E45D841E6B531A8A.e.5701","ELEMENT":"f.A76E8B59E5586EBC4341E91D969E0FF6.d.D6CA3B70C935E9F4E45D841E6B531A8A.e.5701"}]}
COMMAND: GET /session/b8d65177d5a87194928105dc462df4ae/screenshot - {}
RESULT: {}
RESULT: {"script":"<script> [5351 bytes]","args":[{"element-6066-11e4-a52e-4f735466cecf":"f.A76E8B59E5586EBC4341E91D969E0FF6.d.D6CA3B70C935E9F4E45D841E6B531A8A.e.5701","ELEMENT":"f.A76E8B59E5586EBC4341E91D969E0FF6.d.D6CA3B70C935E9F4E45D841E6B531A8A.e.5701"}]}
COMMAND: POST /session/b8d65177d5a87194928105dc462df4ae/element/f.A76E8B59E5586EBC4341E91D969E0FF6.d.D6CA3B70C935E9F4E45D841E6B531A8A.e.5701/click - {}
COMMAND: GET /session/b8d65177d5a87194928105dc462df4ae/screenshot - {}
RESULT: {}
RESULT: {}
COMMAND: GET /session/b8d65177d5a87194928105dc462df4ae/screenshot - {}
RESULT: {}
RESULT: {}
COMMAND: POST /session/b8d65177d5a87194928105dc462df4ae/element - {"using":"xpath","value":"//input[@id=\"application-managesites-display-component---NewSite--siteId-inner\"]"}
RESULT: {"using":"xpath","value":"//input[@id=\"application-managesites-display-component---NewSite--siteId-inner\"]"}
COMMAND: POST /session/b8d65177d5a87194928105dc462df4ae/element - {"using":"xpath","value":"//input[@id=\"application-managesites-display-component---NewSite--siteId-inner\"]"}
RESULT: {"using":"xpath","value":"//input[@id=\"application-managesites-display-component---NewSite--siteId-inner\"]"}
COMMAND: POST /session/b8d65177d5a87194928105dc462df4ae/execute/async - {"script":"<script> [1562 bytes]","args":[{"selector":{"id":"application-managesites-display-component---NewSite--addressDetailDetailsName1","interaction":{"idSuffix":"inner"}},"wdio_ui5_key":"applicationmanagesites-display-component---NewSite--addressDetailDetailsName1"}]}
RESULT: {"script":"<script> [1562 bytes]","args":[{"selector":{"id":"application-managesites-display-component---NewSite--addressDetailDetailsName1","interaction":{"idSuffix":"inner"}},"wdio_ui5_key":"applicationmanagesites-display-component---NewSite--addressDetailDetailsName1"}]}
RESULT: undefined
COMMAND: POST /session/b8d65177d5a87194928105dc462df4ae/execute/async - {"script":"<script> [776 bytes]","args":[{"enterText":"Intercompany Site wdIO","selector":{"id":"application-managesites-display-component---NewSite--addressDetailDetailsName1","interaction":{"idSuffix":"inner"}},"clearTextFirst":true,"interactionType":"ENTER_TEXT"}]}
RESULT: {"script":"<script> [776 bytes]","args":[{"enterText":"Intercompany Site wdIO","selector":{"id":"application-managesites-display-component---NewSite--addressDetailDetailsName1","interaction":{"idSuffix":"inner"}},"clearTextFirst":true,"interactionType":"ENTER_TEXT"}]}
COMMAND: POST /session/b8d65177d5a87194928105dc462df4ae/execute/async - {"script":"<script> [1562 bytes]","args":[{"selector":{"id":"application-managesites-display-component---NewSite--addressDetailDetailsLanguage-arrow"},"wdio_ui5_key":"applicationmanagesites-display-component---NewSite--addressDetailDetailsLanguage-arrow"}]}
RESULT: {"script":"<script> [1562 bytes]","args":[{"selector":{"id":"application-managesites-display-component---NewSite--addressDetailDetailsLanguage-arrow"},"wdio_ui5_key":"applicationmanagesites-display-component---NewSite--addressDetailDetailsLanguage-arrow"}]}
RESULT: undefined
COMMAND: POST /session/b8d65177d5a87194928105dc462df4ae/element - {"using":"xpath","value":"//*[@id=\"application-managesites-display-component---NewSite--addressDetailDetailsLanguage-arrow\"]"}
RESULT: {"using":"xpath","value":"//*[@id=\"application-managesites-display-component---NewSite--addressDetailDetailsLanguage-arrow\"]"}
COMMAND: POST /session/b8d65177d5a87194928105dc462df4ae/element/f.A76E8B59E5586EBC4341E91D969E0FF6.d.D6CA3B70C935E9F4E45D841E6B531A8A.e.6332/click - {}
RESULT: {}
COMMAND: POST /session/b8d65177d5a87194928105dc462df4ae/element - {"using":"xpath","value":"//span[contains(text(), \"English\")]"}
COMMAND: GET /session/b8d65177d5a87194928105dc462df4ae/screenshot - {}
RESULT: {"using":"xpath","value":"//span[contains(text(), \"English\")]"}
COMMAND: POST /session/b8d65177d5a87194928105dc462df4ae/element/f.A76E8B59E5586EBC4341E91D969E0FF6.d.D6CA3B70C935E9F4E45D841E6B531A8A.e.6333/click - {}
RESULT: {}
RESULT: {}
COMMAND: POST /session/b8d65177d5a87194928105dc462df4ae/execute/async - {"script":"<script> [1562 bytes]","args":[{"selector":{"id":"application-managesites-display-component---NewSite--addressDetailDetailsCity1","interaction":{"idSuffix":"inner"}},"wdio_ui5_key":"applicationmanagesites-display-component---NewSite--addressDetailDetailsCity1"}]}
COMMAND: GET /session/b8d65177d5a87194928105dc462df4ae/screenshot - {}
RESULT: {"script":"<script> [1562 bytes]","args":[{"selector":{"id":"application-managesites-display-component---NewSite--addressDetailDetailsCity1","interaction":{"idSuffix":"inner"}},"wdio_ui5_key":"applicationmanagesites-display-component---NewSite--addressDetailDetailsCity1"}]}
RESULT: undefined
COMMAND: POST /session/b8d65177d5a87194928105dc462df4ae/execute/async - {"script":"<script> [776 bytes]","args":[{"enterText":"Rosario","selector":{"id":"application-managesites-display-component---NewSite--addressDetailDetailsCity1","interaction":{"idSuffix":"inner"}},"clearTextFirst":true,"interactionType":"ENTER_TEXT"}]}
RESULT: {}
RESULT: {"script":"<script> [776 bytes]","args":[{"enterText":"Rosario","selector":{"id":"application-managesites-display-component---NewSite--addressDetailDetailsCity1","interaction":{"idSuffix":"inner"}},"clearTextFirst":true,"interactionType":"ENTER_TEXT"}]}
COMMAND: POST /session/b8d65177d5a87194928105dc462df4ae/execute/async - {"script":"<script> [1562 bytes]","args":[{"selector":{"id":"application-managesites-display-component---NewSite--addressDetailDetailsCountry-arrow"},"wdio_ui5_key":"applicationmanagesites-display-component---NewSite--addressDetailDetailsCountry-arrow"}]}
RESULT: {"script":"<script> [1562 bytes]","args":[{"selector":{"id":"application-managesites-display-component---NewSite--addressDetailDetailsCountry-arrow"},"wdio_ui5_key":"applicationmanagesites-display-component---NewSite--addressDetailDetailsCountry-arrow"}]}
RESULT: undefined
COMMAND: POST /session/b8d65177d5a87194928105dc462df4ae/element - {"using":"xpath","value":"//*[@id=\"application-managesites-display-component---NewSite--addressDetailDetailsCountry-arrow\"]"}
RESULT: {"using":"xpath","value":"//*[@id=\"application-managesites-display-component---NewSite--addressDetailDetailsCountry-arrow\"]"}
COMMAND: POST /session/b8d65177d5a87194928105dc462df4ae/element/f.A76E8B59E5586EBC4341E91D969E0FF6.d.D6CA3B70C935E9F4E45D841E6B531A8A.e.6335/click - {}
RESULT: {}
COMMAND: POST /session/b8d65177d5a87194928105dc462df4ae/element - {"using":"xpath","value":"//span[contains(text(), \"Argentina\")]"}
COMMAND: GET /session/b8d65177d5a87194928105dc462df4ae/screenshot - {}
RESULT: {"using":"xpath","value":"//span[contains(text(), \"Argentina\")]"}
COMMAND: POST /session/b8d65177d5a87194928105dc462df4ae/element/f.A76E8B59E5586EBC4341E91D969E0FF6.d.D6CA3B70C935E9F4E45D841E6B531A8A.e.6336/click - {}
RESULT: {}
RESULT: {}
COMMAND: GET /session/b8d65177d5a87194928105dc462df4ae/screenshot - {}
RESULT: {}
COMMAND: POST /session/b8d65177d5a87194928105dc462df4ae/execute/async - {"script":"<script> [1562 bytes]","args":[{"selector":{"id":"application-managesites-display-component---NewSite--addressEditDetailsCostObjectCstType-arrow"},"wdio_ui5_key":"applicationmanagesites-display-component---NewSite--addressEditDetailsCostObjectCstType-arrow"}]}
RESULT: {"script":"<script> [1562 bytes]","args":[{"selector":{"id":"application-managesites-display-component---NewSite--addressEditDetailsCostObjectCstType-arrow"},"wdio_ui5_key":"applicationmanagesites-display-component---NewSite--addressEditDetailsCostObjectCstType-arrow"}]}
RESULT: undefined
COMMAND: POST /session/b8d65177d5a87194928105dc462df4ae/element - {"using":"xpath","value":"//*[@id=\"application-managesites-display-component---NewSite--addressEditDetailsCostObjectCstType-arrow\"]"}
RESULT: {"using":"xpath","value":"//*[@id=\"application-managesites-display-component---NewSite--addressEditDetailsCostObjectCstType-arrow\"]"}
COMMAND: POST /session/b8d65177d5a87194928105dc462df4ae/element/f.A76E8B59E5586EBC4341E91D969E0FF6.d.D6CA3B70C935E9F4E45D841E6B531A8A.e.6338/click - {}
RESULT: {}
COMMAND: POST /session/b8d65177d5a87194928105dc462df4ae/element - {"using":"xpath","value":"//span[contains(text(), \"Cost Center\")]"}
COMMAND: GET /session/b8d65177d5a87194928105dc462df4ae/screenshot - {}
RESULT: {"using":"xpath","value":"//span[contains(text(), \"Cost Center\")]"}
COMMAND: POST /session/b8d65177d5a87194928105dc462df4ae/element/f.A76E8B59E5586EBC4341E91D969E0FF6.d.D6CA3B70C935E9F4E45D841E6B531A8A.e.6339/click - {}
RESULT: {}
RESULT: {}
COMMAND: GET /session/b8d65177d5a87194928105dc462df4ae/screenshot - {}
RESULT: {}
COMMAND: POST /session/b8d65177d5a87194928105dc462df4ae/element - {"using":"xpath","value":"//span[@id=\"application-managesites-display-component---NewSite--addressNewCostObjectCstID-vhi\"]"}
RESULT: {"using":"xpath","value":"//span[@id=\"application-managesites-display-component---NewSite--addressNewCostObjectCstID-vhi\"]"}
COMMAND: POST /session/b8d65177d5a87194928105dc462df4ae/execute/sync - {"script":"<script> [8489 bytes]","args":[{"element-6066-11e4-a52e-4f735466cecf":"f.A76E8B59E5586EBC4341E91D969E0FF6.d.D6CA3B70C935E9F4E45D841E6B531A8A.e.6344","ELEMENT":"f.A76E8B59E5586EBC4341E91D969E0FF6.d.D6CA3B70C935E9F4E45D841E6B531A8A.e.6344"}]}
RESULT: {"script":"<script> [8489 bytes]","args":[{"element-6066-11e4-a52e-4f735466cecf":"f.A76E8B59E5586EBC4341E91D969E0FF6.d.D6CA3B70C935E9F4E45D841E6B531A8A.e.6344","ELEMENT":"f.A76E8B59E5586EBC4341E91D969E0FF6.d.D6CA3B70C935E9F4E45D841E6B531A8A.e.6344"}]}
COMMAND: POST /session/b8d65177d5a87194928105dc462df4ae/execute/async - {"script":"<script> [1562 bytes]","args":[{"selector":{"id":"application-managesites-display-component---NewSite--addressNewCostObjectCstID-vhi"},"wdio_ui5_key":"applicationmanagesites-display-component---NewSite--addressNewCostObjectCstID-vhi"}]}
COMMAND: GET /session/b8d65177d5a87194928105dc462df4ae/screenshot - {}
RESULT: {"script":"<script> [1562 bytes]","args":[{"selector":{"id":"application-managesites-display-component---NewSite--addressNewCostObjectCstID-vhi"},"wdio_ui5_key":"applicationmanagesites-display-component---NewSite--addressNewCostObjectCstID-vhi"}]}
RESULT: undefined
COMMAND: POST /session/b8d65177d5a87194928105dc462df4ae/element - {"using":"xpath","value":"//*[@id=\"application-managesites-display-component---NewSite--addressNewCostObjectCstID-vhi\"]"}
RESULT: {}
RESULT: {"using":"xpath","value":"//*[@id=\"application-managesites-display-component---NewSite--addressNewCostObjectCstID-vhi\"]"}
COMMAND: POST /session/b8d65177d5a87194928105dc462df4ae/element/f.A76E8B59E5586EBC4341E91D969E0FF6.d.D6CA3B70C935E9F4E45D841E6B531A8A.e.6344/click - {}
RESULT: {}
COMMAND: GET /session/b8d65177d5a87194928105dc462df4ae/screenshot - {}
RESULT: {}
RESULT: undefined
COMMAND: POST /session/b8d65177d5a87194928105dc462df4ae/execute/async - {"script":"<script> [776 bytes]","args":[{"enterText":"10001013","selector":{"controlType":"sap.m.SearchField","properties":{"placeholder":"Search"},"searchOpenDialogs":true,"interaction":{"idSuffix":"I"}},"clearTextFirst":true,"interactionType":"ENTER_TEXT"}]}
RESULT: {"script":"<script> [776 bytes]","args":[{"enterText":"10001013","selector":{"controlType":"sap.m.SearchField","properties":{"placeholder":"Search"},"searchOpenDialogs":true,"interaction":{"idSuffix":"I"}},"clearTextFirst":true,"interactionType":"ENTER_TEXT"}]}
COMMAND: POST /session/b8d65177d5a87194928105dc462df4ae/actions - {"actions":[{"id":"action18","type":"key","parameters":{},"actions":[{"type":"keyDown","value":"î€‡"},{"type":"pause","duration":10},{"type":"keyUp","value":"î€‡"}]}]}
RESULT: {"actions":[{"id":"action18","type":"key","parameters":{},"actions":[{"type":"keyDown","value":"î€‡"},{"type":"pause","duration":10},{"type":"keyUp","value":"î€‡"}]}]}
COMMAND: GET /session/b8d65177d5a87194928105dc462df4ae/screenshot - {}
RESULT: {}
COMMAND: POST /session/b8d65177d5a87194928105dc462df4ae/element - {"using":"xpath","value":"//span[contains(text(), \"General Management\")]"}
RESULT: {"using":"xpath","value":"//span[contains(text(), \"General Management\")]"}
COMMAND: POST /session/b8d65177d5a87194928105dc462df4ae/element/f.A76E8B59E5586EBC4341E91D969E0FF6.d.D6CA3B70C935E9F4E45D841E6B531A8A.e.6383/click - {}
RESULT: {}
COMMAND: GET /session/b8d65177d5a87194928105dc462df4ae/screenshot - {}
RESULT: {}
COMMAND: POST /session/b8d65177d5a87194928105dc462df4ae/element - {"using":"xpath","value":"//bdi[contains(text(), \"OK\")]"}
RESULT: {"using":"xpath","value":"//bdi[contains(text(), \"OK\")]"}
COMMAND: POST /session/b8d65177d5a87194928105dc462df4ae/element/f.A76E8B59E5586EBC4341E91D969E0FF6.d.D6CA3B70C935E9F4E45D841E6B531A8A.e.6384/click - {}
RESULT: {}
COMMAND: GET /session/b8d65177d5a87194928105dc462df4ae/screenshot - {}
RESULT: {}
COMMAND: POST /session/b8d65177d5a87194928105dc462df4ae/element - {"using":"xpath","value":"//input[@id=\"application-managesites-display-component---NewSite--addressDetailDetailsCalendar-inner\"]"}
RESULT: {"using":"xpath","value":"//input[@id=\"application-managesites-display-component---NewSite--addressDetailDetailsCalendar-inner\"]"}
COMMAND: POST /session/b8d65177d5a87194928105dc462df4ae/element/f.A76E8B59E5586EBC4341E91D969E0FF6.d.D6CA3B70C935E9F4E45D841E6B531A8A.e.6128/clear - {}
RESULT: {}
COMMAND: POST /session/b8d65177d5a87194928105dc462df4ae/element/f.A76E8B59E5586EBC4341E91D969E0FF6.d.D6CA3B70C935E9F4E45D841E6B531A8A.e.6128/value - {"text":"Unit"}
COMMAND: GET /session/b8d65177d5a87194928105dc462df4ae/screenshot - {}
RESULT: {"text":"Unit"}
COMMAND: GET /session/b8d65177d5a87194928105dc462df4ae/screenshot - {}
RESULT: {}
RESULT: {}
COMMAND: POST /session/b8d65177d5a87194928105dc462df4ae/actions - {"actions":[{"id":"action19","type":"key","parameters":{},"actions":[{"type":"keyDown","value":"î€‡"},{"type":"pause","duration":10},{"type":"keyUp","value":"î€‡"}]}]}
RESULT: {"actions":[{"id":"action19","type":"key","parameters":{},"actions":[{"type":"keyDown","value":"î€‡"},{"type":"pause","duration":10},{"type":"keyUp","value":"î€‡"}]}]}
COMMAND: POST /session/b8d65177d5a87194928105dc462df4ae/element - {"using":"xpath","value":"//input[@id=\"application-managesites-display-component---NewSite--addressDetailDetailsYard-inner\"]"}
COMMAND: GET /session/b8d65177d5a87194928105dc462df4ae/screenshot - {}
RESULT: {"using":"xpath","value":"//input[@id=\"application-managesites-display-component---NewSite--addressDetailDetailsYard-inner\"]"}
COMMAND: POST /session/b8d65177d5a87194928105dc462df4ae/element/f.A76E8B59E5586EBC4341E91D969E0FF6.d.D6CA3B70C935E9F4E45D841E6B531A8A.e.6129/clear - {}
RESULT: {}
RESULT: {}
COMMAND: POST /session/b8d65177d5a87194928105dc462df4ae/element/f.A76E8B59E5586EBC4341E91D969E0FF6.d.D6CA3B70C935E9F4E45D841E6B531A8A.e.6129/value - {"text":"630"}
COMMAND: GET /session/b8d65177d5a87194928105dc462df4ae/screenshot - {}
RESULT: {"text":"630"}
COMMAND: GET /session/b8d65177d5a87194928105dc462df4ae/screenshot - {}
RESULT: {}
RESULT: {}
COMMAND: POST /session/b8d65177d5a87194928105dc462df4ae/element - {"using":"xpath","value":"//li[.//span[text()='630']]"}
RESULT: {"using":"xpath","value":"//li[.//span[text()='630']]"}
COMMAND: POST /session/b8d65177d5a87194928105dc462df4ae/element/f.A76E8B59E5586EBC4341E91D969E0FF6.d.D6CA3B70C935E9F4E45D841E6B531A8A.e.6392/click - {}
RESULT: {}
COMMAND: GET /session/b8d65177d5a87194928105dc462df4ae/screenshot - {}
RESULT: {}
COMMAND: POST /session/b8d65177d5a87194928105dc462df4ae/element - {"using":"xpath","value":"//input[@id=\"application-managesites-display-component---NewSite--addressDetailDetailsPartner-inner\"]"}
RESULT: {"using":"xpath","value":"//input[@id=\"application-managesites-display-component---NewSite--addressDetailDetailsPartner-inner\"]"}
COMMAND: POST /session/b8d65177d5a87194928105dc462df4ae/element - {"using":"xpath","value":"//input[@id=\"application-managesites-display-component---NewSite--addressDetailDetailsPartner-inner\"]"}
RESULT: {"using":"xpath","value":"//input[@id=\"application-managesites-display-component---NewSite--addressDetailDetailsPartner-inner\"]"}
COMMAND: POST /session/b8d65177d5a87194928105dc462df4ae/element - {"using":"xpath","value":"//button[@data-kt=\"saveButton\"]"}
RESULT: {"using":"xpath","value":"//button[@data-kt=\"saveButton\"]"}
COMMAND: POST /session/b8d65177d5a87194928105dc462df4ae/element/f.A76E8B59E5586EBC4341E91D969E0FF6.d.D6CA3B70C935E9F4E45D841E6B531A8A.e.6317/click - {}
RESULT: {}
COMMAND: GET /session/b8d65177d5a87194928105dc462df4ae/screenshot - {}
RESULT: {}
COMMAND: POST /session/b8d65177d5a87194928105dc462df4ae/element - {"using":"xpath","value":"//header[contains(@id, 'ObjectPageLayout-headerTitle')]/div[1]/div[2]/div[2]/span[1]"}
RESULT: {"using":"xpath","value":"//header[contains(@id, 'ObjectPageLayout-headerTitle')]/div[1]/div[2]/div[2]/span[1]"}
COMMAND: POST /session/b8d65177d5a87194928105dc462df4ae/elements - {"using":"xpath","value":"//header[contains(@id, 'ObjectPageLayout-headerTitle')]/div[1]/div[2]/div[2]/span[1]"}
RESULT: {"using":"xpath","value":"//header[contains(@id, 'ObjectPageLayout-headerTitle')]/div[1]/div[2]/div[2]/span[1]"}
COMMAND: POST /session/b8d65177d5a87194928105dc462df4ae/execute/sync - {"script":"<script> [56 bytes]","args":[{"element-6066-11e4-a52e-4f735466cecf":"f.A76E8B59E5586EBC4341E91D969E0FF6.d.D6CA3B70C935E9F4E45D841E6B531A8A.e.6597","ELEMENT":"f.A76E8B59E5586EBC4341E91D969E0FF6.d.D6CA3B70C935E9F4E45D841E6B531A8A.e.6597"}]}
RESULT: {"script":"<script> [56 bytes]","args":[{"element-6066-11e4-a52e-4f735466cecf":"f.A76E8B59E5586EBC4341E91D969E0FF6.d.D6CA3B70C935E9F4E45D841E6B531A8A.e.6597","ELEMENT":"f.A76E8B59E5586EBC4341E91D969E0FF6.d.D6CA3B70C935E9F4E45D841E6B531A8A.e.6597"}]}
COMMAND: POST /session/b8d65177d5a87194928105dc462df4ae/element - {"using":"css selector","value":"#shell-header-logo"}
COMMAND: GET /session/b8d65177d5a87194928105dc462df4ae/screenshot - {}
RESULT: {"using":"css selector","value":"#shell-header-logo"}
COMMAND: POST /session/b8d65177d5a87194928105dc462df4ae/element/f.A76E8B59E5586EBC4341E91D969E0FF6.d.D6CA3B70C935E9F4E45D841E6B531A8A.e.5667/click - {}
RESULT: {}
RESULT: {}
COMMAND: GET /session/b8d65177d5a87194928105dc462df4ae/screenshot - {}
RESULT: {}
COMMAND: POST /session/b8d65177d5a87194928105dc462df4ae/execute/sync - {"script":"<script> [299 bytes]","args":[["getModel","getResource"]]}
RESULT: {"script":"<script> [299 bytes]","args":[["getModel","getResource"]]}
]]></system-out>
    </testcase>
  </testsuite>
</testsuites>