<?xml version="1.0" encoding="UTF-8"?>
<testsuites tests="13" failures="0" errors="0" skipped="0">
  <testsuite timestamp="2025-04-22T15:22:23" time="68.09" tests="2" failures="0" errors="0" skipped="0">
    <properties>
      <property name="specId" value="0"/>
      <property name="suiteName" value="Assign the user test user id to an address"/>
      <property name="capabilities" value="chrome.135_0_7049_42.windows"/>
      <property name="file" value="file:///D:/a/1/s/test/specs/R2C/assign-user-id-to-an-address.spec.js"/>
    </properties>
    <testcase classname="chrome.135_0_7049_42.windows.Assign_the_user_test_user_id_to_an_address" name="Should search for test1ETM create only if not present" time="30.057">
      <system-out><![CDATA[
COMMAND: POST /session/a9b4e6b29d0180ba254fca33fbca36af/execute/async - {"script":"<script> [1562 bytes]","args":[{"selector":{"id":"application-addressmanagement-display-component---masterAdm--smartFilterBar-filterItemControl_BASIC-NAME-vhi"},"wdio_ui5_key":"applicationaddressmanagement-display-component---masterAdm--smartFilterBar-filterItemControl_BASIC-NAME-vhi"}]}
RESULT: {"script":"<script> [1562 bytes]","args":[{"selector":{"id":"application-addressmanagement-display-component---masterAdm--smartFilterBar-filterItemControl_BASIC-NAME-vhi"},"wdio_ui5_key":"applicationaddressmanagement-display-component---masterAdm--smartFilterBar-filterItemControl_BASIC-NAME-vhi"}]}
RESULT: undefined
COMMAND: POST /session/a9b4e6b29d0180ba254fca33fbca36af/element - {"using":"xpath","value":"//*[@id=\"application-addressmanagement-display-component---masterAdm--smartFilterBar-filterItemControl_BASIC-NAME-vhi\"]"}
RESULT: {"using":"xpath","value":"//*[@id=\"application-addressmanagement-display-component---masterAdm--smartFilterBar-filterItemControl_BASIC-NAME-vhi\"]"}
COMMAND: POST /session/a9b4e6b29d0180ba254fca33fbca36af/element/f.7C9A75291D3E7FF457A20D966EE470C5.d.D90A1E151EAEC7F32FBA501F9708D2B9.e.290/click - {}
RESULT: {}
COMMAND: POST /session/a9b4e6b29d0180ba254fca33fbca36af/execute/async - {"script":"<script> [1562 bytes]","args":[{"selector":{"controlType":"sap.m.Input","viewName":"etm.portal.ui.addressmanagement.view.Master","viewId":"application-addressmanagement-display-component---masterAdm","properties":{"valueState":"None"},"searchOpenDialogs":true,"interaction":{"idSuffix":"inner"}},"wdio_ui5_key":"etmportal.ui.addressmanagement.view.Mastersap.m.Input{\"valueState\":\"None\"}"}]}
COMMAND: GET /session/a9b4e6b29d0180ba254fca33fbca36af/screenshot - {}
RESULT: {"script":"<script> [1562 bytes]","args":[{"selector":{"controlType":"sap.m.Input","viewName":"etm.portal.ui.addressmanagement.view.Master","viewId":"application-addressmanagement-display-component---masterAdm","properties":{"valueState":"None"},"searchOpenDialogs":true,"interaction":{"idSuffix":"inner"}},"wdio_ui5_key":"etmportal.ui.addressmanagement.view.Mastersap.m.Input{\"valueState\":\"None\"}"}]}
RESULT: undefined
COMMAND: POST /session/a9b4e6b29d0180ba254fca33fbca36af/execute/async - {"script":"<script> [776 bytes]","args":[{"enterText":"Test1ETM","selector":{"controlType":"sap.m.Input","viewName":"etm.portal.ui.addressmanagement.view.Master","viewId":"application-addressmanagement-display-component---masterAdm","properties":{"valueState":"None"},"searchOpenDialogs":true,"interaction":{"idSuffix":"inner"}},"clearTextFirst":true,"interactionType":"ENTER_TEXT"}]}
RESULT: {}
RESULT: {"script":"<script> [776 bytes]","args":[{"enterText":"Test1ETM","selector":{"controlType":"sap.m.Input","viewName":"etm.portal.ui.addressmanagement.view.Master","viewId":"application-addressmanagement-display-component---masterAdm","properties":{"valueState":"None"},"searchOpenDialogs":true,"interaction":{"idSuffix":"inner"}},"clearTextFirst":true,"interactionType":"ENTER_TEXT"}]}
COMMAND: POST /session/a9b4e6b29d0180ba254fca33fbca36af/actions - {"actions":[{"id":"action1","type":"key","parameters":{},"actions":[{"type":"keyDown","value":""},{"type":"pause","duration":10},{"type":"keyUp","value":""}]}]}
RESULT: {"actions":[{"id":"action1","type":"key","parameters":{},"actions":[{"type":"keyDown","value":""},{"type":"pause","duration":10},{"type":"keyUp","value":""}]}]}
COMMAND: POST /session/a9b4e6b29d0180ba254fca33fbca36af/execute/async - {"script":"<script> [1562 bytes]","args":[{"selector":{"id":"application-addressmanagement-display-component---masterAdm--smartFilterBar-filterItemControl_BASIC-NAME-valueHelpDialog-ok","searchOpenDialogs":true,"interaction":{"idSuffix":"BDI-content"}},"wdio_ui5_key":"applicationaddressmanagement-display-component---masterAdm--smartFilterBar-filterItemControl_BASIC-NAME-valueHelpDialog-ok"}]}
COMMAND: GET /session/a9b4e6b29d0180ba254fca33fbca36af/screenshot - {}
RESULT: {"script":"<script> [1562 bytes]","args":[{"selector":{"id":"application-addressmanagement-display-component---masterAdm--smartFilterBar-filterItemControl_BASIC-NAME-valueHelpDialog-ok","searchOpenDialogs":true,"interaction":{"idSuffix":"BDI-content"}},"wdio_ui5_key":"applicationaddressmanagement-display-component---masterAdm--smartFilterBar-filterItemControl_BASIC-NAME-valueHelpDialog-ok"}]}
RESULT: undefined
COMMAND: POST /session/a9b4e6b29d0180ba254fca33fbca36af/element - {"using":"xpath","value":"//*[@id=\"application-addressmanagement-display-component---masterAdm--smartFilterBar-filterItemControl_BASIC-NAME-valueHelpDialog-ok\"]"}
RESULT: {}
RESULT: {"using":"xpath","value":"//*[@id=\"application-addressmanagement-display-component---masterAdm--smartFilterBar-filterItemControl_BASIC-NAME-valueHelpDialog-ok\"]"}
COMMAND: POST /session/a9b4e6b29d0180ba254fca33fbca36af/element/f.7C9A75291D3E7FF457A20D966EE470C5.d.D90A1E151EAEC7F32FBA501F9708D2B9.e.299/click - {}
RESULT: {}
COMMAND: GET /session/a9b4e6b29d0180ba254fca33fbca36af/screenshot - {}
RESULT: {}
COMMAND: POST /session/a9b4e6b29d0180ba254fca33fbca36af/element - {"using":"xpath","value":"(//span[text()=\"Active\"])[1]"}
RESULT: {"using":"xpath","value":"(//span[text()=\"Active\"])[1]"}
COMMAND: POST /session/a9b4e6b29d0180ba254fca33fbca36af/elements - {"using":"xpath","value":"(//span[text()=\"Active\"])[1]"}
RESULT: {"using":"xpath","value":"(//span[text()=\"Active\"])[1]"}
COMMAND: POST /session/a9b4e6b29d0180ba254fca33fbca36af/execute/sync - {"script":"<script> [8489 bytes]","args":[{"element-6066-11e4-a52e-4f735466cecf":"f.7C9A75291D3E7FF457A20D966EE470C5.d.D90A1E151EAEC7F32FBA501F9708D2B9.e.313","ELEMENT":"f.7C9A75291D3E7FF457A20D966EE470C5.d.D90A1E151EAEC7F32FBA501F9708D2B9.e.313"}]}
RESULT: {"script":"<script> [8489 bytes]","args":[{"element-6066-11e4-a52e-4f735466cecf":"f.7C9A75291D3E7FF457A20D966EE470C5.d.D90A1E151EAEC7F32FBA501F9708D2B9.e.313","ELEMENT":"f.7C9A75291D3E7FF457A20D966EE470C5.d.D90A1E151EAEC7F32FBA501F9708D2B9.e.313"}]}
COMMAND: POST /session/a9b4e6b29d0180ba254fca33fbca36af/execute/sync - {"script":"<script> [5351 bytes]","args":[{"element-6066-11e4-a52e-4f735466cecf":"f.7C9A75291D3E7FF457A20D966EE470C5.d.D90A1E151EAEC7F32FBA501F9708D2B9.e.313","ELEMENT":"f.7C9A75291D3E7FF457A20D966EE470C5.d.D90A1E151EAEC7F32FBA501F9708D2B9.e.313"}]}
COMMAND: GET /session/a9b4e6b29d0180ba254fca33fbca36af/screenshot - {}
RESULT: {"script":"<script> [5351 bytes]","args":[{"element-6066-11e4-a52e-4f735466cecf":"f.7C9A75291D3E7FF457A20D966EE470C5.d.D90A1E151EAEC7F32FBA501F9708D2B9.e.313","ELEMENT":"f.7C9A75291D3E7FF457A20D966EE470C5.d.D90A1E151EAEC7F32FBA501F9708D2B9.e.313"}]}
COMMAND: POST /session/a9b4e6b29d0180ba254fca33fbca36af/element/f.7C9A75291D3E7FF457A20D966EE470C5.d.D90A1E151EAEC7F32FBA501F9708D2B9.e.313/click - {}
COMMAND: GET /session/a9b4e6b29d0180ba254fca33fbca36af/screenshot - {}
RESULT: {}
RESULT: {}
COMMAND: POST /session/a9b4e6b29d0180ba254fca33fbca36af/element - {"using":"xpath","value":"//span[@id=\"application-addressmanagement-display-component---detailAdm--addressDetailDetailsName1\"]"}
COMMAND: GET /session/a9b4e6b29d0180ba254fca33fbca36af/screenshot - {}
RESULT: {}
RESULT: {"using":"xpath","value":"//span[@id=\"application-addressmanagement-display-component---detailAdm--addressDetailDetailsName1\"]"}
COMMAND: POST /session/a9b4e6b29d0180ba254fca33fbca36af/execute/sync - {"script":"<script> [8489 bytes]","args":[{"element-6066-11e4-a52e-4f735466cecf":"f.7C9A75291D3E7FF457A20D966EE470C5.d.D90A1E151EAEC7F32FBA501F9708D2B9.e.394","ELEMENT":"f.7C9A75291D3E7FF457A20D966EE470C5.d.D90A1E151EAEC7F32FBA501F9708D2B9.e.394"}]}
RESULT: {}
RESULT: {"script":"<script> [8489 bytes]","args":[{"element-6066-11e4-a52e-4f735466cecf":"f.7C9A75291D3E7FF457A20D966EE470C5.d.D90A1E151EAEC7F32FBA501F9708D2B9.e.394","ELEMENT":"f.7C9A75291D3E7FF457A20D966EE470C5.d.D90A1E151EAEC7F32FBA501F9708D2B9.e.394"}]}
COMMAND: GET /session/a9b4e6b29d0180ba254fca33fbca36af/screenshot - {}
]]></system-out>
    </testcase>
    <testcase classname="chrome.135_0_7049_42.windows.Assign_the_user_test_user_id_to_an_address" name="Should edit the title of the created found address" time="10.751">
      <system-out><![CDATA[
COMMAND: POST /session/a9b4e6b29d0180ba254fca33fbca36af/execute/async - {"script":"<script> [1562 bytes]","args":[{"selector":{"controlType":"sap.m.Button","viewName":"etm.portal.ui.addressmanagement.view.Detail","viewId":"application-addressmanagement-display-component---detailAdm","i18NText":{"propertyName":"text","key":"edit"}},"wdio_ui5_key":"etmportal.ui.addressmanagement.view.Detailsap.m.Button{\"propertyName\":\"text\",\"key\":\"edit\"}"}]}
RESULT: {}
RESULT: {"script":"<script> [1562 bytes]","args":[{"selector":{"controlType":"sap.m.Button","viewName":"etm.portal.ui.addressmanagement.view.Detail","viewId":"application-addressmanagement-display-component---detailAdm","i18NText":{"propertyName":"text","key":"edit"}},"wdio_ui5_key":"etmportal.ui.addressmanagement.view.Detailsap.m.Button{\"propertyName\":\"text\",\"key\":\"edit\"}"}]}
RESULT: undefined
COMMAND: POST /session/a9b4e6b29d0180ba254fca33fbca36af/element - {"using":"xpath","value":"//*[@id=\"__button16\"]"}
RESULT: {"using":"xpath","value":"//*[@id=\"__button16\"]"}
COMMAND: POST /session/a9b4e6b29d0180ba254fca33fbca36af/element/f.7C9A75291D3E7FF457A20D966EE470C5.d.D90A1E151EAEC7F32FBA501F9708D2B9.e.400/click - {}
RESULT: {}
COMMAND: POST /session/a9b4e6b29d0180ba254fca33fbca36af/execute/async - {"script":"<script> [1562 bytes]","args":[{"selector":{"controlType":"sap.ui.core.Icon","viewName":"etm.portal.ui.addressmanagement.view.EditDetail","properties":{"src":{"regex":{"source":"slim\\-arrow\\-down"}}},"ancestor":{"id":"addressTitle","viewName":"etm.portal.ui.addressmanagement.view.EditDetail"}},"wdio_ui5_key":"etmportal.ui.addressmanagement.view.EditDetailsap.ui.core.Icon{\"src\":{\"regex\":{\"source\":\"slim\\\\-arrow\\\\-down\"}}}{\"id\":\"addressTitle\",\"viewName\":\"etm.portal.ui.addressmanagement.view.EditDetail\"}"}]}
COMMAND: GET /session/a9b4e6b29d0180ba254fca33fbca36af/screenshot - {}
RESULT: {"script":"<script> [1562 bytes]","args":[{"selector":{"controlType":"sap.ui.core.Icon","viewName":"etm.portal.ui.addressmanagement.view.EditDetail","properties":{"src":{"regex":{"source":"slim\\-arrow\\-down"}}},"ancestor":{"id":"addressTitle","viewName":"etm.portal.ui.addressmanagement.view.EditDetail"}},"wdio_ui5_key":"etmportal.ui.addressmanagement.view.EditDetailsap.ui.core.Icon{\"src\":{\"regex\":{\"source\":\"slim\\\\-arrow\\\\-down\"}}}{\"id\":\"addressTitle\",\"viewName\":\"etm.portal.ui.addressmanagement.view.EditDetail\"}"}]}
RESULT: undefined
COMMAND: POST /session/a9b4e6b29d0180ba254fca33fbca36af/element - {"using":"xpath","value":"//*[@id=\"__xmlview58--addressTitle-arrow\"]"}
RESULT: {}
RESULT: {"using":"xpath","value":"//*[@id=\"__xmlview58--addressTitle-arrow\"]"}
COMMAND: POST /session/a9b4e6b29d0180ba254fca33fbca36af/element/f.7C9A75291D3E7FF457A20D966EE470C5.d.D90A1E151EAEC7F32FBA501F9708D2B9.e.438/click - {}
RESULT: {}
COMMAND: POST /session/a9b4e6b29d0180ba254fca33fbca36af/execute/async - {"script":"<script> [1562 bytes]","args":[{"selector":{"controlType":"sap.m.StandardListItem","viewName":"etm.portal.ui.addressmanagement.view.EditDetail","properties":{"title":"Dr."},"searchOpenDialogs":true},"wdio_ui5_key":"etmportal.ui.addressmanagement.view.EditDetailsap.m.StandardListItem{\"title\":\"Dr.\"}"}]}
COMMAND: GET /session/a9b4e6b29d0180ba254fca33fbca36af/screenshot - {}
RESULT: {"script":"<script> [1562 bytes]","args":[{"selector":{"controlType":"sap.m.StandardListItem","viewName":"etm.portal.ui.addressmanagement.view.EditDetail","properties":{"title":"Dr."},"searchOpenDialogs":true},"wdio_ui5_key":"etmportal.ui.addressmanagement.view.EditDetailsap.m.StandardListItem{\"title\":\"Dr.\"}"}]}
RESULT: undefined
COMMAND: POST /session/a9b4e6b29d0180ba254fca33fbca36af/element - {"using":"xpath","value":"//*[@id=\"__item225\"]"}
RESULT: {}
RESULT: {"using":"xpath","value":"//*[@id=\"__item225\"]"}
COMMAND: POST /session/a9b4e6b29d0180ba254fca33fbca36af/element/f.7C9A75291D3E7FF457A20D966EE470C5.d.D90A1E151EAEC7F32FBA501F9708D2B9.e.439/click - {}
RESULT: {}
COMMAND: POST /session/a9b4e6b29d0180ba254fca33fbca36af/execute/async - {"script":"<script> [1562 bytes]","args":[{"selector":{"controlType":"sap.m.Button","viewName":"etm.portal.ui.addressmanagement.view.EditDetail","i18NText":{"propertyName":"text","key":"save"}},"wdio_ui5_key":"etmportal.ui.addressmanagement.view.EditDetailsap.m.Button{\"propertyName\":\"text\",\"key\":\"save\"}"}]}
COMMAND: GET /session/a9b4e6b29d0180ba254fca33fbca36af/screenshot - {}
RESULT: {"script":"<script> [1562 bytes]","args":[{"selector":{"controlType":"sap.m.Button","viewName":"etm.portal.ui.addressmanagement.view.EditDetail","i18NText":{"propertyName":"text","key":"save"}},"wdio_ui5_key":"etmportal.ui.addressmanagement.view.EditDetailsap.m.Button{\"propertyName\":\"text\",\"key\":\"save\"}"}]}
RESULT: undefined
COMMAND: POST /session/a9b4e6b29d0180ba254fca33fbca36af/element - {"using":"xpath","value":"//*[@id=\"__button39\"]"}
RESULT: {}
RESULT: {"using":"xpath","value":"//*[@id=\"__button39\"]"}
COMMAND: POST /session/a9b4e6b29d0180ba254fca33fbca36af/element/f.7C9A75291D3E7FF457A20D966EE470C5.d.D90A1E151EAEC7F32FBA501F9708D2B9.e.440/click - {}
RESULT: {}
COMMAND: GET /session/a9b4e6b29d0180ba254fca33fbca36af/screenshot - {}
RESULT: {}
COMMAND: POST /session/a9b4e6b29d0180ba254fca33fbca36af/element - {"using":"xpath","value":"//span[@id=\"application-addressmanagement-display-component---detailAdm--addressTitle\"]"}
RESULT: {"using":"xpath","value":"//span[@id=\"application-addressmanagement-display-component---detailAdm--addressTitle\"]"}
COMMAND: GET /session/a9b4e6b29d0180ba254fca33fbca36af/element/f.7C9A75291D3E7FF457A20D966EE470C5.d.D90A1E151EAEC7F32FBA501F9708D2B9.e.448/text - {}
RESULT: {}
COMMAND: POST /session/a9b4e6b29d0180ba254fca33fbca36af/element - {"using":"xpath","value":"//span[@id=\"application-addressmanagement-display-component---detailAdm--addressDetailDetailsName1\"]"}
RESULT: {"using":"xpath","value":"//span[@id=\"application-addressmanagement-display-component---detailAdm--addressDetailDetailsName1\"]"}
COMMAND: GET /session/a9b4e6b29d0180ba254fca33fbca36af/element/f.7C9A75291D3E7FF457A20D966EE470C5.d.D90A1E151EAEC7F32FBA501F9708D2B9.e.394/text - {}
RESULT: {}
COMMAND: POST /session/a9b4e6b29d0180ba254fca33fbca36af/refresh - {}
RESULT: {}
COMMAND: GET /session/a9b4e6b29d0180ba254fca33fbca36af/screenshot - {}
RESULT: {}
COMMAND: POST /session/a9b4e6b29d0180ba254fca33fbca36af/refresh - {}
RESULT: {}
COMMAND: GET /session/a9b4e6b29d0180ba254fca33fbca36af/screenshot - {}
RESULT: {}
COMMAND: POST /session/a9b4e6b29d0180ba254fca33fbca36af/window/fullscreen - {}
RESULT: {}
COMMAND: POST /session/a9b4e6b29d0180ba254fca33fbca36af/execute/async - {"script":"<script> [189 bytes]","args":[]}
RESULT: {"script":"<script> [189 bytes]","args":[]}
COMMAND: POST /session/a9b4e6b29d0180ba254fca33fbca36af/execute/async - {"script":"<script> [123 bytes]","args":[]}
RESULT: {"script":"<script> [123 bytes]","args":[]}
COMMAND: POST /session/a9b4e6b29d0180ba254fca33fbca36af/timeouts - {"script":"<number>"}
RESULT: {"script":"<number>"}
COMMAND: GET /session/a9b4e6b29d0180ba254fca33fbca36af/timeouts - {}
RESULT: {}
RESULT: undefined
COMMAND: POST /session/a9b4e6b29d0180ba254fca33fbca36af/execute/async - {"script":"<script> [2676 bytes]","args":[]}
RESULT: {"script":"<script> [2676 bytes]","args":[]}
COMMAND: POST /session/a9b4e6b29d0180ba254fca33fbca36af/execute/async - {"script":"<script> [2342 bytes]","args":[{"protocol":"http","hostname":"0.0.0.0","path":"/","capabilities":{"browserName":"chrome","goog:chromeOptions":{"binary":"C:\\Program Files\\Google\\Chrome\\Application\\chrome.exe","args":["--start-maximized"]}},"logLevel":"warn","connectionRetryTimeout":120000,"connectionRetryCount":3,"logLevels":{},"enableDirectConnect":true,"strictSSL":true,"_":"65 more keys: [\"cacheDir\",\"port\",\"requestedCapabilities\",\"automationProtocol\",\"baseUrl\",\"waitforInterval\",\"waitforTimeout\",\"onReload\",\"beforeCommand\",\"afterCommand\",\"rootDir\",\"specs\",\"suites\",\"exclude\",\"groupLogsByTestSpec\",\"excludeDriverLogs\",\"bail\",\"framework\",\"reporters\",\"services\",\"maxInstances\",\"maxInstancesPerCapability\",\"injectGlobals\",\"filesToWatch\",\"execArgv\",\"runnerEnv\",\"runner\",\"shard\",\"specFileRetries\",\"specFileRetriesDelay\",\"specFileRetriesDeferred\",\"reporterSyncInterval\",\"reporterSyncTimeout\",\"cucumberFeaturesWithLineNumbers\",\"autoCompileOpts\",\"mochaOpts\",\"jasmineOpts\",\"cucumberOpts\",\"onPrepare\",\"onWorkerStart\",\"onWorkerEnd\",\"before\",\"beforeSession\",\"beforeSuite\",\"beforeHook\",\"beforeTest\",\"afterTest\",\"afterHook\",\"afterSuite\",\"afterSession\",\"after\",\"onComplete\",\"beforeAssertion\",\"afterAssertion\",\"beforeFeature\",\"beforeScenario\",\"beforeStep\",\"afterStep\",\"afterScenario\",\"afterFeature\",\"_\",\"suite\",\"$0\",\"ignoredWorkerServices\",\"wdi5\"]"}]}
RESULT: {"script":"<script> [2342 bytes]","args":[{"protocol":"http","hostname":"0.0.0.0","path":"/","capabilities":{"browserName":"chrome","goog:chromeOptions":{"binary":"C:\\Program Files\\Google\\Chrome\\Application\\chrome.exe","args":["--start-maximized"]}},"logLevel":"warn","connectionRetryTimeout":120000,"connectionRetryCount":3,"logLevels":{},"enableDirectConnect":true,"strictSSL":true,"_":"65 more keys: [\"cacheDir\",\"port\",\"requestedCapabilities\",\"automationProtocol\",\"baseUrl\",\"waitforInterval\",\"waitforTimeout\",\"onReload\",\"beforeCommand\",\"afterCommand\",\"rootDir\",\"specs\",\"suites\",\"exclude\",\"groupLogsByTestSpec\",\"excludeDriverLogs\",\"bail\",\"framework\",\"reporters\",\"services\",\"maxInstances\",\"maxInstancesPerCapability\",\"injectGlobals\",\"filesToWatch\",\"execArgv\",\"runnerEnv\",\"runner\",\"shard\",\"specFileRetries\",\"specFileRetriesDelay\",\"specFileRetriesDeferred\",\"reporterSyncInterval\",\"reporterSyncTimeout\",\"cucumberFeaturesWithLineNumbers\",\"autoCompileOpts\",\"mochaOpts\",\"jasmineOpts\",\"cucumberOpts\",\"onPrepare\",\"onWorkerStart\",\"onWorkerEnd\",\"before\",\"beforeSession\",\"beforeSuite\",\"beforeHook\",\"beforeTest\",\"afterTest\",\"afterHook\",\"afterSuite\",\"afterSession\",\"after\",\"onComplete\",\"beforeAssertion\",\"afterAssertion\",\"beforeFeature\",\"beforeScenario\",\"beforeStep\",\"afterStep\",\"afterScenario\",\"afterFeature\",\"_\",\"suite\",\"$0\",\"ignoredWorkerServices\",\"wdi5\"]"}]}
COMMAND: POST /session/a9b4e6b29d0180ba254fca33fbca36af/execute/async - {"script":"<script> [21126 bytes]","args":[35000]}
RESULT: {"script":"<script> [21126 bytes]","args":[35000]}
COMMAND: POST /session/a9b4e6b29d0180ba254fca33fbca36af/element - {"using":"css selector","value":"#shell-header-logo"}
RESULT: {"using":"css selector","value":"#shell-header-logo"}
COMMAND: POST /session/a9b4e6b29d0180ba254fca33fbca36af/element/f.7C9A75291D3E7FF457A20D966EE470C5.d.D2E9860AC00F7A70AFE9794D52F95906.e.821/click - {}
RESULT: {}
COMMAND: GET /session/a9b4e6b29d0180ba254fca33fbca36af/screenshot - {}
RESULT: {}
COMMAND: POST /session/a9b4e6b29d0180ba254fca33fbca36af/execute/async - {"script":"<script> [1562 bytes]","args":[{"selector":{"controlType":"sap.m.GenericTile","properties":{"header":"Manage Yards"}},"wdio_ui5_key":"sapm.GenericTile{\"header\":\"Manage Yards\"}"}]}
RESULT: {"script":"<script> [1562 bytes]","args":[{"selector":{"controlType":"sap.m.GenericTile","properties":{"header":"Manage Yards"}},"wdio_ui5_key":"sapm.GenericTile{\"header\":\"Manage Yards\"}"}]}
RESULT: undefined
COMMAND: POST /session/a9b4e6b29d0180ba254fca33fbca36af/element - {"using":"xpath","value":"//*[@id=\"__tile52\"]"}
RESULT: {"using":"xpath","value":"//*[@id=\"__tile52\"]"}
COMMAND: POST /session/a9b4e6b29d0180ba254fca33fbca36af/element/f.7C9A75291D3E7FF457A20D966EE470C5.d.D2E9860AC00F7A70AFE9794D52F95906.e.835/click - {}
RESULT: {}
]]></system-out>
    </testcase>
  </testsuite>
  <testsuite timestamp="2025-04-22T15:23:31" time="243.045" tests="2" failures="0" errors="0" skipped="0">
    <properties>
      <property name="specId" value="0"/>
      <property name="suiteName" value="Create 2 Yards US112496"/>
      <property name="capabilities" value="chrome.135_0_7049_42.windows"/>
      <property name="file" value="file:///D:/a/1/s/test/specs/R2C/create-yard.spec.js"/>
    </properties>
    <testcase classname="chrome.135_0_7049_42.windows.Create_2_Yards_US112496" name="Should create a new simple yard" time="129.866">
      <system-out><![CDATA[
COMMAND: GET /session/a9b4e6b29d0180ba254fca33fbca36af/screenshot - {}
RESULT: {}
COMMAND: POST /session/a9b4e6b29d0180ba254fca33fbca36af/execute/async - {"script":"<script> [1562 bytes]","args":[{"selector":{"controlType":"sap.ui.core.Icon","viewName":"etm.portal.ui.manageyards.view.Master","viewId":"application-manageyards-display-component---masterYard","properties":{"src":{"regex":{"source":"add"}}}},"wdio_ui5_key":"etmportal.ui.manageyards.view.Mastersap.ui.core.Icon{\"src\":{\"regex\":{\"source\":\"add\"}}}"}]}
RESULT: {"script":"<script> [1562 bytes]","args":[{"selector":{"controlType":"sap.ui.core.Icon","viewName":"etm.portal.ui.manageyards.view.Master","viewId":"application-manageyards-display-component---masterYard","properties":{"src":{"regex":{"source":"add"}}}},"wdio_ui5_key":"etmportal.ui.manageyards.view.Mastersap.ui.core.Icon{\"src\":{\"regex\":{\"source\":\"add\"}}}"}]}
RESULT: undefined
COMMAND: POST /session/a9b4e6b29d0180ba254fca33fbca36af/element - {"using":"xpath","value":"//*[@id=\"__button25-img\"]"}
RESULT: {"using":"xpath","value":"//*[@id=\"__button25-img\"]"}
COMMAND: POST /session/a9b4e6b29d0180ba254fca33fbca36af/element/f.7C9A75291D3E7FF457A20D966EE470C5.d.D2E9860AC00F7A70AFE9794D52F95906.e.881/click - {}
RESULT: {}
COMMAND: GET /session/a9b4e6b29d0180ba254fca33fbca36af/screenshot - {}
RESULT: {}
COMMAND: POST /session/a9b4e6b29d0180ba254fca33fbca36af/execute/async - {"script":"<script> [1562 bytes]","args":[{"selector":{"id":"application-manageyards-display-component---NewYard--yardId","interaction":{"idSuffix":"inner"}},"wdio_ui5_key":"applicationmanageyards-display-component---NewYard--yardId"}]}
RESULT: {"script":"<script> [1562 bytes]","args":[{"selector":{"id":"application-manageyards-display-component---NewYard--yardId","interaction":{"idSuffix":"inner"}},"wdio_ui5_key":"applicationmanageyards-display-component---NewYard--yardId"}]}
RESULT: undefined
COMMAND: POST /session/a9b4e6b29d0180ba254fca33fbca36af/element - {"using":"xpath","value":"//*[@id=\"application-manageyards-display-component---NewYard--addressDetailDetailsName1-inner\"]"}
RESULT: {"using":"xpath","value":"//*[@id=\"application-manageyards-display-component---NewYard--addressDetailDetailsName1-inner\"]"}
COMMAND: POST /session/a9b4e6b29d0180ba254fca33fbca36af/element/f.7C9A75291D3E7FF457A20D966EE470C5.d.D2E9860AC00F7A70AFE9794D52F95906.e.1113/clear - {}
RESULT: {}
COMMAND: POST /session/a9b4e6b29d0180ba254fca33fbca36af/element/f.7C9A75291D3E7FF457A20D966EE470C5.d.D2E9860AC00F7A70AFE9794D52F95906.e.1113/value - {"text":"Webdriver Yard ocv9r"}
COMMAND: GET /session/a9b4e6b29d0180ba254fca33fbca36af/screenshot - {}
RESULT: {"text":"Webdriver Yard ocv9r"}
COMMAND: POST /session/a9b4e6b29d0180ba254fca33fbca36af/element - {"using":"xpath","value":"//*[@id=\"application-manageyards-display-component---NewYard--addressDetailDetailsLanguage-inner\"]"}
COMMAND: GET /session/a9b4e6b29d0180ba254fca33fbca36af/screenshot - {}
RESULT: {}
RESULT: {"using":"xpath","value":"//*[@id=\"application-manageyards-display-component---NewYard--addressDetailDetailsLanguage-inner\"]"}
COMMAND: POST /session/a9b4e6b29d0180ba254fca33fbca36af/element/f.7C9A75291D3E7FF457A20D966EE470C5.d.D2E9860AC00F7A70AFE9794D52F95906.e.1114/clear - {}
RESULT: {}
RESULT: {}
COMMAND: POST /session/a9b4e6b29d0180ba254fca33fbca36af/element/f.7C9A75291D3E7FF457A20D966EE470C5.d.D2E9860AC00F7A70AFE9794D52F95906.e.1114/value - {"text":"Romanian"}
COMMAND: GET /session/a9b4e6b29d0180ba254fca33fbca36af/screenshot - {}
RESULT: {"text":"Romanian"}
COMMAND: GET /session/a9b4e6b29d0180ba254fca33fbca36af/screenshot - {}
RESULT: {}
RESULT: {}
COMMAND: POST /session/a9b4e6b29d0180ba254fca33fbca36af/element - {"using":"xpath","value":"//*[@id=\"application-manageyards-display-component---NewYard--addressDetailDetailsCity1-inner\"]"}
RESULT: {"using":"xpath","value":"//*[@id=\"application-manageyards-display-component---NewYard--addressDetailDetailsCity1-inner\"]"}
COMMAND: POST /session/a9b4e6b29d0180ba254fca33fbca36af/element/f.7C9A75291D3E7FF457A20D966EE470C5.d.D2E9860AC00F7A70AFE9794D52F95906.e.1116/clear - {}
RESULT: {}
COMMAND: POST /session/a9b4e6b29d0180ba254fca33fbca36af/element/f.7C9A75291D3E7FF457A20D966EE470C5.d.D2E9860AC00F7A70AFE9794D52F95906.e.1116/value - {"text":"Bucuresti"}
COMMAND: GET /session/a9b4e6b29d0180ba254fca33fbca36af/screenshot - {}
RESULT: {}
RESULT: {"text":"Bucuresti"}
COMMAND: GET /session/a9b4e6b29d0180ba254fca33fbca36af/screenshot - {}
RESULT: {}
COMMAND: POST /session/a9b4e6b29d0180ba254fca33fbca36af/element - {"using":"xpath","value":"//*[@id=\"application-manageyards-display-component---NewYard--addressDetailDetailsCountry-inner\"]"}
RESULT: {"using":"xpath","value":"//*[@id=\"application-manageyards-display-component---NewYard--addressDetailDetailsCountry-inner\"]"}
COMMAND: POST /session/a9b4e6b29d0180ba254fca33fbca36af/element/f.7C9A75291D3E7FF457A20D966EE470C5.d.D2E9860AC00F7A70AFE9794D52F95906.e.1120/clear - {}
RESULT: {}
COMMAND: POST /session/a9b4e6b29d0180ba254fca33fbca36af/element/f.7C9A75291D3E7FF457A20D966EE470C5.d.D2E9860AC00F7A70AFE9794D52F95906.e.1120/value - {"text":"Romania"}
COMMAND: GET /session/a9b4e6b29d0180ba254fca33fbca36af/screenshot - {}
RESULT: {"text":"Romania"}
COMMAND: GET /session/a9b4e6b29d0180ba254fca33fbca36af/screenshot - {}
RESULT: {}
RESULT: {}
COMMAND: POST /session/a9b4e6b29d0180ba254fca33fbca36af/element - {"using":"xpath","value":"//div[contains(text(), \"Commercial\")]"}
RESULT: {"using":"xpath","value":"//div[contains(text(), \"Commercial\")]"}
COMMAND: GET /session/a9b4e6b29d0180ba254fca33fbca36af/element/f.7C9A75291D3E7FF457A20D966EE470C5.d.D2E9860AC00F7A70AFE9794D52F95906.e.1298/rect - {}
RESULT: {}
COMMAND: GET /session/a9b4e6b29d0180ba254fca33fbca36af/window/rect - {}
RESULT: {}
COMMAND: POST /session/a9b4e6b29d0180ba254fca33fbca36af/execute/sync - {"script":"<script> [92 bytes]","args":[]}
RESULT: {"script":"<script> [92 bytes]","args":[]}
COMMAND: POST /session/a9b4e6b29d0180ba254fca33fbca36af/actions - {"actions":[{"id":"action2","type":"wheel","parameters":{},"actions":[{"type":"scroll","x":-1825,"y":-44,"deltaX":0,"deltaY":0,"duration":0,"origin":{"element-6066-11e4-a52e-4f735466cecf":"f.7C9A75291D3E7FF457A20D966EE470C5.d.D2E9860AC00F7A70AFE9794D52F95906.e.1298"}}]}]}
COMMAND: GET /session/a9b4e6b29d0180ba254fca33fbca36af/screenshot - {}
RESULT: {}
COMMAND: POST /session/a9b4e6b29d0180ba254fca33fbca36af/execute/sync - {"script":"<script> [79 bytes]","args":[{"element-6066-11e4-a52e-4f735466cecf":"f.7C9A75291D3E7FF457A20D966EE470C5.d.D2E9860AC00F7A70AFE9794D52F95906.e.1298","ELEMENT":"f.7C9A75291D3E7FF457A20D966EE470C5.d.D2E9860AC00F7A70AFE9794D52F95906.e.1298"},{"block":"start","inline":"nearest"}]}
RESULT: {"script":"<script> [79 bytes]","args":[{"element-6066-11e4-a52e-4f735466cecf":"f.7C9A75291D3E7FF457A20D966EE470C5.d.D2E9860AC00F7A70AFE9794D52F95906.e.1298","ELEMENT":"f.7C9A75291D3E7FF457A20D966EE470C5.d.D2E9860AC00F7A70AFE9794D52F95906.e.1298"},{"block":"start","inline":"nearest"}]}
COMMAND: GET /session/a9b4e6b29d0180ba254fca33fbca36af/screenshot - {}
COMMAND: POST /session/a9b4e6b29d0180ba254fca33fbca36af/element - {"using":"xpath","value":"//input[@id='application-manageyards-display-component---NewYard--addressEditDetailsCostObjectCstType-inner']"}
RESULT: {}
RESULT: {"using":"xpath","value":"//input[@id='application-manageyards-display-component---NewYard--addressEditDetailsCostObjectCstType-inner']"}
COMMAND: POST /session/a9b4e6b29d0180ba254fca33fbca36af/execute/sync - {"script":"<script> [8489 bytes]","args":[{"element-6066-11e4-a52e-4f735466cecf":"f.7C9A75291D3E7FF457A20D966EE470C5.d.D2E9860AC00F7A70AFE9794D52F95906.e.1126","ELEMENT":"f.7C9A75291D3E7FF457A20D966EE470C5.d.D2E9860AC00F7A70AFE9794D52F95906.e.1126"}]}
RESULT: {"script":"<script> [8489 bytes]","args":[{"element-6066-11e4-a52e-4f735466cecf":"f.7C9A75291D3E7FF457A20D966EE470C5.d.D2E9860AC00F7A70AFE9794D52F95906.e.1126","ELEMENT":"f.7C9A75291D3E7FF457A20D966EE470C5.d.D2E9860AC00F7A70AFE9794D52F95906.e.1126"}]}
COMMAND: POST /session/a9b4e6b29d0180ba254fca33fbca36af/element/f.7C9A75291D3E7FF457A20D966EE470C5.d.D2E9860AC00F7A70AFE9794D52F95906.e.1126/clear - {}
COMMAND: GET /session/a9b4e6b29d0180ba254fca33fbca36af/screenshot - {}
RESULT: {}
COMMAND: POST /session/a9b4e6b29d0180ba254fca33fbca36af/element/f.7C9A75291D3E7FF457A20D966EE470C5.d.D2E9860AC00F7A70AFE9794D52F95906.e.1126/value - {"text":"Cost"}
COMMAND: GET /session/a9b4e6b29d0180ba254fca33fbca36af/screenshot - {}
RESULT: {}
RESULT: {"text":"Cost"}
COMMAND: GET /session/a9b4e6b29d0180ba254fca33fbca36af/screenshot - {}
RESULT: {}
RESULT: {}
COMMAND: POST /session/a9b4e6b29d0180ba254fca33fbca36af/execute/async - {"script":"<script> [1562 bytes]","args":[{"selector":{"id":"application-manageyards-display-component---NewYard--addressNewCostObjectCstID","interaction":{"idSuffix":"inner"}},"wdio_ui5_key":"applicationmanageyards-display-component---NewYard--addressNewCostObjectCstID"}]}
RESULT: {"script":"<script> [1562 bytes]","args":[{"selector":{"id":"application-manageyards-display-component---NewYard--addressNewCostObjectCstID","interaction":{"idSuffix":"inner"}},"wdio_ui5_key":"applicationmanageyards-display-component---NewYard--addressNewCostObjectCstID"}]}
RESULT: undefined
COMMAND: POST /session/a9b4e6b29d0180ba254fca33fbca36af/execute/async - {"script":"<script> [776 bytes]","args":[{"enterText":"10001013","selector":{"id":"application-manageyards-display-component---NewYard--addressNewCostObjectCstID","interaction":{"idSuffix":"inner"}},"clearTextFirst":true,"interactionType":"ENTER_TEXT"}]}
RESULT: {"script":"<script> [776 bytes]","args":[{"enterText":"10001013","selector":{"id":"application-manageyards-display-component---NewYard--addressNewCostObjectCstID","interaction":{"idSuffix":"inner"}},"clearTextFirst":true,"interactionType":"ENTER_TEXT"}]}
COMMAND: POST /session/a9b4e6b29d0180ba254fca33fbca36af/actions - {"actions":[{"id":"action3","type":"key","parameters":{},"actions":[{"type":"keyDown","value":""},{"type":"pause","duration":10},{"type":"keyUp","value":""}]}]}
RESULT: {"actions":[{"id":"action3","type":"key","parameters":{},"actions":[{"type":"keyDown","value":""},{"type":"pause","duration":10},{"type":"keyUp","value":""}]}]}
COMMAND: GET /session/a9b4e6b29d0180ba254fca33fbca36af/screenshot - {}
RESULT: {}
COMMAND: POST /session/a9b4e6b29d0180ba254fca33fbca36af/execute/async - {"script":"<script> [1562 bytes]","args":[{"selector":{"controlType":"sap.m.Button","viewName":"etm.portal.ui.manageyards.view.New","viewId":"application-manageyards-display-component---NewYard","i18NText":{"propertyName":"text","key":"save"},"interaction":{"idSuffix":"inner"}},"wdio_ui5_key":"etmportal.ui.manageyards.view.Newsap.m.Button{\"propertyName\":\"text\",\"key\":\"save\"}"}]}
RESULT: {"script":"<script> [1562 bytes]","args":[{"selector":{"controlType":"sap.m.Button","viewName":"etm.portal.ui.manageyards.view.New","viewId":"application-manageyards-display-component---NewYard","i18NText":{"propertyName":"text","key":"save"},"interaction":{"idSuffix":"inner"}},"wdio_ui5_key":"etmportal.ui.manageyards.view.Newsap.m.Button{\"propertyName\":\"text\",\"key\":\"save\"}"}]}
RESULT: undefined
COMMAND: POST /session/a9b4e6b29d0180ba254fca33fbca36af/element - {"using":"xpath","value":"//*[@id=\"__button39\"]"}
RESULT: {"using":"xpath","value":"//*[@id=\"__button39\"]"}
COMMAND: POST /session/a9b4e6b29d0180ba254fca33fbca36af/element/f.7C9A75291D3E7FF457A20D966EE470C5.d.D2E9860AC00F7A70AFE9794D52F95906.e.1275/click - {}
RESULT: {}
COMMAND: GET /session/a9b4e6b29d0180ba254fca33fbca36af/screenshot - {}
RESULT: {}
COMMAND: POST /session/a9b4e6b29d0180ba254fca33fbca36af/element - {"using":"xpath","value":"//header/div/div/div/div/div/div[2]/div/span"}
RESULT: {"using":"xpath","value":"//header/div/div/div/div/div/div[2]/div/span"}
COMMAND: GET /session/a9b4e6b29d0180ba254fca33fbca36af/element/f.7C9A75291D3E7FF457A20D966EE470C5.d.D2E9860AC00F7A70AFE9794D52F95906.e.1519/text - {}
RESULT: {}
COMMAND: POST /session/a9b4e6b29d0180ba254fca33fbca36af/element - {"using":"xpath","value":"//header/div/div[2]/div[2]/span"}
RESULT: {"using":"xpath","value":"//header/div/div[2]/div[2]/span"}
COMMAND: GET /session/a9b4e6b29d0180ba254fca33fbca36af/element/f.7C9A75291D3E7FF457A20D966EE470C5.d.D2E9860AC00F7A70AFE9794D52F95906.e.1520/text - {}
RESULT: {}
COMMAND: POST /session/a9b4e6b29d0180ba254fca33fbca36af/execute/async - {"script":"<script> [1562 bytes]","args":[{"selector":{"controlType":"sap.m.OverflowToolbarButton","viewName":"etm.portal.ui.manageyards.view.Detail","viewId":"application-manageyards-display-component---detailYard","i18NText":{"propertyName":"tooltip","key":"closeColumn"},"interaction":{"idSuffix":"inner"}},"wdio_ui5_key":"etmportal.ui.manageyards.view.Detailsap.m.OverflowToolbarButton{\"propertyName\":\"tooltip\",\"key\":\"closeColumn\"}"}]}
RESULT: {"script":"<script> [1562 bytes]","args":[{"selector":{"controlType":"sap.m.OverflowToolbarButton","viewName":"etm.portal.ui.manageyards.view.Detail","viewId":"application-manageyards-display-component---detailYard","i18NText":{"propertyName":"tooltip","key":"closeColumn"},"interaction":{"idSuffix":"inner"}},"wdio_ui5_key":"etmportal.ui.manageyards.view.Detailsap.m.OverflowToolbarButton{\"propertyName\":\"tooltip\",\"key\":\"closeColumn\"}"}]}
RESULT: undefined
COMMAND: POST /session/a9b4e6b29d0180ba254fca33fbca36af/element - {"using":"xpath","value":"//*[@id=\"__button62\"]"}
RESULT: {"using":"xpath","value":"//*[@id=\"__button62\"]"}
COMMAND: POST /session/a9b4e6b29d0180ba254fca33fbca36af/element/f.7C9A75291D3E7FF457A20D966EE470C5.d.D2E9860AC00F7A70AFE9794D52F95906.e.1522/click - {}
RESULT: {}
COMMAND: POST /session/a9b4e6b29d0180ba254fca33fbca36af/refresh - {}
COMMAND: GET /session/a9b4e6b29d0180ba254fca33fbca36af/screenshot - {}
RESULT: {}
COMMAND: GET /session/a9b4e6b29d0180ba254fca33fbca36af/screenshot - {}
RESULT: {}
RESULT: {}
COMMAND: POST /session/a9b4e6b29d0180ba254fca33fbca36af/refresh - {}
RESULT: {}
COMMAND: GET /session/a9b4e6b29d0180ba254fca33fbca36af/screenshot - {}
RESULT: {}
COMMAND: POST /session/a9b4e6b29d0180ba254fca33fbca36af/window/fullscreen - {}
RESULT: {}
COMMAND: POST /session/a9b4e6b29d0180ba254fca33fbca36af/execute/async - {"script":"<script> [189 bytes]","args":[]}
RESULT: {"script":"<script> [189 bytes]","args":[]}
COMMAND: POST /session/a9b4e6b29d0180ba254fca33fbca36af/execute/async - {"script":"<script> [123 bytes]","args":[]}
RESULT: {"script":"<script> [123 bytes]","args":[]}
COMMAND: POST /session/a9b4e6b29d0180ba254fca33fbca36af/timeouts - {"script":"<number>"}
RESULT: {"script":"<number>"}
COMMAND: GET /session/a9b4e6b29d0180ba254fca33fbca36af/timeouts - {}
RESULT: {}
RESULT: undefined
COMMAND: POST /session/a9b4e6b29d0180ba254fca33fbca36af/execute/async - {"script":"<script> [2676 bytes]","args":[]}
RESULT: {"script":"<script> [2676 bytes]","args":[]}
COMMAND: POST /session/a9b4e6b29d0180ba254fca33fbca36af/execute/async - {"script":"<script> [2342 bytes]","args":[{"protocol":"http","hostname":"0.0.0.0","path":"/","capabilities":{"browserName":"chrome","goog:chromeOptions":{"binary":"C:\\Program Files\\Google\\Chrome\\Application\\chrome.exe","args":["--start-maximized"]}},"logLevel":"warn","connectionRetryTimeout":120000,"connectionRetryCount":3,"logLevels":{},"enableDirectConnect":true,"strictSSL":true,"_":"65 more keys: [\"cacheDir\",\"port\",\"requestedCapabilities\",\"automationProtocol\",\"baseUrl\",\"waitforInterval\",\"waitforTimeout\",\"onReload\",\"beforeCommand\",\"afterCommand\",\"rootDir\",\"specs\",\"suites\",\"exclude\",\"groupLogsByTestSpec\",\"excludeDriverLogs\",\"bail\",\"framework\",\"reporters\",\"services\",\"maxInstances\",\"maxInstancesPerCapability\",\"injectGlobals\",\"filesToWatch\",\"execArgv\",\"runnerEnv\",\"runner\",\"shard\",\"specFileRetries\",\"specFileRetriesDelay\",\"specFileRetriesDeferred\",\"reporterSyncInterval\",\"reporterSyncTimeout\",\"cucumberFeaturesWithLineNumbers\",\"autoCompileOpts\",\"mochaOpts\",\"jasmineOpts\",\"cucumberOpts\",\"onPrepare\",\"onWorkerStart\",\"onWorkerEnd\",\"before\",\"beforeSession\",\"beforeSuite\",\"beforeHook\",\"beforeTest\",\"afterTest\",\"afterHook\",\"afterSuite\",\"afterSession\",\"after\",\"onComplete\",\"beforeAssertion\",\"afterAssertion\",\"beforeFeature\",\"beforeScenario\",\"beforeStep\",\"afterStep\",\"afterScenario\",\"afterFeature\",\"_\",\"suite\",\"$0\",\"ignoredWorkerServices\",\"wdi5\"]"}]}
RESULT: {"script":"<script> [2342 bytes]","args":[{"protocol":"http","hostname":"0.0.0.0","path":"/","capabilities":{"browserName":"chrome","goog:chromeOptions":{"binary":"C:\\Program Files\\Google\\Chrome\\Application\\chrome.exe","args":["--start-maximized"]}},"logLevel":"warn","connectionRetryTimeout":120000,"connectionRetryCount":3,"logLevels":{},"enableDirectConnect":true,"strictSSL":true,"_":"65 more keys: [\"cacheDir\",\"port\",\"requestedCapabilities\",\"automationProtocol\",\"baseUrl\",\"waitforInterval\",\"waitforTimeout\",\"onReload\",\"beforeCommand\",\"afterCommand\",\"rootDir\",\"specs\",\"suites\",\"exclude\",\"groupLogsByTestSpec\",\"excludeDriverLogs\",\"bail\",\"framework\",\"reporters\",\"services\",\"maxInstances\",\"maxInstancesPerCapability\",\"injectGlobals\",\"filesToWatch\",\"execArgv\",\"runnerEnv\",\"runner\",\"shard\",\"specFileRetries\",\"specFileRetriesDelay\",\"specFileRetriesDeferred\",\"reporterSyncInterval\",\"reporterSyncTimeout\",\"cucumberFeaturesWithLineNumbers\",\"autoCompileOpts\",\"mochaOpts\",\"jasmineOpts\",\"cucumberOpts\",\"onPrepare\",\"onWorkerStart\",\"onWorkerEnd\",\"before\",\"beforeSession\",\"beforeSuite\",\"beforeHook\",\"beforeTest\",\"afterTest\",\"afterHook\",\"afterSuite\",\"afterSession\",\"after\",\"onComplete\",\"beforeAssertion\",\"afterAssertion\",\"beforeFeature\",\"beforeScenario\",\"beforeStep\",\"afterStep\",\"afterScenario\",\"afterFeature\",\"_\",\"suite\",\"$0\",\"ignoredWorkerServices\",\"wdi5\"]"}]}
COMMAND: POST /session/a9b4e6b29d0180ba254fca33fbca36af/execute/async - {"script":"<script> [21126 bytes]","args":[35000]}
RESULT: {"script":"<script> [21126 bytes]","args":[35000]}
]]></system-out>
    </testcase>
    <testcase classname="chrome.135_0_7049_42.windows.Create_2_Yards_US112496" name="Should create a WHM yard" time="63.76">
      <system-out><![CDATA[
COMMAND: POST /session/a9b4e6b29d0180ba254fca33fbca36af/execute/async - {"script":"<script> [1562 bytes]","args":[{"selector":{"controlType":"sap.ui.core.Icon","viewName":"etm.portal.ui.manageyards.view.Master","viewId":"application-manageyards-display-component---masterYard","properties":{"src":{"regex":{"source":"add"}}}},"wdio_ui5_key":"etmportal.ui.manageyards.view.Mastersap.ui.core.Icon{\"src\":{\"regex\":{\"source\":\"add\"}}}"}]}
RESULT: {"script":"<script> [1562 bytes]","args":[{"selector":{"controlType":"sap.ui.core.Icon","viewName":"etm.portal.ui.manageyards.view.Master","viewId":"application-manageyards-display-component---masterYard","properties":{"src":{"regex":{"source":"add"}}}},"wdio_ui5_key":"etmportal.ui.manageyards.view.Mastersap.ui.core.Icon{\"src\":{\"regex\":{\"source\":\"add\"}}}"}]}
RESULT: undefined
COMMAND: POST /session/a9b4e6b29d0180ba254fca33fbca36af/element - {"using":"xpath","value":"//*[@id=\"__button9-img\"]"}
RESULT: {"using":"xpath","value":"//*[@id=\"__button9-img\"]"}
COMMAND: POST /session/a9b4e6b29d0180ba254fca33fbca36af/element/f.7C9A75291D3E7FF457A20D966EE470C5.d.7EDB6F571B5D7D151E9FB0088404F48B.e.1633/click - {}
RESULT: {}
COMMAND: GET /session/a9b4e6b29d0180ba254fca33fbca36af/screenshot - {}
RESULT: {}
COMMAND: POST /session/a9b4e6b29d0180ba254fca33fbca36af/execute/async - {"script":"<script> [1562 bytes]","args":[{"selector":{"id":"application-manageyards-display-component---NewYard--yardId","interaction":{"idSuffix":"inner"}},"wdio_ui5_key":"applicationmanageyards-display-component---NewYard--yardId"}]}
RESULT: {"script":"<script> [1562 bytes]","args":[{"selector":{"id":"application-manageyards-display-component---NewYard--yardId","interaction":{"idSuffix":"inner"}},"wdio_ui5_key":"applicationmanageyards-display-component---NewYard--yardId"}]}
RESULT: undefined
COMMAND: POST /session/a9b4e6b29d0180ba254fca33fbca36af/element - {"using":"xpath","value":"//*[@id=\"application-manageyards-display-component---NewYard--addressDetailDetailsName1-inner\"]"}
RESULT: {"using":"xpath","value":"//*[@id=\"application-manageyards-display-component---NewYard--addressDetailDetailsName1-inner\"]"}
COMMAND: POST /session/a9b4e6b29d0180ba254fca33fbca36af/element/f.7C9A75291D3E7FF457A20D966EE470C5.d.7EDB6F571B5D7D151E9FB0088404F48B.e.1790/clear - {}
RESULT: {}
COMMAND: POST /session/a9b4e6b29d0180ba254fca33fbca36af/element/f.7C9A75291D3E7FF457A20D966EE470C5.d.7EDB6F571B5D7D151E9FB0088404F48B.e.1790/value - {"text":"Webdriver WHM Yard 4fm5z"}
COMMAND: GET /session/a9b4e6b29d0180ba254fca33fbca36af/screenshot - {}
RESULT: {"text":"Webdriver WHM Yard 4fm5z"}
COMMAND: POST /session/a9b4e6b29d0180ba254fca33fbca36af/element - {"using":"xpath","value":"//*[@id=\"application-manageyards-display-component---NewYard--addressDetailDetailsLanguage-inner\"]"}
COMMAND: GET /session/a9b4e6b29d0180ba254fca33fbca36af/screenshot - {}
RESULT: {}
RESULT: {"using":"xpath","value":"//*[@id=\"application-manageyards-display-component---NewYard--addressDetailDetailsLanguage-inner\"]"}
COMMAND: POST /session/a9b4e6b29d0180ba254fca33fbca36af/element/f.7C9A75291D3E7FF457A20D966EE470C5.d.7EDB6F571B5D7D151E9FB0088404F48B.e.1791/clear - {}
RESULT: {}
RESULT: {}
COMMAND: POST /session/a9b4e6b29d0180ba254fca33fbca36af/element/f.7C9A75291D3E7FF457A20D966EE470C5.d.7EDB6F571B5D7D151E9FB0088404F48B.e.1791/value - {"text":"Romanian"}
COMMAND: GET /session/a9b4e6b29d0180ba254fca33fbca36af/screenshot - {}
RESULT: {"text":"Romanian"}
COMMAND: GET /session/a9b4e6b29d0180ba254fca33fbca36af/screenshot - {}
RESULT: {}
RESULT: {}
COMMAND: POST /session/a9b4e6b29d0180ba254fca33fbca36af/element - {"using":"xpath","value":"//*[@id=\"application-manageyards-display-component---NewYard--addressDetailDetailsCity1-inner\"]"}
RESULT: {"using":"xpath","value":"//*[@id=\"application-manageyards-display-component---NewYard--addressDetailDetailsCity1-inner\"]"}
COMMAND: POST /session/a9b4e6b29d0180ba254fca33fbca36af/element/f.7C9A75291D3E7FF457A20D966EE470C5.d.7EDB6F571B5D7D151E9FB0088404F48B.e.1793/clear - {}
RESULT: {}
COMMAND: POST /session/a9b4e6b29d0180ba254fca33fbca36af/element/f.7C9A75291D3E7FF457A20D966EE470C5.d.7EDB6F571B5D7D151E9FB0088404F48B.e.1793/value - {"text":"Bucuresti"}
COMMAND: GET /session/a9b4e6b29d0180ba254fca33fbca36af/screenshot - {}
RESULT: {"text":"Bucuresti"}
COMMAND: GET /session/a9b4e6b29d0180ba254fca33fbca36af/screenshot - {}
RESULT: {}
RESULT: {}
COMMAND: POST /session/a9b4e6b29d0180ba254fca33fbca36af/element - {"using":"xpath","value":"//*[@id=\"application-manageyards-display-component---NewYard--addressDetailDetailsCountry-inner\"]"}
RESULT: {"using":"xpath","value":"//*[@id=\"application-manageyards-display-component---NewYard--addressDetailDetailsCountry-inner\"]"}
COMMAND: POST /session/a9b4e6b29d0180ba254fca33fbca36af/element/f.7C9A75291D3E7FF457A20D966EE470C5.d.7EDB6F571B5D7D151E9FB0088404F48B.e.1797/clear - {}
RESULT: {}
COMMAND: POST /session/a9b4e6b29d0180ba254fca33fbca36af/element/f.7C9A75291D3E7FF457A20D966EE470C5.d.7EDB6F571B5D7D151E9FB0088404F48B.e.1797/value - {"text":"Romania"}
COMMAND: GET /session/a9b4e6b29d0180ba254fca33fbca36af/screenshot - {}
RESULT: {"text":"Romania"}
COMMAND: GET /session/a9b4e6b29d0180ba254fca33fbca36af/screenshot - {}
RESULT: {}
RESULT: {}
COMMAND: POST /session/a9b4e6b29d0180ba254fca33fbca36af/execute/async - {"script":"<script> [1562 bytes]","args":[{"selector":{"controlType":"sap.m.Button","viewName":"etm.portal.ui.manageyards.view.New","viewId":"application-manageyards-display-component---NewYard","properties":{"text":"Commercial"},"interaction":{"idSuffix":"BDI-content"}},"wdio_ui5_key":"etmportal.ui.manageyards.view.Newsap.m.Button{\"text\":\"Commercial\"}"}]}
RESULT: {"script":"<script> [1562 bytes]","args":[{"selector":{"controlType":"sap.m.Button","viewName":"etm.portal.ui.manageyards.view.New","viewId":"application-manageyards-display-component---NewYard","properties":{"text":"Commercial"},"interaction":{"idSuffix":"BDI-content"}},"wdio_ui5_key":"etmportal.ui.manageyards.view.Newsap.m.Button{\"text\":\"Commercial\"}"}]}
RESULT: undefined
COMMAND: POST /session/a9b4e6b29d0180ba254fca33fbca36af/element - {"using":"xpath","value":"//*[@id=\"application-manageyards-display-component---NewYard--ObjectPageLayout-anchBar-__section18-anchor\"]"}
RESULT: {"using":"xpath","value":"//*[@id=\"application-manageyards-display-component---NewYard--ObjectPageLayout-anchBar-__section18-anchor\"]"}
COMMAND: POST /session/a9b4e6b29d0180ba254fca33fbca36af/element/f.7C9A75291D3E7FF457A20D966EE470C5.d.7EDB6F571B5D7D151E9FB0088404F48B.e.1942/click - {}
RESULT: {}
COMMAND: GET /session/a9b4e6b29d0180ba254fca33fbca36af/screenshot - {}
RESULT: {}
COMMAND: POST /session/a9b4e6b29d0180ba254fca33fbca36af/element - {"using":"xpath","value":"//input[@id='application-manageyards-display-component---NewYard--addressEditDetailsCostObjectCstType-inner']"}
RESULT: {"using":"xpath","value":"//input[@id='application-manageyards-display-component---NewYard--addressEditDetailsCostObjectCstType-inner']"}
COMMAND: POST /session/a9b4e6b29d0180ba254fca33fbca36af/execute/sync - {"script":"<script> [8489 bytes]","args":[{"element-6066-11e4-a52e-4f735466cecf":"f.7C9A75291D3E7FF457A20D966EE470C5.d.7EDB6F571B5D7D151E9FB0088404F48B.e.1803","ELEMENT":"f.7C9A75291D3E7FF457A20D966EE470C5.d.7EDB6F571B5D7D151E9FB0088404F48B.e.1803"}]}
RESULT: {"script":"<script> [8489 bytes]","args":[{"element-6066-11e4-a52e-4f735466cecf":"f.7C9A75291D3E7FF457A20D966EE470C5.d.7EDB6F571B5D7D151E9FB0088404F48B.e.1803","ELEMENT":"f.7C9A75291D3E7FF457A20D966EE470C5.d.7EDB6F571B5D7D151E9FB0088404F48B.e.1803"}]}
COMMAND: POST /session/a9b4e6b29d0180ba254fca33fbca36af/element/f.7C9A75291D3E7FF457A20D966EE470C5.d.7EDB6F571B5D7D151E9FB0088404F48B.e.1803/clear - {}
COMMAND: GET /session/a9b4e6b29d0180ba254fca33fbca36af/screenshot - {}
RESULT: {}
COMMAND: POST /session/a9b4e6b29d0180ba254fca33fbca36af/element/f.7C9A75291D3E7FF457A20D966EE470C5.d.7EDB6F571B5D7D151E9FB0088404F48B.e.1803/value - {"text":"Cost"}
COMMAND: GET /session/a9b4e6b29d0180ba254fca33fbca36af/screenshot - {}
RESULT: {}
RESULT: {"text":"Cost"}
COMMAND: GET /session/a9b4e6b29d0180ba254fca33fbca36af/screenshot - {}
RESULT: {}
RESULT: {}
COMMAND: POST /session/a9b4e6b29d0180ba254fca33fbca36af/execute/async - {"script":"<script> [1562 bytes]","args":[{"selector":{"id":"application-manageyards-display-component---NewYard--addressNewCostObjectCstID","interaction":{"idSuffix":"inner"}},"wdio_ui5_key":"applicationmanageyards-display-component---NewYard--addressNewCostObjectCstID"}]}
RESULT: {"script":"<script> [1562 bytes]","args":[{"selector":{"id":"application-manageyards-display-component---NewYard--addressNewCostObjectCstID","interaction":{"idSuffix":"inner"}},"wdio_ui5_key":"applicationmanageyards-display-component---NewYard--addressNewCostObjectCstID"}]}
RESULT: undefined
COMMAND: POST /session/a9b4e6b29d0180ba254fca33fbca36af/execute/async - {"script":"<script> [776 bytes]","args":[{"enterText":"10001013","selector":{"id":"application-manageyards-display-component---NewYard--addressNewCostObjectCstID","interaction":{"idSuffix":"inner"}},"clearTextFirst":true,"interactionType":"ENTER_TEXT"}]}
RESULT: {"script":"<script> [776 bytes]","args":[{"enterText":"10001013","selector":{"id":"application-manageyards-display-component---NewYard--addressNewCostObjectCstID","interaction":{"idSuffix":"inner"}},"clearTextFirst":true,"interactionType":"ENTER_TEXT"}]}
COMMAND: POST /session/a9b4e6b29d0180ba254fca33fbca36af/actions - {"actions":[{"id":"action4","type":"key","parameters":{},"actions":[{"type":"keyDown","value":""},{"type":"pause","duration":10},{"type":"keyUp","value":""}]}]}
RESULT: {"actions":[{"id":"action4","type":"key","parameters":{},"actions":[{"type":"keyDown","value":""},{"type":"pause","duration":10},{"type":"keyUp","value":""}]}]}
COMMAND: POST /session/a9b4e6b29d0180ba254fca33fbca36af/execute/async - {"script":"<script> [1562 bytes]","args":[{"selector":{"id":"application-manageyards-display-component---NewYard--addressEditDetailsCurrency","interaction":{"idSuffix":"inner"}},"wdio_ui5_key":"applicationmanageyards-display-component---NewYard--addressEditDetailsCurrency"}]}
COMMAND: GET /session/a9b4e6b29d0180ba254fca33fbca36af/screenshot - {}
RESULT: {"script":"<script> [1562 bytes]","args":[{"selector":{"id":"application-manageyards-display-component---NewYard--addressEditDetailsCurrency","interaction":{"idSuffix":"inner"}},"wdio_ui5_key":"applicationmanageyards-display-component---NewYard--addressEditDetailsCurrency"}]}
RESULT: undefined
COMMAND: POST /session/a9b4e6b29d0180ba254fca33fbca36af/execute/async - {"script":"<script> [776 bytes]","args":[{"enterText":"Euro","selector":{"id":"application-manageyards-display-component---NewYard--addressEditDetailsCurrency","interaction":{"idSuffix":"inner"}},"clearTextFirst":true,"interactionType":"ENTER_TEXT"}]}
RESULT: {}
RESULT: {"script":"<script> [776 bytes]","args":[{"enterText":"Euro","selector":{"id":"application-manageyards-display-component---NewYard--addressEditDetailsCurrency","interaction":{"idSuffix":"inner"}},"clearTextFirst":true,"interactionType":"ENTER_TEXT"}]}
COMMAND: POST /session/a9b4e6b29d0180ba254fca33fbca36af/execute/async - {"script":"<script> [1562 bytes]","args":[{"selector":{"controlType":"sap.m.Input","viewName":"etm.portal.ui.manageyards.view.New","viewId":"application-manageyards-display-component---NewYard","bindingPath":{"path":"","propertyPath":"/CONTROLLING_AREA","modelName":"NewYardModel"},"interaction":{"idSuffix":"inner"}},"wdio_ui5_key":"etmportal.ui.manageyards.view.Newsap.m.Input{\"path\":\"\",\"propertyPath\":\"/CONTROLLING_AREA\",\"modelName\":\"NewYardModel\"}"}]}
RESULT: {"script":"<script> [1562 bytes]","args":[{"selector":{"controlType":"sap.m.Input","viewName":"etm.portal.ui.manageyards.view.New","viewId":"application-manageyards-display-component---NewYard","bindingPath":{"path":"","propertyPath":"/CONTROLLING_AREA","modelName":"NewYardModel"},"interaction":{"idSuffix":"inner"}},"wdio_ui5_key":"etmportal.ui.manageyards.view.Newsap.m.Input{\"path\":\"\",\"propertyPath\":\"/CONTROLLING_AREA\",\"modelName\":\"NewYardModel\"}"}]}
RESULT: undefined
COMMAND: POST /session/a9b4e6b29d0180ba254fca33fbca36af/execute/async - {"script":"<script> [776 bytes]","args":[{"enterText":"Z001","selector":{"controlType":"sap.m.Input","viewName":"etm.portal.ui.manageyards.view.New","viewId":"application-manageyards-display-component---NewYard","bindingPath":{"path":"","propertyPath":"/CONTROLLING_AREA","modelName":"NewYardModel"},"interaction":{"idSuffix":"inner"}},"clearTextFirst":true,"interactionType":"ENTER_TEXT"}]}
RESULT: {"script":"<script> [776 bytes]","args":[{"enterText":"Z001","selector":{"controlType":"sap.m.Input","viewName":"etm.portal.ui.manageyards.view.New","viewId":"application-manageyards-display-component---NewYard","bindingPath":{"path":"","propertyPath":"/CONTROLLING_AREA","modelName":"NewYardModel"},"interaction":{"idSuffix":"inner"}},"clearTextFirst":true,"interactionType":"ENTER_TEXT"}]}
COMMAND: POST /session/a9b4e6b29d0180ba254fca33fbca36af/execute/async - {"script":"<script> [1562 bytes]","args":[{"selector":{"id":"application-manageyards-display-component---NewYard--companyCodeComboBox","interaction":{"idSuffix":"inner"}},"wdio_ui5_key":"applicationmanageyards-display-component---NewYard--companyCodeComboBox"}]}
RESULT: {"script":"<script> [1562 bytes]","args":[{"selector":{"id":"application-manageyards-display-component---NewYard--companyCodeComboBox","interaction":{"idSuffix":"inner"}},"wdio_ui5_key":"applicationmanageyards-display-component---NewYard--companyCodeComboBox"}]}
RESULT: undefined
COMMAND: POST /session/a9b4e6b29d0180ba254fca33fbca36af/execute/async - {"script":"<script> [776 bytes]","args":[{"enterText":"1000","selector":{"id":"application-manageyards-display-component---NewYard--companyCodeComboBox","interaction":{"idSuffix":"inner"}},"clearTextFirst":true,"interactionType":"ENTER_TEXT"}]}
RESULT: {"script":"<script> [776 bytes]","args":[{"enterText":"1000","selector":{"id":"application-manageyards-display-component---NewYard--companyCodeComboBox","interaction":{"idSuffix":"inner"}},"clearTextFirst":true,"interactionType":"ENTER_TEXT"}]}
COMMAND: POST /session/a9b4e6b29d0180ba254fca33fbca36af/actions - {"actions":[{"id":"action5","type":"key","parameters":{},"actions":[{"type":"keyDown","value":""},{"type":"pause","duration":10},{"type":"keyUp","value":""}]}]}
RESULT: {"actions":[{"id":"action5","type":"key","parameters":{},"actions":[{"type":"keyDown","value":""},{"type":"pause","duration":10},{"type":"keyUp","value":""}]}]}
COMMAND: POST /session/a9b4e6b29d0180ba254fca33fbca36af/execute/async - {"script":"<script> [1562 bytes]","args":[{"selector":{"controlType":"sap.m.Input","viewName":"etm.portal.ui.manageyards.view.New","viewId":"application-manageyards-display-component---NewYard","bindingPath":{"path":"","propertyPath":"/PLANT","modelName":"NewYardModel"},"interaction":{"idSuffix":"inner"}},"wdio_ui5_key":"etmportal.ui.manageyards.view.Newsap.m.Input{\"path\":\"\",\"propertyPath\":\"/PLANT\",\"modelName\":\"NewYardModel\"}"}]}
COMMAND: GET /session/a9b4e6b29d0180ba254fca33fbca36af/screenshot - {}
RESULT: {"script":"<script> [1562 bytes]","args":[{"selector":{"controlType":"sap.m.Input","viewName":"etm.portal.ui.manageyards.view.New","viewId":"application-manageyards-display-component---NewYard","bindingPath":{"path":"","propertyPath":"/PLANT","modelName":"NewYardModel"},"interaction":{"idSuffix":"inner"}},"wdio_ui5_key":"etmportal.ui.manageyards.view.Newsap.m.Input{\"path\":\"\",\"propertyPath\":\"/PLANT\",\"modelName\":\"NewYardModel\"}"}]}
RESULT: undefined
COMMAND: POST /session/a9b4e6b29d0180ba254fca33fbca36af/execute/async - {"script":"<script> [776 bytes]","args":[{"enterText":"1001","selector":{"controlType":"sap.m.Input","viewName":"etm.portal.ui.manageyards.view.New","viewId":"application-manageyards-display-component---NewYard","bindingPath":{"path":"","propertyPath":"/PLANT","modelName":"NewYardModel"},"interaction":{"idSuffix":"inner"}},"clearTextFirst":true,"interactionType":"ENTER_TEXT"}]}
RESULT: {}
RESULT: {"script":"<script> [776 bytes]","args":[{"enterText":"1001","selector":{"controlType":"sap.m.Input","viewName":"etm.portal.ui.manageyards.view.New","viewId":"application-manageyards-display-component---NewYard","bindingPath":{"path":"","propertyPath":"/PLANT","modelName":"NewYardModel"},"interaction":{"idSuffix":"inner"}},"clearTextFirst":true,"interactionType":"ENTER_TEXT"}]}
COMMAND: POST /session/a9b4e6b29d0180ba254fca33fbca36af/execute/async - {"script":"<script> [1562 bytes]","args":[{"selector":{"controlType":"sap.m.Input","viewName":"etm.portal.ui.manageyards.view.New","viewId":"application-manageyards-display-component---NewYard","bindingPath":{"path":"","propertyPath":"/SALES_AREA_VKORG","modelName":"NewYardModel"},"interaction":{"idSuffix":"inner"}},"wdio_ui5_key":"etmportal.ui.manageyards.view.Newsap.m.Input{\"path\":\"\",\"propertyPath\":\"/SALES_AREA_VKORG\",\"modelName\":\"NewYardModel\"}"}]}
RESULT: {"script":"<script> [1562 bytes]","args":[{"selector":{"controlType":"sap.m.Input","viewName":"etm.portal.ui.manageyards.view.New","viewId":"application-manageyards-display-component---NewYard","bindingPath":{"path":"","propertyPath":"/SALES_AREA_VKORG","modelName":"NewYardModel"},"interaction":{"idSuffix":"inner"}},"wdio_ui5_key":"etmportal.ui.manageyards.view.Newsap.m.Input{\"path\":\"\",\"propertyPath\":\"/SALES_AREA_VKORG\",\"modelName\":\"NewYardModel\"}"}]}
RESULT: undefined
COMMAND: POST /session/a9b4e6b29d0180ba254fca33fbca36af/execute/async - {"script":"<script> [776 bytes]","args":[{"enterText":"C002","selector":{"controlType":"sap.m.Input","viewName":"etm.portal.ui.manageyards.view.New","viewId":"application-manageyards-display-component---NewYard","bindingPath":{"path":"","propertyPath":"/SALES_AREA_VKORG","modelName":"NewYardModel"},"interaction":{"idSuffix":"inner"}},"clearTextFirst":true,"interactionType":"ENTER_TEXT"}]}
RESULT: {"script":"<script> [776 bytes]","args":[{"enterText":"C002","selector":{"controlType":"sap.m.Input","viewName":"etm.portal.ui.manageyards.view.New","viewId":"application-manageyards-display-component---NewYard","bindingPath":{"path":"","propertyPath":"/SALES_AREA_VKORG","modelName":"NewYardModel"},"interaction":{"idSuffix":"inner"}},"clearTextFirst":true,"interactionType":"ENTER_TEXT"}]}
COMMAND: POST /session/a9b4e6b29d0180ba254fca33fbca36af/execute/async - {"script":"<script> [1562 bytes]","args":[{"selector":{"controlType":"sap.m.Input","viewName":"etm.portal.ui.manageyards.view.New","viewId":"application-manageyards-display-component---NewYard","bindingPath":{"path":"","propertyPath":"/SALES_AREA_VTWEG","modelName":"NewYardModel"},"interaction":{"idSuffix":"inner"}},"wdio_ui5_key":"etmportal.ui.manageyards.view.Newsap.m.Input{\"path\":\"\",\"propertyPath\":\"/SALES_AREA_VTWEG\",\"modelName\":\"NewYardModel\"}"}]}
RESULT: {"script":"<script> [1562 bytes]","args":[{"selector":{"controlType":"sap.m.Input","viewName":"etm.portal.ui.manageyards.view.New","viewId":"application-manageyards-display-component---NewYard","bindingPath":{"path":"","propertyPath":"/SALES_AREA_VTWEG","modelName":"NewYardModel"},"interaction":{"idSuffix":"inner"}},"wdio_ui5_key":"etmportal.ui.manageyards.view.Newsap.m.Input{\"path\":\"\",\"propertyPath\":\"/SALES_AREA_VTWEG\",\"modelName\":\"NewYardModel\"}"}]}
RESULT: undefined
COMMAND: POST /session/a9b4e6b29d0180ba254fca33fbca36af/execute/async - {"script":"<script> [776 bytes]","args":[{"enterText":"C2","selector":{"controlType":"sap.m.Input","viewName":"etm.portal.ui.manageyards.view.New","viewId":"application-manageyards-display-component---NewYard","bindingPath":{"path":"","propertyPath":"/SALES_AREA_VTWEG","modelName":"NewYardModel"},"interaction":{"idSuffix":"inner"}},"clearTextFirst":true,"interactionType":"ENTER_TEXT"}]}
RESULT: {"script":"<script> [776 bytes]","args":[{"enterText":"C2","selector":{"controlType":"sap.m.Input","viewName":"etm.portal.ui.manageyards.view.New","viewId":"application-manageyards-display-component---NewYard","bindingPath":{"path":"","propertyPath":"/SALES_AREA_VTWEG","modelName":"NewYardModel"},"interaction":{"idSuffix":"inner"}},"clearTextFirst":true,"interactionType":"ENTER_TEXT"}]}
COMMAND: POST /session/a9b4e6b29d0180ba254fca33fbca36af/execute/async - {"script":"<script> [1562 bytes]","args":[{"selector":{"controlType":"sap.m.Input","viewName":"etm.portal.ui.manageyards.view.New","viewId":"application-manageyards-display-component---NewYard","bindingPath":{"path":"","propertyPath":"/SALES_AREA_SPART","modelName":"NewYardModel"},"interaction":{"idSuffix":"inner"}},"wdio_ui5_key":"etmportal.ui.manageyards.view.Newsap.m.Input{\"path\":\"\",\"propertyPath\":\"/SALES_AREA_SPART\",\"modelName\":\"NewYardModel\"}"}]}
RESULT: {"script":"<script> [1562 bytes]","args":[{"selector":{"controlType":"sap.m.Input","viewName":"etm.portal.ui.manageyards.view.New","viewId":"application-manageyards-display-component---NewYard","bindingPath":{"path":"","propertyPath":"/SALES_AREA_SPART","modelName":"NewYardModel"},"interaction":{"idSuffix":"inner"}},"wdio_ui5_key":"etmportal.ui.manageyards.view.Newsap.m.Input{\"path\":\"\",\"propertyPath\":\"/SALES_AREA_SPART\",\"modelName\":\"NewYardModel\"}"}]}
RESULT: undefined
COMMAND: POST /session/a9b4e6b29d0180ba254fca33fbca36af/execute/async - {"script":"<script> [776 bytes]","args":[{"enterText":"C2","selector":{"controlType":"sap.m.Input","viewName":"etm.portal.ui.manageyards.view.New","viewId":"application-manageyards-display-component---NewYard","bindingPath":{"path":"","propertyPath":"/SALES_AREA_SPART","modelName":"NewYardModel"},"interaction":{"idSuffix":"inner"}},"clearTextFirst":true,"interactionType":"ENTER_TEXT"}]}
RESULT: {"script":"<script> [776 bytes]","args":[{"enterText":"C2","selector":{"controlType":"sap.m.Input","viewName":"etm.portal.ui.manageyards.view.New","viewId":"application-manageyards-display-component---NewYard","bindingPath":{"path":"","propertyPath":"/SALES_AREA_SPART","modelName":"NewYardModel"},"interaction":{"idSuffix":"inner"}},"clearTextFirst":true,"interactionType":"ENTER_TEXT"}]}
COMMAND: POST /session/a9b4e6b29d0180ba254fca33fbca36af/execute/async - {"script":"<script> [1562 bytes]","args":[{"selector":{"id":"application-manageyards-display-component---NewYard--whmCheckBox","interaction":{"idSuffix":"CbBg"}},"wdio_ui5_key":"applicationmanageyards-display-component---NewYard--whmCheckBox"}]}
RESULT: {"script":"<script> [1562 bytes]","args":[{"selector":{"id":"application-manageyards-display-component---NewYard--whmCheckBox","interaction":{"idSuffix":"CbBg"}},"wdio_ui5_key":"applicationmanageyards-display-component---NewYard--whmCheckBox"}]}
RESULT: undefined
COMMAND: POST /session/a9b4e6b29d0180ba254fca33fbca36af/element - {"using":"xpath","value":"//*[@id=\"application-manageyards-display-component---NewYard--whmCheckBox\"]"}
RESULT: {"using":"xpath","value":"//*[@id=\"application-manageyards-display-component---NewYard--whmCheckBox\"]"}
COMMAND: POST /session/a9b4e6b29d0180ba254fca33fbca36af/element/f.7C9A75291D3E7FF457A20D966EE470C5.d.7EDB6F571B5D7D151E9FB0088404F48B.e.1964/click - {}
RESULT: {}
COMMAND: POST /session/a9b4e6b29d0180ba254fca33fbca36af/execute/async - {"script":"<script> [1562 bytes]","args":[{"selector":{"controlType":"sap.m.Button","viewName":"etm.portal.ui.manageyards.view.New","viewId":"application-manageyards-display-component---NewYard","i18NText":{"propertyName":"text","key":"save"},"interaction":{"idSuffix":"inner"}},"wdio_ui5_key":"etmportal.ui.manageyards.view.Newsap.m.Button{\"propertyName\":\"text\",\"key\":\"save\"}"}]}
COMMAND: GET /session/a9b4e6b29d0180ba254fca33fbca36af/screenshot - {}
RESULT: {"script":"<script> [1562 bytes]","args":[{"selector":{"controlType":"sap.m.Button","viewName":"etm.portal.ui.manageyards.view.New","viewId":"application-manageyards-display-component---NewYard","i18NText":{"propertyName":"text","key":"save"},"interaction":{"idSuffix":"inner"}},"wdio_ui5_key":"etmportal.ui.manageyards.view.Newsap.m.Button{\"propertyName\":\"text\",\"key\":\"save\"}"}]}
RESULT: undefined
COMMAND: POST /session/a9b4e6b29d0180ba254fca33fbca36af/element - {"using":"xpath","value":"//*[@id=\"__button43\"]"}
RESULT: {}
RESULT: {"using":"xpath","value":"//*[@id=\"__button43\"]"}
COMMAND: POST /session/a9b4e6b29d0180ba254fca33fbca36af/element/f.7C9A75291D3E7FF457A20D966EE470C5.d.7EDB6F571B5D7D151E9FB0088404F48B.e.1931/click - {}
RESULT: {}
COMMAND: GET /session/a9b4e6b29d0180ba254fca33fbca36af/screenshot - {}
RESULT: {}
COMMAND: POST /session/a9b4e6b29d0180ba254fca33fbca36af/element - {"using":"xpath","value":"//header/div/div/div/div/div/div[2]/div/span"}
RESULT: {"using":"xpath","value":"//header/div/div/div/div/div/div[2]/div/span"}
COMMAND: GET /session/a9b4e6b29d0180ba254fca33fbca36af/element/f.7C9A75291D3E7FF457A20D966EE470C5.d.7EDB6F571B5D7D151E9FB0088404F48B.e.2114/text - {}
RESULT: {}
COMMAND: POST /session/a9b4e6b29d0180ba254fca33fbca36af/element - {"using":"xpath","value":"//header/div/div[2]/div[2]/span"}
RESULT: {"using":"xpath","value":"//header/div/div[2]/div[2]/span"}
COMMAND: GET /session/a9b4e6b29d0180ba254fca33fbca36af/element/f.7C9A75291D3E7FF457A20D966EE470C5.d.7EDB6F571B5D7D151E9FB0088404F48B.e.2115/text - {}
RESULT: {}
COMMAND: POST /session/a9b4e6b29d0180ba254fca33fbca36af/element - {"using":"css selector","value":"#j_username"}
COMMAND: POST /session/a9b4e6b29d0180ba254fca33fbca36af/url - {"url":"https://qa-testing-00-live-etm-ui.cfapps.eu10-004.hana.ondemand.com/"}
RESULT: {"url":"https://qa-testing-00-live-etm-ui.cfapps.eu10-004.hana.ondemand.com/"}
RESULT: undefined
COMMAND: GET /session/a9b4e6b29d0180ba254fca33fbca36af/screenshot - {}
RESULT: {"using":"css selector","value":"#j_username"}
COMMAND: POST /session/a9b4e6b29d0180ba254fca33fbca36af/element - {"using":"css selector","value":"#j_username"}
RESULT: {}
RESULT: {"using":"css selector","value":"#j_username"}
COMMAND: POST /session/a9b4e6b29d0180ba254fca33fbca36af/element - {"using":"css selector","value":"#shell-header-logo"}
RESULT: {"using":"css selector","value":"#shell-header-logo"}
COMMAND: POST /session/a9b4e6b29d0180ba254fca33fbca36af/execute/sync - {"script":"<script> [8489 bytes]","args":[{"element-6066-11e4-a52e-4f735466cecf":"f.7C9A75291D3E7FF457A20D966EE470C5.d.4E560BD988CABFC8443EF2FA0993E402.e.2129","ELEMENT":"f.7C9A75291D3E7FF457A20D966EE470C5.d.4E560BD988CABFC8443EF2FA0993E402.e.2129"}]}
RESULT: {"script":"<script> [8489 bytes]","args":[{"element-6066-11e4-a52e-4f735466cecf":"f.7C9A75291D3E7FF457A20D966EE470C5.d.4E560BD988CABFC8443EF2FA0993E402.e.2129","ELEMENT":"f.7C9A75291D3E7FF457A20D966EE470C5.d.4E560BD988CABFC8443EF2FA0993E402.e.2129"}]}
COMMAND: POST /session/a9b4e6b29d0180ba254fca33fbca36af/element - {"using":"css selector","value":"#shell-header-logo"}
COMMAND: GET /session/a9b4e6b29d0180ba254fca33fbca36af/screenshot - {}
RESULT: {"using":"css selector","value":"#shell-header-logo"}
COMMAND: POST /session/a9b4e6b29d0180ba254fca33fbca36af/execute/sync - {"script":"<script> [8489 bytes]","args":[{"element-6066-11e4-a52e-4f735466cecf":"f.7C9A75291D3E7FF457A20D966EE470C5.d.4E560BD988CABFC8443EF2FA0993E402.e.2129","ELEMENT":"f.7C9A75291D3E7FF457A20D966EE470C5.d.4E560BD988CABFC8443EF2FA0993E402.e.2129"}]}
RESULT: {}
RESULT: {"script":"<script> [8489 bytes]","args":[{"element-6066-11e4-a52e-4f735466cecf":"f.7C9A75291D3E7FF457A20D966EE470C5.d.4E560BD988CABFC8443EF2FA0993E402.e.2129","ELEMENT":"f.7C9A75291D3E7FF457A20D966EE470C5.d.4E560BD988CABFC8443EF2FA0993E402.e.2129"}]}
COMMAND: POST /session/a9b4e6b29d0180ba254fca33fbca36af/execute/sync - {"script":"<script> [5351 bytes]","args":[{"element-6066-11e4-a52e-4f735466cecf":"f.7C9A75291D3E7FF457A20D966EE470C5.d.4E560BD988CABFC8443EF2FA0993E402.e.2129","ELEMENT":"f.7C9A75291D3E7FF457A20D966EE470C5.d.4E560BD988CABFC8443EF2FA0993E402.e.2129"}]}
COMMAND: GET /session/a9b4e6b29d0180ba254fca33fbca36af/screenshot - {}
RESULT: {"script":"<script> [5351 bytes]","args":[{"element-6066-11e4-a52e-4f735466cecf":"f.7C9A75291D3E7FF457A20D966EE470C5.d.4E560BD988CABFC8443EF2FA0993E402.e.2129","ELEMENT":"f.7C9A75291D3E7FF457A20D966EE470C5.d.4E560BD988CABFC8443EF2FA0993E402.e.2129"}]}
COMMAND: POST /session/a9b4e6b29d0180ba254fca33fbca36af/element - {"using":"css selector","value":"#shell-header-logo"}
COMMAND: GET /session/a9b4e6b29d0180ba254fca33fbca36af/screenshot - {}
RESULT: {}
RESULT: {"using":"css selector","value":"#shell-header-logo"}
COMMAND: POST /session/a9b4e6b29d0180ba254fca33fbca36af/element/f.7C9A75291D3E7FF457A20D966EE470C5.d.4E560BD988CABFC8443EF2FA0993E402.e.2129/click - {}
RESULT: {}
RESULT: {}
COMMAND: GET /session/a9b4e6b29d0180ba254fca33fbca36af/screenshot - {}
RESULT: {}
COMMAND: POST /session/a9b4e6b29d0180ba254fca33fbca36af/execute/async - {"script":"<script> [189 bytes]","args":[]}
RESULT: {"script":"<script> [189 bytes]","args":[]}
COMMAND: POST /session/a9b4e6b29d0180ba254fca33fbca36af/execute/async - {"script":"<script> [123 bytes]","args":[]}
RESULT: {"script":"<script> [123 bytes]","args":[]}
COMMAND: POST /session/a9b4e6b29d0180ba254fca33fbca36af/timeouts - {"script":"<number>"}
RESULT: {"script":"<number>"}
COMMAND: GET /session/a9b4e6b29d0180ba254fca33fbca36af/timeouts - {}
RESULT: {}
RESULT: undefined
COMMAND: POST /session/a9b4e6b29d0180ba254fca33fbca36af/execute/async - {"script":"<script> [2676 bytes]","args":[]}
RESULT: {"script":"<script> [2676 bytes]","args":[]}
COMMAND: POST /session/a9b4e6b29d0180ba254fca33fbca36af/execute/async - {"script":"<script> [2342 bytes]","args":[{"protocol":"http","hostname":"0.0.0.0","path":"/","capabilities":{"browserName":"chrome","goog:chromeOptions":{"binary":"C:\\Program Files\\Google\\Chrome\\Application\\chrome.exe","args":["--start-maximized"]}},"logLevel":"warn","connectionRetryTimeout":120000,"connectionRetryCount":3,"logLevels":{},"enableDirectConnect":true,"strictSSL":true,"_":"65 more keys: [\"cacheDir\",\"port\",\"requestedCapabilities\",\"automationProtocol\",\"baseUrl\",\"waitforInterval\",\"waitforTimeout\",\"onReload\",\"beforeCommand\",\"afterCommand\",\"rootDir\",\"specs\",\"suites\",\"exclude\",\"groupLogsByTestSpec\",\"excludeDriverLogs\",\"bail\",\"framework\",\"reporters\",\"services\",\"maxInstances\",\"maxInstancesPerCapability\",\"injectGlobals\",\"filesToWatch\",\"execArgv\",\"runnerEnv\",\"runner\",\"shard\",\"specFileRetries\",\"specFileRetriesDelay\",\"specFileRetriesDeferred\",\"reporterSyncInterval\",\"reporterSyncTimeout\",\"cucumberFeaturesWithLineNumbers\",\"autoCompileOpts\",\"mochaOpts\",\"jasmineOpts\",\"cucumberOpts\",\"onPrepare\",\"onWorkerStart\",\"onWorkerEnd\",\"before\",\"beforeSession\",\"beforeSuite\",\"beforeHook\",\"beforeTest\",\"afterTest\",\"afterHook\",\"afterSuite\",\"afterSession\",\"after\",\"onComplete\",\"beforeAssertion\",\"afterAssertion\",\"beforeFeature\",\"beforeScenario\",\"beforeStep\",\"afterStep\",\"afterScenario\",\"afterFeature\",\"_\",\"suite\",\"$0\",\"ignoredWorkerServices\",\"wdi5\"]"}]}
RESULT: {"script":"<script> [2342 bytes]","args":[{"protocol":"http","hostname":"0.0.0.0","path":"/","capabilities":{"browserName":"chrome","goog:chromeOptions":{"binary":"C:\\Program Files\\Google\\Chrome\\Application\\chrome.exe","args":["--start-maximized"]}},"logLevel":"warn","connectionRetryTimeout":120000,"connectionRetryCount":3,"logLevels":{},"enableDirectConnect":true,"strictSSL":true,"_":"65 more keys: [\"cacheDir\",\"port\",\"requestedCapabilities\",\"automationProtocol\",\"baseUrl\",\"waitforInterval\",\"waitforTimeout\",\"onReload\",\"beforeCommand\",\"afterCommand\",\"rootDir\",\"specs\",\"suites\",\"exclude\",\"groupLogsByTestSpec\",\"excludeDriverLogs\",\"bail\",\"framework\",\"reporters\",\"services\",\"maxInstances\",\"maxInstancesPerCapability\",\"injectGlobals\",\"filesToWatch\",\"execArgv\",\"runnerEnv\",\"runner\",\"shard\",\"specFileRetries\",\"specFileRetriesDelay\",\"specFileRetriesDeferred\",\"reporterSyncInterval\",\"reporterSyncTimeout\",\"cucumberFeaturesWithLineNumbers\",\"autoCompileOpts\",\"mochaOpts\",\"jasmineOpts\",\"cucumberOpts\",\"onPrepare\",\"onWorkerStart\",\"onWorkerEnd\",\"before\",\"beforeSession\",\"beforeSuite\",\"beforeHook\",\"beforeTest\",\"afterTest\",\"afterHook\",\"afterSuite\",\"afterSession\",\"after\",\"onComplete\",\"beforeAssertion\",\"afterAssertion\",\"beforeFeature\",\"beforeScenario\",\"beforeStep\",\"afterStep\",\"afterScenario\",\"afterFeature\",\"_\",\"suite\",\"$0\",\"ignoredWorkerServices\",\"wdi5\"]"}]}
COMMAND: POST /session/a9b4e6b29d0180ba254fca33fbca36af/execute/async - {"script":"<script> [21126 bytes]","args":[35000]}
RESULT: {"script":"<script> [21126 bytes]","args":[35000]}
COMMAND: POST /session/a9b4e6b29d0180ba254fca33fbca36af/window/maximize - {}
RESULT: {}
COMMAND: POST /session/a9b4e6b29d0180ba254fca33fbca36af/execute/async - {"script":"<script> [1562 bytes]","args":[{"selector":{"id":"shell-header","interaction":{"idSuffix":"icon"}},"wdio_ui5_key":"shellheader"}]}
COMMAND: GET /session/a9b4e6b29d0180ba254fca33fbca36af/screenshot - {}
RESULT: {"script":"<script> [1562 bytes]","args":[{"selector":{"id":"shell-header","interaction":{"idSuffix":"icon"}},"wdio_ui5_key":"shellheader"}]}
RESULT: undefined
COMMAND: POST /session/a9b4e6b29d0180ba254fca33fbca36af/refresh - {}
RESULT: {}
RESULT: {}
COMMAND: GET /session/a9b4e6b29d0180ba254fca33fbca36af/screenshot - {}
RESULT: {}
COMMAND: POST /session/a9b4e6b29d0180ba254fca33fbca36af/refresh - {}
RESULT: {}
COMMAND: GET /session/a9b4e6b29d0180ba254fca33fbca36af/screenshot - {}
RESULT: {}
COMMAND: POST /session/a9b4e6b29d0180ba254fca33fbca36af/window/fullscreen - {}
RESULT: {}
COMMAND: POST /session/a9b4e6b29d0180ba254fca33fbca36af/execute/async - {"script":"<script> [189 bytes]","args":[]}
RESULT: {"script":"<script> [189 bytes]","args":[]}
COMMAND: POST /session/a9b4e6b29d0180ba254fca33fbca36af/execute/async - {"script":"<script> [123 bytes]","args":[]}
RESULT: {"script":"<script> [123 bytes]","args":[]}
COMMAND: POST /session/a9b4e6b29d0180ba254fca33fbca36af/timeouts - {"script":"<number>"}
RESULT: {"script":"<number>"}
COMMAND: GET /session/a9b4e6b29d0180ba254fca33fbca36af/timeouts - {}
RESULT: {}
RESULT: undefined
COMMAND: POST /session/a9b4e6b29d0180ba254fca33fbca36af/execute/async - {"script":"<script> [2676 bytes]","args":[]}
RESULT: {"script":"<script> [2676 bytes]","args":[]}
COMMAND: POST /session/a9b4e6b29d0180ba254fca33fbca36af/execute/async - {"script":"<script> [2342 bytes]","args":[{"protocol":"http","hostname":"0.0.0.0","path":"/","capabilities":{"browserName":"chrome","goog:chromeOptions":{"binary":"C:\\Program Files\\Google\\Chrome\\Application\\chrome.exe","args":["--start-maximized"]}},"logLevel":"warn","connectionRetryTimeout":120000,"connectionRetryCount":3,"logLevels":{},"enableDirectConnect":true,"strictSSL":true,"_":"65 more keys: [\"cacheDir\",\"port\",\"requestedCapabilities\",\"automationProtocol\",\"baseUrl\",\"waitforInterval\",\"waitforTimeout\",\"onReload\",\"beforeCommand\",\"afterCommand\",\"rootDir\",\"specs\",\"suites\",\"exclude\",\"groupLogsByTestSpec\",\"excludeDriverLogs\",\"bail\",\"framework\",\"reporters\",\"services\",\"maxInstances\",\"maxInstancesPerCapability\",\"injectGlobals\",\"filesToWatch\",\"execArgv\",\"runnerEnv\",\"runner\",\"shard\",\"specFileRetries\",\"specFileRetriesDelay\",\"specFileRetriesDeferred\",\"reporterSyncInterval\",\"reporterSyncTimeout\",\"cucumberFeaturesWithLineNumbers\",\"autoCompileOpts\",\"mochaOpts\",\"jasmineOpts\",\"cucumberOpts\",\"onPrepare\",\"onWorkerStart\",\"onWorkerEnd\",\"before\",\"beforeSession\",\"beforeSuite\",\"beforeHook\",\"beforeTest\",\"afterTest\",\"afterHook\",\"afterSuite\",\"afterSession\",\"after\",\"onComplete\",\"beforeAssertion\",\"afterAssertion\",\"beforeFeature\",\"beforeScenario\",\"beforeStep\",\"afterStep\",\"afterScenario\",\"afterFeature\",\"_\",\"suite\",\"$0\",\"ignoredWorkerServices\",\"wdi5\"]"}]}
RESULT: {"script":"<script> [2342 bytes]","args":[{"protocol":"http","hostname":"0.0.0.0","path":"/","capabilities":{"browserName":"chrome","goog:chromeOptions":{"binary":"C:\\Program Files\\Google\\Chrome\\Application\\chrome.exe","args":["--start-maximized"]}},"logLevel":"warn","connectionRetryTimeout":120000,"connectionRetryCount":3,"logLevels":{},"enableDirectConnect":true,"strictSSL":true,"_":"65 more keys: [\"cacheDir\",\"port\",\"requestedCapabilities\",\"automationProtocol\",\"baseUrl\",\"waitforInterval\",\"waitforTimeout\",\"onReload\",\"beforeCommand\",\"afterCommand\",\"rootDir\",\"specs\",\"suites\",\"exclude\",\"groupLogsByTestSpec\",\"excludeDriverLogs\",\"bail\",\"framework\",\"reporters\",\"services\",\"maxInstances\",\"maxInstancesPerCapability\",\"injectGlobals\",\"filesToWatch\",\"execArgv\",\"runnerEnv\",\"runner\",\"shard\",\"specFileRetries\",\"specFileRetriesDelay\",\"specFileRetriesDeferred\",\"reporterSyncInterval\",\"reporterSyncTimeout\",\"cucumberFeaturesWithLineNumbers\",\"autoCompileOpts\",\"mochaOpts\",\"jasmineOpts\",\"cucumberOpts\",\"onPrepare\",\"onWorkerStart\",\"onWorkerEnd\",\"before\",\"beforeSession\",\"beforeSuite\",\"beforeHook\",\"beforeTest\",\"afterTest\",\"afterHook\",\"afterSuite\",\"afterSession\",\"after\",\"onComplete\",\"beforeAssertion\",\"afterAssertion\",\"beforeFeature\",\"beforeScenario\",\"beforeStep\",\"afterStep\",\"afterScenario\",\"afterFeature\",\"_\",\"suite\",\"$0\",\"ignoredWorkerServices\",\"wdi5\"]"}]}
COMMAND: POST /session/a9b4e6b29d0180ba254fca33fbca36af/execute/async - {"script":"<script> [21126 bytes]","args":[35000]}
RESULT: {"script":"<script> [21126 bytes]","args":[35000]}
]]></system-out>
    </testcase>
  </testsuite>
  <testsuite timestamp="2025-04-22T15:27:35" time="210.345" tests="2" failures="0" errors="0" skipped="0">
    <properties>
      <property name="specId" value="0"/>
      <property name="suiteName" value="Create partner US118246"/>
      <property name="capabilities" value="chrome.135_0_7049_42.windows"/>
      <property name="file" value="file:///D:/a/1/s/test/specs/BTS/create-partner.spec.js"/>
    </properties>
    <testcase classname="chrome.135_0_7049_42.windows.Create_partner_US118246" name="Should create new external partner" time="86.198">
      <system-out><![CDATA[
COMMAND: POST /session/a9b4e6b29d0180ba254fca33fbca36af/window/fullscreen - {}
RESULT: {}
COMMAND: POST /session/a9b4e6b29d0180ba254fca33fbca36af/execute/async - {"script":"<script> [1562 bytes]","args":[{"selector":{"controlType":"sap.m.GenericTile","properties":{"header":"Manage Partners"}},"wdio_ui5_key":"sapm.GenericTile{\"header\":\"Manage Partners\"}"}]}
RESULT: {"script":"<script> [1562 bytes]","args":[{"selector":{"controlType":"sap.m.GenericTile","properties":{"header":"Manage Partners"}},"wdio_ui5_key":"sapm.GenericTile{\"header\":\"Manage Partners\"}"}]}
RESULT: undefined
COMMAND: POST /session/a9b4e6b29d0180ba254fca33fbca36af/element - {"using":"xpath","value":"//*[@id=\"__tile38\"]"}
RESULT: {"using":"xpath","value":"//*[@id=\"__tile38\"]"}
COMMAND: POST /session/a9b4e6b29d0180ba254fca33fbca36af/element/f.7C9A75291D3E7FF457A20D966EE470C5.d.F54FEFDA0DF6A301B7AC98BC60E9B4EE.e.2286/click - {}
RESULT: {}
COMMAND: POST /session/a9b4e6b29d0180ba254fca33fbca36af/element - {"using":"xpath","value":"//button[@data-kt=\"addButton\"]"}
COMMAND: GET /session/a9b4e6b29d0180ba254fca33fbca36af/screenshot - {}
RESULT: {"using":"xpath","value":"//button[@data-kt=\"addButton\"]"}
COMMAND: POST /session/a9b4e6b29d0180ba254fca33fbca36af/elements - {"using":"xpath","value":"//button[@data-kt=\"addButton\"]"}
RESULT: {}
RESULT: {"using":"xpath","value":"//button[@data-kt=\"addButton\"]"}
COMMAND: POST /session/a9b4e6b29d0180ba254fca33fbca36af/elements - {"using":"xpath","value":"//button[@data-kt=\"addButton\"]"}
RESULT: {"using":"xpath","value":"//button[@data-kt=\"addButton\"]"}
COMMAND: POST /session/a9b4e6b29d0180ba254fca33fbca36af/elements - {"using":"xpath","value":"//button[@data-kt=\"addButton\"]"}
RESULT: {"using":"xpath","value":"//button[@data-kt=\"addButton\"]"}
COMMAND: POST /session/a9b4e6b29d0180ba254fca33fbca36af/elements - {"using":"xpath","value":"//button[@data-kt=\"addButton\"]"}
RESULT: {"using":"xpath","value":"//button[@data-kt=\"addButton\"]"}
COMMAND: POST /session/a9b4e6b29d0180ba254fca33fbca36af/elements - {"using":"xpath","value":"//button[@data-kt=\"addButton\"]"}
RESULT: {"using":"xpath","value":"//button[@data-kt=\"addButton\"]"}
COMMAND: POST /session/a9b4e6b29d0180ba254fca33fbca36af/elements - {"using":"xpath","value":"//button[@data-kt=\"addButton\"]"}
RESULT: {"using":"xpath","value":"//button[@data-kt=\"addButton\"]"}
COMMAND: POST /session/a9b4e6b29d0180ba254fca33fbca36af/elements - {"using":"xpath","value":"//button[@data-kt=\"addButton\"]"}
RESULT: {"using":"xpath","value":"//button[@data-kt=\"addButton\"]"}
COMMAND: POST /session/a9b4e6b29d0180ba254fca33fbca36af/elements - {"using":"xpath","value":"//button[@data-kt=\"addButton\"]"}
RESULT: {"using":"xpath","value":"//button[@data-kt=\"addButton\"]"}
COMMAND: POST /session/a9b4e6b29d0180ba254fca33fbca36af/elements - {"using":"xpath","value":"//button[@data-kt=\"addButton\"]"}
RESULT: {"using":"xpath","value":"//button[@data-kt=\"addButton\"]"}
COMMAND: POST /session/a9b4e6b29d0180ba254fca33fbca36af/elements - {"using":"xpath","value":"//button[@data-kt=\"addButton\"]"}
RESULT: {"using":"xpath","value":"//button[@data-kt=\"addButton\"]"}
COMMAND: POST /session/a9b4e6b29d0180ba254fca33fbca36af/elements - {"using":"xpath","value":"//button[@data-kt=\"addButton\"]"}
RESULT: {"using":"xpath","value":"//button[@data-kt=\"addButton\"]"}
COMMAND: POST /session/a9b4e6b29d0180ba254fca33fbca36af/elements - {"using":"xpath","value":"//button[@data-kt=\"addButton\"]"}
RESULT: {"using":"xpath","value":"//button[@data-kt=\"addButton\"]"}
COMMAND: POST /session/a9b4e6b29d0180ba254fca33fbca36af/elements - {"using":"xpath","value":"//button[@data-kt=\"addButton\"]"}
RESULT: {"using":"xpath","value":"//button[@data-kt=\"addButton\"]"}
COMMAND: POST /session/a9b4e6b29d0180ba254fca33fbca36af/elements - {"using":"xpath","value":"//button[@data-kt=\"addButton\"]"}
RESULT: {"using":"xpath","value":"//button[@data-kt=\"addButton\"]"}
COMMAND: POST /session/a9b4e6b29d0180ba254fca33fbca36af/elements - {"using":"xpath","value":"//button[@data-kt=\"addButton\"]"}
RESULT: {"using":"xpath","value":"//button[@data-kt=\"addButton\"]"}
COMMAND: POST /session/a9b4e6b29d0180ba254fca33fbca36af/elements - {"using":"xpath","value":"//button[@data-kt=\"addButton\"]"}
RESULT: {"using":"xpath","value":"//button[@data-kt=\"addButton\"]"}
COMMAND: POST /session/a9b4e6b29d0180ba254fca33fbca36af/elements - {"using":"xpath","value":"//button[@data-kt=\"addButton\"]"}
RESULT: {"using":"xpath","value":"//button[@data-kt=\"addButton\"]"}
COMMAND: POST /session/a9b4e6b29d0180ba254fca33fbca36af/elements - {"using":"xpath","value":"//button[@data-kt=\"addButton\"]"}
RESULT: {"using":"xpath","value":"//button[@data-kt=\"addButton\"]"}
COMMAND: POST /session/a9b4e6b29d0180ba254fca33fbca36af/elements - {"using":"xpath","value":"//button[@data-kt=\"addButton\"]"}
RESULT: {"using":"xpath","value":"//button[@data-kt=\"addButton\"]"}
COMMAND: POST /session/a9b4e6b29d0180ba254fca33fbca36af/elements - {"using":"xpath","value":"//button[@data-kt=\"addButton\"]"}
RESULT: {"using":"xpath","value":"//button[@data-kt=\"addButton\"]"}
COMMAND: POST /session/a9b4e6b29d0180ba254fca33fbca36af/elements - {"using":"xpath","value":"//button[@data-kt=\"addButton\"]"}
RESULT: {"using":"xpath","value":"//button[@data-kt=\"addButton\"]"}
COMMAND: POST /session/a9b4e6b29d0180ba254fca33fbca36af/elements - {"using":"xpath","value":"//button[@data-kt=\"addButton\"]"}
RESULT: {"using":"xpath","value":"//button[@data-kt=\"addButton\"]"}
COMMAND: POST /session/a9b4e6b29d0180ba254fca33fbca36af/elements - {"using":"xpath","value":"//button[@data-kt=\"addButton\"]"}
RESULT: {"using":"xpath","value":"//button[@data-kt=\"addButton\"]"}
COMMAND: POST /session/a9b4e6b29d0180ba254fca33fbca36af/elements - {"using":"xpath","value":"//button[@data-kt=\"addButton\"]"}
RESULT: {"using":"xpath","value":"//button[@data-kt=\"addButton\"]"}
COMMAND: POST /session/a9b4e6b29d0180ba254fca33fbca36af/elements - {"using":"xpath","value":"//button[@data-kt=\"addButton\"]"}
RESULT: {"using":"xpath","value":"//button[@data-kt=\"addButton\"]"}
COMMAND: POST /session/a9b4e6b29d0180ba254fca33fbca36af/elements - {"using":"xpath","value":"//button[@data-kt=\"addButton\"]"}
RESULT: {"using":"xpath","value":"//button[@data-kt=\"addButton\"]"}
COMMAND: POST /session/a9b4e6b29d0180ba254fca33fbca36af/elements - {"using":"xpath","value":"//button[@data-kt=\"addButton\"]"}
RESULT: {"using":"xpath","value":"//button[@data-kt=\"addButton\"]"}
COMMAND: POST /session/a9b4e6b29d0180ba254fca33fbca36af/elements - {"using":"xpath","value":"//button[@data-kt=\"addButton\"]"}
RESULT: {"using":"xpath","value":"//button[@data-kt=\"addButton\"]"}
COMMAND: POST /session/a9b4e6b29d0180ba254fca33fbca36af/elements - {"using":"xpath","value":"//button[@data-kt=\"addButton\"]"}
RESULT: {"using":"xpath","value":"//button[@data-kt=\"addButton\"]"}
COMMAND: POST /session/a9b4e6b29d0180ba254fca33fbca36af/elements - {"using":"xpath","value":"//button[@data-kt=\"addButton\"]"}
RESULT: {"using":"xpath","value":"//button[@data-kt=\"addButton\"]"}
COMMAND: POST /session/a9b4e6b29d0180ba254fca33fbca36af/elements - {"using":"xpath","value":"//button[@data-kt=\"addButton\"]"}
RESULT: {"using":"xpath","value":"//button[@data-kt=\"addButton\"]"}
COMMAND: POST /session/a9b4e6b29d0180ba254fca33fbca36af/elements - {"using":"xpath","value":"//button[@data-kt=\"addButton\"]"}
RESULT: {"using":"xpath","value":"//button[@data-kt=\"addButton\"]"}
COMMAND: POST /session/a9b4e6b29d0180ba254fca33fbca36af/element - {"using":"xpath","value":"//button[@data-kt=\"addButton\"]"}
RESULT: {"using":"xpath","value":"//button[@data-kt=\"addButton\"]"}
COMMAND: POST /session/a9b4e6b29d0180ba254fca33fbca36af/execute/sync - {"script":"<script> [8489 bytes]","args":[{"element-6066-11e4-a52e-4f735466cecf":"f.7C9A75291D3E7FF457A20D966EE470C5.d.F54FEFDA0DF6A301B7AC98BC60E9B4EE.e.2425","ELEMENT":"f.7C9A75291D3E7FF457A20D966EE470C5.d.F54FEFDA0DF6A301B7AC98BC60E9B4EE.e.2425"}]}
RESULT: {"script":"<script> [8489 bytes]","args":[{"element-6066-11e4-a52e-4f735466cecf":"f.7C9A75291D3E7FF457A20D966EE470C5.d.F54FEFDA0DF6A301B7AC98BC60E9B4EE.e.2425","ELEMENT":"f.7C9A75291D3E7FF457A20D966EE470C5.d.F54FEFDA0DF6A301B7AC98BC60E9B4EE.e.2425"}]}
COMMAND: GET /session/a9b4e6b29d0180ba254fca33fbca36af/element/f.7C9A75291D3E7FF457A20D966EE470C5.d.F54FEFDA0DF6A301B7AC98BC60E9B4EE.e.2425/enabled - {}
COMMAND: GET /session/a9b4e6b29d0180ba254fca33fbca36af/screenshot - {}
RESULT: {}
COMMAND: POST /session/a9b4e6b29d0180ba254fca33fbca36af/execute/sync - {"script":"<script> [8489 bytes]","args":[{"element-6066-11e4-a52e-4f735466cecf":"f.7C9A75291D3E7FF457A20D966EE470C5.d.F54FEFDA0DF6A301B7AC98BC60E9B4EE.e.2425","ELEMENT":"f.7C9A75291D3E7FF457A20D966EE470C5.d.F54FEFDA0DF6A301B7AC98BC60E9B4EE.e.2425"}]}
COMMAND: GET /session/a9b4e6b29d0180ba254fca33fbca36af/screenshot - {}
RESULT: {}
RESULT: {"script":"<script> [8489 bytes]","args":[{"element-6066-11e4-a52e-4f735466cecf":"f.7C9A75291D3E7FF457A20D966EE470C5.d.F54FEFDA0DF6A301B7AC98BC60E9B4EE.e.2425","ELEMENT":"f.7C9A75291D3E7FF457A20D966EE470C5.d.F54FEFDA0DF6A301B7AC98BC60E9B4EE.e.2425"}]}
COMMAND: POST /session/a9b4e6b29d0180ba254fca33fbca36af/execute/sync - {"script":"<script> [5351 bytes]","args":[{"element-6066-11e4-a52e-4f735466cecf":"f.7C9A75291D3E7FF457A20D966EE470C5.d.F54FEFDA0DF6A301B7AC98BC60E9B4EE.e.2425","ELEMENT":"f.7C9A75291D3E7FF457A20D966EE470C5.d.F54FEFDA0DF6A301B7AC98BC60E9B4EE.e.2425"}]}
RESULT: {}
RESULT: {"script":"<script> [5351 bytes]","args":[{"element-6066-11e4-a52e-4f735466cecf":"f.7C9A75291D3E7FF457A20D966EE470C5.d.F54FEFDA0DF6A301B7AC98BC60E9B4EE.e.2425","ELEMENT":"f.7C9A75291D3E7FF457A20D966EE470C5.d.F54FEFDA0DF6A301B7AC98BC60E9B4EE.e.2425"}]}
COMMAND: POST /session/a9b4e6b29d0180ba254fca33fbca36af/element/f.7C9A75291D3E7FF457A20D966EE470C5.d.F54FEFDA0DF6A301B7AC98BC60E9B4EE.e.2425/click - {}
COMMAND: GET /session/a9b4e6b29d0180ba254fca33fbca36af/screenshot - {}
COMMAND: GET /session/a9b4e6b29d0180ba254fca33fbca36af/screenshot - {}
RESULT: {}
COMMAND: GET /session/a9b4e6b29d0180ba254fca33fbca36af/screenshot - {}
COMMAND: POST /session/a9b4e6b29d0180ba254fca33fbca36af/execute/async - {"script":"<script> [1562 bytes]","args":[{"selector":{"id":"application-managepartners-display-component---NewPartner--addressDetailDetailsName1","interaction":{"idSuffix":"inner"}},"wdio_ui5_key":"applicationmanagepartners-display-component---NewPartner--addressDetailDetailsName1"}]}
RESULT: {}
RESULT: {}
RESULT: {}
RESULT: {"script":"<script> [1562 bytes]","args":[{"selector":{"id":"application-managepartners-display-component---NewPartner--addressDetailDetailsName1","interaction":{"idSuffix":"inner"}},"wdio_ui5_key":"applicationmanagepartners-display-component---NewPartner--addressDetailDetailsName1"}]}
RESULT: undefined
COMMAND: POST /session/a9b4e6b29d0180ba254fca33fbca36af/execute/async - {"script":"<script> [776 bytes]","args":[{"enterText":"External Partner WDIO","selector":{"id":"application-managepartners-display-component---NewPartner--addressDetailDetailsName1","interaction":{"idSuffix":"inner"}},"clearTextFirst":true,"interactionType":"ENTER_TEXT"}]}
RESULT: {"script":"<script> [776 bytes]","args":[{"enterText":"External Partner WDIO","selector":{"id":"application-managepartners-display-component---NewPartner--addressDetailDetailsName1","interaction":{"idSuffix":"inner"}},"clearTextFirst":true,"interactionType":"ENTER_TEXT"}]}
COMMAND: POST /session/a9b4e6b29d0180ba254fca33fbca36af/execute/async - {"script":"<script> [1562 bytes]","args":[{"selector":{"id":"application-managepartners-display-component---NewPartner--addressDetailDetailsLanguage-arrow"},"wdio_ui5_key":"applicationmanagepartners-display-component---NewPartner--addressDetailDetailsLanguage-arrow"}]}
RESULT: {"script":"<script> [1562 bytes]","args":[{"selector":{"id":"application-managepartners-display-component---NewPartner--addressDetailDetailsLanguage-arrow"},"wdio_ui5_key":"applicationmanagepartners-display-component---NewPartner--addressDetailDetailsLanguage-arrow"}]}
RESULT: undefined
COMMAND: POST /session/a9b4e6b29d0180ba254fca33fbca36af/element - {"using":"xpath","value":"//*[@id=\"application-managepartners-display-component---NewPartner--addressDetailDetailsLanguage-arrow\"]"}
RESULT: {"using":"xpath","value":"//*[@id=\"application-managepartners-display-component---NewPartner--addressDetailDetailsLanguage-arrow\"]"}
COMMAND: POST /session/a9b4e6b29d0180ba254fca33fbca36af/element/f.7C9A75291D3E7FF457A20D966EE470C5.d.F54FEFDA0DF6A301B7AC98BC60E9B4EE.e.2873/click - {}
RESULT: {}
COMMAND: POST /session/a9b4e6b29d0180ba254fca33fbca36af/element - {"using":"xpath","value":"//span[contains(text(), \"English\")]"}
COMMAND: GET /session/a9b4e6b29d0180ba254fca33fbca36af/screenshot - {}
RESULT: {"using":"xpath","value":"//span[contains(text(), \"English\")]"}
COMMAND: POST /session/a9b4e6b29d0180ba254fca33fbca36af/element/f.7C9A75291D3E7FF457A20D966EE470C5.d.F54FEFDA0DF6A301B7AC98BC60E9B4EE.e.2874/click - {}
RESULT: {}
RESULT: {}
COMMAND: GET /session/a9b4e6b29d0180ba254fca33fbca36af/screenshot - {}
RESULT: {}
COMMAND: POST /session/a9b4e6b29d0180ba254fca33fbca36af/execute/async - {"script":"<script> [1562 bytes]","args":[{"selector":{"id":"application-managepartners-display-component---NewPartner--addressDetailDetailsCity1","interaction":{"idSuffix":"inner"}},"wdio_ui5_key":"applicationmanagepartners-display-component---NewPartner--addressDetailDetailsCity1"}]}
RESULT: {"script":"<script> [1562 bytes]","args":[{"selector":{"id":"application-managepartners-display-component---NewPartner--addressDetailDetailsCity1","interaction":{"idSuffix":"inner"}},"wdio_ui5_key":"applicationmanagepartners-display-component---NewPartner--addressDetailDetailsCity1"}]}
RESULT: undefined
COMMAND: POST /session/a9b4e6b29d0180ba254fca33fbca36af/execute/async - {"script":"<script> [776 bytes]","args":[{"enterText":"Rosario","selector":{"id":"application-managepartners-display-component---NewPartner--addressDetailDetailsCity1","interaction":{"idSuffix":"inner"}},"clearTextFirst":true,"interactionType":"ENTER_TEXT"}]}
RESULT: {"script":"<script> [776 bytes]","args":[{"enterText":"Rosario","selector":{"id":"application-managepartners-display-component---NewPartner--addressDetailDetailsCity1","interaction":{"idSuffix":"inner"}},"clearTextFirst":true,"interactionType":"ENTER_TEXT"}]}
COMMAND: POST /session/a9b4e6b29d0180ba254fca33fbca36af/execute/async - {"script":"<script> [1562 bytes]","args":[{"selector":{"id":"application-managepartners-display-component---NewPartner--addressDetailDetailsCountry-arrow"},"wdio_ui5_key":"applicationmanagepartners-display-component---NewPartner--addressDetailDetailsCountry-arrow"}]}
RESULT: {"script":"<script> [1562 bytes]","args":[{"selector":{"id":"application-managepartners-display-component---NewPartner--addressDetailDetailsCountry-arrow"},"wdio_ui5_key":"applicationmanagepartners-display-component---NewPartner--addressDetailDetailsCountry-arrow"}]}
RESULT: undefined
COMMAND: POST /session/a9b4e6b29d0180ba254fca33fbca36af/element - {"using":"xpath","value":"//*[@id=\"application-managepartners-display-component---NewPartner--addressDetailDetailsCountry-arrow\"]"}
RESULT: {"using":"xpath","value":"//*[@id=\"application-managepartners-display-component---NewPartner--addressDetailDetailsCountry-arrow\"]"}
COMMAND: POST /session/a9b4e6b29d0180ba254fca33fbca36af/element/f.7C9A75291D3E7FF457A20D966EE470C5.d.F54FEFDA0DF6A301B7AC98BC60E9B4EE.e.2855/click - {}
RESULT: {}
COMMAND: POST /session/a9b4e6b29d0180ba254fca33fbca36af/element - {"using":"xpath","value":"//span[contains(text(), \"Argentina\")]"}
COMMAND: GET /session/a9b4e6b29d0180ba254fca33fbca36af/screenshot - {}
RESULT: {"using":"xpath","value":"//span[contains(text(), \"Argentina\")]"}
COMMAND: POST /session/a9b4e6b29d0180ba254fca33fbca36af/element/f.7C9A75291D3E7FF457A20D966EE470C5.d.F54FEFDA0DF6A301B7AC98BC60E9B4EE.e.2876/click - {}
RESULT: {}
RESULT: {}
COMMAND: GET /session/a9b4e6b29d0180ba254fca33fbca36af/screenshot - {}
RESULT: {}
COMMAND: POST /session/a9b4e6b29d0180ba254fca33fbca36af/element - {"using":"xpath","value":"//bdi[contains(text(), \"Commercial\")]"}
RESULT: {"using":"xpath","value":"//bdi[contains(text(), \"Commercial\")]"}
COMMAND: POST /session/a9b4e6b29d0180ba254fca33fbca36af/element/f.7C9A75291D3E7FF457A20D966EE470C5.d.F54FEFDA0DF6A301B7AC98BC60E9B4EE.e.2877/click - {}
RESULT: {}
COMMAND: GET /session/a9b4e6b29d0180ba254fca33fbca36af/screenshot - {}
RESULT: {}
COMMAND: POST /session/a9b4e6b29d0180ba254fca33fbca36af/execute/async - {"script":"<script> [1562 bytes]","args":[{"selector":{"id":"application-managepartners-display-component---NewPartner--partnerDetailInternal-arrow"},"wdio_ui5_key":"applicationmanagepartners-display-component---NewPartner--partnerDetailInternal-arrow"}]}
RESULT: {"script":"<script> [1562 bytes]","args":[{"selector":{"id":"application-managepartners-display-component---NewPartner--partnerDetailInternal-arrow"},"wdio_ui5_key":"applicationmanagepartners-display-component---NewPartner--partnerDetailInternal-arrow"}]}
RESULT: undefined
COMMAND: POST /session/a9b4e6b29d0180ba254fca33fbca36af/element - {"using":"xpath","value":"//*[@id=\"application-managepartners-display-component---NewPartner--partnerDetailInternal-arrow\"]"}
RESULT: {"using":"xpath","value":"//*[@id=\"application-managepartners-display-component---NewPartner--partnerDetailInternal-arrow\"]"}
COMMAND: POST /session/a9b4e6b29d0180ba254fca33fbca36af/element/f.7C9A75291D3E7FF457A20D966EE470C5.d.F54FEFDA0DF6A301B7AC98BC60E9B4EE.e.2883/click - {}
RESULT: {}
COMMAND: POST /session/a9b4e6b29d0180ba254fca33fbca36af/element - {"using":"xpath","value":"//span[contains(text(), \"External partner\")]"}
COMMAND: GET /session/a9b4e6b29d0180ba254fca33fbca36af/screenshot - {}
RESULT: {"using":"xpath","value":"//span[contains(text(), \"External partner\")]"}
COMMAND: POST /session/a9b4e6b29d0180ba254fca33fbca36af/element/f.7C9A75291D3E7FF457A20D966EE470C5.d.F54FEFDA0DF6A301B7AC98BC60E9B4EE.e.2884/click - {}
RESULT: {}
RESULT: {}
COMMAND: POST /session/a9b4e6b29d0180ba254fca33fbca36af/execute/async - {"script":"<script> [1562 bytes]","args":[{"selector":{"id":"application-managepartners-display-component---NewPartner--partnerDetailsCurrency-arrow"},"wdio_ui5_key":"applicationmanagepartners-display-component---NewPartner--partnerDetailsCurrency-arrow"}]}
COMMAND: GET /session/a9b4e6b29d0180ba254fca33fbca36af/screenshot - {}
RESULT: {"script":"<script> [1562 bytes]","args":[{"selector":{"id":"application-managepartners-display-component---NewPartner--partnerDetailsCurrency-arrow"},"wdio_ui5_key":"applicationmanagepartners-display-component---NewPartner--partnerDetailsCurrency-arrow"}]}
RESULT: undefined
COMMAND: POST /session/a9b4e6b29d0180ba254fca33fbca36af/element - {"using":"xpath","value":"//*[@id=\"application-managepartners-display-component---NewPartner--partnerDetailsCurrency-arrow\"]"}
RESULT: {}
RESULT: {"using":"xpath","value":"//*[@id=\"application-managepartners-display-component---NewPartner--partnerDetailsCurrency-arrow\"]"}
COMMAND: POST /session/a9b4e6b29d0180ba254fca33fbca36af/element/f.7C9A75291D3E7FF457A20D966EE470C5.d.F54FEFDA0DF6A301B7AC98BC60E9B4EE.e.2889/click - {}
RESULT: {}
COMMAND: POST /session/a9b4e6b29d0180ba254fca33fbca36af/element - {"using":"xpath","value":"//span[contains(text(), \"US Dollar\")]"}
COMMAND: GET /session/a9b4e6b29d0180ba254fca33fbca36af/screenshot - {}
RESULT: {"using":"xpath","value":"//span[contains(text(), \"US Dollar\")]"}
COMMAND: POST /session/a9b4e6b29d0180ba254fca33fbca36af/element/f.7C9A75291D3E7FF457A20D966EE470C5.d.F54FEFDA0DF6A301B7AC98BC60E9B4EE.e.2890/click - {}
RESULT: {}
RESULT: {}
COMMAND: GET /session/a9b4e6b29d0180ba254fca33fbca36af/screenshot - {}
RESULT: {}
COMMAND: POST /session/a9b4e6b29d0180ba254fca33fbca36af/element - {"using":"xpath","value":"//input[@id=\"application-managepartners-display-component---NewPartner--companyCodeComboBox-inner\"]"}
RESULT: {"using":"xpath","value":"//input[@id=\"application-managepartners-display-component---NewPartner--companyCodeComboBox-inner\"]"}
COMMAND: POST /session/a9b4e6b29d0180ba254fca33fbca36af/element/f.7C9A75291D3E7FF457A20D966EE470C5.d.F54FEFDA0DF6A301B7AC98BC60E9B4EE.e.2740/clear - {}
RESULT: {}
COMMAND: POST /session/a9b4e6b29d0180ba254fca33fbca36af/element/f.7C9A75291D3E7FF457A20D966EE470C5.d.F54FEFDA0DF6A301B7AC98BC60E9B4EE.e.2740/value - {"text":"C002"}
COMMAND: GET /session/a9b4e6b29d0180ba254fca33fbca36af/screenshot - {}
RESULT: {"text":"C002"}
COMMAND: GET /session/a9b4e6b29d0180ba254fca33fbca36af/screenshot - {}
RESULT: {}
RESULT: {}
COMMAND: POST /session/a9b4e6b29d0180ba254fca33fbca36af/element - {"using":"xpath","value":"//span[contains(text(), \"C002\")]"}
RESULT: {"using":"xpath","value":"//span[contains(text(), \"C002\")]"}
COMMAND: POST /session/a9b4e6b29d0180ba254fca33fbca36af/element/f.7C9A75291D3E7FF457A20D966EE470C5.d.F54FEFDA0DF6A301B7AC98BC60E9B4EE.e.2894/click - {}
RESULT: {}
COMMAND: GET /session/a9b4e6b29d0180ba254fca33fbca36af/screenshot - {}
RESULT: {}
COMMAND: POST /session/a9b4e6b29d0180ba254fca33fbca36af/execute/async - {"script":"<script> [1562 bytes]","args":[{"selector":{"id":"application-managepartners-display-component---NewPartner--btnAddTableRow-img"},"wdio_ui5_key":"applicationmanagepartners-display-component---NewPartner--btnAddTableRow-img"}]}
RESULT: {"script":"<script> [1562 bytes]","args":[{"selector":{"id":"application-managepartners-display-component---NewPartner--btnAddTableRow-img"},"wdio_ui5_key":"applicationmanagepartners-display-component---NewPartner--btnAddTableRow-img"}]}
RESULT: undefined
COMMAND: POST /session/a9b4e6b29d0180ba254fca33fbca36af/element - {"using":"xpath","value":"//*[@id=\"application-managepartners-display-component---NewPartner--btnAddTableRow-img\"]"}
RESULT: {"using":"xpath","value":"//*[@id=\"application-managepartners-display-component---NewPartner--btnAddTableRow-img\"]"}
COMMAND: POST /session/a9b4e6b29d0180ba254fca33fbca36af/element/f.7C9A75291D3E7FF457A20D966EE470C5.d.F54FEFDA0DF6A301B7AC98BC60E9B4EE.e.2895/click - {}
RESULT: {}
COMMAND: GET /session/a9b4e6b29d0180ba254fca33fbca36af/screenshot - {}
RESULT: {}
COMMAND: POST /session/a9b4e6b29d0180ba254fca33fbca36af/element - {"using":"xpath","value":"//input[@id=\"application-managepartners-display-component---NewPartner--assignmentYard-application-managepartners-display-component---NewPartner--assignmentsTable-0-inner\"]"}
RESULT: {"using":"xpath","value":"//input[@id=\"application-managepartners-display-component---NewPartner--assignmentYard-application-managepartners-display-component---NewPartner--assignmentsTable-0-inner\"]"}
COMMAND: POST /session/a9b4e6b29d0180ba254fca33fbca36af/element/f.7C9A75291D3E7FF457A20D966EE470C5.d.F54FEFDA0DF6A301B7AC98BC60E9B4EE.e.2898/clear - {}
RESULT: {}
COMMAND: POST /session/a9b4e6b29d0180ba254fca33fbca36af/element/f.7C9A75291D3E7FF457A20D966EE470C5.d.F54FEFDA0DF6A301B7AC98BC60E9B4EE.e.2898/value - {"text":"678"}
COMMAND: GET /session/a9b4e6b29d0180ba254fca33fbca36af/screenshot - {}
RESULT: {"text":"678"}
COMMAND: GET /session/a9b4e6b29d0180ba254fca33fbca36af/screenshot - {}
RESULT: {}
RESULT: {}
COMMAND: POST /session/a9b4e6b29d0180ba254fca33fbca36af/element - {"using":"xpath","value":"//li[.//span[text()='678']]"}
RESULT: {"using":"xpath","value":"//li[.//span[text()='678']]"}
COMMAND: POST /session/a9b4e6b29d0180ba254fca33fbca36af/element/f.7C9A75291D3E7FF457A20D966EE470C5.d.F54FEFDA0DF6A301B7AC98BC60E9B4EE.e.2906/click - {}
RESULT: {}
COMMAND: GET /session/a9b4e6b29d0180ba254fca33fbca36af/screenshot - {}
RESULT: {}
COMMAND: POST /session/a9b4e6b29d0180ba254fca33fbca36af/actions - {"actions":[{"id":"action6","type":"key","parameters":{},"actions":[{"type":"keyDown","value":""},{"type":"pause","duration":10},{"type":"keyUp","value":""}]}]}
RESULT: {"actions":[{"id":"action6","type":"key","parameters":{},"actions":[{"type":"keyDown","value":""},{"type":"pause","duration":10},{"type":"keyUp","value":""}]}]}
COMMAND: POST /session/a9b4e6b29d0180ba254fca33fbca36af/element - {"using":"xpath","value":"//td[contains(@id, \"assignmentsTable-0-cell2\")]/div/div"}
COMMAND: GET /session/a9b4e6b29d0180ba254fca33fbca36af/screenshot - {}
RESULT: {"using":"xpath","value":"//td[contains(@id, \"assignmentsTable-0-cell2\")]/div/div"}
COMMAND: POST /session/a9b4e6b29d0180ba254fca33fbca36af/element/f.7C9A75291D3E7FF457A20D966EE470C5.d.F54FEFDA0DF6A301B7AC98BC60E9B4EE.e.2909/click - {}
RESULT: {}
RESULT: {}
COMMAND: GET /session/a9b4e6b29d0180ba254fca33fbca36af/screenshot - {}
RESULT: {}
COMMAND: POST /session/a9b4e6b29d0180ba254fca33fbca36af/element - {"using":"xpath","value":"//button[@data-kt=\"saveButton\"]"}
RESULT: {"using":"xpath","value":"//button[@data-kt=\"saveButton\"]"}
COMMAND: POST /session/a9b4e6b29d0180ba254fca33fbca36af/element/f.7C9A75291D3E7FF457A20D966EE470C5.d.F54FEFDA0DF6A301B7AC98BC60E9B4EE.e.2857/click - {}
RESULT: {}
COMMAND: GET /session/a9b4e6b29d0180ba254fca33fbca36af/screenshot - {}
RESULT: {}
COMMAND: POST /session/a9b4e6b29d0180ba254fca33fbca36af/element - {"using":"xpath","value":"//header[contains(@id, 'ObjectPageLayout-headerTitle')]/div[1]/div[2]/div[2]/span[1]"}
RESULT: {"using":"xpath","value":"//header[contains(@id, 'ObjectPageLayout-headerTitle')]/div[1]/div[2]/div[2]/span[1]"}
COMMAND: POST /session/a9b4e6b29d0180ba254fca33fbca36af/elements - {"using":"xpath","value":"//header[contains(@id, 'ObjectPageLayout-headerTitle')]/div[1]/div[2]/div[2]/span[1]"}
RESULT: {"using":"xpath","value":"//header[contains(@id, 'ObjectPageLayout-headerTitle')]/div[1]/div[2]/div[2]/span[1]"}
COMMAND: POST /session/a9b4e6b29d0180ba254fca33fbca36af/execute/sync - {"script":"<script> [56 bytes]","args":[{"element-6066-11e4-a52e-4f735466cecf":"f.7C9A75291D3E7FF457A20D966EE470C5.d.F54FEFDA0DF6A301B7AC98BC60E9B4EE.e.3074","ELEMENT":"f.7C9A75291D3E7FF457A20D966EE470C5.d.F54FEFDA0DF6A301B7AC98BC60E9B4EE.e.3074"}]}
RESULT: {"script":"<script> [56 bytes]","args":[{"element-6066-11e4-a52e-4f735466cecf":"f.7C9A75291D3E7FF457A20D966EE470C5.d.F54FEFDA0DF6A301B7AC98BC60E9B4EE.e.3074","ELEMENT":"f.7C9A75291D3E7FF457A20D966EE470C5.d.F54FEFDA0DF6A301B7AC98BC60E9B4EE.e.3074"}]}
COMMAND: POST /session/a9b4e6b29d0180ba254fca33fbca36af/element - {"using":"css selector","value":"#shell-header-logo"}
COMMAND: GET /session/a9b4e6b29d0180ba254fca33fbca36af/screenshot - {}
RESULT: {"using":"css selector","value":"#shell-header-logo"}
COMMAND: POST /session/a9b4e6b29d0180ba254fca33fbca36af/element/f.7C9A75291D3E7FF457A20D966EE470C5.d.F54FEFDA0DF6A301B7AC98BC60E9B4EE.e.2390/click - {}
RESULT: {}
RESULT: {}
COMMAND: GET /session/a9b4e6b29d0180ba254fca33fbca36af/screenshot - {}
RESULT: {}
COMMAND: POST /session/a9b4e6b29d0180ba254fca33fbca36af/execute/sync - {"script":"<script> [299 bytes]","args":[["getModel","getResource"]]}
RESULT: {"script":"<script> [299 bytes]","args":[["getModel","getResource"]]}
COMMAND: GET /session/a9b4e6b29d0180ba254fca33fbca36af/screenshot - {}
]]></system-out>
    </testcase>
    <testcase classname="chrome.135_0_7049_42.windows.Create_partner_US118246" name="Should create new external WHM partner" time="72.314">
      <system-out><![CDATA[
COMMAND: POST /session/a9b4e6b29d0180ba254fca33fbca36af/window/fullscreen - {}
RESULT: {}
RESULT: undefined
COMMAND: POST /session/a9b4e6b29d0180ba254fca33fbca36af/element - {"using":"xpath","value":"//*[@id=\"__tile38\"]"}
RESULT: {}
RESULT: {"using":"xpath","value":"//*[@id=\"__tile38\"]"}
COMMAND: POST /session/a9b4e6b29d0180ba254fca33fbca36af/element/f.7C9A75291D3E7FF457A20D966EE470C5.d.F54FEFDA0DF6A301B7AC98BC60E9B4EE.e.2286/click - {}
RESULT: {}
COMMAND: POST /session/a9b4e6b29d0180ba254fca33fbca36af/element - {"using":"xpath","value":"//button[@data-kt=\"addButton\"]"}
COMMAND: GET /session/a9b4e6b29d0180ba254fca33fbca36af/screenshot - {}
RESULT: {"using":"xpath","value":"//button[@data-kt=\"addButton\"]"}
COMMAND: POST /session/a9b4e6b29d0180ba254fca33fbca36af/elements - {"using":"xpath","value":"//button[@data-kt=\"addButton\"]"}
RESULT: {}
RESULT: {"using":"xpath","value":"//button[@data-kt=\"addButton\"]"}
COMMAND: POST /session/a9b4e6b29d0180ba254fca33fbca36af/elements - {"using":"xpath","value":"//button[@data-kt=\"addButton\"]"}
RESULT: {"using":"xpath","value":"//button[@data-kt=\"addButton\"]"}
COMMAND: POST /session/a9b4e6b29d0180ba254fca33fbca36af/elements - {"using":"xpath","value":"//button[@data-kt=\"addButton\"]"}
RESULT: {"using":"xpath","value":"//button[@data-kt=\"addButton\"]"}
COMMAND: POST /session/a9b4e6b29d0180ba254fca33fbca36af/elements - {"using":"xpath","value":"//button[@data-kt=\"addButton\"]"}
RESULT: {"using":"xpath","value":"//button[@data-kt=\"addButton\"]"}
COMMAND: POST /session/a9b4e6b29d0180ba254fca33fbca36af/elements - {"using":"xpath","value":"//button[@data-kt=\"addButton\"]"}
RESULT: {"using":"xpath","value":"//button[@data-kt=\"addButton\"]"}
COMMAND: POST /session/a9b4e6b29d0180ba254fca33fbca36af/elements - {"using":"xpath","value":"//button[@data-kt=\"addButton\"]"}
RESULT: {"using":"xpath","value":"//button[@data-kt=\"addButton\"]"}
COMMAND: POST /session/a9b4e6b29d0180ba254fca33fbca36af/elements - {"using":"xpath","value":"//button[@data-kt=\"addButton\"]"}
RESULT: {"using":"xpath","value":"//button[@data-kt=\"addButton\"]"}
COMMAND: POST /session/a9b4e6b29d0180ba254fca33fbca36af/elements - {"using":"xpath","value":"//button[@data-kt=\"addButton\"]"}
RESULT: {"using":"xpath","value":"//button[@data-kt=\"addButton\"]"}
COMMAND: POST /session/a9b4e6b29d0180ba254fca33fbca36af/elements - {"using":"xpath","value":"//button[@data-kt=\"addButton\"]"}
RESULT: {"using":"xpath","value":"//button[@data-kt=\"addButton\"]"}
COMMAND: POST /session/a9b4e6b29d0180ba254fca33fbca36af/elements - {"using":"xpath","value":"//button[@data-kt=\"addButton\"]"}
RESULT: {"using":"xpath","value":"//button[@data-kt=\"addButton\"]"}
COMMAND: POST /session/a9b4e6b29d0180ba254fca33fbca36af/elements - {"using":"xpath","value":"//button[@data-kt=\"addButton\"]"}
RESULT: {"using":"xpath","value":"//button[@data-kt=\"addButton\"]"}
COMMAND: POST /session/a9b4e6b29d0180ba254fca33fbca36af/elements - {"using":"xpath","value":"//button[@data-kt=\"addButton\"]"}
RESULT: {"using":"xpath","value":"//button[@data-kt=\"addButton\"]"}
COMMAND: POST /session/a9b4e6b29d0180ba254fca33fbca36af/elements - {"using":"xpath","value":"//button[@data-kt=\"addButton\"]"}
RESULT: {"using":"xpath","value":"//button[@data-kt=\"addButton\"]"}
COMMAND: POST /session/a9b4e6b29d0180ba254fca33fbca36af/elements - {"using":"xpath","value":"//button[@data-kt=\"addButton\"]"}
RESULT: {"using":"xpath","value":"//button[@data-kt=\"addButton\"]"}
COMMAND: POST /session/a9b4e6b29d0180ba254fca33fbca36af/elements - {"using":"xpath","value":"//button[@data-kt=\"addButton\"]"}
RESULT: {"using":"xpath","value":"//button[@data-kt=\"addButton\"]"}
COMMAND: POST /session/a9b4e6b29d0180ba254fca33fbca36af/elements - {"using":"xpath","value":"//button[@data-kt=\"addButton\"]"}
RESULT: {"using":"xpath","value":"//button[@data-kt=\"addButton\"]"}
COMMAND: POST /session/a9b4e6b29d0180ba254fca33fbca36af/elements - {"using":"xpath","value":"//button[@data-kt=\"addButton\"]"}
RESULT: {"using":"xpath","value":"//button[@data-kt=\"addButton\"]"}
COMMAND: POST /session/a9b4e6b29d0180ba254fca33fbca36af/element - {"using":"xpath","value":"//button[@data-kt=\"addButton\"]"}
RESULT: {"using":"xpath","value":"//button[@data-kt=\"addButton\"]"}
COMMAND: POST /session/a9b4e6b29d0180ba254fca33fbca36af/execute/sync - {"script":"<script> [8489 bytes]","args":[{"element-6066-11e4-a52e-4f735466cecf":"f.7C9A75291D3E7FF457A20D966EE470C5.d.F54FEFDA0DF6A301B7AC98BC60E9B4EE.e.3121","ELEMENT":"f.7C9A75291D3E7FF457A20D966EE470C5.d.F54FEFDA0DF6A301B7AC98BC60E9B4EE.e.3121"}]}
RESULT: {"script":"<script> [8489 bytes]","args":[{"element-6066-11e4-a52e-4f735466cecf":"f.7C9A75291D3E7FF457A20D966EE470C5.d.F54FEFDA0DF6A301B7AC98BC60E9B4EE.e.3121","ELEMENT":"f.7C9A75291D3E7FF457A20D966EE470C5.d.F54FEFDA0DF6A301B7AC98BC60E9B4EE.e.3121"}]}
COMMAND: GET /session/a9b4e6b29d0180ba254fca33fbca36af/element/f.7C9A75291D3E7FF457A20D966EE470C5.d.F54FEFDA0DF6A301B7AC98BC60E9B4EE.e.3121/enabled - {}
COMMAND: GET /session/a9b4e6b29d0180ba254fca33fbca36af/screenshot - {}
RESULT: {}
COMMAND: POST /session/a9b4e6b29d0180ba254fca33fbca36af/execute/sync - {"script":"<script> [8489 bytes]","args":[{"element-6066-11e4-a52e-4f735466cecf":"f.7C9A75291D3E7FF457A20D966EE470C5.d.F54FEFDA0DF6A301B7AC98BC60E9B4EE.e.3121","ELEMENT":"f.7C9A75291D3E7FF457A20D966EE470C5.d.F54FEFDA0DF6A301B7AC98BC60E9B4EE.e.3121"}]}
COMMAND: GET /session/a9b4e6b29d0180ba254fca33fbca36af/screenshot - {}
RESULT: {}
RESULT: {"script":"<script> [8489 bytes]","args":[{"element-6066-11e4-a52e-4f735466cecf":"f.7C9A75291D3E7FF457A20D966EE470C5.d.F54FEFDA0DF6A301B7AC98BC60E9B4EE.e.3121","ELEMENT":"f.7C9A75291D3E7FF457A20D966EE470C5.d.F54FEFDA0DF6A301B7AC98BC60E9B4EE.e.3121"}]}
COMMAND: POST /session/a9b4e6b29d0180ba254fca33fbca36af/execute/sync - {"script":"<script> [5351 bytes]","args":[{"element-6066-11e4-a52e-4f735466cecf":"f.7C9A75291D3E7FF457A20D966EE470C5.d.F54FEFDA0DF6A301B7AC98BC60E9B4EE.e.3121","ELEMENT":"f.7C9A75291D3E7FF457A20D966EE470C5.d.F54FEFDA0DF6A301B7AC98BC60E9B4EE.e.3121"}]}
COMMAND: GET /session/a9b4e6b29d0180ba254fca33fbca36af/screenshot - {}
RESULT: {}
RESULT: {"script":"<script> [5351 bytes]","args":[{"element-6066-11e4-a52e-4f735466cecf":"f.7C9A75291D3E7FF457A20D966EE470C5.d.F54FEFDA0DF6A301B7AC98BC60E9B4EE.e.3121","ELEMENT":"f.7C9A75291D3E7FF457A20D966EE470C5.d.F54FEFDA0DF6A301B7AC98BC60E9B4EE.e.3121"}]}
COMMAND: POST /session/a9b4e6b29d0180ba254fca33fbca36af/element/f.7C9A75291D3E7FF457A20D966EE470C5.d.F54FEFDA0DF6A301B7AC98BC60E9B4EE.e.3121/click - {}
COMMAND: GET /session/a9b4e6b29d0180ba254fca33fbca36af/screenshot - {}
RESULT: {}
RESULT: {}
COMMAND: GET /session/a9b4e6b29d0180ba254fca33fbca36af/screenshot - {}
RESULT: undefined
COMMAND: POST /session/a9b4e6b29d0180ba254fca33fbca36af/execute/async - {"script":"<script> [776 bytes]","args":[{"enterText":"WHM Partner WDIO","selector":{"id":"application-managepartners-display-component---NewPartner--addressDetailDetailsName1","interaction":{"idSuffix":"inner"}},"clearTextFirst":true,"interactionType":"ENTER_TEXT"}]}
RESULT: {}
RESULT: {}
RESULT: {"script":"<script> [776 bytes]","args":[{"enterText":"WHM Partner WDIO","selector":{"id":"application-managepartners-display-component---NewPartner--addressDetailDetailsName1","interaction":{"idSuffix":"inner"}},"clearTextFirst":true,"interactionType":"ENTER_TEXT"}]}
RESULT: undefined
COMMAND: POST /session/a9b4e6b29d0180ba254fca33fbca36af/element - {"using":"xpath","value":"//*[@id=\"application-managepartners-display-component---NewPartner--addressDetailDetailsLanguage-arrow\"]"}
RESULT: {"using":"xpath","value":"//*[@id=\"application-managepartners-display-component---NewPartner--addressDetailDetailsLanguage-arrow\"]"}
COMMAND: POST /session/a9b4e6b29d0180ba254fca33fbca36af/element/f.7C9A75291D3E7FF457A20D966EE470C5.d.F54FEFDA0DF6A301B7AC98BC60E9B4EE.e.3559/click - {}
RESULT: {}
COMMAND: POST /session/a9b4e6b29d0180ba254fca33fbca36af/element - {"using":"xpath","value":"//span[contains(text(), \"English\")]"}
COMMAND: GET /session/a9b4e6b29d0180ba254fca33fbca36af/screenshot - {}
RESULT: {"using":"xpath","value":"//span[contains(text(), \"English\")]"}
COMMAND: POST /session/a9b4e6b29d0180ba254fca33fbca36af/element/f.7C9A75291D3E7FF457A20D966EE470C5.d.F54FEFDA0DF6A301B7AC98BC60E9B4EE.e.3560/click - {}
RESULT: {}
RESULT: {}
COMMAND: GET /session/a9b4e6b29d0180ba254fca33fbca36af/screenshot - {}
RESULT: {}
RESULT: undefined
COMMAND: POST /session/a9b4e6b29d0180ba254fca33fbca36af/execute/async - {"script":"<script> [776 bytes]","args":[{"enterText":"Rosario","selector":{"id":"application-managepartners-display-component---NewPartner--addressDetailDetailsCity1","interaction":{"idSuffix":"inner"}},"clearTextFirst":true,"interactionType":"ENTER_TEXT"}]}
RESULT: {"script":"<script> [776 bytes]","args":[{"enterText":"Rosario","selector":{"id":"application-managepartners-display-component---NewPartner--addressDetailDetailsCity1","interaction":{"idSuffix":"inner"}},"clearTextFirst":true,"interactionType":"ENTER_TEXT"}]}
RESULT: undefined
COMMAND: POST /session/a9b4e6b29d0180ba254fca33fbca36af/element - {"using":"xpath","value":"//*[@id=\"application-managepartners-display-component---NewPartner--addressDetailDetailsCountry-arrow\"]"}
RESULT: {"using":"xpath","value":"//*[@id=\"application-managepartners-display-component---NewPartner--addressDetailDetailsCountry-arrow\"]"}
COMMAND: POST /session/a9b4e6b29d0180ba254fca33fbca36af/element/f.7C9A75291D3E7FF457A20D966EE470C5.d.F54FEFDA0DF6A301B7AC98BC60E9B4EE.e.3542/click - {}
RESULT: {}
COMMAND: POST /session/a9b4e6b29d0180ba254fca33fbca36af/element - {"using":"xpath","value":"//span[contains(text(), \"Argentina\")]"}
COMMAND: GET /session/a9b4e6b29d0180ba254fca33fbca36af/screenshot - {}
RESULT: {"using":"xpath","value":"//span[contains(text(), \"Argentina\")]"}
COMMAND: POST /session/a9b4e6b29d0180ba254fca33fbca36af/element/f.7C9A75291D3E7FF457A20D966EE470C5.d.F54FEFDA0DF6A301B7AC98BC60E9B4EE.e.3561/click - {}
RESULT: {}
RESULT: {}
COMMAND: GET /session/a9b4e6b29d0180ba254fca33fbca36af/screenshot - {}
RESULT: {}
COMMAND: POST /session/a9b4e6b29d0180ba254fca33fbca36af/element - {"using":"xpath","value":"//bdi[contains(text(), \"Commercial\")]"}
RESULT: {"using":"xpath","value":"//bdi[contains(text(), \"Commercial\")]"}
COMMAND: POST /session/a9b4e6b29d0180ba254fca33fbca36af/element/f.7C9A75291D3E7FF457A20D966EE470C5.d.F54FEFDA0DF6A301B7AC98BC60E9B4EE.e.3562/click - {}
RESULT: {}
COMMAND: GET /session/a9b4e6b29d0180ba254fca33fbca36af/screenshot - {}
RESULT: {}
RESULT: undefined
COMMAND: POST /session/a9b4e6b29d0180ba254fca33fbca36af/element - {"using":"xpath","value":"//*[@id=\"application-managepartners-display-component---NewPartner--partnerDetailInternal-arrow\"]"}
RESULT: {"using":"xpath","value":"//*[@id=\"application-managepartners-display-component---NewPartner--partnerDetailInternal-arrow\"]"}
COMMAND: POST /session/a9b4e6b29d0180ba254fca33fbca36af/element/f.7C9A75291D3E7FF457A20D966EE470C5.d.F54FEFDA0DF6A301B7AC98BC60E9B4EE.e.3568/click - {}
RESULT: {}
COMMAND: POST /session/a9b4e6b29d0180ba254fca33fbca36af/element - {"using":"xpath","value":"//span[contains(text(), \"External partner\")]"}
COMMAND: GET /session/a9b4e6b29d0180ba254fca33fbca36af/screenshot - {}
RESULT: {"using":"xpath","value":"//span[contains(text(), \"External partner\")]"}
COMMAND: POST /session/a9b4e6b29d0180ba254fca33fbca36af/element/f.7C9A75291D3E7FF457A20D966EE470C5.d.F54FEFDA0DF6A301B7AC98BC60E9B4EE.e.3571/click - {}
RESULT: {}
RESULT: {}
RESULT: undefined
COMMAND: POST /session/a9b4e6b29d0180ba254fca33fbca36af/element - {"using":"xpath","value":"//*[@id=\"application-managepartners-display-component---NewPartner--partnerDetailsCurrency-arrow\"]"}
COMMAND: GET /session/a9b4e6b29d0180ba254fca33fbca36af/screenshot - {}
RESULT: {"using":"xpath","value":"//*[@id=\"application-managepartners-display-component---NewPartner--partnerDetailsCurrency-arrow\"]"}
COMMAND: POST /session/a9b4e6b29d0180ba254fca33fbca36af/element/f.7C9A75291D3E7FF457A20D966EE470C5.d.F54FEFDA0DF6A301B7AC98BC60E9B4EE.e.3576/click - {}
RESULT: {}
RESULT: {}
COMMAND: POST /session/a9b4e6b29d0180ba254fca33fbca36af/element - {"using":"xpath","value":"//span[contains(text(), \"US Dollar\")]"}
COMMAND: GET /session/a9b4e6b29d0180ba254fca33fbca36af/screenshot - {}
RESULT: {"using":"xpath","value":"//span[contains(text(), \"US Dollar\")]"}
COMMAND: POST /session/a9b4e6b29d0180ba254fca33fbca36af/element/f.7C9A75291D3E7FF457A20D966EE470C5.d.F54FEFDA0DF6A301B7AC98BC60E9B4EE.e.3577/click - {}
RESULT: {}
RESULT: {}
COMMAND: GET /session/a9b4e6b29d0180ba254fca33fbca36af/screenshot - {}
RESULT: {}
COMMAND: POST /session/a9b4e6b29d0180ba254fca33fbca36af/element - {"using":"xpath","value":"//input[@id=\"application-managepartners-display-component---NewPartner--companyCodeComboBox-inner\"]"}
RESULT: {"using":"xpath","value":"//input[@id=\"application-managepartners-display-component---NewPartner--companyCodeComboBox-inner\"]"}
COMMAND: POST /session/a9b4e6b29d0180ba254fca33fbca36af/element/f.7C9A75291D3E7FF457A20D966EE470C5.d.F54FEFDA0DF6A301B7AC98BC60E9B4EE.e.3421/clear - {}
RESULT: {}
COMMAND: POST /session/a9b4e6b29d0180ba254fca33fbca36af/element/f.7C9A75291D3E7FF457A20D966EE470C5.d.F54FEFDA0DF6A301B7AC98BC60E9B4EE.e.3421/value - {"text":"C002"}
COMMAND: GET /session/a9b4e6b29d0180ba254fca33fbca36af/screenshot - {}
RESULT: {"text":"C002"}
COMMAND: GET /session/a9b4e6b29d0180ba254fca33fbca36af/screenshot - {}
RESULT: {}
RESULT: {}
COMMAND: POST /session/a9b4e6b29d0180ba254fca33fbca36af/element - {"using":"xpath","value":"//span[contains(text(), \"C002\")]"}
RESULT: {"using":"xpath","value":"//span[contains(text(), \"C002\")]"}
COMMAND: POST /session/a9b4e6b29d0180ba254fca33fbca36af/element/f.7C9A75291D3E7FF457A20D966EE470C5.d.F54FEFDA0DF6A301B7AC98BC60E9B4EE.e.3581/click - {}
RESULT: {}
COMMAND: GET /session/a9b4e6b29d0180ba254fca33fbca36af/screenshot - {}
RESULT: {}
RESULT: undefined
COMMAND: POST /session/a9b4e6b29d0180ba254fca33fbca36af/element - {"using":"xpath","value":"//*[@id=\"application-managepartners-display-component---NewPartner--btnAddTableRow-img\"]"}
RESULT: {"using":"xpath","value":"//*[@id=\"application-managepartners-display-component---NewPartner--btnAddTableRow-img\"]"}
COMMAND: POST /session/a9b4e6b29d0180ba254fca33fbca36af/element/f.7C9A75291D3E7FF457A20D966EE470C5.d.F54FEFDA0DF6A301B7AC98BC60E9B4EE.e.3582/click - {}
RESULT: {}
COMMAND: GET /session/a9b4e6b29d0180ba254fca33fbca36af/screenshot - {}
RESULT: {}
COMMAND: POST /session/a9b4e6b29d0180ba254fca33fbca36af/element - {"using":"xpath","value":"//input[@id=\"application-managepartners-display-component---NewPartner--assignmentYard-application-managepartners-display-component---NewPartner--assignmentsTable-0-inner\"]"}
RESULT: {"using":"xpath","value":"//input[@id=\"application-managepartners-display-component---NewPartner--assignmentYard-application-managepartners-display-component---NewPartner--assignmentsTable-0-inner\"]"}
COMMAND: POST /session/a9b4e6b29d0180ba254fca33fbca36af/element/f.7C9A75291D3E7FF457A20D966EE470C5.d.F54FEFDA0DF6A301B7AC98BC60E9B4EE.e.3585/clear - {}
RESULT: {}
COMMAND: POST /session/a9b4e6b29d0180ba254fca33fbca36af/element/f.7C9A75291D3E7FF457A20D966EE470C5.d.F54FEFDA0DF6A301B7AC98BC60E9B4EE.e.3585/value - {"text":"679"}
COMMAND: GET /session/a9b4e6b29d0180ba254fca33fbca36af/screenshot - {}
RESULT: {"text":"679"}
COMMAND: GET /session/a9b4e6b29d0180ba254fca33fbca36af/screenshot - {}
RESULT: {}
RESULT: {}
COMMAND: POST /session/a9b4e6b29d0180ba254fca33fbca36af/element - {"using":"xpath","value":"//li[.//span[text()='679']]"}
RESULT: {"using":"xpath","value":"//li[.//span[text()='679']]"}
COMMAND: POST /session/a9b4e6b29d0180ba254fca33fbca36af/element/f.7C9A75291D3E7FF457A20D966EE470C5.d.F54FEFDA0DF6A301B7AC98BC60E9B4EE.e.3592/click - {}
RESULT: {}
COMMAND: GET /session/a9b4e6b29d0180ba254fca33fbca36af/screenshot - {}
RESULT: {}
COMMAND: POST /session/a9b4e6b29d0180ba254fca33fbca36af/actions - {"actions":[{"id":"action7","type":"key","parameters":{},"actions":[{"type":"keyDown","value":""},{"type":"pause","duration":10},{"type":"keyUp","value":""}]}]}
RESULT: {"actions":[{"id":"action7","type":"key","parameters":{},"actions":[{"type":"keyDown","value":""},{"type":"pause","duration":10},{"type":"keyUp","value":""}]}]}
COMMAND: POST /session/a9b4e6b29d0180ba254fca33fbca36af/element - {"using":"xpath","value":"//td[contains(@id, \"assignmentsTable-0-cell2\")]/div/div"}
COMMAND: GET /session/a9b4e6b29d0180ba254fca33fbca36af/screenshot - {}
RESULT: {"using":"xpath","value":"//td[contains(@id, \"assignmentsTable-0-cell2\")]/div/div"}
COMMAND: POST /session/a9b4e6b29d0180ba254fca33fbca36af/element/f.7C9A75291D3E7FF457A20D966EE470C5.d.F54FEFDA0DF6A301B7AC98BC60E9B4EE.e.3595/click - {}
RESULT: {}
RESULT: {}
COMMAND: GET /session/a9b4e6b29d0180ba254fca33fbca36af/screenshot - {}
RESULT: {}
COMMAND: POST /session/a9b4e6b29d0180ba254fca33fbca36af/element - {"using":"xpath","value":"//button[@data-kt=\"saveButton\"]"}
RESULT: {"using":"xpath","value":"//button[@data-kt=\"saveButton\"]"}
COMMAND: POST /session/a9b4e6b29d0180ba254fca33fbca36af/element/f.7C9A75291D3E7FF457A20D966EE470C5.d.F54FEFDA0DF6A301B7AC98BC60E9B4EE.e.3544/click - {}
RESULT: {}
COMMAND: GET /session/a9b4e6b29d0180ba254fca33fbca36af/screenshot - {}
RESULT: {}
COMMAND: POST /session/a9b4e6b29d0180ba254fca33fbca36af/element - {"using":"xpath","value":"//header[contains(@id, 'ObjectPageLayout-headerTitle')]/div[1]/div[2]/div[2]/span[1]"}
RESULT: {"using":"xpath","value":"//header[contains(@id, 'ObjectPageLayout-headerTitle')]/div[1]/div[2]/div[2]/span[1]"}
COMMAND: POST /session/a9b4e6b29d0180ba254fca33fbca36af/elements - {"using":"xpath","value":"//header[contains(@id, 'ObjectPageLayout-headerTitle')]/div[1]/div[2]/div[2]/span[1]"}
RESULT: {"using":"xpath","value":"//header[contains(@id, 'ObjectPageLayout-headerTitle')]/div[1]/div[2]/div[2]/span[1]"}
COMMAND: POST /session/a9b4e6b29d0180ba254fca33fbca36af/execute/sync - {"script":"<script> [56 bytes]","args":[{"element-6066-11e4-a52e-4f735466cecf":"f.7C9A75291D3E7FF457A20D966EE470C5.d.F54FEFDA0DF6A301B7AC98BC60E9B4EE.e.3757","ELEMENT":"f.7C9A75291D3E7FF457A20D966EE470C5.d.F54FEFDA0DF6A301B7AC98BC60E9B4EE.e.3757"}]}
RESULT: {"script":"<script> [56 bytes]","args":[{"element-6066-11e4-a52e-4f735466cecf":"f.7C9A75291D3E7FF457A20D966EE470C5.d.F54FEFDA0DF6A301B7AC98BC60E9B4EE.e.3757","ELEMENT":"f.7C9A75291D3E7FF457A20D966EE470C5.d.F54FEFDA0DF6A301B7AC98BC60E9B4EE.e.3757"}]}
COMMAND: POST /session/a9b4e6b29d0180ba254fca33fbca36af/element - {"using":"css selector","value":"#shell-header-logo"}
COMMAND: GET /session/a9b4e6b29d0180ba254fca33fbca36af/screenshot - {}
RESULT: {"using":"css selector","value":"#shell-header-logo"}
COMMAND: POST /session/a9b4e6b29d0180ba254fca33fbca36af/element/f.7C9A75291D3E7FF457A20D966EE470C5.d.F54FEFDA0DF6A301B7AC98BC60E9B4EE.e.3077/click - {}
RESULT: {}
RESULT: {}
COMMAND: GET /session/a9b4e6b29d0180ba254fca33fbca36af/screenshot - {}
RESULT: {}
COMMAND: POST /session/a9b4e6b29d0180ba254fca33fbca36af/execute/sync - {"script":"<script> [299 bytes]","args":[["getModel","getResource"]]}
RESULT: {"script":"<script> [299 bytes]","args":[["getModel","getResource"]]}
COMMAND: GET /session/a9b4e6b29d0180ba254fca33fbca36af/screenshot - {}
COMMAND: POST /session/a9b4e6b29d0180ba254fca33fbca36af/refresh - {}
RESULT: {}
RESULT: {}
COMMAND: GET /session/a9b4e6b29d0180ba254fca33fbca36af/screenshot - {}
RESULT: {}
COMMAND: POST /session/a9b4e6b29d0180ba254fca33fbca36af/refresh - {}
RESULT: {}
COMMAND: GET /session/a9b4e6b29d0180ba254fca33fbca36af/screenshot - {}
RESULT: {}
COMMAND: POST /session/a9b4e6b29d0180ba254fca33fbca36af/window/fullscreen - {}
RESULT: {}
COMMAND: POST /session/a9b4e6b29d0180ba254fca33fbca36af/execute/async - {"script":"<script> [189 bytes]","args":[]}
RESULT: {"script":"<script> [189 bytes]","args":[]}
COMMAND: POST /session/a9b4e6b29d0180ba254fca33fbca36af/execute/async - {"script":"<script> [123 bytes]","args":[]}
RESULT: {"script":"<script> [123 bytes]","args":[]}
COMMAND: POST /session/a9b4e6b29d0180ba254fca33fbca36af/timeouts - {"script":"<number>"}
RESULT: {"script":"<number>"}
COMMAND: GET /session/a9b4e6b29d0180ba254fca33fbca36af/timeouts - {}
RESULT: {}
RESULT: undefined
COMMAND: POST /session/a9b4e6b29d0180ba254fca33fbca36af/execute/async - {"script":"<script> [2676 bytes]","args":[]}
RESULT: {"script":"<script> [2676 bytes]","args":[]}
COMMAND: POST /session/a9b4e6b29d0180ba254fca33fbca36af/execute/async - {"script":"<script> [2342 bytes]","args":[{"protocol":"http","hostname":"0.0.0.0","path":"/","capabilities":{"browserName":"chrome","goog:chromeOptions":{"binary":"C:\\Program Files\\Google\\Chrome\\Application\\chrome.exe","args":["--start-maximized"]}},"logLevel":"warn","connectionRetryTimeout":120000,"connectionRetryCount":3,"logLevels":{},"enableDirectConnect":true,"strictSSL":true,"_":"65 more keys: [\"cacheDir\",\"port\",\"requestedCapabilities\",\"automationProtocol\",\"baseUrl\",\"waitforInterval\",\"waitforTimeout\",\"onReload\",\"beforeCommand\",\"afterCommand\",\"rootDir\",\"specs\",\"suites\",\"exclude\",\"groupLogsByTestSpec\",\"excludeDriverLogs\",\"bail\",\"framework\",\"reporters\",\"services\",\"maxInstances\",\"maxInstancesPerCapability\",\"injectGlobals\",\"filesToWatch\",\"execArgv\",\"runnerEnv\",\"runner\",\"shard\",\"specFileRetries\",\"specFileRetriesDelay\",\"specFileRetriesDeferred\",\"reporterSyncInterval\",\"reporterSyncTimeout\",\"cucumberFeaturesWithLineNumbers\",\"autoCompileOpts\",\"mochaOpts\",\"jasmineOpts\",\"cucumberOpts\",\"onPrepare\",\"onWorkerStart\",\"onWorkerEnd\",\"before\",\"beforeSession\",\"beforeSuite\",\"beforeHook\",\"beforeTest\",\"afterTest\",\"afterHook\",\"afterSuite\",\"afterSession\",\"after\",\"onComplete\",\"beforeAssertion\",\"afterAssertion\",\"beforeFeature\",\"beforeScenario\",\"beforeStep\",\"afterStep\",\"afterScenario\",\"afterFeature\",\"_\",\"suite\",\"$0\",\"ignoredWorkerServices\",\"wdi5\"]"}]}
RESULT: {"script":"<script> [2342 bytes]","args":[{"protocol":"http","hostname":"0.0.0.0","path":"/","capabilities":{"browserName":"chrome","goog:chromeOptions":{"binary":"C:\\Program Files\\Google\\Chrome\\Application\\chrome.exe","args":["--start-maximized"]}},"logLevel":"warn","connectionRetryTimeout":120000,"connectionRetryCount":3,"logLevels":{},"enableDirectConnect":true,"strictSSL":true,"_":"65 more keys: [\"cacheDir\",\"port\",\"requestedCapabilities\",\"automationProtocol\",\"baseUrl\",\"waitforInterval\",\"waitforTimeout\",\"onReload\",\"beforeCommand\",\"afterCommand\",\"rootDir\",\"specs\",\"suites\",\"exclude\",\"groupLogsByTestSpec\",\"excludeDriverLogs\",\"bail\",\"framework\",\"reporters\",\"services\",\"maxInstances\",\"maxInstancesPerCapability\",\"injectGlobals\",\"filesToWatch\",\"execArgv\",\"runnerEnv\",\"runner\",\"shard\",\"specFileRetries\",\"specFileRetriesDelay\",\"specFileRetriesDeferred\",\"reporterSyncInterval\",\"reporterSyncTimeout\",\"cucumberFeaturesWithLineNumbers\",\"autoCompileOpts\",\"mochaOpts\",\"jasmineOpts\",\"cucumberOpts\",\"onPrepare\",\"onWorkerStart\",\"onWorkerEnd\",\"before\",\"beforeSession\",\"beforeSuite\",\"beforeHook\",\"beforeTest\",\"afterTest\",\"afterHook\",\"afterSuite\",\"afterSession\",\"after\",\"onComplete\",\"beforeAssertion\",\"afterAssertion\",\"beforeFeature\",\"beforeScenario\",\"beforeStep\",\"afterStep\",\"afterScenario\",\"afterFeature\",\"_\",\"suite\",\"$0\",\"ignoredWorkerServices\",\"wdi5\"]"}]}
COMMAND: POST /session/a9b4e6b29d0180ba254fca33fbca36af/execute/async - {"script":"<script> [21126 bytes]","args":[35000]}
RESULT: {"script":"<script> [21126 bytes]","args":[35000]}
COMMAND: POST /session/a9b4e6b29d0180ba254fca33fbca36af/element - {"using":"css selector","value":"#shell-header-logo"}
RESULT: {"using":"css selector","value":"#shell-header-logo"}
COMMAND: POST /session/a9b4e6b29d0180ba254fca33fbca36af/element/f.7C9A75291D3E7FF457A20D966EE470C5.d.A728A6A497894B29D5A33753907273EC.e.3902/click - {}
RESULT: {}
COMMAND: GET /session/a9b4e6b29d0180ba254fca33fbca36af/screenshot - {}
RESULT: {}
COMMAND: POST /session/a9b4e6b29d0180ba254fca33fbca36af/execute/async - {"script":"<script> [1562 bytes]","args":[{"selector":{"controlType":"sap.m.GenericTile","properties":{"header":"Manage Sites"}},"wdio_ui5_key":"sapm.GenericTile{\"header\":\"Manage Sites\"}"}]}
RESULT: {"script":"<script> [1562 bytes]","args":[{"selector":{"controlType":"sap.m.GenericTile","properties":{"header":"Manage Sites"}},"wdio_ui5_key":"sapm.GenericTile{\"header\":\"Manage Sites\"}"}]}
RESULT: undefined
COMMAND: POST /session/a9b4e6b29d0180ba254fca33fbca36af/element - {"using":"xpath","value":"//*[@id=\"__tile32\"]"}
RESULT: {"using":"xpath","value":"//*[@id=\"__tile32\"]"}
COMMAND: POST /session/a9b4e6b29d0180ba254fca33fbca36af/element/f.7C9A75291D3E7FF457A20D966EE470C5.d.A728A6A497894B29D5A33753907273EC.e.3831/click - {}
RESULT: {}
]]></system-out>
    </testcase>
  </testsuite>
  <testsuite timestamp="2025-04-22T15:31:05" time="182.654" tests="2" failures="0" errors="0" skipped="0">
    <properties>
      <property name="specId" value="0"/>
      <property name="suiteName" value="Create 2 sites US118246"/>
      <property name="capabilities" value="chrome.135_0_7049_42.windows"/>
      <property name="file" value="file:///D:/a/1/s/test/specs/R2C/create-site.spec.js"/>
    </properties>
    <testcase classname="chrome.135_0_7049_42.windows.Create_2_sites_US118246" name="Should create new site" time="82.812">
      <system-out><![CDATA[
COMMAND: POST /session/a9b4e6b29d0180ba254fca33fbca36af/execute/async - {"script":"<script> [1562 bytes]","args":[{"selector":{"controlType":"sap.m.Title","viewName":"etm.portal.ui.managesites.view.Master","viewId":"application-managesites-display-component---masterSite","i18NText":{"propertyName":"text","key":"sites"}},"wdio_ui5_key":"etmportal.ui.managesites.view.Mastersap.m.Title{\"propertyName\":\"text\",\"key\":\"sites\"}"}]}
COMMAND: GET /session/a9b4e6b29d0180ba254fca33fbca36af/screenshot - {}
RESULT: {"script":"<script> [1562 bytes]","args":[{"selector":{"controlType":"sap.m.Title","viewName":"etm.portal.ui.managesites.view.Master","viewId":"application-managesites-display-component---masterSite","i18NText":{"propertyName":"text","key":"sites"}},"wdio_ui5_key":"etmportal.ui.managesites.view.Mastersap.m.Title{\"propertyName\":\"text\",\"key\":\"sites\"}"}]}
RESULT: undefined
COMMAND: POST /session/a9b4e6b29d0180ba254fca33fbca36af/execute/async - {"script":"<script> [6424 bytes]","args":[{"element-6066-11e4-a52e-4f735466cecf":"f.7C9A75291D3E7FF457A20D966EE470C5.d.A728A6A497894B29D5A33753907273EC.e.4077"},"getText",[]]}
RESULT: {}
RESULT: {"script":"<script> [6424 bytes]","args":[{"element-6066-11e4-a52e-4f735466cecf":"f.7C9A75291D3E7FF457A20D966EE470C5.d.A728A6A497894B29D5A33753907273EC.e.4077"},"getText",[]]}
COMMAND: POST /session/a9b4e6b29d0180ba254fca33fbca36af/execute/async - {"script":"<script> [1562 bytes]","args":[{"selector":{"controlType":"sap.ui.core.Icon","viewName":"etm.portal.ui.managesites.view.Master","viewId":"application-managesites-display-component---masterSite","properties":{"src":{"regex":{"source":"add"}}}},"wdio_ui5_key":"etmportal.ui.managesites.view.Mastersap.ui.core.Icon{\"src\":{\"regex\":{\"source\":\"add\"}}}"}]}
RESULT: {"script":"<script> [1562 bytes]","args":[{"selector":{"controlType":"sap.ui.core.Icon","viewName":"etm.portal.ui.managesites.view.Master","viewId":"application-managesites-display-component---masterSite","properties":{"src":{"regex":{"source":"add"}}}},"wdio_ui5_key":"etmportal.ui.managesites.view.Mastersap.ui.core.Icon{\"src\":{\"regex\":{\"source\":\"add\"}}}"}]}
RESULT: undefined
COMMAND: POST /session/a9b4e6b29d0180ba254fca33fbca36af/element - {"using":"xpath","value":"//*[@id=\"__button4-img\"]"}
RESULT: {"using":"xpath","value":"//*[@id=\"__button4-img\"]"}
COMMAND: POST /session/a9b4e6b29d0180ba254fca33fbca36af/element/f.7C9A75291D3E7FF457A20D966EE470C5.d.A728A6A497894B29D5A33753907273EC.e.3952/click - {}
RESULT: {}
COMMAND: POST /session/a9b4e6b29d0180ba254fca33fbca36af/execute/async - {"script":"<script> [1562 bytes]","args":[{"selector":{"id":"application-managesites-display-component---NewSite--siteId","interaction":{"idSuffix":"inner"}},"wdio_ui5_key":"applicationmanagesites-display-component---NewSite--siteId"}]}
COMMAND: GET /session/a9b4e6b29d0180ba254fca33fbca36af/screenshot - {}
RESULT: {"script":"<script> [1562 bytes]","args":[{"selector":{"id":"application-managesites-display-component---NewSite--siteId","interaction":{"idSuffix":"inner"}},"wdio_ui5_key":"applicationmanagesites-display-component---NewSite--siteId"}]}
RESULT: undefined
COMMAND: POST /session/a9b4e6b29d0180ba254fca33fbca36af/execute/async - {"script":"<script> [1562 bytes]","args":[{"selector":{"id":"application-managesites-display-component---NewSite--addressDetailDetailsName1","interaction":{"idSuffix":"inner"}},"wdio_ui5_key":"applicationmanagesites-display-component---NewSite--addressDetailDetailsName1"}]}
RESULT: {}
RESULT: {"script":"<script> [1562 bytes]","args":[{"selector":{"id":"application-managesites-display-component---NewSite--addressDetailDetailsName1","interaction":{"idSuffix":"inner"}},"wdio_ui5_key":"applicationmanagesites-display-component---NewSite--addressDetailDetailsName1"}]}
RESULT: undefined
COMMAND: POST /session/a9b4e6b29d0180ba254fca33fbca36af/execute/async - {"script":"<script> [776 bytes]","args":[{"enterText":"Webdriver Site sb4cxk","selector":{"id":"application-managesites-display-component---NewSite--addressDetailDetailsName1","interaction":{"idSuffix":"inner"}},"clearTextFirst":true,"interactionType":"ENTER_TEXT"}]}
RESULT: {"script":"<script> [776 bytes]","args":[{"enterText":"Webdriver Site sb4cxk","selector":{"id":"application-managesites-display-component---NewSite--addressDetailDetailsName1","interaction":{"idSuffix":"inner"}},"clearTextFirst":true,"interactionType":"ENTER_TEXT"}]}
COMMAND: POST /session/a9b4e6b29d0180ba254fca33fbca36af/execute/async - {"script":"<script> [1562 bytes]","args":[{"selector":{"id":"application-managesites-display-component---NewSite--addressDetailDetailsLanguage","interaction":{"idSuffix":"inner"}},"wdio_ui5_key":"applicationmanagesites-display-component---NewSite--addressDetailDetailsLanguage"}]}
RESULT: {"script":"<script> [1562 bytes]","args":[{"selector":{"id":"application-managesites-display-component---NewSite--addressDetailDetailsLanguage","interaction":{"idSuffix":"inner"}},"wdio_ui5_key":"applicationmanagesites-display-component---NewSite--addressDetailDetailsLanguage"}]}
RESULT: undefined
COMMAND: POST /session/a9b4e6b29d0180ba254fca33fbca36af/execute/async - {"script":"<script> [776 bytes]","args":[{"enterText":"Romanian","selector":{"id":"application-managesites-display-component---NewSite--addressDetailDetailsLanguage","interaction":{"idSuffix":"inner"}},"clearTextFirst":true,"interactionType":"ENTER_TEXT"}]}
RESULT: {"script":"<script> [776 bytes]","args":[{"enterText":"Romanian","selector":{"id":"application-managesites-display-component---NewSite--addressDetailDetailsLanguage","interaction":{"idSuffix":"inner"}},"clearTextFirst":true,"interactionType":"ENTER_TEXT"}]}
COMMAND: POST /session/a9b4e6b29d0180ba254fca33fbca36af/execute/async - {"script":"<script> [1562 bytes]","args":[{"selector":{"id":"application-managesites-display-component---NewSite--addressDetailDetailsCity1","interaction":{"idSuffix":"inner"}},"wdio_ui5_key":"applicationmanagesites-display-component---NewSite--addressDetailDetailsCity1"}]}
RESULT: {"script":"<script> [1562 bytes]","args":[{"selector":{"id":"application-managesites-display-component---NewSite--addressDetailDetailsCity1","interaction":{"idSuffix":"inner"}},"wdio_ui5_key":"applicationmanagesites-display-component---NewSite--addressDetailDetailsCity1"}]}
RESULT: undefined
COMMAND: POST /session/a9b4e6b29d0180ba254fca33fbca36af/execute/async - {"script":"<script> [776 bytes]","args":[{"enterText":"Bucharest","selector":{"id":"application-managesites-display-component---NewSite--addressDetailDetailsCity1","interaction":{"idSuffix":"inner"}},"clearTextFirst":true,"interactionType":"ENTER_TEXT"}]}
RESULT: {"script":"<script> [776 bytes]","args":[{"enterText":"Bucharest","selector":{"id":"application-managesites-display-component---NewSite--addressDetailDetailsCity1","interaction":{"idSuffix":"inner"}},"clearTextFirst":true,"interactionType":"ENTER_TEXT"}]}
COMMAND: POST /session/a9b4e6b29d0180ba254fca33fbca36af/execute/async - {"script":"<script> [1562 bytes]","args":[{"selector":{"id":"application-managesites-display-component---NewSite--addressDetailDetailsCountry","interaction":{"idSuffix":"inner"}},"wdio_ui5_key":"applicationmanagesites-display-component---NewSite--addressDetailDetailsCountry"}]}
RESULT: {"script":"<script> [1562 bytes]","args":[{"selector":{"id":"application-managesites-display-component---NewSite--addressDetailDetailsCountry","interaction":{"idSuffix":"inner"}},"wdio_ui5_key":"applicationmanagesites-display-component---NewSite--addressDetailDetailsCountry"}]}
RESULT: undefined
COMMAND: POST /session/a9b4e6b29d0180ba254fca33fbca36af/execute/async - {"script":"<script> [776 bytes]","args":[{"enterText":"Romania","selector":{"id":"application-managesites-display-component---NewSite--addressDetailDetailsCountry","interaction":{"idSuffix":"inner"}},"clearTextFirst":true,"interactionType":"ENTER_TEXT"}]}
RESULT: {"script":"<script> [776 bytes]","args":[{"enterText":"Romania","selector":{"id":"application-managesites-display-component---NewSite--addressDetailDetailsCountry","interaction":{"idSuffix":"inner"}},"clearTextFirst":true,"interactionType":"ENTER_TEXT"}]}
COMMAND: POST /session/a9b4e6b29d0180ba254fca33fbca36af/execute/async - {"script":"<script> [1562 bytes]","args":[{"selector":{"id":"application-managesites-display-component---NewSite--addressDetailDetailsCalendar","interaction":{"idSuffix":"inner"}},"wdio_ui5_key":"applicationmanagesites-display-component---NewSite--addressDetailDetailsCalendar"}]}
RESULT: {"script":"<script> [1562 bytes]","args":[{"selector":{"id":"application-managesites-display-component---NewSite--addressDetailDetailsCalendar","interaction":{"idSuffix":"inner"}},"wdio_ui5_key":"applicationmanagesites-display-component---NewSite--addressDetailDetailsCalendar"}]}
RESULT: undefined
COMMAND: POST /session/a9b4e6b29d0180ba254fca33fbca36af/execute/async - {"script":"<script> [776 bytes]","args":[{"enterText":"Germany","selector":{"id":"application-managesites-display-component---NewSite--addressDetailDetailsCalendar","interaction":{"idSuffix":"inner"}},"clearTextFirst":true,"interactionType":"ENTER_TEXT"}]}
RESULT: {"script":"<script> [776 bytes]","args":[{"enterText":"Germany","selector":{"id":"application-managesites-display-component---NewSite--addressDetailDetailsCalendar","interaction":{"idSuffix":"inner"}},"clearTextFirst":true,"interactionType":"ENTER_TEXT"}]}
COMMAND: POST /session/a9b4e6b29d0180ba254fca33fbca36af/execute/async - {"script":"<script> [1562 bytes]","args":[{"selector":{"id":"application-managesites-display-component---NewSite--addressEditDetailsCostObjectCstType-arrow"},"wdio_ui5_key":"applicationmanagesites-display-component---NewSite--addressEditDetailsCostObjectCstType-arrow"}]}
RESULT: {"script":"<script> [1562 bytes]","args":[{"selector":{"id":"application-managesites-display-component---NewSite--addressEditDetailsCostObjectCstType-arrow"},"wdio_ui5_key":"applicationmanagesites-display-component---NewSite--addressEditDetailsCostObjectCstType-arrow"}]}
RESULT: undefined
COMMAND: POST /session/a9b4e6b29d0180ba254fca33fbca36af/element - {"using":"xpath","value":"//*[@id=\"application-managesites-display-component---NewSite--addressEditDetailsCostObjectCstType-arrow\"]"}
RESULT: {"using":"xpath","value":"//*[@id=\"application-managesites-display-component---NewSite--addressEditDetailsCostObjectCstType-arrow\"]"}
COMMAND: POST /session/a9b4e6b29d0180ba254fca33fbca36af/element/f.7C9A75291D3E7FF457A20D966EE470C5.d.A728A6A497894B29D5A33753907273EC.e.4345/click - {}
RESULT: {}
COMMAND: POST /session/a9b4e6b29d0180ba254fca33fbca36af/element - {"using":"xpath","value":"//span[contains(text(), \"Work Breakdown Structure\")]"}
COMMAND: GET /session/a9b4e6b29d0180ba254fca33fbca36af/screenshot - {}
RESULT: {"using":"xpath","value":"//span[contains(text(), \"Work Breakdown Structure\")]"}
COMMAND: POST /session/a9b4e6b29d0180ba254fca33fbca36af/element/f.7C9A75291D3E7FF457A20D966EE470C5.d.A728A6A497894B29D5A33753907273EC.e.4346/click - {}
RESULT: {}
RESULT: {}
COMMAND: GET /session/a9b4e6b29d0180ba254fca33fbca36af/screenshot - {}
RESULT: {}
COMMAND: POST /session/a9b4e6b29d0180ba254fca33fbca36af/execute/async - {"script":"<script> [1562 bytes]","args":[{"selector":{"id":"application-managesites-display-component---NewSite--addressNewCostObjectCstID-vhi"},"wdio_ui5_key":"applicationmanagesites-display-component---NewSite--addressNewCostObjectCstID-vhi"}]}
RESULT: {"script":"<script> [1562 bytes]","args":[{"selector":{"id":"application-managesites-display-component---NewSite--addressNewCostObjectCstID-vhi"},"wdio_ui5_key":"applicationmanagesites-display-component---NewSite--addressNewCostObjectCstID-vhi"}]}
RESULT: undefined
COMMAND: POST /session/a9b4e6b29d0180ba254fca33fbca36af/element - {"using":"xpath","value":"//*[@id=\"application-managesites-display-component---NewSite--addressNewCostObjectCstID-vhi\"]"}
RESULT: {"using":"xpath","value":"//*[@id=\"application-managesites-display-component---NewSite--addressNewCostObjectCstID-vhi\"]"}
COMMAND: POST /session/a9b4e6b29d0180ba254fca33fbca36af/element/f.7C9A75291D3E7FF457A20D966EE470C5.d.A728A6A497894B29D5A33753907273EC.e.4349/click - {}
RESULT: {}
COMMAND: GET /session/a9b4e6b29d0180ba254fca33fbca36af/screenshot - {}
RESULT: {}
COMMAND: POST /session/a9b4e6b29d0180ba254fca33fbca36af/execute/async - {"script":"<script> [1562 bytes]","args":[{"selector":{"controlType":"sap.m.SearchField","properties":{"placeholder":"Search"},"searchOpenDialogs":true,"interaction":{"idSuffix":"I"}},"wdio_ui5_key":"sapm.SearchField{\"placeholder\":\"Search\"}"}]}
RESULT: {"script":"<script> [1562 bytes]","args":[{"selector":{"controlType":"sap.m.SearchField","properties":{"placeholder":"Search"},"searchOpenDialogs":true,"interaction":{"idSuffix":"I"}},"wdio_ui5_key":"sapm.SearchField{\"placeholder\":\"Search\"}"}]}
RESULT: undefined
COMMAND: POST /session/a9b4e6b29d0180ba254fca33fbca36af/execute/async - {"script":"<script> [776 bytes]","args":[{"enterText":"A1-000100-01","selector":{"controlType":"sap.m.SearchField","properties":{"placeholder":"Search"},"searchOpenDialogs":true,"interaction":{"idSuffix":"I"}},"clearTextFirst":true,"interactionType":"ENTER_TEXT"}]}
RESULT: {"script":"<script> [776 bytes]","args":[{"enterText":"A1-000100-01","selector":{"controlType":"sap.m.SearchField","properties":{"placeholder":"Search"},"searchOpenDialogs":true,"interaction":{"idSuffix":"I"}},"clearTextFirst":true,"interactionType":"ENTER_TEXT"}]}
COMMAND: POST /session/a9b4e6b29d0180ba254fca33fbca36af/actions - {"actions":[{"id":"action8","type":"key","parameters":{},"actions":[{"type":"keyDown","value":""},{"type":"pause","duration":10},{"type":"keyUp","value":""}]}]}
RESULT: {"actions":[{"id":"action8","type":"key","parameters":{},"actions":[{"type":"keyDown","value":""},{"type":"pause","duration":10},{"type":"keyUp","value":""}]}]}
COMMAND: GET /session/a9b4e6b29d0180ba254fca33fbca36af/screenshot - {}
RESULT: {}
COMMAND: POST /session/a9b4e6b29d0180ba254fca33fbca36af/element - {"using":"xpath","value":"//span[contains(text(), \"Template for ETO-Process\")]"}
RESULT: {"using":"xpath","value":"//span[contains(text(), \"Template for ETO-Process\")]"}
COMMAND: POST /session/a9b4e6b29d0180ba254fca33fbca36af/element/f.7C9A75291D3E7FF457A20D966EE470C5.d.A728A6A497894B29D5A33753907273EC.e.4369/click - {}
RESULT: {}
COMMAND: GET /session/a9b4e6b29d0180ba254fca33fbca36af/screenshot - {}
RESULT: {}
COMMAND: POST /session/a9b4e6b29d0180ba254fca33fbca36af/element - {"using":"xpath","value":"//bdi[contains(text(), \"OK\")]"}
RESULT: {"using":"xpath","value":"//bdi[contains(text(), \"OK\")]"}
COMMAND: POST /session/a9b4e6b29d0180ba254fca33fbca36af/element/f.7C9A75291D3E7FF457A20D966EE470C5.d.A728A6A497894B29D5A33753907273EC.e.4370/click - {}
RESULT: {}
COMMAND: GET /session/a9b4e6b29d0180ba254fca33fbca36af/screenshot - {}
RESULT: {}
COMMAND: POST /session/a9b4e6b29d0180ba254fca33fbca36af/element - {"using":"xpath","value":"//input[@id=\"application-managesites-display-component---NewSite--addressDetailDetailsYard-inner\"]"}
RESULT: {"using":"xpath","value":"//input[@id=\"application-managesites-display-component---NewSite--addressDetailDetailsYard-inner\"]"}
COMMAND: POST /session/a9b4e6b29d0180ba254fca33fbca36af/element/f.7C9A75291D3E7FF457A20D966EE470C5.d.A728A6A497894B29D5A33753907273EC.e.4138/value - {"text":"678"}
RESULT: {"text":"678"}
COMMAND: GET /session/a9b4e6b29d0180ba254fca33fbca36af/screenshot - {}
RESULT: {}
COMMAND: POST /session/a9b4e6b29d0180ba254fca33fbca36af/actions - {"actions":[{"id":"action9","type":"key","parameters":{},"actions":[{"type":"keyDown","value":""},{"type":"pause","duration":10},{"type":"keyUp","value":""}]}]}
RESULT: {"actions":[{"id":"action9","type":"key","parameters":{},"actions":[{"type":"keyDown","value":""},{"type":"pause","duration":10},{"type":"keyUp","value":""}]}]}
COMMAND: GET /session/a9b4e6b29d0180ba254fca33fbca36af/screenshot - {}
RESULT: {}
COMMAND: POST /session/a9b4e6b29d0180ba254fca33fbca36af/element - {"using":"xpath","value":"//input[@id=\"application-managesites-display-component---NewSite--addressDetailDetailsPartner-inner\"]"}
RESULT: {"using":"xpath","value":"//input[@id=\"application-managesites-display-component---NewSite--addressDetailDetailsPartner-inner\"]"}
COMMAND: POST /session/a9b4e6b29d0180ba254fca33fbca36af/elements - {"using":"xpath","value":"//input[@id=\"application-managesites-display-component---NewSite--addressDetailDetailsPartner-inner\"]"}
RESULT: {"using":"xpath","value":"//input[@id=\"application-managesites-display-component---NewSite--addressDetailDetailsPartner-inner\"]"}
COMMAND: POST /session/a9b4e6b29d0180ba254fca33fbca36af/execute/async - {"script":"<script> [1562 bytes]","args":[{"selector":{"controlType":"sap.m.Button","viewName":"etm.portal.ui.managesites.view.NewSmartSite","viewId":"application-managesites-display-component---NewSite","properties":{"text":"Commercial"},"interaction":{"idSuffix":"BDI-content"}},"wdio_ui5_key":"etmportal.ui.managesites.view.NewSmartSitesap.m.Button{\"text\":\"Commercial\"}"}]}
RESULT: {"script":"<script> [1562 bytes]","args":[{"selector":{"controlType":"sap.m.Button","viewName":"etm.portal.ui.managesites.view.NewSmartSite","viewId":"application-managesites-display-component---NewSite","properties":{"text":"Commercial"},"interaction":{"idSuffix":"BDI-content"}},"wdio_ui5_key":"etmportal.ui.managesites.view.NewSmartSitesap.m.Button{\"text\":\"Commercial\"}"}]}
RESULT: undefined
COMMAND: POST /session/a9b4e6b29d0180ba254fca33fbca36af/element - {"using":"xpath","value":"//*[@id=\"application-managesites-display-component---NewSite--ObjectPageLayout-anchBar-__section5-anchor\"]"}
RESULT: {"using":"xpath","value":"//*[@id=\"application-managesites-display-component---NewSite--ObjectPageLayout-anchBar-__section5-anchor\"]"}
COMMAND: POST /session/a9b4e6b29d0180ba254fca33fbca36af/element/f.7C9A75291D3E7FF457A20D966EE470C5.d.A728A6A497894B29D5A33753907273EC.e.4377/click - {}
RESULT: {}
COMMAND: POST /session/a9b4e6b29d0180ba254fca33fbca36af/execute/async - {"script":"<script> [1562 bytes]","args":[{"selector":{"controlType":"sap.m.Button","viewName":"etm.portal.ui.managesites.view.NewSmartSite","viewId":"application-managesites-display-component---NewSite","i18NText":{"propertyName":"text","key":"save"},"interaction":{"idSuffix":"BDI-content"}},"wdio_ui5_key":"etmportal.ui.managesites.view.NewSmartSitesap.m.Button{\"propertyName\":\"text\",\"key\":\"save\"}"}]}
COMMAND: GET /session/a9b4e6b29d0180ba254fca33fbca36af/screenshot - {}
RESULT: {"script":"<script> [1562 bytes]","args":[{"selector":{"controlType":"sap.m.Button","viewName":"etm.portal.ui.managesites.view.NewSmartSite","viewId":"application-managesites-display-component---NewSite","i18NText":{"propertyName":"text","key":"save"},"interaction":{"idSuffix":"BDI-content"}},"wdio_ui5_key":"etmportal.ui.managesites.view.NewSmartSitesap.m.Button{\"propertyName\":\"text\",\"key\":\"save\"}"}]}
RESULT: undefined
COMMAND: POST /session/a9b4e6b29d0180ba254fca33fbca36af/element - {"using":"xpath","value":"//*[@id=\"__button16\"]"}
RESULT: {}
RESULT: {"using":"xpath","value":"//*[@id=\"__button16\"]"}
COMMAND: POST /session/a9b4e6b29d0180ba254fca33fbca36af/element/f.7C9A75291D3E7FF457A20D966EE470C5.d.A728A6A497894B29D5A33753907273EC.e.4324/click - {}
RESULT: {}
COMMAND: GET /session/a9b4e6b29d0180ba254fca33fbca36af/screenshot - {}
RESULT: {}
COMMAND: POST /session/a9b4e6b29d0180ba254fca33fbca36af/execute/async - {"script":"<script> [1562 bytes]","args":[{"selector":{"id":"application-managesites-display-component---detailSite--addressDetailDetailsYardText"},"wdio_ui5_key":"applicationmanagesites-display-component---detailSite--addressDetailDetailsYardText"}]}
RESULT: {"script":"<script> [1562 bytes]","args":[{"selector":{"id":"application-managesites-display-component---detailSite--addressDetailDetailsYardText"},"wdio_ui5_key":"applicationmanagesites-display-component---detailSite--addressDetailDetailsYardText"}]}
RESULT: undefined
COMMAND: POST /session/a9b4e6b29d0180ba254fca33fbca36af/element - {"using":"xpath","value":"//header/div/div[2]/div[2]/span"}
RESULT: {"using":"xpath","value":"//header/div/div[2]/div[2]/span"}
COMMAND: GET /session/a9b4e6b29d0180ba254fca33fbca36af/element/f.7C9A75291D3E7FF457A20D966EE470C5.d.A728A6A497894B29D5A33753907273EC.e.4600/text - {}
RESULT: {}
COMMAND: POST /session/a9b4e6b29d0180ba254fca33fbca36af/execute/async - {"script":"<script> [1562 bytes]","args":[{"selector":{"controlType":"sap.m.Label","viewName":"etm.portal.ui.managesites.view.Detail","viewId":"application-managesites-display-component---detailSite","i18NText":{"propertyName":"text","key":"status"}},"wdio_ui5_key":"etmportal.ui.managesites.view.Detailsap.m.Label{\"propertyName\":\"text\",\"key\":\"status\"}"}]}
RESULT: {"script":"<script> [1562 bytes]","args":[{"selector":{"controlType":"sap.m.Label","viewName":"etm.portal.ui.managesites.view.Detail","viewId":"application-managesites-display-component---detailSite","i18NText":{"propertyName":"text","key":"status"}},"wdio_ui5_key":"etmportal.ui.managesites.view.Detailsap.m.Label{\"propertyName\":\"text\",\"key\":\"status\"}"}]}
RESULT: undefined
COMMAND: POST /session/a9b4e6b29d0180ba254fca33fbca36af/execute/async - {"script":"<script> [6424 bytes]","args":[{"element-6066-11e4-a52e-4f735466cecf":"f.7C9A75291D3E7FF457A20D966EE470C5.d.A728A6A497894B29D5A33753907273EC.e.4588"},"getText",[]]}
RESULT: {"script":"<script> [6424 bytes]","args":[{"element-6066-11e4-a52e-4f735466cecf":"f.7C9A75291D3E7FF457A20D966EE470C5.d.A728A6A497894B29D5A33753907273EC.e.4588"},"getText",[]]}
]]></system-out>
    </testcase>
    <testcase classname="chrome.135_0_7049_42.windows.Create_2_sites_US118246" name="Should create WHM site" time="55.457">
      <system-out><![CDATA[
RESULT: undefined
COMMAND: POST /session/a9b4e6b29d0180ba254fca33fbca36af/element - {"using":"xpath","value":"//*[@id=\"__button4-img\"]"}
RESULT: {"using":"xpath","value":"//*[@id=\"__button4-img\"]"}
COMMAND: POST /session/a9b4e6b29d0180ba254fca33fbca36af/element/f.7C9A75291D3E7FF457A20D966EE470C5.d.A728A6A497894B29D5A33753907273EC.e.4601/click - {}
RESULT: {}
COMMAND: GET /session/a9b4e6b29d0180ba254fca33fbca36af/screenshot - {}
RESULT: undefined
COMMAND: POST /session/a9b4e6b29d0180ba254fca33fbca36af/execute/async - {"script":"<script> [1562 bytes]","args":[{"selector":{"controlType":"sap.m.Button","viewName":"etm.portal.ui.managesites.view.NewSmartSite","viewId":"application-managesites-display-component---NewSite","properties":{"text":"General Information"},"interaction":{"idSuffix":"BDI-content"}},"wdio_ui5_key":"etmportal.ui.managesites.view.NewSmartSitesap.m.Button{\"text\":\"General Information\"}"}]}
RESULT: {}
RESULT: {"script":"<script> [1562 bytes]","args":[{"selector":{"controlType":"sap.m.Button","viewName":"etm.portal.ui.managesites.view.NewSmartSite","viewId":"application-managesites-display-component---NewSite","properties":{"text":"General Information"},"interaction":{"idSuffix":"BDI-content"}},"wdio_ui5_key":"etmportal.ui.managesites.view.NewSmartSitesap.m.Button{\"text\":\"General Information\"}"}]}
RESULT: undefined
COMMAND: POST /session/a9b4e6b29d0180ba254fca33fbca36af/element - {"using":"xpath","value":"//*[@id=\"application-managesites-display-component---NewSite--ObjectPageLayout-anchBar-__section3-anchor\"]"}
RESULT: {"using":"xpath","value":"//*[@id=\"application-managesites-display-component---NewSite--ObjectPageLayout-anchBar-__section3-anchor\"]"}
COMMAND: POST /session/a9b4e6b29d0180ba254fca33fbca36af/element/f.7C9A75291D3E7FF457A20D966EE470C5.d.A728A6A497894B29D5A33753907273EC.e.4782/click - {}
RESULT: {}
RESULT: undefined
COMMAND: POST /session/a9b4e6b29d0180ba254fca33fbca36af/execute/async - {"script":"<script> [776 bytes]","args":[{"enterText":"Webdriver WHM Site 54pnm","selector":{"id":"application-managesites-display-component---NewSite--addressDetailDetailsName1","interaction":{"idSuffix":"inner"}},"clearTextFirst":true,"interactionType":"ENTER_TEXT"}]}
COMMAND: GET /session/a9b4e6b29d0180ba254fca33fbca36af/screenshot - {}
RESULT: {"script":"<script> [776 bytes]","args":[{"enterText":"Webdriver WHM Site 54pnm","selector":{"id":"application-managesites-display-component---NewSite--addressDetailDetailsName1","interaction":{"idSuffix":"inner"}},"clearTextFirst":true,"interactionType":"ENTER_TEXT"}]}
RESULT: {}
RESULT: undefined
COMMAND: POST /session/a9b4e6b29d0180ba254fca33fbca36af/execute/async - {"script":"<script> [776 bytes]","args":[{"enterText":"Romanian","selector":{"id":"application-managesites-display-component---NewSite--addressDetailDetailsLanguage","interaction":{"idSuffix":"inner"}},"clearTextFirst":true,"interactionType":"ENTER_TEXT"}]}
RESULT: {"script":"<script> [776 bytes]","args":[{"enterText":"Romanian","selector":{"id":"application-managesites-display-component---NewSite--addressDetailDetailsLanguage","interaction":{"idSuffix":"inner"}},"clearTextFirst":true,"interactionType":"ENTER_TEXT"}]}
COMMAND: POST /session/a9b4e6b29d0180ba254fca33fbca36af/actions - {"actions":[{"id":"action10","type":"key","parameters":{},"actions":[{"type":"keyDown","value":""},{"type":"pause","duration":10},{"type":"keyUp","value":""}]}]}
RESULT: {"actions":[{"id":"action10","type":"key","parameters":{},"actions":[{"type":"keyDown","value":""},{"type":"pause","duration":10},{"type":"keyUp","value":""}]}]}
RESULT: undefined
COMMAND: POST /session/a9b4e6b29d0180ba254fca33fbca36af/execute/async - {"script":"<script> [776 bytes]","args":[{"enterText":"Bucharest","selector":{"id":"application-managesites-display-component---NewSite--addressDetailDetailsCity1","interaction":{"idSuffix":"inner"}},"clearTextFirst":true,"interactionType":"ENTER_TEXT"}]}
COMMAND: GET /session/a9b4e6b29d0180ba254fca33fbca36af/screenshot - {}
RESULT: {"script":"<script> [776 bytes]","args":[{"enterText":"Bucharest","selector":{"id":"application-managesites-display-component---NewSite--addressDetailDetailsCity1","interaction":{"idSuffix":"inner"}},"clearTextFirst":true,"interactionType":"ENTER_TEXT"}]}
RESULT: {}
COMMAND: POST /session/a9b4e6b29d0180ba254fca33fbca36af/actions - {"actions":[{"id":"action11","type":"key","parameters":{},"actions":[{"type":"keyDown","value":""},{"type":"pause","duration":10},{"type":"keyUp","value":""}]}]}
RESULT: {"actions":[{"id":"action11","type":"key","parameters":{},"actions":[{"type":"keyDown","value":""},{"type":"pause","duration":10},{"type":"keyUp","value":""}]}]}
RESULT: undefined
COMMAND: POST /session/a9b4e6b29d0180ba254fca33fbca36af/execute/async - {"script":"<script> [6424 bytes]","args":[{"element-6066-11e4-a52e-4f735466cecf":"f.7C9A75291D3E7FF457A20D966EE470C5.d.A728A6A497894B29D5A33753907273EC.e.4127"},"setValue",["Romania"]]}
COMMAND: GET /session/a9b4e6b29d0180ba254fca33fbca36af/screenshot - {}
COMMAND: POST /session/a9b4e6b29d0180ba254fca33fbca36af/execute/async - {"script":"<script> [1562 bytes]","args":[{"selector":{"id":"application-managesites-display-component---NewSite--addressDetailDetailsCountry","interaction":{"idSuffix":"inner"}},"wdio_ui5_key":"applicationmanagesites-display-component---NewSite--addressDetailDetailsCountry"}]}
RESULT: {}
RESULT: {"script":"<script> [1562 bytes]","args":[{"selector":{"id":"application-managesites-display-component---NewSite--addressDetailDetailsCountry","interaction":{"idSuffix":"inner"}},"wdio_ui5_key":"applicationmanagesites-display-component---NewSite--addressDetailDetailsCountry"}]}
COMMAND: POST /session/a9b4e6b29d0180ba254fca33fbca36af/execute/async - {"script":"<script> [6424 bytes]","args":[{"element-6066-11e4-a52e-4f735466cecf":"f.7C9A75291D3E7FF457A20D966EE470C5.d.A728A6A497894B29D5A33753907273EC.e.4656"},"setValue",["Romania"]]}
RESULT: {"script":"<script> [6424 bytes]","args":[{"element-6066-11e4-a52e-4f735466cecf":"f.7C9A75291D3E7FF457A20D966EE470C5.d.A728A6A497894B29D5A33753907273EC.e.4656"},"setValue",["Romania"]]}
COMMAND: POST /session/a9b4e6b29d0180ba254fca33fbca36af/actions - {"actions":[{"id":"action12","type":"key","parameters":{},"actions":[{"type":"keyDown","value":""},{"type":"pause","duration":10},{"type":"keyUp","value":""}]}]}
RESULT: {"actions":[{"id":"action12","type":"key","parameters":{},"actions":[{"type":"keyDown","value":""},{"type":"pause","duration":10},{"type":"keyUp","value":""}]}]}
RESULT: undefined
COMMAND: POST /session/a9b4e6b29d0180ba254fca33fbca36af/execute/async - {"script":"<script> [776 bytes]","args":[{"enterText":"Germany","selector":{"id":"application-managesites-display-component---NewSite--addressDetailDetailsCalendar","interaction":{"idSuffix":"inner"}},"clearTextFirst":true,"interactionType":"ENTER_TEXT"}]}
COMMAND: GET /session/a9b4e6b29d0180ba254fca33fbca36af/screenshot - {}
RESULT: {"script":"<script> [776 bytes]","args":[{"enterText":"Germany","selector":{"id":"application-managesites-display-component---NewSite--addressDetailDetailsCalendar","interaction":{"idSuffix":"inner"}},"clearTextFirst":true,"interactionType":"ENTER_TEXT"}]}
RESULT: {}
COMMAND: POST /session/a9b4e6b29d0180ba254fca33fbca36af/actions - {"actions":[{"id":"action13","type":"key","parameters":{},"actions":[{"type":"keyDown","value":""},{"type":"pause","duration":10},{"type":"keyUp","value":""}]}]}
RESULT: {"actions":[{"id":"action13","type":"key","parameters":{},"actions":[{"type":"keyDown","value":""},{"type":"pause","duration":10},{"type":"keyUp","value":""}]}]}
COMMAND: POST /session/a9b4e6b29d0180ba254fca33fbca36af/execute/async - {"script":"<script> [1562 bytes]","args":[{"selector":{"id":"application-managesites-display-component---NewSite--addressEditDetailsCostObjectCstType","interaction":{"idSuffix":"inner"}},"wdio_ui5_key":"applicationmanagesites-display-component---NewSite--addressEditDetailsCostObjectCstType"}]}
COMMAND: GET /session/a9b4e6b29d0180ba254fca33fbca36af/screenshot - {}
RESULT: {"script":"<script> [1562 bytes]","args":[{"selector":{"id":"application-managesites-display-component---NewSite--addressEditDetailsCostObjectCstType","interaction":{"idSuffix":"inner"}},"wdio_ui5_key":"applicationmanagesites-display-component---NewSite--addressEditDetailsCostObjectCstType"}]}
RESULT: undefined
COMMAND: POST /session/a9b4e6b29d0180ba254fca33fbca36af/execute/async - {"script":"<script> [776 bytes]","args":[{"enterText":"Cost","selector":{"id":"application-managesites-display-component---NewSite--addressEditDetailsCostObjectCstType","interaction":{"idSuffix":"inner"}},"clearTextFirst":true,"interactionType":"ENTER_TEXT"}]}
RESULT: {}
RESULT: {"script":"<script> [776 bytes]","args":[{"enterText":"Cost","selector":{"id":"application-managesites-display-component---NewSite--addressEditDetailsCostObjectCstType","interaction":{"idSuffix":"inner"}},"clearTextFirst":true,"interactionType":"ENTER_TEXT"}]}
COMMAND: POST /session/a9b4e6b29d0180ba254fca33fbca36af/actions - {"actions":[{"id":"action14","type":"key","parameters":{},"actions":[{"type":"keyDown","value":""},{"type":"pause","duration":10},{"type":"keyUp","value":""}]}]}
RESULT: {"actions":[{"id":"action14","type":"key","parameters":{},"actions":[{"type":"keyDown","value":""},{"type":"pause","duration":10},{"type":"keyUp","value":""}]}]}
COMMAND: POST /session/a9b4e6b29d0180ba254fca33fbca36af/execute/async - {"script":"<script> [1562 bytes]","args":[{"selector":{"id":"application-managesites-display-component---NewSite--addressNewCostObjectCstID","interaction":{"idSuffix":"inner"}},"wdio_ui5_key":"applicationmanagesites-display-component---NewSite--addressNewCostObjectCstID"}]}
COMMAND: GET /session/a9b4e6b29d0180ba254fca33fbca36af/screenshot - {}
RESULT: {"script":"<script> [1562 bytes]","args":[{"selector":{"id":"application-managesites-display-component---NewSite--addressNewCostObjectCstID","interaction":{"idSuffix":"inner"}},"wdio_ui5_key":"applicationmanagesites-display-component---NewSite--addressNewCostObjectCstID"}]}
RESULT: undefined
COMMAND: POST /session/a9b4e6b29d0180ba254fca33fbca36af/execute/async - {"script":"<script> [776 bytes]","args":[{"enterText":"1001","selector":{"id":"application-managesites-display-component---NewSite--addressNewCostObjectCstID","interaction":{"idSuffix":"inner"}},"clearTextFirst":true,"interactionType":"ENTER_TEXT"}]}
RESULT: {}
RESULT: {"script":"<script> [776 bytes]","args":[{"enterText":"1001","selector":{"id":"application-managesites-display-component---NewSite--addressNewCostObjectCstID","interaction":{"idSuffix":"inner"}},"clearTextFirst":true,"interactionType":"ENTER_TEXT"}]}
COMMAND: POST /session/a9b4e6b29d0180ba254fca33fbca36af/actions - {"actions":[{"id":"action15","type":"key","parameters":{},"actions":[{"type":"keyDown","value":""},{"type":"pause","duration":10},{"type":"keyUp","value":""}]}]}
RESULT: {"actions":[{"id":"action15","type":"key","parameters":{},"actions":[{"type":"keyDown","value":""},{"type":"pause","duration":10},{"type":"keyUp","value":""}]}]}
COMMAND: POST /session/a9b4e6b29d0180ba254fca33fbca36af/element - {"using":"xpath","value":"//input[@id=\"application-managesites-display-component---NewSite--addressDetailDetailsYard-inner\"]"}
COMMAND: GET /session/a9b4e6b29d0180ba254fca33fbca36af/screenshot - {}
RESULT: {"using":"xpath","value":"//input[@id=\"application-managesites-display-component---NewSite--addressDetailDetailsYard-inner\"]"}
COMMAND: POST /session/a9b4e6b29d0180ba254fca33fbca36af/element/f.7C9A75291D3E7FF457A20D966EE470C5.d.A728A6A497894B29D5A33753907273EC.e.4667/value - {"text":"679"}
RESULT: {}
RESULT: {"text":"679"}
COMMAND: GET /session/a9b4e6b29d0180ba254fca33fbca36af/screenshot - {}
RESULT: {}
COMMAND: POST /session/a9b4e6b29d0180ba254fca33fbca36af/actions - {"actions":[{"id":"action16","type":"key","parameters":{},"actions":[{"type":"keyDown","value":""},{"type":"pause","duration":10},{"type":"keyUp","value":""}]}]}
RESULT: {"actions":[{"id":"action16","type":"key","parameters":{},"actions":[{"type":"keyDown","value":""},{"type":"pause","duration":10},{"type":"keyUp","value":""}]}]}
COMMAND: GET /session/a9b4e6b29d0180ba254fca33fbca36af/screenshot - {}
RESULT: {}
COMMAND: POST /session/a9b4e6b29d0180ba254fca33fbca36af/element - {"using":"xpath","value":"//input[@id=\"application-managesites-display-component---NewSite--addressDetailDetailsPartner-inner\"]"}
RESULT: {"using":"xpath","value":"//input[@id=\"application-managesites-display-component---NewSite--addressDetailDetailsPartner-inner\"]"}
COMMAND: POST /session/a9b4e6b29d0180ba254fca33fbca36af/elements - {"using":"xpath","value":"//input[@id=\"application-managesites-display-component---NewSite--addressDetailDetailsPartner-inner\"]"}
RESULT: {"using":"xpath","value":"//input[@id=\"application-managesites-display-component---NewSite--addressDetailDetailsPartner-inner\"]"}
RESULT: undefined
COMMAND: POST /session/a9b4e6b29d0180ba254fca33fbca36af/element - {"using":"xpath","value":"//*[@id=\"application-managesites-display-component---NewSite--ObjectPageLayout-anchBar-__section5-anchor\"]"}
RESULT: {"using":"xpath","value":"//*[@id=\"application-managesites-display-component---NewSite--ObjectPageLayout-anchBar-__section5-anchor\"]"}
COMMAND: POST /session/a9b4e6b29d0180ba254fca33fbca36af/element/f.7C9A75291D3E7FF457A20D966EE470C5.d.A728A6A497894B29D5A33753907273EC.e.4792/click - {}
RESULT: {}
COMMAND: POST /session/a9b4e6b29d0180ba254fca33fbca36af/execute/async - {"script":"<script> [1562 bytes]","args":[{"selector":{"id":"application-managesites-display-component---NewSite--siteWhmCheckBox-label","interaction":{"idSuffix":"bdi"}},"wdio_ui5_key":"applicationmanagesites-display-component---NewSite--siteWhmCheckBox-label"}]}
COMMAND: GET /session/a9b4e6b29d0180ba254fca33fbca36af/screenshot - {}
RESULT: {"script":"<script> [1562 bytes]","args":[{"selector":{"id":"application-managesites-display-component---NewSite--siteWhmCheckBox-label","interaction":{"idSuffix":"bdi"}},"wdio_ui5_key":"applicationmanagesites-display-component---NewSite--siteWhmCheckBox-label"}]}
RESULT: undefined
COMMAND: POST /session/a9b4e6b29d0180ba254fca33fbca36af/element - {"using":"xpath","value":"//*[@id=\"application-managesites-display-component---NewSite--siteWhmCheckBox-label\"]"}
RESULT: {}
RESULT: {"using":"xpath","value":"//*[@id=\"application-managesites-display-component---NewSite--siteWhmCheckBox-label\"]"}
COMMAND: POST /session/a9b4e6b29d0180ba254fca33fbca36af/element/f.7C9A75291D3E7FF457A20D966EE470C5.d.A728A6A497894B29D5A33753907273EC.e.4797/click - {}
RESULT: {}
RESULT: undefined
COMMAND: POST /session/a9b4e6b29d0180ba254fca33fbca36af/element - {"using":"xpath","value":"//*[@id=\"__button16\"]"}
COMMAND: GET /session/a9b4e6b29d0180ba254fca33fbca36af/screenshot - {}
RESULT: {"using":"xpath","value":"//*[@id=\"__button16\"]"}
COMMAND: POST /session/a9b4e6b29d0180ba254fca33fbca36af/element/f.7C9A75291D3E7FF457A20D966EE470C5.d.A728A6A497894B29D5A33753907273EC.e.4798/click - {}
RESULT: {}
RESULT: {}
COMMAND: GET /session/a9b4e6b29d0180ba254fca33fbca36af/screenshot - {}
COMMAND: POST /session/a9b4e6b29d0180ba254fca33fbca36af/element - {"using":"xpath","value":"//header/div/div[2]/div[2]/span"}
RESULT: {}
RESULT: {"using":"xpath","value":"//header/div/div[2]/div[2]/span"}
COMMAND: GET /session/a9b4e6b29d0180ba254fca33fbca36af/element/f.7C9A75291D3E7FF457A20D966EE470C5.d.A728A6A497894B29D5A33753907273EC.e.4999/text - {}
RESULT: {}
RESULT: undefined
RESULT: undefined
COMMAND: POST /session/a9b4e6b29d0180ba254fca33fbca36af/execute/async - {"script":"<script> [6424 bytes]","args":[{"element-6066-11e4-a52e-4f735466cecf":"f.7C9A75291D3E7FF457A20D966EE470C5.d.A728A6A497894B29D5A33753907273EC.e.4588"},"getText",[]]}
COMMAND: POST /session/a9b4e6b29d0180ba254fca33fbca36af/execute/async - {"script":"<script> [1562 bytes]","args":[{"selector":{"controlType":"sap.m.Label","viewName":"etm.portal.ui.managesites.view.Detail","viewId":"application-managesites-display-component---detailSite","i18NText":{"propertyName":"text","key":"status"}},"wdio_ui5_key":"etmportal.ui.managesites.view.Detailsap.m.Label{\"propertyName\":\"text\",\"key\":\"status\"}"}]}
RESULT: {"script":"<script> [1562 bytes]","args":[{"selector":{"controlType":"sap.m.Label","viewName":"etm.portal.ui.managesites.view.Detail","viewId":"application-managesites-display-component---detailSite","i18NText":{"propertyName":"text","key":"status"}},"wdio_ui5_key":"etmportal.ui.managesites.view.Detailsap.m.Label{\"propertyName\":\"text\",\"key\":\"status\"}"}]}
COMMAND: POST /session/a9b4e6b29d0180ba254fca33fbca36af/execute/async - {"script":"<script> [6424 bytes]","args":[{"element-6066-11e4-a52e-4f735466cecf":"f.7C9A75291D3E7FF457A20D966EE470C5.d.A728A6A497894B29D5A33753907273EC.e.4988"},"getText",[]]}
RESULT: {"script":"<script> [6424 bytes]","args":[{"element-6066-11e4-a52e-4f735466cecf":"f.7C9A75291D3E7FF457A20D966EE470C5.d.A728A6A497894B29D5A33753907273EC.e.4988"},"getText",[]]}
COMMAND: POST /session/a9b4e6b29d0180ba254fca33fbca36af/execute/async - {"script":"<script> [1562 bytes]","args":[{"selector":{"id":"shell-header","interaction":{"idSuffix":"icon"}},"wdio_ui5_key":"shellheader"}]}
RESULT: {"script":"<script> [1562 bytes]","args":[{"selector":{"id":"shell-header","interaction":{"idSuffix":"icon"}},"wdio_ui5_key":"shellheader"}]}
RESULT: undefined
COMMAND: POST /session/a9b4e6b29d0180ba254fca33fbca36af/element - {"using":"xpath","value":"//*[@id=\"shell-header\"]"}
RESULT: {"using":"xpath","value":"//*[@id=\"shell-header\"]"}
COMMAND: POST /session/a9b4e6b29d0180ba254fca33fbca36af/element/f.7C9A75291D3E7FF457A20D966EE470C5.d.A728A6A497894B29D5A33753907273EC.e.5000/click - {}
RESULT: {}
COMMAND: POST /session/a9b4e6b29d0180ba254fca33fbca36af/refresh - {}
COMMAND: GET /session/a9b4e6b29d0180ba254fca33fbca36af/screenshot - {}
RESULT: {}
COMMAND: GET /session/a9b4e6b29d0180ba254fca33fbca36af/screenshot - {}
RESULT: {}
RESULT: {}
COMMAND: POST /session/a9b4e6b29d0180ba254fca33fbca36af/refresh - {}
RESULT: {}
COMMAND: GET /session/a9b4e6b29d0180ba254fca33fbca36af/screenshot - {}
RESULT: {}
COMMAND: POST /session/a9b4e6b29d0180ba254fca33fbca36af/window/fullscreen - {}
RESULT: {}
COMMAND: POST /session/a9b4e6b29d0180ba254fca33fbca36af/execute/async - {"script":"<script> [189 bytes]","args":[]}
RESULT: {"script":"<script> [189 bytes]","args":[]}
COMMAND: POST /session/a9b4e6b29d0180ba254fca33fbca36af/execute/async - {"script":"<script> [123 bytes]","args":[]}
RESULT: {"script":"<script> [123 bytes]","args":[]}
COMMAND: POST /session/a9b4e6b29d0180ba254fca33fbca36af/timeouts - {"script":"<number>"}
RESULT: {"script":"<number>"}
COMMAND: GET /session/a9b4e6b29d0180ba254fca33fbca36af/timeouts - {}
RESULT: {}
RESULT: undefined
COMMAND: POST /session/a9b4e6b29d0180ba254fca33fbca36af/execute/async - {"script":"<script> [2676 bytes]","args":[]}
RESULT: {"script":"<script> [2676 bytes]","args":[]}
COMMAND: POST /session/a9b4e6b29d0180ba254fca33fbca36af/execute/async - {"script":"<script> [2342 bytes]","args":[{"protocol":"http","hostname":"0.0.0.0","path":"/","capabilities":{"browserName":"chrome","goog:chromeOptions":{"binary":"C:\\Program Files\\Google\\Chrome\\Application\\chrome.exe","args":["--start-maximized"]}},"logLevel":"warn","connectionRetryTimeout":120000,"connectionRetryCount":3,"logLevels":{},"enableDirectConnect":true,"strictSSL":true,"_":"65 more keys: [\"cacheDir\",\"port\",\"requestedCapabilities\",\"automationProtocol\",\"baseUrl\",\"waitforInterval\",\"waitforTimeout\",\"onReload\",\"beforeCommand\",\"afterCommand\",\"rootDir\",\"specs\",\"suites\",\"exclude\",\"groupLogsByTestSpec\",\"excludeDriverLogs\",\"bail\",\"framework\",\"reporters\",\"services\",\"maxInstances\",\"maxInstancesPerCapability\",\"injectGlobals\",\"filesToWatch\",\"execArgv\",\"runnerEnv\",\"runner\",\"shard\",\"specFileRetries\",\"specFileRetriesDelay\",\"specFileRetriesDeferred\",\"reporterSyncInterval\",\"reporterSyncTimeout\",\"cucumberFeaturesWithLineNumbers\",\"autoCompileOpts\",\"mochaOpts\",\"jasmineOpts\",\"cucumberOpts\",\"onPrepare\",\"onWorkerStart\",\"onWorkerEnd\",\"before\",\"beforeSession\",\"beforeSuite\",\"beforeHook\",\"beforeTest\",\"afterTest\",\"afterHook\",\"afterSuite\",\"afterSession\",\"after\",\"onComplete\",\"beforeAssertion\",\"afterAssertion\",\"beforeFeature\",\"beforeScenario\",\"beforeStep\",\"afterStep\",\"afterScenario\",\"afterFeature\",\"_\",\"suite\",\"$0\",\"ignoredWorkerServices\",\"wdi5\"]"}]}
RESULT: {"script":"<script> [2342 bytes]","args":[{"protocol":"http","hostname":"0.0.0.0","path":"/","capabilities":{"browserName":"chrome","goog:chromeOptions":{"binary":"C:\\Program Files\\Google\\Chrome\\Application\\chrome.exe","args":["--start-maximized"]}},"logLevel":"warn","connectionRetryTimeout":120000,"connectionRetryCount":3,"logLevels":{},"enableDirectConnect":true,"strictSSL":true,"_":"65 more keys: [\"cacheDir\",\"port\",\"requestedCapabilities\",\"automationProtocol\",\"baseUrl\",\"waitforInterval\",\"waitforTimeout\",\"onReload\",\"beforeCommand\",\"afterCommand\",\"rootDir\",\"specs\",\"suites\",\"exclude\",\"groupLogsByTestSpec\",\"excludeDriverLogs\",\"bail\",\"framework\",\"reporters\",\"services\",\"maxInstances\",\"maxInstancesPerCapability\",\"injectGlobals\",\"filesToWatch\",\"execArgv\",\"runnerEnv\",\"runner\",\"shard\",\"specFileRetries\",\"specFileRetriesDelay\",\"specFileRetriesDeferred\",\"reporterSyncInterval\",\"reporterSyncTimeout\",\"cucumberFeaturesWithLineNumbers\",\"autoCompileOpts\",\"mochaOpts\",\"jasmineOpts\",\"cucumberOpts\",\"onPrepare\",\"onWorkerStart\",\"onWorkerEnd\",\"before\",\"beforeSession\",\"beforeSuite\",\"beforeHook\",\"beforeTest\",\"afterTest\",\"afterHook\",\"afterSuite\",\"afterSession\",\"after\",\"onComplete\",\"beforeAssertion\",\"afterAssertion\",\"beforeFeature\",\"beforeScenario\",\"beforeStep\",\"afterStep\",\"afterScenario\",\"afterFeature\",\"_\",\"suite\",\"$0\",\"ignoredWorkerServices\",\"wdi5\"]"}]}
COMMAND: POST /session/a9b4e6b29d0180ba254fca33fbca36af/execute/async - {"script":"<script> [21126 bytes]","args":[35000]}
RESULT: {"script":"<script> [21126 bytes]","args":[35000]}
COMMAND: POST /session/a9b4e6b29d0180ba254fca33fbca36af/element - {"using":"css selector","value":"#j_username"}
COMMAND: POST /session/a9b4e6b29d0180ba254fca33fbca36af/url - {"url":"https://qa-testing-00-live-etm-ui.cfapps.eu10-004.hana.ondemand.com/"}
RESULT: {"using":"css selector","value":"#j_username"}
COMMAND: POST /session/a9b4e6b29d0180ba254fca33fbca36af/element - {"using":"css selector","value":"#j_username"}
RESULT: {"url":"https://qa-testing-00-live-etm-ui.cfapps.eu10-004.hana.ondemand.com/"}
RESULT: undefined
COMMAND: GET /session/a9b4e6b29d0180ba254fca33fbca36af/screenshot - {}
RESULT: {"using":"css selector","value":"#j_username"}
COMMAND: POST /session/a9b4e6b29d0180ba254fca33fbca36af/element - {"using":"css selector","value":"#shell-header-logo"}
RESULT: {}
RESULT: {"using":"css selector","value":"#shell-header-logo"}
COMMAND: POST /session/a9b4e6b29d0180ba254fca33fbca36af/execute/sync - {"script":"<script> [8489 bytes]","args":[{"element-6066-11e4-a52e-4f735466cecf":"f.7C9A75291D3E7FF457A20D966EE470C5.d.D9A100F54C345320438D92339225B78F.e.5375","ELEMENT":"f.7C9A75291D3E7FF457A20D966EE470C5.d.D9A100F54C345320438D92339225B78F.e.5375"}]}
RESULT: {"script":"<script> [8489 bytes]","args":[{"element-6066-11e4-a52e-4f735466cecf":"f.7C9A75291D3E7FF457A20D966EE470C5.d.D9A100F54C345320438D92339225B78F.e.5375","ELEMENT":"f.7C9A75291D3E7FF457A20D966EE470C5.d.D9A100F54C345320438D92339225B78F.e.5375"}]}
COMMAND: POST /session/a9b4e6b29d0180ba254fca33fbca36af/element - {"using":"css selector","value":"#shell-header-logo"}
COMMAND: GET /session/a9b4e6b29d0180ba254fca33fbca36af/screenshot - {}
RESULT: {"using":"css selector","value":"#shell-header-logo"}
COMMAND: POST /session/a9b4e6b29d0180ba254fca33fbca36af/execute/sync - {"script":"<script> [8489 bytes]","args":[{"element-6066-11e4-a52e-4f735466cecf":"f.7C9A75291D3E7FF457A20D966EE470C5.d.D9A100F54C345320438D92339225B78F.e.5375","ELEMENT":"f.7C9A75291D3E7FF457A20D966EE470C5.d.D9A100F54C345320438D92339225B78F.e.5375"}]}
RESULT: {}
RESULT: {"script":"<script> [8489 bytes]","args":[{"element-6066-11e4-a52e-4f735466cecf":"f.7C9A75291D3E7FF457A20D966EE470C5.d.D9A100F54C345320438D92339225B78F.e.5375","ELEMENT":"f.7C9A75291D3E7FF457A20D966EE470C5.d.D9A100F54C345320438D92339225B78F.e.5375"}]}
COMMAND: POST /session/a9b4e6b29d0180ba254fca33fbca36af/execute/sync - {"script":"<script> [5351 bytes]","args":[{"element-6066-11e4-a52e-4f735466cecf":"f.7C9A75291D3E7FF457A20D966EE470C5.d.D9A100F54C345320438D92339225B78F.e.5375","ELEMENT":"f.7C9A75291D3E7FF457A20D966EE470C5.d.D9A100F54C345320438D92339225B78F.e.5375"}]}
COMMAND: GET /session/a9b4e6b29d0180ba254fca33fbca36af/screenshot - {}
RESULT: {"script":"<script> [5351 bytes]","args":[{"element-6066-11e4-a52e-4f735466cecf":"f.7C9A75291D3E7FF457A20D966EE470C5.d.D9A100F54C345320438D92339225B78F.e.5375","ELEMENT":"f.7C9A75291D3E7FF457A20D966EE470C5.d.D9A100F54C345320438D92339225B78F.e.5375"}]}
COMMAND: POST /session/a9b4e6b29d0180ba254fca33fbca36af/element - {"using":"css selector","value":"#shell-header-logo"}
COMMAND: GET /session/a9b4e6b29d0180ba254fca33fbca36af/screenshot - {}
RESULT: {}
RESULT: {"using":"css selector","value":"#shell-header-logo"}
COMMAND: POST /session/a9b4e6b29d0180ba254fca33fbca36af/element/f.7C9A75291D3E7FF457A20D966EE470C5.d.D9A100F54C345320438D92339225B78F.e.5375/click - {}
RESULT: {}
RESULT: {}
COMMAND: GET /session/a9b4e6b29d0180ba254fca33fbca36af/screenshot - {}
RESULT: {}
COMMAND: POST /session/a9b4e6b29d0180ba254fca33fbca36af/execute/async - {"script":"<script> [189 bytes]","args":[]}
RESULT: {"script":"<script> [189 bytes]","args":[]}
COMMAND: POST /session/a9b4e6b29d0180ba254fca33fbca36af/execute/async - {"script":"<script> [123 bytes]","args":[]}
RESULT: {"script":"<script> [123 bytes]","args":[]}
COMMAND: POST /session/a9b4e6b29d0180ba254fca33fbca36af/timeouts - {"script":"<number>"}
RESULT: {"script":"<number>"}
COMMAND: GET /session/a9b4e6b29d0180ba254fca33fbca36af/timeouts - {}
RESULT: {}
RESULT: undefined
COMMAND: POST /session/a9b4e6b29d0180ba254fca33fbca36af/execute/async - {"script":"<script> [2676 bytes]","args":[]}
RESULT: {"script":"<script> [2676 bytes]","args":[]}
COMMAND: POST /session/a9b4e6b29d0180ba254fca33fbca36af/execute/async - {"script":"<script> [2342 bytes]","args":[{"protocol":"http","hostname":"0.0.0.0","path":"/","capabilities":{"browserName":"chrome","goog:chromeOptions":{"binary":"C:\\Program Files\\Google\\Chrome\\Application\\chrome.exe","args":["--start-maximized"]}},"logLevel":"warn","connectionRetryTimeout":120000,"connectionRetryCount":3,"logLevels":{},"enableDirectConnect":true,"strictSSL":true,"_":"65 more keys: [\"cacheDir\",\"port\",\"requestedCapabilities\",\"automationProtocol\",\"baseUrl\",\"waitforInterval\",\"waitforTimeout\",\"onReload\",\"beforeCommand\",\"afterCommand\",\"rootDir\",\"specs\",\"suites\",\"exclude\",\"groupLogsByTestSpec\",\"excludeDriverLogs\",\"bail\",\"framework\",\"reporters\",\"services\",\"maxInstances\",\"maxInstancesPerCapability\",\"injectGlobals\",\"filesToWatch\",\"execArgv\",\"runnerEnv\",\"runner\",\"shard\",\"specFileRetries\",\"specFileRetriesDelay\",\"specFileRetriesDeferred\",\"reporterSyncInterval\",\"reporterSyncTimeout\",\"cucumberFeaturesWithLineNumbers\",\"autoCompileOpts\",\"mochaOpts\",\"jasmineOpts\",\"cucumberOpts\",\"onPrepare\",\"onWorkerStart\",\"onWorkerEnd\",\"before\",\"beforeSession\",\"beforeSuite\",\"beforeHook\",\"beforeTest\",\"afterTest\",\"afterHook\",\"afterSuite\",\"afterSession\",\"after\",\"onComplete\",\"beforeAssertion\",\"afterAssertion\",\"beforeFeature\",\"beforeScenario\",\"beforeStep\",\"afterStep\",\"afterScenario\",\"afterFeature\",\"_\",\"suite\",\"$0\",\"ignoredWorkerServices\",\"wdi5\"]"}]}
RESULT: {"script":"<script> [2342 bytes]","args":[{"protocol":"http","hostname":"0.0.0.0","path":"/","capabilities":{"browserName":"chrome","goog:chromeOptions":{"binary":"C:\\Program Files\\Google\\Chrome\\Application\\chrome.exe","args":["--start-maximized"]}},"logLevel":"warn","connectionRetryTimeout":120000,"connectionRetryCount":3,"logLevels":{},"enableDirectConnect":true,"strictSSL":true,"_":"65 more keys: [\"cacheDir\",\"port\",\"requestedCapabilities\",\"automationProtocol\",\"baseUrl\",\"waitforInterval\",\"waitforTimeout\",\"onReload\",\"beforeCommand\",\"afterCommand\",\"rootDir\",\"specs\",\"suites\",\"exclude\",\"groupLogsByTestSpec\",\"excludeDriverLogs\",\"bail\",\"framework\",\"reporters\",\"services\",\"maxInstances\",\"maxInstancesPerCapability\",\"injectGlobals\",\"filesToWatch\",\"execArgv\",\"runnerEnv\",\"runner\",\"shard\",\"specFileRetries\",\"specFileRetriesDelay\",\"specFileRetriesDeferred\",\"reporterSyncInterval\",\"reporterSyncTimeout\",\"cucumberFeaturesWithLineNumbers\",\"autoCompileOpts\",\"mochaOpts\",\"jasmineOpts\",\"cucumberOpts\",\"onPrepare\",\"onWorkerStart\",\"onWorkerEnd\",\"before\",\"beforeSession\",\"beforeSuite\",\"beforeHook\",\"beforeTest\",\"afterTest\",\"afterHook\",\"afterSuite\",\"afterSession\",\"after\",\"onComplete\",\"beforeAssertion\",\"afterAssertion\",\"beforeFeature\",\"beforeScenario\",\"beforeStep\",\"afterStep\",\"afterScenario\",\"afterFeature\",\"_\",\"suite\",\"$0\",\"ignoredWorkerServices\",\"wdi5\"]"}]}
COMMAND: POST /session/a9b4e6b29d0180ba254fca33fbca36af/execute/async - {"script":"<script> [21126 bytes]","args":[35000]}
RESULT: {"script":"<script> [21126 bytes]","args":[35000]}
COMMAND: POST /session/a9b4e6b29d0180ba254fca33fbca36af/window/maximize - {}
RESULT: {}
COMMAND: POST /session/a9b4e6b29d0180ba254fca33fbca36af/execute/async - {"script":"<script> [1562 bytes]","args":[{"selector":{"id":"shell-header","interaction":{"idSuffix":"icon"}},"wdio_ui5_key":"shellheader"}]}
COMMAND: GET /session/a9b4e6b29d0180ba254fca33fbca36af/screenshot - {}
RESULT: {"script":"<script> [1562 bytes]","args":[{"selector":{"id":"shell-header","interaction":{"idSuffix":"icon"}},"wdio_ui5_key":"shellheader"}]}
RESULT: undefined
RESULT: {}
COMMAND: POST /session/a9b4e6b29d0180ba254fca33fbca36af/execute/async - {"script":"<script> [1562 bytes]","args":[{"selector":{"controlType":"sap.m.Title","i18NText":{"propertyName":"text","key":"dataCollectionAgreement"},"searchOpenDialogs":true},"wdio_ui5_key":"sapm.Title{\"propertyName\":\"text\",\"key\":\"dataCollectionAgreement\"}"}]}
RESULT: {"script":"<script> [1562 bytes]","args":[{"selector":{"controlType":"sap.m.Title","i18NText":{"propertyName":"text","key":"dataCollectionAgreement"},"searchOpenDialogs":true},"wdio_ui5_key":"sapm.Title{\"propertyName\":\"text\",\"key\":\"dataCollectionAgreement\"}"}]}
RESULT: undefined
COMMAND: POST /session/a9b4e6b29d0180ba254fca33fbca36af/execute/async - {"script":"<script> [1562 bytes]","args":[{"selector":{"controlType":"sap.m.GenericTile","properties":{"header":"Manage Resources"}},"wdio_ui5_key":"sapm.GenericTile{\"header\":\"Manage Resources\"}"}]}
RESULT: {"script":"<script> [1562 bytes]","args":[{"selector":{"controlType":"sap.m.GenericTile","properties":{"header":"Manage Resources"}},"wdio_ui5_key":"sapm.GenericTile{\"header\":\"Manage Resources\"}"}]}
RESULT: undefined
COMMAND: POST /session/a9b4e6b29d0180ba254fca33fbca36af/element - {"using":"xpath","value":"//*[@id=\"__tile31\"]"}
RESULT: {"using":"xpath","value":"//*[@id=\"__tile31\"]"}
COMMAND: POST /session/a9b4e6b29d0180ba254fca33fbca36af/element/f.7C9A75291D3E7FF457A20D966EE470C5.d.D9A100F54C345320438D92339225B78F.e.5395/click - {}
RESULT: {}
COMMAND: GET /session/a9b4e6b29d0180ba254fca33fbca36af/screenshot - {}
RESULT: {}
RESULT: undefined
RESULT: undefined
]]></system-out>
    </testcase>
  </testsuite>
  <testsuite timestamp="2025-04-22T15:34:08" time="528.626" tests="2" failures="0" errors="0" skipped="0">
    <properties>
      <property name="specId" value="0"/>
      <property name="suiteName" value="Create 2 RU material US118246"/>
      <property name="capabilities" value="chrome.135_0_7049_42.windows"/>
      <property name="file" value="file:///D:/a/1/s/test/specs/R2C/create-material.spec.js"/>
    </properties>
    <testcase classname="chrome.135_0_7049_42.windows.Create_2_RU_material_US118246" name="Create material" time="248.585">
      <system-out><![CDATA[
COMMAND: POST /session/a9b4e6b29d0180ba254fca33fbca36af/element - {"using":"xpath","value":"//button[@data-kt=\"addNewRUOverflowToolbarButton\"]"}
RESULT: {"using":"xpath","value":"//button[@data-kt=\"addNewRUOverflowToolbarButton\"]"}
COMMAND: POST /session/a9b4e6b29d0180ba254fca33fbca36af/execute/sync - {"script":"<script> [8489 bytes]","args":[{"element-6066-11e4-a52e-4f735466cecf":"f.7C9A75291D3E7FF457A20D966EE470C5.d.D9A100F54C345320438D92339225B78F.e.5533","ELEMENT":"f.7C9A75291D3E7FF457A20D966EE470C5.d.D9A100F54C345320438D92339225B78F.e.5533"}]}
RESULT: {"script":"<script> [8489 bytes]","args":[{"element-6066-11e4-a52e-4f735466cecf":"f.7C9A75291D3E7FF457A20D966EE470C5.d.D9A100F54C345320438D92339225B78F.e.5533","ELEMENT":"f.7C9A75291D3E7FF457A20D966EE470C5.d.D9A100F54C345320438D92339225B78F.e.5533"}]}
COMMAND: POST /session/a9b4e6b29d0180ba254fca33fbca36af/element/f.7C9A75291D3E7FF457A20D966EE470C5.d.D9A100F54C345320438D92339225B78F.e.5533/click - {}
COMMAND: GET /session/a9b4e6b29d0180ba254fca33fbca36af/screenshot - {}
RESULT: {}
COMMAND: GET /session/a9b4e6b29d0180ba254fca33fbca36af/screenshot - {}
RESULT: {}
RESULT: {}
COMMAND: POST /session/a9b4e6b29d0180ba254fca33fbca36af/execute/async - {"script":"<script> [1562 bytes]","args":[{"selector":{"controlType":"sap.m.ComboBox","viewName":"reusables.view.manageresources.NewResourceUnit","viewId":"application-manageresources-display-component---newResourceUnit","bindingPath":{"path":"","propertyPath":"/RuTypes","modelName":"catalogModel"},"searchOpenDialogs":true},"wdio_ui5_key":"reusablesview.manageresources.NewResourceUnitsap.m.ComboBox{\"path\":\"\",\"propertyPath\":\"/RuTypes\",\"modelName\":\"catalogModel\"}"}]}
RESULT: {"script":"<script> [1562 bytes]","args":[{"selector":{"controlType":"sap.m.ComboBox","viewName":"reusables.view.manageresources.NewResourceUnit","viewId":"application-manageresources-display-component---newResourceUnit","bindingPath":{"path":"","propertyPath":"/RuTypes","modelName":"catalogModel"},"searchOpenDialogs":true},"wdio_ui5_key":"reusablesview.manageresources.NewResourceUnitsap.m.ComboBox{\"path\":\"\",\"propertyPath\":\"/RuTypes\",\"modelName\":\"catalogModel\"}"}]}
RESULT: undefined
COMMAND: POST /session/a9b4e6b29d0180ba254fca33fbca36af/execute/async - {"script":"<script> [1562 bytes]","args":[{"selector":{"controlType":"sap.m.ComboBox","viewName":"reusables.view.manageresources.NewResourceUnit","viewId":"application-manageresources-display-component---newResourceUnit","bindingPath":{"path":"","propertyPath":"/Yards","modelName":"catalogModel"},"searchOpenDialogs":true},"wdio_ui5_key":"reusablesview.manageresources.NewResourceUnitsap.m.ComboBox{\"path\":\"\",\"propertyPath\":\"/Yards\",\"modelName\":\"catalogModel\"}"}]}
RESULT: {"script":"<script> [1562 bytes]","args":[{"selector":{"controlType":"sap.m.ComboBox","viewName":"reusables.view.manageresources.NewResourceUnit","viewId":"application-manageresources-display-component---newResourceUnit","bindingPath":{"path":"","propertyPath":"/Yards","modelName":"catalogModel"},"searchOpenDialogs":true},"wdio_ui5_key":"reusablesview.manageresources.NewResourceUnitsap.m.ComboBox{\"path\":\"\",\"propertyPath\":\"/Yards\",\"modelName\":\"catalogModel\"}"}]}
RESULT: undefined
COMMAND: POST /session/a9b4e6b29d0180ba254fca33fbca36af/execute/async - {"script":"<script> [1562 bytes]","args":[{"selector":{"controlType":"etm.portal.ui.reusables.customControls.LiveSearchComboBox","viewName":"reusables.view.manageresources.NewResourceUnit","viewId":"application-manageresources-display-component---newResourceUnit","bindingPath":{"path":"","propertyPath":"/CatalogItems","modelName":"catalogModel"},"searchOpenDialogs":true},"wdio_ui5_key":"reusablesview.manageresources.NewResourceUnitetm.portal.ui.reusables.customControls.LiveSearchComboBox{\"path\":\"\",\"propertyPath\":\"/CatalogItems\",\"modelName\":\"catalogModel\"}"}]}
RESULT: {"script":"<script> [1562 bytes]","args":[{"selector":{"controlType":"etm.portal.ui.reusables.customControls.LiveSearchComboBox","viewName":"reusables.view.manageresources.NewResourceUnit","viewId":"application-manageresources-display-component---newResourceUnit","bindingPath":{"path":"","propertyPath":"/CatalogItems","modelName":"catalogModel"},"searchOpenDialogs":true},"wdio_ui5_key":"reusablesview.manageresources.NewResourceUnitetm.portal.ui.reusables.customControls.LiveSearchComboBox{\"path\":\"\",\"propertyPath\":\"/CatalogItems\",\"modelName\":\"catalogModel\"}"}]}
RESULT: undefined
COMMAND: POST /session/a9b4e6b29d0180ba254fca33fbca36af/element - {"using":"xpath","value":"//bdi[text()=\"OK\"]"}
RESULT: {"using":"xpath","value":"//bdi[text()=\"OK\"]"}
COMMAND: POST /session/a9b4e6b29d0180ba254fca33fbca36af/elements - {"using":"xpath","value":"//bdi[text()=\"OK\"]"}
RESULT: {"using":"xpath","value":"//bdi[text()=\"OK\"]"}
COMMAND: POST /session/a9b4e6b29d0180ba254fca33fbca36af/elements - {"using":"xpath","value":"//bdi[text()=\"OK\"]"}
RESULT: {"using":"xpath","value":"//bdi[text()=\"OK\"]"}
COMMAND: POST /session/a9b4e6b29d0180ba254fca33fbca36af/elements - {"using":"xpath","value":"//bdi[text()=\"OK\"]"}
RESULT: {"using":"xpath","value":"//bdi[text()=\"OK\"]"}
COMMAND: POST /session/a9b4e6b29d0180ba254fca33fbca36af/elements - {"using":"xpath","value":"//bdi[text()=\"OK\"]"}
RESULT: {"using":"xpath","value":"//bdi[text()=\"OK\"]"}
COMMAND: POST /session/a9b4e6b29d0180ba254fca33fbca36af/elements - {"using":"xpath","value":"//bdi[text()=\"OK\"]"}
RESULT: {"using":"xpath","value":"//bdi[text()=\"OK\"]"}
COMMAND: POST /session/a9b4e6b29d0180ba254fca33fbca36af/elements - {"using":"xpath","value":"//bdi[text()=\"OK\"]"}
RESULT: {"using":"xpath","value":"//bdi[text()=\"OK\"]"}
COMMAND: POST /session/a9b4e6b29d0180ba254fca33fbca36af/elements - {"using":"xpath","value":"//bdi[text()=\"OK\"]"}
RESULT: {"using":"xpath","value":"//bdi[text()=\"OK\"]"}
COMMAND: POST /session/a9b4e6b29d0180ba254fca33fbca36af/elements - {"using":"xpath","value":"//bdi[text()=\"OK\"]"}
RESULT: {"using":"xpath","value":"//bdi[text()=\"OK\"]"}
COMMAND: POST /session/a9b4e6b29d0180ba254fca33fbca36af/elements - {"using":"xpath","value":"//bdi[text()=\"OK\"]"}
RESULT: {"using":"xpath","value":"//bdi[text()=\"OK\"]"}
COMMAND: POST /session/a9b4e6b29d0180ba254fca33fbca36af/elements - {"using":"xpath","value":"//bdi[text()=\"OK\"]"}
RESULT: {"using":"xpath","value":"//bdi[text()=\"OK\"]"}
COMMAND: POST /session/a9b4e6b29d0180ba254fca33fbca36af/elements - {"using":"xpath","value":"//bdi[text()=\"OK\"]"}
RESULT: {"using":"xpath","value":"//bdi[text()=\"OK\"]"}
COMMAND: POST /session/a9b4e6b29d0180ba254fca33fbca36af/elements - {"using":"xpath","value":"//bdi[text()=\"OK\"]"}
RESULT: {"using":"xpath","value":"//bdi[text()=\"OK\"]"}
COMMAND: POST /session/a9b4e6b29d0180ba254fca33fbca36af/elements - {"using":"xpath","value":"//bdi[text()=\"OK\"]"}
RESULT: {"using":"xpath","value":"//bdi[text()=\"OK\"]"}
COMMAND: POST /session/a9b4e6b29d0180ba254fca33fbca36af/elements - {"using":"xpath","value":"//bdi[text()=\"OK\"]"}
RESULT: {"using":"xpath","value":"//bdi[text()=\"OK\"]"}
COMMAND: POST /session/a9b4e6b29d0180ba254fca33fbca36af/elements - {"using":"xpath","value":"//bdi[text()=\"OK\"]"}
RESULT: {"using":"xpath","value":"//bdi[text()=\"OK\"]"}
COMMAND: POST /session/a9b4e6b29d0180ba254fca33fbca36af/elements - {"using":"xpath","value":"//bdi[text()=\"OK\"]"}
RESULT: {"using":"xpath","value":"//bdi[text()=\"OK\"]"}
COMMAND: POST /session/a9b4e6b29d0180ba254fca33fbca36af/elements - {"using":"xpath","value":"//bdi[text()=\"OK\"]"}
RESULT: {"using":"xpath","value":"//bdi[text()=\"OK\"]"}
COMMAND: POST /session/a9b4e6b29d0180ba254fca33fbca36af/elements - {"using":"xpath","value":"//bdi[text()=\"OK\"]"}
RESULT: {"using":"xpath","value":"//bdi[text()=\"OK\"]"}
COMMAND: POST /session/a9b4e6b29d0180ba254fca33fbca36af/elements - {"using":"xpath","value":"//bdi[text()=\"OK\"]"}
RESULT: {"using":"xpath","value":"//bdi[text()=\"OK\"]"}
COMMAND: POST /session/a9b4e6b29d0180ba254fca33fbca36af/elements - {"using":"xpath","value":"//bdi[text()=\"OK\"]"}
RESULT: {"using":"xpath","value":"//bdi[text()=\"OK\"]"}
COMMAND: POST /session/a9b4e6b29d0180ba254fca33fbca36af/elements - {"using":"xpath","value":"//bdi[text()=\"OK\"]"}
RESULT: {"using":"xpath","value":"//bdi[text()=\"OK\"]"}
COMMAND: POST /session/a9b4e6b29d0180ba254fca33fbca36af/elements - {"using":"xpath","value":"//bdi[text()=\"OK\"]"}
RESULT: {"using":"xpath","value":"//bdi[text()=\"OK\"]"}
COMMAND: POST /session/a9b4e6b29d0180ba254fca33fbca36af/elements - {"using":"xpath","value":"//bdi[text()=\"OK\"]"}
RESULT: {"using":"xpath","value":"//bdi[text()=\"OK\"]"}
COMMAND: POST /session/a9b4e6b29d0180ba254fca33fbca36af/elements - {"using":"xpath","value":"//bdi[text()=\"OK\"]"}
RESULT: {"using":"xpath","value":"//bdi[text()=\"OK\"]"}
COMMAND: POST /session/a9b4e6b29d0180ba254fca33fbca36af/elements - {"using":"xpath","value":"//bdi[text()=\"OK\"]"}
RESULT: {"using":"xpath","value":"//bdi[text()=\"OK\"]"}
COMMAND: POST /session/a9b4e6b29d0180ba254fca33fbca36af/elements - {"using":"xpath","value":"//bdi[text()=\"OK\"]"}
RESULT: {"using":"xpath","value":"//bdi[text()=\"OK\"]"}
COMMAND: POST /session/a9b4e6b29d0180ba254fca33fbca36af/elements - {"using":"xpath","value":"//bdi[text()=\"OK\"]"}
RESULT: {"using":"xpath","value":"//bdi[text()=\"OK\"]"}
COMMAND: POST /session/a9b4e6b29d0180ba254fca33fbca36af/elements - {"using":"xpath","value":"//bdi[text()=\"OK\"]"}
RESULT: {"using":"xpath","value":"//bdi[text()=\"OK\"]"}
COMMAND: POST /session/a9b4e6b29d0180ba254fca33fbca36af/elements - {"using":"xpath","value":"//bdi[text()=\"OK\"]"}
RESULT: {"using":"xpath","value":"//bdi[text()=\"OK\"]"}
COMMAND: POST /session/a9b4e6b29d0180ba254fca33fbca36af/elements - {"using":"xpath","value":"//bdi[text()=\"OK\"]"}
RESULT: {"using":"xpath","value":"//bdi[text()=\"OK\"]"}
COMMAND: POST /session/a9b4e6b29d0180ba254fca33fbca36af/elements - {"using":"xpath","value":"//bdi[text()=\"OK\"]"}
RESULT: {"using":"xpath","value":"//bdi[text()=\"OK\"]"}
COMMAND: POST /session/a9b4e6b29d0180ba254fca33fbca36af/elements - {"using":"xpath","value":"//bdi[text()=\"OK\"]"}
RESULT: {"using":"xpath","value":"//bdi[text()=\"OK\"]"}
COMMAND: POST /session/a9b4e6b29d0180ba254fca33fbca36af/elements - {"using":"xpath","value":"//bdi[text()=\"OK\"]"}
RESULT: {"using":"xpath","value":"//bdi[text()=\"OK\"]"}
COMMAND: POST /session/a9b4e6b29d0180ba254fca33fbca36af/elements - {"using":"xpath","value":"//bdi[text()=\"OK\"]"}
RESULT: {"using":"xpath","value":"//bdi[text()=\"OK\"]"}
COMMAND: POST /session/a9b4e6b29d0180ba254fca33fbca36af/elements - {"using":"xpath","value":"//bdi[text()=\"OK\"]"}
RESULT: {"using":"xpath","value":"//bdi[text()=\"OK\"]"}
COMMAND: POST /session/a9b4e6b29d0180ba254fca33fbca36af/elements - {"using":"xpath","value":"//bdi[text()=\"OK\"]"}
RESULT: {"using":"xpath","value":"//bdi[text()=\"OK\"]"}
COMMAND: POST /session/a9b4e6b29d0180ba254fca33fbca36af/elements - {"using":"xpath","value":"//bdi[text()=\"OK\"]"}
RESULT: {"using":"xpath","value":"//bdi[text()=\"OK\"]"}
COMMAND: POST /session/a9b4e6b29d0180ba254fca33fbca36af/elements - {"using":"xpath","value":"//bdi[text()=\"OK\"]"}
RESULT: {"using":"xpath","value":"//bdi[text()=\"OK\"]"}
COMMAND: POST /session/a9b4e6b29d0180ba254fca33fbca36af/elements - {"using":"xpath","value":"//bdi[text()=\"OK\"]"}
RESULT: {"using":"xpath","value":"//bdi[text()=\"OK\"]"}
COMMAND: POST /session/a9b4e6b29d0180ba254fca33fbca36af/elements - {"using":"xpath","value":"//bdi[text()=\"OK\"]"}
RESULT: {"using":"xpath","value":"//bdi[text()=\"OK\"]"}
COMMAND: POST /session/a9b4e6b29d0180ba254fca33fbca36af/elements - {"using":"xpath","value":"//bdi[text()=\"OK\"]"}
RESULT: {"using":"xpath","value":"//bdi[text()=\"OK\"]"}
COMMAND: POST /session/a9b4e6b29d0180ba254fca33fbca36af/elements - {"using":"xpath","value":"//bdi[text()=\"OK\"]"}
RESULT: {"using":"xpath","value":"//bdi[text()=\"OK\"]"}
COMMAND: POST /session/a9b4e6b29d0180ba254fca33fbca36af/elements - {"using":"xpath","value":"//bdi[text()=\"OK\"]"}
RESULT: {"using":"xpath","value":"//bdi[text()=\"OK\"]"}
COMMAND: POST /session/a9b4e6b29d0180ba254fca33fbca36af/elements - {"using":"xpath","value":"//bdi[text()=\"OK\"]"}
RESULT: {"using":"xpath","value":"//bdi[text()=\"OK\"]"}
COMMAND: POST /session/a9b4e6b29d0180ba254fca33fbca36af/elements - {"using":"xpath","value":"//bdi[text()=\"OK\"]"}
RESULT: {"using":"xpath","value":"//bdi[text()=\"OK\"]"}
COMMAND: POST /session/a9b4e6b29d0180ba254fca33fbca36af/elements - {"using":"xpath","value":"//bdi[text()=\"OK\"]"}
RESULT: {"using":"xpath","value":"//bdi[text()=\"OK\"]"}
COMMAND: POST /session/a9b4e6b29d0180ba254fca33fbca36af/elements - {"using":"xpath","value":"//bdi[text()=\"OK\"]"}
RESULT: {"using":"xpath","value":"//bdi[text()=\"OK\"]"}
COMMAND: POST /session/a9b4e6b29d0180ba254fca33fbca36af/elements - {"using":"xpath","value":"//bdi[text()=\"OK\"]"}
RESULT: {"using":"xpath","value":"//bdi[text()=\"OK\"]"}
COMMAND: POST /session/a9b4e6b29d0180ba254fca33fbca36af/elements - {"using":"xpath","value":"//bdi[text()=\"OK\"]"}
RESULT: {"using":"xpath","value":"//bdi[text()=\"OK\"]"}
COMMAND: POST /session/a9b4e6b29d0180ba254fca33fbca36af/elements - {"using":"xpath","value":"//bdi[text()=\"OK\"]"}
RESULT: {"using":"xpath","value":"//bdi[text()=\"OK\"]"}
COMMAND: POST /session/a9b4e6b29d0180ba254fca33fbca36af/elements - {"using":"xpath","value":"//bdi[text()=\"OK\"]"}
RESULT: {"using":"xpath","value":"//bdi[text()=\"OK\"]"}
COMMAND: POST /session/a9b4e6b29d0180ba254fca33fbca36af/elements - {"using":"xpath","value":"//bdi[text()=\"OK\"]"}
RESULT: {"using":"xpath","value":"//bdi[text()=\"OK\"]"}
COMMAND: POST /session/a9b4e6b29d0180ba254fca33fbca36af/elements - {"using":"xpath","value":"//bdi[text()=\"OK\"]"}
RESULT: {"using":"xpath","value":"//bdi[text()=\"OK\"]"}
COMMAND: POST /session/a9b4e6b29d0180ba254fca33fbca36af/elements - {"using":"xpath","value":"//bdi[text()=\"OK\"]"}
RESULT: {"using":"xpath","value":"//bdi[text()=\"OK\"]"}
COMMAND: POST /session/a9b4e6b29d0180ba254fca33fbca36af/elements - {"using":"xpath","value":"//bdi[text()=\"OK\"]"}
RESULT: {"using":"xpath","value":"//bdi[text()=\"OK\"]"}
COMMAND: POST /session/a9b4e6b29d0180ba254fca33fbca36af/elements - {"using":"xpath","value":"//bdi[text()=\"OK\"]"}
RESULT: {"using":"xpath","value":"//bdi[text()=\"OK\"]"}
COMMAND: POST /session/a9b4e6b29d0180ba254fca33fbca36af/elements - {"using":"xpath","value":"//bdi[text()=\"OK\"]"}
RESULT: {"using":"xpath","value":"//bdi[text()=\"OK\"]"}
COMMAND: POST /session/a9b4e6b29d0180ba254fca33fbca36af/elements - {"using":"xpath","value":"//bdi[text()=\"OK\"]"}
RESULT: {"using":"xpath","value":"//bdi[text()=\"OK\"]"}
COMMAND: POST /session/a9b4e6b29d0180ba254fca33fbca36af/elements - {"using":"xpath","value":"//bdi[text()=\"OK\"]"}
RESULT: {"using":"xpath","value":"//bdi[text()=\"OK\"]"}
COMMAND: POST /session/a9b4e6b29d0180ba254fca33fbca36af/elements - {"using":"xpath","value":"//bdi[text()=\"OK\"]"}
RESULT: {"using":"xpath","value":"//bdi[text()=\"OK\"]"}
COMMAND: POST /session/a9b4e6b29d0180ba254fca33fbca36af/elements - {"using":"xpath","value":"//bdi[text()=\"OK\"]"}
RESULT: {"using":"xpath","value":"//bdi[text()=\"OK\"]"}
COMMAND: POST /session/a9b4e6b29d0180ba254fca33fbca36af/elements - {"using":"xpath","value":"//bdi[text()=\"OK\"]"}
RESULT: {"using":"xpath","value":"//bdi[text()=\"OK\"]"}
COMMAND: POST /session/a9b4e6b29d0180ba254fca33fbca36af/elements - {"using":"xpath","value":"//bdi[text()=\"OK\"]"}
RESULT: {"using":"xpath","value":"//bdi[text()=\"OK\"]"}
COMMAND: POST /session/a9b4e6b29d0180ba254fca33fbca36af/elements - {"using":"xpath","value":"//bdi[text()=\"OK\"]"}
RESULT: {"using":"xpath","value":"//bdi[text()=\"OK\"]"}
COMMAND: POST /session/a9b4e6b29d0180ba254fca33fbca36af/elements - {"using":"xpath","value":"//bdi[text()=\"OK\"]"}
RESULT: {"using":"xpath","value":"//bdi[text()=\"OK\"]"}
COMMAND: POST /session/a9b4e6b29d0180ba254fca33fbca36af/elements - {"using":"xpath","value":"//bdi[text()=\"OK\"]"}
RESULT: {"using":"xpath","value":"//bdi[text()=\"OK\"]"}
COMMAND: POST /session/a9b4e6b29d0180ba254fca33fbca36af/elements - {"using":"xpath","value":"//bdi[text()=\"OK\"]"}
RESULT: {"using":"xpath","value":"//bdi[text()=\"OK\"]"}
COMMAND: POST /session/a9b4e6b29d0180ba254fca33fbca36af/elements - {"using":"xpath","value":"//bdi[text()=\"OK\"]"}
RESULT: {"using":"xpath","value":"//bdi[text()=\"OK\"]"}
COMMAND: POST /session/a9b4e6b29d0180ba254fca33fbca36af/elements - {"using":"xpath","value":"//bdi[text()=\"OK\"]"}
RESULT: {"using":"xpath","value":"//bdi[text()=\"OK\"]"}
COMMAND: POST /session/a9b4e6b29d0180ba254fca33fbca36af/elements - {"using":"xpath","value":"//bdi[text()=\"OK\"]"}
RESULT: {"using":"xpath","value":"//bdi[text()=\"OK\"]"}
COMMAND: POST /session/a9b4e6b29d0180ba254fca33fbca36af/elements - {"using":"xpath","value":"//bdi[text()=\"OK\"]"}
RESULT: {"using":"xpath","value":"//bdi[text()=\"OK\"]"}
COMMAND: POST /session/a9b4e6b29d0180ba254fca33fbca36af/elements - {"using":"xpath","value":"//bdi[text()=\"OK\"]"}
RESULT: {"using":"xpath","value":"//bdi[text()=\"OK\"]"}
COMMAND: POST /session/a9b4e6b29d0180ba254fca33fbca36af/elements - {"using":"xpath","value":"//bdi[text()=\"OK\"]"}
RESULT: {"using":"xpath","value":"//bdi[text()=\"OK\"]"}
COMMAND: POST /session/a9b4e6b29d0180ba254fca33fbca36af/elements - {"using":"xpath","value":"//bdi[text()=\"OK\"]"}
RESULT: {"using":"xpath","value":"//bdi[text()=\"OK\"]"}
COMMAND: POST /session/a9b4e6b29d0180ba254fca33fbca36af/elements - {"using":"xpath","value":"//bdi[text()=\"OK\"]"}
RESULT: {"using":"xpath","value":"//bdi[text()=\"OK\"]"}
COMMAND: POST /session/a9b4e6b29d0180ba254fca33fbca36af/elements - {"using":"xpath","value":"//bdi[text()=\"OK\"]"}
RESULT: {"using":"xpath","value":"//bdi[text()=\"OK\"]"}
COMMAND: POST /session/a9b4e6b29d0180ba254fca33fbca36af/elements - {"using":"xpath","value":"//bdi[text()=\"OK\"]"}
RESULT: {"using":"xpath","value":"//bdi[text()=\"OK\"]"}
COMMAND: POST /session/a9b4e6b29d0180ba254fca33fbca36af/elements - {"using":"xpath","value":"//bdi[text()=\"OK\"]"}
RESULT: {"using":"xpath","value":"//bdi[text()=\"OK\"]"}
COMMAND: POST /session/a9b4e6b29d0180ba254fca33fbca36af/elements - {"using":"xpath","value":"//bdi[text()=\"OK\"]"}
RESULT: {"using":"xpath","value":"//bdi[text()=\"OK\"]"}
COMMAND: POST /session/a9b4e6b29d0180ba254fca33fbca36af/elements - {"using":"xpath","value":"//bdi[text()=\"OK\"]"}
RESULT: {"using":"xpath","value":"//bdi[text()=\"OK\"]"}
COMMAND: POST /session/a9b4e6b29d0180ba254fca33fbca36af/elements - {"using":"xpath","value":"//bdi[text()=\"OK\"]"}
RESULT: {"using":"xpath","value":"//bdi[text()=\"OK\"]"}
COMMAND: POST /session/a9b4e6b29d0180ba254fca33fbca36af/elements - {"using":"xpath","value":"//bdi[text()=\"OK\"]"}
RESULT: {"using":"xpath","value":"//bdi[text()=\"OK\"]"}
COMMAND: POST /session/a9b4e6b29d0180ba254fca33fbca36af/elements - {"using":"xpath","value":"//bdi[text()=\"OK\"]"}
RESULT: {"using":"xpath","value":"//bdi[text()=\"OK\"]"}
COMMAND: POST /session/a9b4e6b29d0180ba254fca33fbca36af/elements - {"using":"xpath","value":"//bdi[text()=\"OK\"]"}
RESULT: {"using":"xpath","value":"//bdi[text()=\"OK\"]"}
COMMAND: POST /session/a9b4e6b29d0180ba254fca33fbca36af/elements - {"using":"xpath","value":"//bdi[text()=\"OK\"]"}
RESULT: {"using":"xpath","value":"//bdi[text()=\"OK\"]"}
COMMAND: POST /session/a9b4e6b29d0180ba254fca33fbca36af/elements - {"using":"xpath","value":"//bdi[text()=\"OK\"]"}
RESULT: {"using":"xpath","value":"//bdi[text()=\"OK\"]"}
COMMAND: POST /session/a9b4e6b29d0180ba254fca33fbca36af/elements - {"using":"xpath","value":"//bdi[text()=\"OK\"]"}
RESULT: {"using":"xpath","value":"//bdi[text()=\"OK\"]"}
COMMAND: POST /session/a9b4e6b29d0180ba254fca33fbca36af/elements - {"using":"xpath","value":"//bdi[text()=\"OK\"]"}
RESULT: {"using":"xpath","value":"//bdi[text()=\"OK\"]"}
COMMAND: POST /session/a9b4e6b29d0180ba254fca33fbca36af/elements - {"using":"xpath","value":"//bdi[text()=\"OK\"]"}
RESULT: {"using":"xpath","value":"//bdi[text()=\"OK\"]"}
COMMAND: POST /session/a9b4e6b29d0180ba254fca33fbca36af/elements - {"using":"xpath","value":"//bdi[text()=\"OK\"]"}
RESULT: {"using":"xpath","value":"//bdi[text()=\"OK\"]"}
COMMAND: POST /session/a9b4e6b29d0180ba254fca33fbca36af/elements - {"using":"xpath","value":"//bdi[text()=\"OK\"]"}
RESULT: {"using":"xpath","value":"//bdi[text()=\"OK\"]"}
COMMAND: POST /session/a9b4e6b29d0180ba254fca33fbca36af/elements - {"using":"xpath","value":"//bdi[text()=\"OK\"]"}
RESULT: {"using":"xpath","value":"//bdi[text()=\"OK\"]"}
COMMAND: POST /session/a9b4e6b29d0180ba254fca33fbca36af/elements - {"using":"xpath","value":"//bdi[text()=\"OK\"]"}
RESULT: {"using":"xpath","value":"//bdi[text()=\"OK\"]"}
COMMAND: POST /session/a9b4e6b29d0180ba254fca33fbca36af/elements - {"using":"xpath","value":"//bdi[text()=\"OK\"]"}
RESULT: {"using":"xpath","value":"//bdi[text()=\"OK\"]"}
COMMAND: POST /session/a9b4e6b29d0180ba254fca33fbca36af/elements - {"using":"xpath","value":"//bdi[text()=\"OK\"]"}
RESULT: {"using":"xpath","value":"//bdi[text()=\"OK\"]"}
COMMAND: POST /session/a9b4e6b29d0180ba254fca33fbca36af/elements - {"using":"xpath","value":"//bdi[text()=\"OK\"]"}
RESULT: {"using":"xpath","value":"//bdi[text()=\"OK\"]"}
COMMAND: POST /session/a9b4e6b29d0180ba254fca33fbca36af/elements - {"using":"xpath","value":"//bdi[text()=\"OK\"]"}
RESULT: {"using":"xpath","value":"//bdi[text()=\"OK\"]"}
COMMAND: POST /session/a9b4e6b29d0180ba254fca33fbca36af/elements - {"using":"xpath","value":"//bdi[text()=\"OK\"]"}
RESULT: {"using":"xpath","value":"//bdi[text()=\"OK\"]"}
COMMAND: POST /session/a9b4e6b29d0180ba254fca33fbca36af/elements - {"using":"xpath","value":"//bdi[text()=\"OK\"]"}
RESULT: {"using":"xpath","value":"//bdi[text()=\"OK\"]"}
COMMAND: POST /session/a9b4e6b29d0180ba254fca33fbca36af/elements - {"using":"xpath","value":"//bdi[text()=\"OK\"]"}
RESULT: {"using":"xpath","value":"//bdi[text()=\"OK\"]"}
COMMAND: POST /session/a9b4e6b29d0180ba254fca33fbca36af/elements - {"using":"xpath","value":"//bdi[text()=\"OK\"]"}
RESULT: {"using":"xpath","value":"//bdi[text()=\"OK\"]"}
COMMAND: POST /session/a9b4e6b29d0180ba254fca33fbca36af/elements - {"using":"xpath","value":"//bdi[text()=\"OK\"]"}
RESULT: {"using":"xpath","value":"//bdi[text()=\"OK\"]"}
COMMAND: POST /session/a9b4e6b29d0180ba254fca33fbca36af/elements - {"using":"xpath","value":"//bdi[text()=\"OK\"]"}
RESULT: {"using":"xpath","value":"//bdi[text()=\"OK\"]"}
COMMAND: POST /session/a9b4e6b29d0180ba254fca33fbca36af/elements - {"using":"xpath","value":"//bdi[text()=\"OK\"]"}
RESULT: {"using":"xpath","value":"//bdi[text()=\"OK\"]"}
COMMAND: POST /session/a9b4e6b29d0180ba254fca33fbca36af/elements - {"using":"xpath","value":"//bdi[text()=\"OK\"]"}
RESULT: {"using":"xpath","value":"//bdi[text()=\"OK\"]"}
COMMAND: POST /session/a9b4e6b29d0180ba254fca33fbca36af/elements - {"using":"xpath","value":"//bdi[text()=\"OK\"]"}
RESULT: {"using":"xpath","value":"//bdi[text()=\"OK\"]"}
COMMAND: POST /session/a9b4e6b29d0180ba254fca33fbca36af/elements - {"using":"xpath","value":"//bdi[text()=\"OK\"]"}
RESULT: {"using":"xpath","value":"//bdi[text()=\"OK\"]"}
COMMAND: POST /session/a9b4e6b29d0180ba254fca33fbca36af/elements - {"using":"xpath","value":"//bdi[text()=\"OK\"]"}
RESULT: {"using":"xpath","value":"//bdi[text()=\"OK\"]"}
COMMAND: POST /session/a9b4e6b29d0180ba254fca33fbca36af/elements - {"using":"xpath","value":"//bdi[text()=\"OK\"]"}
RESULT: {"using":"xpath","value":"//bdi[text()=\"OK\"]"}
COMMAND: POST /session/a9b4e6b29d0180ba254fca33fbca36af/elements - {"using":"xpath","value":"//bdi[text()=\"OK\"]"}
RESULT: {"using":"xpath","value":"//bdi[text()=\"OK\"]"}
COMMAND: POST /session/a9b4e6b29d0180ba254fca33fbca36af/elements - {"using":"xpath","value":"//bdi[text()=\"OK\"]"}
RESULT: {"using":"xpath","value":"//bdi[text()=\"OK\"]"}
COMMAND: POST /session/a9b4e6b29d0180ba254fca33fbca36af/elements - {"using":"xpath","value":"//bdi[text()=\"OK\"]"}
RESULT: {"using":"xpath","value":"//bdi[text()=\"OK\"]"}
COMMAND: POST /session/a9b4e6b29d0180ba254fca33fbca36af/elements - {"using":"xpath","value":"//bdi[text()=\"OK\"]"}
RESULT: {"using":"xpath","value":"//bdi[text()=\"OK\"]"}
COMMAND: POST /session/a9b4e6b29d0180ba254fca33fbca36af/elements - {"using":"xpath","value":"//bdi[text()=\"OK\"]"}
RESULT: {"using":"xpath","value":"//bdi[text()=\"OK\"]"}
COMMAND: POST /session/a9b4e6b29d0180ba254fca33fbca36af/elements - {"using":"xpath","value":"//bdi[text()=\"OK\"]"}
RESULT: {"using":"xpath","value":"//bdi[text()=\"OK\"]"}
COMMAND: POST /session/a9b4e6b29d0180ba254fca33fbca36af/elements - {"using":"xpath","value":"//bdi[text()=\"OK\"]"}
RESULT: {"using":"xpath","value":"//bdi[text()=\"OK\"]"}
COMMAND: POST /session/a9b4e6b29d0180ba254fca33fbca36af/elements - {"using":"xpath","value":"//bdi[text()=\"OK\"]"}
RESULT: {"using":"xpath","value":"//bdi[text()=\"OK\"]"}
COMMAND: POST /session/a9b4e6b29d0180ba254fca33fbca36af/elements - {"using":"xpath","value":"//bdi[text()=\"OK\"]"}
RESULT: {"using":"xpath","value":"//bdi[text()=\"OK\"]"}
COMMAND: POST /session/a9b4e6b29d0180ba254fca33fbca36af/elements - {"using":"xpath","value":"//bdi[text()=\"OK\"]"}
RESULT: {"using":"xpath","value":"//bdi[text()=\"OK\"]"}
COMMAND: POST /session/a9b4e6b29d0180ba254fca33fbca36af/elements - {"using":"xpath","value":"//bdi[text()=\"OK\"]"}
RESULT: {"using":"xpath","value":"//bdi[text()=\"OK\"]"}
COMMAND: POST /session/a9b4e6b29d0180ba254fca33fbca36af/element - {"using":"xpath","value":"//bdi[text()=\"OK\"]"}
RESULT: {"using":"xpath","value":"//bdi[text()=\"OK\"]"}
COMMAND: POST /session/a9b4e6b29d0180ba254fca33fbca36af/elements - {"using":"xpath","value":"//bdi[text()=\"OK\"]"}
RESULT: {"using":"xpath","value":"//bdi[text()=\"OK\"]"}
COMMAND: POST /session/a9b4e6b29d0180ba254fca33fbca36af/elements - {"using":"xpath","value":"//bdi[text()=\"OK\"]"}
RESULT: {"using":"xpath","value":"//bdi[text()=\"OK\"]"}
COMMAND: POST /session/a9b4e6b29d0180ba254fca33fbca36af/elements - {"using":"xpath","value":"//bdi[text()=\"OK\"]"}
RESULT: {"using":"xpath","value":"//bdi[text()=\"OK\"]"}
COMMAND: POST /session/a9b4e6b29d0180ba254fca33fbca36af/elements - {"using":"xpath","value":"//bdi[text()=\"OK\"]"}
RESULT: {"using":"xpath","value":"//bdi[text()=\"OK\"]"}
COMMAND: POST /session/a9b4e6b29d0180ba254fca33fbca36af/elements - {"using":"xpath","value":"//bdi[text()=\"OK\"]"}
RESULT: {"using":"xpath","value":"//bdi[text()=\"OK\"]"}
COMMAND: POST /session/a9b4e6b29d0180ba254fca33fbca36af/elements - {"using":"xpath","value":"//bdi[text()=\"OK\"]"}
RESULT: {"using":"xpath","value":"//bdi[text()=\"OK\"]"}
COMMAND: POST /session/a9b4e6b29d0180ba254fca33fbca36af/elements - {"using":"xpath","value":"//bdi[text()=\"OK\"]"}
RESULT: {"using":"xpath","value":"//bdi[text()=\"OK\"]"}
COMMAND: POST /session/a9b4e6b29d0180ba254fca33fbca36af/elements - {"using":"xpath","value":"//bdi[text()=\"OK\"]"}
RESULT: {"using":"xpath","value":"//bdi[text()=\"OK\"]"}
COMMAND: POST /session/a9b4e6b29d0180ba254fca33fbca36af/elements - {"using":"xpath","value":"//bdi[text()=\"OK\"]"}
RESULT: {"using":"xpath","value":"//bdi[text()=\"OK\"]"}
COMMAND: POST /session/a9b4e6b29d0180ba254fca33fbca36af/elements - {"using":"xpath","value":"//bdi[text()=\"OK\"]"}
RESULT: {"using":"xpath","value":"//bdi[text()=\"OK\"]"}
COMMAND: POST /session/a9b4e6b29d0180ba254fca33fbca36af/elements - {"using":"xpath","value":"//bdi[text()=\"OK\"]"}
RESULT: {"using":"xpath","value":"//bdi[text()=\"OK\"]"}
COMMAND: POST /session/a9b4e6b29d0180ba254fca33fbca36af/elements - {"using":"xpath","value":"//bdi[text()=\"OK\"]"}
RESULT: {"using":"xpath","value":"//bdi[text()=\"OK\"]"}
COMMAND: POST /session/a9b4e6b29d0180ba254fca33fbca36af/elements - {"using":"xpath","value":"//bdi[text()=\"OK\"]"}
RESULT: {"using":"xpath","value":"//bdi[text()=\"OK\"]"}
COMMAND: POST /session/a9b4e6b29d0180ba254fca33fbca36af/elements - {"using":"xpath","value":"//bdi[text()=\"OK\"]"}
RESULT: {"using":"xpath","value":"//bdi[text()=\"OK\"]"}
COMMAND: POST /session/a9b4e6b29d0180ba254fca33fbca36af/elements - {"using":"xpath","value":"//bdi[text()=\"OK\"]"}
RESULT: {"using":"xpath","value":"//bdi[text()=\"OK\"]"}
COMMAND: POST /session/a9b4e6b29d0180ba254fca33fbca36af/elements - {"using":"xpath","value":"//bdi[text()=\"OK\"]"}
RESULT: {"using":"xpath","value":"//bdi[text()=\"OK\"]"}
COMMAND: POST /session/a9b4e6b29d0180ba254fca33fbca36af/elements - {"using":"xpath","value":"//bdi[text()=\"OK\"]"}
RESULT: {"using":"xpath","value":"//bdi[text()=\"OK\"]"}
COMMAND: POST /session/a9b4e6b29d0180ba254fca33fbca36af/elements - {"using":"xpath","value":"//bdi[text()=\"OK\"]"}
RESULT: {"using":"xpath","value":"//bdi[text()=\"OK\"]"}
COMMAND: POST /session/a9b4e6b29d0180ba254fca33fbca36af/elements - {"using":"xpath","value":"//bdi[text()=\"OK\"]"}
RESULT: {"using":"xpath","value":"//bdi[text()=\"OK\"]"}
COMMAND: POST /session/a9b4e6b29d0180ba254fca33fbca36af/elements - {"using":"xpath","value":"//bdi[text()=\"OK\"]"}
RESULT: {"using":"xpath","value":"//bdi[text()=\"OK\"]"}
COMMAND: POST /session/a9b4e6b29d0180ba254fca33fbca36af/elements - {"using":"xpath","value":"//bdi[text()=\"OK\"]"}
RESULT: {"using":"xpath","value":"//bdi[text()=\"OK\"]"}
COMMAND: POST /session/a9b4e6b29d0180ba254fca33fbca36af/elements - {"using":"xpath","value":"//bdi[text()=\"OK\"]"}
RESULT: {"using":"xpath","value":"//bdi[text()=\"OK\"]"}
COMMAND: POST /session/a9b4e6b29d0180ba254fca33fbca36af/elements - {"using":"xpath","value":"//bdi[text()=\"OK\"]"}
RESULT: {"using":"xpath","value":"//bdi[text()=\"OK\"]"}
COMMAND: POST /session/a9b4e6b29d0180ba254fca33fbca36af/elements - {"using":"xpath","value":"//bdi[text()=\"OK\"]"}
RESULT: {"using":"xpath","value":"//bdi[text()=\"OK\"]"}
COMMAND: POST /session/a9b4e6b29d0180ba254fca33fbca36af/elements - {"using":"xpath","value":"//bdi[text()=\"OK\"]"}
RESULT: {"using":"xpath","value":"//bdi[text()=\"OK\"]"}
COMMAND: POST /session/a9b4e6b29d0180ba254fca33fbca36af/elements - {"using":"xpath","value":"//bdi[text()=\"OK\"]"}
RESULT: {"using":"xpath","value":"//bdi[text()=\"OK\"]"}
COMMAND: POST /session/a9b4e6b29d0180ba254fca33fbca36af/elements - {"using":"xpath","value":"//bdi[text()=\"OK\"]"}
RESULT: {"using":"xpath","value":"//bdi[text()=\"OK\"]"}
COMMAND: POST /session/a9b4e6b29d0180ba254fca33fbca36af/elements - {"using":"xpath","value":"//bdi[text()=\"OK\"]"}
RESULT: {"using":"xpath","value":"//bdi[text()=\"OK\"]"}
COMMAND: POST /session/a9b4e6b29d0180ba254fca33fbca36af/elements - {"using":"xpath","value":"//bdi[text()=\"OK\"]"}
RESULT: {"using":"xpath","value":"//bdi[text()=\"OK\"]"}
COMMAND: POST /session/a9b4e6b29d0180ba254fca33fbca36af/elements - {"using":"xpath","value":"//bdi[text()=\"OK\"]"}
RESULT: {"using":"xpath","value":"//bdi[text()=\"OK\"]"}
COMMAND: POST /session/a9b4e6b29d0180ba254fca33fbca36af/elements - {"using":"xpath","value":"//bdi[text()=\"OK\"]"}
RESULT: {"using":"xpath","value":"//bdi[text()=\"OK\"]"}
COMMAND: POST /session/a9b4e6b29d0180ba254fca33fbca36af/elements - {"using":"xpath","value":"//bdi[text()=\"OK\"]"}
RESULT: {"using":"xpath","value":"//bdi[text()=\"OK\"]"}
COMMAND: POST /session/a9b4e6b29d0180ba254fca33fbca36af/elements - {"using":"xpath","value":"//bdi[text()=\"OK\"]"}
RESULT: {"using":"xpath","value":"//bdi[text()=\"OK\"]"}
COMMAND: POST /session/a9b4e6b29d0180ba254fca33fbca36af/elements - {"using":"xpath","value":"//bdi[text()=\"OK\"]"}
RESULT: {"using":"xpath","value":"//bdi[text()=\"OK\"]"}
COMMAND: POST /session/a9b4e6b29d0180ba254fca33fbca36af/elements - {"using":"xpath","value":"//bdi[text()=\"OK\"]"}
RESULT: {"using":"xpath","value":"//bdi[text()=\"OK\"]"}
COMMAND: POST /session/a9b4e6b29d0180ba254fca33fbca36af/elements - {"using":"xpath","value":"//bdi[text()=\"OK\"]"}
RESULT: {"using":"xpath","value":"//bdi[text()=\"OK\"]"}
COMMAND: POST /session/a9b4e6b29d0180ba254fca33fbca36af/elements - {"using":"xpath","value":"//bdi[text()=\"OK\"]"}
RESULT: {"using":"xpath","value":"//bdi[text()=\"OK\"]"}
COMMAND: POST /session/a9b4e6b29d0180ba254fca33fbca36af/elements - {"using":"xpath","value":"//bdi[text()=\"OK\"]"}
RESULT: {"using":"xpath","value":"//bdi[text()=\"OK\"]"}
COMMAND: POST /session/a9b4e6b29d0180ba254fca33fbca36af/elements - {"using":"xpath","value":"//bdi[text()=\"OK\"]"}
RESULT: {"using":"xpath","value":"//bdi[text()=\"OK\"]"}
COMMAND: POST /session/a9b4e6b29d0180ba254fca33fbca36af/elements - {"using":"xpath","value":"//bdi[text()=\"OK\"]"}
RESULT: {"using":"xpath","value":"//bdi[text()=\"OK\"]"}
COMMAND: POST /session/a9b4e6b29d0180ba254fca33fbca36af/elements - {"using":"xpath","value":"//bdi[text()=\"OK\"]"}
RESULT: {"using":"xpath","value":"//bdi[text()=\"OK\"]"}
COMMAND: POST /session/a9b4e6b29d0180ba254fca33fbca36af/elements - {"using":"xpath","value":"//bdi[text()=\"OK\"]"}
RESULT: {"using":"xpath","value":"//bdi[text()=\"OK\"]"}
COMMAND: POST /session/a9b4e6b29d0180ba254fca33fbca36af/elements - {"using":"xpath","value":"//bdi[text()=\"OK\"]"}
RESULT: {"using":"xpath","value":"//bdi[text()=\"OK\"]"}
COMMAND: POST /session/a9b4e6b29d0180ba254fca33fbca36af/elements - {"using":"xpath","value":"//bdi[text()=\"OK\"]"}
RESULT: {"using":"xpath","value":"//bdi[text()=\"OK\"]"}
COMMAND: POST /session/a9b4e6b29d0180ba254fca33fbca36af/elements - {"using":"xpath","value":"//bdi[text()=\"OK\"]"}
RESULT: {"using":"xpath","value":"//bdi[text()=\"OK\"]"}
COMMAND: POST /session/a9b4e6b29d0180ba254fca33fbca36af/elements - {"using":"xpath","value":"//bdi[text()=\"OK\"]"}
RESULT: {"using":"xpath","value":"//bdi[text()=\"OK\"]"}
COMMAND: POST /session/a9b4e6b29d0180ba254fca33fbca36af/elements - {"using":"xpath","value":"//bdi[text()=\"OK\"]"}
RESULT: {"using":"xpath","value":"//bdi[text()=\"OK\"]"}
COMMAND: POST /session/a9b4e6b29d0180ba254fca33fbca36af/elements - {"using":"xpath","value":"//bdi[text()=\"OK\"]"}
RESULT: {"using":"xpath","value":"//bdi[text()=\"OK\"]"}
COMMAND: POST /session/a9b4e6b29d0180ba254fca33fbca36af/elements - {"using":"xpath","value":"//bdi[text()=\"OK\"]"}
RESULT: {"using":"xpath","value":"//bdi[text()=\"OK\"]"}
COMMAND: POST /session/a9b4e6b29d0180ba254fca33fbca36af/elements - {"using":"xpath","value":"//bdi[text()=\"OK\"]"}
RESULT: {"using":"xpath","value":"//bdi[text()=\"OK\"]"}
COMMAND: POST /session/a9b4e6b29d0180ba254fca33fbca36af/elements - {"using":"xpath","value":"//bdi[text()=\"OK\"]"}
RESULT: {"using":"xpath","value":"//bdi[text()=\"OK\"]"}
COMMAND: POST /session/a9b4e6b29d0180ba254fca33fbca36af/elements - {"using":"xpath","value":"//bdi[text()=\"OK\"]"}
RESULT: {"using":"xpath","value":"//bdi[text()=\"OK\"]"}
COMMAND: POST /session/a9b4e6b29d0180ba254fca33fbca36af/elements - {"using":"xpath","value":"//bdi[text()=\"OK\"]"}
RESULT: {"using":"xpath","value":"//bdi[text()=\"OK\"]"}
COMMAND: POST /session/a9b4e6b29d0180ba254fca33fbca36af/elements - {"using":"xpath","value":"//bdi[text()=\"OK\"]"}
RESULT: {"using":"xpath","value":"//bdi[text()=\"OK\"]"}
COMMAND: POST /session/a9b4e6b29d0180ba254fca33fbca36af/elements - {"using":"xpath","value":"//bdi[text()=\"OK\"]"}
RESULT: {"using":"xpath","value":"//bdi[text()=\"OK\"]"}
COMMAND: POST /session/a9b4e6b29d0180ba254fca33fbca36af/elements - {"using":"xpath","value":"//bdi[text()=\"OK\"]"}
RESULT: {"using":"xpath","value":"//bdi[text()=\"OK\"]"}
COMMAND: POST /session/a9b4e6b29d0180ba254fca33fbca36af/elements - {"using":"xpath","value":"//bdi[text()=\"OK\"]"}
RESULT: {"using":"xpath","value":"//bdi[text()=\"OK\"]"}
COMMAND: POST /session/a9b4e6b29d0180ba254fca33fbca36af/elements - {"using":"xpath","value":"//bdi[text()=\"OK\"]"}
RESULT: {"using":"xpath","value":"//bdi[text()=\"OK\"]"}
COMMAND: POST /session/a9b4e6b29d0180ba254fca33fbca36af/elements - {"using":"xpath","value":"//bdi[text()=\"OK\"]"}
RESULT: {"using":"xpath","value":"//bdi[text()=\"OK\"]"}
COMMAND: POST /session/a9b4e6b29d0180ba254fca33fbca36af/elements - {"using":"xpath","value":"//bdi[text()=\"OK\"]"}
RESULT: {"using":"xpath","value":"//bdi[text()=\"OK\"]"}
COMMAND: POST /session/a9b4e6b29d0180ba254fca33fbca36af/elements - {"using":"xpath","value":"//bdi[text()=\"OK\"]"}
RESULT: {"using":"xpath","value":"//bdi[text()=\"OK\"]"}
COMMAND: POST /session/a9b4e6b29d0180ba254fca33fbca36af/elements - {"using":"xpath","value":"//bdi[text()=\"OK\"]"}
RESULT: {"using":"xpath","value":"//bdi[text()=\"OK\"]"}
COMMAND: POST /session/a9b4e6b29d0180ba254fca33fbca36af/elements - {"using":"xpath","value":"//bdi[text()=\"OK\"]"}
RESULT: {"using":"xpath","value":"//bdi[text()=\"OK\"]"}
COMMAND: POST /session/a9b4e6b29d0180ba254fca33fbca36af/elements - {"using":"xpath","value":"//bdi[text()=\"OK\"]"}
RESULT: {"using":"xpath","value":"//bdi[text()=\"OK\"]"}
COMMAND: POST /session/a9b4e6b29d0180ba254fca33fbca36af/elements - {"using":"xpath","value":"//bdi[text()=\"OK\"]"}
RESULT: {"using":"xpath","value":"//bdi[text()=\"OK\"]"}
COMMAND: POST /session/a9b4e6b29d0180ba254fca33fbca36af/elements - {"using":"xpath","value":"//bdi[text()=\"OK\"]"}
RESULT: {"using":"xpath","value":"//bdi[text()=\"OK\"]"}
COMMAND: POST /session/a9b4e6b29d0180ba254fca33fbca36af/elements - {"using":"xpath","value":"//bdi[text()=\"OK\"]"}
RESULT: {"using":"xpath","value":"//bdi[text()=\"OK\"]"}
COMMAND: POST /session/a9b4e6b29d0180ba254fca33fbca36af/elements - {"using":"xpath","value":"//bdi[text()=\"OK\"]"}
RESULT: {"using":"xpath","value":"//bdi[text()=\"OK\"]"}
COMMAND: POST /session/a9b4e6b29d0180ba254fca33fbca36af/elements - {"using":"xpath","value":"//bdi[text()=\"OK\"]"}
RESULT: {"using":"xpath","value":"//bdi[text()=\"OK\"]"}
COMMAND: POST /session/a9b4e6b29d0180ba254fca33fbca36af/elements - {"using":"xpath","value":"//bdi[text()=\"OK\"]"}
RESULT: {"using":"xpath","value":"//bdi[text()=\"OK\"]"}
COMMAND: POST /session/a9b4e6b29d0180ba254fca33fbca36af/elements - {"using":"xpath","value":"//bdi[text()=\"OK\"]"}
RESULT: {"using":"xpath","value":"//bdi[text()=\"OK\"]"}
COMMAND: POST /session/a9b4e6b29d0180ba254fca33fbca36af/elements - {"using":"xpath","value":"//bdi[text()=\"OK\"]"}
RESULT: {"using":"xpath","value":"//bdi[text()=\"OK\"]"}
COMMAND: POST /session/a9b4e6b29d0180ba254fca33fbca36af/elements - {"using":"xpath","value":"//bdi[text()=\"OK\"]"}
RESULT: {"using":"xpath","value":"//bdi[text()=\"OK\"]"}
COMMAND: POST /session/a9b4e6b29d0180ba254fca33fbca36af/elements - {"using":"xpath","value":"//bdi[text()=\"OK\"]"}
RESULT: {"using":"xpath","value":"//bdi[text()=\"OK\"]"}
COMMAND: POST /session/a9b4e6b29d0180ba254fca33fbca36af/elements - {"using":"xpath","value":"//bdi[text()=\"OK\"]"}
RESULT: {"using":"xpath","value":"//bdi[text()=\"OK\"]"}
COMMAND: POST /session/a9b4e6b29d0180ba254fca33fbca36af/elements - {"using":"xpath","value":"//bdi[text()=\"OK\"]"}
RESULT: {"using":"xpath","value":"//bdi[text()=\"OK\"]"}
COMMAND: POST /session/a9b4e6b29d0180ba254fca33fbca36af/elements - {"using":"xpath","value":"//bdi[text()=\"OK\"]"}
RESULT: {"using":"xpath","value":"//bdi[text()=\"OK\"]"}
COMMAND: POST /session/a9b4e6b29d0180ba254fca33fbca36af/elements - {"using":"xpath","value":"//bdi[text()=\"OK\"]"}
RESULT: {"using":"xpath","value":"//bdi[text()=\"OK\"]"}
COMMAND: POST /session/a9b4e6b29d0180ba254fca33fbca36af/elements - {"using":"xpath","value":"//bdi[text()=\"OK\"]"}
RESULT: {"using":"xpath","value":"//bdi[text()=\"OK\"]"}
COMMAND: POST /session/a9b4e6b29d0180ba254fca33fbca36af/elements - {"using":"xpath","value":"//bdi[text()=\"OK\"]"}
RESULT: {"using":"xpath","value":"//bdi[text()=\"OK\"]"}
COMMAND: POST /session/a9b4e6b29d0180ba254fca33fbca36af/elements - {"using":"xpath","value":"//bdi[text()=\"OK\"]"}
RESULT: {"using":"xpath","value":"//bdi[text()=\"OK\"]"}
COMMAND: POST /session/a9b4e6b29d0180ba254fca33fbca36af/elements - {"using":"xpath","value":"//bdi[text()=\"OK\"]"}
RESULT: {"using":"xpath","value":"//bdi[text()=\"OK\"]"}
COMMAND: POST /session/a9b4e6b29d0180ba254fca33fbca36af/elements - {"using":"xpath","value":"//bdi[text()=\"OK\"]"}
RESULT: {"using":"xpath","value":"//bdi[text()=\"OK\"]"}
COMMAND: POST /session/a9b4e6b29d0180ba254fca33fbca36af/elements - {"using":"xpath","value":"//bdi[text()=\"OK\"]"}
RESULT: {"using":"xpath","value":"//bdi[text()=\"OK\"]"}
COMMAND: POST /session/a9b4e6b29d0180ba254fca33fbca36af/elements - {"using":"xpath","value":"//bdi[text()=\"OK\"]"}
RESULT: {"using":"xpath","value":"//bdi[text()=\"OK\"]"}
COMMAND: POST /session/a9b4e6b29d0180ba254fca33fbca36af/elements - {"using":"xpath","value":"//bdi[text()=\"OK\"]"}
RESULT: {"using":"xpath","value":"//bdi[text()=\"OK\"]"}
COMMAND: POST /session/a9b4e6b29d0180ba254fca33fbca36af/elements - {"using":"xpath","value":"//bdi[text()=\"OK\"]"}
RESULT: {"using":"xpath","value":"//bdi[text()=\"OK\"]"}
COMMAND: POST /session/a9b4e6b29d0180ba254fca33fbca36af/elements - {"using":"xpath","value":"//bdi[text()=\"OK\"]"}
RESULT: {"using":"xpath","value":"//bdi[text()=\"OK\"]"}
COMMAND: POST /session/a9b4e6b29d0180ba254fca33fbca36af/elements - {"using":"xpath","value":"//bdi[text()=\"OK\"]"}
RESULT: {"using":"xpath","value":"//bdi[text()=\"OK\"]"}
COMMAND: POST /session/a9b4e6b29d0180ba254fca33fbca36af/elements - {"using":"xpath","value":"//bdi[text()=\"OK\"]"}
RESULT: {"using":"xpath","value":"//bdi[text()=\"OK\"]"}
COMMAND: POST /session/a9b4e6b29d0180ba254fca33fbca36af/elements - {"using":"xpath","value":"//bdi[text()=\"OK\"]"}
RESULT: {"using":"xpath","value":"//bdi[text()=\"OK\"]"}
COMMAND: POST /session/a9b4e6b29d0180ba254fca33fbca36af/elements - {"using":"xpath","value":"//bdi[text()=\"OK\"]"}
RESULT: {"using":"xpath","value":"//bdi[text()=\"OK\"]"}
COMMAND: POST /session/a9b4e6b29d0180ba254fca33fbca36af/elements - {"using":"xpath","value":"//bdi[text()=\"OK\"]"}
RESULT: {"using":"xpath","value":"//bdi[text()=\"OK\"]"}
COMMAND: POST /session/a9b4e6b29d0180ba254fca33fbca36af/elements - {"using":"xpath","value":"//bdi[text()=\"OK\"]"}
RESULT: {"using":"xpath","value":"//bdi[text()=\"OK\"]"}
COMMAND: POST /session/a9b4e6b29d0180ba254fca33fbca36af/elements - {"using":"xpath","value":"//bdi[text()=\"OK\"]"}
RESULT: {"using":"xpath","value":"//bdi[text()=\"OK\"]"}
COMMAND: POST /session/a9b4e6b29d0180ba254fca33fbca36af/elements - {"using":"xpath","value":"//bdi[text()=\"OK\"]"}
RESULT: {"using":"xpath","value":"//bdi[text()=\"OK\"]"}
COMMAND: POST /session/a9b4e6b29d0180ba254fca33fbca36af/elements - {"using":"xpath","value":"//bdi[text()=\"OK\"]"}
RESULT: {"using":"xpath","value":"//bdi[text()=\"OK\"]"}
COMMAND: POST /session/a9b4e6b29d0180ba254fca33fbca36af/elements - {"using":"xpath","value":"//bdi[text()=\"OK\"]"}
RESULT: {"using":"xpath","value":"//bdi[text()=\"OK\"]"}
COMMAND: POST /session/a9b4e6b29d0180ba254fca33fbca36af/elements - {"using":"xpath","value":"//bdi[text()=\"OK\"]"}
RESULT: {"using":"xpath","value":"//bdi[text()=\"OK\"]"}
COMMAND: POST /session/a9b4e6b29d0180ba254fca33fbca36af/elements - {"using":"xpath","value":"//bdi[text()=\"OK\"]"}
RESULT: {"using":"xpath","value":"//bdi[text()=\"OK\"]"}
COMMAND: POST /session/a9b4e6b29d0180ba254fca33fbca36af/elements - {"using":"xpath","value":"//bdi[text()=\"OK\"]"}
RESULT: {"using":"xpath","value":"//bdi[text()=\"OK\"]"}
COMMAND: POST /session/a9b4e6b29d0180ba254fca33fbca36af/elements - {"using":"xpath","value":"//bdi[text()=\"OK\"]"}
RESULT: {"using":"xpath","value":"//bdi[text()=\"OK\"]"}
COMMAND: POST /session/a9b4e6b29d0180ba254fca33fbca36af/elements - {"using":"xpath","value":"//bdi[text()=\"OK\"]"}
RESULT: {"using":"xpath","value":"//bdi[text()=\"OK\"]"}
COMMAND: POST /session/a9b4e6b29d0180ba254fca33fbca36af/elements - {"using":"xpath","value":"//bdi[text()=\"OK\"]"}
RESULT: {"using":"xpath","value":"//bdi[text()=\"OK\"]"}
COMMAND: POST /session/a9b4e6b29d0180ba254fca33fbca36af/elements - {"using":"xpath","value":"//bdi[text()=\"OK\"]"}
RESULT: {"using":"xpath","value":"//bdi[text()=\"OK\"]"}
COMMAND: POST /session/a9b4e6b29d0180ba254fca33fbca36af/elements - {"using":"xpath","value":"//bdi[text()=\"OK\"]"}
RESULT: {"using":"xpath","value":"//bdi[text()=\"OK\"]"}
COMMAND: POST /session/a9b4e6b29d0180ba254fca33fbca36af/elements - {"using":"xpath","value":"//bdi[text()=\"OK\"]"}
RESULT: {"using":"xpath","value":"//bdi[text()=\"OK\"]"}
COMMAND: POST /session/a9b4e6b29d0180ba254fca33fbca36af/elements - {"using":"xpath","value":"//bdi[text()=\"OK\"]"}
RESULT: {"using":"xpath","value":"//bdi[text()=\"OK\"]"}
COMMAND: POST /session/a9b4e6b29d0180ba254fca33fbca36af/elements - {"using":"xpath","value":"//bdi[text()=\"OK\"]"}
RESULT: {"using":"xpath","value":"//bdi[text()=\"OK\"]"}
COMMAND: POST /session/a9b4e6b29d0180ba254fca33fbca36af/elements - {"using":"xpath","value":"//bdi[text()=\"OK\"]"}
RESULT: {"using":"xpath","value":"//bdi[text()=\"OK\"]"}
COMMAND: POST /session/a9b4e6b29d0180ba254fca33fbca36af/elements - {"using":"xpath","value":"//bdi[text()=\"OK\"]"}
RESULT: {"using":"xpath","value":"//bdi[text()=\"OK\"]"}
COMMAND: POST /session/a9b4e6b29d0180ba254fca33fbca36af/elements - {"using":"xpath","value":"//bdi[text()=\"OK\"]"}
RESULT: {"using":"xpath","value":"//bdi[text()=\"OK\"]"}
COMMAND: POST /session/a9b4e6b29d0180ba254fca33fbca36af/elements - {"using":"xpath","value":"//bdi[text()=\"OK\"]"}
RESULT: {"using":"xpath","value":"//bdi[text()=\"OK\"]"}
COMMAND: POST /session/a9b4e6b29d0180ba254fca33fbca36af/elements - {"using":"xpath","value":"//bdi[text()=\"OK\"]"}
RESULT: {"using":"xpath","value":"//bdi[text()=\"OK\"]"}
COMMAND: POST /session/a9b4e6b29d0180ba254fca33fbca36af/elements - {"using":"xpath","value":"//bdi[text()=\"OK\"]"}
RESULT: {"using":"xpath","value":"//bdi[text()=\"OK\"]"}
COMMAND: POST /session/a9b4e6b29d0180ba254fca33fbca36af/elements - {"using":"xpath","value":"//bdi[text()=\"OK\"]"}
RESULT: {"using":"xpath","value":"//bdi[text()=\"OK\"]"}
COMMAND: POST /session/a9b4e6b29d0180ba254fca33fbca36af/elements - {"using":"xpath","value":"//bdi[text()=\"OK\"]"}
RESULT: {"using":"xpath","value":"//bdi[text()=\"OK\"]"}
COMMAND: POST /session/a9b4e6b29d0180ba254fca33fbca36af/elements - {"using":"xpath","value":"//bdi[text()=\"OK\"]"}
RESULT: {"using":"xpath","value":"//bdi[text()=\"OK\"]"}
COMMAND: POST /session/a9b4e6b29d0180ba254fca33fbca36af/elements - {"using":"xpath","value":"//bdi[text()=\"OK\"]"}
RESULT: {"using":"xpath","value":"//bdi[text()=\"OK\"]"}
COMMAND: POST /session/a9b4e6b29d0180ba254fca33fbca36af/elements - {"using":"xpath","value":"//bdi[text()=\"OK\"]"}
RESULT: {"using":"xpath","value":"//bdi[text()=\"OK\"]"}
COMMAND: POST /session/a9b4e6b29d0180ba254fca33fbca36af/execute/async - {"script":"<script> [1562 bytes]","args":[{"selector":{"id":"application-manageresources-display-component---newResourceUnit--TYPE-arrow"},"wdio_ui5_key":"applicationmanageresources-display-component---newResourceUnit--TYPE-arrow"}]}
RESULT: {"script":"<script> [1562 bytes]","args":[{"selector":{"id":"application-manageresources-display-component---newResourceUnit--TYPE-arrow"},"wdio_ui5_key":"applicationmanageresources-display-component---newResourceUnit--TYPE-arrow"}]}
RESULT: undefined
COMMAND: POST /session/a9b4e6b29d0180ba254fca33fbca36af/element - {"using":"xpath","value":"//*[@id=\"application-manageresources-display-component---newResourceUnit--TYPE-arrow\"]"}
RESULT: {"using":"xpath","value":"//*[@id=\"application-manageresources-display-component---newResourceUnit--TYPE-arrow\"]"}
COMMAND: POST /session/a9b4e6b29d0180ba254fca33fbca36af/element/f.7C9A75291D3E7FF457A20D966EE470C5.d.D9A100F54C345320438D92339225B78F.e.5865/click - {}
RESULT: {}
COMMAND: POST /session/a9b4e6b29d0180ba254fca33fbca36af/execute/async - {"script":"<script> [1562 bytes]","args":[{"selector":{"controlType":"sap.m.StandardListItem","viewName":"reusables.view.manageresources.NewResourceUnit","viewId":"application-manageresources-display-component---newResourceUnit","properties":{"title":"Material"},"searchOpenDialogs":true,"interaction":{"idSuffix":"titleText"}},"wdio_ui5_key":"reusablesview.manageresources.NewResourceUnitsap.m.StandardListItem{\"title\":\"Material\"}"}]}
COMMAND: GET /session/a9b4e6b29d0180ba254fca33fbca36af/screenshot - {}
RESULT: {"script":"<script> [1562 bytes]","args":[{"selector":{"controlType":"sap.m.StandardListItem","viewName":"reusables.view.manageresources.NewResourceUnit","viewId":"application-manageresources-display-component---newResourceUnit","properties":{"title":"Material"},"searchOpenDialogs":true,"interaction":{"idSuffix":"titleText"}},"wdio_ui5_key":"reusablesview.manageresources.NewResourceUnitsap.m.StandardListItem{\"title\":\"Material\"}"}]}
RESULT: undefined
COMMAND: POST /session/a9b4e6b29d0180ba254fca33fbca36af/element - {"using":"xpath","value":"//*[@id=\"__item142\"]"}
RESULT: {}
RESULT: {"using":"xpath","value":"//*[@id=\"__item142\"]"}
COMMAND: POST /session/a9b4e6b29d0180ba254fca33fbca36af/element/f.7C9A75291D3E7FF457A20D966EE470C5.d.D9A100F54C345320438D92339225B78F.e.5868/click - {}
RESULT: {}
COMMAND: POST /session/a9b4e6b29d0180ba254fca33fbca36af/execute/async - {"script":"<script> [1562 bytes]","args":[{"selector":{"id":"application-manageresources-display-component---newResourceUnit--SHORT_TEXT","interaction":{"idSuffix":"inner"}},"wdio_ui5_key":"applicationmanageresources-display-component---newResourceUnit--SHORT_TEXT"}]}
COMMAND: GET /session/a9b4e6b29d0180ba254fca33fbca36af/screenshot - {}
RESULT: {}
RESULT: {"script":"<script> [1562 bytes]","args":[{"selector":{"id":"application-manageresources-display-component---newResourceUnit--SHORT_TEXT","interaction":{"idSuffix":"inner"}},"wdio_ui5_key":"applicationmanageresources-display-component---newResourceUnit--SHORT_TEXT"}]}
RESULT: undefined
COMMAND: POST /session/a9b4e6b29d0180ba254fca33fbca36af/execute/async - {"script":"<script> [776 bytes]","args":[{"enterText":"WebdriverRU R2Csom9lf","selector":{"id":"application-manageresources-display-component---newResourceUnit--SHORT_TEXT","interaction":{"idSuffix":"inner"}},"clearTextFirst":true,"interactionType":"ENTER_TEXT"}]}
RESULT: {"script":"<script> [776 bytes]","args":[{"enterText":"WebdriverRU R2Csom9lf","selector":{"id":"application-manageresources-display-component---newResourceUnit--SHORT_TEXT","interaction":{"idSuffix":"inner"}},"clearTextFirst":true,"interactionType":"ENTER_TEXT"}]}
COMMAND: POST /session/a9b4e6b29d0180ba254fca33fbca36af/execute/async - {"script":"<script> [1562 bytes]","args":[{"selector":{"id":"application-manageresources-display-component---newResourceUnit--BASE_UNIT_OF_MEASURE-arrow"},"wdio_ui5_key":"applicationmanageresources-display-component---newResourceUnit--BASE_UNIT_OF_MEASURE-arrow"}]}
RESULT: {"script":"<script> [1562 bytes]","args":[{"selector":{"id":"application-manageresources-display-component---newResourceUnit--BASE_UNIT_OF_MEASURE-arrow"},"wdio_ui5_key":"applicationmanageresources-display-component---newResourceUnit--BASE_UNIT_OF_MEASURE-arrow"}]}
RESULT: undefined
COMMAND: POST /session/a9b4e6b29d0180ba254fca33fbca36af/element - {"using":"xpath","value":"//*[@id=\"application-manageresources-display-component---newResourceUnit--BASE_UNIT_OF_MEASURE-arrow\"]"}
RESULT: {"using":"xpath","value":"//*[@id=\"application-manageresources-display-component---newResourceUnit--BASE_UNIT_OF_MEASURE-arrow\"]"}
COMMAND: POST /session/a9b4e6b29d0180ba254fca33fbca36af/element/f.7C9A75291D3E7FF457A20D966EE470C5.d.D9A100F54C345320438D92339225B78F.e.5926/click - {}
RESULT: {}
COMMAND: POST /session/a9b4e6b29d0180ba254fca33fbca36af/execute/async - {"script":"<script> [1562 bytes]","args":[{"selector":{"controlType":"sap.m.StandardListItem","viewName":"reusables.view.manageresources.NewResourceUnit","viewId":"application-manageresources-display-component---newResourceUnit","properties":{"title":"Piece"},"searchOpenDialogs":true,"interaction":{"idSuffix":"titleText"}},"wdio_ui5_key":"reusablesview.manageresources.NewResourceUnitsap.m.StandardListItem{\"title\":\"Piece\"}"}]}
COMMAND: GET /session/a9b4e6b29d0180ba254fca33fbca36af/screenshot - {}
RESULT: {"script":"<script> [1562 bytes]","args":[{"selector":{"controlType":"sap.m.StandardListItem","viewName":"reusables.view.manageresources.NewResourceUnit","viewId":"application-manageresources-display-component---newResourceUnit","properties":{"title":"Piece"},"searchOpenDialogs":true,"interaction":{"idSuffix":"titleText"}},"wdio_ui5_key":"reusablesview.manageresources.NewResourceUnitsap.m.StandardListItem{\"title\":\"Piece\"}"}]}
RESULT: undefined
COMMAND: POST /session/a9b4e6b29d0180ba254fca33fbca36af/element - {"using":"xpath","value":"//*[@id=\"__item186\"]"}
RESULT: {}
RESULT: {"using":"xpath","value":"//*[@id=\"__item186\"]"}
COMMAND: POST /session/a9b4e6b29d0180ba254fca33fbca36af/element/f.7C9A75291D3E7FF457A20D966EE470C5.d.D9A100F54C345320438D92339225B78F.e.5928/click - {}
RESULT: {}
COMMAND: POST /session/a9b4e6b29d0180ba254fca33fbca36af/execute/async - {"script":"<script> [1562 bytes]","args":[{"selector":{"id":"application-manageresources-display-component---newResourceUnit--WEIGHT_UNIT-arrow"},"wdio_ui5_key":"applicationmanageresources-display-component---newResourceUnit--WEIGHT_UNIT-arrow"}]}
COMMAND: GET /session/a9b4e6b29d0180ba254fca33fbca36af/screenshot - {}
RESULT: {"script":"<script> [1562 bytes]","args":[{"selector":{"id":"application-manageresources-display-component---newResourceUnit--WEIGHT_UNIT-arrow"},"wdio_ui5_key":"applicationmanageresources-display-component---newResourceUnit--WEIGHT_UNIT-arrow"}]}
RESULT: undefined
COMMAND: POST /session/a9b4e6b29d0180ba254fca33fbca36af/element - {"using":"xpath","value":"//*[@id=\"application-manageresources-display-component---newResourceUnit--WEIGHT_UNIT-arrow\"]"}
RESULT: {}
RESULT: {"using":"xpath","value":"//*[@id=\"application-manageresources-display-component---newResourceUnit--WEIGHT_UNIT-arrow\"]"}
COMMAND: POST /session/a9b4e6b29d0180ba254fca33fbca36af/element/f.7C9A75291D3E7FF457A20D966EE470C5.d.D9A100F54C345320438D92339225B78F.e.5929/click - {}
RESULT: {}
COMMAND: POST /session/a9b4e6b29d0180ba254fca33fbca36af/execute/async - {"script":"<script> [1562 bytes]","args":[{"selector":{"controlType":"sap.m.StandardListItem","viewName":"reusables.view.manageresources.NewResourceUnit","viewId":"application-manageresources-display-component---newResourceUnit","properties":{"title":"Gram"},"searchOpenDialogs":true,"interaction":{"idSuffix":"content"}},"wdio_ui5_key":"reusablesview.manageresources.NewResourceUnitsap.m.StandardListItem{\"title\":\"Gram\"}"}]}
COMMAND: GET /session/a9b4e6b29d0180ba254fca33fbca36af/screenshot - {}
RESULT: {"script":"<script> [1562 bytes]","args":[{"selector":{"controlType":"sap.m.StandardListItem","viewName":"reusables.view.manageresources.NewResourceUnit","viewId":"application-manageresources-display-component---newResourceUnit","properties":{"title":"Gram"},"searchOpenDialogs":true,"interaction":{"idSuffix":"content"}},"wdio_ui5_key":"reusablesview.manageresources.NewResourceUnitsap.m.StandardListItem{\"title\":\"Gram\"}"}]}
RESULT: undefined
COMMAND: POST /session/a9b4e6b29d0180ba254fca33fbca36af/element - {"using":"xpath","value":"//*[@id=\"__item251\"]"}
RESULT: {}
RESULT: {"using":"xpath","value":"//*[@id=\"__item251\"]"}
COMMAND: POST /session/a9b4e6b29d0180ba254fca33fbca36af/element/f.7C9A75291D3E7FF457A20D966EE470C5.d.D9A100F54C345320438D92339225B78F.e.5931/click - {}
RESULT: {}
COMMAND: GET /session/a9b4e6b29d0180ba254fca33fbca36af/screenshot - {}
RESULT: {}
COMMAND: POST /session/a9b4e6b29d0180ba254fca33fbca36af/execute/async - {"script":"<script> [1562 bytes]","args":[{"selector":{"id":"application-manageresources-display-component---newResourceUnit--newRRUPage-OPHeaderContent-collapseBtn-img"},"wdio_ui5_key":"applicationmanageresources-display-component---newResourceUnit--newRRUPage-OPHeaderContent-collapseBtn-img"}]}
RESULT: {"script":"<script> [1562 bytes]","args":[{"selector":{"id":"application-manageresources-display-component---newResourceUnit--newRRUPage-OPHeaderContent-collapseBtn-img"},"wdio_ui5_key":"applicationmanageresources-display-component---newResourceUnit--newRRUPage-OPHeaderContent-collapseBtn-img"}]}
RESULT: undefined
COMMAND: POST /session/a9b4e6b29d0180ba254fca33fbca36af/element - {"using":"xpath","value":"//*[@id=\"application-manageresources-display-component---newResourceUnit--newRRUPage-OPHeaderContent-collapseBtn-img\"]"}
RESULT: {"using":"xpath","value":"//*[@id=\"application-manageresources-display-component---newResourceUnit--newRRUPage-OPHeaderContent-collapseBtn-img\"]"}
COMMAND: POST /session/a9b4e6b29d0180ba254fca33fbca36af/element/f.7C9A75291D3E7FF457A20D966EE470C5.d.D9A100F54C345320438D92339225B78F.e.5876/click - {}
RESULT: {}
COMMAND: GET /session/a9b4e6b29d0180ba254fca33fbca36af/screenshot - {}
RESULT: {}
COMMAND: POST /session/a9b4e6b29d0180ba254fca33fbca36af/element - {"using":"xpath","value":"(//span[contains(@id ,\"application-manageresources-display-component---newResourceUnit--DIMENSION_UNIT-arrow\")])[1]"}
RESULT: {"using":"xpath","value":"(//span[contains(@id ,\"application-manageresources-display-component---newResourceUnit--DIMENSION_UNIT-arrow\")])[1]"}
COMMAND: POST /session/a9b4e6b29d0180ba254fca33fbca36af/element/f.7C9A75291D3E7FF457A20D966EE470C5.d.D9A100F54C345320438D92339225B78F.e.5937/click - {}
RESULT: {}
COMMAND: GET /session/a9b4e6b29d0180ba254fca33fbca36af/screenshot - {}
RESULT: {}
COMMAND: POST /session/a9b4e6b29d0180ba254fca33fbca36af/execute/async - {"script":"<script> [1562 bytes]","args":[{"selector":{"controlType":"sap.m.StandardListItem","viewName":"reusables.view.manageresources.NewResourceUnit","viewId":"application-manageresources-display-component---newResourceUnit","properties":{"title":"Centimeter"},"searchOpenDialogs":true,"interaction":{"idSuffix":"titleText"}},"wdio_ui5_key":"reusablesview.manageresources.NewResourceUnitsap.m.StandardListItem{\"title\":\"Centimeter\"}"}]}
RESULT: {"script":"<script> [1562 bytes]","args":[{"selector":{"controlType":"sap.m.StandardListItem","viewName":"reusables.view.manageresources.NewResourceUnit","viewId":"application-manageresources-display-component---newResourceUnit","properties":{"title":"Centimeter"},"searchOpenDialogs":true,"interaction":{"idSuffix":"titleText"}},"wdio_ui5_key":"reusablesview.manageresources.NewResourceUnitsap.m.StandardListItem{\"title\":\"Centimeter\"}"}]}
RESULT: undefined
COMMAND: POST /session/a9b4e6b29d0180ba254fca33fbca36af/element - {"using":"xpath","value":"//*[@id=\"__item254\"]"}
RESULT: {"using":"xpath","value":"//*[@id=\"__item254\"]"}
COMMAND: POST /session/a9b4e6b29d0180ba254fca33fbca36af/element/f.7C9A75291D3E7FF457A20D966EE470C5.d.D9A100F54C345320438D92339225B78F.e.5939/click - {}
RESULT: {}
COMMAND: GET /session/a9b4e6b29d0180ba254fca33fbca36af/screenshot - {}
RESULT: {}
COMMAND: POST /session/a9b4e6b29d0180ba254fca33fbca36af/execute/async - {"script":"<script> [1562 bytes]","args":[{"selector":{"id":"application-manageresources-display-component---newResourceUnit--newRRUPage-anchBar-application-manageresources-display-component---newResourceUnit--reference-anchor","interaction":{"idSuffix":"BDI-content"}},"wdio_ui5_key":"applicationmanageresources-display-component---newResourceUnit--newRRUPage-anchBar-application-manageresources-display-component---newResourceUnit--reference-anchor"}]}
RESULT: {"script":"<script> [1562 bytes]","args":[{"selector":{"id":"application-manageresources-display-component---newResourceUnit--newRRUPage-anchBar-application-manageresources-display-component---newResourceUnit--reference-anchor","interaction":{"idSuffix":"BDI-content"}},"wdio_ui5_key":"applicationmanageresources-display-component---newResourceUnit--newRRUPage-anchBar-application-manageresources-display-component---newResourceUnit--reference-anchor"}]}
RESULT: undefined
COMMAND: POST /session/a9b4e6b29d0180ba254fca33fbca36af/element - {"using":"xpath","value":"//*[@id=\"application-manageresources-display-component---newResourceUnit--newRRUPage-anchBar-application-manageresources-display-component---newResourceUnit--reference-anchor\"]"}
RESULT: {"using":"xpath","value":"//*[@id=\"application-manageresources-display-component---newResourceUnit--newRRUPage-anchBar-application-manageresources-display-component---newResourceUnit--reference-anchor\"]"}
COMMAND: POST /session/a9b4e6b29d0180ba254fca33fbca36af/element/f.7C9A75291D3E7FF457A20D966EE470C5.d.D9A100F54C345320438D92339225B78F.e.5941/click - {}
RESULT: {}
COMMAND: POST /session/a9b4e6b29d0180ba254fca33fbca36af/execute/async - {"script":"<script> [1562 bytes]","args":[{"selector":{"id":"application-manageresources-display-component---newResourceUnit--PLANNING_GROUP-arrow"},"wdio_ui5_key":"applicationmanageresources-display-component---newResourceUnit--PLANNING_GROUP-arrow"}]}
COMMAND: GET /session/a9b4e6b29d0180ba254fca33fbca36af/screenshot - {}
RESULT: {"script":"<script> [1562 bytes]","args":[{"selector":{"id":"application-manageresources-display-component---newResourceUnit--PLANNING_GROUP-arrow"},"wdio_ui5_key":"applicationmanageresources-display-component---newResourceUnit--PLANNING_GROUP-arrow"}]}
RESULT: undefined
COMMAND: POST /session/a9b4e6b29d0180ba254fca33fbca36af/element - {"using":"xpath","value":"//*[@id=\"application-manageresources-display-component---newResourceUnit--PLANNING_GROUP-arrow\"]"}
RESULT: {}
RESULT: {"using":"xpath","value":"//*[@id=\"application-manageresources-display-component---newResourceUnit--PLANNING_GROUP-arrow\"]"}
COMMAND: POST /session/a9b4e6b29d0180ba254fca33fbca36af/element/f.7C9A75291D3E7FF457A20D966EE470C5.d.D9A100F54C345320438D92339225B78F.e.5945/click - {}
RESULT: {}
COMMAND: POST /session/a9b4e6b29d0180ba254fca33fbca36af/execute/async - {"script":"<script> [1562 bytes]","args":[{"selector":{"controlType":"sap.m.StandardListItem","viewName":"reusables.view.manageresources.NewResourceUnit","viewId":"application-manageresources-display-component---newResourceUnit","properties":{"title":"Heavy Equi"},"searchOpenDialogs":true,"interaction":{"idSuffix":"content"}},"wdio_ui5_key":"reusablesview.manageresources.NewResourceUnitsap.m.StandardListItem{\"title\":\"Heavy Equi\"}"}]}
COMMAND: GET /session/a9b4e6b29d0180ba254fca33fbca36af/screenshot - {}
RESULT: {"script":"<script> [1562 bytes]","args":[{"selector":{"controlType":"sap.m.StandardListItem","viewName":"reusables.view.manageresources.NewResourceUnit","viewId":"application-manageresources-display-component---newResourceUnit","properties":{"title":"Heavy Equi"},"searchOpenDialogs":true,"interaction":{"idSuffix":"content"}},"wdio_ui5_key":"reusablesview.manageresources.NewResourceUnitsap.m.StandardListItem{\"title\":\"Heavy Equi\"}"}]}
RESULT: undefined
COMMAND: POST /session/a9b4e6b29d0180ba254fca33fbca36af/element - {"using":"xpath","value":"//*[@id=\"__item262\"]"}
RESULT: {}
RESULT: {"using":"xpath","value":"//*[@id=\"__item262\"]"}
COMMAND: POST /session/a9b4e6b29d0180ba254fca33fbca36af/element/f.7C9A75291D3E7FF457A20D966EE470C5.d.D9A100F54C345320438D92339225B78F.e.5947/click - {}
RESULT: {}
COMMAND: GET /session/a9b4e6b29d0180ba254fca33fbca36af/screenshot - {}
RESULT: {}
COMMAND: POST /session/a9b4e6b29d0180ba254fca33fbca36af/execute/async - {"script":"<script> [1562 bytes]","args":[{"selector":{"id":"application-manageresources-display-component---newResourceUnit--PLANNING_INDICATOR-arrow"},"wdio_ui5_key":"applicationmanageresources-display-component---newResourceUnit--PLANNING_INDICATOR-arrow"}]}
RESULT: {"script":"<script> [1562 bytes]","args":[{"selector":{"id":"application-manageresources-display-component---newResourceUnit--PLANNING_INDICATOR-arrow"},"wdio_ui5_key":"applicationmanageresources-display-component---newResourceUnit--PLANNING_INDICATOR-arrow"}]}
RESULT: undefined
COMMAND: POST /session/a9b4e6b29d0180ba254fca33fbca36af/element - {"using":"xpath","value":"//*[@id=\"application-manageresources-display-component---newResourceUnit--PLANNING_INDICATOR-arrow\"]"}
RESULT: {"using":"xpath","value":"//*[@id=\"application-manageresources-display-component---newResourceUnit--PLANNING_INDICATOR-arrow\"]"}
COMMAND: POST /session/a9b4e6b29d0180ba254fca33fbca36af/element/f.7C9A75291D3E7FF457A20D966EE470C5.d.D9A100F54C345320438D92339225B78F.e.5948/click - {}
RESULT: {}
COMMAND: POST /session/a9b4e6b29d0180ba254fca33fbca36af/execute/async - {"script":"<script> [1562 bytes]","args":[{"selector":{"controlType":"sap.m.StandardListItem","viewName":"reusables.view.manageresources.NewResourceUnit","viewId":"application-manageresources-display-component---newResourceUnit","properties":{"title":"10 - infinite"},"searchOpenDialogs":true,"interaction":{"idSuffix":"content"}},"wdio_ui5_key":"reusablesview.manageresources.NewResourceUnitsap.m.StandardListItem{\"title\":\"10 - infinite\"}"}]}
COMMAND: GET /session/a9b4e6b29d0180ba254fca33fbca36af/screenshot - {}
RESULT: {"script":"<script> [1562 bytes]","args":[{"selector":{"controlType":"sap.m.StandardListItem","viewName":"reusables.view.manageresources.NewResourceUnit","viewId":"application-manageresources-display-component---newResourceUnit","properties":{"title":"10 - infinite"},"searchOpenDialogs":true,"interaction":{"idSuffix":"content"}},"wdio_ui5_key":"reusablesview.manageresources.NewResourceUnitsap.m.StandardListItem{\"title\":\"10 - infinite\"}"}]}
RESULT: undefined
COMMAND: POST /session/a9b4e6b29d0180ba254fca33fbca36af/element - {"using":"xpath","value":"//*[@id=\"__item272\"]"}
RESULT: {}
RESULT: {"using":"xpath","value":"//*[@id=\"__item272\"]"}
COMMAND: POST /session/a9b4e6b29d0180ba254fca33fbca36af/element/f.7C9A75291D3E7FF457A20D966EE470C5.d.D9A100F54C345320438D92339225B78F.e.5950/click - {}
RESULT: {}
COMMAND: GET /session/a9b4e6b29d0180ba254fca33fbca36af/screenshot - {}
RESULT: {}
COMMAND: POST /session/a9b4e6b29d0180ba254fca33fbca36af/element - {"using":"xpath","value":"//bdi[contains(text(), \"Time Segment\")]"}
RESULT: {"using":"xpath","value":"//bdi[contains(text(), \"Time Segment\")]"}
COMMAND: GET /session/a9b4e6b29d0180ba254fca33fbca36af/element/f.7C9A75291D3E7FF457A20D966EE470C5.d.D9A100F54C345320438D92339225B78F.e.5951/rect - {}
RESULT: {}
COMMAND: GET /session/a9b4e6b29d0180ba254fca33fbca36af/window/rect - {}
RESULT: {}
COMMAND: POST /session/a9b4e6b29d0180ba254fca33fbca36af/execute/sync - {"script":"<script> [92 bytes]","args":[]}
RESULT: {"script":"<script> [92 bytes]","args":[]}
COMMAND: POST /session/a9b4e6b29d0180ba254fca33fbca36af/actions - {"actions":[{"id":"action17","type":"wheel","parameters":{},"actions":[{"type":"scroll","x":-1820,"y":-21,"deltaX":0,"deltaY":0,"duration":0,"origin":{"element-6066-11e4-a52e-4f735466cecf":"f.7C9A75291D3E7FF457A20D966EE470C5.d.D9A100F54C345320438D92339225B78F.e.5951"}}]}]}
COMMAND: GET /session/a9b4e6b29d0180ba254fca33fbca36af/screenshot - {}
RESULT: {}
COMMAND: POST /session/a9b4e6b29d0180ba254fca33fbca36af/execute/sync - {"script":"<script> [79 bytes]","args":[{"element-6066-11e4-a52e-4f735466cecf":"f.7C9A75291D3E7FF457A20D966EE470C5.d.D9A100F54C345320438D92339225B78F.e.5951","ELEMENT":"f.7C9A75291D3E7FF457A20D966EE470C5.d.D9A100F54C345320438D92339225B78F.e.5951"},{"block":"start","inline":"nearest"}]}
RESULT: {"script":"<script> [79 bytes]","args":[{"element-6066-11e4-a52e-4f735466cecf":"f.7C9A75291D3E7FF457A20D966EE470C5.d.D9A100F54C345320438D92339225B78F.e.5951","ELEMENT":"f.7C9A75291D3E7FF457A20D966EE470C5.d.D9A100F54C345320438D92339225B78F.e.5951"},{"block":"start","inline":"nearest"}]}
COMMAND: GET /session/a9b4e6b29d0180ba254fca33fbca36af/screenshot - {}
RESULT: {}
COMMAND: POST /session/a9b4e6b29d0180ba254fca33fbca36af/element - {"using":"xpath","value":"//span[@id=\"application-manageresources-display-component---newResourceUnit--btnAddTimeSegment-img\"]"}
RESULT: {"using":"xpath","value":"//span[@id=\"application-manageresources-display-component---newResourceUnit--btnAddTimeSegment-img\"]"}
COMMAND: POST /session/a9b4e6b29d0180ba254fca33fbca36af/execute/sync - {"script":"<script> [8489 bytes]","args":[{"element-6066-11e4-a52e-4f735466cecf":"f.7C9A75291D3E7FF457A20D966EE470C5.d.D9A100F54C345320438D92339225B78F.e.5954","ELEMENT":"f.7C9A75291D3E7FF457A20D966EE470C5.d.D9A100F54C345320438D92339225B78F.e.5954"}]}
RESULT: {"script":"<script> [8489 bytes]","args":[{"element-6066-11e4-a52e-4f735466cecf":"f.7C9A75291D3E7FF457A20D966EE470C5.d.D9A100F54C345320438D92339225B78F.e.5954","ELEMENT":"f.7C9A75291D3E7FF457A20D966EE470C5.d.D9A100F54C345320438D92339225B78F.e.5954"}]}
COMMAND: POST /session/a9b4e6b29d0180ba254fca33fbca36af/element/f.7C9A75291D3E7FF457A20D966EE470C5.d.D9A100F54C345320438D92339225B78F.e.5954/click - {}
COMMAND: GET /session/a9b4e6b29d0180ba254fca33fbca36af/screenshot - {}
RESULT: {}
COMMAND: GET /session/a9b4e6b29d0180ba254fca33fbca36af/screenshot - {}
COMMAND: POST /session/a9b4e6b29d0180ba254fca33fbca36af/element - {"using":"xpath","value":"//input[@id=\"application-manageresources-display-component---newResourceUnit--idRuTSAdmin-application-manageresources-display-component---newResourceUnit--RUTimeSegment-0-inner\"]"}
RESULT: {}
RESULT: {}
RESULT: {"using":"xpath","value":"//input[@id=\"application-manageresources-display-component---newResourceUnit--idRuTSAdmin-application-manageresources-display-component---newResourceUnit--RUTimeSegment-0-inner\"]"}
COMMAND: POST /session/a9b4e6b29d0180ba254fca33fbca36af/element/f.7C9A75291D3E7FF457A20D966EE470C5.d.D9A100F54C345320438D92339225B78F.e.5957/clear - {}
RESULT: {}
COMMAND: POST /session/a9b4e6b29d0180ba254fca33fbca36af/element/f.7C9A75291D3E7FF457A20D966EE470C5.d.D9A100F54C345320438D92339225B78F.e.5957/value - {"text":"678"}
COMMAND: GET /session/a9b4e6b29d0180ba254fca33fbca36af/screenshot - {}
RESULT: {"text":"678"}
COMMAND: GET /session/a9b4e6b29d0180ba254fca33fbca36af/screenshot - {}
RESULT: {}
RESULT: {}
COMMAND: POST /session/a9b4e6b29d0180ba254fca33fbca36af/actions - {"actions":[{"id":"action18","type":"key","parameters":{},"actions":[{"type":"keyDown","value":""},{"type":"pause","duration":10},{"type":"keyUp","value":""}]}]}
RESULT: {"actions":[{"id":"action18","type":"key","parameters":{},"actions":[{"type":"keyDown","value":""},{"type":"pause","duration":10},{"type":"keyUp","value":""}]}]}
COMMAND: GET /session/a9b4e6b29d0180ba254fca33fbca36af/screenshot - {}
RESULT: {}
COMMAND: POST /session/a9b4e6b29d0180ba254fca33fbca36af/execute/async - {"script":"<script> [1562 bytes]","args":[{"selector":{"controlType":"sap.m.Button","viewName":"reusables.view.manageresources.NewResourceUnit","viewId":"application-manageresources-display-component---newResourceUnit","i18NText":{"propertyName":"tooltip","key":"save"},"interaction":{"idSuffix":"BDI-content"}},"wdio_ui5_key":"reusablesview.manageresources.NewResourceUnitsap.m.Button{\"propertyName\":\"tooltip\",\"key\":\"save\"}"}]}
RESULT: {"script":"<script> [1562 bytes]","args":[{"selector":{"controlType":"sap.m.Button","viewName":"reusables.view.manageresources.NewResourceUnit","viewId":"application-manageresources-display-component---newResourceUnit","i18NText":{"propertyName":"tooltip","key":"save"},"interaction":{"idSuffix":"BDI-content"}},"wdio_ui5_key":"reusablesview.manageresources.NewResourceUnitsap.m.Button{\"propertyName\":\"tooltip\",\"key\":\"save\"}"}]}
RESULT: undefined
COMMAND: POST /session/a9b4e6b29d0180ba254fca33fbca36af/element - {"using":"xpath","value":"//*[@id=\"application-manageresources-display-component---newResourceUnit--createRuButton\"]"}
RESULT: {"using":"xpath","value":"//*[@id=\"application-manageresources-display-component---newResourceUnit--createRuButton\"]"}
COMMAND: POST /session/a9b4e6b29d0180ba254fca33fbca36af/element/f.7C9A75291D3E7FF457A20D966EE470C5.d.D9A100F54C345320438D92339225B78F.e.5882/click - {}
RESULT: {}
COMMAND: GET /session/a9b4e6b29d0180ba254fca33fbca36af/screenshot - {}
RESULT: {}
COMMAND: POST /session/a9b4e6b29d0180ba254fca33fbca36af/execute/async - {"script":"<script> [1562 bytes]","args":[{"selector":{"controlType":"sap.m.Title","properties":{"text":"Success"},"searchOpenDialogs":true},"wdio_ui5_key":"sapm.Title{\"text\":\"Success\"}"}]}
RESULT: {"script":"<script> [1562 bytes]","args":[{"selector":{"controlType":"sap.m.Title","properties":{"text":"Success"},"searchOpenDialogs":true},"wdio_ui5_key":"sapm.Title{\"text\":\"Success\"}"}]}
RESULT: undefined
COMMAND: POST /session/a9b4e6b29d0180ba254fca33fbca36af/execute/async - {"script":"<script> [6424 bytes]","args":[{"element-6066-11e4-a52e-4f735466cecf":"f.7C9A75291D3E7FF457A20D966EE470C5.d.D9A100F54C345320438D92339225B78F.e.5972"},"getText",[]]}
RESULT: {"script":"<script> [6424 bytes]","args":[{"element-6066-11e4-a52e-4f735466cecf":"f.7C9A75291D3E7FF457A20D966EE470C5.d.D9A100F54C345320438D92339225B78F.e.5972"},"getText",[]]}
COMMAND: POST /session/a9b4e6b29d0180ba254fca33fbca36af/element - {"using":"xpath","value":"//*[contains(@id, '__text') and (contains(text(), 'successfully created') or contains(., 'successfully created'))]"}
RESULT: {"using":"xpath","value":"//*[contains(@id, '__text') and (contains(text(), 'successfully created') or contains(., 'successfully created'))]"}
COMMAND: GET /session/a9b4e6b29d0180ba254fca33fbca36af/element/f.7C9A75291D3E7FF457A20D966EE470C5.d.D9A100F54C345320438D92339225B78F.e.5971/text - {}
RESULT: {}
COMMAND: POST /session/a9b4e6b29d0180ba254fca33fbca36af/execute/async - {"script":"<script> [1562 bytes]","args":[{"selector":{"controlType":"sap.m.Button","properties":{"text":"Close"},"searchOpenDialogs":true,"interaction":{"idSuffix":"BDI-content"}},"wdio_ui5_key":"sapm.Button{\"text\":\"Close\"}"}]}
RESULT: {"script":"<script> [1562 bytes]","args":[{"selector":{"controlType":"sap.m.Button","properties":{"text":"Close"},"searchOpenDialogs":true,"interaction":{"idSuffix":"BDI-content"}},"wdio_ui5_key":"sapm.Button{\"text\":\"Close\"}"}]}
RESULT: undefined
COMMAND: POST /session/a9b4e6b29d0180ba254fca33fbca36af/element - {"using":"xpath","value":"//*[@id=\"__mbox-btn-0\"]"}
RESULT: {"using":"xpath","value":"//*[@id=\"__mbox-btn-0\"]"}
COMMAND: POST /session/a9b4e6b29d0180ba254fca33fbca36af/element/f.7C9A75291D3E7FF457A20D966EE470C5.d.D9A100F54C345320438D92339225B78F.e.5968/click - {}
RESULT: {}
COMMAND: GET /session/a9b4e6b29d0180ba254fca33fbca36af/screenshot - {}
RESULT: {}
COMMAND: POST /session/a9b4e6b29d0180ba254fca33fbca36af/execute/async - {"script":"<script> [1562 bytes]","args":[{"selector":{"controlType":"sap.ui.core.Icon","viewName":"etm.portal.ui.manageresources.view.Detail","viewId":"application-manageresources-display-component---detailRU","properties":{"src":{"regex":{"source":"overflow"}}}},"wdio_ui5_key":"etmportal.ui.manageresources.view.Detailsap.ui.core.Icon{\"src\":{\"regex\":{\"source\":\"overflow\"}}}"}]}
RESULT: {"script":"<script> [1562 bytes]","args":[{"selector":{"controlType":"sap.ui.core.Icon","viewName":"etm.portal.ui.manageresources.view.Detail","viewId":"application-manageresources-display-component---detailRU","properties":{"src":{"regex":{"source":"overflow"}}}},"wdio_ui5_key":"etmportal.ui.manageresources.view.Detailsap.ui.core.Icon{\"src\":{\"regex\":{\"source\":\"overflow\"}}}"}]}
RESULT: undefined
COMMAND: POST /session/a9b4e6b29d0180ba254fca33fbca36af/element - {"using":"xpath","value":"//*[@id=\"__title15-_actionsToolbar-overflowButton-img\"]"}
RESULT: {"using":"xpath","value":"//*[@id=\"__title15-_actionsToolbar-overflowButton-img\"]"}
COMMAND: POST /session/a9b4e6b29d0180ba254fca33fbca36af/element/f.7C9A75291D3E7FF457A20D966EE470C5.d.D9A100F54C345320438D92339225B78F.e.6002/click - {}
RESULT: {}
COMMAND: POST /session/a9b4e6b29d0180ba254fca33fbca36af/execute/async - {"script":"<script> [1562 bytes]","args":[{"selector":{"controlType":"sap.m.Button","viewName":"etm.portal.ui.manageresources.view.Detail","viewId":"application-manageresources-display-component---detailRU","i18NText":{"propertyName":"tooltip","key":"closeColumn"},"searchOpenDialogs":true,"interaction":{"idSuffix":"inner"}},"wdio_ui5_key":"etmportal.ui.manageresources.view.Detailsap.m.Button{\"propertyName\":\"tooltip\",\"key\":\"closeColumn\"}"}]}
COMMAND: GET /session/a9b4e6b29d0180ba254fca33fbca36af/screenshot - {}
RESULT: {"script":"<script> [1562 bytes]","args":[{"selector":{"controlType":"sap.m.Button","viewName":"etm.portal.ui.manageresources.view.Detail","viewId":"application-manageresources-display-component---detailRU","i18NText":{"propertyName":"tooltip","key":"closeColumn"},"searchOpenDialogs":true,"interaction":{"idSuffix":"inner"}},"wdio_ui5_key":"etmportal.ui.manageresources.view.Detailsap.m.Button{\"propertyName\":\"tooltip\",\"key\":\"closeColumn\"}"}]}
RESULT: undefined
COMMAND: POST /session/a9b4e6b29d0180ba254fca33fbca36af/element - {"using":"xpath","value":"//*[@id=\"__button43\"]"}
RESULT: {}
RESULT: {"using":"xpath","value":"//*[@id=\"__button43\"]"}
COMMAND: POST /session/a9b4e6b29d0180ba254fca33fbca36af/element/f.7C9A75291D3E7FF457A20D966EE470C5.d.D9A100F54C345320438D92339225B78F.e.6004/click - {}
RESULT: {}
COMMAND: GET /session/a9b4e6b29d0180ba254fca33fbca36af/screenshot - {}
RESULT: {}
COMMAND: POST /session/a9b4e6b29d0180ba254fca33fbca36af/refresh - {}
RESULT: {}
COMMAND: GET /session/a9b4e6b29d0180ba254fca33fbca36af/screenshot - {}
RESULT: {}
RESULT: undefined
COMMAND: POST /session/a9b4e6b29d0180ba254fca33fbca36af/refresh - {}
RESULT: {}
COMMAND: GET /session/a9b4e6b29d0180ba254fca33fbca36af/screenshot - {}
RESULT: {}
COMMAND: POST /session/a9b4e6b29d0180ba254fca33fbca36af/window/fullscreen - {}
RESULT: undefined
RESULT: undefined
RESULT: {}
COMMAND: POST /session/a9b4e6b29d0180ba254fca33fbca36af/execute/async - {"script":"<script> [189 bytes]","args":[]}
RESULT: {"script":"<script> [189 bytes]","args":[]}
COMMAND: POST /session/a9b4e6b29d0180ba254fca33fbca36af/execute/async - {"script":"<script> [123 bytes]","args":[]}
RESULT: {"script":"<script> [123 bytes]","args":[]}
COMMAND: POST /session/a9b4e6b29d0180ba254fca33fbca36af/timeouts - {"script":"<number>"}
RESULT: {"script":"<number>"}
COMMAND: GET /session/a9b4e6b29d0180ba254fca33fbca36af/timeouts - {}
RESULT: {}
RESULT: undefined
COMMAND: POST /session/a9b4e6b29d0180ba254fca33fbca36af/execute/async - {"script":"<script> [2676 bytes]","args":[]}
RESULT: {"script":"<script> [2676 bytes]","args":[]}
COMMAND: POST /session/a9b4e6b29d0180ba254fca33fbca36af/execute/async - {"script":"<script> [2342 bytes]","args":[{"protocol":"http","hostname":"0.0.0.0","path":"/","capabilities":{"browserName":"chrome","goog:chromeOptions":{"binary":"C:\\Program Files\\Google\\Chrome\\Application\\chrome.exe","args":["--start-maximized"]}},"logLevel":"warn","connectionRetryTimeout":120000,"connectionRetryCount":3,"logLevels":{},"enableDirectConnect":true,"strictSSL":true,"_":"65 more keys: [\"cacheDir\",\"port\",\"requestedCapabilities\",\"automationProtocol\",\"baseUrl\",\"waitforInterval\",\"waitforTimeout\",\"onReload\",\"beforeCommand\",\"afterCommand\",\"rootDir\",\"specs\",\"suites\",\"exclude\",\"groupLogsByTestSpec\",\"excludeDriverLogs\",\"bail\",\"framework\",\"reporters\",\"services\",\"maxInstances\",\"maxInstancesPerCapability\",\"injectGlobals\",\"filesToWatch\",\"execArgv\",\"runnerEnv\",\"runner\",\"shard\",\"specFileRetries\",\"specFileRetriesDelay\",\"specFileRetriesDeferred\",\"reporterSyncInterval\",\"reporterSyncTimeout\",\"cucumberFeaturesWithLineNumbers\",\"autoCompileOpts\",\"mochaOpts\",\"jasmineOpts\",\"cucumberOpts\",\"onPrepare\",\"onWorkerStart\",\"onWorkerEnd\",\"before\",\"beforeSession\",\"beforeSuite\",\"beforeHook\",\"beforeTest\",\"afterTest\",\"afterHook\",\"afterSuite\",\"afterSession\",\"after\",\"onComplete\",\"beforeAssertion\",\"afterAssertion\",\"beforeFeature\",\"beforeScenario\",\"beforeStep\",\"afterStep\",\"afterScenario\",\"afterFeature\",\"_\",\"suite\",\"$0\",\"ignoredWorkerServices\",\"wdi5\"]"}]}
RESULT: {"script":"<script> [2342 bytes]","args":[{"protocol":"http","hostname":"0.0.0.0","path":"/","capabilities":{"browserName":"chrome","goog:chromeOptions":{"binary":"C:\\Program Files\\Google\\Chrome\\Application\\chrome.exe","args":["--start-maximized"]}},"logLevel":"warn","connectionRetryTimeout":120000,"connectionRetryCount":3,"logLevels":{},"enableDirectConnect":true,"strictSSL":true,"_":"65 more keys: [\"cacheDir\",\"port\",\"requestedCapabilities\",\"automationProtocol\",\"baseUrl\",\"waitforInterval\",\"waitforTimeout\",\"onReload\",\"beforeCommand\",\"afterCommand\",\"rootDir\",\"specs\",\"suites\",\"exclude\",\"groupLogsByTestSpec\",\"excludeDriverLogs\",\"bail\",\"framework\",\"reporters\",\"services\",\"maxInstances\",\"maxInstancesPerCapability\",\"injectGlobals\",\"filesToWatch\",\"execArgv\",\"runnerEnv\",\"runner\",\"shard\",\"specFileRetries\",\"specFileRetriesDelay\",\"specFileRetriesDeferred\",\"reporterSyncInterval\",\"reporterSyncTimeout\",\"cucumberFeaturesWithLineNumbers\",\"autoCompileOpts\",\"mochaOpts\",\"jasmineOpts\",\"cucumberOpts\",\"onPrepare\",\"onWorkerStart\",\"onWorkerEnd\",\"before\",\"beforeSession\",\"beforeSuite\",\"beforeHook\",\"beforeTest\",\"afterTest\",\"afterHook\",\"afterSuite\",\"afterSession\",\"after\",\"onComplete\",\"beforeAssertion\",\"afterAssertion\",\"beforeFeature\",\"beforeScenario\",\"beforeStep\",\"afterStep\",\"afterScenario\",\"afterFeature\",\"_\",\"suite\",\"$0\",\"ignoredWorkerServices\",\"wdi5\"]"}]}
COMMAND: POST /session/a9b4e6b29d0180ba254fca33fbca36af/execute/async - {"script":"<script> [21126 bytes]","args":[35000]}
RESULT: {"script":"<script> [21126 bytes]","args":[35000]}
]]></system-out>
    </testcase>
    <testcase classname="chrome.135_0_7049_42.windows.Create_2_RU_material_US118246" name="Create WHM material" time="184.757">
      <system-out><![CDATA[
COMMAND: POST /session/a9b4e6b29d0180ba254fca33fbca36af/element - {"using":"xpath","value":"//button[@data-kt=\"addNewRUOverflowToolbarButton\"]"}
RESULT: {"using":"xpath","value":"//button[@data-kt=\"addNewRUOverflowToolbarButton\"]"}
COMMAND: POST /session/a9b4e6b29d0180ba254fca33fbca36af/execute/sync - {"script":"<script> [8489 bytes]","args":[{"element-6066-11e4-a52e-4f735466cecf":"f.7C9A75291D3E7FF457A20D966EE470C5.d.59C75314D7B3B6A51CA1951CB7031E2E.e.6228","ELEMENT":"f.7C9A75291D3E7FF457A20D966EE470C5.d.59C75314D7B3B6A51CA1951CB7031E2E.e.6228"}]}
RESULT: {"script":"<script> [8489 bytes]","args":[{"element-6066-11e4-a52e-4f735466cecf":"f.7C9A75291D3E7FF457A20D966EE470C5.d.59C75314D7B3B6A51CA1951CB7031E2E.e.6228","ELEMENT":"f.7C9A75291D3E7FF457A20D966EE470C5.d.59C75314D7B3B6A51CA1951CB7031E2E.e.6228"}]}
COMMAND: POST /session/a9b4e6b29d0180ba254fca33fbca36af/element/f.7C9A75291D3E7FF457A20D966EE470C5.d.59C75314D7B3B6A51CA1951CB7031E2E.e.6228/click - {}
COMMAND: GET /session/a9b4e6b29d0180ba254fca33fbca36af/screenshot - {}
RESULT: {}
COMMAND: GET /session/a9b4e6b29d0180ba254fca33fbca36af/screenshot - {}
RESULT: {}
RESULT: {}
COMMAND: POST /session/a9b4e6b29d0180ba254fca33fbca36af/execute/async - {"script":"<script> [1562 bytes]","args":[{"selector":{"controlType":"sap.m.ComboBox","viewName":"reusables.view.manageresources.NewResourceUnit","viewId":"application-manageresources-display-component---newResourceUnit","bindingPath":{"path":"","propertyPath":"/RuTypes","modelName":"catalogModel"},"searchOpenDialogs":true},"wdio_ui5_key":"reusablesview.manageresources.NewResourceUnitsap.m.ComboBox{\"path\":\"\",\"propertyPath\":\"/RuTypes\",\"modelName\":\"catalogModel\"}"}]}
RESULT: {"script":"<script> [1562 bytes]","args":[{"selector":{"controlType":"sap.m.ComboBox","viewName":"reusables.view.manageresources.NewResourceUnit","viewId":"application-manageresources-display-component---newResourceUnit","bindingPath":{"path":"","propertyPath":"/RuTypes","modelName":"catalogModel"},"searchOpenDialogs":true},"wdio_ui5_key":"reusablesview.manageresources.NewResourceUnitsap.m.ComboBox{\"path\":\"\",\"propertyPath\":\"/RuTypes\",\"modelName\":\"catalogModel\"}"}]}
RESULT: undefined
COMMAND: POST /session/a9b4e6b29d0180ba254fca33fbca36af/execute/async - {"script":"<script> [1562 bytes]","args":[{"selector":{"controlType":"sap.m.ComboBox","viewName":"reusables.view.manageresources.NewResourceUnit","viewId":"application-manageresources-display-component---newResourceUnit","bindingPath":{"path":"","propertyPath":"/Yards","modelName":"catalogModel"},"searchOpenDialogs":true},"wdio_ui5_key":"reusablesview.manageresources.NewResourceUnitsap.m.ComboBox{\"path\":\"\",\"propertyPath\":\"/Yards\",\"modelName\":\"catalogModel\"}"}]}
RESULT: {"script":"<script> [1562 bytes]","args":[{"selector":{"controlType":"sap.m.ComboBox","viewName":"reusables.view.manageresources.NewResourceUnit","viewId":"application-manageresources-display-component---newResourceUnit","bindingPath":{"path":"","propertyPath":"/Yards","modelName":"catalogModel"},"searchOpenDialogs":true},"wdio_ui5_key":"reusablesview.manageresources.NewResourceUnitsap.m.ComboBox{\"path\":\"\",\"propertyPath\":\"/Yards\",\"modelName\":\"catalogModel\"}"}]}
RESULT: undefined
COMMAND: POST /session/a9b4e6b29d0180ba254fca33fbca36af/execute/async - {"script":"<script> [1562 bytes]","args":[{"selector":{"controlType":"etm.portal.ui.reusables.customControls.LiveSearchComboBox","viewName":"reusables.view.manageresources.NewResourceUnit","viewId":"application-manageresources-display-component---newResourceUnit","bindingPath":{"path":"","propertyPath":"/CatalogItems","modelName":"catalogModel"},"searchOpenDialogs":true},"wdio_ui5_key":"reusablesview.manageresources.NewResourceUnitetm.portal.ui.reusables.customControls.LiveSearchComboBox{\"path\":\"\",\"propertyPath\":\"/CatalogItems\",\"modelName\":\"catalogModel\"}"}]}
RESULT: {"script":"<script> [1562 bytes]","args":[{"selector":{"controlType":"etm.portal.ui.reusables.customControls.LiveSearchComboBox","viewName":"reusables.view.manageresources.NewResourceUnit","viewId":"application-manageresources-display-component---newResourceUnit","bindingPath":{"path":"","propertyPath":"/CatalogItems","modelName":"catalogModel"},"searchOpenDialogs":true},"wdio_ui5_key":"reusablesview.manageresources.NewResourceUnitetm.portal.ui.reusables.customControls.LiveSearchComboBox{\"path\":\"\",\"propertyPath\":\"/CatalogItems\",\"modelName\":\"catalogModel\"}"}]}
RESULT: undefined
COMMAND: POST /session/a9b4e6b29d0180ba254fca33fbca36af/element - {"using":"xpath","value":"//bdi[text()=\"OK\"]"}
RESULT: {"using":"xpath","value":"//bdi[text()=\"OK\"]"}
COMMAND: POST /session/a9b4e6b29d0180ba254fca33fbca36af/elements - {"using":"xpath","value":"//bdi[text()=\"OK\"]"}
RESULT: {"using":"xpath","value":"//bdi[text()=\"OK\"]"}
COMMAND: POST /session/a9b4e6b29d0180ba254fca33fbca36af/elements - {"using":"xpath","value":"//bdi[text()=\"OK\"]"}
RESULT: {"using":"xpath","value":"//bdi[text()=\"OK\"]"}
COMMAND: POST /session/a9b4e6b29d0180ba254fca33fbca36af/elements - {"using":"xpath","value":"//bdi[text()=\"OK\"]"}
RESULT: {"using":"xpath","value":"//bdi[text()=\"OK\"]"}
COMMAND: POST /session/a9b4e6b29d0180ba254fca33fbca36af/elements - {"using":"xpath","value":"//bdi[text()=\"OK\"]"}
RESULT: {"using":"xpath","value":"//bdi[text()=\"OK\"]"}
COMMAND: POST /session/a9b4e6b29d0180ba254fca33fbca36af/elements - {"using":"xpath","value":"//bdi[text()=\"OK\"]"}
RESULT: {"using":"xpath","value":"//bdi[text()=\"OK\"]"}
COMMAND: POST /session/a9b4e6b29d0180ba254fca33fbca36af/elements - {"using":"xpath","value":"//bdi[text()=\"OK\"]"}
RESULT: {"using":"xpath","value":"//bdi[text()=\"OK\"]"}
COMMAND: POST /session/a9b4e6b29d0180ba254fca33fbca36af/elements - {"using":"xpath","value":"//bdi[text()=\"OK\"]"}
RESULT: {"using":"xpath","value":"//bdi[text()=\"OK\"]"}
COMMAND: POST /session/a9b4e6b29d0180ba254fca33fbca36af/elements - {"using":"xpath","value":"//bdi[text()=\"OK\"]"}
RESULT: {"using":"xpath","value":"//bdi[text()=\"OK\"]"}
COMMAND: POST /session/a9b4e6b29d0180ba254fca33fbca36af/elements - {"using":"xpath","value":"//bdi[text()=\"OK\"]"}
RESULT: {"using":"xpath","value":"//bdi[text()=\"OK\"]"}
COMMAND: POST /session/a9b4e6b29d0180ba254fca33fbca36af/elements - {"using":"xpath","value":"//bdi[text()=\"OK\"]"}
RESULT: {"using":"xpath","value":"//bdi[text()=\"OK\"]"}
COMMAND: POST /session/a9b4e6b29d0180ba254fca33fbca36af/elements - {"using":"xpath","value":"//bdi[text()=\"OK\"]"}
RESULT: {"using":"xpath","value":"//bdi[text()=\"OK\"]"}
COMMAND: POST /session/a9b4e6b29d0180ba254fca33fbca36af/elements - {"using":"xpath","value":"//bdi[text()=\"OK\"]"}
RESULT: {"using":"xpath","value":"//bdi[text()=\"OK\"]"}
COMMAND: POST /session/a9b4e6b29d0180ba254fca33fbca36af/elements - {"using":"xpath","value":"//bdi[text()=\"OK\"]"}
RESULT: {"using":"xpath","value":"//bdi[text()=\"OK\"]"}
COMMAND: POST /session/a9b4e6b29d0180ba254fca33fbca36af/elements - {"using":"xpath","value":"//bdi[text()=\"OK\"]"}
RESULT: {"using":"xpath","value":"//bdi[text()=\"OK\"]"}
COMMAND: POST /session/a9b4e6b29d0180ba254fca33fbca36af/elements - {"using":"xpath","value":"//bdi[text()=\"OK\"]"}
RESULT: {"using":"xpath","value":"//bdi[text()=\"OK\"]"}
COMMAND: POST /session/a9b4e6b29d0180ba254fca33fbca36af/elements - {"using":"xpath","value":"//bdi[text()=\"OK\"]"}
RESULT: {"using":"xpath","value":"//bdi[text()=\"OK\"]"}
COMMAND: POST /session/a9b4e6b29d0180ba254fca33fbca36af/elements - {"using":"xpath","value":"//bdi[text()=\"OK\"]"}
RESULT: {"using":"xpath","value":"//bdi[text()=\"OK\"]"}
COMMAND: POST /session/a9b4e6b29d0180ba254fca33fbca36af/elements - {"using":"xpath","value":"//bdi[text()=\"OK\"]"}
RESULT: {"using":"xpath","value":"//bdi[text()=\"OK\"]"}
COMMAND: POST /session/a9b4e6b29d0180ba254fca33fbca36af/elements - {"using":"xpath","value":"//bdi[text()=\"OK\"]"}
RESULT: {"using":"xpath","value":"//bdi[text()=\"OK\"]"}
COMMAND: POST /session/a9b4e6b29d0180ba254fca33fbca36af/elements - {"using":"xpath","value":"//bdi[text()=\"OK\"]"}
RESULT: {"using":"xpath","value":"//bdi[text()=\"OK\"]"}
COMMAND: POST /session/a9b4e6b29d0180ba254fca33fbca36af/elements - {"using":"xpath","value":"//bdi[text()=\"OK\"]"}
RESULT: {"using":"xpath","value":"//bdi[text()=\"OK\"]"}
COMMAND: POST /session/a9b4e6b29d0180ba254fca33fbca36af/elements - {"using":"xpath","value":"//bdi[text()=\"OK\"]"}
RESULT: {"using":"xpath","value":"//bdi[text()=\"OK\"]"}
COMMAND: POST /session/a9b4e6b29d0180ba254fca33fbca36af/elements - {"using":"xpath","value":"//bdi[text()=\"OK\"]"}
RESULT: {"using":"xpath","value":"//bdi[text()=\"OK\"]"}
COMMAND: POST /session/a9b4e6b29d0180ba254fca33fbca36af/elements - {"using":"xpath","value":"//bdi[text()=\"OK\"]"}
RESULT: {"using":"xpath","value":"//bdi[text()=\"OK\"]"}
COMMAND: POST /session/a9b4e6b29d0180ba254fca33fbca36af/elements - {"using":"xpath","value":"//bdi[text()=\"OK\"]"}
RESULT: {"using":"xpath","value":"//bdi[text()=\"OK\"]"}
COMMAND: POST /session/a9b4e6b29d0180ba254fca33fbca36af/elements - {"using":"xpath","value":"//bdi[text()=\"OK\"]"}
RESULT: {"using":"xpath","value":"//bdi[text()=\"OK\"]"}
COMMAND: POST /session/a9b4e6b29d0180ba254fca33fbca36af/elements - {"using":"xpath","value":"//bdi[text()=\"OK\"]"}
RESULT: {"using":"xpath","value":"//bdi[text()=\"OK\"]"}
COMMAND: POST /session/a9b4e6b29d0180ba254fca33fbca36af/elements - {"using":"xpath","value":"//bdi[text()=\"OK\"]"}
RESULT: {"using":"xpath","value":"//bdi[text()=\"OK\"]"}
COMMAND: POST /session/a9b4e6b29d0180ba254fca33fbca36af/elements - {"using":"xpath","value":"//bdi[text()=\"OK\"]"}
RESULT: {"using":"xpath","value":"//bdi[text()=\"OK\"]"}
COMMAND: POST /session/a9b4e6b29d0180ba254fca33fbca36af/elements - {"using":"xpath","value":"//bdi[text()=\"OK\"]"}
RESULT: {"using":"xpath","value":"//bdi[text()=\"OK\"]"}
COMMAND: POST /session/a9b4e6b29d0180ba254fca33fbca36af/elements - {"using":"xpath","value":"//bdi[text()=\"OK\"]"}
RESULT: {"using":"xpath","value":"//bdi[text()=\"OK\"]"}
COMMAND: POST /session/a9b4e6b29d0180ba254fca33fbca36af/elements - {"using":"xpath","value":"//bdi[text()=\"OK\"]"}
RESULT: {"using":"xpath","value":"//bdi[text()=\"OK\"]"}
COMMAND: POST /session/a9b4e6b29d0180ba254fca33fbca36af/elements - {"using":"xpath","value":"//bdi[text()=\"OK\"]"}
RESULT: {"using":"xpath","value":"//bdi[text()=\"OK\"]"}
COMMAND: POST /session/a9b4e6b29d0180ba254fca33fbca36af/elements - {"using":"xpath","value":"//bdi[text()=\"OK\"]"}
RESULT: {"using":"xpath","value":"//bdi[text()=\"OK\"]"}
COMMAND: POST /session/a9b4e6b29d0180ba254fca33fbca36af/elements - {"using":"xpath","value":"//bdi[text()=\"OK\"]"}
RESULT: {"using":"xpath","value":"//bdi[text()=\"OK\"]"}
COMMAND: POST /session/a9b4e6b29d0180ba254fca33fbca36af/elements - {"using":"xpath","value":"//bdi[text()=\"OK\"]"}
RESULT: {"using":"xpath","value":"//bdi[text()=\"OK\"]"}
COMMAND: POST /session/a9b4e6b29d0180ba254fca33fbca36af/elements - {"using":"xpath","value":"//bdi[text()=\"OK\"]"}
RESULT: {"using":"xpath","value":"//bdi[text()=\"OK\"]"}
COMMAND: POST /session/a9b4e6b29d0180ba254fca33fbca36af/elements - {"using":"xpath","value":"//bdi[text()=\"OK\"]"}
RESULT: {"using":"xpath","value":"//bdi[text()=\"OK\"]"}
COMMAND: POST /session/a9b4e6b29d0180ba254fca33fbca36af/elements - {"using":"xpath","value":"//bdi[text()=\"OK\"]"}
RESULT: {"using":"xpath","value":"//bdi[text()=\"OK\"]"}
COMMAND: POST /session/a9b4e6b29d0180ba254fca33fbca36af/elements - {"using":"xpath","value":"//bdi[text()=\"OK\"]"}
RESULT: {"using":"xpath","value":"//bdi[text()=\"OK\"]"}
COMMAND: POST /session/a9b4e6b29d0180ba254fca33fbca36af/elements - {"using":"xpath","value":"//bdi[text()=\"OK\"]"}
RESULT: {"using":"xpath","value":"//bdi[text()=\"OK\"]"}
COMMAND: POST /session/a9b4e6b29d0180ba254fca33fbca36af/elements - {"using":"xpath","value":"//bdi[text()=\"OK\"]"}
RESULT: {"using":"xpath","value":"//bdi[text()=\"OK\"]"}
COMMAND: POST /session/a9b4e6b29d0180ba254fca33fbca36af/elements - {"using":"xpath","value":"//bdi[text()=\"OK\"]"}
RESULT: {"using":"xpath","value":"//bdi[text()=\"OK\"]"}
COMMAND: POST /session/a9b4e6b29d0180ba254fca33fbca36af/elements - {"using":"xpath","value":"//bdi[text()=\"OK\"]"}
RESULT: {"using":"xpath","value":"//bdi[text()=\"OK\"]"}
COMMAND: POST /session/a9b4e6b29d0180ba254fca33fbca36af/elements - {"using":"xpath","value":"//bdi[text()=\"OK\"]"}
RESULT: {"using":"xpath","value":"//bdi[text()=\"OK\"]"}
COMMAND: POST /session/a9b4e6b29d0180ba254fca33fbca36af/elements - {"using":"xpath","value":"//bdi[text()=\"OK\"]"}
RESULT: {"using":"xpath","value":"//bdi[text()=\"OK\"]"}
COMMAND: POST /session/a9b4e6b29d0180ba254fca33fbca36af/elements - {"using":"xpath","value":"//bdi[text()=\"OK\"]"}
RESULT: {"using":"xpath","value":"//bdi[text()=\"OK\"]"}
COMMAND: POST /session/a9b4e6b29d0180ba254fca33fbca36af/elements - {"using":"xpath","value":"//bdi[text()=\"OK\"]"}
RESULT: {"using":"xpath","value":"//bdi[text()=\"OK\"]"}
COMMAND: POST /session/a9b4e6b29d0180ba254fca33fbca36af/elements - {"using":"xpath","value":"//bdi[text()=\"OK\"]"}
RESULT: {"using":"xpath","value":"//bdi[text()=\"OK\"]"}
COMMAND: POST /session/a9b4e6b29d0180ba254fca33fbca36af/elements - {"using":"xpath","value":"//bdi[text()=\"OK\"]"}
RESULT: {"using":"xpath","value":"//bdi[text()=\"OK\"]"}
COMMAND: POST /session/a9b4e6b29d0180ba254fca33fbca36af/elements - {"using":"xpath","value":"//bdi[text()=\"OK\"]"}
RESULT: {"using":"xpath","value":"//bdi[text()=\"OK\"]"}
COMMAND: POST /session/a9b4e6b29d0180ba254fca33fbca36af/elements - {"using":"xpath","value":"//bdi[text()=\"OK\"]"}
RESULT: {"using":"xpath","value":"//bdi[text()=\"OK\"]"}
COMMAND: POST /session/a9b4e6b29d0180ba254fca33fbca36af/elements - {"using":"xpath","value":"//bdi[text()=\"OK\"]"}
RESULT: {"using":"xpath","value":"//bdi[text()=\"OK\"]"}
COMMAND: POST /session/a9b4e6b29d0180ba254fca33fbca36af/elements - {"using":"xpath","value":"//bdi[text()=\"OK\"]"}
RESULT: {"using":"xpath","value":"//bdi[text()=\"OK\"]"}
COMMAND: POST /session/a9b4e6b29d0180ba254fca33fbca36af/elements - {"using":"xpath","value":"//bdi[text()=\"OK\"]"}
RESULT: {"using":"xpath","value":"//bdi[text()=\"OK\"]"}
COMMAND: POST /session/a9b4e6b29d0180ba254fca33fbca36af/elements - {"using":"xpath","value":"//bdi[text()=\"OK\"]"}
RESULT: {"using":"xpath","value":"//bdi[text()=\"OK\"]"}
COMMAND: POST /session/a9b4e6b29d0180ba254fca33fbca36af/elements - {"using":"xpath","value":"//bdi[text()=\"OK\"]"}
RESULT: {"using":"xpath","value":"//bdi[text()=\"OK\"]"}
COMMAND: POST /session/a9b4e6b29d0180ba254fca33fbca36af/elements - {"using":"xpath","value":"//bdi[text()=\"OK\"]"}
RESULT: {"using":"xpath","value":"//bdi[text()=\"OK\"]"}
COMMAND: POST /session/a9b4e6b29d0180ba254fca33fbca36af/elements - {"using":"xpath","value":"//bdi[text()=\"OK\"]"}
RESULT: {"using":"xpath","value":"//bdi[text()=\"OK\"]"}
COMMAND: POST /session/a9b4e6b29d0180ba254fca33fbca36af/elements - {"using":"xpath","value":"//bdi[text()=\"OK\"]"}
RESULT: {"using":"xpath","value":"//bdi[text()=\"OK\"]"}
COMMAND: POST /session/a9b4e6b29d0180ba254fca33fbca36af/elements - {"using":"xpath","value":"//bdi[text()=\"OK\"]"}
RESULT: {"using":"xpath","value":"//bdi[text()=\"OK\"]"}
COMMAND: POST /session/a9b4e6b29d0180ba254fca33fbca36af/elements - {"using":"xpath","value":"//bdi[text()=\"OK\"]"}
RESULT: {"using":"xpath","value":"//bdi[text()=\"OK\"]"}
COMMAND: POST /session/a9b4e6b29d0180ba254fca33fbca36af/elements - {"using":"xpath","value":"//bdi[text()=\"OK\"]"}
RESULT: {"using":"xpath","value":"//bdi[text()=\"OK\"]"}
COMMAND: POST /session/a9b4e6b29d0180ba254fca33fbca36af/elements - {"using":"xpath","value":"//bdi[text()=\"OK\"]"}
RESULT: {"using":"xpath","value":"//bdi[text()=\"OK\"]"}
COMMAND: POST /session/a9b4e6b29d0180ba254fca33fbca36af/elements - {"using":"xpath","value":"//bdi[text()=\"OK\"]"}
RESULT: {"using":"xpath","value":"//bdi[text()=\"OK\"]"}
COMMAND: POST /session/a9b4e6b29d0180ba254fca33fbca36af/elements - {"using":"xpath","value":"//bdi[text()=\"OK\"]"}
RESULT: {"using":"xpath","value":"//bdi[text()=\"OK\"]"}
COMMAND: POST /session/a9b4e6b29d0180ba254fca33fbca36af/elements - {"using":"xpath","value":"//bdi[text()=\"OK\"]"}
RESULT: {"using":"xpath","value":"//bdi[text()=\"OK\"]"}
COMMAND: POST /session/a9b4e6b29d0180ba254fca33fbca36af/elements - {"using":"xpath","value":"//bdi[text()=\"OK\"]"}
RESULT: {"using":"xpath","value":"//bdi[text()=\"OK\"]"}
COMMAND: POST /session/a9b4e6b29d0180ba254fca33fbca36af/elements - {"using":"xpath","value":"//bdi[text()=\"OK\"]"}
RESULT: {"using":"xpath","value":"//bdi[text()=\"OK\"]"}
COMMAND: POST /session/a9b4e6b29d0180ba254fca33fbca36af/elements - {"using":"xpath","value":"//bdi[text()=\"OK\"]"}
RESULT: {"using":"xpath","value":"//bdi[text()=\"OK\"]"}
COMMAND: POST /session/a9b4e6b29d0180ba254fca33fbca36af/elements - {"using":"xpath","value":"//bdi[text()=\"OK\"]"}
RESULT: {"using":"xpath","value":"//bdi[text()=\"OK\"]"}
COMMAND: POST /session/a9b4e6b29d0180ba254fca33fbca36af/elements - {"using":"xpath","value":"//bdi[text()=\"OK\"]"}
RESULT: {"using":"xpath","value":"//bdi[text()=\"OK\"]"}
COMMAND: POST /session/a9b4e6b29d0180ba254fca33fbca36af/elements - {"using":"xpath","value":"//bdi[text()=\"OK\"]"}
RESULT: {"using":"xpath","value":"//bdi[text()=\"OK\"]"}
COMMAND: POST /session/a9b4e6b29d0180ba254fca33fbca36af/elements - {"using":"xpath","value":"//bdi[text()=\"OK\"]"}
RESULT: {"using":"xpath","value":"//bdi[text()=\"OK\"]"}
COMMAND: POST /session/a9b4e6b29d0180ba254fca33fbca36af/elements - {"using":"xpath","value":"//bdi[text()=\"OK\"]"}
RESULT: {"using":"xpath","value":"//bdi[text()=\"OK\"]"}
COMMAND: POST /session/a9b4e6b29d0180ba254fca33fbca36af/elements - {"using":"xpath","value":"//bdi[text()=\"OK\"]"}
RESULT: {"using":"xpath","value":"//bdi[text()=\"OK\"]"}
COMMAND: POST /session/a9b4e6b29d0180ba254fca33fbca36af/elements - {"using":"xpath","value":"//bdi[text()=\"OK\"]"}
RESULT: {"using":"xpath","value":"//bdi[text()=\"OK\"]"}
COMMAND: POST /session/a9b4e6b29d0180ba254fca33fbca36af/elements - {"using":"xpath","value":"//bdi[text()=\"OK\"]"}
RESULT: {"using":"xpath","value":"//bdi[text()=\"OK\"]"}
COMMAND: POST /session/a9b4e6b29d0180ba254fca33fbca36af/elements - {"using":"xpath","value":"//bdi[text()=\"OK\"]"}
RESULT: {"using":"xpath","value":"//bdi[text()=\"OK\"]"}
COMMAND: POST /session/a9b4e6b29d0180ba254fca33fbca36af/elements - {"using":"xpath","value":"//bdi[text()=\"OK\"]"}
RESULT: {"using":"xpath","value":"//bdi[text()=\"OK\"]"}
COMMAND: POST /session/a9b4e6b29d0180ba254fca33fbca36af/elements - {"using":"xpath","value":"//bdi[text()=\"OK\"]"}
RESULT: {"using":"xpath","value":"//bdi[text()=\"OK\"]"}
COMMAND: POST /session/a9b4e6b29d0180ba254fca33fbca36af/elements - {"using":"xpath","value":"//bdi[text()=\"OK\"]"}
RESULT: {"using":"xpath","value":"//bdi[text()=\"OK\"]"}
COMMAND: POST /session/a9b4e6b29d0180ba254fca33fbca36af/elements - {"using":"xpath","value":"//bdi[text()=\"OK\"]"}
RESULT: {"using":"xpath","value":"//bdi[text()=\"OK\"]"}
COMMAND: POST /session/a9b4e6b29d0180ba254fca33fbca36af/elements - {"using":"xpath","value":"//bdi[text()=\"OK\"]"}
RESULT: {"using":"xpath","value":"//bdi[text()=\"OK\"]"}
COMMAND: POST /session/a9b4e6b29d0180ba254fca33fbca36af/elements - {"using":"xpath","value":"//bdi[text()=\"OK\"]"}
RESULT: {"using":"xpath","value":"//bdi[text()=\"OK\"]"}
COMMAND: POST /session/a9b4e6b29d0180ba254fca33fbca36af/elements - {"using":"xpath","value":"//bdi[text()=\"OK\"]"}
RESULT: {"using":"xpath","value":"//bdi[text()=\"OK\"]"}
COMMAND: POST /session/a9b4e6b29d0180ba254fca33fbca36af/elements - {"using":"xpath","value":"//bdi[text()=\"OK\"]"}
RESULT: {"using":"xpath","value":"//bdi[text()=\"OK\"]"}
COMMAND: POST /session/a9b4e6b29d0180ba254fca33fbca36af/elements - {"using":"xpath","value":"//bdi[text()=\"OK\"]"}
RESULT: {"using":"xpath","value":"//bdi[text()=\"OK\"]"}
COMMAND: POST /session/a9b4e6b29d0180ba254fca33fbca36af/elements - {"using":"xpath","value":"//bdi[text()=\"OK\"]"}
RESULT: {"using":"xpath","value":"//bdi[text()=\"OK\"]"}
COMMAND: POST /session/a9b4e6b29d0180ba254fca33fbca36af/elements - {"using":"xpath","value":"//bdi[text()=\"OK\"]"}
RESULT: {"using":"xpath","value":"//bdi[text()=\"OK\"]"}
COMMAND: POST /session/a9b4e6b29d0180ba254fca33fbca36af/elements - {"using":"xpath","value":"//bdi[text()=\"OK\"]"}
RESULT: {"using":"xpath","value":"//bdi[text()=\"OK\"]"}
COMMAND: POST /session/a9b4e6b29d0180ba254fca33fbca36af/elements - {"using":"xpath","value":"//bdi[text()=\"OK\"]"}
RESULT: {"using":"xpath","value":"//bdi[text()=\"OK\"]"}
COMMAND: POST /session/a9b4e6b29d0180ba254fca33fbca36af/elements - {"using":"xpath","value":"//bdi[text()=\"OK\"]"}
RESULT: {"using":"xpath","value":"//bdi[text()=\"OK\"]"}
COMMAND: POST /session/a9b4e6b29d0180ba254fca33fbca36af/elements - {"using":"xpath","value":"//bdi[text()=\"OK\"]"}
RESULT: {"using":"xpath","value":"//bdi[text()=\"OK\"]"}
COMMAND: POST /session/a9b4e6b29d0180ba254fca33fbca36af/elements - {"using":"xpath","value":"//bdi[text()=\"OK\"]"}
RESULT: {"using":"xpath","value":"//bdi[text()=\"OK\"]"}
COMMAND: POST /session/a9b4e6b29d0180ba254fca33fbca36af/elements - {"using":"xpath","value":"//bdi[text()=\"OK\"]"}
RESULT: {"using":"xpath","value":"//bdi[text()=\"OK\"]"}
COMMAND: POST /session/a9b4e6b29d0180ba254fca33fbca36af/elements - {"using":"xpath","value":"//bdi[text()=\"OK\"]"}
RESULT: {"using":"xpath","value":"//bdi[text()=\"OK\"]"}
COMMAND: POST /session/a9b4e6b29d0180ba254fca33fbca36af/elements - {"using":"xpath","value":"//bdi[text()=\"OK\"]"}
RESULT: {"using":"xpath","value":"//bdi[text()=\"OK\"]"}
COMMAND: POST /session/a9b4e6b29d0180ba254fca33fbca36af/elements - {"using":"xpath","value":"//bdi[text()=\"OK\"]"}
RESULT: {"using":"xpath","value":"//bdi[text()=\"OK\"]"}
COMMAND: POST /session/a9b4e6b29d0180ba254fca33fbca36af/elements - {"using":"xpath","value":"//bdi[text()=\"OK\"]"}
RESULT: {"using":"xpath","value":"//bdi[text()=\"OK\"]"}
COMMAND: POST /session/a9b4e6b29d0180ba254fca33fbca36af/elements - {"using":"xpath","value":"//bdi[text()=\"OK\"]"}
RESULT: {"using":"xpath","value":"//bdi[text()=\"OK\"]"}
COMMAND: POST /session/a9b4e6b29d0180ba254fca33fbca36af/elements - {"using":"xpath","value":"//bdi[text()=\"OK\"]"}
RESULT: {"using":"xpath","value":"//bdi[text()=\"OK\"]"}
COMMAND: POST /session/a9b4e6b29d0180ba254fca33fbca36af/elements - {"using":"xpath","value":"//bdi[text()=\"OK\"]"}
RESULT: {"using":"xpath","value":"//bdi[text()=\"OK\"]"}
COMMAND: POST /session/a9b4e6b29d0180ba254fca33fbca36af/elements - {"using":"xpath","value":"//bdi[text()=\"OK\"]"}
RESULT: {"using":"xpath","value":"//bdi[text()=\"OK\"]"}
COMMAND: POST /session/a9b4e6b29d0180ba254fca33fbca36af/elements - {"using":"xpath","value":"//bdi[text()=\"OK\"]"}
RESULT: {"using":"xpath","value":"//bdi[text()=\"OK\"]"}
COMMAND: POST /session/a9b4e6b29d0180ba254fca33fbca36af/elements - {"using":"xpath","value":"//bdi[text()=\"OK\"]"}
RESULT: {"using":"xpath","value":"//bdi[text()=\"OK\"]"}
COMMAND: POST /session/a9b4e6b29d0180ba254fca33fbca36af/elements - {"using":"xpath","value":"//bdi[text()=\"OK\"]"}
RESULT: {"using":"xpath","value":"//bdi[text()=\"OK\"]"}
COMMAND: POST /session/a9b4e6b29d0180ba254fca33fbca36af/elements - {"using":"xpath","value":"//bdi[text()=\"OK\"]"}
RESULT: {"using":"xpath","value":"//bdi[text()=\"OK\"]"}
COMMAND: POST /session/a9b4e6b29d0180ba254fca33fbca36af/elements - {"using":"xpath","value":"//bdi[text()=\"OK\"]"}
RESULT: {"using":"xpath","value":"//bdi[text()=\"OK\"]"}
COMMAND: POST /session/a9b4e6b29d0180ba254fca33fbca36af/elements - {"using":"xpath","value":"//bdi[text()=\"OK\"]"}
RESULT: {"using":"xpath","value":"//bdi[text()=\"OK\"]"}
COMMAND: POST /session/a9b4e6b29d0180ba254fca33fbca36af/elements - {"using":"xpath","value":"//bdi[text()=\"OK\"]"}
RESULT: {"using":"xpath","value":"//bdi[text()=\"OK\"]"}
COMMAND: POST /session/a9b4e6b29d0180ba254fca33fbca36af/elements - {"using":"xpath","value":"//bdi[text()=\"OK\"]"}
RESULT: {"using":"xpath","value":"//bdi[text()=\"OK\"]"}
COMMAND: POST /session/a9b4e6b29d0180ba254fca33fbca36af/elements - {"using":"xpath","value":"//bdi[text()=\"OK\"]"}
RESULT: {"using":"xpath","value":"//bdi[text()=\"OK\"]"}
COMMAND: POST /session/a9b4e6b29d0180ba254fca33fbca36af/elements - {"using":"xpath","value":"//bdi[text()=\"OK\"]"}
RESULT: {"using":"xpath","value":"//bdi[text()=\"OK\"]"}
COMMAND: POST /session/a9b4e6b29d0180ba254fca33fbca36af/elements - {"using":"xpath","value":"//bdi[text()=\"OK\"]"}
RESULT: {"using":"xpath","value":"//bdi[text()=\"OK\"]"}
COMMAND: POST /session/a9b4e6b29d0180ba254fca33fbca36af/elements - {"using":"xpath","value":"//bdi[text()=\"OK\"]"}
RESULT: {"using":"xpath","value":"//bdi[text()=\"OK\"]"}
COMMAND: POST /session/a9b4e6b29d0180ba254fca33fbca36af/elements - {"using":"xpath","value":"//bdi[text()=\"OK\"]"}
RESULT: {"using":"xpath","value":"//bdi[text()=\"OK\"]"}
COMMAND: POST /session/a9b4e6b29d0180ba254fca33fbca36af/elements - {"using":"xpath","value":"//bdi[text()=\"OK\"]"}
RESULT: {"using":"xpath","value":"//bdi[text()=\"OK\"]"}
COMMAND: POST /session/a9b4e6b29d0180ba254fca33fbca36af/elements - {"using":"xpath","value":"//bdi[text()=\"OK\"]"}
RESULT: {"using":"xpath","value":"//bdi[text()=\"OK\"]"}
COMMAND: POST /session/a9b4e6b29d0180ba254fca33fbca36af/elements - {"using":"xpath","value":"//bdi[text()=\"OK\"]"}
RESULT: {"using":"xpath","value":"//bdi[text()=\"OK\"]"}
COMMAND: POST /session/a9b4e6b29d0180ba254fca33fbca36af/element - {"using":"xpath","value":"//bdi[text()=\"OK\"]"}
RESULT: {"using":"xpath","value":"//bdi[text()=\"OK\"]"}
COMMAND: POST /session/a9b4e6b29d0180ba254fca33fbca36af/elements - {"using":"xpath","value":"//bdi[text()=\"OK\"]"}
RESULT: {"using":"xpath","value":"//bdi[text()=\"OK\"]"}
COMMAND: POST /session/a9b4e6b29d0180ba254fca33fbca36af/elements - {"using":"xpath","value":"//bdi[text()=\"OK\"]"}
RESULT: {"using":"xpath","value":"//bdi[text()=\"OK\"]"}
COMMAND: POST /session/a9b4e6b29d0180ba254fca33fbca36af/elements - {"using":"xpath","value":"//bdi[text()=\"OK\"]"}
RESULT: {"using":"xpath","value":"//bdi[text()=\"OK\"]"}
COMMAND: POST /session/a9b4e6b29d0180ba254fca33fbca36af/elements - {"using":"xpath","value":"//bdi[text()=\"OK\"]"}
RESULT: {"using":"xpath","value":"//bdi[text()=\"OK\"]"}
COMMAND: POST /session/a9b4e6b29d0180ba254fca33fbca36af/elements - {"using":"xpath","value":"//bdi[text()=\"OK\"]"}
RESULT: {"using":"xpath","value":"//bdi[text()=\"OK\"]"}
COMMAND: POST /session/a9b4e6b29d0180ba254fca33fbca36af/elements - {"using":"xpath","value":"//bdi[text()=\"OK\"]"}
RESULT: {"using":"xpath","value":"//bdi[text()=\"OK\"]"}
COMMAND: POST /session/a9b4e6b29d0180ba254fca33fbca36af/elements - {"using":"xpath","value":"//bdi[text()=\"OK\"]"}
RESULT: {"using":"xpath","value":"//bdi[text()=\"OK\"]"}
COMMAND: POST /session/a9b4e6b29d0180ba254fca33fbca36af/elements - {"using":"xpath","value":"//bdi[text()=\"OK\"]"}
RESULT: {"using":"xpath","value":"//bdi[text()=\"OK\"]"}
COMMAND: POST /session/a9b4e6b29d0180ba254fca33fbca36af/elements - {"using":"xpath","value":"//bdi[text()=\"OK\"]"}
RESULT: {"using":"xpath","value":"//bdi[text()=\"OK\"]"}
COMMAND: POST /session/a9b4e6b29d0180ba254fca33fbca36af/elements - {"using":"xpath","value":"//bdi[text()=\"OK\"]"}
RESULT: {"using":"xpath","value":"//bdi[text()=\"OK\"]"}
COMMAND: POST /session/a9b4e6b29d0180ba254fca33fbca36af/elements - {"using":"xpath","value":"//bdi[text()=\"OK\"]"}
RESULT: {"using":"xpath","value":"//bdi[text()=\"OK\"]"}
COMMAND: POST /session/a9b4e6b29d0180ba254fca33fbca36af/elements - {"using":"xpath","value":"//bdi[text()=\"OK\"]"}
RESULT: {"using":"xpath","value":"//bdi[text()=\"OK\"]"}
COMMAND: POST /session/a9b4e6b29d0180ba254fca33fbca36af/elements - {"using":"xpath","value":"//bdi[text()=\"OK\"]"}
RESULT: {"using":"xpath","value":"//bdi[text()=\"OK\"]"}
COMMAND: POST /session/a9b4e6b29d0180ba254fca33fbca36af/elements - {"using":"xpath","value":"//bdi[text()=\"OK\"]"}
RESULT: {"using":"xpath","value":"//bdi[text()=\"OK\"]"}
COMMAND: POST /session/a9b4e6b29d0180ba254fca33fbca36af/elements - {"using":"xpath","value":"//bdi[text()=\"OK\"]"}
RESULT: {"using":"xpath","value":"//bdi[text()=\"OK\"]"}
COMMAND: POST /session/a9b4e6b29d0180ba254fca33fbca36af/elements - {"using":"xpath","value":"//bdi[text()=\"OK\"]"}
RESULT: {"using":"xpath","value":"//bdi[text()=\"OK\"]"}
COMMAND: POST /session/a9b4e6b29d0180ba254fca33fbca36af/elements - {"using":"xpath","value":"//bdi[text()=\"OK\"]"}
RESULT: {"using":"xpath","value":"//bdi[text()=\"OK\"]"}
COMMAND: POST /session/a9b4e6b29d0180ba254fca33fbca36af/elements - {"using":"xpath","value":"//bdi[text()=\"OK\"]"}
RESULT: {"using":"xpath","value":"//bdi[text()=\"OK\"]"}
COMMAND: POST /session/a9b4e6b29d0180ba254fca33fbca36af/elements - {"using":"xpath","value":"//bdi[text()=\"OK\"]"}
RESULT: {"using":"xpath","value":"//bdi[text()=\"OK\"]"}
COMMAND: POST /session/a9b4e6b29d0180ba254fca33fbca36af/elements - {"using":"xpath","value":"//bdi[text()=\"OK\"]"}
RESULT: {"using":"xpath","value":"//bdi[text()=\"OK\"]"}
COMMAND: POST /session/a9b4e6b29d0180ba254fca33fbca36af/elements - {"using":"xpath","value":"//bdi[text()=\"OK\"]"}
RESULT: {"using":"xpath","value":"//bdi[text()=\"OK\"]"}
COMMAND: POST /session/a9b4e6b29d0180ba254fca33fbca36af/elements - {"using":"xpath","value":"//bdi[text()=\"OK\"]"}
RESULT: {"using":"xpath","value":"//bdi[text()=\"OK\"]"}
COMMAND: POST /session/a9b4e6b29d0180ba254fca33fbca36af/elements - {"using":"xpath","value":"//bdi[text()=\"OK\"]"}
RESULT: {"using":"xpath","value":"//bdi[text()=\"OK\"]"}
COMMAND: POST /session/a9b4e6b29d0180ba254fca33fbca36af/elements - {"using":"xpath","value":"//bdi[text()=\"OK\"]"}
RESULT: {"using":"xpath","value":"//bdi[text()=\"OK\"]"}
COMMAND: POST /session/a9b4e6b29d0180ba254fca33fbca36af/elements - {"using":"xpath","value":"//bdi[text()=\"OK\"]"}
RESULT: {"using":"xpath","value":"//bdi[text()=\"OK\"]"}
COMMAND: POST /session/a9b4e6b29d0180ba254fca33fbca36af/elements - {"using":"xpath","value":"//bdi[text()=\"OK\"]"}
RESULT: {"using":"xpath","value":"//bdi[text()=\"OK\"]"}
COMMAND: POST /session/a9b4e6b29d0180ba254fca33fbca36af/elements - {"using":"xpath","value":"//bdi[text()=\"OK\"]"}
RESULT: {"using":"xpath","value":"//bdi[text()=\"OK\"]"}
COMMAND: POST /session/a9b4e6b29d0180ba254fca33fbca36af/elements - {"using":"xpath","value":"//bdi[text()=\"OK\"]"}
RESULT: {"using":"xpath","value":"//bdi[text()=\"OK\"]"}
COMMAND: POST /session/a9b4e6b29d0180ba254fca33fbca36af/elements - {"using":"xpath","value":"//bdi[text()=\"OK\"]"}
RESULT: {"using":"xpath","value":"//bdi[text()=\"OK\"]"}
COMMAND: POST /session/a9b4e6b29d0180ba254fca33fbca36af/elements - {"using":"xpath","value":"//bdi[text()=\"OK\"]"}
RESULT: {"using":"xpath","value":"//bdi[text()=\"OK\"]"}
COMMAND: POST /session/a9b4e6b29d0180ba254fca33fbca36af/elements - {"using":"xpath","value":"//bdi[text()=\"OK\"]"}
RESULT: {"using":"xpath","value":"//bdi[text()=\"OK\"]"}
COMMAND: POST /session/a9b4e6b29d0180ba254fca33fbca36af/elements - {"using":"xpath","value":"//bdi[text()=\"OK\"]"}
RESULT: {"using":"xpath","value":"//bdi[text()=\"OK\"]"}
COMMAND: POST /session/a9b4e6b29d0180ba254fca33fbca36af/elements - {"using":"xpath","value":"//bdi[text()=\"OK\"]"}
RESULT: {"using":"xpath","value":"//bdi[text()=\"OK\"]"}
COMMAND: POST /session/a9b4e6b29d0180ba254fca33fbca36af/elements - {"using":"xpath","value":"//bdi[text()=\"OK\"]"}
RESULT: {"using":"xpath","value":"//bdi[text()=\"OK\"]"}
COMMAND: POST /session/a9b4e6b29d0180ba254fca33fbca36af/elements - {"using":"xpath","value":"//bdi[text()=\"OK\"]"}
RESULT: {"using":"xpath","value":"//bdi[text()=\"OK\"]"}
COMMAND: POST /session/a9b4e6b29d0180ba254fca33fbca36af/elements - {"using":"xpath","value":"//bdi[text()=\"OK\"]"}
RESULT: {"using":"xpath","value":"//bdi[text()=\"OK\"]"}
COMMAND: POST /session/a9b4e6b29d0180ba254fca33fbca36af/elements - {"using":"xpath","value":"//bdi[text()=\"OK\"]"}
RESULT: {"using":"xpath","value":"//bdi[text()=\"OK\"]"}
COMMAND: POST /session/a9b4e6b29d0180ba254fca33fbca36af/elements - {"using":"xpath","value":"//bdi[text()=\"OK\"]"}
RESULT: {"using":"xpath","value":"//bdi[text()=\"OK\"]"}
COMMAND: POST /session/a9b4e6b29d0180ba254fca33fbca36af/elements - {"using":"xpath","value":"//bdi[text()=\"OK\"]"}
RESULT: {"using":"xpath","value":"//bdi[text()=\"OK\"]"}
COMMAND: POST /session/a9b4e6b29d0180ba254fca33fbca36af/elements - {"using":"xpath","value":"//bdi[text()=\"OK\"]"}
RESULT: {"using":"xpath","value":"//bdi[text()=\"OK\"]"}
COMMAND: POST /session/a9b4e6b29d0180ba254fca33fbca36af/elements - {"using":"xpath","value":"//bdi[text()=\"OK\"]"}
RESULT: {"using":"xpath","value":"//bdi[text()=\"OK\"]"}
COMMAND: POST /session/a9b4e6b29d0180ba254fca33fbca36af/elements - {"using":"xpath","value":"//bdi[text()=\"OK\"]"}
RESULT: {"using":"xpath","value":"//bdi[text()=\"OK\"]"}
COMMAND: POST /session/a9b4e6b29d0180ba254fca33fbca36af/elements - {"using":"xpath","value":"//bdi[text()=\"OK\"]"}
RESULT: {"using":"xpath","value":"//bdi[text()=\"OK\"]"}
COMMAND: POST /session/a9b4e6b29d0180ba254fca33fbca36af/elements - {"using":"xpath","value":"//bdi[text()=\"OK\"]"}
RESULT: {"using":"xpath","value":"//bdi[text()=\"OK\"]"}
COMMAND: POST /session/a9b4e6b29d0180ba254fca33fbca36af/elements - {"using":"xpath","value":"//bdi[text()=\"OK\"]"}
RESULT: {"using":"xpath","value":"//bdi[text()=\"OK\"]"}
COMMAND: POST /session/a9b4e6b29d0180ba254fca33fbca36af/elements - {"using":"xpath","value":"//bdi[text()=\"OK\"]"}
RESULT: {"using":"xpath","value":"//bdi[text()=\"OK\"]"}
COMMAND: POST /session/a9b4e6b29d0180ba254fca33fbca36af/elements - {"using":"xpath","value":"//bdi[text()=\"OK\"]"}
RESULT: {"using":"xpath","value":"//bdi[text()=\"OK\"]"}
COMMAND: POST /session/a9b4e6b29d0180ba254fca33fbca36af/elements - {"using":"xpath","value":"//bdi[text()=\"OK\"]"}
RESULT: {"using":"xpath","value":"//bdi[text()=\"OK\"]"}
COMMAND: POST /session/a9b4e6b29d0180ba254fca33fbca36af/elements - {"using":"xpath","value":"//bdi[text()=\"OK\"]"}
RESULT: {"using":"xpath","value":"//bdi[text()=\"OK\"]"}
COMMAND: POST /session/a9b4e6b29d0180ba254fca33fbca36af/elements - {"using":"xpath","value":"//bdi[text()=\"OK\"]"}
RESULT: {"using":"xpath","value":"//bdi[text()=\"OK\"]"}
COMMAND: POST /session/a9b4e6b29d0180ba254fca33fbca36af/elements - {"using":"xpath","value":"//bdi[text()=\"OK\"]"}
RESULT: {"using":"xpath","value":"//bdi[text()=\"OK\"]"}
COMMAND: POST /session/a9b4e6b29d0180ba254fca33fbca36af/elements - {"using":"xpath","value":"//bdi[text()=\"OK\"]"}
RESULT: {"using":"xpath","value":"//bdi[text()=\"OK\"]"}
COMMAND: POST /session/a9b4e6b29d0180ba254fca33fbca36af/elements - {"using":"xpath","value":"//bdi[text()=\"OK\"]"}
RESULT: {"using":"xpath","value":"//bdi[text()=\"OK\"]"}
COMMAND: POST /session/a9b4e6b29d0180ba254fca33fbca36af/elements - {"using":"xpath","value":"//bdi[text()=\"OK\"]"}
RESULT: {"using":"xpath","value":"//bdi[text()=\"OK\"]"}
COMMAND: POST /session/a9b4e6b29d0180ba254fca33fbca36af/elements - {"using":"xpath","value":"//bdi[text()=\"OK\"]"}
RESULT: {"using":"xpath","value":"//bdi[text()=\"OK\"]"}
COMMAND: POST /session/a9b4e6b29d0180ba254fca33fbca36af/elements - {"using":"xpath","value":"//bdi[text()=\"OK\"]"}
RESULT: {"using":"xpath","value":"//bdi[text()=\"OK\"]"}
COMMAND: POST /session/a9b4e6b29d0180ba254fca33fbca36af/elements - {"using":"xpath","value":"//bdi[text()=\"OK\"]"}
RESULT: {"using":"xpath","value":"//bdi[text()=\"OK\"]"}
COMMAND: POST /session/a9b4e6b29d0180ba254fca33fbca36af/elements - {"using":"xpath","value":"//bdi[text()=\"OK\"]"}
RESULT: {"using":"xpath","value":"//bdi[text()=\"OK\"]"}
COMMAND: POST /session/a9b4e6b29d0180ba254fca33fbca36af/elements - {"using":"xpath","value":"//bdi[text()=\"OK\"]"}
RESULT: {"using":"xpath","value":"//bdi[text()=\"OK\"]"}
COMMAND: POST /session/a9b4e6b29d0180ba254fca33fbca36af/elements - {"using":"xpath","value":"//bdi[text()=\"OK\"]"}
RESULT: {"using":"xpath","value":"//bdi[text()=\"OK\"]"}
COMMAND: POST /session/a9b4e6b29d0180ba254fca33fbca36af/elements - {"using":"xpath","value":"//bdi[text()=\"OK\"]"}
RESULT: {"using":"xpath","value":"//bdi[text()=\"OK\"]"}
COMMAND: POST /session/a9b4e6b29d0180ba254fca33fbca36af/elements - {"using":"xpath","value":"//bdi[text()=\"OK\"]"}
RESULT: {"using":"xpath","value":"//bdi[text()=\"OK\"]"}
COMMAND: POST /session/a9b4e6b29d0180ba254fca33fbca36af/elements - {"using":"xpath","value":"//bdi[text()=\"OK\"]"}
RESULT: {"using":"xpath","value":"//bdi[text()=\"OK\"]"}
COMMAND: POST /session/a9b4e6b29d0180ba254fca33fbca36af/elements - {"using":"xpath","value":"//bdi[text()=\"OK\"]"}
RESULT: {"using":"xpath","value":"//bdi[text()=\"OK\"]"}
COMMAND: POST /session/a9b4e6b29d0180ba254fca33fbca36af/elements - {"using":"xpath","value":"//bdi[text()=\"OK\"]"}
RESULT: {"using":"xpath","value":"//bdi[text()=\"OK\"]"}
COMMAND: POST /session/a9b4e6b29d0180ba254fca33fbca36af/elements - {"using":"xpath","value":"//bdi[text()=\"OK\"]"}
RESULT: {"using":"xpath","value":"//bdi[text()=\"OK\"]"}
COMMAND: POST /session/a9b4e6b29d0180ba254fca33fbca36af/elements - {"using":"xpath","value":"//bdi[text()=\"OK\"]"}
RESULT: {"using":"xpath","value":"//bdi[text()=\"OK\"]"}
COMMAND: POST /session/a9b4e6b29d0180ba254fca33fbca36af/elements - {"using":"xpath","value":"//bdi[text()=\"OK\"]"}
RESULT: {"using":"xpath","value":"//bdi[text()=\"OK\"]"}
COMMAND: POST /session/a9b4e6b29d0180ba254fca33fbca36af/elements - {"using":"xpath","value":"//bdi[text()=\"OK\"]"}
RESULT: {"using":"xpath","value":"//bdi[text()=\"OK\"]"}
COMMAND: POST /session/a9b4e6b29d0180ba254fca33fbca36af/elements - {"using":"xpath","value":"//bdi[text()=\"OK\"]"}
RESULT: {"using":"xpath","value":"//bdi[text()=\"OK\"]"}
COMMAND: POST /session/a9b4e6b29d0180ba254fca33fbca36af/elements - {"using":"xpath","value":"//bdi[text()=\"OK\"]"}
RESULT: {"using":"xpath","value":"//bdi[text()=\"OK\"]"}
COMMAND: POST /session/a9b4e6b29d0180ba254fca33fbca36af/elements - {"using":"xpath","value":"//bdi[text()=\"OK\"]"}
RESULT: {"using":"xpath","value":"//bdi[text()=\"OK\"]"}
COMMAND: POST /session/a9b4e6b29d0180ba254fca33fbca36af/elements - {"using":"xpath","value":"//bdi[text()=\"OK\"]"}
RESULT: {"using":"xpath","value":"//bdi[text()=\"OK\"]"}
COMMAND: POST /session/a9b4e6b29d0180ba254fca33fbca36af/elements - {"using":"xpath","value":"//bdi[text()=\"OK\"]"}
RESULT: {"using":"xpath","value":"//bdi[text()=\"OK\"]"}
COMMAND: POST /session/a9b4e6b29d0180ba254fca33fbca36af/elements - {"using":"xpath","value":"//bdi[text()=\"OK\"]"}
RESULT: {"using":"xpath","value":"//bdi[text()=\"OK\"]"}
COMMAND: POST /session/a9b4e6b29d0180ba254fca33fbca36af/elements - {"using":"xpath","value":"//bdi[text()=\"OK\"]"}
RESULT: {"using":"xpath","value":"//bdi[text()=\"OK\"]"}
COMMAND: POST /session/a9b4e6b29d0180ba254fca33fbca36af/elements - {"using":"xpath","value":"//bdi[text()=\"OK\"]"}
RESULT: {"using":"xpath","value":"//bdi[text()=\"OK\"]"}
COMMAND: POST /session/a9b4e6b29d0180ba254fca33fbca36af/elements - {"using":"xpath","value":"//bdi[text()=\"OK\"]"}
RESULT: {"using":"xpath","value":"//bdi[text()=\"OK\"]"}
COMMAND: POST /session/a9b4e6b29d0180ba254fca33fbca36af/elements - {"using":"xpath","value":"//bdi[text()=\"OK\"]"}
RESULT: {"using":"xpath","value":"//bdi[text()=\"OK\"]"}
COMMAND: POST /session/a9b4e6b29d0180ba254fca33fbca36af/elements - {"using":"xpath","value":"//bdi[text()=\"OK\"]"}
RESULT: {"using":"xpath","value":"//bdi[text()=\"OK\"]"}
COMMAND: POST /session/a9b4e6b29d0180ba254fca33fbca36af/elements - {"using":"xpath","value":"//bdi[text()=\"OK\"]"}
RESULT: {"using":"xpath","value":"//bdi[text()=\"OK\"]"}
COMMAND: POST /session/a9b4e6b29d0180ba254fca33fbca36af/elements - {"using":"xpath","value":"//bdi[text()=\"OK\"]"}
RESULT: {"using":"xpath","value":"//bdi[text()=\"OK\"]"}
COMMAND: POST /session/a9b4e6b29d0180ba254fca33fbca36af/elements - {"using":"xpath","value":"//bdi[text()=\"OK\"]"}
RESULT: {"using":"xpath","value":"//bdi[text()=\"OK\"]"}
COMMAND: POST /session/a9b4e6b29d0180ba254fca33fbca36af/elements - {"using":"xpath","value":"//bdi[text()=\"OK\"]"}
RESULT: {"using":"xpath","value":"//bdi[text()=\"OK\"]"}
COMMAND: POST /session/a9b4e6b29d0180ba254fca33fbca36af/elements - {"using":"xpath","value":"//bdi[text()=\"OK\"]"}
RESULT: {"using":"xpath","value":"//bdi[text()=\"OK\"]"}
COMMAND: POST /session/a9b4e6b29d0180ba254fca33fbca36af/elements - {"using":"xpath","value":"//bdi[text()=\"OK\"]"}
RESULT: {"using":"xpath","value":"//bdi[text()=\"OK\"]"}
COMMAND: POST /session/a9b4e6b29d0180ba254fca33fbca36af/elements - {"using":"xpath","value":"//bdi[text()=\"OK\"]"}
RESULT: {"using":"xpath","value":"//bdi[text()=\"OK\"]"}
COMMAND: POST /session/a9b4e6b29d0180ba254fca33fbca36af/elements - {"using":"xpath","value":"//bdi[text()=\"OK\"]"}
RESULT: {"using":"xpath","value":"//bdi[text()=\"OK\"]"}
COMMAND: POST /session/a9b4e6b29d0180ba254fca33fbca36af/elements - {"using":"xpath","value":"//bdi[text()=\"OK\"]"}
RESULT: {"using":"xpath","value":"//bdi[text()=\"OK\"]"}
COMMAND: POST /session/a9b4e6b29d0180ba254fca33fbca36af/elements - {"using":"xpath","value":"//bdi[text()=\"OK\"]"}
RESULT: {"using":"xpath","value":"//bdi[text()=\"OK\"]"}
COMMAND: POST /session/a9b4e6b29d0180ba254fca33fbca36af/elements - {"using":"xpath","value":"//bdi[text()=\"OK\"]"}
RESULT: {"using":"xpath","value":"//bdi[text()=\"OK\"]"}
COMMAND: POST /session/a9b4e6b29d0180ba254fca33fbca36af/elements - {"using":"xpath","value":"//bdi[text()=\"OK\"]"}
RESULT: {"using":"xpath","value":"//bdi[text()=\"OK\"]"}
COMMAND: POST /session/a9b4e6b29d0180ba254fca33fbca36af/elements - {"using":"xpath","value":"//bdi[text()=\"OK\"]"}
RESULT: {"using":"xpath","value":"//bdi[text()=\"OK\"]"}
COMMAND: POST /session/a9b4e6b29d0180ba254fca33fbca36af/elements - {"using":"xpath","value":"//bdi[text()=\"OK\"]"}
RESULT: {"using":"xpath","value":"//bdi[text()=\"OK\"]"}
COMMAND: POST /session/a9b4e6b29d0180ba254fca33fbca36af/elements - {"using":"xpath","value":"//bdi[text()=\"OK\"]"}
RESULT: {"using":"xpath","value":"//bdi[text()=\"OK\"]"}
COMMAND: POST /session/a9b4e6b29d0180ba254fca33fbca36af/elements - {"using":"xpath","value":"//bdi[text()=\"OK\"]"}
RESULT: {"using":"xpath","value":"//bdi[text()=\"OK\"]"}
COMMAND: POST /session/a9b4e6b29d0180ba254fca33fbca36af/elements - {"using":"xpath","value":"//bdi[text()=\"OK\"]"}
RESULT: {"using":"xpath","value":"//bdi[text()=\"OK\"]"}
COMMAND: POST /session/a9b4e6b29d0180ba254fca33fbca36af/elements - {"using":"xpath","value":"//bdi[text()=\"OK\"]"}
RESULT: {"using":"xpath","value":"//bdi[text()=\"OK\"]"}
COMMAND: POST /session/a9b4e6b29d0180ba254fca33fbca36af/elements - {"using":"xpath","value":"//bdi[text()=\"OK\"]"}
RESULT: {"using":"xpath","value":"//bdi[text()=\"OK\"]"}
COMMAND: POST /session/a9b4e6b29d0180ba254fca33fbca36af/elements - {"using":"xpath","value":"//bdi[text()=\"OK\"]"}
RESULT: {"using":"xpath","value":"//bdi[text()=\"OK\"]"}
COMMAND: POST /session/a9b4e6b29d0180ba254fca33fbca36af/elements - {"using":"xpath","value":"//bdi[text()=\"OK\"]"}
RESULT: {"using":"xpath","value":"//bdi[text()=\"OK\"]"}
COMMAND: POST /session/a9b4e6b29d0180ba254fca33fbca36af/elements - {"using":"xpath","value":"//bdi[text()=\"OK\"]"}
RESULT: {"using":"xpath","value":"//bdi[text()=\"OK\"]"}
COMMAND: POST /session/a9b4e6b29d0180ba254fca33fbca36af/elements - {"using":"xpath","value":"//bdi[text()=\"OK\"]"}
RESULT: {"using":"xpath","value":"//bdi[text()=\"OK\"]"}
COMMAND: POST /session/a9b4e6b29d0180ba254fca33fbca36af/elements - {"using":"xpath","value":"//bdi[text()=\"OK\"]"}
RESULT: {"using":"xpath","value":"//bdi[text()=\"OK\"]"}
COMMAND: POST /session/a9b4e6b29d0180ba254fca33fbca36af/elements - {"using":"xpath","value":"//bdi[text()=\"OK\"]"}
RESULT: {"using":"xpath","value":"//bdi[text()=\"OK\"]"}
COMMAND: POST /session/a9b4e6b29d0180ba254fca33fbca36af/elements - {"using":"xpath","value":"//bdi[text()=\"OK\"]"}
RESULT: {"using":"xpath","value":"//bdi[text()=\"OK\"]"}
COMMAND: POST /session/a9b4e6b29d0180ba254fca33fbca36af/elements - {"using":"xpath","value":"//bdi[text()=\"OK\"]"}
RESULT: {"using":"xpath","value":"//bdi[text()=\"OK\"]"}
COMMAND: POST /session/a9b4e6b29d0180ba254fca33fbca36af/elements - {"using":"xpath","value":"//bdi[text()=\"OK\"]"}
RESULT: {"using":"xpath","value":"//bdi[text()=\"OK\"]"}
COMMAND: POST /session/a9b4e6b29d0180ba254fca33fbca36af/elements - {"using":"xpath","value":"//bdi[text()=\"OK\"]"}
RESULT: {"using":"xpath","value":"//bdi[text()=\"OK\"]"}
COMMAND: POST /session/a9b4e6b29d0180ba254fca33fbca36af/elements - {"using":"xpath","value":"//bdi[text()=\"OK\"]"}
RESULT: {"using":"xpath","value":"//bdi[text()=\"OK\"]"}
COMMAND: POST /session/a9b4e6b29d0180ba254fca33fbca36af/elements - {"using":"xpath","value":"//bdi[text()=\"OK\"]"}
RESULT: {"using":"xpath","value":"//bdi[text()=\"OK\"]"}
COMMAND: POST /session/a9b4e6b29d0180ba254fca33fbca36af/elements - {"using":"xpath","value":"//bdi[text()=\"OK\"]"}
RESULT: {"using":"xpath","value":"//bdi[text()=\"OK\"]"}
COMMAND: POST /session/a9b4e6b29d0180ba254fca33fbca36af/elements - {"using":"xpath","value":"//bdi[text()=\"OK\"]"}
RESULT: {"using":"xpath","value":"//bdi[text()=\"OK\"]"}
COMMAND: POST /session/a9b4e6b29d0180ba254fca33fbca36af/elements - {"using":"xpath","value":"//bdi[text()=\"OK\"]"}
RESULT: {"using":"xpath","value":"//bdi[text()=\"OK\"]"}
COMMAND: POST /session/a9b4e6b29d0180ba254fca33fbca36af/elements - {"using":"xpath","value":"//bdi[text()=\"OK\"]"}
RESULT: {"using":"xpath","value":"//bdi[text()=\"OK\"]"}
COMMAND: POST /session/a9b4e6b29d0180ba254fca33fbca36af/elements - {"using":"xpath","value":"//bdi[text()=\"OK\"]"}
RESULT: {"using":"xpath","value":"//bdi[text()=\"OK\"]"}
COMMAND: POST /session/a9b4e6b29d0180ba254fca33fbca36af/elements - {"using":"xpath","value":"//bdi[text()=\"OK\"]"}
RESULT: {"using":"xpath","value":"//bdi[text()=\"OK\"]"}
COMMAND: POST /session/a9b4e6b29d0180ba254fca33fbca36af/elements - {"using":"xpath","value":"//bdi[text()=\"OK\"]"}
RESULT: {"using":"xpath","value":"//bdi[text()=\"OK\"]"}
COMMAND: POST /session/a9b4e6b29d0180ba254fca33fbca36af/elements - {"using":"xpath","value":"//bdi[text()=\"OK\"]"}
RESULT: {"using":"xpath","value":"//bdi[text()=\"OK\"]"}
COMMAND: POST /session/a9b4e6b29d0180ba254fca33fbca36af/elements - {"using":"xpath","value":"//bdi[text()=\"OK\"]"}
RESULT: {"using":"xpath","value":"//bdi[text()=\"OK\"]"}
COMMAND: POST /session/a9b4e6b29d0180ba254fca33fbca36af/execute/async - {"script":"<script> [1562 bytes]","args":[{"selector":{"id":"application-manageresources-display-component---newResourceUnit--TYPE-arrow"},"wdio_ui5_key":"applicationmanageresources-display-component---newResourceUnit--TYPE-arrow"}]}
RESULT: {"script":"<script> [1562 bytes]","args":[{"selector":{"id":"application-manageresources-display-component---newResourceUnit--TYPE-arrow"},"wdio_ui5_key":"applicationmanageresources-display-component---newResourceUnit--TYPE-arrow"}]}
RESULT: undefined
COMMAND: POST /session/a9b4e6b29d0180ba254fca33fbca36af/element - {"using":"xpath","value":"//*[@id=\"application-manageresources-display-component---newResourceUnit--TYPE-arrow\"]"}
RESULT: {"using":"xpath","value":"//*[@id=\"application-manageresources-display-component---newResourceUnit--TYPE-arrow\"]"}
COMMAND: POST /session/a9b4e6b29d0180ba254fca33fbca36af/element/f.7C9A75291D3E7FF457A20D966EE470C5.d.59C75314D7B3B6A51CA1951CB7031E2E.e.6587/click - {}
RESULT: {}
COMMAND: POST /session/a9b4e6b29d0180ba254fca33fbca36af/execute/async - {"script":"<script> [1562 bytes]","args":[{"selector":{"controlType":"sap.m.StandardListItem","viewName":"reusables.view.manageresources.NewResourceUnit","viewId":"application-manageresources-display-component---newResourceUnit","properties":{"title":"Material"},"searchOpenDialogs":true,"interaction":{"idSuffix":"titleText"}},"wdio_ui5_key":"reusablesview.manageresources.NewResourceUnitsap.m.StandardListItem{\"title\":\"Material\"}"}]}
COMMAND: GET /session/a9b4e6b29d0180ba254fca33fbca36af/screenshot - {}
RESULT: {"script":"<script> [1562 bytes]","args":[{"selector":{"controlType":"sap.m.StandardListItem","viewName":"reusables.view.manageresources.NewResourceUnit","viewId":"application-manageresources-display-component---newResourceUnit","properties":{"title":"Material"},"searchOpenDialogs":true,"interaction":{"idSuffix":"titleText"}},"wdio_ui5_key":"reusablesview.manageresources.NewResourceUnitsap.m.StandardListItem{\"title\":\"Material\"}"}]}
RESULT: undefined
COMMAND: POST /session/a9b4e6b29d0180ba254fca33fbca36af/element - {"using":"xpath","value":"//*[@id=\"__item143\"]"}
RESULT: {}
RESULT: {"using":"xpath","value":"//*[@id=\"__item143\"]"}
COMMAND: POST /session/a9b4e6b29d0180ba254fca33fbca36af/element/f.7C9A75291D3E7FF457A20D966EE470C5.d.59C75314D7B3B6A51CA1951CB7031E2E.e.6590/click - {}
RESULT: {}
COMMAND: POST /session/a9b4e6b29d0180ba254fca33fbca36af/execute/async - {"script":"<script> [1562 bytes]","args":[{"selector":{"id":"application-manageresources-display-component---newResourceUnit--SHORT_TEXT","interaction":{"idSuffix":"inner"}},"wdio_ui5_key":"applicationmanageresources-display-component---newResourceUnit--SHORT_TEXT"}]}
COMMAND: GET /session/a9b4e6b29d0180ba254fca33fbca36af/screenshot - {}
RESULT: {"script":"<script> [1562 bytes]","args":[{"selector":{"id":"application-manageresources-display-component---newResourceUnit--SHORT_TEXT","interaction":{"idSuffix":"inner"}},"wdio_ui5_key":"applicationmanageresources-display-component---newResourceUnit--SHORT_TEXT"}]}
RESULT: undefined
COMMAND: POST /session/a9b4e6b29d0180ba254fca33fbca36af/execute/async - {"script":"<script> [776 bytes]","args":[{"enterText":"WebdriverWHM_RU R2C559cz","selector":{"id":"application-manageresources-display-component---newResourceUnit--SHORT_TEXT","interaction":{"idSuffix":"inner"}},"clearTextFirst":true,"interactionType":"ENTER_TEXT"}]}
RESULT: {}
RESULT: {"script":"<script> [776 bytes]","args":[{"enterText":"WebdriverWHM_RU R2C559cz","selector":{"id":"application-manageresources-display-component---newResourceUnit--SHORT_TEXT","interaction":{"idSuffix":"inner"}},"clearTextFirst":true,"interactionType":"ENTER_TEXT"}]}
COMMAND: POST /session/a9b4e6b29d0180ba254fca33fbca36af/execute/async - {"script":"<script> [1562 bytes]","args":[{"selector":{"id":"application-manageresources-display-component---newResourceUnit--BASE_UNIT_OF_MEASURE-arrow"},"wdio_ui5_key":"applicationmanageresources-display-component---newResourceUnit--BASE_UNIT_OF_MEASURE-arrow"}]}
RESULT: {"script":"<script> [1562 bytes]","args":[{"selector":{"id":"application-manageresources-display-component---newResourceUnit--BASE_UNIT_OF_MEASURE-arrow"},"wdio_ui5_key":"applicationmanageresources-display-component---newResourceUnit--BASE_UNIT_OF_MEASURE-arrow"}]}
RESULT: undefined
COMMAND: POST /session/a9b4e6b29d0180ba254fca33fbca36af/element - {"using":"xpath","value":"//*[@id=\"application-manageresources-display-component---newResourceUnit--BASE_UNIT_OF_MEASURE-arrow\"]"}
RESULT: {"using":"xpath","value":"//*[@id=\"application-manageresources-display-component---newResourceUnit--BASE_UNIT_OF_MEASURE-arrow\"]"}
COMMAND: POST /session/a9b4e6b29d0180ba254fca33fbca36af/element/f.7C9A75291D3E7FF457A20D966EE470C5.d.59C75314D7B3B6A51CA1951CB7031E2E.e.6648/click - {}
RESULT: {}
COMMAND: POST /session/a9b4e6b29d0180ba254fca33fbca36af/execute/async - {"script":"<script> [1562 bytes]","args":[{"selector":{"controlType":"sap.m.StandardListItem","viewName":"reusables.view.manageresources.NewResourceUnit","viewId":"application-manageresources-display-component---newResourceUnit","properties":{"title":"Piece"},"searchOpenDialogs":true,"interaction":{"idSuffix":"content"}},"wdio_ui5_key":"reusablesview.manageresources.NewResourceUnitsap.m.StandardListItem{\"title\":\"Piece\"}"}]}
COMMAND: GET /session/a9b4e6b29d0180ba254fca33fbca36af/screenshot - {}
RESULT: {"script":"<script> [1562 bytes]","args":[{"selector":{"controlType":"sap.m.StandardListItem","viewName":"reusables.view.manageresources.NewResourceUnit","viewId":"application-manageresources-display-component---newResourceUnit","properties":{"title":"Piece"},"searchOpenDialogs":true,"interaction":{"idSuffix":"content"}},"wdio_ui5_key":"reusablesview.manageresources.NewResourceUnitsap.m.StandardListItem{\"title\":\"Piece\"}"}]}
RESULT: undefined
COMMAND: POST /session/a9b4e6b29d0180ba254fca33fbca36af/element - {"using":"xpath","value":"//*[@id=\"__item187\"]"}
RESULT: {}
RESULT: {"using":"xpath","value":"//*[@id=\"__item187\"]"}
COMMAND: POST /session/a9b4e6b29d0180ba254fca33fbca36af/element/f.7C9A75291D3E7FF457A20D966EE470C5.d.59C75314D7B3B6A51CA1951CB7031E2E.e.6650/click - {}
RESULT: {}
COMMAND: POST /session/a9b4e6b29d0180ba254fca33fbca36af/execute/async - {"script":"<script> [1562 bytes]","args":[{"selector":{"id":"application-manageresources-display-component---newResourceUnit--WEIGHT_UNIT-arrow"},"wdio_ui5_key":"applicationmanageresources-display-component---newResourceUnit--WEIGHT_UNIT-arrow"}]}
COMMAND: GET /session/a9b4e6b29d0180ba254fca33fbca36af/screenshot - {}
RESULT: {"script":"<script> [1562 bytes]","args":[{"selector":{"id":"application-manageresources-display-component---newResourceUnit--WEIGHT_UNIT-arrow"},"wdio_ui5_key":"applicationmanageresources-display-component---newResourceUnit--WEIGHT_UNIT-arrow"}]}
RESULT: undefined
COMMAND: POST /session/a9b4e6b29d0180ba254fca33fbca36af/element - {"using":"xpath","value":"//*[@id=\"application-manageresources-display-component---newResourceUnit--WEIGHT_UNIT-arrow\"]"}
RESULT: {}
RESULT: {"using":"xpath","value":"//*[@id=\"application-manageresources-display-component---newResourceUnit--WEIGHT_UNIT-arrow\"]"}
COMMAND: POST /session/a9b4e6b29d0180ba254fca33fbca36af/element/f.7C9A75291D3E7FF457A20D966EE470C5.d.59C75314D7B3B6A51CA1951CB7031E2E.e.6651/click - {}
RESULT: {}
COMMAND: POST /session/a9b4e6b29d0180ba254fca33fbca36af/execute/async - {"script":"<script> [1562 bytes]","args":[{"selector":{"controlType":"sap.m.StandardListItem","viewName":"reusables.view.manageresources.NewResourceUnit","viewId":"application-manageresources-display-component---newResourceUnit","properties":{"title":"Gram"},"searchOpenDialogs":true,"interaction":{"idSuffix":"content"}},"wdio_ui5_key":"reusablesview.manageresources.NewResourceUnitsap.m.StandardListItem{\"title\":\"Gram\"}"}]}
COMMAND: GET /session/a9b4e6b29d0180ba254fca33fbca36af/screenshot - {}
RESULT: {"script":"<script> [1562 bytes]","args":[{"selector":{"controlType":"sap.m.StandardListItem","viewName":"reusables.view.manageresources.NewResourceUnit","viewId":"application-manageresources-display-component---newResourceUnit","properties":{"title":"Gram"},"searchOpenDialogs":true,"interaction":{"idSuffix":"content"}},"wdio_ui5_key":"reusablesview.manageresources.NewResourceUnitsap.m.StandardListItem{\"title\":\"Gram\"}"}]}
RESULT: undefined
COMMAND: POST /session/a9b4e6b29d0180ba254fca33fbca36af/element - {"using":"xpath","value":"//*[@id=\"__item252\"]"}
RESULT: {}
RESULT: {"using":"xpath","value":"//*[@id=\"__item252\"]"}
COMMAND: POST /session/a9b4e6b29d0180ba254fca33fbca36af/element/f.7C9A75291D3E7FF457A20D966EE470C5.d.59C75314D7B3B6A51CA1951CB7031E2E.e.6653/click - {}
RESULT: {}
COMMAND: GET /session/a9b4e6b29d0180ba254fca33fbca36af/screenshot - {}
RESULT: {}
COMMAND: POST /session/a9b4e6b29d0180ba254fca33fbca36af/execute/async - {"script":"<script> [1562 bytes]","args":[{"selector":{"id":"application-manageresources-display-component---newResourceUnit--newRRUPage-OPHeaderContent-collapseBtn-img"},"wdio_ui5_key":"applicationmanageresources-display-component---newResourceUnit--newRRUPage-OPHeaderContent-collapseBtn-img"}]}
RESULT: {"script":"<script> [1562 bytes]","args":[{"selector":{"id":"application-manageresources-display-component---newResourceUnit--newRRUPage-OPHeaderContent-collapseBtn-img"},"wdio_ui5_key":"applicationmanageresources-display-component---newResourceUnit--newRRUPage-OPHeaderContent-collapseBtn-img"}]}
RESULT: undefined
COMMAND: POST /session/a9b4e6b29d0180ba254fca33fbca36af/element - {"using":"xpath","value":"//*[@id=\"application-manageresources-display-component---newResourceUnit--newRRUPage-OPHeaderContent-collapseBtn-img\"]"}
RESULT: {"using":"xpath","value":"//*[@id=\"application-manageresources-display-component---newResourceUnit--newRRUPage-OPHeaderContent-collapseBtn-img\"]"}
COMMAND: POST /session/a9b4e6b29d0180ba254fca33fbca36af/element/f.7C9A75291D3E7FF457A20D966EE470C5.d.59C75314D7B3B6A51CA1951CB7031E2E.e.6598/click - {}
RESULT: {}
COMMAND: GET /session/a9b4e6b29d0180ba254fca33fbca36af/screenshot - {}
RESULT: {}
COMMAND: POST /session/a9b4e6b29d0180ba254fca33fbca36af/element - {"using":"xpath","value":"(//span[contains(@id ,\"application-manageresources-display-component---newResourceUnit--DIMENSION_UNIT-arrow\")])[1]"}
RESULT: {"using":"xpath","value":"(//span[contains(@id ,\"application-manageresources-display-component---newResourceUnit--DIMENSION_UNIT-arrow\")])[1]"}
COMMAND: POST /session/a9b4e6b29d0180ba254fca33fbca36af/element/f.7C9A75291D3E7FF457A20D966EE470C5.d.59C75314D7B3B6A51CA1951CB7031E2E.e.6657/click - {}
RESULT: {}
COMMAND: GET /session/a9b4e6b29d0180ba254fca33fbca36af/screenshot - {}
RESULT: {}
COMMAND: POST /session/a9b4e6b29d0180ba254fca33fbca36af/execute/async - {"script":"<script> [1562 bytes]","args":[{"selector":{"controlType":"sap.m.StandardListItem","viewName":"reusables.view.manageresources.NewResourceUnit","viewId":"application-manageresources-display-component---newResourceUnit","properties":{"title":"Centimeter"},"searchOpenDialogs":true,"interaction":{"idSuffix":"titleText"}},"wdio_ui5_key":"reusablesview.manageresources.NewResourceUnitsap.m.StandardListItem{\"title\":\"Centimeter\"}"}]}
RESULT: {"script":"<script> [1562 bytes]","args":[{"selector":{"controlType":"sap.m.StandardListItem","viewName":"reusables.view.manageresources.NewResourceUnit","viewId":"application-manageresources-display-component---newResourceUnit","properties":{"title":"Centimeter"},"searchOpenDialogs":true,"interaction":{"idSuffix":"titleText"}},"wdio_ui5_key":"reusablesview.manageresources.NewResourceUnitsap.m.StandardListItem{\"title\":\"Centimeter\"}"}]}
RESULT: undefined
COMMAND: POST /session/a9b4e6b29d0180ba254fca33fbca36af/element - {"using":"xpath","value":"//*[@id=\"__item255\"]"}
RESULT: {"using":"xpath","value":"//*[@id=\"__item255\"]"}
COMMAND: POST /session/a9b4e6b29d0180ba254fca33fbca36af/element/f.7C9A75291D3E7FF457A20D966EE470C5.d.59C75314D7B3B6A51CA1951CB7031E2E.e.6661/click - {}
RESULT: {}
COMMAND: GET /session/a9b4e6b29d0180ba254fca33fbca36af/screenshot - {}
RESULT: {}
COMMAND: POST /session/a9b4e6b29d0180ba254fca33fbca36af/execute/async - {"script":"<script> [1562 bytes]","args":[{"selector":{"id":"application-manageresources-display-component---newResourceUnit--newRRUPage-anchBar-application-manageresources-display-component---newResourceUnit--reference-anchor","interaction":{"idSuffix":"BDI-content"}},"wdio_ui5_key":"applicationmanageresources-display-component---newResourceUnit--newRRUPage-anchBar-application-manageresources-display-component---newResourceUnit--reference-anchor"}]}
RESULT: {"script":"<script> [1562 bytes]","args":[{"selector":{"id":"application-manageresources-display-component---newResourceUnit--newRRUPage-anchBar-application-manageresources-display-component---newResourceUnit--reference-anchor","interaction":{"idSuffix":"BDI-content"}},"wdio_ui5_key":"applicationmanageresources-display-component---newResourceUnit--newRRUPage-anchBar-application-manageresources-display-component---newResourceUnit--reference-anchor"}]}
RESULT: undefined
COMMAND: POST /session/a9b4e6b29d0180ba254fca33fbca36af/element - {"using":"xpath","value":"//*[@id=\"application-manageresources-display-component---newResourceUnit--newRRUPage-anchBar-application-manageresources-display-component---newResourceUnit--reference-anchor\"]"}
RESULT: {"using":"xpath","value":"//*[@id=\"application-manageresources-display-component---newResourceUnit--newRRUPage-anchBar-application-manageresources-display-component---newResourceUnit--reference-anchor\"]"}
COMMAND: POST /session/a9b4e6b29d0180ba254fca33fbca36af/element/f.7C9A75291D3E7FF457A20D966EE470C5.d.59C75314D7B3B6A51CA1951CB7031E2E.e.6663/click - {}
RESULT: {}
COMMAND: POST /session/a9b4e6b29d0180ba254fca33fbca36af/execute/async - {"script":"<script> [1562 bytes]","args":[{"selector":{"id":"application-manageresources-display-component---newResourceUnit--PLANNING_GROUP-arrow"},"wdio_ui5_key":"applicationmanageresources-display-component---newResourceUnit--PLANNING_GROUP-arrow"}]}
COMMAND: GET /session/a9b4e6b29d0180ba254fca33fbca36af/screenshot - {}
RESULT: {"script":"<script> [1562 bytes]","args":[{"selector":{"id":"application-manageresources-display-component---newResourceUnit--PLANNING_GROUP-arrow"},"wdio_ui5_key":"applicationmanageresources-display-component---newResourceUnit--PLANNING_GROUP-arrow"}]}
RESULT: undefined
COMMAND: POST /session/a9b4e6b29d0180ba254fca33fbca36af/element - {"using":"xpath","value":"//*[@id=\"application-manageresources-display-component---newResourceUnit--PLANNING_GROUP-arrow\"]"}
RESULT: {}
RESULT: {"using":"xpath","value":"//*[@id=\"application-manageresources-display-component---newResourceUnit--PLANNING_GROUP-arrow\"]"}
COMMAND: POST /session/a9b4e6b29d0180ba254fca33fbca36af/element/f.7C9A75291D3E7FF457A20D966EE470C5.d.59C75314D7B3B6A51CA1951CB7031E2E.e.6667/click - {}
RESULT: {}
COMMAND: POST /session/a9b4e6b29d0180ba254fca33fbca36af/execute/async - {"script":"<script> [1562 bytes]","args":[{"selector":{"controlType":"sap.m.StandardListItem","viewName":"reusables.view.manageresources.NewResourceUnit","viewId":"application-manageresources-display-component---newResourceUnit","properties":{"title":"Heavy Equi"},"searchOpenDialogs":true,"interaction":{"idSuffix":"content"}},"wdio_ui5_key":"reusablesview.manageresources.NewResourceUnitsap.m.StandardListItem{\"title\":\"Heavy Equi\"}"}]}
COMMAND: GET /session/a9b4e6b29d0180ba254fca33fbca36af/screenshot - {}
RESULT: {"script":"<script> [1562 bytes]","args":[{"selector":{"controlType":"sap.m.StandardListItem","viewName":"reusables.view.manageresources.NewResourceUnit","viewId":"application-manageresources-display-component---newResourceUnit","properties":{"title":"Heavy Equi"},"searchOpenDialogs":true,"interaction":{"idSuffix":"content"}},"wdio_ui5_key":"reusablesview.manageresources.NewResourceUnitsap.m.StandardListItem{\"title\":\"Heavy Equi\"}"}]}
RESULT: undefined
COMMAND: POST /session/a9b4e6b29d0180ba254fca33fbca36af/element - {"using":"xpath","value":"//*[@id=\"__item263\"]"}
RESULT: {}
RESULT: {"using":"xpath","value":"//*[@id=\"__item263\"]"}
COMMAND: POST /session/a9b4e6b29d0180ba254fca33fbca36af/element/f.7C9A75291D3E7FF457A20D966EE470C5.d.59C75314D7B3B6A51CA1951CB7031E2E.e.6669/click - {}
RESULT: {}
COMMAND: GET /session/a9b4e6b29d0180ba254fca33fbca36af/screenshot - {}
RESULT: {}
COMMAND: POST /session/a9b4e6b29d0180ba254fca33fbca36af/execute/async - {"script":"<script> [1562 bytes]","args":[{"selector":{"id":"application-manageresources-display-component---newResourceUnit--PLANNING_INDICATOR-arrow"},"wdio_ui5_key":"applicationmanageresources-display-component---newResourceUnit--PLANNING_INDICATOR-arrow"}]}
RESULT: {"script":"<script> [1562 bytes]","args":[{"selector":{"id":"application-manageresources-display-component---newResourceUnit--PLANNING_INDICATOR-arrow"},"wdio_ui5_key":"applicationmanageresources-display-component---newResourceUnit--PLANNING_INDICATOR-arrow"}]}
RESULT: undefined
COMMAND: POST /session/a9b4e6b29d0180ba254fca33fbca36af/element - {"using":"xpath","value":"//*[@id=\"application-manageresources-display-component---newResourceUnit--PLANNING_INDICATOR-arrow\"]"}
RESULT: {"using":"xpath","value":"//*[@id=\"application-manageresources-display-component---newResourceUnit--PLANNING_INDICATOR-arrow\"]"}
COMMAND: POST /session/a9b4e6b29d0180ba254fca33fbca36af/element/f.7C9A75291D3E7FF457A20D966EE470C5.d.59C75314D7B3B6A51CA1951CB7031E2E.e.6670/click - {}
RESULT: {}
COMMAND: POST /session/a9b4e6b29d0180ba254fca33fbca36af/execute/async - {"script":"<script> [1562 bytes]","args":[{"selector":{"controlType":"sap.m.StandardListItem","viewName":"reusables.view.manageresources.NewResourceUnit","viewId":"application-manageresources-display-component---newResourceUnit","properties":{"title":"10 - infinite"},"searchOpenDialogs":true,"interaction":{"idSuffix":"content"}},"wdio_ui5_key":"reusablesview.manageresources.NewResourceUnitsap.m.StandardListItem{\"title\":\"10 - infinite\"}"}]}
COMMAND: GET /session/a9b4e6b29d0180ba254fca33fbca36af/screenshot - {}
RESULT: {"script":"<script> [1562 bytes]","args":[{"selector":{"controlType":"sap.m.StandardListItem","viewName":"reusables.view.manageresources.NewResourceUnit","viewId":"application-manageresources-display-component---newResourceUnit","properties":{"title":"10 - infinite"},"searchOpenDialogs":true,"interaction":{"idSuffix":"content"}},"wdio_ui5_key":"reusablesview.manageresources.NewResourceUnitsap.m.StandardListItem{\"title\":\"10 - infinite\"}"}]}
RESULT: undefined
COMMAND: POST /session/a9b4e6b29d0180ba254fca33fbca36af/element - {"using":"xpath","value":"//*[@id=\"__item273\"]"}
RESULT: {}
RESULT: {"using":"xpath","value":"//*[@id=\"__item273\"]"}
COMMAND: POST /session/a9b4e6b29d0180ba254fca33fbca36af/element/f.7C9A75291D3E7FF457A20D966EE470C5.d.59C75314D7B3B6A51CA1951CB7031E2E.e.6672/click - {}
RESULT: {}
COMMAND: GET /session/a9b4e6b29d0180ba254fca33fbca36af/screenshot - {}
RESULT: {}
COMMAND: POST /session/a9b4e6b29d0180ba254fca33fbca36af/element - {"using":"xpath","value":"//bdi[contains(text(), \"Time Segment\")]"}
RESULT: {"using":"xpath","value":"//bdi[contains(text(), \"Time Segment\")]"}
COMMAND: GET /session/a9b4e6b29d0180ba254fca33fbca36af/element/f.7C9A75291D3E7FF457A20D966EE470C5.d.59C75314D7B3B6A51CA1951CB7031E2E.e.6673/rect - {}
RESULT: {}
COMMAND: GET /session/a9b4e6b29d0180ba254fca33fbca36af/window/rect - {}
RESULT: {}
COMMAND: POST /session/a9b4e6b29d0180ba254fca33fbca36af/execute/sync - {"script":"<script> [92 bytes]","args":[]}
RESULT: {"script":"<script> [92 bytes]","args":[]}
COMMAND: POST /session/a9b4e6b29d0180ba254fca33fbca36af/actions - {"actions":[{"id":"action19","type":"wheel","parameters":{},"actions":[{"type":"scroll","x":-1804,"y":-21,"deltaX":0,"deltaY":0,"duration":0,"origin":{"element-6066-11e4-a52e-4f735466cecf":"f.7C9A75291D3E7FF457A20D966EE470C5.d.59C75314D7B3B6A51CA1951CB7031E2E.e.6673"}}]}]}
COMMAND: GET /session/a9b4e6b29d0180ba254fca33fbca36af/screenshot - {}
RESULT: {}
COMMAND: POST /session/a9b4e6b29d0180ba254fca33fbca36af/execute/sync - {"script":"<script> [79 bytes]","args":[{"element-6066-11e4-a52e-4f735466cecf":"f.7C9A75291D3E7FF457A20D966EE470C5.d.59C75314D7B3B6A51CA1951CB7031E2E.e.6673","ELEMENT":"f.7C9A75291D3E7FF457A20D966EE470C5.d.59C75314D7B3B6A51CA1951CB7031E2E.e.6673"},{"block":"start","inline":"nearest"}]}
RESULT: {"script":"<script> [79 bytes]","args":[{"element-6066-11e4-a52e-4f735466cecf":"f.7C9A75291D3E7FF457A20D966EE470C5.d.59C75314D7B3B6A51CA1951CB7031E2E.e.6673","ELEMENT":"f.7C9A75291D3E7FF457A20D966EE470C5.d.59C75314D7B3B6A51CA1951CB7031E2E.e.6673"},{"block":"start","inline":"nearest"}]}
COMMAND: GET /session/a9b4e6b29d0180ba254fca33fbca36af/screenshot - {}
RESULT: {}
COMMAND: POST /session/a9b4e6b29d0180ba254fca33fbca36af/element - {"using":"xpath","value":"//span[@id=\"application-manageresources-display-component---newResourceUnit--btnAddTimeSegment-img\"]"}
RESULT: {"using":"xpath","value":"//span[@id=\"application-manageresources-display-component---newResourceUnit--btnAddTimeSegment-img\"]"}
COMMAND: POST /session/a9b4e6b29d0180ba254fca33fbca36af/execute/sync - {"script":"<script> [8489 bytes]","args":[{"element-6066-11e4-a52e-4f735466cecf":"f.7C9A75291D3E7FF457A20D966EE470C5.d.59C75314D7B3B6A51CA1951CB7031E2E.e.6676","ELEMENT":"f.7C9A75291D3E7FF457A20D966EE470C5.d.59C75314D7B3B6A51CA1951CB7031E2E.e.6676"}]}
RESULT: {"script":"<script> [8489 bytes]","args":[{"element-6066-11e4-a52e-4f735466cecf":"f.7C9A75291D3E7FF457A20D966EE470C5.d.59C75314D7B3B6A51CA1951CB7031E2E.e.6676","ELEMENT":"f.7C9A75291D3E7FF457A20D966EE470C5.d.59C75314D7B3B6A51CA1951CB7031E2E.e.6676"}]}
COMMAND: POST /session/a9b4e6b29d0180ba254fca33fbca36af/element/f.7C9A75291D3E7FF457A20D966EE470C5.d.59C75314D7B3B6A51CA1951CB7031E2E.e.6676/click - {}
COMMAND: GET /session/a9b4e6b29d0180ba254fca33fbca36af/screenshot - {}
RESULT: {}
COMMAND: GET /session/a9b4e6b29d0180ba254fca33fbca36af/screenshot - {}
COMMAND: POST /session/a9b4e6b29d0180ba254fca33fbca36af/element - {"using":"xpath","value":"//input[@id=\"application-manageresources-display-component---newResourceUnit--idRuTSAdmin-application-manageresources-display-component---newResourceUnit--RUTimeSegment-0-inner\"]"}
RESULT: {}
RESULT: {}
RESULT: {"using":"xpath","value":"//input[@id=\"application-manageresources-display-component---newResourceUnit--idRuTSAdmin-application-manageresources-display-component---newResourceUnit--RUTimeSegment-0-inner\"]"}
COMMAND: POST /session/a9b4e6b29d0180ba254fca33fbca36af/element/f.7C9A75291D3E7FF457A20D966EE470C5.d.59C75314D7B3B6A51CA1951CB7031E2E.e.6679/clear - {}
RESULT: {}
COMMAND: POST /session/a9b4e6b29d0180ba254fca33fbca36af/element/f.7C9A75291D3E7FF457A20D966EE470C5.d.59C75314D7B3B6A51CA1951CB7031E2E.e.6679/value - {"text":"679"}
COMMAND: GET /session/a9b4e6b29d0180ba254fca33fbca36af/screenshot - {}
RESULT: {"text":"679"}
COMMAND: GET /session/a9b4e6b29d0180ba254fca33fbca36af/screenshot - {}
RESULT: {}
RESULT: {}
COMMAND: POST /session/a9b4e6b29d0180ba254fca33fbca36af/actions - {"actions":[{"id":"action20","type":"key","parameters":{},"actions":[{"type":"keyDown","value":""},{"type":"pause","duration":10},{"type":"keyUp","value":""}]}]}
RESULT: {"actions":[{"id":"action20","type":"key","parameters":{},"actions":[{"type":"keyDown","value":""},{"type":"pause","duration":10},{"type":"keyUp","value":""}]}]}
COMMAND: POST /session/a9b4e6b29d0180ba254fca33fbca36af/execute/async - {"script":"<script> [1562 bytes]","args":[{"selector":{"controlType":"sap.m.Button","viewName":"reusables.view.manageresources.NewResourceUnit","viewId":"application-manageresources-display-component---newResourceUnit","i18NText":{"propertyName":"tooltip","key":"save"},"interaction":{"idSuffix":"BDI-content"}},"wdio_ui5_key":"reusablesview.manageresources.NewResourceUnitsap.m.Button{\"propertyName\":\"tooltip\",\"key\":\"save\"}"}]}
COMMAND: GET /session/a9b4e6b29d0180ba254fca33fbca36af/screenshot - {}
RESULT: {"script":"<script> [1562 bytes]","args":[{"selector":{"controlType":"sap.m.Button","viewName":"reusables.view.manageresources.NewResourceUnit","viewId":"application-manageresources-display-component---newResourceUnit","i18NText":{"propertyName":"tooltip","key":"save"},"interaction":{"idSuffix":"BDI-content"}},"wdio_ui5_key":"reusablesview.manageresources.NewResourceUnitsap.m.Button{\"propertyName\":\"tooltip\",\"key\":\"save\"}"}]}
RESULT: undefined
COMMAND: POST /session/a9b4e6b29d0180ba254fca33fbca36af/element - {"using":"xpath","value":"//*[@id=\"application-manageresources-display-component---newResourceUnit--createRuButton\"]"}
RESULT: {}
RESULT: {"using":"xpath","value":"//*[@id=\"application-manageresources-display-component---newResourceUnit--createRuButton\"]"}
COMMAND: POST /session/a9b4e6b29d0180ba254fca33fbca36af/element/f.7C9A75291D3E7FF457A20D966EE470C5.d.59C75314D7B3B6A51CA1951CB7031E2E.e.6604/click - {}
RESULT: {}
COMMAND: GET /session/a9b4e6b29d0180ba254fca33fbca36af/screenshot - {}
RESULT: {}
COMMAND: POST /session/a9b4e6b29d0180ba254fca33fbca36af/execute/async - {"script":"<script> [1562 bytes]","args":[{"selector":{"controlType":"sap.m.Title","properties":{"text":"Success"},"searchOpenDialogs":true},"wdio_ui5_key":"sapm.Title{\"text\":\"Success\"}"}]}
RESULT: {"script":"<script> [1562 bytes]","args":[{"selector":{"controlType":"sap.m.Title","properties":{"text":"Success"},"searchOpenDialogs":true},"wdio_ui5_key":"sapm.Title{\"text\":\"Success\"}"}]}
RESULT: undefined
COMMAND: POST /session/a9b4e6b29d0180ba254fca33fbca36af/execute/async - {"script":"<script> [6424 bytes]","args":[{"element-6066-11e4-a52e-4f735466cecf":"f.7C9A75291D3E7FF457A20D966EE470C5.d.59C75314D7B3B6A51CA1951CB7031E2E.e.6693"},"getText",[]]}
RESULT: {"script":"<script> [6424 bytes]","args":[{"element-6066-11e4-a52e-4f735466cecf":"f.7C9A75291D3E7FF457A20D966EE470C5.d.59C75314D7B3B6A51CA1951CB7031E2E.e.6693"},"getText",[]]}
COMMAND: POST /session/a9b4e6b29d0180ba254fca33fbca36af/element - {"using":"xpath","value":"//*[contains(@id, '__text') and (contains(text(), 'successfully created') or contains(., 'successfully created'))]"}
RESULT: {"using":"xpath","value":"//*[contains(@id, '__text') and (contains(text(), 'successfully created') or contains(., 'successfully created'))]"}
COMMAND: GET /session/a9b4e6b29d0180ba254fca33fbca36af/element/f.7C9A75291D3E7FF457A20D966EE470C5.d.59C75314D7B3B6A51CA1951CB7031E2E.e.6691/text - {}
RESULT: {}
COMMAND: POST /session/a9b4e6b29d0180ba254fca33fbca36af/execute/async - {"script":"<script> [1562 bytes]","args":[{"selector":{"controlType":"sap.m.Button","properties":{"text":"Close"},"searchOpenDialogs":true,"interaction":{"idSuffix":"BDI-content"}},"wdio_ui5_key":"sapm.Button{\"text\":\"Close\"}"}]}
RESULT: {"script":"<script> [1562 bytes]","args":[{"selector":{"controlType":"sap.m.Button","properties":{"text":"Close"},"searchOpenDialogs":true,"interaction":{"idSuffix":"BDI-content"}},"wdio_ui5_key":"sapm.Button{\"text\":\"Close\"}"}]}
RESULT: undefined
COMMAND: POST /session/a9b4e6b29d0180ba254fca33fbca36af/element - {"using":"xpath","value":"//*[@id=\"__mbox-btn-0\"]"}
RESULT: {"using":"xpath","value":"//*[@id=\"__mbox-btn-0\"]"}
COMMAND: POST /session/a9b4e6b29d0180ba254fca33fbca36af/element/f.7C9A75291D3E7FF457A20D966EE470C5.d.59C75314D7B3B6A51CA1951CB7031E2E.e.6689/click - {}
RESULT: {}
COMMAND: GET /session/a9b4e6b29d0180ba254fca33fbca36af/screenshot - {}
RESULT: {}
COMMAND: POST /session/a9b4e6b29d0180ba254fca33fbca36af/execute/async - {"script":"<script> [1562 bytes]","args":[{"selector":{"controlType":"sap.ui.core.Icon","viewName":"etm.portal.ui.manageresources.view.Detail","viewId":"application-manageresources-display-component---detailRU","properties":{"src":{"regex":{"source":"overflow"}}}},"wdio_ui5_key":"etmportal.ui.manageresources.view.Detailsap.ui.core.Icon{\"src\":{\"regex\":{\"source\":\"overflow\"}}}"}]}
RESULT: {"script":"<script> [1562 bytes]","args":[{"selector":{"controlType":"sap.ui.core.Icon","viewName":"etm.portal.ui.manageresources.view.Detail","viewId":"application-manageresources-display-component---detailRU","properties":{"src":{"regex":{"source":"overflow"}}}},"wdio_ui5_key":"etmportal.ui.manageresources.view.Detailsap.ui.core.Icon{\"src\":{\"regex\":{\"source\":\"overflow\"}}}"}]}
RESULT: undefined
COMMAND: POST /session/a9b4e6b29d0180ba254fca33fbca36af/element - {"using":"xpath","value":"//*[@id=\"__title15-_actionsToolbar-overflowButton-img\"]"}
RESULT: {"using":"xpath","value":"//*[@id=\"__title15-_actionsToolbar-overflowButton-img\"]"}
COMMAND: POST /session/a9b4e6b29d0180ba254fca33fbca36af/element/f.7C9A75291D3E7FF457A20D966EE470C5.d.59C75314D7B3B6A51CA1951CB7031E2E.e.6719/click - {}
RESULT: {}
COMMAND: POST /session/a9b4e6b29d0180ba254fca33fbca36af/execute/async - {"script":"<script> [1562 bytes]","args":[{"selector":{"controlType":"sap.m.Button","viewName":"etm.portal.ui.manageresources.view.Detail","viewId":"application-manageresources-display-component---detailRU","i18NText":{"propertyName":"tooltip","key":"closeColumn"},"searchOpenDialogs":true,"interaction":{"idSuffix":"inner"}},"wdio_ui5_key":"etmportal.ui.manageresources.view.Detailsap.m.Button{\"propertyName\":\"tooltip\",\"key\":\"closeColumn\"}"}]}
COMMAND: GET /session/a9b4e6b29d0180ba254fca33fbca36af/screenshot - {}
RESULT: {"script":"<script> [1562 bytes]","args":[{"selector":{"controlType":"sap.m.Button","viewName":"etm.portal.ui.manageresources.view.Detail","viewId":"application-manageresources-display-component---detailRU","i18NText":{"propertyName":"tooltip","key":"closeColumn"},"searchOpenDialogs":true,"interaction":{"idSuffix":"inner"}},"wdio_ui5_key":"etmportal.ui.manageresources.view.Detailsap.m.Button{\"propertyName\":\"tooltip\",\"key\":\"closeColumn\"}"}]}
RESULT: undefined
COMMAND: POST /session/a9b4e6b29d0180ba254fca33fbca36af/element - {"using":"xpath","value":"//*[@id=\"__button41\"]"}
RESULT: {}
RESULT: {"using":"xpath","value":"//*[@id=\"__button41\"]"}
COMMAND: POST /session/a9b4e6b29d0180ba254fca33fbca36af/element/f.7C9A75291D3E7FF457A20D966EE470C5.d.59C75314D7B3B6A51CA1951CB7031E2E.e.6721/click - {}
RESULT: {}
COMMAND: POST /session/a9b4e6b29d0180ba254fca33fbca36af/element - {"using":"css selector","value":"#j_username"}
COMMAND: POST /session/a9b4e6b29d0180ba254fca33fbca36af/url - {"url":"https://qa-testing-00-live-etm-ui.cfapps.eu10-004.hana.ondemand.com/"}
COMMAND: GET /session/a9b4e6b29d0180ba254fca33fbca36af/screenshot - {}
RESULT: {"using":"css selector","value":"#j_username"}
COMMAND: POST /session/a9b4e6b29d0180ba254fca33fbca36af/element - {"using":"css selector","value":"#j_username"}
RESULT: {"url":"https://qa-testing-00-live-etm-ui.cfapps.eu10-004.hana.ondemand.com/"}
RESULT: undefined
COMMAND: GET /session/a9b4e6b29d0180ba254fca33fbca36af/screenshot - {}
RESULT: {}
RESULT: {"using":"css selector","value":"#j_username"}
COMMAND: POST /session/a9b4e6b29d0180ba254fca33fbca36af/element - {"using":"css selector","value":"#shell-header-logo"}
RESULT: {}
RESULT: {"using":"css selector","value":"#shell-header-logo"}
COMMAND: POST /session/a9b4e6b29d0180ba254fca33fbca36af/execute/sync - {"script":"<script> [8489 bytes]","args":[{"element-6066-11e4-a52e-4f735466cecf":"f.7C9A75291D3E7FF457A20D966EE470C5.d.67CEAA9D19B263F0B9BDC7525F227731.e.6913","ELEMENT":"f.7C9A75291D3E7FF457A20D966EE470C5.d.67CEAA9D19B263F0B9BDC7525F227731.e.6913"}]}
RESULT: {"script":"<script> [8489 bytes]","args":[{"element-6066-11e4-a52e-4f735466cecf":"f.7C9A75291D3E7FF457A20D966EE470C5.d.67CEAA9D19B263F0B9BDC7525F227731.e.6913","ELEMENT":"f.7C9A75291D3E7FF457A20D966EE470C5.d.67CEAA9D19B263F0B9BDC7525F227731.e.6913"}]}
COMMAND: POST /session/a9b4e6b29d0180ba254fca33fbca36af/element - {"using":"css selector","value":"#shell-header-logo"}
COMMAND: GET /session/a9b4e6b29d0180ba254fca33fbca36af/screenshot - {}
RESULT: {"using":"css selector","value":"#shell-header-logo"}
COMMAND: POST /session/a9b4e6b29d0180ba254fca33fbca36af/execute/sync - {"script":"<script> [8489 bytes]","args":[{"element-6066-11e4-a52e-4f735466cecf":"f.7C9A75291D3E7FF457A20D966EE470C5.d.67CEAA9D19B263F0B9BDC7525F227731.e.6913","ELEMENT":"f.7C9A75291D3E7FF457A20D966EE470C5.d.67CEAA9D19B263F0B9BDC7525F227731.e.6913"}]}
RESULT: {}
RESULT: {"script":"<script> [8489 bytes]","args":[{"element-6066-11e4-a52e-4f735466cecf":"f.7C9A75291D3E7FF457A20D966EE470C5.d.67CEAA9D19B263F0B9BDC7525F227731.e.6913","ELEMENT":"f.7C9A75291D3E7FF457A20D966EE470C5.d.67CEAA9D19B263F0B9BDC7525F227731.e.6913"}]}
COMMAND: POST /session/a9b4e6b29d0180ba254fca33fbca36af/execute/sync - {"script":"<script> [5351 bytes]","args":[{"element-6066-11e4-a52e-4f735466cecf":"f.7C9A75291D3E7FF457A20D966EE470C5.d.67CEAA9D19B263F0B9BDC7525F227731.e.6913","ELEMENT":"f.7C9A75291D3E7FF457A20D966EE470C5.d.67CEAA9D19B263F0B9BDC7525F227731.e.6913"}]}
COMMAND: GET /session/a9b4e6b29d0180ba254fca33fbca36af/screenshot - {}
RESULT: {"script":"<script> [5351 bytes]","args":[{"element-6066-11e4-a52e-4f735466cecf":"f.7C9A75291D3E7FF457A20D966EE470C5.d.67CEAA9D19B263F0B9BDC7525F227731.e.6913","ELEMENT":"f.7C9A75291D3E7FF457A20D966EE470C5.d.67CEAA9D19B263F0B9BDC7525F227731.e.6913"}]}
COMMAND: POST /session/a9b4e6b29d0180ba254fca33fbca36af/element - {"using":"css selector","value":"#shell-header-logo"}
COMMAND: GET /session/a9b4e6b29d0180ba254fca33fbca36af/screenshot - {}
RESULT: {}
RESULT: {"using":"css selector","value":"#shell-header-logo"}
COMMAND: POST /session/a9b4e6b29d0180ba254fca33fbca36af/element/f.7C9A75291D3E7FF457A20D966EE470C5.d.67CEAA9D19B263F0B9BDC7525F227731.e.6913/click - {}
RESULT: {}
RESULT: {}
COMMAND: GET /session/a9b4e6b29d0180ba254fca33fbca36af/screenshot - {}
RESULT: {}
COMMAND: POST /session/a9b4e6b29d0180ba254fca33fbca36af/execute/async - {"script":"<script> [189 bytes]","args":[]}
RESULT: {"script":"<script> [189 bytes]","args":[]}
COMMAND: POST /session/a9b4e6b29d0180ba254fca33fbca36af/execute/async - {"script":"<script> [123 bytes]","args":[]}
RESULT: {"script":"<script> [123 bytes]","args":[]}
COMMAND: POST /session/a9b4e6b29d0180ba254fca33fbca36af/timeouts - {"script":"<number>"}
RESULT: {"script":"<number>"}
COMMAND: GET /session/a9b4e6b29d0180ba254fca33fbca36af/timeouts - {}
RESULT: {}
RESULT: undefined
COMMAND: POST /session/a9b4e6b29d0180ba254fca33fbca36af/execute/async - {"script":"<script> [2676 bytes]","args":[]}
RESULT: {"script":"<script> [2676 bytes]","args":[]}
COMMAND: POST /session/a9b4e6b29d0180ba254fca33fbca36af/execute/async - {"script":"<script> [2342 bytes]","args":[{"protocol":"http","hostname":"0.0.0.0","path":"/","capabilities":{"browserName":"chrome","goog:chromeOptions":{"binary":"C:\\Program Files\\Google\\Chrome\\Application\\chrome.exe","args":["--start-maximized"]}},"logLevel":"warn","connectionRetryTimeout":120000,"connectionRetryCount":3,"logLevels":{},"enableDirectConnect":true,"strictSSL":true,"_":"65 more keys: [\"cacheDir\",\"port\",\"requestedCapabilities\",\"automationProtocol\",\"baseUrl\",\"waitforInterval\",\"waitforTimeout\",\"onReload\",\"beforeCommand\",\"afterCommand\",\"rootDir\",\"specs\",\"suites\",\"exclude\",\"groupLogsByTestSpec\",\"excludeDriverLogs\",\"bail\",\"framework\",\"reporters\",\"services\",\"maxInstances\",\"maxInstancesPerCapability\",\"injectGlobals\",\"filesToWatch\",\"execArgv\",\"runnerEnv\",\"runner\",\"shard\",\"specFileRetries\",\"specFileRetriesDelay\",\"specFileRetriesDeferred\",\"reporterSyncInterval\",\"reporterSyncTimeout\",\"cucumberFeaturesWithLineNumbers\",\"autoCompileOpts\",\"mochaOpts\",\"jasmineOpts\",\"cucumberOpts\",\"onPrepare\",\"onWorkerStart\",\"onWorkerEnd\",\"before\",\"beforeSession\",\"beforeSuite\",\"beforeHook\",\"beforeTest\",\"afterTest\",\"afterHook\",\"afterSuite\",\"afterSession\",\"after\",\"onComplete\",\"beforeAssertion\",\"afterAssertion\",\"beforeFeature\",\"beforeScenario\",\"beforeStep\",\"afterStep\",\"afterScenario\",\"afterFeature\",\"_\",\"suite\",\"$0\",\"ignoredWorkerServices\",\"wdi5\"]"}]}
RESULT: {"script":"<script> [2342 bytes]","args":[{"protocol":"http","hostname":"0.0.0.0","path":"/","capabilities":{"browserName":"chrome","goog:chromeOptions":{"binary":"C:\\Program Files\\Google\\Chrome\\Application\\chrome.exe","args":["--start-maximized"]}},"logLevel":"warn","connectionRetryTimeout":120000,"connectionRetryCount":3,"logLevels":{},"enableDirectConnect":true,"strictSSL":true,"_":"65 more keys: [\"cacheDir\",\"port\",\"requestedCapabilities\",\"automationProtocol\",\"baseUrl\",\"waitforInterval\",\"waitforTimeout\",\"onReload\",\"beforeCommand\",\"afterCommand\",\"rootDir\",\"specs\",\"suites\",\"exclude\",\"groupLogsByTestSpec\",\"excludeDriverLogs\",\"bail\",\"framework\",\"reporters\",\"services\",\"maxInstances\",\"maxInstancesPerCapability\",\"injectGlobals\",\"filesToWatch\",\"execArgv\",\"runnerEnv\",\"runner\",\"shard\",\"specFileRetries\",\"specFileRetriesDelay\",\"specFileRetriesDeferred\",\"reporterSyncInterval\",\"reporterSyncTimeout\",\"cucumberFeaturesWithLineNumbers\",\"autoCompileOpts\",\"mochaOpts\",\"jasmineOpts\",\"cucumberOpts\",\"onPrepare\",\"onWorkerStart\",\"onWorkerEnd\",\"before\",\"beforeSession\",\"beforeSuite\",\"beforeHook\",\"beforeTest\",\"afterTest\",\"afterHook\",\"afterSuite\",\"afterSession\",\"after\",\"onComplete\",\"beforeAssertion\",\"afterAssertion\",\"beforeFeature\",\"beforeScenario\",\"beforeStep\",\"afterStep\",\"afterScenario\",\"afterFeature\",\"_\",\"suite\",\"$0\",\"ignoredWorkerServices\",\"wdi5\"]"}]}
COMMAND: POST /session/a9b4e6b29d0180ba254fca33fbca36af/execute/async - {"script":"<script> [21126 bytes]","args":[35000]}
RESULT: {"script":"<script> [21126 bytes]","args":[35000]}
COMMAND: POST /session/a9b4e6b29d0180ba254fca33fbca36af/window/maximize - {}
RESULT: {}
COMMAND: POST /session/a9b4e6b29d0180ba254fca33fbca36af/execute/async - {"script":"<script> [1562 bytes]","args":[{"selector":{"id":"shell-header","interaction":{"idSuffix":"icon"}},"wdio_ui5_key":"shellheader"}]}
COMMAND: GET /session/a9b4e6b29d0180ba254fca33fbca36af/screenshot - {}
RESULT: {"script":"<script> [1562 bytes]","args":[{"selector":{"id":"shell-header","interaction":{"idSuffix":"icon"}},"wdio_ui5_key":"shellheader"}]}
RESULT: undefined
]]></system-out>
    </testcase>
  </testsuite>
  <testsuite timestamp="2025-04-22T15:42:56" time="281.083" tests="1" failures="0" errors="0" skipped="0">
    <properties>
      <property name="specId" value="0"/>
      <property name="suiteName" value="create-equipment"/>
      <property name="capabilities" value="chrome.135_0_7049_42.windows"/>
      <property name="file" value="file:///D:/a/1/s/test/specs/R2C/create-equipment.spec.js"/>
    </properties>
    <testcase classname="chrome.135_0_7049_42.windows.create-equipment" name="create equipment" time="259.126">
      <system-out><![CDATA[
COMMAND: POST /session/a9b4e6b29d0180ba254fca33fbca36af/execute/async - {"script":"<script> [1562 bytes]","args":[{"selector":{"controlType":"sap.m.GenericTile","properties":{"header":"Manage Resources"}},"wdio_ui5_key":"sapm.GenericTile{\"header\":\"Manage Resources\"}"}]}
RESULT: {}
RESULT: {"script":"<script> [1562 bytes]","args":[{"selector":{"controlType":"sap.m.GenericTile","properties":{"header":"Manage Resources"}},"wdio_ui5_key":"sapm.GenericTile{\"header\":\"Manage Resources\"}"}]}
RESULT: undefined
COMMAND: POST /session/a9b4e6b29d0180ba254fca33fbca36af/element - {"using":"xpath","value":"//*[@id=\"__tile31\"]"}
RESULT: {"using":"xpath","value":"//*[@id=\"__tile31\"]"}
COMMAND: POST /session/a9b4e6b29d0180ba254fca33fbca36af/element/f.7C9A75291D3E7FF457A20D966EE470C5.d.67CEAA9D19B263F0B9BDC7525F227731.e.6930/click - {}
RESULT: {}
COMMAND: GET /session/a9b4e6b29d0180ba254fca33fbca36af/screenshot - {}
RESULT: {}
COMMAND: POST /session/a9b4e6b29d0180ba254fca33fbca36af/element - {"using":"xpath","value":"//button[@data-kt=\"addNewRUOverflowToolbarButton\"]"}
RESULT: undefined
RESULT: undefined
RESULT: {"using":"xpath","value":"//button[@data-kt=\"addNewRUOverflowToolbarButton\"]"}
COMMAND: POST /session/a9b4e6b29d0180ba254fca33fbca36af/execute/sync - {"script":"<script> [8489 bytes]","args":[{"element-6066-11e4-a52e-4f735466cecf":"f.7C9A75291D3E7FF457A20D966EE470C5.d.67CEAA9D19B263F0B9BDC7525F227731.e.7055","ELEMENT":"f.7C9A75291D3E7FF457A20D966EE470C5.d.67CEAA9D19B263F0B9BDC7525F227731.e.7055"}]}
RESULT: {"script":"<script> [8489 bytes]","args":[{"element-6066-11e4-a52e-4f735466cecf":"f.7C9A75291D3E7FF457A20D966EE470C5.d.67CEAA9D19B263F0B9BDC7525F227731.e.7055","ELEMENT":"f.7C9A75291D3E7FF457A20D966EE470C5.d.67CEAA9D19B263F0B9BDC7525F227731.e.7055"}]}
COMMAND: POST /session/a9b4e6b29d0180ba254fca33fbca36af/element/f.7C9A75291D3E7FF457A20D966EE470C5.d.67CEAA9D19B263F0B9BDC7525F227731.e.7055/click - {}
COMMAND: GET /session/a9b4e6b29d0180ba254fca33fbca36af/screenshot - {}
RESULT: {}
COMMAND: GET /session/a9b4e6b29d0180ba254fca33fbca36af/screenshot - {}
RESULT: {}
COMMAND: POST /session/a9b4e6b29d0180ba254fca33fbca36af/execute/async - {"script":"<script> [1562 bytes]","args":[{"selector":{"controlType":"sap.m.ComboBox","viewName":"reusables.view.manageresources.NewResourceUnit","viewId":"application-manageresources-display-component---newResourceUnit","bindingPath":{"path":"","propertyPath":"/RuTypes","modelName":"catalogModel"},"searchOpenDialogs":true},"wdio_ui5_key":"reusablesview.manageresources.NewResourceUnitsap.m.ComboBox{\"path\":\"\",\"propertyPath\":\"/RuTypes\",\"modelName\":\"catalogModel\"}"}]}
RESULT: {}
RESULT: {"script":"<script> [1562 bytes]","args":[{"selector":{"controlType":"sap.m.ComboBox","viewName":"reusables.view.manageresources.NewResourceUnit","viewId":"application-manageresources-display-component---newResourceUnit","bindingPath":{"path":"","propertyPath":"/RuTypes","modelName":"catalogModel"},"searchOpenDialogs":true},"wdio_ui5_key":"reusablesview.manageresources.NewResourceUnitsap.m.ComboBox{\"path\":\"\",\"propertyPath\":\"/RuTypes\",\"modelName\":\"catalogModel\"}"}]}
RESULT: undefined
COMMAND: POST /session/a9b4e6b29d0180ba254fca33fbca36af/execute/async - {"script":"<script> [1562 bytes]","args":[{"selector":{"controlType":"sap.m.ComboBox","viewName":"reusables.view.manageresources.NewResourceUnit","viewId":"application-manageresources-display-component---newResourceUnit","bindingPath":{"path":"","propertyPath":"/Yards","modelName":"catalogModel"},"searchOpenDialogs":true},"wdio_ui5_key":"reusablesview.manageresources.NewResourceUnitsap.m.ComboBox{\"path\":\"\",\"propertyPath\":\"/Yards\",\"modelName\":\"catalogModel\"}"}]}
RESULT: {"script":"<script> [1562 bytes]","args":[{"selector":{"controlType":"sap.m.ComboBox","viewName":"reusables.view.manageresources.NewResourceUnit","viewId":"application-manageresources-display-component---newResourceUnit","bindingPath":{"path":"","propertyPath":"/Yards","modelName":"catalogModel"},"searchOpenDialogs":true},"wdio_ui5_key":"reusablesview.manageresources.NewResourceUnitsap.m.ComboBox{\"path\":\"\",\"propertyPath\":\"/Yards\",\"modelName\":\"catalogModel\"}"}]}
RESULT: undefined
COMMAND: POST /session/a9b4e6b29d0180ba254fca33fbca36af/execute/async - {"script":"<script> [1562 bytes]","args":[{"selector":{"controlType":"etm.portal.ui.reusables.customControls.LiveSearchComboBox","viewName":"reusables.view.manageresources.NewResourceUnit","viewId":"application-manageresources-display-component---newResourceUnit","bindingPath":{"path":"","propertyPath":"/CatalogItems","modelName":"catalogModel"},"searchOpenDialogs":true},"wdio_ui5_key":"reusablesview.manageresources.NewResourceUnitetm.portal.ui.reusables.customControls.LiveSearchComboBox{\"path\":\"\",\"propertyPath\":\"/CatalogItems\",\"modelName\":\"catalogModel\"}"}]}
RESULT: {"script":"<script> [1562 bytes]","args":[{"selector":{"controlType":"etm.portal.ui.reusables.customControls.LiveSearchComboBox","viewName":"reusables.view.manageresources.NewResourceUnit","viewId":"application-manageresources-display-component---newResourceUnit","bindingPath":{"path":"","propertyPath":"/CatalogItems","modelName":"catalogModel"},"searchOpenDialogs":true},"wdio_ui5_key":"reusablesview.manageresources.NewResourceUnitetm.portal.ui.reusables.customControls.LiveSearchComboBox{\"path\":\"\",\"propertyPath\":\"/CatalogItems\",\"modelName\":\"catalogModel\"}"}]}
RESULT: undefined
COMMAND: POST /session/a9b4e6b29d0180ba254fca33fbca36af/element - {"using":"xpath","value":"//bdi[text()=\"OK\"]"}
RESULT: {"using":"xpath","value":"//bdi[text()=\"OK\"]"}
COMMAND: POST /session/a9b4e6b29d0180ba254fca33fbca36af/elements - {"using":"xpath","value":"//bdi[text()=\"OK\"]"}
RESULT: {"using":"xpath","value":"//bdi[text()=\"OK\"]"}
COMMAND: POST /session/a9b4e6b29d0180ba254fca33fbca36af/elements - {"using":"xpath","value":"//bdi[text()=\"OK\"]"}
RESULT: {"using":"xpath","value":"//bdi[text()=\"OK\"]"}
COMMAND: POST /session/a9b4e6b29d0180ba254fca33fbca36af/elements - {"using":"xpath","value":"//bdi[text()=\"OK\"]"}
RESULT: {"using":"xpath","value":"//bdi[text()=\"OK\"]"}
COMMAND: POST /session/a9b4e6b29d0180ba254fca33fbca36af/elements - {"using":"xpath","value":"//bdi[text()=\"OK\"]"}
RESULT: {"using":"xpath","value":"//bdi[text()=\"OK\"]"}
COMMAND: POST /session/a9b4e6b29d0180ba254fca33fbca36af/elements - {"using":"xpath","value":"//bdi[text()=\"OK\"]"}
RESULT: {"using":"xpath","value":"//bdi[text()=\"OK\"]"}
COMMAND: POST /session/a9b4e6b29d0180ba254fca33fbca36af/elements - {"using":"xpath","value":"//bdi[text()=\"OK\"]"}
RESULT: {"using":"xpath","value":"//bdi[text()=\"OK\"]"}
COMMAND: POST /session/a9b4e6b29d0180ba254fca33fbca36af/elements - {"using":"xpath","value":"//bdi[text()=\"OK\"]"}
RESULT: {"using":"xpath","value":"//bdi[text()=\"OK\"]"}
COMMAND: POST /session/a9b4e6b29d0180ba254fca33fbca36af/elements - {"using":"xpath","value":"//bdi[text()=\"OK\"]"}
RESULT: {"using":"xpath","value":"//bdi[text()=\"OK\"]"}
COMMAND: POST /session/a9b4e6b29d0180ba254fca33fbca36af/elements - {"using":"xpath","value":"//bdi[text()=\"OK\"]"}
RESULT: {"using":"xpath","value":"//bdi[text()=\"OK\"]"}
COMMAND: POST /session/a9b4e6b29d0180ba254fca33fbca36af/elements - {"using":"xpath","value":"//bdi[text()=\"OK\"]"}
RESULT: {"using":"xpath","value":"//bdi[text()=\"OK\"]"}
COMMAND: POST /session/a9b4e6b29d0180ba254fca33fbca36af/elements - {"using":"xpath","value":"//bdi[text()=\"OK\"]"}
RESULT: {"using":"xpath","value":"//bdi[text()=\"OK\"]"}
COMMAND: POST /session/a9b4e6b29d0180ba254fca33fbca36af/elements - {"using":"xpath","value":"//bdi[text()=\"OK\"]"}
RESULT: {"using":"xpath","value":"//bdi[text()=\"OK\"]"}
COMMAND: POST /session/a9b4e6b29d0180ba254fca33fbca36af/elements - {"using":"xpath","value":"//bdi[text()=\"OK\"]"}
RESULT: {"using":"xpath","value":"//bdi[text()=\"OK\"]"}
COMMAND: POST /session/a9b4e6b29d0180ba254fca33fbca36af/elements - {"using":"xpath","value":"//bdi[text()=\"OK\"]"}
RESULT: {"using":"xpath","value":"//bdi[text()=\"OK\"]"}
COMMAND: POST /session/a9b4e6b29d0180ba254fca33fbca36af/elements - {"using":"xpath","value":"//bdi[text()=\"OK\"]"}
RESULT: {"using":"xpath","value":"//bdi[text()=\"OK\"]"}
COMMAND: POST /session/a9b4e6b29d0180ba254fca33fbca36af/elements - {"using":"xpath","value":"//bdi[text()=\"OK\"]"}
RESULT: {"using":"xpath","value":"//bdi[text()=\"OK\"]"}
COMMAND: POST /session/a9b4e6b29d0180ba254fca33fbca36af/elements - {"using":"xpath","value":"//bdi[text()=\"OK\"]"}
RESULT: {"using":"xpath","value":"//bdi[text()=\"OK\"]"}
COMMAND: POST /session/a9b4e6b29d0180ba254fca33fbca36af/elements - {"using":"xpath","value":"//bdi[text()=\"OK\"]"}
RESULT: {"using":"xpath","value":"//bdi[text()=\"OK\"]"}
COMMAND: POST /session/a9b4e6b29d0180ba254fca33fbca36af/elements - {"using":"xpath","value":"//bdi[text()=\"OK\"]"}
RESULT: {"using":"xpath","value":"//bdi[text()=\"OK\"]"}
COMMAND: POST /session/a9b4e6b29d0180ba254fca33fbca36af/elements - {"using":"xpath","value":"//bdi[text()=\"OK\"]"}
RESULT: {"using":"xpath","value":"//bdi[text()=\"OK\"]"}
COMMAND: POST /session/a9b4e6b29d0180ba254fca33fbca36af/elements - {"using":"xpath","value":"//bdi[text()=\"OK\"]"}
RESULT: {"using":"xpath","value":"//bdi[text()=\"OK\"]"}
COMMAND: POST /session/a9b4e6b29d0180ba254fca33fbca36af/elements - {"using":"xpath","value":"//bdi[text()=\"OK\"]"}
RESULT: {"using":"xpath","value":"//bdi[text()=\"OK\"]"}
COMMAND: POST /session/a9b4e6b29d0180ba254fca33fbca36af/elements - {"using":"xpath","value":"//bdi[text()=\"OK\"]"}
RESULT: {"using":"xpath","value":"//bdi[text()=\"OK\"]"}
COMMAND: POST /session/a9b4e6b29d0180ba254fca33fbca36af/elements - {"using":"xpath","value":"//bdi[text()=\"OK\"]"}
RESULT: {"using":"xpath","value":"//bdi[text()=\"OK\"]"}
COMMAND: POST /session/a9b4e6b29d0180ba254fca33fbca36af/elements - {"using":"xpath","value":"//bdi[text()=\"OK\"]"}
RESULT: {"using":"xpath","value":"//bdi[text()=\"OK\"]"}
COMMAND: POST /session/a9b4e6b29d0180ba254fca33fbca36af/elements - {"using":"xpath","value":"//bdi[text()=\"OK\"]"}
RESULT: {"using":"xpath","value":"//bdi[text()=\"OK\"]"}
COMMAND: POST /session/a9b4e6b29d0180ba254fca33fbca36af/elements - {"using":"xpath","value":"//bdi[text()=\"OK\"]"}
RESULT: {"using":"xpath","value":"//bdi[text()=\"OK\"]"}
COMMAND: POST /session/a9b4e6b29d0180ba254fca33fbca36af/elements - {"using":"xpath","value":"//bdi[text()=\"OK\"]"}
RESULT: {"using":"xpath","value":"//bdi[text()=\"OK\"]"}
COMMAND: POST /session/a9b4e6b29d0180ba254fca33fbca36af/elements - {"using":"xpath","value":"//bdi[text()=\"OK\"]"}
RESULT: {"using":"xpath","value":"//bdi[text()=\"OK\"]"}
COMMAND: POST /session/a9b4e6b29d0180ba254fca33fbca36af/elements - {"using":"xpath","value":"//bdi[text()=\"OK\"]"}
RESULT: {"using":"xpath","value":"//bdi[text()=\"OK\"]"}
COMMAND: POST /session/a9b4e6b29d0180ba254fca33fbca36af/elements - {"using":"xpath","value":"//bdi[text()=\"OK\"]"}
RESULT: {"using":"xpath","value":"//bdi[text()=\"OK\"]"}
COMMAND: POST /session/a9b4e6b29d0180ba254fca33fbca36af/elements - {"using":"xpath","value":"//bdi[text()=\"OK\"]"}
RESULT: {"using":"xpath","value":"//bdi[text()=\"OK\"]"}
COMMAND: POST /session/a9b4e6b29d0180ba254fca33fbca36af/elements - {"using":"xpath","value":"//bdi[text()=\"OK\"]"}
RESULT: {"using":"xpath","value":"//bdi[text()=\"OK\"]"}
COMMAND: POST /session/a9b4e6b29d0180ba254fca33fbca36af/elements - {"using":"xpath","value":"//bdi[text()=\"OK\"]"}
RESULT: {"using":"xpath","value":"//bdi[text()=\"OK\"]"}
COMMAND: POST /session/a9b4e6b29d0180ba254fca33fbca36af/elements - {"using":"xpath","value":"//bdi[text()=\"OK\"]"}
RESULT: {"using":"xpath","value":"//bdi[text()=\"OK\"]"}
COMMAND: POST /session/a9b4e6b29d0180ba254fca33fbca36af/elements - {"using":"xpath","value":"//bdi[text()=\"OK\"]"}
RESULT: {"using":"xpath","value":"//bdi[text()=\"OK\"]"}
COMMAND: POST /session/a9b4e6b29d0180ba254fca33fbca36af/elements - {"using":"xpath","value":"//bdi[text()=\"OK\"]"}
RESULT: {"using":"xpath","value":"//bdi[text()=\"OK\"]"}
COMMAND: POST /session/a9b4e6b29d0180ba254fca33fbca36af/elements - {"using":"xpath","value":"//bdi[text()=\"OK\"]"}
RESULT: {"using":"xpath","value":"//bdi[text()=\"OK\"]"}
COMMAND: POST /session/a9b4e6b29d0180ba254fca33fbca36af/elements - {"using":"xpath","value":"//bdi[text()=\"OK\"]"}
RESULT: {"using":"xpath","value":"//bdi[text()=\"OK\"]"}
COMMAND: POST /session/a9b4e6b29d0180ba254fca33fbca36af/elements - {"using":"xpath","value":"//bdi[text()=\"OK\"]"}
RESULT: {"using":"xpath","value":"//bdi[text()=\"OK\"]"}
COMMAND: POST /session/a9b4e6b29d0180ba254fca33fbca36af/elements - {"using":"xpath","value":"//bdi[text()=\"OK\"]"}
RESULT: {"using":"xpath","value":"//bdi[text()=\"OK\"]"}
COMMAND: POST /session/a9b4e6b29d0180ba254fca33fbca36af/elements - {"using":"xpath","value":"//bdi[text()=\"OK\"]"}
RESULT: {"using":"xpath","value":"//bdi[text()=\"OK\"]"}
COMMAND: POST /session/a9b4e6b29d0180ba254fca33fbca36af/elements - {"using":"xpath","value":"//bdi[text()=\"OK\"]"}
RESULT: {"using":"xpath","value":"//bdi[text()=\"OK\"]"}
COMMAND: POST /session/a9b4e6b29d0180ba254fca33fbca36af/elements - {"using":"xpath","value":"//bdi[text()=\"OK\"]"}
RESULT: {"using":"xpath","value":"//bdi[text()=\"OK\"]"}
COMMAND: POST /session/a9b4e6b29d0180ba254fca33fbca36af/elements - {"using":"xpath","value":"//bdi[text()=\"OK\"]"}
RESULT: {"using":"xpath","value":"//bdi[text()=\"OK\"]"}
COMMAND: POST /session/a9b4e6b29d0180ba254fca33fbca36af/elements - {"using":"xpath","value":"//bdi[text()=\"OK\"]"}
RESULT: {"using":"xpath","value":"//bdi[text()=\"OK\"]"}
COMMAND: POST /session/a9b4e6b29d0180ba254fca33fbca36af/elements - {"using":"xpath","value":"//bdi[text()=\"OK\"]"}
RESULT: {"using":"xpath","value":"//bdi[text()=\"OK\"]"}
COMMAND: POST /session/a9b4e6b29d0180ba254fca33fbca36af/elements - {"using":"xpath","value":"//bdi[text()=\"OK\"]"}
RESULT: {"using":"xpath","value":"//bdi[text()=\"OK\"]"}
COMMAND: POST /session/a9b4e6b29d0180ba254fca33fbca36af/elements - {"using":"xpath","value":"//bdi[text()=\"OK\"]"}
RESULT: {"using":"xpath","value":"//bdi[text()=\"OK\"]"}
COMMAND: POST /session/a9b4e6b29d0180ba254fca33fbca36af/elements - {"using":"xpath","value":"//bdi[text()=\"OK\"]"}
RESULT: {"using":"xpath","value":"//bdi[text()=\"OK\"]"}
COMMAND: POST /session/a9b4e6b29d0180ba254fca33fbca36af/elements - {"using":"xpath","value":"//bdi[text()=\"OK\"]"}
RESULT: {"using":"xpath","value":"//bdi[text()=\"OK\"]"}
COMMAND: POST /session/a9b4e6b29d0180ba254fca33fbca36af/elements - {"using":"xpath","value":"//bdi[text()=\"OK\"]"}
RESULT: {"using":"xpath","value":"//bdi[text()=\"OK\"]"}
COMMAND: POST /session/a9b4e6b29d0180ba254fca33fbca36af/elements - {"using":"xpath","value":"//bdi[text()=\"OK\"]"}
RESULT: {"using":"xpath","value":"//bdi[text()=\"OK\"]"}
COMMAND: POST /session/a9b4e6b29d0180ba254fca33fbca36af/elements - {"using":"xpath","value":"//bdi[text()=\"OK\"]"}
RESULT: {"using":"xpath","value":"//bdi[text()=\"OK\"]"}
COMMAND: POST /session/a9b4e6b29d0180ba254fca33fbca36af/elements - {"using":"xpath","value":"//bdi[text()=\"OK\"]"}
RESULT: {"using":"xpath","value":"//bdi[text()=\"OK\"]"}
COMMAND: POST /session/a9b4e6b29d0180ba254fca33fbca36af/elements - {"using":"xpath","value":"//bdi[text()=\"OK\"]"}
RESULT: {"using":"xpath","value":"//bdi[text()=\"OK\"]"}
COMMAND: POST /session/a9b4e6b29d0180ba254fca33fbca36af/elements - {"using":"xpath","value":"//bdi[text()=\"OK\"]"}
RESULT: {"using":"xpath","value":"//bdi[text()=\"OK\"]"}
COMMAND: POST /session/a9b4e6b29d0180ba254fca33fbca36af/elements - {"using":"xpath","value":"//bdi[text()=\"OK\"]"}
RESULT: {"using":"xpath","value":"//bdi[text()=\"OK\"]"}
COMMAND: POST /session/a9b4e6b29d0180ba254fca33fbca36af/elements - {"using":"xpath","value":"//bdi[text()=\"OK\"]"}
RESULT: {"using":"xpath","value":"//bdi[text()=\"OK\"]"}
COMMAND: POST /session/a9b4e6b29d0180ba254fca33fbca36af/elements - {"using":"xpath","value":"//bdi[text()=\"OK\"]"}
RESULT: {"using":"xpath","value":"//bdi[text()=\"OK\"]"}
COMMAND: POST /session/a9b4e6b29d0180ba254fca33fbca36af/elements - {"using":"xpath","value":"//bdi[text()=\"OK\"]"}
RESULT: {"using":"xpath","value":"//bdi[text()=\"OK\"]"}
COMMAND: POST /session/a9b4e6b29d0180ba254fca33fbca36af/elements - {"using":"xpath","value":"//bdi[text()=\"OK\"]"}
RESULT: {"using":"xpath","value":"//bdi[text()=\"OK\"]"}
COMMAND: POST /session/a9b4e6b29d0180ba254fca33fbca36af/elements - {"using":"xpath","value":"//bdi[text()=\"OK\"]"}
RESULT: {"using":"xpath","value":"//bdi[text()=\"OK\"]"}
COMMAND: POST /session/a9b4e6b29d0180ba254fca33fbca36af/elements - {"using":"xpath","value":"//bdi[text()=\"OK\"]"}
RESULT: {"using":"xpath","value":"//bdi[text()=\"OK\"]"}
COMMAND: POST /session/a9b4e6b29d0180ba254fca33fbca36af/elements - {"using":"xpath","value":"//bdi[text()=\"OK\"]"}
RESULT: {"using":"xpath","value":"//bdi[text()=\"OK\"]"}
COMMAND: POST /session/a9b4e6b29d0180ba254fca33fbca36af/elements - {"using":"xpath","value":"//bdi[text()=\"OK\"]"}
RESULT: {"using":"xpath","value":"//bdi[text()=\"OK\"]"}
COMMAND: POST /session/a9b4e6b29d0180ba254fca33fbca36af/elements - {"using":"xpath","value":"//bdi[text()=\"OK\"]"}
RESULT: {"using":"xpath","value":"//bdi[text()=\"OK\"]"}
COMMAND: POST /session/a9b4e6b29d0180ba254fca33fbca36af/elements - {"using":"xpath","value":"//bdi[text()=\"OK\"]"}
RESULT: {"using":"xpath","value":"//bdi[text()=\"OK\"]"}
COMMAND: POST /session/a9b4e6b29d0180ba254fca33fbca36af/elements - {"using":"xpath","value":"//bdi[text()=\"OK\"]"}
RESULT: {"using":"xpath","value":"//bdi[text()=\"OK\"]"}
COMMAND: POST /session/a9b4e6b29d0180ba254fca33fbca36af/elements - {"using":"xpath","value":"//bdi[text()=\"OK\"]"}
RESULT: {"using":"xpath","value":"//bdi[text()=\"OK\"]"}
COMMAND: POST /session/a9b4e6b29d0180ba254fca33fbca36af/elements - {"using":"xpath","value":"//bdi[text()=\"OK\"]"}
RESULT: {"using":"xpath","value":"//bdi[text()=\"OK\"]"}
COMMAND: POST /session/a9b4e6b29d0180ba254fca33fbca36af/elements - {"using":"xpath","value":"//bdi[text()=\"OK\"]"}
RESULT: {"using":"xpath","value":"//bdi[text()=\"OK\"]"}
COMMAND: POST /session/a9b4e6b29d0180ba254fca33fbca36af/elements - {"using":"xpath","value":"//bdi[text()=\"OK\"]"}
RESULT: {"using":"xpath","value":"//bdi[text()=\"OK\"]"}
COMMAND: POST /session/a9b4e6b29d0180ba254fca33fbca36af/elements - {"using":"xpath","value":"//bdi[text()=\"OK\"]"}
RESULT: {"using":"xpath","value":"//bdi[text()=\"OK\"]"}
COMMAND: POST /session/a9b4e6b29d0180ba254fca33fbca36af/elements - {"using":"xpath","value":"//bdi[text()=\"OK\"]"}
RESULT: {"using":"xpath","value":"//bdi[text()=\"OK\"]"}
COMMAND: POST /session/a9b4e6b29d0180ba254fca33fbca36af/elements - {"using":"xpath","value":"//bdi[text()=\"OK\"]"}
RESULT: {"using":"xpath","value":"//bdi[text()=\"OK\"]"}
COMMAND: POST /session/a9b4e6b29d0180ba254fca33fbca36af/elements - {"using":"xpath","value":"//bdi[text()=\"OK\"]"}
RESULT: {"using":"xpath","value":"//bdi[text()=\"OK\"]"}
COMMAND: POST /session/a9b4e6b29d0180ba254fca33fbca36af/elements - {"using":"xpath","value":"//bdi[text()=\"OK\"]"}
RESULT: {"using":"xpath","value":"//bdi[text()=\"OK\"]"}
COMMAND: POST /session/a9b4e6b29d0180ba254fca33fbca36af/elements - {"using":"xpath","value":"//bdi[text()=\"OK\"]"}
RESULT: {"using":"xpath","value":"//bdi[text()=\"OK\"]"}
COMMAND: POST /session/a9b4e6b29d0180ba254fca33fbca36af/elements - {"using":"xpath","value":"//bdi[text()=\"OK\"]"}
RESULT: {"using":"xpath","value":"//bdi[text()=\"OK\"]"}
COMMAND: POST /session/a9b4e6b29d0180ba254fca33fbca36af/elements - {"using":"xpath","value":"//bdi[text()=\"OK\"]"}
RESULT: {"using":"xpath","value":"//bdi[text()=\"OK\"]"}
COMMAND: POST /session/a9b4e6b29d0180ba254fca33fbca36af/elements - {"using":"xpath","value":"//bdi[text()=\"OK\"]"}
RESULT: {"using":"xpath","value":"//bdi[text()=\"OK\"]"}
COMMAND: POST /session/a9b4e6b29d0180ba254fca33fbca36af/elements - {"using":"xpath","value":"//bdi[text()=\"OK\"]"}
RESULT: {"using":"xpath","value":"//bdi[text()=\"OK\"]"}
COMMAND: POST /session/a9b4e6b29d0180ba254fca33fbca36af/elements - {"using":"xpath","value":"//bdi[text()=\"OK\"]"}
RESULT: {"using":"xpath","value":"//bdi[text()=\"OK\"]"}
COMMAND: POST /session/a9b4e6b29d0180ba254fca33fbca36af/elements - {"using":"xpath","value":"//bdi[text()=\"OK\"]"}
RESULT: {"using":"xpath","value":"//bdi[text()=\"OK\"]"}
COMMAND: POST /session/a9b4e6b29d0180ba254fca33fbca36af/elements - {"using":"xpath","value":"//bdi[text()=\"OK\"]"}
RESULT: {"using":"xpath","value":"//bdi[text()=\"OK\"]"}
COMMAND: POST /session/a9b4e6b29d0180ba254fca33fbca36af/elements - {"using":"xpath","value":"//bdi[text()=\"OK\"]"}
RESULT: {"using":"xpath","value":"//bdi[text()=\"OK\"]"}
COMMAND: POST /session/a9b4e6b29d0180ba254fca33fbca36af/elements - {"using":"xpath","value":"//bdi[text()=\"OK\"]"}
RESULT: {"using":"xpath","value":"//bdi[text()=\"OK\"]"}
COMMAND: POST /session/a9b4e6b29d0180ba254fca33fbca36af/elements - {"using":"xpath","value":"//bdi[text()=\"OK\"]"}
RESULT: {"using":"xpath","value":"//bdi[text()=\"OK\"]"}
COMMAND: POST /session/a9b4e6b29d0180ba254fca33fbca36af/elements - {"using":"xpath","value":"//bdi[text()=\"OK\"]"}
RESULT: {"using":"xpath","value":"//bdi[text()=\"OK\"]"}
COMMAND: POST /session/a9b4e6b29d0180ba254fca33fbca36af/elements - {"using":"xpath","value":"//bdi[text()=\"OK\"]"}
RESULT: {"using":"xpath","value":"//bdi[text()=\"OK\"]"}
COMMAND: POST /session/a9b4e6b29d0180ba254fca33fbca36af/elements - {"using":"xpath","value":"//bdi[text()=\"OK\"]"}
RESULT: {"using":"xpath","value":"//bdi[text()=\"OK\"]"}
COMMAND: POST /session/a9b4e6b29d0180ba254fca33fbca36af/elements - {"using":"xpath","value":"//bdi[text()=\"OK\"]"}
RESULT: {"using":"xpath","value":"//bdi[text()=\"OK\"]"}
COMMAND: POST /session/a9b4e6b29d0180ba254fca33fbca36af/elements - {"using":"xpath","value":"//bdi[text()=\"OK\"]"}
RESULT: {"using":"xpath","value":"//bdi[text()=\"OK\"]"}
COMMAND: POST /session/a9b4e6b29d0180ba254fca33fbca36af/elements - {"using":"xpath","value":"//bdi[text()=\"OK\"]"}
RESULT: {"using":"xpath","value":"//bdi[text()=\"OK\"]"}
COMMAND: POST /session/a9b4e6b29d0180ba254fca33fbca36af/elements - {"using":"xpath","value":"//bdi[text()=\"OK\"]"}
RESULT: {"using":"xpath","value":"//bdi[text()=\"OK\"]"}
COMMAND: POST /session/a9b4e6b29d0180ba254fca33fbca36af/elements - {"using":"xpath","value":"//bdi[text()=\"OK\"]"}
RESULT: {"using":"xpath","value":"//bdi[text()=\"OK\"]"}
COMMAND: POST /session/a9b4e6b29d0180ba254fca33fbca36af/elements - {"using":"xpath","value":"//bdi[text()=\"OK\"]"}
RESULT: {"using":"xpath","value":"//bdi[text()=\"OK\"]"}
COMMAND: POST /session/a9b4e6b29d0180ba254fca33fbca36af/elements - {"using":"xpath","value":"//bdi[text()=\"OK\"]"}
RESULT: {"using":"xpath","value":"//bdi[text()=\"OK\"]"}
COMMAND: POST /session/a9b4e6b29d0180ba254fca33fbca36af/elements - {"using":"xpath","value":"//bdi[text()=\"OK\"]"}
RESULT: {"using":"xpath","value":"//bdi[text()=\"OK\"]"}
COMMAND: POST /session/a9b4e6b29d0180ba254fca33fbca36af/elements - {"using":"xpath","value":"//bdi[text()=\"OK\"]"}
RESULT: {"using":"xpath","value":"//bdi[text()=\"OK\"]"}
COMMAND: POST /session/a9b4e6b29d0180ba254fca33fbca36af/elements - {"using":"xpath","value":"//bdi[text()=\"OK\"]"}
RESULT: {"using":"xpath","value":"//bdi[text()=\"OK\"]"}
COMMAND: POST /session/a9b4e6b29d0180ba254fca33fbca36af/elements - {"using":"xpath","value":"//bdi[text()=\"OK\"]"}
RESULT: {"using":"xpath","value":"//bdi[text()=\"OK\"]"}
COMMAND: POST /session/a9b4e6b29d0180ba254fca33fbca36af/elements - {"using":"xpath","value":"//bdi[text()=\"OK\"]"}
RESULT: {"using":"xpath","value":"//bdi[text()=\"OK\"]"}
COMMAND: POST /session/a9b4e6b29d0180ba254fca33fbca36af/elements - {"using":"xpath","value":"//bdi[text()=\"OK\"]"}
RESULT: {"using":"xpath","value":"//bdi[text()=\"OK\"]"}
COMMAND: POST /session/a9b4e6b29d0180ba254fca33fbca36af/elements - {"using":"xpath","value":"//bdi[text()=\"OK\"]"}
RESULT: {"using":"xpath","value":"//bdi[text()=\"OK\"]"}
COMMAND: POST /session/a9b4e6b29d0180ba254fca33fbca36af/elements - {"using":"xpath","value":"//bdi[text()=\"OK\"]"}
RESULT: {"using":"xpath","value":"//bdi[text()=\"OK\"]"}
COMMAND: POST /session/a9b4e6b29d0180ba254fca33fbca36af/elements - {"using":"xpath","value":"//bdi[text()=\"OK\"]"}
RESULT: {"using":"xpath","value":"//bdi[text()=\"OK\"]"}
COMMAND: POST /session/a9b4e6b29d0180ba254fca33fbca36af/elements - {"using":"xpath","value":"//bdi[text()=\"OK\"]"}
RESULT: {"using":"xpath","value":"//bdi[text()=\"OK\"]"}
COMMAND: POST /session/a9b4e6b29d0180ba254fca33fbca36af/elements - {"using":"xpath","value":"//bdi[text()=\"OK\"]"}
RESULT: {"using":"xpath","value":"//bdi[text()=\"OK\"]"}
COMMAND: POST /session/a9b4e6b29d0180ba254fca33fbca36af/elements - {"using":"xpath","value":"//bdi[text()=\"OK\"]"}
RESULT: {"using":"xpath","value":"//bdi[text()=\"OK\"]"}
COMMAND: POST /session/a9b4e6b29d0180ba254fca33fbca36af/elements - {"using":"xpath","value":"//bdi[text()=\"OK\"]"}
RESULT: {"using":"xpath","value":"//bdi[text()=\"OK\"]"}
COMMAND: POST /session/a9b4e6b29d0180ba254fca33fbca36af/elements - {"using":"xpath","value":"//bdi[text()=\"OK\"]"}
RESULT: {"using":"xpath","value":"//bdi[text()=\"OK\"]"}
COMMAND: POST /session/a9b4e6b29d0180ba254fca33fbca36af/elements - {"using":"xpath","value":"//bdi[text()=\"OK\"]"}
RESULT: {"using":"xpath","value":"//bdi[text()=\"OK\"]"}
COMMAND: POST /session/a9b4e6b29d0180ba254fca33fbca36af/elements - {"using":"xpath","value":"//bdi[text()=\"OK\"]"}
RESULT: {"using":"xpath","value":"//bdi[text()=\"OK\"]"}
COMMAND: POST /session/a9b4e6b29d0180ba254fca33fbca36af/elements - {"using":"xpath","value":"//bdi[text()=\"OK\"]"}
RESULT: {"using":"xpath","value":"//bdi[text()=\"OK\"]"}
COMMAND: POST /session/a9b4e6b29d0180ba254fca33fbca36af/elements - {"using":"xpath","value":"//bdi[text()=\"OK\"]"}
RESULT: {"using":"xpath","value":"//bdi[text()=\"OK\"]"}
COMMAND: POST /session/a9b4e6b29d0180ba254fca33fbca36af/elements - {"using":"xpath","value":"//bdi[text()=\"OK\"]"}
RESULT: {"using":"xpath","value":"//bdi[text()=\"OK\"]"}
COMMAND: POST /session/a9b4e6b29d0180ba254fca33fbca36af/elements - {"using":"xpath","value":"//bdi[text()=\"OK\"]"}
RESULT: {"using":"xpath","value":"//bdi[text()=\"OK\"]"}
COMMAND: POST /session/a9b4e6b29d0180ba254fca33fbca36af/elements - {"using":"xpath","value":"//bdi[text()=\"OK\"]"}
RESULT: {"using":"xpath","value":"//bdi[text()=\"OK\"]"}
COMMAND: POST /session/a9b4e6b29d0180ba254fca33fbca36af/element - {"using":"xpath","value":"//bdi[text()=\"OK\"]"}
RESULT: {"using":"xpath","value":"//bdi[text()=\"OK\"]"}
COMMAND: POST /session/a9b4e6b29d0180ba254fca33fbca36af/elements - {"using":"xpath","value":"//bdi[text()=\"OK\"]"}
RESULT: {"using":"xpath","value":"//bdi[text()=\"OK\"]"}
COMMAND: POST /session/a9b4e6b29d0180ba254fca33fbca36af/elements - {"using":"xpath","value":"//bdi[text()=\"OK\"]"}
RESULT: {"using":"xpath","value":"//bdi[text()=\"OK\"]"}
COMMAND: POST /session/a9b4e6b29d0180ba254fca33fbca36af/elements - {"using":"xpath","value":"//bdi[text()=\"OK\"]"}
RESULT: {"using":"xpath","value":"//bdi[text()=\"OK\"]"}
COMMAND: POST /session/a9b4e6b29d0180ba254fca33fbca36af/elements - {"using":"xpath","value":"//bdi[text()=\"OK\"]"}
RESULT: {"using":"xpath","value":"//bdi[text()=\"OK\"]"}
COMMAND: POST /session/a9b4e6b29d0180ba254fca33fbca36af/elements - {"using":"xpath","value":"//bdi[text()=\"OK\"]"}
RESULT: {"using":"xpath","value":"//bdi[text()=\"OK\"]"}
COMMAND: POST /session/a9b4e6b29d0180ba254fca33fbca36af/elements - {"using":"xpath","value":"//bdi[text()=\"OK\"]"}
RESULT: {"using":"xpath","value":"//bdi[text()=\"OK\"]"}
COMMAND: POST /session/a9b4e6b29d0180ba254fca33fbca36af/elements - {"using":"xpath","value":"//bdi[text()=\"OK\"]"}
RESULT: {"using":"xpath","value":"//bdi[text()=\"OK\"]"}
COMMAND: POST /session/a9b4e6b29d0180ba254fca33fbca36af/elements - {"using":"xpath","value":"//bdi[text()=\"OK\"]"}
RESULT: {"using":"xpath","value":"//bdi[text()=\"OK\"]"}
COMMAND: POST /session/a9b4e6b29d0180ba254fca33fbca36af/elements - {"using":"xpath","value":"//bdi[text()=\"OK\"]"}
RESULT: {"using":"xpath","value":"//bdi[text()=\"OK\"]"}
COMMAND: POST /session/a9b4e6b29d0180ba254fca33fbca36af/elements - {"using":"xpath","value":"//bdi[text()=\"OK\"]"}
RESULT: {"using":"xpath","value":"//bdi[text()=\"OK\"]"}
COMMAND: POST /session/a9b4e6b29d0180ba254fca33fbca36af/elements - {"using":"xpath","value":"//bdi[text()=\"OK\"]"}
RESULT: {"using":"xpath","value":"//bdi[text()=\"OK\"]"}
COMMAND: POST /session/a9b4e6b29d0180ba254fca33fbca36af/elements - {"using":"xpath","value":"//bdi[text()=\"OK\"]"}
RESULT: {"using":"xpath","value":"//bdi[text()=\"OK\"]"}
COMMAND: POST /session/a9b4e6b29d0180ba254fca33fbca36af/elements - {"using":"xpath","value":"//bdi[text()=\"OK\"]"}
RESULT: {"using":"xpath","value":"//bdi[text()=\"OK\"]"}
COMMAND: POST /session/a9b4e6b29d0180ba254fca33fbca36af/elements - {"using":"xpath","value":"//bdi[text()=\"OK\"]"}
RESULT: {"using":"xpath","value":"//bdi[text()=\"OK\"]"}
COMMAND: POST /session/a9b4e6b29d0180ba254fca33fbca36af/elements - {"using":"xpath","value":"//bdi[text()=\"OK\"]"}
RESULT: {"using":"xpath","value":"//bdi[text()=\"OK\"]"}
COMMAND: POST /session/a9b4e6b29d0180ba254fca33fbca36af/elements - {"using":"xpath","value":"//bdi[text()=\"OK\"]"}
RESULT: {"using":"xpath","value":"//bdi[text()=\"OK\"]"}
COMMAND: POST /session/a9b4e6b29d0180ba254fca33fbca36af/elements - {"using":"xpath","value":"//bdi[text()=\"OK\"]"}
RESULT: {"using":"xpath","value":"//bdi[text()=\"OK\"]"}
COMMAND: POST /session/a9b4e6b29d0180ba254fca33fbca36af/elements - {"using":"xpath","value":"//bdi[text()=\"OK\"]"}
RESULT: {"using":"xpath","value":"//bdi[text()=\"OK\"]"}
COMMAND: POST /session/a9b4e6b29d0180ba254fca33fbca36af/elements - {"using":"xpath","value":"//bdi[text()=\"OK\"]"}
RESULT: {"using":"xpath","value":"//bdi[text()=\"OK\"]"}
COMMAND: POST /session/a9b4e6b29d0180ba254fca33fbca36af/elements - {"using":"xpath","value":"//bdi[text()=\"OK\"]"}
RESULT: {"using":"xpath","value":"//bdi[text()=\"OK\"]"}
COMMAND: POST /session/a9b4e6b29d0180ba254fca33fbca36af/elements - {"using":"xpath","value":"//bdi[text()=\"OK\"]"}
RESULT: {"using":"xpath","value":"//bdi[text()=\"OK\"]"}
COMMAND: POST /session/a9b4e6b29d0180ba254fca33fbca36af/elements - {"using":"xpath","value":"//bdi[text()=\"OK\"]"}
RESULT: {"using":"xpath","value":"//bdi[text()=\"OK\"]"}
COMMAND: POST /session/a9b4e6b29d0180ba254fca33fbca36af/elements - {"using":"xpath","value":"//bdi[text()=\"OK\"]"}
RESULT: {"using":"xpath","value":"//bdi[text()=\"OK\"]"}
COMMAND: POST /session/a9b4e6b29d0180ba254fca33fbca36af/elements - {"using":"xpath","value":"//bdi[text()=\"OK\"]"}
RESULT: {"using":"xpath","value":"//bdi[text()=\"OK\"]"}
COMMAND: POST /session/a9b4e6b29d0180ba254fca33fbca36af/elements - {"using":"xpath","value":"//bdi[text()=\"OK\"]"}
RESULT: {"using":"xpath","value":"//bdi[text()=\"OK\"]"}
COMMAND: POST /session/a9b4e6b29d0180ba254fca33fbca36af/elements - {"using":"xpath","value":"//bdi[text()=\"OK\"]"}
RESULT: {"using":"xpath","value":"//bdi[text()=\"OK\"]"}
COMMAND: POST /session/a9b4e6b29d0180ba254fca33fbca36af/elements - {"using":"xpath","value":"//bdi[text()=\"OK\"]"}
RESULT: {"using":"xpath","value":"//bdi[text()=\"OK\"]"}
COMMAND: POST /session/a9b4e6b29d0180ba254fca33fbca36af/elements - {"using":"xpath","value":"//bdi[text()=\"OK\"]"}
RESULT: {"using":"xpath","value":"//bdi[text()=\"OK\"]"}
COMMAND: POST /session/a9b4e6b29d0180ba254fca33fbca36af/elements - {"using":"xpath","value":"//bdi[text()=\"OK\"]"}
RESULT: {"using":"xpath","value":"//bdi[text()=\"OK\"]"}
COMMAND: POST /session/a9b4e6b29d0180ba254fca33fbca36af/elements - {"using":"xpath","value":"//bdi[text()=\"OK\"]"}
RESULT: {"using":"xpath","value":"//bdi[text()=\"OK\"]"}
COMMAND: POST /session/a9b4e6b29d0180ba254fca33fbca36af/elements - {"using":"xpath","value":"//bdi[text()=\"OK\"]"}
RESULT: {"using":"xpath","value":"//bdi[text()=\"OK\"]"}
COMMAND: POST /session/a9b4e6b29d0180ba254fca33fbca36af/elements - {"using":"xpath","value":"//bdi[text()=\"OK\"]"}
RESULT: {"using":"xpath","value":"//bdi[text()=\"OK\"]"}
COMMAND: POST /session/a9b4e6b29d0180ba254fca33fbca36af/elements - {"using":"xpath","value":"//bdi[text()=\"OK\"]"}
RESULT: {"using":"xpath","value":"//bdi[text()=\"OK\"]"}
COMMAND: POST /session/a9b4e6b29d0180ba254fca33fbca36af/elements - {"using":"xpath","value":"//bdi[text()=\"OK\"]"}
RESULT: {"using":"xpath","value":"//bdi[text()=\"OK\"]"}
COMMAND: POST /session/a9b4e6b29d0180ba254fca33fbca36af/elements - {"using":"xpath","value":"//bdi[text()=\"OK\"]"}
RESULT: {"using":"xpath","value":"//bdi[text()=\"OK\"]"}
COMMAND: POST /session/a9b4e6b29d0180ba254fca33fbca36af/elements - {"using":"xpath","value":"//bdi[text()=\"OK\"]"}
RESULT: {"using":"xpath","value":"//bdi[text()=\"OK\"]"}
COMMAND: POST /session/a9b4e6b29d0180ba254fca33fbca36af/elements - {"using":"xpath","value":"//bdi[text()=\"OK\"]"}
RESULT: {"using":"xpath","value":"//bdi[text()=\"OK\"]"}
COMMAND: POST /session/a9b4e6b29d0180ba254fca33fbca36af/elements - {"using":"xpath","value":"//bdi[text()=\"OK\"]"}
RESULT: {"using":"xpath","value":"//bdi[text()=\"OK\"]"}
COMMAND: POST /session/a9b4e6b29d0180ba254fca33fbca36af/elements - {"using":"xpath","value":"//bdi[text()=\"OK\"]"}
RESULT: {"using":"xpath","value":"//bdi[text()=\"OK\"]"}
COMMAND: POST /session/a9b4e6b29d0180ba254fca33fbca36af/elements - {"using":"xpath","value":"//bdi[text()=\"OK\"]"}
RESULT: {"using":"xpath","value":"//bdi[text()=\"OK\"]"}
COMMAND: POST /session/a9b4e6b29d0180ba254fca33fbca36af/elements - {"using":"xpath","value":"//bdi[text()=\"OK\"]"}
RESULT: {"using":"xpath","value":"//bdi[text()=\"OK\"]"}
COMMAND: POST /session/a9b4e6b29d0180ba254fca33fbca36af/elements - {"using":"xpath","value":"//bdi[text()=\"OK\"]"}
RESULT: {"using":"xpath","value":"//bdi[text()=\"OK\"]"}
COMMAND: POST /session/a9b4e6b29d0180ba254fca33fbca36af/elements - {"using":"xpath","value":"//bdi[text()=\"OK\"]"}
RESULT: {"using":"xpath","value":"//bdi[text()=\"OK\"]"}
COMMAND: POST /session/a9b4e6b29d0180ba254fca33fbca36af/elements - {"using":"xpath","value":"//bdi[text()=\"OK\"]"}
RESULT: {"using":"xpath","value":"//bdi[text()=\"OK\"]"}
COMMAND: POST /session/a9b4e6b29d0180ba254fca33fbca36af/elements - {"using":"xpath","value":"//bdi[text()=\"OK\"]"}
RESULT: {"using":"xpath","value":"//bdi[text()=\"OK\"]"}
COMMAND: POST /session/a9b4e6b29d0180ba254fca33fbca36af/elements - {"using":"xpath","value":"//bdi[text()=\"OK\"]"}
RESULT: {"using":"xpath","value":"//bdi[text()=\"OK\"]"}
COMMAND: POST /session/a9b4e6b29d0180ba254fca33fbca36af/elements - {"using":"xpath","value":"//bdi[text()=\"OK\"]"}
RESULT: {"using":"xpath","value":"//bdi[text()=\"OK\"]"}
COMMAND: POST /session/a9b4e6b29d0180ba254fca33fbca36af/elements - {"using":"xpath","value":"//bdi[text()=\"OK\"]"}
RESULT: {"using":"xpath","value":"//bdi[text()=\"OK\"]"}
COMMAND: POST /session/a9b4e6b29d0180ba254fca33fbca36af/elements - {"using":"xpath","value":"//bdi[text()=\"OK\"]"}
RESULT: {"using":"xpath","value":"//bdi[text()=\"OK\"]"}
COMMAND: POST /session/a9b4e6b29d0180ba254fca33fbca36af/elements - {"using":"xpath","value":"//bdi[text()=\"OK\"]"}
RESULT: {"using":"xpath","value":"//bdi[text()=\"OK\"]"}
COMMAND: POST /session/a9b4e6b29d0180ba254fca33fbca36af/elements - {"using":"xpath","value":"//bdi[text()=\"OK\"]"}
RESULT: {"using":"xpath","value":"//bdi[text()=\"OK\"]"}
COMMAND: POST /session/a9b4e6b29d0180ba254fca33fbca36af/elements - {"using":"xpath","value":"//bdi[text()=\"OK\"]"}
RESULT: {"using":"xpath","value":"//bdi[text()=\"OK\"]"}
COMMAND: POST /session/a9b4e6b29d0180ba254fca33fbca36af/elements - {"using":"xpath","value":"//bdi[text()=\"OK\"]"}
RESULT: {"using":"xpath","value":"//bdi[text()=\"OK\"]"}
COMMAND: POST /session/a9b4e6b29d0180ba254fca33fbca36af/elements - {"using":"xpath","value":"//bdi[text()=\"OK\"]"}
RESULT: {"using":"xpath","value":"//bdi[text()=\"OK\"]"}
COMMAND: POST /session/a9b4e6b29d0180ba254fca33fbca36af/elements - {"using":"xpath","value":"//bdi[text()=\"OK\"]"}
RESULT: {"using":"xpath","value":"//bdi[text()=\"OK\"]"}
COMMAND: POST /session/a9b4e6b29d0180ba254fca33fbca36af/elements - {"using":"xpath","value":"//bdi[text()=\"OK\"]"}
RESULT: {"using":"xpath","value":"//bdi[text()=\"OK\"]"}
COMMAND: POST /session/a9b4e6b29d0180ba254fca33fbca36af/elements - {"using":"xpath","value":"//bdi[text()=\"OK\"]"}
RESULT: {"using":"xpath","value":"//bdi[text()=\"OK\"]"}
COMMAND: POST /session/a9b4e6b29d0180ba254fca33fbca36af/elements - {"using":"xpath","value":"//bdi[text()=\"OK\"]"}
RESULT: {"using":"xpath","value":"//bdi[text()=\"OK\"]"}
COMMAND: POST /session/a9b4e6b29d0180ba254fca33fbca36af/elements - {"using":"xpath","value":"//bdi[text()=\"OK\"]"}
RESULT: {"using":"xpath","value":"//bdi[text()=\"OK\"]"}
COMMAND: POST /session/a9b4e6b29d0180ba254fca33fbca36af/elements - {"using":"xpath","value":"//bdi[text()=\"OK\"]"}
RESULT: {"using":"xpath","value":"//bdi[text()=\"OK\"]"}
COMMAND: POST /session/a9b4e6b29d0180ba254fca33fbca36af/elements - {"using":"xpath","value":"//bdi[text()=\"OK\"]"}
RESULT: {"using":"xpath","value":"//bdi[text()=\"OK\"]"}
COMMAND: POST /session/a9b4e6b29d0180ba254fca33fbca36af/elements - {"using":"xpath","value":"//bdi[text()=\"OK\"]"}
RESULT: {"using":"xpath","value":"//bdi[text()=\"OK\"]"}
COMMAND: POST /session/a9b4e6b29d0180ba254fca33fbca36af/elements - {"using":"xpath","value":"//bdi[text()=\"OK\"]"}
RESULT: {"using":"xpath","value":"//bdi[text()=\"OK\"]"}
COMMAND: POST /session/a9b4e6b29d0180ba254fca33fbca36af/elements - {"using":"xpath","value":"//bdi[text()=\"OK\"]"}
RESULT: {"using":"xpath","value":"//bdi[text()=\"OK\"]"}
COMMAND: POST /session/a9b4e6b29d0180ba254fca33fbca36af/elements - {"using":"xpath","value":"//bdi[text()=\"OK\"]"}
RESULT: {"using":"xpath","value":"//bdi[text()=\"OK\"]"}
COMMAND: POST /session/a9b4e6b29d0180ba254fca33fbca36af/elements - {"using":"xpath","value":"//bdi[text()=\"OK\"]"}
RESULT: {"using":"xpath","value":"//bdi[text()=\"OK\"]"}
COMMAND: POST /session/a9b4e6b29d0180ba254fca33fbca36af/elements - {"using":"xpath","value":"//bdi[text()=\"OK\"]"}
RESULT: {"using":"xpath","value":"//bdi[text()=\"OK\"]"}
COMMAND: POST /session/a9b4e6b29d0180ba254fca33fbca36af/elements - {"using":"xpath","value":"//bdi[text()=\"OK\"]"}
RESULT: {"using":"xpath","value":"//bdi[text()=\"OK\"]"}
COMMAND: POST /session/a9b4e6b29d0180ba254fca33fbca36af/elements - {"using":"xpath","value":"//bdi[text()=\"OK\"]"}
RESULT: {"using":"xpath","value":"//bdi[text()=\"OK\"]"}
COMMAND: POST /session/a9b4e6b29d0180ba254fca33fbca36af/elements - {"using":"xpath","value":"//bdi[text()=\"OK\"]"}
RESULT: {"using":"xpath","value":"//bdi[text()=\"OK\"]"}
COMMAND: POST /session/a9b4e6b29d0180ba254fca33fbca36af/elements - {"using":"xpath","value":"//bdi[text()=\"OK\"]"}
RESULT: {"using":"xpath","value":"//bdi[text()=\"OK\"]"}
COMMAND: POST /session/a9b4e6b29d0180ba254fca33fbca36af/elements - {"using":"xpath","value":"//bdi[text()=\"OK\"]"}
RESULT: {"using":"xpath","value":"//bdi[text()=\"OK\"]"}
COMMAND: POST /session/a9b4e6b29d0180ba254fca33fbca36af/elements - {"using":"xpath","value":"//bdi[text()=\"OK\"]"}
RESULT: {"using":"xpath","value":"//bdi[text()=\"OK\"]"}
COMMAND: POST /session/a9b4e6b29d0180ba254fca33fbca36af/elements - {"using":"xpath","value":"//bdi[text()=\"OK\"]"}
RESULT: {"using":"xpath","value":"//bdi[text()=\"OK\"]"}
COMMAND: POST /session/a9b4e6b29d0180ba254fca33fbca36af/elements - {"using":"xpath","value":"//bdi[text()=\"OK\"]"}
RESULT: {"using":"xpath","value":"//bdi[text()=\"OK\"]"}
COMMAND: POST /session/a9b4e6b29d0180ba254fca33fbca36af/elements - {"using":"xpath","value":"//bdi[text()=\"OK\"]"}
RESULT: {"using":"xpath","value":"//bdi[text()=\"OK\"]"}
COMMAND: POST /session/a9b4e6b29d0180ba254fca33fbca36af/elements - {"using":"xpath","value":"//bdi[text()=\"OK\"]"}
RESULT: {"using":"xpath","value":"//bdi[text()=\"OK\"]"}
COMMAND: POST /session/a9b4e6b29d0180ba254fca33fbca36af/elements - {"using":"xpath","value":"//bdi[text()=\"OK\"]"}
RESULT: {"using":"xpath","value":"//bdi[text()=\"OK\"]"}
COMMAND: POST /session/a9b4e6b29d0180ba254fca33fbca36af/elements - {"using":"xpath","value":"//bdi[text()=\"OK\"]"}
RESULT: {"using":"xpath","value":"//bdi[text()=\"OK\"]"}
COMMAND: POST /session/a9b4e6b29d0180ba254fca33fbca36af/elements - {"using":"xpath","value":"//bdi[text()=\"OK\"]"}
RESULT: {"using":"xpath","value":"//bdi[text()=\"OK\"]"}
COMMAND: POST /session/a9b4e6b29d0180ba254fca33fbca36af/elements - {"using":"xpath","value":"//bdi[text()=\"OK\"]"}
RESULT: {"using":"xpath","value":"//bdi[text()=\"OK\"]"}
COMMAND: POST /session/a9b4e6b29d0180ba254fca33fbca36af/elements - {"using":"xpath","value":"//bdi[text()=\"OK\"]"}
RESULT: {"using":"xpath","value":"//bdi[text()=\"OK\"]"}
COMMAND: POST /session/a9b4e6b29d0180ba254fca33fbca36af/elements - {"using":"xpath","value":"//bdi[text()=\"OK\"]"}
RESULT: {"using":"xpath","value":"//bdi[text()=\"OK\"]"}
COMMAND: POST /session/a9b4e6b29d0180ba254fca33fbca36af/elements - {"using":"xpath","value":"//bdi[text()=\"OK\"]"}
RESULT: {"using":"xpath","value":"//bdi[text()=\"OK\"]"}
COMMAND: POST /session/a9b4e6b29d0180ba254fca33fbca36af/elements - {"using":"xpath","value":"//bdi[text()=\"OK\"]"}
RESULT: {"using":"xpath","value":"//bdi[text()=\"OK\"]"}
COMMAND: POST /session/a9b4e6b29d0180ba254fca33fbca36af/elements - {"using":"xpath","value":"//bdi[text()=\"OK\"]"}
RESULT: {"using":"xpath","value":"//bdi[text()=\"OK\"]"}
COMMAND: POST /session/a9b4e6b29d0180ba254fca33fbca36af/elements - {"using":"xpath","value":"//bdi[text()=\"OK\"]"}
RESULT: {"using":"xpath","value":"//bdi[text()=\"OK\"]"}
COMMAND: POST /session/a9b4e6b29d0180ba254fca33fbca36af/elements - {"using":"xpath","value":"//bdi[text()=\"OK\"]"}
RESULT: {"using":"xpath","value":"//bdi[text()=\"OK\"]"}
COMMAND: POST /session/a9b4e6b29d0180ba254fca33fbca36af/elements - {"using":"xpath","value":"//bdi[text()=\"OK\"]"}
RESULT: {"using":"xpath","value":"//bdi[text()=\"OK\"]"}
COMMAND: POST /session/a9b4e6b29d0180ba254fca33fbca36af/elements - {"using":"xpath","value":"//bdi[text()=\"OK\"]"}
RESULT: {"using":"xpath","value":"//bdi[text()=\"OK\"]"}
COMMAND: POST /session/a9b4e6b29d0180ba254fca33fbca36af/elements - {"using":"xpath","value":"//bdi[text()=\"OK\"]"}
RESULT: {"using":"xpath","value":"//bdi[text()=\"OK\"]"}
COMMAND: POST /session/a9b4e6b29d0180ba254fca33fbca36af/elements - {"using":"xpath","value":"//bdi[text()=\"OK\"]"}
RESULT: {"using":"xpath","value":"//bdi[text()=\"OK\"]"}
COMMAND: POST /session/a9b4e6b29d0180ba254fca33fbca36af/elements - {"using":"xpath","value":"//bdi[text()=\"OK\"]"}
RESULT: {"using":"xpath","value":"//bdi[text()=\"OK\"]"}
COMMAND: POST /session/a9b4e6b29d0180ba254fca33fbca36af/elements - {"using":"xpath","value":"//bdi[text()=\"OK\"]"}
RESULT: {"using":"xpath","value":"//bdi[text()=\"OK\"]"}
COMMAND: POST /session/a9b4e6b29d0180ba254fca33fbca36af/elements - {"using":"xpath","value":"//bdi[text()=\"OK\"]"}
RESULT: {"using":"xpath","value":"//bdi[text()=\"OK\"]"}
COMMAND: POST /session/a9b4e6b29d0180ba254fca33fbca36af/elements - {"using":"xpath","value":"//bdi[text()=\"OK\"]"}
RESULT: {"using":"xpath","value":"//bdi[text()=\"OK\"]"}
COMMAND: POST /session/a9b4e6b29d0180ba254fca33fbca36af/elements - {"using":"xpath","value":"//bdi[text()=\"OK\"]"}
RESULT: {"using":"xpath","value":"//bdi[text()=\"OK\"]"}
COMMAND: POST /session/a9b4e6b29d0180ba254fca33fbca36af/elements - {"using":"xpath","value":"//bdi[text()=\"OK\"]"}
RESULT: {"using":"xpath","value":"//bdi[text()=\"OK\"]"}
COMMAND: POST /session/a9b4e6b29d0180ba254fca33fbca36af/elements - {"using":"xpath","value":"//bdi[text()=\"OK\"]"}
RESULT: {"using":"xpath","value":"//bdi[text()=\"OK\"]"}
COMMAND: POST /session/a9b4e6b29d0180ba254fca33fbca36af/elements - {"using":"xpath","value":"//bdi[text()=\"OK\"]"}
RESULT: {"using":"xpath","value":"//bdi[text()=\"OK\"]"}
COMMAND: POST /session/a9b4e6b29d0180ba254fca33fbca36af/elements - {"using":"xpath","value":"//bdi[text()=\"OK\"]"}
RESULT: {"using":"xpath","value":"//bdi[text()=\"OK\"]"}
COMMAND: POST /session/a9b4e6b29d0180ba254fca33fbca36af/elements - {"using":"xpath","value":"//bdi[text()=\"OK\"]"}
RESULT: {"using":"xpath","value":"//bdi[text()=\"OK\"]"}
COMMAND: POST /session/a9b4e6b29d0180ba254fca33fbca36af/elements - {"using":"xpath","value":"//bdi[text()=\"OK\"]"}
RESULT: {"using":"xpath","value":"//bdi[text()=\"OK\"]"}
COMMAND: POST /session/a9b4e6b29d0180ba254fca33fbca36af/elements - {"using":"xpath","value":"//bdi[text()=\"OK\"]"}
RESULT: {"using":"xpath","value":"//bdi[text()=\"OK\"]"}
COMMAND: POST /session/a9b4e6b29d0180ba254fca33fbca36af/elements - {"using":"xpath","value":"//bdi[text()=\"OK\"]"}
RESULT: {"using":"xpath","value":"//bdi[text()=\"OK\"]"}
COMMAND: POST /session/a9b4e6b29d0180ba254fca33fbca36af/elements - {"using":"xpath","value":"//bdi[text()=\"OK\"]"}
RESULT: {"using":"xpath","value":"//bdi[text()=\"OK\"]"}
COMMAND: POST /session/a9b4e6b29d0180ba254fca33fbca36af/elements - {"using":"xpath","value":"//bdi[text()=\"OK\"]"}
RESULT: {"using":"xpath","value":"//bdi[text()=\"OK\"]"}
COMMAND: POST /session/a9b4e6b29d0180ba254fca33fbca36af/elements - {"using":"xpath","value":"//bdi[text()=\"OK\"]"}
RESULT: {"using":"xpath","value":"//bdi[text()=\"OK\"]"}
COMMAND: POST /session/a9b4e6b29d0180ba254fca33fbca36af/elements - {"using":"xpath","value":"//bdi[text()=\"OK\"]"}
RESULT: {"using":"xpath","value":"//bdi[text()=\"OK\"]"}
COMMAND: POST /session/a9b4e6b29d0180ba254fca33fbca36af/elements - {"using":"xpath","value":"//bdi[text()=\"OK\"]"}
RESULT: {"using":"xpath","value":"//bdi[text()=\"OK\"]"}
COMMAND: POST /session/a9b4e6b29d0180ba254fca33fbca36af/elements - {"using":"xpath","value":"//bdi[text()=\"OK\"]"}
RESULT: {"using":"xpath","value":"//bdi[text()=\"OK\"]"}
COMMAND: POST /session/a9b4e6b29d0180ba254fca33fbca36af/elements - {"using":"xpath","value":"//bdi[text()=\"OK\"]"}
RESULT: {"using":"xpath","value":"//bdi[text()=\"OK\"]"}
COMMAND: POST /session/a9b4e6b29d0180ba254fca33fbca36af/elements - {"using":"xpath","value":"//bdi[text()=\"OK\"]"}
RESULT: {"using":"xpath","value":"//bdi[text()=\"OK\"]"}
COMMAND: POST /session/a9b4e6b29d0180ba254fca33fbca36af/elements - {"using":"xpath","value":"//bdi[text()=\"OK\"]"}
RESULT: {"using":"xpath","value":"//bdi[text()=\"OK\"]"}
COMMAND: POST /session/a9b4e6b29d0180ba254fca33fbca36af/elements - {"using":"xpath","value":"//bdi[text()=\"OK\"]"}
RESULT: {"using":"xpath","value":"//bdi[text()=\"OK\"]"}
COMMAND: POST /session/a9b4e6b29d0180ba254fca33fbca36af/elements - {"using":"xpath","value":"//bdi[text()=\"OK\"]"}
RESULT: {"using":"xpath","value":"//bdi[text()=\"OK\"]"}
COMMAND: POST /session/a9b4e6b29d0180ba254fca33fbca36af/elements - {"using":"xpath","value":"//bdi[text()=\"OK\"]"}
RESULT: {"using":"xpath","value":"//bdi[text()=\"OK\"]"}
COMMAND: POST /session/a9b4e6b29d0180ba254fca33fbca36af/elements - {"using":"xpath","value":"//bdi[text()=\"OK\"]"}
RESULT: {"using":"xpath","value":"//bdi[text()=\"OK\"]"}
COMMAND: POST /session/a9b4e6b29d0180ba254fca33fbca36af/elements - {"using":"xpath","value":"//bdi[text()=\"OK\"]"}
RESULT: {"using":"xpath","value":"//bdi[text()=\"OK\"]"}
COMMAND: POST /session/a9b4e6b29d0180ba254fca33fbca36af/elements - {"using":"xpath","value":"//bdi[text()=\"OK\"]"}
RESULT: {"using":"xpath","value":"//bdi[text()=\"OK\"]"}
COMMAND: POST /session/a9b4e6b29d0180ba254fca33fbca36af/elements - {"using":"xpath","value":"//bdi[text()=\"OK\"]"}
RESULT: {"using":"xpath","value":"//bdi[text()=\"OK\"]"}
COMMAND: POST /session/a9b4e6b29d0180ba254fca33fbca36af/execute/async - {"script":"<script> [1562 bytes]","args":[{"selector":{"id":"application-manageresources-display-component---newResourceUnit--TYPE-arrow"},"wdio_ui5_key":"applicationmanageresources-display-component---newResourceUnit--TYPE-arrow"}]}
RESULT: {"script":"<script> [1562 bytes]","args":[{"selector":{"id":"application-manageresources-display-component---newResourceUnit--TYPE-arrow"},"wdio_ui5_key":"applicationmanageresources-display-component---newResourceUnit--TYPE-arrow"}]}
RESULT: undefined
COMMAND: POST /session/a9b4e6b29d0180ba254fca33fbca36af/element - {"using":"xpath","value":"//*[@id=\"application-manageresources-display-component---newResourceUnit--TYPE-arrow\"]"}
RESULT: {"using":"xpath","value":"//*[@id=\"application-manageresources-display-component---newResourceUnit--TYPE-arrow\"]"}
COMMAND: POST /session/a9b4e6b29d0180ba254fca33fbca36af/element/f.7C9A75291D3E7FF457A20D966EE470C5.d.67CEAA9D19B263F0B9BDC7525F227731.e.7389/click - {}
RESULT: {}
COMMAND: POST /session/a9b4e6b29d0180ba254fca33fbca36af/execute/async - {"script":"<script> [1562 bytes]","args":[{"selector":{"controlType":"sap.m.StandardListItem","viewName":"reusables.view.manageresources.NewResourceUnit","viewId":"application-manageresources-display-component---newResourceUnit","properties":{"title":"Equipment"},"searchOpenDialogs":true,"interaction":{"idSuffix":"content"}},"wdio_ui5_key":"reusablesview.manageresources.NewResourceUnitsap.m.StandardListItem{\"title\":\"Equipment\"}"}]}
COMMAND: GET /session/a9b4e6b29d0180ba254fca33fbca36af/screenshot - {}
RESULT: {"script":"<script> [1562 bytes]","args":[{"selector":{"controlType":"sap.m.StandardListItem","viewName":"reusables.view.manageresources.NewResourceUnit","viewId":"application-manageresources-display-component---newResourceUnit","properties":{"title":"Equipment"},"searchOpenDialogs":true,"interaction":{"idSuffix":"content"}},"wdio_ui5_key":"reusablesview.manageresources.NewResourceUnitsap.m.StandardListItem{\"title\":\"Equipment\"}"}]}
RESULT: undefined
COMMAND: POST /session/a9b4e6b29d0180ba254fca33fbca36af/element - {"using":"xpath","value":"//*[@id=\"__item139\"]"}
RESULT: {}
RESULT: {"using":"xpath","value":"//*[@id=\"__item139\"]"}
COMMAND: POST /session/a9b4e6b29d0180ba254fca33fbca36af/element/f.7C9A75291D3E7FF457A20D966EE470C5.d.67CEAA9D19B263F0B9BDC7525F227731.e.7392/click - {}
RESULT: {}
COMMAND: POST /session/a9b4e6b29d0180ba254fca33fbca36af/execute/async - {"script":"<script> [1562 bytes]","args":[{"selector":{"id":"application-manageresources-display-component---newResourceUnit--resourceId","interaction":{"idSuffix":"inner"}},"wdio_ui5_key":"applicationmanageresources-display-component---newResourceUnit--resourceId"}]}
COMMAND: GET /session/a9b4e6b29d0180ba254fca33fbca36af/screenshot - {}
RESULT: {"script":"<script> [1562 bytes]","args":[{"selector":{"id":"application-manageresources-display-component---newResourceUnit--resourceId","interaction":{"idSuffix":"inner"}},"wdio_ui5_key":"applicationmanageresources-display-component---newResourceUnit--resourceId"}]}
RESULT: undefined
COMMAND: POST /session/a9b4e6b29d0180ba254fca33fbca36af/execute/async - {"script":"<script> [776 bytes]","args":[{"enterText":"EquipmentCounter nw9t4","selector":{"id":"application-manageresources-display-component---newResourceUnit--resourceId","interaction":{"idSuffix":"inner"}},"clearTextFirst":true,"interactionType":"ENTER_TEXT"}]}
RESULT: {}
RESULT: {"script":"<script> [776 bytes]","args":[{"enterText":"EquipmentCounter nw9t4","selector":{"id":"application-manageresources-display-component---newResourceUnit--resourceId","interaction":{"idSuffix":"inner"}},"clearTextFirst":true,"interactionType":"ENTER_TEXT"}]}
COMMAND: POST /session/a9b4e6b29d0180ba254fca33fbca36af/execute/async - {"script":"<script> [1562 bytes]","args":[{"selector":{"id":"application-manageresources-display-component---newResourceUnit--SHORT_TEXT","interaction":{"idSuffix":"inner"}},"wdio_ui5_key":"applicationmanageresources-display-component---newResourceUnit--SHORT_TEXT"}]}
RESULT: {"script":"<script> [1562 bytes]","args":[{"selector":{"id":"application-manageresources-display-component---newResourceUnit--SHORT_TEXT","interaction":{"idSuffix":"inner"}},"wdio_ui5_key":"applicationmanageresources-display-component---newResourceUnit--SHORT_TEXT"}]}
RESULT: undefined
COMMAND: POST /session/a9b4e6b29d0180ba254fca33fbca36af/execute/async - {"script":"<script> [776 bytes]","args":[{"enterText":"EquipmentCounter nw9t4","selector":{"id":"application-manageresources-display-component---newResourceUnit--SHORT_TEXT","interaction":{"idSuffix":"inner"}},"clearTextFirst":true,"interactionType":"ENTER_TEXT"}]}
RESULT: {"script":"<script> [776 bytes]","args":[{"enterText":"EquipmentCounter nw9t4","selector":{"id":"application-manageresources-display-component---newResourceUnit--SHORT_TEXT","interaction":{"idSuffix":"inner"}},"clearTextFirst":true,"interactionType":"ENTER_TEXT"}]}
COMMAND: POST /session/a9b4e6b29d0180ba254fca33fbca36af/execute/async - {"script":"<script> [1562 bytes]","args":[{"selector":{"id":"application-manageresources-display-component---newResourceUnit--BASE_UNIT_OF_MEASURE","interaction":{"idSuffix":"inner"}},"wdio_ui5_key":"applicationmanageresources-display-component---newResourceUnit--BASE_UNIT_OF_MEASURE"}]}
RESULT: {"script":"<script> [1562 bytes]","args":[{"selector":{"id":"application-manageresources-display-component---newResourceUnit--BASE_UNIT_OF_MEASURE","interaction":{"idSuffix":"inner"}},"wdio_ui5_key":"applicationmanageresources-display-component---newResourceUnit--BASE_UNIT_OF_MEASURE"}]}
RESULT: undefined
COMMAND: POST /session/a9b4e6b29d0180ba254fca33fbca36af/execute/async - {"script":"<script> [776 bytes]","args":[{"enterText":"Piece","selector":{"id":"application-manageresources-display-component---newResourceUnit--BASE_UNIT_OF_MEASURE","interaction":{"idSuffix":"inner"}},"clearTextFirst":true,"interactionType":"ENTER_TEXT"}]}
RESULT: {"script":"<script> [776 bytes]","args":[{"enterText":"Piece","selector":{"id":"application-manageresources-display-component---newResourceUnit--BASE_UNIT_OF_MEASURE","interaction":{"idSuffix":"inner"}},"clearTextFirst":true,"interactionType":"ENTER_TEXT"}]}
COMMAND: POST /session/a9b4e6b29d0180ba254fca33fbca36af/execute/async - {"script":"<script> [1562 bytes]","args":[{"selector":{"id":"application-manageresources-display-component---newResourceUnit--WEIGHT_UNIT","interaction":{"idSuffix":"inner"}},"wdio_ui5_key":"applicationmanageresources-display-component---newResourceUnit--WEIGHT_UNIT"}]}
RESULT: {"script":"<script> [1562 bytes]","args":[{"selector":{"id":"application-manageresources-display-component---newResourceUnit--WEIGHT_UNIT","interaction":{"idSuffix":"inner"}},"wdio_ui5_key":"applicationmanageresources-display-component---newResourceUnit--WEIGHT_UNIT"}]}
RESULT: undefined
COMMAND: POST /session/a9b4e6b29d0180ba254fca33fbca36af/execute/async - {"script":"<script> [776 bytes]","args":[{"enterText":"Gram","selector":{"id":"application-manageresources-display-component---newResourceUnit--WEIGHT_UNIT","interaction":{"idSuffix":"inner"}},"clearTextFirst":true,"interactionType":"ENTER_TEXT"}]}
RESULT: {"script":"<script> [776 bytes]","args":[{"enterText":"Gram","selector":{"id":"application-manageresources-display-component---newResourceUnit--WEIGHT_UNIT","interaction":{"idSuffix":"inner"}},"clearTextFirst":true,"interactionType":"ENTER_TEXT"}]}
COMMAND: POST /session/a9b4e6b29d0180ba254fca33fbca36af/execute/async - {"script":"<script> [1562 bytes]","args":[{"selector":{"id":"application-manageresources-display-component---newResourceUnit--newRRUPage-OPHeaderContent-collapseBtn-img"},"wdio_ui5_key":"applicationmanageresources-display-component---newResourceUnit--newRRUPage-OPHeaderContent-collapseBtn-img"}]}
RESULT: {"script":"<script> [1562 bytes]","args":[{"selector":{"id":"application-manageresources-display-component---newResourceUnit--newRRUPage-OPHeaderContent-collapseBtn-img"},"wdio_ui5_key":"applicationmanageresources-display-component---newResourceUnit--newRRUPage-OPHeaderContent-collapseBtn-img"}]}
RESULT: undefined
COMMAND: POST /session/a9b4e6b29d0180ba254fca33fbca36af/element - {"using":"xpath","value":"//*[@id=\"application-manageresources-display-component---newResourceUnit--newRRUPage-OPHeaderContent-collapseBtn-img\"]"}
RESULT: {"using":"xpath","value":"//*[@id=\"application-manageresources-display-component---newResourceUnit--newRRUPage-OPHeaderContent-collapseBtn-img\"]"}
COMMAND: POST /session/a9b4e6b29d0180ba254fca33fbca36af/element/f.7C9A75291D3E7FF457A20D966EE470C5.d.67CEAA9D19B263F0B9BDC7525F227731.e.7400/click - {}
RESULT: {}
COMMAND: GET /session/a9b4e6b29d0180ba254fca33fbca36af/screenshot - {}
RESULT: {}
COMMAND: POST /session/a9b4e6b29d0180ba254fca33fbca36af/element - {"using":"xpath","value":"(//span[contains(@id ,\"application-manageresources-display-component---newResourceUnit--DIMENSION_UNIT-arrow\")])[1]"}
RESULT: {"using":"xpath","value":"(//span[contains(@id ,\"application-manageresources-display-component---newResourceUnit--DIMENSION_UNIT-arrow\")])[1]"}
COMMAND: POST /session/a9b4e6b29d0180ba254fca33fbca36af/element/f.7C9A75291D3E7FF457A20D966EE470C5.d.67CEAA9D19B263F0B9BDC7525F227731.e.7525/click - {}
RESULT: {}
COMMAND: GET /session/a9b4e6b29d0180ba254fca33fbca36af/screenshot - {}
RESULT: {}
COMMAND: POST /session/a9b4e6b29d0180ba254fca33fbca36af/execute/async - {"script":"<script> [1562 bytes]","args":[{"selector":{"controlType":"sap.m.StandardListItem","viewName":"reusables.view.manageresources.NewResourceUnit","viewId":"application-manageresources-display-component---newResourceUnit","properties":{"title":"Centimeter"},"searchOpenDialogs":true,"interaction":{"idSuffix":"titleText"}},"wdio_ui5_key":"reusablesview.manageresources.NewResourceUnitsap.m.StandardListItem{\"title\":\"Centimeter\"}"}]}
RESULT: {"script":"<script> [1562 bytes]","args":[{"selector":{"controlType":"sap.m.StandardListItem","viewName":"reusables.view.manageresources.NewResourceUnit","viewId":"application-manageresources-display-component---newResourceUnit","properties":{"title":"Centimeter"},"searchOpenDialogs":true,"interaction":{"idSuffix":"titleText"}},"wdio_ui5_key":"reusablesview.manageresources.NewResourceUnitsap.m.StandardListItem{\"title\":\"Centimeter\"}"}]}
RESULT: undefined
COMMAND: POST /session/a9b4e6b29d0180ba254fca33fbca36af/element - {"using":"xpath","value":"//*[@id=\"__item182\"]"}
RESULT: {"using":"xpath","value":"//*[@id=\"__item182\"]"}
COMMAND: POST /session/a9b4e6b29d0180ba254fca33fbca36af/element/f.7C9A75291D3E7FF457A20D966EE470C5.d.67CEAA9D19B263F0B9BDC7525F227731.e.7527/click - {}
RESULT: {}
COMMAND: GET /session/a9b4e6b29d0180ba254fca33fbca36af/screenshot - {}
RESULT: {}
COMMAND: POST /session/a9b4e6b29d0180ba254fca33fbca36af/execute/async - {"script":"<script> [1562 bytes]","args":[{"selector":{"id":"application-manageresources-display-component---newResourceUnit--newRRUPage-anchBar-application-manageresources-display-component---newResourceUnit--control-anchor","interaction":{"idSuffix":"BDI-content"}},"wdio_ui5_key":"applicationmanageresources-display-component---newResourceUnit--newRRUPage-anchBar-application-manageresources-display-component---newResourceUnit--control-anchor"}]}
RESULT: {"script":"<script> [1562 bytes]","args":[{"selector":{"id":"application-manageresources-display-component---newResourceUnit--newRRUPage-anchBar-application-manageresources-display-component---newResourceUnit--control-anchor","interaction":{"idSuffix":"BDI-content"}},"wdio_ui5_key":"applicationmanageresources-display-component---newResourceUnit--newRRUPage-anchBar-application-manageresources-display-component---newResourceUnit--control-anchor"}]}
RESULT: undefined
COMMAND: POST /session/a9b4e6b29d0180ba254fca33fbca36af/element - {"using":"xpath","value":"//*[@id=\"application-manageresources-display-component---newResourceUnit--newRRUPage-anchBar-application-manageresources-display-component---newResourceUnit--control-anchor\"]"}
RESULT: {"using":"xpath","value":"//*[@id=\"application-manageresources-display-component---newResourceUnit--newRRUPage-anchBar-application-manageresources-display-component---newResourceUnit--control-anchor\"]"}
COMMAND: POST /session/a9b4e6b29d0180ba254fca33fbca36af/element/f.7C9A75291D3E7FF457A20D966EE470C5.d.67CEAA9D19B263F0B9BDC7525F227731.e.7529/click - {}
RESULT: {}
COMMAND: POST /session/a9b4e6b29d0180ba254fca33fbca36af/execute/async - {"script":"<script> [1562 bytes]","args":[{"selector":{"id":"application-manageresources-display-component---newResourceUnit--PLANNING_GROUP","interaction":{"idSuffix":"inner"}},"wdio_ui5_key":"applicationmanageresources-display-component---newResourceUnit--PLANNING_GROUP"}]}
COMMAND: GET /session/a9b4e6b29d0180ba254fca33fbca36af/screenshot - {}
RESULT: {"script":"<script> [1562 bytes]","args":[{"selector":{"id":"application-manageresources-display-component---newResourceUnit--PLANNING_GROUP","interaction":{"idSuffix":"inner"}},"wdio_ui5_key":"applicationmanageresources-display-component---newResourceUnit--PLANNING_GROUP"}]}
RESULT: undefined
COMMAND: POST /session/a9b4e6b29d0180ba254fca33fbca36af/execute/async - {"script":"<script> [776 bytes]","args":[{"enterText":"Heavy Equi","selector":{"id":"application-manageresources-display-component---newResourceUnit--PLANNING_GROUP","interaction":{"idSuffix":"inner"}},"clearTextFirst":true,"interactionType":"ENTER_TEXT"}]}
RESULT: {}
RESULT: {"script":"<script> [776 bytes]","args":[{"enterText":"Heavy Equi","selector":{"id":"application-manageresources-display-component---newResourceUnit--PLANNING_GROUP","interaction":{"idSuffix":"inner"}},"clearTextFirst":true,"interactionType":"ENTER_TEXT"}]}
COMMAND: POST /session/a9b4e6b29d0180ba254fca33fbca36af/execute/async - {"script":"<script> [1562 bytes]","args":[{"selector":{"id":"application-manageresources-display-component---newResourceUnit--ITEM_TYPE-arrow"},"wdio_ui5_key":"applicationmanageresources-display-component---newResourceUnit--ITEM_TYPE-arrow"}]}
RESULT: {"script":"<script> [1562 bytes]","args":[{"selector":{"id":"application-manageresources-display-component---newResourceUnit--ITEM_TYPE-arrow"},"wdio_ui5_key":"applicationmanageresources-display-component---newResourceUnit--ITEM_TYPE-arrow"}]}
RESULT: undefined
COMMAND: POST /session/a9b4e6b29d0180ba254fca33fbca36af/element - {"using":"xpath","value":"//*[@id=\"application-manageresources-display-component---newResourceUnit--ITEM_TYPE-arrow\"]"}
RESULT: {"using":"xpath","value":"//*[@id=\"application-manageresources-display-component---newResourceUnit--ITEM_TYPE-arrow\"]"}
COMMAND: POST /session/a9b4e6b29d0180ba254fca33fbca36af/element/f.7C9A75291D3E7FF457A20D966EE470C5.d.67CEAA9D19B263F0B9BDC7525F227731.e.7536/click - {}
RESULT: {}
COMMAND: POST /session/a9b4e6b29d0180ba254fca33fbca36af/execute/async - {"script":"<script> [1562 bytes]","args":[{"selector":{"controlType":"sap.m.StandardListItem","viewName":"reusables.view.manageresources.NewResourceUnit","viewId":"application-manageresources-display-component---newResourceUnit","properties":{"title":"Resource Unit"},"searchOpenDialogs":true,"interaction":{"idSuffix":"titleText"}},"wdio_ui5_key":"reusablesview.manageresources.NewResourceUnitsap.m.StandardListItem{\"title\":\"Resource Unit\"}"}]}
COMMAND: GET /session/a9b4e6b29d0180ba254fca33fbca36af/screenshot - {}
RESULT: {"script":"<script> [1562 bytes]","args":[{"selector":{"controlType":"sap.m.StandardListItem","viewName":"reusables.view.manageresources.NewResourceUnit","viewId":"application-manageresources-display-component---newResourceUnit","properties":{"title":"Resource Unit"},"searchOpenDialogs":true,"interaction":{"idSuffix":"titleText"}},"wdio_ui5_key":"reusablesview.manageresources.NewResourceUnitsap.m.StandardListItem{\"title\":\"Resource Unit\"}"}]}
RESULT: undefined
COMMAND: POST /session/a9b4e6b29d0180ba254fca33fbca36af/element - {"using":"xpath","value":"//*[@id=\"__item204\"]"}
RESULT: {}
RESULT: {"using":"xpath","value":"//*[@id=\"__item204\"]"}
COMMAND: POST /session/a9b4e6b29d0180ba254fca33fbca36af/element/f.7C9A75291D3E7FF457A20D966EE470C5.d.67CEAA9D19B263F0B9BDC7525F227731.e.7538/click - {}
RESULT: {}
COMMAND: POST /session/a9b4e6b29d0180ba254fca33fbca36af/element - {"using":"xpath","value":"//bdi[contains(text(), \"Time Segment\")]"}
COMMAND: GET /session/a9b4e6b29d0180ba254fca33fbca36af/screenshot - {}
RESULT: {"using":"xpath","value":"//bdi[contains(text(), \"Time Segment\")]"}
COMMAND: GET /session/a9b4e6b29d0180ba254fca33fbca36af/element/f.7C9A75291D3E7FF457A20D966EE470C5.d.67CEAA9D19B263F0B9BDC7525F227731.e.7539/rect - {}
RESULT: {}
RESULT: {}
COMMAND: GET /session/a9b4e6b29d0180ba254fca33fbca36af/window/rect - {}
RESULT: {}
COMMAND: POST /session/a9b4e6b29d0180ba254fca33fbca36af/execute/sync - {"script":"<script> [92 bytes]","args":[]}
RESULT: {"script":"<script> [92 bytes]","args":[]}
COMMAND: POST /session/a9b4e6b29d0180ba254fca33fbca36af/actions - {"actions":[{"id":"action21","type":"wheel","parameters":{},"actions":[{"type":"scroll","x":-1820,"y":-21,"deltaX":0,"deltaY":0,"duration":0,"origin":{"element-6066-11e4-a52e-4f735466cecf":"f.7C9A75291D3E7FF457A20D966EE470C5.d.67CEAA9D19B263F0B9BDC7525F227731.e.7539"}}]}]}
COMMAND: GET /session/a9b4e6b29d0180ba254fca33fbca36af/screenshot - {}
RESULT: {}
COMMAND: POST /session/a9b4e6b29d0180ba254fca33fbca36af/execute/sync - {"script":"<script> [79 bytes]","args":[{"element-6066-11e4-a52e-4f735466cecf":"f.7C9A75291D3E7FF457A20D966EE470C5.d.67CEAA9D19B263F0B9BDC7525F227731.e.7539","ELEMENT":"f.7C9A75291D3E7FF457A20D966EE470C5.d.67CEAA9D19B263F0B9BDC7525F227731.e.7539"},{"block":"start","inline":"nearest"}]}
RESULT: {"script":"<script> [79 bytes]","args":[{"element-6066-11e4-a52e-4f735466cecf":"f.7C9A75291D3E7FF457A20D966EE470C5.d.67CEAA9D19B263F0B9BDC7525F227731.e.7539","ELEMENT":"f.7C9A75291D3E7FF457A20D966EE470C5.d.67CEAA9D19B263F0B9BDC7525F227731.e.7539"},{"block":"start","inline":"nearest"}]}
COMMAND: POST /session/a9b4e6b29d0180ba254fca33fbca36af/execute/async - {"script":"<script> [1562 bytes]","args":[{"selector":{"id":"application-manageresources-display-component---newResourceUnit--btnAddTimeSegment-img"},"wdio_ui5_key":"applicationmanageresources-display-component---newResourceUnit--btnAddTimeSegment-img"}]}
COMMAND: GET /session/a9b4e6b29d0180ba254fca33fbca36af/screenshot - {}
RESULT: {"script":"<script> [1562 bytes]","args":[{"selector":{"id":"application-manageresources-display-component---newResourceUnit--btnAddTimeSegment-img"},"wdio_ui5_key":"applicationmanageresources-display-component---newResourceUnit--btnAddTimeSegment-img"}]}
RESULT: undefined
COMMAND: POST /session/a9b4e6b29d0180ba254fca33fbca36af/element - {"using":"xpath","value":"//*[@id=\"application-manageresources-display-component---newResourceUnit--btnAddTimeSegment-img\"]"}
RESULT: {}
RESULT: {"using":"xpath","value":"//*[@id=\"application-manageresources-display-component---newResourceUnit--btnAddTimeSegment-img\"]"}
COMMAND: POST /session/a9b4e6b29d0180ba254fca33fbca36af/element/f.7C9A75291D3E7FF457A20D966EE470C5.d.67CEAA9D19B263F0B9BDC7525F227731.e.7542/click - {}
RESULT: {}
COMMAND: POST /session/a9b4e6b29d0180ba254fca33fbca36af/element - {"using":"xpath","value":"//input[@id=\"application-manageresources-display-component---newResourceUnit--idRuTSAdmin-application-manageresources-display-component---newResourceUnit--RUTimeSegment-0-inner\"]"}
COMMAND: GET /session/a9b4e6b29d0180ba254fca33fbca36af/screenshot - {}
RESULT: {"using":"xpath","value":"//input[@id=\"application-manageresources-display-component---newResourceUnit--idRuTSAdmin-application-manageresources-display-component---newResourceUnit--RUTimeSegment-0-inner\"]"}
COMMAND: POST /session/a9b4e6b29d0180ba254fca33fbca36af/element/f.7C9A75291D3E7FF457A20D966EE470C5.d.67CEAA9D19B263F0B9BDC7525F227731.e.7545/clear - {}
RESULT: {}
RESULT: {}
COMMAND: POST /session/a9b4e6b29d0180ba254fca33fbca36af/element/f.7C9A75291D3E7FF457A20D966EE470C5.d.67CEAA9D19B263F0B9BDC7525F227731.e.7545/value - {"text":"Webdriver Yard"}
COMMAND: GET /session/a9b4e6b29d0180ba254fca33fbca36af/screenshot - {}
RESULT: {"text":"Webdriver Yard"}
COMMAND: GET /session/a9b4e6b29d0180ba254fca33fbca36af/screenshot - {}
RESULT: {}
RESULT: {}
COMMAND: POST /session/a9b4e6b29d0180ba254fca33fbca36af/actions - {"actions":[{"id":"action22","type":"key","parameters":{},"actions":[{"type":"keyDown","value":""},{"type":"pause","duration":10},{"type":"keyUp","value":""}]}]}
RESULT: {"actions":[{"id":"action22","type":"key","parameters":{},"actions":[{"type":"keyDown","value":""},{"type":"pause","duration":10},{"type":"keyUp","value":""}]}]}
COMMAND: POST /session/a9b4e6b29d0180ba254fca33fbca36af/execute/async - {"script":"<script> [1562 bytes]","args":[{"selector":{"controlType":"sap.ui.core.Icon","viewName":"reusables.view.manageresources.NewResourceUnit","viewId":"application-manageresources-display-component---newResourceUnit","properties":{"src":{"regex":{"source":"slim\\-arrow\\-down"}}},"ancestor":{"controlType":"sap.m.ComboBox","viewName":"reusables.view.manageresources.NewResourceUnit","viewId":"application-manageresources-display-component---newResourceUnit","bindingPath":{"path":"/RESOURCE_UNIT_TIME_SEQUENCES/0","propertyPath":"COST_OBJECT_ADMIN_CST_TYPE","modelName":"oNewRruModel"}}},"wdio_ui5_key":"reusablesview.manageresources.NewResourceUnitsap.ui.core.Icon{\"src\":{\"regex\":{\"source\":\"slim\\\\-arrow\\\\-down\"}}}{\"controlType\":\"sap.m.ComboBox\",\"viewName\":\"reusables.view.manageresources.NewResourceUnit\",\"viewId\":\"application-manageresources-display-component---newResourceUnit\",\"bindingPath\":{\"path\":\"/RESOURCE_UNIT_TIME_SEQUENCES/0\",\"propertyPath\":\"COST_OBJECT_ADMIN_CST_TYPE\",\"modelName\":\"oNewRruModel\"}}"}]}
COMMAND: GET /session/a9b4e6b29d0180ba254fca33fbca36af/screenshot - {}
RESULT: {"script":"<script> [1562 bytes]","args":[{"selector":{"controlType":"sap.ui.core.Icon","viewName":"reusables.view.manageresources.NewResourceUnit","viewId":"application-manageresources-display-component---newResourceUnit","properties":{"src":{"regex":{"source":"slim\\-arrow\\-down"}}},"ancestor":{"controlType":"sap.m.ComboBox","viewName":"reusables.view.manageresources.NewResourceUnit","viewId":"application-manageresources-display-component---newResourceUnit","bindingPath":{"path":"/RESOURCE_UNIT_TIME_SEQUENCES/0","propertyPath":"COST_OBJECT_ADMIN_CST_TYPE","modelName":"oNewRruModel"}}},"wdio_ui5_key":"reusablesview.manageresources.NewResourceUnitsap.ui.core.Icon{\"src\":{\"regex\":{\"source\":\"slim\\\\-arrow\\\\-down\"}}}{\"controlType\":\"sap.m.ComboBox\",\"viewName\":\"reusables.view.manageresources.NewResourceUnit\",\"viewId\":\"application-manageresources-display-component---newResourceUnit\",\"bindingPath\":{\"path\":\"/RESOURCE_UNIT_TIME_SEQUENCES/0\",\"propertyPath\":\"COST_OBJECT_ADMIN_CST_TYPE\",\"modelName\":\"oNewRruModel\"}}"}]}
RESULT: undefined
COMMAND: POST /session/a9b4e6b29d0180ba254fca33fbca36af/element - {"using":"xpath","value":"//*[@id=\"__box4-application-manageresources-display-component---newResourceUnit--RUTimeSegment-0-arrow\"]"}
RESULT: {}
RESULT: {"using":"xpath","value":"//*[@id=\"__box4-application-manageresources-display-component---newResourceUnit--RUTimeSegment-0-arrow\"]"}
COMMAND: POST /session/a9b4e6b29d0180ba254fca33fbca36af/element/f.7C9A75291D3E7FF457A20D966EE470C5.d.67CEAA9D19B263F0B9BDC7525F227731.e.7560/click - {}
RESULT: {}
COMMAND: POST /session/a9b4e6b29d0180ba254fca33fbca36af/execute/async - {"script":"<script> [1562 bytes]","args":[{"selector":{"controlType":"sap.m.StandardListItem","viewName":"reusables.view.manageresources.NewResourceUnit","viewId":"application-manageresources-display-component---newResourceUnit","properties":{"title":"PM Order"},"searchOpenDialogs":true,"interaction":{"idSuffix":"titleText"}},"wdio_ui5_key":"reusablesview.manageresources.NewResourceUnitsap.m.StandardListItem{\"title\":\"PM Order\"}"}]}
COMMAND: GET /session/a9b4e6b29d0180ba254fca33fbca36af/screenshot - {}
RESULT: {"script":"<script> [1562 bytes]","args":[{"selector":{"controlType":"sap.m.StandardListItem","viewName":"reusables.view.manageresources.NewResourceUnit","viewId":"application-manageresources-display-component---newResourceUnit","properties":{"title":"PM Order"},"searchOpenDialogs":true,"interaction":{"idSuffix":"titleText"}},"wdio_ui5_key":"reusablesview.manageresources.NewResourceUnitsap.m.StandardListItem{\"title\":\"PM Order\"}"}]}
RESULT: undefined
COMMAND: POST /session/a9b4e6b29d0180ba254fca33fbca36af/element - {"using":"xpath","value":"//*[@id=\"__item806\"]"}
RESULT: {}
RESULT: {"using":"xpath","value":"//*[@id=\"__item806\"]"}
COMMAND: POST /session/a9b4e6b29d0180ba254fca33fbca36af/element/f.7C9A75291D3E7FF457A20D966EE470C5.d.67CEAA9D19B263F0B9BDC7525F227731.e.7564/click - {}
RESULT: {}
COMMAND: POST /session/a9b4e6b29d0180ba254fca33fbca36af/element - {"using":"xpath","value":"(//input[contains(@id ,\"-application-manageresources-display-component---newResourceUnit--RUTimeSegment-0-inner\")])[8]"}
COMMAND: GET /session/a9b4e6b29d0180ba254fca33fbca36af/screenshot - {}
RESULT: {"using":"xpath","value":"(//input[contains(@id ,\"-application-manageresources-display-component---newResourceUnit--RUTimeSegment-0-inner\")])[8]"}
COMMAND: POST /session/a9b4e6b29d0180ba254fca33fbca36af/element/f.7C9A75291D3E7FF457A20D966EE470C5.d.67CEAA9D19B263F0B9BDC7525F227731.e.7553/clear - {}
RESULT: {}
RESULT: {}
COMMAND: POST /session/a9b4e6b29d0180ba254fca33fbca36af/element/f.7C9A75291D3E7FF457A20D966EE470C5.d.67CEAA9D19B263F0B9BDC7525F227731.e.7553/value - {"text":"4000360"}
COMMAND: GET /session/a9b4e6b29d0180ba254fca33fbca36af/screenshot - {}
RESULT: {"text":"4000360"}
COMMAND: GET /session/a9b4e6b29d0180ba254fca33fbca36af/screenshot - {}
RESULT: {}
COMMAND: POST /session/a9b4e6b29d0180ba254fca33fbca36af/actions - {"actions":[{"id":"action23","type":"key","parameters":{},"actions":[{"type":"keyDown","value":""},{"type":"pause","duration":10},{"type":"keyUp","value":""}]}]}
RESULT: {}
RESULT: {"actions":[{"id":"action23","type":"key","parameters":{},"actions":[{"type":"keyDown","value":""},{"type":"pause","duration":10},{"type":"keyUp","value":""}]}]}
COMMAND: GET /session/a9b4e6b29d0180ba254fca33fbca36af/screenshot - {}
RESULT: {}
COMMAND: POST /session/a9b4e6b29d0180ba254fca33fbca36af/execute/async - {"script":"<script> [1562 bytes]","args":[{"selector":{"id":"application-manageresources-display-component---newResourceUnit--newTimeSegmentDateRangePicker-application-manageresources-display-component---newResourceUnit--RUTimeSegment-0","interaction":{"idSuffix":"inner"}},"wdio_ui5_key":"applicationmanageresources-display-component---newResourceUnit--newTimeSegmentDateRangePicker-application-manageresources-display-component---newResourceUnit--RUTimeSegment-0"}]}
RESULT: {"script":"<script> [1562 bytes]","args":[{"selector":{"id":"application-manageresources-display-component---newResourceUnit--newTimeSegmentDateRangePicker-application-manageresources-display-component---newResourceUnit--RUTimeSegment-0","interaction":{"idSuffix":"inner"}},"wdio_ui5_key":"applicationmanageresources-display-component---newResourceUnit--newTimeSegmentDateRangePicker-application-manageresources-display-component---newResourceUnit--RUTimeSegment-0"}]}
RESULT: undefined
COMMAND: POST /session/a9b4e6b29d0180ba254fca33fbca36af/execute/async - {"script":"<script> [1562 bytes]","args":[{"selector":{"id":"application-manageresources-display-component---newResourceUnit--newRRUPage-anchBar-application-manageresources-display-component---newResourceUnit--resource-anchor","interaction":{"idSuffix":"BDI-content"}},"wdio_ui5_key":"applicationmanageresources-display-component---newResourceUnit--newRRUPage-anchBar-application-manageresources-display-component---newResourceUnit--resource-anchor"}]}
RESULT: {"script":"<script> [1562 bytes]","args":[{"selector":{"id":"application-manageresources-display-component---newResourceUnit--newRRUPage-anchBar-application-manageresources-display-component---newResourceUnit--resource-anchor","interaction":{"idSuffix":"BDI-content"}},"wdio_ui5_key":"applicationmanageresources-display-component---newResourceUnit--newRRUPage-anchBar-application-manageresources-display-component---newResourceUnit--resource-anchor"}]}
RESULT: undefined
COMMAND: POST /session/a9b4e6b29d0180ba254fca33fbca36af/element - {"using":"xpath","value":"//*[@id=\"application-manageresources-display-component---newResourceUnit--newRRUPage-anchBar-application-manageresources-display-component---newResourceUnit--resource-anchor\"]"}
RESULT: {"using":"xpath","value":"//*[@id=\"application-manageresources-display-component---newResourceUnit--newRRUPage-anchBar-application-manageresources-display-component---newResourceUnit--resource-anchor\"]"}
COMMAND: POST /session/a9b4e6b29d0180ba254fca33fbca36af/element/f.7C9A75291D3E7FF457A20D966EE470C5.d.67CEAA9D19B263F0B9BDC7525F227731.e.7571/click - {}
RESULT: {}
COMMAND: POST /session/a9b4e6b29d0180ba254fca33fbca36af/execute/async - {"script":"<script> [1562 bytes]","args":[{"selector":{"id":"application-manageresources-display-component---newResourceUnit--PLANNED_DELIVERY_DATE","interaction":{"idSuffix":"inner"}},"wdio_ui5_key":"applicationmanageresources-display-component---newResourceUnit--PLANNED_DELIVERY_DATE"}]}
COMMAND: GET /session/a9b4e6b29d0180ba254fca33fbca36af/screenshot - {}
RESULT: {"script":"<script> [1562 bytes]","args":[{"selector":{"id":"application-manageresources-display-component---newResourceUnit--PLANNED_DELIVERY_DATE","interaction":{"idSuffix":"inner"}},"wdio_ui5_key":"applicationmanageresources-display-component---newResourceUnit--PLANNED_DELIVERY_DATE"}]}
RESULT: undefined
COMMAND: POST /session/a9b4e6b29d0180ba254fca33fbca36af/execute/async - {"script":"<script> [6424 bytes]","args":[{"element-6066-11e4-a52e-4f735466cecf":"f.7C9A75291D3E7FF457A20D966EE470C5.d.67CEAA9D19B263F0B9BDC7525F227731.e.7446"},"setValue",["05/22/24"]]}
RESULT: {}
RESULT: {"script":"<script> [6424 bytes]","args":[{"element-6066-11e4-a52e-4f735466cecf":"f.7C9A75291D3E7FF457A20D966EE470C5.d.67CEAA9D19B263F0B9BDC7525F227731.e.7446"},"setValue",["05/22/24"]]}
COMMAND: POST /session/a9b4e6b29d0180ba254fca33fbca36af/execute/async - {"script":"<script> [1562 bytes]","args":[{"selector":{"controlType":"sap.m.Button","viewName":"reusables.view.manageresources.NewResourceUnit","viewId":"application-manageresources-display-component---newResourceUnit","i18NText":{"propertyName":"tooltip","key":"save"},"interaction":{"idSuffix":"BDI-content"}},"wdio_ui5_key":"reusablesview.manageresources.NewResourceUnitsap.m.Button{\"propertyName\":\"tooltip\",\"key\":\"save\"}"}]}
RESULT: {"script":"<script> [1562 bytes]","args":[{"selector":{"controlType":"sap.m.Button","viewName":"reusables.view.manageresources.NewResourceUnit","viewId":"application-manageresources-display-component---newResourceUnit","i18NText":{"propertyName":"tooltip","key":"save"},"interaction":{"idSuffix":"BDI-content"}},"wdio_ui5_key":"reusablesview.manageresources.NewResourceUnitsap.m.Button{\"propertyName\":\"tooltip\",\"key\":\"save\"}"}]}
RESULT: undefined
COMMAND: POST /session/a9b4e6b29d0180ba254fca33fbca36af/element - {"using":"xpath","value":"//*[@id=\"application-manageresources-display-component---newResourceUnit--createRuButton\"]"}
RESULT: {"using":"xpath","value":"//*[@id=\"application-manageresources-display-component---newResourceUnit--createRuButton\"]"}
COMMAND: POST /session/a9b4e6b29d0180ba254fca33fbca36af/element/f.7C9A75291D3E7FF457A20D966EE470C5.d.67CEAA9D19B263F0B9BDC7525F227731.e.7406/click - {}
RESULT: {}
COMMAND: GET /session/a9b4e6b29d0180ba254fca33fbca36af/screenshot - {}
RESULT: {}
COMMAND: POST /session/a9b4e6b29d0180ba254fca33fbca36af/execute/async - {"script":"<script> [1562 bytes]","args":[{"selector":{"controlType":"sap.m.Button","properties":{"text":"Close"},"searchOpenDialogs":true,"interaction":{"idSuffix":"inner"}},"wdio_ui5_key":"sapm.Button{\"text\":\"Close\"}"}]}
RESULT: {"script":"<script> [1562 bytes]","args":[{"selector":{"controlType":"sap.m.Button","properties":{"text":"Close"},"searchOpenDialogs":true,"interaction":{"idSuffix":"inner"}},"wdio_ui5_key":"sapm.Button{\"text\":\"Close\"}"}]}
RESULT: undefined
COMMAND: POST /session/a9b4e6b29d0180ba254fca33fbca36af/element - {"using":"xpath","value":"//*[@id=\"__mbox-btn-0\"]"}
RESULT: {"using":"xpath","value":"//*[@id=\"__mbox-btn-0\"]"}
COMMAND: POST /session/a9b4e6b29d0180ba254fca33fbca36af/element/f.7C9A75291D3E7FF457A20D966EE470C5.d.67CEAA9D19B263F0B9BDC7525F227731.e.7579/click - {}
RESULT: {}
COMMAND: GET /session/a9b4e6b29d0180ba254fca33fbca36af/screenshot - {}
RESULT: {}
COMMAND: POST /session/a9b4e6b29d0180ba254fca33fbca36af/execute/async - {"script":"<script> [1562 bytes]","args":[{"selector":{"controlType":"sap.m.Text","viewName":"etm.portal.ui.manageresources.view.Detail","viewId":"application-manageresources-display-component---detailRU","bindingPath":{"propertyPath":"ID","modelName":"catalogModel"}},"wdio_ui5_key":"etmportal.ui.manageresources.view.Detailsap.m.Text{\"propertyPath\":\"ID\",\"modelName\":\"catalogModel\"}"}]}
RESULT: {"script":"<script> [1562 bytes]","args":[{"selector":{"controlType":"sap.m.Text","viewName":"etm.portal.ui.manageresources.view.Detail","viewId":"application-manageresources-display-component---detailRU","bindingPath":{"propertyPath":"ID","modelName":"catalogModel"}},"wdio_ui5_key":"etmportal.ui.manageresources.view.Detailsap.m.Text{\"propertyPath\":\"ID\",\"modelName\":\"catalogModel\"}"}]}
RESULT: undefined
COMMAND: POST /session/a9b4e6b29d0180ba254fca33fbca36af/execute/async - {"script":"<script> [6424 bytes]","args":[{"element-6066-11e4-a52e-4f735466cecf":"f.7C9A75291D3E7FF457A20D966EE470C5.d.67CEAA9D19B263F0B9BDC7525F227731.e.7635"},"getText",[]]}
RESULT: {"script":"<script> [6424 bytes]","args":[{"element-6066-11e4-a52e-4f735466cecf":"f.7C9A75291D3E7FF457A20D966EE470C5.d.67CEAA9D19B263F0B9BDC7525F227731.e.7635"},"getText",[]]}
COMMAND: POST /session/a9b4e6b29d0180ba254fca33fbca36af/element - {"using":"xpath","value":"//bdi[text()=\"Edit\"]"}
RESULT: {"using":"xpath","value":"//bdi[text()=\"Edit\"]"}
COMMAND: GET /session/a9b4e6b29d0180ba254fca33fbca36af/element/f.7C9A75291D3E7FF457A20D966EE470C5.d.67CEAA9D19B263F0B9BDC7525F227731.e.7636/enabled - {}
RESULT: {}
COMMAND: POST /session/a9b4e6b29d0180ba254fca33fbca36af/execute/sync - {"script":"<script> [8489 bytes]","args":[{"element-6066-11e4-a52e-4f735466cecf":"f.7C9A75291D3E7FF457A20D966EE470C5.d.67CEAA9D19B263F0B9BDC7525F227731.e.7636","ELEMENT":"f.7C9A75291D3E7FF457A20D966EE470C5.d.67CEAA9D19B263F0B9BDC7525F227731.e.7636"}]}
COMMAND: GET /session/a9b4e6b29d0180ba254fca33fbca36af/screenshot - {}
RESULT: {"script":"<script> [8489 bytes]","args":[{"element-6066-11e4-a52e-4f735466cecf":"f.7C9A75291D3E7FF457A20D966EE470C5.d.67CEAA9D19B263F0B9BDC7525F227731.e.7636","ELEMENT":"f.7C9A75291D3E7FF457A20D966EE470C5.d.67CEAA9D19B263F0B9BDC7525F227731.e.7636"}]}
COMMAND: POST /session/a9b4e6b29d0180ba254fca33fbca36af/execute/sync - {"script":"<script> [5351 bytes]","args":[{"element-6066-11e4-a52e-4f735466cecf":"f.7C9A75291D3E7FF457A20D966EE470C5.d.67CEAA9D19B263F0B9BDC7525F227731.e.7636","ELEMENT":"f.7C9A75291D3E7FF457A20D966EE470C5.d.67CEAA9D19B263F0B9BDC7525F227731.e.7636"}]}
COMMAND: GET /session/a9b4e6b29d0180ba254fca33fbca36af/screenshot - {}
RESULT: {}
RESULT: {"script":"<script> [5351 bytes]","args":[{"element-6066-11e4-a52e-4f735466cecf":"f.7C9A75291D3E7FF457A20D966EE470C5.d.67CEAA9D19B263F0B9BDC7525F227731.e.7636","ELEMENT":"f.7C9A75291D3E7FF457A20D966EE470C5.d.67CEAA9D19B263F0B9BDC7525F227731.e.7636"}]}
COMMAND: POST /session/a9b4e6b29d0180ba254fca33fbca36af/element/f.7C9A75291D3E7FF457A20D966EE470C5.d.67CEAA9D19B263F0B9BDC7525F227731.e.7636/click - {}
COMMAND: GET /session/a9b4e6b29d0180ba254fca33fbca36af/screenshot - {}
RESULT: {}
RESULT: {}
COMMAND: GET /session/a9b4e6b29d0180ba254fca33fbca36af/screenshot - {}
RESULT: {}
RESULT: {}
COMMAND: POST /session/a9b4e6b29d0180ba254fca33fbca36af/element - {"using":"xpath","value":"//bdi[@id=\"application-manageresources-display-component---editResource--editRruPage-anchBar-application-manageresources-display-component---editResource--counters-anchor-BDI-content\"]"}
RESULT: {"using":"xpath","value":"//bdi[@id=\"application-manageresources-display-component---editResource--editRruPage-anchBar-application-manageresources-display-component---editResource--counters-anchor-BDI-content\"]"}
COMMAND: POST /session/a9b4e6b29d0180ba254fca33fbca36af/execute/sync - {"script":"<script> [8489 bytes]","args":[{"element-6066-11e4-a52e-4f735466cecf":"f.7C9A75291D3E7FF457A20D966EE470C5.d.67CEAA9D19B263F0B9BDC7525F227731.e.7746","ELEMENT":"f.7C9A75291D3E7FF457A20D966EE470C5.d.67CEAA9D19B263F0B9BDC7525F227731.e.7746"}]}
RESULT: {"script":"<script> [8489 bytes]","args":[{"element-6066-11e4-a52e-4f735466cecf":"f.7C9A75291D3E7FF457A20D966EE470C5.d.67CEAA9D19B263F0B9BDC7525F227731.e.7746","ELEMENT":"f.7C9A75291D3E7FF457A20D966EE470C5.d.67CEAA9D19B263F0B9BDC7525F227731.e.7746"}]}
COMMAND: POST /session/a9b4e6b29d0180ba254fca33fbca36af/element/f.7C9A75291D3E7FF457A20D966EE470C5.d.67CEAA9D19B263F0B9BDC7525F227731.e.7746/click - {}
COMMAND: GET /session/a9b4e6b29d0180ba254fca33fbca36af/screenshot - {}
RESULT: {}
COMMAND: GET /session/a9b4e6b29d0180ba254fca33fbca36af/screenshot - {}
RESULT: {}
RESULT: {}
COMMAND: POST /session/a9b4e6b29d0180ba254fca33fbca36af/execute/async - {"script":"<script> [1562 bytes]","args":[{"selector":{"id":"application-manageresources-display-component---editResource--btnAddCounter-img"},"wdio_ui5_key":"applicationmanageresources-display-component---editResource--btnAddCounter-img"}]}
RESULT: {"script":"<script> [1562 bytes]","args":[{"selector":{"id":"application-manageresources-display-component---editResource--btnAddCounter-img"},"wdio_ui5_key":"applicationmanageresources-display-component---editResource--btnAddCounter-img"}]}
RESULT: undefined
COMMAND: POST /session/a9b4e6b29d0180ba254fca33fbca36af/element - {"using":"xpath","value":"//*[@id=\"application-manageresources-display-component---editResource--btnAddCounter-img\"]"}
RESULT: {"using":"xpath","value":"//*[@id=\"application-manageresources-display-component---editResource--btnAddCounter-img\"]"}
COMMAND: POST /session/a9b4e6b29d0180ba254fca33fbca36af/element/f.7C9A75291D3E7FF457A20D966EE470C5.d.67CEAA9D19B263F0B9BDC7525F227731.e.7782/click - {}
RESULT: {}
COMMAND: GET /session/a9b4e6b29d0180ba254fca33fbca36af/screenshot - {}
RESULT: {}
COMMAND: POST /session/a9b4e6b29d0180ba254fca33fbca36af/execute/async - {"script":"<script> [1562 bytes]","args":[{"selector":{"id":"application-manageresources-display-component---editResource--HAND_OVER_TYPE-application-manageresources-display-component---editResource--RUCounters-0","interaction":{"idSuffix":"CbBg"}},"wdio_ui5_key":"applicationmanageresources-display-component---editResource--HAND_OVER_TYPE-application-manageresources-display-component---editResource--RUCounters-0"}]}
RESULT: {"script":"<script> [1562 bytes]","args":[{"selector":{"id":"application-manageresources-display-component---editResource--HAND_OVER_TYPE-application-manageresources-display-component---editResource--RUCounters-0","interaction":{"idSuffix":"CbBg"}},"wdio_ui5_key":"applicationmanageresources-display-component---editResource--HAND_OVER_TYPE-application-manageresources-display-component---editResource--RUCounters-0"}]}
RESULT: undefined
COMMAND: POST /session/a9b4e6b29d0180ba254fca33fbca36af/element - {"using":"xpath","value":"//*[@id=\"application-manageresources-display-component---editResource--HAND_OVER_TYPE-application-manageresources-display-component---editResource--RUCounters-0\"]"}
RESULT: {"using":"xpath","value":"//*[@id=\"application-manageresources-display-component---editResource--HAND_OVER_TYPE-application-manageresources-display-component---editResource--RUCounters-0\"]"}
COMMAND: POST /session/a9b4e6b29d0180ba254fca33fbca36af/element/f.7C9A75291D3E7FF457A20D966EE470C5.d.67CEAA9D19B263F0B9BDC7525F227731.e.7790/click - {}
RESULT: {}
COMMAND: POST /session/a9b4e6b29d0180ba254fca33fbca36af/execute/async - {"script":"<script> [1562 bytes]","args":[{"selector":{"controlType":"sap.m.Button","viewName":"etm.portal.ui.manageresources.view.EditResource","viewId":"application-manageresources-display-component---editResource","i18NText":{"propertyName":"text","key":"save"},"interaction":{"idSuffix":"BDI-content"}},"wdio_ui5_key":"etmportal.ui.manageresources.view.EditResourcesap.m.Button{\"propertyName\":\"text\",\"key\":\"save\"}"}]}
COMMAND: GET /session/a9b4e6b29d0180ba254fca33fbca36af/screenshot - {}
RESULT: {"script":"<script> [1562 bytes]","args":[{"selector":{"controlType":"sap.m.Button","viewName":"etm.portal.ui.manageresources.view.EditResource","viewId":"application-manageresources-display-component---editResource","i18NText":{"propertyName":"text","key":"save"},"interaction":{"idSuffix":"BDI-content"}},"wdio_ui5_key":"etmportal.ui.manageresources.view.EditResourcesap.m.Button{\"propertyName\":\"text\",\"key\":\"save\"}"}]}
RESULT: undefined
COMMAND: POST /session/a9b4e6b29d0180ba254fca33fbca36af/element - {"using":"xpath","value":"//*[@id=\"__button90\"]"}
RESULT: {}
RESULT: {"using":"xpath","value":"//*[@id=\"__button90\"]"}
COMMAND: POST /session/a9b4e6b29d0180ba254fca33fbca36af/element/f.7C9A75291D3E7FF457A20D966EE470C5.d.67CEAA9D19B263F0B9BDC7525F227731.e.7792/click - {}
RESULT: {}
COMMAND: GET /session/a9b4e6b29d0180ba254fca33fbca36af/screenshot - {}
RESULT: {}
COMMAND: POST /session/a9b4e6b29d0180ba254fca33fbca36af/element - {"using":"css selector","value":"#shell-header-logo"}
RESULT: {"using":"css selector","value":"#shell-header-logo"}
COMMAND: POST /session/a9b4e6b29d0180ba254fca33fbca36af/elements - {"using":"css selector","value":"#shell-header-logo"}
RESULT: {"using":"css selector","value":"#shell-header-logo"}
COMMAND: POST /session/a9b4e6b29d0180ba254fca33fbca36af/execute/sync - {"script":"<script> [8489 bytes]","args":[{"element-6066-11e4-a52e-4f735466cecf":"f.7C9A75291D3E7FF457A20D966EE470C5.d.67CEAA9D19B263F0B9BDC7525F227731.e.6913","ELEMENT":"f.7C9A75291D3E7FF457A20D966EE470C5.d.67CEAA9D19B263F0B9BDC7525F227731.e.6913"}]}
RESULT: {"script":"<script> [8489 bytes]","args":[{"element-6066-11e4-a52e-4f735466cecf":"f.7C9A75291D3E7FF457A20D966EE470C5.d.67CEAA9D19B263F0B9BDC7525F227731.e.6913","ELEMENT":"f.7C9A75291D3E7FF457A20D966EE470C5.d.67CEAA9D19B263F0B9BDC7525F227731.e.6913"}]}
COMMAND: POST /session/a9b4e6b29d0180ba254fca33fbca36af/execute/sync - {"script":"<script> [5351 bytes]","args":[{"element-6066-11e4-a52e-4f735466cecf":"f.7C9A75291D3E7FF457A20D966EE470C5.d.67CEAA9D19B263F0B9BDC7525F227731.e.6913","ELEMENT":"f.7C9A75291D3E7FF457A20D966EE470C5.d.67CEAA9D19B263F0B9BDC7525F227731.e.6913"}]}
COMMAND: GET /session/a9b4e6b29d0180ba254fca33fbca36af/screenshot - {}
RESULT: {"script":"<script> [5351 bytes]","args":[{"element-6066-11e4-a52e-4f735466cecf":"f.7C9A75291D3E7FF457A20D966EE470C5.d.67CEAA9D19B263F0B9BDC7525F227731.e.6913","ELEMENT":"f.7C9A75291D3E7FF457A20D966EE470C5.d.67CEAA9D19B263F0B9BDC7525F227731.e.6913"}]}
COMMAND: POST /session/a9b4e6b29d0180ba254fca33fbca36af/element/f.7C9A75291D3E7FF457A20D966EE470C5.d.67CEAA9D19B263F0B9BDC7525F227731.e.6913/click - {}
COMMAND: GET /session/a9b4e6b29d0180ba254fca33fbca36af/screenshot - {}
RESULT: {}
RESULT: {}
COMMAND: GET /session/a9b4e6b29d0180ba254fca33fbca36af/screenshot - {}
RESULT: {}
RESULT: {}
COMMAND: POST /session/a9b4e6b29d0180ba254fca33fbca36af/element - {"using":"css selector","value":"#shell-header-logo"}
RESULT: {"using":"css selector","value":"#shell-header-logo"}
COMMAND: POST /session/a9b4e6b29d0180ba254fca33fbca36af/element/f.7C9A75291D3E7FF457A20D966EE470C5.d.67CEAA9D19B263F0B9BDC7525F227731.e.7804/click - {}
RESULT: {}
COMMAND: GET /session/a9b4e6b29d0180ba254fca33fbca36af/screenshot - {}
RESULT: {}
]]></system-out>
    </testcase>
  </testsuite>
  <testsuite timestamp="2025-04-22T15:47:37" time="83.852" tests="2" failures="0" errors="0" skipped="0">
    <properties>
      <property name="specId" value="0"/>
      <property name="suiteName" value="Personnel creation and reference material verification  US120163"/>
      <property name="capabilities" value="chrome.135_0_7049_42.windows"/>
      <property name="file" value="file:///D:/a/1/s/test/specs/R2C/create-personnel-no-material-reference.spec.js"/>
    </properties>
    <testcase classname="chrome.135_0_7049_42.windows.Personnel_creation_and_reference_material_verification__US120163" name="Should create a new personnel and verify if the material reference is visible" time="64.94">
      <system-out><![CDATA[
RESULT: undefined
COMMAND: POST /session/a9b4e6b29d0180ba254fca33fbca36af/element - {"using":"xpath","value":"//*[@id=\"__tile31\"]"}
RESULT: {"using":"xpath","value":"//*[@id=\"__tile31\"]"}
COMMAND: POST /session/a9b4e6b29d0180ba254fca33fbca36af/element/f.7C9A75291D3E7FF457A20D966EE470C5.d.67CEAA9D19B263F0B9BDC7525F227731.e.6930/click - {}
RESULT: undefined
RESULT: undefined
RESULT: {}
COMMAND: GET /session/a9b4e6b29d0180ba254fca33fbca36af/screenshot - {}
RESULT: {}
COMMAND: POST /session/a9b4e6b29d0180ba254fca33fbca36af/element - {"using":"xpath","value":"//button[@data-kt=\"addNewRUOverflowToolbarButton\"]"}
RESULT: {"using":"xpath","value":"//button[@data-kt=\"addNewRUOverflowToolbarButton\"]"}
COMMAND: POST /session/a9b4e6b29d0180ba254fca33fbca36af/execute/sync - {"script":"<script> [8489 bytes]","args":[{"element-6066-11e4-a52e-4f735466cecf":"f.7C9A75291D3E7FF457A20D966EE470C5.d.67CEAA9D19B263F0B9BDC7525F227731.e.7969","ELEMENT":"f.7C9A75291D3E7FF457A20D966EE470C5.d.67CEAA9D19B263F0B9BDC7525F227731.e.7969"}]}
RESULT: {"script":"<script> [8489 bytes]","args":[{"element-6066-11e4-a52e-4f735466cecf":"f.7C9A75291D3E7FF457A20D966EE470C5.d.67CEAA9D19B263F0B9BDC7525F227731.e.7969","ELEMENT":"f.7C9A75291D3E7FF457A20D966EE470C5.d.67CEAA9D19B263F0B9BDC7525F227731.e.7969"}]}
COMMAND: POST /session/a9b4e6b29d0180ba254fca33fbca36af/element/f.7C9A75291D3E7FF457A20D966EE470C5.d.67CEAA9D19B263F0B9BDC7525F227731.e.7969/click - {}
COMMAND: GET /session/a9b4e6b29d0180ba254fca33fbca36af/screenshot - {}
RESULT: {}
RESULT: undefined
COMMAND: POST /session/a9b4e6b29d0180ba254fca33fbca36af/element - {"using":"xpath","value":"//*[@id=\"application-manageresources-display-component---newResourceUnit--TYPE-arrow\"]"}
COMMAND: GET /session/a9b4e6b29d0180ba254fca33fbca36af/screenshot - {}
RESULT: {}
RESULT: {"using":"xpath","value":"//*[@id=\"application-manageresources-display-component---newResourceUnit--TYPE-arrow\"]"}
COMMAND: POST /session/a9b4e6b29d0180ba254fca33fbca36af/element/f.7C9A75291D3E7FF457A20D966EE470C5.d.67CEAA9D19B263F0B9BDC7525F227731.e.8180/click - {}
RESULT: {}
RESULT: {}
COMMAND: POST /session/a9b4e6b29d0180ba254fca33fbca36af/execute/async - {"script":"<script> [1562 bytes]","args":[{"selector":{"controlType":"sap.m.StandardListItem","viewName":"reusables.view.manageresources.NewResourceUnit","viewId":"application-manageresources-display-component---newResourceUnit","properties":{"title":"Personnel"},"searchOpenDialogs":true,"interaction":{"idSuffix":"titleText"}},"wdio_ui5_key":"reusablesview.manageresources.NewResourceUnitsap.m.StandardListItem{\"title\":\"Personnel\"}"}]}
COMMAND: GET /session/a9b4e6b29d0180ba254fca33fbca36af/screenshot - {}
RESULT: {"script":"<script> [1562 bytes]","args":[{"selector":{"controlType":"sap.m.StandardListItem","viewName":"reusables.view.manageresources.NewResourceUnit","viewId":"application-manageresources-display-component---newResourceUnit","properties":{"title":"Personnel"},"searchOpenDialogs":true,"interaction":{"idSuffix":"titleText"}},"wdio_ui5_key":"reusablesview.manageresources.NewResourceUnitsap.m.StandardListItem{\"title\":\"Personnel\"}"}]}
RESULT: undefined
COMMAND: POST /session/a9b4e6b29d0180ba254fca33fbca36af/element - {"using":"xpath","value":"//*[@id=\"__item1283\"]"}
RESULT: {}
RESULT: {"using":"xpath","value":"//*[@id=\"__item1283\"]"}
COMMAND: POST /session/a9b4e6b29d0180ba254fca33fbca36af/element/f.7C9A75291D3E7FF457A20D966EE470C5.d.67CEAA9D19B263F0B9BDC7525F227731.e.8183/click - {}
RESULT: {}
RESULT: undefined
COMMAND: POST /session/a9b4e6b29d0180ba254fca33fbca36af/execute/async - {"script":"<script> [776 bytes]","args":[{"enterText":"WdIOPersonnelat90w","selector":{"id":"application-manageresources-display-component---newResourceUnit--SHORT_TEXT","interaction":{"idSuffix":"inner"}},"clearTextFirst":true,"interactionType":"ENTER_TEXT"}]}
COMMAND: GET /session/a9b4e6b29d0180ba254fca33fbca36af/screenshot - {}
RESULT: {"script":"<script> [776 bytes]","args":[{"enterText":"WdIOPersonnelat90w","selector":{"id":"application-manageresources-display-component---newResourceUnit--SHORT_TEXT","interaction":{"idSuffix":"inner"}},"clearTextFirst":true,"interactionType":"ENTER_TEXT"}]}
COMMAND: POST /session/a9b4e6b29d0180ba254fca33fbca36af/element - {"using":"xpath","value":"//bdi[contains(text(), \"Material\")]"}
RESULT: {}
RESULT: {"using":"xpath","value":"//bdi[contains(text(), \"Material\")]"}
COMMAND: POST /session/a9b4e6b29d0180ba254fca33fbca36af/element - {"using":"xpath","value":"//bdi[contains(text(), \"Material\")]"}
RESULT: {"using":"xpath","value":"//bdi[contains(text(), \"Material\")]"}
COMMAND: POST /session/a9b4e6b29d0180ba254fca33fbca36af/execute/async - {"script":"<script> [1562 bytes]","args":[{"selector":{"id":"application-manageresources-display-component---newResourceUnit--BASE_UNIT_OF_MEASURE-arrow"},"wdio_ui5_key":"applicationmanageresources-display-component---newResourceUnit--BASE_UNIT_OF_MEASURE-arrow"}]}
RESULT: {"script":"<script> [1562 bytes]","args":[{"selector":{"id":"application-manageresources-display-component---newResourceUnit--BASE_UNIT_OF_MEASURE-arrow"},"wdio_ui5_key":"applicationmanageresources-display-component---newResourceUnit--BASE_UNIT_OF_MEASURE-arrow"}]}
RESULT: undefined
COMMAND: POST /session/a9b4e6b29d0180ba254fca33fbca36af/element - {"using":"xpath","value":"//*[@id=\"application-manageresources-display-component---newResourceUnit--BASE_UNIT_OF_MEASURE-arrow\"]"}
RESULT: {"using":"xpath","value":"//*[@id=\"application-manageresources-display-component---newResourceUnit--BASE_UNIT_OF_MEASURE-arrow\"]"}
COMMAND: POST /session/a9b4e6b29d0180ba254fca33fbca36af/element/f.7C9A75291D3E7FF457A20D966EE470C5.d.67CEAA9D19B263F0B9BDC7525F227731.e.8225/click - {}
RESULT: {}
COMMAND: POST /session/a9b4e6b29d0180ba254fca33fbca36af/execute/async - {"script":"<script> [1562 bytes]","args":[{"selector":{"controlType":"sap.m.StandardListItem","viewName":"reusables.view.manageresources.NewResourceUnit","viewId":"application-manageresources-display-component---newResourceUnit","properties":{"title":"Percent"},"searchOpenDialogs":true,"interaction":{"idSuffix":"titleText"}},"wdio_ui5_key":"reusablesview.manageresources.NewResourceUnitsap.m.StandardListItem{\"title\":\"Percent\"}"}]}
COMMAND: GET /session/a9b4e6b29d0180ba254fca33fbca36af/screenshot - {}
RESULT: {"script":"<script> [1562 bytes]","args":[{"selector":{"controlType":"sap.m.StandardListItem","viewName":"reusables.view.manageresources.NewResourceUnit","viewId":"application-manageresources-display-component---newResourceUnit","properties":{"title":"Percent"},"searchOpenDialogs":true,"interaction":{"idSuffix":"titleText"}},"wdio_ui5_key":"reusablesview.manageresources.NewResourceUnitsap.m.StandardListItem{\"title\":\"Percent\"}"}]}
RESULT: undefined
COMMAND: POST /session/a9b4e6b29d0180ba254fca33fbca36af/element - {"using":"xpath","value":"//*[@id=\"__item1305\"]"}
RESULT: {}
RESULT: {"using":"xpath","value":"//*[@id=\"__item1305\"]"}
COMMAND: POST /session/a9b4e6b29d0180ba254fca33fbca36af/element/f.7C9A75291D3E7FF457A20D966EE470C5.d.67CEAA9D19B263F0B9BDC7525F227731.e.8227/click - {}
RESULT: {}
COMMAND: POST /session/a9b4e6b29d0180ba254fca33fbca36af/execute/async - {"script":"<script> [1562 bytes]","args":[{"selector":{"id":"application-manageresources-display-component---newResourceUnit--PLANNING_GROUP-arrow"},"wdio_ui5_key":"applicationmanageresources-display-component---newResourceUnit--PLANNING_GROUP-arrow"}]}
COMMAND: GET /session/a9b4e6b29d0180ba254fca33fbca36af/screenshot - {}
RESULT: {"script":"<script> [1562 bytes]","args":[{"selector":{"id":"application-manageresources-display-component---newResourceUnit--PLANNING_GROUP-arrow"},"wdio_ui5_key":"applicationmanageresources-display-component---newResourceUnit--PLANNING_GROUP-arrow"}]}
RESULT: undefined
COMMAND: POST /session/a9b4e6b29d0180ba254fca33fbca36af/element - {"using":"xpath","value":"//*[@id=\"application-manageresources-display-component---newResourceUnit--PLANNING_GROUP-arrow\"]"}
RESULT: {}
RESULT: {"using":"xpath","value":"//*[@id=\"application-manageresources-display-component---newResourceUnit--PLANNING_GROUP-arrow\"]"}
COMMAND: POST /session/a9b4e6b29d0180ba254fca33fbca36af/element/f.7C9A75291D3E7FF457A20D966EE470C5.d.67CEAA9D19B263F0B9BDC7525F227731.e.8228/click - {}
RESULT: {}
COMMAND: GET /session/a9b4e6b29d0180ba254fca33fbca36af/screenshot - {}
RESULT: {}
COMMAND: POST /session/a9b4e6b29d0180ba254fca33fbca36af/execute/async - {"script":"<script> [1562 bytes]","args":[{"selector":{"controlType":"sap.m.StandardListItem","viewName":"reusables.view.manageresources.NewResourceUnit","viewId":"application-manageresources-display-component---newResourceUnit","properties":{"title":"Operating personnel"},"searchOpenDialogs":true,"interaction":{"idSuffix":"titleText"}},"wdio_ui5_key":"reusablesview.manageresources.NewResourceUnitsap.m.StandardListItem{\"title\":\"Operating personnel\"}"}]}
RESULT: {"script":"<script> [1562 bytes]","args":[{"selector":{"controlType":"sap.m.StandardListItem","viewName":"reusables.view.manageresources.NewResourceUnit","viewId":"application-manageresources-display-component---newResourceUnit","properties":{"title":"Operating personnel"},"searchOpenDialogs":true,"interaction":{"idSuffix":"titleText"}},"wdio_ui5_key":"reusablesview.manageresources.NewResourceUnitsap.m.StandardListItem{\"title\":\"Operating personnel\"}"}]}
RESULT: undefined
COMMAND: POST /session/a9b4e6b29d0180ba254fca33fbca36af/element - {"using":"xpath","value":"//*[@id=\"__item1314\"]"}
RESULT: {"using":"xpath","value":"//*[@id=\"__item1314\"]"}
COMMAND: POST /session/a9b4e6b29d0180ba254fca33fbca36af/element/f.7C9A75291D3E7FF457A20D966EE470C5.d.67CEAA9D19B263F0B9BDC7525F227731.e.8230/click - {}
RESULT: {}
COMMAND: GET /session/a9b4e6b29d0180ba254fca33fbca36af/screenshot - {}
RESULT: {}
COMMAND: POST /session/a9b4e6b29d0180ba254fca33fbca36af/element - {"using":"xpath","value":"//bdi[contains(text(), \"Time Segment\")]"}
RESULT: {"using":"xpath","value":"//bdi[contains(text(), \"Time Segment\")]"}
COMMAND: GET /session/a9b4e6b29d0180ba254fca33fbca36af/element/f.7C9A75291D3E7FF457A20D966EE470C5.d.67CEAA9D19B263F0B9BDC7525F227731.e.8231/rect - {}
RESULT: {}
COMMAND: GET /session/a9b4e6b29d0180ba254fca33fbca36af/window/rect - {}
RESULT: {}
COMMAND: POST /session/a9b4e6b29d0180ba254fca33fbca36af/execute/sync - {"script":"<script> [92 bytes]","args":[]}
RESULT: {"script":"<script> [92 bytes]","args":[]}
COMMAND: POST /session/a9b4e6b29d0180ba254fca33fbca36af/actions - {"actions":[{"id":"action24","type":"wheel","parameters":{},"actions":[{"type":"scroll","x":-1820,"y":804,"deltaX":0,"deltaY":0,"duration":0,"origin":{"element-6066-11e4-a52e-4f735466cecf":"f.7C9A75291D3E7FF457A20D966EE470C5.d.67CEAA9D19B263F0B9BDC7525F227731.e.8231"}}]}]}
COMMAND: GET /session/a9b4e6b29d0180ba254fca33fbca36af/screenshot - {}
RESULT: {}
COMMAND: POST /session/a9b4e6b29d0180ba254fca33fbca36af/execute/sync - {"script":"<script> [79 bytes]","args":[{"element-6066-11e4-a52e-4f735466cecf":"f.7C9A75291D3E7FF457A20D966EE470C5.d.67CEAA9D19B263F0B9BDC7525F227731.e.8231","ELEMENT":"f.7C9A75291D3E7FF457A20D966EE470C5.d.67CEAA9D19B263F0B9BDC7525F227731.e.8231"},{"block":"start","inline":"nearest"}]}
RESULT: {"script":"<script> [79 bytes]","args":[{"element-6066-11e4-a52e-4f735466cecf":"f.7C9A75291D3E7FF457A20D966EE470C5.d.67CEAA9D19B263F0B9BDC7525F227731.e.8231","ELEMENT":"f.7C9A75291D3E7FF457A20D966EE470C5.d.67CEAA9D19B263F0B9BDC7525F227731.e.8231"},{"block":"start","inline":"nearest"}]}
COMMAND: GET /session/a9b4e6b29d0180ba254fca33fbca36af/screenshot - {}
RESULT: {}
COMMAND: POST /session/a9b4e6b29d0180ba254fca33fbca36af/element - {"using":"xpath","value":"//span[@id=\"application-manageresources-display-component---newResourceUnit--btnAddTimeSegment-img\"]"}
RESULT: {"using":"xpath","value":"//span[@id=\"application-manageresources-display-component---newResourceUnit--btnAddTimeSegment-img\"]"}
COMMAND: POST /session/a9b4e6b29d0180ba254fca33fbca36af/execute/sync - {"script":"<script> [8489 bytes]","args":[{"element-6066-11e4-a52e-4f735466cecf":"f.7C9A75291D3E7FF457A20D966EE470C5.d.67CEAA9D19B263F0B9BDC7525F227731.e.8236","ELEMENT":"f.7C9A75291D3E7FF457A20D966EE470C5.d.67CEAA9D19B263F0B9BDC7525F227731.e.8236"}]}
RESULT: {"script":"<script> [8489 bytes]","args":[{"element-6066-11e4-a52e-4f735466cecf":"f.7C9A75291D3E7FF457A20D966EE470C5.d.67CEAA9D19B263F0B9BDC7525F227731.e.8236","ELEMENT":"f.7C9A75291D3E7FF457A20D966EE470C5.d.67CEAA9D19B263F0B9BDC7525F227731.e.8236"}]}
COMMAND: POST /session/a9b4e6b29d0180ba254fca33fbca36af/element/f.7C9A75291D3E7FF457A20D966EE470C5.d.67CEAA9D19B263F0B9BDC7525F227731.e.8236/click - {}
COMMAND: GET /session/a9b4e6b29d0180ba254fca33fbca36af/screenshot - {}
RESULT: {}
COMMAND: GET /session/a9b4e6b29d0180ba254fca33fbca36af/screenshot - {}
COMMAND: POST /session/a9b4e6b29d0180ba254fca33fbca36af/element - {"using":"xpath","value":"//input[@id=\"application-manageresources-display-component---newResourceUnit--idRuTSAdmin-application-manageresources-display-component---newResourceUnit--RUTimeSegment-0-inner\"]"}
RESULT: {}
RESULT: {}
RESULT: {"using":"xpath","value":"//input[@id=\"application-manageresources-display-component---newResourceUnit--idRuTSAdmin-application-manageresources-display-component---newResourceUnit--RUTimeSegment-0-inner\"]"}
COMMAND: POST /session/a9b4e6b29d0180ba254fca33fbca36af/element/f.7C9A75291D3E7FF457A20D966EE470C5.d.67CEAA9D19B263F0B9BDC7525F227731.e.8239/clear - {}
RESULT: {}
COMMAND: POST /session/a9b4e6b29d0180ba254fca33fbca36af/element/f.7C9A75291D3E7FF457A20D966EE470C5.d.67CEAA9D19B263F0B9BDC7525F227731.e.8239/value - {"text":"webdriveryard"}
COMMAND: GET /session/a9b4e6b29d0180ba254fca33fbca36af/screenshot - {}
RESULT: {"text":"webdriveryard"}
COMMAND: GET /session/a9b4e6b29d0180ba254fca33fbca36af/screenshot - {}
RESULT: {}
RESULT: {}
COMMAND: POST /session/a9b4e6b29d0180ba254fca33fbca36af/actions - {"actions":[{"id":"action25","type":"key","parameters":{},"actions":[{"type":"keyDown","value":""},{"type":"pause","duration":10},{"type":"keyUp","value":""}]}]}
RESULT: {"actions":[{"id":"action25","type":"key","parameters":{},"actions":[{"type":"keyDown","value":""},{"type":"pause","duration":10},{"type":"keyUp","value":""}]}]}
COMMAND: GET /session/a9b4e6b29d0180ba254fca33fbca36af/screenshot - {}
RESULT: {}
COMMAND: POST /session/a9b4e6b29d0180ba254fca33fbca36af/element - {"using":"xpath","value":"//input[contains(@id, \"application-manageresources-display-component---newResourceUnit--newControlDataDateRangePicker-inner\")]"}
RESULT: {"using":"xpath","value":"//input[contains(@id, \"application-manageresources-display-component---newResourceUnit--newControlDataDateRangePicker-inner\")]"}
COMMAND: POST /session/a9b4e6b29d0180ba254fca33fbca36af/element/f.7C9A75291D3E7FF457A20D966EE470C5.d.67CEAA9D19B263F0B9BDC7525F227731.e.8212/clear - {}
RESULT: {}
COMMAND: POST /session/a9b4e6b29d0180ba254fca33fbca36af/element/f.7C9A75291D3E7FF457A20D966EE470C5.d.67CEAA9D19B263F0B9BDC7525F227731.e.8212/value - {"text":"12/17/26 - 2/18/27"}
COMMAND: GET /session/a9b4e6b29d0180ba254fca33fbca36af/screenshot - {}
RESULT: {"text":"12/17/26 - 2/18/27"}
COMMAND: POST /session/a9b4e6b29d0180ba254fca33fbca36af/element - {"using":"xpath","value":"//bdi[contains(@id, \"application-manageresources-display-component---newResourceUnit--createRuButton-BDI-content\")]"}
COMMAND: GET /session/a9b4e6b29d0180ba254fca33fbca36af/screenshot - {}
RESULT: {}
RESULT: {"using":"xpath","value":"//bdi[contains(@id, \"application-manageresources-display-component---newResourceUnit--createRuButton-BDI-content\")]"}
COMMAND: POST /session/a9b4e6b29d0180ba254fca33fbca36af/element/f.7C9A75291D3E7FF457A20D966EE470C5.d.67CEAA9D19B263F0B9BDC7525F227731.e.8257/click - {}
RESULT: {}
RESULT: {}
COMMAND: GET /session/a9b4e6b29d0180ba254fca33fbca36af/screenshot - {}
RESULT: {}
COMMAND: POST /session/a9b4e6b29d0180ba254fca33fbca36af/actions - {"actions":[{"id":"action26","type":"key","parameters":{},"actions":[{"type":"keyDown","value":""},{"type":"pause","duration":10},{"type":"keyUp","value":""}]}]}
RESULT: {"actions":[{"id":"action26","type":"key","parameters":{},"actions":[{"type":"keyDown","value":""},{"type":"pause","duration":10},{"type":"keyUp","value":""}]}]}
COMMAND: GET /session/a9b4e6b29d0180ba254fca33fbca36af/screenshot - {}
RESULT: {}
]]></system-out>
    </testcase>
    <testcase classname="chrome.135_0_7049_42.windows.Personnel_creation_and_reference_material_verification__US120163" name="Should verify if the reference material is visible in edit and detail mode" time="15.713">
      <system-out><![CDATA[
COMMAND: POST /session/a9b4e6b29d0180ba254fca33fbca36af/element - {"using":"xpath","value":"//bdi[contains(text(), \"Edit\")]"}
RESULT: {"using":"xpath","value":"//bdi[contains(text(), \"Edit\")]"}
COMMAND: POST /session/a9b4e6b29d0180ba254fca33fbca36af/element/f.7C9A75291D3E7FF457A20D966EE470C5.d.67CEAA9D19B263F0B9BDC7525F227731.e.8280/click - {}
RESULT: {}
COMMAND: GET /session/a9b4e6b29d0180ba254fca33fbca36af/screenshot - {}
RESULT: {}
COMMAND: POST /session/a9b4e6b29d0180ba254fca33fbca36af/element - {"using":"xpath","value":"//bdi[contains(text(), \"Material\")]"}
RESULT: {"using":"xpath","value":"//bdi[contains(text(), \"Material\")]"}
COMMAND: POST /session/a9b4e6b29d0180ba254fca33fbca36af/element - {"using":"xpath","value":"//bdi[contains(text(), \"Material\")]"}
RESULT: {"using":"xpath","value":"//bdi[contains(text(), \"Material\")]"}
COMMAND: POST /session/a9b4e6b29d0180ba254fca33fbca36af/element - {"using":"xpath","value":"(//bdi[contains(text(), \"Save\")])[2]"}
RESULT: {"using":"xpath","value":"(//bdi[contains(text(), \"Save\")])[2]"}
COMMAND: POST /session/a9b4e6b29d0180ba254fca33fbca36af/element/f.7C9A75291D3E7FF457A20D966EE470C5.d.67CEAA9D19B263F0B9BDC7525F227731.e.8332/click - {}
RESULT: {}
COMMAND: GET /session/a9b4e6b29d0180ba254fca33fbca36af/screenshot - {}
RESULT: {}
COMMAND: DELETE /session/a9b4e6b29d0180ba254fca33fbca36af - {}
RESULT: {}
]]></system-out>
    </testcase>
  </testsuite>
</testsuites>