<?xml version="1.0" encoding="UTF-8"?>
<testsuites tests="3" failures="0" errors="0" skipped="0">
  <testsuite timestamp="2025-04-30T18:05:25" time="222.486" tests="3" failures="0" errors="0" skipped="0">
    <properties>
      <property name="specId" value="0" />
      <property name="suiteName" value="Address Management Tests US151165 US151160" />
      <property name="capabilities" value="chrome.135_0_7049_96.windows" />
      <property name="file" value="file:///D:/a/1/s/test/specs/BTS/address-management.spec.js" />
    </properties>
    <testcase classname="chrome.135_0_7049_96.windows.Address_Management_Tests_US151165_US151160" name="Step 1 Will check existence of address created with generated name if none then we create" time="65.761">
      <system-out><![CDATA[
COMMAND: POST /session/77091ac9789b06e69768361f120f780d/execute/async - {"script":"<script> [1562 bytes]","args":[{"selector":{"controlType":"sap.m.GenericTile","properties":{"header":"Address Management"}},"wdio_ui5_key":"sapm.GenericTile{\"header\":\"Address Management\"}"}]}
RESULT: {"script":"<script> [1562 bytes]","args":[{"selector":{"controlType":"sap.m.GenericTile","properties":{"header":"Address Management"}},"wdio_ui5_key":"sapm.GenericTile{\"header\":\"Address Management\"}"}]}
RESULT: undefined
COMMAND: POST /session/77091ac9789b06e69768361f120f780d/element - {"using":"xpath","value":"//*[@id=\"__tile33\"]"}
RESULT: {"using":"xpath","value":"//*[@id=\"__tile33\"]"}
COMMAND: POST /session/77091ac9789b06e69768361f120f780d/element/f.DDF3F8D7CE82EFA40A368ED6E1F138A5.d.01F5C4FAD44D289300BAAD2A73775A18.e.213/click - {}
RESULT: {}
COMMAND: POST /session/77091ac9789b06e69768361f120f780d/element - {"using":"xpath","value":"//button[@data-kt=\"addButton\"]"}
COMMAND: GET /session/77091ac9789b06e69768361f120f780d/screenshot - {}
RESULT: {"using":"xpath","value":"//button[@data-kt=\"addButton\"]"}
COMMAND: POST /session/77091ac9789b06e69768361f120f780d/elements - {"using":"xpath","value":"//button[@data-kt=\"addButton\"]"}
RESULT: {}
RESULT: {"using":"xpath","value":"//button[@data-kt=\"addButton\"]"}
COMMAND: POST /session/77091ac9789b06e69768361f120f780d/elements - {"using":"xpath","value":"//button[@data-kt=\"addButton\"]"}
RESULT: {"using":"xpath","value":"//button[@data-kt=\"addButton\"]"}
COMMAND: POST /session/77091ac9789b06e69768361f120f780d/elements - {"using":"xpath","value":"//button[@data-kt=\"addButton\"]"}
RESULT: {"using":"xpath","value":"//button[@data-kt=\"addButton\"]"}
COMMAND: POST /session/77091ac9789b06e69768361f120f780d/elements - {"using":"xpath","value":"//button[@data-kt=\"addButton\"]"}
RESULT: {"using":"xpath","value":"//button[@data-kt=\"addButton\"]"}
COMMAND: POST /session/77091ac9789b06e69768361f120f780d/elements - {"using":"xpath","value":"//button[@data-kt=\"addButton\"]"}
RESULT: {"using":"xpath","value":"//button[@data-kt=\"addButton\"]"}
COMMAND: POST /session/77091ac9789b06e69768361f120f780d/elements - {"using":"xpath","value":"//button[@data-kt=\"addButton\"]"}
RESULT: {"using":"xpath","value":"//button[@data-kt=\"addButton\"]"}
COMMAND: POST /session/77091ac9789b06e69768361f120f780d/elements - {"using":"xpath","value":"//button[@data-kt=\"addButton\"]"}
RESULT: {"using":"xpath","value":"//button[@data-kt=\"addButton\"]"}
COMMAND: POST /session/77091ac9789b06e69768361f120f780d/elements - {"using":"xpath","value":"//button[@data-kt=\"addButton\"]"}
RESULT: {"using":"xpath","value":"//button[@data-kt=\"addButton\"]"}
COMMAND: POST /session/77091ac9789b06e69768361f120f780d/elements - {"using":"xpath","value":"//button[@data-kt=\"addButton\"]"}
RESULT: {"using":"xpath","value":"//button[@data-kt=\"addButton\"]"}
COMMAND: POST /session/77091ac9789b06e69768361f120f780d/elements - {"using":"xpath","value":"//button[@data-kt=\"addButton\"]"}
RESULT: {"using":"xpath","value":"//button[@data-kt=\"addButton\"]"}
COMMAND: POST /session/77091ac9789b06e69768361f120f780d/elements - {"using":"xpath","value":"//button[@data-kt=\"addButton\"]"}
RESULT: {"using":"xpath","value":"//button[@data-kt=\"addButton\"]"}
COMMAND: POST /session/77091ac9789b06e69768361f120f780d/elements - {"using":"xpath","value":"//button[@data-kt=\"addButton\"]"}
RESULT: {"using":"xpath","value":"//button[@data-kt=\"addButton\"]"}
COMMAND: POST /session/77091ac9789b06e69768361f120f780d/elements - {"using":"xpath","value":"//button[@data-kt=\"addButton\"]"}
RESULT: {"using":"xpath","value":"//button[@data-kt=\"addButton\"]"}
COMMAND: POST /session/77091ac9789b06e69768361f120f780d/elements - {"using":"xpath","value":"//button[@data-kt=\"addButton\"]"}
RESULT: {"using":"xpath","value":"//button[@data-kt=\"addButton\"]"}
COMMAND: POST /session/77091ac9789b06e69768361f120f780d/elements - {"using":"xpath","value":"//button[@data-kt=\"addButton\"]"}
RESULT: {"using":"xpath","value":"//button[@data-kt=\"addButton\"]"}
COMMAND: POST /session/77091ac9789b06e69768361f120f780d/elements - {"using":"xpath","value":"//button[@data-kt=\"addButton\"]"}
RESULT: {"using":"xpath","value":"//button[@data-kt=\"addButton\"]"}
COMMAND: POST /session/77091ac9789b06e69768361f120f780d/elements - {"using":"xpath","value":"//button[@data-kt=\"addButton\"]"}
RESULT: {"using":"xpath","value":"//button[@data-kt=\"addButton\"]"}
COMMAND: POST /session/77091ac9789b06e69768361f120f780d/elements - {"using":"xpath","value":"//button[@data-kt=\"addButton\"]"}
RESULT: {"using":"xpath","value":"//button[@data-kt=\"addButton\"]"}
COMMAND: POST /session/77091ac9789b06e69768361f120f780d/elements - {"using":"xpath","value":"//button[@data-kt=\"addButton\"]"}
RESULT: {"using":"xpath","value":"//button[@data-kt=\"addButton\"]"}
COMMAND: POST /session/77091ac9789b06e69768361f120f780d/elements - {"using":"xpath","value":"//button[@data-kt=\"addButton\"]"}
RESULT: {"using":"xpath","value":"//button[@data-kt=\"addButton\"]"}
COMMAND: POST /session/77091ac9789b06e69768361f120f780d/elements - {"using":"xpath","value":"//button[@data-kt=\"addButton\"]"}
RESULT: {"using":"xpath","value":"//button[@data-kt=\"addButton\"]"}
COMMAND: POST /session/77091ac9789b06e69768361f120f780d/elements - {"using":"xpath","value":"//button[@data-kt=\"addButton\"]"}
RESULT: {"using":"xpath","value":"//button[@data-kt=\"addButton\"]"}
COMMAND: POST /session/77091ac9789b06e69768361f120f780d/elements - {"using":"xpath","value":"//button[@data-kt=\"addButton\"]"}
RESULT: {"using":"xpath","value":"//button[@data-kt=\"addButton\"]"}
COMMAND: POST /session/77091ac9789b06e69768361f120f780d/elements - {"using":"xpath","value":"//button[@data-kt=\"addButton\"]"}
RESULT: {"using":"xpath","value":"//button[@data-kt=\"addButton\"]"}
COMMAND: POST /session/77091ac9789b06e69768361f120f780d/elements - {"using":"xpath","value":"//button[@data-kt=\"addButton\"]"}
RESULT: {"using":"xpath","value":"//button[@data-kt=\"addButton\"]"}
COMMAND: POST /session/77091ac9789b06e69768361f120f780d/elements - {"using":"xpath","value":"//button[@data-kt=\"addButton\"]"}
RESULT: {"using":"xpath","value":"//button[@data-kt=\"addButton\"]"}
COMMAND: POST /session/77091ac9789b06e69768361f120f780d/elements - {"using":"xpath","value":"//button[@data-kt=\"addButton\"]"}
RESULT: {"using":"xpath","value":"//button[@data-kt=\"addButton\"]"}
COMMAND: POST /session/77091ac9789b06e69768361f120f780d/elements - {"using":"xpath","value":"//button[@data-kt=\"addButton\"]"}
RESULT: {"using":"xpath","value":"//button[@data-kt=\"addButton\"]"}
COMMAND: POST /session/77091ac9789b06e69768361f120f780d/elements - {"using":"xpath","value":"//button[@data-kt=\"addButton\"]"}
RESULT: {"using":"xpath","value":"//button[@data-kt=\"addButton\"]"}
COMMAND: POST /session/77091ac9789b06e69768361f120f780d/element - {"using":"xpath","value":"//button[@data-kt=\"addButton\"]"}
RESULT: {"using":"xpath","value":"//button[@data-kt=\"addButton\"]"}
COMMAND: POST /session/77091ac9789b06e69768361f120f780d/execute/sync - {"script":"<script> [8489 bytes]","args":[{"element-6066-11e4-a52e-4f735466cecf":"f.DDF3F8D7CE82EFA40A368ED6E1F138A5.d.01F5C4FAD44D289300BAAD2A73775A18.e.299","ELEMENT":"f.DDF3F8D7CE82EFA40A368ED6E1F138A5.d.01F5C4FAD44D289300BAAD2A73775A18.e.299"}]}
RESULT: {"script":"<script> [8489 bytes]","args":[{"element-6066-11e4-a52e-4f735466cecf":"f.DDF3F8D7CE82EFA40A368ED6E1F138A5.d.01F5C4FAD44D289300BAAD2A73775A18.e.299","ELEMENT":"f.DDF3F8D7CE82EFA40A368ED6E1F138A5.d.01F5C4FAD44D289300BAAD2A73775A18.e.299"}]}
COMMAND: GET /session/77091ac9789b06e69768361f120f780d/element/f.DDF3F8D7CE82EFA40A368ED6E1F138A5.d.01F5C4FAD44D289300BAAD2A73775A18.e.299/enabled - {}
COMMAND: GET /session/77091ac9789b06e69768361f120f780d/screenshot - {}
RESULT: {}
COMMAND: POST /session/77091ac9789b06e69768361f120f780d/execute/sync - {"script":"<script> [8489 bytes]","args":[{"element-6066-11e4-a52e-4f735466cecf":"f.DDF3F8D7CE82EFA40A368ED6E1F138A5.d.01F5C4FAD44D289300BAAD2A73775A18.e.299","ELEMENT":"f.DDF3F8D7CE82EFA40A368ED6E1F138A5.d.01F5C4FAD44D289300BAAD2A73775A18.e.299"}]}
COMMAND: GET /session/77091ac9789b06e69768361f120f780d/screenshot - {}
RESULT: {}
RESULT: {"script":"<script> [8489 bytes]","args":[{"element-6066-11e4-a52e-4f735466cecf":"f.DDF3F8D7CE82EFA40A368ED6E1F138A5.d.01F5C4FAD44D289300BAAD2A73775A18.e.299","ELEMENT":"f.DDF3F8D7CE82EFA40A368ED6E1F138A5.d.01F5C4FAD44D289300BAAD2A73775A18.e.299"}]}
COMMAND: POST /session/77091ac9789b06e69768361f120f780d/execute/sync - {"script":"<script> [5351 bytes]","args":[{"element-6066-11e4-a52e-4f735466cecf":"f.DDF3F8D7CE82EFA40A368ED6E1F138A5.d.01F5C4FAD44D289300BAAD2A73775A18.e.299","ELEMENT":"f.DDF3F8D7CE82EFA40A368ED6E1F138A5.d.01F5C4FAD44D289300BAAD2A73775A18.e.299"}]}
COMMAND: GET /session/77091ac9789b06e69768361f120f780d/screenshot - {}
RESULT: {}
RESULT: {"script":"<script> [5351 bytes]","args":[{"element-6066-11e4-a52e-4f735466cecf":"f.DDF3F8D7CE82EFA40A368ED6E1F138A5.d.01F5C4FAD44D289300BAAD2A73775A18.e.299","ELEMENT":"f.DDF3F8D7CE82EFA40A368ED6E1F138A5.d.01F5C4FAD44D289300BAAD2A73775A18.e.299"}]}
COMMAND: GET /session/77091ac9789b06e69768361f120f780d/screenshot - {}
RESULT: {}
RESULT: {}
COMMAND: POST /session/77091ac9789b06e69768361f120f780d/execute/async - {"script":"<script> [1562 bytes]","args":[{"selector":{"id":"application-addressmanagement-display-component---masterAdm--smartFilterBar-btnBasicSearch","interaction":{"idSuffix":"I"}},"wdio_ui5_key":"applicationaddressmanagement-display-component---masterAdm--smartFilterBar-btnBasicSearch"}]}
RESULT: {"script":"<script> [1562 bytes]","args":[{"selector":{"id":"application-addressmanagement-display-component---masterAdm--smartFilterBar-btnBasicSearch","interaction":{"idSuffix":"I"}},"wdio_ui5_key":"applicationaddressmanagement-display-component---masterAdm--smartFilterBar-btnBasicSearch"}]}
RESULT: undefined
COMMAND: POST /session/77091ac9789b06e69768361f120f780d/execute/async - {"script":"<script> [776 bytes]","args":[{"enterText":"y1HyZaJAF9","selector":{"id":"application-addressmanagement-display-component---masterAdm--smartFilterBar-btnBasicSearch","interaction":{"idSuffix":"I"}},"clearTextFirst":true,"interactionType":"ENTER_TEXT"}]}
RESULT: {"script":"<script> [776 bytes]","args":[{"enterText":"y1HyZaJAF9","selector":{"id":"application-addressmanagement-display-component---masterAdm--smartFilterBar-btnBasicSearch","interaction":{"idSuffix":"I"}},"clearTextFirst":true,"interactionType":"ENTER_TEXT"}]}
COMMAND: POST /session/77091ac9789b06e69768361f120f780d/actions - {"actions":[{"id":"action1","type":"key","parameters":{},"actions":[{"type":"keyDown","value":"î€‡"},{"type":"pause","duration":10},{"type":"keyUp","value":"î€‡"}]}]}
RESULT: {"actions":[{"id":"action1","type":"key","parameters":{},"actions":[{"type":"keyDown","value":"î€‡"},{"type":"pause","duration":10},{"type":"keyUp","value":"î€‡"}]}]}
COMMAND: GET /session/77091ac9789b06e69768361f120f780d/screenshot - {}
RESULT: {}
COMMAND: POST /session/77091ac9789b06e69768361f120f780d/elements - {"using":"xpath","value":"//table[contains(@id, \"customPersonsAddressesTable-listUl\")]/tbody/tr"}
RESULT: {"using":"xpath","value":"//table[contains(@id, \"customPersonsAddressesTable-listUl\")]/tbody/tr"}
COMMAND: POST /session/77091ac9789b06e69768361f120f780d/element - {"using":"xpath","value":"//table[contains(@id, \"customPersonsAddressesTable-listUl\")]/tbody/tr[1]/td[5]/span/span"}
RESULT: {"using":"xpath","value":"//table[contains(@id, \"customPersonsAddressesTable-listUl\")]/tbody/tr[1]/td[5]/span/span"}
COMMAND: POST /session/77091ac9789b06e69768361f120f780d/element - {"using":"xpath","value":"//table[contains(@id, \"customPersonsAddressesTable-listUl\")]/tbody/tr[1]/td[3]/span"}
RESULT: {"using":"xpath","value":"//table[contains(@id, \"customPersonsAddressesTable-listUl\")]/tbody/tr[1]/td[3]/span"}
COMMAND: POST /session/77091ac9789b06e69768361f120f780d/elements - {"using":"xpath","value":"//table[contains(@id, \"customPersonsAddressesTable-listUl\")]/tbody/tr[1]/td[5]/span/span"}
RESULT: {"using":"xpath","value":"//table[contains(@id, \"customPersonsAddressesTable-listUl\")]/tbody/tr[1]/td[5]/span/span"}
COMMAND: POST /session/77091ac9789b06e69768361f120f780d/element - {"using":"xpath","value":"//span[@id=\"application-addressmanagement-display-component---masterAdm--smartTable-header-inner\"]"}
RESULT: {"using":"xpath","value":"//span[@id=\"application-addressmanagement-display-component---masterAdm--smartTable-header-inner\"]"}
COMMAND: POST /session/77091ac9789b06e69768361f120f780d/elements - {"using":"xpath","value":"//span[@id=\"application-addressmanagement-display-component---masterAdm--smartTable-header-inner\"]"}
RESULT: {"using":"xpath","value":"//span[@id=\"application-addressmanagement-display-component---masterAdm--smartTable-header-inner\"]"}
COMMAND: POST /session/77091ac9789b06e69768361f120f780d/execute/sync - {"script":"<script> [56 bytes]","args":[{"element-6066-11e4-a52e-4f735466cecf":"f.DDF3F8D7CE82EFA40A368ED6E1F138A5.d.01F5C4FAD44D289300BAAD2A73775A18.e.441","ELEMENT":"f.DDF3F8D7CE82EFA40A368ED6E1F138A5.d.01F5C4FAD44D289300BAAD2A73775A18.e.441"}]}
RESULT: {"script":"<script> [56 bytes]","args":[{"element-6066-11e4-a52e-4f735466cecf":"f.DDF3F8D7CE82EFA40A368ED6E1F138A5.d.01F5C4FAD44D289300BAAD2A73775A18.e.441","ELEMENT":"f.DDF3F8D7CE82EFA40A368ED6E1F138A5.d.01F5C4FAD44D289300BAAD2A73775A18.e.441"}]}
COMMAND: POST /session/77091ac9789b06e69768361f120f780d/element - {"using":"xpath","value":"//button[@data-kt=\"addButton\"]"}
COMMAND: GET /session/77091ac9789b06e69768361f120f780d/screenshot - {}
RESULT: {"using":"xpath","value":"//button[@data-kt=\"addButton\"]"}
COMMAND: POST /session/77091ac9789b06e69768361f120f780d/element/f.DDF3F8D7CE82EFA40A368ED6E1F138A5.d.01F5C4FAD44D289300BAAD2A73775A18.e.299/click - {}
RESULT: {}
RESULT: {}
COMMAND: GET /session/77091ac9789b06e69768361f120f780d/screenshot - {}
RESULT: {}
COMMAND: POST /session/77091ac9789b06e69768361f120f780d/execute/async - {"script":"<script> [1562 bytes]","args":[{"selector":{"controlType":"sap.ui.core.Icon","viewName":"etm.portal.ui.addressmanagement.view.NewAddress","properties":{"src":{"regex":{"source":"slim\\-arrow\\-down"}}},"ancestor":{"id":"addressTitle","viewName":"etm.portal.ui.addressmanagement.view.NewAddress"}},"wdio_ui5_key":"etmportal.ui.addressmanagement.view.NewAddresssap.ui.core.Icon{\"src\":{\"regex\":{\"source\":\"slim\\\\-arrow\\\\-down\"}}}{\"id\":\"addressTitle\",\"viewName\":\"etm.portal.ui.addressmanagement.view.NewAddress\"}"}]}
RESULT: {"script":"<script> [1562 bytes]","args":[{"selector":{"controlType":"sap.ui.core.Icon","viewName":"etm.portal.ui.addressmanagement.view.NewAddress","properties":{"src":{"regex":{"source":"slim\\-arrow\\-down"}}},"ancestor":{"id":"addressTitle","viewName":"etm.portal.ui.addressmanagement.view.NewAddress"}},"wdio_ui5_key":"etmportal.ui.addressmanagement.view.NewAddresssap.ui.core.Icon{\"src\":{\"regex\":{\"source\":\"slim\\\\-arrow\\\\-down\"}}}{\"id\":\"addressTitle\",\"viewName\":\"etm.portal.ui.addressmanagement.view.NewAddress\"}"}]}
RESULT: undefined
COMMAND: POST /session/77091ac9789b06e69768361f120f780d/element - {"using":"xpath","value":"//*[@id=\"__xmlview58--addressTitle-arrow\"]"}
RESULT: {"using":"xpath","value":"//*[@id=\"__xmlview58--addressTitle-arrow\"]"}
COMMAND: POST /session/77091ac9789b06e69768361f120f780d/element/f.DDF3F8D7CE82EFA40A368ED6E1F138A5.d.01F5C4FAD44D289300BAAD2A73775A18.e.472/click - {}
RESULT: {}
COMMAND: GET /session/77091ac9789b06e69768361f120f780d/screenshot - {}
RESULT: {}
COMMAND: POST /session/77091ac9789b06e69768361f120f780d/element - {"using":"xpath","value":"//li[.//span[text()=\"Dr.\"]]"}
RESULT: {"using":"xpath","value":"//li[.//span[text()=\"Dr.\"]]"}
COMMAND: POST /session/77091ac9789b06e69768361f120f780d/element/f.DDF3F8D7CE82EFA40A368ED6E1F138A5.d.01F5C4FAD44D289300BAAD2A73775A18.e.592/click - {}
RESULT: {}
COMMAND: POST /session/77091ac9789b06e69768361f120f780d/execute/async - {"script":"<script> [1562 bytes]","args":[{"selector":{"controlType":"sap.ui.core.Icon","viewName":"etm.portal.ui.addressmanagement.view.NewAddress","properties":{"src":{"regex":{"source":"slim\\-arrow\\-down"}}},"ancestor":{"id":"addressDetailDetailsLanguage","viewName":"etm.portal.ui.addressmanagement.view.NewAddress"}},"wdio_ui5_key":"etmportal.ui.addressmanagement.view.NewAddresssap.ui.core.Icon{\"src\":{\"regex\":{\"source\":\"slim\\\\-arrow\\\\-down\"}}}{\"id\":\"addressDetailDetailsLanguage\",\"viewName\":\"etm.portal.ui.addressmanagement.view.NewAddress\"}"}]}
COMMAND: GET /session/77091ac9789b06e69768361f120f780d/screenshot - {}
RESULT: {"script":"<script> [1562 bytes]","args":[{"selector":{"controlType":"sap.ui.core.Icon","viewName":"etm.portal.ui.addressmanagement.view.NewAddress","properties":{"src":{"regex":{"source":"slim\\-arrow\\-down"}}},"ancestor":{"id":"addressDetailDetailsLanguage","viewName":"etm.portal.ui.addressmanagement.view.NewAddress"}},"wdio_ui5_key":"etmportal.ui.addressmanagement.view.NewAddresssap.ui.core.Icon{\"src\":{\"regex\":{\"source\":\"slim\\\\-arrow\\\\-down\"}}}{\"id\":\"addressDetailDetailsLanguage\",\"viewName\":\"etm.portal.ui.addressmanagement.view.NewAddress\"}"}]}
RESULT: undefined
COMMAND: POST /session/77091ac9789b06e69768361f120f780d/element - {"using":"xpath","value":"//*[@id=\"__xmlview58--addressDetailDetailsLanguage-arrow\"]"}
RESULT: {}
RESULT: {"using":"xpath","value":"//*[@id=\"__xmlview58--addressDetailDetailsLanguage-arrow\"]"}
COMMAND: POST /session/77091ac9789b06e69768361f120f780d/element/f.DDF3F8D7CE82EFA40A368ED6E1F138A5.d.01F5C4FAD44D289300BAAD2A73775A18.e.485/click - {}
RESULT: {}
COMMAND: GET /session/77091ac9789b06e69768361f120f780d/screenshot - {}
RESULT: {}
COMMAND: POST /session/77091ac9789b06e69768361f120f780d/element - {"using":"xpath","value":"//span[contains(text(), \"English\")]"}
RESULT: {"using":"xpath","value":"//span[contains(text(), \"English\")]"}
COMMAND: POST /session/77091ac9789b06e69768361f120f780d/element/f.DDF3F8D7CE82EFA40A368ED6E1F138A5.d.01F5C4FAD44D289300BAAD2A73775A18.e.593/click - {}
RESULT: {}
COMMAND: POST /session/77091ac9789b06e69768361f120f780d/execute/async - {"script":"<script> [1562 bytes]","args":[{"selector":{"controlType":"sap.m.Input","viewName":"etm.portal.ui.addressmanagement.view.NewAddress","labelFor":{"text":"Name"},"interaction":{"idSuffix":"inner"}},"wdio_ui5_key":"etmportal.ui.addressmanagement.view.NewAddresssap.m.Input{\"text\":\"Name\"}"}]}
COMMAND: GET /session/77091ac9789b06e69768361f120f780d/screenshot - {}
RESULT: {"script":"<script> [1562 bytes]","args":[{"selector":{"controlType":"sap.m.Input","viewName":"etm.portal.ui.addressmanagement.view.NewAddress","labelFor":{"text":"Name"},"interaction":{"idSuffix":"inner"}},"wdio_ui5_key":"etmportal.ui.addressmanagement.view.NewAddresssap.m.Input{\"text\":\"Name\"}"}]}
RESULT: undefined
COMMAND: POST /session/77091ac9789b06e69768361f120f780d/execute/async - {"script":"<script> [776 bytes]","args":[{"enterText":"y1HyZaJAF9","selector":{"controlType":"sap.m.Input","viewName":"etm.portal.ui.addressmanagement.view.NewAddress","labelFor":{"text":"Name"},"interaction":{"idSuffix":"inner"}},"clearTextFirst":true,"interactionType":"ENTER_TEXT"}]}
RESULT: {}
RESULT: {"script":"<script> [776 bytes]","args":[{"enterText":"y1HyZaJAF9","selector":{"controlType":"sap.m.Input","viewName":"etm.portal.ui.addressmanagement.view.NewAddress","labelFor":{"text":"Name"},"interaction":{"idSuffix":"inner"}},"clearTextFirst":true,"interactionType":"ENTER_TEXT"}]}
COMMAND: POST /session/77091ac9789b06e69768361f120f780d/element - {"using":"xpath","value":"//button[@title=\"Save\"]"}
RESULT: {"using":"xpath","value":"//button[@title=\"Save\"]"}
COMMAND: POST /session/77091ac9789b06e69768361f120f780d/element/f.DDF3F8D7CE82EFA40A368ED6E1F138A5.d.01F5C4FAD44D289300BAAD2A73775A18.e.571/click - {}
RESULT: {}
COMMAND: GET /session/77091ac9789b06e69768361f120f780d/screenshot - {}
RESULT: {}
COMMAND: POST /session/77091ac9789b06e69768361f120f780d/element - {"using":"xpath","value":"//header[contains(@id, \"application-addressmanagement-display-component---detailAdm--ObjectPageLayout-headerTitle\")]/div[1]/div[3]/div[2]/span"}
RESULT: {"using":"xpath","value":"//header[contains(@id, \"application-addressmanagement-display-component---detailAdm--ObjectPageLayout-headerTitle\")]/div[1]/div[3]/div[2]/span"}
COMMAND: POST /session/77091ac9789b06e69768361f120f780d/elements - {"using":"xpath","value":"//header[contains(@id, \"application-addressmanagement-display-component---detailAdm--ObjectPageLayout-headerTitle\")]/div[1]/div[3]/div[2]/span"}
RESULT: {"using":"xpath","value":"//header[contains(@id, \"application-addressmanagement-display-component---detailAdm--ObjectPageLayout-headerTitle\")]/div[1]/div[3]/div[2]/span"}
COMMAND: POST /session/77091ac9789b06e69768361f120f780d/execute/sync - {"script":"<script> [56 bytes]","args":[{"element-6066-11e4-a52e-4f735466cecf":"f.DDF3F8D7CE82EFA40A368ED6E1F138A5.d.01F5C4FAD44D289300BAAD2A73775A18.e.615","ELEMENT":"f.DDF3F8D7CE82EFA40A368ED6E1F138A5.d.01F5C4FAD44D289300BAAD2A73775A18.e.615"}]}
RESULT: {"script":"<script> [56 bytes]","args":[{"element-6066-11e4-a52e-4f735466cecf":"f.DDF3F8D7CE82EFA40A368ED6E1F138A5.d.01F5C4FAD44D289300BAAD2A73775A18.e.615","ELEMENT":"f.DDF3F8D7CE82EFA40A368ED6E1F138A5.d.01F5C4FAD44D289300BAAD2A73775A18.e.615"}]}
COMMAND: GET /session/77091ac9789b06e69768361f120f780d/screenshot - {}
RESULT: {}
COMMAND: POST /session/77091ac9789b06e69768361f120f780d/element - {"using":"css selector","value":"#shell-header-logo"}
RESULT: {"using":"css selector","value":"#shell-header-logo"}
COMMAND: POST /session/77091ac9789b06e69768361f120f780d/element/f.DDF3F8D7CE82EFA40A368ED6E1F138A5.d.01F5C4FAD44D289300BAAD2A73775A18.e.262/click - {}
RESULT: {}
COMMAND: GET /session/77091ac9789b06e69768361f120f780d/screenshot - {}
RESULT: {}
]]></system-out>
    </testcase>
    <testcase classname="chrome.135_0_7049_96.windows.Address_Management_Tests_US151165_US151160" name="Step 2 Should deactivate the created address in earlier step US151165" time="44.184">
      <system-out><![CDATA[
RESULT: undefined
COMMAND: POST /session/77091ac9789b06e69768361f120f780d/element - {"using":"xpath","value":"//*[@id=\"__tile33\"]"}
RESULT: {"using":"xpath","value":"//*[@id=\"__tile33\"]"}
COMMAND: POST /session/77091ac9789b06e69768361f120f780d/element/f.DDF3F8D7CE82EFA40A368ED6E1F138A5.d.01F5C4FAD44D289300BAAD2A73775A18.e.213/click - {}
RESULT: {}
COMMAND: POST /session/77091ac9789b06e69768361f120f780d/element - {"using":"xpath","value":"//button[@data-kt=\"addButton\"]"}
COMMAND: GET /session/77091ac9789b06e69768361f120f780d/screenshot - {}
RESULT: {"using":"xpath","value":"//button[@data-kt=\"addButton\"]"}
COMMAND: POST /session/77091ac9789b06e69768361f120f780d/elements - {"using":"xpath","value":"//button[@data-kt=\"addButton\"]"}
RESULT: {}
RESULT: {"using":"xpath","value":"//button[@data-kt=\"addButton\"]"}
COMMAND: POST /session/77091ac9789b06e69768361f120f780d/element - {"using":"xpath","value":"//button[@data-kt=\"addButton\"]"}
RESULT: {"using":"xpath","value":"//button[@data-kt=\"addButton\"]"}
COMMAND: POST /session/77091ac9789b06e69768361f120f780d/execute/sync - {"script":"<script> [8489 bytes]","args":[{"element-6066-11e4-a52e-4f735466cecf":"f.DDF3F8D7CE82EFA40A368ED6E1F138A5.d.01F5C4FAD44D289300BAAD2A73775A18.e.673","ELEMENT":"f.DDF3F8D7CE82EFA40A368ED6E1F138A5.d.01F5C4FAD44D289300BAAD2A73775A18.e.673"}]}
RESULT: {"script":"<script> [8489 bytes]","args":[{"element-6066-11e4-a52e-4f735466cecf":"f.DDF3F8D7CE82EFA40A368ED6E1F138A5.d.01F5C4FAD44D289300BAAD2A73775A18.e.673","ELEMENT":"f.DDF3F8D7CE82EFA40A368ED6E1F138A5.d.01F5C4FAD44D289300BAAD2A73775A18.e.673"}]}
COMMAND: GET /session/77091ac9789b06e69768361f120f780d/element/f.DDF3F8D7CE82EFA40A368ED6E1F138A5.d.01F5C4FAD44D289300BAAD2A73775A18.e.673/enabled - {}
COMMAND: GET /session/77091ac9789b06e69768361f120f780d/screenshot - {}
RESULT: {}
COMMAND: POST /session/77091ac9789b06e69768361f120f780d/execute/sync - {"script":"<script> [8489 bytes]","args":[{"element-6066-11e4-a52e-4f735466cecf":"f.DDF3F8D7CE82EFA40A368ED6E1F138A5.d.01F5C4FAD44D289300BAAD2A73775A18.e.673","ELEMENT":"f.DDF3F8D7CE82EFA40A368ED6E1F138A5.d.01F5C4FAD44D289300BAAD2A73775A18.e.673"}]}
COMMAND: GET /session/77091ac9789b06e69768361f120f780d/screenshot - {}
RESULT: {}
RESULT: {"script":"<script> [8489 bytes]","args":[{"element-6066-11e4-a52e-4f735466cecf":"f.DDF3F8D7CE82EFA40A368ED6E1F138A5.d.01F5C4FAD44D289300BAAD2A73775A18.e.673","ELEMENT":"f.DDF3F8D7CE82EFA40A368ED6E1F138A5.d.01F5C4FAD44D289300BAAD2A73775A18.e.673"}]}
COMMAND: POST /session/77091ac9789b06e69768361f120f780d/execute/sync - {"script":"<script> [5351 bytes]","args":[{"element-6066-11e4-a52e-4f735466cecf":"f.DDF3F8D7CE82EFA40A368ED6E1F138A5.d.01F5C4FAD44D289300BAAD2A73775A18.e.673","ELEMENT":"f.DDF3F8D7CE82EFA40A368ED6E1F138A5.d.01F5C4FAD44D289300BAAD2A73775A18.e.673"}]}
COMMAND: GET /session/77091ac9789b06e69768361f120f780d/screenshot - {}
RESULT: {}
RESULT: {"script":"<script> [5351 bytes]","args":[{"element-6066-11e4-a52e-4f735466cecf":"f.DDF3F8D7CE82EFA40A368ED6E1F138A5.d.01F5C4FAD44D289300BAAD2A73775A18.e.673","ELEMENT":"f.DDF3F8D7CE82EFA40A368ED6E1F138A5.d.01F5C4FAD44D289300BAAD2A73775A18.e.673"}]}
COMMAND: GET /session/77091ac9789b06e69768361f120f780d/screenshot - {}
RESULT: {}
RESULT: {}
RESULT: undefined
COMMAND: POST /session/77091ac9789b06e69768361f120f780d/execute/async - {"script":"<script> [776 bytes]","args":[{"enterText":"y1HyZaJAF9","selector":{"id":"application-addressmanagement-display-component---masterAdm--smartFilterBar-btnBasicSearch","interaction":{"idSuffix":"I"}},"clearTextFirst":true,"interactionType":"ENTER_TEXT"}]}
RESULT: {"script":"<script> [776 bytes]","args":[{"enterText":"y1HyZaJAF9","selector":{"id":"application-addressmanagement-display-component---masterAdm--smartFilterBar-btnBasicSearch","interaction":{"idSuffix":"I"}},"clearTextFirst":true,"interactionType":"ENTER_TEXT"}]}
COMMAND: POST /session/77091ac9789b06e69768361f120f780d/actions - {"actions":[{"id":"action2","type":"key","parameters":{},"actions":[{"type":"keyDown","value":"î€‡"},{"type":"pause","duration":10},{"type":"keyUp","value":"î€‡"}]}]}
RESULT: {"actions":[{"id":"action2","type":"key","parameters":{},"actions":[{"type":"keyDown","value":"î€‡"},{"type":"pause","duration":10},{"type":"keyUp","value":"î€‡"}]}]}
COMMAND: GET /session/77091ac9789b06e69768361f120f780d/screenshot - {}
RESULT: {}
COMMAND: POST /session/77091ac9789b06e69768361f120f780d/elements - {"using":"xpath","value":"//table[contains(@id, \"customPersonsAddressesTable-listUl\")]/tbody/tr"}
RESULT: {"using":"xpath","value":"//table[contains(@id, \"customPersonsAddressesTable-listUl\")]/tbody/tr"}
COMMAND: POST /session/77091ac9789b06e69768361f120f780d/element - {"using":"xpath","value":"//table[contains(@id, \"customPersonsAddressesTable-listUl\")]/tbody/tr[1]/td[5]/span/span"}
RESULT: {"using":"xpath","value":"//table[contains(@id, \"customPersonsAddressesTable-listUl\")]/tbody/tr[1]/td[5]/span/span"}
COMMAND: POST /session/77091ac9789b06e69768361f120f780d/element - {"using":"xpath","value":"//table[contains(@id, \"customPersonsAddressesTable-listUl\")]/tbody/tr[1]/td[3]/span"}
RESULT: {"using":"xpath","value":"//table[contains(@id, \"customPersonsAddressesTable-listUl\")]/tbody/tr[1]/td[3]/span"}
COMMAND: POST /session/77091ac9789b06e69768361f120f780d/elements - {"using":"xpath","value":"//table[contains(@id, \"customPersonsAddressesTable-listUl\")]/tbody/tr[1]/td[5]/span/span"}
RESULT: {"using":"xpath","value":"//table[contains(@id, \"customPersonsAddressesTable-listUl\")]/tbody/tr[1]/td[5]/span/span"}
COMMAND: POST /session/77091ac9789b06e69768361f120f780d/execute/sync - {"script":"<script> [56 bytes]","args":[{"element-6066-11e4-a52e-4f735466cecf":"f.DDF3F8D7CE82EFA40A368ED6E1F138A5.d.01F5C4FAD44D289300BAAD2A73775A18.e.818","ELEMENT":"f.DDF3F8D7CE82EFA40A368ED6E1F138A5.d.01F5C4FAD44D289300BAAD2A73775A18.e.818"}]}
RESULT: {"script":"<script> [56 bytes]","args":[{"element-6066-11e4-a52e-4f735466cecf":"f.DDF3F8D7CE82EFA40A368ED6E1F138A5.d.01F5C4FAD44D289300BAAD2A73775A18.e.818","ELEMENT":"f.DDF3F8D7CE82EFA40A368ED6E1F138A5.d.01F5C4FAD44D289300BAAD2A73775A18.e.818"}]}
COMMAND: POST /session/77091ac9789b06e69768361f120f780d/execute/sync - {"script":"<script> [56 bytes]","args":[{"element-6066-11e4-a52e-4f735466cecf":"f.DDF3F8D7CE82EFA40A368ED6E1F138A5.d.01F5C4FAD44D289300BAAD2A73775A18.e.819","ELEMENT":"f.DDF3F8D7CE82EFA40A368ED6E1F138A5.d.01F5C4FAD44D289300BAAD2A73775A18.e.819"}]}
COMMAND: GET /session/77091ac9789b06e69768361f120f780d/screenshot - {}
RESULT: {"script":"<script> [56 bytes]","args":[{"element-6066-11e4-a52e-4f735466cecf":"f.DDF3F8D7CE82EFA40A368ED6E1F138A5.d.01F5C4FAD44D289300BAAD2A73775A18.e.819","ELEMENT":"f.DDF3F8D7CE82EFA40A368ED6E1F138A5.d.01F5C4FAD44D289300BAAD2A73775A18.e.819"}]}
COMMAND: POST /session/77091ac9789b06e69768361f120f780d/element - {"using":"xpath","value":"//table[contains(@id, \"customPersonsAddressesTable-listUl\")]/tbody/tr[1]/td[10]/div/span"}
COMMAND: GET /session/77091ac9789b06e69768361f120f780d/screenshot - {}
RESULT: {}
RESULT: {"using":"xpath","value":"//table[contains(@id, \"customPersonsAddressesTable-listUl\")]/tbody/tr[1]/td[10]/div/span"}
COMMAND: POST /session/77091ac9789b06e69768361f120f780d/execute/sync - {"script":"<script> [56 bytes]","args":[{"element-6066-11e4-a52e-4f735466cecf":"f.DDF3F8D7CE82EFA40A368ED6E1F138A5.d.01F5C4FAD44D289300BAAD2A73775A18.e.820","ELEMENT":"f.DDF3F8D7CE82EFA40A368ED6E1F138A5.d.01F5C4FAD44D289300BAAD2A73775A18.e.820"}]}
RESULT: {}
RESULT: {"script":"<script> [56 bytes]","args":[{"element-6066-11e4-a52e-4f735466cecf":"f.DDF3F8D7CE82EFA40A368ED6E1F138A5.d.01F5C4FAD44D289300BAAD2A73775A18.e.820","ELEMENT":"f.DDF3F8D7CE82EFA40A368ED6E1F138A5.d.01F5C4FAD44D289300BAAD2A73775A18.e.820"}]}
COMMAND: POST /session/77091ac9789b06e69768361f120f780d/element - {"using":"xpath","value":"//table[contains(@id, \"customPersonsAddressesTable-listUl\")]/tbody/tr[1]/td[2]/div/div"}
COMMAND: GET /session/77091ac9789b06e69768361f120f780d/screenshot - {}
RESULT: {"using":"xpath","value":"//table[contains(@id, \"customPersonsAddressesTable-listUl\")]/tbody/tr[1]/td[2]/div/div"}
COMMAND: POST /session/77091ac9789b06e69768361f120f780d/element/f.DDF3F8D7CE82EFA40A368ED6E1F138A5.d.01F5C4FAD44D289300BAAD2A73775A18.e.808/click - {}
RESULT: {}
RESULT: {}
COMMAND: GET /session/77091ac9789b06e69768361f120f780d/screenshot - {}
RESULT: {}
COMMAND: POST /session/77091ac9789b06e69768361f120f780d/element - {"using":"xpath","value":"//bdi[contains(text(), \"Deactivate\")]"}
RESULT: {"using":"xpath","value":"//bdi[contains(text(), \"Deactivate\")]"}
COMMAND: POST /session/77091ac9789b06e69768361f120f780d/element/f.DDF3F8D7CE82EFA40A368ED6E1F138A5.d.01F5C4FAD44D289300BAAD2A73775A18.e.821/click - {}
RESULT: {}
COMMAND: GET /session/77091ac9789b06e69768361f120f780d/screenshot - {}
RESULT: {}
COMMAND: POST /session/77091ac9789b06e69768361f120f780d/element - {"using":"xpath","value":"//bdi[contains(text(), \"Yes\")]"}
RESULT: {"using":"xpath","value":"//bdi[contains(text(), \"Yes\")]"}
COMMAND: POST /session/77091ac9789b06e69768361f120f780d/element/f.DDF3F8D7CE82EFA40A368ED6E1F138A5.d.01F5C4FAD44D289300BAAD2A73775A18.e.823/click - {}
RESULT: {}
COMMAND: GET /session/77091ac9789b06e69768361f120f780d/screenshot - {}
RESULT: {}
COMMAND: POST /session/77091ac9789b06e69768361f120f780d/element - {"using":"xpath","value":"//table[contains(@id, \"customPersonsAddressesTable-listUl\")]/tbody/tr[1]/td[10]/div/span"}
RESULT: {"using":"xpath","value":"//table[contains(@id, \"customPersonsAddressesTable-listUl\")]/tbody/tr[1]/td[10]/div/span"}
COMMAND: POST /session/77091ac9789b06e69768361f120f780d/execute/sync - {"script":"<script> [56 bytes]","args":[{"element-6066-11e4-a52e-4f735466cecf":"f.DDF3F8D7CE82EFA40A368ED6E1F138A5.d.01F5C4FAD44D289300BAAD2A73775A18.e.820","ELEMENT":"f.DDF3F8D7CE82EFA40A368ED6E1F138A5.d.01F5C4FAD44D289300BAAD2A73775A18.e.820"}]}
RESULT: {"script":"<script> [56 bytes]","args":[{"element-6066-11e4-a52e-4f735466cecf":"f.DDF3F8D7CE82EFA40A368ED6E1F138A5.d.01F5C4FAD44D289300BAAD2A73775A18.e.820","ELEMENT":"f.DDF3F8D7CE82EFA40A368ED6E1F138A5.d.01F5C4FAD44D289300BAAD2A73775A18.e.820"}]}
COMMAND: GET /session/77091ac9789b06e69768361f120f780d/screenshot - {}
RESULT: {}
COMMAND: POST /session/77091ac9789b06e69768361f120f780d/element - {"using":"css selector","value":"#shell-header-logo"}
RESULT: {"using":"css selector","value":"#shell-header-logo"}
COMMAND: POST /session/77091ac9789b06e69768361f120f780d/element/f.DDF3F8D7CE82EFA40A368ED6E1F138A5.d.01F5C4FAD44D289300BAAD2A73775A18.e.620/click - {}
RESULT: {}
COMMAND: GET /session/77091ac9789b06e69768361f120f780d/screenshot - {}
RESULT: {}
]]></system-out>
    </testcase>
    <testcase classname="chrome.135_0_7049_96.windows.Address_Management_Tests_US151165_US151160" name="Step 3 Should activate the created address back again US151160" time="45.461">
      <system-out><![CDATA[
RESULT: undefined
COMMAND: POST /session/77091ac9789b06e69768361f120f780d/element - {"using":"xpath","value":"//*[@id=\"__tile33\"]"}
RESULT: {"using":"xpath","value":"//*[@id=\"__tile33\"]"}
COMMAND: POST /session/77091ac9789b06e69768361f120f780d/element/f.DDF3F8D7CE82EFA40A368ED6E1F138A5.d.01F5C4FAD44D289300BAAD2A73775A18.e.213/click - {}
RESULT: {}
COMMAND: POST /session/77091ac9789b06e69768361f120f780d/element - {"using":"xpath","value":"//button[@data-kt=\"addButton\"]"}
COMMAND: GET /session/77091ac9789b06e69768361f120f780d/screenshot - {}
RESULT: {"using":"xpath","value":"//button[@data-kt=\"addButton\"]"}
COMMAND: POST /session/77091ac9789b06e69768361f120f780d/elements - {"using":"xpath","value":"//button[@data-kt=\"addButton\"]"}
RESULT: {}
RESULT: {"using":"xpath","value":"//button[@data-kt=\"addButton\"]"}
COMMAND: POST /session/77091ac9789b06e69768361f120f780d/element - {"using":"xpath","value":"//button[@data-kt=\"addButton\"]"}
RESULT: {"using":"xpath","value":"//button[@data-kt=\"addButton\"]"}
COMMAND: POST /session/77091ac9789b06e69768361f120f780d/execute/sync - {"script":"<script> [8489 bytes]","args":[{"element-6066-11e4-a52e-4f735466cecf":"f.DDF3F8D7CE82EFA40A368ED6E1F138A5.d.01F5C4FAD44D289300BAAD2A73775A18.e.885","ELEMENT":"f.DDF3F8D7CE82EFA40A368ED6E1F138A5.d.01F5C4FAD44D289300BAAD2A73775A18.e.885"}]}
RESULT: {"script":"<script> [8489 bytes]","args":[{"element-6066-11e4-a52e-4f735466cecf":"f.DDF3F8D7CE82EFA40A368ED6E1F138A5.d.01F5C4FAD44D289300BAAD2A73775A18.e.885","ELEMENT":"f.DDF3F8D7CE82EFA40A368ED6E1F138A5.d.01F5C4FAD44D289300BAAD2A73775A18.e.885"}]}
COMMAND: GET /session/77091ac9789b06e69768361f120f780d/element/f.DDF3F8D7CE82EFA40A368ED6E1F138A5.d.01F5C4FAD44D289300BAAD2A73775A18.e.885/enabled - {}
COMMAND: GET /session/77091ac9789b06e69768361f120f780d/screenshot - {}
RESULT: {}
COMMAND: POST /session/77091ac9789b06e69768361f120f780d/execute/sync - {"script":"<script> [8489 bytes]","args":[{"element-6066-11e4-a52e-4f735466cecf":"f.DDF3F8D7CE82EFA40A368ED6E1F138A5.d.01F5C4FAD44D289300BAAD2A73775A18.e.885","ELEMENT":"f.DDF3F8D7CE82EFA40A368ED6E1F138A5.d.01F5C4FAD44D289300BAAD2A73775A18.e.885"}]}
COMMAND: GET /session/77091ac9789b06e69768361f120f780d/screenshot - {}
RESULT: {}
RESULT: {}
RESULT: {"script":"<script> [8489 bytes]","args":[{"element-6066-11e4-a52e-4f735466cecf":"f.DDF3F8D7CE82EFA40A368ED6E1F138A5.d.01F5C4FAD44D289300BAAD2A73775A18.e.885","ELEMENT":"f.DDF3F8D7CE82EFA40A368ED6E1F138A5.d.01F5C4FAD44D289300BAAD2A73775A18.e.885"}]}
COMMAND: POST /session/77091ac9789b06e69768361f120f780d/execute/sync - {"script":"<script> [5351 bytes]","args":[{"element-6066-11e4-a52e-4f735466cecf":"f.DDF3F8D7CE82EFA40A368ED6E1F138A5.d.01F5C4FAD44D289300BAAD2A73775A18.e.885","ELEMENT":"f.DDF3F8D7CE82EFA40A368ED6E1F138A5.d.01F5C4FAD44D289300BAAD2A73775A18.e.885"}]}
COMMAND: GET /session/77091ac9789b06e69768361f120f780d/screenshot - {}
RESULT: {"script":"<script> [5351 bytes]","args":[{"element-6066-11e4-a52e-4f735466cecf":"f.DDF3F8D7CE82EFA40A368ED6E1F138A5.d.01F5C4FAD44D289300BAAD2A73775A18.e.885","ELEMENT":"f.DDF3F8D7CE82EFA40A368ED6E1F138A5.d.01F5C4FAD44D289300BAAD2A73775A18.e.885"}]}
COMMAND: GET /session/77091ac9789b06e69768361f120f780d/screenshot - {}
RESULT: {}
RESULT: {}
RESULT: undefined
COMMAND: POST /session/77091ac9789b06e69768361f120f780d/execute/async - {"script":"<script> [776 bytes]","args":[{"enterText":"y1HyZaJAF9","selector":{"id":"application-addressmanagement-display-component---masterAdm--smartFilterBar-btnBasicSearch","interaction":{"idSuffix":"I"}},"clearTextFirst":true,"interactionType":"ENTER_TEXT"}]}
RESULT: {"script":"<script> [776 bytes]","args":[{"enterText":"y1HyZaJAF9","selector":{"id":"application-addressmanagement-display-component---masterAdm--smartFilterBar-btnBasicSearch","interaction":{"idSuffix":"I"}},"clearTextFirst":true,"interactionType":"ENTER_TEXT"}]}
COMMAND: POST /session/77091ac9789b06e69768361f120f780d/actions - {"actions":[{"id":"action3","type":"key","parameters":{},"actions":[{"type":"keyDown","value":"î€‡"},{"type":"pause","duration":10},{"type":"keyUp","value":"î€‡"}]}]}
RESULT: {"actions":[{"id":"action3","type":"key","parameters":{},"actions":[{"type":"keyDown","value":"î€‡"},{"type":"pause","duration":10},{"type":"keyUp","value":"î€‡"}]}]}
COMMAND: GET /session/77091ac9789b06e69768361f120f780d/screenshot - {}
RESULT: {}
COMMAND: POST /session/77091ac9789b06e69768361f120f780d/elements - {"using":"xpath","value":"//table[contains(@id, \"customPersonsAddressesTable-listUl\")]/tbody/tr"}
RESULT: {"using":"xpath","value":"//table[contains(@id, \"customPersonsAddressesTable-listUl\")]/tbody/tr"}
COMMAND: POST /session/77091ac9789b06e69768361f120f780d/element - {"using":"xpath","value":"//table[contains(@id, \"customPersonsAddressesTable-listUl\")]/tbody/tr[1]/td[5]/span/span"}
RESULT: {"using":"xpath","value":"//table[contains(@id, \"customPersonsAddressesTable-listUl\")]/tbody/tr[1]/td[5]/span/span"}
COMMAND: POST /session/77091ac9789b06e69768361f120f780d/element - {"using":"xpath","value":"//table[contains(@id, \"customPersonsAddressesTable-listUl\")]/tbody/tr[1]/td[3]/span"}
RESULT: {"using":"xpath","value":"//table[contains(@id, \"customPersonsAddressesTable-listUl\")]/tbody/tr[1]/td[3]/span"}
COMMAND: POST /session/77091ac9789b06e69768361f120f780d/elements - {"using":"xpath","value":"//table[contains(@id, \"customPersonsAddressesTable-listUl\")]/tbody/tr[1]/td[5]/span/span"}
RESULT: {"using":"xpath","value":"//table[contains(@id, \"customPersonsAddressesTable-listUl\")]/tbody/tr[1]/td[5]/span/span"}
COMMAND: POST /session/77091ac9789b06e69768361f120f780d/execute/sync - {"script":"<script> [56 bytes]","args":[{"element-6066-11e4-a52e-4f735466cecf":"f.DDF3F8D7CE82EFA40A368ED6E1F138A5.d.01F5C4FAD44D289300BAAD2A73775A18.e.1030","ELEMENT":"f.DDF3F8D7CE82EFA40A368ED6E1F138A5.d.01F5C4FAD44D289300BAAD2A73775A18.e.1030"}]}
RESULT: {"script":"<script> [56 bytes]","args":[{"element-6066-11e4-a52e-4f735466cecf":"f.DDF3F8D7CE82EFA40A368ED6E1F138A5.d.01F5C4FAD44D289300BAAD2A73775A18.e.1030","ELEMENT":"f.DDF3F8D7CE82EFA40A368ED6E1F138A5.d.01F5C4FAD44D289300BAAD2A73775A18.e.1030"}]}
COMMAND: POST /session/77091ac9789b06e69768361f120f780d/execute/sync - {"script":"<script> [56 bytes]","args":[{"element-6066-11e4-a52e-4f735466cecf":"f.DDF3F8D7CE82EFA40A368ED6E1F138A5.d.01F5C4FAD44D289300BAAD2A73775A18.e.1031","ELEMENT":"f.DDF3F8D7CE82EFA40A368ED6E1F138A5.d.01F5C4FAD44D289300BAAD2A73775A18.e.1031"}]}
COMMAND: GET /session/77091ac9789b06e69768361f120f780d/screenshot - {}
RESULT: {"script":"<script> [56 bytes]","args":[{"element-6066-11e4-a52e-4f735466cecf":"f.DDF3F8D7CE82EFA40A368ED6E1F138A5.d.01F5C4FAD44D289300BAAD2A73775A18.e.1031","ELEMENT":"f.DDF3F8D7CE82EFA40A368ED6E1F138A5.d.01F5C4FAD44D289300BAAD2A73775A18.e.1031"}]}
COMMAND: POST /session/77091ac9789b06e69768361f120f780d/element - {"using":"xpath","value":"//table[contains(@id, \"customPersonsAddressesTable-listUl\")]/tbody/tr[1]/td[10]/div/span"}
COMMAND: GET /session/77091ac9789b06e69768361f120f780d/screenshot - {}
RESULT: {}
RESULT: {"using":"xpath","value":"//table[contains(@id, \"customPersonsAddressesTable-listUl\")]/tbody/tr[1]/td[10]/div/span"}
COMMAND: POST /session/77091ac9789b06e69768361f120f780d/execute/sync - {"script":"<script> [56 bytes]","args":[{"element-6066-11e4-a52e-4f735466cecf":"f.DDF3F8D7CE82EFA40A368ED6E1F138A5.d.01F5C4FAD44D289300BAAD2A73775A18.e.1032","ELEMENT":"f.DDF3F8D7CE82EFA40A368ED6E1F138A5.d.01F5C4FAD44D289300BAAD2A73775A18.e.1032"}]}
RESULT: {}
RESULT: {"script":"<script> [56 bytes]","args":[{"element-6066-11e4-a52e-4f735466cecf":"f.DDF3F8D7CE82EFA40A368ED6E1F138A5.d.01F5C4FAD44D289300BAAD2A73775A18.e.1032","ELEMENT":"f.DDF3F8D7CE82EFA40A368ED6E1F138A5.d.01F5C4FAD44D289300BAAD2A73775A18.e.1032"}]}
COMMAND: POST /session/77091ac9789b06e69768361f120f780d/element - {"using":"xpath","value":"//table[contains(@id, \"customPersonsAddressesTable-listUl\")]/tbody/tr[1]/td[2]/div/div"}
COMMAND: GET /session/77091ac9789b06e69768361f120f780d/screenshot - {}
RESULT: {"using":"xpath","value":"//table[contains(@id, \"customPersonsAddressesTable-listUl\")]/tbody/tr[1]/td[2]/div/div"}
COMMAND: POST /session/77091ac9789b06e69768361f120f780d/element/f.DDF3F8D7CE82EFA40A368ED6E1F138A5.d.01F5C4FAD44D289300BAAD2A73775A18.e.1020/click - {}
RESULT: {}
RESULT: {}
COMMAND: GET /session/77091ac9789b06e69768361f120f780d/screenshot - {}
RESULT: {}
COMMAND: POST /session/77091ac9789b06e69768361f120f780d/element - {"using":"xpath","value":"//bdi[contains(text(), \"Activate\")]"}
RESULT: {"using":"xpath","value":"//bdi[contains(text(), \"Activate\")]"}
COMMAND: POST /session/77091ac9789b06e69768361f120f780d/element/f.DDF3F8D7CE82EFA40A368ED6E1F138A5.d.01F5C4FAD44D289300BAAD2A73775A18.e.1033/click - {}
RESULT: {}
COMMAND: GET /session/77091ac9789b06e69768361f120f780d/screenshot - {}
RESULT: {}
COMMAND: POST /session/77091ac9789b06e69768361f120f780d/element - {"using":"xpath","value":"//bdi[contains(text(), \"Yes\")]"}
RESULT: {"using":"xpath","value":"//bdi[contains(text(), \"Yes\")]"}
COMMAND: POST /session/77091ac9789b06e69768361f120f780d/element/f.DDF3F8D7CE82EFA40A368ED6E1F138A5.d.01F5C4FAD44D289300BAAD2A73775A18.e.1035/click - {}
RESULT: {}
COMMAND: GET /session/77091ac9789b06e69768361f120f780d/screenshot - {}
RESULT: {}
COMMAND: POST /session/77091ac9789b06e69768361f120f780d/element - {"using":"xpath","value":"//table[contains(@id, \"customPersonsAddressesTable-listUl\")]/tbody/tr[1]/td[10]/div/span"}
RESULT: {"using":"xpath","value":"//table[contains(@id, \"customPersonsAddressesTable-listUl\")]/tbody/tr[1]/td[10]/div/span"}
COMMAND: POST /session/77091ac9789b06e69768361f120f780d/execute/sync - {"script":"<script> [56 bytes]","args":[{"element-6066-11e4-a52e-4f735466cecf":"f.DDF3F8D7CE82EFA40A368ED6E1F138A5.d.01F5C4FAD44D289300BAAD2A73775A18.e.1032","ELEMENT":"f.DDF3F8D7CE82EFA40A368ED6E1F138A5.d.01F5C4FAD44D289300BAAD2A73775A18.e.1032"}]}
RESULT: {"script":"<script> [56 bytes]","args":[{"element-6066-11e4-a52e-4f735466cecf":"f.DDF3F8D7CE82EFA40A368ED6E1F138A5.d.01F5C4FAD44D289300BAAD2A73775A18.e.1032","ELEMENT":"f.DDF3F8D7CE82EFA40A368ED6E1F138A5.d.01F5C4FAD44D289300BAAD2A73775A18.e.1032"}]}
COMMAND: GET /session/77091ac9789b06e69768361f120f780d/screenshot - {}
RESULT: {}
COMMAND: POST /session/77091ac9789b06e69768361f120f780d/element - {"using":"css selector","value":"#shell-header-logo"}
RESULT: {"using":"css selector","value":"#shell-header-logo"}
COMMAND: POST /session/77091ac9789b06e69768361f120f780d/element/f.DDF3F8D7CE82EFA40A368ED6E1F138A5.d.01F5C4FAD44D289300BAAD2A73775A18.e.831/click - {}
RESULT: {}
COMMAND: GET /session/77091ac9789b06e69768361f120f780d/screenshot - {}
RESULT: {}
COMMAND: DELETE /session/77091ac9789b06e69768361f120f780d - {}
RESULT: {}
]]></system-out>
    </testcase>
  </testsuite>
</testsuites>