<?xml version="1.0" encoding="UTF-8"?>
<testsuites tests="17" failures="2" errors="2" skipped="0">
  <testsuite timestamp="2025-06-04T17:27:13" time="1601.216" tests="13" failures="1" errors="1" skipped="0">
    <properties>
      <property name="specId" value="0" />
      <property name="suiteName" value="Partner specific tests US150819 US151080 US151654 US151176 US103444 US151078 US151079 US151109 US151174 US151175 US151189" />
      <property name="capabilities" value="chrome.137_0_7151_56.windows" />
      <property name="file" value="file:///D:/a/1/s/test/specs/BTS/manage-partners.spec.js" />
    </properties>
    <testcase classname="chrome.137_0_7151_56.windows.Partner_specific_tests_US150819_US151080_US151654_US151176_US103444_US151078_US151079_US151109_US151174_US151175_US151189" name="Should create a new yard prerequisite" time="144.162">
      <system-out><![CDATA[
COMMAND: POST /session/c5b1ef57caa26d27c0af8f03bb65535b/window/fullscreen - {}
RESULT: {}
COMMAND: POST /session/c5b1ef57caa26d27c0af8f03bb65535b/element - {"using":"xpath","value":"//li[.//span[text()=\"Manage Partners\"]]"}
RESULT: {"using":"xpath","value":"//li[.//span[text()=\"Manage Partners\"]]"}
COMMAND: POST /session/c5b1ef57caa26d27c0af8f03bb65535b/element - {"using":"xpath","value":"//li[.//span[text()=\"Manage Partners\"]]"}
RESULT: {"using":"xpath","value":"//li[.//span[text()=\"Manage Partners\"]]"}
COMMAND: POST /session/c5b1ef57caa26d27c0af8f03bb65535b/element - {"using":"css selector","value":"#shell-header-logo"}
RESULT: {"using":"css selector","value":"#shell-header-logo"}
COMMAND: POST /session/c5b1ef57caa26d27c0af8f03bb65535b/element/f.FCC204B58DEBB53E51F41DDFA2FB85CF.d.03DAF915413A333170576C10F6802C0B.e.271/click - {}
COMMAND: POST /session/c5b1ef57caa26d27c0af8f03bb65535b/execute/sync - {"script":"<script> [8489 bytes]","args":[{"element-6066-11e4-a52e-4f735466cecf":"f.FCC204B58DEBB53E51F41DDFA2FB85CF.d.03DAF915413A333170576C10F6802C0B.e.271","ELEMENT":"f.FCC204B58DEBB53E51F41DDFA2FB85CF.d.03DAF915413A333170576C10F6802C0B.e.271"}]}
RESULT: {}
COMMAND: GET /session/c5b1ef57caa26d27c0af8f03bb65535b/screenshot - {}
RESULT: {"script":"<script> [8489 bytes]","args":[{"element-6066-11e4-a52e-4f735466cecf":"f.FCC204B58DEBB53E51F41DDFA2FB85CF.d.03DAF915413A333170576C10F6802C0B.e.271","ELEMENT":"f.FCC204B58DEBB53E51F41DDFA2FB85CF.d.03DAF915413A333170576C10F6802C0B.e.271"}]}
COMMAND: POST /session/c5b1ef57caa26d27c0af8f03bb65535b/execute/sync - {"script":"<script> [5351 bytes]","args":[{"element-6066-11e4-a52e-4f735466cecf":"f.FCC204B58DEBB53E51F41DDFA2FB85CF.d.03DAF915413A333170576C10F6802C0B.e.271","ELEMENT":"f.FCC204B58DEBB53E51F41DDFA2FB85CF.d.03DAF915413A333170576C10F6802C0B.e.271"}]}
COMMAND: GET /session/c5b1ef57caa26d27c0af8f03bb65535b/screenshot - {}
RESULT: {}
RESULT: {"script":"<script> [5351 bytes]","args":[{"element-6066-11e4-a52e-4f735466cecf":"f.FCC204B58DEBB53E51F41DDFA2FB85CF.d.03DAF915413A333170576C10F6802C0B.e.271","ELEMENT":"f.FCC204B58DEBB53E51F41DDFA2FB85CF.d.03DAF915413A333170576C10F6802C0B.e.271"}]}
COMMAND: GET /session/c5b1ef57caa26d27c0af8f03bb65535b/screenshot - {}
RESULT: {}
RESULT: {}
COMMAND: POST /session/c5b1ef57caa26d27c0af8f03bb65535b/execute/async - {"script":"<script> [1562 bytes]","args":[{"selector":{"controlType":"sap.m.GenericTile","properties":{"header":"Manage Yards"}},"wdio_ui5_key":"sapm.GenericTile{\"header\":\"Manage Yards\"}"}]}
RESULT: {"script":"<script> [1562 bytes]","args":[{"selector":{"controlType":"sap.m.GenericTile","properties":{"header":"Manage Yards"}},"wdio_ui5_key":"sapm.GenericTile{\"header\":\"Manage Yards\"}"}]}
RESULT: undefined
COMMAND: POST /session/c5b1ef57caa26d27c0af8f03bb65535b/element - {"using":"xpath","value":"//*[@id=\"__tile41\"]"}
RESULT: {"using":"xpath","value":"//*[@id=\"__tile41\"]"}
COMMAND: POST /session/c5b1ef57caa26d27c0af8f03bb65535b/element/f.FCC204B58DEBB53E51F41DDFA2FB85CF.d.03DAF915413A333170576C10F6802C0B.e.169/click - {}
RESULT: {}
COMMAND: GET /session/c5b1ef57caa26d27c0af8f03bb65535b/screenshot - {}
RESULT: {}
COMMAND: POST /session/c5b1ef57caa26d27c0af8f03bb65535b/elements - {"using":"xpath","value":"//span[text()='Error']"}
RESULT: {"using":"xpath","value":"//span[text()='Error']"}
COMMAND: POST /session/c5b1ef57caa26d27c0af8f03bb65535b/element - {"using":"xpath","value":"//button[@data-kt=\"addNewYardOverflowToolbarButton\"]"}
RESULT: {"using":"xpath","value":"//button[@data-kt=\"addNewYardOverflowToolbarButton\"]"}
COMMAND: POST /session/c5b1ef57caa26d27c0af8f03bb65535b/elements - {"using":"xpath","value":"//button[@data-kt=\"addNewYardOverflowToolbarButton\"]"}
RESULT: {"using":"xpath","value":"//button[@data-kt=\"addNewYardOverflowToolbarButton\"]"}
COMMAND: POST /session/c5b1ef57caa26d27c0af8f03bb65535b/elements - {"using":"xpath","value":"//button[@data-kt=\"addNewYardOverflowToolbarButton\"]"}
RESULT: {"using":"xpath","value":"//button[@data-kt=\"addNewYardOverflowToolbarButton\"]"}
COMMAND: POST /session/c5b1ef57caa26d27c0af8f03bb65535b/elements - {"using":"xpath","value":"//button[@data-kt=\"addNewYardOverflowToolbarButton\"]"}
RESULT: {"using":"xpath","value":"//button[@data-kt=\"addNewYardOverflowToolbarButton\"]"}
COMMAND: POST /session/c5b1ef57caa26d27c0af8f03bb65535b/elements - {"using":"xpath","value":"//button[@data-kt=\"addNewYardOverflowToolbarButton\"]"}
RESULT: {"using":"xpath","value":"//button[@data-kt=\"addNewYardOverflowToolbarButton\"]"}
COMMAND: POST /session/c5b1ef57caa26d27c0af8f03bb65535b/elements - {"using":"xpath","value":"//button[@data-kt=\"addNewYardOverflowToolbarButton\"]"}
RESULT: {"using":"xpath","value":"//button[@data-kt=\"addNewYardOverflowToolbarButton\"]"}
COMMAND: POST /session/c5b1ef57caa26d27c0af8f03bb65535b/elements - {"using":"xpath","value":"//button[@data-kt=\"addNewYardOverflowToolbarButton\"]"}
RESULT: {"using":"xpath","value":"//button[@data-kt=\"addNewYardOverflowToolbarButton\"]"}
COMMAND: POST /session/c5b1ef57caa26d27c0af8f03bb65535b/elements - {"using":"xpath","value":"//button[@data-kt=\"addNewYardOverflowToolbarButton\"]"}
RESULT: {"using":"xpath","value":"//button[@data-kt=\"addNewYardOverflowToolbarButton\"]"}
COMMAND: POST /session/c5b1ef57caa26d27c0af8f03bb65535b/elements - {"using":"xpath","value":"//button[@data-kt=\"addNewYardOverflowToolbarButton\"]"}
RESULT: {"using":"xpath","value":"//button[@data-kt=\"addNewYardOverflowToolbarButton\"]"}
COMMAND: POST /session/c5b1ef57caa26d27c0af8f03bb65535b/elements - {"using":"xpath","value":"//button[@data-kt=\"addNewYardOverflowToolbarButton\"]"}
RESULT: {"using":"xpath","value":"//button[@data-kt=\"addNewYardOverflowToolbarButton\"]"}
COMMAND: POST /session/c5b1ef57caa26d27c0af8f03bb65535b/element - {"using":"xpath","value":"//button[@data-kt=\"addNewYardOverflowToolbarButton\"]"}
RESULT: {"using":"xpath","value":"//button[@data-kt=\"addNewYardOverflowToolbarButton\"]"}
COMMAND: POST /session/c5b1ef57caa26d27c0af8f03bb65535b/execute/sync - {"script":"<script> [8489 bytes]","args":[{"element-6066-11e4-a52e-4f735466cecf":"f.FCC204B58DEBB53E51F41DDFA2FB85CF.d.03DAF915413A333170576C10F6802C0B.e.305","ELEMENT":"f.FCC204B58DEBB53E51F41DDFA2FB85CF.d.03DAF915413A333170576C10F6802C0B.e.305"}]}
RESULT: {"script":"<script> [8489 bytes]","args":[{"element-6066-11e4-a52e-4f735466cecf":"f.FCC204B58DEBB53E51F41DDFA2FB85CF.d.03DAF915413A333170576C10F6802C0B.e.305","ELEMENT":"f.FCC204B58DEBB53E51F41DDFA2FB85CF.d.03DAF915413A333170576C10F6802C0B.e.305"}]}
COMMAND: GET /session/c5b1ef57caa26d27c0af8f03bb65535b/element/f.FCC204B58DEBB53E51F41DDFA2FB85CF.d.03DAF915413A333170576C10F6802C0B.e.305/enabled - {}
COMMAND: GET /session/c5b1ef57caa26d27c0af8f03bb65535b/screenshot - {}
RESULT: {}
COMMAND: POST /session/c5b1ef57caa26d27c0af8f03bb65535b/execute/sync - {"script":"<script> [8489 bytes]","args":[{"element-6066-11e4-a52e-4f735466cecf":"f.FCC204B58DEBB53E51F41DDFA2FB85CF.d.03DAF915413A333170576C10F6802C0B.e.305","ELEMENT":"f.FCC204B58DEBB53E51F41DDFA2FB85CF.d.03DAF915413A333170576C10F6802C0B.e.305"}]}
COMMAND: GET /session/c5b1ef57caa26d27c0af8f03bb65535b/screenshot - {}
RESULT: {}
RESULT: {"script":"<script> [8489 bytes]","args":[{"element-6066-11e4-a52e-4f735466cecf":"f.FCC204B58DEBB53E51F41DDFA2FB85CF.d.03DAF915413A333170576C10F6802C0B.e.305","ELEMENT":"f.FCC204B58DEBB53E51F41DDFA2FB85CF.d.03DAF915413A333170576C10F6802C0B.e.305"}]}
COMMAND: POST /session/c5b1ef57caa26d27c0af8f03bb65535b/execute/sync - {"script":"<script> [5351 bytes]","args":[{"element-6066-11e4-a52e-4f735466cecf":"f.FCC204B58DEBB53E51F41DDFA2FB85CF.d.03DAF915413A333170576C10F6802C0B.e.305","ELEMENT":"f.FCC204B58DEBB53E51F41DDFA2FB85CF.d.03DAF915413A333170576C10F6802C0B.e.305"}]}
COMMAND: GET /session/c5b1ef57caa26d27c0af8f03bb65535b/screenshot - {}
RESULT: {}
RESULT: {"script":"<script> [5351 bytes]","args":[{"element-6066-11e4-a52e-4f735466cecf":"f.FCC204B58DEBB53E51F41DDFA2FB85CF.d.03DAF915413A333170576C10F6802C0B.e.305","ELEMENT":"f.FCC204B58DEBB53E51F41DDFA2FB85CF.d.03DAF915413A333170576C10F6802C0B.e.305"}]}
COMMAND: POST /session/c5b1ef57caa26d27c0af8f03bb65535b/element/f.FCC204B58DEBB53E51F41DDFA2FB85CF.d.03DAF915413A333170576C10F6802C0B.e.305/click - {}
COMMAND: GET /session/c5b1ef57caa26d27c0af8f03bb65535b/screenshot - {}
RESULT: {}
RESULT: {}
COMMAND: GET /session/c5b1ef57caa26d27c0af8f03bb65535b/screenshot - {}
RESULT: {}
RESULT: {}
COMMAND: POST /session/c5b1ef57caa26d27c0af8f03bb65535b/element - {"using":"xpath","value":"//input[@id=\"application-manageyards-display-component---NewYard--yardId-inner\"]"}
RESULT: {"using":"xpath","value":"//input[@id=\"application-manageyards-display-component---NewYard--yardId-inner\"]"}
COMMAND: POST /session/c5b1ef57caa26d27c0af8f03bb65535b/element - {"using":"xpath","value":"//input[@id=\"application-manageyards-display-component---NewYard--yardId-inner\"]"}
RESULT: {"using":"xpath","value":"//input[@id=\"application-manageyards-display-component---NewYard--yardId-inner\"]"}
COMMAND: POST /session/c5b1ef57caa26d27c0af8f03bb65535b/execute/async - {"script":"<script> [1562 bytes]","args":[{"selector":{"id":"application-manageyards-display-component---NewYard--addressDetailDetailsName1","interaction":{"idSuffix":"inner"}},"wdio_ui5_key":"applicationmanageyards-display-component---NewYard--addressDetailDetailsName1"}]}
RESULT: {"script":"<script> [1562 bytes]","args":[{"selector":{"id":"application-manageyards-display-component---NewYard--addressDetailDetailsName1","interaction":{"idSuffix":"inner"}},"wdio_ui5_key":"applicationmanageyards-display-component---NewYard--addressDetailDetailsName1"}]}
RESULT: undefined
COMMAND: POST /session/c5b1ef57caa26d27c0af8f03bb65535b/execute/async - {"script":"<script> [776 bytes]","args":[{"enterText":"Intracompany Yard wdIO","selector":{"id":"application-manageyards-display-component---NewYard--addressDetailDetailsName1","interaction":{"idSuffix":"inner"}},"clearTextFirst":true,"interactionType":"ENTER_TEXT"}]}
RESULT: {"script":"<script> [776 bytes]","args":[{"enterText":"Intracompany Yard wdIO","selector":{"id":"application-manageyards-display-component---NewYard--addressDetailDetailsName1","interaction":{"idSuffix":"inner"}},"clearTextFirst":true,"interactionType":"ENTER_TEXT"}]}
COMMAND: POST /session/c5b1ef57caa26d27c0af8f03bb65535b/execute/async - {"script":"<script> [1562 bytes]","args":[{"selector":{"id":"application-manageyards-display-component---NewYard--addressDetailDetailsLanguage-arrow"},"wdio_ui5_key":"applicationmanageyards-display-component---NewYard--addressDetailDetailsLanguage-arrow"}]}
RESULT: {"script":"<script> [1562 bytes]","args":[{"selector":{"id":"application-manageyards-display-component---NewYard--addressDetailDetailsLanguage-arrow"},"wdio_ui5_key":"applicationmanageyards-display-component---NewYard--addressDetailDetailsLanguage-arrow"}]}
RESULT: undefined
COMMAND: POST /session/c5b1ef57caa26d27c0af8f03bb65535b/element - {"using":"xpath","value":"//*[@id=\"application-manageyards-display-component---NewYard--addressDetailDetailsLanguage-arrow\"]"}
RESULT: {"using":"xpath","value":"//*[@id=\"application-manageyards-display-component---NewYard--addressDetailDetailsLanguage-arrow\"]"}
COMMAND: POST /session/c5b1ef57caa26d27c0af8f03bb65535b/element/f.FCC204B58DEBB53E51F41DDFA2FB85CF.d.03DAF915413A333170576C10F6802C0B.e.742/click - {}
RESULT: {}
COMMAND: POST /session/c5b1ef57caa26d27c0af8f03bb65535b/element - {"using":"xpath","value":"//span[contains(text(), \"English\")]"}
COMMAND: GET /session/c5b1ef57caa26d27c0af8f03bb65535b/screenshot - {}
RESULT: {"using":"xpath","value":"//span[contains(text(), \"English\")]"}
COMMAND: POST /session/c5b1ef57caa26d27c0af8f03bb65535b/element/f.FCC204B58DEBB53E51F41DDFA2FB85CF.d.03DAF915413A333170576C10F6802C0B.e.743/click - {}
RESULT: {}
RESULT: {}
COMMAND: POST /session/c5b1ef57caa26d27c0af8f03bb65535b/execute/async - {"script":"<script> [1562 bytes]","args":[{"selector":{"id":"application-manageyards-display-component---NewYard--addressDetailDetailsCity1","interaction":{"idSuffix":"inner"}},"wdio_ui5_key":"applicationmanageyards-display-component---NewYard--addressDetailDetailsCity1"}]}
COMMAND: GET /session/c5b1ef57caa26d27c0af8f03bb65535b/screenshot - {}
RESULT: {"script":"<script> [1562 bytes]","args":[{"selector":{"id":"application-manageyards-display-component---NewYard--addressDetailDetailsCity1","interaction":{"idSuffix":"inner"}},"wdio_ui5_key":"applicationmanageyards-display-component---NewYard--addressDetailDetailsCity1"}]}
RESULT: undefined
COMMAND: POST /session/c5b1ef57caa26d27c0af8f03bb65535b/execute/async - {"script":"<script> [776 bytes]","args":[{"enterText":"Rosario","selector":{"id":"application-manageyards-display-component---NewYard--addressDetailDetailsCity1","interaction":{"idSuffix":"inner"}},"clearTextFirst":true,"interactionType":"ENTER_TEXT"}]}
RESULT: {}
RESULT: {"script":"<script> [776 bytes]","args":[{"enterText":"Rosario","selector":{"id":"application-manageyards-display-component---NewYard--addressDetailDetailsCity1","interaction":{"idSuffix":"inner"}},"clearTextFirst":true,"interactionType":"ENTER_TEXT"}]}
COMMAND: POST /session/c5b1ef57caa26d27c0af8f03bb65535b/execute/async - {"script":"<script> [1562 bytes]","args":[{"selector":{"id":"application-manageyards-display-component---NewYard--addressDetailDetailsCountry-arrow"},"wdio_ui5_key":"applicationmanageyards-display-component---NewYard--addressDetailDetailsCountry-arrow"}]}
RESULT: {"script":"<script> [1562 bytes]","args":[{"selector":{"id":"application-manageyards-display-component---NewYard--addressDetailDetailsCountry-arrow"},"wdio_ui5_key":"applicationmanageyards-display-component---NewYard--addressDetailDetailsCountry-arrow"}]}
RESULT: undefined
COMMAND: POST /session/c5b1ef57caa26d27c0af8f03bb65535b/element - {"using":"xpath","value":"//*[@id=\"application-manageyards-display-component---NewYard--addressDetailDetailsCountry-arrow\"]"}
RESULT: {"using":"xpath","value":"//*[@id=\"application-manageyards-display-component---NewYard--addressDetailDetailsCountry-arrow\"]"}
COMMAND: POST /session/c5b1ef57caa26d27c0af8f03bb65535b/element/f.FCC204B58DEBB53E51F41DDFA2FB85CF.d.03DAF915413A333170576C10F6802C0B.e.745/click - {}
RESULT: {}
COMMAND: POST /session/c5b1ef57caa26d27c0af8f03bb65535b/element - {"using":"xpath","value":"//span[contains(text(), \"Argentina\")]"}
COMMAND: GET /session/c5b1ef57caa26d27c0af8f03bb65535b/screenshot - {}
RESULT: {"using":"xpath","value":"//span[contains(text(), \"Argentina\")]"}
COMMAND: POST /session/c5b1ef57caa26d27c0af8f03bb65535b/element/f.FCC204B58DEBB53E51F41DDFA2FB85CF.d.03DAF915413A333170576C10F6802C0B.e.746/click - {}
RESULT: {}
RESULT: {}
COMMAND: POST /session/c5b1ef57caa26d27c0af8f03bb65535b/execute/async - {"script":"<script> [1562 bytes]","args":[{"selector":{"id":"application-manageyards-display-component---NewYard--addressEditDetailsCostObjectCstType-arrow"},"wdio_ui5_key":"applicationmanageyards-display-component---NewYard--addressEditDetailsCostObjectCstType-arrow"}]}
COMMAND: GET /session/c5b1ef57caa26d27c0af8f03bb65535b/screenshot - {}
RESULT: {"script":"<script> [1562 bytes]","args":[{"selector":{"id":"application-manageyards-display-component---NewYard--addressEditDetailsCostObjectCstType-arrow"},"wdio_ui5_key":"applicationmanageyards-display-component---NewYard--addressEditDetailsCostObjectCstType-arrow"}]}
RESULT: undefined
COMMAND: POST /session/c5b1ef57caa26d27c0af8f03bb65535b/element - {"using":"xpath","value":"//*[@id=\"application-manageyards-display-component---NewYard--addressEditDetailsCostObjectCstType-arrow\"]"}
RESULT: {}
RESULT: {"using":"xpath","value":"//*[@id=\"application-manageyards-display-component---NewYard--addressEditDetailsCostObjectCstType-arrow\"]"}
COMMAND: POST /session/c5b1ef57caa26d27c0af8f03bb65535b/element/f.FCC204B58DEBB53E51F41DDFA2FB85CF.d.03DAF915413A333170576C10F6802C0B.e.748/click - {}
RESULT: {}
COMMAND: POST /session/c5b1ef57caa26d27c0af8f03bb65535b/element - {"using":"xpath","value":"//span[contains(text(), \"Cost Center\")]"}
COMMAND: GET /session/c5b1ef57caa26d27c0af8f03bb65535b/screenshot - {}
RESULT: {"using":"xpath","value":"//span[contains(text(), \"Cost Center\")]"}
COMMAND: POST /session/c5b1ef57caa26d27c0af8f03bb65535b/element/f.FCC204B58DEBB53E51F41DDFA2FB85CF.d.03DAF915413A333170576C10F6802C0B.e.749/click - {}
RESULT: {}
RESULT: {}
COMMAND: GET /session/c5b1ef57caa26d27c0af8f03bb65535b/screenshot - {}
RESULT: {}
COMMAND: POST /session/c5b1ef57caa26d27c0af8f03bb65535b/element - {"using":"xpath","value":"//span[@id=\"application-manageyards-display-component---NewYard--addressNewCostObjectCstID-vhi\"]"}
RESULT: {"using":"xpath","value":"//span[@id=\"application-manageyards-display-component---NewYard--addressNewCostObjectCstID-vhi\"]"}
COMMAND: POST /session/c5b1ef57caa26d27c0af8f03bb65535b/execute/sync - {"script":"<script> [8489 bytes]","args":[{"element-6066-11e4-a52e-4f735466cecf":"f.FCC204B58DEBB53E51F41DDFA2FB85CF.d.03DAF915413A333170576C10F6802C0B.e.753","ELEMENT":"f.FCC204B58DEBB53E51F41DDFA2FB85CF.d.03DAF915413A333170576C10F6802C0B.e.753"}]}
RESULT: {"script":"<script> [8489 bytes]","args":[{"element-6066-11e4-a52e-4f735466cecf":"f.FCC204B58DEBB53E51F41DDFA2FB85CF.d.03DAF915413A333170576C10F6802C0B.e.753","ELEMENT":"f.FCC204B58DEBB53E51F41DDFA2FB85CF.d.03DAF915413A333170576C10F6802C0B.e.753"}]}
COMMAND: POST /session/c5b1ef57caa26d27c0af8f03bb65535b/execute/async - {"script":"<script> [1562 bytes]","args":[{"selector":{"id":"application-manageyards-display-component---NewYard--addressNewCostObjectCstID-vhi"},"wdio_ui5_key":"applicationmanageyards-display-component---NewYard--addressNewCostObjectCstID-vhi"}]}
COMMAND: GET /session/c5b1ef57caa26d27c0af8f03bb65535b/screenshot - {}
RESULT: {"script":"<script> [1562 bytes]","args":[{"selector":{"id":"application-manageyards-display-component---NewYard--addressNewCostObjectCstID-vhi"},"wdio_ui5_key":"applicationmanageyards-display-component---NewYard--addressNewCostObjectCstID-vhi"}]}
RESULT: undefined
COMMAND: POST /session/c5b1ef57caa26d27c0af8f03bb65535b/element - {"using":"xpath","value":"//*[@id=\"application-manageyards-display-component---NewYard--addressNewCostObjectCstID-vhi\"]"}
RESULT: {}
RESULT: {"using":"xpath","value":"//*[@id=\"application-manageyards-display-component---NewYard--addressNewCostObjectCstID-vhi\"]"}
COMMAND: POST /session/c5b1ef57caa26d27c0af8f03bb65535b/element/f.FCC204B58DEBB53E51F41DDFA2FB85CF.d.03DAF915413A333170576C10F6802C0B.e.753/click - {}
RESULT: {}
COMMAND: GET /session/c5b1ef57caa26d27c0af8f03bb65535b/screenshot - {}
RESULT: {}
COMMAND: POST /session/c5b1ef57caa26d27c0af8f03bb65535b/execute/async - {"script":"<script> [1562 bytes]","args":[{"selector":{"controlType":"sap.m.SearchField","properties":{"placeholder":"Search"},"searchOpenDialogs":true,"interaction":{"idSuffix":"I"}},"wdio_ui5_key":"sapm.SearchField{\"placeholder\":\"Search\"}"}]}
RESULT: {"script":"<script> [1562 bytes]","args":[{"selector":{"controlType":"sap.m.SearchField","properties":{"placeholder":"Search"},"searchOpenDialogs":true,"interaction":{"idSuffix":"I"}},"wdio_ui5_key":"sapm.SearchField{\"placeholder\":\"Search\"}"}]}
RESULT: undefined
COMMAND: POST /session/c5b1ef57caa26d27c0af8f03bb65535b/execute/async - {"script":"<script> [776 bytes]","args":[{"enterText":"bauh_b","selector":{"controlType":"sap.m.SearchField","properties":{"placeholder":"Search"},"searchOpenDialogs":true,"interaction":{"idSuffix":"I"}},"clearTextFirst":true,"interactionType":"ENTER_TEXT"}]}
RESULT: {"script":"<script> [776 bytes]","args":[{"enterText":"bauh_b","selector":{"controlType":"sap.m.SearchField","properties":{"placeholder":"Search"},"searchOpenDialogs":true,"interaction":{"idSuffix":"I"}},"clearTextFirst":true,"interactionType":"ENTER_TEXT"}]}
COMMAND: POST /session/c5b1ef57caa26d27c0af8f03bb65535b/actions - {"actions":[{"id":"action1","type":"key","parameters":{},"actions":[{"type":"keyDown","value":"î€‡"},{"type":"pause","duration":10},{"type":"keyUp","value":"î€‡"}]}]}
RESULT: {"actions":[{"id":"action1","type":"key","parameters":{},"actions":[{"type":"keyDown","value":"î€‡"},{"type":"pause","duration":10},{"type":"keyUp","value":"î€‡"}]}]}
COMMAND: GET /session/c5b1ef57caa26d27c0af8f03bb65535b/screenshot - {}
RESULT: {}
COMMAND: POST /session/c5b1ef57caa26d27c0af8f03bb65535b/element - {"using":"xpath","value":"//span[contains(text(), \"Demo Yard\")]"}
RESULT: {"using":"xpath","value":"//span[contains(text(), \"Demo Yard\")]"}
COMMAND: POST /session/c5b1ef57caa26d27c0af8f03bb65535b/element/f.FCC204B58DEBB53E51F41DDFA2FB85CF.d.03DAF915413A333170576C10F6802C0B.e.794/click - {}
RESULT: {}
COMMAND: GET /session/c5b1ef57caa26d27c0af8f03bb65535b/screenshot - {}
RESULT: {}
COMMAND: POST /session/c5b1ef57caa26d27c0af8f03bb65535b/element - {"using":"xpath","value":"//bdi[contains(text(), \"OK\")]"}
RESULT: {"using":"xpath","value":"//bdi[contains(text(), \"OK\")]"}
COMMAND: POST /session/c5b1ef57caa26d27c0af8f03bb65535b/element/f.FCC204B58DEBB53E51F41DDFA2FB85CF.d.03DAF915413A333170576C10F6802C0B.e.795/click - {}
RESULT: {}
COMMAND: GET /session/c5b1ef57caa26d27c0af8f03bb65535b/screenshot - {}
RESULT: {}
COMMAND: POST /session/c5b1ef57caa26d27c0af8f03bb65535b/execute/async - {"script":"<script> [1562 bytes]","args":[{"selector":{"id":"application-manageyards-display-component---NewYard--addressEditDetailsCurrency-arrow"},"wdio_ui5_key":"applicationmanageyards-display-component---NewYard--addressEditDetailsCurrency-arrow"}]}
RESULT: {"script":"<script> [1562 bytes]","args":[{"selector":{"id":"application-manageyards-display-component---NewYard--addressEditDetailsCurrency-arrow"},"wdio_ui5_key":"applicationmanageyards-display-component---NewYard--addressEditDetailsCurrency-arrow"}]}
RESULT: undefined
COMMAND: POST /session/c5b1ef57caa26d27c0af8f03bb65535b/element - {"using":"xpath","value":"//*[@id=\"application-manageyards-display-component---NewYard--addressEditDetailsCurrency-arrow\"]"}
RESULT: {"using":"xpath","value":"//*[@id=\"application-manageyards-display-component---NewYard--addressEditDetailsCurrency-arrow\"]"}
COMMAND: POST /session/c5b1ef57caa26d27c0af8f03bb65535b/element/f.FCC204B58DEBB53E51F41DDFA2FB85CF.d.03DAF915413A333170576C10F6802C0B.e.798/click - {}
RESULT: {}
COMMAND: POST /session/c5b1ef57caa26d27c0af8f03bb65535b/element - {"using":"xpath","value":"//span[contains(text(), \"Euro\")]"}
COMMAND: GET /session/c5b1ef57caa26d27c0af8f03bb65535b/screenshot - {}
RESULT: {"using":"xpath","value":"//span[contains(text(), \"Euro\")]"}
COMMAND: POST /session/c5b1ef57caa26d27c0af8f03bb65535b/element/f.FCC204B58DEBB53E51F41DDFA2FB85CF.d.03DAF915413A333170576C10F6802C0B.e.799/click - {}
RESULT: {}
RESULT: {}
COMMAND: POST /session/c5b1ef57caa26d27c0af8f03bb65535b/execute/async - {"script":"<script> [1562 bytes]","args":[{"selector":{"controlType":"sap.m.Input","viewName":"etm.portal.ui.manageyards.view.New","viewId":"application-manageyards-display-component---NewYard","bindingPath":{"path":"","propertyPath":"/CONTROLLING_AREA","modelName":"NewYardModel"},"interaction":{"idSuffix":"inner"}},"wdio_ui5_key":"etmportal.ui.manageyards.view.Newsap.m.Input{\"path\":\"\",\"propertyPath\":\"/CONTROLLING_AREA\",\"modelName\":\"NewYardModel\"}"}]}
COMMAND: GET /session/c5b1ef57caa26d27c0af8f03bb65535b/screenshot - {}
RESULT: {"script":"<script> [1562 bytes]","args":[{"selector":{"controlType":"sap.m.Input","viewName":"etm.portal.ui.manageyards.view.New","viewId":"application-manageyards-display-component---NewYard","bindingPath":{"path":"","propertyPath":"/CONTROLLING_AREA","modelName":"NewYardModel"},"interaction":{"idSuffix":"inner"}},"wdio_ui5_key":"etmportal.ui.manageyards.view.Newsap.m.Input{\"path\":\"\",\"propertyPath\":\"/CONTROLLING_AREA\",\"modelName\":\"NewYardModel\"}"}]}
RESULT: undefined
COMMAND: POST /session/c5b1ef57caa26d27c0af8f03bb65535b/execute/async - {"script":"<script> [776 bytes]","args":[{"enterText":"Z001","selector":{"controlType":"sap.m.Input","viewName":"etm.portal.ui.manageyards.view.New","viewId":"application-manageyards-display-component---NewYard","bindingPath":{"path":"","propertyPath":"/CONTROLLING_AREA","modelName":"NewYardModel"},"interaction":{"idSuffix":"inner"}},"clearTextFirst":true,"interactionType":"ENTER_TEXT"}]}
RESULT: {}
RESULT: {"script":"<script> [776 bytes]","args":[{"enterText":"Z001","selector":{"controlType":"sap.m.Input","viewName":"etm.portal.ui.manageyards.view.New","viewId":"application-manageyards-display-component---NewYard","bindingPath":{"path":"","propertyPath":"/CONTROLLING_AREA","modelName":"NewYardModel"},"interaction":{"idSuffix":"inner"}},"clearTextFirst":true,"interactionType":"ENTER_TEXT"}]}
COMMAND: POST /session/c5b1ef57caa26d27c0af8f03bb65535b/execute/async - {"script":"<script> [1562 bytes]","args":[{"selector":{"id":"application-manageyards-display-component---NewYard--companyCodeComboBox","interaction":{"idSuffix":"inner"}},"wdio_ui5_key":"applicationmanageyards-display-component---NewYard--companyCodeComboBox"}]}
RESULT: {"script":"<script> [1562 bytes]","args":[{"selector":{"id":"application-manageyards-display-component---NewYard--companyCodeComboBox","interaction":{"idSuffix":"inner"}},"wdio_ui5_key":"applicationmanageyards-display-component---NewYard--companyCodeComboBox"}]}
RESULT: undefined
COMMAND: POST /session/c5b1ef57caa26d27c0af8f03bb65535b/execute/async - {"script":"<script> [776 bytes]","args":[{"enterText":"1000","selector":{"id":"application-manageyards-display-component---NewYard--companyCodeComboBox","interaction":{"idSuffix":"inner"}},"clearTextFirst":true,"interactionType":"ENTER_TEXT"}]}
RESULT: {"script":"<script> [776 bytes]","args":[{"enterText":"1000","selector":{"id":"application-manageyards-display-component---NewYard--companyCodeComboBox","interaction":{"idSuffix":"inner"}},"clearTextFirst":true,"interactionType":"ENTER_TEXT"}]}
COMMAND: POST /session/c5b1ef57caa26d27c0af8f03bb65535b/execute/async - {"script":"<script> [1562 bytes]","args":[{"selector":{"controlType":"sap.m.Input","viewName":"etm.portal.ui.manageyards.view.New","viewId":"application-manageyards-display-component---NewYard","bindingPath":{"path":"","propertyPath":"/PLANT","modelName":"NewYardModel"},"interaction":{"idSuffix":"inner"}},"wdio_ui5_key":"etmportal.ui.manageyards.view.Newsap.m.Input{\"path\":\"\",\"propertyPath\":\"/PLANT\",\"modelName\":\"NewYardModel\"}"}]}
RESULT: {"script":"<script> [1562 bytes]","args":[{"selector":{"controlType":"sap.m.Input","viewName":"etm.portal.ui.manageyards.view.New","viewId":"application-manageyards-display-component---NewYard","bindingPath":{"path":"","propertyPath":"/PLANT","modelName":"NewYardModel"},"interaction":{"idSuffix":"inner"}},"wdio_ui5_key":"etmportal.ui.manageyards.view.Newsap.m.Input{\"path\":\"\",\"propertyPath\":\"/PLANT\",\"modelName\":\"NewYardModel\"}"}]}
RESULT: undefined
COMMAND: POST /session/c5b1ef57caa26d27c0af8f03bb65535b/execute/async - {"script":"<script> [776 bytes]","args":[{"enterText":"1001","selector":{"controlType":"sap.m.Input","viewName":"etm.portal.ui.manageyards.view.New","viewId":"application-manageyards-display-component---NewYard","bindingPath":{"path":"","propertyPath":"/PLANT","modelName":"NewYardModel"},"interaction":{"idSuffix":"inner"}},"clearTextFirst":true,"interactionType":"ENTER_TEXT"}]}
RESULT: {"script":"<script> [776 bytes]","args":[{"enterText":"1001","selector":{"controlType":"sap.m.Input","viewName":"etm.portal.ui.manageyards.view.New","viewId":"application-manageyards-display-component---NewYard","bindingPath":{"path":"","propertyPath":"/PLANT","modelName":"NewYardModel"},"interaction":{"idSuffix":"inner"}},"clearTextFirst":true,"interactionType":"ENTER_TEXT"}]}
COMMAND: POST /session/c5b1ef57caa26d27c0af8f03bb65535b/execute/async - {"script":"<script> [1562 bytes]","args":[{"selector":{"controlType":"sap.m.Input","viewName":"etm.portal.ui.manageyards.view.New","viewId":"application-manageyards-display-component---NewYard","bindingPath":{"path":"","propertyPath":"/SALES_AREA_VKORG","modelName":"NewYardModel"},"interaction":{"idSuffix":"inner"}},"wdio_ui5_key":"etmportal.ui.manageyards.view.Newsap.m.Input{\"path\":\"\",\"propertyPath\":\"/SALES_AREA_VKORG\",\"modelName\":\"NewYardModel\"}"}]}
RESULT: {"script":"<script> [1562 bytes]","args":[{"selector":{"controlType":"sap.m.Input","viewName":"etm.portal.ui.manageyards.view.New","viewId":"application-manageyards-display-component---NewYard","bindingPath":{"path":"","propertyPath":"/SALES_AREA_VKORG","modelName":"NewYardModel"},"interaction":{"idSuffix":"inner"}},"wdio_ui5_key":"etmportal.ui.manageyards.view.Newsap.m.Input{\"path\":\"\",\"propertyPath\":\"/SALES_AREA_VKORG\",\"modelName\":\"NewYardModel\"}"}]}
RESULT: undefined
COMMAND: POST /session/c5b1ef57caa26d27c0af8f03bb65535b/execute/async - {"script":"<script> [776 bytes]","args":[{"enterText":"C002","selector":{"controlType":"sap.m.Input","viewName":"etm.portal.ui.manageyards.view.New","viewId":"application-manageyards-display-component---NewYard","bindingPath":{"path":"","propertyPath":"/SALES_AREA_VKORG","modelName":"NewYardModel"},"interaction":{"idSuffix":"inner"}},"clearTextFirst":true,"interactionType":"ENTER_TEXT"}]}
RESULT: {"script":"<script> [776 bytes]","args":[{"enterText":"C002","selector":{"controlType":"sap.m.Input","viewName":"etm.portal.ui.manageyards.view.New","viewId":"application-manageyards-display-component---NewYard","bindingPath":{"path":"","propertyPath":"/SALES_AREA_VKORG","modelName":"NewYardModel"},"interaction":{"idSuffix":"inner"}},"clearTextFirst":true,"interactionType":"ENTER_TEXT"}]}
COMMAND: POST /session/c5b1ef57caa26d27c0af8f03bb65535b/execute/async - {"script":"<script> [1562 bytes]","args":[{"selector":{"controlType":"sap.m.Input","viewName":"etm.portal.ui.manageyards.view.New","viewId":"application-manageyards-display-component---NewYard","bindingPath":{"path":"","propertyPath":"/SALES_AREA_VTWEG","modelName":"NewYardModel"},"interaction":{"idSuffix":"inner"}},"wdio_ui5_key":"etmportal.ui.manageyards.view.Newsap.m.Input{\"path\":\"\",\"propertyPath\":\"/SALES_AREA_VTWEG\",\"modelName\":\"NewYardModel\"}"}]}
RESULT: {"script":"<script> [1562 bytes]","args":[{"selector":{"controlType":"sap.m.Input","viewName":"etm.portal.ui.manageyards.view.New","viewId":"application-manageyards-display-component---NewYard","bindingPath":{"path":"","propertyPath":"/SALES_AREA_VTWEG","modelName":"NewYardModel"},"interaction":{"idSuffix":"inner"}},"wdio_ui5_key":"etmportal.ui.manageyards.view.Newsap.m.Input{\"path\":\"\",\"propertyPath\":\"/SALES_AREA_VTWEG\",\"modelName\":\"NewYardModel\"}"}]}
RESULT: undefined
COMMAND: POST /session/c5b1ef57caa26d27c0af8f03bb65535b/execute/async - {"script":"<script> [776 bytes]","args":[{"enterText":"C2","selector":{"controlType":"sap.m.Input","viewName":"etm.portal.ui.manageyards.view.New","viewId":"application-manageyards-display-component---NewYard","bindingPath":{"path":"","propertyPath":"/SALES_AREA_VTWEG","modelName":"NewYardModel"},"interaction":{"idSuffix":"inner"}},"clearTextFirst":true,"interactionType":"ENTER_TEXT"}]}
RESULT: {"script":"<script> [776 bytes]","args":[{"enterText":"C2","selector":{"controlType":"sap.m.Input","viewName":"etm.portal.ui.manageyards.view.New","viewId":"application-manageyards-display-component---NewYard","bindingPath":{"path":"","propertyPath":"/SALES_AREA_VTWEG","modelName":"NewYardModel"},"interaction":{"idSuffix":"inner"}},"clearTextFirst":true,"interactionType":"ENTER_TEXT"}]}
COMMAND: POST /session/c5b1ef57caa26d27c0af8f03bb65535b/execute/async - {"script":"<script> [1562 bytes]","args":[{"selector":{"controlType":"sap.m.Input","viewName":"etm.portal.ui.manageyards.view.New","viewId":"application-manageyards-display-component---NewYard","bindingPath":{"path":"","propertyPath":"/SALES_AREA_SPART","modelName":"NewYardModel"},"interaction":{"idSuffix":"inner"}},"wdio_ui5_key":"etmportal.ui.manageyards.view.Newsap.m.Input{\"path\":\"\",\"propertyPath\":\"/SALES_AREA_SPART\",\"modelName\":\"NewYardModel\"}"}]}
RESULT: {"script":"<script> [1562 bytes]","args":[{"selector":{"controlType":"sap.m.Input","viewName":"etm.portal.ui.manageyards.view.New","viewId":"application-manageyards-display-component---NewYard","bindingPath":{"path":"","propertyPath":"/SALES_AREA_SPART","modelName":"NewYardModel"},"interaction":{"idSuffix":"inner"}},"wdio_ui5_key":"etmportal.ui.manageyards.view.Newsap.m.Input{\"path\":\"\",\"propertyPath\":\"/SALES_AREA_SPART\",\"modelName\":\"NewYardModel\"}"}]}
RESULT: undefined
COMMAND: POST /session/c5b1ef57caa26d27c0af8f03bb65535b/execute/async - {"script":"<script> [776 bytes]","args":[{"enterText":"C2","selector":{"controlType":"sap.m.Input","viewName":"etm.portal.ui.manageyards.view.New","viewId":"application-manageyards-display-component---NewYard","bindingPath":{"path":"","propertyPath":"/SALES_AREA_SPART","modelName":"NewYardModel"},"interaction":{"idSuffix":"inner"}},"clearTextFirst":true,"interactionType":"ENTER_TEXT"}]}
RESULT: {"script":"<script> [776 bytes]","args":[{"enterText":"C2","selector":{"controlType":"sap.m.Input","viewName":"etm.portal.ui.manageyards.view.New","viewId":"application-manageyards-display-component---NewYard","bindingPath":{"path":"","propertyPath":"/SALES_AREA_SPART","modelName":"NewYardModel"},"interaction":{"idSuffix":"inner"}},"clearTextFirst":true,"interactionType":"ENTER_TEXT"}]}
COMMAND: POST /session/c5b1ef57caa26d27c0af8f03bb65535b/execute/async - {"script":"<script> [1562 bytes]","args":[{"selector":{"controlType":"sap.m.Input","viewName":"etm.portal.ui.manageyards.view.New","viewId":"application-manageyards-display-component---NewYard","bindingPath":{"path":"","propertyPath":"/SHIP_POINT","modelName":"NewYardModel"},"interaction":{"idSuffix":"inner"}},"wdio_ui5_key":"etmportal.ui.manageyards.view.Newsap.m.Input{\"path\":\"\",\"propertyPath\":\"/SHIP_POINT\",\"modelName\":\"NewYardModel\"}"}]}
RESULT: {"script":"<script> [1562 bytes]","args":[{"selector":{"controlType":"sap.m.Input","viewName":"etm.portal.ui.manageyards.view.New","viewId":"application-manageyards-display-component---NewYard","bindingPath":{"path":"","propertyPath":"/SHIP_POINT","modelName":"NewYardModel"},"interaction":{"idSuffix":"inner"}},"wdio_ui5_key":"etmportal.ui.manageyards.view.Newsap.m.Input{\"path\":\"\",\"propertyPath\":\"/SHIP_POINT\",\"modelName\":\"NewYardModel\"}"}]}
RESULT: undefined
COMMAND: POST /session/c5b1ef57caa26d27c0af8f03bb65535b/execute/async - {"script":"<script> [776 bytes]","args":[{"enterText":"1710","selector":{"controlType":"sap.m.Input","viewName":"etm.portal.ui.manageyards.view.New","viewId":"application-manageyards-display-component---NewYard","bindingPath":{"path":"","propertyPath":"/SHIP_POINT","modelName":"NewYardModel"},"interaction":{"idSuffix":"inner"}},"clearTextFirst":true,"interactionType":"ENTER_TEXT"}]}
RESULT: {"script":"<script> [776 bytes]","args":[{"enterText":"1710","selector":{"controlType":"sap.m.Input","viewName":"etm.portal.ui.manageyards.view.New","viewId":"application-manageyards-display-component---NewYard","bindingPath":{"path":"","propertyPath":"/SHIP_POINT","modelName":"NewYardModel"},"interaction":{"idSuffix":"inner"}},"clearTextFirst":true,"interactionType":"ENTER_TEXT"}]}
COMMAND: POST /session/c5b1ef57caa26d27c0af8f03bb65535b/execute/async - {"script":"<script> [1562 bytes]","args":[{"selector":{"controlType":"sap.m.Input","viewName":"etm.portal.ui.manageyards.view.New","viewId":"application-manageyards-display-component---NewYard","bindingPath":{"path":"","propertyPath":"/DELIVERY_TYPE","modelName":"NewYardModel"},"interaction":{"idSuffix":"inner"}},"wdio_ui5_key":"etmportal.ui.manageyards.view.Newsap.m.Input{\"path\":\"\",\"propertyPath\":\"/DELIVERY_TYPE\",\"modelName\":\"NewYardModel\"}"}]}
RESULT: {"script":"<script> [1562 bytes]","args":[{"selector":{"controlType":"sap.m.Input","viewName":"etm.portal.ui.manageyards.view.New","viewId":"application-manageyards-display-component---NewYard","bindingPath":{"path":"","propertyPath":"/DELIVERY_TYPE","modelName":"NewYardModel"},"interaction":{"idSuffix":"inner"}},"wdio_ui5_key":"etmportal.ui.manageyards.view.Newsap.m.Input{\"path\":\"\",\"propertyPath\":\"/DELIVERY_TYPE\",\"modelName\":\"NewYardModel\"}"}]}
RESULT: undefined
COMMAND: POST /session/c5b1ef57caa26d27c0af8f03bb65535b/execute/async - {"script":"<script> [776 bytes]","args":[{"enterText":"ZL01","selector":{"controlType":"sap.m.Input","viewName":"etm.portal.ui.manageyards.view.New","viewId":"application-manageyards-display-component---NewYard","bindingPath":{"path":"","propertyPath":"/DELIVERY_TYPE","modelName":"NewYardModel"},"interaction":{"idSuffix":"inner"}},"clearTextFirst":true,"interactionType":"ENTER_TEXT"}]}
RESULT: {"script":"<script> [776 bytes]","args":[{"enterText":"ZL01","selector":{"controlType":"sap.m.Input","viewName":"etm.portal.ui.manageyards.view.New","viewId":"application-manageyards-display-component---NewYard","bindingPath":{"path":"","propertyPath":"/DELIVERY_TYPE","modelName":"NewYardModel"},"interaction":{"idSuffix":"inner"}},"clearTextFirst":true,"interactionType":"ENTER_TEXT"}]}
COMMAND: POST /session/c5b1ef57caa26d27c0af8f03bb65535b/execute/async - {"script":"<script> [1562 bytes]","args":[{"selector":{"controlType":"sap.m.Input","viewName":"etm.portal.ui.manageyards.view.New","viewId":"application-manageyards-display-component---NewYard","bindingPath":{"path":"","propertyPath":"/AUART","modelName":"NewYardModel"},"interaction":{"idSuffix":"inner"}},"wdio_ui5_key":"etmportal.ui.manageyards.view.Newsap.m.Input{\"path\":\"\",\"propertyPath\":\"/AUART\",\"modelName\":\"NewYardModel\"}"}]}
RESULT: {"script":"<script> [1562 bytes]","args":[{"selector":{"controlType":"sap.m.Input","viewName":"etm.portal.ui.manageyards.view.New","viewId":"application-manageyards-display-component---NewYard","bindingPath":{"path":"","propertyPath":"/AUART","modelName":"NewYardModel"},"interaction":{"idSuffix":"inner"}},"wdio_ui5_key":"etmportal.ui.manageyards.view.Newsap.m.Input{\"path\":\"\",\"propertyPath\":\"/AUART\",\"modelName\":\"NewYardModel\"}"}]}
RESULT: undefined
COMMAND: POST /session/c5b1ef57caa26d27c0af8f03bb65535b/execute/async - {"script":"<script> [776 bytes]","args":[{"enterText":"TA","selector":{"controlType":"sap.m.Input","viewName":"etm.portal.ui.manageyards.view.New","viewId":"application-manageyards-display-component---NewYard","bindingPath":{"path":"","propertyPath":"/AUART","modelName":"NewYardModel"},"interaction":{"idSuffix":"inner"}},"clearTextFirst":true,"interactionType":"ENTER_TEXT"}]}
RESULT: {"script":"<script> [776 bytes]","args":[{"enterText":"TA","selector":{"controlType":"sap.m.Input","viewName":"etm.portal.ui.manageyards.view.New","viewId":"application-manageyards-display-component---NewYard","bindingPath":{"path":"","propertyPath":"/AUART","modelName":"NewYardModel"},"interaction":{"idSuffix":"inner"}},"clearTextFirst":true,"interactionType":"ENTER_TEXT"}]}
COMMAND: POST /session/c5b1ef57caa26d27c0af8f03bb65535b/element - {"using":"xpath","value":"//button[@data-kt=\"newYardSaveButton\"]"}
RESULT: {"using":"xpath","value":"//button[@data-kt=\"newYardSaveButton\"]"}
COMMAND: POST /session/c5b1ef57caa26d27c0af8f03bb65535b/element/f.FCC204B58DEBB53E51F41DDFA2FB85CF.d.03DAF915413A333170576C10F6802C0B.e.725/click - {}
RESULT: {}
COMMAND: GET /session/c5b1ef57caa26d27c0af8f03bb65535b/screenshot - {}
RESULT: {}
COMMAND: POST /session/c5b1ef57caa26d27c0af8f03bb65535b/element - {"using":"xpath","value":"//header[contains(@id, 'ObjectPageLayout-headerTitle')]/div[1]/div[2]/div[1]/span[1]"}
RESULT: {"using":"xpath","value":"//header[contains(@id, 'ObjectPageLayout-headerTitle')]/div[1]/div[2]/div[1]/span[1]"}
COMMAND: POST /session/c5b1ef57caa26d27c0af8f03bb65535b/elements - {"using":"xpath","value":"//header[contains(@id, 'ObjectPageLayout-headerTitle')]/div[1]/div[2]/div[1]/span[1]"}
RESULT: {"using":"xpath","value":"//header[contains(@id, 'ObjectPageLayout-headerTitle')]/div[1]/div[2]/div[1]/span[1]"}
COMMAND: POST /session/c5b1ef57caa26d27c0af8f03bb65535b/execute/sync - {"script":"<script> [56 bytes]","args":[{"element-6066-11e4-a52e-4f735466cecf":"f.FCC204B58DEBB53E51F41DDFA2FB85CF.d.03DAF915413A333170576C10F6802C0B.e.1015","ELEMENT":"f.FCC204B58DEBB53E51F41DDFA2FB85CF.d.03DAF915413A333170576C10F6802C0B.e.1015"}]}
RESULT: {"script":"<script> [56 bytes]","args":[{"element-6066-11e4-a52e-4f735466cecf":"f.FCC204B58DEBB53E51F41DDFA2FB85CF.d.03DAF915413A333170576C10F6802C0B.e.1015","ELEMENT":"f.FCC204B58DEBB53E51F41DDFA2FB85CF.d.03DAF915413A333170576C10F6802C0B.e.1015"}]}
COMMAND: GET /session/c5b1ef57caa26d27c0af8f03bb65535b/screenshot - {}
RESULT: {}
COMMAND: POST /session/c5b1ef57caa26d27c0af8f03bb65535b/element - {"using":"css selector","value":"#shell-header-logo"}
RESULT: {"using":"css selector","value":"#shell-header-logo"}
COMMAND: POST /session/c5b1ef57caa26d27c0af8f03bb65535b/element/f.FCC204B58DEBB53E51F41DDFA2FB85CF.d.03DAF915413A333170576C10F6802C0B.e.271/click - {}
RESULT: {}
COMMAND: GET /session/c5b1ef57caa26d27c0af8f03bb65535b/screenshot - {}
RESULT: {}
COMMAND: POST /session/c5b1ef57caa26d27c0af8f03bb65535b/execute/sync - {"script":"<script> [299 bytes]","args":[["getModel","getResource"]]}
RESULT: {"script":"<script> [299 bytes]","args":[["getModel","getResource"]]}
]]></system-out>
    </testcase>
    <testcase classname="chrome.137_0_7151_56.windows.Partner_specific_tests_US150819_US151080_US151654_US151176_US103444_US151078_US151079_US151109_US151174_US151175_US151189" name="Should create new external partner US150819" time="111.855">
      <system-out><![CDATA[
COMMAND: POST /session/c5b1ef57caa26d27c0af8f03bb65535b/element - {"using":"xpath","value":"//li[.//span[text()=\"Manage Partners\"]]"}
COMMAND: GET /session/c5b1ef57caa26d27c0af8f03bb65535b/screenshot - {}
RESULT: {"using":"xpath","value":"//li[.//span[text()=\"Manage Partners\"]]"}
COMMAND: POST /session/c5b1ef57caa26d27c0af8f03bb65535b/element - {"using":"xpath","value":"//li[.//span[text()=\"Manage Partners\"]]"}
RESULT: {}
RESULT: {"using":"xpath","value":"//li[.//span[text()=\"Manage Partners\"]]"}
COMMAND: POST /session/c5b1ef57caa26d27c0af8f03bb65535b/element - {"using":"css selector","value":"#shell-header-logo"}
RESULT: {"using":"css selector","value":"#shell-header-logo"}
COMMAND: POST /session/c5b1ef57caa26d27c0af8f03bb65535b/element/f.FCC204B58DEBB53E51F41DDFA2FB85CF.d.03DAF915413A333170576C10F6802C0B.e.1018/click - {}
COMMAND: POST /session/c5b1ef57caa26d27c0af8f03bb65535b/execute/sync - {"script":"<script> [8489 bytes]","args":[{"element-6066-11e4-a52e-4f735466cecf":"f.FCC204B58DEBB53E51F41DDFA2FB85CF.d.03DAF915413A333170576C10F6802C0B.e.1018","ELEMENT":"f.FCC204B58DEBB53E51F41DDFA2FB85CF.d.03DAF915413A333170576C10F6802C0B.e.1018"}]}
RESULT: {"script":"<script> [8489 bytes]","args":[{"element-6066-11e4-a52e-4f735466cecf":"f.FCC204B58DEBB53E51F41DDFA2FB85CF.d.03DAF915413A333170576C10F6802C0B.e.1018","ELEMENT":"f.FCC204B58DEBB53E51F41DDFA2FB85CF.d.03DAF915413A333170576C10F6802C0B.e.1018"}]}
COMMAND: POST /session/c5b1ef57caa26d27c0af8f03bb65535b/execute/sync - {"script":"<script> [5351 bytes]","args":[{"element-6066-11e4-a52e-4f735466cecf":"f.FCC204B58DEBB53E51F41DDFA2FB85CF.d.03DAF915413A333170576C10F6802C0B.e.1018","ELEMENT":"f.FCC204B58DEBB53E51F41DDFA2FB85CF.d.03DAF915413A333170576C10F6802C0B.e.1018"}]}
COMMAND: GET /session/c5b1ef57caa26d27c0af8f03bb65535b/screenshot - {}
RESULT: {}
COMMAND: GET /session/c5b1ef57caa26d27c0af8f03bb65535b/screenshot - {}
RESULT: {"script":"<script> [5351 bytes]","args":[{"element-6066-11e4-a52e-4f735466cecf":"f.FCC204B58DEBB53E51F41DDFA2FB85CF.d.03DAF915413A333170576C10F6802C0B.e.1018","ELEMENT":"f.FCC204B58DEBB53E51F41DDFA2FB85CF.d.03DAF915413A333170576C10F6802C0B.e.1018"}]}
COMMAND: GET /session/c5b1ef57caa26d27c0af8f03bb65535b/screenshot - {}
RESULT: {}
RESULT: {}
RESULT: {}
COMMAND: POST /session/c5b1ef57caa26d27c0af8f03bb65535b/window/fullscreen - {}
RESULT: {}
COMMAND: POST /session/c5b1ef57caa26d27c0af8f03bb65535b/execute/async - {"script":"<script> [1562 bytes]","args":[{"selector":{"controlType":"sap.m.GenericTile","properties":{"header":"Manage Partners"}},"wdio_ui5_key":"sapm.GenericTile{\"header\":\"Manage Partners\"}"}]}
RESULT: {"script":"<script> [1562 bytes]","args":[{"selector":{"controlType":"sap.m.GenericTile","properties":{"header":"Manage Partners"}},"wdio_ui5_key":"sapm.GenericTile{\"header\":\"Manage Partners\"}"}]}
RESULT: undefined
COMMAND: POST /session/c5b1ef57caa26d27c0af8f03bb65535b/element - {"using":"xpath","value":"//*[@id=\"__tile38\"]"}
RESULT: {"using":"xpath","value":"//*[@id=\"__tile38\"]"}
COMMAND: POST /session/c5b1ef57caa26d27c0af8f03bb65535b/element/f.FCC204B58DEBB53E51F41DDFA2FB85CF.d.03DAF915413A333170576C10F6802C0B.e.160/click - {}
RESULT: {}
COMMAND: GET /session/c5b1ef57caa26d27c0af8f03bb65535b/screenshot - {}
RESULT: {}
COMMAND: POST /session/c5b1ef57caa26d27c0af8f03bb65535b/elements - {"using":"xpath","value":"//span[text()='Error']"}
RESULT: {"using":"xpath","value":"//span[text()='Error']"}
COMMAND: POST /session/c5b1ef57caa26d27c0af8f03bb65535b/element - {"using":"xpath","value":"//button[@data-kt=\"addButton\"]"}
RESULT: {"using":"xpath","value":"//button[@data-kt=\"addButton\"]"}
COMMAND: POST /session/c5b1ef57caa26d27c0af8f03bb65535b/elements - {"using":"xpath","value":"//button[@data-kt=\"addButton\"]"}
RESULT: {"using":"xpath","value":"//button[@data-kt=\"addButton\"]"}
COMMAND: POST /session/c5b1ef57caa26d27c0af8f03bb65535b/execute/sync - {"script":"<script> [8489 bytes]","args":[{"element-6066-11e4-a52e-4f735466cecf":"f.FCC204B58DEBB53E51F41DDFA2FB85CF.d.03DAF915413A333170576C10F6802C0B.e.1063","ELEMENT":"f.FCC204B58DEBB53E51F41DDFA2FB85CF.d.03DAF915413A333170576C10F6802C0B.e.1063"}]}
RESULT: {"script":"<script> [8489 bytes]","args":[{"element-6066-11e4-a52e-4f735466cecf":"f.FCC204B58DEBB53E51F41DDFA2FB85CF.d.03DAF915413A333170576C10F6802C0B.e.1063","ELEMENT":"f.FCC204B58DEBB53E51F41DDFA2FB85CF.d.03DAF915413A333170576C10F6802C0B.e.1063"}]}
COMMAND: GET /session/c5b1ef57caa26d27c0af8f03bb65535b/element/f.FCC204B58DEBB53E51F41DDFA2FB85CF.d.03DAF915413A333170576C10F6802C0B.e.1063/enabled - {}
COMMAND: GET /session/c5b1ef57caa26d27c0af8f03bb65535b/screenshot - {}
RESULT: {}
COMMAND: POST /session/c5b1ef57caa26d27c0af8f03bb65535b/execute/sync - {"script":"<script> [8489 bytes]","args":[{"element-6066-11e4-a52e-4f735466cecf":"f.FCC204B58DEBB53E51F41DDFA2FB85CF.d.03DAF915413A333170576C10F6802C0B.e.1063","ELEMENT":"f.FCC204B58DEBB53E51F41DDFA2FB85CF.d.03DAF915413A333170576C10F6802C0B.e.1063"}]}
COMMAND: GET /session/c5b1ef57caa26d27c0af8f03bb65535b/screenshot - {}
RESULT: {}
RESULT: {"script":"<script> [8489 bytes]","args":[{"element-6066-11e4-a52e-4f735466cecf":"f.FCC204B58DEBB53E51F41DDFA2FB85CF.d.03DAF915413A333170576C10F6802C0B.e.1063","ELEMENT":"f.FCC204B58DEBB53E51F41DDFA2FB85CF.d.03DAF915413A333170576C10F6802C0B.e.1063"}]}
COMMAND: POST /session/c5b1ef57caa26d27c0af8f03bb65535b/execute/sync - {"script":"<script> [5351 bytes]","args":[{"element-6066-11e4-a52e-4f735466cecf":"f.FCC204B58DEBB53E51F41DDFA2FB85CF.d.03DAF915413A333170576C10F6802C0B.e.1063","ELEMENT":"f.FCC204B58DEBB53E51F41DDFA2FB85CF.d.03DAF915413A333170576C10F6802C0B.e.1063"}]}
COMMAND: GET /session/c5b1ef57caa26d27c0af8f03bb65535b/screenshot - {}
RESULT: {}
RESULT: {"script":"<script> [5351 bytes]","args":[{"element-6066-11e4-a52e-4f735466cecf":"f.FCC204B58DEBB53E51F41DDFA2FB85CF.d.03DAF915413A333170576C10F6802C0B.e.1063","ELEMENT":"f.FCC204B58DEBB53E51F41DDFA2FB85CF.d.03DAF915413A333170576C10F6802C0B.e.1063"}]}
COMMAND: POST /session/c5b1ef57caa26d27c0af8f03bb65535b/element/f.FCC204B58DEBB53E51F41DDFA2FB85CF.d.03DAF915413A333170576C10F6802C0B.e.1063/click - {}
COMMAND: GET /session/c5b1ef57caa26d27c0af8f03bb65535b/screenshot - {}
RESULT: {}
RESULT: {}
COMMAND: GET /session/c5b1ef57caa26d27c0af8f03bb65535b/screenshot - {}
COMMAND: POST /session/c5b1ef57caa26d27c0af8f03bb65535b/execute/async - {"script":"<script> [1562 bytes]","args":[{"selector":{"id":"application-managepartners-display-component---NewPartner--addressDetailDetailsName1","interaction":{"idSuffix":"inner"}},"wdio_ui5_key":"applicationmanagepartners-display-component---NewPartner--addressDetailDetailsName1"}]}
RESULT: {}
RESULT: {}
RESULT: {"script":"<script> [1562 bytes]","args":[{"selector":{"id":"application-managepartners-display-component---NewPartner--addressDetailDetailsName1","interaction":{"idSuffix":"inner"}},"wdio_ui5_key":"applicationmanagepartners-display-component---NewPartner--addressDetailDetailsName1"}]}
RESULT: undefined
COMMAND: POST /session/c5b1ef57caa26d27c0af8f03bb65535b/execute/async - {"script":"<script> [776 bytes]","args":[{"enterText":"External Partner WDIO","selector":{"id":"application-managepartners-display-component---NewPartner--addressDetailDetailsName1","interaction":{"idSuffix":"inner"}},"clearTextFirst":true,"interactionType":"ENTER_TEXT"}]}
RESULT: {"script":"<script> [776 bytes]","args":[{"enterText":"External Partner WDIO","selector":{"id":"application-managepartners-display-component---NewPartner--addressDetailDetailsName1","interaction":{"idSuffix":"inner"}},"clearTextFirst":true,"interactionType":"ENTER_TEXT"}]}
COMMAND: POST /session/c5b1ef57caa26d27c0af8f03bb65535b/execute/async - {"script":"<script> [1562 bytes]","args":[{"selector":{"id":"application-managepartners-display-component---NewPartner--addressDetailDetailsLanguage-arrow"},"wdio_ui5_key":"applicationmanagepartners-display-component---NewPartner--addressDetailDetailsLanguage-arrow"}]}
RESULT: {"script":"<script> [1562 bytes]","args":[{"selector":{"id":"application-managepartners-display-component---NewPartner--addressDetailDetailsLanguage-arrow"},"wdio_ui5_key":"applicationmanagepartners-display-component---NewPartner--addressDetailDetailsLanguage-arrow"}]}
RESULT: undefined
COMMAND: POST /session/c5b1ef57caa26d27c0af8f03bb65535b/element - {"using":"xpath","value":"//*[@id=\"application-managepartners-display-component---NewPartner--addressDetailDetailsLanguage-arrow\"]"}
RESULT: {"using":"xpath","value":"//*[@id=\"application-managepartners-display-component---NewPartner--addressDetailDetailsLanguage-arrow\"]"}
COMMAND: POST /session/c5b1ef57caa26d27c0af8f03bb65535b/element/f.FCC204B58DEBB53E51F41DDFA2FB85CF.d.03DAF915413A333170576C10F6802C0B.e.1501/click - {}
RESULT: {}
COMMAND: POST /session/c5b1ef57caa26d27c0af8f03bb65535b/element - {"using":"xpath","value":"//span[contains(text(), \"English\")]"}
COMMAND: GET /session/c5b1ef57caa26d27c0af8f03bb65535b/screenshot - {}
RESULT: {"using":"xpath","value":"//span[contains(text(), \"English\")]"}
COMMAND: POST /session/c5b1ef57caa26d27c0af8f03bb65535b/element/f.FCC204B58DEBB53E51F41DDFA2FB85CF.d.03DAF915413A333170576C10F6802C0B.e.1502/click - {}
RESULT: {}
RESULT: {}
COMMAND: GET /session/c5b1ef57caa26d27c0af8f03bb65535b/screenshot - {}
RESULT: {}
COMMAND: POST /session/c5b1ef57caa26d27c0af8f03bb65535b/execute/async - {"script":"<script> [1562 bytes]","args":[{"selector":{"id":"application-managepartners-display-component---NewPartner--addressDetailDetailsCity1","interaction":{"idSuffix":"inner"}},"wdio_ui5_key":"applicationmanagepartners-display-component---NewPartner--addressDetailDetailsCity1"}]}
RESULT: {"script":"<script> [1562 bytes]","args":[{"selector":{"id":"application-managepartners-display-component---NewPartner--addressDetailDetailsCity1","interaction":{"idSuffix":"inner"}},"wdio_ui5_key":"applicationmanagepartners-display-component---NewPartner--addressDetailDetailsCity1"}]}
RESULT: undefined
COMMAND: POST /session/c5b1ef57caa26d27c0af8f03bb65535b/execute/async - {"script":"<script> [776 bytes]","args":[{"enterText":"Rosario","selector":{"id":"application-managepartners-display-component---NewPartner--addressDetailDetailsCity1","interaction":{"idSuffix":"inner"}},"clearTextFirst":true,"interactionType":"ENTER_TEXT"}]}
RESULT: {"script":"<script> [776 bytes]","args":[{"enterText":"Rosario","selector":{"id":"application-managepartners-display-component---NewPartner--addressDetailDetailsCity1","interaction":{"idSuffix":"inner"}},"clearTextFirst":true,"interactionType":"ENTER_TEXT"}]}
COMMAND: POST /session/c5b1ef57caa26d27c0af8f03bb65535b/execute/async - {"script":"<script> [1562 bytes]","args":[{"selector":{"id":"application-managepartners-display-component---NewPartner--addressDetailDetailsCountry-arrow"},"wdio_ui5_key":"applicationmanagepartners-display-component---NewPartner--addressDetailDetailsCountry-arrow"}]}
RESULT: {"script":"<script> [1562 bytes]","args":[{"selector":{"id":"application-managepartners-display-component---NewPartner--addressDetailDetailsCountry-arrow"},"wdio_ui5_key":"applicationmanagepartners-display-component---NewPartner--addressDetailDetailsCountry-arrow"}]}
RESULT: undefined
COMMAND: POST /session/c5b1ef57caa26d27c0af8f03bb65535b/element - {"using":"xpath","value":"//*[@id=\"application-managepartners-display-component---NewPartner--addressDetailDetailsCountry-arrow\"]"}
RESULT: {"using":"xpath","value":"//*[@id=\"application-managepartners-display-component---NewPartner--addressDetailDetailsCountry-arrow\"]"}
COMMAND: POST /session/c5b1ef57caa26d27c0af8f03bb65535b/element/f.FCC204B58DEBB53E51F41DDFA2FB85CF.d.03DAF915413A333170576C10F6802C0B.e.1482/click - {}
RESULT: {}
COMMAND: POST /session/c5b1ef57caa26d27c0af8f03bb65535b/element - {"using":"xpath","value":"//span[contains(text(), \"Argentina\")]"}
COMMAND: GET /session/c5b1ef57caa26d27c0af8f03bb65535b/screenshot - {}
RESULT: {"using":"xpath","value":"//span[contains(text(), \"Argentina\")]"}
COMMAND: POST /session/c5b1ef57caa26d27c0af8f03bb65535b/element/f.FCC204B58DEBB53E51F41DDFA2FB85CF.d.03DAF915413A333170576C10F6802C0B.e.1504/click - {}
RESULT: {}
RESULT: {}
COMMAND: GET /session/c5b1ef57caa26d27c0af8f03bb65535b/screenshot - {}
RESULT: {}
COMMAND: POST /session/c5b1ef57caa26d27c0af8f03bb65535b/element - {"using":"xpath","value":"//bdi[contains(text(), \"Commercial\")]"}
RESULT: {"using":"xpath","value":"//bdi[contains(text(), \"Commercial\")]"}
COMMAND: POST /session/c5b1ef57caa26d27c0af8f03bb65535b/element/f.FCC204B58DEBB53E51F41DDFA2FB85CF.d.03DAF915413A333170576C10F6802C0B.e.1505/click - {}
RESULT: {}
COMMAND: GET /session/c5b1ef57caa26d27c0af8f03bb65535b/screenshot - {}
RESULT: {}
COMMAND: POST /session/c5b1ef57caa26d27c0af8f03bb65535b/execute/async - {"script":"<script> [1562 bytes]","args":[{"selector":{"id":"application-managepartners-display-component---NewPartner--partnerDetailInternal-arrow"},"wdio_ui5_key":"applicationmanagepartners-display-component---NewPartner--partnerDetailInternal-arrow"}]}
RESULT: {"script":"<script> [1562 bytes]","args":[{"selector":{"id":"application-managepartners-display-component---NewPartner--partnerDetailInternal-arrow"},"wdio_ui5_key":"applicationmanagepartners-display-component---NewPartner--partnerDetailInternal-arrow"}]}
RESULT: undefined
COMMAND: POST /session/c5b1ef57caa26d27c0af8f03bb65535b/element - {"using":"xpath","value":"//*[@id=\"application-managepartners-display-component---NewPartner--partnerDetailInternal-arrow\"]"}
RESULT: {"using":"xpath","value":"//*[@id=\"application-managepartners-display-component---NewPartner--partnerDetailInternal-arrow\"]"}
COMMAND: POST /session/c5b1ef57caa26d27c0af8f03bb65535b/element/f.FCC204B58DEBB53E51F41DDFA2FB85CF.d.03DAF915413A333170576C10F6802C0B.e.1511/click - {}
RESULT: {}
COMMAND: POST /session/c5b1ef57caa26d27c0af8f03bb65535b/element - {"using":"xpath","value":"//span[contains(text(), \"External partner\")]"}
COMMAND: GET /session/c5b1ef57caa26d27c0af8f03bb65535b/screenshot - {}
RESULT: {"using":"xpath","value":"//span[contains(text(), \"External partner\")]"}
COMMAND: POST /session/c5b1ef57caa26d27c0af8f03bb65535b/element/f.FCC204B58DEBB53E51F41DDFA2FB85CF.d.03DAF915413A333170576C10F6802C0B.e.1513/click - {}
RESULT: {}
RESULT: {}
COMMAND: POST /session/c5b1ef57caa26d27c0af8f03bb65535b/execute/async - {"script":"<script> [1562 bytes]","args":[{"selector":{"id":"application-managepartners-display-component---NewPartner--partnerDetailsCurrency-arrow"},"wdio_ui5_key":"applicationmanagepartners-display-component---NewPartner--partnerDetailsCurrency-arrow"}]}
COMMAND: GET /session/c5b1ef57caa26d27c0af8f03bb65535b/screenshot - {}
RESULT: {"script":"<script> [1562 bytes]","args":[{"selector":{"id":"application-managepartners-display-component---NewPartner--partnerDetailsCurrency-arrow"},"wdio_ui5_key":"applicationmanagepartners-display-component---NewPartner--partnerDetailsCurrency-arrow"}]}
RESULT: undefined
COMMAND: POST /session/c5b1ef57caa26d27c0af8f03bb65535b/element - {"using":"xpath","value":"//*[@id=\"application-managepartners-display-component---NewPartner--partnerDetailsCurrency-arrow\"]"}
RESULT: {}
RESULT: {"using":"xpath","value":"//*[@id=\"application-managepartners-display-component---NewPartner--partnerDetailsCurrency-arrow\"]"}
COMMAND: POST /session/c5b1ef57caa26d27c0af8f03bb65535b/element/f.FCC204B58DEBB53E51F41DDFA2FB85CF.d.03DAF915413A333170576C10F6802C0B.e.1518/click - {}
RESULT: {}
COMMAND: POST /session/c5b1ef57caa26d27c0af8f03bb65535b/element - {"using":"xpath","value":"//span[contains(text(), \"US Dollar\")]"}
COMMAND: GET /session/c5b1ef57caa26d27c0af8f03bb65535b/screenshot - {}
RESULT: {"using":"xpath","value":"//span[contains(text(), \"US Dollar\")]"}
COMMAND: POST /session/c5b1ef57caa26d27c0af8f03bb65535b/element/f.FCC204B58DEBB53E51F41DDFA2FB85CF.d.03DAF915413A333170576C10F6802C0B.e.1519/click - {}
RESULT: {}
RESULT: {}
COMMAND: GET /session/c5b1ef57caa26d27c0af8f03bb65535b/screenshot - {}
RESULT: {}
COMMAND: POST /session/c5b1ef57caa26d27c0af8f03bb65535b/element - {"using":"xpath","value":"//input[@id=\"application-managepartners-display-component---NewPartner--companyCodeComboBox-inner\"]"}
RESULT: {"using":"xpath","value":"//input[@id=\"application-managepartners-display-component---NewPartner--companyCodeComboBox-inner\"]"}
COMMAND: POST /session/c5b1ef57caa26d27c0af8f03bb65535b/element/f.FCC204B58DEBB53E51F41DDFA2FB85CF.d.03DAF915413A333170576C10F6802C0B.e.1365/clear - {}
RESULT: {}
COMMAND: POST /session/c5b1ef57caa26d27c0af8f03bb65535b/element/f.FCC204B58DEBB53E51F41DDFA2FB85CF.d.03DAF915413A333170576C10F6802C0B.e.1365/value - {"text":"C002"}
COMMAND: GET /session/c5b1ef57caa26d27c0af8f03bb65535b/screenshot - {}
RESULT: {"text":"C002"}
COMMAND: GET /session/c5b1ef57caa26d27c0af8f03bb65535b/screenshot - {}
RESULT: {}
RESULT: {}
COMMAND: POST /session/c5b1ef57caa26d27c0af8f03bb65535b/element - {"using":"xpath","value":"//li[.//span[text()= \"C002\"]]"}
RESULT: {"using":"xpath","value":"//li[.//span[text()= \"C002\"]]"}
COMMAND: POST /session/c5b1ef57caa26d27c0af8f03bb65535b/element/f.FCC204B58DEBB53E51F41DDFA2FB85CF.d.03DAF915413A333170576C10F6802C0B.e.1523/click - {}
RESULT: {}
COMMAND: GET /session/c5b1ef57caa26d27c0af8f03bb65535b/screenshot - {}
RESULT: {}
COMMAND: POST /session/c5b1ef57caa26d27c0af8f03bb65535b/execute/async - {"script":"<script> [1562 bytes]","args":[{"selector":{"controlType":"sap.ui.core.Icon","viewName":"etm.portal.ui.managepartners.view.NewPartner","viewId":"application-managepartners-display-component---NewPartner","properties":{"src":{"regex":{"source":"slim\\-arrow\\-down"}}},"ancestor":{"controlType":"sap.m.ComboBox","viewName":"etm.portal.ui.managepartners.view.NewPartner","viewId":"application-managepartners-display-component---NewPartner","bindingPath":{"path":"","propertyPath":"/CATALOG","modelName":"oNewPartnerModel"}}},"wdio_ui5_key":"etmportal.ui.managepartners.view.NewPartnersap.ui.core.Icon{\"src\":{\"regex\":{\"source\":\"slim\\\\-arrow\\\\-down\"}}}{\"controlType\":\"sap.m.ComboBox\",\"viewName\":\"etm.portal.ui.managepartners.view.NewPartner\",\"viewId\":\"application-managepartners-display-component---NewPartner\",\"bindingPath\":{\"path\":\"\",\"propertyPath\":\"/CATALOG\",\"modelName\":\"oNewPartnerModel\"}}"}]}
RESULT: {"script":"<script> [1562 bytes]","args":[{"selector":{"controlType":"sap.ui.core.Icon","viewName":"etm.portal.ui.managepartners.view.NewPartner","viewId":"application-managepartners-display-component---NewPartner","properties":{"src":{"regex":{"source":"slim\\-arrow\\-down"}}},"ancestor":{"controlType":"sap.m.ComboBox","viewName":"etm.portal.ui.managepartners.view.NewPartner","viewId":"application-managepartners-display-component---NewPartner","bindingPath":{"path":"","propertyPath":"/CATALOG","modelName":"oNewPartnerModel"}}},"wdio_ui5_key":"etmportal.ui.managepartners.view.NewPartnersap.ui.core.Icon{\"src\":{\"regex\":{\"source\":\"slim\\\\-arrow\\\\-down\"}}}{\"controlType\":\"sap.m.ComboBox\",\"viewName\":\"etm.portal.ui.managepartners.view.NewPartner\",\"viewId\":\"application-managepartners-display-component---NewPartner\",\"bindingPath\":{\"path\":\"\",\"propertyPath\":\"/CATALOG\",\"modelName\":\"oNewPartnerModel\"}}"}]}
RESULT: undefined
COMMAND: POST /session/c5b1ef57caa26d27c0af8f03bb65535b/element - {"using":"xpath","value":"//*[@id=\"__box22-arrow\"]"}
RESULT: {"using":"xpath","value":"//*[@id=\"__box22-arrow\"]"}
COMMAND: POST /session/c5b1ef57caa26d27c0af8f03bb65535b/element/f.FCC204B58DEBB53E51F41DDFA2FB85CF.d.03DAF915413A333170576C10F6802C0B.e.1483/click - {}
RESULT: {}
COMMAND: GET /session/c5b1ef57caa26d27c0af8f03bb65535b/screenshot - {}
RESULT: {}
COMMAND: POST /session/c5b1ef57caa26d27c0af8f03bb65535b/element - {"using":"xpath","value":"//ul[contains(@id,\"popup-list-listUl\")]//li[.//span[text()= \"Webshop Catalog\"]]"}
RESULT: {"using":"xpath","value":"//ul[contains(@id,\"popup-list-listUl\")]//li[.//span[text()= \"Webshop Catalog\"]]"}
COMMAND: POST /session/c5b1ef57caa26d27c0af8f03bb65535b/element/f.FCC204B58DEBB53E51F41DDFA2FB85CF.d.03DAF915413A333170576C10F6802C0B.e.1525/click - {}
RESULT: {}
COMMAND: GET /session/c5b1ef57caa26d27c0af8f03bb65535b/screenshot - {}
RESULT: {}
COMMAND: POST /session/c5b1ef57caa26d27c0af8f03bb65535b/execute/async - {"script":"<script> [1562 bytes]","args":[{"selector":{"id":"application-managepartners-display-component---NewPartner--btnAddTableRow-img"},"wdio_ui5_key":"applicationmanagepartners-display-component---NewPartner--btnAddTableRow-img"}]}
RESULT: {"script":"<script> [1562 bytes]","args":[{"selector":{"id":"application-managepartners-display-component---NewPartner--btnAddTableRow-img"},"wdio_ui5_key":"applicationmanagepartners-display-component---NewPartner--btnAddTableRow-img"}]}
RESULT: undefined
COMMAND: POST /session/c5b1ef57caa26d27c0af8f03bb65535b/element - {"using":"xpath","value":"//*[@id=\"application-managepartners-display-component---NewPartner--btnAddTableRow-img\"]"}
RESULT: {"using":"xpath","value":"//*[@id=\"application-managepartners-display-component---NewPartner--btnAddTableRow-img\"]"}
COMMAND: POST /session/c5b1ef57caa26d27c0af8f03bb65535b/element/f.FCC204B58DEBB53E51F41DDFA2FB85CF.d.03DAF915413A333170576C10F6802C0B.e.1526/click - {}
RESULT: {}
COMMAND: GET /session/c5b1ef57caa26d27c0af8f03bb65535b/screenshot - {}
RESULT: {}
COMMAND: POST /session/c5b1ef57caa26d27c0af8f03bb65535b/element - {"using":"xpath","value":"//input[@id=\"application-managepartners-display-component---NewPartner--assignmentYard-application-managepartners-display-component---NewPartner--assignmentsTable-0-inner\"]"}
RESULT: {"using":"xpath","value":"//input[@id=\"application-managepartners-display-component---NewPartner--assignmentYard-application-managepartners-display-component---NewPartner--assignmentsTable-0-inner\"]"}
COMMAND: POST /session/c5b1ef57caa26d27c0af8f03bb65535b/element/f.FCC204B58DEBB53E51F41DDFA2FB85CF.d.03DAF915413A333170576C10F6802C0B.e.1529/clear - {}
RESULT: {}
COMMAND: POST /session/c5b1ef57caa26d27c0af8f03bb65535b/element/f.FCC204B58DEBB53E51F41DDFA2FB85CF.d.03DAF915413A333170576C10F6802C0B.e.1529/value - {"text":"665"}
COMMAND: GET /session/c5b1ef57caa26d27c0af8f03bb65535b/screenshot - {}
RESULT: {"text":"665"}
COMMAND: GET /session/c5b1ef57caa26d27c0af8f03bb65535b/screenshot - {}
RESULT: {}
RESULT: {}
COMMAND: POST /session/c5b1ef57caa26d27c0af8f03bb65535b/element - {"using":"xpath","value":"//li[.//span[text()='665']]"}
RESULT: {"using":"xpath","value":"//li[.//span[text()='665']]"}
COMMAND: POST /session/c5b1ef57caa26d27c0af8f03bb65535b/element/f.FCC204B58DEBB53E51F41DDFA2FB85CF.d.03DAF915413A333170576C10F6802C0B.e.1537/click - {}
RESULT: {}
COMMAND: GET /session/c5b1ef57caa26d27c0af8f03bb65535b/screenshot - {}
RESULT: {}
COMMAND: POST /session/c5b1ef57caa26d27c0af8f03bb65535b/actions - {"actions":[{"id":"action2","type":"key","parameters":{},"actions":[{"type":"keyDown","value":"î€‡"},{"type":"pause","duration":10},{"type":"keyUp","value":"î€‡"}]}]}
RESULT: {"actions":[{"id":"action2","type":"key","parameters":{},"actions":[{"type":"keyDown","value":"î€‡"},{"type":"pause","duration":10},{"type":"keyUp","value":"î€‡"}]}]}
COMMAND: POST /session/c5b1ef57caa26d27c0af8f03bb65535b/element - {"using":"xpath","value":"//td[contains(@id, \"assignmentsTable-0-cell2\")]/div/div"}
COMMAND: GET /session/c5b1ef57caa26d27c0af8f03bb65535b/screenshot - {}
RESULT: {"using":"xpath","value":"//td[contains(@id, \"assignmentsTable-0-cell2\")]/div/div"}
COMMAND: POST /session/c5b1ef57caa26d27c0af8f03bb65535b/element/f.FCC204B58DEBB53E51F41DDFA2FB85CF.d.03DAF915413A333170576C10F6802C0B.e.1540/click - {}
RESULT: {}
RESULT: {}
COMMAND: GET /session/c5b1ef57caa26d27c0af8f03bb65535b/screenshot - {}
RESULT: {}
COMMAND: POST /session/c5b1ef57caa26d27c0af8f03bb65535b/element - {"using":"xpath","value":"//button[@data-kt=\"saveButton\"]"}
RESULT: {"using":"xpath","value":"//button[@data-kt=\"saveButton\"]"}
COMMAND: POST /session/c5b1ef57caa26d27c0af8f03bb65535b/element/f.FCC204B58DEBB53E51F41DDFA2FB85CF.d.03DAF915413A333170576C10F6802C0B.e.1484/click - {}
RESULT: {}
COMMAND: GET /session/c5b1ef57caa26d27c0af8f03bb65535b/screenshot - {}
RESULT: {}
COMMAND: POST /session/c5b1ef57caa26d27c0af8f03bb65535b/element - {"using":"xpath","value":"//header[contains(@id, 'ObjectPageLayout-headerTitle')]/div[1]/div[2]/div[2]/span[1]"}
RESULT: {"using":"xpath","value":"//header[contains(@id, 'ObjectPageLayout-headerTitle')]/div[1]/div[2]/div[2]/span[1]"}
COMMAND: POST /session/c5b1ef57caa26d27c0af8f03bb65535b/elements - {"using":"xpath","value":"//header[contains(@id, 'ObjectPageLayout-headerTitle')]/div[1]/div[2]/div[2]/span[1]"}
RESULT: {"using":"xpath","value":"//header[contains(@id, 'ObjectPageLayout-headerTitle')]/div[1]/div[2]/div[2]/span[1]"}
COMMAND: POST /session/c5b1ef57caa26d27c0af8f03bb65535b/execute/sync - {"script":"<script> [56 bytes]","args":[{"element-6066-11e4-a52e-4f735466cecf":"f.FCC204B58DEBB53E51F41DDFA2FB85CF.d.03DAF915413A333170576C10F6802C0B.e.1703","ELEMENT":"f.FCC204B58DEBB53E51F41DDFA2FB85CF.d.03DAF915413A333170576C10F6802C0B.e.1703"}]}
RESULT: {"script":"<script> [56 bytes]","args":[{"element-6066-11e4-a52e-4f735466cecf":"f.FCC204B58DEBB53E51F41DDFA2FB85CF.d.03DAF915413A333170576C10F6802C0B.e.1703","ELEMENT":"f.FCC204B58DEBB53E51F41DDFA2FB85CF.d.03DAF915413A333170576C10F6802C0B.e.1703"}]}
COMMAND: POST /session/c5b1ef57caa26d27c0af8f03bb65535b/element - {"using":"css selector","value":"#shell-header-logo"}
COMMAND: GET /session/c5b1ef57caa26d27c0af8f03bb65535b/screenshot - {}
RESULT: {"using":"css selector","value":"#shell-header-logo"}
COMMAND: POST /session/c5b1ef57caa26d27c0af8f03bb65535b/element/f.FCC204B58DEBB53E51F41DDFA2FB85CF.d.03DAF915413A333170576C10F6802C0B.e.1018/click - {}
RESULT: {}
RESULT: {}
COMMAND: GET /session/c5b1ef57caa26d27c0af8f03bb65535b/screenshot - {}
RESULT: {}
COMMAND: POST /session/c5b1ef57caa26d27c0af8f03bb65535b/execute/sync - {"script":"<script> [299 bytes]","args":[["getModel","getResource"]]}
RESULT: {"script":"<script> [299 bytes]","args":[["getModel","getResource"]]}
COMMAND: GET /session/c5b1ef57caa26d27c0af8f03bb65535b/screenshot - {}
]]></system-out>
    </testcase>
    <testcase classname="chrome.137_0_7151_56.windows.Partner_specific_tests_US150819_US151080_US151654_US151176_US103444_US151078_US151079_US151109_US151174_US151175_US151189" name="Should filter and search partners US151080" time="103.653">
      <system-out><![CDATA[
COMMAND: POST /session/c5b1ef57caa26d27c0af8f03bb65535b/element - {"using":"xpath","value":"//li[.//span[text()=\"Manage Partners\"]]"}
RESULT: {}
RESULT: {"using":"xpath","value":"//li[.//span[text()=\"Manage Partners\"]]"}
COMMAND: POST /session/c5b1ef57caa26d27c0af8f03bb65535b/element - {"using":"xpath","value":"//li[.//span[text()=\"Manage Partners\"]]"}
RESULT: {"using":"xpath","value":"//li[.//span[text()=\"Manage Partners\"]]"}
COMMAND: POST /session/c5b1ef57caa26d27c0af8f03bb65535b/element - {"using":"css selector","value":"#shell-header-logo"}
RESULT: {"using":"css selector","value":"#shell-header-logo"}
COMMAND: POST /session/c5b1ef57caa26d27c0af8f03bb65535b/element/f.FCC204B58DEBB53E51F41DDFA2FB85CF.d.03DAF915413A333170576C10F6802C0B.e.1705/click - {}
COMMAND: POST /session/c5b1ef57caa26d27c0af8f03bb65535b/execute/sync - {"script":"<script> [8489 bytes]","args":[{"element-6066-11e4-a52e-4f735466cecf":"f.FCC204B58DEBB53E51F41DDFA2FB85CF.d.03DAF915413A333170576C10F6802C0B.e.1705","ELEMENT":"f.FCC204B58DEBB53E51F41DDFA2FB85CF.d.03DAF915413A333170576C10F6802C0B.e.1705"}]}
RESULT: {"script":"<script> [8489 bytes]","args":[{"element-6066-11e4-a52e-4f735466cecf":"f.FCC204B58DEBB53E51F41DDFA2FB85CF.d.03DAF915413A333170576C10F6802C0B.e.1705","ELEMENT":"f.FCC204B58DEBB53E51F41DDFA2FB85CF.d.03DAF915413A333170576C10F6802C0B.e.1705"}]}
COMMAND: POST /session/c5b1ef57caa26d27c0af8f03bb65535b/execute/sync - {"script":"<script> [5351 bytes]","args":[{"element-6066-11e4-a52e-4f735466cecf":"f.FCC204B58DEBB53E51F41DDFA2FB85CF.d.03DAF915413A333170576C10F6802C0B.e.1705","ELEMENT":"f.FCC204B58DEBB53E51F41DDFA2FB85CF.d.03DAF915413A333170576C10F6802C0B.e.1705"}]}
COMMAND: GET /session/c5b1ef57caa26d27c0af8f03bb65535b/screenshot - {}
RESULT: {}
COMMAND: GET /session/c5b1ef57caa26d27c0af8f03bb65535b/screenshot - {}
RESULT: {"script":"<script> [5351 bytes]","args":[{"element-6066-11e4-a52e-4f735466cecf":"f.FCC204B58DEBB53E51F41DDFA2FB85CF.d.03DAF915413A333170576C10F6802C0B.e.1705","ELEMENT":"f.FCC204B58DEBB53E51F41DDFA2FB85CF.d.03DAF915413A333170576C10F6802C0B.e.1705"}]}
COMMAND: GET /session/c5b1ef57caa26d27c0af8f03bb65535b/screenshot - {}
RESULT: {}
RESULT: {}
RESULT: {}
RESULT: undefined
COMMAND: POST /session/c5b1ef57caa26d27c0af8f03bb65535b/element - {"using":"xpath","value":"//*[@id=\"__tile38\"]"}
RESULT: {"using":"xpath","value":"//*[@id=\"__tile38\"]"}
COMMAND: POST /session/c5b1ef57caa26d27c0af8f03bb65535b/element/f.FCC204B58DEBB53E51F41DDFA2FB85CF.d.03DAF915413A333170576C10F6802C0B.e.160/click - {}
RESULT: {}
COMMAND: GET /session/c5b1ef57caa26d27c0af8f03bb65535b/screenshot - {}
RESULT: {}
COMMAND: POST /session/c5b1ef57caa26d27c0af8f03bb65535b/elements - {"using":"xpath","value":"//span[text()='Error']"}
RESULT: {"using":"xpath","value":"//span[text()='Error']"}
COMMAND: POST /session/c5b1ef57caa26d27c0af8f03bb65535b/element - {"using":"xpath","value":"//button[@data-kt=\"addButton\"]"}
RESULT: {"using":"xpath","value":"//button[@data-kt=\"addButton\"]"}
COMMAND: POST /session/c5b1ef57caa26d27c0af8f03bb65535b/elements - {"using":"xpath","value":"//button[@data-kt=\"addButton\"]"}
RESULT: {"using":"xpath","value":"//button[@data-kt=\"addButton\"]"}
COMMAND: POST /session/c5b1ef57caa26d27c0af8f03bb65535b/execute/sync - {"script":"<script> [8489 bytes]","args":[{"element-6066-11e4-a52e-4f735466cecf":"f.FCC204B58DEBB53E51F41DDFA2FB85CF.d.03DAF915413A333170576C10F6802C0B.e.1750","ELEMENT":"f.FCC204B58DEBB53E51F41DDFA2FB85CF.d.03DAF915413A333170576C10F6802C0B.e.1750"}]}
RESULT: {"script":"<script> [8489 bytes]","args":[{"element-6066-11e4-a52e-4f735466cecf":"f.FCC204B58DEBB53E51F41DDFA2FB85CF.d.03DAF915413A333170576C10F6802C0B.e.1750","ELEMENT":"f.FCC204B58DEBB53E51F41DDFA2FB85CF.d.03DAF915413A333170576C10F6802C0B.e.1750"}]}
COMMAND: GET /session/c5b1ef57caa26d27c0af8f03bb65535b/element/f.FCC204B58DEBB53E51F41DDFA2FB85CF.d.03DAF915413A333170576C10F6802C0B.e.1750/enabled - {}
COMMAND: GET /session/c5b1ef57caa26d27c0af8f03bb65535b/screenshot - {}
RESULT: {}
COMMAND: POST /session/c5b1ef57caa26d27c0af8f03bb65535b/execute/sync - {"script":"<script> [8489 bytes]","args":[{"element-6066-11e4-a52e-4f735466cecf":"f.FCC204B58DEBB53E51F41DDFA2FB85CF.d.03DAF915413A333170576C10F6802C0B.e.1750","ELEMENT":"f.FCC204B58DEBB53E51F41DDFA2FB85CF.d.03DAF915413A333170576C10F6802C0B.e.1750"}]}
COMMAND: GET /session/c5b1ef57caa26d27c0af8f03bb65535b/screenshot - {}
RESULT: {}
RESULT: {"script":"<script> [8489 bytes]","args":[{"element-6066-11e4-a52e-4f735466cecf":"f.FCC204B58DEBB53E51F41DDFA2FB85CF.d.03DAF915413A333170576C10F6802C0B.e.1750","ELEMENT":"f.FCC204B58DEBB53E51F41DDFA2FB85CF.d.03DAF915413A333170576C10F6802C0B.e.1750"}]}
COMMAND: POST /session/c5b1ef57caa26d27c0af8f03bb65535b/execute/sync - {"script":"<script> [5351 bytes]","args":[{"element-6066-11e4-a52e-4f735466cecf":"f.FCC204B58DEBB53E51F41DDFA2FB85CF.d.03DAF915413A333170576C10F6802C0B.e.1750","ELEMENT":"f.FCC204B58DEBB53E51F41DDFA2FB85CF.d.03DAF915413A333170576C10F6802C0B.e.1750"}]}
COMMAND: GET /session/c5b1ef57caa26d27c0af8f03bb65535b/screenshot - {}
RESULT: {}
RESULT: {"script":"<script> [5351 bytes]","args":[{"element-6066-11e4-a52e-4f735466cecf":"f.FCC204B58DEBB53E51F41DDFA2FB85CF.d.03DAF915413A333170576C10F6802C0B.e.1750","ELEMENT":"f.FCC204B58DEBB53E51F41DDFA2FB85CF.d.03DAF915413A333170576C10F6802C0B.e.1750"}]}
COMMAND: GET /session/c5b1ef57caa26d27c0af8f03bb65535b/screenshot - {}
RESULT: {}
RESULT: {}
COMMAND: POST /session/c5b1ef57caa26d27c0af8f03bb65535b/execute/async - {"script":"<script> [1562 bytes]","args":[{"selector":{"id":"application-managepartners-display-component---masterPtm--smartTable-btnPersonalisation-img"},"wdio_ui5_key":"applicationmanagepartners-display-component---masterPtm--smartTable-btnPersonalisation-img"}]}
RESULT: {"script":"<script> [1562 bytes]","args":[{"selector":{"id":"application-managepartners-display-component---masterPtm--smartTable-btnPersonalisation-img"},"wdio_ui5_key":"applicationmanagepartners-display-component---masterPtm--smartTable-btnPersonalisation-img"}]}
RESULT: undefined
COMMAND: POST /session/c5b1ef57caa26d27c0af8f03bb65535b/element - {"using":"xpath","value":"//*[@id=\"application-managepartners-display-component---masterPtm--smartTable-btnPersonalisation-img\"]"}
RESULT: {"using":"xpath","value":"//*[@id=\"application-managepartners-display-component---masterPtm--smartTable-btnPersonalisation-img\"]"}
COMMAND: POST /session/c5b1ef57caa26d27c0af8f03bb65535b/element/f.FCC204B58DEBB53E51F41DDFA2FB85CF.d.03DAF915413A333170576C10F6802C0B.e.1755/click - {}
RESULT: {}
COMMAND: GET /session/c5b1ef57caa26d27c0af8f03bb65535b/screenshot - {}
RESULT: {}
COMMAND: POST /session/c5b1ef57caa26d27c0af8f03bb65535b/execute/async - {"script":"<script> [1562 bytes]","args":[{"selector":{"controlType":"sap.m.IconTabFilter","viewName":"etm.portal.ui.managepartners.view.Master","viewId":"application-managepartners-display-component---masterPtm","properties":{"text":"Sort"},"searchOpenDialogs":true,"interaction":{"idSuffix":"text"}},"wdio_ui5_key":"etmportal.ui.managepartners.view.Mastersap.m.IconTabFilter{\"text\":\"Sort\"}"}]}
RESULT: {"script":"<script> [1562 bytes]","args":[{"selector":{"controlType":"sap.m.IconTabFilter","viewName":"etm.portal.ui.managepartners.view.Master","viewId":"application-managepartners-display-component---masterPtm","properties":{"text":"Sort"},"searchOpenDialogs":true,"interaction":{"idSuffix":"text"}},"wdio_ui5_key":"etmportal.ui.managepartners.view.Mastersap.m.IconTabFilter{\"text\":\"Sort\"}"}]}
RESULT: undefined
COMMAND: POST /session/c5b1ef57caa26d27c0af8f03bb65535b/element - {"using":"xpath","value":"//*[@id=\"__filter1\"]"}
RESULT: {"using":"xpath","value":"//*[@id=\"__filter1\"]"}
COMMAND: POST /session/c5b1ef57caa26d27c0af8f03bb65535b/element/f.FCC204B58DEBB53E51F41DDFA2FB85CF.d.03DAF915413A333170576C10F6802C0B.e.1899/click - {}
RESULT: {}
COMMAND: GET /session/c5b1ef57caa26d27c0af8f03bb65535b/screenshot - {}
RESULT: {}
COMMAND: POST /session/c5b1ef57caa26d27c0af8f03bb65535b/element - {"using":"xpath","value":"//input[@placeholder=\"Sort by\"]/following-sibling::div//span"}
RESULT: {"using":"xpath","value":"//input[@placeholder=\"Sort by\"]/following-sibling::div//span"}
COMMAND: POST /session/c5b1ef57caa26d27c0af8f03bb65535b/element/f.FCC204B58DEBB53E51F41DDFA2FB85CF.d.03DAF915413A333170576C10F6802C0B.e.1901/click - {}
RESULT: {}
COMMAND: GET /session/c5b1ef57caa26d27c0af8f03bb65535b/screenshot - {}
RESULT: {}
COMMAND: POST /session/c5b1ef57caa26d27c0af8f03bb65535b/element - {"using":"xpath","value":"//li[.//span[text()=\"Language\"]]"}
RESULT: {"using":"xpath","value":"//li[.//span[text()=\"Language\"]]"}
COMMAND: POST /session/c5b1ef57caa26d27c0af8f03bb65535b/element/f.FCC204B58DEBB53E51F41DDFA2FB85CF.d.03DAF915413A333170576C10F6802C0B.e.1902/click - {}
RESULT: {}
COMMAND: GET /session/c5b1ef57caa26d27c0af8f03bb65535b/screenshot - {}
RESULT: {}
COMMAND: POST /session/c5b1ef57caa26d27c0af8f03bb65535b/element - {"using":"xpath","value":"//bdi[contains(text(), \"OK\")]"}
RESULT: {"using":"xpath","value":"//bdi[contains(text(), \"OK\")]"}
COMMAND: POST /session/c5b1ef57caa26d27c0af8f03bb65535b/element/f.FCC204B58DEBB53E51F41DDFA2FB85CF.d.03DAF915413A333170576C10F6802C0B.e.1906/click - {}
RESULT: {}
COMMAND: GET /session/c5b1ef57caa26d27c0af8f03bb65535b/screenshot - {}
RESULT: {}
COMMAND: POST /session/c5b1ef57caa26d27c0af8f03bb65535b/element - {"using":"xpath","value":"//table[contains(@id, \"customPartnersTable\")]//tbody/tr[1]/td[3]/span"}
RESULT: {"using":"xpath","value":"//table[contains(@id, \"customPartnersTable\")]//tbody/tr[1]/td[3]/span"}
COMMAND: POST /session/c5b1ef57caa26d27c0af8f03bb65535b/execute/sync - {"script":"<script> [56 bytes]","args":[{"element-6066-11e4-a52e-4f735466cecf":"f.FCC204B58DEBB53E51F41DDFA2FB85CF.d.03DAF915413A333170576C10F6802C0B.e.2016","ELEMENT":"f.FCC204B58DEBB53E51F41DDFA2FB85CF.d.03DAF915413A333170576C10F6802C0B.e.2016"}]}
RESULT: {"script":"<script> [56 bytes]","args":[{"element-6066-11e4-a52e-4f735466cecf":"f.FCC204B58DEBB53E51F41DDFA2FB85CF.d.03DAF915413A333170576C10F6802C0B.e.2016","ELEMENT":"f.FCC204B58DEBB53E51F41DDFA2FB85CF.d.03DAF915413A333170576C10F6802C0B.e.2016"}]}
RESULT: undefined
COMMAND: POST /session/c5b1ef57caa26d27c0af8f03bb65535b/element - {"using":"xpath","value":"//*[@id=\"application-managepartners-display-component---masterPtm--smartTable-btnPersonalisation-img\"]"}
COMMAND: GET /session/c5b1ef57caa26d27c0af8f03bb65535b/screenshot - {}
RESULT: {"using":"xpath","value":"//*[@id=\"application-managepartners-display-component---masterPtm--smartTable-btnPersonalisation-img\"]"}
COMMAND: POST /session/c5b1ef57caa26d27c0af8f03bb65535b/element/f.FCC204B58DEBB53E51F41DDFA2FB85CF.d.03DAF915413A333170576C10F6802C0B.e.1755/click - {}
RESULT: {}
RESULT: {}
COMMAND: GET /session/c5b1ef57caa26d27c0af8f03bb65535b/screenshot - {}
RESULT: {}
COMMAND: POST /session/c5b1ef57caa26d27c0af8f03bb65535b/element - {"using":"xpath","value":"//bdi[contains(text(), \"Reset\")]"}
RESULT: {"using":"xpath","value":"//bdi[contains(text(), \"Reset\")]"}
COMMAND: POST /session/c5b1ef57caa26d27c0af8f03bb65535b/element/f.FCC204B58DEBB53E51F41DDFA2FB85CF.d.03DAF915413A333170576C10F6802C0B.e.2020/click - {}
RESULT: {}
COMMAND: GET /session/c5b1ef57caa26d27c0af8f03bb65535b/screenshot - {}
RESULT: {}
COMMAND: POST /session/c5b1ef57caa26d27c0af8f03bb65535b/element - {"using":"xpath","value":"(//bdi[contains(text(), \"OK\")])[2]"}
RESULT: {"using":"xpath","value":"(//bdi[contains(text(), \"OK\")])[2]"}
COMMAND: POST /session/c5b1ef57caa26d27c0af8f03bb65535b/element/f.FCC204B58DEBB53E51F41DDFA2FB85CF.d.03DAF915413A333170576C10F6802C0B.e.2023/click - {}
RESULT: {}
COMMAND: GET /session/c5b1ef57caa26d27c0af8f03bb65535b/screenshot - {}
RESULT: {}
COMMAND: POST /session/c5b1ef57caa26d27c0af8f03bb65535b/element - {"using":"xpath","value":"//bdi[contains(text(), \"OK\")]"}
RESULT: {"using":"xpath","value":"//bdi[contains(text(), \"OK\")]"}
COMMAND: POST /session/c5b1ef57caa26d27c0af8f03bb65535b/element/f.FCC204B58DEBB53E51F41DDFA2FB85CF.d.03DAF915413A333170576C10F6802C0B.e.2072/click - {}
RESULT: {}
COMMAND: GET /session/c5b1ef57caa26d27c0af8f03bb65535b/screenshot - {}
RESULT: {}
COMMAND: POST /session/c5b1ef57caa26d27c0af8f03bb65535b/element - {"using":"xpath","value":"//table[contains(@id, \"customPartnersTable\")]//tbody/tr[1]/td[3]/span"}
RESULT: {"using":"xpath","value":"//table[contains(@id, \"customPartnersTable\")]//tbody/tr[1]/td[3]/span"}
COMMAND: POST /session/c5b1ef57caa26d27c0af8f03bb65535b/execute/sync - {"script":"<script> [56 bytes]","args":[{"element-6066-11e4-a52e-4f735466cecf":"f.FCC204B58DEBB53E51F41DDFA2FB85CF.d.03DAF915413A333170576C10F6802C0B.e.2074","ELEMENT":"f.FCC204B58DEBB53E51F41DDFA2FB85CF.d.03DAF915413A333170576C10F6802C0B.e.2074"}]}
RESULT: {"script":"<script> [56 bytes]","args":[{"element-6066-11e4-a52e-4f735466cecf":"f.FCC204B58DEBB53E51F41DDFA2FB85CF.d.03DAF915413A333170576C10F6802C0B.e.2074","ELEMENT":"f.FCC204B58DEBB53E51F41DDFA2FB85CF.d.03DAF915413A333170576C10F6802C0B.e.2074"}]}
RESULT: undefined
COMMAND: POST /session/c5b1ef57caa26d27c0af8f03bb65535b/element - {"using":"xpath","value":"//*[@id=\"application-managepartners-display-component---masterPtm--smartTable-btnPersonalisation-img\"]"}
COMMAND: GET /session/c5b1ef57caa26d27c0af8f03bb65535b/screenshot - {}
RESULT: {"using":"xpath","value":"//*[@id=\"application-managepartners-display-component---masterPtm--smartTable-btnPersonalisation-img\"]"}
COMMAND: POST /session/c5b1ef57caa26d27c0af8f03bb65535b/element/f.FCC204B58DEBB53E51F41DDFA2FB85CF.d.03DAF915413A333170576C10F6802C0B.e.1755/click - {}
RESULT: {}
RESULT: {}
COMMAND: GET /session/c5b1ef57caa26d27c0af8f03bb65535b/screenshot - {}
RESULT: {}
COMMAND: POST /session/c5b1ef57caa26d27c0af8f03bb65535b/execute/async - {"script":"<script> [1562 bytes]","args":[{"selector":{"controlType":"sap.m.IconTabFilter","viewName":"etm.portal.ui.managepartners.view.Master","viewId":"application-managepartners-display-component---masterPtm","properties":{"text":"Filter"},"searchOpenDialogs":true,"interaction":{"idSuffix":"text"}},"wdio_ui5_key":"etmportal.ui.managepartners.view.Mastersap.m.IconTabFilter{\"text\":\"Filter\"}"}]}
RESULT: {"script":"<script> [1562 bytes]","args":[{"selector":{"controlType":"sap.m.IconTabFilter","viewName":"etm.portal.ui.managepartners.view.Master","viewId":"application-managepartners-display-component---masterPtm","properties":{"text":"Filter"},"searchOpenDialogs":true,"interaction":{"idSuffix":"text"}},"wdio_ui5_key":"etmportal.ui.managepartners.view.Mastersap.m.IconTabFilter{\"text\":\"Filter\"}"}]}
RESULT: undefined
COMMAND: POST /session/c5b1ef57caa26d27c0af8f03bb65535b/element - {"using":"xpath","value":"//*[@id=\"__filter10\"]"}
RESULT: {"using":"xpath","value":"//*[@id=\"__filter10\"]"}
COMMAND: POST /session/c5b1ef57caa26d27c0af8f03bb65535b/element/f.FCC204B58DEBB53E51F41DDFA2FB85CF.d.03DAF915413A333170576C10F6802C0B.e.2079/click - {}
RESULT: {}
COMMAND: GET /session/c5b1ef57caa26d27c0af8f03bb65535b/screenshot - {}
RESULT: {}
COMMAND: POST /session/c5b1ef57caa26d27c0af8f03bb65535b/element - {"using":"xpath","value":"//input[@placeholder=\"Filter by\"]/following-sibling::div//span"}
RESULT: {"using":"xpath","value":"//input[@placeholder=\"Filter by\"]/following-sibling::div//span"}
COMMAND: POST /session/c5b1ef57caa26d27c0af8f03bb65535b/element/f.FCC204B58DEBB53E51F41DDFA2FB85CF.d.03DAF915413A333170576C10F6802C0B.e.2081/click - {}
RESULT: {}
COMMAND: GET /session/c5b1ef57caa26d27c0af8f03bb65535b/screenshot - {}
RESULT: {}
COMMAND: POST /session/c5b1ef57caa26d27c0af8f03bb65535b/element - {"using":"xpath","value":"//li[.//span[text()=\"Preferred Yard\"]]"}
RESULT: {"using":"xpath","value":"//li[.//span[text()=\"Preferred Yard\"]]"}
COMMAND: POST /session/c5b1ef57caa26d27c0af8f03bb65535b/element/f.FCC204B58DEBB53E51F41DDFA2FB85CF.d.03DAF915413A333170576C10F6802C0B.e.2082/click - {}
RESULT: {}
COMMAND: GET /session/c5b1ef57caa26d27c0af8f03bb65535b/screenshot - {}
RESULT: {}
COMMAND: POST /session/c5b1ef57caa26d27c0af8f03bb65535b/execute/async - {"script":"<script> [1562 bytes]","args":[{"selector":{"id":"FilterPanel-filterItemControl_BASIC-application-managepartners-display-component---masterPtm--smartTable-YARDYARD-vhi","searchOpenDialogs":true},"wdio_ui5_key":"FilterPanelfilterItemControl_BASIC-application-managepartners-display-component---masterPtm--smartTable-YARDYARD-vhi"}]}
RESULT: {"script":"<script> [1562 bytes]","args":[{"selector":{"id":"FilterPanel-filterItemControl_BASIC-application-managepartners-display-component---masterPtm--smartTable-YARDYARD-vhi","searchOpenDialogs":true},"wdio_ui5_key":"FilterPanelfilterItemControl_BASIC-application-managepartners-display-component---masterPtm--smartTable-YARDYARD-vhi"}]}
RESULT: undefined
COMMAND: POST /session/c5b1ef57caa26d27c0af8f03bb65535b/element - {"using":"xpath","value":"//*[@id=\"FilterPanel-filterItemControl_BASIC-application-managepartners-display-component---masterPtm--smartTable-YARDYARD-vhi\"]"}
RESULT: {"using":"xpath","value":"//*[@id=\"FilterPanel-filterItemControl_BASIC-application-managepartners-display-component---masterPtm--smartTable-YARDYARD-vhi\"]"}
COMMAND: POST /session/c5b1ef57caa26d27c0af8f03bb65535b/element/f.FCC204B58DEBB53E51F41DDFA2FB85CF.d.03DAF915413A333170576C10F6802C0B.e.2085/click - {}
RESULT: {}
COMMAND: GET /session/c5b1ef57caa26d27c0af8f03bb65535b/screenshot - {}
RESULT: {}
COMMAND: POST /session/c5b1ef57caa26d27c0af8f03bb65535b/execute/async - {"script":"<script> [1562 bytes]","args":[{"selector":{"id":"FilterPanel-filterItemControl_BASIC-application-managepartners-display-component---masterPtm--smartTable-YARDYARD-valueHelpDialog-smartFilterBar-btnBasicSearch","searchOpenDialogs":true,"interaction":{"idSuffix":"I"}},"wdio_ui5_key":"FilterPanelfilterItemControl_BASIC-application-managepartners-display-component---masterPtm--smartTable-YARDYARD-valueHelpDialog-smartFilterBar-btnBasicSearch"}]}
RESULT: {"script":"<script> [1562 bytes]","args":[{"selector":{"id":"FilterPanel-filterItemControl_BASIC-application-managepartners-display-component---masterPtm--smartTable-YARDYARD-valueHelpDialog-smartFilterBar-btnBasicSearch","searchOpenDialogs":true,"interaction":{"idSuffix":"I"}},"wdio_ui5_key":"FilterPanelfilterItemControl_BASIC-application-managepartners-display-component---masterPtm--smartTable-YARDYARD-valueHelpDialog-smartFilterBar-btnBasicSearch"}]}
RESULT: undefined
COMMAND: POST /session/c5b1ef57caa26d27c0af8f03bb65535b/execute/async - {"script":"<script> [776 bytes]","args":[{"enterText":"665","selector":{"id":"FilterPanel-filterItemControl_BASIC-application-managepartners-display-component---masterPtm--smartTable-YARDYARD-valueHelpDialog-smartFilterBar-btnBasicSearch","searchOpenDialogs":true,"interaction":{"idSuffix":"I"}},"clearTextFirst":true,"interactionType":"ENTER_TEXT"}]}
RESULT: {"script":"<script> [776 bytes]","args":[{"enterText":"665","selector":{"id":"FilterPanel-filterItemControl_BASIC-application-managepartners-display-component---masterPtm--smartTable-YARDYARD-valueHelpDialog-smartFilterBar-btnBasicSearch","searchOpenDialogs":true,"interaction":{"idSuffix":"I"}},"clearTextFirst":true,"interactionType":"ENTER_TEXT"}]}
COMMAND: POST /session/c5b1ef57caa26d27c0af8f03bb65535b/actions - {"actions":[{"id":"action3","type":"key","parameters":{},"actions":[{"type":"keyDown","value":"î€‡"},{"type":"pause","duration":10},{"type":"keyUp","value":"î€‡"}]}]}
RESULT: {"actions":[{"id":"action3","type":"key","parameters":{},"actions":[{"type":"keyDown","value":"î€‡"},{"type":"pause","duration":10},{"type":"keyUp","value":"î€‡"}]}]}
COMMAND: GET /session/c5b1ef57caa26d27c0af8f03bb65535b/screenshot - {}
RESULT: {}
COMMAND: POST /session/c5b1ef57caa26d27c0af8f03bb65535b/elements - {"using":"xpath","value":"//table[contains(@id, \"smartTable-YARDYARD-valueHelpDialog-table-table\")]/tbody/tr"}
RESULT: {"using":"xpath","value":"//table[contains(@id, \"smartTable-YARDYARD-valueHelpDialog-table-table\")]/tbody/tr"}
COMMAND: POST /session/c5b1ef57caa26d27c0af8f03bb65535b/element - {"using":"xpath","value":"//table[contains(@id, \"smartTable-YARDYARD-valueHelpDialog-table-table\")]/tbody/tr[1]/td[1]/div/span"}
RESULT: {"using":"xpath","value":"//table[contains(@id, \"smartTable-YARDYARD-valueHelpDialog-table-table\")]/tbody/tr[1]/td[1]/div/span"}
COMMAND: POST /session/c5b1ef57caa26d27c0af8f03bb65535b/elements - {"using":"xpath","value":"//table[contains(@id, \"smartTable-YARDYARD-valueHelpDialog-table-table\")]/tbody/tr[1]/td[1]/div/span"}
RESULT: {"using":"xpath","value":"//table[contains(@id, \"smartTable-YARDYARD-valueHelpDialog-table-table\")]/tbody/tr[1]/td[1]/div/span"}
COMMAND: POST /session/c5b1ef57caa26d27c0af8f03bb65535b/execute/sync - {"script":"<script> [56 bytes]","args":[{"element-6066-11e4-a52e-4f735466cecf":"f.FCC204B58DEBB53E51F41DDFA2FB85CF.d.03DAF915413A333170576C10F6802C0B.e.2104","ELEMENT":"f.FCC204B58DEBB53E51F41DDFA2FB85CF.d.03DAF915413A333170576C10F6802C0B.e.2104"}]}
RESULT: {"script":"<script> [56 bytes]","args":[{"element-6066-11e4-a52e-4f735466cecf":"f.FCC204B58DEBB53E51F41DDFA2FB85CF.d.03DAF915413A333170576C10F6802C0B.e.2104","ELEMENT":"f.FCC204B58DEBB53E51F41DDFA2FB85CF.d.03DAF915413A333170576C10F6802C0B.e.2104"}]}
COMMAND: POST /session/c5b1ef57caa26d27c0af8f03bb65535b/element - {"using":"xpath","value":"//table[contains(@id, \"smartTable-YARDYARD-valueHelpDialog-table-table\")]/tbody/tr[2]/td[1]/div/span"}
COMMAND: GET /session/c5b1ef57caa26d27c0af8f03bb65535b/screenshot - {}
RESULT: {"using":"xpath","value":"//table[contains(@id, \"smartTable-YARDYARD-valueHelpDialog-table-table\")]/tbody/tr[2]/td[1]/div/span"}
COMMAND: POST /session/c5b1ef57caa26d27c0af8f03bb65535b/elements - {"using":"xpath","value":"//table[contains(@id, \"smartTable-YARDYARD-valueHelpDialog-table-table\")]/tbody/tr[2]/td[1]/div/span"}
RESULT: {}
RESULT: {"using":"xpath","value":"//table[contains(@id, \"smartTable-YARDYARD-valueHelpDialog-table-table\")]/tbody/tr[2]/td[1]/div/span"}
COMMAND: POST /session/c5b1ef57caa26d27c0af8f03bb65535b/execute/sync - {"script":"<script> [56 bytes]","args":[{"element-6066-11e4-a52e-4f735466cecf":"f.FCC204B58DEBB53E51F41DDFA2FB85CF.d.03DAF915413A333170576C10F6802C0B.e.2105","ELEMENT":"f.FCC204B58DEBB53E51F41DDFA2FB85CF.d.03DAF915413A333170576C10F6802C0B.e.2105"}]}
RESULT: {"script":"<script> [56 bytes]","args":[{"element-6066-11e4-a52e-4f735466cecf":"f.FCC204B58DEBB53E51F41DDFA2FB85CF.d.03DAF915413A333170576C10F6802C0B.e.2105","ELEMENT":"f.FCC204B58DEBB53E51F41DDFA2FB85CF.d.03DAF915413A333170576C10F6802C0B.e.2105"}]}
COMMAND: POST /session/c5b1ef57caa26d27c0af8f03bb65535b/element - {"using":"xpath","value":"//div[contains(@id, \"YARDYARD-valueHelpDialog-table-rowsel1\")]"}
COMMAND: GET /session/c5b1ef57caa26d27c0af8f03bb65535b/screenshot - {}
RESULT: {"using":"xpath","value":"//div[contains(@id, \"YARDYARD-valueHelpDialog-table-rowsel1\")]"}
COMMAND: POST /session/c5b1ef57caa26d27c0af8f03bb65535b/element/f.FCC204B58DEBB53E51F41DDFA2FB85CF.d.03DAF915413A333170576C10F6802C0B.e.2106/click - {}
RESULT: {}
RESULT: {}
COMMAND: GET /session/c5b1ef57caa26d27c0af8f03bb65535b/screenshot - {}
RESULT: {}
COMMAND: POST /session/c5b1ef57caa26d27c0af8f03bb65535b/element - {"using":"xpath","value":"(//bdi[contains(text(), \"OK\")])[2]"}
RESULT: {"using":"xpath","value":"(//bdi[contains(text(), \"OK\")])[2]"}
COMMAND: POST /session/c5b1ef57caa26d27c0af8f03bb65535b/element/f.FCC204B58DEBB53E51F41DDFA2FB85CF.d.03DAF915413A333170576C10F6802C0B.e.2108/click - {}
RESULT: {}
COMMAND: GET /session/c5b1ef57caa26d27c0af8f03bb65535b/screenshot - {}
RESULT: {}
COMMAND: POST /session/c5b1ef57caa26d27c0af8f03bb65535b/element - {"using":"xpath","value":"//bdi[contains(text(), \"OK\")]"}
RESULT: {"using":"xpath","value":"//bdi[contains(text(), \"OK\")]"}
COMMAND: POST /session/c5b1ef57caa26d27c0af8f03bb65535b/element/f.FCC204B58DEBB53E51F41DDFA2FB85CF.d.03DAF915413A333170576C10F6802C0B.e.2111/click - {}
RESULT: {}
COMMAND: GET /session/c5b1ef57caa26d27c0af8f03bb65535b/screenshot - {}
RESULT: {}
COMMAND: POST /session/c5b1ef57caa26d27c0af8f03bb65535b/element - {"using":"xpath","value":"//table[contains(@id, \"customPartnersTable\")]//tbody/tr[1]/td[3]/span"}
RESULT: {"using":"xpath","value":"//table[contains(@id, \"customPartnersTable\")]//tbody/tr[1]/td[3]/span"}
COMMAND: POST /session/c5b1ef57caa26d27c0af8f03bb65535b/execute/sync - {"script":"<script> [56 bytes]","args":[{"element-6066-11e4-a52e-4f735466cecf":"f.FCC204B58DEBB53E51F41DDFA2FB85CF.d.03DAF915413A333170576C10F6802C0B.e.2074","ELEMENT":"f.FCC204B58DEBB53E51F41DDFA2FB85CF.d.03DAF915413A333170576C10F6802C0B.e.2074"}]}
RESULT: {"script":"<script> [56 bytes]","args":[{"element-6066-11e4-a52e-4f735466cecf":"f.FCC204B58DEBB53E51F41DDFA2FB85CF.d.03DAF915413A333170576C10F6802C0B.e.2074","ELEMENT":"f.FCC204B58DEBB53E51F41DDFA2FB85CF.d.03DAF915413A333170576C10F6802C0B.e.2074"}]}
COMMAND: POST /session/c5b1ef57caa26d27c0af8f03bb65535b/element - {"using":"css selector","value":"#shell-header-logo"}
COMMAND: GET /session/c5b1ef57caa26d27c0af8f03bb65535b/screenshot - {}
RESULT: {"using":"css selector","value":"#shell-header-logo"}
COMMAND: POST /session/c5b1ef57caa26d27c0af8f03bb65535b/element/f.FCC204B58DEBB53E51F41DDFA2FB85CF.d.03DAF915413A333170576C10F6802C0B.e.1705/click - {}
RESULT: {}
RESULT: {}
COMMAND: GET /session/c5b1ef57caa26d27c0af8f03bb65535b/screenshot - {}
RESULT: {}
]]></system-out>
    </testcase>
    <testcase classname="chrome.137_0_7151_56.windows.Partner_specific_tests_US150819_US151080_US151654_US151176_US103444_US151078_US151079_US151109_US151174_US151175_US151189" name="Should deactivate the created partner in earlier step US151654" time="60.191">
      <system-out><![CDATA[
COMMAND: POST /session/c5b1ef57caa26d27c0af8f03bb65535b/element - {"using":"xpath","value":"//li[.//span[text()=\"Manage Partners\"]]"}
RESULT: {"using":"xpath","value":"//li[.//span[text()=\"Manage Partners\"]]"}
COMMAND: POST /session/c5b1ef57caa26d27c0af8f03bb65535b/element - {"using":"xpath","value":"//li[.//span[text()=\"Manage Partners\"]]"}
RESULT: {"using":"xpath","value":"//li[.//span[text()=\"Manage Partners\"]]"}
COMMAND: POST /session/c5b1ef57caa26d27c0af8f03bb65535b/element - {"using":"css selector","value":"#shell-header-logo"}
RESULT: {"using":"css selector","value":"#shell-header-logo"}
COMMAND: POST /session/c5b1ef57caa26d27c0af8f03bb65535b/element/f.FCC204B58DEBB53E51F41DDFA2FB85CF.d.03DAF915413A333170576C10F6802C0B.e.2167/click - {}
COMMAND: POST /session/c5b1ef57caa26d27c0af8f03bb65535b/execute/sync - {"script":"<script> [8489 bytes]","args":[{"element-6066-11e4-a52e-4f735466cecf":"f.FCC204B58DEBB53E51F41DDFA2FB85CF.d.03DAF915413A333170576C10F6802C0B.e.2167","ELEMENT":"f.FCC204B58DEBB53E51F41DDFA2FB85CF.d.03DAF915413A333170576C10F6802C0B.e.2167"}]}
RESULT: {}
COMMAND: GET /session/c5b1ef57caa26d27c0af8f03bb65535b/screenshot - {}
RESULT: {"script":"<script> [8489 bytes]","args":[{"element-6066-11e4-a52e-4f735466cecf":"f.FCC204B58DEBB53E51F41DDFA2FB85CF.d.03DAF915413A333170576C10F6802C0B.e.2167","ELEMENT":"f.FCC204B58DEBB53E51F41DDFA2FB85CF.d.03DAF915413A333170576C10F6802C0B.e.2167"}]}
COMMAND: POST /session/c5b1ef57caa26d27c0af8f03bb65535b/execute/sync - {"script":"<script> [5351 bytes]","args":[{"element-6066-11e4-a52e-4f735466cecf":"f.FCC204B58DEBB53E51F41DDFA2FB85CF.d.03DAF915413A333170576C10F6802C0B.e.2167","ELEMENT":"f.FCC204B58DEBB53E51F41DDFA2FB85CF.d.03DAF915413A333170576C10F6802C0B.e.2167"}]}
COMMAND: GET /session/c5b1ef57caa26d27c0af8f03bb65535b/screenshot - {}
RESULT: {}
RESULT: {"script":"<script> [5351 bytes]","args":[{"element-6066-11e4-a52e-4f735466cecf":"f.FCC204B58DEBB53E51F41DDFA2FB85CF.d.03DAF915413A333170576C10F6802C0B.e.2167","ELEMENT":"f.FCC204B58DEBB53E51F41DDFA2FB85CF.d.03DAF915413A333170576C10F6802C0B.e.2167"}]}
COMMAND: GET /session/c5b1ef57caa26d27c0af8f03bb65535b/screenshot - {}
RESULT: {}
RESULT: {}
RESULT: undefined
COMMAND: POST /session/c5b1ef57caa26d27c0af8f03bb65535b/element - {"using":"xpath","value":"//*[@id=\"__tile38\"]"}
RESULT: {"using":"xpath","value":"//*[@id=\"__tile38\"]"}
COMMAND: POST /session/c5b1ef57caa26d27c0af8f03bb65535b/element/f.FCC204B58DEBB53E51F41DDFA2FB85CF.d.03DAF915413A333170576C10F6802C0B.e.160/click - {}
RESULT: {}
COMMAND: GET /session/c5b1ef57caa26d27c0af8f03bb65535b/screenshot - {}
RESULT: {}
COMMAND: POST /session/c5b1ef57caa26d27c0af8f03bb65535b/elements - {"using":"xpath","value":"//span[text()='Error']"}
RESULT: {"using":"xpath","value":"//span[text()='Error']"}
COMMAND: POST /session/c5b1ef57caa26d27c0af8f03bb65535b/element - {"using":"xpath","value":"//button[@data-kt=\"addButton\"]"}
RESULT: {"using":"xpath","value":"//button[@data-kt=\"addButton\"]"}
COMMAND: POST /session/c5b1ef57caa26d27c0af8f03bb65535b/elements - {"using":"xpath","value":"//button[@data-kt=\"addButton\"]"}
RESULT: {"using":"xpath","value":"//button[@data-kt=\"addButton\"]"}
COMMAND: POST /session/c5b1ef57caa26d27c0af8f03bb65535b/execute/sync - {"script":"<script> [8489 bytes]","args":[{"element-6066-11e4-a52e-4f735466cecf":"f.FCC204B58DEBB53E51F41DDFA2FB85CF.d.03DAF915413A333170576C10F6802C0B.e.2212","ELEMENT":"f.FCC204B58DEBB53E51F41DDFA2FB85CF.d.03DAF915413A333170576C10F6802C0B.e.2212"}]}
RESULT: {"script":"<script> [8489 bytes]","args":[{"element-6066-11e4-a52e-4f735466cecf":"f.FCC204B58DEBB53E51F41DDFA2FB85CF.d.03DAF915413A333170576C10F6802C0B.e.2212","ELEMENT":"f.FCC204B58DEBB53E51F41DDFA2FB85CF.d.03DAF915413A333170576C10F6802C0B.e.2212"}]}
COMMAND: GET /session/c5b1ef57caa26d27c0af8f03bb65535b/element/f.FCC204B58DEBB53E51F41DDFA2FB85CF.d.03DAF915413A333170576C10F6802C0B.e.2212/enabled - {}
COMMAND: GET /session/c5b1ef57caa26d27c0af8f03bb65535b/screenshot - {}
RESULT: {}
COMMAND: POST /session/c5b1ef57caa26d27c0af8f03bb65535b/execute/sync - {"script":"<script> [8489 bytes]","args":[{"element-6066-11e4-a52e-4f735466cecf":"f.FCC204B58DEBB53E51F41DDFA2FB85CF.d.03DAF915413A333170576C10F6802C0B.e.2212","ELEMENT":"f.FCC204B58DEBB53E51F41DDFA2FB85CF.d.03DAF915413A333170576C10F6802C0B.e.2212"}]}
COMMAND: GET /session/c5b1ef57caa26d27c0af8f03bb65535b/screenshot - {}
RESULT: {}
RESULT: {"script":"<script> [8489 bytes]","args":[{"element-6066-11e4-a52e-4f735466cecf":"f.FCC204B58DEBB53E51F41DDFA2FB85CF.d.03DAF915413A333170576C10F6802C0B.e.2212","ELEMENT":"f.FCC204B58DEBB53E51F41DDFA2FB85CF.d.03DAF915413A333170576C10F6802C0B.e.2212"}]}
COMMAND: POST /session/c5b1ef57caa26d27c0af8f03bb65535b/execute/sync - {"script":"<script> [5351 bytes]","args":[{"element-6066-11e4-a52e-4f735466cecf":"f.FCC204B58DEBB53E51F41DDFA2FB85CF.d.03DAF915413A333170576C10F6802C0B.e.2212","ELEMENT":"f.FCC204B58DEBB53E51F41DDFA2FB85CF.d.03DAF915413A333170576C10F6802C0B.e.2212"}]}
COMMAND: GET /session/c5b1ef57caa26d27c0af8f03bb65535b/screenshot - {}
RESULT: {}
RESULT: {"script":"<script> [5351 bytes]","args":[{"element-6066-11e4-a52e-4f735466cecf":"f.FCC204B58DEBB53E51F41DDFA2FB85CF.d.03DAF915413A333170576C10F6802C0B.e.2212","ELEMENT":"f.FCC204B58DEBB53E51F41DDFA2FB85CF.d.03DAF915413A333170576C10F6802C0B.e.2212"}]}
COMMAND: GET /session/c5b1ef57caa26d27c0af8f03bb65535b/screenshot - {}
RESULT: {}
RESULT: {}
COMMAND: POST /session/c5b1ef57caa26d27c0af8f03bb65535b/execute/async - {"script":"<script> [1562 bytes]","args":[{"selector":{"id":"application-managepartners-display-component---masterPtm--smartFilterBar-btnBasicSearch","interaction":{"idSuffix":"I"}},"wdio_ui5_key":"applicationmanagepartners-display-component---masterPtm--smartFilterBar-btnBasicSearch"}]}
RESULT: {"script":"<script> [1562 bytes]","args":[{"selector":{"id":"application-managepartners-display-component---masterPtm--smartFilterBar-btnBasicSearch","interaction":{"idSuffix":"I"}},"wdio_ui5_key":"applicationmanagepartners-display-component---masterPtm--smartFilterBar-btnBasicSearch"}]}
RESULT: undefined
COMMAND: POST /session/c5b1ef57caa26d27c0af8f03bb65535b/execute/async - {"script":"<script> [776 bytes]","args":[{"enterText":"1433","selector":{"id":"application-managepartners-display-component---masterPtm--smartFilterBar-btnBasicSearch","interaction":{"idSuffix":"I"}},"clearTextFirst":true,"interactionType":"ENTER_TEXT"}]}
RESULT: {"script":"<script> [776 bytes]","args":[{"enterText":"1433","selector":{"id":"application-managepartners-display-component---masterPtm--smartFilterBar-btnBasicSearch","interaction":{"idSuffix":"I"}},"clearTextFirst":true,"interactionType":"ENTER_TEXT"}]}
COMMAND: POST /session/c5b1ef57caa26d27c0af8f03bb65535b/actions - {"actions":[{"id":"action4","type":"key","parameters":{},"actions":[{"type":"keyDown","value":"î€‡"},{"type":"pause","duration":10},{"type":"keyUp","value":"î€‡"}]}]}
RESULT: {"actions":[{"id":"action4","type":"key","parameters":{},"actions":[{"type":"keyDown","value":"î€‡"},{"type":"pause","duration":10},{"type":"keyUp","value":"î€‡"}]}]}
COMMAND: GET /session/c5b1ef57caa26d27c0af8f03bb65535b/screenshot - {}
RESULT: {}
COMMAND: POST /session/c5b1ef57caa26d27c0af8f03bb65535b/elements - {"using":"xpath","value":"//table[contains(@id, \"customPartnersTable-listUl\")]/tbody/tr"}
RESULT: {"using":"xpath","value":"//table[contains(@id, \"customPartnersTable-listUl\")]/tbody/tr"}
COMMAND: POST /session/c5b1ef57caa26d27c0af8f03bb65535b/element - {"using":"xpath","value":"//table[contains(@id, \"customPartnersTable-listUl\")]/tbody/tr[1]/td[3]/span"}
RESULT: {"using":"xpath","value":"//table[contains(@id, \"customPartnersTable-listUl\")]/tbody/tr[1]/td[3]/span"}
COMMAND: POST /session/c5b1ef57caa26d27c0af8f03bb65535b/elements - {"using":"xpath","value":"//table[contains(@id, \"customPartnersTable-listUl\")]/tbody/tr[1]/td[3]/span"}
RESULT: {"using":"xpath","value":"//table[contains(@id, \"customPartnersTable-listUl\")]/tbody/tr[1]/td[3]/span"}
COMMAND: POST /session/c5b1ef57caa26d27c0af8f03bb65535b/execute/sync - {"script":"<script> [56 bytes]","args":[{"element-6066-11e4-a52e-4f735466cecf":"f.FCC204B58DEBB53E51F41DDFA2FB85CF.d.03DAF915413A333170576C10F6802C0B.e.2348","ELEMENT":"f.FCC204B58DEBB53E51F41DDFA2FB85CF.d.03DAF915413A333170576C10F6802C0B.e.2348"}]}
RESULT: {"script":"<script> [56 bytes]","args":[{"element-6066-11e4-a52e-4f735466cecf":"f.FCC204B58DEBB53E51F41DDFA2FB85CF.d.03DAF915413A333170576C10F6802C0B.e.2348","ELEMENT":"f.FCC204B58DEBB53E51F41DDFA2FB85CF.d.03DAF915413A333170576C10F6802C0B.e.2348"}]}
COMMAND: POST /session/c5b1ef57caa26d27c0af8f03bb65535b/element - {"using":"xpath","value":"//table[contains(@id, \"customPartnersTable-listUl\")]/tbody/tr[1]/td[7]/div/span"}
COMMAND: GET /session/c5b1ef57caa26d27c0af8f03bb65535b/screenshot - {}
RESULT: {"using":"xpath","value":"//table[contains(@id, \"customPartnersTable-listUl\")]/tbody/tr[1]/td[7]/div/span"}
COMMAND: POST /session/c5b1ef57caa26d27c0af8f03bb65535b/execute/sync - {"script":"<script> [56 bytes]","args":[{"element-6066-11e4-a52e-4f735466cecf":"f.FCC204B58DEBB53E51F41DDFA2FB85CF.d.03DAF915413A333170576C10F6802C0B.e.2349","ELEMENT":"f.FCC204B58DEBB53E51F41DDFA2FB85CF.d.03DAF915413A333170576C10F6802C0B.e.2349"}]}
RESULT: {}
RESULT: {"script":"<script> [56 bytes]","args":[{"element-6066-11e4-a52e-4f735466cecf":"f.FCC204B58DEBB53E51F41DDFA2FB85CF.d.03DAF915413A333170576C10F6802C0B.e.2349","ELEMENT":"f.FCC204B58DEBB53E51F41DDFA2FB85CF.d.03DAF915413A333170576C10F6802C0B.e.2349"}]}
COMMAND: POST /session/c5b1ef57caa26d27c0af8f03bb65535b/element - {"using":"xpath","value":"//table[contains(@id, \"customPartnersTable-listUl\")]/tbody/tr[1]/td[2]/div/div"}
COMMAND: GET /session/c5b1ef57caa26d27c0af8f03bb65535b/screenshot - {}
RESULT: {"using":"xpath","value":"//table[contains(@id, \"customPartnersTable-listUl\")]/tbody/tr[1]/td[2]/div/div"}
COMMAND: POST /session/c5b1ef57caa26d27c0af8f03bb65535b/element/f.FCC204B58DEBB53E51F41DDFA2FB85CF.d.03DAF915413A333170576C10F6802C0B.e.2350/click - {}
RESULT: {}
RESULT: {}
COMMAND: GET /session/c5b1ef57caa26d27c0af8f03bb65535b/screenshot - {}
RESULT: {}
COMMAND: POST /session/c5b1ef57caa26d27c0af8f03bb65535b/element - {"using":"xpath","value":"//bdi[contains(text(), \"Deactivate\")]"}
RESULT: {"using":"xpath","value":"//bdi[contains(text(), \"Deactivate\")]"}
COMMAND: POST /session/c5b1ef57caa26d27c0af8f03bb65535b/element/f.FCC204B58DEBB53E51F41DDFA2FB85CF.d.03DAF915413A333170576C10F6802C0B.e.2351/click - {}
RESULT: {}
COMMAND: GET /session/c5b1ef57caa26d27c0af8f03bb65535b/screenshot - {}
RESULT: {}
COMMAND: POST /session/c5b1ef57caa26d27c0af8f03bb65535b/element - {"using":"xpath","value":"//bdi[contains(text(), \"Yes\")]"}
RESULT: {"using":"xpath","value":"//bdi[contains(text(), \"Yes\")]"}
COMMAND: POST /session/c5b1ef57caa26d27c0af8f03bb65535b/element/f.FCC204B58DEBB53E51F41DDFA2FB85CF.d.03DAF915413A333170576C10F6802C0B.e.2353/click - {}
RESULT: {}
COMMAND: GET /session/c5b1ef57caa26d27c0af8f03bb65535b/screenshot - {}
RESULT: {}
COMMAND: POST /session/c5b1ef57caa26d27c0af8f03bb65535b/element - {"using":"xpath","value":"//table[contains(@id, \"customPartnersTable-listUl\")]/tbody/tr[1]/td[7]/div/span"}
RESULT: {"using":"xpath","value":"//table[contains(@id, \"customPartnersTable-listUl\")]/tbody/tr[1]/td[7]/div/span"}
COMMAND: POST /session/c5b1ef57caa26d27c0af8f03bb65535b/execute/sync - {"script":"<script> [56 bytes]","args":[{"element-6066-11e4-a52e-4f735466cecf":"f.FCC204B58DEBB53E51F41DDFA2FB85CF.d.03DAF915413A333170576C10F6802C0B.e.2349","ELEMENT":"f.FCC204B58DEBB53E51F41DDFA2FB85CF.d.03DAF915413A333170576C10F6802C0B.e.2349"}]}
RESULT: {"script":"<script> [56 bytes]","args":[{"element-6066-11e4-a52e-4f735466cecf":"f.FCC204B58DEBB53E51F41DDFA2FB85CF.d.03DAF915413A333170576C10F6802C0B.e.2349","ELEMENT":"f.FCC204B58DEBB53E51F41DDFA2FB85CF.d.03DAF915413A333170576C10F6802C0B.e.2349"}]}
COMMAND: GET /session/c5b1ef57caa26d27c0af8f03bb65535b/screenshot - {}
RESULT: {}
COMMAND: POST /session/c5b1ef57caa26d27c0af8f03bb65535b/element - {"using":"css selector","value":"#shell-header-logo"}
RESULT: {"using":"css selector","value":"#shell-header-logo"}
COMMAND: POST /session/c5b1ef57caa26d27c0af8f03bb65535b/element/f.FCC204B58DEBB53E51F41DDFA2FB85CF.d.03DAF915413A333170576C10F6802C0B.e.2167/click - {}
RESULT: {}
COMMAND: GET /session/c5b1ef57caa26d27c0af8f03bb65535b/screenshot - {}
RESULT: {}
]]></system-out>
    </testcase>
    <testcase classname="chrome.137_0_7151_56.windows.Partner_specific_tests_US150819_US151080_US151654_US151176_US103444_US151078_US151079_US151109_US151174_US151175_US151189" name="Should activate the created partner again US151176" time="59.495">
      <system-out><![CDATA[
COMMAND: POST /session/c5b1ef57caa26d27c0af8f03bb65535b/element - {"using":"xpath","value":"//li[.//span[text()=\"Manage Partners\"]]"}
RESULT: {"using":"xpath","value":"//li[.//span[text()=\"Manage Partners\"]]"}
COMMAND: POST /session/c5b1ef57caa26d27c0af8f03bb65535b/element - {"using":"xpath","value":"//li[.//span[text()=\"Manage Partners\"]]"}
RESULT: {"using":"xpath","value":"//li[.//span[text()=\"Manage Partners\"]]"}
COMMAND: POST /session/c5b1ef57caa26d27c0af8f03bb65535b/element - {"using":"css selector","value":"#shell-header-logo"}
RESULT: {"using":"css selector","value":"#shell-header-logo"}
COMMAND: POST /session/c5b1ef57caa26d27c0af8f03bb65535b/element/f.FCC204B58DEBB53E51F41DDFA2FB85CF.d.03DAF915413A333170576C10F6802C0B.e.2357/click - {}
COMMAND: POST /session/c5b1ef57caa26d27c0af8f03bb65535b/execute/sync - {"script":"<script> [8489 bytes]","args":[{"element-6066-11e4-a52e-4f735466cecf":"f.FCC204B58DEBB53E51F41DDFA2FB85CF.d.03DAF915413A333170576C10F6802C0B.e.2357","ELEMENT":"f.FCC204B58DEBB53E51F41DDFA2FB85CF.d.03DAF915413A333170576C10F6802C0B.e.2357"}]}
RESULT: {}
COMMAND: GET /session/c5b1ef57caa26d27c0af8f03bb65535b/screenshot - {}
RESULT: {"script":"<script> [8489 bytes]","args":[{"element-6066-11e4-a52e-4f735466cecf":"f.FCC204B58DEBB53E51F41DDFA2FB85CF.d.03DAF915413A333170576C10F6802C0B.e.2357","ELEMENT":"f.FCC204B58DEBB53E51F41DDFA2FB85CF.d.03DAF915413A333170576C10F6802C0B.e.2357"}]}
COMMAND: POST /session/c5b1ef57caa26d27c0af8f03bb65535b/execute/sync - {"script":"<script> [5351 bytes]","args":[{"element-6066-11e4-a52e-4f735466cecf":"f.FCC204B58DEBB53E51F41DDFA2FB85CF.d.03DAF915413A333170576C10F6802C0B.e.2357","ELEMENT":"f.FCC204B58DEBB53E51F41DDFA2FB85CF.d.03DAF915413A333170576C10F6802C0B.e.2357"}]}
COMMAND: GET /session/c5b1ef57caa26d27c0af8f03bb65535b/screenshot - {}
RESULT: {}
RESULT: {"script":"<script> [5351 bytes]","args":[{"element-6066-11e4-a52e-4f735466cecf":"f.FCC204B58DEBB53E51F41DDFA2FB85CF.d.03DAF915413A333170576C10F6802C0B.e.2357","ELEMENT":"f.FCC204B58DEBB53E51F41DDFA2FB85CF.d.03DAF915413A333170576C10F6802C0B.e.2357"}]}
COMMAND: GET /session/c5b1ef57caa26d27c0af8f03bb65535b/screenshot - {}
RESULT: {}
RESULT: {}
RESULT: undefined
COMMAND: POST /session/c5b1ef57caa26d27c0af8f03bb65535b/element - {"using":"xpath","value":"//*[@id=\"__tile38\"]"}
RESULT: {"using":"xpath","value":"//*[@id=\"__tile38\"]"}
COMMAND: POST /session/c5b1ef57caa26d27c0af8f03bb65535b/element/f.FCC204B58DEBB53E51F41DDFA2FB85CF.d.03DAF915413A333170576C10F6802C0B.e.160/click - {}
RESULT: {}
COMMAND: GET /session/c5b1ef57caa26d27c0af8f03bb65535b/screenshot - {}
RESULT: {}
COMMAND: POST /session/c5b1ef57caa26d27c0af8f03bb65535b/elements - {"using":"xpath","value":"//span[text()='Error']"}
RESULT: {"using":"xpath","value":"//span[text()='Error']"}
COMMAND: POST /session/c5b1ef57caa26d27c0af8f03bb65535b/element - {"using":"xpath","value":"//button[@data-kt=\"addButton\"]"}
RESULT: {"using":"xpath","value":"//button[@data-kt=\"addButton\"]"}
COMMAND: POST /session/c5b1ef57caa26d27c0af8f03bb65535b/elements - {"using":"xpath","value":"//button[@data-kt=\"addButton\"]"}
RESULT: {"using":"xpath","value":"//button[@data-kt=\"addButton\"]"}
COMMAND: POST /session/c5b1ef57caa26d27c0af8f03bb65535b/execute/sync - {"script":"<script> [8489 bytes]","args":[{"element-6066-11e4-a52e-4f735466cecf":"f.FCC204B58DEBB53E51F41DDFA2FB85CF.d.03DAF915413A333170576C10F6802C0B.e.2402","ELEMENT":"f.FCC204B58DEBB53E51F41DDFA2FB85CF.d.03DAF915413A333170576C10F6802C0B.e.2402"}]}
RESULT: {"script":"<script> [8489 bytes]","args":[{"element-6066-11e4-a52e-4f735466cecf":"f.FCC204B58DEBB53E51F41DDFA2FB85CF.d.03DAF915413A333170576C10F6802C0B.e.2402","ELEMENT":"f.FCC204B58DEBB53E51F41DDFA2FB85CF.d.03DAF915413A333170576C10F6802C0B.e.2402"}]}
COMMAND: GET /session/c5b1ef57caa26d27c0af8f03bb65535b/element/f.FCC204B58DEBB53E51F41DDFA2FB85CF.d.03DAF915413A333170576C10F6802C0B.e.2402/enabled - {}
COMMAND: GET /session/c5b1ef57caa26d27c0af8f03bb65535b/screenshot - {}
RESULT: {}
COMMAND: POST /session/c5b1ef57caa26d27c0af8f03bb65535b/execute/sync - {"script":"<script> [8489 bytes]","args":[{"element-6066-11e4-a52e-4f735466cecf":"f.FCC204B58DEBB53E51F41DDFA2FB85CF.d.03DAF915413A333170576C10F6802C0B.e.2402","ELEMENT":"f.FCC204B58DEBB53E51F41DDFA2FB85CF.d.03DAF915413A333170576C10F6802C0B.e.2402"}]}
COMMAND: GET /session/c5b1ef57caa26d27c0af8f03bb65535b/screenshot - {}
RESULT: {}
RESULT: {"script":"<script> [8489 bytes]","args":[{"element-6066-11e4-a52e-4f735466cecf":"f.FCC204B58DEBB53E51F41DDFA2FB85CF.d.03DAF915413A333170576C10F6802C0B.e.2402","ELEMENT":"f.FCC204B58DEBB53E51F41DDFA2FB85CF.d.03DAF915413A333170576C10F6802C0B.e.2402"}]}
COMMAND: POST /session/c5b1ef57caa26d27c0af8f03bb65535b/execute/sync - {"script":"<script> [5351 bytes]","args":[{"element-6066-11e4-a52e-4f735466cecf":"f.FCC204B58DEBB53E51F41DDFA2FB85CF.d.03DAF915413A333170576C10F6802C0B.e.2402","ELEMENT":"f.FCC204B58DEBB53E51F41DDFA2FB85CF.d.03DAF915413A333170576C10F6802C0B.e.2402"}]}
COMMAND: GET /session/c5b1ef57caa26d27c0af8f03bb65535b/screenshot - {}
RESULT: {}
RESULT: {"script":"<script> [5351 bytes]","args":[{"element-6066-11e4-a52e-4f735466cecf":"f.FCC204B58DEBB53E51F41DDFA2FB85CF.d.03DAF915413A333170576C10F6802C0B.e.2402","ELEMENT":"f.FCC204B58DEBB53E51F41DDFA2FB85CF.d.03DAF915413A333170576C10F6802C0B.e.2402"}]}
COMMAND: GET /session/c5b1ef57caa26d27c0af8f03bb65535b/screenshot - {}
RESULT: {}
RESULT: {}
RESULT: undefined
COMMAND: POST /session/c5b1ef57caa26d27c0af8f03bb65535b/execute/async - {"script":"<script> [776 bytes]","args":[{"enterText":"1433","selector":{"id":"application-managepartners-display-component---masterPtm--smartFilterBar-btnBasicSearch","interaction":{"idSuffix":"I"}},"clearTextFirst":true,"interactionType":"ENTER_TEXT"}]}
RESULT: {"script":"<script> [776 bytes]","args":[{"enterText":"1433","selector":{"id":"application-managepartners-display-component---masterPtm--smartFilterBar-btnBasicSearch","interaction":{"idSuffix":"I"}},"clearTextFirst":true,"interactionType":"ENTER_TEXT"}]}
COMMAND: POST /session/c5b1ef57caa26d27c0af8f03bb65535b/actions - {"actions":[{"id":"action5","type":"key","parameters":{},"actions":[{"type":"keyDown","value":"î€‡"},{"type":"pause","duration":10},{"type":"keyUp","value":"î€‡"}]}]}
RESULT: {"actions":[{"id":"action5","type":"key","parameters":{},"actions":[{"type":"keyDown","value":"î€‡"},{"type":"pause","duration":10},{"type":"keyUp","value":"î€‡"}]}]}
COMMAND: GET /session/c5b1ef57caa26d27c0af8f03bb65535b/screenshot - {}
RESULT: {}
COMMAND: POST /session/c5b1ef57caa26d27c0af8f03bb65535b/elements - {"using":"xpath","value":"//table[contains(@id, \"customPartnersTable-listUl\")]/tbody/tr"}
RESULT: {"using":"xpath","value":"//table[contains(@id, \"customPartnersTable-listUl\")]/tbody/tr"}
COMMAND: POST /session/c5b1ef57caa26d27c0af8f03bb65535b/element - {"using":"xpath","value":"//table[contains(@id, \"customPartnersTable-listUl\")]/tbody/tr[1]/td[3]/span"}
RESULT: {"using":"xpath","value":"//table[contains(@id, \"customPartnersTable-listUl\")]/tbody/tr[1]/td[3]/span"}
COMMAND: POST /session/c5b1ef57caa26d27c0af8f03bb65535b/elements - {"using":"xpath","value":"//table[contains(@id, \"customPartnersTable-listUl\")]/tbody/tr[1]/td[3]/span"}
RESULT: {"using":"xpath","value":"//table[contains(@id, \"customPartnersTable-listUl\")]/tbody/tr[1]/td[3]/span"}
COMMAND: POST /session/c5b1ef57caa26d27c0af8f03bb65535b/execute/sync - {"script":"<script> [56 bytes]","args":[{"element-6066-11e4-a52e-4f735466cecf":"f.FCC204B58DEBB53E51F41DDFA2FB85CF.d.03DAF915413A333170576C10F6802C0B.e.2538","ELEMENT":"f.FCC204B58DEBB53E51F41DDFA2FB85CF.d.03DAF915413A333170576C10F6802C0B.e.2538"}]}
RESULT: {"script":"<script> [56 bytes]","args":[{"element-6066-11e4-a52e-4f735466cecf":"f.FCC204B58DEBB53E51F41DDFA2FB85CF.d.03DAF915413A333170576C10F6802C0B.e.2538","ELEMENT":"f.FCC204B58DEBB53E51F41DDFA2FB85CF.d.03DAF915413A333170576C10F6802C0B.e.2538"}]}
COMMAND: POST /session/c5b1ef57caa26d27c0af8f03bb65535b/element - {"using":"xpath","value":"//table[contains(@id, \"customPartnersTable-listUl\")]/tbody/tr[1]/td[7]/div/span"}
COMMAND: GET /session/c5b1ef57caa26d27c0af8f03bb65535b/screenshot - {}
RESULT: {"using":"xpath","value":"//table[contains(@id, \"customPartnersTable-listUl\")]/tbody/tr[1]/td[7]/div/span"}
COMMAND: POST /session/c5b1ef57caa26d27c0af8f03bb65535b/execute/sync - {"script":"<script> [56 bytes]","args":[{"element-6066-11e4-a52e-4f735466cecf":"f.FCC204B58DEBB53E51F41DDFA2FB85CF.d.03DAF915413A333170576C10F6802C0B.e.2539","ELEMENT":"f.FCC204B58DEBB53E51F41DDFA2FB85CF.d.03DAF915413A333170576C10F6802C0B.e.2539"}]}
RESULT: {}
RESULT: {"script":"<script> [56 bytes]","args":[{"element-6066-11e4-a52e-4f735466cecf":"f.FCC204B58DEBB53E51F41DDFA2FB85CF.d.03DAF915413A333170576C10F6802C0B.e.2539","ELEMENT":"f.FCC204B58DEBB53E51F41DDFA2FB85CF.d.03DAF915413A333170576C10F6802C0B.e.2539"}]}
COMMAND: POST /session/c5b1ef57caa26d27c0af8f03bb65535b/element - {"using":"xpath","value":"//table[contains(@id, \"customPartnersTable-listUl\")]/tbody/tr[1]/td[2]/div/div"}
COMMAND: GET /session/c5b1ef57caa26d27c0af8f03bb65535b/screenshot - {}
RESULT: {"using":"xpath","value":"//table[contains(@id, \"customPartnersTable-listUl\")]/tbody/tr[1]/td[2]/div/div"}
COMMAND: POST /session/c5b1ef57caa26d27c0af8f03bb65535b/element/f.FCC204B58DEBB53E51F41DDFA2FB85CF.d.03DAF915413A333170576C10F6802C0B.e.2540/click - {}
RESULT: {}
RESULT: {}
COMMAND: GET /session/c5b1ef57caa26d27c0af8f03bb65535b/screenshot - {}
RESULT: {}
COMMAND: POST /session/c5b1ef57caa26d27c0af8f03bb65535b/element - {"using":"xpath","value":"//bdi[contains(text(), \"Activate\")]"}
RESULT: {"using":"xpath","value":"//bdi[contains(text(), \"Activate\")]"}
COMMAND: POST /session/c5b1ef57caa26d27c0af8f03bb65535b/element/f.FCC204B58DEBB53E51F41DDFA2FB85CF.d.03DAF915413A333170576C10F6802C0B.e.2541/click - {}
RESULT: {}
COMMAND: GET /session/c5b1ef57caa26d27c0af8f03bb65535b/screenshot - {}
RESULT: {}
COMMAND: POST /session/c5b1ef57caa26d27c0af8f03bb65535b/element - {"using":"xpath","value":"//bdi[contains(text(), \"Yes\")]"}
RESULT: {"using":"xpath","value":"//bdi[contains(text(), \"Yes\")]"}
COMMAND: POST /session/c5b1ef57caa26d27c0af8f03bb65535b/element/f.FCC204B58DEBB53E51F41DDFA2FB85CF.d.03DAF915413A333170576C10F6802C0B.e.2543/click - {}
RESULT: {}
COMMAND: GET /session/c5b1ef57caa26d27c0af8f03bb65535b/screenshot - {}
RESULT: {}
COMMAND: POST /session/c5b1ef57caa26d27c0af8f03bb65535b/element - {"using":"xpath","value":"//table[contains(@id, \"customPartnersTable-listUl\")]/tbody/tr[1]/td[7]/div/span"}
RESULT: {"using":"xpath","value":"//table[contains(@id, \"customPartnersTable-listUl\")]/tbody/tr[1]/td[7]/div/span"}
COMMAND: POST /session/c5b1ef57caa26d27c0af8f03bb65535b/execute/sync - {"script":"<script> [56 bytes]","args":[{"element-6066-11e4-a52e-4f735466cecf":"f.FCC204B58DEBB53E51F41DDFA2FB85CF.d.03DAF915413A333170576C10F6802C0B.e.2539","ELEMENT":"f.FCC204B58DEBB53E51F41DDFA2FB85CF.d.03DAF915413A333170576C10F6802C0B.e.2539"}]}
RESULT: {"script":"<script> [56 bytes]","args":[{"element-6066-11e4-a52e-4f735466cecf":"f.FCC204B58DEBB53E51F41DDFA2FB85CF.d.03DAF915413A333170576C10F6802C0B.e.2539","ELEMENT":"f.FCC204B58DEBB53E51F41DDFA2FB85CF.d.03DAF915413A333170576C10F6802C0B.e.2539"}]}
COMMAND: GET /session/c5b1ef57caa26d27c0af8f03bb65535b/screenshot - {}
RESULT: {}
COMMAND: POST /session/c5b1ef57caa26d27c0af8f03bb65535b/element - {"using":"css selector","value":"#shell-header-logo"}
RESULT: {"using":"css selector","value":"#shell-header-logo"}
COMMAND: POST /session/c5b1ef57caa26d27c0af8f03bb65535b/element/f.FCC204B58DEBB53E51F41DDFA2FB85CF.d.03DAF915413A333170576C10F6802C0B.e.2357/click - {}
RESULT: {}
COMMAND: GET /session/c5b1ef57caa26d27c0af8f03bb65535b/screenshot - {}
RESULT: {}
]]></system-out>
    </testcase>
    <testcase classname="chrome.137_0_7151_56.windows.Partner_specific_tests_US150819_US151080_US151654_US151176_US103444_US151078_US151079_US151109_US151174_US151175_US151189" name="Should edit the created external partner and save it and check its content US103444" time="68.052">
      <system-out><![CDATA[
COMMAND: POST /session/c5b1ef57caa26d27c0af8f03bb65535b/element - {"using":"xpath","value":"//li[.//span[text()=\"Manage Partners\"]]"}
RESULT: {"using":"xpath","value":"//li[.//span[text()=\"Manage Partners\"]]"}
COMMAND: POST /session/c5b1ef57caa26d27c0af8f03bb65535b/element - {"using":"xpath","value":"//li[.//span[text()=\"Manage Partners\"]]"}
RESULT: {"using":"xpath","value":"//li[.//span[text()=\"Manage Partners\"]]"}
COMMAND: POST /session/c5b1ef57caa26d27c0af8f03bb65535b/element - {"using":"css selector","value":"#shell-header-logo"}
RESULT: {"using":"css selector","value":"#shell-header-logo"}
COMMAND: POST /session/c5b1ef57caa26d27c0af8f03bb65535b/element/f.FCC204B58DEBB53E51F41DDFA2FB85CF.d.03DAF915413A333170576C10F6802C0B.e.2547/click - {}
COMMAND: POST /session/c5b1ef57caa26d27c0af8f03bb65535b/execute/sync - {"script":"<script> [8489 bytes]","args":[{"element-6066-11e4-a52e-4f735466cecf":"f.FCC204B58DEBB53E51F41DDFA2FB85CF.d.03DAF915413A333170576C10F6802C0B.e.2547","ELEMENT":"f.FCC204B58DEBB53E51F41DDFA2FB85CF.d.03DAF915413A333170576C10F6802C0B.e.2547"}]}
RESULT: {"script":"<script> [8489 bytes]","args":[{"element-6066-11e4-a52e-4f735466cecf":"f.FCC204B58DEBB53E51F41DDFA2FB85CF.d.03DAF915413A333170576C10F6802C0B.e.2547","ELEMENT":"f.FCC204B58DEBB53E51F41DDFA2FB85CF.d.03DAF915413A333170576C10F6802C0B.e.2547"}]}
COMMAND: POST /session/c5b1ef57caa26d27c0af8f03bb65535b/execute/sync - {"script":"<script> [5351 bytes]","args":[{"element-6066-11e4-a52e-4f735466cecf":"f.FCC204B58DEBB53E51F41DDFA2FB85CF.d.03DAF915413A333170576C10F6802C0B.e.2547","ELEMENT":"f.FCC204B58DEBB53E51F41DDFA2FB85CF.d.03DAF915413A333170576C10F6802C0B.e.2547"}]}
COMMAND: GET /session/c5b1ef57caa26d27c0af8f03bb65535b/screenshot - {}
RESULT: {}
COMMAND: GET /session/c5b1ef57caa26d27c0af8f03bb65535b/screenshot - {}
RESULT: {"script":"<script> [5351 bytes]","args":[{"element-6066-11e4-a52e-4f735466cecf":"f.FCC204B58DEBB53E51F41DDFA2FB85CF.d.03DAF915413A333170576C10F6802C0B.e.2547","ELEMENT":"f.FCC204B58DEBB53E51F41DDFA2FB85CF.d.03DAF915413A333170576C10F6802C0B.e.2547"}]}
COMMAND: GET /session/c5b1ef57caa26d27c0af8f03bb65535b/screenshot - {}
RESULT: {}
RESULT: {}
RESULT: {}
RESULT: undefined
COMMAND: POST /session/c5b1ef57caa26d27c0af8f03bb65535b/element - {"using":"xpath","value":"//*[@id=\"__tile38\"]"}
RESULT: {"using":"xpath","value":"//*[@id=\"__tile38\"]"}
COMMAND: POST /session/c5b1ef57caa26d27c0af8f03bb65535b/element/f.FCC204B58DEBB53E51F41DDFA2FB85CF.d.03DAF915413A333170576C10F6802C0B.e.160/click - {}
RESULT: {}
COMMAND: GET /session/c5b1ef57caa26d27c0af8f03bb65535b/screenshot - {}
RESULT: {}
COMMAND: POST /session/c5b1ef57caa26d27c0af8f03bb65535b/elements - {"using":"xpath","value":"//span[text()='Error']"}
RESULT: {"using":"xpath","value":"//span[text()='Error']"}
COMMAND: POST /session/c5b1ef57caa26d27c0af8f03bb65535b/element - {"using":"xpath","value":"//button[@data-kt=\"addButton\"]"}
RESULT: {"using":"xpath","value":"//button[@data-kt=\"addButton\"]"}
COMMAND: POST /session/c5b1ef57caa26d27c0af8f03bb65535b/elements - {"using":"xpath","value":"//button[@data-kt=\"addButton\"]"}
RESULT: {"using":"xpath","value":"//button[@data-kt=\"addButton\"]"}
COMMAND: POST /session/c5b1ef57caa26d27c0af8f03bb65535b/execute/sync - {"script":"<script> [8489 bytes]","args":[{"element-6066-11e4-a52e-4f735466cecf":"f.FCC204B58DEBB53E51F41DDFA2FB85CF.d.03DAF915413A333170576C10F6802C0B.e.2593","ELEMENT":"f.FCC204B58DEBB53E51F41DDFA2FB85CF.d.03DAF915413A333170576C10F6802C0B.e.2593"}]}
RESULT: {"script":"<script> [8489 bytes]","args":[{"element-6066-11e4-a52e-4f735466cecf":"f.FCC204B58DEBB53E51F41DDFA2FB85CF.d.03DAF915413A333170576C10F6802C0B.e.2593","ELEMENT":"f.FCC204B58DEBB53E51F41DDFA2FB85CF.d.03DAF915413A333170576C10F6802C0B.e.2593"}]}
COMMAND: GET /session/c5b1ef57caa26d27c0af8f03bb65535b/element/f.FCC204B58DEBB53E51F41DDFA2FB85CF.d.03DAF915413A333170576C10F6802C0B.e.2593/enabled - {}
COMMAND: GET /session/c5b1ef57caa26d27c0af8f03bb65535b/screenshot - {}
RESULT: {}
COMMAND: POST /session/c5b1ef57caa26d27c0af8f03bb65535b/execute/sync - {"script":"<script> [8489 bytes]","args":[{"element-6066-11e4-a52e-4f735466cecf":"f.FCC204B58DEBB53E51F41DDFA2FB85CF.d.03DAF915413A333170576C10F6802C0B.e.2593","ELEMENT":"f.FCC204B58DEBB53E51F41DDFA2FB85CF.d.03DAF915413A333170576C10F6802C0B.e.2593"}]}
COMMAND: GET /session/c5b1ef57caa26d27c0af8f03bb65535b/screenshot - {}
RESULT: {}
RESULT: {}
RESULT: {"script":"<script> [8489 bytes]","args":[{"element-6066-11e4-a52e-4f735466cecf":"f.FCC204B58DEBB53E51F41DDFA2FB85CF.d.03DAF915413A333170576C10F6802C0B.e.2593","ELEMENT":"f.FCC204B58DEBB53E51F41DDFA2FB85CF.d.03DAF915413A333170576C10F6802C0B.e.2593"}]}
COMMAND: POST /session/c5b1ef57caa26d27c0af8f03bb65535b/execute/sync - {"script":"<script> [5351 bytes]","args":[{"element-6066-11e4-a52e-4f735466cecf":"f.FCC204B58DEBB53E51F41DDFA2FB85CF.d.03DAF915413A333170576C10F6802C0B.e.2593","ELEMENT":"f.FCC204B58DEBB53E51F41DDFA2FB85CF.d.03DAF915413A333170576C10F6802C0B.e.2593"}]}
COMMAND: GET /session/c5b1ef57caa26d27c0af8f03bb65535b/screenshot - {}
RESULT: {"script":"<script> [5351 bytes]","args":[{"element-6066-11e4-a52e-4f735466cecf":"f.FCC204B58DEBB53E51F41DDFA2FB85CF.d.03DAF915413A333170576C10F6802C0B.e.2593","ELEMENT":"f.FCC204B58DEBB53E51F41DDFA2FB85CF.d.03DAF915413A333170576C10F6802C0B.e.2593"}]}
COMMAND: GET /session/c5b1ef57caa26d27c0af8f03bb65535b/screenshot - {}
RESULT: {}
RESULT: {}
RESULT: undefined
COMMAND: POST /session/c5b1ef57caa26d27c0af8f03bb65535b/execute/async - {"script":"<script> [776 bytes]","args":[{"enterText":"1433","selector":{"id":"application-managepartners-display-component---masterPtm--smartFilterBar-btnBasicSearch","interaction":{"idSuffix":"I"}},"clearTextFirst":true,"interactionType":"ENTER_TEXT"}]}
RESULT: {"script":"<script> [776 bytes]","args":[{"enterText":"1433","selector":{"id":"application-managepartners-display-component---masterPtm--smartFilterBar-btnBasicSearch","interaction":{"idSuffix":"I"}},"clearTextFirst":true,"interactionType":"ENTER_TEXT"}]}
COMMAND: POST /session/c5b1ef57caa26d27c0af8f03bb65535b/actions - {"actions":[{"id":"action6","type":"key","parameters":{},"actions":[{"type":"keyDown","value":"î€‡"},{"type":"pause","duration":10},{"type":"keyUp","value":"î€‡"}]}]}
RESULT: {"actions":[{"id":"action6","type":"key","parameters":{},"actions":[{"type":"keyDown","value":"î€‡"},{"type":"pause","duration":10},{"type":"keyUp","value":"î€‡"}]}]}
COMMAND: GET /session/c5b1ef57caa26d27c0af8f03bb65535b/screenshot - {}
RESULT: {}
COMMAND: POST /session/c5b1ef57caa26d27c0af8f03bb65535b/elements - {"using":"xpath","value":"//table[contains(@id, \"customPartnersTable-listUl\")]/tbody/tr"}
RESULT: {"using":"xpath","value":"//table[contains(@id, \"customPartnersTable-listUl\")]/tbody/tr"}
COMMAND: POST /session/c5b1ef57caa26d27c0af8f03bb65535b/element - {"using":"xpath","value":"//table[contains(@id, \"customPartnersTable-listUl\")]/tbody/tr[1]/td[3]/span"}
RESULT: {"using":"xpath","value":"//table[contains(@id, \"customPartnersTable-listUl\")]/tbody/tr[1]/td[3]/span"}
COMMAND: POST /session/c5b1ef57caa26d27c0af8f03bb65535b/elements - {"using":"xpath","value":"//table[contains(@id, \"customPartnersTable-listUl\")]/tbody/tr[1]/td[3]/span"}
RESULT: {"using":"xpath","value":"//table[contains(@id, \"customPartnersTable-listUl\")]/tbody/tr[1]/td[3]/span"}
COMMAND: POST /session/c5b1ef57caa26d27c0af8f03bb65535b/execute/sync - {"script":"<script> [56 bytes]","args":[{"element-6066-11e4-a52e-4f735466cecf":"f.FCC204B58DEBB53E51F41DDFA2FB85CF.d.03DAF915413A333170576C10F6802C0B.e.2727","ELEMENT":"f.FCC204B58DEBB53E51F41DDFA2FB85CF.d.03DAF915413A333170576C10F6802C0B.e.2727"}]}
RESULT: {"script":"<script> [56 bytes]","args":[{"element-6066-11e4-a52e-4f735466cecf":"f.FCC204B58DEBB53E51F41DDFA2FB85CF.d.03DAF915413A333170576C10F6802C0B.e.2727","ELEMENT":"f.FCC204B58DEBB53E51F41DDFA2FB85CF.d.03DAF915413A333170576C10F6802C0B.e.2727"}]}
COMMAND: POST /session/c5b1ef57caa26d27c0af8f03bb65535b/element - {"using":"xpath","value":"(//span[contains(@id, \"imgNav\")])[1]"}
COMMAND: GET /session/c5b1ef57caa26d27c0af8f03bb65535b/screenshot - {}
RESULT: {"using":"xpath","value":"(//span[contains(@id, \"imgNav\")])[1]"}
COMMAND: POST /session/c5b1ef57caa26d27c0af8f03bb65535b/element/f.FCC204B58DEBB53E51F41DDFA2FB85CF.d.03DAF915413A333170576C10F6802C0B.e.2725/click - {}
RESULT: {}
RESULT: {}
COMMAND: GET /session/c5b1ef57caa26d27c0af8f03bb65535b/screenshot - {}
RESULT: {}
COMMAND: POST /session/c5b1ef57caa26d27c0af8f03bb65535b/element - {"using":"xpath","value":"//bdi[contains(text(), \"Edit\")]"}
RESULT: {"using":"xpath","value":"//bdi[contains(text(), \"Edit\")]"}
COMMAND: POST /session/c5b1ef57caa26d27c0af8f03bb65535b/element/f.FCC204B58DEBB53E51F41DDFA2FB85CF.d.03DAF915413A333170576C10F6802C0B.e.2868/click - {}
RESULT: {}
COMMAND: GET /session/c5b1ef57caa26d27c0af8f03bb65535b/screenshot - {}
RESULT: {}
COMMAND: POST /session/c5b1ef57caa26d27c0af8f03bb65535b/execute/async - {"script":"<script> [1562 bytes]","args":[{"selector":{"controlType":"sap.m.Input","viewName":"etm.portal.ui.managepartners.view.EditDetail","labelFor":{"text":"Name"},"interaction":{"idSuffix":"inner"}},"wdio_ui5_key":"etmportal.ui.managepartners.view.EditDetailsap.m.Input{\"text\":\"Name\"}"}]}
RESULT: {"script":"<script> [1562 bytes]","args":[{"selector":{"controlType":"sap.m.Input","viewName":"etm.portal.ui.managepartners.view.EditDetail","labelFor":{"text":"Name"},"interaction":{"idSuffix":"inner"}},"wdio_ui5_key":"etmportal.ui.managepartners.view.EditDetailsap.m.Input{\"text\":\"Name\"}"}]}
RESULT: undefined
COMMAND: POST /session/c5b1ef57caa26d27c0af8f03bb65535b/execute/async - {"script":"<script> [776 bytes]","args":[{"enterText":"External EDIT","selector":{"controlType":"sap.m.Input","viewName":"etm.portal.ui.managepartners.view.EditDetail","labelFor":{"text":"Name"},"interaction":{"idSuffix":"inner"}},"clearTextFirst":true,"interactionType":"ENTER_TEXT"}]}
RESULT: {"script":"<script> [776 bytes]","args":[{"enterText":"External EDIT","selector":{"controlType":"sap.m.Input","viewName":"etm.portal.ui.managepartners.view.EditDetail","labelFor":{"text":"Name"},"interaction":{"idSuffix":"inner"}},"clearTextFirst":true,"interactionType":"ENTER_TEXT"}]}
COMMAND: POST /session/c5b1ef57caa26d27c0af8f03bb65535b/element - {"using":"xpath","value":"(//span[contains(@id,\"addressDetailDetailsLanguage-arrow\")])[1]"}
RESULT: {"using":"xpath","value":"(//span[contains(@id,\"addressDetailDetailsLanguage-arrow\")])[1]"}
COMMAND: POST /session/c5b1ef57caa26d27c0af8f03bb65535b/element/f.FCC204B58DEBB53E51F41DDFA2FB85CF.d.03DAF915413A333170576C10F6802C0B.e.2947/click - {}
RESULT: {}
COMMAND: POST /session/c5b1ef57caa26d27c0af8f03bb65535b/element - {"using":"xpath","value":"//span[contains(text(), \"Chinese\")]"}
COMMAND: GET /session/c5b1ef57caa26d27c0af8f03bb65535b/screenshot - {}
RESULT: {"using":"xpath","value":"//span[contains(text(), \"Chinese\")]"}
COMMAND: POST /session/c5b1ef57caa26d27c0af8f03bb65535b/element/f.FCC204B58DEBB53E51F41DDFA2FB85CF.d.03DAF915413A333170576C10F6802C0B.e.2948/click - {}
RESULT: {}
RESULT: {}
COMMAND: GET /session/c5b1ef57caa26d27c0af8f03bb65535b/screenshot - {}
RESULT: {}
COMMAND: POST /session/c5b1ef57caa26d27c0af8f03bb65535b/execute/async - {"script":"<script> [1562 bytes]","args":[{"selector":{"controlType":"sap.m.Input","viewName":"etm.portal.ui.managepartners.view.EditDetail","labelFor":{"text":"City"},"interaction":{"idSuffix":"inner"}},"wdio_ui5_key":"etmportal.ui.managepartners.view.EditDetailsap.m.Input{\"text\":\"City\"}"}]}
RESULT: {"script":"<script> [1562 bytes]","args":[{"selector":{"controlType":"sap.m.Input","viewName":"etm.portal.ui.managepartners.view.EditDetail","labelFor":{"text":"City"},"interaction":{"idSuffix":"inner"}},"wdio_ui5_key":"etmportal.ui.managepartners.view.EditDetailsap.m.Input{\"text\":\"City\"}"}]}
RESULT: undefined
COMMAND: POST /session/c5b1ef57caa26d27c0af8f03bb65535b/execute/async - {"script":"<script> [776 bytes]","args":[{"enterText":"Clooj-Napoca","selector":{"controlType":"sap.m.Input","viewName":"etm.portal.ui.managepartners.view.EditDetail","labelFor":{"text":"City"},"interaction":{"idSuffix":"inner"}},"clearTextFirst":true,"interactionType":"ENTER_TEXT"}]}
RESULT: {"script":"<script> [776 bytes]","args":[{"enterText":"Clooj-Napoca","selector":{"controlType":"sap.m.Input","viewName":"etm.portal.ui.managepartners.view.EditDetail","labelFor":{"text":"City"},"interaction":{"idSuffix":"inner"}},"clearTextFirst":true,"interactionType":"ENTER_TEXT"}]}
COMMAND: POST /session/c5b1ef57caa26d27c0af8f03bb65535b/element - {"using":"xpath","value":"//button[@data-kt=\"saveButton\"]"}
RESULT: {"using":"xpath","value":"//button[@data-kt=\"saveButton\"]"}
COMMAND: POST /session/c5b1ef57caa26d27c0af8f03bb65535b/element/f.FCC204B58DEBB53E51F41DDFA2FB85CF.d.03DAF915413A333170576C10F6802C0B.e.2930/click - {}
RESULT: {}
COMMAND: GET /session/c5b1ef57caa26d27c0af8f03bb65535b/screenshot - {}
RESULT: {}
COMMAND: POST /session/c5b1ef57caa26d27c0af8f03bb65535b/execute/async - {"script":"<script> [1562 bytes]","args":[{"selector":{"id":"application-managepartners-display-component---detailPtm--addressDetailDetailsName1"},"wdio_ui5_key":"applicationmanagepartners-display-component---detailPtm--addressDetailDetailsName1"}]}
RESULT: {"script":"<script> [1562 bytes]","args":[{"selector":{"id":"application-managepartners-display-component---detailPtm--addressDetailDetailsName1"},"wdio_ui5_key":"applicationmanagepartners-display-component---detailPtm--addressDetailDetailsName1"}]}
RESULT: undefined
COMMAND: POST /session/c5b1ef57caa26d27c0af8f03bb65535b/execute/async - {"script":"<script> [6424 bytes]","args":[{"element-6066-11e4-a52e-4f735466cecf":"f.FCC204B58DEBB53E51F41DDFA2FB85CF.d.03DAF915413A333170576C10F6802C0B.e.2979"},"getValue",[]]}
RESULT: {"script":"<script> [6424 bytes]","args":[{"element-6066-11e4-a52e-4f735466cecf":"f.FCC204B58DEBB53E51F41DDFA2FB85CF.d.03DAF915413A333170576C10F6802C0B.e.2979"},"getValue",[]]}
COMMAND: POST /session/c5b1ef57caa26d27c0af8f03bb65535b/element - {"using":"xpath","value":"//input[@id = \"application-managepartners-display-component---detailPtm--addressDetailDetailsLanguage-inner\"]"}
RESULT: {"using":"xpath","value":"//input[@id = \"application-managepartners-display-component---detailPtm--addressDetailDetailsLanguage-inner\"]"}
COMMAND: GET /session/c5b1ef57caa26d27c0af8f03bb65535b/element/f.FCC204B58DEBB53E51F41DDFA2FB85CF.d.03DAF915413A333170576C10F6802C0B.e.2980/property/value - {}
RESULT: {}
COMMAND: POST /session/c5b1ef57caa26d27c0af8f03bb65535b/execute/async - {"script":"<script> [1562 bytes]","args":[{"selector":{"id":"application-managepartners-display-component---detailPtm--addressDetailDetailsCity1"},"wdio_ui5_key":"applicationmanagepartners-display-component---detailPtm--addressDetailDetailsCity1"}]}
COMMAND: GET /session/c5b1ef57caa26d27c0af8f03bb65535b/screenshot - {}
RESULT: {"script":"<script> [1562 bytes]","args":[{"selector":{"id":"application-managepartners-display-component---detailPtm--addressDetailDetailsCity1"},"wdio_ui5_key":"applicationmanagepartners-display-component---detailPtm--addressDetailDetailsCity1"}]}
RESULT: undefined
COMMAND: POST /session/c5b1ef57caa26d27c0af8f03bb65535b/execute/async - {"script":"<script> [6424 bytes]","args":[{"element-6066-11e4-a52e-4f735466cecf":"f.FCC204B58DEBB53E51F41DDFA2FB85CF.d.03DAF915413A333170576C10F6802C0B.e.2981"},"getValue",[]]}
RESULT: {}
RESULT: {"script":"<script> [6424 bytes]","args":[{"element-6066-11e4-a52e-4f735466cecf":"f.FCC204B58DEBB53E51F41DDFA2FB85CF.d.03DAF915413A333170576C10F6802C0B.e.2981"},"getValue",[]]}
COMMAND: POST /session/c5b1ef57caa26d27c0af8f03bb65535b/element - {"using":"css selector","value":"#shell-header-logo"}
RESULT: {"using":"css selector","value":"#shell-header-logo"}
COMMAND: POST /session/c5b1ef57caa26d27c0af8f03bb65535b/element/f.FCC204B58DEBB53E51F41DDFA2FB85CF.d.03DAF915413A333170576C10F6802C0B.e.2547/click - {}
RESULT: {}
COMMAND: GET /session/c5b1ef57caa26d27c0af8f03bb65535b/screenshot - {}
RESULT: {}
]]></system-out>
    </testcase>
    <testcase classname="chrome.137_0_7151_56.windows.Partner_specific_tests_US150819_US151080_US151654_US151176_US103444_US151078_US151079_US151109_US151174_US151175_US151189" name="Should create a new intercompany partner edit some of its fields US151078" time="252.571">
      <system-out><![CDATA[
COMMAND: POST /session/c5b1ef57caa26d27c0af8f03bb65535b/element - {"using":"xpath","value":"//li[.//span[text()=\"Manage Partners\"]]"}
RESULT: {"using":"xpath","value":"//li[.//span[text()=\"Manage Partners\"]]"}
COMMAND: POST /session/c5b1ef57caa26d27c0af8f03bb65535b/element - {"using":"xpath","value":"//li[.//span[text()=\"Manage Partners\"]]"}
RESULT: {"using":"xpath","value":"//li[.//span[text()=\"Manage Partners\"]]"}
COMMAND: POST /session/c5b1ef57caa26d27c0af8f03bb65535b/element - {"using":"css selector","value":"#shell-header-logo"}
RESULT: {"using":"css selector","value":"#shell-header-logo"}
COMMAND: POST /session/c5b1ef57caa26d27c0af8f03bb65535b/element/f.FCC204B58DEBB53E51F41DDFA2FB85CF.d.03DAF915413A333170576C10F6802C0B.e.3011/click - {}
COMMAND: POST /session/c5b1ef57caa26d27c0af8f03bb65535b/execute/sync - {"script":"<script> [8489 bytes]","args":[{"element-6066-11e4-a52e-4f735466cecf":"f.FCC204B58DEBB53E51F41DDFA2FB85CF.d.03DAF915413A333170576C10F6802C0B.e.3011","ELEMENT":"f.FCC204B58DEBB53E51F41DDFA2FB85CF.d.03DAF915413A333170576C10F6802C0B.e.3011"}]}
RESULT: {}
COMMAND: GET /session/c5b1ef57caa26d27c0af8f03bb65535b/screenshot - {}
RESULT: {"script":"<script> [8489 bytes]","args":[{"element-6066-11e4-a52e-4f735466cecf":"f.FCC204B58DEBB53E51F41DDFA2FB85CF.d.03DAF915413A333170576C10F6802C0B.e.3011","ELEMENT":"f.FCC204B58DEBB53E51F41DDFA2FB85CF.d.03DAF915413A333170576C10F6802C0B.e.3011"}]}
COMMAND: POST /session/c5b1ef57caa26d27c0af8f03bb65535b/execute/sync - {"script":"<script> [5351 bytes]","args":[{"element-6066-11e4-a52e-4f735466cecf":"f.FCC204B58DEBB53E51F41DDFA2FB85CF.d.03DAF915413A333170576C10F6802C0B.e.3011","ELEMENT":"f.FCC204B58DEBB53E51F41DDFA2FB85CF.d.03DAF915413A333170576C10F6802C0B.e.3011"}]}
COMMAND: GET /session/c5b1ef57caa26d27c0af8f03bb65535b/screenshot - {}
RESULT: {}
RESULT: {"script":"<script> [5351 bytes]","args":[{"element-6066-11e4-a52e-4f735466cecf":"f.FCC204B58DEBB53E51F41DDFA2FB85CF.d.03DAF915413A333170576C10F6802C0B.e.3011","ELEMENT":"f.FCC204B58DEBB53E51F41DDFA2FB85CF.d.03DAF915413A333170576C10F6802C0B.e.3011"}]}
COMMAND: GET /session/c5b1ef57caa26d27c0af8f03bb65535b/screenshot - {}
RESULT: {}
RESULT: {}
COMMAND: POST /session/c5b1ef57caa26d27c0af8f03bb65535b/refresh - {}
RESULT: {}
COMMAND: GET /session/c5b1ef57caa26d27c0af8f03bb65535b/screenshot - {}
RESULT: {}
COMMAND: POST /session/c5b1ef57caa26d27c0af8f03bb65535b/refresh - {}
RESULT: {}
COMMAND: GET /session/c5b1ef57caa26d27c0af8f03bb65535b/screenshot - {}
RESULT: {}
COMMAND: POST /session/c5b1ef57caa26d27c0af8f03bb65535b/window/fullscreen - {}
RESULT: {}
COMMAND: POST /session/c5b1ef57caa26d27c0af8f03bb65535b/execute/async - {"script":"<script> [189 bytes]","args":[]}
RESULT: {"script":"<script> [189 bytes]","args":[]}
COMMAND: POST /session/c5b1ef57caa26d27c0af8f03bb65535b/execute/async - {"script":"<script> [123 bytes]","args":[]}
RESULT: {"script":"<script> [123 bytes]","args":[]}
COMMAND: POST /session/c5b1ef57caa26d27c0af8f03bb65535b/timeouts - {"script":"<number>"}
RESULT: {"script":"<number>"}
COMMAND: GET /session/c5b1ef57caa26d27c0af8f03bb65535b/timeouts - {}
RESULT: {}
RESULT: undefined
COMMAND: POST /session/c5b1ef57caa26d27c0af8f03bb65535b/execute/async - {"script":"<script> [2676 bytes]","args":[]}
RESULT: {"script":"<script> [2676 bytes]","args":[]}
COMMAND: POST /session/c5b1ef57caa26d27c0af8f03bb65535b/execute/async - {"script":"<script> [2342 bytes]","args":[{"protocol":"http","hostname":"0.0.0.0","path":"/","capabilities":{"browserName":"chrome","goog:chromeOptions":{"binary":"C:\\Program Files\\Google\\Chrome\\Application\\chrome.exe","args":["--start-maximized"]}},"logLevel":"warn","connectionRetryTimeout":120000,"connectionRetryCount":3,"logLevels":{},"enableDirectConnect":true,"strictSSL":true,"_":"65 more keys: [\"cacheDir\",\"port\",\"requestedCapabilities\",\"automationProtocol\",\"baseUrl\",\"waitforInterval\",\"waitforTimeout\",\"onReload\",\"beforeCommand\",\"afterCommand\",\"rootDir\",\"specs\",\"suites\",\"exclude\",\"groupLogsByTestSpec\",\"excludeDriverLogs\",\"bail\",\"framework\",\"reporters\",\"services\",\"maxInstances\",\"maxInstancesPerCapability\",\"injectGlobals\",\"filesToWatch\",\"execArgv\",\"runnerEnv\",\"runner\",\"shard\",\"specFileRetries\",\"specFileRetriesDelay\",\"specFileRetriesDeferred\",\"reporterSyncInterval\",\"reporterSyncTimeout\",\"cucumberFeaturesWithLineNumbers\",\"autoCompileOpts\",\"mochaOpts\",\"jasmineOpts\",\"cucumberOpts\",\"onPrepare\",\"onWorkerStart\",\"onWorkerEnd\",\"before\",\"beforeSession\",\"beforeSuite\",\"beforeHook\",\"beforeTest\",\"afterTest\",\"afterHook\",\"afterSuite\",\"afterSession\",\"after\",\"onComplete\",\"beforeAssertion\",\"afterAssertion\",\"beforeFeature\",\"beforeScenario\",\"beforeStep\",\"afterStep\",\"afterScenario\",\"afterFeature\",\"_\",\"suite\",\"$0\",\"ignoredWorkerServices\",\"wdi5\"]"}]}
RESULT: {"script":"<script> [2342 bytes]","args":[{"protocol":"http","hostname":"0.0.0.0","path":"/","capabilities":{"browserName":"chrome","goog:chromeOptions":{"binary":"C:\\Program Files\\Google\\Chrome\\Application\\chrome.exe","args":["--start-maximized"]}},"logLevel":"warn","connectionRetryTimeout":120000,"connectionRetryCount":3,"logLevels":{},"enableDirectConnect":true,"strictSSL":true,"_":"65 more keys: [\"cacheDir\",\"port\",\"requestedCapabilities\",\"automationProtocol\",\"baseUrl\",\"waitforInterval\",\"waitforTimeout\",\"onReload\",\"beforeCommand\",\"afterCommand\",\"rootDir\",\"specs\",\"suites\",\"exclude\",\"groupLogsByTestSpec\",\"excludeDriverLogs\",\"bail\",\"framework\",\"reporters\",\"services\",\"maxInstances\",\"maxInstancesPerCapability\",\"injectGlobals\",\"filesToWatch\",\"execArgv\",\"runnerEnv\",\"runner\",\"shard\",\"specFileRetries\",\"specFileRetriesDelay\",\"specFileRetriesDeferred\",\"reporterSyncInterval\",\"reporterSyncTimeout\",\"cucumberFeaturesWithLineNumbers\",\"autoCompileOpts\",\"mochaOpts\",\"jasmineOpts\",\"cucumberOpts\",\"onPrepare\",\"onWorkerStart\",\"onWorkerEnd\",\"before\",\"beforeSession\",\"beforeSuite\",\"beforeHook\",\"beforeTest\",\"afterTest\",\"afterHook\",\"afterSuite\",\"afterSession\",\"after\",\"onComplete\",\"beforeAssertion\",\"afterAssertion\",\"beforeFeature\",\"beforeScenario\",\"beforeStep\",\"afterStep\",\"afterScenario\",\"afterFeature\",\"_\",\"suite\",\"$0\",\"ignoredWorkerServices\",\"wdi5\"]"}]}
COMMAND: POST /session/c5b1ef57caa26d27c0af8f03bb65535b/execute/async - {"script":"<script> [21126 bytes]","args":[35000]}
RESULT: {"script":"<script> [21126 bytes]","args":[35000]}
COMMAND: POST /session/c5b1ef57caa26d27c0af8f03bb65535b/window/fullscreen - {}
RESULT: {}
COMMAND: POST /session/c5b1ef57caa26d27c0af8f03bb65535b/window/fullscreen - {}
RESULT: {}
COMMAND: POST /session/c5b1ef57caa26d27c0af8f03bb65535b/execute/async - {"script":"<script> [1562 bytes]","args":[{"selector":{"controlType":"sap.m.GenericTile","properties":{"header":"Manage Partners"}},"wdio_ui5_key":"sapm.GenericTile{\"header\":\"Manage Partners\"}"}]}
RESULT: {"script":"<script> [1562 bytes]","args":[{"selector":{"controlType":"sap.m.GenericTile","properties":{"header":"Manage Partners"}},"wdio_ui5_key":"sapm.GenericTile{\"header\":\"Manage Partners\"}"}]}
RESULT: undefined
COMMAND: POST /session/c5b1ef57caa26d27c0af8f03bb65535b/element - {"using":"xpath","value":"//*[@id=\"__tile30\"]"}
RESULT: {"using":"xpath","value":"//*[@id=\"__tile30\"]"}
COMMAND: POST /session/c5b1ef57caa26d27c0af8f03bb65535b/element/f.FCC204B58DEBB53E51F41DDFA2FB85CF.d.BD60B5E2215572CB4D07FB63F6E9A273.e.3083/click - {}
RESULT: {}
COMMAND: GET /session/c5b1ef57caa26d27c0af8f03bb65535b/screenshot - {}
RESULT: {}
COMMAND: POST /session/c5b1ef57caa26d27c0af8f03bb65535b/elements - {"using":"xpath","value":"//span[text()='Error']"}
RESULT: {"using":"xpath","value":"//span[text()='Error']"}
COMMAND: POST /session/c5b1ef57caa26d27c0af8f03bb65535b/element - {"using":"xpath","value":"//button[@data-kt=\"addButton\"]"}
RESULT: {"using":"xpath","value":"//button[@data-kt=\"addButton\"]"}
COMMAND: POST /session/c5b1ef57caa26d27c0af8f03bb65535b/elements - {"using":"xpath","value":"//button[@data-kt=\"addButton\"]"}
RESULT: {"using":"xpath","value":"//button[@data-kt=\"addButton\"]"}
COMMAND: POST /session/c5b1ef57caa26d27c0af8f03bb65535b/elements - {"using":"xpath","value":"//button[@data-kt=\"addButton\"]"}
RESULT: {"using":"xpath","value":"//button[@data-kt=\"addButton\"]"}
COMMAND: POST /session/c5b1ef57caa26d27c0af8f03bb65535b/element - {"using":"xpath","value":"//button[@data-kt=\"addButton\"]"}
RESULT: {"using":"xpath","value":"//button[@data-kt=\"addButton\"]"}
COMMAND: POST /session/c5b1ef57caa26d27c0af8f03bb65535b/execute/sync - {"script":"<script> [8489 bytes]","args":[{"element-6066-11e4-a52e-4f735466cecf":"f.FCC204B58DEBB53E51F41DDFA2FB85CF.d.BD60B5E2215572CB4D07FB63F6E9A273.e.3207","ELEMENT":"f.FCC204B58DEBB53E51F41DDFA2FB85CF.d.BD60B5E2215572CB4D07FB63F6E9A273.e.3207"}]}
RESULT: {"script":"<script> [8489 bytes]","args":[{"element-6066-11e4-a52e-4f735466cecf":"f.FCC204B58DEBB53E51F41DDFA2FB85CF.d.BD60B5E2215572CB4D07FB63F6E9A273.e.3207","ELEMENT":"f.FCC204B58DEBB53E51F41DDFA2FB85CF.d.BD60B5E2215572CB4D07FB63F6E9A273.e.3207"}]}
COMMAND: GET /session/c5b1ef57caa26d27c0af8f03bb65535b/element/f.FCC204B58DEBB53E51F41DDFA2FB85CF.d.BD60B5E2215572CB4D07FB63F6E9A273.e.3207/enabled - {}
COMMAND: GET /session/c5b1ef57caa26d27c0af8f03bb65535b/screenshot - {}
RESULT: {}
COMMAND: POST /session/c5b1ef57caa26d27c0af8f03bb65535b/execute/sync - {"script":"<script> [8489 bytes]","args":[{"element-6066-11e4-a52e-4f735466cecf":"f.FCC204B58DEBB53E51F41DDFA2FB85CF.d.BD60B5E2215572CB4D07FB63F6E9A273.e.3207","ELEMENT":"f.FCC204B58DEBB53E51F41DDFA2FB85CF.d.BD60B5E2215572CB4D07FB63F6E9A273.e.3207"}]}
COMMAND: GET /session/c5b1ef57caa26d27c0af8f03bb65535b/screenshot - {}
RESULT: {}
RESULT: {"script":"<script> [8489 bytes]","args":[{"element-6066-11e4-a52e-4f735466cecf":"f.FCC204B58DEBB53E51F41DDFA2FB85CF.d.BD60B5E2215572CB4D07FB63F6E9A273.e.3207","ELEMENT":"f.FCC204B58DEBB53E51F41DDFA2FB85CF.d.BD60B5E2215572CB4D07FB63F6E9A273.e.3207"}]}
COMMAND: POST /session/c5b1ef57caa26d27c0af8f03bb65535b/execute/sync - {"script":"<script> [5351 bytes]","args":[{"element-6066-11e4-a52e-4f735466cecf":"f.FCC204B58DEBB53E51F41DDFA2FB85CF.d.BD60B5E2215572CB4D07FB63F6E9A273.e.3207","ELEMENT":"f.FCC204B58DEBB53E51F41DDFA2FB85CF.d.BD60B5E2215572CB4D07FB63F6E9A273.e.3207"}]}
COMMAND: GET /session/c5b1ef57caa26d27c0af8f03bb65535b/screenshot - {}
RESULT: {}
RESULT: {"script":"<script> [5351 bytes]","args":[{"element-6066-11e4-a52e-4f735466cecf":"f.FCC204B58DEBB53E51F41DDFA2FB85CF.d.BD60B5E2215572CB4D07FB63F6E9A273.e.3207","ELEMENT":"f.FCC204B58DEBB53E51F41DDFA2FB85CF.d.BD60B5E2215572CB4D07FB63F6E9A273.e.3207"}]}
COMMAND: POST /session/c5b1ef57caa26d27c0af8f03bb65535b/element/f.FCC204B58DEBB53E51F41DDFA2FB85CF.d.BD60B5E2215572CB4D07FB63F6E9A273.e.3207/click - {}
COMMAND: GET /session/c5b1ef57caa26d27c0af8f03bb65535b/screenshot - {}
RESULT: {}
RESULT: {}
COMMAND: GET /session/c5b1ef57caa26d27c0af8f03bb65535b/screenshot - {}
COMMAND: POST /session/c5b1ef57caa26d27c0af8f03bb65535b/execute/async - {"script":"<script> [1562 bytes]","args":[{"selector":{"id":"application-managepartners-display-component---NewPartner--addressDetailDetailsName1","interaction":{"idSuffix":"inner"}},"wdio_ui5_key":"applicationmanagepartners-display-component---NewPartner--addressDetailDetailsName1"}]}
RESULT: {}
RESULT: {}
RESULT: {"script":"<script> [1562 bytes]","args":[{"selector":{"id":"application-managepartners-display-component---NewPartner--addressDetailDetailsName1","interaction":{"idSuffix":"inner"}},"wdio_ui5_key":"applicationmanagepartners-display-component---NewPartner--addressDetailDetailsName1"}]}
RESULT: undefined
COMMAND: POST /session/c5b1ef57caa26d27c0af8f03bb65535b/execute/async - {"script":"<script> [776 bytes]","args":[{"enterText":"Intercompany Partner WDIO","selector":{"id":"application-managepartners-display-component---NewPartner--addressDetailDetailsName1","interaction":{"idSuffix":"inner"}},"clearTextFirst":true,"interactionType":"ENTER_TEXT"}]}
RESULT: {"script":"<script> [776 bytes]","args":[{"enterText":"Intercompany Partner WDIO","selector":{"id":"application-managepartners-display-component---NewPartner--addressDetailDetailsName1","interaction":{"idSuffix":"inner"}},"clearTextFirst":true,"interactionType":"ENTER_TEXT"}]}
COMMAND: POST /session/c5b1ef57caa26d27c0af8f03bb65535b/execute/async - {"script":"<script> [1562 bytes]","args":[{"selector":{"id":"application-managepartners-display-component---NewPartner--addressDetailDetailsLanguage-arrow"},"wdio_ui5_key":"applicationmanagepartners-display-component---NewPartner--addressDetailDetailsLanguage-arrow"}]}
RESULT: {"script":"<script> [1562 bytes]","args":[{"selector":{"id":"application-managepartners-display-component---NewPartner--addressDetailDetailsLanguage-arrow"},"wdio_ui5_key":"applicationmanagepartners-display-component---NewPartner--addressDetailDetailsLanguage-arrow"}]}
RESULT: undefined
COMMAND: POST /session/c5b1ef57caa26d27c0af8f03bb65535b/element - {"using":"xpath","value":"//*[@id=\"application-managepartners-display-component---NewPartner--addressDetailDetailsLanguage-arrow\"]"}
RESULT: {"using":"xpath","value":"//*[@id=\"application-managepartners-display-component---NewPartner--addressDetailDetailsLanguage-arrow\"]"}
COMMAND: POST /session/c5b1ef57caa26d27c0af8f03bb65535b/element/f.FCC204B58DEBB53E51F41DDFA2FB85CF.d.BD60B5E2215572CB4D07FB63F6E9A273.e.3650/click - {}
RESULT: {}
COMMAND: POST /session/c5b1ef57caa26d27c0af8f03bb65535b/element - {"using":"xpath","value":"//span[contains(text(), \"English\")]"}
COMMAND: GET /session/c5b1ef57caa26d27c0af8f03bb65535b/screenshot - {}
RESULT: {"using":"xpath","value":"//span[contains(text(), \"English\")]"}
COMMAND: POST /session/c5b1ef57caa26d27c0af8f03bb65535b/element/f.FCC204B58DEBB53E51F41DDFA2FB85CF.d.BD60B5E2215572CB4D07FB63F6E9A273.e.3651/click - {}
RESULT: {}
RESULT: {}
COMMAND: GET /session/c5b1ef57caa26d27c0af8f03bb65535b/screenshot - {}
RESULT: {}
COMMAND: POST /session/c5b1ef57caa26d27c0af8f03bb65535b/execute/async - {"script":"<script> [1562 bytes]","args":[{"selector":{"id":"application-managepartners-display-component---NewPartner--addressDetailDetailsCity1","interaction":{"idSuffix":"inner"}},"wdio_ui5_key":"applicationmanagepartners-display-component---NewPartner--addressDetailDetailsCity1"}]}
RESULT: {"script":"<script> [1562 bytes]","args":[{"selector":{"id":"application-managepartners-display-component---NewPartner--addressDetailDetailsCity1","interaction":{"idSuffix":"inner"}},"wdio_ui5_key":"applicationmanagepartners-display-component---NewPartner--addressDetailDetailsCity1"}]}
RESULT: undefined
COMMAND: POST /session/c5b1ef57caa26d27c0af8f03bb65535b/execute/async - {"script":"<script> [776 bytes]","args":[{"enterText":"Rosario","selector":{"id":"application-managepartners-display-component---NewPartner--addressDetailDetailsCity1","interaction":{"idSuffix":"inner"}},"clearTextFirst":true,"interactionType":"ENTER_TEXT"}]}
RESULT: {"script":"<script> [776 bytes]","args":[{"enterText":"Rosario","selector":{"id":"application-managepartners-display-component---NewPartner--addressDetailDetailsCity1","interaction":{"idSuffix":"inner"}},"clearTextFirst":true,"interactionType":"ENTER_TEXT"}]}
COMMAND: POST /session/c5b1ef57caa26d27c0af8f03bb65535b/execute/async - {"script":"<script> [1562 bytes]","args":[{"selector":{"id":"application-managepartners-display-component---NewPartner--addressDetailDetailsCountry-arrow"},"wdio_ui5_key":"applicationmanagepartners-display-component---NewPartner--addressDetailDetailsCountry-arrow"}]}
RESULT: {"script":"<script> [1562 bytes]","args":[{"selector":{"id":"application-managepartners-display-component---NewPartner--addressDetailDetailsCountry-arrow"},"wdio_ui5_key":"applicationmanagepartners-display-component---NewPartner--addressDetailDetailsCountry-arrow"}]}
RESULT: undefined
COMMAND: POST /session/c5b1ef57caa26d27c0af8f03bb65535b/element - {"using":"xpath","value":"//*[@id=\"application-managepartners-display-component---NewPartner--addressDetailDetailsCountry-arrow\"]"}
RESULT: {"using":"xpath","value":"//*[@id=\"application-managepartners-display-component---NewPartner--addressDetailDetailsCountry-arrow\"]"}
COMMAND: POST /session/c5b1ef57caa26d27c0af8f03bb65535b/element/f.FCC204B58DEBB53E51F41DDFA2FB85CF.d.BD60B5E2215572CB4D07FB63F6E9A273.e.3632/click - {}
RESULT: {}
COMMAND: POST /session/c5b1ef57caa26d27c0af8f03bb65535b/element - {"using":"xpath","value":"//span[contains(text(), \"Argentina\")]"}
COMMAND: GET /session/c5b1ef57caa26d27c0af8f03bb65535b/screenshot - {}
RESULT: {"using":"xpath","value":"//span[contains(text(), \"Argentina\")]"}
COMMAND: POST /session/c5b1ef57caa26d27c0af8f03bb65535b/element/f.FCC204B58DEBB53E51F41DDFA2FB85CF.d.BD60B5E2215572CB4D07FB63F6E9A273.e.3653/click - {}
RESULT: {}
RESULT: {}
COMMAND: GET /session/c5b1ef57caa26d27c0af8f03bb65535b/screenshot - {}
RESULT: {}
COMMAND: POST /session/c5b1ef57caa26d27c0af8f03bb65535b/element - {"using":"xpath","value":"//bdi[contains(text(), \"Commercial\")]"}
RESULT: {"using":"xpath","value":"//bdi[contains(text(), \"Commercial\")]"}
COMMAND: POST /session/c5b1ef57caa26d27c0af8f03bb65535b/element/f.FCC204B58DEBB53E51F41DDFA2FB85CF.d.BD60B5E2215572CB4D07FB63F6E9A273.e.3654/click - {}
RESULT: {}
COMMAND: GET /session/c5b1ef57caa26d27c0af8f03bb65535b/screenshot - {}
RESULT: {}
COMMAND: POST /session/c5b1ef57caa26d27c0af8f03bb65535b/execute/async - {"script":"<script> [1562 bytes]","args":[{"selector":{"id":"application-managepartners-display-component---NewPartner--partnerDetailInternal-arrow"},"wdio_ui5_key":"applicationmanagepartners-display-component---NewPartner--partnerDetailInternal-arrow"}]}
RESULT: {"script":"<script> [1562 bytes]","args":[{"selector":{"id":"application-managepartners-display-component---NewPartner--partnerDetailInternal-arrow"},"wdio_ui5_key":"applicationmanagepartners-display-component---NewPartner--partnerDetailInternal-arrow"}]}
RESULT: undefined
COMMAND: POST /session/c5b1ef57caa26d27c0af8f03bb65535b/element - {"using":"xpath","value":"//*[@id=\"application-managepartners-display-component---NewPartner--partnerDetailInternal-arrow\"]"}
RESULT: {"using":"xpath","value":"//*[@id=\"application-managepartners-display-component---NewPartner--partnerDetailInternal-arrow\"]"}
COMMAND: POST /session/c5b1ef57caa26d27c0af8f03bb65535b/element/f.FCC204B58DEBB53E51F41DDFA2FB85CF.d.BD60B5E2215572CB4D07FB63F6E9A273.e.3662/click - {}
RESULT: {}
COMMAND: POST /session/c5b1ef57caa26d27c0af8f03bb65535b/element - {"using":"xpath","value":"//span[contains(text(), \"Affiliated company\")]"}
COMMAND: GET /session/c5b1ef57caa26d27c0af8f03bb65535b/screenshot - {}
RESULT: {"using":"xpath","value":"//span[contains(text(), \"Affiliated company\")]"}
COMMAND: POST /session/c5b1ef57caa26d27c0af8f03bb65535b/element/f.FCC204B58DEBB53E51F41DDFA2FB85CF.d.BD60B5E2215572CB4D07FB63F6E9A273.e.3663/click - {}
RESULT: {}
RESULT: {}
COMMAND: POST /session/c5b1ef57caa26d27c0af8f03bb65535b/execute/async - {"script":"<script> [1562 bytes]","args":[{"selector":{"id":"application-managepartners-display-component---NewPartner--partnerDetailsCurrency-arrow"},"wdio_ui5_key":"applicationmanagepartners-display-component---NewPartner--partnerDetailsCurrency-arrow"}]}
COMMAND: GET /session/c5b1ef57caa26d27c0af8f03bb65535b/screenshot - {}
RESULT: {"script":"<script> [1562 bytes]","args":[{"selector":{"id":"application-managepartners-display-component---NewPartner--partnerDetailsCurrency-arrow"},"wdio_ui5_key":"applicationmanagepartners-display-component---NewPartner--partnerDetailsCurrency-arrow"}]}
RESULT: undefined
COMMAND: POST /session/c5b1ef57caa26d27c0af8f03bb65535b/element - {"using":"xpath","value":"//*[@id=\"application-managepartners-display-component---NewPartner--partnerDetailsCurrency-arrow\"]"}
RESULT: {}
RESULT: {"using":"xpath","value":"//*[@id=\"application-managepartners-display-component---NewPartner--partnerDetailsCurrency-arrow\"]"}
COMMAND: POST /session/c5b1ef57caa26d27c0af8f03bb65535b/element/f.FCC204B58DEBB53E51F41DDFA2FB85CF.d.BD60B5E2215572CB4D07FB63F6E9A273.e.3670/click - {}
RESULT: {}
COMMAND: POST /session/c5b1ef57caa26d27c0af8f03bb65535b/element - {"using":"xpath","value":"//span[contains(text(), \"Euro\")]"}
COMMAND: GET /session/c5b1ef57caa26d27c0af8f03bb65535b/screenshot - {}
RESULT: {"using":"xpath","value":"//span[contains(text(), \"Euro\")]"}
COMMAND: POST /session/c5b1ef57caa26d27c0af8f03bb65535b/element/f.FCC204B58DEBB53E51F41DDFA2FB85CF.d.BD60B5E2215572CB4D07FB63F6E9A273.e.3671/click - {}
RESULT: {}
RESULT: {}
COMMAND: POST /session/c5b1ef57caa26d27c0af8f03bb65535b/execute/async - {"script":"<script> [1562 bytes]","args":[{"selector":{"id":"application-managepartners-display-component---NewPartner--addressEditDetailsCostObjectCstType-arrow"},"wdio_ui5_key":"applicationmanagepartners-display-component---NewPartner--addressEditDetailsCostObjectCstType-arrow"}]}
COMMAND: GET /session/c5b1ef57caa26d27c0af8f03bb65535b/screenshot - {}
RESULT: {"script":"<script> [1562 bytes]","args":[{"selector":{"id":"application-managepartners-display-component---NewPartner--addressEditDetailsCostObjectCstType-arrow"},"wdio_ui5_key":"applicationmanagepartners-display-component---NewPartner--addressEditDetailsCostObjectCstType-arrow"}]}
RESULT: undefined
COMMAND: POST /session/c5b1ef57caa26d27c0af8f03bb65535b/element - {"using":"xpath","value":"//*[@id=\"application-managepartners-display-component---NewPartner--addressEditDetailsCostObjectCstType-arrow\"]"}
RESULT: {}
RESULT: {"using":"xpath","value":"//*[@id=\"application-managepartners-display-component---NewPartner--addressEditDetailsCostObjectCstType-arrow\"]"}
COMMAND: POST /session/c5b1ef57caa26d27c0af8f03bb65535b/element/f.FCC204B58DEBB53E51F41DDFA2FB85CF.d.BD60B5E2215572CB4D07FB63F6E9A273.e.3672/click - {}
RESULT: {}
COMMAND: POST /session/c5b1ef57caa26d27c0af8f03bb65535b/element - {"using":"xpath","value":"//span[contains(text(), \"Cost Center\")]"}
COMMAND: GET /session/c5b1ef57caa26d27c0af8f03bb65535b/screenshot - {}
RESULT: {"using":"xpath","value":"//span[contains(text(), \"Cost Center\")]"}
COMMAND: POST /session/c5b1ef57caa26d27c0af8f03bb65535b/element/f.FCC204B58DEBB53E51F41DDFA2FB85CF.d.BD60B5E2215572CB4D07FB63F6E9A273.e.3673/click - {}
RESULT: {}
RESULT: {}
COMMAND: GET /session/c5b1ef57caa26d27c0af8f03bb65535b/screenshot - {}
RESULT: {}
COMMAND: POST /session/c5b1ef57caa26d27c0af8f03bb65535b/element - {"using":"xpath","value":"//span[@id=\"application-managepartners-display-component---NewPartner--addressNewCostObjectCstID-vhi\"]"}
RESULT: {"using":"xpath","value":"//span[@id=\"application-managepartners-display-component---NewPartner--addressNewCostObjectCstID-vhi\"]"}
COMMAND: POST /session/c5b1ef57caa26d27c0af8f03bb65535b/execute/sync - {"script":"<script> [8489 bytes]","args":[{"element-6066-11e4-a52e-4f735466cecf":"f.FCC204B58DEBB53E51F41DDFA2FB85CF.d.BD60B5E2215572CB4D07FB63F6E9A273.e.3677","ELEMENT":"f.FCC204B58DEBB53E51F41DDFA2FB85CF.d.BD60B5E2215572CB4D07FB63F6E9A273.e.3677"}]}
RESULT: {"script":"<script> [8489 bytes]","args":[{"element-6066-11e4-a52e-4f735466cecf":"f.FCC204B58DEBB53E51F41DDFA2FB85CF.d.BD60B5E2215572CB4D07FB63F6E9A273.e.3677","ELEMENT":"f.FCC204B58DEBB53E51F41DDFA2FB85CF.d.BD60B5E2215572CB4D07FB63F6E9A273.e.3677"}]}
COMMAND: POST /session/c5b1ef57caa26d27c0af8f03bb65535b/execute/async - {"script":"<script> [1562 bytes]","args":[{"selector":{"id":"application-managepartners-display-component---NewPartner--addressNewCostObjectCstID-vhi"},"wdio_ui5_key":"applicationmanagepartners-display-component---NewPartner--addressNewCostObjectCstID-vhi"}]}
COMMAND: GET /session/c5b1ef57caa26d27c0af8f03bb65535b/screenshot - {}
RESULT: {"script":"<script> [1562 bytes]","args":[{"selector":{"id":"application-managepartners-display-component---NewPartner--addressNewCostObjectCstID-vhi"},"wdio_ui5_key":"applicationmanagepartners-display-component---NewPartner--addressNewCostObjectCstID-vhi"}]}
RESULT: undefined
COMMAND: POST /session/c5b1ef57caa26d27c0af8f03bb65535b/element - {"using":"xpath","value":"//*[@id=\"application-managepartners-display-component---NewPartner--addressNewCostObjectCstID-vhi\"]"}
RESULT: {}
RESULT: {"using":"xpath","value":"//*[@id=\"application-managepartners-display-component---NewPartner--addressNewCostObjectCstID-vhi\"]"}
COMMAND: POST /session/c5b1ef57caa26d27c0af8f03bb65535b/element/f.FCC204B58DEBB53E51F41DDFA2FB85CF.d.BD60B5E2215572CB4D07FB63F6E9A273.e.3677/click - {}
RESULT: {}
COMMAND: GET /session/c5b1ef57caa26d27c0af8f03bb65535b/screenshot - {}
RESULT: {}
COMMAND: POST /session/c5b1ef57caa26d27c0af8f03bb65535b/execute/async - {"script":"<script> [1562 bytes]","args":[{"selector":{"controlType":"sap.m.SearchField","properties":{"placeholder":"Search"},"searchOpenDialogs":true,"interaction":{"idSuffix":"I"}},"wdio_ui5_key":"sapm.SearchField{\"placeholder\":\"Search\"}"}]}
RESULT: {"script":"<script> [1562 bytes]","args":[{"selector":{"controlType":"sap.m.SearchField","properties":{"placeholder":"Search"},"searchOpenDialogs":true,"interaction":{"idSuffix":"I"}},"wdio_ui5_key":"sapm.SearchField{\"placeholder\":\"Search\"}"}]}
RESULT: undefined
COMMAND: POST /session/c5b1ef57caa26d27c0af8f03bb65535b/execute/async - {"script":"<script> [776 bytes]","args":[{"enterText":"10001013","selector":{"controlType":"sap.m.SearchField","properties":{"placeholder":"Search"},"searchOpenDialogs":true,"interaction":{"idSuffix":"I"}},"clearTextFirst":true,"interactionType":"ENTER_TEXT"}]}
RESULT: {"script":"<script> [776 bytes]","args":[{"enterText":"10001013","selector":{"controlType":"sap.m.SearchField","properties":{"placeholder":"Search"},"searchOpenDialogs":true,"interaction":{"idSuffix":"I"}},"clearTextFirst":true,"interactionType":"ENTER_TEXT"}]}
COMMAND: POST /session/c5b1ef57caa26d27c0af8f03bb65535b/actions - {"actions":[{"id":"action7","type":"key","parameters":{},"actions":[{"type":"keyDown","value":"î€‡"},{"type":"pause","duration":10},{"type":"keyUp","value":"î€‡"}]}]}
RESULT: {"actions":[{"id":"action7","type":"key","parameters":{},"actions":[{"type":"keyDown","value":"î€‡"},{"type":"pause","duration":10},{"type":"keyUp","value":"î€‡"}]}]}
COMMAND: GET /session/c5b1ef57caa26d27c0af8f03bb65535b/screenshot - {}
RESULT: {}
COMMAND: POST /session/c5b1ef57caa26d27c0af8f03bb65535b/element - {"using":"xpath","value":"//span[contains(text(), \"General Management\")]"}
RESULT: {"using":"xpath","value":"//span[contains(text(), \"General Management\")]"}
COMMAND: POST /session/c5b1ef57caa26d27c0af8f03bb65535b/element/f.FCC204B58DEBB53E51F41DDFA2FB85CF.d.BD60B5E2215572CB4D07FB63F6E9A273.e.3718/click - {}
RESULT: {}
COMMAND: GET /session/c5b1ef57caa26d27c0af8f03bb65535b/screenshot - {}
RESULT: {}
COMMAND: POST /session/c5b1ef57caa26d27c0af8f03bb65535b/element - {"using":"xpath","value":"//bdi[contains(text(), \"OK\")]"}
RESULT: {"using":"xpath","value":"//bdi[contains(text(), \"OK\")]"}
COMMAND: POST /session/c5b1ef57caa26d27c0af8f03bb65535b/element/f.FCC204B58DEBB53E51F41DDFA2FB85CF.d.BD60B5E2215572CB4D07FB63F6E9A273.e.3719/click - {}
RESULT: {}
COMMAND: GET /session/c5b1ef57caa26d27c0af8f03bb65535b/screenshot - {}
RESULT: {}
COMMAND: POST /session/c5b1ef57caa26d27c0af8f03bb65535b/element - {"using":"xpath","value":"//input[@id=\"application-managepartners-display-component---NewPartner--companyCodeComboBox-inner\"]"}
RESULT: {"using":"xpath","value":"//input[@id=\"application-managepartners-display-component---NewPartner--companyCodeComboBox-inner\"]"}
COMMAND: POST /session/c5b1ef57caa26d27c0af8f03bb65535b/element/f.FCC204B58DEBB53E51F41DDFA2FB85CF.d.BD60B5E2215572CB4D07FB63F6E9A273.e.3510/clear - {}
RESULT: {}
COMMAND: POST /session/c5b1ef57caa26d27c0af8f03bb65535b/element/f.FCC204B58DEBB53E51F41DDFA2FB85CF.d.BD60B5E2215572CB4D07FB63F6E9A273.e.3510/value - {"text":"C002"}
COMMAND: GET /session/c5b1ef57caa26d27c0af8f03bb65535b/screenshot - {}
RESULT: {"text":"C002"}
COMMAND: GET /session/c5b1ef57caa26d27c0af8f03bb65535b/screenshot - {}
RESULT: {}
RESULT: {}
COMMAND: POST /session/c5b1ef57caa26d27c0af8f03bb65535b/element - {"using":"xpath","value":"//li[.//span[text()= \"C002\"]]"}
RESULT: {"using":"xpath","value":"//li[.//span[text()= \"C002\"]]"}
COMMAND: POST /session/c5b1ef57caa26d27c0af8f03bb65535b/element/f.FCC204B58DEBB53E51F41DDFA2FB85CF.d.BD60B5E2215572CB4D07FB63F6E9A273.e.3725/click - {}
RESULT: {}
COMMAND: GET /session/c5b1ef57caa26d27c0af8f03bb65535b/screenshot - {}
RESULT: {}
COMMAND: POST /session/c5b1ef57caa26d27c0af8f03bb65535b/execute/async - {"script":"<script> [1562 bytes]","args":[{"selector":{"id":"application-managepartners-display-component---NewPartner--btnAddTableRow-img"},"wdio_ui5_key":"applicationmanagepartners-display-component---NewPartner--btnAddTableRow-img"}]}
RESULT: {"script":"<script> [1562 bytes]","args":[{"selector":{"id":"application-managepartners-display-component---NewPartner--btnAddTableRow-img"},"wdio_ui5_key":"applicationmanagepartners-display-component---NewPartner--btnAddTableRow-img"}]}
RESULT: undefined
COMMAND: POST /session/c5b1ef57caa26d27c0af8f03bb65535b/element - {"using":"xpath","value":"//*[@id=\"application-managepartners-display-component---NewPartner--btnAddTableRow-img\"]"}
RESULT: {"using":"xpath","value":"//*[@id=\"application-managepartners-display-component---NewPartner--btnAddTableRow-img\"]"}
COMMAND: POST /session/c5b1ef57caa26d27c0af8f03bb65535b/element/f.FCC204B58DEBB53E51F41DDFA2FB85CF.d.BD60B5E2215572CB4D07FB63F6E9A273.e.3726/click - {}
RESULT: {}
COMMAND: GET /session/c5b1ef57caa26d27c0af8f03bb65535b/screenshot - {}
RESULT: {}
COMMAND: POST /session/c5b1ef57caa26d27c0af8f03bb65535b/element - {"using":"xpath","value":"//input[@id=\"application-managepartners-display-component---NewPartner--assignmentYard-application-managepartners-display-component---NewPartner--assignmentsTable-0-inner\"]"}
RESULT: {"using":"xpath","value":"//input[@id=\"application-managepartners-display-component---NewPartner--assignmentYard-application-managepartners-display-component---NewPartner--assignmentsTable-0-inner\"]"}
COMMAND: POST /session/c5b1ef57caa26d27c0af8f03bb65535b/element/f.FCC204B58DEBB53E51F41DDFA2FB85CF.d.BD60B5E2215572CB4D07FB63F6E9A273.e.3729/clear - {}
RESULT: {}
COMMAND: POST /session/c5b1ef57caa26d27c0af8f03bb65535b/element/f.FCC204B58DEBB53E51F41DDFA2FB85CF.d.BD60B5E2215572CB4D07FB63F6E9A273.e.3729/value - {"text":"665"}
COMMAND: GET /session/c5b1ef57caa26d27c0af8f03bb65535b/screenshot - {}
RESULT: {"text":"665"}
COMMAND: GET /session/c5b1ef57caa26d27c0af8f03bb65535b/screenshot - {}
RESULT: {}
RESULT: {}
COMMAND: POST /session/c5b1ef57caa26d27c0af8f03bb65535b/element - {"using":"xpath","value":"//li[.//span[text()='665']]"}
RESULT: {"using":"xpath","value":"//li[.//span[text()='665']]"}
COMMAND: POST /session/c5b1ef57caa26d27c0af8f03bb65535b/element/f.FCC204B58DEBB53E51F41DDFA2FB85CF.d.BD60B5E2215572CB4D07FB63F6E9A273.e.3738/click - {}
RESULT: {}
COMMAND: GET /session/c5b1ef57caa26d27c0af8f03bb65535b/screenshot - {}
RESULT: {}
COMMAND: POST /session/c5b1ef57caa26d27c0af8f03bb65535b/actions - {"actions":[{"id":"action8","type":"key","parameters":{},"actions":[{"type":"keyDown","value":"î€‡"},{"type":"pause","duration":10},{"type":"keyUp","value":"î€‡"}]}]}
RESULT: {"actions":[{"id":"action8","type":"key","parameters":{},"actions":[{"type":"keyDown","value":"î€‡"},{"type":"pause","duration":10},{"type":"keyUp","value":"î€‡"}]}]}
COMMAND: POST /session/c5b1ef57caa26d27c0af8f03bb65535b/execute/async - {"script":"<script> [1562 bytes]","args":[{"selector":{"id":"application-managepartners-display-component---NewPartner--externalCustomerComboBox-application-managepartners-display-component---NewPartner--assignmentsTable-0-vhi"},"wdio_ui5_key":"applicationmanagepartners-display-component---NewPartner--externalCustomerComboBox-application-managepartners-display-component---NewPartner--assignmentsTable-0-vhi"}]}
COMMAND: GET /session/c5b1ef57caa26d27c0af8f03bb65535b/screenshot - {}
RESULT: {"script":"<script> [1562 bytes]","args":[{"selector":{"id":"application-managepartners-display-component---NewPartner--externalCustomerComboBox-application-managepartners-display-component---NewPartner--assignmentsTable-0-vhi"},"wdio_ui5_key":"applicationmanagepartners-display-component---NewPartner--externalCustomerComboBox-application-managepartners-display-component---NewPartner--assignmentsTable-0-vhi"}]}
RESULT: undefined
COMMAND: POST /session/c5b1ef57caa26d27c0af8f03bb65535b/element - {"using":"xpath","value":"//*[@id=\"application-managepartners-display-component---NewPartner--externalCustomerComboBox-application-managepartners-display-component---NewPartner--assignmentsTable-0-vhi\"]"}
RESULT: {}
RESULT: {"using":"xpath","value":"//*[@id=\"application-managepartners-display-component---NewPartner--externalCustomerComboBox-application-managepartners-display-component---NewPartner--assignmentsTable-0-vhi\"]"}
COMMAND: POST /session/c5b1ef57caa26d27c0af8f03bb65535b/element/f.FCC204B58DEBB53E51F41DDFA2FB85CF.d.BD60B5E2215572CB4D07FB63F6E9A273.e.3742/click - {}
RESULT: {}
RESULT: undefined
COMMAND: POST /session/c5b1ef57caa26d27c0af8f03bb65535b/execute/async - {"script":"<script> [776 bytes]","args":[{"enterText":"300003","selector":{"controlType":"sap.m.SearchField","properties":{"placeholder":"Search"},"searchOpenDialogs":true,"interaction":{"idSuffix":"I"}},"clearTextFirst":true,"interactionType":"ENTER_TEXT"}]}
COMMAND: GET /session/c5b1ef57caa26d27c0af8f03bb65535b/screenshot - {}
RESULT: {"script":"<script> [776 bytes]","args":[{"enterText":"300003","selector":{"controlType":"sap.m.SearchField","properties":{"placeholder":"Search"},"searchOpenDialogs":true,"interaction":{"idSuffix":"I"}},"clearTextFirst":true,"interactionType":"ENTER_TEXT"}]}
COMMAND: POST /session/c5b1ef57caa26d27c0af8f03bb65535b/actions - {"actions":[{"id":"action9","type":"key","parameters":{},"actions":[{"type":"keyDown","value":"î€‡"},{"type":"pause","duration":10},{"type":"keyUp","value":"î€‡"}]}]}
RESULT: {}
RESULT: {"actions":[{"id":"action9","type":"key","parameters":{},"actions":[{"type":"keyDown","value":"î€‡"},{"type":"pause","duration":10},{"type":"keyUp","value":"î€‡"}]}]}
COMMAND: GET /session/c5b1ef57caa26d27c0af8f03bb65535b/screenshot - {}
RESULT: {}
COMMAND: POST /session/c5b1ef57caa26d27c0af8f03bb65535b/element - {"using":"xpath","value":"//span[contains(text(), \"300003\")]"}
RESULT: {"using":"xpath","value":"//span[contains(text(), \"300003\")]"}
COMMAND: POST /session/c5b1ef57caa26d27c0af8f03bb65535b/element/f.FCC204B58DEBB53E51F41DDFA2FB85CF.d.BD60B5E2215572CB4D07FB63F6E9A273.e.3759/click - {}
RESULT: {}
COMMAND: GET /session/c5b1ef57caa26d27c0af8f03bb65535b/screenshot - {}
RESULT: {}
COMMAND: POST /session/c5b1ef57caa26d27c0af8f03bb65535b/element - {"using":"xpath","value":"//bdi[contains(text(), \"OK\")]"}
RESULT: {"using":"xpath","value":"//bdi[contains(text(), \"OK\")]"}
COMMAND: POST /session/c5b1ef57caa26d27c0af8f03bb65535b/element/f.FCC204B58DEBB53E51F41DDFA2FB85CF.d.BD60B5E2215572CB4D07FB63F6E9A273.e.3761/click - {}
RESULT: {}
COMMAND: GET /session/c5b1ef57caa26d27c0af8f03bb65535b/screenshot - {}
RESULT: {}
COMMAND: POST /session/c5b1ef57caa26d27c0af8f03bb65535b/execute/async - {"script":"<script> [1562 bytes]","args":[{"selector":{"id":"application-managepartners-display-component---NewPartner--intercompVendorComboBox-application-managepartners-display-component---NewPartner--assignmentsTable-0-vhi"},"wdio_ui5_key":"applicationmanagepartners-display-component---NewPartner--intercompVendorComboBox-application-managepartners-display-component---NewPartner--assignmentsTable-0-vhi"}]}
RESULT: {"script":"<script> [1562 bytes]","args":[{"selector":{"id":"application-managepartners-display-component---NewPartner--intercompVendorComboBox-application-managepartners-display-component---NewPartner--assignmentsTable-0-vhi"},"wdio_ui5_key":"applicationmanagepartners-display-component---NewPartner--intercompVendorComboBox-application-managepartners-display-component---NewPartner--assignmentsTable-0-vhi"}]}
RESULT: undefined
COMMAND: POST /session/c5b1ef57caa26d27c0af8f03bb65535b/element - {"using":"xpath","value":"//*[@id=\"application-managepartners-display-component---NewPartner--intercompVendorComboBox-application-managepartners-display-component---NewPartner--assignmentsTable-0-vhi\"]"}
RESULT: {"using":"xpath","value":"//*[@id=\"application-managepartners-display-component---NewPartner--intercompVendorComboBox-application-managepartners-display-component---NewPartner--assignmentsTable-0-vhi\"]"}
COMMAND: POST /session/c5b1ef57caa26d27c0af8f03bb65535b/element/f.FCC204B58DEBB53E51F41DDFA2FB85CF.d.BD60B5E2215572CB4D07FB63F6E9A273.e.3764/click - {}
RESULT: {}
RESULT: undefined
COMMAND: POST /session/c5b1ef57caa26d27c0af8f03bb65535b/execute/async - {"script":"<script> [776 bytes]","args":[{"enterText":"100005","selector":{"controlType":"sap.m.SearchField","properties":{"placeholder":"Search"},"searchOpenDialogs":true,"interaction":{"idSuffix":"I"}},"clearTextFirst":true,"interactionType":"ENTER_TEXT"}]}
COMMAND: GET /session/c5b1ef57caa26d27c0af8f03bb65535b/screenshot - {}
RESULT: {"script":"<script> [776 bytes]","args":[{"enterText":"100005","selector":{"controlType":"sap.m.SearchField","properties":{"placeholder":"Search"},"searchOpenDialogs":true,"interaction":{"idSuffix":"I"}},"clearTextFirst":true,"interactionType":"ENTER_TEXT"}]}
COMMAND: POST /session/c5b1ef57caa26d27c0af8f03bb65535b/actions - {"actions":[{"id":"action10","type":"key","parameters":{},"actions":[{"type":"keyDown","value":"î€‡"},{"type":"pause","duration":10},{"type":"keyUp","value":"î€‡"}]}]}
RESULT: {}
RESULT: {"actions":[{"id":"action10","type":"key","parameters":{},"actions":[{"type":"keyDown","value":"î€‡"},{"type":"pause","duration":10},{"type":"keyUp","value":"î€‡"}]}]}
COMMAND: GET /session/c5b1ef57caa26d27c0af8f03bb65535b/screenshot - {}
RESULT: {}
COMMAND: POST /session/c5b1ef57caa26d27c0af8f03bb65535b/element - {"using":"xpath","value":"//span[contains(text(), \"Penguins - Field/12345 Berlin\")]"}
RESULT: {"using":"xpath","value":"//span[contains(text(), \"Penguins - Field/12345 Berlin\")]"}
COMMAND: POST /session/c5b1ef57caa26d27c0af8f03bb65535b/element/f.FCC204B58DEBB53E51F41DDFA2FB85CF.d.BD60B5E2215572CB4D07FB63F6E9A273.e.3783/click - {}
RESULT: {}
COMMAND: GET /session/c5b1ef57caa26d27c0af8f03bb65535b/screenshot - {}
RESULT: {}
COMMAND: POST /session/c5b1ef57caa26d27c0af8f03bb65535b/element - {"using":"xpath","value":"//bdi[contains(text(), \"OK\")]"}
RESULT: {"using":"xpath","value":"//bdi[contains(text(), \"OK\")]"}
COMMAND: POST /session/c5b1ef57caa26d27c0af8f03bb65535b/element/f.FCC204B58DEBB53E51F41DDFA2FB85CF.d.BD60B5E2215572CB4D07FB63F6E9A273.e.3784/click - {}
RESULT: {}
COMMAND: GET /session/c5b1ef57caa26d27c0af8f03bb65535b/screenshot - {}
RESULT: {}
COMMAND: POST /session/c5b1ef57caa26d27c0af8f03bb65535b/element - {"using":"xpath","value":"//button[@data-kt=\"saveButton\"]"}
RESULT: {"using":"xpath","value":"//button[@data-kt=\"saveButton\"]"}
COMMAND: POST /session/c5b1ef57caa26d27c0af8f03bb65535b/element/f.FCC204B58DEBB53E51F41DDFA2FB85CF.d.BD60B5E2215572CB4D07FB63F6E9A273.e.3634/click - {}
RESULT: {}
COMMAND: GET /session/c5b1ef57caa26d27c0af8f03bb65535b/screenshot - {}
RESULT: {}
COMMAND: POST /session/c5b1ef57caa26d27c0af8f03bb65535b/element - {"using":"xpath","value":"//header[contains(@id, 'ObjectPageLayout-headerTitle')]/div[1]/div[2]/div[2]/span[1]"}
RESULT: {"using":"xpath","value":"//header[contains(@id, 'ObjectPageLayout-headerTitle')]/div[1]/div[2]/div[2]/span[1]"}
COMMAND: POST /session/c5b1ef57caa26d27c0af8f03bb65535b/elements - {"using":"xpath","value":"//header[contains(@id, 'ObjectPageLayout-headerTitle')]/div[1]/div[2]/div[2]/span[1]"}
RESULT: {"using":"xpath","value":"//header[contains(@id, 'ObjectPageLayout-headerTitle')]/div[1]/div[2]/div[2]/span[1]"}
COMMAND: POST /session/c5b1ef57caa26d27c0af8f03bb65535b/execute/sync - {"script":"<script> [56 bytes]","args":[{"element-6066-11e4-a52e-4f735466cecf":"f.FCC204B58DEBB53E51F41DDFA2FB85CF.d.BD60B5E2215572CB4D07FB63F6E9A273.e.3949","ELEMENT":"f.FCC204B58DEBB53E51F41DDFA2FB85CF.d.BD60B5E2215572CB4D07FB63F6E9A273.e.3949"}]}
RESULT: {"script":"<script> [56 bytes]","args":[{"element-6066-11e4-a52e-4f735466cecf":"f.FCC204B58DEBB53E51F41DDFA2FB85CF.d.BD60B5E2215572CB4D07FB63F6E9A273.e.3949","ELEMENT":"f.FCC204B58DEBB53E51F41DDFA2FB85CF.d.BD60B5E2215572CB4D07FB63F6E9A273.e.3949"}]}
COMMAND: POST /session/c5b1ef57caa26d27c0af8f03bb65535b/element - {"using":"css selector","value":"#shell-header-logo"}
COMMAND: GET /session/c5b1ef57caa26d27c0af8f03bb65535b/screenshot - {}
RESULT: {"using":"css selector","value":"#shell-header-logo"}
COMMAND: POST /session/c5b1ef57caa26d27c0af8f03bb65535b/element/f.FCC204B58DEBB53E51F41DDFA2FB85CF.d.BD60B5E2215572CB4D07FB63F6E9A273.e.3161/click - {}
RESULT: {}
RESULT: {}
COMMAND: GET /session/c5b1ef57caa26d27c0af8f03bb65535b/screenshot - {}
RESULT: {}
COMMAND: POST /session/c5b1ef57caa26d27c0af8f03bb65535b/execute/sync - {"script":"<script> [299 bytes]","args":[["getModel","getResource"]]}
RESULT: {"script":"<script> [299 bytes]","args":[["getModel","getResource"]]}
RESULT: undefined
COMMAND: POST /session/c5b1ef57caa26d27c0af8f03bb65535b/element - {"using":"xpath","value":"//*[@id=\"__tile30\"]"}
COMMAND: GET /session/c5b1ef57caa26d27c0af8f03bb65535b/screenshot - {}
RESULT: {"using":"xpath","value":"//*[@id=\"__tile30\"]"}
COMMAND: POST /session/c5b1ef57caa26d27c0af8f03bb65535b/element/f.FCC204B58DEBB53E51F41DDFA2FB85CF.d.BD60B5E2215572CB4D07FB63F6E9A273.e.3083/click - {}
RESULT: {}
RESULT: {}
COMMAND: GET /session/c5b1ef57caa26d27c0af8f03bb65535b/screenshot - {}
RESULT: {}
COMMAND: POST /session/c5b1ef57caa26d27c0af8f03bb65535b/elements - {"using":"xpath","value":"//span[text()='Error']"}
RESULT: {"using":"xpath","value":"//span[text()='Error']"}
COMMAND: POST /session/c5b1ef57caa26d27c0af8f03bb65535b/element - {"using":"xpath","value":"//button[@data-kt=\"addButton\"]"}
RESULT: {"using":"xpath","value":"//button[@data-kt=\"addButton\"]"}
COMMAND: POST /session/c5b1ef57caa26d27c0af8f03bb65535b/elements - {"using":"xpath","value":"//button[@data-kt=\"addButton\"]"}
RESULT: {"using":"xpath","value":"//button[@data-kt=\"addButton\"]"}
COMMAND: POST /session/c5b1ef57caa26d27c0af8f03bb65535b/execute/sync - {"script":"<script> [8489 bytes]","args":[{"element-6066-11e4-a52e-4f735466cecf":"f.FCC204B58DEBB53E51F41DDFA2FB85CF.d.BD60B5E2215572CB4D07FB63F6E9A273.e.3996","ELEMENT":"f.FCC204B58DEBB53E51F41DDFA2FB85CF.d.BD60B5E2215572CB4D07FB63F6E9A273.e.3996"}]}
RESULT: {"script":"<script> [8489 bytes]","args":[{"element-6066-11e4-a52e-4f735466cecf":"f.FCC204B58DEBB53E51F41DDFA2FB85CF.d.BD60B5E2215572CB4D07FB63F6E9A273.e.3996","ELEMENT":"f.FCC204B58DEBB53E51F41DDFA2FB85CF.d.BD60B5E2215572CB4D07FB63F6E9A273.e.3996"}]}
COMMAND: GET /session/c5b1ef57caa26d27c0af8f03bb65535b/element/f.FCC204B58DEBB53E51F41DDFA2FB85CF.d.BD60B5E2215572CB4D07FB63F6E9A273.e.3996/enabled - {}
COMMAND: GET /session/c5b1ef57caa26d27c0af8f03bb65535b/screenshot - {}
RESULT: {}
COMMAND: POST /session/c5b1ef57caa26d27c0af8f03bb65535b/execute/sync - {"script":"<script> [8489 bytes]","args":[{"element-6066-11e4-a52e-4f735466cecf":"f.FCC204B58DEBB53E51F41DDFA2FB85CF.d.BD60B5E2215572CB4D07FB63F6E9A273.e.3996","ELEMENT":"f.FCC204B58DEBB53E51F41DDFA2FB85CF.d.BD60B5E2215572CB4D07FB63F6E9A273.e.3996"}]}
COMMAND: GET /session/c5b1ef57caa26d27c0af8f03bb65535b/screenshot - {}
RESULT: {}
RESULT: {"script":"<script> [8489 bytes]","args":[{"element-6066-11e4-a52e-4f735466cecf":"f.FCC204B58DEBB53E51F41DDFA2FB85CF.d.BD60B5E2215572CB4D07FB63F6E9A273.e.3996","ELEMENT":"f.FCC204B58DEBB53E51F41DDFA2FB85CF.d.BD60B5E2215572CB4D07FB63F6E9A273.e.3996"}]}
COMMAND: POST /session/c5b1ef57caa26d27c0af8f03bb65535b/execute/sync - {"script":"<script> [5351 bytes]","args":[{"element-6066-11e4-a52e-4f735466cecf":"f.FCC204B58DEBB53E51F41DDFA2FB85CF.d.BD60B5E2215572CB4D07FB63F6E9A273.e.3996","ELEMENT":"f.FCC204B58DEBB53E51F41DDFA2FB85CF.d.BD60B5E2215572CB4D07FB63F6E9A273.e.3996"}]}
COMMAND: GET /session/c5b1ef57caa26d27c0af8f03bb65535b/screenshot - {}
RESULT: {}
RESULT: {"script":"<script> [5351 bytes]","args":[{"element-6066-11e4-a52e-4f735466cecf":"f.FCC204B58DEBB53E51F41DDFA2FB85CF.d.BD60B5E2215572CB4D07FB63F6E9A273.e.3996","ELEMENT":"f.FCC204B58DEBB53E51F41DDFA2FB85CF.d.BD60B5E2215572CB4D07FB63F6E9A273.e.3996"}]}
COMMAND: GET /session/c5b1ef57caa26d27c0af8f03bb65535b/screenshot - {}
RESULT: {}
RESULT: {}
COMMAND: POST /session/c5b1ef57caa26d27c0af8f03bb65535b/execute/async - {"script":"<script> [1562 bytes]","args":[{"selector":{"id":"application-managepartners-display-component---masterPtm--smartFilterBar-btnBasicSearch","interaction":{"idSuffix":"I"}},"wdio_ui5_key":"applicationmanagepartners-display-component---masterPtm--smartFilterBar-btnBasicSearch"}]}
RESULT: {"script":"<script> [1562 bytes]","args":[{"selector":{"id":"application-managepartners-display-component---masterPtm--smartFilterBar-btnBasicSearch","interaction":{"idSuffix":"I"}},"wdio_ui5_key":"applicationmanagepartners-display-component---masterPtm--smartFilterBar-btnBasicSearch"}]}
RESULT: undefined
COMMAND: POST /session/c5b1ef57caa26d27c0af8f03bb65535b/execute/async - {"script":"<script> [776 bytes]","args":[{"enterText":"1434","selector":{"id":"application-managepartners-display-component---masterPtm--smartFilterBar-btnBasicSearch","interaction":{"idSuffix":"I"}},"clearTextFirst":true,"interactionType":"ENTER_TEXT"}]}
RESULT: {"script":"<script> [776 bytes]","args":[{"enterText":"1434","selector":{"id":"application-managepartners-display-component---masterPtm--smartFilterBar-btnBasicSearch","interaction":{"idSuffix":"I"}},"clearTextFirst":true,"interactionType":"ENTER_TEXT"}]}
COMMAND: POST /session/c5b1ef57caa26d27c0af8f03bb65535b/actions - {"actions":[{"id":"action11","type":"key","parameters":{},"actions":[{"type":"keyDown","value":"î€‡"},{"type":"pause","duration":10},{"type":"keyUp","value":"î€‡"}]}]}
RESULT: {"actions":[{"id":"action11","type":"key","parameters":{},"actions":[{"type":"keyDown","value":"î€‡"},{"type":"pause","duration":10},{"type":"keyUp","value":"î€‡"}]}]}
COMMAND: GET /session/c5b1ef57caa26d27c0af8f03bb65535b/screenshot - {}
RESULT: {}
COMMAND: POST /session/c5b1ef57caa26d27c0af8f03bb65535b/elements - {"using":"xpath","value":"//table[contains(@id, \"customPartnersTable-listUl\")]/tbody/tr"}
RESULT: {"using":"xpath","value":"//table[contains(@id, \"customPartnersTable-listUl\")]/tbody/tr"}
COMMAND: POST /session/c5b1ef57caa26d27c0af8f03bb65535b/element - {"using":"xpath","value":"//table[contains(@id, \"customPartnersTable-listUl\")]/tbody/tr[1]/td[3]/span"}
RESULT: {"using":"xpath","value":"//table[contains(@id, \"customPartnersTable-listUl\")]/tbody/tr[1]/td[3]/span"}
COMMAND: POST /session/c5b1ef57caa26d27c0af8f03bb65535b/elements - {"using":"xpath","value":"//table[contains(@id, \"customPartnersTable-listUl\")]/tbody/tr[1]/td[3]/span"}
RESULT: {"using":"xpath","value":"//table[contains(@id, \"customPartnersTable-listUl\")]/tbody/tr[1]/td[3]/span"}
COMMAND: POST /session/c5b1ef57caa26d27c0af8f03bb65535b/execute/sync - {"script":"<script> [56 bytes]","args":[{"element-6066-11e4-a52e-4f735466cecf":"f.FCC204B58DEBB53E51F41DDFA2FB85CF.d.BD60B5E2215572CB4D07FB63F6E9A273.e.4130","ELEMENT":"f.FCC204B58DEBB53E51F41DDFA2FB85CF.d.BD60B5E2215572CB4D07FB63F6E9A273.e.4130"}]}
RESULT: {"script":"<script> [56 bytes]","args":[{"element-6066-11e4-a52e-4f735466cecf":"f.FCC204B58DEBB53E51F41DDFA2FB85CF.d.BD60B5E2215572CB4D07FB63F6E9A273.e.4130","ELEMENT":"f.FCC204B58DEBB53E51F41DDFA2FB85CF.d.BD60B5E2215572CB4D07FB63F6E9A273.e.4130"}]}
COMMAND: POST /session/c5b1ef57caa26d27c0af8f03bb65535b/element - {"using":"xpath","value":"(//span[contains(@id, \"imgNav\")])[1]"}
COMMAND: GET /session/c5b1ef57caa26d27c0af8f03bb65535b/screenshot - {}
RESULT: {"using":"xpath","value":"(//span[contains(@id, \"imgNav\")])[1]"}
COMMAND: POST /session/c5b1ef57caa26d27c0af8f03bb65535b/element/f.FCC204B58DEBB53E51F41DDFA2FB85CF.d.BD60B5E2215572CB4D07FB63F6E9A273.e.4128/click - {}
RESULT: {}
RESULT: {}
COMMAND: GET /session/c5b1ef57caa26d27c0af8f03bb65535b/screenshot - {}
RESULT: {}
COMMAND: POST /session/c5b1ef57caa26d27c0af8f03bb65535b/element - {"using":"xpath","value":"//bdi[contains(text(), \"Edit\")]"}
RESULT: {"using":"xpath","value":"//bdi[contains(text(), \"Edit\")]"}
COMMAND: POST /session/c5b1ef57caa26d27c0af8f03bb65535b/element/f.FCC204B58DEBB53E51F41DDFA2FB85CF.d.BD60B5E2215572CB4D07FB63F6E9A273.e.4272/click - {}
RESULT: {}
COMMAND: GET /session/c5b1ef57caa26d27c0af8f03bb65535b/screenshot - {}
RESULT: {}
COMMAND: POST /session/c5b1ef57caa26d27c0af8f03bb65535b/execute/async - {"script":"<script> [1562 bytes]","args":[{"selector":{"controlType":"sap.m.Input","viewName":"etm.portal.ui.managepartners.view.EditDetail","labelFor":{"text":"Name"},"interaction":{"idSuffix":"inner"}},"wdio_ui5_key":"etmportal.ui.managepartners.view.EditDetailsap.m.Input{\"text\":\"Name\"}"}]}
RESULT: {"script":"<script> [1562 bytes]","args":[{"selector":{"controlType":"sap.m.Input","viewName":"etm.portal.ui.managepartners.view.EditDetail","labelFor":{"text":"Name"},"interaction":{"idSuffix":"inner"}},"wdio_ui5_key":"etmportal.ui.managepartners.view.EditDetailsap.m.Input{\"text\":\"Name\"}"}]}
RESULT: undefined
COMMAND: POST /session/c5b1ef57caa26d27c0af8f03bb65535b/execute/async - {"script":"<script> [776 bytes]","args":[{"enterText":"Intercompany EDIT","selector":{"controlType":"sap.m.Input","viewName":"etm.portal.ui.managepartners.view.EditDetail","labelFor":{"text":"Name"},"interaction":{"idSuffix":"inner"}},"clearTextFirst":true,"interactionType":"ENTER_TEXT"}]}
RESULT: {"script":"<script> [776 bytes]","args":[{"enterText":"Intercompany EDIT","selector":{"controlType":"sap.m.Input","viewName":"etm.portal.ui.managepartners.view.EditDetail","labelFor":{"text":"Name"},"interaction":{"idSuffix":"inner"}},"clearTextFirst":true,"interactionType":"ENTER_TEXT"}]}
COMMAND: POST /session/c5b1ef57caa26d27c0af8f03bb65535b/element - {"using":"xpath","value":"(//span[contains(@id,\"addressDetailDetailsLanguage-arrow\")])[1]"}
RESULT: {"using":"xpath","value":"(//span[contains(@id,\"addressDetailDetailsLanguage-arrow\")])[1]"}
COMMAND: POST /session/c5b1ef57caa26d27c0af8f03bb65535b/element/f.FCC204B58DEBB53E51F41DDFA2FB85CF.d.BD60B5E2215572CB4D07FB63F6E9A273.e.4357/click - {}
RESULT: {}
COMMAND: POST /session/c5b1ef57caa26d27c0af8f03bb65535b/element - {"using":"xpath","value":"//span[contains(text(), \"Chinese\")]"}
COMMAND: GET /session/c5b1ef57caa26d27c0af8f03bb65535b/screenshot - {}
RESULT: {"using":"xpath","value":"//span[contains(text(), \"Chinese\")]"}
COMMAND: POST /session/c5b1ef57caa26d27c0af8f03bb65535b/element/f.FCC204B58DEBB53E51F41DDFA2FB85CF.d.BD60B5E2215572CB4D07FB63F6E9A273.e.4358/click - {}
RESULT: {}
RESULT: {}
COMMAND: GET /session/c5b1ef57caa26d27c0af8f03bb65535b/screenshot - {}
RESULT: {}
COMMAND: POST /session/c5b1ef57caa26d27c0af8f03bb65535b/execute/async - {"script":"<script> [1562 bytes]","args":[{"selector":{"controlType":"sap.m.Input","viewName":"etm.portal.ui.managepartners.view.EditDetail","labelFor":{"text":"City"},"interaction":{"idSuffix":"inner"}},"wdio_ui5_key":"etmportal.ui.managepartners.view.EditDetailsap.m.Input{\"text\":\"City\"}"}]}
RESULT: {"script":"<script> [1562 bytes]","args":[{"selector":{"controlType":"sap.m.Input","viewName":"etm.portal.ui.managepartners.view.EditDetail","labelFor":{"text":"City"},"interaction":{"idSuffix":"inner"}},"wdio_ui5_key":"etmportal.ui.managepartners.view.EditDetailsap.m.Input{\"text\":\"City\"}"}]}
RESULT: undefined
COMMAND: POST /session/c5b1ef57caa26d27c0af8f03bb65535b/execute/async - {"script":"<script> [776 bytes]","args":[{"enterText":"Clooj-Napoca","selector":{"controlType":"sap.m.Input","viewName":"etm.portal.ui.managepartners.view.EditDetail","labelFor":{"text":"City"},"interaction":{"idSuffix":"inner"}},"clearTextFirst":true,"interactionType":"ENTER_TEXT"}]}
RESULT: {"script":"<script> [776 bytes]","args":[{"enterText":"Clooj-Napoca","selector":{"controlType":"sap.m.Input","viewName":"etm.portal.ui.managepartners.view.EditDetail","labelFor":{"text":"City"},"interaction":{"idSuffix":"inner"}},"clearTextFirst":true,"interactionType":"ENTER_TEXT"}]}
COMMAND: POST /session/c5b1ef57caa26d27c0af8f03bb65535b/element - {"using":"xpath","value":"//button[@data-kt=\"saveButton\"]"}
RESULT: {"using":"xpath","value":"//button[@data-kt=\"saveButton\"]"}
COMMAND: POST /session/c5b1ef57caa26d27c0af8f03bb65535b/element/f.FCC204B58DEBB53E51F41DDFA2FB85CF.d.BD60B5E2215572CB4D07FB63F6E9A273.e.4335/click - {}
RESULT: {}
COMMAND: GET /session/c5b1ef57caa26d27c0af8f03bb65535b/screenshot - {}
RESULT: {}
COMMAND: POST /session/c5b1ef57caa26d27c0af8f03bb65535b/execute/async - {"script":"<script> [1562 bytes]","args":[{"selector":{"id":"application-managepartners-display-component---detailPtm--addressDetailDetailsName1"},"wdio_ui5_key":"applicationmanagepartners-display-component---detailPtm--addressDetailDetailsName1"}]}
RESULT: {"script":"<script> [1562 bytes]","args":[{"selector":{"id":"application-managepartners-display-component---detailPtm--addressDetailDetailsName1"},"wdio_ui5_key":"applicationmanagepartners-display-component---detailPtm--addressDetailDetailsName1"}]}
RESULT: undefined
COMMAND: POST /session/c5b1ef57caa26d27c0af8f03bb65535b/execute/async - {"script":"<script> [6424 bytes]","args":[{"element-6066-11e4-a52e-4f735466cecf":"f.FCC204B58DEBB53E51F41DDFA2FB85CF.d.BD60B5E2215572CB4D07FB63F6E9A273.e.4389"},"getValue",[]]}
RESULT: {"script":"<script> [6424 bytes]","args":[{"element-6066-11e4-a52e-4f735466cecf":"f.FCC204B58DEBB53E51F41DDFA2FB85CF.d.BD60B5E2215572CB4D07FB63F6E9A273.e.4389"},"getValue",[]]}
COMMAND: POST /session/c5b1ef57caa26d27c0af8f03bb65535b/element - {"using":"xpath","value":"//input[@id = \"application-managepartners-display-component---detailPtm--addressDetailDetailsLanguage-inner\"]"}
RESULT: {"using":"xpath","value":"//input[@id = \"application-managepartners-display-component---detailPtm--addressDetailDetailsLanguage-inner\"]"}
COMMAND: GET /session/c5b1ef57caa26d27c0af8f03bb65535b/element/f.FCC204B58DEBB53E51F41DDFA2FB85CF.d.BD60B5E2215572CB4D07FB63F6E9A273.e.4390/property/value - {}
RESULT: {}
COMMAND: POST /session/c5b1ef57caa26d27c0af8f03bb65535b/execute/async - {"script":"<script> [1562 bytes]","args":[{"selector":{"id":"application-managepartners-display-component---detailPtm--addressDetailDetailsCity1"},"wdio_ui5_key":"applicationmanagepartners-display-component---detailPtm--addressDetailDetailsCity1"}]}
COMMAND: GET /session/c5b1ef57caa26d27c0af8f03bb65535b/screenshot - {}
RESULT: {"script":"<script> [1562 bytes]","args":[{"selector":{"id":"application-managepartners-display-component---detailPtm--addressDetailDetailsCity1"},"wdio_ui5_key":"applicationmanagepartners-display-component---detailPtm--addressDetailDetailsCity1"}]}
RESULT: undefined
COMMAND: POST /session/c5b1ef57caa26d27c0af8f03bb65535b/execute/async - {"script":"<script> [6424 bytes]","args":[{"element-6066-11e4-a52e-4f735466cecf":"f.FCC204B58DEBB53E51F41DDFA2FB85CF.d.BD60B5E2215572CB4D07FB63F6E9A273.e.4391"},"getValue",[]]}
RESULT: {}
RESULT: {"script":"<script> [6424 bytes]","args":[{"element-6066-11e4-a52e-4f735466cecf":"f.FCC204B58DEBB53E51F41DDFA2FB85CF.d.BD60B5E2215572CB4D07FB63F6E9A273.e.4391"},"getValue",[]]}
COMMAND: POST /session/c5b1ef57caa26d27c0af8f03bb65535b/element - {"using":"css selector","value":"#shell-header-logo"}
RESULT: {"using":"css selector","value":"#shell-header-logo"}
COMMAND: POST /session/c5b1ef57caa26d27c0af8f03bb65535b/element/f.FCC204B58DEBB53E51F41DDFA2FB85CF.d.BD60B5E2215572CB4D07FB63F6E9A273.e.3952/click - {}
RESULT: {}
COMMAND: GET /session/c5b1ef57caa26d27c0af8f03bb65535b/screenshot - {}
RESULT: {}
]]></system-out>
    </testcase>
    <testcase classname="chrome.137_0_7151_56.windows.Partner_specific_tests_US150819_US151080_US151654_US151176_US103444_US151078_US151079_US151109_US151174_US151175_US151189" name="Should create a new intracompany partner edit some of its fields US151079" time="237.402">
      <system-out><![CDATA[
COMMAND: POST /session/c5b1ef57caa26d27c0af8f03bb65535b/element - {"using":"xpath","value":"//li[.//span[text()=\"Manage Partners\"]]"}
RESULT: {"using":"xpath","value":"//li[.//span[text()=\"Manage Partners\"]]"}
COMMAND: POST /session/c5b1ef57caa26d27c0af8f03bb65535b/element - {"using":"xpath","value":"//li[.//span[text()=\"Manage Partners\"]]"}
RESULT: {"using":"xpath","value":"//li[.//span[text()=\"Manage Partners\"]]"}
COMMAND: POST /session/c5b1ef57caa26d27c0af8f03bb65535b/element - {"using":"css selector","value":"#shell-header-logo"}
RESULT: {"using":"css selector","value":"#shell-header-logo"}
COMMAND: POST /session/c5b1ef57caa26d27c0af8f03bb65535b/element/f.FCC204B58DEBB53E51F41DDFA2FB85CF.d.BD60B5E2215572CB4D07FB63F6E9A273.e.4421/click - {}
COMMAND: POST /session/c5b1ef57caa26d27c0af8f03bb65535b/execute/sync - {"script":"<script> [8489 bytes]","args":[{"element-6066-11e4-a52e-4f735466cecf":"f.FCC204B58DEBB53E51F41DDFA2FB85CF.d.BD60B5E2215572CB4D07FB63F6E9A273.e.4421","ELEMENT":"f.FCC204B58DEBB53E51F41DDFA2FB85CF.d.BD60B5E2215572CB4D07FB63F6E9A273.e.4421"}]}
RESULT: {"script":"<script> [8489 bytes]","args":[{"element-6066-11e4-a52e-4f735466cecf":"f.FCC204B58DEBB53E51F41DDFA2FB85CF.d.BD60B5E2215572CB4D07FB63F6E9A273.e.4421","ELEMENT":"f.FCC204B58DEBB53E51F41DDFA2FB85CF.d.BD60B5E2215572CB4D07FB63F6E9A273.e.4421"}]}
COMMAND: POST /session/c5b1ef57caa26d27c0af8f03bb65535b/execute/sync - {"script":"<script> [5351 bytes]","args":[{"element-6066-11e4-a52e-4f735466cecf":"f.FCC204B58DEBB53E51F41DDFA2FB85CF.d.BD60B5E2215572CB4D07FB63F6E9A273.e.4421","ELEMENT":"f.FCC204B58DEBB53E51F41DDFA2FB85CF.d.BD60B5E2215572CB4D07FB63F6E9A273.e.4421"}]}
COMMAND: GET /session/c5b1ef57caa26d27c0af8f03bb65535b/screenshot - {}
RESULT: {}
COMMAND: GET /session/c5b1ef57caa26d27c0af8f03bb65535b/screenshot - {}
RESULT: {"script":"<script> [5351 bytes]","args":[{"element-6066-11e4-a52e-4f735466cecf":"f.FCC204B58DEBB53E51F41DDFA2FB85CF.d.BD60B5E2215572CB4D07FB63F6E9A273.e.4421","ELEMENT":"f.FCC204B58DEBB53E51F41DDFA2FB85CF.d.BD60B5E2215572CB4D07FB63F6E9A273.e.4421"}]}
COMMAND: GET /session/c5b1ef57caa26d27c0af8f03bb65535b/screenshot - {}
RESULT: {}
RESULT: {}
RESULT: {}
COMMAND: POST /session/c5b1ef57caa26d27c0af8f03bb65535b/refresh - {}
RESULT: {}
COMMAND: GET /session/c5b1ef57caa26d27c0af8f03bb65535b/screenshot - {}
RESULT: {}
COMMAND: POST /session/c5b1ef57caa26d27c0af8f03bb65535b/refresh - {}
RESULT: {}
COMMAND: GET /session/c5b1ef57caa26d27c0af8f03bb65535b/screenshot - {}
RESULT: {}
COMMAND: POST /session/c5b1ef57caa26d27c0af8f03bb65535b/window/fullscreen - {}
RESULT: {}
COMMAND: POST /session/c5b1ef57caa26d27c0af8f03bb65535b/execute/async - {"script":"<script> [189 bytes]","args":[]}
RESULT: {"script":"<script> [189 bytes]","args":[]}
COMMAND: POST /session/c5b1ef57caa26d27c0af8f03bb65535b/execute/async - {"script":"<script> [123 bytes]","args":[]}
RESULT: {"script":"<script> [123 bytes]","args":[]}
COMMAND: POST /session/c5b1ef57caa26d27c0af8f03bb65535b/timeouts - {"script":"<number>"}
RESULT: {"script":"<number>"}
COMMAND: GET /session/c5b1ef57caa26d27c0af8f03bb65535b/timeouts - {}
RESULT: {}
RESULT: undefined
COMMAND: POST /session/c5b1ef57caa26d27c0af8f03bb65535b/execute/async - {"script":"<script> [2676 bytes]","args":[]}
RESULT: {"script":"<script> [2676 bytes]","args":[]}
COMMAND: POST /session/c5b1ef57caa26d27c0af8f03bb65535b/execute/async - {"script":"<script> [2342 bytes]","args":[{"protocol":"http","hostname":"0.0.0.0","path":"/","capabilities":{"browserName":"chrome","goog:chromeOptions":{"binary":"C:\\Program Files\\Google\\Chrome\\Application\\chrome.exe","args":["--start-maximized"]}},"logLevel":"warn","connectionRetryTimeout":120000,"connectionRetryCount":3,"logLevels":{},"enableDirectConnect":true,"strictSSL":true,"_":"65 more keys: [\"cacheDir\",\"port\",\"requestedCapabilities\",\"automationProtocol\",\"baseUrl\",\"waitforInterval\",\"waitforTimeout\",\"onReload\",\"beforeCommand\",\"afterCommand\",\"rootDir\",\"specs\",\"suites\",\"exclude\",\"groupLogsByTestSpec\",\"excludeDriverLogs\",\"bail\",\"framework\",\"reporters\",\"services\",\"maxInstances\",\"maxInstancesPerCapability\",\"injectGlobals\",\"filesToWatch\",\"execArgv\",\"runnerEnv\",\"runner\",\"shard\",\"specFileRetries\",\"specFileRetriesDelay\",\"specFileRetriesDeferred\",\"reporterSyncInterval\",\"reporterSyncTimeout\",\"cucumberFeaturesWithLineNumbers\",\"autoCompileOpts\",\"mochaOpts\",\"jasmineOpts\",\"cucumberOpts\",\"onPrepare\",\"onWorkerStart\",\"onWorkerEnd\",\"before\",\"beforeSession\",\"beforeSuite\",\"beforeHook\",\"beforeTest\",\"afterTest\",\"afterHook\",\"afterSuite\",\"afterSession\",\"after\",\"onComplete\",\"beforeAssertion\",\"afterAssertion\",\"beforeFeature\",\"beforeScenario\",\"beforeStep\",\"afterStep\",\"afterScenario\",\"afterFeature\",\"_\",\"suite\",\"$0\",\"ignoredWorkerServices\",\"wdi5\"]"}]}
RESULT: {"script":"<script> [2342 bytes]","args":[{"protocol":"http","hostname":"0.0.0.0","path":"/","capabilities":{"browserName":"chrome","goog:chromeOptions":{"binary":"C:\\Program Files\\Google\\Chrome\\Application\\chrome.exe","args":["--start-maximized"]}},"logLevel":"warn","connectionRetryTimeout":120000,"connectionRetryCount":3,"logLevels":{},"enableDirectConnect":true,"strictSSL":true,"_":"65 more keys: [\"cacheDir\",\"port\",\"requestedCapabilities\",\"automationProtocol\",\"baseUrl\",\"waitforInterval\",\"waitforTimeout\",\"onReload\",\"beforeCommand\",\"afterCommand\",\"rootDir\",\"specs\",\"suites\",\"exclude\",\"groupLogsByTestSpec\",\"excludeDriverLogs\",\"bail\",\"framework\",\"reporters\",\"services\",\"maxInstances\",\"maxInstancesPerCapability\",\"injectGlobals\",\"filesToWatch\",\"execArgv\",\"runnerEnv\",\"runner\",\"shard\",\"specFileRetries\",\"specFileRetriesDelay\",\"specFileRetriesDeferred\",\"reporterSyncInterval\",\"reporterSyncTimeout\",\"cucumberFeaturesWithLineNumbers\",\"autoCompileOpts\",\"mochaOpts\",\"jasmineOpts\",\"cucumberOpts\",\"onPrepare\",\"onWorkerStart\",\"onWorkerEnd\",\"before\",\"beforeSession\",\"beforeSuite\",\"beforeHook\",\"beforeTest\",\"afterTest\",\"afterHook\",\"afterSuite\",\"afterSession\",\"after\",\"onComplete\",\"beforeAssertion\",\"afterAssertion\",\"beforeFeature\",\"beforeScenario\",\"beforeStep\",\"afterStep\",\"afterScenario\",\"afterFeature\",\"_\",\"suite\",\"$0\",\"ignoredWorkerServices\",\"wdi5\"]"}]}
COMMAND: POST /session/c5b1ef57caa26d27c0af8f03bb65535b/execute/async - {"script":"<script> [21126 bytes]","args":[35000]}
RESULT: {"script":"<script> [21126 bytes]","args":[35000]}
COMMAND: POST /session/c5b1ef57caa26d27c0af8f03bb65535b/window/fullscreen - {}
RESULT: {}
COMMAND: POST /session/c5b1ef57caa26d27c0af8f03bb65535b/window/fullscreen - {}
RESULT: {}
COMMAND: POST /session/c5b1ef57caa26d27c0af8f03bb65535b/execute/async - {"script":"<script> [1562 bytes]","args":[{"selector":{"controlType":"sap.m.GenericTile","properties":{"header":"Manage Partners"}},"wdio_ui5_key":"sapm.GenericTile{\"header\":\"Manage Partners\"}"}]}
RESULT: {"script":"<script> [1562 bytes]","args":[{"selector":{"controlType":"sap.m.GenericTile","properties":{"header":"Manage Partners"}},"wdio_ui5_key":"sapm.GenericTile{\"header\":\"Manage Partners\"}"}]}
RESULT: undefined
COMMAND: POST /session/c5b1ef57caa26d27c0af8f03bb65535b/element - {"using":"xpath","value":"//*[@id=\"__tile30\"]"}
RESULT: {"using":"xpath","value":"//*[@id=\"__tile30\"]"}
COMMAND: POST /session/c5b1ef57caa26d27c0af8f03bb65535b/element/f.FCC204B58DEBB53E51F41DDFA2FB85CF.d.229B58E2CE2BDA50F8D8B6E0B5EFBB5C.e.4491/click - {}
RESULT: {}
COMMAND: GET /session/c5b1ef57caa26d27c0af8f03bb65535b/screenshot - {}
RESULT: {}
COMMAND: POST /session/c5b1ef57caa26d27c0af8f03bb65535b/elements - {"using":"xpath","value":"//span[text()='Error']"}
RESULT: {"using":"xpath","value":"//span[text()='Error']"}
COMMAND: POST /session/c5b1ef57caa26d27c0af8f03bb65535b/element - {"using":"xpath","value":"//button[@data-kt=\"addButton\"]"}
RESULT: {"using":"xpath","value":"//button[@data-kt=\"addButton\"]"}
COMMAND: POST /session/c5b1ef57caa26d27c0af8f03bb65535b/elements - {"using":"xpath","value":"//button[@data-kt=\"addButton\"]"}
RESULT: {"using":"xpath","value":"//button[@data-kt=\"addButton\"]"}
COMMAND: POST /session/c5b1ef57caa26d27c0af8f03bb65535b/elements - {"using":"xpath","value":"//button[@data-kt=\"addButton\"]"}
RESULT: {"using":"xpath","value":"//button[@data-kt=\"addButton\"]"}
COMMAND: POST /session/c5b1ef57caa26d27c0af8f03bb65535b/elements - {"using":"xpath","value":"//button[@data-kt=\"addButton\"]"}
RESULT: {"using":"xpath","value":"//button[@data-kt=\"addButton\"]"}
COMMAND: POST /session/c5b1ef57caa26d27c0af8f03bb65535b/element - {"using":"xpath","value":"//button[@data-kt=\"addButton\"]"}
RESULT: {"using":"xpath","value":"//button[@data-kt=\"addButton\"]"}
COMMAND: POST /session/c5b1ef57caa26d27c0af8f03bb65535b/execute/sync - {"script":"<script> [8489 bytes]","args":[{"element-6066-11e4-a52e-4f735466cecf":"f.FCC204B58DEBB53E51F41DDFA2FB85CF.d.229B58E2CE2BDA50F8D8B6E0B5EFBB5C.e.4605","ELEMENT":"f.FCC204B58DEBB53E51F41DDFA2FB85CF.d.229B58E2CE2BDA50F8D8B6E0B5EFBB5C.e.4605"}]}
RESULT: {"script":"<script> [8489 bytes]","args":[{"element-6066-11e4-a52e-4f735466cecf":"f.FCC204B58DEBB53E51F41DDFA2FB85CF.d.229B58E2CE2BDA50F8D8B6E0B5EFBB5C.e.4605","ELEMENT":"f.FCC204B58DEBB53E51F41DDFA2FB85CF.d.229B58E2CE2BDA50F8D8B6E0B5EFBB5C.e.4605"}]}
COMMAND: GET /session/c5b1ef57caa26d27c0af8f03bb65535b/element/f.FCC204B58DEBB53E51F41DDFA2FB85CF.d.229B58E2CE2BDA50F8D8B6E0B5EFBB5C.e.4605/enabled - {}
COMMAND: GET /session/c5b1ef57caa26d27c0af8f03bb65535b/screenshot - {}
RESULT: {}
COMMAND: POST /session/c5b1ef57caa26d27c0af8f03bb65535b/execute/sync - {"script":"<script> [8489 bytes]","args":[{"element-6066-11e4-a52e-4f735466cecf":"f.FCC204B58DEBB53E51F41DDFA2FB85CF.d.229B58E2CE2BDA50F8D8B6E0B5EFBB5C.e.4605","ELEMENT":"f.FCC204B58DEBB53E51F41DDFA2FB85CF.d.229B58E2CE2BDA50F8D8B6E0B5EFBB5C.e.4605"}]}
COMMAND: GET /session/c5b1ef57caa26d27c0af8f03bb65535b/screenshot - {}
RESULT: {}
RESULT: {"script":"<script> [8489 bytes]","args":[{"element-6066-11e4-a52e-4f735466cecf":"f.FCC204B58DEBB53E51F41DDFA2FB85CF.d.229B58E2CE2BDA50F8D8B6E0B5EFBB5C.e.4605","ELEMENT":"f.FCC204B58DEBB53E51F41DDFA2FB85CF.d.229B58E2CE2BDA50F8D8B6E0B5EFBB5C.e.4605"}]}
COMMAND: POST /session/c5b1ef57caa26d27c0af8f03bb65535b/execute/sync - {"script":"<script> [5351 bytes]","args":[{"element-6066-11e4-a52e-4f735466cecf":"f.FCC204B58DEBB53E51F41DDFA2FB85CF.d.229B58E2CE2BDA50F8D8B6E0B5EFBB5C.e.4605","ELEMENT":"f.FCC204B58DEBB53E51F41DDFA2FB85CF.d.229B58E2CE2BDA50F8D8B6E0B5EFBB5C.e.4605"}]}
COMMAND: GET /session/c5b1ef57caa26d27c0af8f03bb65535b/screenshot - {}
RESULT: {}
RESULT: {"script":"<script> [5351 bytes]","args":[{"element-6066-11e4-a52e-4f735466cecf":"f.FCC204B58DEBB53E51F41DDFA2FB85CF.d.229B58E2CE2BDA50F8D8B6E0B5EFBB5C.e.4605","ELEMENT":"f.FCC204B58DEBB53E51F41DDFA2FB85CF.d.229B58E2CE2BDA50F8D8B6E0B5EFBB5C.e.4605"}]}
COMMAND: POST /session/c5b1ef57caa26d27c0af8f03bb65535b/element/f.FCC204B58DEBB53E51F41DDFA2FB85CF.d.229B58E2CE2BDA50F8D8B6E0B5EFBB5C.e.4605/click - {}
COMMAND: GET /session/c5b1ef57caa26d27c0af8f03bb65535b/screenshot - {}
RESULT: {}
RESULT: {}
COMMAND: GET /session/c5b1ef57caa26d27c0af8f03bb65535b/screenshot - {}
RESULT: {}
COMMAND: POST /session/c5b1ef57caa26d27c0af8f03bb65535b/execute/async - {"script":"<script> [1562 bytes]","args":[{"selector":{"id":"application-managepartners-display-component---NewPartner--addressDetailDetailsName1","interaction":{"idSuffix":"inner"}},"wdio_ui5_key":"applicationmanagepartners-display-component---NewPartner--addressDetailDetailsName1"}]}
RESULT: {}
RESULT: {"script":"<script> [1562 bytes]","args":[{"selector":{"id":"application-managepartners-display-component---NewPartner--addressDetailDetailsName1","interaction":{"idSuffix":"inner"}},"wdio_ui5_key":"applicationmanagepartners-display-component---NewPartner--addressDetailDetailsName1"}]}
RESULT: undefined
COMMAND: POST /session/c5b1ef57caa26d27c0af8f03bb65535b/execute/async - {"script":"<script> [776 bytes]","args":[{"enterText":"Intracompany Partner WDIO","selector":{"id":"application-managepartners-display-component---NewPartner--addressDetailDetailsName1","interaction":{"idSuffix":"inner"}},"clearTextFirst":true,"interactionType":"ENTER_TEXT"}]}
RESULT: {"script":"<script> [776 bytes]","args":[{"enterText":"Intracompany Partner WDIO","selector":{"id":"application-managepartners-display-component---NewPartner--addressDetailDetailsName1","interaction":{"idSuffix":"inner"}},"clearTextFirst":true,"interactionType":"ENTER_TEXT"}]}
COMMAND: POST /session/c5b1ef57caa26d27c0af8f03bb65535b/execute/async - {"script":"<script> [1562 bytes]","args":[{"selector":{"id":"application-managepartners-display-component---NewPartner--addressDetailDetailsLanguage-arrow"},"wdio_ui5_key":"applicationmanagepartners-display-component---NewPartner--addressDetailDetailsLanguage-arrow"}]}
RESULT: {"script":"<script> [1562 bytes]","args":[{"selector":{"id":"application-managepartners-display-component---NewPartner--addressDetailDetailsLanguage-arrow"},"wdio_ui5_key":"applicationmanagepartners-display-component---NewPartner--addressDetailDetailsLanguage-arrow"}]}
RESULT: undefined
COMMAND: POST /session/c5b1ef57caa26d27c0af8f03bb65535b/element - {"using":"xpath","value":"//*[@id=\"application-managepartners-display-component---NewPartner--addressDetailDetailsLanguage-arrow\"]"}
RESULT: {"using":"xpath","value":"//*[@id=\"application-managepartners-display-component---NewPartner--addressDetailDetailsLanguage-arrow\"]"}
COMMAND: POST /session/c5b1ef57caa26d27c0af8f03bb65535b/element/f.FCC204B58DEBB53E51F41DDFA2FB85CF.d.229B58E2CE2BDA50F8D8B6E0B5EFBB5C.e.5059/click - {}
RESULT: {}
COMMAND: POST /session/c5b1ef57caa26d27c0af8f03bb65535b/element - {"using":"xpath","value":"//span[contains(text(), \"English\")]"}
COMMAND: GET /session/c5b1ef57caa26d27c0af8f03bb65535b/screenshot - {}
RESULT: {"using":"xpath","value":"//span[contains(text(), \"English\")]"}
COMMAND: POST /session/c5b1ef57caa26d27c0af8f03bb65535b/element/f.FCC204B58DEBB53E51F41DDFA2FB85CF.d.229B58E2CE2BDA50F8D8B6E0B5EFBB5C.e.5060/click - {}
RESULT: {}
RESULT: {}
COMMAND: GET /session/c5b1ef57caa26d27c0af8f03bb65535b/screenshot - {}
RESULT: {}
COMMAND: POST /session/c5b1ef57caa26d27c0af8f03bb65535b/execute/async - {"script":"<script> [1562 bytes]","args":[{"selector":{"id":"application-managepartners-display-component---NewPartner--addressDetailDetailsCity1","interaction":{"idSuffix":"inner"}},"wdio_ui5_key":"applicationmanagepartners-display-component---NewPartner--addressDetailDetailsCity1"}]}
RESULT: {"script":"<script> [1562 bytes]","args":[{"selector":{"id":"application-managepartners-display-component---NewPartner--addressDetailDetailsCity1","interaction":{"idSuffix":"inner"}},"wdio_ui5_key":"applicationmanagepartners-display-component---NewPartner--addressDetailDetailsCity1"}]}
RESULT: undefined
COMMAND: POST /session/c5b1ef57caa26d27c0af8f03bb65535b/execute/async - {"script":"<script> [776 bytes]","args":[{"enterText":"Rosario","selector":{"id":"application-managepartners-display-component---NewPartner--addressDetailDetailsCity1","interaction":{"idSuffix":"inner"}},"clearTextFirst":true,"interactionType":"ENTER_TEXT"}]}
RESULT: {"script":"<script> [776 bytes]","args":[{"enterText":"Rosario","selector":{"id":"application-managepartners-display-component---NewPartner--addressDetailDetailsCity1","interaction":{"idSuffix":"inner"}},"clearTextFirst":true,"interactionType":"ENTER_TEXT"}]}
COMMAND: POST /session/c5b1ef57caa26d27c0af8f03bb65535b/execute/async - {"script":"<script> [1562 bytes]","args":[{"selector":{"id":"application-managepartners-display-component---NewPartner--addressDetailDetailsCountry-arrow"},"wdio_ui5_key":"applicationmanagepartners-display-component---NewPartner--addressDetailDetailsCountry-arrow"}]}
RESULT: {"script":"<script> [1562 bytes]","args":[{"selector":{"id":"application-managepartners-display-component---NewPartner--addressDetailDetailsCountry-arrow"},"wdio_ui5_key":"applicationmanagepartners-display-component---NewPartner--addressDetailDetailsCountry-arrow"}]}
RESULT: undefined
COMMAND: POST /session/c5b1ef57caa26d27c0af8f03bb65535b/element - {"using":"xpath","value":"//*[@id=\"application-managepartners-display-component---NewPartner--addressDetailDetailsCountry-arrow\"]"}
RESULT: {"using":"xpath","value":"//*[@id=\"application-managepartners-display-component---NewPartner--addressDetailDetailsCountry-arrow\"]"}
COMMAND: POST /session/c5b1ef57caa26d27c0af8f03bb65535b/element/f.FCC204B58DEBB53E51F41DDFA2FB85CF.d.229B58E2CE2BDA50F8D8B6E0B5EFBB5C.e.5046/click - {}
RESULT: {}
COMMAND: POST /session/c5b1ef57caa26d27c0af8f03bb65535b/element - {"using":"xpath","value":"//span[contains(text(), \"Argentina\")]"}
COMMAND: GET /session/c5b1ef57caa26d27c0af8f03bb65535b/screenshot - {}
RESULT: {"using":"xpath","value":"//span[contains(text(), \"Argentina\")]"}
COMMAND: POST /session/c5b1ef57caa26d27c0af8f03bb65535b/element/f.FCC204B58DEBB53E51F41DDFA2FB85CF.d.229B58E2CE2BDA50F8D8B6E0B5EFBB5C.e.5062/click - {}
RESULT: {}
RESULT: {}
COMMAND: GET /session/c5b1ef57caa26d27c0af8f03bb65535b/screenshot - {}
RESULT: {}
COMMAND: POST /session/c5b1ef57caa26d27c0af8f03bb65535b/element - {"using":"xpath","value":"//bdi[contains(text(), \"Commercial\")]"}
RESULT: {"using":"xpath","value":"//bdi[contains(text(), \"Commercial\")]"}
COMMAND: POST /session/c5b1ef57caa26d27c0af8f03bb65535b/element/f.FCC204B58DEBB53E51F41DDFA2FB85CF.d.229B58E2CE2BDA50F8D8B6E0B5EFBB5C.e.5063/click - {}
RESULT: {}
COMMAND: GET /session/c5b1ef57caa26d27c0af8f03bb65535b/screenshot - {}
RESULT: {}
COMMAND: POST /session/c5b1ef57caa26d27c0af8f03bb65535b/execute/async - {"script":"<script> [1562 bytes]","args":[{"selector":{"id":"application-managepartners-display-component---NewPartner--partnerDetailInternal-arrow"},"wdio_ui5_key":"applicationmanagepartners-display-component---NewPartner--partnerDetailInternal-arrow"}]}
RESULT: {"script":"<script> [1562 bytes]","args":[{"selector":{"id":"application-managepartners-display-component---NewPartner--partnerDetailInternal-arrow"},"wdio_ui5_key":"applicationmanagepartners-display-component---NewPartner--partnerDetailInternal-arrow"}]}
RESULT: undefined
COMMAND: POST /session/c5b1ef57caa26d27c0af8f03bb65535b/element - {"using":"xpath","value":"//*[@id=\"application-managepartners-display-component---NewPartner--partnerDetailInternal-arrow\"]"}
RESULT: {"using":"xpath","value":"//*[@id=\"application-managepartners-display-component---NewPartner--partnerDetailInternal-arrow\"]"}
COMMAND: POST /session/c5b1ef57caa26d27c0af8f03bb65535b/element/f.FCC204B58DEBB53E51F41DDFA2FB85CF.d.229B58E2CE2BDA50F8D8B6E0B5EFBB5C.e.5069/click - {}
RESULT: {}
COMMAND: POST /session/c5b1ef57caa26d27c0af8f03bb65535b/element - {"using":"xpath","value":"//span[contains(text(), \"Affiliated company\")]"}
COMMAND: GET /session/c5b1ef57caa26d27c0af8f03bb65535b/screenshot - {}
RESULT: {"using":"xpath","value":"//span[contains(text(), \"Affiliated company\")]"}
COMMAND: POST /session/c5b1ef57caa26d27c0af8f03bb65535b/element/f.FCC204B58DEBB53E51F41DDFA2FB85CF.d.229B58E2CE2BDA50F8D8B6E0B5EFBB5C.e.5071/click - {}
RESULT: {}
RESULT: {}
COMMAND: POST /session/c5b1ef57caa26d27c0af8f03bb65535b/execute/async - {"script":"<script> [1562 bytes]","args":[{"selector":{"id":"application-managepartners-display-component---NewPartner--partnerDetailsCurrency-arrow"},"wdio_ui5_key":"applicationmanagepartners-display-component---NewPartner--partnerDetailsCurrency-arrow"}]}
COMMAND: GET /session/c5b1ef57caa26d27c0af8f03bb65535b/screenshot - {}
RESULT: {"script":"<script> [1562 bytes]","args":[{"selector":{"id":"application-managepartners-display-component---NewPartner--partnerDetailsCurrency-arrow"},"wdio_ui5_key":"applicationmanagepartners-display-component---NewPartner--partnerDetailsCurrency-arrow"}]}
RESULT: undefined
COMMAND: POST /session/c5b1ef57caa26d27c0af8f03bb65535b/element - {"using":"xpath","value":"//*[@id=\"application-managepartners-display-component---NewPartner--partnerDetailsCurrency-arrow\"]"}
RESULT: {}
RESULT: {"using":"xpath","value":"//*[@id=\"application-managepartners-display-component---NewPartner--partnerDetailsCurrency-arrow\"]"}
COMMAND: POST /session/c5b1ef57caa26d27c0af8f03bb65535b/element/f.FCC204B58DEBB53E51F41DDFA2FB85CF.d.229B58E2CE2BDA50F8D8B6E0B5EFBB5C.e.5078/click - {}
RESULT: {}
COMMAND: POST /session/c5b1ef57caa26d27c0af8f03bb65535b/element - {"using":"xpath","value":"//span[contains(text(), \"Euro\")]"}
COMMAND: GET /session/c5b1ef57caa26d27c0af8f03bb65535b/screenshot - {}
RESULT: {"using":"xpath","value":"//span[contains(text(), \"Euro\")]"}
COMMAND: POST /session/c5b1ef57caa26d27c0af8f03bb65535b/element/f.FCC204B58DEBB53E51F41DDFA2FB85CF.d.229B58E2CE2BDA50F8D8B6E0B5EFBB5C.e.5079/click - {}
RESULT: {}
RESULT: {}
COMMAND: POST /session/c5b1ef57caa26d27c0af8f03bb65535b/execute/async - {"script":"<script> [1562 bytes]","args":[{"selector":{"id":"application-managepartners-display-component---NewPartner--addressEditDetailsCostObjectCstType-arrow"},"wdio_ui5_key":"applicationmanagepartners-display-component---NewPartner--addressEditDetailsCostObjectCstType-arrow"}]}
COMMAND: GET /session/c5b1ef57caa26d27c0af8f03bb65535b/screenshot - {}
RESULT: {"script":"<script> [1562 bytes]","args":[{"selector":{"id":"application-managepartners-display-component---NewPartner--addressEditDetailsCostObjectCstType-arrow"},"wdio_ui5_key":"applicationmanagepartners-display-component---NewPartner--addressEditDetailsCostObjectCstType-arrow"}]}
RESULT: undefined
COMMAND: POST /session/c5b1ef57caa26d27c0af8f03bb65535b/element - {"using":"xpath","value":"//*[@id=\"application-managepartners-display-component---NewPartner--addressEditDetailsCostObjectCstType-arrow\"]"}
RESULT: {}
RESULT: {"using":"xpath","value":"//*[@id=\"application-managepartners-display-component---NewPartner--addressEditDetailsCostObjectCstType-arrow\"]"}
COMMAND: POST /session/c5b1ef57caa26d27c0af8f03bb65535b/element/f.FCC204B58DEBB53E51F41DDFA2FB85CF.d.229B58E2CE2BDA50F8D8B6E0B5EFBB5C.e.5080/click - {}
RESULT: {}
COMMAND: POST /session/c5b1ef57caa26d27c0af8f03bb65535b/element - {"using":"xpath","value":"//span[contains(text(), \"Cost Center\")]"}
COMMAND: GET /session/c5b1ef57caa26d27c0af8f03bb65535b/screenshot - {}
RESULT: {"using":"xpath","value":"//span[contains(text(), \"Cost Center\")]"}
COMMAND: POST /session/c5b1ef57caa26d27c0af8f03bb65535b/element/f.FCC204B58DEBB53E51F41DDFA2FB85CF.d.229B58E2CE2BDA50F8D8B6E0B5EFBB5C.e.5081/click - {}
RESULT: {}
RESULT: {}
COMMAND: GET /session/c5b1ef57caa26d27c0af8f03bb65535b/screenshot - {}
RESULT: {}
COMMAND: POST /session/c5b1ef57caa26d27c0af8f03bb65535b/element - {"using":"xpath","value":"//span[@id=\"application-managepartners-display-component---NewPartner--addressNewCostObjectCstID-vhi\"]"}
RESULT: {"using":"xpath","value":"//span[@id=\"application-managepartners-display-component---NewPartner--addressNewCostObjectCstID-vhi\"]"}
COMMAND: POST /session/c5b1ef57caa26d27c0af8f03bb65535b/execute/sync - {"script":"<script> [8489 bytes]","args":[{"element-6066-11e4-a52e-4f735466cecf":"f.FCC204B58DEBB53E51F41DDFA2FB85CF.d.229B58E2CE2BDA50F8D8B6E0B5EFBB5C.e.5085","ELEMENT":"f.FCC204B58DEBB53E51F41DDFA2FB85CF.d.229B58E2CE2BDA50F8D8B6E0B5EFBB5C.e.5085"}]}
RESULT: {"script":"<script> [8489 bytes]","args":[{"element-6066-11e4-a52e-4f735466cecf":"f.FCC204B58DEBB53E51F41DDFA2FB85CF.d.229B58E2CE2BDA50F8D8B6E0B5EFBB5C.e.5085","ELEMENT":"f.FCC204B58DEBB53E51F41DDFA2FB85CF.d.229B58E2CE2BDA50F8D8B6E0B5EFBB5C.e.5085"}]}
COMMAND: POST /session/c5b1ef57caa26d27c0af8f03bb65535b/execute/async - {"script":"<script> [1562 bytes]","args":[{"selector":{"id":"application-managepartners-display-component---NewPartner--addressNewCostObjectCstID-vhi"},"wdio_ui5_key":"applicationmanagepartners-display-component---NewPartner--addressNewCostObjectCstID-vhi"}]}
COMMAND: GET /session/c5b1ef57caa26d27c0af8f03bb65535b/screenshot - {}
RESULT: {"script":"<script> [1562 bytes]","args":[{"selector":{"id":"application-managepartners-display-component---NewPartner--addressNewCostObjectCstID-vhi"},"wdio_ui5_key":"applicationmanagepartners-display-component---NewPartner--addressNewCostObjectCstID-vhi"}]}
RESULT: undefined
COMMAND: POST /session/c5b1ef57caa26d27c0af8f03bb65535b/element - {"using":"xpath","value":"//*[@id=\"application-managepartners-display-component---NewPartner--addressNewCostObjectCstID-vhi\"]"}
RESULT: {}
RESULT: {"using":"xpath","value":"//*[@id=\"application-managepartners-display-component---NewPartner--addressNewCostObjectCstID-vhi\"]"}
COMMAND: POST /session/c5b1ef57caa26d27c0af8f03bb65535b/element/f.FCC204B58DEBB53E51F41DDFA2FB85CF.d.229B58E2CE2BDA50F8D8B6E0B5EFBB5C.e.5085/click - {}
RESULT: {}
COMMAND: GET /session/c5b1ef57caa26d27c0af8f03bb65535b/screenshot - {}
RESULT: {}
COMMAND: POST /session/c5b1ef57caa26d27c0af8f03bb65535b/execute/async - {"script":"<script> [1562 bytes]","args":[{"selector":{"controlType":"sap.m.SearchField","properties":{"placeholder":"Search"},"searchOpenDialogs":true,"interaction":{"idSuffix":"I"}},"wdio_ui5_key":"sapm.SearchField{\"placeholder\":\"Search\"}"}]}
RESULT: {"script":"<script> [1562 bytes]","args":[{"selector":{"controlType":"sap.m.SearchField","properties":{"placeholder":"Search"},"searchOpenDialogs":true,"interaction":{"idSuffix":"I"}},"wdio_ui5_key":"sapm.SearchField{\"placeholder\":\"Search\"}"}]}
RESULT: undefined
COMMAND: POST /session/c5b1ef57caa26d27c0af8f03bb65535b/execute/async - {"script":"<script> [776 bytes]","args":[{"enterText":"10001013","selector":{"controlType":"sap.m.SearchField","properties":{"placeholder":"Search"},"searchOpenDialogs":true,"interaction":{"idSuffix":"I"}},"clearTextFirst":true,"interactionType":"ENTER_TEXT"}]}
RESULT: {"script":"<script> [776 bytes]","args":[{"enterText":"10001013","selector":{"controlType":"sap.m.SearchField","properties":{"placeholder":"Search"},"searchOpenDialogs":true,"interaction":{"idSuffix":"I"}},"clearTextFirst":true,"interactionType":"ENTER_TEXT"}]}
COMMAND: POST /session/c5b1ef57caa26d27c0af8f03bb65535b/actions - {"actions":[{"id":"action12","type":"key","parameters":{},"actions":[{"type":"keyDown","value":"î€‡"},{"type":"pause","duration":10},{"type":"keyUp","value":"î€‡"}]}]}
RESULT: {"actions":[{"id":"action12","type":"key","parameters":{},"actions":[{"type":"keyDown","value":"î€‡"},{"type":"pause","duration":10},{"type":"keyUp","value":"î€‡"}]}]}
COMMAND: GET /session/c5b1ef57caa26d27c0af8f03bb65535b/screenshot - {}
RESULT: {}
COMMAND: POST /session/c5b1ef57caa26d27c0af8f03bb65535b/element - {"using":"xpath","value":"//span[contains(text(), \"General Management\")]"}
RESULT: {"using":"xpath","value":"//span[contains(text(), \"General Management\")]"}
COMMAND: POST /session/c5b1ef57caa26d27c0af8f03bb65535b/element/f.FCC204B58DEBB53E51F41DDFA2FB85CF.d.229B58E2CE2BDA50F8D8B6E0B5EFBB5C.e.5128/click - {}
RESULT: {}
COMMAND: GET /session/c5b1ef57caa26d27c0af8f03bb65535b/screenshot - {}
RESULT: {}
COMMAND: POST /session/c5b1ef57caa26d27c0af8f03bb65535b/element - {"using":"xpath","value":"//bdi[contains(text(), \"OK\")]"}
RESULT: {"using":"xpath","value":"//bdi[contains(text(), \"OK\")]"}
COMMAND: POST /session/c5b1ef57caa26d27c0af8f03bb65535b/element/f.FCC204B58DEBB53E51F41DDFA2FB85CF.d.229B58E2CE2BDA50F8D8B6E0B5EFBB5C.e.5129/click - {}
RESULT: {}
COMMAND: GET /session/c5b1ef57caa26d27c0af8f03bb65535b/screenshot - {}
RESULT: {}
COMMAND: POST /session/c5b1ef57caa26d27c0af8f03bb65535b/element - {"using":"xpath","value":"//input[@id=\"application-managepartners-display-component---NewPartner--companyCodeComboBox-inner\"]"}
RESULT: {"using":"xpath","value":"//input[@id=\"application-managepartners-display-component---NewPartner--companyCodeComboBox-inner\"]"}
COMMAND: POST /session/c5b1ef57caa26d27c0af8f03bb65535b/element/f.FCC204B58DEBB53E51F41DDFA2FB85CF.d.229B58E2CE2BDA50F8D8B6E0B5EFBB5C.e.4917/clear - {}
RESULT: {}
COMMAND: POST /session/c5b1ef57caa26d27c0af8f03bb65535b/element/f.FCC204B58DEBB53E51F41DDFA2FB85CF.d.229B58E2CE2BDA50F8D8B6E0B5EFBB5C.e.4917/value - {"text":"1000"}
COMMAND: GET /session/c5b1ef57caa26d27c0af8f03bb65535b/screenshot - {}
RESULT: {"text":"1000"}
COMMAND: GET /session/c5b1ef57caa26d27c0af8f03bb65535b/screenshot - {}
RESULT: {}
RESULT: {}
COMMAND: POST /session/c5b1ef57caa26d27c0af8f03bb65535b/element - {"using":"xpath","value":"//li[.//span[text()= \"1000\"]]"}
RESULT: {"using":"xpath","value":"//li[.//span[text()= \"1000\"]]"}
COMMAND: POST /session/c5b1ef57caa26d27c0af8f03bb65535b/element/f.FCC204B58DEBB53E51F41DDFA2FB85CF.d.229B58E2CE2BDA50F8D8B6E0B5EFBB5C.e.5135/click - {}
RESULT: {}
COMMAND: GET /session/c5b1ef57caa26d27c0af8f03bb65535b/screenshot - {}
RESULT: {}
COMMAND: POST /session/c5b1ef57caa26d27c0af8f03bb65535b/execute/async - {"script":"<script> [1562 bytes]","args":[{"selector":{"id":"application-managepartners-display-component---NewPartner--btnAddTableRow-img"},"wdio_ui5_key":"applicationmanagepartners-display-component---NewPartner--btnAddTableRow-img"}]}
RESULT: {"script":"<script> [1562 bytes]","args":[{"selector":{"id":"application-managepartners-display-component---NewPartner--btnAddTableRow-img"},"wdio_ui5_key":"applicationmanagepartners-display-component---NewPartner--btnAddTableRow-img"}]}
RESULT: undefined
COMMAND: POST /session/c5b1ef57caa26d27c0af8f03bb65535b/element - {"using":"xpath","value":"//*[@id=\"application-managepartners-display-component---NewPartner--btnAddTableRow-img\"]"}
RESULT: {"using":"xpath","value":"//*[@id=\"application-managepartners-display-component---NewPartner--btnAddTableRow-img\"]"}
COMMAND: POST /session/c5b1ef57caa26d27c0af8f03bb65535b/element/f.FCC204B58DEBB53E51F41DDFA2FB85CF.d.229B58E2CE2BDA50F8D8B6E0B5EFBB5C.e.5136/click - {}
RESULT: {}
COMMAND: GET /session/c5b1ef57caa26d27c0af8f03bb65535b/screenshot - {}
RESULT: {}
COMMAND: POST /session/c5b1ef57caa26d27c0af8f03bb65535b/element - {"using":"xpath","value":"//input[@id=\"application-managepartners-display-component---NewPartner--assignmentYard-application-managepartners-display-component---NewPartner--assignmentsTable-0-inner\"]"}
RESULT: {"using":"xpath","value":"//input[@id=\"application-managepartners-display-component---NewPartner--assignmentYard-application-managepartners-display-component---NewPartner--assignmentsTable-0-inner\"]"}
COMMAND: POST /session/c5b1ef57caa26d27c0af8f03bb65535b/element/f.FCC204B58DEBB53E51F41DDFA2FB85CF.d.229B58E2CE2BDA50F8D8B6E0B5EFBB5C.e.5139/clear - {}
RESULT: {}
COMMAND: POST /session/c5b1ef57caa26d27c0af8f03bb65535b/element/f.FCC204B58DEBB53E51F41DDFA2FB85CF.d.229B58E2CE2BDA50F8D8B6E0B5EFBB5C.e.5139/value - {"text":"665"}
COMMAND: GET /session/c5b1ef57caa26d27c0af8f03bb65535b/screenshot - {}
RESULT: {"text":"665"}
COMMAND: GET /session/c5b1ef57caa26d27c0af8f03bb65535b/screenshot - {}
RESULT: {}
RESULT: {}
COMMAND: POST /session/c5b1ef57caa26d27c0af8f03bb65535b/element - {"using":"xpath","value":"//li[.//span[text()='665']]"}
RESULT: {"using":"xpath","value":"//li[.//span[text()='665']]"}
COMMAND: POST /session/c5b1ef57caa26d27c0af8f03bb65535b/element/f.FCC204B58DEBB53E51F41DDFA2FB85CF.d.229B58E2CE2BDA50F8D8B6E0B5EFBB5C.e.5148/click - {}
RESULT: {}
COMMAND: GET /session/c5b1ef57caa26d27c0af8f03bb65535b/screenshot - {}
RESULT: {}
COMMAND: POST /session/c5b1ef57caa26d27c0af8f03bb65535b/actions - {"actions":[{"id":"action13","type":"key","parameters":{},"actions":[{"type":"keyDown","value":"î€‡"},{"type":"pause","duration":10},{"type":"keyUp","value":"î€‡"}]}]}
RESULT: {"actions":[{"id":"action13","type":"key","parameters":{},"actions":[{"type":"keyDown","value":"î€‡"},{"type":"pause","duration":10},{"type":"keyUp","value":"î€‡"}]}]}
COMMAND: POST /session/c5b1ef57caa26d27c0af8f03bb65535b/execute/async - {"script":"<script> [1562 bytes]","args":[{"selector":{"id":"application-managepartners-display-component---NewPartner--externalCustomerComboBox-application-managepartners-display-component---NewPartner--assignmentsTable-0-vhi"},"wdio_ui5_key":"applicationmanagepartners-display-component---NewPartner--externalCustomerComboBox-application-managepartners-display-component---NewPartner--assignmentsTable-0-vhi"}]}
COMMAND: GET /session/c5b1ef57caa26d27c0af8f03bb65535b/screenshot - {}
RESULT: {"script":"<script> [1562 bytes]","args":[{"selector":{"id":"application-managepartners-display-component---NewPartner--externalCustomerComboBox-application-managepartners-display-component---NewPartner--assignmentsTable-0-vhi"},"wdio_ui5_key":"applicationmanagepartners-display-component---NewPartner--externalCustomerComboBox-application-managepartners-display-component---NewPartner--assignmentsTable-0-vhi"}]}
RESULT: undefined
COMMAND: POST /session/c5b1ef57caa26d27c0af8f03bb65535b/element - {"using":"xpath","value":"//*[@id=\"application-managepartners-display-component---NewPartner--externalCustomerComboBox-application-managepartners-display-component---NewPartner--assignmentsTable-0-vhi\"]"}
RESULT: {}
RESULT: {"using":"xpath","value":"//*[@id=\"application-managepartners-display-component---NewPartner--externalCustomerComboBox-application-managepartners-display-component---NewPartner--assignmentsTable-0-vhi\"]"}
COMMAND: POST /session/c5b1ef57caa26d27c0af8f03bb65535b/element/f.FCC204B58DEBB53E51F41DDFA2FB85CF.d.229B58E2CE2BDA50F8D8B6E0B5EFBB5C.e.5152/click - {}
RESULT: {}
RESULT: undefined
COMMAND: POST /session/c5b1ef57caa26d27c0af8f03bb65535b/execute/async - {"script":"<script> [776 bytes]","args":[{"enterText":"300003","selector":{"controlType":"sap.m.SearchField","properties":{"placeholder":"Search"},"searchOpenDialogs":true,"interaction":{"idSuffix":"I"}},"clearTextFirst":true,"interactionType":"ENTER_TEXT"}]}
COMMAND: GET /session/c5b1ef57caa26d27c0af8f03bb65535b/screenshot - {}
RESULT: {"script":"<script> [776 bytes]","args":[{"enterText":"300003","selector":{"controlType":"sap.m.SearchField","properties":{"placeholder":"Search"},"searchOpenDialogs":true,"interaction":{"idSuffix":"I"}},"clearTextFirst":true,"interactionType":"ENTER_TEXT"}]}
COMMAND: POST /session/c5b1ef57caa26d27c0af8f03bb65535b/actions - {"actions":[{"id":"action14","type":"key","parameters":{},"actions":[{"type":"keyDown","value":"î€‡"},{"type":"pause","duration":10},{"type":"keyUp","value":"î€‡"}]}]}
RESULT: {}
RESULT: {"actions":[{"id":"action14","type":"key","parameters":{},"actions":[{"type":"keyDown","value":"î€‡"},{"type":"pause","duration":10},{"type":"keyUp","value":"î€‡"}]}]}
COMMAND: GET /session/c5b1ef57caa26d27c0af8f03bb65535b/screenshot - {}
RESULT: {}
COMMAND: POST /session/c5b1ef57caa26d27c0af8f03bb65535b/element - {"using":"xpath","value":"//span[contains(text(), \"300003\")]"}
RESULT: {"using":"xpath","value":"//span[contains(text(), \"300003\")]"}
COMMAND: POST /session/c5b1ef57caa26d27c0af8f03bb65535b/element/f.FCC204B58DEBB53E51F41DDFA2FB85CF.d.229B58E2CE2BDA50F8D8B6E0B5EFBB5C.e.5170/click - {}
RESULT: {}
COMMAND: GET /session/c5b1ef57caa26d27c0af8f03bb65535b/screenshot - {}
RESULT: {}
COMMAND: POST /session/c5b1ef57caa26d27c0af8f03bb65535b/element - {"using":"xpath","value":"//bdi[contains(text(), \"OK\")]"}
RESULT: {"using":"xpath","value":"//bdi[contains(text(), \"OK\")]"}
COMMAND: POST /session/c5b1ef57caa26d27c0af8f03bb65535b/element/f.FCC204B58DEBB53E51F41DDFA2FB85CF.d.229B58E2CE2BDA50F8D8B6E0B5EFBB5C.e.5172/click - {}
RESULT: {}
COMMAND: GET /session/c5b1ef57caa26d27c0af8f03bb65535b/screenshot - {}
RESULT: {}
COMMAND: POST /session/c5b1ef57caa26d27c0af8f03bb65535b/execute/async - {"script":"<script> [1562 bytes]","args":[{"selector":{"id":"application-managepartners-display-component---NewPartner--intercompVendorComboBox-application-managepartners-display-component---NewPartner--assignmentsTable-0-vhi"},"wdio_ui5_key":"applicationmanagepartners-display-component---NewPartner--intercompVendorComboBox-application-managepartners-display-component---NewPartner--assignmentsTable-0-vhi"}]}
RESULT: {"script":"<script> [1562 bytes]","args":[{"selector":{"id":"application-managepartners-display-component---NewPartner--intercompVendorComboBox-application-managepartners-display-component---NewPartner--assignmentsTable-0-vhi"},"wdio_ui5_key":"applicationmanagepartners-display-component---NewPartner--intercompVendorComboBox-application-managepartners-display-component---NewPartner--assignmentsTable-0-vhi"}]}
RESULT: undefined
COMMAND: POST /session/c5b1ef57caa26d27c0af8f03bb65535b/element - {"using":"xpath","value":"//*[@id=\"application-managepartners-display-component---NewPartner--intercompVendorComboBox-application-managepartners-display-component---NewPartner--assignmentsTable-0-vhi\"]"}
RESULT: {"using":"xpath","value":"//*[@id=\"application-managepartners-display-component---NewPartner--intercompVendorComboBox-application-managepartners-display-component---NewPartner--assignmentsTable-0-vhi\"]"}
COMMAND: POST /session/c5b1ef57caa26d27c0af8f03bb65535b/element/f.FCC204B58DEBB53E51F41DDFA2FB85CF.d.229B58E2CE2BDA50F8D8B6E0B5EFBB5C.e.5175/click - {}
RESULT: {}
RESULT: undefined
COMMAND: POST /session/c5b1ef57caa26d27c0af8f03bb65535b/execute/async - {"script":"<script> [776 bytes]","args":[{"enterText":"100005","selector":{"controlType":"sap.m.SearchField","properties":{"placeholder":"Search"},"searchOpenDialogs":true,"interaction":{"idSuffix":"I"}},"clearTextFirst":true,"interactionType":"ENTER_TEXT"}]}
COMMAND: GET /session/c5b1ef57caa26d27c0af8f03bb65535b/screenshot - {}
RESULT: {"script":"<script> [776 bytes]","args":[{"enterText":"100005","selector":{"controlType":"sap.m.SearchField","properties":{"placeholder":"Search"},"searchOpenDialogs":true,"interaction":{"idSuffix":"I"}},"clearTextFirst":true,"interactionType":"ENTER_TEXT"}]}
COMMAND: POST /session/c5b1ef57caa26d27c0af8f03bb65535b/actions - {"actions":[{"id":"action15","type":"key","parameters":{},"actions":[{"type":"keyDown","value":"î€‡"},{"type":"pause","duration":10},{"type":"keyUp","value":"î€‡"}]}]}
RESULT: {}
RESULT: {"actions":[{"id":"action15","type":"key","parameters":{},"actions":[{"type":"keyDown","value":"î€‡"},{"type":"pause","duration":10},{"type":"keyUp","value":"î€‡"}]}]}
COMMAND: GET /session/c5b1ef57caa26d27c0af8f03bb65535b/screenshot - {}
RESULT: {}
COMMAND: POST /session/c5b1ef57caa26d27c0af8f03bb65535b/element - {"using":"xpath","value":"//span[contains(text(), \"Penguins - Field/12345 Berlin\")]"}
RESULT: {"using":"xpath","value":"//span[contains(text(), \"Penguins - Field/12345 Berlin\")]"}
COMMAND: POST /session/c5b1ef57caa26d27c0af8f03bb65535b/element/f.FCC204B58DEBB53E51F41DDFA2FB85CF.d.229B58E2CE2BDA50F8D8B6E0B5EFBB5C.e.5193/click - {}
RESULT: {}
COMMAND: GET /session/c5b1ef57caa26d27c0af8f03bb65535b/screenshot - {}
RESULT: {}
COMMAND: POST /session/c5b1ef57caa26d27c0af8f03bb65535b/element - {"using":"xpath","value":"//bdi[contains(text(), \"OK\")]"}
RESULT: {"using":"xpath","value":"//bdi[contains(text(), \"OK\")]"}
COMMAND: POST /session/c5b1ef57caa26d27c0af8f03bb65535b/element/f.FCC204B58DEBB53E51F41DDFA2FB85CF.d.229B58E2CE2BDA50F8D8B6E0B5EFBB5C.e.5194/click - {}
RESULT: {}
COMMAND: GET /session/c5b1ef57caa26d27c0af8f03bb65535b/screenshot - {}
RESULT: {}
COMMAND: POST /session/c5b1ef57caa26d27c0af8f03bb65535b/element - {"using":"xpath","value":"//button[@data-kt=\"saveButton\"]"}
RESULT: {"using":"xpath","value":"//button[@data-kt=\"saveButton\"]"}
COMMAND: POST /session/c5b1ef57caa26d27c0af8f03bb65535b/element/f.FCC204B58DEBB53E51F41DDFA2FB85CF.d.229B58E2CE2BDA50F8D8B6E0B5EFBB5C.e.4995/click - {}
RESULT: {}
COMMAND: GET /session/c5b1ef57caa26d27c0af8f03bb65535b/screenshot - {}
RESULT: {}
COMMAND: POST /session/c5b1ef57caa26d27c0af8f03bb65535b/element - {"using":"xpath","value":"//header[contains(@id, 'ObjectPageLayout-headerTitle')]/div[1]/div[2]/div[2]/span[1]"}
RESULT: {"using":"xpath","value":"//header[contains(@id, 'ObjectPageLayout-headerTitle')]/div[1]/div[2]/div[2]/span[1]"}
COMMAND: POST /session/c5b1ef57caa26d27c0af8f03bb65535b/elements - {"using":"xpath","value":"//header[contains(@id, 'ObjectPageLayout-headerTitle')]/div[1]/div[2]/div[2]/span[1]"}
RESULT: {"using":"xpath","value":"//header[contains(@id, 'ObjectPageLayout-headerTitle')]/div[1]/div[2]/div[2]/span[1]"}
COMMAND: POST /session/c5b1ef57caa26d27c0af8f03bb65535b/execute/sync - {"script":"<script> [56 bytes]","args":[{"element-6066-11e4-a52e-4f735466cecf":"f.FCC204B58DEBB53E51F41DDFA2FB85CF.d.229B58E2CE2BDA50F8D8B6E0B5EFBB5C.e.5359","ELEMENT":"f.FCC204B58DEBB53E51F41DDFA2FB85CF.d.229B58E2CE2BDA50F8D8B6E0B5EFBB5C.e.5359"}]}
RESULT: {"script":"<script> [56 bytes]","args":[{"element-6066-11e4-a52e-4f735466cecf":"f.FCC204B58DEBB53E51F41DDFA2FB85CF.d.229B58E2CE2BDA50F8D8B6E0B5EFBB5C.e.5359","ELEMENT":"f.FCC204B58DEBB53E51F41DDFA2FB85CF.d.229B58E2CE2BDA50F8D8B6E0B5EFBB5C.e.5359"}]}
COMMAND: POST /session/c5b1ef57caa26d27c0af8f03bb65535b/element - {"using":"css selector","value":"#shell-header-logo"}
COMMAND: GET /session/c5b1ef57caa26d27c0af8f03bb65535b/screenshot - {}
RESULT: {"using":"css selector","value":"#shell-header-logo"}
COMMAND: POST /session/c5b1ef57caa26d27c0af8f03bb65535b/element/f.FCC204B58DEBB53E51F41DDFA2FB85CF.d.229B58E2CE2BDA50F8D8B6E0B5EFBB5C.e.4570/click - {}
RESULT: {}
RESULT: {}
COMMAND: GET /session/c5b1ef57caa26d27c0af8f03bb65535b/screenshot - {}
RESULT: {}
COMMAND: POST /session/c5b1ef57caa26d27c0af8f03bb65535b/execute/sync - {"script":"<script> [299 bytes]","args":[["getModel","getResource"]]}
RESULT: {"script":"<script> [299 bytes]","args":[["getModel","getResource"]]}
RESULT: undefined
COMMAND: POST /session/c5b1ef57caa26d27c0af8f03bb65535b/element - {"using":"xpath","value":"//*[@id=\"__tile30\"]"}
COMMAND: GET /session/c5b1ef57caa26d27c0af8f03bb65535b/screenshot - {}
RESULT: {"using":"xpath","value":"//*[@id=\"__tile30\"]"}
COMMAND: POST /session/c5b1ef57caa26d27c0af8f03bb65535b/element/f.FCC204B58DEBB53E51F41DDFA2FB85CF.d.229B58E2CE2BDA50F8D8B6E0B5EFBB5C.e.4491/click - {}
RESULT: {}
RESULT: {}
COMMAND: GET /session/c5b1ef57caa26d27c0af8f03bb65535b/screenshot - {}
RESULT: {}
COMMAND: POST /session/c5b1ef57caa26d27c0af8f03bb65535b/elements - {"using":"xpath","value":"//span[text()='Error']"}
RESULT: {"using":"xpath","value":"//span[text()='Error']"}
COMMAND: POST /session/c5b1ef57caa26d27c0af8f03bb65535b/element - {"using":"xpath","value":"//button[@data-kt=\"addButton\"]"}
RESULT: {"using":"xpath","value":"//button[@data-kt=\"addButton\"]"}
COMMAND: POST /session/c5b1ef57caa26d27c0af8f03bb65535b/elements - {"using":"xpath","value":"//button[@data-kt=\"addButton\"]"}
RESULT: {"using":"xpath","value":"//button[@data-kt=\"addButton\"]"}
COMMAND: POST /session/c5b1ef57caa26d27c0af8f03bb65535b/execute/sync - {"script":"<script> [8489 bytes]","args":[{"element-6066-11e4-a52e-4f735466cecf":"f.FCC204B58DEBB53E51F41DDFA2FB85CF.d.229B58E2CE2BDA50F8D8B6E0B5EFBB5C.e.5406","ELEMENT":"f.FCC204B58DEBB53E51F41DDFA2FB85CF.d.229B58E2CE2BDA50F8D8B6E0B5EFBB5C.e.5406"}]}
RESULT: {"script":"<script> [8489 bytes]","args":[{"element-6066-11e4-a52e-4f735466cecf":"f.FCC204B58DEBB53E51F41DDFA2FB85CF.d.229B58E2CE2BDA50F8D8B6E0B5EFBB5C.e.5406","ELEMENT":"f.FCC204B58DEBB53E51F41DDFA2FB85CF.d.229B58E2CE2BDA50F8D8B6E0B5EFBB5C.e.5406"}]}
COMMAND: GET /session/c5b1ef57caa26d27c0af8f03bb65535b/element/f.FCC204B58DEBB53E51F41DDFA2FB85CF.d.229B58E2CE2BDA50F8D8B6E0B5EFBB5C.e.5406/enabled - {}
COMMAND: GET /session/c5b1ef57caa26d27c0af8f03bb65535b/screenshot - {}
RESULT: {}
COMMAND: POST /session/c5b1ef57caa26d27c0af8f03bb65535b/execute/sync - {"script":"<script> [8489 bytes]","args":[{"element-6066-11e4-a52e-4f735466cecf":"f.FCC204B58DEBB53E51F41DDFA2FB85CF.d.229B58E2CE2BDA50F8D8B6E0B5EFBB5C.e.5406","ELEMENT":"f.FCC204B58DEBB53E51F41DDFA2FB85CF.d.229B58E2CE2BDA50F8D8B6E0B5EFBB5C.e.5406"}]}
COMMAND: GET /session/c5b1ef57caa26d27c0af8f03bb65535b/screenshot - {}
RESULT: {}
RESULT: {"script":"<script> [8489 bytes]","args":[{"element-6066-11e4-a52e-4f735466cecf":"f.FCC204B58DEBB53E51F41DDFA2FB85CF.d.229B58E2CE2BDA50F8D8B6E0B5EFBB5C.e.5406","ELEMENT":"f.FCC204B58DEBB53E51F41DDFA2FB85CF.d.229B58E2CE2BDA50F8D8B6E0B5EFBB5C.e.5406"}]}
COMMAND: POST /session/c5b1ef57caa26d27c0af8f03bb65535b/execute/sync - {"script":"<script> [5351 bytes]","args":[{"element-6066-11e4-a52e-4f735466cecf":"f.FCC204B58DEBB53E51F41DDFA2FB85CF.d.229B58E2CE2BDA50F8D8B6E0B5EFBB5C.e.5406","ELEMENT":"f.FCC204B58DEBB53E51F41DDFA2FB85CF.d.229B58E2CE2BDA50F8D8B6E0B5EFBB5C.e.5406"}]}
COMMAND: GET /session/c5b1ef57caa26d27c0af8f03bb65535b/screenshot - {}
RESULT: {}
RESULT: {"script":"<script> [5351 bytes]","args":[{"element-6066-11e4-a52e-4f735466cecf":"f.FCC204B58DEBB53E51F41DDFA2FB85CF.d.229B58E2CE2BDA50F8D8B6E0B5EFBB5C.e.5406","ELEMENT":"f.FCC204B58DEBB53E51F41DDFA2FB85CF.d.229B58E2CE2BDA50F8D8B6E0B5EFBB5C.e.5406"}]}
COMMAND: GET /session/c5b1ef57caa26d27c0af8f03bb65535b/screenshot - {}
RESULT: {}
RESULT: {}
COMMAND: POST /session/c5b1ef57caa26d27c0af8f03bb65535b/execute/async - {"script":"<script> [1562 bytes]","args":[{"selector":{"id":"application-managepartners-display-component---masterPtm--smartFilterBar-btnBasicSearch","interaction":{"idSuffix":"I"}},"wdio_ui5_key":"applicationmanagepartners-display-component---masterPtm--smartFilterBar-btnBasicSearch"}]}
RESULT: {"script":"<script> [1562 bytes]","args":[{"selector":{"id":"application-managepartners-display-component---masterPtm--smartFilterBar-btnBasicSearch","interaction":{"idSuffix":"I"}},"wdio_ui5_key":"applicationmanagepartners-display-component---masterPtm--smartFilterBar-btnBasicSearch"}]}
RESULT: undefined
COMMAND: POST /session/c5b1ef57caa26d27c0af8f03bb65535b/execute/async - {"script":"<script> [776 bytes]","args":[{"enterText":"1435","selector":{"id":"application-managepartners-display-component---masterPtm--smartFilterBar-btnBasicSearch","interaction":{"idSuffix":"I"}},"clearTextFirst":true,"interactionType":"ENTER_TEXT"}]}
RESULT: {"script":"<script> [776 bytes]","args":[{"enterText":"1435","selector":{"id":"application-managepartners-display-component---masterPtm--smartFilterBar-btnBasicSearch","interaction":{"idSuffix":"I"}},"clearTextFirst":true,"interactionType":"ENTER_TEXT"}]}
COMMAND: POST /session/c5b1ef57caa26d27c0af8f03bb65535b/actions - {"actions":[{"id":"action16","type":"key","parameters":{},"actions":[{"type":"keyDown","value":"î€‡"},{"type":"pause","duration":10},{"type":"keyUp","value":"î€‡"}]}]}
RESULT: {"actions":[{"id":"action16","type":"key","parameters":{},"actions":[{"type":"keyDown","value":"î€‡"},{"type":"pause","duration":10},{"type":"keyUp","value":"î€‡"}]}]}
COMMAND: GET /session/c5b1ef57caa26d27c0af8f03bb65535b/screenshot - {}
RESULT: {}
COMMAND: POST /session/c5b1ef57caa26d27c0af8f03bb65535b/elements - {"using":"xpath","value":"//table[contains(@id, \"customPartnersTable-listUl\")]/tbody/tr"}
RESULT: {"using":"xpath","value":"//table[contains(@id, \"customPartnersTable-listUl\")]/tbody/tr"}
COMMAND: POST /session/c5b1ef57caa26d27c0af8f03bb65535b/element - {"using":"xpath","value":"//table[contains(@id, \"customPartnersTable-listUl\")]/tbody/tr[1]/td[3]/span"}
RESULT: {"using":"xpath","value":"//table[contains(@id, \"customPartnersTable-listUl\")]/tbody/tr[1]/td[3]/span"}
COMMAND: POST /session/c5b1ef57caa26d27c0af8f03bb65535b/elements - {"using":"xpath","value":"//table[contains(@id, \"customPartnersTable-listUl\")]/tbody/tr[1]/td[3]/span"}
RESULT: {"using":"xpath","value":"//table[contains(@id, \"customPartnersTable-listUl\")]/tbody/tr[1]/td[3]/span"}
COMMAND: POST /session/c5b1ef57caa26d27c0af8f03bb65535b/execute/sync - {"script":"<script> [56 bytes]","args":[{"element-6066-11e4-a52e-4f735466cecf":"f.FCC204B58DEBB53E51F41DDFA2FB85CF.d.229B58E2CE2BDA50F8D8B6E0B5EFBB5C.e.5541","ELEMENT":"f.FCC204B58DEBB53E51F41DDFA2FB85CF.d.229B58E2CE2BDA50F8D8B6E0B5EFBB5C.e.5541"}]}
RESULT: {"script":"<script> [56 bytes]","args":[{"element-6066-11e4-a52e-4f735466cecf":"f.FCC204B58DEBB53E51F41DDFA2FB85CF.d.229B58E2CE2BDA50F8D8B6E0B5EFBB5C.e.5541","ELEMENT":"f.FCC204B58DEBB53E51F41DDFA2FB85CF.d.229B58E2CE2BDA50F8D8B6E0B5EFBB5C.e.5541"}]}
COMMAND: POST /session/c5b1ef57caa26d27c0af8f03bb65535b/element - {"using":"xpath","value":"(//span[contains(@id, \"imgNav\")])[1]"}
COMMAND: GET /session/c5b1ef57caa26d27c0af8f03bb65535b/screenshot - {}
RESULT: {"using":"xpath","value":"(//span[contains(@id, \"imgNav\")])[1]"}
COMMAND: POST /session/c5b1ef57caa26d27c0af8f03bb65535b/element/f.FCC204B58DEBB53E51F41DDFA2FB85CF.d.229B58E2CE2BDA50F8D8B6E0B5EFBB5C.e.5539/click - {}
RESULT: {}
RESULT: {}
COMMAND: GET /session/c5b1ef57caa26d27c0af8f03bb65535b/screenshot - {}
RESULT: {}
COMMAND: POST /session/c5b1ef57caa26d27c0af8f03bb65535b/element - {"using":"xpath","value":"//bdi[contains(text(), \"Edit\")]"}
RESULT: {"using":"xpath","value":"//bdi[contains(text(), \"Edit\")]"}
COMMAND: POST /session/c5b1ef57caa26d27c0af8f03bb65535b/element/f.FCC204B58DEBB53E51F41DDFA2FB85CF.d.229B58E2CE2BDA50F8D8B6E0B5EFBB5C.e.5686/click - {}
RESULT: {}
COMMAND: GET /session/c5b1ef57caa26d27c0af8f03bb65535b/screenshot - {}
RESULT: {}
COMMAND: POST /session/c5b1ef57caa26d27c0af8f03bb65535b/execute/async - {"script":"<script> [1562 bytes]","args":[{"selector":{"controlType":"sap.m.Input","viewName":"etm.portal.ui.managepartners.view.EditDetail","labelFor":{"text":"Name"},"interaction":{"idSuffix":"inner"}},"wdio_ui5_key":"etmportal.ui.managepartners.view.EditDetailsap.m.Input{\"text\":\"Name\"}"}]}
RESULT: {"script":"<script> [1562 bytes]","args":[{"selector":{"controlType":"sap.m.Input","viewName":"etm.portal.ui.managepartners.view.EditDetail","labelFor":{"text":"Name"},"interaction":{"idSuffix":"inner"}},"wdio_ui5_key":"etmportal.ui.managepartners.view.EditDetailsap.m.Input{\"text\":\"Name\"}"}]}
RESULT: undefined
COMMAND: POST /session/c5b1ef57caa26d27c0af8f03bb65535b/execute/async - {"script":"<script> [776 bytes]","args":[{"enterText":"Intracompany EDIT","selector":{"controlType":"sap.m.Input","viewName":"etm.portal.ui.managepartners.view.EditDetail","labelFor":{"text":"Name"},"interaction":{"idSuffix":"inner"}},"clearTextFirst":true,"interactionType":"ENTER_TEXT"}]}
RESULT: {"script":"<script> [776 bytes]","args":[{"enterText":"Intracompany EDIT","selector":{"controlType":"sap.m.Input","viewName":"etm.portal.ui.managepartners.view.EditDetail","labelFor":{"text":"Name"},"interaction":{"idSuffix":"inner"}},"clearTextFirst":true,"interactionType":"ENTER_TEXT"}]}
COMMAND: POST /session/c5b1ef57caa26d27c0af8f03bb65535b/element - {"using":"xpath","value":"(//span[contains(@id,\"addressDetailDetailsLanguage-arrow\")])[1]"}
RESULT: {"using":"xpath","value":"(//span[contains(@id,\"addressDetailDetailsLanguage-arrow\")])[1]"}
COMMAND: POST /session/c5b1ef57caa26d27c0af8f03bb65535b/element/f.FCC204B58DEBB53E51F41DDFA2FB85CF.d.229B58E2CE2BDA50F8D8B6E0B5EFBB5C.e.5771/click - {}
RESULT: {}
COMMAND: POST /session/c5b1ef57caa26d27c0af8f03bb65535b/element - {"using":"xpath","value":"//span[contains(text(), \"Chinese\")]"}
COMMAND: GET /session/c5b1ef57caa26d27c0af8f03bb65535b/screenshot - {}
RESULT: {"using":"xpath","value":"//span[contains(text(), \"Chinese\")]"}
COMMAND: POST /session/c5b1ef57caa26d27c0af8f03bb65535b/element/f.FCC204B58DEBB53E51F41DDFA2FB85CF.d.229B58E2CE2BDA50F8D8B6E0B5EFBB5C.e.5772/click - {}
RESULT: {}
RESULT: {}
COMMAND: GET /session/c5b1ef57caa26d27c0af8f03bb65535b/screenshot - {}
RESULT: {}
COMMAND: POST /session/c5b1ef57caa26d27c0af8f03bb65535b/execute/async - {"script":"<script> [1562 bytes]","args":[{"selector":{"controlType":"sap.m.Input","viewName":"etm.portal.ui.managepartners.view.EditDetail","labelFor":{"text":"City"},"interaction":{"idSuffix":"inner"}},"wdio_ui5_key":"etmportal.ui.managepartners.view.EditDetailsap.m.Input{\"text\":\"City\"}"}]}
RESULT: {"script":"<script> [1562 bytes]","args":[{"selector":{"controlType":"sap.m.Input","viewName":"etm.portal.ui.managepartners.view.EditDetail","labelFor":{"text":"City"},"interaction":{"idSuffix":"inner"}},"wdio_ui5_key":"etmportal.ui.managepartners.view.EditDetailsap.m.Input{\"text\":\"City\"}"}]}
RESULT: undefined
COMMAND: POST /session/c5b1ef57caa26d27c0af8f03bb65535b/execute/async - {"script":"<script> [776 bytes]","args":[{"enterText":"Clooj-Napoca","selector":{"controlType":"sap.m.Input","viewName":"etm.portal.ui.managepartners.view.EditDetail","labelFor":{"text":"City"},"interaction":{"idSuffix":"inner"}},"clearTextFirst":true,"interactionType":"ENTER_TEXT"}]}
RESULT: {"script":"<script> [776 bytes]","args":[{"enterText":"Clooj-Napoca","selector":{"controlType":"sap.m.Input","viewName":"etm.portal.ui.managepartners.view.EditDetail","labelFor":{"text":"City"},"interaction":{"idSuffix":"inner"}},"clearTextFirst":true,"interactionType":"ENTER_TEXT"}]}
COMMAND: POST /session/c5b1ef57caa26d27c0af8f03bb65535b/element - {"using":"xpath","value":"//button[@data-kt=\"saveButton\"]"}
RESULT: {"using":"xpath","value":"//button[@data-kt=\"saveButton\"]"}
COMMAND: POST /session/c5b1ef57caa26d27c0af8f03bb65535b/element/f.FCC204B58DEBB53E51F41DDFA2FB85CF.d.229B58E2CE2BDA50F8D8B6E0B5EFBB5C.e.5749/click - {}
RESULT: {}
COMMAND: GET /session/c5b1ef57caa26d27c0af8f03bb65535b/screenshot - {}
RESULT: {}
COMMAND: POST /session/c5b1ef57caa26d27c0af8f03bb65535b/execute/async - {"script":"<script> [1562 bytes]","args":[{"selector":{"id":"application-managepartners-display-component---detailPtm--addressDetailDetailsName1"},"wdio_ui5_key":"applicationmanagepartners-display-component---detailPtm--addressDetailDetailsName1"}]}
RESULT: {"script":"<script> [1562 bytes]","args":[{"selector":{"id":"application-managepartners-display-component---detailPtm--addressDetailDetailsName1"},"wdio_ui5_key":"applicationmanagepartners-display-component---detailPtm--addressDetailDetailsName1"}]}
RESULT: undefined
COMMAND: POST /session/c5b1ef57caa26d27c0af8f03bb65535b/execute/async - {"script":"<script> [6424 bytes]","args":[{"element-6066-11e4-a52e-4f735466cecf":"f.FCC204B58DEBB53E51F41DDFA2FB85CF.d.229B58E2CE2BDA50F8D8B6E0B5EFBB5C.e.5803"},"getValue",[]]}
RESULT: {"script":"<script> [6424 bytes]","args":[{"element-6066-11e4-a52e-4f735466cecf":"f.FCC204B58DEBB53E51F41DDFA2FB85CF.d.229B58E2CE2BDA50F8D8B6E0B5EFBB5C.e.5803"},"getValue",[]]}
COMMAND: POST /session/c5b1ef57caa26d27c0af8f03bb65535b/element - {"using":"xpath","value":"//input[@id = \"application-managepartners-display-component---detailPtm--addressDetailDetailsLanguage-inner\"]"}
RESULT: {"using":"xpath","value":"//input[@id = \"application-managepartners-display-component---detailPtm--addressDetailDetailsLanguage-inner\"]"}
COMMAND: GET /session/c5b1ef57caa26d27c0af8f03bb65535b/element/f.FCC204B58DEBB53E51F41DDFA2FB85CF.d.229B58E2CE2BDA50F8D8B6E0B5EFBB5C.e.5804/property/value - {}
RESULT: {}
COMMAND: POST /session/c5b1ef57caa26d27c0af8f03bb65535b/execute/async - {"script":"<script> [1562 bytes]","args":[{"selector":{"id":"application-managepartners-display-component---detailPtm--addressDetailDetailsCity1"},"wdio_ui5_key":"applicationmanagepartners-display-component---detailPtm--addressDetailDetailsCity1"}]}
COMMAND: GET /session/c5b1ef57caa26d27c0af8f03bb65535b/screenshot - {}
RESULT: {"script":"<script> [1562 bytes]","args":[{"selector":{"id":"application-managepartners-display-component---detailPtm--addressDetailDetailsCity1"},"wdio_ui5_key":"applicationmanagepartners-display-component---detailPtm--addressDetailDetailsCity1"}]}
RESULT: undefined
COMMAND: POST /session/c5b1ef57caa26d27c0af8f03bb65535b/execute/async - {"script":"<script> [6424 bytes]","args":[{"element-6066-11e4-a52e-4f735466cecf":"f.FCC204B58DEBB53E51F41DDFA2FB85CF.d.229B58E2CE2BDA50F8D8B6E0B5EFBB5C.e.5805"},"getValue",[]]}
RESULT: {}
RESULT: {"script":"<script> [6424 bytes]","args":[{"element-6066-11e4-a52e-4f735466cecf":"f.FCC204B58DEBB53E51F41DDFA2FB85CF.d.229B58E2CE2BDA50F8D8B6E0B5EFBB5C.e.5805"},"getValue",[]]}
COMMAND: POST /session/c5b1ef57caa26d27c0af8f03bb65535b/element - {"using":"css selector","value":"#shell-header-logo"}
RESULT: {"using":"css selector","value":"#shell-header-logo"}
COMMAND: POST /session/c5b1ef57caa26d27c0af8f03bb65535b/element/f.FCC204B58DEBB53E51F41DDFA2FB85CF.d.229B58E2CE2BDA50F8D8B6E0B5EFBB5C.e.5362/click - {}
RESULT: {}
COMMAND: GET /session/c5b1ef57caa26d27c0af8f03bb65535b/screenshot - {}
RESULT: {}
]]></system-out>
    </testcase>
    <testcase classname="chrome.137_0_7151_56.windows.Partner_specific_tests_US150819_US151080_US151654_US151176_US103444_US151078_US151079_US151109_US151174_US151175_US151189" name="Should do filtering and navigation tests US151109" time="161.504">
      <system-out><![CDATA[
COMMAND: POST /session/c5b1ef57caa26d27c0af8f03bb65535b/element - {"using":"xpath","value":"//li[.//span[text()=\"Manage Partners\"]]"}
RESULT: {"using":"xpath","value":"//li[.//span[text()=\"Manage Partners\"]]"}
COMMAND: POST /session/c5b1ef57caa26d27c0af8f03bb65535b/element - {"using":"xpath","value":"//li[.//span[text()=\"Manage Partners\"]]"}
RESULT: {"using":"xpath","value":"//li[.//span[text()=\"Manage Partners\"]]"}
COMMAND: POST /session/c5b1ef57caa26d27c0af8f03bb65535b/element - {"using":"css selector","value":"#shell-header-logo"}
RESULT: {"using":"css selector","value":"#shell-header-logo"}
COMMAND: POST /session/c5b1ef57caa26d27c0af8f03bb65535b/element/f.FCC204B58DEBB53E51F41DDFA2FB85CF.d.229B58E2CE2BDA50F8D8B6E0B5EFBB5C.e.5835/click - {}
COMMAND: POST /session/c5b1ef57caa26d27c0af8f03bb65535b/execute/sync - {"script":"<script> [8489 bytes]","args":[{"element-6066-11e4-a52e-4f735466cecf":"f.FCC204B58DEBB53E51F41DDFA2FB85CF.d.229B58E2CE2BDA50F8D8B6E0B5EFBB5C.e.5835","ELEMENT":"f.FCC204B58DEBB53E51F41DDFA2FB85CF.d.229B58E2CE2BDA50F8D8B6E0B5EFBB5C.e.5835"}]}
RESULT: {}
COMMAND: GET /session/c5b1ef57caa26d27c0af8f03bb65535b/screenshot - {}
RESULT: {"script":"<script> [8489 bytes]","args":[{"element-6066-11e4-a52e-4f735466cecf":"f.FCC204B58DEBB53E51F41DDFA2FB85CF.d.229B58E2CE2BDA50F8D8B6E0B5EFBB5C.e.5835","ELEMENT":"f.FCC204B58DEBB53E51F41DDFA2FB85CF.d.229B58E2CE2BDA50F8D8B6E0B5EFBB5C.e.5835"}]}
COMMAND: POST /session/c5b1ef57caa26d27c0af8f03bb65535b/execute/sync - {"script":"<script> [5351 bytes]","args":[{"element-6066-11e4-a52e-4f735466cecf":"f.FCC204B58DEBB53E51F41DDFA2FB85CF.d.229B58E2CE2BDA50F8D8B6E0B5EFBB5C.e.5835","ELEMENT":"f.FCC204B58DEBB53E51F41DDFA2FB85CF.d.229B58E2CE2BDA50F8D8B6E0B5EFBB5C.e.5835"}]}
COMMAND: GET /session/c5b1ef57caa26d27c0af8f03bb65535b/screenshot - {}
RESULT: {}
RESULT: {"script":"<script> [5351 bytes]","args":[{"element-6066-11e4-a52e-4f735466cecf":"f.FCC204B58DEBB53E51F41DDFA2FB85CF.d.229B58E2CE2BDA50F8D8B6E0B5EFBB5C.e.5835","ELEMENT":"f.FCC204B58DEBB53E51F41DDFA2FB85CF.d.229B58E2CE2BDA50F8D8B6E0B5EFBB5C.e.5835"}]}
COMMAND: GET /session/c5b1ef57caa26d27c0af8f03bb65535b/screenshot - {}
RESULT: {}
RESULT: {}
RESULT: undefined
COMMAND: POST /session/c5b1ef57caa26d27c0af8f03bb65535b/element - {"using":"xpath","value":"//*[@id=\"__tile30\"]"}
RESULT: {"using":"xpath","value":"//*[@id=\"__tile30\"]"}
COMMAND: POST /session/c5b1ef57caa26d27c0af8f03bb65535b/element/f.FCC204B58DEBB53E51F41DDFA2FB85CF.d.229B58E2CE2BDA50F8D8B6E0B5EFBB5C.e.4491/click - {}
RESULT: {}
COMMAND: GET /session/c5b1ef57caa26d27c0af8f03bb65535b/screenshot - {}
RESULT: {}
COMMAND: POST /session/c5b1ef57caa26d27c0af8f03bb65535b/elements - {"using":"xpath","value":"//span[text()='Error']"}
RESULT: {"using":"xpath","value":"//span[text()='Error']"}
COMMAND: POST /session/c5b1ef57caa26d27c0af8f03bb65535b/element - {"using":"xpath","value":"//button[@data-kt=\"addButton\"]"}
RESULT: {"using":"xpath","value":"//button[@data-kt=\"addButton\"]"}
COMMAND: POST /session/c5b1ef57caa26d27c0af8f03bb65535b/elements - {"using":"xpath","value":"//button[@data-kt=\"addButton\"]"}
RESULT: {"using":"xpath","value":"//button[@data-kt=\"addButton\"]"}
COMMAND: POST /session/c5b1ef57caa26d27c0af8f03bb65535b/execute/sync - {"script":"<script> [8489 bytes]","args":[{"element-6066-11e4-a52e-4f735466cecf":"f.FCC204B58DEBB53E51F41DDFA2FB85CF.d.229B58E2CE2BDA50F8D8B6E0B5EFBB5C.e.5881","ELEMENT":"f.FCC204B58DEBB53E51F41DDFA2FB85CF.d.229B58E2CE2BDA50F8D8B6E0B5EFBB5C.e.5881"}]}
RESULT: {"script":"<script> [8489 bytes]","args":[{"element-6066-11e4-a52e-4f735466cecf":"f.FCC204B58DEBB53E51F41DDFA2FB85CF.d.229B58E2CE2BDA50F8D8B6E0B5EFBB5C.e.5881","ELEMENT":"f.FCC204B58DEBB53E51F41DDFA2FB85CF.d.229B58E2CE2BDA50F8D8B6E0B5EFBB5C.e.5881"}]}
COMMAND: GET /session/c5b1ef57caa26d27c0af8f03bb65535b/element/f.FCC204B58DEBB53E51F41DDFA2FB85CF.d.229B58E2CE2BDA50F8D8B6E0B5EFBB5C.e.5881/enabled - {}
COMMAND: GET /session/c5b1ef57caa26d27c0af8f03bb65535b/screenshot - {}
RESULT: {}
COMMAND: POST /session/c5b1ef57caa26d27c0af8f03bb65535b/execute/sync - {"script":"<script> [8489 bytes]","args":[{"element-6066-11e4-a52e-4f735466cecf":"f.FCC204B58DEBB53E51F41DDFA2FB85CF.d.229B58E2CE2BDA50F8D8B6E0B5EFBB5C.e.5881","ELEMENT":"f.FCC204B58DEBB53E51F41DDFA2FB85CF.d.229B58E2CE2BDA50F8D8B6E0B5EFBB5C.e.5881"}]}
COMMAND: GET /session/c5b1ef57caa26d27c0af8f03bb65535b/screenshot - {}
RESULT: {}
RESULT: {"script":"<script> [8489 bytes]","args":[{"element-6066-11e4-a52e-4f735466cecf":"f.FCC204B58DEBB53E51F41DDFA2FB85CF.d.229B58E2CE2BDA50F8D8B6E0B5EFBB5C.e.5881","ELEMENT":"f.FCC204B58DEBB53E51F41DDFA2FB85CF.d.229B58E2CE2BDA50F8D8B6E0B5EFBB5C.e.5881"}]}
COMMAND: POST /session/c5b1ef57caa26d27c0af8f03bb65535b/execute/sync - {"script":"<script> [5351 bytes]","args":[{"element-6066-11e4-a52e-4f735466cecf":"f.FCC204B58DEBB53E51F41DDFA2FB85CF.d.229B58E2CE2BDA50F8D8B6E0B5EFBB5C.e.5881","ELEMENT":"f.FCC204B58DEBB53E51F41DDFA2FB85CF.d.229B58E2CE2BDA50F8D8B6E0B5EFBB5C.e.5881"}]}
COMMAND: GET /session/c5b1ef57caa26d27c0af8f03bb65535b/screenshot - {}
RESULT: {}
RESULT: {"script":"<script> [5351 bytes]","args":[{"element-6066-11e4-a52e-4f735466cecf":"f.FCC204B58DEBB53E51F41DDFA2FB85CF.d.229B58E2CE2BDA50F8D8B6E0B5EFBB5C.e.5881","ELEMENT":"f.FCC204B58DEBB53E51F41DDFA2FB85CF.d.229B58E2CE2BDA50F8D8B6E0B5EFBB5C.e.5881"}]}
COMMAND: GET /session/c5b1ef57caa26d27c0af8f03bb65535b/screenshot - {}
RESULT: {}
RESULT: {}
COMMAND: POST /session/c5b1ef57caa26d27c0af8f03bb65535b/element - {"using":"xpath","value":"//span[@id=\"application-managepartners-display-component---masterPtm--smartTable-header-inner\"]"}
RESULT: {"using":"xpath","value":"//span[@id=\"application-managepartners-display-component---masterPtm--smartTable-header-inner\"]"}
COMMAND: POST /session/c5b1ef57caa26d27c0af8f03bb65535b/elements - {"using":"xpath","value":"//span[@id=\"application-managepartners-display-component---masterPtm--smartTable-header-inner\"]"}
RESULT: {"using":"xpath","value":"//span[@id=\"application-managepartners-display-component---masterPtm--smartTable-header-inner\"]"}
COMMAND: POST /session/c5b1ef57caa26d27c0af8f03bb65535b/execute/sync - {"script":"<script> [56 bytes]","args":[{"element-6066-11e4-a52e-4f735466cecf":"f.FCC204B58DEBB53E51F41DDFA2FB85CF.d.229B58E2CE2BDA50F8D8B6E0B5EFBB5C.e.6005","ELEMENT":"f.FCC204B58DEBB53E51F41DDFA2FB85CF.d.229B58E2CE2BDA50F8D8B6E0B5EFBB5C.e.6005"}]}
RESULT: {"script":"<script> [56 bytes]","args":[{"element-6066-11e4-a52e-4f735466cecf":"f.FCC204B58DEBB53E51F41DDFA2FB85CF.d.229B58E2CE2BDA50F8D8B6E0B5EFBB5C.e.6005","ELEMENT":"f.FCC204B58DEBB53E51F41DDFA2FB85CF.d.229B58E2CE2BDA50F8D8B6E0B5EFBB5C.e.6005"}]}
RESULT: undefined
COMMAND: POST /session/c5b1ef57caa26d27c0af8f03bb65535b/execute/async - {"script":"<script> [776 bytes]","args":[{"enterText":"External Partner WDIO","selector":{"id":"application-managepartners-display-component---masterPtm--smartFilterBar-btnBasicSearch","interaction":{"idSuffix":"I"}},"clearTextFirst":true,"interactionType":"ENTER_TEXT"}]}
COMMAND: GET /session/c5b1ef57caa26d27c0af8f03bb65535b/screenshot - {}
RESULT: {"script":"<script> [776 bytes]","args":[{"enterText":"External Partner WDIO","selector":{"id":"application-managepartners-display-component---masterPtm--smartFilterBar-btnBasicSearch","interaction":{"idSuffix":"I"}},"clearTextFirst":true,"interactionType":"ENTER_TEXT"}]}
COMMAND: POST /session/c5b1ef57caa26d27c0af8f03bb65535b/actions - {"actions":[{"id":"action17","type":"key","parameters":{},"actions":[{"type":"keyDown","value":"î€‡"},{"type":"pause","duration":10},{"type":"keyUp","value":"î€‡"}]}]}
RESULT: {}
RESULT: {"actions":[{"id":"action17","type":"key","parameters":{},"actions":[{"type":"keyDown","value":"î€‡"},{"type":"pause","duration":10},{"type":"keyUp","value":"î€‡"}]}]}
COMMAND: GET /session/c5b1ef57caa26d27c0af8f03bb65535b/screenshot - {}
RESULT: {}
COMMAND: POST /session/c5b1ef57caa26d27c0af8f03bb65535b/element - {"using":"xpath","value":"//span[@id=\"application-managepartners-display-component---masterPtm--smartTable-header-inner\"]"}
RESULT: {"using":"xpath","value":"//span[@id=\"application-managepartners-display-component---masterPtm--smartTable-header-inner\"]"}
COMMAND: POST /session/c5b1ef57caa26d27c0af8f03bb65535b/elements - {"using":"xpath","value":"//span[@id=\"application-managepartners-display-component---masterPtm--smartTable-header-inner\"]"}
RESULT: {"using":"xpath","value":"//span[@id=\"application-managepartners-display-component---masterPtm--smartTable-header-inner\"]"}
COMMAND: POST /session/c5b1ef57caa26d27c0af8f03bb65535b/execute/sync - {"script":"<script> [56 bytes]","args":[{"element-6066-11e4-a52e-4f735466cecf":"f.FCC204B58DEBB53E51F41DDFA2FB85CF.d.229B58E2CE2BDA50F8D8B6E0B5EFBB5C.e.6005","ELEMENT":"f.FCC204B58DEBB53E51F41DDFA2FB85CF.d.229B58E2CE2BDA50F8D8B6E0B5EFBB5C.e.6005"}]}
RESULT: {"script":"<script> [56 bytes]","args":[{"element-6066-11e4-a52e-4f735466cecf":"f.FCC204B58DEBB53E51F41DDFA2FB85CF.d.229B58E2CE2BDA50F8D8B6E0B5EFBB5C.e.6005","ELEMENT":"f.FCC204B58DEBB53E51F41DDFA2FB85CF.d.229B58E2CE2BDA50F8D8B6E0B5EFBB5C.e.6005"}]}
COMMAND: POST /session/c5b1ef57caa26d27c0af8f03bb65535b/element - {"using":"xpath","value":"//div[contains(@id, \"managepartners-display-component---masterPtm--smartFilterBar-btnBasicSearch-reset\")]"}
COMMAND: GET /session/c5b1ef57caa26d27c0af8f03bb65535b/screenshot - {}
RESULT: {"using":"xpath","value":"//div[contains(@id, \"managepartners-display-component---masterPtm--smartFilterBar-btnBasicSearch-reset\")]"}
COMMAND: POST /session/c5b1ef57caa26d27c0af8f03bb65535b/element/f.FCC204B58DEBB53E51F41DDFA2FB85CF.d.229B58E2CE2BDA50F8D8B6E0B5EFBB5C.e.6165/click - {}
RESULT: {}
RESULT: {}
COMMAND: GET /session/c5b1ef57caa26d27c0af8f03bb65535b/screenshot - {}
RESULT: {}
COMMAND: POST /session/c5b1ef57caa26d27c0af8f03bb65535b/execute/async - {"script":"<script> [1562 bytes]","args":[{"selector":{"id":"application-managepartners-display-component---masterPtm--smartFilterBar-filterItemControl_BASIC-MAIN_ADDRESS-vhi"},"wdio_ui5_key":"applicationmanagepartners-display-component---masterPtm--smartFilterBar-filterItemControl_BASIC-MAIN_ADDRESS-vhi"}]}
RESULT: {"script":"<script> [1562 bytes]","args":[{"selector":{"id":"application-managepartners-display-component---masterPtm--smartFilterBar-filterItemControl_BASIC-MAIN_ADDRESS-vhi"},"wdio_ui5_key":"applicationmanagepartners-display-component---masterPtm--smartFilterBar-filterItemControl_BASIC-MAIN_ADDRESS-vhi"}]}
RESULT: undefined
COMMAND: POST /session/c5b1ef57caa26d27c0af8f03bb65535b/element - {"using":"xpath","value":"//*[@id=\"application-managepartners-display-component---masterPtm--smartFilterBar-filterItemControl_BASIC-MAIN_ADDRESS-vhi\"]"}
RESULT: {"using":"xpath","value":"//*[@id=\"application-managepartners-display-component---masterPtm--smartFilterBar-filterItemControl_BASIC-MAIN_ADDRESS-vhi\"]"}
COMMAND: POST /session/c5b1ef57caa26d27c0af8f03bb65535b/element/f.FCC204B58DEBB53E51F41DDFA2FB85CF.d.229B58E2CE2BDA50F8D8B6E0B5EFBB5C.e.6245/click - {}
RESULT: {}
COMMAND: GET /session/c5b1ef57caa26d27c0af8f03bb65535b/screenshot - {}
RESULT: {}
COMMAND: POST /session/c5b1ef57caa26d27c0af8f03bb65535b/execute/async - {"script":"<script> [1562 bytes]","args":[{"selector":{"id":"application-managepartners-display-component---masterPtm--smartFilterBar-filterItemControl_BASIC-MAIN_ADDRESS-valueHelpDialog-smartFilterBar-btnBasicSearch","searchOpenDialogs":true,"interaction":{"idSuffix":"I"}},"wdio_ui5_key":"applicationmanagepartners-display-component---masterPtm--smartFilterBar-filterItemControl_BASIC-MAIN_ADDRESS-valueHelpDialog-smartFilterBar-btnBasicSearch"}]}
RESULT: {"script":"<script> [1562 bytes]","args":[{"selector":{"id":"application-managepartners-display-component---masterPtm--smartFilterBar-filterItemControl_BASIC-MAIN_ADDRESS-valueHelpDialog-smartFilterBar-btnBasicSearch","searchOpenDialogs":true,"interaction":{"idSuffix":"I"}},"wdio_ui5_key":"applicationmanagepartners-display-component---masterPtm--smartFilterBar-filterItemControl_BASIC-MAIN_ADDRESS-valueHelpDialog-smartFilterBar-btnBasicSearch"}]}
RESULT: undefined
COMMAND: POST /session/c5b1ef57caa26d27c0af8f03bb65535b/execute/async - {"script":"<script> [776 bytes]","args":[{"enterText":"Romania","selector":{"id":"application-managepartners-display-component---masterPtm--smartFilterBar-filterItemControl_BASIC-MAIN_ADDRESS-valueHelpDialog-smartFilterBar-btnBasicSearch","searchOpenDialogs":true,"interaction":{"idSuffix":"I"}},"clearTextFirst":true,"interactionType":"ENTER_TEXT"}]}
RESULT: {"script":"<script> [776 bytes]","args":[{"enterText":"Romania","selector":{"id":"application-managepartners-display-component---masterPtm--smartFilterBar-filterItemControl_BASIC-MAIN_ADDRESS-valueHelpDialog-smartFilterBar-btnBasicSearch","searchOpenDialogs":true,"interaction":{"idSuffix":"I"}},"clearTextFirst":true,"interactionType":"ENTER_TEXT"}]}
COMMAND: POST /session/c5b1ef57caa26d27c0af8f03bb65535b/actions - {"actions":[{"id":"action18","type":"key","parameters":{},"actions":[{"type":"keyDown","value":"î€‡"},{"type":"pause","duration":10},{"type":"keyUp","value":"î€‡"}]}]}
RESULT: {"actions":[{"id":"action18","type":"key","parameters":{},"actions":[{"type":"keyDown","value":"î€‡"},{"type":"pause","duration":10},{"type":"keyUp","value":"î€‡"}]}]}
COMMAND: POST /session/c5b1ef57caa26d27c0af8f03bb65535b/elements - {"using":"xpath","value":"//table[contains(@id, \"smartFilterBar-filterItemControl_BASIC-MAIN_ADDRESS-valueHelpDialog-table-table\")]/tbody/tr"}
COMMAND: GET /session/c5b1ef57caa26d27c0af8f03bb65535b/screenshot - {}
RESULT: {"using":"xpath","value":"//table[contains(@id, \"smartFilterBar-filterItemControl_BASIC-MAIN_ADDRESS-valueHelpDialog-table-table\")]/tbody/tr"}
COMMAND: POST /session/c5b1ef57caa26d27c0af8f03bb65535b/element - {"using":"xpath","value":"//table[contains(@id, \"smartFilterBar-filterItemControl_BASIC-MAIN_ADDRESS-valueHelpDialog-table-table\")]/tbody/tr[1]/td[1]/div/span"}
RESULT: {}
RESULT: {"using":"xpath","value":"//table[contains(@id, \"smartFilterBar-filterItemControl_BASIC-MAIN_ADDRESS-valueHelpDialog-table-table\")]/tbody/tr[1]/td[1]/div/span"}
COMMAND: POST /session/c5b1ef57caa26d27c0af8f03bb65535b/elements - {"using":"xpath","value":"//table[contains(@id, \"smartFilterBar-filterItemControl_BASIC-MAIN_ADDRESS-valueHelpDialog-table-table\")]/tbody/tr[1]/td[1]/div/span"}
RESULT: {"using":"xpath","value":"//table[contains(@id, \"smartFilterBar-filterItemControl_BASIC-MAIN_ADDRESS-valueHelpDialog-table-table\")]/tbody/tr[1]/td[1]/div/span"}
COMMAND: POST /session/c5b1ef57caa26d27c0af8f03bb65535b/execute/sync - {"script":"<script> [56 bytes]","args":[{"element-6066-11e4-a52e-4f735466cecf":"f.FCC204B58DEBB53E51F41DDFA2FB85CF.d.229B58E2CE2BDA50F8D8B6E0B5EFBB5C.e.6265","ELEMENT":"f.FCC204B58DEBB53E51F41DDFA2FB85CF.d.229B58E2CE2BDA50F8D8B6E0B5EFBB5C.e.6265"}]}
RESULT: {"script":"<script> [56 bytes]","args":[{"element-6066-11e4-a52e-4f735466cecf":"f.FCC204B58DEBB53E51F41DDFA2FB85CF.d.229B58E2CE2BDA50F8D8B6E0B5EFBB5C.e.6265","ELEMENT":"f.FCC204B58DEBB53E51F41DDFA2FB85CF.d.229B58E2CE2BDA50F8D8B6E0B5EFBB5C.e.6265"}]}
COMMAND: POST /session/c5b1ef57caa26d27c0af8f03bb65535b/element - {"using":"xpath","value":"//div[contains(@id, \"filterItemControl_BASIC-MAIN_ADDRESS-valueHelpDialog-table-rowsel0\")]"}
COMMAND: GET /session/c5b1ef57caa26d27c0af8f03bb65535b/screenshot - {}
RESULT: {"using":"xpath","value":"//div[contains(@id, \"filterItemControl_BASIC-MAIN_ADDRESS-valueHelpDialog-table-rowsel0\")]"}
COMMAND: POST /session/c5b1ef57caa26d27c0af8f03bb65535b/element/f.FCC204B58DEBB53E51F41DDFA2FB85CF.d.229B58E2CE2BDA50F8D8B6E0B5EFBB5C.e.6266/click - {}
RESULT: {}
RESULT: {}
COMMAND: GET /session/c5b1ef57caa26d27c0af8f03bb65535b/screenshot - {}
RESULT: {}
COMMAND: POST /session/c5b1ef57caa26d27c0af8f03bb65535b/element - {"using":"xpath","value":"(//bdi[contains(text(), \"OK\")])[1]"}
RESULT: {"using":"xpath","value":"(//bdi[contains(text(), \"OK\")])[1]"}
COMMAND: POST /session/c5b1ef57caa26d27c0af8f03bb65535b/element/f.FCC204B58DEBB53E51F41DDFA2FB85CF.d.229B58E2CE2BDA50F8D8B6E0B5EFBB5C.e.6268/click - {}
RESULT: {}
COMMAND: GET /session/c5b1ef57caa26d27c0af8f03bb65535b/screenshot - {}
RESULT: {}
COMMAND: POST /session/c5b1ef57caa26d27c0af8f03bb65535b/element - {"using":"xpath","value":"//span[@id=\"application-managepartners-display-component---masterPtm--smartTable-header-inner\"]"}
RESULT: {"using":"xpath","value":"//span[@id=\"application-managepartners-display-component---masterPtm--smartTable-header-inner\"]"}
COMMAND: POST /session/c5b1ef57caa26d27c0af8f03bb65535b/elements - {"using":"xpath","value":"//span[@id=\"application-managepartners-display-component---masterPtm--smartTable-header-inner\"]"}
RESULT: {"using":"xpath","value":"//span[@id=\"application-managepartners-display-component---masterPtm--smartTable-header-inner\"]"}
COMMAND: POST /session/c5b1ef57caa26d27c0af8f03bb65535b/execute/sync - {"script":"<script> [56 bytes]","args":[{"element-6066-11e4-a52e-4f735466cecf":"f.FCC204B58DEBB53E51F41DDFA2FB85CF.d.229B58E2CE2BDA50F8D8B6E0B5EFBB5C.e.6005","ELEMENT":"f.FCC204B58DEBB53E51F41DDFA2FB85CF.d.229B58E2CE2BDA50F8D8B6E0B5EFBB5C.e.6005"}]}
RESULT: {"script":"<script> [56 bytes]","args":[{"element-6066-11e4-a52e-4f735466cecf":"f.FCC204B58DEBB53E51F41DDFA2FB85CF.d.229B58E2CE2BDA50F8D8B6E0B5EFBB5C.e.6005","ELEMENT":"f.FCC204B58DEBB53E51F41DDFA2FB85CF.d.229B58E2CE2BDA50F8D8B6E0B5EFBB5C.e.6005"}]}
COMMAND: POST /session/c5b1ef57caa26d27c0af8f03bb65535b/element - {"using":"xpath","value":"//span[contains(@title, \"Remove\")]"}
COMMAND: GET /session/c5b1ef57caa26d27c0af8f03bb65535b/screenshot - {}
RESULT: {"using":"xpath","value":"//span[contains(@title, \"Remove\")]"}
COMMAND: POST /session/c5b1ef57caa26d27c0af8f03bb65535b/element/f.FCC204B58DEBB53E51F41DDFA2FB85CF.d.229B58E2CE2BDA50F8D8B6E0B5EFBB5C.e.6281/click - {}
RESULT: {}
RESULT: {}
COMMAND: GET /session/c5b1ef57caa26d27c0af8f03bb65535b/screenshot - {}
RESULT: {}
COMMAND: POST /session/c5b1ef57caa26d27c0af8f03bb65535b/element - {"using":"xpath","value":"//span[@id=\"application-managepartners-display-component---masterPtm--smartTable-header-inner\"]"}
RESULT: {"using":"xpath","value":"//span[@id=\"application-managepartners-display-component---masterPtm--smartTable-header-inner\"]"}
COMMAND: POST /session/c5b1ef57caa26d27c0af8f03bb65535b/elements - {"using":"xpath","value":"//span[@id=\"application-managepartners-display-component---masterPtm--smartTable-header-inner\"]"}
RESULT: {"using":"xpath","value":"//span[@id=\"application-managepartners-display-component---masterPtm--smartTable-header-inner\"]"}
COMMAND: POST /session/c5b1ef57caa26d27c0af8f03bb65535b/execute/sync - {"script":"<script> [56 bytes]","args":[{"element-6066-11e4-a52e-4f735466cecf":"f.FCC204B58DEBB53E51F41DDFA2FB85CF.d.229B58E2CE2BDA50F8D8B6E0B5EFBB5C.e.6005","ELEMENT":"f.FCC204B58DEBB53E51F41DDFA2FB85CF.d.229B58E2CE2BDA50F8D8B6E0B5EFBB5C.e.6005"}]}
RESULT: {"script":"<script> [56 bytes]","args":[{"element-6066-11e4-a52e-4f735466cecf":"f.FCC204B58DEBB53E51F41DDFA2FB85CF.d.229B58E2CE2BDA50F8D8B6E0B5EFBB5C.e.6005","ELEMENT":"f.FCC204B58DEBB53E51F41DDFA2FB85CF.d.229B58E2CE2BDA50F8D8B6E0B5EFBB5C.e.6005"}]}
COMMAND: POST /session/c5b1ef57caa26d27c0af8f03bb65535b/execute/async - {"script":"<script> [1562 bytes]","args":[{"selector":{"id":"application-managepartners-display-component---masterPtm--smartFilterBar-filterItemControl_BASIC-YARD-vhi"},"wdio_ui5_key":"applicationmanagepartners-display-component---masterPtm--smartFilterBar-filterItemControl_BASIC-YARD-vhi"}]}
COMMAND: GET /session/c5b1ef57caa26d27c0af8f03bb65535b/screenshot - {}
RESULT: {"script":"<script> [1562 bytes]","args":[{"selector":{"id":"application-managepartners-display-component---masterPtm--smartFilterBar-filterItemControl_BASIC-YARD-vhi"},"wdio_ui5_key":"applicationmanagepartners-display-component---masterPtm--smartFilterBar-filterItemControl_BASIC-YARD-vhi"}]}
RESULT: undefined
COMMAND: POST /session/c5b1ef57caa26d27c0af8f03bb65535b/element - {"using":"xpath","value":"//*[@id=\"application-managepartners-display-component---masterPtm--smartFilterBar-filterItemControl_BASIC-YARD-vhi\"]"}
RESULT: {}
RESULT: {"using":"xpath","value":"//*[@id=\"application-managepartners-display-component---masterPtm--smartFilterBar-filterItemControl_BASIC-YARD-vhi\"]"}
COMMAND: POST /session/c5b1ef57caa26d27c0af8f03bb65535b/element/f.FCC204B58DEBB53E51F41DDFA2FB85CF.d.229B58E2CE2BDA50F8D8B6E0B5EFBB5C.e.6387/click - {}
RESULT: {}
COMMAND: GET /session/c5b1ef57caa26d27c0af8f03bb65535b/screenshot - {}
RESULT: {}
COMMAND: POST /session/c5b1ef57caa26d27c0af8f03bb65535b/execute/async - {"script":"<script> [1562 bytes]","args":[{"selector":{"id":"application-managepartners-display-component---masterPtm--smartFilterBar-filterItemControl_BASIC-YARD-valueHelpDialog-smartFilterBar-btnBasicSearch","searchOpenDialogs":true,"interaction":{"idSuffix":"I"}},"wdio_ui5_key":"applicationmanagepartners-display-component---masterPtm--smartFilterBar-filterItemControl_BASIC-YARD-valueHelpDialog-smartFilterBar-btnBasicSearch"}]}
RESULT: {"script":"<script> [1562 bytes]","args":[{"selector":{"id":"application-managepartners-display-component---masterPtm--smartFilterBar-filterItemControl_BASIC-YARD-valueHelpDialog-smartFilterBar-btnBasicSearch","searchOpenDialogs":true,"interaction":{"idSuffix":"I"}},"wdio_ui5_key":"applicationmanagepartners-display-component---masterPtm--smartFilterBar-filterItemControl_BASIC-YARD-valueHelpDialog-smartFilterBar-btnBasicSearch"}]}
RESULT: undefined
COMMAND: POST /session/c5b1ef57caa26d27c0af8f03bb65535b/execute/async - {"script":"<script> [776 bytes]","args":[{"enterText":"Test","selector":{"id":"application-managepartners-display-component---masterPtm--smartFilterBar-filterItemControl_BASIC-YARD-valueHelpDialog-smartFilterBar-btnBasicSearch","searchOpenDialogs":true,"interaction":{"idSuffix":"I"}},"clearTextFirst":true,"interactionType":"ENTER_TEXT"}]}
RESULT: {"script":"<script> [776 bytes]","args":[{"enterText":"Test","selector":{"id":"application-managepartners-display-component---masterPtm--smartFilterBar-filterItemControl_BASIC-YARD-valueHelpDialog-smartFilterBar-btnBasicSearch","searchOpenDialogs":true,"interaction":{"idSuffix":"I"}},"clearTextFirst":true,"interactionType":"ENTER_TEXT"}]}
COMMAND: POST /session/c5b1ef57caa26d27c0af8f03bb65535b/actions - {"actions":[{"id":"action19","type":"key","parameters":{},"actions":[{"type":"keyDown","value":"î€‡"},{"type":"pause","duration":10},{"type":"keyUp","value":"î€‡"}]}]}
RESULT: {"actions":[{"id":"action19","type":"key","parameters":{},"actions":[{"type":"keyDown","value":"î€‡"},{"type":"pause","duration":10},{"type":"keyUp","value":"î€‡"}]}]}
COMMAND: POST /session/c5b1ef57caa26d27c0af8f03bb65535b/elements - {"using":"xpath","value":"//table[contains(@id, \"smartFilterBar-filterItemControl_BASIC-YARD-valueHelpDialog-table-table\")]/tbody/tr"}
COMMAND: GET /session/c5b1ef57caa26d27c0af8f03bb65535b/screenshot - {}
RESULT: {"using":"xpath","value":"//table[contains(@id, \"smartFilterBar-filterItemControl_BASIC-YARD-valueHelpDialog-table-table\")]/tbody/tr"}
COMMAND: POST /session/c5b1ef57caa26d27c0af8f03bb65535b/element - {"using":"xpath","value":"//table[contains(@id, \"smartFilterBar-filterItemControl_BASIC-YARD-valueHelpDialog-table-table\")]/tbody/tr[1]/td[1]/div/span"}
RESULT: {}
RESULT: {"using":"xpath","value":"//table[contains(@id, \"smartFilterBar-filterItemControl_BASIC-YARD-valueHelpDialog-table-table\")]/tbody/tr[1]/td[1]/div/span"}
COMMAND: POST /session/c5b1ef57caa26d27c0af8f03bb65535b/elements - {"using":"xpath","value":"//table[contains(@id, \"smartFilterBar-filterItemControl_BASIC-YARD-valueHelpDialog-table-table\")]/tbody/tr[1]/td[1]/div/span"}
RESULT: {"using":"xpath","value":"//table[contains(@id, \"smartFilterBar-filterItemControl_BASIC-YARD-valueHelpDialog-table-table\")]/tbody/tr[1]/td[1]/div/span"}
COMMAND: POST /session/c5b1ef57caa26d27c0af8f03bb65535b/execute/sync - {"script":"<script> [56 bytes]","args":[{"element-6066-11e4-a52e-4f735466cecf":"f.FCC204B58DEBB53E51F41DDFA2FB85CF.d.229B58E2CE2BDA50F8D8B6E0B5EFBB5C.e.6408","ELEMENT":"f.FCC204B58DEBB53E51F41DDFA2FB85CF.d.229B58E2CE2BDA50F8D8B6E0B5EFBB5C.e.6408"}]}
RESULT: {"script":"<script> [56 bytes]","args":[{"element-6066-11e4-a52e-4f735466cecf":"f.FCC204B58DEBB53E51F41DDFA2FB85CF.d.229B58E2CE2BDA50F8D8B6E0B5EFBB5C.e.6408","ELEMENT":"f.FCC204B58DEBB53E51F41DDFA2FB85CF.d.229B58E2CE2BDA50F8D8B6E0B5EFBB5C.e.6408"}]}
COMMAND: POST /session/c5b1ef57caa26d27c0af8f03bb65535b/element - {"using":"xpath","value":"//table[contains(@id, \"smartFilterBar-filterItemControl_BASIC-YARD-valueHelpDialog-table-table\")]/tbody/tr[2]/td[1]/div/span"}
COMMAND: GET /session/c5b1ef57caa26d27c0af8f03bb65535b/screenshot - {}
RESULT: {"using":"xpath","value":"//table[contains(@id, \"smartFilterBar-filterItemControl_BASIC-YARD-valueHelpDialog-table-table\")]/tbody/tr[2]/td[1]/div/span"}
COMMAND: POST /session/c5b1ef57caa26d27c0af8f03bb65535b/elements - {"using":"xpath","value":"//table[contains(@id, \"smartFilterBar-filterItemControl_BASIC-YARD-valueHelpDialog-table-table\")]/tbody/tr[2]/td[1]/div/span"}
RESULT: {}
RESULT: {"using":"xpath","value":"//table[contains(@id, \"smartFilterBar-filterItemControl_BASIC-YARD-valueHelpDialog-table-table\")]/tbody/tr[2]/td[1]/div/span"}
COMMAND: POST /session/c5b1ef57caa26d27c0af8f03bb65535b/execute/sync - {"script":"<script> [56 bytes]","args":[{"element-6066-11e4-a52e-4f735466cecf":"f.FCC204B58DEBB53E51F41DDFA2FB85CF.d.229B58E2CE2BDA50F8D8B6E0B5EFBB5C.e.6409","ELEMENT":"f.FCC204B58DEBB53E51F41DDFA2FB85CF.d.229B58E2CE2BDA50F8D8B6E0B5EFBB5C.e.6409"}]}
RESULT: {"script":"<script> [56 bytes]","args":[{"element-6066-11e4-a52e-4f735466cecf":"f.FCC204B58DEBB53E51F41DDFA2FB85CF.d.229B58E2CE2BDA50F8D8B6E0B5EFBB5C.e.6409","ELEMENT":"f.FCC204B58DEBB53E51F41DDFA2FB85CF.d.229B58E2CE2BDA50F8D8B6E0B5EFBB5C.e.6409"}]}
COMMAND: POST /session/c5b1ef57caa26d27c0af8f03bb65535b/element - {"using":"xpath","value":"//table[contains(@id, \"smartFilterBar-filterItemControl_BASIC-YARD-valueHelpDialog-table-table\")]/tbody/tr[3]/td[1]/div/span"}
COMMAND: GET /session/c5b1ef57caa26d27c0af8f03bb65535b/screenshot - {}
RESULT: {"using":"xpath","value":"//table[contains(@id, \"smartFilterBar-filterItemControl_BASIC-YARD-valueHelpDialog-table-table\")]/tbody/tr[3]/td[1]/div/span"}
COMMAND: POST /session/c5b1ef57caa26d27c0af8f03bb65535b/elements - {"using":"xpath","value":"//table[contains(@id, \"smartFilterBar-filterItemControl_BASIC-YARD-valueHelpDialog-table-table\")]/tbody/tr[3]/td[1]/div/span"}
RESULT: {}
RESULT: {"using":"xpath","value":"//table[contains(@id, \"smartFilterBar-filterItemControl_BASIC-YARD-valueHelpDialog-table-table\")]/tbody/tr[3]/td[1]/div/span"}
COMMAND: POST /session/c5b1ef57caa26d27c0af8f03bb65535b/execute/sync - {"script":"<script> [56 bytes]","args":[{"element-6066-11e4-a52e-4f735466cecf":"f.FCC204B58DEBB53E51F41DDFA2FB85CF.d.229B58E2CE2BDA50F8D8B6E0B5EFBB5C.e.6410","ELEMENT":"f.FCC204B58DEBB53E51F41DDFA2FB85CF.d.229B58E2CE2BDA50F8D8B6E0B5EFBB5C.e.6410"}]}
RESULT: {"script":"<script> [56 bytes]","args":[{"element-6066-11e4-a52e-4f735466cecf":"f.FCC204B58DEBB53E51F41DDFA2FB85CF.d.229B58E2CE2BDA50F8D8B6E0B5EFBB5C.e.6410","ELEMENT":"f.FCC204B58DEBB53E51F41DDFA2FB85CF.d.229B58E2CE2BDA50F8D8B6E0B5EFBB5C.e.6410"}]}
COMMAND: POST /session/c5b1ef57caa26d27c0af8f03bb65535b/element - {"using":"xpath","value":"//div[contains(@id, \"filterItemControl_BASIC-YARD-valueHelpDialog-table-rowsel2\")]"}
COMMAND: GET /session/c5b1ef57caa26d27c0af8f03bb65535b/screenshot - {}
RESULT: {"using":"xpath","value":"//div[contains(@id, \"filterItemControl_BASIC-YARD-valueHelpDialog-table-rowsel2\")]"}
COMMAND: POST /session/c5b1ef57caa26d27c0af8f03bb65535b/element/f.FCC204B58DEBB53E51F41DDFA2FB85CF.d.229B58E2CE2BDA50F8D8B6E0B5EFBB5C.e.6411/click - {}
RESULT: {}
RESULT: {}
COMMAND: GET /session/c5b1ef57caa26d27c0af8f03bb65535b/screenshot - {}
RESULT: {}
COMMAND: POST /session/c5b1ef57caa26d27c0af8f03bb65535b/element - {"using":"xpath","value":"(//bdi[contains(text(), \"OK\")])[1]"}
RESULT: {"using":"xpath","value":"(//bdi[contains(text(), \"OK\")])[1]"}
COMMAND: POST /session/c5b1ef57caa26d27c0af8f03bb65535b/element/f.FCC204B58DEBB53E51F41DDFA2FB85CF.d.229B58E2CE2BDA50F8D8B6E0B5EFBB5C.e.6413/click - {}
RESULT: {}
COMMAND: GET /session/c5b1ef57caa26d27c0af8f03bb65535b/screenshot - {}
RESULT: {}
COMMAND: POST /session/c5b1ef57caa26d27c0af8f03bb65535b/element - {"using":"xpath","value":"//span[@id=\"application-managepartners-display-component---masterPtm--smartTable-header-inner\"]"}
RESULT: {"using":"xpath","value":"//span[@id=\"application-managepartners-display-component---masterPtm--smartTable-header-inner\"]"}
COMMAND: POST /session/c5b1ef57caa26d27c0af8f03bb65535b/elements - {"using":"xpath","value":"//span[@id=\"application-managepartners-display-component---masterPtm--smartTable-header-inner\"]"}
RESULT: {"using":"xpath","value":"//span[@id=\"application-managepartners-display-component---masterPtm--smartTable-header-inner\"]"}
COMMAND: POST /session/c5b1ef57caa26d27c0af8f03bb65535b/execute/sync - {"script":"<script> [56 bytes]","args":[{"element-6066-11e4-a52e-4f735466cecf":"f.FCC204B58DEBB53E51F41DDFA2FB85CF.d.229B58E2CE2BDA50F8D8B6E0B5EFBB5C.e.6005","ELEMENT":"f.FCC204B58DEBB53E51F41DDFA2FB85CF.d.229B58E2CE2BDA50F8D8B6E0B5EFBB5C.e.6005"}]}
RESULT: {"script":"<script> [56 bytes]","args":[{"element-6066-11e4-a52e-4f735466cecf":"f.FCC204B58DEBB53E51F41DDFA2FB85CF.d.229B58E2CE2BDA50F8D8B6E0B5EFBB5C.e.6005","ELEMENT":"f.FCC204B58DEBB53E51F41DDFA2FB85CF.d.229B58E2CE2BDA50F8D8B6E0B5EFBB5C.e.6005"}]}
COMMAND: POST /session/c5b1ef57caa26d27c0af8f03bb65535b/element - {"using":"xpath","value":"//span[contains(@title, \"Remove\")]"}
COMMAND: GET /session/c5b1ef57caa26d27c0af8f03bb65535b/screenshot - {}
RESULT: {"using":"xpath","value":"//span[contains(@title, \"Remove\")]"}
COMMAND: POST /session/c5b1ef57caa26d27c0af8f03bb65535b/element/f.FCC204B58DEBB53E51F41DDFA2FB85CF.d.229B58E2CE2BDA50F8D8B6E0B5EFBB5C.e.6426/click - {}
RESULT: {}
RESULT: {}
COMMAND: GET /session/c5b1ef57caa26d27c0af8f03bb65535b/screenshot - {}
RESULT: {}
COMMAND: POST /session/c5b1ef57caa26d27c0af8f03bb65535b/element - {"using":"xpath","value":"//span[@id=\"application-managepartners-display-component---masterPtm--smartTable-header-inner\"]"}
RESULT: {"using":"xpath","value":"//span[@id=\"application-managepartners-display-component---masterPtm--smartTable-header-inner\"]"}
COMMAND: POST /session/c5b1ef57caa26d27c0af8f03bb65535b/elements - {"using":"xpath","value":"//span[@id=\"application-managepartners-display-component---masterPtm--smartTable-header-inner\"]"}
RESULT: {"using":"xpath","value":"//span[@id=\"application-managepartners-display-component---masterPtm--smartTable-header-inner\"]"}
COMMAND: POST /session/c5b1ef57caa26d27c0af8f03bb65535b/execute/sync - {"script":"<script> [56 bytes]","args":[{"element-6066-11e4-a52e-4f735466cecf":"f.FCC204B58DEBB53E51F41DDFA2FB85CF.d.229B58E2CE2BDA50F8D8B6E0B5EFBB5C.e.6005","ELEMENT":"f.FCC204B58DEBB53E51F41DDFA2FB85CF.d.229B58E2CE2BDA50F8D8B6E0B5EFBB5C.e.6005"}]}
RESULT: {"script":"<script> [56 bytes]","args":[{"element-6066-11e4-a52e-4f735466cecf":"f.FCC204B58DEBB53E51F41DDFA2FB85CF.d.229B58E2CE2BDA50F8D8B6E0B5EFBB5C.e.6005","ELEMENT":"f.FCC204B58DEBB53E51F41DDFA2FB85CF.d.229B58E2CE2BDA50F8D8B6E0B5EFBB5C.e.6005"}]}
COMMAND: POST /session/c5b1ef57caa26d27c0af8f03bb65535b/execute/async - {"script":"<script> [1562 bytes]","args":[{"selector":{"id":"application-managepartners-display-component---masterPtm--smartFilterBar-filterItemControl_BASIC-ALL_TAGS-vhi"},"wdio_ui5_key":"applicationmanagepartners-display-component---masterPtm--smartFilterBar-filterItemControl_BASIC-ALL_TAGS-vhi"}]}
COMMAND: GET /session/c5b1ef57caa26d27c0af8f03bb65535b/screenshot - {}
RESULT: {"script":"<script> [1562 bytes]","args":[{"selector":{"id":"application-managepartners-display-component---masterPtm--smartFilterBar-filterItemControl_BASIC-ALL_TAGS-vhi"},"wdio_ui5_key":"applicationmanagepartners-display-component---masterPtm--smartFilterBar-filterItemControl_BASIC-ALL_TAGS-vhi"}]}
RESULT: undefined
COMMAND: POST /session/c5b1ef57caa26d27c0af8f03bb65535b/element - {"using":"xpath","value":"//*[@id=\"application-managepartners-display-component---masterPtm--smartFilterBar-filterItemControl_BASIC-ALL_TAGS-vhi\"]"}
RESULT: {}
RESULT: {"using":"xpath","value":"//*[@id=\"application-managepartners-display-component---masterPtm--smartFilterBar-filterItemControl_BASIC-ALL_TAGS-vhi\"]"}
COMMAND: POST /session/c5b1ef57caa26d27c0af8f03bb65535b/element/f.FCC204B58DEBB53E51F41DDFA2FB85CF.d.229B58E2CE2BDA50F8D8B6E0B5EFBB5C.e.6530/click - {}
RESULT: {}
COMMAND: GET /session/c5b1ef57caa26d27c0af8f03bb65535b/screenshot - {}
RESULT: {}
COMMAND: POST /session/c5b1ef57caa26d27c0af8f03bb65535b/execute/async - {"script":"<script> [1562 bytes]","args":[{"selector":{"id":"application-managepartners-display-component---masterPtm--smartFilterBar-filterItemControl_BASIC-ALL_TAGS-valueHelpDialog-smartFilterBar-btnBasicSearch","searchOpenDialogs":true,"interaction":{"idSuffix":"I"}},"wdio_ui5_key":"applicationmanagepartners-display-component---masterPtm--smartFilterBar-filterItemControl_BASIC-ALL_TAGS-valueHelpDialog-smartFilterBar-btnBasicSearch"}]}
RESULT: {"script":"<script> [1562 bytes]","args":[{"selector":{"id":"application-managepartners-display-component---masterPtm--smartFilterBar-filterItemControl_BASIC-ALL_TAGS-valueHelpDialog-smartFilterBar-btnBasicSearch","searchOpenDialogs":true,"interaction":{"idSuffix":"I"}},"wdio_ui5_key":"applicationmanagepartners-display-component---masterPtm--smartFilterBar-filterItemControl_BASIC-ALL_TAGS-valueHelpDialog-smartFilterBar-btnBasicSearch"}]}
RESULT: undefined
COMMAND: POST /session/c5b1ef57caa26d27c0af8f03bb65535b/execute/async - {"script":"<script> [776 bytes]","args":[{"enterText":"test-tag-1","selector":{"id":"application-managepartners-display-component---masterPtm--smartFilterBar-filterItemControl_BASIC-ALL_TAGS-valueHelpDialog-smartFilterBar-btnBasicSearch","searchOpenDialogs":true,"interaction":{"idSuffix":"I"}},"clearTextFirst":true,"interactionType":"ENTER_TEXT"}]}
RESULT: {"script":"<script> [776 bytes]","args":[{"enterText":"test-tag-1","selector":{"id":"application-managepartners-display-component---masterPtm--smartFilterBar-filterItemControl_BASIC-ALL_TAGS-valueHelpDialog-smartFilterBar-btnBasicSearch","searchOpenDialogs":true,"interaction":{"idSuffix":"I"}},"clearTextFirst":true,"interactionType":"ENTER_TEXT"}]}
COMMAND: POST /session/c5b1ef57caa26d27c0af8f03bb65535b/actions - {"actions":[{"id":"action20","type":"key","parameters":{},"actions":[{"type":"keyDown","value":"î€‡"},{"type":"pause","duration":10},{"type":"keyUp","value":"î€‡"}]}]}
RESULT: {"actions":[{"id":"action20","type":"key","parameters":{},"actions":[{"type":"keyDown","value":"î€‡"},{"type":"pause","duration":10},{"type":"keyUp","value":"î€‡"}]}]}
COMMAND: POST /session/c5b1ef57caa26d27c0af8f03bb65535b/elements - {"using":"xpath","value":"//table[contains(@id, \"smartFilterBar-filterItemControl_BASIC-ALL_TAGS-valueHelpDialog-table-table\")]/tbody/tr"}
COMMAND: GET /session/c5b1ef57caa26d27c0af8f03bb65535b/screenshot - {}
RESULT: {"using":"xpath","value":"//table[contains(@id, \"smartFilterBar-filterItemControl_BASIC-ALL_TAGS-valueHelpDialog-table-table\")]/tbody/tr"}
COMMAND: POST /session/c5b1ef57caa26d27c0af8f03bb65535b/element - {"using":"xpath","value":"//table[contains(@id, \"smartFilterBar-filterItemControl_BASIC-ALL_TAGS-valueHelpDialog-table-table\")]/tbody/tr[1]/td[1]/div/span"}
RESULT: {}
RESULT: {"using":"xpath","value":"//table[contains(@id, \"smartFilterBar-filterItemControl_BASIC-ALL_TAGS-valueHelpDialog-table-table\")]/tbody/tr[1]/td[1]/div/span"}
COMMAND: POST /session/c5b1ef57caa26d27c0af8f03bb65535b/elements - {"using":"xpath","value":"//table[contains(@id, \"smartFilterBar-filterItemControl_BASIC-ALL_TAGS-valueHelpDialog-table-table\")]/tbody/tr[1]/td[1]/div/span"}
RESULT: {"using":"xpath","value":"//table[contains(@id, \"smartFilterBar-filterItemControl_BASIC-ALL_TAGS-valueHelpDialog-table-table\")]/tbody/tr[1]/td[1]/div/span"}
COMMAND: POST /session/c5b1ef57caa26d27c0af8f03bb65535b/execute/sync - {"script":"<script> [56 bytes]","args":[{"element-6066-11e4-a52e-4f735466cecf":"f.FCC204B58DEBB53E51F41DDFA2FB85CF.d.229B58E2CE2BDA50F8D8B6E0B5EFBB5C.e.6550","ELEMENT":"f.FCC204B58DEBB53E51F41DDFA2FB85CF.d.229B58E2CE2BDA50F8D8B6E0B5EFBB5C.e.6550"}]}
RESULT: {"script":"<script> [56 bytes]","args":[{"element-6066-11e4-a52e-4f735466cecf":"f.FCC204B58DEBB53E51F41DDFA2FB85CF.d.229B58E2CE2BDA50F8D8B6E0B5EFBB5C.e.6550","ELEMENT":"f.FCC204B58DEBB53E51F41DDFA2FB85CF.d.229B58E2CE2BDA50F8D8B6E0B5EFBB5C.e.6550"}]}
COMMAND: POST /session/c5b1ef57caa26d27c0af8f03bb65535b/element - {"using":"xpath","value":"//div[contains(@id, \"filterItemControl_BASIC-ALL_TAGS-valueHelpDialog-table-rowsel0\")]"}
COMMAND: GET /session/c5b1ef57caa26d27c0af8f03bb65535b/screenshot - {}
RESULT: {"using":"xpath","value":"//div[contains(@id, \"filterItemControl_BASIC-ALL_TAGS-valueHelpDialog-table-rowsel0\")]"}
COMMAND: POST /session/c5b1ef57caa26d27c0af8f03bb65535b/element/f.FCC204B58DEBB53E51F41DDFA2FB85CF.d.229B58E2CE2BDA50F8D8B6E0B5EFBB5C.e.6551/click - {}
RESULT: {}
RESULT: {}
COMMAND: GET /session/c5b1ef57caa26d27c0af8f03bb65535b/screenshot - {}
RESULT: {}
COMMAND: POST /session/c5b1ef57caa26d27c0af8f03bb65535b/element - {"using":"xpath","value":"(//bdi[contains(text(), \"OK\")])[1]"}
RESULT: {"using":"xpath","value":"(//bdi[contains(text(), \"OK\")])[1]"}
COMMAND: POST /session/c5b1ef57caa26d27c0af8f03bb65535b/element/f.FCC204B58DEBB53E51F41DDFA2FB85CF.d.229B58E2CE2BDA50F8D8B6E0B5EFBB5C.e.6553/click - {}
RESULT: {}
COMMAND: GET /session/c5b1ef57caa26d27c0af8f03bb65535b/screenshot - {}
RESULT: {}
COMMAND: POST /session/c5b1ef57caa26d27c0af8f03bb65535b/element - {"using":"xpath","value":"//span[@id=\"application-managepartners-display-component---masterPtm--smartTable-header-inner\"]"}
RESULT: {"using":"xpath","value":"//span[@id=\"application-managepartners-display-component---masterPtm--smartTable-header-inner\"]"}
COMMAND: POST /session/c5b1ef57caa26d27c0af8f03bb65535b/elements - {"using":"xpath","value":"//span[@id=\"application-managepartners-display-component---masterPtm--smartTable-header-inner\"]"}
RESULT: {"using":"xpath","value":"//span[@id=\"application-managepartners-display-component---masterPtm--smartTable-header-inner\"]"}
COMMAND: POST /session/c5b1ef57caa26d27c0af8f03bb65535b/execute/sync - {"script":"<script> [56 bytes]","args":[{"element-6066-11e4-a52e-4f735466cecf":"f.FCC204B58DEBB53E51F41DDFA2FB85CF.d.229B58E2CE2BDA50F8D8B6E0B5EFBB5C.e.6005","ELEMENT":"f.FCC204B58DEBB53E51F41DDFA2FB85CF.d.229B58E2CE2BDA50F8D8B6E0B5EFBB5C.e.6005"}]}
RESULT: {"script":"<script> [56 bytes]","args":[{"element-6066-11e4-a52e-4f735466cecf":"f.FCC204B58DEBB53E51F41DDFA2FB85CF.d.229B58E2CE2BDA50F8D8B6E0B5EFBB5C.e.6005","ELEMENT":"f.FCC204B58DEBB53E51F41DDFA2FB85CF.d.229B58E2CE2BDA50F8D8B6E0B5EFBB5C.e.6005"}]}
COMMAND: POST /session/c5b1ef57caa26d27c0af8f03bb65535b/element - {"using":"xpath","value":"//span[contains(@title, \"Remove\")]"}
COMMAND: GET /session/c5b1ef57caa26d27c0af8f03bb65535b/screenshot - {}
RESULT: {"using":"xpath","value":"//span[contains(@title, \"Remove\")]"}
COMMAND: POST /session/c5b1ef57caa26d27c0af8f03bb65535b/element/f.FCC204B58DEBB53E51F41DDFA2FB85CF.d.229B58E2CE2BDA50F8D8B6E0B5EFBB5C.e.6575/click - {}
RESULT: {}
RESULT: {}
COMMAND: GET /session/c5b1ef57caa26d27c0af8f03bb65535b/screenshot - {}
RESULT: {}
COMMAND: POST /session/c5b1ef57caa26d27c0af8f03bb65535b/execute/async - {"script":"<script> [1562 bytes]","args":[{"selector":{"id":"application-managepartners-display-component---masterPtm--partnerTypes-arrow"},"wdio_ui5_key":"applicationmanagepartners-display-component---masterPtm--partnerTypes-arrow"}]}
RESULT: {"script":"<script> [1562 bytes]","args":[{"selector":{"id":"application-managepartners-display-component---masterPtm--partnerTypes-arrow"},"wdio_ui5_key":"applicationmanagepartners-display-component---masterPtm--partnerTypes-arrow"}]}
RESULT: undefined
COMMAND: POST /session/c5b1ef57caa26d27c0af8f03bb65535b/element - {"using":"xpath","value":"//*[@id=\"application-managepartners-display-component---masterPtm--partnerTypes-arrow\"]"}
RESULT: {"using":"xpath","value":"//*[@id=\"application-managepartners-display-component---masterPtm--partnerTypes-arrow\"]"}
COMMAND: POST /session/c5b1ef57caa26d27c0af8f03bb65535b/element/f.FCC204B58DEBB53E51F41DDFA2FB85CF.d.229B58E2CE2BDA50F8D8B6E0B5EFBB5C.e.6679/click - {}
RESULT: {}
COMMAND: GET /session/c5b1ef57caa26d27c0af8f03bb65535b/screenshot - {}
RESULT: {}
COMMAND: POST /session/c5b1ef57caa26d27c0af8f03bb65535b/element - {"using":"xpath","value":"//li[.//span[text()=\"External partner\"]]//div[contains(@class,\"sapMCbBg\")]"}
RESULT: {"using":"xpath","value":"//li[.//span[text()=\"External partner\"]]//div[contains(@class,\"sapMCbBg\")]"}
COMMAND: POST /session/c5b1ef57caa26d27c0af8f03bb65535b/element/f.FCC204B58DEBB53E51F41DDFA2FB85CF.d.229B58E2CE2BDA50F8D8B6E0B5EFBB5C.e.6682/click - {}
RESULT: {}
COMMAND: GET /session/c5b1ef57caa26d27c0af8f03bb65535b/screenshot - {}
RESULT: {}
COMMAND: POST /session/c5b1ef57caa26d27c0af8f03bb65535b/element - {"using":"xpath","value":"//div[contains(@id,\"application-managepartners-display-component---masterPtm--smartFilterBar-btnBasicSearch-search\")]"}
RESULT: {"using":"xpath","value":"//div[contains(@id,\"application-managepartners-display-component---masterPtm--smartFilterBar-btnBasicSearch-search\")]"}
COMMAND: POST /session/c5b1ef57caa26d27c0af8f03bb65535b/element/f.FCC204B58DEBB53E51F41DDFA2FB85CF.d.229B58E2CE2BDA50F8D8B6E0B5EFBB5C.e.6758/click - {}
RESULT: {}
COMMAND: GET /session/c5b1ef57caa26d27c0af8f03bb65535b/screenshot - {}
RESULT: {}
COMMAND: POST /session/c5b1ef57caa26d27c0af8f03bb65535b/element - {"using":"xpath","value":"//span[@id=\"application-managepartners-display-component---masterPtm--smartTable-header-inner\"]"}
RESULT: {"using":"xpath","value":"//span[@id=\"application-managepartners-display-component---masterPtm--smartTable-header-inner\"]"}
COMMAND: POST /session/c5b1ef57caa26d27c0af8f03bb65535b/elements - {"using":"xpath","value":"//span[@id=\"application-managepartners-display-component---masterPtm--smartTable-header-inner\"]"}
RESULT: {"using":"xpath","value":"//span[@id=\"application-managepartners-display-component---masterPtm--smartTable-header-inner\"]"}
COMMAND: POST /session/c5b1ef57caa26d27c0af8f03bb65535b/execute/sync - {"script":"<script> [56 bytes]","args":[{"element-6066-11e4-a52e-4f735466cecf":"f.FCC204B58DEBB53E51F41DDFA2FB85CF.d.229B58E2CE2BDA50F8D8B6E0B5EFBB5C.e.6005","ELEMENT":"f.FCC204B58DEBB53E51F41DDFA2FB85CF.d.229B58E2CE2BDA50F8D8B6E0B5EFBB5C.e.6005"}]}
RESULT: {"script":"<script> [56 bytes]","args":[{"element-6066-11e4-a52e-4f735466cecf":"f.FCC204B58DEBB53E51F41DDFA2FB85CF.d.229B58E2CE2BDA50F8D8B6E0B5EFBB5C.e.6005","ELEMENT":"f.FCC204B58DEBB53E51F41DDFA2FB85CF.d.229B58E2CE2BDA50F8D8B6E0B5EFBB5C.e.6005"}]}
COMMAND: POST /session/c5b1ef57caa26d27c0af8f03bb65535b/element - {"using":"xpath","value":"//span[contains(@title, \"Remove\")]"}
COMMAND: GET /session/c5b1ef57caa26d27c0af8f03bb65535b/screenshot - {}
RESULT: {"using":"xpath","value":"//span[contains(@title, \"Remove\")]"}
COMMAND: POST /session/c5b1ef57caa26d27c0af8f03bb65535b/element/f.FCC204B58DEBB53E51F41DDFA2FB85CF.d.229B58E2CE2BDA50F8D8B6E0B5EFBB5C.e.6761/click - {}
RESULT: {}
RESULT: {}
COMMAND: GET /session/c5b1ef57caa26d27c0af8f03bb65535b/screenshot - {}
RESULT: {}
COMMAND: POST /session/c5b1ef57caa26d27c0af8f03bb65535b/execute/async - {"script":"<script> [1562 bytes]","args":[{"selector":{"id":"application-managepartners-display-component---masterPtm--smartFilterBar-btnFilters","interaction":{"idSuffix":"BDI-content"}},"wdio_ui5_key":"applicationmanagepartners-display-component---masterPtm--smartFilterBar-btnFilters"}]}
RESULT: {"script":"<script> [1562 bytes]","args":[{"selector":{"id":"application-managepartners-display-component---masterPtm--smartFilterBar-btnFilters","interaction":{"idSuffix":"BDI-content"}},"wdio_ui5_key":"applicationmanagepartners-display-component---masterPtm--smartFilterBar-btnFilters"}]}
RESULT: undefined
COMMAND: POST /session/c5b1ef57caa26d27c0af8f03bb65535b/element - {"using":"xpath","value":"//*[@id=\"application-managepartners-display-component---masterPtm--smartFilterBar-btnFilters\"]"}
RESULT: {"using":"xpath","value":"//*[@id=\"application-managepartners-display-component---masterPtm--smartFilterBar-btnFilters\"]"}
COMMAND: POST /session/c5b1ef57caa26d27c0af8f03bb65535b/element/f.FCC204B58DEBB53E51F41DDFA2FB85CF.d.229B58E2CE2BDA50F8D8B6E0B5EFBB5C.e.5858/click - {}
RESULT: {}
COMMAND: GET /session/c5b1ef57caa26d27c0af8f03bb65535b/screenshot - {}
RESULT: {}
COMMAND: POST /session/c5b1ef57caa26d27c0af8f03bb65535b/elements - {"using":"xpath","value":"//table[contains(@id, \"listView-innerSelectionPanelTable-listUl\")]/tbody/tr"}
RESULT: {"using":"xpath","value":"//table[contains(@id, \"listView-innerSelectionPanelTable-listUl\")]/tbody/tr"}
COMMAND: POST /session/c5b1ef57caa26d27c0af8f03bb65535b/element - {"using":"xpath","value":"//table[contains(@id, \"listView-innerSelectionPanelTable-listUl\")]/tbody/tr[2]/td[2]/div/div"}
RESULT: {"using":"xpath","value":"//table[contains(@id, \"listView-innerSelectionPanelTable-listUl\")]/tbody/tr[2]/td[2]/div/div"}
COMMAND: POST /session/c5b1ef57caa26d27c0af8f03bb65535b/element - {"using":"xpath","value":"//table[contains(@id, \"listView-innerSelectionPanelTable-listUl\")]/tbody/tr[2]/td[2]/div"}
RESULT: {"using":"xpath","value":"//table[contains(@id, \"listView-innerSelectionPanelTable-listUl\")]/tbody/tr[2]/td[2]/div"}
COMMAND: POST /session/c5b1ef57caa26d27c0af8f03bb65535b/element - {"using":"xpath","value":"//table[contains(@id, \"listView-innerSelectionPanelTable-listUl\")]/tbody/tr[2]/td[3]/div/div/span/span[1]/bdi"}
RESULT: {"using":"xpath","value":"//table[contains(@id, \"listView-innerSelectionPanelTable-listUl\")]/tbody/tr[2]/td[3]/div/div/span/span[1]/bdi"}
COMMAND: POST /session/c5b1ef57caa26d27c0af8f03bb65535b/execute/sync - {"script":"<script> [56 bytes]","args":[{"element-6066-11e4-a52e-4f735466cecf":"f.FCC204B58DEBB53E51F41DDFA2FB85CF.d.229B58E2CE2BDA50F8D8B6E0B5EFBB5C.e.6868","ELEMENT":"f.FCC204B58DEBB53E51F41DDFA2FB85CF.d.229B58E2CE2BDA50F8D8B6E0B5EFBB5C.e.6868"}]}
RESULT: {"script":"<script> [56 bytes]","args":[{"element-6066-11e4-a52e-4f735466cecf":"f.FCC204B58DEBB53E51F41DDFA2FB85CF.d.229B58E2CE2BDA50F8D8B6E0B5EFBB5C.e.6868","ELEMENT":"f.FCC204B58DEBB53E51F41DDFA2FB85CF.d.229B58E2CE2BDA50F8D8B6E0B5EFBB5C.e.6868"}]}
COMMAND: GET /session/c5b1ef57caa26d27c0af8f03bb65535b/element/f.FCC204B58DEBB53E51F41DDFA2FB85CF.d.229B58E2CE2BDA50F8D8B6E0B5EFBB5C.e.6867/attribute/aria-checked - {}
COMMAND: GET /session/c5b1ef57caa26d27c0af8f03bb65535b/screenshot - {}
RESULT: {}
COMMAND: POST /session/c5b1ef57caa26d27c0af8f03bb65535b/element - {"using":"xpath","value":"//table[contains(@id, \"listView-innerSelectionPanelTable-listUl\")]/tbody/tr[3]/td[2]/div/div"}
RESULT: {}
RESULT: {"using":"xpath","value":"//table[contains(@id, \"listView-innerSelectionPanelTable-listUl\")]/tbody/tr[3]/td[2]/div/div"}
COMMAND: POST /session/c5b1ef57caa26d27c0af8f03bb65535b/element - {"using":"xpath","value":"//table[contains(@id, \"listView-innerSelectionPanelTable-listUl\")]/tbody/tr[3]/td[2]/div"}
RESULT: {"using":"xpath","value":"//table[contains(@id, \"listView-innerSelectionPanelTable-listUl\")]/tbody/tr[3]/td[2]/div"}
COMMAND: POST /session/c5b1ef57caa26d27c0af8f03bb65535b/element - {"using":"xpath","value":"//table[contains(@id, \"listView-innerSelectionPanelTable-listUl\")]/tbody/tr[3]/td[3]/div/div/span/span[1]/bdi"}
RESULT: {"using":"xpath","value":"//table[contains(@id, \"listView-innerSelectionPanelTable-listUl\")]/tbody/tr[3]/td[3]/div/div/span/span[1]/bdi"}
COMMAND: POST /session/c5b1ef57caa26d27c0af8f03bb65535b/execute/sync - {"script":"<script> [56 bytes]","args":[{"element-6066-11e4-a52e-4f735466cecf":"f.FCC204B58DEBB53E51F41DDFA2FB85CF.d.229B58E2CE2BDA50F8D8B6E0B5EFBB5C.e.6871","ELEMENT":"f.FCC204B58DEBB53E51F41DDFA2FB85CF.d.229B58E2CE2BDA50F8D8B6E0B5EFBB5C.e.6871"}]}
RESULT: {"script":"<script> [56 bytes]","args":[{"element-6066-11e4-a52e-4f735466cecf":"f.FCC204B58DEBB53E51F41DDFA2FB85CF.d.229B58E2CE2BDA50F8D8B6E0B5EFBB5C.e.6871","ELEMENT":"f.FCC204B58DEBB53E51F41DDFA2FB85CF.d.229B58E2CE2BDA50F8D8B6E0B5EFBB5C.e.6871"}]}
COMMAND: GET /session/c5b1ef57caa26d27c0af8f03bb65535b/element/f.FCC204B58DEBB53E51F41DDFA2FB85CF.d.229B58E2CE2BDA50F8D8B6E0B5EFBB5C.e.6870/attribute/aria-checked - {}
COMMAND: GET /session/c5b1ef57caa26d27c0af8f03bb65535b/screenshot - {}
RESULT: {}
COMMAND: POST /session/c5b1ef57caa26d27c0af8f03bb65535b/element - {"using":"xpath","value":"//table[contains(@id, \"listView-innerSelectionPanelTable-listUl\")]/tbody/tr[4]/td[2]/div/div"}
RESULT: {}
RESULT: {"using":"xpath","value":"//table[contains(@id, \"listView-innerSelectionPanelTable-listUl\")]/tbody/tr[4]/td[2]/div/div"}
COMMAND: POST /session/c5b1ef57caa26d27c0af8f03bb65535b/element - {"using":"xpath","value":"//table[contains(@id, \"listView-innerSelectionPanelTable-listUl\")]/tbody/tr[4]/td[2]/div"}
RESULT: {"using":"xpath","value":"//table[contains(@id, \"listView-innerSelectionPanelTable-listUl\")]/tbody/tr[4]/td[2]/div"}
COMMAND: POST /session/c5b1ef57caa26d27c0af8f03bb65535b/element - {"using":"xpath","value":"//table[contains(@id, \"listView-innerSelectionPanelTable-listUl\")]/tbody/tr[4]/td[3]/div/div/span/span[1]/bdi"}
RESULT: {"using":"xpath","value":"//table[contains(@id, \"listView-innerSelectionPanelTable-listUl\")]/tbody/tr[4]/td[3]/div/div/span/span[1]/bdi"}
COMMAND: POST /session/c5b1ef57caa26d27c0af8f03bb65535b/execute/sync - {"script":"<script> [56 bytes]","args":[{"element-6066-11e4-a52e-4f735466cecf":"f.FCC204B58DEBB53E51F41DDFA2FB85CF.d.229B58E2CE2BDA50F8D8B6E0B5EFBB5C.e.6874","ELEMENT":"f.FCC204B58DEBB53E51F41DDFA2FB85CF.d.229B58E2CE2BDA50F8D8B6E0B5EFBB5C.e.6874"}]}
RESULT: {"script":"<script> [56 bytes]","args":[{"element-6066-11e4-a52e-4f735466cecf":"f.FCC204B58DEBB53E51F41DDFA2FB85CF.d.229B58E2CE2BDA50F8D8B6E0B5EFBB5C.e.6874","ELEMENT":"f.FCC204B58DEBB53E51F41DDFA2FB85CF.d.229B58E2CE2BDA50F8D8B6E0B5EFBB5C.e.6874"}]}
COMMAND: GET /session/c5b1ef57caa26d27c0af8f03bb65535b/element/f.FCC204B58DEBB53E51F41DDFA2FB85CF.d.229B58E2CE2BDA50F8D8B6E0B5EFBB5C.e.6873/attribute/aria-checked - {}
COMMAND: GET /session/c5b1ef57caa26d27c0af8f03bb65535b/screenshot - {}
RESULT: {}
COMMAND: POST /session/c5b1ef57caa26d27c0af8f03bb65535b/element - {"using":"xpath","value":"//table[contains(@id, \"listView-innerSelectionPanelTable-listUl\")]/tbody/tr[5]/td[2]/div/div"}
RESULT: {}
RESULT: {"using":"xpath","value":"//table[contains(@id, \"listView-innerSelectionPanelTable-listUl\")]/tbody/tr[5]/td[2]/div/div"}
COMMAND: POST /session/c5b1ef57caa26d27c0af8f03bb65535b/element - {"using":"xpath","value":"//table[contains(@id, \"listView-innerSelectionPanelTable-listUl\")]/tbody/tr[5]/td[2]/div"}
RESULT: {"using":"xpath","value":"//table[contains(@id, \"listView-innerSelectionPanelTable-listUl\")]/tbody/tr[5]/td[2]/div"}
COMMAND: POST /session/c5b1ef57caa26d27c0af8f03bb65535b/element - {"using":"xpath","value":"//table[contains(@id, \"listView-innerSelectionPanelTable-listUl\")]/tbody/tr[5]/td[3]/div/div/span/span[1]/bdi"}
RESULT: {"using":"xpath","value":"//table[contains(@id, \"listView-innerSelectionPanelTable-listUl\")]/tbody/tr[5]/td[3]/div/div/span/span[1]/bdi"}
COMMAND: POST /session/c5b1ef57caa26d27c0af8f03bb65535b/execute/sync - {"script":"<script> [56 bytes]","args":[{"element-6066-11e4-a52e-4f735466cecf":"f.FCC204B58DEBB53E51F41DDFA2FB85CF.d.229B58E2CE2BDA50F8D8B6E0B5EFBB5C.e.6877","ELEMENT":"f.FCC204B58DEBB53E51F41DDFA2FB85CF.d.229B58E2CE2BDA50F8D8B6E0B5EFBB5C.e.6877"}]}
RESULT: {"script":"<script> [56 bytes]","args":[{"element-6066-11e4-a52e-4f735466cecf":"f.FCC204B58DEBB53E51F41DDFA2FB85CF.d.229B58E2CE2BDA50F8D8B6E0B5EFBB5C.e.6877","ELEMENT":"f.FCC204B58DEBB53E51F41DDFA2FB85CF.d.229B58E2CE2BDA50F8D8B6E0B5EFBB5C.e.6877"}]}
COMMAND: GET /session/c5b1ef57caa26d27c0af8f03bb65535b/element/f.FCC204B58DEBB53E51F41DDFA2FB85CF.d.229B58E2CE2BDA50F8D8B6E0B5EFBB5C.e.6876/attribute/aria-checked - {}
COMMAND: GET /session/c5b1ef57caa26d27c0af8f03bb65535b/screenshot - {}
RESULT: {}
COMMAND: POST /session/c5b1ef57caa26d27c0af8f03bb65535b/element - {"using":"xpath","value":"//table[contains(@id, \"listView-innerSelectionPanelTable-listUl\")]/tbody/tr[6]/td[2]/div/div"}
RESULT: {}
RESULT: {"using":"xpath","value":"//table[contains(@id, \"listView-innerSelectionPanelTable-listUl\")]/tbody/tr[6]/td[2]/div/div"}
COMMAND: POST /session/c5b1ef57caa26d27c0af8f03bb65535b/element - {"using":"xpath","value":"//table[contains(@id, \"listView-innerSelectionPanelTable-listUl\")]/tbody/tr[6]/td[2]/div"}
RESULT: {"using":"xpath","value":"//table[contains(@id, \"listView-innerSelectionPanelTable-listUl\")]/tbody/tr[6]/td[2]/div"}
COMMAND: POST /session/c5b1ef57caa26d27c0af8f03bb65535b/element - {"using":"xpath","value":"//table[contains(@id, \"listView-innerSelectionPanelTable-listUl\")]/tbody/tr[6]/td[3]/div/div/span/span[1]/bdi"}
RESULT: {"using":"xpath","value":"//table[contains(@id, \"listView-innerSelectionPanelTable-listUl\")]/tbody/tr[6]/td[3]/div/div/span/span[1]/bdi"}
COMMAND: POST /session/c5b1ef57caa26d27c0af8f03bb65535b/execute/sync - {"script":"<script> [56 bytes]","args":[{"element-6066-11e4-a52e-4f735466cecf":"f.FCC204B58DEBB53E51F41DDFA2FB85CF.d.229B58E2CE2BDA50F8D8B6E0B5EFBB5C.e.6880","ELEMENT":"f.FCC204B58DEBB53E51F41DDFA2FB85CF.d.229B58E2CE2BDA50F8D8B6E0B5EFBB5C.e.6880"}]}
RESULT: {"script":"<script> [56 bytes]","args":[{"element-6066-11e4-a52e-4f735466cecf":"f.FCC204B58DEBB53E51F41DDFA2FB85CF.d.229B58E2CE2BDA50F8D8B6E0B5EFBB5C.e.6880","ELEMENT":"f.FCC204B58DEBB53E51F41DDFA2FB85CF.d.229B58E2CE2BDA50F8D8B6E0B5EFBB5C.e.6880"}]}
COMMAND: GET /session/c5b1ef57caa26d27c0af8f03bb65535b/element/f.FCC204B58DEBB53E51F41DDFA2FB85CF.d.229B58E2CE2BDA50F8D8B6E0B5EFBB5C.e.6879/attribute/aria-checked - {}
COMMAND: GET /session/c5b1ef57caa26d27c0af8f03bb65535b/screenshot - {}
RESULT: {}
COMMAND: POST /session/c5b1ef57caa26d27c0af8f03bb65535b/element - {"using":"xpath","value":"//table[contains(@id, \"listView-innerSelectionPanelTable-listUl\")]/tbody/tr[7]/td[2]/div/div"}
RESULT: {}
RESULT: {"using":"xpath","value":"//table[contains(@id, \"listView-innerSelectionPanelTable-listUl\")]/tbody/tr[7]/td[2]/div/div"}
COMMAND: POST /session/c5b1ef57caa26d27c0af8f03bb65535b/element - {"using":"xpath","value":"//table[contains(@id, \"listView-innerSelectionPanelTable-listUl\")]/tbody/tr[7]/td[2]/div"}
RESULT: {"using":"xpath","value":"//table[contains(@id, \"listView-innerSelectionPanelTable-listUl\")]/tbody/tr[7]/td[2]/div"}
COMMAND: POST /session/c5b1ef57caa26d27c0af8f03bb65535b/element - {"using":"xpath","value":"//table[contains(@id, \"listView-innerSelectionPanelTable-listUl\")]/tbody/tr[7]/td[3]/div/div/span/span[1]/bdi"}
RESULT: {"using":"xpath","value":"//table[contains(@id, \"listView-innerSelectionPanelTable-listUl\")]/tbody/tr[7]/td[3]/div/div/span/span[1]/bdi"}
COMMAND: POST /session/c5b1ef57caa26d27c0af8f03bb65535b/execute/sync - {"script":"<script> [56 bytes]","args":[{"element-6066-11e4-a52e-4f735466cecf":"f.FCC204B58DEBB53E51F41DDFA2FB85CF.d.229B58E2CE2BDA50F8D8B6E0B5EFBB5C.e.6883","ELEMENT":"f.FCC204B58DEBB53E51F41DDFA2FB85CF.d.229B58E2CE2BDA50F8D8B6E0B5EFBB5C.e.6883"}]}
RESULT: {"script":"<script> [56 bytes]","args":[{"element-6066-11e4-a52e-4f735466cecf":"f.FCC204B58DEBB53E51F41DDFA2FB85CF.d.229B58E2CE2BDA50F8D8B6E0B5EFBB5C.e.6883","ELEMENT":"f.FCC204B58DEBB53E51F41DDFA2FB85CF.d.229B58E2CE2BDA50F8D8B6E0B5EFBB5C.e.6883"}]}
COMMAND: GET /session/c5b1ef57caa26d27c0af8f03bb65535b/element/f.FCC204B58DEBB53E51F41DDFA2FB85CF.d.229B58E2CE2BDA50F8D8B6E0B5EFBB5C.e.6882/attribute/aria-checked - {}
COMMAND: GET /session/c5b1ef57caa26d27c0af8f03bb65535b/screenshot - {}
RESULT: {}
COMMAND: POST /session/c5b1ef57caa26d27c0af8f03bb65535b/element - {"using":"xpath","value":"//table[contains(@id, \"listView-innerSelectionPanelTable-listUl\")]/tbody/tr[8]/td[2]/div/div"}
RESULT: {}
RESULT: {"using":"xpath","value":"//table[contains(@id, \"listView-innerSelectionPanelTable-listUl\")]/tbody/tr[8]/td[2]/div/div"}
COMMAND: POST /session/c5b1ef57caa26d27c0af8f03bb65535b/element - {"using":"xpath","value":"//table[contains(@id, \"listView-innerSelectionPanelTable-listUl\")]/tbody/tr[8]/td[2]/div"}
RESULT: {"using":"xpath","value":"//table[contains(@id, \"listView-innerSelectionPanelTable-listUl\")]/tbody/tr[8]/td[2]/div"}
COMMAND: POST /session/c5b1ef57caa26d27c0af8f03bb65535b/element - {"using":"xpath","value":"//table[contains(@id, \"listView-innerSelectionPanelTable-listUl\")]/tbody/tr[8]/td[3]/div/div/span/span[1]/bdi"}
RESULT: {"using":"xpath","value":"//table[contains(@id, \"listView-innerSelectionPanelTable-listUl\")]/tbody/tr[8]/td[3]/div/div/span/span[1]/bdi"}
COMMAND: POST /session/c5b1ef57caa26d27c0af8f03bb65535b/execute/sync - {"script":"<script> [56 bytes]","args":[{"element-6066-11e4-a52e-4f735466cecf":"f.FCC204B58DEBB53E51F41DDFA2FB85CF.d.229B58E2CE2BDA50F8D8B6E0B5EFBB5C.e.6886","ELEMENT":"f.FCC204B58DEBB53E51F41DDFA2FB85CF.d.229B58E2CE2BDA50F8D8B6E0B5EFBB5C.e.6886"}]}
RESULT: {"script":"<script> [56 bytes]","args":[{"element-6066-11e4-a52e-4f735466cecf":"f.FCC204B58DEBB53E51F41DDFA2FB85CF.d.229B58E2CE2BDA50F8D8B6E0B5EFBB5C.e.6886","ELEMENT":"f.FCC204B58DEBB53E51F41DDFA2FB85CF.d.229B58E2CE2BDA50F8D8B6E0B5EFBB5C.e.6886"}]}
COMMAND: GET /session/c5b1ef57caa26d27c0af8f03bb65535b/element/f.FCC204B58DEBB53E51F41DDFA2FB85CF.d.229B58E2CE2BDA50F8D8B6E0B5EFBB5C.e.6885/attribute/aria-checked - {}
COMMAND: GET /session/c5b1ef57caa26d27c0af8f03bb65535b/screenshot - {}
RESULT: {}
COMMAND: POST /session/c5b1ef57caa26d27c0af8f03bb65535b/element - {"using":"xpath","value":"//table[contains(@id, \"listView-innerSelectionPanelTable-listUl\")]/tbody/tr[9]/td[2]/div/div"}
RESULT: {}
RESULT: {"using":"xpath","value":"//table[contains(@id, \"listView-innerSelectionPanelTable-listUl\")]/tbody/tr[9]/td[2]/div/div"}
COMMAND: POST /session/c5b1ef57caa26d27c0af8f03bb65535b/element - {"using":"xpath","value":"//table[contains(@id, \"listView-innerSelectionPanelTable-listUl\")]/tbody/tr[9]/td[2]/div"}
RESULT: {"using":"xpath","value":"//table[contains(@id, \"listView-innerSelectionPanelTable-listUl\")]/tbody/tr[9]/td[2]/div"}
COMMAND: POST /session/c5b1ef57caa26d27c0af8f03bb65535b/element - {"using":"xpath","value":"//table[contains(@id, \"listView-innerSelectionPanelTable-listUl\")]/tbody/tr[9]/td[3]/div/div/span/span[1]/bdi"}
RESULT: {"using":"xpath","value":"//table[contains(@id, \"listView-innerSelectionPanelTable-listUl\")]/tbody/tr[9]/td[3]/div/div/span/span[1]/bdi"}
COMMAND: POST /session/c5b1ef57caa26d27c0af8f03bb65535b/execute/sync - {"script":"<script> [56 bytes]","args":[{"element-6066-11e4-a52e-4f735466cecf":"f.FCC204B58DEBB53E51F41DDFA2FB85CF.d.229B58E2CE2BDA50F8D8B6E0B5EFBB5C.e.6889","ELEMENT":"f.FCC204B58DEBB53E51F41DDFA2FB85CF.d.229B58E2CE2BDA50F8D8B6E0B5EFBB5C.e.6889"}]}
RESULT: {"script":"<script> [56 bytes]","args":[{"element-6066-11e4-a52e-4f735466cecf":"f.FCC204B58DEBB53E51F41DDFA2FB85CF.d.229B58E2CE2BDA50F8D8B6E0B5EFBB5C.e.6889","ELEMENT":"f.FCC204B58DEBB53E51F41DDFA2FB85CF.d.229B58E2CE2BDA50F8D8B6E0B5EFBB5C.e.6889"}]}
COMMAND: GET /session/c5b1ef57caa26d27c0af8f03bb65535b/element/f.FCC204B58DEBB53E51F41DDFA2FB85CF.d.229B58E2CE2BDA50F8D8B6E0B5EFBB5C.e.6888/attribute/aria-checked - {}
COMMAND: GET /session/c5b1ef57caa26d27c0af8f03bb65535b/screenshot - {}
RESULT: {}
COMMAND: POST /session/c5b1ef57caa26d27c0af8f03bb65535b/element - {"using":"xpath","value":"//table[contains(@id, \"listView-innerSelectionPanelTable-listUl\")]/tbody/tr[10]/td[2]/div/div"}
RESULT: {}
RESULT: {"using":"xpath","value":"//table[contains(@id, \"listView-innerSelectionPanelTable-listUl\")]/tbody/tr[10]/td[2]/div/div"}
COMMAND: POST /session/c5b1ef57caa26d27c0af8f03bb65535b/element - {"using":"xpath","value":"//table[contains(@id, \"listView-innerSelectionPanelTable-listUl\")]/tbody/tr[10]/td[2]/div"}
RESULT: {"using":"xpath","value":"//table[contains(@id, \"listView-innerSelectionPanelTable-listUl\")]/tbody/tr[10]/td[2]/div"}
COMMAND: POST /session/c5b1ef57caa26d27c0af8f03bb65535b/element - {"using":"xpath","value":"//table[contains(@id, \"listView-innerSelectionPanelTable-listUl\")]/tbody/tr[10]/td[3]/div/div/span/span[1]/bdi"}
RESULT: {"using":"xpath","value":"//table[contains(@id, \"listView-innerSelectionPanelTable-listUl\")]/tbody/tr[10]/td[3]/div/div/span/span[1]/bdi"}
COMMAND: POST /session/c5b1ef57caa26d27c0af8f03bb65535b/execute/sync - {"script":"<script> [56 bytes]","args":[{"element-6066-11e4-a52e-4f735466cecf":"f.FCC204B58DEBB53E51F41DDFA2FB85CF.d.229B58E2CE2BDA50F8D8B6E0B5EFBB5C.e.6892","ELEMENT":"f.FCC204B58DEBB53E51F41DDFA2FB85CF.d.229B58E2CE2BDA50F8D8B6E0B5EFBB5C.e.6892"}]}
RESULT: {"script":"<script> [56 bytes]","args":[{"element-6066-11e4-a52e-4f735466cecf":"f.FCC204B58DEBB53E51F41DDFA2FB85CF.d.229B58E2CE2BDA50F8D8B6E0B5EFBB5C.e.6892","ELEMENT":"f.FCC204B58DEBB53E51F41DDFA2FB85CF.d.229B58E2CE2BDA50F8D8B6E0B5EFBB5C.e.6892"}]}
COMMAND: GET /session/c5b1ef57caa26d27c0af8f03bb65535b/element/f.FCC204B58DEBB53E51F41DDFA2FB85CF.d.229B58E2CE2BDA50F8D8B6E0B5EFBB5C.e.6891/attribute/aria-checked - {}
COMMAND: GET /session/c5b1ef57caa26d27c0af8f03bb65535b/screenshot - {}
RESULT: {}
COMMAND: POST /session/c5b1ef57caa26d27c0af8f03bb65535b/element - {"using":"xpath","value":"//table[contains(@id, \"listView-innerSelectionPanelTable-listUl\")]/tbody/tr[11]/td[2]/div/div"}
RESULT: {}
RESULT: {"using":"xpath","value":"//table[contains(@id, \"listView-innerSelectionPanelTable-listUl\")]/tbody/tr[11]/td[2]/div/div"}
COMMAND: POST /session/c5b1ef57caa26d27c0af8f03bb65535b/element - {"using":"xpath","value":"//table[contains(@id, \"listView-innerSelectionPanelTable-listUl\")]/tbody/tr[11]/td[2]/div"}
RESULT: {"using":"xpath","value":"//table[contains(@id, \"listView-innerSelectionPanelTable-listUl\")]/tbody/tr[11]/td[2]/div"}
COMMAND: POST /session/c5b1ef57caa26d27c0af8f03bb65535b/element - {"using":"xpath","value":"//table[contains(@id, \"listView-innerSelectionPanelTable-listUl\")]/tbody/tr[11]/td[3]/div/div/span/span[1]/bdi"}
RESULT: {"using":"xpath","value":"//table[contains(@id, \"listView-innerSelectionPanelTable-listUl\")]/tbody/tr[11]/td[3]/div/div/span/span[1]/bdi"}
COMMAND: POST /session/c5b1ef57caa26d27c0af8f03bb65535b/execute/sync - {"script":"<script> [56 bytes]","args":[{"element-6066-11e4-a52e-4f735466cecf":"f.FCC204B58DEBB53E51F41DDFA2FB85CF.d.229B58E2CE2BDA50F8D8B6E0B5EFBB5C.e.6895","ELEMENT":"f.FCC204B58DEBB53E51F41DDFA2FB85CF.d.229B58E2CE2BDA50F8D8B6E0B5EFBB5C.e.6895"}]}
RESULT: {"script":"<script> [56 bytes]","args":[{"element-6066-11e4-a52e-4f735466cecf":"f.FCC204B58DEBB53E51F41DDFA2FB85CF.d.229B58E2CE2BDA50F8D8B6E0B5EFBB5C.e.6895","ELEMENT":"f.FCC204B58DEBB53E51F41DDFA2FB85CF.d.229B58E2CE2BDA50F8D8B6E0B5EFBB5C.e.6895"}]}
COMMAND: GET /session/c5b1ef57caa26d27c0af8f03bb65535b/element/f.FCC204B58DEBB53E51F41DDFA2FB85CF.d.229B58E2CE2BDA50F8D8B6E0B5EFBB5C.e.6894/attribute/aria-checked - {}
COMMAND: GET /session/c5b1ef57caa26d27c0af8f03bb65535b/screenshot - {}
RESULT: {}
COMMAND: POST /session/c5b1ef57caa26d27c0af8f03bb65535b/element - {"using":"xpath","value":"//table[contains(@id, \"listView-innerSelectionPanelTable-listUl\")]/tbody/tr[12]/td[2]/div/div"}
RESULT: {}
RESULT: {"using":"xpath","value":"//table[contains(@id, \"listView-innerSelectionPanelTable-listUl\")]/tbody/tr[12]/td[2]/div/div"}
COMMAND: POST /session/c5b1ef57caa26d27c0af8f03bb65535b/element - {"using":"xpath","value":"//table[contains(@id, \"listView-innerSelectionPanelTable-listUl\")]/tbody/tr[12]/td[2]/div"}
RESULT: {"using":"xpath","value":"//table[contains(@id, \"listView-innerSelectionPanelTable-listUl\")]/tbody/tr[12]/td[2]/div"}
COMMAND: POST /session/c5b1ef57caa26d27c0af8f03bb65535b/element - {"using":"xpath","value":"//table[contains(@id, \"listView-innerSelectionPanelTable-listUl\")]/tbody/tr[12]/td[3]/div/div/span/span[1]/bdi"}
RESULT: {"using":"xpath","value":"//table[contains(@id, \"listView-innerSelectionPanelTable-listUl\")]/tbody/tr[12]/td[3]/div/div/span/span[1]/bdi"}
COMMAND: POST /session/c5b1ef57caa26d27c0af8f03bb65535b/execute/sync - {"script":"<script> [56 bytes]","args":[{"element-6066-11e4-a52e-4f735466cecf":"f.FCC204B58DEBB53E51F41DDFA2FB85CF.d.229B58E2CE2BDA50F8D8B6E0B5EFBB5C.e.6898","ELEMENT":"f.FCC204B58DEBB53E51F41DDFA2FB85CF.d.229B58E2CE2BDA50F8D8B6E0B5EFBB5C.e.6898"}]}
RESULT: {"script":"<script> [56 bytes]","args":[{"element-6066-11e4-a52e-4f735466cecf":"f.FCC204B58DEBB53E51F41DDFA2FB85CF.d.229B58E2CE2BDA50F8D8B6E0B5EFBB5C.e.6898","ELEMENT":"f.FCC204B58DEBB53E51F41DDFA2FB85CF.d.229B58E2CE2BDA50F8D8B6E0B5EFBB5C.e.6898"}]}
COMMAND: GET /session/c5b1ef57caa26d27c0af8f03bb65535b/element/f.FCC204B58DEBB53E51F41DDFA2FB85CF.d.229B58E2CE2BDA50F8D8B6E0B5EFBB5C.e.6897/attribute/aria-checked - {}
COMMAND: GET /session/c5b1ef57caa26d27c0af8f03bb65535b/screenshot - {}
RESULT: {}
COMMAND: POST /session/c5b1ef57caa26d27c0af8f03bb65535b/element - {"using":"xpath","value":"//table[contains(@id, \"listView-innerSelectionPanelTable-listUl\")]/tbody/tr[13]/td[2]/div/div"}
RESULT: {}
RESULT: {"using":"xpath","value":"//table[contains(@id, \"listView-innerSelectionPanelTable-listUl\")]/tbody/tr[13]/td[2]/div/div"}
COMMAND: POST /session/c5b1ef57caa26d27c0af8f03bb65535b/element - {"using":"xpath","value":"//table[contains(@id, \"listView-innerSelectionPanelTable-listUl\")]/tbody/tr[13]/td[2]/div"}
RESULT: {"using":"xpath","value":"//table[contains(@id, \"listView-innerSelectionPanelTable-listUl\")]/tbody/tr[13]/td[2]/div"}
COMMAND: POST /session/c5b1ef57caa26d27c0af8f03bb65535b/element - {"using":"xpath","value":"//table[contains(@id, \"listView-innerSelectionPanelTable-listUl\")]/tbody/tr[13]/td[3]/div/div/span/span[1]/bdi"}
RESULT: {"using":"xpath","value":"//table[contains(@id, \"listView-innerSelectionPanelTable-listUl\")]/tbody/tr[13]/td[3]/div/div/span/span[1]/bdi"}
COMMAND: POST /session/c5b1ef57caa26d27c0af8f03bb65535b/execute/sync - {"script":"<script> [56 bytes]","args":[{"element-6066-11e4-a52e-4f735466cecf":"f.FCC204B58DEBB53E51F41DDFA2FB85CF.d.229B58E2CE2BDA50F8D8B6E0B5EFBB5C.e.6901","ELEMENT":"f.FCC204B58DEBB53E51F41DDFA2FB85CF.d.229B58E2CE2BDA50F8D8B6E0B5EFBB5C.e.6901"}]}
RESULT: {"script":"<script> [56 bytes]","args":[{"element-6066-11e4-a52e-4f735466cecf":"f.FCC204B58DEBB53E51F41DDFA2FB85CF.d.229B58E2CE2BDA50F8D8B6E0B5EFBB5C.e.6901","ELEMENT":"f.FCC204B58DEBB53E51F41DDFA2FB85CF.d.229B58E2CE2BDA50F8D8B6E0B5EFBB5C.e.6901"}]}
COMMAND: GET /session/c5b1ef57caa26d27c0af8f03bb65535b/element/f.FCC204B58DEBB53E51F41DDFA2FB85CF.d.229B58E2CE2BDA50F8D8B6E0B5EFBB5C.e.6900/attribute/aria-checked - {}
COMMAND: GET /session/c5b1ef57caa26d27c0af8f03bb65535b/screenshot - {}
RESULT: {}
COMMAND: POST /session/c5b1ef57caa26d27c0af8f03bb65535b/element - {"using":"xpath","value":"//table[contains(@id, \"listView-innerSelectionPanelTable-listUl\")]/tbody/tr[14]/td[2]/div/div"}
COMMAND: POST /session/c5b1ef57caa26d27c0af8f03bb65535b/element/f.FCC204B58DEBB53E51F41DDFA2FB85CF.d.229B58E2CE2BDA50F8D8B6E0B5EFBB5C.e.6899/click - {}
RESULT: {}
RESULT: {}
COMMAND: GET /session/c5b1ef57caa26d27c0af8f03bb65535b/screenshot - {}
RESULT: {"using":"xpath","value":"//table[contains(@id, \"listView-innerSelectionPanelTable-listUl\")]/tbody/tr[14]/td[2]/div/div"}
COMMAND: POST /session/c5b1ef57caa26d27c0af8f03bb65535b/element - {"using":"xpath","value":"//table[contains(@id, \"listView-innerSelectionPanelTable-listUl\")]/tbody/tr[14]/td[2]/div"}
RESULT: {}
RESULT: {"using":"xpath","value":"//table[contains(@id, \"listView-innerSelectionPanelTable-listUl\")]/tbody/tr[14]/td[2]/div"}
COMMAND: POST /session/c5b1ef57caa26d27c0af8f03bb65535b/element - {"using":"xpath","value":"//table[contains(@id, \"listView-innerSelectionPanelTable-listUl\")]/tbody/tr[14]/td[3]/div/div/span/span[1]/bdi"}
RESULT: {"using":"xpath","value":"//table[contains(@id, \"listView-innerSelectionPanelTable-listUl\")]/tbody/tr[14]/td[3]/div/div/span/span[1]/bdi"}
COMMAND: POST /session/c5b1ef57caa26d27c0af8f03bb65535b/execute/sync - {"script":"<script> [56 bytes]","args":[{"element-6066-11e4-a52e-4f735466cecf":"f.FCC204B58DEBB53E51F41DDFA2FB85CF.d.229B58E2CE2BDA50F8D8B6E0B5EFBB5C.e.6905","ELEMENT":"f.FCC204B58DEBB53E51F41DDFA2FB85CF.d.229B58E2CE2BDA50F8D8B6E0B5EFBB5C.e.6905"}]}
RESULT: {"script":"<script> [56 bytes]","args":[{"element-6066-11e4-a52e-4f735466cecf":"f.FCC204B58DEBB53E51F41DDFA2FB85CF.d.229B58E2CE2BDA50F8D8B6E0B5EFBB5C.e.6905","ELEMENT":"f.FCC204B58DEBB53E51F41DDFA2FB85CF.d.229B58E2CE2BDA50F8D8B6E0B5EFBB5C.e.6905"}]}
COMMAND: GET /session/c5b1ef57caa26d27c0af8f03bb65535b/element/f.FCC204B58DEBB53E51F41DDFA2FB85CF.d.229B58E2CE2BDA50F8D8B6E0B5EFBB5C.e.6904/attribute/aria-checked - {}
COMMAND: GET /session/c5b1ef57caa26d27c0af8f03bb65535b/screenshot - {}
RESULT: {}
COMMAND: POST /session/c5b1ef57caa26d27c0af8f03bb65535b/element - {"using":"xpath","value":"//table[contains(@id, \"listView-innerSelectionPanelTable-listUl\")]/tbody/tr[15]/td[2]/div/div"}
RESULT: {}
RESULT: {"using":"xpath","value":"//table[contains(@id, \"listView-innerSelectionPanelTable-listUl\")]/tbody/tr[15]/td[2]/div/div"}
COMMAND: POST /session/c5b1ef57caa26d27c0af8f03bb65535b/element - {"using":"xpath","value":"//table[contains(@id, \"listView-innerSelectionPanelTable-listUl\")]/tbody/tr[15]/td[2]/div"}
RESULT: {"using":"xpath","value":"//table[contains(@id, \"listView-innerSelectionPanelTable-listUl\")]/tbody/tr[15]/td[2]/div"}
COMMAND: POST /session/c5b1ef57caa26d27c0af8f03bb65535b/element - {"using":"xpath","value":"//table[contains(@id, \"listView-innerSelectionPanelTable-listUl\")]/tbody/tr[15]/td[3]/div/div/span/span[1]/bdi"}
RESULT: {"using":"xpath","value":"//table[contains(@id, \"listView-innerSelectionPanelTable-listUl\")]/tbody/tr[15]/td[3]/div/div/span/span[1]/bdi"}
COMMAND: POST /session/c5b1ef57caa26d27c0af8f03bb65535b/execute/sync - {"script":"<script> [56 bytes]","args":[{"element-6066-11e4-a52e-4f735466cecf":"f.FCC204B58DEBB53E51F41DDFA2FB85CF.d.229B58E2CE2BDA50F8D8B6E0B5EFBB5C.e.6908","ELEMENT":"f.FCC204B58DEBB53E51F41DDFA2FB85CF.d.229B58E2CE2BDA50F8D8B6E0B5EFBB5C.e.6908"}]}
RESULT: {"script":"<script> [56 bytes]","args":[{"element-6066-11e4-a52e-4f735466cecf":"f.FCC204B58DEBB53E51F41DDFA2FB85CF.d.229B58E2CE2BDA50F8D8B6E0B5EFBB5C.e.6908","ELEMENT":"f.FCC204B58DEBB53E51F41DDFA2FB85CF.d.229B58E2CE2BDA50F8D8B6E0B5EFBB5C.e.6908"}]}
COMMAND: GET /session/c5b1ef57caa26d27c0af8f03bb65535b/element/f.FCC204B58DEBB53E51F41DDFA2FB85CF.d.229B58E2CE2BDA50F8D8B6E0B5EFBB5C.e.6907/attribute/aria-checked - {}
COMMAND: GET /session/c5b1ef57caa26d27c0af8f03bb65535b/screenshot - {}
RESULT: {}
COMMAND: POST /session/c5b1ef57caa26d27c0af8f03bb65535b/element - {"using":"xpath","value":"//table[contains(@id, \"listView-innerSelectionPanelTable-listUl\")]/tbody/tr[16]/td[2]/div/div"}
RESULT: {}
RESULT: {"using":"xpath","value":"//table[contains(@id, \"listView-innerSelectionPanelTable-listUl\")]/tbody/tr[16]/td[2]/div/div"}
COMMAND: POST /session/c5b1ef57caa26d27c0af8f03bb65535b/element - {"using":"xpath","value":"//table[contains(@id, \"listView-innerSelectionPanelTable-listUl\")]/tbody/tr[16]/td[2]/div"}
RESULT: {"using":"xpath","value":"//table[contains(@id, \"listView-innerSelectionPanelTable-listUl\")]/tbody/tr[16]/td[2]/div"}
COMMAND: POST /session/c5b1ef57caa26d27c0af8f03bb65535b/element - {"using":"xpath","value":"//table[contains(@id, \"listView-innerSelectionPanelTable-listUl\")]/tbody/tr[16]/td[3]/div/div/span/span[1]/bdi"}
RESULT: {"using":"xpath","value":"//table[contains(@id, \"listView-innerSelectionPanelTable-listUl\")]/tbody/tr[16]/td[3]/div/div/span/span[1]/bdi"}
COMMAND: POST /session/c5b1ef57caa26d27c0af8f03bb65535b/execute/sync - {"script":"<script> [56 bytes]","args":[{"element-6066-11e4-a52e-4f735466cecf":"f.FCC204B58DEBB53E51F41DDFA2FB85CF.d.229B58E2CE2BDA50F8D8B6E0B5EFBB5C.e.6911","ELEMENT":"f.FCC204B58DEBB53E51F41DDFA2FB85CF.d.229B58E2CE2BDA50F8D8B6E0B5EFBB5C.e.6911"}]}
RESULT: {"script":"<script> [56 bytes]","args":[{"element-6066-11e4-a52e-4f735466cecf":"f.FCC204B58DEBB53E51F41DDFA2FB85CF.d.229B58E2CE2BDA50F8D8B6E0B5EFBB5C.e.6911","ELEMENT":"f.FCC204B58DEBB53E51F41DDFA2FB85CF.d.229B58E2CE2BDA50F8D8B6E0B5EFBB5C.e.6911"}]}
COMMAND: GET /session/c5b1ef57caa26d27c0af8f03bb65535b/element/f.FCC204B58DEBB53E51F41DDFA2FB85CF.d.229B58E2CE2BDA50F8D8B6E0B5EFBB5C.e.6910/attribute/aria-checked - {}
COMMAND: GET /session/c5b1ef57caa26d27c0af8f03bb65535b/screenshot - {}
RESULT: {}
COMMAND: POST /session/c5b1ef57caa26d27c0af8f03bb65535b/element - {"using":"xpath","value":"//table[contains(@id, \"listView-innerSelectionPanelTable-listUl\")]/tbody/tr[17]/td[2]/div/div"}
RESULT: {}
RESULT: {"using":"xpath","value":"//table[contains(@id, \"listView-innerSelectionPanelTable-listUl\")]/tbody/tr[17]/td[2]/div/div"}
COMMAND: POST /session/c5b1ef57caa26d27c0af8f03bb65535b/element - {"using":"xpath","value":"//table[contains(@id, \"listView-innerSelectionPanelTable-listUl\")]/tbody/tr[17]/td[2]/div"}
RESULT: {"using":"xpath","value":"//table[contains(@id, \"listView-innerSelectionPanelTable-listUl\")]/tbody/tr[17]/td[2]/div"}
COMMAND: POST /session/c5b1ef57caa26d27c0af8f03bb65535b/element - {"using":"xpath","value":"//table[contains(@id, \"listView-innerSelectionPanelTable-listUl\")]/tbody/tr[17]/td[3]/div/div/span/span[1]/bdi"}
RESULT: {"using":"xpath","value":"//table[contains(@id, \"listView-innerSelectionPanelTable-listUl\")]/tbody/tr[17]/td[3]/div/div/span/span[1]/bdi"}
COMMAND: POST /session/c5b1ef57caa26d27c0af8f03bb65535b/execute/sync - {"script":"<script> [56 bytes]","args":[{"element-6066-11e4-a52e-4f735466cecf":"f.FCC204B58DEBB53E51F41DDFA2FB85CF.d.229B58E2CE2BDA50F8D8B6E0B5EFBB5C.e.6914","ELEMENT":"f.FCC204B58DEBB53E51F41DDFA2FB85CF.d.229B58E2CE2BDA50F8D8B6E0B5EFBB5C.e.6914"}]}
RESULT: {"script":"<script> [56 bytes]","args":[{"element-6066-11e4-a52e-4f735466cecf":"f.FCC204B58DEBB53E51F41DDFA2FB85CF.d.229B58E2CE2BDA50F8D8B6E0B5EFBB5C.e.6914","ELEMENT":"f.FCC204B58DEBB53E51F41DDFA2FB85CF.d.229B58E2CE2BDA50F8D8B6E0B5EFBB5C.e.6914"}]}
COMMAND: GET /session/c5b1ef57caa26d27c0af8f03bb65535b/element/f.FCC204B58DEBB53E51F41DDFA2FB85CF.d.229B58E2CE2BDA50F8D8B6E0B5EFBB5C.e.6913/attribute/aria-checked - {}
COMMAND: GET /session/c5b1ef57caa26d27c0af8f03bb65535b/screenshot - {}
RESULT: {}
COMMAND: POST /session/c5b1ef57caa26d27c0af8f03bb65535b/element - {"using":"xpath","value":"//table[contains(@id, \"listView-innerSelectionPanelTable-listUl\")]/tbody/tr[18]/td[2]/div/div"}
RESULT: {}
RESULT: {"using":"xpath","value":"//table[contains(@id, \"listView-innerSelectionPanelTable-listUl\")]/tbody/tr[18]/td[2]/div/div"}
COMMAND: POST /session/c5b1ef57caa26d27c0af8f03bb65535b/element - {"using":"xpath","value":"//table[contains(@id, \"listView-innerSelectionPanelTable-listUl\")]/tbody/tr[18]/td[2]/div"}
RESULT: {"using":"xpath","value":"//table[contains(@id, \"listView-innerSelectionPanelTable-listUl\")]/tbody/tr[18]/td[2]/div"}
COMMAND: POST /session/c5b1ef57caa26d27c0af8f03bb65535b/element - {"using":"xpath","value":"//table[contains(@id, \"listView-innerSelectionPanelTable-listUl\")]/tbody/tr[18]/td[3]/div/div/span/span[1]/bdi"}
RESULT: {"using":"xpath","value":"//table[contains(@id, \"listView-innerSelectionPanelTable-listUl\")]/tbody/tr[18]/td[3]/div/div/span/span[1]/bdi"}
COMMAND: POST /session/c5b1ef57caa26d27c0af8f03bb65535b/execute/sync - {"script":"<script> [56 bytes]","args":[{"element-6066-11e4-a52e-4f735466cecf":"f.FCC204B58DEBB53E51F41DDFA2FB85CF.d.229B58E2CE2BDA50F8D8B6E0B5EFBB5C.e.6917","ELEMENT":"f.FCC204B58DEBB53E51F41DDFA2FB85CF.d.229B58E2CE2BDA50F8D8B6E0B5EFBB5C.e.6917"}]}
RESULT: {"script":"<script> [56 bytes]","args":[{"element-6066-11e4-a52e-4f735466cecf":"f.FCC204B58DEBB53E51F41DDFA2FB85CF.d.229B58E2CE2BDA50F8D8B6E0B5EFBB5C.e.6917","ELEMENT":"f.FCC204B58DEBB53E51F41DDFA2FB85CF.d.229B58E2CE2BDA50F8D8B6E0B5EFBB5C.e.6917"}]}
COMMAND: GET /session/c5b1ef57caa26d27c0af8f03bb65535b/element/f.FCC204B58DEBB53E51F41DDFA2FB85CF.d.229B58E2CE2BDA50F8D8B6E0B5EFBB5C.e.6916/attribute/aria-checked - {}
COMMAND: GET /session/c5b1ef57caa26d27c0af8f03bb65535b/screenshot - {}
RESULT: {}
COMMAND: POST /session/c5b1ef57caa26d27c0af8f03bb65535b/element - {"using":"xpath","value":"//table[contains(@id, \"listView-innerSelectionPanelTable-listUl\")]/tbody/tr[19]/td[2]/div/div"}
RESULT: {}
RESULT: {"using":"xpath","value":"//table[contains(@id, \"listView-innerSelectionPanelTable-listUl\")]/tbody/tr[19]/td[2]/div/div"}
COMMAND: POST /session/c5b1ef57caa26d27c0af8f03bb65535b/element - {"using":"xpath","value":"//table[contains(@id, \"listView-innerSelectionPanelTable-listUl\")]/tbody/tr[19]/td[2]/div"}
RESULT: {"using":"xpath","value":"//table[contains(@id, \"listView-innerSelectionPanelTable-listUl\")]/tbody/tr[19]/td[2]/div"}
COMMAND: POST /session/c5b1ef57caa26d27c0af8f03bb65535b/element - {"using":"xpath","value":"//table[contains(@id, \"listView-innerSelectionPanelTable-listUl\")]/tbody/tr[19]/td[3]/div/div/span/span[1]/bdi"}
RESULT: {"using":"xpath","value":"//table[contains(@id, \"listView-innerSelectionPanelTable-listUl\")]/tbody/tr[19]/td[3]/div/div/span/span[1]/bdi"}
COMMAND: POST /session/c5b1ef57caa26d27c0af8f03bb65535b/execute/sync - {"script":"<script> [56 bytes]","args":[{"element-6066-11e4-a52e-4f735466cecf":"f.FCC204B58DEBB53E51F41DDFA2FB85CF.d.229B58E2CE2BDA50F8D8B6E0B5EFBB5C.e.6920","ELEMENT":"f.FCC204B58DEBB53E51F41DDFA2FB85CF.d.229B58E2CE2BDA50F8D8B6E0B5EFBB5C.e.6920"}]}
RESULT: {"script":"<script> [56 bytes]","args":[{"element-6066-11e4-a52e-4f735466cecf":"f.FCC204B58DEBB53E51F41DDFA2FB85CF.d.229B58E2CE2BDA50F8D8B6E0B5EFBB5C.e.6920","ELEMENT":"f.FCC204B58DEBB53E51F41DDFA2FB85CF.d.229B58E2CE2BDA50F8D8B6E0B5EFBB5C.e.6920"}]}
COMMAND: GET /session/c5b1ef57caa26d27c0af8f03bb65535b/element/f.FCC204B58DEBB53E51F41DDFA2FB85CF.d.229B58E2CE2BDA50F8D8B6E0B5EFBB5C.e.6919/attribute/aria-checked - {}
COMMAND: GET /session/c5b1ef57caa26d27c0af8f03bb65535b/screenshot - {}
RESULT: {}
COMMAND: POST /session/c5b1ef57caa26d27c0af8f03bb65535b/element - {"using":"xpath","value":"//table[contains(@id, \"listView-innerSelectionPanelTable-listUl\")]/tbody/tr[20]/td[2]/div/div"}
RESULT: {}
RESULT: {"using":"xpath","value":"//table[contains(@id, \"listView-innerSelectionPanelTable-listUl\")]/tbody/tr[20]/td[2]/div/div"}
COMMAND: POST /session/c5b1ef57caa26d27c0af8f03bb65535b/element - {"using":"xpath","value":"//table[contains(@id, \"listView-innerSelectionPanelTable-listUl\")]/tbody/tr[20]/td[2]/div"}
RESULT: {"using":"xpath","value":"//table[contains(@id, \"listView-innerSelectionPanelTable-listUl\")]/tbody/tr[20]/td[2]/div"}
COMMAND: POST /session/c5b1ef57caa26d27c0af8f03bb65535b/element - {"using":"xpath","value":"//table[contains(@id, \"listView-innerSelectionPanelTable-listUl\")]/tbody/tr[20]/td[3]/div/div/span/span[1]/bdi"}
RESULT: {"using":"xpath","value":"//table[contains(@id, \"listView-innerSelectionPanelTable-listUl\")]/tbody/tr[20]/td[3]/div/div/span/span[1]/bdi"}
COMMAND: POST /session/c5b1ef57caa26d27c0af8f03bb65535b/execute/sync - {"script":"<script> [56 bytes]","args":[{"element-6066-11e4-a52e-4f735466cecf":"f.FCC204B58DEBB53E51F41DDFA2FB85CF.d.229B58E2CE2BDA50F8D8B6E0B5EFBB5C.e.6923","ELEMENT":"f.FCC204B58DEBB53E51F41DDFA2FB85CF.d.229B58E2CE2BDA50F8D8B6E0B5EFBB5C.e.6923"}]}
RESULT: {"script":"<script> [56 bytes]","args":[{"element-6066-11e4-a52e-4f735466cecf":"f.FCC204B58DEBB53E51F41DDFA2FB85CF.d.229B58E2CE2BDA50F8D8B6E0B5EFBB5C.e.6923","ELEMENT":"f.FCC204B58DEBB53E51F41DDFA2FB85CF.d.229B58E2CE2BDA50F8D8B6E0B5EFBB5C.e.6923"}]}
COMMAND: GET /session/c5b1ef57caa26d27c0af8f03bb65535b/element/f.FCC204B58DEBB53E51F41DDFA2FB85CF.d.229B58E2CE2BDA50F8D8B6E0B5EFBB5C.e.6922/attribute/aria-checked - {}
COMMAND: GET /session/c5b1ef57caa26d27c0af8f03bb65535b/screenshot - {}
RESULT: {}
COMMAND: POST /session/c5b1ef57caa26d27c0af8f03bb65535b/element - {"using":"xpath","value":"//table[contains(@id, \"listView-innerSelectionPanelTable-listUl\")]/tbody/tr[21]/td[2]/div/div"}
RESULT: {}
RESULT: {"using":"xpath","value":"//table[contains(@id, \"listView-innerSelectionPanelTable-listUl\")]/tbody/tr[21]/td[2]/div/div"}
COMMAND: POST /session/c5b1ef57caa26d27c0af8f03bb65535b/element - {"using":"xpath","value":"//table[contains(@id, \"listView-innerSelectionPanelTable-listUl\")]/tbody/tr[21]/td[2]/div"}
RESULT: {"using":"xpath","value":"//table[contains(@id, \"listView-innerSelectionPanelTable-listUl\")]/tbody/tr[21]/td[2]/div"}
COMMAND: POST /session/c5b1ef57caa26d27c0af8f03bb65535b/element - {"using":"xpath","value":"//table[contains(@id, \"listView-innerSelectionPanelTable-listUl\")]/tbody/tr[21]/td[3]/div/div/span/span[1]/bdi"}
RESULT: {"using":"xpath","value":"//table[contains(@id, \"listView-innerSelectionPanelTable-listUl\")]/tbody/tr[21]/td[3]/div/div/span/span[1]/bdi"}
COMMAND: POST /session/c5b1ef57caa26d27c0af8f03bb65535b/execute/sync - {"script":"<script> [56 bytes]","args":[{"element-6066-11e4-a52e-4f735466cecf":"f.FCC204B58DEBB53E51F41DDFA2FB85CF.d.229B58E2CE2BDA50F8D8B6E0B5EFBB5C.e.6926","ELEMENT":"f.FCC204B58DEBB53E51F41DDFA2FB85CF.d.229B58E2CE2BDA50F8D8B6E0B5EFBB5C.e.6926"}]}
RESULT: {"script":"<script> [56 bytes]","args":[{"element-6066-11e4-a52e-4f735466cecf":"f.FCC204B58DEBB53E51F41DDFA2FB85CF.d.229B58E2CE2BDA50F8D8B6E0B5EFBB5C.e.6926","ELEMENT":"f.FCC204B58DEBB53E51F41DDFA2FB85CF.d.229B58E2CE2BDA50F8D8B6E0B5EFBB5C.e.6926"}]}
COMMAND: GET /session/c5b1ef57caa26d27c0af8f03bb65535b/element/f.FCC204B58DEBB53E51F41DDFA2FB85CF.d.229B58E2CE2BDA50F8D8B6E0B5EFBB5C.e.6925/attribute/aria-checked - {}
COMMAND: GET /session/c5b1ef57caa26d27c0af8f03bb65535b/screenshot - {}
RESULT: {}
COMMAND: POST /session/c5b1ef57caa26d27c0af8f03bb65535b/element - {"using":"xpath","value":"//table[contains(@id, \"listView-innerSelectionPanelTable-listUl\")]/tbody/tr[22]/td[2]/div/div"}
RESULT: {}
RESULT: {"using":"xpath","value":"//table[contains(@id, \"listView-innerSelectionPanelTable-listUl\")]/tbody/tr[22]/td[2]/div/div"}
COMMAND: POST /session/c5b1ef57caa26d27c0af8f03bb65535b/element - {"using":"xpath","value":"//table[contains(@id, \"listView-innerSelectionPanelTable-listUl\")]/tbody/tr[22]/td[2]/div"}
RESULT: {"using":"xpath","value":"//table[contains(@id, \"listView-innerSelectionPanelTable-listUl\")]/tbody/tr[22]/td[2]/div"}
COMMAND: POST /session/c5b1ef57caa26d27c0af8f03bb65535b/element - {"using":"xpath","value":"//table[contains(@id, \"listView-innerSelectionPanelTable-listUl\")]/tbody/tr[22]/td[3]/div/div/span/span[1]/bdi"}
RESULT: {"using":"xpath","value":"//table[contains(@id, \"listView-innerSelectionPanelTable-listUl\")]/tbody/tr[22]/td[3]/div/div/span/span[1]/bdi"}
COMMAND: POST /session/c5b1ef57caa26d27c0af8f03bb65535b/execute/sync - {"script":"<script> [56 bytes]","args":[{"element-6066-11e4-a52e-4f735466cecf":"f.FCC204B58DEBB53E51F41DDFA2FB85CF.d.229B58E2CE2BDA50F8D8B6E0B5EFBB5C.e.6929","ELEMENT":"f.FCC204B58DEBB53E51F41DDFA2FB85CF.d.229B58E2CE2BDA50F8D8B6E0B5EFBB5C.e.6929"}]}
RESULT: {"script":"<script> [56 bytes]","args":[{"element-6066-11e4-a52e-4f735466cecf":"f.FCC204B58DEBB53E51F41DDFA2FB85CF.d.229B58E2CE2BDA50F8D8B6E0B5EFBB5C.e.6929","ELEMENT":"f.FCC204B58DEBB53E51F41DDFA2FB85CF.d.229B58E2CE2BDA50F8D8B6E0B5EFBB5C.e.6929"}]}
COMMAND: GET /session/c5b1ef57caa26d27c0af8f03bb65535b/element/f.FCC204B58DEBB53E51F41DDFA2FB85CF.d.229B58E2CE2BDA50F8D8B6E0B5EFBB5C.e.6928/attribute/aria-checked - {}
COMMAND: GET /session/c5b1ef57caa26d27c0af8f03bb65535b/screenshot - {}
RESULT: {}
COMMAND: POST /session/c5b1ef57caa26d27c0af8f03bb65535b/element - {"using":"xpath","value":"//table[contains(@id, \"listView-innerSelectionPanelTable-listUl\")]/tbody/tr[23]/td[2]/div/div"}
RESULT: {}
RESULT: {"using":"xpath","value":"//table[contains(@id, \"listView-innerSelectionPanelTable-listUl\")]/tbody/tr[23]/td[2]/div/div"}
COMMAND: POST /session/c5b1ef57caa26d27c0af8f03bb65535b/element - {"using":"xpath","value":"//table[contains(@id, \"listView-innerSelectionPanelTable-listUl\")]/tbody/tr[23]/td[2]/div"}
RESULT: {"using":"xpath","value":"//table[contains(@id, \"listView-innerSelectionPanelTable-listUl\")]/tbody/tr[23]/td[2]/div"}
COMMAND: POST /session/c5b1ef57caa26d27c0af8f03bb65535b/element - {"using":"xpath","value":"//table[contains(@id, \"listView-innerSelectionPanelTable-listUl\")]/tbody/tr[23]/td[3]/div/div/span/span[1]/bdi"}
RESULT: {"using":"xpath","value":"//table[contains(@id, \"listView-innerSelectionPanelTable-listUl\")]/tbody/tr[23]/td[3]/div/div/span/span[1]/bdi"}
COMMAND: POST /session/c5b1ef57caa26d27c0af8f03bb65535b/execute/sync - {"script":"<script> [56 bytes]","args":[{"element-6066-11e4-a52e-4f735466cecf":"f.FCC204B58DEBB53E51F41DDFA2FB85CF.d.229B58E2CE2BDA50F8D8B6E0B5EFBB5C.e.6932","ELEMENT":"f.FCC204B58DEBB53E51F41DDFA2FB85CF.d.229B58E2CE2BDA50F8D8B6E0B5EFBB5C.e.6932"}]}
RESULT: {"script":"<script> [56 bytes]","args":[{"element-6066-11e4-a52e-4f735466cecf":"f.FCC204B58DEBB53E51F41DDFA2FB85CF.d.229B58E2CE2BDA50F8D8B6E0B5EFBB5C.e.6932","ELEMENT":"f.FCC204B58DEBB53E51F41DDFA2FB85CF.d.229B58E2CE2BDA50F8D8B6E0B5EFBB5C.e.6932"}]}
COMMAND: GET /session/c5b1ef57caa26d27c0af8f03bb65535b/element/f.FCC204B58DEBB53E51F41DDFA2FB85CF.d.229B58E2CE2BDA50F8D8B6E0B5EFBB5C.e.6931/attribute/aria-checked - {}
COMMAND: GET /session/c5b1ef57caa26d27c0af8f03bb65535b/screenshot - {}
RESULT: {}
COMMAND: POST /session/c5b1ef57caa26d27c0af8f03bb65535b/element - {"using":"xpath","value":"//table[contains(@id, \"listView-innerSelectionPanelTable-listUl\")]/tbody/tr[24]/td[2]/div/div"}
RESULT: {}
RESULT: {"using":"xpath","value":"//table[contains(@id, \"listView-innerSelectionPanelTable-listUl\")]/tbody/tr[24]/td[2]/div/div"}
COMMAND: POST /session/c5b1ef57caa26d27c0af8f03bb65535b/element - {"using":"xpath","value":"//table[contains(@id, \"listView-innerSelectionPanelTable-listUl\")]/tbody/tr[24]/td[2]/div"}
RESULT: {"using":"xpath","value":"//table[contains(@id, \"listView-innerSelectionPanelTable-listUl\")]/tbody/tr[24]/td[2]/div"}
COMMAND: POST /session/c5b1ef57caa26d27c0af8f03bb65535b/element - {"using":"xpath","value":"//table[contains(@id, \"listView-innerSelectionPanelTable-listUl\")]/tbody/tr[24]/td[3]/div/div/span/span[1]/bdi"}
RESULT: {"using":"xpath","value":"//table[contains(@id, \"listView-innerSelectionPanelTable-listUl\")]/tbody/tr[24]/td[3]/div/div/span/span[1]/bdi"}
COMMAND: POST /session/c5b1ef57caa26d27c0af8f03bb65535b/execute/sync - {"script":"<script> [56 bytes]","args":[{"element-6066-11e4-a52e-4f735466cecf":"f.FCC204B58DEBB53E51F41DDFA2FB85CF.d.229B58E2CE2BDA50F8D8B6E0B5EFBB5C.e.6935","ELEMENT":"f.FCC204B58DEBB53E51F41DDFA2FB85CF.d.229B58E2CE2BDA50F8D8B6E0B5EFBB5C.e.6935"}]}
RESULT: {"script":"<script> [56 bytes]","args":[{"element-6066-11e4-a52e-4f735466cecf":"f.FCC204B58DEBB53E51F41DDFA2FB85CF.d.229B58E2CE2BDA50F8D8B6E0B5EFBB5C.e.6935","ELEMENT":"f.FCC204B58DEBB53E51F41DDFA2FB85CF.d.229B58E2CE2BDA50F8D8B6E0B5EFBB5C.e.6935"}]}
COMMAND: GET /session/c5b1ef57caa26d27c0af8f03bb65535b/element/f.FCC204B58DEBB53E51F41DDFA2FB85CF.d.229B58E2CE2BDA50F8D8B6E0B5EFBB5C.e.6934/attribute/aria-checked - {}
COMMAND: GET /session/c5b1ef57caa26d27c0af8f03bb65535b/screenshot - {}
RESULT: {}
COMMAND: POST /session/c5b1ef57caa26d27c0af8f03bb65535b/element - {"using":"xpath","value":"//table[contains(@id, \"listView-innerSelectionPanelTable-listUl\")]/tbody/tr[25]/td[2]/div/div"}
RESULT: {}
RESULT: {"using":"xpath","value":"//table[contains(@id, \"listView-innerSelectionPanelTable-listUl\")]/tbody/tr[25]/td[2]/div/div"}
COMMAND: POST /session/c5b1ef57caa26d27c0af8f03bb65535b/element - {"using":"xpath","value":"//table[contains(@id, \"listView-innerSelectionPanelTable-listUl\")]/tbody/tr[25]/td[2]/div"}
RESULT: {"using":"xpath","value":"//table[contains(@id, \"listView-innerSelectionPanelTable-listUl\")]/tbody/tr[25]/td[2]/div"}
COMMAND: POST /session/c5b1ef57caa26d27c0af8f03bb65535b/element - {"using":"xpath","value":"//table[contains(@id, \"listView-innerSelectionPanelTable-listUl\")]/tbody/tr[25]/td[3]/div/div/span/span[1]/bdi"}
RESULT: {"using":"xpath","value":"//table[contains(@id, \"listView-innerSelectionPanelTable-listUl\")]/tbody/tr[25]/td[3]/div/div/span/span[1]/bdi"}
COMMAND: POST /session/c5b1ef57caa26d27c0af8f03bb65535b/execute/sync - {"script":"<script> [56 bytes]","args":[{"element-6066-11e4-a52e-4f735466cecf":"f.FCC204B58DEBB53E51F41DDFA2FB85CF.d.229B58E2CE2BDA50F8D8B6E0B5EFBB5C.e.6938","ELEMENT":"f.FCC204B58DEBB53E51F41DDFA2FB85CF.d.229B58E2CE2BDA50F8D8B6E0B5EFBB5C.e.6938"}]}
RESULT: {"script":"<script> [56 bytes]","args":[{"element-6066-11e4-a52e-4f735466cecf":"f.FCC204B58DEBB53E51F41DDFA2FB85CF.d.229B58E2CE2BDA50F8D8B6E0B5EFBB5C.e.6938","ELEMENT":"f.FCC204B58DEBB53E51F41DDFA2FB85CF.d.229B58E2CE2BDA50F8D8B6E0B5EFBB5C.e.6938"}]}
COMMAND: GET /session/c5b1ef57caa26d27c0af8f03bb65535b/element/f.FCC204B58DEBB53E51F41DDFA2FB85CF.d.229B58E2CE2BDA50F8D8B6E0B5EFBB5C.e.6937/attribute/aria-checked - {}
COMMAND: GET /session/c5b1ef57caa26d27c0af8f03bb65535b/screenshot - {}
RESULT: {}
COMMAND: POST /session/c5b1ef57caa26d27c0af8f03bb65535b/element - {"using":"xpath","value":"//bdi[contains(text(), \"OK\")]"}
RESULT: {}
RESULT: {"using":"xpath","value":"//bdi[contains(text(), \"OK\")]"}
COMMAND: POST /session/c5b1ef57caa26d27c0af8f03bb65535b/element/f.FCC204B58DEBB53E51F41DDFA2FB85CF.d.229B58E2CE2BDA50F8D8B6E0B5EFBB5C.e.6939/click - {}
RESULT: {}
COMMAND: GET /session/c5b1ef57caa26d27c0af8f03bb65535b/screenshot - {}
RESULT: {}
COMMAND: POST /session/c5b1ef57caa26d27c0af8f03bb65535b/execute/async - {"script":"<script> [1562 bytes]","args":[{"selector":{"id":"application-managepartners-display-component---masterPtm--smartFilterBar-filterItemControlA_-LINK_TO_ADDRESSES_MAIN.CITY1-vhi"},"wdio_ui5_key":"applicationmanagepartners-display-component---masterPtm--smartFilterBar-filterItemControlA_-LINK_TO_ADDRESSES_MAIN.CITY1-vhi"}]}
RESULT: {"script":"<script> [1562 bytes]","args":[{"selector":{"id":"application-managepartners-display-component---masterPtm--smartFilterBar-filterItemControlA_-LINK_TO_ADDRESSES_MAIN.CITY1-vhi"},"wdio_ui5_key":"applicationmanagepartners-display-component---masterPtm--smartFilterBar-filterItemControlA_-LINK_TO_ADDRESSES_MAIN.CITY1-vhi"}]}
RESULT: undefined
COMMAND: POST /session/c5b1ef57caa26d27c0af8f03bb65535b/element - {"using":"xpath","value":"//*[@id=\"application-managepartners-display-component---masterPtm--smartFilterBar-filterItemControlA_-LINK_TO_ADDRESSES_MAIN.CITY1-vhi\"]"}
RESULT: {"using":"xpath","value":"//*[@id=\"application-managepartners-display-component---masterPtm--smartFilterBar-filterItemControlA_-LINK_TO_ADDRESSES_MAIN.CITY1-vhi\"]"}
COMMAND: POST /session/c5b1ef57caa26d27c0af8f03bb65535b/element/f.FCC204B58DEBB53E51F41DDFA2FB85CF.d.229B58E2CE2BDA50F8D8B6E0B5EFBB5C.e.6953/click - {}
RESULT: {}
COMMAND: GET /session/c5b1ef57caa26d27c0af8f03bb65535b/screenshot - {}
RESULT: {}
COMMAND: POST /session/c5b1ef57caa26d27c0af8f03bb65535b/execute/async - {"script":"<script> [1562 bytes]","args":[{"selector":{"controlType":"sap.m.Input","viewName":"etm.portal.ui.managepartners.view.Master","viewId":"application-managepartners-display-component---masterPtm","properties":{"valueState":"None"},"searchOpenDialogs":true,"interaction":{"idSuffix":"inner"}},"wdio_ui5_key":"etmportal.ui.managepartners.view.Mastersap.m.Input{\"valueState\":\"None\"}"}]}
RESULT: {"script":"<script> [1562 bytes]","args":[{"selector":{"controlType":"sap.m.Input","viewName":"etm.portal.ui.managepartners.view.Master","viewId":"application-managepartners-display-component---masterPtm","properties":{"valueState":"None"},"searchOpenDialogs":true,"interaction":{"idSuffix":"inner"}},"wdio_ui5_key":"etmportal.ui.managepartners.view.Mastersap.m.Input{\"valueState\":\"None\"}"}]}
RESULT: undefined
COMMAND: POST /session/c5b1ef57caa26d27c0af8f03bb65535b/execute/async - {"script":"<script> [776 bytes]","args":[{"enterText":"Bucure","selector":{"controlType":"sap.m.Input","viewName":"etm.portal.ui.managepartners.view.Master","viewId":"application-managepartners-display-component---masterPtm","properties":{"valueState":"None"},"searchOpenDialogs":true,"interaction":{"idSuffix":"inner"}},"clearTextFirst":true,"interactionType":"ENTER_TEXT"}]}
RESULT: {"script":"<script> [776 bytes]","args":[{"enterText":"Bucure","selector":{"controlType":"sap.m.Input","viewName":"etm.portal.ui.managepartners.view.Master","viewId":"application-managepartners-display-component---masterPtm","properties":{"valueState":"None"},"searchOpenDialogs":true,"interaction":{"idSuffix":"inner"}},"clearTextFirst":true,"interactionType":"ENTER_TEXT"}]}
COMMAND: POST /session/c5b1ef57caa26d27c0af8f03bb65535b/actions - {"actions":[{"id":"action21","type":"key","parameters":{},"actions":[{"type":"keyDown","value":"î€‡"},{"type":"pause","duration":10},{"type":"keyUp","value":"î€‡"}]}]}
RESULT: {"actions":[{"id":"action21","type":"key","parameters":{},"actions":[{"type":"keyDown","value":"î€‡"},{"type":"pause","duration":10},{"type":"keyUp","value":"î€‡"}]}]}
COMMAND: GET /session/c5b1ef57caa26d27c0af8f03bb65535b/screenshot - {}
RESULT: {}
COMMAND: POST /session/c5b1ef57caa26d27c0af8f03bb65535b/element - {"using":"xpath","value":"(//bdi[contains(text(), \"OK\")])[1]"}
RESULT: {"using":"xpath","value":"(//bdi[contains(text(), \"OK\")])[1]"}
COMMAND: POST /session/c5b1ef57caa26d27c0af8f03bb65535b/element/f.FCC204B58DEBB53E51F41DDFA2FB85CF.d.229B58E2CE2BDA50F8D8B6E0B5EFBB5C.e.6959/click - {}
RESULT: {}
COMMAND: GET /session/c5b1ef57caa26d27c0af8f03bb65535b/screenshot - {}
RESULT: {}
COMMAND: POST /session/c5b1ef57caa26d27c0af8f03bb65535b/element - {"using":"xpath","value":"//span[@id=\"application-managepartners-display-component---masterPtm--smartTable-header-inner\"]"}
RESULT: {"using":"xpath","value":"//span[@id=\"application-managepartners-display-component---masterPtm--smartTable-header-inner\"]"}
COMMAND: POST /session/c5b1ef57caa26d27c0af8f03bb65535b/elements - {"using":"xpath","value":"//span[@id=\"application-managepartners-display-component---masterPtm--smartTable-header-inner\"]"}
RESULT: {"using":"xpath","value":"//span[@id=\"application-managepartners-display-component---masterPtm--smartTable-header-inner\"]"}
COMMAND: POST /session/c5b1ef57caa26d27c0af8f03bb65535b/execute/sync - {"script":"<script> [56 bytes]","args":[{"element-6066-11e4-a52e-4f735466cecf":"f.FCC204B58DEBB53E51F41DDFA2FB85CF.d.229B58E2CE2BDA50F8D8B6E0B5EFBB5C.e.6005","ELEMENT":"f.FCC204B58DEBB53E51F41DDFA2FB85CF.d.229B58E2CE2BDA50F8D8B6E0B5EFBB5C.e.6005"}]}
RESULT: {"script":"<script> [56 bytes]","args":[{"element-6066-11e4-a52e-4f735466cecf":"f.FCC204B58DEBB53E51F41DDFA2FB85CF.d.229B58E2CE2BDA50F8D8B6E0B5EFBB5C.e.6005","ELEMENT":"f.FCC204B58DEBB53E51F41DDFA2FB85CF.d.229B58E2CE2BDA50F8D8B6E0B5EFBB5C.e.6005"}]}
COMMAND: POST /session/c5b1ef57caa26d27c0af8f03bb65535b/element - {"using":"xpath","value":"//span[contains(@title, \"Remove\")]"}
COMMAND: GET /session/c5b1ef57caa26d27c0af8f03bb65535b/screenshot - {}
RESULT: {"using":"xpath","value":"//span[contains(@title, \"Remove\")]"}
COMMAND: POST /session/c5b1ef57caa26d27c0af8f03bb65535b/element/f.FCC204B58DEBB53E51F41DDFA2FB85CF.d.229B58E2CE2BDA50F8D8B6E0B5EFBB5C.e.7034/click - {}
RESULT: {}
RESULT: {}
COMMAND: GET /session/c5b1ef57caa26d27c0af8f03bb65535b/screenshot - {}
RESULT: {}
COMMAND: POST /session/c5b1ef57caa26d27c0af8f03bb65535b/element - {"using":"xpath","value":"//span[@id=\"application-managepartners-display-component---masterPtm--smartTable-header-inner\"]"}
RESULT: {"using":"xpath","value":"//span[@id=\"application-managepartners-display-component---masterPtm--smartTable-header-inner\"]"}
COMMAND: POST /session/c5b1ef57caa26d27c0af8f03bb65535b/elements - {"using":"xpath","value":"//span[@id=\"application-managepartners-display-component---masterPtm--smartTable-header-inner\"]"}
RESULT: {"using":"xpath","value":"//span[@id=\"application-managepartners-display-component---masterPtm--smartTable-header-inner\"]"}
COMMAND: POST /session/c5b1ef57caa26d27c0af8f03bb65535b/execute/sync - {"script":"<script> [56 bytes]","args":[{"element-6066-11e4-a52e-4f735466cecf":"f.FCC204B58DEBB53E51F41DDFA2FB85CF.d.229B58E2CE2BDA50F8D8B6E0B5EFBB5C.e.6005","ELEMENT":"f.FCC204B58DEBB53E51F41DDFA2FB85CF.d.229B58E2CE2BDA50F8D8B6E0B5EFBB5C.e.6005"}]}
RESULT: {"script":"<script> [56 bytes]","args":[{"element-6066-11e4-a52e-4f735466cecf":"f.FCC204B58DEBB53E51F41DDFA2FB85CF.d.229B58E2CE2BDA50F8D8B6E0B5EFBB5C.e.6005","ELEMENT":"f.FCC204B58DEBB53E51F41DDFA2FB85CF.d.229B58E2CE2BDA50F8D8B6E0B5EFBB5C.e.6005"}]}
COMMAND: POST /session/c5b1ef57caa26d27c0af8f03bb65535b/element - {"using":"css selector","value":"#shell-header-logo"}
COMMAND: GET /session/c5b1ef57caa26d27c0af8f03bb65535b/screenshot - {}
RESULT: {"using":"css selector","value":"#shell-header-logo"}
COMMAND: POST /session/c5b1ef57caa26d27c0af8f03bb65535b/element/f.FCC204B58DEBB53E51F41DDFA2FB85CF.d.229B58E2CE2BDA50F8D8B6E0B5EFBB5C.e.5835/click - {}
RESULT: {}
RESULT: {}
COMMAND: GET /session/c5b1ef57caa26d27c0af8f03bb65535b/screenshot - {}
RESULT: {}
]]></system-out>
    </testcase>
    <testcase classname="chrome.137_0_7151_56.windows.Partner_specific_tests_US150819_US151080_US151654_US151176_US103444_US151078_US151079_US151109_US151174_US151175_US151189" name="Should try to save empty partner US151174" time="52.435">
      <system-out><![CDATA[
COMMAND: POST /session/c5b1ef57caa26d27c0af8f03bb65535b/element - {"using":"xpath","value":"//li[.//span[text()=\"Manage Partners\"]]"}
RESULT: {"using":"xpath","value":"//li[.//span[text()=\"Manage Partners\"]]"}
COMMAND: POST /session/c5b1ef57caa26d27c0af8f03bb65535b/element - {"using":"xpath","value":"//li[.//span[text()=\"Manage Partners\"]]"}
RESULT: {"using":"xpath","value":"//li[.//span[text()=\"Manage Partners\"]]"}
COMMAND: POST /session/c5b1ef57caa26d27c0af8f03bb65535b/element - {"using":"css selector","value":"#shell-header-logo"}
RESULT: {"using":"css selector","value":"#shell-header-logo"}
COMMAND: POST /session/c5b1ef57caa26d27c0af8f03bb65535b/element/f.FCC204B58DEBB53E51F41DDFA2FB85CF.d.229B58E2CE2BDA50F8D8B6E0B5EFBB5C.e.7130/click - {}
COMMAND: POST /session/c5b1ef57caa26d27c0af8f03bb65535b/execute/sync - {"script":"<script> [8489 bytes]","args":[{"element-6066-11e4-a52e-4f735466cecf":"f.FCC204B58DEBB53E51F41DDFA2FB85CF.d.229B58E2CE2BDA50F8D8B6E0B5EFBB5C.e.7130","ELEMENT":"f.FCC204B58DEBB53E51F41DDFA2FB85CF.d.229B58E2CE2BDA50F8D8B6E0B5EFBB5C.e.7130"}]}
RESULT: {"script":"<script> [8489 bytes]","args":[{"element-6066-11e4-a52e-4f735466cecf":"f.FCC204B58DEBB53E51F41DDFA2FB85CF.d.229B58E2CE2BDA50F8D8B6E0B5EFBB5C.e.7130","ELEMENT":"f.FCC204B58DEBB53E51F41DDFA2FB85CF.d.229B58E2CE2BDA50F8D8B6E0B5EFBB5C.e.7130"}]}
COMMAND: POST /session/c5b1ef57caa26d27c0af8f03bb65535b/execute/sync - {"script":"<script> [5351 bytes]","args":[{"element-6066-11e4-a52e-4f735466cecf":"f.FCC204B58DEBB53E51F41DDFA2FB85CF.d.229B58E2CE2BDA50F8D8B6E0B5EFBB5C.e.7130","ELEMENT":"f.FCC204B58DEBB53E51F41DDFA2FB85CF.d.229B58E2CE2BDA50F8D8B6E0B5EFBB5C.e.7130"}]}
COMMAND: GET /session/c5b1ef57caa26d27c0af8f03bb65535b/screenshot - {}
RESULT: {}
COMMAND: GET /session/c5b1ef57caa26d27c0af8f03bb65535b/screenshot - {}
RESULT: {"script":"<script> [5351 bytes]","args":[{"element-6066-11e4-a52e-4f735466cecf":"f.FCC204B58DEBB53E51F41DDFA2FB85CF.d.229B58E2CE2BDA50F8D8B6E0B5EFBB5C.e.7130","ELEMENT":"f.FCC204B58DEBB53E51F41DDFA2FB85CF.d.229B58E2CE2BDA50F8D8B6E0B5EFBB5C.e.7130"}]}
COMMAND: GET /session/c5b1ef57caa26d27c0af8f03bb65535b/screenshot - {}
RESULT: {}
RESULT: {}
RESULT: {}
RESULT: undefined
COMMAND: POST /session/c5b1ef57caa26d27c0af8f03bb65535b/element - {"using":"xpath","value":"//*[@id=\"__tile30\"]"}
RESULT: {"using":"xpath","value":"//*[@id=\"__tile30\"]"}
COMMAND: POST /session/c5b1ef57caa26d27c0af8f03bb65535b/element/f.FCC204B58DEBB53E51F41DDFA2FB85CF.d.229B58E2CE2BDA50F8D8B6E0B5EFBB5C.e.4491/click - {}
RESULT: {}
COMMAND: GET /session/c5b1ef57caa26d27c0af8f03bb65535b/screenshot - {}
RESULT: {}
COMMAND: POST /session/c5b1ef57caa26d27c0af8f03bb65535b/elements - {"using":"xpath","value":"//span[text()='Error']"}
RESULT: {"using":"xpath","value":"//span[text()='Error']"}
COMMAND: POST /session/c5b1ef57caa26d27c0af8f03bb65535b/element - {"using":"xpath","value":"//button[@data-kt=\"addButton\"]"}
RESULT: {"using":"xpath","value":"//button[@data-kt=\"addButton\"]"}
COMMAND: POST /session/c5b1ef57caa26d27c0af8f03bb65535b/elements - {"using":"xpath","value":"//button[@data-kt=\"addButton\"]"}
RESULT: {"using":"xpath","value":"//button[@data-kt=\"addButton\"]"}
COMMAND: POST /session/c5b1ef57caa26d27c0af8f03bb65535b/execute/sync - {"script":"<script> [8489 bytes]","args":[{"element-6066-11e4-a52e-4f735466cecf":"f.FCC204B58DEBB53E51F41DDFA2FB85CF.d.229B58E2CE2BDA50F8D8B6E0B5EFBB5C.e.7175","ELEMENT":"f.FCC204B58DEBB53E51F41DDFA2FB85CF.d.229B58E2CE2BDA50F8D8B6E0B5EFBB5C.e.7175"}]}
RESULT: {"script":"<script> [8489 bytes]","args":[{"element-6066-11e4-a52e-4f735466cecf":"f.FCC204B58DEBB53E51F41DDFA2FB85CF.d.229B58E2CE2BDA50F8D8B6E0B5EFBB5C.e.7175","ELEMENT":"f.FCC204B58DEBB53E51F41DDFA2FB85CF.d.229B58E2CE2BDA50F8D8B6E0B5EFBB5C.e.7175"}]}
COMMAND: GET /session/c5b1ef57caa26d27c0af8f03bb65535b/element/f.FCC204B58DEBB53E51F41DDFA2FB85CF.d.229B58E2CE2BDA50F8D8B6E0B5EFBB5C.e.7175/enabled - {}
COMMAND: GET /session/c5b1ef57caa26d27c0af8f03bb65535b/screenshot - {}
RESULT: {}
COMMAND: POST /session/c5b1ef57caa26d27c0af8f03bb65535b/execute/sync - {"script":"<script> [8489 bytes]","args":[{"element-6066-11e4-a52e-4f735466cecf":"f.FCC204B58DEBB53E51F41DDFA2FB85CF.d.229B58E2CE2BDA50F8D8B6E0B5EFBB5C.e.7175","ELEMENT":"f.FCC204B58DEBB53E51F41DDFA2FB85CF.d.229B58E2CE2BDA50F8D8B6E0B5EFBB5C.e.7175"}]}
COMMAND: GET /session/c5b1ef57caa26d27c0af8f03bb65535b/screenshot - {}
RESULT: {}
RESULT: {"script":"<script> [8489 bytes]","args":[{"element-6066-11e4-a52e-4f735466cecf":"f.FCC204B58DEBB53E51F41DDFA2FB85CF.d.229B58E2CE2BDA50F8D8B6E0B5EFBB5C.e.7175","ELEMENT":"f.FCC204B58DEBB53E51F41DDFA2FB85CF.d.229B58E2CE2BDA50F8D8B6E0B5EFBB5C.e.7175"}]}
COMMAND: POST /session/c5b1ef57caa26d27c0af8f03bb65535b/execute/sync - {"script":"<script> [5351 bytes]","args":[{"element-6066-11e4-a52e-4f735466cecf":"f.FCC204B58DEBB53E51F41DDFA2FB85CF.d.229B58E2CE2BDA50F8D8B6E0B5EFBB5C.e.7175","ELEMENT":"f.FCC204B58DEBB53E51F41DDFA2FB85CF.d.229B58E2CE2BDA50F8D8B6E0B5EFBB5C.e.7175"}]}
COMMAND: GET /session/c5b1ef57caa26d27c0af8f03bb65535b/screenshot - {}
RESULT: {}
RESULT: {"script":"<script> [5351 bytes]","args":[{"element-6066-11e4-a52e-4f735466cecf":"f.FCC204B58DEBB53E51F41DDFA2FB85CF.d.229B58E2CE2BDA50F8D8B6E0B5EFBB5C.e.7175","ELEMENT":"f.FCC204B58DEBB53E51F41DDFA2FB85CF.d.229B58E2CE2BDA50F8D8B6E0B5EFBB5C.e.7175"}]}
COMMAND: POST /session/c5b1ef57caa26d27c0af8f03bb65535b/element/f.FCC204B58DEBB53E51F41DDFA2FB85CF.d.229B58E2CE2BDA50F8D8B6E0B5EFBB5C.e.7175/click - {}
COMMAND: GET /session/c5b1ef57caa26d27c0af8f03bb65535b/screenshot - {}
RESULT: {}
RESULT: {}
COMMAND: GET /session/c5b1ef57caa26d27c0af8f03bb65535b/screenshot - {}
COMMAND: POST /session/c5b1ef57caa26d27c0af8f03bb65535b/element - {"using":"xpath","value":"//button[@data-kt=\"saveButton\"]"}
RESULT: {}
RESULT: {}
RESULT: {"using":"xpath","value":"//button[@data-kt=\"saveButton\"]"}
COMMAND: POST /session/c5b1ef57caa26d27c0af8f03bb65535b/element/f.FCC204B58DEBB53E51F41DDFA2FB85CF.d.229B58E2CE2BDA50F8D8B6E0B5EFBB5C.e.7543/click - {}
RESULT: {}
COMMAND: GET /session/c5b1ef57caa26d27c0af8f03bb65535b/screenshot - {}
RESULT: {}
COMMAND: POST /session/c5b1ef57caa26d27c0af8f03bb65535b/element - {"using":"xpath","value":"//span[contains(@class, \"sapMMsgBoxText\")]"}
RESULT: {"using":"xpath","value":"//span[contains(@class, \"sapMMsgBoxText\")]"}
COMMAND: POST /session/c5b1ef57caa26d27c0af8f03bb65535b/execute/sync - {"script":"<script> [56 bytes]","args":[{"element-6066-11e4-a52e-4f735466cecf":"f.FCC204B58DEBB53E51F41DDFA2FB85CF.d.229B58E2CE2BDA50F8D8B6E0B5EFBB5C.e.7609","ELEMENT":"f.FCC204B58DEBB53E51F41DDFA2FB85CF.d.229B58E2CE2BDA50F8D8B6E0B5EFBB5C.e.7609"}]}
RESULT: {"script":"<script> [56 bytes]","args":[{"element-6066-11e4-a52e-4f735466cecf":"f.FCC204B58DEBB53E51F41DDFA2FB85CF.d.229B58E2CE2BDA50F8D8B6E0B5EFBB5C.e.7609","ELEMENT":"f.FCC204B58DEBB53E51F41DDFA2FB85CF.d.229B58E2CE2BDA50F8D8B6E0B5EFBB5C.e.7609"}]}
COMMAND: POST /session/c5b1ef57caa26d27c0af8f03bb65535b/element - {"using":"xpath","value":"(//bdi[contains(text(), \"Close\")])[1]"}
COMMAND: POST /session/c5b1ef57caa26d27c0af8f03bb65535b/elements - {"using":"xpath","value":"//span[contains(@class, \"sapMMsgBoxText\")]"}
COMMAND: GET /session/c5b1ef57caa26d27c0af8f03bb65535b/screenshot - {}
RESULT: {"using":"xpath","value":"(//bdi[contains(text(), \"Close\")])[1]"}
COMMAND: POST /session/c5b1ef57caa26d27c0af8f03bb65535b/element/f.FCC204B58DEBB53E51F41DDFA2FB85CF.d.229B58E2CE2BDA50F8D8B6E0B5EFBB5C.e.7610/click - {}
RESULT: {"using":"xpath","value":"//span[contains(@class, \"sapMMsgBoxText\")]"}
RESULT: {}
RESULT: {}
COMMAND: GET /session/c5b1ef57caa26d27c0af8f03bb65535b/screenshot - {}
RESULT: {}
COMMAND: POST /session/c5b1ef57caa26d27c0af8f03bb65535b/element - {"using":"css selector","value":"#shell-header-logo"}
RESULT: {"using":"css selector","value":"#shell-header-logo"}
COMMAND: POST /session/c5b1ef57caa26d27c0af8f03bb65535b/element/f.FCC204B58DEBB53E51F41DDFA2FB85CF.d.229B58E2CE2BDA50F8D8B6E0B5EFBB5C.e.7130/click - {}
RESULT: {}
COMMAND: GET /session/c5b1ef57caa26d27c0af8f03bb65535b/screenshot - {}
RESULT: {}
]]></system-out>
    </testcase>
    <testcase classname="chrome.137_0_7151_56.windows.Partner_specific_tests_US150819_US151080_US151654_US151176_US103444_US151078_US151079_US151109_US151174_US151175_US151189" name="Should do various searches US151175" time="152.792">
      <system-out><![CDATA[
COMMAND: POST /session/c5b1ef57caa26d27c0af8f03bb65535b/element - {"using":"xpath","value":"//li[.//span[text()=\"Manage Partners\"]]"}
RESULT: {"using":"xpath","value":"//li[.//span[text()=\"Manage Partners\"]]"}
COMMAND: POST /session/c5b1ef57caa26d27c0af8f03bb65535b/element - {"using":"xpath","value":"//li[.//span[text()=\"Manage Partners\"]]"}
RESULT: {"using":"xpath","value":"//li[.//span[text()=\"Manage Partners\"]]"}
COMMAND: POST /session/c5b1ef57caa26d27c0af8f03bb65535b/element - {"using":"css selector","value":"#shell-header-logo"}
RESULT: {"using":"css selector","value":"#shell-header-logo"}
COMMAND: POST /session/c5b1ef57caa26d27c0af8f03bb65535b/element/f.FCC204B58DEBB53E51F41DDFA2FB85CF.d.229B58E2CE2BDA50F8D8B6E0B5EFBB5C.e.7612/click - {}
COMMAND: POST /session/c5b1ef57caa26d27c0af8f03bb65535b/execute/sync - {"script":"<script> [8489 bytes]","args":[{"element-6066-11e4-a52e-4f735466cecf":"f.FCC204B58DEBB53E51F41DDFA2FB85CF.d.229B58E2CE2BDA50F8D8B6E0B5EFBB5C.e.7612","ELEMENT":"f.FCC204B58DEBB53E51F41DDFA2FB85CF.d.229B58E2CE2BDA50F8D8B6E0B5EFBB5C.e.7612"}]}
RESULT: {}
RESULT: {"script":"<script> [8489 bytes]","args":[{"element-6066-11e4-a52e-4f735466cecf":"f.FCC204B58DEBB53E51F41DDFA2FB85CF.d.229B58E2CE2BDA50F8D8B6E0B5EFBB5C.e.7612","ELEMENT":"f.FCC204B58DEBB53E51F41DDFA2FB85CF.d.229B58E2CE2BDA50F8D8B6E0B5EFBB5C.e.7612"}]}
COMMAND: POST /session/c5b1ef57caa26d27c0af8f03bb65535b/execute/sync - {"script":"<script> [5351 bytes]","args":[{"element-6066-11e4-a52e-4f735466cecf":"f.FCC204B58DEBB53E51F41DDFA2FB85CF.d.229B58E2CE2BDA50F8D8B6E0B5EFBB5C.e.7612","ELEMENT":"f.FCC204B58DEBB53E51F41DDFA2FB85CF.d.229B58E2CE2BDA50F8D8B6E0B5EFBB5C.e.7612"}]}
COMMAND: GET /session/c5b1ef57caa26d27c0af8f03bb65535b/screenshot - {}
COMMAND: GET /session/c5b1ef57caa26d27c0af8f03bb65535b/screenshot - {}
RESULT: {"script":"<script> [5351 bytes]","args":[{"element-6066-11e4-a52e-4f735466cecf":"f.FCC204B58DEBB53E51F41DDFA2FB85CF.d.229B58E2CE2BDA50F8D8B6E0B5EFBB5C.e.7612","ELEMENT":"f.FCC204B58DEBB53E51F41DDFA2FB85CF.d.229B58E2CE2BDA50F8D8B6E0B5EFBB5C.e.7612"}]}
COMMAND: GET /session/c5b1ef57caa26d27c0af8f03bb65535b/screenshot - {}
RESULT: {}
RESULT: {}
RESULT: {}
RESULT: undefined
COMMAND: POST /session/c5b1ef57caa26d27c0af8f03bb65535b/element - {"using":"xpath","value":"//*[@id=\"__tile30\"]"}
RESULT: {"using":"xpath","value":"//*[@id=\"__tile30\"]"}
COMMAND: POST /session/c5b1ef57caa26d27c0af8f03bb65535b/element/f.FCC204B58DEBB53E51F41DDFA2FB85CF.d.229B58E2CE2BDA50F8D8B6E0B5EFBB5C.e.4491/click - {}
RESULT: {}
COMMAND: GET /session/c5b1ef57caa26d27c0af8f03bb65535b/screenshot - {}
RESULT: {}
COMMAND: POST /session/c5b1ef57caa26d27c0af8f03bb65535b/elements - {"using":"xpath","value":"//span[text()='Error']"}
RESULT: {"using":"xpath","value":"//span[text()='Error']"}
COMMAND: POST /session/c5b1ef57caa26d27c0af8f03bb65535b/element - {"using":"xpath","value":"//button[@data-kt=\"addButton\"]"}
RESULT: {"using":"xpath","value":"//button[@data-kt=\"addButton\"]"}
COMMAND: POST /session/c5b1ef57caa26d27c0af8f03bb65535b/elements - {"using":"xpath","value":"//button[@data-kt=\"addButton\"]"}
RESULT: {"using":"xpath","value":"//button[@data-kt=\"addButton\"]"}
COMMAND: POST /session/c5b1ef57caa26d27c0af8f03bb65535b/execute/sync - {"script":"<script> [8489 bytes]","args":[{"element-6066-11e4-a52e-4f735466cecf":"f.FCC204B58DEBB53E51F41DDFA2FB85CF.d.229B58E2CE2BDA50F8D8B6E0B5EFBB5C.e.7657","ELEMENT":"f.FCC204B58DEBB53E51F41DDFA2FB85CF.d.229B58E2CE2BDA50F8D8B6E0B5EFBB5C.e.7657"}]}
RESULT: {"script":"<script> [8489 bytes]","args":[{"element-6066-11e4-a52e-4f735466cecf":"f.FCC204B58DEBB53E51F41DDFA2FB85CF.d.229B58E2CE2BDA50F8D8B6E0B5EFBB5C.e.7657","ELEMENT":"f.FCC204B58DEBB53E51F41DDFA2FB85CF.d.229B58E2CE2BDA50F8D8B6E0B5EFBB5C.e.7657"}]}
COMMAND: GET /session/c5b1ef57caa26d27c0af8f03bb65535b/element/f.FCC204B58DEBB53E51F41DDFA2FB85CF.d.229B58E2CE2BDA50F8D8B6E0B5EFBB5C.e.7657/enabled - {}
COMMAND: GET /session/c5b1ef57caa26d27c0af8f03bb65535b/screenshot - {}
RESULT: {}
COMMAND: POST /session/c5b1ef57caa26d27c0af8f03bb65535b/execute/sync - {"script":"<script> [8489 bytes]","args":[{"element-6066-11e4-a52e-4f735466cecf":"f.FCC204B58DEBB53E51F41DDFA2FB85CF.d.229B58E2CE2BDA50F8D8B6E0B5EFBB5C.e.7657","ELEMENT":"f.FCC204B58DEBB53E51F41DDFA2FB85CF.d.229B58E2CE2BDA50F8D8B6E0B5EFBB5C.e.7657"}]}
COMMAND: GET /session/c5b1ef57caa26d27c0af8f03bb65535b/screenshot - {}
RESULT: {}
RESULT: {"script":"<script> [8489 bytes]","args":[{"element-6066-11e4-a52e-4f735466cecf":"f.FCC204B58DEBB53E51F41DDFA2FB85CF.d.229B58E2CE2BDA50F8D8B6E0B5EFBB5C.e.7657","ELEMENT":"f.FCC204B58DEBB53E51F41DDFA2FB85CF.d.229B58E2CE2BDA50F8D8B6E0B5EFBB5C.e.7657"}]}
COMMAND: POST /session/c5b1ef57caa26d27c0af8f03bb65535b/execute/sync - {"script":"<script> [5351 bytes]","args":[{"element-6066-11e4-a52e-4f735466cecf":"f.FCC204B58DEBB53E51F41DDFA2FB85CF.d.229B58E2CE2BDA50F8D8B6E0B5EFBB5C.e.7657","ELEMENT":"f.FCC204B58DEBB53E51F41DDFA2FB85CF.d.229B58E2CE2BDA50F8D8B6E0B5EFBB5C.e.7657"}]}
COMMAND: GET /session/c5b1ef57caa26d27c0af8f03bb65535b/screenshot - {}
RESULT: {}
RESULT: {"script":"<script> [5351 bytes]","args":[{"element-6066-11e4-a52e-4f735466cecf":"f.FCC204B58DEBB53E51F41DDFA2FB85CF.d.229B58E2CE2BDA50F8D8B6E0B5EFBB5C.e.7657","ELEMENT":"f.FCC204B58DEBB53E51F41DDFA2FB85CF.d.229B58E2CE2BDA50F8D8B6E0B5EFBB5C.e.7657"}]}
COMMAND: GET /session/c5b1ef57caa26d27c0af8f03bb65535b/screenshot - {}
RESULT: {}
RESULT: {}
COMMAND: POST /session/c5b1ef57caa26d27c0af8f03bb65535b/element - {"using":"xpath","value":"//span[@id=\"application-managepartners-display-component---masterPtm--smartTable-header-inner\"]"}
RESULT: {"using":"xpath","value":"//span[@id=\"application-managepartners-display-component---masterPtm--smartTable-header-inner\"]"}
COMMAND: POST /session/c5b1ef57caa26d27c0af8f03bb65535b/elements - {"using":"xpath","value":"//span[@id=\"application-managepartners-display-component---masterPtm--smartTable-header-inner\"]"}
RESULT: {"using":"xpath","value":"//span[@id=\"application-managepartners-display-component---masterPtm--smartTable-header-inner\"]"}
COMMAND: POST /session/c5b1ef57caa26d27c0af8f03bb65535b/execute/sync - {"script":"<script> [56 bytes]","args":[{"element-6066-11e4-a52e-4f735466cecf":"f.FCC204B58DEBB53E51F41DDFA2FB85CF.d.229B58E2CE2BDA50F8D8B6E0B5EFBB5C.e.7784","ELEMENT":"f.FCC204B58DEBB53E51F41DDFA2FB85CF.d.229B58E2CE2BDA50F8D8B6E0B5EFBB5C.e.7784"}]}
RESULT: {"script":"<script> [56 bytes]","args":[{"element-6066-11e4-a52e-4f735466cecf":"f.FCC204B58DEBB53E51F41DDFA2FB85CF.d.229B58E2CE2BDA50F8D8B6E0B5EFBB5C.e.7784","ELEMENT":"f.FCC204B58DEBB53E51F41DDFA2FB85CF.d.229B58E2CE2BDA50F8D8B6E0B5EFBB5C.e.7784"}]}
RESULT: undefined
COMMAND: POST /session/c5b1ef57caa26d27c0af8f03bb65535b/element - {"using":"xpath","value":"//*[@id=\"application-managepartners-display-component---masterPtm--smartFilterBar-btnFilters\"]"}
COMMAND: GET /session/c5b1ef57caa26d27c0af8f03bb65535b/screenshot - {}
RESULT: {"using":"xpath","value":"//*[@id=\"application-managepartners-display-component---masterPtm--smartFilterBar-btnFilters\"]"}
COMMAND: POST /session/c5b1ef57caa26d27c0af8f03bb65535b/element/f.FCC204B58DEBB53E51F41DDFA2FB85CF.d.229B58E2CE2BDA50F8D8B6E0B5EFBB5C.e.7634/click - {}
RESULT: {}
RESULT: {}
COMMAND: GET /session/c5b1ef57caa26d27c0af8f03bb65535b/screenshot - {}
RESULT: {}
COMMAND: POST /session/c5b1ef57caa26d27c0af8f03bb65535b/elements - {"using":"xpath","value":"//table[contains(@id, \"listView-innerSelectionPanelTable-listUl\")]/tbody/tr"}
RESULT: {"using":"xpath","value":"//table[contains(@id, \"listView-innerSelectionPanelTable-listUl\")]/tbody/tr"}
COMMAND: POST /session/c5b1ef57caa26d27c0af8f03bb65535b/element - {"using":"xpath","value":"//table[contains(@id, \"listView-innerSelectionPanelTable-listUl\")]/tbody/tr[2]/td[2]/div/div"}
RESULT: {"using":"xpath","value":"//table[contains(@id, \"listView-innerSelectionPanelTable-listUl\")]/tbody/tr[2]/td[2]/div/div"}
COMMAND: POST /session/c5b1ef57caa26d27c0af8f03bb65535b/element - {"using":"xpath","value":"//table[contains(@id, \"listView-innerSelectionPanelTable-listUl\")]/tbody/tr[2]/td[2]/div"}
RESULT: {"using":"xpath","value":"//table[contains(@id, \"listView-innerSelectionPanelTable-listUl\")]/tbody/tr[2]/td[2]/div"}
COMMAND: POST /session/c5b1ef57caa26d27c0af8f03bb65535b/element - {"using":"xpath","value":"//table[contains(@id, \"listView-innerSelectionPanelTable-listUl\")]/tbody/tr[2]/td[3]/div/div/span/span[1]/bdi"}
RESULT: {"using":"xpath","value":"//table[contains(@id, \"listView-innerSelectionPanelTable-listUl\")]/tbody/tr[2]/td[3]/div/div/span/span[1]/bdi"}
COMMAND: POST /session/c5b1ef57caa26d27c0af8f03bb65535b/execute/sync - {"script":"<script> [56 bytes]","args":[{"element-6066-11e4-a52e-4f735466cecf":"f.FCC204B58DEBB53E51F41DDFA2FB85CF.d.229B58E2CE2BDA50F8D8B6E0B5EFBB5C.e.7852","ELEMENT":"f.FCC204B58DEBB53E51F41DDFA2FB85CF.d.229B58E2CE2BDA50F8D8B6E0B5EFBB5C.e.7852"}]}
RESULT: {"script":"<script> [56 bytes]","args":[{"element-6066-11e4-a52e-4f735466cecf":"f.FCC204B58DEBB53E51F41DDFA2FB85CF.d.229B58E2CE2BDA50F8D8B6E0B5EFBB5C.e.7852","ELEMENT":"f.FCC204B58DEBB53E51F41DDFA2FB85CF.d.229B58E2CE2BDA50F8D8B6E0B5EFBB5C.e.7852"}]}
COMMAND: GET /session/c5b1ef57caa26d27c0af8f03bb65535b/element/f.FCC204B58DEBB53E51F41DDFA2FB85CF.d.229B58E2CE2BDA50F8D8B6E0B5EFBB5C.e.7851/attribute/aria-checked - {}
COMMAND: GET /session/c5b1ef57caa26d27c0af8f03bb65535b/screenshot - {}
RESULT: {}
COMMAND: POST /session/c5b1ef57caa26d27c0af8f03bb65535b/element - {"using":"xpath","value":"//table[contains(@id, \"listView-innerSelectionPanelTable-listUl\")]/tbody/tr[3]/td[2]/div/div"}
RESULT: {}
RESULT: {"using":"xpath","value":"//table[contains(@id, \"listView-innerSelectionPanelTable-listUl\")]/tbody/tr[3]/td[2]/div/div"}
COMMAND: POST /session/c5b1ef57caa26d27c0af8f03bb65535b/element - {"using":"xpath","value":"//table[contains(@id, \"listView-innerSelectionPanelTable-listUl\")]/tbody/tr[3]/td[2]/div"}
RESULT: {"using":"xpath","value":"//table[contains(@id, \"listView-innerSelectionPanelTable-listUl\")]/tbody/tr[3]/td[2]/div"}
COMMAND: POST /session/c5b1ef57caa26d27c0af8f03bb65535b/element - {"using":"xpath","value":"//table[contains(@id, \"listView-innerSelectionPanelTable-listUl\")]/tbody/tr[3]/td[3]/div/div/span/span[1]/bdi"}
RESULT: {"using":"xpath","value":"//table[contains(@id, \"listView-innerSelectionPanelTable-listUl\")]/tbody/tr[3]/td[3]/div/div/span/span[1]/bdi"}
COMMAND: POST /session/c5b1ef57caa26d27c0af8f03bb65535b/execute/sync - {"script":"<script> [56 bytes]","args":[{"element-6066-11e4-a52e-4f735466cecf":"f.FCC204B58DEBB53E51F41DDFA2FB85CF.d.229B58E2CE2BDA50F8D8B6E0B5EFBB5C.e.7855","ELEMENT":"f.FCC204B58DEBB53E51F41DDFA2FB85CF.d.229B58E2CE2BDA50F8D8B6E0B5EFBB5C.e.7855"}]}
RESULT: {"script":"<script> [56 bytes]","args":[{"element-6066-11e4-a52e-4f735466cecf":"f.FCC204B58DEBB53E51F41DDFA2FB85CF.d.229B58E2CE2BDA50F8D8B6E0B5EFBB5C.e.7855","ELEMENT":"f.FCC204B58DEBB53E51F41DDFA2FB85CF.d.229B58E2CE2BDA50F8D8B6E0B5EFBB5C.e.7855"}]}
COMMAND: GET /session/c5b1ef57caa26d27c0af8f03bb65535b/element/f.FCC204B58DEBB53E51F41DDFA2FB85CF.d.229B58E2CE2BDA50F8D8B6E0B5EFBB5C.e.7854/attribute/aria-checked - {}
COMMAND: GET /session/c5b1ef57caa26d27c0af8f03bb65535b/screenshot - {}
RESULT: {}
COMMAND: POST /session/c5b1ef57caa26d27c0af8f03bb65535b/element - {"using":"xpath","value":"//table[contains(@id, \"listView-innerSelectionPanelTable-listUl\")]/tbody/tr[4]/td[2]/div/div"}
RESULT: {}
RESULT: {"using":"xpath","value":"//table[contains(@id, \"listView-innerSelectionPanelTable-listUl\")]/tbody/tr[4]/td[2]/div/div"}
COMMAND: POST /session/c5b1ef57caa26d27c0af8f03bb65535b/element - {"using":"xpath","value":"//table[contains(@id, \"listView-innerSelectionPanelTable-listUl\")]/tbody/tr[4]/td[2]/div"}
RESULT: {"using":"xpath","value":"//table[contains(@id, \"listView-innerSelectionPanelTable-listUl\")]/tbody/tr[4]/td[2]/div"}
COMMAND: POST /session/c5b1ef57caa26d27c0af8f03bb65535b/element - {"using":"xpath","value":"//table[contains(@id, \"listView-innerSelectionPanelTable-listUl\")]/tbody/tr[4]/td[3]/div/div/span/span[1]/bdi"}
RESULT: {"using":"xpath","value":"//table[contains(@id, \"listView-innerSelectionPanelTable-listUl\")]/tbody/tr[4]/td[3]/div/div/span/span[1]/bdi"}
COMMAND: POST /session/c5b1ef57caa26d27c0af8f03bb65535b/execute/sync - {"script":"<script> [56 bytes]","args":[{"element-6066-11e4-a52e-4f735466cecf":"f.FCC204B58DEBB53E51F41DDFA2FB85CF.d.229B58E2CE2BDA50F8D8B6E0B5EFBB5C.e.7858","ELEMENT":"f.FCC204B58DEBB53E51F41DDFA2FB85CF.d.229B58E2CE2BDA50F8D8B6E0B5EFBB5C.e.7858"}]}
RESULT: {"script":"<script> [56 bytes]","args":[{"element-6066-11e4-a52e-4f735466cecf":"f.FCC204B58DEBB53E51F41DDFA2FB85CF.d.229B58E2CE2BDA50F8D8B6E0B5EFBB5C.e.7858","ELEMENT":"f.FCC204B58DEBB53E51F41DDFA2FB85CF.d.229B58E2CE2BDA50F8D8B6E0B5EFBB5C.e.7858"}]}
COMMAND: GET /session/c5b1ef57caa26d27c0af8f03bb65535b/element/f.FCC204B58DEBB53E51F41DDFA2FB85CF.d.229B58E2CE2BDA50F8D8B6E0B5EFBB5C.e.7857/attribute/aria-checked - {}
COMMAND: GET /session/c5b1ef57caa26d27c0af8f03bb65535b/screenshot - {}
RESULT: {}
COMMAND: POST /session/c5b1ef57caa26d27c0af8f03bb65535b/element - {"using":"xpath","value":"//table[contains(@id, \"listView-innerSelectionPanelTable-listUl\")]/tbody/tr[5]/td[2]/div/div"}
RESULT: {}
RESULT: {"using":"xpath","value":"//table[contains(@id, \"listView-innerSelectionPanelTable-listUl\")]/tbody/tr[5]/td[2]/div/div"}
COMMAND: POST /session/c5b1ef57caa26d27c0af8f03bb65535b/element - {"using":"xpath","value":"//table[contains(@id, \"listView-innerSelectionPanelTable-listUl\")]/tbody/tr[5]/td[2]/div"}
RESULT: {"using":"xpath","value":"//table[contains(@id, \"listView-innerSelectionPanelTable-listUl\")]/tbody/tr[5]/td[2]/div"}
COMMAND: POST /session/c5b1ef57caa26d27c0af8f03bb65535b/element - {"using":"xpath","value":"//table[contains(@id, \"listView-innerSelectionPanelTable-listUl\")]/tbody/tr[5]/td[3]/div/div/span/span[1]/bdi"}
RESULT: {"using":"xpath","value":"//table[contains(@id, \"listView-innerSelectionPanelTable-listUl\")]/tbody/tr[5]/td[3]/div/div/span/span[1]/bdi"}
COMMAND: POST /session/c5b1ef57caa26d27c0af8f03bb65535b/execute/sync - {"script":"<script> [56 bytes]","args":[{"element-6066-11e4-a52e-4f735466cecf":"f.FCC204B58DEBB53E51F41DDFA2FB85CF.d.229B58E2CE2BDA50F8D8B6E0B5EFBB5C.e.7861","ELEMENT":"f.FCC204B58DEBB53E51F41DDFA2FB85CF.d.229B58E2CE2BDA50F8D8B6E0B5EFBB5C.e.7861"}]}
RESULT: {"script":"<script> [56 bytes]","args":[{"element-6066-11e4-a52e-4f735466cecf":"f.FCC204B58DEBB53E51F41DDFA2FB85CF.d.229B58E2CE2BDA50F8D8B6E0B5EFBB5C.e.7861","ELEMENT":"f.FCC204B58DEBB53E51F41DDFA2FB85CF.d.229B58E2CE2BDA50F8D8B6E0B5EFBB5C.e.7861"}]}
COMMAND: GET /session/c5b1ef57caa26d27c0af8f03bb65535b/element/f.FCC204B58DEBB53E51F41DDFA2FB85CF.d.229B58E2CE2BDA50F8D8B6E0B5EFBB5C.e.7860/attribute/aria-checked - {}
COMMAND: GET /session/c5b1ef57caa26d27c0af8f03bb65535b/screenshot - {}
RESULT: {}
COMMAND: POST /session/c5b1ef57caa26d27c0af8f03bb65535b/element - {"using":"xpath","value":"//table[contains(@id, \"listView-innerSelectionPanelTable-listUl\")]/tbody/tr[6]/td[2]/div/div"}
RESULT: {}
RESULT: {"using":"xpath","value":"//table[contains(@id, \"listView-innerSelectionPanelTable-listUl\")]/tbody/tr[6]/td[2]/div/div"}
COMMAND: POST /session/c5b1ef57caa26d27c0af8f03bb65535b/element - {"using":"xpath","value":"//table[contains(@id, \"listView-innerSelectionPanelTable-listUl\")]/tbody/tr[6]/td[2]/div"}
RESULT: {"using":"xpath","value":"//table[contains(@id, \"listView-innerSelectionPanelTable-listUl\")]/tbody/tr[6]/td[2]/div"}
COMMAND: POST /session/c5b1ef57caa26d27c0af8f03bb65535b/element - {"using":"xpath","value":"//table[contains(@id, \"listView-innerSelectionPanelTable-listUl\")]/tbody/tr[6]/td[3]/div/div/span/span[1]/bdi"}
RESULT: {"using":"xpath","value":"//table[contains(@id, \"listView-innerSelectionPanelTable-listUl\")]/tbody/tr[6]/td[3]/div/div/span/span[1]/bdi"}
COMMAND: POST /session/c5b1ef57caa26d27c0af8f03bb65535b/execute/sync - {"script":"<script> [56 bytes]","args":[{"element-6066-11e4-a52e-4f735466cecf":"f.FCC204B58DEBB53E51F41DDFA2FB85CF.d.229B58E2CE2BDA50F8D8B6E0B5EFBB5C.e.7864","ELEMENT":"f.FCC204B58DEBB53E51F41DDFA2FB85CF.d.229B58E2CE2BDA50F8D8B6E0B5EFBB5C.e.7864"}]}
RESULT: {"script":"<script> [56 bytes]","args":[{"element-6066-11e4-a52e-4f735466cecf":"f.FCC204B58DEBB53E51F41DDFA2FB85CF.d.229B58E2CE2BDA50F8D8B6E0B5EFBB5C.e.7864","ELEMENT":"f.FCC204B58DEBB53E51F41DDFA2FB85CF.d.229B58E2CE2BDA50F8D8B6E0B5EFBB5C.e.7864"}]}
COMMAND: GET /session/c5b1ef57caa26d27c0af8f03bb65535b/element/f.FCC204B58DEBB53E51F41DDFA2FB85CF.d.229B58E2CE2BDA50F8D8B6E0B5EFBB5C.e.7863/attribute/aria-checked - {}
COMMAND: GET /session/c5b1ef57caa26d27c0af8f03bb65535b/screenshot - {}
RESULT: {}
COMMAND: POST /session/c5b1ef57caa26d27c0af8f03bb65535b/element - {"using":"xpath","value":"//table[contains(@id, \"listView-innerSelectionPanelTable-listUl\")]/tbody/tr[7]/td[2]/div/div"}
RESULT: {}
RESULT: {"using":"xpath","value":"//table[contains(@id, \"listView-innerSelectionPanelTable-listUl\")]/tbody/tr[7]/td[2]/div/div"}
COMMAND: POST /session/c5b1ef57caa26d27c0af8f03bb65535b/element - {"using":"xpath","value":"//table[contains(@id, \"listView-innerSelectionPanelTable-listUl\")]/tbody/tr[7]/td[2]/div"}
RESULT: {"using":"xpath","value":"//table[contains(@id, \"listView-innerSelectionPanelTable-listUl\")]/tbody/tr[7]/td[2]/div"}
COMMAND: POST /session/c5b1ef57caa26d27c0af8f03bb65535b/element - {"using":"xpath","value":"//table[contains(@id, \"listView-innerSelectionPanelTable-listUl\")]/tbody/tr[7]/td[3]/div/div/span/span[1]/bdi"}
RESULT: {"using":"xpath","value":"//table[contains(@id, \"listView-innerSelectionPanelTable-listUl\")]/tbody/tr[7]/td[3]/div/div/span/span[1]/bdi"}
COMMAND: POST /session/c5b1ef57caa26d27c0af8f03bb65535b/execute/sync - {"script":"<script> [56 bytes]","args":[{"element-6066-11e4-a52e-4f735466cecf":"f.FCC204B58DEBB53E51F41DDFA2FB85CF.d.229B58E2CE2BDA50F8D8B6E0B5EFBB5C.e.7867","ELEMENT":"f.FCC204B58DEBB53E51F41DDFA2FB85CF.d.229B58E2CE2BDA50F8D8B6E0B5EFBB5C.e.7867"}]}
RESULT: {"script":"<script> [56 bytes]","args":[{"element-6066-11e4-a52e-4f735466cecf":"f.FCC204B58DEBB53E51F41DDFA2FB85CF.d.229B58E2CE2BDA50F8D8B6E0B5EFBB5C.e.7867","ELEMENT":"f.FCC204B58DEBB53E51F41DDFA2FB85CF.d.229B58E2CE2BDA50F8D8B6E0B5EFBB5C.e.7867"}]}
COMMAND: GET /session/c5b1ef57caa26d27c0af8f03bb65535b/element/f.FCC204B58DEBB53E51F41DDFA2FB85CF.d.229B58E2CE2BDA50F8D8B6E0B5EFBB5C.e.7866/attribute/aria-checked - {}
COMMAND: GET /session/c5b1ef57caa26d27c0af8f03bb65535b/screenshot - {}
RESULT: {}
COMMAND: POST /session/c5b1ef57caa26d27c0af8f03bb65535b/element - {"using":"xpath","value":"//table[contains(@id, \"listView-innerSelectionPanelTable-listUl\")]/tbody/tr[8]/td[2]/div/div"}
RESULT: {}
RESULT: {"using":"xpath","value":"//table[contains(@id, \"listView-innerSelectionPanelTable-listUl\")]/tbody/tr[8]/td[2]/div/div"}
COMMAND: POST /session/c5b1ef57caa26d27c0af8f03bb65535b/element - {"using":"xpath","value":"//table[contains(@id, \"listView-innerSelectionPanelTable-listUl\")]/tbody/tr[8]/td[2]/div"}
RESULT: {"using":"xpath","value":"//table[contains(@id, \"listView-innerSelectionPanelTable-listUl\")]/tbody/tr[8]/td[2]/div"}
COMMAND: POST /session/c5b1ef57caa26d27c0af8f03bb65535b/element - {"using":"xpath","value":"//table[contains(@id, \"listView-innerSelectionPanelTable-listUl\")]/tbody/tr[8]/td[3]/div/div/span/span[1]/bdi"}
RESULT: {"using":"xpath","value":"//table[contains(@id, \"listView-innerSelectionPanelTable-listUl\")]/tbody/tr[8]/td[3]/div/div/span/span[1]/bdi"}
COMMAND: POST /session/c5b1ef57caa26d27c0af8f03bb65535b/execute/sync - {"script":"<script> [56 bytes]","args":[{"element-6066-11e4-a52e-4f735466cecf":"f.FCC204B58DEBB53E51F41DDFA2FB85CF.d.229B58E2CE2BDA50F8D8B6E0B5EFBB5C.e.7870","ELEMENT":"f.FCC204B58DEBB53E51F41DDFA2FB85CF.d.229B58E2CE2BDA50F8D8B6E0B5EFBB5C.e.7870"}]}
RESULT: {"script":"<script> [56 bytes]","args":[{"element-6066-11e4-a52e-4f735466cecf":"f.FCC204B58DEBB53E51F41DDFA2FB85CF.d.229B58E2CE2BDA50F8D8B6E0B5EFBB5C.e.7870","ELEMENT":"f.FCC204B58DEBB53E51F41DDFA2FB85CF.d.229B58E2CE2BDA50F8D8B6E0B5EFBB5C.e.7870"}]}
COMMAND: GET /session/c5b1ef57caa26d27c0af8f03bb65535b/element/f.FCC204B58DEBB53E51F41DDFA2FB85CF.d.229B58E2CE2BDA50F8D8B6E0B5EFBB5C.e.7869/attribute/aria-checked - {}
COMMAND: GET /session/c5b1ef57caa26d27c0af8f03bb65535b/screenshot - {}
RESULT: {}
COMMAND: POST /session/c5b1ef57caa26d27c0af8f03bb65535b/element - {"using":"xpath","value":"//table[contains(@id, \"listView-innerSelectionPanelTable-listUl\")]/tbody/tr[9]/td[2]/div/div"}
RESULT: {}
RESULT: {"using":"xpath","value":"//table[contains(@id, \"listView-innerSelectionPanelTable-listUl\")]/tbody/tr[9]/td[2]/div/div"}
COMMAND: POST /session/c5b1ef57caa26d27c0af8f03bb65535b/element - {"using":"xpath","value":"//table[contains(@id, \"listView-innerSelectionPanelTable-listUl\")]/tbody/tr[9]/td[2]/div"}
RESULT: {"using":"xpath","value":"//table[contains(@id, \"listView-innerSelectionPanelTable-listUl\")]/tbody/tr[9]/td[2]/div"}
COMMAND: POST /session/c5b1ef57caa26d27c0af8f03bb65535b/element - {"using":"xpath","value":"//table[contains(@id, \"listView-innerSelectionPanelTable-listUl\")]/tbody/tr[9]/td[3]/div/div/span/span[1]/bdi"}
RESULT: {"using":"xpath","value":"//table[contains(@id, \"listView-innerSelectionPanelTable-listUl\")]/tbody/tr[9]/td[3]/div/div/span/span[1]/bdi"}
COMMAND: POST /session/c5b1ef57caa26d27c0af8f03bb65535b/execute/sync - {"script":"<script> [56 bytes]","args":[{"element-6066-11e4-a52e-4f735466cecf":"f.FCC204B58DEBB53E51F41DDFA2FB85CF.d.229B58E2CE2BDA50F8D8B6E0B5EFBB5C.e.7873","ELEMENT":"f.FCC204B58DEBB53E51F41DDFA2FB85CF.d.229B58E2CE2BDA50F8D8B6E0B5EFBB5C.e.7873"}]}
RESULT: {"script":"<script> [56 bytes]","args":[{"element-6066-11e4-a52e-4f735466cecf":"f.FCC204B58DEBB53E51F41DDFA2FB85CF.d.229B58E2CE2BDA50F8D8B6E0B5EFBB5C.e.7873","ELEMENT":"f.FCC204B58DEBB53E51F41DDFA2FB85CF.d.229B58E2CE2BDA50F8D8B6E0B5EFBB5C.e.7873"}]}
COMMAND: GET /session/c5b1ef57caa26d27c0af8f03bb65535b/element/f.FCC204B58DEBB53E51F41DDFA2FB85CF.d.229B58E2CE2BDA50F8D8B6E0B5EFBB5C.e.7872/attribute/aria-checked - {}
COMMAND: GET /session/c5b1ef57caa26d27c0af8f03bb65535b/screenshot - {}
RESULT: {}
COMMAND: POST /session/c5b1ef57caa26d27c0af8f03bb65535b/element - {"using":"xpath","value":"//table[contains(@id, \"listView-innerSelectionPanelTable-listUl\")]/tbody/tr[10]/td[2]/div/div"}
RESULT: {}
RESULT: {"using":"xpath","value":"//table[contains(@id, \"listView-innerSelectionPanelTable-listUl\")]/tbody/tr[10]/td[2]/div/div"}
COMMAND: POST /session/c5b1ef57caa26d27c0af8f03bb65535b/element - {"using":"xpath","value":"//table[contains(@id, \"listView-innerSelectionPanelTable-listUl\")]/tbody/tr[10]/td[2]/div"}
RESULT: {"using":"xpath","value":"//table[contains(@id, \"listView-innerSelectionPanelTable-listUl\")]/tbody/tr[10]/td[2]/div"}
COMMAND: POST /session/c5b1ef57caa26d27c0af8f03bb65535b/element - {"using":"xpath","value":"//table[contains(@id, \"listView-innerSelectionPanelTable-listUl\")]/tbody/tr[10]/td[3]/div/div/span/span[1]/bdi"}
RESULT: {"using":"xpath","value":"//table[contains(@id, \"listView-innerSelectionPanelTable-listUl\")]/tbody/tr[10]/td[3]/div/div/span/span[1]/bdi"}
COMMAND: POST /session/c5b1ef57caa26d27c0af8f03bb65535b/execute/sync - {"script":"<script> [56 bytes]","args":[{"element-6066-11e4-a52e-4f735466cecf":"f.FCC204B58DEBB53E51F41DDFA2FB85CF.d.229B58E2CE2BDA50F8D8B6E0B5EFBB5C.e.7876","ELEMENT":"f.FCC204B58DEBB53E51F41DDFA2FB85CF.d.229B58E2CE2BDA50F8D8B6E0B5EFBB5C.e.7876"}]}
RESULT: {"script":"<script> [56 bytes]","args":[{"element-6066-11e4-a52e-4f735466cecf":"f.FCC204B58DEBB53E51F41DDFA2FB85CF.d.229B58E2CE2BDA50F8D8B6E0B5EFBB5C.e.7876","ELEMENT":"f.FCC204B58DEBB53E51F41DDFA2FB85CF.d.229B58E2CE2BDA50F8D8B6E0B5EFBB5C.e.7876"}]}
COMMAND: GET /session/c5b1ef57caa26d27c0af8f03bb65535b/element/f.FCC204B58DEBB53E51F41DDFA2FB85CF.d.229B58E2CE2BDA50F8D8B6E0B5EFBB5C.e.7875/attribute/aria-checked - {}
COMMAND: GET /session/c5b1ef57caa26d27c0af8f03bb65535b/screenshot - {}
RESULT: {}
COMMAND: POST /session/c5b1ef57caa26d27c0af8f03bb65535b/element - {"using":"xpath","value":"//table[contains(@id, \"listView-innerSelectionPanelTable-listUl\")]/tbody/tr[11]/td[2]/div/div"}
RESULT: {}
RESULT: {"using":"xpath","value":"//table[contains(@id, \"listView-innerSelectionPanelTable-listUl\")]/tbody/tr[11]/td[2]/div/div"}
COMMAND: POST /session/c5b1ef57caa26d27c0af8f03bb65535b/element - {"using":"xpath","value":"//table[contains(@id, \"listView-innerSelectionPanelTable-listUl\")]/tbody/tr[11]/td[2]/div"}
RESULT: {"using":"xpath","value":"//table[contains(@id, \"listView-innerSelectionPanelTable-listUl\")]/tbody/tr[11]/td[2]/div"}
COMMAND: POST /session/c5b1ef57caa26d27c0af8f03bb65535b/element - {"using":"xpath","value":"//table[contains(@id, \"listView-innerSelectionPanelTable-listUl\")]/tbody/tr[11]/td[3]/div/div/span/span[1]/bdi"}
RESULT: {"using":"xpath","value":"//table[contains(@id, \"listView-innerSelectionPanelTable-listUl\")]/tbody/tr[11]/td[3]/div/div/span/span[1]/bdi"}
COMMAND: POST /session/c5b1ef57caa26d27c0af8f03bb65535b/execute/sync - {"script":"<script> [56 bytes]","args":[{"element-6066-11e4-a52e-4f735466cecf":"f.FCC204B58DEBB53E51F41DDFA2FB85CF.d.229B58E2CE2BDA50F8D8B6E0B5EFBB5C.e.7879","ELEMENT":"f.FCC204B58DEBB53E51F41DDFA2FB85CF.d.229B58E2CE2BDA50F8D8B6E0B5EFBB5C.e.7879"}]}
RESULT: {"script":"<script> [56 bytes]","args":[{"element-6066-11e4-a52e-4f735466cecf":"f.FCC204B58DEBB53E51F41DDFA2FB85CF.d.229B58E2CE2BDA50F8D8B6E0B5EFBB5C.e.7879","ELEMENT":"f.FCC204B58DEBB53E51F41DDFA2FB85CF.d.229B58E2CE2BDA50F8D8B6E0B5EFBB5C.e.7879"}]}
COMMAND: GET /session/c5b1ef57caa26d27c0af8f03bb65535b/element/f.FCC204B58DEBB53E51F41DDFA2FB85CF.d.229B58E2CE2BDA50F8D8B6E0B5EFBB5C.e.7878/attribute/aria-checked - {}
COMMAND: GET /session/c5b1ef57caa26d27c0af8f03bb65535b/screenshot - {}
RESULT: {}
COMMAND: POST /session/c5b1ef57caa26d27c0af8f03bb65535b/element - {"using":"xpath","value":"//table[contains(@id, \"listView-innerSelectionPanelTable-listUl\")]/tbody/tr[12]/td[2]/div/div"}
RESULT: {}
RESULT: {"using":"xpath","value":"//table[contains(@id, \"listView-innerSelectionPanelTable-listUl\")]/tbody/tr[12]/td[2]/div/div"}
COMMAND: POST /session/c5b1ef57caa26d27c0af8f03bb65535b/element - {"using":"xpath","value":"//table[contains(@id, \"listView-innerSelectionPanelTable-listUl\")]/tbody/tr[12]/td[2]/div"}
RESULT: {"using":"xpath","value":"//table[contains(@id, \"listView-innerSelectionPanelTable-listUl\")]/tbody/tr[12]/td[2]/div"}
COMMAND: POST /session/c5b1ef57caa26d27c0af8f03bb65535b/element - {"using":"xpath","value":"//table[contains(@id, \"listView-innerSelectionPanelTable-listUl\")]/tbody/tr[12]/td[3]/div/div/span/span[1]/bdi"}
RESULT: {"using":"xpath","value":"//table[contains(@id, \"listView-innerSelectionPanelTable-listUl\")]/tbody/tr[12]/td[3]/div/div/span/span[1]/bdi"}
COMMAND: POST /session/c5b1ef57caa26d27c0af8f03bb65535b/execute/sync - {"script":"<script> [56 bytes]","args":[{"element-6066-11e4-a52e-4f735466cecf":"f.FCC204B58DEBB53E51F41DDFA2FB85CF.d.229B58E2CE2BDA50F8D8B6E0B5EFBB5C.e.7882","ELEMENT":"f.FCC204B58DEBB53E51F41DDFA2FB85CF.d.229B58E2CE2BDA50F8D8B6E0B5EFBB5C.e.7882"}]}
RESULT: {"script":"<script> [56 bytes]","args":[{"element-6066-11e4-a52e-4f735466cecf":"f.FCC204B58DEBB53E51F41DDFA2FB85CF.d.229B58E2CE2BDA50F8D8B6E0B5EFBB5C.e.7882","ELEMENT":"f.FCC204B58DEBB53E51F41DDFA2FB85CF.d.229B58E2CE2BDA50F8D8B6E0B5EFBB5C.e.7882"}]}
COMMAND: GET /session/c5b1ef57caa26d27c0af8f03bb65535b/element/f.FCC204B58DEBB53E51F41DDFA2FB85CF.d.229B58E2CE2BDA50F8D8B6E0B5EFBB5C.e.7881/attribute/aria-checked - {}
COMMAND: GET /session/c5b1ef57caa26d27c0af8f03bb65535b/screenshot - {}
RESULT: {}
COMMAND: POST /session/c5b1ef57caa26d27c0af8f03bb65535b/element - {"using":"xpath","value":"//table[contains(@id, \"listView-innerSelectionPanelTable-listUl\")]/tbody/tr[13]/td[2]/div/div"}
RESULT: {}
RESULT: {"using":"xpath","value":"//table[contains(@id, \"listView-innerSelectionPanelTable-listUl\")]/tbody/tr[13]/td[2]/div/div"}
COMMAND: POST /session/c5b1ef57caa26d27c0af8f03bb65535b/element - {"using":"xpath","value":"//table[contains(@id, \"listView-innerSelectionPanelTable-listUl\")]/tbody/tr[13]/td[2]/div"}
RESULT: {"using":"xpath","value":"//table[contains(@id, \"listView-innerSelectionPanelTable-listUl\")]/tbody/tr[13]/td[2]/div"}
COMMAND: POST /session/c5b1ef57caa26d27c0af8f03bb65535b/element - {"using":"xpath","value":"//table[contains(@id, \"listView-innerSelectionPanelTable-listUl\")]/tbody/tr[13]/td[3]/div/div/span/span[1]/bdi"}
RESULT: {"using":"xpath","value":"//table[contains(@id, \"listView-innerSelectionPanelTable-listUl\")]/tbody/tr[13]/td[3]/div/div/span/span[1]/bdi"}
COMMAND: POST /session/c5b1ef57caa26d27c0af8f03bb65535b/execute/sync - {"script":"<script> [56 bytes]","args":[{"element-6066-11e4-a52e-4f735466cecf":"f.FCC204B58DEBB53E51F41DDFA2FB85CF.d.229B58E2CE2BDA50F8D8B6E0B5EFBB5C.e.7885","ELEMENT":"f.FCC204B58DEBB53E51F41DDFA2FB85CF.d.229B58E2CE2BDA50F8D8B6E0B5EFBB5C.e.7885"}]}
RESULT: {"script":"<script> [56 bytes]","args":[{"element-6066-11e4-a52e-4f735466cecf":"f.FCC204B58DEBB53E51F41DDFA2FB85CF.d.229B58E2CE2BDA50F8D8B6E0B5EFBB5C.e.7885","ELEMENT":"f.FCC204B58DEBB53E51F41DDFA2FB85CF.d.229B58E2CE2BDA50F8D8B6E0B5EFBB5C.e.7885"}]}
COMMAND: GET /session/c5b1ef57caa26d27c0af8f03bb65535b/element/f.FCC204B58DEBB53E51F41DDFA2FB85CF.d.229B58E2CE2BDA50F8D8B6E0B5EFBB5C.e.7884/attribute/aria-checked - {}
COMMAND: GET /session/c5b1ef57caa26d27c0af8f03bb65535b/screenshot - {}
RESULT: {}
COMMAND: POST /session/c5b1ef57caa26d27c0af8f03bb65535b/element - {"using":"xpath","value":"//table[contains(@id, \"listView-innerSelectionPanelTable-listUl\")]/tbody/tr[14]/td[2]/div/div"}
RESULT: {}
RESULT: {"using":"xpath","value":"//table[contains(@id, \"listView-innerSelectionPanelTable-listUl\")]/tbody/tr[14]/td[2]/div/div"}
COMMAND: POST /session/c5b1ef57caa26d27c0af8f03bb65535b/element - {"using":"xpath","value":"//table[contains(@id, \"listView-innerSelectionPanelTable-listUl\")]/tbody/tr[14]/td[2]/div"}
RESULT: {"using":"xpath","value":"//table[contains(@id, \"listView-innerSelectionPanelTable-listUl\")]/tbody/tr[14]/td[2]/div"}
COMMAND: POST /session/c5b1ef57caa26d27c0af8f03bb65535b/element - {"using":"xpath","value":"//table[contains(@id, \"listView-innerSelectionPanelTable-listUl\")]/tbody/tr[14]/td[3]/div/div/span/span[1]/bdi"}
RESULT: {"using":"xpath","value":"//table[contains(@id, \"listView-innerSelectionPanelTable-listUl\")]/tbody/tr[14]/td[3]/div/div/span/span[1]/bdi"}
COMMAND: POST /session/c5b1ef57caa26d27c0af8f03bb65535b/execute/sync - {"script":"<script> [56 bytes]","args":[{"element-6066-11e4-a52e-4f735466cecf":"f.FCC204B58DEBB53E51F41DDFA2FB85CF.d.229B58E2CE2BDA50F8D8B6E0B5EFBB5C.e.7888","ELEMENT":"f.FCC204B58DEBB53E51F41DDFA2FB85CF.d.229B58E2CE2BDA50F8D8B6E0B5EFBB5C.e.7888"}]}
RESULT: {"script":"<script> [56 bytes]","args":[{"element-6066-11e4-a52e-4f735466cecf":"f.FCC204B58DEBB53E51F41DDFA2FB85CF.d.229B58E2CE2BDA50F8D8B6E0B5EFBB5C.e.7888","ELEMENT":"f.FCC204B58DEBB53E51F41DDFA2FB85CF.d.229B58E2CE2BDA50F8D8B6E0B5EFBB5C.e.7888"}]}
COMMAND: GET /session/c5b1ef57caa26d27c0af8f03bb65535b/element/f.FCC204B58DEBB53E51F41DDFA2FB85CF.d.229B58E2CE2BDA50F8D8B6E0B5EFBB5C.e.7887/attribute/aria-checked - {}
COMMAND: GET /session/c5b1ef57caa26d27c0af8f03bb65535b/screenshot - {}
RESULT: {}
COMMAND: POST /session/c5b1ef57caa26d27c0af8f03bb65535b/element - {"using":"xpath","value":"//table[contains(@id, \"listView-innerSelectionPanelTable-listUl\")]/tbody/tr[15]/td[2]/div/div"}
RESULT: {}
RESULT: {"using":"xpath","value":"//table[contains(@id, \"listView-innerSelectionPanelTable-listUl\")]/tbody/tr[15]/td[2]/div/div"}
COMMAND: POST /session/c5b1ef57caa26d27c0af8f03bb65535b/element - {"using":"xpath","value":"//table[contains(@id, \"listView-innerSelectionPanelTable-listUl\")]/tbody/tr[15]/td[2]/div"}
RESULT: {"using":"xpath","value":"//table[contains(@id, \"listView-innerSelectionPanelTable-listUl\")]/tbody/tr[15]/td[2]/div"}
COMMAND: POST /session/c5b1ef57caa26d27c0af8f03bb65535b/element - {"using":"xpath","value":"//table[contains(@id, \"listView-innerSelectionPanelTable-listUl\")]/tbody/tr[15]/td[3]/div/div/span/span[1]/bdi"}
RESULT: {"using":"xpath","value":"//table[contains(@id, \"listView-innerSelectionPanelTable-listUl\")]/tbody/tr[15]/td[3]/div/div/span/span[1]/bdi"}
COMMAND: POST /session/c5b1ef57caa26d27c0af8f03bb65535b/execute/sync - {"script":"<script> [56 bytes]","args":[{"element-6066-11e4-a52e-4f735466cecf":"f.FCC204B58DEBB53E51F41DDFA2FB85CF.d.229B58E2CE2BDA50F8D8B6E0B5EFBB5C.e.7891","ELEMENT":"f.FCC204B58DEBB53E51F41DDFA2FB85CF.d.229B58E2CE2BDA50F8D8B6E0B5EFBB5C.e.7891"}]}
RESULT: {"script":"<script> [56 bytes]","args":[{"element-6066-11e4-a52e-4f735466cecf":"f.FCC204B58DEBB53E51F41DDFA2FB85CF.d.229B58E2CE2BDA50F8D8B6E0B5EFBB5C.e.7891","ELEMENT":"f.FCC204B58DEBB53E51F41DDFA2FB85CF.d.229B58E2CE2BDA50F8D8B6E0B5EFBB5C.e.7891"}]}
COMMAND: GET /session/c5b1ef57caa26d27c0af8f03bb65535b/element/f.FCC204B58DEBB53E51F41DDFA2FB85CF.d.229B58E2CE2BDA50F8D8B6E0B5EFBB5C.e.7890/attribute/aria-checked - {}
COMMAND: GET /session/c5b1ef57caa26d27c0af8f03bb65535b/screenshot - {}
RESULT: {}
COMMAND: POST /session/c5b1ef57caa26d27c0af8f03bb65535b/element - {"using":"xpath","value":"//table[contains(@id, \"listView-innerSelectionPanelTable-listUl\")]/tbody/tr[16]/td[2]/div/div"}
RESULT: {}
RESULT: {"using":"xpath","value":"//table[contains(@id, \"listView-innerSelectionPanelTable-listUl\")]/tbody/tr[16]/td[2]/div/div"}
COMMAND: POST /session/c5b1ef57caa26d27c0af8f03bb65535b/element - {"using":"xpath","value":"//table[contains(@id, \"listView-innerSelectionPanelTable-listUl\")]/tbody/tr[16]/td[2]/div"}
RESULT: {"using":"xpath","value":"//table[contains(@id, \"listView-innerSelectionPanelTable-listUl\")]/tbody/tr[16]/td[2]/div"}
COMMAND: POST /session/c5b1ef57caa26d27c0af8f03bb65535b/element - {"using":"xpath","value":"//table[contains(@id, \"listView-innerSelectionPanelTable-listUl\")]/tbody/tr[16]/td[3]/div/div/span/span[1]/bdi"}
RESULT: {"using":"xpath","value":"//table[contains(@id, \"listView-innerSelectionPanelTable-listUl\")]/tbody/tr[16]/td[3]/div/div/span/span[1]/bdi"}
COMMAND: POST /session/c5b1ef57caa26d27c0af8f03bb65535b/execute/sync - {"script":"<script> [56 bytes]","args":[{"element-6066-11e4-a52e-4f735466cecf":"f.FCC204B58DEBB53E51F41DDFA2FB85CF.d.229B58E2CE2BDA50F8D8B6E0B5EFBB5C.e.7894","ELEMENT":"f.FCC204B58DEBB53E51F41DDFA2FB85CF.d.229B58E2CE2BDA50F8D8B6E0B5EFBB5C.e.7894"}]}
RESULT: {"script":"<script> [56 bytes]","args":[{"element-6066-11e4-a52e-4f735466cecf":"f.FCC204B58DEBB53E51F41DDFA2FB85CF.d.229B58E2CE2BDA50F8D8B6E0B5EFBB5C.e.7894","ELEMENT":"f.FCC204B58DEBB53E51F41DDFA2FB85CF.d.229B58E2CE2BDA50F8D8B6E0B5EFBB5C.e.7894"}]}
COMMAND: GET /session/c5b1ef57caa26d27c0af8f03bb65535b/element/f.FCC204B58DEBB53E51F41DDFA2FB85CF.d.229B58E2CE2BDA50F8D8B6E0B5EFBB5C.e.7893/attribute/aria-checked - {}
COMMAND: GET /session/c5b1ef57caa26d27c0af8f03bb65535b/screenshot - {}
RESULT: {}
COMMAND: POST /session/c5b1ef57caa26d27c0af8f03bb65535b/element - {"using":"xpath","value":"//table[contains(@id, \"listView-innerSelectionPanelTable-listUl\")]/tbody/tr[17]/td[2]/div/div"}
RESULT: {}
RESULT: {"using":"xpath","value":"//table[contains(@id, \"listView-innerSelectionPanelTable-listUl\")]/tbody/tr[17]/td[2]/div/div"}
COMMAND: POST /session/c5b1ef57caa26d27c0af8f03bb65535b/element - {"using":"xpath","value":"//table[contains(@id, \"listView-innerSelectionPanelTable-listUl\")]/tbody/tr[17]/td[2]/div"}
RESULT: {"using":"xpath","value":"//table[contains(@id, \"listView-innerSelectionPanelTable-listUl\")]/tbody/tr[17]/td[2]/div"}
COMMAND: POST /session/c5b1ef57caa26d27c0af8f03bb65535b/element - {"using":"xpath","value":"//table[contains(@id, \"listView-innerSelectionPanelTable-listUl\")]/tbody/tr[17]/td[3]/div/div/span/span[1]/bdi"}
RESULT: {"using":"xpath","value":"//table[contains(@id, \"listView-innerSelectionPanelTable-listUl\")]/tbody/tr[17]/td[3]/div/div/span/span[1]/bdi"}
COMMAND: POST /session/c5b1ef57caa26d27c0af8f03bb65535b/execute/sync - {"script":"<script> [56 bytes]","args":[{"element-6066-11e4-a52e-4f735466cecf":"f.FCC204B58DEBB53E51F41DDFA2FB85CF.d.229B58E2CE2BDA50F8D8B6E0B5EFBB5C.e.7897","ELEMENT":"f.FCC204B58DEBB53E51F41DDFA2FB85CF.d.229B58E2CE2BDA50F8D8B6E0B5EFBB5C.e.7897"}]}
RESULT: {"script":"<script> [56 bytes]","args":[{"element-6066-11e4-a52e-4f735466cecf":"f.FCC204B58DEBB53E51F41DDFA2FB85CF.d.229B58E2CE2BDA50F8D8B6E0B5EFBB5C.e.7897","ELEMENT":"f.FCC204B58DEBB53E51F41DDFA2FB85CF.d.229B58E2CE2BDA50F8D8B6E0B5EFBB5C.e.7897"}]}
COMMAND: GET /session/c5b1ef57caa26d27c0af8f03bb65535b/element/f.FCC204B58DEBB53E51F41DDFA2FB85CF.d.229B58E2CE2BDA50F8D8B6E0B5EFBB5C.e.7896/attribute/aria-checked - {}
COMMAND: GET /session/c5b1ef57caa26d27c0af8f03bb65535b/screenshot - {}
RESULT: {}
COMMAND: POST /session/c5b1ef57caa26d27c0af8f03bb65535b/element - {"using":"xpath","value":"//table[contains(@id, \"listView-innerSelectionPanelTable-listUl\")]/tbody/tr[18]/td[2]/div/div"}
RESULT: {}
RESULT: {"using":"xpath","value":"//table[contains(@id, \"listView-innerSelectionPanelTable-listUl\")]/tbody/tr[18]/td[2]/div/div"}
COMMAND: POST /session/c5b1ef57caa26d27c0af8f03bb65535b/element - {"using":"xpath","value":"//table[contains(@id, \"listView-innerSelectionPanelTable-listUl\")]/tbody/tr[18]/td[2]/div"}
RESULT: {"using":"xpath","value":"//table[contains(@id, \"listView-innerSelectionPanelTable-listUl\")]/tbody/tr[18]/td[2]/div"}
COMMAND: POST /session/c5b1ef57caa26d27c0af8f03bb65535b/element - {"using":"xpath","value":"//table[contains(@id, \"listView-innerSelectionPanelTable-listUl\")]/tbody/tr[18]/td[3]/div/div/span/span[1]/bdi"}
RESULT: {"using":"xpath","value":"//table[contains(@id, \"listView-innerSelectionPanelTable-listUl\")]/tbody/tr[18]/td[3]/div/div/span/span[1]/bdi"}
COMMAND: POST /session/c5b1ef57caa26d27c0af8f03bb65535b/execute/sync - {"script":"<script> [56 bytes]","args":[{"element-6066-11e4-a52e-4f735466cecf":"f.FCC204B58DEBB53E51F41DDFA2FB85CF.d.229B58E2CE2BDA50F8D8B6E0B5EFBB5C.e.7900","ELEMENT":"f.FCC204B58DEBB53E51F41DDFA2FB85CF.d.229B58E2CE2BDA50F8D8B6E0B5EFBB5C.e.7900"}]}
RESULT: {"script":"<script> [56 bytes]","args":[{"element-6066-11e4-a52e-4f735466cecf":"f.FCC204B58DEBB53E51F41DDFA2FB85CF.d.229B58E2CE2BDA50F8D8B6E0B5EFBB5C.e.7900","ELEMENT":"f.FCC204B58DEBB53E51F41DDFA2FB85CF.d.229B58E2CE2BDA50F8D8B6E0B5EFBB5C.e.7900"}]}
COMMAND: GET /session/c5b1ef57caa26d27c0af8f03bb65535b/element/f.FCC204B58DEBB53E51F41DDFA2FB85CF.d.229B58E2CE2BDA50F8D8B6E0B5EFBB5C.e.7899/attribute/aria-checked - {}
COMMAND: GET /session/c5b1ef57caa26d27c0af8f03bb65535b/screenshot - {}
RESULT: {}
COMMAND: POST /session/c5b1ef57caa26d27c0af8f03bb65535b/element - {"using":"xpath","value":"//table[contains(@id, \"listView-innerSelectionPanelTable-listUl\")]/tbody/tr[19]/td[2]/div/div"}
RESULT: {}
RESULT: {"using":"xpath","value":"//table[contains(@id, \"listView-innerSelectionPanelTable-listUl\")]/tbody/tr[19]/td[2]/div/div"}
COMMAND: POST /session/c5b1ef57caa26d27c0af8f03bb65535b/element - {"using":"xpath","value":"//table[contains(@id, \"listView-innerSelectionPanelTable-listUl\")]/tbody/tr[19]/td[2]/div"}
RESULT: {"using":"xpath","value":"//table[contains(@id, \"listView-innerSelectionPanelTable-listUl\")]/tbody/tr[19]/td[2]/div"}
COMMAND: POST /session/c5b1ef57caa26d27c0af8f03bb65535b/element - {"using":"xpath","value":"//table[contains(@id, \"listView-innerSelectionPanelTable-listUl\")]/tbody/tr[19]/td[3]/div/div/span/span[1]/bdi"}
RESULT: {"using":"xpath","value":"//table[contains(@id, \"listView-innerSelectionPanelTable-listUl\")]/tbody/tr[19]/td[3]/div/div/span/span[1]/bdi"}
COMMAND: POST /session/c5b1ef57caa26d27c0af8f03bb65535b/execute/sync - {"script":"<script> [56 bytes]","args":[{"element-6066-11e4-a52e-4f735466cecf":"f.FCC204B58DEBB53E51F41DDFA2FB85CF.d.229B58E2CE2BDA50F8D8B6E0B5EFBB5C.e.7903","ELEMENT":"f.FCC204B58DEBB53E51F41DDFA2FB85CF.d.229B58E2CE2BDA50F8D8B6E0B5EFBB5C.e.7903"}]}
RESULT: {"script":"<script> [56 bytes]","args":[{"element-6066-11e4-a52e-4f735466cecf":"f.FCC204B58DEBB53E51F41DDFA2FB85CF.d.229B58E2CE2BDA50F8D8B6E0B5EFBB5C.e.7903","ELEMENT":"f.FCC204B58DEBB53E51F41DDFA2FB85CF.d.229B58E2CE2BDA50F8D8B6E0B5EFBB5C.e.7903"}]}
COMMAND: GET /session/c5b1ef57caa26d27c0af8f03bb65535b/element/f.FCC204B58DEBB53E51F41DDFA2FB85CF.d.229B58E2CE2BDA50F8D8B6E0B5EFBB5C.e.7902/attribute/aria-checked - {}
COMMAND: GET /session/c5b1ef57caa26d27c0af8f03bb65535b/screenshot - {}
RESULT: {}
COMMAND: POST /session/c5b1ef57caa26d27c0af8f03bb65535b/element - {"using":"xpath","value":"//table[contains(@id, \"listView-innerSelectionPanelTable-listUl\")]/tbody/tr[20]/td[2]/div/div"}
RESULT: {}
RESULT: {"using":"xpath","value":"//table[contains(@id, \"listView-innerSelectionPanelTable-listUl\")]/tbody/tr[20]/td[2]/div/div"}
COMMAND: POST /session/c5b1ef57caa26d27c0af8f03bb65535b/element - {"using":"xpath","value":"//table[contains(@id, \"listView-innerSelectionPanelTable-listUl\")]/tbody/tr[20]/td[2]/div"}
RESULT: {"using":"xpath","value":"//table[contains(@id, \"listView-innerSelectionPanelTable-listUl\")]/tbody/tr[20]/td[2]/div"}
COMMAND: POST /session/c5b1ef57caa26d27c0af8f03bb65535b/element - {"using":"xpath","value":"//table[contains(@id, \"listView-innerSelectionPanelTable-listUl\")]/tbody/tr[20]/td[3]/div/div/span/span[1]/bdi"}
RESULT: {"using":"xpath","value":"//table[contains(@id, \"listView-innerSelectionPanelTable-listUl\")]/tbody/tr[20]/td[3]/div/div/span/span[1]/bdi"}
COMMAND: POST /session/c5b1ef57caa26d27c0af8f03bb65535b/execute/sync - {"script":"<script> [56 bytes]","args":[{"element-6066-11e4-a52e-4f735466cecf":"f.FCC204B58DEBB53E51F41DDFA2FB85CF.d.229B58E2CE2BDA50F8D8B6E0B5EFBB5C.e.7906","ELEMENT":"f.FCC204B58DEBB53E51F41DDFA2FB85CF.d.229B58E2CE2BDA50F8D8B6E0B5EFBB5C.e.7906"}]}
RESULT: {"script":"<script> [56 bytes]","args":[{"element-6066-11e4-a52e-4f735466cecf":"f.FCC204B58DEBB53E51F41DDFA2FB85CF.d.229B58E2CE2BDA50F8D8B6E0B5EFBB5C.e.7906","ELEMENT":"f.FCC204B58DEBB53E51F41DDFA2FB85CF.d.229B58E2CE2BDA50F8D8B6E0B5EFBB5C.e.7906"}]}
COMMAND: GET /session/c5b1ef57caa26d27c0af8f03bb65535b/element/f.FCC204B58DEBB53E51F41DDFA2FB85CF.d.229B58E2CE2BDA50F8D8B6E0B5EFBB5C.e.7905/attribute/aria-checked - {}
COMMAND: GET /session/c5b1ef57caa26d27c0af8f03bb65535b/screenshot - {}
RESULT: {}
COMMAND: POST /session/c5b1ef57caa26d27c0af8f03bb65535b/element - {"using":"xpath","value":"//table[contains(@id, \"listView-innerSelectionPanelTable-listUl\")]/tbody/tr[21]/td[2]/div/div"}
COMMAND: POST /session/c5b1ef57caa26d27c0af8f03bb65535b/element/f.FCC204B58DEBB53E51F41DDFA2FB85CF.d.229B58E2CE2BDA50F8D8B6E0B5EFBB5C.e.7904/click - {}
RESULT: {}
RESULT: {"using":"xpath","value":"//table[contains(@id, \"listView-innerSelectionPanelTable-listUl\")]/tbody/tr[21]/td[2]/div/div"}
COMMAND: POST /session/c5b1ef57caa26d27c0af8f03bb65535b/element - {"using":"xpath","value":"//table[contains(@id, \"listView-innerSelectionPanelTable-listUl\")]/tbody/tr[21]/td[2]/div"}
RESULT: {}
COMMAND: GET /session/c5b1ef57caa26d27c0af8f03bb65535b/screenshot - {}
RESULT: {"using":"xpath","value":"//table[contains(@id, \"listView-innerSelectionPanelTable-listUl\")]/tbody/tr[21]/td[2]/div"}
COMMAND: POST /session/c5b1ef57caa26d27c0af8f03bb65535b/element - {"using":"xpath","value":"//table[contains(@id, \"listView-innerSelectionPanelTable-listUl\")]/tbody/tr[21]/td[3]/div/div/span/span[1]/bdi"}
RESULT: {}
RESULT: {"using":"xpath","value":"//table[contains(@id, \"listView-innerSelectionPanelTable-listUl\")]/tbody/tr[21]/td[3]/div/div/span/span[1]/bdi"}
COMMAND: POST /session/c5b1ef57caa26d27c0af8f03bb65535b/execute/sync - {"script":"<script> [56 bytes]","args":[{"element-6066-11e4-a52e-4f735466cecf":"f.FCC204B58DEBB53E51F41DDFA2FB85CF.d.229B58E2CE2BDA50F8D8B6E0B5EFBB5C.e.7912","ELEMENT":"f.FCC204B58DEBB53E51F41DDFA2FB85CF.d.229B58E2CE2BDA50F8D8B6E0B5EFBB5C.e.7912"}]}
RESULT: {"script":"<script> [56 bytes]","args":[{"element-6066-11e4-a52e-4f735466cecf":"f.FCC204B58DEBB53E51F41DDFA2FB85CF.d.229B58E2CE2BDA50F8D8B6E0B5EFBB5C.e.7912","ELEMENT":"f.FCC204B58DEBB53E51F41DDFA2FB85CF.d.229B58E2CE2BDA50F8D8B6E0B5EFBB5C.e.7912"}]}
COMMAND: GET /session/c5b1ef57caa26d27c0af8f03bb65535b/element/f.FCC204B58DEBB53E51F41DDFA2FB85CF.d.229B58E2CE2BDA50F8D8B6E0B5EFBB5C.e.7911/attribute/aria-checked - {}
COMMAND: GET /session/c5b1ef57caa26d27c0af8f03bb65535b/screenshot - {}
RESULT: {}
COMMAND: POST /session/c5b1ef57caa26d27c0af8f03bb65535b/element - {"using":"xpath","value":"//table[contains(@id, \"listView-innerSelectionPanelTable-listUl\")]/tbody/tr[22]/td[2]/div/div"}
COMMAND: POST /session/c5b1ef57caa26d27c0af8f03bb65535b/element/f.FCC204B58DEBB53E51F41DDFA2FB85CF.d.229B58E2CE2BDA50F8D8B6E0B5EFBB5C.e.7907/click - {}
RESULT: {}
RESULT: {}
COMMAND: GET /session/c5b1ef57caa26d27c0af8f03bb65535b/screenshot - {}
RESULT: {"using":"xpath","value":"//table[contains(@id, \"listView-innerSelectionPanelTable-listUl\")]/tbody/tr[22]/td[2]/div/div"}
COMMAND: POST /session/c5b1ef57caa26d27c0af8f03bb65535b/element - {"using":"xpath","value":"//table[contains(@id, \"listView-innerSelectionPanelTable-listUl\")]/tbody/tr[22]/td[2]/div"}
RESULT: {}
RESULT: {"using":"xpath","value":"//table[contains(@id, \"listView-innerSelectionPanelTable-listUl\")]/tbody/tr[22]/td[2]/div"}
COMMAND: POST /session/c5b1ef57caa26d27c0af8f03bb65535b/element - {"using":"xpath","value":"//table[contains(@id, \"listView-innerSelectionPanelTable-listUl\")]/tbody/tr[22]/td[3]/div/div/span/span[1]/bdi"}
RESULT: {"using":"xpath","value":"//table[contains(@id, \"listView-innerSelectionPanelTable-listUl\")]/tbody/tr[22]/td[3]/div/div/span/span[1]/bdi"}
COMMAND: POST /session/c5b1ef57caa26d27c0af8f03bb65535b/execute/sync - {"script":"<script> [56 bytes]","args":[{"element-6066-11e4-a52e-4f735466cecf":"f.FCC204B58DEBB53E51F41DDFA2FB85CF.d.229B58E2CE2BDA50F8D8B6E0B5EFBB5C.e.7916","ELEMENT":"f.FCC204B58DEBB53E51F41DDFA2FB85CF.d.229B58E2CE2BDA50F8D8B6E0B5EFBB5C.e.7916"}]}
RESULT: {"script":"<script> [56 bytes]","args":[{"element-6066-11e4-a52e-4f735466cecf":"f.FCC204B58DEBB53E51F41DDFA2FB85CF.d.229B58E2CE2BDA50F8D8B6E0B5EFBB5C.e.7916","ELEMENT":"f.FCC204B58DEBB53E51F41DDFA2FB85CF.d.229B58E2CE2BDA50F8D8B6E0B5EFBB5C.e.7916"}]}
COMMAND: GET /session/c5b1ef57caa26d27c0af8f03bb65535b/element/f.FCC204B58DEBB53E51F41DDFA2FB85CF.d.229B58E2CE2BDA50F8D8B6E0B5EFBB5C.e.7915/attribute/aria-checked - {}
COMMAND: GET /session/c5b1ef57caa26d27c0af8f03bb65535b/screenshot - {}
RESULT: {}
COMMAND: POST /session/c5b1ef57caa26d27c0af8f03bb65535b/element - {"using":"xpath","value":"//table[contains(@id, \"listView-innerSelectionPanelTable-listUl\")]/tbody/tr[23]/td[2]/div/div"}
RESULT: {}
RESULT: {"using":"xpath","value":"//table[contains(@id, \"listView-innerSelectionPanelTable-listUl\")]/tbody/tr[23]/td[2]/div/div"}
COMMAND: POST /session/c5b1ef57caa26d27c0af8f03bb65535b/element - {"using":"xpath","value":"//table[contains(@id, \"listView-innerSelectionPanelTable-listUl\")]/tbody/tr[23]/td[2]/div"}
RESULT: {"using":"xpath","value":"//table[contains(@id, \"listView-innerSelectionPanelTable-listUl\")]/tbody/tr[23]/td[2]/div"}
COMMAND: POST /session/c5b1ef57caa26d27c0af8f03bb65535b/element - {"using":"xpath","value":"//table[contains(@id, \"listView-innerSelectionPanelTable-listUl\")]/tbody/tr[23]/td[3]/div/div/span/span[1]/bdi"}
RESULT: {"using":"xpath","value":"//table[contains(@id, \"listView-innerSelectionPanelTable-listUl\")]/tbody/tr[23]/td[3]/div/div/span/span[1]/bdi"}
COMMAND: POST /session/c5b1ef57caa26d27c0af8f03bb65535b/execute/sync - {"script":"<script> [56 bytes]","args":[{"element-6066-11e4-a52e-4f735466cecf":"f.FCC204B58DEBB53E51F41DDFA2FB85CF.d.229B58E2CE2BDA50F8D8B6E0B5EFBB5C.e.7919","ELEMENT":"f.FCC204B58DEBB53E51F41DDFA2FB85CF.d.229B58E2CE2BDA50F8D8B6E0B5EFBB5C.e.7919"}]}
RESULT: {"script":"<script> [56 bytes]","args":[{"element-6066-11e4-a52e-4f735466cecf":"f.FCC204B58DEBB53E51F41DDFA2FB85CF.d.229B58E2CE2BDA50F8D8B6E0B5EFBB5C.e.7919","ELEMENT":"f.FCC204B58DEBB53E51F41DDFA2FB85CF.d.229B58E2CE2BDA50F8D8B6E0B5EFBB5C.e.7919"}]}
COMMAND: GET /session/c5b1ef57caa26d27c0af8f03bb65535b/element/f.FCC204B58DEBB53E51F41DDFA2FB85CF.d.229B58E2CE2BDA50F8D8B6E0B5EFBB5C.e.7918/attribute/aria-checked - {}
COMMAND: GET /session/c5b1ef57caa26d27c0af8f03bb65535b/screenshot - {}
RESULT: {}
COMMAND: POST /session/c5b1ef57caa26d27c0af8f03bb65535b/element - {"using":"xpath","value":"//table[contains(@id, \"listView-innerSelectionPanelTable-listUl\")]/tbody/tr[24]/td[2]/div/div"}
RESULT: {}
RESULT: {"using":"xpath","value":"//table[contains(@id, \"listView-innerSelectionPanelTable-listUl\")]/tbody/tr[24]/td[2]/div/div"}
COMMAND: POST /session/c5b1ef57caa26d27c0af8f03bb65535b/element - {"using":"xpath","value":"//table[contains(@id, \"listView-innerSelectionPanelTable-listUl\")]/tbody/tr[24]/td[2]/div"}
RESULT: {"using":"xpath","value":"//table[contains(@id, \"listView-innerSelectionPanelTable-listUl\")]/tbody/tr[24]/td[2]/div"}
COMMAND: POST /session/c5b1ef57caa26d27c0af8f03bb65535b/element - {"using":"xpath","value":"//table[contains(@id, \"listView-innerSelectionPanelTable-listUl\")]/tbody/tr[24]/td[3]/div/div/span/span[1]/bdi"}
RESULT: {"using":"xpath","value":"//table[contains(@id, \"listView-innerSelectionPanelTable-listUl\")]/tbody/tr[24]/td[3]/div/div/span/span[1]/bdi"}
COMMAND: POST /session/c5b1ef57caa26d27c0af8f03bb65535b/execute/sync - {"script":"<script> [56 bytes]","args":[{"element-6066-11e4-a52e-4f735466cecf":"f.FCC204B58DEBB53E51F41DDFA2FB85CF.d.229B58E2CE2BDA50F8D8B6E0B5EFBB5C.e.7922","ELEMENT":"f.FCC204B58DEBB53E51F41DDFA2FB85CF.d.229B58E2CE2BDA50F8D8B6E0B5EFBB5C.e.7922"}]}
RESULT: {"script":"<script> [56 bytes]","args":[{"element-6066-11e4-a52e-4f735466cecf":"f.FCC204B58DEBB53E51F41DDFA2FB85CF.d.229B58E2CE2BDA50F8D8B6E0B5EFBB5C.e.7922","ELEMENT":"f.FCC204B58DEBB53E51F41DDFA2FB85CF.d.229B58E2CE2BDA50F8D8B6E0B5EFBB5C.e.7922"}]}
COMMAND: GET /session/c5b1ef57caa26d27c0af8f03bb65535b/element/f.FCC204B58DEBB53E51F41DDFA2FB85CF.d.229B58E2CE2BDA50F8D8B6E0B5EFBB5C.e.7921/attribute/aria-checked - {}
COMMAND: GET /session/c5b1ef57caa26d27c0af8f03bb65535b/screenshot - {}
RESULT: {}
COMMAND: POST /session/c5b1ef57caa26d27c0af8f03bb65535b/element - {"using":"xpath","value":"//table[contains(@id, \"listView-innerSelectionPanelTable-listUl\")]/tbody/tr[25]/td[2]/div/div"}
RESULT: {}
RESULT: {"using":"xpath","value":"//table[contains(@id, \"listView-innerSelectionPanelTable-listUl\")]/tbody/tr[25]/td[2]/div/div"}
COMMAND: POST /session/c5b1ef57caa26d27c0af8f03bb65535b/element - {"using":"xpath","value":"//table[contains(@id, \"listView-innerSelectionPanelTable-listUl\")]/tbody/tr[25]/td[2]/div"}
RESULT: {"using":"xpath","value":"//table[contains(@id, \"listView-innerSelectionPanelTable-listUl\")]/tbody/tr[25]/td[2]/div"}
COMMAND: POST /session/c5b1ef57caa26d27c0af8f03bb65535b/element - {"using":"xpath","value":"//table[contains(@id, \"listView-innerSelectionPanelTable-listUl\")]/tbody/tr[25]/td[3]/div/div/span/span[1]/bdi"}
RESULT: {"using":"xpath","value":"//table[contains(@id, \"listView-innerSelectionPanelTable-listUl\")]/tbody/tr[25]/td[3]/div/div/span/span[1]/bdi"}
COMMAND: POST /session/c5b1ef57caa26d27c0af8f03bb65535b/execute/sync - {"script":"<script> [56 bytes]","args":[{"element-6066-11e4-a52e-4f735466cecf":"f.FCC204B58DEBB53E51F41DDFA2FB85CF.d.229B58E2CE2BDA50F8D8B6E0B5EFBB5C.e.7925","ELEMENT":"f.FCC204B58DEBB53E51F41DDFA2FB85CF.d.229B58E2CE2BDA50F8D8B6E0B5EFBB5C.e.7925"}]}
RESULT: {"script":"<script> [56 bytes]","args":[{"element-6066-11e4-a52e-4f735466cecf":"f.FCC204B58DEBB53E51F41DDFA2FB85CF.d.229B58E2CE2BDA50F8D8B6E0B5EFBB5C.e.7925","ELEMENT":"f.FCC204B58DEBB53E51F41DDFA2FB85CF.d.229B58E2CE2BDA50F8D8B6E0B5EFBB5C.e.7925"}]}
COMMAND: GET /session/c5b1ef57caa26d27c0af8f03bb65535b/element/f.FCC204B58DEBB53E51F41DDFA2FB85CF.d.229B58E2CE2BDA50F8D8B6E0B5EFBB5C.e.7924/attribute/aria-checked - {}
COMMAND: GET /session/c5b1ef57caa26d27c0af8f03bb65535b/screenshot - {}
RESULT: {}
COMMAND: POST /session/c5b1ef57caa26d27c0af8f03bb65535b/element - {"using":"xpath","value":"//bdi[contains(text(), \"OK\")]"}
RESULT: {}
RESULT: {"using":"xpath","value":"//bdi[contains(text(), \"OK\")]"}
COMMAND: POST /session/c5b1ef57caa26d27c0af8f03bb65535b/element/f.FCC204B58DEBB53E51F41DDFA2FB85CF.d.229B58E2CE2BDA50F8D8B6E0B5EFBB5C.e.7926/click - {}
RESULT: {}
COMMAND: GET /session/c5b1ef57caa26d27c0af8f03bb65535b/screenshot - {}
RESULT: {}
COMMAND: POST /session/c5b1ef57caa26d27c0af8f03bb65535b/execute/async - {"script":"<script> [1562 bytes]","args":[{"selector":{"id":"application-managepartners-display-component---masterPtm--smartFilterBar-filterItemControlA_-LINK_TO_ADDRESSES_MAIN.ID-vhi"},"wdio_ui5_key":"applicationmanagepartners-display-component---masterPtm--smartFilterBar-filterItemControlA_-LINK_TO_ADDRESSES_MAIN.ID-vhi"}]}
RESULT: {"script":"<script> [1562 bytes]","args":[{"selector":{"id":"application-managepartners-display-component---masterPtm--smartFilterBar-filterItemControlA_-LINK_TO_ADDRESSES_MAIN.ID-vhi"},"wdio_ui5_key":"applicationmanagepartners-display-component---masterPtm--smartFilterBar-filterItemControlA_-LINK_TO_ADDRESSES_MAIN.ID-vhi"}]}
RESULT: undefined
COMMAND: POST /session/c5b1ef57caa26d27c0af8f03bb65535b/element - {"using":"xpath","value":"//*[@id=\"application-managepartners-display-component---masterPtm--smartFilterBar-filterItemControlA_-LINK_TO_ADDRESSES_MAIN.ID-vhi\"]"}
RESULT: {"using":"xpath","value":"//*[@id=\"application-managepartners-display-component---masterPtm--smartFilterBar-filterItemControlA_-LINK_TO_ADDRESSES_MAIN.ID-vhi\"]"}
COMMAND: POST /session/c5b1ef57caa26d27c0af8f03bb65535b/element/f.FCC204B58DEBB53E51F41DDFA2FB85CF.d.229B58E2CE2BDA50F8D8B6E0B5EFBB5C.e.7939/click - {}
RESULT: {}
COMMAND: GET /session/c5b1ef57caa26d27c0af8f03bb65535b/screenshot - {}
RESULT: {}
COMMAND: POST /session/c5b1ef57caa26d27c0af8f03bb65535b/element - {"using":"xpath","value":"//div[input[@value=\"contains\"]]//span[contains(@id, \"arrow\")]"}
RESULT: {"using":"xpath","value":"//div[input[@value=\"contains\"]]//span[contains(@id, \"arrow\")]"}
COMMAND: POST /session/c5b1ef57caa26d27c0af8f03bb65535b/element/f.FCC204B58DEBB53E51F41DDFA2FB85CF.d.229B58E2CE2BDA50F8D8B6E0B5EFBB5C.e.7944/click - {}
RESULT: {}
COMMAND: GET /session/c5b1ef57caa26d27c0af8f03bb65535b/screenshot - {}
RESULT: {}
COMMAND: POST /session/c5b1ef57caa26d27c0af8f03bb65535b/element - {"using":"xpath","value":"//li[.//span[text()='equal to']]"}
RESULT: {"using":"xpath","value":"//li[.//span[text()='equal to']]"}
COMMAND: POST /session/c5b1ef57caa26d27c0af8f03bb65535b/element/f.FCC204B58DEBB53E51F41DDFA2FB85CF.d.229B58E2CE2BDA50F8D8B6E0B5EFBB5C.e.7945/click - {}
RESULT: {}
COMMAND: GET /session/c5b1ef57caa26d27c0af8f03bb65535b/screenshot - {}
RESULT: {}
RESULT: undefined
COMMAND: POST /session/c5b1ef57caa26d27c0af8f03bb65535b/execute/async - {"script":"<script> [776 bytes]","args":[{"enterText":"1006","selector":{"controlType":"sap.m.Input","viewName":"etm.portal.ui.managepartners.view.Master","viewId":"application-managepartners-display-component---masterPtm","properties":{"valueState":"None"},"searchOpenDialogs":true,"interaction":{"idSuffix":"inner"}},"clearTextFirst":true,"interactionType":"ENTER_TEXT"}]}
RESULT: {"script":"<script> [776 bytes]","args":[{"enterText":"1006","selector":{"controlType":"sap.m.Input","viewName":"etm.portal.ui.managepartners.view.Master","viewId":"application-managepartners-display-component---masterPtm","properties":{"valueState":"None"},"searchOpenDialogs":true,"interaction":{"idSuffix":"inner"}},"clearTextFirst":true,"interactionType":"ENTER_TEXT"}]}
COMMAND: POST /session/c5b1ef57caa26d27c0af8f03bb65535b/actions - {"actions":[{"id":"action22","type":"key","parameters":{},"actions":[{"type":"keyDown","value":"î€‡"},{"type":"pause","duration":10},{"type":"keyUp","value":"î€‡"}]}]}
RESULT: {"actions":[{"id":"action22","type":"key","parameters":{},"actions":[{"type":"keyDown","value":"î€‡"},{"type":"pause","duration":10},{"type":"keyUp","value":"î€‡"}]}]}
COMMAND: GET /session/c5b1ef57caa26d27c0af8f03bb65535b/screenshot - {}
RESULT: {}
COMMAND: POST /session/c5b1ef57caa26d27c0af8f03bb65535b/element - {"using":"xpath","value":"(//bdi[contains(text(), \"OK\")])[1]"}
RESULT: {"using":"xpath","value":"(//bdi[contains(text(), \"OK\")])[1]"}
COMMAND: POST /session/c5b1ef57caa26d27c0af8f03bb65535b/element/f.FCC204B58DEBB53E51F41DDFA2FB85CF.d.229B58E2CE2BDA50F8D8B6E0B5EFBB5C.e.7946/click - {}
RESULT: {}
COMMAND: GET /session/c5b1ef57caa26d27c0af8f03bb65535b/screenshot - {}
RESULT: {}
COMMAND: POST /session/c5b1ef57caa26d27c0af8f03bb65535b/element - {"using":"xpath","value":"//span[@id=\"application-managepartners-display-component---masterPtm--smartTable-header-inner\"]"}
RESULT: {"using":"xpath","value":"//span[@id=\"application-managepartners-display-component---masterPtm--smartTable-header-inner\"]"}
COMMAND: POST /session/c5b1ef57caa26d27c0af8f03bb65535b/elements - {"using":"xpath","value":"//span[@id=\"application-managepartners-display-component---masterPtm--smartTable-header-inner\"]"}
RESULT: {"using":"xpath","value":"//span[@id=\"application-managepartners-display-component---masterPtm--smartTable-header-inner\"]"}
COMMAND: POST /session/c5b1ef57caa26d27c0af8f03bb65535b/execute/sync - {"script":"<script> [56 bytes]","args":[{"element-6066-11e4-a52e-4f735466cecf":"f.FCC204B58DEBB53E51F41DDFA2FB85CF.d.229B58E2CE2BDA50F8D8B6E0B5EFBB5C.e.7784","ELEMENT":"f.FCC204B58DEBB53E51F41DDFA2FB85CF.d.229B58E2CE2BDA50F8D8B6E0B5EFBB5C.e.7784"}]}
RESULT: {"script":"<script> [56 bytes]","args":[{"element-6066-11e4-a52e-4f735466cecf":"f.FCC204B58DEBB53E51F41DDFA2FB85CF.d.229B58E2CE2BDA50F8D8B6E0B5EFBB5C.e.7784","ELEMENT":"f.FCC204B58DEBB53E51F41DDFA2FB85CF.d.229B58E2CE2BDA50F8D8B6E0B5EFBB5C.e.7784"}]}
COMMAND: POST /session/c5b1ef57caa26d27c0af8f03bb65535b/element - {"using":"xpath","value":"//span[contains(@title, \"Remove\")]"}
COMMAND: GET /session/c5b1ef57caa26d27c0af8f03bb65535b/screenshot - {}
RESULT: {"using":"xpath","value":"//span[contains(@title, \"Remove\")]"}
COMMAND: POST /session/c5b1ef57caa26d27c0af8f03bb65535b/element/f.FCC204B58DEBB53E51F41DDFA2FB85CF.d.229B58E2CE2BDA50F8D8B6E0B5EFBB5C.e.7950/click - {}
RESULT: {}
RESULT: {}
COMMAND: GET /session/c5b1ef57caa26d27c0af8f03bb65535b/screenshot - {}
RESULT: {}
RESULT: undefined
COMMAND: POST /session/c5b1ef57caa26d27c0af8f03bb65535b/element - {"using":"xpath","value":"//*[@id=\"application-managepartners-display-component---masterPtm--smartFilterBar-filterItemControl_BASIC-YARD-vhi\"]"}
RESULT: {"using":"xpath","value":"//*[@id=\"application-managepartners-display-component---masterPtm--smartFilterBar-filterItemControl_BASIC-YARD-vhi\"]"}
COMMAND: POST /session/c5b1ef57caa26d27c0af8f03bb65535b/element/f.FCC204B58DEBB53E51F41DDFA2FB85CF.d.229B58E2CE2BDA50F8D8B6E0B5EFBB5C.e.8056/click - {}
RESULT: {}
COMMAND: GET /session/c5b1ef57caa26d27c0af8f03bb65535b/screenshot - {}
RESULT: {}
RESULT: undefined
COMMAND: POST /session/c5b1ef57caa26d27c0af8f03bb65535b/execute/async - {"script":"<script> [776 bytes]","args":[{"enterText":"Test","selector":{"id":"application-managepartners-display-component---masterPtm--smartFilterBar-filterItemControl_BASIC-YARD-valueHelpDialog-smartFilterBar-btnBasicSearch","searchOpenDialogs":true,"interaction":{"idSuffix":"I"}},"clearTextFirst":true,"interactionType":"ENTER_TEXT"}]}
RESULT: {"script":"<script> [776 bytes]","args":[{"enterText":"Test","selector":{"id":"application-managepartners-display-component---masterPtm--smartFilterBar-filterItemControl_BASIC-YARD-valueHelpDialog-smartFilterBar-btnBasicSearch","searchOpenDialogs":true,"interaction":{"idSuffix":"I"}},"clearTextFirst":true,"interactionType":"ENTER_TEXT"}]}
COMMAND: POST /session/c5b1ef57caa26d27c0af8f03bb65535b/actions - {"actions":[{"id":"action23","type":"key","parameters":{},"actions":[{"type":"keyDown","value":"î€‡"},{"type":"pause","duration":10},{"type":"keyUp","value":"î€‡"}]}]}
RESULT: {"actions":[{"id":"action23","type":"key","parameters":{},"actions":[{"type":"keyDown","value":"î€‡"},{"type":"pause","duration":10},{"type":"keyUp","value":"î€‡"}]}]}
COMMAND: POST /session/c5b1ef57caa26d27c0af8f03bb65535b/elements - {"using":"xpath","value":"//table[contains(@id, \"smartFilterBar-filterItemControl_BASIC-YARD-valueHelpDialog-table-table\")]/tbody/tr"}
COMMAND: GET /session/c5b1ef57caa26d27c0af8f03bb65535b/screenshot - {}
RESULT: {"using":"xpath","value":"//table[contains(@id, \"smartFilterBar-filterItemControl_BASIC-YARD-valueHelpDialog-table-table\")]/tbody/tr"}
COMMAND: POST /session/c5b1ef57caa26d27c0af8f03bb65535b/element - {"using":"xpath","value":"//table[contains(@id, \"smartFilterBar-filterItemControl_BASIC-YARD-valueHelpDialog-table-table\")]/tbody/tr[1]/td[1]/div/span"}
RESULT: {}
RESULT: {"using":"xpath","value":"//table[contains(@id, \"smartFilterBar-filterItemControl_BASIC-YARD-valueHelpDialog-table-table\")]/tbody/tr[1]/td[1]/div/span"}
COMMAND: POST /session/c5b1ef57caa26d27c0af8f03bb65535b/elements - {"using":"xpath","value":"//table[contains(@id, \"smartFilterBar-filterItemControl_BASIC-YARD-valueHelpDialog-table-table\")]/tbody/tr[1]/td[1]/div/span"}
RESULT: {"using":"xpath","value":"//table[contains(@id, \"smartFilterBar-filterItemControl_BASIC-YARD-valueHelpDialog-table-table\")]/tbody/tr[1]/td[1]/div/span"}
COMMAND: POST /session/c5b1ef57caa26d27c0af8f03bb65535b/execute/sync - {"script":"<script> [56 bytes]","args":[{"element-6066-11e4-a52e-4f735466cecf":"f.FCC204B58DEBB53E51F41DDFA2FB85CF.d.229B58E2CE2BDA50F8D8B6E0B5EFBB5C.e.8076","ELEMENT":"f.FCC204B58DEBB53E51F41DDFA2FB85CF.d.229B58E2CE2BDA50F8D8B6E0B5EFBB5C.e.8076"}]}
RESULT: {"script":"<script> [56 bytes]","args":[{"element-6066-11e4-a52e-4f735466cecf":"f.FCC204B58DEBB53E51F41DDFA2FB85CF.d.229B58E2CE2BDA50F8D8B6E0B5EFBB5C.e.8076","ELEMENT":"f.FCC204B58DEBB53E51F41DDFA2FB85CF.d.229B58E2CE2BDA50F8D8B6E0B5EFBB5C.e.8076"}]}
COMMAND: POST /session/c5b1ef57caa26d27c0af8f03bb65535b/element - {"using":"xpath","value":"//table[contains(@id, \"smartFilterBar-filterItemControl_BASIC-YARD-valueHelpDialog-table-table\")]/tbody/tr[2]/td[1]/div/span"}
COMMAND: GET /session/c5b1ef57caa26d27c0af8f03bb65535b/screenshot - {}
RESULT: {"using":"xpath","value":"//table[contains(@id, \"smartFilterBar-filterItemControl_BASIC-YARD-valueHelpDialog-table-table\")]/tbody/tr[2]/td[1]/div/span"}
COMMAND: POST /session/c5b1ef57caa26d27c0af8f03bb65535b/elements - {"using":"xpath","value":"//table[contains(@id, \"smartFilterBar-filterItemControl_BASIC-YARD-valueHelpDialog-table-table\")]/tbody/tr[2]/td[1]/div/span"}
RESULT: {}
RESULT: {"using":"xpath","value":"//table[contains(@id, \"smartFilterBar-filterItemControl_BASIC-YARD-valueHelpDialog-table-table\")]/tbody/tr[2]/td[1]/div/span"}
COMMAND: POST /session/c5b1ef57caa26d27c0af8f03bb65535b/execute/sync - {"script":"<script> [56 bytes]","args":[{"element-6066-11e4-a52e-4f735466cecf":"f.FCC204B58DEBB53E51F41DDFA2FB85CF.d.229B58E2CE2BDA50F8D8B6E0B5EFBB5C.e.8077","ELEMENT":"f.FCC204B58DEBB53E51F41DDFA2FB85CF.d.229B58E2CE2BDA50F8D8B6E0B5EFBB5C.e.8077"}]}
RESULT: {"script":"<script> [56 bytes]","args":[{"element-6066-11e4-a52e-4f735466cecf":"f.FCC204B58DEBB53E51F41DDFA2FB85CF.d.229B58E2CE2BDA50F8D8B6E0B5EFBB5C.e.8077","ELEMENT":"f.FCC204B58DEBB53E51F41DDFA2FB85CF.d.229B58E2CE2BDA50F8D8B6E0B5EFBB5C.e.8077"}]}
COMMAND: POST /session/c5b1ef57caa26d27c0af8f03bb65535b/element - {"using":"xpath","value":"//table[contains(@id, \"smartFilterBar-filterItemControl_BASIC-YARD-valueHelpDialog-table-table\")]/tbody/tr[3]/td[1]/div/span"}
COMMAND: GET /session/c5b1ef57caa26d27c0af8f03bb65535b/screenshot - {}
RESULT: {"using":"xpath","value":"//table[contains(@id, \"smartFilterBar-filterItemControl_BASIC-YARD-valueHelpDialog-table-table\")]/tbody/tr[3]/td[1]/div/span"}
COMMAND: POST /session/c5b1ef57caa26d27c0af8f03bb65535b/elements - {"using":"xpath","value":"//table[contains(@id, \"smartFilterBar-filterItemControl_BASIC-YARD-valueHelpDialog-table-table\")]/tbody/tr[3]/td[1]/div/span"}
RESULT: {}
RESULT: {"using":"xpath","value":"//table[contains(@id, \"smartFilterBar-filterItemControl_BASIC-YARD-valueHelpDialog-table-table\")]/tbody/tr[3]/td[1]/div/span"}
COMMAND: POST /session/c5b1ef57caa26d27c0af8f03bb65535b/execute/sync - {"script":"<script> [56 bytes]","args":[{"element-6066-11e4-a52e-4f735466cecf":"f.FCC204B58DEBB53E51F41DDFA2FB85CF.d.229B58E2CE2BDA50F8D8B6E0B5EFBB5C.e.8078","ELEMENT":"f.FCC204B58DEBB53E51F41DDFA2FB85CF.d.229B58E2CE2BDA50F8D8B6E0B5EFBB5C.e.8078"}]}
RESULT: {"script":"<script> [56 bytes]","args":[{"element-6066-11e4-a52e-4f735466cecf":"f.FCC204B58DEBB53E51F41DDFA2FB85CF.d.229B58E2CE2BDA50F8D8B6E0B5EFBB5C.e.8078","ELEMENT":"f.FCC204B58DEBB53E51F41DDFA2FB85CF.d.229B58E2CE2BDA50F8D8B6E0B5EFBB5C.e.8078"}]}
COMMAND: POST /session/c5b1ef57caa26d27c0af8f03bb65535b/element - {"using":"xpath","value":"//div[contains(@id, \"filterItemControl_BASIC-YARD-valueHelpDialog-table-rowsel2\")]"}
COMMAND: GET /session/c5b1ef57caa26d27c0af8f03bb65535b/screenshot - {}
RESULT: {"using":"xpath","value":"//div[contains(@id, \"filterItemControl_BASIC-YARD-valueHelpDialog-table-rowsel2\")]"}
COMMAND: POST /session/c5b1ef57caa26d27c0af8f03bb65535b/element/f.FCC204B58DEBB53E51F41DDFA2FB85CF.d.229B58E2CE2BDA50F8D8B6E0B5EFBB5C.e.8079/click - {}
RESULT: {}
RESULT: {}
COMMAND: GET /session/c5b1ef57caa26d27c0af8f03bb65535b/screenshot - {}
RESULT: {}
COMMAND: POST /session/c5b1ef57caa26d27c0af8f03bb65535b/element - {"using":"xpath","value":"(//bdi[contains(text(), \"OK\")])[1]"}
RESULT: {"using":"xpath","value":"(//bdi[contains(text(), \"OK\")])[1]"}
COMMAND: POST /session/c5b1ef57caa26d27c0af8f03bb65535b/element/f.FCC204B58DEBB53E51F41DDFA2FB85CF.d.229B58E2CE2BDA50F8D8B6E0B5EFBB5C.e.8081/click - {}
RESULT: {}
COMMAND: GET /session/c5b1ef57caa26d27c0af8f03bb65535b/screenshot - {}
RESULT: {}
COMMAND: POST /session/c5b1ef57caa26d27c0af8f03bb65535b/element - {"using":"xpath","value":"//span[@id=\"application-managepartners-display-component---masterPtm--smartTable-header-inner\"]"}
RESULT: {"using":"xpath","value":"//span[@id=\"application-managepartners-display-component---masterPtm--smartTable-header-inner\"]"}
COMMAND: POST /session/c5b1ef57caa26d27c0af8f03bb65535b/elements - {"using":"xpath","value":"//span[@id=\"application-managepartners-display-component---masterPtm--smartTable-header-inner\"]"}
RESULT: {"using":"xpath","value":"//span[@id=\"application-managepartners-display-component---masterPtm--smartTable-header-inner\"]"}
COMMAND: POST /session/c5b1ef57caa26d27c0af8f03bb65535b/execute/sync - {"script":"<script> [56 bytes]","args":[{"element-6066-11e4-a52e-4f735466cecf":"f.FCC204B58DEBB53E51F41DDFA2FB85CF.d.229B58E2CE2BDA50F8D8B6E0B5EFBB5C.e.7784","ELEMENT":"f.FCC204B58DEBB53E51F41DDFA2FB85CF.d.229B58E2CE2BDA50F8D8B6E0B5EFBB5C.e.7784"}]}
RESULT: {"script":"<script> [56 bytes]","args":[{"element-6066-11e4-a52e-4f735466cecf":"f.FCC204B58DEBB53E51F41DDFA2FB85CF.d.229B58E2CE2BDA50F8D8B6E0B5EFBB5C.e.7784","ELEMENT":"f.FCC204B58DEBB53E51F41DDFA2FB85CF.d.229B58E2CE2BDA50F8D8B6E0B5EFBB5C.e.7784"}]}
COMMAND: POST /session/c5b1ef57caa26d27c0af8f03bb65535b/element - {"using":"xpath","value":"//span[contains(@title, \"Remove\")]"}
COMMAND: GET /session/c5b1ef57caa26d27c0af8f03bb65535b/screenshot - {}
RESULT: {"using":"xpath","value":"//span[contains(@title, \"Remove\")]"}
COMMAND: POST /session/c5b1ef57caa26d27c0af8f03bb65535b/element/f.FCC204B58DEBB53E51F41DDFA2FB85CF.d.229B58E2CE2BDA50F8D8B6E0B5EFBB5C.e.8094/click - {}
RESULT: {}
RESULT: {}
COMMAND: GET /session/c5b1ef57caa26d27c0af8f03bb65535b/screenshot - {}
RESULT: {}
RESULT: undefined
COMMAND: POST /session/c5b1ef57caa26d27c0af8f03bb65535b/element - {"using":"xpath","value":"//*[@id=\"application-managepartners-display-component---masterPtm--smartFilterBar-filterItemControl_BASIC-MAIN_ADDRESS-vhi\"]"}
RESULT: {"using":"xpath","value":"//*[@id=\"application-managepartners-display-component---masterPtm--smartFilterBar-filterItemControl_BASIC-MAIN_ADDRESS-vhi\"]"}
COMMAND: POST /session/c5b1ef57caa26d27c0af8f03bb65535b/element/f.FCC204B58DEBB53E51F41DDFA2FB85CF.d.229B58E2CE2BDA50F8D8B6E0B5EFBB5C.e.8203/click - {}
RESULT: {}
COMMAND: GET /session/c5b1ef57caa26d27c0af8f03bb65535b/screenshot - {}
RESULT: {}
RESULT: undefined
COMMAND: POST /session/c5b1ef57caa26d27c0af8f03bb65535b/execute/async - {"script":"<script> [776 bytes]","args":[{"enterText":"Romania","selector":{"id":"application-managepartners-display-component---masterPtm--smartFilterBar-filterItemControl_BASIC-MAIN_ADDRESS-valueHelpDialog-smartFilterBar-btnBasicSearch","searchOpenDialogs":true,"interaction":{"idSuffix":"I"}},"clearTextFirst":true,"interactionType":"ENTER_TEXT"}]}
RESULT: {"script":"<script> [776 bytes]","args":[{"enterText":"Romania","selector":{"id":"application-managepartners-display-component---masterPtm--smartFilterBar-filterItemControl_BASIC-MAIN_ADDRESS-valueHelpDialog-smartFilterBar-btnBasicSearch","searchOpenDialogs":true,"interaction":{"idSuffix":"I"}},"clearTextFirst":true,"interactionType":"ENTER_TEXT"}]}
COMMAND: POST /session/c5b1ef57caa26d27c0af8f03bb65535b/actions - {"actions":[{"id":"action24","type":"key","parameters":{},"actions":[{"type":"keyDown","value":"î€‡"},{"type":"pause","duration":10},{"type":"keyUp","value":"î€‡"}]}]}
RESULT: {"actions":[{"id":"action24","type":"key","parameters":{},"actions":[{"type":"keyDown","value":"î€‡"},{"type":"pause","duration":10},{"type":"keyUp","value":"î€‡"}]}]}
COMMAND: POST /session/c5b1ef57caa26d27c0af8f03bb65535b/elements - {"using":"xpath","value":"//table[contains(@id, \"smartFilterBar-filterItemControl_BASIC-MAIN_ADDRESS-valueHelpDialog-table-table\")]/tbody/tr"}
COMMAND: GET /session/c5b1ef57caa26d27c0af8f03bb65535b/screenshot - {}
RESULT: {"using":"xpath","value":"//table[contains(@id, \"smartFilterBar-filterItemControl_BASIC-MAIN_ADDRESS-valueHelpDialog-table-table\")]/tbody/tr"}
COMMAND: POST /session/c5b1ef57caa26d27c0af8f03bb65535b/element - {"using":"xpath","value":"//table[contains(@id, \"smartFilterBar-filterItemControl_BASIC-MAIN_ADDRESS-valueHelpDialog-table-table\")]/tbody/tr[1]/td[1]/div/span"}
RESULT: {}
RESULT: {"using":"xpath","value":"//table[contains(@id, \"smartFilterBar-filterItemControl_BASIC-MAIN_ADDRESS-valueHelpDialog-table-table\")]/tbody/tr[1]/td[1]/div/span"}
COMMAND: POST /session/c5b1ef57caa26d27c0af8f03bb65535b/elements - {"using":"xpath","value":"//table[contains(@id, \"smartFilterBar-filterItemControl_BASIC-MAIN_ADDRESS-valueHelpDialog-table-table\")]/tbody/tr[1]/td[1]/div/span"}
RESULT: {"using":"xpath","value":"//table[contains(@id, \"smartFilterBar-filterItemControl_BASIC-MAIN_ADDRESS-valueHelpDialog-table-table\")]/tbody/tr[1]/td[1]/div/span"}
COMMAND: POST /session/c5b1ef57caa26d27c0af8f03bb65535b/execute/sync - {"script":"<script> [56 bytes]","args":[{"element-6066-11e4-a52e-4f735466cecf":"f.FCC204B58DEBB53E51F41DDFA2FB85CF.d.229B58E2CE2BDA50F8D8B6E0B5EFBB5C.e.8224","ELEMENT":"f.FCC204B58DEBB53E51F41DDFA2FB85CF.d.229B58E2CE2BDA50F8D8B6E0B5EFBB5C.e.8224"}]}
RESULT: {"script":"<script> [56 bytes]","args":[{"element-6066-11e4-a52e-4f735466cecf":"f.FCC204B58DEBB53E51F41DDFA2FB85CF.d.229B58E2CE2BDA50F8D8B6E0B5EFBB5C.e.8224","ELEMENT":"f.FCC204B58DEBB53E51F41DDFA2FB85CF.d.229B58E2CE2BDA50F8D8B6E0B5EFBB5C.e.8224"}]}
COMMAND: POST /session/c5b1ef57caa26d27c0af8f03bb65535b/element - {"using":"xpath","value":"//div[contains(@id, \"filterItemControl_BASIC-MAIN_ADDRESS-valueHelpDialog-table-rowsel0\")]"}
COMMAND: GET /session/c5b1ef57caa26d27c0af8f03bb65535b/screenshot - {}
RESULT: {"using":"xpath","value":"//div[contains(@id, \"filterItemControl_BASIC-MAIN_ADDRESS-valueHelpDialog-table-rowsel0\")]"}
COMMAND: POST /session/c5b1ef57caa26d27c0af8f03bb65535b/element/f.FCC204B58DEBB53E51F41DDFA2FB85CF.d.229B58E2CE2BDA50F8D8B6E0B5EFBB5C.e.8225/click - {}
RESULT: {}
RESULT: {}
COMMAND: GET /session/c5b1ef57caa26d27c0af8f03bb65535b/screenshot - {}
RESULT: {}
COMMAND: POST /session/c5b1ef57caa26d27c0af8f03bb65535b/element - {"using":"xpath","value":"(//bdi[contains(text(), \"OK\")])[1]"}
RESULT: {"using":"xpath","value":"(//bdi[contains(text(), \"OK\")])[1]"}
COMMAND: POST /session/c5b1ef57caa26d27c0af8f03bb65535b/element/f.FCC204B58DEBB53E51F41DDFA2FB85CF.d.229B58E2CE2BDA50F8D8B6E0B5EFBB5C.e.8227/click - {}
RESULT: {}
COMMAND: GET /session/c5b1ef57caa26d27c0af8f03bb65535b/screenshot - {}
RESULT: {}
COMMAND: POST /session/c5b1ef57caa26d27c0af8f03bb65535b/element - {"using":"xpath","value":"//span[@id=\"application-managepartners-display-component---masterPtm--smartTable-header-inner\"]"}
RESULT: {"using":"xpath","value":"//span[@id=\"application-managepartners-display-component---masterPtm--smartTable-header-inner\"]"}
COMMAND: POST /session/c5b1ef57caa26d27c0af8f03bb65535b/elements - {"using":"xpath","value":"//span[@id=\"application-managepartners-display-component---masterPtm--smartTable-header-inner\"]"}
RESULT: {"using":"xpath","value":"//span[@id=\"application-managepartners-display-component---masterPtm--smartTable-header-inner\"]"}
COMMAND: POST /session/c5b1ef57caa26d27c0af8f03bb65535b/execute/sync - {"script":"<script> [56 bytes]","args":[{"element-6066-11e4-a52e-4f735466cecf":"f.FCC204B58DEBB53E51F41DDFA2FB85CF.d.229B58E2CE2BDA50F8D8B6E0B5EFBB5C.e.7784","ELEMENT":"f.FCC204B58DEBB53E51F41DDFA2FB85CF.d.229B58E2CE2BDA50F8D8B6E0B5EFBB5C.e.7784"}]}
RESULT: {"script":"<script> [56 bytes]","args":[{"element-6066-11e4-a52e-4f735466cecf":"f.FCC204B58DEBB53E51F41DDFA2FB85CF.d.229B58E2CE2BDA50F8D8B6E0B5EFBB5C.e.7784","ELEMENT":"f.FCC204B58DEBB53E51F41DDFA2FB85CF.d.229B58E2CE2BDA50F8D8B6E0B5EFBB5C.e.7784"}]}
COMMAND: POST /session/c5b1ef57caa26d27c0af8f03bb65535b/element - {"using":"xpath","value":"//span[contains(@title, \"Remove\")]"}
COMMAND: GET /session/c5b1ef57caa26d27c0af8f03bb65535b/screenshot - {}
RESULT: {"using":"xpath","value":"//span[contains(@title, \"Remove\")]"}
COMMAND: POST /session/c5b1ef57caa26d27c0af8f03bb65535b/element/f.FCC204B58DEBB53E51F41DDFA2FB85CF.d.229B58E2CE2BDA50F8D8B6E0B5EFBB5C.e.8240/click - {}
RESULT: {}
RESULT: {}
COMMAND: GET /session/c5b1ef57caa26d27c0af8f03bb65535b/screenshot - {}
RESULT: {}
COMMAND: POST /session/c5b1ef57caa26d27c0af8f03bb65535b/execute/async - {"script":"<script> [1562 bytes]","args":[{"selector":{"id":"application-managepartners-display-component---masterPtm--catalogs-arrow"},"wdio_ui5_key":"applicationmanagepartners-display-component---masterPtm--catalogs-arrow"}]}
RESULT: {"script":"<script> [1562 bytes]","args":[{"selector":{"id":"application-managepartners-display-component---masterPtm--catalogs-arrow"},"wdio_ui5_key":"applicationmanagepartners-display-component---masterPtm--catalogs-arrow"}]}
RESULT: undefined
COMMAND: POST /session/c5b1ef57caa26d27c0af8f03bb65535b/element - {"using":"xpath","value":"//*[@id=\"application-managepartners-display-component---masterPtm--catalogs-arrow\"]"}
RESULT: {"using":"xpath","value":"//*[@id=\"application-managepartners-display-component---masterPtm--catalogs-arrow\"]"}
COMMAND: POST /session/c5b1ef57caa26d27c0af8f03bb65535b/element/f.FCC204B58DEBB53E51F41DDFA2FB85CF.d.229B58E2CE2BDA50F8D8B6E0B5EFBB5C.e.8343/click - {}
RESULT: {}
COMMAND: GET /session/c5b1ef57caa26d27c0af8f03bb65535b/screenshot - {}
RESULT: {}
COMMAND: POST /session/c5b1ef57caa26d27c0af8f03bb65535b/element - {"using":"xpath","value":"//li[.//span[text()=\"Webshop Catalog\"]]//div[contains(@class,\"sapMCbBg\")]"}
RESULT: {"using":"xpath","value":"//li[.//span[text()=\"Webshop Catalog\"]]//div[contains(@class,\"sapMCbBg\")]"}
COMMAND: POST /session/c5b1ef57caa26d27c0af8f03bb65535b/element/f.FCC204B58DEBB53E51F41DDFA2FB85CF.d.229B58E2CE2BDA50F8D8B6E0B5EFBB5C.e.8355/click - {}
RESULT: {}
COMMAND: GET /session/c5b1ef57caa26d27c0af8f03bb65535b/screenshot - {}
RESULT: {}
RESULT: undefined
COMMAND: POST /session/c5b1ef57caa26d27c0af8f03bb65535b/element - {"using":"xpath","value":"//*[@id=\"application-managepartners-display-component---masterPtm--catalogs-arrow\"]"}
RESULT: {"using":"xpath","value":"//*[@id=\"application-managepartners-display-component---masterPtm--catalogs-arrow\"]"}
COMMAND: POST /session/c5b1ef57caa26d27c0af8f03bb65535b/element/f.FCC204B58DEBB53E51F41DDFA2FB85CF.d.229B58E2CE2BDA50F8D8B6E0B5EFBB5C.e.8343/click - {}
RESULT: {}
COMMAND: POST /session/c5b1ef57caa26d27c0af8f03bb65535b/element - {"using":"xpath","value":"//span[@id=\"application-managepartners-display-component---masterPtm--smartTable-header-inner\"]"}
COMMAND: GET /session/c5b1ef57caa26d27c0af8f03bb65535b/screenshot - {}
RESULT: {"using":"xpath","value":"//span[@id=\"application-managepartners-display-component---masterPtm--smartTable-header-inner\"]"}
COMMAND: POST /session/c5b1ef57caa26d27c0af8f03bb65535b/elements - {"using":"xpath","value":"//span[@id=\"application-managepartners-display-component---masterPtm--smartTable-header-inner\"]"}
RESULT: {}
RESULT: {"using":"xpath","value":"//span[@id=\"application-managepartners-display-component---masterPtm--smartTable-header-inner\"]"}
COMMAND: POST /session/c5b1ef57caa26d27c0af8f03bb65535b/execute/sync - {"script":"<script> [56 bytes]","args":[{"element-6066-11e4-a52e-4f735466cecf":"f.FCC204B58DEBB53E51F41DDFA2FB85CF.d.229B58E2CE2BDA50F8D8B6E0B5EFBB5C.e.7784","ELEMENT":"f.FCC204B58DEBB53E51F41DDFA2FB85CF.d.229B58E2CE2BDA50F8D8B6E0B5EFBB5C.e.7784"}]}
RESULT: {"script":"<script> [56 bytes]","args":[{"element-6066-11e4-a52e-4f735466cecf":"f.FCC204B58DEBB53E51F41DDFA2FB85CF.d.229B58E2CE2BDA50F8D8B6E0B5EFBB5C.e.7784","ELEMENT":"f.FCC204B58DEBB53E51F41DDFA2FB85CF.d.229B58E2CE2BDA50F8D8B6E0B5EFBB5C.e.7784"}]}
COMMAND: POST /session/c5b1ef57caa26d27c0af8f03bb65535b/element - {"using":"xpath","value":"//span[contains(@title, \"Remove\")]"}
COMMAND: GET /session/c5b1ef57caa26d27c0af8f03bb65535b/screenshot - {}
RESULT: {"using":"xpath","value":"//span[contains(@title, \"Remove\")]"}
COMMAND: POST /session/c5b1ef57caa26d27c0af8f03bb65535b/element/f.FCC204B58DEBB53E51F41DDFA2FB85CF.d.229B58E2CE2BDA50F8D8B6E0B5EFBB5C.e.8371/click - {}
RESULT: {}
RESULT: {}
COMMAND: GET /session/c5b1ef57caa26d27c0af8f03bb65535b/screenshot - {}
RESULT: {}
COMMAND: POST /session/c5b1ef57caa26d27c0af8f03bb65535b/execute/async - {"script":"<script> [1562 bytes]","args":[{"selector":{"id":"application-managepartners-display-component---masterPtm--currencies-arrow"},"wdio_ui5_key":"applicationmanagepartners-display-component---masterPtm--currencies-arrow"}]}
RESULT: {"script":"<script> [1562 bytes]","args":[{"selector":{"id":"application-managepartners-display-component---masterPtm--currencies-arrow"},"wdio_ui5_key":"applicationmanagepartners-display-component---masterPtm--currencies-arrow"}]}
RESULT: undefined
COMMAND: POST /session/c5b1ef57caa26d27c0af8f03bb65535b/element - {"using":"xpath","value":"//*[@id=\"application-managepartners-display-component---masterPtm--currencies-arrow\"]"}
RESULT: {"using":"xpath","value":"//*[@id=\"application-managepartners-display-component---masterPtm--currencies-arrow\"]"}
COMMAND: POST /session/c5b1ef57caa26d27c0af8f03bb65535b/element/f.FCC204B58DEBB53E51F41DDFA2FB85CF.d.229B58E2CE2BDA50F8D8B6E0B5EFBB5C.e.8419/click - {}
RESULT: {}
COMMAND: GET /session/c5b1ef57caa26d27c0af8f03bb65535b/screenshot - {}
RESULT: {}
COMMAND: POST /session/c5b1ef57caa26d27c0af8f03bb65535b/element - {"using":"xpath","value":"//li[.//span[text()=\"US Dollar\"]]//div[contains(@class,\"sapMCbBg\")]"}
RESULT: {"using":"xpath","value":"//li[.//span[text()=\"US Dollar\"]]//div[contains(@class,\"sapMCbBg\")]"}
COMMAND: POST /session/c5b1ef57caa26d27c0af8f03bb65535b/element/f.FCC204B58DEBB53E51F41DDFA2FB85CF.d.229B58E2CE2BDA50F8D8B6E0B5EFBB5C.e.8422/click - {}
RESULT: {}
COMMAND: GET /session/c5b1ef57caa26d27c0af8f03bb65535b/screenshot - {}
RESULT: {}
RESULT: undefined
COMMAND: POST /session/c5b1ef57caa26d27c0af8f03bb65535b/element - {"using":"xpath","value":"//*[@id=\"application-managepartners-display-component---masterPtm--currencies-arrow\"]"}
RESULT: {"using":"xpath","value":"//*[@id=\"application-managepartners-display-component---masterPtm--currencies-arrow\"]"}
COMMAND: POST /session/c5b1ef57caa26d27c0af8f03bb65535b/element/f.FCC204B58DEBB53E51F41DDFA2FB85CF.d.229B58E2CE2BDA50F8D8B6E0B5EFBB5C.e.8419/click - {}
RESULT: {}
COMMAND: POST /session/c5b1ef57caa26d27c0af8f03bb65535b/element - {"using":"xpath","value":"//span[@id=\"application-managepartners-display-component---masterPtm--smartTable-header-inner\"]"}
COMMAND: GET /session/c5b1ef57caa26d27c0af8f03bb65535b/screenshot - {}
RESULT: {"using":"xpath","value":"//span[@id=\"application-managepartners-display-component---masterPtm--smartTable-header-inner\"]"}
COMMAND: POST /session/c5b1ef57caa26d27c0af8f03bb65535b/elements - {"using":"xpath","value":"//span[@id=\"application-managepartners-display-component---masterPtm--smartTable-header-inner\"]"}
RESULT: {}
RESULT: {"using":"xpath","value":"//span[@id=\"application-managepartners-display-component---masterPtm--smartTable-header-inner\"]"}
COMMAND: POST /session/c5b1ef57caa26d27c0af8f03bb65535b/execute/sync - {"script":"<script> [56 bytes]","args":[{"element-6066-11e4-a52e-4f735466cecf":"f.FCC204B58DEBB53E51F41DDFA2FB85CF.d.229B58E2CE2BDA50F8D8B6E0B5EFBB5C.e.7784","ELEMENT":"f.FCC204B58DEBB53E51F41DDFA2FB85CF.d.229B58E2CE2BDA50F8D8B6E0B5EFBB5C.e.7784"}]}
RESULT: {"script":"<script> [56 bytes]","args":[{"element-6066-11e4-a52e-4f735466cecf":"f.FCC204B58DEBB53E51F41DDFA2FB85CF.d.229B58E2CE2BDA50F8D8B6E0B5EFBB5C.e.7784","ELEMENT":"f.FCC204B58DEBB53E51F41DDFA2FB85CF.d.229B58E2CE2BDA50F8D8B6E0B5EFBB5C.e.7784"}]}
COMMAND: POST /session/c5b1ef57caa26d27c0af8f03bb65535b/element - {"using":"xpath","value":"//span[contains(@title, \"Remove\")]"}
COMMAND: GET /session/c5b1ef57caa26d27c0af8f03bb65535b/screenshot - {}
RESULT: {"using":"xpath","value":"//span[contains(@title, \"Remove\")]"}
COMMAND: POST /session/c5b1ef57caa26d27c0af8f03bb65535b/element/f.FCC204B58DEBB53E51F41DDFA2FB85CF.d.229B58E2CE2BDA50F8D8B6E0B5EFBB5C.e.8582/click - {}
RESULT: {}
RESULT: {}
COMMAND: GET /session/c5b1ef57caa26d27c0af8f03bb65535b/screenshot - {}
RESULT: {}
COMMAND: POST /session/c5b1ef57caa26d27c0af8f03bb65535b/execute/async - {"script":"<script> [1562 bytes]","args":[{"selector":{"id":"application-managepartners-display-component---masterPtm--languages-arrow"},"wdio_ui5_key":"applicationmanagepartners-display-component---masterPtm--languages-arrow"}]}
RESULT: {"script":"<script> [1562 bytes]","args":[{"selector":{"id":"application-managepartners-display-component---masterPtm--languages-arrow"},"wdio_ui5_key":"applicationmanagepartners-display-component---masterPtm--languages-arrow"}]}
RESULT: undefined
COMMAND: POST /session/c5b1ef57caa26d27c0af8f03bb65535b/element - {"using":"xpath","value":"//*[@id=\"application-managepartners-display-component---masterPtm--languages-arrow\"]"}
RESULT: {"using":"xpath","value":"//*[@id=\"application-managepartners-display-component---masterPtm--languages-arrow\"]"}
COMMAND: POST /session/c5b1ef57caa26d27c0af8f03bb65535b/element/f.FCC204B58DEBB53E51F41DDFA2FB85CF.d.229B58E2CE2BDA50F8D8B6E0B5EFBB5C.e.8664/click - {}
RESULT: {}
COMMAND: GET /session/c5b1ef57caa26d27c0af8f03bb65535b/screenshot - {}
RESULT: {}
COMMAND: POST /session/c5b1ef57caa26d27c0af8f03bb65535b/element - {"using":"xpath","value":"//li[.//span[text()=\"German\"]]//div[contains(@class,\"sapMCbBg\")]"}
RESULT: {"using":"xpath","value":"//li[.//span[text()=\"German\"]]//div[contains(@class,\"sapMCbBg\")]"}
COMMAND: POST /session/c5b1ef57caa26d27c0af8f03bb65535b/element/f.FCC204B58DEBB53E51F41DDFA2FB85CF.d.229B58E2CE2BDA50F8D8B6E0B5EFBB5C.e.8708/click - {}
RESULT: {}
COMMAND: GET /session/c5b1ef57caa26d27c0af8f03bb65535b/screenshot - {}
RESULT: {}
RESULT: undefined
COMMAND: POST /session/c5b1ef57caa26d27c0af8f03bb65535b/element - {"using":"xpath","value":"//*[@id=\"application-managepartners-display-component---masterPtm--languages-arrow\"]"}
RESULT: {"using":"xpath","value":"//*[@id=\"application-managepartners-display-component---masterPtm--languages-arrow\"]"}
COMMAND: POST /session/c5b1ef57caa26d27c0af8f03bb65535b/element/f.FCC204B58DEBB53E51F41DDFA2FB85CF.d.229B58E2CE2BDA50F8D8B6E0B5EFBB5C.e.8664/click - {}
RESULT: {}
COMMAND: POST /session/c5b1ef57caa26d27c0af8f03bb65535b/element - {"using":"xpath","value":"//span[@id=\"application-managepartners-display-component---masterPtm--smartTable-header-inner\"]"}
COMMAND: GET /session/c5b1ef57caa26d27c0af8f03bb65535b/screenshot - {}
RESULT: {"using":"xpath","value":"//span[@id=\"application-managepartners-display-component---masterPtm--smartTable-header-inner\"]"}
COMMAND: POST /session/c5b1ef57caa26d27c0af8f03bb65535b/elements - {"using":"xpath","value":"//span[@id=\"application-managepartners-display-component---masterPtm--smartTable-header-inner\"]"}
RESULT: {}
RESULT: {"using":"xpath","value":"//span[@id=\"application-managepartners-display-component---masterPtm--smartTable-header-inner\"]"}
COMMAND: POST /session/c5b1ef57caa26d27c0af8f03bb65535b/execute/sync - {"script":"<script> [56 bytes]","args":[{"element-6066-11e4-a52e-4f735466cecf":"f.FCC204B58DEBB53E51F41DDFA2FB85CF.d.229B58E2CE2BDA50F8D8B6E0B5EFBB5C.e.7784","ELEMENT":"f.FCC204B58DEBB53E51F41DDFA2FB85CF.d.229B58E2CE2BDA50F8D8B6E0B5EFBB5C.e.7784"}]}
RESULT: {"script":"<script> [56 bytes]","args":[{"element-6066-11e4-a52e-4f735466cecf":"f.FCC204B58DEBB53E51F41DDFA2FB85CF.d.229B58E2CE2BDA50F8D8B6E0B5EFBB5C.e.7784","ELEMENT":"f.FCC204B58DEBB53E51F41DDFA2FB85CF.d.229B58E2CE2BDA50F8D8B6E0B5EFBB5C.e.7784"}]}
COMMAND: POST /session/c5b1ef57caa26d27c0af8f03bb65535b/element - {"using":"css selector","value":"#shell-header-logo"}
COMMAND: GET /session/c5b1ef57caa26d27c0af8f03bb65535b/screenshot - {}
RESULT: {"using":"css selector","value":"#shell-header-logo"}
COMMAND: POST /session/c5b1ef57caa26d27c0af8f03bb65535b/element/f.FCC204B58DEBB53E51F41DDFA2FB85CF.d.229B58E2CE2BDA50F8D8B6E0B5EFBB5C.e.7612/click - {}
RESULT: {}
RESULT: {}
COMMAND: GET /session/c5b1ef57caa26d27c0af8f03bb65535b/screenshot - {}
RESULT: {}
]]></system-out>
    </testcase>
    <testcase classname="chrome.137_0_7151_56.windows.Partner_specific_tests_US150819_US151080_US151654_US151176_US103444_US151078_US151079_US151109_US151174_US151175_US151189" name="Should add a new Business Partner role same role US151541" time="76.661">
      <system-out><![CDATA[
COMMAND: POST /session/c5b1ef57caa26d27c0af8f03bb65535b/execute/async - {"script":"<script> [1562 bytes]","args":[{"selector":{"controlType":"sap.m.GenericTile","properties":{"header":"Data Explorer"}},"wdio_ui5_key":"sapm.GenericTile{\"header\":\"Data Explorer\"}"}]}
RESULT: {"script":"<script> [1562 bytes]","args":[{"selector":{"controlType":"sap.m.GenericTile","properties":{"header":"Data Explorer"}},"wdio_ui5_key":"sapm.GenericTile{\"header\":\"Data Explorer\"}"}]}
RESULT: undefined
COMMAND: POST /session/c5b1ef57caa26d27c0af8f03bb65535b/element - {"using":"xpath","value":"//*[@id=\"__tile117\"]"}
RESULT: {"using":"xpath","value":"//*[@id=\"__tile117\"]"}
COMMAND: POST /session/c5b1ef57caa26d27c0af8f03bb65535b/element/f.FCC204B58DEBB53E51F41DDFA2FB85CF.d.229B58E2CE2BDA50F8D8B6E0B5EFBB5C.e.8772/click - {}
RESULT: {}
COMMAND: GET /session/c5b1ef57caa26d27c0af8f03bb65535b/screenshot - {}
RESULT: {}
COMMAND: POST /session/c5b1ef57caa26d27c0af8f03bb65535b/elements - {"using":"xpath","value":"//span[text()='Error']"}
RESULT: {"using":"xpath","value":"//span[text()='Error']"}
COMMAND: POST /session/c5b1ef57caa26d27c0af8f03bb65535b/window/fullscreen - {}
RESULT: {}
COMMAND: POST /session/c5b1ef57caa26d27c0af8f03bb65535b/element - {"using":"xpath","value":"//input[@id=\"application-businessconfigurations-display-component---masterBusinessConfigurations--smartFilterBar-btnBasicSearch-I\"]"}
RESULT: {"using":"xpath","value":"//input[@id=\"application-businessconfigurations-display-component---masterBusinessConfigurations--smartFilterBar-btnBasicSearch-I\"]"}
COMMAND: POST /session/c5b1ef57caa26d27c0af8f03bb65535b/elements - {"using":"xpath","value":"//input[@id=\"application-businessconfigurations-display-component---masterBusinessConfigurations--smartFilterBar-btnBasicSearch-I\"]"}
RESULT: {"using":"xpath","value":"//input[@id=\"application-businessconfigurations-display-component---masterBusinessConfigurations--smartFilterBar-btnBasicSearch-I\"]"}
COMMAND: POST /session/c5b1ef57caa26d27c0af8f03bb65535b/execute/sync - {"script":"<script> [8489 bytes]","args":[{"element-6066-11e4-a52e-4f735466cecf":"f.FCC204B58DEBB53E51F41DDFA2FB85CF.d.229B58E2CE2BDA50F8D8B6E0B5EFBB5C.e.8791","ELEMENT":"f.FCC204B58DEBB53E51F41DDFA2FB85CF.d.229B58E2CE2BDA50F8D8B6E0B5EFBB5C.e.8791"}]}
RESULT: {"script":"<script> [8489 bytes]","args":[{"element-6066-11e4-a52e-4f735466cecf":"f.FCC204B58DEBB53E51F41DDFA2FB85CF.d.229B58E2CE2BDA50F8D8B6E0B5EFBB5C.e.8791","ELEMENT":"f.FCC204B58DEBB53E51F41DDFA2FB85CF.d.229B58E2CE2BDA50F8D8B6E0B5EFBB5C.e.8791"}]}
COMMAND: GET /session/c5b1ef57caa26d27c0af8f03bb65535b/element/f.FCC204B58DEBB53E51F41DDFA2FB85CF.d.229B58E2CE2BDA50F8D8B6E0B5EFBB5C.e.8791/enabled - {}
COMMAND: GET /session/c5b1ef57caa26d27c0af8f03bb65535b/screenshot - {}
RESULT: {}
COMMAND: POST /session/c5b1ef57caa26d27c0af8f03bb65535b/execute/sync - {"script":"<script> [8489 bytes]","args":[{"element-6066-11e4-a52e-4f735466cecf":"f.FCC204B58DEBB53E51F41DDFA2FB85CF.d.229B58E2CE2BDA50F8D8B6E0B5EFBB5C.e.8791","ELEMENT":"f.FCC204B58DEBB53E51F41DDFA2FB85CF.d.229B58E2CE2BDA50F8D8B6E0B5EFBB5C.e.8791"}]}
COMMAND: GET /session/c5b1ef57caa26d27c0af8f03bb65535b/screenshot - {}
RESULT: {}
RESULT: {"script":"<script> [8489 bytes]","args":[{"element-6066-11e4-a52e-4f735466cecf":"f.FCC204B58DEBB53E51F41DDFA2FB85CF.d.229B58E2CE2BDA50F8D8B6E0B5EFBB5C.e.8791","ELEMENT":"f.FCC204B58DEBB53E51F41DDFA2FB85CF.d.229B58E2CE2BDA50F8D8B6E0B5EFBB5C.e.8791"}]}
COMMAND: POST /session/c5b1ef57caa26d27c0af8f03bb65535b/execute/sync - {"script":"<script> [5351 bytes]","args":[{"element-6066-11e4-a52e-4f735466cecf":"f.FCC204B58DEBB53E51F41DDFA2FB85CF.d.229B58E2CE2BDA50F8D8B6E0B5EFBB5C.e.8791","ELEMENT":"f.FCC204B58DEBB53E51F41DDFA2FB85CF.d.229B58E2CE2BDA50F8D8B6E0B5EFBB5C.e.8791"}]}
COMMAND: GET /session/c5b1ef57caa26d27c0af8f03bb65535b/screenshot - {}
RESULT: {}
RESULT: {"script":"<script> [5351 bytes]","args":[{"element-6066-11e4-a52e-4f735466cecf":"f.FCC204B58DEBB53E51F41DDFA2FB85CF.d.229B58E2CE2BDA50F8D8B6E0B5EFBB5C.e.8791","ELEMENT":"f.FCC204B58DEBB53E51F41DDFA2FB85CF.d.229B58E2CE2BDA50F8D8B6E0B5EFBB5C.e.8791"}]}
COMMAND: GET /session/c5b1ef57caa26d27c0af8f03bb65535b/screenshot - {}
RESULT: {}
RESULT: {}
COMMAND: POST /session/c5b1ef57caa26d27c0af8f03bb65535b/element - {"using":"xpath","value":"//span[@id=\"application-businessconfigurations-display-component---masterBusinessConfigurations--masterListDataExplorerSmartTable-header-inner\"]"}
RESULT: {"using":"xpath","value":"//span[@id=\"application-businessconfigurations-display-component---masterBusinessConfigurations--masterListDataExplorerSmartTable-header-inner\"]"}
COMMAND: POST /session/c5b1ef57caa26d27c0af8f03bb65535b/elements - {"using":"xpath","value":"//span[@id=\"application-businessconfigurations-display-component---masterBusinessConfigurations--masterListDataExplorerSmartTable-header-inner\"]"}
RESULT: {"using":"xpath","value":"//span[@id=\"application-businessconfigurations-display-component---masterBusinessConfigurations--masterListDataExplorerSmartTable-header-inner\"]"}
COMMAND: POST /session/c5b1ef57caa26d27c0af8f03bb65535b/execute/sync - {"script":"<script> [56 bytes]","args":[{"element-6066-11e4-a52e-4f735466cecf":"f.FCC204B58DEBB53E51F41DDFA2FB85CF.d.229B58E2CE2BDA50F8D8B6E0B5EFBB5C.e.9100","ELEMENT":"f.FCC204B58DEBB53E51F41DDFA2FB85CF.d.229B58E2CE2BDA50F8D8B6E0B5EFBB5C.e.9100"}]}
RESULT: {"script":"<script> [56 bytes]","args":[{"element-6066-11e4-a52e-4f735466cecf":"f.FCC204B58DEBB53E51F41DDFA2FB85CF.d.229B58E2CE2BDA50F8D8B6E0B5EFBB5C.e.9100","ELEMENT":"f.FCC204B58DEBB53E51F41DDFA2FB85CF.d.229B58E2CE2BDA50F8D8B6E0B5EFBB5C.e.9100"}]}
COMMAND: POST /session/c5b1ef57caa26d27c0af8f03bb65535b/element/f.FCC204B58DEBB53E51F41DDFA2FB85CF.d.229B58E2CE2BDA50F8D8B6E0B5EFBB5C.e.8791/clear - {}
COMMAND: GET /session/c5b1ef57caa26d27c0af8f03bb65535b/screenshot - {}
RESULT: {}
COMMAND: POST /session/c5b1ef57caa26d27c0af8f03bb65535b/element/f.FCC204B58DEBB53E51F41DDFA2FB85CF.d.229B58E2CE2BDA50F8D8B6E0B5EFBB5C.e.8791/value - {"text":"NETM_C_BUSINESS_PARTNER_ROLES"}
COMMAND: GET /session/c5b1ef57caa26d27c0af8f03bb65535b/screenshot - {}
RESULT: {}
RESULT: {"text":"NETM_C_BUSINESS_PARTNER_ROLES"}
COMMAND: GET /session/c5b1ef57caa26d27c0af8f03bb65535b/screenshot - {}
RESULT: {}
RESULT: {}
COMMAND: POST /session/c5b1ef57caa26d27c0af8f03bb65535b/actions - {"actions":[{"id":"action25","type":"key","parameters":{},"actions":[{"type":"keyDown","value":"î€‡"},{"type":"pause","duration":10},{"type":"keyUp","value":"î€‡"}]}]}
RESULT: {"actions":[{"id":"action25","type":"key","parameters":{},"actions":[{"type":"keyDown","value":"î€‡"},{"type":"pause","duration":10},{"type":"keyUp","value":"î€‡"}]}]}
COMMAND: GET /session/c5b1ef57caa26d27c0af8f03bb65535b/screenshot - {}
RESULT: {}
COMMAND: POST /session/c5b1ef57caa26d27c0af8f03bb65535b/elements - {"using":"xpath","value":"//table[contains(@id, \"masterListDataExplorerTable-listUl\")]/tbody/tr"}
RESULT: {"using":"xpath","value":"//table[contains(@id, \"masterListDataExplorerTable-listUl\")]/tbody/tr"}
COMMAND: POST /session/c5b1ef57caa26d27c0af8f03bb65535b/element - {"using":"xpath","value":"//table[contains(@id, \"masterListDataExplorerTable-listUl\")]/tbody/tr[2]/td[4]/span"}
RESULT: {"using":"xpath","value":"//table[contains(@id, \"masterListDataExplorerTable-listUl\")]/tbody/tr[2]/td[4]/span"}
COMMAND: POST /session/c5b1ef57caa26d27c0af8f03bb65535b/elements - {"using":"xpath","value":"//table[contains(@id, \"masterListDataExplorerTable-listUl\")]/tbody/tr[2]/td[4]/span"}
RESULT: {"using":"xpath","value":"//table[contains(@id, \"masterListDataExplorerTable-listUl\")]/tbody/tr[2]/td[4]/span"}
COMMAND: POST /session/c5b1ef57caa26d27c0af8f03bb65535b/execute/sync - {"script":"<script> [56 bytes]","args":[{"element-6066-11e4-a52e-4f735466cecf":"f.FCC204B58DEBB53E51F41DDFA2FB85CF.d.229B58E2CE2BDA50F8D8B6E0B5EFBB5C.e.9108","ELEMENT":"f.FCC204B58DEBB53E51F41DDFA2FB85CF.d.229B58E2CE2BDA50F8D8B6E0B5EFBB5C.e.9108"}]}
RESULT: {"script":"<script> [56 bytes]","args":[{"element-6066-11e4-a52e-4f735466cecf":"f.FCC204B58DEBB53E51F41DDFA2FB85CF.d.229B58E2CE2BDA50F8D8B6E0B5EFBB5C.e.9108","ELEMENT":"f.FCC204B58DEBB53E51F41DDFA2FB85CF.d.229B58E2CE2BDA50F8D8B6E0B5EFBB5C.e.9108"}]}
COMMAND: POST /session/c5b1ef57caa26d27c0af8f03bb65535b/element - {"using":"xpath","value":"(//span[contains(@id, \"imgNav\")])[1]"}
COMMAND: GET /session/c5b1ef57caa26d27c0af8f03bb65535b/screenshot - {}
RESULT: {"using":"xpath","value":"(//span[contains(@id, \"imgNav\")])[1]"}
COMMAND: POST /session/c5b1ef57caa26d27c0af8f03bb65535b/element/f.FCC204B58DEBB53E51F41DDFA2FB85CF.d.229B58E2CE2BDA50F8D8B6E0B5EFBB5C.e.9109/click - {}
RESULT: {}
RESULT: {}
COMMAND: GET /session/c5b1ef57caa26d27c0af8f03bb65535b/screenshot - {}
RESULT: {}
COMMAND: POST /session/c5b1ef57caa26d27c0af8f03bb65535b/element - {"using":"xpath","value":"//bdi[contains(text(), \"Edit\")]"}
RESULT: {"using":"xpath","value":"//bdi[contains(text(), \"Edit\")]"}
COMMAND: POST /session/c5b1ef57caa26d27c0af8f03bb65535b/element/f.FCC204B58DEBB53E51F41DDFA2FB85CF.d.229B58E2CE2BDA50F8D8B6E0B5EFBB5C.e.9244/click - {}
RESULT: {}
COMMAND: GET /session/c5b1ef57caa26d27c0af8f03bb65535b/screenshot - {}
RESULT: {}
COMMAND: POST /session/c5b1ef57caa26d27c0af8f03bb65535b/element - {"using":"xpath","value":"//button[contains(@id, \"detailBusinessConfigurations--addButton\")]"}
RESULT: {"using":"xpath","value":"//button[contains(@id, \"detailBusinessConfigurations--addButton\")]"}
COMMAND: POST /session/c5b1ef57caa26d27c0af8f03bb65535b/element/f.FCC204B58DEBB53E51F41DDFA2FB85CF.d.229B58E2CE2BDA50F8D8B6E0B5EFBB5C.e.9254/click - {}
RESULT: {}
COMMAND: GET /session/c5b1ef57caa26d27c0af8f03bb65535b/screenshot - {}
RESULT: {}
COMMAND: POST /session/c5b1ef57caa26d27c0af8f03bb65535b/elements - {"using":"xpath","value":"//table[contains(@id, \"detailBusinessConfigurations--detailsTable-listUl\")]/tbody/tr"}
RESULT: {"using":"xpath","value":"//table[contains(@id, \"detailBusinessConfigurations--detailsTable-listUl\")]/tbody/tr"}
COMMAND: POST /session/c5b1ef57caa26d27c0af8f03bb65535b/element - {"using":"xpath","value":"//table[contains(@id, \"detailBusinessConfigurations--detailsTable-listUl\")]/tbody/tr[1]/td[3]/div/div/div/div/input"}
RESULT: {"using":"xpath","value":"//table[contains(@id, \"detailBusinessConfigurations--detailsTable-listUl\")]/tbody/tr[1]/td[3]/div/div/div/div/input"}
COMMAND: POST /session/c5b1ef57caa26d27c0af8f03bb65535b/element/f.FCC204B58DEBB53E51F41DDFA2FB85CF.d.229B58E2CE2BDA50F8D8B6E0B5EFBB5C.e.9257/clear - {}
RESULT: {}
COMMAND: POST /session/c5b1ef57caa26d27c0af8f03bb65535b/element/f.FCC204B58DEBB53E51F41DDFA2FB85CF.d.229B58E2CE2BDA50F8D8B6E0B5EFBB5C.e.9257/value - {"text":"WebDriver Testy"}
COMMAND: GET /session/c5b1ef57caa26d27c0af8f03bb65535b/screenshot - {}
RESULT: {"text":"WebDriver Testy"}
COMMAND: GET /session/c5b1ef57caa26d27c0af8f03bb65535b/screenshot - {}
RESULT: {}
RESULT: {}
COMMAND: POST /session/c5b1ef57caa26d27c0af8f03bb65535b/element - {"using":"xpath","value":"//button[contains(@id, \"detailBusinessConfigurations--addButton\")]"}
RESULT: {"using":"xpath","value":"//button[contains(@id, \"detailBusinessConfigurations--addButton\")]"}
COMMAND: POST /session/c5b1ef57caa26d27c0af8f03bb65535b/element/f.FCC204B58DEBB53E51F41DDFA2FB85CF.d.229B58E2CE2BDA50F8D8B6E0B5EFBB5C.e.9254/click - {}
RESULT: {}
COMMAND: GET /session/c5b1ef57caa26d27c0af8f03bb65535b/screenshot - {}
RESULT: {}
COMMAND: POST /session/c5b1ef57caa26d27c0af8f03bb65535b/element - {"using":"xpath","value":"//table[contains(@id, \"detailBusinessConfigurations--detailsTable-listUl\")]/tbody/tr[1]/td[3]/div/div/div/div/input"}
RESULT: {"using":"xpath","value":"//table[contains(@id, \"detailBusinessConfigurations--detailsTable-listUl\")]/tbody/tr[1]/td[3]/div/div/div/div/input"}
COMMAND: POST /session/c5b1ef57caa26d27c0af8f03bb65535b/element/f.FCC204B58DEBB53E51F41DDFA2FB85CF.d.229B58E2CE2BDA50F8D8B6E0B5EFBB5C.e.9270/clear - {}
RESULT: {}
COMMAND: POST /session/c5b1ef57caa26d27c0af8f03bb65535b/element/f.FCC204B58DEBB53E51F41DDFA2FB85CF.d.229B58E2CE2BDA50F8D8B6E0B5EFBB5C.e.9270/value - {"text":"WebDriver Testy"}
COMMAND: GET /session/c5b1ef57caa26d27c0af8f03bb65535b/screenshot - {}
RESULT: {"text":"WebDriver Testy"}
COMMAND: GET /session/c5b1ef57caa26d27c0af8f03bb65535b/screenshot - {}
RESULT: {}
RESULT: {}
COMMAND: POST /session/c5b1ef57caa26d27c0af8f03bb65535b/element - {"using":"xpath","value":"//bdi[text()=\"Save\"]"}
RESULT: {"using":"xpath","value":"//bdi[text()=\"Save\"]"}
COMMAND: POST /session/c5b1ef57caa26d27c0af8f03bb65535b/element/f.FCC204B58DEBB53E51F41DDFA2FB85CF.d.229B58E2CE2BDA50F8D8B6E0B5EFBB5C.e.9277/click - {}
RESULT: {}
COMMAND: GET /session/c5b1ef57caa26d27c0af8f03bb65535b/screenshot - {}
RESULT: {}
COMMAND: POST /session/c5b1ef57caa26d27c0af8f03bb65535b/element - {"using":"xpath","value":"//span[contains(@class, \"sapMMsgBoxText\")]"}
RESULT: {"using":"xpath","value":"//span[contains(@class, \"sapMMsgBoxText\")]"}
COMMAND: POST /session/c5b1ef57caa26d27c0af8f03bb65535b/elements - {"using":"xpath","value":"//span[contains(@class, \"sapMMsgBoxText\")]"}
RESULT: {"using":"xpath","value":"//span[contains(@class, \"sapMMsgBoxText\")]"}
COMMAND: POST /session/c5b1ef57caa26d27c0af8f03bb65535b/execute/sync - {"script":"<script> [56 bytes]","args":[{"element-6066-11e4-a52e-4f735466cecf":"f.FCC204B58DEBB53E51F41DDFA2FB85CF.d.229B58E2CE2BDA50F8D8B6E0B5EFBB5C.e.9296","ELEMENT":"f.FCC204B58DEBB53E51F41DDFA2FB85CF.d.229B58E2CE2BDA50F8D8B6E0B5EFBB5C.e.9296"}]}
RESULT: {"script":"<script> [56 bytes]","args":[{"element-6066-11e4-a52e-4f735466cecf":"f.FCC204B58DEBB53E51F41DDFA2FB85CF.d.229B58E2CE2BDA50F8D8B6E0B5EFBB5C.e.9296","ELEMENT":"f.FCC204B58DEBB53E51F41DDFA2FB85CF.d.229B58E2CE2BDA50F8D8B6E0B5EFBB5C.e.9296"}]}
COMMAND: POST /session/c5b1ef57caa26d27c0af8f03bb65535b/element - {"using":"xpath","value":"//bdi[text()=\"Close\"]"}
COMMAND: GET /session/c5b1ef57caa26d27c0af8f03bb65535b/screenshot - {}
RESULT: {"using":"xpath","value":"//bdi[text()=\"Close\"]"}
COMMAND: POST /session/c5b1ef57caa26d27c0af8f03bb65535b/element/f.FCC204B58DEBB53E51F41DDFA2FB85CF.d.229B58E2CE2BDA50F8D8B6E0B5EFBB5C.e.9297/click - {}
RESULT: {}
RESULT: {}
COMMAND: GET /session/c5b1ef57caa26d27c0af8f03bb65535b/screenshot - {}
RESULT: {}
COMMAND: POST /session/c5b1ef57caa26d27c0af8f03bb65535b/element - {"using":"css selector","value":"#shell-header-logo"}
RESULT: {"using":"css selector","value":"#shell-header-logo"}
COMMAND: POST /session/c5b1ef57caa26d27c0af8f03bb65535b/element/f.FCC204B58DEBB53E51F41DDFA2FB85CF.d.229B58E2CE2BDA50F8D8B6E0B5EFBB5C.e.8778/click - {}
RESULT: {}
COMMAND: GET /session/c5b1ef57caa26d27c0af8f03bb65535b/screenshot - {}
RESULT: {}
]]></system-out>
    </testcase>
  </testsuite>
  <testsuite timestamp="2025-06-04T17:53:54" time="569.759" tests="4" failures="1" errors="1" skipped="0">
    <properties>
      <property name="specId" value="0" />
      <property name="suiteName" value="Create partner US118246" />
      <property name="capabilities" value="chrome.137_0_7151_56.windows" />
      <property name="file" value="file:///D:/a/1/s/test/specs/BTS/create-partner.spec.js" />
    </properties>
    <testcase classname="chrome.137_0_7151_56.windows.Create_partner_US118246" name="Should create a new yard in case create yard failed" time="122.658">
      <system-out><![CDATA[
COMMAND: POST /session/c5b1ef57caa26d27c0af8f03bb65535b/window/fullscreen - {}
RESULT: {}
COMMAND: POST /session/c5b1ef57caa26d27c0af8f03bb65535b/execute/async - {"script":"<script> [1562 bytes]","args":[{"selector":{"controlType":"sap.m.GenericTile","properties":{"header":"Manage Yards"}},"wdio_ui5_key":"sapm.GenericTile{\"header\":\"Manage Yards\"}"}]}
RESULT: {"script":"<script> [1562 bytes]","args":[{"selector":{"controlType":"sap.m.GenericTile","properties":{"header":"Manage Yards"}},"wdio_ui5_key":"sapm.GenericTile{\"header\":\"Manage Yards\"}"}]}
RESULT: undefined
COMMAND: POST /session/c5b1ef57caa26d27c0af8f03bb65535b/element - {"using":"xpath","value":"//*[@id=\"__tile41\"]"}
RESULT: {"using":"xpath","value":"//*[@id=\"__tile41\"]"}
COMMAND: POST /session/c5b1ef57caa26d27c0af8f03bb65535b/element/f.FCC204B58DEBB53E51F41DDFA2FB85CF.d.CA1F45E72800FE172AE89B67C182B099.e.9816/click - {}
RESULT: {}
COMMAND: GET /session/c5b1ef57caa26d27c0af8f03bb65535b/screenshot - {}
RESULT: {}
COMMAND: POST /session/c5b1ef57caa26d27c0af8f03bb65535b/elements - {"using":"xpath","value":"//span[text()='Error']"}
RESULT: {"using":"xpath","value":"//span[text()='Error']"}
COMMAND: POST /session/c5b1ef57caa26d27c0af8f03bb65535b/element - {"using":"xpath","value":"//button[@data-kt=\"addNewYardOverflowToolbarButton\"]"}
RESULT: {"using":"xpath","value":"//button[@data-kt=\"addNewYardOverflowToolbarButton\"]"}
COMMAND: POST /session/c5b1ef57caa26d27c0af8f03bb65535b/elements - {"using":"xpath","value":"//button[@data-kt=\"addNewYardOverflowToolbarButton\"]"}
RESULT: {"using":"xpath","value":"//button[@data-kt=\"addNewYardOverflowToolbarButton\"]"}
COMMAND: POST /session/c5b1ef57caa26d27c0af8f03bb65535b/execute/sync - {"script":"<script> [8489 bytes]","args":[{"element-6066-11e4-a52e-4f735466cecf":"f.FCC204B58DEBB53E51F41DDFA2FB85CF.d.CA1F45E72800FE172AE89B67C182B099.e.9952","ELEMENT":"f.FCC204B58DEBB53E51F41DDFA2FB85CF.d.CA1F45E72800FE172AE89B67C182B099.e.9952"}]}
RESULT: {"script":"<script> [8489 bytes]","args":[{"element-6066-11e4-a52e-4f735466cecf":"f.FCC204B58DEBB53E51F41DDFA2FB85CF.d.CA1F45E72800FE172AE89B67C182B099.e.9952","ELEMENT":"f.FCC204B58DEBB53E51F41DDFA2FB85CF.d.CA1F45E72800FE172AE89B67C182B099.e.9952"}]}
COMMAND: GET /session/c5b1ef57caa26d27c0af8f03bb65535b/element/f.FCC204B58DEBB53E51F41DDFA2FB85CF.d.CA1F45E72800FE172AE89B67C182B099.e.9952/enabled - {}
COMMAND: GET /session/c5b1ef57caa26d27c0af8f03bb65535b/screenshot - {}
RESULT: {}
COMMAND: POST /session/c5b1ef57caa26d27c0af8f03bb65535b/execute/sync - {"script":"<script> [8489 bytes]","args":[{"element-6066-11e4-a52e-4f735466cecf":"f.FCC204B58DEBB53E51F41DDFA2FB85CF.d.CA1F45E72800FE172AE89B67C182B099.e.9952","ELEMENT":"f.FCC204B58DEBB53E51F41DDFA2FB85CF.d.CA1F45E72800FE172AE89B67C182B099.e.9952"}]}
COMMAND: GET /session/c5b1ef57caa26d27c0af8f03bb65535b/screenshot - {}
RESULT: {}
RESULT: {"script":"<script> [8489 bytes]","args":[{"element-6066-11e4-a52e-4f735466cecf":"f.FCC204B58DEBB53E51F41DDFA2FB85CF.d.CA1F45E72800FE172AE89B67C182B099.e.9952","ELEMENT":"f.FCC204B58DEBB53E51F41DDFA2FB85CF.d.CA1F45E72800FE172AE89B67C182B099.e.9952"}]}
COMMAND: POST /session/c5b1ef57caa26d27c0af8f03bb65535b/execute/sync - {"script":"<script> [5351 bytes]","args":[{"element-6066-11e4-a52e-4f735466cecf":"f.FCC204B58DEBB53E51F41DDFA2FB85CF.d.CA1F45E72800FE172AE89B67C182B099.e.9952","ELEMENT":"f.FCC204B58DEBB53E51F41DDFA2FB85CF.d.CA1F45E72800FE172AE89B67C182B099.e.9952"}]}
COMMAND: GET /session/c5b1ef57caa26d27c0af8f03bb65535b/screenshot - {}
RESULT: {}
RESULT: {"script":"<script> [5351 bytes]","args":[{"element-6066-11e4-a52e-4f735466cecf":"f.FCC204B58DEBB53E51F41DDFA2FB85CF.d.CA1F45E72800FE172AE89B67C182B099.e.9952","ELEMENT":"f.FCC204B58DEBB53E51F41DDFA2FB85CF.d.CA1F45E72800FE172AE89B67C182B099.e.9952"}]}
COMMAND: POST /session/c5b1ef57caa26d27c0af8f03bb65535b/element/f.FCC204B58DEBB53E51F41DDFA2FB85CF.d.CA1F45E72800FE172AE89B67C182B099.e.9952/click - {}
COMMAND: GET /session/c5b1ef57caa26d27c0af8f03bb65535b/screenshot - {}
RESULT: {}
RESULT: {}
COMMAND: GET /session/c5b1ef57caa26d27c0af8f03bb65535b/screenshot - {}
RESULT: {}
RESULT: {}
COMMAND: POST /session/c5b1ef57caa26d27c0af8f03bb65535b/element - {"using":"xpath","value":"//input[@id=\"application-manageyards-display-component---NewYard--yardId-inner\"]"}
RESULT: {"using":"xpath","value":"//input[@id=\"application-manageyards-display-component---NewYard--yardId-inner\"]"}
COMMAND: POST /session/c5b1ef57caa26d27c0af8f03bb65535b/element - {"using":"xpath","value":"//input[@id=\"application-manageyards-display-component---NewYard--yardId-inner\"]"}
RESULT: {"using":"xpath","value":"//input[@id=\"application-manageyards-display-component---NewYard--yardId-inner\"]"}
COMMAND: POST /session/c5b1ef57caa26d27c0af8f03bb65535b/execute/async - {"script":"<script> [1562 bytes]","args":[{"selector":{"id":"application-manageyards-display-component---NewYard--addressDetailDetailsName1","interaction":{"idSuffix":"inner"}},"wdio_ui5_key":"applicationmanageyards-display-component---NewYard--addressDetailDetailsName1"}]}
RESULT: {"script":"<script> [1562 bytes]","args":[{"selector":{"id":"application-manageyards-display-component---NewYard--addressDetailDetailsName1","interaction":{"idSuffix":"inner"}},"wdio_ui5_key":"applicationmanageyards-display-component---NewYard--addressDetailDetailsName1"}]}
RESULT: undefined
COMMAND: POST /session/c5b1ef57caa26d27c0af8f03bb65535b/execute/async - {"script":"<script> [776 bytes]","args":[{"enterText":"Intracompany Yard wdIO","selector":{"id":"application-manageyards-display-component---NewYard--addressDetailDetailsName1","interaction":{"idSuffix":"inner"}},"clearTextFirst":true,"interactionType":"ENTER_TEXT"}]}
RESULT: {"script":"<script> [776 bytes]","args":[{"enterText":"Intracompany Yard wdIO","selector":{"id":"application-manageyards-display-component---NewYard--addressDetailDetailsName1","interaction":{"idSuffix":"inner"}},"clearTextFirst":true,"interactionType":"ENTER_TEXT"}]}
COMMAND: POST /session/c5b1ef57caa26d27c0af8f03bb65535b/execute/async - {"script":"<script> [1562 bytes]","args":[{"selector":{"id":"application-manageyards-display-component---NewYard--addressDetailDetailsLanguage-arrow"},"wdio_ui5_key":"applicationmanageyards-display-component---NewYard--addressDetailDetailsLanguage-arrow"}]}
RESULT: {"script":"<script> [1562 bytes]","args":[{"selector":{"id":"application-manageyards-display-component---NewYard--addressDetailDetailsLanguage-arrow"},"wdio_ui5_key":"applicationmanageyards-display-component---NewYard--addressDetailDetailsLanguage-arrow"}]}
RESULT: undefined
COMMAND: POST /session/c5b1ef57caa26d27c0af8f03bb65535b/element - {"using":"xpath","value":"//*[@id=\"application-manageyards-display-component---NewYard--addressDetailDetailsLanguage-arrow\"]"}
RESULT: {"using":"xpath","value":"//*[@id=\"application-manageyards-display-component---NewYard--addressDetailDetailsLanguage-arrow\"]"}
COMMAND: POST /session/c5b1ef57caa26d27c0af8f03bb65535b/element/f.FCC204B58DEBB53E51F41DDFA2FB85CF.d.CA1F45E72800FE172AE89B67C182B099.e.10361/click - {}
RESULT: {}
COMMAND: POST /session/c5b1ef57caa26d27c0af8f03bb65535b/element - {"using":"xpath","value":"//span[contains(text(), \"English\")]"}
COMMAND: GET /session/c5b1ef57caa26d27c0af8f03bb65535b/screenshot - {}
RESULT: {"using":"xpath","value":"//span[contains(text(), \"English\")]"}
COMMAND: POST /session/c5b1ef57caa26d27c0af8f03bb65535b/element/f.FCC204B58DEBB53E51F41DDFA2FB85CF.d.CA1F45E72800FE172AE89B67C182B099.e.10362/click - {}
RESULT: {}
RESULT: {}
COMMAND: POST /session/c5b1ef57caa26d27c0af8f03bb65535b/execute/async - {"script":"<script> [1562 bytes]","args":[{"selector":{"id":"application-manageyards-display-component---NewYard--addressDetailDetailsCity1","interaction":{"idSuffix":"inner"}},"wdio_ui5_key":"applicationmanageyards-display-component---NewYard--addressDetailDetailsCity1"}]}
COMMAND: GET /session/c5b1ef57caa26d27c0af8f03bb65535b/screenshot - {}
RESULT: {"script":"<script> [1562 bytes]","args":[{"selector":{"id":"application-manageyards-display-component---NewYard--addressDetailDetailsCity1","interaction":{"idSuffix":"inner"}},"wdio_ui5_key":"applicationmanageyards-display-component---NewYard--addressDetailDetailsCity1"}]}
RESULT: undefined
COMMAND: POST /session/c5b1ef57caa26d27c0af8f03bb65535b/execute/async - {"script":"<script> [776 bytes]","args":[{"enterText":"Rosario","selector":{"id":"application-manageyards-display-component---NewYard--addressDetailDetailsCity1","interaction":{"idSuffix":"inner"}},"clearTextFirst":true,"interactionType":"ENTER_TEXT"}]}
RESULT: {}
RESULT: {"script":"<script> [776 bytes]","args":[{"enterText":"Rosario","selector":{"id":"application-manageyards-display-component---NewYard--addressDetailDetailsCity1","interaction":{"idSuffix":"inner"}},"clearTextFirst":true,"interactionType":"ENTER_TEXT"}]}
COMMAND: POST /session/c5b1ef57caa26d27c0af8f03bb65535b/execute/async - {"script":"<script> [1562 bytes]","args":[{"selector":{"id":"application-manageyards-display-component---NewYard--addressDetailDetailsCountry-arrow"},"wdio_ui5_key":"applicationmanageyards-display-component---NewYard--addressDetailDetailsCountry-arrow"}]}
RESULT: {"script":"<script> [1562 bytes]","args":[{"selector":{"id":"application-manageyards-display-component---NewYard--addressDetailDetailsCountry-arrow"},"wdio_ui5_key":"applicationmanageyards-display-component---NewYard--addressDetailDetailsCountry-arrow"}]}
RESULT: undefined
COMMAND: POST /session/c5b1ef57caa26d27c0af8f03bb65535b/element - {"using":"xpath","value":"//*[@id=\"application-manageyards-display-component---NewYard--addressDetailDetailsCountry-arrow\"]"}
RESULT: {"using":"xpath","value":"//*[@id=\"application-manageyards-display-component---NewYard--addressDetailDetailsCountry-arrow\"]"}
COMMAND: POST /session/c5b1ef57caa26d27c0af8f03bb65535b/element/f.FCC204B58DEBB53E51F41DDFA2FB85CF.d.CA1F45E72800FE172AE89B67C182B099.e.10364/click - {}
RESULT: {}
COMMAND: POST /session/c5b1ef57caa26d27c0af8f03bb65535b/element - {"using":"xpath","value":"//span[contains(text(), \"Argentina\")]"}
COMMAND: GET /session/c5b1ef57caa26d27c0af8f03bb65535b/screenshot - {}
RESULT: {"using":"xpath","value":"//span[contains(text(), \"Argentina\")]"}
COMMAND: POST /session/c5b1ef57caa26d27c0af8f03bb65535b/element/f.FCC204B58DEBB53E51F41DDFA2FB85CF.d.CA1F45E72800FE172AE89B67C182B099.e.10366/click - {}
RESULT: {}
RESULT: {}
COMMAND: POST /session/c5b1ef57caa26d27c0af8f03bb65535b/execute/async - {"script":"<script> [1562 bytes]","args":[{"selector":{"id":"application-manageyards-display-component---NewYard--addressEditDetailsCostObjectCstType-arrow"},"wdio_ui5_key":"applicationmanageyards-display-component---NewYard--addressEditDetailsCostObjectCstType-arrow"}]}
COMMAND: GET /session/c5b1ef57caa26d27c0af8f03bb65535b/screenshot - {}
RESULT: {"script":"<script> [1562 bytes]","args":[{"selector":{"id":"application-manageyards-display-component---NewYard--addressEditDetailsCostObjectCstType-arrow"},"wdio_ui5_key":"applicationmanageyards-display-component---NewYard--addressEditDetailsCostObjectCstType-arrow"}]}
RESULT: undefined
COMMAND: POST /session/c5b1ef57caa26d27c0af8f03bb65535b/element - {"using":"xpath","value":"//*[@id=\"application-manageyards-display-component---NewYard--addressEditDetailsCostObjectCstType-arrow\"]"}
RESULT: {}
RESULT: {"using":"xpath","value":"//*[@id=\"application-manageyards-display-component---NewYard--addressEditDetailsCostObjectCstType-arrow\"]"}
COMMAND: POST /session/c5b1ef57caa26d27c0af8f03bb65535b/element/f.FCC204B58DEBB53E51F41DDFA2FB85CF.d.CA1F45E72800FE172AE89B67C182B099.e.10367/click - {}
RESULT: {}
COMMAND: POST /session/c5b1ef57caa26d27c0af8f03bb65535b/element - {"using":"xpath","value":"//span[contains(text(), \"Cost Center\")]"}
COMMAND: GET /session/c5b1ef57caa26d27c0af8f03bb65535b/screenshot - {}
RESULT: {"using":"xpath","value":"//span[contains(text(), \"Cost Center\")]"}
COMMAND: POST /session/c5b1ef57caa26d27c0af8f03bb65535b/element/f.FCC204B58DEBB53E51F41DDFA2FB85CF.d.CA1F45E72800FE172AE89B67C182B099.e.10368/click - {}
RESULT: {}
RESULT: {}
COMMAND: GET /session/c5b1ef57caa26d27c0af8f03bb65535b/screenshot - {}
RESULT: {}
COMMAND: POST /session/c5b1ef57caa26d27c0af8f03bb65535b/element - {"using":"xpath","value":"//span[@id=\"application-manageyards-display-component---NewYard--addressNewCostObjectCstID-vhi\"]"}
RESULT: {"using":"xpath","value":"//span[@id=\"application-manageyards-display-component---NewYard--addressNewCostObjectCstID-vhi\"]"}
COMMAND: POST /session/c5b1ef57caa26d27c0af8f03bb65535b/execute/sync - {"script":"<script> [8489 bytes]","args":[{"element-6066-11e4-a52e-4f735466cecf":"f.FCC204B58DEBB53E51F41DDFA2FB85CF.d.CA1F45E72800FE172AE89B67C182B099.e.10372","ELEMENT":"f.FCC204B58DEBB53E51F41DDFA2FB85CF.d.CA1F45E72800FE172AE89B67C182B099.e.10372"}]}
RESULT: {"script":"<script> [8489 bytes]","args":[{"element-6066-11e4-a52e-4f735466cecf":"f.FCC204B58DEBB53E51F41DDFA2FB85CF.d.CA1F45E72800FE172AE89B67C182B099.e.10372","ELEMENT":"f.FCC204B58DEBB53E51F41DDFA2FB85CF.d.CA1F45E72800FE172AE89B67C182B099.e.10372"}]}
COMMAND: POST /session/c5b1ef57caa26d27c0af8f03bb65535b/execute/async - {"script":"<script> [1562 bytes]","args":[{"selector":{"id":"application-manageyards-display-component---NewYard--addressNewCostObjectCstID-vhi"},"wdio_ui5_key":"applicationmanageyards-display-component---NewYard--addressNewCostObjectCstID-vhi"}]}
COMMAND: GET /session/c5b1ef57caa26d27c0af8f03bb65535b/screenshot - {}
RESULT: {"script":"<script> [1562 bytes]","args":[{"selector":{"id":"application-manageyards-display-component---NewYard--addressNewCostObjectCstID-vhi"},"wdio_ui5_key":"applicationmanageyards-display-component---NewYard--addressNewCostObjectCstID-vhi"}]}
RESULT: undefined
COMMAND: POST /session/c5b1ef57caa26d27c0af8f03bb65535b/element - {"using":"xpath","value":"//*[@id=\"application-manageyards-display-component---NewYard--addressNewCostObjectCstID-vhi\"]"}
RESULT: {}
RESULT: {"using":"xpath","value":"//*[@id=\"application-manageyards-display-component---NewYard--addressNewCostObjectCstID-vhi\"]"}
COMMAND: POST /session/c5b1ef57caa26d27c0af8f03bb65535b/element/f.FCC204B58DEBB53E51F41DDFA2FB85CF.d.CA1F45E72800FE172AE89B67C182B099.e.10372/click - {}
RESULT: {}
COMMAND: GET /session/c5b1ef57caa26d27c0af8f03bb65535b/screenshot - {}
RESULT: {}
COMMAND: POST /session/c5b1ef57caa26d27c0af8f03bb65535b/execute/async - {"script":"<script> [1562 bytes]","args":[{"selector":{"controlType":"sap.m.SearchField","properties":{"placeholder":"Search"},"searchOpenDialogs":true,"interaction":{"idSuffix":"I"}},"wdio_ui5_key":"sapm.SearchField{\"placeholder\":\"Search\"}"}]}
RESULT: {"script":"<script> [1562 bytes]","args":[{"selector":{"controlType":"sap.m.SearchField","properties":{"placeholder":"Search"},"searchOpenDialogs":true,"interaction":{"idSuffix":"I"}},"wdio_ui5_key":"sapm.SearchField{\"placeholder\":\"Search\"}"}]}
RESULT: undefined
COMMAND: POST /session/c5b1ef57caa26d27c0af8f03bb65535b/execute/async - {"script":"<script> [776 bytes]","args":[{"enterText":"bauh_b","selector":{"controlType":"sap.m.SearchField","properties":{"placeholder":"Search"},"searchOpenDialogs":true,"interaction":{"idSuffix":"I"}},"clearTextFirst":true,"interactionType":"ENTER_TEXT"}]}
RESULT: {"script":"<script> [776 bytes]","args":[{"enterText":"bauh_b","selector":{"controlType":"sap.m.SearchField","properties":{"placeholder":"Search"},"searchOpenDialogs":true,"interaction":{"idSuffix":"I"}},"clearTextFirst":true,"interactionType":"ENTER_TEXT"}]}
COMMAND: POST /session/c5b1ef57caa26d27c0af8f03bb65535b/actions - {"actions":[{"id":"action30","type":"key","parameters":{},"actions":[{"type":"keyDown","value":"î€‡"},{"type":"pause","duration":10},{"type":"keyUp","value":"î€‡"}]}]}
RESULT: {"actions":[{"id":"action30","type":"key","parameters":{},"actions":[{"type":"keyDown","value":"î€‡"},{"type":"pause","duration":10},{"type":"keyUp","value":"î€‡"}]}]}
COMMAND: GET /session/c5b1ef57caa26d27c0af8f03bb65535b/screenshot - {}
RESULT: {}
COMMAND: POST /session/c5b1ef57caa26d27c0af8f03bb65535b/element - {"using":"xpath","value":"//span[contains(text(), \"Demo Yard\")]"}
RESULT: {"using":"xpath","value":"//span[contains(text(), \"Demo Yard\")]"}
COMMAND: POST /session/c5b1ef57caa26d27c0af8f03bb65535b/element/f.FCC204B58DEBB53E51F41DDFA2FB85CF.d.CA1F45E72800FE172AE89B67C182B099.e.10380/click - {}
RESULT: {}
COMMAND: GET /session/c5b1ef57caa26d27c0af8f03bb65535b/screenshot - {}
RESULT: {}
COMMAND: POST /session/c5b1ef57caa26d27c0af8f03bb65535b/element - {"using":"xpath","value":"//bdi[contains(text(), \"OK\")]"}
RESULT: {"using":"xpath","value":"//bdi[contains(text(), \"OK\")]"}
COMMAND: POST /session/c5b1ef57caa26d27c0af8f03bb65535b/element/f.FCC204B58DEBB53E51F41DDFA2FB85CF.d.CA1F45E72800FE172AE89B67C182B099.e.10382/click - {}
RESULT: {}
COMMAND: GET /session/c5b1ef57caa26d27c0af8f03bb65535b/screenshot - {}
RESULT: {}
COMMAND: POST /session/c5b1ef57caa26d27c0af8f03bb65535b/execute/async - {"script":"<script> [1562 bytes]","args":[{"selector":{"id":"application-manageyards-display-component---NewYard--addressEditDetailsCurrency-arrow"},"wdio_ui5_key":"applicationmanageyards-display-component---NewYard--addressEditDetailsCurrency-arrow"}]}
RESULT: {"script":"<script> [1562 bytes]","args":[{"selector":{"id":"application-manageyards-display-component---NewYard--addressEditDetailsCurrency-arrow"},"wdio_ui5_key":"applicationmanageyards-display-component---NewYard--addressEditDetailsCurrency-arrow"}]}
RESULT: undefined
COMMAND: POST /session/c5b1ef57caa26d27c0af8f03bb65535b/element - {"using":"xpath","value":"//*[@id=\"application-manageyards-display-component---NewYard--addressEditDetailsCurrency-arrow\"]"}
RESULT: {"using":"xpath","value":"//*[@id=\"application-manageyards-display-component---NewYard--addressEditDetailsCurrency-arrow\"]"}
COMMAND: POST /session/c5b1ef57caa26d27c0af8f03bb65535b/element/f.FCC204B58DEBB53E51F41DDFA2FB85CF.d.CA1F45E72800FE172AE89B67C182B099.e.10385/click - {}
RESULT: {}
COMMAND: POST /session/c5b1ef57caa26d27c0af8f03bb65535b/element - {"using":"xpath","value":"//span[contains(text(), \"Euro\")]"}
COMMAND: GET /session/c5b1ef57caa26d27c0af8f03bb65535b/screenshot - {}
RESULT: {"using":"xpath","value":"//span[contains(text(), \"Euro\")]"}
COMMAND: POST /session/c5b1ef57caa26d27c0af8f03bb65535b/element/f.FCC204B58DEBB53E51F41DDFA2FB85CF.d.CA1F45E72800FE172AE89B67C182B099.e.10386/click - {}
RESULT: {}
RESULT: {}
COMMAND: POST /session/c5b1ef57caa26d27c0af8f03bb65535b/execute/async - {"script":"<script> [1562 bytes]","args":[{"selector":{"controlType":"sap.m.Input","viewName":"etm.portal.ui.manageyards.view.New","viewId":"application-manageyards-display-component---NewYard","bindingPath":{"path":"","propertyPath":"/CONTROLLING_AREA","modelName":"NewYardModel"},"interaction":{"idSuffix":"inner"}},"wdio_ui5_key":"etmportal.ui.manageyards.view.Newsap.m.Input{\"path\":\"\",\"propertyPath\":\"/CONTROLLING_AREA\",\"modelName\":\"NewYardModel\"}"}]}
COMMAND: GET /session/c5b1ef57caa26d27c0af8f03bb65535b/screenshot - {}
RESULT: {"script":"<script> [1562 bytes]","args":[{"selector":{"controlType":"sap.m.Input","viewName":"etm.portal.ui.manageyards.view.New","viewId":"application-manageyards-display-component---NewYard","bindingPath":{"path":"","propertyPath":"/CONTROLLING_AREA","modelName":"NewYardModel"},"interaction":{"idSuffix":"inner"}},"wdio_ui5_key":"etmportal.ui.manageyards.view.Newsap.m.Input{\"path\":\"\",\"propertyPath\":\"/CONTROLLING_AREA\",\"modelName\":\"NewYardModel\"}"}]}
RESULT: undefined
COMMAND: POST /session/c5b1ef57caa26d27c0af8f03bb65535b/execute/async - {"script":"<script> [776 bytes]","args":[{"enterText":"Z001","selector":{"controlType":"sap.m.Input","viewName":"etm.portal.ui.manageyards.view.New","viewId":"application-manageyards-display-component---NewYard","bindingPath":{"path":"","propertyPath":"/CONTROLLING_AREA","modelName":"NewYardModel"},"interaction":{"idSuffix":"inner"}},"clearTextFirst":true,"interactionType":"ENTER_TEXT"}]}
RESULT: {}
RESULT: {"script":"<script> [776 bytes]","args":[{"enterText":"Z001","selector":{"controlType":"sap.m.Input","viewName":"etm.portal.ui.manageyards.view.New","viewId":"application-manageyards-display-component---NewYard","bindingPath":{"path":"","propertyPath":"/CONTROLLING_AREA","modelName":"NewYardModel"},"interaction":{"idSuffix":"inner"}},"clearTextFirst":true,"interactionType":"ENTER_TEXT"}]}
COMMAND: POST /session/c5b1ef57caa26d27c0af8f03bb65535b/execute/async - {"script":"<script> [1562 bytes]","args":[{"selector":{"id":"application-manageyards-display-component---NewYard--companyCodeComboBox","interaction":{"idSuffix":"inner"}},"wdio_ui5_key":"applicationmanageyards-display-component---NewYard--companyCodeComboBox"}]}
RESULT: {"script":"<script> [1562 bytes]","args":[{"selector":{"id":"application-manageyards-display-component---NewYard--companyCodeComboBox","interaction":{"idSuffix":"inner"}},"wdio_ui5_key":"applicationmanageyards-display-component---NewYard--companyCodeComboBox"}]}
RESULT: undefined
COMMAND: POST /session/c5b1ef57caa26d27c0af8f03bb65535b/execute/async - {"script":"<script> [776 bytes]","args":[{"enterText":"1000","selector":{"id":"application-manageyards-display-component---NewYard--companyCodeComboBox","interaction":{"idSuffix":"inner"}},"clearTextFirst":true,"interactionType":"ENTER_TEXT"}]}
RESULT: {"script":"<script> [776 bytes]","args":[{"enterText":"1000","selector":{"id":"application-manageyards-display-component---NewYard--companyCodeComboBox","interaction":{"idSuffix":"inner"}},"clearTextFirst":true,"interactionType":"ENTER_TEXT"}]}
COMMAND: POST /session/c5b1ef57caa26d27c0af8f03bb65535b/execute/async - {"script":"<script> [1562 bytes]","args":[{"selector":{"controlType":"sap.m.Input","viewName":"etm.portal.ui.manageyards.view.New","viewId":"application-manageyards-display-component---NewYard","bindingPath":{"path":"","propertyPath":"/PLANT","modelName":"NewYardModel"},"interaction":{"idSuffix":"inner"}},"wdio_ui5_key":"etmportal.ui.manageyards.view.Newsap.m.Input{\"path\":\"\",\"propertyPath\":\"/PLANT\",\"modelName\":\"NewYardModel\"}"}]}
RESULT: {"script":"<script> [1562 bytes]","args":[{"selector":{"controlType":"sap.m.Input","viewName":"etm.portal.ui.manageyards.view.New","viewId":"application-manageyards-display-component---NewYard","bindingPath":{"path":"","propertyPath":"/PLANT","modelName":"NewYardModel"},"interaction":{"idSuffix":"inner"}},"wdio_ui5_key":"etmportal.ui.manageyards.view.Newsap.m.Input{\"path\":\"\",\"propertyPath\":\"/PLANT\",\"modelName\":\"NewYardModel\"}"}]}
RESULT: undefined
COMMAND: POST /session/c5b1ef57caa26d27c0af8f03bb65535b/execute/async - {"script":"<script> [776 bytes]","args":[{"enterText":"1001","selector":{"controlType":"sap.m.Input","viewName":"etm.portal.ui.manageyards.view.New","viewId":"application-manageyards-display-component---NewYard","bindingPath":{"path":"","propertyPath":"/PLANT","modelName":"NewYardModel"},"interaction":{"idSuffix":"inner"}},"clearTextFirst":true,"interactionType":"ENTER_TEXT"}]}
RESULT: {"script":"<script> [776 bytes]","args":[{"enterText":"1001","selector":{"controlType":"sap.m.Input","viewName":"etm.portal.ui.manageyards.view.New","viewId":"application-manageyards-display-component---NewYard","bindingPath":{"path":"","propertyPath":"/PLANT","modelName":"NewYardModel"},"interaction":{"idSuffix":"inner"}},"clearTextFirst":true,"interactionType":"ENTER_TEXT"}]}
COMMAND: POST /session/c5b1ef57caa26d27c0af8f03bb65535b/execute/async - {"script":"<script> [1562 bytes]","args":[{"selector":{"controlType":"sap.m.Input","viewName":"etm.portal.ui.manageyards.view.New","viewId":"application-manageyards-display-component---NewYard","bindingPath":{"path":"","propertyPath":"/SALES_AREA_VKORG","modelName":"NewYardModel"},"interaction":{"idSuffix":"inner"}},"wdio_ui5_key":"etmportal.ui.manageyards.view.Newsap.m.Input{\"path\":\"\",\"propertyPath\":\"/SALES_AREA_VKORG\",\"modelName\":\"NewYardModel\"}"}]}
RESULT: {"script":"<script> [1562 bytes]","args":[{"selector":{"controlType":"sap.m.Input","viewName":"etm.portal.ui.manageyards.view.New","viewId":"application-manageyards-display-component---NewYard","bindingPath":{"path":"","propertyPath":"/SALES_AREA_VKORG","modelName":"NewYardModel"},"interaction":{"idSuffix":"inner"}},"wdio_ui5_key":"etmportal.ui.manageyards.view.Newsap.m.Input{\"path\":\"\",\"propertyPath\":\"/SALES_AREA_VKORG\",\"modelName\":\"NewYardModel\"}"}]}
RESULT: undefined
COMMAND: POST /session/c5b1ef57caa26d27c0af8f03bb65535b/execute/async - {"script":"<script> [776 bytes]","args":[{"enterText":"C002","selector":{"controlType":"sap.m.Input","viewName":"etm.portal.ui.manageyards.view.New","viewId":"application-manageyards-display-component---NewYard","bindingPath":{"path":"","propertyPath":"/SALES_AREA_VKORG","modelName":"NewYardModel"},"interaction":{"idSuffix":"inner"}},"clearTextFirst":true,"interactionType":"ENTER_TEXT"}]}
RESULT: {"script":"<script> [776 bytes]","args":[{"enterText":"C002","selector":{"controlType":"sap.m.Input","viewName":"etm.portal.ui.manageyards.view.New","viewId":"application-manageyards-display-component---NewYard","bindingPath":{"path":"","propertyPath":"/SALES_AREA_VKORG","modelName":"NewYardModel"},"interaction":{"idSuffix":"inner"}},"clearTextFirst":true,"interactionType":"ENTER_TEXT"}]}
COMMAND: POST /session/c5b1ef57caa26d27c0af8f03bb65535b/execute/async - {"script":"<script> [1562 bytes]","args":[{"selector":{"controlType":"sap.m.Input","viewName":"etm.portal.ui.manageyards.view.New","viewId":"application-manageyards-display-component---NewYard","bindingPath":{"path":"","propertyPath":"/SALES_AREA_VTWEG","modelName":"NewYardModel"},"interaction":{"idSuffix":"inner"}},"wdio_ui5_key":"etmportal.ui.manageyards.view.Newsap.m.Input{\"path\":\"\",\"propertyPath\":\"/SALES_AREA_VTWEG\",\"modelName\":\"NewYardModel\"}"}]}
RESULT: {"script":"<script> [1562 bytes]","args":[{"selector":{"controlType":"sap.m.Input","viewName":"etm.portal.ui.manageyards.view.New","viewId":"application-manageyards-display-component---NewYard","bindingPath":{"path":"","propertyPath":"/SALES_AREA_VTWEG","modelName":"NewYardModel"},"interaction":{"idSuffix":"inner"}},"wdio_ui5_key":"etmportal.ui.manageyards.view.Newsap.m.Input{\"path\":\"\",\"propertyPath\":\"/SALES_AREA_VTWEG\",\"modelName\":\"NewYardModel\"}"}]}
RESULT: undefined
COMMAND: POST /session/c5b1ef57caa26d27c0af8f03bb65535b/execute/async - {"script":"<script> [776 bytes]","args":[{"enterText":"C2","selector":{"controlType":"sap.m.Input","viewName":"etm.portal.ui.manageyards.view.New","viewId":"application-manageyards-display-component---NewYard","bindingPath":{"path":"","propertyPath":"/SALES_AREA_VTWEG","modelName":"NewYardModel"},"interaction":{"idSuffix":"inner"}},"clearTextFirst":true,"interactionType":"ENTER_TEXT"}]}
RESULT: {"script":"<script> [776 bytes]","args":[{"enterText":"C2","selector":{"controlType":"sap.m.Input","viewName":"etm.portal.ui.manageyards.view.New","viewId":"application-manageyards-display-component---NewYard","bindingPath":{"path":"","propertyPath":"/SALES_AREA_VTWEG","modelName":"NewYardModel"},"interaction":{"idSuffix":"inner"}},"clearTextFirst":true,"interactionType":"ENTER_TEXT"}]}
COMMAND: POST /session/c5b1ef57caa26d27c0af8f03bb65535b/execute/async - {"script":"<script> [1562 bytes]","args":[{"selector":{"controlType":"sap.m.Input","viewName":"etm.portal.ui.manageyards.view.New","viewId":"application-manageyards-display-component---NewYard","bindingPath":{"path":"","propertyPath":"/SALES_AREA_SPART","modelName":"NewYardModel"},"interaction":{"idSuffix":"inner"}},"wdio_ui5_key":"etmportal.ui.manageyards.view.Newsap.m.Input{\"path\":\"\",\"propertyPath\":\"/SALES_AREA_SPART\",\"modelName\":\"NewYardModel\"}"}]}
RESULT: {"script":"<script> [1562 bytes]","args":[{"selector":{"controlType":"sap.m.Input","viewName":"etm.portal.ui.manageyards.view.New","viewId":"application-manageyards-display-component---NewYard","bindingPath":{"path":"","propertyPath":"/SALES_AREA_SPART","modelName":"NewYardModel"},"interaction":{"idSuffix":"inner"}},"wdio_ui5_key":"etmportal.ui.manageyards.view.Newsap.m.Input{\"path\":\"\",\"propertyPath\":\"/SALES_AREA_SPART\",\"modelName\":\"NewYardModel\"}"}]}
RESULT: undefined
COMMAND: POST /session/c5b1ef57caa26d27c0af8f03bb65535b/execute/async - {"script":"<script> [776 bytes]","args":[{"enterText":"C2","selector":{"controlType":"sap.m.Input","viewName":"etm.portal.ui.manageyards.view.New","viewId":"application-manageyards-display-component---NewYard","bindingPath":{"path":"","propertyPath":"/SALES_AREA_SPART","modelName":"NewYardModel"},"interaction":{"idSuffix":"inner"}},"clearTextFirst":true,"interactionType":"ENTER_TEXT"}]}
RESULT: {"script":"<script> [776 bytes]","args":[{"enterText":"C2","selector":{"controlType":"sap.m.Input","viewName":"etm.portal.ui.manageyards.view.New","viewId":"application-manageyards-display-component---NewYard","bindingPath":{"path":"","propertyPath":"/SALES_AREA_SPART","modelName":"NewYardModel"},"interaction":{"idSuffix":"inner"}},"clearTextFirst":true,"interactionType":"ENTER_TEXT"}]}
COMMAND: POST /session/c5b1ef57caa26d27c0af8f03bb65535b/execute/async - {"script":"<script> [1562 bytes]","args":[{"selector":{"controlType":"sap.m.Input","viewName":"etm.portal.ui.manageyards.view.New","viewId":"application-manageyards-display-component---NewYard","bindingPath":{"path":"","propertyPath":"/SHIP_POINT","modelName":"NewYardModel"},"interaction":{"idSuffix":"inner"}},"wdio_ui5_key":"etmportal.ui.manageyards.view.Newsap.m.Input{\"path\":\"\",\"propertyPath\":\"/SHIP_POINT\",\"modelName\":\"NewYardModel\"}"}]}
RESULT: {"script":"<script> [1562 bytes]","args":[{"selector":{"controlType":"sap.m.Input","viewName":"etm.portal.ui.manageyards.view.New","viewId":"application-manageyards-display-component---NewYard","bindingPath":{"path":"","propertyPath":"/SHIP_POINT","modelName":"NewYardModel"},"interaction":{"idSuffix":"inner"}},"wdio_ui5_key":"etmportal.ui.manageyards.view.Newsap.m.Input{\"path\":\"\",\"propertyPath\":\"/SHIP_POINT\",\"modelName\":\"NewYardModel\"}"}]}
RESULT: undefined
COMMAND: POST /session/c5b1ef57caa26d27c0af8f03bb65535b/execute/async - {"script":"<script> [776 bytes]","args":[{"enterText":"1710","selector":{"controlType":"sap.m.Input","viewName":"etm.portal.ui.manageyards.view.New","viewId":"application-manageyards-display-component---NewYard","bindingPath":{"path":"","propertyPath":"/SHIP_POINT","modelName":"NewYardModel"},"interaction":{"idSuffix":"inner"}},"clearTextFirst":true,"interactionType":"ENTER_TEXT"}]}
RESULT: {"script":"<script> [776 bytes]","args":[{"enterText":"1710","selector":{"controlType":"sap.m.Input","viewName":"etm.portal.ui.manageyards.view.New","viewId":"application-manageyards-display-component---NewYard","bindingPath":{"path":"","propertyPath":"/SHIP_POINT","modelName":"NewYardModel"},"interaction":{"idSuffix":"inner"}},"clearTextFirst":true,"interactionType":"ENTER_TEXT"}]}
COMMAND: POST /session/c5b1ef57caa26d27c0af8f03bb65535b/execute/async - {"script":"<script> [1562 bytes]","args":[{"selector":{"controlType":"sap.m.Input","viewName":"etm.portal.ui.manageyards.view.New","viewId":"application-manageyards-display-component---NewYard","bindingPath":{"path":"","propertyPath":"/DELIVERY_TYPE","modelName":"NewYardModel"},"interaction":{"idSuffix":"inner"}},"wdio_ui5_key":"etmportal.ui.manageyards.view.Newsap.m.Input{\"path\":\"\",\"propertyPath\":\"/DELIVERY_TYPE\",\"modelName\":\"NewYardModel\"}"}]}
RESULT: {"script":"<script> [1562 bytes]","args":[{"selector":{"controlType":"sap.m.Input","viewName":"etm.portal.ui.manageyards.view.New","viewId":"application-manageyards-display-component---NewYard","bindingPath":{"path":"","propertyPath":"/DELIVERY_TYPE","modelName":"NewYardModel"},"interaction":{"idSuffix":"inner"}},"wdio_ui5_key":"etmportal.ui.manageyards.view.Newsap.m.Input{\"path\":\"\",\"propertyPath\":\"/DELIVERY_TYPE\",\"modelName\":\"NewYardModel\"}"}]}
RESULT: undefined
COMMAND: POST /session/c5b1ef57caa26d27c0af8f03bb65535b/execute/async - {"script":"<script> [776 bytes]","args":[{"enterText":"ZL01","selector":{"controlType":"sap.m.Input","viewName":"etm.portal.ui.manageyards.view.New","viewId":"application-manageyards-display-component---NewYard","bindingPath":{"path":"","propertyPath":"/DELIVERY_TYPE","modelName":"NewYardModel"},"interaction":{"idSuffix":"inner"}},"clearTextFirst":true,"interactionType":"ENTER_TEXT"}]}
RESULT: {"script":"<script> [776 bytes]","args":[{"enterText":"ZL01","selector":{"controlType":"sap.m.Input","viewName":"etm.portal.ui.manageyards.view.New","viewId":"application-manageyards-display-component---NewYard","bindingPath":{"path":"","propertyPath":"/DELIVERY_TYPE","modelName":"NewYardModel"},"interaction":{"idSuffix":"inner"}},"clearTextFirst":true,"interactionType":"ENTER_TEXT"}]}
COMMAND: POST /session/c5b1ef57caa26d27c0af8f03bb65535b/execute/async - {"script":"<script> [1562 bytes]","args":[{"selector":{"controlType":"sap.m.Input","viewName":"etm.portal.ui.manageyards.view.New","viewId":"application-manageyards-display-component---NewYard","bindingPath":{"path":"","propertyPath":"/AUART","modelName":"NewYardModel"},"interaction":{"idSuffix":"inner"}},"wdio_ui5_key":"etmportal.ui.manageyards.view.Newsap.m.Input{\"path\":\"\",\"propertyPath\":\"/AUART\",\"modelName\":\"NewYardModel\"}"}]}
RESULT: {"script":"<script> [1562 bytes]","args":[{"selector":{"controlType":"sap.m.Input","viewName":"etm.portal.ui.manageyards.view.New","viewId":"application-manageyards-display-component---NewYard","bindingPath":{"path":"","propertyPath":"/AUART","modelName":"NewYardModel"},"interaction":{"idSuffix":"inner"}},"wdio_ui5_key":"etmportal.ui.manageyards.view.Newsap.m.Input{\"path\":\"\",\"propertyPath\":\"/AUART\",\"modelName\":\"NewYardModel\"}"}]}
RESULT: undefined
COMMAND: POST /session/c5b1ef57caa26d27c0af8f03bb65535b/execute/async - {"script":"<script> [776 bytes]","args":[{"enterText":"TA","selector":{"controlType":"sap.m.Input","viewName":"etm.portal.ui.manageyards.view.New","viewId":"application-manageyards-display-component---NewYard","bindingPath":{"path":"","propertyPath":"/AUART","modelName":"NewYardModel"},"interaction":{"idSuffix":"inner"}},"clearTextFirst":true,"interactionType":"ENTER_TEXT"}]}
RESULT: {"script":"<script> [776 bytes]","args":[{"enterText":"TA","selector":{"controlType":"sap.m.Input","viewName":"etm.portal.ui.manageyards.view.New","viewId":"application-manageyards-display-component---NewYard","bindingPath":{"path":"","propertyPath":"/AUART","modelName":"NewYardModel"},"interaction":{"idSuffix":"inner"}},"clearTextFirst":true,"interactionType":"ENTER_TEXT"}]}
COMMAND: POST /session/c5b1ef57caa26d27c0af8f03bb65535b/element - {"using":"xpath","value":"//button[@data-kt=\"newYardSaveButton\"]"}
RESULT: {"using":"xpath","value":"//button[@data-kt=\"newYardSaveButton\"]"}
COMMAND: POST /session/c5b1ef57caa26d27c0af8f03bb65535b/element/f.FCC204B58DEBB53E51F41DDFA2FB85CF.d.CA1F45E72800FE172AE89B67C182B099.e.10345/click - {}
RESULT: {}
COMMAND: GET /session/c5b1ef57caa26d27c0af8f03bb65535b/screenshot - {}
RESULT: {}
COMMAND: POST /session/c5b1ef57caa26d27c0af8f03bb65535b/element - {"using":"xpath","value":"//header[contains(@id, 'ObjectPageLayout-headerTitle')]/div[1]/div[2]/div[1]/span[1]"}
RESULT: {"using":"xpath","value":"//header[contains(@id, 'ObjectPageLayout-headerTitle')]/div[1]/div[2]/div[1]/span[1]"}
COMMAND: POST /session/c5b1ef57caa26d27c0af8f03bb65535b/elements - {"using":"xpath","value":"//header[contains(@id, 'ObjectPageLayout-headerTitle')]/div[1]/div[2]/div[1]/span[1]"}
RESULT: {"using":"xpath","value":"//header[contains(@id, 'ObjectPageLayout-headerTitle')]/div[1]/div[2]/div[1]/span[1]"}
COMMAND: POST /session/c5b1ef57caa26d27c0af8f03bb65535b/execute/sync - {"script":"<script> [56 bytes]","args":[{"element-6066-11e4-a52e-4f735466cecf":"f.FCC204B58DEBB53E51F41DDFA2FB85CF.d.CA1F45E72800FE172AE89B67C182B099.e.10604","ELEMENT":"f.FCC204B58DEBB53E51F41DDFA2FB85CF.d.CA1F45E72800FE172AE89B67C182B099.e.10604"}]}
RESULT: {"script":"<script> [56 bytes]","args":[{"element-6066-11e4-a52e-4f735466cecf":"f.FCC204B58DEBB53E51F41DDFA2FB85CF.d.CA1F45E72800FE172AE89B67C182B099.e.10604","ELEMENT":"f.FCC204B58DEBB53E51F41DDFA2FB85CF.d.CA1F45E72800FE172AE89B67C182B099.e.10604"}]}
COMMAND: GET /session/c5b1ef57caa26d27c0af8f03bb65535b/screenshot - {}
RESULT: {}
COMMAND: POST /session/c5b1ef57caa26d27c0af8f03bb65535b/element - {"using":"css selector","value":"#shell-header-logo"}
RESULT: {"using":"css selector","value":"#shell-header-logo"}
COMMAND: POST /session/c5b1ef57caa26d27c0af8f03bb65535b/element/f.FCC204B58DEBB53E51F41DDFA2FB85CF.d.CA1F45E72800FE172AE89B67C182B099.e.9910/click - {}
RESULT: {}
COMMAND: GET /session/c5b1ef57caa26d27c0af8f03bb65535b/screenshot - {}
RESULT: {}
COMMAND: POST /session/c5b1ef57caa26d27c0af8f03bb65535b/execute/sync - {"script":"<script> [299 bytes]","args":[["getModel","getResource"]]}
RESULT: {"script":"<script> [299 bytes]","args":[["getModel","getResource"]]}
COMMAND: GET /session/c5b1ef57caa26d27c0af8f03bb65535b/screenshot - {}
]]></system-out>
    </testcase>
    <testcase classname="chrome.137_0_7151_56.windows.Create_partner_US118246" name="Should create new external partner" time="105.333">
      <system-out><![CDATA[
COMMAND: POST /session/c5b1ef57caa26d27c0af8f03bb65535b/window/fullscreen - {}
RESULT: {}
RESULT: {}
COMMAND: POST /session/c5b1ef57caa26d27c0af8f03bb65535b/execute/async - {"script":"<script> [1562 bytes]","args":[{"selector":{"controlType":"sap.m.GenericTile","properties":{"header":"Manage Partners"}},"wdio_ui5_key":"sapm.GenericTile{\"header\":\"Manage Partners\"}"}]}
RESULT: {"script":"<script> [1562 bytes]","args":[{"selector":{"controlType":"sap.m.GenericTile","properties":{"header":"Manage Partners"}},"wdio_ui5_key":"sapm.GenericTile{\"header\":\"Manage Partners\"}"}]}
RESULT: undefined
COMMAND: POST /session/c5b1ef57caa26d27c0af8f03bb65535b/element - {"using":"xpath","value":"//*[@id=\"__tile38\"]"}
RESULT: {"using":"xpath","value":"//*[@id=\"__tile38\"]"}
COMMAND: POST /session/c5b1ef57caa26d27c0af8f03bb65535b/element/f.FCC204B58DEBB53E51F41DDFA2FB85CF.d.CA1F45E72800FE172AE89B67C182B099.e.9807/click - {}
RESULT: {}
COMMAND: GET /session/c5b1ef57caa26d27c0af8f03bb65535b/screenshot - {}
RESULT: {}
COMMAND: POST /session/c5b1ef57caa26d27c0af8f03bb65535b/elements - {"using":"xpath","value":"//span[text()='Error']"}
RESULT: {"using":"xpath","value":"//span[text()='Error']"}
COMMAND: POST /session/c5b1ef57caa26d27c0af8f03bb65535b/element - {"using":"xpath","value":"//button[@data-kt=\"addButton\"]"}
RESULT: {"using":"xpath","value":"//button[@data-kt=\"addButton\"]"}
COMMAND: POST /session/c5b1ef57caa26d27c0af8f03bb65535b/elements - {"using":"xpath","value":"//button[@data-kt=\"addButton\"]"}
RESULT: {"using":"xpath","value":"//button[@data-kt=\"addButton\"]"}
COMMAND: POST /session/c5b1ef57caa26d27c0af8f03bb65535b/execute/sync - {"script":"<script> [8489 bytes]","args":[{"element-6066-11e4-a52e-4f735466cecf":"f.FCC204B58DEBB53E51F41DDFA2FB85CF.d.CA1F45E72800FE172AE89B67C182B099.e.10652","ELEMENT":"f.FCC204B58DEBB53E51F41DDFA2FB85CF.d.CA1F45E72800FE172AE89B67C182B099.e.10652"}]}
RESULT: {"script":"<script> [8489 bytes]","args":[{"element-6066-11e4-a52e-4f735466cecf":"f.FCC204B58DEBB53E51F41DDFA2FB85CF.d.CA1F45E72800FE172AE89B67C182B099.e.10652","ELEMENT":"f.FCC204B58DEBB53E51F41DDFA2FB85CF.d.CA1F45E72800FE172AE89B67C182B099.e.10652"}]}
COMMAND: GET /session/c5b1ef57caa26d27c0af8f03bb65535b/element/f.FCC204B58DEBB53E51F41DDFA2FB85CF.d.CA1F45E72800FE172AE89B67C182B099.e.10652/enabled - {}
COMMAND: GET /session/c5b1ef57caa26d27c0af8f03bb65535b/screenshot - {}
RESULT: {}
COMMAND: POST /session/c5b1ef57caa26d27c0af8f03bb65535b/execute/sync - {"script":"<script> [8489 bytes]","args":[{"element-6066-11e4-a52e-4f735466cecf":"f.FCC204B58DEBB53E51F41DDFA2FB85CF.d.CA1F45E72800FE172AE89B67C182B099.e.10652","ELEMENT":"f.FCC204B58DEBB53E51F41DDFA2FB85CF.d.CA1F45E72800FE172AE89B67C182B099.e.10652"}]}
COMMAND: GET /session/c5b1ef57caa26d27c0af8f03bb65535b/screenshot - {}
RESULT: {}
RESULT: {"script":"<script> [8489 bytes]","args":[{"element-6066-11e4-a52e-4f735466cecf":"f.FCC204B58DEBB53E51F41DDFA2FB85CF.d.CA1F45E72800FE172AE89B67C182B099.e.10652","ELEMENT":"f.FCC204B58DEBB53E51F41DDFA2FB85CF.d.CA1F45E72800FE172AE89B67C182B099.e.10652"}]}
COMMAND: POST /session/c5b1ef57caa26d27c0af8f03bb65535b/execute/sync - {"script":"<script> [5351 bytes]","args":[{"element-6066-11e4-a52e-4f735466cecf":"f.FCC204B58DEBB53E51F41DDFA2FB85CF.d.CA1F45E72800FE172AE89B67C182B099.e.10652","ELEMENT":"f.FCC204B58DEBB53E51F41DDFA2FB85CF.d.CA1F45E72800FE172AE89B67C182B099.e.10652"}]}
COMMAND: GET /session/c5b1ef57caa26d27c0af8f03bb65535b/screenshot - {}
RESULT: {}
RESULT: {"script":"<script> [5351 bytes]","args":[{"element-6066-11e4-a52e-4f735466cecf":"f.FCC204B58DEBB53E51F41DDFA2FB85CF.d.CA1F45E72800FE172AE89B67C182B099.e.10652","ELEMENT":"f.FCC204B58DEBB53E51F41DDFA2FB85CF.d.CA1F45E72800FE172AE89B67C182B099.e.10652"}]}
COMMAND: POST /session/c5b1ef57caa26d27c0af8f03bb65535b/element/f.FCC204B58DEBB53E51F41DDFA2FB85CF.d.CA1F45E72800FE172AE89B67C182B099.e.10652/click - {}
COMMAND: GET /session/c5b1ef57caa26d27c0af8f03bb65535b/screenshot - {}
RESULT: {}
RESULT: {}
COMMAND: GET /session/c5b1ef57caa26d27c0af8f03bb65535b/screenshot - {}
COMMAND: POST /session/c5b1ef57caa26d27c0af8f03bb65535b/execute/async - {"script":"<script> [1562 bytes]","args":[{"selector":{"id":"application-managepartners-display-component---NewPartner--addressDetailDetailsName1","interaction":{"idSuffix":"inner"}},"wdio_ui5_key":"applicationmanagepartners-display-component---NewPartner--addressDetailDetailsName1"}]}
RESULT: {}
RESULT: {}
RESULT: {"script":"<script> [1562 bytes]","args":[{"selector":{"id":"application-managepartners-display-component---NewPartner--addressDetailDetailsName1","interaction":{"idSuffix":"inner"}},"wdio_ui5_key":"applicationmanagepartners-display-component---NewPartner--addressDetailDetailsName1"}]}
RESULT: undefined
COMMAND: POST /session/c5b1ef57caa26d27c0af8f03bb65535b/execute/async - {"script":"<script> [776 bytes]","args":[{"enterText":"External Partner WDIO","selector":{"id":"application-managepartners-display-component---NewPartner--addressDetailDetailsName1","interaction":{"idSuffix":"inner"}},"clearTextFirst":true,"interactionType":"ENTER_TEXT"}]}
RESULT: {"script":"<script> [776 bytes]","args":[{"enterText":"External Partner WDIO","selector":{"id":"application-managepartners-display-component---NewPartner--addressDetailDetailsName1","interaction":{"idSuffix":"inner"}},"clearTextFirst":true,"interactionType":"ENTER_TEXT"}]}
COMMAND: POST /session/c5b1ef57caa26d27c0af8f03bb65535b/execute/async - {"script":"<script> [1562 bytes]","args":[{"selector":{"id":"application-managepartners-display-component---NewPartner--addressDetailDetailsLanguage-arrow"},"wdio_ui5_key":"applicationmanagepartners-display-component---NewPartner--addressDetailDetailsLanguage-arrow"}]}
RESULT: {"script":"<script> [1562 bytes]","args":[{"selector":{"id":"application-managepartners-display-component---NewPartner--addressDetailDetailsLanguage-arrow"},"wdio_ui5_key":"applicationmanagepartners-display-component---NewPartner--addressDetailDetailsLanguage-arrow"}]}
RESULT: undefined
COMMAND: POST /session/c5b1ef57caa26d27c0af8f03bb65535b/element - {"using":"xpath","value":"//*[@id=\"application-managepartners-display-component---NewPartner--addressDetailDetailsLanguage-arrow\"]"}
RESULT: {"using":"xpath","value":"//*[@id=\"application-managepartners-display-component---NewPartner--addressDetailDetailsLanguage-arrow\"]"}
COMMAND: POST /session/c5b1ef57caa26d27c0af8f03bb65535b/element/f.FCC204B58DEBB53E51F41DDFA2FB85CF.d.CA1F45E72800FE172AE89B67C182B099.e.11088/click - {}
RESULT: {}
COMMAND: POST /session/c5b1ef57caa26d27c0af8f03bb65535b/element - {"using":"xpath","value":"//span[contains(text(), \"English\")]"}
COMMAND: GET /session/c5b1ef57caa26d27c0af8f03bb65535b/screenshot - {}
RESULT: {"using":"xpath","value":"//span[contains(text(), \"English\")]"}
COMMAND: POST /session/c5b1ef57caa26d27c0af8f03bb65535b/element/f.FCC204B58DEBB53E51F41DDFA2FB85CF.d.CA1F45E72800FE172AE89B67C182B099.e.11089/click - {}
RESULT: {}
RESULT: {}
COMMAND: GET /session/c5b1ef57caa26d27c0af8f03bb65535b/screenshot - {}
RESULT: {}
COMMAND: POST /session/c5b1ef57caa26d27c0af8f03bb65535b/execute/async - {"script":"<script> [1562 bytes]","args":[{"selector":{"id":"application-managepartners-display-component---NewPartner--addressDetailDetailsCity1","interaction":{"idSuffix":"inner"}},"wdio_ui5_key":"applicationmanagepartners-display-component---NewPartner--addressDetailDetailsCity1"}]}
RESULT: {"script":"<script> [1562 bytes]","args":[{"selector":{"id":"application-managepartners-display-component---NewPartner--addressDetailDetailsCity1","interaction":{"idSuffix":"inner"}},"wdio_ui5_key":"applicationmanagepartners-display-component---NewPartner--addressDetailDetailsCity1"}]}
RESULT: undefined
COMMAND: POST /session/c5b1ef57caa26d27c0af8f03bb65535b/execute/async - {"script":"<script> [776 bytes]","args":[{"enterText":"Rosario","selector":{"id":"application-managepartners-display-component---NewPartner--addressDetailDetailsCity1","interaction":{"idSuffix":"inner"}},"clearTextFirst":true,"interactionType":"ENTER_TEXT"}]}
RESULT: {"script":"<script> [776 bytes]","args":[{"enterText":"Rosario","selector":{"id":"application-managepartners-display-component---NewPartner--addressDetailDetailsCity1","interaction":{"idSuffix":"inner"}},"clearTextFirst":true,"interactionType":"ENTER_TEXT"}]}
COMMAND: POST /session/c5b1ef57caa26d27c0af8f03bb65535b/execute/async - {"script":"<script> [1562 bytes]","args":[{"selector":{"id":"application-managepartners-display-component---NewPartner--addressDetailDetailsCountry-arrow"},"wdio_ui5_key":"applicationmanagepartners-display-component---NewPartner--addressDetailDetailsCountry-arrow"}]}
RESULT: {"script":"<script> [1562 bytes]","args":[{"selector":{"id":"application-managepartners-display-component---NewPartner--addressDetailDetailsCountry-arrow"},"wdio_ui5_key":"applicationmanagepartners-display-component---NewPartner--addressDetailDetailsCountry-arrow"}]}
RESULT: undefined
COMMAND: POST /session/c5b1ef57caa26d27c0af8f03bb65535b/element - {"using":"xpath","value":"//*[@id=\"application-managepartners-display-component---NewPartner--addressDetailDetailsCountry-arrow\"]"}
RESULT: {"using":"xpath","value":"//*[@id=\"application-managepartners-display-component---NewPartner--addressDetailDetailsCountry-arrow\"]"}
COMMAND: POST /session/c5b1ef57caa26d27c0af8f03bb65535b/element/f.FCC204B58DEBB53E51F41DDFA2FB85CF.d.CA1F45E72800FE172AE89B67C182B099.e.11070/click - {}
RESULT: {}
COMMAND: POST /session/c5b1ef57caa26d27c0af8f03bb65535b/element - {"using":"xpath","value":"//span[contains(text(), \"Argentina\")]"}
COMMAND: GET /session/c5b1ef57caa26d27c0af8f03bb65535b/screenshot - {}
RESULT: {"using":"xpath","value":"//span[contains(text(), \"Argentina\")]"}
COMMAND: POST /session/c5b1ef57caa26d27c0af8f03bb65535b/element/f.FCC204B58DEBB53E51F41DDFA2FB85CF.d.CA1F45E72800FE172AE89B67C182B099.e.11091/click - {}
RESULT: {}
RESULT: {}
COMMAND: GET /session/c5b1ef57caa26d27c0af8f03bb65535b/screenshot - {}
RESULT: {}
COMMAND: POST /session/c5b1ef57caa26d27c0af8f03bb65535b/element - {"using":"xpath","value":"//bdi[contains(text(), \"Commercial\")]"}
RESULT: {"using":"xpath","value":"//bdi[contains(text(), \"Commercial\")]"}
COMMAND: POST /session/c5b1ef57caa26d27c0af8f03bb65535b/element/f.FCC204B58DEBB53E51F41DDFA2FB85CF.d.CA1F45E72800FE172AE89B67C182B099.e.11092/click - {}
RESULT: {}
COMMAND: GET /session/c5b1ef57caa26d27c0af8f03bb65535b/screenshot - {}
RESULT: {}
COMMAND: POST /session/c5b1ef57caa26d27c0af8f03bb65535b/execute/async - {"script":"<script> [1562 bytes]","args":[{"selector":{"id":"application-managepartners-display-component---NewPartner--partnerDetailInternal-arrow"},"wdio_ui5_key":"applicationmanagepartners-display-component---NewPartner--partnerDetailInternal-arrow"}]}
RESULT: {"script":"<script> [1562 bytes]","args":[{"selector":{"id":"application-managepartners-display-component---NewPartner--partnerDetailInternal-arrow"},"wdio_ui5_key":"applicationmanagepartners-display-component---NewPartner--partnerDetailInternal-arrow"}]}
RESULT: undefined
COMMAND: POST /session/c5b1ef57caa26d27c0af8f03bb65535b/element - {"using":"xpath","value":"//*[@id=\"application-managepartners-display-component---NewPartner--partnerDetailInternal-arrow\"]"}
RESULT: {"using":"xpath","value":"//*[@id=\"application-managepartners-display-component---NewPartner--partnerDetailInternal-arrow\"]"}
COMMAND: POST /session/c5b1ef57caa26d27c0af8f03bb65535b/element/f.FCC204B58DEBB53E51F41DDFA2FB85CF.d.CA1F45E72800FE172AE89B67C182B099.e.11098/click - {}
RESULT: {}
COMMAND: POST /session/c5b1ef57caa26d27c0af8f03bb65535b/element - {"using":"xpath","value":"//span[contains(text(), \"External partner\")]"}
COMMAND: GET /session/c5b1ef57caa26d27c0af8f03bb65535b/screenshot - {}
RESULT: {"using":"xpath","value":"//span[contains(text(), \"External partner\")]"}
COMMAND: POST /session/c5b1ef57caa26d27c0af8f03bb65535b/element/f.FCC204B58DEBB53E51F41DDFA2FB85CF.d.CA1F45E72800FE172AE89B67C182B099.e.11099/click - {}
RESULT: {}
RESULT: {}
COMMAND: POST /session/c5b1ef57caa26d27c0af8f03bb65535b/execute/async - {"script":"<script> [1562 bytes]","args":[{"selector":{"id":"application-managepartners-display-component---NewPartner--partnerDetailsCurrency-arrow"},"wdio_ui5_key":"applicationmanagepartners-display-component---NewPartner--partnerDetailsCurrency-arrow"}]}
COMMAND: GET /session/c5b1ef57caa26d27c0af8f03bb65535b/screenshot - {}
RESULT: {"script":"<script> [1562 bytes]","args":[{"selector":{"id":"application-managepartners-display-component---NewPartner--partnerDetailsCurrency-arrow"},"wdio_ui5_key":"applicationmanagepartners-display-component---NewPartner--partnerDetailsCurrency-arrow"}]}
RESULT: undefined
COMMAND: POST /session/c5b1ef57caa26d27c0af8f03bb65535b/element - {"using":"xpath","value":"//*[@id=\"application-managepartners-display-component---NewPartner--partnerDetailsCurrency-arrow\"]"}
RESULT: {}
RESULT: {"using":"xpath","value":"//*[@id=\"application-managepartners-display-component---NewPartner--partnerDetailsCurrency-arrow\"]"}
COMMAND: POST /session/c5b1ef57caa26d27c0af8f03bb65535b/element/f.FCC204B58DEBB53E51F41DDFA2FB85CF.d.CA1F45E72800FE172AE89B67C182B099.e.11104/click - {}
RESULT: {}
COMMAND: POST /session/c5b1ef57caa26d27c0af8f03bb65535b/element - {"using":"xpath","value":"//span[contains(text(), \"US Dollar\")]"}
COMMAND: GET /session/c5b1ef57caa26d27c0af8f03bb65535b/screenshot - {}
RESULT: {"using":"xpath","value":"//span[contains(text(), \"US Dollar\")]"}
COMMAND: POST /session/c5b1ef57caa26d27c0af8f03bb65535b/element/f.FCC204B58DEBB53E51F41DDFA2FB85CF.d.CA1F45E72800FE172AE89B67C182B099.e.11105/click - {}
RESULT: {}
RESULT: {}
COMMAND: GET /session/c5b1ef57caa26d27c0af8f03bb65535b/screenshot - {}
RESULT: {}
COMMAND: POST /session/c5b1ef57caa26d27c0af8f03bb65535b/element - {"using":"xpath","value":"//input[@id=\"application-managepartners-display-component---NewPartner--companyCodeComboBox-inner\"]"}
RESULT: {"using":"xpath","value":"//input[@id=\"application-managepartners-display-component---NewPartner--companyCodeComboBox-inner\"]"}
COMMAND: POST /session/c5b1ef57caa26d27c0af8f03bb65535b/element/f.FCC204B58DEBB53E51F41DDFA2FB85CF.d.CA1F45E72800FE172AE89B67C182B099.e.10954/clear - {}
RESULT: {}
COMMAND: POST /session/c5b1ef57caa26d27c0af8f03bb65535b/element/f.FCC204B58DEBB53E51F41DDFA2FB85CF.d.CA1F45E72800FE172AE89B67C182B099.e.10954/value - {"text":"C002"}
COMMAND: GET /session/c5b1ef57caa26d27c0af8f03bb65535b/screenshot - {}
RESULT: {"text":"C002"}
COMMAND: GET /session/c5b1ef57caa26d27c0af8f03bb65535b/screenshot - {}
RESULT: {}
RESULT: {}
COMMAND: POST /session/c5b1ef57caa26d27c0af8f03bb65535b/element - {"using":"xpath","value":"//li[.//span[text()= \"C002\"]]"}
RESULT: {"using":"xpath","value":"//li[.//span[text()= \"C002\"]]"}
COMMAND: POST /session/c5b1ef57caa26d27c0af8f03bb65535b/element/f.FCC204B58DEBB53E51F41DDFA2FB85CF.d.CA1F45E72800FE172AE89B67C182B099.e.11109/click - {}
RESULT: {}
COMMAND: GET /session/c5b1ef57caa26d27c0af8f03bb65535b/screenshot - {}
RESULT: {}
COMMAND: POST /session/c5b1ef57caa26d27c0af8f03bb65535b/execute/async - {"script":"<script> [1562 bytes]","args":[{"selector":{"controlType":"sap.ui.core.Icon","viewName":"etm.portal.ui.managepartners.view.NewPartner","viewId":"application-managepartners-display-component---NewPartner","properties":{"src":{"regex":{"source":"slim\\-arrow\\-down"}}},"ancestor":{"controlType":"sap.m.ComboBox","viewName":"etm.portal.ui.managepartners.view.NewPartner","viewId":"application-managepartners-display-component---NewPartner","bindingPath":{"path":"","propertyPath":"/CATALOG","modelName":"oNewPartnerModel"}}},"wdio_ui5_key":"etmportal.ui.managepartners.view.NewPartnersap.ui.core.Icon{\"src\":{\"regex\":{\"source\":\"slim\\\\-arrow\\\\-down\"}}}{\"controlType\":\"sap.m.ComboBox\",\"viewName\":\"etm.portal.ui.managepartners.view.NewPartner\",\"viewId\":\"application-managepartners-display-component---NewPartner\",\"bindingPath\":{\"path\":\"\",\"propertyPath\":\"/CATALOG\",\"modelName\":\"oNewPartnerModel\"}}"}]}
RESULT: {"script":"<script> [1562 bytes]","args":[{"selector":{"controlType":"sap.ui.core.Icon","viewName":"etm.portal.ui.managepartners.view.NewPartner","viewId":"application-managepartners-display-component---NewPartner","properties":{"src":{"regex":{"source":"slim\\-arrow\\-down"}}},"ancestor":{"controlType":"sap.m.ComboBox","viewName":"etm.portal.ui.managepartners.view.NewPartner","viewId":"application-managepartners-display-component---NewPartner","bindingPath":{"path":"","propertyPath":"/CATALOG","modelName":"oNewPartnerModel"}}},"wdio_ui5_key":"etmportal.ui.managepartners.view.NewPartnersap.ui.core.Icon{\"src\":{\"regex\":{\"source\":\"slim\\\\-arrow\\\\-down\"}}}{\"controlType\":\"sap.m.ComboBox\",\"viewName\":\"etm.portal.ui.managepartners.view.NewPartner\",\"viewId\":\"application-managepartners-display-component---NewPartner\",\"bindingPath\":{\"path\":\"\",\"propertyPath\":\"/CATALOG\",\"modelName\":\"oNewPartnerModel\"}}"}]}
RESULT: undefined
COMMAND: POST /session/c5b1ef57caa26d27c0af8f03bb65535b/element - {"using":"xpath","value":"//*[@id=\"__box22-arrow\"]"}
RESULT: {"using":"xpath","value":"//*[@id=\"__box22-arrow\"]"}
COMMAND: POST /session/c5b1ef57caa26d27c0af8f03bb65535b/element/f.FCC204B58DEBB53E51F41DDFA2FB85CF.d.CA1F45E72800FE172AE89B67C182B099.e.11071/click - {}
RESULT: {}
COMMAND: GET /session/c5b1ef57caa26d27c0af8f03bb65535b/screenshot - {}
RESULT: {}
COMMAND: POST /session/c5b1ef57caa26d27c0af8f03bb65535b/element - {"using":"xpath","value":"//ul[contains(@id,\"popup-list-listUl\")]//li[.//span[text()= \"Webshop Catalog\"]]"}
RESULT: {"using":"xpath","value":"//ul[contains(@id,\"popup-list-listUl\")]//li[.//span[text()= \"Webshop Catalog\"]]"}
COMMAND: POST /session/c5b1ef57caa26d27c0af8f03bb65535b/element/f.FCC204B58DEBB53E51F41DDFA2FB85CF.d.CA1F45E72800FE172AE89B67C182B099.e.11111/click - {}
RESULT: {}
COMMAND: GET /session/c5b1ef57caa26d27c0af8f03bb65535b/screenshot - {}
RESULT: {}
COMMAND: POST /session/c5b1ef57caa26d27c0af8f03bb65535b/execute/async - {"script":"<script> [1562 bytes]","args":[{"selector":{"id":"application-managepartners-display-component---NewPartner--btnAddTableRow-img"},"wdio_ui5_key":"applicationmanagepartners-display-component---NewPartner--btnAddTableRow-img"}]}
RESULT: {"script":"<script> [1562 bytes]","args":[{"selector":{"id":"application-managepartners-display-component---NewPartner--btnAddTableRow-img"},"wdio_ui5_key":"applicationmanagepartners-display-component---NewPartner--btnAddTableRow-img"}]}
RESULT: undefined
COMMAND: POST /session/c5b1ef57caa26d27c0af8f03bb65535b/element - {"using":"xpath","value":"//*[@id=\"application-managepartners-display-component---NewPartner--btnAddTableRow-img\"]"}
RESULT: {"using":"xpath","value":"//*[@id=\"application-managepartners-display-component---NewPartner--btnAddTableRow-img\"]"}
COMMAND: POST /session/c5b1ef57caa26d27c0af8f03bb65535b/element/f.FCC204B58DEBB53E51F41DDFA2FB85CF.d.CA1F45E72800FE172AE89B67C182B099.e.11112/click - {}
RESULT: {}
COMMAND: GET /session/c5b1ef57caa26d27c0af8f03bb65535b/screenshot - {}
RESULT: {}
COMMAND: POST /session/c5b1ef57caa26d27c0af8f03bb65535b/element - {"using":"xpath","value":"//input[@id=\"application-managepartners-display-component---NewPartner--assignmentYard-application-managepartners-display-component---NewPartner--assignmentsTable-0-inner\"]"}
RESULT: {"using":"xpath","value":"//input[@id=\"application-managepartners-display-component---NewPartner--assignmentYard-application-managepartners-display-component---NewPartner--assignmentsTable-0-inner\"]"}
COMMAND: POST /session/c5b1ef57caa26d27c0af8f03bb65535b/element/f.FCC204B58DEBB53E51F41DDFA2FB85CF.d.CA1F45E72800FE172AE89B67C182B099.e.11115/clear - {}
RESULT: {}
COMMAND: POST /session/c5b1ef57caa26d27c0af8f03bb65535b/element/f.FCC204B58DEBB53E51F41DDFA2FB85CF.d.CA1F45E72800FE172AE89B67C182B099.e.11115/value - {"text":"669"}
COMMAND: GET /session/c5b1ef57caa26d27c0af8f03bb65535b/screenshot - {}
RESULT: {"text":"669"}
COMMAND: GET /session/c5b1ef57caa26d27c0af8f03bb65535b/screenshot - {}
RESULT: {}
RESULT: {}
COMMAND: POST /session/c5b1ef57caa26d27c0af8f03bb65535b/element - {"using":"xpath","value":"//li[.//span[text()='669']]"}
RESULT: {"using":"xpath","value":"//li[.//span[text()='669']]"}
COMMAND: POST /session/c5b1ef57caa26d27c0af8f03bb65535b/element/f.FCC204B58DEBB53E51F41DDFA2FB85CF.d.CA1F45E72800FE172AE89B67C182B099.e.11123/click - {}
RESULT: {}
COMMAND: GET /session/c5b1ef57caa26d27c0af8f03bb65535b/screenshot - {}
RESULT: {}
COMMAND: POST /session/c5b1ef57caa26d27c0af8f03bb65535b/actions - {"actions":[{"id":"action31","type":"key","parameters":{},"actions":[{"type":"keyDown","value":"î€‡"},{"type":"pause","duration":10},{"type":"keyUp","value":"î€‡"}]}]}
RESULT: {"actions":[{"id":"action31","type":"key","parameters":{},"actions":[{"type":"keyDown","value":"î€‡"},{"type":"pause","duration":10},{"type":"keyUp","value":"î€‡"}]}]}
COMMAND: POST /session/c5b1ef57caa26d27c0af8f03bb65535b/element - {"using":"xpath","value":"//td[contains(@id, \"assignmentsTable-0-cell2\")]/div/div"}
COMMAND: GET /session/c5b1ef57caa26d27c0af8f03bb65535b/screenshot - {}
RESULT: {"using":"xpath","value":"//td[contains(@id, \"assignmentsTable-0-cell2\")]/div/div"}
COMMAND: POST /session/c5b1ef57caa26d27c0af8f03bb65535b/element/f.FCC204B58DEBB53E51F41DDFA2FB85CF.d.CA1F45E72800FE172AE89B67C182B099.e.11126/click - {}
RESULT: {}
RESULT: {}
COMMAND: GET /session/c5b1ef57caa26d27c0af8f03bb65535b/screenshot - {}
RESULT: {}
COMMAND: POST /session/c5b1ef57caa26d27c0af8f03bb65535b/element - {"using":"xpath","value":"//button[@data-kt=\"saveButton\"]"}
RESULT: {"using":"xpath","value":"//button[@data-kt=\"saveButton\"]"}
COMMAND: POST /session/c5b1ef57caa26d27c0af8f03bb65535b/element/f.FCC204B58DEBB53E51F41DDFA2FB85CF.d.CA1F45E72800FE172AE89B67C182B099.e.11072/click - {}
RESULT: {}
COMMAND: GET /session/c5b1ef57caa26d27c0af8f03bb65535b/screenshot - {}
RESULT: {}
COMMAND: POST /session/c5b1ef57caa26d27c0af8f03bb65535b/element - {"using":"xpath","value":"//header[contains(@id, 'ObjectPageLayout-headerTitle')]/div[1]/div[2]/div[2]/span[1]"}
RESULT: {"using":"xpath","value":"//header[contains(@id, 'ObjectPageLayout-headerTitle')]/div[1]/div[2]/div[2]/span[1]"}
COMMAND: POST /session/c5b1ef57caa26d27c0af8f03bb65535b/elements - {"using":"xpath","value":"//header[contains(@id, 'ObjectPageLayout-headerTitle')]/div[1]/div[2]/div[2]/span[1]"}
RESULT: {"using":"xpath","value":"//header[contains(@id, 'ObjectPageLayout-headerTitle')]/div[1]/div[2]/div[2]/span[1]"}
COMMAND: POST /session/c5b1ef57caa26d27c0af8f03bb65535b/execute/sync - {"script":"<script> [56 bytes]","args":[{"element-6066-11e4-a52e-4f735466cecf":"f.FCC204B58DEBB53E51F41DDFA2FB85CF.d.CA1F45E72800FE172AE89B67C182B099.e.11287","ELEMENT":"f.FCC204B58DEBB53E51F41DDFA2FB85CF.d.CA1F45E72800FE172AE89B67C182B099.e.11287"}]}
RESULT: {"script":"<script> [56 bytes]","args":[{"element-6066-11e4-a52e-4f735466cecf":"f.FCC204B58DEBB53E51F41DDFA2FB85CF.d.CA1F45E72800FE172AE89B67C182B099.e.11287","ELEMENT":"f.FCC204B58DEBB53E51F41DDFA2FB85CF.d.CA1F45E72800FE172AE89B67C182B099.e.11287"}]}
COMMAND: POST /session/c5b1ef57caa26d27c0af8f03bb65535b/element - {"using":"css selector","value":"#shell-header-logo"}
COMMAND: GET /session/c5b1ef57caa26d27c0af8f03bb65535b/screenshot - {}
RESULT: {"using":"css selector","value":"#shell-header-logo"}
COMMAND: POST /session/c5b1ef57caa26d27c0af8f03bb65535b/element/f.FCC204B58DEBB53E51F41DDFA2FB85CF.d.CA1F45E72800FE172AE89B67C182B099.e.10608/click - {}
RESULT: {}
RESULT: {}
COMMAND: GET /session/c5b1ef57caa26d27c0af8f03bb65535b/screenshot - {}
RESULT: {}
COMMAND: POST /session/c5b1ef57caa26d27c0af8f03bb65535b/execute/sync - {"script":"<script> [299 bytes]","args":[["getModel","getResource"]]}
RESULT: {"script":"<script> [299 bytes]","args":[["getModel","getResource"]]}
COMMAND: GET /session/c5b1ef57caa26d27c0af8f03bb65535b/screenshot - {}
]]></system-out>
    </testcase>
    <testcase classname="chrome.137_0_7151_56.windows.Create_partner_US118246" name="Should create a new yard in case create yard failed" time="113.151">
      <system-out><![CDATA[
RESULT: undefined
COMMAND: POST /session/c5b1ef57caa26d27c0af8f03bb65535b/element - {"using":"xpath","value":"//*[@id=\"__tile41\"]"}
RESULT: {}
RESULT: {"using":"xpath","value":"//*[@id=\"__tile41\"]"}
COMMAND: POST /session/c5b1ef57caa26d27c0af8f03bb65535b/element/f.FCC204B58DEBB53E51F41DDFA2FB85CF.d.CA1F45E72800FE172AE89B67C182B099.e.9816/click - {}
RESULT: {}
COMMAND: GET /session/c5b1ef57caa26d27c0af8f03bb65535b/screenshot - {}
RESULT: {}
COMMAND: POST /session/c5b1ef57caa26d27c0af8f03bb65535b/elements - {"using":"xpath","value":"//span[text()='Error']"}
RESULT: {"using":"xpath","value":"//span[text()='Error']"}
COMMAND: POST /session/c5b1ef57caa26d27c0af8f03bb65535b/element - {"using":"xpath","value":"//button[@data-kt=\"addNewYardOverflowToolbarButton\"]"}
RESULT: {"using":"xpath","value":"//button[@data-kt=\"addNewYardOverflowToolbarButton\"]"}
COMMAND: POST /session/c5b1ef57caa26d27c0af8f03bb65535b/elements - {"using":"xpath","value":"//button[@data-kt=\"addNewYardOverflowToolbarButton\"]"}
RESULT: {"using":"xpath","value":"//button[@data-kt=\"addNewYardOverflowToolbarButton\"]"}
COMMAND: POST /session/c5b1ef57caa26d27c0af8f03bb65535b/execute/sync - {"script":"<script> [8489 bytes]","args":[{"element-6066-11e4-a52e-4f735466cecf":"f.FCC204B58DEBB53E51F41DDFA2FB85CF.d.CA1F45E72800FE172AE89B67C182B099.e.11323","ELEMENT":"f.FCC204B58DEBB53E51F41DDFA2FB85CF.d.CA1F45E72800FE172AE89B67C182B099.e.11323"}]}
RESULT: {"script":"<script> [8489 bytes]","args":[{"element-6066-11e4-a52e-4f735466cecf":"f.FCC204B58DEBB53E51F41DDFA2FB85CF.d.CA1F45E72800FE172AE89B67C182B099.e.11323","ELEMENT":"f.FCC204B58DEBB53E51F41DDFA2FB85CF.d.CA1F45E72800FE172AE89B67C182B099.e.11323"}]}
COMMAND: GET /session/c5b1ef57caa26d27c0af8f03bb65535b/element/f.FCC204B58DEBB53E51F41DDFA2FB85CF.d.CA1F45E72800FE172AE89B67C182B099.e.11323/enabled - {}
COMMAND: GET /session/c5b1ef57caa26d27c0af8f03bb65535b/screenshot - {}
RESULT: {}
COMMAND: POST /session/c5b1ef57caa26d27c0af8f03bb65535b/execute/sync - {"script":"<script> [8489 bytes]","args":[{"element-6066-11e4-a52e-4f735466cecf":"f.FCC204B58DEBB53E51F41DDFA2FB85CF.d.CA1F45E72800FE172AE89B67C182B099.e.11323","ELEMENT":"f.FCC204B58DEBB53E51F41DDFA2FB85CF.d.CA1F45E72800FE172AE89B67C182B099.e.11323"}]}
COMMAND: GET /session/c5b1ef57caa26d27c0af8f03bb65535b/screenshot - {}
RESULT: {}
RESULT: {"script":"<script> [8489 bytes]","args":[{"element-6066-11e4-a52e-4f735466cecf":"f.FCC204B58DEBB53E51F41DDFA2FB85CF.d.CA1F45E72800FE172AE89B67C182B099.e.11323","ELEMENT":"f.FCC204B58DEBB53E51F41DDFA2FB85CF.d.CA1F45E72800FE172AE89B67C182B099.e.11323"}]}
COMMAND: POST /session/c5b1ef57caa26d27c0af8f03bb65535b/execute/sync - {"script":"<script> [5351 bytes]","args":[{"element-6066-11e4-a52e-4f735466cecf":"f.FCC204B58DEBB53E51F41DDFA2FB85CF.d.CA1F45E72800FE172AE89B67C182B099.e.11323","ELEMENT":"f.FCC204B58DEBB53E51F41DDFA2FB85CF.d.CA1F45E72800FE172AE89B67C182B099.e.11323"}]}
COMMAND: GET /session/c5b1ef57caa26d27c0af8f03bb65535b/screenshot - {}
RESULT: {}
RESULT: {"script":"<script> [5351 bytes]","args":[{"element-6066-11e4-a52e-4f735466cecf":"f.FCC204B58DEBB53E51F41DDFA2FB85CF.d.CA1F45E72800FE172AE89B67C182B099.e.11323","ELEMENT":"f.FCC204B58DEBB53E51F41DDFA2FB85CF.d.CA1F45E72800FE172AE89B67C182B099.e.11323"}]}
COMMAND: POST /session/c5b1ef57caa26d27c0af8f03bb65535b/element/f.FCC204B58DEBB53E51F41DDFA2FB85CF.d.CA1F45E72800FE172AE89B67C182B099.e.11323/click - {}
COMMAND: GET /session/c5b1ef57caa26d27c0af8f03bb65535b/screenshot - {}
RESULT: {}
RESULT: {}
COMMAND: GET /session/c5b1ef57caa26d27c0af8f03bb65535b/screenshot - {}
COMMAND: POST /session/c5b1ef57caa26d27c0af8f03bb65535b/element - {"using":"xpath","value":"//input[@id=\"application-manageyards-display-component---NewYard--yardId-inner\"]"}
RESULT: {}
RESULT: {}
RESULT: {"using":"xpath","value":"//input[@id=\"application-manageyards-display-component---NewYard--yardId-inner\"]"}
COMMAND: POST /session/c5b1ef57caa26d27c0af8f03bb65535b/element - {"using":"xpath","value":"//input[@id=\"application-manageyards-display-component---NewYard--yardId-inner\"]"}
RESULT: {"using":"xpath","value":"//input[@id=\"application-manageyards-display-component---NewYard--yardId-inner\"]"}
RESULT: undefined
COMMAND: POST /session/c5b1ef57caa26d27c0af8f03bb65535b/execute/async - {"script":"<script> [776 bytes]","args":[{"enterText":"Warehouse Managed WDIO","selector":{"id":"application-manageyards-display-component---NewYard--addressDetailDetailsName1","interaction":{"idSuffix":"inner"}},"clearTextFirst":true,"interactionType":"ENTER_TEXT"}]}
RESULT: {"script":"<script> [776 bytes]","args":[{"enterText":"Warehouse Managed WDIO","selector":{"id":"application-manageyards-display-component---NewYard--addressDetailDetailsName1","interaction":{"idSuffix":"inner"}},"clearTextFirst":true,"interactionType":"ENTER_TEXT"}]}
RESULT: undefined
COMMAND: POST /session/c5b1ef57caa26d27c0af8f03bb65535b/element - {"using":"xpath","value":"//*[@id=\"application-manageyards-display-component---NewYard--addressDetailDetailsLanguage-arrow\"]"}
RESULT: {"using":"xpath","value":"//*[@id=\"application-manageyards-display-component---NewYard--addressDetailDetailsLanguage-arrow\"]"}
COMMAND: POST /session/c5b1ef57caa26d27c0af8f03bb65535b/element/f.FCC204B58DEBB53E51F41DDFA2FB85CF.d.CA1F45E72800FE172AE89B67C182B099.e.11762/click - {}
RESULT: {}
COMMAND: POST /session/c5b1ef57caa26d27c0af8f03bb65535b/element - {"using":"xpath","value":"//span[contains(text(), \"English\")]"}
COMMAND: GET /session/c5b1ef57caa26d27c0af8f03bb65535b/screenshot - {}
RESULT: {}
RESULT: {"using":"xpath","value":"//span[contains(text(), \"English\")]"}
COMMAND: POST /session/c5b1ef57caa26d27c0af8f03bb65535b/element/f.FCC204B58DEBB53E51F41DDFA2FB85CF.d.CA1F45E72800FE172AE89B67C182B099.e.11763/click - {}
RESULT: {}
RESULT: undefined
COMMAND: POST /session/c5b1ef57caa26d27c0af8f03bb65535b/execute/async - {"script":"<script> [776 bytes]","args":[{"enterText":"Rosario","selector":{"id":"application-manageyards-display-component---NewYard--addressDetailDetailsCity1","interaction":{"idSuffix":"inner"}},"clearTextFirst":true,"interactionType":"ENTER_TEXT"}]}
COMMAND: GET /session/c5b1ef57caa26d27c0af8f03bb65535b/screenshot - {}
RESULT: {"script":"<script> [776 bytes]","args":[{"enterText":"Rosario","selector":{"id":"application-manageyards-display-component---NewYard--addressDetailDetailsCity1","interaction":{"idSuffix":"inner"}},"clearTextFirst":true,"interactionType":"ENTER_TEXT"}]}
RESULT: undefined
COMMAND: POST /session/c5b1ef57caa26d27c0af8f03bb65535b/element - {"using":"xpath","value":"//*[@id=\"application-manageyards-display-component---NewYard--addressDetailDetailsCountry-arrow\"]"}
RESULT: {}
RESULT: {"using":"xpath","value":"//*[@id=\"application-manageyards-display-component---NewYard--addressDetailDetailsCountry-arrow\"]"}
COMMAND: POST /session/c5b1ef57caa26d27c0af8f03bb65535b/element/f.FCC204B58DEBB53E51F41DDFA2FB85CF.d.CA1F45E72800FE172AE89B67C182B099.e.11764/click - {}
RESULT: {}
COMMAND: POST /session/c5b1ef57caa26d27c0af8f03bb65535b/element - {"using":"xpath","value":"//span[contains(text(), \"Argentina\")]"}
COMMAND: GET /session/c5b1ef57caa26d27c0af8f03bb65535b/screenshot - {}
RESULT: {"using":"xpath","value":"//span[contains(text(), \"Argentina\")]"}
COMMAND: POST /session/c5b1ef57caa26d27c0af8f03bb65535b/element/f.FCC204B58DEBB53E51F41DDFA2FB85CF.d.CA1F45E72800FE172AE89B67C182B099.e.11765/click - {}
RESULT: {}
RESULT: {}
RESULT: undefined
COMMAND: POST /session/c5b1ef57caa26d27c0af8f03bb65535b/element - {"using":"xpath","value":"//*[@id=\"application-manageyards-display-component---NewYard--addressEditDetailsCostObjectCstType-arrow\"]"}
COMMAND: GET /session/c5b1ef57caa26d27c0af8f03bb65535b/screenshot - {}
RESULT: {"using":"xpath","value":"//*[@id=\"application-manageyards-display-component---NewYard--addressEditDetailsCostObjectCstType-arrow\"]"}
COMMAND: POST /session/c5b1ef57caa26d27c0af8f03bb65535b/element/f.FCC204B58DEBB53E51F41DDFA2FB85CF.d.CA1F45E72800FE172AE89B67C182B099.e.11767/click - {}
RESULT: {}
RESULT: {}
COMMAND: POST /session/c5b1ef57caa26d27c0af8f03bb65535b/element - {"using":"xpath","value":"//span[contains(text(), \"Cost Center\")]"}
COMMAND: GET /session/c5b1ef57caa26d27c0af8f03bb65535b/screenshot - {}
RESULT: {"using":"xpath","value":"//span[contains(text(), \"Cost Center\")]"}
COMMAND: POST /session/c5b1ef57caa26d27c0af8f03bb65535b/element/f.FCC204B58DEBB53E51F41DDFA2FB85CF.d.CA1F45E72800FE172AE89B67C182B099.e.11768/click - {}
RESULT: {}
RESULT: {}
COMMAND: GET /session/c5b1ef57caa26d27c0af8f03bb65535b/screenshot - {}
RESULT: {}
COMMAND: POST /session/c5b1ef57caa26d27c0af8f03bb65535b/element - {"using":"xpath","value":"//span[@id=\"application-manageyards-display-component---NewYard--addressNewCostObjectCstID-vhi\"]"}
RESULT: {"using":"xpath","value":"//span[@id=\"application-manageyards-display-component---NewYard--addressNewCostObjectCstID-vhi\"]"}
COMMAND: POST /session/c5b1ef57caa26d27c0af8f03bb65535b/execute/sync - {"script":"<script> [8489 bytes]","args":[{"element-6066-11e4-a52e-4f735466cecf":"f.FCC204B58DEBB53E51F41DDFA2FB85CF.d.CA1F45E72800FE172AE89B67C182B099.e.11772","ELEMENT":"f.FCC204B58DEBB53E51F41DDFA2FB85CF.d.CA1F45E72800FE172AE89B67C182B099.e.11772"}]}
RESULT: {"script":"<script> [8489 bytes]","args":[{"element-6066-11e4-a52e-4f735466cecf":"f.FCC204B58DEBB53E51F41DDFA2FB85CF.d.CA1F45E72800FE172AE89B67C182B099.e.11772","ELEMENT":"f.FCC204B58DEBB53E51F41DDFA2FB85CF.d.CA1F45E72800FE172AE89B67C182B099.e.11772"}]}
RESULT: undefined
COMMAND: POST /session/c5b1ef57caa26d27c0af8f03bb65535b/element - {"using":"xpath","value":"//*[@id=\"application-manageyards-display-component---NewYard--addressNewCostObjectCstID-vhi\"]"}
COMMAND: GET /session/c5b1ef57caa26d27c0af8f03bb65535b/screenshot - {}
RESULT: {"using":"xpath","value":"//*[@id=\"application-manageyards-display-component---NewYard--addressNewCostObjectCstID-vhi\"]"}
COMMAND: POST /session/c5b1ef57caa26d27c0af8f03bb65535b/element/f.FCC204B58DEBB53E51F41DDFA2FB85CF.d.CA1F45E72800FE172AE89B67C182B099.e.11772/click - {}
RESULT: {}
RESULT: {}
COMMAND: GET /session/c5b1ef57caa26d27c0af8f03bb65535b/screenshot - {}
RESULT: {}
RESULT: undefined
COMMAND: POST /session/c5b1ef57caa26d27c0af8f03bb65535b/execute/async - {"script":"<script> [776 bytes]","args":[{"enterText":"bauh_b","selector":{"controlType":"sap.m.SearchField","properties":{"placeholder":"Search"},"searchOpenDialogs":true,"interaction":{"idSuffix":"I"}},"clearTextFirst":true,"interactionType":"ENTER_TEXT"}]}
RESULT: {"script":"<script> [776 bytes]","args":[{"enterText":"bauh_b","selector":{"controlType":"sap.m.SearchField","properties":{"placeholder":"Search"},"searchOpenDialogs":true,"interaction":{"idSuffix":"I"}},"clearTextFirst":true,"interactionType":"ENTER_TEXT"}]}
COMMAND: POST /session/c5b1ef57caa26d27c0af8f03bb65535b/actions - {"actions":[{"id":"action32","type":"key","parameters":{},"actions":[{"type":"keyDown","value":"î€‡"},{"type":"pause","duration":10},{"type":"keyUp","value":"î€‡"}]}]}
RESULT: {"actions":[{"id":"action32","type":"key","parameters":{},"actions":[{"type":"keyDown","value":"î€‡"},{"type":"pause","duration":10},{"type":"keyUp","value":"î€‡"}]}]}
COMMAND: GET /session/c5b1ef57caa26d27c0af8f03bb65535b/screenshot - {}
RESULT: {}
COMMAND: POST /session/c5b1ef57caa26d27c0af8f03bb65535b/element - {"using":"xpath","value":"//span[contains(text(), \"Demo Yard\")]"}
RESULT: {"using":"xpath","value":"//span[contains(text(), \"Demo Yard\")]"}
COMMAND: POST /session/c5b1ef57caa26d27c0af8f03bb65535b/element/f.FCC204B58DEBB53E51F41DDFA2FB85CF.d.CA1F45E72800FE172AE89B67C182B099.e.11778/click - {}
RESULT: {}
COMMAND: GET /session/c5b1ef57caa26d27c0af8f03bb65535b/screenshot - {}
RESULT: {}
COMMAND: POST /session/c5b1ef57caa26d27c0af8f03bb65535b/element - {"using":"xpath","value":"//bdi[contains(text(), \"OK\")]"}
RESULT: {"using":"xpath","value":"//bdi[contains(text(), \"OK\")]"}
COMMAND: POST /session/c5b1ef57caa26d27c0af8f03bb65535b/element/f.FCC204B58DEBB53E51F41DDFA2FB85CF.d.CA1F45E72800FE172AE89B67C182B099.e.11780/click - {}
RESULT: {}
COMMAND: GET /session/c5b1ef57caa26d27c0af8f03bb65535b/screenshot - {}
RESULT: {}
RESULT: undefined
COMMAND: POST /session/c5b1ef57caa26d27c0af8f03bb65535b/element - {"using":"xpath","value":"//*[@id=\"application-manageyards-display-component---NewYard--addressEditDetailsCurrency-arrow\"]"}
RESULT: {"using":"xpath","value":"//*[@id=\"application-manageyards-display-component---NewYard--addressEditDetailsCurrency-arrow\"]"}
COMMAND: POST /session/c5b1ef57caa26d27c0af8f03bb65535b/element/f.FCC204B58DEBB53E51F41DDFA2FB85CF.d.CA1F45E72800FE172AE89B67C182B099.e.11783/click - {}
RESULT: {}
COMMAND: POST /session/c5b1ef57caa26d27c0af8f03bb65535b/element - {"using":"xpath","value":"//span[contains(text(), \"Euro\")]"}
COMMAND: GET /session/c5b1ef57caa26d27c0af8f03bb65535b/screenshot - {}
RESULT: {"using":"xpath","value":"//span[contains(text(), \"Euro\")]"}
COMMAND: POST /session/c5b1ef57caa26d27c0af8f03bb65535b/element/f.FCC204B58DEBB53E51F41DDFA2FB85CF.d.CA1F45E72800FE172AE89B67C182B099.e.11784/click - {}
RESULT: {}
RESULT: {}
RESULT: undefined
COMMAND: POST /session/c5b1ef57caa26d27c0af8f03bb65535b/execute/async - {"script":"<script> [776 bytes]","args":[{"enterText":"Z001","selector":{"controlType":"sap.m.Input","viewName":"etm.portal.ui.manageyards.view.New","viewId":"application-manageyards-display-component---NewYard","bindingPath":{"path":"","propertyPath":"/CONTROLLING_AREA","modelName":"NewYardModel"},"interaction":{"idSuffix":"inner"}},"clearTextFirst":true,"interactionType":"ENTER_TEXT"}]}
COMMAND: GET /session/c5b1ef57caa26d27c0af8f03bb65535b/screenshot - {}
RESULT: {"script":"<script> [776 bytes]","args":[{"enterText":"Z001","selector":{"controlType":"sap.m.Input","viewName":"etm.portal.ui.manageyards.view.New","viewId":"application-manageyards-display-component---NewYard","bindingPath":{"path":"","propertyPath":"/CONTROLLING_AREA","modelName":"NewYardModel"},"interaction":{"idSuffix":"inner"}},"clearTextFirst":true,"interactionType":"ENTER_TEXT"}]}
RESULT: undefined
COMMAND: POST /session/c5b1ef57caa26d27c0af8f03bb65535b/execute/async - {"script":"<script> [776 bytes]","args":[{"enterText":"1000","selector":{"id":"application-manageyards-display-component---NewYard--companyCodeComboBox","interaction":{"idSuffix":"inner"}},"clearTextFirst":true,"interactionType":"ENTER_TEXT"}]}
RESULT: {}
RESULT: {"script":"<script> [776 bytes]","args":[{"enterText":"1000","selector":{"id":"application-manageyards-display-component---NewYard--companyCodeComboBox","interaction":{"idSuffix":"inner"}},"clearTextFirst":true,"interactionType":"ENTER_TEXT"}]}
RESULT: undefined
COMMAND: POST /session/c5b1ef57caa26d27c0af8f03bb65535b/execute/async - {"script":"<script> [776 bytes]","args":[{"enterText":"1001","selector":{"controlType":"sap.m.Input","viewName":"etm.portal.ui.manageyards.view.New","viewId":"application-manageyards-display-component---NewYard","bindingPath":{"path":"","propertyPath":"/PLANT","modelName":"NewYardModel"},"interaction":{"idSuffix":"inner"}},"clearTextFirst":true,"interactionType":"ENTER_TEXT"}]}
RESULT: {"script":"<script> [776 bytes]","args":[{"enterText":"1001","selector":{"controlType":"sap.m.Input","viewName":"etm.portal.ui.manageyards.view.New","viewId":"application-manageyards-display-component---NewYard","bindingPath":{"path":"","propertyPath":"/PLANT","modelName":"NewYardModel"},"interaction":{"idSuffix":"inner"}},"clearTextFirst":true,"interactionType":"ENTER_TEXT"}]}
RESULT: undefined
COMMAND: POST /session/c5b1ef57caa26d27c0af8f03bb65535b/execute/async - {"script":"<script> [776 bytes]","args":[{"enterText":"C002","selector":{"controlType":"sap.m.Input","viewName":"etm.portal.ui.manageyards.view.New","viewId":"application-manageyards-display-component---NewYard","bindingPath":{"path":"","propertyPath":"/SALES_AREA_VKORG","modelName":"NewYardModel"},"interaction":{"idSuffix":"inner"}},"clearTextFirst":true,"interactionType":"ENTER_TEXT"}]}
RESULT: {"script":"<script> [776 bytes]","args":[{"enterText":"C002","selector":{"controlType":"sap.m.Input","viewName":"etm.portal.ui.manageyards.view.New","viewId":"application-manageyards-display-component---NewYard","bindingPath":{"path":"","propertyPath":"/SALES_AREA_VKORG","modelName":"NewYardModel"},"interaction":{"idSuffix":"inner"}},"clearTextFirst":true,"interactionType":"ENTER_TEXT"}]}
RESULT: undefined
COMMAND: POST /session/c5b1ef57caa26d27c0af8f03bb65535b/execute/async - {"script":"<script> [776 bytes]","args":[{"enterText":"C2","selector":{"controlType":"sap.m.Input","viewName":"etm.portal.ui.manageyards.view.New","viewId":"application-manageyards-display-component---NewYard","bindingPath":{"path":"","propertyPath":"/SALES_AREA_VTWEG","modelName":"NewYardModel"},"interaction":{"idSuffix":"inner"}},"clearTextFirst":true,"interactionType":"ENTER_TEXT"}]}
RESULT: {"script":"<script> [776 bytes]","args":[{"enterText":"C2","selector":{"controlType":"sap.m.Input","viewName":"etm.portal.ui.manageyards.view.New","viewId":"application-manageyards-display-component---NewYard","bindingPath":{"path":"","propertyPath":"/SALES_AREA_VTWEG","modelName":"NewYardModel"},"interaction":{"idSuffix":"inner"}},"clearTextFirst":true,"interactionType":"ENTER_TEXT"}]}
RESULT: undefined
COMMAND: POST /session/c5b1ef57caa26d27c0af8f03bb65535b/execute/async - {"script":"<script> [776 bytes]","args":[{"enterText":"C2","selector":{"controlType":"sap.m.Input","viewName":"etm.portal.ui.manageyards.view.New","viewId":"application-manageyards-display-component---NewYard","bindingPath":{"path":"","propertyPath":"/SALES_AREA_SPART","modelName":"NewYardModel"},"interaction":{"idSuffix":"inner"}},"clearTextFirst":true,"interactionType":"ENTER_TEXT"}]}
RESULT: {"script":"<script> [776 bytes]","args":[{"enterText":"C2","selector":{"controlType":"sap.m.Input","viewName":"etm.portal.ui.manageyards.view.New","viewId":"application-manageyards-display-component---NewYard","bindingPath":{"path":"","propertyPath":"/SALES_AREA_SPART","modelName":"NewYardModel"},"interaction":{"idSuffix":"inner"}},"clearTextFirst":true,"interactionType":"ENTER_TEXT"}]}
RESULT: undefined
COMMAND: POST /session/c5b1ef57caa26d27c0af8f03bb65535b/execute/async - {"script":"<script> [776 bytes]","args":[{"enterText":"1710","selector":{"controlType":"sap.m.Input","viewName":"etm.portal.ui.manageyards.view.New","viewId":"application-manageyards-display-component---NewYard","bindingPath":{"path":"","propertyPath":"/SHIP_POINT","modelName":"NewYardModel"},"interaction":{"idSuffix":"inner"}},"clearTextFirst":true,"interactionType":"ENTER_TEXT"}]}
RESULT: {"script":"<script> [776 bytes]","args":[{"enterText":"1710","selector":{"controlType":"sap.m.Input","viewName":"etm.portal.ui.manageyards.view.New","viewId":"application-manageyards-display-component---NewYard","bindingPath":{"path":"","propertyPath":"/SHIP_POINT","modelName":"NewYardModel"},"interaction":{"idSuffix":"inner"}},"clearTextFirst":true,"interactionType":"ENTER_TEXT"}]}
RESULT: undefined
COMMAND: POST /session/c5b1ef57caa26d27c0af8f03bb65535b/execute/async - {"script":"<script> [776 bytes]","args":[{"enterText":"ZL01","selector":{"controlType":"sap.m.Input","viewName":"etm.portal.ui.manageyards.view.New","viewId":"application-manageyards-display-component---NewYard","bindingPath":{"path":"","propertyPath":"/DELIVERY_TYPE","modelName":"NewYardModel"},"interaction":{"idSuffix":"inner"}},"clearTextFirst":true,"interactionType":"ENTER_TEXT"}]}
RESULT: {"script":"<script> [776 bytes]","args":[{"enterText":"ZL01","selector":{"controlType":"sap.m.Input","viewName":"etm.portal.ui.manageyards.view.New","viewId":"application-manageyards-display-component---NewYard","bindingPath":{"path":"","propertyPath":"/DELIVERY_TYPE","modelName":"NewYardModel"},"interaction":{"idSuffix":"inner"}},"clearTextFirst":true,"interactionType":"ENTER_TEXT"}]}
RESULT: undefined
COMMAND: POST /session/c5b1ef57caa26d27c0af8f03bb65535b/execute/async - {"script":"<script> [776 bytes]","args":[{"enterText":"TA","selector":{"controlType":"sap.m.Input","viewName":"etm.portal.ui.manageyards.view.New","viewId":"application-manageyards-display-component---NewYard","bindingPath":{"path":"","propertyPath":"/AUART","modelName":"NewYardModel"},"interaction":{"idSuffix":"inner"}},"clearTextFirst":true,"interactionType":"ENTER_TEXT"}]}
RESULT: {"script":"<script> [776 bytes]","args":[{"enterText":"TA","selector":{"controlType":"sap.m.Input","viewName":"etm.portal.ui.manageyards.view.New","viewId":"application-manageyards-display-component---NewYard","bindingPath":{"path":"","propertyPath":"/AUART","modelName":"NewYardModel"},"interaction":{"idSuffix":"inner"}},"clearTextFirst":true,"interactionType":"ENTER_TEXT"}]}
COMMAND: POST /session/c5b1ef57caa26d27c0af8f03bb65535b/execute/async - {"script":"<script> [1562 bytes]","args":[{"selector":{"id":"application-manageyards-display-component---NewYard--whmCheckBox","interaction":{"idSuffix":"CbBg"}},"wdio_ui5_key":"applicationmanageyards-display-component---NewYard--whmCheckBox"}]}
RESULT: {"script":"<script> [1562 bytes]","args":[{"selector":{"id":"application-manageyards-display-component---NewYard--whmCheckBox","interaction":{"idSuffix":"CbBg"}},"wdio_ui5_key":"applicationmanageyards-display-component---NewYard--whmCheckBox"}]}
RESULT: undefined
COMMAND: POST /session/c5b1ef57caa26d27c0af8f03bb65535b/element - {"using":"xpath","value":"//*[@id=\"application-manageyards-display-component---NewYard--whmCheckBox\"]"}
RESULT: {"using":"xpath","value":"//*[@id=\"application-manageyards-display-component---NewYard--whmCheckBox\"]"}
COMMAND: POST /session/c5b1ef57caa26d27c0af8f03bb65535b/element/f.FCC204B58DEBB53E51F41DDFA2FB85CF.d.CA1F45E72800FE172AE89B67C182B099.e.11795/click - {}
RESULT: {}
COMMAND: GET /session/c5b1ef57caa26d27c0af8f03bb65535b/screenshot - {}
RESULT: {}
COMMAND: POST /session/c5b1ef57caa26d27c0af8f03bb65535b/element - {"using":"xpath","value":"//button[@data-kt=\"newYardSaveButton\"]"}
RESULT: {"using":"xpath","value":"//button[@data-kt=\"newYardSaveButton\"]"}
COMMAND: POST /session/c5b1ef57caa26d27c0af8f03bb65535b/element/f.FCC204B58DEBB53E51F41DDFA2FB85CF.d.CA1F45E72800FE172AE89B67C182B099.e.11731/click - {}
RESULT: {}
COMMAND: GET /session/c5b1ef57caa26d27c0af8f03bb65535b/screenshot - {}
RESULT: {}
COMMAND: POST /session/c5b1ef57caa26d27c0af8f03bb65535b/element - {"using":"xpath","value":"//header[contains(@id, 'ObjectPageLayout-headerTitle')]/div[1]/div[2]/div[1]/span[1]"}
RESULT: {"using":"xpath","value":"//header[contains(@id, 'ObjectPageLayout-headerTitle')]/div[1]/div[2]/div[1]/span[1]"}
COMMAND: POST /session/c5b1ef57caa26d27c0af8f03bb65535b/elements - {"using":"xpath","value":"//header[contains(@id, 'ObjectPageLayout-headerTitle')]/div[1]/div[2]/div[1]/span[1]"}
RESULT: {"using":"xpath","value":"//header[contains(@id, 'ObjectPageLayout-headerTitle')]/div[1]/div[2]/div[1]/span[1]"}
COMMAND: POST /session/c5b1ef57caa26d27c0af8f03bb65535b/execute/sync - {"script":"<script> [56 bytes]","args":[{"element-6066-11e4-a52e-4f735466cecf":"f.FCC204B58DEBB53E51F41DDFA2FB85CF.d.CA1F45E72800FE172AE89B67C182B099.e.11992","ELEMENT":"f.FCC204B58DEBB53E51F41DDFA2FB85CF.d.CA1F45E72800FE172AE89B67C182B099.e.11992"}]}
RESULT: {"script":"<script> [56 bytes]","args":[{"element-6066-11e4-a52e-4f735466cecf":"f.FCC204B58DEBB53E51F41DDFA2FB85CF.d.CA1F45E72800FE172AE89B67C182B099.e.11992","ELEMENT":"f.FCC204B58DEBB53E51F41DDFA2FB85CF.d.CA1F45E72800FE172AE89B67C182B099.e.11992"}]}
COMMAND: GET /session/c5b1ef57caa26d27c0af8f03bb65535b/screenshot - {}
RESULT: {}
COMMAND: POST /session/c5b1ef57caa26d27c0af8f03bb65535b/element - {"using":"css selector","value":"#shell-header-logo"}
RESULT: {"using":"css selector","value":"#shell-header-logo"}
COMMAND: POST /session/c5b1ef57caa26d27c0af8f03bb65535b/element/f.FCC204B58DEBB53E51F41DDFA2FB85CF.d.CA1F45E72800FE172AE89B67C182B099.e.11291/click - {}
RESULT: {}
COMMAND: GET /session/c5b1ef57caa26d27c0af8f03bb65535b/screenshot - {}
RESULT: {}
COMMAND: POST /session/c5b1ef57caa26d27c0af8f03bb65535b/execute/sync - {"script":"<script> [299 bytes]","args":[["getModel","getResource"]]}
RESULT: {"script":"<script> [299 bytes]","args":[["getModel","getResource"]]}
]]></system-out>
    </testcase>
  </testsuite>
</testsuites>