<?xml version="1.0" encoding="UTF-8"?>
<testsuites tests="9" failures="5" errors="5" skipped="0">
  <testsuite timestamp="2025-05-21T17:58:41" time="774.408" tests="9" failures="5" errors="5" skipped="0">
    <properties>
      <property name="specId" value="0"/>
      <property name="suiteName" value="Address Management Tests US156181 US151165 US151160 US156180 US156178 US151157 US151172 US151170 US151166 US151168"/>
      <property name="capabilities" value="chrome.136_0_7103_93.windows"/>
      <property name="file" value="file:///D:/a/1/s/test/specs/BTS/address-management.spec.js"/>
    </properties>
    <testcase classname="chrome.136_0_7103_93.windows.Address_Management_Tests_US156181_US151165_US151160_US156180_US156178_US151157_US151172_US151170_US151166_US151168" name="Step 1 Will check existence of address created with generated name if none then we create US156181" time="74.045">
      <system-out><![CDATA[
COMMAND: POST /session/9e5aab771e60128f16b96e5208a746bd/execute/async - {"script":"<script> [1562 bytes]","args":[{"selector":{"controlType":"sap.m.GenericTile","properties":{"header":"Address Management"}},"wdio_ui5_key":"sapm.GenericTile{\"header\":\"Address Management\"}"}]}
RESULT: {"script":"<script> [1562 bytes]","args":[{"selector":{"controlType":"sap.m.GenericTile","properties":{"header":"Address Management"}},"wdio_ui5_key":"sapm.GenericTile{\"header\":\"Address Management\"}"}]}
RESULT: undefined
COMMAND: POST /session/9e5aab771e60128f16b96e5208a746bd/element - {"using":"xpath","value":"//*[@id=\"__tile33\"]"}
RESULT: {"using":"xpath","value":"//*[@id=\"__tile33\"]"}
COMMAND: POST /session/9e5aab771e60128f16b96e5208a746bd/element/f.D9DF0156EB8BB5D0EDF68015944B7411.d.35139D6F2894E090FCBBC22B63BA49EA.e.223/click - {}
RESULT: {}
COMMAND: GET /session/9e5aab771e60128f16b96e5208a746bd/screenshot - {}
RESULT: {}
COMMAND: POST /session/9e5aab771e60128f16b96e5208a746bd/elements - {"using":"xpath","value":"//span[text()='Error']"}
RESULT: {"using":"xpath","value":"//span[text()='Error']"}
COMMAND: POST /session/9e5aab771e60128f16b96e5208a746bd/element - {"using":"xpath","value":"//button[@data-kt=\"addButton\"]"}
RESULT: {"using":"xpath","value":"//button[@data-kt=\"addButton\"]"}
COMMAND: POST /session/9e5aab771e60128f16b96e5208a746bd/elements - {"using":"xpath","value":"//button[@data-kt=\"addButton\"]"}
RESULT: {"using":"xpath","value":"//button[@data-kt=\"addButton\"]"}
COMMAND: POST /session/9e5aab771e60128f16b96e5208a746bd/elements - {"using":"xpath","value":"//button[@data-kt=\"addButton\"]"}
RESULT: {"using":"xpath","value":"//button[@data-kt=\"addButton\"]"}
COMMAND: POST /session/9e5aab771e60128f16b96e5208a746bd/elements - {"using":"xpath","value":"//button[@data-kt=\"addButton\"]"}
RESULT: {"using":"xpath","value":"//button[@data-kt=\"addButton\"]"}
COMMAND: POST /session/9e5aab771e60128f16b96e5208a746bd/elements - {"using":"xpath","value":"//button[@data-kt=\"addButton\"]"}
RESULT: {"using":"xpath","value":"//button[@data-kt=\"addButton\"]"}
COMMAND: POST /session/9e5aab771e60128f16b96e5208a746bd/elements - {"using":"xpath","value":"//button[@data-kt=\"addButton\"]"}
RESULT: {"using":"xpath","value":"//button[@data-kt=\"addButton\"]"}
COMMAND: POST /session/9e5aab771e60128f16b96e5208a746bd/elements - {"using":"xpath","value":"//button[@data-kt=\"addButton\"]"}
RESULT: {"using":"xpath","value":"//button[@data-kt=\"addButton\"]"}
COMMAND: POST /session/9e5aab771e60128f16b96e5208a746bd/elements - {"using":"xpath","value":"//button[@data-kt=\"addButton\"]"}
RESULT: {"using":"xpath","value":"//button[@data-kt=\"addButton\"]"}
COMMAND: POST /session/9e5aab771e60128f16b96e5208a746bd/elements - {"using":"xpath","value":"//button[@data-kt=\"addButton\"]"}
RESULT: {"using":"xpath","value":"//button[@data-kt=\"addButton\"]"}
COMMAND: POST /session/9e5aab771e60128f16b96e5208a746bd/elements - {"using":"xpath","value":"//button[@data-kt=\"addButton\"]"}
RESULT: {"using":"xpath","value":"//button[@data-kt=\"addButton\"]"}
COMMAND: POST /session/9e5aab771e60128f16b96e5208a746bd/elements - {"using":"xpath","value":"//button[@data-kt=\"addButton\"]"}
RESULT: {"using":"xpath","value":"//button[@data-kt=\"addButton\"]"}
COMMAND: POST /session/9e5aab771e60128f16b96e5208a746bd/elements - {"using":"xpath","value":"//button[@data-kt=\"addButton\"]"}
RESULT: {"using":"xpath","value":"//button[@data-kt=\"addButton\"]"}
COMMAND: POST /session/9e5aab771e60128f16b96e5208a746bd/elements - {"using":"xpath","value":"//button[@data-kt=\"addButton\"]"}
RESULT: {"using":"xpath","value":"//button[@data-kt=\"addButton\"]"}
COMMAND: POST /session/9e5aab771e60128f16b96e5208a746bd/elements - {"using":"xpath","value":"//button[@data-kt=\"addButton\"]"}
RESULT: {"using":"xpath","value":"//button[@data-kt=\"addButton\"]"}
COMMAND: POST /session/9e5aab771e60128f16b96e5208a746bd/elements - {"using":"xpath","value":"//button[@data-kt=\"addButton\"]"}
RESULT: {"using":"xpath","value":"//button[@data-kt=\"addButton\"]"}
COMMAND: POST /session/9e5aab771e60128f16b96e5208a746bd/elements - {"using":"xpath","value":"//button[@data-kt=\"addButton\"]"}
RESULT: {"using":"xpath","value":"//button[@data-kt=\"addButton\"]"}
COMMAND: POST /session/9e5aab771e60128f16b96e5208a746bd/elements - {"using":"xpath","value":"//button[@data-kt=\"addButton\"]"}
RESULT: {"using":"xpath","value":"//button[@data-kt=\"addButton\"]"}
COMMAND: POST /session/9e5aab771e60128f16b96e5208a746bd/element - {"using":"xpath","value":"//button[@data-kt=\"addButton\"]"}
RESULT: {"using":"xpath","value":"//button[@data-kt=\"addButton\"]"}
COMMAND: POST /session/9e5aab771e60128f16b96e5208a746bd/execute/sync - {"script":"<script> [8489 bytes]","args":[{"element-6066-11e4-a52e-4f735466cecf":"f.D9DF0156EB8BB5D0EDF68015944B7411.d.35139D6F2894E090FCBBC22B63BA49EA.e.312","ELEMENT":"f.D9DF0156EB8BB5D0EDF68015944B7411.d.35139D6F2894E090FCBBC22B63BA49EA.e.312"}]}
RESULT: {"script":"<script> [8489 bytes]","args":[{"element-6066-11e4-a52e-4f735466cecf":"f.D9DF0156EB8BB5D0EDF68015944B7411.d.35139D6F2894E090FCBBC22B63BA49EA.e.312","ELEMENT":"f.D9DF0156EB8BB5D0EDF68015944B7411.d.35139D6F2894E090FCBBC22B63BA49EA.e.312"}]}
COMMAND: GET /session/9e5aab771e60128f16b96e5208a746bd/element/f.D9DF0156EB8BB5D0EDF68015944B7411.d.35139D6F2894E090FCBBC22B63BA49EA.e.312/enabled - {}
COMMAND: GET /session/9e5aab771e60128f16b96e5208a746bd/screenshot - {}
RESULT: {}
COMMAND: POST /session/9e5aab771e60128f16b96e5208a746bd/execute/sync - {"script":"<script> [8489 bytes]","args":[{"element-6066-11e4-a52e-4f735466cecf":"f.D9DF0156EB8BB5D0EDF68015944B7411.d.35139D6F2894E090FCBBC22B63BA49EA.e.312","ELEMENT":"f.D9DF0156EB8BB5D0EDF68015944B7411.d.35139D6F2894E090FCBBC22B63BA49EA.e.312"}]}
COMMAND: GET /session/9e5aab771e60128f16b96e5208a746bd/screenshot - {}
RESULT: {}
RESULT: {"script":"<script> [8489 bytes]","args":[{"element-6066-11e4-a52e-4f735466cecf":"f.D9DF0156EB8BB5D0EDF68015944B7411.d.35139D6F2894E090FCBBC22B63BA49EA.e.312","ELEMENT":"f.D9DF0156EB8BB5D0EDF68015944B7411.d.35139D6F2894E090FCBBC22B63BA49EA.e.312"}]}
COMMAND: POST /session/9e5aab771e60128f16b96e5208a746bd/execute/sync - {"script":"<script> [5351 bytes]","args":[{"element-6066-11e4-a52e-4f735466cecf":"f.D9DF0156EB8BB5D0EDF68015944B7411.d.35139D6F2894E090FCBBC22B63BA49EA.e.312","ELEMENT":"f.D9DF0156EB8BB5D0EDF68015944B7411.d.35139D6F2894E090FCBBC22B63BA49EA.e.312"}]}
COMMAND: GET /session/9e5aab771e60128f16b96e5208a746bd/screenshot - {}
RESULT: {}
RESULT: {"script":"<script> [5351 bytes]","args":[{"element-6066-11e4-a52e-4f735466cecf":"f.D9DF0156EB8BB5D0EDF68015944B7411.d.35139D6F2894E090FCBBC22B63BA49EA.e.312","ELEMENT":"f.D9DF0156EB8BB5D0EDF68015944B7411.d.35139D6F2894E090FCBBC22B63BA49EA.e.312"}]}
COMMAND: GET /session/9e5aab771e60128f16b96e5208a746bd/screenshot - {}
RESULT: {}
RESULT: {}
COMMAND: POST /session/9e5aab771e60128f16b96e5208a746bd/execute/async - {"script":"<script> [1562 bytes]","args":[{"selector":{"id":"application-addressmanagement-display-component---masterAdm--smartFilterBar-btnBasicSearch","interaction":{"idSuffix":"I"}},"wdio_ui5_key":"applicationaddressmanagement-display-component---masterAdm--smartFilterBar-btnBasicSearch"}]}
RESULT: {"script":"<script> [1562 bytes]","args":[{"selector":{"id":"application-addressmanagement-display-component---masterAdm--smartFilterBar-btnBasicSearch","interaction":{"idSuffix":"I"}},"wdio_ui5_key":"applicationaddressmanagement-display-component---masterAdm--smartFilterBar-btnBasicSearch"}]}
RESULT: undefined
COMMAND: POST /session/9e5aab771e60128f16b96e5208a746bd/execute/async - {"script":"<script> [776 bytes]","args":[{"enterText":"V5WGQW6JbD","selector":{"id":"application-addressmanagement-display-component---masterAdm--smartFilterBar-btnBasicSearch","interaction":{"idSuffix":"I"}},"clearTextFirst":true,"interactionType":"ENTER_TEXT"}]}
RESULT: {"script":"<script> [776 bytes]","args":[{"enterText":"V5WGQW6JbD","selector":{"id":"application-addressmanagement-display-component---masterAdm--smartFilterBar-btnBasicSearch","interaction":{"idSuffix":"I"}},"clearTextFirst":true,"interactionType":"ENTER_TEXT"}]}
COMMAND: POST /session/9e5aab771e60128f16b96e5208a746bd/actions - {"actions":[{"id":"action1","type":"key","parameters":{},"actions":[{"type":"keyDown","value":""},{"type":"pause","duration":10},{"type":"keyUp","value":""}]}]}
RESULT: {"actions":[{"id":"action1","type":"key","parameters":{},"actions":[{"type":"keyDown","value":""},{"type":"pause","duration":10},{"type":"keyUp","value":""}]}]}
COMMAND: GET /session/9e5aab771e60128f16b96e5208a746bd/screenshot - {}
RESULT: {}
COMMAND: POST /session/9e5aab771e60128f16b96e5208a746bd/elements - {"using":"xpath","value":"//table[contains(@id, \"customPersonsAddressesTable-listUl\")]/tbody/tr"}
RESULT: {"using":"xpath","value":"//table[contains(@id, \"customPersonsAddressesTable-listUl\")]/tbody/tr"}
COMMAND: POST /session/9e5aab771e60128f16b96e5208a746bd/element - {"using":"xpath","value":"//table[contains(@id, \"customPersonsAddressesTable-listUl\")]/tbody/tr[1]/td[5]/span/span"}
RESULT: {"using":"xpath","value":"//table[contains(@id, \"customPersonsAddressesTable-listUl\")]/tbody/tr[1]/td[5]/span/span"}
COMMAND: POST /session/9e5aab771e60128f16b96e5208a746bd/element - {"using":"xpath","value":"//table[contains(@id, \"customPersonsAddressesTable-listUl\")]/tbody/tr[1]/td[3]/span"}
RESULT: {"using":"xpath","value":"//table[contains(@id, \"customPersonsAddressesTable-listUl\")]/tbody/tr[1]/td[3]/span"}
COMMAND: POST /session/9e5aab771e60128f16b96e5208a746bd/elements - {"using":"xpath","value":"//table[contains(@id, \"customPersonsAddressesTable-listUl\")]/tbody/tr[1]/td[5]/span/span"}
RESULT: {"using":"xpath","value":"//table[contains(@id, \"customPersonsAddressesTable-listUl\")]/tbody/tr[1]/td[5]/span/span"}
COMMAND: POST /session/9e5aab771e60128f16b96e5208a746bd/element - {"using":"xpath","value":"//span[@id=\"application-addressmanagement-display-component---masterAdm--smartTable-header-inner\"]"}
RESULT: {"using":"xpath","value":"//span[@id=\"application-addressmanagement-display-component---masterAdm--smartTable-header-inner\"]"}
COMMAND: POST /session/9e5aab771e60128f16b96e5208a746bd/elements - {"using":"xpath","value":"//span[@id=\"application-addressmanagement-display-component---masterAdm--smartTable-header-inner\"]"}
RESULT: {"using":"xpath","value":"//span[@id=\"application-addressmanagement-display-component---masterAdm--smartTable-header-inner\"]"}
COMMAND: POST /session/9e5aab771e60128f16b96e5208a746bd/execute/sync - {"script":"<script> [56 bytes]","args":[{"element-6066-11e4-a52e-4f735466cecf":"f.D9DF0156EB8BB5D0EDF68015944B7411.d.35139D6F2894E090FCBBC22B63BA49EA.e.453","ELEMENT":"f.D9DF0156EB8BB5D0EDF68015944B7411.d.35139D6F2894E090FCBBC22B63BA49EA.e.453"}]}
RESULT: {"script":"<script> [56 bytes]","args":[{"element-6066-11e4-a52e-4f735466cecf":"f.D9DF0156EB8BB5D0EDF68015944B7411.d.35139D6F2894E090FCBBC22B63BA49EA.e.453","ELEMENT":"f.D9DF0156EB8BB5D0EDF68015944B7411.d.35139D6F2894E090FCBBC22B63BA49EA.e.453"}]}
COMMAND: POST /session/9e5aab771e60128f16b96e5208a746bd/element - {"using":"xpath","value":"//button[@data-kt=\"addButton\"]"}
COMMAND: GET /session/9e5aab771e60128f16b96e5208a746bd/screenshot - {}
RESULT: {"using":"xpath","value":"//button[@data-kt=\"addButton\"]"}
COMMAND: POST /session/9e5aab771e60128f16b96e5208a746bd/element/f.D9DF0156EB8BB5D0EDF68015944B7411.d.35139D6F2894E090FCBBC22B63BA49EA.e.312/click - {}
RESULT: {}
RESULT: {}
COMMAND: GET /session/9e5aab771e60128f16b96e5208a746bd/screenshot - {}
RESULT: {}
COMMAND: POST /session/9e5aab771e60128f16b96e5208a746bd/execute/async - {"script":"<script> [1562 bytes]","args":[{"selector":{"controlType":"sap.ui.core.Icon","viewName":"etm.portal.ui.addressmanagement.view.NewAddress","properties":{"src":{"regex":{"source":"slim\\-arrow\\-down"}}},"ancestor":{"id":"addressTitle","viewName":"etm.portal.ui.addressmanagement.view.NewAddress"}},"wdio_ui5_key":"etmportal.ui.addressmanagement.view.NewAddresssap.ui.core.Icon{\"src\":{\"regex\":{\"source\":\"slim\\\\-arrow\\\\-down\"}}}{\"id\":\"addressTitle\",\"viewName\":\"etm.portal.ui.addressmanagement.view.NewAddress\"}"}]}
RESULT: {"script":"<script> [1562 bytes]","args":[{"selector":{"controlType":"sap.ui.core.Icon","viewName":"etm.portal.ui.addressmanagement.view.NewAddress","properties":{"src":{"regex":{"source":"slim\\-arrow\\-down"}}},"ancestor":{"id":"addressTitle","viewName":"etm.portal.ui.addressmanagement.view.NewAddress"}},"wdio_ui5_key":"etmportal.ui.addressmanagement.view.NewAddresssap.ui.core.Icon{\"src\":{\"regex\":{\"source\":\"slim\\\\-arrow\\\\-down\"}}}{\"id\":\"addressTitle\",\"viewName\":\"etm.portal.ui.addressmanagement.view.NewAddress\"}"}]}
RESULT: undefined
COMMAND: POST /session/9e5aab771e60128f16b96e5208a746bd/element - {"using":"xpath","value":"//*[@id=\"__xmlview58--addressTitle-arrow\"]"}
RESULT: {"using":"xpath","value":"//*[@id=\"__xmlview58--addressTitle-arrow\"]"}
COMMAND: POST /session/9e5aab771e60128f16b96e5208a746bd/element/f.D9DF0156EB8BB5D0EDF68015944B7411.d.35139D6F2894E090FCBBC22B63BA49EA.e.511/click - {}
RESULT: {}
COMMAND: GET /session/9e5aab771e60128f16b96e5208a746bd/screenshot - {}
RESULT: {}
COMMAND: POST /session/9e5aab771e60128f16b96e5208a746bd/element - {"using":"xpath","value":"//li[.//span[text()=\"Dr.\"]]"}
RESULT: {"using":"xpath","value":"//li[.//span[text()=\"Dr.\"]]"}
COMMAND: POST /session/9e5aab771e60128f16b96e5208a746bd/element/f.D9DF0156EB8BB5D0EDF68015944B7411.d.35139D6F2894E090FCBBC22B63BA49EA.e.592/click - {}
RESULT: {}
COMMAND: POST /session/9e5aab771e60128f16b96e5208a746bd/execute/async - {"script":"<script> [1562 bytes]","args":[{"selector":{"controlType":"sap.ui.core.Icon","viewName":"etm.portal.ui.addressmanagement.view.NewAddress","properties":{"src":{"regex":{"source":"slim\\-arrow\\-down"}}},"ancestor":{"id":"addressDetailDetailsLanguage","viewName":"etm.portal.ui.addressmanagement.view.NewAddress"}},"wdio_ui5_key":"etmportal.ui.addressmanagement.view.NewAddresssap.ui.core.Icon{\"src\":{\"regex\":{\"source\":\"slim\\\\-arrow\\\\-down\"}}}{\"id\":\"addressDetailDetailsLanguage\",\"viewName\":\"etm.portal.ui.addressmanagement.view.NewAddress\"}"}]}
COMMAND: GET /session/9e5aab771e60128f16b96e5208a746bd/screenshot - {}
RESULT: {"script":"<script> [1562 bytes]","args":[{"selector":{"controlType":"sap.ui.core.Icon","viewName":"etm.portal.ui.addressmanagement.view.NewAddress","properties":{"src":{"regex":{"source":"slim\\-arrow\\-down"}}},"ancestor":{"id":"addressDetailDetailsLanguage","viewName":"etm.portal.ui.addressmanagement.view.NewAddress"}},"wdio_ui5_key":"etmportal.ui.addressmanagement.view.NewAddresssap.ui.core.Icon{\"src\":{\"regex\":{\"source\":\"slim\\\\-arrow\\\\-down\"}}}{\"id\":\"addressDetailDetailsLanguage\",\"viewName\":\"etm.portal.ui.addressmanagement.view.NewAddress\"}"}]}
RESULT: undefined
COMMAND: POST /session/9e5aab771e60128f16b96e5208a746bd/element - {"using":"xpath","value":"//*[@id=\"__xmlview58--addressDetailDetailsLanguage-arrow\"]"}
RESULT: {}
RESULT: {"using":"xpath","value":"//*[@id=\"__xmlview58--addressDetailDetailsLanguage-arrow\"]"}
COMMAND: POST /session/9e5aab771e60128f16b96e5208a746bd/element/f.D9DF0156EB8BB5D0EDF68015944B7411.d.35139D6F2894E090FCBBC22B63BA49EA.e.524/click - {}
RESULT: {}
COMMAND: GET /session/9e5aab771e60128f16b96e5208a746bd/screenshot - {}
RESULT: {}
COMMAND: POST /session/9e5aab771e60128f16b96e5208a746bd/element - {"using":"xpath","value":"//span[contains(text(), \"English\")]"}
RESULT: {"using":"xpath","value":"//span[contains(text(), \"English\")]"}
COMMAND: POST /session/9e5aab771e60128f16b96e5208a746bd/element/f.D9DF0156EB8BB5D0EDF68015944B7411.d.35139D6F2894E090FCBBC22B63BA49EA.e.593/click - {}
RESULT: {}
COMMAND: POST /session/9e5aab771e60128f16b96e5208a746bd/execute/async - {"script":"<script> [1562 bytes]","args":[{"selector":{"controlType":"sap.m.Input","viewName":"etm.portal.ui.addressmanagement.view.NewAddress","labelFor":{"text":"Name"},"interaction":{"idSuffix":"inner"}},"wdio_ui5_key":"etmportal.ui.addressmanagement.view.NewAddresssap.m.Input{\"text\":\"Name\"}"}]}
COMMAND: GET /session/9e5aab771e60128f16b96e5208a746bd/screenshot - {}
RESULT: {"script":"<script> [1562 bytes]","args":[{"selector":{"controlType":"sap.m.Input","viewName":"etm.portal.ui.addressmanagement.view.NewAddress","labelFor":{"text":"Name"},"interaction":{"idSuffix":"inner"}},"wdio_ui5_key":"etmportal.ui.addressmanagement.view.NewAddresssap.m.Input{\"text\":\"Name\"}"}]}
RESULT: undefined
COMMAND: POST /session/9e5aab771e60128f16b96e5208a746bd/execute/async - {"script":"<script> [776 bytes]","args":[{"enterText":"V5WGQW6JbD","selector":{"controlType":"sap.m.Input","viewName":"etm.portal.ui.addressmanagement.view.NewAddress","labelFor":{"text":"Name"},"interaction":{"idSuffix":"inner"}},"clearTextFirst":true,"interactionType":"ENTER_TEXT"}]}
RESULT: {}
RESULT: {"script":"<script> [776 bytes]","args":[{"enterText":"V5WGQW6JbD","selector":{"controlType":"sap.m.Input","viewName":"etm.portal.ui.addressmanagement.view.NewAddress","labelFor":{"text":"Name"},"interaction":{"idSuffix":"inner"}},"clearTextFirst":true,"interactionType":"ENTER_TEXT"}]}
COMMAND: POST /session/9e5aab771e60128f16b96e5208a746bd/element - {"using":"xpath","value":"//button[@title=\"Save\"]"}
RESULT: {"using":"xpath","value":"//button[@title=\"Save\"]"}
COMMAND: POST /session/9e5aab771e60128f16b96e5208a746bd/element/f.D9DF0156EB8BB5D0EDF68015944B7411.d.35139D6F2894E090FCBBC22B63BA49EA.e.577/click - {}
RESULT: {}
COMMAND: GET /session/9e5aab771e60128f16b96e5208a746bd/screenshot - {}
RESULT: {}
COMMAND: POST /session/9e5aab771e60128f16b96e5208a746bd/element - {"using":"xpath","value":"//header[contains(@id, \"application-addressmanagement-display-component---detailAdm--ObjectPageLayout-headerTitle\")]/div[1]/div[3]/div[2]/span"}
RESULT: {"using":"xpath","value":"//header[contains(@id, \"application-addressmanagement-display-component---detailAdm--ObjectPageLayout-headerTitle\")]/div[1]/div[3]/div[2]/span"}
COMMAND: POST /session/9e5aab771e60128f16b96e5208a746bd/elements - {"using":"xpath","value":"//header[contains(@id, \"application-addressmanagement-display-component---detailAdm--ObjectPageLayout-headerTitle\")]/div[1]/div[3]/div[2]/span"}
RESULT: {"using":"xpath","value":"//header[contains(@id, \"application-addressmanagement-display-component---detailAdm--ObjectPageLayout-headerTitle\")]/div[1]/div[3]/div[2]/span"}
COMMAND: POST /session/9e5aab771e60128f16b96e5208a746bd/execute/sync - {"script":"<script> [56 bytes]","args":[{"element-6066-11e4-a52e-4f735466cecf":"f.D9DF0156EB8BB5D0EDF68015944B7411.d.35139D6F2894E090FCBBC22B63BA49EA.e.618","ELEMENT":"f.D9DF0156EB8BB5D0EDF68015944B7411.d.35139D6F2894E090FCBBC22B63BA49EA.e.618"}]}
RESULT: {"script":"<script> [56 bytes]","args":[{"element-6066-11e4-a52e-4f735466cecf":"f.D9DF0156EB8BB5D0EDF68015944B7411.d.35139D6F2894E090FCBBC22B63BA49EA.e.618","ELEMENT":"f.D9DF0156EB8BB5D0EDF68015944B7411.d.35139D6F2894E090FCBBC22B63BA49EA.e.618"}]}
COMMAND: GET /session/9e5aab771e60128f16b96e5208a746bd/screenshot - {}
RESULT: {}
COMMAND: POST /session/9e5aab771e60128f16b96e5208a746bd/element - {"using":"css selector","value":"#shell-header-logo"}
RESULT: {"using":"css selector","value":"#shell-header-logo"}
COMMAND: POST /session/9e5aab771e60128f16b96e5208a746bd/element/f.D9DF0156EB8BB5D0EDF68015944B7411.d.35139D6F2894E090FCBBC22B63BA49EA.e.275/click - {}
RESULT: {}
COMMAND: GET /session/9e5aab771e60128f16b96e5208a746bd/screenshot - {}
RESULT: {}
]]></system-out>
    </testcase>
    <testcase classname="chrome.136_0_7103_93.windows.Address_Management_Tests_US156181_US151165_US151160_US156180_US156178_US151157_US151172_US151170_US151166_US151168" name="Step 2 Should deactivate the created address in earlier step US151165" time="44.289">
      <system-out><![CDATA[
RESULT: undefined
COMMAND: POST /session/9e5aab771e60128f16b96e5208a746bd/element - {"using":"xpath","value":"//*[@id=\"__tile33\"]"}
RESULT: {"using":"xpath","value":"//*[@id=\"__tile33\"]"}
COMMAND: POST /session/9e5aab771e60128f16b96e5208a746bd/element/f.D9DF0156EB8BB5D0EDF68015944B7411.d.35139D6F2894E090FCBBC22B63BA49EA.e.223/click - {}
RESULT: {}
COMMAND: GET /session/9e5aab771e60128f16b96e5208a746bd/screenshot - {}
RESULT: {}
COMMAND: POST /session/9e5aab771e60128f16b96e5208a746bd/elements - {"using":"xpath","value":"//span[text()='Error']"}
RESULT: {"using":"xpath","value":"//span[text()='Error']"}
COMMAND: POST /session/9e5aab771e60128f16b96e5208a746bd/element - {"using":"xpath","value":"//button[@data-kt=\"addButton\"]"}
RESULT: {"using":"xpath","value":"//button[@data-kt=\"addButton\"]"}
COMMAND: POST /session/9e5aab771e60128f16b96e5208a746bd/elements - {"using":"xpath","value":"//button[@data-kt=\"addButton\"]"}
RESULT: {"using":"xpath","value":"//button[@data-kt=\"addButton\"]"}
COMMAND: POST /session/9e5aab771e60128f16b96e5208a746bd/execute/sync - {"script":"<script> [8489 bytes]","args":[{"element-6066-11e4-a52e-4f735466cecf":"f.D9DF0156EB8BB5D0EDF68015944B7411.d.35139D6F2894E090FCBBC22B63BA49EA.e.665","ELEMENT":"f.D9DF0156EB8BB5D0EDF68015944B7411.d.35139D6F2894E090FCBBC22B63BA49EA.e.665"}]}
RESULT: {"script":"<script> [8489 bytes]","args":[{"element-6066-11e4-a52e-4f735466cecf":"f.D9DF0156EB8BB5D0EDF68015944B7411.d.35139D6F2894E090FCBBC22B63BA49EA.e.665","ELEMENT":"f.D9DF0156EB8BB5D0EDF68015944B7411.d.35139D6F2894E090FCBBC22B63BA49EA.e.665"}]}
COMMAND: GET /session/9e5aab771e60128f16b96e5208a746bd/element/f.D9DF0156EB8BB5D0EDF68015944B7411.d.35139D6F2894E090FCBBC22B63BA49EA.e.665/enabled - {}
COMMAND: GET /session/9e5aab771e60128f16b96e5208a746bd/screenshot - {}
RESULT: {}
COMMAND: POST /session/9e5aab771e60128f16b96e5208a746bd/execute/sync - {"script":"<script> [8489 bytes]","args":[{"element-6066-11e4-a52e-4f735466cecf":"f.D9DF0156EB8BB5D0EDF68015944B7411.d.35139D6F2894E090FCBBC22B63BA49EA.e.665","ELEMENT":"f.D9DF0156EB8BB5D0EDF68015944B7411.d.35139D6F2894E090FCBBC22B63BA49EA.e.665"}]}
COMMAND: GET /session/9e5aab771e60128f16b96e5208a746bd/screenshot - {}
RESULT: {}
RESULT: {"script":"<script> [8489 bytes]","args":[{"element-6066-11e4-a52e-4f735466cecf":"f.D9DF0156EB8BB5D0EDF68015944B7411.d.35139D6F2894E090FCBBC22B63BA49EA.e.665","ELEMENT":"f.D9DF0156EB8BB5D0EDF68015944B7411.d.35139D6F2894E090FCBBC22B63BA49EA.e.665"}]}
COMMAND: POST /session/9e5aab771e60128f16b96e5208a746bd/execute/sync - {"script":"<script> [5351 bytes]","args":[{"element-6066-11e4-a52e-4f735466cecf":"f.D9DF0156EB8BB5D0EDF68015944B7411.d.35139D6F2894E090FCBBC22B63BA49EA.e.665","ELEMENT":"f.D9DF0156EB8BB5D0EDF68015944B7411.d.35139D6F2894E090FCBBC22B63BA49EA.e.665"}]}
COMMAND: GET /session/9e5aab771e60128f16b96e5208a746bd/screenshot - {}
RESULT: {}
RESULT: {"script":"<script> [5351 bytes]","args":[{"element-6066-11e4-a52e-4f735466cecf":"f.D9DF0156EB8BB5D0EDF68015944B7411.d.35139D6F2894E090FCBBC22B63BA49EA.e.665","ELEMENT":"f.D9DF0156EB8BB5D0EDF68015944B7411.d.35139D6F2894E090FCBBC22B63BA49EA.e.665"}]}
COMMAND: GET /session/9e5aab771e60128f16b96e5208a746bd/screenshot - {}
RESULT: {}
RESULT: {}
RESULT: undefined
COMMAND: POST /session/9e5aab771e60128f16b96e5208a746bd/execute/async - {"script":"<script> [776 bytes]","args":[{"enterText":"V5WGQW6JbD","selector":{"id":"application-addressmanagement-display-component---masterAdm--smartFilterBar-btnBasicSearch","interaction":{"idSuffix":"I"}},"clearTextFirst":true,"interactionType":"ENTER_TEXT"}]}
RESULT: {"script":"<script> [776 bytes]","args":[{"enterText":"V5WGQW6JbD","selector":{"id":"application-addressmanagement-display-component---masterAdm--smartFilterBar-btnBasicSearch","interaction":{"idSuffix":"I"}},"clearTextFirst":true,"interactionType":"ENTER_TEXT"}]}
COMMAND: POST /session/9e5aab771e60128f16b96e5208a746bd/actions - {"actions":[{"id":"action2","type":"key","parameters":{},"actions":[{"type":"keyDown","value":""},{"type":"pause","duration":10},{"type":"keyUp","value":""}]}]}
RESULT: {"actions":[{"id":"action2","type":"key","parameters":{},"actions":[{"type":"keyDown","value":""},{"type":"pause","duration":10},{"type":"keyUp","value":""}]}]}
COMMAND: GET /session/9e5aab771e60128f16b96e5208a746bd/screenshot - {}
RESULT: {}
COMMAND: POST /session/9e5aab771e60128f16b96e5208a746bd/elements - {"using":"xpath","value":"//table[contains(@id, \"customPersonsAddressesTable-listUl\")]/tbody/tr"}
RESULT: {"using":"xpath","value":"//table[contains(@id, \"customPersonsAddressesTable-listUl\")]/tbody/tr"}
COMMAND: POST /session/9e5aab771e60128f16b96e5208a746bd/element - {"using":"xpath","value":"//table[contains(@id, \"customPersonsAddressesTable-listUl\")]/tbody/tr[1]/td[5]/span/span"}
RESULT: {"using":"xpath","value":"//table[contains(@id, \"customPersonsAddressesTable-listUl\")]/tbody/tr[1]/td[5]/span/span"}
COMMAND: POST /session/9e5aab771e60128f16b96e5208a746bd/element - {"using":"xpath","value":"//table[contains(@id, \"customPersonsAddressesTable-listUl\")]/tbody/tr[1]/td[3]/span"}
RESULT: {"using":"xpath","value":"//table[contains(@id, \"customPersonsAddressesTable-listUl\")]/tbody/tr[1]/td[3]/span"}
COMMAND: POST /session/9e5aab771e60128f16b96e5208a746bd/elements - {"using":"xpath","value":"//table[contains(@id, \"customPersonsAddressesTable-listUl\")]/tbody/tr[1]/td[5]/span/span"}
RESULT: {"using":"xpath","value":"//table[contains(@id, \"customPersonsAddressesTable-listUl\")]/tbody/tr[1]/td[5]/span/span"}
COMMAND: POST /session/9e5aab771e60128f16b96e5208a746bd/execute/sync - {"script":"<script> [56 bytes]","args":[{"element-6066-11e4-a52e-4f735466cecf":"f.D9DF0156EB8BB5D0EDF68015944B7411.d.35139D6F2894E090FCBBC22B63BA49EA.e.810","ELEMENT":"f.D9DF0156EB8BB5D0EDF68015944B7411.d.35139D6F2894E090FCBBC22B63BA49EA.e.810"}]}
RESULT: {"script":"<script> [56 bytes]","args":[{"element-6066-11e4-a52e-4f735466cecf":"f.D9DF0156EB8BB5D0EDF68015944B7411.d.35139D6F2894E090FCBBC22B63BA49EA.e.810","ELEMENT":"f.D9DF0156EB8BB5D0EDF68015944B7411.d.35139D6F2894E090FCBBC22B63BA49EA.e.810"}]}
COMMAND: POST /session/9e5aab771e60128f16b96e5208a746bd/execute/sync - {"script":"<script> [56 bytes]","args":[{"element-6066-11e4-a52e-4f735466cecf":"f.D9DF0156EB8BB5D0EDF68015944B7411.d.35139D6F2894E090FCBBC22B63BA49EA.e.811","ELEMENT":"f.D9DF0156EB8BB5D0EDF68015944B7411.d.35139D6F2894E090FCBBC22B63BA49EA.e.811"}]}
COMMAND: GET /session/9e5aab771e60128f16b96e5208a746bd/screenshot - {}
RESULT: {"script":"<script> [56 bytes]","args":[{"element-6066-11e4-a52e-4f735466cecf":"f.D9DF0156EB8BB5D0EDF68015944B7411.d.35139D6F2894E090FCBBC22B63BA49EA.e.811","ELEMENT":"f.D9DF0156EB8BB5D0EDF68015944B7411.d.35139D6F2894E090FCBBC22B63BA49EA.e.811"}]}
COMMAND: POST /session/9e5aab771e60128f16b96e5208a746bd/element - {"using":"xpath","value":"//table[contains(@id, \"customPersonsAddressesTable-listUl\")]/tbody/tr[1]/td[10]/div/span"}
COMMAND: GET /session/9e5aab771e60128f16b96e5208a746bd/screenshot - {}
RESULT: {}
RESULT: {"using":"xpath","value":"//table[contains(@id, \"customPersonsAddressesTable-listUl\")]/tbody/tr[1]/td[10]/div/span"}
COMMAND: POST /session/9e5aab771e60128f16b96e5208a746bd/execute/sync - {"script":"<script> [56 bytes]","args":[{"element-6066-11e4-a52e-4f735466cecf":"f.D9DF0156EB8BB5D0EDF68015944B7411.d.35139D6F2894E090FCBBC22B63BA49EA.e.812","ELEMENT":"f.D9DF0156EB8BB5D0EDF68015944B7411.d.35139D6F2894E090FCBBC22B63BA49EA.e.812"}]}
RESULT: {}
RESULT: {"script":"<script> [56 bytes]","args":[{"element-6066-11e4-a52e-4f735466cecf":"f.D9DF0156EB8BB5D0EDF68015944B7411.d.35139D6F2894E090FCBBC22B63BA49EA.e.812","ELEMENT":"f.D9DF0156EB8BB5D0EDF68015944B7411.d.35139D6F2894E090FCBBC22B63BA49EA.e.812"}]}
COMMAND: POST /session/9e5aab771e60128f16b96e5208a746bd/element - {"using":"xpath","value":"//table[contains(@id, \"customPersonsAddressesTable-listUl\")]/tbody/tr[1]/td[2]/div/div"}
COMMAND: GET /session/9e5aab771e60128f16b96e5208a746bd/screenshot - {}
RESULT: {"using":"xpath","value":"//table[contains(@id, \"customPersonsAddressesTable-listUl\")]/tbody/tr[1]/td[2]/div/div"}
COMMAND: POST /session/9e5aab771e60128f16b96e5208a746bd/element/f.D9DF0156EB8BB5D0EDF68015944B7411.d.35139D6F2894E090FCBBC22B63BA49EA.e.813/click - {}
RESULT: {}
RESULT: {}
COMMAND: GET /session/9e5aab771e60128f16b96e5208a746bd/screenshot - {}
RESULT: {}
COMMAND: POST /session/9e5aab771e60128f16b96e5208a746bd/element - {"using":"xpath","value":"//bdi[contains(text(), \"Deactivate\")]"}
RESULT: {"using":"xpath","value":"//bdi[contains(text(), \"Deactivate\")]"}
COMMAND: POST /session/9e5aab771e60128f16b96e5208a746bd/element/f.D9DF0156EB8BB5D0EDF68015944B7411.d.35139D6F2894E090FCBBC22B63BA49EA.e.814/click - {}
RESULT: {}
COMMAND: GET /session/9e5aab771e60128f16b96e5208a746bd/screenshot - {}
RESULT: {}
COMMAND: POST /session/9e5aab771e60128f16b96e5208a746bd/element - {"using":"xpath","value":"//bdi[contains(text(), \"Yes\")]"}
RESULT: {"using":"xpath","value":"//bdi[contains(text(), \"Yes\")]"}
COMMAND: POST /session/9e5aab771e60128f16b96e5208a746bd/element/f.D9DF0156EB8BB5D0EDF68015944B7411.d.35139D6F2894E090FCBBC22B63BA49EA.e.816/click - {}
RESULT: {}
COMMAND: GET /session/9e5aab771e60128f16b96e5208a746bd/screenshot - {}
RESULT: {}
COMMAND: POST /session/9e5aab771e60128f16b96e5208a746bd/element - {"using":"xpath","value":"//table[contains(@id, \"customPersonsAddressesTable-listUl\")]/tbody/tr[1]/td[10]/div/span"}
RESULT: {"using":"xpath","value":"//table[contains(@id, \"customPersonsAddressesTable-listUl\")]/tbody/tr[1]/td[10]/div/span"}
COMMAND: POST /session/9e5aab771e60128f16b96e5208a746bd/execute/sync - {"script":"<script> [56 bytes]","args":[{"element-6066-11e4-a52e-4f735466cecf":"f.D9DF0156EB8BB5D0EDF68015944B7411.d.35139D6F2894E090FCBBC22B63BA49EA.e.812","ELEMENT":"f.D9DF0156EB8BB5D0EDF68015944B7411.d.35139D6F2894E090FCBBC22B63BA49EA.e.812"}]}
RESULT: {"script":"<script> [56 bytes]","args":[{"element-6066-11e4-a52e-4f735466cecf":"f.D9DF0156EB8BB5D0EDF68015944B7411.d.35139D6F2894E090FCBBC22B63BA49EA.e.812","ELEMENT":"f.D9DF0156EB8BB5D0EDF68015944B7411.d.35139D6F2894E090FCBBC22B63BA49EA.e.812"}]}
COMMAND: GET /session/9e5aab771e60128f16b96e5208a746bd/screenshot - {}
RESULT: {}
COMMAND: POST /session/9e5aab771e60128f16b96e5208a746bd/element - {"using":"css selector","value":"#shell-header-logo"}
RESULT: {"using":"css selector","value":"#shell-header-logo"}
COMMAND: POST /session/9e5aab771e60128f16b96e5208a746bd/element/f.D9DF0156EB8BB5D0EDF68015944B7411.d.35139D6F2894E090FCBBC22B63BA49EA.e.623/click - {}
RESULT: {}
COMMAND: GET /session/9e5aab771e60128f16b96e5208a746bd/screenshot - {}
RESULT: {}
]]></system-out>
    </testcase>
    <testcase classname="chrome.136_0_7103_93.windows.Address_Management_Tests_US156181_US151165_US151160_US156180_US156178_US151157_US151172_US151170_US151166_US151168" name="Step 3 Should activate the created address back again US151160" time="44.496">
      <system-out><![CDATA[
RESULT: undefined
COMMAND: POST /session/9e5aab771e60128f16b96e5208a746bd/element - {"using":"xpath","value":"//*[@id=\"__tile33\"]"}
RESULT: {"using":"xpath","value":"//*[@id=\"__tile33\"]"}
COMMAND: POST /session/9e5aab771e60128f16b96e5208a746bd/element/f.D9DF0156EB8BB5D0EDF68015944B7411.d.35139D6F2894E090FCBBC22B63BA49EA.e.223/click - {}
RESULT: {}
COMMAND: GET /session/9e5aab771e60128f16b96e5208a746bd/screenshot - {}
RESULT: {}
COMMAND: POST /session/9e5aab771e60128f16b96e5208a746bd/elements - {"using":"xpath","value":"//span[text()='Error']"}
RESULT: {"using":"xpath","value":"//span[text()='Error']"}
COMMAND: POST /session/9e5aab771e60128f16b96e5208a746bd/element - {"using":"xpath","value":"//button[@data-kt=\"addButton\"]"}
RESULT: {"using":"xpath","value":"//button[@data-kt=\"addButton\"]"}
COMMAND: POST /session/9e5aab771e60128f16b96e5208a746bd/elements - {"using":"xpath","value":"//button[@data-kt=\"addButton\"]"}
RESULT: {"using":"xpath","value":"//button[@data-kt=\"addButton\"]"}
COMMAND: POST /session/9e5aab771e60128f16b96e5208a746bd/execute/sync - {"script":"<script> [8489 bytes]","args":[{"element-6066-11e4-a52e-4f735466cecf":"f.D9DF0156EB8BB5D0EDF68015944B7411.d.35139D6F2894E090FCBBC22B63BA49EA.e.862","ELEMENT":"f.D9DF0156EB8BB5D0EDF68015944B7411.d.35139D6F2894E090FCBBC22B63BA49EA.e.862"}]}
RESULT: {"script":"<script> [8489 bytes]","args":[{"element-6066-11e4-a52e-4f735466cecf":"f.D9DF0156EB8BB5D0EDF68015944B7411.d.35139D6F2894E090FCBBC22B63BA49EA.e.862","ELEMENT":"f.D9DF0156EB8BB5D0EDF68015944B7411.d.35139D6F2894E090FCBBC22B63BA49EA.e.862"}]}
COMMAND: GET /session/9e5aab771e60128f16b96e5208a746bd/element/f.D9DF0156EB8BB5D0EDF68015944B7411.d.35139D6F2894E090FCBBC22B63BA49EA.e.862/enabled - {}
COMMAND: GET /session/9e5aab771e60128f16b96e5208a746bd/screenshot - {}
RESULT: {}
COMMAND: POST /session/9e5aab771e60128f16b96e5208a746bd/execute/sync - {"script":"<script> [8489 bytes]","args":[{"element-6066-11e4-a52e-4f735466cecf":"f.D9DF0156EB8BB5D0EDF68015944B7411.d.35139D6F2894E090FCBBC22B63BA49EA.e.862","ELEMENT":"f.D9DF0156EB8BB5D0EDF68015944B7411.d.35139D6F2894E090FCBBC22B63BA49EA.e.862"}]}
COMMAND: GET /session/9e5aab771e60128f16b96e5208a746bd/screenshot - {}
RESULT: {}
RESULT: {"script":"<script> [8489 bytes]","args":[{"element-6066-11e4-a52e-4f735466cecf":"f.D9DF0156EB8BB5D0EDF68015944B7411.d.35139D6F2894E090FCBBC22B63BA49EA.e.862","ELEMENT":"f.D9DF0156EB8BB5D0EDF68015944B7411.d.35139D6F2894E090FCBBC22B63BA49EA.e.862"}]}
COMMAND: POST /session/9e5aab771e60128f16b96e5208a746bd/execute/sync - {"script":"<script> [5351 bytes]","args":[{"element-6066-11e4-a52e-4f735466cecf":"f.D9DF0156EB8BB5D0EDF68015944B7411.d.35139D6F2894E090FCBBC22B63BA49EA.e.862","ELEMENT":"f.D9DF0156EB8BB5D0EDF68015944B7411.d.35139D6F2894E090FCBBC22B63BA49EA.e.862"}]}
COMMAND: GET /session/9e5aab771e60128f16b96e5208a746bd/screenshot - {}
RESULT: {}
RESULT: {"script":"<script> [5351 bytes]","args":[{"element-6066-11e4-a52e-4f735466cecf":"f.D9DF0156EB8BB5D0EDF68015944B7411.d.35139D6F2894E090FCBBC22B63BA49EA.e.862","ELEMENT":"f.D9DF0156EB8BB5D0EDF68015944B7411.d.35139D6F2894E090FCBBC22B63BA49EA.e.862"}]}
COMMAND: GET /session/9e5aab771e60128f16b96e5208a746bd/screenshot - {}
RESULT: {}
RESULT: {}
RESULT: undefined
COMMAND: POST /session/9e5aab771e60128f16b96e5208a746bd/execute/async - {"script":"<script> [776 bytes]","args":[{"enterText":"V5WGQW6JbD","selector":{"id":"application-addressmanagement-display-component---masterAdm--smartFilterBar-btnBasicSearch","interaction":{"idSuffix":"I"}},"clearTextFirst":true,"interactionType":"ENTER_TEXT"}]}
RESULT: {"script":"<script> [776 bytes]","args":[{"enterText":"V5WGQW6JbD","selector":{"id":"application-addressmanagement-display-component---masterAdm--smartFilterBar-btnBasicSearch","interaction":{"idSuffix":"I"}},"clearTextFirst":true,"interactionType":"ENTER_TEXT"}]}
COMMAND: POST /session/9e5aab771e60128f16b96e5208a746bd/actions - {"actions":[{"id":"action3","type":"key","parameters":{},"actions":[{"type":"keyDown","value":""},{"type":"pause","duration":10},{"type":"keyUp","value":""}]}]}
RESULT: {"actions":[{"id":"action3","type":"key","parameters":{},"actions":[{"type":"keyDown","value":""},{"type":"pause","duration":10},{"type":"keyUp","value":""}]}]}
COMMAND: GET /session/9e5aab771e60128f16b96e5208a746bd/screenshot - {}
RESULT: {}
COMMAND: POST /session/9e5aab771e60128f16b96e5208a746bd/elements - {"using":"xpath","value":"//table[contains(@id, \"customPersonsAddressesTable-listUl\")]/tbody/tr"}
RESULT: {"using":"xpath","value":"//table[contains(@id, \"customPersonsAddressesTable-listUl\")]/tbody/tr"}
COMMAND: POST /session/9e5aab771e60128f16b96e5208a746bd/element - {"using":"xpath","value":"//table[contains(@id, \"customPersonsAddressesTable-listUl\")]/tbody/tr[1]/td[5]/span/span"}
RESULT: {"using":"xpath","value":"//table[contains(@id, \"customPersonsAddressesTable-listUl\")]/tbody/tr[1]/td[5]/span/span"}
COMMAND: POST /session/9e5aab771e60128f16b96e5208a746bd/element - {"using":"xpath","value":"//table[contains(@id, \"customPersonsAddressesTable-listUl\")]/tbody/tr[1]/td[3]/span"}
RESULT: {"using":"xpath","value":"//table[contains(@id, \"customPersonsAddressesTable-listUl\")]/tbody/tr[1]/td[3]/span"}
COMMAND: POST /session/9e5aab771e60128f16b96e5208a746bd/elements - {"using":"xpath","value":"//table[contains(@id, \"customPersonsAddressesTable-listUl\")]/tbody/tr[1]/td[5]/span/span"}
RESULT: {"using":"xpath","value":"//table[contains(@id, \"customPersonsAddressesTable-listUl\")]/tbody/tr[1]/td[5]/span/span"}
COMMAND: POST /session/9e5aab771e60128f16b96e5208a746bd/execute/sync - {"script":"<script> [56 bytes]","args":[{"element-6066-11e4-a52e-4f735466cecf":"f.D9DF0156EB8BB5D0EDF68015944B7411.d.35139D6F2894E090FCBBC22B63BA49EA.e.1007","ELEMENT":"f.D9DF0156EB8BB5D0EDF68015944B7411.d.35139D6F2894E090FCBBC22B63BA49EA.e.1007"}]}
RESULT: {"script":"<script> [56 bytes]","args":[{"element-6066-11e4-a52e-4f735466cecf":"f.D9DF0156EB8BB5D0EDF68015944B7411.d.35139D6F2894E090FCBBC22B63BA49EA.e.1007","ELEMENT":"f.D9DF0156EB8BB5D0EDF68015944B7411.d.35139D6F2894E090FCBBC22B63BA49EA.e.1007"}]}
COMMAND: POST /session/9e5aab771e60128f16b96e5208a746bd/execute/sync - {"script":"<script> [56 bytes]","args":[{"element-6066-11e4-a52e-4f735466cecf":"f.D9DF0156EB8BB5D0EDF68015944B7411.d.35139D6F2894E090FCBBC22B63BA49EA.e.1008","ELEMENT":"f.D9DF0156EB8BB5D0EDF68015944B7411.d.35139D6F2894E090FCBBC22B63BA49EA.e.1008"}]}
COMMAND: GET /session/9e5aab771e60128f16b96e5208a746bd/screenshot - {}
RESULT: {"script":"<script> [56 bytes]","args":[{"element-6066-11e4-a52e-4f735466cecf":"f.D9DF0156EB8BB5D0EDF68015944B7411.d.35139D6F2894E090FCBBC22B63BA49EA.e.1008","ELEMENT":"f.D9DF0156EB8BB5D0EDF68015944B7411.d.35139D6F2894E090FCBBC22B63BA49EA.e.1008"}]}
COMMAND: POST /session/9e5aab771e60128f16b96e5208a746bd/element - {"using":"xpath","value":"//table[contains(@id, \"customPersonsAddressesTable-listUl\")]/tbody/tr[1]/td[10]/div/span"}
COMMAND: GET /session/9e5aab771e60128f16b96e5208a746bd/screenshot - {}
RESULT: {}
RESULT: {"using":"xpath","value":"//table[contains(@id, \"customPersonsAddressesTable-listUl\")]/tbody/tr[1]/td[10]/div/span"}
COMMAND: POST /session/9e5aab771e60128f16b96e5208a746bd/execute/sync - {"script":"<script> [56 bytes]","args":[{"element-6066-11e4-a52e-4f735466cecf":"f.D9DF0156EB8BB5D0EDF68015944B7411.d.35139D6F2894E090FCBBC22B63BA49EA.e.1009","ELEMENT":"f.D9DF0156EB8BB5D0EDF68015944B7411.d.35139D6F2894E090FCBBC22B63BA49EA.e.1009"}]}
RESULT: {}
RESULT: {"script":"<script> [56 bytes]","args":[{"element-6066-11e4-a52e-4f735466cecf":"f.D9DF0156EB8BB5D0EDF68015944B7411.d.35139D6F2894E090FCBBC22B63BA49EA.e.1009","ELEMENT":"f.D9DF0156EB8BB5D0EDF68015944B7411.d.35139D6F2894E090FCBBC22B63BA49EA.e.1009"}]}
COMMAND: POST /session/9e5aab771e60128f16b96e5208a746bd/element - {"using":"xpath","value":"//table[contains(@id, \"customPersonsAddressesTable-listUl\")]/tbody/tr[1]/td[2]/div/div"}
COMMAND: GET /session/9e5aab771e60128f16b96e5208a746bd/screenshot - {}
RESULT: {"using":"xpath","value":"//table[contains(@id, \"customPersonsAddressesTable-listUl\")]/tbody/tr[1]/td[2]/div/div"}
COMMAND: POST /session/9e5aab771e60128f16b96e5208a746bd/element/f.D9DF0156EB8BB5D0EDF68015944B7411.d.35139D6F2894E090FCBBC22B63BA49EA.e.1010/click - {}
RESULT: {}
RESULT: {}
COMMAND: GET /session/9e5aab771e60128f16b96e5208a746bd/screenshot - {}
RESULT: {}
COMMAND: POST /session/9e5aab771e60128f16b96e5208a746bd/element - {"using":"xpath","value":"//bdi[contains(text(), \"Activate\")]"}
RESULT: {"using":"xpath","value":"//bdi[contains(text(), \"Activate\")]"}
COMMAND: POST /session/9e5aab771e60128f16b96e5208a746bd/element/f.D9DF0156EB8BB5D0EDF68015944B7411.d.35139D6F2894E090FCBBC22B63BA49EA.e.1011/click - {}
RESULT: {}
COMMAND: GET /session/9e5aab771e60128f16b96e5208a746bd/screenshot - {}
RESULT: {}
COMMAND: POST /session/9e5aab771e60128f16b96e5208a746bd/element - {"using":"xpath","value":"//bdi[contains(text(), \"Yes\")]"}
RESULT: {"using":"xpath","value":"//bdi[contains(text(), \"Yes\")]"}
COMMAND: POST /session/9e5aab771e60128f16b96e5208a746bd/element/f.D9DF0156EB8BB5D0EDF68015944B7411.d.35139D6F2894E090FCBBC22B63BA49EA.e.1013/click - {}
RESULT: {}
COMMAND: GET /session/9e5aab771e60128f16b96e5208a746bd/screenshot - {}
RESULT: {}
COMMAND: POST /session/9e5aab771e60128f16b96e5208a746bd/element - {"using":"xpath","value":"//table[contains(@id, \"customPersonsAddressesTable-listUl\")]/tbody/tr[1]/td[10]/div/span"}
RESULT: {"using":"xpath","value":"//table[contains(@id, \"customPersonsAddressesTable-listUl\")]/tbody/tr[1]/td[10]/div/span"}
COMMAND: POST /session/9e5aab771e60128f16b96e5208a746bd/execute/sync - {"script":"<script> [56 bytes]","args":[{"element-6066-11e4-a52e-4f735466cecf":"f.D9DF0156EB8BB5D0EDF68015944B7411.d.35139D6F2894E090FCBBC22B63BA49EA.e.1009","ELEMENT":"f.D9DF0156EB8BB5D0EDF68015944B7411.d.35139D6F2894E090FCBBC22B63BA49EA.e.1009"}]}
RESULT: {"script":"<script> [56 bytes]","args":[{"element-6066-11e4-a52e-4f735466cecf":"f.D9DF0156EB8BB5D0EDF68015944B7411.d.35139D6F2894E090FCBBC22B63BA49EA.e.1009","ELEMENT":"f.D9DF0156EB8BB5D0EDF68015944B7411.d.35139D6F2894E090FCBBC22B63BA49EA.e.1009"}]}
COMMAND: GET /session/9e5aab771e60128f16b96e5208a746bd/screenshot - {}
RESULT: {}
COMMAND: POST /session/9e5aab771e60128f16b96e5208a746bd/element - {"using":"css selector","value":"#shell-header-logo"}
RESULT: {"using":"css selector","value":"#shell-header-logo"}
COMMAND: POST /session/9e5aab771e60128f16b96e5208a746bd/element/f.D9DF0156EB8BB5D0EDF68015944B7411.d.35139D6F2894E090FCBBC22B63BA49EA.e.824/click - {}
RESULT: {}
COMMAND: GET /session/9e5aab771e60128f16b96e5208a746bd/screenshot - {}
RESULT: {}
]]></system-out>
    </testcase>
    <testcase classname="chrome.136_0_7103_93.windows.Address_Management_Tests_US156181_US151165_US151160_US156180_US156178_US151157_US151172_US151170_US151166_US151168" name="Step 4 Should verify searches US156180 edit person and address US156178" time="82.609">
      <system-out><![CDATA[
RESULT: undefined
COMMAND: POST /session/9e5aab771e60128f16b96e5208a746bd/element - {"using":"xpath","value":"//*[@id=\"__tile33\"]"}
RESULT: {"using":"xpath","value":"//*[@id=\"__tile33\"]"}
COMMAND: POST /session/9e5aab771e60128f16b96e5208a746bd/element/f.D9DF0156EB8BB5D0EDF68015944B7411.d.35139D6F2894E090FCBBC22B63BA49EA.e.223/click - {}
RESULT: {}
COMMAND: GET /session/9e5aab771e60128f16b96e5208a746bd/screenshot - {}
COMMAND: POST /session/9e5aab771e60128f16b96e5208a746bd/elements - {"using":"xpath","value":"//span[text()='Error']"}
RESULT: {}
RESULT: {"using":"xpath","value":"//span[text()='Error']"}
COMMAND: POST /session/9e5aab771e60128f16b96e5208a746bd/element - {"using":"xpath","value":"//button[@data-kt=\"addButton\"]"}
RESULT: {"using":"xpath","value":"//button[@data-kt=\"addButton\"]"}
COMMAND: POST /session/9e5aab771e60128f16b96e5208a746bd/elements - {"using":"xpath","value":"//button[@data-kt=\"addButton\"]"}
RESULT: {"using":"xpath","value":"//button[@data-kt=\"addButton\"]"}
COMMAND: POST /session/9e5aab771e60128f16b96e5208a746bd/execute/sync - {"script":"<script> [8489 bytes]","args":[{"element-6066-11e4-a52e-4f735466cecf":"f.D9DF0156EB8BB5D0EDF68015944B7411.d.35139D6F2894E090FCBBC22B63BA49EA.e.1063","ELEMENT":"f.D9DF0156EB8BB5D0EDF68015944B7411.d.35139D6F2894E090FCBBC22B63BA49EA.e.1063"}]}
RESULT: {"script":"<script> [8489 bytes]","args":[{"element-6066-11e4-a52e-4f735466cecf":"f.D9DF0156EB8BB5D0EDF68015944B7411.d.35139D6F2894E090FCBBC22B63BA49EA.e.1063","ELEMENT":"f.D9DF0156EB8BB5D0EDF68015944B7411.d.35139D6F2894E090FCBBC22B63BA49EA.e.1063"}]}
COMMAND: GET /session/9e5aab771e60128f16b96e5208a746bd/element/f.D9DF0156EB8BB5D0EDF68015944B7411.d.35139D6F2894E090FCBBC22B63BA49EA.e.1063/enabled - {}
COMMAND: GET /session/9e5aab771e60128f16b96e5208a746bd/screenshot - {}
RESULT: {}
COMMAND: POST /session/9e5aab771e60128f16b96e5208a746bd/execute/sync - {"script":"<script> [8489 bytes]","args":[{"element-6066-11e4-a52e-4f735466cecf":"f.D9DF0156EB8BB5D0EDF68015944B7411.d.35139D6F2894E090FCBBC22B63BA49EA.e.1063","ELEMENT":"f.D9DF0156EB8BB5D0EDF68015944B7411.d.35139D6F2894E090FCBBC22B63BA49EA.e.1063"}]}
COMMAND: GET /session/9e5aab771e60128f16b96e5208a746bd/screenshot - {}
RESULT: {}
RESULT: {"script":"<script> [8489 bytes]","args":[{"element-6066-11e4-a52e-4f735466cecf":"f.D9DF0156EB8BB5D0EDF68015944B7411.d.35139D6F2894E090FCBBC22B63BA49EA.e.1063","ELEMENT":"f.D9DF0156EB8BB5D0EDF68015944B7411.d.35139D6F2894E090FCBBC22B63BA49EA.e.1063"}]}
COMMAND: POST /session/9e5aab771e60128f16b96e5208a746bd/execute/sync - {"script":"<script> [5351 bytes]","args":[{"element-6066-11e4-a52e-4f735466cecf":"f.D9DF0156EB8BB5D0EDF68015944B7411.d.35139D6F2894E090FCBBC22B63BA49EA.e.1063","ELEMENT":"f.D9DF0156EB8BB5D0EDF68015944B7411.d.35139D6F2894E090FCBBC22B63BA49EA.e.1063"}]}
COMMAND: GET /session/9e5aab771e60128f16b96e5208a746bd/screenshot - {}
RESULT: {}
RESULT: {"script":"<script> [5351 bytes]","args":[{"element-6066-11e4-a52e-4f735466cecf":"f.D9DF0156EB8BB5D0EDF68015944B7411.d.35139D6F2894E090FCBBC22B63BA49EA.e.1063","ELEMENT":"f.D9DF0156EB8BB5D0EDF68015944B7411.d.35139D6F2894E090FCBBC22B63BA49EA.e.1063"}]}
COMMAND: GET /session/9e5aab771e60128f16b96e5208a746bd/screenshot - {}
RESULT: {}
RESULT: {}
RESULT: undefined
COMMAND: POST /session/9e5aab771e60128f16b96e5208a746bd/execute/async - {"script":"<script> [776 bytes]","args":[{"enterText":"V5WGQW6JbD","selector":{"id":"application-addressmanagement-display-component---masterAdm--smartFilterBar-btnBasicSearch","interaction":{"idSuffix":"I"}},"clearTextFirst":true,"interactionType":"ENTER_TEXT"}]}
RESULT: {"script":"<script> [776 bytes]","args":[{"enterText":"V5WGQW6JbD","selector":{"id":"application-addressmanagement-display-component---masterAdm--smartFilterBar-btnBasicSearch","interaction":{"idSuffix":"I"}},"clearTextFirst":true,"interactionType":"ENTER_TEXT"}]}
COMMAND: POST /session/9e5aab771e60128f16b96e5208a746bd/actions - {"actions":[{"id":"action4","type":"key","parameters":{},"actions":[{"type":"keyDown","value":""},{"type":"pause","duration":10},{"type":"keyUp","value":""}]}]}
RESULT: {"actions":[{"id":"action4","type":"key","parameters":{},"actions":[{"type":"keyDown","value":""},{"type":"pause","duration":10},{"type":"keyUp","value":""}]}]}
COMMAND: GET /session/9e5aab771e60128f16b96e5208a746bd/screenshot - {}
RESULT: {}
COMMAND: POST /session/9e5aab771e60128f16b96e5208a746bd/elements - {"using":"xpath","value":"//table[contains(@id, \"customPersonsAddressesTable-listUl\")]/tbody/tr"}
RESULT: {"using":"xpath","value":"//table[contains(@id, \"customPersonsAddressesTable-listUl\")]/tbody/tr"}
COMMAND: POST /session/9e5aab771e60128f16b96e5208a746bd/element - {"using":"xpath","value":"//table[contains(@id, \"customPersonsAddressesTable-listUl\")]/tbody/tr[1]/td[5]/span/span"}
RESULT: {"using":"xpath","value":"//table[contains(@id, \"customPersonsAddressesTable-listUl\")]/tbody/tr[1]/td[5]/span/span"}
COMMAND: POST /session/9e5aab771e60128f16b96e5208a746bd/element - {"using":"xpath","value":"//table[contains(@id, \"customPersonsAddressesTable-listUl\")]/tbody/tr[1]/td[3]/span"}
RESULT: {"using":"xpath","value":"//table[contains(@id, \"customPersonsAddressesTable-listUl\")]/tbody/tr[1]/td[3]/span"}
COMMAND: POST /session/9e5aab771e60128f16b96e5208a746bd/elements - {"using":"xpath","value":"//table[contains(@id, \"customPersonsAddressesTable-listUl\")]/tbody/tr[1]/td[5]/span/span"}
RESULT: {"using":"xpath","value":"//table[contains(@id, \"customPersonsAddressesTable-listUl\")]/tbody/tr[1]/td[5]/span/span"}
COMMAND: POST /session/9e5aab771e60128f16b96e5208a746bd/execute/sync - {"script":"<script> [56 bytes]","args":[{"element-6066-11e4-a52e-4f735466cecf":"f.D9DF0156EB8BB5D0EDF68015944B7411.d.35139D6F2894E090FCBBC22B63BA49EA.e.1210","ELEMENT":"f.D9DF0156EB8BB5D0EDF68015944B7411.d.35139D6F2894E090FCBBC22B63BA49EA.e.1210"}]}
RESULT: {"script":"<script> [56 bytes]","args":[{"element-6066-11e4-a52e-4f735466cecf":"f.D9DF0156EB8BB5D0EDF68015944B7411.d.35139D6F2894E090FCBBC22B63BA49EA.e.1210","ELEMENT":"f.D9DF0156EB8BB5D0EDF68015944B7411.d.35139D6F2894E090FCBBC22B63BA49EA.e.1210"}]}
COMMAND: POST /session/9e5aab771e60128f16b96e5208a746bd/execute/sync - {"script":"<script> [56 bytes]","args":[{"element-6066-11e4-a52e-4f735466cecf":"f.D9DF0156EB8BB5D0EDF68015944B7411.d.35139D6F2894E090FCBBC22B63BA49EA.e.1211","ELEMENT":"f.D9DF0156EB8BB5D0EDF68015944B7411.d.35139D6F2894E090FCBBC22B63BA49EA.e.1211"}]}
COMMAND: GET /session/9e5aab771e60128f16b96e5208a746bd/screenshot - {}
RESULT: {"script":"<script> [56 bytes]","args":[{"element-6066-11e4-a52e-4f735466cecf":"f.D9DF0156EB8BB5D0EDF68015944B7411.d.35139D6F2894E090FCBBC22B63BA49EA.e.1211","ELEMENT":"f.D9DF0156EB8BB5D0EDF68015944B7411.d.35139D6F2894E090FCBBC22B63BA49EA.e.1211"}]}
COMMAND: POST /session/9e5aab771e60128f16b96e5208a746bd/element - {"using":"xpath","value":"(//span[contains(@id, \"imgNav\")])[1]"}
COMMAND: GET /session/9e5aab771e60128f16b96e5208a746bd/screenshot - {}
RESULT: {}
RESULT: {"using":"xpath","value":"(//span[contains(@id, \"imgNav\")])[1]"}
COMMAND: POST /session/9e5aab771e60128f16b96e5208a746bd/element/f.D9DF0156EB8BB5D0EDF68015944B7411.d.35139D6F2894E090FCBBC22B63BA49EA.e.1207/click - {}
RESULT: {}
RESULT: {}
COMMAND: GET /session/9e5aab771e60128f16b96e5208a746bd/screenshot - {}
RESULT: {}
COMMAND: POST /session/9e5aab771e60128f16b96e5208a746bd/element - {"using":"xpath","value":"//bdi[contains(text(), \"Edit\")]"}
RESULT: {"using":"xpath","value":"//bdi[contains(text(), \"Edit\")]"}
COMMAND: POST /session/9e5aab771e60128f16b96e5208a746bd/element/f.D9DF0156EB8BB5D0EDF68015944B7411.d.35139D6F2894E090FCBBC22B63BA49EA.e.1338/click - {}
RESULT: {}
COMMAND: GET /session/9e5aab771e60128f16b96e5208a746bd/screenshot - {}
RESULT: {}
COMMAND: POST /session/9e5aab771e60128f16b96e5208a746bd/execute/async - {"script":"<script> [1562 bytes]","args":[{"selector":{"controlType":"sap.ui.core.Icon","viewName":"etm.portal.ui.addressmanagement.view.EditDetail","properties":{"src":{"regex":{"source":"slim\\-arrow\\-down"}}},"ancestor":{"id":"addressTitle","viewName":"etm.portal.ui.addressmanagement.view.EditDetail"}},"wdio_ui5_key":"etmportal.ui.addressmanagement.view.EditDetailsap.ui.core.Icon{\"src\":{\"regex\":{\"source\":\"slim\\\\-arrow\\\\-down\"}}}{\"id\":\"addressTitle\",\"viewName\":\"etm.portal.ui.addressmanagement.view.EditDetail\"}"}]}
RESULT: {"script":"<script> [1562 bytes]","args":[{"selector":{"controlType":"sap.ui.core.Icon","viewName":"etm.portal.ui.addressmanagement.view.EditDetail","properties":{"src":{"regex":{"source":"slim\\-arrow\\-down"}}},"ancestor":{"id":"addressTitle","viewName":"etm.portal.ui.addressmanagement.view.EditDetail"}},"wdio_ui5_key":"etmportal.ui.addressmanagement.view.EditDetailsap.ui.core.Icon{\"src\":{\"regex\":{\"source\":\"slim\\\\-arrow\\\\-down\"}}}{\"id\":\"addressTitle\",\"viewName\":\"etm.portal.ui.addressmanagement.view.EditDetail\"}"}]}
RESULT: undefined
COMMAND: POST /session/9e5aab771e60128f16b96e5208a746bd/element - {"using":"xpath","value":"//*[@id=\"__xmlview59--addressTitle-arrow\"]"}
RESULT: {"using":"xpath","value":"//*[@id=\"__xmlview59--addressTitle-arrow\"]"}
COMMAND: POST /session/9e5aab771e60128f16b96e5208a746bd/element/f.D9DF0156EB8BB5D0EDF68015944B7411.d.35139D6F2894E090FCBBC22B63BA49EA.e.1383/click - {}
RESULT: {}
COMMAND: GET /session/9e5aab771e60128f16b96e5208a746bd/screenshot - {}
RESULT: {}
COMMAND: POST /session/9e5aab771e60128f16b96e5208a746bd/element - {"using":"xpath","value":"//li[.//span[text()=\"Mr.\"]]"}
RESULT: {"using":"xpath","value":"//li[.//span[text()=\"Mr.\"]]"}
COMMAND: POST /session/9e5aab771e60128f16b96e5208a746bd/element/f.D9DF0156EB8BB5D0EDF68015944B7411.d.35139D6F2894E090FCBBC22B63BA49EA.e.1385/click - {}
RESULT: {}
COMMAND: GET /session/9e5aab771e60128f16b96e5208a746bd/screenshot - {}
RESULT: {}
COMMAND: POST /session/9e5aab771e60128f16b96e5208a746bd/execute/async - {"script":"<script> [1562 bytes]","args":[{"selector":{"controlType":"sap.m.Input","viewName":"etm.portal.ui.addressmanagement.view.EditDetail","labelFor":{"text":"Last Name"},"interaction":{"idSuffix":"inner"}},"wdio_ui5_key":"etmportal.ui.addressmanagement.view.EditDetailsap.m.Input{\"text\":\"Last Name\"}"}]}
RESULT: {"script":"<script> [1562 bytes]","args":[{"selector":{"controlType":"sap.m.Input","viewName":"etm.portal.ui.addressmanagement.view.EditDetail","labelFor":{"text":"Last Name"},"interaction":{"idSuffix":"inner"}},"wdio_ui5_key":"etmportal.ui.addressmanagement.view.EditDetailsap.m.Input{\"text\":\"Last Name\"}"}]}
RESULT: undefined
COMMAND: POST /session/9e5aab771e60128f16b96e5208a746bd/execute/async - {"script":"<script> [776 bytes]","args":[{"enterText":"EDIT John Cena","selector":{"controlType":"sap.m.Input","viewName":"etm.portal.ui.addressmanagement.view.EditDetail","labelFor":{"text":"Last Name"},"interaction":{"idSuffix":"inner"}},"clearTextFirst":true,"interactionType":"ENTER_TEXT"}]}
RESULT: {"script":"<script> [776 bytes]","args":[{"enterText":"EDIT John Cena","selector":{"controlType":"sap.m.Input","viewName":"etm.portal.ui.addressmanagement.view.EditDetail","labelFor":{"text":"Last Name"},"interaction":{"idSuffix":"inner"}},"clearTextFirst":true,"interactionType":"ENTER_TEXT"}]}
COMMAND: POST /session/9e5aab771e60128f16b96e5208a746bd/execute/async - {"script":"<script> [1562 bytes]","args":[{"selector":{"controlType":"sap.ui.core.Icon","viewName":"etm.portal.ui.addressmanagement.view.EditDetail","properties":{"src":{"regex":{"source":"slim\\-arrow\\-down"}}},"ancestor":{"id":"addressDetailDetailsLanguage","viewName":"etm.portal.ui.addressmanagement.view.EditDetail"}},"wdio_ui5_key":"etmportal.ui.addressmanagement.view.EditDetailsap.ui.core.Icon{\"src\":{\"regex\":{\"source\":\"slim\\\\-arrow\\\\-down\"}}}{\"id\":\"addressDetailDetailsLanguage\",\"viewName\":\"etm.portal.ui.addressmanagement.view.EditDetail\"}"}]}
RESULT: {"script":"<script> [1562 bytes]","args":[{"selector":{"controlType":"sap.ui.core.Icon","viewName":"etm.portal.ui.addressmanagement.view.EditDetail","properties":{"src":{"regex":{"source":"slim\\-arrow\\-down"}}},"ancestor":{"id":"addressDetailDetailsLanguage","viewName":"etm.portal.ui.addressmanagement.view.EditDetail"}},"wdio_ui5_key":"etmportal.ui.addressmanagement.view.EditDetailsap.ui.core.Icon{\"src\":{\"regex\":{\"source\":\"slim\\\\-arrow\\\\-down\"}}}{\"id\":\"addressDetailDetailsLanguage\",\"viewName\":\"etm.portal.ui.addressmanagement.view.EditDetail\"}"}]}
RESULT: undefined
COMMAND: POST /session/9e5aab771e60128f16b96e5208a746bd/element - {"using":"xpath","value":"//*[@id=\"__xmlview59--addressDetailDetailsLanguage-arrow\"]"}
RESULT: {"using":"xpath","value":"//*[@id=\"__xmlview59--addressDetailDetailsLanguage-arrow\"]"}
COMMAND: POST /session/9e5aab771e60128f16b96e5208a746bd/element/f.D9DF0156EB8BB5D0EDF68015944B7411.d.35139D6F2894E090FCBBC22B63BA49EA.e.1388/click - {}
RESULT: {}
COMMAND: GET /session/9e5aab771e60128f16b96e5208a746bd/screenshot - {}
RESULT: {}
COMMAND: POST /session/9e5aab771e60128f16b96e5208a746bd/element - {"using":"xpath","value":"//span[contains(text(), \"Bulgarian\")]"}
RESULT: {"using":"xpath","value":"//span[contains(text(), \"Bulgarian\")]"}
COMMAND: POST /session/9e5aab771e60128f16b96e5208a746bd/element/f.D9DF0156EB8BB5D0EDF68015944B7411.d.35139D6F2894E090FCBBC22B63BA49EA.e.1389/click - {}
RESULT: {}
COMMAND: GET /session/9e5aab771e60128f16b96e5208a746bd/screenshot - {}
RESULT: {}
COMMAND: POST /session/9e5aab771e60128f16b96e5208a746bd/execute/async - {"script":"<script> [1562 bytes]","args":[{"selector":{"controlType":"sap.m.Input","viewName":"etm.portal.ui.addressmanagement.view.EditDetail","labelFor":{"text":"ZIP/Postal code"},"interaction":{"idSuffix":"inner"}},"wdio_ui5_key":"etmportal.ui.addressmanagement.view.EditDetailsap.m.Input{\"text\":\"ZIP/Postal code\"}"}]}
RESULT: {"script":"<script> [1562 bytes]","args":[{"selector":{"controlType":"sap.m.Input","viewName":"etm.portal.ui.addressmanagement.view.EditDetail","labelFor":{"text":"ZIP/Postal code"},"interaction":{"idSuffix":"inner"}},"wdio_ui5_key":"etmportal.ui.addressmanagement.view.EditDetailsap.m.Input{\"text\":\"ZIP/Postal code\"}"}]}
RESULT: undefined
COMMAND: POST /session/9e5aab771e60128f16b96e5208a746bd/execute/async - {"script":"<script> [776 bytes]","args":[{"enterText":"500292","selector":{"controlType":"sap.m.Input","viewName":"etm.portal.ui.addressmanagement.view.EditDetail","labelFor":{"text":"ZIP/Postal code"},"interaction":{"idSuffix":"inner"}},"clearTextFirst":true,"interactionType":"ENTER_TEXT"}]}
RESULT: {"script":"<script> [776 bytes]","args":[{"enterText":"500292","selector":{"controlType":"sap.m.Input","viewName":"etm.portal.ui.addressmanagement.view.EditDetail","labelFor":{"text":"ZIP/Postal code"},"interaction":{"idSuffix":"inner"}},"clearTextFirst":true,"interactionType":"ENTER_TEXT"}]}
COMMAND: POST /session/9e5aab771e60128f16b96e5208a746bd/execute/async - {"script":"<script> [1562 bytes]","args":[{"selector":{"id":"addressDetailContactsEmail","viewName":"etm.portal.ui.addressmanagement.view.EditDetail","interaction":{"idSuffix":"inner"}},"wdio_ui5_key":"addressDetailContactsEmailetmportal.ui.addressmanagement.view.EditDetail"}]}
RESULT: {"script":"<script> [1562 bytes]","args":[{"selector":{"id":"addressDetailContactsEmail","viewName":"etm.portal.ui.addressmanagement.view.EditDetail","interaction":{"idSuffix":"inner"}},"wdio_ui5_key":"addressDetailContactsEmailetmportal.ui.addressmanagement.view.EditDetail"}]}
RESULT: undefined
COMMAND: POST /session/9e5aab771e60128f16b96e5208a746bd/execute/async - {"script":"<script> [776 bytes]","args":[{"enterText":"webdriverrules@emailfake.com","selector":{"id":"addressDetailContactsEmail","viewName":"etm.portal.ui.addressmanagement.view.EditDetail","interaction":{"idSuffix":"inner"}},"clearTextFirst":true,"interactionType":"ENTER_TEXT"}]}
RESULT: {"script":"<script> [776 bytes]","args":[{"enterText":"webdriverrules@emailfake.com","selector":{"id":"addressDetailContactsEmail","viewName":"etm.portal.ui.addressmanagement.view.EditDetail","interaction":{"idSuffix":"inner"}},"clearTextFirst":true,"interactionType":"ENTER_TEXT"}]}
COMMAND: POST /session/9e5aab771e60128f16b96e5208a746bd/execute/async - {"script":"<script> [1562 bytes]","args":[{"selector":{"id":"addressUserJobTitle","viewName":"etm.portal.ui.addressmanagement.view.EditDetail","interaction":{"idSuffix":"inner"}},"wdio_ui5_key":"addressUserJobTitleetmportal.ui.addressmanagement.view.EditDetail"}]}
RESULT: {"script":"<script> [1562 bytes]","args":[{"selector":{"id":"addressUserJobTitle","viewName":"etm.portal.ui.addressmanagement.view.EditDetail","interaction":{"idSuffix":"inner"}},"wdio_ui5_key":"addressUserJobTitleetmportal.ui.addressmanagement.view.EditDetail"}]}
RESULT: undefined
COMMAND: POST /session/9e5aab771e60128f16b96e5208a746bd/execute/async - {"script":"<script> [776 bytes]","args":[{"enterText":"director","selector":{"id":"addressUserJobTitle","viewName":"etm.portal.ui.addressmanagement.view.EditDetail","interaction":{"idSuffix":"inner"}},"clearTextFirst":true,"interactionType":"ENTER_TEXT"}]}
RESULT: {"script":"<script> [776 bytes]","args":[{"enterText":"director","selector":{"id":"addressUserJobTitle","viewName":"etm.portal.ui.addressmanagement.view.EditDetail","interaction":{"idSuffix":"inner"}},"clearTextFirst":true,"interactionType":"ENTER_TEXT"}]}
COMMAND: POST /session/9e5aab771e60128f16b96e5208a746bd/execute/async - {"script":"<script> [1562 bytes]","args":[{"selector":{"id":"tagMultiInput","viewName":"etm.portal.ui.addressmanagement.view.EditDetail","interaction":{"idSuffix":"inner"}},"wdio_ui5_key":"tagMultiInputetmportal.ui.addressmanagement.view.EditDetail"}]}
RESULT: {"script":"<script> [1562 bytes]","args":[{"selector":{"id":"tagMultiInput","viewName":"etm.portal.ui.addressmanagement.view.EditDetail","interaction":{"idSuffix":"inner"}},"wdio_ui5_key":"tagMultiInputetmportal.ui.addressmanagement.view.EditDetail"}]}
RESULT: undefined
COMMAND: POST /session/9e5aab771e60128f16b96e5208a746bd/execute/async - {"script":"<script> [776 bytes]","args":[{"enterText":"testyTag1","selector":{"id":"tagMultiInput","viewName":"etm.portal.ui.addressmanagement.view.EditDetail","interaction":{"idSuffix":"inner"}},"clearTextFirst":true,"interactionType":"ENTER_TEXT"}]}
RESULT: {"script":"<script> [776 bytes]","args":[{"enterText":"testyTag1","selector":{"id":"tagMultiInput","viewName":"etm.portal.ui.addressmanagement.view.EditDetail","interaction":{"idSuffix":"inner"}},"clearTextFirst":true,"interactionType":"ENTER_TEXT"}]}
COMMAND: POST /session/9e5aab771e60128f16b96e5208a746bd/actions - {"actions":[{"id":"action5","type":"key","parameters":{},"actions":[{"type":"keyDown","value":""},{"type":"pause","duration":10},{"type":"keyUp","value":""}]}]}
RESULT: {"actions":[{"id":"action5","type":"key","parameters":{},"actions":[{"type":"keyDown","value":""},{"type":"pause","duration":10},{"type":"keyUp","value":""}]}]}
COMMAND: GET /session/9e5aab771e60128f16b96e5208a746bd/screenshot - {}
RESULT: {}
RESULT: undefined
COMMAND: POST /session/9e5aab771e60128f16b96e5208a746bd/execute/async - {"script":"<script> [776 bytes]","args":[{"enterText":"taggyTag2","selector":{"id":"tagMultiInput","viewName":"etm.portal.ui.addressmanagement.view.EditDetail","interaction":{"idSuffix":"inner"}},"clearTextFirst":true,"interactionType":"ENTER_TEXT"}]}
RESULT: {"script":"<script> [776 bytes]","args":[{"enterText":"taggyTag2","selector":{"id":"tagMultiInput","viewName":"etm.portal.ui.addressmanagement.view.EditDetail","interaction":{"idSuffix":"inner"}},"clearTextFirst":true,"interactionType":"ENTER_TEXT"}]}
COMMAND: POST /session/9e5aab771e60128f16b96e5208a746bd/actions - {"actions":[{"id":"action6","type":"key","parameters":{},"actions":[{"type":"keyDown","value":""},{"type":"pause","duration":10},{"type":"keyUp","value":""}]}]}
RESULT: {"actions":[{"id":"action6","type":"key","parameters":{},"actions":[{"type":"keyDown","value":""},{"type":"pause","duration":10},{"type":"keyUp","value":""}]}]}
COMMAND: GET /session/9e5aab771e60128f16b96e5208a746bd/screenshot - {}
RESULT: {}
COMMAND: POST /session/9e5aab771e60128f16b96e5208a746bd/element - {"using":"xpath","value":"//button[@data-kt=\"saveButton\"]"}
RESULT: {"using":"xpath","value":"//button[@data-kt=\"saveButton\"]"}
COMMAND: POST /session/9e5aab771e60128f16b96e5208a746bd/element/f.D9DF0156EB8BB5D0EDF68015944B7411.d.35139D6F2894E090FCBBC22B63BA49EA.e.1395/click - {}
RESULT: {}
COMMAND: GET /session/9e5aab771e60128f16b96e5208a746bd/screenshot - {}
RESULT: {}
COMMAND: POST /session/9e5aab771e60128f16b96e5208a746bd/element - {"using":"xpath","value":"//span[@id=\"application-addressmanagement-display-component---detailAdm--addressTitle\"]"}
RESULT: {"using":"xpath","value":"//span[@id=\"application-addressmanagement-display-component---detailAdm--addressTitle\"]"}
COMMAND: POST /session/9e5aab771e60128f16b96e5208a746bd/elements - {"using":"xpath","value":"//span[@id=\"application-addressmanagement-display-component---detailAdm--addressTitle\"]"}
RESULT: {"using":"xpath","value":"//span[@id=\"application-addressmanagement-display-component---detailAdm--addressTitle\"]"}
COMMAND: POST /session/9e5aab771e60128f16b96e5208a746bd/execute/sync - {"script":"<script> [56 bytes]","args":[{"element-6066-11e4-a52e-4f735466cecf":"f.D9DF0156EB8BB5D0EDF68015944B7411.d.35139D6F2894E090FCBBC22B63BA49EA.e.1414","ELEMENT":"f.D9DF0156EB8BB5D0EDF68015944B7411.d.35139D6F2894E090FCBBC22B63BA49EA.e.1414"}]}
RESULT: {"script":"<script> [56 bytes]","args":[{"element-6066-11e4-a52e-4f735466cecf":"f.D9DF0156EB8BB5D0EDF68015944B7411.d.35139D6F2894E090FCBBC22B63BA49EA.e.1414","ELEMENT":"f.D9DF0156EB8BB5D0EDF68015944B7411.d.35139D6F2894E090FCBBC22B63BA49EA.e.1414"}]}
COMMAND: POST /session/9e5aab771e60128f16b96e5208a746bd/element - {"using":"xpath","value":"//span[@id=\"application-addressmanagement-display-component---detailAdm--addressDetailDetailsName2\"]"}
COMMAND: GET /session/9e5aab771e60128f16b96e5208a746bd/screenshot - {}
RESULT: {"using":"xpath","value":"//span[@id=\"application-addressmanagement-display-component---detailAdm--addressDetailDetailsName2\"]"}
COMMAND: POST /session/9e5aab771e60128f16b96e5208a746bd/elements - {"using":"xpath","value":"//span[@id=\"application-addressmanagement-display-component---detailAdm--addressDetailDetailsName2\"]"}
RESULT: {}
RESULT: {"using":"xpath","value":"//span[@id=\"application-addressmanagement-display-component---detailAdm--addressDetailDetailsName2\"]"}
COMMAND: POST /session/9e5aab771e60128f16b96e5208a746bd/execute/sync - {"script":"<script> [56 bytes]","args":[{"element-6066-11e4-a52e-4f735466cecf":"f.D9DF0156EB8BB5D0EDF68015944B7411.d.35139D6F2894E090FCBBC22B63BA49EA.e.1415","ELEMENT":"f.D9DF0156EB8BB5D0EDF68015944B7411.d.35139D6F2894E090FCBBC22B63BA49EA.e.1415"}]}
RESULT: {"script":"<script> [56 bytes]","args":[{"element-6066-11e4-a52e-4f735466cecf":"f.D9DF0156EB8BB5D0EDF68015944B7411.d.35139D6F2894E090FCBBC22B63BA49EA.e.1415","ELEMENT":"f.D9DF0156EB8BB5D0EDF68015944B7411.d.35139D6F2894E090FCBBC22B63BA49EA.e.1415"}]}
COMMAND: POST /session/9e5aab771e60128f16b96e5208a746bd/element - {"using":"xpath","value":"//span[@id=\"application-addressmanagement-display-component---detailAdm--addressDetailDetailsLanguage\"]"}
COMMAND: GET /session/9e5aab771e60128f16b96e5208a746bd/screenshot - {}
RESULT: {"using":"xpath","value":"//span[@id=\"application-addressmanagement-display-component---detailAdm--addressDetailDetailsLanguage\"]"}
COMMAND: POST /session/9e5aab771e60128f16b96e5208a746bd/elements - {"using":"xpath","value":"//span[@id=\"application-addressmanagement-display-component---detailAdm--addressDetailDetailsLanguage\"]"}
RESULT: {}
RESULT: {"using":"xpath","value":"//span[@id=\"application-addressmanagement-display-component---detailAdm--addressDetailDetailsLanguage\"]"}
COMMAND: POST /session/9e5aab771e60128f16b96e5208a746bd/execute/sync - {"script":"<script> [56 bytes]","args":[{"element-6066-11e4-a52e-4f735466cecf":"f.D9DF0156EB8BB5D0EDF68015944B7411.d.35139D6F2894E090FCBBC22B63BA49EA.e.1416","ELEMENT":"f.D9DF0156EB8BB5D0EDF68015944B7411.d.35139D6F2894E090FCBBC22B63BA49EA.e.1416"}]}
RESULT: {"script":"<script> [56 bytes]","args":[{"element-6066-11e4-a52e-4f735466cecf":"f.D9DF0156EB8BB5D0EDF68015944B7411.d.35139D6F2894E090FCBBC22B63BA49EA.e.1416","ELEMENT":"f.D9DF0156EB8BB5D0EDF68015944B7411.d.35139D6F2894E090FCBBC22B63BA49EA.e.1416"}]}
COMMAND: POST /session/9e5aab771e60128f16b96e5208a746bd/element - {"using":"xpath","value":"//span[@id=\"application-addressmanagement-display-component---detailAdm--addressDetailDetailsZip1\"]"}
COMMAND: GET /session/9e5aab771e60128f16b96e5208a746bd/screenshot - {}
RESULT: {"using":"xpath","value":"//span[@id=\"application-addressmanagement-display-component---detailAdm--addressDetailDetailsZip1\"]"}
COMMAND: POST /session/9e5aab771e60128f16b96e5208a746bd/elements - {"using":"xpath","value":"//span[@id=\"application-addressmanagement-display-component---detailAdm--addressDetailDetailsZip1\"]"}
RESULT: {}
RESULT: {"using":"xpath","value":"//span[@id=\"application-addressmanagement-display-component---detailAdm--addressDetailDetailsZip1\"]"}
COMMAND: POST /session/9e5aab771e60128f16b96e5208a746bd/execute/sync - {"script":"<script> [56 bytes]","args":[{"element-6066-11e4-a52e-4f735466cecf":"f.D9DF0156EB8BB5D0EDF68015944B7411.d.35139D6F2894E090FCBBC22B63BA49EA.e.1417","ELEMENT":"f.D9DF0156EB8BB5D0EDF68015944B7411.d.35139D6F2894E090FCBBC22B63BA49EA.e.1417"}]}
RESULT: {"script":"<script> [56 bytes]","args":[{"element-6066-11e4-a52e-4f735466cecf":"f.D9DF0156EB8BB5D0EDF68015944B7411.d.35139D6F2894E090FCBBC22B63BA49EA.e.1417","ELEMENT":"f.D9DF0156EB8BB5D0EDF68015944B7411.d.35139D6F2894E090FCBBC22B63BA49EA.e.1417"}]}
COMMAND: POST /session/9e5aab771e60128f16b96e5208a746bd/element - {"using":"xpath","value":"//span[@id=\"application-addressmanagement-display-component---detailAdm--addressDetailContactsEmail\"]"}
COMMAND: GET /session/9e5aab771e60128f16b96e5208a746bd/screenshot - {}
RESULT: {"using":"xpath","value":"//span[@id=\"application-addressmanagement-display-component---detailAdm--addressDetailContactsEmail\"]"}
COMMAND: POST /session/9e5aab771e60128f16b96e5208a746bd/elements - {"using":"xpath","value":"//span[@id=\"application-addressmanagement-display-component---detailAdm--addressDetailContactsEmail\"]"}
RESULT: {}
RESULT: {"using":"xpath","value":"//span[@id=\"application-addressmanagement-display-component---detailAdm--addressDetailContactsEmail\"]"}
COMMAND: POST /session/9e5aab771e60128f16b96e5208a746bd/execute/sync - {"script":"<script> [56 bytes]","args":[{"element-6066-11e4-a52e-4f735466cecf":"f.D9DF0156EB8BB5D0EDF68015944B7411.d.35139D6F2894E090FCBBC22B63BA49EA.e.1418","ELEMENT":"f.D9DF0156EB8BB5D0EDF68015944B7411.d.35139D6F2894E090FCBBC22B63BA49EA.e.1418"}]}
RESULT: {"script":"<script> [56 bytes]","args":[{"element-6066-11e4-a52e-4f735466cecf":"f.D9DF0156EB8BB5D0EDF68015944B7411.d.35139D6F2894E090FCBBC22B63BA49EA.e.1418","ELEMENT":"f.D9DF0156EB8BB5D0EDF68015944B7411.d.35139D6F2894E090FCBBC22B63BA49EA.e.1418"}]}
COMMAND: POST /session/9e5aab771e60128f16b96e5208a746bd/element - {"using":"xpath","value":"//span[@id=\"application-addressmanagement-display-component---detailAdm--addressUserJobTitle\"]"}
COMMAND: GET /session/9e5aab771e60128f16b96e5208a746bd/screenshot - {}
RESULT: {"using":"xpath","value":"//span[@id=\"application-addressmanagement-display-component---detailAdm--addressUserJobTitle\"]"}
COMMAND: POST /session/9e5aab771e60128f16b96e5208a746bd/elements - {"using":"xpath","value":"//span[@id=\"application-addressmanagement-display-component---detailAdm--addressUserJobTitle\"]"}
RESULT: {}
RESULT: {"using":"xpath","value":"//span[@id=\"application-addressmanagement-display-component---detailAdm--addressUserJobTitle\"]"}
COMMAND: POST /session/9e5aab771e60128f16b96e5208a746bd/execute/sync - {"script":"<script> [56 bytes]","args":[{"element-6066-11e4-a52e-4f735466cecf":"f.D9DF0156EB8BB5D0EDF68015944B7411.d.35139D6F2894E090FCBBC22B63BA49EA.e.1419","ELEMENT":"f.D9DF0156EB8BB5D0EDF68015944B7411.d.35139D6F2894E090FCBBC22B63BA49EA.e.1419"}]}
RESULT: {"script":"<script> [56 bytes]","args":[{"element-6066-11e4-a52e-4f735466cecf":"f.D9DF0156EB8BB5D0EDF68015944B7411.d.35139D6F2894E090FCBBC22B63BA49EA.e.1419","ELEMENT":"f.D9DF0156EB8BB5D0EDF68015944B7411.d.35139D6F2894E090FCBBC22B63BA49EA.e.1419"}]}
COMMAND: POST /session/9e5aab771e60128f16b96e5208a746bd/element - {"using":"xpath","value":"//span[contains(@class, \"sapMTokenText\") and text()=\"testyTag1\"]"}
COMMAND: GET /session/9e5aab771e60128f16b96e5208a746bd/screenshot - {}
RESULT: {"using":"xpath","value":"//span[contains(@class, \"sapMTokenText\") and text()=\"testyTag1\"]"}
COMMAND: POST /session/9e5aab771e60128f16b96e5208a746bd/element - {"using":"xpath","value":"//span[contains(@class, \"sapMTokenText\") and text()=\"taggyTag2\"]"}
RESULT: {}
RESULT: {"using":"xpath","value":"//span[contains(@class, \"sapMTokenText\") and text()=\"taggyTag2\"]"}
COMMAND: POST /session/9e5aab771e60128f16b96e5208a746bd/elements - {"using":"xpath","value":"//span[contains(@class, \"sapMTokenText\") and text()=\"testyTag1\"]"}
RESULT: {"using":"xpath","value":"//span[contains(@class, \"sapMTokenText\") and text()=\"testyTag1\"]"}
COMMAND: POST /session/9e5aab771e60128f16b96e5208a746bd/elements - {"using":"xpath","value":"//span[contains(@class, \"sapMTokenText\") and text()=\"taggyTag2\"]"}
RESULT: {"using":"xpath","value":"//span[contains(@class, \"sapMTokenText\") and text()=\"taggyTag2\"]"}
COMMAND: POST /session/9e5aab771e60128f16b96e5208a746bd/element - {"using":"css selector","value":"#shell-header-logo"}
RESULT: {"using":"css selector","value":"#shell-header-logo"}
COMMAND: POST /session/9e5aab771e60128f16b96e5208a746bd/element/f.D9DF0156EB8BB5D0EDF68015944B7411.d.35139D6F2894E090FCBBC22B63BA49EA.e.1020/click - {}
RESULT: {}
COMMAND: GET /session/9e5aab771e60128f16b96e5208a746bd/screenshot - {}
RESULT: {}
]]></system-out>
    </testcase>
    <testcase classname="chrome.136_0_7103_93.windows.Address_Management_Tests_US156181_US151165_US151160_US156180_US156178_US151157_US151172_US151170_US151166_US151168" name="Step 5 Should verify searches US156180 verify filters US151157" time="76.223">
      <failure/>
      <error message="expect(received).not.toEqual(expected) // deep equality&#xA;&#xA;Expected: not 1&#xA;"/>
      <system-out><![CDATA[
RESULT: undefined
COMMAND: POST /session/9e5aab771e60128f16b96e5208a746bd/element - {"using":"xpath","value":"//*[@id=\"__tile33\"]"}
RESULT: {"using":"xpath","value":"//*[@id=\"__tile33\"]"}
COMMAND: POST /session/9e5aab771e60128f16b96e5208a746bd/element/f.D9DF0156EB8BB5D0EDF68015944B7411.d.35139D6F2894E090FCBBC22B63BA49EA.e.223/click - {}
RESULT: {}
COMMAND: GET /session/9e5aab771e60128f16b96e5208a746bd/screenshot - {}
RESULT: {}
COMMAND: POST /session/9e5aab771e60128f16b96e5208a746bd/elements - {"using":"xpath","value":"//span[text()='Error']"}
RESULT: {"using":"xpath","value":"//span[text()='Error']"}
COMMAND: POST /session/9e5aab771e60128f16b96e5208a746bd/element - {"using":"xpath","value":"//button[@data-kt=\"addButton\"]"}
RESULT: {"using":"xpath","value":"//button[@data-kt=\"addButton\"]"}
COMMAND: POST /session/9e5aab771e60128f16b96e5208a746bd/elements - {"using":"xpath","value":"//button[@data-kt=\"addButton\"]"}
RESULT: {"using":"xpath","value":"//button[@data-kt=\"addButton\"]"}
COMMAND: POST /session/9e5aab771e60128f16b96e5208a746bd/execute/sync - {"script":"<script> [8489 bytes]","args":[{"element-6066-11e4-a52e-4f735466cecf":"f.D9DF0156EB8BB5D0EDF68015944B7411.d.35139D6F2894E090FCBBC22B63BA49EA.e.1470","ELEMENT":"f.D9DF0156EB8BB5D0EDF68015944B7411.d.35139D6F2894E090FCBBC22B63BA49EA.e.1470"}]}
RESULT: {"script":"<script> [8489 bytes]","args":[{"element-6066-11e4-a52e-4f735466cecf":"f.D9DF0156EB8BB5D0EDF68015944B7411.d.35139D6F2894E090FCBBC22B63BA49EA.e.1470","ELEMENT":"f.D9DF0156EB8BB5D0EDF68015944B7411.d.35139D6F2894E090FCBBC22B63BA49EA.e.1470"}]}
COMMAND: GET /session/9e5aab771e60128f16b96e5208a746bd/element/f.D9DF0156EB8BB5D0EDF68015944B7411.d.35139D6F2894E090FCBBC22B63BA49EA.e.1470/enabled - {}
COMMAND: GET /session/9e5aab771e60128f16b96e5208a746bd/screenshot - {}
RESULT: {}
COMMAND: POST /session/9e5aab771e60128f16b96e5208a746bd/execute/sync - {"script":"<script> [8489 bytes]","args":[{"element-6066-11e4-a52e-4f735466cecf":"f.D9DF0156EB8BB5D0EDF68015944B7411.d.35139D6F2894E090FCBBC22B63BA49EA.e.1470","ELEMENT":"f.D9DF0156EB8BB5D0EDF68015944B7411.d.35139D6F2894E090FCBBC22B63BA49EA.e.1470"}]}
COMMAND: GET /session/9e5aab771e60128f16b96e5208a746bd/screenshot - {}
RESULT: {}
RESULT: {"script":"<script> [8489 bytes]","args":[{"element-6066-11e4-a52e-4f735466cecf":"f.D9DF0156EB8BB5D0EDF68015944B7411.d.35139D6F2894E090FCBBC22B63BA49EA.e.1470","ELEMENT":"f.D9DF0156EB8BB5D0EDF68015944B7411.d.35139D6F2894E090FCBBC22B63BA49EA.e.1470"}]}
COMMAND: POST /session/9e5aab771e60128f16b96e5208a746bd/execute/sync - {"script":"<script> [5351 bytes]","args":[{"element-6066-11e4-a52e-4f735466cecf":"f.D9DF0156EB8BB5D0EDF68015944B7411.d.35139D6F2894E090FCBBC22B63BA49EA.e.1470","ELEMENT":"f.D9DF0156EB8BB5D0EDF68015944B7411.d.35139D6F2894E090FCBBC22B63BA49EA.e.1470"}]}
COMMAND: GET /session/9e5aab771e60128f16b96e5208a746bd/screenshot - {}
RESULT: {}
RESULT: {"script":"<script> [5351 bytes]","args":[{"element-6066-11e4-a52e-4f735466cecf":"f.D9DF0156EB8BB5D0EDF68015944B7411.d.35139D6F2894E090FCBBC22B63BA49EA.e.1470","ELEMENT":"f.D9DF0156EB8BB5D0EDF68015944B7411.d.35139D6F2894E090FCBBC22B63BA49EA.e.1470"}]}
COMMAND: GET /session/9e5aab771e60128f16b96e5208a746bd/screenshot - {}
RESULT: {}
RESULT: {}
COMMAND: POST /session/9e5aab771e60128f16b96e5208a746bd/element - {"using":"xpath","value":"//span[@id=\"application-addressmanagement-display-component---masterAdm--smartTable-header-inner\"]"}
RESULT: {"using":"xpath","value":"//span[@id=\"application-addressmanagement-display-component---masterAdm--smartTable-header-inner\"]"}
COMMAND: POST /session/9e5aab771e60128f16b96e5208a746bd/elements - {"using":"xpath","value":"//span[@id=\"application-addressmanagement-display-component---masterAdm--smartTable-header-inner\"]"}
RESULT: {"using":"xpath","value":"//span[@id=\"application-addressmanagement-display-component---masterAdm--smartTable-header-inner\"]"}
COMMAND: POST /session/9e5aab771e60128f16b96e5208a746bd/execute/sync - {"script":"<script> [56 bytes]","args":[{"element-6066-11e4-a52e-4f735466cecf":"f.D9DF0156EB8BB5D0EDF68015944B7411.d.35139D6F2894E090FCBBC22B63BA49EA.e.1604","ELEMENT":"f.D9DF0156EB8BB5D0EDF68015944B7411.d.35139D6F2894E090FCBBC22B63BA49EA.e.1604"}]}
RESULT: {"script":"<script> [56 bytes]","args":[{"element-6066-11e4-a52e-4f735466cecf":"f.D9DF0156EB8BB5D0EDF68015944B7411.d.35139D6F2894E090FCBBC22B63BA49EA.e.1604","ELEMENT":"f.D9DF0156EB8BB5D0EDF68015944B7411.d.35139D6F2894E090FCBBC22B63BA49EA.e.1604"}]}
COMMAND: POST /session/9e5aab771e60128f16b96e5208a746bd/execute/async - {"script":"<script> [1562 bytes]","args":[{"selector":{"id":"application-addressmanagement-display-component---masterAdm--smartFilterBar-filterItemControl_BASIC-COUNTRY-vhi"},"wdio_ui5_key":"applicationaddressmanagement-display-component---masterAdm--smartFilterBar-filterItemControl_BASIC-COUNTRY-vhi"}]}
COMMAND: GET /session/9e5aab771e60128f16b96e5208a746bd/screenshot - {}
RESULT: {"script":"<script> [1562 bytes]","args":[{"selector":{"id":"application-addressmanagement-display-component---masterAdm--smartFilterBar-filterItemControl_BASIC-COUNTRY-vhi"},"wdio_ui5_key":"applicationaddressmanagement-display-component---masterAdm--smartFilterBar-filterItemControl_BASIC-COUNTRY-vhi"}]}
RESULT: undefined
COMMAND: POST /session/9e5aab771e60128f16b96e5208a746bd/element - {"using":"xpath","value":"//*[@id=\"application-addressmanagement-display-component---masterAdm--smartFilterBar-filterItemControl_BASIC-COUNTRY-vhi\"]"}
RESULT: {}
RESULT: {"using":"xpath","value":"//*[@id=\"application-addressmanagement-display-component---masterAdm--smartFilterBar-filterItemControl_BASIC-COUNTRY-vhi\"]"}
COMMAND: POST /session/9e5aab771e60128f16b96e5208a746bd/element/f.D9DF0156EB8BB5D0EDF68015944B7411.d.35139D6F2894E090FCBBC22B63BA49EA.e.1605/click - {}
RESULT: {}
COMMAND: GET /session/9e5aab771e60128f16b96e5208a746bd/screenshot - {}
RESULT: {}
COMMAND: POST /session/9e5aab771e60128f16b96e5208a746bd/execute/async - {"script":"<script> [1562 bytes]","args":[{"selector":{"id":"application-addressmanagement-display-component---masterAdm--smartFilterBar-filterItemControl_BASIC-COUNTRY-valueHelpDialog-smartFilterBar-btnBasicSearch","searchOpenDialogs":true,"interaction":{"idSuffix":"I"}},"wdio_ui5_key":"applicationaddressmanagement-display-component---masterAdm--smartFilterBar-filterItemControl_BASIC-COUNTRY-valueHelpDialog-smartFilterBar-btnBasicSearch"}]}
RESULT: {"script":"<script> [1562 bytes]","args":[{"selector":{"id":"application-addressmanagement-display-component---masterAdm--smartFilterBar-filterItemControl_BASIC-COUNTRY-valueHelpDialog-smartFilterBar-btnBasicSearch","searchOpenDialogs":true,"interaction":{"idSuffix":"I"}},"wdio_ui5_key":"applicationaddressmanagement-display-component---masterAdm--smartFilterBar-filterItemControl_BASIC-COUNTRY-valueHelpDialog-smartFilterBar-btnBasicSearch"}]}
RESULT: undefined
COMMAND: POST /session/9e5aab771e60128f16b96e5208a746bd/execute/async - {"script":"<script> [776 bytes]","args":[{"enterText":"Romania","selector":{"id":"application-addressmanagement-display-component---masterAdm--smartFilterBar-filterItemControl_BASIC-COUNTRY-valueHelpDialog-smartFilterBar-btnBasicSearch","searchOpenDialogs":true,"interaction":{"idSuffix":"I"}},"clearTextFirst":true,"interactionType":"ENTER_TEXT"}]}
RESULT: {"script":"<script> [776 bytes]","args":[{"enterText":"Romania","selector":{"id":"application-addressmanagement-display-component---masterAdm--smartFilterBar-filterItemControl_BASIC-COUNTRY-valueHelpDialog-smartFilterBar-btnBasicSearch","searchOpenDialogs":true,"interaction":{"idSuffix":"I"}},"clearTextFirst":true,"interactionType":"ENTER_TEXT"}]}
COMMAND: POST /session/9e5aab771e60128f16b96e5208a746bd/actions - {"actions":[{"id":"action7","type":"key","parameters":{},"actions":[{"type":"keyDown","value":""},{"type":"pause","duration":10},{"type":"keyUp","value":""}]}]}
RESULT: {"actions":[{"id":"action7","type":"key","parameters":{},"actions":[{"type":"keyDown","value":""},{"type":"pause","duration":10},{"type":"keyUp","value":""}]}]}
COMMAND: POST /session/9e5aab771e60128f16b96e5208a746bd/elements - {"using":"xpath","value":"//table[contains(@id, \"smartFilterBar-filterItemControl_BASIC-COUNTRY-valueHelpDialog-table-table\")]/tbody/tr"}
COMMAND: GET /session/9e5aab771e60128f16b96e5208a746bd/screenshot - {}
RESULT: {"using":"xpath","value":"//table[contains(@id, \"smartFilterBar-filterItemControl_BASIC-COUNTRY-valueHelpDialog-table-table\")]/tbody/tr"}
COMMAND: POST /session/9e5aab771e60128f16b96e5208a746bd/element - {"using":"xpath","value":"//table[contains(@id, \"smartFilterBar-filterItemControl_BASIC-COUNTRY-valueHelpDialog-table-table\")]/tbody/tr[1]/td[1]/div/span"}
RESULT: {}
RESULT: {"using":"xpath","value":"//table[contains(@id, \"smartFilterBar-filterItemControl_BASIC-COUNTRY-valueHelpDialog-table-table\")]/tbody/tr[1]/td[1]/div/span"}
COMMAND: POST /session/9e5aab771e60128f16b96e5208a746bd/elements - {"using":"xpath","value":"//table[contains(@id, \"smartFilterBar-filterItemControl_BASIC-COUNTRY-valueHelpDialog-table-table\")]/tbody/tr[1]/td[1]/div/span"}
RESULT: {"using":"xpath","value":"//table[contains(@id, \"smartFilterBar-filterItemControl_BASIC-COUNTRY-valueHelpDialog-table-table\")]/tbody/tr[1]/td[1]/div/span"}
COMMAND: POST /session/9e5aab771e60128f16b96e5208a746bd/execute/sync - {"script":"<script> [56 bytes]","args":[{"element-6066-11e4-a52e-4f735466cecf":"f.D9DF0156EB8BB5D0EDF68015944B7411.d.35139D6F2894E090FCBBC22B63BA49EA.e.1625","ELEMENT":"f.D9DF0156EB8BB5D0EDF68015944B7411.d.35139D6F2894E090FCBBC22B63BA49EA.e.1625"}]}
RESULT: {"script":"<script> [56 bytes]","args":[{"element-6066-11e4-a52e-4f735466cecf":"f.D9DF0156EB8BB5D0EDF68015944B7411.d.35139D6F2894E090FCBBC22B63BA49EA.e.1625","ELEMENT":"f.D9DF0156EB8BB5D0EDF68015944B7411.d.35139D6F2894E090FCBBC22B63BA49EA.e.1625"}]}
COMMAND: POST /session/9e5aab771e60128f16b96e5208a746bd/element - {"using":"xpath","value":"//div[contains(@id, \"filterItemControl_BASIC-COUNTRY-valueHelpDialog-table-rowsel0\")]"}
COMMAND: GET /session/9e5aab771e60128f16b96e5208a746bd/screenshot - {}
RESULT: {"using":"xpath","value":"//div[contains(@id, \"filterItemControl_BASIC-COUNTRY-valueHelpDialog-table-rowsel0\")]"}
COMMAND: POST /session/9e5aab771e60128f16b96e5208a746bd/element/f.D9DF0156EB8BB5D0EDF68015944B7411.d.35139D6F2894E090FCBBC22B63BA49EA.e.1626/click - {}
RESULT: {}
RESULT: {}
COMMAND: GET /session/9e5aab771e60128f16b96e5208a746bd/screenshot - {}
RESULT: {}
COMMAND: POST /session/9e5aab771e60128f16b96e5208a746bd/element - {"using":"xpath","value":"(//bdi[contains(text(), \"OK\")])[1]"}
RESULT: {"using":"xpath","value":"(//bdi[contains(text(), \"OK\")])[1]"}
COMMAND: POST /session/9e5aab771e60128f16b96e5208a746bd/element/f.D9DF0156EB8BB5D0EDF68015944B7411.d.35139D6F2894E090FCBBC22B63BA49EA.e.1628/click - {}
RESULT: {}
COMMAND: GET /session/9e5aab771e60128f16b96e5208a746bd/screenshot - {}
RESULT: {}
COMMAND: POST /session/9e5aab771e60128f16b96e5208a746bd/element - {"using":"xpath","value":"//span[@id=\"application-addressmanagement-display-component---masterAdm--smartTable-header-inner\"]"}
RESULT: {"using":"xpath","value":"//span[@id=\"application-addressmanagement-display-component---masterAdm--smartTable-header-inner\"]"}
COMMAND: POST /session/9e5aab771e60128f16b96e5208a746bd/elements - {"using":"xpath","value":"//span[@id=\"application-addressmanagement-display-component---masterAdm--smartTable-header-inner\"]"}
RESULT: {"using":"xpath","value":"//span[@id=\"application-addressmanagement-display-component---masterAdm--smartTable-header-inner\"]"}
COMMAND: POST /session/9e5aab771e60128f16b96e5208a746bd/execute/sync - {"script":"<script> [56 bytes]","args":[{"element-6066-11e4-a52e-4f735466cecf":"f.D9DF0156EB8BB5D0EDF68015944B7411.d.35139D6F2894E090FCBBC22B63BA49EA.e.1604","ELEMENT":"f.D9DF0156EB8BB5D0EDF68015944B7411.d.35139D6F2894E090FCBBC22B63BA49EA.e.1604"}]}
RESULT: {"script":"<script> [56 bytes]","args":[{"element-6066-11e4-a52e-4f735466cecf":"f.D9DF0156EB8BB5D0EDF68015944B7411.d.35139D6F2894E090FCBBC22B63BA49EA.e.1604","ELEMENT":"f.D9DF0156EB8BB5D0EDF68015944B7411.d.35139D6F2894E090FCBBC22B63BA49EA.e.1604"}]}
COMMAND: POST /session/9e5aab771e60128f16b96e5208a746bd/element - {"using":"xpath","value":"//span[contains(@title, \"Remove\")]"}
COMMAND: GET /session/9e5aab771e60128f16b96e5208a746bd/screenshot - {}
RESULT: {"using":"xpath","value":"//span[contains(@title, \"Remove\")]"}
COMMAND: POST /session/9e5aab771e60128f16b96e5208a746bd/element/f.D9DF0156EB8BB5D0EDF68015944B7411.d.35139D6F2894E090FCBBC22B63BA49EA.e.1769/click - {}
RESULT: {}
RESULT: {}
COMMAND: GET /session/9e5aab771e60128f16b96e5208a746bd/screenshot - {}
RESULT: {}
COMMAND: POST /session/9e5aab771e60128f16b96e5208a746bd/element - {"using":"xpath","value":"//span[@id=\"application-addressmanagement-display-component---masterAdm--smartTable-header-inner\"]"}
RESULT: {"using":"xpath","value":"//span[@id=\"application-addressmanagement-display-component---masterAdm--smartTable-header-inner\"]"}
COMMAND: POST /session/9e5aab771e60128f16b96e5208a746bd/elements - {"using":"xpath","value":"//span[@id=\"application-addressmanagement-display-component---masterAdm--smartTable-header-inner\"]"}
RESULT: {"using":"xpath","value":"//span[@id=\"application-addressmanagement-display-component---masterAdm--smartTable-header-inner\"]"}
COMMAND: POST /session/9e5aab771e60128f16b96e5208a746bd/execute/sync - {"script":"<script> [56 bytes]","args":[{"element-6066-11e4-a52e-4f735466cecf":"f.D9DF0156EB8BB5D0EDF68015944B7411.d.35139D6F2894E090FCBBC22B63BA49EA.e.1604","ELEMENT":"f.D9DF0156EB8BB5D0EDF68015944B7411.d.35139D6F2894E090FCBBC22B63BA49EA.e.1604"}]}
RESULT: {"script":"<script> [56 bytes]","args":[{"element-6066-11e4-a52e-4f735466cecf":"f.D9DF0156EB8BB5D0EDF68015944B7411.d.35139D6F2894E090FCBBC22B63BA49EA.e.1604","ELEMENT":"f.D9DF0156EB8BB5D0EDF68015944B7411.d.35139D6F2894E090FCBBC22B63BA49EA.e.1604"}]}
RESULT: undefined
COMMAND: POST /session/9e5aab771e60128f16b96e5208a746bd/element - {"using":"xpath","value":"//*[@id=\"application-addressmanagement-display-component---masterAdm--smartFilterBar-filterItemControl_BASIC-COUNTRY-vhi\"]"}
COMMAND: GET /session/9e5aab771e60128f16b96e5208a746bd/screenshot - {}
RESULT: {"using":"xpath","value":"//*[@id=\"application-addressmanagement-display-component---masterAdm--smartFilterBar-filterItemControl_BASIC-COUNTRY-vhi\"]"}
COMMAND: POST /session/9e5aab771e60128f16b96e5208a746bd/element/f.D9DF0156EB8BB5D0EDF68015944B7411.d.35139D6F2894E090FCBBC22B63BA49EA.e.1605/click - {}
RESULT: {}
RESULT: {}
COMMAND: GET /session/9e5aab771e60128f16b96e5208a746bd/screenshot - {}
RESULT: {}
RESULT: undefined
COMMAND: POST /session/9e5aab771e60128f16b96e5208a746bd/execute/async - {"script":"<script> [776 bytes]","args":[{"enterText":"Romania","selector":{"id":"application-addressmanagement-display-component---masterAdm--smartFilterBar-filterItemControl_BASIC-COUNTRY-valueHelpDialog-smartFilterBar-btnBasicSearch","searchOpenDialogs":true,"interaction":{"idSuffix":"I"}},"clearTextFirst":true,"interactionType":"ENTER_TEXT"}]}
RESULT: {"script":"<script> [776 bytes]","args":[{"enterText":"Romania","selector":{"id":"application-addressmanagement-display-component---masterAdm--smartFilterBar-filterItemControl_BASIC-COUNTRY-valueHelpDialog-smartFilterBar-btnBasicSearch","searchOpenDialogs":true,"interaction":{"idSuffix":"I"}},"clearTextFirst":true,"interactionType":"ENTER_TEXT"}]}
COMMAND: POST /session/9e5aab771e60128f16b96e5208a746bd/actions - {"actions":[{"id":"action8","type":"key","parameters":{},"actions":[{"type":"keyDown","value":""},{"type":"pause","duration":10},{"type":"keyUp","value":""}]}]}
RESULT: {"actions":[{"id":"action8","type":"key","parameters":{},"actions":[{"type":"keyDown","value":""},{"type":"pause","duration":10},{"type":"keyUp","value":""}]}]}
COMMAND: GET /session/9e5aab771e60128f16b96e5208a746bd/screenshot - {}
RESULT: {}
COMMAND: POST /session/9e5aab771e60128f16b96e5208a746bd/elements - {"using":"xpath","value":"//table[contains(@id, \"smartFilterBar-filterItemControl_BASIC-COUNTRY-valueHelpDialog-table-table\")]/tbody/tr"}
RESULT: {"using":"xpath","value":"//table[contains(@id, \"smartFilterBar-filterItemControl_BASIC-COUNTRY-valueHelpDialog-table-table\")]/tbody/tr"}
COMMAND: POST /session/9e5aab771e60128f16b96e5208a746bd/element - {"using":"xpath","value":"//table[contains(@id, \"smartFilterBar-filterItemControl_BASIC-COUNTRY-valueHelpDialog-table-table\")]/tbody/tr[1]/td[1]/div/span"}
RESULT: {"using":"xpath","value":"//table[contains(@id, \"smartFilterBar-filterItemControl_BASIC-COUNTRY-valueHelpDialog-table-table\")]/tbody/tr[1]/td[1]/div/span"}
COMMAND: POST /session/9e5aab771e60128f16b96e5208a746bd/elements - {"using":"xpath","value":"//table[contains(@id, \"smartFilterBar-filterItemControl_BASIC-COUNTRY-valueHelpDialog-table-table\")]/tbody/tr[1]/td[1]/div/span"}
RESULT: {"using":"xpath","value":"//table[contains(@id, \"smartFilterBar-filterItemControl_BASIC-COUNTRY-valueHelpDialog-table-table\")]/tbody/tr[1]/td[1]/div/span"}
COMMAND: POST /session/9e5aab771e60128f16b96e5208a746bd/execute/sync - {"script":"<script> [56 bytes]","args":[{"element-6066-11e4-a52e-4f735466cecf":"f.D9DF0156EB8BB5D0EDF68015944B7411.d.35139D6F2894E090FCBBC22B63BA49EA.e.1867","ELEMENT":"f.D9DF0156EB8BB5D0EDF68015944B7411.d.35139D6F2894E090FCBBC22B63BA49EA.e.1867"}]}
RESULT: {"script":"<script> [56 bytes]","args":[{"element-6066-11e4-a52e-4f735466cecf":"f.D9DF0156EB8BB5D0EDF68015944B7411.d.35139D6F2894E090FCBBC22B63BA49EA.e.1867","ELEMENT":"f.D9DF0156EB8BB5D0EDF68015944B7411.d.35139D6F2894E090FCBBC22B63BA49EA.e.1867"}]}
COMMAND: POST /session/9e5aab771e60128f16b96e5208a746bd/element - {"using":"xpath","value":"//div[contains(@id, \"filterItemControl_BASIC-COUNTRY-valueHelpDialog-table-rowsel0\")]"}
COMMAND: GET /session/9e5aab771e60128f16b96e5208a746bd/screenshot - {}
RESULT: {"using":"xpath","value":"//div[contains(@id, \"filterItemControl_BASIC-COUNTRY-valueHelpDialog-table-rowsel0\")]"}
COMMAND: POST /session/9e5aab771e60128f16b96e5208a746bd/element/f.D9DF0156EB8BB5D0EDF68015944B7411.d.35139D6F2894E090FCBBC22B63BA49EA.e.1868/click - {}
RESULT: {}
RESULT: {}
COMMAND: GET /session/9e5aab771e60128f16b96e5208a746bd/screenshot - {}
RESULT: {}
RESULT: undefined
COMMAND: POST /session/9e5aab771e60128f16b96e5208a746bd/element - {"using":"xpath","value":"//*[@id=\"application-addressmanagement-display-component---masterAdm--smartFilterBar-filterItemControl_BASIC-COUNTRY-vhi\"]"}
RESULT: {"using":"xpath","value":"//*[@id=\"application-addressmanagement-display-component---masterAdm--smartFilterBar-filterItemControl_BASIC-COUNTRY-vhi\"]"}
COMMAND: POST /session/9e5aab771e60128f16b96e5208a746bd/element/f.D9DF0156EB8BB5D0EDF68015944B7411.d.35139D6F2894E090FCBBC22B63BA49EA.e.1605/click - {}
RESULT: undefined
COMMAND: POST /session/9e5aab771e60128f16b96e5208a746bd/execute/async - {"script":"<script> [776 bytes]","args":[{"enterText":"Argentina","selector":{"id":"application-addressmanagement-display-component---masterAdm--smartFilterBar-filterItemControl_BASIC-COUNTRY-valueHelpDialog-smartFilterBar-btnBasicSearch","searchOpenDialogs":true,"interaction":{"idSuffix":"I"}},"clearTextFirst":true,"interactionType":"ENTER_TEXT"}]}
RESULT: {"script":"<script> [776 bytes]","args":[{"enterText":"Argentina","selector":{"id":"application-addressmanagement-display-component---masterAdm--smartFilterBar-filterItemControl_BASIC-COUNTRY-valueHelpDialog-smartFilterBar-btnBasicSearch","searchOpenDialogs":true,"interaction":{"idSuffix":"I"}},"clearTextFirst":true,"interactionType":"ENTER_TEXT"}]}
COMMAND: POST /session/9e5aab771e60128f16b96e5208a746bd/actions - {"actions":[{"id":"action9","type":"key","parameters":{},"actions":[{"type":"keyDown","value":""},{"type":"pause","duration":10},{"type":"keyUp","value":""}]}]}
RESULT: {"actions":[{"id":"action9","type":"key","parameters":{},"actions":[{"type":"keyDown","value":""},{"type":"pause","duration":10},{"type":"keyUp","value":""}]}]}
COMMAND: GET /session/9e5aab771e60128f16b96e5208a746bd/screenshot - {}
RESULT: {}
COMMAND: POST /session/9e5aab771e60128f16b96e5208a746bd/elements - {"using":"xpath","value":"//table[contains(@id, \"smartFilterBar-filterItemControl_BASIC-COUNTRY-valueHelpDialog-table-table\")]/tbody/tr"}
RESULT: {"using":"xpath","value":"//table[contains(@id, \"smartFilterBar-filterItemControl_BASIC-COUNTRY-valueHelpDialog-table-table\")]/tbody/tr"}
COMMAND: POST /session/9e5aab771e60128f16b96e5208a746bd/element - {"using":"xpath","value":"//table[contains(@id, \"smartFilterBar-filterItemControl_BASIC-COUNTRY-valueHelpDialog-table-table\")]/tbody/tr[1]/td[1]/div/span"}
RESULT: {"using":"xpath","value":"//table[contains(@id, \"smartFilterBar-filterItemControl_BASIC-COUNTRY-valueHelpDialog-table-table\")]/tbody/tr[1]/td[1]/div/span"}
COMMAND: POST /session/9e5aab771e60128f16b96e5208a746bd/elements - {"using":"xpath","value":"//table[contains(@id, \"smartFilterBar-filterItemControl_BASIC-COUNTRY-valueHelpDialog-table-table\")]/tbody/tr[1]/td[1]/div/span"}
RESULT: {"using":"xpath","value":"//table[contains(@id, \"smartFilterBar-filterItemControl_BASIC-COUNTRY-valueHelpDialog-table-table\")]/tbody/tr[1]/td[1]/div/span"}
COMMAND: POST /session/9e5aab771e60128f16b96e5208a746bd/execute/sync - {"script":"<script> [56 bytes]","args":[{"element-6066-11e4-a52e-4f735466cecf":"f.D9DF0156EB8BB5D0EDF68015944B7411.d.35139D6F2894E090FCBBC22B63BA49EA.e.1867","ELEMENT":"f.D9DF0156EB8BB5D0EDF68015944B7411.d.35139D6F2894E090FCBBC22B63BA49EA.e.1867"}]}
RESULT: {"script":"<script> [56 bytes]","args":[{"element-6066-11e4-a52e-4f735466cecf":"f.D9DF0156EB8BB5D0EDF68015944B7411.d.35139D6F2894E090FCBBC22B63BA49EA.e.1867","ELEMENT":"f.D9DF0156EB8BB5D0EDF68015944B7411.d.35139D6F2894E090FCBBC22B63BA49EA.e.1867"}]}
COMMAND: POST /session/9e5aab771e60128f16b96e5208a746bd/element - {"using":"xpath","value":"//div[contains(@id, \"filterItemControl_BASIC-COUNTRY-valueHelpDialog-table-rowsel0\")]"}
COMMAND: GET /session/9e5aab771e60128f16b96e5208a746bd/screenshot - {}
RESULT: {"using":"xpath","value":"//div[contains(@id, \"filterItemControl_BASIC-COUNTRY-valueHelpDialog-table-rowsel0\")]"}
COMMAND: POST /session/9e5aab771e60128f16b96e5208a746bd/element/f.D9DF0156EB8BB5D0EDF68015944B7411.d.35139D6F2894E090FCBBC22B63BA49EA.e.1868/click - {}
RESULT: {}
RESULT: {}
COMMAND: GET /session/9e5aab771e60128f16b96e5208a746bd/screenshot - {}
RESULT: {}
COMMAND: POST /session/9e5aab771e60128f16b96e5208a746bd/element - {"using":"xpath","value":"(//bdi[contains(text(), \"OK\")])[1]"}
RESULT: {"using":"xpath","value":"(//bdi[contains(text(), \"OK\")])[1]"}
COMMAND: POST /session/9e5aab771e60128f16b96e5208a746bd/element/f.D9DF0156EB8BB5D0EDF68015944B7411.d.35139D6F2894E090FCBBC22B63BA49EA.e.1870/click - {}
RESULT: {}
COMMAND: GET /session/9e5aab771e60128f16b96e5208a746bd/screenshot - {}
RESULT: {}
COMMAND: POST /session/9e5aab771e60128f16b96e5208a746bd/element - {"using":"xpath","value":"//span[@id=\"application-addressmanagement-display-component---masterAdm--smartTable-header-inner\"]"}
RESULT: {"using":"xpath","value":"//span[@id=\"application-addressmanagement-display-component---masterAdm--smartTable-header-inner\"]"}
COMMAND: POST /session/9e5aab771e60128f16b96e5208a746bd/elements - {"using":"xpath","value":"//span[@id=\"application-addressmanagement-display-component---masterAdm--smartTable-header-inner\"]"}
RESULT: {"using":"xpath","value":"//span[@id=\"application-addressmanagement-display-component---masterAdm--smartTable-header-inner\"]"}
COMMAND: POST /session/9e5aab771e60128f16b96e5208a746bd/execute/sync - {"script":"<script> [56 bytes]","args":[{"element-6066-11e4-a52e-4f735466cecf":"f.D9DF0156EB8BB5D0EDF68015944B7411.d.35139D6F2894E090FCBBC22B63BA49EA.e.1604","ELEMENT":"f.D9DF0156EB8BB5D0EDF68015944B7411.d.35139D6F2894E090FCBBC22B63BA49EA.e.1604"}]}
RESULT: {"script":"<script> [56 bytes]","args":[{"element-6066-11e4-a52e-4f735466cecf":"f.D9DF0156EB8BB5D0EDF68015944B7411.d.35139D6F2894E090FCBBC22B63BA49EA.e.1604","ELEMENT":"f.D9DF0156EB8BB5D0EDF68015944B7411.d.35139D6F2894E090FCBBC22B63BA49EA.e.1604"}]}
COMMAND: GET /session/9e5aab771e60128f16b96e5208a746bd/screenshot - {}
COMMAND: GET /session/9e5aab771e60128f16b96e5208a746bd/screenshot - {}
RESULT: {}
]]></system-out>
      <system-err><![CDATA[
Error: expect(received).not.toEqual(expected) // deep equality

Expected: not 1

    at Context.<anonymous> (D:\a\1\s\test\specs\BTS\address-management.spec.js:672:48)
]]></system-err>
    </testcase>
    <testcase classname="chrome.136_0_7103_93.windows.Address_Management_Tests_US156181_US151165_US151160_US156180_US156178_US151157_US151172_US151170_US151166_US151168" name="Step 6 Should assign user ID to an user assign them to site US151172" time="146.573">
      <failure/>
      <error message="Can't call click on element with selector &quot;//li[.//span[text()=&quot;Dr.&quot;]]&quot; because element wasn't found"/>
      <system-out><![CDATA[
COMMAND: GET /session/9e5aab771e60128f16b96e5208a746bd/screenshot - {}
RESULT: undefined
COMMAND: POST /session/9e5aab771e60128f16b96e5208a746bd/element - {"using":"xpath","value":"//*[@id=\"__tile33\"]"}
RESULT: {}
RESULT: {"using":"xpath","value":"//*[@id=\"__tile33\"]"}
COMMAND: POST /session/9e5aab771e60128f16b96e5208a746bd/element/f.D9DF0156EB8BB5D0EDF68015944B7411.d.35139D6F2894E090FCBBC22B63BA49EA.e.223/click - {}
RESULT: {}
COMMAND: POST /session/9e5aab771e60128f16b96e5208a746bd/elements - {"using":"xpath","value":"//span[text()='Error']"}
RESULT: {"using":"xpath","value":"//span[text()='Error']"}
COMMAND: POST /session/9e5aab771e60128f16b96e5208a746bd/element - {"using":"xpath","value":"//button[@data-kt=\"addButton\"]"}
RESULT: {"using":"xpath","value":"//button[@data-kt=\"addButton\"]"}
COMMAND: POST /session/9e5aab771e60128f16b96e5208a746bd/elements - {"using":"xpath","value":"//button[@data-kt=\"addButton\"]"}
RESULT: {"using":"xpath","value":"//button[@data-kt=\"addButton\"]"}
COMMAND: POST /session/9e5aab771e60128f16b96e5208a746bd/execute/sync - {"script":"<script> [8489 bytes]","args":[{"element-6066-11e4-a52e-4f735466cecf":"f.D9DF0156EB8BB5D0EDF68015944B7411.d.35139D6F2894E090FCBBC22B63BA49EA.e.1470","ELEMENT":"f.D9DF0156EB8BB5D0EDF68015944B7411.d.35139D6F2894E090FCBBC22B63BA49EA.e.1470"}]}
RESULT: {"script":"<script> [8489 bytes]","args":[{"element-6066-11e4-a52e-4f735466cecf":"f.D9DF0156EB8BB5D0EDF68015944B7411.d.35139D6F2894E090FCBBC22B63BA49EA.e.1470","ELEMENT":"f.D9DF0156EB8BB5D0EDF68015944B7411.d.35139D6F2894E090FCBBC22B63BA49EA.e.1470"}]}
COMMAND: GET /session/9e5aab771e60128f16b96e5208a746bd/element/f.D9DF0156EB8BB5D0EDF68015944B7411.d.35139D6F2894E090FCBBC22B63BA49EA.e.1470/enabled - {}
COMMAND: GET /session/9e5aab771e60128f16b96e5208a746bd/screenshot - {}
RESULT: {}
COMMAND: POST /session/9e5aab771e60128f16b96e5208a746bd/execute/sync - {"script":"<script> [8489 bytes]","args":[{"element-6066-11e4-a52e-4f735466cecf":"f.D9DF0156EB8BB5D0EDF68015944B7411.d.35139D6F2894E090FCBBC22B63BA49EA.e.1470","ELEMENT":"f.D9DF0156EB8BB5D0EDF68015944B7411.d.35139D6F2894E090FCBBC22B63BA49EA.e.1470"}]}
COMMAND: GET /session/9e5aab771e60128f16b96e5208a746bd/screenshot - {}
RESULT: {}
RESULT: {"script":"<script> [8489 bytes]","args":[{"element-6066-11e4-a52e-4f735466cecf":"f.D9DF0156EB8BB5D0EDF68015944B7411.d.35139D6F2894E090FCBBC22B63BA49EA.e.1470","ELEMENT":"f.D9DF0156EB8BB5D0EDF68015944B7411.d.35139D6F2894E090FCBBC22B63BA49EA.e.1470"}]}
COMMAND: POST /session/9e5aab771e60128f16b96e5208a746bd/execute/sync - {"script":"<script> [5351 bytes]","args":[{"element-6066-11e4-a52e-4f735466cecf":"f.D9DF0156EB8BB5D0EDF68015944B7411.d.35139D6F2894E090FCBBC22B63BA49EA.e.1470","ELEMENT":"f.D9DF0156EB8BB5D0EDF68015944B7411.d.35139D6F2894E090FCBBC22B63BA49EA.e.1470"}]}
COMMAND: GET /session/9e5aab771e60128f16b96e5208a746bd/screenshot - {}
RESULT: {}
RESULT: {"script":"<script> [5351 bytes]","args":[{"element-6066-11e4-a52e-4f735466cecf":"f.D9DF0156EB8BB5D0EDF68015944B7411.d.35139D6F2894E090FCBBC22B63BA49EA.e.1470","ELEMENT":"f.D9DF0156EB8BB5D0EDF68015944B7411.d.35139D6F2894E090FCBBC22B63BA49EA.e.1470"}]}
COMMAND: GET /session/9e5aab771e60128f16b96e5208a746bd/screenshot - {}
RESULT: {}
RESULT: {}
RESULT: undefined
COMMAND: POST /session/9e5aab771e60128f16b96e5208a746bd/execute/async - {"script":"<script> [776 bytes]","args":[{"enterText":"Test1ETM","selector":{"id":"application-addressmanagement-display-component---masterAdm--smartFilterBar-btnBasicSearch","interaction":{"idSuffix":"I"}},"clearTextFirst":true,"interactionType":"ENTER_TEXT"}]}
RESULT: {"script":"<script> [776 bytes]","args":[{"enterText":"Test1ETM","selector":{"id":"application-addressmanagement-display-component---masterAdm--smartFilterBar-btnBasicSearch","interaction":{"idSuffix":"I"}},"clearTextFirst":true,"interactionType":"ENTER_TEXT"}]}
COMMAND: POST /session/9e5aab771e60128f16b96e5208a746bd/actions - {"actions":[{"id":"action10","type":"key","parameters":{},"actions":[{"type":"keyDown","value":""},{"type":"pause","duration":10},{"type":"keyUp","value":""}]}]}
RESULT: {"actions":[{"id":"action10","type":"key","parameters":{},"actions":[{"type":"keyDown","value":""},{"type":"pause","duration":10},{"type":"keyUp","value":""}]}]}
COMMAND: GET /session/9e5aab771e60128f16b96e5208a746bd/screenshot - {}
RESULT: {}
COMMAND: POST /session/9e5aab771e60128f16b96e5208a746bd/elements - {"using":"xpath","value":"//table[contains(@id, \"customPersonsAddressesTable-listUl\")]/tbody/tr"}
RESULT: {"using":"xpath","value":"//table[contains(@id, \"customPersonsAddressesTable-listUl\")]/tbody/tr"}
COMMAND: POST /session/9e5aab771e60128f16b96e5208a746bd/element - {"using":"xpath","value":"//table[contains(@id, \"customPersonsAddressesTable-listUl\")]/tbody/tr[1]/td[5]/span/span"}
RESULT: {"using":"xpath","value":"//table[contains(@id, \"customPersonsAddressesTable-listUl\")]/tbody/tr[1]/td[5]/span/span"}
COMMAND: POST /session/9e5aab771e60128f16b96e5208a746bd/element - {"using":"xpath","value":"//table[contains(@id, \"customPersonsAddressesTable-listUl\")]/tbody/tr[1]/td[3]/span"}
RESULT: {"using":"xpath","value":"//table[contains(@id, \"customPersonsAddressesTable-listUl\")]/tbody/tr[1]/td[3]/span"}
COMMAND: POST /session/9e5aab771e60128f16b96e5208a746bd/elements - {"using":"xpath","value":"//table[contains(@id, \"customPersonsAddressesTable-listUl\")]/tbody/tr[1]/td[5]/span/span"}
RESULT: {"using":"xpath","value":"//table[contains(@id, \"customPersonsAddressesTable-listUl\")]/tbody/tr[1]/td[5]/span/span"}
COMMAND: POST /session/9e5aab771e60128f16b96e5208a746bd/element - {"using":"xpath","value":"//span[@id=\"application-addressmanagement-display-component---masterAdm--smartTable-header-inner\"]"}
RESULT: {"using":"xpath","value":"//span[@id=\"application-addressmanagement-display-component---masterAdm--smartTable-header-inner\"]"}
COMMAND: POST /session/9e5aab771e60128f16b96e5208a746bd/elements - {"using":"xpath","value":"//span[@id=\"application-addressmanagement-display-component---masterAdm--smartTable-header-inner\"]"}
RESULT: {"using":"xpath","value":"//span[@id=\"application-addressmanagement-display-component---masterAdm--smartTable-header-inner\"]"}
COMMAND: POST /session/9e5aab771e60128f16b96e5208a746bd/execute/sync - {"script":"<script> [56 bytes]","args":[{"element-6066-11e4-a52e-4f735466cecf":"f.D9DF0156EB8BB5D0EDF68015944B7411.d.35139D6F2894E090FCBBC22B63BA49EA.e.1604","ELEMENT":"f.D9DF0156EB8BB5D0EDF68015944B7411.d.35139D6F2894E090FCBBC22B63BA49EA.e.1604"}]}
RESULT: {"script":"<script> [56 bytes]","args":[{"element-6066-11e4-a52e-4f735466cecf":"f.D9DF0156EB8BB5D0EDF68015944B7411.d.35139D6F2894E090FCBBC22B63BA49EA.e.1604","ELEMENT":"f.D9DF0156EB8BB5D0EDF68015944B7411.d.35139D6F2894E090FCBBC22B63BA49EA.e.1604"}]}
COMMAND: POST /session/9e5aab771e60128f16b96e5208a746bd/element - {"using":"xpath","value":"//button[@data-kt=\"addButton\"]"}
COMMAND: GET /session/9e5aab771e60128f16b96e5208a746bd/screenshot - {}
RESULT: {"using":"xpath","value":"//button[@data-kt=\"addButton\"]"}
COMMAND: POST /session/9e5aab771e60128f16b96e5208a746bd/element/f.D9DF0156EB8BB5D0EDF68015944B7411.d.35139D6F2894E090FCBBC22B63BA49EA.e.1470/click - {}
RESULT: {}
RESULT: {}
COMMAND: GET /session/9e5aab771e60128f16b96e5208a746bd/screenshot - {}
RESULT: {}
RESULT: undefined
COMMAND: POST /session/9e5aab771e60128f16b96e5208a746bd/element - {"using":"xpath","value":"//*[@id=\"__xmlview58--addressTitle-arrow\"]"}
RESULT: {"using":"xpath","value":"//*[@id=\"__xmlview58--addressTitle-arrow\"]"}
COMMAND: POST /session/9e5aab771e60128f16b96e5208a746bd/elements - {"using":"xpath","value":"//*[@id=\"__xmlview58--addressTitle-arrow\"]"}
RESULT: {"using":"xpath","value":"//*[@id=\"__xmlview58--addressTitle-arrow\"]"}
COMMAND: POST /session/9e5aab771e60128f16b96e5208a746bd/elements - {"using":"xpath","value":"//*[@id=\"__xmlview58--addressTitle-arrow\"]"}
RESULT: {"using":"xpath","value":"//*[@id=\"__xmlview58--addressTitle-arrow\"]"}
COMMAND: POST /session/9e5aab771e60128f16b96e5208a746bd/elements - {"using":"xpath","value":"//*[@id=\"__xmlview58--addressTitle-arrow\"]"}
RESULT: {"using":"xpath","value":"//*[@id=\"__xmlview58--addressTitle-arrow\"]"}
COMMAND: POST /session/9e5aab771e60128f16b96e5208a746bd/elements - {"using":"xpath","value":"//*[@id=\"__xmlview58--addressTitle-arrow\"]"}
RESULT: {"using":"xpath","value":"//*[@id=\"__xmlview58--addressTitle-arrow\"]"}
COMMAND: POST /session/9e5aab771e60128f16b96e5208a746bd/elements - {"using":"xpath","value":"//*[@id=\"__xmlview58--addressTitle-arrow\"]"}
RESULT: {"using":"xpath","value":"//*[@id=\"__xmlview58--addressTitle-arrow\"]"}
COMMAND: POST /session/9e5aab771e60128f16b96e5208a746bd/elements - {"using":"xpath","value":"//*[@id=\"__xmlview58--addressTitle-arrow\"]"}
RESULT: {"using":"xpath","value":"//*[@id=\"__xmlview58--addressTitle-arrow\"]"}
COMMAND: POST /session/9e5aab771e60128f16b96e5208a746bd/elements - {"using":"xpath","value":"//*[@id=\"__xmlview58--addressTitle-arrow\"]"}
RESULT: {"using":"xpath","value":"//*[@id=\"__xmlview58--addressTitle-arrow\"]"}
COMMAND: POST /session/9e5aab771e60128f16b96e5208a746bd/elements - {"using":"xpath","value":"//*[@id=\"__xmlview58--addressTitle-arrow\"]"}
RESULT: {"using":"xpath","value":"//*[@id=\"__xmlview58--addressTitle-arrow\"]"}
COMMAND: POST /session/9e5aab771e60128f16b96e5208a746bd/elements - {"using":"xpath","value":"//*[@id=\"__xmlview58--addressTitle-arrow\"]"}
RESULT: {"using":"xpath","value":"//*[@id=\"__xmlview58--addressTitle-arrow\"]"}
COMMAND: POST /session/9e5aab771e60128f16b96e5208a746bd/elements - {"using":"xpath","value":"//*[@id=\"__xmlview58--addressTitle-arrow\"]"}
RESULT: {"using":"xpath","value":"//*[@id=\"__xmlview58--addressTitle-arrow\"]"}
COMMAND: POST /session/9e5aab771e60128f16b96e5208a746bd/elements - {"using":"xpath","value":"//*[@id=\"__xmlview58--addressTitle-arrow\"]"}
RESULT: {"using":"xpath","value":"//*[@id=\"__xmlview58--addressTitle-arrow\"]"}
COMMAND: POST /session/9e5aab771e60128f16b96e5208a746bd/elements - {"using":"xpath","value":"//*[@id=\"__xmlview58--addressTitle-arrow\"]"}
RESULT: {"using":"xpath","value":"//*[@id=\"__xmlview58--addressTitle-arrow\"]"}
COMMAND: POST /session/9e5aab771e60128f16b96e5208a746bd/elements - {"using":"xpath","value":"//*[@id=\"__xmlview58--addressTitle-arrow\"]"}
RESULT: {"using":"xpath","value":"//*[@id=\"__xmlview58--addressTitle-arrow\"]"}
COMMAND: POST /session/9e5aab771e60128f16b96e5208a746bd/elements - {"using":"xpath","value":"//*[@id=\"__xmlview58--addressTitle-arrow\"]"}
RESULT: {"using":"xpath","value":"//*[@id=\"__xmlview58--addressTitle-arrow\"]"}
COMMAND: POST /session/9e5aab771e60128f16b96e5208a746bd/elements - {"using":"xpath","value":"//*[@id=\"__xmlview58--addressTitle-arrow\"]"}
RESULT: {"using":"xpath","value":"//*[@id=\"__xmlview58--addressTitle-arrow\"]"}
COMMAND: POST /session/9e5aab771e60128f16b96e5208a746bd/elements - {"using":"xpath","value":"//*[@id=\"__xmlview58--addressTitle-arrow\"]"}
RESULT: {"using":"xpath","value":"//*[@id=\"__xmlview58--addressTitle-arrow\"]"}
COMMAND: POST /session/9e5aab771e60128f16b96e5208a746bd/elements - {"using":"xpath","value":"//*[@id=\"__xmlview58--addressTitle-arrow\"]"}
RESULT: {"using":"xpath","value":"//*[@id=\"__xmlview58--addressTitle-arrow\"]"}
COMMAND: POST /session/9e5aab771e60128f16b96e5208a746bd/elements - {"using":"xpath","value":"//*[@id=\"__xmlview58--addressTitle-arrow\"]"}
RESULT: {"using":"xpath","value":"//*[@id=\"__xmlview58--addressTitle-arrow\"]"}
COMMAND: POST /session/9e5aab771e60128f16b96e5208a746bd/elements - {"using":"xpath","value":"//*[@id=\"__xmlview58--addressTitle-arrow\"]"}
RESULT: {"using":"xpath","value":"//*[@id=\"__xmlview58--addressTitle-arrow\"]"}
COMMAND: POST /session/9e5aab771e60128f16b96e5208a746bd/elements - {"using":"xpath","value":"//*[@id=\"__xmlview58--addressTitle-arrow\"]"}
RESULT: {"using":"xpath","value":"//*[@id=\"__xmlview58--addressTitle-arrow\"]"}
COMMAND: POST /session/9e5aab771e60128f16b96e5208a746bd/elements - {"using":"xpath","value":"//*[@id=\"__xmlview58--addressTitle-arrow\"]"}
RESULT: {"using":"xpath","value":"//*[@id=\"__xmlview58--addressTitle-arrow\"]"}
COMMAND: POST /session/9e5aab771e60128f16b96e5208a746bd/elements - {"using":"xpath","value":"//*[@id=\"__xmlview58--addressTitle-arrow\"]"}
RESULT: {"using":"xpath","value":"//*[@id=\"__xmlview58--addressTitle-arrow\"]"}
COMMAND: POST /session/9e5aab771e60128f16b96e5208a746bd/elements - {"using":"xpath","value":"//*[@id=\"__xmlview58--addressTitle-arrow\"]"}
RESULT: {"using":"xpath","value":"//*[@id=\"__xmlview58--addressTitle-arrow\"]"}
COMMAND: POST /session/9e5aab771e60128f16b96e5208a746bd/elements - {"using":"xpath","value":"//*[@id=\"__xmlview58--addressTitle-arrow\"]"}
RESULT: {"using":"xpath","value":"//*[@id=\"__xmlview58--addressTitle-arrow\"]"}
COMMAND: POST /session/9e5aab771e60128f16b96e5208a746bd/elements - {"using":"xpath","value":"//*[@id=\"__xmlview58--addressTitle-arrow\"]"}
RESULT: {"using":"xpath","value":"//*[@id=\"__xmlview58--addressTitle-arrow\"]"}
COMMAND: POST /session/9e5aab771e60128f16b96e5208a746bd/elements - {"using":"xpath","value":"//*[@id=\"__xmlview58--addressTitle-arrow\"]"}
RESULT: {"using":"xpath","value":"//*[@id=\"__xmlview58--addressTitle-arrow\"]"}
COMMAND: POST /session/9e5aab771e60128f16b96e5208a746bd/elements - {"using":"xpath","value":"//*[@id=\"__xmlview58--addressTitle-arrow\"]"}
RESULT: {"using":"xpath","value":"//*[@id=\"__xmlview58--addressTitle-arrow\"]"}
COMMAND: POST /session/9e5aab771e60128f16b96e5208a746bd/elements - {"using":"xpath","value":"//*[@id=\"__xmlview58--addressTitle-arrow\"]"}
RESULT: {"using":"xpath","value":"//*[@id=\"__xmlview58--addressTitle-arrow\"]"}
COMMAND: POST /session/9e5aab771e60128f16b96e5208a746bd/elements - {"using":"xpath","value":"//*[@id=\"__xmlview58--addressTitle-arrow\"]"}
RESULT: {"using":"xpath","value":"//*[@id=\"__xmlview58--addressTitle-arrow\"]"}
COMMAND: POST /session/9e5aab771e60128f16b96e5208a746bd/elements - {"using":"xpath","value":"//*[@id=\"__xmlview58--addressTitle-arrow\"]"}
RESULT: {"using":"xpath","value":"//*[@id=\"__xmlview58--addressTitle-arrow\"]"}
COMMAND: POST /session/9e5aab771e60128f16b96e5208a746bd/elements - {"using":"xpath","value":"//*[@id=\"__xmlview58--addressTitle-arrow\"]"}
RESULT: {"using":"xpath","value":"//*[@id=\"__xmlview58--addressTitle-arrow\"]"}
COMMAND: POST /session/9e5aab771e60128f16b96e5208a746bd/elements - {"using":"xpath","value":"//*[@id=\"__xmlview58--addressTitle-arrow\"]"}
RESULT: {"using":"xpath","value":"//*[@id=\"__xmlview58--addressTitle-arrow\"]"}
COMMAND: POST /session/9e5aab771e60128f16b96e5208a746bd/elements - {"using":"xpath","value":"//*[@id=\"__xmlview58--addressTitle-arrow\"]"}
RESULT: {"using":"xpath","value":"//*[@id=\"__xmlview58--addressTitle-arrow\"]"}
COMMAND: POST /session/9e5aab771e60128f16b96e5208a746bd/elements - {"using":"xpath","value":"//*[@id=\"__xmlview58--addressTitle-arrow\"]"}
RESULT: {"using":"xpath","value":"//*[@id=\"__xmlview58--addressTitle-arrow\"]"}
COMMAND: POST /session/9e5aab771e60128f16b96e5208a746bd/elements - {"using":"xpath","value":"//*[@id=\"__xmlview58--addressTitle-arrow\"]"}
RESULT: {"using":"xpath","value":"//*[@id=\"__xmlview58--addressTitle-arrow\"]"}
COMMAND: POST /session/9e5aab771e60128f16b96e5208a746bd/elements - {"using":"xpath","value":"//*[@id=\"__xmlview58--addressTitle-arrow\"]"}
RESULT: {"using":"xpath","value":"//*[@id=\"__xmlview58--addressTitle-arrow\"]"}
COMMAND: POST /session/9e5aab771e60128f16b96e5208a746bd/elements - {"using":"xpath","value":"//*[@id=\"__xmlview58--addressTitle-arrow\"]"}
RESULT: {"using":"xpath","value":"//*[@id=\"__xmlview58--addressTitle-arrow\"]"}
COMMAND: POST /session/9e5aab771e60128f16b96e5208a746bd/elements - {"using":"xpath","value":"//*[@id=\"__xmlview58--addressTitle-arrow\"]"}
RESULT: {"using":"xpath","value":"//*[@id=\"__xmlview58--addressTitle-arrow\"]"}
COMMAND: POST /session/9e5aab771e60128f16b96e5208a746bd/elements - {"using":"xpath","value":"//*[@id=\"__xmlview58--addressTitle-arrow\"]"}
RESULT: {"using":"xpath","value":"//*[@id=\"__xmlview58--addressTitle-arrow\"]"}
COMMAND: POST /session/9e5aab771e60128f16b96e5208a746bd/elements - {"using":"xpath","value":"//*[@id=\"__xmlview58--addressTitle-arrow\"]"}
RESULT: {"using":"xpath","value":"//*[@id=\"__xmlview58--addressTitle-arrow\"]"}
COMMAND: POST /session/9e5aab771e60128f16b96e5208a746bd/elements - {"using":"xpath","value":"//*[@id=\"__xmlview58--addressTitle-arrow\"]"}
RESULT: {"using":"xpath","value":"//*[@id=\"__xmlview58--addressTitle-arrow\"]"}
COMMAND: POST /session/9e5aab771e60128f16b96e5208a746bd/elements - {"using":"xpath","value":"//*[@id=\"__xmlview58--addressTitle-arrow\"]"}
RESULT: {"using":"xpath","value":"//*[@id=\"__xmlview58--addressTitle-arrow\"]"}
COMMAND: POST /session/9e5aab771e60128f16b96e5208a746bd/elements - {"using":"xpath","value":"//*[@id=\"__xmlview58--addressTitle-arrow\"]"}
RESULT: {"using":"xpath","value":"//*[@id=\"__xmlview58--addressTitle-arrow\"]"}
COMMAND: POST /session/9e5aab771e60128f16b96e5208a746bd/elements - {"using":"xpath","value":"//*[@id=\"__xmlview58--addressTitle-arrow\"]"}
RESULT: {"using":"xpath","value":"//*[@id=\"__xmlview58--addressTitle-arrow\"]"}
COMMAND: POST /session/9e5aab771e60128f16b96e5208a746bd/elements - {"using":"xpath","value":"//*[@id=\"__xmlview58--addressTitle-arrow\"]"}
RESULT: {"using":"xpath","value":"//*[@id=\"__xmlview58--addressTitle-arrow\"]"}
COMMAND: POST /session/9e5aab771e60128f16b96e5208a746bd/elements - {"using":"xpath","value":"//*[@id=\"__xmlview58--addressTitle-arrow\"]"}
RESULT: {"using":"xpath","value":"//*[@id=\"__xmlview58--addressTitle-arrow\"]"}
COMMAND: POST /session/9e5aab771e60128f16b96e5208a746bd/elements - {"using":"xpath","value":"//*[@id=\"__xmlview58--addressTitle-arrow\"]"}
RESULT: {"using":"xpath","value":"//*[@id=\"__xmlview58--addressTitle-arrow\"]"}
COMMAND: POST /session/9e5aab771e60128f16b96e5208a746bd/elements - {"using":"xpath","value":"//*[@id=\"__xmlview58--addressTitle-arrow\"]"}
RESULT: {"using":"xpath","value":"//*[@id=\"__xmlview58--addressTitle-arrow\"]"}
COMMAND: POST /session/9e5aab771e60128f16b96e5208a746bd/elements - {"using":"xpath","value":"//*[@id=\"__xmlview58--addressTitle-arrow\"]"}
RESULT: {"using":"xpath","value":"//*[@id=\"__xmlview58--addressTitle-arrow\"]"}
COMMAND: POST /session/9e5aab771e60128f16b96e5208a746bd/elements - {"using":"xpath","value":"//*[@id=\"__xmlview58--addressTitle-arrow\"]"}
RESULT: {"using":"xpath","value":"//*[@id=\"__xmlview58--addressTitle-arrow\"]"}
COMMAND: POST /session/9e5aab771e60128f16b96e5208a746bd/elements - {"using":"xpath","value":"//*[@id=\"__xmlview58--addressTitle-arrow\"]"}
RESULT: {"using":"xpath","value":"//*[@id=\"__xmlview58--addressTitle-arrow\"]"}
COMMAND: POST /session/9e5aab771e60128f16b96e5208a746bd/elements - {"using":"xpath","value":"//*[@id=\"__xmlview58--addressTitle-arrow\"]"}
RESULT: {"using":"xpath","value":"//*[@id=\"__xmlview58--addressTitle-arrow\"]"}
COMMAND: POST /session/9e5aab771e60128f16b96e5208a746bd/elements - {"using":"xpath","value":"//*[@id=\"__xmlview58--addressTitle-arrow\"]"}
RESULT: {"using":"xpath","value":"//*[@id=\"__xmlview58--addressTitle-arrow\"]"}
COMMAND: POST /session/9e5aab771e60128f16b96e5208a746bd/elements - {"using":"xpath","value":"//*[@id=\"__xmlview58--addressTitle-arrow\"]"}
RESULT: {"using":"xpath","value":"//*[@id=\"__xmlview58--addressTitle-arrow\"]"}
COMMAND: POST /session/9e5aab771e60128f16b96e5208a746bd/elements - {"using":"xpath","value":"//*[@id=\"__xmlview58--addressTitle-arrow\"]"}
RESULT: {"using":"xpath","value":"//*[@id=\"__xmlview58--addressTitle-arrow\"]"}
COMMAND: POST /session/9e5aab771e60128f16b96e5208a746bd/elements - {"using":"xpath","value":"//*[@id=\"__xmlview58--addressTitle-arrow\"]"}
RESULT: {"using":"xpath","value":"//*[@id=\"__xmlview58--addressTitle-arrow\"]"}
COMMAND: POST /session/9e5aab771e60128f16b96e5208a746bd/elements - {"using":"xpath","value":"//*[@id=\"__xmlview58--addressTitle-arrow\"]"}
RESULT: {"using":"xpath","value":"//*[@id=\"__xmlview58--addressTitle-arrow\"]"}
COMMAND: POST /session/9e5aab771e60128f16b96e5208a746bd/elements - {"using":"xpath","value":"//*[@id=\"__xmlview58--addressTitle-arrow\"]"}
RESULT: {"using":"xpath","value":"//*[@id=\"__xmlview58--addressTitle-arrow\"]"}
COMMAND: POST /session/9e5aab771e60128f16b96e5208a746bd/elements - {"using":"xpath","value":"//*[@id=\"__xmlview58--addressTitle-arrow\"]"}
RESULT: {"using":"xpath","value":"//*[@id=\"__xmlview58--addressTitle-arrow\"]"}
COMMAND: POST /session/9e5aab771e60128f16b96e5208a746bd/elements - {"using":"xpath","value":"//*[@id=\"__xmlview58--addressTitle-arrow\"]"}
RESULT: {"using":"xpath","value":"//*[@id=\"__xmlview58--addressTitle-arrow\"]"}
COMMAND: POST /session/9e5aab771e60128f16b96e5208a746bd/elements - {"using":"xpath","value":"//*[@id=\"__xmlview58--addressTitle-arrow\"]"}
RESULT: {"using":"xpath","value":"//*[@id=\"__xmlview58--addressTitle-arrow\"]"}
COMMAND: POST /session/9e5aab771e60128f16b96e5208a746bd/elements - {"using":"xpath","value":"//*[@id=\"__xmlview58--addressTitle-arrow\"]"}
RESULT: {"using":"xpath","value":"//*[@id=\"__xmlview58--addressTitle-arrow\"]"}
COMMAND: POST /session/9e5aab771e60128f16b96e5208a746bd/elements - {"using":"xpath","value":"//*[@id=\"__xmlview58--addressTitle-arrow\"]"}
RESULT: {"using":"xpath","value":"//*[@id=\"__xmlview58--addressTitle-arrow\"]"}
COMMAND: POST /session/9e5aab771e60128f16b96e5208a746bd/elements - {"using":"xpath","value":"//*[@id=\"__xmlview58--addressTitle-arrow\"]"}
RESULT: {"using":"xpath","value":"//*[@id=\"__xmlview58--addressTitle-arrow\"]"}
COMMAND: POST /session/9e5aab771e60128f16b96e5208a746bd/elements - {"using":"xpath","value":"//*[@id=\"__xmlview58--addressTitle-arrow\"]"}
RESULT: {"using":"xpath","value":"//*[@id=\"__xmlview58--addressTitle-arrow\"]"}
COMMAND: POST /session/9e5aab771e60128f16b96e5208a746bd/elements - {"using":"xpath","value":"//*[@id=\"__xmlview58--addressTitle-arrow\"]"}
RESULT: {"using":"xpath","value":"//*[@id=\"__xmlview58--addressTitle-arrow\"]"}
COMMAND: POST /session/9e5aab771e60128f16b96e5208a746bd/elements - {"using":"xpath","value":"//*[@id=\"__xmlview58--addressTitle-arrow\"]"}
RESULT: {"using":"xpath","value":"//*[@id=\"__xmlview58--addressTitle-arrow\"]"}
COMMAND: POST /session/9e5aab771e60128f16b96e5208a746bd/elements - {"using":"xpath","value":"//*[@id=\"__xmlview58--addressTitle-arrow\"]"}
RESULT: {"using":"xpath","value":"//*[@id=\"__xmlview58--addressTitle-arrow\"]"}
COMMAND: POST /session/9e5aab771e60128f16b96e5208a746bd/elements - {"using":"xpath","value":"//*[@id=\"__xmlview58--addressTitle-arrow\"]"}
RESULT: {"using":"xpath","value":"//*[@id=\"__xmlview58--addressTitle-arrow\"]"}
COMMAND: POST /session/9e5aab771e60128f16b96e5208a746bd/elements - {"using":"xpath","value":"//*[@id=\"__xmlview58--addressTitle-arrow\"]"}
RESULT: {"using":"xpath","value":"//*[@id=\"__xmlview58--addressTitle-arrow\"]"}
COMMAND: POST /session/9e5aab771e60128f16b96e5208a746bd/elements - {"using":"xpath","value":"//*[@id=\"__xmlview58--addressTitle-arrow\"]"}
RESULT: {"using":"xpath","value":"//*[@id=\"__xmlview58--addressTitle-arrow\"]"}
COMMAND: POST /session/9e5aab771e60128f16b96e5208a746bd/elements - {"using":"xpath","value":"//*[@id=\"__xmlview58--addressTitle-arrow\"]"}
RESULT: {"using":"xpath","value":"//*[@id=\"__xmlview58--addressTitle-arrow\"]"}
COMMAND: POST /session/9e5aab771e60128f16b96e5208a746bd/elements - {"using":"xpath","value":"//*[@id=\"__xmlview58--addressTitle-arrow\"]"}
RESULT: {"using":"xpath","value":"//*[@id=\"__xmlview58--addressTitle-arrow\"]"}
COMMAND: POST /session/9e5aab771e60128f16b96e5208a746bd/elements - {"using":"xpath","value":"//*[@id=\"__xmlview58--addressTitle-arrow\"]"}
RESULT: {"using":"xpath","value":"//*[@id=\"__xmlview58--addressTitle-arrow\"]"}
COMMAND: POST /session/9e5aab771e60128f16b96e5208a746bd/elements - {"using":"xpath","value":"//*[@id=\"__xmlview58--addressTitle-arrow\"]"}
RESULT: {"using":"xpath","value":"//*[@id=\"__xmlview58--addressTitle-arrow\"]"}
COMMAND: POST /session/9e5aab771e60128f16b96e5208a746bd/elements - {"using":"xpath","value":"//*[@id=\"__xmlview58--addressTitle-arrow\"]"}
RESULT: {"using":"xpath","value":"//*[@id=\"__xmlview58--addressTitle-arrow\"]"}
COMMAND: POST /session/9e5aab771e60128f16b96e5208a746bd/elements - {"using":"xpath","value":"//*[@id=\"__xmlview58--addressTitle-arrow\"]"}
RESULT: {"using":"xpath","value":"//*[@id=\"__xmlview58--addressTitle-arrow\"]"}
COMMAND: POST /session/9e5aab771e60128f16b96e5208a746bd/elements - {"using":"xpath","value":"//*[@id=\"__xmlview58--addressTitle-arrow\"]"}
RESULT: {"using":"xpath","value":"//*[@id=\"__xmlview58--addressTitle-arrow\"]"}
COMMAND: POST /session/9e5aab771e60128f16b96e5208a746bd/elements - {"using":"xpath","value":"//*[@id=\"__xmlview58--addressTitle-arrow\"]"}
RESULT: {"using":"xpath","value":"//*[@id=\"__xmlview58--addressTitle-arrow\"]"}
COMMAND: POST /session/9e5aab771e60128f16b96e5208a746bd/elements - {"using":"xpath","value":"//*[@id=\"__xmlview58--addressTitle-arrow\"]"}
RESULT: {"using":"xpath","value":"//*[@id=\"__xmlview58--addressTitle-arrow\"]"}
COMMAND: POST /session/9e5aab771e60128f16b96e5208a746bd/elements - {"using":"xpath","value":"//*[@id=\"__xmlview58--addressTitle-arrow\"]"}
RESULT: {"using":"xpath","value":"//*[@id=\"__xmlview58--addressTitle-arrow\"]"}
COMMAND: POST /session/9e5aab771e60128f16b96e5208a746bd/elements - {"using":"xpath","value":"//*[@id=\"__xmlview58--addressTitle-arrow\"]"}
RESULT: {"using":"xpath","value":"//*[@id=\"__xmlview58--addressTitle-arrow\"]"}
COMMAND: POST /session/9e5aab771e60128f16b96e5208a746bd/elements - {"using":"xpath","value":"//*[@id=\"__xmlview58--addressTitle-arrow\"]"}
RESULT: {"using":"xpath","value":"//*[@id=\"__xmlview58--addressTitle-arrow\"]"}
COMMAND: POST /session/9e5aab771e60128f16b96e5208a746bd/elements - {"using":"xpath","value":"//*[@id=\"__xmlview58--addressTitle-arrow\"]"}
RESULT: {"using":"xpath","value":"//*[@id=\"__xmlview58--addressTitle-arrow\"]"}
COMMAND: POST /session/9e5aab771e60128f16b96e5208a746bd/elements - {"using":"xpath","value":"//*[@id=\"__xmlview58--addressTitle-arrow\"]"}
RESULT: {"using":"xpath","value":"//*[@id=\"__xmlview58--addressTitle-arrow\"]"}
COMMAND: POST /session/9e5aab771e60128f16b96e5208a746bd/elements - {"using":"xpath","value":"//*[@id=\"__xmlview58--addressTitle-arrow\"]"}
RESULT: {"using":"xpath","value":"//*[@id=\"__xmlview58--addressTitle-arrow\"]"}
COMMAND: POST /session/9e5aab771e60128f16b96e5208a746bd/elements - {"using":"xpath","value":"//*[@id=\"__xmlview58--addressTitle-arrow\"]"}
RESULT: {"using":"xpath","value":"//*[@id=\"__xmlview58--addressTitle-arrow\"]"}
COMMAND: POST /session/9e5aab771e60128f16b96e5208a746bd/elements - {"using":"xpath","value":"//*[@id=\"__xmlview58--addressTitle-arrow\"]"}
RESULT: {"using":"xpath","value":"//*[@id=\"__xmlview58--addressTitle-arrow\"]"}
COMMAND: POST /session/9e5aab771e60128f16b96e5208a746bd/elements - {"using":"xpath","value":"//*[@id=\"__xmlview58--addressTitle-arrow\"]"}
RESULT: {"using":"xpath","value":"//*[@id=\"__xmlview58--addressTitle-arrow\"]"}
COMMAND: POST /session/9e5aab771e60128f16b96e5208a746bd/elements - {"using":"xpath","value":"//*[@id=\"__xmlview58--addressTitle-arrow\"]"}
RESULT: {"using":"xpath","value":"//*[@id=\"__xmlview58--addressTitle-arrow\"]"}
COMMAND: POST /session/9e5aab771e60128f16b96e5208a746bd/elements - {"using":"xpath","value":"//*[@id=\"__xmlview58--addressTitle-arrow\"]"}
RESULT: {"using":"xpath","value":"//*[@id=\"__xmlview58--addressTitle-arrow\"]"}
COMMAND: POST /session/9e5aab771e60128f16b96e5208a746bd/elements - {"using":"xpath","value":"//*[@id=\"__xmlview58--addressTitle-arrow\"]"}
RESULT: {"using":"xpath","value":"//*[@id=\"__xmlview58--addressTitle-arrow\"]"}
COMMAND: POST /session/9e5aab771e60128f16b96e5208a746bd/elements - {"using":"xpath","value":"//*[@id=\"__xmlview58--addressTitle-arrow\"]"}
RESULT: {"using":"xpath","value":"//*[@id=\"__xmlview58--addressTitle-arrow\"]"}
COMMAND: POST /session/9e5aab771e60128f16b96e5208a746bd/elements - {"using":"xpath","value":"//*[@id=\"__xmlview58--addressTitle-arrow\"]"}
RESULT: {"using":"xpath","value":"//*[@id=\"__xmlview58--addressTitle-arrow\"]"}
COMMAND: POST /session/9e5aab771e60128f16b96e5208a746bd/elements - {"using":"xpath","value":"//*[@id=\"__xmlview58--addressTitle-arrow\"]"}
RESULT: {"using":"xpath","value":"//*[@id=\"__xmlview58--addressTitle-arrow\"]"}
COMMAND: POST /session/9e5aab771e60128f16b96e5208a746bd/elements - {"using":"xpath","value":"//*[@id=\"__xmlview58--addressTitle-arrow\"]"}
RESULT: {"using":"xpath","value":"//*[@id=\"__xmlview58--addressTitle-arrow\"]"}
COMMAND: POST /session/9e5aab771e60128f16b96e5208a746bd/elements - {"using":"xpath","value":"//*[@id=\"__xmlview58--addressTitle-arrow\"]"}
RESULT: {"using":"xpath","value":"//*[@id=\"__xmlview58--addressTitle-arrow\"]"}
COMMAND: POST /session/9e5aab771e60128f16b96e5208a746bd/elements - {"using":"xpath","value":"//*[@id=\"__xmlview58--addressTitle-arrow\"]"}
RESULT: {"using":"xpath","value":"//*[@id=\"__xmlview58--addressTitle-arrow\"]"}
COMMAND: POST /session/9e5aab771e60128f16b96e5208a746bd/elements - {"using":"xpath","value":"//*[@id=\"__xmlview58--addressTitle-arrow\"]"}
RESULT: {"using":"xpath","value":"//*[@id=\"__xmlview58--addressTitle-arrow\"]"}
COMMAND: POST /session/9e5aab771e60128f16b96e5208a746bd/elements - {"using":"xpath","value":"//*[@id=\"__xmlview58--addressTitle-arrow\"]"}
RESULT: {"using":"xpath","value":"//*[@id=\"__xmlview58--addressTitle-arrow\"]"}
COMMAND: POST /session/9e5aab771e60128f16b96e5208a746bd/elements - {"using":"xpath","value":"//*[@id=\"__xmlview58--addressTitle-arrow\"]"}
RESULT: {"using":"xpath","value":"//*[@id=\"__xmlview58--addressTitle-arrow\"]"}
COMMAND: POST /session/9e5aab771e60128f16b96e5208a746bd/elements - {"using":"xpath","value":"//*[@id=\"__xmlview58--addressTitle-arrow\"]"}
RESULT: {"using":"xpath","value":"//*[@id=\"__xmlview58--addressTitle-arrow\"]"}
COMMAND: POST /session/9e5aab771e60128f16b96e5208a746bd/elements - {"using":"xpath","value":"//*[@id=\"__xmlview58--addressTitle-arrow\"]"}
RESULT: {"using":"xpath","value":"//*[@id=\"__xmlview58--addressTitle-arrow\"]"}
COMMAND: POST /session/9e5aab771e60128f16b96e5208a746bd/elements - {"using":"xpath","value":"//*[@id=\"__xmlview58--addressTitle-arrow\"]"}
RESULT: {"using":"xpath","value":"//*[@id=\"__xmlview58--addressTitle-arrow\"]"}
COMMAND: POST /session/9e5aab771e60128f16b96e5208a746bd/elements - {"using":"xpath","value":"//*[@id=\"__xmlview58--addressTitle-arrow\"]"}
RESULT: {"using":"xpath","value":"//*[@id=\"__xmlview58--addressTitle-arrow\"]"}
COMMAND: POST /session/9e5aab771e60128f16b96e5208a746bd/elements - {"using":"xpath","value":"//*[@id=\"__xmlview58--addressTitle-arrow\"]"}
RESULT: {"using":"xpath","value":"//*[@id=\"__xmlview58--addressTitle-arrow\"]"}
COMMAND: POST /session/9e5aab771e60128f16b96e5208a746bd/elements - {"using":"xpath","value":"//*[@id=\"__xmlview58--addressTitle-arrow\"]"}
RESULT: {"using":"xpath","value":"//*[@id=\"__xmlview58--addressTitle-arrow\"]"}
COMMAND: POST /session/9e5aab771e60128f16b96e5208a746bd/elements - {"using":"xpath","value":"//*[@id=\"__xmlview58--addressTitle-arrow\"]"}
RESULT: {"using":"xpath","value":"//*[@id=\"__xmlview58--addressTitle-arrow\"]"}
COMMAND: POST /session/9e5aab771e60128f16b96e5208a746bd/elements - {"using":"xpath","value":"//*[@id=\"__xmlview58--addressTitle-arrow\"]"}
RESULT: {"using":"xpath","value":"//*[@id=\"__xmlview58--addressTitle-arrow\"]"}
COMMAND: POST /session/9e5aab771e60128f16b96e5208a746bd/elements - {"using":"xpath","value":"//*[@id=\"__xmlview58--addressTitle-arrow\"]"}
RESULT: {"using":"xpath","value":"//*[@id=\"__xmlview58--addressTitle-arrow\"]"}
COMMAND: POST /session/9e5aab771e60128f16b96e5208a746bd/elements - {"using":"xpath","value":"//*[@id=\"__xmlview58--addressTitle-arrow\"]"}
RESULT: {"using":"xpath","value":"//*[@id=\"__xmlview58--addressTitle-arrow\"]"}
COMMAND: POST /session/9e5aab771e60128f16b96e5208a746bd/elements - {"using":"xpath","value":"//*[@id=\"__xmlview58--addressTitle-arrow\"]"}
RESULT: {"using":"xpath","value":"//*[@id=\"__xmlview58--addressTitle-arrow\"]"}
COMMAND: POST /session/9e5aab771e60128f16b96e5208a746bd/elements - {"using":"xpath","value":"//*[@id=\"__xmlview58--addressTitle-arrow\"]"}
RESULT: {"using":"xpath","value":"//*[@id=\"__xmlview58--addressTitle-arrow\"]"}
COMMAND: POST /session/9e5aab771e60128f16b96e5208a746bd/elements - {"using":"xpath","value":"//*[@id=\"__xmlview58--addressTitle-arrow\"]"}
RESULT: {"using":"xpath","value":"//*[@id=\"__xmlview58--addressTitle-arrow\"]"}
COMMAND: POST /session/9e5aab771e60128f16b96e5208a746bd/elements - {"using":"xpath","value":"//*[@id=\"__xmlview58--addressTitle-arrow\"]"}
RESULT: {"using":"xpath","value":"//*[@id=\"__xmlview58--addressTitle-arrow\"]"}
COMMAND: POST /session/9e5aab771e60128f16b96e5208a746bd/elements - {"using":"xpath","value":"//*[@id=\"__xmlview58--addressTitle-arrow\"]"}
RESULT: {"using":"xpath","value":"//*[@id=\"__xmlview58--addressTitle-arrow\"]"}
COMMAND: POST /session/9e5aab771e60128f16b96e5208a746bd/elements - {"using":"xpath","value":"//*[@id=\"__xmlview58--addressTitle-arrow\"]"}
RESULT: {"using":"xpath","value":"//*[@id=\"__xmlview58--addressTitle-arrow\"]"}
COMMAND: POST /session/9e5aab771e60128f16b96e5208a746bd/elements - {"using":"xpath","value":"//*[@id=\"__xmlview58--addressTitle-arrow\"]"}
RESULT: {"using":"xpath","value":"//*[@id=\"__xmlview58--addressTitle-arrow\"]"}
COMMAND: POST /session/9e5aab771e60128f16b96e5208a746bd/elements - {"using":"xpath","value":"//*[@id=\"__xmlview58--addressTitle-arrow\"]"}
RESULT: {"using":"xpath","value":"//*[@id=\"__xmlview58--addressTitle-arrow\"]"}
COMMAND: POST /session/9e5aab771e60128f16b96e5208a746bd/elements - {"using":"xpath","value":"//*[@id=\"__xmlview58--addressTitle-arrow\"]"}
RESULT: {"using":"xpath","value":"//*[@id=\"__xmlview58--addressTitle-arrow\"]"}
COMMAND: POST /session/9e5aab771e60128f16b96e5208a746bd/element - {"using":"xpath","value":"//li[.//span[text()=\"Dr.\"]]"}
RESULT: {"using":"xpath","value":"//li[.//span[text()=\"Dr.\"]]"}
COMMAND: POST /session/9e5aab771e60128f16b96e5208a746bd/elements - {"using":"xpath","value":"//li[.//span[text()=\"Dr.\"]]"}
RESULT: {"using":"xpath","value":"//li[.//span[text()=\"Dr.\"]]"}
COMMAND: POST /session/9e5aab771e60128f16b96e5208a746bd/elements - {"using":"xpath","value":"//li[.//span[text()=\"Dr.\"]]"}
RESULT: {"using":"xpath","value":"//li[.//span[text()=\"Dr.\"]]"}
COMMAND: POST /session/9e5aab771e60128f16b96e5208a746bd/elements - {"using":"xpath","value":"//li[.//span[text()=\"Dr.\"]]"}
RESULT: {"using":"xpath","value":"//li[.//span[text()=\"Dr.\"]]"}
COMMAND: POST /session/9e5aab771e60128f16b96e5208a746bd/elements - {"using":"xpath","value":"//li[.//span[text()=\"Dr.\"]]"}
RESULT: {"using":"xpath","value":"//li[.//span[text()=\"Dr.\"]]"}
COMMAND: POST /session/9e5aab771e60128f16b96e5208a746bd/elements - {"using":"xpath","value":"//li[.//span[text()=\"Dr.\"]]"}
RESULT: {"using":"xpath","value":"//li[.//span[text()=\"Dr.\"]]"}
COMMAND: POST /session/9e5aab771e60128f16b96e5208a746bd/elements - {"using":"xpath","value":"//li[.//span[text()=\"Dr.\"]]"}
RESULT: {"using":"xpath","value":"//li[.//span[text()=\"Dr.\"]]"}
COMMAND: POST /session/9e5aab771e60128f16b96e5208a746bd/elements - {"using":"xpath","value":"//li[.//span[text()=\"Dr.\"]]"}
RESULT: {"using":"xpath","value":"//li[.//span[text()=\"Dr.\"]]"}
COMMAND: POST /session/9e5aab771e60128f16b96e5208a746bd/elements - {"using":"xpath","value":"//li[.//span[text()=\"Dr.\"]]"}
RESULT: {"using":"xpath","value":"//li[.//span[text()=\"Dr.\"]]"}
COMMAND: POST /session/9e5aab771e60128f16b96e5208a746bd/elements - {"using":"xpath","value":"//li[.//span[text()=\"Dr.\"]]"}
RESULT: {"using":"xpath","value":"//li[.//span[text()=\"Dr.\"]]"}
COMMAND: POST /session/9e5aab771e60128f16b96e5208a746bd/elements - {"using":"xpath","value":"//li[.//span[text()=\"Dr.\"]]"}
RESULT: {"using":"xpath","value":"//li[.//span[text()=\"Dr.\"]]"}
COMMAND: POST /session/9e5aab771e60128f16b96e5208a746bd/elements - {"using":"xpath","value":"//li[.//span[text()=\"Dr.\"]]"}
RESULT: {"using":"xpath","value":"//li[.//span[text()=\"Dr.\"]]"}
COMMAND: POST /session/9e5aab771e60128f16b96e5208a746bd/elements - {"using":"xpath","value":"//li[.//span[text()=\"Dr.\"]]"}
RESULT: {"using":"xpath","value":"//li[.//span[text()=\"Dr.\"]]"}
COMMAND: POST /session/9e5aab771e60128f16b96e5208a746bd/elements - {"using":"xpath","value":"//li[.//span[text()=\"Dr.\"]]"}
RESULT: {"using":"xpath","value":"//li[.//span[text()=\"Dr.\"]]"}
COMMAND: POST /session/9e5aab771e60128f16b96e5208a746bd/elements - {"using":"xpath","value":"//li[.//span[text()=\"Dr.\"]]"}
RESULT: {"using":"xpath","value":"//li[.//span[text()=\"Dr.\"]]"}
COMMAND: POST /session/9e5aab771e60128f16b96e5208a746bd/elements - {"using":"xpath","value":"//li[.//span[text()=\"Dr.\"]]"}
RESULT: {"using":"xpath","value":"//li[.//span[text()=\"Dr.\"]]"}
COMMAND: POST /session/9e5aab771e60128f16b96e5208a746bd/elements - {"using":"xpath","value":"//li[.//span[text()=\"Dr.\"]]"}
RESULT: {"using":"xpath","value":"//li[.//span[text()=\"Dr.\"]]"}
COMMAND: POST /session/9e5aab771e60128f16b96e5208a746bd/elements - {"using":"xpath","value":"//li[.//span[text()=\"Dr.\"]]"}
RESULT: {"using":"xpath","value":"//li[.//span[text()=\"Dr.\"]]"}
COMMAND: POST /session/9e5aab771e60128f16b96e5208a746bd/elements - {"using":"xpath","value":"//li[.//span[text()=\"Dr.\"]]"}
RESULT: {"using":"xpath","value":"//li[.//span[text()=\"Dr.\"]]"}
COMMAND: POST /session/9e5aab771e60128f16b96e5208a746bd/elements - {"using":"xpath","value":"//li[.//span[text()=\"Dr.\"]]"}
RESULT: {"using":"xpath","value":"//li[.//span[text()=\"Dr.\"]]"}
COMMAND: POST /session/9e5aab771e60128f16b96e5208a746bd/elements - {"using":"xpath","value":"//li[.//span[text()=\"Dr.\"]]"}
RESULT: {"using":"xpath","value":"//li[.//span[text()=\"Dr.\"]]"}
COMMAND: POST /session/9e5aab771e60128f16b96e5208a746bd/elements - {"using":"xpath","value":"//li[.//span[text()=\"Dr.\"]]"}
RESULT: {"using":"xpath","value":"//li[.//span[text()=\"Dr.\"]]"}
COMMAND: POST /session/9e5aab771e60128f16b96e5208a746bd/elements - {"using":"xpath","value":"//li[.//span[text()=\"Dr.\"]]"}
RESULT: {"using":"xpath","value":"//li[.//span[text()=\"Dr.\"]]"}
COMMAND: POST /session/9e5aab771e60128f16b96e5208a746bd/elements - {"using":"xpath","value":"//li[.//span[text()=\"Dr.\"]]"}
RESULT: {"using":"xpath","value":"//li[.//span[text()=\"Dr.\"]]"}
COMMAND: POST /session/9e5aab771e60128f16b96e5208a746bd/elements - {"using":"xpath","value":"//li[.//span[text()=\"Dr.\"]]"}
RESULT: {"using":"xpath","value":"//li[.//span[text()=\"Dr.\"]]"}
COMMAND: POST /session/9e5aab771e60128f16b96e5208a746bd/elements - {"using":"xpath","value":"//li[.//span[text()=\"Dr.\"]]"}
RESULT: {"using":"xpath","value":"//li[.//span[text()=\"Dr.\"]]"}
COMMAND: POST /session/9e5aab771e60128f16b96e5208a746bd/elements - {"using":"xpath","value":"//li[.//span[text()=\"Dr.\"]]"}
RESULT: {"using":"xpath","value":"//li[.//span[text()=\"Dr.\"]]"}
COMMAND: POST /session/9e5aab771e60128f16b96e5208a746bd/elements - {"using":"xpath","value":"//li[.//span[text()=\"Dr.\"]]"}
RESULT: {"using":"xpath","value":"//li[.//span[text()=\"Dr.\"]]"}
COMMAND: POST /session/9e5aab771e60128f16b96e5208a746bd/elements - {"using":"xpath","value":"//li[.//span[text()=\"Dr.\"]]"}
RESULT: {"using":"xpath","value":"//li[.//span[text()=\"Dr.\"]]"}
COMMAND: POST /session/9e5aab771e60128f16b96e5208a746bd/elements - {"using":"xpath","value":"//li[.//span[text()=\"Dr.\"]]"}
RESULT: {"using":"xpath","value":"//li[.//span[text()=\"Dr.\"]]"}
COMMAND: POST /session/9e5aab771e60128f16b96e5208a746bd/elements - {"using":"xpath","value":"//li[.//span[text()=\"Dr.\"]]"}
RESULT: {"using":"xpath","value":"//li[.//span[text()=\"Dr.\"]]"}
COMMAND: POST /session/9e5aab771e60128f16b96e5208a746bd/elements - {"using":"xpath","value":"//li[.//span[text()=\"Dr.\"]]"}
RESULT: {"using":"xpath","value":"//li[.//span[text()=\"Dr.\"]]"}
COMMAND: POST /session/9e5aab771e60128f16b96e5208a746bd/elements - {"using":"xpath","value":"//li[.//span[text()=\"Dr.\"]]"}
RESULT: {"using":"xpath","value":"//li[.//span[text()=\"Dr.\"]]"}
COMMAND: POST /session/9e5aab771e60128f16b96e5208a746bd/elements - {"using":"xpath","value":"//li[.//span[text()=\"Dr.\"]]"}
RESULT: {"using":"xpath","value":"//li[.//span[text()=\"Dr.\"]]"}
COMMAND: POST /session/9e5aab771e60128f16b96e5208a746bd/elements - {"using":"xpath","value":"//li[.//span[text()=\"Dr.\"]]"}
RESULT: {"using":"xpath","value":"//li[.//span[text()=\"Dr.\"]]"}
COMMAND: POST /session/9e5aab771e60128f16b96e5208a746bd/elements - {"using":"xpath","value":"//li[.//span[text()=\"Dr.\"]]"}
RESULT: {"using":"xpath","value":"//li[.//span[text()=\"Dr.\"]]"}
COMMAND: POST /session/9e5aab771e60128f16b96e5208a746bd/elements - {"using":"xpath","value":"//li[.//span[text()=\"Dr.\"]]"}
RESULT: {"using":"xpath","value":"//li[.//span[text()=\"Dr.\"]]"}
COMMAND: POST /session/9e5aab771e60128f16b96e5208a746bd/elements - {"using":"xpath","value":"//li[.//span[text()=\"Dr.\"]]"}
RESULT: {"using":"xpath","value":"//li[.//span[text()=\"Dr.\"]]"}
COMMAND: POST /session/9e5aab771e60128f16b96e5208a746bd/elements - {"using":"xpath","value":"//li[.//span[text()=\"Dr.\"]]"}
RESULT: {"using":"xpath","value":"//li[.//span[text()=\"Dr.\"]]"}
COMMAND: POST /session/9e5aab771e60128f16b96e5208a746bd/elements - {"using":"xpath","value":"//li[.//span[text()=\"Dr.\"]]"}
RESULT: {"using":"xpath","value":"//li[.//span[text()=\"Dr.\"]]"}
COMMAND: POST /session/9e5aab771e60128f16b96e5208a746bd/elements - {"using":"xpath","value":"//li[.//span[text()=\"Dr.\"]]"}
RESULT: {"using":"xpath","value":"//li[.//span[text()=\"Dr.\"]]"}
COMMAND: POST /session/9e5aab771e60128f16b96e5208a746bd/elements - {"using":"xpath","value":"//li[.//span[text()=\"Dr.\"]]"}
RESULT: {"using":"xpath","value":"//li[.//span[text()=\"Dr.\"]]"}
COMMAND: POST /session/9e5aab771e60128f16b96e5208a746bd/elements - {"using":"xpath","value":"//li[.//span[text()=\"Dr.\"]]"}
RESULT: {"using":"xpath","value":"//li[.//span[text()=\"Dr.\"]]"}
COMMAND: POST /session/9e5aab771e60128f16b96e5208a746bd/elements - {"using":"xpath","value":"//li[.//span[text()=\"Dr.\"]]"}
RESULT: {"using":"xpath","value":"//li[.//span[text()=\"Dr.\"]]"}
COMMAND: POST /session/9e5aab771e60128f16b96e5208a746bd/elements - {"using":"xpath","value":"//li[.//span[text()=\"Dr.\"]]"}
RESULT: {"using":"xpath","value":"//li[.//span[text()=\"Dr.\"]]"}
COMMAND: POST /session/9e5aab771e60128f16b96e5208a746bd/elements - {"using":"xpath","value":"//li[.//span[text()=\"Dr.\"]]"}
RESULT: {"using":"xpath","value":"//li[.//span[text()=\"Dr.\"]]"}
COMMAND: POST /session/9e5aab771e60128f16b96e5208a746bd/elements - {"using":"xpath","value":"//li[.//span[text()=\"Dr.\"]]"}
RESULT: {"using":"xpath","value":"//li[.//span[text()=\"Dr.\"]]"}
COMMAND: POST /session/9e5aab771e60128f16b96e5208a746bd/elements - {"using":"xpath","value":"//li[.//span[text()=\"Dr.\"]]"}
RESULT: {"using":"xpath","value":"//li[.//span[text()=\"Dr.\"]]"}
COMMAND: POST /session/9e5aab771e60128f16b96e5208a746bd/elements - {"using":"xpath","value":"//li[.//span[text()=\"Dr.\"]]"}
RESULT: {"using":"xpath","value":"//li[.//span[text()=\"Dr.\"]]"}
COMMAND: POST /session/9e5aab771e60128f16b96e5208a746bd/elements - {"using":"xpath","value":"//li[.//span[text()=\"Dr.\"]]"}
RESULT: {"using":"xpath","value":"//li[.//span[text()=\"Dr.\"]]"}
COMMAND: POST /session/9e5aab771e60128f16b96e5208a746bd/elements - {"using":"xpath","value":"//li[.//span[text()=\"Dr.\"]]"}
RESULT: {"using":"xpath","value":"//li[.//span[text()=\"Dr.\"]]"}
COMMAND: POST /session/9e5aab771e60128f16b96e5208a746bd/elements - {"using":"xpath","value":"//li[.//span[text()=\"Dr.\"]]"}
RESULT: {"using":"xpath","value":"//li[.//span[text()=\"Dr.\"]]"}
COMMAND: POST /session/9e5aab771e60128f16b96e5208a746bd/elements - {"using":"xpath","value":"//li[.//span[text()=\"Dr.\"]]"}
RESULT: {"using":"xpath","value":"//li[.//span[text()=\"Dr.\"]]"}
COMMAND: POST /session/9e5aab771e60128f16b96e5208a746bd/elements - {"using":"xpath","value":"//li[.//span[text()=\"Dr.\"]]"}
RESULT: {"using":"xpath","value":"//li[.//span[text()=\"Dr.\"]]"}
COMMAND: POST /session/9e5aab771e60128f16b96e5208a746bd/elements - {"using":"xpath","value":"//li[.//span[text()=\"Dr.\"]]"}
RESULT: {"using":"xpath","value":"//li[.//span[text()=\"Dr.\"]]"}
COMMAND: POST /session/9e5aab771e60128f16b96e5208a746bd/elements - {"using":"xpath","value":"//li[.//span[text()=\"Dr.\"]]"}
RESULT: {"using":"xpath","value":"//li[.//span[text()=\"Dr.\"]]"}
COMMAND: POST /session/9e5aab771e60128f16b96e5208a746bd/elements - {"using":"xpath","value":"//li[.//span[text()=\"Dr.\"]]"}
RESULT: {"using":"xpath","value":"//li[.//span[text()=\"Dr.\"]]"}
COMMAND: POST /session/9e5aab771e60128f16b96e5208a746bd/elements - {"using":"xpath","value":"//li[.//span[text()=\"Dr.\"]]"}
RESULT: {"using":"xpath","value":"//li[.//span[text()=\"Dr.\"]]"}
COMMAND: POST /session/9e5aab771e60128f16b96e5208a746bd/elements - {"using":"xpath","value":"//li[.//span[text()=\"Dr.\"]]"}
RESULT: {"using":"xpath","value":"//li[.//span[text()=\"Dr.\"]]"}
COMMAND: POST /session/9e5aab771e60128f16b96e5208a746bd/elements - {"using":"xpath","value":"//li[.//span[text()=\"Dr.\"]]"}
RESULT: {"using":"xpath","value":"//li[.//span[text()=\"Dr.\"]]"}
COMMAND: POST /session/9e5aab771e60128f16b96e5208a746bd/elements - {"using":"xpath","value":"//li[.//span[text()=\"Dr.\"]]"}
RESULT: {"using":"xpath","value":"//li[.//span[text()=\"Dr.\"]]"}
COMMAND: POST /session/9e5aab771e60128f16b96e5208a746bd/elements - {"using":"xpath","value":"//li[.//span[text()=\"Dr.\"]]"}
RESULT: {"using":"xpath","value":"//li[.//span[text()=\"Dr.\"]]"}
COMMAND: POST /session/9e5aab771e60128f16b96e5208a746bd/elements - {"using":"xpath","value":"//li[.//span[text()=\"Dr.\"]]"}
RESULT: {"using":"xpath","value":"//li[.//span[text()=\"Dr.\"]]"}
COMMAND: POST /session/9e5aab771e60128f16b96e5208a746bd/elements - {"using":"xpath","value":"//li[.//span[text()=\"Dr.\"]]"}
RESULT: {"using":"xpath","value":"//li[.//span[text()=\"Dr.\"]]"}
COMMAND: POST /session/9e5aab771e60128f16b96e5208a746bd/elements - {"using":"xpath","value":"//li[.//span[text()=\"Dr.\"]]"}
RESULT: {"using":"xpath","value":"//li[.//span[text()=\"Dr.\"]]"}
COMMAND: POST /session/9e5aab771e60128f16b96e5208a746bd/elements - {"using":"xpath","value":"//li[.//span[text()=\"Dr.\"]]"}
RESULT: {"using":"xpath","value":"//li[.//span[text()=\"Dr.\"]]"}
COMMAND: POST /session/9e5aab771e60128f16b96e5208a746bd/elements - {"using":"xpath","value":"//li[.//span[text()=\"Dr.\"]]"}
RESULT: {"using":"xpath","value":"//li[.//span[text()=\"Dr.\"]]"}
COMMAND: POST /session/9e5aab771e60128f16b96e5208a746bd/elements - {"using":"xpath","value":"//li[.//span[text()=\"Dr.\"]]"}
RESULT: {"using":"xpath","value":"//li[.//span[text()=\"Dr.\"]]"}
COMMAND: POST /session/9e5aab771e60128f16b96e5208a746bd/elements - {"using":"xpath","value":"//li[.//span[text()=\"Dr.\"]]"}
RESULT: {"using":"xpath","value":"//li[.//span[text()=\"Dr.\"]]"}
COMMAND: POST /session/9e5aab771e60128f16b96e5208a746bd/elements - {"using":"xpath","value":"//li[.//span[text()=\"Dr.\"]]"}
RESULT: {"using":"xpath","value":"//li[.//span[text()=\"Dr.\"]]"}
COMMAND: POST /session/9e5aab771e60128f16b96e5208a746bd/elements - {"using":"xpath","value":"//li[.//span[text()=\"Dr.\"]]"}
RESULT: {"using":"xpath","value":"//li[.//span[text()=\"Dr.\"]]"}
COMMAND: POST /session/9e5aab771e60128f16b96e5208a746bd/elements - {"using":"xpath","value":"//li[.//span[text()=\"Dr.\"]]"}
RESULT: {"using":"xpath","value":"//li[.//span[text()=\"Dr.\"]]"}
COMMAND: POST /session/9e5aab771e60128f16b96e5208a746bd/elements - {"using":"xpath","value":"//li[.//span[text()=\"Dr.\"]]"}
RESULT: {"using":"xpath","value":"//li[.//span[text()=\"Dr.\"]]"}
COMMAND: POST /session/9e5aab771e60128f16b96e5208a746bd/elements - {"using":"xpath","value":"//li[.//span[text()=\"Dr.\"]]"}
RESULT: {"using":"xpath","value":"//li[.//span[text()=\"Dr.\"]]"}
COMMAND: POST /session/9e5aab771e60128f16b96e5208a746bd/elements - {"using":"xpath","value":"//li[.//span[text()=\"Dr.\"]]"}
RESULT: {"using":"xpath","value":"//li[.//span[text()=\"Dr.\"]]"}
COMMAND: POST /session/9e5aab771e60128f16b96e5208a746bd/elements - {"using":"xpath","value":"//li[.//span[text()=\"Dr.\"]]"}
RESULT: {"using":"xpath","value":"//li[.//span[text()=\"Dr.\"]]"}
COMMAND: POST /session/9e5aab771e60128f16b96e5208a746bd/elements - {"using":"xpath","value":"//li[.//span[text()=\"Dr.\"]]"}
RESULT: {"using":"xpath","value":"//li[.//span[text()=\"Dr.\"]]"}
COMMAND: POST /session/9e5aab771e60128f16b96e5208a746bd/elements - {"using":"xpath","value":"//li[.//span[text()=\"Dr.\"]]"}
RESULT: {"using":"xpath","value":"//li[.//span[text()=\"Dr.\"]]"}
COMMAND: POST /session/9e5aab771e60128f16b96e5208a746bd/elements - {"using":"xpath","value":"//li[.//span[text()=\"Dr.\"]]"}
RESULT: {"using":"xpath","value":"//li[.//span[text()=\"Dr.\"]]"}
COMMAND: POST /session/9e5aab771e60128f16b96e5208a746bd/elements - {"using":"xpath","value":"//li[.//span[text()=\"Dr.\"]]"}
RESULT: {"using":"xpath","value":"//li[.//span[text()=\"Dr.\"]]"}
COMMAND: POST /session/9e5aab771e60128f16b96e5208a746bd/elements - {"using":"xpath","value":"//li[.//span[text()=\"Dr.\"]]"}
RESULT: {"using":"xpath","value":"//li[.//span[text()=\"Dr.\"]]"}
COMMAND: POST /session/9e5aab771e60128f16b96e5208a746bd/elements - {"using":"xpath","value":"//li[.//span[text()=\"Dr.\"]]"}
RESULT: {"using":"xpath","value":"//li[.//span[text()=\"Dr.\"]]"}
COMMAND: POST /session/9e5aab771e60128f16b96e5208a746bd/elements - {"using":"xpath","value":"//li[.//span[text()=\"Dr.\"]]"}
RESULT: {"using":"xpath","value":"//li[.//span[text()=\"Dr.\"]]"}
COMMAND: POST /session/9e5aab771e60128f16b96e5208a746bd/elements - {"using":"xpath","value":"//li[.//span[text()=\"Dr.\"]]"}
RESULT: {"using":"xpath","value":"//li[.//span[text()=\"Dr.\"]]"}
COMMAND: POST /session/9e5aab771e60128f16b96e5208a746bd/elements - {"using":"xpath","value":"//li[.//span[text()=\"Dr.\"]]"}
RESULT: {"using":"xpath","value":"//li[.//span[text()=\"Dr.\"]]"}
COMMAND: POST /session/9e5aab771e60128f16b96e5208a746bd/elements - {"using":"xpath","value":"//li[.//span[text()=\"Dr.\"]]"}
RESULT: {"using":"xpath","value":"//li[.//span[text()=\"Dr.\"]]"}
COMMAND: POST /session/9e5aab771e60128f16b96e5208a746bd/elements - {"using":"xpath","value":"//li[.//span[text()=\"Dr.\"]]"}
RESULT: {"using":"xpath","value":"//li[.//span[text()=\"Dr.\"]]"}
COMMAND: POST /session/9e5aab771e60128f16b96e5208a746bd/elements - {"using":"xpath","value":"//li[.//span[text()=\"Dr.\"]]"}
RESULT: {"using":"xpath","value":"//li[.//span[text()=\"Dr.\"]]"}
COMMAND: POST /session/9e5aab771e60128f16b96e5208a746bd/elements - {"using":"xpath","value":"//li[.//span[text()=\"Dr.\"]]"}
RESULT: {"using":"xpath","value":"//li[.//span[text()=\"Dr.\"]]"}
COMMAND: POST /session/9e5aab771e60128f16b96e5208a746bd/elements - {"using":"xpath","value":"//li[.//span[text()=\"Dr.\"]]"}
RESULT: {"using":"xpath","value":"//li[.//span[text()=\"Dr.\"]]"}
COMMAND: POST /session/9e5aab771e60128f16b96e5208a746bd/elements - {"using":"xpath","value":"//li[.//span[text()=\"Dr.\"]]"}
RESULT: {"using":"xpath","value":"//li[.//span[text()=\"Dr.\"]]"}
COMMAND: POST /session/9e5aab771e60128f16b96e5208a746bd/elements - {"using":"xpath","value":"//li[.//span[text()=\"Dr.\"]]"}
RESULT: {"using":"xpath","value":"//li[.//span[text()=\"Dr.\"]]"}
COMMAND: POST /session/9e5aab771e60128f16b96e5208a746bd/elements - {"using":"xpath","value":"//li[.//span[text()=\"Dr.\"]]"}
RESULT: {"using":"xpath","value":"//li[.//span[text()=\"Dr.\"]]"}
COMMAND: POST /session/9e5aab771e60128f16b96e5208a746bd/elements - {"using":"xpath","value":"//li[.//span[text()=\"Dr.\"]]"}
RESULT: {"using":"xpath","value":"//li[.//span[text()=\"Dr.\"]]"}
COMMAND: POST /session/9e5aab771e60128f16b96e5208a746bd/elements - {"using":"xpath","value":"//li[.//span[text()=\"Dr.\"]]"}
RESULT: {"using":"xpath","value":"//li[.//span[text()=\"Dr.\"]]"}
COMMAND: POST /session/9e5aab771e60128f16b96e5208a746bd/elements - {"using":"xpath","value":"//li[.//span[text()=\"Dr.\"]]"}
RESULT: {"using":"xpath","value":"//li[.//span[text()=\"Dr.\"]]"}
COMMAND: POST /session/9e5aab771e60128f16b96e5208a746bd/elements - {"using":"xpath","value":"//li[.//span[text()=\"Dr.\"]]"}
RESULT: {"using":"xpath","value":"//li[.//span[text()=\"Dr.\"]]"}
COMMAND: POST /session/9e5aab771e60128f16b96e5208a746bd/elements - {"using":"xpath","value":"//li[.//span[text()=\"Dr.\"]]"}
RESULT: {"using":"xpath","value":"//li[.//span[text()=\"Dr.\"]]"}
COMMAND: POST /session/9e5aab771e60128f16b96e5208a746bd/elements - {"using":"xpath","value":"//li[.//span[text()=\"Dr.\"]]"}
RESULT: {"using":"xpath","value":"//li[.//span[text()=\"Dr.\"]]"}
COMMAND: POST /session/9e5aab771e60128f16b96e5208a746bd/elements - {"using":"xpath","value":"//li[.//span[text()=\"Dr.\"]]"}
RESULT: {"using":"xpath","value":"//li[.//span[text()=\"Dr.\"]]"}
COMMAND: POST /session/9e5aab771e60128f16b96e5208a746bd/elements - {"using":"xpath","value":"//li[.//span[text()=\"Dr.\"]]"}
RESULT: {"using":"xpath","value":"//li[.//span[text()=\"Dr.\"]]"}
COMMAND: POST /session/9e5aab771e60128f16b96e5208a746bd/elements - {"using":"xpath","value":"//li[.//span[text()=\"Dr.\"]]"}
RESULT: {"using":"xpath","value":"//li[.//span[text()=\"Dr.\"]]"}
COMMAND: POST /session/9e5aab771e60128f16b96e5208a746bd/elements - {"using":"xpath","value":"//li[.//span[text()=\"Dr.\"]]"}
RESULT: {"using":"xpath","value":"//li[.//span[text()=\"Dr.\"]]"}
COMMAND: POST /session/9e5aab771e60128f16b96e5208a746bd/elements - {"using":"xpath","value":"//li[.//span[text()=\"Dr.\"]]"}
RESULT: {"using":"xpath","value":"//li[.//span[text()=\"Dr.\"]]"}
COMMAND: POST /session/9e5aab771e60128f16b96e5208a746bd/elements - {"using":"xpath","value":"//li[.//span[text()=\"Dr.\"]]"}
RESULT: {"using":"xpath","value":"//li[.//span[text()=\"Dr.\"]]"}
COMMAND: POST /session/9e5aab771e60128f16b96e5208a746bd/elements - {"using":"xpath","value":"//li[.//span[text()=\"Dr.\"]]"}
RESULT: {"using":"xpath","value":"//li[.//span[text()=\"Dr.\"]]"}
COMMAND: POST /session/9e5aab771e60128f16b96e5208a746bd/elements - {"using":"xpath","value":"//li[.//span[text()=\"Dr.\"]]"}
RESULT: {"using":"xpath","value":"//li[.//span[text()=\"Dr.\"]]"}
COMMAND: POST /session/9e5aab771e60128f16b96e5208a746bd/elements - {"using":"xpath","value":"//li[.//span[text()=\"Dr.\"]]"}
RESULT: {"using":"xpath","value":"//li[.//span[text()=\"Dr.\"]]"}
COMMAND: POST /session/9e5aab771e60128f16b96e5208a746bd/elements - {"using":"xpath","value":"//li[.//span[text()=\"Dr.\"]]"}
RESULT: {"using":"xpath","value":"//li[.//span[text()=\"Dr.\"]]"}
COMMAND: POST /session/9e5aab771e60128f16b96e5208a746bd/elements - {"using":"xpath","value":"//li[.//span[text()=\"Dr.\"]]"}
RESULT: {"using":"xpath","value":"//li[.//span[text()=\"Dr.\"]]"}
COMMAND: POST /session/9e5aab771e60128f16b96e5208a746bd/elements - {"using":"xpath","value":"//li[.//span[text()=\"Dr.\"]]"}
RESULT: {"using":"xpath","value":"//li[.//span[text()=\"Dr.\"]]"}
COMMAND: POST /session/9e5aab771e60128f16b96e5208a746bd/elements - {"using":"xpath","value":"//li[.//span[text()=\"Dr.\"]]"}
RESULT: {"using":"xpath","value":"//li[.//span[text()=\"Dr.\"]]"}
COMMAND: POST /session/9e5aab771e60128f16b96e5208a746bd/elements - {"using":"xpath","value":"//li[.//span[text()=\"Dr.\"]]"}
RESULT: {"using":"xpath","value":"//li[.//span[text()=\"Dr.\"]]"}
COMMAND: POST /session/9e5aab771e60128f16b96e5208a746bd/elements - {"using":"xpath","value":"//li[.//span[text()=\"Dr.\"]]"}
RESULT: {"using":"xpath","value":"//li[.//span[text()=\"Dr.\"]]"}
COMMAND: POST /session/9e5aab771e60128f16b96e5208a746bd/elements - {"using":"xpath","value":"//li[.//span[text()=\"Dr.\"]]"}
RESULT: {"using":"xpath","value":"//li[.//span[text()=\"Dr.\"]]"}
COMMAND: POST /session/9e5aab771e60128f16b96e5208a746bd/elements - {"using":"xpath","value":"//li[.//span[text()=\"Dr.\"]]"}
RESULT: {"using":"xpath","value":"//li[.//span[text()=\"Dr.\"]]"}
COMMAND: POST /session/9e5aab771e60128f16b96e5208a746bd/elements - {"using":"xpath","value":"//li[.//span[text()=\"Dr.\"]]"}
RESULT: {"using":"xpath","value":"//li[.//span[text()=\"Dr.\"]]"}
COMMAND: POST /session/9e5aab771e60128f16b96e5208a746bd/elements - {"using":"xpath","value":"//li[.//span[text()=\"Dr.\"]]"}
RESULT: {"using":"xpath","value":"//li[.//span[text()=\"Dr.\"]]"}
COMMAND: POST /session/9e5aab771e60128f16b96e5208a746bd/elements - {"using":"xpath","value":"//li[.//span[text()=\"Dr.\"]]"}
RESULT: {"using":"xpath","value":"//li[.//span[text()=\"Dr.\"]]"}
COMMAND: POST /session/9e5aab771e60128f16b96e5208a746bd/elements - {"using":"xpath","value":"//li[.//span[text()=\"Dr.\"]]"}
RESULT: {"using":"xpath","value":"//li[.//span[text()=\"Dr.\"]]"}
COMMAND: POST /session/9e5aab771e60128f16b96e5208a746bd/elements - {"using":"xpath","value":"//li[.//span[text()=\"Dr.\"]]"}
RESULT: {"using":"xpath","value":"//li[.//span[text()=\"Dr.\"]]"}
COMMAND: POST /session/9e5aab771e60128f16b96e5208a746bd/elements - {"using":"xpath","value":"//li[.//span[text()=\"Dr.\"]]"}
COMMAND: GET /session/9e5aab771e60128f16b96e5208a746bd/screenshot - {}
RESULT: {"using":"xpath","value":"//li[.//span[text()=\"Dr.\"]]"}
RESULT: {}
]]></system-out>
      <system-err><![CDATA[
Error: Can't call click on element with selector "//li[.//span[text()="Dr."]]" because element wasn't found
    at async Context.<anonymous> (D:\a\1\s\test\specs\BTS\address-management.spec.js:803:13)
]]></system-err>
    </testcase>
    <testcase classname="chrome.136_0_7103_93.windows.Address_Management_Tests_US156181_US151165_US151160_US156180_US156178_US151157_US151172_US151170_US151166_US151168" name="Step 7 Should try to save empty address US151170 BUGGED FOR NOW" time="79.948">
      <failure/>
      <error message="Can't call click on element with selector &quot;(//span[contains(@id, &quot;imgNav&quot;)])[1]&quot; because element wasn't found"/>
      <system-out><![CDATA[
RESULT: undefined
COMMAND: POST /session/9e5aab771e60128f16b96e5208a746bd/element - {"using":"xpath","value":"//*[@id=\"__tile33\"]"}
COMMAND: GET /session/9e5aab771e60128f16b96e5208a746bd/screenshot - {}
RESULT: {"using":"xpath","value":"//*[@id=\"__tile33\"]"}
COMMAND: POST /session/9e5aab771e60128f16b96e5208a746bd/element/f.D9DF0156EB8BB5D0EDF68015944B7411.d.35139D6F2894E090FCBBC22B63BA49EA.e.223/click - {}
RESULT: {}
COMMAND: POST /session/9e5aab771e60128f16b96e5208a746bd/elements - {"using":"xpath","value":"//span[text()='Error']"}
RESULT: {"using":"xpath","value":"//span[text()='Error']"}
COMMAND: POST /session/9e5aab771e60128f16b96e5208a746bd/element - {"using":"xpath","value":"//button[@data-kt=\"addButton\"]"}
RESULT: {"using":"xpath","value":"//button[@data-kt=\"addButton\"]"}
COMMAND: POST /session/9e5aab771e60128f16b96e5208a746bd/elements - {"using":"xpath","value":"//button[@data-kt=\"addButton\"]"}
RESULT: {"using":"xpath","value":"//button[@data-kt=\"addButton\"]"}
COMMAND: POST /session/9e5aab771e60128f16b96e5208a746bd/execute/sync - {"script":"<script> [8489 bytes]","args":[{"element-6066-11e4-a52e-4f735466cecf":"f.D9DF0156EB8BB5D0EDF68015944B7411.d.35139D6F2894E090FCBBC22B63BA49EA.e.1470","ELEMENT":"f.D9DF0156EB8BB5D0EDF68015944B7411.d.35139D6F2894E090FCBBC22B63BA49EA.e.1470"}]}
RESULT: {"script":"<script> [8489 bytes]","args":[{"element-6066-11e4-a52e-4f735466cecf":"f.D9DF0156EB8BB5D0EDF68015944B7411.d.35139D6F2894E090FCBBC22B63BA49EA.e.1470","ELEMENT":"f.D9DF0156EB8BB5D0EDF68015944B7411.d.35139D6F2894E090FCBBC22B63BA49EA.e.1470"}]}
COMMAND: GET /session/9e5aab771e60128f16b96e5208a746bd/element/f.D9DF0156EB8BB5D0EDF68015944B7411.d.35139D6F2894E090FCBBC22B63BA49EA.e.1470/enabled - {}
COMMAND: GET /session/9e5aab771e60128f16b96e5208a746bd/screenshot - {}
RESULT: {}
COMMAND: POST /session/9e5aab771e60128f16b96e5208a746bd/execute/sync - {"script":"<script> [8489 bytes]","args":[{"element-6066-11e4-a52e-4f735466cecf":"f.D9DF0156EB8BB5D0EDF68015944B7411.d.35139D6F2894E090FCBBC22B63BA49EA.e.1470","ELEMENT":"f.D9DF0156EB8BB5D0EDF68015944B7411.d.35139D6F2894E090FCBBC22B63BA49EA.e.1470"}]}
COMMAND: GET /session/9e5aab771e60128f16b96e5208a746bd/screenshot - {}
RESULT: {}
RESULT: {"script":"<script> [8489 bytes]","args":[{"element-6066-11e4-a52e-4f735466cecf":"f.D9DF0156EB8BB5D0EDF68015944B7411.d.35139D6F2894E090FCBBC22B63BA49EA.e.1470","ELEMENT":"f.D9DF0156EB8BB5D0EDF68015944B7411.d.35139D6F2894E090FCBBC22B63BA49EA.e.1470"}]}
COMMAND: POST /session/9e5aab771e60128f16b96e5208a746bd/execute/sync - {"script":"<script> [5351 bytes]","args":[{"element-6066-11e4-a52e-4f735466cecf":"f.D9DF0156EB8BB5D0EDF68015944B7411.d.35139D6F2894E090FCBBC22B63BA49EA.e.1470","ELEMENT":"f.D9DF0156EB8BB5D0EDF68015944B7411.d.35139D6F2894E090FCBBC22B63BA49EA.e.1470"}]}
COMMAND: GET /session/9e5aab771e60128f16b96e5208a746bd/screenshot - {}
RESULT: {}
RESULT: {"script":"<script> [5351 bytes]","args":[{"element-6066-11e4-a52e-4f735466cecf":"f.D9DF0156EB8BB5D0EDF68015944B7411.d.35139D6F2894E090FCBBC22B63BA49EA.e.1470","ELEMENT":"f.D9DF0156EB8BB5D0EDF68015944B7411.d.35139D6F2894E090FCBBC22B63BA49EA.e.1470"}]}
COMMAND: GET /session/9e5aab771e60128f16b96e5208a746bd/screenshot - {}
RESULT: {}
RESULT: {}
RESULT: undefined
COMMAND: POST /session/9e5aab771e60128f16b96e5208a746bd/execute/async - {"script":"<script> [776 bytes]","args":[{"enterText":"Test1ETM","selector":{"id":"application-addressmanagement-display-component---masterAdm--smartFilterBar-btnBasicSearch","interaction":{"idSuffix":"I"}},"clearTextFirst":true,"interactionType":"ENTER_TEXT"}]}
RESULT: {"script":"<script> [776 bytes]","args":[{"enterText":"Test1ETM","selector":{"id":"application-addressmanagement-display-component---masterAdm--smartFilterBar-btnBasicSearch","interaction":{"idSuffix":"I"}},"clearTextFirst":true,"interactionType":"ENTER_TEXT"}]}
COMMAND: POST /session/9e5aab771e60128f16b96e5208a746bd/actions - {"actions":[{"id":"action11","type":"key","parameters":{},"actions":[{"type":"keyDown","value":""},{"type":"pause","duration":10},{"type":"keyUp","value":""}]}]}
RESULT: {"actions":[{"id":"action11","type":"key","parameters":{},"actions":[{"type":"keyDown","value":""},{"type":"pause","duration":10},{"type":"keyUp","value":""}]}]}
COMMAND: GET /session/9e5aab771e60128f16b96e5208a746bd/screenshot - {}
RESULT: {}
COMMAND: POST /session/9e5aab771e60128f16b96e5208a746bd/elements - {"using":"xpath","value":"//table[contains(@id, \"customPersonsAddressesTable-listUl\")]/tbody/tr"}
RESULT: {"using":"xpath","value":"//table[contains(@id, \"customPersonsAddressesTable-listUl\")]/tbody/tr"}
COMMAND: POST /session/9e5aab771e60128f16b96e5208a746bd/element - {"using":"xpath","value":"//table[contains(@id, \"customPersonsAddressesTable-listUl\")]/tbody/tr[1]/td[5]/span/span"}
RESULT: {"using":"xpath","value":"//table[contains(@id, \"customPersonsAddressesTable-listUl\")]/tbody/tr[1]/td[5]/span/span"}
COMMAND: POST /session/9e5aab771e60128f16b96e5208a746bd/element - {"using":"xpath","value":"//table[contains(@id, \"customPersonsAddressesTable-listUl\")]/tbody/tr[1]/td[3]/span"}
RESULT: {"using":"xpath","value":"//table[contains(@id, \"customPersonsAddressesTable-listUl\")]/tbody/tr[1]/td[3]/span"}
COMMAND: POST /session/9e5aab771e60128f16b96e5208a746bd/elements - {"using":"xpath","value":"//table[contains(@id, \"customPersonsAddressesTable-listUl\")]/tbody/tr[1]/td[5]/span/span"}
RESULT: {"using":"xpath","value":"//table[contains(@id, \"customPersonsAddressesTable-listUl\")]/tbody/tr[1]/td[5]/span/span"}
COMMAND: POST /session/9e5aab771e60128f16b96e5208a746bd/element - {"using":"xpath","value":"(//span[contains(@id, \"imgNav\")])[1]"}
RESULT: {"using":"xpath","value":"(//span[contains(@id, \"imgNav\")])[1]"}
COMMAND: POST /session/9e5aab771e60128f16b96e5208a746bd/elements - {"using":"xpath","value":"(//span[contains(@id, \"imgNav\")])[1]"}
RESULT: {"using":"xpath","value":"(//span[contains(@id, \"imgNav\")])[1]"}
COMMAND: POST /session/9e5aab771e60128f16b96e5208a746bd/elements - {"using":"xpath","value":"(//span[contains(@id, \"imgNav\")])[1]"}
RESULT: {"using":"xpath","value":"(//span[contains(@id, \"imgNav\")])[1]"}
COMMAND: POST /session/9e5aab771e60128f16b96e5208a746bd/elements - {"using":"xpath","value":"(//span[contains(@id, \"imgNav\")])[1]"}
RESULT: {"using":"xpath","value":"(//span[contains(@id, \"imgNav\")])[1]"}
COMMAND: POST /session/9e5aab771e60128f16b96e5208a746bd/elements - {"using":"xpath","value":"(//span[contains(@id, \"imgNav\")])[1]"}
RESULT: {"using":"xpath","value":"(//span[contains(@id, \"imgNav\")])[1]"}
COMMAND: POST /session/9e5aab771e60128f16b96e5208a746bd/elements - {"using":"xpath","value":"(//span[contains(@id, \"imgNav\")])[1]"}
RESULT: {"using":"xpath","value":"(//span[contains(@id, \"imgNav\")])[1]"}
COMMAND: POST /session/9e5aab771e60128f16b96e5208a746bd/elements - {"using":"xpath","value":"(//span[contains(@id, \"imgNav\")])[1]"}
RESULT: {"using":"xpath","value":"(//span[contains(@id, \"imgNav\")])[1]"}
COMMAND: POST /session/9e5aab771e60128f16b96e5208a746bd/elements - {"using":"xpath","value":"(//span[contains(@id, \"imgNav\")])[1]"}
RESULT: {"using":"xpath","value":"(//span[contains(@id, \"imgNav\")])[1]"}
COMMAND: POST /session/9e5aab771e60128f16b96e5208a746bd/elements - {"using":"xpath","value":"(//span[contains(@id, \"imgNav\")])[1]"}
RESULT: {"using":"xpath","value":"(//span[contains(@id, \"imgNav\")])[1]"}
COMMAND: POST /session/9e5aab771e60128f16b96e5208a746bd/elements - {"using":"xpath","value":"(//span[contains(@id, \"imgNav\")])[1]"}
RESULT: {"using":"xpath","value":"(//span[contains(@id, \"imgNav\")])[1]"}
COMMAND: POST /session/9e5aab771e60128f16b96e5208a746bd/elements - {"using":"xpath","value":"(//span[contains(@id, \"imgNav\")])[1]"}
RESULT: {"using":"xpath","value":"(//span[contains(@id, \"imgNav\")])[1]"}
COMMAND: POST /session/9e5aab771e60128f16b96e5208a746bd/elements - {"using":"xpath","value":"(//span[contains(@id, \"imgNav\")])[1]"}
RESULT: {"using":"xpath","value":"(//span[contains(@id, \"imgNav\")])[1]"}
COMMAND: POST /session/9e5aab771e60128f16b96e5208a746bd/elements - {"using":"xpath","value":"(//span[contains(@id, \"imgNav\")])[1]"}
RESULT: {"using":"xpath","value":"(//span[contains(@id, \"imgNav\")])[1]"}
COMMAND: POST /session/9e5aab771e60128f16b96e5208a746bd/elements - {"using":"xpath","value":"(//span[contains(@id, \"imgNav\")])[1]"}
RESULT: {"using":"xpath","value":"(//span[contains(@id, \"imgNav\")])[1]"}
COMMAND: POST /session/9e5aab771e60128f16b96e5208a746bd/elements - {"using":"xpath","value":"(//span[contains(@id, \"imgNav\")])[1]"}
RESULT: {"using":"xpath","value":"(//span[contains(@id, \"imgNav\")])[1]"}
COMMAND: POST /session/9e5aab771e60128f16b96e5208a746bd/elements - {"using":"xpath","value":"(//span[contains(@id, \"imgNav\")])[1]"}
RESULT: {"using":"xpath","value":"(//span[contains(@id, \"imgNav\")])[1]"}
COMMAND: POST /session/9e5aab771e60128f16b96e5208a746bd/elements - {"using":"xpath","value":"(//span[contains(@id, \"imgNav\")])[1]"}
RESULT: {"using":"xpath","value":"(//span[contains(@id, \"imgNav\")])[1]"}
COMMAND: POST /session/9e5aab771e60128f16b96e5208a746bd/elements - {"using":"xpath","value":"(//span[contains(@id, \"imgNav\")])[1]"}
RESULT: {"using":"xpath","value":"(//span[contains(@id, \"imgNav\")])[1]"}
COMMAND: POST /session/9e5aab771e60128f16b96e5208a746bd/elements - {"using":"xpath","value":"(//span[contains(@id, \"imgNav\")])[1]"}
RESULT: {"using":"xpath","value":"(//span[contains(@id, \"imgNav\")])[1]"}
COMMAND: POST /session/9e5aab771e60128f16b96e5208a746bd/elements - {"using":"xpath","value":"(//span[contains(@id, \"imgNav\")])[1]"}
RESULT: {"using":"xpath","value":"(//span[contains(@id, \"imgNav\")])[1]"}
COMMAND: POST /session/9e5aab771e60128f16b96e5208a746bd/elements - {"using":"xpath","value":"(//span[contains(@id, \"imgNav\")])[1]"}
RESULT: {"using":"xpath","value":"(//span[contains(@id, \"imgNav\")])[1]"}
COMMAND: POST /session/9e5aab771e60128f16b96e5208a746bd/elements - {"using":"xpath","value":"(//span[contains(@id, \"imgNav\")])[1]"}
RESULT: {"using":"xpath","value":"(//span[contains(@id, \"imgNav\")])[1]"}
COMMAND: POST /session/9e5aab771e60128f16b96e5208a746bd/elements - {"using":"xpath","value":"(//span[contains(@id, \"imgNav\")])[1]"}
RESULT: {"using":"xpath","value":"(//span[contains(@id, \"imgNav\")])[1]"}
COMMAND: POST /session/9e5aab771e60128f16b96e5208a746bd/elements - {"using":"xpath","value":"(//span[contains(@id, \"imgNav\")])[1]"}
RESULT: {"using":"xpath","value":"(//span[contains(@id, \"imgNav\")])[1]"}
COMMAND: POST /session/9e5aab771e60128f16b96e5208a746bd/elements - {"using":"xpath","value":"(//span[contains(@id, \"imgNav\")])[1]"}
RESULT: {"using":"xpath","value":"(//span[contains(@id, \"imgNav\")])[1]"}
COMMAND: POST /session/9e5aab771e60128f16b96e5208a746bd/elements - {"using":"xpath","value":"(//span[contains(@id, \"imgNav\")])[1]"}
RESULT: {"using":"xpath","value":"(//span[contains(@id, \"imgNav\")])[1]"}
COMMAND: POST /session/9e5aab771e60128f16b96e5208a746bd/elements - {"using":"xpath","value":"(//span[contains(@id, \"imgNav\")])[1]"}
RESULT: {"using":"xpath","value":"(//span[contains(@id, \"imgNav\")])[1]"}
COMMAND: POST /session/9e5aab771e60128f16b96e5208a746bd/elements - {"using":"xpath","value":"(//span[contains(@id, \"imgNav\")])[1]"}
RESULT: {"using":"xpath","value":"(//span[contains(@id, \"imgNav\")])[1]"}
COMMAND: POST /session/9e5aab771e60128f16b96e5208a746bd/elements - {"using":"xpath","value":"(//span[contains(@id, \"imgNav\")])[1]"}
RESULT: {"using":"xpath","value":"(//span[contains(@id, \"imgNav\")])[1]"}
COMMAND: POST /session/9e5aab771e60128f16b96e5208a746bd/elements - {"using":"xpath","value":"(//span[contains(@id, \"imgNav\")])[1]"}
RESULT: {"using":"xpath","value":"(//span[contains(@id, \"imgNav\")])[1]"}
COMMAND: POST /session/9e5aab771e60128f16b96e5208a746bd/elements - {"using":"xpath","value":"(//span[contains(@id, \"imgNav\")])[1]"}
RESULT: {"using":"xpath","value":"(//span[contains(@id, \"imgNav\")])[1]"}
COMMAND: POST /session/9e5aab771e60128f16b96e5208a746bd/elements - {"using":"xpath","value":"(//span[contains(@id, \"imgNav\")])[1]"}
RESULT: {"using":"xpath","value":"(//span[contains(@id, \"imgNav\")])[1]"}
COMMAND: POST /session/9e5aab771e60128f16b96e5208a746bd/elements - {"using":"xpath","value":"(//span[contains(@id, \"imgNav\")])[1]"}
RESULT: {"using":"xpath","value":"(//span[contains(@id, \"imgNav\")])[1]"}
COMMAND: POST /session/9e5aab771e60128f16b96e5208a746bd/elements - {"using":"xpath","value":"(//span[contains(@id, \"imgNav\")])[1]"}
RESULT: {"using":"xpath","value":"(//span[contains(@id, \"imgNav\")])[1]"}
COMMAND: POST /session/9e5aab771e60128f16b96e5208a746bd/elements - {"using":"xpath","value":"(//span[contains(@id, \"imgNav\")])[1]"}
RESULT: {"using":"xpath","value":"(//span[contains(@id, \"imgNav\")])[1]"}
COMMAND: POST /session/9e5aab771e60128f16b96e5208a746bd/elements - {"using":"xpath","value":"(//span[contains(@id, \"imgNav\")])[1]"}
RESULT: {"using":"xpath","value":"(//span[contains(@id, \"imgNav\")])[1]"}
COMMAND: POST /session/9e5aab771e60128f16b96e5208a746bd/elements - {"using":"xpath","value":"(//span[contains(@id, \"imgNav\")])[1]"}
RESULT: {"using":"xpath","value":"(//span[contains(@id, \"imgNav\")])[1]"}
COMMAND: POST /session/9e5aab771e60128f16b96e5208a746bd/elements - {"using":"xpath","value":"(//span[contains(@id, \"imgNav\")])[1]"}
RESULT: {"using":"xpath","value":"(//span[contains(@id, \"imgNav\")])[1]"}
COMMAND: POST /session/9e5aab771e60128f16b96e5208a746bd/elements - {"using":"xpath","value":"(//span[contains(@id, \"imgNav\")])[1]"}
RESULT: {"using":"xpath","value":"(//span[contains(@id, \"imgNav\")])[1]"}
COMMAND: POST /session/9e5aab771e60128f16b96e5208a746bd/elements - {"using":"xpath","value":"(//span[contains(@id, \"imgNav\")])[1]"}
RESULT: {"using":"xpath","value":"(//span[contains(@id, \"imgNav\")])[1]"}
COMMAND: POST /session/9e5aab771e60128f16b96e5208a746bd/elements - {"using":"xpath","value":"(//span[contains(@id, \"imgNav\")])[1]"}
RESULT: {"using":"xpath","value":"(//span[contains(@id, \"imgNav\")])[1]"}
COMMAND: POST /session/9e5aab771e60128f16b96e5208a746bd/elements - {"using":"xpath","value":"(//span[contains(@id, \"imgNav\")])[1]"}
RESULT: {"using":"xpath","value":"(//span[contains(@id, \"imgNav\")])[1]"}
COMMAND: POST /session/9e5aab771e60128f16b96e5208a746bd/elements - {"using":"xpath","value":"(//span[contains(@id, \"imgNav\")])[1]"}
RESULT: {"using":"xpath","value":"(//span[contains(@id, \"imgNav\")])[1]"}
COMMAND: POST /session/9e5aab771e60128f16b96e5208a746bd/elements - {"using":"xpath","value":"(//span[contains(@id, \"imgNav\")])[1]"}
RESULT: {"using":"xpath","value":"(//span[contains(@id, \"imgNav\")])[1]"}
COMMAND: POST /session/9e5aab771e60128f16b96e5208a746bd/elements - {"using":"xpath","value":"(//span[contains(@id, \"imgNav\")])[1]"}
RESULT: {"using":"xpath","value":"(//span[contains(@id, \"imgNav\")])[1]"}
COMMAND: POST /session/9e5aab771e60128f16b96e5208a746bd/elements - {"using":"xpath","value":"(//span[contains(@id, \"imgNav\")])[1]"}
RESULT: {"using":"xpath","value":"(//span[contains(@id, \"imgNav\")])[1]"}
COMMAND: POST /session/9e5aab771e60128f16b96e5208a746bd/elements - {"using":"xpath","value":"(//span[contains(@id, \"imgNav\")])[1]"}
RESULT: {"using":"xpath","value":"(//span[contains(@id, \"imgNav\")])[1]"}
COMMAND: POST /session/9e5aab771e60128f16b96e5208a746bd/elements - {"using":"xpath","value":"(//span[contains(@id, \"imgNav\")])[1]"}
RESULT: {"using":"xpath","value":"(//span[contains(@id, \"imgNav\")])[1]"}
COMMAND: POST /session/9e5aab771e60128f16b96e5208a746bd/elements - {"using":"xpath","value":"(//span[contains(@id, \"imgNav\")])[1]"}
RESULT: {"using":"xpath","value":"(//span[contains(@id, \"imgNav\")])[1]"}
COMMAND: POST /session/9e5aab771e60128f16b96e5208a746bd/elements - {"using":"xpath","value":"(//span[contains(@id, \"imgNav\")])[1]"}
RESULT: {"using":"xpath","value":"(//span[contains(@id, \"imgNav\")])[1]"}
COMMAND: POST /session/9e5aab771e60128f16b96e5208a746bd/elements - {"using":"xpath","value":"(//span[contains(@id, \"imgNav\")])[1]"}
RESULT: {"using":"xpath","value":"(//span[contains(@id, \"imgNav\")])[1]"}
COMMAND: POST /session/9e5aab771e60128f16b96e5208a746bd/elements - {"using":"xpath","value":"(//span[contains(@id, \"imgNav\")])[1]"}
RESULT: {"using":"xpath","value":"(//span[contains(@id, \"imgNav\")])[1]"}
COMMAND: POST /session/9e5aab771e60128f16b96e5208a746bd/elements - {"using":"xpath","value":"(//span[contains(@id, \"imgNav\")])[1]"}
RESULT: {"using":"xpath","value":"(//span[contains(@id, \"imgNav\")])[1]"}
COMMAND: POST /session/9e5aab771e60128f16b96e5208a746bd/elements - {"using":"xpath","value":"(//span[contains(@id, \"imgNav\")])[1]"}
RESULT: {"using":"xpath","value":"(//span[contains(@id, \"imgNav\")])[1]"}
COMMAND: POST /session/9e5aab771e60128f16b96e5208a746bd/elements - {"using":"xpath","value":"(//span[contains(@id, \"imgNav\")])[1]"}
RESULT: {"using":"xpath","value":"(//span[contains(@id, \"imgNav\")])[1]"}
COMMAND: POST /session/9e5aab771e60128f16b96e5208a746bd/elements - {"using":"xpath","value":"(//span[contains(@id, \"imgNav\")])[1]"}
RESULT: {"using":"xpath","value":"(//span[contains(@id, \"imgNav\")])[1]"}
COMMAND: POST /session/9e5aab771e60128f16b96e5208a746bd/elements - {"using":"xpath","value":"(//span[contains(@id, \"imgNav\")])[1]"}
RESULT: {"using":"xpath","value":"(//span[contains(@id, \"imgNav\")])[1]"}
COMMAND: POST /session/9e5aab771e60128f16b96e5208a746bd/elements - {"using":"xpath","value":"(//span[contains(@id, \"imgNav\")])[1]"}
RESULT: {"using":"xpath","value":"(//span[contains(@id, \"imgNav\")])[1]"}
COMMAND: POST /session/9e5aab771e60128f16b96e5208a746bd/elements - {"using":"xpath","value":"(//span[contains(@id, \"imgNav\")])[1]"}
RESULT: {"using":"xpath","value":"(//span[contains(@id, \"imgNav\")])[1]"}
COMMAND: POST /session/9e5aab771e60128f16b96e5208a746bd/elements - {"using":"xpath","value":"(//span[contains(@id, \"imgNav\")])[1]"}
RESULT: {"using":"xpath","value":"(//span[contains(@id, \"imgNav\")])[1]"}
COMMAND: POST /session/9e5aab771e60128f16b96e5208a746bd/elements - {"using":"xpath","value":"(//span[contains(@id, \"imgNav\")])[1]"}
RESULT: {"using":"xpath","value":"(//span[contains(@id, \"imgNav\")])[1]"}
COMMAND: POST /session/9e5aab771e60128f16b96e5208a746bd/elements - {"using":"xpath","value":"(//span[contains(@id, \"imgNav\")])[1]"}
RESULT: {"using":"xpath","value":"(//span[contains(@id, \"imgNav\")])[1]"}
COMMAND: POST /session/9e5aab771e60128f16b96e5208a746bd/elements - {"using":"xpath","value":"(//span[contains(@id, \"imgNav\")])[1]"}
RESULT: {"using":"xpath","value":"(//span[contains(@id, \"imgNav\")])[1]"}
COMMAND: POST /session/9e5aab771e60128f16b96e5208a746bd/elements - {"using":"xpath","value":"(//span[contains(@id, \"imgNav\")])[1]"}
RESULT: {"using":"xpath","value":"(//span[contains(@id, \"imgNav\")])[1]"}
COMMAND: POST /session/9e5aab771e60128f16b96e5208a746bd/elements - {"using":"xpath","value":"(//span[contains(@id, \"imgNav\")])[1]"}
RESULT: {"using":"xpath","value":"(//span[contains(@id, \"imgNav\")])[1]"}
COMMAND: POST /session/9e5aab771e60128f16b96e5208a746bd/elements - {"using":"xpath","value":"(//span[contains(@id, \"imgNav\")])[1]"}
RESULT: {"using":"xpath","value":"(//span[contains(@id, \"imgNav\")])[1]"}
COMMAND: POST /session/9e5aab771e60128f16b96e5208a746bd/elements - {"using":"xpath","value":"(//span[contains(@id, \"imgNav\")])[1]"}
RESULT: {"using":"xpath","value":"(//span[contains(@id, \"imgNav\")])[1]"}
COMMAND: POST /session/9e5aab771e60128f16b96e5208a746bd/elements - {"using":"xpath","value":"(//span[contains(@id, \"imgNav\")])[1]"}
RESULT: {"using":"xpath","value":"(//span[contains(@id, \"imgNav\")])[1]"}
COMMAND: POST /session/9e5aab771e60128f16b96e5208a746bd/elements - {"using":"xpath","value":"(//span[contains(@id, \"imgNav\")])[1]"}
RESULT: {"using":"xpath","value":"(//span[contains(@id, \"imgNav\")])[1]"}
COMMAND: POST /session/9e5aab771e60128f16b96e5208a746bd/elements - {"using":"xpath","value":"(//span[contains(@id, \"imgNav\")])[1]"}
RESULT: {"using":"xpath","value":"(//span[contains(@id, \"imgNav\")])[1]"}
COMMAND: POST /session/9e5aab771e60128f16b96e5208a746bd/elements - {"using":"xpath","value":"(//span[contains(@id, \"imgNav\")])[1]"}
RESULT: {"using":"xpath","value":"(//span[contains(@id, \"imgNav\")])[1]"}
COMMAND: POST /session/9e5aab771e60128f16b96e5208a746bd/elements - {"using":"xpath","value":"(//span[contains(@id, \"imgNav\")])[1]"}
RESULT: {"using":"xpath","value":"(//span[contains(@id, \"imgNav\")])[1]"}
COMMAND: POST /session/9e5aab771e60128f16b96e5208a746bd/elements - {"using":"xpath","value":"(//span[contains(@id, \"imgNav\")])[1]"}
RESULT: {"using":"xpath","value":"(//span[contains(@id, \"imgNav\")])[1]"}
COMMAND: POST /session/9e5aab771e60128f16b96e5208a746bd/elements - {"using":"xpath","value":"(//span[contains(@id, \"imgNav\")])[1]"}
RESULT: {"using":"xpath","value":"(//span[contains(@id, \"imgNav\")])[1]"}
COMMAND: POST /session/9e5aab771e60128f16b96e5208a746bd/elements - {"using":"xpath","value":"(//span[contains(@id, \"imgNav\")])[1]"}
RESULT: {"using":"xpath","value":"(//span[contains(@id, \"imgNav\")])[1]"}
COMMAND: POST /session/9e5aab771e60128f16b96e5208a746bd/elements - {"using":"xpath","value":"(//span[contains(@id, \"imgNav\")])[1]"}
RESULT: {"using":"xpath","value":"(//span[contains(@id, \"imgNav\")])[1]"}
COMMAND: POST /session/9e5aab771e60128f16b96e5208a746bd/elements - {"using":"xpath","value":"(//span[contains(@id, \"imgNav\")])[1]"}
RESULT: {"using":"xpath","value":"(//span[contains(@id, \"imgNav\")])[1]"}
COMMAND: POST /session/9e5aab771e60128f16b96e5208a746bd/elements - {"using":"xpath","value":"(//span[contains(@id, \"imgNav\")])[1]"}
RESULT: {"using":"xpath","value":"(//span[contains(@id, \"imgNav\")])[1]"}
COMMAND: POST /session/9e5aab771e60128f16b96e5208a746bd/elements - {"using":"xpath","value":"(//span[contains(@id, \"imgNav\")])[1]"}
RESULT: {"using":"xpath","value":"(//span[contains(@id, \"imgNav\")])[1]"}
COMMAND: POST /session/9e5aab771e60128f16b96e5208a746bd/elements - {"using":"xpath","value":"(//span[contains(@id, \"imgNav\")])[1]"}
RESULT: {"using":"xpath","value":"(//span[contains(@id, \"imgNav\")])[1]"}
COMMAND: POST /session/9e5aab771e60128f16b96e5208a746bd/elements - {"using":"xpath","value":"(//span[contains(@id, \"imgNav\")])[1]"}
RESULT: {"using":"xpath","value":"(//span[contains(@id, \"imgNav\")])[1]"}
COMMAND: POST /session/9e5aab771e60128f16b96e5208a746bd/elements - {"using":"xpath","value":"(//span[contains(@id, \"imgNav\")])[1]"}
RESULT: {"using":"xpath","value":"(//span[contains(@id, \"imgNav\")])[1]"}
COMMAND: POST /session/9e5aab771e60128f16b96e5208a746bd/elements - {"using":"xpath","value":"(//span[contains(@id, \"imgNav\")])[1]"}
RESULT: {"using":"xpath","value":"(//span[contains(@id, \"imgNav\")])[1]"}
COMMAND: POST /session/9e5aab771e60128f16b96e5208a746bd/elements - {"using":"xpath","value":"(//span[contains(@id, \"imgNav\")])[1]"}
RESULT: {"using":"xpath","value":"(//span[contains(@id, \"imgNav\")])[1]"}
COMMAND: POST /session/9e5aab771e60128f16b96e5208a746bd/elements - {"using":"xpath","value":"(//span[contains(@id, \"imgNav\")])[1]"}
RESULT: {"using":"xpath","value":"(//span[contains(@id, \"imgNav\")])[1]"}
COMMAND: POST /session/9e5aab771e60128f16b96e5208a746bd/elements - {"using":"xpath","value":"(//span[contains(@id, \"imgNav\")])[1]"}
RESULT: {"using":"xpath","value":"(//span[contains(@id, \"imgNav\")])[1]"}
COMMAND: POST /session/9e5aab771e60128f16b96e5208a746bd/elements - {"using":"xpath","value":"(//span[contains(@id, \"imgNav\")])[1]"}
RESULT: {"using":"xpath","value":"(//span[contains(@id, \"imgNav\")])[1]"}
COMMAND: POST /session/9e5aab771e60128f16b96e5208a746bd/elements - {"using":"xpath","value":"(//span[contains(@id, \"imgNav\")])[1]"}
RESULT: {"using":"xpath","value":"(//span[contains(@id, \"imgNav\")])[1]"}
COMMAND: POST /session/9e5aab771e60128f16b96e5208a746bd/elements - {"using":"xpath","value":"(//span[contains(@id, \"imgNav\")])[1]"}
RESULT: {"using":"xpath","value":"(//span[contains(@id, \"imgNav\")])[1]"}
COMMAND: POST /session/9e5aab771e60128f16b96e5208a746bd/elements - {"using":"xpath","value":"(//span[contains(@id, \"imgNav\")])[1]"}
RESULT: {"using":"xpath","value":"(//span[contains(@id, \"imgNav\")])[1]"}
COMMAND: POST /session/9e5aab771e60128f16b96e5208a746bd/elements - {"using":"xpath","value":"(//span[contains(@id, \"imgNav\")])[1]"}
RESULT: {"using":"xpath","value":"(//span[contains(@id, \"imgNav\")])[1]"}
COMMAND: POST /session/9e5aab771e60128f16b96e5208a746bd/elements - {"using":"xpath","value":"(//span[contains(@id, \"imgNav\")])[1]"}
RESULT: {"using":"xpath","value":"(//span[contains(@id, \"imgNav\")])[1]"}
COMMAND: POST /session/9e5aab771e60128f16b96e5208a746bd/elements - {"using":"xpath","value":"(//span[contains(@id, \"imgNav\")])[1]"}
RESULT: {"using":"xpath","value":"(//span[contains(@id, \"imgNav\")])[1]"}
COMMAND: POST /session/9e5aab771e60128f16b96e5208a746bd/elements - {"using":"xpath","value":"(//span[contains(@id, \"imgNav\")])[1]"}
RESULT: {"using":"xpath","value":"(//span[contains(@id, \"imgNav\")])[1]"}
COMMAND: POST /session/9e5aab771e60128f16b96e5208a746bd/elements - {"using":"xpath","value":"(//span[contains(@id, \"imgNav\")])[1]"}
RESULT: {"using":"xpath","value":"(//span[contains(@id, \"imgNav\")])[1]"}
COMMAND: POST /session/9e5aab771e60128f16b96e5208a746bd/elements - {"using":"xpath","value":"(//span[contains(@id, \"imgNav\")])[1]"}
RESULT: {"using":"xpath","value":"(//span[contains(@id, \"imgNav\")])[1]"}
COMMAND: POST /session/9e5aab771e60128f16b96e5208a746bd/elements - {"using":"xpath","value":"(//span[contains(@id, \"imgNav\")])[1]"}
RESULT: {"using":"xpath","value":"(//span[contains(@id, \"imgNav\")])[1]"}
COMMAND: POST /session/9e5aab771e60128f16b96e5208a746bd/elements - {"using":"xpath","value":"(//span[contains(@id, \"imgNav\")])[1]"}
RESULT: {"using":"xpath","value":"(//span[contains(@id, \"imgNav\")])[1]"}
COMMAND: POST /session/9e5aab771e60128f16b96e5208a746bd/elements - {"using":"xpath","value":"(//span[contains(@id, \"imgNav\")])[1]"}
RESULT: {"using":"xpath","value":"(//span[contains(@id, \"imgNav\")])[1]"}
COMMAND: POST /session/9e5aab771e60128f16b96e5208a746bd/elements - {"using":"xpath","value":"(//span[contains(@id, \"imgNav\")])[1]"}
RESULT: {"using":"xpath","value":"(//span[contains(@id, \"imgNav\")])[1]"}
COMMAND: POST /session/9e5aab771e60128f16b96e5208a746bd/elements - {"using":"xpath","value":"(//span[contains(@id, \"imgNav\")])[1]"}
RESULT: {"using":"xpath","value":"(//span[contains(@id, \"imgNav\")])[1]"}
COMMAND: POST /session/9e5aab771e60128f16b96e5208a746bd/elements - {"using":"xpath","value":"(//span[contains(@id, \"imgNav\")])[1]"}
RESULT: {"using":"xpath","value":"(//span[contains(@id, \"imgNav\")])[1]"}
COMMAND: POST /session/9e5aab771e60128f16b96e5208a746bd/elements - {"using":"xpath","value":"(//span[contains(@id, \"imgNav\")])[1]"}
RESULT: {"using":"xpath","value":"(//span[contains(@id, \"imgNav\")])[1]"}
COMMAND: POST /session/9e5aab771e60128f16b96e5208a746bd/elements - {"using":"xpath","value":"(//span[contains(@id, \"imgNav\")])[1]"}
RESULT: {"using":"xpath","value":"(//span[contains(@id, \"imgNav\")])[1]"}
COMMAND: POST /session/9e5aab771e60128f16b96e5208a746bd/elements - {"using":"xpath","value":"(//span[contains(@id, \"imgNav\")])[1]"}
RESULT: {"using":"xpath","value":"(//span[contains(@id, \"imgNav\")])[1]"}
COMMAND: POST /session/9e5aab771e60128f16b96e5208a746bd/elements - {"using":"xpath","value":"(//span[contains(@id, \"imgNav\")])[1]"}
RESULT: {"using":"xpath","value":"(//span[contains(@id, \"imgNav\")])[1]"}
COMMAND: POST /session/9e5aab771e60128f16b96e5208a746bd/elements - {"using":"xpath","value":"(//span[contains(@id, \"imgNav\")])[1]"}
RESULT: {"using":"xpath","value":"(//span[contains(@id, \"imgNav\")])[1]"}
COMMAND: POST /session/9e5aab771e60128f16b96e5208a746bd/elements - {"using":"xpath","value":"(//span[contains(@id, \"imgNav\")])[1]"}
RESULT: {"using":"xpath","value":"(//span[contains(@id, \"imgNav\")])[1]"}
COMMAND: POST /session/9e5aab771e60128f16b96e5208a746bd/elements - {"using":"xpath","value":"(//span[contains(@id, \"imgNav\")])[1]"}
RESULT: {"using":"xpath","value":"(//span[contains(@id, \"imgNav\")])[1]"}
COMMAND: POST /session/9e5aab771e60128f16b96e5208a746bd/elements - {"using":"xpath","value":"(//span[contains(@id, \"imgNav\")])[1]"}
RESULT: {"using":"xpath","value":"(//span[contains(@id, \"imgNav\")])[1]"}
COMMAND: POST /session/9e5aab771e60128f16b96e5208a746bd/elements - {"using":"xpath","value":"(//span[contains(@id, \"imgNav\")])[1]"}
RESULT: {"using":"xpath","value":"(//span[contains(@id, \"imgNav\")])[1]"}
COMMAND: POST /session/9e5aab771e60128f16b96e5208a746bd/elements - {"using":"xpath","value":"(//span[contains(@id, \"imgNav\")])[1]"}
RESULT: {"using":"xpath","value":"(//span[contains(@id, \"imgNav\")])[1]"}
COMMAND: POST /session/9e5aab771e60128f16b96e5208a746bd/elements - {"using":"xpath","value":"(//span[contains(@id, \"imgNav\")])[1]"}
RESULT: {"using":"xpath","value":"(//span[contains(@id, \"imgNav\")])[1]"}
COMMAND: POST /session/9e5aab771e60128f16b96e5208a746bd/elements - {"using":"xpath","value":"(//span[contains(@id, \"imgNav\")])[1]"}
RESULT: {"using":"xpath","value":"(//span[contains(@id, \"imgNav\")])[1]"}
COMMAND: POST /session/9e5aab771e60128f16b96e5208a746bd/elements - {"using":"xpath","value":"(//span[contains(@id, \"imgNav\")])[1]"}
RESULT: {"using":"xpath","value":"(//span[contains(@id, \"imgNav\")])[1]"}
COMMAND: POST /session/9e5aab771e60128f16b96e5208a746bd/elements - {"using":"xpath","value":"(//span[contains(@id, \"imgNav\")])[1]"}
RESULT: {"using":"xpath","value":"(//span[contains(@id, \"imgNav\")])[1]"}
COMMAND: POST /session/9e5aab771e60128f16b96e5208a746bd/elements - {"using":"xpath","value":"(//span[contains(@id, \"imgNav\")])[1]"}
RESULT: {"using":"xpath","value":"(//span[contains(@id, \"imgNav\")])[1]"}
COMMAND: POST /session/9e5aab771e60128f16b96e5208a746bd/elements - {"using":"xpath","value":"(//span[contains(@id, \"imgNav\")])[1]"}
RESULT: {"using":"xpath","value":"(//span[contains(@id, \"imgNav\")])[1]"}
COMMAND: POST /session/9e5aab771e60128f16b96e5208a746bd/elements - {"using":"xpath","value":"(//span[contains(@id, \"imgNav\")])[1]"}
RESULT: {"using":"xpath","value":"(//span[contains(@id, \"imgNav\")])[1]"}
COMMAND: POST /session/9e5aab771e60128f16b96e5208a746bd/elements - {"using":"xpath","value":"(//span[contains(@id, \"imgNav\")])[1]"}
RESULT: {"using":"xpath","value":"(//span[contains(@id, \"imgNav\")])[1]"}
COMMAND: POST /session/9e5aab771e60128f16b96e5208a746bd/elements - {"using":"xpath","value":"(//span[contains(@id, \"imgNav\")])[1]"}
RESULT: {"using":"xpath","value":"(//span[contains(@id, \"imgNav\")])[1]"}
COMMAND: GET /session/9e5aab771e60128f16b96e5208a746bd/screenshot - {}
RESULT: {}
]]></system-out>
      <system-err><![CDATA[
Error: Can't call click on element with selector "(//span[contains(@id, "imgNav")])[1]" because element wasn't found
    at async Context.<anonymous> (D:\a\1\s\test\specs\BTS\address-management.spec.js:986:9)
]]></system-err>
    </testcase>
    <testcase classname="chrome.136_0_7103_93.windows.Address_Management_Tests_US156181_US151165_US151160_US156180_US156178_US151157_US151172_US151170_US151166_US151168" name="Step 8 Should add an attachment to the created address US151166 BUGGED FOR NOW" time="79.937">
      <failure/>
      <error message="Can't call click on element with selector &quot;(//span[contains(@id, &quot;imgNav&quot;)])[0]&quot; because element wasn't found"/>
      <system-out><![CDATA[
RESULT: undefined
COMMAND: POST /session/9e5aab771e60128f16b96e5208a746bd/element - {"using":"xpath","value":"//*[@id=\"__tile33\"]"}
COMMAND: GET /session/9e5aab771e60128f16b96e5208a746bd/screenshot - {}
RESULT: {"using":"xpath","value":"//*[@id=\"__tile33\"]"}
COMMAND: POST /session/9e5aab771e60128f16b96e5208a746bd/element/f.D9DF0156EB8BB5D0EDF68015944B7411.d.35139D6F2894E090FCBBC22B63BA49EA.e.223/click - {}
RESULT: {}
COMMAND: POST /session/9e5aab771e60128f16b96e5208a746bd/elements - {"using":"xpath","value":"//span[text()='Error']"}
RESULT: {"using":"xpath","value":"//span[text()='Error']"}
COMMAND: POST /session/9e5aab771e60128f16b96e5208a746bd/element - {"using":"xpath","value":"//button[@data-kt=\"addButton\"]"}
RESULT: {"using":"xpath","value":"//button[@data-kt=\"addButton\"]"}
COMMAND: POST /session/9e5aab771e60128f16b96e5208a746bd/elements - {"using":"xpath","value":"//button[@data-kt=\"addButton\"]"}
RESULT: {"using":"xpath","value":"//button[@data-kt=\"addButton\"]"}
COMMAND: POST /session/9e5aab771e60128f16b96e5208a746bd/execute/sync - {"script":"<script> [8489 bytes]","args":[{"element-6066-11e4-a52e-4f735466cecf":"f.D9DF0156EB8BB5D0EDF68015944B7411.d.35139D6F2894E090FCBBC22B63BA49EA.e.1470","ELEMENT":"f.D9DF0156EB8BB5D0EDF68015944B7411.d.35139D6F2894E090FCBBC22B63BA49EA.e.1470"}]}
RESULT: {"script":"<script> [8489 bytes]","args":[{"element-6066-11e4-a52e-4f735466cecf":"f.D9DF0156EB8BB5D0EDF68015944B7411.d.35139D6F2894E090FCBBC22B63BA49EA.e.1470","ELEMENT":"f.D9DF0156EB8BB5D0EDF68015944B7411.d.35139D6F2894E090FCBBC22B63BA49EA.e.1470"}]}
COMMAND: GET /session/9e5aab771e60128f16b96e5208a746bd/element/f.D9DF0156EB8BB5D0EDF68015944B7411.d.35139D6F2894E090FCBBC22B63BA49EA.e.1470/enabled - {}
COMMAND: GET /session/9e5aab771e60128f16b96e5208a746bd/screenshot - {}
RESULT: {}
COMMAND: POST /session/9e5aab771e60128f16b96e5208a746bd/execute/sync - {"script":"<script> [8489 bytes]","args":[{"element-6066-11e4-a52e-4f735466cecf":"f.D9DF0156EB8BB5D0EDF68015944B7411.d.35139D6F2894E090FCBBC22B63BA49EA.e.1470","ELEMENT":"f.D9DF0156EB8BB5D0EDF68015944B7411.d.35139D6F2894E090FCBBC22B63BA49EA.e.1470"}]}
COMMAND: GET /session/9e5aab771e60128f16b96e5208a746bd/screenshot - {}
RESULT: {}
RESULT: {"script":"<script> [8489 bytes]","args":[{"element-6066-11e4-a52e-4f735466cecf":"f.D9DF0156EB8BB5D0EDF68015944B7411.d.35139D6F2894E090FCBBC22B63BA49EA.e.1470","ELEMENT":"f.D9DF0156EB8BB5D0EDF68015944B7411.d.35139D6F2894E090FCBBC22B63BA49EA.e.1470"}]}
COMMAND: POST /session/9e5aab771e60128f16b96e5208a746bd/execute/sync - {"script":"<script> [5351 bytes]","args":[{"element-6066-11e4-a52e-4f735466cecf":"f.D9DF0156EB8BB5D0EDF68015944B7411.d.35139D6F2894E090FCBBC22B63BA49EA.e.1470","ELEMENT":"f.D9DF0156EB8BB5D0EDF68015944B7411.d.35139D6F2894E090FCBBC22B63BA49EA.e.1470"}]}
COMMAND: GET /session/9e5aab771e60128f16b96e5208a746bd/screenshot - {}
RESULT: {}
RESULT: {"script":"<script> [5351 bytes]","args":[{"element-6066-11e4-a52e-4f735466cecf":"f.D9DF0156EB8BB5D0EDF68015944B7411.d.35139D6F2894E090FCBBC22B63BA49EA.e.1470","ELEMENT":"f.D9DF0156EB8BB5D0EDF68015944B7411.d.35139D6F2894E090FCBBC22B63BA49EA.e.1470"}]}
COMMAND: GET /session/9e5aab771e60128f16b96e5208a746bd/screenshot - {}
RESULT: {}
RESULT: {}
RESULT: undefined
COMMAND: POST /session/9e5aab771e60128f16b96e5208a746bd/execute/async - {"script":"<script> [776 bytes]","args":[{"enterText":"Test1ETM","selector":{"id":"application-addressmanagement-display-component---masterAdm--smartFilterBar-btnBasicSearch","interaction":{"idSuffix":"I"}},"clearTextFirst":true,"interactionType":"ENTER_TEXT"}]}
RESULT: {"script":"<script> [776 bytes]","args":[{"enterText":"Test1ETM","selector":{"id":"application-addressmanagement-display-component---masterAdm--smartFilterBar-btnBasicSearch","interaction":{"idSuffix":"I"}},"clearTextFirst":true,"interactionType":"ENTER_TEXT"}]}
COMMAND: POST /session/9e5aab771e60128f16b96e5208a746bd/actions - {"actions":[{"id":"action12","type":"key","parameters":{},"actions":[{"type":"keyDown","value":""},{"type":"pause","duration":10},{"type":"keyUp","value":""}]}]}
RESULT: {"actions":[{"id":"action12","type":"key","parameters":{},"actions":[{"type":"keyDown","value":""},{"type":"pause","duration":10},{"type":"keyUp","value":""}]}]}
COMMAND: GET /session/9e5aab771e60128f16b96e5208a746bd/screenshot - {}
RESULT: {}
COMMAND: POST /session/9e5aab771e60128f16b96e5208a746bd/elements - {"using":"xpath","value":"//table[contains(@id, \"customPersonsAddressesTable-listUl\")]/tbody/tr"}
RESULT: {"using":"xpath","value":"//table[contains(@id, \"customPersonsAddressesTable-listUl\")]/tbody/tr"}
COMMAND: POST /session/9e5aab771e60128f16b96e5208a746bd/element - {"using":"xpath","value":"//table[contains(@id, \"customPersonsAddressesTable-listUl\")]/tbody/tr[1]/td[5]/span/span"}
RESULT: {"using":"xpath","value":"//table[contains(@id, \"customPersonsAddressesTable-listUl\")]/tbody/tr[1]/td[5]/span/span"}
COMMAND: POST /session/9e5aab771e60128f16b96e5208a746bd/element - {"using":"xpath","value":"//table[contains(@id, \"customPersonsAddressesTable-listUl\")]/tbody/tr[1]/td[3]/span"}
RESULT: {"using":"xpath","value":"//table[contains(@id, \"customPersonsAddressesTable-listUl\")]/tbody/tr[1]/td[3]/span"}
COMMAND: POST /session/9e5aab771e60128f16b96e5208a746bd/elements - {"using":"xpath","value":"//table[contains(@id, \"customPersonsAddressesTable-listUl\")]/tbody/tr[1]/td[5]/span/span"}
RESULT: {"using":"xpath","value":"//table[contains(@id, \"customPersonsAddressesTable-listUl\")]/tbody/tr[1]/td[5]/span/span"}
COMMAND: POST /session/9e5aab771e60128f16b96e5208a746bd/element - {"using":"xpath","value":"(//span[contains(@id, \"imgNav\")])[0]"}
RESULT: {"using":"xpath","value":"(//span[contains(@id, \"imgNav\")])[0]"}
COMMAND: POST /session/9e5aab771e60128f16b96e5208a746bd/elements - {"using":"xpath","value":"(//span[contains(@id, \"imgNav\")])[0]"}
RESULT: {"using":"xpath","value":"(//span[contains(@id, \"imgNav\")])[0]"}
COMMAND: POST /session/9e5aab771e60128f16b96e5208a746bd/elements - {"using":"xpath","value":"(//span[contains(@id, \"imgNav\")])[0]"}
RESULT: {"using":"xpath","value":"(//span[contains(@id, \"imgNav\")])[0]"}
COMMAND: POST /session/9e5aab771e60128f16b96e5208a746bd/elements - {"using":"xpath","value":"(//span[contains(@id, \"imgNav\")])[0]"}
RESULT: {"using":"xpath","value":"(//span[contains(@id, \"imgNav\")])[0]"}
COMMAND: POST /session/9e5aab771e60128f16b96e5208a746bd/elements - {"using":"xpath","value":"(//span[contains(@id, \"imgNav\")])[0]"}
RESULT: {"using":"xpath","value":"(//span[contains(@id, \"imgNav\")])[0]"}
COMMAND: POST /session/9e5aab771e60128f16b96e5208a746bd/elements - {"using":"xpath","value":"(//span[contains(@id, \"imgNav\")])[0]"}
RESULT: {"using":"xpath","value":"(//span[contains(@id, \"imgNav\")])[0]"}
COMMAND: POST /session/9e5aab771e60128f16b96e5208a746bd/elements - {"using":"xpath","value":"(//span[contains(@id, \"imgNav\")])[0]"}
RESULT: {"using":"xpath","value":"(//span[contains(@id, \"imgNav\")])[0]"}
COMMAND: POST /session/9e5aab771e60128f16b96e5208a746bd/elements - {"using":"xpath","value":"(//span[contains(@id, \"imgNav\")])[0]"}
RESULT: {"using":"xpath","value":"(//span[contains(@id, \"imgNav\")])[0]"}
COMMAND: POST /session/9e5aab771e60128f16b96e5208a746bd/elements - {"using":"xpath","value":"(//span[contains(@id, \"imgNav\")])[0]"}
RESULT: {"using":"xpath","value":"(//span[contains(@id, \"imgNav\")])[0]"}
COMMAND: POST /session/9e5aab771e60128f16b96e5208a746bd/elements - {"using":"xpath","value":"(//span[contains(@id, \"imgNav\")])[0]"}
RESULT: {"using":"xpath","value":"(//span[contains(@id, \"imgNav\")])[0]"}
COMMAND: POST /session/9e5aab771e60128f16b96e5208a746bd/elements - {"using":"xpath","value":"(//span[contains(@id, \"imgNav\")])[0]"}
RESULT: {"using":"xpath","value":"(//span[contains(@id, \"imgNav\")])[0]"}
COMMAND: POST /session/9e5aab771e60128f16b96e5208a746bd/elements - {"using":"xpath","value":"(//span[contains(@id, \"imgNav\")])[0]"}
RESULT: {"using":"xpath","value":"(//span[contains(@id, \"imgNav\")])[0]"}
COMMAND: POST /session/9e5aab771e60128f16b96e5208a746bd/elements - {"using":"xpath","value":"(//span[contains(@id, \"imgNav\")])[0]"}
RESULT: {"using":"xpath","value":"(//span[contains(@id, \"imgNav\")])[0]"}
COMMAND: POST /session/9e5aab771e60128f16b96e5208a746bd/elements - {"using":"xpath","value":"(//span[contains(@id, \"imgNav\")])[0]"}
RESULT: {"using":"xpath","value":"(//span[contains(@id, \"imgNav\")])[0]"}
COMMAND: POST /session/9e5aab771e60128f16b96e5208a746bd/elements - {"using":"xpath","value":"(//span[contains(@id, \"imgNav\")])[0]"}
RESULT: {"using":"xpath","value":"(//span[contains(@id, \"imgNav\")])[0]"}
COMMAND: POST /session/9e5aab771e60128f16b96e5208a746bd/elements - {"using":"xpath","value":"(//span[contains(@id, \"imgNav\")])[0]"}
RESULT: {"using":"xpath","value":"(//span[contains(@id, \"imgNav\")])[0]"}
COMMAND: POST /session/9e5aab771e60128f16b96e5208a746bd/elements - {"using":"xpath","value":"(//span[contains(@id, \"imgNav\")])[0]"}
RESULT: {"using":"xpath","value":"(//span[contains(@id, \"imgNav\")])[0]"}
COMMAND: POST /session/9e5aab771e60128f16b96e5208a746bd/elements - {"using":"xpath","value":"(//span[contains(@id, \"imgNav\")])[0]"}
RESULT: {"using":"xpath","value":"(//span[contains(@id, \"imgNav\")])[0]"}
COMMAND: POST /session/9e5aab771e60128f16b96e5208a746bd/elements - {"using":"xpath","value":"(//span[contains(@id, \"imgNav\")])[0]"}
RESULT: {"using":"xpath","value":"(//span[contains(@id, \"imgNav\")])[0]"}
COMMAND: POST /session/9e5aab771e60128f16b96e5208a746bd/elements - {"using":"xpath","value":"(//span[contains(@id, \"imgNav\")])[0]"}
RESULT: {"using":"xpath","value":"(//span[contains(@id, \"imgNav\")])[0]"}
COMMAND: POST /session/9e5aab771e60128f16b96e5208a746bd/elements - {"using":"xpath","value":"(//span[contains(@id, \"imgNav\")])[0]"}
RESULT: {"using":"xpath","value":"(//span[contains(@id, \"imgNav\")])[0]"}
COMMAND: POST /session/9e5aab771e60128f16b96e5208a746bd/elements - {"using":"xpath","value":"(//span[contains(@id, \"imgNav\")])[0]"}
RESULT: {"using":"xpath","value":"(//span[contains(@id, \"imgNav\")])[0]"}
COMMAND: POST /session/9e5aab771e60128f16b96e5208a746bd/elements - {"using":"xpath","value":"(//span[contains(@id, \"imgNav\")])[0]"}
RESULT: {"using":"xpath","value":"(//span[contains(@id, \"imgNav\")])[0]"}
COMMAND: POST /session/9e5aab771e60128f16b96e5208a746bd/elements - {"using":"xpath","value":"(//span[contains(@id, \"imgNav\")])[0]"}
RESULT: {"using":"xpath","value":"(//span[contains(@id, \"imgNav\")])[0]"}
COMMAND: POST /session/9e5aab771e60128f16b96e5208a746bd/elements - {"using":"xpath","value":"(//span[contains(@id, \"imgNav\")])[0]"}
RESULT: {"using":"xpath","value":"(//span[contains(@id, \"imgNav\")])[0]"}
COMMAND: POST /session/9e5aab771e60128f16b96e5208a746bd/elements - {"using":"xpath","value":"(//span[contains(@id, \"imgNav\")])[0]"}
RESULT: {"using":"xpath","value":"(//span[contains(@id, \"imgNav\")])[0]"}
COMMAND: POST /session/9e5aab771e60128f16b96e5208a746bd/elements - {"using":"xpath","value":"(//span[contains(@id, \"imgNav\")])[0]"}
RESULT: {"using":"xpath","value":"(//span[contains(@id, \"imgNav\")])[0]"}
COMMAND: POST /session/9e5aab771e60128f16b96e5208a746bd/elements - {"using":"xpath","value":"(//span[contains(@id, \"imgNav\")])[0]"}
RESULT: {"using":"xpath","value":"(//span[contains(@id, \"imgNav\")])[0]"}
COMMAND: POST /session/9e5aab771e60128f16b96e5208a746bd/elements - {"using":"xpath","value":"(//span[contains(@id, \"imgNav\")])[0]"}
RESULT: {"using":"xpath","value":"(//span[contains(@id, \"imgNav\")])[0]"}
COMMAND: POST /session/9e5aab771e60128f16b96e5208a746bd/elements - {"using":"xpath","value":"(//span[contains(@id, \"imgNav\")])[0]"}
RESULT: {"using":"xpath","value":"(//span[contains(@id, \"imgNav\")])[0]"}
COMMAND: POST /session/9e5aab771e60128f16b96e5208a746bd/elements - {"using":"xpath","value":"(//span[contains(@id, \"imgNav\")])[0]"}
RESULT: {"using":"xpath","value":"(//span[contains(@id, \"imgNav\")])[0]"}
COMMAND: POST /session/9e5aab771e60128f16b96e5208a746bd/elements - {"using":"xpath","value":"(//span[contains(@id, \"imgNav\")])[0]"}
RESULT: {"using":"xpath","value":"(//span[contains(@id, \"imgNav\")])[0]"}
COMMAND: POST /session/9e5aab771e60128f16b96e5208a746bd/elements - {"using":"xpath","value":"(//span[contains(@id, \"imgNav\")])[0]"}
RESULT: {"using":"xpath","value":"(//span[contains(@id, \"imgNav\")])[0]"}
COMMAND: POST /session/9e5aab771e60128f16b96e5208a746bd/elements - {"using":"xpath","value":"(//span[contains(@id, \"imgNav\")])[0]"}
RESULT: {"using":"xpath","value":"(//span[contains(@id, \"imgNav\")])[0]"}
COMMAND: POST /session/9e5aab771e60128f16b96e5208a746bd/elements - {"using":"xpath","value":"(//span[contains(@id, \"imgNav\")])[0]"}
RESULT: {"using":"xpath","value":"(//span[contains(@id, \"imgNav\")])[0]"}
COMMAND: POST /session/9e5aab771e60128f16b96e5208a746bd/elements - {"using":"xpath","value":"(//span[contains(@id, \"imgNav\")])[0]"}
RESULT: {"using":"xpath","value":"(//span[contains(@id, \"imgNav\")])[0]"}
COMMAND: POST /session/9e5aab771e60128f16b96e5208a746bd/elements - {"using":"xpath","value":"(//span[contains(@id, \"imgNav\")])[0]"}
RESULT: {"using":"xpath","value":"(//span[contains(@id, \"imgNav\")])[0]"}
COMMAND: POST /session/9e5aab771e60128f16b96e5208a746bd/elements - {"using":"xpath","value":"(//span[contains(@id, \"imgNav\")])[0]"}
RESULT: {"using":"xpath","value":"(//span[contains(@id, \"imgNav\")])[0]"}
COMMAND: POST /session/9e5aab771e60128f16b96e5208a746bd/elements - {"using":"xpath","value":"(//span[contains(@id, \"imgNav\")])[0]"}
RESULT: {"using":"xpath","value":"(//span[contains(@id, \"imgNav\")])[0]"}
COMMAND: POST /session/9e5aab771e60128f16b96e5208a746bd/elements - {"using":"xpath","value":"(//span[contains(@id, \"imgNav\")])[0]"}
RESULT: {"using":"xpath","value":"(//span[contains(@id, \"imgNav\")])[0]"}
COMMAND: POST /session/9e5aab771e60128f16b96e5208a746bd/elements - {"using":"xpath","value":"(//span[contains(@id, \"imgNav\")])[0]"}
RESULT: {"using":"xpath","value":"(//span[contains(@id, \"imgNav\")])[0]"}
COMMAND: POST /session/9e5aab771e60128f16b96e5208a746bd/elements - {"using":"xpath","value":"(//span[contains(@id, \"imgNav\")])[0]"}
RESULT: {"using":"xpath","value":"(//span[contains(@id, \"imgNav\")])[0]"}
COMMAND: POST /session/9e5aab771e60128f16b96e5208a746bd/elements - {"using":"xpath","value":"(//span[contains(@id, \"imgNav\")])[0]"}
RESULT: {"using":"xpath","value":"(//span[contains(@id, \"imgNav\")])[0]"}
COMMAND: POST /session/9e5aab771e60128f16b96e5208a746bd/elements - {"using":"xpath","value":"(//span[contains(@id, \"imgNav\")])[0]"}
RESULT: {"using":"xpath","value":"(//span[contains(@id, \"imgNav\")])[0]"}
COMMAND: POST /session/9e5aab771e60128f16b96e5208a746bd/elements - {"using":"xpath","value":"(//span[contains(@id, \"imgNav\")])[0]"}
RESULT: {"using":"xpath","value":"(//span[contains(@id, \"imgNav\")])[0]"}
COMMAND: POST /session/9e5aab771e60128f16b96e5208a746bd/elements - {"using":"xpath","value":"(//span[contains(@id, \"imgNav\")])[0]"}
RESULT: {"using":"xpath","value":"(//span[contains(@id, \"imgNav\")])[0]"}
COMMAND: POST /session/9e5aab771e60128f16b96e5208a746bd/elements - {"using":"xpath","value":"(//span[contains(@id, \"imgNav\")])[0]"}
RESULT: {"using":"xpath","value":"(//span[contains(@id, \"imgNav\")])[0]"}
COMMAND: POST /session/9e5aab771e60128f16b96e5208a746bd/elements - {"using":"xpath","value":"(//span[contains(@id, \"imgNav\")])[0]"}
RESULT: {"using":"xpath","value":"(//span[contains(@id, \"imgNav\")])[0]"}
COMMAND: POST /session/9e5aab771e60128f16b96e5208a746bd/elements - {"using":"xpath","value":"(//span[contains(@id, \"imgNav\")])[0]"}
RESULT: {"using":"xpath","value":"(//span[contains(@id, \"imgNav\")])[0]"}
COMMAND: POST /session/9e5aab771e60128f16b96e5208a746bd/elements - {"using":"xpath","value":"(//span[contains(@id, \"imgNav\")])[0]"}
RESULT: {"using":"xpath","value":"(//span[contains(@id, \"imgNav\")])[0]"}
COMMAND: POST /session/9e5aab771e60128f16b96e5208a746bd/elements - {"using":"xpath","value":"(//span[contains(@id, \"imgNav\")])[0]"}
RESULT: {"using":"xpath","value":"(//span[contains(@id, \"imgNav\")])[0]"}
COMMAND: POST /session/9e5aab771e60128f16b96e5208a746bd/elements - {"using":"xpath","value":"(//span[contains(@id, \"imgNav\")])[0]"}
RESULT: {"using":"xpath","value":"(//span[contains(@id, \"imgNav\")])[0]"}
COMMAND: POST /session/9e5aab771e60128f16b96e5208a746bd/elements - {"using":"xpath","value":"(//span[contains(@id, \"imgNav\")])[0]"}
RESULT: {"using":"xpath","value":"(//span[contains(@id, \"imgNav\")])[0]"}
COMMAND: POST /session/9e5aab771e60128f16b96e5208a746bd/elements - {"using":"xpath","value":"(//span[contains(@id, \"imgNav\")])[0]"}
RESULT: {"using":"xpath","value":"(//span[contains(@id, \"imgNav\")])[0]"}
COMMAND: POST /session/9e5aab771e60128f16b96e5208a746bd/elements - {"using":"xpath","value":"(//span[contains(@id, \"imgNav\")])[0]"}
RESULT: {"using":"xpath","value":"(//span[contains(@id, \"imgNav\")])[0]"}
COMMAND: POST /session/9e5aab771e60128f16b96e5208a746bd/elements - {"using":"xpath","value":"(//span[contains(@id, \"imgNav\")])[0]"}
RESULT: {"using":"xpath","value":"(//span[contains(@id, \"imgNav\")])[0]"}
COMMAND: POST /session/9e5aab771e60128f16b96e5208a746bd/elements - {"using":"xpath","value":"(//span[contains(@id, \"imgNav\")])[0]"}
RESULT: {"using":"xpath","value":"(//span[contains(@id, \"imgNav\")])[0]"}
COMMAND: POST /session/9e5aab771e60128f16b96e5208a746bd/elements - {"using":"xpath","value":"(//span[contains(@id, \"imgNav\")])[0]"}
RESULT: {"using":"xpath","value":"(//span[contains(@id, \"imgNav\")])[0]"}
COMMAND: POST /session/9e5aab771e60128f16b96e5208a746bd/elements - {"using":"xpath","value":"(//span[contains(@id, \"imgNav\")])[0]"}
RESULT: {"using":"xpath","value":"(//span[contains(@id, \"imgNav\")])[0]"}
COMMAND: POST /session/9e5aab771e60128f16b96e5208a746bd/elements - {"using":"xpath","value":"(//span[contains(@id, \"imgNav\")])[0]"}
RESULT: {"using":"xpath","value":"(//span[contains(@id, \"imgNav\")])[0]"}
COMMAND: POST /session/9e5aab771e60128f16b96e5208a746bd/elements - {"using":"xpath","value":"(//span[contains(@id, \"imgNav\")])[0]"}
RESULT: {"using":"xpath","value":"(//span[contains(@id, \"imgNav\")])[0]"}
COMMAND: POST /session/9e5aab771e60128f16b96e5208a746bd/elements - {"using":"xpath","value":"(//span[contains(@id, \"imgNav\")])[0]"}
RESULT: {"using":"xpath","value":"(//span[contains(@id, \"imgNav\")])[0]"}
COMMAND: POST /session/9e5aab771e60128f16b96e5208a746bd/elements - {"using":"xpath","value":"(//span[contains(@id, \"imgNav\")])[0]"}
RESULT: {"using":"xpath","value":"(//span[contains(@id, \"imgNav\")])[0]"}
COMMAND: POST /session/9e5aab771e60128f16b96e5208a746bd/elements - {"using":"xpath","value":"(//span[contains(@id, \"imgNav\")])[0]"}
RESULT: {"using":"xpath","value":"(//span[contains(@id, \"imgNav\")])[0]"}
COMMAND: POST /session/9e5aab771e60128f16b96e5208a746bd/elements - {"using":"xpath","value":"(//span[contains(@id, \"imgNav\")])[0]"}
RESULT: {"using":"xpath","value":"(//span[contains(@id, \"imgNav\")])[0]"}
COMMAND: POST /session/9e5aab771e60128f16b96e5208a746bd/elements - {"using":"xpath","value":"(//span[contains(@id, \"imgNav\")])[0]"}
RESULT: {"using":"xpath","value":"(//span[contains(@id, \"imgNav\")])[0]"}
COMMAND: POST /session/9e5aab771e60128f16b96e5208a746bd/elements - {"using":"xpath","value":"(//span[contains(@id, \"imgNav\")])[0]"}
RESULT: {"using":"xpath","value":"(//span[contains(@id, \"imgNav\")])[0]"}
COMMAND: POST /session/9e5aab771e60128f16b96e5208a746bd/elements - {"using":"xpath","value":"(//span[contains(@id, \"imgNav\")])[0]"}
RESULT: {"using":"xpath","value":"(//span[contains(@id, \"imgNav\")])[0]"}
COMMAND: POST /session/9e5aab771e60128f16b96e5208a746bd/elements - {"using":"xpath","value":"(//span[contains(@id, \"imgNav\")])[0]"}
RESULT: {"using":"xpath","value":"(//span[contains(@id, \"imgNav\")])[0]"}
COMMAND: POST /session/9e5aab771e60128f16b96e5208a746bd/elements - {"using":"xpath","value":"(//span[contains(@id, \"imgNav\")])[0]"}
RESULT: {"using":"xpath","value":"(//span[contains(@id, \"imgNav\")])[0]"}
COMMAND: POST /session/9e5aab771e60128f16b96e5208a746bd/elements - {"using":"xpath","value":"(//span[contains(@id, \"imgNav\")])[0]"}
RESULT: {"using":"xpath","value":"(//span[contains(@id, \"imgNav\")])[0]"}
COMMAND: POST /session/9e5aab771e60128f16b96e5208a746bd/elements - {"using":"xpath","value":"(//span[contains(@id, \"imgNav\")])[0]"}
RESULT: {"using":"xpath","value":"(//span[contains(@id, \"imgNav\")])[0]"}
COMMAND: POST /session/9e5aab771e60128f16b96e5208a746bd/elements - {"using":"xpath","value":"(//span[contains(@id, \"imgNav\")])[0]"}
RESULT: {"using":"xpath","value":"(//span[contains(@id, \"imgNav\")])[0]"}
COMMAND: POST /session/9e5aab771e60128f16b96e5208a746bd/elements - {"using":"xpath","value":"(//span[contains(@id, \"imgNav\")])[0]"}
RESULT: {"using":"xpath","value":"(//span[contains(@id, \"imgNav\")])[0]"}
COMMAND: POST /session/9e5aab771e60128f16b96e5208a746bd/elements - {"using":"xpath","value":"(//span[contains(@id, \"imgNav\")])[0]"}
RESULT: {"using":"xpath","value":"(//span[contains(@id, \"imgNav\")])[0]"}
COMMAND: POST /session/9e5aab771e60128f16b96e5208a746bd/elements - {"using":"xpath","value":"(//span[contains(@id, \"imgNav\")])[0]"}
RESULT: {"using":"xpath","value":"(//span[contains(@id, \"imgNav\")])[0]"}
COMMAND: POST /session/9e5aab771e60128f16b96e5208a746bd/elements - {"using":"xpath","value":"(//span[contains(@id, \"imgNav\")])[0]"}
RESULT: {"using":"xpath","value":"(//span[contains(@id, \"imgNav\")])[0]"}
COMMAND: POST /session/9e5aab771e60128f16b96e5208a746bd/elements - {"using":"xpath","value":"(//span[contains(@id, \"imgNav\")])[0]"}
RESULT: {"using":"xpath","value":"(//span[contains(@id, \"imgNav\")])[0]"}
COMMAND: POST /session/9e5aab771e60128f16b96e5208a746bd/elements - {"using":"xpath","value":"(//span[contains(@id, \"imgNav\")])[0]"}
RESULT: {"using":"xpath","value":"(//span[contains(@id, \"imgNav\")])[0]"}
COMMAND: POST /session/9e5aab771e60128f16b96e5208a746bd/elements - {"using":"xpath","value":"(//span[contains(@id, \"imgNav\")])[0]"}
RESULT: {"using":"xpath","value":"(//span[contains(@id, \"imgNav\")])[0]"}
COMMAND: POST /session/9e5aab771e60128f16b96e5208a746bd/elements - {"using":"xpath","value":"(//span[contains(@id, \"imgNav\")])[0]"}
RESULT: {"using":"xpath","value":"(//span[contains(@id, \"imgNav\")])[0]"}
COMMAND: POST /session/9e5aab771e60128f16b96e5208a746bd/elements - {"using":"xpath","value":"(//span[contains(@id, \"imgNav\")])[0]"}
RESULT: {"using":"xpath","value":"(//span[contains(@id, \"imgNav\")])[0]"}
COMMAND: POST /session/9e5aab771e60128f16b96e5208a746bd/elements - {"using":"xpath","value":"(//span[contains(@id, \"imgNav\")])[0]"}
RESULT: {"using":"xpath","value":"(//span[contains(@id, \"imgNav\")])[0]"}
COMMAND: POST /session/9e5aab771e60128f16b96e5208a746bd/elements - {"using":"xpath","value":"(//span[contains(@id, \"imgNav\")])[0]"}
RESULT: {"using":"xpath","value":"(//span[contains(@id, \"imgNav\")])[0]"}
COMMAND: POST /session/9e5aab771e60128f16b96e5208a746bd/elements - {"using":"xpath","value":"(//span[contains(@id, \"imgNav\")])[0]"}
RESULT: {"using":"xpath","value":"(//span[contains(@id, \"imgNav\")])[0]"}
COMMAND: POST /session/9e5aab771e60128f16b96e5208a746bd/elements - {"using":"xpath","value":"(//span[contains(@id, \"imgNav\")])[0]"}
RESULT: {"using":"xpath","value":"(//span[contains(@id, \"imgNav\")])[0]"}
COMMAND: POST /session/9e5aab771e60128f16b96e5208a746bd/elements - {"using":"xpath","value":"(//span[contains(@id, \"imgNav\")])[0]"}
RESULT: {"using":"xpath","value":"(//span[contains(@id, \"imgNav\")])[0]"}
COMMAND: POST /session/9e5aab771e60128f16b96e5208a746bd/elements - {"using":"xpath","value":"(//span[contains(@id, \"imgNav\")])[0]"}
RESULT: {"using":"xpath","value":"(//span[contains(@id, \"imgNav\")])[0]"}
COMMAND: POST /session/9e5aab771e60128f16b96e5208a746bd/elements - {"using":"xpath","value":"(//span[contains(@id, \"imgNav\")])[0]"}
RESULT: {"using":"xpath","value":"(//span[contains(@id, \"imgNav\")])[0]"}
COMMAND: POST /session/9e5aab771e60128f16b96e5208a746bd/elements - {"using":"xpath","value":"(//span[contains(@id, \"imgNav\")])[0]"}
RESULT: {"using":"xpath","value":"(//span[contains(@id, \"imgNav\")])[0]"}
COMMAND: POST /session/9e5aab771e60128f16b96e5208a746bd/elements - {"using":"xpath","value":"(//span[contains(@id, \"imgNav\")])[0]"}
RESULT: {"using":"xpath","value":"(//span[contains(@id, \"imgNav\")])[0]"}
COMMAND: POST /session/9e5aab771e60128f16b96e5208a746bd/elements - {"using":"xpath","value":"(//span[contains(@id, \"imgNav\")])[0]"}
RESULT: {"using":"xpath","value":"(//span[contains(@id, \"imgNav\")])[0]"}
COMMAND: POST /session/9e5aab771e60128f16b96e5208a746bd/elements - {"using":"xpath","value":"(//span[contains(@id, \"imgNav\")])[0]"}
RESULT: {"using":"xpath","value":"(//span[contains(@id, \"imgNav\")])[0]"}
COMMAND: POST /session/9e5aab771e60128f16b96e5208a746bd/elements - {"using":"xpath","value":"(//span[contains(@id, \"imgNav\")])[0]"}
RESULT: {"using":"xpath","value":"(//span[contains(@id, \"imgNav\")])[0]"}
COMMAND: POST /session/9e5aab771e60128f16b96e5208a746bd/elements - {"using":"xpath","value":"(//span[contains(@id, \"imgNav\")])[0]"}
RESULT: {"using":"xpath","value":"(//span[contains(@id, \"imgNav\")])[0]"}
COMMAND: POST /session/9e5aab771e60128f16b96e5208a746bd/elements - {"using":"xpath","value":"(//span[contains(@id, \"imgNav\")])[0]"}
RESULT: {"using":"xpath","value":"(//span[contains(@id, \"imgNav\")])[0]"}
COMMAND: POST /session/9e5aab771e60128f16b96e5208a746bd/elements - {"using":"xpath","value":"(//span[contains(@id, \"imgNav\")])[0]"}
RESULT: {"using":"xpath","value":"(//span[contains(@id, \"imgNav\")])[0]"}
COMMAND: POST /session/9e5aab771e60128f16b96e5208a746bd/elements - {"using":"xpath","value":"(//span[contains(@id, \"imgNav\")])[0]"}
RESULT: {"using":"xpath","value":"(//span[contains(@id, \"imgNav\")])[0]"}
COMMAND: POST /session/9e5aab771e60128f16b96e5208a746bd/elements - {"using":"xpath","value":"(//span[contains(@id, \"imgNav\")])[0]"}
RESULT: {"using":"xpath","value":"(//span[contains(@id, \"imgNav\")])[0]"}
COMMAND: POST /session/9e5aab771e60128f16b96e5208a746bd/elements - {"using":"xpath","value":"(//span[contains(@id, \"imgNav\")])[0]"}
RESULT: {"using":"xpath","value":"(//span[contains(@id, \"imgNav\")])[0]"}
COMMAND: POST /session/9e5aab771e60128f16b96e5208a746bd/elements - {"using":"xpath","value":"(//span[contains(@id, \"imgNav\")])[0]"}
RESULT: {"using":"xpath","value":"(//span[contains(@id, \"imgNav\")])[0]"}
COMMAND: POST /session/9e5aab771e60128f16b96e5208a746bd/elements - {"using":"xpath","value":"(//span[contains(@id, \"imgNav\")])[0]"}
RESULT: {"using":"xpath","value":"(//span[contains(@id, \"imgNav\")])[0]"}
COMMAND: POST /session/9e5aab771e60128f16b96e5208a746bd/elements - {"using":"xpath","value":"(//span[contains(@id, \"imgNav\")])[0]"}
RESULT: {"using":"xpath","value":"(//span[contains(@id, \"imgNav\")])[0]"}
COMMAND: POST /session/9e5aab771e60128f16b96e5208a746bd/elements - {"using":"xpath","value":"(//span[contains(@id, \"imgNav\")])[0]"}
RESULT: {"using":"xpath","value":"(//span[contains(@id, \"imgNav\")])[0]"}
COMMAND: POST /session/9e5aab771e60128f16b96e5208a746bd/elements - {"using":"xpath","value":"(//span[contains(@id, \"imgNav\")])[0]"}
RESULT: {"using":"xpath","value":"(//span[contains(@id, \"imgNav\")])[0]"}
COMMAND: POST /session/9e5aab771e60128f16b96e5208a746bd/elements - {"using":"xpath","value":"(//span[contains(@id, \"imgNav\")])[0]"}
RESULT: {"using":"xpath","value":"(//span[contains(@id, \"imgNav\")])[0]"}
COMMAND: POST /session/9e5aab771e60128f16b96e5208a746bd/elements - {"using":"xpath","value":"(//span[contains(@id, \"imgNav\")])[0]"}
RESULT: {"using":"xpath","value":"(//span[contains(@id, \"imgNav\")])[0]"}
COMMAND: POST /session/9e5aab771e60128f16b96e5208a746bd/elements - {"using":"xpath","value":"(//span[contains(@id, \"imgNav\")])[0]"}
RESULT: {"using":"xpath","value":"(//span[contains(@id, \"imgNav\")])[0]"}
COMMAND: POST /session/9e5aab771e60128f16b96e5208a746bd/elements - {"using":"xpath","value":"(//span[contains(@id, \"imgNav\")])[0]"}
RESULT: {"using":"xpath","value":"(//span[contains(@id, \"imgNav\")])[0]"}
COMMAND: POST /session/9e5aab771e60128f16b96e5208a746bd/elements - {"using":"xpath","value":"(//span[contains(@id, \"imgNav\")])[0]"}
RESULT: {"using":"xpath","value":"(//span[contains(@id, \"imgNav\")])[0]"}
COMMAND: POST /session/9e5aab771e60128f16b96e5208a746bd/elements - {"using":"xpath","value":"(//span[contains(@id, \"imgNav\")])[0]"}
RESULT: {"using":"xpath","value":"(//span[contains(@id, \"imgNav\")])[0]"}
COMMAND: POST /session/9e5aab771e60128f16b96e5208a746bd/elements - {"using":"xpath","value":"(//span[contains(@id, \"imgNav\")])[0]"}
RESULT: {"using":"xpath","value":"(//span[contains(@id, \"imgNav\")])[0]"}
COMMAND: POST /session/9e5aab771e60128f16b96e5208a746bd/elements - {"using":"xpath","value":"(//span[contains(@id, \"imgNav\")])[0]"}
RESULT: {"using":"xpath","value":"(//span[contains(@id, \"imgNav\")])[0]"}
COMMAND: POST /session/9e5aab771e60128f16b96e5208a746bd/elements - {"using":"xpath","value":"(//span[contains(@id, \"imgNav\")])[0]"}
RESULT: {"using":"xpath","value":"(//span[contains(@id, \"imgNav\")])[0]"}
COMMAND: POST /session/9e5aab771e60128f16b96e5208a746bd/elements - {"using":"xpath","value":"(//span[contains(@id, \"imgNav\")])[0]"}
RESULT: {"using":"xpath","value":"(//span[contains(@id, \"imgNav\")])[0]"}
COMMAND: POST /session/9e5aab771e60128f16b96e5208a746bd/elements - {"using":"xpath","value":"(//span[contains(@id, \"imgNav\")])[0]"}
RESULT: {"using":"xpath","value":"(//span[contains(@id, \"imgNav\")])[0]"}
COMMAND: POST /session/9e5aab771e60128f16b96e5208a746bd/elements - {"using":"xpath","value":"(//span[contains(@id, \"imgNav\")])[0]"}
RESULT: {"using":"xpath","value":"(//span[contains(@id, \"imgNav\")])[0]"}
COMMAND: POST /session/9e5aab771e60128f16b96e5208a746bd/elements - {"using":"xpath","value":"(//span[contains(@id, \"imgNav\")])[0]"}
RESULT: {"using":"xpath","value":"(//span[contains(@id, \"imgNav\")])[0]"}
COMMAND: POST /session/9e5aab771e60128f16b96e5208a746bd/elements - {"using":"xpath","value":"(//span[contains(@id, \"imgNav\")])[0]"}
RESULT: {"using":"xpath","value":"(//span[contains(@id, \"imgNav\")])[0]"}
COMMAND: POST /session/9e5aab771e60128f16b96e5208a746bd/elements - {"using":"xpath","value":"(//span[contains(@id, \"imgNav\")])[0]"}
RESULT: {"using":"xpath","value":"(//span[contains(@id, \"imgNav\")])[0]"}
COMMAND: POST /session/9e5aab771e60128f16b96e5208a746bd/elements - {"using":"xpath","value":"(//span[contains(@id, \"imgNav\")])[0]"}
RESULT: {"using":"xpath","value":"(//span[contains(@id, \"imgNav\")])[0]"}
COMMAND: GET /session/9e5aab771e60128f16b96e5208a746bd/screenshot - {}
RESULT: {}
]]></system-out>
      <system-err><![CDATA[
Error: Can't call click on element with selector "(//span[contains(@id, "imgNav")])[0]" because element wasn't found
    at async Context.<anonymous> (D:\a\1\s\test\specs\BTS\address-management.spec.js:1077:9)
]]></system-err>
    </testcase>
    <testcase classname="chrome.136_0_7103_93.windows.Address_Management_Tests_US156181_US151165_US151160_US156180_US156178_US151157_US151172_US151170_US151166_US151168" name="Step 9 Should remove the added attachment on the created address US151168 BUGGED FOR NOW" time="80.157">
      <failure/>
      <error message="Can't call click on element with selector &quot;(//span[contains(@id, &quot;imgNav&quot;)])[0]&quot; because element wasn't found"/>
      <system-out><![CDATA[
RESULT: undefined
COMMAND: POST /session/9e5aab771e60128f16b96e5208a746bd/element - {"using":"xpath","value":"//*[@id=\"__tile33\"]"}
COMMAND: GET /session/9e5aab771e60128f16b96e5208a746bd/screenshot - {}
RESULT: {"using":"xpath","value":"//*[@id=\"__tile33\"]"}
COMMAND: POST /session/9e5aab771e60128f16b96e5208a746bd/element/f.D9DF0156EB8BB5D0EDF68015944B7411.d.35139D6F2894E090FCBBC22B63BA49EA.e.223/click - {}
RESULT: {}
COMMAND: POST /session/9e5aab771e60128f16b96e5208a746bd/elements - {"using":"xpath","value":"//span[text()='Error']"}
RESULT: {"using":"xpath","value":"//span[text()='Error']"}
COMMAND: POST /session/9e5aab771e60128f16b96e5208a746bd/element - {"using":"xpath","value":"//button[@data-kt=\"addButton\"]"}
RESULT: {"using":"xpath","value":"//button[@data-kt=\"addButton\"]"}
COMMAND: POST /session/9e5aab771e60128f16b96e5208a746bd/elements - {"using":"xpath","value":"//button[@data-kt=\"addButton\"]"}
RESULT: {"using":"xpath","value":"//button[@data-kt=\"addButton\"]"}
COMMAND: POST /session/9e5aab771e60128f16b96e5208a746bd/execute/sync - {"script":"<script> [8489 bytes]","args":[{"element-6066-11e4-a52e-4f735466cecf":"f.D9DF0156EB8BB5D0EDF68015944B7411.d.35139D6F2894E090FCBBC22B63BA49EA.e.1470","ELEMENT":"f.D9DF0156EB8BB5D0EDF68015944B7411.d.35139D6F2894E090FCBBC22B63BA49EA.e.1470"}]}
RESULT: {"script":"<script> [8489 bytes]","args":[{"element-6066-11e4-a52e-4f735466cecf":"f.D9DF0156EB8BB5D0EDF68015944B7411.d.35139D6F2894E090FCBBC22B63BA49EA.e.1470","ELEMENT":"f.D9DF0156EB8BB5D0EDF68015944B7411.d.35139D6F2894E090FCBBC22B63BA49EA.e.1470"}]}
COMMAND: GET /session/9e5aab771e60128f16b96e5208a746bd/element/f.D9DF0156EB8BB5D0EDF68015944B7411.d.35139D6F2894E090FCBBC22B63BA49EA.e.1470/enabled - {}
COMMAND: GET /session/9e5aab771e60128f16b96e5208a746bd/screenshot - {}
RESULT: {}
COMMAND: POST /session/9e5aab771e60128f16b96e5208a746bd/execute/sync - {"script":"<script> [8489 bytes]","args":[{"element-6066-11e4-a52e-4f735466cecf":"f.D9DF0156EB8BB5D0EDF68015944B7411.d.35139D6F2894E090FCBBC22B63BA49EA.e.1470","ELEMENT":"f.D9DF0156EB8BB5D0EDF68015944B7411.d.35139D6F2894E090FCBBC22B63BA49EA.e.1470"}]}
COMMAND: GET /session/9e5aab771e60128f16b96e5208a746bd/screenshot - {}
RESULT: {}
RESULT: {"script":"<script> [8489 bytes]","args":[{"element-6066-11e4-a52e-4f735466cecf":"f.D9DF0156EB8BB5D0EDF68015944B7411.d.35139D6F2894E090FCBBC22B63BA49EA.e.1470","ELEMENT":"f.D9DF0156EB8BB5D0EDF68015944B7411.d.35139D6F2894E090FCBBC22B63BA49EA.e.1470"}]}
COMMAND: POST /session/9e5aab771e60128f16b96e5208a746bd/execute/sync - {"script":"<script> [5351 bytes]","args":[{"element-6066-11e4-a52e-4f735466cecf":"f.D9DF0156EB8BB5D0EDF68015944B7411.d.35139D6F2894E090FCBBC22B63BA49EA.e.1470","ELEMENT":"f.D9DF0156EB8BB5D0EDF68015944B7411.d.35139D6F2894E090FCBBC22B63BA49EA.e.1470"}]}
COMMAND: GET /session/9e5aab771e60128f16b96e5208a746bd/screenshot - {}
RESULT: {}
RESULT: {"script":"<script> [5351 bytes]","args":[{"element-6066-11e4-a52e-4f735466cecf":"f.D9DF0156EB8BB5D0EDF68015944B7411.d.35139D6F2894E090FCBBC22B63BA49EA.e.1470","ELEMENT":"f.D9DF0156EB8BB5D0EDF68015944B7411.d.35139D6F2894E090FCBBC22B63BA49EA.e.1470"}]}
COMMAND: GET /session/9e5aab771e60128f16b96e5208a746bd/screenshot - {}
RESULT: {}
RESULT: {}
RESULT: undefined
COMMAND: POST /session/9e5aab771e60128f16b96e5208a746bd/execute/async - {"script":"<script> [776 bytes]","args":[{"enterText":"Test1ETM","selector":{"id":"application-addressmanagement-display-component---masterAdm--smartFilterBar-btnBasicSearch","interaction":{"idSuffix":"I"}},"clearTextFirst":true,"interactionType":"ENTER_TEXT"}]}
RESULT: {"script":"<script> [776 bytes]","args":[{"enterText":"Test1ETM","selector":{"id":"application-addressmanagement-display-component---masterAdm--smartFilterBar-btnBasicSearch","interaction":{"idSuffix":"I"}},"clearTextFirst":true,"interactionType":"ENTER_TEXT"}]}
COMMAND: POST /session/9e5aab771e60128f16b96e5208a746bd/actions - {"actions":[{"id":"action13","type":"key","parameters":{},"actions":[{"type":"keyDown","value":""},{"type":"pause","duration":10},{"type":"keyUp","value":""}]}]}
RESULT: {"actions":[{"id":"action13","type":"key","parameters":{},"actions":[{"type":"keyDown","value":""},{"type":"pause","duration":10},{"type":"keyUp","value":""}]}]}
COMMAND: GET /session/9e5aab771e60128f16b96e5208a746bd/screenshot - {}
RESULT: {}
COMMAND: POST /session/9e5aab771e60128f16b96e5208a746bd/elements - {"using":"xpath","value":"//table[contains(@id, \"customPersonsAddressesTable-listUl\")]/tbody/tr"}
RESULT: {"using":"xpath","value":"//table[contains(@id, \"customPersonsAddressesTable-listUl\")]/tbody/tr"}
COMMAND: POST /session/9e5aab771e60128f16b96e5208a746bd/element - {"using":"xpath","value":"//table[contains(@id, \"customPersonsAddressesTable-listUl\")]/tbody/tr[1]/td[5]/span/span"}
RESULT: {"using":"xpath","value":"//table[contains(@id, \"customPersonsAddressesTable-listUl\")]/tbody/tr[1]/td[5]/span/span"}
COMMAND: POST /session/9e5aab771e60128f16b96e5208a746bd/element - {"using":"xpath","value":"//table[contains(@id, \"customPersonsAddressesTable-listUl\")]/tbody/tr[1]/td[3]/span"}
RESULT: {"using":"xpath","value":"//table[contains(@id, \"customPersonsAddressesTable-listUl\")]/tbody/tr[1]/td[3]/span"}
COMMAND: POST /session/9e5aab771e60128f16b96e5208a746bd/elements - {"using":"xpath","value":"//table[contains(@id, \"customPersonsAddressesTable-listUl\")]/tbody/tr[1]/td[5]/span/span"}
RESULT: {"using":"xpath","value":"//table[contains(@id, \"customPersonsAddressesTable-listUl\")]/tbody/tr[1]/td[5]/span/span"}
COMMAND: POST /session/9e5aab771e60128f16b96e5208a746bd/element - {"using":"xpath","value":"(//span[contains(@id, \"imgNav\")])[0]"}
RESULT: {"using":"xpath","value":"(//span[contains(@id, \"imgNav\")])[0]"}
COMMAND: POST /session/9e5aab771e60128f16b96e5208a746bd/elements - {"using":"xpath","value":"(//span[contains(@id, \"imgNav\")])[0]"}
RESULT: {"using":"xpath","value":"(//span[contains(@id, \"imgNav\")])[0]"}
COMMAND: POST /session/9e5aab771e60128f16b96e5208a746bd/elements - {"using":"xpath","value":"(//span[contains(@id, \"imgNav\")])[0]"}
RESULT: {"using":"xpath","value":"(//span[contains(@id, \"imgNav\")])[0]"}
COMMAND: POST /session/9e5aab771e60128f16b96e5208a746bd/elements - {"using":"xpath","value":"(//span[contains(@id, \"imgNav\")])[0]"}
RESULT: {"using":"xpath","value":"(//span[contains(@id, \"imgNav\")])[0]"}
COMMAND: POST /session/9e5aab771e60128f16b96e5208a746bd/elements - {"using":"xpath","value":"(//span[contains(@id, \"imgNav\")])[0]"}
RESULT: {"using":"xpath","value":"(//span[contains(@id, \"imgNav\")])[0]"}
COMMAND: POST /session/9e5aab771e60128f16b96e5208a746bd/elements - {"using":"xpath","value":"(//span[contains(@id, \"imgNav\")])[0]"}
RESULT: {"using":"xpath","value":"(//span[contains(@id, \"imgNav\")])[0]"}
COMMAND: POST /session/9e5aab771e60128f16b96e5208a746bd/elements - {"using":"xpath","value":"(//span[contains(@id, \"imgNav\")])[0]"}
RESULT: {"using":"xpath","value":"(//span[contains(@id, \"imgNav\")])[0]"}
COMMAND: POST /session/9e5aab771e60128f16b96e5208a746bd/elements - {"using":"xpath","value":"(//span[contains(@id, \"imgNav\")])[0]"}
RESULT: {"using":"xpath","value":"(//span[contains(@id, \"imgNav\")])[0]"}
COMMAND: POST /session/9e5aab771e60128f16b96e5208a746bd/elements - {"using":"xpath","value":"(//span[contains(@id, \"imgNav\")])[0]"}
RESULT: {"using":"xpath","value":"(//span[contains(@id, \"imgNav\")])[0]"}
COMMAND: POST /session/9e5aab771e60128f16b96e5208a746bd/elements - {"using":"xpath","value":"(//span[contains(@id, \"imgNav\")])[0]"}
RESULT: {"using":"xpath","value":"(//span[contains(@id, \"imgNav\")])[0]"}
COMMAND: POST /session/9e5aab771e60128f16b96e5208a746bd/elements - {"using":"xpath","value":"(//span[contains(@id, \"imgNav\")])[0]"}
RESULT: {"using":"xpath","value":"(//span[contains(@id, \"imgNav\")])[0]"}
COMMAND: POST /session/9e5aab771e60128f16b96e5208a746bd/elements - {"using":"xpath","value":"(//span[contains(@id, \"imgNav\")])[0]"}
RESULT: {"using":"xpath","value":"(//span[contains(@id, \"imgNav\")])[0]"}
COMMAND: POST /session/9e5aab771e60128f16b96e5208a746bd/elements - {"using":"xpath","value":"(//span[contains(@id, \"imgNav\")])[0]"}
RESULT: {"using":"xpath","value":"(//span[contains(@id, \"imgNav\")])[0]"}
COMMAND: POST /session/9e5aab771e60128f16b96e5208a746bd/elements - {"using":"xpath","value":"(//span[contains(@id, \"imgNav\")])[0]"}
RESULT: {"using":"xpath","value":"(//span[contains(@id, \"imgNav\")])[0]"}
COMMAND: POST /session/9e5aab771e60128f16b96e5208a746bd/elements - {"using":"xpath","value":"(//span[contains(@id, \"imgNav\")])[0]"}
RESULT: {"using":"xpath","value":"(//span[contains(@id, \"imgNav\")])[0]"}
COMMAND: POST /session/9e5aab771e60128f16b96e5208a746bd/elements - {"using":"xpath","value":"(//span[contains(@id, \"imgNav\")])[0]"}
RESULT: {"using":"xpath","value":"(//span[contains(@id, \"imgNav\")])[0]"}
COMMAND: POST /session/9e5aab771e60128f16b96e5208a746bd/elements - {"using":"xpath","value":"(//span[contains(@id, \"imgNav\")])[0]"}
RESULT: {"using":"xpath","value":"(//span[contains(@id, \"imgNav\")])[0]"}
COMMAND: POST /session/9e5aab771e60128f16b96e5208a746bd/elements - {"using":"xpath","value":"(//span[contains(@id, \"imgNav\")])[0]"}
RESULT: {"using":"xpath","value":"(//span[contains(@id, \"imgNav\")])[0]"}
COMMAND: POST /session/9e5aab771e60128f16b96e5208a746bd/elements - {"using":"xpath","value":"(//span[contains(@id, \"imgNav\")])[0]"}
RESULT: {"using":"xpath","value":"(//span[contains(@id, \"imgNav\")])[0]"}
COMMAND: POST /session/9e5aab771e60128f16b96e5208a746bd/elements - {"using":"xpath","value":"(//span[contains(@id, \"imgNav\")])[0]"}
RESULT: {"using":"xpath","value":"(//span[contains(@id, \"imgNav\")])[0]"}
COMMAND: POST /session/9e5aab771e60128f16b96e5208a746bd/elements - {"using":"xpath","value":"(//span[contains(@id, \"imgNav\")])[0]"}
RESULT: {"using":"xpath","value":"(//span[contains(@id, \"imgNav\")])[0]"}
COMMAND: POST /session/9e5aab771e60128f16b96e5208a746bd/elements - {"using":"xpath","value":"(//span[contains(@id, \"imgNav\")])[0]"}
RESULT: {"using":"xpath","value":"(//span[contains(@id, \"imgNav\")])[0]"}
COMMAND: POST /session/9e5aab771e60128f16b96e5208a746bd/elements - {"using":"xpath","value":"(//span[contains(@id, \"imgNav\")])[0]"}
RESULT: {"using":"xpath","value":"(//span[contains(@id, \"imgNav\")])[0]"}
COMMAND: POST /session/9e5aab771e60128f16b96e5208a746bd/elements - {"using":"xpath","value":"(//span[contains(@id, \"imgNav\")])[0]"}
RESULT: {"using":"xpath","value":"(//span[contains(@id, \"imgNav\")])[0]"}
COMMAND: POST /session/9e5aab771e60128f16b96e5208a746bd/elements - {"using":"xpath","value":"(//span[contains(@id, \"imgNav\")])[0]"}
RESULT: {"using":"xpath","value":"(//span[contains(@id, \"imgNav\")])[0]"}
COMMAND: POST /session/9e5aab771e60128f16b96e5208a746bd/elements - {"using":"xpath","value":"(//span[contains(@id, \"imgNav\")])[0]"}
RESULT: {"using":"xpath","value":"(//span[contains(@id, \"imgNav\")])[0]"}
COMMAND: POST /session/9e5aab771e60128f16b96e5208a746bd/elements - {"using":"xpath","value":"(//span[contains(@id, \"imgNav\")])[0]"}
RESULT: {"using":"xpath","value":"(//span[contains(@id, \"imgNav\")])[0]"}
COMMAND: POST /session/9e5aab771e60128f16b96e5208a746bd/elements - {"using":"xpath","value":"(//span[contains(@id, \"imgNav\")])[0]"}
RESULT: {"using":"xpath","value":"(//span[contains(@id, \"imgNav\")])[0]"}
COMMAND: POST /session/9e5aab771e60128f16b96e5208a746bd/elements - {"using":"xpath","value":"(//span[contains(@id, \"imgNav\")])[0]"}
RESULT: {"using":"xpath","value":"(//span[contains(@id, \"imgNav\")])[0]"}
COMMAND: POST /session/9e5aab771e60128f16b96e5208a746bd/elements - {"using":"xpath","value":"(//span[contains(@id, \"imgNav\")])[0]"}
RESULT: {"using":"xpath","value":"(//span[contains(@id, \"imgNav\")])[0]"}
COMMAND: POST /session/9e5aab771e60128f16b96e5208a746bd/elements - {"using":"xpath","value":"(//span[contains(@id, \"imgNav\")])[0]"}
RESULT: {"using":"xpath","value":"(//span[contains(@id, \"imgNav\")])[0]"}
COMMAND: POST /session/9e5aab771e60128f16b96e5208a746bd/elements - {"using":"xpath","value":"(//span[contains(@id, \"imgNav\")])[0]"}
RESULT: {"using":"xpath","value":"(//span[contains(@id, \"imgNav\")])[0]"}
COMMAND: POST /session/9e5aab771e60128f16b96e5208a746bd/elements - {"using":"xpath","value":"(//span[contains(@id, \"imgNav\")])[0]"}
RESULT: {"using":"xpath","value":"(//span[contains(@id, \"imgNav\")])[0]"}
COMMAND: POST /session/9e5aab771e60128f16b96e5208a746bd/elements - {"using":"xpath","value":"(//span[contains(@id, \"imgNav\")])[0]"}
RESULT: {"using":"xpath","value":"(//span[contains(@id, \"imgNav\")])[0]"}
COMMAND: POST /session/9e5aab771e60128f16b96e5208a746bd/elements - {"using":"xpath","value":"(//span[contains(@id, \"imgNav\")])[0]"}
RESULT: {"using":"xpath","value":"(//span[contains(@id, \"imgNav\")])[0]"}
COMMAND: POST /session/9e5aab771e60128f16b96e5208a746bd/elements - {"using":"xpath","value":"(//span[contains(@id, \"imgNav\")])[0]"}
RESULT: {"using":"xpath","value":"(//span[contains(@id, \"imgNav\")])[0]"}
COMMAND: POST /session/9e5aab771e60128f16b96e5208a746bd/elements - {"using":"xpath","value":"(//span[contains(@id, \"imgNav\")])[0]"}
RESULT: {"using":"xpath","value":"(//span[contains(@id, \"imgNav\")])[0]"}
COMMAND: POST /session/9e5aab771e60128f16b96e5208a746bd/elements - {"using":"xpath","value":"(//span[contains(@id, \"imgNav\")])[0]"}
RESULT: {"using":"xpath","value":"(//span[contains(@id, \"imgNav\")])[0]"}
COMMAND: POST /session/9e5aab771e60128f16b96e5208a746bd/elements - {"using":"xpath","value":"(//span[contains(@id, \"imgNav\")])[0]"}
RESULT: {"using":"xpath","value":"(//span[contains(@id, \"imgNav\")])[0]"}
COMMAND: POST /session/9e5aab771e60128f16b96e5208a746bd/elements - {"using":"xpath","value":"(//span[contains(@id, \"imgNav\")])[0]"}
RESULT: {"using":"xpath","value":"(//span[contains(@id, \"imgNav\")])[0]"}
COMMAND: POST /session/9e5aab771e60128f16b96e5208a746bd/elements - {"using":"xpath","value":"(//span[contains(@id, \"imgNav\")])[0]"}
RESULT: {"using":"xpath","value":"(//span[contains(@id, \"imgNav\")])[0]"}
COMMAND: POST /session/9e5aab771e60128f16b96e5208a746bd/elements - {"using":"xpath","value":"(//span[contains(@id, \"imgNav\")])[0]"}
RESULT: {"using":"xpath","value":"(//span[contains(@id, \"imgNav\")])[0]"}
COMMAND: POST /session/9e5aab771e60128f16b96e5208a746bd/elements - {"using":"xpath","value":"(//span[contains(@id, \"imgNav\")])[0]"}
RESULT: {"using":"xpath","value":"(//span[contains(@id, \"imgNav\")])[0]"}
COMMAND: POST /session/9e5aab771e60128f16b96e5208a746bd/elements - {"using":"xpath","value":"(//span[contains(@id, \"imgNav\")])[0]"}
RESULT: {"using":"xpath","value":"(//span[contains(@id, \"imgNav\")])[0]"}
COMMAND: POST /session/9e5aab771e60128f16b96e5208a746bd/elements - {"using":"xpath","value":"(//span[contains(@id, \"imgNav\")])[0]"}
RESULT: {"using":"xpath","value":"(//span[contains(@id, \"imgNav\")])[0]"}
COMMAND: POST /session/9e5aab771e60128f16b96e5208a746bd/elements - {"using":"xpath","value":"(//span[contains(@id, \"imgNav\")])[0]"}
RESULT: {"using":"xpath","value":"(//span[contains(@id, \"imgNav\")])[0]"}
COMMAND: POST /session/9e5aab771e60128f16b96e5208a746bd/elements - {"using":"xpath","value":"(//span[contains(@id, \"imgNav\")])[0]"}
RESULT: {"using":"xpath","value":"(//span[contains(@id, \"imgNav\")])[0]"}
COMMAND: POST /session/9e5aab771e60128f16b96e5208a746bd/elements - {"using":"xpath","value":"(//span[contains(@id, \"imgNav\")])[0]"}
RESULT: {"using":"xpath","value":"(//span[contains(@id, \"imgNav\")])[0]"}
COMMAND: POST /session/9e5aab771e60128f16b96e5208a746bd/elements - {"using":"xpath","value":"(//span[contains(@id, \"imgNav\")])[0]"}
RESULT: {"using":"xpath","value":"(//span[contains(@id, \"imgNav\")])[0]"}
COMMAND: POST /session/9e5aab771e60128f16b96e5208a746bd/elements - {"using":"xpath","value":"(//span[contains(@id, \"imgNav\")])[0]"}
RESULT: {"using":"xpath","value":"(//span[contains(@id, \"imgNav\")])[0]"}
COMMAND: POST /session/9e5aab771e60128f16b96e5208a746bd/elements - {"using":"xpath","value":"(//span[contains(@id, \"imgNav\")])[0]"}
RESULT: {"using":"xpath","value":"(//span[contains(@id, \"imgNav\")])[0]"}
COMMAND: POST /session/9e5aab771e60128f16b96e5208a746bd/elements - {"using":"xpath","value":"(//span[contains(@id, \"imgNav\")])[0]"}
RESULT: {"using":"xpath","value":"(//span[contains(@id, \"imgNav\")])[0]"}
COMMAND: POST /session/9e5aab771e60128f16b96e5208a746bd/elements - {"using":"xpath","value":"(//span[contains(@id, \"imgNav\")])[0]"}
RESULT: {"using":"xpath","value":"(//span[contains(@id, \"imgNav\")])[0]"}
COMMAND: POST /session/9e5aab771e60128f16b96e5208a746bd/elements - {"using":"xpath","value":"(//span[contains(@id, \"imgNav\")])[0]"}
RESULT: {"using":"xpath","value":"(//span[contains(@id, \"imgNav\")])[0]"}
COMMAND: POST /session/9e5aab771e60128f16b96e5208a746bd/elements - {"using":"xpath","value":"(//span[contains(@id, \"imgNav\")])[0]"}
RESULT: {"using":"xpath","value":"(//span[contains(@id, \"imgNav\")])[0]"}
COMMAND: POST /session/9e5aab771e60128f16b96e5208a746bd/elements - {"using":"xpath","value":"(//span[contains(@id, \"imgNav\")])[0]"}
RESULT: {"using":"xpath","value":"(//span[contains(@id, \"imgNav\")])[0]"}
COMMAND: POST /session/9e5aab771e60128f16b96e5208a746bd/elements - {"using":"xpath","value":"(//span[contains(@id, \"imgNav\")])[0]"}
RESULT: {"using":"xpath","value":"(//span[contains(@id, \"imgNav\")])[0]"}
COMMAND: POST /session/9e5aab771e60128f16b96e5208a746bd/elements - {"using":"xpath","value":"(//span[contains(@id, \"imgNav\")])[0]"}
RESULT: {"using":"xpath","value":"(//span[contains(@id, \"imgNav\")])[0]"}
COMMAND: POST /session/9e5aab771e60128f16b96e5208a746bd/elements - {"using":"xpath","value":"(//span[contains(@id, \"imgNav\")])[0]"}
RESULT: {"using":"xpath","value":"(//span[contains(@id, \"imgNav\")])[0]"}
COMMAND: POST /session/9e5aab771e60128f16b96e5208a746bd/elements - {"using":"xpath","value":"(//span[contains(@id, \"imgNav\")])[0]"}
RESULT: {"using":"xpath","value":"(//span[contains(@id, \"imgNav\")])[0]"}
COMMAND: POST /session/9e5aab771e60128f16b96e5208a746bd/elements - {"using":"xpath","value":"(//span[contains(@id, \"imgNav\")])[0]"}
RESULT: {"using":"xpath","value":"(//span[contains(@id, \"imgNav\")])[0]"}
COMMAND: POST /session/9e5aab771e60128f16b96e5208a746bd/elements - {"using":"xpath","value":"(//span[contains(@id, \"imgNav\")])[0]"}
RESULT: {"using":"xpath","value":"(//span[contains(@id, \"imgNav\")])[0]"}
COMMAND: POST /session/9e5aab771e60128f16b96e5208a746bd/elements - {"using":"xpath","value":"(//span[contains(@id, \"imgNav\")])[0]"}
RESULT: {"using":"xpath","value":"(//span[contains(@id, \"imgNav\")])[0]"}
COMMAND: POST /session/9e5aab771e60128f16b96e5208a746bd/elements - {"using":"xpath","value":"(//span[contains(@id, \"imgNav\")])[0]"}
RESULT: {"using":"xpath","value":"(//span[contains(@id, \"imgNav\")])[0]"}
COMMAND: POST /session/9e5aab771e60128f16b96e5208a746bd/elements - {"using":"xpath","value":"(//span[contains(@id, \"imgNav\")])[0]"}
RESULT: {"using":"xpath","value":"(//span[contains(@id, \"imgNav\")])[0]"}
COMMAND: POST /session/9e5aab771e60128f16b96e5208a746bd/elements - {"using":"xpath","value":"(//span[contains(@id, \"imgNav\")])[0]"}
RESULT: {"using":"xpath","value":"(//span[contains(@id, \"imgNav\")])[0]"}
COMMAND: POST /session/9e5aab771e60128f16b96e5208a746bd/elements - {"using":"xpath","value":"(//span[contains(@id, \"imgNav\")])[0]"}
RESULT: {"using":"xpath","value":"(//span[contains(@id, \"imgNav\")])[0]"}
COMMAND: POST /session/9e5aab771e60128f16b96e5208a746bd/elements - {"using":"xpath","value":"(//span[contains(@id, \"imgNav\")])[0]"}
RESULT: {"using":"xpath","value":"(//span[contains(@id, \"imgNav\")])[0]"}
COMMAND: POST /session/9e5aab771e60128f16b96e5208a746bd/elements - {"using":"xpath","value":"(//span[contains(@id, \"imgNav\")])[0]"}
RESULT: {"using":"xpath","value":"(//span[contains(@id, \"imgNav\")])[0]"}
COMMAND: POST /session/9e5aab771e60128f16b96e5208a746bd/elements - {"using":"xpath","value":"(//span[contains(@id, \"imgNav\")])[0]"}
RESULT: {"using":"xpath","value":"(//span[contains(@id, \"imgNav\")])[0]"}
COMMAND: POST /session/9e5aab771e60128f16b96e5208a746bd/elements - {"using":"xpath","value":"(//span[contains(@id, \"imgNav\")])[0]"}
RESULT: {"using":"xpath","value":"(//span[contains(@id, \"imgNav\")])[0]"}
COMMAND: POST /session/9e5aab771e60128f16b96e5208a746bd/elements - {"using":"xpath","value":"(//span[contains(@id, \"imgNav\")])[0]"}
RESULT: {"using":"xpath","value":"(//span[contains(@id, \"imgNav\")])[0]"}
COMMAND: POST /session/9e5aab771e60128f16b96e5208a746bd/elements - {"using":"xpath","value":"(//span[contains(@id, \"imgNav\")])[0]"}
RESULT: {"using":"xpath","value":"(//span[contains(@id, \"imgNav\")])[0]"}
COMMAND: POST /session/9e5aab771e60128f16b96e5208a746bd/elements - {"using":"xpath","value":"(//span[contains(@id, \"imgNav\")])[0]"}
RESULT: {"using":"xpath","value":"(//span[contains(@id, \"imgNav\")])[0]"}
COMMAND: POST /session/9e5aab771e60128f16b96e5208a746bd/elements - {"using":"xpath","value":"(//span[contains(@id, \"imgNav\")])[0]"}
RESULT: {"using":"xpath","value":"(//span[contains(@id, \"imgNav\")])[0]"}
COMMAND: POST /session/9e5aab771e60128f16b96e5208a746bd/elements - {"using":"xpath","value":"(//span[contains(@id, \"imgNav\")])[0]"}
RESULT: {"using":"xpath","value":"(//span[contains(@id, \"imgNav\")])[0]"}
COMMAND: POST /session/9e5aab771e60128f16b96e5208a746bd/elements - {"using":"xpath","value":"(//span[contains(@id, \"imgNav\")])[0]"}
RESULT: {"using":"xpath","value":"(//span[contains(@id, \"imgNav\")])[0]"}
COMMAND: POST /session/9e5aab771e60128f16b96e5208a746bd/elements - {"using":"xpath","value":"(//span[contains(@id, \"imgNav\")])[0]"}
RESULT: {"using":"xpath","value":"(//span[contains(@id, \"imgNav\")])[0]"}
COMMAND: POST /session/9e5aab771e60128f16b96e5208a746bd/elements - {"using":"xpath","value":"(//span[contains(@id, \"imgNav\")])[0]"}
RESULT: {"using":"xpath","value":"(//span[contains(@id, \"imgNav\")])[0]"}
COMMAND: POST /session/9e5aab771e60128f16b96e5208a746bd/elements - {"using":"xpath","value":"(//span[contains(@id, \"imgNav\")])[0]"}
RESULT: {"using":"xpath","value":"(//span[contains(@id, \"imgNav\")])[0]"}
COMMAND: POST /session/9e5aab771e60128f16b96e5208a746bd/elements - {"using":"xpath","value":"(//span[contains(@id, \"imgNav\")])[0]"}
RESULT: {"using":"xpath","value":"(//span[contains(@id, \"imgNav\")])[0]"}
COMMAND: POST /session/9e5aab771e60128f16b96e5208a746bd/elements - {"using":"xpath","value":"(//span[contains(@id, \"imgNav\")])[0]"}
RESULT: {"using":"xpath","value":"(//span[contains(@id, \"imgNav\")])[0]"}
COMMAND: POST /session/9e5aab771e60128f16b96e5208a746bd/elements - {"using":"xpath","value":"(//span[contains(@id, \"imgNav\")])[0]"}
RESULT: {"using":"xpath","value":"(//span[contains(@id, \"imgNav\")])[0]"}
COMMAND: POST /session/9e5aab771e60128f16b96e5208a746bd/elements - {"using":"xpath","value":"(//span[contains(@id, \"imgNav\")])[0]"}
RESULT: {"using":"xpath","value":"(//span[contains(@id, \"imgNav\")])[0]"}
COMMAND: POST /session/9e5aab771e60128f16b96e5208a746bd/elements - {"using":"xpath","value":"(//span[contains(@id, \"imgNav\")])[0]"}
RESULT: {"using":"xpath","value":"(//span[contains(@id, \"imgNav\")])[0]"}
COMMAND: POST /session/9e5aab771e60128f16b96e5208a746bd/elements - {"using":"xpath","value":"(//span[contains(@id, \"imgNav\")])[0]"}
RESULT: {"using":"xpath","value":"(//span[contains(@id, \"imgNav\")])[0]"}
COMMAND: POST /session/9e5aab771e60128f16b96e5208a746bd/elements - {"using":"xpath","value":"(//span[contains(@id, \"imgNav\")])[0]"}
RESULT: {"using":"xpath","value":"(//span[contains(@id, \"imgNav\")])[0]"}
COMMAND: POST /session/9e5aab771e60128f16b96e5208a746bd/elements - {"using":"xpath","value":"(//span[contains(@id, \"imgNav\")])[0]"}
RESULT: {"using":"xpath","value":"(//span[contains(@id, \"imgNav\")])[0]"}
COMMAND: POST /session/9e5aab771e60128f16b96e5208a746bd/elements - {"using":"xpath","value":"(//span[contains(@id, \"imgNav\")])[0]"}
RESULT: {"using":"xpath","value":"(//span[contains(@id, \"imgNav\")])[0]"}
COMMAND: POST /session/9e5aab771e60128f16b96e5208a746bd/elements - {"using":"xpath","value":"(//span[contains(@id, \"imgNav\")])[0]"}
RESULT: {"using":"xpath","value":"(//span[contains(@id, \"imgNav\")])[0]"}
COMMAND: POST /session/9e5aab771e60128f16b96e5208a746bd/elements - {"using":"xpath","value":"(//span[contains(@id, \"imgNav\")])[0]"}
RESULT: {"using":"xpath","value":"(//span[contains(@id, \"imgNav\")])[0]"}
COMMAND: POST /session/9e5aab771e60128f16b96e5208a746bd/elements - {"using":"xpath","value":"(//span[contains(@id, \"imgNav\")])[0]"}
RESULT: {"using":"xpath","value":"(//span[contains(@id, \"imgNav\")])[0]"}
COMMAND: POST /session/9e5aab771e60128f16b96e5208a746bd/elements - {"using":"xpath","value":"(//span[contains(@id, \"imgNav\")])[0]"}
RESULT: {"using":"xpath","value":"(//span[contains(@id, \"imgNav\")])[0]"}
COMMAND: POST /session/9e5aab771e60128f16b96e5208a746bd/elements - {"using":"xpath","value":"(//span[contains(@id, \"imgNav\")])[0]"}
RESULT: {"using":"xpath","value":"(//span[contains(@id, \"imgNav\")])[0]"}
COMMAND: POST /session/9e5aab771e60128f16b96e5208a746bd/elements - {"using":"xpath","value":"(//span[contains(@id, \"imgNav\")])[0]"}
RESULT: {"using":"xpath","value":"(//span[contains(@id, \"imgNav\")])[0]"}
COMMAND: POST /session/9e5aab771e60128f16b96e5208a746bd/elements - {"using":"xpath","value":"(//span[contains(@id, \"imgNav\")])[0]"}
RESULT: {"using":"xpath","value":"(//span[contains(@id, \"imgNav\")])[0]"}
COMMAND: POST /session/9e5aab771e60128f16b96e5208a746bd/elements - {"using":"xpath","value":"(//span[contains(@id, \"imgNav\")])[0]"}
RESULT: {"using":"xpath","value":"(//span[contains(@id, \"imgNav\")])[0]"}
COMMAND: POST /session/9e5aab771e60128f16b96e5208a746bd/elements - {"using":"xpath","value":"(//span[contains(@id, \"imgNav\")])[0]"}
RESULT: {"using":"xpath","value":"(//span[contains(@id, \"imgNav\")])[0]"}
COMMAND: POST /session/9e5aab771e60128f16b96e5208a746bd/elements - {"using":"xpath","value":"(//span[contains(@id, \"imgNav\")])[0]"}
RESULT: {"using":"xpath","value":"(//span[contains(@id, \"imgNav\")])[0]"}
COMMAND: POST /session/9e5aab771e60128f16b96e5208a746bd/elements - {"using":"xpath","value":"(//span[contains(@id, \"imgNav\")])[0]"}
RESULT: {"using":"xpath","value":"(//span[contains(@id, \"imgNav\")])[0]"}
COMMAND: POST /session/9e5aab771e60128f16b96e5208a746bd/elements - {"using":"xpath","value":"(//span[contains(@id, \"imgNav\")])[0]"}
RESULT: {"using":"xpath","value":"(//span[contains(@id, \"imgNav\")])[0]"}
COMMAND: POST /session/9e5aab771e60128f16b96e5208a746bd/elements - {"using":"xpath","value":"(//span[contains(@id, \"imgNav\")])[0]"}
RESULT: {"using":"xpath","value":"(//span[contains(@id, \"imgNav\")])[0]"}
COMMAND: POST /session/9e5aab771e60128f16b96e5208a746bd/elements - {"using":"xpath","value":"(//span[contains(@id, \"imgNav\")])[0]"}
RESULT: {"using":"xpath","value":"(//span[contains(@id, \"imgNav\")])[0]"}
COMMAND: POST /session/9e5aab771e60128f16b96e5208a746bd/elements - {"using":"xpath","value":"(//span[contains(@id, \"imgNav\")])[0]"}
RESULT: {"using":"xpath","value":"(//span[contains(@id, \"imgNav\")])[0]"}
COMMAND: POST /session/9e5aab771e60128f16b96e5208a746bd/elements - {"using":"xpath","value":"(//span[contains(@id, \"imgNav\")])[0]"}
RESULT: {"using":"xpath","value":"(//span[contains(@id, \"imgNav\")])[0]"}
COMMAND: POST /session/9e5aab771e60128f16b96e5208a746bd/elements - {"using":"xpath","value":"(//span[contains(@id, \"imgNav\")])[0]"}
RESULT: {"using":"xpath","value":"(//span[contains(@id, \"imgNav\")])[0]"}
COMMAND: POST /session/9e5aab771e60128f16b96e5208a746bd/elements - {"using":"xpath","value":"(//span[contains(@id, \"imgNav\")])[0]"}
RESULT: {"using":"xpath","value":"(//span[contains(@id, \"imgNav\")])[0]"}
COMMAND: POST /session/9e5aab771e60128f16b96e5208a746bd/elements - {"using":"xpath","value":"(//span[contains(@id, \"imgNav\")])[0]"}
RESULT: {"using":"xpath","value":"(//span[contains(@id, \"imgNav\")])[0]"}
COMMAND: POST /session/9e5aab771e60128f16b96e5208a746bd/elements - {"using":"xpath","value":"(//span[contains(@id, \"imgNav\")])[0]"}
RESULT: {"using":"xpath","value":"(//span[contains(@id, \"imgNav\")])[0]"}
COMMAND: POST /session/9e5aab771e60128f16b96e5208a746bd/elements - {"using":"xpath","value":"(//span[contains(@id, \"imgNav\")])[0]"}
RESULT: {"using":"xpath","value":"(//span[contains(@id, \"imgNav\")])[0]"}
COMMAND: POST /session/9e5aab771e60128f16b96e5208a746bd/elements - {"using":"xpath","value":"(//span[contains(@id, \"imgNav\")])[0]"}
RESULT: {"using":"xpath","value":"(//span[contains(@id, \"imgNav\")])[0]"}
COMMAND: POST /session/9e5aab771e60128f16b96e5208a746bd/elements - {"using":"xpath","value":"(//span[contains(@id, \"imgNav\")])[0]"}
RESULT: {"using":"xpath","value":"(//span[contains(@id, \"imgNav\")])[0]"}
COMMAND: POST /session/9e5aab771e60128f16b96e5208a746bd/elements - {"using":"xpath","value":"(//span[contains(@id, \"imgNav\")])[0]"}
RESULT: {"using":"xpath","value":"(//span[contains(@id, \"imgNav\")])[0]"}
COMMAND: POST /session/9e5aab771e60128f16b96e5208a746bd/elements - {"using":"xpath","value":"(//span[contains(@id, \"imgNav\")])[0]"}
RESULT: {"using":"xpath","value":"(//span[contains(@id, \"imgNav\")])[0]"}
COMMAND: POST /session/9e5aab771e60128f16b96e5208a746bd/elements - {"using":"xpath","value":"(//span[contains(@id, \"imgNav\")])[0]"}
RESULT: {"using":"xpath","value":"(//span[contains(@id, \"imgNav\")])[0]"}
COMMAND: POST /session/9e5aab771e60128f16b96e5208a746bd/elements - {"using":"xpath","value":"(//span[contains(@id, \"imgNav\")])[0]"}
RESULT: {"using":"xpath","value":"(//span[contains(@id, \"imgNav\")])[0]"}
COMMAND: POST /session/9e5aab771e60128f16b96e5208a746bd/elements - {"using":"xpath","value":"(//span[contains(@id, \"imgNav\")])[0]"}
RESULT: {"using":"xpath","value":"(//span[contains(@id, \"imgNav\")])[0]"}
COMMAND: POST /session/9e5aab771e60128f16b96e5208a746bd/elements - {"using":"xpath","value":"(//span[contains(@id, \"imgNav\")])[0]"}
RESULT: {"using":"xpath","value":"(//span[contains(@id, \"imgNav\")])[0]"}
COMMAND: POST /session/9e5aab771e60128f16b96e5208a746bd/elements - {"using":"xpath","value":"(//span[contains(@id, \"imgNav\")])[0]"}
RESULT: {"using":"xpath","value":"(//span[contains(@id, \"imgNav\")])[0]"}
COMMAND: POST /session/9e5aab771e60128f16b96e5208a746bd/elements - {"using":"xpath","value":"(//span[contains(@id, \"imgNav\")])[0]"}
RESULT: {"using":"xpath","value":"(//span[contains(@id, \"imgNav\")])[0]"}
COMMAND: POST /session/9e5aab771e60128f16b96e5208a746bd/elements - {"using":"xpath","value":"(//span[contains(@id, \"imgNav\")])[0]"}
RESULT: {"using":"xpath","value":"(//span[contains(@id, \"imgNav\")])[0]"}
COMMAND: POST /session/9e5aab771e60128f16b96e5208a746bd/elements - {"using":"xpath","value":"(//span[contains(@id, \"imgNav\")])[0]"}
COMMAND: GET /session/9e5aab771e60128f16b96e5208a746bd/screenshot - {}
RESULT: {"using":"xpath","value":"(//span[contains(@id, \"imgNav\")])[0]"}
RESULT: {}
COMMAND: GET /session/9e5aab771e60128f16b96e5208a746bd/screenshot - {}
COMMAND: GET /session/9e5aab771e60128f16b96e5208a746bd/screenshot - {}
RESULT: {}
RESULT: {}
COMMAND: DELETE /session/9e5aab771e60128f16b96e5208a746bd - {}
RESULT: {}
]]></system-out>
      <system-err><![CDATA[
Error: Can't call click on element with selector "(//span[contains(@id, "imgNav")])[0]" because element wasn't found
    at async Context.<anonymous> (D:\a\1\s\test\specs\BTS\address-management.spec.js:1173:9)
]]></system-err>
    </testcase>
  </testsuite>
</testsuites>