<?xml version="1.0" encoding="UTF-8"?>
<testsuites tests="48" failures="12" errors="12" skipped="0">
  <testsuite timestamp="2025-05-16T17:23:20" time="787.202" tests="12" failures="12" errors="12" skipped="0">
    <properties>
      <property name="specId" value="0" />
      <property name="suiteName" value="Billing Transfer - Master data &amp; Intercompany US127250" />
      <property name="capabilities" value="chrome.136_0_7103_93.windows" />
      <property name="file" value="file:///D:/a/1/s/test/specs/BTS/billing-transfer-intercompany.spec.js" />
    </properties>
  </testsuite>
  <testsuite timestamp="2025-05-16T17:36:27" time="1180.78" tests="12" failures="0" errors="0" skipped="0">
    <properties>
      <property name="specId" value="0" />
      <property name="suiteName" value="Billing Transfer - Intracompany US127249" />
      <property name="capabilities" value="chrome.136_0_7103_93.windows" />
      <property name="file" value="file:///D:/a/1/s/test/specs/BTS/billing-transfer-intracompany.spec.js" />
    </properties>
    <testcase classname="chrome.136_0_7103_93.windows.Billing_Transfer_-_Intracompany_US127249" name="Should create a new yard" time="137.069">
      <system-out><![CDATA[
COMMAND: POST /session/e61d66238098f0a5d55953d3b90d37e6/window/fullscreen - {}
RESULT: {}
COMMAND: POST /session/e61d66238098f0a5d55953d3b90d37e6/execute/async - {"script":"<script> [1562 bytes]","args":[{"selector":{"controlType":"sap.m.GenericTile","properties":{"header":"Manage Yards"}},"wdio_ui5_key":"sapm.GenericTile{\"header\":\"Manage Yards\"}"}]}
RESULT: {"script":"<script> [1562 bytes]","args":[{"selector":{"controlType":"sap.m.GenericTile","properties":{"header":"Manage Yards"}},"wdio_ui5_key":"sapm.GenericTile{\"header\":\"Manage Yards\"}"}]}
RESULT: undefined
COMMAND: POST /session/e61d66238098f0a5d55953d3b90d37e6/element - {"using":"xpath","value":"//*[@id=\"__tile41\"]"}
RESULT: {"using":"xpath","value":"//*[@id=\"__tile41\"]"}
COMMAND: POST /session/e61d66238098f0a5d55953d3b90d37e6/element/f.4CA2BB8DAA5DB34C3D6E0066B88761B9.d.F2A50A4D72093E427C12BEEA2B7423DF.e.492/click - {}
RESULT: {}
COMMAND: GET /session/e61d66238098f0a5d55953d3b90d37e6/screenshot - {}
RESULT: {}
COMMAND: POST /session/e61d66238098f0a5d55953d3b90d37e6/elements - {"using":"xpath","value":"//span[text()='Error']"}
RESULT: {"using":"xpath","value":"//span[text()='Error']"}
COMMAND: POST /session/e61d66238098f0a5d55953d3b90d37e6/element - {"using":"xpath","value":"//button[@data-kt=\"addNewYardOverflowToolbarButton\"]"}
RESULT: {"using":"xpath","value":"//button[@data-kt=\"addNewYardOverflowToolbarButton\"]"}
COMMAND: POST /session/e61d66238098f0a5d55953d3b90d37e6/elements - {"using":"xpath","value":"//button[@data-kt=\"addNewYardOverflowToolbarButton\"]"}
RESULT: {"using":"xpath","value":"//button[@data-kt=\"addNewYardOverflowToolbarButton\"]"}
COMMAND: POST /session/e61d66238098f0a5d55953d3b90d37e6/elements - {"using":"xpath","value":"//button[@data-kt=\"addNewYardOverflowToolbarButton\"]"}
RESULT: {"using":"xpath","value":"//button[@data-kt=\"addNewYardOverflowToolbarButton\"]"}
COMMAND: POST /session/e61d66238098f0a5d55953d3b90d37e6/elements - {"using":"xpath","value":"//button[@data-kt=\"addNewYardOverflowToolbarButton\"]"}
RESULT: {"using":"xpath","value":"//button[@data-kt=\"addNewYardOverflowToolbarButton\"]"}
COMMAND: POST /session/e61d66238098f0a5d55953d3b90d37e6/elements - {"using":"xpath","value":"//button[@data-kt=\"addNewYardOverflowToolbarButton\"]"}
RESULT: {"using":"xpath","value":"//button[@data-kt=\"addNewYardOverflowToolbarButton\"]"}
COMMAND: POST /session/e61d66238098f0a5d55953d3b90d37e6/elements - {"using":"xpath","value":"//button[@data-kt=\"addNewYardOverflowToolbarButton\"]"}
RESULT: {"using":"xpath","value":"//button[@data-kt=\"addNewYardOverflowToolbarButton\"]"}
COMMAND: POST /session/e61d66238098f0a5d55953d3b90d37e6/element - {"using":"xpath","value":"//button[@data-kt=\"addNewYardOverflowToolbarButton\"]"}
RESULT: {"using":"xpath","value":"//button[@data-kt=\"addNewYardOverflowToolbarButton\"]"}
COMMAND: POST /session/e61d66238098f0a5d55953d3b90d37e6/execute/sync - {"script":"<script> [8489 bytes]","args":[{"element-6066-11e4-a52e-4f735466cecf":"f.4CA2BB8DAA5DB34C3D6E0066B88761B9.d.F2A50A4D72093E427C12BEEA2B7423DF.e.628","ELEMENT":"f.4CA2BB8DAA5DB34C3D6E0066B88761B9.d.F2A50A4D72093E427C12BEEA2B7423DF.e.628"}]}
RESULT: {"script":"<script> [8489 bytes]","args":[{"element-6066-11e4-a52e-4f735466cecf":"f.4CA2BB8DAA5DB34C3D6E0066B88761B9.d.F2A50A4D72093E427C12BEEA2B7423DF.e.628","ELEMENT":"f.4CA2BB8DAA5DB34C3D6E0066B88761B9.d.F2A50A4D72093E427C12BEEA2B7423DF.e.628"}]}
COMMAND: GET /session/e61d66238098f0a5d55953d3b90d37e6/element/f.4CA2BB8DAA5DB34C3D6E0066B88761B9.d.F2A50A4D72093E427C12BEEA2B7423DF.e.628/enabled - {}
COMMAND: GET /session/e61d66238098f0a5d55953d3b90d37e6/screenshot - {}
RESULT: {}
COMMAND: POST /session/e61d66238098f0a5d55953d3b90d37e6/execute/sync - {"script":"<script> [8489 bytes]","args":[{"element-6066-11e4-a52e-4f735466cecf":"f.4CA2BB8DAA5DB34C3D6E0066B88761B9.d.F2A50A4D72093E427C12BEEA2B7423DF.e.628","ELEMENT":"f.4CA2BB8DAA5DB34C3D6E0066B88761B9.d.F2A50A4D72093E427C12BEEA2B7423DF.e.628"}]}
COMMAND: GET /session/e61d66238098f0a5d55953d3b90d37e6/screenshot - {}
RESULT: {}
RESULT: {"script":"<script> [8489 bytes]","args":[{"element-6066-11e4-a52e-4f735466cecf":"f.4CA2BB8DAA5DB34C3D6E0066B88761B9.d.F2A50A4D72093E427C12BEEA2B7423DF.e.628","ELEMENT":"f.4CA2BB8DAA5DB34C3D6E0066B88761B9.d.F2A50A4D72093E427C12BEEA2B7423DF.e.628"}]}
COMMAND: POST /session/e61d66238098f0a5d55953d3b90d37e6/execute/sync - {"script":"<script> [5351 bytes]","args":[{"element-6066-11e4-a52e-4f735466cecf":"f.4CA2BB8DAA5DB34C3D6E0066B88761B9.d.F2A50A4D72093E427C12BEEA2B7423DF.e.628","ELEMENT":"f.4CA2BB8DAA5DB34C3D6E0066B88761B9.d.F2A50A4D72093E427C12BEEA2B7423DF.e.628"}]}
COMMAND: GET /session/e61d66238098f0a5d55953d3b90d37e6/screenshot - {}
RESULT: {}
RESULT: {"script":"<script> [5351 bytes]","args":[{"element-6066-11e4-a52e-4f735466cecf":"f.4CA2BB8DAA5DB34C3D6E0066B88761B9.d.F2A50A4D72093E427C12BEEA2B7423DF.e.628","ELEMENT":"f.4CA2BB8DAA5DB34C3D6E0066B88761B9.d.F2A50A4D72093E427C12BEEA2B7423DF.e.628"}]}
COMMAND: POST /session/e61d66238098f0a5d55953d3b90d37e6/element/f.4CA2BB8DAA5DB34C3D6E0066B88761B9.d.F2A50A4D72093E427C12BEEA2B7423DF.e.628/click - {}
COMMAND: GET /session/e61d66238098f0a5d55953d3b90d37e6/screenshot - {}
RESULT: {}
RESULT: {}
COMMAND: GET /session/e61d66238098f0a5d55953d3b90d37e6/screenshot - {}
COMMAND: POST /session/e61d66238098f0a5d55953d3b90d37e6/element - {"using":"xpath","value":"//input[@id=\"application-manageyards-display-component---NewYard--yardId-inner\"]"}
RESULT: {}
RESULT: {}
RESULT: {"using":"xpath","value":"//input[@id=\"application-manageyards-display-component---NewYard--yardId-inner\"]"}
COMMAND: POST /session/e61d66238098f0a5d55953d3b90d37e6/element - {"using":"xpath","value":"//input[@id=\"application-manageyards-display-component---NewYard--yardId-inner\"]"}
RESULT: {"using":"xpath","value":"//input[@id=\"application-manageyards-display-component---NewYard--yardId-inner\"]"}
COMMAND: POST /session/e61d66238098f0a5d55953d3b90d37e6/execute/async - {"script":"<script> [1562 bytes]","args":[{"selector":{"id":"application-manageyards-display-component---NewYard--addressDetailDetailsName1","interaction":{"idSuffix":"inner"}},"wdio_ui5_key":"applicationmanageyards-display-component---NewYard--addressDetailDetailsName1"}]}
RESULT: {"script":"<script> [1562 bytes]","args":[{"selector":{"id":"application-manageyards-display-component---NewYard--addressDetailDetailsName1","interaction":{"idSuffix":"inner"}},"wdio_ui5_key":"applicationmanageyards-display-component---NewYard--addressDetailDetailsName1"}]}
RESULT: undefined
COMMAND: POST /session/e61d66238098f0a5d55953d3b90d37e6/execute/async - {"script":"<script> [776 bytes]","args":[{"enterText":"Intracompany Yard wdIO","selector":{"id":"application-manageyards-display-component---NewYard--addressDetailDetailsName1","interaction":{"idSuffix":"inner"}},"clearTextFirst":true,"interactionType":"ENTER_TEXT"}]}
RESULT: {"script":"<script> [776 bytes]","args":[{"enterText":"Intracompany Yard wdIO","selector":{"id":"application-manageyards-display-component---NewYard--addressDetailDetailsName1","interaction":{"idSuffix":"inner"}},"clearTextFirst":true,"interactionType":"ENTER_TEXT"}]}
COMMAND: POST /session/e61d66238098f0a5d55953d3b90d37e6/execute/async - {"script":"<script> [1562 bytes]","args":[{"selector":{"id":"application-manageyards-display-component---NewYard--addressDetailDetailsLanguage-arrow"},"wdio_ui5_key":"applicationmanageyards-display-component---NewYard--addressDetailDetailsLanguage-arrow"}]}
RESULT: {"script":"<script> [1562 bytes]","args":[{"selector":{"id":"application-manageyards-display-component---NewYard--addressDetailDetailsLanguage-arrow"},"wdio_ui5_key":"applicationmanageyards-display-component---NewYard--addressDetailDetailsLanguage-arrow"}]}
RESULT: undefined
COMMAND: POST /session/e61d66238098f0a5d55953d3b90d37e6/element - {"using":"xpath","value":"//*[@id=\"application-manageyards-display-component---NewYard--addressDetailDetailsLanguage-arrow\"]"}
RESULT: {"using":"xpath","value":"//*[@id=\"application-manageyards-display-component---NewYard--addressDetailDetailsLanguage-arrow\"]"}
COMMAND: POST /session/e61d66238098f0a5d55953d3b90d37e6/element/f.4CA2BB8DAA5DB34C3D6E0066B88761B9.d.F2A50A4D72093E427C12BEEA2B7423DF.e.1069/click - {}
RESULT: {}
COMMAND: POST /session/e61d66238098f0a5d55953d3b90d37e6/element - {"using":"xpath","value":"//span[contains(text(), \"English\")]"}
COMMAND: GET /session/e61d66238098f0a5d55953d3b90d37e6/screenshot - {}
RESULT: {"using":"xpath","value":"//span[contains(text(), \"English\")]"}
COMMAND: POST /session/e61d66238098f0a5d55953d3b90d37e6/element/f.4CA2BB8DAA5DB34C3D6E0066B88761B9.d.F2A50A4D72093E427C12BEEA2B7423DF.e.1070/click - {}
RESULT: {}
RESULT: {}
COMMAND: POST /session/e61d66238098f0a5d55953d3b90d37e6/execute/async - {"script":"<script> [1562 bytes]","args":[{"selector":{"id":"application-manageyards-display-component---NewYard--addressDetailDetailsCity1","interaction":{"idSuffix":"inner"}},"wdio_ui5_key":"applicationmanageyards-display-component---NewYard--addressDetailDetailsCity1"}]}
COMMAND: GET /session/e61d66238098f0a5d55953d3b90d37e6/screenshot - {}
RESULT: {"script":"<script> [1562 bytes]","args":[{"selector":{"id":"application-manageyards-display-component---NewYard--addressDetailDetailsCity1","interaction":{"idSuffix":"inner"}},"wdio_ui5_key":"applicationmanageyards-display-component---NewYard--addressDetailDetailsCity1"}]}
RESULT: undefined
COMMAND: POST /session/e61d66238098f0a5d55953d3b90d37e6/execute/async - {"script":"<script> [776 bytes]","args":[{"enterText":"Rosario","selector":{"id":"application-manageyards-display-component---NewYard--addressDetailDetailsCity1","interaction":{"idSuffix":"inner"}},"clearTextFirst":true,"interactionType":"ENTER_TEXT"}]}
RESULT: {}
RESULT: {"script":"<script> [776 bytes]","args":[{"enterText":"Rosario","selector":{"id":"application-manageyards-display-component---NewYard--addressDetailDetailsCity1","interaction":{"idSuffix":"inner"}},"clearTextFirst":true,"interactionType":"ENTER_TEXT"}]}
COMMAND: POST /session/e61d66238098f0a5d55953d3b90d37e6/execute/async - {"script":"<script> [1562 bytes]","args":[{"selector":{"id":"application-manageyards-display-component---NewYard--addressDetailDetailsCountry-arrow"},"wdio_ui5_key":"applicationmanageyards-display-component---NewYard--addressDetailDetailsCountry-arrow"}]}
RESULT: {"script":"<script> [1562 bytes]","args":[{"selector":{"id":"application-manageyards-display-component---NewYard--addressDetailDetailsCountry-arrow"},"wdio_ui5_key":"applicationmanageyards-display-component---NewYard--addressDetailDetailsCountry-arrow"}]}
RESULT: undefined
COMMAND: POST /session/e61d66238098f0a5d55953d3b90d37e6/element - {"using":"xpath","value":"//*[@id=\"application-manageyards-display-component---NewYard--addressDetailDetailsCountry-arrow\"]"}
RESULT: {"using":"xpath","value":"//*[@id=\"application-manageyards-display-component---NewYard--addressDetailDetailsCountry-arrow\"]"}
COMMAND: POST /session/e61d66238098f0a5d55953d3b90d37e6/element/f.4CA2BB8DAA5DB34C3D6E0066B88761B9.d.F2A50A4D72093E427C12BEEA2B7423DF.e.1072/click - {}
RESULT: {}
COMMAND: POST /session/e61d66238098f0a5d55953d3b90d37e6/element - {"using":"xpath","value":"//span[contains(text(), \"Argentina\")]"}
COMMAND: GET /session/e61d66238098f0a5d55953d3b90d37e6/screenshot - {}
RESULT: {"using":"xpath","value":"//span[contains(text(), \"Argentina\")]"}
COMMAND: POST /session/e61d66238098f0a5d55953d3b90d37e6/element/f.4CA2BB8DAA5DB34C3D6E0066B88761B9.d.F2A50A4D72093E427C12BEEA2B7423DF.e.1073/click - {}
RESULT: {}
RESULT: {}
COMMAND: POST /session/e61d66238098f0a5d55953d3b90d37e6/execute/async - {"script":"<script> [1562 bytes]","args":[{"selector":{"id":"application-manageyards-display-component---NewYard--addressEditDetailsCostObjectCstType-arrow"},"wdio_ui5_key":"applicationmanageyards-display-component---NewYard--addressEditDetailsCostObjectCstType-arrow"}]}
COMMAND: GET /session/e61d66238098f0a5d55953d3b90d37e6/screenshot - {}
RESULT: {"script":"<script> [1562 bytes]","args":[{"selector":{"id":"application-manageyards-display-component---NewYard--addressEditDetailsCostObjectCstType-arrow"},"wdio_ui5_key":"applicationmanageyards-display-component---NewYard--addressEditDetailsCostObjectCstType-arrow"}]}
RESULT: undefined
COMMAND: POST /session/e61d66238098f0a5d55953d3b90d37e6/element - {"using":"xpath","value":"//*[@id=\"application-manageyards-display-component---NewYard--addressEditDetailsCostObjectCstType-arrow\"]"}
RESULT: {}
RESULT: {"using":"xpath","value":"//*[@id=\"application-manageyards-display-component---NewYard--addressEditDetailsCostObjectCstType-arrow\"]"}
COMMAND: POST /session/e61d66238098f0a5d55953d3b90d37e6/element/f.4CA2BB8DAA5DB34C3D6E0066B88761B9.d.F2A50A4D72093E427C12BEEA2B7423DF.e.1075/click - {}
RESULT: {}
COMMAND: POST /session/e61d66238098f0a5d55953d3b90d37e6/element - {"using":"xpath","value":"//span[contains(text(), \"Cost Center\")]"}
COMMAND: GET /session/e61d66238098f0a5d55953d3b90d37e6/screenshot - {}
RESULT: {"using":"xpath","value":"//span[contains(text(), \"Cost Center\")]"}
COMMAND: POST /session/e61d66238098f0a5d55953d3b90d37e6/element/f.4CA2BB8DAA5DB34C3D6E0066B88761B9.d.F2A50A4D72093E427C12BEEA2B7423DF.e.1076/click - {}
RESULT: {}
RESULT: {}
COMMAND: GET /session/e61d66238098f0a5d55953d3b90d37e6/screenshot - {}
RESULT: {}
COMMAND: POST /session/e61d66238098f0a5d55953d3b90d37e6/element - {"using":"xpath","value":"//span[@id=\"application-manageyards-display-component---NewYard--addressNewCostObjectCstID-vhi\"]"}
RESULT: {"using":"xpath","value":"//span[@id=\"application-manageyards-display-component---NewYard--addressNewCostObjectCstID-vhi\"]"}
COMMAND: POST /session/e61d66238098f0a5d55953d3b90d37e6/execute/sync - {"script":"<script> [8489 bytes]","args":[{"element-6066-11e4-a52e-4f735466cecf":"f.4CA2BB8DAA5DB34C3D6E0066B88761B9.d.F2A50A4D72093E427C12BEEA2B7423DF.e.1080","ELEMENT":"f.4CA2BB8DAA5DB34C3D6E0066B88761B9.d.F2A50A4D72093E427C12BEEA2B7423DF.e.1080"}]}
RESULT: {"script":"<script> [8489 bytes]","args":[{"element-6066-11e4-a52e-4f735466cecf":"f.4CA2BB8DAA5DB34C3D6E0066B88761B9.d.F2A50A4D72093E427C12BEEA2B7423DF.e.1080","ELEMENT":"f.4CA2BB8DAA5DB34C3D6E0066B88761B9.d.F2A50A4D72093E427C12BEEA2B7423DF.e.1080"}]}
COMMAND: POST /session/e61d66238098f0a5d55953d3b90d37e6/execute/async - {"script":"<script> [1562 bytes]","args":[{"selector":{"id":"application-manageyards-display-component---NewYard--addressNewCostObjectCstID-vhi"},"wdio_ui5_key":"applicationmanageyards-display-component---NewYard--addressNewCostObjectCstID-vhi"}]}
COMMAND: GET /session/e61d66238098f0a5d55953d3b90d37e6/screenshot - {}
RESULT: {"script":"<script> [1562 bytes]","args":[{"selector":{"id":"application-manageyards-display-component---NewYard--addressNewCostObjectCstID-vhi"},"wdio_ui5_key":"applicationmanageyards-display-component---NewYard--addressNewCostObjectCstID-vhi"}]}
RESULT: undefined
COMMAND: POST /session/e61d66238098f0a5d55953d3b90d37e6/element - {"using":"xpath","value":"//*[@id=\"application-manageyards-display-component---NewYard--addressNewCostObjectCstID-vhi\"]"}
RESULT: {}
RESULT: {"using":"xpath","value":"//*[@id=\"application-manageyards-display-component---NewYard--addressNewCostObjectCstID-vhi\"]"}
COMMAND: POST /session/e61d66238098f0a5d55953d3b90d37e6/element/f.4CA2BB8DAA5DB34C3D6E0066B88761B9.d.F2A50A4D72093E427C12BEEA2B7423DF.e.1080/click - {}
RESULT: {}
COMMAND: GET /session/e61d66238098f0a5d55953d3b90d37e6/screenshot - {}
RESULT: {}
COMMAND: POST /session/e61d66238098f0a5d55953d3b90d37e6/execute/async - {"script":"<script> [1562 bytes]","args":[{"selector":{"controlType":"sap.m.SearchField","properties":{"placeholder":"Search"},"searchOpenDialogs":true,"interaction":{"idSuffix":"I"}},"wdio_ui5_key":"sapm.SearchField{\"placeholder\":\"Search\"}"}]}
RESULT: {"script":"<script> [1562 bytes]","args":[{"selector":{"controlType":"sap.m.SearchField","properties":{"placeholder":"Search"},"searchOpenDialogs":true,"interaction":{"idSuffix":"I"}},"wdio_ui5_key":"sapm.SearchField{\"placeholder\":\"Search\"}"}]}
RESULT: undefined
COMMAND: POST /session/e61d66238098f0a5d55953d3b90d37e6/execute/async - {"script":"<script> [776 bytes]","args":[{"enterText":"bauh_b","selector":{"controlType":"sap.m.SearchField","properties":{"placeholder":"Search"},"searchOpenDialogs":true,"interaction":{"idSuffix":"I"}},"clearTextFirst":true,"interactionType":"ENTER_TEXT"}]}
RESULT: {"script":"<script> [776 bytes]","args":[{"enterText":"bauh_b","selector":{"controlType":"sap.m.SearchField","properties":{"placeholder":"Search"},"searchOpenDialogs":true,"interaction":{"idSuffix":"I"}},"clearTextFirst":true,"interactionType":"ENTER_TEXT"}]}
COMMAND: POST /session/e61d66238098f0a5d55953d3b90d37e6/actions - {"actions":[{"id":"action2","type":"key","parameters":{},"actions":[{"type":"keyDown","value":"î€‡"},{"type":"pause","duration":10},{"type":"keyUp","value":"î€‡"}]}]}
RESULT: {"actions":[{"id":"action2","type":"key","parameters":{},"actions":[{"type":"keyDown","value":"î€‡"},{"type":"pause","duration":10},{"type":"keyUp","value":"î€‡"}]}]}
COMMAND: GET /session/e61d66238098f0a5d55953d3b90d37e6/screenshot - {}
RESULT: {}
COMMAND: POST /session/e61d66238098f0a5d55953d3b90d37e6/element - {"using":"xpath","value":"//span[contains(text(), \"Demo Yard\")]"}
RESULT: {"using":"xpath","value":"//span[contains(text(), \"Demo Yard\")]"}
COMMAND: POST /session/e61d66238098f0a5d55953d3b90d37e6/element/f.4CA2BB8DAA5DB34C3D6E0066B88761B9.d.F2A50A4D72093E427C12BEEA2B7423DF.e.1088/click - {}
RESULT: {}
COMMAND: GET /session/e61d66238098f0a5d55953d3b90d37e6/screenshot - {}
RESULT: {}
COMMAND: POST /session/e61d66238098f0a5d55953d3b90d37e6/element - {"using":"xpath","value":"//bdi[contains(text(), \"OK\")]"}
RESULT: {"using":"xpath","value":"//bdi[contains(text(), \"OK\")]"}
COMMAND: POST /session/e61d66238098f0a5d55953d3b90d37e6/element/f.4CA2BB8DAA5DB34C3D6E0066B88761B9.d.F2A50A4D72093E427C12BEEA2B7423DF.e.1090/click - {}
RESULT: {}
COMMAND: GET /session/e61d66238098f0a5d55953d3b90d37e6/screenshot - {}
RESULT: {}
COMMAND: POST /session/e61d66238098f0a5d55953d3b90d37e6/execute/async - {"script":"<script> [1562 bytes]","args":[{"selector":{"id":"application-manageyards-display-component---NewYard--addressEditDetailsCurrency-arrow"},"wdio_ui5_key":"applicationmanageyards-display-component---NewYard--addressEditDetailsCurrency-arrow"}]}
RESULT: {"script":"<script> [1562 bytes]","args":[{"selector":{"id":"application-manageyards-display-component---NewYard--addressEditDetailsCurrency-arrow"},"wdio_ui5_key":"applicationmanageyards-display-component---NewYard--addressEditDetailsCurrency-arrow"}]}
RESULT: undefined
COMMAND: POST /session/e61d66238098f0a5d55953d3b90d37e6/element - {"using":"xpath","value":"//*[@id=\"application-manageyards-display-component---NewYard--addressEditDetailsCurrency-arrow\"]"}
RESULT: {"using":"xpath","value":"//*[@id=\"application-manageyards-display-component---NewYard--addressEditDetailsCurrency-arrow\"]"}
COMMAND: POST /session/e61d66238098f0a5d55953d3b90d37e6/element/f.4CA2BB8DAA5DB34C3D6E0066B88761B9.d.F2A50A4D72093E427C12BEEA2B7423DF.e.1093/click - {}
RESULT: {}
COMMAND: POST /session/e61d66238098f0a5d55953d3b90d37e6/element - {"using":"xpath","value":"//span[contains(text(), \"Euro\")]"}
COMMAND: GET /session/e61d66238098f0a5d55953d3b90d37e6/screenshot - {}
RESULT: {"using":"xpath","value":"//span[contains(text(), \"Euro\")]"}
COMMAND: POST /session/e61d66238098f0a5d55953d3b90d37e6/element/f.4CA2BB8DAA5DB34C3D6E0066B88761B9.d.F2A50A4D72093E427C12BEEA2B7423DF.e.1094/click - {}
RESULT: {}
RESULT: {}
COMMAND: POST /session/e61d66238098f0a5d55953d3b90d37e6/execute/async - {"script":"<script> [1562 bytes]","args":[{"selector":{"controlType":"sap.m.Input","viewName":"etm.portal.ui.manageyards.view.New","viewId":"application-manageyards-display-component---NewYard","bindingPath":{"path":"","propertyPath":"/CONTROLLING_AREA","modelName":"NewYardModel"},"interaction":{"idSuffix":"inner"}},"wdio_ui5_key":"etmportal.ui.manageyards.view.Newsap.m.Input{\"path\":\"\",\"propertyPath\":\"/CONTROLLING_AREA\",\"modelName\":\"NewYardModel\"}"}]}
COMMAND: GET /session/e61d66238098f0a5d55953d3b90d37e6/screenshot - {}
RESULT: {"script":"<script> [1562 bytes]","args":[{"selector":{"controlType":"sap.m.Input","viewName":"etm.portal.ui.manageyards.view.New","viewId":"application-manageyards-display-component---NewYard","bindingPath":{"path":"","propertyPath":"/CONTROLLING_AREA","modelName":"NewYardModel"},"interaction":{"idSuffix":"inner"}},"wdio_ui5_key":"etmportal.ui.manageyards.view.Newsap.m.Input{\"path\":\"\",\"propertyPath\":\"/CONTROLLING_AREA\",\"modelName\":\"NewYardModel\"}"}]}
RESULT: undefined
COMMAND: POST /session/e61d66238098f0a5d55953d3b90d37e6/execute/async - {"script":"<script> [776 bytes]","args":[{"enterText":"Z001","selector":{"controlType":"sap.m.Input","viewName":"etm.portal.ui.manageyards.view.New","viewId":"application-manageyards-display-component---NewYard","bindingPath":{"path":"","propertyPath":"/CONTROLLING_AREA","modelName":"NewYardModel"},"interaction":{"idSuffix":"inner"}},"clearTextFirst":true,"interactionType":"ENTER_TEXT"}]}
RESULT: {}
RESULT: {"script":"<script> [776 bytes]","args":[{"enterText":"Z001","selector":{"controlType":"sap.m.Input","viewName":"etm.portal.ui.manageyards.view.New","viewId":"application-manageyards-display-component---NewYard","bindingPath":{"path":"","propertyPath":"/CONTROLLING_AREA","modelName":"NewYardModel"},"interaction":{"idSuffix":"inner"}},"clearTextFirst":true,"interactionType":"ENTER_TEXT"}]}
COMMAND: POST /session/e61d66238098f0a5d55953d3b90d37e6/execute/async - {"script":"<script> [1562 bytes]","args":[{"selector":{"id":"application-manageyards-display-component---NewYard--companyCodeComboBox","interaction":{"idSuffix":"inner"}},"wdio_ui5_key":"applicationmanageyards-display-component---NewYard--companyCodeComboBox"}]}
RESULT: {"script":"<script> [1562 bytes]","args":[{"selector":{"id":"application-manageyards-display-component---NewYard--companyCodeComboBox","interaction":{"idSuffix":"inner"}},"wdio_ui5_key":"applicationmanageyards-display-component---NewYard--companyCodeComboBox"}]}
RESULT: undefined
COMMAND: POST /session/e61d66238098f0a5d55953d3b90d37e6/execute/async - {"script":"<script> [776 bytes]","args":[{"enterText":"1000","selector":{"id":"application-manageyards-display-component---NewYard--companyCodeComboBox","interaction":{"idSuffix":"inner"}},"clearTextFirst":true,"interactionType":"ENTER_TEXT"}]}
RESULT: {"script":"<script> [776 bytes]","args":[{"enterText":"1000","selector":{"id":"application-manageyards-display-component---NewYard--companyCodeComboBox","interaction":{"idSuffix":"inner"}},"clearTextFirst":true,"interactionType":"ENTER_TEXT"}]}
COMMAND: POST /session/e61d66238098f0a5d55953d3b90d37e6/execute/async - {"script":"<script> [1562 bytes]","args":[{"selector":{"controlType":"sap.m.Input","viewName":"etm.portal.ui.manageyards.view.New","viewId":"application-manageyards-display-component---NewYard","bindingPath":{"path":"","propertyPath":"/PLANT","modelName":"NewYardModel"},"interaction":{"idSuffix":"inner"}},"wdio_ui5_key":"etmportal.ui.manageyards.view.Newsap.m.Input{\"path\":\"\",\"propertyPath\":\"/PLANT\",\"modelName\":\"NewYardModel\"}"}]}
RESULT: {"script":"<script> [1562 bytes]","args":[{"selector":{"controlType":"sap.m.Input","viewName":"etm.portal.ui.manageyards.view.New","viewId":"application-manageyards-display-component---NewYard","bindingPath":{"path":"","propertyPath":"/PLANT","modelName":"NewYardModel"},"interaction":{"idSuffix":"inner"}},"wdio_ui5_key":"etmportal.ui.manageyards.view.Newsap.m.Input{\"path\":\"\",\"propertyPath\":\"/PLANT\",\"modelName\":\"NewYardModel\"}"}]}
RESULT: undefined
COMMAND: POST /session/e61d66238098f0a5d55953d3b90d37e6/execute/async - {"script":"<script> [776 bytes]","args":[{"enterText":"1001","selector":{"controlType":"sap.m.Input","viewName":"etm.portal.ui.manageyards.view.New","viewId":"application-manageyards-display-component---NewYard","bindingPath":{"path":"","propertyPath":"/PLANT","modelName":"NewYardModel"},"interaction":{"idSuffix":"inner"}},"clearTextFirst":true,"interactionType":"ENTER_TEXT"}]}
RESULT: {"script":"<script> [776 bytes]","args":[{"enterText":"1001","selector":{"controlType":"sap.m.Input","viewName":"etm.portal.ui.manageyards.view.New","viewId":"application-manageyards-display-component---NewYard","bindingPath":{"path":"","propertyPath":"/PLANT","modelName":"NewYardModel"},"interaction":{"idSuffix":"inner"}},"clearTextFirst":true,"interactionType":"ENTER_TEXT"}]}
COMMAND: POST /session/e61d66238098f0a5d55953d3b90d37e6/execute/async - {"script":"<script> [1562 bytes]","args":[{"selector":{"controlType":"sap.m.Input","viewName":"etm.portal.ui.manageyards.view.New","viewId":"application-manageyards-display-component---NewYard","bindingPath":{"path":"","propertyPath":"/SALES_AREA_VKORG","modelName":"NewYardModel"},"interaction":{"idSuffix":"inner"}},"wdio_ui5_key":"etmportal.ui.manageyards.view.Newsap.m.Input{\"path\":\"\",\"propertyPath\":\"/SALES_AREA_VKORG\",\"modelName\":\"NewYardModel\"}"}]}
RESULT: {"script":"<script> [1562 bytes]","args":[{"selector":{"controlType":"sap.m.Input","viewName":"etm.portal.ui.manageyards.view.New","viewId":"application-manageyards-display-component---NewYard","bindingPath":{"path":"","propertyPath":"/SALES_AREA_VKORG","modelName":"NewYardModel"},"interaction":{"idSuffix":"inner"}},"wdio_ui5_key":"etmportal.ui.manageyards.view.Newsap.m.Input{\"path\":\"\",\"propertyPath\":\"/SALES_AREA_VKORG\",\"modelName\":\"NewYardModel\"}"}]}
RESULT: undefined
COMMAND: POST /session/e61d66238098f0a5d55953d3b90d37e6/execute/async - {"script":"<script> [776 bytes]","args":[{"enterText":"C002","selector":{"controlType":"sap.m.Input","viewName":"etm.portal.ui.manageyards.view.New","viewId":"application-manageyards-display-component---NewYard","bindingPath":{"path":"","propertyPath":"/SALES_AREA_VKORG","modelName":"NewYardModel"},"interaction":{"idSuffix":"inner"}},"clearTextFirst":true,"interactionType":"ENTER_TEXT"}]}
RESULT: {"script":"<script> [776 bytes]","args":[{"enterText":"C002","selector":{"controlType":"sap.m.Input","viewName":"etm.portal.ui.manageyards.view.New","viewId":"application-manageyards-display-component---NewYard","bindingPath":{"path":"","propertyPath":"/SALES_AREA_VKORG","modelName":"NewYardModel"},"interaction":{"idSuffix":"inner"}},"clearTextFirst":true,"interactionType":"ENTER_TEXT"}]}
COMMAND: POST /session/e61d66238098f0a5d55953d3b90d37e6/execute/async - {"script":"<script> [1562 bytes]","args":[{"selector":{"controlType":"sap.m.Input","viewName":"etm.portal.ui.manageyards.view.New","viewId":"application-manageyards-display-component---NewYard","bindingPath":{"path":"","propertyPath":"/SALES_AREA_VTWEG","modelName":"NewYardModel"},"interaction":{"idSuffix":"inner"}},"wdio_ui5_key":"etmportal.ui.manageyards.view.Newsap.m.Input{\"path\":\"\",\"propertyPath\":\"/SALES_AREA_VTWEG\",\"modelName\":\"NewYardModel\"}"}]}
RESULT: {"script":"<script> [1562 bytes]","args":[{"selector":{"controlType":"sap.m.Input","viewName":"etm.portal.ui.manageyards.view.New","viewId":"application-manageyards-display-component---NewYard","bindingPath":{"path":"","propertyPath":"/SALES_AREA_VTWEG","modelName":"NewYardModel"},"interaction":{"idSuffix":"inner"}},"wdio_ui5_key":"etmportal.ui.manageyards.view.Newsap.m.Input{\"path\":\"\",\"propertyPath\":\"/SALES_AREA_VTWEG\",\"modelName\":\"NewYardModel\"}"}]}
RESULT: undefined
COMMAND: POST /session/e61d66238098f0a5d55953d3b90d37e6/execute/async - {"script":"<script> [776 bytes]","args":[{"enterText":"C2","selector":{"controlType":"sap.m.Input","viewName":"etm.portal.ui.manageyards.view.New","viewId":"application-manageyards-display-component---NewYard","bindingPath":{"path":"","propertyPath":"/SALES_AREA_VTWEG","modelName":"NewYardModel"},"interaction":{"idSuffix":"inner"}},"clearTextFirst":true,"interactionType":"ENTER_TEXT"}]}
RESULT: {"script":"<script> [776 bytes]","args":[{"enterText":"C2","selector":{"controlType":"sap.m.Input","viewName":"etm.portal.ui.manageyards.view.New","viewId":"application-manageyards-display-component---NewYard","bindingPath":{"path":"","propertyPath":"/SALES_AREA_VTWEG","modelName":"NewYardModel"},"interaction":{"idSuffix":"inner"}},"clearTextFirst":true,"interactionType":"ENTER_TEXT"}]}
COMMAND: POST /session/e61d66238098f0a5d55953d3b90d37e6/execute/async - {"script":"<script> [1562 bytes]","args":[{"selector":{"controlType":"sap.m.Input","viewName":"etm.portal.ui.manageyards.view.New","viewId":"application-manageyards-display-component---NewYard","bindingPath":{"path":"","propertyPath":"/SALES_AREA_SPART","modelName":"NewYardModel"},"interaction":{"idSuffix":"inner"}},"wdio_ui5_key":"etmportal.ui.manageyards.view.Newsap.m.Input{\"path\":\"\",\"propertyPath\":\"/SALES_AREA_SPART\",\"modelName\":\"NewYardModel\"}"}]}
RESULT: {"script":"<script> [1562 bytes]","args":[{"selector":{"controlType":"sap.m.Input","viewName":"etm.portal.ui.manageyards.view.New","viewId":"application-manageyards-display-component---NewYard","bindingPath":{"path":"","propertyPath":"/SALES_AREA_SPART","modelName":"NewYardModel"},"interaction":{"idSuffix":"inner"}},"wdio_ui5_key":"etmportal.ui.manageyards.view.Newsap.m.Input{\"path\":\"\",\"propertyPath\":\"/SALES_AREA_SPART\",\"modelName\":\"NewYardModel\"}"}]}
RESULT: undefined
COMMAND: POST /session/e61d66238098f0a5d55953d3b90d37e6/execute/async - {"script":"<script> [776 bytes]","args":[{"enterText":"C2","selector":{"controlType":"sap.m.Input","viewName":"etm.portal.ui.manageyards.view.New","viewId":"application-manageyards-display-component---NewYard","bindingPath":{"path":"","propertyPath":"/SALES_AREA_SPART","modelName":"NewYardModel"},"interaction":{"idSuffix":"inner"}},"clearTextFirst":true,"interactionType":"ENTER_TEXT"}]}
RESULT: {"script":"<script> [776 bytes]","args":[{"enterText":"C2","selector":{"controlType":"sap.m.Input","viewName":"etm.portal.ui.manageyards.view.New","viewId":"application-manageyards-display-component---NewYard","bindingPath":{"path":"","propertyPath":"/SALES_AREA_SPART","modelName":"NewYardModel"},"interaction":{"idSuffix":"inner"}},"clearTextFirst":true,"interactionType":"ENTER_TEXT"}]}
COMMAND: POST /session/e61d66238098f0a5d55953d3b90d37e6/execute/async - {"script":"<script> [1562 bytes]","args":[{"selector":{"controlType":"sap.m.Input","viewName":"etm.portal.ui.manageyards.view.New","viewId":"application-manageyards-display-component---NewYard","bindingPath":{"path":"","propertyPath":"/SHIP_POINT","modelName":"NewYardModel"},"interaction":{"idSuffix":"inner"}},"wdio_ui5_key":"etmportal.ui.manageyards.view.Newsap.m.Input{\"path\":\"\",\"propertyPath\":\"/SHIP_POINT\",\"modelName\":\"NewYardModel\"}"}]}
RESULT: {"script":"<script> [1562 bytes]","args":[{"selector":{"controlType":"sap.m.Input","viewName":"etm.portal.ui.manageyards.view.New","viewId":"application-manageyards-display-component---NewYard","bindingPath":{"path":"","propertyPath":"/SHIP_POINT","modelName":"NewYardModel"},"interaction":{"idSuffix":"inner"}},"wdio_ui5_key":"etmportal.ui.manageyards.view.Newsap.m.Input{\"path\":\"\",\"propertyPath\":\"/SHIP_POINT\",\"modelName\":\"NewYardModel\"}"}]}
RESULT: undefined
COMMAND: POST /session/e61d66238098f0a5d55953d3b90d37e6/execute/async - {"script":"<script> [776 bytes]","args":[{"enterText":"1710","selector":{"controlType":"sap.m.Input","viewName":"etm.portal.ui.manageyards.view.New","viewId":"application-manageyards-display-component---NewYard","bindingPath":{"path":"","propertyPath":"/SHIP_POINT","modelName":"NewYardModel"},"interaction":{"idSuffix":"inner"}},"clearTextFirst":true,"interactionType":"ENTER_TEXT"}]}
RESULT: {"script":"<script> [776 bytes]","args":[{"enterText":"1710","selector":{"controlType":"sap.m.Input","viewName":"etm.portal.ui.manageyards.view.New","viewId":"application-manageyards-display-component---NewYard","bindingPath":{"path":"","propertyPath":"/SHIP_POINT","modelName":"NewYardModel"},"interaction":{"idSuffix":"inner"}},"clearTextFirst":true,"interactionType":"ENTER_TEXT"}]}
COMMAND: POST /session/e61d66238098f0a5d55953d3b90d37e6/execute/async - {"script":"<script> [1562 bytes]","args":[{"selector":{"controlType":"sap.m.Input","viewName":"etm.portal.ui.manageyards.view.New","viewId":"application-manageyards-display-component---NewYard","bindingPath":{"path":"","propertyPath":"/DELIVERY_TYPE","modelName":"NewYardModel"},"interaction":{"idSuffix":"inner"}},"wdio_ui5_key":"etmportal.ui.manageyards.view.Newsap.m.Input{\"path\":\"\",\"propertyPath\":\"/DELIVERY_TYPE\",\"modelName\":\"NewYardModel\"}"}]}
RESULT: {"script":"<script> [1562 bytes]","args":[{"selector":{"controlType":"sap.m.Input","viewName":"etm.portal.ui.manageyards.view.New","viewId":"application-manageyards-display-component---NewYard","bindingPath":{"path":"","propertyPath":"/DELIVERY_TYPE","modelName":"NewYardModel"},"interaction":{"idSuffix":"inner"}},"wdio_ui5_key":"etmportal.ui.manageyards.view.Newsap.m.Input{\"path\":\"\",\"propertyPath\":\"/DELIVERY_TYPE\",\"modelName\":\"NewYardModel\"}"}]}
RESULT: undefined
COMMAND: POST /session/e61d66238098f0a5d55953d3b90d37e6/execute/async - {"script":"<script> [776 bytes]","args":[{"enterText":"ZL01","selector":{"controlType":"sap.m.Input","viewName":"etm.portal.ui.manageyards.view.New","viewId":"application-manageyards-display-component---NewYard","bindingPath":{"path":"","propertyPath":"/DELIVERY_TYPE","modelName":"NewYardModel"},"interaction":{"idSuffix":"inner"}},"clearTextFirst":true,"interactionType":"ENTER_TEXT"}]}
RESULT: {"script":"<script> [776 bytes]","args":[{"enterText":"ZL01","selector":{"controlType":"sap.m.Input","viewName":"etm.portal.ui.manageyards.view.New","viewId":"application-manageyards-display-component---NewYard","bindingPath":{"path":"","propertyPath":"/DELIVERY_TYPE","modelName":"NewYardModel"},"interaction":{"idSuffix":"inner"}},"clearTextFirst":true,"interactionType":"ENTER_TEXT"}]}
COMMAND: POST /session/e61d66238098f0a5d55953d3b90d37e6/execute/async - {"script":"<script> [1562 bytes]","args":[{"selector":{"controlType":"sap.m.Input","viewName":"etm.portal.ui.manageyards.view.New","viewId":"application-manageyards-display-component---NewYard","bindingPath":{"path":"","propertyPath":"/AUART","modelName":"NewYardModel"},"interaction":{"idSuffix":"inner"}},"wdio_ui5_key":"etmportal.ui.manageyards.view.Newsap.m.Input{\"path\":\"\",\"propertyPath\":\"/AUART\",\"modelName\":\"NewYardModel\"}"}]}
RESULT: {"script":"<script> [1562 bytes]","args":[{"selector":{"controlType":"sap.m.Input","viewName":"etm.portal.ui.manageyards.view.New","viewId":"application-manageyards-display-component---NewYard","bindingPath":{"path":"","propertyPath":"/AUART","modelName":"NewYardModel"},"interaction":{"idSuffix":"inner"}},"wdio_ui5_key":"etmportal.ui.manageyards.view.Newsap.m.Input{\"path\":\"\",\"propertyPath\":\"/AUART\",\"modelName\":\"NewYardModel\"}"}]}
RESULT: undefined
COMMAND: POST /session/e61d66238098f0a5d55953d3b90d37e6/execute/async - {"script":"<script> [776 bytes]","args":[{"enterText":"TA","selector":{"controlType":"sap.m.Input","viewName":"etm.portal.ui.manageyards.view.New","viewId":"application-manageyards-display-component---NewYard","bindingPath":{"path":"","propertyPath":"/AUART","modelName":"NewYardModel"},"interaction":{"idSuffix":"inner"}},"clearTextFirst":true,"interactionType":"ENTER_TEXT"}]}
RESULT: {"script":"<script> [776 bytes]","args":[{"enterText":"TA","selector":{"controlType":"sap.m.Input","viewName":"etm.portal.ui.manageyards.view.New","viewId":"application-manageyards-display-component---NewYard","bindingPath":{"path":"","propertyPath":"/AUART","modelName":"NewYardModel"},"interaction":{"idSuffix":"inner"}},"clearTextFirst":true,"interactionType":"ENTER_TEXT"}]}
COMMAND: POST /session/e61d66238098f0a5d55953d3b90d37e6/element - {"using":"xpath","value":"//button[@data-kt=\"newYardSaveButton\"]"}
RESULT: {"using":"xpath","value":"//button[@data-kt=\"newYardSaveButton\"]"}
COMMAND: POST /session/e61d66238098f0a5d55953d3b90d37e6/element/f.4CA2BB8DAA5DB34C3D6E0066B88761B9.d.F2A50A4D72093E427C12BEEA2B7423DF.e.1005/click - {}
RESULT: {}
COMMAND: GET /session/e61d66238098f0a5d55953d3b90d37e6/screenshot - {}
RESULT: {}
COMMAND: POST /session/e61d66238098f0a5d55953d3b90d37e6/element - {"using":"xpath","value":"//header[contains(@id, 'ObjectPageLayout-headerTitle')]/div[1]/div[2]/div[1]/span[1]"}
RESULT: {"using":"xpath","value":"//header[contains(@id, 'ObjectPageLayout-headerTitle')]/div[1]/div[2]/div[1]/span[1]"}
COMMAND: POST /session/e61d66238098f0a5d55953d3b90d37e6/elements - {"using":"xpath","value":"//header[contains(@id, 'ObjectPageLayout-headerTitle')]/div[1]/div[2]/div[1]/span[1]"}
RESULT: {"using":"xpath","value":"//header[contains(@id, 'ObjectPageLayout-headerTitle')]/div[1]/div[2]/div[1]/span[1]"}
COMMAND: POST /session/e61d66238098f0a5d55953d3b90d37e6/execute/sync - {"script":"<script> [56 bytes]","args":[{"element-6066-11e4-a52e-4f735466cecf":"f.4CA2BB8DAA5DB34C3D6E0066B88761B9.d.F2A50A4D72093E427C12BEEA2B7423DF.e.1321","ELEMENT":"f.4CA2BB8DAA5DB34C3D6E0066B88761B9.d.F2A50A4D72093E427C12BEEA2B7423DF.e.1321"}]}
RESULT: {"script":"<script> [56 bytes]","args":[{"element-6066-11e4-a52e-4f735466cecf":"f.4CA2BB8DAA5DB34C3D6E0066B88761B9.d.F2A50A4D72093E427C12BEEA2B7423DF.e.1321","ELEMENT":"f.4CA2BB8DAA5DB34C3D6E0066B88761B9.d.F2A50A4D72093E427C12BEEA2B7423DF.e.1321"}]}
COMMAND: GET /session/e61d66238098f0a5d55953d3b90d37e6/screenshot - {}
RESULT: {}
COMMAND: POST /session/e61d66238098f0a5d55953d3b90d37e6/element - {"using":"css selector","value":"#shell-header-logo"}
RESULT: {"using":"css selector","value":"#shell-header-logo"}
COMMAND: POST /session/e61d66238098f0a5d55953d3b90d37e6/element/f.4CA2BB8DAA5DB34C3D6E0066B88761B9.d.F2A50A4D72093E427C12BEEA2B7423DF.e.597/click - {}
RESULT: {}
COMMAND: GET /session/e61d66238098f0a5d55953d3b90d37e6/screenshot - {}
RESULT: {}
COMMAND: POST /session/e61d66238098f0a5d55953d3b90d37e6/execute/sync - {"script":"<script> [299 bytes]","args":[["getModel","getResource"]]}
RESULT: {"script":"<script> [299 bytes]","args":[["getModel","getResource"]]}
COMMAND: GET /session/e61d66238098f0a5d55953d3b90d37e6/screenshot - {}
]]></system-out>
    </testcase>
    <testcase classname="chrome.136_0_7103_93.windows.Billing_Transfer_-_Intracompany_US127249" name="Should create a new partner" time="149.21">
      <system-out><![CDATA[
COMMAND: POST /session/e61d66238098f0a5d55953d3b90d37e6/window/fullscreen - {}
RESULT: {}
RESULT: {}
COMMAND: POST /session/e61d66238098f0a5d55953d3b90d37e6/execute/async - {"script":"<script> [1562 bytes]","args":[{"selector":{"controlType":"sap.m.GenericTile","properties":{"header":"Manage Partners"}},"wdio_ui5_key":"sapm.GenericTile{\"header\":\"Manage Partners\"}"}]}
RESULT: {"script":"<script> [1562 bytes]","args":[{"selector":{"controlType":"sap.m.GenericTile","properties":{"header":"Manage Partners"}},"wdio_ui5_key":"sapm.GenericTile{\"header\":\"Manage Partners\"}"}]}
RESULT: undefined
COMMAND: POST /session/e61d66238098f0a5d55953d3b90d37e6/element - {"using":"xpath","value":"//*[@id=\"__tile38\"]"}
RESULT: {"using":"xpath","value":"//*[@id=\"__tile38\"]"}
COMMAND: POST /session/e61d66238098f0a5d55953d3b90d37e6/element/f.4CA2BB8DAA5DB34C3D6E0066B88761B9.d.F2A50A4D72093E427C12BEEA2B7423DF.e.483/click - {}
RESULT: {}
COMMAND: GET /session/e61d66238098f0a5d55953d3b90d37e6/screenshot - {}
RESULT: {}
COMMAND: POST /session/e61d66238098f0a5d55953d3b90d37e6/elements - {"using":"xpath","value":"//span[text()='Error']"}
RESULT: {"using":"xpath","value":"//span[text()='Error']"}
COMMAND: POST /session/e61d66238098f0a5d55953d3b90d37e6/element - {"using":"xpath","value":"//button[@data-kt=\"addButton\"]"}
RESULT: {"using":"xpath","value":"//button[@data-kt=\"addButton\"]"}
COMMAND: POST /session/e61d66238098f0a5d55953d3b90d37e6/elements - {"using":"xpath","value":"//button[@data-kt=\"addButton\"]"}
RESULT: {"using":"xpath","value":"//button[@data-kt=\"addButton\"]"}
COMMAND: POST /session/e61d66238098f0a5d55953d3b90d37e6/elements - {"using":"xpath","value":"//button[@data-kt=\"addButton\"]"}
RESULT: {"using":"xpath","value":"//button[@data-kt=\"addButton\"]"}
COMMAND: POST /session/e61d66238098f0a5d55953d3b90d37e6/elements - {"using":"xpath","value":"//button[@data-kt=\"addButton\"]"}
RESULT: {"using":"xpath","value":"//button[@data-kt=\"addButton\"]"}
COMMAND: POST /session/e61d66238098f0a5d55953d3b90d37e6/elements - {"using":"xpath","value":"//button[@data-kt=\"addButton\"]"}
RESULT: {"using":"xpath","value":"//button[@data-kt=\"addButton\"]"}
COMMAND: POST /session/e61d66238098f0a5d55953d3b90d37e6/element - {"using":"xpath","value":"//button[@data-kt=\"addButton\"]"}
RESULT: {"using":"xpath","value":"//button[@data-kt=\"addButton\"]"}
COMMAND: POST /session/e61d66238098f0a5d55953d3b90d37e6/execute/sync - {"script":"<script> [8489 bytes]","args":[{"element-6066-11e4-a52e-4f735466cecf":"f.4CA2BB8DAA5DB34C3D6E0066B88761B9.d.F2A50A4D72093E427C12BEEA2B7423DF.e.1371","ELEMENT":"f.4CA2BB8DAA5DB34C3D6E0066B88761B9.d.F2A50A4D72093E427C12BEEA2B7423DF.e.1371"}]}
RESULT: {"script":"<script> [8489 bytes]","args":[{"element-6066-11e4-a52e-4f735466cecf":"f.4CA2BB8DAA5DB34C3D6E0066B88761B9.d.F2A50A4D72093E427C12BEEA2B7423DF.e.1371","ELEMENT":"f.4CA2BB8DAA5DB34C3D6E0066B88761B9.d.F2A50A4D72093E427C12BEEA2B7423DF.e.1371"}]}
COMMAND: GET /session/e61d66238098f0a5d55953d3b90d37e6/element/f.4CA2BB8DAA5DB34C3D6E0066B88761B9.d.F2A50A4D72093E427C12BEEA2B7423DF.e.1371/enabled - {}
COMMAND: GET /session/e61d66238098f0a5d55953d3b90d37e6/screenshot - {}
RESULT: {}
COMMAND: POST /session/e61d66238098f0a5d55953d3b90d37e6/execute/sync - {"script":"<script> [8489 bytes]","args":[{"element-6066-11e4-a52e-4f735466cecf":"f.4CA2BB8DAA5DB34C3D6E0066B88761B9.d.F2A50A4D72093E427C12BEEA2B7423DF.e.1371","ELEMENT":"f.4CA2BB8DAA5DB34C3D6E0066B88761B9.d.F2A50A4D72093E427C12BEEA2B7423DF.e.1371"}]}
COMMAND: GET /session/e61d66238098f0a5d55953d3b90d37e6/screenshot - {}
RESULT: {}
RESULT: {"script":"<script> [8489 bytes]","args":[{"element-6066-11e4-a52e-4f735466cecf":"f.4CA2BB8DAA5DB34C3D6E0066B88761B9.d.F2A50A4D72093E427C12BEEA2B7423DF.e.1371","ELEMENT":"f.4CA2BB8DAA5DB34C3D6E0066B88761B9.d.F2A50A4D72093E427C12BEEA2B7423DF.e.1371"}]}
COMMAND: POST /session/e61d66238098f0a5d55953d3b90d37e6/execute/sync - {"script":"<script> [5351 bytes]","args":[{"element-6066-11e4-a52e-4f735466cecf":"f.4CA2BB8DAA5DB34C3D6E0066B88761B9.d.F2A50A4D72093E427C12BEEA2B7423DF.e.1371","ELEMENT":"f.4CA2BB8DAA5DB34C3D6E0066B88761B9.d.F2A50A4D72093E427C12BEEA2B7423DF.e.1371"}]}
COMMAND: GET /session/e61d66238098f0a5d55953d3b90d37e6/screenshot - {}
RESULT: {}
RESULT: {"script":"<script> [5351 bytes]","args":[{"element-6066-11e4-a52e-4f735466cecf":"f.4CA2BB8DAA5DB34C3D6E0066B88761B9.d.F2A50A4D72093E427C12BEEA2B7423DF.e.1371","ELEMENT":"f.4CA2BB8DAA5DB34C3D6E0066B88761B9.d.F2A50A4D72093E427C12BEEA2B7423DF.e.1371"}]}
COMMAND: POST /session/e61d66238098f0a5d55953d3b90d37e6/element/f.4CA2BB8DAA5DB34C3D6E0066B88761B9.d.F2A50A4D72093E427C12BEEA2B7423DF.e.1371/click - {}
COMMAND: GET /session/e61d66238098f0a5d55953d3b90d37e6/screenshot - {}
RESULT: {}
RESULT: {}
COMMAND: GET /session/e61d66238098f0a5d55953d3b90d37e6/screenshot - {}
COMMAND: POST /session/e61d66238098f0a5d55953d3b90d37e6/execute/async - {"script":"<script> [1562 bytes]","args":[{"selector":{"id":"application-managepartners-display-component---NewPartner--addressDetailDetailsName1","interaction":{"idSuffix":"inner"}},"wdio_ui5_key":"applicationmanagepartners-display-component---NewPartner--addressDetailDetailsName1"}]}
RESULT: {}
RESULT: {}
RESULT: {"script":"<script> [1562 bytes]","args":[{"selector":{"id":"application-managepartners-display-component---NewPartner--addressDetailDetailsName1","interaction":{"idSuffix":"inner"}},"wdio_ui5_key":"applicationmanagepartners-display-component---NewPartner--addressDetailDetailsName1"}]}
RESULT: undefined
COMMAND: POST /session/e61d66238098f0a5d55953d3b90d37e6/execute/async - {"script":"<script> [776 bytes]","args":[{"enterText":"Intracompany Partner WDIO","selector":{"id":"application-managepartners-display-component---NewPartner--addressDetailDetailsName1","interaction":{"idSuffix":"inner"}},"clearTextFirst":true,"interactionType":"ENTER_TEXT"}]}
RESULT: {"script":"<script> [776 bytes]","args":[{"enterText":"Intracompany Partner WDIO","selector":{"id":"application-managepartners-display-component---NewPartner--addressDetailDetailsName1","interaction":{"idSuffix":"inner"}},"clearTextFirst":true,"interactionType":"ENTER_TEXT"}]}
COMMAND: POST /session/e61d66238098f0a5d55953d3b90d37e6/execute/async - {"script":"<script> [1562 bytes]","args":[{"selector":{"id":"application-managepartners-display-component---NewPartner--addressDetailDetailsLanguage-arrow"},"wdio_ui5_key":"applicationmanagepartners-display-component---NewPartner--addressDetailDetailsLanguage-arrow"}]}
RESULT: {"script":"<script> [1562 bytes]","args":[{"selector":{"id":"application-managepartners-display-component---NewPartner--addressDetailDetailsLanguage-arrow"},"wdio_ui5_key":"applicationmanagepartners-display-component---NewPartner--addressDetailDetailsLanguage-arrow"}]}
RESULT: undefined
COMMAND: POST /session/e61d66238098f0a5d55953d3b90d37e6/element - {"using":"xpath","value":"//*[@id=\"application-managepartners-display-component---NewPartner--addressDetailDetailsLanguage-arrow\"]"}
RESULT: {"using":"xpath","value":"//*[@id=\"application-managepartners-display-component---NewPartner--addressDetailDetailsLanguage-arrow\"]"}
COMMAND: POST /session/e61d66238098f0a5d55953d3b90d37e6/element/f.4CA2BB8DAA5DB34C3D6E0066B88761B9.d.F2A50A4D72093E427C12BEEA2B7423DF.e.1805/click - {}
RESULT: {}
COMMAND: POST /session/e61d66238098f0a5d55953d3b90d37e6/element - {"using":"xpath","value":"//span[contains(text(), \"English\")]"}
COMMAND: GET /session/e61d66238098f0a5d55953d3b90d37e6/screenshot - {}
RESULT: {"using":"xpath","value":"//span[contains(text(), \"English\")]"}
COMMAND: POST /session/e61d66238098f0a5d55953d3b90d37e6/element/f.4CA2BB8DAA5DB34C3D6E0066B88761B9.d.F2A50A4D72093E427C12BEEA2B7423DF.e.1806/click - {}
RESULT: {}
RESULT: {}
COMMAND: GET /session/e61d66238098f0a5d55953d3b90d37e6/screenshot - {}
RESULT: {}
COMMAND: POST /session/e61d66238098f0a5d55953d3b90d37e6/execute/async - {"script":"<script> [1562 bytes]","args":[{"selector":{"id":"application-managepartners-display-component---NewPartner--addressDetailDetailsCity1","interaction":{"idSuffix":"inner"}},"wdio_ui5_key":"applicationmanagepartners-display-component---NewPartner--addressDetailDetailsCity1"}]}
RESULT: {"script":"<script> [1562 bytes]","args":[{"selector":{"id":"application-managepartners-display-component---NewPartner--addressDetailDetailsCity1","interaction":{"idSuffix":"inner"}},"wdio_ui5_key":"applicationmanagepartners-display-component---NewPartner--addressDetailDetailsCity1"}]}
RESULT: undefined
COMMAND: POST /session/e61d66238098f0a5d55953d3b90d37e6/execute/async - {"script":"<script> [776 bytes]","args":[{"enterText":"Rosario","selector":{"id":"application-managepartners-display-component---NewPartner--addressDetailDetailsCity1","interaction":{"idSuffix":"inner"}},"clearTextFirst":true,"interactionType":"ENTER_TEXT"}]}
RESULT: {"script":"<script> [776 bytes]","args":[{"enterText":"Rosario","selector":{"id":"application-managepartners-display-component---NewPartner--addressDetailDetailsCity1","interaction":{"idSuffix":"inner"}},"clearTextFirst":true,"interactionType":"ENTER_TEXT"}]}
COMMAND: POST /session/e61d66238098f0a5d55953d3b90d37e6/execute/async - {"script":"<script> [1562 bytes]","args":[{"selector":{"id":"application-managepartners-display-component---NewPartner--addressDetailDetailsCountry-arrow"},"wdio_ui5_key":"applicationmanagepartners-display-component---NewPartner--addressDetailDetailsCountry-arrow"}]}
RESULT: {"script":"<script> [1562 bytes]","args":[{"selector":{"id":"application-managepartners-display-component---NewPartner--addressDetailDetailsCountry-arrow"},"wdio_ui5_key":"applicationmanagepartners-display-component---NewPartner--addressDetailDetailsCountry-arrow"}]}
RESULT: undefined
COMMAND: POST /session/e61d66238098f0a5d55953d3b90d37e6/element - {"using":"xpath","value":"//*[@id=\"application-managepartners-display-component---NewPartner--addressDetailDetailsCountry-arrow\"]"}
RESULT: {"using":"xpath","value":"//*[@id=\"application-managepartners-display-component---NewPartner--addressDetailDetailsCountry-arrow\"]"}
COMMAND: POST /session/e61d66238098f0a5d55953d3b90d37e6/element/f.4CA2BB8DAA5DB34C3D6E0066B88761B9.d.F2A50A4D72093E427C12BEEA2B7423DF.e.1792/click - {}
RESULT: {}
COMMAND: POST /session/e61d66238098f0a5d55953d3b90d37e6/element - {"using":"xpath","value":"//span[contains(text(), \"Argentina\")]"}
COMMAND: GET /session/e61d66238098f0a5d55953d3b90d37e6/screenshot - {}
RESULT: {"using":"xpath","value":"//span[contains(text(), \"Argentina\")]"}
COMMAND: POST /session/e61d66238098f0a5d55953d3b90d37e6/element/f.4CA2BB8DAA5DB34C3D6E0066B88761B9.d.F2A50A4D72093E427C12BEEA2B7423DF.e.1808/click - {}
RESULT: {}
RESULT: {}
COMMAND: GET /session/e61d66238098f0a5d55953d3b90d37e6/screenshot - {}
RESULT: {}
COMMAND: POST /session/e61d66238098f0a5d55953d3b90d37e6/element - {"using":"xpath","value":"//bdi[contains(text(), \"Commercial\")]"}
RESULT: {"using":"xpath","value":"//bdi[contains(text(), \"Commercial\")]"}
COMMAND: POST /session/e61d66238098f0a5d55953d3b90d37e6/element/f.4CA2BB8DAA5DB34C3D6E0066B88761B9.d.F2A50A4D72093E427C12BEEA2B7423DF.e.1809/click - {}
RESULT: {}
COMMAND: GET /session/e61d66238098f0a5d55953d3b90d37e6/screenshot - {}
RESULT: {}
COMMAND: POST /session/e61d66238098f0a5d55953d3b90d37e6/execute/async - {"script":"<script> [1562 bytes]","args":[{"selector":{"id":"application-managepartners-display-component---NewPartner--partnerDetailInternal-arrow"},"wdio_ui5_key":"applicationmanagepartners-display-component---NewPartner--partnerDetailInternal-arrow"}]}
RESULT: {"script":"<script> [1562 bytes]","args":[{"selector":{"id":"application-managepartners-display-component---NewPartner--partnerDetailInternal-arrow"},"wdio_ui5_key":"applicationmanagepartners-display-component---NewPartner--partnerDetailInternal-arrow"}]}
RESULT: undefined
COMMAND: POST /session/e61d66238098f0a5d55953d3b90d37e6/element - {"using":"xpath","value":"//*[@id=\"application-managepartners-display-component---NewPartner--partnerDetailInternal-arrow\"]"}
RESULT: {"using":"xpath","value":"//*[@id=\"application-managepartners-display-component---NewPartner--partnerDetailInternal-arrow\"]"}
COMMAND: POST /session/e61d66238098f0a5d55953d3b90d37e6/element/f.4CA2BB8DAA5DB34C3D6E0066B88761B9.d.F2A50A4D72093E427C12BEEA2B7423DF.e.1815/click - {}
RESULT: {}
COMMAND: POST /session/e61d66238098f0a5d55953d3b90d37e6/element - {"using":"xpath","value":"//span[contains(text(), \"Affiliated company\")]"}
COMMAND: GET /session/e61d66238098f0a5d55953d3b90d37e6/screenshot - {}
RESULT: {"using":"xpath","value":"//span[contains(text(), \"Affiliated company\")]"}
COMMAND: POST /session/e61d66238098f0a5d55953d3b90d37e6/element/f.4CA2BB8DAA5DB34C3D6E0066B88761B9.d.F2A50A4D72093E427C12BEEA2B7423DF.e.1816/click - {}
RESULT: {}
RESULT: {}
COMMAND: POST /session/e61d66238098f0a5d55953d3b90d37e6/execute/async - {"script":"<script> [1562 bytes]","args":[{"selector":{"id":"application-managepartners-display-component---NewPartner--partnerDetailsCurrency-arrow"},"wdio_ui5_key":"applicationmanagepartners-display-component---NewPartner--partnerDetailsCurrency-arrow"}]}
COMMAND: GET /session/e61d66238098f0a5d55953d3b90d37e6/screenshot - {}
RESULT: {"script":"<script> [1562 bytes]","args":[{"selector":{"id":"application-managepartners-display-component---NewPartner--partnerDetailsCurrency-arrow"},"wdio_ui5_key":"applicationmanagepartners-display-component---NewPartner--partnerDetailsCurrency-arrow"}]}
RESULT: undefined
COMMAND: POST /session/e61d66238098f0a5d55953d3b90d37e6/element - {"using":"xpath","value":"//*[@id=\"application-managepartners-display-component---NewPartner--partnerDetailsCurrency-arrow\"]"}
RESULT: {}
RESULT: {"using":"xpath","value":"//*[@id=\"application-managepartners-display-component---NewPartner--partnerDetailsCurrency-arrow\"]"}
COMMAND: POST /session/e61d66238098f0a5d55953d3b90d37e6/element/f.4CA2BB8DAA5DB34C3D6E0066B88761B9.d.F2A50A4D72093E427C12BEEA2B7423DF.e.1823/click - {}
RESULT: {}
COMMAND: POST /session/e61d66238098f0a5d55953d3b90d37e6/element - {"using":"xpath","value":"//span[contains(text(), \"Euro\")]"}
COMMAND: GET /session/e61d66238098f0a5d55953d3b90d37e6/screenshot - {}
RESULT: {"using":"xpath","value":"//span[contains(text(), \"Euro\")]"}
COMMAND: POST /session/e61d66238098f0a5d55953d3b90d37e6/element/f.4CA2BB8DAA5DB34C3D6E0066B88761B9.d.F2A50A4D72093E427C12BEEA2B7423DF.e.1824/click - {}
RESULT: {}
RESULT: {}
COMMAND: POST /session/e61d66238098f0a5d55953d3b90d37e6/execute/async - {"script":"<script> [1562 bytes]","args":[{"selector":{"id":"application-managepartners-display-component---NewPartner--addressEditDetailsCostObjectCstType-arrow"},"wdio_ui5_key":"applicationmanagepartners-display-component---NewPartner--addressEditDetailsCostObjectCstType-arrow"}]}
COMMAND: GET /session/e61d66238098f0a5d55953d3b90d37e6/screenshot - {}
RESULT: {"script":"<script> [1562 bytes]","args":[{"selector":{"id":"application-managepartners-display-component---NewPartner--addressEditDetailsCostObjectCstType-arrow"},"wdio_ui5_key":"applicationmanagepartners-display-component---NewPartner--addressEditDetailsCostObjectCstType-arrow"}]}
RESULT: undefined
COMMAND: POST /session/e61d66238098f0a5d55953d3b90d37e6/element - {"using":"xpath","value":"//*[@id=\"application-managepartners-display-component---NewPartner--addressEditDetailsCostObjectCstType-arrow\"]"}
RESULT: {}
RESULT: {"using":"xpath","value":"//*[@id=\"application-managepartners-display-component---NewPartner--addressEditDetailsCostObjectCstType-arrow\"]"}
COMMAND: POST /session/e61d66238098f0a5d55953d3b90d37e6/element/f.4CA2BB8DAA5DB34C3D6E0066B88761B9.d.F2A50A4D72093E427C12BEEA2B7423DF.e.1825/click - {}
RESULT: {}
COMMAND: POST /session/e61d66238098f0a5d55953d3b90d37e6/element - {"using":"xpath","value":"//span[contains(text(), \"Cost Center\")]"}
COMMAND: GET /session/e61d66238098f0a5d55953d3b90d37e6/screenshot - {}
RESULT: {"using":"xpath","value":"//span[contains(text(), \"Cost Center\")]"}
COMMAND: POST /session/e61d66238098f0a5d55953d3b90d37e6/element/f.4CA2BB8DAA5DB34C3D6E0066B88761B9.d.F2A50A4D72093E427C12BEEA2B7423DF.e.1826/click - {}
RESULT: {}
RESULT: {}
COMMAND: GET /session/e61d66238098f0a5d55953d3b90d37e6/screenshot - {}
RESULT: {}
COMMAND: POST /session/e61d66238098f0a5d55953d3b90d37e6/element - {"using":"xpath","value":"//span[@id=\"application-managepartners-display-component---NewPartner--addressNewCostObjectCstID-vhi\"]"}
RESULT: {"using":"xpath","value":"//span[@id=\"application-managepartners-display-component---NewPartner--addressNewCostObjectCstID-vhi\"]"}
COMMAND: POST /session/e61d66238098f0a5d55953d3b90d37e6/execute/sync - {"script":"<script> [8489 bytes]","args":[{"element-6066-11e4-a52e-4f735466cecf":"f.4CA2BB8DAA5DB34C3D6E0066B88761B9.d.F2A50A4D72093E427C12BEEA2B7423DF.e.1830","ELEMENT":"f.4CA2BB8DAA5DB34C3D6E0066B88761B9.d.F2A50A4D72093E427C12BEEA2B7423DF.e.1830"}]}
RESULT: {"script":"<script> [8489 bytes]","args":[{"element-6066-11e4-a52e-4f735466cecf":"f.4CA2BB8DAA5DB34C3D6E0066B88761B9.d.F2A50A4D72093E427C12BEEA2B7423DF.e.1830","ELEMENT":"f.4CA2BB8DAA5DB34C3D6E0066B88761B9.d.F2A50A4D72093E427C12BEEA2B7423DF.e.1830"}]}
COMMAND: POST /session/e61d66238098f0a5d55953d3b90d37e6/execute/async - {"script":"<script> [1562 bytes]","args":[{"selector":{"id":"application-managepartners-display-component---NewPartner--addressNewCostObjectCstID-vhi"},"wdio_ui5_key":"applicationmanagepartners-display-component---NewPartner--addressNewCostObjectCstID-vhi"}]}
COMMAND: GET /session/e61d66238098f0a5d55953d3b90d37e6/screenshot - {}
RESULT: {"script":"<script> [1562 bytes]","args":[{"selector":{"id":"application-managepartners-display-component---NewPartner--addressNewCostObjectCstID-vhi"},"wdio_ui5_key":"applicationmanagepartners-display-component---NewPartner--addressNewCostObjectCstID-vhi"}]}
RESULT: undefined
COMMAND: POST /session/e61d66238098f0a5d55953d3b90d37e6/element - {"using":"xpath","value":"//*[@id=\"application-managepartners-display-component---NewPartner--addressNewCostObjectCstID-vhi\"]"}
RESULT: {}
RESULT: {"using":"xpath","value":"//*[@id=\"application-managepartners-display-component---NewPartner--addressNewCostObjectCstID-vhi\"]"}
COMMAND: POST /session/e61d66238098f0a5d55953d3b90d37e6/element/f.4CA2BB8DAA5DB34C3D6E0066B88761B9.d.F2A50A4D72093E427C12BEEA2B7423DF.e.1830/click - {}
RESULT: {}
COMMAND: GET /session/e61d66238098f0a5d55953d3b90d37e6/screenshot - {}
RESULT: {}
RESULT: undefined
COMMAND: POST /session/e61d66238098f0a5d55953d3b90d37e6/execute/async - {"script":"<script> [776 bytes]","args":[{"enterText":"10001013","selector":{"controlType":"sap.m.SearchField","properties":{"placeholder":"Search"},"searchOpenDialogs":true,"interaction":{"idSuffix":"I"}},"clearTextFirst":true,"interactionType":"ENTER_TEXT"}]}
RESULT: {"script":"<script> [776 bytes]","args":[{"enterText":"10001013","selector":{"controlType":"sap.m.SearchField","properties":{"placeholder":"Search"},"searchOpenDialogs":true,"interaction":{"idSuffix":"I"}},"clearTextFirst":true,"interactionType":"ENTER_TEXT"}]}
COMMAND: POST /session/e61d66238098f0a5d55953d3b90d37e6/actions - {"actions":[{"id":"action3","type":"key","parameters":{},"actions":[{"type":"keyDown","value":"î€‡"},{"type":"pause","duration":10},{"type":"keyUp","value":"î€‡"}]}]}
RESULT: {"actions":[{"id":"action3","type":"key","parameters":{},"actions":[{"type":"keyDown","value":"î€‡"},{"type":"pause","duration":10},{"type":"keyUp","value":"î€‡"}]}]}
COMMAND: GET /session/e61d66238098f0a5d55953d3b90d37e6/screenshot - {}
RESULT: {}
COMMAND: POST /session/e61d66238098f0a5d55953d3b90d37e6/element - {"using":"xpath","value":"//span[contains(text(), \"General Management\")]"}
RESULT: {"using":"xpath","value":"//span[contains(text(), \"General Management\")]"}
COMMAND: POST /session/e61d66238098f0a5d55953d3b90d37e6/element/f.4CA2BB8DAA5DB34C3D6E0066B88761B9.d.F2A50A4D72093E427C12BEEA2B7423DF.e.1870/click - {}
RESULT: {}
COMMAND: GET /session/e61d66238098f0a5d55953d3b90d37e6/screenshot - {}
RESULT: {}
COMMAND: POST /session/e61d66238098f0a5d55953d3b90d37e6/element - {"using":"xpath","value":"//bdi[contains(text(), \"OK\")]"}
RESULT: {"using":"xpath","value":"//bdi[contains(text(), \"OK\")]"}
COMMAND: POST /session/e61d66238098f0a5d55953d3b90d37e6/element/f.4CA2BB8DAA5DB34C3D6E0066B88761B9.d.F2A50A4D72093E427C12BEEA2B7423DF.e.1871/click - {}
RESULT: {}
COMMAND: GET /session/e61d66238098f0a5d55953d3b90d37e6/screenshot - {}
RESULT: {}
COMMAND: POST /session/e61d66238098f0a5d55953d3b90d37e6/element - {"using":"xpath","value":"//input[@id=\"application-managepartners-display-component---NewPartner--companyCodeComboBox-inner\"]"}
RESULT: {"using":"xpath","value":"//input[@id=\"application-managepartners-display-component---NewPartner--companyCodeComboBox-inner\"]"}
COMMAND: POST /session/e61d66238098f0a5d55953d3b90d37e6/element/f.4CA2BB8DAA5DB34C3D6E0066B88761B9.d.F2A50A4D72093E427C12BEEA2B7423DF.e.1682/clear - {}
RESULT: {}
COMMAND: POST /session/e61d66238098f0a5d55953d3b90d37e6/element/f.4CA2BB8DAA5DB34C3D6E0066B88761B9.d.F2A50A4D72093E427C12BEEA2B7423DF.e.1682/value - {"text":"1000"}
COMMAND: GET /session/e61d66238098f0a5d55953d3b90d37e6/screenshot - {}
RESULT: {"text":"1000"}
COMMAND: GET /session/e61d66238098f0a5d55953d3b90d37e6/screenshot - {}
RESULT: {}
RESULT: {}
COMMAND: POST /session/e61d66238098f0a5d55953d3b90d37e6/element - {"using":"xpath","value":"//li[.//span[text()= \"1000\"]]"}
RESULT: {"using":"xpath","value":"//li[.//span[text()= \"1000\"]]"}
COMMAND: POST /session/e61d66238098f0a5d55953d3b90d37e6/element/f.4CA2BB8DAA5DB34C3D6E0066B88761B9.d.F2A50A4D72093E427C12BEEA2B7423DF.e.1877/click - {}
RESULT: {}
COMMAND: GET /session/e61d66238098f0a5d55953d3b90d37e6/screenshot - {}
RESULT: {}
COMMAND: POST /session/e61d66238098f0a5d55953d3b90d37e6/execute/async - {"script":"<script> [1562 bytes]","args":[{"selector":{"id":"application-managepartners-display-component---NewPartner--btnAddTableRow-img"},"wdio_ui5_key":"applicationmanagepartners-display-component---NewPartner--btnAddTableRow-img"}]}
RESULT: {"script":"<script> [1562 bytes]","args":[{"selector":{"id":"application-managepartners-display-component---NewPartner--btnAddTableRow-img"},"wdio_ui5_key":"applicationmanagepartners-display-component---NewPartner--btnAddTableRow-img"}]}
RESULT: undefined
COMMAND: POST /session/e61d66238098f0a5d55953d3b90d37e6/element - {"using":"xpath","value":"//*[@id=\"application-managepartners-display-component---NewPartner--btnAddTableRow-img\"]"}
RESULT: {"using":"xpath","value":"//*[@id=\"application-managepartners-display-component---NewPartner--btnAddTableRow-img\"]"}
COMMAND: POST /session/e61d66238098f0a5d55953d3b90d37e6/element/f.4CA2BB8DAA5DB34C3D6E0066B88761B9.d.F2A50A4D72093E427C12BEEA2B7423DF.e.1878/click - {}
RESULT: {}
COMMAND: GET /session/e61d66238098f0a5d55953d3b90d37e6/screenshot - {}
RESULT: {}
COMMAND: POST /session/e61d66238098f0a5d55953d3b90d37e6/element - {"using":"xpath","value":"//input[@id=\"application-managepartners-display-component---NewPartner--assignmentYard-application-managepartners-display-component---NewPartner--assignmentsTable-0-inner\"]"}
RESULT: {"using":"xpath","value":"//input[@id=\"application-managepartners-display-component---NewPartner--assignmentYard-application-managepartners-display-component---NewPartner--assignmentsTable-0-inner\"]"}
COMMAND: POST /session/e61d66238098f0a5d55953d3b90d37e6/element/f.4CA2BB8DAA5DB34C3D6E0066B88761B9.d.F2A50A4D72093E427C12BEEA2B7423DF.e.1881/clear - {}
RESULT: {}
COMMAND: POST /session/e61d66238098f0a5d55953d3b90d37e6/element/f.4CA2BB8DAA5DB34C3D6E0066B88761B9.d.F2A50A4D72093E427C12BEEA2B7423DF.e.1881/value - {"text":"481"}
COMMAND: GET /session/e61d66238098f0a5d55953d3b90d37e6/screenshot - {}
RESULT: {"text":"481"}
COMMAND: GET /session/e61d66238098f0a5d55953d3b90d37e6/screenshot - {}
RESULT: {}
RESULT: {}
COMMAND: POST /session/e61d66238098f0a5d55953d3b90d37e6/element - {"using":"xpath","value":"//li[.//span[text()='481']]"}
RESULT: {"using":"xpath","value":"//li[.//span[text()='481']]"}
COMMAND: POST /session/e61d66238098f0a5d55953d3b90d37e6/element/f.4CA2BB8DAA5DB34C3D6E0066B88761B9.d.F2A50A4D72093E427C12BEEA2B7423DF.e.1890/click - {}
RESULT: {}
COMMAND: GET /session/e61d66238098f0a5d55953d3b90d37e6/screenshot - {}
RESULT: {}
COMMAND: POST /session/e61d66238098f0a5d55953d3b90d37e6/actions - {"actions":[{"id":"action4","type":"key","parameters":{},"actions":[{"type":"keyDown","value":"î€‡"},{"type":"pause","duration":10},{"type":"keyUp","value":"î€‡"}]}]}
RESULT: {"actions":[{"id":"action4","type":"key","parameters":{},"actions":[{"type":"keyDown","value":"î€‡"},{"type":"pause","duration":10},{"type":"keyUp","value":"î€‡"}]}]}
COMMAND: POST /session/e61d66238098f0a5d55953d3b90d37e6/execute/async - {"script":"<script> [1562 bytes]","args":[{"selector":{"id":"application-managepartners-display-component---NewPartner--externalCustomerComboBox-application-managepartners-display-component---NewPartner--assignmentsTable-0-vhi"},"wdio_ui5_key":"applicationmanagepartners-display-component---NewPartner--externalCustomerComboBox-application-managepartners-display-component---NewPartner--assignmentsTable-0-vhi"}]}
COMMAND: GET /session/e61d66238098f0a5d55953d3b90d37e6/screenshot - {}
RESULT: {"script":"<script> [1562 bytes]","args":[{"selector":{"id":"application-managepartners-display-component---NewPartner--externalCustomerComboBox-application-managepartners-display-component---NewPartner--assignmentsTable-0-vhi"},"wdio_ui5_key":"applicationmanagepartners-display-component---NewPartner--externalCustomerComboBox-application-managepartners-display-component---NewPartner--assignmentsTable-0-vhi"}]}
RESULT: undefined
COMMAND: POST /session/e61d66238098f0a5d55953d3b90d37e6/element - {"using":"xpath","value":"//*[@id=\"application-managepartners-display-component---NewPartner--externalCustomerComboBox-application-managepartners-display-component---NewPartner--assignmentsTable-0-vhi\"]"}
RESULT: {}
RESULT: {"using":"xpath","value":"//*[@id=\"application-managepartners-display-component---NewPartner--externalCustomerComboBox-application-managepartners-display-component---NewPartner--assignmentsTable-0-vhi\"]"}
COMMAND: POST /session/e61d66238098f0a5d55953d3b90d37e6/element/f.4CA2BB8DAA5DB34C3D6E0066B88761B9.d.F2A50A4D72093E427C12BEEA2B7423DF.e.1894/click - {}
RESULT: {}
RESULT: undefined
COMMAND: POST /session/e61d66238098f0a5d55953d3b90d37e6/execute/async - {"script":"<script> [776 bytes]","args":[{"enterText":"300003","selector":{"controlType":"sap.m.SearchField","properties":{"placeholder":"Search"},"searchOpenDialogs":true,"interaction":{"idSuffix":"I"}},"clearTextFirst":true,"interactionType":"ENTER_TEXT"}]}
COMMAND: GET /session/e61d66238098f0a5d55953d3b90d37e6/screenshot - {}
RESULT: {"script":"<script> [776 bytes]","args":[{"enterText":"300003","selector":{"controlType":"sap.m.SearchField","properties":{"placeholder":"Search"},"searchOpenDialogs":true,"interaction":{"idSuffix":"I"}},"clearTextFirst":true,"interactionType":"ENTER_TEXT"}]}
COMMAND: POST /session/e61d66238098f0a5d55953d3b90d37e6/actions - {"actions":[{"id":"action5","type":"key","parameters":{},"actions":[{"type":"keyDown","value":"î€‡"},{"type":"pause","duration":10},{"type":"keyUp","value":"î€‡"}]}]}
RESULT: {}
RESULT: {"actions":[{"id":"action5","type":"key","parameters":{},"actions":[{"type":"keyDown","value":"î€‡"},{"type":"pause","duration":10},{"type":"keyUp","value":"î€‡"}]}]}
COMMAND: GET /session/e61d66238098f0a5d55953d3b90d37e6/screenshot - {}
RESULT: {}
COMMAND: POST /session/e61d66238098f0a5d55953d3b90d37e6/element - {"using":"xpath","value":"//span[contains(text(), \"300003\")]"}
RESULT: {"using":"xpath","value":"//span[contains(text(), \"300003\")]"}
COMMAND: POST /session/e61d66238098f0a5d55953d3b90d37e6/element/f.4CA2BB8DAA5DB34C3D6E0066B88761B9.d.F2A50A4D72093E427C12BEEA2B7423DF.e.1912/click - {}
RESULT: {}
COMMAND: GET /session/e61d66238098f0a5d55953d3b90d37e6/screenshot - {}
RESULT: {}
COMMAND: POST /session/e61d66238098f0a5d55953d3b90d37e6/element - {"using":"xpath","value":"//bdi[contains(text(), \"OK\")]"}
RESULT: {"using":"xpath","value":"//bdi[contains(text(), \"OK\")]"}
COMMAND: POST /session/e61d66238098f0a5d55953d3b90d37e6/element/f.4CA2BB8DAA5DB34C3D6E0066B88761B9.d.F2A50A4D72093E427C12BEEA2B7423DF.e.1914/click - {}
RESULT: {}
COMMAND: GET /session/e61d66238098f0a5d55953d3b90d37e6/screenshot - {}
RESULT: {}
COMMAND: POST /session/e61d66238098f0a5d55953d3b90d37e6/execute/async - {"script":"<script> [1562 bytes]","args":[{"selector":{"id":"application-managepartners-display-component---NewPartner--intercompVendorComboBox-application-managepartners-display-component---NewPartner--assignmentsTable-0-vhi"},"wdio_ui5_key":"applicationmanagepartners-display-component---NewPartner--intercompVendorComboBox-application-managepartners-display-component---NewPartner--assignmentsTable-0-vhi"}]}
RESULT: {"script":"<script> [1562 bytes]","args":[{"selector":{"id":"application-managepartners-display-component---NewPartner--intercompVendorComboBox-application-managepartners-display-component---NewPartner--assignmentsTable-0-vhi"},"wdio_ui5_key":"applicationmanagepartners-display-component---NewPartner--intercompVendorComboBox-application-managepartners-display-component---NewPartner--assignmentsTable-0-vhi"}]}
RESULT: undefined
COMMAND: POST /session/e61d66238098f0a5d55953d3b90d37e6/element - {"using":"xpath","value":"//*[@id=\"application-managepartners-display-component---NewPartner--intercompVendorComboBox-application-managepartners-display-component---NewPartner--assignmentsTable-0-vhi\"]"}
RESULT: {"using":"xpath","value":"//*[@id=\"application-managepartners-display-component---NewPartner--intercompVendorComboBox-application-managepartners-display-component---NewPartner--assignmentsTable-0-vhi\"]"}
COMMAND: POST /session/e61d66238098f0a5d55953d3b90d37e6/element/f.4CA2BB8DAA5DB34C3D6E0066B88761B9.d.F2A50A4D72093E427C12BEEA2B7423DF.e.1917/click - {}
RESULT: {}
RESULT: undefined
COMMAND: POST /session/e61d66238098f0a5d55953d3b90d37e6/execute/async - {"script":"<script> [776 bytes]","args":[{"enterText":"100005","selector":{"controlType":"sap.m.SearchField","properties":{"placeholder":"Search"},"searchOpenDialogs":true,"interaction":{"idSuffix":"I"}},"clearTextFirst":true,"interactionType":"ENTER_TEXT"}]}
COMMAND: GET /session/e61d66238098f0a5d55953d3b90d37e6/screenshot - {}
RESULT: {"script":"<script> [776 bytes]","args":[{"enterText":"100005","selector":{"controlType":"sap.m.SearchField","properties":{"placeholder":"Search"},"searchOpenDialogs":true,"interaction":{"idSuffix":"I"}},"clearTextFirst":true,"interactionType":"ENTER_TEXT"}]}
COMMAND: POST /session/e61d66238098f0a5d55953d3b90d37e6/actions - {"actions":[{"id":"action6","type":"key","parameters":{},"actions":[{"type":"keyDown","value":"î€‡"},{"type":"pause","duration":10},{"type":"keyUp","value":"î€‡"}]}]}
RESULT: {}
RESULT: {"actions":[{"id":"action6","type":"key","parameters":{},"actions":[{"type":"keyDown","value":"î€‡"},{"type":"pause","duration":10},{"type":"keyUp","value":"î€‡"}]}]}
COMMAND: GET /session/e61d66238098f0a5d55953d3b90d37e6/screenshot - {}
RESULT: {}
COMMAND: POST /session/e61d66238098f0a5d55953d3b90d37e6/element - {"using":"xpath","value":"//span[contains(text(), \"Penguins - Field/12345 Berlin\")]"}
RESULT: {"using":"xpath","value":"//span[contains(text(), \"Penguins - Field/12345 Berlin\")]"}
COMMAND: POST /session/e61d66238098f0a5d55953d3b90d37e6/element/f.4CA2BB8DAA5DB34C3D6E0066B88761B9.d.F2A50A4D72093E427C12BEEA2B7423DF.e.1934/click - {}
RESULT: {}
COMMAND: GET /session/e61d66238098f0a5d55953d3b90d37e6/screenshot - {}
RESULT: {}
COMMAND: POST /session/e61d66238098f0a5d55953d3b90d37e6/element - {"using":"xpath","value":"//bdi[contains(text(), \"OK\")]"}
RESULT: {"using":"xpath","value":"//bdi[contains(text(), \"OK\")]"}
COMMAND: POST /session/e61d66238098f0a5d55953d3b90d37e6/element/f.4CA2BB8DAA5DB34C3D6E0066B88761B9.d.F2A50A4D72093E427C12BEEA2B7423DF.e.1935/click - {}
RESULT: {}
COMMAND: GET /session/e61d66238098f0a5d55953d3b90d37e6/screenshot - {}
RESULT: {}
COMMAND: POST /session/e61d66238098f0a5d55953d3b90d37e6/element - {"using":"xpath","value":"//button[@data-kt=\"saveButton\"]"}
RESULT: {"using":"xpath","value":"//button[@data-kt=\"saveButton\"]"}
COMMAND: POST /session/e61d66238098f0a5d55953d3b90d37e6/element/f.4CA2BB8DAA5DB34C3D6E0066B88761B9.d.F2A50A4D72093E427C12BEEA2B7423DF.e.1692/click - {}
RESULT: {}
COMMAND: GET /session/e61d66238098f0a5d55953d3b90d37e6/screenshot - {}
RESULT: {}
COMMAND: POST /session/e61d66238098f0a5d55953d3b90d37e6/element - {"using":"xpath","value":"//header[contains(@id, 'ObjectPageLayout-headerTitle')]/div[1]/div[2]/div[2]/span[1]"}
RESULT: {"using":"xpath","value":"//header[contains(@id, 'ObjectPageLayout-headerTitle')]/div[1]/div[2]/div[2]/span[1]"}
COMMAND: POST /session/e61d66238098f0a5d55953d3b90d37e6/elements - {"using":"xpath","value":"//header[contains(@id, 'ObjectPageLayout-headerTitle')]/div[1]/div[2]/div[2]/span[1]"}
RESULT: {"using":"xpath","value":"//header[contains(@id, 'ObjectPageLayout-headerTitle')]/div[1]/div[2]/div[2]/span[1]"}
COMMAND: POST /session/e61d66238098f0a5d55953d3b90d37e6/execute/sync - {"script":"<script> [56 bytes]","args":[{"element-6066-11e4-a52e-4f735466cecf":"f.4CA2BB8DAA5DB34C3D6E0066B88761B9.d.F2A50A4D72093E427C12BEEA2B7423DF.e.2099","ELEMENT":"f.4CA2BB8DAA5DB34C3D6E0066B88761B9.d.F2A50A4D72093E427C12BEEA2B7423DF.e.2099"}]}
RESULT: {"script":"<script> [56 bytes]","args":[{"element-6066-11e4-a52e-4f735466cecf":"f.4CA2BB8DAA5DB34C3D6E0066B88761B9.d.F2A50A4D72093E427C12BEEA2B7423DF.e.2099","ELEMENT":"f.4CA2BB8DAA5DB34C3D6E0066B88761B9.d.F2A50A4D72093E427C12BEEA2B7423DF.e.2099"}]}
COMMAND: POST /session/e61d66238098f0a5d55953d3b90d37e6/element - {"using":"css selector","value":"#shell-header-logo"}
COMMAND: GET /session/e61d66238098f0a5d55953d3b90d37e6/screenshot - {}
RESULT: {"using":"css selector","value":"#shell-header-logo"}
COMMAND: POST /session/e61d66238098f0a5d55953d3b90d37e6/element/f.4CA2BB8DAA5DB34C3D6E0066B88761B9.d.F2A50A4D72093E427C12BEEA2B7423DF.e.1326/click - {}
RESULT: {}
RESULT: {}
COMMAND: GET /session/e61d66238098f0a5d55953d3b90d37e6/screenshot - {}
RESULT: {}
COMMAND: POST /session/e61d66238098f0a5d55953d3b90d37e6/execute/sync - {"script":"<script> [299 bytes]","args":[["getModel","getResource"]]}
RESULT: {"script":"<script> [299 bytes]","args":[["getModel","getResource"]]}
COMMAND: GET /session/e61d66238098f0a5d55953d3b90d37e6/screenshot - {}
]]></system-out>
    </testcase>
    <testcase classname="chrome.136_0_7103_93.windows.Billing_Transfer_-_Intracompany_US127249" name="Should create a new site" time="160.754">
      <system-out><![CDATA[
COMMAND: POST /session/e61d66238098f0a5d55953d3b90d37e6/execute/async - {"script":"<script> [1562 bytes]","args":[{"selector":{"controlType":"sap.m.GenericTile","properties":{"header":"Manage Sites"}},"wdio_ui5_key":"sapm.GenericTile{\"header\":\"Manage Sites\"}"}]}
RESULT: {}
RESULT: {"script":"<script> [1562 bytes]","args":[{"selector":{"controlType":"sap.m.GenericTile","properties":{"header":"Manage Sites"}},"wdio_ui5_key":"sapm.GenericTile{\"header\":\"Manage Sites\"}"}]}
RESULT: undefined
COMMAND: POST /session/e61d66238098f0a5d55953d3b90d37e6/element - {"using":"xpath","value":"//*[@id=\"__tile40\"]"}
RESULT: {"using":"xpath","value":"//*[@id=\"__tile40\"]"}
COMMAND: POST /session/e61d66238098f0a5d55953d3b90d37e6/element/f.4CA2BB8DAA5DB34C3D6E0066B88761B9.d.F2A50A4D72093E427C12BEEA2B7423DF.e.489/click - {}
RESULT: {}
COMMAND: GET /session/e61d66238098f0a5d55953d3b90d37e6/screenshot - {}
RESULT: {}
COMMAND: POST /session/e61d66238098f0a5d55953d3b90d37e6/elements - {"using":"xpath","value":"//span[text()='Error']"}
RESULT: {"using":"xpath","value":"//span[text()='Error']"}
COMMAND: POST /session/e61d66238098f0a5d55953d3b90d37e6/element - {"using":"xpath","value":"//button[@data-kt=\"addOverflowToolbarButton\"]"}
RESULT: {"using":"xpath","value":"//button[@data-kt=\"addOverflowToolbarButton\"]"}
COMMAND: POST /session/e61d66238098f0a5d55953d3b90d37e6/elements - {"using":"xpath","value":"//button[@data-kt=\"addOverflowToolbarButton\"]"}
RESULT: {"using":"xpath","value":"//button[@data-kt=\"addOverflowToolbarButton\"]"}
COMMAND: POST /session/e61d66238098f0a5d55953d3b90d37e6/execute/sync - {"script":"<script> [8489 bytes]","args":[{"element-6066-11e4-a52e-4f735466cecf":"f.4CA2BB8DAA5DB34C3D6E0066B88761B9.d.F2A50A4D72093E427C12BEEA2B7423DF.e.2147","ELEMENT":"f.4CA2BB8DAA5DB34C3D6E0066B88761B9.d.F2A50A4D72093E427C12BEEA2B7423DF.e.2147"}]}
RESULT: {"script":"<script> [8489 bytes]","args":[{"element-6066-11e4-a52e-4f735466cecf":"f.4CA2BB8DAA5DB34C3D6E0066B88761B9.d.F2A50A4D72093E427C12BEEA2B7423DF.e.2147","ELEMENT":"f.4CA2BB8DAA5DB34C3D6E0066B88761B9.d.F2A50A4D72093E427C12BEEA2B7423DF.e.2147"}]}
COMMAND: GET /session/e61d66238098f0a5d55953d3b90d37e6/element/f.4CA2BB8DAA5DB34C3D6E0066B88761B9.d.F2A50A4D72093E427C12BEEA2B7423DF.e.2147/enabled - {}
COMMAND: GET /session/e61d66238098f0a5d55953d3b90d37e6/screenshot - {}
RESULT: {}
COMMAND: POST /session/e61d66238098f0a5d55953d3b90d37e6/execute/sync - {"script":"<script> [8489 bytes]","args":[{"element-6066-11e4-a52e-4f735466cecf":"f.4CA2BB8DAA5DB34C3D6E0066B88761B9.d.F2A50A4D72093E427C12BEEA2B7423DF.e.2147","ELEMENT":"f.4CA2BB8DAA5DB34C3D6E0066B88761B9.d.F2A50A4D72093E427C12BEEA2B7423DF.e.2147"}]}
COMMAND: GET /session/e61d66238098f0a5d55953d3b90d37e6/screenshot - {}
RESULT: {}
RESULT: {"script":"<script> [8489 bytes]","args":[{"element-6066-11e4-a52e-4f735466cecf":"f.4CA2BB8DAA5DB34C3D6E0066B88761B9.d.F2A50A4D72093E427C12BEEA2B7423DF.e.2147","ELEMENT":"f.4CA2BB8DAA5DB34C3D6E0066B88761B9.d.F2A50A4D72093E427C12BEEA2B7423DF.e.2147"}]}
COMMAND: POST /session/e61d66238098f0a5d55953d3b90d37e6/execute/sync - {"script":"<script> [5351 bytes]","args":[{"element-6066-11e4-a52e-4f735466cecf":"f.4CA2BB8DAA5DB34C3D6E0066B88761B9.d.F2A50A4D72093E427C12BEEA2B7423DF.e.2147","ELEMENT":"f.4CA2BB8DAA5DB34C3D6E0066B88761B9.d.F2A50A4D72093E427C12BEEA2B7423DF.e.2147"}]}
COMMAND: GET /session/e61d66238098f0a5d55953d3b90d37e6/screenshot - {}
RESULT: {}
RESULT: {"script":"<script> [5351 bytes]","args":[{"element-6066-11e4-a52e-4f735466cecf":"f.4CA2BB8DAA5DB34C3D6E0066B88761B9.d.F2A50A4D72093E427C12BEEA2B7423DF.e.2147","ELEMENT":"f.4CA2BB8DAA5DB34C3D6E0066B88761B9.d.F2A50A4D72093E427C12BEEA2B7423DF.e.2147"}]}
COMMAND: POST /session/e61d66238098f0a5d55953d3b90d37e6/element/f.4CA2BB8DAA5DB34C3D6E0066B88761B9.d.F2A50A4D72093E427C12BEEA2B7423DF.e.2147/click - {}
COMMAND: GET /session/e61d66238098f0a5d55953d3b90d37e6/screenshot - {}
RESULT: {}
RESULT: {}
COMMAND: GET /session/e61d66238098f0a5d55953d3b90d37e6/screenshot - {}
COMMAND: POST /session/e61d66238098f0a5d55953d3b90d37e6/element - {"using":"xpath","value":"//input[@id=\"application-managesites-display-component---NewSite--siteId-inner\"]"}
RESULT: {}
RESULT: {}
RESULT: {"using":"xpath","value":"//input[@id=\"application-managesites-display-component---NewSite--siteId-inner\"]"}
COMMAND: POST /session/e61d66238098f0a5d55953d3b90d37e6/element - {"using":"xpath","value":"//input[@id=\"application-managesites-display-component---NewSite--siteId-inner\"]"}
RESULT: {"using":"xpath","value":"//input[@id=\"application-managesites-display-component---NewSite--siteId-inner\"]"}
COMMAND: POST /session/e61d66238098f0a5d55953d3b90d37e6/execute/async - {"script":"<script> [1562 bytes]","args":[{"selector":{"id":"application-managesites-display-component---NewSite--addressDetailDetailsName1","interaction":{"idSuffix":"inner"}},"wdio_ui5_key":"applicationmanagesites-display-component---NewSite--addressDetailDetailsName1"}]}
RESULT: {"script":"<script> [1562 bytes]","args":[{"selector":{"id":"application-managesites-display-component---NewSite--addressDetailDetailsName1","interaction":{"idSuffix":"inner"}},"wdio_ui5_key":"applicationmanagesites-display-component---NewSite--addressDetailDetailsName1"}]}
RESULT: undefined
COMMAND: POST /session/e61d66238098f0a5d55953d3b90d37e6/execute/async - {"script":"<script> [776 bytes]","args":[{"enterText":"Intracompany Site wdIO","selector":{"id":"application-managesites-display-component---NewSite--addressDetailDetailsName1","interaction":{"idSuffix":"inner"}},"clearTextFirst":true,"interactionType":"ENTER_TEXT"}]}
RESULT: {"script":"<script> [776 bytes]","args":[{"enterText":"Intracompany Site wdIO","selector":{"id":"application-managesites-display-component---NewSite--addressDetailDetailsName1","interaction":{"idSuffix":"inner"}},"clearTextFirst":true,"interactionType":"ENTER_TEXT"}]}
COMMAND: POST /session/e61d66238098f0a5d55953d3b90d37e6/execute/async - {"script":"<script> [1562 bytes]","args":[{"selector":{"id":"application-managesites-display-component---NewSite--addressDetailDetailsLanguage-arrow"},"wdio_ui5_key":"applicationmanagesites-display-component---NewSite--addressDetailDetailsLanguage-arrow"}]}
RESULT: {"script":"<script> [1562 bytes]","args":[{"selector":{"id":"application-managesites-display-component---NewSite--addressDetailDetailsLanguage-arrow"},"wdio_ui5_key":"applicationmanagesites-display-component---NewSite--addressDetailDetailsLanguage-arrow"}]}
RESULT: undefined
COMMAND: POST /session/e61d66238098f0a5d55953d3b90d37e6/element - {"using":"xpath","value":"//*[@id=\"application-managesites-display-component---NewSite--addressDetailDetailsLanguage-arrow\"]"}
RESULT: {"using":"xpath","value":"//*[@id=\"application-managesites-display-component---NewSite--addressDetailDetailsLanguage-arrow\"]"}
COMMAND: POST /session/e61d66238098f0a5d55953d3b90d37e6/element/f.4CA2BB8DAA5DB34C3D6E0066B88761B9.d.F2A50A4D72093E427C12BEEA2B7423DF.e.2560/click - {}
RESULT: {}
COMMAND: POST /session/e61d66238098f0a5d55953d3b90d37e6/element - {"using":"xpath","value":"//span[contains(text(), \"English\")]"}
COMMAND: GET /session/e61d66238098f0a5d55953d3b90d37e6/screenshot - {}
RESULT: {"using":"xpath","value":"//span[contains(text(), \"English\")]"}
COMMAND: POST /session/e61d66238098f0a5d55953d3b90d37e6/element/f.4CA2BB8DAA5DB34C3D6E0066B88761B9.d.F2A50A4D72093E427C12BEEA2B7423DF.e.2561/click - {}
RESULT: {}
RESULT: {}
COMMAND: POST /session/e61d66238098f0a5d55953d3b90d37e6/execute/async - {"script":"<script> [1562 bytes]","args":[{"selector":{"id":"application-managesites-display-component---NewSite--addressDetailDetailsCity1","interaction":{"idSuffix":"inner"}},"wdio_ui5_key":"applicationmanagesites-display-component---NewSite--addressDetailDetailsCity1"}]}
COMMAND: GET /session/e61d66238098f0a5d55953d3b90d37e6/screenshot - {}
RESULT: {"script":"<script> [1562 bytes]","args":[{"selector":{"id":"application-managesites-display-component---NewSite--addressDetailDetailsCity1","interaction":{"idSuffix":"inner"}},"wdio_ui5_key":"applicationmanagesites-display-component---NewSite--addressDetailDetailsCity1"}]}
RESULT: undefined
COMMAND: POST /session/e61d66238098f0a5d55953d3b90d37e6/execute/async - {"script":"<script> [776 bytes]","args":[{"enterText":"Rosario","selector":{"id":"application-managesites-display-component---NewSite--addressDetailDetailsCity1","interaction":{"idSuffix":"inner"}},"clearTextFirst":true,"interactionType":"ENTER_TEXT"}]}
RESULT: {}
RESULT: {"script":"<script> [776 bytes]","args":[{"enterText":"Rosario","selector":{"id":"application-managesites-display-component---NewSite--addressDetailDetailsCity1","interaction":{"idSuffix":"inner"}},"clearTextFirst":true,"interactionType":"ENTER_TEXT"}]}
COMMAND: POST /session/e61d66238098f0a5d55953d3b90d37e6/execute/async - {"script":"<script> [1562 bytes]","args":[{"selector":{"id":"application-managesites-display-component---NewSite--addressDetailDetailsCountry-arrow"},"wdio_ui5_key":"applicationmanagesites-display-component---NewSite--addressDetailDetailsCountry-arrow"}]}
RESULT: {"script":"<script> [1562 bytes]","args":[{"selector":{"id":"application-managesites-display-component---NewSite--addressDetailDetailsCountry-arrow"},"wdio_ui5_key":"applicationmanagesites-display-component---NewSite--addressDetailDetailsCountry-arrow"}]}
RESULT: undefined
COMMAND: POST /session/e61d66238098f0a5d55953d3b90d37e6/element - {"using":"xpath","value":"//*[@id=\"application-managesites-display-component---NewSite--addressDetailDetailsCountry-arrow\"]"}
RESULT: {"using":"xpath","value":"//*[@id=\"application-managesites-display-component---NewSite--addressDetailDetailsCountry-arrow\"]"}
COMMAND: POST /session/e61d66238098f0a5d55953d3b90d37e6/element/f.4CA2BB8DAA5DB34C3D6E0066B88761B9.d.F2A50A4D72093E427C12BEEA2B7423DF.e.2563/click - {}
RESULT: {}
COMMAND: POST /session/e61d66238098f0a5d55953d3b90d37e6/element - {"using":"xpath","value":"//span[contains(text(), \"Argentina\")]"}
COMMAND: GET /session/e61d66238098f0a5d55953d3b90d37e6/screenshot - {}
RESULT: {"using":"xpath","value":"//span[contains(text(), \"Argentina\")]"}
COMMAND: POST /session/e61d66238098f0a5d55953d3b90d37e6/element/f.4CA2BB8DAA5DB34C3D6E0066B88761B9.d.F2A50A4D72093E427C12BEEA2B7423DF.e.2564/click - {}
RESULT: {}
RESULT: {}
COMMAND: GET /session/e61d66238098f0a5d55953d3b90d37e6/screenshot - {}
RESULT: {}
COMMAND: POST /session/e61d66238098f0a5d55953d3b90d37e6/execute/async - {"script":"<script> [1562 bytes]","args":[{"selector":{"id":"application-managesites-display-component---NewSite--addressEditDetailsCostObjectCstType-arrow"},"wdio_ui5_key":"applicationmanagesites-display-component---NewSite--addressEditDetailsCostObjectCstType-arrow"}]}
RESULT: {"script":"<script> [1562 bytes]","args":[{"selector":{"id":"application-managesites-display-component---NewSite--addressEditDetailsCostObjectCstType-arrow"},"wdio_ui5_key":"applicationmanagesites-display-component---NewSite--addressEditDetailsCostObjectCstType-arrow"}]}
RESULT: undefined
COMMAND: POST /session/e61d66238098f0a5d55953d3b90d37e6/element - {"using":"xpath","value":"//*[@id=\"application-managesites-display-component---NewSite--addressEditDetailsCostObjectCstType-arrow\"]"}
RESULT: {"using":"xpath","value":"//*[@id=\"application-managesites-display-component---NewSite--addressEditDetailsCostObjectCstType-arrow\"]"}
COMMAND: POST /session/e61d66238098f0a5d55953d3b90d37e6/element/f.4CA2BB8DAA5DB34C3D6E0066B88761B9.d.F2A50A4D72093E427C12BEEA2B7423DF.e.2566/click - {}
RESULT: {}
COMMAND: POST /session/e61d66238098f0a5d55953d3b90d37e6/element - {"using":"xpath","value":"//span[contains(text(), \"Cost Center\")]"}
COMMAND: GET /session/e61d66238098f0a5d55953d3b90d37e6/screenshot - {}
RESULT: {"using":"xpath","value":"//span[contains(text(), \"Cost Center\")]"}
COMMAND: POST /session/e61d66238098f0a5d55953d3b90d37e6/element/f.4CA2BB8DAA5DB34C3D6E0066B88761B9.d.F2A50A4D72093E427C12BEEA2B7423DF.e.2568/click - {}
RESULT: {}
RESULT: {}
COMMAND: GET /session/e61d66238098f0a5d55953d3b90d37e6/screenshot - {}
RESULT: {}
COMMAND: POST /session/e61d66238098f0a5d55953d3b90d37e6/element - {"using":"xpath","value":"//span[@id=\"application-managesites-display-component---NewSite--addressNewCostObjectCstID-vhi\"]"}
RESULT: {"using":"xpath","value":"//span[@id=\"application-managesites-display-component---NewSite--addressNewCostObjectCstID-vhi\"]"}
COMMAND: POST /session/e61d66238098f0a5d55953d3b90d37e6/execute/sync - {"script":"<script> [8489 bytes]","args":[{"element-6066-11e4-a52e-4f735466cecf":"f.4CA2BB8DAA5DB34C3D6E0066B88761B9.d.F2A50A4D72093E427C12BEEA2B7423DF.e.2572","ELEMENT":"f.4CA2BB8DAA5DB34C3D6E0066B88761B9.d.F2A50A4D72093E427C12BEEA2B7423DF.e.2572"}]}
RESULT: {"script":"<script> [8489 bytes]","args":[{"element-6066-11e4-a52e-4f735466cecf":"f.4CA2BB8DAA5DB34C3D6E0066B88761B9.d.F2A50A4D72093E427C12BEEA2B7423DF.e.2572","ELEMENT":"f.4CA2BB8DAA5DB34C3D6E0066B88761B9.d.F2A50A4D72093E427C12BEEA2B7423DF.e.2572"}]}
COMMAND: POST /session/e61d66238098f0a5d55953d3b90d37e6/execute/async - {"script":"<script> [1562 bytes]","args":[{"selector":{"id":"application-managesites-display-component---NewSite--addressNewCostObjectCstID-vhi"},"wdio_ui5_key":"applicationmanagesites-display-component---NewSite--addressNewCostObjectCstID-vhi"}]}
COMMAND: GET /session/e61d66238098f0a5d55953d3b90d37e6/screenshot - {}
RESULT: {"script":"<script> [1562 bytes]","args":[{"selector":{"id":"application-managesites-display-component---NewSite--addressNewCostObjectCstID-vhi"},"wdio_ui5_key":"applicationmanagesites-display-component---NewSite--addressNewCostObjectCstID-vhi"}]}
RESULT: undefined
COMMAND: POST /session/e61d66238098f0a5d55953d3b90d37e6/element - {"using":"xpath","value":"//*[@id=\"application-managesites-display-component---NewSite--addressNewCostObjectCstID-vhi\"]"}
RESULT: {}
RESULT: {"using":"xpath","value":"//*[@id=\"application-managesites-display-component---NewSite--addressNewCostObjectCstID-vhi\"]"}
COMMAND: POST /session/e61d66238098f0a5d55953d3b90d37e6/element/f.4CA2BB8DAA5DB34C3D6E0066B88761B9.d.F2A50A4D72093E427C12BEEA2B7423DF.e.2572/click - {}
RESULT: {}
COMMAND: GET /session/e61d66238098f0a5d55953d3b90d37e6/screenshot - {}
RESULT: {}
RESULT: undefined
COMMAND: POST /session/e61d66238098f0a5d55953d3b90d37e6/execute/async - {"script":"<script> [776 bytes]","args":[{"enterText":"10001013","selector":{"controlType":"sap.m.SearchField","properties":{"placeholder":"Search"},"searchOpenDialogs":true,"interaction":{"idSuffix":"I"}},"clearTextFirst":true,"interactionType":"ENTER_TEXT"}]}
RESULT: {"script":"<script> [776 bytes]","args":[{"enterText":"10001013","selector":{"controlType":"sap.m.SearchField","properties":{"placeholder":"Search"},"searchOpenDialogs":true,"interaction":{"idSuffix":"I"}},"clearTextFirst":true,"interactionType":"ENTER_TEXT"}]}
COMMAND: POST /session/e61d66238098f0a5d55953d3b90d37e6/actions - {"actions":[{"id":"action7","type":"key","parameters":{},"actions":[{"type":"keyDown","value":"î€‡"},{"type":"pause","duration":10},{"type":"keyUp","value":"î€‡"}]}]}
RESULT: {"actions":[{"id":"action7","type":"key","parameters":{},"actions":[{"type":"keyDown","value":"î€‡"},{"type":"pause","duration":10},{"type":"keyUp","value":"î€‡"}]}]}
COMMAND: GET /session/e61d66238098f0a5d55953d3b90d37e6/screenshot - {}
RESULT: {}
COMMAND: POST /session/e61d66238098f0a5d55953d3b90d37e6/element - {"using":"xpath","value":"//span[contains(text(), \"General Management\")]"}
RESULT: {"using":"xpath","value":"//span[contains(text(), \"General Management\")]"}
COMMAND: POST /session/e61d66238098f0a5d55953d3b90d37e6/element/f.4CA2BB8DAA5DB34C3D6E0066B88761B9.d.F2A50A4D72093E427C12BEEA2B7423DF.e.2611/click - {}
RESULT: {}
COMMAND: GET /session/e61d66238098f0a5d55953d3b90d37e6/screenshot - {}
RESULT: {}
COMMAND: POST /session/e61d66238098f0a5d55953d3b90d37e6/element - {"using":"xpath","value":"//bdi[contains(text(), \"OK\")]"}
RESULT: {"using":"xpath","value":"//bdi[contains(text(), \"OK\")]"}
COMMAND: POST /session/e61d66238098f0a5d55953d3b90d37e6/element/f.4CA2BB8DAA5DB34C3D6E0066B88761B9.d.F2A50A4D72093E427C12BEEA2B7423DF.e.2612/click - {}
RESULT: {}
COMMAND: GET /session/e61d66238098f0a5d55953d3b90d37e6/screenshot - {}
RESULT: {}
COMMAND: POST /session/e61d66238098f0a5d55953d3b90d37e6/element - {"using":"xpath","value":"//input[@id=\"application-managesites-display-component---NewSite--addressDetailDetailsCalendar-inner\"]"}
RESULT: {"using":"xpath","value":"//input[@id=\"application-managesites-display-component---NewSite--addressDetailDetailsCalendar-inner\"]"}
COMMAND: POST /session/e61d66238098f0a5d55953d3b90d37e6/element/f.4CA2BB8DAA5DB34C3D6E0066B88761B9.d.F2A50A4D72093E427C12BEEA2B7423DF.e.2326/clear - {}
RESULT: {}
COMMAND: POST /session/e61d66238098f0a5d55953d3b90d37e6/element/f.4CA2BB8DAA5DB34C3D6E0066B88761B9.d.F2A50A4D72093E427C12BEEA2B7423DF.e.2326/value - {"text":"Unit"}
COMMAND: GET /session/e61d66238098f0a5d55953d3b90d37e6/screenshot - {}
RESULT: {"text":"Unit"}
COMMAND: GET /session/e61d66238098f0a5d55953d3b90d37e6/screenshot - {}
RESULT: {}
RESULT: {}
COMMAND: POST /session/e61d66238098f0a5d55953d3b90d37e6/actions - {"actions":[{"id":"action8","type":"key","parameters":{},"actions":[{"type":"keyDown","value":"î€‡"},{"type":"pause","duration":10},{"type":"keyUp","value":"î€‡"}]}]}
RESULT: {"actions":[{"id":"action8","type":"key","parameters":{},"actions":[{"type":"keyDown","value":"î€‡"},{"type":"pause","duration":10},{"type":"keyUp","value":"î€‡"}]}]}
COMMAND: POST /session/e61d66238098f0a5d55953d3b90d37e6/element - {"using":"xpath","value":"//input[@id=\"application-managesites-display-component---NewSite--addressDetailDetailsYard-inner\"]"}
COMMAND: GET /session/e61d66238098f0a5d55953d3b90d37e6/screenshot - {}
RESULT: {"using":"xpath","value":"//input[@id=\"application-managesites-display-component---NewSite--addressDetailDetailsYard-inner\"]"}
COMMAND: POST /session/e61d66238098f0a5d55953d3b90d37e6/element/f.4CA2BB8DAA5DB34C3D6E0066B88761B9.d.F2A50A4D72093E427C12BEEA2B7423DF.e.2327/clear - {}
RESULT: {}
RESULT: {}
COMMAND: POST /session/e61d66238098f0a5d55953d3b90d37e6/element/f.4CA2BB8DAA5DB34C3D6E0066B88761B9.d.F2A50A4D72093E427C12BEEA2B7423DF.e.2327/value - {"text":"481"}
COMMAND: GET /session/e61d66238098f0a5d55953d3b90d37e6/screenshot - {}
RESULT: {"text":"481"}
COMMAND: GET /session/e61d66238098f0a5d55953d3b90d37e6/screenshot - {}
RESULT: {}
RESULT: {}
COMMAND: POST /session/e61d66238098f0a5d55953d3b90d37e6/element - {"using":"xpath","value":"//li[.//span[text()='481']]"}
RESULT: {"using":"xpath","value":"//li[.//span[text()='481']]"}
COMMAND: POST /session/e61d66238098f0a5d55953d3b90d37e6/element/f.4CA2BB8DAA5DB34C3D6E0066B88761B9.d.F2A50A4D72093E427C12BEEA2B7423DF.e.2620/click - {}
RESULT: {}
COMMAND: GET /session/e61d66238098f0a5d55953d3b90d37e6/screenshot - {}
RESULT: {}
COMMAND: POST /session/e61d66238098f0a5d55953d3b90d37e6/element - {"using":"xpath","value":"//input[@id=\"application-managesites-display-component---NewSite--addressDetailDetailsPartner-inner\"]"}
RESULT: {"using":"xpath","value":"//input[@id=\"application-managesites-display-component---NewSite--addressDetailDetailsPartner-inner\"]"}
COMMAND: POST /session/e61d66238098f0a5d55953d3b90d37e6/element - {"using":"xpath","value":"//input[@id=\"application-managesites-display-component---NewSite--addressDetailDetailsPartner-inner\"]"}
RESULT: {"using":"xpath","value":"//input[@id=\"application-managesites-display-component---NewSite--addressDetailDetailsPartner-inner\"]"}
COMMAND: POST /session/e61d66238098f0a5d55953d3b90d37e6/element - {"using":"xpath","value":"//button[@data-kt=\"saveButton\"]"}
RESULT: {"using":"xpath","value":"//button[@data-kt=\"saveButton\"]"}
COMMAND: POST /session/e61d66238098f0a5d55953d3b90d37e6/element/f.4CA2BB8DAA5DB34C3D6E0066B88761B9.d.F2A50A4D72093E427C12BEEA2B7423DF.e.2510/click - {}
RESULT: {}
COMMAND: GET /session/e61d66238098f0a5d55953d3b90d37e6/screenshot - {}
RESULT: {}
COMMAND: POST /session/e61d66238098f0a5d55953d3b90d37e6/element - {"using":"xpath","value":"//header[contains(@id, 'ObjectPageLayout-headerTitle')]/div[1]/div[2]/div[2]/span[1]"}
RESULT: {"using":"xpath","value":"//header[contains(@id, 'ObjectPageLayout-headerTitle')]/div[1]/div[2]/div[2]/span[1]"}
COMMAND: POST /session/e61d66238098f0a5d55953d3b90d37e6/elements - {"using":"xpath","value":"//header[contains(@id, 'ObjectPageLayout-headerTitle')]/div[1]/div[2]/div[2]/span[1]"}
RESULT: {"using":"xpath","value":"//header[contains(@id, 'ObjectPageLayout-headerTitle')]/div[1]/div[2]/div[2]/span[1]"}
COMMAND: POST /session/e61d66238098f0a5d55953d3b90d37e6/execute/sync - {"script":"<script> [56 bytes]","args":[{"element-6066-11e4-a52e-4f735466cecf":"f.4CA2BB8DAA5DB34C3D6E0066B88761B9.d.F2A50A4D72093E427C12BEEA2B7423DF.e.2822","ELEMENT":"f.4CA2BB8DAA5DB34C3D6E0066B88761B9.d.F2A50A4D72093E427C12BEEA2B7423DF.e.2822"}]}
RESULT: {"script":"<script> [56 bytes]","args":[{"element-6066-11e4-a52e-4f735466cecf":"f.4CA2BB8DAA5DB34C3D6E0066B88761B9.d.F2A50A4D72093E427C12BEEA2B7423DF.e.2822","ELEMENT":"f.4CA2BB8DAA5DB34C3D6E0066B88761B9.d.F2A50A4D72093E427C12BEEA2B7423DF.e.2822"}]}
COMMAND: POST /session/e61d66238098f0a5d55953d3b90d37e6/element - {"using":"css selector","value":"#shell-header-logo"}
COMMAND: GET /session/e61d66238098f0a5d55953d3b90d37e6/screenshot - {}
RESULT: {}
RESULT: {"using":"css selector","value":"#shell-header-logo"}
COMMAND: POST /session/e61d66238098f0a5d55953d3b90d37e6/element/f.4CA2BB8DAA5DB34C3D6E0066B88761B9.d.F2A50A4D72093E427C12BEEA2B7423DF.e.2105/click - {}
RESULT: {}
COMMAND: GET /session/e61d66238098f0a5d55953d3b90d37e6/screenshot - {}
RESULT: {}
COMMAND: POST /session/e61d66238098f0a5d55953d3b90d37e6/execute/sync - {"script":"<script> [299 bytes]","args":[["getModel","getResource"]]}
RESULT: {"script":"<script> [299 bytes]","args":[["getModel","getResource"]]}
COMMAND: POST /session/e61d66238098f0a5d55953d3b90d37e6/actions - {"actions":[{"id":"action9","type":"key","parameters":{},"actions":[{"type":"keyDown","value":"î€‡"},{"type":"pause","duration":10},{"type":"keyUp","value":"î€‡"}]}]}
COMMAND: GET /session/e61d66238098f0a5d55953d3b90d37e6/screenshot - {}
RESULT: {"actions":[{"id":"action9","type":"key","parameters":{},"actions":[{"type":"keyDown","value":"î€‡"},{"type":"pause","duration":10},{"type":"keyUp","value":"î€‡"}]}]}
COMMAND: GET /session/e61d66238098f0a5d55953d3b90d37e6/screenshot - {}
RESULT: {}
RESULT: {}
COMMAND: POST /session/e61d66238098f0a5d55953d3b90d37e6/refresh - {}
RESULT: {}
COMMAND: GET /session/e61d66238098f0a5d55953d3b90d37e6/screenshot - {}
RESULT: {}
COMMAND: POST /session/e61d66238098f0a5d55953d3b90d37e6/refresh - {}
RESULT: {}
COMMAND: GET /session/e61d66238098f0a5d55953d3b90d37e6/screenshot - {}
RESULT: {}
COMMAND: POST /session/e61d66238098f0a5d55953d3b90d37e6/window/fullscreen - {}
RESULT: {}
COMMAND: POST /session/e61d66238098f0a5d55953d3b90d37e6/execute/async - {"script":"<script> [189 bytes]","args":[]}
RESULT: {"script":"<script> [189 bytes]","args":[]}
COMMAND: POST /session/e61d66238098f0a5d55953d3b90d37e6/execute/async - {"script":"<script> [123 bytes]","args":[]}
RESULT: {"script":"<script> [123 bytes]","args":[]}
COMMAND: POST /session/e61d66238098f0a5d55953d3b90d37e6/timeouts - {"script":"<number>"}
RESULT: {"script":"<number>"}
COMMAND: GET /session/e61d66238098f0a5d55953d3b90d37e6/timeouts - {}
RESULT: {}
RESULT: undefined
COMMAND: POST /session/e61d66238098f0a5d55953d3b90d37e6/execute/async - {"script":"<script> [2676 bytes]","args":[]}
RESULT: {"script":"<script> [2676 bytes]","args":[]}
COMMAND: POST /session/e61d66238098f0a5d55953d3b90d37e6/execute/async - {"script":"<script> [2342 bytes]","args":[{"protocol":"http","hostname":"0.0.0.0","path":"/","capabilities":{"browserName":"chrome","goog:chromeOptions":{"binary":"C:\\Program Files\\Google\\Chrome\\Application\\chrome.exe","args":["--start-maximized"]}},"logLevel":"warn","connectionRetryTimeout":120000,"connectionRetryCount":3,"logLevels":{},"enableDirectConnect":true,"strictSSL":true,"_":"65 more keys: [\"cacheDir\",\"port\",\"requestedCapabilities\",\"automationProtocol\",\"baseUrl\",\"waitforInterval\",\"waitforTimeout\",\"onReload\",\"beforeCommand\",\"afterCommand\",\"rootDir\",\"specs\",\"suites\",\"exclude\",\"groupLogsByTestSpec\",\"excludeDriverLogs\",\"bail\",\"framework\",\"reporters\",\"services\",\"maxInstances\",\"maxInstancesPerCapability\",\"injectGlobals\",\"filesToWatch\",\"execArgv\",\"runnerEnv\",\"runner\",\"shard\",\"specFileRetries\",\"specFileRetriesDelay\",\"specFileRetriesDeferred\",\"reporterSyncInterval\",\"reporterSyncTimeout\",\"cucumberFeaturesWithLineNumbers\",\"autoCompileOpts\",\"mochaOpts\",\"jasmineOpts\",\"cucumberOpts\",\"onPrepare\",\"onWorkerStart\",\"onWorkerEnd\",\"before\",\"beforeSession\",\"beforeSuite\",\"beforeHook\",\"beforeTest\",\"afterTest\",\"afterHook\",\"afterSuite\",\"afterSession\",\"after\",\"onComplete\",\"beforeAssertion\",\"afterAssertion\",\"beforeFeature\",\"beforeScenario\",\"beforeStep\",\"afterStep\",\"afterScenario\",\"afterFeature\",\"_\",\"suite\",\"$0\",\"ignoredWorkerServices\",\"wdi5\"]"}]}
RESULT: {"script":"<script> [2342 bytes]","args":[{"protocol":"http","hostname":"0.0.0.0","path":"/","capabilities":{"browserName":"chrome","goog:chromeOptions":{"binary":"C:\\Program Files\\Google\\Chrome\\Application\\chrome.exe","args":["--start-maximized"]}},"logLevel":"warn","connectionRetryTimeout":120000,"connectionRetryCount":3,"logLevels":{},"enableDirectConnect":true,"strictSSL":true,"_":"65 more keys: [\"cacheDir\",\"port\",\"requestedCapabilities\",\"automationProtocol\",\"baseUrl\",\"waitforInterval\",\"waitforTimeout\",\"onReload\",\"beforeCommand\",\"afterCommand\",\"rootDir\",\"specs\",\"suites\",\"exclude\",\"groupLogsByTestSpec\",\"excludeDriverLogs\",\"bail\",\"framework\",\"reporters\",\"services\",\"maxInstances\",\"maxInstancesPerCapability\",\"injectGlobals\",\"filesToWatch\",\"execArgv\",\"runnerEnv\",\"runner\",\"shard\",\"specFileRetries\",\"specFileRetriesDelay\",\"specFileRetriesDeferred\",\"reporterSyncInterval\",\"reporterSyncTimeout\",\"cucumberFeaturesWithLineNumbers\",\"autoCompileOpts\",\"mochaOpts\",\"jasmineOpts\",\"cucumberOpts\",\"onPrepare\",\"onWorkerStart\",\"onWorkerEnd\",\"before\",\"beforeSession\",\"beforeSuite\",\"beforeHook\",\"beforeTest\",\"afterTest\",\"afterHook\",\"afterSuite\",\"afterSession\",\"after\",\"onComplete\",\"beforeAssertion\",\"afterAssertion\",\"beforeFeature\",\"beforeScenario\",\"beforeStep\",\"afterStep\",\"afterScenario\",\"afterFeature\",\"_\",\"suite\",\"$0\",\"ignoredWorkerServices\",\"wdi5\"]"}]}
COMMAND: POST /session/e61d66238098f0a5d55953d3b90d37e6/execute/async - {"script":"<script> [21126 bytes]","args":[35000]}
RESULT: {"script":"<script> [21126 bytes]","args":[35000]}
COMMAND: POST /session/e61d66238098f0a5d55953d3b90d37e6/window/fullscreen - {}
RESULT: {}
]]></system-out>
    </testcase>
    <testcase classname="chrome.136_0_7103_93.windows.Billing_Transfer_-_Intracompany_US127249" name="Should create a new equipment" time="140.312">
      <system-out><![CDATA[
COMMAND: POST /session/e61d66238098f0a5d55953d3b90d37e6/execute/async - {"script":"<script> [1562 bytes]","args":[{"selector":{"controlType":"sap.m.GenericTile","properties":{"header":"Manage Resources"}},"wdio_ui5_key":"sapm.GenericTile{\"header\":\"Manage Resources\"}"}]}
RESULT: {"script":"<script> [1562 bytes]","args":[{"selector":{"controlType":"sap.m.GenericTile","properties":{"header":"Manage Resources"}},"wdio_ui5_key":"sapm.GenericTile{\"header\":\"Manage Resources\"}"}]}
RESULT: undefined
COMMAND: POST /session/e61d66238098f0a5d55953d3b90d37e6/element - {"using":"xpath","value":"//*[@id=\"__tile31\"]"}
RESULT: {"using":"xpath","value":"//*[@id=\"__tile31\"]"}
COMMAND: POST /session/e61d66238098f0a5d55953d3b90d37e6/element/f.4CA2BB8DAA5DB34C3D6E0066B88761B9.d.BA98F014AA0390342E8DF57B1F6D9C0A.e.2895/click - {}
RESULT: {}
COMMAND: GET /session/e61d66238098f0a5d55953d3b90d37e6/screenshot - {}
RESULT: {}
COMMAND: POST /session/e61d66238098f0a5d55953d3b90d37e6/elements - {"using":"xpath","value":"//span[text()='Error']"}
RESULT: {"using":"xpath","value":"//span[text()='Error']"}
COMMAND: POST /session/e61d66238098f0a5d55953d3b90d37e6/element - {"using":"xpath","value":"//button[@data-kt=\"addNewRUOverflowToolbarButton\"]"}
RESULT: {"using":"xpath","value":"//button[@data-kt=\"addNewRUOverflowToolbarButton\"]"}
COMMAND: POST /session/e61d66238098f0a5d55953d3b90d37e6/elements - {"using":"xpath","value":"//button[@data-kt=\"addNewRUOverflowToolbarButton\"]"}
RESULT: {"using":"xpath","value":"//button[@data-kt=\"addNewRUOverflowToolbarButton\"]"}
COMMAND: POST /session/e61d66238098f0a5d55953d3b90d37e6/elements - {"using":"xpath","value":"//button[@data-kt=\"addNewRUOverflowToolbarButton\"]"}
RESULT: {"using":"xpath","value":"//button[@data-kt=\"addNewRUOverflowToolbarButton\"]"}
COMMAND: POST /session/e61d66238098f0a5d55953d3b90d37e6/elements - {"using":"xpath","value":"//button[@data-kt=\"addNewRUOverflowToolbarButton\"]"}
RESULT: {"using":"xpath","value":"//button[@data-kt=\"addNewRUOverflowToolbarButton\"]"}
COMMAND: POST /session/e61d66238098f0a5d55953d3b90d37e6/element - {"using":"xpath","value":"//button[@data-kt=\"addNewRUOverflowToolbarButton\"]"}
RESULT: {"using":"xpath","value":"//button[@data-kt=\"addNewRUOverflowToolbarButton\"]"}
COMMAND: POST /session/e61d66238098f0a5d55953d3b90d37e6/execute/sync - {"script":"<script> [8489 bytes]","args":[{"element-6066-11e4-a52e-4f735466cecf":"f.4CA2BB8DAA5DB34C3D6E0066B88761B9.d.BA98F014AA0390342E8DF57B1F6D9C0A.e.3004","ELEMENT":"f.4CA2BB8DAA5DB34C3D6E0066B88761B9.d.BA98F014AA0390342E8DF57B1F6D9C0A.e.3004"}]}
RESULT: {"script":"<script> [8489 bytes]","args":[{"element-6066-11e4-a52e-4f735466cecf":"f.4CA2BB8DAA5DB34C3D6E0066B88761B9.d.BA98F014AA0390342E8DF57B1F6D9C0A.e.3004","ELEMENT":"f.4CA2BB8DAA5DB34C3D6E0066B88761B9.d.BA98F014AA0390342E8DF57B1F6D9C0A.e.3004"}]}
COMMAND: GET /session/e61d66238098f0a5d55953d3b90d37e6/element/f.4CA2BB8DAA5DB34C3D6E0066B88761B9.d.BA98F014AA0390342E8DF57B1F6D9C0A.e.3004/enabled - {}
COMMAND: GET /session/e61d66238098f0a5d55953d3b90d37e6/screenshot - {}
RESULT: {}
COMMAND: POST /session/e61d66238098f0a5d55953d3b90d37e6/execute/sync - {"script":"<script> [8489 bytes]","args":[{"element-6066-11e4-a52e-4f735466cecf":"f.4CA2BB8DAA5DB34C3D6E0066B88761B9.d.BA98F014AA0390342E8DF57B1F6D9C0A.e.3004","ELEMENT":"f.4CA2BB8DAA5DB34C3D6E0066B88761B9.d.BA98F014AA0390342E8DF57B1F6D9C0A.e.3004"}]}
COMMAND: GET /session/e61d66238098f0a5d55953d3b90d37e6/screenshot - {}
RESULT: {}
RESULT: {"script":"<script> [8489 bytes]","args":[{"element-6066-11e4-a52e-4f735466cecf":"f.4CA2BB8DAA5DB34C3D6E0066B88761B9.d.BA98F014AA0390342E8DF57B1F6D9C0A.e.3004","ELEMENT":"f.4CA2BB8DAA5DB34C3D6E0066B88761B9.d.BA98F014AA0390342E8DF57B1F6D9C0A.e.3004"}]}
COMMAND: POST /session/e61d66238098f0a5d55953d3b90d37e6/execute/sync - {"script":"<script> [5351 bytes]","args":[{"element-6066-11e4-a52e-4f735466cecf":"f.4CA2BB8DAA5DB34C3D6E0066B88761B9.d.BA98F014AA0390342E8DF57B1F6D9C0A.e.3004","ELEMENT":"f.4CA2BB8DAA5DB34C3D6E0066B88761B9.d.BA98F014AA0390342E8DF57B1F6D9C0A.e.3004"}]}
COMMAND: GET /session/e61d66238098f0a5d55953d3b90d37e6/screenshot - {}
RESULT: {}
RESULT: {"script":"<script> [5351 bytes]","args":[{"element-6066-11e4-a52e-4f735466cecf":"f.4CA2BB8DAA5DB34C3D6E0066B88761B9.d.BA98F014AA0390342E8DF57B1F6D9C0A.e.3004","ELEMENT":"f.4CA2BB8DAA5DB34C3D6E0066B88761B9.d.BA98F014AA0390342E8DF57B1F6D9C0A.e.3004"}]}
COMMAND: POST /session/e61d66238098f0a5d55953d3b90d37e6/element/f.4CA2BB8DAA5DB34C3D6E0066B88761B9.d.BA98F014AA0390342E8DF57B1F6D9C0A.e.3004/click - {}
COMMAND: GET /session/e61d66238098f0a5d55953d3b90d37e6/screenshot - {}
RESULT: {}
RESULT: {}
COMMAND: GET /session/e61d66238098f0a5d55953d3b90d37e6/screenshot - {}
RESULT: {}
COMMAND: POST /session/e61d66238098f0a5d55953d3b90d37e6/execute/async - {"script":"<script> [1562 bytes]","args":[{"selector":{"id":"application-manageresources-display-component---newResourceUnit--TYPE-arrow"},"wdio_ui5_key":"applicationmanageresources-display-component---newResourceUnit--TYPE-arrow"}]}
RESULT: {}
RESULT: {"script":"<script> [1562 bytes]","args":[{"selector":{"id":"application-manageresources-display-component---newResourceUnit--TYPE-arrow"},"wdio_ui5_key":"applicationmanageresources-display-component---newResourceUnit--TYPE-arrow"}]}
RESULT: undefined
COMMAND: POST /session/e61d66238098f0a5d55953d3b90d37e6/element - {"using":"xpath","value":"//*[@id=\"application-manageresources-display-component---newResourceUnit--TYPE-arrow\"]"}
RESULT: {"using":"xpath","value":"//*[@id=\"application-manageresources-display-component---newResourceUnit--TYPE-arrow\"]"}
COMMAND: POST /session/e61d66238098f0a5d55953d3b90d37e6/element/f.4CA2BB8DAA5DB34C3D6E0066B88761B9.d.BA98F014AA0390342E8DF57B1F6D9C0A.e.3360/click - {}
RESULT: {}
COMMAND: POST /session/e61d66238098f0a5d55953d3b90d37e6/element - {"using":"xpath","value":"//input[@id=\"application-manageresources-display-component---newResourceUnit--TYPE-inner\"]"}
COMMAND: GET /session/e61d66238098f0a5d55953d3b90d37e6/screenshot - {}
RESULT: {"using":"xpath","value":"//input[@id=\"application-manageresources-display-component---newResourceUnit--TYPE-inner\"]"}
COMMAND: POST /session/e61d66238098f0a5d55953d3b90d37e6/element/f.4CA2BB8DAA5DB34C3D6E0066B88761B9.d.BA98F014AA0390342E8DF57B1F6D9C0A.e.3308/clear - {}
RESULT: {}
RESULT: {}
COMMAND: POST /session/e61d66238098f0a5d55953d3b90d37e6/element/f.4CA2BB8DAA5DB34C3D6E0066B88761B9.d.BA98F014AA0390342E8DF57B1F6D9C0A.e.3308/value - {"text":"Equipment"}
COMMAND: GET /session/e61d66238098f0a5d55953d3b90d37e6/screenshot - {}
RESULT: {"text":"Equipment"}
COMMAND: GET /session/e61d66238098f0a5d55953d3b90d37e6/screenshot - {}
RESULT: {}
RESULT: {}
COMMAND: POST /session/e61d66238098f0a5d55953d3b90d37e6/actions - {"actions":[{"id":"action10","type":"key","parameters":{},"actions":[{"type":"keyDown","value":"î€‡"},{"type":"pause","duration":10},{"type":"keyUp","value":"î€‡"}]}]}
RESULT: {"actions":[{"id":"action10","type":"key","parameters":{},"actions":[{"type":"keyDown","value":"î€‡"},{"type":"pause","duration":10},{"type":"keyUp","value":"î€‡"}]}]}
COMMAND: POST /session/e61d66238098f0a5d55953d3b90d37e6/execute/async - {"script":"<script> [1562 bytes]","args":[{"selector":{"id":"application-manageresources-display-component---newResourceUnit--resourceId","interaction":{"idSuffix":"inner"}},"wdio_ui5_key":"applicationmanageresources-display-component---newResourceUnit--resourceId"}]}
COMMAND: GET /session/e61d66238098f0a5d55953d3b90d37e6/screenshot - {}
RESULT: {"script":"<script> [1562 bytes]","args":[{"selector":{"id":"application-manageresources-display-component---newResourceUnit--resourceId","interaction":{"idSuffix":"inner"}},"wdio_ui5_key":"applicationmanageresources-display-component---newResourceUnit--resourceId"}]}
RESULT: undefined
COMMAND: POST /session/e61d66238098f0a5d55953d3b90d37e6/execute/async - {"script":"<script> [776 bytes]","args":[{"enterText":"uNvA5S79I2","selector":{"id":"application-manageresources-display-component---newResourceUnit--resourceId","interaction":{"idSuffix":"inner"}},"clearTextFirst":true,"interactionType":"ENTER_TEXT"}]}
RESULT: {}
RESULT: {"script":"<script> [776 bytes]","args":[{"enterText":"uNvA5S79I2","selector":{"id":"application-manageresources-display-component---newResourceUnit--resourceId","interaction":{"idSuffix":"inner"}},"clearTextFirst":true,"interactionType":"ENTER_TEXT"}]}
COMMAND: POST /session/e61d66238098f0a5d55953d3b90d37e6/execute/async - {"script":"<script> [1562 bytes]","args":[{"selector":{"id":"application-manageresources-display-component---newResourceUnit--SHORT_TEXT","interaction":{"idSuffix":"inner"}},"wdio_ui5_key":"applicationmanageresources-display-component---newResourceUnit--SHORT_TEXT"}]}
RESULT: {"script":"<script> [1562 bytes]","args":[{"selector":{"id":"application-manageresources-display-component---newResourceUnit--SHORT_TEXT","interaction":{"idSuffix":"inner"}},"wdio_ui5_key":"applicationmanageresources-display-component---newResourceUnit--SHORT_TEXT"}]}
RESULT: undefined
COMMAND: POST /session/e61d66238098f0a5d55953d3b90d37e6/execute/async - {"script":"<script> [776 bytes]","args":[{"enterText":"Intercompany Equipment WDIO","selector":{"id":"application-manageresources-display-component---newResourceUnit--SHORT_TEXT","interaction":{"idSuffix":"inner"}},"clearTextFirst":true,"interactionType":"ENTER_TEXT"}]}
RESULT: {"script":"<script> [776 bytes]","args":[{"enterText":"Intercompany Equipment WDIO","selector":{"id":"application-manageresources-display-component---newResourceUnit--SHORT_TEXT","interaction":{"idSuffix":"inner"}},"clearTextFirst":true,"interactionType":"ENTER_TEXT"}]}
COMMAND: POST /session/e61d66238098f0a5d55953d3b90d37e6/execute/async - {"script":"<script> [1562 bytes]","args":[{"selector":{"id":"application-manageresources-display-component---newResourceUnit--BASE_UNIT_OF_MEASURE","interaction":{"idSuffix":"inner"}},"wdio_ui5_key":"applicationmanageresources-display-component---newResourceUnit--BASE_UNIT_OF_MEASURE"}]}
RESULT: {"script":"<script> [1562 bytes]","args":[{"selector":{"id":"application-manageresources-display-component---newResourceUnit--BASE_UNIT_OF_MEASURE","interaction":{"idSuffix":"inner"}},"wdio_ui5_key":"applicationmanageresources-display-component---newResourceUnit--BASE_UNIT_OF_MEASURE"}]}
RESULT: undefined
COMMAND: POST /session/e61d66238098f0a5d55953d3b90d37e6/execute/async - {"script":"<script> [776 bytes]","args":[{"enterText":"Piece","selector":{"id":"application-manageresources-display-component---newResourceUnit--BASE_UNIT_OF_MEASURE","interaction":{"idSuffix":"inner"}},"clearTextFirst":true,"interactionType":"ENTER_TEXT"}]}
RESULT: {"script":"<script> [776 bytes]","args":[{"enterText":"Piece","selector":{"id":"application-manageresources-display-component---newResourceUnit--BASE_UNIT_OF_MEASURE","interaction":{"idSuffix":"inner"}},"clearTextFirst":true,"interactionType":"ENTER_TEXT"}]}
COMMAND: POST /session/e61d66238098f0a5d55953d3b90d37e6/execute/async - {"script":"<script> [1562 bytes]","args":[{"selector":{"id":"application-manageresources-display-component---newResourceUnit--WEIGHT_UNIT","interaction":{"idSuffix":"inner"}},"wdio_ui5_key":"applicationmanageresources-display-component---newResourceUnit--WEIGHT_UNIT"}]}
RESULT: {"script":"<script> [1562 bytes]","args":[{"selector":{"id":"application-manageresources-display-component---newResourceUnit--WEIGHT_UNIT","interaction":{"idSuffix":"inner"}},"wdio_ui5_key":"applicationmanageresources-display-component---newResourceUnit--WEIGHT_UNIT"}]}
RESULT: undefined
COMMAND: POST /session/e61d66238098f0a5d55953d3b90d37e6/execute/async - {"script":"<script> [776 bytes]","args":[{"enterText":"Gram","selector":{"id":"application-manageresources-display-component---newResourceUnit--WEIGHT_UNIT","interaction":{"idSuffix":"inner"}},"clearTextFirst":true,"interactionType":"ENTER_TEXT"}]}
RESULT: {"script":"<script> [776 bytes]","args":[{"enterText":"Gram","selector":{"id":"application-manageresources-display-component---newResourceUnit--WEIGHT_UNIT","interaction":{"idSuffix":"inner"}},"clearTextFirst":true,"interactionType":"ENTER_TEXT"}]}
COMMAND: POST /session/e61d66238098f0a5d55953d3b90d37e6/execute/async - {"script":"<script> [1562 bytes]","args":[{"selector":{"id":"application-manageresources-display-component---newResourceUnit--DIMENSION_UNIT","interaction":{"idSuffix":"inner"}},"wdio_ui5_key":"applicationmanageresources-display-component---newResourceUnit--DIMENSION_UNIT"}]}
RESULT: {"script":"<script> [1562 bytes]","args":[{"selector":{"id":"application-manageresources-display-component---newResourceUnit--DIMENSION_UNIT","interaction":{"idSuffix":"inner"}},"wdio_ui5_key":"applicationmanageresources-display-component---newResourceUnit--DIMENSION_UNIT"}]}
RESULT: undefined
COMMAND: POST /session/e61d66238098f0a5d55953d3b90d37e6/execute/async - {"script":"<script> [776 bytes]","args":[{"enterText":"Meter","selector":{"id":"application-manageresources-display-component---newResourceUnit--DIMENSION_UNIT","interaction":{"idSuffix":"inner"}},"clearTextFirst":true,"interactionType":"ENTER_TEXT"}]}
RESULT: {"script":"<script> [776 bytes]","args":[{"enterText":"Meter","selector":{"id":"application-manageresources-display-component---newResourceUnit--DIMENSION_UNIT","interaction":{"idSuffix":"inner"}},"clearTextFirst":true,"interactionType":"ENTER_TEXT"}]}
COMMAND: POST /session/e61d66238098f0a5d55953d3b90d37e6/execute/async - {"script":"<script> [1562 bytes]","args":[{"selector":{"id":"application-manageresources-display-component---newResourceUnit--newRRUPage-anchBar-application-manageresources-display-component---newResourceUnit--control-anchor","interaction":{"idSuffix":"BDI-content"}},"wdio_ui5_key":"applicationmanageresources-display-component---newResourceUnit--newRRUPage-anchBar-application-manageresources-display-component---newResourceUnit--control-anchor"}]}
RESULT: {"script":"<script> [1562 bytes]","args":[{"selector":{"id":"application-manageresources-display-component---newResourceUnit--newRRUPage-anchBar-application-manageresources-display-component---newResourceUnit--control-anchor","interaction":{"idSuffix":"BDI-content"}},"wdio_ui5_key":"applicationmanageresources-display-component---newResourceUnit--newRRUPage-anchBar-application-manageresources-display-component---newResourceUnit--control-anchor"}]}
RESULT: undefined
COMMAND: POST /session/e61d66238098f0a5d55953d3b90d37e6/element - {"using":"xpath","value":"//*[@id=\"application-manageresources-display-component---newResourceUnit--newRRUPage-anchBar-application-manageresources-display-component---newResourceUnit--control-anchor\"]"}
RESULT: {"using":"xpath","value":"//*[@id=\"application-manageresources-display-component---newResourceUnit--newRRUPage-anchBar-application-manageresources-display-component---newResourceUnit--control-anchor\"]"}
COMMAND: POST /session/e61d66238098f0a5d55953d3b90d37e6/element/f.4CA2BB8DAA5DB34C3D6E0066B88761B9.d.BA98F014AA0390342E8DF57B1F6D9C0A.e.3491/click - {}
RESULT: {}
COMMAND: POST /session/e61d66238098f0a5d55953d3b90d37e6/execute/async - {"script":"<script> [1562 bytes]","args":[{"selector":{"id":"application-manageresources-display-component---newResourceUnit--PLANNING_GROUP","interaction":{"idSuffix":"inner"}},"wdio_ui5_key":"applicationmanageresources-display-component---newResourceUnit--PLANNING_GROUP"}]}
COMMAND: GET /session/e61d66238098f0a5d55953d3b90d37e6/screenshot - {}
RESULT: {"script":"<script> [1562 bytes]","args":[{"selector":{"id":"application-manageresources-display-component---newResourceUnit--PLANNING_GROUP","interaction":{"idSuffix":"inner"}},"wdio_ui5_key":"applicationmanageresources-display-component---newResourceUnit--PLANNING_GROUP"}]}
RESULT: undefined
COMMAND: POST /session/e61d66238098f0a5d55953d3b90d37e6/execute/async - {"script":"<script> [776 bytes]","args":[{"enterText":"Heavy Equi","selector":{"id":"application-manageresources-display-component---newResourceUnit--PLANNING_GROUP","interaction":{"idSuffix":"inner"}},"clearTextFirst":true,"interactionType":"ENTER_TEXT"}]}
RESULT: {}
RESULT: {"script":"<script> [776 bytes]","args":[{"enterText":"Heavy Equi","selector":{"id":"application-manageresources-display-component---newResourceUnit--PLANNING_GROUP","interaction":{"idSuffix":"inner"}},"clearTextFirst":true,"interactionType":"ENTER_TEXT"}]}
COMMAND: POST /session/e61d66238098f0a5d55953d3b90d37e6/execute/async - {"script":"<script> [1562 bytes]","args":[{"selector":{"id":"application-manageresources-display-component---newResourceUnit--ITEM_TYPE-arrow"},"wdio_ui5_key":"applicationmanageresources-display-component---newResourceUnit--ITEM_TYPE-arrow"}]}
RESULT: {"script":"<script> [1562 bytes]","args":[{"selector":{"id":"application-manageresources-display-component---newResourceUnit--ITEM_TYPE-arrow"},"wdio_ui5_key":"applicationmanageresources-display-component---newResourceUnit--ITEM_TYPE-arrow"}]}
RESULT: undefined
COMMAND: POST /session/e61d66238098f0a5d55953d3b90d37e6/element - {"using":"xpath","value":"//*[@id=\"application-manageresources-display-component---newResourceUnit--ITEM_TYPE-arrow\"]"}
RESULT: {"using":"xpath","value":"//*[@id=\"application-manageresources-display-component---newResourceUnit--ITEM_TYPE-arrow\"]"}
COMMAND: POST /session/e61d66238098f0a5d55953d3b90d37e6/element/f.4CA2BB8DAA5DB34C3D6E0066B88761B9.d.BA98F014AA0390342E8DF57B1F6D9C0A.e.3500/click - {}
RESULT: {}
COMMAND: POST /session/e61d66238098f0a5d55953d3b90d37e6/element - {"using":"xpath","value":"(//span[contains(text(), \"Resource Unit\")])[2]"}
COMMAND: GET /session/e61d66238098f0a5d55953d3b90d37e6/screenshot - {}
RESULT: {"using":"xpath","value":"(//span[contains(text(), \"Resource Unit\")])[2]"}
COMMAND: POST /session/e61d66238098f0a5d55953d3b90d37e6/element/f.4CA2BB8DAA5DB34C3D6E0066B88761B9.d.BA98F014AA0390342E8DF57B1F6D9C0A.e.3501/click - {}
RESULT: {}
RESULT: {}
COMMAND: GET /session/e61d66238098f0a5d55953d3b90d37e6/screenshot - {}
RESULT: {}
COMMAND: POST /session/e61d66238098f0a5d55953d3b90d37e6/element - {"using":"css selector","value":"#application-manageresources-display-component---newResourceUnit--btnAddTimeSegment"}
RESULT: {"using":"css selector","value":"#application-manageresources-display-component---newResourceUnit--btnAddTimeSegment"}
COMMAND: GET /session/e61d66238098f0a5d55953d3b90d37e6/element/f.4CA2BB8DAA5DB34C3D6E0066B88761B9.d.BA98F014AA0390342E8DF57B1F6D9C0A.e.3502/rect - {}
RESULT: {}
COMMAND: GET /session/e61d66238098f0a5d55953d3b90d37e6/window/rect - {}
RESULT: {}
COMMAND: POST /session/e61d66238098f0a5d55953d3b90d37e6/execute/sync - {"script":"<script> [92 bytes]","args":[]}
RESULT: {"script":"<script> [92 bytes]","args":[]}
COMMAND: POST /session/e61d66238098f0a5d55953d3b90d37e6/actions - {"actions":[{"id":"action11","type":"wheel","parameters":{},"actions":[{"type":"scroll","x":-1888,"y":-32,"deltaX":0,"deltaY":0,"duration":0,"origin":{"element-6066-11e4-a52e-4f735466cecf":"f.4CA2BB8DAA5DB34C3D6E0066B88761B9.d.BA98F014AA0390342E8DF57B1F6D9C0A.e.3502"}}]}]}
COMMAND: GET /session/e61d66238098f0a5d55953d3b90d37e6/screenshot - {}
RESULT: {}
COMMAND: POST /session/e61d66238098f0a5d55953d3b90d37e6/execute/sync - {"script":"<script> [79 bytes]","args":[{"element-6066-11e4-a52e-4f735466cecf":"f.4CA2BB8DAA5DB34C3D6E0066B88761B9.d.BA98F014AA0390342E8DF57B1F6D9C0A.e.3502","ELEMENT":"f.4CA2BB8DAA5DB34C3D6E0066B88761B9.d.BA98F014AA0390342E8DF57B1F6D9C0A.e.3502"},{"block":"start","inline":"nearest"}]}
RESULT: {"script":"<script> [79 bytes]","args":[{"element-6066-11e4-a52e-4f735466cecf":"f.4CA2BB8DAA5DB34C3D6E0066B88761B9.d.BA98F014AA0390342E8DF57B1F6D9C0A.e.3502","ELEMENT":"f.4CA2BB8DAA5DB34C3D6E0066B88761B9.d.BA98F014AA0390342E8DF57B1F6D9C0A.e.3502"},{"block":"start","inline":"nearest"}]}
COMMAND: POST /session/e61d66238098f0a5d55953d3b90d37e6/execute/async - {"script":"<script> [1562 bytes]","args":[{"selector":{"id":"application-manageresources-display-component---newResourceUnit--btnAddTimeSegment","interaction":{"idSuffix":"inner"}},"wdio_ui5_key":"applicationmanageresources-display-component---newResourceUnit--btnAddTimeSegment"}]}
COMMAND: GET /session/e61d66238098f0a5d55953d3b90d37e6/screenshot - {}
RESULT: {"script":"<script> [1562 bytes]","args":[{"selector":{"id":"application-manageresources-display-component---newResourceUnit--btnAddTimeSegment","interaction":{"idSuffix":"inner"}},"wdio_ui5_key":"applicationmanageresources-display-component---newResourceUnit--btnAddTimeSegment"}]}
RESULT: undefined
COMMAND: POST /session/e61d66238098f0a5d55953d3b90d37e6/element - {"using":"xpath","value":"//*[@id=\"application-manageresources-display-component---newResourceUnit--btnAddTimeSegment\"]"}
RESULT: {}
RESULT: {"using":"xpath","value":"//*[@id=\"application-manageresources-display-component---newResourceUnit--btnAddTimeSegment\"]"}
COMMAND: POST /session/e61d66238098f0a5d55953d3b90d37e6/element/f.4CA2BB8DAA5DB34C3D6E0066B88761B9.d.BA98F014AA0390342E8DF57B1F6D9C0A.e.3502/click - {}
RESULT: {}
COMMAND: GET /session/e61d66238098f0a5d55953d3b90d37e6/screenshot - {}
RESULT: {}
COMMAND: POST /session/e61d66238098f0a5d55953d3b90d37e6/element - {"using":"xpath","value":"//input[@id=\"application-manageresources-display-component---newResourceUnit--idRuTSAdmin-application-manageresources-display-component---newResourceUnit--RUTimeSegment-0-inner\"]"}
RESULT: {"using":"xpath","value":"//input[@id=\"application-manageresources-display-component---newResourceUnit--idRuTSAdmin-application-manageresources-display-component---newResourceUnit--RUTimeSegment-0-inner\"]"}
COMMAND: POST /session/e61d66238098f0a5d55953d3b90d37e6/element/f.4CA2BB8DAA5DB34C3D6E0066B88761B9.d.BA98F014AA0390342E8DF57B1F6D9C0A.e.3508/clear - {}
RESULT: {}
COMMAND: POST /session/e61d66238098f0a5d55953d3b90d37e6/element/f.4CA2BB8DAA5DB34C3D6E0066B88761B9.d.BA98F014AA0390342E8DF57B1F6D9C0A.e.3508/value - {"text":"481"}
COMMAND: GET /session/e61d66238098f0a5d55953d3b90d37e6/screenshot - {}
RESULT: {"text":"481"}
COMMAND: GET /session/e61d66238098f0a5d55953d3b90d37e6/screenshot - {}
RESULT: {}
RESULT: {}
COMMAND: POST /session/e61d66238098f0a5d55953d3b90d37e6/element - {"using":"xpath","value":"//li[.//span[text()='481']]"}
RESULT: {"using":"xpath","value":"//li[.//span[text()='481']]"}
COMMAND: POST /session/e61d66238098f0a5d55953d3b90d37e6/element/f.4CA2BB8DAA5DB34C3D6E0066B88761B9.d.BA98F014AA0390342E8DF57B1F6D9C0A.e.3520/click - {}
RESULT: {}
COMMAND: GET /session/e61d66238098f0a5d55953d3b90d37e6/screenshot - {}
RESULT: {}
COMMAND: POST /session/e61d66238098f0a5d55953d3b90d37e6/element - {"using":"xpath","value":"(//span[contains(@id, \"-application-manageresources-display-component---newResourceUnit--RUTimeSegment-0-arrow\")])[6]"}
RESULT: {"using":"xpath","value":"(//span[contains(@id, \"-application-manageresources-display-component---newResourceUnit--RUTimeSegment-0-arrow\")])[6]"}
COMMAND: POST /session/e61d66238098f0a5d55953d3b90d37e6/element/f.4CA2BB8DAA5DB34C3D6E0066B88761B9.d.BA98F014AA0390342E8DF57B1F6D9C0A.e.3521/click - {}
RESULT: {}
COMMAND: GET /session/e61d66238098f0a5d55953d3b90d37e6/screenshot - {}
RESULT: {}
COMMAND: POST /session/e61d66238098f0a5d55953d3b90d37e6/element - {"using":"xpath","value":"//span[contains(text(), \"PM Order\")]"}
RESULT: {"using":"xpath","value":"//span[contains(text(), \"PM Order\")]"}
COMMAND: POST /session/e61d66238098f0a5d55953d3b90d37e6/element/f.4CA2BB8DAA5DB34C3D6E0066B88761B9.d.BA98F014AA0390342E8DF57B1F6D9C0A.e.3524/click - {}
RESULT: {}
COMMAND: GET /session/e61d66238098f0a5d55953d3b90d37e6/screenshot - {}
RESULT: {}
COMMAND: POST /session/e61d66238098f0a5d55953d3b90d37e6/element - {"using":"xpath","value":"(//span[contains(@id ,\"manageresources-display-component---newResourceUnit--RUTimeSegment-0-vhi\")])[1]"}
RESULT: {"using":"xpath","value":"(//span[contains(@id ,\"manageresources-display-component---newResourceUnit--RUTimeSegment-0-vhi\")])[1]"}
COMMAND: GET /session/e61d66238098f0a5d55953d3b90d37e6/element/f.4CA2BB8DAA5DB34C3D6E0066B88761B9.d.BA98F014AA0390342E8DF57B1F6D9C0A.e.3528/rect - {}
RESULT: {}
COMMAND: GET /session/e61d66238098f0a5d55953d3b90d37e6/window/rect - {}
RESULT: {}
COMMAND: POST /session/e61d66238098f0a5d55953d3b90d37e6/execute/sync - {"script":"<script> [92 bytes]","args":[]}
RESULT: {"script":"<script> [92 bytes]","args":[]}
COMMAND: POST /session/e61d66238098f0a5d55953d3b90d37e6/actions - {"actions":[{"id":"action12","type":"wheel","parameters":{},"actions":[{"type":"scroll","x":-869,"y":-24,"deltaX":0,"deltaY":0,"duration":0,"origin":{"element-6066-11e4-a52e-4f735466cecf":"f.4CA2BB8DAA5DB34C3D6E0066B88761B9.d.BA98F014AA0390342E8DF57B1F6D9C0A.e.3528"}}]}]}
COMMAND: GET /session/e61d66238098f0a5d55953d3b90d37e6/screenshot - {}
RESULT: {"actions":[{"id":"action12","type":"wheel","parameters":{},"actions":[{"type":"scroll","x":-869,"y":-24,"deltaX":0,"deltaY":0,"duration":0,"origin":{"element-6066-11e4-a52e-4f735466cecf":"f.4CA2BB8DAA5DB34C3D6E0066B88761B9.d.BA98F014AA0390342E8DF57B1F6D9C0A.e.3528"}}]}]}
COMMAND: DELETE /session/e61d66238098f0a5d55953d3b90d37e6/actions - {}
COMMAND: GET /session/e61d66238098f0a5d55953d3b90d37e6/screenshot - {}
RESULT: {}
RESULT: {}
COMMAND: GET /session/e61d66238098f0a5d55953d3b90d37e6/screenshot - {}
RESULT: {}
RESULT: {}
COMMAND: POST /session/e61d66238098f0a5d55953d3b90d37e6/element/f.4CA2BB8DAA5DB34C3D6E0066B88761B9.d.BA98F014AA0390342E8DF57B1F6D9C0A.e.3528/click - {}
RESULT: {}
COMMAND: GET /session/e61d66238098f0a5d55953d3b90d37e6/screenshot - {}
RESULT: {}
COMMAND: POST /session/e61d66238098f0a5d55953d3b90d37e6/execute/async - {"script":"<script> [1562 bytes]","args":[{"selector":{"controlType":"sap.m.SearchField","properties":{"placeholder":"Search"},"searchOpenDialogs":true,"interaction":{"idSuffix":"I"}},"wdio_ui5_key":"sapm.SearchField{\"placeholder\":\"Search\"}"}]}
RESULT: {"script":"<script> [1562 bytes]","args":[{"selector":{"controlType":"sap.m.SearchField","properties":{"placeholder":"Search"},"searchOpenDialogs":true,"interaction":{"idSuffix":"I"}},"wdio_ui5_key":"sapm.SearchField{\"placeholder\":\"Search\"}"}]}
RESULT: undefined
COMMAND: POST /session/e61d66238098f0a5d55953d3b90d37e6/execute/async - {"script":"<script> [776 bytes]","args":[{"enterText":"4000360","selector":{"controlType":"sap.m.SearchField","properties":{"placeholder":"Search"},"searchOpenDialogs":true,"interaction":{"idSuffix":"I"}},"clearTextFirst":true,"interactionType":"ENTER_TEXT"}]}
RESULT: {"script":"<script> [776 bytes]","args":[{"enterText":"4000360","selector":{"controlType":"sap.m.SearchField","properties":{"placeholder":"Search"},"searchOpenDialogs":true,"interaction":{"idSuffix":"I"}},"clearTextFirst":true,"interactionType":"ENTER_TEXT"}]}
COMMAND: POST /session/e61d66238098f0a5d55953d3b90d37e6/actions - {"actions":[{"id":"action13","type":"key","parameters":{},"actions":[{"type":"keyDown","value":"î€‡"},{"type":"pause","duration":10},{"type":"keyUp","value":"î€‡"}]}]}
RESULT: {"actions":[{"id":"action13","type":"key","parameters":{},"actions":[{"type":"keyDown","value":"î€‡"},{"type":"pause","duration":10},{"type":"keyUp","value":"î€‡"}]}]}
COMMAND: GET /session/e61d66238098f0a5d55953d3b90d37e6/screenshot - {}
RESULT: {}
COMMAND: POST /session/e61d66238098f0a5d55953d3b90d37e6/element - {"using":"xpath","value":"//td/div/span[contains(text(), \"BGL Vehicles\")]"}
RESULT: {"using":"xpath","value":"//td/div/span[contains(text(), \"BGL Vehicles\")]"}
COMMAND: POST /session/e61d66238098f0a5d55953d3b90d37e6/element/f.4CA2BB8DAA5DB34C3D6E0066B88761B9.d.BA98F014AA0390342E8DF57B1F6D9C0A.e.3549/click - {}
RESULT: {}
COMMAND: GET /session/e61d66238098f0a5d55953d3b90d37e6/screenshot - {}
RESULT: {}
COMMAND: POST /session/e61d66238098f0a5d55953d3b90d37e6/element - {"using":"xpath","value":"//bdi[contains(text(), \"OK\")]"}
RESULT: {"using":"xpath","value":"//bdi[contains(text(), \"OK\")]"}
COMMAND: POST /session/e61d66238098f0a5d55953d3b90d37e6/element/f.4CA2BB8DAA5DB34C3D6E0066B88761B9.d.BA98F014AA0390342E8DF57B1F6D9C0A.e.3550/click - {}
RESULT: {}
COMMAND: GET /session/e61d66238098f0a5d55953d3b90d37e6/screenshot - {}
RESULT: {}
COMMAND: POST /session/e61d66238098f0a5d55953d3b90d37e6/execute/async - {"script":"<script> [1562 bytes]","args":[{"selector":{"id":"application-manageresources-display-component---newResourceUnit--newRRUPage-anchBar-application-manageresources-display-component---newResourceUnit--resource-anchor","interaction":{"idSuffix":"BDI-content"}},"wdio_ui5_key":"applicationmanageresources-display-component---newResourceUnit--newRRUPage-anchBar-application-manageresources-display-component---newResourceUnit--resource-anchor"}]}
RESULT: {"script":"<script> [1562 bytes]","args":[{"selector":{"id":"application-manageresources-display-component---newResourceUnit--newRRUPage-anchBar-application-manageresources-display-component---newResourceUnit--resource-anchor","interaction":{"idSuffix":"BDI-content"}},"wdio_ui5_key":"applicationmanageresources-display-component---newResourceUnit--newRRUPage-anchBar-application-manageresources-display-component---newResourceUnit--resource-anchor"}]}
RESULT: undefined
COMMAND: POST /session/e61d66238098f0a5d55953d3b90d37e6/element - {"using":"xpath","value":"//*[@id=\"application-manageresources-display-component---newResourceUnit--newRRUPage-anchBar-application-manageresources-display-component---newResourceUnit--resource-anchor\"]"}
RESULT: {"using":"xpath","value":"//*[@id=\"application-manageresources-display-component---newResourceUnit--newRRUPage-anchBar-application-manageresources-display-component---newResourceUnit--resource-anchor\"]"}
COMMAND: POST /session/e61d66238098f0a5d55953d3b90d37e6/element/f.4CA2BB8DAA5DB34C3D6E0066B88761B9.d.BA98F014AA0390342E8DF57B1F6D9C0A.e.3554/click - {}
RESULT: {}
COMMAND: POST /session/e61d66238098f0a5d55953d3b90d37e6/execute/async - {"script":"<script> [1562 bytes]","args":[{"selector":{"id":"application-manageresources-display-component---newResourceUnit--PLANNED_DELIVERY_DATE","interaction":{"idSuffix":"inner"}},"wdio_ui5_key":"applicationmanageresources-display-component---newResourceUnit--PLANNED_DELIVERY_DATE"}]}
COMMAND: GET /session/e61d66238098f0a5d55953d3b90d37e6/screenshot - {}
RESULT: {"script":"<script> [1562 bytes]","args":[{"selector":{"id":"application-manageresources-display-component---newResourceUnit--PLANNED_DELIVERY_DATE","interaction":{"idSuffix":"inner"}},"wdio_ui5_key":"applicationmanageresources-display-component---newResourceUnit--PLANNED_DELIVERY_DATE"}]}
RESULT: undefined
COMMAND: POST /session/e61d66238098f0a5d55953d3b90d37e6/execute/async - {"script":"<script> [6424 bytes]","args":[{"element-6066-11e4-a52e-4f735466cecf":"f.4CA2BB8DAA5DB34C3D6E0066B88761B9.d.BA98F014AA0390342E8DF57B1F6D9C0A.e.3416"},"setValue",["5/16/25"]]}
RESULT: {}
RESULT: {"script":"<script> [6424 bytes]","args":[{"element-6066-11e4-a52e-4f735466cecf":"f.4CA2BB8DAA5DB34C3D6E0066B88761B9.d.BA98F014AA0390342E8DF57B1F6D9C0A.e.3416"},"setValue",["5/16/25"]]}
COMMAND: POST /session/e61d66238098f0a5d55953d3b90d37e6/element - {"using":"xpath","value":"//label[contains(@class, 'sapMLabelRequired') and .//bdi[contains(text(), 'Planned Retirement')]]"}
RESULT: {"using":"xpath","value":"//label[contains(@class, 'sapMLabelRequired') and .//bdi[contains(text(), 'Planned Retirement')]]"}
COMMAND: POST /session/e61d66238098f0a5d55953d3b90d37e6/elements - {"using":"xpath","value":"//label[contains(@class, 'sapMLabelRequired') and .//bdi[contains(text(), 'Planned Retirement')]]"}
RESULT: {"using":"xpath","value":"//label[contains(@class, 'sapMLabelRequired') and .//bdi[contains(text(), 'Planned Retirement')]]"}
COMMAND: POST /session/e61d66238098f0a5d55953d3b90d37e6/element - {"using":"xpath","value":"//button[@data-kt=\"resourceUnitSaveButton\"]"}
RESULT: {"using":"xpath","value":"//button[@data-kt=\"resourceUnitSaveButton\"]"}
COMMAND: POST /session/e61d66238098f0a5d55953d3b90d37e6/element/f.4CA2BB8DAA5DB34C3D6E0066B88761B9.d.BA98F014AA0390342E8DF57B1F6D9C0A.e.3376/click - {}
RESULT: {}
COMMAND: GET /session/e61d66238098f0a5d55953d3b90d37e6/screenshot - {}
RESULT: {}
COMMAND: POST /session/e61d66238098f0a5d55953d3b90d37e6/element - {"using":"xpath","value":"//bdi[contains(text(), \"Close\")]"}
RESULT: {"using":"xpath","value":"//bdi[contains(text(), \"Close\")]"}
COMMAND: POST /session/e61d66238098f0a5d55953d3b90d37e6/element/f.4CA2BB8DAA5DB34C3D6E0066B88761B9.d.BA98F014AA0390342E8DF57B1F6D9C0A.e.3564/click - {}
RESULT: {}
COMMAND: GET /session/e61d66238098f0a5d55953d3b90d37e6/screenshot - {}
RESULT: {}
COMMAND: POST /session/e61d66238098f0a5d55953d3b90d37e6/element - {"using":"xpath","value":"(//button[contains(@id ,\"actionsToolbar-overflowButton\")])[1]"}
RESULT: {"using":"xpath","value":"(//button[contains(@id ,\"actionsToolbar-overflowButton\")])[1]"}
COMMAND: POST /session/e61d66238098f0a5d55953d3b90d37e6/element/f.4CA2BB8DAA5DB34C3D6E0066B88761B9.d.BA98F014AA0390342E8DF57B1F6D9C0A.e.3626/click - {}
RESULT: {}
COMMAND: GET /session/e61d66238098f0a5d55953d3b90d37e6/screenshot - {}
RESULT: {}
COMMAND: POST /session/e61d66238098f0a5d55953d3b90d37e6/element - {"using":"xpath","value":"//button[@data-kt=\"priceInfoButton\"]"}
RESULT: {"using":"xpath","value":"//button[@data-kt=\"priceInfoButton\"]"}
COMMAND: POST /session/e61d66238098f0a5d55953d3b90d37e6/element/f.4CA2BB8DAA5DB34C3D6E0066B88761B9.d.BA98F014AA0390342E8DF57B1F6D9C0A.e.3628/click - {}
RESULT: {}
COMMAND: GET /session/e61d66238098f0a5d55953d3b90d37e6/screenshot - {}
RESULT: {}
]]></system-out>
    </testcase>
    <testcase classname="chrome.136_0_7103_93.windows.Billing_Transfer_-_Intracompany_US127249" name="Should create a pricing procedure" time="52.196">
      <system-out><![CDATA[
COMMAND: POST /session/e61d66238098f0a5d55953d3b90d37e6/element - {"using":"xpath","value":"//button[@data-kt=\"addButton\"]"}
RESULT: {"using":"xpath","value":"//button[@data-kt=\"addButton\"]"}
COMMAND: POST /session/e61d66238098f0a5d55953d3b90d37e6/elements - {"using":"xpath","value":"//button[@data-kt=\"addButton\"]"}
RESULT: {"using":"xpath","value":"//button[@data-kt=\"addButton\"]"}
COMMAND: POST /session/e61d66238098f0a5d55953d3b90d37e6/elements - {"using":"xpath","value":"//button[@data-kt=\"addButton\"]"}
RESULT: {"using":"xpath","value":"//button[@data-kt=\"addButton\"]"}
COMMAND: POST /session/e61d66238098f0a5d55953d3b90d37e6/element - {"using":"xpath","value":"//button[@data-kt=\"addButton\"]"}
RESULT: {"using":"xpath","value":"//button[@data-kt=\"addButton\"]"}
COMMAND: POST /session/e61d66238098f0a5d55953d3b90d37e6/execute/sync - {"script":"<script> [8489 bytes]","args":[{"element-6066-11e4-a52e-4f735466cecf":"f.4CA2BB8DAA5DB34C3D6E0066B88761B9.d.BA98F014AA0390342E8DF57B1F6D9C0A.e.3664","ELEMENT":"f.4CA2BB8DAA5DB34C3D6E0066B88761B9.d.BA98F014AA0390342E8DF57B1F6D9C0A.e.3664"}]}
RESULT: {"script":"<script> [8489 bytes]","args":[{"element-6066-11e4-a52e-4f735466cecf":"f.4CA2BB8DAA5DB34C3D6E0066B88761B9.d.BA98F014AA0390342E8DF57B1F6D9C0A.e.3664","ELEMENT":"f.4CA2BB8DAA5DB34C3D6E0066B88761B9.d.BA98F014AA0390342E8DF57B1F6D9C0A.e.3664"}]}
COMMAND: GET /session/e61d66238098f0a5d55953d3b90d37e6/element/f.4CA2BB8DAA5DB34C3D6E0066B88761B9.d.BA98F014AA0390342E8DF57B1F6D9C0A.e.3664/enabled - {}
COMMAND: GET /session/e61d66238098f0a5d55953d3b90d37e6/screenshot - {}
RESULT: {}
COMMAND: POST /session/e61d66238098f0a5d55953d3b90d37e6/execute/sync - {"script":"<script> [8489 bytes]","args":[{"element-6066-11e4-a52e-4f735466cecf":"f.4CA2BB8DAA5DB34C3D6E0066B88761B9.d.BA98F014AA0390342E8DF57B1F6D9C0A.e.3664","ELEMENT":"f.4CA2BB8DAA5DB34C3D6E0066B88761B9.d.BA98F014AA0390342E8DF57B1F6D9C0A.e.3664"}]}
COMMAND: GET /session/e61d66238098f0a5d55953d3b90d37e6/screenshot - {}
RESULT: {}
RESULT: {"script":"<script> [8489 bytes]","args":[{"element-6066-11e4-a52e-4f735466cecf":"f.4CA2BB8DAA5DB34C3D6E0066B88761B9.d.BA98F014AA0390342E8DF57B1F6D9C0A.e.3664","ELEMENT":"f.4CA2BB8DAA5DB34C3D6E0066B88761B9.d.BA98F014AA0390342E8DF57B1F6D9C0A.e.3664"}]}
COMMAND: POST /session/e61d66238098f0a5d55953d3b90d37e6/execute/sync - {"script":"<script> [5351 bytes]","args":[{"element-6066-11e4-a52e-4f735466cecf":"f.4CA2BB8DAA5DB34C3D6E0066B88761B9.d.BA98F014AA0390342E8DF57B1F6D9C0A.e.3664","ELEMENT":"f.4CA2BB8DAA5DB34C3D6E0066B88761B9.d.BA98F014AA0390342E8DF57B1F6D9C0A.e.3664"}]}
COMMAND: GET /session/e61d66238098f0a5d55953d3b90d37e6/screenshot - {}
RESULT: {}
RESULT: {"script":"<script> [5351 bytes]","args":[{"element-6066-11e4-a52e-4f735466cecf":"f.4CA2BB8DAA5DB34C3D6E0066B88761B9.d.BA98F014AA0390342E8DF57B1F6D9C0A.e.3664","ELEMENT":"f.4CA2BB8DAA5DB34C3D6E0066B88761B9.d.BA98F014AA0390342E8DF57B1F6D9C0A.e.3664"}]}
COMMAND: POST /session/e61d66238098f0a5d55953d3b90d37e6/element/f.4CA2BB8DAA5DB34C3D6E0066B88761B9.d.BA98F014AA0390342E8DF57B1F6D9C0A.e.3664/click - {}
COMMAND: GET /session/e61d66238098f0a5d55953d3b90d37e6/screenshot - {}
RESULT: {}
RESULT: {}
COMMAND: GET /session/e61d66238098f0a5d55953d3b90d37e6/screenshot - {}
RESULT: {}
RESULT: {}
COMMAND: POST /session/e61d66238098f0a5d55953d3b90d37e6/execute/async - {"script":"<script> [1562 bytes]","args":[{"selector":{"controlType":"sap.m.Title","viewName":"etm.portal.ui.managepricingrules.view.NewItem","viewId":"application-managepricingrules-display-component---newInfoPriceItem","properties":{"text":"New Pricing Rules - Item Level"}},"wdio_ui5_key":"etmportal.ui.managepricingrules.view.NewItemsap.m.Title{\"text\":\"New Pricing Rules - Item Level\"}"}]}
RESULT: {"script":"<script> [1562 bytes]","args":[{"selector":{"controlType":"sap.m.Title","viewName":"etm.portal.ui.managepricingrules.view.NewItem","viewId":"application-managepricingrules-display-component---newInfoPriceItem","properties":{"text":"New Pricing Rules - Item Level"}},"wdio_ui5_key":"etmportal.ui.managepricingrules.view.NewItemsap.m.Title{\"text\":\"New Pricing Rules - Item Level\"}"}]}
RESULT: undefined
COMMAND: POST /session/e61d66238098f0a5d55953d3b90d37e6/execute/async - {"script":"<script> [6424 bytes]","args":[{"element-6066-11e4-a52e-4f735466cecf":"f.4CA2BB8DAA5DB34C3D6E0066B88761B9.d.BA98F014AA0390342E8DF57B1F6D9C0A.e.3825"},"getText",[]]}
RESULT: {"script":"<script> [6424 bytes]","args":[{"element-6066-11e4-a52e-4f735466cecf":"f.4CA2BB8DAA5DB34C3D6E0066B88761B9.d.BA98F014AA0390342E8DF57B1F6D9C0A.e.3825"},"getText",[]]}
COMMAND: POST /session/e61d66238098f0a5d55953d3b90d37e6/execute/async - {"script":"<script> [1562 bytes]","args":[{"selector":{"id":"application-managepricingrules-display-component---newInfoPriceItem--condValidTo","interaction":{"idSuffix":"inner"}},"wdio_ui5_key":"applicationmanagepricingrules-display-component---newInfoPriceItem--condValidTo"}]}
RESULT: {"script":"<script> [1562 bytes]","args":[{"selector":{"id":"application-managepricingrules-display-component---newInfoPriceItem--condValidTo","interaction":{"idSuffix":"inner"}},"wdio_ui5_key":"applicationmanagepricingrules-display-component---newInfoPriceItem--condValidTo"}]}
RESULT: undefined
COMMAND: POST /session/e61d66238098f0a5d55953d3b90d37e6/execute/async - {"script":"<script> [776 bytes]","args":[{"enterText":"1/16/26","selector":{"id":"application-managepricingrules-display-component---newInfoPriceItem--condValidTo","interaction":{"idSuffix":"inner"}},"clearTextFirst":true,"interactionType":"ENTER_TEXT"}]}
RESULT: {"script":"<script> [776 bytes]","args":[{"enterText":"1/16/26","selector":{"id":"application-managepricingrules-display-component---newInfoPriceItem--condValidTo","interaction":{"idSuffix":"inner"}},"clearTextFirst":true,"interactionType":"ENTER_TEXT"}]}
COMMAND: POST /session/e61d66238098f0a5d55953d3b90d37e6/execute/async - {"script":"<script> [1562 bytes]","args":[{"selector":{"id":"application-managepricingrules-display-component---newInfoPriceItem--billType-arrow"},"wdio_ui5_key":"applicationmanagepricingrules-display-component---newInfoPriceItem--billType-arrow"}]}
RESULT: {"script":"<script> [1562 bytes]","args":[{"selector":{"id":"application-managepricingrules-display-component---newInfoPriceItem--billType-arrow"},"wdio_ui5_key":"applicationmanagepricingrules-display-component---newInfoPriceItem--billType-arrow"}]}
RESULT: undefined
COMMAND: POST /session/e61d66238098f0a5d55953d3b90d37e6/element - {"using":"xpath","value":"//*[@id=\"application-managepricingrules-display-component---newInfoPriceItem--billType-arrow\"]"}
RESULT: {"using":"xpath","value":"//*[@id=\"application-managepricingrules-display-component---newInfoPriceItem--billType-arrow\"]"}
COMMAND: POST /session/e61d66238098f0a5d55953d3b90d37e6/element/f.4CA2BB8DAA5DB34C3D6E0066B88761B9.d.BA98F014AA0390342E8DF57B1F6D9C0A.e.3827/click - {}
RESULT: {}
COMMAND: POST /session/e61d66238098f0a5d55953d3b90d37e6/element - {"using":"xpath","value":"//span[contains(text(), \"TB - Time based\")]"}
COMMAND: GET /session/e61d66238098f0a5d55953d3b90d37e6/screenshot - {}
RESULT: {"using":"xpath","value":"//span[contains(text(), \"TB - Time based\")]"}
COMMAND: POST /session/e61d66238098f0a5d55953d3b90d37e6/element/f.4CA2BB8DAA5DB34C3D6E0066B88761B9.d.BA98F014AA0390342E8DF57B1F6D9C0A.e.3828/click - {}
RESULT: {}
RESULT: {}
COMMAND: POST /session/e61d66238098f0a5d55953d3b90d37e6/execute/async - {"script":"<script> [1562 bytes]","args":[{"selector":{"id":"application-managepricingrules-display-component---newInfoPriceItem--priceProc-arrow"},"wdio_ui5_key":"applicationmanagepricingrules-display-component---newInfoPriceItem--priceProc-arrow"}]}
COMMAND: GET /session/e61d66238098f0a5d55953d3b90d37e6/screenshot - {}
RESULT: {"script":"<script> [1562 bytes]","args":[{"selector":{"id":"application-managepricingrules-display-component---newInfoPriceItem--priceProc-arrow"},"wdio_ui5_key":"applicationmanagepricingrules-display-component---newInfoPriceItem--priceProc-arrow"}]}
RESULT: undefined
COMMAND: POST /session/e61d66238098f0a5d55953d3b90d37e6/element - {"using":"xpath","value":"//*[@id=\"application-managepricingrules-display-component---newInfoPriceItem--priceProc-arrow\"]"}
RESULT: {}
RESULT: {"using":"xpath","value":"//*[@id=\"application-managepricingrules-display-component---newInfoPriceItem--priceProc-arrow\"]"}
COMMAND: POST /session/e61d66238098f0a5d55953d3b90d37e6/element/f.4CA2BB8DAA5DB34C3D6E0066B88761B9.d.BA98F014AA0390342E8DF57B1F6D9C0A.e.3793/click - {}
RESULT: {}
COMMAND: POST /session/e61d66238098f0a5d55953d3b90d37e6/element - {"using":"xpath","value":"//span[contains(text(), \"TBS - Time based standard\")]"}
COMMAND: GET /session/e61d66238098f0a5d55953d3b90d37e6/screenshot - {}
RESULT: {"using":"xpath","value":"//span[contains(text(), \"TBS - Time based standard\")]"}
COMMAND: POST /session/e61d66238098f0a5d55953d3b90d37e6/element/f.4CA2BB8DAA5DB34C3D6E0066B88761B9.d.BA98F014AA0390342E8DF57B1F6D9C0A.e.3829/click - {}
RESULT: {}
RESULT: {}
COMMAND: POST /session/e61d66238098f0a5d55953d3b90d37e6/execute/async - {"script":"<script> [1562 bytes]","args":[{"selector":{"id":"application-managepricingrules-display-component---newInfoPriceItem--calcBase-arrow"},"wdio_ui5_key":"applicationmanagepricingrules-display-component---newInfoPriceItem--calcBase-arrow"}]}
COMMAND: GET /session/e61d66238098f0a5d55953d3b90d37e6/screenshot - {}
RESULT: {"script":"<script> [1562 bytes]","args":[{"selector":{"id":"application-managepricingrules-display-component---newInfoPriceItem--calcBase-arrow"},"wdio_ui5_key":"applicationmanagepricingrules-display-component---newInfoPriceItem--calcBase-arrow"}]}
RESULT: undefined
COMMAND: POST /session/e61d66238098f0a5d55953d3b90d37e6/element - {"using":"xpath","value":"//*[@id=\"application-managepricingrules-display-component---newInfoPriceItem--calcBase-arrow\"]"}
RESULT: {}
RESULT: {"using":"xpath","value":"//*[@id=\"application-managepricingrules-display-component---newInfoPriceItem--calcBase-arrow\"]"}
COMMAND: POST /session/e61d66238098f0a5d55953d3b90d37e6/element/f.4CA2BB8DAA5DB34C3D6E0066B88761B9.d.BA98F014AA0390342E8DF57B1F6D9C0A.e.3800/click - {}
RESULT: {}
COMMAND: GET /session/e61d66238098f0a5d55953d3b90d37e6/screenshot - {}
RESULT: {}
COMMAND: POST /session/e61d66238098f0a5d55953d3b90d37e6/element - {"using":"xpath","value":"//span[contains(text(), \"0006 - TB(calendar days)\")]"}
RESULT: {"using":"xpath","value":"//span[contains(text(), \"0006 - TB(calendar days)\")]"}
COMMAND: POST /session/e61d66238098f0a5d55953d3b90d37e6/element/f.4CA2BB8DAA5DB34C3D6E0066B88761B9.d.BA98F014AA0390342E8DF57B1F6D9C0A.e.3830/click - {}
RESULT: {}
COMMAND: GET /session/e61d66238098f0a5d55953d3b90d37e6/screenshot - {}
RESULT: {}
COMMAND: POST /session/e61d66238098f0a5d55953d3b90d37e6/execute/async - {"script":"<script> [1562 bytes]","args":[{"selector":{"id":"application-managepricingrules-display-component---newInfoPriceItem--daysMonth","interaction":{"idSuffix":"inner"}},"wdio_ui5_key":"applicationmanagepricingrules-display-component---newInfoPriceItem--daysMonth"}]}
RESULT: {"script":"<script> [1562 bytes]","args":[{"selector":{"id":"application-managepricingrules-display-component---newInfoPriceItem--daysMonth","interaction":{"idSuffix":"inner"}},"wdio_ui5_key":"applicationmanagepricingrules-display-component---newInfoPriceItem--daysMonth"}]}
RESULT: undefined
COMMAND: POST /session/e61d66238098f0a5d55953d3b90d37e6/execute/async - {"script":"<script> [776 bytes]","args":[{"enterText":"30","selector":{"id":"application-managepricingrules-display-component---newInfoPriceItem--daysMonth","interaction":{"idSuffix":"inner"}},"clearTextFirst":true,"interactionType":"ENTER_TEXT"}]}
RESULT: {"script":"<script> [776 bytes]","args":[{"enterText":"30","selector":{"id":"application-managepricingrules-display-component---newInfoPriceItem--daysMonth","interaction":{"idSuffix":"inner"}},"clearTextFirst":true,"interactionType":"ENTER_TEXT"}]}
COMMAND: POST /session/e61d66238098f0a5d55953d3b90d37e6/element - {"using":"xpath","value":"//button[@data-kt=\"saveNewRuleButton\"]"}
RESULT: {"using":"xpath","value":"//button[@data-kt=\"saveNewRuleButton\"]"}
COMMAND: POST /session/e61d66238098f0a5d55953d3b90d37e6/element/f.4CA2BB8DAA5DB34C3D6E0066B88761B9.d.BA98F014AA0390342E8DF57B1F6D9C0A.e.3816/click - {}
RESULT: {}
COMMAND: GET /session/e61d66238098f0a5d55953d3b90d37e6/screenshot - {}
RESULT: {}
COMMAND: POST /session/e61d66238098f0a5d55953d3b90d37e6/execute/async - {"script":"<script> [1562 bytes]","args":[{"selector":{"id":"application-managepricingrules-display-component---priceInfoItem--smartFilterBar-btnBasicSearch","interaction":{"idSuffix":"I"}},"wdio_ui5_key":"applicationmanagepricingrules-display-component---priceInfoItem--smartFilterBar-btnBasicSearch"}]}
RESULT: {"script":"<script> [1562 bytes]","args":[{"selector":{"id":"application-managepricingrules-display-component---priceInfoItem--smartFilterBar-btnBasicSearch","interaction":{"idSuffix":"I"}},"wdio_ui5_key":"applicationmanagepricingrules-display-component---priceInfoItem--smartFilterBar-btnBasicSearch"}]}
RESULT: undefined
COMMAND: POST /session/e61d66238098f0a5d55953d3b90d37e6/execute/async - {"script":"<script> [776 bytes]","args":[{"enterText":"uNvA5S79I2","selector":{"id":"application-managepricingrules-display-component---priceInfoItem--smartFilterBar-btnBasicSearch","interaction":{"idSuffix":"I"}},"clearTextFirst":true,"interactionType":"ENTER_TEXT"}]}
RESULT: {"script":"<script> [776 bytes]","args":[{"enterText":"uNvA5S79I2","selector":{"id":"application-managepricingrules-display-component---priceInfoItem--smartFilterBar-btnBasicSearch","interaction":{"idSuffix":"I"}},"clearTextFirst":true,"interactionType":"ENTER_TEXT"}]}
COMMAND: POST /session/e61d66238098f0a5d55953d3b90d37e6/actions - {"actions":[{"id":"action14","type":"key","parameters":{},"actions":[{"type":"keyDown","value":"î€‡"},{"type":"pause","duration":10},{"type":"keyUp","value":"î€‡"}]}]}
RESULT: {"actions":[{"id":"action14","type":"key","parameters":{},"actions":[{"type":"keyDown","value":"î€‡"},{"type":"pause","duration":10},{"type":"keyUp","value":"î€‡"}]}]}
COMMAND: GET /session/e61d66238098f0a5d55953d3b90d37e6/screenshot - {}
RESULT: {}
COMMAND: POST /session/e61d66238098f0a5d55953d3b90d37e6/element - {"using":"xpath","value":"//span[@id=\"application-managepricingrules-display-component---priceInfoItem--smartTable-header-inner\"]"}
RESULT: {"using":"xpath","value":"//span[@id=\"application-managepricingrules-display-component---priceInfoItem--smartTable-header-inner\"]"}
COMMAND: POST /session/e61d66238098f0a5d55953d3b90d37e6/elements - {"using":"xpath","value":"//span[@id=\"application-managepricingrules-display-component---priceInfoItem--smartTable-header-inner\"]"}
RESULT: {"using":"xpath","value":"//span[@id=\"application-managepricingrules-display-component---priceInfoItem--smartTable-header-inner\"]"}
COMMAND: POST /session/e61d66238098f0a5d55953d3b90d37e6/execute/sync - {"script":"<script> [56 bytes]","args":[{"element-6066-11e4-a52e-4f735466cecf":"f.4CA2BB8DAA5DB34C3D6E0066B88761B9.d.BA98F014AA0390342E8DF57B1F6D9C0A.e.3853","ELEMENT":"f.4CA2BB8DAA5DB34C3D6E0066B88761B9.d.BA98F014AA0390342E8DF57B1F6D9C0A.e.3853"}]}
RESULT: {"script":"<script> [56 bytes]","args":[{"element-6066-11e4-a52e-4f735466cecf":"f.4CA2BB8DAA5DB34C3D6E0066B88761B9.d.BA98F014AA0390342E8DF57B1F6D9C0A.e.3853","ELEMENT":"f.4CA2BB8DAA5DB34C3D6E0066B88761B9.d.BA98F014AA0390342E8DF57B1F6D9C0A.e.3853"}]}
COMMAND: POST /session/e61d66238098f0a5d55953d3b90d37e6/element - {"using":"css selector","value":"#shell-header-logo"}
COMMAND: GET /session/e61d66238098f0a5d55953d3b90d37e6/screenshot - {}
RESULT: {"using":"css selector","value":"#shell-header-logo"}
COMMAND: POST /session/e61d66238098f0a5d55953d3b90d37e6/element/f.4CA2BB8DAA5DB34C3D6E0066B88761B9.d.BA98F014AA0390342E8DF57B1F6D9C0A.e.2974/click - {}
RESULT: {}
RESULT: {}
COMMAND: GET /session/e61d66238098f0a5d55953d3b90d37e6/screenshot - {}
RESULT: {}
]]></system-out>
    </testcase>
    <testcase classname="chrome.136_0_7103_93.windows.Billing_Transfer_-_Intracompany_US127249" name="Should manage conditions" time="68.784">
      <system-out><![CDATA[
COMMAND: POST /session/e61d66238098f0a5d55953d3b90d37e6/execute/async - {"script":"<script> [1562 bytes]","args":[{"selector":{"controlType":"sap.m.GenericTile","properties":{"header":"Manage Conditions & Prices"}},"wdio_ui5_key":"sapm.GenericTile{\"header\":\"Manage Conditions & Prices\"}"}]}
RESULT: {"script":"<script> [1562 bytes]","args":[{"selector":{"controlType":"sap.m.GenericTile","properties":{"header":"Manage Conditions & Prices"}},"wdio_ui5_key":"sapm.GenericTile{\"header\":\"Manage Conditions & Prices\"}"}]}
RESULT: undefined
COMMAND: POST /session/e61d66238098f0a5d55953d3b90d37e6/element - {"using":"xpath","value":"//*[@id=\"__tile93\"]"}
RESULT: {"using":"xpath","value":"//*[@id=\"__tile93\"]"}
COMMAND: POST /session/e61d66238098f0a5d55953d3b90d37e6/element/f.4CA2BB8DAA5DB34C3D6E0066B88761B9.d.BA98F014AA0390342E8DF57B1F6D9C0A.e.2958/click - {}
RESULT: {}
COMMAND: GET /session/e61d66238098f0a5d55953d3b90d37e6/screenshot - {}
RESULT: {}
COMMAND: POST /session/e61d66238098f0a5d55953d3b90d37e6/elements - {"using":"xpath","value":"//span[text()='Error']"}
RESULT: {"using":"xpath","value":"//span[text()='Error']"}
COMMAND: POST /session/e61d66238098f0a5d55953d3b90d37e6/element - {"using":"xpath","value":"//button[@aria-label=\"Create\"]"}
RESULT: {"using":"xpath","value":"//button[@aria-label=\"Create\"]"}
COMMAND: POST /session/e61d66238098f0a5d55953d3b90d37e6/elements - {"using":"xpath","value":"//button[@aria-label=\"Create\"]"}
RESULT: {"using":"xpath","value":"//button[@aria-label=\"Create\"]"}
COMMAND: POST /session/e61d66238098f0a5d55953d3b90d37e6/execute/sync - {"script":"<script> [8489 bytes]","args":[{"element-6066-11e4-a52e-4f735466cecf":"f.4CA2BB8DAA5DB34C3D6E0066B88761B9.d.BA98F014AA0390342E8DF57B1F6D9C0A.e.3890","ELEMENT":"f.4CA2BB8DAA5DB34C3D6E0066B88761B9.d.BA98F014AA0390342E8DF57B1F6D9C0A.e.3890"}]}
RESULT: {"script":"<script> [8489 bytes]","args":[{"element-6066-11e4-a52e-4f735466cecf":"f.4CA2BB8DAA5DB34C3D6E0066B88761B9.d.BA98F014AA0390342E8DF57B1F6D9C0A.e.3890","ELEMENT":"f.4CA2BB8DAA5DB34C3D6E0066B88761B9.d.BA98F014AA0390342E8DF57B1F6D9C0A.e.3890"}]}
COMMAND: GET /session/e61d66238098f0a5d55953d3b90d37e6/element/f.4CA2BB8DAA5DB34C3D6E0066B88761B9.d.BA98F014AA0390342E8DF57B1F6D9C0A.e.3890/enabled - {}
COMMAND: GET /session/e61d66238098f0a5d55953d3b90d37e6/screenshot - {}
RESULT: {}
COMMAND: POST /session/e61d66238098f0a5d55953d3b90d37e6/execute/sync - {"script":"<script> [8489 bytes]","args":[{"element-6066-11e4-a52e-4f735466cecf":"f.4CA2BB8DAA5DB34C3D6E0066B88761B9.d.BA98F014AA0390342E8DF57B1F6D9C0A.e.3890","ELEMENT":"f.4CA2BB8DAA5DB34C3D6E0066B88761B9.d.BA98F014AA0390342E8DF57B1F6D9C0A.e.3890"}]}
COMMAND: GET /session/e61d66238098f0a5d55953d3b90d37e6/screenshot - {}
RESULT: {}
RESULT: {"script":"<script> [8489 bytes]","args":[{"element-6066-11e4-a52e-4f735466cecf":"f.4CA2BB8DAA5DB34C3D6E0066B88761B9.d.BA98F014AA0390342E8DF57B1F6D9C0A.e.3890","ELEMENT":"f.4CA2BB8DAA5DB34C3D6E0066B88761B9.d.BA98F014AA0390342E8DF57B1F6D9C0A.e.3890"}]}
COMMAND: POST /session/e61d66238098f0a5d55953d3b90d37e6/execute/sync - {"script":"<script> [5351 bytes]","args":[{"element-6066-11e4-a52e-4f735466cecf":"f.4CA2BB8DAA5DB34C3D6E0066B88761B9.d.BA98F014AA0390342E8DF57B1F6D9C0A.e.3890","ELEMENT":"f.4CA2BB8DAA5DB34C3D6E0066B88761B9.d.BA98F014AA0390342E8DF57B1F6D9C0A.e.3890"}]}
COMMAND: GET /session/e61d66238098f0a5d55953d3b90d37e6/screenshot - {}
RESULT: {}
RESULT: {"script":"<script> [5351 bytes]","args":[{"element-6066-11e4-a52e-4f735466cecf":"f.4CA2BB8DAA5DB34C3D6E0066B88761B9.d.BA98F014AA0390342E8DF57B1F6D9C0A.e.3890","ELEMENT":"f.4CA2BB8DAA5DB34C3D6E0066B88761B9.d.BA98F014AA0390342E8DF57B1F6D9C0A.e.3890"}]}
COMMAND: POST /session/e61d66238098f0a5d55953d3b90d37e6/element/f.4CA2BB8DAA5DB34C3D6E0066B88761B9.d.BA98F014AA0390342E8DF57B1F6D9C0A.e.3890/click - {}
COMMAND: GET /session/e61d66238098f0a5d55953d3b90d37e6/screenshot - {}
RESULT: {}
RESULT: {}
COMMAND: GET /session/e61d66238098f0a5d55953d3b90d37e6/screenshot - {}
RESULT: {}
RESULT: {}
COMMAND: POST /session/e61d66238098f0a5d55953d3b90d37e6/actions - {"actions":[{"id":"action15","type":"key","parameters":{},"actions":[{"type":"keyDown","value":"î€‡"},{"type":"pause","duration":10},{"type":"keyUp","value":"î€‡"}]}]}
RESULT: {"actions":[{"id":"action15","type":"key","parameters":{},"actions":[{"type":"keyDown","value":"î€‡"},{"type":"pause","duration":10},{"type":"keyUp","value":"î€‡"}]}]}
COMMAND: GET /session/e61d66238098f0a5d55953d3b90d37e6/screenshot - {}
RESULT: {}
COMMAND: POST /session/e61d66238098f0a5d55953d3b90d37e6/execute/async - {"script":"<script> [1562 bytes]","args":[{"selector":{"id":"application-manageconditionprice-display-component---newCondition--condBillCond-arrow"},"wdio_ui5_key":"applicationmanageconditionprice-display-component---newCondition--condBillCond-arrow"}]}
RESULT: {"script":"<script> [1562 bytes]","args":[{"selector":{"id":"application-manageconditionprice-display-component---newCondition--condBillCond-arrow"},"wdio_ui5_key":"applicationmanageconditionprice-display-component---newCondition--condBillCond-arrow"}]}
RESULT: undefined
COMMAND: POST /session/e61d66238098f0a5d55953d3b90d37e6/element - {"using":"xpath","value":"//*[@id=\"application-manageconditionprice-display-component---newCondition--condBillCond-arrow\"]"}
RESULT: {"using":"xpath","value":"//*[@id=\"application-manageconditionprice-display-component---newCondition--condBillCond-arrow\"]"}
COMMAND: POST /session/e61d66238098f0a5d55953d3b90d37e6/element/f.4CA2BB8DAA5DB34C3D6E0066B88761B9.d.BA98F014AA0390342E8DF57B1F6D9C0A.e.4102/click - {}
RESULT: {}
COMMAND: GET /session/e61d66238098f0a5d55953d3b90d37e6/screenshot - {}
RESULT: {}
COMMAND: POST /session/e61d66238098f0a5d55953d3b90d37e6/element - {"using":"xpath","value":"//li[.//span[contains(text(), \"DISP - D&I special price\")]]"}
RESULT: {"using":"xpath","value":"//li[.//span[contains(text(), \"DISP - D&I special price\")]]"}
COMMAND: POST /session/e61d66238098f0a5d55953d3b90d37e6/element/f.4CA2BB8DAA5DB34C3D6E0066B88761B9.d.BA98F014AA0390342E8DF57B1F6D9C0A.e.4105/click - {}
RESULT: {}
COMMAND: GET /session/e61d66238098f0a5d55953d3b90d37e6/screenshot - {}
RESULT: {}
COMMAND: POST /session/e61d66238098f0a5d55953d3b90d37e6/execute/async - {"script":"<script> [1562 bytes]","args":[{"selector":{"id":"application-manageconditionprice-display-component---newCondition--condValidTo","interaction":{"idSuffix":"inner"}},"wdio_ui5_key":"applicationmanageconditionprice-display-component---newCondition--condValidTo"}]}
RESULT: {"script":"<script> [1562 bytes]","args":[{"selector":{"id":"application-manageconditionprice-display-component---newCondition--condValidTo","interaction":{"idSuffix":"inner"}},"wdio_ui5_key":"applicationmanageconditionprice-display-component---newCondition--condValidTo"}]}
RESULT: undefined
COMMAND: POST /session/e61d66238098f0a5d55953d3b90d37e6/execute/async - {"script":"<script> [776 bytes]","args":[{"enterText":"1/16/26","selector":{"id":"application-manageconditionprice-display-component---newCondition--condValidTo","interaction":{"idSuffix":"inner"}},"clearTextFirst":true,"interactionType":"ENTER_TEXT"}]}
RESULT: {"script":"<script> [776 bytes]","args":[{"enterText":"1/16/26","selector":{"id":"application-manageconditionprice-display-component---newCondition--condValidTo","interaction":{"idSuffix":"inner"}},"clearTextFirst":true,"interactionType":"ENTER_TEXT"}]}
COMMAND: POST /session/e61d66238098f0a5d55953d3b90d37e6/element - {"using":"xpath","value":"//input[@id=\"application-manageconditionprice-display-component---newCondition--condRU-inner\"]"}
RESULT: {"using":"xpath","value":"//input[@id=\"application-manageconditionprice-display-component---newCondition--condRU-inner\"]"}
COMMAND: POST /session/e61d66238098f0a5d55953d3b90d37e6/element/f.4CA2BB8DAA5DB34C3D6E0066B88761B9.d.BA98F014AA0390342E8DF57B1F6D9C0A.e.3939/clear - {}
RESULT: {}
COMMAND: POST /session/e61d66238098f0a5d55953d3b90d37e6/element/f.4CA2BB8DAA5DB34C3D6E0066B88761B9.d.BA98F014AA0390342E8DF57B1F6D9C0A.e.3939/value - {"text":"uNvA5S79I2"}
COMMAND: GET /session/e61d66238098f0a5d55953d3b90d37e6/screenshot - {}
RESULT: {"text":"uNvA5S79I2"}
COMMAND: GET /session/e61d66238098f0a5d55953d3b90d37e6/screenshot - {}
RESULT: {}
RESULT: {}
COMMAND: POST /session/e61d66238098f0a5d55953d3b90d37e6/actions - {"actions":[{"id":"action16","type":"key","parameters":{},"actions":[{"type":"keyDown","value":"î€‡"},{"type":"pause","duration":10},{"type":"keyUp","value":"î€‡"}]}]}
RESULT: {"actions":[{"id":"action16","type":"key","parameters":{},"actions":[{"type":"keyDown","value":"î€‡"},{"type":"pause","duration":10},{"type":"keyUp","value":"î€‡"}]}]}
COMMAND: POST /session/e61d66238098f0a5d55953d3b90d37e6/execute/async - {"script":"<script> [1562 bytes]","args":[{"selector":{"id":"application-manageconditionprice-display-component---newCondition--condBaseQty","interaction":{"idSuffix":"inner"}},"wdio_ui5_key":"applicationmanageconditionprice-display-component---newCondition--condBaseQty"}]}
COMMAND: GET /session/e61d66238098f0a5d55953d3b90d37e6/screenshot - {}
RESULT: {}
RESULT: {"script":"<script> [1562 bytes]","args":[{"selector":{"id":"application-manageconditionprice-display-component---newCondition--condBaseQty","interaction":{"idSuffix":"inner"}},"wdio_ui5_key":"applicationmanageconditionprice-display-component---newCondition--condBaseQty"}]}
RESULT: undefined
COMMAND: POST /session/e61d66238098f0a5d55953d3b90d37e6/execute/async - {"script":"<script> [776 bytes]","args":[{"enterText":"1","selector":{"id":"application-manageconditionprice-display-component---newCondition--condBaseQty","interaction":{"idSuffix":"inner"}},"clearTextFirst":true,"interactionType":"ENTER_TEXT"}]}
RESULT: {"script":"<script> [776 bytes]","args":[{"enterText":"1","selector":{"id":"application-manageconditionprice-display-component---newCondition--condBaseQty","interaction":{"idSuffix":"inner"}},"clearTextFirst":true,"interactionType":"ENTER_TEXT"}]}
COMMAND: POST /session/e61d66238098f0a5d55953d3b90d37e6/execute/async - {"script":"<script> [1562 bytes]","args":[{"selector":{"id":"application-manageconditionprice-display-component---newCondition--condValue","interaction":{"idSuffix":"inner"}},"wdio_ui5_key":"applicationmanageconditionprice-display-component---newCondition--condValue"}]}
RESULT: {"script":"<script> [1562 bytes]","args":[{"selector":{"id":"application-manageconditionprice-display-component---newCondition--condValue","interaction":{"idSuffix":"inner"}},"wdio_ui5_key":"applicationmanageconditionprice-display-component---newCondition--condValue"}]}
RESULT: undefined
COMMAND: POST /session/e61d66238098f0a5d55953d3b90d37e6/execute/async - {"script":"<script> [776 bytes]","args":[{"enterText":"200","selector":{"id":"application-manageconditionprice-display-component---newCondition--condValue","interaction":{"idSuffix":"inner"}},"clearTextFirst":true,"interactionType":"ENTER_TEXT"}]}
RESULT: {"script":"<script> [776 bytes]","args":[{"enterText":"200","selector":{"id":"application-manageconditionprice-display-component---newCondition--condValue","interaction":{"idSuffix":"inner"}},"clearTextFirst":true,"interactionType":"ENTER_TEXT"}]}
COMMAND: POST /session/e61d66238098f0a5d55953d3b90d37e6/execute/async - {"script":"<script> [1562 bytes]","args":[{"selector":{"id":"application-manageconditionprice-display-component---newCondition--condCurr-arrow"},"wdio_ui5_key":"applicationmanageconditionprice-display-component---newCondition--condCurr-arrow"}]}
RESULT: {"script":"<script> [1562 bytes]","args":[{"selector":{"id":"application-manageconditionprice-display-component---newCondition--condCurr-arrow"},"wdio_ui5_key":"applicationmanageconditionprice-display-component---newCondition--condCurr-arrow"}]}
RESULT: undefined
COMMAND: POST /session/e61d66238098f0a5d55953d3b90d37e6/element - {"using":"xpath","value":"//*[@id=\"application-manageconditionprice-display-component---newCondition--condCurr-arrow\"]"}
RESULT: {"using":"xpath","value":"//*[@id=\"application-manageconditionprice-display-component---newCondition--condCurr-arrow\"]"}
COMMAND: POST /session/e61d66238098f0a5d55953d3b90d37e6/element/f.4CA2BB8DAA5DB34C3D6E0066B88761B9.d.BA98F014AA0390342E8DF57B1F6D9C0A.e.4080/click - {}
RESULT: {}
COMMAND: POST /session/e61d66238098f0a5d55953d3b90d37e6/element - {"using":"xpath","value":"//span[contains(text(), \"Euro\")]"}
COMMAND: GET /session/e61d66238098f0a5d55953d3b90d37e6/screenshot - {}
RESULT: {"using":"xpath","value":"//span[contains(text(), \"Euro\")]"}
COMMAND: POST /session/e61d66238098f0a5d55953d3b90d37e6/element/f.4CA2BB8DAA5DB34C3D6E0066B88761B9.d.BA98F014AA0390342E8DF57B1F6D9C0A.e.4143/click - {}
RESULT: {}
RESULT: {}
COMMAND: POST /session/e61d66238098f0a5d55953d3b90d37e6/element - {"using":"xpath","value":"//button[@data-kt=\"saveButton\"]"}
COMMAND: GET /session/e61d66238098f0a5d55953d3b90d37e6/screenshot - {}
RESULT: {"using":"xpath","value":"//button[@data-kt=\"saveButton\"]"}
COMMAND: POST /session/e61d66238098f0a5d55953d3b90d37e6/element/f.4CA2BB8DAA5DB34C3D6E0066B88761B9.d.BA98F014AA0390342E8DF57B1F6D9C0A.e.4081/click - {}
RESULT: {}
RESULT: {}
COMMAND: GET /session/e61d66238098f0a5d55953d3b90d37e6/screenshot - {}
RESULT: {}
COMMAND: POST /session/e61d66238098f0a5d55953d3b90d37e6/execute/async - {"script":"<script> [1562 bytes]","args":[{"selector":{"id":"application-manageconditionprice-display-component---conditions--smartFilterBar-btnBasicSearch","interaction":{"idSuffix":"I"}},"wdio_ui5_key":"applicationmanageconditionprice-display-component---conditions--smartFilterBar-btnBasicSearch"}]}
RESULT: {"script":"<script> [1562 bytes]","args":[{"selector":{"id":"application-manageconditionprice-display-component---conditions--smartFilterBar-btnBasicSearch","interaction":{"idSuffix":"I"}},"wdio_ui5_key":"applicationmanageconditionprice-display-component---conditions--smartFilterBar-btnBasicSearch"}]}
RESULT: undefined
COMMAND: POST /session/e61d66238098f0a5d55953d3b90d37e6/execute/async - {"script":"<script> [776 bytes]","args":[{"enterText":"uNvA5S79I2","selector":{"id":"application-manageconditionprice-display-component---conditions--smartFilterBar-btnBasicSearch","interaction":{"idSuffix":"I"}},"clearTextFirst":true,"interactionType":"ENTER_TEXT"}]}
RESULT: {"script":"<script> [776 bytes]","args":[{"enterText":"uNvA5S79I2","selector":{"id":"application-manageconditionprice-display-component---conditions--smartFilterBar-btnBasicSearch","interaction":{"idSuffix":"I"}},"clearTextFirst":true,"interactionType":"ENTER_TEXT"}]}
COMMAND: POST /session/e61d66238098f0a5d55953d3b90d37e6/actions - {"actions":[{"id":"action17","type":"key","parameters":{},"actions":[{"type":"keyDown","value":"î€‡"},{"type":"pause","duration":10},{"type":"keyUp","value":"î€‡"}]}]}
RESULT: {"actions":[{"id":"action17","type":"key","parameters":{},"actions":[{"type":"keyDown","value":"î€‡"},{"type":"pause","duration":10},{"type":"keyUp","value":"î€‡"}]}]}
COMMAND: GET /session/e61d66238098f0a5d55953d3b90d37e6/screenshot - {}
RESULT: {}
COMMAND: POST /session/e61d66238098f0a5d55953d3b90d37e6/execute/async - {"script":"<script> [1562 bytes]","args":[{"selector":{"id":"application-manageconditionprice-display-component---conditions--smartFilterBar-filterItemControl_BASIC-BILL_TYPES-vhi"},"wdio_ui5_key":"applicationmanageconditionprice-display-component---conditions--smartFilterBar-filterItemControl_BASIC-BILL_TYPES-vhi"}]}
RESULT: {"script":"<script> [1562 bytes]","args":[{"selector":{"id":"application-manageconditionprice-display-component---conditions--smartFilterBar-filterItemControl_BASIC-BILL_TYPES-vhi"},"wdio_ui5_key":"applicationmanageconditionprice-display-component---conditions--smartFilterBar-filterItemControl_BASIC-BILL_TYPES-vhi"}]}
RESULT: undefined
COMMAND: POST /session/e61d66238098f0a5d55953d3b90d37e6/element - {"using":"xpath","value":"//*[@id=\"application-manageconditionprice-display-component---conditions--smartFilterBar-filterItemControl_BASIC-BILL_TYPES-vhi\"]"}
RESULT: {"using":"xpath","value":"//*[@id=\"application-manageconditionprice-display-component---conditions--smartFilterBar-filterItemControl_BASIC-BILL_TYPES-vhi\"]"}
COMMAND: POST /session/e61d66238098f0a5d55953d3b90d37e6/element/f.4CA2BB8DAA5DB34C3D6E0066B88761B9.d.BA98F014AA0390342E8DF57B1F6D9C0A.e.4160/click - {}
RESULT: {}
COMMAND: POST /session/e61d66238098f0a5d55953d3b90d37e6/execute/async - {"script":"<script> [1562 bytes]","args":[{"selector":{"id":"application-manageconditionprice-display-component---conditions--smartFilterBar-filterItemControl_BASIC-BILL_TYPES-valueHelpDialog-smartFilterBar-btnBasicSearch","searchOpenDialogs":true,"interaction":{"idSuffix":"I"}},"wdio_ui5_key":"applicationmanageconditionprice-display-component---conditions--smartFilterBar-filterItemControl_BASIC-BILL_TYPES-valueHelpDialog-smartFilterBar-btnBasicSearch"}]}
COMMAND: GET /session/e61d66238098f0a5d55953d3b90d37e6/screenshot - {}
RESULT: {"script":"<script> [1562 bytes]","args":[{"selector":{"id":"application-manageconditionprice-display-component---conditions--smartFilterBar-filterItemControl_BASIC-BILL_TYPES-valueHelpDialog-smartFilterBar-btnBasicSearch","searchOpenDialogs":true,"interaction":{"idSuffix":"I"}},"wdio_ui5_key":"applicationmanageconditionprice-display-component---conditions--smartFilterBar-filterItemControl_BASIC-BILL_TYPES-valueHelpDialog-smartFilterBar-btnBasicSearch"}]}
RESULT: undefined
COMMAND: POST /session/e61d66238098f0a5d55953d3b90d37e6/execute/async - {"script":"<script> [776 bytes]","args":[{"enterText":"TB","selector":{"id":"application-manageconditionprice-display-component---conditions--smartFilterBar-filterItemControl_BASIC-BILL_TYPES-valueHelpDialog-smartFilterBar-btnBasicSearch","searchOpenDialogs":true,"interaction":{"idSuffix":"I"}},"clearTextFirst":true,"interactionType":"ENTER_TEXT"}]}
RESULT: {}
RESULT: {"script":"<script> [776 bytes]","args":[{"enterText":"TB","selector":{"id":"application-manageconditionprice-display-component---conditions--smartFilterBar-filterItemControl_BASIC-BILL_TYPES-valueHelpDialog-smartFilterBar-btnBasicSearch","searchOpenDialogs":true,"interaction":{"idSuffix":"I"}},"clearTextFirst":true,"interactionType":"ENTER_TEXT"}]}
COMMAND: POST /session/e61d66238098f0a5d55953d3b90d37e6/actions - {"actions":[{"id":"action18","type":"key","parameters":{},"actions":[{"type":"keyDown","value":"î€‡"},{"type":"pause","duration":10},{"type":"keyUp","value":"î€‡"}]}]}
RESULT: {"actions":[{"id":"action18","type":"key","parameters":{},"actions":[{"type":"keyDown","value":"î€‡"},{"type":"pause","duration":10},{"type":"keyUp","value":"î€‡"}]}]}
COMMAND: GET /session/e61d66238098f0a5d55953d3b90d37e6/screenshot - {}
RESULT: {}
COMMAND: POST /session/e61d66238098f0a5d55953d3b90d37e6/element - {"using":"xpath","value":"//div[contains(@id, 'application-manageconditionprice-display-component---conditions--smartFilterBar-filterItemControl_BASIC-BILL_TYPES-valueHelpDialog-table-rowsel0')]"}
RESULT: {"using":"xpath","value":"//div[contains(@id, 'application-manageconditionprice-display-component---conditions--smartFilterBar-filterItemControl_BASIC-BILL_TYPES-valueHelpDialog-table-rowsel0')]"}
COMMAND: POST /session/e61d66238098f0a5d55953d3b90d37e6/element/f.4CA2BB8DAA5DB34C3D6E0066B88761B9.d.BA98F014AA0390342E8DF57B1F6D9C0A.e.4170/click - {}
RESULT: {}
COMMAND: GET /session/e61d66238098f0a5d55953d3b90d37e6/screenshot - {}
RESULT: {}
COMMAND: POST /session/e61d66238098f0a5d55953d3b90d37e6/element - {"using":"xpath","value":"//bdi[contains(text(), \"OK\")]"}
RESULT: {"using":"xpath","value":"//bdi[contains(text(), \"OK\")]"}
COMMAND: POST /session/e61d66238098f0a5d55953d3b90d37e6/element/f.4CA2BB8DAA5DB34C3D6E0066B88761B9.d.BA98F014AA0390342E8DF57B1F6D9C0A.e.4172/click - {}
RESULT: {}
COMMAND: GET /session/e61d66238098f0a5d55953d3b90d37e6/screenshot - {}
RESULT: {}
COMMAND: POST /session/e61d66238098f0a5d55953d3b90d37e6/element - {"using":"xpath","value":"//span[@id=\"application-manageconditionprice-display-component---conditions--smartTable-header-inner\"]"}
RESULT: {"using":"xpath","value":"//span[@id=\"application-manageconditionprice-display-component---conditions--smartTable-header-inner\"]"}
COMMAND: POST /session/e61d66238098f0a5d55953d3b90d37e6/elements - {"using":"xpath","value":"//span[@id=\"application-manageconditionprice-display-component---conditions--smartTable-header-inner\"]"}
RESULT: {"using":"xpath","value":"//span[@id=\"application-manageconditionprice-display-component---conditions--smartTable-header-inner\"]"}
COMMAND: POST /session/e61d66238098f0a5d55953d3b90d37e6/execute/sync - {"script":"<script> [56 bytes]","args":[{"element-6066-11e4-a52e-4f735466cecf":"f.4CA2BB8DAA5DB34C3D6E0066B88761B9.d.BA98F014AA0390342E8DF57B1F6D9C0A.e.4175","ELEMENT":"f.4CA2BB8DAA5DB34C3D6E0066B88761B9.d.BA98F014AA0390342E8DF57B1F6D9C0A.e.4175"}]}
RESULT: {"script":"<script> [56 bytes]","args":[{"element-6066-11e4-a52e-4f735466cecf":"f.4CA2BB8DAA5DB34C3D6E0066B88761B9.d.BA98F014AA0390342E8DF57B1F6D9C0A.e.4175","ELEMENT":"f.4CA2BB8DAA5DB34C3D6E0066B88761B9.d.BA98F014AA0390342E8DF57B1F6D9C0A.e.4175"}]}
COMMAND: POST /session/e61d66238098f0a5d55953d3b90d37e6/element - {"using":"css selector","value":"#shell-header-logo"}
COMMAND: GET /session/e61d66238098f0a5d55953d3b90d37e6/screenshot - {}
RESULT: {"using":"css selector","value":"#shell-header-logo"}
COMMAND: POST /session/e61d66238098f0a5d55953d3b90d37e6/element/f.4CA2BB8DAA5DB34C3D6E0066B88761B9.d.BA98F014AA0390342E8DF57B1F6D9C0A.e.3857/click - {}
RESULT: {}
RESULT: {}
COMMAND: GET /session/e61d66238098f0a5d55953d3b90d37e6/screenshot - {}
RESULT: {}
]]></system-out>
    </testcase>
    <testcase classname="chrome.136_0_7103_93.windows.Billing_Transfer_-_Intracompany_US127249" name="Should do a stock increase handover" time="91.387">
      <system-out><![CDATA[
COMMAND: POST /session/e61d66238098f0a5d55953d3b90d37e6/execute/async - {"script":"<script> [1562 bytes]","args":[{"selector":{"controlType":"sap.m.GenericTile","properties":{"header":"Manage Handovers"}},"wdio_ui5_key":"sapm.GenericTile{\"header\":\"Manage Handovers\"}"}]}
RESULT: {"script":"<script> [1562 bytes]","args":[{"selector":{"controlType":"sap.m.GenericTile","properties":{"header":"Manage Handovers"}},"wdio_ui5_key":"sapm.GenericTile{\"header\":\"Manage Handovers\"}"}]}
RESULT: undefined
COMMAND: POST /session/e61d66238098f0a5d55953d3b90d37e6/element - {"using":"xpath","value":"//*[@id=\"__tile131\"]"}
RESULT: {"using":"xpath","value":"//*[@id=\"__tile131\"]"}
COMMAND: POST /session/e61d66238098f0a5d55953d3b90d37e6/element/f.4CA2BB8DAA5DB34C3D6E0066B88761B9.d.BA98F014AA0390342E8DF57B1F6D9C0A.e.2922/click - {}
RESULT: {}
COMMAND: GET /session/e61d66238098f0a5d55953d3b90d37e6/screenshot - {}
RESULT: {}
COMMAND: POST /session/e61d66238098f0a5d55953d3b90d37e6/elements - {"using":"xpath","value":"//span[text()='Error']"}
RESULT: {"using":"xpath","value":"//span[text()='Error']"}
COMMAND: POST /session/e61d66238098f0a5d55953d3b90d37e6/element - {"using":"xpath","value":"//button[@data-kt=\"masterHOAddButton\"]"}
RESULT: {"using":"xpath","value":"//button[@data-kt=\"masterHOAddButton\"]"}
COMMAND: POST /session/e61d66238098f0a5d55953d3b90d37e6/elements - {"using":"xpath","value":"//button[@data-kt=\"masterHOAddButton\"]"}
RESULT: {"using":"xpath","value":"//button[@data-kt=\"masterHOAddButton\"]"}
COMMAND: POST /session/e61d66238098f0a5d55953d3b90d37e6/elements - {"using":"xpath","value":"//button[@data-kt=\"masterHOAddButton\"]"}
RESULT: {"using":"xpath","value":"//button[@data-kt=\"masterHOAddButton\"]"}
COMMAND: POST /session/e61d66238098f0a5d55953d3b90d37e6/element - {"using":"xpath","value":"//button[@data-kt=\"masterHOAddButton\"]"}
RESULT: {"using":"xpath","value":"//button[@data-kt=\"masterHOAddButton\"]"}
COMMAND: POST /session/e61d66238098f0a5d55953d3b90d37e6/execute/sync - {"script":"<script> [8489 bytes]","args":[{"element-6066-11e4-a52e-4f735466cecf":"f.4CA2BB8DAA5DB34C3D6E0066B88761B9.d.BA98F014AA0390342E8DF57B1F6D9C0A.e.4210","ELEMENT":"f.4CA2BB8DAA5DB34C3D6E0066B88761B9.d.BA98F014AA0390342E8DF57B1F6D9C0A.e.4210"}]}
RESULT: {"script":"<script> [8489 bytes]","args":[{"element-6066-11e4-a52e-4f735466cecf":"f.4CA2BB8DAA5DB34C3D6E0066B88761B9.d.BA98F014AA0390342E8DF57B1F6D9C0A.e.4210","ELEMENT":"f.4CA2BB8DAA5DB34C3D6E0066B88761B9.d.BA98F014AA0390342E8DF57B1F6D9C0A.e.4210"}]}
COMMAND: GET /session/e61d66238098f0a5d55953d3b90d37e6/element/f.4CA2BB8DAA5DB34C3D6E0066B88761B9.d.BA98F014AA0390342E8DF57B1F6D9C0A.e.4210/enabled - {}
COMMAND: GET /session/e61d66238098f0a5d55953d3b90d37e6/screenshot - {}
RESULT: {}
COMMAND: POST /session/e61d66238098f0a5d55953d3b90d37e6/execute/sync - {"script":"<script> [8489 bytes]","args":[{"element-6066-11e4-a52e-4f735466cecf":"f.4CA2BB8DAA5DB34C3D6E0066B88761B9.d.BA98F014AA0390342E8DF57B1F6D9C0A.e.4210","ELEMENT":"f.4CA2BB8DAA5DB34C3D6E0066B88761B9.d.BA98F014AA0390342E8DF57B1F6D9C0A.e.4210"}]}
COMMAND: GET /session/e61d66238098f0a5d55953d3b90d37e6/screenshot - {}
RESULT: {}
RESULT: {"script":"<script> [8489 bytes]","args":[{"element-6066-11e4-a52e-4f735466cecf":"f.4CA2BB8DAA5DB34C3D6E0066B88761B9.d.BA98F014AA0390342E8DF57B1F6D9C0A.e.4210","ELEMENT":"f.4CA2BB8DAA5DB34C3D6E0066B88761B9.d.BA98F014AA0390342E8DF57B1F6D9C0A.e.4210"}]}
COMMAND: POST /session/e61d66238098f0a5d55953d3b90d37e6/execute/sync - {"script":"<script> [5351 bytes]","args":[{"element-6066-11e4-a52e-4f735466cecf":"f.4CA2BB8DAA5DB34C3D6E0066B88761B9.d.BA98F014AA0390342E8DF57B1F6D9C0A.e.4210","ELEMENT":"f.4CA2BB8DAA5DB34C3D6E0066B88761B9.d.BA98F014AA0390342E8DF57B1F6D9C0A.e.4210"}]}
COMMAND: GET /session/e61d66238098f0a5d55953d3b90d37e6/screenshot - {}
RESULT: {}
RESULT: {"script":"<script> [5351 bytes]","args":[{"element-6066-11e4-a52e-4f735466cecf":"f.4CA2BB8DAA5DB34C3D6E0066B88761B9.d.BA98F014AA0390342E8DF57B1F6D9C0A.e.4210","ELEMENT":"f.4CA2BB8DAA5DB34C3D6E0066B88761B9.d.BA98F014AA0390342E8DF57B1F6D9C0A.e.4210"}]}
COMMAND: POST /session/e61d66238098f0a5d55953d3b90d37e6/element/f.4CA2BB8DAA5DB34C3D6E0066B88761B9.d.BA98F014AA0390342E8DF57B1F6D9C0A.e.4210/click - {}
COMMAND: GET /session/e61d66238098f0a5d55953d3b90d37e6/screenshot - {}
RESULT: {}
RESULT: {}
COMMAND: GET /session/e61d66238098f0a5d55953d3b90d37e6/screenshot - {}
COMMAND: POST /session/e61d66238098f0a5d55953d3b90d37e6/element - {"using":"xpath","value":"//span[contains(@id ,\"AddNewHO--typeSelect-arrow\")]"}
RESULT: {}
RESULT: {}
RESULT: {"using":"xpath","value":"//span[contains(@id ,\"AddNewHO--typeSelect-arrow\")]"}
COMMAND: POST /session/e61d66238098f0a5d55953d3b90d37e6/element/f.4CA2BB8DAA5DB34C3D6E0066B88761B9.d.BA98F014AA0390342E8DF57B1F6D9C0A.e.4577/click - {}
RESULT: {}
COMMAND: GET /session/e61d66238098f0a5d55953d3b90d37e6/screenshot - {}
RESULT: {}
COMMAND: POST /session/e61d66238098f0a5d55953d3b90d37e6/element - {"using":"xpath","value":"(//li[contains(text(), \"stock increase yard\")])[1]"}
RESULT: {"using":"xpath","value":"(//li[contains(text(), \"stock increase yard\")])[1]"}
COMMAND: POST /session/e61d66238098f0a5d55953d3b90d37e6/element/f.4CA2BB8DAA5DB34C3D6E0066B88761B9.d.BA98F014AA0390342E8DF57B1F6D9C0A.e.4578/click - {}
RESULT: {}
COMMAND: GET /session/e61d66238098f0a5d55953d3b90d37e6/screenshot - {}
RESULT: {}
COMMAND: POST /session/e61d66238098f0a5d55953d3b90d37e6/execute/async - {"script":"<script> [1562 bytes]","args":[{"selector":{"id":"application-managehandovers-display-component---AddNewHO--dueDate","interaction":{"idSuffix":"inner"}},"wdio_ui5_key":"applicationmanagehandovers-display-component---AddNewHO--dueDate"}]}
RESULT: {"script":"<script> [1562 bytes]","args":[{"selector":{"id":"application-managehandovers-display-component---AddNewHO--dueDate","interaction":{"idSuffix":"inner"}},"wdio_ui5_key":"applicationmanagehandovers-display-component---AddNewHO--dueDate"}]}
RESULT: undefined
COMMAND: POST /session/e61d66238098f0a5d55953d3b90d37e6/execute/async - {"script":"<script> [6424 bytes]","args":[{"element-6066-11e4-a52e-4f735466cecf":"f.4CA2BB8DAA5DB34C3D6E0066B88761B9.d.BA98F014AA0390342E8DF57B1F6D9C0A.e.4580"},"setValue",["5/16/25"]]}
RESULT: {"script":"<script> [6424 bytes]","args":[{"element-6066-11e4-a52e-4f735466cecf":"f.4CA2BB8DAA5DB34C3D6E0066B88761B9.d.BA98F014AA0390342E8DF57B1F6D9C0A.e.4580"},"setValue",["5/16/25"]]}
COMMAND: POST /session/e61d66238098f0a5d55953d3b90d37e6/element - {"using":"xpath","value":"//input[@id=\"generalSectionFrg--receiveYard-inner\"]"}
RESULT: {"using":"xpath","value":"//input[@id=\"generalSectionFrg--receiveYard-inner\"]"}
COMMAND: POST /session/e61d66238098f0a5d55953d3b90d37e6/element/f.4CA2BB8DAA5DB34C3D6E0066B88761B9.d.BA98F014AA0390342E8DF57B1F6D9C0A.e.4584/clear - {}
RESULT: {}
COMMAND: POST /session/e61d66238098f0a5d55953d3b90d37e6/element/f.4CA2BB8DAA5DB34C3D6E0066B88761B9.d.BA98F014AA0390342E8DF57B1F6D9C0A.e.4584/value - {"text":"481"}
COMMAND: GET /session/e61d66238098f0a5d55953d3b90d37e6/screenshot - {}
RESULT: {"text":"481"}
COMMAND: GET /session/e61d66238098f0a5d55953d3b90d37e6/screenshot - {}
RESULT: {}
RESULT: {}
COMMAND: POST /session/e61d66238098f0a5d55953d3b90d37e6/element - {"using":"xpath","value":"//li[.//span[text()='481']]"}
RESULT: {"using":"xpath","value":"//li[.//span[text()='481']]"}
COMMAND: POST /session/e61d66238098f0a5d55953d3b90d37e6/element/f.4CA2BB8DAA5DB34C3D6E0066B88761B9.d.BA98F014AA0390342E8DF57B1F6D9C0A.e.4602/click - {}
RESULT: {}
COMMAND: GET /session/e61d66238098f0a5d55953d3b90d37e6/screenshot - {}
RESULT: {}
COMMAND: POST /session/e61d66238098f0a5d55953d3b90d37e6/execute/async - {"script":"<script> [1562 bytes]","args":[{"selector":{"id":"application-managehandovers-display-component---AddNewHO--ObjectPageLayout-anchBar-application-managehandovers-display-component---AddNewHO--section4-anchor","interaction":{"idSuffix":"BDI-content"}},"wdio_ui5_key":"applicationmanagehandovers-display-component---AddNewHO--ObjectPageLayout-anchBar-application-managehandovers-display-component---AddNewHO--section4-anchor"}]}
RESULT: {"script":"<script> [1562 bytes]","args":[{"selector":{"id":"application-managehandovers-display-component---AddNewHO--ObjectPageLayout-anchBar-application-managehandovers-display-component---AddNewHO--section4-anchor","interaction":{"idSuffix":"BDI-content"}},"wdio_ui5_key":"applicationmanagehandovers-display-component---AddNewHO--ObjectPageLayout-anchBar-application-managehandovers-display-component---AddNewHO--section4-anchor"}]}
RESULT: undefined
COMMAND: POST /session/e61d66238098f0a5d55953d3b90d37e6/element - {"using":"xpath","value":"//*[@id=\"application-managehandovers-display-component---AddNewHO--ObjectPageLayout-anchBar-application-managehandovers-display-component---AddNewHO--section4-anchor\"]"}
RESULT: {"using":"xpath","value":"//*[@id=\"application-managehandovers-display-component---AddNewHO--ObjectPageLayout-anchBar-application-managehandovers-display-component---AddNewHO--section4-anchor\"]"}
COMMAND: POST /session/e61d66238098f0a5d55953d3b90d37e6/element/f.4CA2BB8DAA5DB34C3D6E0066B88761B9.d.BA98F014AA0390342E8DF57B1F6D9C0A.e.4604/click - {}
RESULT: {}
COMMAND: POST /session/e61d66238098f0a5d55953d3b90d37e6/element - {"using":"xpath","value":"//button[@aria-label=\"Add\"]"}
COMMAND: GET /session/e61d66238098f0a5d55953d3b90d37e6/screenshot - {}
RESULT: {"using":"xpath","value":"//button[@aria-label=\"Add\"]"}
COMMAND: POST /session/e61d66238098f0a5d55953d3b90d37e6/element/f.4CA2BB8DAA5DB34C3D6E0066B88761B9.d.BA98F014AA0390342E8DF57B1F6D9C0A.e.4606/click - {}
RESULT: {}
RESULT: {}
COMMAND: GET /session/e61d66238098f0a5d55953d3b90d37e6/screenshot - {}
RESULT: {}
COMMAND: POST /session/e61d66238098f0a5d55953d3b90d37e6/execute/async - {"script":"<script> [1562 bytes]","args":[{"selector":{"id":"application-managehandovers-display-component---AddNewHO--smartFilterBar-btnBasicSearch","searchOpenDialogs":true,"interaction":{"idSuffix":"I"}},"wdio_ui5_key":"applicationmanagehandovers-display-component---AddNewHO--smartFilterBar-btnBasicSearch"}]}
RESULT: {"script":"<script> [1562 bytes]","args":[{"selector":{"id":"application-managehandovers-display-component---AddNewHO--smartFilterBar-btnBasicSearch","searchOpenDialogs":true,"interaction":{"idSuffix":"I"}},"wdio_ui5_key":"applicationmanagehandovers-display-component---AddNewHO--smartFilterBar-btnBasicSearch"}]}
RESULT: undefined
COMMAND: POST /session/e61d66238098f0a5d55953d3b90d37e6/execute/async - {"script":"<script> [776 bytes]","args":[{"enterText":"uNvA5S79I2","selector":{"id":"application-managehandovers-display-component---AddNewHO--smartFilterBar-btnBasicSearch","searchOpenDialogs":true,"interaction":{"idSuffix":"I"}},"clearTextFirst":true,"interactionType":"ENTER_TEXT"}]}
RESULT: {"script":"<script> [776 bytes]","args":[{"enterText":"uNvA5S79I2","selector":{"id":"application-managehandovers-display-component---AddNewHO--smartFilterBar-btnBasicSearch","searchOpenDialogs":true,"interaction":{"idSuffix":"I"}},"clearTextFirst":true,"interactionType":"ENTER_TEXT"}]}
COMMAND: POST /session/e61d66238098f0a5d55953d3b90d37e6/actions - {"actions":[{"id":"action19","type":"key","parameters":{},"actions":[{"type":"keyDown","value":"î€‡"},{"type":"pause","duration":10},{"type":"keyUp","value":"î€‡"}]}]}
RESULT: {"actions":[{"id":"action19","type":"key","parameters":{},"actions":[{"type":"keyDown","value":"î€‡"},{"type":"pause","duration":10},{"type":"keyUp","value":"î€‡"}]}]}
COMMAND: GET /session/e61d66238098f0a5d55953d3b90d37e6/screenshot - {}
RESULT: {}
COMMAND: POST /session/e61d66238098f0a5d55953d3b90d37e6/execute/async - {"script":"<script> [1562 bytes]","args":[{"selector":{"id":"application-managehandovers-display-component---AddNewHO--popup-sa","searchOpenDialogs":true,"interaction":{"idSuffix":"CbBg"}},"wdio_ui5_key":"applicationmanagehandovers-display-component---AddNewHO--popup-sa"}]}
RESULT: {"script":"<script> [1562 bytes]","args":[{"selector":{"id":"application-managehandovers-display-component---AddNewHO--popup-sa","searchOpenDialogs":true,"interaction":{"idSuffix":"CbBg"}},"wdio_ui5_key":"applicationmanagehandovers-display-component---AddNewHO--popup-sa"}]}
RESULT: undefined
COMMAND: POST /session/e61d66238098f0a5d55953d3b90d37e6/element - {"using":"xpath","value":"//*[@id=\"application-managehandovers-display-component---AddNewHO--popup-sa\"]"}
RESULT: {"using":"xpath","value":"//*[@id=\"application-managehandovers-display-component---AddNewHO--popup-sa\"]"}
COMMAND: POST /session/e61d66238098f0a5d55953d3b90d37e6/element/f.4CA2BB8DAA5DB34C3D6E0066B88761B9.d.BA98F014AA0390342E8DF57B1F6D9C0A.e.4760/click - {}
RESULT: {}
COMMAND: GET /session/e61d66238098f0a5d55953d3b90d37e6/screenshot - {}
RESULT: {}
COMMAND: POST /session/e61d66238098f0a5d55953d3b90d37e6/element - {"using":"xpath","value":"//bdi[contains(text(), \"Select\")]"}
RESULT: {"using":"xpath","value":"//bdi[contains(text(), \"Select\")]"}
COMMAND: POST /session/e61d66238098f0a5d55953d3b90d37e6/element/f.4CA2BB8DAA5DB34C3D6E0066B88761B9.d.BA98F014AA0390342E8DF57B1F6D9C0A.e.4761/click - {}
RESULT: {}
COMMAND: GET /session/e61d66238098f0a5d55953d3b90d37e6/screenshot - {}
RESULT: {}
COMMAND: POST /session/e61d66238098f0a5d55953d3b90d37e6/element - {"using":"xpath","value":"//button[@data-kt=\"AddNewHOSaveButton\"]"}
RESULT: {"using":"xpath","value":"//button[@data-kt=\"AddNewHOSaveButton\"]"}
COMMAND: POST /session/e61d66238098f0a5d55953d3b90d37e6/element/f.4CA2BB8DAA5DB34C3D6E0066B88761B9.d.BA98F014AA0390342E8DF57B1F6D9C0A.e.4765/click - {}
RESULT: {}
COMMAND: GET /session/e61d66238098f0a5d55953d3b90d37e6/screenshot - {}
COMMAND: POST /session/e61d66238098f0a5d55953d3b90d37e6/execute/async - {"script":"<script> [1562 bytes]","args":[{"selector":{"id":"receiptDatePicker","viewName":"etm.portal.ui.managehandovers.view.DetailExecuteHO","interaction":{"idSuffix":"inner"}},"wdio_ui5_key":"receiptDatePickeretmportal.ui.managehandovers.view.DetailExecuteHO"}]}
RESULT: {}
RESULT: {"script":"<script> [1562 bytes]","args":[{"selector":{"id":"receiptDatePicker","viewName":"etm.portal.ui.managehandovers.view.DetailExecuteHO","interaction":{"idSuffix":"inner"}},"wdio_ui5_key":"receiptDatePickeretmportal.ui.managehandovers.view.DetailExecuteHO"}]}
RESULT: undefined
COMMAND: POST /session/e61d66238098f0a5d55953d3b90d37e6/execute/async - {"script":"<script> [6424 bytes]","args":[{"element-6066-11e4-a52e-4f735466cecf":"f.4CA2BB8DAA5DB34C3D6E0066B88761B9.d.BA98F014AA0390342E8DF57B1F6D9C0A.e.4782"},"setValue",["5/16/25"]]}
RESULT: {"script":"<script> [6424 bytes]","args":[{"element-6066-11e4-a52e-4f735466cecf":"f.4CA2BB8DAA5DB34C3D6E0066B88761B9.d.BA98F014AA0390342E8DF57B1F6D9C0A.e.4782"},"setValue",["5/16/25"]]}
COMMAND: POST /session/e61d66238098f0a5d55953d3b90d37e6/element - {"using":"xpath","value":"//button[@data-kt=\"PickingTableConfirmAllButton\"]"}
RESULT: {"using":"xpath","value":"//button[@data-kt=\"PickingTableConfirmAllButton\"]"}
COMMAND: POST /session/e61d66238098f0a5d55953d3b90d37e6/element/f.4CA2BB8DAA5DB34C3D6E0066B88761B9.d.BA98F014AA0390342E8DF57B1F6D9C0A.e.4799/click - {}
RESULT: {}
COMMAND: GET /session/e61d66238098f0a5d55953d3b90d37e6/screenshot - {}
RESULT: {}
COMMAND: POST /session/e61d66238098f0a5d55953d3b90d37e6/element - {"using":"xpath","value":"//bdi[contains(text(), \"OK\")]"}
RESULT: {"using":"xpath","value":"//bdi[contains(text(), \"OK\")]"}
COMMAND: POST /session/e61d66238098f0a5d55953d3b90d37e6/element/f.4CA2BB8DAA5DB34C3D6E0066B88761B9.d.BA98F014AA0390342E8DF57B1F6D9C0A.e.4801/click - {}
RESULT: {}
COMMAND: GET /session/e61d66238098f0a5d55953d3b90d37e6/screenshot - {}
RESULT: {}
COMMAND: POST /session/e61d66238098f0a5d55953d3b90d37e6/element - {"using":"xpath","value":"(//bdi[contains(text(), \"Receive\")])[2]"}
RESULT: {"using":"xpath","value":"(//bdi[contains(text(), \"Receive\")])[2]"}
COMMAND: POST /session/e61d66238098f0a5d55953d3b90d37e6/element/f.4CA2BB8DAA5DB34C3D6E0066B88761B9.d.BA98F014AA0390342E8DF57B1F6D9C0A.e.4803/click - {}
RESULT: {}
COMMAND: GET /session/e61d66238098f0a5d55953d3b90d37e6/screenshot - {}
RESULT: {}
COMMAND: POST /session/e61d66238098f0a5d55953d3b90d37e6/element - {"using":"css selector","value":"#shell-header-logo"}
RESULT: {"using":"css selector","value":"#shell-header-logo"}
COMMAND: POST /session/e61d66238098f0a5d55953d3b90d37e6/element/f.4CA2BB8DAA5DB34C3D6E0066B88761B9.d.BA98F014AA0390342E8DF57B1F6D9C0A.e.4182/click - {}
RESULT: {}
COMMAND: GET /session/e61d66238098f0a5d55953d3b90d37e6/screenshot - {}
RESULT: {}
]]></system-out>
    </testcase>
    <testcase classname="chrome.136_0_7103_93.windows.Billing_Transfer_-_Intracompany_US127249" name="Should create a new contract" time="67.821">
      <system-out><![CDATA[
COMMAND: POST /session/e61d66238098f0a5d55953d3b90d37e6/execute/async - {"script":"<script> [1562 bytes]","args":[{"selector":{"controlType":"sap.m.GenericTile","properties":{"header":"Manage Contracts"}},"wdio_ui5_key":"sapm.GenericTile{\"header\":\"Manage Contracts\"}"}]}
RESULT: {"script":"<script> [1562 bytes]","args":[{"selector":{"controlType":"sap.m.GenericTile","properties":{"header":"Manage Contracts"}},"wdio_ui5_key":"sapm.GenericTile{\"header\":\"Manage Contracts\"}"}]}
RESULT: undefined
COMMAND: POST /session/e61d66238098f0a5d55953d3b90d37e6/element - {"using":"xpath","value":"//*[@id=\"__tile130\"]"}
RESULT: {"using":"xpath","value":"//*[@id=\"__tile130\"]"}
COMMAND: POST /session/e61d66238098f0a5d55953d3b90d37e6/element/f.4CA2BB8DAA5DB34C3D6E0066B88761B9.d.BA98F014AA0390342E8DF57B1F6D9C0A.e.2911/click - {}
RESULT: {}
COMMAND: GET /session/e61d66238098f0a5d55953d3b90d37e6/screenshot - {}
RESULT: {}
COMMAND: POST /session/e61d66238098f0a5d55953d3b90d37e6/elements - {"using":"xpath","value":"//span[text()='Error']"}
RESULT: {"using":"xpath","value":"//span[text()='Error']"}
COMMAND: POST /session/e61d66238098f0a5d55953d3b90d37e6/element - {"using":"xpath","value":"//button[@data-kt=\"addButton\"]"}
RESULT: {"using":"xpath","value":"//button[@data-kt=\"addButton\"]"}
COMMAND: POST /session/e61d66238098f0a5d55953d3b90d37e6/elements - {"using":"xpath","value":"//button[@data-kt=\"addButton\"]"}
RESULT: {"using":"xpath","value":"//button[@data-kt=\"addButton\"]"}
COMMAND: POST /session/e61d66238098f0a5d55953d3b90d37e6/execute/sync - {"script":"<script> [8489 bytes]","args":[{"element-6066-11e4-a52e-4f735466cecf":"f.4CA2BB8DAA5DB34C3D6E0066B88761B9.d.BA98F014AA0390342E8DF57B1F6D9C0A.e.5023","ELEMENT":"f.4CA2BB8DAA5DB34C3D6E0066B88761B9.d.BA98F014AA0390342E8DF57B1F6D9C0A.e.5023"}]}
RESULT: {"script":"<script> [8489 bytes]","args":[{"element-6066-11e4-a52e-4f735466cecf":"f.4CA2BB8DAA5DB34C3D6E0066B88761B9.d.BA98F014AA0390342E8DF57B1F6D9C0A.e.5023","ELEMENT":"f.4CA2BB8DAA5DB34C3D6E0066B88761B9.d.BA98F014AA0390342E8DF57B1F6D9C0A.e.5023"}]}
COMMAND: GET /session/e61d66238098f0a5d55953d3b90d37e6/element/f.4CA2BB8DAA5DB34C3D6E0066B88761B9.d.BA98F014AA0390342E8DF57B1F6D9C0A.e.5023/enabled - {}
COMMAND: GET /session/e61d66238098f0a5d55953d3b90d37e6/screenshot - {}
RESULT: {}
COMMAND: POST /session/e61d66238098f0a5d55953d3b90d37e6/execute/sync - {"script":"<script> [8489 bytes]","args":[{"element-6066-11e4-a52e-4f735466cecf":"f.4CA2BB8DAA5DB34C3D6E0066B88761B9.d.BA98F014AA0390342E8DF57B1F6D9C0A.e.5023","ELEMENT":"f.4CA2BB8DAA5DB34C3D6E0066B88761B9.d.BA98F014AA0390342E8DF57B1F6D9C0A.e.5023"}]}
COMMAND: GET /session/e61d66238098f0a5d55953d3b90d37e6/screenshot - {}
RESULT: {}
RESULT: {"script":"<script> [8489 bytes]","args":[{"element-6066-11e4-a52e-4f735466cecf":"f.4CA2BB8DAA5DB34C3D6E0066B88761B9.d.BA98F014AA0390342E8DF57B1F6D9C0A.e.5023","ELEMENT":"f.4CA2BB8DAA5DB34C3D6E0066B88761B9.d.BA98F014AA0390342E8DF57B1F6D9C0A.e.5023"}]}
COMMAND: POST /session/e61d66238098f0a5d55953d3b90d37e6/execute/sync - {"script":"<script> [5351 bytes]","args":[{"element-6066-11e4-a52e-4f735466cecf":"f.4CA2BB8DAA5DB34C3D6E0066B88761B9.d.BA98F014AA0390342E8DF57B1F6D9C0A.e.5023","ELEMENT":"f.4CA2BB8DAA5DB34C3D6E0066B88761B9.d.BA98F014AA0390342E8DF57B1F6D9C0A.e.5023"}]}
COMMAND: GET /session/e61d66238098f0a5d55953d3b90d37e6/screenshot - {}
RESULT: {}
RESULT: {"script":"<script> [5351 bytes]","args":[{"element-6066-11e4-a52e-4f735466cecf":"f.4CA2BB8DAA5DB34C3D6E0066B88761B9.d.BA98F014AA0390342E8DF57B1F6D9C0A.e.5023","ELEMENT":"f.4CA2BB8DAA5DB34C3D6E0066B88761B9.d.BA98F014AA0390342E8DF57B1F6D9C0A.e.5023"}]}
COMMAND: GET /session/e61d66238098f0a5d55953d3b90d37e6/screenshot - {}
RESULT: {}
RESULT: {}
COMMAND: POST /session/e61d66238098f0a5d55953d3b90d37e6/element/f.4CA2BB8DAA5DB34C3D6E0066B88761B9.d.BA98F014AA0390342E8DF57B1F6D9C0A.e.5023/click - {}
RESULT: {}
COMMAND: GET /session/e61d66238098f0a5d55953d3b90d37e6/screenshot - {}
COMMAND: POST /session/e61d66238098f0a5d55953d3b90d37e6/execute/async - {"script":"<script> [1562 bytes]","args":[{"selector":{"id":"application-managecontracts-display-component---AddNewContract--projectDescription","interaction":{"idSuffix":"inner"}},"wdio_ui5_key":"applicationmanagecontracts-display-component---AddNewContract--projectDescription"}]}
RESULT: {}
RESULT: {"script":"<script> [1562 bytes]","args":[{"selector":{"id":"application-managecontracts-display-component---AddNewContract--projectDescription","interaction":{"idSuffix":"inner"}},"wdio_ui5_key":"applicationmanagecontracts-display-component---AddNewContract--projectDescription"}]}
RESULT: undefined
COMMAND: POST /session/e61d66238098f0a5d55953d3b90d37e6/execute/async - {"script":"<script> [776 bytes]","args":[{"enterText":"Contract WDIO","selector":{"id":"application-managecontracts-display-component---AddNewContract--projectDescription","interaction":{"idSuffix":"inner"}},"clearTextFirst":true,"interactionType":"ENTER_TEXT"}]}
RESULT: {"script":"<script> [776 bytes]","args":[{"enterText":"Contract WDIO","selector":{"id":"application-managecontracts-display-component---AddNewContract--projectDescription","interaction":{"idSuffix":"inner"}},"clearTextFirst":true,"interactionType":"ENTER_TEXT"}]}
COMMAND: POST /session/e61d66238098f0a5d55953d3b90d37e6/element - {"using":"xpath","value":"//input[@id=\"application-managecontracts-display-component---AddNewContract--site-inner\"]"}
RESULT: {"using":"xpath","value":"//input[@id=\"application-managecontracts-display-component---AddNewContract--site-inner\"]"}
COMMAND: POST /session/e61d66238098f0a5d55953d3b90d37e6/element/f.4CA2BB8DAA5DB34C3D6E0066B88761B9.d.BA98F014AA0390342E8DF57B1F6D9C0A.e.5384/clear - {}
RESULT: {}
COMMAND: POST /session/e61d66238098f0a5d55953d3b90d37e6/element/f.4CA2BB8DAA5DB34C3D6E0066B88761B9.d.BA98F014AA0390342E8DF57B1F6D9C0A.e.5384/value - {"text":"2227"}
COMMAND: GET /session/e61d66238098f0a5d55953d3b90d37e6/screenshot - {}
RESULT: {"text":"2227"}
COMMAND: GET /session/e61d66238098f0a5d55953d3b90d37e6/screenshot - {}
RESULT: {}
RESULT: {}
COMMAND: POST /session/e61d66238098f0a5d55953d3b90d37e6/element - {"using":"xpath","value":"//li[.//span[text()='2227']]"}
RESULT: {"using":"xpath","value":"//li[.//span[text()='2227']]"}
COMMAND: POST /session/e61d66238098f0a5d55953d3b90d37e6/element/f.4CA2BB8DAA5DB34C3D6E0066B88761B9.d.BA98F014AA0390342E8DF57B1F6D9C0A.e.5417/click - {}
RESULT: {}
COMMAND: GET /session/e61d66238098f0a5d55953d3b90d37e6/screenshot - {}
RESULT: {}
COMMAND: POST /session/e61d66238098f0a5d55953d3b90d37e6/element - {"using":"xpath","value":"//input[@id=\"application-managecontracts-display-component---AddNewContract--yardId-inner\"]"}
RESULT: {"using":"xpath","value":"//input[@id=\"application-managecontracts-display-component---AddNewContract--yardId-inner\"]"}
COMMAND: GET /session/e61d66238098f0a5d55953d3b90d37e6/element/f.4CA2BB8DAA5DB34C3D6E0066B88761B9.d.BA98F014AA0390342E8DF57B1F6D9C0A.e.5385/property/value - {}
RESULT: {}
COMMAND: POST /session/e61d66238098f0a5d55953d3b90d37e6/element - {"using":"xpath","value":"//input[@id=\"application-managecontracts-display-component---AddNewContract--customerSelect-inner\"]"}
COMMAND: GET /session/e61d66238098f0a5d55953d3b90d37e6/screenshot - {}
RESULT: {"using":"xpath","value":"//input[@id=\"application-managecontracts-display-component---AddNewContract--customerSelect-inner\"]"}
COMMAND: POST /session/e61d66238098f0a5d55953d3b90d37e6/element/f.4CA2BB8DAA5DB34C3D6E0066B88761B9.d.BA98F014AA0390342E8DF57B1F6D9C0A.e.5383/clear - {}
RESULT: {}
RESULT: {}
COMMAND: POST /session/e61d66238098f0a5d55953d3b90d37e6/element/f.4CA2BB8DAA5DB34C3D6E0066B88761B9.d.BA98F014AA0390342E8DF57B1F6D9C0A.e.5383/value - {"text":"1268"}
COMMAND: GET /session/e61d66238098f0a5d55953d3b90d37e6/screenshot - {}
RESULT: {"text":"1268"}
COMMAND: GET /session/e61d66238098f0a5d55953d3b90d37e6/screenshot - {}
RESULT: {}
RESULT: {}
COMMAND: POST /session/e61d66238098f0a5d55953d3b90d37e6/element - {"using":"xpath","value":"//li[.//span[text()='1268']]"}
RESULT: {"using":"xpath","value":"//li[.//span[text()='1268']]"}
COMMAND: POST /session/e61d66238098f0a5d55953d3b90d37e6/element/f.4CA2BB8DAA5DB34C3D6E0066B88761B9.d.BA98F014AA0390342E8DF57B1F6D9C0A.e.5420/click - {}
RESULT: {}
COMMAND: GET /session/e61d66238098f0a5d55953d3b90d37e6/screenshot - {}
RESULT: {}
COMMAND: POST /session/e61d66238098f0a5d55953d3b90d37e6/element - {"using":"xpath","value":"//button[@data-kt=\"saveButton\"]"}
RESULT: {"using":"xpath","value":"//button[@data-kt=\"saveButton\"]"}
COMMAND: POST /session/e61d66238098f0a5d55953d3b90d37e6/element/f.4CA2BB8DAA5DB34C3D6E0066B88761B9.d.BA98F014AA0390342E8DF57B1F6D9C0A.e.5421/click - {}
RESULT: {}
COMMAND: GET /session/e61d66238098f0a5d55953d3b90d37e6/screenshot - {}
RESULT: {}
COMMAND: POST /session/e61d66238098f0a5d55953d3b90d37e6/element - {"using":"xpath","value":"//span[contains(@id ,\"contractDetailTitleNoExpanded\")]"}
RESULT: {"using":"xpath","value":"//span[contains(@id ,\"contractDetailTitleNoExpanded\")]"}
COMMAND: POST /session/e61d66238098f0a5d55953d3b90d37e6/elements - {"using":"xpath","value":"//span[contains(@id ,\"contractDetailTitleNoExpanded\")]"}
RESULT: {"using":"xpath","value":"//span[contains(@id ,\"contractDetailTitleNoExpanded\")]"}
COMMAND: POST /session/e61d66238098f0a5d55953d3b90d37e6/execute/sync - {"script":"<script> [56 bytes]","args":[{"element-6066-11e4-a52e-4f735466cecf":"f.4CA2BB8DAA5DB34C3D6E0066B88761B9.d.BA98F014AA0390342E8DF57B1F6D9C0A.e.5491","ELEMENT":"f.4CA2BB8DAA5DB34C3D6E0066B88761B9.d.BA98F014AA0390342E8DF57B1F6D9C0A.e.5491"}]}
RESULT: {"script":"<script> [56 bytes]","args":[{"element-6066-11e4-a52e-4f735466cecf":"f.4CA2BB8DAA5DB34C3D6E0066B88761B9.d.BA98F014AA0390342E8DF57B1F6D9C0A.e.5491","ELEMENT":"f.4CA2BB8DAA5DB34C3D6E0066B88761B9.d.BA98F014AA0390342E8DF57B1F6D9C0A.e.5491"}]}
COMMAND: GET /session/e61d66238098f0a5d55953d3b90d37e6/screenshot - {}
RESULT: {}
]]></system-out>
    </testcase>
    <testcase classname="chrome.136_0_7103_93.windows.Billing_Transfer_-_Intracompany_US127249" name="Should add equipment to the contract" time="48.007">
      <system-out><![CDATA[
COMMAND: POST /session/e61d66238098f0a5d55953d3b90d37e6/element - {"using":"xpath","value":"//button[@data-kt=\"contractDetailEditBtnButton\"]"}
RESULT: {"using":"xpath","value":"//button[@data-kt=\"contractDetailEditBtnButton\"]"}
COMMAND: POST /session/e61d66238098f0a5d55953d3b90d37e6/element/f.4CA2BB8DAA5DB34C3D6E0066B88761B9.d.BA98F014AA0390342E8DF57B1F6D9C0A.e.5494/click - {}
RESULT: {}
COMMAND: GET /session/e61d66238098f0a5d55953d3b90d37e6/screenshot - {}
RESULT: {}
COMMAND: POST /session/e61d66238098f0a5d55953d3b90d37e6/element - {"using":"xpath","value":"(//span[contains(text(), \"Additional Addresses\")])[2]"}
RESULT: {"using":"xpath","value":"(//span[contains(text(), \"Additional Addresses\")])[2]"}
COMMAND: POST /session/e61d66238098f0a5d55953d3b90d37e6/element/f.4CA2BB8DAA5DB34C3D6E0066B88761B9.d.BA98F014AA0390342E8DF57B1F6D9C0A.e.5550/click - {}
RESULT: {}
COMMAND: GET /session/e61d66238098f0a5d55953d3b90d37e6/screenshot - {}
RESULT: {}
COMMAND: POST /session/e61d66238098f0a5d55953d3b90d37e6/element - {"using":"xpath","value":"//button[@data-kt=\"btnAddTableRowOverflowToolbarButton\"]"}
RESULT: {"using":"xpath","value":"//button[@data-kt=\"btnAddTableRowOverflowToolbarButton\"]"}
COMMAND: POST /session/e61d66238098f0a5d55953d3b90d37e6/element/f.4CA2BB8DAA5DB34C3D6E0066B88761B9.d.BA98F014AA0390342E8DF57B1F6D9C0A.e.5552/click - {}
RESULT: {}
COMMAND: GET /session/e61d66238098f0a5d55953d3b90d37e6/screenshot - {}
RESULT: {}
COMMAND: POST /session/e61d66238098f0a5d55953d3b90d37e6/element - {"using":"xpath","value":"//div[(text() = 'Standard Entry' or . = 'Standard Entry')]"}
RESULT: {"using":"xpath","value":"//div[(text() = 'Standard Entry' or . = 'Standard Entry')]"}
COMMAND: POST /session/e61d66238098f0a5d55953d3b90d37e6/element/f.4CA2BB8DAA5DB34C3D6E0066B88761B9.d.BA98F014AA0390342E8DF57B1F6D9C0A.e.5554/click - {}
RESULT: {}
COMMAND: GET /session/e61d66238098f0a5d55953d3b90d37e6/screenshot - {}
RESULT: {}
COMMAND: POST /session/e61d66238098f0a5d55953d3b90d37e6/element - {"using":"xpath","value":"//td[7]/div/div/input"}
RESULT: {"using":"xpath","value":"//td[7]/div/div/input"}
COMMAND: POST /session/e61d66238098f0a5d55953d3b90d37e6/element/f.4CA2BB8DAA5DB34C3D6E0066B88761B9.d.BA98F014AA0390342E8DF57B1F6D9C0A.e.5563/clear - {}
RESULT: {}
COMMAND: POST /session/e61d66238098f0a5d55953d3b90d37e6/element/f.4CA2BB8DAA5DB34C3D6E0066B88761B9.d.BA98F014AA0390342E8DF57B1F6D9C0A.e.5563/value - {"text":"uNvA5S79I2"}
COMMAND: GET /session/e61d66238098f0a5d55953d3b90d37e6/screenshot - {}
RESULT: {"text":"uNvA5S79I2"}
COMMAND: GET /session/e61d66238098f0a5d55953d3b90d37e6/screenshot - {}
RESULT: {}
RESULT: {}
COMMAND: POST /session/e61d66238098f0a5d55953d3b90d37e6/actions - {"actions":[{"id":"action20","type":"key","parameters":{},"actions":[{"type":"keyDown","value":"î€‡"},{"type":"pause","duration":10},{"type":"keyUp","value":"î€‡"}]}]}
RESULT: {"actions":[{"id":"action20","type":"key","parameters":{},"actions":[{"type":"keyDown","value":"î€‡"},{"type":"pause","duration":10},{"type":"keyUp","value":"î€‡"}]}]}
COMMAND: GET /session/e61d66238098f0a5d55953d3b90d37e6/screenshot - {}
RESULT: {}
COMMAND: POST /session/e61d66238098f0a5d55953d3b90d37e6/execute/sync - {"script":"<script> [276 bytes]","args":["No pricing information was found"]}
RESULT: {"script":"<script> [276 bytes]","args":["No pricing information was found"]}
COMMAND: POST /session/e61d66238098f0a5d55953d3b90d37e6/element - {"using":"xpath","value":"(//button[@data-kt=\"saveButton\"])[2]"}
COMMAND: GET /session/e61d66238098f0a5d55953d3b90d37e6/screenshot - {}
RESULT: {"using":"xpath","value":"(//button[@data-kt=\"saveButton\"])[2]"}
COMMAND: POST /session/e61d66238098f0a5d55953d3b90d37e6/element/f.4CA2BB8DAA5DB34C3D6E0066B88761B9.d.BA98F014AA0390342E8DF57B1F6D9C0A.e.5578/click - {}
RESULT: {}
RESULT: {}
COMMAND: GET /session/e61d66238098f0a5d55953d3b90d37e6/screenshot - {}
RESULT: {}
COMMAND: POST /session/e61d66238098f0a5d55953d3b90d37e6/execute/sync - {"script":"<script> [276 bytes]","args":["Some contract items are having rental validity exceeding header rental validity"]}
RESULT: {"script":"<script> [276 bytes]","args":["Some contract items are having rental validity exceeding header rental validity"]}
COMMAND: GET /session/e61d66238098f0a5d55953d3b90d37e6/screenshot - {}
RESULT: {}
COMMAND: POST /session/e61d66238098f0a5d55953d3b90d37e6/element - {"using":"xpath","value":"//span[contains(@id ,\"contractItemsSmartTable-header-inner\")]"}
RESULT: {"using":"xpath","value":"//span[contains(@id ,\"contractItemsSmartTable-header-inner\")]"}
COMMAND: POST /session/e61d66238098f0a5d55953d3b90d37e6/elements - {"using":"xpath","value":"//span[contains(@id ,\"contractItemsSmartTable-header-inner\")]"}
RESULT: {"using":"xpath","value":"//span[contains(@id ,\"contractItemsSmartTable-header-inner\")]"}
COMMAND: POST /session/e61d66238098f0a5d55953d3b90d37e6/execute/sync - {"script":"<script> [56 bytes]","args":[{"element-6066-11e4-a52e-4f735466cecf":"f.4CA2BB8DAA5DB34C3D6E0066B88761B9.d.BA98F014AA0390342E8DF57B1F6D9C0A.e.5584","ELEMENT":"f.4CA2BB8DAA5DB34C3D6E0066B88761B9.d.BA98F014AA0390342E8DF57B1F6D9C0A.e.5584"}]}
RESULT: {"script":"<script> [56 bytes]","args":[{"element-6066-11e4-a52e-4f735466cecf":"f.4CA2BB8DAA5DB34C3D6E0066B88761B9.d.BA98F014AA0390342E8DF57B1F6D9C0A.e.5584","ELEMENT":"f.4CA2BB8DAA5DB34C3D6E0066B88761B9.d.BA98F014AA0390342E8DF57B1F6D9C0A.e.5584"}]}
COMMAND: GET /session/e61d66238098f0a5d55953d3b90d37e6/screenshot - {}
]]></system-out>
    </testcase>
    <testcase classname="chrome.136_0_7103_93.windows.Billing_Transfer_-_Intracompany_US127249" name="Should do a provide to site handover" time="67.957">
      <system-out><![CDATA[
COMMAND: POST /session/e61d66238098f0a5d55953d3b90d37e6/element - {"using":"xpath","value":"//button[@data-kt=\"provideButton\"]"}
RESULT: {}
RESULT: {"using":"xpath","value":"//button[@data-kt=\"provideButton\"]"}
COMMAND: POST /session/e61d66238098f0a5d55953d3b90d37e6/element/f.4CA2BB8DAA5DB34C3D6E0066B88761B9.d.BA98F014AA0390342E8DF57B1F6D9C0A.e.5585/click - {}
RESULT: {}
COMMAND: GET /session/e61d66238098f0a5d55953d3b90d37e6/screenshot - {}
RESULT: undefined
COMMAND: POST /session/e61d66238098f0a5d55953d3b90d37e6/execute/async - {"script":"<script> [6424 bytes]","args":[{"element-6066-11e4-a52e-4f735466cecf":"f.4CA2BB8DAA5DB34C3D6E0066B88761B9.d.BA98F014AA0390342E8DF57B1F6D9C0A.e.4580"},"setValue",["5/16/25"]]}
RESULT: {}
COMMAND: POST /session/e61d66238098f0a5d55953d3b90d37e6/execute/async - {"script":"<script> [1562 bytes]","args":[{"selector":{"id":"application-managehandovers-display-component---AddNewHO--dueDate","interaction":{"idSuffix":"inner"}},"wdio_ui5_key":"applicationmanagehandovers-display-component---AddNewHO--dueDate"}]}
RESULT: {"script":"<script> [1562 bytes]","args":[{"selector":{"id":"application-managehandovers-display-component---AddNewHO--dueDate","interaction":{"idSuffix":"inner"}},"wdio_ui5_key":"applicationmanagehandovers-display-component---AddNewHO--dueDate"}]}
COMMAND: POST /session/e61d66238098f0a5d55953d3b90d37e6/execute/async - {"script":"<script> [6424 bytes]","args":[{"element-6066-11e4-a52e-4f735466cecf":"f.4CA2BB8DAA5DB34C3D6E0066B88761B9.d.BA98F014AA0390342E8DF57B1F6D9C0A.e.5642"},"setValue",["5/16/25"]]}
RESULT: {"script":"<script> [6424 bytes]","args":[{"element-6066-11e4-a52e-4f735466cecf":"f.4CA2BB8DAA5DB34C3D6E0066B88761B9.d.BA98F014AA0390342E8DF57B1F6D9C0A.e.5642"},"setValue",["5/16/25"]]}
COMMAND: POST /session/e61d66238098f0a5d55953d3b90d37e6/element - {"using":"xpath","value":"//bdi[contains(text(), \"Instructions\")]"}
RESULT: {"using":"xpath","value":"//bdi[contains(text(), \"Instructions\")]"}
COMMAND: POST /session/e61d66238098f0a5d55953d3b90d37e6/element/f.4CA2BB8DAA5DB34C3D6E0066B88761B9.d.BA98F014AA0390342E8DF57B1F6D9C0A.e.5862/click - {}
RESULT: {}
COMMAND: GET /session/e61d66238098f0a5d55953d3b90d37e6/screenshot - {}
RESULT: {}
COMMAND: POST /session/e61d66238098f0a5d55953d3b90d37e6/element - {"using":"xpath","value":"//button[@data-kt=\"AddNewHOProvideAddItemsButton\"]"}
RESULT: {"using":"xpath","value":"//button[@data-kt=\"AddNewHOProvideAddItemsButton\"]"}
COMMAND: POST /session/e61d66238098f0a5d55953d3b90d37e6/element/f.4CA2BB8DAA5DB34C3D6E0066B88761B9.d.BA98F014AA0390342E8DF57B1F6D9C0A.e.5866/click - {}
RESULT: {}
COMMAND: GET /session/e61d66238098f0a5d55953d3b90d37e6/screenshot - {}
RESULT: {}
RESULT: undefined
COMMAND: POST /session/e61d66238098f0a5d55953d3b90d37e6/element - {"using":"xpath","value":"//*[@id=\"application-managehandovers-display-component---AddNewHO--popup-sa\"]"}
RESULT: {"using":"xpath","value":"//*[@id=\"application-managehandovers-display-component---AddNewHO--popup-sa\"]"}
COMMAND: POST /session/e61d66238098f0a5d55953d3b90d37e6/element/f.4CA2BB8DAA5DB34C3D6E0066B88761B9.d.BA98F014AA0390342E8DF57B1F6D9C0A.e.5876/click - {}
RESULT: {}
COMMAND: GET /session/e61d66238098f0a5d55953d3b90d37e6/screenshot - {}
RESULT: {}
COMMAND: POST /session/e61d66238098f0a5d55953d3b90d37e6/element - {"using":"xpath","value":"//*[contains(@id ,\"BDI-content\")][contains(text(), \"Select\")]"}
RESULT: {"using":"xpath","value":"//*[contains(@id ,\"BDI-content\")][contains(text(), \"Select\")]"}
COMMAND: POST /session/e61d66238098f0a5d55953d3b90d37e6/element/f.4CA2BB8DAA5DB34C3D6E0066B88761B9.d.BA98F014AA0390342E8DF57B1F6D9C0A.e.5877/click - {}
RESULT: {}
COMMAND: GET /session/e61d66238098f0a5d55953d3b90d37e6/screenshot - {}
RESULT: {}
COMMAND: POST /session/e61d66238098f0a5d55953d3b90d37e6/execute/async - {"script":"<script> [1562 bytes]","args":[{"selector":{"id":"application-managehandovers-display-component---AddNewHO--confirmCreationButton","interaction":{"idSuffix":"BDI-content"}},"wdio_ui5_key":"applicationmanagehandovers-display-component---AddNewHO--confirmCreationButton"}]}
RESULT: {"script":"<script> [1562 bytes]","args":[{"selector":{"id":"application-managehandovers-display-component---AddNewHO--confirmCreationButton","interaction":{"idSuffix":"BDI-content"}},"wdio_ui5_key":"applicationmanagehandovers-display-component---AddNewHO--confirmCreationButton"}]}
RESULT: undefined
COMMAND: POST /session/e61d66238098f0a5d55953d3b90d37e6/element - {"using":"xpath","value":"//*[@id=\"application-managehandovers-display-component---AddNewHO--confirmCreationButton\"]"}
RESULT: {"using":"xpath","value":"//*[@id=\"application-managehandovers-display-component---AddNewHO--confirmCreationButton\"]"}
COMMAND: POST /session/e61d66238098f0a5d55953d3b90d37e6/element/f.4CA2BB8DAA5DB34C3D6E0066B88761B9.d.BA98F014AA0390342E8DF57B1F6D9C0A.e.5665/click - {}
RESULT: {}
COMMAND: GET /session/e61d66238098f0a5d55953d3b90d37e6/screenshot - {}
RESULT: {}
COMMAND: POST /session/e61d66238098f0a5d55953d3b90d37e6/execute/async - {"script":"<script> [1562 bytes]","args":[{"selector":{"id":"issueDatePicker","viewName":"etm.portal.ui.managehandovers.view.DetailExecuteHO","interaction":{"idSuffix":"inner"}},"wdio_ui5_key":"issueDatePickeretmportal.ui.managehandovers.view.DetailExecuteHO"}]}
RESULT: {"script":"<script> [1562 bytes]","args":[{"selector":{"id":"issueDatePicker","viewName":"etm.portal.ui.managehandovers.view.DetailExecuteHO","interaction":{"idSuffix":"inner"}},"wdio_ui5_key":"issueDatePickeretmportal.ui.managehandovers.view.DetailExecuteHO"}]}
RESULT: undefined
COMMAND: POST /session/e61d66238098f0a5d55953d3b90d37e6/execute/async - {"script":"<script> [776 bytes]","args":[{"enterText":"5/16/25","selector":{"id":"issueDatePicker","viewName":"etm.portal.ui.managehandovers.view.DetailExecuteHO","interaction":{"idSuffix":"inner"}},"clearTextFirst":true,"interactionType":"ENTER_TEXT"}]}
RESULT: {"script":"<script> [776 bytes]","args":[{"enterText":"5/16/25","selector":{"id":"issueDatePicker","viewName":"etm.portal.ui.managehandovers.view.DetailExecuteHO","interaction":{"idSuffix":"inner"}},"clearTextFirst":true,"interactionType":"ENTER_TEXT"}]}
COMMAND: POST /session/e61d66238098f0a5d55953d3b90d37e6/element - {"using":"xpath","value":"//bdi[contains(text(), \"OK\")]"}
RESULT: {"using":"xpath","value":"//bdi[contains(text(), \"OK\")]"}
COMMAND: POST /session/e61d66238098f0a5d55953d3b90d37e6/element/f.4CA2BB8DAA5DB34C3D6E0066B88761B9.d.BA98F014AA0390342E8DF57B1F6D9C0A.e.5926/click - {}
RESULT: {}
COMMAND: GET /session/e61d66238098f0a5d55953d3b90d37e6/screenshot - {}
RESULT: {}
COMMAND: POST /session/e61d66238098f0a5d55953d3b90d37e6/element - {"using":"xpath","value":"//button[@data-kt=\"PickingTableConfirmAllButton\"]"}
RESULT: {"using":"xpath","value":"//button[@data-kt=\"PickingTableConfirmAllButton\"]"}
COMMAND: POST /session/e61d66238098f0a5d55953d3b90d37e6/element/f.4CA2BB8DAA5DB34C3D6E0066B88761B9.d.BA98F014AA0390342E8DF57B1F6D9C0A.e.5934/click - {}
RESULT: {}
COMMAND: GET /session/e61d66238098f0a5d55953d3b90d37e6/screenshot - {}
RESULT: {}
COMMAND: POST /session/e61d66238098f0a5d55953d3b90d37e6/element - {"using":"xpath","value":"//bdi[contains(text(), \"OK\")]"}
RESULT: {"using":"xpath","value":"//bdi[contains(text(), \"OK\")]"}
COMMAND: POST /session/e61d66238098f0a5d55953d3b90d37e6/element/f.4CA2BB8DAA5DB34C3D6E0066B88761B9.d.BA98F014AA0390342E8DF57B1F6D9C0A.e.5938/click - {}
RESULT: {}
COMMAND: GET /session/e61d66238098f0a5d55953d3b90d37e6/screenshot - {}
RESULT: {}
COMMAND: POST /session/e61d66238098f0a5d55953d3b90d37e6/element - {"using":"xpath","value":"//bdi[contains(text(), \"Issue\")]"}
RESULT: {"using":"xpath","value":"//bdi[contains(text(), \"Issue\")]"}
COMMAND: POST /session/e61d66238098f0a5d55953d3b90d37e6/element/f.4CA2BB8DAA5DB34C3D6E0066B88761B9.d.BA98F014AA0390342E8DF57B1F6D9C0A.e.5939/click - {}
RESULT: {}
COMMAND: GET /session/e61d66238098f0a5d55953d3b90d37e6/screenshot - {}
RESULT: {}
COMMAND: POST /session/e61d66238098f0a5d55953d3b90d37e6/element - {"using":"css selector","value":"#shell-header-logo"}
RESULT: {"using":"css selector","value":"#shell-header-logo"}
COMMAND: POST /session/e61d66238098f0a5d55953d3b90d37e6/element/f.4CA2BB8DAA5DB34C3D6E0066B88761B9.d.BA98F014AA0390342E8DF57B1F6D9C0A.e.4977/click - {}
RESULT: {}
COMMAND: GET /session/e61d66238098f0a5d55953d3b90d37e6/screenshot - {}
RESULT: {}
]]></system-out>
    </testcase>
    <testcase classname="chrome.136_0_7103_93.windows.Billing_Transfer_-_Intracompany_US127249" name="Should go navigate to Manage Billings and trigger contract calculation check result" time="63.969">
      <system-out><![CDATA[
COMMAND: POST /session/e61d66238098f0a5d55953d3b90d37e6/execute/async - {"script":"<script> [1562 bytes]","args":[{"selector":{"controlType":"sap.m.GenericTile","properties":{"header":"Manage Billings"}},"wdio_ui5_key":"sapm.GenericTile{\"header\":\"Manage Billings\"}"}]}
RESULT: {"script":"<script> [1562 bytes]","args":[{"selector":{"controlType":"sap.m.GenericTile","properties":{"header":"Manage Billings"}},"wdio_ui5_key":"sapm.GenericTile{\"header\":\"Manage Billings\"}"}]}
RESULT: undefined
COMMAND: POST /session/e61d66238098f0a5d55953d3b90d37e6/element - {"using":"xpath","value":"//*[@id=\"__tile91\"]"}
RESULT: {"using":"xpath","value":"//*[@id=\"__tile91\"]"}
COMMAND: POST /session/e61d66238098f0a5d55953d3b90d37e6/element/f.4CA2BB8DAA5DB34C3D6E0066B88761B9.d.BA98F014AA0390342E8DF57B1F6D9C0A.e.2952/click - {}
RESULT: {}
COMMAND: GET /session/e61d66238098f0a5d55953d3b90d37e6/screenshot - {}
RESULT: {}
COMMAND: POST /session/e61d66238098f0a5d55953d3b90d37e6/elements - {"using":"xpath","value":"//span[text()='Error']"}
RESULT: {"using":"xpath","value":"//span[text()='Error']"}
COMMAND: POST /session/e61d66238098f0a5d55953d3b90d37e6/execute/async - {"script":"<script> [1562 bytes]","args":[{"selector":{"id":"application-managebillings-display-component---billRunCalcResult--smartFilterBar-btnBasicSearch","interaction":{"idSuffix":"I"}},"wdio_ui5_key":"applicationmanagebillings-display-component---billRunCalcResult--smartFilterBar-btnBasicSearch"}]}
RESULT: {"script":"<script> [1562 bytes]","args":[{"selector":{"id":"application-managebillings-display-component---billRunCalcResult--smartFilterBar-btnBasicSearch","interaction":{"idSuffix":"I"}},"wdio_ui5_key":"applicationmanagebillings-display-component---billRunCalcResult--smartFilterBar-btnBasicSearch"}]}
RESULT: undefined
COMMAND: POST /session/e61d66238098f0a5d55953d3b90d37e6/execute/async - {"script":"<script> [776 bytes]","args":[{"enterText":"10314","selector":{"id":"application-managebillings-display-component---billRunCalcResult--smartFilterBar-btnBasicSearch","interaction":{"idSuffix":"I"}},"clearTextFirst":true,"interactionType":"ENTER_TEXT"}]}
RESULT: {"script":"<script> [776 bytes]","args":[{"enterText":"10314","selector":{"id":"application-managebillings-display-component---billRunCalcResult--smartFilterBar-btnBasicSearch","interaction":{"idSuffix":"I"}},"clearTextFirst":true,"interactionType":"ENTER_TEXT"}]}
COMMAND: POST /session/e61d66238098f0a5d55953d3b90d37e6/actions - {"actions":[{"id":"action21","type":"key","parameters":{},"actions":[{"type":"keyDown","value":"î€‡"},{"type":"pause","duration":10},{"type":"keyUp","value":"î€‡"}]}]}
RESULT: {"actions":[{"id":"action21","type":"key","parameters":{},"actions":[{"type":"keyDown","value":"î€‡"},{"type":"pause","duration":10},{"type":"keyUp","value":"î€‡"}]}]}
COMMAND: GET /session/e61d66238098f0a5d55953d3b90d37e6/screenshot - {}
RESULT: {}
COMMAND: POST /session/e61d66238098f0a5d55953d3b90d37e6/element - {"using":"xpath","value":"//td[@aria-colindex=\"1\"]/div/div[contains(@class, \"sapMCbBg\")]"}
RESULT: {"using":"xpath","value":"//td[@aria-colindex=\"1\"]/div/div[contains(@class, \"sapMCbBg\")]"}
COMMAND: POST /session/e61d66238098f0a5d55953d3b90d37e6/element/f.4CA2BB8DAA5DB34C3D6E0066B88761B9.d.BA98F014AA0390342E8DF57B1F6D9C0A.e.6337/click - {}
RESULT: {}
COMMAND: GET /session/e61d66238098f0a5d55953d3b90d37e6/screenshot - {}
RESULT: {}
COMMAND: POST /session/e61d66238098f0a5d55953d3b90d37e6/execute/async - {"script":"<script> [1562 bytes]","args":[{"selector":{"id":"application-managebillings-display-component---billRunCalcResult--contractBillRunDate","interaction":{"idSuffix":"inner"}},"wdio_ui5_key":"applicationmanagebillings-display-component---billRunCalcResult--contractBillRunDate"}]}
RESULT: {"script":"<script> [1562 bytes]","args":[{"selector":{"id":"application-managebillings-display-component---billRunCalcResult--contractBillRunDate","interaction":{"idSuffix":"inner"}},"wdio_ui5_key":"applicationmanagebillings-display-component---billRunCalcResult--contractBillRunDate"}]}
RESULT: undefined
COMMAND: POST /session/e61d66238098f0a5d55953d3b90d37e6/execute/async - {"script":"<script> [776 bytes]","args":[{"enterText":"5/16/25","selector":{"id":"application-managebillings-display-component---billRunCalcResult--contractBillRunDate","interaction":{"idSuffix":"inner"}},"clearTextFirst":true,"interactionType":"ENTER_TEXT"}]}
RESULT: {"script":"<script> [776 bytes]","args":[{"enterText":"5/16/25","selector":{"id":"application-managebillings-display-component---billRunCalcResult--contractBillRunDate","interaction":{"idSuffix":"inner"}},"clearTextFirst":true,"interactionType":"ENTER_TEXT"}]}
COMMAND: POST /session/e61d66238098f0a5d55953d3b90d37e6/element - {"using":"xpath","value":"//bdi[contains(text(), \"Trigger Calculation\")]"}
RESULT: {"using":"xpath","value":"//bdi[contains(text(), \"Trigger Calculation\")]"}
COMMAND: POST /session/e61d66238098f0a5d55953d3b90d37e6/element/f.4CA2BB8DAA5DB34C3D6E0066B88761B9.d.BA98F014AA0390342E8DF57B1F6D9C0A.e.6388/click - {}
RESULT: {}
COMMAND: GET /session/e61d66238098f0a5d55953d3b90d37e6/screenshot - {}
RESULT: {}
COMMAND: POST /session/e61d66238098f0a5d55953d3b90d37e6/element - {"using":"xpath","value":"(//span[contains(@id, \"imgNav\")])[1]"}
RESULT: {"using":"xpath","value":"(//span[contains(@id, \"imgNav\")])[1]"}
COMMAND: POST /session/e61d66238098f0a5d55953d3b90d37e6/element/f.4CA2BB8DAA5DB34C3D6E0066B88761B9.d.BA98F014AA0390342E8DF57B1F6D9C0A.e.6338/click - {}
RESULT: {}
COMMAND: GET /session/e61d66238098f0a5d55953d3b90d37e6/screenshot - {}
RESULT: {}
COMMAND: POST /session/e61d66238098f0a5d55953d3b90d37e6/element - {"using":"xpath","value":"//tr/td[6]/div[1]/span[1]/span[1]"}
RESULT: {"using":"xpath","value":"//tr/td[6]/div[1]/span[1]/span[1]"}
COMMAND: GET /session/e61d66238098f0a5d55953d3b90d37e6/element/f.4CA2BB8DAA5DB34C3D6E0066B88761B9.d.BA98F014AA0390342E8DF57B1F6D9C0A.e.6394/text - {}
RESULT: {}
COMMAND: POST /session/e61d66238098f0a5d55953d3b90d37e6/element - {"using":"xpath","value":"(//span[contains(@id, \"imgNav\")])[2]"}
RESULT: {"using":"xpath","value":"(//span[contains(@id, \"imgNav\")])[2]"}
COMMAND: POST /session/e61d66238098f0a5d55953d3b90d37e6/element/f.4CA2BB8DAA5DB34C3D6E0066B88761B9.d.BA98F014AA0390342E8DF57B1F6D9C0A.e.6395/click - {}
RESULT: {}
COMMAND: POST /session/e61d66238098f0a5d55953d3b90d37e6/element - {"using":"xpath","value":"//bdi[contains(text(), \"Business Confirm\")]"}
COMMAND: GET /session/e61d66238098f0a5d55953d3b90d37e6/screenshot - {}
RESULT: {}
RESULT: {"using":"xpath","value":"//bdi[contains(text(), \"Business Confirm\")]"}
COMMAND: POST /session/e61d66238098f0a5d55953d3b90d37e6/element/f.4CA2BB8DAA5DB34C3D6E0066B88761B9.d.BA98F014AA0390342E8DF57B1F6D9C0A.e.6450/click - {}
RESULT: {}
COMMAND: POST /session/e61d66238098f0a5d55953d3b90d37e6/element - {"using":"css selector","value":"#shell-header-logo"}
COMMAND: GET /session/e61d66238098f0a5d55953d3b90d37e6/screenshot - {}
RESULT: {"using":"css selector","value":"#shell-header-logo"}
COMMAND: POST /session/e61d66238098f0a5d55953d3b90d37e6/element/f.4CA2BB8DAA5DB34C3D6E0066B88761B9.d.BA98F014AA0390342E8DF57B1F6D9C0A.e.6120/click - {}
RESULT: {}
RESULT: {}
COMMAND: GET /session/e61d66238098f0a5d55953d3b90d37e6/screenshot - {}
RESULT: {}
]]></system-out>
    </testcase>
    <testcase classname="chrome.136_0_7103_93.windows.Billing_Transfer_-_Intracompany_US127249" name="Should navigate to billing transfer and invoice the contract" time="76.518">
      <system-out><![CDATA[
COMMAND: POST /session/e61d66238098f0a5d55953d3b90d37e6/execute/async - {"script":"<script> [1562 bytes]","args":[{"selector":{"controlType":"sap.m.GenericTile","properties":{"header":"Billing Transfer"}},"wdio_ui5_key":"sapm.GenericTile{\"header\":\"Billing Transfer\"}"}]}
RESULT: {"script":"<script> [1562 bytes]","args":[{"selector":{"controlType":"sap.m.GenericTile","properties":{"header":"Billing Transfer"}},"wdio_ui5_key":"sapm.GenericTile{\"header\":\"Billing Transfer\"}"}]}
RESULT: undefined
COMMAND: POST /session/e61d66238098f0a5d55953d3b90d37e6/element - {"using":"xpath","value":"//*[@id=\"__tile90\"]"}
RESULT: {"using":"xpath","value":"//*[@id=\"__tile90\"]"}
COMMAND: POST /session/e61d66238098f0a5d55953d3b90d37e6/element/f.4CA2BB8DAA5DB34C3D6E0066B88761B9.d.BA98F014AA0390342E8DF57B1F6D9C0A.e.2949/click - {}
RESULT: {}
COMMAND: GET /session/e61d66238098f0a5d55953d3b90d37e6/screenshot - {}
RESULT: {}
COMMAND: POST /session/e61d66238098f0a5d55953d3b90d37e6/elements - {"using":"xpath","value":"//span[text()='Error']"}
RESULT: {"using":"xpath","value":"//span[text()='Error']"}
COMMAND: POST /session/e61d66238098f0a5d55953d3b90d37e6/element - {"using":"xpath","value":"//input[contains(@id ,\"application-billingtransfer-display-component---billingWorkbench--smartFilterBar-btnBasicSearch\")]"}
RESULT: {"using":"xpath","value":"//input[contains(@id ,\"application-billingtransfer-display-component---billingWorkbench--smartFilterBar-btnBasicSearch\")]"}
COMMAND: POST /session/e61d66238098f0a5d55953d3b90d37e6/elements - {"using":"xpath","value":"//input[contains(@id ,\"application-billingtransfer-display-component---billingWorkbench--smartFilterBar-btnBasicSearch\")]"}
RESULT: {"using":"xpath","value":"//input[contains(@id ,\"application-billingtransfer-display-component---billingWorkbench--smartFilterBar-btnBasicSearch\")]"}
COMMAND: POST /session/e61d66238098f0a5d55953d3b90d37e6/execute/sync - {"script":"<script> [8489 bytes]","args":[{"element-6066-11e4-a52e-4f735466cecf":"f.4CA2BB8DAA5DB34C3D6E0066B88761B9.d.BA98F014AA0390342E8DF57B1F6D9C0A.e.6479","ELEMENT":"f.4CA2BB8DAA5DB34C3D6E0066B88761B9.d.BA98F014AA0390342E8DF57B1F6D9C0A.e.6479"}]}
RESULT: {"script":"<script> [8489 bytes]","args":[{"element-6066-11e4-a52e-4f735466cecf":"f.4CA2BB8DAA5DB34C3D6E0066B88761B9.d.BA98F014AA0390342E8DF57B1F6D9C0A.e.6479","ELEMENT":"f.4CA2BB8DAA5DB34C3D6E0066B88761B9.d.BA98F014AA0390342E8DF57B1F6D9C0A.e.6479"}]}
COMMAND: GET /session/e61d66238098f0a5d55953d3b90d37e6/element/f.4CA2BB8DAA5DB34C3D6E0066B88761B9.d.BA98F014AA0390342E8DF57B1F6D9C0A.e.6479/enabled - {}
COMMAND: GET /session/e61d66238098f0a5d55953d3b90d37e6/screenshot - {}
RESULT: {}
COMMAND: POST /session/e61d66238098f0a5d55953d3b90d37e6/element/f.4CA2BB8DAA5DB34C3D6E0066B88761B9.d.BA98F014AA0390342E8DF57B1F6D9C0A.e.6479/click - {}
COMMAND: GET /session/e61d66238098f0a5d55953d3b90d37e6/screenshot - {}
RESULT: {}
RESULT: {}
COMMAND: GET /session/e61d66238098f0a5d55953d3b90d37e6/screenshot - {}
RESULT: {}
RESULT: {}
COMMAND: POST /session/e61d66238098f0a5d55953d3b90d37e6/element/f.4CA2BB8DAA5DB34C3D6E0066B88761B9.d.BA98F014AA0390342E8DF57B1F6D9C0A.e.6479/clear - {}
RESULT: {}
COMMAND: POST /session/e61d66238098f0a5d55953d3b90d37e6/element/f.4CA2BB8DAA5DB34C3D6E0066B88761B9.d.BA98F014AA0390342E8DF57B1F6D9C0A.e.6479/value - {"text":"10314"}
COMMAND: GET /session/e61d66238098f0a5d55953d3b90d37e6/screenshot - {}
RESULT: {"text":"10314"}
COMMAND: POST /session/e61d66238098f0a5d55953d3b90d37e6/actions - {"actions":[{"id":"action22","type":"key","parameters":{},"actions":[{"type":"keyDown","value":"î€‡"},{"type":"pause","duration":10},{"type":"keyUp","value":"î€‡"}]}]}
COMMAND: GET /session/e61d66238098f0a5d55953d3b90d37e6/screenshot - {}
RESULT: {}
RESULT: {"actions":[{"id":"action22","type":"key","parameters":{},"actions":[{"type":"keyDown","value":"î€‡"},{"type":"pause","duration":10},{"type":"keyUp","value":"î€‡"}]}]}
COMMAND: GET /session/e61d66238098f0a5d55953d3b90d37e6/screenshot - {}
RESULT: {}
COMMAND: POST /session/e61d66238098f0a5d55953d3b90d37e6/element - {"using":"xpath","value":"//span[contains(@id ,\"application-billingtransfer-display-component---billingWorkbench--smartTableBillingRuns-header-inner\")]"}
RESULT: {}
RESULT: {"using":"xpath","value":"//span[contains(@id ,\"application-billingtransfer-display-component---billingWorkbench--smartTableBillingRuns-header-inner\")]"}
COMMAND: POST /session/e61d66238098f0a5d55953d3b90d37e6/elements - {"using":"xpath","value":"//span[contains(@id ,\"application-billingtransfer-display-component---billingWorkbench--smartTableBillingRuns-header-inner\")]"}
RESULT: {"using":"xpath","value":"//span[contains(@id ,\"application-billingtransfer-display-component---billingWorkbench--smartTableBillingRuns-header-inner\")]"}
COMMAND: POST /session/e61d66238098f0a5d55953d3b90d37e6/execute/sync - {"script":"<script> [56 bytes]","args":[{"element-6066-11e4-a52e-4f735466cecf":"f.4CA2BB8DAA5DB34C3D6E0066B88761B9.d.BA98F014AA0390342E8DF57B1F6D9C0A.e.6862","ELEMENT":"f.4CA2BB8DAA5DB34C3D6E0066B88761B9.d.BA98F014AA0390342E8DF57B1F6D9C0A.e.6862"}]}
RESULT: {"script":"<script> [56 bytes]","args":[{"element-6066-11e4-a52e-4f735466cecf":"f.4CA2BB8DAA5DB34C3D6E0066B88761B9.d.BA98F014AA0390342E8DF57B1F6D9C0A.e.6862","ELEMENT":"f.4CA2BB8DAA5DB34C3D6E0066B88761B9.d.BA98F014AA0390342E8DF57B1F6D9C0A.e.6862"}]}
COMMAND: POST /session/e61d66238098f0a5d55953d3b90d37e6/element - {"using":"xpath","value":"//td[@aria-colindex=\"1\"]/div/div[contains(@class, \"sapMCbBg\")]"}
COMMAND: GET /session/e61d66238098f0a5d55953d3b90d37e6/screenshot - {}
RESULT: {"using":"xpath","value":"//td[@aria-colindex=\"1\"]/div/div[contains(@class, \"sapMCbBg\")]"}
COMMAND: POST /session/e61d66238098f0a5d55953d3b90d37e6/element/f.4CA2BB8DAA5DB34C3D6E0066B88761B9.d.BA98F014AA0390342E8DF57B1F6D9C0A.e.6679/click - {}
RESULT: {}
RESULT: {}
COMMAND: GET /session/e61d66238098f0a5d55953d3b90d37e6/screenshot - {}
RESULT: {}
COMMAND: POST /session/e61d66238098f0a5d55953d3b90d37e6/element - {"using":"xpath","value":"//bdi[contains(text(), \"Check\")]"}
RESULT: {"using":"xpath","value":"//bdi[contains(text(), \"Check\")]"}
COMMAND: POST /session/e61d66238098f0a5d55953d3b90d37e6/element/f.4CA2BB8DAA5DB34C3D6E0066B88761B9.d.BA98F014AA0390342E8DF57B1F6D9C0A.e.6863/click - {}
RESULT: {}
COMMAND: GET /session/e61d66238098f0a5d55953d3b90d37e6/screenshot - {}
RESULT: {}
COMMAND: POST /session/e61d66238098f0a5d55953d3b90d37e6/element - {"using":"xpath","value":"//bdi[contains(text(), \"OK\")]"}
RESULT: {"using":"xpath","value":"//bdi[contains(text(), \"OK\")]"}
COMMAND: POST /session/e61d66238098f0a5d55953d3b90d37e6/element/f.4CA2BB8DAA5DB34C3D6E0066B88761B9.d.BA98F014AA0390342E8DF57B1F6D9C0A.e.6867/click - {}
RESULT: {}
COMMAND: GET /session/e61d66238098f0a5d55953d3b90d37e6/screenshot - {}
RESULT: {}
COMMAND: POST /session/e61d66238098f0a5d55953d3b90d37e6/element - {"using":"xpath","value":"(//span[contains(text(), \"CO/SD checked\")]/parent::div/preceding-sibling::div/span)[1]"}
RESULT: {"using":"xpath","value":"(//span[contains(text(), \"CO/SD checked\")]/parent::div/preceding-sibling::div/span)[1]"}
COMMAND: POST /session/e61d66238098f0a5d55953d3b90d37e6/element/f.4CA2BB8DAA5DB34C3D6E0066B88761B9.d.BA98F014AA0390342E8DF57B1F6D9C0A.e.6868/click - {}
RESULT: {}
COMMAND: GET /session/e61d66238098f0a5d55953d3b90d37e6/screenshot - {}
RESULT: {}
COMMAND: POST /session/e61d66238098f0a5d55953d3b90d37e6/element - {"using":"xpath","value":"//input[contains(@id ,\"application-billingtransfer-display-component---billingWorkbench--smartFilterBar-btnBasicSearch\")]"}
RESULT: {"using":"xpath","value":"//input[contains(@id ,\"application-billingtransfer-display-component---billingWorkbench--smartFilterBar-btnBasicSearch\")]"}
COMMAND: POST /session/e61d66238098f0a5d55953d3b90d37e6/elements - {"using":"xpath","value":"//input[contains(@id ,\"application-billingtransfer-display-component---billingWorkbench--smartFilterBar-btnBasicSearch\")]"}
RESULT: {"using":"xpath","value":"//input[contains(@id ,\"application-billingtransfer-display-component---billingWorkbench--smartFilterBar-btnBasicSearch\")]"}
COMMAND: POST /session/e61d66238098f0a5d55953d3b90d37e6/execute/sync - {"script":"<script> [8489 bytes]","args":[{"element-6066-11e4-a52e-4f735466cecf":"f.4CA2BB8DAA5DB34C3D6E0066B88761B9.d.BA98F014AA0390342E8DF57B1F6D9C0A.e.6479","ELEMENT":"f.4CA2BB8DAA5DB34C3D6E0066B88761B9.d.BA98F014AA0390342E8DF57B1F6D9C0A.e.6479"}]}
RESULT: {"script":"<script> [8489 bytes]","args":[{"element-6066-11e4-a52e-4f735466cecf":"f.4CA2BB8DAA5DB34C3D6E0066B88761B9.d.BA98F014AA0390342E8DF57B1F6D9C0A.e.6479","ELEMENT":"f.4CA2BB8DAA5DB34C3D6E0066B88761B9.d.BA98F014AA0390342E8DF57B1F6D9C0A.e.6479"}]}
COMMAND: GET /session/e61d66238098f0a5d55953d3b90d37e6/element/f.4CA2BB8DAA5DB34C3D6E0066B88761B9.d.BA98F014AA0390342E8DF57B1F6D9C0A.e.6479/enabled - {}
COMMAND: GET /session/e61d66238098f0a5d55953d3b90d37e6/screenshot - {}
RESULT: {}
COMMAND: POST /session/e61d66238098f0a5d55953d3b90d37e6/element/f.4CA2BB8DAA5DB34C3D6E0066B88761B9.d.BA98F014AA0390342E8DF57B1F6D9C0A.e.6479/click - {}
COMMAND: GET /session/e61d66238098f0a5d55953d3b90d37e6/screenshot - {}
RESULT: {}
RESULT: {}
COMMAND: GET /session/e61d66238098f0a5d55953d3b90d37e6/screenshot - {}
RESULT: {}
RESULT: {}
COMMAND: POST /session/e61d66238098f0a5d55953d3b90d37e6/element/f.4CA2BB8DAA5DB34C3D6E0066B88761B9.d.BA98F014AA0390342E8DF57B1F6D9C0A.e.6479/clear - {}
RESULT: {}
COMMAND: POST /session/e61d66238098f0a5d55953d3b90d37e6/element/f.4CA2BB8DAA5DB34C3D6E0066B88761B9.d.BA98F014AA0390342E8DF57B1F6D9C0A.e.6479/value - {"text":"10314"}
COMMAND: GET /session/e61d66238098f0a5d55953d3b90d37e6/screenshot - {}
RESULT: {"text":"10314"}
COMMAND: POST /session/e61d66238098f0a5d55953d3b90d37e6/actions - {"actions":[{"id":"action23","type":"key","parameters":{},"actions":[{"type":"keyDown","value":"î€‡"},{"type":"pause","duration":10},{"type":"keyUp","value":"î€‡"}]}]}
COMMAND: GET /session/e61d66238098f0a5d55953d3b90d37e6/screenshot - {}
RESULT: {}
RESULT: {"actions":[{"id":"action23","type":"key","parameters":{},"actions":[{"type":"keyDown","value":"î€‡"},{"type":"pause","duration":10},{"type":"keyUp","value":"î€‡"}]}]}
COMMAND: GET /session/e61d66238098f0a5d55953d3b90d37e6/screenshot - {}
RESULT: {}
RESULT: {}
COMMAND: POST /session/e61d66238098f0a5d55953d3b90d37e6/element - {"using":"xpath","value":"//span[contains(@id ,\"application-billingtransfer-display-component---billingWorkbench--smartTableBillingRuns-header-inner\")]"}
RESULT: {"using":"xpath","value":"//span[contains(@id ,\"application-billingtransfer-display-component---billingWorkbench--smartTableBillingRuns-header-inner\")]"}
COMMAND: POST /session/e61d66238098f0a5d55953d3b90d37e6/elements - {"using":"xpath","value":"//span[contains(@id ,\"application-billingtransfer-display-component---billingWorkbench--smartTableBillingRuns-header-inner\")]"}
RESULT: {"using":"xpath","value":"//span[contains(@id ,\"application-billingtransfer-display-component---billingWorkbench--smartTableBillingRuns-header-inner\")]"}
COMMAND: POST /session/e61d66238098f0a5d55953d3b90d37e6/execute/sync - {"script":"<script> [56 bytes]","args":[{"element-6066-11e4-a52e-4f735466cecf":"f.4CA2BB8DAA5DB34C3D6E0066B88761B9.d.BA98F014AA0390342E8DF57B1F6D9C0A.e.6862","ELEMENT":"f.4CA2BB8DAA5DB34C3D6E0066B88761B9.d.BA98F014AA0390342E8DF57B1F6D9C0A.e.6862"}]}
RESULT: {"script":"<script> [56 bytes]","args":[{"element-6066-11e4-a52e-4f735466cecf":"f.4CA2BB8DAA5DB34C3D6E0066B88761B9.d.BA98F014AA0390342E8DF57B1F6D9C0A.e.6862","ELEMENT":"f.4CA2BB8DAA5DB34C3D6E0066B88761B9.d.BA98F014AA0390342E8DF57B1F6D9C0A.e.6862"}]}
COMMAND: POST /session/e61d66238098f0a5d55953d3b90d37e6/element - {"using":"xpath","value":"//td[@aria-colindex=\"1\"]/div/div[contains(@class, \"sapMCbBg\")]"}
COMMAND: GET /session/e61d66238098f0a5d55953d3b90d37e6/screenshot - {}
RESULT: {"using":"xpath","value":"//td[@aria-colindex=\"1\"]/div/div[contains(@class, \"sapMCbBg\")]"}
COMMAND: POST /session/e61d66238098f0a5d55953d3b90d37e6/element/f.4CA2BB8DAA5DB34C3D6E0066B88761B9.d.BA98F014AA0390342E8DF57B1F6D9C0A.e.6872/click - {}
RESULT: {}
RESULT: {}
COMMAND: GET /session/e61d66238098f0a5d55953d3b90d37e6/screenshot - {}
RESULT: {}
COMMAND: POST /session/e61d66238098f0a5d55953d3b90d37e6/element - {"using":"xpath","value":"//bdi[text()=\"Transfer\"]"}
RESULT: {"using":"xpath","value":"//bdi[text()=\"Transfer\"]"}
COMMAND: POST /session/e61d66238098f0a5d55953d3b90d37e6/element/f.4CA2BB8DAA5DB34C3D6E0066B88761B9.d.BA98F014AA0390342E8DF57B1F6D9C0A.e.6873/click - {}
RESULT: {}
COMMAND: GET /session/e61d66238098f0a5d55953d3b90d37e6/screenshot - {}
RESULT: {}
COMMAND: POST /session/e61d66238098f0a5d55953d3b90d37e6/element - {"using":"xpath","value":"//bdi[contains(text(), \"OK\")]"}
RESULT: {"using":"xpath","value":"//bdi[contains(text(), \"OK\")]"}
COMMAND: POST /session/e61d66238098f0a5d55953d3b90d37e6/element/f.4CA2BB8DAA5DB34C3D6E0066B88761B9.d.BA98F014AA0390342E8DF57B1F6D9C0A.e.6876/click - {}
RESULT: {}
COMMAND: GET /session/e61d66238098f0a5d55953d3b90d37e6/screenshot - {}
RESULT: {}
COMMAND: POST /session/e61d66238098f0a5d55953d3b90d37e6/element - {"using":"xpath","value":"(//span[contains(text(), \"Completed\")]/parent::div/preceding-sibling::div/span)[1]"}
RESULT: {"using":"xpath","value":"(//span[contains(text(), \"Completed\")]/parent::div/preceding-sibling::div/span)[1]"}
COMMAND: POST /session/e61d66238098f0a5d55953d3b90d37e6/element/f.4CA2BB8DAA5DB34C3D6E0066B88761B9.d.BA98F014AA0390342E8DF57B1F6D9C0A.e.6884/click - {}
RESULT: {}
COMMAND: POST /session/e61d66238098f0a5d55953d3b90d37e6/element - {"using":"xpath","value":"//input[contains(@id ,\"application-billingtransfer-display-component---billingWorkbench--smartFilterBar-btnBasicSearch\")]"}
COMMAND: GET /session/e61d66238098f0a5d55953d3b90d37e6/screenshot - {}
RESULT: {"using":"xpath","value":"//input[contains(@id ,\"application-billingtransfer-display-component---billingWorkbench--smartFilterBar-btnBasicSearch\")]"}
COMMAND: POST /session/e61d66238098f0a5d55953d3b90d37e6/elements - {"using":"xpath","value":"//input[contains(@id ,\"application-billingtransfer-display-component---billingWorkbench--smartFilterBar-btnBasicSearch\")]"}
RESULT: {}
RESULT: {"using":"xpath","value":"//input[contains(@id ,\"application-billingtransfer-display-component---billingWorkbench--smartFilterBar-btnBasicSearch\")]"}
COMMAND: POST /session/e61d66238098f0a5d55953d3b90d37e6/execute/sync - {"script":"<script> [8489 bytes]","args":[{"element-6066-11e4-a52e-4f735466cecf":"f.4CA2BB8DAA5DB34C3D6E0066B88761B9.d.BA98F014AA0390342E8DF57B1F6D9C0A.e.6479","ELEMENT":"f.4CA2BB8DAA5DB34C3D6E0066B88761B9.d.BA98F014AA0390342E8DF57B1F6D9C0A.e.6479"}]}
RESULT: {"script":"<script> [8489 bytes]","args":[{"element-6066-11e4-a52e-4f735466cecf":"f.4CA2BB8DAA5DB34C3D6E0066B88761B9.d.BA98F014AA0390342E8DF57B1F6D9C0A.e.6479","ELEMENT":"f.4CA2BB8DAA5DB34C3D6E0066B88761B9.d.BA98F014AA0390342E8DF57B1F6D9C0A.e.6479"}]}
COMMAND: GET /session/e61d66238098f0a5d55953d3b90d37e6/element/f.4CA2BB8DAA5DB34C3D6E0066B88761B9.d.BA98F014AA0390342E8DF57B1F6D9C0A.e.6479/enabled - {}
COMMAND: GET /session/e61d66238098f0a5d55953d3b90d37e6/screenshot - {}
RESULT: {}
COMMAND: POST /session/e61d66238098f0a5d55953d3b90d37e6/element/f.4CA2BB8DAA5DB34C3D6E0066B88761B9.d.BA98F014AA0390342E8DF57B1F6D9C0A.e.6479/click - {}
COMMAND: GET /session/e61d66238098f0a5d55953d3b90d37e6/screenshot - {}
RESULT: {}
RESULT: {}
COMMAND: GET /session/e61d66238098f0a5d55953d3b90d37e6/screenshot - {}
RESULT: {}
RESULT: {}
COMMAND: POST /session/e61d66238098f0a5d55953d3b90d37e6/element/f.4CA2BB8DAA5DB34C3D6E0066B88761B9.d.BA98F014AA0390342E8DF57B1F6D9C0A.e.6479/clear - {}
RESULT: {}
COMMAND: POST /session/e61d66238098f0a5d55953d3b90d37e6/element/f.4CA2BB8DAA5DB34C3D6E0066B88761B9.d.BA98F014AA0390342E8DF57B1F6D9C0A.e.6479/value - {"text":"10314"}
COMMAND: GET /session/e61d66238098f0a5d55953d3b90d37e6/screenshot - {}
RESULT: {"text":"10314"}
COMMAND: POST /session/e61d66238098f0a5d55953d3b90d37e6/actions - {"actions":[{"id":"action24","type":"key","parameters":{},"actions":[{"type":"keyDown","value":"î€‡"},{"type":"pause","duration":10},{"type":"keyUp","value":"î€‡"}]}]}
COMMAND: GET /session/e61d66238098f0a5d55953d3b90d37e6/screenshot - {}
RESULT: {}
RESULT: {"actions":[{"id":"action24","type":"key","parameters":{},"actions":[{"type":"keyDown","value":"î€‡"},{"type":"pause","duration":10},{"type":"keyUp","value":"î€‡"}]}]}
COMMAND: GET /session/e61d66238098f0a5d55953d3b90d37e6/screenshot - {}
RESULT: {}
RESULT: {}
COMMAND: POST /session/e61d66238098f0a5d55953d3b90d37e6/element - {"using":"xpath","value":"//span[contains(@id ,\"application-billingtransfer-display-component---billingWorkbench--smartTableBillingRuns-header-inner\")]"}
RESULT: {"using":"xpath","value":"//span[contains(@id ,\"application-billingtransfer-display-component---billingWorkbench--smartTableBillingRuns-header-inner\")]"}
COMMAND: POST /session/e61d66238098f0a5d55953d3b90d37e6/elements - {"using":"xpath","value":"//span[contains(@id ,\"application-billingtransfer-display-component---billingWorkbench--smartTableBillingRuns-header-inner\")]"}
RESULT: {"using":"xpath","value":"//span[contains(@id ,\"application-billingtransfer-display-component---billingWorkbench--smartTableBillingRuns-header-inner\")]"}
COMMAND: POST /session/e61d66238098f0a5d55953d3b90d37e6/execute/sync - {"script":"<script> [56 bytes]","args":[{"element-6066-11e4-a52e-4f735466cecf":"f.4CA2BB8DAA5DB34C3D6E0066B88761B9.d.BA98F014AA0390342E8DF57B1F6D9C0A.e.6862","ELEMENT":"f.4CA2BB8DAA5DB34C3D6E0066B88761B9.d.BA98F014AA0390342E8DF57B1F6D9C0A.e.6862"}]}
RESULT: {"script":"<script> [56 bytes]","args":[{"element-6066-11e4-a52e-4f735466cecf":"f.4CA2BB8DAA5DB34C3D6E0066B88761B9.d.BA98F014AA0390342E8DF57B1F6D9C0A.e.6862","ELEMENT":"f.4CA2BB8DAA5DB34C3D6E0066B88761B9.d.BA98F014AA0390342E8DF57B1F6D9C0A.e.6862"}]}
COMMAND: POST /session/e61d66238098f0a5d55953d3b90d37e6/element - {"using":"css selector","value":"#shell-header-logo"}
COMMAND: GET /session/e61d66238098f0a5d55953d3b90d37e6/screenshot - {}
RESULT: {"using":"css selector","value":"#shell-header-logo"}
COMMAND: POST /session/e61d66238098f0a5d55953d3b90d37e6/element/f.4CA2BB8DAA5DB34C3D6E0066B88761B9.d.BA98F014AA0390342E8DF57B1F6D9C0A.e.6477/click - {}
RESULT: {}
RESULT: {}
COMMAND: GET /session/e61d66238098f0a5d55953d3b90d37e6/screenshot - {}
RESULT: {}
COMMAND: POST /session/e61d66238098f0a5d55953d3b90d37e6/element - {"using":"css selector","value":"#j_username"}
COMMAND: POST /session/e61d66238098f0a5d55953d3b90d37e6/url - {"url":"https://qa-testing-00-live-etm-ui.cfapps.eu10-004.hana.ondemand.com/"}
RESULT: {"using":"css selector","value":"#j_username"}
COMMAND: POST /session/e61d66238098f0a5d55953d3b90d37e6/element - {"using":"css selector","value":"#j_username"}
RESULT: {"url":"https://qa-testing-00-live-etm-ui.cfapps.eu10-004.hana.ondemand.com/"}
RESULT: undefined
COMMAND: GET /session/e61d66238098f0a5d55953d3b90d37e6/screenshot - {}
RESULT: {"using":"css selector","value":"#j_username"}
COMMAND: POST /session/e61d66238098f0a5d55953d3b90d37e6/element - {"using":"css selector","value":"#shell-header-logo"}
RESULT: {}
RESULT: {"using":"css selector","value":"#shell-header-logo"}
COMMAND: POST /session/e61d66238098f0a5d55953d3b90d37e6/execute/sync - {"script":"<script> [8489 bytes]","args":[{"element-6066-11e4-a52e-4f735466cecf":"f.4CA2BB8DAA5DB34C3D6E0066B88761B9.d.4C18EA742330C6F38C5C30749A2CB269.e.6901","ELEMENT":"f.4CA2BB8DAA5DB34C3D6E0066B88761B9.d.4C18EA742330C6F38C5C30749A2CB269.e.6901"}]}
RESULT: {"script":"<script> [8489 bytes]","args":[{"element-6066-11e4-a52e-4f735466cecf":"f.4CA2BB8DAA5DB34C3D6E0066B88761B9.d.4C18EA742330C6F38C5C30749A2CB269.e.6901","ELEMENT":"f.4CA2BB8DAA5DB34C3D6E0066B88761B9.d.4C18EA742330C6F38C5C30749A2CB269.e.6901"}]}
COMMAND: POST /session/e61d66238098f0a5d55953d3b90d37e6/element - {"using":"css selector","value":"#shell-header-logo"}
COMMAND: GET /session/e61d66238098f0a5d55953d3b90d37e6/screenshot - {}
RESULT: {"using":"css selector","value":"#shell-header-logo"}
COMMAND: POST /session/e61d66238098f0a5d55953d3b90d37e6/execute/sync - {"script":"<script> [8489 bytes]","args":[{"element-6066-11e4-a52e-4f735466cecf":"f.4CA2BB8DAA5DB34C3D6E0066B88761B9.d.4C18EA742330C6F38C5C30749A2CB269.e.6901","ELEMENT":"f.4CA2BB8DAA5DB34C3D6E0066B88761B9.d.4C18EA742330C6F38C5C30749A2CB269.e.6901"}]}
RESULT: {}
RESULT: {"script":"<script> [8489 bytes]","args":[{"element-6066-11e4-a52e-4f735466cecf":"f.4CA2BB8DAA5DB34C3D6E0066B88761B9.d.4C18EA742330C6F38C5C30749A2CB269.e.6901","ELEMENT":"f.4CA2BB8DAA5DB34C3D6E0066B88761B9.d.4C18EA742330C6F38C5C30749A2CB269.e.6901"}]}
COMMAND: POST /session/e61d66238098f0a5d55953d3b90d37e6/execute/sync - {"script":"<script> [5351 bytes]","args":[{"element-6066-11e4-a52e-4f735466cecf":"f.4CA2BB8DAA5DB34C3D6E0066B88761B9.d.4C18EA742330C6F38C5C30749A2CB269.e.6901","ELEMENT":"f.4CA2BB8DAA5DB34C3D6E0066B88761B9.d.4C18EA742330C6F38C5C30749A2CB269.e.6901"}]}
COMMAND: GET /session/e61d66238098f0a5d55953d3b90d37e6/screenshot - {}
RESULT: {"script":"<script> [5351 bytes]","args":[{"element-6066-11e4-a52e-4f735466cecf":"f.4CA2BB8DAA5DB34C3D6E0066B88761B9.d.4C18EA742330C6F38C5C30749A2CB269.e.6901","ELEMENT":"f.4CA2BB8DAA5DB34C3D6E0066B88761B9.d.4C18EA742330C6F38C5C30749A2CB269.e.6901"}]}
COMMAND: POST /session/e61d66238098f0a5d55953d3b90d37e6/element - {"using":"css selector","value":"#shell-header-logo"}
COMMAND: GET /session/e61d66238098f0a5d55953d3b90d37e6/screenshot - {}
RESULT: {}
RESULT: {"using":"css selector","value":"#shell-header-logo"}
COMMAND: POST /session/e61d66238098f0a5d55953d3b90d37e6/element/f.4CA2BB8DAA5DB34C3D6E0066B88761B9.d.4C18EA742330C6F38C5C30749A2CB269.e.6901/click - {}
RESULT: {}
RESULT: {}
COMMAND: GET /session/e61d66238098f0a5d55953d3b90d37e6/screenshot - {}
RESULT: {}
COMMAND: POST /session/e61d66238098f0a5d55953d3b90d37e6/execute/async - {"script":"<script> [189 bytes]","args":[]}
RESULT: {"script":"<script> [189 bytes]","args":[]}
COMMAND: POST /session/e61d66238098f0a5d55953d3b90d37e6/execute/async - {"script":"<script> [123 bytes]","args":[]}
RESULT: {"script":"<script> [123 bytes]","args":[]}
COMMAND: POST /session/e61d66238098f0a5d55953d3b90d37e6/timeouts - {"script":"<number>"}
RESULT: {"script":"<number>"}
COMMAND: GET /session/e61d66238098f0a5d55953d3b90d37e6/timeouts - {}
RESULT: {}
RESULT: undefined
COMMAND: POST /session/e61d66238098f0a5d55953d3b90d37e6/execute/async - {"script":"<script> [2676 bytes]","args":[]}
RESULT: {"script":"<script> [2676 bytes]","args":[]}
COMMAND: POST /session/e61d66238098f0a5d55953d3b90d37e6/execute/async - {"script":"<script> [2342 bytes]","args":[{"protocol":"http","hostname":"0.0.0.0","path":"/","capabilities":{"browserName":"chrome","goog:chromeOptions":{"binary":"C:\\Program Files\\Google\\Chrome\\Application\\chrome.exe","args":["--start-maximized"]}},"logLevel":"warn","connectionRetryTimeout":120000,"connectionRetryCount":3,"logLevels":{},"enableDirectConnect":true,"strictSSL":true,"_":"65 more keys: [\"cacheDir\",\"port\",\"requestedCapabilities\",\"automationProtocol\",\"baseUrl\",\"waitforInterval\",\"waitforTimeout\",\"onReload\",\"beforeCommand\",\"afterCommand\",\"rootDir\",\"specs\",\"suites\",\"exclude\",\"groupLogsByTestSpec\",\"excludeDriverLogs\",\"bail\",\"framework\",\"reporters\",\"services\",\"maxInstances\",\"maxInstancesPerCapability\",\"injectGlobals\",\"filesToWatch\",\"execArgv\",\"runnerEnv\",\"runner\",\"shard\",\"specFileRetries\",\"specFileRetriesDelay\",\"specFileRetriesDeferred\",\"reporterSyncInterval\",\"reporterSyncTimeout\",\"cucumberFeaturesWithLineNumbers\",\"autoCompileOpts\",\"mochaOpts\",\"jasmineOpts\",\"cucumberOpts\",\"onPrepare\",\"onWorkerStart\",\"onWorkerEnd\",\"before\",\"beforeSession\",\"beforeSuite\",\"beforeHook\",\"beforeTest\",\"afterTest\",\"afterHook\",\"afterSuite\",\"afterSession\",\"after\",\"onComplete\",\"beforeAssertion\",\"afterAssertion\",\"beforeFeature\",\"beforeScenario\",\"beforeStep\",\"afterStep\",\"afterScenario\",\"afterFeature\",\"_\",\"suite\",\"$0\",\"ignoredWorkerServices\",\"wdi5\"]"}]}
RESULT: {"script":"<script> [2342 bytes]","args":[{"protocol":"http","hostname":"0.0.0.0","path":"/","capabilities":{"browserName":"chrome","goog:chromeOptions":{"binary":"C:\\Program Files\\Google\\Chrome\\Application\\chrome.exe","args":["--start-maximized"]}},"logLevel":"warn","connectionRetryTimeout":120000,"connectionRetryCount":3,"logLevels":{},"enableDirectConnect":true,"strictSSL":true,"_":"65 more keys: [\"cacheDir\",\"port\",\"requestedCapabilities\",\"automationProtocol\",\"baseUrl\",\"waitforInterval\",\"waitforTimeout\",\"onReload\",\"beforeCommand\",\"afterCommand\",\"rootDir\",\"specs\",\"suites\",\"exclude\",\"groupLogsByTestSpec\",\"excludeDriverLogs\",\"bail\",\"framework\",\"reporters\",\"services\",\"maxInstances\",\"maxInstancesPerCapability\",\"injectGlobals\",\"filesToWatch\",\"execArgv\",\"runnerEnv\",\"runner\",\"shard\",\"specFileRetries\",\"specFileRetriesDelay\",\"specFileRetriesDeferred\",\"reporterSyncInterval\",\"reporterSyncTimeout\",\"cucumberFeaturesWithLineNumbers\",\"autoCompileOpts\",\"mochaOpts\",\"jasmineOpts\",\"cucumberOpts\",\"onPrepare\",\"onWorkerStart\",\"onWorkerEnd\",\"before\",\"beforeSession\",\"beforeSuite\",\"beforeHook\",\"beforeTest\",\"afterTest\",\"afterHook\",\"afterSuite\",\"afterSession\",\"after\",\"onComplete\",\"beforeAssertion\",\"afterAssertion\",\"beforeFeature\",\"beforeScenario\",\"beforeStep\",\"afterStep\",\"afterScenario\",\"afterFeature\",\"_\",\"suite\",\"$0\",\"ignoredWorkerServices\",\"wdi5\"]"}]}
COMMAND: POST /session/e61d66238098f0a5d55953d3b90d37e6/execute/async - {"script":"<script> [21126 bytes]","args":[35000]}
RESULT: {"script":"<script> [21126 bytes]","args":[35000]}
COMMAND: POST /session/e61d66238098f0a5d55953d3b90d37e6/window/maximize - {}
RESULT: {}
COMMAND: POST /session/e61d66238098f0a5d55953d3b90d37e6/execute/async - {"script":"<script> [1562 bytes]","args":[{"selector":{"id":"shell-header","interaction":{"idSuffix":"icon"}},"wdio_ui5_key":"shellheader"}]}
COMMAND: GET /session/e61d66238098f0a5d55953d3b90d37e6/screenshot - {}
RESULT: {"script":"<script> [1562 bytes]","args":[{"selector":{"id":"shell-header","interaction":{"idSuffix":"icon"}},"wdio_ui5_key":"shellheader"}]}
RESULT: undefined
COMMAND: POST /session/e61d66238098f0a5d55953d3b90d37e6/refresh - {}
RESULT: {}
RESULT: {}
COMMAND: GET /session/e61d66238098f0a5d55953d3b90d37e6/screenshot - {}
RESULT: {}
COMMAND: POST /session/e61d66238098f0a5d55953d3b90d37e6/refresh - {}
RESULT: {}
COMMAND: GET /session/e61d66238098f0a5d55953d3b90d37e6/screenshot - {}
RESULT: {}
COMMAND: POST /session/e61d66238098f0a5d55953d3b90d37e6/window/fullscreen - {}
RESULT: {}
COMMAND: POST /session/e61d66238098f0a5d55953d3b90d37e6/execute/async - {"script":"<script> [189 bytes]","args":[]}
RESULT: {"script":"<script> [189 bytes]","args":[]}
COMMAND: POST /session/e61d66238098f0a5d55953d3b90d37e6/execute/async - {"script":"<script> [123 bytes]","args":[]}
RESULT: {"script":"<script> [123 bytes]","args":[]}
COMMAND: POST /session/e61d66238098f0a5d55953d3b90d37e6/timeouts - {"script":"<number>"}
RESULT: {"script":"<number>"}
COMMAND: GET /session/e61d66238098f0a5d55953d3b90d37e6/timeouts - {}
RESULT: {}
RESULT: undefined
COMMAND: POST /session/e61d66238098f0a5d55953d3b90d37e6/execute/async - {"script":"<script> [2676 bytes]","args":[]}
RESULT: {"script":"<script> [2676 bytes]","args":[]}
COMMAND: POST /session/e61d66238098f0a5d55953d3b90d37e6/execute/async - {"script":"<script> [2342 bytes]","args":[{"protocol":"http","hostname":"0.0.0.0","path":"/","capabilities":{"browserName":"chrome","goog:chromeOptions":{"binary":"C:\\Program Files\\Google\\Chrome\\Application\\chrome.exe","args":["--start-maximized"]}},"logLevel":"warn","connectionRetryTimeout":120000,"connectionRetryCount":3,"logLevels":{},"enableDirectConnect":true,"strictSSL":true,"_":"65 more keys: [\"cacheDir\",\"port\",\"requestedCapabilities\",\"automationProtocol\",\"baseUrl\",\"waitforInterval\",\"waitforTimeout\",\"onReload\",\"beforeCommand\",\"afterCommand\",\"rootDir\",\"specs\",\"suites\",\"exclude\",\"groupLogsByTestSpec\",\"excludeDriverLogs\",\"bail\",\"framework\",\"reporters\",\"services\",\"maxInstances\",\"maxInstancesPerCapability\",\"injectGlobals\",\"filesToWatch\",\"execArgv\",\"runnerEnv\",\"runner\",\"shard\",\"specFileRetries\",\"specFileRetriesDelay\",\"specFileRetriesDeferred\",\"reporterSyncInterval\",\"reporterSyncTimeout\",\"cucumberFeaturesWithLineNumbers\",\"autoCompileOpts\",\"mochaOpts\",\"jasmineOpts\",\"cucumberOpts\",\"onPrepare\",\"onWorkerStart\",\"onWorkerEnd\",\"before\",\"beforeSession\",\"beforeSuite\",\"beforeHook\",\"beforeTest\",\"afterTest\",\"afterHook\",\"afterSuite\",\"afterSession\",\"after\",\"onComplete\",\"beforeAssertion\",\"afterAssertion\",\"beforeFeature\",\"beforeScenario\",\"beforeStep\",\"afterStep\",\"afterScenario\",\"afterFeature\",\"_\",\"suite\",\"$0\",\"ignoredWorkerServices\",\"wdi5\"]"}]}
RESULT: {"script":"<script> [2342 bytes]","args":[{"protocol":"http","hostname":"0.0.0.0","path":"/","capabilities":{"browserName":"chrome","goog:chromeOptions":{"binary":"C:\\Program Files\\Google\\Chrome\\Application\\chrome.exe","args":["--start-maximized"]}},"logLevel":"warn","connectionRetryTimeout":120000,"connectionRetryCount":3,"logLevels":{},"enableDirectConnect":true,"strictSSL":true,"_":"65 more keys: [\"cacheDir\",\"port\",\"requestedCapabilities\",\"automationProtocol\",\"baseUrl\",\"waitforInterval\",\"waitforTimeout\",\"onReload\",\"beforeCommand\",\"afterCommand\",\"rootDir\",\"specs\",\"suites\",\"exclude\",\"groupLogsByTestSpec\",\"excludeDriverLogs\",\"bail\",\"framework\",\"reporters\",\"services\",\"maxInstances\",\"maxInstancesPerCapability\",\"injectGlobals\",\"filesToWatch\",\"execArgv\",\"runnerEnv\",\"runner\",\"shard\",\"specFileRetries\",\"specFileRetriesDelay\",\"specFileRetriesDeferred\",\"reporterSyncInterval\",\"reporterSyncTimeout\",\"cucumberFeaturesWithLineNumbers\",\"autoCompileOpts\",\"mochaOpts\",\"jasmineOpts\",\"cucumberOpts\",\"onPrepare\",\"onWorkerStart\",\"onWorkerEnd\",\"before\",\"beforeSession\",\"beforeSuite\",\"beforeHook\",\"beforeTest\",\"afterTest\",\"afterHook\",\"afterSuite\",\"afterSession\",\"after\",\"onComplete\",\"beforeAssertion\",\"afterAssertion\",\"beforeFeature\",\"beforeScenario\",\"beforeStep\",\"afterStep\",\"afterScenario\",\"afterFeature\",\"_\",\"suite\",\"$0\",\"ignoredWorkerServices\",\"wdi5\"]"}]}
COMMAND: POST /session/e61d66238098f0a5d55953d3b90d37e6/execute/async - {"script":"<script> [21126 bytes]","args":[35000]}
RESULT: {"script":"<script> [21126 bytes]","args":[35000]}
]]></system-out>
    </testcase>
  </testsuite>
  <testsuite timestamp="2025-05-16T17:56:08" time="738.293" tests="12" failures="0" errors="0" skipped="0">
    <properties>
      <property name="specId" value="0" />
      <property name="suiteName" value="Billing transfer US117289" />
      <property name="capabilities" value="chrome.136_0_7103_93.windows" />
      <property name="file" value="file:///D:/a/1/s/test/specs/BTS/billing-transfer.spec.js" />
    </properties>
    <testcase classname="chrome.136_0_7103_93.windows.Billing_transfer_US117289" name="Should create a new yard" time="0.022">
      <system-out><![CDATA[
COMMAND: POST /session/e61d66238098f0a5d55953d3b90d37e6/window/fullscreen - {}
RESULT: {}
]]></system-out>
    </testcase>
    <testcase classname="chrome.136_0_7103_93.windows.Billing_transfer_US117289" name="Should create a new partner" time="0.005" />
    <testcase classname="chrome.136_0_7103_93.windows.Billing_transfer_US117289" name="Should create a new site" time="0.005" />
    <testcase classname="chrome.136_0_7103_93.windows.Billing_transfer_US117289" name="Should create a new equipment" time="147.441">
      <system-out><![CDATA[
COMMAND: POST /session/e61d66238098f0a5d55953d3b90d37e6/execute/async - {"script":"<script> [1562 bytes]","args":[{"selector":{"controlType":"sap.m.GenericTile","properties":{"header":"Manage Resources"}},"wdio_ui5_key":"sapm.GenericTile{\"header\":\"Manage Resources\"}"}]}
RESULT: {"script":"<script> [1562 bytes]","args":[{"selector":{"controlType":"sap.m.GenericTile","properties":{"header":"Manage Resources"}},"wdio_ui5_key":"sapm.GenericTile{\"header\":\"Manage Resources\"}"}]}
RESULT: undefined
COMMAND: POST /session/e61d66238098f0a5d55953d3b90d37e6/element - {"using":"xpath","value":"//*[@id=\"__tile39\"]"}
RESULT: {"using":"xpath","value":"//*[@id=\"__tile39\"]"}
COMMAND: POST /session/e61d66238098f0a5d55953d3b90d37e6/element/f.4CA2BB8DAA5DB34C3D6E0066B88761B9.d.6C0C93F2DAA33D6FB3CEDE23C8C3C389.e.7045/click - {}
RESULT: {}
COMMAND: GET /session/e61d66238098f0a5d55953d3b90d37e6/screenshot - {}
RESULT: {}
COMMAND: POST /session/e61d66238098f0a5d55953d3b90d37e6/elements - {"using":"xpath","value":"//span[text()='Error']"}
RESULT: {"using":"xpath","value":"//span[text()='Error']"}
COMMAND: POST /session/e61d66238098f0a5d55953d3b90d37e6/element - {"using":"xpath","value":"//button[@data-kt=\"addNewRUOverflowToolbarButton\"]"}
RESULT: {"using":"xpath","value":"//button[@data-kt=\"addNewRUOverflowToolbarButton\"]"}
COMMAND: POST /session/e61d66238098f0a5d55953d3b90d37e6/elements - {"using":"xpath","value":"//button[@data-kt=\"addNewRUOverflowToolbarButton\"]"}
RESULT: {"using":"xpath","value":"//button[@data-kt=\"addNewRUOverflowToolbarButton\"]"}
COMMAND: POST /session/e61d66238098f0a5d55953d3b90d37e6/elements - {"using":"xpath","value":"//button[@data-kt=\"addNewRUOverflowToolbarButton\"]"}
RESULT: {"using":"xpath","value":"//button[@data-kt=\"addNewRUOverflowToolbarButton\"]"}
COMMAND: POST /session/e61d66238098f0a5d55953d3b90d37e6/elements - {"using":"xpath","value":"//button[@data-kt=\"addNewRUOverflowToolbarButton\"]"}
RESULT: {"using":"xpath","value":"//button[@data-kt=\"addNewRUOverflowToolbarButton\"]"}
COMMAND: POST /session/e61d66238098f0a5d55953d3b90d37e6/elements - {"using":"xpath","value":"//button[@data-kt=\"addNewRUOverflowToolbarButton\"]"}
RESULT: {"using":"xpath","value":"//button[@data-kt=\"addNewRUOverflowToolbarButton\"]"}
COMMAND: POST /session/e61d66238098f0a5d55953d3b90d37e6/elements - {"using":"xpath","value":"//button[@data-kt=\"addNewRUOverflowToolbarButton\"]"}
RESULT: {"using":"xpath","value":"//button[@data-kt=\"addNewRUOverflowToolbarButton\"]"}
COMMAND: POST /session/e61d66238098f0a5d55953d3b90d37e6/elements - {"using":"xpath","value":"//button[@data-kt=\"addNewRUOverflowToolbarButton\"]"}
RESULT: {"using":"xpath","value":"//button[@data-kt=\"addNewRUOverflowToolbarButton\"]"}
COMMAND: POST /session/e61d66238098f0a5d55953d3b90d37e6/elements - {"using":"xpath","value":"//button[@data-kt=\"addNewRUOverflowToolbarButton\"]"}
RESULT: {"using":"xpath","value":"//button[@data-kt=\"addNewRUOverflowToolbarButton\"]"}
COMMAND: POST /session/e61d66238098f0a5d55953d3b90d37e6/elements - {"using":"xpath","value":"//button[@data-kt=\"addNewRUOverflowToolbarButton\"]"}
RESULT: {"using":"xpath","value":"//button[@data-kt=\"addNewRUOverflowToolbarButton\"]"}
COMMAND: POST /session/e61d66238098f0a5d55953d3b90d37e6/elements - {"using":"xpath","value":"//button[@data-kt=\"addNewRUOverflowToolbarButton\"]"}
RESULT: {"using":"xpath","value":"//button[@data-kt=\"addNewRUOverflowToolbarButton\"]"}
COMMAND: POST /session/e61d66238098f0a5d55953d3b90d37e6/elements - {"using":"xpath","value":"//button[@data-kt=\"addNewRUOverflowToolbarButton\"]"}
RESULT: {"using":"xpath","value":"//button[@data-kt=\"addNewRUOverflowToolbarButton\"]"}
COMMAND: POST /session/e61d66238098f0a5d55953d3b90d37e6/elements - {"using":"xpath","value":"//button[@data-kt=\"addNewRUOverflowToolbarButton\"]"}
RESULT: {"using":"xpath","value":"//button[@data-kt=\"addNewRUOverflowToolbarButton\"]"}
COMMAND: POST /session/e61d66238098f0a5d55953d3b90d37e6/elements - {"using":"xpath","value":"//button[@data-kt=\"addNewRUOverflowToolbarButton\"]"}
RESULT: {"using":"xpath","value":"//button[@data-kt=\"addNewRUOverflowToolbarButton\"]"}
COMMAND: POST /session/e61d66238098f0a5d55953d3b90d37e6/elements - {"using":"xpath","value":"//button[@data-kt=\"addNewRUOverflowToolbarButton\"]"}
RESULT: {"using":"xpath","value":"//button[@data-kt=\"addNewRUOverflowToolbarButton\"]"}
COMMAND: POST /session/e61d66238098f0a5d55953d3b90d37e6/elements - {"using":"xpath","value":"//button[@data-kt=\"addNewRUOverflowToolbarButton\"]"}
RESULT: {"using":"xpath","value":"//button[@data-kt=\"addNewRUOverflowToolbarButton\"]"}
COMMAND: POST /session/e61d66238098f0a5d55953d3b90d37e6/elements - {"using":"xpath","value":"//button[@data-kt=\"addNewRUOverflowToolbarButton\"]"}
RESULT: {"using":"xpath","value":"//button[@data-kt=\"addNewRUOverflowToolbarButton\"]"}
COMMAND: POST /session/e61d66238098f0a5d55953d3b90d37e6/elements - {"using":"xpath","value":"//button[@data-kt=\"addNewRUOverflowToolbarButton\"]"}
RESULT: {"using":"xpath","value":"//button[@data-kt=\"addNewRUOverflowToolbarButton\"]"}
COMMAND: POST /session/e61d66238098f0a5d55953d3b90d37e6/elements - {"using":"xpath","value":"//button[@data-kt=\"addNewRUOverflowToolbarButton\"]"}
RESULT: {"using":"xpath","value":"//button[@data-kt=\"addNewRUOverflowToolbarButton\"]"}
COMMAND: POST /session/e61d66238098f0a5d55953d3b90d37e6/elements - {"using":"xpath","value":"//button[@data-kt=\"addNewRUOverflowToolbarButton\"]"}
RESULT: {"using":"xpath","value":"//button[@data-kt=\"addNewRUOverflowToolbarButton\"]"}
COMMAND: POST /session/e61d66238098f0a5d55953d3b90d37e6/elements - {"using":"xpath","value":"//button[@data-kt=\"addNewRUOverflowToolbarButton\"]"}
RESULT: {"using":"xpath","value":"//button[@data-kt=\"addNewRUOverflowToolbarButton\"]"}
COMMAND: POST /session/e61d66238098f0a5d55953d3b90d37e6/elements - {"using":"xpath","value":"//button[@data-kt=\"addNewRUOverflowToolbarButton\"]"}
RESULT: {"using":"xpath","value":"//button[@data-kt=\"addNewRUOverflowToolbarButton\"]"}
COMMAND: POST /session/e61d66238098f0a5d55953d3b90d37e6/elements - {"using":"xpath","value":"//button[@data-kt=\"addNewRUOverflowToolbarButton\"]"}
RESULT: {"using":"xpath","value":"//button[@data-kt=\"addNewRUOverflowToolbarButton\"]"}
COMMAND: POST /session/e61d66238098f0a5d55953d3b90d37e6/elements - {"using":"xpath","value":"//button[@data-kt=\"addNewRUOverflowToolbarButton\"]"}
RESULT: {"using":"xpath","value":"//button[@data-kt=\"addNewRUOverflowToolbarButton\"]"}
COMMAND: POST /session/e61d66238098f0a5d55953d3b90d37e6/elements - {"using":"xpath","value":"//button[@data-kt=\"addNewRUOverflowToolbarButton\"]"}
RESULT: {"using":"xpath","value":"//button[@data-kt=\"addNewRUOverflowToolbarButton\"]"}
COMMAND: POST /session/e61d66238098f0a5d55953d3b90d37e6/elements - {"using":"xpath","value":"//button[@data-kt=\"addNewRUOverflowToolbarButton\"]"}
RESULT: {"using":"xpath","value":"//button[@data-kt=\"addNewRUOverflowToolbarButton\"]"}
COMMAND: POST /session/e61d66238098f0a5d55953d3b90d37e6/elements - {"using":"xpath","value":"//button[@data-kt=\"addNewRUOverflowToolbarButton\"]"}
RESULT: {"using":"xpath","value":"//button[@data-kt=\"addNewRUOverflowToolbarButton\"]"}
COMMAND: POST /session/e61d66238098f0a5d55953d3b90d37e6/elements - {"using":"xpath","value":"//button[@data-kt=\"addNewRUOverflowToolbarButton\"]"}
RESULT: {"using":"xpath","value":"//button[@data-kt=\"addNewRUOverflowToolbarButton\"]"}
COMMAND: POST /session/e61d66238098f0a5d55953d3b90d37e6/elements - {"using":"xpath","value":"//button[@data-kt=\"addNewRUOverflowToolbarButton\"]"}
RESULT: {"using":"xpath","value":"//button[@data-kt=\"addNewRUOverflowToolbarButton\"]"}
COMMAND: POST /session/e61d66238098f0a5d55953d3b90d37e6/elements - {"using":"xpath","value":"//button[@data-kt=\"addNewRUOverflowToolbarButton\"]"}
RESULT: {"using":"xpath","value":"//button[@data-kt=\"addNewRUOverflowToolbarButton\"]"}
COMMAND: POST /session/e61d66238098f0a5d55953d3b90d37e6/elements - {"using":"xpath","value":"//button[@data-kt=\"addNewRUOverflowToolbarButton\"]"}
RESULT: {"using":"xpath","value":"//button[@data-kt=\"addNewRUOverflowToolbarButton\"]"}
COMMAND: POST /session/e61d66238098f0a5d55953d3b90d37e6/elements - {"using":"xpath","value":"//button[@data-kt=\"addNewRUOverflowToolbarButton\"]"}
RESULT: {"using":"xpath","value":"//button[@data-kt=\"addNewRUOverflowToolbarButton\"]"}
COMMAND: POST /session/e61d66238098f0a5d55953d3b90d37e6/elements - {"using":"xpath","value":"//button[@data-kt=\"addNewRUOverflowToolbarButton\"]"}
RESULT: {"using":"xpath","value":"//button[@data-kt=\"addNewRUOverflowToolbarButton\"]"}
COMMAND: POST /session/e61d66238098f0a5d55953d3b90d37e6/element - {"using":"xpath","value":"//button[@data-kt=\"addNewRUOverflowToolbarButton\"]"}
RESULT: {"using":"xpath","value":"//button[@data-kt=\"addNewRUOverflowToolbarButton\"]"}
COMMAND: POST /session/e61d66238098f0a5d55953d3b90d37e6/execute/sync - {"script":"<script> [8489 bytes]","args":[{"element-6066-11e4-a52e-4f735466cecf":"f.4CA2BB8DAA5DB34C3D6E0066B88761B9.d.6C0C93F2DAA33D6FB3CEDE23C8C3C389.e.7180","ELEMENT":"f.4CA2BB8DAA5DB34C3D6E0066B88761B9.d.6C0C93F2DAA33D6FB3CEDE23C8C3C389.e.7180"}]}
RESULT: {"script":"<script> [8489 bytes]","args":[{"element-6066-11e4-a52e-4f735466cecf":"f.4CA2BB8DAA5DB34C3D6E0066B88761B9.d.6C0C93F2DAA33D6FB3CEDE23C8C3C389.e.7180","ELEMENT":"f.4CA2BB8DAA5DB34C3D6E0066B88761B9.d.6C0C93F2DAA33D6FB3CEDE23C8C3C389.e.7180"}]}
COMMAND: GET /session/e61d66238098f0a5d55953d3b90d37e6/element/f.4CA2BB8DAA5DB34C3D6E0066B88761B9.d.6C0C93F2DAA33D6FB3CEDE23C8C3C389.e.7180/enabled - {}
COMMAND: GET /session/e61d66238098f0a5d55953d3b90d37e6/screenshot - {}
RESULT: {}
COMMAND: POST /session/e61d66238098f0a5d55953d3b90d37e6/execute/sync - {"script":"<script> [8489 bytes]","args":[{"element-6066-11e4-a52e-4f735466cecf":"f.4CA2BB8DAA5DB34C3D6E0066B88761B9.d.6C0C93F2DAA33D6FB3CEDE23C8C3C389.e.7180","ELEMENT":"f.4CA2BB8DAA5DB34C3D6E0066B88761B9.d.6C0C93F2DAA33D6FB3CEDE23C8C3C389.e.7180"}]}
COMMAND: GET /session/e61d66238098f0a5d55953d3b90d37e6/screenshot - {}
RESULT: {}
RESULT: {"script":"<script> [8489 bytes]","args":[{"element-6066-11e4-a52e-4f735466cecf":"f.4CA2BB8DAA5DB34C3D6E0066B88761B9.d.6C0C93F2DAA33D6FB3CEDE23C8C3C389.e.7180","ELEMENT":"f.4CA2BB8DAA5DB34C3D6E0066B88761B9.d.6C0C93F2DAA33D6FB3CEDE23C8C3C389.e.7180"}]}
COMMAND: POST /session/e61d66238098f0a5d55953d3b90d37e6/execute/sync - {"script":"<script> [5351 bytes]","args":[{"element-6066-11e4-a52e-4f735466cecf":"f.4CA2BB8DAA5DB34C3D6E0066B88761B9.d.6C0C93F2DAA33D6FB3CEDE23C8C3C389.e.7180","ELEMENT":"f.4CA2BB8DAA5DB34C3D6E0066B88761B9.d.6C0C93F2DAA33D6FB3CEDE23C8C3C389.e.7180"}]}
COMMAND: GET /session/e61d66238098f0a5d55953d3b90d37e6/screenshot - {}
RESULT: {}
RESULT: {"script":"<script> [5351 bytes]","args":[{"element-6066-11e4-a52e-4f735466cecf":"f.4CA2BB8DAA5DB34C3D6E0066B88761B9.d.6C0C93F2DAA33D6FB3CEDE23C8C3C389.e.7180","ELEMENT":"f.4CA2BB8DAA5DB34C3D6E0066B88761B9.d.6C0C93F2DAA33D6FB3CEDE23C8C3C389.e.7180"}]}
COMMAND: POST /session/e61d66238098f0a5d55953d3b90d37e6/element/f.4CA2BB8DAA5DB34C3D6E0066B88761B9.d.6C0C93F2DAA33D6FB3CEDE23C8C3C389.e.7180/click - {}
COMMAND: GET /session/e61d66238098f0a5d55953d3b90d37e6/screenshot - {}
RESULT: {}
RESULT: {}
COMMAND: GET /session/e61d66238098f0a5d55953d3b90d37e6/screenshot - {}
RESULT: {}
RESULT: {}
COMMAND: POST /session/e61d66238098f0a5d55953d3b90d37e6/execute/async - {"script":"<script> [1562 bytes]","args":[{"selector":{"id":"application-manageresources-display-component---newResourceUnit--TYPE-arrow"},"wdio_ui5_key":"applicationmanageresources-display-component---newResourceUnit--TYPE-arrow"}]}
RESULT: {"script":"<script> [1562 bytes]","args":[{"selector":{"id":"application-manageresources-display-component---newResourceUnit--TYPE-arrow"},"wdio_ui5_key":"applicationmanageresources-display-component---newResourceUnit--TYPE-arrow"}]}
RESULT: undefined
COMMAND: POST /session/e61d66238098f0a5d55953d3b90d37e6/element - {"using":"xpath","value":"//*[@id=\"application-manageresources-display-component---newResourceUnit--TYPE-arrow\"]"}
RESULT: {"using":"xpath","value":"//*[@id=\"application-manageresources-display-component---newResourceUnit--TYPE-arrow\"]"}
COMMAND: POST /session/e61d66238098f0a5d55953d3b90d37e6/element/f.4CA2BB8DAA5DB34C3D6E0066B88761B9.d.6C0C93F2DAA33D6FB3CEDE23C8C3C389.e.7543/click - {}
RESULT: {}
COMMAND: POST /session/e61d66238098f0a5d55953d3b90d37e6/element - {"using":"xpath","value":"//input[@id=\"application-manageresources-display-component---newResourceUnit--TYPE-inner\"]"}
COMMAND: GET /session/e61d66238098f0a5d55953d3b90d37e6/screenshot - {}
RESULT: {"using":"xpath","value":"//input[@id=\"application-manageresources-display-component---newResourceUnit--TYPE-inner\"]"}
COMMAND: POST /session/e61d66238098f0a5d55953d3b90d37e6/element/f.4CA2BB8DAA5DB34C3D6E0066B88761B9.d.6C0C93F2DAA33D6FB3CEDE23C8C3C389.e.7536/clear - {}
RESULT: {}
RESULT: {}
COMMAND: POST /session/e61d66238098f0a5d55953d3b90d37e6/element/f.4CA2BB8DAA5DB34C3D6E0066B88761B9.d.6C0C93F2DAA33D6FB3CEDE23C8C3C389.e.7536/value - {"text":"Equipment"}
COMMAND: GET /session/e61d66238098f0a5d55953d3b90d37e6/screenshot - {}
RESULT: {"text":"Equipment"}
COMMAND: GET /session/e61d66238098f0a5d55953d3b90d37e6/screenshot - {}
RESULT: {}
RESULT: {}
COMMAND: POST /session/e61d66238098f0a5d55953d3b90d37e6/actions - {"actions":[{"id":"action25","type":"key","parameters":{},"actions":[{"type":"keyDown","value":"î€‡"},{"type":"pause","duration":10},{"type":"keyUp","value":"î€‡"}]}]}
RESULT: {"actions":[{"id":"action25","type":"key","parameters":{},"actions":[{"type":"keyDown","value":"î€‡"},{"type":"pause","duration":10},{"type":"keyUp","value":"î€‡"}]}]}
COMMAND: POST /session/e61d66238098f0a5d55953d3b90d37e6/execute/async - {"script":"<script> [1562 bytes]","args":[{"selector":{"id":"application-manageresources-display-component---newResourceUnit--resourceId","interaction":{"idSuffix":"inner"}},"wdio_ui5_key":"applicationmanageresources-display-component---newResourceUnit--resourceId"}]}
COMMAND: GET /session/e61d66238098f0a5d55953d3b90d37e6/screenshot - {}
RESULT: {"script":"<script> [1562 bytes]","args":[{"selector":{"id":"application-manageresources-display-component---newResourceUnit--resourceId","interaction":{"idSuffix":"inner"}},"wdio_ui5_key":"applicationmanageresources-display-component---newResourceUnit--resourceId"}]}
RESULT: undefined
COMMAND: POST /session/e61d66238098f0a5d55953d3b90d37e6/execute/async - {"script":"<script> [776 bytes]","args":[{"enterText":"ydelvSQgnv","selector":{"id":"application-manageresources-display-component---newResourceUnit--resourceId","interaction":{"idSuffix":"inner"}},"clearTextFirst":true,"interactionType":"ENTER_TEXT"}]}
RESULT: {}
RESULT: {"script":"<script> [776 bytes]","args":[{"enterText":"ydelvSQgnv","selector":{"id":"application-manageresources-display-component---newResourceUnit--resourceId","interaction":{"idSuffix":"inner"}},"clearTextFirst":true,"interactionType":"ENTER_TEXT"}]}
COMMAND: POST /session/e61d66238098f0a5d55953d3b90d37e6/execute/async - {"script":"<script> [1562 bytes]","args":[{"selector":{"id":"application-manageresources-display-component---newResourceUnit--SHORT_TEXT","interaction":{"idSuffix":"inner"}},"wdio_ui5_key":"applicationmanageresources-display-component---newResourceUnit--SHORT_TEXT"}]}
RESULT: {"script":"<script> [1562 bytes]","args":[{"selector":{"id":"application-manageresources-display-component---newResourceUnit--SHORT_TEXT","interaction":{"idSuffix":"inner"}},"wdio_ui5_key":"applicationmanageresources-display-component---newResourceUnit--SHORT_TEXT"}]}
RESULT: undefined
COMMAND: POST /session/e61d66238098f0a5d55953d3b90d37e6/execute/async - {"script":"<script> [776 bytes]","args":[{"enterText":"Intercompany Equipment WDIO","selector":{"id":"application-manageresources-display-component---newResourceUnit--SHORT_TEXT","interaction":{"idSuffix":"inner"}},"clearTextFirst":true,"interactionType":"ENTER_TEXT"}]}
RESULT: {"script":"<script> [776 bytes]","args":[{"enterText":"Intercompany Equipment WDIO","selector":{"id":"application-manageresources-display-component---newResourceUnit--SHORT_TEXT","interaction":{"idSuffix":"inner"}},"clearTextFirst":true,"interactionType":"ENTER_TEXT"}]}
COMMAND: POST /session/e61d66238098f0a5d55953d3b90d37e6/execute/async - {"script":"<script> [1562 bytes]","args":[{"selector":{"id":"application-manageresources-display-component---newResourceUnit--BASE_UNIT_OF_MEASURE","interaction":{"idSuffix":"inner"}},"wdio_ui5_key":"applicationmanageresources-display-component---newResourceUnit--BASE_UNIT_OF_MEASURE"}]}
RESULT: {"script":"<script> [1562 bytes]","args":[{"selector":{"id":"application-manageresources-display-component---newResourceUnit--BASE_UNIT_OF_MEASURE","interaction":{"idSuffix":"inner"}},"wdio_ui5_key":"applicationmanageresources-display-component---newResourceUnit--BASE_UNIT_OF_MEASURE"}]}
RESULT: undefined
COMMAND: POST /session/e61d66238098f0a5d55953d3b90d37e6/execute/async - {"script":"<script> [776 bytes]","args":[{"enterText":"Piece","selector":{"id":"application-manageresources-display-component---newResourceUnit--BASE_UNIT_OF_MEASURE","interaction":{"idSuffix":"inner"}},"clearTextFirst":true,"interactionType":"ENTER_TEXT"}]}
RESULT: {"script":"<script> [776 bytes]","args":[{"enterText":"Piece","selector":{"id":"application-manageresources-display-component---newResourceUnit--BASE_UNIT_OF_MEASURE","interaction":{"idSuffix":"inner"}},"clearTextFirst":true,"interactionType":"ENTER_TEXT"}]}
COMMAND: POST /session/e61d66238098f0a5d55953d3b90d37e6/execute/async - {"script":"<script> [1562 bytes]","args":[{"selector":{"id":"application-manageresources-display-component---newResourceUnit--WEIGHT_UNIT","interaction":{"idSuffix":"inner"}},"wdio_ui5_key":"applicationmanageresources-display-component---newResourceUnit--WEIGHT_UNIT"}]}
RESULT: {"script":"<script> [1562 bytes]","args":[{"selector":{"id":"application-manageresources-display-component---newResourceUnit--WEIGHT_UNIT","interaction":{"idSuffix":"inner"}},"wdio_ui5_key":"applicationmanageresources-display-component---newResourceUnit--WEIGHT_UNIT"}]}
RESULT: undefined
COMMAND: POST /session/e61d66238098f0a5d55953d3b90d37e6/execute/async - {"script":"<script> [776 bytes]","args":[{"enterText":"Gram","selector":{"id":"application-manageresources-display-component---newResourceUnit--WEIGHT_UNIT","interaction":{"idSuffix":"inner"}},"clearTextFirst":true,"interactionType":"ENTER_TEXT"}]}
RESULT: {"script":"<script> [776 bytes]","args":[{"enterText":"Gram","selector":{"id":"application-manageresources-display-component---newResourceUnit--WEIGHT_UNIT","interaction":{"idSuffix":"inner"}},"clearTextFirst":true,"interactionType":"ENTER_TEXT"}]}
COMMAND: POST /session/e61d66238098f0a5d55953d3b90d37e6/execute/async - {"script":"<script> [1562 bytes]","args":[{"selector":{"id":"application-manageresources-display-component---newResourceUnit--DIMENSION_UNIT","interaction":{"idSuffix":"inner"}},"wdio_ui5_key":"applicationmanageresources-display-component---newResourceUnit--DIMENSION_UNIT"}]}
RESULT: {"script":"<script> [1562 bytes]","args":[{"selector":{"id":"application-manageresources-display-component---newResourceUnit--DIMENSION_UNIT","interaction":{"idSuffix":"inner"}},"wdio_ui5_key":"applicationmanageresources-display-component---newResourceUnit--DIMENSION_UNIT"}]}
RESULT: undefined
COMMAND: POST /session/e61d66238098f0a5d55953d3b90d37e6/execute/async - {"script":"<script> [776 bytes]","args":[{"enterText":"Meter","selector":{"id":"application-manageresources-display-component---newResourceUnit--DIMENSION_UNIT","interaction":{"idSuffix":"inner"}},"clearTextFirst":true,"interactionType":"ENTER_TEXT"}]}
RESULT: {"script":"<script> [776 bytes]","args":[{"enterText":"Meter","selector":{"id":"application-manageresources-display-component---newResourceUnit--DIMENSION_UNIT","interaction":{"idSuffix":"inner"}},"clearTextFirst":true,"interactionType":"ENTER_TEXT"}]}
COMMAND: POST /session/e61d66238098f0a5d55953d3b90d37e6/execute/async - {"script":"<script> [1562 bytes]","args":[{"selector":{"id":"application-manageresources-display-component---newResourceUnit--newRRUPage-anchBar-application-manageresources-display-component---newResourceUnit--control-anchor","interaction":{"idSuffix":"BDI-content"}},"wdio_ui5_key":"applicationmanageresources-display-component---newResourceUnit--newRRUPage-anchBar-application-manageresources-display-component---newResourceUnit--control-anchor"}]}
RESULT: {"script":"<script> [1562 bytes]","args":[{"selector":{"id":"application-manageresources-display-component---newResourceUnit--newRRUPage-anchBar-application-manageresources-display-component---newResourceUnit--control-anchor","interaction":{"idSuffix":"BDI-content"}},"wdio_ui5_key":"applicationmanageresources-display-component---newResourceUnit--newRRUPage-anchBar-application-manageresources-display-component---newResourceUnit--control-anchor"}]}
RESULT: undefined
COMMAND: POST /session/e61d66238098f0a5d55953d3b90d37e6/element - {"using":"xpath","value":"//*[@id=\"application-manageresources-display-component---newResourceUnit--newRRUPage-anchBar-application-manageresources-display-component---newResourceUnit--control-anchor\"]"}
RESULT: {"using":"xpath","value":"//*[@id=\"application-manageresources-display-component---newResourceUnit--newRRUPage-anchBar-application-manageresources-display-component---newResourceUnit--control-anchor\"]"}
COMMAND: POST /session/e61d66238098f0a5d55953d3b90d37e6/element/f.4CA2BB8DAA5DB34C3D6E0066B88761B9.d.6C0C93F2DAA33D6FB3CEDE23C8C3C389.e.7675/click - {}
RESULT: {}
COMMAND: POST /session/e61d66238098f0a5d55953d3b90d37e6/execute/async - {"script":"<script> [1562 bytes]","args":[{"selector":{"id":"application-manageresources-display-component---newResourceUnit--PLANNING_GROUP","interaction":{"idSuffix":"inner"}},"wdio_ui5_key":"applicationmanageresources-display-component---newResourceUnit--PLANNING_GROUP"}]}
COMMAND: GET /session/e61d66238098f0a5d55953d3b90d37e6/screenshot - {}
RESULT: {"script":"<script> [1562 bytes]","args":[{"selector":{"id":"application-manageresources-display-component---newResourceUnit--PLANNING_GROUP","interaction":{"idSuffix":"inner"}},"wdio_ui5_key":"applicationmanageresources-display-component---newResourceUnit--PLANNING_GROUP"}]}
RESULT: undefined
COMMAND: POST /session/e61d66238098f0a5d55953d3b90d37e6/execute/async - {"script":"<script> [776 bytes]","args":[{"enterText":"Heavy Equi","selector":{"id":"application-manageresources-display-component---newResourceUnit--PLANNING_GROUP","interaction":{"idSuffix":"inner"}},"clearTextFirst":true,"interactionType":"ENTER_TEXT"}]}
RESULT: {}
RESULT: {"script":"<script> [776 bytes]","args":[{"enterText":"Heavy Equi","selector":{"id":"application-manageresources-display-component---newResourceUnit--PLANNING_GROUP","interaction":{"idSuffix":"inner"}},"clearTextFirst":true,"interactionType":"ENTER_TEXT"}]}
COMMAND: POST /session/e61d66238098f0a5d55953d3b90d37e6/execute/async - {"script":"<script> [1562 bytes]","args":[{"selector":{"id":"application-manageresources-display-component---newResourceUnit--ITEM_TYPE-arrow"},"wdio_ui5_key":"applicationmanageresources-display-component---newResourceUnit--ITEM_TYPE-arrow"}]}
RESULT: {"script":"<script> [1562 bytes]","args":[{"selector":{"id":"application-manageresources-display-component---newResourceUnit--ITEM_TYPE-arrow"},"wdio_ui5_key":"applicationmanageresources-display-component---newResourceUnit--ITEM_TYPE-arrow"}]}
RESULT: undefined
COMMAND: POST /session/e61d66238098f0a5d55953d3b90d37e6/element - {"using":"xpath","value":"//*[@id=\"application-manageresources-display-component---newResourceUnit--ITEM_TYPE-arrow\"]"}
RESULT: {"using":"xpath","value":"//*[@id=\"application-manageresources-display-component---newResourceUnit--ITEM_TYPE-arrow\"]"}
COMMAND: POST /session/e61d66238098f0a5d55953d3b90d37e6/element/f.4CA2BB8DAA5DB34C3D6E0066B88761B9.d.6C0C93F2DAA33D6FB3CEDE23C8C3C389.e.7684/click - {}
RESULT: {}
COMMAND: POST /session/e61d66238098f0a5d55953d3b90d37e6/element - {"using":"xpath","value":"(//span[contains(text(), \"Resource Unit\")])[2]"}
COMMAND: GET /session/e61d66238098f0a5d55953d3b90d37e6/screenshot - {}
RESULT: {"using":"xpath","value":"(//span[contains(text(), \"Resource Unit\")])[2]"}
COMMAND: POST /session/e61d66238098f0a5d55953d3b90d37e6/element/f.4CA2BB8DAA5DB34C3D6E0066B88761B9.d.6C0C93F2DAA33D6FB3CEDE23C8C3C389.e.7685/click - {}
RESULT: {}
RESULT: {}
COMMAND: GET /session/e61d66238098f0a5d55953d3b90d37e6/screenshot - {}
RESULT: {}
COMMAND: POST /session/e61d66238098f0a5d55953d3b90d37e6/element - {"using":"css selector","value":"#application-manageresources-display-component---newResourceUnit--btnAddTimeSegment"}
RESULT: {"using":"css selector","value":"#application-manageresources-display-component---newResourceUnit--btnAddTimeSegment"}
COMMAND: GET /session/e61d66238098f0a5d55953d3b90d37e6/element/f.4CA2BB8DAA5DB34C3D6E0066B88761B9.d.6C0C93F2DAA33D6FB3CEDE23C8C3C389.e.7686/rect - {}
RESULT: {}
COMMAND: GET /session/e61d66238098f0a5d55953d3b90d37e6/window/rect - {}
RESULT: {}
COMMAND: POST /session/e61d66238098f0a5d55953d3b90d37e6/execute/sync - {"script":"<script> [92 bytes]","args":[]}
RESULT: {"script":"<script> [92 bytes]","args":[]}
COMMAND: POST /session/e61d66238098f0a5d55953d3b90d37e6/actions - {"actions":[{"id":"action26","type":"wheel","parameters":{},"actions":[{"type":"scroll","x":-1888,"y":-32,"deltaX":0,"deltaY":0,"duration":0,"origin":{"element-6066-11e4-a52e-4f735466cecf":"f.4CA2BB8DAA5DB34C3D6E0066B88761B9.d.6C0C93F2DAA33D6FB3CEDE23C8C3C389.e.7686"}}]}]}
COMMAND: GET /session/e61d66238098f0a5d55953d3b90d37e6/screenshot - {}
RESULT: {}
COMMAND: POST /session/e61d66238098f0a5d55953d3b90d37e6/execute/sync - {"script":"<script> [79 bytes]","args":[{"element-6066-11e4-a52e-4f735466cecf":"f.4CA2BB8DAA5DB34C3D6E0066B88761B9.d.6C0C93F2DAA33D6FB3CEDE23C8C3C389.e.7686","ELEMENT":"f.4CA2BB8DAA5DB34C3D6E0066B88761B9.d.6C0C93F2DAA33D6FB3CEDE23C8C3C389.e.7686"},{"block":"start","inline":"nearest"}]}
RESULT: {"script":"<script> [79 bytes]","args":[{"element-6066-11e4-a52e-4f735466cecf":"f.4CA2BB8DAA5DB34C3D6E0066B88761B9.d.6C0C93F2DAA33D6FB3CEDE23C8C3C389.e.7686","ELEMENT":"f.4CA2BB8DAA5DB34C3D6E0066B88761B9.d.6C0C93F2DAA33D6FB3CEDE23C8C3C389.e.7686"},{"block":"start","inline":"nearest"}]}
COMMAND: POST /session/e61d66238098f0a5d55953d3b90d37e6/execute/async - {"script":"<script> [1562 bytes]","args":[{"selector":{"id":"application-manageresources-display-component---newResourceUnit--btnAddTimeSegment","interaction":{"idSuffix":"inner"}},"wdio_ui5_key":"applicationmanageresources-display-component---newResourceUnit--btnAddTimeSegment"}]}
COMMAND: GET /session/e61d66238098f0a5d55953d3b90d37e6/screenshot - {}
RESULT: {"script":"<script> [1562 bytes]","args":[{"selector":{"id":"application-manageresources-display-component---newResourceUnit--btnAddTimeSegment","interaction":{"idSuffix":"inner"}},"wdio_ui5_key":"applicationmanageresources-display-component---newResourceUnit--btnAddTimeSegment"}]}
RESULT: undefined
COMMAND: POST /session/e61d66238098f0a5d55953d3b90d37e6/element - {"using":"xpath","value":"//*[@id=\"application-manageresources-display-component---newResourceUnit--btnAddTimeSegment\"]"}
RESULT: {}
RESULT: {"using":"xpath","value":"//*[@id=\"application-manageresources-display-component---newResourceUnit--btnAddTimeSegment\"]"}
COMMAND: POST /session/e61d66238098f0a5d55953d3b90d37e6/element/f.4CA2BB8DAA5DB34C3D6E0066B88761B9.d.6C0C93F2DAA33D6FB3CEDE23C8C3C389.e.7686/click - {}
RESULT: {}
COMMAND: GET /session/e61d66238098f0a5d55953d3b90d37e6/screenshot - {}
RESULT: {}
COMMAND: POST /session/e61d66238098f0a5d55953d3b90d37e6/element - {"using":"xpath","value":"//input[@id=\"application-manageresources-display-component---newResourceUnit--idRuTSAdmin-application-manageresources-display-component---newResourceUnit--RUTimeSegment-0-inner\"]"}
RESULT: {"using":"xpath","value":"//input[@id=\"application-manageresources-display-component---newResourceUnit--idRuTSAdmin-application-manageresources-display-component---newResourceUnit--RUTimeSegment-0-inner\"]"}
COMMAND: POST /session/e61d66238098f0a5d55953d3b90d37e6/element/f.4CA2BB8DAA5DB34C3D6E0066B88761B9.d.6C0C93F2DAA33D6FB3CEDE23C8C3C389.e.7692/clear - {}
RESULT: {}
COMMAND: POST /session/e61d66238098f0a5d55953d3b90d37e6/element/f.4CA2BB8DAA5DB34C3D6E0066B88761B9.d.6C0C93F2DAA33D6FB3CEDE23C8C3C389.e.7692/value - {"text":"481"}
COMMAND: GET /session/e61d66238098f0a5d55953d3b90d37e6/screenshot - {}
RESULT: {"text":"481"}
COMMAND: GET /session/e61d66238098f0a5d55953d3b90d37e6/screenshot - {}
RESULT: {}
RESULT: {}
COMMAND: POST /session/e61d66238098f0a5d55953d3b90d37e6/element - {"using":"xpath","value":"//li[.//span[text()='481']]"}
RESULT: {"using":"xpath","value":"//li[.//span[text()='481']]"}
COMMAND: POST /session/e61d66238098f0a5d55953d3b90d37e6/element/f.4CA2BB8DAA5DB34C3D6E0066B88761B9.d.6C0C93F2DAA33D6FB3CEDE23C8C3C389.e.7705/click - {}
RESULT: {}
COMMAND: GET /session/e61d66238098f0a5d55953d3b90d37e6/screenshot - {}
RESULT: {}
COMMAND: POST /session/e61d66238098f0a5d55953d3b90d37e6/element - {"using":"xpath","value":"(//span[contains(@id, \"-application-manageresources-display-component---newResourceUnit--RUTimeSegment-0-arrow\")])[6]"}
RESULT: {"using":"xpath","value":"(//span[contains(@id, \"-application-manageresources-display-component---newResourceUnit--RUTimeSegment-0-arrow\")])[6]"}
COMMAND: POST /session/e61d66238098f0a5d55953d3b90d37e6/element/f.4CA2BB8DAA5DB34C3D6E0066B88761B9.d.6C0C93F2DAA33D6FB3CEDE23C8C3C389.e.7706/click - {}
RESULT: {}
COMMAND: GET /session/e61d66238098f0a5d55953d3b90d37e6/screenshot - {}
RESULT: {}
COMMAND: POST /session/e61d66238098f0a5d55953d3b90d37e6/element - {"using":"xpath","value":"//span[contains(text(), \"PM Order\")]"}
RESULT: {"using":"xpath","value":"//span[contains(text(), \"PM Order\")]"}
COMMAND: POST /session/e61d66238098f0a5d55953d3b90d37e6/element/f.4CA2BB8DAA5DB34C3D6E0066B88761B9.d.6C0C93F2DAA33D6FB3CEDE23C8C3C389.e.7709/click - {}
RESULT: {}
COMMAND: GET /session/e61d66238098f0a5d55953d3b90d37e6/screenshot - {}
RESULT: {}
COMMAND: POST /session/e61d66238098f0a5d55953d3b90d37e6/element - {"using":"xpath","value":"(//span[contains(@id ,\"manageresources-display-component---newResourceUnit--RUTimeSegment-0-vhi\")])[1]"}
RESULT: {"using":"xpath","value":"(//span[contains(@id ,\"manageresources-display-component---newResourceUnit--RUTimeSegment-0-vhi\")])[1]"}
COMMAND: GET /session/e61d66238098f0a5d55953d3b90d37e6/element/f.4CA2BB8DAA5DB34C3D6E0066B88761B9.d.6C0C93F2DAA33D6FB3CEDE23C8C3C389.e.7713/rect - {}
RESULT: {}
COMMAND: GET /session/e61d66238098f0a5d55953d3b90d37e6/window/rect - {}
RESULT: {}
COMMAND: POST /session/e61d66238098f0a5d55953d3b90d37e6/execute/sync - {"script":"<script> [92 bytes]","args":[]}
RESULT: {"script":"<script> [92 bytes]","args":[]}
COMMAND: POST /session/e61d66238098f0a5d55953d3b90d37e6/actions - {"actions":[{"id":"action27","type":"wheel","parameters":{},"actions":[{"type":"scroll","x":-869,"y":-24,"deltaX":0,"deltaY":0,"duration":0,"origin":{"element-6066-11e4-a52e-4f735466cecf":"f.4CA2BB8DAA5DB34C3D6E0066B88761B9.d.6C0C93F2DAA33D6FB3CEDE23C8C3C389.e.7713"}}]}]}
COMMAND: GET /session/e61d66238098f0a5d55953d3b90d37e6/screenshot - {}
RESULT: {"actions":[{"id":"action27","type":"wheel","parameters":{},"actions":[{"type":"scroll","x":-869,"y":-24,"deltaX":0,"deltaY":0,"duration":0,"origin":{"element-6066-11e4-a52e-4f735466cecf":"f.4CA2BB8DAA5DB34C3D6E0066B88761B9.d.6C0C93F2DAA33D6FB3CEDE23C8C3C389.e.7713"}}]}]}
COMMAND: DELETE /session/e61d66238098f0a5d55953d3b90d37e6/actions - {}
COMMAND: GET /session/e61d66238098f0a5d55953d3b90d37e6/screenshot - {}
RESULT: {}
RESULT: {}
COMMAND: GET /session/e61d66238098f0a5d55953d3b90d37e6/screenshot - {}
RESULT: {}
RESULT: {}
COMMAND: POST /session/e61d66238098f0a5d55953d3b90d37e6/element/f.4CA2BB8DAA5DB34C3D6E0066B88761B9.d.6C0C93F2DAA33D6FB3CEDE23C8C3C389.e.7713/click - {}
RESULT: {}
COMMAND: GET /session/e61d66238098f0a5d55953d3b90d37e6/screenshot - {}
RESULT: {}
COMMAND: POST /session/e61d66238098f0a5d55953d3b90d37e6/execute/async - {"script":"<script> [1562 bytes]","args":[{"selector":{"controlType":"sap.m.SearchField","properties":{"placeholder":"Search"},"searchOpenDialogs":true,"interaction":{"idSuffix":"I"}},"wdio_ui5_key":"sapm.SearchField{\"placeholder\":\"Search\"}"}]}
RESULT: {"script":"<script> [1562 bytes]","args":[{"selector":{"controlType":"sap.m.SearchField","properties":{"placeholder":"Search"},"searchOpenDialogs":true,"interaction":{"idSuffix":"I"}},"wdio_ui5_key":"sapm.SearchField{\"placeholder\":\"Search\"}"}]}
RESULT: undefined
COMMAND: POST /session/e61d66238098f0a5d55953d3b90d37e6/execute/async - {"script":"<script> [776 bytes]","args":[{"enterText":"4000360","selector":{"controlType":"sap.m.SearchField","properties":{"placeholder":"Search"},"searchOpenDialogs":true,"interaction":{"idSuffix":"I"}},"clearTextFirst":true,"interactionType":"ENTER_TEXT"}]}
RESULT: {"script":"<script> [776 bytes]","args":[{"enterText":"4000360","selector":{"controlType":"sap.m.SearchField","properties":{"placeholder":"Search"},"searchOpenDialogs":true,"interaction":{"idSuffix":"I"}},"clearTextFirst":true,"interactionType":"ENTER_TEXT"}]}
COMMAND: POST /session/e61d66238098f0a5d55953d3b90d37e6/actions - {"actions":[{"id":"action28","type":"key","parameters":{},"actions":[{"type":"keyDown","value":"î€‡"},{"type":"pause","duration":10},{"type":"keyUp","value":"î€‡"}]}]}
RESULT: {"actions":[{"id":"action28","type":"key","parameters":{},"actions":[{"type":"keyDown","value":"î€‡"},{"type":"pause","duration":10},{"type":"keyUp","value":"î€‡"}]}]}
COMMAND: GET /session/e61d66238098f0a5d55953d3b90d37e6/screenshot - {}
RESULT: {}
COMMAND: POST /session/e61d66238098f0a5d55953d3b90d37e6/element - {"using":"xpath","value":"//td/div/span[contains(text(), \"BGL Vehicles\")]"}
RESULT: {"using":"xpath","value":"//td/div/span[contains(text(), \"BGL Vehicles\")]"}
COMMAND: POST /session/e61d66238098f0a5d55953d3b90d37e6/element/f.4CA2BB8DAA5DB34C3D6E0066B88761B9.d.6C0C93F2DAA33D6FB3CEDE23C8C3C389.e.7735/click - {}
RESULT: {}
COMMAND: GET /session/e61d66238098f0a5d55953d3b90d37e6/screenshot - {}
RESULT: {}
COMMAND: POST /session/e61d66238098f0a5d55953d3b90d37e6/element - {"using":"xpath","value":"//bdi[contains(text(), \"OK\")]"}
RESULT: {"using":"xpath","value":"//bdi[contains(text(), \"OK\")]"}
COMMAND: POST /session/e61d66238098f0a5d55953d3b90d37e6/element/f.4CA2BB8DAA5DB34C3D6E0066B88761B9.d.6C0C93F2DAA33D6FB3CEDE23C8C3C389.e.7736/click - {}
RESULT: {}
COMMAND: GET /session/e61d66238098f0a5d55953d3b90d37e6/screenshot - {}
RESULT: {}
COMMAND: POST /session/e61d66238098f0a5d55953d3b90d37e6/execute/async - {"script":"<script> [1562 bytes]","args":[{"selector":{"id":"application-manageresources-display-component---newResourceUnit--newRRUPage-anchBar-application-manageresources-display-component---newResourceUnit--resource-anchor","interaction":{"idSuffix":"BDI-content"}},"wdio_ui5_key":"applicationmanageresources-display-component---newResourceUnit--newRRUPage-anchBar-application-manageresources-display-component---newResourceUnit--resource-anchor"}]}
RESULT: {"script":"<script> [1562 bytes]","args":[{"selector":{"id":"application-manageresources-display-component---newResourceUnit--newRRUPage-anchBar-application-manageresources-display-component---newResourceUnit--resource-anchor","interaction":{"idSuffix":"BDI-content"}},"wdio_ui5_key":"applicationmanageresources-display-component---newResourceUnit--newRRUPage-anchBar-application-manageresources-display-component---newResourceUnit--resource-anchor"}]}
RESULT: undefined
COMMAND: POST /session/e61d66238098f0a5d55953d3b90d37e6/element - {"using":"xpath","value":"//*[@id=\"application-manageresources-display-component---newResourceUnit--newRRUPage-anchBar-application-manageresources-display-component---newResourceUnit--resource-anchor\"]"}
RESULT: {"using":"xpath","value":"//*[@id=\"application-manageresources-display-component---newResourceUnit--newRRUPage-anchBar-application-manageresources-display-component---newResourceUnit--resource-anchor\"]"}
COMMAND: POST /session/e61d66238098f0a5d55953d3b90d37e6/element/f.4CA2BB8DAA5DB34C3D6E0066B88761B9.d.6C0C93F2DAA33D6FB3CEDE23C8C3C389.e.7740/click - {}
RESULT: {}
COMMAND: POST /session/e61d66238098f0a5d55953d3b90d37e6/execute/async - {"script":"<script> [1562 bytes]","args":[{"selector":{"id":"application-manageresources-display-component---newResourceUnit--PLANNED_DELIVERY_DATE","interaction":{"idSuffix":"inner"}},"wdio_ui5_key":"applicationmanageresources-display-component---newResourceUnit--PLANNED_DELIVERY_DATE"}]}
COMMAND: GET /session/e61d66238098f0a5d55953d3b90d37e6/screenshot - {}
RESULT: {"script":"<script> [1562 bytes]","args":[{"selector":{"id":"application-manageresources-display-component---newResourceUnit--PLANNED_DELIVERY_DATE","interaction":{"idSuffix":"inner"}},"wdio_ui5_key":"applicationmanageresources-display-component---newResourceUnit--PLANNED_DELIVERY_DATE"}]}
RESULT: undefined
COMMAND: POST /session/e61d66238098f0a5d55953d3b90d37e6/execute/async - {"script":"<script> [6424 bytes]","args":[{"element-6066-11e4-a52e-4f735466cecf":"f.4CA2BB8DAA5DB34C3D6E0066B88761B9.d.6C0C93F2DAA33D6FB3CEDE23C8C3C389.e.7600"},"setValue",["5/16/25"]]}
RESULT: {}
RESULT: {"script":"<script> [6424 bytes]","args":[{"element-6066-11e4-a52e-4f735466cecf":"f.4CA2BB8DAA5DB34C3D6E0066B88761B9.d.6C0C93F2DAA33D6FB3CEDE23C8C3C389.e.7600"},"setValue",["5/16/25"]]}
COMMAND: POST /session/e61d66238098f0a5d55953d3b90d37e6/element - {"using":"xpath","value":"//label[contains(@class, 'sapMLabelRequired') and .//bdi[contains(text(), 'Planned Retirement')]]"}
RESULT: {"using":"xpath","value":"//label[contains(@class, 'sapMLabelRequired') and .//bdi[contains(text(), 'Planned Retirement')]]"}
COMMAND: POST /session/e61d66238098f0a5d55953d3b90d37e6/elements - {"using":"xpath","value":"//label[contains(@class, 'sapMLabelRequired') and .//bdi[contains(text(), 'Planned Retirement')]]"}
RESULT: {"using":"xpath","value":"//label[contains(@class, 'sapMLabelRequired') and .//bdi[contains(text(), 'Planned Retirement')]]"}
COMMAND: POST /session/e61d66238098f0a5d55953d3b90d37e6/element - {"using":"xpath","value":"//button[@data-kt=\"resourceUnitSaveButton\"]"}
RESULT: {"using":"xpath","value":"//button[@data-kt=\"resourceUnitSaveButton\"]"}
COMMAND: POST /session/e61d66238098f0a5d55953d3b90d37e6/element/f.4CA2BB8DAA5DB34C3D6E0066B88761B9.d.6C0C93F2DAA33D6FB3CEDE23C8C3C389.e.7561/click - {}
RESULT: {}
COMMAND: GET /session/e61d66238098f0a5d55953d3b90d37e6/screenshot - {}
RESULT: {}
COMMAND: POST /session/e61d66238098f0a5d55953d3b90d37e6/element - {"using":"xpath","value":"//bdi[contains(text(), \"Close\")]"}
RESULT: {"using":"xpath","value":"//bdi[contains(text(), \"Close\")]"}
COMMAND: POST /session/e61d66238098f0a5d55953d3b90d37e6/element/f.4CA2BB8DAA5DB34C3D6E0066B88761B9.d.6C0C93F2DAA33D6FB3CEDE23C8C3C389.e.7748/click - {}
RESULT: {}
COMMAND: GET /session/e61d66238098f0a5d55953d3b90d37e6/screenshot - {}
RESULT: {}
COMMAND: POST /session/e61d66238098f0a5d55953d3b90d37e6/element - {"using":"xpath","value":"(//button[contains(@id ,\"actionsToolbar-overflowButton\")])[1]"}
RESULT: {"using":"xpath","value":"(//button[contains(@id ,\"actionsToolbar-overflowButton\")])[1]"}
COMMAND: POST /session/e61d66238098f0a5d55953d3b90d37e6/element/f.4CA2BB8DAA5DB34C3D6E0066B88761B9.d.6C0C93F2DAA33D6FB3CEDE23C8C3C389.e.7780/click - {}
RESULT: {}
COMMAND: GET /session/e61d66238098f0a5d55953d3b90d37e6/screenshot - {}
RESULT: {}
COMMAND: POST /session/e61d66238098f0a5d55953d3b90d37e6/element - {"using":"xpath","value":"//button[@data-kt=\"priceInfoButton\"]"}
RESULT: {"using":"xpath","value":"//button[@data-kt=\"priceInfoButton\"]"}
COMMAND: POST /session/e61d66238098f0a5d55953d3b90d37e6/element/f.4CA2BB8DAA5DB34C3D6E0066B88761B9.d.6C0C93F2DAA33D6FB3CEDE23C8C3C389.e.7782/click - {}
RESULT: {}
COMMAND: GET /session/e61d66238098f0a5d55953d3b90d37e6/screenshot - {}
RESULT: {}
]]></system-out>
    </testcase>
    <testcase classname="chrome.136_0_7103_93.windows.Billing_transfer_US117289" name="Should create new pricing rule" time="56.367">
      <system-out><![CDATA[
COMMAND: POST /session/e61d66238098f0a5d55953d3b90d37e6/element - {"using":"xpath","value":"//button[@data-kt=\"addButton\"]"}
RESULT: {"using":"xpath","value":"//button[@data-kt=\"addButton\"]"}
COMMAND: POST /session/e61d66238098f0a5d55953d3b90d37e6/elements - {"using":"xpath","value":"//button[@data-kt=\"addButton\"]"}
RESULT: {"using":"xpath","value":"//button[@data-kt=\"addButton\"]"}
COMMAND: POST /session/e61d66238098f0a5d55953d3b90d37e6/elements - {"using":"xpath","value":"//button[@data-kt=\"addButton\"]"}
RESULT: {"using":"xpath","value":"//button[@data-kt=\"addButton\"]"}
COMMAND: POST /session/e61d66238098f0a5d55953d3b90d37e6/element - {"using":"xpath","value":"//button[@data-kt=\"addButton\"]"}
RESULT: {"using":"xpath","value":"//button[@data-kt=\"addButton\"]"}
COMMAND: POST /session/e61d66238098f0a5d55953d3b90d37e6/execute/sync - {"script":"<script> [8489 bytes]","args":[{"element-6066-11e4-a52e-4f735466cecf":"f.4CA2BB8DAA5DB34C3D6E0066B88761B9.d.6C0C93F2DAA33D6FB3CEDE23C8C3C389.e.7818","ELEMENT":"f.4CA2BB8DAA5DB34C3D6E0066B88761B9.d.6C0C93F2DAA33D6FB3CEDE23C8C3C389.e.7818"}]}
RESULT: {"script":"<script> [8489 bytes]","args":[{"element-6066-11e4-a52e-4f735466cecf":"f.4CA2BB8DAA5DB34C3D6E0066B88761B9.d.6C0C93F2DAA33D6FB3CEDE23C8C3C389.e.7818","ELEMENT":"f.4CA2BB8DAA5DB34C3D6E0066B88761B9.d.6C0C93F2DAA33D6FB3CEDE23C8C3C389.e.7818"}]}
COMMAND: GET /session/e61d66238098f0a5d55953d3b90d37e6/element/f.4CA2BB8DAA5DB34C3D6E0066B88761B9.d.6C0C93F2DAA33D6FB3CEDE23C8C3C389.e.7818/enabled - {}
COMMAND: GET /session/e61d66238098f0a5d55953d3b90d37e6/screenshot - {}
RESULT: {}
COMMAND: POST /session/e61d66238098f0a5d55953d3b90d37e6/execute/sync - {"script":"<script> [8489 bytes]","args":[{"element-6066-11e4-a52e-4f735466cecf":"f.4CA2BB8DAA5DB34C3D6E0066B88761B9.d.6C0C93F2DAA33D6FB3CEDE23C8C3C389.e.7818","ELEMENT":"f.4CA2BB8DAA5DB34C3D6E0066B88761B9.d.6C0C93F2DAA33D6FB3CEDE23C8C3C389.e.7818"}]}
COMMAND: GET /session/e61d66238098f0a5d55953d3b90d37e6/screenshot - {}
RESULT: {}
RESULT: {"script":"<script> [8489 bytes]","args":[{"element-6066-11e4-a52e-4f735466cecf":"f.4CA2BB8DAA5DB34C3D6E0066B88761B9.d.6C0C93F2DAA33D6FB3CEDE23C8C3C389.e.7818","ELEMENT":"f.4CA2BB8DAA5DB34C3D6E0066B88761B9.d.6C0C93F2DAA33D6FB3CEDE23C8C3C389.e.7818"}]}
COMMAND: POST /session/e61d66238098f0a5d55953d3b90d37e6/execute/sync - {"script":"<script> [5351 bytes]","args":[{"element-6066-11e4-a52e-4f735466cecf":"f.4CA2BB8DAA5DB34C3D6E0066B88761B9.d.6C0C93F2DAA33D6FB3CEDE23C8C3C389.e.7818","ELEMENT":"f.4CA2BB8DAA5DB34C3D6E0066B88761B9.d.6C0C93F2DAA33D6FB3CEDE23C8C3C389.e.7818"}]}
COMMAND: GET /session/e61d66238098f0a5d55953d3b90d37e6/screenshot - {}
RESULT: {}
RESULT: {"script":"<script> [5351 bytes]","args":[{"element-6066-11e4-a52e-4f735466cecf":"f.4CA2BB8DAA5DB34C3D6E0066B88761B9.d.6C0C93F2DAA33D6FB3CEDE23C8C3C389.e.7818","ELEMENT":"f.4CA2BB8DAA5DB34C3D6E0066B88761B9.d.6C0C93F2DAA33D6FB3CEDE23C8C3C389.e.7818"}]}
COMMAND: POST /session/e61d66238098f0a5d55953d3b90d37e6/element/f.4CA2BB8DAA5DB34C3D6E0066B88761B9.d.6C0C93F2DAA33D6FB3CEDE23C8C3C389.e.7818/click - {}
COMMAND: GET /session/e61d66238098f0a5d55953d3b90d37e6/screenshot - {}
RESULT: {}
RESULT: {}
COMMAND: GET /session/e61d66238098f0a5d55953d3b90d37e6/screenshot - {}
RESULT: {}
RESULT: {}
COMMAND: POST /session/e61d66238098f0a5d55953d3b90d37e6/execute/async - {"script":"<script> [1562 bytes]","args":[{"selector":{"controlType":"sap.m.Title","viewName":"etm.portal.ui.managepricingrules.view.NewItem","viewId":"application-managepricingrules-display-component---newInfoPriceItem","properties":{"text":"New Pricing Rules - Item Level"}},"wdio_ui5_key":"etmportal.ui.managepricingrules.view.NewItemsap.m.Title{\"text\":\"New Pricing Rules - Item Level\"}"}]}
RESULT: {"script":"<script> [1562 bytes]","args":[{"selector":{"controlType":"sap.m.Title","viewName":"etm.portal.ui.managepricingrules.view.NewItem","viewId":"application-managepricingrules-display-component---newInfoPriceItem","properties":{"text":"New Pricing Rules - Item Level"}},"wdio_ui5_key":"etmportal.ui.managepricingrules.view.NewItemsap.m.Title{\"text\":\"New Pricing Rules - Item Level\"}"}]}
RESULT: undefined
COMMAND: POST /session/e61d66238098f0a5d55953d3b90d37e6/execute/async - {"script":"<script> [6424 bytes]","args":[{"element-6066-11e4-a52e-4f735466cecf":"f.4CA2BB8DAA5DB34C3D6E0066B88761B9.d.6C0C93F2DAA33D6FB3CEDE23C8C3C389.e.7981"},"getText",[]]}
RESULT: {"script":"<script> [6424 bytes]","args":[{"element-6066-11e4-a52e-4f735466cecf":"f.4CA2BB8DAA5DB34C3D6E0066B88761B9.d.6C0C93F2DAA33D6FB3CEDE23C8C3C389.e.7981"},"getText",[]]}
COMMAND: POST /session/e61d66238098f0a5d55953d3b90d37e6/execute/async - {"script":"<script> [1562 bytes]","args":[{"selector":{"id":"application-managepricingrules-display-component---newInfoPriceItem--condValidTo","interaction":{"idSuffix":"inner"}},"wdio_ui5_key":"applicationmanagepricingrules-display-component---newInfoPriceItem--condValidTo"}]}
RESULT: {"script":"<script> [1562 bytes]","args":[{"selector":{"id":"application-managepricingrules-display-component---newInfoPriceItem--condValidTo","interaction":{"idSuffix":"inner"}},"wdio_ui5_key":"applicationmanagepricingrules-display-component---newInfoPriceItem--condValidTo"}]}
RESULT: undefined
COMMAND: POST /session/e61d66238098f0a5d55953d3b90d37e6/execute/async - {"script":"<script> [776 bytes]","args":[{"enterText":"1/16/26","selector":{"id":"application-managepricingrules-display-component---newInfoPriceItem--condValidTo","interaction":{"idSuffix":"inner"}},"clearTextFirst":true,"interactionType":"ENTER_TEXT"}]}
RESULT: {"script":"<script> [776 bytes]","args":[{"enterText":"1/16/26","selector":{"id":"application-managepricingrules-display-component---newInfoPriceItem--condValidTo","interaction":{"idSuffix":"inner"}},"clearTextFirst":true,"interactionType":"ENTER_TEXT"}]}
COMMAND: POST /session/e61d66238098f0a5d55953d3b90d37e6/execute/async - {"script":"<script> [1562 bytes]","args":[{"selector":{"id":"application-managepricingrules-display-component---newInfoPriceItem--billType-arrow"},"wdio_ui5_key":"applicationmanagepricingrules-display-component---newInfoPriceItem--billType-arrow"}]}
RESULT: {"script":"<script> [1562 bytes]","args":[{"selector":{"id":"application-managepricingrules-display-component---newInfoPriceItem--billType-arrow"},"wdio_ui5_key":"applicationmanagepricingrules-display-component---newInfoPriceItem--billType-arrow"}]}
RESULT: undefined
COMMAND: POST /session/e61d66238098f0a5d55953d3b90d37e6/element - {"using":"xpath","value":"//*[@id=\"application-managepricingrules-display-component---newInfoPriceItem--billType-arrow\"]"}
RESULT: {"using":"xpath","value":"//*[@id=\"application-managepricingrules-display-component---newInfoPriceItem--billType-arrow\"]"}
COMMAND: POST /session/e61d66238098f0a5d55953d3b90d37e6/element/f.4CA2BB8DAA5DB34C3D6E0066B88761B9.d.6C0C93F2DAA33D6FB3CEDE23C8C3C389.e.7983/click - {}
RESULT: {}
COMMAND: POST /session/e61d66238098f0a5d55953d3b90d37e6/element - {"using":"xpath","value":"//span[contains(text(), \"TB - Time based\")]"}
COMMAND: GET /session/e61d66238098f0a5d55953d3b90d37e6/screenshot - {}
RESULT: {"using":"xpath","value":"//span[contains(text(), \"TB - Time based\")]"}
COMMAND: POST /session/e61d66238098f0a5d55953d3b90d37e6/element/f.4CA2BB8DAA5DB34C3D6E0066B88761B9.d.6C0C93F2DAA33D6FB3CEDE23C8C3C389.e.7984/click - {}
RESULT: {}
RESULT: {}
COMMAND: POST /session/e61d66238098f0a5d55953d3b90d37e6/execute/async - {"script":"<script> [1562 bytes]","args":[{"selector":{"id":"application-managepricingrules-display-component---newInfoPriceItem--priceProc-arrow"},"wdio_ui5_key":"applicationmanagepricingrules-display-component---newInfoPriceItem--priceProc-arrow"}]}
COMMAND: GET /session/e61d66238098f0a5d55953d3b90d37e6/screenshot - {}
RESULT: {"script":"<script> [1562 bytes]","args":[{"selector":{"id":"application-managepricingrules-display-component---newInfoPriceItem--priceProc-arrow"},"wdio_ui5_key":"applicationmanagepricingrules-display-component---newInfoPriceItem--priceProc-arrow"}]}
RESULT: undefined
COMMAND: POST /session/e61d66238098f0a5d55953d3b90d37e6/element - {"using":"xpath","value":"//*[@id=\"application-managepricingrules-display-component---newInfoPriceItem--priceProc-arrow\"]"}
RESULT: {}
RESULT: {"using":"xpath","value":"//*[@id=\"application-managepricingrules-display-component---newInfoPriceItem--priceProc-arrow\"]"}
COMMAND: POST /session/e61d66238098f0a5d55953d3b90d37e6/element/f.4CA2BB8DAA5DB34C3D6E0066B88761B9.d.6C0C93F2DAA33D6FB3CEDE23C8C3C389.e.7947/click - {}
RESULT: {}
COMMAND: POST /session/e61d66238098f0a5d55953d3b90d37e6/element - {"using":"xpath","value":"//span[contains(text(), \"TBS - Time based standard\")]"}
COMMAND: GET /session/e61d66238098f0a5d55953d3b90d37e6/screenshot - {}
RESULT: {"using":"xpath","value":"//span[contains(text(), \"TBS - Time based standard\")]"}
COMMAND: POST /session/e61d66238098f0a5d55953d3b90d37e6/element/f.4CA2BB8DAA5DB34C3D6E0066B88761B9.d.6C0C93F2DAA33D6FB3CEDE23C8C3C389.e.7985/click - {}
RESULT: {}
RESULT: {}
COMMAND: POST /session/e61d66238098f0a5d55953d3b90d37e6/execute/async - {"script":"<script> [1562 bytes]","args":[{"selector":{"id":"application-managepricingrules-display-component---newInfoPriceItem--calcBase-arrow"},"wdio_ui5_key":"applicationmanagepricingrules-display-component---newInfoPriceItem--calcBase-arrow"}]}
COMMAND: GET /session/e61d66238098f0a5d55953d3b90d37e6/screenshot - {}
RESULT: {"script":"<script> [1562 bytes]","args":[{"selector":{"id":"application-managepricingrules-display-component---newInfoPriceItem--calcBase-arrow"},"wdio_ui5_key":"applicationmanagepricingrules-display-component---newInfoPriceItem--calcBase-arrow"}]}
RESULT: undefined
COMMAND: POST /session/e61d66238098f0a5d55953d3b90d37e6/element - {"using":"xpath","value":"//*[@id=\"application-managepricingrules-display-component---newInfoPriceItem--calcBase-arrow\"]"}
RESULT: {}
RESULT: {"using":"xpath","value":"//*[@id=\"application-managepricingrules-display-component---newInfoPriceItem--calcBase-arrow\"]"}
COMMAND: POST /session/e61d66238098f0a5d55953d3b90d37e6/element/f.4CA2BB8DAA5DB34C3D6E0066B88761B9.d.6C0C93F2DAA33D6FB3CEDE23C8C3C389.e.7954/click - {}
RESULT: {}
COMMAND: GET /session/e61d66238098f0a5d55953d3b90d37e6/screenshot - {}
RESULT: {}
COMMAND: POST /session/e61d66238098f0a5d55953d3b90d37e6/element - {"using":"xpath","value":"//span[contains(text(), \"0006 - TB(calendar days)\")]"}
RESULT: {"using":"xpath","value":"//span[contains(text(), \"0006 - TB(calendar days)\")]"}
COMMAND: POST /session/e61d66238098f0a5d55953d3b90d37e6/element/f.4CA2BB8DAA5DB34C3D6E0066B88761B9.d.6C0C93F2DAA33D6FB3CEDE23C8C3C389.e.7986/click - {}
RESULT: {}
COMMAND: GET /session/e61d66238098f0a5d55953d3b90d37e6/screenshot - {}
RESULT: {}
COMMAND: POST /session/e61d66238098f0a5d55953d3b90d37e6/execute/async - {"script":"<script> [1562 bytes]","args":[{"selector":{"id":"application-managepricingrules-display-component---newInfoPriceItem--daysMonth","interaction":{"idSuffix":"inner"}},"wdio_ui5_key":"applicationmanagepricingrules-display-component---newInfoPriceItem--daysMonth"}]}
RESULT: {"script":"<script> [1562 bytes]","args":[{"selector":{"id":"application-managepricingrules-display-component---newInfoPriceItem--daysMonth","interaction":{"idSuffix":"inner"}},"wdio_ui5_key":"applicationmanagepricingrules-display-component---newInfoPriceItem--daysMonth"}]}
RESULT: undefined
COMMAND: POST /session/e61d66238098f0a5d55953d3b90d37e6/execute/async - {"script":"<script> [776 bytes]","args":[{"enterText":"30","selector":{"id":"application-managepricingrules-display-component---newInfoPriceItem--daysMonth","interaction":{"idSuffix":"inner"}},"clearTextFirst":true,"interactionType":"ENTER_TEXT"}]}
RESULT: {"script":"<script> [776 bytes]","args":[{"enterText":"30","selector":{"id":"application-managepricingrules-display-component---newInfoPriceItem--daysMonth","interaction":{"idSuffix":"inner"}},"clearTextFirst":true,"interactionType":"ENTER_TEXT"}]}
COMMAND: POST /session/e61d66238098f0a5d55953d3b90d37e6/element - {"using":"xpath","value":"//button[@data-kt=\"saveNewRuleButton\"]"}
RESULT: {"using":"xpath","value":"//button[@data-kt=\"saveNewRuleButton\"]"}
COMMAND: POST /session/e61d66238098f0a5d55953d3b90d37e6/element/f.4CA2BB8DAA5DB34C3D6E0066B88761B9.d.6C0C93F2DAA33D6FB3CEDE23C8C3C389.e.7972/click - {}
RESULT: {}
COMMAND: GET /session/e61d66238098f0a5d55953d3b90d37e6/screenshot - {}
RESULT: {}
COMMAND: POST /session/e61d66238098f0a5d55953d3b90d37e6/execute/async - {"script":"<script> [1562 bytes]","args":[{"selector":{"id":"application-managepricingrules-display-component---priceInfoItem--smartFilterBar-btnBasicSearch","interaction":{"idSuffix":"I"}},"wdio_ui5_key":"applicationmanagepricingrules-display-component---priceInfoItem--smartFilterBar-btnBasicSearch"}]}
RESULT: {"script":"<script> [1562 bytes]","args":[{"selector":{"id":"application-managepricingrules-display-component---priceInfoItem--smartFilterBar-btnBasicSearch","interaction":{"idSuffix":"I"}},"wdio_ui5_key":"applicationmanagepricingrules-display-component---priceInfoItem--smartFilterBar-btnBasicSearch"}]}
RESULT: undefined
COMMAND: POST /session/e61d66238098f0a5d55953d3b90d37e6/execute/async - {"script":"<script> [776 bytes]","args":[{"enterText":"ydelvSQgnv","selector":{"id":"application-managepricingrules-display-component---priceInfoItem--smartFilterBar-btnBasicSearch","interaction":{"idSuffix":"I"}},"clearTextFirst":true,"interactionType":"ENTER_TEXT"}]}
RESULT: {"script":"<script> [776 bytes]","args":[{"enterText":"ydelvSQgnv","selector":{"id":"application-managepricingrules-display-component---priceInfoItem--smartFilterBar-btnBasicSearch","interaction":{"idSuffix":"I"}},"clearTextFirst":true,"interactionType":"ENTER_TEXT"}]}
COMMAND: POST /session/e61d66238098f0a5d55953d3b90d37e6/actions - {"actions":[{"id":"action29","type":"key","parameters":{},"actions":[{"type":"keyDown","value":"î€‡"},{"type":"pause","duration":10},{"type":"keyUp","value":"î€‡"}]}]}
RESULT: {"actions":[{"id":"action29","type":"key","parameters":{},"actions":[{"type":"keyDown","value":"î€‡"},{"type":"pause","duration":10},{"type":"keyUp","value":"î€‡"}]}]}
COMMAND: GET /session/e61d66238098f0a5d55953d3b90d37e6/screenshot - {}
RESULT: {}
COMMAND: POST /session/e61d66238098f0a5d55953d3b90d37e6/element - {"using":"xpath","value":"//span[@id=\"application-managepricingrules-display-component---priceInfoItem--smartTable-header-inner\"]"}
RESULT: {"using":"xpath","value":"//span[@id=\"application-managepricingrules-display-component---priceInfoItem--smartTable-header-inner\"]"}
COMMAND: POST /session/e61d66238098f0a5d55953d3b90d37e6/elements - {"using":"xpath","value":"//span[@id=\"application-managepricingrules-display-component---priceInfoItem--smartTable-header-inner\"]"}
RESULT: {"using":"xpath","value":"//span[@id=\"application-managepricingrules-display-component---priceInfoItem--smartTable-header-inner\"]"}
COMMAND: POST /session/e61d66238098f0a5d55953d3b90d37e6/execute/sync - {"script":"<script> [56 bytes]","args":[{"element-6066-11e4-a52e-4f735466cecf":"f.4CA2BB8DAA5DB34C3D6E0066B88761B9.d.6C0C93F2DAA33D6FB3CEDE23C8C3C389.e.8010","ELEMENT":"f.4CA2BB8DAA5DB34C3D6E0066B88761B9.d.6C0C93F2DAA33D6FB3CEDE23C8C3C389.e.8010"}]}
RESULT: {"script":"<script> [56 bytes]","args":[{"element-6066-11e4-a52e-4f735466cecf":"f.4CA2BB8DAA5DB34C3D6E0066B88761B9.d.6C0C93F2DAA33D6FB3CEDE23C8C3C389.e.8010","ELEMENT":"f.4CA2BB8DAA5DB34C3D6E0066B88761B9.d.6C0C93F2DAA33D6FB3CEDE23C8C3C389.e.8010"}]}
COMMAND: POST /session/e61d66238098f0a5d55953d3b90d37e6/element - {"using":"css selector","value":"#shell-header-logo"}
COMMAND: GET /session/e61d66238098f0a5d55953d3b90d37e6/screenshot - {}
RESULT: {"using":"css selector","value":"#shell-header-logo"}
COMMAND: POST /session/e61d66238098f0a5d55953d3b90d37e6/element/f.4CA2BB8DAA5DB34C3D6E0066B88761B9.d.6C0C93F2DAA33D6FB3CEDE23C8C3C389.e.7154/click - {}
RESULT: {}
RESULT: {}
COMMAND: GET /session/e61d66238098f0a5d55953d3b90d37e6/screenshot - {}
RESULT: {}
]]></system-out>
    </testcase>
    <testcase classname="chrome.136_0_7103_93.windows.Billing_transfer_US117289" name="Should create new condition for equipment" time="67.372">
      <system-out><![CDATA[
COMMAND: POST /session/e61d66238098f0a5d55953d3b90d37e6/execute/async - {"script":"<script> [1562 bytes]","args":[{"selector":{"controlType":"sap.m.GenericTile","properties":{"header":"Manage Conditions & Prices"}},"wdio_ui5_key":"sapm.GenericTile{\"header\":\"Manage Conditions & Prices\"}"}]}
RESULT: {"script":"<script> [1562 bytes]","args":[{"selector":{"controlType":"sap.m.GenericTile","properties":{"header":"Manage Conditions & Prices"}},"wdio_ui5_key":"sapm.GenericTile{\"header\":\"Manage Conditions & Prices\"}"}]}
RESULT: undefined
COMMAND: POST /session/e61d66238098f0a5d55953d3b90d37e6/element - {"using":"xpath","value":"//*[@id=\"__tile53\"]"}
RESULT: {"using":"xpath","value":"//*[@id=\"__tile53\"]"}
COMMAND: POST /session/e61d66238098f0a5d55953d3b90d37e6/element/f.4CA2BB8DAA5DB34C3D6E0066B88761B9.d.6C0C93F2DAA33D6FB3CEDE23C8C3C389.e.7092/click - {}
RESULT: {}
COMMAND: GET /session/e61d66238098f0a5d55953d3b90d37e6/screenshot - {}
RESULT: {}
COMMAND: POST /session/e61d66238098f0a5d55953d3b90d37e6/elements - {"using":"xpath","value":"//span[text()='Error']"}
RESULT: {"using":"xpath","value":"//span[text()='Error']"}
COMMAND: POST /session/e61d66238098f0a5d55953d3b90d37e6/element - {"using":"xpath","value":"//button[@aria-label=\"Create\"]"}
RESULT: {"using":"xpath","value":"//button[@aria-label=\"Create\"]"}
COMMAND: POST /session/e61d66238098f0a5d55953d3b90d37e6/elements - {"using":"xpath","value":"//button[@aria-label=\"Create\"]"}
RESULT: {"using":"xpath","value":"//button[@aria-label=\"Create\"]"}
COMMAND: POST /session/e61d66238098f0a5d55953d3b90d37e6/execute/sync - {"script":"<script> [8489 bytes]","args":[{"element-6066-11e4-a52e-4f735466cecf":"f.4CA2BB8DAA5DB34C3D6E0066B88761B9.d.6C0C93F2DAA33D6FB3CEDE23C8C3C389.e.8045","ELEMENT":"f.4CA2BB8DAA5DB34C3D6E0066B88761B9.d.6C0C93F2DAA33D6FB3CEDE23C8C3C389.e.8045"}]}
RESULT: {"script":"<script> [8489 bytes]","args":[{"element-6066-11e4-a52e-4f735466cecf":"f.4CA2BB8DAA5DB34C3D6E0066B88761B9.d.6C0C93F2DAA33D6FB3CEDE23C8C3C389.e.8045","ELEMENT":"f.4CA2BB8DAA5DB34C3D6E0066B88761B9.d.6C0C93F2DAA33D6FB3CEDE23C8C3C389.e.8045"}]}
COMMAND: GET /session/e61d66238098f0a5d55953d3b90d37e6/element/f.4CA2BB8DAA5DB34C3D6E0066B88761B9.d.6C0C93F2DAA33D6FB3CEDE23C8C3C389.e.8045/enabled - {}
COMMAND: GET /session/e61d66238098f0a5d55953d3b90d37e6/screenshot - {}
RESULT: {}
COMMAND: POST /session/e61d66238098f0a5d55953d3b90d37e6/execute/sync - {"script":"<script> [8489 bytes]","args":[{"element-6066-11e4-a52e-4f735466cecf":"f.4CA2BB8DAA5DB34C3D6E0066B88761B9.d.6C0C93F2DAA33D6FB3CEDE23C8C3C389.e.8045","ELEMENT":"f.4CA2BB8DAA5DB34C3D6E0066B88761B9.d.6C0C93F2DAA33D6FB3CEDE23C8C3C389.e.8045"}]}
COMMAND: GET /session/e61d66238098f0a5d55953d3b90d37e6/screenshot - {}
RESULT: {}
RESULT: {"script":"<script> [8489 bytes]","args":[{"element-6066-11e4-a52e-4f735466cecf":"f.4CA2BB8DAA5DB34C3D6E0066B88761B9.d.6C0C93F2DAA33D6FB3CEDE23C8C3C389.e.8045","ELEMENT":"f.4CA2BB8DAA5DB34C3D6E0066B88761B9.d.6C0C93F2DAA33D6FB3CEDE23C8C3C389.e.8045"}]}
COMMAND: POST /session/e61d66238098f0a5d55953d3b90d37e6/execute/sync - {"script":"<script> [5351 bytes]","args":[{"element-6066-11e4-a52e-4f735466cecf":"f.4CA2BB8DAA5DB34C3D6E0066B88761B9.d.6C0C93F2DAA33D6FB3CEDE23C8C3C389.e.8045","ELEMENT":"f.4CA2BB8DAA5DB34C3D6E0066B88761B9.d.6C0C93F2DAA33D6FB3CEDE23C8C3C389.e.8045"}]}
COMMAND: GET /session/e61d66238098f0a5d55953d3b90d37e6/screenshot - {}
RESULT: {}
RESULT: {"script":"<script> [5351 bytes]","args":[{"element-6066-11e4-a52e-4f735466cecf":"f.4CA2BB8DAA5DB34C3D6E0066B88761B9.d.6C0C93F2DAA33D6FB3CEDE23C8C3C389.e.8045","ELEMENT":"f.4CA2BB8DAA5DB34C3D6E0066B88761B9.d.6C0C93F2DAA33D6FB3CEDE23C8C3C389.e.8045"}]}
COMMAND: POST /session/e61d66238098f0a5d55953d3b90d37e6/element/f.4CA2BB8DAA5DB34C3D6E0066B88761B9.d.6C0C93F2DAA33D6FB3CEDE23C8C3C389.e.8045/click - {}
COMMAND: GET /session/e61d66238098f0a5d55953d3b90d37e6/screenshot - {}
RESULT: {}
RESULT: {}
COMMAND: GET /session/e61d66238098f0a5d55953d3b90d37e6/screenshot - {}
RESULT: {}
RESULT: {}
COMMAND: POST /session/e61d66238098f0a5d55953d3b90d37e6/actions - {"actions":[{"id":"action30","type":"key","parameters":{},"actions":[{"type":"keyDown","value":"î€‡"},{"type":"pause","duration":10},{"type":"keyUp","value":"î€‡"}]}]}
RESULT: {"actions":[{"id":"action30","type":"key","parameters":{},"actions":[{"type":"keyDown","value":"î€‡"},{"type":"pause","duration":10},{"type":"keyUp","value":"î€‡"}]}]}
COMMAND: GET /session/e61d66238098f0a5d55953d3b90d37e6/screenshot - {}
RESULT: {}
COMMAND: POST /session/e61d66238098f0a5d55953d3b90d37e6/execute/async - {"script":"<script> [1562 bytes]","args":[{"selector":{"id":"application-manageconditionprice-display-component---newCondition--condBillCond-arrow"},"wdio_ui5_key":"applicationmanageconditionprice-display-component---newCondition--condBillCond-arrow"}]}
RESULT: {"script":"<script> [1562 bytes]","args":[{"selector":{"id":"application-manageconditionprice-display-component---newCondition--condBillCond-arrow"},"wdio_ui5_key":"applicationmanageconditionprice-display-component---newCondition--condBillCond-arrow"}]}
RESULT: undefined
COMMAND: POST /session/e61d66238098f0a5d55953d3b90d37e6/element - {"using":"xpath","value":"//*[@id=\"application-manageconditionprice-display-component---newCondition--condBillCond-arrow\"]"}
RESULT: {"using":"xpath","value":"//*[@id=\"application-manageconditionprice-display-component---newCondition--condBillCond-arrow\"]"}
COMMAND: POST /session/e61d66238098f0a5d55953d3b90d37e6/element/f.4CA2BB8DAA5DB34C3D6E0066B88761B9.d.6C0C93F2DAA33D6FB3CEDE23C8C3C389.e.8221/click - {}
RESULT: {}
COMMAND: GET /session/e61d66238098f0a5d55953d3b90d37e6/screenshot - {}
RESULT: {}
COMMAND: POST /session/e61d66238098f0a5d55953d3b90d37e6/element - {"using":"xpath","value":"//li[.//span[contains(text(), \"DISP - D&I special price\")]]"}
RESULT: {"using":"xpath","value":"//li[.//span[contains(text(), \"DISP - D&I special price\")]]"}
COMMAND: POST /session/e61d66238098f0a5d55953d3b90d37e6/element/f.4CA2BB8DAA5DB34C3D6E0066B88761B9.d.6C0C93F2DAA33D6FB3CEDE23C8C3C389.e.8224/click - {}
RESULT: {}
COMMAND: GET /session/e61d66238098f0a5d55953d3b90d37e6/screenshot - {}
RESULT: {}
COMMAND: POST /session/e61d66238098f0a5d55953d3b90d37e6/execute/async - {"script":"<script> [1562 bytes]","args":[{"selector":{"id":"application-manageconditionprice-display-component---newCondition--condValidTo","interaction":{"idSuffix":"inner"}},"wdio_ui5_key":"applicationmanageconditionprice-display-component---newCondition--condValidTo"}]}
RESULT: {"script":"<script> [1562 bytes]","args":[{"selector":{"id":"application-manageconditionprice-display-component---newCondition--condValidTo","interaction":{"idSuffix":"inner"}},"wdio_ui5_key":"applicationmanageconditionprice-display-component---newCondition--condValidTo"}]}
RESULT: undefined
COMMAND: POST /session/e61d66238098f0a5d55953d3b90d37e6/execute/async - {"script":"<script> [776 bytes]","args":[{"enterText":"1/16/26","selector":{"id":"application-manageconditionprice-display-component---newCondition--condValidTo","interaction":{"idSuffix":"inner"}},"clearTextFirst":true,"interactionType":"ENTER_TEXT"}]}
RESULT: {"script":"<script> [776 bytes]","args":[{"enterText":"1/16/26","selector":{"id":"application-manageconditionprice-display-component---newCondition--condValidTo","interaction":{"idSuffix":"inner"}},"clearTextFirst":true,"interactionType":"ENTER_TEXT"}]}
COMMAND: POST /session/e61d66238098f0a5d55953d3b90d37e6/element - {"using":"xpath","value":"//input[@id=\"application-manageconditionprice-display-component---newCondition--condRU-inner\"]"}
RESULT: {"using":"xpath","value":"//input[@id=\"application-manageconditionprice-display-component---newCondition--condRU-inner\"]"}
COMMAND: POST /session/e61d66238098f0a5d55953d3b90d37e6/element/f.4CA2BB8DAA5DB34C3D6E0066B88761B9.d.6C0C93F2DAA33D6FB3CEDE23C8C3C389.e.8087/clear - {}
RESULT: {}
COMMAND: POST /session/e61d66238098f0a5d55953d3b90d37e6/element/f.4CA2BB8DAA5DB34C3D6E0066B88761B9.d.6C0C93F2DAA33D6FB3CEDE23C8C3C389.e.8087/value - {"text":"ydelvSQgnv"}
COMMAND: GET /session/e61d66238098f0a5d55953d3b90d37e6/screenshot - {}
RESULT: {"text":"ydelvSQgnv"}
COMMAND: GET /session/e61d66238098f0a5d55953d3b90d37e6/screenshot - {}
RESULT: {}
RESULT: {}
COMMAND: POST /session/e61d66238098f0a5d55953d3b90d37e6/actions - {"actions":[{"id":"action31","type":"key","parameters":{},"actions":[{"type":"keyDown","value":"î€‡"},{"type":"pause","duration":10},{"type":"keyUp","value":"î€‡"}]}]}
RESULT: {"actions":[{"id":"action31","type":"key","parameters":{},"actions":[{"type":"keyDown","value":"î€‡"},{"type":"pause","duration":10},{"type":"keyUp","value":"î€‡"}]}]}
COMMAND: POST /session/e61d66238098f0a5d55953d3b90d37e6/execute/async - {"script":"<script> [1562 bytes]","args":[{"selector":{"id":"application-manageconditionprice-display-component---newCondition--condBaseQty","interaction":{"idSuffix":"inner"}},"wdio_ui5_key":"applicationmanageconditionprice-display-component---newCondition--condBaseQty"}]}
COMMAND: GET /session/e61d66238098f0a5d55953d3b90d37e6/screenshot - {}
RESULT: {"script":"<script> [1562 bytes]","args":[{"selector":{"id":"application-manageconditionprice-display-component---newCondition--condBaseQty","interaction":{"idSuffix":"inner"}},"wdio_ui5_key":"applicationmanageconditionprice-display-component---newCondition--condBaseQty"}]}
RESULT: undefined
COMMAND: POST /session/e61d66238098f0a5d55953d3b90d37e6/execute/async - {"script":"<script> [776 bytes]","args":[{"enterText":"1","selector":{"id":"application-manageconditionprice-display-component---newCondition--condBaseQty","interaction":{"idSuffix":"inner"}},"clearTextFirst":true,"interactionType":"ENTER_TEXT"}]}
RESULT: {}
RESULT: {"script":"<script> [776 bytes]","args":[{"enterText":"1","selector":{"id":"application-manageconditionprice-display-component---newCondition--condBaseQty","interaction":{"idSuffix":"inner"}},"clearTextFirst":true,"interactionType":"ENTER_TEXT"}]}
COMMAND: POST /session/e61d66238098f0a5d55953d3b90d37e6/execute/async - {"script":"<script> [1562 bytes]","args":[{"selector":{"id":"application-manageconditionprice-display-component---newCondition--condValue","interaction":{"idSuffix":"inner"}},"wdio_ui5_key":"applicationmanageconditionprice-display-component---newCondition--condValue"}]}
RESULT: {"script":"<script> [1562 bytes]","args":[{"selector":{"id":"application-manageconditionprice-display-component---newCondition--condValue","interaction":{"idSuffix":"inner"}},"wdio_ui5_key":"applicationmanageconditionprice-display-component---newCondition--condValue"}]}
RESULT: undefined
COMMAND: POST /session/e61d66238098f0a5d55953d3b90d37e6/execute/async - {"script":"<script> [776 bytes]","args":[{"enterText":"100","selector":{"id":"application-manageconditionprice-display-component---newCondition--condValue","interaction":{"idSuffix":"inner"}},"clearTextFirst":true,"interactionType":"ENTER_TEXT"}]}
RESULT: {"script":"<script> [776 bytes]","args":[{"enterText":"100","selector":{"id":"application-manageconditionprice-display-component---newCondition--condValue","interaction":{"idSuffix":"inner"}},"clearTextFirst":true,"interactionType":"ENTER_TEXT"}]}
COMMAND: POST /session/e61d66238098f0a5d55953d3b90d37e6/execute/async - {"script":"<script> [1562 bytes]","args":[{"selector":{"id":"application-manageconditionprice-display-component---newCondition--condCurr-arrow"},"wdio_ui5_key":"applicationmanageconditionprice-display-component---newCondition--condCurr-arrow"}]}
RESULT: {"script":"<script> [1562 bytes]","args":[{"selector":{"id":"application-manageconditionprice-display-component---newCondition--condCurr-arrow"},"wdio_ui5_key":"applicationmanageconditionprice-display-component---newCondition--condCurr-arrow"}]}
RESULT: undefined
COMMAND: POST /session/e61d66238098f0a5d55953d3b90d37e6/element - {"using":"xpath","value":"//*[@id=\"application-manageconditionprice-display-component---newCondition--condCurr-arrow\"]"}
RESULT: {"using":"xpath","value":"//*[@id=\"application-manageconditionprice-display-component---newCondition--condCurr-arrow\"]"}
COMMAND: POST /session/e61d66238098f0a5d55953d3b90d37e6/element/f.4CA2BB8DAA5DB34C3D6E0066B88761B9.d.6C0C93F2DAA33D6FB3CEDE23C8C3C389.e.8186/click - {}
RESULT: {}
COMMAND: POST /session/e61d66238098f0a5d55953d3b90d37e6/element - {"using":"xpath","value":"//span[contains(text(), \"Euro\")]"}
COMMAND: GET /session/e61d66238098f0a5d55953d3b90d37e6/screenshot - {}
RESULT: {"using":"xpath","value":"//span[contains(text(), \"Euro\")]"}
COMMAND: POST /session/e61d66238098f0a5d55953d3b90d37e6/element/f.4CA2BB8DAA5DB34C3D6E0066B88761B9.d.6C0C93F2DAA33D6FB3CEDE23C8C3C389.e.8261/click - {}
RESULT: {}
RESULT: {}
COMMAND: POST /session/e61d66238098f0a5d55953d3b90d37e6/element - {"using":"xpath","value":"//button[@data-kt=\"saveButton\"]"}
COMMAND: GET /session/e61d66238098f0a5d55953d3b90d37e6/screenshot - {}
RESULT: {"using":"xpath","value":"//button[@data-kt=\"saveButton\"]"}
COMMAND: POST /session/e61d66238098f0a5d55953d3b90d37e6/element/f.4CA2BB8DAA5DB34C3D6E0066B88761B9.d.6C0C93F2DAA33D6FB3CEDE23C8C3C389.e.8187/click - {}
RESULT: {}
RESULT: {}
COMMAND: GET /session/e61d66238098f0a5d55953d3b90d37e6/screenshot - {}
RESULT: {}
COMMAND: POST /session/e61d66238098f0a5d55953d3b90d37e6/execute/async - {"script":"<script> [1562 bytes]","args":[{"selector":{"id":"application-manageconditionprice-display-component---conditions--smartFilterBar-btnBasicSearch","interaction":{"idSuffix":"I"}},"wdio_ui5_key":"applicationmanageconditionprice-display-component---conditions--smartFilterBar-btnBasicSearch"}]}
RESULT: {"script":"<script> [1562 bytes]","args":[{"selector":{"id":"application-manageconditionprice-display-component---conditions--smartFilterBar-btnBasicSearch","interaction":{"idSuffix":"I"}},"wdio_ui5_key":"applicationmanageconditionprice-display-component---conditions--smartFilterBar-btnBasicSearch"}]}
RESULT: undefined
COMMAND: POST /session/e61d66238098f0a5d55953d3b90d37e6/execute/async - {"script":"<script> [776 bytes]","args":[{"enterText":"ydelvSQgnv","selector":{"id":"application-manageconditionprice-display-component---conditions--smartFilterBar-btnBasicSearch","interaction":{"idSuffix":"I"}},"clearTextFirst":true,"interactionType":"ENTER_TEXT"}]}
RESULT: {"script":"<script> [776 bytes]","args":[{"enterText":"ydelvSQgnv","selector":{"id":"application-manageconditionprice-display-component---conditions--smartFilterBar-btnBasicSearch","interaction":{"idSuffix":"I"}},"clearTextFirst":true,"interactionType":"ENTER_TEXT"}]}
COMMAND: POST /session/e61d66238098f0a5d55953d3b90d37e6/actions - {"actions":[{"id":"action32","type":"key","parameters":{},"actions":[{"type":"keyDown","value":"î€‡"},{"type":"pause","duration":10},{"type":"keyUp","value":"î€‡"}]}]}
RESULT: {"actions":[{"id":"action32","type":"key","parameters":{},"actions":[{"type":"keyDown","value":"î€‡"},{"type":"pause","duration":10},{"type":"keyUp","value":"î€‡"}]}]}
COMMAND: GET /session/e61d66238098f0a5d55953d3b90d37e6/screenshot - {}
RESULT: {}
COMMAND: POST /session/e61d66238098f0a5d55953d3b90d37e6/execute/async - {"script":"<script> [1562 bytes]","args":[{"selector":{"id":"application-manageconditionprice-display-component---conditions--smartFilterBar-filterItemControl_BASIC-BILL_TYPES-vhi"},"wdio_ui5_key":"applicationmanageconditionprice-display-component---conditions--smartFilterBar-filterItemControl_BASIC-BILL_TYPES-vhi"}]}
RESULT: {"script":"<script> [1562 bytes]","args":[{"selector":{"id":"application-manageconditionprice-display-component---conditions--smartFilterBar-filterItemControl_BASIC-BILL_TYPES-vhi"},"wdio_ui5_key":"applicationmanageconditionprice-display-component---conditions--smartFilterBar-filterItemControl_BASIC-BILL_TYPES-vhi"}]}
RESULT: undefined
COMMAND: POST /session/e61d66238098f0a5d55953d3b90d37e6/element - {"using":"xpath","value":"//*[@id=\"application-manageconditionprice-display-component---conditions--smartFilterBar-filterItemControl_BASIC-BILL_TYPES-vhi\"]"}
RESULT: {"using":"xpath","value":"//*[@id=\"application-manageconditionprice-display-component---conditions--smartFilterBar-filterItemControl_BASIC-BILL_TYPES-vhi\"]"}
COMMAND: POST /session/e61d66238098f0a5d55953d3b90d37e6/element/f.4CA2BB8DAA5DB34C3D6E0066B88761B9.d.6C0C93F2DAA33D6FB3CEDE23C8C3C389.e.8278/click - {}
RESULT: {}
COMMAND: POST /session/e61d66238098f0a5d55953d3b90d37e6/execute/async - {"script":"<script> [1562 bytes]","args":[{"selector":{"id":"application-manageconditionprice-display-component---conditions--smartFilterBar-filterItemControl_BASIC-BILL_TYPES-valueHelpDialog-smartFilterBar-btnBasicSearch","searchOpenDialogs":true,"interaction":{"idSuffix":"I"}},"wdio_ui5_key":"applicationmanageconditionprice-display-component---conditions--smartFilterBar-filterItemControl_BASIC-BILL_TYPES-valueHelpDialog-smartFilterBar-btnBasicSearch"}]}
COMMAND: GET /session/e61d66238098f0a5d55953d3b90d37e6/screenshot - {}
RESULT: {"script":"<script> [1562 bytes]","args":[{"selector":{"id":"application-manageconditionprice-display-component---conditions--smartFilterBar-filterItemControl_BASIC-BILL_TYPES-valueHelpDialog-smartFilterBar-btnBasicSearch","searchOpenDialogs":true,"interaction":{"idSuffix":"I"}},"wdio_ui5_key":"applicationmanageconditionprice-display-component---conditions--smartFilterBar-filterItemControl_BASIC-BILL_TYPES-valueHelpDialog-smartFilterBar-btnBasicSearch"}]}
RESULT: undefined
COMMAND: POST /session/e61d66238098f0a5d55953d3b90d37e6/execute/async - {"script":"<script> [776 bytes]","args":[{"enterText":"TB","selector":{"id":"application-manageconditionprice-display-component---conditions--smartFilterBar-filterItemControl_BASIC-BILL_TYPES-valueHelpDialog-smartFilterBar-btnBasicSearch","searchOpenDialogs":true,"interaction":{"idSuffix":"I"}},"clearTextFirst":true,"interactionType":"ENTER_TEXT"}]}
RESULT: {}
RESULT: {"script":"<script> [776 bytes]","args":[{"enterText":"TB","selector":{"id":"application-manageconditionprice-display-component---conditions--smartFilterBar-filterItemControl_BASIC-BILL_TYPES-valueHelpDialog-smartFilterBar-btnBasicSearch","searchOpenDialogs":true,"interaction":{"idSuffix":"I"}},"clearTextFirst":true,"interactionType":"ENTER_TEXT"}]}
COMMAND: POST /session/e61d66238098f0a5d55953d3b90d37e6/actions - {"actions":[{"id":"action33","type":"key","parameters":{},"actions":[{"type":"keyDown","value":"î€‡"},{"type":"pause","duration":10},{"type":"keyUp","value":"î€‡"}]}]}
RESULT: {"actions":[{"id":"action33","type":"key","parameters":{},"actions":[{"type":"keyDown","value":"î€‡"},{"type":"pause","duration":10},{"type":"keyUp","value":"î€‡"}]}]}
COMMAND: GET /session/e61d66238098f0a5d55953d3b90d37e6/screenshot - {}
RESULT: {}
COMMAND: POST /session/e61d66238098f0a5d55953d3b90d37e6/element - {"using":"xpath","value":"//div[contains(@id, 'application-manageconditionprice-display-component---conditions--smartFilterBar-filterItemControl_BASIC-BILL_TYPES-valueHelpDialog-table-rowsel0')]"}
RESULT: {"using":"xpath","value":"//div[contains(@id, 'application-manageconditionprice-display-component---conditions--smartFilterBar-filterItemControl_BASIC-BILL_TYPES-valueHelpDialog-table-rowsel0')]"}
COMMAND: POST /session/e61d66238098f0a5d55953d3b90d37e6/element/f.4CA2BB8DAA5DB34C3D6E0066B88761B9.d.6C0C93F2DAA33D6FB3CEDE23C8C3C389.e.8287/click - {}
RESULT: {}
COMMAND: GET /session/e61d66238098f0a5d55953d3b90d37e6/screenshot - {}
RESULT: {}
COMMAND: POST /session/e61d66238098f0a5d55953d3b90d37e6/element - {"using":"xpath","value":"//bdi[contains(text(), \"OK\")]"}
RESULT: {"using":"xpath","value":"//bdi[contains(text(), \"OK\")]"}
COMMAND: POST /session/e61d66238098f0a5d55953d3b90d37e6/element/f.4CA2BB8DAA5DB34C3D6E0066B88761B9.d.6C0C93F2DAA33D6FB3CEDE23C8C3C389.e.8289/click - {}
RESULT: {}
COMMAND: GET /session/e61d66238098f0a5d55953d3b90d37e6/screenshot - {}
RESULT: {}
COMMAND: POST /session/e61d66238098f0a5d55953d3b90d37e6/element - {"using":"xpath","value":"//span[@id=\"application-manageconditionprice-display-component---conditions--smartTable-header-inner\"]"}
RESULT: {"using":"xpath","value":"//span[@id=\"application-manageconditionprice-display-component---conditions--smartTable-header-inner\"]"}
COMMAND: POST /session/e61d66238098f0a5d55953d3b90d37e6/elements - {"using":"xpath","value":"//span[@id=\"application-manageconditionprice-display-component---conditions--smartTable-header-inner\"]"}
RESULT: {"using":"xpath","value":"//span[@id=\"application-manageconditionprice-display-component---conditions--smartTable-header-inner\"]"}
COMMAND: POST /session/e61d66238098f0a5d55953d3b90d37e6/execute/sync - {"script":"<script> [56 bytes]","args":[{"element-6066-11e4-a52e-4f735466cecf":"f.4CA2BB8DAA5DB34C3D6E0066B88761B9.d.6C0C93F2DAA33D6FB3CEDE23C8C3C389.e.8292","ELEMENT":"f.4CA2BB8DAA5DB34C3D6E0066B88761B9.d.6C0C93F2DAA33D6FB3CEDE23C8C3C389.e.8292"}]}
RESULT: {"script":"<script> [56 bytes]","args":[{"element-6066-11e4-a52e-4f735466cecf":"f.4CA2BB8DAA5DB34C3D6E0066B88761B9.d.6C0C93F2DAA33D6FB3CEDE23C8C3C389.e.8292","ELEMENT":"f.4CA2BB8DAA5DB34C3D6E0066B88761B9.d.6C0C93F2DAA33D6FB3CEDE23C8C3C389.e.8292"}]}
COMMAND: POST /session/e61d66238098f0a5d55953d3b90d37e6/element - {"using":"css selector","value":"#shell-header-logo"}
COMMAND: GET /session/e61d66238098f0a5d55953d3b90d37e6/screenshot - {}
RESULT: {"using":"css selector","value":"#shell-header-logo"}
COMMAND: POST /session/e61d66238098f0a5d55953d3b90d37e6/element/f.4CA2BB8DAA5DB34C3D6E0066B88761B9.d.6C0C93F2DAA33D6FB3CEDE23C8C3C389.e.8013/click - {}
RESULT: {}
RESULT: {}
COMMAND: GET /session/e61d66238098f0a5d55953d3b90d37e6/screenshot - {}
RESULT: {}
]]></system-out>
    </testcase>
    <testcase classname="chrome.136_0_7103_93.windows.Billing_transfer_US117289" name="Should do a stock increase" time="91.68">
      <system-out><![CDATA[
COMMAND: POST /session/e61d66238098f0a5d55953d3b90d37e6/execute/async - {"script":"<script> [1562 bytes]","args":[{"selector":{"controlType":"sap.m.GenericTile","properties":{"header":"Manage Handovers"}},"wdio_ui5_key":"sapm.GenericTile{\"header\":\"Manage Handovers\"}"}]}
RESULT: {"script":"<script> [1562 bytes]","args":[{"selector":{"controlType":"sap.m.GenericTile","properties":{"header":"Manage Handovers"}},"wdio_ui5_key":"sapm.GenericTile{\"header\":\"Manage Handovers\"}"}]}
RESULT: undefined
COMMAND: POST /session/e61d66238098f0a5d55953d3b90d37e6/element - {"using":"xpath","value":"//*[@id=\"__tile132\"]"}
RESULT: {"using":"xpath","value":"//*[@id=\"__tile132\"]"}
COMMAND: POST /session/e61d66238098f0a5d55953d3b90d37e6/element/f.4CA2BB8DAA5DB34C3D6E0066B88761B9.d.6C0C93F2DAA33D6FB3CEDE23C8C3C389.e.7130/click - {}
RESULT: {}
COMMAND: GET /session/e61d66238098f0a5d55953d3b90d37e6/screenshot - {}
RESULT: {}
COMMAND: POST /session/e61d66238098f0a5d55953d3b90d37e6/elements - {"using":"xpath","value":"//span[text()='Error']"}
RESULT: {"using":"xpath","value":"//span[text()='Error']"}
COMMAND: POST /session/e61d66238098f0a5d55953d3b90d37e6/element - {"using":"xpath","value":"//button[@data-kt=\"masterHOAddButton\"]"}
RESULT: {"using":"xpath","value":"//button[@data-kt=\"masterHOAddButton\"]"}
COMMAND: POST /session/e61d66238098f0a5d55953d3b90d37e6/elements - {"using":"xpath","value":"//button[@data-kt=\"masterHOAddButton\"]"}
RESULT: {"using":"xpath","value":"//button[@data-kt=\"masterHOAddButton\"]"}
COMMAND: POST /session/e61d66238098f0a5d55953d3b90d37e6/execute/sync - {"script":"<script> [8489 bytes]","args":[{"element-6066-11e4-a52e-4f735466cecf":"f.4CA2BB8DAA5DB34C3D6E0066B88761B9.d.6C0C93F2DAA33D6FB3CEDE23C8C3C389.e.8326","ELEMENT":"f.4CA2BB8DAA5DB34C3D6E0066B88761B9.d.6C0C93F2DAA33D6FB3CEDE23C8C3C389.e.8326"}]}
RESULT: {"script":"<script> [8489 bytes]","args":[{"element-6066-11e4-a52e-4f735466cecf":"f.4CA2BB8DAA5DB34C3D6E0066B88761B9.d.6C0C93F2DAA33D6FB3CEDE23C8C3C389.e.8326","ELEMENT":"f.4CA2BB8DAA5DB34C3D6E0066B88761B9.d.6C0C93F2DAA33D6FB3CEDE23C8C3C389.e.8326"}]}
COMMAND: GET /session/e61d66238098f0a5d55953d3b90d37e6/element/f.4CA2BB8DAA5DB34C3D6E0066B88761B9.d.6C0C93F2DAA33D6FB3CEDE23C8C3C389.e.8326/enabled - {}
COMMAND: GET /session/e61d66238098f0a5d55953d3b90d37e6/screenshot - {}
RESULT: {}
COMMAND: POST /session/e61d66238098f0a5d55953d3b90d37e6/execute/sync - {"script":"<script> [8489 bytes]","args":[{"element-6066-11e4-a52e-4f735466cecf":"f.4CA2BB8DAA5DB34C3D6E0066B88761B9.d.6C0C93F2DAA33D6FB3CEDE23C8C3C389.e.8326","ELEMENT":"f.4CA2BB8DAA5DB34C3D6E0066B88761B9.d.6C0C93F2DAA33D6FB3CEDE23C8C3C389.e.8326"}]}
COMMAND: GET /session/e61d66238098f0a5d55953d3b90d37e6/screenshot - {}
RESULT: {}
RESULT: {"script":"<script> [8489 bytes]","args":[{"element-6066-11e4-a52e-4f735466cecf":"f.4CA2BB8DAA5DB34C3D6E0066B88761B9.d.6C0C93F2DAA33D6FB3CEDE23C8C3C389.e.8326","ELEMENT":"f.4CA2BB8DAA5DB34C3D6E0066B88761B9.d.6C0C93F2DAA33D6FB3CEDE23C8C3C389.e.8326"}]}
COMMAND: POST /session/e61d66238098f0a5d55953d3b90d37e6/execute/sync - {"script":"<script> [5351 bytes]","args":[{"element-6066-11e4-a52e-4f735466cecf":"f.4CA2BB8DAA5DB34C3D6E0066B88761B9.d.6C0C93F2DAA33D6FB3CEDE23C8C3C389.e.8326","ELEMENT":"f.4CA2BB8DAA5DB34C3D6E0066B88761B9.d.6C0C93F2DAA33D6FB3CEDE23C8C3C389.e.8326"}]}
COMMAND: GET /session/e61d66238098f0a5d55953d3b90d37e6/screenshot - {}
RESULT: {}
RESULT: {"script":"<script> [5351 bytes]","args":[{"element-6066-11e4-a52e-4f735466cecf":"f.4CA2BB8DAA5DB34C3D6E0066B88761B9.d.6C0C93F2DAA33D6FB3CEDE23C8C3C389.e.8326","ELEMENT":"f.4CA2BB8DAA5DB34C3D6E0066B88761B9.d.6C0C93F2DAA33D6FB3CEDE23C8C3C389.e.8326"}]}
COMMAND: POST /session/e61d66238098f0a5d55953d3b90d37e6/element/f.4CA2BB8DAA5DB34C3D6E0066B88761B9.d.6C0C93F2DAA33D6FB3CEDE23C8C3C389.e.8326/click - {}
COMMAND: GET /session/e61d66238098f0a5d55953d3b90d37e6/screenshot - {}
RESULT: {}
RESULT: {}
COMMAND: GET /session/e61d66238098f0a5d55953d3b90d37e6/screenshot - {}
COMMAND: POST /session/e61d66238098f0a5d55953d3b90d37e6/element - {"using":"xpath","value":"//span[contains(@id ,\"AddNewHO--typeSelect-arrow\")]"}
RESULT: {}
RESULT: {}
RESULT: {"using":"xpath","value":"//span[contains(@id ,\"AddNewHO--typeSelect-arrow\")]"}
COMMAND: POST /session/e61d66238098f0a5d55953d3b90d37e6/element/f.4CA2BB8DAA5DB34C3D6E0066B88761B9.d.6C0C93F2DAA33D6FB3CEDE23C8C3C389.e.8692/click - {}
RESULT: {}
COMMAND: GET /session/e61d66238098f0a5d55953d3b90d37e6/screenshot - {}
RESULT: {}
COMMAND: POST /session/e61d66238098f0a5d55953d3b90d37e6/element - {"using":"xpath","value":"(//li[contains(text(), \"stock increase yard\")])[1]"}
RESULT: {"using":"xpath","value":"(//li[contains(text(), \"stock increase yard\")])[1]"}
COMMAND: POST /session/e61d66238098f0a5d55953d3b90d37e6/element/f.4CA2BB8DAA5DB34C3D6E0066B88761B9.d.6C0C93F2DAA33D6FB3CEDE23C8C3C389.e.8693/click - {}
RESULT: {}
COMMAND: GET /session/e61d66238098f0a5d55953d3b90d37e6/screenshot - {}
RESULT: {}
COMMAND: POST /session/e61d66238098f0a5d55953d3b90d37e6/execute/async - {"script":"<script> [1562 bytes]","args":[{"selector":{"id":"application-managehandovers-display-component---AddNewHO--dueDate","interaction":{"idSuffix":"inner"}},"wdio_ui5_key":"applicationmanagehandovers-display-component---AddNewHO--dueDate"}]}
RESULT: {"script":"<script> [1562 bytes]","args":[{"selector":{"id":"application-managehandovers-display-component---AddNewHO--dueDate","interaction":{"idSuffix":"inner"}},"wdio_ui5_key":"applicationmanagehandovers-display-component---AddNewHO--dueDate"}]}
RESULT: undefined
COMMAND: POST /session/e61d66238098f0a5d55953d3b90d37e6/execute/async - {"script":"<script> [6424 bytes]","args":[{"element-6066-11e4-a52e-4f735466cecf":"f.4CA2BB8DAA5DB34C3D6E0066B88761B9.d.6C0C93F2DAA33D6FB3CEDE23C8C3C389.e.8695"},"setValue",["5/16/25"]]}
RESULT: {"script":"<script> [6424 bytes]","args":[{"element-6066-11e4-a52e-4f735466cecf":"f.4CA2BB8DAA5DB34C3D6E0066B88761B9.d.6C0C93F2DAA33D6FB3CEDE23C8C3C389.e.8695"},"setValue",["5/16/25"]]}
COMMAND: POST /session/e61d66238098f0a5d55953d3b90d37e6/element - {"using":"xpath","value":"//input[@id=\"generalSectionFrg--receiveYard-inner\"]"}
RESULT: {"using":"xpath","value":"//input[@id=\"generalSectionFrg--receiveYard-inner\"]"}
COMMAND: POST /session/e61d66238098f0a5d55953d3b90d37e6/element/f.4CA2BB8DAA5DB34C3D6E0066B88761B9.d.6C0C93F2DAA33D6FB3CEDE23C8C3C389.e.8699/clear - {}
RESULT: {}
COMMAND: POST /session/e61d66238098f0a5d55953d3b90d37e6/element/f.4CA2BB8DAA5DB34C3D6E0066B88761B9.d.6C0C93F2DAA33D6FB3CEDE23C8C3C389.e.8699/value - {"text":"481"}
COMMAND: GET /session/e61d66238098f0a5d55953d3b90d37e6/screenshot - {}
RESULT: {"text":"481"}
COMMAND: GET /session/e61d66238098f0a5d55953d3b90d37e6/screenshot - {}
RESULT: {}
RESULT: {}
COMMAND: POST /session/e61d66238098f0a5d55953d3b90d37e6/element - {"using":"xpath","value":"//li[.//span[text()='481']]"}
RESULT: {"using":"xpath","value":"//li[.//span[text()='481']]"}
COMMAND: POST /session/e61d66238098f0a5d55953d3b90d37e6/element/f.4CA2BB8DAA5DB34C3D6E0066B88761B9.d.6C0C93F2DAA33D6FB3CEDE23C8C3C389.e.8717/click - {}
RESULT: {}
COMMAND: GET /session/e61d66238098f0a5d55953d3b90d37e6/screenshot - {}
RESULT: {}
COMMAND: POST /session/e61d66238098f0a5d55953d3b90d37e6/execute/async - {"script":"<script> [1562 bytes]","args":[{"selector":{"id":"application-managehandovers-display-component---AddNewHO--ObjectPageLayout-anchBar-application-managehandovers-display-component---AddNewHO--section4-anchor","interaction":{"idSuffix":"BDI-content"}},"wdio_ui5_key":"applicationmanagehandovers-display-component---AddNewHO--ObjectPageLayout-anchBar-application-managehandovers-display-component---AddNewHO--section4-anchor"}]}
RESULT: {"script":"<script> [1562 bytes]","args":[{"selector":{"id":"application-managehandovers-display-component---AddNewHO--ObjectPageLayout-anchBar-application-managehandovers-display-component---AddNewHO--section4-anchor","interaction":{"idSuffix":"BDI-content"}},"wdio_ui5_key":"applicationmanagehandovers-display-component---AddNewHO--ObjectPageLayout-anchBar-application-managehandovers-display-component---AddNewHO--section4-anchor"}]}
RESULT: undefined
COMMAND: POST /session/e61d66238098f0a5d55953d3b90d37e6/element - {"using":"xpath","value":"//*[@id=\"application-managehandovers-display-component---AddNewHO--ObjectPageLayout-anchBar-application-managehandovers-display-component---AddNewHO--section4-anchor\"]"}
RESULT: {"using":"xpath","value":"//*[@id=\"application-managehandovers-display-component---AddNewHO--ObjectPageLayout-anchBar-application-managehandovers-display-component---AddNewHO--section4-anchor\"]"}
COMMAND: POST /session/e61d66238098f0a5d55953d3b90d37e6/element/f.4CA2BB8DAA5DB34C3D6E0066B88761B9.d.6C0C93F2DAA33D6FB3CEDE23C8C3C389.e.8719/click - {}
RESULT: {}
COMMAND: POST /session/e61d66238098f0a5d55953d3b90d37e6/element - {"using":"xpath","value":"//button[@aria-label=\"Add\"]"}
COMMAND: GET /session/e61d66238098f0a5d55953d3b90d37e6/screenshot - {}
RESULT: {"using":"xpath","value":"//button[@aria-label=\"Add\"]"}
COMMAND: POST /session/e61d66238098f0a5d55953d3b90d37e6/element/f.4CA2BB8DAA5DB34C3D6E0066B88761B9.d.6C0C93F2DAA33D6FB3CEDE23C8C3C389.e.8721/click - {}
RESULT: {}
RESULT: {}
COMMAND: GET /session/e61d66238098f0a5d55953d3b90d37e6/screenshot - {}
RESULT: {}
COMMAND: POST /session/e61d66238098f0a5d55953d3b90d37e6/execute/async - {"script":"<script> [1562 bytes]","args":[{"selector":{"id":"application-managehandovers-display-component---AddNewHO--smartFilterBar-btnBasicSearch","searchOpenDialogs":true,"interaction":{"idSuffix":"I"}},"wdio_ui5_key":"applicationmanagehandovers-display-component---AddNewHO--smartFilterBar-btnBasicSearch"}]}
RESULT: {"script":"<script> [1562 bytes]","args":[{"selector":{"id":"application-managehandovers-display-component---AddNewHO--smartFilterBar-btnBasicSearch","searchOpenDialogs":true,"interaction":{"idSuffix":"I"}},"wdio_ui5_key":"applicationmanagehandovers-display-component---AddNewHO--smartFilterBar-btnBasicSearch"}]}
RESULT: undefined
COMMAND: POST /session/e61d66238098f0a5d55953d3b90d37e6/execute/async - {"script":"<script> [776 bytes]","args":[{"enterText":"ydelvSQgnv","selector":{"id":"application-managehandovers-display-component---AddNewHO--smartFilterBar-btnBasicSearch","searchOpenDialogs":true,"interaction":{"idSuffix":"I"}},"clearTextFirst":true,"interactionType":"ENTER_TEXT"}]}
RESULT: {"script":"<script> [776 bytes]","args":[{"enterText":"ydelvSQgnv","selector":{"id":"application-managehandovers-display-component---AddNewHO--smartFilterBar-btnBasicSearch","searchOpenDialogs":true,"interaction":{"idSuffix":"I"}},"clearTextFirst":true,"interactionType":"ENTER_TEXT"}]}
COMMAND: POST /session/e61d66238098f0a5d55953d3b90d37e6/actions - {"actions":[{"id":"action34","type":"key","parameters":{},"actions":[{"type":"keyDown","value":"î€‡"},{"type":"pause","duration":10},{"type":"keyUp","value":"î€‡"}]}]}
RESULT: {"actions":[{"id":"action34","type":"key","parameters":{},"actions":[{"type":"keyDown","value":"î€‡"},{"type":"pause","duration":10},{"type":"keyUp","value":"î€‡"}]}]}
COMMAND: GET /session/e61d66238098f0a5d55953d3b90d37e6/screenshot - {}
RESULT: {}
COMMAND: POST /session/e61d66238098f0a5d55953d3b90d37e6/execute/async - {"script":"<script> [1562 bytes]","args":[{"selector":{"id":"application-managehandovers-display-component---AddNewHO--popup-sa","searchOpenDialogs":true,"interaction":{"idSuffix":"CbBg"}},"wdio_ui5_key":"applicationmanagehandovers-display-component---AddNewHO--popup-sa"}]}
RESULT: {"script":"<script> [1562 bytes]","args":[{"selector":{"id":"application-managehandovers-display-component---AddNewHO--popup-sa","searchOpenDialogs":true,"interaction":{"idSuffix":"CbBg"}},"wdio_ui5_key":"applicationmanagehandovers-display-component---AddNewHO--popup-sa"}]}
RESULT: undefined
COMMAND: POST /session/e61d66238098f0a5d55953d3b90d37e6/element - {"using":"xpath","value":"//*[@id=\"application-managehandovers-display-component---AddNewHO--popup-sa\"]"}
RESULT: {"using":"xpath","value":"//*[@id=\"application-managehandovers-display-component---AddNewHO--popup-sa\"]"}
COMMAND: POST /session/e61d66238098f0a5d55953d3b90d37e6/element/f.4CA2BB8DAA5DB34C3D6E0066B88761B9.d.6C0C93F2DAA33D6FB3CEDE23C8C3C389.e.8874/click - {}
RESULT: {}
COMMAND: GET /session/e61d66238098f0a5d55953d3b90d37e6/screenshot - {}
RESULT: {}
COMMAND: POST /session/e61d66238098f0a5d55953d3b90d37e6/element - {"using":"xpath","value":"//bdi[contains(text(), \"Select\")]"}
RESULT: {"using":"xpath","value":"//bdi[contains(text(), \"Select\")]"}
COMMAND: POST /session/e61d66238098f0a5d55953d3b90d37e6/element/f.4CA2BB8DAA5DB34C3D6E0066B88761B9.d.6C0C93F2DAA33D6FB3CEDE23C8C3C389.e.8875/click - {}
RESULT: {}
COMMAND: GET /session/e61d66238098f0a5d55953d3b90d37e6/screenshot - {}
RESULT: {}
COMMAND: POST /session/e61d66238098f0a5d55953d3b90d37e6/element - {"using":"xpath","value":"//button[@data-kt=\"AddNewHOSaveButton\"]"}
RESULT: {"using":"xpath","value":"//button[@data-kt=\"AddNewHOSaveButton\"]"}
COMMAND: POST /session/e61d66238098f0a5d55953d3b90d37e6/element/f.4CA2BB8DAA5DB34C3D6E0066B88761B9.d.6C0C93F2DAA33D6FB3CEDE23C8C3C389.e.8879/click - {}
RESULT: {}
COMMAND: GET /session/e61d66238098f0a5d55953d3b90d37e6/screenshot - {}
RESULT: {}
COMMAND: POST /session/e61d66238098f0a5d55953d3b90d37e6/execute/async - {"script":"<script> [1562 bytes]","args":[{"selector":{"id":"receiptDatePicker","viewName":"etm.portal.ui.managehandovers.view.DetailExecuteHO","interaction":{"idSuffix":"inner"}},"wdio_ui5_key":"receiptDatePickeretmportal.ui.managehandovers.view.DetailExecuteHO"}]}
RESULT: {"script":"<script> [1562 bytes]","args":[{"selector":{"id":"receiptDatePicker","viewName":"etm.portal.ui.managehandovers.view.DetailExecuteHO","interaction":{"idSuffix":"inner"}},"wdio_ui5_key":"receiptDatePickeretmportal.ui.managehandovers.view.DetailExecuteHO"}]}
RESULT: undefined
COMMAND: POST /session/e61d66238098f0a5d55953d3b90d37e6/execute/async - {"script":"<script> [6424 bytes]","args":[{"element-6066-11e4-a52e-4f735466cecf":"f.4CA2BB8DAA5DB34C3D6E0066B88761B9.d.6C0C93F2DAA33D6FB3CEDE23C8C3C389.e.8899"},"setValue",["5/16/25"]]}
RESULT: {"script":"<script> [6424 bytes]","args":[{"element-6066-11e4-a52e-4f735466cecf":"f.4CA2BB8DAA5DB34C3D6E0066B88761B9.d.6C0C93F2DAA33D6FB3CEDE23C8C3C389.e.8899"},"setValue",["5/16/25"]]}
COMMAND: POST /session/e61d66238098f0a5d55953d3b90d37e6/element - {"using":"xpath","value":"//button[@data-kt=\"PickingTableConfirmAllButton\"]"}
RESULT: {"using":"xpath","value":"//button[@data-kt=\"PickingTableConfirmAllButton\"]"}
COMMAND: POST /session/e61d66238098f0a5d55953d3b90d37e6/element/f.4CA2BB8DAA5DB34C3D6E0066B88761B9.d.6C0C93F2DAA33D6FB3CEDE23C8C3C389.e.8913/click - {}
RESULT: {}
COMMAND: GET /session/e61d66238098f0a5d55953d3b90d37e6/screenshot - {}
RESULT: {}
COMMAND: POST /session/e61d66238098f0a5d55953d3b90d37e6/element - {"using":"xpath","value":"//bdi[contains(text(), \"OK\")]"}
RESULT: {"using":"xpath","value":"//bdi[contains(text(), \"OK\")]"}
COMMAND: POST /session/e61d66238098f0a5d55953d3b90d37e6/element/f.4CA2BB8DAA5DB34C3D6E0066B88761B9.d.6C0C93F2DAA33D6FB3CEDE23C8C3C389.e.8915/click - {}
RESULT: {}
COMMAND: GET /session/e61d66238098f0a5d55953d3b90d37e6/screenshot - {}
RESULT: {}
COMMAND: POST /session/e61d66238098f0a5d55953d3b90d37e6/element - {"using":"xpath","value":"(//bdi[contains(text(), \"Receive\")])[2]"}
RESULT: {"using":"xpath","value":"(//bdi[contains(text(), \"Receive\")])[2]"}
COMMAND: POST /session/e61d66238098f0a5d55953d3b90d37e6/element/f.4CA2BB8DAA5DB34C3D6E0066B88761B9.d.6C0C93F2DAA33D6FB3CEDE23C8C3C389.e.8917/click - {}
RESULT: {}
COMMAND: GET /session/e61d66238098f0a5d55953d3b90d37e6/screenshot - {}
RESULT: {}
COMMAND: POST /session/e61d66238098f0a5d55953d3b90d37e6/element - {"using":"css selector","value":"#shell-header-logo"}
RESULT: {"using":"css selector","value":"#shell-header-logo"}
COMMAND: POST /session/e61d66238098f0a5d55953d3b90d37e6/element/f.4CA2BB8DAA5DB34C3D6E0066B88761B9.d.6C0C93F2DAA33D6FB3CEDE23C8C3C389.e.8298/click - {}
RESULT: {}
COMMAND: GET /session/e61d66238098f0a5d55953d3b90d37e6/screenshot - {}
RESULT: {}
]]></system-out>
    </testcase>
    <testcase classname="chrome.136_0_7103_93.windows.Billing_transfer_US117289" name="Should create a new contract" time="64.104">
      <system-out><![CDATA[
COMMAND: POST /session/e61d66238098f0a5d55953d3b90d37e6/execute/async - {"script":"<script> [1562 bytes]","args":[{"selector":{"controlType":"sap.m.GenericTile","properties":{"header":"Manage Contracts"}},"wdio_ui5_key":"sapm.GenericTile{\"header\":\"Manage Contracts\"}"}]}
RESULT: {"script":"<script> [1562 bytes]","args":[{"selector":{"controlType":"sap.m.GenericTile","properties":{"header":"Manage Contracts"}},"wdio_ui5_key":"sapm.GenericTile{\"header\":\"Manage Contracts\"}"}]}
RESULT: undefined
COMMAND: POST /session/e61d66238098f0a5d55953d3b90d37e6/element - {"using":"xpath","value":"//*[@id=\"__tile130\"]"}
RESULT: {"using":"xpath","value":"//*[@id=\"__tile130\"]"}
COMMAND: POST /session/e61d66238098f0a5d55953d3b90d37e6/element/f.4CA2BB8DAA5DB34C3D6E0066B88761B9.d.6C0C93F2DAA33D6FB3CEDE23C8C3C389.e.7061/click - {}
RESULT: {}
COMMAND: GET /session/e61d66238098f0a5d55953d3b90d37e6/screenshot - {}
RESULT: {}
COMMAND: POST /session/e61d66238098f0a5d55953d3b90d37e6/elements - {"using":"xpath","value":"//span[text()='Error']"}
RESULT: {"using":"xpath","value":"//span[text()='Error']"}
COMMAND: POST /session/e61d66238098f0a5d55953d3b90d37e6/element - {"using":"xpath","value":"//button[@data-kt=\"addButton\"]"}
RESULT: {"using":"xpath","value":"//button[@data-kt=\"addButton\"]"}
COMMAND: POST /session/e61d66238098f0a5d55953d3b90d37e6/elements - {"using":"xpath","value":"//button[@data-kt=\"addButton\"]"}
RESULT: {"using":"xpath","value":"//button[@data-kt=\"addButton\"]"}
COMMAND: POST /session/e61d66238098f0a5d55953d3b90d37e6/execute/sync - {"script":"<script> [8489 bytes]","args":[{"element-6066-11e4-a52e-4f735466cecf":"f.4CA2BB8DAA5DB34C3D6E0066B88761B9.d.6C0C93F2DAA33D6FB3CEDE23C8C3C389.e.9137","ELEMENT":"f.4CA2BB8DAA5DB34C3D6E0066B88761B9.d.6C0C93F2DAA33D6FB3CEDE23C8C3C389.e.9137"}]}
RESULT: {"script":"<script> [8489 bytes]","args":[{"element-6066-11e4-a52e-4f735466cecf":"f.4CA2BB8DAA5DB34C3D6E0066B88761B9.d.6C0C93F2DAA33D6FB3CEDE23C8C3C389.e.9137","ELEMENT":"f.4CA2BB8DAA5DB34C3D6E0066B88761B9.d.6C0C93F2DAA33D6FB3CEDE23C8C3C389.e.9137"}]}
COMMAND: GET /session/e61d66238098f0a5d55953d3b90d37e6/element/f.4CA2BB8DAA5DB34C3D6E0066B88761B9.d.6C0C93F2DAA33D6FB3CEDE23C8C3C389.e.9137/enabled - {}
COMMAND: GET /session/e61d66238098f0a5d55953d3b90d37e6/screenshot - {}
RESULT: {}
COMMAND: POST /session/e61d66238098f0a5d55953d3b90d37e6/execute/sync - {"script":"<script> [8489 bytes]","args":[{"element-6066-11e4-a52e-4f735466cecf":"f.4CA2BB8DAA5DB34C3D6E0066B88761B9.d.6C0C93F2DAA33D6FB3CEDE23C8C3C389.e.9137","ELEMENT":"f.4CA2BB8DAA5DB34C3D6E0066B88761B9.d.6C0C93F2DAA33D6FB3CEDE23C8C3C389.e.9137"}]}
COMMAND: GET /session/e61d66238098f0a5d55953d3b90d37e6/screenshot - {}
RESULT: {}
RESULT: {"script":"<script> [8489 bytes]","args":[{"element-6066-11e4-a52e-4f735466cecf":"f.4CA2BB8DAA5DB34C3D6E0066B88761B9.d.6C0C93F2DAA33D6FB3CEDE23C8C3C389.e.9137","ELEMENT":"f.4CA2BB8DAA5DB34C3D6E0066B88761B9.d.6C0C93F2DAA33D6FB3CEDE23C8C3C389.e.9137"}]}
COMMAND: POST /session/e61d66238098f0a5d55953d3b90d37e6/execute/sync - {"script":"<script> [5351 bytes]","args":[{"element-6066-11e4-a52e-4f735466cecf":"f.4CA2BB8DAA5DB34C3D6E0066B88761B9.d.6C0C93F2DAA33D6FB3CEDE23C8C3C389.e.9137","ELEMENT":"f.4CA2BB8DAA5DB34C3D6E0066B88761B9.d.6C0C93F2DAA33D6FB3CEDE23C8C3C389.e.9137"}]}
COMMAND: GET /session/e61d66238098f0a5d55953d3b90d37e6/screenshot - {}
RESULT: {}
RESULT: {"script":"<script> [5351 bytes]","args":[{"element-6066-11e4-a52e-4f735466cecf":"f.4CA2BB8DAA5DB34C3D6E0066B88761B9.d.6C0C93F2DAA33D6FB3CEDE23C8C3C389.e.9137","ELEMENT":"f.4CA2BB8DAA5DB34C3D6E0066B88761B9.d.6C0C93F2DAA33D6FB3CEDE23C8C3C389.e.9137"}]}
COMMAND: GET /session/e61d66238098f0a5d55953d3b90d37e6/screenshot - {}
RESULT: {}
RESULT: {}
COMMAND: POST /session/e61d66238098f0a5d55953d3b90d37e6/element/f.4CA2BB8DAA5DB34C3D6E0066B88761B9.d.6C0C93F2DAA33D6FB3CEDE23C8C3C389.e.9137/click - {}
RESULT: {}
COMMAND: GET /session/e61d66238098f0a5d55953d3b90d37e6/screenshot - {}
RESULT: {}
COMMAND: POST /session/e61d66238098f0a5d55953d3b90d37e6/execute/async - {"script":"<script> [1562 bytes]","args":[{"selector":{"id":"application-managecontracts-display-component---AddNewContract--projectDescription","interaction":{"idSuffix":"inner"}},"wdio_ui5_key":"applicationmanagecontracts-display-component---AddNewContract--projectDescription"}]}
RESULT: {"script":"<script> [1562 bytes]","args":[{"selector":{"id":"application-managecontracts-display-component---AddNewContract--projectDescription","interaction":{"idSuffix":"inner"}},"wdio_ui5_key":"applicationmanagecontracts-display-component---AddNewContract--projectDescription"}]}
RESULT: undefined
COMMAND: POST /session/e61d66238098f0a5d55953d3b90d37e6/execute/async - {"script":"<script> [776 bytes]","args":[{"enterText":"Contract WDIO","selector":{"id":"application-managecontracts-display-component---AddNewContract--projectDescription","interaction":{"idSuffix":"inner"}},"clearTextFirst":true,"interactionType":"ENTER_TEXT"}]}
RESULT: {"script":"<script> [776 bytes]","args":[{"enterText":"Contract WDIO","selector":{"id":"application-managecontracts-display-component---AddNewContract--projectDescription","interaction":{"idSuffix":"inner"}},"clearTextFirst":true,"interactionType":"ENTER_TEXT"}]}
COMMAND: POST /session/e61d66238098f0a5d55953d3b90d37e6/element - {"using":"xpath","value":"//input[@id=\"application-managecontracts-display-component---AddNewContract--site-inner\"]"}
RESULT: {"using":"xpath","value":"//input[@id=\"application-managecontracts-display-component---AddNewContract--site-inner\"]"}
COMMAND: POST /session/e61d66238098f0a5d55953d3b90d37e6/element/f.4CA2BB8DAA5DB34C3D6E0066B88761B9.d.6C0C93F2DAA33D6FB3CEDE23C8C3C389.e.9495/clear - {}
RESULT: {}
COMMAND: POST /session/e61d66238098f0a5d55953d3b90d37e6/element/f.4CA2BB8DAA5DB34C3D6E0066B88761B9.d.6C0C93F2DAA33D6FB3CEDE23C8C3C389.e.9495/value - {"text":"2227"}
COMMAND: GET /session/e61d66238098f0a5d55953d3b90d37e6/screenshot - {}
RESULT: {"text":"2227"}
COMMAND: GET /session/e61d66238098f0a5d55953d3b90d37e6/screenshot - {}
RESULT: {}
RESULT: {}
COMMAND: POST /session/e61d66238098f0a5d55953d3b90d37e6/element - {"using":"xpath","value":"//li[.//span[text()='2227']]"}
RESULT: {"using":"xpath","value":"//li[.//span[text()='2227']]"}
COMMAND: POST /session/e61d66238098f0a5d55953d3b90d37e6/element/f.4CA2BB8DAA5DB34C3D6E0066B88761B9.d.6C0C93F2DAA33D6FB3CEDE23C8C3C389.e.9528/click - {}
RESULT: {}
COMMAND: GET /session/e61d66238098f0a5d55953d3b90d37e6/screenshot - {}
RESULT: {}
COMMAND: POST /session/e61d66238098f0a5d55953d3b90d37e6/element - {"using":"xpath","value":"//input[@id=\"application-managecontracts-display-component---AddNewContract--yardId-inner\"]"}
RESULT: {"using":"xpath","value":"//input[@id=\"application-managecontracts-display-component---AddNewContract--yardId-inner\"]"}
COMMAND: GET /session/e61d66238098f0a5d55953d3b90d37e6/element/f.4CA2BB8DAA5DB34C3D6E0066B88761B9.d.6C0C93F2DAA33D6FB3CEDE23C8C3C389.e.9496/property/value - {}
RESULT: {}
COMMAND: POST /session/e61d66238098f0a5d55953d3b90d37e6/element - {"using":"xpath","value":"//input[@id=\"application-managecontracts-display-component---AddNewContract--customerSelect-inner\"]"}
COMMAND: GET /session/e61d66238098f0a5d55953d3b90d37e6/screenshot - {}
RESULT: {"using":"xpath","value":"//input[@id=\"application-managecontracts-display-component---AddNewContract--customerSelect-inner\"]"}
COMMAND: POST /session/e61d66238098f0a5d55953d3b90d37e6/element/f.4CA2BB8DAA5DB34C3D6E0066B88761B9.d.6C0C93F2DAA33D6FB3CEDE23C8C3C389.e.9494/clear - {}
RESULT: {}
RESULT: {}
COMMAND: POST /session/e61d66238098f0a5d55953d3b90d37e6/element/f.4CA2BB8DAA5DB34C3D6E0066B88761B9.d.6C0C93F2DAA33D6FB3CEDE23C8C3C389.e.9494/value - {"text":"1268"}
COMMAND: GET /session/e61d66238098f0a5d55953d3b90d37e6/screenshot - {}
RESULT: {"text":"1268"}
COMMAND: GET /session/e61d66238098f0a5d55953d3b90d37e6/screenshot - {}
RESULT: {}
RESULT: {}
COMMAND: POST /session/e61d66238098f0a5d55953d3b90d37e6/element - {"using":"xpath","value":"//li[.//span[text()='1268']]"}
RESULT: {"using":"xpath","value":"//li[.//span[text()='1268']]"}
COMMAND: POST /session/e61d66238098f0a5d55953d3b90d37e6/element/f.4CA2BB8DAA5DB34C3D6E0066B88761B9.d.6C0C93F2DAA33D6FB3CEDE23C8C3C389.e.9531/click - {}
RESULT: {}
COMMAND: GET /session/e61d66238098f0a5d55953d3b90d37e6/screenshot - {}
RESULT: {}
COMMAND: POST /session/e61d66238098f0a5d55953d3b90d37e6/element - {"using":"xpath","value":"//button[@data-kt=\"saveButton\"]"}
RESULT: {"using":"xpath","value":"//button[@data-kt=\"saveButton\"]"}
COMMAND: POST /session/e61d66238098f0a5d55953d3b90d37e6/element/f.4CA2BB8DAA5DB34C3D6E0066B88761B9.d.6C0C93F2DAA33D6FB3CEDE23C8C3C389.e.9532/click - {}
RESULT: {}
COMMAND: GET /session/e61d66238098f0a5d55953d3b90d37e6/screenshot - {}
RESULT: {}
COMMAND: POST /session/e61d66238098f0a5d55953d3b90d37e6/element - {"using":"xpath","value":"//span[contains(@id ,\"contractDetailTitleNoExpanded\")]"}
RESULT: {"using":"xpath","value":"//span[contains(@id ,\"contractDetailTitleNoExpanded\")]"}
COMMAND: POST /session/e61d66238098f0a5d55953d3b90d37e6/elements - {"using":"xpath","value":"//span[contains(@id ,\"contractDetailTitleNoExpanded\")]"}
RESULT: {"using":"xpath","value":"//span[contains(@id ,\"contractDetailTitleNoExpanded\")]"}
COMMAND: POST /session/e61d66238098f0a5d55953d3b90d37e6/execute/sync - {"script":"<script> [56 bytes]","args":[{"element-6066-11e4-a52e-4f735466cecf":"f.4CA2BB8DAA5DB34C3D6E0066B88761B9.d.6C0C93F2DAA33D6FB3CEDE23C8C3C389.e.9604","ELEMENT":"f.4CA2BB8DAA5DB34C3D6E0066B88761B9.d.6C0C93F2DAA33D6FB3CEDE23C8C3C389.e.9604"}]}
RESULT: {"script":"<script> [56 bytes]","args":[{"element-6066-11e4-a52e-4f735466cecf":"f.4CA2BB8DAA5DB34C3D6E0066B88761B9.d.6C0C93F2DAA33D6FB3CEDE23C8C3C389.e.9604","ELEMENT":"f.4CA2BB8DAA5DB34C3D6E0066B88761B9.d.6C0C93F2DAA33D6FB3CEDE23C8C3C389.e.9604"}]}
COMMAND: GET /session/e61d66238098f0a5d55953d3b90d37e6/screenshot - {}
RESULT: {}
]]></system-out>
    </testcase>
    <testcase classname="chrome.136_0_7103_93.windows.Billing_transfer_US117289" name="Should add created equipment to contract" time="50.606">
      <system-out><![CDATA[
COMMAND: POST /session/e61d66238098f0a5d55953d3b90d37e6/element - {"using":"xpath","value":"//button[@data-kt=\"contractDetailEditBtnButton\"]"}
RESULT: {"using":"xpath","value":"//button[@data-kt=\"contractDetailEditBtnButton\"]"}
COMMAND: POST /session/e61d66238098f0a5d55953d3b90d37e6/element/f.4CA2BB8DAA5DB34C3D6E0066B88761B9.d.6C0C93F2DAA33D6FB3CEDE23C8C3C389.e.9606/click - {}
RESULT: {}
COMMAND: GET /session/e61d66238098f0a5d55953d3b90d37e6/screenshot - {}
RESULT: {}
COMMAND: POST /session/e61d66238098f0a5d55953d3b90d37e6/element - {"using":"xpath","value":"(//span[contains(text(), \"Additional Addresses\")])[2]"}
RESULT: {"using":"xpath","value":"(//span[contains(text(), \"Additional Addresses\")])[2]"}
COMMAND: POST /session/e61d66238098f0a5d55953d3b90d37e6/elements - {"using":"xpath","value":"(//span[contains(text(), \"Additional Addresses\")])[2]"}
RESULT: {"using":"xpath","value":"(//span[contains(text(), \"Additional Addresses\")])[2]"}
COMMAND: POST /session/e61d66238098f0a5d55953d3b90d37e6/elements - {"using":"xpath","value":"(//span[contains(text(), \"Additional Addresses\")])[2]"}
RESULT: {"using":"xpath","value":"(//span[contains(text(), \"Additional Addresses\")])[2]"}
COMMAND: POST /session/e61d66238098f0a5d55953d3b90d37e6/element - {"using":"xpath","value":"(//span[contains(text(), \"Additional Addresses\")])[2]"}
RESULT: {"using":"xpath","value":"(//span[contains(text(), \"Additional Addresses\")])[2]"}
COMMAND: POST /session/e61d66238098f0a5d55953d3b90d37e6/element/f.4CA2BB8DAA5DB34C3D6E0066B88761B9.d.6C0C93F2DAA33D6FB3CEDE23C8C3C389.e.9662/click - {}
RESULT: {}
COMMAND: GET /session/e61d66238098f0a5d55953d3b90d37e6/screenshot - {}
RESULT: {}
COMMAND: POST /session/e61d66238098f0a5d55953d3b90d37e6/element - {"using":"xpath","value":"//button[@data-kt=\"btnAddTableRowOverflowToolbarButton\"]"}
RESULT: {"using":"xpath","value":"//button[@data-kt=\"btnAddTableRowOverflowToolbarButton\"]"}
COMMAND: POST /session/e61d66238098f0a5d55953d3b90d37e6/element/f.4CA2BB8DAA5DB34C3D6E0066B88761B9.d.6C0C93F2DAA33D6FB3CEDE23C8C3C389.e.9665/click - {}
RESULT: {}
COMMAND: GET /session/e61d66238098f0a5d55953d3b90d37e6/screenshot - {}
RESULT: {}
COMMAND: POST /session/e61d66238098f0a5d55953d3b90d37e6/element - {"using":"xpath","value":"//div[(text() = 'Standard Entry' or . = 'Standard Entry')]"}
RESULT: {"using":"xpath","value":"//div[(text() = 'Standard Entry' or . = 'Standard Entry')]"}
COMMAND: POST /session/e61d66238098f0a5d55953d3b90d37e6/element/f.4CA2BB8DAA5DB34C3D6E0066B88761B9.d.6C0C93F2DAA33D6FB3CEDE23C8C3C389.e.9666/click - {}
RESULT: {}
COMMAND: GET /session/e61d66238098f0a5d55953d3b90d37e6/screenshot - {}
RESULT: {}
COMMAND: POST /session/e61d66238098f0a5d55953d3b90d37e6/element - {"using":"xpath","value":"//td[7]/div/div/input"}
RESULT: {"using":"xpath","value":"//td[7]/div/div/input"}
COMMAND: POST /session/e61d66238098f0a5d55953d3b90d37e6/element/f.4CA2BB8DAA5DB34C3D6E0066B88761B9.d.6C0C93F2DAA33D6FB3CEDE23C8C3C389.e.9675/clear - {}
RESULT: {}
COMMAND: POST /session/e61d66238098f0a5d55953d3b90d37e6/element/f.4CA2BB8DAA5DB34C3D6E0066B88761B9.d.6C0C93F2DAA33D6FB3CEDE23C8C3C389.e.9675/value - {"text":"ydelvSQgnv"}
COMMAND: GET /session/e61d66238098f0a5d55953d3b90d37e6/screenshot - {}
RESULT: {"text":"ydelvSQgnv"}
COMMAND: GET /session/e61d66238098f0a5d55953d3b90d37e6/screenshot - {}
RESULT: {}
RESULT: {}
COMMAND: POST /session/e61d66238098f0a5d55953d3b90d37e6/actions - {"actions":[{"id":"action35","type":"key","parameters":{},"actions":[{"type":"keyDown","value":"î€‡"},{"type":"pause","duration":10},{"type":"keyUp","value":"î€‡"}]}]}
RESULT: {"actions":[{"id":"action35","type":"key","parameters":{},"actions":[{"type":"keyDown","value":"î€‡"},{"type":"pause","duration":10},{"type":"keyUp","value":"î€‡"}]}]}
COMMAND: GET /session/e61d66238098f0a5d55953d3b90d37e6/screenshot - {}
RESULT: {}
COMMAND: POST /session/e61d66238098f0a5d55953d3b90d37e6/execute/sync - {"script":"<script> [276 bytes]","args":["No pricing information was found"]}
RESULT: {"script":"<script> [276 bytes]","args":["No pricing information was found"]}
COMMAND: POST /session/e61d66238098f0a5d55953d3b90d37e6/element - {"using":"xpath","value":"(//button[@data-kt=\"saveButton\"])[2]"}
COMMAND: GET /session/e61d66238098f0a5d55953d3b90d37e6/screenshot - {}
RESULT: {"using":"xpath","value":"(//button[@data-kt=\"saveButton\"])[2]"}
COMMAND: POST /session/e61d66238098f0a5d55953d3b90d37e6/element/f.4CA2BB8DAA5DB34C3D6E0066B88761B9.d.6C0C93F2DAA33D6FB3CEDE23C8C3C389.e.9690/click - {}
RESULT: {}
RESULT: {}
COMMAND: GET /session/e61d66238098f0a5d55953d3b90d37e6/screenshot - {}
RESULT: {}
COMMAND: POST /session/e61d66238098f0a5d55953d3b90d37e6/execute/sync - {"script":"<script> [276 bytes]","args":["Some contract items are having rental validity exceeding header rental validity"]}
RESULT: {"script":"<script> [276 bytes]","args":["Some contract items are having rental validity exceeding header rental validity"]}
COMMAND: GET /session/e61d66238098f0a5d55953d3b90d37e6/screenshot - {}
RESULT: {}
COMMAND: POST /session/e61d66238098f0a5d55953d3b90d37e6/element - {"using":"xpath","value":"//span[contains(@id ,\"contractItemsSmartTable-header-inner\")]"}
RESULT: {"using":"xpath","value":"//span[contains(@id ,\"contractItemsSmartTable-header-inner\")]"}
COMMAND: POST /session/e61d66238098f0a5d55953d3b90d37e6/elements - {"using":"xpath","value":"//span[contains(@id ,\"contractItemsSmartTable-header-inner\")]"}
RESULT: {"using":"xpath","value":"//span[contains(@id ,\"contractItemsSmartTable-header-inner\")]"}
COMMAND: POST /session/e61d66238098f0a5d55953d3b90d37e6/execute/sync - {"script":"<script> [56 bytes]","args":[{"element-6066-11e4-a52e-4f735466cecf":"f.4CA2BB8DAA5DB34C3D6E0066B88761B9.d.6C0C93F2DAA33D6FB3CEDE23C8C3C389.e.9697","ELEMENT":"f.4CA2BB8DAA5DB34C3D6E0066B88761B9.d.6C0C93F2DAA33D6FB3CEDE23C8C3C389.e.9697"}]}
RESULT: {"script":"<script> [56 bytes]","args":[{"element-6066-11e4-a52e-4f735466cecf":"f.4CA2BB8DAA5DB34C3D6E0066B88761B9.d.6C0C93F2DAA33D6FB3CEDE23C8C3C389.e.9697","ELEMENT":"f.4CA2BB8DAA5DB34C3D6E0066B88761B9.d.6C0C93F2DAA33D6FB3CEDE23C8C3C389.e.9697"}]}
]]></system-out>
    </testcase>
    <testcase classname="chrome.136_0_7103_93.windows.Billing_transfer_US117289" name="Should do a provide to site handover" time="68.173">
      <system-out><![CDATA[
COMMAND: GET /session/e61d66238098f0a5d55953d3b90d37e6/screenshot - {}
COMMAND: POST /session/e61d66238098f0a5d55953d3b90d37e6/element - {"using":"xpath","value":"//button[@data-kt=\"provideButton\"]"}
RESULT: {}
RESULT: {"using":"xpath","value":"//button[@data-kt=\"provideButton\"]"}
COMMAND: POST /session/e61d66238098f0a5d55953d3b90d37e6/element/f.4CA2BB8DAA5DB34C3D6E0066B88761B9.d.6C0C93F2DAA33D6FB3CEDE23C8C3C389.e.9698/click - {}
RESULT: {}
COMMAND: GET /session/e61d66238098f0a5d55953d3b90d37e6/screenshot - {}
RESULT: undefined
COMMAND: POST /session/e61d66238098f0a5d55953d3b90d37e6/execute/async - {"script":"<script> [6424 bytes]","args":[{"element-6066-11e4-a52e-4f735466cecf":"f.4CA2BB8DAA5DB34C3D6E0066B88761B9.d.6C0C93F2DAA33D6FB3CEDE23C8C3C389.e.8695"},"setValue",["5/16/25"]]}
RESULT: {}
COMMAND: POST /session/e61d66238098f0a5d55953d3b90d37e6/execute/async - {"script":"<script> [1562 bytes]","args":[{"selector":{"id":"application-managehandovers-display-component---AddNewHO--dueDate","interaction":{"idSuffix":"inner"}},"wdio_ui5_key":"applicationmanagehandovers-display-component---AddNewHO--dueDate"}]}
RESULT: {"script":"<script> [1562 bytes]","args":[{"selector":{"id":"application-managehandovers-display-component---AddNewHO--dueDate","interaction":{"idSuffix":"inner"}},"wdio_ui5_key":"applicationmanagehandovers-display-component---AddNewHO--dueDate"}]}
COMMAND: POST /session/e61d66238098f0a5d55953d3b90d37e6/execute/async - {"script":"<script> [6424 bytes]","args":[{"element-6066-11e4-a52e-4f735466cecf":"f.4CA2BB8DAA5DB34C3D6E0066B88761B9.d.6C0C93F2DAA33D6FB3CEDE23C8C3C389.e.9774"},"setValue",["5/16/25"]]}
RESULT: {"script":"<script> [6424 bytes]","args":[{"element-6066-11e4-a52e-4f735466cecf":"f.4CA2BB8DAA5DB34C3D6E0066B88761B9.d.6C0C93F2DAA33D6FB3CEDE23C8C3C389.e.9774"},"setValue",["5/16/25"]]}
COMMAND: POST /session/e61d66238098f0a5d55953d3b90d37e6/element - {"using":"xpath","value":"//bdi[contains(text(), \"Instructions\")]"}
RESULT: {"using":"xpath","value":"//bdi[contains(text(), \"Instructions\")]"}
COMMAND: POST /session/e61d66238098f0a5d55953d3b90d37e6/element/f.4CA2BB8DAA5DB34C3D6E0066B88761B9.d.6C0C93F2DAA33D6FB3CEDE23C8C3C389.e.10004/click - {}
RESULT: {}
COMMAND: GET /session/e61d66238098f0a5d55953d3b90d37e6/screenshot - {}
RESULT: {}
COMMAND: POST /session/e61d66238098f0a5d55953d3b90d37e6/element - {"using":"xpath","value":"//button[@data-kt=\"AddNewHOProvideAddItemsButton\"]"}
RESULT: {"using":"xpath","value":"//button[@data-kt=\"AddNewHOProvideAddItemsButton\"]"}
COMMAND: POST /session/e61d66238098f0a5d55953d3b90d37e6/element/f.4CA2BB8DAA5DB34C3D6E0066B88761B9.d.6C0C93F2DAA33D6FB3CEDE23C8C3C389.e.10010/click - {}
RESULT: {}
COMMAND: GET /session/e61d66238098f0a5d55953d3b90d37e6/screenshot - {}
RESULT: {}
RESULT: undefined
COMMAND: POST /session/e61d66238098f0a5d55953d3b90d37e6/element - {"using":"xpath","value":"//*[@id=\"application-managehandovers-display-component---AddNewHO--popup-sa\"]"}
RESULT: {"using":"xpath","value":"//*[@id=\"application-managehandovers-display-component---AddNewHO--popup-sa\"]"}
COMMAND: POST /session/e61d66238098f0a5d55953d3b90d37e6/element/f.4CA2BB8DAA5DB34C3D6E0066B88761B9.d.6C0C93F2DAA33D6FB3CEDE23C8C3C389.e.10020/click - {}
RESULT: {}
COMMAND: GET /session/e61d66238098f0a5d55953d3b90d37e6/screenshot - {}
RESULT: {}
COMMAND: POST /session/e61d66238098f0a5d55953d3b90d37e6/element - {"using":"xpath","value":"//*[contains(@id ,\"BDI-content\")][contains(text(), \"Select\")]"}
RESULT: {"using":"xpath","value":"//*[contains(@id ,\"BDI-content\")][contains(text(), \"Select\")]"}
COMMAND: POST /session/e61d66238098f0a5d55953d3b90d37e6/element/f.4CA2BB8DAA5DB34C3D6E0066B88761B9.d.6C0C93F2DAA33D6FB3CEDE23C8C3C389.e.10022/click - {}
RESULT: {}
COMMAND: GET /session/e61d66238098f0a5d55953d3b90d37e6/screenshot - {}
RESULT: {}
COMMAND: POST /session/e61d66238098f0a5d55953d3b90d37e6/execute/async - {"script":"<script> [1562 bytes]","args":[{"selector":{"id":"application-managehandovers-display-component---AddNewHO--confirmCreationButton","interaction":{"idSuffix":"BDI-content"}},"wdio_ui5_key":"applicationmanagehandovers-display-component---AddNewHO--confirmCreationButton"}]}
RESULT: {"script":"<script> [1562 bytes]","args":[{"selector":{"id":"application-managehandovers-display-component---AddNewHO--confirmCreationButton","interaction":{"idSuffix":"BDI-content"}},"wdio_ui5_key":"applicationmanagehandovers-display-component---AddNewHO--confirmCreationButton"}]}
RESULT: undefined
COMMAND: POST /session/e61d66238098f0a5d55953d3b90d37e6/element - {"using":"xpath","value":"//*[@id=\"application-managehandovers-display-component---AddNewHO--confirmCreationButton\"]"}
RESULT: {"using":"xpath","value":"//*[@id=\"application-managehandovers-display-component---AddNewHO--confirmCreationButton\"]"}
COMMAND: POST /session/e61d66238098f0a5d55953d3b90d37e6/element/f.4CA2BB8DAA5DB34C3D6E0066B88761B9.d.6C0C93F2DAA33D6FB3CEDE23C8C3C389.e.9819/click - {}
RESULT: {}
COMMAND: GET /session/e61d66238098f0a5d55953d3b90d37e6/screenshot - {}
RESULT: {}
COMMAND: POST /session/e61d66238098f0a5d55953d3b90d37e6/execute/async - {"script":"<script> [1562 bytes]","args":[{"selector":{"id":"issueDatePicker","viewName":"etm.portal.ui.managehandovers.view.DetailExecuteHO","interaction":{"idSuffix":"inner"}},"wdio_ui5_key":"issueDatePickeretmportal.ui.managehandovers.view.DetailExecuteHO"}]}
RESULT: {"script":"<script> [1562 bytes]","args":[{"selector":{"id":"issueDatePicker","viewName":"etm.portal.ui.managehandovers.view.DetailExecuteHO","interaction":{"idSuffix":"inner"}},"wdio_ui5_key":"issueDatePickeretmportal.ui.managehandovers.view.DetailExecuteHO"}]}
RESULT: undefined
COMMAND: POST /session/e61d66238098f0a5d55953d3b90d37e6/execute/async - {"script":"<script> [776 bytes]","args":[{"enterText":"5/16/25","selector":{"id":"issueDatePicker","viewName":"etm.portal.ui.managehandovers.view.DetailExecuteHO","interaction":{"idSuffix":"inner"}},"clearTextFirst":true,"interactionType":"ENTER_TEXT"}]}
RESULT: {"script":"<script> [776 bytes]","args":[{"enterText":"5/16/25","selector":{"id":"issueDatePicker","viewName":"etm.portal.ui.managehandovers.view.DetailExecuteHO","interaction":{"idSuffix":"inner"}},"clearTextFirst":true,"interactionType":"ENTER_TEXT"}]}
COMMAND: POST /session/e61d66238098f0a5d55953d3b90d37e6/element - {"using":"xpath","value":"//bdi[contains(text(), \"OK\")]"}
RESULT: {"using":"xpath","value":"//bdi[contains(text(), \"OK\")]"}
COMMAND: POST /session/e61d66238098f0a5d55953d3b90d37e6/element/f.4CA2BB8DAA5DB34C3D6E0066B88761B9.d.6C0C93F2DAA33D6FB3CEDE23C8C3C389.e.10071/click - {}
RESULT: {}
COMMAND: GET /session/e61d66238098f0a5d55953d3b90d37e6/screenshot - {}
RESULT: {}
COMMAND: POST /session/e61d66238098f0a5d55953d3b90d37e6/element - {"using":"xpath","value":"//button[@data-kt=\"PickingTableConfirmAllButton\"]"}
RESULT: {"using":"xpath","value":"//button[@data-kt=\"PickingTableConfirmAllButton\"]"}
COMMAND: POST /session/e61d66238098f0a5d55953d3b90d37e6/element/f.4CA2BB8DAA5DB34C3D6E0066B88761B9.d.6C0C93F2DAA33D6FB3CEDE23C8C3C389.e.10078/click - {}
RESULT: {}
COMMAND: GET /session/e61d66238098f0a5d55953d3b90d37e6/screenshot - {}
RESULT: {}
COMMAND: POST /session/e61d66238098f0a5d55953d3b90d37e6/element - {"using":"xpath","value":"//bdi[contains(text(), \"OK\")]"}
RESULT: {"using":"xpath","value":"//bdi[contains(text(), \"OK\")]"}
COMMAND: POST /session/e61d66238098f0a5d55953d3b90d37e6/element/f.4CA2BB8DAA5DB34C3D6E0066B88761B9.d.6C0C93F2DAA33D6FB3CEDE23C8C3C389.e.10082/click - {}
RESULT: {}
COMMAND: GET /session/e61d66238098f0a5d55953d3b90d37e6/screenshot - {}
RESULT: {}
COMMAND: POST /session/e61d66238098f0a5d55953d3b90d37e6/element - {"using":"xpath","value":"//bdi[contains(text(), \"Issue\")]"}
RESULT: {"using":"xpath","value":"//bdi[contains(text(), \"Issue\")]"}
COMMAND: POST /session/e61d66238098f0a5d55953d3b90d37e6/element/f.4CA2BB8DAA5DB34C3D6E0066B88761B9.d.6C0C93F2DAA33D6FB3CEDE23C8C3C389.e.10083/click - {}
RESULT: {}
COMMAND: GET /session/e61d66238098f0a5d55953d3b90d37e6/screenshot - {}
RESULT: {}
COMMAND: POST /session/e61d66238098f0a5d55953d3b90d37e6/element - {"using":"css selector","value":"#shell-header-logo"}
RESULT: {"using":"css selector","value":"#shell-header-logo"}
COMMAND: POST /session/e61d66238098f0a5d55953d3b90d37e6/element/f.4CA2BB8DAA5DB34C3D6E0066B88761B9.d.6C0C93F2DAA33D6FB3CEDE23C8C3C389.e.9089/click - {}
RESULT: {}
COMMAND: GET /session/e61d66238098f0a5d55953d3b90d37e6/screenshot - {}
RESULT: {}
]]></system-out>
    </testcase>
    <testcase classname="chrome.136_0_7103_93.windows.Billing_transfer_US117289" name="Should navigate to Manage Billings and trigger contract calculation business confirm it" time="62.092">
      <system-out><![CDATA[
COMMAND: POST /session/e61d66238098f0a5d55953d3b90d37e6/execute/async - {"script":"<script> [1562 bytes]","args":[{"selector":{"controlType":"sap.m.GenericTile","properties":{"header":"Manage Billings"}},"wdio_ui5_key":"sapm.GenericTile{\"header\":\"Manage Billings\"}"}]}
RESULT: {"script":"<script> [1562 bytes]","args":[{"selector":{"controlType":"sap.m.GenericTile","properties":{"header":"Manage Billings"}},"wdio_ui5_key":"sapm.GenericTile{\"header\":\"Manage Billings\"}"}]}
RESULT: undefined
COMMAND: POST /session/e61d66238098f0a5d55953d3b90d37e6/element - {"using":"xpath","value":"//*[@id=\"__tile51\"]"}
RESULT: {"using":"xpath","value":"//*[@id=\"__tile51\"]"}
COMMAND: POST /session/e61d66238098f0a5d55953d3b90d37e6/element/f.4CA2BB8DAA5DB34C3D6E0066B88761B9.d.6C0C93F2DAA33D6FB3CEDE23C8C3C389.e.7088/click - {}
RESULT: {}
COMMAND: GET /session/e61d66238098f0a5d55953d3b90d37e6/screenshot - {}
RESULT: {}
COMMAND: POST /session/e61d66238098f0a5d55953d3b90d37e6/elements - {"using":"xpath","value":"//span[text()='Error']"}
RESULT: {"using":"xpath","value":"//span[text()='Error']"}
COMMAND: POST /session/e61d66238098f0a5d55953d3b90d37e6/execute/async - {"script":"<script> [1562 bytes]","args":[{"selector":{"id":"application-managebillings-display-component---billRunCalcResult--smartFilterBar-btnBasicSearch","interaction":{"idSuffix":"I"}},"wdio_ui5_key":"applicationmanagebillings-display-component---billRunCalcResult--smartFilterBar-btnBasicSearch"}]}
RESULT: {"script":"<script> [1562 bytes]","args":[{"selector":{"id":"application-managebillings-display-component---billRunCalcResult--smartFilterBar-btnBasicSearch","interaction":{"idSuffix":"I"}},"wdio_ui5_key":"applicationmanagebillings-display-component---billRunCalcResult--smartFilterBar-btnBasicSearch"}]}
RESULT: undefined
COMMAND: POST /session/e61d66238098f0a5d55953d3b90d37e6/execute/async - {"script":"<script> [776 bytes]","args":[{"enterText":"10317","selector":{"id":"application-managebillings-display-component---billRunCalcResult--smartFilterBar-btnBasicSearch","interaction":{"idSuffix":"I"}},"clearTextFirst":true,"interactionType":"ENTER_TEXT"}]}
RESULT: {"script":"<script> [776 bytes]","args":[{"enterText":"10317","selector":{"id":"application-managebillings-display-component---billRunCalcResult--smartFilterBar-btnBasicSearch","interaction":{"idSuffix":"I"}},"clearTextFirst":true,"interactionType":"ENTER_TEXT"}]}
COMMAND: POST /session/e61d66238098f0a5d55953d3b90d37e6/actions - {"actions":[{"id":"action36","type":"key","parameters":{},"actions":[{"type":"keyDown","value":"î€‡"},{"type":"pause","duration":10},{"type":"keyUp","value":"î€‡"}]}]}
RESULT: {"actions":[{"id":"action36","type":"key","parameters":{},"actions":[{"type":"keyDown","value":"î€‡"},{"type":"pause","duration":10},{"type":"keyUp","value":"î€‡"}]}]}
COMMAND: GET /session/e61d66238098f0a5d55953d3b90d37e6/screenshot - {}
RESULT: {}
COMMAND: POST /session/e61d66238098f0a5d55953d3b90d37e6/element - {"using":"xpath","value":"//td[@aria-colindex=\"1\"]/div/div[contains(@class, \"sapMCbBg\")]"}
RESULT: {"using":"xpath","value":"//td[@aria-colindex=\"1\"]/div/div[contains(@class, \"sapMCbBg\")]"}
COMMAND: POST /session/e61d66238098f0a5d55953d3b90d37e6/element/f.4CA2BB8DAA5DB34C3D6E0066B88761B9.d.6C0C93F2DAA33D6FB3CEDE23C8C3C389.e.10470/click - {}
RESULT: {}
COMMAND: GET /session/e61d66238098f0a5d55953d3b90d37e6/screenshot - {}
RESULT: {}
COMMAND: POST /session/e61d66238098f0a5d55953d3b90d37e6/execute/async - {"script":"<script> [1562 bytes]","args":[{"selector":{"id":"application-managebillings-display-component---billRunCalcResult--contractBillRunDate","interaction":{"idSuffix":"inner"}},"wdio_ui5_key":"applicationmanagebillings-display-component---billRunCalcResult--contractBillRunDate"}]}
RESULT: {"script":"<script> [1562 bytes]","args":[{"selector":{"id":"application-managebillings-display-component---billRunCalcResult--contractBillRunDate","interaction":{"idSuffix":"inner"}},"wdio_ui5_key":"applicationmanagebillings-display-component---billRunCalcResult--contractBillRunDate"}]}
RESULT: undefined
COMMAND: POST /session/e61d66238098f0a5d55953d3b90d37e6/execute/async - {"script":"<script> [776 bytes]","args":[{"enterText":"6/16/25","selector":{"id":"application-managebillings-display-component---billRunCalcResult--contractBillRunDate","interaction":{"idSuffix":"inner"}},"clearTextFirst":true,"interactionType":"ENTER_TEXT"}]}
RESULT: {"script":"<script> [776 bytes]","args":[{"enterText":"6/16/25","selector":{"id":"application-managebillings-display-component---billRunCalcResult--contractBillRunDate","interaction":{"idSuffix":"inner"}},"clearTextFirst":true,"interactionType":"ENTER_TEXT"}]}
COMMAND: POST /session/e61d66238098f0a5d55953d3b90d37e6/element - {"using":"xpath","value":"//bdi[contains(text(), \"Trigger Calculation\")]"}
RESULT: {"using":"xpath","value":"//bdi[contains(text(), \"Trigger Calculation\")]"}
COMMAND: POST /session/e61d66238098f0a5d55953d3b90d37e6/element/f.4CA2BB8DAA5DB34C3D6E0066B88761B9.d.6C0C93F2DAA33D6FB3CEDE23C8C3C389.e.10521/click - {}
RESULT: {}
COMMAND: GET /session/e61d66238098f0a5d55953d3b90d37e6/screenshot - {}
RESULT: {}
COMMAND: POST /session/e61d66238098f0a5d55953d3b90d37e6/element - {"using":"xpath","value":"(//span[contains(@id, \"imgNav\")])[1]"}
RESULT: {"using":"xpath","value":"(//span[contains(@id, \"imgNav\")])[1]"}
COMMAND: POST /session/e61d66238098f0a5d55953d3b90d37e6/element/f.4CA2BB8DAA5DB34C3D6E0066B88761B9.d.6C0C93F2DAA33D6FB3CEDE23C8C3C389.e.10471/click - {}
RESULT: {}
COMMAND: GET /session/e61d66238098f0a5d55953d3b90d37e6/screenshot - {}
RESULT: {}
COMMAND: POST /session/e61d66238098f0a5d55953d3b90d37e6/execute/async - {"script":"<script> [1562 bytes]","args":[{"selector":{"controlType":"sap.ui.core.Icon","viewName":"etm.portal.ui.managebillings.view.Master","viewId":"application-managebillings-display-component---billRunCalcResult","properties":{"src":{"regex":{"source":"slim\\-arrow\\-right"}}}},"wdio_ui5_key":"etmportal.ui.managebillings.view.Mastersap.ui.core.Icon{\"src\":{\"regex\":{\"source\":\"slim\\\\-arrow\\\\-right\"}}}"}]}
RESULT: {"script":"<script> [1562 bytes]","args":[{"selector":{"controlType":"sap.ui.core.Icon","viewName":"etm.portal.ui.managebillings.view.Master","viewId":"application-managebillings-display-component---billRunCalcResult","properties":{"src":{"regex":{"source":"slim\\-arrow\\-right"}}}},"wdio_ui5_key":"etmportal.ui.managebillings.view.Mastersap.ui.core.Icon{\"src\":{\"regex\":{\"source\":\"slim\\\\-arrow\\\\-right\"}}}"}]}
RESULT: undefined
COMMAND: POST /session/e61d66238098f0a5d55953d3b90d37e6/element - {"using":"xpath","value":"//*[@id=\"__item1844-application-managebillings-display-component---billRunCalcResult--billingRunsTable-0-imgNav\"]"}
RESULT: {"using":"xpath","value":"//*[@id=\"__item1844-application-managebillings-display-component---billRunCalcResult--billingRunsTable-0-imgNav\"]"}
COMMAND: POST /session/e61d66238098f0a5d55953d3b90d37e6/element/f.4CA2BB8DAA5DB34C3D6E0066B88761B9.d.6C0C93F2DAA33D6FB3CEDE23C8C3C389.e.10526/click - {}
RESULT: {}
COMMAND: POST /session/e61d66238098f0a5d55953d3b90d37e6/execute/async - {"script":"<script> [1562 bytes]","args":[{"selector":{"id":"application-managebillings-display-component---billRunCalcResult--btnConf","interaction":{"idSuffix":"BDI-content"}},"wdio_ui5_key":"applicationmanagebillings-display-component---billRunCalcResult--btnConf"}]}
COMMAND: GET /session/e61d66238098f0a5d55953d3b90d37e6/screenshot - {}
RESULT: {"script":"<script> [1562 bytes]","args":[{"selector":{"id":"application-managebillings-display-component---billRunCalcResult--btnConf","interaction":{"idSuffix":"BDI-content"}},"wdio_ui5_key":"applicationmanagebillings-display-component---billRunCalcResult--btnConf"}]}
RESULT: undefined
COMMAND: POST /session/e61d66238098f0a5d55953d3b90d37e6/element - {"using":"xpath","value":"//*[@id=\"application-managebillings-display-component---billRunCalcResult--btnConf\"]"}
RESULT: {}
RESULT: {"using":"xpath","value":"//*[@id=\"application-managebillings-display-component---billRunCalcResult--btnConf\"]"}
COMMAND: POST /session/e61d66238098f0a5d55953d3b90d37e6/element/f.4CA2BB8DAA5DB34C3D6E0066B88761B9.d.6C0C93F2DAA33D6FB3CEDE23C8C3C389.e.10572/click - {}
RESULT: {}
COMMAND: POST /session/e61d66238098f0a5d55953d3b90d37e6/element - {"using":"css selector","value":"#shell-header-logo"}
COMMAND: GET /session/e61d66238098f0a5d55953d3b90d37e6/screenshot - {}
RESULT: {"using":"css selector","value":"#shell-header-logo"}
COMMAND: POST /session/e61d66238098f0a5d55953d3b90d37e6/element/f.4CA2BB8DAA5DB34C3D6E0066B88761B9.d.6C0C93F2DAA33D6FB3CEDE23C8C3C389.e.10263/click - {}
RESULT: {}
RESULT: {}
COMMAND: GET /session/e61d66238098f0a5d55953d3b90d37e6/screenshot - {}
RESULT: {}
]]></system-out>
    </testcase>
    <testcase classname="chrome.136_0_7103_93.windows.Billing_transfer_US117289" name="Should trigger Billing Transfer process all the way to completion" time="76.145">
      <system-out><![CDATA[
COMMAND: POST /session/e61d66238098f0a5d55953d3b90d37e6/execute/async - {"script":"<script> [1562 bytes]","args":[{"selector":{"controlType":"sap.m.GenericTile","properties":{"header":"Billing Transfer"}},"wdio_ui5_key":"sapm.GenericTile{\"header\":\"Billing Transfer\"}"}]}
RESULT: {"script":"<script> [1562 bytes]","args":[{"selector":{"controlType":"sap.m.GenericTile","properties":{"header":"Billing Transfer"}},"wdio_ui5_key":"sapm.GenericTile{\"header\":\"Billing Transfer\"}"}]}
RESULT: undefined
COMMAND: POST /session/e61d66238098f0a5d55953d3b90d37e6/element - {"using":"xpath","value":"//*[@id=\"__tile50\"]"}
RESULT: {"using":"xpath","value":"//*[@id=\"__tile50\"]"}
COMMAND: POST /session/e61d66238098f0a5d55953d3b90d37e6/element/f.4CA2BB8DAA5DB34C3D6E0066B88761B9.d.6C0C93F2DAA33D6FB3CEDE23C8C3C389.e.7086/click - {}
RESULT: {}
COMMAND: GET /session/e61d66238098f0a5d55953d3b90d37e6/screenshot - {}
RESULT: {}
COMMAND: POST /session/e61d66238098f0a5d55953d3b90d37e6/elements - {"using":"xpath","value":"//span[text()='Error']"}
RESULT: {"using":"xpath","value":"//span[text()='Error']"}
COMMAND: POST /session/e61d66238098f0a5d55953d3b90d37e6/element - {"using":"xpath","value":"//input[contains(@id ,\"application-billingtransfer-display-component---billingWorkbench--smartFilterBar-btnBasicSearch\")]"}
RESULT: {"using":"xpath","value":"//input[contains(@id ,\"application-billingtransfer-display-component---billingWorkbench--smartFilterBar-btnBasicSearch\")]"}
COMMAND: POST /session/e61d66238098f0a5d55953d3b90d37e6/elements - {"using":"xpath","value":"//input[contains(@id ,\"application-billingtransfer-display-component---billingWorkbench--smartFilterBar-btnBasicSearch\")]"}
RESULT: {"using":"xpath","value":"//input[contains(@id ,\"application-billingtransfer-display-component---billingWorkbench--smartFilterBar-btnBasicSearch\")]"}
COMMAND: POST /session/e61d66238098f0a5d55953d3b90d37e6/execute/sync - {"script":"<script> [8489 bytes]","args":[{"element-6066-11e4-a52e-4f735466cecf":"f.4CA2BB8DAA5DB34C3D6E0066B88761B9.d.6C0C93F2DAA33D6FB3CEDE23C8C3C389.e.10607","ELEMENT":"f.4CA2BB8DAA5DB34C3D6E0066B88761B9.d.6C0C93F2DAA33D6FB3CEDE23C8C3C389.e.10607"}]}
RESULT: {"script":"<script> [8489 bytes]","args":[{"element-6066-11e4-a52e-4f735466cecf":"f.4CA2BB8DAA5DB34C3D6E0066B88761B9.d.6C0C93F2DAA33D6FB3CEDE23C8C3C389.e.10607","ELEMENT":"f.4CA2BB8DAA5DB34C3D6E0066B88761B9.d.6C0C93F2DAA33D6FB3CEDE23C8C3C389.e.10607"}]}
COMMAND: GET /session/e61d66238098f0a5d55953d3b90d37e6/element/f.4CA2BB8DAA5DB34C3D6E0066B88761B9.d.6C0C93F2DAA33D6FB3CEDE23C8C3C389.e.10607/enabled - {}
COMMAND: GET /session/e61d66238098f0a5d55953d3b90d37e6/screenshot - {}
RESULT: {}
COMMAND: POST /session/e61d66238098f0a5d55953d3b90d37e6/element/f.4CA2BB8DAA5DB34C3D6E0066B88761B9.d.6C0C93F2DAA33D6FB3CEDE23C8C3C389.e.10607/click - {}
COMMAND: GET /session/e61d66238098f0a5d55953d3b90d37e6/screenshot - {}
RESULT: {}
RESULT: {}
COMMAND: GET /session/e61d66238098f0a5d55953d3b90d37e6/screenshot - {}
RESULT: {}
RESULT: {}
COMMAND: POST /session/e61d66238098f0a5d55953d3b90d37e6/element/f.4CA2BB8DAA5DB34C3D6E0066B88761B9.d.6C0C93F2DAA33D6FB3CEDE23C8C3C389.e.10607/clear - {}
RESULT: {}
COMMAND: POST /session/e61d66238098f0a5d55953d3b90d37e6/element/f.4CA2BB8DAA5DB34C3D6E0066B88761B9.d.6C0C93F2DAA33D6FB3CEDE23C8C3C389.e.10607/value - {"text":"10317"}
COMMAND: GET /session/e61d66238098f0a5d55953d3b90d37e6/screenshot - {}
RESULT: {"text":"10317"}
COMMAND: POST /session/e61d66238098f0a5d55953d3b90d37e6/actions - {"actions":[{"id":"action37","type":"key","parameters":{},"actions":[{"type":"keyDown","value":"î€‡"},{"type":"pause","duration":10},{"type":"keyUp","value":"î€‡"}]}]}
COMMAND: GET /session/e61d66238098f0a5d55953d3b90d37e6/screenshot - {}
RESULT: {}
RESULT: {"actions":[{"id":"action37","type":"key","parameters":{},"actions":[{"type":"keyDown","value":"î€‡"},{"type":"pause","duration":10},{"type":"keyUp","value":"î€‡"}]}]}
COMMAND: GET /session/e61d66238098f0a5d55953d3b90d37e6/screenshot - {}
RESULT: {}
RESULT: {}
COMMAND: POST /session/e61d66238098f0a5d55953d3b90d37e6/element - {"using":"xpath","value":"//span[contains(@id ,\"application-billingtransfer-display-component---billingWorkbench--smartTableBillingRuns-header-inner\")]"}
RESULT: {"using":"xpath","value":"//span[contains(@id ,\"application-billingtransfer-display-component---billingWorkbench--smartTableBillingRuns-header-inner\")]"}
COMMAND: POST /session/e61d66238098f0a5d55953d3b90d37e6/elements - {"using":"xpath","value":"//span[contains(@id ,\"application-billingtransfer-display-component---billingWorkbench--smartTableBillingRuns-header-inner\")]"}
RESULT: {"using":"xpath","value":"//span[contains(@id ,\"application-billingtransfer-display-component---billingWorkbench--smartTableBillingRuns-header-inner\")]"}
COMMAND: POST /session/e61d66238098f0a5d55953d3b90d37e6/execute/sync - {"script":"<script> [56 bytes]","args":[{"element-6066-11e4-a52e-4f735466cecf":"f.4CA2BB8DAA5DB34C3D6E0066B88761B9.d.6C0C93F2DAA33D6FB3CEDE23C8C3C389.e.10765","ELEMENT":"f.4CA2BB8DAA5DB34C3D6E0066B88761B9.d.6C0C93F2DAA33D6FB3CEDE23C8C3C389.e.10765"}]}
RESULT: {"script":"<script> [56 bytes]","args":[{"element-6066-11e4-a52e-4f735466cecf":"f.4CA2BB8DAA5DB34C3D6E0066B88761B9.d.6C0C93F2DAA33D6FB3CEDE23C8C3C389.e.10765","ELEMENT":"f.4CA2BB8DAA5DB34C3D6E0066B88761B9.d.6C0C93F2DAA33D6FB3CEDE23C8C3C389.e.10765"}]}
COMMAND: POST /session/e61d66238098f0a5d55953d3b90d37e6/element - {"using":"xpath","value":"//td[@aria-colindex=\"1\"]/div/div[contains(@class, \"sapMCbBg\")]"}
COMMAND: GET /session/e61d66238098f0a5d55953d3b90d37e6/screenshot - {}
RESULT: {"using":"xpath","value":"//td[@aria-colindex=\"1\"]/div/div[contains(@class, \"sapMCbBg\")]"}
COMMAND: POST /session/e61d66238098f0a5d55953d3b90d37e6/element/f.4CA2BB8DAA5DB34C3D6E0066B88761B9.d.6C0C93F2DAA33D6FB3CEDE23C8C3C389.e.10712/click - {}
RESULT: {}
RESULT: {}
COMMAND: GET /session/e61d66238098f0a5d55953d3b90d37e6/screenshot - {}
RESULT: {}
COMMAND: POST /session/e61d66238098f0a5d55953d3b90d37e6/element - {"using":"xpath","value":"//bdi[contains(text(), \"Check\")]"}
RESULT: {"using":"xpath","value":"//bdi[contains(text(), \"Check\")]"}
COMMAND: POST /session/e61d66238098f0a5d55953d3b90d37e6/element/f.4CA2BB8DAA5DB34C3D6E0066B88761B9.d.6C0C93F2DAA33D6FB3CEDE23C8C3C389.e.10766/click - {}
RESULT: {}
COMMAND: GET /session/e61d66238098f0a5d55953d3b90d37e6/screenshot - {}
RESULT: {}
COMMAND: POST /session/e61d66238098f0a5d55953d3b90d37e6/element - {"using":"xpath","value":"//bdi[contains(text(), \"OK\")]"}
RESULT: {"using":"xpath","value":"//bdi[contains(text(), \"OK\")]"}
COMMAND: POST /session/e61d66238098f0a5d55953d3b90d37e6/element/f.4CA2BB8DAA5DB34C3D6E0066B88761B9.d.6C0C93F2DAA33D6FB3CEDE23C8C3C389.e.10769/click - {}
RESULT: {}
COMMAND: GET /session/e61d66238098f0a5d55953d3b90d37e6/screenshot - {}
RESULT: {}
COMMAND: POST /session/e61d66238098f0a5d55953d3b90d37e6/element - {"using":"xpath","value":"(//span[contains(text(), \"CO/SD checked\")]/parent::div/preceding-sibling::div/span)[1]"}
RESULT: {"using":"xpath","value":"(//span[contains(text(), \"CO/SD checked\")]/parent::div/preceding-sibling::div/span)[1]"}
COMMAND: POST /session/e61d66238098f0a5d55953d3b90d37e6/element/f.4CA2BB8DAA5DB34C3D6E0066B88761B9.d.6C0C93F2DAA33D6FB3CEDE23C8C3C389.e.10770/click - {}
RESULT: {}
COMMAND: GET /session/e61d66238098f0a5d55953d3b90d37e6/screenshot - {}
RESULT: {}
COMMAND: POST /session/e61d66238098f0a5d55953d3b90d37e6/element - {"using":"xpath","value":"//input[contains(@id ,\"application-billingtransfer-display-component---billingWorkbench--smartFilterBar-btnBasicSearch\")]"}
RESULT: {"using":"xpath","value":"//input[contains(@id ,\"application-billingtransfer-display-component---billingWorkbench--smartFilterBar-btnBasicSearch\")]"}
COMMAND: POST /session/e61d66238098f0a5d55953d3b90d37e6/elements - {"using":"xpath","value":"//input[contains(@id ,\"application-billingtransfer-display-component---billingWorkbench--smartFilterBar-btnBasicSearch\")]"}
RESULT: {"using":"xpath","value":"//input[contains(@id ,\"application-billingtransfer-display-component---billingWorkbench--smartFilterBar-btnBasicSearch\")]"}
COMMAND: POST /session/e61d66238098f0a5d55953d3b90d37e6/execute/sync - {"script":"<script> [8489 bytes]","args":[{"element-6066-11e4-a52e-4f735466cecf":"f.4CA2BB8DAA5DB34C3D6E0066B88761B9.d.6C0C93F2DAA33D6FB3CEDE23C8C3C389.e.10607","ELEMENT":"f.4CA2BB8DAA5DB34C3D6E0066B88761B9.d.6C0C93F2DAA33D6FB3CEDE23C8C3C389.e.10607"}]}
RESULT: {"script":"<script> [8489 bytes]","args":[{"element-6066-11e4-a52e-4f735466cecf":"f.4CA2BB8DAA5DB34C3D6E0066B88761B9.d.6C0C93F2DAA33D6FB3CEDE23C8C3C389.e.10607","ELEMENT":"f.4CA2BB8DAA5DB34C3D6E0066B88761B9.d.6C0C93F2DAA33D6FB3CEDE23C8C3C389.e.10607"}]}
COMMAND: GET /session/e61d66238098f0a5d55953d3b90d37e6/element/f.4CA2BB8DAA5DB34C3D6E0066B88761B9.d.6C0C93F2DAA33D6FB3CEDE23C8C3C389.e.10607/enabled - {}
COMMAND: GET /session/e61d66238098f0a5d55953d3b90d37e6/screenshot - {}
RESULT: {}
COMMAND: POST /session/e61d66238098f0a5d55953d3b90d37e6/element/f.4CA2BB8DAA5DB34C3D6E0066B88761B9.d.6C0C93F2DAA33D6FB3CEDE23C8C3C389.e.10607/click - {}
COMMAND: GET /session/e61d66238098f0a5d55953d3b90d37e6/screenshot - {}
RESULT: {}
RESULT: {}
COMMAND: GET /session/e61d66238098f0a5d55953d3b90d37e6/screenshot - {}
RESULT: {}
RESULT: {}
COMMAND: POST /session/e61d66238098f0a5d55953d3b90d37e6/element/f.4CA2BB8DAA5DB34C3D6E0066B88761B9.d.6C0C93F2DAA33D6FB3CEDE23C8C3C389.e.10607/clear - {}
RESULT: {}
COMMAND: POST /session/e61d66238098f0a5d55953d3b90d37e6/element/f.4CA2BB8DAA5DB34C3D6E0066B88761B9.d.6C0C93F2DAA33D6FB3CEDE23C8C3C389.e.10607/value - {"text":"10317"}
COMMAND: GET /session/e61d66238098f0a5d55953d3b90d37e6/screenshot - {}
RESULT: {"text":"10317"}
COMMAND: POST /session/e61d66238098f0a5d55953d3b90d37e6/actions - {"actions":[{"id":"action38","type":"key","parameters":{},"actions":[{"type":"keyDown","value":"î€‡"},{"type":"pause","duration":10},{"type":"keyUp","value":"î€‡"}]}]}
COMMAND: GET /session/e61d66238098f0a5d55953d3b90d37e6/screenshot - {}
RESULT: {}
RESULT: {"actions":[{"id":"action38","type":"key","parameters":{},"actions":[{"type":"keyDown","value":"î€‡"},{"type":"pause","duration":10},{"type":"keyUp","value":"î€‡"}]}]}
COMMAND: GET /session/e61d66238098f0a5d55953d3b90d37e6/screenshot - {}
RESULT: {}
RESULT: {}
COMMAND: POST /session/e61d66238098f0a5d55953d3b90d37e6/element - {"using":"xpath","value":"//span[contains(@id ,\"application-billingtransfer-display-component---billingWorkbench--smartTableBillingRuns-header-inner\")]"}
RESULT: {"using":"xpath","value":"//span[contains(@id ,\"application-billingtransfer-display-component---billingWorkbench--smartTableBillingRuns-header-inner\")]"}
COMMAND: POST /session/e61d66238098f0a5d55953d3b90d37e6/elements - {"using":"xpath","value":"//span[contains(@id ,\"application-billingtransfer-display-component---billingWorkbench--smartTableBillingRuns-header-inner\")]"}
RESULT: {"using":"xpath","value":"//span[contains(@id ,\"application-billingtransfer-display-component---billingWorkbench--smartTableBillingRuns-header-inner\")]"}
COMMAND: POST /session/e61d66238098f0a5d55953d3b90d37e6/execute/sync - {"script":"<script> [56 bytes]","args":[{"element-6066-11e4-a52e-4f735466cecf":"f.4CA2BB8DAA5DB34C3D6E0066B88761B9.d.6C0C93F2DAA33D6FB3CEDE23C8C3C389.e.10765","ELEMENT":"f.4CA2BB8DAA5DB34C3D6E0066B88761B9.d.6C0C93F2DAA33D6FB3CEDE23C8C3C389.e.10765"}]}
RESULT: {"script":"<script> [56 bytes]","args":[{"element-6066-11e4-a52e-4f735466cecf":"f.4CA2BB8DAA5DB34C3D6E0066B88761B9.d.6C0C93F2DAA33D6FB3CEDE23C8C3C389.e.10765","ELEMENT":"f.4CA2BB8DAA5DB34C3D6E0066B88761B9.d.6C0C93F2DAA33D6FB3CEDE23C8C3C389.e.10765"}]}
COMMAND: POST /session/e61d66238098f0a5d55953d3b90d37e6/element - {"using":"xpath","value":"//td[@aria-colindex=\"1\"]/div/div[contains(@class, \"sapMCbBg\")]"}
COMMAND: GET /session/e61d66238098f0a5d55953d3b90d37e6/screenshot - {}
RESULT: {"using":"xpath","value":"//td[@aria-colindex=\"1\"]/div/div[contains(@class, \"sapMCbBg\")]"}
COMMAND: POST /session/e61d66238098f0a5d55953d3b90d37e6/element/f.4CA2BB8DAA5DB34C3D6E0066B88761B9.d.6C0C93F2DAA33D6FB3CEDE23C8C3C389.e.10775/click - {}
RESULT: {}
RESULT: {}
COMMAND: GET /session/e61d66238098f0a5d55953d3b90d37e6/screenshot - {}
RESULT: {}
COMMAND: POST /session/e61d66238098f0a5d55953d3b90d37e6/element - {"using":"xpath","value":"//bdi[text()=\"Transfer\"]"}
RESULT: {"using":"xpath","value":"//bdi[text()=\"Transfer\"]"}
COMMAND: POST /session/e61d66238098f0a5d55953d3b90d37e6/element/f.4CA2BB8DAA5DB34C3D6E0066B88761B9.d.6C0C93F2DAA33D6FB3CEDE23C8C3C389.e.10776/click - {}
RESULT: {}
COMMAND: GET /session/e61d66238098f0a5d55953d3b90d37e6/screenshot - {}
RESULT: {}
COMMAND: POST /session/e61d66238098f0a5d55953d3b90d37e6/element - {"using":"xpath","value":"//bdi[contains(text(), \"OK\")]"}
RESULT: {"using":"xpath","value":"//bdi[contains(text(), \"OK\")]"}
COMMAND: POST /session/e61d66238098f0a5d55953d3b90d37e6/element/f.4CA2BB8DAA5DB34C3D6E0066B88761B9.d.6C0C93F2DAA33D6FB3CEDE23C8C3C389.e.10779/click - {}
RESULT: {}
COMMAND: GET /session/e61d66238098f0a5d55953d3b90d37e6/screenshot - {}
RESULT: {}
COMMAND: POST /session/e61d66238098f0a5d55953d3b90d37e6/element - {"using":"xpath","value":"(//span[contains(text(), \"Completed\")]/parent::div/preceding-sibling::div/span)[1]"}
RESULT: {"using":"xpath","value":"(//span[contains(text(), \"Completed\")]/parent::div/preceding-sibling::div/span)[1]"}
COMMAND: POST /session/e61d66238098f0a5d55953d3b90d37e6/element/f.4CA2BB8DAA5DB34C3D6E0066B88761B9.d.6C0C93F2DAA33D6FB3CEDE23C8C3C389.e.10788/click - {}
RESULT: {}
COMMAND: POST /session/e61d66238098f0a5d55953d3b90d37e6/element - {"using":"xpath","value":"//input[contains(@id ,\"application-billingtransfer-display-component---billingWorkbench--smartFilterBar-btnBasicSearch\")]"}
COMMAND: GET /session/e61d66238098f0a5d55953d3b90d37e6/screenshot - {}
RESULT: {"using":"xpath","value":"//input[contains(@id ,\"application-billingtransfer-display-component---billingWorkbench--smartFilterBar-btnBasicSearch\")]"}
COMMAND: POST /session/e61d66238098f0a5d55953d3b90d37e6/elements - {"using":"xpath","value":"//input[contains(@id ,\"application-billingtransfer-display-component---billingWorkbench--smartFilterBar-btnBasicSearch\")]"}
RESULT: {}
RESULT: {"using":"xpath","value":"//input[contains(@id ,\"application-billingtransfer-display-component---billingWorkbench--smartFilterBar-btnBasicSearch\")]"}
COMMAND: POST /session/e61d66238098f0a5d55953d3b90d37e6/execute/sync - {"script":"<script> [8489 bytes]","args":[{"element-6066-11e4-a52e-4f735466cecf":"f.4CA2BB8DAA5DB34C3D6E0066B88761B9.d.6C0C93F2DAA33D6FB3CEDE23C8C3C389.e.10607","ELEMENT":"f.4CA2BB8DAA5DB34C3D6E0066B88761B9.d.6C0C93F2DAA33D6FB3CEDE23C8C3C389.e.10607"}]}
RESULT: {"script":"<script> [8489 bytes]","args":[{"element-6066-11e4-a52e-4f735466cecf":"f.4CA2BB8DAA5DB34C3D6E0066B88761B9.d.6C0C93F2DAA33D6FB3CEDE23C8C3C389.e.10607","ELEMENT":"f.4CA2BB8DAA5DB34C3D6E0066B88761B9.d.6C0C93F2DAA33D6FB3CEDE23C8C3C389.e.10607"}]}
COMMAND: GET /session/e61d66238098f0a5d55953d3b90d37e6/element/f.4CA2BB8DAA5DB34C3D6E0066B88761B9.d.6C0C93F2DAA33D6FB3CEDE23C8C3C389.e.10607/enabled - {}
COMMAND: GET /session/e61d66238098f0a5d55953d3b90d37e6/screenshot - {}
RESULT: {}
COMMAND: POST /session/e61d66238098f0a5d55953d3b90d37e6/element/f.4CA2BB8DAA5DB34C3D6E0066B88761B9.d.6C0C93F2DAA33D6FB3CEDE23C8C3C389.e.10607/click - {}
COMMAND: GET /session/e61d66238098f0a5d55953d3b90d37e6/screenshot - {}
RESULT: {}
RESULT: {}
COMMAND: GET /session/e61d66238098f0a5d55953d3b90d37e6/screenshot - {}
RESULT: {}
RESULT: {}
COMMAND: POST /session/e61d66238098f0a5d55953d3b90d37e6/element/f.4CA2BB8DAA5DB34C3D6E0066B88761B9.d.6C0C93F2DAA33D6FB3CEDE23C8C3C389.e.10607/clear - {}
RESULT: {}
COMMAND: POST /session/e61d66238098f0a5d55953d3b90d37e6/element/f.4CA2BB8DAA5DB34C3D6E0066B88761B9.d.6C0C93F2DAA33D6FB3CEDE23C8C3C389.e.10607/value - {"text":"10317"}
COMMAND: GET /session/e61d66238098f0a5d55953d3b90d37e6/screenshot - {}
RESULT: {"text":"10317"}
COMMAND: POST /session/e61d66238098f0a5d55953d3b90d37e6/actions - {"actions":[{"id":"action39","type":"key","parameters":{},"actions":[{"type":"keyDown","value":"î€‡"},{"type":"pause","duration":10},{"type":"keyUp","value":"î€‡"}]}]}
COMMAND: GET /session/e61d66238098f0a5d55953d3b90d37e6/screenshot - {}
RESULT: {}
RESULT: {"actions":[{"id":"action39","type":"key","parameters":{},"actions":[{"type":"keyDown","value":"î€‡"},{"type":"pause","duration":10},{"type":"keyUp","value":"î€‡"}]}]}
COMMAND: GET /session/e61d66238098f0a5d55953d3b90d37e6/screenshot - {}
RESULT: {}
RESULT: {}
COMMAND: POST /session/e61d66238098f0a5d55953d3b90d37e6/element - {"using":"xpath","value":"//span[contains(@id ,\"application-billingtransfer-display-component---billingWorkbench--smartTableBillingRuns-header-inner\")]"}
RESULT: {"using":"xpath","value":"//span[contains(@id ,\"application-billingtransfer-display-component---billingWorkbench--smartTableBillingRuns-header-inner\")]"}
COMMAND: POST /session/e61d66238098f0a5d55953d3b90d37e6/elements - {"using":"xpath","value":"//span[contains(@id ,\"application-billingtransfer-display-component---billingWorkbench--smartTableBillingRuns-header-inner\")]"}
RESULT: {"using":"xpath","value":"//span[contains(@id ,\"application-billingtransfer-display-component---billingWorkbench--smartTableBillingRuns-header-inner\")]"}
COMMAND: POST /session/e61d66238098f0a5d55953d3b90d37e6/execute/sync - {"script":"<script> [56 bytes]","args":[{"element-6066-11e4-a52e-4f735466cecf":"f.4CA2BB8DAA5DB34C3D6E0066B88761B9.d.6C0C93F2DAA33D6FB3CEDE23C8C3C389.e.10765","ELEMENT":"f.4CA2BB8DAA5DB34C3D6E0066B88761B9.d.6C0C93F2DAA33D6FB3CEDE23C8C3C389.e.10765"}]}
RESULT: {"script":"<script> [56 bytes]","args":[{"element-6066-11e4-a52e-4f735466cecf":"f.4CA2BB8DAA5DB34C3D6E0066B88761B9.d.6C0C93F2DAA33D6FB3CEDE23C8C3C389.e.10765","ELEMENT":"f.4CA2BB8DAA5DB34C3D6E0066B88761B9.d.6C0C93F2DAA33D6FB3CEDE23C8C3C389.e.10765"}]}
COMMAND: GET /session/e61d66238098f0a5d55953d3b90d37e6/screenshot - {}
RESULT: {}
COMMAND: POST /session/e61d66238098f0a5d55953d3b90d37e6/execute/sync - {"script":"<script> [56 bytes]","args":[{"element-6066-11e4-a52e-4f735466cecf":"f.4CA2BB8DAA5DB34C3D6E0066B88761B9.d.6C0C93F2DAA33D6FB3CEDE23C8C3C389.e.10765","ELEMENT":"f.4CA2BB8DAA5DB34C3D6E0066B88761B9.d.6C0C93F2DAA33D6FB3CEDE23C8C3C389.e.10765"}]}
RESULT: {"script":"<script> [56 bytes]","args":[{"element-6066-11e4-a52e-4f735466cecf":"f.4CA2BB8DAA5DB34C3D6E0066B88761B9.d.6C0C93F2DAA33D6FB3CEDE23C8C3C389.e.10765","ELEMENT":"f.4CA2BB8DAA5DB34C3D6E0066B88761B9.d.6C0C93F2DAA33D6FB3CEDE23C8C3C389.e.10765"}]}
COMMAND: GET /session/e61d66238098f0a5d55953d3b90d37e6/screenshot - {}
RESULT: {}
COMMAND: POST /session/e61d66238098f0a5d55953d3b90d37e6/execute/sync - {"script":"<script> [56 bytes]","args":[{"element-6066-11e4-a52e-4f735466cecf":"f.4CA2BB8DAA5DB34C3D6E0066B88761B9.d.6C0C93F2DAA33D6FB3CEDE23C8C3C389.e.10765","ELEMENT":"f.4CA2BB8DAA5DB34C3D6E0066B88761B9.d.6C0C93F2DAA33D6FB3CEDE23C8C3C389.e.10765"}]}
RESULT: {"script":"<script> [56 bytes]","args":[{"element-6066-11e4-a52e-4f735466cecf":"f.4CA2BB8DAA5DB34C3D6E0066B88761B9.d.6C0C93F2DAA33D6FB3CEDE23C8C3C389.e.10765","ELEMENT":"f.4CA2BB8DAA5DB34C3D6E0066B88761B9.d.6C0C93F2DAA33D6FB3CEDE23C8C3C389.e.10765"}]}
COMMAND: GET /session/e61d66238098f0a5d55953d3b90d37e6/screenshot - {}
RESULT: {}
COMMAND: POST /session/e61d66238098f0a5d55953d3b90d37e6/execute/sync - {"script":"<script> [56 bytes]","args":[{"element-6066-11e4-a52e-4f735466cecf":"f.4CA2BB8DAA5DB34C3D6E0066B88761B9.d.6C0C93F2DAA33D6FB3CEDE23C8C3C389.e.10765","ELEMENT":"f.4CA2BB8DAA5DB34C3D6E0066B88761B9.d.6C0C93F2DAA33D6FB3CEDE23C8C3C389.e.10765"}]}
RESULT: {"script":"<script> [56 bytes]","args":[{"element-6066-11e4-a52e-4f735466cecf":"f.4CA2BB8DAA5DB34C3D6E0066B88761B9.d.6C0C93F2DAA33D6FB3CEDE23C8C3C389.e.10765","ELEMENT":"f.4CA2BB8DAA5DB34C3D6E0066B88761B9.d.6C0C93F2DAA33D6FB3CEDE23C8C3C389.e.10765"}]}
COMMAND: GET /session/e61d66238098f0a5d55953d3b90d37e6/screenshot - {}
RESULT: {}
COMMAND: POST /session/e61d66238098f0a5d55953d3b90d37e6/execute/sync - {"script":"<script> [56 bytes]","args":[{"element-6066-11e4-a52e-4f735466cecf":"f.4CA2BB8DAA5DB34C3D6E0066B88761B9.d.6C0C93F2DAA33D6FB3CEDE23C8C3C389.e.10765","ELEMENT":"f.4CA2BB8DAA5DB34C3D6E0066B88761B9.d.6C0C93F2DAA33D6FB3CEDE23C8C3C389.e.10765"}]}
RESULT: {"script":"<script> [56 bytes]","args":[{"element-6066-11e4-a52e-4f735466cecf":"f.4CA2BB8DAA5DB34C3D6E0066B88761B9.d.6C0C93F2DAA33D6FB3CEDE23C8C3C389.e.10765","ELEMENT":"f.4CA2BB8DAA5DB34C3D6E0066B88761B9.d.6C0C93F2DAA33D6FB3CEDE23C8C3C389.e.10765"}]}
COMMAND: POST /session/e61d66238098f0a5d55953d3b90d37e6/element - {"using":"css selector","value":"#shell-header-logo"}
COMMAND: GET /session/e61d66238098f0a5d55953d3b90d37e6/screenshot - {}
RESULT: {"using":"css selector","value":"#shell-header-logo"}
COMMAND: POST /session/e61d66238098f0a5d55953d3b90d37e6/element/f.4CA2BB8DAA5DB34C3D6E0066B88761B9.d.6C0C93F2DAA33D6FB3CEDE23C8C3C389.e.10605/click - {}
RESULT: {}
RESULT: {}
COMMAND: GET /session/e61d66238098f0a5d55953d3b90d37e6/screenshot - {}
RESULT: {}
COMMAND: POST /session/e61d66238098f0a5d55953d3b90d37e6/element - {"using":"css selector","value":"#j_username"}
COMMAND: POST /session/e61d66238098f0a5d55953d3b90d37e6/url - {"url":"https://qa-testing-00-live-etm-ui.cfapps.eu10-004.hana.ondemand.com/"}
RESULT: {"using":"css selector","value":"#j_username"}
COMMAND: POST /session/e61d66238098f0a5d55953d3b90d37e6/element - {"using":"css selector","value":"#j_username"}
RESULT: {"url":"https://qa-testing-00-live-etm-ui.cfapps.eu10-004.hana.ondemand.com/"}
RESULT: undefined
COMMAND: GET /session/e61d66238098f0a5d55953d3b90d37e6/screenshot - {}
RESULT: {"using":"css selector","value":"#j_username"}
COMMAND: POST /session/e61d66238098f0a5d55953d3b90d37e6/element - {"using":"css selector","value":"#shell-header-logo"}
RESULT: {}
RESULT: {"using":"css selector","value":"#shell-header-logo"}
COMMAND: POST /session/e61d66238098f0a5d55953d3b90d37e6/execute/sync - {"script":"<script> [8489 bytes]","args":[{"element-6066-11e4-a52e-4f735466cecf":"f.4CA2BB8DAA5DB34C3D6E0066B88761B9.d.C79F820B6FF5CFE1BA1E6032EFF6AC85.e.10804","ELEMENT":"f.4CA2BB8DAA5DB34C3D6E0066B88761B9.d.C79F820B6FF5CFE1BA1E6032EFF6AC85.e.10804"}]}
RESULT: {"script":"<script> [8489 bytes]","args":[{"element-6066-11e4-a52e-4f735466cecf":"f.4CA2BB8DAA5DB34C3D6E0066B88761B9.d.C79F820B6FF5CFE1BA1E6032EFF6AC85.e.10804","ELEMENT":"f.4CA2BB8DAA5DB34C3D6E0066B88761B9.d.C79F820B6FF5CFE1BA1E6032EFF6AC85.e.10804"}]}
COMMAND: POST /session/e61d66238098f0a5d55953d3b90d37e6/element - {"using":"css selector","value":"#shell-header-logo"}
COMMAND: GET /session/e61d66238098f0a5d55953d3b90d37e6/screenshot - {}
RESULT: {"using":"css selector","value":"#shell-header-logo"}
COMMAND: POST /session/e61d66238098f0a5d55953d3b90d37e6/execute/sync - {"script":"<script> [8489 bytes]","args":[{"element-6066-11e4-a52e-4f735466cecf":"f.4CA2BB8DAA5DB34C3D6E0066B88761B9.d.C79F820B6FF5CFE1BA1E6032EFF6AC85.e.10804","ELEMENT":"f.4CA2BB8DAA5DB34C3D6E0066B88761B9.d.C79F820B6FF5CFE1BA1E6032EFF6AC85.e.10804"}]}
RESULT: {}
RESULT: {"script":"<script> [8489 bytes]","args":[{"element-6066-11e4-a52e-4f735466cecf":"f.4CA2BB8DAA5DB34C3D6E0066B88761B9.d.C79F820B6FF5CFE1BA1E6032EFF6AC85.e.10804","ELEMENT":"f.4CA2BB8DAA5DB34C3D6E0066B88761B9.d.C79F820B6FF5CFE1BA1E6032EFF6AC85.e.10804"}]}
COMMAND: POST /session/e61d66238098f0a5d55953d3b90d37e6/execute/sync - {"script":"<script> [5351 bytes]","args":[{"element-6066-11e4-a52e-4f735466cecf":"f.4CA2BB8DAA5DB34C3D6E0066B88761B9.d.C79F820B6FF5CFE1BA1E6032EFF6AC85.e.10804","ELEMENT":"f.4CA2BB8DAA5DB34C3D6E0066B88761B9.d.C79F820B6FF5CFE1BA1E6032EFF6AC85.e.10804"}]}
COMMAND: GET /session/e61d66238098f0a5d55953d3b90d37e6/screenshot - {}
RESULT: {"script":"<script> [5351 bytes]","args":[{"element-6066-11e4-a52e-4f735466cecf":"f.4CA2BB8DAA5DB34C3D6E0066B88761B9.d.C79F820B6FF5CFE1BA1E6032EFF6AC85.e.10804","ELEMENT":"f.4CA2BB8DAA5DB34C3D6E0066B88761B9.d.C79F820B6FF5CFE1BA1E6032EFF6AC85.e.10804"}]}
COMMAND: POST /session/e61d66238098f0a5d55953d3b90d37e6/element - {"using":"css selector","value":"#shell-header-logo"}
COMMAND: GET /session/e61d66238098f0a5d55953d3b90d37e6/screenshot - {}
RESULT: {}
RESULT: {"using":"css selector","value":"#shell-header-logo"}
COMMAND: POST /session/e61d66238098f0a5d55953d3b90d37e6/element/f.4CA2BB8DAA5DB34C3D6E0066B88761B9.d.C79F820B6FF5CFE1BA1E6032EFF6AC85.e.10804/click - {}
RESULT: {}
RESULT: {}
COMMAND: GET /session/e61d66238098f0a5d55953d3b90d37e6/screenshot - {}
RESULT: {}
COMMAND: POST /session/e61d66238098f0a5d55953d3b90d37e6/execute/async - {"script":"<script> [189 bytes]","args":[]}
RESULT: {"script":"<script> [189 bytes]","args":[]}
COMMAND: POST /session/e61d66238098f0a5d55953d3b90d37e6/execute/async - {"script":"<script> [123 bytes]","args":[]}
RESULT: {"script":"<script> [123 bytes]","args":[]}
COMMAND: POST /session/e61d66238098f0a5d55953d3b90d37e6/timeouts - {"script":"<number>"}
RESULT: {"script":"<number>"}
COMMAND: GET /session/e61d66238098f0a5d55953d3b90d37e6/timeouts - {}
RESULT: {}
RESULT: undefined
COMMAND: POST /session/e61d66238098f0a5d55953d3b90d37e6/execute/async - {"script":"<script> [2676 bytes]","args":[]}
RESULT: {"script":"<script> [2676 bytes]","args":[]}
COMMAND: POST /session/e61d66238098f0a5d55953d3b90d37e6/execute/async - {"script":"<script> [2342 bytes]","args":[{"protocol":"http","hostname":"0.0.0.0","path":"/","capabilities":{"browserName":"chrome","goog:chromeOptions":{"binary":"C:\\Program Files\\Google\\Chrome\\Application\\chrome.exe","args":["--start-maximized"]}},"logLevel":"warn","connectionRetryTimeout":120000,"connectionRetryCount":3,"logLevels":{},"enableDirectConnect":true,"strictSSL":true,"_":"65 more keys: [\"cacheDir\",\"port\",\"requestedCapabilities\",\"automationProtocol\",\"baseUrl\",\"waitforInterval\",\"waitforTimeout\",\"onReload\",\"beforeCommand\",\"afterCommand\",\"rootDir\",\"specs\",\"suites\",\"exclude\",\"groupLogsByTestSpec\",\"excludeDriverLogs\",\"bail\",\"framework\",\"reporters\",\"services\",\"maxInstances\",\"maxInstancesPerCapability\",\"injectGlobals\",\"filesToWatch\",\"execArgv\",\"runnerEnv\",\"runner\",\"shard\",\"specFileRetries\",\"specFileRetriesDelay\",\"specFileRetriesDeferred\",\"reporterSyncInterval\",\"reporterSyncTimeout\",\"cucumberFeaturesWithLineNumbers\",\"autoCompileOpts\",\"mochaOpts\",\"jasmineOpts\",\"cucumberOpts\",\"onPrepare\",\"onWorkerStart\",\"onWorkerEnd\",\"before\",\"beforeSession\",\"beforeSuite\",\"beforeHook\",\"beforeTest\",\"afterTest\",\"afterHook\",\"afterSuite\",\"afterSession\",\"after\",\"onComplete\",\"beforeAssertion\",\"afterAssertion\",\"beforeFeature\",\"beforeScenario\",\"beforeStep\",\"afterStep\",\"afterScenario\",\"afterFeature\",\"_\",\"suite\",\"$0\",\"ignoredWorkerServices\",\"wdi5\"]"}]}
RESULT: {"script":"<script> [2342 bytes]","args":[{"protocol":"http","hostname":"0.0.0.0","path":"/","capabilities":{"browserName":"chrome","goog:chromeOptions":{"binary":"C:\\Program Files\\Google\\Chrome\\Application\\chrome.exe","args":["--start-maximized"]}},"logLevel":"warn","connectionRetryTimeout":120000,"connectionRetryCount":3,"logLevels":{},"enableDirectConnect":true,"strictSSL":true,"_":"65 more keys: [\"cacheDir\",\"port\",\"requestedCapabilities\",\"automationProtocol\",\"baseUrl\",\"waitforInterval\",\"waitforTimeout\",\"onReload\",\"beforeCommand\",\"afterCommand\",\"rootDir\",\"specs\",\"suites\",\"exclude\",\"groupLogsByTestSpec\",\"excludeDriverLogs\",\"bail\",\"framework\",\"reporters\",\"services\",\"maxInstances\",\"maxInstancesPerCapability\",\"injectGlobals\",\"filesToWatch\",\"execArgv\",\"runnerEnv\",\"runner\",\"shard\",\"specFileRetries\",\"specFileRetriesDelay\",\"specFileRetriesDeferred\",\"reporterSyncInterval\",\"reporterSyncTimeout\",\"cucumberFeaturesWithLineNumbers\",\"autoCompileOpts\",\"mochaOpts\",\"jasmineOpts\",\"cucumberOpts\",\"onPrepare\",\"onWorkerStart\",\"onWorkerEnd\",\"before\",\"beforeSession\",\"beforeSuite\",\"beforeHook\",\"beforeTest\",\"afterTest\",\"afterHook\",\"afterSuite\",\"afterSession\",\"after\",\"onComplete\",\"beforeAssertion\",\"afterAssertion\",\"beforeFeature\",\"beforeScenario\",\"beforeStep\",\"afterStep\",\"afterScenario\",\"afterFeature\",\"_\",\"suite\",\"$0\",\"ignoredWorkerServices\",\"wdi5\"]"}]}
COMMAND: POST /session/e61d66238098f0a5d55953d3b90d37e6/execute/async - {"script":"<script> [21126 bytes]","args":[35000]}
RESULT: {"script":"<script> [21126 bytes]","args":[35000]}
COMMAND: POST /session/e61d66238098f0a5d55953d3b90d37e6/window/maximize - {}
RESULT: {}
COMMAND: POST /session/e61d66238098f0a5d55953d3b90d37e6/execute/async - {"script":"<script> [1562 bytes]","args":[{"selector":{"id":"shell-header","interaction":{"idSuffix":"icon"}},"wdio_ui5_key":"shellheader"}]}
COMMAND: GET /session/e61d66238098f0a5d55953d3b90d37e6/screenshot - {}
RESULT: {"script":"<script> [1562 bytes]","args":[{"selector":{"id":"shell-header","interaction":{"idSuffix":"icon"}},"wdio_ui5_key":"shellheader"}]}
RESULT: undefined
COMMAND: POST /session/e61d66238098f0a5d55953d3b90d37e6/refresh - {}
RESULT: {}
RESULT: {}
COMMAND: GET /session/e61d66238098f0a5d55953d3b90d37e6/screenshot - {}
RESULT: {}
COMMAND: POST /session/e61d66238098f0a5d55953d3b90d37e6/refresh - {}
RESULT: {}
COMMAND: GET /session/e61d66238098f0a5d55953d3b90d37e6/screenshot - {}
RESULT: {}
COMMAND: POST /session/e61d66238098f0a5d55953d3b90d37e6/window/fullscreen - {}
RESULT: {}
COMMAND: POST /session/e61d66238098f0a5d55953d3b90d37e6/execute/async - {"script":"<script> [189 bytes]","args":[]}
RESULT: {"script":"<script> [189 bytes]","args":[]}
COMMAND: POST /session/e61d66238098f0a5d55953d3b90d37e6/execute/async - {"script":"<script> [123 bytes]","args":[]}
RESULT: {"script":"<script> [123 bytes]","args":[]}
COMMAND: POST /session/e61d66238098f0a5d55953d3b90d37e6/timeouts - {"script":"<number>"}
RESULT: {"script":"<number>"}
COMMAND: GET /session/e61d66238098f0a5d55953d3b90d37e6/timeouts - {}
RESULT: {}
RESULT: undefined
COMMAND: POST /session/e61d66238098f0a5d55953d3b90d37e6/execute/async - {"script":"<script> [2676 bytes]","args":[]}
RESULT: {"script":"<script> [2676 bytes]","args":[]}
COMMAND: POST /session/e61d66238098f0a5d55953d3b90d37e6/execute/async - {"script":"<script> [2342 bytes]","args":[{"protocol":"http","hostname":"0.0.0.0","path":"/","capabilities":{"browserName":"chrome","goog:chromeOptions":{"binary":"C:\\Program Files\\Google\\Chrome\\Application\\chrome.exe","args":["--start-maximized"]}},"logLevel":"warn","connectionRetryTimeout":120000,"connectionRetryCount":3,"logLevels":{},"enableDirectConnect":true,"strictSSL":true,"_":"65 more keys: [\"cacheDir\",\"port\",\"requestedCapabilities\",\"automationProtocol\",\"baseUrl\",\"waitforInterval\",\"waitforTimeout\",\"onReload\",\"beforeCommand\",\"afterCommand\",\"rootDir\",\"specs\",\"suites\",\"exclude\",\"groupLogsByTestSpec\",\"excludeDriverLogs\",\"bail\",\"framework\",\"reporters\",\"services\",\"maxInstances\",\"maxInstancesPerCapability\",\"injectGlobals\",\"filesToWatch\",\"execArgv\",\"runnerEnv\",\"runner\",\"shard\",\"specFileRetries\",\"specFileRetriesDelay\",\"specFileRetriesDeferred\",\"reporterSyncInterval\",\"reporterSyncTimeout\",\"cucumberFeaturesWithLineNumbers\",\"autoCompileOpts\",\"mochaOpts\",\"jasmineOpts\",\"cucumberOpts\",\"onPrepare\",\"onWorkerStart\",\"onWorkerEnd\",\"before\",\"beforeSession\",\"beforeSuite\",\"beforeHook\",\"beforeTest\",\"afterTest\",\"afterHook\",\"afterSuite\",\"afterSession\",\"after\",\"onComplete\",\"beforeAssertion\",\"afterAssertion\",\"beforeFeature\",\"beforeScenario\",\"beforeStep\",\"afterStep\",\"afterScenario\",\"afterFeature\",\"_\",\"suite\",\"$0\",\"ignoredWorkerServices\",\"wdi5\"]"}]}
RESULT: {"script":"<script> [2342 bytes]","args":[{"protocol":"http","hostname":"0.0.0.0","path":"/","capabilities":{"browserName":"chrome","goog:chromeOptions":{"binary":"C:\\Program Files\\Google\\Chrome\\Application\\chrome.exe","args":["--start-maximized"]}},"logLevel":"warn","connectionRetryTimeout":120000,"connectionRetryCount":3,"logLevels":{},"enableDirectConnect":true,"strictSSL":true,"_":"65 more keys: [\"cacheDir\",\"port\",\"requestedCapabilities\",\"automationProtocol\",\"baseUrl\",\"waitforInterval\",\"waitforTimeout\",\"onReload\",\"beforeCommand\",\"afterCommand\",\"rootDir\",\"specs\",\"suites\",\"exclude\",\"groupLogsByTestSpec\",\"excludeDriverLogs\",\"bail\",\"framework\",\"reporters\",\"services\",\"maxInstances\",\"maxInstancesPerCapability\",\"injectGlobals\",\"filesToWatch\",\"execArgv\",\"runnerEnv\",\"runner\",\"shard\",\"specFileRetries\",\"specFileRetriesDelay\",\"specFileRetriesDeferred\",\"reporterSyncInterval\",\"reporterSyncTimeout\",\"cucumberFeaturesWithLineNumbers\",\"autoCompileOpts\",\"mochaOpts\",\"jasmineOpts\",\"cucumberOpts\",\"onPrepare\",\"onWorkerStart\",\"onWorkerEnd\",\"before\",\"beforeSession\",\"beforeSuite\",\"beforeHook\",\"beforeTest\",\"afterTest\",\"afterHook\",\"afterSuite\",\"afterSession\",\"after\",\"onComplete\",\"beforeAssertion\",\"afterAssertion\",\"beforeFeature\",\"beforeScenario\",\"beforeStep\",\"afterStep\",\"afterScenario\",\"afterFeature\",\"_\",\"suite\",\"$0\",\"ignoredWorkerServices\",\"wdi5\"]"}]}
COMMAND: POST /session/e61d66238098f0a5d55953d3b90d37e6/execute/async - {"script":"<script> [21126 bytes]","args":[35000]}
RESULT: {"script":"<script> [21126 bytes]","args":[35000]}
]]></system-out>
    </testcase>
  </testsuite>
  <testsuite timestamp="2025-05-16T18:08:26" time="684.235" tests="12" failures="0" errors="0" skipped="0">
    <properties>
      <property name="specId" value="0" />
      <property name="suiteName" value="Create Reverse Billing US127248" />
      <property name="capabilities" value="chrome.136_0_7103_93.windows" />
      <property name="file" value="file:///D:/a/1/s/test/specs/BTS/reverse-billing.spec.js" />
    </properties>
    <testcase classname="chrome.136_0_7103_93.windows.Create_Reverse_Billing_US127248" name="Should create a new yard" time="0.027">
      <system-out><![CDATA[
COMMAND: POST /session/e61d66238098f0a5d55953d3b90d37e6/window/fullscreen - {}
RESULT: {}
]]></system-out>
    </testcase>
    <testcase classname="chrome.136_0_7103_93.windows.Create_Reverse_Billing_US127248" name="Should create a new partner" time="0.005" />
    <testcase classname="chrome.136_0_7103_93.windows.Create_Reverse_Billing_US127248" name="Should create a new site" time="0.004" />
    <testcase classname="chrome.136_0_7103_93.windows.Create_Reverse_Billing_US127248" name="Should create a resource" time="138.179">
      <system-out><![CDATA[
COMMAND: POST /session/e61d66238098f0a5d55953d3b90d37e6/execute/async - {"script":"<script> [1562 bytes]","args":[{"selector":{"controlType":"sap.m.GenericTile","properties":{"header":"Manage Resources"}},"wdio_ui5_key":"sapm.GenericTile{\"header\":\"Manage Resources\"}"}]}
RESULT: {"script":"<script> [1562 bytes]","args":[{"selector":{"controlType":"sap.m.GenericTile","properties":{"header":"Manage Resources"}},"wdio_ui5_key":"sapm.GenericTile{\"header\":\"Manage Resources\"}"}]}
RESULT: undefined
COMMAND: POST /session/e61d66238098f0a5d55953d3b90d37e6/element - {"using":"xpath","value":"//*[@id=\"__tile39\"]"}
RESULT: {"using":"xpath","value":"//*[@id=\"__tile39\"]"}
COMMAND: POST /session/e61d66238098f0a5d55953d3b90d37e6/element/f.4CA2BB8DAA5DB34C3D6E0066B88761B9.d.D1EDACAEB5BA9E1108B36A0441A839B3.e.10964/click - {}
RESULT: {}
COMMAND: GET /session/e61d66238098f0a5d55953d3b90d37e6/screenshot - {}
RESULT: {}
COMMAND: POST /session/e61d66238098f0a5d55953d3b90d37e6/elements - {"using":"xpath","value":"//span[text()='Error']"}
RESULT: {"using":"xpath","value":"//span[text()='Error']"}
COMMAND: POST /session/e61d66238098f0a5d55953d3b90d37e6/element - {"using":"xpath","value":"//button[@data-kt=\"addNewRUOverflowToolbarButton\"]"}
RESULT: {"using":"xpath","value":"//button[@data-kt=\"addNewRUOverflowToolbarButton\"]"}
COMMAND: POST /session/e61d66238098f0a5d55953d3b90d37e6/elements - {"using":"xpath","value":"//button[@data-kt=\"addNewRUOverflowToolbarButton\"]"}
RESULT: {"using":"xpath","value":"//button[@data-kt=\"addNewRUOverflowToolbarButton\"]"}
COMMAND: POST /session/e61d66238098f0a5d55953d3b90d37e6/elements - {"using":"xpath","value":"//button[@data-kt=\"addNewRUOverflowToolbarButton\"]"}
RESULT: {"using":"xpath","value":"//button[@data-kt=\"addNewRUOverflowToolbarButton\"]"}
COMMAND: POST /session/e61d66238098f0a5d55953d3b90d37e6/elements - {"using":"xpath","value":"//button[@data-kt=\"addNewRUOverflowToolbarButton\"]"}
RESULT: {"using":"xpath","value":"//button[@data-kt=\"addNewRUOverflowToolbarButton\"]"}
COMMAND: POST /session/e61d66238098f0a5d55953d3b90d37e6/element - {"using":"xpath","value":"//button[@data-kt=\"addNewRUOverflowToolbarButton\"]"}
RESULT: {"using":"xpath","value":"//button[@data-kt=\"addNewRUOverflowToolbarButton\"]"}
COMMAND: POST /session/e61d66238098f0a5d55953d3b90d37e6/execute/sync - {"script":"<script> [8489 bytes]","args":[{"element-6066-11e4-a52e-4f735466cecf":"f.4CA2BB8DAA5DB34C3D6E0066B88761B9.d.D1EDACAEB5BA9E1108B36A0441A839B3.e.11097","ELEMENT":"f.4CA2BB8DAA5DB34C3D6E0066B88761B9.d.D1EDACAEB5BA9E1108B36A0441A839B3.e.11097"}]}
RESULT: {"script":"<script> [8489 bytes]","args":[{"element-6066-11e4-a52e-4f735466cecf":"f.4CA2BB8DAA5DB34C3D6E0066B88761B9.d.D1EDACAEB5BA9E1108B36A0441A839B3.e.11097","ELEMENT":"f.4CA2BB8DAA5DB34C3D6E0066B88761B9.d.D1EDACAEB5BA9E1108B36A0441A839B3.e.11097"}]}
COMMAND: GET /session/e61d66238098f0a5d55953d3b90d37e6/element/f.4CA2BB8DAA5DB34C3D6E0066B88761B9.d.D1EDACAEB5BA9E1108B36A0441A839B3.e.11097/enabled - {}
COMMAND: GET /session/e61d66238098f0a5d55953d3b90d37e6/screenshot - {}
RESULT: {}
COMMAND: POST /session/e61d66238098f0a5d55953d3b90d37e6/execute/sync - {"script":"<script> [8489 bytes]","args":[{"element-6066-11e4-a52e-4f735466cecf":"f.4CA2BB8DAA5DB34C3D6E0066B88761B9.d.D1EDACAEB5BA9E1108B36A0441A839B3.e.11097","ELEMENT":"f.4CA2BB8DAA5DB34C3D6E0066B88761B9.d.D1EDACAEB5BA9E1108B36A0441A839B3.e.11097"}]}
COMMAND: GET /session/e61d66238098f0a5d55953d3b90d37e6/screenshot - {}
RESULT: {}
RESULT: {"script":"<script> [8489 bytes]","args":[{"element-6066-11e4-a52e-4f735466cecf":"f.4CA2BB8DAA5DB34C3D6E0066B88761B9.d.D1EDACAEB5BA9E1108B36A0441A839B3.e.11097","ELEMENT":"f.4CA2BB8DAA5DB34C3D6E0066B88761B9.d.D1EDACAEB5BA9E1108B36A0441A839B3.e.11097"}]}
COMMAND: POST /session/e61d66238098f0a5d55953d3b90d37e6/execute/sync - {"script":"<script> [5351 bytes]","args":[{"element-6066-11e4-a52e-4f735466cecf":"f.4CA2BB8DAA5DB34C3D6E0066B88761B9.d.D1EDACAEB5BA9E1108B36A0441A839B3.e.11097","ELEMENT":"f.4CA2BB8DAA5DB34C3D6E0066B88761B9.d.D1EDACAEB5BA9E1108B36A0441A839B3.e.11097"}]}
COMMAND: GET /session/e61d66238098f0a5d55953d3b90d37e6/screenshot - {}
RESULT: {}
RESULT: {"script":"<script> [5351 bytes]","args":[{"element-6066-11e4-a52e-4f735466cecf":"f.4CA2BB8DAA5DB34C3D6E0066B88761B9.d.D1EDACAEB5BA9E1108B36A0441A839B3.e.11097","ELEMENT":"f.4CA2BB8DAA5DB34C3D6E0066B88761B9.d.D1EDACAEB5BA9E1108B36A0441A839B3.e.11097"}]}
COMMAND: POST /session/e61d66238098f0a5d55953d3b90d37e6/element/f.4CA2BB8DAA5DB34C3D6E0066B88761B9.d.D1EDACAEB5BA9E1108B36A0441A839B3.e.11097/click - {}
COMMAND: GET /session/e61d66238098f0a5d55953d3b90d37e6/screenshot - {}
RESULT: {}
RESULT: {}
COMMAND: GET /session/e61d66238098f0a5d55953d3b90d37e6/screenshot - {}
COMMAND: POST /session/e61d66238098f0a5d55953d3b90d37e6/execute/async - {"script":"<script> [1562 bytes]","args":[{"selector":{"id":"application-manageresources-display-component---newResourceUnit--TYPE-arrow"},"wdio_ui5_key":"applicationmanageresources-display-component---newResourceUnit--TYPE-arrow"}]}
RESULT: {}
RESULT: {}
RESULT: {"script":"<script> [1562 bytes]","args":[{"selector":{"id":"application-manageresources-display-component---newResourceUnit--TYPE-arrow"},"wdio_ui5_key":"applicationmanageresources-display-component---newResourceUnit--TYPE-arrow"}]}
RESULT: undefined
COMMAND: POST /session/e61d66238098f0a5d55953d3b90d37e6/element - {"using":"xpath","value":"//*[@id=\"application-manageresources-display-component---newResourceUnit--TYPE-arrow\"]"}
RESULT: {"using":"xpath","value":"//*[@id=\"application-manageresources-display-component---newResourceUnit--TYPE-arrow\"]"}
COMMAND: POST /session/e61d66238098f0a5d55953d3b90d37e6/element/f.4CA2BB8DAA5DB34C3D6E0066B88761B9.d.D1EDACAEB5BA9E1108B36A0441A839B3.e.11456/click - {}
RESULT: {}
COMMAND: POST /session/e61d66238098f0a5d55953d3b90d37e6/element - {"using":"xpath","value":"//input[@id=\"application-manageresources-display-component---newResourceUnit--TYPE-inner\"]"}
COMMAND: GET /session/e61d66238098f0a5d55953d3b90d37e6/screenshot - {}
RESULT: {"using":"xpath","value":"//input[@id=\"application-manageresources-display-component---newResourceUnit--TYPE-inner\"]"}
COMMAND: POST /session/e61d66238098f0a5d55953d3b90d37e6/element/f.4CA2BB8DAA5DB34C3D6E0066B88761B9.d.D1EDACAEB5BA9E1108B36A0441A839B3.e.11450/clear - {}
RESULT: {}
RESULT: {}
COMMAND: POST /session/e61d66238098f0a5d55953d3b90d37e6/element/f.4CA2BB8DAA5DB34C3D6E0066B88761B9.d.D1EDACAEB5BA9E1108B36A0441A839B3.e.11450/value - {"text":"Equipment"}
COMMAND: GET /session/e61d66238098f0a5d55953d3b90d37e6/screenshot - {}
RESULT: {"text":"Equipment"}
COMMAND: GET /session/e61d66238098f0a5d55953d3b90d37e6/screenshot - {}
RESULT: {}
RESULT: {}
COMMAND: POST /session/e61d66238098f0a5d55953d3b90d37e6/actions - {"actions":[{"id":"action40","type":"key","parameters":{},"actions":[{"type":"keyDown","value":"î€‡"},{"type":"pause","duration":10},{"type":"keyUp","value":"î€‡"}]}]}
RESULT: {"actions":[{"id":"action40","type":"key","parameters":{},"actions":[{"type":"keyDown","value":"î€‡"},{"type":"pause","duration":10},{"type":"keyUp","value":"î€‡"}]}]}
COMMAND: POST /session/e61d66238098f0a5d55953d3b90d37e6/execute/async - {"script":"<script> [1562 bytes]","args":[{"selector":{"id":"application-manageresources-display-component---newResourceUnit--resourceId","interaction":{"idSuffix":"inner"}},"wdio_ui5_key":"applicationmanageresources-display-component---newResourceUnit--resourceId"}]}
COMMAND: GET /session/e61d66238098f0a5d55953d3b90d37e6/screenshot - {}
RESULT: {"script":"<script> [1562 bytes]","args":[{"selector":{"id":"application-manageresources-display-component---newResourceUnit--resourceId","interaction":{"idSuffix":"inner"}},"wdio_ui5_key":"applicationmanageresources-display-component---newResourceUnit--resourceId"}]}
RESULT: undefined
COMMAND: POST /session/e61d66238098f0a5d55953d3b90d37e6/execute/async - {"script":"<script> [776 bytes]","args":[{"enterText":"MmLX1J2ohW","selector":{"id":"application-manageresources-display-component---newResourceUnit--resourceId","interaction":{"idSuffix":"inner"}},"clearTextFirst":true,"interactionType":"ENTER_TEXT"}]}
RESULT: {}
RESULT: {"script":"<script> [776 bytes]","args":[{"enterText":"MmLX1J2ohW","selector":{"id":"application-manageresources-display-component---newResourceUnit--resourceId","interaction":{"idSuffix":"inner"}},"clearTextFirst":true,"interactionType":"ENTER_TEXT"}]}
COMMAND: POST /session/e61d66238098f0a5d55953d3b90d37e6/execute/async - {"script":"<script> [1562 bytes]","args":[{"selector":{"id":"application-manageresources-display-component---newResourceUnit--SHORT_TEXT","interaction":{"idSuffix":"inner"}},"wdio_ui5_key":"applicationmanageresources-display-component---newResourceUnit--SHORT_TEXT"}]}
RESULT: {"script":"<script> [1562 bytes]","args":[{"selector":{"id":"application-manageresources-display-component---newResourceUnit--SHORT_TEXT","interaction":{"idSuffix":"inner"}},"wdio_ui5_key":"applicationmanageresources-display-component---newResourceUnit--SHORT_TEXT"}]}
RESULT: undefined
COMMAND: POST /session/e61d66238098f0a5d55953d3b90d37e6/execute/async - {"script":"<script> [776 bytes]","args":[{"enterText":"Intercompany Equipment WDIO","selector":{"id":"application-manageresources-display-component---newResourceUnit--SHORT_TEXT","interaction":{"idSuffix":"inner"}},"clearTextFirst":true,"interactionType":"ENTER_TEXT"}]}
RESULT: {"script":"<script> [776 bytes]","args":[{"enterText":"Intercompany Equipment WDIO","selector":{"id":"application-manageresources-display-component---newResourceUnit--SHORT_TEXT","interaction":{"idSuffix":"inner"}},"clearTextFirst":true,"interactionType":"ENTER_TEXT"}]}
COMMAND: POST /session/e61d66238098f0a5d55953d3b90d37e6/execute/async - {"script":"<script> [1562 bytes]","args":[{"selector":{"id":"application-manageresources-display-component---newResourceUnit--BASE_UNIT_OF_MEASURE","interaction":{"idSuffix":"inner"}},"wdio_ui5_key":"applicationmanageresources-display-component---newResourceUnit--BASE_UNIT_OF_MEASURE"}]}
RESULT: {"script":"<script> [1562 bytes]","args":[{"selector":{"id":"application-manageresources-display-component---newResourceUnit--BASE_UNIT_OF_MEASURE","interaction":{"idSuffix":"inner"}},"wdio_ui5_key":"applicationmanageresources-display-component---newResourceUnit--BASE_UNIT_OF_MEASURE"}]}
RESULT: undefined
COMMAND: POST /session/e61d66238098f0a5d55953d3b90d37e6/execute/async - {"script":"<script> [776 bytes]","args":[{"enterText":"Piece","selector":{"id":"application-manageresources-display-component---newResourceUnit--BASE_UNIT_OF_MEASURE","interaction":{"idSuffix":"inner"}},"clearTextFirst":true,"interactionType":"ENTER_TEXT"}]}
RESULT: {"script":"<script> [776 bytes]","args":[{"enterText":"Piece","selector":{"id":"application-manageresources-display-component---newResourceUnit--BASE_UNIT_OF_MEASURE","interaction":{"idSuffix":"inner"}},"clearTextFirst":true,"interactionType":"ENTER_TEXT"}]}
COMMAND: POST /session/e61d66238098f0a5d55953d3b90d37e6/execute/async - {"script":"<script> [1562 bytes]","args":[{"selector":{"id":"application-manageresources-display-component---newResourceUnit--WEIGHT_UNIT","interaction":{"idSuffix":"inner"}},"wdio_ui5_key":"applicationmanageresources-display-component---newResourceUnit--WEIGHT_UNIT"}]}
RESULT: {"script":"<script> [1562 bytes]","args":[{"selector":{"id":"application-manageresources-display-component---newResourceUnit--WEIGHT_UNIT","interaction":{"idSuffix":"inner"}},"wdio_ui5_key":"applicationmanageresources-display-component---newResourceUnit--WEIGHT_UNIT"}]}
RESULT: undefined
COMMAND: POST /session/e61d66238098f0a5d55953d3b90d37e6/execute/async - {"script":"<script> [776 bytes]","args":[{"enterText":"Gram","selector":{"id":"application-manageresources-display-component---newResourceUnit--WEIGHT_UNIT","interaction":{"idSuffix":"inner"}},"clearTextFirst":true,"interactionType":"ENTER_TEXT"}]}
RESULT: {"script":"<script> [776 bytes]","args":[{"enterText":"Gram","selector":{"id":"application-manageresources-display-component---newResourceUnit--WEIGHT_UNIT","interaction":{"idSuffix":"inner"}},"clearTextFirst":true,"interactionType":"ENTER_TEXT"}]}
COMMAND: POST /session/e61d66238098f0a5d55953d3b90d37e6/execute/async - {"script":"<script> [1562 bytes]","args":[{"selector":{"id":"application-manageresources-display-component---newResourceUnit--DIMENSION_UNIT","interaction":{"idSuffix":"inner"}},"wdio_ui5_key":"applicationmanageresources-display-component---newResourceUnit--DIMENSION_UNIT"}]}
RESULT: {"script":"<script> [1562 bytes]","args":[{"selector":{"id":"application-manageresources-display-component---newResourceUnit--DIMENSION_UNIT","interaction":{"idSuffix":"inner"}},"wdio_ui5_key":"applicationmanageresources-display-component---newResourceUnit--DIMENSION_UNIT"}]}
RESULT: undefined
COMMAND: POST /session/e61d66238098f0a5d55953d3b90d37e6/execute/async - {"script":"<script> [776 bytes]","args":[{"enterText":"Meter","selector":{"id":"application-manageresources-display-component---newResourceUnit--DIMENSION_UNIT","interaction":{"idSuffix":"inner"}},"clearTextFirst":true,"interactionType":"ENTER_TEXT"}]}
RESULT: {"script":"<script> [776 bytes]","args":[{"enterText":"Meter","selector":{"id":"application-manageresources-display-component---newResourceUnit--DIMENSION_UNIT","interaction":{"idSuffix":"inner"}},"clearTextFirst":true,"interactionType":"ENTER_TEXT"}]}
COMMAND: POST /session/e61d66238098f0a5d55953d3b90d37e6/execute/async - {"script":"<script> [1562 bytes]","args":[{"selector":{"id":"application-manageresources-display-component---newResourceUnit--newRRUPage-anchBar-application-manageresources-display-component---newResourceUnit--control-anchor","interaction":{"idSuffix":"BDI-content"}},"wdio_ui5_key":"applicationmanageresources-display-component---newResourceUnit--newRRUPage-anchBar-application-manageresources-display-component---newResourceUnit--control-anchor"}]}
RESULT: {"script":"<script> [1562 bytes]","args":[{"selector":{"id":"application-manageresources-display-component---newResourceUnit--newRRUPage-anchBar-application-manageresources-display-component---newResourceUnit--control-anchor","interaction":{"idSuffix":"BDI-content"}},"wdio_ui5_key":"applicationmanageresources-display-component---newResourceUnit--newRRUPage-anchBar-application-manageresources-display-component---newResourceUnit--control-anchor"}]}
RESULT: undefined
COMMAND: POST /session/e61d66238098f0a5d55953d3b90d37e6/element - {"using":"xpath","value":"//*[@id=\"application-manageresources-display-component---newResourceUnit--newRRUPage-anchBar-application-manageresources-display-component---newResourceUnit--control-anchor\"]"}
RESULT: {"using":"xpath","value":"//*[@id=\"application-manageresources-display-component---newResourceUnit--newRRUPage-anchBar-application-manageresources-display-component---newResourceUnit--control-anchor\"]"}
COMMAND: POST /session/e61d66238098f0a5d55953d3b90d37e6/element/f.4CA2BB8DAA5DB34C3D6E0066B88761B9.d.D1EDACAEB5BA9E1108B36A0441A839B3.e.11588/click - {}
RESULT: {}
COMMAND: POST /session/e61d66238098f0a5d55953d3b90d37e6/execute/async - {"script":"<script> [1562 bytes]","args":[{"selector":{"id":"application-manageresources-display-component---newResourceUnit--PLANNING_GROUP","interaction":{"idSuffix":"inner"}},"wdio_ui5_key":"applicationmanageresources-display-component---newResourceUnit--PLANNING_GROUP"}]}
COMMAND: GET /session/e61d66238098f0a5d55953d3b90d37e6/screenshot - {}
RESULT: {"script":"<script> [1562 bytes]","args":[{"selector":{"id":"application-manageresources-display-component---newResourceUnit--PLANNING_GROUP","interaction":{"idSuffix":"inner"}},"wdio_ui5_key":"applicationmanageresources-display-component---newResourceUnit--PLANNING_GROUP"}]}
RESULT: undefined
COMMAND: POST /session/e61d66238098f0a5d55953d3b90d37e6/execute/async - {"script":"<script> [776 bytes]","args":[{"enterText":"Heavy Equi","selector":{"id":"application-manageresources-display-component---newResourceUnit--PLANNING_GROUP","interaction":{"idSuffix":"inner"}},"clearTextFirst":true,"interactionType":"ENTER_TEXT"}]}
RESULT: {}
RESULT: {"script":"<script> [776 bytes]","args":[{"enterText":"Heavy Equi","selector":{"id":"application-manageresources-display-component---newResourceUnit--PLANNING_GROUP","interaction":{"idSuffix":"inner"}},"clearTextFirst":true,"interactionType":"ENTER_TEXT"}]}
COMMAND: POST /session/e61d66238098f0a5d55953d3b90d37e6/execute/async - {"script":"<script> [1562 bytes]","args":[{"selector":{"id":"application-manageresources-display-component---newResourceUnit--ITEM_TYPE-arrow"},"wdio_ui5_key":"applicationmanageresources-display-component---newResourceUnit--ITEM_TYPE-arrow"}]}
RESULT: {"script":"<script> [1562 bytes]","args":[{"selector":{"id":"application-manageresources-display-component---newResourceUnit--ITEM_TYPE-arrow"},"wdio_ui5_key":"applicationmanageresources-display-component---newResourceUnit--ITEM_TYPE-arrow"}]}
RESULT: undefined
COMMAND: POST /session/e61d66238098f0a5d55953d3b90d37e6/element - {"using":"xpath","value":"//*[@id=\"application-manageresources-display-component---newResourceUnit--ITEM_TYPE-arrow\"]"}
RESULT: {"using":"xpath","value":"//*[@id=\"application-manageresources-display-component---newResourceUnit--ITEM_TYPE-arrow\"]"}
COMMAND: POST /session/e61d66238098f0a5d55953d3b90d37e6/element/f.4CA2BB8DAA5DB34C3D6E0066B88761B9.d.D1EDACAEB5BA9E1108B36A0441A839B3.e.11595/click - {}
RESULT: {}
COMMAND: POST /session/e61d66238098f0a5d55953d3b90d37e6/element - {"using":"xpath","value":"(//span[contains(text(), \"Resource Unit\")])[2]"}
COMMAND: GET /session/e61d66238098f0a5d55953d3b90d37e6/screenshot - {}
RESULT: {"using":"xpath","value":"(//span[contains(text(), \"Resource Unit\")])[2]"}
COMMAND: POST /session/e61d66238098f0a5d55953d3b90d37e6/element/f.4CA2BB8DAA5DB34C3D6E0066B88761B9.d.D1EDACAEB5BA9E1108B36A0441A839B3.e.11596/click - {}
RESULT: {}
RESULT: {}
COMMAND: GET /session/e61d66238098f0a5d55953d3b90d37e6/screenshot - {}
RESULT: {}
COMMAND: POST /session/e61d66238098f0a5d55953d3b90d37e6/element - {"using":"css selector","value":"#application-manageresources-display-component---newResourceUnit--btnAddTimeSegment"}
RESULT: {"using":"css selector","value":"#application-manageresources-display-component---newResourceUnit--btnAddTimeSegment"}
COMMAND: GET /session/e61d66238098f0a5d55953d3b90d37e6/element/f.4CA2BB8DAA5DB34C3D6E0066B88761B9.d.D1EDACAEB5BA9E1108B36A0441A839B3.e.11597/rect - {}
RESULT: {}
COMMAND: GET /session/e61d66238098f0a5d55953d3b90d37e6/window/rect - {}
RESULT: {}
COMMAND: POST /session/e61d66238098f0a5d55953d3b90d37e6/execute/sync - {"script":"<script> [92 bytes]","args":[]}
RESULT: {"script":"<script> [92 bytes]","args":[]}
COMMAND: POST /session/e61d66238098f0a5d55953d3b90d37e6/actions - {"actions":[{"id":"action41","type":"wheel","parameters":{},"actions":[{"type":"scroll","x":-1888,"y":-32,"deltaX":0,"deltaY":0,"duration":0,"origin":{"element-6066-11e4-a52e-4f735466cecf":"f.4CA2BB8DAA5DB34C3D6E0066B88761B9.d.D1EDACAEB5BA9E1108B36A0441A839B3.e.11597"}}]}]}
COMMAND: GET /session/e61d66238098f0a5d55953d3b90d37e6/screenshot - {}
RESULT: {}
COMMAND: POST /session/e61d66238098f0a5d55953d3b90d37e6/execute/sync - {"script":"<script> [79 bytes]","args":[{"element-6066-11e4-a52e-4f735466cecf":"f.4CA2BB8DAA5DB34C3D6E0066B88761B9.d.D1EDACAEB5BA9E1108B36A0441A839B3.e.11597","ELEMENT":"f.4CA2BB8DAA5DB34C3D6E0066B88761B9.d.D1EDACAEB5BA9E1108B36A0441A839B3.e.11597"},{"block":"start","inline":"nearest"}]}
RESULT: {"script":"<script> [79 bytes]","args":[{"element-6066-11e4-a52e-4f735466cecf":"f.4CA2BB8DAA5DB34C3D6E0066B88761B9.d.D1EDACAEB5BA9E1108B36A0441A839B3.e.11597","ELEMENT":"f.4CA2BB8DAA5DB34C3D6E0066B88761B9.d.D1EDACAEB5BA9E1108B36A0441A839B3.e.11597"},{"block":"start","inline":"nearest"}]}
COMMAND: POST /session/e61d66238098f0a5d55953d3b90d37e6/execute/async - {"script":"<script> [1562 bytes]","args":[{"selector":{"id":"application-manageresources-display-component---newResourceUnit--btnAddTimeSegment","interaction":{"idSuffix":"inner"}},"wdio_ui5_key":"applicationmanageresources-display-component---newResourceUnit--btnAddTimeSegment"}]}
COMMAND: GET /session/e61d66238098f0a5d55953d3b90d37e6/screenshot - {}
RESULT: {"script":"<script> [1562 bytes]","args":[{"selector":{"id":"application-manageresources-display-component---newResourceUnit--btnAddTimeSegment","interaction":{"idSuffix":"inner"}},"wdio_ui5_key":"applicationmanageresources-display-component---newResourceUnit--btnAddTimeSegment"}]}
RESULT: undefined
COMMAND: POST /session/e61d66238098f0a5d55953d3b90d37e6/element - {"using":"xpath","value":"//*[@id=\"application-manageresources-display-component---newResourceUnit--btnAddTimeSegment\"]"}
RESULT: {}
RESULT: {"using":"xpath","value":"//*[@id=\"application-manageresources-display-component---newResourceUnit--btnAddTimeSegment\"]"}
COMMAND: POST /session/e61d66238098f0a5d55953d3b90d37e6/element/f.4CA2BB8DAA5DB34C3D6E0066B88761B9.d.D1EDACAEB5BA9E1108B36A0441A839B3.e.11597/click - {}
RESULT: {}
COMMAND: GET /session/e61d66238098f0a5d55953d3b90d37e6/screenshot - {}
RESULT: {}
COMMAND: POST /session/e61d66238098f0a5d55953d3b90d37e6/element - {"using":"xpath","value":"//input[@id=\"application-manageresources-display-component---newResourceUnit--idRuTSAdmin-application-manageresources-display-component---newResourceUnit--RUTimeSegment-0-inner\"]"}
RESULT: {"using":"xpath","value":"//input[@id=\"application-manageresources-display-component---newResourceUnit--idRuTSAdmin-application-manageresources-display-component---newResourceUnit--RUTimeSegment-0-inner\"]"}
COMMAND: POST /session/e61d66238098f0a5d55953d3b90d37e6/element/f.4CA2BB8DAA5DB34C3D6E0066B88761B9.d.D1EDACAEB5BA9E1108B36A0441A839B3.e.11603/clear - {}
RESULT: {}
COMMAND: POST /session/e61d66238098f0a5d55953d3b90d37e6/element/f.4CA2BB8DAA5DB34C3D6E0066B88761B9.d.D1EDACAEB5BA9E1108B36A0441A839B3.e.11603/value - {"text":"481"}
COMMAND: GET /session/e61d66238098f0a5d55953d3b90d37e6/screenshot - {}
RESULT: {"text":"481"}
COMMAND: GET /session/e61d66238098f0a5d55953d3b90d37e6/screenshot - {}
RESULT: {}
RESULT: {}
COMMAND: POST /session/e61d66238098f0a5d55953d3b90d37e6/element - {"using":"xpath","value":"//li[.//span[text()='481']]"}
RESULT: {"using":"xpath","value":"//li[.//span[text()='481']]"}
COMMAND: POST /session/e61d66238098f0a5d55953d3b90d37e6/element/f.4CA2BB8DAA5DB34C3D6E0066B88761B9.d.D1EDACAEB5BA9E1108B36A0441A839B3.e.11615/click - {}
RESULT: {}
COMMAND: GET /session/e61d66238098f0a5d55953d3b90d37e6/screenshot - {}
RESULT: {}
COMMAND: POST /session/e61d66238098f0a5d55953d3b90d37e6/element - {"using":"xpath","value":"(//span[contains(@id, \"-application-manageresources-display-component---newResourceUnit--RUTimeSegment-0-arrow\")])[6]"}
RESULT: {"using":"xpath","value":"(//span[contains(@id, \"-application-manageresources-display-component---newResourceUnit--RUTimeSegment-0-arrow\")])[6]"}
COMMAND: POST /session/e61d66238098f0a5d55953d3b90d37e6/element/f.4CA2BB8DAA5DB34C3D6E0066B88761B9.d.D1EDACAEB5BA9E1108B36A0441A839B3.e.11616/click - {}
RESULT: {}
COMMAND: GET /session/e61d66238098f0a5d55953d3b90d37e6/screenshot - {}
RESULT: {}
COMMAND: POST /session/e61d66238098f0a5d55953d3b90d37e6/element - {"using":"xpath","value":"//span[contains(text(), \"PM Order\")]"}
RESULT: {"using":"xpath","value":"//span[contains(text(), \"PM Order\")]"}
COMMAND: POST /session/e61d66238098f0a5d55953d3b90d37e6/element/f.4CA2BB8DAA5DB34C3D6E0066B88761B9.d.D1EDACAEB5BA9E1108B36A0441A839B3.e.11619/click - {}
RESULT: {}
COMMAND: GET /session/e61d66238098f0a5d55953d3b90d37e6/screenshot - {}
RESULT: {}
COMMAND: POST /session/e61d66238098f0a5d55953d3b90d37e6/element - {"using":"xpath","value":"(//span[contains(@id ,\"manageresources-display-component---newResourceUnit--RUTimeSegment-0-vhi\")])[1]"}
RESULT: {"using":"xpath","value":"(//span[contains(@id ,\"manageresources-display-component---newResourceUnit--RUTimeSegment-0-vhi\")])[1]"}
COMMAND: GET /session/e61d66238098f0a5d55953d3b90d37e6/element/f.4CA2BB8DAA5DB34C3D6E0066B88761B9.d.D1EDACAEB5BA9E1108B36A0441A839B3.e.11623/rect - {}
RESULT: {}
COMMAND: GET /session/e61d66238098f0a5d55953d3b90d37e6/window/rect - {}
RESULT: {}
COMMAND: POST /session/e61d66238098f0a5d55953d3b90d37e6/execute/sync - {"script":"<script> [92 bytes]","args":[]}
RESULT: {"script":"<script> [92 bytes]","args":[]}
COMMAND: POST /session/e61d66238098f0a5d55953d3b90d37e6/actions - {"actions":[{"id":"action42","type":"wheel","parameters":{},"actions":[{"type":"scroll","x":-869,"y":-24,"deltaX":0,"deltaY":0,"duration":0,"origin":{"element-6066-11e4-a52e-4f735466cecf":"f.4CA2BB8DAA5DB34C3D6E0066B88761B9.d.D1EDACAEB5BA9E1108B36A0441A839B3.e.11623"}}]}]}
COMMAND: GET /session/e61d66238098f0a5d55953d3b90d37e6/screenshot - {}
RESULT: {"actions":[{"id":"action42","type":"wheel","parameters":{},"actions":[{"type":"scroll","x":-869,"y":-24,"deltaX":0,"deltaY":0,"duration":0,"origin":{"element-6066-11e4-a52e-4f735466cecf":"f.4CA2BB8DAA5DB34C3D6E0066B88761B9.d.D1EDACAEB5BA9E1108B36A0441A839B3.e.11623"}}]}]}
COMMAND: DELETE /session/e61d66238098f0a5d55953d3b90d37e6/actions - {}
COMMAND: GET /session/e61d66238098f0a5d55953d3b90d37e6/screenshot - {}
RESULT: {}
RESULT: {}
COMMAND: GET /session/e61d66238098f0a5d55953d3b90d37e6/screenshot - {}
RESULT: {}
RESULT: {}
COMMAND: POST /session/e61d66238098f0a5d55953d3b90d37e6/element/f.4CA2BB8DAA5DB34C3D6E0066B88761B9.d.D1EDACAEB5BA9E1108B36A0441A839B3.e.11623/click - {}
RESULT: {}
COMMAND: GET /session/e61d66238098f0a5d55953d3b90d37e6/screenshot - {}
RESULT: {}
COMMAND: POST /session/e61d66238098f0a5d55953d3b90d37e6/execute/async - {"script":"<script> [1562 bytes]","args":[{"selector":{"controlType":"sap.m.SearchField","properties":{"placeholder":"Search"},"searchOpenDialogs":true,"interaction":{"idSuffix":"I"}},"wdio_ui5_key":"sapm.SearchField{\"placeholder\":\"Search\"}"}]}
RESULT: {"script":"<script> [1562 bytes]","args":[{"selector":{"controlType":"sap.m.SearchField","properties":{"placeholder":"Search"},"searchOpenDialogs":true,"interaction":{"idSuffix":"I"}},"wdio_ui5_key":"sapm.SearchField{\"placeholder\":\"Search\"}"}]}
RESULT: undefined
COMMAND: POST /session/e61d66238098f0a5d55953d3b90d37e6/execute/async - {"script":"<script> [776 bytes]","args":[{"enterText":"4000360","selector":{"controlType":"sap.m.SearchField","properties":{"placeholder":"Search"},"searchOpenDialogs":true,"interaction":{"idSuffix":"I"}},"clearTextFirst":true,"interactionType":"ENTER_TEXT"}]}
RESULT: {"script":"<script> [776 bytes]","args":[{"enterText":"4000360","selector":{"controlType":"sap.m.SearchField","properties":{"placeholder":"Search"},"searchOpenDialogs":true,"interaction":{"idSuffix":"I"}},"clearTextFirst":true,"interactionType":"ENTER_TEXT"}]}
COMMAND: POST /session/e61d66238098f0a5d55953d3b90d37e6/actions - {"actions":[{"id":"action43","type":"key","parameters":{},"actions":[{"type":"keyDown","value":"î€‡"},{"type":"pause","duration":10},{"type":"keyUp","value":"î€‡"}]}]}
RESULT: {"actions":[{"id":"action43","type":"key","parameters":{},"actions":[{"type":"keyDown","value":"î€‡"},{"type":"pause","duration":10},{"type":"keyUp","value":"î€‡"}]}]}
COMMAND: GET /session/e61d66238098f0a5d55953d3b90d37e6/screenshot - {}
RESULT: {}
COMMAND: POST /session/e61d66238098f0a5d55953d3b90d37e6/element - {"using":"xpath","value":"//td/div/span[contains(text(), \"BGL Vehicles\")]"}
RESULT: {"using":"xpath","value":"//td/div/span[contains(text(), \"BGL Vehicles\")]"}
COMMAND: POST /session/e61d66238098f0a5d55953d3b90d37e6/element/f.4CA2BB8DAA5DB34C3D6E0066B88761B9.d.D1EDACAEB5BA9E1108B36A0441A839B3.e.11646/click - {}
RESULT: {}
COMMAND: GET /session/e61d66238098f0a5d55953d3b90d37e6/screenshot - {}
RESULT: {}
COMMAND: POST /session/e61d66238098f0a5d55953d3b90d37e6/element - {"using":"xpath","value":"//bdi[contains(text(), \"OK\")]"}
RESULT: {"using":"xpath","value":"//bdi[contains(text(), \"OK\")]"}
COMMAND: POST /session/e61d66238098f0a5d55953d3b90d37e6/element/f.4CA2BB8DAA5DB34C3D6E0066B88761B9.d.D1EDACAEB5BA9E1108B36A0441A839B3.e.11647/click - {}
RESULT: {}
COMMAND: GET /session/e61d66238098f0a5d55953d3b90d37e6/screenshot - {}
RESULT: {}
COMMAND: POST /session/e61d66238098f0a5d55953d3b90d37e6/execute/async - {"script":"<script> [1562 bytes]","args":[{"selector":{"id":"application-manageresources-display-component---newResourceUnit--newRRUPage-anchBar-application-manageresources-display-component---newResourceUnit--resource-anchor","interaction":{"idSuffix":"BDI-content"}},"wdio_ui5_key":"applicationmanageresources-display-component---newResourceUnit--newRRUPage-anchBar-application-manageresources-display-component---newResourceUnit--resource-anchor"}]}
RESULT: {"script":"<script> [1562 bytes]","args":[{"selector":{"id":"application-manageresources-display-component---newResourceUnit--newRRUPage-anchBar-application-manageresources-display-component---newResourceUnit--resource-anchor","interaction":{"idSuffix":"BDI-content"}},"wdio_ui5_key":"applicationmanageresources-display-component---newResourceUnit--newRRUPage-anchBar-application-manageresources-display-component---newResourceUnit--resource-anchor"}]}
RESULT: undefined
COMMAND: POST /session/e61d66238098f0a5d55953d3b90d37e6/element - {"using":"xpath","value":"//*[@id=\"application-manageresources-display-component---newResourceUnit--newRRUPage-anchBar-application-manageresources-display-component---newResourceUnit--resource-anchor\"]"}
RESULT: {"using":"xpath","value":"//*[@id=\"application-manageresources-display-component---newResourceUnit--newRRUPage-anchBar-application-manageresources-display-component---newResourceUnit--resource-anchor\"]"}
COMMAND: POST /session/e61d66238098f0a5d55953d3b90d37e6/element/f.4CA2BB8DAA5DB34C3D6E0066B88761B9.d.D1EDACAEB5BA9E1108B36A0441A839B3.e.11651/click - {}
RESULT: {}
COMMAND: POST /session/e61d66238098f0a5d55953d3b90d37e6/execute/async - {"script":"<script> [1562 bytes]","args":[{"selector":{"id":"application-manageresources-display-component---newResourceUnit--PLANNED_DELIVERY_DATE","interaction":{"idSuffix":"inner"}},"wdio_ui5_key":"applicationmanageresources-display-component---newResourceUnit--PLANNED_DELIVERY_DATE"}]}
COMMAND: GET /session/e61d66238098f0a5d55953d3b90d37e6/screenshot - {}
RESULT: {"script":"<script> [1562 bytes]","args":[{"selector":{"id":"application-manageresources-display-component---newResourceUnit--PLANNED_DELIVERY_DATE","interaction":{"idSuffix":"inner"}},"wdio_ui5_key":"applicationmanageresources-display-component---newResourceUnit--PLANNED_DELIVERY_DATE"}]}
RESULT: undefined
COMMAND: POST /session/e61d66238098f0a5d55953d3b90d37e6/execute/async - {"script":"<script> [6424 bytes]","args":[{"element-6066-11e4-a52e-4f735466cecf":"f.4CA2BB8DAA5DB34C3D6E0066B88761B9.d.D1EDACAEB5BA9E1108B36A0441A839B3.e.11513"},"setValue",["5/16/25"]]}
RESULT: {}
RESULT: {"script":"<script> [6424 bytes]","args":[{"element-6066-11e4-a52e-4f735466cecf":"f.4CA2BB8DAA5DB34C3D6E0066B88761B9.d.D1EDACAEB5BA9E1108B36A0441A839B3.e.11513"},"setValue",["5/16/25"]]}
COMMAND: POST /session/e61d66238098f0a5d55953d3b90d37e6/element - {"using":"xpath","value":"//label[contains(@class, 'sapMLabelRequired') and .//bdi[contains(text(), 'Planned Retirement')]]"}
RESULT: {"using":"xpath","value":"//label[contains(@class, 'sapMLabelRequired') and .//bdi[contains(text(), 'Planned Retirement')]]"}
COMMAND: POST /session/e61d66238098f0a5d55953d3b90d37e6/elements - {"using":"xpath","value":"//label[contains(@class, 'sapMLabelRequired') and .//bdi[contains(text(), 'Planned Retirement')]]"}
RESULT: {"using":"xpath","value":"//label[contains(@class, 'sapMLabelRequired') and .//bdi[contains(text(), 'Planned Retirement')]]"}
COMMAND: POST /session/e61d66238098f0a5d55953d3b90d37e6/element - {"using":"xpath","value":"//button[@data-kt=\"resourceUnitSaveButton\"]"}
RESULT: {"using":"xpath","value":"//button[@data-kt=\"resourceUnitSaveButton\"]"}
COMMAND: POST /session/e61d66238098f0a5d55953d3b90d37e6/element/f.4CA2BB8DAA5DB34C3D6E0066B88761B9.d.D1EDACAEB5BA9E1108B36A0441A839B3.e.11473/click - {}
RESULT: {}
COMMAND: GET /session/e61d66238098f0a5d55953d3b90d37e6/screenshot - {}
RESULT: {}
COMMAND: POST /session/e61d66238098f0a5d55953d3b90d37e6/element - {"using":"xpath","value":"//bdi[contains(text(), \"Close\")]"}
RESULT: {"using":"xpath","value":"//bdi[contains(text(), \"Close\")]"}
COMMAND: POST /session/e61d66238098f0a5d55953d3b90d37e6/element/f.4CA2BB8DAA5DB34C3D6E0066B88761B9.d.D1EDACAEB5BA9E1108B36A0441A839B3.e.11659/click - {}
RESULT: {}
COMMAND: GET /session/e61d66238098f0a5d55953d3b90d37e6/screenshot - {}
RESULT: {}
COMMAND: POST /session/e61d66238098f0a5d55953d3b90d37e6/element - {"using":"xpath","value":"(//button[contains(@id ,\"actionsToolbar-overflowButton\")])[1]"}
RESULT: {"using":"xpath","value":"(//button[contains(@id ,\"actionsToolbar-overflowButton\")])[1]"}
COMMAND: POST /session/e61d66238098f0a5d55953d3b90d37e6/element/f.4CA2BB8DAA5DB34C3D6E0066B88761B9.d.D1EDACAEB5BA9E1108B36A0441A839B3.e.11712/click - {}
RESULT: {}
COMMAND: GET /session/e61d66238098f0a5d55953d3b90d37e6/screenshot - {}
RESULT: {}
COMMAND: POST /session/e61d66238098f0a5d55953d3b90d37e6/element - {"using":"xpath","value":"//button[@data-kt=\"priceInfoButton\"]"}
RESULT: {"using":"xpath","value":"//button[@data-kt=\"priceInfoButton\"]"}
COMMAND: POST /session/e61d66238098f0a5d55953d3b90d37e6/element/f.4CA2BB8DAA5DB34C3D6E0066B88761B9.d.D1EDACAEB5BA9E1108B36A0441A839B3.e.11714/click - {}
RESULT: {}
COMMAND: GET /session/e61d66238098f0a5d55953d3b90d37e6/screenshot - {}
RESULT: {}
]]></system-out>
    </testcase>
    <testcase classname="chrome.136_0_7103_93.windows.Create_Reverse_Billing_US127248" name="Should create a pricing procedure" time="54.15">
      <system-out><![CDATA[
COMMAND: POST /session/e61d66238098f0a5d55953d3b90d37e6/element - {"using":"xpath","value":"//button[@data-kt=\"addButton\"]"}
RESULT: {"using":"xpath","value":"//button[@data-kt=\"addButton\"]"}
COMMAND: POST /session/e61d66238098f0a5d55953d3b90d37e6/elements - {"using":"xpath","value":"//button[@data-kt=\"addButton\"]"}
RESULT: {"using":"xpath","value":"//button[@data-kt=\"addButton\"]"}
COMMAND: POST /session/e61d66238098f0a5d55953d3b90d37e6/execute/sync - {"script":"<script> [8489 bytes]","args":[{"element-6066-11e4-a52e-4f735466cecf":"f.4CA2BB8DAA5DB34C3D6E0066B88761B9.d.D1EDACAEB5BA9E1108B36A0441A839B3.e.11750","ELEMENT":"f.4CA2BB8DAA5DB34C3D6E0066B88761B9.d.D1EDACAEB5BA9E1108B36A0441A839B3.e.11750"}]}
RESULT: {"script":"<script> [8489 bytes]","args":[{"element-6066-11e4-a52e-4f735466cecf":"f.4CA2BB8DAA5DB34C3D6E0066B88761B9.d.D1EDACAEB5BA9E1108B36A0441A839B3.e.11750","ELEMENT":"f.4CA2BB8DAA5DB34C3D6E0066B88761B9.d.D1EDACAEB5BA9E1108B36A0441A839B3.e.11750"}]}
COMMAND: GET /session/e61d66238098f0a5d55953d3b90d37e6/element/f.4CA2BB8DAA5DB34C3D6E0066B88761B9.d.D1EDACAEB5BA9E1108B36A0441A839B3.e.11750/enabled - {}
COMMAND: GET /session/e61d66238098f0a5d55953d3b90d37e6/screenshot - {}
RESULT: {}
COMMAND: POST /session/e61d66238098f0a5d55953d3b90d37e6/execute/sync - {"script":"<script> [8489 bytes]","args":[{"element-6066-11e4-a52e-4f735466cecf":"f.4CA2BB8DAA5DB34C3D6E0066B88761B9.d.D1EDACAEB5BA9E1108B36A0441A839B3.e.11750","ELEMENT":"f.4CA2BB8DAA5DB34C3D6E0066B88761B9.d.D1EDACAEB5BA9E1108B36A0441A839B3.e.11750"}]}
COMMAND: GET /session/e61d66238098f0a5d55953d3b90d37e6/screenshot - {}
RESULT: {}
RESULT: {"script":"<script> [8489 bytes]","args":[{"element-6066-11e4-a52e-4f735466cecf":"f.4CA2BB8DAA5DB34C3D6E0066B88761B9.d.D1EDACAEB5BA9E1108B36A0441A839B3.e.11750","ELEMENT":"f.4CA2BB8DAA5DB34C3D6E0066B88761B9.d.D1EDACAEB5BA9E1108B36A0441A839B3.e.11750"}]}
COMMAND: POST /session/e61d66238098f0a5d55953d3b90d37e6/execute/sync - {"script":"<script> [5351 bytes]","args":[{"element-6066-11e4-a52e-4f735466cecf":"f.4CA2BB8DAA5DB34C3D6E0066B88761B9.d.D1EDACAEB5BA9E1108B36A0441A839B3.e.11750","ELEMENT":"f.4CA2BB8DAA5DB34C3D6E0066B88761B9.d.D1EDACAEB5BA9E1108B36A0441A839B3.e.11750"}]}
COMMAND: GET /session/e61d66238098f0a5d55953d3b90d37e6/screenshot - {}
RESULT: {}
RESULT: {"script":"<script> [5351 bytes]","args":[{"element-6066-11e4-a52e-4f735466cecf":"f.4CA2BB8DAA5DB34C3D6E0066B88761B9.d.D1EDACAEB5BA9E1108B36A0441A839B3.e.11750","ELEMENT":"f.4CA2BB8DAA5DB34C3D6E0066B88761B9.d.D1EDACAEB5BA9E1108B36A0441A839B3.e.11750"}]}
COMMAND: POST /session/e61d66238098f0a5d55953d3b90d37e6/element/f.4CA2BB8DAA5DB34C3D6E0066B88761B9.d.D1EDACAEB5BA9E1108B36A0441A839B3.e.11750/click - {}
COMMAND: GET /session/e61d66238098f0a5d55953d3b90d37e6/screenshot - {}
RESULT: {}
RESULT: {}
COMMAND: GET /session/e61d66238098f0a5d55953d3b90d37e6/screenshot - {}
RESULT: {}
RESULT: {}
COMMAND: POST /session/e61d66238098f0a5d55953d3b90d37e6/execute/async - {"script":"<script> [1562 bytes]","args":[{"selector":{"controlType":"sap.m.Title","viewName":"etm.portal.ui.managepricingrules.view.NewItem","viewId":"application-managepricingrules-display-component---newInfoPriceItem","properties":{"text":"New Pricing Rules - Item Level"}},"wdio_ui5_key":"etmportal.ui.managepricingrules.view.NewItemsap.m.Title{\"text\":\"New Pricing Rules - Item Level\"}"}]}
RESULT: {"script":"<script> [1562 bytes]","args":[{"selector":{"controlType":"sap.m.Title","viewName":"etm.portal.ui.managepricingrules.view.NewItem","viewId":"application-managepricingrules-display-component---newInfoPriceItem","properties":{"text":"New Pricing Rules - Item Level"}},"wdio_ui5_key":"etmportal.ui.managepricingrules.view.NewItemsap.m.Title{\"text\":\"New Pricing Rules - Item Level\"}"}]}
RESULT: undefined
COMMAND: POST /session/e61d66238098f0a5d55953d3b90d37e6/execute/async - {"script":"<script> [6424 bytes]","args":[{"element-6066-11e4-a52e-4f735466cecf":"f.4CA2BB8DAA5DB34C3D6E0066B88761B9.d.D1EDACAEB5BA9E1108B36A0441A839B3.e.11922"},"getText",[]]}
RESULT: {"script":"<script> [6424 bytes]","args":[{"element-6066-11e4-a52e-4f735466cecf":"f.4CA2BB8DAA5DB34C3D6E0066B88761B9.d.D1EDACAEB5BA9E1108B36A0441A839B3.e.11922"},"getText",[]]}
COMMAND: POST /session/e61d66238098f0a5d55953d3b90d37e6/execute/async - {"script":"<script> [1562 bytes]","args":[{"selector":{"id":"application-managepricingrules-display-component---newInfoPriceItem--condValidTo","interaction":{"idSuffix":"inner"}},"wdio_ui5_key":"applicationmanagepricingrules-display-component---newInfoPriceItem--condValidTo"}]}
RESULT: {"script":"<script> [1562 bytes]","args":[{"selector":{"id":"application-managepricingrules-display-component---newInfoPriceItem--condValidTo","interaction":{"idSuffix":"inner"}},"wdio_ui5_key":"applicationmanagepricingrules-display-component---newInfoPriceItem--condValidTo"}]}
RESULT: undefined
COMMAND: POST /session/e61d66238098f0a5d55953d3b90d37e6/execute/async - {"script":"<script> [776 bytes]","args":[{"enterText":"1/16/26","selector":{"id":"application-managepricingrules-display-component---newInfoPriceItem--condValidTo","interaction":{"idSuffix":"inner"}},"clearTextFirst":true,"interactionType":"ENTER_TEXT"}]}
RESULT: {"script":"<script> [776 bytes]","args":[{"enterText":"1/16/26","selector":{"id":"application-managepricingrules-display-component---newInfoPriceItem--condValidTo","interaction":{"idSuffix":"inner"}},"clearTextFirst":true,"interactionType":"ENTER_TEXT"}]}
COMMAND: POST /session/e61d66238098f0a5d55953d3b90d37e6/execute/async - {"script":"<script> [1562 bytes]","args":[{"selector":{"id":"application-managepricingrules-display-component---newInfoPriceItem--billType-arrow"},"wdio_ui5_key":"applicationmanagepricingrules-display-component---newInfoPriceItem--billType-arrow"}]}
RESULT: {"script":"<script> [1562 bytes]","args":[{"selector":{"id":"application-managepricingrules-display-component---newInfoPriceItem--billType-arrow"},"wdio_ui5_key":"applicationmanagepricingrules-display-component---newInfoPriceItem--billType-arrow"}]}
RESULT: undefined
COMMAND: POST /session/e61d66238098f0a5d55953d3b90d37e6/element - {"using":"xpath","value":"//*[@id=\"application-managepricingrules-display-component---newInfoPriceItem--billType-arrow\"]"}
RESULT: {"using":"xpath","value":"//*[@id=\"application-managepricingrules-display-component---newInfoPriceItem--billType-arrow\"]"}
COMMAND: POST /session/e61d66238098f0a5d55953d3b90d37e6/element/f.4CA2BB8DAA5DB34C3D6E0066B88761B9.d.D1EDACAEB5BA9E1108B36A0441A839B3.e.11882/click - {}
RESULT: {}
COMMAND: POST /session/e61d66238098f0a5d55953d3b90d37e6/element - {"using":"xpath","value":"//span[contains(text(), \"TB - Time based\")]"}
COMMAND: GET /session/e61d66238098f0a5d55953d3b90d37e6/screenshot - {}
RESULT: {"using":"xpath","value":"//span[contains(text(), \"TB - Time based\")]"}
COMMAND: POST /session/e61d66238098f0a5d55953d3b90d37e6/element/f.4CA2BB8DAA5DB34C3D6E0066B88761B9.d.D1EDACAEB5BA9E1108B36A0441A839B3.e.11924/click - {}
RESULT: {}
RESULT: {}
COMMAND: POST /session/e61d66238098f0a5d55953d3b90d37e6/execute/async - {"script":"<script> [1562 bytes]","args":[{"selector":{"id":"application-managepricingrules-display-component---newInfoPriceItem--priceProc-arrow"},"wdio_ui5_key":"applicationmanagepricingrules-display-component---newInfoPriceItem--priceProc-arrow"}]}
COMMAND: GET /session/e61d66238098f0a5d55953d3b90d37e6/screenshot - {}
RESULT: {"script":"<script> [1562 bytes]","args":[{"selector":{"id":"application-managepricingrules-display-component---newInfoPriceItem--priceProc-arrow"},"wdio_ui5_key":"applicationmanagepricingrules-display-component---newInfoPriceItem--priceProc-arrow"}]}
RESULT: undefined
COMMAND: POST /session/e61d66238098f0a5d55953d3b90d37e6/element - {"using":"xpath","value":"//*[@id=\"application-managepricingrules-display-component---newInfoPriceItem--priceProc-arrow\"]"}
RESULT: {}
RESULT: {"using":"xpath","value":"//*[@id=\"application-managepricingrules-display-component---newInfoPriceItem--priceProc-arrow\"]"}
COMMAND: POST /session/e61d66238098f0a5d55953d3b90d37e6/element/f.4CA2BB8DAA5DB34C3D6E0066B88761B9.d.D1EDACAEB5BA9E1108B36A0441A839B3.e.11889/click - {}
RESULT: {}
COMMAND: POST /session/e61d66238098f0a5d55953d3b90d37e6/element - {"using":"xpath","value":"//span[contains(text(), \"TBS - Time based standard\")]"}
COMMAND: GET /session/e61d66238098f0a5d55953d3b90d37e6/screenshot - {}
RESULT: {"using":"xpath","value":"//span[contains(text(), \"TBS - Time based standard\")]"}
COMMAND: POST /session/e61d66238098f0a5d55953d3b90d37e6/element/f.4CA2BB8DAA5DB34C3D6E0066B88761B9.d.D1EDACAEB5BA9E1108B36A0441A839B3.e.11925/click - {}
RESULT: {}
RESULT: {}
COMMAND: POST /session/e61d66238098f0a5d55953d3b90d37e6/execute/async - {"script":"<script> [1562 bytes]","args":[{"selector":{"id":"application-managepricingrules-display-component---newInfoPriceItem--calcBase-arrow"},"wdio_ui5_key":"applicationmanagepricingrules-display-component---newInfoPriceItem--calcBase-arrow"}]}
COMMAND: GET /session/e61d66238098f0a5d55953d3b90d37e6/screenshot - {}
RESULT: {"script":"<script> [1562 bytes]","args":[{"selector":{"id":"application-managepricingrules-display-component---newInfoPriceItem--calcBase-arrow"},"wdio_ui5_key":"applicationmanagepricingrules-display-component---newInfoPriceItem--calcBase-arrow"}]}
RESULT: undefined
COMMAND: POST /session/e61d66238098f0a5d55953d3b90d37e6/element - {"using":"xpath","value":"//*[@id=\"application-managepricingrules-display-component---newInfoPriceItem--calcBase-arrow\"]"}
RESULT: {}
RESULT: {"using":"xpath","value":"//*[@id=\"application-managepricingrules-display-component---newInfoPriceItem--calcBase-arrow\"]"}
COMMAND: POST /session/e61d66238098f0a5d55953d3b90d37e6/element/f.4CA2BB8DAA5DB34C3D6E0066B88761B9.d.D1EDACAEB5BA9E1108B36A0441A839B3.e.11896/click - {}
RESULT: {}
COMMAND: GET /session/e61d66238098f0a5d55953d3b90d37e6/screenshot - {}
RESULT: {}
COMMAND: POST /session/e61d66238098f0a5d55953d3b90d37e6/element - {"using":"xpath","value":"//span[contains(text(), \"0006 - TB(calendar days)\")]"}
RESULT: {"using":"xpath","value":"//span[contains(text(), \"0006 - TB(calendar days)\")]"}
COMMAND: POST /session/e61d66238098f0a5d55953d3b90d37e6/element/f.4CA2BB8DAA5DB34C3D6E0066B88761B9.d.D1EDACAEB5BA9E1108B36A0441A839B3.e.11926/click - {}
RESULT: {}
COMMAND: GET /session/e61d66238098f0a5d55953d3b90d37e6/screenshot - {}
RESULT: {}
COMMAND: POST /session/e61d66238098f0a5d55953d3b90d37e6/execute/async - {"script":"<script> [1562 bytes]","args":[{"selector":{"id":"application-managepricingrules-display-component---newInfoPriceItem--daysMonth","interaction":{"idSuffix":"inner"}},"wdio_ui5_key":"applicationmanagepricingrules-display-component---newInfoPriceItem--daysMonth"}]}
RESULT: {"script":"<script> [1562 bytes]","args":[{"selector":{"id":"application-managepricingrules-display-component---newInfoPriceItem--daysMonth","interaction":{"idSuffix":"inner"}},"wdio_ui5_key":"applicationmanagepricingrules-display-component---newInfoPriceItem--daysMonth"}]}
RESULT: undefined
COMMAND: POST /session/e61d66238098f0a5d55953d3b90d37e6/execute/async - {"script":"<script> [776 bytes]","args":[{"enterText":"30","selector":{"id":"application-managepricingrules-display-component---newInfoPriceItem--daysMonth","interaction":{"idSuffix":"inner"}},"clearTextFirst":true,"interactionType":"ENTER_TEXT"}]}
RESULT: {"script":"<script> [776 bytes]","args":[{"enterText":"30","selector":{"id":"application-managepricingrules-display-component---newInfoPriceItem--daysMonth","interaction":{"idSuffix":"inner"}},"clearTextFirst":true,"interactionType":"ENTER_TEXT"}]}
COMMAND: POST /session/e61d66238098f0a5d55953d3b90d37e6/element - {"using":"xpath","value":"//button[@data-kt=\"saveNewRuleButton\"]"}
RESULT: {"using":"xpath","value":"//button[@data-kt=\"saveNewRuleButton\"]"}
COMMAND: POST /session/e61d66238098f0a5d55953d3b90d37e6/element/f.4CA2BB8DAA5DB34C3D6E0066B88761B9.d.D1EDACAEB5BA9E1108B36A0441A839B3.e.11916/click - {}
RESULT: {}
COMMAND: GET /session/e61d66238098f0a5d55953d3b90d37e6/screenshot - {}
RESULT: {}
COMMAND: POST /session/e61d66238098f0a5d55953d3b90d37e6/execute/async - {"script":"<script> [1562 bytes]","args":[{"selector":{"id":"application-managepricingrules-display-component---priceInfoItem--smartFilterBar-btnBasicSearch","interaction":{"idSuffix":"I"}},"wdio_ui5_key":"applicationmanagepricingrules-display-component---priceInfoItem--smartFilterBar-btnBasicSearch"}]}
RESULT: {"script":"<script> [1562 bytes]","args":[{"selector":{"id":"application-managepricingrules-display-component---priceInfoItem--smartFilterBar-btnBasicSearch","interaction":{"idSuffix":"I"}},"wdio_ui5_key":"applicationmanagepricingrules-display-component---priceInfoItem--smartFilterBar-btnBasicSearch"}]}
RESULT: undefined
COMMAND: POST /session/e61d66238098f0a5d55953d3b90d37e6/execute/async - {"script":"<script> [776 bytes]","args":[{"enterText":"MmLX1J2ohW","selector":{"id":"application-managepricingrules-display-component---priceInfoItem--smartFilterBar-btnBasicSearch","interaction":{"idSuffix":"I"}},"clearTextFirst":true,"interactionType":"ENTER_TEXT"}]}
RESULT: {"script":"<script> [776 bytes]","args":[{"enterText":"MmLX1J2ohW","selector":{"id":"application-managepricingrules-display-component---priceInfoItem--smartFilterBar-btnBasicSearch","interaction":{"idSuffix":"I"}},"clearTextFirst":true,"interactionType":"ENTER_TEXT"}]}
COMMAND: POST /session/e61d66238098f0a5d55953d3b90d37e6/actions - {"actions":[{"id":"action44","type":"key","parameters":{},"actions":[{"type":"keyDown","value":"î€‡"},{"type":"pause","duration":10},{"type":"keyUp","value":"î€‡"}]}]}
RESULT: {"actions":[{"id":"action44","type":"key","parameters":{},"actions":[{"type":"keyDown","value":"î€‡"},{"type":"pause","duration":10},{"type":"keyUp","value":"î€‡"}]}]}
COMMAND: GET /session/e61d66238098f0a5d55953d3b90d37e6/screenshot - {}
RESULT: {}
COMMAND: POST /session/e61d66238098f0a5d55953d3b90d37e6/element - {"using":"xpath","value":"//span[@id=\"application-managepricingrules-display-component---priceInfoItem--smartTable-header-inner\"]"}
RESULT: {"using":"xpath","value":"//span[@id=\"application-managepricingrules-display-component---priceInfoItem--smartTable-header-inner\"]"}
COMMAND: POST /session/e61d66238098f0a5d55953d3b90d37e6/elements - {"using":"xpath","value":"//span[@id=\"application-managepricingrules-display-component---priceInfoItem--smartTable-header-inner\"]"}
RESULT: {"using":"xpath","value":"//span[@id=\"application-managepricingrules-display-component---priceInfoItem--smartTable-header-inner\"]"}
COMMAND: POST /session/e61d66238098f0a5d55953d3b90d37e6/execute/sync - {"script":"<script> [56 bytes]","args":[{"element-6066-11e4-a52e-4f735466cecf":"f.4CA2BB8DAA5DB34C3D6E0066B88761B9.d.D1EDACAEB5BA9E1108B36A0441A839B3.e.11951","ELEMENT":"f.4CA2BB8DAA5DB34C3D6E0066B88761B9.d.D1EDACAEB5BA9E1108B36A0441A839B3.e.11951"}]}
RESULT: {"script":"<script> [56 bytes]","args":[{"element-6066-11e4-a52e-4f735466cecf":"f.4CA2BB8DAA5DB34C3D6E0066B88761B9.d.D1EDACAEB5BA9E1108B36A0441A839B3.e.11951","ELEMENT":"f.4CA2BB8DAA5DB34C3D6E0066B88761B9.d.D1EDACAEB5BA9E1108B36A0441A839B3.e.11951"}]}
COMMAND: POST /session/e61d66238098f0a5d55953d3b90d37e6/element - {"using":"css selector","value":"#shell-header-logo"}
COMMAND: GET /session/e61d66238098f0a5d55953d3b90d37e6/screenshot - {}
RESULT: {"using":"css selector","value":"#shell-header-logo"}
COMMAND: POST /session/e61d66238098f0a5d55953d3b90d37e6/element/f.4CA2BB8DAA5DB34C3D6E0066B88761B9.d.D1EDACAEB5BA9E1108B36A0441A839B3.e.11067/click - {}
RESULT: {}
RESULT: {}
COMMAND: GET /session/e61d66238098f0a5d55953d3b90d37e6/screenshot - {}
RESULT: {}
]]></system-out>
    </testcase>
    <testcase classname="chrome.136_0_7103_93.windows.Create_Reverse_Billing_US127248" name="Should manage conditions" time="67.671">
      <system-out><![CDATA[
COMMAND: POST /session/e61d66238098f0a5d55953d3b90d37e6/execute/async - {"script":"<script> [1562 bytes]","args":[{"selector":{"controlType":"sap.m.GenericTile","properties":{"header":"Manage Conditions & Prices"}},"wdio_ui5_key":"sapm.GenericTile{\"header\":\"Manage Conditions & Prices\"}"}]}
RESULT: {"script":"<script> [1562 bytes]","args":[{"selector":{"controlType":"sap.m.GenericTile","properties":{"header":"Manage Conditions & Prices"}},"wdio_ui5_key":"sapm.GenericTile{\"header\":\"Manage Conditions & Prices\"}"}]}
RESULT: undefined
COMMAND: POST /session/e61d66238098f0a5d55953d3b90d37e6/element - {"using":"xpath","value":"//*[@id=\"__tile53\"]"}
RESULT: {"using":"xpath","value":"//*[@id=\"__tile53\"]"}
COMMAND: POST /session/e61d66238098f0a5d55953d3b90d37e6/element/f.4CA2BB8DAA5DB34C3D6E0066B88761B9.d.D1EDACAEB5BA9E1108B36A0441A839B3.e.11011/click - {}
RESULT: {}
COMMAND: GET /session/e61d66238098f0a5d55953d3b90d37e6/screenshot - {}
RESULT: {}
COMMAND: POST /session/e61d66238098f0a5d55953d3b90d37e6/elements - {"using":"xpath","value":"//span[text()='Error']"}
RESULT: {"using":"xpath","value":"//span[text()='Error']"}
COMMAND: POST /session/e61d66238098f0a5d55953d3b90d37e6/element - {"using":"xpath","value":"//button[@aria-label=\"Create\"]"}
RESULT: {"using":"xpath","value":"//button[@aria-label=\"Create\"]"}
COMMAND: POST /session/e61d66238098f0a5d55953d3b90d37e6/elements - {"using":"xpath","value":"//button[@aria-label=\"Create\"]"}
RESULT: {"using":"xpath","value":"//button[@aria-label=\"Create\"]"}
COMMAND: POST /session/e61d66238098f0a5d55953d3b90d37e6/execute/sync - {"script":"<script> [8489 bytes]","args":[{"element-6066-11e4-a52e-4f735466cecf":"f.4CA2BB8DAA5DB34C3D6E0066B88761B9.d.D1EDACAEB5BA9E1108B36A0441A839B3.e.11986","ELEMENT":"f.4CA2BB8DAA5DB34C3D6E0066B88761B9.d.D1EDACAEB5BA9E1108B36A0441A839B3.e.11986"}]}
RESULT: {"script":"<script> [8489 bytes]","args":[{"element-6066-11e4-a52e-4f735466cecf":"f.4CA2BB8DAA5DB34C3D6E0066B88761B9.d.D1EDACAEB5BA9E1108B36A0441A839B3.e.11986","ELEMENT":"f.4CA2BB8DAA5DB34C3D6E0066B88761B9.d.D1EDACAEB5BA9E1108B36A0441A839B3.e.11986"}]}
COMMAND: GET /session/e61d66238098f0a5d55953d3b90d37e6/element/f.4CA2BB8DAA5DB34C3D6E0066B88761B9.d.D1EDACAEB5BA9E1108B36A0441A839B3.e.11986/enabled - {}
COMMAND: GET /session/e61d66238098f0a5d55953d3b90d37e6/screenshot - {}
RESULT: {}
COMMAND: POST /session/e61d66238098f0a5d55953d3b90d37e6/execute/sync - {"script":"<script> [8489 bytes]","args":[{"element-6066-11e4-a52e-4f735466cecf":"f.4CA2BB8DAA5DB34C3D6E0066B88761B9.d.D1EDACAEB5BA9E1108B36A0441A839B3.e.11986","ELEMENT":"f.4CA2BB8DAA5DB34C3D6E0066B88761B9.d.D1EDACAEB5BA9E1108B36A0441A839B3.e.11986"}]}
COMMAND: GET /session/e61d66238098f0a5d55953d3b90d37e6/screenshot - {}
RESULT: {}
RESULT: {"script":"<script> [8489 bytes]","args":[{"element-6066-11e4-a52e-4f735466cecf":"f.4CA2BB8DAA5DB34C3D6E0066B88761B9.d.D1EDACAEB5BA9E1108B36A0441A839B3.e.11986","ELEMENT":"f.4CA2BB8DAA5DB34C3D6E0066B88761B9.d.D1EDACAEB5BA9E1108B36A0441A839B3.e.11986"}]}
COMMAND: POST /session/e61d66238098f0a5d55953d3b90d37e6/execute/sync - {"script":"<script> [5351 bytes]","args":[{"element-6066-11e4-a52e-4f735466cecf":"f.4CA2BB8DAA5DB34C3D6E0066B88761B9.d.D1EDACAEB5BA9E1108B36A0441A839B3.e.11986","ELEMENT":"f.4CA2BB8DAA5DB34C3D6E0066B88761B9.d.D1EDACAEB5BA9E1108B36A0441A839B3.e.11986"}]}
COMMAND: GET /session/e61d66238098f0a5d55953d3b90d37e6/screenshot - {}
RESULT: {}
RESULT: {"script":"<script> [5351 bytes]","args":[{"element-6066-11e4-a52e-4f735466cecf":"f.4CA2BB8DAA5DB34C3D6E0066B88761B9.d.D1EDACAEB5BA9E1108B36A0441A839B3.e.11986","ELEMENT":"f.4CA2BB8DAA5DB34C3D6E0066B88761B9.d.D1EDACAEB5BA9E1108B36A0441A839B3.e.11986"}]}
COMMAND: POST /session/e61d66238098f0a5d55953d3b90d37e6/element/f.4CA2BB8DAA5DB34C3D6E0066B88761B9.d.D1EDACAEB5BA9E1108B36A0441A839B3.e.11986/click - {}
COMMAND: GET /session/e61d66238098f0a5d55953d3b90d37e6/screenshot - {}
RESULT: {}
RESULT: {}
COMMAND: GET /session/e61d66238098f0a5d55953d3b90d37e6/screenshot - {}
RESULT: {}
RESULT: {}
COMMAND: POST /session/e61d66238098f0a5d55953d3b90d37e6/actions - {"actions":[{"id":"action45","type":"key","parameters":{},"actions":[{"type":"keyDown","value":"î€‡"},{"type":"pause","duration":10},{"type":"keyUp","value":"î€‡"}]}]}
RESULT: {"actions":[{"id":"action45","type":"key","parameters":{},"actions":[{"type":"keyDown","value":"î€‡"},{"type":"pause","duration":10},{"type":"keyUp","value":"î€‡"}]}]}
COMMAND: GET /session/e61d66238098f0a5d55953d3b90d37e6/screenshot - {}
RESULT: {}
COMMAND: POST /session/e61d66238098f0a5d55953d3b90d37e6/execute/async - {"script":"<script> [1562 bytes]","args":[{"selector":{"id":"application-manageconditionprice-display-component---newCondition--condBillCond-arrow"},"wdio_ui5_key":"applicationmanageconditionprice-display-component---newCondition--condBillCond-arrow"}]}
RESULT: {"script":"<script> [1562 bytes]","args":[{"selector":{"id":"application-manageconditionprice-display-component---newCondition--condBillCond-arrow"},"wdio_ui5_key":"applicationmanageconditionprice-display-component---newCondition--condBillCond-arrow"}]}
RESULT: undefined
COMMAND: POST /session/e61d66238098f0a5d55953d3b90d37e6/element - {"using":"xpath","value":"//*[@id=\"application-manageconditionprice-display-component---newCondition--condBillCond-arrow\"]"}
RESULT: {"using":"xpath","value":"//*[@id=\"application-manageconditionprice-display-component---newCondition--condBillCond-arrow\"]"}
COMMAND: POST /session/e61d66238098f0a5d55953d3b90d37e6/element/f.4CA2BB8DAA5DB34C3D6E0066B88761B9.d.D1EDACAEB5BA9E1108B36A0441A839B3.e.12167/click - {}
RESULT: {}
COMMAND: GET /session/e61d66238098f0a5d55953d3b90d37e6/screenshot - {}
RESULT: {}
COMMAND: POST /session/e61d66238098f0a5d55953d3b90d37e6/element - {"using":"xpath","value":"//li[.//span[contains(text(), \"DISP - D&I special price\")]]"}
RESULT: {"using":"xpath","value":"//li[.//span[contains(text(), \"DISP - D&I special price\")]]"}
COMMAND: POST /session/e61d66238098f0a5d55953d3b90d37e6/element/f.4CA2BB8DAA5DB34C3D6E0066B88761B9.d.D1EDACAEB5BA9E1108B36A0441A839B3.e.12170/click - {}
RESULT: {}
COMMAND: GET /session/e61d66238098f0a5d55953d3b90d37e6/screenshot - {}
RESULT: {}
COMMAND: POST /session/e61d66238098f0a5d55953d3b90d37e6/execute/async - {"script":"<script> [1562 bytes]","args":[{"selector":{"id":"application-manageconditionprice-display-component---newCondition--condValidTo","interaction":{"idSuffix":"inner"}},"wdio_ui5_key":"applicationmanageconditionprice-display-component---newCondition--condValidTo"}]}
RESULT: {"script":"<script> [1562 bytes]","args":[{"selector":{"id":"application-manageconditionprice-display-component---newCondition--condValidTo","interaction":{"idSuffix":"inner"}},"wdio_ui5_key":"applicationmanageconditionprice-display-component---newCondition--condValidTo"}]}
RESULT: undefined
COMMAND: POST /session/e61d66238098f0a5d55953d3b90d37e6/execute/async - {"script":"<script> [776 bytes]","args":[{"enterText":"1/16/26","selector":{"id":"application-manageconditionprice-display-component---newCondition--condValidTo","interaction":{"idSuffix":"inner"}},"clearTextFirst":true,"interactionType":"ENTER_TEXT"}]}
RESULT: {"script":"<script> [776 bytes]","args":[{"enterText":"1/16/26","selector":{"id":"application-manageconditionprice-display-component---newCondition--condValidTo","interaction":{"idSuffix":"inner"}},"clearTextFirst":true,"interactionType":"ENTER_TEXT"}]}
COMMAND: POST /session/e61d66238098f0a5d55953d3b90d37e6/element - {"using":"xpath","value":"//input[@id=\"application-manageconditionprice-display-component---newCondition--condRU-inner\"]"}
RESULT: {"using":"xpath","value":"//input[@id=\"application-manageconditionprice-display-component---newCondition--condRU-inner\"]"}
COMMAND: POST /session/e61d66238098f0a5d55953d3b90d37e6/element/f.4CA2BB8DAA5DB34C3D6E0066B88761B9.d.D1EDACAEB5BA9E1108B36A0441A839B3.e.12030/clear - {}
RESULT: {}
COMMAND: POST /session/e61d66238098f0a5d55953d3b90d37e6/element/f.4CA2BB8DAA5DB34C3D6E0066B88761B9.d.D1EDACAEB5BA9E1108B36A0441A839B3.e.12030/value - {"text":"MmLX1J2ohW"}
COMMAND: GET /session/e61d66238098f0a5d55953d3b90d37e6/screenshot - {}
RESULT: {"text":"MmLX1J2ohW"}
COMMAND: GET /session/e61d66238098f0a5d55953d3b90d37e6/screenshot - {}
RESULT: {}
RESULT: {}
COMMAND: POST /session/e61d66238098f0a5d55953d3b90d37e6/actions - {"actions":[{"id":"action46","type":"key","parameters":{},"actions":[{"type":"keyDown","value":"î€‡"},{"type":"pause","duration":10},{"type":"keyUp","value":"î€‡"}]}]}
RESULT: {"actions":[{"id":"action46","type":"key","parameters":{},"actions":[{"type":"keyDown","value":"î€‡"},{"type":"pause","duration":10},{"type":"keyUp","value":"î€‡"}]}]}
COMMAND: POST /session/e61d66238098f0a5d55953d3b90d37e6/execute/async - {"script":"<script> [1562 bytes]","args":[{"selector":{"id":"application-manageconditionprice-display-component---newCondition--condBaseQty","interaction":{"idSuffix":"inner"}},"wdio_ui5_key":"applicationmanageconditionprice-display-component---newCondition--condBaseQty"}]}
COMMAND: GET /session/e61d66238098f0a5d55953d3b90d37e6/screenshot - {}
RESULT: {"script":"<script> [1562 bytes]","args":[{"selector":{"id":"application-manageconditionprice-display-component---newCondition--condBaseQty","interaction":{"idSuffix":"inner"}},"wdio_ui5_key":"applicationmanageconditionprice-display-component---newCondition--condBaseQty"}]}
RESULT: undefined
COMMAND: POST /session/e61d66238098f0a5d55953d3b90d37e6/execute/async - {"script":"<script> [776 bytes]","args":[{"enterText":"1","selector":{"id":"application-manageconditionprice-display-component---newCondition--condBaseQty","interaction":{"idSuffix":"inner"}},"clearTextFirst":true,"interactionType":"ENTER_TEXT"}]}
RESULT: {}
RESULT: {"script":"<script> [776 bytes]","args":[{"enterText":"1","selector":{"id":"application-manageconditionprice-display-component---newCondition--condBaseQty","interaction":{"idSuffix":"inner"}},"clearTextFirst":true,"interactionType":"ENTER_TEXT"}]}
COMMAND: POST /session/e61d66238098f0a5d55953d3b90d37e6/execute/async - {"script":"<script> [1562 bytes]","args":[{"selector":{"id":"application-manageconditionprice-display-component---newCondition--condValue","interaction":{"idSuffix":"inner"}},"wdio_ui5_key":"applicationmanageconditionprice-display-component---newCondition--condValue"}]}
RESULT: {"script":"<script> [1562 bytes]","args":[{"selector":{"id":"application-manageconditionprice-display-component---newCondition--condValue","interaction":{"idSuffix":"inner"}},"wdio_ui5_key":"applicationmanageconditionprice-display-component---newCondition--condValue"}]}
RESULT: undefined
COMMAND: POST /session/e61d66238098f0a5d55953d3b90d37e6/execute/async - {"script":"<script> [776 bytes]","args":[{"enterText":"200","selector":{"id":"application-manageconditionprice-display-component---newCondition--condValue","interaction":{"idSuffix":"inner"}},"clearTextFirst":true,"interactionType":"ENTER_TEXT"}]}
RESULT: {"script":"<script> [776 bytes]","args":[{"enterText":"200","selector":{"id":"application-manageconditionprice-display-component---newCondition--condValue","interaction":{"idSuffix":"inner"}},"clearTextFirst":true,"interactionType":"ENTER_TEXT"}]}
COMMAND: POST /session/e61d66238098f0a5d55953d3b90d37e6/execute/async - {"script":"<script> [1562 bytes]","args":[{"selector":{"id":"application-manageconditionprice-display-component---newCondition--condCurr-arrow"},"wdio_ui5_key":"applicationmanageconditionprice-display-component---newCondition--condCurr-arrow"}]}
RESULT: {"script":"<script> [1562 bytes]","args":[{"selector":{"id":"application-manageconditionprice-display-component---newCondition--condCurr-arrow"},"wdio_ui5_key":"applicationmanageconditionprice-display-component---newCondition--condCurr-arrow"}]}
RESULT: undefined
COMMAND: POST /session/e61d66238098f0a5d55953d3b90d37e6/element - {"using":"xpath","value":"//*[@id=\"application-manageconditionprice-display-component---newCondition--condCurr-arrow\"]"}
RESULT: {"using":"xpath","value":"//*[@id=\"application-manageconditionprice-display-component---newCondition--condCurr-arrow\"]"}
COMMAND: POST /session/e61d66238098f0a5d55953d3b90d37e6/element/f.4CA2BB8DAA5DB34C3D6E0066B88761B9.d.D1EDACAEB5BA9E1108B36A0441A839B3.e.12149/click - {}
RESULT: {}
COMMAND: POST /session/e61d66238098f0a5d55953d3b90d37e6/element - {"using":"xpath","value":"//span[contains(text(), \"Euro\")]"}
COMMAND: GET /session/e61d66238098f0a5d55953d3b90d37e6/screenshot - {}
RESULT: {"using":"xpath","value":"//span[contains(text(), \"Euro\")]"}
COMMAND: POST /session/e61d66238098f0a5d55953d3b90d37e6/element/f.4CA2BB8DAA5DB34C3D6E0066B88761B9.d.D1EDACAEB5BA9E1108B36A0441A839B3.e.12207/click - {}
RESULT: {}
RESULT: {}
COMMAND: POST /session/e61d66238098f0a5d55953d3b90d37e6/element - {"using":"xpath","value":"//button[@data-kt=\"saveButton\"]"}
COMMAND: GET /session/e61d66238098f0a5d55953d3b90d37e6/screenshot - {}
RESULT: {"using":"xpath","value":"//button[@data-kt=\"saveButton\"]"}
COMMAND: POST /session/e61d66238098f0a5d55953d3b90d37e6/element/f.4CA2BB8DAA5DB34C3D6E0066B88761B9.d.D1EDACAEB5BA9E1108B36A0441A839B3.e.12150/click - {}
RESULT: {}
RESULT: {}
COMMAND: GET /session/e61d66238098f0a5d55953d3b90d37e6/screenshot - {}
RESULT: {}
COMMAND: POST /session/e61d66238098f0a5d55953d3b90d37e6/execute/async - {"script":"<script> [1562 bytes]","args":[{"selector":{"id":"application-manageconditionprice-display-component---conditions--smartFilterBar-btnBasicSearch","interaction":{"idSuffix":"I"}},"wdio_ui5_key":"applicationmanageconditionprice-display-component---conditions--smartFilterBar-btnBasicSearch"}]}
RESULT: {"script":"<script> [1562 bytes]","args":[{"selector":{"id":"application-manageconditionprice-display-component---conditions--smartFilterBar-btnBasicSearch","interaction":{"idSuffix":"I"}},"wdio_ui5_key":"applicationmanageconditionprice-display-component---conditions--smartFilterBar-btnBasicSearch"}]}
RESULT: undefined
COMMAND: POST /session/e61d66238098f0a5d55953d3b90d37e6/execute/async - {"script":"<script> [776 bytes]","args":[{"enterText":"MmLX1J2ohW","selector":{"id":"application-manageconditionprice-display-component---conditions--smartFilterBar-btnBasicSearch","interaction":{"idSuffix":"I"}},"clearTextFirst":true,"interactionType":"ENTER_TEXT"}]}
RESULT: {"script":"<script> [776 bytes]","args":[{"enterText":"MmLX1J2ohW","selector":{"id":"application-manageconditionprice-display-component---conditions--smartFilterBar-btnBasicSearch","interaction":{"idSuffix":"I"}},"clearTextFirst":true,"interactionType":"ENTER_TEXT"}]}
COMMAND: POST /session/e61d66238098f0a5d55953d3b90d37e6/actions - {"actions":[{"id":"action47","type":"key","parameters":{},"actions":[{"type":"keyDown","value":"î€‡"},{"type":"pause","duration":10},{"type":"keyUp","value":"î€‡"}]}]}
RESULT: {"actions":[{"id":"action47","type":"key","parameters":{},"actions":[{"type":"keyDown","value":"î€‡"},{"type":"pause","duration":10},{"type":"keyUp","value":"î€‡"}]}]}
COMMAND: GET /session/e61d66238098f0a5d55953d3b90d37e6/screenshot - {}
RESULT: {}
COMMAND: POST /session/e61d66238098f0a5d55953d3b90d37e6/execute/async - {"script":"<script> [1562 bytes]","args":[{"selector":{"id":"application-manageconditionprice-display-component---conditions--smartFilterBar-filterItemControl_BASIC-BILL_TYPES-vhi"},"wdio_ui5_key":"applicationmanageconditionprice-display-component---conditions--smartFilterBar-filterItemControl_BASIC-BILL_TYPES-vhi"}]}
RESULT: {"script":"<script> [1562 bytes]","args":[{"selector":{"id":"application-manageconditionprice-display-component---conditions--smartFilterBar-filterItemControl_BASIC-BILL_TYPES-vhi"},"wdio_ui5_key":"applicationmanageconditionprice-display-component---conditions--smartFilterBar-filterItemControl_BASIC-BILL_TYPES-vhi"}]}
RESULT: undefined
COMMAND: POST /session/e61d66238098f0a5d55953d3b90d37e6/element - {"using":"xpath","value":"//*[@id=\"application-manageconditionprice-display-component---conditions--smartFilterBar-filterItemControl_BASIC-BILL_TYPES-vhi\"]"}
RESULT: {"using":"xpath","value":"//*[@id=\"application-manageconditionprice-display-component---conditions--smartFilterBar-filterItemControl_BASIC-BILL_TYPES-vhi\"]"}
COMMAND: POST /session/e61d66238098f0a5d55953d3b90d37e6/element/f.4CA2BB8DAA5DB34C3D6E0066B88761B9.d.D1EDACAEB5BA9E1108B36A0441A839B3.e.12313/click - {}
RESULT: {}
COMMAND: POST /session/e61d66238098f0a5d55953d3b90d37e6/execute/async - {"script":"<script> [1562 bytes]","args":[{"selector":{"id":"application-manageconditionprice-display-component---conditions--smartFilterBar-filterItemControl_BASIC-BILL_TYPES-valueHelpDialog-smartFilterBar-btnBasicSearch","searchOpenDialogs":true,"interaction":{"idSuffix":"I"}},"wdio_ui5_key":"applicationmanageconditionprice-display-component---conditions--smartFilterBar-filterItemControl_BASIC-BILL_TYPES-valueHelpDialog-smartFilterBar-btnBasicSearch"}]}
COMMAND: GET /session/e61d66238098f0a5d55953d3b90d37e6/screenshot - {}
RESULT: {"script":"<script> [1562 bytes]","args":[{"selector":{"id":"application-manageconditionprice-display-component---conditions--smartFilterBar-filterItemControl_BASIC-BILL_TYPES-valueHelpDialog-smartFilterBar-btnBasicSearch","searchOpenDialogs":true,"interaction":{"idSuffix":"I"}},"wdio_ui5_key":"applicationmanageconditionprice-display-component---conditions--smartFilterBar-filterItemControl_BASIC-BILL_TYPES-valueHelpDialog-smartFilterBar-btnBasicSearch"}]}
RESULT: undefined
COMMAND: POST /session/e61d66238098f0a5d55953d3b90d37e6/execute/async - {"script":"<script> [776 bytes]","args":[{"enterText":"TB","selector":{"id":"application-manageconditionprice-display-component---conditions--smartFilterBar-filterItemControl_BASIC-BILL_TYPES-valueHelpDialog-smartFilterBar-btnBasicSearch","searchOpenDialogs":true,"interaction":{"idSuffix":"I"}},"clearTextFirst":true,"interactionType":"ENTER_TEXT"}]}
RESULT: {}
RESULT: {"script":"<script> [776 bytes]","args":[{"enterText":"TB","selector":{"id":"application-manageconditionprice-display-component---conditions--smartFilterBar-filterItemControl_BASIC-BILL_TYPES-valueHelpDialog-smartFilterBar-btnBasicSearch","searchOpenDialogs":true,"interaction":{"idSuffix":"I"}},"clearTextFirst":true,"interactionType":"ENTER_TEXT"}]}
COMMAND: POST /session/e61d66238098f0a5d55953d3b90d37e6/actions - {"actions":[{"id":"action48","type":"key","parameters":{},"actions":[{"type":"keyDown","value":"î€‡"},{"type":"pause","duration":10},{"type":"keyUp","value":"î€‡"}]}]}
RESULT: {"actions":[{"id":"action48","type":"key","parameters":{},"actions":[{"type":"keyDown","value":"î€‡"},{"type":"pause","duration":10},{"type":"keyUp","value":"î€‡"}]}]}
COMMAND: GET /session/e61d66238098f0a5d55953d3b90d37e6/screenshot - {}
RESULT: {}
COMMAND: POST /session/e61d66238098f0a5d55953d3b90d37e6/element - {"using":"xpath","value":"//div[contains(@id, 'application-manageconditionprice-display-component---conditions--smartFilterBar-filterItemControl_BASIC-BILL_TYPES-valueHelpDialog-table-rowsel0')]"}
RESULT: {"using":"xpath","value":"//div[contains(@id, 'application-manageconditionprice-display-component---conditions--smartFilterBar-filterItemControl_BASIC-BILL_TYPES-valueHelpDialog-table-rowsel0')]"}
COMMAND: POST /session/e61d66238098f0a5d55953d3b90d37e6/element/f.4CA2BB8DAA5DB34C3D6E0066B88761B9.d.D1EDACAEB5BA9E1108B36A0441A839B3.e.12323/click - {}
RESULT: {}
COMMAND: GET /session/e61d66238098f0a5d55953d3b90d37e6/screenshot - {}
RESULT: {}
COMMAND: POST /session/e61d66238098f0a5d55953d3b90d37e6/element - {"using":"xpath","value":"//bdi[contains(text(), \"OK\")]"}
RESULT: {"using":"xpath","value":"//bdi[contains(text(), \"OK\")]"}
COMMAND: POST /session/e61d66238098f0a5d55953d3b90d37e6/element/f.4CA2BB8DAA5DB34C3D6E0066B88761B9.d.D1EDACAEB5BA9E1108B36A0441A839B3.e.12325/click - {}
RESULT: {}
COMMAND: GET /session/e61d66238098f0a5d55953d3b90d37e6/screenshot - {}
RESULT: {}
COMMAND: POST /session/e61d66238098f0a5d55953d3b90d37e6/element - {"using":"xpath","value":"//span[@id=\"application-manageconditionprice-display-component---conditions--smartTable-header-inner\"]"}
RESULT: {"using":"xpath","value":"//span[@id=\"application-manageconditionprice-display-component---conditions--smartTable-header-inner\"]"}
COMMAND: POST /session/e61d66238098f0a5d55953d3b90d37e6/elements - {"using":"xpath","value":"//span[@id=\"application-manageconditionprice-display-component---conditions--smartTable-header-inner\"]"}
RESULT: {"using":"xpath","value":"//span[@id=\"application-manageconditionprice-display-component---conditions--smartTable-header-inner\"]"}
COMMAND: POST /session/e61d66238098f0a5d55953d3b90d37e6/execute/sync - {"script":"<script> [56 bytes]","args":[{"element-6066-11e4-a52e-4f735466cecf":"f.4CA2BB8DAA5DB34C3D6E0066B88761B9.d.D1EDACAEB5BA9E1108B36A0441A839B3.e.12328","ELEMENT":"f.4CA2BB8DAA5DB34C3D6E0066B88761B9.d.D1EDACAEB5BA9E1108B36A0441A839B3.e.12328"}]}
RESULT: {"script":"<script> [56 bytes]","args":[{"element-6066-11e4-a52e-4f735466cecf":"f.4CA2BB8DAA5DB34C3D6E0066B88761B9.d.D1EDACAEB5BA9E1108B36A0441A839B3.e.12328","ELEMENT":"f.4CA2BB8DAA5DB34C3D6E0066B88761B9.d.D1EDACAEB5BA9E1108B36A0441A839B3.e.12328"}]}
COMMAND: POST /session/e61d66238098f0a5d55953d3b90d37e6/element - {"using":"css selector","value":"#shell-header-logo"}
COMMAND: GET /session/e61d66238098f0a5d55953d3b90d37e6/screenshot - {}
RESULT: {"using":"css selector","value":"#shell-header-logo"}
COMMAND: POST /session/e61d66238098f0a5d55953d3b90d37e6/element/f.4CA2BB8DAA5DB34C3D6E0066B88761B9.d.D1EDACAEB5BA9E1108B36A0441A839B3.e.11954/click - {}
RESULT: {}
RESULT: {}
COMMAND: GET /session/e61d66238098f0a5d55953d3b90d37e6/screenshot - {}
RESULT: {}
]]></system-out>
    </testcase>
    <testcase classname="chrome.136_0_7103_93.windows.Create_Reverse_Billing_US127248" name="Should do a stock increase handover" time="82.317">
      <system-out><![CDATA[
COMMAND: POST /session/e61d66238098f0a5d55953d3b90d37e6/execute/async - {"script":"<script> [1562 bytes]","args":[{"selector":{"controlType":"sap.m.GenericTile","properties":{"header":"Manage Handovers"}},"wdio_ui5_key":"sapm.GenericTile{\"header\":\"Manage Handovers\"}"}]}
RESULT: {"script":"<script> [1562 bytes]","args":[{"selector":{"controlType":"sap.m.GenericTile","properties":{"header":"Manage Handovers"}},"wdio_ui5_key":"sapm.GenericTile{\"header\":\"Manage Handovers\"}"}]}
RESULT: undefined
COMMAND: POST /session/e61d66238098f0a5d55953d3b90d37e6/element - {"using":"xpath","value":"//*[@id=\"__tile132\"]"}
RESULT: {"using":"xpath","value":"//*[@id=\"__tile132\"]"}
COMMAND: POST /session/e61d66238098f0a5d55953d3b90d37e6/element/f.4CA2BB8DAA5DB34C3D6E0066B88761B9.d.D1EDACAEB5BA9E1108B36A0441A839B3.e.11043/click - {}
RESULT: {}
COMMAND: GET /session/e61d66238098f0a5d55953d3b90d37e6/screenshot - {}
RESULT: {}
COMMAND: POST /session/e61d66238098f0a5d55953d3b90d37e6/elements - {"using":"xpath","value":"//span[text()='Error']"}
RESULT: {"using":"xpath","value":"//span[text()='Error']"}
COMMAND: POST /session/e61d66238098f0a5d55953d3b90d37e6/element - {"using":"xpath","value":"//button[@data-kt=\"masterHOAddButton\"]"}
RESULT: {"using":"xpath","value":"//button[@data-kt=\"masterHOAddButton\"]"}
COMMAND: POST /session/e61d66238098f0a5d55953d3b90d37e6/elements - {"using":"xpath","value":"//button[@data-kt=\"masterHOAddButton\"]"}
RESULT: {"using":"xpath","value":"//button[@data-kt=\"masterHOAddButton\"]"}
COMMAND: POST /session/e61d66238098f0a5d55953d3b90d37e6/execute/sync - {"script":"<script> [8489 bytes]","args":[{"element-6066-11e4-a52e-4f735466cecf":"f.4CA2BB8DAA5DB34C3D6E0066B88761B9.d.D1EDACAEB5BA9E1108B36A0441A839B3.e.12369","ELEMENT":"f.4CA2BB8DAA5DB34C3D6E0066B88761B9.d.D1EDACAEB5BA9E1108B36A0441A839B3.e.12369"}]}
RESULT: {"script":"<script> [8489 bytes]","args":[{"element-6066-11e4-a52e-4f735466cecf":"f.4CA2BB8DAA5DB34C3D6E0066B88761B9.d.D1EDACAEB5BA9E1108B36A0441A839B3.e.12369","ELEMENT":"f.4CA2BB8DAA5DB34C3D6E0066B88761B9.d.D1EDACAEB5BA9E1108B36A0441A839B3.e.12369"}]}
COMMAND: GET /session/e61d66238098f0a5d55953d3b90d37e6/element/f.4CA2BB8DAA5DB34C3D6E0066B88761B9.d.D1EDACAEB5BA9E1108B36A0441A839B3.e.12369/enabled - {}
COMMAND: GET /session/e61d66238098f0a5d55953d3b90d37e6/screenshot - {}
RESULT: {}
COMMAND: POST /session/e61d66238098f0a5d55953d3b90d37e6/execute/sync - {"script":"<script> [8489 bytes]","args":[{"element-6066-11e4-a52e-4f735466cecf":"f.4CA2BB8DAA5DB34C3D6E0066B88761B9.d.D1EDACAEB5BA9E1108B36A0441A839B3.e.12369","ELEMENT":"f.4CA2BB8DAA5DB34C3D6E0066B88761B9.d.D1EDACAEB5BA9E1108B36A0441A839B3.e.12369"}]}
COMMAND: GET /session/e61d66238098f0a5d55953d3b90d37e6/screenshot - {}
RESULT: {}
RESULT: {"script":"<script> [8489 bytes]","args":[{"element-6066-11e4-a52e-4f735466cecf":"f.4CA2BB8DAA5DB34C3D6E0066B88761B9.d.D1EDACAEB5BA9E1108B36A0441A839B3.e.12369","ELEMENT":"f.4CA2BB8DAA5DB34C3D6E0066B88761B9.d.D1EDACAEB5BA9E1108B36A0441A839B3.e.12369"}]}
COMMAND: POST /session/e61d66238098f0a5d55953d3b90d37e6/execute/sync - {"script":"<script> [5351 bytes]","args":[{"element-6066-11e4-a52e-4f735466cecf":"f.4CA2BB8DAA5DB34C3D6E0066B88761B9.d.D1EDACAEB5BA9E1108B36A0441A839B3.e.12369","ELEMENT":"f.4CA2BB8DAA5DB34C3D6E0066B88761B9.d.D1EDACAEB5BA9E1108B36A0441A839B3.e.12369"}]}
COMMAND: GET /session/e61d66238098f0a5d55953d3b90d37e6/screenshot - {}
RESULT: {}
RESULT: {"script":"<script> [5351 bytes]","args":[{"element-6066-11e4-a52e-4f735466cecf":"f.4CA2BB8DAA5DB34C3D6E0066B88761B9.d.D1EDACAEB5BA9E1108B36A0441A839B3.e.12369","ELEMENT":"f.4CA2BB8DAA5DB34C3D6E0066B88761B9.d.D1EDACAEB5BA9E1108B36A0441A839B3.e.12369"}]}
COMMAND: POST /session/e61d66238098f0a5d55953d3b90d37e6/element/f.4CA2BB8DAA5DB34C3D6E0066B88761B9.d.D1EDACAEB5BA9E1108B36A0441A839B3.e.12369/click - {}
COMMAND: GET /session/e61d66238098f0a5d55953d3b90d37e6/screenshot - {}
RESULT: {}
RESULT: {}
COMMAND: GET /session/e61d66238098f0a5d55953d3b90d37e6/screenshot - {}
RESULT: {}
RESULT: {}
COMMAND: POST /session/e61d66238098f0a5d55953d3b90d37e6/element - {"using":"xpath","value":"//span[contains(@id ,\"AddNewHO--typeSelect-arrow\")]"}
RESULT: {"using":"xpath","value":"//span[contains(@id ,\"AddNewHO--typeSelect-arrow\")]"}
COMMAND: POST /session/e61d66238098f0a5d55953d3b90d37e6/element/f.4CA2BB8DAA5DB34C3D6E0066B88761B9.d.D1EDACAEB5BA9E1108B36A0441A839B3.e.12709/click - {}
RESULT: {}
COMMAND: GET /session/e61d66238098f0a5d55953d3b90d37e6/screenshot - {}
RESULT: {}
COMMAND: POST /session/e61d66238098f0a5d55953d3b90d37e6/element - {"using":"xpath","value":"(//li[contains(text(), \"stock increase yard\")])[1]"}
RESULT: {"using":"xpath","value":"(//li[contains(text(), \"stock increase yard\")])[1]"}
COMMAND: POST /session/e61d66238098f0a5d55953d3b90d37e6/element/f.4CA2BB8DAA5DB34C3D6E0066B88761B9.d.D1EDACAEB5BA9E1108B36A0441A839B3.e.12710/click - {}
RESULT: {}
COMMAND: GET /session/e61d66238098f0a5d55953d3b90d37e6/screenshot - {}
RESULT: {}
COMMAND: POST /session/e61d66238098f0a5d55953d3b90d37e6/execute/async - {"script":"<script> [1562 bytes]","args":[{"selector":{"id":"application-managehandovers-display-component---AddNewHO--dueDate","interaction":{"idSuffix":"inner"}},"wdio_ui5_key":"applicationmanagehandovers-display-component---AddNewHO--dueDate"}]}
RESULT: {"script":"<script> [1562 bytes]","args":[{"selector":{"id":"application-managehandovers-display-component---AddNewHO--dueDate","interaction":{"idSuffix":"inner"}},"wdio_ui5_key":"applicationmanagehandovers-display-component---AddNewHO--dueDate"}]}
RESULT: undefined
COMMAND: POST /session/e61d66238098f0a5d55953d3b90d37e6/execute/async - {"script":"<script> [6424 bytes]","args":[{"element-6066-11e4-a52e-4f735466cecf":"f.4CA2BB8DAA5DB34C3D6E0066B88761B9.d.D1EDACAEB5BA9E1108B36A0441A839B3.e.12712"},"setValue",["5/16/25"]]}
RESULT: {"script":"<script> [6424 bytes]","args":[{"element-6066-11e4-a52e-4f735466cecf":"f.4CA2BB8DAA5DB34C3D6E0066B88761B9.d.D1EDACAEB5BA9E1108B36A0441A839B3.e.12712"},"setValue",["5/16/25"]]}
COMMAND: POST /session/e61d66238098f0a5d55953d3b90d37e6/element - {"using":"xpath","value":"//input[@id=\"generalSectionFrg--receiveYard-inner\"]"}
RESULT: {"using":"xpath","value":"//input[@id=\"generalSectionFrg--receiveYard-inner\"]"}
COMMAND: POST /session/e61d66238098f0a5d55953d3b90d37e6/element/f.4CA2BB8DAA5DB34C3D6E0066B88761B9.d.D1EDACAEB5BA9E1108B36A0441A839B3.e.12716/clear - {}
RESULT: {}
COMMAND: POST /session/e61d66238098f0a5d55953d3b90d37e6/element/f.4CA2BB8DAA5DB34C3D6E0066B88761B9.d.D1EDACAEB5BA9E1108B36A0441A839B3.e.12716/value - {"text":"481"}
COMMAND: GET /session/e61d66238098f0a5d55953d3b90d37e6/screenshot - {}
RESULT: {"text":"481"}
COMMAND: GET /session/e61d66238098f0a5d55953d3b90d37e6/screenshot - {}
RESULT: {}
RESULT: {}
COMMAND: POST /session/e61d66238098f0a5d55953d3b90d37e6/element - {"using":"xpath","value":"//li[.//span[text()='481']]"}
RESULT: {"using":"xpath","value":"//li[.//span[text()='481']]"}
COMMAND: POST /session/e61d66238098f0a5d55953d3b90d37e6/element/f.4CA2BB8DAA5DB34C3D6E0066B88761B9.d.D1EDACAEB5BA9E1108B36A0441A839B3.e.12733/click - {}
RESULT: {}
COMMAND: GET /session/e61d66238098f0a5d55953d3b90d37e6/screenshot - {}
RESULT: {}
COMMAND: POST /session/e61d66238098f0a5d55953d3b90d37e6/execute/async - {"script":"<script> [1562 bytes]","args":[{"selector":{"id":"application-managehandovers-display-component---AddNewHO--ObjectPageLayout-anchBar-application-managehandovers-display-component---AddNewHO--section4-anchor","interaction":{"idSuffix":"BDI-content"}},"wdio_ui5_key":"applicationmanagehandovers-display-component---AddNewHO--ObjectPageLayout-anchBar-application-managehandovers-display-component---AddNewHO--section4-anchor"}]}
RESULT: {"script":"<script> [1562 bytes]","args":[{"selector":{"id":"application-managehandovers-display-component---AddNewHO--ObjectPageLayout-anchBar-application-managehandovers-display-component---AddNewHO--section4-anchor","interaction":{"idSuffix":"BDI-content"}},"wdio_ui5_key":"applicationmanagehandovers-display-component---AddNewHO--ObjectPageLayout-anchBar-application-managehandovers-display-component---AddNewHO--section4-anchor"}]}
RESULT: undefined
COMMAND: POST /session/e61d66238098f0a5d55953d3b90d37e6/element - {"using":"xpath","value":"//*[@id=\"application-managehandovers-display-component---AddNewHO--ObjectPageLayout-anchBar-application-managehandovers-display-component---AddNewHO--section4-anchor\"]"}
RESULT: {"using":"xpath","value":"//*[@id=\"application-managehandovers-display-component---AddNewHO--ObjectPageLayout-anchBar-application-managehandovers-display-component---AddNewHO--section4-anchor\"]"}
COMMAND: POST /session/e61d66238098f0a5d55953d3b90d37e6/element/f.4CA2BB8DAA5DB34C3D6E0066B88761B9.d.D1EDACAEB5BA9E1108B36A0441A839B3.e.12735/click - {}
RESULT: {}
COMMAND: POST /session/e61d66238098f0a5d55953d3b90d37e6/element - {"using":"xpath","value":"//button[@aria-label=\"Add\"]"}
COMMAND: GET /session/e61d66238098f0a5d55953d3b90d37e6/screenshot - {}
RESULT: {"using":"xpath","value":"//button[@aria-label=\"Add\"]"}
COMMAND: POST /session/e61d66238098f0a5d55953d3b90d37e6/element/f.4CA2BB8DAA5DB34C3D6E0066B88761B9.d.D1EDACAEB5BA9E1108B36A0441A839B3.e.12737/click - {}
RESULT: {}
RESULT: {}
COMMAND: GET /session/e61d66238098f0a5d55953d3b90d37e6/screenshot - {}
RESULT: {}
COMMAND: POST /session/e61d66238098f0a5d55953d3b90d37e6/execute/async - {"script":"<script> [1562 bytes]","args":[{"selector":{"id":"application-managehandovers-display-component---AddNewHO--smartFilterBar-btnBasicSearch","searchOpenDialogs":true,"interaction":{"idSuffix":"I"}},"wdio_ui5_key":"applicationmanagehandovers-display-component---AddNewHO--smartFilterBar-btnBasicSearch"}]}
RESULT: {"script":"<script> [1562 bytes]","args":[{"selector":{"id":"application-managehandovers-display-component---AddNewHO--smartFilterBar-btnBasicSearch","searchOpenDialogs":true,"interaction":{"idSuffix":"I"}},"wdio_ui5_key":"applicationmanagehandovers-display-component---AddNewHO--smartFilterBar-btnBasicSearch"}]}
RESULT: undefined
COMMAND: POST /session/e61d66238098f0a5d55953d3b90d37e6/execute/async - {"script":"<script> [776 bytes]","args":[{"enterText":"MmLX1J2ohW","selector":{"id":"application-managehandovers-display-component---AddNewHO--smartFilterBar-btnBasicSearch","searchOpenDialogs":true,"interaction":{"idSuffix":"I"}},"clearTextFirst":true,"interactionType":"ENTER_TEXT"}]}
RESULT: {"script":"<script> [776 bytes]","args":[{"enterText":"MmLX1J2ohW","selector":{"id":"application-managehandovers-display-component---AddNewHO--smartFilterBar-btnBasicSearch","searchOpenDialogs":true,"interaction":{"idSuffix":"I"}},"clearTextFirst":true,"interactionType":"ENTER_TEXT"}]}
COMMAND: POST /session/e61d66238098f0a5d55953d3b90d37e6/actions - {"actions":[{"id":"action49","type":"key","parameters":{},"actions":[{"type":"keyDown","value":"î€‡"},{"type":"pause","duration":10},{"type":"keyUp","value":"î€‡"}]}]}
RESULT: {"actions":[{"id":"action49","type":"key","parameters":{},"actions":[{"type":"keyDown","value":"î€‡"},{"type":"pause","duration":10},{"type":"keyUp","value":"î€‡"}]}]}
COMMAND: GET /session/e61d66238098f0a5d55953d3b90d37e6/screenshot - {}
RESULT: {}
COMMAND: POST /session/e61d66238098f0a5d55953d3b90d37e6/execute/async - {"script":"<script> [1562 bytes]","args":[{"selector":{"id":"application-managehandovers-display-component---AddNewHO--popup-sa","searchOpenDialogs":true,"interaction":{"idSuffix":"CbBg"}},"wdio_ui5_key":"applicationmanagehandovers-display-component---AddNewHO--popup-sa"}]}
RESULT: {"script":"<script> [1562 bytes]","args":[{"selector":{"id":"application-managehandovers-display-component---AddNewHO--popup-sa","searchOpenDialogs":true,"interaction":{"idSuffix":"CbBg"}},"wdio_ui5_key":"applicationmanagehandovers-display-component---AddNewHO--popup-sa"}]}
RESULT: undefined
COMMAND: POST /session/e61d66238098f0a5d55953d3b90d37e6/element - {"using":"xpath","value":"//*[@id=\"application-managehandovers-display-component---AddNewHO--popup-sa\"]"}
RESULT: {"using":"xpath","value":"//*[@id=\"application-managehandovers-display-component---AddNewHO--popup-sa\"]"}
COMMAND: POST /session/e61d66238098f0a5d55953d3b90d37e6/element/f.4CA2BB8DAA5DB34C3D6E0066B88761B9.d.D1EDACAEB5BA9E1108B36A0441A839B3.e.12889/click - {}
RESULT: {}
COMMAND: GET /session/e61d66238098f0a5d55953d3b90d37e6/screenshot - {}
RESULT: {}
COMMAND: POST /session/e61d66238098f0a5d55953d3b90d37e6/element - {"using":"xpath","value":"//bdi[contains(text(), \"Select\")]"}
RESULT: {"using":"xpath","value":"//bdi[contains(text(), \"Select\")]"}
COMMAND: POST /session/e61d66238098f0a5d55953d3b90d37e6/element/f.4CA2BB8DAA5DB34C3D6E0066B88761B9.d.D1EDACAEB5BA9E1108B36A0441A839B3.e.12890/click - {}
RESULT: {}
COMMAND: GET /session/e61d66238098f0a5d55953d3b90d37e6/screenshot - {}
RESULT: {}
COMMAND: POST /session/e61d66238098f0a5d55953d3b90d37e6/element - {"using":"xpath","value":"//button[@data-kt=\"AddNewHOSaveButton\"]"}
RESULT: {"using":"xpath","value":"//button[@data-kt=\"AddNewHOSaveButton\"]"}
COMMAND: POST /session/e61d66238098f0a5d55953d3b90d37e6/element/f.4CA2BB8DAA5DB34C3D6E0066B88761B9.d.D1EDACAEB5BA9E1108B36A0441A839B3.e.12894/click - {}
RESULT: {}
COMMAND: GET /session/e61d66238098f0a5d55953d3b90d37e6/screenshot - {}
RESULT: {}
COMMAND: POST /session/e61d66238098f0a5d55953d3b90d37e6/execute/async - {"script":"<script> [1562 bytes]","args":[{"selector":{"id":"receiptDatePicker","viewName":"etm.portal.ui.managehandovers.view.DetailExecuteHO","interaction":{"idSuffix":"inner"}},"wdio_ui5_key":"receiptDatePickeretmportal.ui.managehandovers.view.DetailExecuteHO"}]}
RESULT: {"script":"<script> [1562 bytes]","args":[{"selector":{"id":"receiptDatePicker","viewName":"etm.portal.ui.managehandovers.view.DetailExecuteHO","interaction":{"idSuffix":"inner"}},"wdio_ui5_key":"receiptDatePickeretmportal.ui.managehandovers.view.DetailExecuteHO"}]}
RESULT: undefined
COMMAND: POST /session/e61d66238098f0a5d55953d3b90d37e6/execute/async - {"script":"<script> [6424 bytes]","args":[{"element-6066-11e4-a52e-4f735466cecf":"f.4CA2BB8DAA5DB34C3D6E0066B88761B9.d.D1EDACAEB5BA9E1108B36A0441A839B3.e.12912"},"setValue",["5/16/25"]]}
RESULT: {"script":"<script> [6424 bytes]","args":[{"element-6066-11e4-a52e-4f735466cecf":"f.4CA2BB8DAA5DB34C3D6E0066B88761B9.d.D1EDACAEB5BA9E1108B36A0441A839B3.e.12912"},"setValue",["5/16/25"]]}
COMMAND: POST /session/e61d66238098f0a5d55953d3b90d37e6/element - {"using":"xpath","value":"//button[@data-kt=\"PickingTableConfirmAllButton\"]"}
RESULT: {"using":"xpath","value":"//button[@data-kt=\"PickingTableConfirmAllButton\"]"}
COMMAND: POST /session/e61d66238098f0a5d55953d3b90d37e6/element/f.4CA2BB8DAA5DB34C3D6E0066B88761B9.d.D1EDACAEB5BA9E1108B36A0441A839B3.e.12926/click - {}
RESULT: {}
COMMAND: GET /session/e61d66238098f0a5d55953d3b90d37e6/screenshot - {}
RESULT: {}
COMMAND: POST /session/e61d66238098f0a5d55953d3b90d37e6/element - {"using":"xpath","value":"//bdi[contains(text(), \"OK\")]"}
RESULT: {"using":"xpath","value":"//bdi[contains(text(), \"OK\")]"}
COMMAND: POST /session/e61d66238098f0a5d55953d3b90d37e6/element/f.4CA2BB8DAA5DB34C3D6E0066B88761B9.d.D1EDACAEB5BA9E1108B36A0441A839B3.e.12928/click - {}
RESULT: {}
COMMAND: GET /session/e61d66238098f0a5d55953d3b90d37e6/screenshot - {}
RESULT: {}
COMMAND: POST /session/e61d66238098f0a5d55953d3b90d37e6/element - {"using":"xpath","value":"(//bdi[contains(text(), \"Receive\")])[2]"}
RESULT: {"using":"xpath","value":"(//bdi[contains(text(), \"Receive\")])[2]"}
COMMAND: POST /session/e61d66238098f0a5d55953d3b90d37e6/element/f.4CA2BB8DAA5DB34C3D6E0066B88761B9.d.D1EDACAEB5BA9E1108B36A0441A839B3.e.12930/click - {}
RESULT: {}
COMMAND: GET /session/e61d66238098f0a5d55953d3b90d37e6/screenshot - {}
RESULT: {}
COMMAND: POST /session/e61d66238098f0a5d55953d3b90d37e6/element - {"using":"css selector","value":"#shell-header-logo"}
RESULT: {"using":"css selector","value":"#shell-header-logo"}
COMMAND: POST /session/e61d66238098f0a5d55953d3b90d37e6/element/f.4CA2BB8DAA5DB34C3D6E0066B88761B9.d.D1EDACAEB5BA9E1108B36A0441A839B3.e.12334/click - {}
RESULT: {}
COMMAND: GET /session/e61d66238098f0a5d55953d3b90d37e6/screenshot - {}
RESULT: {}
]]></system-out>
    </testcase>
    <testcase classname="chrome.136_0_7103_93.windows.Create_Reverse_Billing_US127248" name="Should create a new contract" time="62.265">
      <system-out><![CDATA[
COMMAND: POST /session/e61d66238098f0a5d55953d3b90d37e6/execute/async - {"script":"<script> [1562 bytes]","args":[{"selector":{"controlType":"sap.m.GenericTile","properties":{"header":"Manage Contracts"}},"wdio_ui5_key":"sapm.GenericTile{\"header\":\"Manage Contracts\"}"}]}
RESULT: {"script":"<script> [1562 bytes]","args":[{"selector":{"controlType":"sap.m.GenericTile","properties":{"header":"Manage Contracts"}},"wdio_ui5_key":"sapm.GenericTile{\"header\":\"Manage Contracts\"}"}]}
RESULT: undefined
COMMAND: POST /session/e61d66238098f0a5d55953d3b90d37e6/element - {"using":"xpath","value":"//*[@id=\"__tile130\"]"}
RESULT: {"using":"xpath","value":"//*[@id=\"__tile130\"]"}
COMMAND: POST /session/e61d66238098f0a5d55953d3b90d37e6/element/f.4CA2BB8DAA5DB34C3D6E0066B88761B9.d.D1EDACAEB5BA9E1108B36A0441A839B3.e.10980/click - {}
RESULT: {}
COMMAND: GET /session/e61d66238098f0a5d55953d3b90d37e6/screenshot - {}
RESULT: {}
COMMAND: POST /session/e61d66238098f0a5d55953d3b90d37e6/elements - {"using":"xpath","value":"//span[text()='Error']"}
RESULT: {"using":"xpath","value":"//span[text()='Error']"}
COMMAND: POST /session/e61d66238098f0a5d55953d3b90d37e6/element - {"using":"xpath","value":"//button[@data-kt=\"addButton\"]"}
RESULT: {"using":"xpath","value":"//button[@data-kt=\"addButton\"]"}
COMMAND: POST /session/e61d66238098f0a5d55953d3b90d37e6/elements - {"using":"xpath","value":"//button[@data-kt=\"addButton\"]"}
RESULT: {"using":"xpath","value":"//button[@data-kt=\"addButton\"]"}
COMMAND: POST /session/e61d66238098f0a5d55953d3b90d37e6/execute/sync - {"script":"<script> [8489 bytes]","args":[{"element-6066-11e4-a52e-4f735466cecf":"f.4CA2BB8DAA5DB34C3D6E0066B88761B9.d.D1EDACAEB5BA9E1108B36A0441A839B3.e.13254","ELEMENT":"f.4CA2BB8DAA5DB34C3D6E0066B88761B9.d.D1EDACAEB5BA9E1108B36A0441A839B3.e.13254"}]}
RESULT: {"script":"<script> [8489 bytes]","args":[{"element-6066-11e4-a52e-4f735466cecf":"f.4CA2BB8DAA5DB34C3D6E0066B88761B9.d.D1EDACAEB5BA9E1108B36A0441A839B3.e.13254","ELEMENT":"f.4CA2BB8DAA5DB34C3D6E0066B88761B9.d.D1EDACAEB5BA9E1108B36A0441A839B3.e.13254"}]}
COMMAND: GET /session/e61d66238098f0a5d55953d3b90d37e6/element/f.4CA2BB8DAA5DB34C3D6E0066B88761B9.d.D1EDACAEB5BA9E1108B36A0441A839B3.e.13254/enabled - {}
COMMAND: GET /session/e61d66238098f0a5d55953d3b90d37e6/screenshot - {}
RESULT: {}
COMMAND: POST /session/e61d66238098f0a5d55953d3b90d37e6/execute/sync - {"script":"<script> [8489 bytes]","args":[{"element-6066-11e4-a52e-4f735466cecf":"f.4CA2BB8DAA5DB34C3D6E0066B88761B9.d.D1EDACAEB5BA9E1108B36A0441A839B3.e.13254","ELEMENT":"f.4CA2BB8DAA5DB34C3D6E0066B88761B9.d.D1EDACAEB5BA9E1108B36A0441A839B3.e.13254"}]}
COMMAND: GET /session/e61d66238098f0a5d55953d3b90d37e6/screenshot - {}
RESULT: {}
RESULT: {"script":"<script> [8489 bytes]","args":[{"element-6066-11e4-a52e-4f735466cecf":"f.4CA2BB8DAA5DB34C3D6E0066B88761B9.d.D1EDACAEB5BA9E1108B36A0441A839B3.e.13254","ELEMENT":"f.4CA2BB8DAA5DB34C3D6E0066B88761B9.d.D1EDACAEB5BA9E1108B36A0441A839B3.e.13254"}]}
COMMAND: POST /session/e61d66238098f0a5d55953d3b90d37e6/execute/sync - {"script":"<script> [5351 bytes]","args":[{"element-6066-11e4-a52e-4f735466cecf":"f.4CA2BB8DAA5DB34C3D6E0066B88761B9.d.D1EDACAEB5BA9E1108B36A0441A839B3.e.13254","ELEMENT":"f.4CA2BB8DAA5DB34C3D6E0066B88761B9.d.D1EDACAEB5BA9E1108B36A0441A839B3.e.13254"}]}
COMMAND: GET /session/e61d66238098f0a5d55953d3b90d37e6/screenshot - {}
RESULT: {}
RESULT: {"script":"<script> [5351 bytes]","args":[{"element-6066-11e4-a52e-4f735466cecf":"f.4CA2BB8DAA5DB34C3D6E0066B88761B9.d.D1EDACAEB5BA9E1108B36A0441A839B3.e.13254","ELEMENT":"f.4CA2BB8DAA5DB34C3D6E0066B88761B9.d.D1EDACAEB5BA9E1108B36A0441A839B3.e.13254"}]}
COMMAND: GET /session/e61d66238098f0a5d55953d3b90d37e6/screenshot - {}
RESULT: {}
RESULT: {}
COMMAND: POST /session/e61d66238098f0a5d55953d3b90d37e6/element/f.4CA2BB8DAA5DB34C3D6E0066B88761B9.d.D1EDACAEB5BA9E1108B36A0441A839B3.e.13254/click - {}
RESULT: {}
COMMAND: GET /session/e61d66238098f0a5d55953d3b90d37e6/screenshot - {}
RESULT: {}
COMMAND: POST /session/e61d66238098f0a5d55953d3b90d37e6/execute/async - {"script":"<script> [1562 bytes]","args":[{"selector":{"id":"application-managecontracts-display-component---AddNewContract--projectDescription","interaction":{"idSuffix":"inner"}},"wdio_ui5_key":"applicationmanagecontracts-display-component---AddNewContract--projectDescription"}]}
RESULT: {"script":"<script> [1562 bytes]","args":[{"selector":{"id":"application-managecontracts-display-component---AddNewContract--projectDescription","interaction":{"idSuffix":"inner"}},"wdio_ui5_key":"applicationmanagecontracts-display-component---AddNewContract--projectDescription"}]}
RESULT: undefined
COMMAND: POST /session/e61d66238098f0a5d55953d3b90d37e6/execute/async - {"script":"<script> [776 bytes]","args":[{"enterText":"Contract WDIO","selector":{"id":"application-managecontracts-display-component---AddNewContract--projectDescription","interaction":{"idSuffix":"inner"}},"clearTextFirst":true,"interactionType":"ENTER_TEXT"}]}
RESULT: {"script":"<script> [776 bytes]","args":[{"enterText":"Contract WDIO","selector":{"id":"application-managecontracts-display-component---AddNewContract--projectDescription","interaction":{"idSuffix":"inner"}},"clearTextFirst":true,"interactionType":"ENTER_TEXT"}]}
COMMAND: POST /session/e61d66238098f0a5d55953d3b90d37e6/element - {"using":"xpath","value":"//input[@id=\"application-managecontracts-display-component---AddNewContract--site-inner\"]"}
RESULT: {"using":"xpath","value":"//input[@id=\"application-managecontracts-display-component---AddNewContract--site-inner\"]"}
COMMAND: POST /session/e61d66238098f0a5d55953d3b90d37e6/element/f.4CA2BB8DAA5DB34C3D6E0066B88761B9.d.D1EDACAEB5BA9E1108B36A0441A839B3.e.13619/clear - {}
RESULT: {}
COMMAND: POST /session/e61d66238098f0a5d55953d3b90d37e6/element/f.4CA2BB8DAA5DB34C3D6E0066B88761B9.d.D1EDACAEB5BA9E1108B36A0441A839B3.e.13619/value - {"text":"2227"}
COMMAND: GET /session/e61d66238098f0a5d55953d3b90d37e6/screenshot - {}
RESULT: {"text":"2227"}
COMMAND: GET /session/e61d66238098f0a5d55953d3b90d37e6/screenshot - {}
RESULT: {}
RESULT: {}
COMMAND: POST /session/e61d66238098f0a5d55953d3b90d37e6/element - {"using":"xpath","value":"//li[.//span[text()='2227']]"}
RESULT: {"using":"xpath","value":"//li[.//span[text()='2227']]"}
COMMAND: POST /session/e61d66238098f0a5d55953d3b90d37e6/element/f.4CA2BB8DAA5DB34C3D6E0066B88761B9.d.D1EDACAEB5BA9E1108B36A0441A839B3.e.13648/click - {}
RESULT: {}
COMMAND: GET /session/e61d66238098f0a5d55953d3b90d37e6/screenshot - {}
RESULT: {}
COMMAND: POST /session/e61d66238098f0a5d55953d3b90d37e6/element - {"using":"xpath","value":"//input[@id=\"application-managecontracts-display-component---AddNewContract--yardId-inner\"]"}
RESULT: {"using":"xpath","value":"//input[@id=\"application-managecontracts-display-component---AddNewContract--yardId-inner\"]"}
COMMAND: GET /session/e61d66238098f0a5d55953d3b90d37e6/element/f.4CA2BB8DAA5DB34C3D6E0066B88761B9.d.D1EDACAEB5BA9E1108B36A0441A839B3.e.13620/property/value - {}
RESULT: {}
COMMAND: POST /session/e61d66238098f0a5d55953d3b90d37e6/element - {"using":"xpath","value":"//input[@id=\"application-managecontracts-display-component---AddNewContract--customerSelect-inner\"]"}
COMMAND: GET /session/e61d66238098f0a5d55953d3b90d37e6/screenshot - {}
RESULT: {"using":"xpath","value":"//input[@id=\"application-managecontracts-display-component---AddNewContract--customerSelect-inner\"]"}
COMMAND: POST /session/e61d66238098f0a5d55953d3b90d37e6/element/f.4CA2BB8DAA5DB34C3D6E0066B88761B9.d.D1EDACAEB5BA9E1108B36A0441A839B3.e.13618/clear - {}
RESULT: {}
RESULT: {}
COMMAND: POST /session/e61d66238098f0a5d55953d3b90d37e6/element/f.4CA2BB8DAA5DB34C3D6E0066B88761B9.d.D1EDACAEB5BA9E1108B36A0441A839B3.e.13618/value - {"text":"1268"}
COMMAND: GET /session/e61d66238098f0a5d55953d3b90d37e6/screenshot - {}
RESULT: {"text":"1268"}
COMMAND: GET /session/e61d66238098f0a5d55953d3b90d37e6/screenshot - {}
RESULT: {}
RESULT: {}
COMMAND: POST /session/e61d66238098f0a5d55953d3b90d37e6/element - {"using":"xpath","value":"//li[.//span[text()='1268']]"}
RESULT: {"using":"xpath","value":"//li[.//span[text()='1268']]"}
COMMAND: POST /session/e61d66238098f0a5d55953d3b90d37e6/element/f.4CA2BB8DAA5DB34C3D6E0066B88761B9.d.D1EDACAEB5BA9E1108B36A0441A839B3.e.13651/click - {}
RESULT: {}
COMMAND: GET /session/e61d66238098f0a5d55953d3b90d37e6/screenshot - {}
RESULT: {}
COMMAND: POST /session/e61d66238098f0a5d55953d3b90d37e6/element - {"using":"xpath","value":"//button[@data-kt=\"saveButton\"]"}
RESULT: {"using":"xpath","value":"//button[@data-kt=\"saveButton\"]"}
COMMAND: POST /session/e61d66238098f0a5d55953d3b90d37e6/element/f.4CA2BB8DAA5DB34C3D6E0066B88761B9.d.D1EDACAEB5BA9E1108B36A0441A839B3.e.13652/click - {}
RESULT: {}
COMMAND: GET /session/e61d66238098f0a5d55953d3b90d37e6/screenshot - {}
RESULT: {}
COMMAND: POST /session/e61d66238098f0a5d55953d3b90d37e6/element - {"using":"xpath","value":"//span[contains(@id ,\"contractDetailTitleNoExpanded\")]"}
RESULT: {"using":"xpath","value":"//span[contains(@id ,\"contractDetailTitleNoExpanded\")]"}
COMMAND: POST /session/e61d66238098f0a5d55953d3b90d37e6/elements - {"using":"xpath","value":"//span[contains(@id ,\"contractDetailTitleNoExpanded\")]"}
RESULT: {"using":"xpath","value":"//span[contains(@id ,\"contractDetailTitleNoExpanded\")]"}
COMMAND: POST /session/e61d66238098f0a5d55953d3b90d37e6/execute/sync - {"script":"<script> [56 bytes]","args":[{"element-6066-11e4-a52e-4f735466cecf":"f.4CA2BB8DAA5DB34C3D6E0066B88761B9.d.D1EDACAEB5BA9E1108B36A0441A839B3.e.13723","ELEMENT":"f.4CA2BB8DAA5DB34C3D6E0066B88761B9.d.D1EDACAEB5BA9E1108B36A0441A839B3.e.13723"}]}
RESULT: {"script":"<script> [56 bytes]","args":[{"element-6066-11e4-a52e-4f735466cecf":"f.4CA2BB8DAA5DB34C3D6E0066B88761B9.d.D1EDACAEB5BA9E1108B36A0441A839B3.e.13723","ELEMENT":"f.4CA2BB8DAA5DB34C3D6E0066B88761B9.d.D1EDACAEB5BA9E1108B36A0441A839B3.e.13723"}]}
COMMAND: GET /session/e61d66238098f0a5d55953d3b90d37e6/screenshot - {}
RESULT: {}
]]></system-out>
    </testcase>
    <testcase classname="chrome.136_0_7103_93.windows.Create_Reverse_Billing_US127248" name="Should add equipment to the contract" time="54.875">
      <system-out><![CDATA[
COMMAND: POST /session/e61d66238098f0a5d55953d3b90d37e6/element - {"using":"xpath","value":"//button[@data-kt=\"contractDetailEditBtnButton\"]"}
RESULT: {"using":"xpath","value":"//button[@data-kt=\"contractDetailEditBtnButton\"]"}
COMMAND: POST /session/e61d66238098f0a5d55953d3b90d37e6/element/f.4CA2BB8DAA5DB34C3D6E0066B88761B9.d.D1EDACAEB5BA9E1108B36A0441A839B3.e.13726/click - {}
RESULT: {}
COMMAND: GET /session/e61d66238098f0a5d55953d3b90d37e6/screenshot - {}
RESULT: {}
COMMAND: POST /session/e61d66238098f0a5d55953d3b90d37e6/element - {"using":"xpath","value":"(//span[contains(text(), \"Additional Addresses\")])[2]"}
RESULT: {"using":"xpath","value":"(//span[contains(text(), \"Additional Addresses\")])[2]"}
COMMAND: POST /session/e61d66238098f0a5d55953d3b90d37e6/elements - {"using":"xpath","value":"(//span[contains(text(), \"Additional Addresses\")])[2]"}
RESULT: {"using":"xpath","value":"(//span[contains(text(), \"Additional Addresses\")])[2]"}
COMMAND: POST /session/e61d66238098f0a5d55953d3b90d37e6/elements - {"using":"xpath","value":"(//span[contains(text(), \"Additional Addresses\")])[2]"}
RESULT: {"using":"xpath","value":"(//span[contains(text(), \"Additional Addresses\")])[2]"}
RESULT: undefined
COMMAND: POST /session/e61d66238098f0a5d55953d3b90d37e6/elements - {"using":"xpath","value":"(//span[contains(text(), \"Additional Addresses\")])[2]"}
RESULT: {"using":"xpath","value":"(//span[contains(text(), \"Additional Addresses\")])[2]"}
COMMAND: POST /session/e61d66238098f0a5d55953d3b90d37e6/elements - {"using":"xpath","value":"(//span[contains(text(), \"Additional Addresses\")])[2]"}
RESULT: {"using":"xpath","value":"(//span[contains(text(), \"Additional Addresses\")])[2]"}
COMMAND: POST /session/e61d66238098f0a5d55953d3b90d37e6/elements - {"using":"xpath","value":"(//span[contains(text(), \"Additional Addresses\")])[2]"}
RESULT: {"using":"xpath","value":"(//span[contains(text(), \"Additional Addresses\")])[2]"}
COMMAND: POST /session/e61d66238098f0a5d55953d3b90d37e6/elements - {"using":"xpath","value":"(//span[contains(text(), \"Additional Addresses\")])[2]"}
RESULT: {"using":"xpath","value":"(//span[contains(text(), \"Additional Addresses\")])[2]"}
COMMAND: POST /session/e61d66238098f0a5d55953d3b90d37e6/elements - {"using":"xpath","value":"(//span[contains(text(), \"Additional Addresses\")])[2]"}
RESULT: {"using":"xpath","value":"(//span[contains(text(), \"Additional Addresses\")])[2]"}
COMMAND: POST /session/e61d66238098f0a5d55953d3b90d37e6/element - {"using":"xpath","value":"(//span[contains(text(), \"Additional Addresses\")])[2]"}
RESULT: {"using":"xpath","value":"(//span[contains(text(), \"Additional Addresses\")])[2]"}
COMMAND: POST /session/e61d66238098f0a5d55953d3b90d37e6/element/f.4CA2BB8DAA5DB34C3D6E0066B88761B9.d.D1EDACAEB5BA9E1108B36A0441A839B3.e.13784/click - {}
RESULT: {}
COMMAND: GET /session/e61d66238098f0a5d55953d3b90d37e6/screenshot - {}
RESULT: {}
COMMAND: POST /session/e61d66238098f0a5d55953d3b90d37e6/element - {"using":"xpath","value":"//button[@data-kt=\"btnAddTableRowOverflowToolbarButton\"]"}
RESULT: {"using":"xpath","value":"//button[@data-kt=\"btnAddTableRowOverflowToolbarButton\"]"}
COMMAND: POST /session/e61d66238098f0a5d55953d3b90d37e6/element/f.4CA2BB8DAA5DB34C3D6E0066B88761B9.d.D1EDACAEB5BA9E1108B36A0441A839B3.e.13786/click - {}
RESULT: {}
COMMAND: GET /session/e61d66238098f0a5d55953d3b90d37e6/screenshot - {}
RESULT: {}
COMMAND: POST /session/e61d66238098f0a5d55953d3b90d37e6/element - {"using":"xpath","value":"//div[(text() = 'Standard Entry' or . = 'Standard Entry')]"}
RESULT: {"using":"xpath","value":"//div[(text() = 'Standard Entry' or . = 'Standard Entry')]"}
COMMAND: POST /session/e61d66238098f0a5d55953d3b90d37e6/element/f.4CA2BB8DAA5DB34C3D6E0066B88761B9.d.D1EDACAEB5BA9E1108B36A0441A839B3.e.13788/click - {}
RESULT: {}
COMMAND: GET /session/e61d66238098f0a5d55953d3b90d37e6/screenshot - {}
RESULT: {}
COMMAND: POST /session/e61d66238098f0a5d55953d3b90d37e6/element - {"using":"xpath","value":"//td[7]/div/div/input"}
RESULT: {"using":"xpath","value":"//td[7]/div/div/input"}
COMMAND: POST /session/e61d66238098f0a5d55953d3b90d37e6/element/f.4CA2BB8DAA5DB34C3D6E0066B88761B9.d.D1EDACAEB5BA9E1108B36A0441A839B3.e.13797/clear - {}
RESULT: {}
COMMAND: POST /session/e61d66238098f0a5d55953d3b90d37e6/element/f.4CA2BB8DAA5DB34C3D6E0066B88761B9.d.D1EDACAEB5BA9E1108B36A0441A839B3.e.13797/value - {"text":"MmLX1J2ohW"}
COMMAND: GET /session/e61d66238098f0a5d55953d3b90d37e6/screenshot - {}
RESULT: {"text":"MmLX1J2ohW"}
COMMAND: GET /session/e61d66238098f0a5d55953d3b90d37e6/screenshot - {}
RESULT: {}
RESULT: {}
COMMAND: POST /session/e61d66238098f0a5d55953d3b90d37e6/actions - {"actions":[{"id":"action50","type":"key","parameters":{},"actions":[{"type":"keyDown","value":"î€‡"},{"type":"pause","duration":10},{"type":"keyUp","value":"î€‡"}]}]}
RESULT: {"actions":[{"id":"action50","type":"key","parameters":{},"actions":[{"type":"keyDown","value":"î€‡"},{"type":"pause","duration":10},{"type":"keyUp","value":"î€‡"}]}]}
COMMAND: GET /session/e61d66238098f0a5d55953d3b90d37e6/screenshot - {}
RESULT: {}
COMMAND: POST /session/e61d66238098f0a5d55953d3b90d37e6/execute/sync - {"script":"<script> [276 bytes]","args":["No pricing information was found"]}
RESULT: {"script":"<script> [276 bytes]","args":["No pricing information was found"]}
COMMAND: POST /session/e61d66238098f0a5d55953d3b90d37e6/element - {"using":"xpath","value":"(//button[@data-kt=\"saveButton\"])[2]"}
COMMAND: GET /session/e61d66238098f0a5d55953d3b90d37e6/screenshot - {}
RESULT: {"using":"xpath","value":"(//button[@data-kt=\"saveButton\"])[2]"}
COMMAND: POST /session/e61d66238098f0a5d55953d3b90d37e6/element/f.4CA2BB8DAA5DB34C3D6E0066B88761B9.d.D1EDACAEB5BA9E1108B36A0441A839B3.e.13812/click - {}
RESULT: {}
RESULT: {}
COMMAND: GET /session/e61d66238098f0a5d55953d3b90d37e6/screenshot - {}
RESULT: {}
COMMAND: POST /session/e61d66238098f0a5d55953d3b90d37e6/execute/sync - {"script":"<script> [276 bytes]","args":["Some contract items are having rental validity exceeding header rental validity"]}
RESULT: {"script":"<script> [276 bytes]","args":["Some contract items are having rental validity exceeding header rental validity"]}
COMMAND: GET /session/e61d66238098f0a5d55953d3b90d37e6/screenshot - {}
RESULT: {}
COMMAND: POST /session/e61d66238098f0a5d55953d3b90d37e6/element - {"using":"xpath","value":"//span[contains(@id ,\"contractItemsSmartTable-header-inner\")]"}
RESULT: {"using":"xpath","value":"//span[contains(@id ,\"contractItemsSmartTable-header-inner\")]"}
COMMAND: POST /session/e61d66238098f0a5d55953d3b90d37e6/elements - {"using":"xpath","value":"//span[contains(@id ,\"contractItemsSmartTable-header-inner\")]"}
RESULT: {"using":"xpath","value":"//span[contains(@id ,\"contractItemsSmartTable-header-inner\")]"}
COMMAND: POST /session/e61d66238098f0a5d55953d3b90d37e6/execute/sync - {"script":"<script> [56 bytes]","args":[{"element-6066-11e4-a52e-4f735466cecf":"f.4CA2BB8DAA5DB34C3D6E0066B88761B9.d.D1EDACAEB5BA9E1108B36A0441A839B3.e.13817","ELEMENT":"f.4CA2BB8DAA5DB34C3D6E0066B88761B9.d.D1EDACAEB5BA9E1108B36A0441A839B3.e.13817"}]}
RESULT: {"script":"<script> [56 bytes]","args":[{"element-6066-11e4-a52e-4f735466cecf":"f.4CA2BB8DAA5DB34C3D6E0066B88761B9.d.D1EDACAEB5BA9E1108B36A0441A839B3.e.13817","ELEMENT":"f.4CA2BB8DAA5DB34C3D6E0066B88761B9.d.D1EDACAEB5BA9E1108B36A0441A839B3.e.13817"}]}
]]></system-out>
    </testcase>
    <testcase classname="chrome.136_0_7103_93.windows.Create_Reverse_Billing_US127248" name="Should do a provide to site handover" time="66.38">
      <system-out><![CDATA[
COMMAND: POST /session/e61d66238098f0a5d55953d3b90d37e6/element - {"using":"xpath","value":"//button[@data-kt=\"provideButton\"]"}
COMMAND: GET /session/e61d66238098f0a5d55953d3b90d37e6/screenshot - {}
RESULT: {"using":"xpath","value":"//button[@data-kt=\"provideButton\"]"}
COMMAND: POST /session/e61d66238098f0a5d55953d3b90d37e6/element/f.4CA2BB8DAA5DB34C3D6E0066B88761B9.d.D1EDACAEB5BA9E1108B36A0441A839B3.e.13818/click - {}
RESULT: {}
RESULT: {}
COMMAND: GET /session/e61d66238098f0a5d55953d3b90d37e6/screenshot - {}
RESULT: {}
RESULT: undefined
COMMAND: POST /session/e61d66238098f0a5d55953d3b90d37e6/execute/async - {"script":"<script> [6424 bytes]","args":[{"element-6066-11e4-a52e-4f735466cecf":"f.4CA2BB8DAA5DB34C3D6E0066B88761B9.d.D1EDACAEB5BA9E1108B36A0441A839B3.e.12712"},"setValue",["5/16/25"]]}
COMMAND: POST /session/e61d66238098f0a5d55953d3b90d37e6/execute/async - {"script":"<script> [1562 bytes]","args":[{"selector":{"id":"application-managehandovers-display-component---AddNewHO--dueDate","interaction":{"idSuffix":"inner"}},"wdio_ui5_key":"applicationmanagehandovers-display-component---AddNewHO--dueDate"}]}
RESULT: {"script":"<script> [1562 bytes]","args":[{"selector":{"id":"application-managehandovers-display-component---AddNewHO--dueDate","interaction":{"idSuffix":"inner"}},"wdio_ui5_key":"applicationmanagehandovers-display-component---AddNewHO--dueDate"}]}
COMMAND: POST /session/e61d66238098f0a5d55953d3b90d37e6/execute/async - {"script":"<script> [6424 bytes]","args":[{"element-6066-11e4-a52e-4f735466cecf":"f.4CA2BB8DAA5DB34C3D6E0066B88761B9.d.D1EDACAEB5BA9E1108B36A0441A839B3.e.13875"},"setValue",["5/16/25"]]}
RESULT: {"script":"<script> [6424 bytes]","args":[{"element-6066-11e4-a52e-4f735466cecf":"f.4CA2BB8DAA5DB34C3D6E0066B88761B9.d.D1EDACAEB5BA9E1108B36A0441A839B3.e.13875"},"setValue",["5/16/25"]]}
COMMAND: POST /session/e61d66238098f0a5d55953d3b90d37e6/element - {"using":"xpath","value":"//bdi[contains(text(), \"Instructions\")]"}
RESULT: {"using":"xpath","value":"//bdi[contains(text(), \"Instructions\")]"}
COMMAND: POST /session/e61d66238098f0a5d55953d3b90d37e6/element/f.4CA2BB8DAA5DB34C3D6E0066B88761B9.d.D1EDACAEB5BA9E1108B36A0441A839B3.e.14123/click - {}
RESULT: {}
COMMAND: GET /session/e61d66238098f0a5d55953d3b90d37e6/screenshot - {}
RESULT: {}
COMMAND: POST /session/e61d66238098f0a5d55953d3b90d37e6/element - {"using":"xpath","value":"//button[@data-kt=\"AddNewHOProvideAddItemsButton\"]"}
RESULT: {"using":"xpath","value":"//button[@data-kt=\"AddNewHOProvideAddItemsButton\"]"}
COMMAND: POST /session/e61d66238098f0a5d55953d3b90d37e6/element/f.4CA2BB8DAA5DB34C3D6E0066B88761B9.d.D1EDACAEB5BA9E1108B36A0441A839B3.e.14127/click - {}
RESULT: {}
COMMAND: GET /session/e61d66238098f0a5d55953d3b90d37e6/screenshot - {}
RESULT: {}
RESULT: undefined
COMMAND: POST /session/e61d66238098f0a5d55953d3b90d37e6/element - {"using":"xpath","value":"//*[@id=\"application-managehandovers-display-component---AddNewHO--popup-sa\"]"}
RESULT: {"using":"xpath","value":"//*[@id=\"application-managehandovers-display-component---AddNewHO--popup-sa\"]"}
COMMAND: POST /session/e61d66238098f0a5d55953d3b90d37e6/element/f.4CA2BB8DAA5DB34C3D6E0066B88761B9.d.D1EDACAEB5BA9E1108B36A0441A839B3.e.14137/click - {}
RESULT: {}
COMMAND: GET /session/e61d66238098f0a5d55953d3b90d37e6/screenshot - {}
RESULT: {}
COMMAND: POST /session/e61d66238098f0a5d55953d3b90d37e6/element - {"using":"xpath","value":"//*[contains(@id ,\"BDI-content\")][contains(text(), \"Select\")]"}
RESULT: {"using":"xpath","value":"//*[contains(@id ,\"BDI-content\")][contains(text(), \"Select\")]"}
COMMAND: POST /session/e61d66238098f0a5d55953d3b90d37e6/element/f.4CA2BB8DAA5DB34C3D6E0066B88761B9.d.D1EDACAEB5BA9E1108B36A0441A839B3.e.14138/click - {}
RESULT: {}
COMMAND: GET /session/e61d66238098f0a5d55953d3b90d37e6/screenshot - {}
RESULT: {}
COMMAND: POST /session/e61d66238098f0a5d55953d3b90d37e6/execute/async - {"script":"<script> [1562 bytes]","args":[{"selector":{"id":"application-managehandovers-display-component---AddNewHO--confirmCreationButton","interaction":{"idSuffix":"BDI-content"}},"wdio_ui5_key":"applicationmanagehandovers-display-component---AddNewHO--confirmCreationButton"}]}
RESULT: {"script":"<script> [1562 bytes]","args":[{"selector":{"id":"application-managehandovers-display-component---AddNewHO--confirmCreationButton","interaction":{"idSuffix":"BDI-content"}},"wdio_ui5_key":"applicationmanagehandovers-display-component---AddNewHO--confirmCreationButton"}]}
RESULT: undefined
COMMAND: POST /session/e61d66238098f0a5d55953d3b90d37e6/element - {"using":"xpath","value":"//*[@id=\"application-managehandovers-display-component---AddNewHO--confirmCreationButton\"]"}
RESULT: {"using":"xpath","value":"//*[@id=\"application-managehandovers-display-component---AddNewHO--confirmCreationButton\"]"}
COMMAND: POST /session/e61d66238098f0a5d55953d3b90d37e6/element/f.4CA2BB8DAA5DB34C3D6E0066B88761B9.d.D1EDACAEB5BA9E1108B36A0441A839B3.e.13952/click - {}
RESULT: {}
COMMAND: GET /session/e61d66238098f0a5d55953d3b90d37e6/screenshot - {}
RESULT: {}
COMMAND: POST /session/e61d66238098f0a5d55953d3b90d37e6/execute/async - {"script":"<script> [1562 bytes]","args":[{"selector":{"id":"issueDatePicker","viewName":"etm.portal.ui.managehandovers.view.DetailExecuteHO","interaction":{"idSuffix":"inner"}},"wdio_ui5_key":"issueDatePickeretmportal.ui.managehandovers.view.DetailExecuteHO"}]}
RESULT: {"script":"<script> [1562 bytes]","args":[{"selector":{"id":"issueDatePicker","viewName":"etm.portal.ui.managehandovers.view.DetailExecuteHO","interaction":{"idSuffix":"inner"}},"wdio_ui5_key":"issueDatePickeretmportal.ui.managehandovers.view.DetailExecuteHO"}]}
RESULT: undefined
COMMAND: POST /session/e61d66238098f0a5d55953d3b90d37e6/execute/async - {"script":"<script> [776 bytes]","args":[{"enterText":"5/16/25","selector":{"id":"issueDatePicker","viewName":"etm.portal.ui.managehandovers.view.DetailExecuteHO","interaction":{"idSuffix":"inner"}},"clearTextFirst":true,"interactionType":"ENTER_TEXT"}]}
RESULT: {"script":"<script> [776 bytes]","args":[{"enterText":"5/16/25","selector":{"id":"issueDatePicker","viewName":"etm.portal.ui.managehandovers.view.DetailExecuteHO","interaction":{"idSuffix":"inner"}},"clearTextFirst":true,"interactionType":"ENTER_TEXT"}]}
COMMAND: POST /session/e61d66238098f0a5d55953d3b90d37e6/element - {"using":"xpath","value":"//bdi[contains(text(), \"OK\")]"}
RESULT: {"using":"xpath","value":"//bdi[contains(text(), \"OK\")]"}
COMMAND: POST /session/e61d66238098f0a5d55953d3b90d37e6/element/f.4CA2BB8DAA5DB34C3D6E0066B88761B9.d.D1EDACAEB5BA9E1108B36A0441A839B3.e.14186/click - {}
RESULT: {}
COMMAND: GET /session/e61d66238098f0a5d55953d3b90d37e6/screenshot - {}
RESULT: {}
COMMAND: POST /session/e61d66238098f0a5d55953d3b90d37e6/element - {"using":"xpath","value":"//button[@data-kt=\"PickingTableConfirmAllButton\"]"}
RESULT: {"using":"xpath","value":"//button[@data-kt=\"PickingTableConfirmAllButton\"]"}
COMMAND: POST /session/e61d66238098f0a5d55953d3b90d37e6/element/f.4CA2BB8DAA5DB34C3D6E0066B88761B9.d.D1EDACAEB5BA9E1108B36A0441A839B3.e.14193/click - {}
RESULT: {}
COMMAND: GET /session/e61d66238098f0a5d55953d3b90d37e6/screenshot - {}
RESULT: {}
COMMAND: POST /session/e61d66238098f0a5d55953d3b90d37e6/element - {"using":"xpath","value":"//bdi[contains(text(), \"OK\")]"}
RESULT: {"using":"xpath","value":"//bdi[contains(text(), \"OK\")]"}
COMMAND: POST /session/e61d66238098f0a5d55953d3b90d37e6/element/f.4CA2BB8DAA5DB34C3D6E0066B88761B9.d.D1EDACAEB5BA9E1108B36A0441A839B3.e.14196/click - {}
RESULT: {}
COMMAND: GET /session/e61d66238098f0a5d55953d3b90d37e6/screenshot - {}
RESULT: {}
COMMAND: POST /session/e61d66238098f0a5d55953d3b90d37e6/element - {"using":"xpath","value":"//bdi[contains(text(), \"Issue\")]"}
RESULT: {"using":"xpath","value":"//bdi[contains(text(), \"Issue\")]"}
COMMAND: POST /session/e61d66238098f0a5d55953d3b90d37e6/element/f.4CA2BB8DAA5DB34C3D6E0066B88761B9.d.D1EDACAEB5BA9E1108B36A0441A839B3.e.14198/click - {}
RESULT: {}
COMMAND: GET /session/e61d66238098f0a5d55953d3b90d37e6/screenshot - {}
RESULT: {}
COMMAND: POST /session/e61d66238098f0a5d55953d3b90d37e6/element - {"using":"css selector","value":"#shell-header-logo"}
RESULT: {"using":"css selector","value":"#shell-header-logo"}
COMMAND: POST /session/e61d66238098f0a5d55953d3b90d37e6/element/f.4CA2BB8DAA5DB34C3D6E0066B88761B9.d.D1EDACAEB5BA9E1108B36A0441A839B3.e.13212/click - {}
RESULT: {}
COMMAND: GET /session/e61d66238098f0a5d55953d3b90d37e6/screenshot - {}
RESULT: {}
]]></system-out>
    </testcase>
    <testcase classname="chrome.136_0_7103_93.windows.Create_Reverse_Billing_US127248" name="Should go navigate to Manage Billings and trigger contract calculation check result" time="65.177">
      <system-out><![CDATA[
COMMAND: POST /session/e61d66238098f0a5d55953d3b90d37e6/execute/async - {"script":"<script> [1562 bytes]","args":[{"selector":{"controlType":"sap.m.GenericTile","properties":{"header":"Manage Billings"}},"wdio_ui5_key":"sapm.GenericTile{\"header\":\"Manage Billings\"}"}]}
RESULT: {"script":"<script> [1562 bytes]","args":[{"selector":{"controlType":"sap.m.GenericTile","properties":{"header":"Manage Billings"}},"wdio_ui5_key":"sapm.GenericTile{\"header\":\"Manage Billings\"}"}]}
RESULT: undefined
COMMAND: POST /session/e61d66238098f0a5d55953d3b90d37e6/element - {"using":"xpath","value":"//*[@id=\"__tile51\"]"}
RESULT: {"using":"xpath","value":"//*[@id=\"__tile51\"]"}
COMMAND: POST /session/e61d66238098f0a5d55953d3b90d37e6/element/f.4CA2BB8DAA5DB34C3D6E0066B88761B9.d.D1EDACAEB5BA9E1108B36A0441A839B3.e.11007/click - {}
RESULT: {}
COMMAND: GET /session/e61d66238098f0a5d55953d3b90d37e6/screenshot - {}
RESULT: {}
COMMAND: POST /session/e61d66238098f0a5d55953d3b90d37e6/elements - {"using":"xpath","value":"//span[text()='Error']"}
RESULT: {"using":"xpath","value":"//span[text()='Error']"}
COMMAND: POST /session/e61d66238098f0a5d55953d3b90d37e6/execute/async - {"script":"<script> [1562 bytes]","args":[{"selector":{"id":"application-managebillings-display-component---billRunCalcResult--smartFilterBar-btnBasicSearch","interaction":{"idSuffix":"I"}},"wdio_ui5_key":"applicationmanagebillings-display-component---billRunCalcResult--smartFilterBar-btnBasicSearch"}]}
RESULT: {"script":"<script> [1562 bytes]","args":[{"selector":{"id":"application-managebillings-display-component---billRunCalcResult--smartFilterBar-btnBasicSearch","interaction":{"idSuffix":"I"}},"wdio_ui5_key":"applicationmanagebillings-display-component---billRunCalcResult--smartFilterBar-btnBasicSearch"}]}
RESULT: undefined
COMMAND: POST /session/e61d66238098f0a5d55953d3b90d37e6/execute/async - {"script":"<script> [776 bytes]","args":[{"enterText":"10322","selector":{"id":"application-managebillings-display-component---billRunCalcResult--smartFilterBar-btnBasicSearch","interaction":{"idSuffix":"I"}},"clearTextFirst":true,"interactionType":"ENTER_TEXT"}]}
RESULT: {"script":"<script> [776 bytes]","args":[{"enterText":"10322","selector":{"id":"application-managebillings-display-component---billRunCalcResult--smartFilterBar-btnBasicSearch","interaction":{"idSuffix":"I"}},"clearTextFirst":true,"interactionType":"ENTER_TEXT"}]}
COMMAND: POST /session/e61d66238098f0a5d55953d3b90d37e6/actions - {"actions":[{"id":"action51","type":"key","parameters":{},"actions":[{"type":"keyDown","value":"î€‡"},{"type":"pause","duration":10},{"type":"keyUp","value":"î€‡"}]}]}
RESULT: {"actions":[{"id":"action51","type":"key","parameters":{},"actions":[{"type":"keyDown","value":"î€‡"},{"type":"pause","duration":10},{"type":"keyUp","value":"î€‡"}]}]}
COMMAND: GET /session/e61d66238098f0a5d55953d3b90d37e6/screenshot - {}
RESULT: {}
COMMAND: POST /session/e61d66238098f0a5d55953d3b90d37e6/element - {"using":"xpath","value":"//td[@aria-colindex=\"1\"]/div/div[contains(@class, \"sapMCbBg\")]"}
RESULT: {"using":"xpath","value":"//td[@aria-colindex=\"1\"]/div/div[contains(@class, \"sapMCbBg\")]"}
COMMAND: POST /session/e61d66238098f0a5d55953d3b90d37e6/element/f.4CA2BB8DAA5DB34C3D6E0066B88761B9.d.D1EDACAEB5BA9E1108B36A0441A839B3.e.14587/click - {}
RESULT: {}
COMMAND: GET /session/e61d66238098f0a5d55953d3b90d37e6/screenshot - {}
RESULT: {}
COMMAND: POST /session/e61d66238098f0a5d55953d3b90d37e6/execute/async - {"script":"<script> [1562 bytes]","args":[{"selector":{"id":"application-managebillings-display-component---billRunCalcResult--contractBillRunDate","interaction":{"idSuffix":"inner"}},"wdio_ui5_key":"applicationmanagebillings-display-component---billRunCalcResult--contractBillRunDate"}]}
RESULT: {"script":"<script> [1562 bytes]","args":[{"selector":{"id":"application-managebillings-display-component---billRunCalcResult--contractBillRunDate","interaction":{"idSuffix":"inner"}},"wdio_ui5_key":"applicationmanagebillings-display-component---billRunCalcResult--contractBillRunDate"}]}
RESULT: undefined
COMMAND: POST /session/e61d66238098f0a5d55953d3b90d37e6/execute/async - {"script":"<script> [776 bytes]","args":[{"enterText":"6/16/25","selector":{"id":"application-managebillings-display-component---billRunCalcResult--contractBillRunDate","interaction":{"idSuffix":"inner"}},"clearTextFirst":true,"interactionType":"ENTER_TEXT"}]}
RESULT: {"script":"<script> [776 bytes]","args":[{"enterText":"6/16/25","selector":{"id":"application-managebillings-display-component---billRunCalcResult--contractBillRunDate","interaction":{"idSuffix":"inner"}},"clearTextFirst":true,"interactionType":"ENTER_TEXT"}]}
COMMAND: POST /session/e61d66238098f0a5d55953d3b90d37e6/element - {"using":"xpath","value":"//bdi[contains(text(), \"Trigger Calculation\")]"}
RESULT: {"using":"xpath","value":"//bdi[contains(text(), \"Trigger Calculation\")]"}
COMMAND: POST /session/e61d66238098f0a5d55953d3b90d37e6/element/f.4CA2BB8DAA5DB34C3D6E0066B88761B9.d.D1EDACAEB5BA9E1108B36A0441A839B3.e.14637/click - {}
RESULT: {}
COMMAND: GET /session/e61d66238098f0a5d55953d3b90d37e6/screenshot - {}
RESULT: {}
COMMAND: POST /session/e61d66238098f0a5d55953d3b90d37e6/element - {"using":"xpath","value":"(//span[contains(@id, \"imgNav\")])[1]"}
RESULT: {"using":"xpath","value":"(//span[contains(@id, \"imgNav\")])[1]"}
COMMAND: POST /session/e61d66238098f0a5d55953d3b90d37e6/element/f.4CA2BB8DAA5DB34C3D6E0066B88761B9.d.D1EDACAEB5BA9E1108B36A0441A839B3.e.14588/click - {}
RESULT: {}
COMMAND: GET /session/e61d66238098f0a5d55953d3b90d37e6/screenshot - {}
RESULT: {}
COMMAND: POST /session/e61d66238098f0a5d55953d3b90d37e6/element - {"using":"xpath","value":"//tr/td[6]/div[1]/span[1]/span[1]"}
RESULT: {"using":"xpath","value":"//tr/td[6]/div[1]/span[1]/span[1]"}
COMMAND: GET /session/e61d66238098f0a5d55953d3b90d37e6/element/f.4CA2BB8DAA5DB34C3D6E0066B88761B9.d.D1EDACAEB5BA9E1108B36A0441A839B3.e.14642/text - {}
RESULT: {}
COMMAND: POST /session/e61d66238098f0a5d55953d3b90d37e6/element - {"using":"xpath","value":"(//span[contains(@id, \"imgNav\")])[2]"}
RESULT: {"using":"xpath","value":"(//span[contains(@id, \"imgNav\")])[2]"}
COMMAND: POST /session/e61d66238098f0a5d55953d3b90d37e6/element/f.4CA2BB8DAA5DB34C3D6E0066B88761B9.d.D1EDACAEB5BA9E1108B36A0441A839B3.e.14643/click - {}
RESULT: {}
COMMAND: POST /session/e61d66238098f0a5d55953d3b90d37e6/element - {"using":"xpath","value":"//bdi[contains(text(), \"Business Confirm\")]"}
COMMAND: GET /session/e61d66238098f0a5d55953d3b90d37e6/screenshot - {}
RESULT: {"using":"xpath","value":"//bdi[contains(text(), \"Business Confirm\")]"}
COMMAND: POST /session/e61d66238098f0a5d55953d3b90d37e6/elements - {"using":"xpath","value":"//bdi[contains(text(), \"Business Confirm\")]"}
RESULT: {}
RESULT: {"using":"xpath","value":"//bdi[contains(text(), \"Business Confirm\")]"}
COMMAND: POST /session/e61d66238098f0a5d55953d3b90d37e6/elements - {"using":"xpath","value":"//bdi[contains(text(), \"Business Confirm\")]"}
RESULT: {"using":"xpath","value":"//bdi[contains(text(), \"Business Confirm\")]"}
COMMAND: POST /session/e61d66238098f0a5d55953d3b90d37e6/element - {"using":"xpath","value":"//bdi[contains(text(), \"Business Confirm\")]"}
RESULT: {"using":"xpath","value":"//bdi[contains(text(), \"Business Confirm\")]"}
COMMAND: POST /session/e61d66238098f0a5d55953d3b90d37e6/element/f.4CA2BB8DAA5DB34C3D6E0066B88761B9.d.D1EDACAEB5BA9E1108B36A0441A839B3.e.14692/click - {}
RESULT: {}
COMMAND: POST /session/e61d66238098f0a5d55953d3b90d37e6/element - {"using":"css selector","value":"#shell-header-logo"}
COMMAND: GET /session/e61d66238098f0a5d55953d3b90d37e6/screenshot - {}
RESULT: {"using":"css selector","value":"#shell-header-logo"}
COMMAND: POST /session/e61d66238098f0a5d55953d3b90d37e6/element/f.4CA2BB8DAA5DB34C3D6E0066B88761B9.d.D1EDACAEB5BA9E1108B36A0441A839B3.e.14379/click - {}
RESULT: {}
RESULT: {}
COMMAND: GET /session/e61d66238098f0a5d55953d3b90d37e6/screenshot - {}
RESULT: {}
]]></system-out>
    </testcase>
    <testcase classname="chrome.136_0_7103_93.windows.Create_Reverse_Billing_US127248" name="Should go into Billing Transfer and reverse the billing" time="37.901">
      <system-out><![CDATA[
COMMAND: POST /session/e61d66238098f0a5d55953d3b90d37e6/execute/async - {"script":"<script> [1562 bytes]","args":[{"selector":{"controlType":"sap.m.GenericTile","properties":{"header":"Billing Transfer"}},"wdio_ui5_key":"sapm.GenericTile{\"header\":\"Billing Transfer\"}"}]}
RESULT: {"script":"<script> [1562 bytes]","args":[{"selector":{"controlType":"sap.m.GenericTile","properties":{"header":"Billing Transfer"}},"wdio_ui5_key":"sapm.GenericTile{\"header\":\"Billing Transfer\"}"}]}
RESULT: undefined
COMMAND: POST /session/e61d66238098f0a5d55953d3b90d37e6/element - {"using":"xpath","value":"//*[@id=\"__tile50\"]"}
RESULT: {"using":"xpath","value":"//*[@id=\"__tile50\"]"}
COMMAND: POST /session/e61d66238098f0a5d55953d3b90d37e6/element/f.4CA2BB8DAA5DB34C3D6E0066B88761B9.d.D1EDACAEB5BA9E1108B36A0441A839B3.e.11005/click - {}
RESULT: {}
COMMAND: GET /session/e61d66238098f0a5d55953d3b90d37e6/screenshot - {}
RESULT: {}
COMMAND: POST /session/e61d66238098f0a5d55953d3b90d37e6/elements - {"using":"xpath","value":"//span[text()='Error']"}
RESULT: {"using":"xpath","value":"//span[text()='Error']"}
COMMAND: POST /session/e61d66238098f0a5d55953d3b90d37e6/element - {"using":"xpath","value":"//input[contains(@id ,\"application-billingtransfer-display-component---billingWorkbench--smartFilterBar-btnBasicSearch\")]"}
RESULT: {"using":"xpath","value":"//input[contains(@id ,\"application-billingtransfer-display-component---billingWorkbench--smartFilterBar-btnBasicSearch\")]"}
COMMAND: POST /session/e61d66238098f0a5d55953d3b90d37e6/elements - {"using":"xpath","value":"//input[contains(@id ,\"application-billingtransfer-display-component---billingWorkbench--smartFilterBar-btnBasicSearch\")]"}
RESULT: {"using":"xpath","value":"//input[contains(@id ,\"application-billingtransfer-display-component---billingWorkbench--smartFilterBar-btnBasicSearch\")]"}
COMMAND: POST /session/e61d66238098f0a5d55953d3b90d37e6/execute/sync - {"script":"<script> [8489 bytes]","args":[{"element-6066-11e4-a52e-4f735466cecf":"f.4CA2BB8DAA5DB34C3D6E0066B88761B9.d.D1EDACAEB5BA9E1108B36A0441A839B3.e.14723","ELEMENT":"f.4CA2BB8DAA5DB34C3D6E0066B88761B9.d.D1EDACAEB5BA9E1108B36A0441A839B3.e.14723"}]}
RESULT: {"script":"<script> [8489 bytes]","args":[{"element-6066-11e4-a52e-4f735466cecf":"f.4CA2BB8DAA5DB34C3D6E0066B88761B9.d.D1EDACAEB5BA9E1108B36A0441A839B3.e.14723","ELEMENT":"f.4CA2BB8DAA5DB34C3D6E0066B88761B9.d.D1EDACAEB5BA9E1108B36A0441A839B3.e.14723"}]}
COMMAND: GET /session/e61d66238098f0a5d55953d3b90d37e6/element/f.4CA2BB8DAA5DB34C3D6E0066B88761B9.d.D1EDACAEB5BA9E1108B36A0441A839B3.e.14723/enabled - {}
COMMAND: GET /session/e61d66238098f0a5d55953d3b90d37e6/screenshot - {}
RESULT: {}
COMMAND: POST /session/e61d66238098f0a5d55953d3b90d37e6/element/f.4CA2BB8DAA5DB34C3D6E0066B88761B9.d.D1EDACAEB5BA9E1108B36A0441A839B3.e.14723/click - {}
COMMAND: GET /session/e61d66238098f0a5d55953d3b90d37e6/screenshot - {}
RESULT: {}
RESULT: {}
COMMAND: GET /session/e61d66238098f0a5d55953d3b90d37e6/screenshot - {}
RESULT: {}
RESULT: {}
COMMAND: POST /session/e61d66238098f0a5d55953d3b90d37e6/element/f.4CA2BB8DAA5DB34C3D6E0066B88761B9.d.D1EDACAEB5BA9E1108B36A0441A839B3.e.14723/clear - {}
RESULT: {}
COMMAND: POST /session/e61d66238098f0a5d55953d3b90d37e6/element/f.4CA2BB8DAA5DB34C3D6E0066B88761B9.d.D1EDACAEB5BA9E1108B36A0441A839B3.e.14723/value - {"text":"10322"}
COMMAND: GET /session/e61d66238098f0a5d55953d3b90d37e6/screenshot - {}
RESULT: {"text":"10322"}
COMMAND: POST /session/e61d66238098f0a5d55953d3b90d37e6/actions - {"actions":[{"id":"action52","type":"key","parameters":{},"actions":[{"type":"keyDown","value":"î€‡"},{"type":"pause","duration":10},{"type":"keyUp","value":"î€‡"}]}]}
COMMAND: GET /session/e61d66238098f0a5d55953d3b90d37e6/screenshot - {}
RESULT: {}
RESULT: {"actions":[{"id":"action52","type":"key","parameters":{},"actions":[{"type":"keyDown","value":"î€‡"},{"type":"pause","duration":10},{"type":"keyUp","value":"î€‡"}]}]}
COMMAND: GET /session/e61d66238098f0a5d55953d3b90d37e6/screenshot - {}
RESULT: {}
RESULT: {}
COMMAND: POST /session/e61d66238098f0a5d55953d3b90d37e6/element - {"using":"xpath","value":"//span[contains(@id ,\"application-billingtransfer-display-component---billingWorkbench--smartTableBillingRuns-header-inner\")]"}
RESULT: {"using":"xpath","value":"//span[contains(@id ,\"application-billingtransfer-display-component---billingWorkbench--smartTableBillingRuns-header-inner\")]"}
COMMAND: POST /session/e61d66238098f0a5d55953d3b90d37e6/elements - {"using":"xpath","value":"//span[contains(@id ,\"application-billingtransfer-display-component---billingWorkbench--smartTableBillingRuns-header-inner\")]"}
RESULT: {"using":"xpath","value":"//span[contains(@id ,\"application-billingtransfer-display-component---billingWorkbench--smartTableBillingRuns-header-inner\")]"}
COMMAND: POST /session/e61d66238098f0a5d55953d3b90d37e6/execute/sync - {"script":"<script> [56 bytes]","args":[{"element-6066-11e4-a52e-4f735466cecf":"f.4CA2BB8DAA5DB34C3D6E0066B88761B9.d.D1EDACAEB5BA9E1108B36A0441A839B3.e.14882","ELEMENT":"f.4CA2BB8DAA5DB34C3D6E0066B88761B9.d.D1EDACAEB5BA9E1108B36A0441A839B3.e.14882"}]}
RESULT: {"script":"<script> [56 bytes]","args":[{"element-6066-11e4-a52e-4f735466cecf":"f.4CA2BB8DAA5DB34C3D6E0066B88761B9.d.D1EDACAEB5BA9E1108B36A0441A839B3.e.14882","ELEMENT":"f.4CA2BB8DAA5DB34C3D6E0066B88761B9.d.D1EDACAEB5BA9E1108B36A0441A839B3.e.14882"}]}
COMMAND: POST /session/e61d66238098f0a5d55953d3b90d37e6/element - {"using":"xpath","value":"//td[@aria-colindex=\"1\"]/div/div[contains(@class, \"sapMCbBg\")]"}
COMMAND: GET /session/e61d66238098f0a5d55953d3b90d37e6/screenshot - {}
RESULT: {"using":"xpath","value":"//td[@aria-colindex=\"1\"]/div/div[contains(@class, \"sapMCbBg\")]"}
COMMAND: POST /session/e61d66238098f0a5d55953d3b90d37e6/element/f.4CA2BB8DAA5DB34C3D6E0066B88761B9.d.D1EDACAEB5BA9E1108B36A0441A839B3.e.14825/click - {}
RESULT: {}
RESULT: {}
COMMAND: GET /session/e61d66238098f0a5d55953d3b90d37e6/screenshot - {}
RESULT: {}
COMMAND: POST /session/e61d66238098f0a5d55953d3b90d37e6/element - {"using":"xpath","value":"//bdi[contains(text(), \"Reverse\")]"}
RESULT: {"using":"xpath","value":"//bdi[contains(text(), \"Reverse\")]"}
COMMAND: POST /session/e61d66238098f0a5d55953d3b90d37e6/element/f.4CA2BB8DAA5DB34C3D6E0066B88761B9.d.D1EDACAEB5BA9E1108B36A0441A839B3.e.14883/click - {}
RESULT: {}
COMMAND: GET /session/e61d66238098f0a5d55953d3b90d37e6/screenshot - {}
RESULT: {}
COMMAND: POST /session/e61d66238098f0a5d55953d3b90d37e6/element - {"using":"xpath","value":"//input[contains(@id ,\"application-billingtransfer-display-component---billingWorkbench--smartFilterBar-btnBasicSearch\")]"}
RESULT: {"using":"xpath","value":"//input[contains(@id ,\"application-billingtransfer-display-component---billingWorkbench--smartFilterBar-btnBasicSearch\")]"}
COMMAND: POST /session/e61d66238098f0a5d55953d3b90d37e6/elements - {"using":"xpath","value":"//input[contains(@id ,\"application-billingtransfer-display-component---billingWorkbench--smartFilterBar-btnBasicSearch\")]"}
RESULT: {"using":"xpath","value":"//input[contains(@id ,\"application-billingtransfer-display-component---billingWorkbench--smartFilterBar-btnBasicSearch\")]"}
COMMAND: POST /session/e61d66238098f0a5d55953d3b90d37e6/execute/sync - {"script":"<script> [8489 bytes]","args":[{"element-6066-11e4-a52e-4f735466cecf":"f.4CA2BB8DAA5DB34C3D6E0066B88761B9.d.D1EDACAEB5BA9E1108B36A0441A839B3.e.14723","ELEMENT":"f.4CA2BB8DAA5DB34C3D6E0066B88761B9.d.D1EDACAEB5BA9E1108B36A0441A839B3.e.14723"}]}
RESULT: {"script":"<script> [8489 bytes]","args":[{"element-6066-11e4-a52e-4f735466cecf":"f.4CA2BB8DAA5DB34C3D6E0066B88761B9.d.D1EDACAEB5BA9E1108B36A0441A839B3.e.14723","ELEMENT":"f.4CA2BB8DAA5DB34C3D6E0066B88761B9.d.D1EDACAEB5BA9E1108B36A0441A839B3.e.14723"}]}
COMMAND: GET /session/e61d66238098f0a5d55953d3b90d37e6/element/f.4CA2BB8DAA5DB34C3D6E0066B88761B9.d.D1EDACAEB5BA9E1108B36A0441A839B3.e.14723/enabled - {}
COMMAND: GET /session/e61d66238098f0a5d55953d3b90d37e6/screenshot - {}
RESULT: {}
COMMAND: POST /session/e61d66238098f0a5d55953d3b90d37e6/element/f.4CA2BB8DAA5DB34C3D6E0066B88761B9.d.D1EDACAEB5BA9E1108B36A0441A839B3.e.14723/click - {}
COMMAND: GET /session/e61d66238098f0a5d55953d3b90d37e6/screenshot - {}
RESULT: {}
RESULT: {}
COMMAND: GET /session/e61d66238098f0a5d55953d3b90d37e6/screenshot - {}
RESULT: {}
RESULT: {}
COMMAND: POST /session/e61d66238098f0a5d55953d3b90d37e6/element/f.4CA2BB8DAA5DB34C3D6E0066B88761B9.d.D1EDACAEB5BA9E1108B36A0441A839B3.e.14723/clear - {}
RESULT: {}
COMMAND: POST /session/e61d66238098f0a5d55953d3b90d37e6/element/f.4CA2BB8DAA5DB34C3D6E0066B88761B9.d.D1EDACAEB5BA9E1108B36A0441A839B3.e.14723/value - {"text":"10322"}
COMMAND: GET /session/e61d66238098f0a5d55953d3b90d37e6/screenshot - {}
RESULT: {"text":"10322"}
COMMAND: POST /session/e61d66238098f0a5d55953d3b90d37e6/actions - {"actions":[{"id":"action53","type":"key","parameters":{},"actions":[{"type":"keyDown","value":"î€‡"},{"type":"pause","duration":10},{"type":"keyUp","value":"î€‡"}]}]}
COMMAND: GET /session/e61d66238098f0a5d55953d3b90d37e6/screenshot - {}
RESULT: {}
RESULT: {"actions":[{"id":"action53","type":"key","parameters":{},"actions":[{"type":"keyDown","value":"î€‡"},{"type":"pause","duration":10},{"type":"keyUp","value":"î€‡"}]}]}
COMMAND: GET /session/e61d66238098f0a5d55953d3b90d37e6/screenshot - {}
RESULT: {}
RESULT: {}
COMMAND: POST /session/e61d66238098f0a5d55953d3b90d37e6/element - {"using":"xpath","value":"//span[contains(@id ,\"application-billingtransfer-display-component---billingWorkbench--smartTableBillingRuns-header-inner\")]"}
RESULT: {"using":"xpath","value":"//span[contains(@id ,\"application-billingtransfer-display-component---billingWorkbench--smartTableBillingRuns-header-inner\")]"}
COMMAND: POST /session/e61d66238098f0a5d55953d3b90d37e6/elements - {"using":"xpath","value":"//span[contains(@id ,\"application-billingtransfer-display-component---billingWorkbench--smartTableBillingRuns-header-inner\")]"}
RESULT: {"using":"xpath","value":"//span[contains(@id ,\"application-billingtransfer-display-component---billingWorkbench--smartTableBillingRuns-header-inner\")]"}
COMMAND: POST /session/e61d66238098f0a5d55953d3b90d37e6/execute/sync - {"script":"<script> [56 bytes]","args":[{"element-6066-11e4-a52e-4f735466cecf":"f.4CA2BB8DAA5DB34C3D6E0066B88761B9.d.D1EDACAEB5BA9E1108B36A0441A839B3.e.14882","ELEMENT":"f.4CA2BB8DAA5DB34C3D6E0066B88761B9.d.D1EDACAEB5BA9E1108B36A0441A839B3.e.14882"}]}
RESULT: {"script":"<script> [56 bytes]","args":[{"element-6066-11e4-a52e-4f735466cecf":"f.4CA2BB8DAA5DB34C3D6E0066B88761B9.d.D1EDACAEB5BA9E1108B36A0441A839B3.e.14882","ELEMENT":"f.4CA2BB8DAA5DB34C3D6E0066B88761B9.d.D1EDACAEB5BA9E1108B36A0441A839B3.e.14882"}]}
COMMAND: POST /session/e61d66238098f0a5d55953d3b90d37e6/element - {"using":"css selector","value":"#shell-header-logo"}
COMMAND: GET /session/e61d66238098f0a5d55953d3b90d37e6/screenshot - {}
RESULT: {"using":"css selector","value":"#shell-header-logo"}
COMMAND: POST /session/e61d66238098f0a5d55953d3b90d37e6/element/f.4CA2BB8DAA5DB34C3D6E0066B88761B9.d.D1EDACAEB5BA9E1108B36A0441A839B3.e.14721/click - {}
RESULT: {}
RESULT: {}
COMMAND: GET /session/e61d66238098f0a5d55953d3b90d37e6/screenshot - {}
RESULT: {}
COMMAND: DELETE /session/e61d66238098f0a5d55953d3b90d37e6 - {}
RESULT: {}
]]></system-out>
    </testcase>
  </testsuite>
</testsuites>