<?xml version="1.0" encoding="UTF-8"?>
<testsuites tests="24" failures="0" errors="0" skipped="0">
  <testsuite timestamp="2025-05-28T15:37:22" time="646.671" tests="5" failures="0" errors="0" skipped="0">
    <properties>
      <property name="specId" value="0"/>
      <property name="suiteName" value="Manage Requests Tags Tests US120163"/>
      <property name="capabilities" value="chrome.136_0_7103_93.windows"/>
      <property name="file" value="file:///D:/a/1/s/test/specs/R2C/create-request-Tags.spec.js"/>
    </properties>
    <testcase classname="chrome.136_0_7103_93.windows.Manage_Requests_Tags_Tests_US120163" name="Should create a new yard" time="118.278">
      <system-out><![CDATA[
COMMAND: POST /session/fa0fa588b59cd70394c35387be1492a3/execute/async - {"script":"<script> [1562 bytes]","args":[{"selector":{"controlType":"sap.m.GenericTile","properties":{"header":"Manage Yards"}},"wdio_ui5_key":"sapm.GenericTile{\"header\":\"Manage Yards\"}"}]}
RESULT: {"script":"<script> [1562 bytes]","args":[{"selector":{"controlType":"sap.m.GenericTile","properties":{"header":"Manage Yards"}},"wdio_ui5_key":"sapm.GenericTile{\"header\":\"Manage Yards\"}"}]}
RESULT: undefined
COMMAND: POST /session/fa0fa588b59cd70394c35387be1492a3/element - {"using":"xpath","value":"//*[@id=\"__tile41\"]"}
RESULT: {"using":"xpath","value":"//*[@id=\"__tile41\"]"}
COMMAND: POST /session/fa0fa588b59cd70394c35387be1492a3/element/f.E45B0C2907A9CCBDD1B779A362D73609.d.5C723E291582FFCA1C93875F199B46F8.e.112/click - {}
RESULT: {}
COMMAND: GET /session/fa0fa588b59cd70394c35387be1492a3/screenshot - {}
RESULT: {}
COMMAND: POST /session/fa0fa588b59cd70394c35387be1492a3/elements - {"using":"xpath","value":"//span[text()='Error']"}
RESULT: {"using":"xpath","value":"//span[text()='Error']"}
COMMAND: POST /session/fa0fa588b59cd70394c35387be1492a3/execute/async - {"script":"<script> [1562 bytes]","args":[{"selector":{"controlType":"sap.ui.core.Icon","viewName":"etm.portal.ui.manageyards.view.Master","viewId":"application-manageyards-display-component---masterYard","properties":{"src":{"regex":{"source":"add"}}}},"wdio_ui5_key":"etmportal.ui.manageyards.view.Mastersap.ui.core.Icon{\"src\":{\"regex\":{\"source\":\"add\"}}}"}]}
RESULT: {"script":"<script> [1562 bytes]","args":[{"selector":{"controlType":"sap.ui.core.Icon","viewName":"etm.portal.ui.manageyards.view.Master","viewId":"application-manageyards-display-component---masterYard","properties":{"src":{"regex":{"source":"add"}}}},"wdio_ui5_key":"etmportal.ui.manageyards.view.Mastersap.ui.core.Icon{\"src\":{\"regex\":{\"source\":\"add\"}}}"}]}
RESULT: undefined
COMMAND: POST /session/fa0fa588b59cd70394c35387be1492a3/element - {"using":"xpath","value":"//*[@id=\"__button4-img\"]"}
RESULT: {"using":"xpath","value":"//*[@id=\"__button4-img\"]"}
COMMAND: POST /session/fa0fa588b59cd70394c35387be1492a3/element/f.E45B0C2907A9CCBDD1B779A362D73609.d.5C723E291582FFCA1C93875F199B46F8.e.159/click - {}
RESULT: {}
COMMAND: GET /session/fa0fa588b59cd70394c35387be1492a3/screenshot - {}
RESULT: {}
COMMAND: POST /session/fa0fa588b59cd70394c35387be1492a3/execute/async - {"script":"<script> [1562 bytes]","args":[{"selector":{"id":"application-manageyards-display-component---NewYard--yardId","interaction":{"idSuffix":"inner"}},"wdio_ui5_key":"applicationmanageyards-display-component---NewYard--yardId"}]}
RESULT: {"script":"<script> [1562 bytes]","args":[{"selector":{"id":"application-manageyards-display-component---NewYard--yardId","interaction":{"idSuffix":"inner"}},"wdio_ui5_key":"applicationmanageyards-display-component---NewYard--yardId"}]}
RESULT: undefined
COMMAND: POST /session/fa0fa588b59cd70394c35387be1492a3/element - {"using":"xpath","value":"//*[@id=\"application-manageyards-display-component---NewYard--addressDetailDetailsName1-inner\"]"}
RESULT: {"using":"xpath","value":"//*[@id=\"application-manageyards-display-component---NewYard--addressDetailDetailsName1-inner\"]"}
COMMAND: POST /session/fa0fa588b59cd70394c35387be1492a3/element/f.E45B0C2907A9CCBDD1B779A362D73609.d.5C723E291582FFCA1C93875F199B46F8.e.373/clear - {}
RESULT: {}
COMMAND: POST /session/fa0fa588b59cd70394c35387be1492a3/element/f.E45B0C2907A9CCBDD1B779A362D73609.d.5C723E291582FFCA1C93875F199B46F8.e.373/value - {"text":"WebdriverYard9d4i2"}
COMMAND: GET /session/fa0fa588b59cd70394c35387be1492a3/screenshot - {}
RESULT: {"text":"WebdriverYard9d4i2"}
COMMAND: POST /session/fa0fa588b59cd70394c35387be1492a3/element - {"using":"xpath","value":"//*[@id=\"application-manageyards-display-component---NewYard--addressDetailDetailsLanguage-inner\"]"}
COMMAND: GET /session/fa0fa588b59cd70394c35387be1492a3/screenshot - {}
RESULT: {}
RESULT: {"using":"xpath","value":"//*[@id=\"application-manageyards-display-component---NewYard--addressDetailDetailsLanguage-inner\"]"}
COMMAND: POST /session/fa0fa588b59cd70394c35387be1492a3/element/f.E45B0C2907A9CCBDD1B779A362D73609.d.5C723E291582FFCA1C93875F199B46F8.e.374/clear - {}
RESULT: {}
RESULT: {}
COMMAND: POST /session/fa0fa588b59cd70394c35387be1492a3/element/f.E45B0C2907A9CCBDD1B779A362D73609.d.5C723E291582FFCA1C93875F199B46F8.e.374/value - {"text":"Romanian"}
COMMAND: GET /session/fa0fa588b59cd70394c35387be1492a3/screenshot - {}
RESULT: {"text":"Romanian"}
COMMAND: POST /session/fa0fa588b59cd70394c35387be1492a3/element - {"using":"xpath","value":"//input[contains(@id ,\"application-manageyards-display-component---NewYard--addressDetailDetailsName1-inner\")]"}
COMMAND: GET /session/fa0fa588b59cd70394c35387be1492a3/screenshot - {}
RESULT: {}
RESULT: {"using":"xpath","value":"//input[contains(@id ,\"application-manageyards-display-component---NewYard--addressDetailDetailsName1-inner\")]"}
COMMAND: GET /session/fa0fa588b59cd70394c35387be1492a3/element/f.E45B0C2907A9CCBDD1B779A362D73609.d.5C723E291582FFCA1C93875F199B46F8.e.373/property/value - {}
RESULT: {}
RESULT: {}
COMMAND: GET /session/fa0fa588b59cd70394c35387be1492a3/screenshot - {}
RESULT: {}
COMMAND: POST /session/fa0fa588b59cd70394c35387be1492a3/element - {"using":"xpath","value":"//*[@id=\"application-manageyards-display-component---NewYard--addressDetailDetailsCity1-inner\"]"}
RESULT: {"using":"xpath","value":"//*[@id=\"application-manageyards-display-component---NewYard--addressDetailDetailsCity1-inner\"]"}
COMMAND: POST /session/fa0fa588b59cd70394c35387be1492a3/element/f.E45B0C2907A9CCBDD1B779A362D73609.d.5C723E291582FFCA1C93875F199B46F8.e.376/clear - {}
RESULT: {}
COMMAND: POST /session/fa0fa588b59cd70394c35387be1492a3/element/f.E45B0C2907A9CCBDD1B779A362D73609.d.5C723E291582FFCA1C93875F199B46F8.e.376/value - {"text":"Bucuresti"}
COMMAND: GET /session/fa0fa588b59cd70394c35387be1492a3/screenshot - {}
RESULT: {"text":"Bucuresti"}
COMMAND: GET /session/fa0fa588b59cd70394c35387be1492a3/screenshot - {}
RESULT: {}
RESULT: {}
COMMAND: POST /session/fa0fa588b59cd70394c35387be1492a3/element - {"using":"xpath","value":"//*[@id=\"application-manageyards-display-component---NewYard--addressDetailDetailsCountry-inner\"]"}
RESULT: {"using":"xpath","value":"//*[@id=\"application-manageyards-display-component---NewYard--addressDetailDetailsCountry-inner\"]"}
COMMAND: POST /session/fa0fa588b59cd70394c35387be1492a3/element/f.E45B0C2907A9CCBDD1B779A362D73609.d.5C723E291582FFCA1C93875F199B46F8.e.380/clear - {}
RESULT: {}
COMMAND: POST /session/fa0fa588b59cd70394c35387be1492a3/element/f.E45B0C2907A9CCBDD1B779A362D73609.d.5C723E291582FFCA1C93875F199B46F8.e.380/value - {"text":"Romania"}
COMMAND: GET /session/fa0fa588b59cd70394c35387be1492a3/screenshot - {}
RESULT: {"text":"Romania"}
COMMAND: GET /session/fa0fa588b59cd70394c35387be1492a3/screenshot - {}
RESULT: {}
RESULT: {}
COMMAND: POST /session/fa0fa588b59cd70394c35387be1492a3/element - {"using":"xpath","value":"//div[contains(text(), \"Commercial\")]"}
RESULT: {"using":"xpath","value":"//div[contains(text(), \"Commercial\")]"}
COMMAND: GET /session/fa0fa588b59cd70394c35387be1492a3/element/f.E45B0C2907A9CCBDD1B779A362D73609.d.5C723E291582FFCA1C93875F199B46F8.e.575/rect - {}
RESULT: {}
COMMAND: GET /session/fa0fa588b59cd70394c35387be1492a3/window/rect - {}
RESULT: {}
COMMAND: POST /session/fa0fa588b59cd70394c35387be1492a3/execute/sync - {"script":"<script> [92 bytes]","args":[]}
RESULT: {"script":"<script> [92 bytes]","args":[]}
COMMAND: POST /session/fa0fa588b59cd70394c35387be1492a3/actions - {"actions":[{"id":"action1","type":"wheel","parameters":{},"actions":[{"type":"scroll","x":-1841,"y":-44,"deltaX":0,"deltaY":0,"duration":0,"origin":{"element-6066-11e4-a52e-4f735466cecf":"f.E45B0C2907A9CCBDD1B779A362D73609.d.5C723E291582FFCA1C93875F199B46F8.e.575"}}]}]}
COMMAND: GET /session/fa0fa588b59cd70394c35387be1492a3/screenshot - {}
RESULT: {}
COMMAND: POST /session/fa0fa588b59cd70394c35387be1492a3/execute/sync - {"script":"<script> [79 bytes]","args":[{"element-6066-11e4-a52e-4f735466cecf":"f.E45B0C2907A9CCBDD1B779A362D73609.d.5C723E291582FFCA1C93875F199B46F8.e.575","ELEMENT":"f.E45B0C2907A9CCBDD1B779A362D73609.d.5C723E291582FFCA1C93875F199B46F8.e.575"},{"block":"start","inline":"nearest"}]}
RESULT: {"script":"<script> [79 bytes]","args":[{"element-6066-11e4-a52e-4f735466cecf":"f.E45B0C2907A9CCBDD1B779A362D73609.d.5C723E291582FFCA1C93875F199B46F8.e.575","ELEMENT":"f.E45B0C2907A9CCBDD1B779A362D73609.d.5C723E291582FFCA1C93875F199B46F8.e.575"},{"block":"start","inline":"nearest"}]}
COMMAND: GET /session/fa0fa588b59cd70394c35387be1492a3/screenshot - {}
RESULT: {}
COMMAND: POST /session/fa0fa588b59cd70394c35387be1492a3/execute/async - {"script":"<script> [1562 bytes]","args":[{"selector":{"id":"application-manageyards-display-component---NewYard--addressEditDetailsCostObjectCstType-arrow"},"wdio_ui5_key":"applicationmanageyards-display-component---NewYard--addressEditDetailsCostObjectCstType-arrow"}]}
RESULT: {"script":"<script> [1562 bytes]","args":[{"selector":{"id":"application-manageyards-display-component---NewYard--addressEditDetailsCostObjectCstType-arrow"},"wdio_ui5_key":"applicationmanageyards-display-component---NewYard--addressEditDetailsCostObjectCstType-arrow"}]}
RESULT: undefined
COMMAND: POST /session/fa0fa588b59cd70394c35387be1492a3/element - {"using":"xpath","value":"//*[@id=\"application-manageyards-display-component---NewYard--addressEditDetailsCostObjectCstType-arrow\"]"}
RESULT: {"using":"xpath","value":"//*[@id=\"application-manageyards-display-component---NewYard--addressEditDetailsCostObjectCstType-arrow\"]"}
COMMAND: POST /session/fa0fa588b59cd70394c35387be1492a3/element/f.E45B0C2907A9CCBDD1B779A362D73609.d.5C723E291582FFCA1C93875F199B46F8.e.583/click - {}
RESULT: {}
COMMAND: POST /session/fa0fa588b59cd70394c35387be1492a3/element - {"using":"xpath","value":"//span[contains(text(), \"Cost Center\")]"}
COMMAND: GET /session/fa0fa588b59cd70394c35387be1492a3/screenshot - {}
RESULT: {"using":"xpath","value":"//span[contains(text(), \"Cost Center\")]"}
COMMAND: POST /session/fa0fa588b59cd70394c35387be1492a3/element/f.E45B0C2907A9CCBDD1B779A362D73609.d.5C723E291582FFCA1C93875F199B46F8.e.584/click - {}
RESULT: {}
RESULT: {}
COMMAND: GET /session/fa0fa588b59cd70394c35387be1492a3/screenshot - {}
RESULT: {}
COMMAND: POST /session/fa0fa588b59cd70394c35387be1492a3/execute/async - {"script":"<script> [1562 bytes]","args":[{"selector":{"id":"application-manageyards-display-component---NewYard--addressNewCostObjectCstID-vhi"},"wdio_ui5_key":"applicationmanageyards-display-component---NewYard--addressNewCostObjectCstID-vhi"}]}
RESULT: {"script":"<script> [1562 bytes]","args":[{"selector":{"id":"application-manageyards-display-component---NewYard--addressNewCostObjectCstID-vhi"},"wdio_ui5_key":"applicationmanageyards-display-component---NewYard--addressNewCostObjectCstID-vhi"}]}
RESULT: undefined
COMMAND: POST /session/fa0fa588b59cd70394c35387be1492a3/element - {"using":"xpath","value":"//*[@id=\"application-manageyards-display-component---NewYard--addressNewCostObjectCstID-vhi\"]"}
RESULT: {"using":"xpath","value":"//*[@id=\"application-manageyards-display-component---NewYard--addressNewCostObjectCstID-vhi\"]"}
COMMAND: POST /session/fa0fa588b59cd70394c35387be1492a3/element/f.E45B0C2907A9CCBDD1B779A362D73609.d.5C723E291582FFCA1C93875F199B46F8.e.588/click - {}
RESULT: {}
COMMAND: GET /session/fa0fa588b59cd70394c35387be1492a3/screenshot - {}
RESULT: {}
COMMAND: POST /session/fa0fa588b59cd70394c35387be1492a3/execute/async - {"script":"<script> [1562 bytes]","args":[{"selector":{"controlType":"sap.m.SearchField","properties":{"placeholder":"Search"},"searchOpenDialogs":true,"interaction":{"idSuffix":"I"}},"wdio_ui5_key":"sapm.SearchField{\"placeholder\":\"Search\"}"}]}
RESULT: {"script":"<script> [1562 bytes]","args":[{"selector":{"controlType":"sap.m.SearchField","properties":{"placeholder":"Search"},"searchOpenDialogs":true,"interaction":{"idSuffix":"I"}},"wdio_ui5_key":"sapm.SearchField{\"placeholder\":\"Search\"}"}]}
RESULT: undefined
COMMAND: POST /session/fa0fa588b59cd70394c35387be1492a3/execute/async - {"script":"<script> [776 bytes]","args":[{"enterText":"10001013","selector":{"controlType":"sap.m.SearchField","properties":{"placeholder":"Search"},"searchOpenDialogs":true,"interaction":{"idSuffix":"I"}},"clearTextFirst":true,"interactionType":"ENTER_TEXT"}]}
RESULT: {"script":"<script> [776 bytes]","args":[{"enterText":"10001013","selector":{"controlType":"sap.m.SearchField","properties":{"placeholder":"Search"},"searchOpenDialogs":true,"interaction":{"idSuffix":"I"}},"clearTextFirst":true,"interactionType":"ENTER_TEXT"}]}
COMMAND: POST /session/fa0fa588b59cd70394c35387be1492a3/actions - {"actions":[{"id":"action2","type":"key","parameters":{},"actions":[{"type":"keyDown","value":""},{"type":"pause","duration":10},{"type":"keyUp","value":""}]}]}
RESULT: {"actions":[{"id":"action2","type":"key","parameters":{},"actions":[{"type":"keyDown","value":""},{"type":"pause","duration":10},{"type":"keyUp","value":""}]}]}
COMMAND: GET /session/fa0fa588b59cd70394c35387be1492a3/screenshot - {}
RESULT: {}
COMMAND: POST /session/fa0fa588b59cd70394c35387be1492a3/element - {"using":"xpath","value":"//span[contains(text(), \"General Management\")]"}
RESULT: {"using":"xpath","value":"//span[contains(text(), \"General Management\")]"}
COMMAND: POST /session/fa0fa588b59cd70394c35387be1492a3/element/f.E45B0C2907A9CCBDD1B779A362D73609.d.5C723E291582FFCA1C93875F199B46F8.e.629/click - {}
RESULT: {}
COMMAND: GET /session/fa0fa588b59cd70394c35387be1492a3/screenshot - {}
RESULT: {}
COMMAND: POST /session/fa0fa588b59cd70394c35387be1492a3/element - {"using":"xpath","value":"//bdi[contains(text(), \"OK\")]"}
RESULT: {"using":"xpath","value":"//bdi[contains(text(), \"OK\")]"}
COMMAND: POST /session/fa0fa588b59cd70394c35387be1492a3/element/f.E45B0C2907A9CCBDD1B779A362D73609.d.5C723E291582FFCA1C93875F199B46F8.e.630/click - {}
RESULT: {}
COMMAND: GET /session/fa0fa588b59cd70394c35387be1492a3/screenshot - {}
RESULT: {}
COMMAND: POST /session/fa0fa588b59cd70394c35387be1492a3/execute/async - {"script":"<script> [1562 bytes]","args":[{"selector":{"controlType":"sap.m.Button","viewName":"etm.portal.ui.manageyards.view.New","viewId":"application-manageyards-display-component---NewYard","i18NText":{"propertyName":"text","key":"save"},"interaction":{"idSuffix":"inner"}},"wdio_ui5_key":"etmportal.ui.manageyards.view.Newsap.m.Button{\"propertyName\":\"text\",\"key\":\"save\"}"}]}
RESULT: {"script":"<script> [1562 bytes]","args":[{"selector":{"controlType":"sap.m.Button","viewName":"etm.portal.ui.manageyards.view.New","viewId":"application-manageyards-display-component---NewYard","i18NText":{"propertyName":"text","key":"save"},"interaction":{"idSuffix":"inner"}},"wdio_ui5_key":"etmportal.ui.manageyards.view.Newsap.m.Button{\"propertyName\":\"text\",\"key\":\"save\"}"}]}
RESULT: undefined
COMMAND: POST /session/fa0fa588b59cd70394c35387be1492a3/element - {"using":"xpath","value":"//*[@id=\"__button18\"]"}
RESULT: {"using":"xpath","value":"//*[@id=\"__button18\"]"}
COMMAND: POST /session/fa0fa588b59cd70394c35387be1492a3/element/f.E45B0C2907A9CCBDD1B779A362D73609.d.5C723E291582FFCA1C93875F199B46F8.e.553/click - {}
RESULT: {}
COMMAND: GET /session/fa0fa588b59cd70394c35387be1492a3/screenshot - {}
RESULT: {}
COMMAND: POST /session/fa0fa588b59cd70394c35387be1492a3/element - {"using":"xpath","value":"//header/div/div[2]/div[2]/span"}
RESULT: {"using":"xpath","value":"//header/div/div[2]/div[2]/span"}
COMMAND: GET /session/fa0fa588b59cd70394c35387be1492a3/element/f.E45B0C2907A9CCBDD1B779A362D73609.d.5C723E291582FFCA1C93875F199B46F8.e.826/text - {}
RESULT: {}
COMMAND: POST /session/fa0fa588b59cd70394c35387be1492a3/execute/async - {"script":"<script> [1562 bytes]","args":[{"selector":{"controlType":"sap.m.OverflowToolbarButton","viewName":"etm.portal.ui.manageyards.view.Detail","viewId":"application-manageyards-display-component---detailYard","i18NText":{"propertyName":"tooltip","key":"closeColumn"},"interaction":{"idSuffix":"inner"}},"wdio_ui5_key":"etmportal.ui.manageyards.view.Detailsap.m.OverflowToolbarButton{\"propertyName\":\"tooltip\",\"key\":\"closeColumn\"}"}]}
RESULT: {"script":"<script> [1562 bytes]","args":[{"selector":{"controlType":"sap.m.OverflowToolbarButton","viewName":"etm.portal.ui.manageyards.view.Detail","viewId":"application-manageyards-display-component---detailYard","i18NText":{"propertyName":"tooltip","key":"closeColumn"},"interaction":{"idSuffix":"inner"}},"wdio_ui5_key":"etmportal.ui.manageyards.view.Detailsap.m.OverflowToolbarButton{\"propertyName\":\"tooltip\",\"key\":\"closeColumn\"}"}]}
RESULT: undefined
COMMAND: POST /session/fa0fa588b59cd70394c35387be1492a3/element - {"using":"xpath","value":"//*[@id=\"__button42\"]"}
RESULT: {"using":"xpath","value":"//*[@id=\"__button42\"]"}
COMMAND: POST /session/fa0fa588b59cd70394c35387be1492a3/element/f.E45B0C2907A9CCBDD1B779A362D73609.d.5C723E291582FFCA1C93875F199B46F8.e.828/click - {}
RESULT: {}
COMMAND: GET /session/fa0fa588b59cd70394c35387be1492a3/screenshot - {}
RESULT: {}
COMMAND: POST /session/fa0fa588b59cd70394c35387be1492a3/element - {"using":"css selector","value":"#shell-header-logo"}
RESULT: {"using":"css selector","value":"#shell-header-logo"}
COMMAND: POST /session/fa0fa588b59cd70394c35387be1492a3/element/f.E45B0C2907A9CCBDD1B779A362D73609.d.5C723E291582FFCA1C93875F199B46F8.e.114/click - {}
RESULT: {}
COMMAND: GET /session/fa0fa588b59cd70394c35387be1492a3/screenshot - {}
RESULT: {}
COMMAND: POST /session/fa0fa588b59cd70394c35387be1492a3/refresh - {}
RESULT: {}
COMMAND: GET /session/fa0fa588b59cd70394c35387be1492a3/screenshot - {}
RESULT: {}
COMMAND: POST /session/fa0fa588b59cd70394c35387be1492a3/execute/async - {"script":"<script> [189 bytes]","args":[]}
RESULT: {"script":"<script> [189 bytes]","args":[]}
COMMAND: POST /session/fa0fa588b59cd70394c35387be1492a3/execute/async - {"script":"<script> [123 bytes]","args":[]}
RESULT: {"script":"<script> [123 bytes]","args":[]}
COMMAND: POST /session/fa0fa588b59cd70394c35387be1492a3/timeouts - {"script":"<number>"}
RESULT: {"script":"<number>"}
COMMAND: GET /session/fa0fa588b59cd70394c35387be1492a3/timeouts - {}
RESULT: {}
RESULT: undefined
COMMAND: POST /session/fa0fa588b59cd70394c35387be1492a3/execute/async - {"script":"<script> [2676 bytes]","args":[]}
RESULT: {"script":"<script> [2676 bytes]","args":[]}
COMMAND: POST /session/fa0fa588b59cd70394c35387be1492a3/execute/async - {"script":"<script> [2342 bytes]","args":[{"protocol":"http","hostname":"0.0.0.0","path":"/","capabilities":{"browserName":"chrome","goog:chromeOptions":{"binary":"C:\\Program Files\\Google\\Chrome\\Application\\chrome.exe","args":["--start-maximized"]}},"logLevel":"warn","connectionRetryTimeout":120000,"connectionRetryCount":3,"logLevels":{},"enableDirectConnect":true,"strictSSL":true,"_":"65 more keys: [\"cacheDir\",\"port\",\"requestedCapabilities\",\"automationProtocol\",\"baseUrl\",\"waitforInterval\",\"waitforTimeout\",\"onReload\",\"beforeCommand\",\"afterCommand\",\"rootDir\",\"specs\",\"suites\",\"exclude\",\"groupLogsByTestSpec\",\"excludeDriverLogs\",\"bail\",\"framework\",\"reporters\",\"services\",\"maxInstances\",\"maxInstancesPerCapability\",\"injectGlobals\",\"filesToWatch\",\"execArgv\",\"runnerEnv\",\"runner\",\"shard\",\"specFileRetries\",\"specFileRetriesDelay\",\"specFileRetriesDeferred\",\"reporterSyncInterval\",\"reporterSyncTimeout\",\"cucumberFeaturesWithLineNumbers\",\"autoCompileOpts\",\"mochaOpts\",\"jasmineOpts\",\"cucumberOpts\",\"onPrepare\",\"onWorkerStart\",\"onWorkerEnd\",\"before\",\"beforeSession\",\"beforeSuite\",\"beforeHook\",\"beforeTest\",\"afterTest\",\"afterHook\",\"afterSuite\",\"afterSession\",\"after\",\"onComplete\",\"beforeAssertion\",\"afterAssertion\",\"beforeFeature\",\"beforeScenario\",\"beforeStep\",\"afterStep\",\"afterScenario\",\"afterFeature\",\"_\",\"suite\",\"$0\",\"ignoredWorkerServices\",\"wdi5\"]"}]}
RESULT: {"script":"<script> [2342 bytes]","args":[{"protocol":"http","hostname":"0.0.0.0","path":"/","capabilities":{"browserName":"chrome","goog:chromeOptions":{"binary":"C:\\Program Files\\Google\\Chrome\\Application\\chrome.exe","args":["--start-maximized"]}},"logLevel":"warn","connectionRetryTimeout":120000,"connectionRetryCount":3,"logLevels":{},"enableDirectConnect":true,"strictSSL":true,"_":"65 more keys: [\"cacheDir\",\"port\",\"requestedCapabilities\",\"automationProtocol\",\"baseUrl\",\"waitforInterval\",\"waitforTimeout\",\"onReload\",\"beforeCommand\",\"afterCommand\",\"rootDir\",\"specs\",\"suites\",\"exclude\",\"groupLogsByTestSpec\",\"excludeDriverLogs\",\"bail\",\"framework\",\"reporters\",\"services\",\"maxInstances\",\"maxInstancesPerCapability\",\"injectGlobals\",\"filesToWatch\",\"execArgv\",\"runnerEnv\",\"runner\",\"shard\",\"specFileRetries\",\"specFileRetriesDelay\",\"specFileRetriesDeferred\",\"reporterSyncInterval\",\"reporterSyncTimeout\",\"cucumberFeaturesWithLineNumbers\",\"autoCompileOpts\",\"mochaOpts\",\"jasmineOpts\",\"cucumberOpts\",\"onPrepare\",\"onWorkerStart\",\"onWorkerEnd\",\"before\",\"beforeSession\",\"beforeSuite\",\"beforeHook\",\"beforeTest\",\"afterTest\",\"afterHook\",\"afterSuite\",\"afterSession\",\"after\",\"onComplete\",\"beforeAssertion\",\"afterAssertion\",\"beforeFeature\",\"beforeScenario\",\"beforeStep\",\"afterStep\",\"afterScenario\",\"afterFeature\",\"_\",\"suite\",\"$0\",\"ignoredWorkerServices\",\"wdi5\"]"}]}
COMMAND: POST /session/fa0fa588b59cd70394c35387be1492a3/execute/async - {"script":"<script> [21126 bytes]","args":[35000]}
RESULT: {"script":"<script> [21126 bytes]","args":[35000]}
]]></system-out>
    </testcase>
    <testcase classname="chrome.136_0_7103_93.windows.Manage_Requests_Tags_Tests_US120163" name="Should create a new partner" time="85.87">
      <system-out><![CDATA[
COMMAND: POST /session/fa0fa588b59cd70394c35387be1492a3/execute/async - {"script":"<script> [1562 bytes]","args":[{"selector":{"controlType":"sap.m.GenericTile","properties":{"header":"Manage Partners"}},"wdio_ui5_key":"sapm.GenericTile{\"header\":\"Manage Partners\"}"}]}
RESULT: {"script":"<script> [1562 bytes]","args":[{"selector":{"controlType":"sap.m.GenericTile","properties":{"header":"Manage Partners"}},"wdio_ui5_key":"sapm.GenericTile{\"header\":\"Manage Partners\"}"}]}
RESULT: undefined
COMMAND: POST /session/fa0fa588b59cd70394c35387be1492a3/element - {"using":"xpath","value":"//*[@id=\"__tile38\"]"}
RESULT: {"using":"xpath","value":"//*[@id=\"__tile38\"]"}
COMMAND: POST /session/fa0fa588b59cd70394c35387be1492a3/element/f.E45B0C2907A9CCBDD1B779A362D73609.d.023F4947639518E4F75C56A929780257.e.1190/click - {}
RESULT: {}
COMMAND: GET /session/fa0fa588b59cd70394c35387be1492a3/screenshot - {}
RESULT: {}
COMMAND: POST /session/fa0fa588b59cd70394c35387be1492a3/elements - {"using":"xpath","value":"//span[text()='Error']"}
RESULT: {"using":"xpath","value":"//span[text()='Error']"}
COMMAND: POST /session/fa0fa588b59cd70394c35387be1492a3/execute/async - {"script":"<script> [1562 bytes]","args":[{"selector":{"controlType":"sap.ui.core.Icon","viewName":"etm.portal.ui.managepartners.view.Master","viewId":"application-managepartners-display-component---masterPtm","properties":{"src":{"regex":{"source":"add"}}}},"wdio_ui5_key":"etmportal.ui.managepartners.view.Mastersap.ui.core.Icon{\"src\":{\"regex\":{\"source\":\"add\"}}}"}]}
RESULT: {"script":"<script> [1562 bytes]","args":[{"selector":{"controlType":"sap.ui.core.Icon","viewName":"etm.portal.ui.managepartners.view.Master","viewId":"application-managepartners-display-component---masterPtm","properties":{"src":{"regex":{"source":"add"}}}},"wdio_ui5_key":"etmportal.ui.managepartners.view.Mastersap.ui.core.Icon{\"src\":{\"regex\":{\"source\":\"add\"}}}"}]}
RESULT: undefined
COMMAND: POST /session/fa0fa588b59cd70394c35387be1492a3/element - {"using":"xpath","value":"//*[@id=\"__button4-img\"]"}
RESULT: {"using":"xpath","value":"//*[@id=\"__button4-img\"]"}
COMMAND: POST /session/fa0fa588b59cd70394c35387be1492a3/element/f.E45B0C2907A9CCBDD1B779A362D73609.d.023F4947639518E4F75C56A929780257.e.1241/click - {}
RESULT: {}
COMMAND: GET /session/fa0fa588b59cd70394c35387be1492a3/screenshot - {}
RESULT: {}
COMMAND: POST /session/fa0fa588b59cd70394c35387be1492a3/execute/async - {"script":"<script> [1562 bytes]","args":[{"selector":{"id":"application-managepartners-display-component---NewPartner--partnerId","interaction":{"idSuffix":"inner"}},"wdio_ui5_key":"applicationmanagepartners-display-component---NewPartner--partnerId"}]}
RESULT: {"script":"<script> [1562 bytes]","args":[{"selector":{"id":"application-managepartners-display-component---NewPartner--partnerId","interaction":{"idSuffix":"inner"}},"wdio_ui5_key":"applicationmanagepartners-display-component---NewPartner--partnerId"}]}
RESULT: undefined
COMMAND: POST /session/fa0fa588b59cd70394c35387be1492a3/execute/async - {"script":"<script> [1562 bytes]","args":[{"selector":{"id":"application-managepartners-display-component---NewPartner--addressDetailDetailsName1","interaction":{"idSuffix":"inner"}},"wdio_ui5_key":"applicationmanagepartners-display-component---NewPartner--addressDetailDetailsName1"}]}
RESULT: {"script":"<script> [1562 bytes]","args":[{"selector":{"id":"application-managepartners-display-component---NewPartner--addressDetailDetailsName1","interaction":{"idSuffix":"inner"}},"wdio_ui5_key":"applicationmanagepartners-display-component---NewPartner--addressDetailDetailsName1"}]}
RESULT: undefined
COMMAND: POST /session/fa0fa588b59cd70394c35387be1492a3/execute/async - {"script":"<script> [776 bytes]","args":[{"enterText":"WebdriverPartneruamqb","selector":{"id":"application-managepartners-display-component---NewPartner--addressDetailDetailsName1","interaction":{"idSuffix":"inner"}},"clearTextFirst":true,"interactionType":"ENTER_TEXT"}]}
RESULT: {"script":"<script> [776 bytes]","args":[{"enterText":"WebdriverPartneruamqb","selector":{"id":"application-managepartners-display-component---NewPartner--addressDetailDetailsName1","interaction":{"idSuffix":"inner"}},"clearTextFirst":true,"interactionType":"ENTER_TEXT"}]}
COMMAND: POST /session/fa0fa588b59cd70394c35387be1492a3/execute/async - {"script":"<script> [1562 bytes]","args":[{"selector":{"id":"application-managepartners-display-component---NewPartner--addressDetailDetailsLanguage","interaction":{"idSuffix":"inner"}},"wdio_ui5_key":"applicationmanagepartners-display-component---NewPartner--addressDetailDetailsLanguage"}]}
RESULT: {"script":"<script> [1562 bytes]","args":[{"selector":{"id":"application-managepartners-display-component---NewPartner--addressDetailDetailsLanguage","interaction":{"idSuffix":"inner"}},"wdio_ui5_key":"applicationmanagepartners-display-component---NewPartner--addressDetailDetailsLanguage"}]}
RESULT: undefined
COMMAND: POST /session/fa0fa588b59cd70394c35387be1492a3/execute/async - {"script":"<script> [776 bytes]","args":[{"enterText":"Romanian","selector":{"id":"application-managepartners-display-component---NewPartner--addressDetailDetailsLanguage","interaction":{"idSuffix":"inner"}},"clearTextFirst":true,"interactionType":"ENTER_TEXT"}]}
RESULT: {"script":"<script> [776 bytes]","args":[{"enterText":"Romanian","selector":{"id":"application-managepartners-display-component---NewPartner--addressDetailDetailsLanguage","interaction":{"idSuffix":"inner"}},"clearTextFirst":true,"interactionType":"ENTER_TEXT"}]}
COMMAND: POST /session/fa0fa588b59cd70394c35387be1492a3/element - {"using":"xpath","value":"//input[contains(@id ,\"application-managepartners-display-component---NewPartner--addressDetailDetailsName1-inner\")]"}
RESULT: {"using":"xpath","value":"//input[contains(@id ,\"application-managepartners-display-component---NewPartner--addressDetailDetailsName1-inner\")]"}
COMMAND: GET /session/fa0fa588b59cd70394c35387be1492a3/element/f.E45B0C2907A9CCBDD1B779A362D73609.d.023F4947639518E4F75C56A929780257.e.1416/property/value - {}
RESULT: {}
COMMAND: POST /session/fa0fa588b59cd70394c35387be1492a3/execute/async - {"script":"<script> [1562 bytes]","args":[{"selector":{"id":"application-managepartners-display-component---NewPartner--addressDetailDetailsCity1","interaction":{"idSuffix":"inner"}},"wdio_ui5_key":"applicationmanagepartners-display-component---NewPartner--addressDetailDetailsCity1"}]}
COMMAND: GET /session/fa0fa588b59cd70394c35387be1492a3/screenshot - {}
RESULT: {"script":"<script> [1562 bytes]","args":[{"selector":{"id":"application-managepartners-display-component---NewPartner--addressDetailDetailsCity1","interaction":{"idSuffix":"inner"}},"wdio_ui5_key":"applicationmanagepartners-display-component---NewPartner--addressDetailDetailsCity1"}]}
RESULT: undefined
COMMAND: POST /session/fa0fa588b59cd70394c35387be1492a3/execute/async - {"script":"<script> [776 bytes]","args":[{"enterText":"Bucharest","selector":{"id":"application-managepartners-display-component---NewPartner--addressDetailDetailsCity1","interaction":{"idSuffix":"inner"}},"clearTextFirst":true,"interactionType":"ENTER_TEXT"}]}
RESULT: {}
RESULT: {"script":"<script> [776 bytes]","args":[{"enterText":"Bucharest","selector":{"id":"application-managepartners-display-component---NewPartner--addressDetailDetailsCity1","interaction":{"idSuffix":"inner"}},"clearTextFirst":true,"interactionType":"ENTER_TEXT"}]}
COMMAND: POST /session/fa0fa588b59cd70394c35387be1492a3/execute/async - {"script":"<script> [1562 bytes]","args":[{"selector":{"id":"application-managepartners-display-component---NewPartner--addressDetailDetailsCountry","interaction":{"idSuffix":"inner"}},"wdio_ui5_key":"applicationmanagepartners-display-component---NewPartner--addressDetailDetailsCountry"}]}
RESULT: {"script":"<script> [1562 bytes]","args":[{"selector":{"id":"application-managepartners-display-component---NewPartner--addressDetailDetailsCountry","interaction":{"idSuffix":"inner"}},"wdio_ui5_key":"applicationmanagepartners-display-component---NewPartner--addressDetailDetailsCountry"}]}
RESULT: undefined
COMMAND: POST /session/fa0fa588b59cd70394c35387be1492a3/execute/async - {"script":"<script> [6424 bytes]","args":[{"element-6066-11e4-a52e-4f735466cecf":"f.E45B0C2907A9CCBDD1B779A362D73609.d.023F4947639518E4F75C56A929780257.e.1423"},"setValue",["Romania"]]}
RESULT: {"script":"<script> [6424 bytes]","args":[{"element-6066-11e4-a52e-4f735466cecf":"f.E45B0C2907A9CCBDD1B779A362D73609.d.023F4947639518E4F75C56A929780257.e.1423"},"setValue",["Romania"]]}
COMMAND: POST /session/fa0fa588b59cd70394c35387be1492a3/execute/async - {"script":"<script> [1562 bytes]","args":[{"selector":{"id":"application-managepartners-display-component---NewPartner--partnerDetailInternal","interaction":{"idSuffix":"inner"}},"wdio_ui5_key":"applicationmanagepartners-display-component---NewPartner--partnerDetailInternal"}]}
RESULT: {"script":"<script> [1562 bytes]","args":[{"selector":{"id":"application-managepartners-display-component---NewPartner--partnerDetailInternal","interaction":{"idSuffix":"inner"}},"wdio_ui5_key":"applicationmanagepartners-display-component---NewPartner--partnerDetailInternal"}]}
RESULT: undefined
COMMAND: POST /session/fa0fa588b59cd70394c35387be1492a3/execute/async - {"script":"<script> [776 bytes]","args":[{"enterText":"External partner","selector":{"id":"application-managepartners-display-component---NewPartner--partnerDetailInternal","interaction":{"idSuffix":"inner"}},"clearTextFirst":true,"interactionType":"ENTER_TEXT"}]}
RESULT: {"script":"<script> [776 bytes]","args":[{"enterText":"External partner","selector":{"id":"application-managepartners-display-component---NewPartner--partnerDetailInternal","interaction":{"idSuffix":"inner"}},"clearTextFirst":true,"interactionType":"ENTER_TEXT"}]}
COMMAND: POST /session/fa0fa588b59cd70394c35387be1492a3/execute/async - {"script":"<script> [1562 bytes]","args":[{"selector":{"id":"application-managepartners-display-component---NewPartner--partnerDetailsCurrency","interaction":{"idSuffix":"inner"}},"wdio_ui5_key":"applicationmanagepartners-display-component---NewPartner--partnerDetailsCurrency"}]}
RESULT: {"script":"<script> [1562 bytes]","args":[{"selector":{"id":"application-managepartners-display-component---NewPartner--partnerDetailsCurrency","interaction":{"idSuffix":"inner"}},"wdio_ui5_key":"applicationmanagepartners-display-component---NewPartner--partnerDetailsCurrency"}]}
RESULT: undefined
COMMAND: POST /session/fa0fa588b59cd70394c35387be1492a3/execute/async - {"script":"<script> [776 bytes]","args":[{"enterText":"Euro","selector":{"id":"application-managepartners-display-component---NewPartner--partnerDetailsCurrency","interaction":{"idSuffix":"inner"}},"clearTextFirst":true,"interactionType":"ENTER_TEXT"}]}
RESULT: {"script":"<script> [776 bytes]","args":[{"enterText":"Euro","selector":{"id":"application-managepartners-display-component---NewPartner--partnerDetailsCurrency","interaction":{"idSuffix":"inner"}},"clearTextFirst":true,"interactionType":"ENTER_TEXT"}]}
COMMAND: POST /session/fa0fa588b59cd70394c35387be1492a3/execute/async - {"script":"<script> [1562 bytes]","args":[{"selector":{"controlType":"sap.m.Button","viewName":"etm.portal.ui.managepartners.view.NewPartner","viewId":"application-managepartners-display-component---NewPartner","properties":{"text":"Commercial"},"interaction":{"idSuffix":"BDI-content"}},"wdio_ui5_key":"etmportal.ui.managepartners.view.NewPartnersap.m.Button{\"text\":\"Commercial\"}"}]}
RESULT: {"script":"<script> [1562 bytes]","args":[{"selector":{"controlType":"sap.m.Button","viewName":"etm.portal.ui.managepartners.view.NewPartner","viewId":"application-managepartners-display-component---NewPartner","properties":{"text":"Commercial"},"interaction":{"idSuffix":"BDI-content"}},"wdio_ui5_key":"etmportal.ui.managepartners.view.NewPartnersap.m.Button{\"text\":\"Commercial\"}"}]}
RESULT: undefined
COMMAND: POST /session/fa0fa588b59cd70394c35387be1492a3/element - {"using":"xpath","value":"//*[@id=\"application-managepartners-display-component---NewPartner--ObjectPageLayout-anchBar-__section5-anchor\"]"}
RESULT: {"using":"xpath","value":"//*[@id=\"application-managepartners-display-component---NewPartner--ObjectPageLayout-anchBar-__section5-anchor\"]"}
COMMAND: POST /session/fa0fa588b59cd70394c35387be1492a3/element/f.E45B0C2907A9CCBDD1B779A362D73609.d.023F4947639518E4F75C56A929780257.e.1674/click - {}
RESULT: {}
COMMAND: GET /session/fa0fa588b59cd70394c35387be1492a3/screenshot - {}
RESULT: {}
COMMAND: POST /session/fa0fa588b59cd70394c35387be1492a3/execute/async - {"script":"<script> [1562 bytes]","args":[{"selector":{"id":"application-managepartners-display-component---NewPartner--btnAddTableRow-img"},"wdio_ui5_key":"applicationmanagepartners-display-component---NewPartner--btnAddTableRow-img"}]}
RESULT: {"script":"<script> [1562 bytes]","args":[{"selector":{"id":"application-managepartners-display-component---NewPartner--btnAddTableRow-img"},"wdio_ui5_key":"applicationmanagepartners-display-component---NewPartner--btnAddTableRow-img"}]}
RESULT: undefined
COMMAND: POST /session/fa0fa588b59cd70394c35387be1492a3/element - {"using":"xpath","value":"//*[@id=\"application-managepartners-display-component---NewPartner--btnAddTableRow-img\"]"}
RESULT: {"using":"xpath","value":"//*[@id=\"application-managepartners-display-component---NewPartner--btnAddTableRow-img\"]"}
COMMAND: POST /session/fa0fa588b59cd70394c35387be1492a3/element/f.E45B0C2907A9CCBDD1B779A362D73609.d.023F4947639518E4F75C56A929780257.e.1680/click - {}
RESULT: {}
COMMAND: POST /session/fa0fa588b59cd70394c35387be1492a3/element - {"using":"xpath","value":"//input[contains(@id ,\"application-managepartners-display-component---NewPartner--assignmentYard-application-managepartners-display-component---NewPartner\")]"}
COMMAND: GET /session/fa0fa588b59cd70394c35387be1492a3/screenshot - {}
RESULT: {"using":"xpath","value":"//input[contains(@id ,\"application-managepartners-display-component---NewPartner--assignmentYard-application-managepartners-display-component---NewPartner\")]"}
COMMAND: POST /session/fa0fa588b59cd70394c35387be1492a3/element/f.E45B0C2907A9CCBDD1B779A362D73609.d.023F4947639518E4F75C56A929780257.e.1683/clear - {}
RESULT: {}
RESULT: {}
COMMAND: POST /session/fa0fa588b59cd70394c35387be1492a3/element/f.E45B0C2907A9CCBDD1B779A362D73609.d.023F4947639518E4F75C56A929780257.e.1683/value - {"text":"WebdriverYard9d4i2"}
COMMAND: GET /session/fa0fa588b59cd70394c35387be1492a3/screenshot - {}
RESULT: {"text":"WebdriverYard9d4i2"}
COMMAND: GET /session/fa0fa588b59cd70394c35387be1492a3/screenshot - {}
RESULT: {}
RESULT: {}
COMMAND: POST /session/fa0fa588b59cd70394c35387be1492a3/execute/async - {"script":"<script> [1562 bytes]","args":[{"selector":{"controlType":"sap.m.Button","viewName":"etm.portal.ui.managepartners.view.NewPartner","viewId":"application-managepartners-display-component---NewPartner","i18NText":{"propertyName":"text","key":"save"},"interaction":{"idSuffix":"BDI-content"}},"wdio_ui5_key":"etmportal.ui.managepartners.view.NewPartnersap.m.Button{\"propertyName\":\"text\",\"key\":\"save\"}"}]}
RESULT: {"script":"<script> [1562 bytes]","args":[{"selector":{"controlType":"sap.m.Button","viewName":"etm.portal.ui.managepartners.view.NewPartner","viewId":"application-managepartners-display-component---NewPartner","i18NText":{"propertyName":"text","key":"save"},"interaction":{"idSuffix":"BDI-content"}},"wdio_ui5_key":"etmportal.ui.managepartners.view.NewPartnersap.m.Button{\"propertyName\":\"text\",\"key\":\"save\"}"}]}
RESULT: undefined
COMMAND: POST /session/fa0fa588b59cd70394c35387be1492a3/element - {"using":"xpath","value":"//*[@id=\"__button12\"]"}
RESULT: {"using":"xpath","value":"//*[@id=\"__button12\"]"}
COMMAND: POST /session/fa0fa588b59cd70394c35387be1492a3/element/f.E45B0C2907A9CCBDD1B779A362D73609.d.023F4947639518E4F75C56A929780257.e.1614/click - {}
RESULT: {}
COMMAND: GET /session/fa0fa588b59cd70394c35387be1492a3/screenshot - {}
RESULT: {}
COMMAND: POST /session/fa0fa588b59cd70394c35387be1492a3/element - {"using":"xpath","value":"//header/div/div[2]/div[2]/span"}
RESULT: {"using":"xpath","value":"//header/div/div[2]/div[2]/span"}
COMMAND: GET /session/fa0fa588b59cd70394c35387be1492a3/element/f.E45B0C2907A9CCBDD1B779A362D73609.d.023F4947639518E4F75C56A929780257.e.1853/text - {}
RESULT: {}
COMMAND: POST /session/fa0fa588b59cd70394c35387be1492a3/element - {"using":"xpath","value":"//header/div/div/div/div/div/div[2]/div/span"}
RESULT: {"using":"xpath","value":"//header/div/div/div/div/div/div[2]/div/span"}
COMMAND: GET /session/fa0fa588b59cd70394c35387be1492a3/element/f.E45B0C2907A9CCBDD1B779A362D73609.d.023F4947639518E4F75C56A929780257.e.1854/text - {}
RESULT: {}
COMMAND: POST /session/fa0fa588b59cd70394c35387be1492a3/execute/async - {"script":"<script> [1562 bytes]","args":[{"selector":{"id":"application-managepartners-display-component---detailPtm--partnerType"},"wdio_ui5_key":"applicationmanagepartners-display-component---detailPtm--partnerType"}]}
RESULT: {"script":"<script> [1562 bytes]","args":[{"selector":{"id":"application-managepartners-display-component---detailPtm--partnerType"},"wdio_ui5_key":"applicationmanagepartners-display-component---detailPtm--partnerType"}]}
RESULT: undefined
COMMAND: POST /session/fa0fa588b59cd70394c35387be1492a3/execute/async - {"script":"<script> [6424 bytes]","args":[{"element-6066-11e4-a52e-4f735466cecf":"f.E45B0C2907A9CCBDD1B779A362D73609.d.023F4947639518E4F75C56A929780257.e.1855"},"getText",[]]}
RESULT: {"script":"<script> [6424 bytes]","args":[{"element-6066-11e4-a52e-4f735466cecf":"f.E45B0C2907A9CCBDD1B779A362D73609.d.023F4947639518E4F75C56A929780257.e.1855"},"getText",[]]}
COMMAND: POST /session/fa0fa588b59cd70394c35387be1492a3/element - {"using":"css selector","value":"#shell-header-logo"}
RESULT: {"using":"css selector","value":"#shell-header-logo"}
COMMAND: POST /session/fa0fa588b59cd70394c35387be1492a3/element/f.E45B0C2907A9CCBDD1B779A362D73609.d.023F4947639518E4F75C56A929780257.e.1192/click - {}
RESULT: {}
COMMAND: GET /session/fa0fa588b59cd70394c35387be1492a3/screenshot - {}
RESULT: {}
]]></system-out>
    </testcase>
    <testcase classname="chrome.136_0_7103_93.windows.Manage_Requests_Tags_Tests_US120163" name="Should create a new site" time="107.341">
      <system-out><![CDATA[
COMMAND: POST /session/fa0fa588b59cd70394c35387be1492a3/execute/async - {"script":"<script> [1562 bytes]","args":[{"selector":{"controlType":"sap.m.GenericTile","properties":{"header":"Manage Sites"}},"wdio_ui5_key":"sapm.GenericTile{\"header\":\"Manage Sites\"}"}]}
RESULT: {"script":"<script> [1562 bytes]","args":[{"selector":{"controlType":"sap.m.GenericTile","properties":{"header":"Manage Sites"}},"wdio_ui5_key":"sapm.GenericTile{\"header\":\"Manage Sites\"}"}]}
RESULT: undefined
COMMAND: POST /session/fa0fa588b59cd70394c35387be1492a3/element - {"using":"xpath","value":"//*[@id=\"__tile40\"]"}
RESULT: {"using":"xpath","value":"//*[@id=\"__tile40\"]"}
COMMAND: POST /session/fa0fa588b59cd70394c35387be1492a3/element/f.E45B0C2907A9CCBDD1B779A362D73609.d.023F4947639518E4F75C56A929780257.e.1857/click - {}
RESULT: {}
COMMAND: GET /session/fa0fa588b59cd70394c35387be1492a3/screenshot - {}
RESULT: {}
COMMAND: POST /session/fa0fa588b59cd70394c35387be1492a3/elements - {"using":"xpath","value":"//span[text()='Error']"}
RESULT: {"using":"xpath","value":"//span[text()='Error']"}
COMMAND: POST /session/fa0fa588b59cd70394c35387be1492a3/execute/async - {"script":"<script> [1562 bytes]","args":[{"selector":{"controlType":"sap.ui.core.Icon","viewName":"etm.portal.ui.managesites.view.Master","viewId":"application-managesites-display-component---masterSite","properties":{"src":{"regex":{"source":"add"}}}},"wdio_ui5_key":"etmportal.ui.managesites.view.Mastersap.ui.core.Icon{\"src\":{\"regex\":{\"source\":\"add\"}}}"}]}
RESULT: {"script":"<script> [1562 bytes]","args":[{"selector":{"controlType":"sap.ui.core.Icon","viewName":"etm.portal.ui.managesites.view.Master","viewId":"application-managesites-display-component---masterSite","properties":{"src":{"regex":{"source":"add"}}}},"wdio_ui5_key":"etmportal.ui.managesites.view.Mastersap.ui.core.Icon{\"src\":{\"regex\":{\"source\":\"add\"}}}"}]}
RESULT: undefined
COMMAND: POST /session/fa0fa588b59cd70394c35387be1492a3/element - {"using":"xpath","value":"//*[@id=\"__button52-img\"]"}
RESULT: {"using":"xpath","value":"//*[@id=\"__button52-img\"]"}
COMMAND: POST /session/fa0fa588b59cd70394c35387be1492a3/element/f.E45B0C2907A9CCBDD1B779A362D73609.d.023F4947639518E4F75C56A929780257.e.1904/click - {}
RESULT: {}
COMMAND: POST /session/fa0fa588b59cd70394c35387be1492a3/execute/async - {"script":"<script> [1562 bytes]","args":[{"selector":{"id":"application-managesites-display-component---NewSite--siteId","interaction":{"idSuffix":"inner"}},"wdio_ui5_key":"applicationmanagesites-display-component---NewSite--siteId"}]}
COMMAND: GET /session/fa0fa588b59cd70394c35387be1492a3/screenshot - {}
RESULT: {"script":"<script> [1562 bytes]","args":[{"selector":{"id":"application-managesites-display-component---NewSite--siteId","interaction":{"idSuffix":"inner"}},"wdio_ui5_key":"applicationmanagesites-display-component---NewSite--siteId"}]}
RESULT: undefined
COMMAND: POST /session/fa0fa588b59cd70394c35387be1492a3/execute/async - {"script":"<script> [1562 bytes]","args":[{"selector":{"id":"application-managesites-display-component---NewSite--addressDetailDetailsName1","interaction":{"idSuffix":"inner"}},"wdio_ui5_key":"applicationmanagesites-display-component---NewSite--addressDetailDetailsName1"}]}
RESULT: {}
RESULT: {"script":"<script> [1562 bytes]","args":[{"selector":{"id":"application-managesites-display-component---NewSite--addressDetailDetailsName1","interaction":{"idSuffix":"inner"}},"wdio_ui5_key":"applicationmanagesites-display-component---NewSite--addressDetailDetailsName1"}]}
RESULT: undefined
COMMAND: POST /session/fa0fa588b59cd70394c35387be1492a3/execute/async - {"script":"<script> [776 bytes]","args":[{"enterText":"WebdriverSitekhdmn","selector":{"id":"application-managesites-display-component---NewSite--addressDetailDetailsName1","interaction":{"idSuffix":"inner"}},"clearTextFirst":true,"interactionType":"ENTER_TEXT"}]}
RESULT: {"script":"<script> [776 bytes]","args":[{"enterText":"WebdriverSitekhdmn","selector":{"id":"application-managesites-display-component---NewSite--addressDetailDetailsName1","interaction":{"idSuffix":"inner"}},"clearTextFirst":true,"interactionType":"ENTER_TEXT"}]}
COMMAND: POST /session/fa0fa588b59cd70394c35387be1492a3/execute/async - {"script":"<script> [1562 bytes]","args":[{"selector":{"id":"application-managesites-display-component---NewSite--addressDetailDetailsLanguage","interaction":{"idSuffix":"inner"}},"wdio_ui5_key":"applicationmanagesites-display-component---NewSite--addressDetailDetailsLanguage"}]}
RESULT: {"script":"<script> [1562 bytes]","args":[{"selector":{"id":"application-managesites-display-component---NewSite--addressDetailDetailsLanguage","interaction":{"idSuffix":"inner"}},"wdio_ui5_key":"applicationmanagesites-display-component---NewSite--addressDetailDetailsLanguage"}]}
RESULT: undefined
COMMAND: POST /session/fa0fa588b59cd70394c35387be1492a3/execute/async - {"script":"<script> [776 bytes]","args":[{"enterText":"Romanian","selector":{"id":"application-managesites-display-component---NewSite--addressDetailDetailsLanguage","interaction":{"idSuffix":"inner"}},"clearTextFirst":true,"interactionType":"ENTER_TEXT"}]}
RESULT: {"script":"<script> [776 bytes]","args":[{"enterText":"Romanian","selector":{"id":"application-managesites-display-component---NewSite--addressDetailDetailsLanguage","interaction":{"idSuffix":"inner"}},"clearTextFirst":true,"interactionType":"ENTER_TEXT"}]}
COMMAND: POST /session/fa0fa588b59cd70394c35387be1492a3/execute/async - {"script":"<script> [1562 bytes]","args":[{"selector":{"id":"application-managesites-display-component---NewSite--addressDetailDetailsCity1","interaction":{"idSuffix":"inner"}},"wdio_ui5_key":"applicationmanagesites-display-component---NewSite--addressDetailDetailsCity1"}]}
RESULT: {"script":"<script> [1562 bytes]","args":[{"selector":{"id":"application-managesites-display-component---NewSite--addressDetailDetailsCity1","interaction":{"idSuffix":"inner"}},"wdio_ui5_key":"applicationmanagesites-display-component---NewSite--addressDetailDetailsCity1"}]}
RESULT: undefined
COMMAND: POST /session/fa0fa588b59cd70394c35387be1492a3/execute/async - {"script":"<script> [776 bytes]","args":[{"enterText":"Bucharest","selector":{"id":"application-managesites-display-component---NewSite--addressDetailDetailsCity1","interaction":{"idSuffix":"inner"}},"clearTextFirst":true,"interactionType":"ENTER_TEXT"}]}
RESULT: {"script":"<script> [776 bytes]","args":[{"enterText":"Bucharest","selector":{"id":"application-managesites-display-component---NewSite--addressDetailDetailsCity1","interaction":{"idSuffix":"inner"}},"clearTextFirst":true,"interactionType":"ENTER_TEXT"}]}
COMMAND: POST /session/fa0fa588b59cd70394c35387be1492a3/execute/async - {"script":"<script> [1562 bytes]","args":[{"selector":{"id":"application-managesites-display-component---NewSite--addressDetailDetailsCountry","interaction":{"idSuffix":"inner"}},"wdio_ui5_key":"applicationmanagesites-display-component---NewSite--addressDetailDetailsCountry"}]}
RESULT: {"script":"<script> [1562 bytes]","args":[{"selector":{"id":"application-managesites-display-component---NewSite--addressDetailDetailsCountry","interaction":{"idSuffix":"inner"}},"wdio_ui5_key":"applicationmanagesites-display-component---NewSite--addressDetailDetailsCountry"}]}
RESULT: undefined
COMMAND: POST /session/fa0fa588b59cd70394c35387be1492a3/execute/async - {"script":"<script> [776 bytes]","args":[{"enterText":"Romania","selector":{"id":"application-managesites-display-component---NewSite--addressDetailDetailsCountry","interaction":{"idSuffix":"inner"}},"clearTextFirst":true,"interactionType":"ENTER_TEXT"}]}
RESULT: {"script":"<script> [776 bytes]","args":[{"enterText":"Romania","selector":{"id":"application-managesites-display-component---NewSite--addressDetailDetailsCountry","interaction":{"idSuffix":"inner"}},"clearTextFirst":true,"interactionType":"ENTER_TEXT"}]}
COMMAND: POST /session/fa0fa588b59cd70394c35387be1492a3/element - {"using":"css selector","value":"#application-managesites-display-component---NewSite--addressDetailDetailsCalendar-inner"}
RESULT: {"using":"css selector","value":"#application-managesites-display-component---NewSite--addressDetailDetailsCalendar-inner"}
COMMAND: POST /session/fa0fa588b59cd70394c35387be1492a3/element/f.E45B0C2907A9CCBDD1B779A362D73609.d.023F4947639518E4F75C56A929780257.e.2099/clear - {}
RESULT: {}
COMMAND: POST /session/fa0fa588b59cd70394c35387be1492a3/element/f.E45B0C2907A9CCBDD1B779A362D73609.d.023F4947639518E4F75C56A929780257.e.2099/value - {"text":"Germany"}
COMMAND: GET /session/fa0fa588b59cd70394c35387be1492a3/screenshot - {}
RESULT: {"text":"Germany"}
COMMAND: POST /session/fa0fa588b59cd70394c35387be1492a3/execute/async - {"script":"<script> [1562 bytes]","args":[{"selector":{"id":"application-managesites-display-component---NewSite--addressEditDetailsCostObjectCstType-arrow"},"wdio_ui5_key":"applicationmanagesites-display-component---NewSite--addressEditDetailsCostObjectCstType-arrow"}]}
COMMAND: GET /session/fa0fa588b59cd70394c35387be1492a3/screenshot - {}
RESULT: {}
RESULT: {"script":"<script> [1562 bytes]","args":[{"selector":{"id":"application-managesites-display-component---NewSite--addressEditDetailsCostObjectCstType-arrow"},"wdio_ui5_key":"applicationmanagesites-display-component---NewSite--addressEditDetailsCostObjectCstType-arrow"}]}
RESULT: undefined
COMMAND: POST /session/fa0fa588b59cd70394c35387be1492a3/element - {"using":"xpath","value":"//*[@id=\"application-managesites-display-component---NewSite--addressEditDetailsCostObjectCstType-arrow\"]"}
RESULT: {}
RESULT: {"using":"xpath","value":"//*[@id=\"application-managesites-display-component---NewSite--addressEditDetailsCostObjectCstType-arrow\"]"}
COMMAND: POST /session/fa0fa588b59cd70394c35387be1492a3/element/f.E45B0C2907A9CCBDD1B779A362D73609.d.023F4947639518E4F75C56A929780257.e.2299/click - {}
RESULT: {}
COMMAND: POST /session/fa0fa588b59cd70394c35387be1492a3/element - {"using":"xpath","value":"//span[contains(text(), \"Work Breakdown Structure\")]"}
COMMAND: GET /session/fa0fa588b59cd70394c35387be1492a3/screenshot - {}
RESULT: {"using":"xpath","value":"//span[contains(text(), \"Work Breakdown Structure\")]"}
COMMAND: POST /session/fa0fa588b59cd70394c35387be1492a3/element/f.E45B0C2907A9CCBDD1B779A362D73609.d.023F4947639518E4F75C56A929780257.e.2300/click - {}
RESULT: {}
RESULT: {}
COMMAND: GET /session/fa0fa588b59cd70394c35387be1492a3/screenshot - {}
RESULT: {}
COMMAND: POST /session/fa0fa588b59cd70394c35387be1492a3/execute/async - {"script":"<script> [1562 bytes]","args":[{"selector":{"id":"application-managesites-display-component---NewSite--addressNewCostObjectCstID-vhi"},"wdio_ui5_key":"applicationmanagesites-display-component---NewSite--addressNewCostObjectCstID-vhi"}]}
RESULT: {"script":"<script> [1562 bytes]","args":[{"selector":{"id":"application-managesites-display-component---NewSite--addressNewCostObjectCstID-vhi"},"wdio_ui5_key":"applicationmanagesites-display-component---NewSite--addressNewCostObjectCstID-vhi"}]}
RESULT: undefined
COMMAND: POST /session/fa0fa588b59cd70394c35387be1492a3/element - {"using":"xpath","value":"//*[@id=\"application-managesites-display-component---NewSite--addressNewCostObjectCstID-vhi\"]"}
RESULT: {"using":"xpath","value":"//*[@id=\"application-managesites-display-component---NewSite--addressNewCostObjectCstID-vhi\"]"}
COMMAND: POST /session/fa0fa588b59cd70394c35387be1492a3/element/f.E45B0C2907A9CCBDD1B779A362D73609.d.023F4947639518E4F75C56A929780257.e.2304/click - {}
RESULT: {}
COMMAND: GET /session/fa0fa588b59cd70394c35387be1492a3/screenshot - {}
RESULT: {}
COMMAND: POST /session/fa0fa588b59cd70394c35387be1492a3/execute/async - {"script":"<script> [1562 bytes]","args":[{"selector":{"controlType":"sap.m.SearchField","properties":{"placeholder":"Search"},"searchOpenDialogs":true,"interaction":{"idSuffix":"I"}},"wdio_ui5_key":"sapm.SearchField{\"placeholder\":\"Search\"}"}]}
RESULT: {"script":"<script> [1562 bytes]","args":[{"selector":{"controlType":"sap.m.SearchField","properties":{"placeholder":"Search"},"searchOpenDialogs":true,"interaction":{"idSuffix":"I"}},"wdio_ui5_key":"sapm.SearchField{\"placeholder\":\"Search\"}"}]}
RESULT: undefined
COMMAND: POST /session/fa0fa588b59cd70394c35387be1492a3/execute/async - {"script":"<script> [776 bytes]","args":[{"enterText":"A1-000100-01","selector":{"controlType":"sap.m.SearchField","properties":{"placeholder":"Search"},"searchOpenDialogs":true,"interaction":{"idSuffix":"I"}},"clearTextFirst":true,"interactionType":"ENTER_TEXT"}]}
RESULT: {"script":"<script> [776 bytes]","args":[{"enterText":"A1-000100-01","selector":{"controlType":"sap.m.SearchField","properties":{"placeholder":"Search"},"searchOpenDialogs":true,"interaction":{"idSuffix":"I"}},"clearTextFirst":true,"interactionType":"ENTER_TEXT"}]}
COMMAND: POST /session/fa0fa588b59cd70394c35387be1492a3/actions - {"actions":[{"id":"action3","type":"key","parameters":{},"actions":[{"type":"keyDown","value":""},{"type":"pause","duration":10},{"type":"keyUp","value":""}]}]}
RESULT: {"actions":[{"id":"action3","type":"key","parameters":{},"actions":[{"type":"keyDown","value":""},{"type":"pause","duration":10},{"type":"keyUp","value":""}]}]}
COMMAND: GET /session/fa0fa588b59cd70394c35387be1492a3/screenshot - {}
RESULT: {}
COMMAND: POST /session/fa0fa588b59cd70394c35387be1492a3/element - {"using":"xpath","value":"//span[contains(text(), \"Template for ETO-Process\")]"}
RESULT: {"using":"xpath","value":"//span[contains(text(), \"Template for ETO-Process\")]"}
COMMAND: POST /session/fa0fa588b59cd70394c35387be1492a3/element/f.E45B0C2907A9CCBDD1B779A362D73609.d.023F4947639518E4F75C56A929780257.e.2325/click - {}
RESULT: {}
COMMAND: GET /session/fa0fa588b59cd70394c35387be1492a3/screenshot - {}
RESULT: {}
COMMAND: POST /session/fa0fa588b59cd70394c35387be1492a3/element - {"using":"xpath","value":"//bdi[contains(text(), \"OK\")]"}
RESULT: {"using":"xpath","value":"//bdi[contains(text(), \"OK\")]"}
COMMAND: POST /session/fa0fa588b59cd70394c35387be1492a3/element/f.E45B0C2907A9CCBDD1B779A362D73609.d.023F4947639518E4F75C56A929780257.e.2326/click - {}
RESULT: {}
COMMAND: GET /session/fa0fa588b59cd70394c35387be1492a3/screenshot - {}
RESULT: {}
COMMAND: POST /session/fa0fa588b59cd70394c35387be1492a3/element - {"using":"xpath","value":"//input[@id=\"application-managesites-display-component---NewSite--addressDetailDetailsYard-inner\"]"}
RESULT: {"using":"xpath","value":"//input[@id=\"application-managesites-display-component---NewSite--addressDetailDetailsYard-inner\"]"}
COMMAND: POST /session/fa0fa588b59cd70394c35387be1492a3/element/f.E45B0C2907A9CCBDD1B779A362D73609.d.023F4947639518E4F75C56A929780257.e.2100/value - {"text":"WebdriverYard9d4i2"}
RESULT: {"text":"WebdriverYard9d4i2"}
COMMAND: GET /session/fa0fa588b59cd70394c35387be1492a3/screenshot - {}
RESULT: {}
COMMAND: POST /session/fa0fa588b59cd70394c35387be1492a3/actions - {"actions":[{"id":"action4","type":"key","parameters":{},"actions":[{"type":"keyDown","value":""},{"type":"pause","duration":10},{"type":"keyUp","value":""}]}]}
RESULT: {"actions":[{"id":"action4","type":"key","parameters":{},"actions":[{"type":"keyDown","value":""},{"type":"pause","duration":10},{"type":"keyUp","value":""}]}]}
COMMAND: GET /session/fa0fa588b59cd70394c35387be1492a3/screenshot - {}
RESULT: {}
COMMAND: POST /session/fa0fa588b59cd70394c35387be1492a3/element - {"using":"xpath","value":"//input[@id=\"application-managesites-display-component---NewSite--addressDetailDetailsPartner-inner\"]"}
RESULT: {"using":"xpath","value":"//input[@id=\"application-managesites-display-component---NewSite--addressDetailDetailsPartner-inner\"]"}
COMMAND: POST /session/fa0fa588b59cd70394c35387be1492a3/elements - {"using":"xpath","value":"//input[@id=\"application-managesites-display-component---NewSite--addressDetailDetailsPartner-inner\"]"}
RESULT: {"using":"xpath","value":"//input[@id=\"application-managesites-display-component---NewSite--addressDetailDetailsPartner-inner\"]"}
COMMAND: POST /session/fa0fa588b59cd70394c35387be1492a3/execute/async - {"script":"<script> [1562 bytes]","args":[{"selector":{"controlType":"sap.m.Button","viewName":"etm.portal.ui.managesites.view.NewSmartSite","viewId":"application-managesites-display-component---NewSite","properties":{"text":"Commercial"},"interaction":{"idSuffix":"BDI-content"}},"wdio_ui5_key":"etmportal.ui.managesites.view.NewSmartSitesap.m.Button{\"text\":\"Commercial\"}"}]}
RESULT: {"script":"<script> [1562 bytes]","args":[{"selector":{"controlType":"sap.m.Button","viewName":"etm.portal.ui.managesites.view.NewSmartSite","viewId":"application-managesites-display-component---NewSite","properties":{"text":"Commercial"},"interaction":{"idSuffix":"BDI-content"}},"wdio_ui5_key":"etmportal.ui.managesites.view.NewSmartSitesap.m.Button{\"text\":\"Commercial\"}"}]}
RESULT: undefined
COMMAND: POST /session/fa0fa588b59cd70394c35387be1492a3/element - {"using":"xpath","value":"//*[@id=\"application-managesites-display-component---NewSite--ObjectPageLayout-anchBar-__section31-anchor\"]"}
RESULT: {"using":"xpath","value":"//*[@id=\"application-managesites-display-component---NewSite--ObjectPageLayout-anchBar-__section31-anchor\"]"}
COMMAND: POST /session/fa0fa588b59cd70394c35387be1492a3/element/f.E45B0C2907A9CCBDD1B779A362D73609.d.023F4947639518E4F75C56A929780257.e.2333/click - {}
RESULT: {}
COMMAND: POST /session/fa0fa588b59cd70394c35387be1492a3/execute/async - {"script":"<script> [1562 bytes]","args":[{"selector":{"controlType":"sap.m.Button","viewName":"etm.portal.ui.managesites.view.NewSmartSite","viewId":"application-managesites-display-component---NewSite","i18NText":{"propertyName":"text","key":"save"},"interaction":{"idSuffix":"BDI-content"}},"wdio_ui5_key":"etmportal.ui.managesites.view.NewSmartSitesap.m.Button{\"propertyName\":\"text\",\"key\":\"save\"}"}]}
COMMAND: GET /session/fa0fa588b59cd70394c35387be1492a3/screenshot - {}
RESULT: {"script":"<script> [1562 bytes]","args":[{"selector":{"controlType":"sap.m.Button","viewName":"etm.portal.ui.managesites.view.NewSmartSite","viewId":"application-managesites-display-component---NewSite","i18NText":{"propertyName":"text","key":"save"},"interaction":{"idSuffix":"BDI-content"}},"wdio_ui5_key":"etmportal.ui.managesites.view.NewSmartSitesap.m.Button{\"propertyName\":\"text\",\"key\":\"save\"}"}]}
RESULT: undefined
COMMAND: POST /session/fa0fa588b59cd70394c35387be1492a3/element - {"using":"xpath","value":"//*[@id=\"__button64\"]"}
RESULT: {}
RESULT: {"using":"xpath","value":"//*[@id=\"__button64\"]"}
COMMAND: POST /session/fa0fa588b59cd70394c35387be1492a3/element/f.E45B0C2907A9CCBDD1B779A362D73609.d.023F4947639518E4F75C56A929780257.e.2275/click - {}
RESULT: {}
COMMAND: GET /session/fa0fa588b59cd70394c35387be1492a3/screenshot - {}
RESULT: {}
COMMAND: POST /session/fa0fa588b59cd70394c35387be1492a3/execute/async - {"script":"<script> [1562 bytes]","args":[{"selector":{"id":"application-managesites-display-component---detailSite--addressDetailDetailsYardText"},"wdio_ui5_key":"applicationmanagesites-display-component---detailSite--addressDetailDetailsYardText"}]}
RESULT: {"script":"<script> [1562 bytes]","args":[{"selector":{"id":"application-managesites-display-component---detailSite--addressDetailDetailsYardText"},"wdio_ui5_key":"applicationmanagesites-display-component---detailSite--addressDetailDetailsYardText"}]}
RESULT: undefined
COMMAND: POST /session/fa0fa588b59cd70394c35387be1492a3/element - {"using":"xpath","value":"//header/div/div[2]/div[2]/span"}
RESULT: {"using":"xpath","value":"//header/div/div[2]/div[2]/span"}
COMMAND: GET /session/fa0fa588b59cd70394c35387be1492a3/element/f.E45B0C2907A9CCBDD1B779A362D73609.d.023F4947639518E4F75C56A929780257.e.2538/text - {}
RESULT: {}
COMMAND: POST /session/fa0fa588b59cd70394c35387be1492a3/element - {"using":"xpath","value":"//header/div/div/div/div/div/div[2]/div/span"}
RESULT: {"using":"xpath","value":"//header/div/div/div/div/div/div[2]/div/span"}
COMMAND: GET /session/fa0fa588b59cd70394c35387be1492a3/element/f.E45B0C2907A9CCBDD1B779A362D73609.d.023F4947639518E4F75C56A929780257.e.2539/text - {}
RESULT: {}
COMMAND: POST /session/fa0fa588b59cd70394c35387be1492a3/element - {"using":"css selector","value":"#shell-header-logo"}
RESULT: {"using":"css selector","value":"#shell-header-logo"}
COMMAND: POST /session/fa0fa588b59cd70394c35387be1492a3/element/f.E45B0C2907A9CCBDD1B779A362D73609.d.023F4947639518E4F75C56A929780257.e.1860/click - {}
RESULT: {}
COMMAND: GET /session/fa0fa588b59cd70394c35387be1492a3/screenshot - {}
RESULT: {}
]]></system-out>
    </testcase>
    <testcase classname="chrome.136_0_7103_93.windows.Manage_Requests_Tags_Tests_US120163" name="Should Create New Request Tags" time="208.904">
      <system-out><![CDATA[
COMMAND: POST /session/fa0fa588b59cd70394c35387be1492a3/execute/async - {"script":"<script> [1562 bytes]","args":[{"selector":{"controlType":"sap.m.GenericTile","properties":{"header":"Manage Requests"}},"wdio_ui5_key":"sapm.GenericTile{\"header\":\"Manage Requests\"}"}]}
RESULT: {"script":"<script> [1562 bytes]","args":[{"selector":{"controlType":"sap.m.GenericTile","properties":{"header":"Manage Requests"}},"wdio_ui5_key":"sapm.GenericTile{\"header\":\"Manage Requests\"}"}]}
RESULT: undefined
COMMAND: POST /session/fa0fa588b59cd70394c35387be1492a3/element - {"using":"xpath","value":"//*[@id=\"__tile47\"]"}
RESULT: {"using":"xpath","value":"//*[@id=\"__tile47\"]"}
COMMAND: POST /session/fa0fa588b59cd70394c35387be1492a3/element/f.E45B0C2907A9CCBDD1B779A362D73609.d.023F4947639518E4F75C56A929780257.e.2541/click - {}
RESULT: {}
COMMAND: GET /session/fa0fa588b59cd70394c35387be1492a3/screenshot - {}
RESULT: {}
COMMAND: POST /session/fa0fa588b59cd70394c35387be1492a3/elements - {"using":"xpath","value":"//span[text()='Error']"}
RESULT: {"using":"xpath","value":"//span[text()='Error']"}
COMMAND: POST /session/fa0fa588b59cd70394c35387be1492a3/element - {"using":"xpath","value":"//button[contains(@data-kt ,\"btnCreateNewOverflowToolbarButton\")]"}
COMMAND: POST /session/fa0fa588b59cd70394c35387be1492a3/element - {"using":"xpath","value":"(//span[contains(@class ,\"sapMObjStatusText\")])[1]"}
RESULT: {"using":"xpath","value":"//button[contains(@data-kt ,\"btnCreateNewOverflowToolbarButton\")]"}
COMMAND: POST /session/fa0fa588b59cd70394c35387be1492a3/element/f.E45B0C2907A9CCBDD1B779A362D73609.d.023F4947639518E4F75C56A929780257.e.2598/click - {}
RESULT: {"using":"xpath","value":"(//span[contains(@class ,\"sapMObjStatusText\")])[1]"}
COMMAND: POST /session/fa0fa588b59cd70394c35387be1492a3/execute/sync - {"script":"<script> [8489 bytes]","args":[{"element-6066-11e4-a52e-4f735466cecf":"f.E45B0C2907A9CCBDD1B779A362D73609.d.023F4947639518E4F75C56A929780257.e.2635","ELEMENT":"f.E45B0C2907A9CCBDD1B779A362D73609.d.023F4947639518E4F75C56A929780257.e.2635"}]}
RESULT: {}
COMMAND: GET /session/fa0fa588b59cd70394c35387be1492a3/screenshot - {}
COMMAND: POST /session/fa0fa588b59cd70394c35387be1492a3/element - {"using":"xpath","value":"(//span[contains(@class ,\"sapMObjStatusText\")])[1]"}
RESULT: {}
RESULT: {"using":"xpath","value":"(//span[contains(@class ,\"sapMObjStatusText\")])[1]"}
COMMAND: POST /session/fa0fa588b59cd70394c35387be1492a3/execute/sync - {"script":"<script> [8489 bytes]","args":[{"element-6066-11e4-a52e-4f735466cecf":"f.E45B0C2907A9CCBDD1B779A362D73609.d.023F4947639518E4F75C56A929780257.e.2885","ELEMENT":"f.E45B0C2907A9CCBDD1B779A362D73609.d.023F4947639518E4F75C56A929780257.e.2885"}]}
RESULT: {"script":"<script> [8489 bytes]","args":[{"element-6066-11e4-a52e-4f735466cecf":"f.E45B0C2907A9CCBDD1B779A362D73609.d.023F4947639518E4F75C56A929780257.e.2885","ELEMENT":"f.E45B0C2907A9CCBDD1B779A362D73609.d.023F4947639518E4F75C56A929780257.e.2885"}]}
COMMAND: GET /session/fa0fa588b59cd70394c35387be1492a3/screenshot - {}
RESULT: {}
COMMAND: POST /session/fa0fa588b59cd70394c35387be1492a3/element - {"using":"xpath","value":"//input[contains(@id ,\"yardId-inner\")]"}
RESULT: {"using":"xpath","value":"//input[contains(@id ,\"yardId-inner\")]"}
COMMAND: POST /session/fa0fa588b59cd70394c35387be1492a3/execute/sync - {"script":"<script> [8489 bytes]","args":[{"element-6066-11e4-a52e-4f735466cecf":"f.E45B0C2907A9CCBDD1B779A362D73609.d.023F4947639518E4F75C56A929780257.e.2715","ELEMENT":"f.E45B0C2907A9CCBDD1B779A362D73609.d.023F4947639518E4F75C56A929780257.e.2715"}]}
RESULT: {"script":"<script> [8489 bytes]","args":[{"element-6066-11e4-a52e-4f735466cecf":"f.E45B0C2907A9CCBDD1B779A362D73609.d.023F4947639518E4F75C56A929780257.e.2715","ELEMENT":"f.E45B0C2907A9CCBDD1B779A362D73609.d.023F4947639518E4F75C56A929780257.e.2715"}]}
COMMAND: POST /session/fa0fa588b59cd70394c35387be1492a3/element - {"using":"xpath","value":"//input[contains(@id ,\"yardId-inner\")]"}
COMMAND: GET /session/fa0fa588b59cd70394c35387be1492a3/screenshot - {}
RESULT: {"using":"xpath","value":"//input[contains(@id ,\"yardId-inner\")]"}
COMMAND: GET /session/fa0fa588b59cd70394c35387be1492a3/element/f.E45B0C2907A9CCBDD1B779A362D73609.d.023F4947639518E4F75C56A929780257.e.2715/enabled - {}
RESULT: {}
RESULT: {}
COMMAND: POST /session/fa0fa588b59cd70394c35387be1492a3/element/f.E45B0C2907A9CCBDD1B779A362D73609.d.023F4947639518E4F75C56A929780257.e.2715/clear - {}
COMMAND: GET /session/fa0fa588b59cd70394c35387be1492a3/screenshot - {}
RESULT: {}
COMMAND: POST /session/fa0fa588b59cd70394c35387be1492a3/element/f.E45B0C2907A9CCBDD1B779A362D73609.d.023F4947639518E4F75C56A929780257.e.2715/value - {"text":"WebdriverYard9d4i2"}
COMMAND: GET /session/fa0fa588b59cd70394c35387be1492a3/screenshot - {}
RESULT: {}
RESULT: {"text":"WebdriverYard9d4i2"}
COMMAND: GET /session/fa0fa588b59cd70394c35387be1492a3/screenshot - {}
RESULT: {}
RESULT: {}
COMMAND: POST /session/fa0fa588b59cd70394c35387be1492a3/element - {"using":"xpath","value":"//input[contains(@id ,\"customerNumber-inner\")]"}
RESULT: {"using":"xpath","value":"//input[contains(@id ,\"customerNumber-inner\")]"}
COMMAND: POST /session/fa0fa588b59cd70394c35387be1492a3/element/f.E45B0C2907A9CCBDD1B779A362D73609.d.023F4947639518E4F75C56A929780257.e.2709/value - {"text":"WebdriverPartneruamqb"}
COMMAND: POST /session/fa0fa588b59cd70394c35387be1492a3/actions - {"actions":[{"id":"action5","type":"key","parameters":{},"actions":[{"type":"keyDown","value":""},{"type":"pause","duration":10},{"type":"keyUp","value":""}]}]}
RESULT: {"text":"WebdriverPartneruamqb"}
COMMAND: GET /session/fa0fa588b59cd70394c35387be1492a3/screenshot - {}
RESULT: {"actions":[{"id":"action5","type":"key","parameters":{},"actions":[{"type":"keyDown","value":""},{"type":"pause","duration":10},{"type":"keyUp","value":""}]}]}
COMMAND: GET /session/fa0fa588b59cd70394c35387be1492a3/screenshot - {}
RESULT: {}
RESULT: {}
COMMAND: POST /session/fa0fa588b59cd70394c35387be1492a3/element/f.E45B0C2907A9CCBDD1B779A362D73609.d.023F4947639518E4F75C56A929780257.e.2715/clear - {}
RESULT: {}
COMMAND: POST /session/fa0fa588b59cd70394c35387be1492a3/element/f.E45B0C2907A9CCBDD1B779A362D73609.d.023F4947639518E4F75C56A929780257.e.2715/clear - {}
COMMAND: GET /session/fa0fa588b59cd70394c35387be1492a3/screenshot - {}
RESULT: {}
COMMAND: POST /session/fa0fa588b59cd70394c35387be1492a3/element/f.E45B0C2907A9CCBDD1B779A362D73609.d.023F4947639518E4F75C56A929780257.e.2715/value - {"text":"WebdriverYard9d4i2"}
COMMAND: GET /session/fa0fa588b59cd70394c35387be1492a3/screenshot - {}
RESULT: {}
RESULT: {"text":"WebdriverYard9d4i2"}
COMMAND: GET /session/fa0fa588b59cd70394c35387be1492a3/screenshot - {}
RESULT: {}
RESULT: {}
COMMAND: POST /session/fa0fa588b59cd70394c35387be1492a3/actions - {"actions":[{"id":"action6","type":"key","parameters":{},"actions":[{"type":"keyDown","value":""},{"type":"pause","duration":10},{"type":"keyUp","value":""}]}]}
RESULT: {"actions":[{"id":"action6","type":"key","parameters":{},"actions":[{"type":"keyDown","value":""},{"type":"pause","duration":10},{"type":"keyUp","value":""}]}]}
COMMAND: GET /session/fa0fa588b59cd70394c35387be1492a3/screenshot - {}
RESULT: {}
COMMAND: POST /session/fa0fa588b59cd70394c35387be1492a3/actions - {"actions":[{"id":"action7","type":"key","parameters":{},"actions":[{"type":"keyDown","value":""},{"type":"pause","duration":10},{"type":"keyUp","value":""}]}]}
COMMAND: GET /session/fa0fa588b59cd70394c35387be1492a3/element/f.E45B0C2907A9CCBDD1B779A362D73609.d.023F4947639518E4F75C56A929780257.e.2709/property/value - {}
RESULT: {"actions":[{"id":"action7","type":"key","parameters":{},"actions":[{"type":"keyDown","value":""},{"type":"pause","duration":10},{"type":"keyUp","value":""}]}]}
COMMAND: GET /session/fa0fa588b59cd70394c35387be1492a3/screenshot - {}
RESULT: {}
COMMAND: POST /session/fa0fa588b59cd70394c35387be1492a3/element/f.E45B0C2907A9CCBDD1B779A362D73609.d.023F4947639518E4F75C56A929780257.e.2709/clear - {}
COMMAND: GET /session/fa0fa588b59cd70394c35387be1492a3/screenshot - {}
RESULT: {}
RESULT: {}
COMMAND: GET /session/fa0fa588b59cd70394c35387be1492a3/screenshot - {}
RESULT: {}
RESULT: {}
COMMAND: POST /session/fa0fa588b59cd70394c35387be1492a3/element/f.E45B0C2907A9CCBDD1B779A362D73609.d.023F4947639518E4F75C56A929780257.e.2709/value - {"text":"WebdriverPartneruamqb"}
RESULT: {"text":"WebdriverPartneruamqb"}
COMMAND: GET /session/fa0fa588b59cd70394c35387be1492a3/screenshot - {}
RESULT: {}
COMMAND: POST /session/fa0fa588b59cd70394c35387be1492a3/actions - {"actions":[{"id":"action8","type":"key","parameters":{},"actions":[{"type":"keyDown","value":""},{"type":"pause","duration":10},{"type":"keyUp","value":""}]}]}
RESULT: {"actions":[{"id":"action8","type":"key","parameters":{},"actions":[{"type":"keyDown","value":""},{"type":"pause","duration":10},{"type":"keyUp","value":""}]}]}
COMMAND: GET /session/fa0fa588b59cd70394c35387be1492a3/screenshot - {}
RESULT: {}
COMMAND: POST /session/fa0fa588b59cd70394c35387be1492a3/element - {"using":"xpath","value":"//input[contains(@id ,\"requestSiteId-inner\")]"}
RESULT: {"using":"xpath","value":"//input[contains(@id ,\"requestSiteId-inner\")]"}
COMMAND: POST /session/fa0fa588b59cd70394c35387be1492a3/element/f.E45B0C2907A9CCBDD1B779A362D73609.d.023F4947639518E4F75C56A929780257.e.2708/value - {"text":"WebdriverSitekhdmn"}
RESULT: {"text":"WebdriverSitekhdmn"}
COMMAND: GET /session/fa0fa588b59cd70394c35387be1492a3/screenshot - {}
RESULT: {}
COMMAND: POST /session/fa0fa588b59cd70394c35387be1492a3/actions - {"actions":[{"id":"action9","type":"key","parameters":{},"actions":[{"type":"keyDown","value":""},{"type":"pause","duration":10},{"type":"keyUp","value":""}]}]}
RESULT: {"actions":[{"id":"action9","type":"key","parameters":{},"actions":[{"type":"keyDown","value":""},{"type":"pause","duration":10},{"type":"keyUp","value":""}]}]}
COMMAND: GET /session/fa0fa588b59cd70394c35387be1492a3/screenshot - {}
RESULT: {}
COMMAND: POST /session/fa0fa588b59cd70394c35387be1492a3/execute/async - {"script":"<script> [1562 bytes]","args":[{"selector":{"controlType":"sap.m.Input","viewName":"etm.portal.ui.managerequests.view.NewRequest","bindingPath":{"path":"","propertyPath":"/DESCRIPTION","modelName":"oNewRequestModel"},"interaction":{"idSuffix":"inner"}},"wdio_ui5_key":"etmportal.ui.managerequests.view.NewRequestsap.m.Input{\"path\":\"\",\"propertyPath\":\"/DESCRIPTION\",\"modelName\":\"oNewRequestModel\"}"}]}
RESULT: {"script":"<script> [1562 bytes]","args":[{"selector":{"controlType":"sap.m.Input","viewName":"etm.portal.ui.managerequests.view.NewRequest","bindingPath":{"path":"","propertyPath":"/DESCRIPTION","modelName":"oNewRequestModel"},"interaction":{"idSuffix":"inner"}},"wdio_ui5_key":"etmportal.ui.managerequests.view.NewRequestsap.m.Input{\"path\":\"\",\"propertyPath\":\"/DESCRIPTION\",\"modelName\":\"oNewRequestModel\"}"}]}
RESULT: undefined
COMMAND: POST /session/fa0fa588b59cd70394c35387be1492a3/execute/async - {"script":"<script> [776 bytes]","args":[{"enterText":"Wdi5 Tags Test","selector":{"controlType":"sap.m.Input","viewName":"etm.portal.ui.managerequests.view.NewRequest","bindingPath":{"path":"","propertyPath":"/DESCRIPTION","modelName":"oNewRequestModel"},"interaction":{"idSuffix":"inner"}},"clearTextFirst":true,"interactionType":"ENTER_TEXT"}]}
RESULT: {"script":"<script> [776 bytes]","args":[{"enterText":"Wdi5 Tags Test","selector":{"controlType":"sap.m.Input","viewName":"etm.portal.ui.managerequests.view.NewRequest","bindingPath":{"path":"","propertyPath":"/DESCRIPTION","modelName":"oNewRequestModel"},"interaction":{"idSuffix":"inner"}},"clearTextFirst":true,"interactionType":"ENTER_TEXT"}]}
COMMAND: POST /session/fa0fa588b59cd70394c35387be1492a3/execute/async - {"script":"<script> [1562 bytes]","args":[{"selector":{"id":"tagInputAdd","viewName":"etm.portal.ui.managerequests.view.NewRequest","interaction":{"idSuffix":"inner"}},"wdio_ui5_key":"tagInputAddetmportal.ui.managerequests.view.NewRequest"}]}
RESULT: {"script":"<script> [1562 bytes]","args":[{"selector":{"id":"tagInputAdd","viewName":"etm.portal.ui.managerequests.view.NewRequest","interaction":{"idSuffix":"inner"}},"wdio_ui5_key":"tagInputAddetmportal.ui.managerequests.view.NewRequest"}]}
RESULT: undefined
COMMAND: POST /session/fa0fa588b59cd70394c35387be1492a3/execute/async - {"script":"<script> [776 bytes]","args":[{"enterText":"RefTag","selector":{"id":"tagInputAdd","viewName":"etm.portal.ui.managerequests.view.NewRequest","interaction":{"idSuffix":"inner"}},"clearTextFirst":true,"interactionType":"ENTER_TEXT"}]}
RESULT: {"script":"<script> [776 bytes]","args":[{"enterText":"RefTag","selector":{"id":"tagInputAdd","viewName":"etm.portal.ui.managerequests.view.NewRequest","interaction":{"idSuffix":"inner"}},"clearTextFirst":true,"interactionType":"ENTER_TEXT"}]}
COMMAND: POST /session/fa0fa588b59cd70394c35387be1492a3/actions - {"actions":[{"id":"action10","type":"key","parameters":{},"actions":[{"type":"keyDown","value":""},{"type":"pause","duration":10},{"type":"keyUp","value":""}]}]}
RESULT: {"actions":[{"id":"action10","type":"key","parameters":{},"actions":[{"type":"keyDown","value":""},{"type":"pause","duration":10},{"type":"keyUp","value":""}]}]}
COMMAND: GET /session/fa0fa588b59cd70394c35387be1492a3/screenshot - {}
RESULT: {}
RESULT: undefined
COMMAND: POST /session/fa0fa588b59cd70394c35387be1492a3/execute/async - {"script":"<script> [776 bytes]","args":[{"enterText":"tag-header","selector":{"id":"tagInputAdd","viewName":"etm.portal.ui.managerequests.view.NewRequest","interaction":{"idSuffix":"inner"}},"clearTextFirst":true,"interactionType":"ENTER_TEXT"}]}
RESULT: {"script":"<script> [776 bytes]","args":[{"enterText":"tag-header","selector":{"id":"tagInputAdd","viewName":"etm.portal.ui.managerequests.view.NewRequest","interaction":{"idSuffix":"inner"}},"clearTextFirst":true,"interactionType":"ENTER_TEXT"}]}
COMMAND: POST /session/fa0fa588b59cd70394c35387be1492a3/actions - {"actions":[{"id":"action11","type":"key","parameters":{},"actions":[{"type":"keyDown","value":""},{"type":"pause","duration":10},{"type":"keyUp","value":""}]}]}
RESULT: {"actions":[{"id":"action11","type":"key","parameters":{},"actions":[{"type":"keyDown","value":""},{"type":"pause","duration":10},{"type":"keyUp","value":""}]}]}
COMMAND: GET /session/fa0fa588b59cd70394c35387be1492a3/screenshot - {}
RESULT: {}
RESULT: undefined
COMMAND: POST /session/fa0fa588b59cd70394c35387be1492a3/execute/async - {"script":"<script> [776 bytes]","args":[{"enterText":"tag-duplicate","selector":{"id":"tagInputAdd","viewName":"etm.portal.ui.managerequests.view.NewRequest","interaction":{"idSuffix":"inner"}},"clearTextFirst":true,"interactionType":"ENTER_TEXT"}]}
RESULT: {"script":"<script> [776 bytes]","args":[{"enterText":"tag-duplicate","selector":{"id":"tagInputAdd","viewName":"etm.portal.ui.managerequests.view.NewRequest","interaction":{"idSuffix":"inner"}},"clearTextFirst":true,"interactionType":"ENTER_TEXT"}]}
COMMAND: POST /session/fa0fa588b59cd70394c35387be1492a3/actions - {"actions":[{"id":"action12","type":"key","parameters":{},"actions":[{"type":"keyDown","value":""},{"type":"pause","duration":10},{"type":"keyUp","value":""}]}]}
RESULT: {"actions":[{"id":"action12","type":"key","parameters":{},"actions":[{"type":"keyDown","value":""},{"type":"pause","duration":10},{"type":"keyUp","value":""}]}]}
COMMAND: GET /session/fa0fa588b59cd70394c35387be1492a3/screenshot - {}
RESULT: {}
COMMAND: POST /session/fa0fa588b59cd70394c35387be1492a3/execute/async - {"script":"<script> [1562 bytes]","args":[{"selector":{"id":"tagsLayoutAdd","viewName":"etm.portal.ui.managerequests.view.NewRequest"},"wdio_ui5_key":"tagsLayoutAddetmportal.ui.managerequests.view.NewRequest"}]}
RESULT: {"script":"<script> [1562 bytes]","args":[{"selector":{"id":"tagsLayoutAdd","viewName":"etm.portal.ui.managerequests.view.NewRequest"},"wdio_ui5_key":"tagsLayoutAddetmportal.ui.managerequests.view.NewRequest"}]}
RESULT: undefined
COMMAND: POST /session/fa0fa588b59cd70394c35387be1492a3/execute/async - {"script":"<script> [6424 bytes]","args":[{"element-6066-11e4-a52e-4f735466cecf":"f.E45B0C2907A9CCBDD1B779A362D73609.d.023F4947639518E4F75C56A929780257.e.2861"},"getTokens",[]]}
RESULT: {"script":"<script> [6424 bytes]","args":[{"element-6066-11e4-a52e-4f735466cecf":"f.E45B0C2907A9CCBDD1B779A362D73609.d.023F4947639518E4F75C56A929780257.e.2861"},"getTokens",[]]}
COMMAND: POST /session/fa0fa588b59cd70394c35387be1492a3/execute/async - {"script":"<script> [1562 bytes]","args":[{"wdio_ui5_key":"__token9","selector":{"id":"__token9"}}]}
COMMAND: POST /session/fa0fa588b59cd70394c35387be1492a3/execute/async - {"script":"<script> [1562 bytes]","args":[{"wdio_ui5_key":"__token10","selector":{"id":"__token10"}}]}
COMMAND: POST /session/fa0fa588b59cd70394c35387be1492a3/execute/async - {"script":"<script> [1562 bytes]","args":[{"wdio_ui5_key":"__token8","selector":{"id":"__token8"}}]}
RESULT: {"script":"<script> [1562 bytes]","args":[{"wdio_ui5_key":"__token9","selector":{"id":"__token9"}}]}
RESULT: undefined
RESULT: {"script":"<script> [1562 bytes]","args":[{"wdio_ui5_key":"__token10","selector":{"id":"__token10"}}]}
RESULT: undefined
RESULT: {"script":"<script> [1562 bytes]","args":[{"wdio_ui5_key":"__token8","selector":{"id":"__token8"}}]}
RESULT: undefined
COMMAND: POST /session/fa0fa588b59cd70394c35387be1492a3/execute/async - {"script":"<script> [1562 bytes]","args":[{"selector":{"controlType":"sap.ui.core.Icon","viewName":"etm.portal.ui.managerequests.view.NewRequest","properties":{"src":{"regex":{"source":"decline"}}},"ancestor":{"controlType":"sap.m.Token","viewName":"etm.portal.ui.managerequests.view.NewRequest","properties":{"text":"tag-duplicate"}}},"wdio_ui5_key":"etmportal.ui.managerequests.view.NewRequestsap.ui.core.Icon{\"src\":{\"regex\":{\"source\":\"decline\"}}}{\"controlType\":\"sap.m.Token\",\"viewName\":\"etm.portal.ui.managerequests.view.NewRequest\",\"properties\":{\"text\":\"tag-duplicate\"}}"}]}
RESULT: {"script":"<script> [1562 bytes]","args":[{"selector":{"controlType":"sap.ui.core.Icon","viewName":"etm.portal.ui.managerequests.view.NewRequest","properties":{"src":{"regex":{"source":"decline"}}},"ancestor":{"controlType":"sap.m.Token","viewName":"etm.portal.ui.managerequests.view.NewRequest","properties":{"text":"tag-duplicate"}}},"wdio_ui5_key":"etmportal.ui.managerequests.view.NewRequestsap.ui.core.Icon{\"src\":{\"regex\":{\"source\":\"decline\"}}}{\"controlType\":\"sap.m.Token\",\"viewName\":\"etm.portal.ui.managerequests.view.NewRequest\",\"properties\":{\"text\":\"tag-duplicate\"}}"}]}
RESULT: undefined
COMMAND: POST /session/fa0fa588b59cd70394c35387be1492a3/element - {"using":"xpath","value":"//*[@id=\"__token10-icon\"]"}
RESULT: {"using":"xpath","value":"//*[@id=\"__token10-icon\"]"}
COMMAND: POST /session/fa0fa588b59cd70394c35387be1492a3/element/f.E45B0C2907A9CCBDD1B779A362D73609.d.023F4947639518E4F75C56A929780257.e.2899/click - {}
RESULT: {}
COMMAND: POST /session/fa0fa588b59cd70394c35387be1492a3/execute/async - {"script":"<script> [1562 bytes]","args":[{"selector":{"controlType":"sap.ui.core.Icon","viewName":"etm.portal.ui.managerequests.view.NewRequest","properties":{"src":{"regex":{"source":"decline"}}},"ancestor":{"controlType":"sap.m.Token","viewName":"etm.portal.ui.managerequests.view.NewRequest","properties":{"text":"tag1"}}},"wdio_ui5_key":"etmportal.ui.managerequests.view.NewRequestsap.ui.core.Icon{\"src\":{\"regex\":{\"source\":\"decline\"}}}{\"controlType\":\"sap.m.Token\",\"viewName\":\"etm.portal.ui.managerequests.view.NewRequest\",\"properties\":{\"text\":\"tag1\"}}"}]}
COMMAND: GET /session/fa0fa588b59cd70394c35387be1492a3/screenshot - {}
RESULT: {"script":"<script> [1562 bytes]","args":[{"selector":{"controlType":"sap.ui.core.Icon","viewName":"etm.portal.ui.managerequests.view.NewRequest","properties":{"src":{"regex":{"source":"decline"}}},"ancestor":{"controlType":"sap.m.Token","viewName":"etm.portal.ui.managerequests.view.NewRequest","properties":{"text":"tag1"}}},"wdio_ui5_key":"etmportal.ui.managerequests.view.NewRequestsap.ui.core.Icon{\"src\":{\"regex\":{\"source\":\"decline\"}}}{\"controlType\":\"sap.m.Token\",\"viewName\":\"etm.portal.ui.managerequests.view.NewRequest\",\"properties\":{\"text\":\"tag1\"}}"}]}
RESULT: undefined
RESULT: {}
COMMAND: POST /session/fa0fa588b59cd70394c35387be1492a3/actions - {"actions":[{"id":"action13","type":"key","parameters":{},"actions":[{"type":"keyDown","value":""},{"type":"pause","duration":10},{"type":"keyUp","value":""}]}]}
RESULT: {"actions":[{"id":"action13","type":"key","parameters":{},"actions":[{"type":"keyDown","value":""},{"type":"pause","duration":10},{"type":"keyUp","value":""}]}]}
COMMAND: GET /session/fa0fa588b59cd70394c35387be1492a3/screenshot - {}
RESULT: {}
RESULT: undefined
COMMAND: POST /session/fa0fa588b59cd70394c35387be1492a3/execute/async - {"script":"<script> [6424 bytes]","args":[{"element-6066-11e4-a52e-4f735466cecf":"f.E45B0C2907A9CCBDD1B779A362D73609.d.023F4947639518E4F75C56A929780257.e.2861"},"getTokens",[]]}
RESULT: {"script":"<script> [6424 bytes]","args":[{"element-6066-11e4-a52e-4f735466cecf":"f.E45B0C2907A9CCBDD1B779A362D73609.d.023F4947639518E4F75C56A929780257.e.2861"},"getTokens",[]]}
RESULT: undefined
RESULT: undefined
COMMAND: POST /session/fa0fa588b59cd70394c35387be1492a3/execute/async - {"script":"<script> [1562 bytes]","args":[{"selector":{"controlType":"sap.m.Button","viewName":"etm.portal.ui.managerequests.view.NewRequest","properties":{"text":"Items"},"interaction":{"idSuffix":"BDI-content"}},"wdio_ui5_key":"etmportal.ui.managerequests.view.NewRequestsap.m.Button{\"text\":\"Items\"}"}]}
RESULT: {"script":"<script> [1562 bytes]","args":[{"selector":{"controlType":"sap.m.Button","viewName":"etm.portal.ui.managerequests.view.NewRequest","properties":{"text":"Items"},"interaction":{"idSuffix":"BDI-content"}},"wdio_ui5_key":"etmportal.ui.managerequests.view.NewRequestsap.m.Button{\"text\":\"Items\"}"}]}
RESULT: undefined
COMMAND: POST /session/fa0fa588b59cd70394c35387be1492a3/element - {"using":"xpath","value":"//*[@id=\"__xmlview59--newRequestPage-anchBar-__xmlview59--requestItemsSection-anchor\"]"}
RESULT: {"using":"xpath","value":"//*[@id=\"__xmlview59--newRequestPage-anchBar-__xmlview59--requestItemsSection-anchor\"]"}
COMMAND: POST /session/fa0fa588b59cd70394c35387be1492a3/element/f.E45B0C2907A9CCBDD1B779A362D73609.d.023F4947639518E4F75C56A929780257.e.2907/click - {}
RESULT: {}
COMMAND: GET /session/fa0fa588b59cd70394c35387be1492a3/screenshot - {}
RESULT: {}
COMMAND: POST /session/fa0fa588b59cd70394c35387be1492a3/execute/async - {"script":"<script> [1562 bytes]","args":[{"selector":{"controlType":"sap.ui.core.Icon","viewName":"etm.portal.ui.managerequests.view.NewRequest","properties":{"src":{"regex":{"source":"inspect"}}}},"wdio_ui5_key":"etmportal.ui.managerequests.view.NewRequestsap.ui.core.Icon{\"src\":{\"regex\":{\"source\":\"inspect\"}}}"}]}
RESULT: {"script":"<script> [1562 bytes]","args":[{"selector":{"controlType":"sap.ui.core.Icon","viewName":"etm.portal.ui.managerequests.view.NewRequest","properties":{"src":{"regex":{"source":"inspect"}}}},"wdio_ui5_key":"etmportal.ui.managerequests.view.NewRequestsap.ui.core.Icon{\"src\":{\"regex\":{\"source\":\"inspect\"}}}"}]}
RESULT: undefined
COMMAND: POST /session/fa0fa588b59cd70394c35387be1492a3/element - {"using":"xpath","value":"//*[@id=\"__button114-img\"]"}
RESULT: {"using":"xpath","value":"//*[@id=\"__button114-img\"]"}
COMMAND: POST /session/fa0fa588b59cd70394c35387be1492a3/element/f.E45B0C2907A9CCBDD1B779A362D73609.d.023F4947639518E4F75C56A929780257.e.2912/click - {}
RESULT: {}
COMMAND: GET /session/fa0fa588b59cd70394c35387be1492a3/screenshot - {}
RESULT: {}
COMMAND: POST /session/fa0fa588b59cd70394c35387be1492a3/execute/async - {"script":"<script> [1562 bytes]","args":[{"selector":{"controlType":"sap.ui.core.Icon","viewName":"etm.portal.ui.managerequests.view.NewRequest","properties":{"src":{"regex":{"source":"add"}}}},"wdio_ui5_key":"etmportal.ui.managerequests.view.NewRequestsap.ui.core.Icon{\"src\":{\"regex\":{\"source\":\"add\"}}}"}]}
RESULT: {"script":"<script> [1562 bytes]","args":[{"selector":{"controlType":"sap.ui.core.Icon","viewName":"etm.portal.ui.managerequests.view.NewRequest","properties":{"src":{"regex":{"source":"add"}}}},"wdio_ui5_key":"etmportal.ui.managerequests.view.NewRequestsap.ui.core.Icon{\"src\":{\"regex\":{\"source\":\"add\"}}}"}]}
RESULT: undefined
COMMAND: POST /session/fa0fa588b59cd70394c35387be1492a3/element - {"using":"xpath","value":"//*[@id=\"__xmlview59--btnAddTableRow-img\"]"}
RESULT: {"using":"xpath","value":"//*[@id=\"__xmlview59--btnAddTableRow-img\"]"}
COMMAND: POST /session/fa0fa588b59cd70394c35387be1492a3/element/f.E45B0C2907A9CCBDD1B779A362D73609.d.023F4947639518E4F75C56A929780257.e.2920/click - {}
RESULT: {}
COMMAND: GET /session/fa0fa588b59cd70394c35387be1492a3/screenshot - {}
RESULT: {}
COMMAND: POST /session/fa0fa588b59cd70394c35387be1492a3/execute/async - {"script":"<script> [1562 bytes]","args":[{"selector":{"controlType":"sap.ui.unified.MenuItem","viewName":"etm.portal.ui.managerequests.view.NewRequest","i18NText":{"propertyName":"text","key":"standardEntry"},"searchOpenDialogs":true,"interaction":{"idSuffix":"txt"}},"wdio_ui5_key":"etmportal.ui.managerequests.view.NewRequestsap.ui.unified.MenuItem{\"propertyName\":\"text\",\"key\":\"standardEntry\"}"}]}
RESULT: {"script":"<script> [1562 bytes]","args":[{"selector":{"controlType":"sap.ui.unified.MenuItem","viewName":"etm.portal.ui.managerequests.view.NewRequest","i18NText":{"propertyName":"text","key":"standardEntry"},"searchOpenDialogs":true,"interaction":{"idSuffix":"txt"}},"wdio_ui5_key":"etmportal.ui.managerequests.view.NewRequestsap.ui.unified.MenuItem{\"propertyName\":\"text\",\"key\":\"standardEntry\"}"}]}
RESULT: undefined
COMMAND: POST /session/fa0fa588b59cd70394c35387be1492a3/element - {"using":"xpath","value":"//*[@id=\"__item1382\"]"}
RESULT: {"using":"xpath","value":"//*[@id=\"__item1382\"]"}
COMMAND: POST /session/fa0fa588b59cd70394c35387be1492a3/element/f.E45B0C2907A9CCBDD1B779A362D73609.d.023F4947639518E4F75C56A929780257.e.2923/click - {}
RESULT: {}
COMMAND: GET /session/fa0fa588b59cd70394c35387be1492a3/screenshot - {}
RESULT: {}
RESULT: undefined
COMMAND: POST /session/fa0fa588b59cd70394c35387be1492a3/element - {"using":"xpath","value":"//*[@id=\"__xmlview59--btnAddTableRow-img\"]"}
RESULT: {"using":"xpath","value":"//*[@id=\"__xmlview59--btnAddTableRow-img\"]"}
COMMAND: POST /session/fa0fa588b59cd70394c35387be1492a3/element/f.E45B0C2907A9CCBDD1B779A362D73609.d.023F4947639518E4F75C56A929780257.e.2920/click - {}
RESULT: {}
COMMAND: GET /session/fa0fa588b59cd70394c35387be1492a3/screenshot - {}
RESULT: {}
RESULT: undefined
COMMAND: POST /session/fa0fa588b59cd70394c35387be1492a3/element - {"using":"xpath","value":"//*[@id=\"__item1382\"]"}
RESULT: {"using":"xpath","value":"//*[@id=\"__item1382\"]"}
COMMAND: POST /session/fa0fa588b59cd70394c35387be1492a3/element/f.E45B0C2907A9CCBDD1B779A362D73609.d.023F4947639518E4F75C56A929780257.e.2944/click - {}
RESULT: {}
COMMAND: GET /session/fa0fa588b59cd70394c35387be1492a3/screenshot - {}
RESULT: {}
COMMAND: POST /session/fa0fa588b59cd70394c35387be1492a3/element - {"using":"xpath","value":"(//input[contains(@id ,\"requestItemsTable-0-inner\")])[5]"}
RESULT: {"using":"xpath","value":"(//input[contains(@id ,\"requestItemsTable-0-inner\")])[5]"}
COMMAND: POST /session/fa0fa588b59cd70394c35387be1492a3/element/f.E45B0C2907A9CCBDD1B779A362D73609.d.023F4947639518E4F75C56A929780257.e.2935/clear - {}
RESULT: {}
COMMAND: POST /session/fa0fa588b59cd70394c35387be1492a3/element/f.E45B0C2907A9CCBDD1B779A362D73609.d.023F4947639518E4F75C56A929780257.e.2935/value - {"text":"1000001"}
COMMAND: GET /session/fa0fa588b59cd70394c35387be1492a3/screenshot - {}
RESULT: {"text":"1000001"}
COMMAND: GET /session/fa0fa588b59cd70394c35387be1492a3/screenshot - {}
RESULT: {}
RESULT: {}
COMMAND: POST /session/fa0fa588b59cd70394c35387be1492a3/actions - {"actions":[{"id":"action14","type":"key","parameters":{},"actions":[{"type":"keyDown","value":""},{"type":"pause","duration":10},{"type":"keyUp","value":""}]}]}
RESULT: {"actions":[{"id":"action14","type":"key","parameters":{},"actions":[{"type":"keyDown","value":""},{"type":"pause","duration":10},{"type":"keyUp","value":""}]}]}
COMMAND: POST /session/fa0fa588b59cd70394c35387be1492a3/element - {"using":"xpath","value":"(//input[contains(@id ,\"requestItemsTable-1-inner\")])[5]"}
COMMAND: GET /session/fa0fa588b59cd70394c35387be1492a3/screenshot - {}
RESULT: {"using":"xpath","value":"(//input[contains(@id ,\"requestItemsTable-1-inner\")])[5]"}
COMMAND: POST /session/fa0fa588b59cd70394c35387be1492a3/element/f.E45B0C2907A9CCBDD1B779A362D73609.d.023F4947639518E4F75C56A929780257.e.2950/clear - {}
RESULT: {}
RESULT: {}
COMMAND: POST /session/fa0fa588b59cd70394c35387be1492a3/element/f.E45B0C2907A9CCBDD1B779A362D73609.d.023F4947639518E4F75C56A929780257.e.2950/value - {"text":"1000002"}
COMMAND: GET /session/fa0fa588b59cd70394c35387be1492a3/screenshot - {}
RESULT: {"text":"1000002"}
COMMAND: GET /session/fa0fa588b59cd70394c35387be1492a3/screenshot - {}
RESULT: {}
RESULT: {}
COMMAND: POST /session/fa0fa588b59cd70394c35387be1492a3/actions - {"actions":[{"id":"action15","type":"key","parameters":{},"actions":[{"type":"keyDown","value":""},{"type":"pause","duration":10},{"type":"keyUp","value":""}]}]}
RESULT: {"actions":[{"id":"action15","type":"key","parameters":{},"actions":[{"type":"keyDown","value":""},{"type":"pause","duration":10},{"type":"keyUp","value":""}]}]}
COMMAND: POST /session/fa0fa588b59cd70394c35387be1492a3/execute/async - {"script":"<script> [1562 bytes]","args":[{"selector":{"controlType":"sap.m.Input","viewName":"etm.portal.ui.managerequests.view.NewRequest","bindingPath":{"path":"","propertyPath":"/Tags","modelName":"catalogModel"},"ancestor":{"controlType":"sap.m.ColumnListItem","viewName":"etm.portal.ui.managerequests.view.NewRequest","bindingPath":{"modelName":"newRequestItems","path":"/RequestItems/0"},"ancestor":{"id":"requestItemsTable","viewName":"etm.portal.ui.managerequests.view.NewRequest"}},"interaction":{"idSuffix":"inner"}},"wdio_ui5_key":"etmportal.ui.managerequests.view.NewRequestsap.m.Input{\"path\":\"\",\"propertyPath\":\"/Tags\",\"modelName\":\"catalogModel\"}{\"controlType\":\"sap.m.ColumnListItem\",\"viewName\":\"etm.portal.ui.managerequests.view.NewRequest\",\"bindingPath\":{\"modelName\":\"newRequestItems\",\"path\":\"/RequestItems/0\"},\"ancestor\":{\"id\":\"requestItemsTable\",\"viewName\":\"etm.portal.ui.managerequests.view.NewRequest\"}}"}]}
COMMAND: GET /session/fa0fa588b59cd70394c35387be1492a3/screenshot - {}
RESULT: {"script":"<script> [1562 bytes]","args":[{"selector":{"controlType":"sap.m.Input","viewName":"etm.portal.ui.managerequests.view.NewRequest","bindingPath":{"path":"","propertyPath":"/Tags","modelName":"catalogModel"},"ancestor":{"controlType":"sap.m.ColumnListItem","viewName":"etm.portal.ui.managerequests.view.NewRequest","bindingPath":{"modelName":"newRequestItems","path":"/RequestItems/0"},"ancestor":{"id":"requestItemsTable","viewName":"etm.portal.ui.managerequests.view.NewRequest"}},"interaction":{"idSuffix":"inner"}},"wdio_ui5_key":"etmportal.ui.managerequests.view.NewRequestsap.m.Input{\"path\":\"\",\"propertyPath\":\"/Tags\",\"modelName\":\"catalogModel\"}{\"controlType\":\"sap.m.ColumnListItem\",\"viewName\":\"etm.portal.ui.managerequests.view.NewRequest\",\"bindingPath\":{\"modelName\":\"newRequestItems\",\"path\":\"/RequestItems/0\"},\"ancestor\":{\"id\":\"requestItemsTable\",\"viewName\":\"etm.portal.ui.managerequests.view.NewRequest\"}}"}]}
RESULT: undefined
COMMAND: POST /session/fa0fa588b59cd70394c35387be1492a3/execute/async - {"script":"<script> [776 bytes]","args":[{"enterText":"tag1","selector":{"controlType":"sap.m.Input","viewName":"etm.portal.ui.managerequests.view.NewRequest","bindingPath":{"path":"","propertyPath":"/Tags","modelName":"catalogModel"},"ancestor":{"controlType":"sap.m.ColumnListItem","viewName":"etm.portal.ui.managerequests.view.NewRequest","bindingPath":{"modelName":"newRequestItems","path":"/RequestItems/0"},"ancestor":{"id":"requestItemsTable","viewName":"etm.portal.ui.managerequests.view.NewRequest"}},"interaction":{"idSuffix":"inner"}},"clearTextFirst":true,"interactionType":"ENTER_TEXT"}]}
RESULT: {}
RESULT: {"script":"<script> [776 bytes]","args":[{"enterText":"tag1","selector":{"controlType":"sap.m.Input","viewName":"etm.portal.ui.managerequests.view.NewRequest","bindingPath":{"path":"","propertyPath":"/Tags","modelName":"catalogModel"},"ancestor":{"controlType":"sap.m.ColumnListItem","viewName":"etm.portal.ui.managerequests.view.NewRequest","bindingPath":{"modelName":"newRequestItems","path":"/RequestItems/0"},"ancestor":{"id":"requestItemsTable","viewName":"etm.portal.ui.managerequests.view.NewRequest"}},"interaction":{"idSuffix":"inner"}},"clearTextFirst":true,"interactionType":"ENTER_TEXT"}]}
COMMAND: POST /session/fa0fa588b59cd70394c35387be1492a3/actions - {"actions":[{"id":"action16","type":"key","parameters":{},"actions":[{"type":"keyDown","value":""},{"type":"pause","duration":10},{"type":"keyUp","value":""}]}]}
RESULT: {"actions":[{"id":"action16","type":"key","parameters":{},"actions":[{"type":"keyDown","value":""},{"type":"pause","duration":10},{"type":"keyUp","value":""}]}]}
RESULT: undefined
COMMAND: POST /session/fa0fa588b59cd70394c35387be1492a3/execute/async - {"script":"<script> [776 bytes]","args":[{"enterText":"tag-duplicate","selector":{"controlType":"sap.m.Input","viewName":"etm.portal.ui.managerequests.view.NewRequest","bindingPath":{"path":"","propertyPath":"/Tags","modelName":"catalogModel"},"ancestor":{"controlType":"sap.m.ColumnListItem","viewName":"etm.portal.ui.managerequests.view.NewRequest","bindingPath":{"modelName":"newRequestItems","path":"/RequestItems/0"},"ancestor":{"id":"requestItemsTable","viewName":"etm.portal.ui.managerequests.view.NewRequest"}},"interaction":{"idSuffix":"inner"}},"clearTextFirst":true,"interactionType":"ENTER_TEXT"}]}
COMMAND: GET /session/fa0fa588b59cd70394c35387be1492a3/screenshot - {}
RESULT: {"script":"<script> [776 bytes]","args":[{"enterText":"tag-duplicate","selector":{"controlType":"sap.m.Input","viewName":"etm.portal.ui.managerequests.view.NewRequest","bindingPath":{"path":"","propertyPath":"/Tags","modelName":"catalogModel"},"ancestor":{"controlType":"sap.m.ColumnListItem","viewName":"etm.portal.ui.managerequests.view.NewRequest","bindingPath":{"modelName":"newRequestItems","path":"/RequestItems/0"},"ancestor":{"id":"requestItemsTable","viewName":"etm.portal.ui.managerequests.view.NewRequest"}},"interaction":{"idSuffix":"inner"}},"clearTextFirst":true,"interactionType":"ENTER_TEXT"}]}
RESULT: {}
COMMAND: POST /session/fa0fa588b59cd70394c35387be1492a3/actions - {"actions":[{"id":"action17","type":"key","parameters":{},"actions":[{"type":"keyDown","value":""},{"type":"pause","duration":10},{"type":"keyUp","value":""}]}]}
RESULT: {"actions":[{"id":"action17","type":"key","parameters":{},"actions":[{"type":"keyDown","value":""},{"type":"pause","duration":10},{"type":"keyUp","value":""}]}]}
COMMAND: GET /session/fa0fa588b59cd70394c35387be1492a3/screenshot - {}
RESULT: {}
COMMAND: POST /session/fa0fa588b59cd70394c35387be1492a3/execute/async - {"script":"<script> [1562 bytes]","args":[{"selector":{"controlType":"sap.m.Input","viewName":"etm.portal.ui.managerequests.view.NewRequest","bindingPath":{"path":"","propertyPath":"/Tags","modelName":"catalogModel"},"ancestor":{"controlType":"sap.m.ColumnListItem","viewName":"etm.portal.ui.managerequests.view.NewRequest","bindingPath":{"modelName":"newRequestItems","path":"/RequestItems/1"},"ancestor":{"id":"requestItemsTable","viewName":"etm.portal.ui.managerequests.view.NewRequest"}},"interaction":{"idSuffix":"inner"}},"wdio_ui5_key":"etmportal.ui.managerequests.view.NewRequestsap.m.Input{\"path\":\"\",\"propertyPath\":\"/Tags\",\"modelName\":\"catalogModel\"}{\"controlType\":\"sap.m.ColumnListItem\",\"viewName\":\"etm.portal.ui.managerequests.view.NewRequest\",\"bindingPath\":{\"modelName\":\"newRequestItems\",\"path\":\"/RequestItems/1\"},\"ancestor\":{\"id\":\"requestItemsTable\",\"viewName\":\"etm.portal.ui.managerequests.view.NewRequest\"}}"}]}
RESULT: {"script":"<script> [1562 bytes]","args":[{"selector":{"controlType":"sap.m.Input","viewName":"etm.portal.ui.managerequests.view.NewRequest","bindingPath":{"path":"","propertyPath":"/Tags","modelName":"catalogModel"},"ancestor":{"controlType":"sap.m.ColumnListItem","viewName":"etm.portal.ui.managerequests.view.NewRequest","bindingPath":{"modelName":"newRequestItems","path":"/RequestItems/1"},"ancestor":{"id":"requestItemsTable","viewName":"etm.portal.ui.managerequests.view.NewRequest"}},"interaction":{"idSuffix":"inner"}},"wdio_ui5_key":"etmportal.ui.managerequests.view.NewRequestsap.m.Input{\"path\":\"\",\"propertyPath\":\"/Tags\",\"modelName\":\"catalogModel\"}{\"controlType\":\"sap.m.ColumnListItem\",\"viewName\":\"etm.portal.ui.managerequests.view.NewRequest\",\"bindingPath\":{\"modelName\":\"newRequestItems\",\"path\":\"/RequestItems/1\"},\"ancestor\":{\"id\":\"requestItemsTable\",\"viewName\":\"etm.portal.ui.managerequests.view.NewRequest\"}}"}]}
RESULT: undefined
COMMAND: POST /session/fa0fa588b59cd70394c35387be1492a3/execute/async - {"script":"<script> [776 bytes]","args":[{"enterText":"tag1","selector":{"controlType":"sap.m.Input","viewName":"etm.portal.ui.managerequests.view.NewRequest","bindingPath":{"path":"","propertyPath":"/Tags","modelName":"catalogModel"},"ancestor":{"controlType":"sap.m.ColumnListItem","viewName":"etm.portal.ui.managerequests.view.NewRequest","bindingPath":{"modelName":"newRequestItems","path":"/RequestItems/1"},"ancestor":{"id":"requestItemsTable","viewName":"etm.portal.ui.managerequests.view.NewRequest"}},"interaction":{"idSuffix":"inner"}},"clearTextFirst":true,"interactionType":"ENTER_TEXT"}]}
RESULT: {"script":"<script> [776 bytes]","args":[{"enterText":"tag1","selector":{"controlType":"sap.m.Input","viewName":"etm.portal.ui.managerequests.view.NewRequest","bindingPath":{"path":"","propertyPath":"/Tags","modelName":"catalogModel"},"ancestor":{"controlType":"sap.m.ColumnListItem","viewName":"etm.portal.ui.managerequests.view.NewRequest","bindingPath":{"modelName":"newRequestItems","path":"/RequestItems/1"},"ancestor":{"id":"requestItemsTable","viewName":"etm.portal.ui.managerequests.view.NewRequest"}},"interaction":{"idSuffix":"inner"}},"clearTextFirst":true,"interactionType":"ENTER_TEXT"}]}
COMMAND: POST /session/fa0fa588b59cd70394c35387be1492a3/actions - {"actions":[{"id":"action18","type":"key","parameters":{},"actions":[{"type":"keyDown","value":""},{"type":"pause","duration":10},{"type":"keyUp","value":""}]}]}
RESULT: {"actions":[{"id":"action18","type":"key","parameters":{},"actions":[{"type":"keyDown","value":""},{"type":"pause","duration":10},{"type":"keyUp","value":""}]}]}
RESULT: undefined
COMMAND: POST /session/fa0fa588b59cd70394c35387be1492a3/execute/async - {"script":"<script> [776 bytes]","args":[{"enterText":"tag-duplicate","selector":{"controlType":"sap.m.Input","viewName":"etm.portal.ui.managerequests.view.NewRequest","bindingPath":{"path":"","propertyPath":"/Tags","modelName":"catalogModel"},"ancestor":{"controlType":"sap.m.ColumnListItem","viewName":"etm.portal.ui.managerequests.view.NewRequest","bindingPath":{"modelName":"newRequestItems","path":"/RequestItems/1"},"ancestor":{"id":"requestItemsTable","viewName":"etm.portal.ui.managerequests.view.NewRequest"}},"interaction":{"idSuffix":"inner"}},"clearTextFirst":true,"interactionType":"ENTER_TEXT"}]}
COMMAND: GET /session/fa0fa588b59cd70394c35387be1492a3/screenshot - {}
RESULT: {"script":"<script> [776 bytes]","args":[{"enterText":"tag-duplicate","selector":{"controlType":"sap.m.Input","viewName":"etm.portal.ui.managerequests.view.NewRequest","bindingPath":{"path":"","propertyPath":"/Tags","modelName":"catalogModel"},"ancestor":{"controlType":"sap.m.ColumnListItem","viewName":"etm.portal.ui.managerequests.view.NewRequest","bindingPath":{"modelName":"newRequestItems","path":"/RequestItems/1"},"ancestor":{"id":"requestItemsTable","viewName":"etm.portal.ui.managerequests.view.NewRequest"}},"interaction":{"idSuffix":"inner"}},"clearTextFirst":true,"interactionType":"ENTER_TEXT"}]}
RESULT: {}
COMMAND: POST /session/fa0fa588b59cd70394c35387be1492a3/actions - {"actions":[{"id":"action19","type":"key","parameters":{},"actions":[{"type":"keyDown","value":""},{"type":"pause","duration":10},{"type":"keyUp","value":""}]}]}
RESULT: {"actions":[{"id":"action19","type":"key","parameters":{},"actions":[{"type":"keyDown","value":""},{"type":"pause","duration":10},{"type":"keyUp","value":""}]}]}
COMMAND: GET /session/fa0fa588b59cd70394c35387be1492a3/screenshot - {}
RESULT: {}
COMMAND: POST /session/fa0fa588b59cd70394c35387be1492a3/execute/async - {"script":"<script> [1562 bytes]","args":[{"selector":{"controlType":"sap.ui.core.Icon","viewName":"etm.portal.ui.managerequests.view.NewRequest","properties":{"src":{"regex":{"source":"slim\\-arrow\\-down"}}},"ancestor":{"controlType":"sap.m.Button","viewName":"etm.portal.ui.managerequests.view.NewRequest","properties":{"icon":"sap-icon://slim-arrow-down"}}},"wdio_ui5_key":"etmportal.ui.managerequests.view.NewRequestsap.ui.core.Icon{\"src\":{\"regex\":{\"source\":\"slim\\\\-arrow\\\\-down\"}}}{\"controlType\":\"sap.m.Button\",\"viewName\":\"etm.portal.ui.managerequests.view.NewRequest\",\"properties\":{\"icon\":\"sap-icon://slim-arrow-down\"}}"}]}
RESULT: {"script":"<script> [1562 bytes]","args":[{"selector":{"controlType":"sap.ui.core.Icon","viewName":"etm.portal.ui.managerequests.view.NewRequest","properties":{"src":{"regex":{"source":"slim\\-arrow\\-down"}}},"ancestor":{"controlType":"sap.m.Button","viewName":"etm.portal.ui.managerequests.view.NewRequest","properties":{"icon":"sap-icon://slim-arrow-down"}}},"wdio_ui5_key":"etmportal.ui.managerequests.view.NewRequestsap.ui.core.Icon{\"src\":{\"regex\":{\"source\":\"slim\\\\-arrow\\\\-down\"}}}{\"controlType\":\"sap.m.Button\",\"viewName\":\"etm.portal.ui.managerequests.view.NewRequest\",\"properties\":{\"icon\":\"sap-icon://slim-arrow-down\"}}"}]}
RESULT: undefined
COMMAND: POST /session/fa0fa588b59cd70394c35387be1492a3/element - {"using":"xpath","value":"//*[@id=\"__title25-expandBtn-img\"]"}
RESULT: {"using":"xpath","value":"//*[@id=\"__title25-expandBtn-img\"]"}
COMMAND: POST /session/fa0fa588b59cd70394c35387be1492a3/element/f.E45B0C2907A9CCBDD1B779A362D73609.d.023F4947639518E4F75C56A929780257.e.2996/click - {}
RESULT: {}
COMMAND: GET /session/fa0fa588b59cd70394c35387be1492a3/screenshot - {}
RESULT: {}
COMMAND: POST /session/fa0fa588b59cd70394c35387be1492a3/element - {"using":"xpath","value":"//div[contains(@data-kt ,\"splitAllocationObjectStatus\")]"}
RESULT: {"using":"xpath","value":"//div[contains(@data-kt ,\"splitAllocationObjectStatus\")]"}
COMMAND: POST /session/fa0fa588b59cd70394c35387be1492a3/elements - {"using":"xpath","value":"//div[contains(@data-kt ,\"splitAllocationObjectStatus\")]"}
RESULT: {"using":"xpath","value":"//div[contains(@data-kt ,\"splitAllocationObjectStatus\")]"}
COMMAND: POST /session/fa0fa588b59cd70394c35387be1492a3/execute/async - {"script":"<script> [1562 bytes]","args":[{"selector":{"controlType":"sap.ui.core.Icon","viewName":"etm.portal.ui.managerequests.view.NewRequest","properties":{"src":{"regex":{"source":"message\\-error"}}},"ancestor":{"controlType":"sap.m.ColumnListItem","viewName":"etm.portal.ui.managerequests.view.NewRequest","bindingPath":{"modelName":"newRequestItems","path":"/RequestItems/0"},"ancestor":{"id":"requestItemsTable","viewName":"etm.portal.ui.managerequests.view.NewRequest"}}},"wdio_ui5_key":"etmportal.ui.managerequests.view.NewRequestsap.ui.core.Icon{\"src\":{\"regex\":{\"source\":\"message\\\\-error\"}}}{\"controlType\":\"sap.m.ColumnListItem\",\"viewName\":\"etm.portal.ui.managerequests.view.NewRequest\",\"bindingPath\":{\"modelName\":\"newRequestItems\",\"path\":\"/RequestItems/0\"},\"ancestor\":{\"id\":\"requestItemsTable\",\"viewName\":\"etm.portal.ui.managerequests.view.NewRequest\"}}"}]}
RESULT: {"script":"<script> [1562 bytes]","args":[{"selector":{"controlType":"sap.ui.core.Icon","viewName":"etm.portal.ui.managerequests.view.NewRequest","properties":{"src":{"regex":{"source":"message\\-error"}}},"ancestor":{"controlType":"sap.m.ColumnListItem","viewName":"etm.portal.ui.managerequests.view.NewRequest","bindingPath":{"modelName":"newRequestItems","path":"/RequestItems/0"},"ancestor":{"id":"requestItemsTable","viewName":"etm.portal.ui.managerequests.view.NewRequest"}}},"wdio_ui5_key":"etmportal.ui.managerequests.view.NewRequestsap.ui.core.Icon{\"src\":{\"regex\":{\"source\":\"message\\\\-error\"}}}{\"controlType\":\"sap.m.ColumnListItem\",\"viewName\":\"etm.portal.ui.managerequests.view.NewRequest\",\"bindingPath\":{\"modelName\":\"newRequestItems\",\"path\":\"/RequestItems/0\"},\"ancestor\":{\"id\":\"requestItemsTable\",\"viewName\":\"etm.portal.ui.managerequests.view.NewRequest\"}}"}]}
RESULT: undefined
COMMAND: POST /session/fa0fa588b59cd70394c35387be1492a3/element - {"using":"xpath","value":"//*[@id=\"__status6-__xmlview59--requestItemsTable-0-icon\"]"}
RESULT: {"using":"xpath","value":"//*[@id=\"__status6-__xmlview59--requestItemsTable-0-icon\"]"}
COMMAND: POST /session/fa0fa588b59cd70394c35387be1492a3/element/f.E45B0C2907A9CCBDD1B779A362D73609.d.023F4947639518E4F75C56A929780257.e.2977/click - {}
RESULT: {}
COMMAND: GET /session/fa0fa588b59cd70394c35387be1492a3/screenshot - {}
RESULT: {}
COMMAND: POST /session/fa0fa588b59cd70394c35387be1492a3/execute/async - {"script":"<script> [1562 bytes]","args":[{"selector":{"id":"costObjectAdminTypeComboBox","viewName":"etm.portal.ui.managerequests.view.NewRequest","searchOpenDialogs":true,"interaction":{"idSuffix":"inner"}},"wdio_ui5_key":"costObjectAdminTypeComboBoxetmportal.ui.managerequests.view.NewRequest"}]}
RESULT: {"script":"<script> [1562 bytes]","args":[{"selector":{"id":"costObjectAdminTypeComboBox","viewName":"etm.portal.ui.managerequests.view.NewRequest","searchOpenDialogs":true,"interaction":{"idSuffix":"inner"}},"wdio_ui5_key":"costObjectAdminTypeComboBoxetmportal.ui.managerequests.view.NewRequest"}]}
RESULT: undefined
COMMAND: POST /session/fa0fa588b59cd70394c35387be1492a3/execute/async - {"script":"<script> [776 bytes]","args":[{"enterText":"Cost Center","selector":{"id":"costObjectAdminTypeComboBox","viewName":"etm.portal.ui.managerequests.view.NewRequest","searchOpenDialogs":true,"interaction":{"idSuffix":"inner"}},"clearTextFirst":true,"interactionType":"ENTER_TEXT"}]}
RESULT: {"script":"<script> [776 bytes]","args":[{"enterText":"Cost Center","selector":{"id":"costObjectAdminTypeComboBox","viewName":"etm.portal.ui.managerequests.view.NewRequest","searchOpenDialogs":true,"interaction":{"idSuffix":"inner"}},"clearTextFirst":true,"interactionType":"ENTER_TEXT"}]}
COMMAND: POST /session/fa0fa588b59cd70394c35387be1492a3/actions - {"actions":[{"id":"action20","type":"key","parameters":{},"actions":[{"type":"keyDown","value":""},{"type":"pause","duration":10},{"type":"keyUp","value":""}]}]}
RESULT: {"actions":[{"id":"action20","type":"key","parameters":{},"actions":[{"type":"keyDown","value":""},{"type":"pause","duration":10},{"type":"keyUp","value":""}]}]}
COMMAND: GET /session/fa0fa588b59cd70394c35387be1492a3/screenshot - {}
RESULT: {}
COMMAND: POST /session/fa0fa588b59cd70394c35387be1492a3/execute/async - {"script":"<script> [1562 bytes]","args":[{"selector":{"id":"costObjectIdComboBox","viewName":"etm.portal.ui.managerequests.view.NewRequest","searchOpenDialogs":true,"interaction":{"idSuffix":"inner"}},"wdio_ui5_key":"costObjectIdComboBoxetmportal.ui.managerequests.view.NewRequest"}]}
RESULT: {"script":"<script> [1562 bytes]","args":[{"selector":{"id":"costObjectIdComboBox","viewName":"etm.portal.ui.managerequests.view.NewRequest","searchOpenDialogs":true,"interaction":{"idSuffix":"inner"}},"wdio_ui5_key":"costObjectIdComboBoxetmportal.ui.managerequests.view.NewRequest"}]}
RESULT: undefined
COMMAND: POST /session/fa0fa588b59cd70394c35387be1492a3/execute/async - {"script":"<script> [776 bytes]","args":[{"enterText":"1001 - 1001","selector":{"id":"costObjectIdComboBox","viewName":"etm.portal.ui.managerequests.view.NewRequest","searchOpenDialogs":true,"interaction":{"idSuffix":"inner"}},"clearTextFirst":true,"interactionType":"ENTER_TEXT"}]}
RESULT: {"script":"<script> [776 bytes]","args":[{"enterText":"1001 - 1001","selector":{"id":"costObjectIdComboBox","viewName":"etm.portal.ui.managerequests.view.NewRequest","searchOpenDialogs":true,"interaction":{"idSuffix":"inner"}},"clearTextFirst":true,"interactionType":"ENTER_TEXT"}]}
COMMAND: POST /session/fa0fa588b59cd70394c35387be1492a3/actions - {"actions":[{"id":"action21","type":"key","parameters":{},"actions":[{"type":"keyDown","value":""},{"type":"pause","duration":10},{"type":"keyUp","value":""}]}]}
RESULT: {"actions":[{"id":"action21","type":"key","parameters":{},"actions":[{"type":"keyDown","value":""},{"type":"pause","duration":10},{"type":"keyUp","value":""}]}]}
COMMAND: GET /session/fa0fa588b59cd70394c35387be1492a3/screenshot - {}
RESULT: {}
COMMAND: POST /session/fa0fa588b59cd70394c35387be1492a3/element - {"using":"xpath","value":"(//bdi[(text() = 'Save' or . = 'Save')])[1]"}
RESULT: {"using":"xpath","value":"(//bdi[(text() = 'Save' or . = 'Save')])[1]"}
COMMAND: POST /session/fa0fa588b59cd70394c35387be1492a3/element/f.E45B0C2907A9CCBDD1B779A362D73609.d.023F4947639518E4F75C56A929780257.e.3016/click - {}
RESULT: {}
COMMAND: POST /session/fa0fa588b59cd70394c35387be1492a3/execute/async - {"script":"<script> [1562 bytes]","args":[{"selector":{"controlType":"sap.ui.core.Icon","viewName":"etm.portal.ui.managerequests.view.NewRequest","properties":{"src":{"regex":{"source":"message\\-error"}}},"ancestor":{"controlType":"sap.m.ColumnListItem","viewName":"etm.portal.ui.managerequests.view.NewRequest","bindingPath":{"modelName":"newRequestItems","path":"/RequestItems/1"},"ancestor":{"id":"requestItemsTable","viewName":"etm.portal.ui.managerequests.view.NewRequest"}}},"wdio_ui5_key":"etmportal.ui.managerequests.view.NewRequestsap.ui.core.Icon{\"src\":{\"regex\":{\"source\":\"message\\\\-error\"}}}{\"controlType\":\"sap.m.ColumnListItem\",\"viewName\":\"etm.portal.ui.managerequests.view.NewRequest\",\"bindingPath\":{\"modelName\":\"newRequestItems\",\"path\":\"/RequestItems/1\"},\"ancestor\":{\"id\":\"requestItemsTable\",\"viewName\":\"etm.portal.ui.managerequests.view.NewRequest\"}}"}]}
COMMAND: GET /session/fa0fa588b59cd70394c35387be1492a3/screenshot - {}
RESULT: {"script":"<script> [1562 bytes]","args":[{"selector":{"controlType":"sap.ui.core.Icon","viewName":"etm.portal.ui.managerequests.view.NewRequest","properties":{"src":{"regex":{"source":"message\\-error"}}},"ancestor":{"controlType":"sap.m.ColumnListItem","viewName":"etm.portal.ui.managerequests.view.NewRequest","bindingPath":{"modelName":"newRequestItems","path":"/RequestItems/1"},"ancestor":{"id":"requestItemsTable","viewName":"etm.portal.ui.managerequests.view.NewRequest"}}},"wdio_ui5_key":"etmportal.ui.managerequests.view.NewRequestsap.ui.core.Icon{\"src\":{\"regex\":{\"source\":\"message\\\\-error\"}}}{\"controlType\":\"sap.m.ColumnListItem\",\"viewName\":\"etm.portal.ui.managerequests.view.NewRequest\",\"bindingPath\":{\"modelName\":\"newRequestItems\",\"path\":\"/RequestItems/1\"},\"ancestor\":{\"id\":\"requestItemsTable\",\"viewName\":\"etm.portal.ui.managerequests.view.NewRequest\"}}"}]}
RESULT: undefined
COMMAND: POST /session/fa0fa588b59cd70394c35387be1492a3/element - {"using":"xpath","value":"//*[@id=\"__status6-__xmlview59--requestItemsTable-1-icon\"]"}
RESULT: {}
RESULT: {"using":"xpath","value":"//*[@id=\"__status6-__xmlview59--requestItemsTable-1-icon\"]"}
COMMAND: POST /session/fa0fa588b59cd70394c35387be1492a3/element/f.E45B0C2907A9CCBDD1B779A362D73609.d.023F4947639518E4F75C56A929780257.e.2994/click - {}
RESULT: {}
COMMAND: GET /session/fa0fa588b59cd70394c35387be1492a3/screenshot - {}
RESULT: {}
RESULT: undefined
COMMAND: POST /session/fa0fa588b59cd70394c35387be1492a3/execute/async - {"script":"<script> [776 bytes]","args":[{"enterText":"Cost Center","selector":{"id":"costObjectAdminTypeComboBox","viewName":"etm.portal.ui.managerequests.view.NewRequest","searchOpenDialogs":true,"interaction":{"idSuffix":"inner"}},"clearTextFirst":true,"interactionType":"ENTER_TEXT"}]}
RESULT: {"script":"<script> [776 bytes]","args":[{"enterText":"Cost Center","selector":{"id":"costObjectAdminTypeComboBox","viewName":"etm.portal.ui.managerequests.view.NewRequest","searchOpenDialogs":true,"interaction":{"idSuffix":"inner"}},"clearTextFirst":true,"interactionType":"ENTER_TEXT"}]}
COMMAND: POST /session/fa0fa588b59cd70394c35387be1492a3/actions - {"actions":[{"id":"action22","type":"key","parameters":{},"actions":[{"type":"keyDown","value":""},{"type":"pause","duration":10},{"type":"keyUp","value":""}]}]}
RESULT: {"actions":[{"id":"action22","type":"key","parameters":{},"actions":[{"type":"keyDown","value":""},{"type":"pause","duration":10},{"type":"keyUp","value":""}]}]}
COMMAND: GET /session/fa0fa588b59cd70394c35387be1492a3/screenshot - {}
RESULT: {}
RESULT: undefined
COMMAND: POST /session/fa0fa588b59cd70394c35387be1492a3/execute/async - {"script":"<script> [776 bytes]","args":[{"enterText":"1001 - 1001","selector":{"id":"costObjectIdComboBox","viewName":"etm.portal.ui.managerequests.view.NewRequest","searchOpenDialogs":true,"interaction":{"idSuffix":"inner"}},"clearTextFirst":true,"interactionType":"ENTER_TEXT"}]}
RESULT: {"script":"<script> [776 bytes]","args":[{"enterText":"1001 - 1001","selector":{"id":"costObjectIdComboBox","viewName":"etm.portal.ui.managerequests.view.NewRequest","searchOpenDialogs":true,"interaction":{"idSuffix":"inner"}},"clearTextFirst":true,"interactionType":"ENTER_TEXT"}]}
COMMAND: POST /session/fa0fa588b59cd70394c35387be1492a3/actions - {"actions":[{"id":"action23","type":"key","parameters":{},"actions":[{"type":"keyDown","value":""},{"type":"pause","duration":10},{"type":"keyUp","value":""}]}]}
RESULT: {"actions":[{"id":"action23","type":"key","parameters":{},"actions":[{"type":"keyDown","value":""},{"type":"pause","duration":10},{"type":"keyUp","value":""}]}]}
COMMAND: GET /session/fa0fa588b59cd70394c35387be1492a3/screenshot - {}
RESULT: {}
COMMAND: POST /session/fa0fa588b59cd70394c35387be1492a3/element - {"using":"xpath","value":"(//bdi[(text() = 'Save' or . = 'Save')])[1]"}
RESULT: {"using":"xpath","value":"(//bdi[(text() = 'Save' or . = 'Save')])[1]"}
COMMAND: POST /session/fa0fa588b59cd70394c35387be1492a3/element/f.E45B0C2907A9CCBDD1B779A362D73609.d.023F4947639518E4F75C56A929780257.e.3030/click - {}
RESULT: {}
COMMAND: POST /session/fa0fa588b59cd70394c35387be1492a3/execute/async - {"script":"<script> [1562 bytes]","args":[{"selector":{"controlType":"sap.ui.core.Icon","viewName":"etm.portal.ui.managerequests.view.NewRequest","properties":{"src":{"regex":{"source":"decline"}}},"ancestor":{"controlType":"sap.m.Token","viewName":"etm.portal.ui.managerequests.view.NewRequest","bindingPath":{"path":"/RequestItems/0/TOKENS/0","propertyPath":"TAG","modelName":"newRequestItems"}}},"wdio_ui5_key":"etmportal.ui.managerequests.view.NewRequestsap.ui.core.Icon{\"src\":{\"regex\":{\"source\":\"decline\"}}}{\"controlType\":\"sap.m.Token\",\"viewName\":\"etm.portal.ui.managerequests.view.NewRequest\",\"bindingPath\":{\"path\":\"/RequestItems/0/TOKENS/0\",\"propertyPath\":\"TAG\",\"modelName\":\"newRequestItems\"}}"}]}
COMMAND: GET /session/fa0fa588b59cd70394c35387be1492a3/screenshot - {}
RESULT: {"script":"<script> [1562 bytes]","args":[{"selector":{"controlType":"sap.ui.core.Icon","viewName":"etm.portal.ui.managerequests.view.NewRequest","properties":{"src":{"regex":{"source":"decline"}}},"ancestor":{"controlType":"sap.m.Token","viewName":"etm.portal.ui.managerequests.view.NewRequest","bindingPath":{"path":"/RequestItems/0/TOKENS/0","propertyPath":"TAG","modelName":"newRequestItems"}}},"wdio_ui5_key":"etmportal.ui.managerequests.view.NewRequestsap.ui.core.Icon{\"src\":{\"regex\":{\"source\":\"decline\"}}}{\"controlType\":\"sap.m.Token\",\"viewName\":\"etm.portal.ui.managerequests.view.NewRequest\",\"bindingPath\":{\"path\":\"/RequestItems/0/TOKENS/0\",\"propertyPath\":\"TAG\",\"modelName\":\"newRequestItems\"}}"}]}
RESULT: undefined
COMMAND: POST /session/fa0fa588b59cd70394c35387be1492a3/element - {"using":"xpath","value":"//*[@id=\"__token7-__tokenizer62-__xmlview59--requestItemsTable-0-0-icon\"]"}
RESULT: {}
RESULT: {"using":"xpath","value":"//*[@id=\"__token7-__tokenizer62-__xmlview59--requestItemsTable-0-0-icon\"]"}
COMMAND: POST /session/fa0fa588b59cd70394c35387be1492a3/element/f.E45B0C2907A9CCBDD1B779A362D73609.d.023F4947639518E4F75C56A929780257.e.3032/click - {}
RESULT: {}
COMMAND: GET /session/fa0fa588b59cd70394c35387be1492a3/screenshot - {}
RESULT: {}
COMMAND: POST /session/fa0fa588b59cd70394c35387be1492a3/actions - {"actions":[{"id":"action24","type":"key","parameters":{},"actions":[{"type":"keyDown","value":""},{"type":"pause","duration":10},{"type":"keyUp","value":""}]}]}
RESULT: {"actions":[{"id":"action24","type":"key","parameters":{},"actions":[{"type":"keyDown","value":""},{"type":"pause","duration":10},{"type":"keyUp","value":""}]}]}
COMMAND: GET /session/fa0fa588b59cd70394c35387be1492a3/screenshot - {}
RESULT: {}
COMMAND: POST /session/fa0fa588b59cd70394c35387be1492a3/execute/async - {"script":"<script> [1562 bytes]","args":[{"selector":{"controlType":"sap.m.Tokenizer","viewName":"etm.portal.ui.managerequests.view.NewRequest","bindingPath":{"path":"/RequestItems/0","propertyPath":"TOKENS","modelName":"newRequestItems"}},"wdio_ui5_key":"etmportal.ui.managerequests.view.NewRequestsap.m.Tokenizer{\"path\":\"/RequestItems/0\",\"propertyPath\":\"TOKENS\",\"modelName\":\"newRequestItems\"}"}]}
RESULT: {"script":"<script> [1562 bytes]","args":[{"selector":{"controlType":"sap.m.Tokenizer","viewName":"etm.portal.ui.managerequests.view.NewRequest","bindingPath":{"path":"/RequestItems/0","propertyPath":"TOKENS","modelName":"newRequestItems"}},"wdio_ui5_key":"etmportal.ui.managerequests.view.NewRequestsap.m.Tokenizer{\"path\":\"/RequestItems/0\",\"propertyPath\":\"TOKENS\",\"modelName\":\"newRequestItems\"}"}]}
RESULT: undefined
COMMAND: POST /session/fa0fa588b59cd70394c35387be1492a3/execute/async - {"script":"<script> [6424 bytes]","args":[{"element-6066-11e4-a52e-4f735466cecf":"f.E45B0C2907A9CCBDD1B779A362D73609.d.023F4947639518E4F75C56A929780257.e.3038"},"getTokens",[]]}
RESULT: {"script":"<script> [6424 bytes]","args":[{"element-6066-11e4-a52e-4f735466cecf":"f.E45B0C2907A9CCBDD1B779A362D73609.d.023F4947639518E4F75C56A929780257.e.3038"},"getTokens",[]]}
COMMAND: POST /session/fa0fa588b59cd70394c35387be1492a3/execute/async - {"script":"<script> [1562 bytes]","args":[{"wdio_ui5_key":"__token7-__tokenizer62-__xmlview59--requestItemsTable-0-0","selector":{"id":"__token7-__tokenizer62-__xmlview59--requestItemsTable-0-0"}}]}
RESULT: {"script":"<script> [1562 bytes]","args":[{"wdio_ui5_key":"__token7-__tokenizer62-__xmlview59--requestItemsTable-0-0","selector":{"id":"__token7-__tokenizer62-__xmlview59--requestItemsTable-0-0"}}]}
RESULT: undefined
RESULT: undefined
COMMAND: POST /session/fa0fa588b59cd70394c35387be1492a3/execute/async - {"script":"<script> [776 bytes]","args":[{"enterText":"tagRequest1","selector":{"controlType":"sap.m.Input","viewName":"etm.portal.ui.managerequests.view.NewRequest","bindingPath":{"path":"","propertyPath":"/Tags","modelName":"catalogModel"},"ancestor":{"controlType":"sap.m.ColumnListItem","viewName":"etm.portal.ui.managerequests.view.NewRequest","bindingPath":{"modelName":"newRequestItems","path":"/RequestItems/0"},"ancestor":{"id":"requestItemsTable","viewName":"etm.portal.ui.managerequests.view.NewRequest"}},"interaction":{"idSuffix":"inner"}},"clearTextFirst":true,"interactionType":"ENTER_TEXT"}]}
RESULT: {"script":"<script> [776 bytes]","args":[{"enterText":"tagRequest1","selector":{"controlType":"sap.m.Input","viewName":"etm.portal.ui.managerequests.view.NewRequest","bindingPath":{"path":"","propertyPath":"/Tags","modelName":"catalogModel"},"ancestor":{"controlType":"sap.m.ColumnListItem","viewName":"etm.portal.ui.managerequests.view.NewRequest","bindingPath":{"modelName":"newRequestItems","path":"/RequestItems/0"},"ancestor":{"id":"requestItemsTable","viewName":"etm.portal.ui.managerequests.view.NewRequest"}},"interaction":{"idSuffix":"inner"}},"clearTextFirst":true,"interactionType":"ENTER_TEXT"}]}
COMMAND: POST /session/fa0fa588b59cd70394c35387be1492a3/actions - {"actions":[{"id":"action25","type":"key","parameters":{},"actions":[{"type":"keyDown","value":""},{"type":"pause","duration":10},{"type":"keyUp","value":""}]}]}
RESULT: {"actions":[{"id":"action25","type":"key","parameters":{},"actions":[{"type":"keyDown","value":""},{"type":"pause","duration":10},{"type":"keyUp","value":""}]}]}
COMMAND: GET /session/fa0fa588b59cd70394c35387be1492a3/screenshot - {}
RESULT: {}
RESULT: undefined
COMMAND: POST /session/fa0fa588b59cd70394c35387be1492a3/execute/async - {"script":"<script> [6424 bytes]","args":[{"element-6066-11e4-a52e-4f735466cecf":"f.E45B0C2907A9CCBDD1B779A362D73609.d.023F4947639518E4F75C56A929780257.e.3038"},"getTokens",[]]}
RESULT: {"script":"<script> [6424 bytes]","args":[{"element-6066-11e4-a52e-4f735466cecf":"f.E45B0C2907A9CCBDD1B779A362D73609.d.023F4947639518E4F75C56A929780257.e.3038"},"getTokens",[]]}
COMMAND: POST /session/fa0fa588b59cd70394c35387be1492a3/execute/async - {"script":"<script> [1562 bytes]","args":[{"wdio_ui5_key":"__token7-__tokenizer62-__xmlview59--requestItemsTable-0-1","selector":{"id":"__token7-__tokenizer62-__xmlview59--requestItemsTable-0-1"}}]}
RESULT: undefined
RESULT: {"script":"<script> [1562 bytes]","args":[{"wdio_ui5_key":"__token7-__tokenizer62-__xmlview59--requestItemsTable-0-1","selector":{"id":"__token7-__tokenizer62-__xmlview59--requestItemsTable-0-1"}}]}
RESULT: undefined
COMMAND: POST /session/fa0fa588b59cd70394c35387be1492a3/execute/async - {"script":"<script> [1562 bytes]","args":[{"selector":{"controlType":"sap.ui.core.Icon","viewName":"etm.portal.ui.managerequests.view.NewRequest","properties":{"src":{"regex":{"source":"decline"}}},"ancestor":{"controlType":"sap.m.Token","viewName":"etm.portal.ui.managerequests.view.NewRequest","bindingPath":{"path":"/RequestItems/1/TOKENS/0","propertyPath":"TAG","modelName":"newRequestItems"}}},"wdio_ui5_key":"etmportal.ui.managerequests.view.NewRequestsap.ui.core.Icon{\"src\":{\"regex\":{\"source\":\"decline\"}}}{\"controlType\":\"sap.m.Token\",\"viewName\":\"etm.portal.ui.managerequests.view.NewRequest\",\"bindingPath\":{\"path\":\"/RequestItems/1/TOKENS/0\",\"propertyPath\":\"TAG\",\"modelName\":\"newRequestItems\"}}"}]}
RESULT: {"script":"<script> [1562 bytes]","args":[{"selector":{"controlType":"sap.ui.core.Icon","viewName":"etm.portal.ui.managerequests.view.NewRequest","properties":{"src":{"regex":{"source":"decline"}}},"ancestor":{"controlType":"sap.m.Token","viewName":"etm.portal.ui.managerequests.view.NewRequest","bindingPath":{"path":"/RequestItems/1/TOKENS/0","propertyPath":"TAG","modelName":"newRequestItems"}}},"wdio_ui5_key":"etmportal.ui.managerequests.view.NewRequestsap.ui.core.Icon{\"src\":{\"regex\":{\"source\":\"decline\"}}}{\"controlType\":\"sap.m.Token\",\"viewName\":\"etm.portal.ui.managerequests.view.NewRequest\",\"bindingPath\":{\"path\":\"/RequestItems/1/TOKENS/0\",\"propertyPath\":\"TAG\",\"modelName\":\"newRequestItems\"}}"}]}
RESULT: undefined
COMMAND: POST /session/fa0fa588b59cd70394c35387be1492a3/element - {"using":"xpath","value":"//*[@id=\"__token7-__tokenizer62-__xmlview59--requestItemsTable-1-0-icon\"]"}
RESULT: {"using":"xpath","value":"//*[@id=\"__token7-__tokenizer62-__xmlview59--requestItemsTable-1-0-icon\"]"}
COMMAND: POST /session/fa0fa588b59cd70394c35387be1492a3/element/f.E45B0C2907A9CCBDD1B779A362D73609.d.023F4947639518E4F75C56A929780257.e.3040/click - {}
RESULT: {}
COMMAND: GET /session/fa0fa588b59cd70394c35387be1492a3/screenshot - {}
RESULT: {}
COMMAND: POST /session/fa0fa588b59cd70394c35387be1492a3/actions - {"actions":[{"id":"action26","type":"key","parameters":{},"actions":[{"type":"keyDown","value":""},{"type":"pause","duration":10},{"type":"keyUp","value":""}]}]}
RESULT: {"actions":[{"id":"action26","type":"key","parameters":{},"actions":[{"type":"keyDown","value":""},{"type":"pause","duration":10},{"type":"keyUp","value":""}]}]}
COMMAND: GET /session/fa0fa588b59cd70394c35387be1492a3/screenshot - {}
RESULT: {}
COMMAND: POST /session/fa0fa588b59cd70394c35387be1492a3/execute/async - {"script":"<script> [1562 bytes]","args":[{"selector":{"controlType":"sap.m.Tokenizer","viewName":"etm.portal.ui.managerequests.view.NewRequest","bindingPath":{"path":"/RequestItems/1","propertyPath":"TOKENS","modelName":"newRequestItems"}},"wdio_ui5_key":"etmportal.ui.managerequests.view.NewRequestsap.m.Tokenizer{\"path\":\"/RequestItems/1\",\"propertyPath\":\"TOKENS\",\"modelName\":\"newRequestItems\"}"}]}
RESULT: {"script":"<script> [1562 bytes]","args":[{"selector":{"controlType":"sap.m.Tokenizer","viewName":"etm.portal.ui.managerequests.view.NewRequest","bindingPath":{"path":"/RequestItems/1","propertyPath":"TOKENS","modelName":"newRequestItems"}},"wdio_ui5_key":"etmportal.ui.managerequests.view.NewRequestsap.m.Tokenizer{\"path\":\"/RequestItems/1\",\"propertyPath\":\"TOKENS\",\"modelName\":\"newRequestItems\"}"}]}
RESULT: undefined
COMMAND: POST /session/fa0fa588b59cd70394c35387be1492a3/execute/async - {"script":"<script> [6424 bytes]","args":[{"element-6066-11e4-a52e-4f735466cecf":"f.E45B0C2907A9CCBDD1B779A362D73609.d.023F4947639518E4F75C56A929780257.e.3046"},"getTokens",[]]}
RESULT: {"script":"<script> [6424 bytes]","args":[{"element-6066-11e4-a52e-4f735466cecf":"f.E45B0C2907A9CCBDD1B779A362D73609.d.023F4947639518E4F75C56A929780257.e.3046"},"getTokens",[]]}
COMMAND: POST /session/fa0fa588b59cd70394c35387be1492a3/execute/async - {"script":"<script> [1562 bytes]","args":[{"wdio_ui5_key":"__token7-__tokenizer62-__xmlview59--requestItemsTable-1-0","selector":{"id":"__token7-__tokenizer62-__xmlview59--requestItemsTable-1-0"}}]}
RESULT: {"script":"<script> [1562 bytes]","args":[{"wdio_ui5_key":"__token7-__tokenizer62-__xmlview59--requestItemsTable-1-0","selector":{"id":"__token7-__tokenizer62-__xmlview59--requestItemsTable-1-0"}}]}
RESULT: undefined
RESULT: undefined
COMMAND: POST /session/fa0fa588b59cd70394c35387be1492a3/execute/async - {"script":"<script> [776 bytes]","args":[{"enterText":"tagRequest1","selector":{"controlType":"sap.m.Input","viewName":"etm.portal.ui.managerequests.view.NewRequest","bindingPath":{"path":"","propertyPath":"/Tags","modelName":"catalogModel"},"ancestor":{"controlType":"sap.m.ColumnListItem","viewName":"etm.portal.ui.managerequests.view.NewRequest","bindingPath":{"modelName":"newRequestItems","path":"/RequestItems/1"},"ancestor":{"id":"requestItemsTable","viewName":"etm.portal.ui.managerequests.view.NewRequest"}},"interaction":{"idSuffix":"inner"}},"clearTextFirst":true,"interactionType":"ENTER_TEXT"}]}
RESULT: {"script":"<script> [776 bytes]","args":[{"enterText":"tagRequest1","selector":{"controlType":"sap.m.Input","viewName":"etm.portal.ui.managerequests.view.NewRequest","bindingPath":{"path":"","propertyPath":"/Tags","modelName":"catalogModel"},"ancestor":{"controlType":"sap.m.ColumnListItem","viewName":"etm.portal.ui.managerequests.view.NewRequest","bindingPath":{"modelName":"newRequestItems","path":"/RequestItems/1"},"ancestor":{"id":"requestItemsTable","viewName":"etm.portal.ui.managerequests.view.NewRequest"}},"interaction":{"idSuffix":"inner"}},"clearTextFirst":true,"interactionType":"ENTER_TEXT"}]}
COMMAND: POST /session/fa0fa588b59cd70394c35387be1492a3/actions - {"actions":[{"id":"action27","type":"key","parameters":{},"actions":[{"type":"keyDown","value":""},{"type":"pause","duration":10},{"type":"keyUp","value":""}]}]}
RESULT: {"actions":[{"id":"action27","type":"key","parameters":{},"actions":[{"type":"keyDown","value":""},{"type":"pause","duration":10},{"type":"keyUp","value":""}]}]}
COMMAND: GET /session/fa0fa588b59cd70394c35387be1492a3/screenshot - {}
RESULT: {}
RESULT: undefined
COMMAND: POST /session/fa0fa588b59cd70394c35387be1492a3/execute/async - {"script":"<script> [6424 bytes]","args":[{"element-6066-11e4-a52e-4f735466cecf":"f.E45B0C2907A9CCBDD1B779A362D73609.d.023F4947639518E4F75C56A929780257.e.3046"},"getTokens",[]]}
RESULT: {"script":"<script> [6424 bytes]","args":[{"element-6066-11e4-a52e-4f735466cecf":"f.E45B0C2907A9CCBDD1B779A362D73609.d.023F4947639518E4F75C56A929780257.e.3046"},"getTokens",[]]}
COMMAND: POST /session/fa0fa588b59cd70394c35387be1492a3/execute/async - {"script":"<script> [1562 bytes]","args":[{"wdio_ui5_key":"__token7-__tokenizer62-__xmlview59--requestItemsTable-1-1","selector":{"id":"__token7-__tokenizer62-__xmlview59--requestItemsTable-1-1"}}]}
RESULT: undefined
RESULT: {"script":"<script> [1562 bytes]","args":[{"wdio_ui5_key":"__token7-__tokenizer62-__xmlview59--requestItemsTable-1-1","selector":{"id":"__token7-__tokenizer62-__xmlview59--requestItemsTable-1-1"}}]}
RESULT: undefined
COMMAND: POST /session/fa0fa588b59cd70394c35387be1492a3/execute/async - {"script":"<script> [1562 bytes]","args":[{"selector":{"controlType":"sap.m.Button","viewName":"etm.portal.ui.managerequests.view.NewRequest","properties":{"text":"Save"},"i18NText":{"propertyName":"tooltip","key":"save"},"interaction":{"idSuffix":"BDI-content"}},"wdio_ui5_key":"etmportal.ui.managerequests.view.NewRequestsap.m.Button{\"propertyName\":\"tooltip\",\"key\":\"save\"}{\"text\":\"Save\"}"}]}
RESULT: {"script":"<script> [1562 bytes]","args":[{"selector":{"controlType":"sap.m.Button","viewName":"etm.portal.ui.managerequests.view.NewRequest","properties":{"text":"Save"},"i18NText":{"propertyName":"tooltip","key":"save"},"interaction":{"idSuffix":"BDI-content"}},"wdio_ui5_key":"etmportal.ui.managerequests.view.NewRequestsap.m.Button{\"propertyName\":\"tooltip\",\"key\":\"save\"}{\"text\":\"Save\"}"}]}
RESULT: undefined
COMMAND: POST /session/fa0fa588b59cd70394c35387be1492a3/element - {"using":"xpath","value":"//*[@id=\"__button117\"]"}
RESULT: {"using":"xpath","value":"//*[@id=\"__button117\"]"}
COMMAND: POST /session/fa0fa588b59cd70394c35387be1492a3/element/f.E45B0C2907A9CCBDD1B779A362D73609.d.023F4947639518E4F75C56A929780257.e.2872/click - {}
RESULT: {}
COMMAND: GET /session/fa0fa588b59cd70394c35387be1492a3/screenshot - {}
RESULT: {}
COMMAND: POST /session/fa0fa588b59cd70394c35387be1492a3/element - {"using":"xpath","value":"//bdi[contains(@id ,\"BDI-content\")][contains(text(), \"Close\")]"}
RESULT: {"using":"xpath","value":"//bdi[contains(@id ,\"BDI-content\")][contains(text(), \"Close\")]"}
COMMAND: POST /session/fa0fa588b59cd70394c35387be1492a3/element/f.E45B0C2907A9CCBDD1B779A362D73609.d.023F4947639518E4F75C56A929780257.e.3054/click - {}
RESULT: {}
COMMAND: GET /session/fa0fa588b59cd70394c35387be1492a3/screenshot - {}
RESULT: {}
]]></system-out>
    </testcase>
    <testcase classname="chrome.136_0_7103_93.windows.Manage_Requests_Tags_Tests_US120163" name="Should Edit Request Tags" time="94.229">
      <system-out><![CDATA[
COMMAND: POST /session/fa0fa588b59cd70394c35387be1492a3/execute/async - {"script":"<script> [1562 bytes]","args":[{"selector":{"controlType":"sap.ui.core.Icon","viewName":"etm.portal.ui.managerequests.view.Detail","properties":{"src":{"regex":{"source":"overflow"}}}},"wdio_ui5_key":"etmportal.ui.managerequests.view.Detailsap.ui.core.Icon{\"src\":{\"regex\":{\"source\":\"overflow\"}}}"}]}
RESULT: {"script":"<script> [1562 bytes]","args":[{"selector":{"controlType":"sap.ui.core.Icon","viewName":"etm.portal.ui.managerequests.view.Detail","properties":{"src":{"regex":{"source":"overflow"}}}},"wdio_ui5_key":"etmportal.ui.managerequests.view.Detailsap.ui.core.Icon{\"src\":{\"regex\":{\"source\":\"overflow\"}}}"}]}
RESULT: undefined
COMMAND: POST /session/fa0fa588b59cd70394c35387be1492a3/element - {"using":"xpath","value":"//*[@id=\"__xmlview60--detailHeaderTitle-_actionsToolbar-overflowButton-img\"]"}
RESULT: {"using":"xpath","value":"//*[@id=\"__xmlview60--detailHeaderTitle-_actionsToolbar-overflowButton-img\"]"}
COMMAND: POST /session/fa0fa588b59cd70394c35387be1492a3/element/f.E45B0C2907A9CCBDD1B779A362D73609.d.023F4947639518E4F75C56A929780257.e.3178/click - {}
RESULT: {}
COMMAND: GET /session/fa0fa588b59cd70394c35387be1492a3/screenshot - {}
RESULT: {}
COMMAND: POST /session/fa0fa588b59cd70394c35387be1492a3/execute/async - {"script":"<script> [1562 bytes]","args":[{"selector":{"controlType":"sap.uxap.ObjectPageHeaderActionButton","viewName":"etm.portal.ui.managerequests.view.Detail","i18NText":{"propertyName":"text","key":"edit"},"searchOpenDialogs":true,"interaction":{"idSuffix":"inner"}},"wdio_ui5_key":"etmportal.ui.managerequests.view.Detailsap.uxap.ObjectPageHeaderActionButton{\"propertyName\":\"text\",\"key\":\"edit\"}"}]}
RESULT: {"script":"<script> [1562 bytes]","args":[{"selector":{"controlType":"sap.uxap.ObjectPageHeaderActionButton","viewName":"etm.portal.ui.managerequests.view.Detail","i18NText":{"propertyName":"text","key":"edit"},"searchOpenDialogs":true,"interaction":{"idSuffix":"inner"}},"wdio_ui5_key":"etmportal.ui.managerequests.view.Detailsap.uxap.ObjectPageHeaderActionButton{\"propertyName\":\"text\",\"key\":\"edit\"}"}]}
RESULT: undefined
COMMAND: POST /session/fa0fa588b59cd70394c35387be1492a3/element - {"using":"xpath","value":"//*[@id=\"__button138\"]"}
RESULT: {"using":"xpath","value":"//*[@id=\"__button138\"]"}
COMMAND: POST /session/fa0fa588b59cd70394c35387be1492a3/element/f.E45B0C2907A9CCBDD1B779A362D73609.d.023F4947639518E4F75C56A929780257.e.3181/click - {}
RESULT: {}
COMMAND: GET /session/fa0fa588b59cd70394c35387be1492a3/screenshot - {}
RESULT: {}
COMMAND: POST /session/fa0fa588b59cd70394c35387be1492a3/execute/async - {"script":"<script> [1562 bytes]","args":[{"selector":{"controlType":"sap.ui.core.Icon","viewName":"etm.portal.ui.managerequests.view.Edit","properties":{"src":{"regex":{"source":"decline"}}},"ancestor":{"controlType":"sap.m.Token","viewName":"etm.portal.ui.managerequests.view.Edit","bindingPath":{"propertyPath":"TAG","modelName":"catalogModel"},"properties":{"text":"RefTag"}}},"wdio_ui5_key":"etmportal.ui.managerequests.view.Editsap.ui.core.Icon{\"src\":{\"regex\":{\"source\":\"decline\"}}}{\"controlType\":\"sap.m.Token\",\"viewName\":\"etm.portal.ui.managerequests.view.Edit\",\"bindingPath\":{\"propertyPath\":\"TAG\",\"modelName\":\"catalogModel\"},\"properties\":{\"text\":\"RefTag\"}}"}]}
RESULT: {"script":"<script> [1562 bytes]","args":[{"selector":{"controlType":"sap.ui.core.Icon","viewName":"etm.portal.ui.managerequests.view.Edit","properties":{"src":{"regex":{"source":"decline"}}},"ancestor":{"controlType":"sap.m.Token","viewName":"etm.portal.ui.managerequests.view.Edit","bindingPath":{"propertyPath":"TAG","modelName":"catalogModel"},"properties":{"text":"RefTag"}}},"wdio_ui5_key":"etmportal.ui.managerequests.view.Editsap.ui.core.Icon{\"src\":{\"regex\":{\"source\":\"decline\"}}}{\"controlType\":\"sap.m.Token\",\"viewName\":\"etm.portal.ui.managerequests.view.Edit\",\"bindingPath\":{\"propertyPath\":\"TAG\",\"modelName\":\"catalogModel\"},\"properties\":{\"text\":\"RefTag\"}}"}]}
RESULT: undefined
COMMAND: POST /session/fa0fa588b59cd70394c35387be1492a3/element - {"using":"xpath","value":"//*[@id=\"__token13-__tokenizer64-0-icon\"]"}
RESULT: {"using":"xpath","value":"//*[@id=\"__token13-__tokenizer64-0-icon\"]"}
COMMAND: POST /session/fa0fa588b59cd70394c35387be1492a3/element/f.E45B0C2907A9CCBDD1B779A362D73609.d.023F4947639518E4F75C56A929780257.e.3290/click - {}
RESULT: {}
COMMAND: POST /session/fa0fa588b59cd70394c35387be1492a3/execute/async - {"script":"<script> [1562 bytes]","args":[{"selector":{"id":"tagMultiInputRequests","viewName":"etm.portal.ui.managerequests.view.Edit","interaction":{"idSuffix":"inner"}},"wdio_ui5_key":"tagMultiInputRequestsetmportal.ui.managerequests.view.Edit"}]}
COMMAND: GET /session/fa0fa588b59cd70394c35387be1492a3/screenshot - {}
RESULT: {"script":"<script> [1562 bytes]","args":[{"selector":{"id":"tagMultiInputRequests","viewName":"etm.portal.ui.managerequests.view.Edit","interaction":{"idSuffix":"inner"}},"wdio_ui5_key":"tagMultiInputRequestsetmportal.ui.managerequests.view.Edit"}]}
RESULT: undefined
COMMAND: POST /session/fa0fa588b59cd70394c35387be1492a3/execute/async - {"script":"<script> [6424 bytes]","args":[{"element-6066-11e4-a52e-4f735466cecf":"f.E45B0C2907A9CCBDD1B779A362D73609.d.023F4947639518E4F75C56A929780257.e.3215"},"getTokens",[]]}
RESULT: {}
RESULT: {"script":"<script> [6424 bytes]","args":[{"element-6066-11e4-a52e-4f735466cecf":"f.E45B0C2907A9CCBDD1B779A362D73609.d.023F4947639518E4F75C56A929780257.e.3215"},"getTokens",[]]}
COMMAND: POST /session/fa0fa588b59cd70394c35387be1492a3/execute/async - {"script":"<script> [1562 bytes]","args":[{"wdio_ui5_key":"__token13-__tokenizer64-1","selector":{"id":"__token13-__tokenizer64-1"}}]}
RESULT: {"script":"<script> [1562 bytes]","args":[{"wdio_ui5_key":"__token13-__tokenizer64-1","selector":{"id":"__token13-__tokenizer64-1"}}]}
RESULT: undefined
RESULT: undefined
COMMAND: POST /session/fa0fa588b59cd70394c35387be1492a3/execute/async - {"script":"<script> [776 bytes]","args":[{"enterText":"RefTag","selector":{"id":"tagMultiInputRequests","viewName":"etm.portal.ui.managerequests.view.Edit","interaction":{"idSuffix":"inner"}},"clearTextFirst":true,"interactionType":"ENTER_TEXT"}]}
RESULT: {"script":"<script> [776 bytes]","args":[{"enterText":"RefTag","selector":{"id":"tagMultiInputRequests","viewName":"etm.portal.ui.managerequests.view.Edit","interaction":{"idSuffix":"inner"}},"clearTextFirst":true,"interactionType":"ENTER_TEXT"}]}
COMMAND: POST /session/fa0fa588b59cd70394c35387be1492a3/actions - {"actions":[{"id":"action28","type":"key","parameters":{},"actions":[{"type":"keyDown","value":""},{"type":"pause","duration":10},{"type":"keyUp","value":""}]}]}
RESULT: {"actions":[{"id":"action28","type":"key","parameters":{},"actions":[{"type":"keyDown","value":""},{"type":"pause","duration":10},{"type":"keyUp","value":""}]}]}
COMMAND: GET /session/fa0fa588b59cd70394c35387be1492a3/screenshot - {}
RESULT: {}
RESULT: undefined
COMMAND: POST /session/fa0fa588b59cd70394c35387be1492a3/execute/async - {"script":"<script> [6424 bytes]","args":[{"element-6066-11e4-a52e-4f735466cecf":"f.E45B0C2907A9CCBDD1B779A362D73609.d.023F4947639518E4F75C56A929780257.e.3215"},"getTokens",[]]}
RESULT: {"script":"<script> [6424 bytes]","args":[{"element-6066-11e4-a52e-4f735466cecf":"f.E45B0C2907A9CCBDD1B779A362D73609.d.023F4947639518E4F75C56A929780257.e.3215"},"getTokens",[]]}
COMMAND: POST /session/fa0fa588b59cd70394c35387be1492a3/execute/async - {"script":"<script> [1562 bytes]","args":[{"wdio_ui5_key":"__token16","selector":{"id":"__token16"}}]}
RESULT: undefined
RESULT: {"script":"<script> [1562 bytes]","args":[{"wdio_ui5_key":"__token16","selector":{"id":"__token16"}}]}
RESULT: undefined
COMMAND: POST /session/fa0fa588b59cd70394c35387be1492a3/execute/async - {"script":"<script> [1562 bytes]","args":[{"selector":{"controlType":"sap.m.Button","viewName":"etm.portal.ui.managerequests.view.Edit","properties":{"text":"Items (2)"},"interaction":{"idSuffix":"BDI-content"}},"wdio_ui5_key":"etmportal.ui.managerequests.view.Editsap.m.Button{\"text\":\"Items (2)\"}"}]}
RESULT: {"script":"<script> [1562 bytes]","args":[{"selector":{"controlType":"sap.m.Button","viewName":"etm.portal.ui.managerequests.view.Edit","properties":{"text":"Items (2)"},"interaction":{"idSuffix":"BDI-content"}},"wdio_ui5_key":"etmportal.ui.managerequests.view.Editsap.m.Button{\"text\":\"Items (2)\"}"}]}
RESULT: undefined
COMMAND: POST /session/fa0fa588b59cd70394c35387be1492a3/element - {"using":"xpath","value":"//*[@id=\"__xmlview61--editRequestPage-anchBar-__xmlview61--requestItemsSection-anchor\"]"}
RESULT: {"using":"xpath","value":"//*[@id=\"__xmlview61--editRequestPage-anchBar-__xmlview61--requestItemsSection-anchor\"]"}
COMMAND: POST /session/fa0fa588b59cd70394c35387be1492a3/element/f.E45B0C2907A9CCBDD1B779A362D73609.d.023F4947639518E4F75C56A929780257.e.3295/click - {}
RESULT: {}
COMMAND: GET /session/fa0fa588b59cd70394c35387be1492a3/screenshot - {}
RESULT: {}
COMMAND: POST /session/fa0fa588b59cd70394c35387be1492a3/execute/async - {"script":"<script> [1562 bytes]","args":[{"selector":{"controlType":"sap.ui.core.Icon","viewName":"etm.portal.ui.managerequests.view.Edit","properties":{"src":{"regex":{"source":"inspect"}}}},"wdio_ui5_key":"etmportal.ui.managerequests.view.Editsap.ui.core.Icon{\"src\":{\"regex\":{\"source\":\"inspect\"}}}"}]}
RESULT: {"script":"<script> [1562 bytes]","args":[{"selector":{"controlType":"sap.ui.core.Icon","viewName":"etm.portal.ui.managerequests.view.Edit","properties":{"src":{"regex":{"source":"inspect"}}}},"wdio_ui5_key":"etmportal.ui.managerequests.view.Editsap.ui.core.Icon{\"src\":{\"regex\":{\"source\":\"inspect\"}}}"}]}
RESULT: undefined
COMMAND: POST /session/fa0fa588b59cd70394c35387be1492a3/element - {"using":"xpath","value":"//*[@id=\"__button165-img\"]"}
RESULT: {"using":"xpath","value":"//*[@id=\"__button165-img\"]"}
COMMAND: POST /session/fa0fa588b59cd70394c35387be1492a3/element/f.E45B0C2907A9CCBDD1B779A362D73609.d.023F4947639518E4F75C56A929780257.e.3301/click - {}
RESULT: {}
COMMAND: GET /session/fa0fa588b59cd70394c35387be1492a3/screenshot - {}
RESULT: {}
COMMAND: POST /session/fa0fa588b59cd70394c35387be1492a3/execute/async - {"script":"<script> [1562 bytes]","args":[{"selector":{"controlType":"sap.m.Tokenizer","viewName":"etm.portal.ui.managerequests.view.Edit","bindingPath":{"path":"/RequestItems/0","propertyPath":"LINK_TO_TAGS","modelName":"RequestItemsModel"}},"wdio_ui5_key":"etmportal.ui.managerequests.view.Editsap.m.Tokenizer{\"path\":\"/RequestItems/0\",\"propertyPath\":\"LINK_TO_TAGS\",\"modelName\":\"RequestItemsModel\"}"}]}
RESULT: {"script":"<script> [1562 bytes]","args":[{"selector":{"controlType":"sap.m.Tokenizer","viewName":"etm.portal.ui.managerequests.view.Edit","bindingPath":{"path":"/RequestItems/0","propertyPath":"LINK_TO_TAGS","modelName":"RequestItemsModel"}},"wdio_ui5_key":"etmportal.ui.managerequests.view.Editsap.m.Tokenizer{\"path\":\"/RequestItems/0\",\"propertyPath\":\"LINK_TO_TAGS\",\"modelName\":\"RequestItemsModel\"}"}]}
RESULT: undefined
COMMAND: POST /session/fa0fa588b59cd70394c35387be1492a3/element - {"using":"xpath","value":"//*[@id=\"__tokenizer66\"]"}
RESULT: {"using":"xpath","value":"//*[@id=\"__tokenizer66\"]"}
COMMAND: POST /session/fa0fa588b59cd70394c35387be1492a3/element/f.E45B0C2907A9CCBDD1B779A362D73609.d.023F4947639518E4F75C56A929780257.e.3304/click - {}
RESULT: {}
COMMAND: GET /session/fa0fa588b59cd70394c35387be1492a3/screenshot - {}
RESULT: {}
COMMAND: POST /session/fa0fa588b59cd70394c35387be1492a3/execute/async - {"script":"<script> [1562 bytes]","args":[{"selector":{"controlType":"sap.ui.core.Icon","viewName":"etm.portal.ui.managerequests.view.Edit","properties":{"src":{"regex":{"source":"decline"}}},"searchOpenDialogs":true,"ancestor":{"controlType":"sap.m.StandardListItem","viewName":"etm.portal.ui.managerequests.view.Edit","properties":{"title":"tag-duplicate"},"searchOpenDialogs":true}},"wdio_ui5_key":"etmportal.ui.managerequests.view.Editsap.ui.core.Icon{\"src\":{\"regex\":{\"source\":\"decline\"}}}{\"controlType\":\"sap.m.StandardListItem\",\"viewName\":\"etm.portal.ui.managerequests.view.Edit\",\"properties\":{\"title\":\"tag-duplicate\"},\"searchOpenDialogs\":true}"}]}
RESULT: {"script":"<script> [1562 bytes]","args":[{"selector":{"controlType":"sap.ui.core.Icon","viewName":"etm.portal.ui.managerequests.view.Edit","properties":{"src":{"regex":{"source":"decline"}}},"searchOpenDialogs":true,"ancestor":{"controlType":"sap.m.StandardListItem","viewName":"etm.portal.ui.managerequests.view.Edit","properties":{"title":"tag-duplicate"},"searchOpenDialogs":true}},"wdio_ui5_key":"etmportal.ui.managerequests.view.Editsap.ui.core.Icon{\"src\":{\"regex\":{\"source\":\"decline\"}}}{\"controlType\":\"sap.m.StandardListItem\",\"viewName\":\"etm.portal.ui.managerequests.view.Edit\",\"properties\":{\"title\":\"tag-duplicate\"},\"searchOpenDialogs\":true}"}]}
RESULT: undefined
COMMAND: POST /session/fa0fa588b59cd70394c35387be1492a3/element - {"using":"xpath","value":"//*[@id=\"__item1717-imgDel-img\"]"}
RESULT: {"using":"xpath","value":"//*[@id=\"__item1717-imgDel-img\"]"}
COMMAND: POST /session/fa0fa588b59cd70394c35387be1492a3/element/f.E45B0C2907A9CCBDD1B779A362D73609.d.023F4947639518E4F75C56A929780257.e.3307/click - {}
RESULT: {}
COMMAND: GET /session/fa0fa588b59cd70394c35387be1492a3/screenshot - {}
RESULT: {}
COMMAND: POST /session/fa0fa588b59cd70394c35387be1492a3/actions - {"actions":[{"id":"action29","type":"key","parameters":{},"actions":[{"type":"keyDown","value":""},{"type":"pause","duration":10},{"type":"keyUp","value":""}]}]}
RESULT: {"actions":[{"id":"action29","type":"key","parameters":{},"actions":[{"type":"keyDown","value":""},{"type":"pause","duration":10},{"type":"keyUp","value":""}]}]}
COMMAND: POST /session/fa0fa588b59cd70394c35387be1492a3/execute/async - {"script":"<script> [1562 bytes]","args":[{"selector":{"controlType":"sap.m.Tokenizer","viewName":"etm.portal.ui.managerequests.view.Edit","bindingPath":{"path":"/RequestItems/1","propertyPath":"LINK_TO_TAGS","modelName":"RequestItemsModel"}},"wdio_ui5_key":"etmportal.ui.managerequests.view.Editsap.m.Tokenizer{\"path\":\"/RequestItems/1\",\"propertyPath\":\"LINK_TO_TAGS\",\"modelName\":\"RequestItemsModel\"}"}]}
COMMAND: GET /session/fa0fa588b59cd70394c35387be1492a3/screenshot - {}
RESULT: {"script":"<script> [1562 bytes]","args":[{"selector":{"controlType":"sap.m.Tokenizer","viewName":"etm.portal.ui.managerequests.view.Edit","bindingPath":{"path":"/RequestItems/1","propertyPath":"LINK_TO_TAGS","modelName":"RequestItemsModel"}},"wdio_ui5_key":"etmportal.ui.managerequests.view.Editsap.m.Tokenizer{\"path\":\"/RequestItems/1\",\"propertyPath\":\"LINK_TO_TAGS\",\"modelName\":\"RequestItemsModel\"}"}]}
RESULT: undefined
COMMAND: POST /session/fa0fa588b59cd70394c35387be1492a3/element - {"using":"xpath","value":"//*[@id=\"__tokenizer67\"]"}
RESULT: {}
RESULT: {"using":"xpath","value":"//*[@id=\"__tokenizer67\"]"}
COMMAND: POST /session/fa0fa588b59cd70394c35387be1492a3/element/f.E45B0C2907A9CCBDD1B779A362D73609.d.023F4947639518E4F75C56A929780257.e.3310/click - {}
RESULT: {}
COMMAND: GET /session/fa0fa588b59cd70394c35387be1492a3/screenshot - {}
RESULT: {}
COMMAND: POST /session/fa0fa588b59cd70394c35387be1492a3/execute/async - {"script":"<script> [1562 bytes]","args":[{"selector":{"controlType":"sap.ui.core.Icon","viewName":"etm.portal.ui.managerequests.view.Edit","properties":{"src":{"regex":{"source":"decline"}}},"searchOpenDialogs":true,"ancestor":{"controlType":"sap.m.StandardListItem","viewName":"etm.portal.ui.managerequests.view.Edit","properties":{"title":"tagRequest1"},"searchOpenDialogs":true}},"wdio_ui5_key":"etmportal.ui.managerequests.view.Editsap.ui.core.Icon{\"src\":{\"regex\":{\"source\":\"decline\"}}}{\"controlType\":\"sap.m.StandardListItem\",\"viewName\":\"etm.portal.ui.managerequests.view.Edit\",\"properties\":{\"title\":\"tagRequest1\"},\"searchOpenDialogs\":true}"}]}
RESULT: {"script":"<script> [1562 bytes]","args":[{"selector":{"controlType":"sap.ui.core.Icon","viewName":"etm.portal.ui.managerequests.view.Edit","properties":{"src":{"regex":{"source":"decline"}}},"searchOpenDialogs":true,"ancestor":{"controlType":"sap.m.StandardListItem","viewName":"etm.portal.ui.managerequests.view.Edit","properties":{"title":"tagRequest1"},"searchOpenDialogs":true}},"wdio_ui5_key":"etmportal.ui.managerequests.view.Editsap.ui.core.Icon{\"src\":{\"regex\":{\"source\":\"decline\"}}}{\"controlType\":\"sap.m.StandardListItem\",\"viewName\":\"etm.portal.ui.managerequests.view.Edit\",\"properties\":{\"title\":\"tagRequest1\"},\"searchOpenDialogs\":true}"}]}
RESULT: undefined
COMMAND: POST /session/fa0fa588b59cd70394c35387be1492a3/element - {"using":"xpath","value":"//*[@id=\"__item1725-imgDel-img\"]"}
RESULT: {"using":"xpath","value":"//*[@id=\"__item1725-imgDel-img\"]"}
COMMAND: POST /session/fa0fa588b59cd70394c35387be1492a3/element/f.E45B0C2907A9CCBDD1B779A362D73609.d.023F4947639518E4F75C56A929780257.e.3313/click - {}
RESULT: {}
COMMAND: GET /session/fa0fa588b59cd70394c35387be1492a3/screenshot - {}
RESULT: {}
COMMAND: POST /session/fa0fa588b59cd70394c35387be1492a3/execute/async - {"script":"<script> [1562 bytes]","args":[{"selector":{"controlType":"sap.ui.core.Icon","viewName":"etm.portal.ui.managerequests.view.Edit","properties":{"src":{"regex":{"source":"decline"}}},"searchOpenDialogs":true,"ancestor":{"controlType":"sap.m.StandardListItem","viewName":"etm.portal.ui.managerequests.view.Edit","properties":{"title":"RefTag"},"searchOpenDialogs":true}},"wdio_ui5_key":"etmportal.ui.managerequests.view.Editsap.ui.core.Icon{\"src\":{\"regex\":{\"source\":\"decline\"}}}{\"controlType\":\"sap.m.StandardListItem\",\"viewName\":\"etm.portal.ui.managerequests.view.Edit\",\"properties\":{\"title\":\"RefTag\"},\"searchOpenDialogs\":true}"}]}
RESULT: {"script":"<script> [1562 bytes]","args":[{"selector":{"controlType":"sap.ui.core.Icon","viewName":"etm.portal.ui.managerequests.view.Edit","properties":{"src":{"regex":{"source":"decline"}}},"searchOpenDialogs":true,"ancestor":{"controlType":"sap.m.StandardListItem","viewName":"etm.portal.ui.managerequests.view.Edit","properties":{"title":"RefTag"},"searchOpenDialogs":true}},"wdio_ui5_key":"etmportal.ui.managerequests.view.Editsap.ui.core.Icon{\"src\":{\"regex\":{\"source\":\"decline\"}}}{\"controlType\":\"sap.m.StandardListItem\",\"viewName\":\"etm.portal.ui.managerequests.view.Edit\",\"properties\":{\"title\":\"RefTag\"},\"searchOpenDialogs\":true}"}]}
RESULT: undefined
COMMAND: POST /session/fa0fa588b59cd70394c35387be1492a3/element - {"using":"xpath","value":"//*[@id=\"__item1729-imgDel-img\"]"}
RESULT: {"using":"xpath","value":"//*[@id=\"__item1729-imgDel-img\"]"}
COMMAND: POST /session/fa0fa588b59cd70394c35387be1492a3/element/f.E45B0C2907A9CCBDD1B779A362D73609.d.023F4947639518E4F75C56A929780257.e.3316/click - {}
RESULT: {}
COMMAND: GET /session/fa0fa588b59cd70394c35387be1492a3/screenshot - {}
RESULT: {}
COMMAND: POST /session/fa0fa588b59cd70394c35387be1492a3/execute/async - {"script":"<script> [1562 bytes]","args":[{"selector":{"controlType":"sap.ui.core.Icon","viewName":"etm.portal.ui.managerequests.view.Edit","properties":{"src":{"regex":{"source":"decline"}}},"searchOpenDialogs":true,"ancestor":{"controlType":"sap.m.StandardListItem","viewName":"etm.portal.ui.managerequests.view.Edit","properties":{"title":"tag-header"},"searchOpenDialogs":true}},"wdio_ui5_key":"etmportal.ui.managerequests.view.Editsap.ui.core.Icon{\"src\":{\"regex\":{\"source\":\"decline\"}}}{\"controlType\":\"sap.m.StandardListItem\",\"viewName\":\"etm.portal.ui.managerequests.view.Edit\",\"properties\":{\"title\":\"tag-header\"},\"searchOpenDialogs\":true}"}]}
RESULT: {"script":"<script> [1562 bytes]","args":[{"selector":{"controlType":"sap.ui.core.Icon","viewName":"etm.portal.ui.managerequests.view.Edit","properties":{"src":{"regex":{"source":"decline"}}},"searchOpenDialogs":true,"ancestor":{"controlType":"sap.m.StandardListItem","viewName":"etm.portal.ui.managerequests.view.Edit","properties":{"title":"tag-header"},"searchOpenDialogs":true}},"wdio_ui5_key":"etmportal.ui.managerequests.view.Editsap.ui.core.Icon{\"src\":{\"regex\":{\"source\":\"decline\"}}}{\"controlType\":\"sap.m.StandardListItem\",\"viewName\":\"etm.portal.ui.managerequests.view.Edit\",\"properties\":{\"title\":\"tag-header\"},\"searchOpenDialogs\":true}"}]}
RESULT: undefined
COMMAND: POST /session/fa0fa588b59cd70394c35387be1492a3/element - {"using":"xpath","value":"//*[@id=\"__item1732-imgDel-img\"]"}
RESULT: {"using":"xpath","value":"//*[@id=\"__item1732-imgDel-img\"]"}
COMMAND: POST /session/fa0fa588b59cd70394c35387be1492a3/element/f.E45B0C2907A9CCBDD1B779A362D73609.d.023F4947639518E4F75C56A929780257.e.3319/click - {}
RESULT: {}
COMMAND: GET /session/fa0fa588b59cd70394c35387be1492a3/screenshot - {}
RESULT: {}
COMMAND: POST /session/fa0fa588b59cd70394c35387be1492a3/actions - {"actions":[{"id":"action30","type":"key","parameters":{},"actions":[{"type":"keyDown","value":""},{"type":"pause","duration":10},{"type":"keyUp","value":""}]}]}
RESULT: {"actions":[{"id":"action30","type":"key","parameters":{},"actions":[{"type":"keyDown","value":""},{"type":"pause","duration":10},{"type":"keyUp","value":""}]}]}
COMMAND: POST /session/fa0fa588b59cd70394c35387be1492a3/actions - {"actions":[{"id":"action31","type":"key","parameters":{},"actions":[{"type":"keyDown","value":""},{"type":"pause","duration":10},{"type":"keyUp","value":""}]}]}
COMMAND: GET /session/fa0fa588b59cd70394c35387be1492a3/screenshot - {}
RESULT: {"actions":[{"id":"action31","type":"key","parameters":{},"actions":[{"type":"keyDown","value":""},{"type":"pause","duration":10},{"type":"keyUp","value":""}]}]}
COMMAND: GET /session/fa0fa588b59cd70394c35387be1492a3/screenshot - {}
RESULT: {}
RESULT: {}
COMMAND: POST /session/fa0fa588b59cd70394c35387be1492a3/execute/async - {"script":"<script> [1562 bytes]","args":[{"selector":{"controlType":"sap.m.Button","viewName":"etm.portal.ui.managerequests.view.Edit","i18NText":{"propertyName":"tooltip","key":"save"},"interaction":{"idSuffix":"BDI-content"}},"wdio_ui5_key":"etmportal.ui.managerequests.view.Editsap.m.Button{\"propertyName\":\"tooltip\",\"key\":\"save\"}"}]}
RESULT: {"script":"<script> [1562 bytes]","args":[{"selector":{"controlType":"sap.m.Button","viewName":"etm.portal.ui.managerequests.view.Edit","i18NText":{"propertyName":"tooltip","key":"save"},"interaction":{"idSuffix":"BDI-content"}},"wdio_ui5_key":"etmportal.ui.managerequests.view.Editsap.m.Button{\"propertyName\":\"tooltip\",\"key\":\"save\"}"}]}
RESULT: undefined
COMMAND: POST /session/fa0fa588b59cd70394c35387be1492a3/element - {"using":"xpath","value":"//*[@id=\"__xmlview61--saveButtonId\"]"}
RESULT: {"using":"xpath","value":"//*[@id=\"__xmlview61--saveButtonId\"]"}
COMMAND: POST /session/fa0fa588b59cd70394c35387be1492a3/element/f.E45B0C2907A9CCBDD1B779A362D73609.d.023F4947639518E4F75C56A929780257.e.3224/click - {}
RESULT: {}
COMMAND: GET /session/fa0fa588b59cd70394c35387be1492a3/screenshot - {}
RESULT: {}
COMMAND: POST /session/fa0fa588b59cd70394c35387be1492a3/execute/async - {"script":"<script> [1562 bytes]","args":[{"selector":{"id":"tagsLayoutViewMode","viewName":"etm.portal.ui.managerequests.view.Detail"},"wdio_ui5_key":"tagsLayoutViewModeetmportal.ui.managerequests.view.Detail"}]}
RESULT: {"script":"<script> [1562 bytes]","args":[{"selector":{"id":"tagsLayoutViewMode","viewName":"etm.portal.ui.managerequests.view.Detail"},"wdio_ui5_key":"tagsLayoutViewModeetmportal.ui.managerequests.view.Detail"}]}
RESULT: undefined
COMMAND: POST /session/fa0fa588b59cd70394c35387be1492a3/execute/async - {"script":"<script> [6424 bytes]","args":[{"element-6066-11e4-a52e-4f735466cecf":"f.E45B0C2907A9CCBDD1B779A362D73609.d.023F4947639518E4F75C56A929780257.e.3448"},"getTokens",[]]}
RESULT: {"script":"<script> [6424 bytes]","args":[{"element-6066-11e4-a52e-4f735466cecf":"f.E45B0C2907A9CCBDD1B779A362D73609.d.023F4947639518E4F75C56A929780257.e.3448"},"getTokens",[]]}
COMMAND: POST /session/fa0fa588b59cd70394c35387be1492a3/execute/async - {"script":"<script> [1562 bytes]","args":[{"wdio_ui5_key":"__token11-__xmlview60--tagsLayoutViewMode-1","selector":{"id":"__token11-__xmlview60--tagsLayoutViewMode-1"}}]}
COMMAND: POST /session/fa0fa588b59cd70394c35387be1492a3/execute/async - {"script":"<script> [1562 bytes]","args":[{"wdio_ui5_key":"__token11-__xmlview60--tagsLayoutViewMode-0","selector":{"id":"__token11-__xmlview60--tagsLayoutViewMode-0"}}]}
RESULT: {"script":"<script> [1562 bytes]","args":[{"wdio_ui5_key":"__token11-__xmlview60--tagsLayoutViewMode-0","selector":{"id":"__token11-__xmlview60--tagsLayoutViewMode-0"}}]}
RESULT: undefined
RESULT: {"script":"<script> [1562 bytes]","args":[{"wdio_ui5_key":"__token11-__xmlview60--tagsLayoutViewMode-1","selector":{"id":"__token11-__xmlview60--tagsLayoutViewMode-1"}}]}
RESULT: undefined
COMMAND: POST /session/fa0fa588b59cd70394c35387be1492a3/execute/async - {"script":"<script> [1562 bytes]","args":[{"selector":{"controlType":"sap.m.OverflowToolbarButton","viewName":"etm.portal.ui.managerequests.view.Detail","properties":{"text":"Settings"},"interaction":{"idSuffix":"inner"}},"wdio_ui5_key":"etmportal.ui.managerequests.view.Detailsap.m.OverflowToolbarButton{\"text\":\"Settings\"}"}]}
RESULT: {"script":"<script> [1562 bytes]","args":[{"selector":{"controlType":"sap.m.OverflowToolbarButton","viewName":"etm.portal.ui.managerequests.view.Detail","properties":{"text":"Settings"},"interaction":{"idSuffix":"inner"}},"wdio_ui5_key":"etmportal.ui.managerequests.view.Detailsap.m.OverflowToolbarButton{\"text\":\"Settings\"}"}]}
RESULT: undefined
COMMAND: POST /session/fa0fa588b59cd70394c35387be1492a3/element - {"using":"xpath","value":"//*[@id=\"__xmlview60--smartTableRequestItems-btnPersonalisation\"]"}
RESULT: {"using":"xpath","value":"//*[@id=\"__xmlview60--smartTableRequestItems-btnPersonalisation\"]"}
COMMAND: POST /session/fa0fa588b59cd70394c35387be1492a3/element/f.E45B0C2907A9CCBDD1B779A362D73609.d.023F4947639518E4F75C56A929780257.e.3452/click - {}
RESULT: {}
COMMAND: POST /session/fa0fa588b59cd70394c35387be1492a3/execute/async - {"script":"<script> [1562 bytes]","args":[{"selector":{"controlType":"sap.m.SearchField","viewName":"etm.portal.ui.managerequests.view.Detail","searchOpenDialogs":true,"interaction":{"idSuffix":"I"}},"wdio_ui5_key":"etmportal.ui.managerequests.view.Detailsap.m.SearchField"}]}
COMMAND: GET /session/fa0fa588b59cd70394c35387be1492a3/screenshot - {}
RESULT: {"script":"<script> [1562 bytes]","args":[{"selector":{"controlType":"sap.m.SearchField","viewName":"etm.portal.ui.managerequests.view.Detail","searchOpenDialogs":true,"interaction":{"idSuffix":"I"}},"wdio_ui5_key":"etmportal.ui.managerequests.view.Detailsap.m.SearchField"}]}
RESULT: undefined
COMMAND: POST /session/fa0fa588b59cd70394c35387be1492a3/execute/async - {"script":"<script> [776 bytes]","args":[{"enterText":"tag","selector":{"controlType":"sap.m.SearchField","viewName":"etm.portal.ui.managerequests.view.Detail","searchOpenDialogs":true,"interaction":{"idSuffix":"I"}},"clearTextFirst":true,"interactionType":"ENTER_TEXT"}]}
RESULT: {}
RESULT: {"script":"<script> [776 bytes]","args":[{"enterText":"tag","selector":{"controlType":"sap.m.SearchField","viewName":"etm.portal.ui.managerequests.view.Detail","searchOpenDialogs":true,"interaction":{"idSuffix":"I"}},"clearTextFirst":true,"interactionType":"ENTER_TEXT"}]}
COMMAND: POST /session/fa0fa588b59cd70394c35387be1492a3/element - {"using":"xpath","value":"//div[contains(@id ,\"innerSelectionPanelTable-0-selectMulti-CbBg\")]"}
RESULT: {"using":"xpath","value":"//div[contains(@id ,\"innerSelectionPanelTable-0-selectMulti-CbBg\")]"}
COMMAND: POST /session/fa0fa588b59cd70394c35387be1492a3/element/f.E45B0C2907A9CCBDD1B779A362D73609.d.023F4947639518E4F75C56A929780257.e.3489/click - {}
RESULT: {}
COMMAND: POST /session/fa0fa588b59cd70394c35387be1492a3/execute/async - {"script":"<script> [1562 bytes]","args":[{"selector":{"controlType":"sap.m.Button","viewName":"etm.portal.ui.managerequests.view.Detail","properties":{"text":"OK"},"searchOpenDialogs":true,"interaction":{"idSuffix":"BDI-content"}},"wdio_ui5_key":"etmportal.ui.managerequests.view.Detailsap.m.Button{\"text\":\"OK\"}"}]}
COMMAND: GET /session/fa0fa588b59cd70394c35387be1492a3/screenshot - {}
RESULT: {}
RESULT: {"script":"<script> [1562 bytes]","args":[{"selector":{"controlType":"sap.m.Button","viewName":"etm.portal.ui.managerequests.view.Detail","properties":{"text":"OK"},"searchOpenDialogs":true,"interaction":{"idSuffix":"BDI-content"}},"wdio_ui5_key":"etmportal.ui.managerequests.view.Detailsap.m.Button{\"text\":\"OK\"}"}]}
RESULT: undefined
COMMAND: POST /session/fa0fa588b59cd70394c35387be1492a3/element - {"using":"xpath","value":"//*[@id=\"__popup378-confirmBtn\"]"}
RESULT: {"using":"xpath","value":"//*[@id=\"__popup378-confirmBtn\"]"}
COMMAND: POST /session/fa0fa588b59cd70394c35387be1492a3/element/f.E45B0C2907A9CCBDD1B779A362D73609.d.023F4947639518E4F75C56A929780257.e.3494/click - {}
RESULT: {}
COMMAND: GET /session/fa0fa588b59cd70394c35387be1492a3/screenshot - {}
RESULT: {}
COMMAND: POST /session/fa0fa588b59cd70394c35387be1492a3/execute/async - {"script":"<script> [1562 bytes]","args":[{"selector":{"controlType":"sap.m.Text","viewName":"etm.portal.ui.managerequests.view.Detail","bindingPath":{"propertyPath":"NO","modelName":"catalogModel"}},"wdio_ui5_key":"etmportal.ui.managerequests.view.Detailsap.m.Text{\"propertyPath\":\"NO\",\"modelName\":\"catalogModel\"}"}]}
RESULT: {"script":"<script> [1562 bytes]","args":[{"selector":{"controlType":"sap.m.Text","viewName":"etm.portal.ui.managerequests.view.Detail","bindingPath":{"propertyPath":"NO","modelName":"catalogModel"}},"wdio_ui5_key":"etmportal.ui.managerequests.view.Detailsap.m.Text{\"propertyPath\":\"NO\",\"modelName\":\"catalogModel\"}"}]}
RESULT: undefined
COMMAND: POST /session/fa0fa588b59cd70394c35387be1492a3/execute/async - {"script":"<script> [6424 bytes]","args":[{"element-6066-11e4-a52e-4f735466cecf":"f.E45B0C2907A9CCBDD1B779A362D73609.d.023F4947639518E4F75C56A929780257.e.3506"},"getText",[]]}
RESULT: {"script":"<script> [6424 bytes]","args":[{"element-6066-11e4-a52e-4f735466cecf":"f.E45B0C2907A9CCBDD1B779A362D73609.d.023F4947639518E4F75C56A929780257.e.3506"},"getText",[]]}
COMMAND: POST /session/fa0fa588b59cd70394c35387be1492a3/execute/async - {"script":"<script> [1562 bytes]","args":[{"selector":{"controlType":"sap.m.Tokenizer","viewName":"etm.portal.ui.managerequests.view.Detail","bindingPath":{"path":"/SmartRequestItemsPlanningBoard(ITEM=10m,REQUEST='20149')","propertyPath":"LINK_TO_TAGS"}},"wdio_ui5_key":"etmportal.ui.managerequests.view.Detailsap.m.Tokenizer{\"path\":\"/SmartRequestItemsPlanningBoard(ITEM=10m,REQUEST='20149')\",\"propertyPath\":\"LINK_TO_TAGS\"}"}]}
RESULT: {"script":"<script> [1562 bytes]","args":[{"selector":{"controlType":"sap.m.Tokenizer","viewName":"etm.portal.ui.managerequests.view.Detail","bindingPath":{"path":"/SmartRequestItemsPlanningBoard(ITEM=10m,REQUEST='20149')","propertyPath":"LINK_TO_TAGS"}},"wdio_ui5_key":"etmportal.ui.managerequests.view.Detailsap.m.Tokenizer{\"path\":\"/SmartRequestItemsPlanningBoard(ITEM=10m,REQUEST='20149')\",\"propertyPath\":\"LINK_TO_TAGS\"}"}]}
RESULT: undefined
COMMAND: POST /session/fa0fa588b59cd70394c35387be1492a3/execute/async - {"script":"<script> [6424 bytes]","args":[{"element-6066-11e4-a52e-4f735466cecf":"f.E45B0C2907A9CCBDD1B779A362D73609.d.023F4947639518E4F75C56A929780257.e.3507"},"getTokens",[]]}
RESULT: {"script":"<script> [6424 bytes]","args":[{"element-6066-11e4-a52e-4f735466cecf":"f.E45B0C2907A9CCBDD1B779A362D73609.d.023F4947639518E4F75C56A929780257.e.3507"},"getTokens",[]]}
COMMAND: POST /session/fa0fa588b59cd70394c35387be1492a3/execute/async - {"script":"<script> [1562 bytes]","args":[{"wdio_ui5_key":"__token12-__tokenizer63-__clone4674-1","selector":{"id":"__token12-__tokenizer63-__clone4674-1"}}]}
COMMAND: POST /session/fa0fa588b59cd70394c35387be1492a3/execute/async - {"script":"<script> [1562 bytes]","args":[{"wdio_ui5_key":"__token12-__tokenizer63-__clone4674-2","selector":{"id":"__token12-__tokenizer63-__clone4674-2"}}]}
COMMAND: POST /session/fa0fa588b59cd70394c35387be1492a3/execute/async - {"script":"<script> [1562 bytes]","args":[{"wdio_ui5_key":"__token12-__tokenizer63-__clone4674-0","selector":{"id":"__token12-__tokenizer63-__clone4674-0"}}]}
RESULT: {"script":"<script> [1562 bytes]","args":[{"wdio_ui5_key":"__token12-__tokenizer63-__clone4674-0","selector":{"id":"__token12-__tokenizer63-__clone4674-0"}}]}
RESULT: undefined
RESULT: {"script":"<script> [1562 bytes]","args":[{"wdio_ui5_key":"__token12-__tokenizer63-__clone4674-2","selector":{"id":"__token12-__tokenizer63-__clone4674-2"}}]}
RESULT: undefined
RESULT: {"script":"<script> [1562 bytes]","args":[{"wdio_ui5_key":"__token12-__tokenizer63-__clone4674-1","selector":{"id":"__token12-__tokenizer63-__clone4674-1"}}]}
RESULT: undefined
COMMAND: POST /session/fa0fa588b59cd70394c35387be1492a3/element - {"using":"xpath","value":"(//span[contains(text(), \"tag-header\")])[2]"}
RESULT: {"using":"xpath","value":"(//span[contains(text(), \"tag-header\")])[2]"}
COMMAND: POST /session/fa0fa588b59cd70394c35387be1492a3/elements - {"using":"xpath","value":"(//span[contains(text(), \"tag-header\")])[2]"}
RESULT: {"using":"xpath","value":"(//span[contains(text(), \"tag-header\")])[2]"}
COMMAND: POST /session/fa0fa588b59cd70394c35387be1492a3/execute/async - {"script":"<script> [1562 bytes]","args":[{"selector":{"controlType":"sap.m.Tokenizer","viewName":"etm.portal.ui.managerequests.view.Detail","bindingPath":{"path":"/SmartRequestItemsPlanningBoard(ITEM=20m,REQUEST='20149')","propertyPath":"LINK_TO_TAGS"}},"wdio_ui5_key":"etmportal.ui.managerequests.view.Detailsap.m.Tokenizer{\"path\":\"/SmartRequestItemsPlanningBoard(ITEM=20m,REQUEST='20149')\",\"propertyPath\":\"LINK_TO_TAGS\"}"}]}
RESULT: {"script":"<script> [1562 bytes]","args":[{"selector":{"controlType":"sap.m.Tokenizer","viewName":"etm.portal.ui.managerequests.view.Detail","bindingPath":{"path":"/SmartRequestItemsPlanningBoard(ITEM=20m,REQUEST='20149')","propertyPath":"LINK_TO_TAGS"}},"wdio_ui5_key":"etmportal.ui.managerequests.view.Detailsap.m.Tokenizer{\"path\":\"/SmartRequestItemsPlanningBoard(ITEM=20m,REQUEST='20149')\",\"propertyPath\":\"LINK_TO_TAGS\"}"}]}
RESULT: undefined
COMMAND: POST /session/fa0fa588b59cd70394c35387be1492a3/execute/async - {"script":"<script> [6424 bytes]","args":[{"element-6066-11e4-a52e-4f735466cecf":"f.E45B0C2907A9CCBDD1B779A362D73609.d.023F4947639518E4F75C56A929780257.e.3512"},"getTokens",[]]}
RESULT: {"script":"<script> [6424 bytes]","args":[{"element-6066-11e4-a52e-4f735466cecf":"f.E45B0C2907A9CCBDD1B779A362D73609.d.023F4947639518E4F75C56A929780257.e.3512"},"getTokens",[]]}
COMMAND: POST /session/fa0fa588b59cd70394c35387be1492a3/element - {"using":"css selector","value":"#shell-header-logo"}
RESULT: {"using":"css selector","value":"#shell-header-logo"}
COMMAND: POST /session/fa0fa588b59cd70394c35387be1492a3/element/f.E45B0C2907A9CCBDD1B779A362D73609.d.023F4947639518E4F75C56A929780257.e.2543/click - {}
RESULT: {}
COMMAND: GET /session/fa0fa588b59cd70394c35387be1492a3/screenshot - {}
RESULT: {}
]]></system-out>
    </testcase>
  </testsuite>
  <testsuite timestamp="2025-05-28T15:48:09" time="528.997" tests="4" failures="0" errors="0" skipped="0">
    <properties>
      <property name="specId" value="0"/>
      <property name="suiteName" value="Manage request + Contract processing pick up option US120163 "/>
      <property name="capabilities" value="chrome.136_0_7103_93.windows"/>
      <property name="file" value="file:///D:/a/1/s/test/specs/R2C/create-request-Pickup.spec.js"/>
    </properties>
    <testcase classname="chrome.136_0_7103_93.windows.Manage_request_+_Contract_processing_pick_up_option_US120163_" name="Should create a new contract" time="64.502">
      <system-out><![CDATA[
COMMAND: POST /session/fa0fa588b59cd70394c35387be1492a3/execute/async - {"script":"<script> [1562 bytes]","args":[{"selector":{"controlType":"sap.m.Text","viewName":"etm.portal.ui.managecontractstile.view.Master","properties":{"text":"Manage Contracts"},"interaction":{"idSuffix":"inner"}},"wdio_ui5_key":"etmportal.ui.managecontractstile.view.Mastersap.m.Text{\"text\":\"Manage Contracts\"}"}]}
RESULT: {"script":"<script> [1562 bytes]","args":[{"selector":{"controlType":"sap.m.Text","viewName":"etm.portal.ui.managecontractstile.view.Master","properties":{"text":"Manage Contracts"},"interaction":{"idSuffix":"inner"}},"wdio_ui5_key":"etmportal.ui.managecontractstile.view.Mastersap.m.Text{\"text\":\"Manage Contracts\"}"}]}
RESULT: undefined
COMMAND: POST /session/fa0fa588b59cd70394c35387be1492a3/element - {"using":"xpath","value":"//*[@id=\"__tile132-title\"]"}
RESULT: {"using":"xpath","value":"//*[@id=\"__tile132-title\"]"}
COMMAND: POST /session/fa0fa588b59cd70394c35387be1492a3/element/f.E45B0C2907A9CCBDD1B779A362D73609.d.023F4947639518E4F75C56A929780257.e.3516/click - {}
RESULT: {}
COMMAND: GET /session/fa0fa588b59cd70394c35387be1492a3/screenshot - {}
RESULT: {}
COMMAND: POST /session/fa0fa588b59cd70394c35387be1492a3/execute/async - {"script":"<script> [1562 bytes]","args":[{"selector":{"controlType":"sap.ui.core.Icon","viewName":"etm.portal.ui.managecontracts.view.Master","properties":{"src":{"regex":{"source":"add"}}}},"wdio_ui5_key":"etmportal.ui.managecontracts.view.Mastersap.ui.core.Icon{\"src\":{\"regex\":{\"source\":\"add\"}}}"}]}
RESULT: {"script":"<script> [1562 bytes]","args":[{"selector":{"controlType":"sap.ui.core.Icon","viewName":"etm.portal.ui.managecontracts.view.Master","properties":{"src":{"regex":{"source":"add"}}}},"wdio_ui5_key":"etmportal.ui.managecontracts.view.Mastersap.ui.core.Icon{\"src\":{\"regex\":{\"source\":\"add\"}}}"}]}
RESULT: undefined
COMMAND: POST /session/fa0fa588b59cd70394c35387be1492a3/element - {"using":"xpath","value":"//*[@id=\"__button187-img\"]"}
RESULT: {"using":"xpath","value":"//*[@id=\"__button187-img\"]"}
COMMAND: POST /session/fa0fa588b59cd70394c35387be1492a3/element/f.E45B0C2907A9CCBDD1B779A362D73609.d.023F4947639518E4F75C56A929780257.e.3571/click - {}
RESULT: {}
COMMAND: POST /session/fa0fa588b59cd70394c35387be1492a3/execute/async - {"script":"<script> [1562 bytes]","args":[{"selector":{"id":"application-managecontracts-display-component---AddNewContract--projectDescription","interaction":{"idSuffix":"inner"}},"wdio_ui5_key":"applicationmanagecontracts-display-component---AddNewContract--projectDescription"}]}
COMMAND: GET /session/fa0fa588b59cd70394c35387be1492a3/screenshot - {}
RESULT: {"script":"<script> [1562 bytes]","args":[{"selector":{"id":"application-managecontracts-display-component---AddNewContract--projectDescription","interaction":{"idSuffix":"inner"}},"wdio_ui5_key":"applicationmanagecontracts-display-component---AddNewContract--projectDescription"}]}
RESULT: undefined
COMMAND: POST /session/fa0fa588b59cd70394c35387be1492a3/execute/async - {"script":"<script> [776 bytes]","args":[{"enterText":"PickupContract1q9u4","selector":{"id":"application-managecontracts-display-component---AddNewContract--projectDescription","interaction":{"idSuffix":"inner"}},"clearTextFirst":true,"interactionType":"ENTER_TEXT"}]}
RESULT: {}
RESULT: {"script":"<script> [776 bytes]","args":[{"enterText":"PickupContract1q9u4","selector":{"id":"application-managecontracts-display-component---AddNewContract--projectDescription","interaction":{"idSuffix":"inner"}},"clearTextFirst":true,"interactionType":"ENTER_TEXT"}]}
COMMAND: POST /session/fa0fa588b59cd70394c35387be1492a3/element - {"using":"xpath","value":"//input[contains(@id ,\"application-managecontracts-display-component---AddNewContract--yardId-inner\")]"}
RESULT: {"using":"xpath","value":"//input[contains(@id ,\"application-managecontracts-display-component---AddNewContract--yardId-inner\")]"}
COMMAND: POST /session/fa0fa588b59cd70394c35387be1492a3/element/f.E45B0C2907A9CCBDD1B779A362D73609.d.023F4947639518E4F75C56A929780257.e.3831/value - {"text":"WebdriverYard9d4i2"}
RESULT: {"text":"WebdriverYard9d4i2"}
COMMAND: GET /session/fa0fa588b59cd70394c35387be1492a3/screenshot - {}
RESULT: {}
COMMAND: POST /session/fa0fa588b59cd70394c35387be1492a3/actions - {"actions":[{"id":"action32","type":"key","parameters":{},"actions":[{"type":"keyDown","value":""},{"type":"pause","duration":10},{"type":"keyUp","value":""}]}]}
RESULT: {"actions":[{"id":"action32","type":"key","parameters":{},"actions":[{"type":"keyDown","value":""},{"type":"pause","duration":10},{"type":"keyUp","value":""}]}]}
COMMAND: GET /session/fa0fa588b59cd70394c35387be1492a3/screenshot - {}
RESULT: {}
COMMAND: POST /session/fa0fa588b59cd70394c35387be1492a3/element - {"using":"xpath","value":"//input[contains(@id ,\"application-managecontracts-display-component---AddNewContract--customerSelect-inner\")]"}
RESULT: {"using":"xpath","value":"//input[contains(@id ,\"application-managecontracts-display-component---AddNewContract--customerSelect-inner\")]"}
COMMAND: POST /session/fa0fa588b59cd70394c35387be1492a3/element/f.E45B0C2907A9CCBDD1B779A362D73609.d.023F4947639518E4F75C56A929780257.e.3829/value - {"text":"WebdriverPartneruamqb"}
RESULT: {"text":"WebdriverPartneruamqb"}
COMMAND: GET /session/fa0fa588b59cd70394c35387be1492a3/screenshot - {}
RESULT: {}
COMMAND: POST /session/fa0fa588b59cd70394c35387be1492a3/actions - {"actions":[{"id":"action33","type":"key","parameters":{},"actions":[{"type":"keyDown","value":""},{"type":"pause","duration":10},{"type":"keyUp","value":""}]}]}
RESULT: {"actions":[{"id":"action33","type":"key","parameters":{},"actions":[{"type":"keyDown","value":""},{"type":"pause","duration":10},{"type":"keyUp","value":""}]}]}
COMMAND: GET /session/fa0fa588b59cd70394c35387be1492a3/screenshot - {}
RESULT: {}
COMMAND: POST /session/fa0fa588b59cd70394c35387be1492a3/element - {"using":"xpath","value":"//input[contains(@id ,\"application-managecontracts-display-component---AddNewContract--site-inner\")]"}
RESULT: {"using":"xpath","value":"//input[contains(@id ,\"application-managecontracts-display-component---AddNewContract--site-inner\")]"}
COMMAND: POST /session/fa0fa588b59cd70394c35387be1492a3/element/f.E45B0C2907A9CCBDD1B779A362D73609.d.023F4947639518E4F75C56A929780257.e.3830/value - {"text":"WebdriverSitekhdmn"}
RESULT: {"text":"WebdriverSitekhdmn"}
COMMAND: GET /session/fa0fa588b59cd70394c35387be1492a3/screenshot - {}
RESULT: {}
COMMAND: POST /session/fa0fa588b59cd70394c35387be1492a3/actions - {"actions":[{"id":"action34","type":"key","parameters":{},"actions":[{"type":"keyDown","value":""},{"type":"pause","duration":10},{"type":"keyUp","value":""}]}]}
RESULT: {"actions":[{"id":"action34","type":"key","parameters":{},"actions":[{"type":"keyDown","value":""},{"type":"pause","duration":10},{"type":"keyUp","value":""}]}]}
COMMAND: GET /session/fa0fa588b59cd70394c35387be1492a3/screenshot - {}
RESULT: {}
COMMAND: POST /session/fa0fa588b59cd70394c35387be1492a3/execute/async - {"script":"<script> [1562 bytes]","args":[{"selector":{"id":"application-managecontracts-display-component---AddNewContract--saveBtn","interaction":{"idSuffix":"BDI-content"}},"wdio_ui5_key":"applicationmanagecontracts-display-component---AddNewContract--saveBtn"}]}
RESULT: {"script":"<script> [1562 bytes]","args":[{"selector":{"id":"application-managecontracts-display-component---AddNewContract--saveBtn","interaction":{"idSuffix":"BDI-content"}},"wdio_ui5_key":"applicationmanagecontracts-display-component---AddNewContract--saveBtn"}]}
RESULT: undefined
COMMAND: POST /session/fa0fa588b59cd70394c35387be1492a3/element - {"using":"xpath","value":"//*[@id=\"application-managecontracts-display-component---AddNewContract--saveBtn\"]"}
RESULT: {"using":"xpath","value":"//*[@id=\"application-managecontracts-display-component---AddNewContract--saveBtn\"]"}
COMMAND: POST /session/fa0fa588b59cd70394c35387be1492a3/element/f.E45B0C2907A9CCBDD1B779A362D73609.d.023F4947639518E4F75C56A929780257.e.3904/click - {}
RESULT: {}
COMMAND: GET /session/fa0fa588b59cd70394c35387be1492a3/screenshot - {}
RESULT: {}
COMMAND: POST /session/fa0fa588b59cd70394c35387be1492a3/element - {"using":"xpath","value":"//span[contains(@id ,\"contractDetailTitleNoExpanded\")]"}
RESULT: {"using":"xpath","value":"//span[contains(@id ,\"contractDetailTitleNoExpanded\")]"}
COMMAND: GET /session/fa0fa588b59cd70394c35387be1492a3/element/f.E45B0C2907A9CCBDD1B779A362D73609.d.023F4947639518E4F75C56A929780257.e.3926/text - {}
RESULT: {}
COMMAND: POST /session/fa0fa588b59cd70394c35387be1492a3/element - {"using":"css selector","value":"#shell-header-logo"}
RESULT: {"using":"css selector","value":"#shell-header-logo"}
COMMAND: POST /session/fa0fa588b59cd70394c35387be1492a3/element/f.E45B0C2907A9CCBDD1B779A362D73609.d.023F4947639518E4F75C56A929780257.e.3519/click - {}
RESULT: {}
COMMAND: GET /session/fa0fa588b59cd70394c35387be1492a3/screenshot - {}
RESULT: {}
]]></system-out>
    </testcase>
    <testcase classname="chrome.136_0_7103_93.windows.Manage_request_+_Contract_processing_pick_up_option_US120163_" name="Should create a new material" time="135.932">
      <system-out><![CDATA[
COMMAND: POST /session/fa0fa588b59cd70394c35387be1492a3/execute/async - {"script":"<script> [1562 bytes]","args":[{"selector":{"controlType":"sap.m.GenericTile","properties":{"header":"Manage Resources"}},"wdio_ui5_key":"sapm.GenericTile{\"header\":\"Manage Resources\"}"}]}
RESULT: {"script":"<script> [1562 bytes]","args":[{"selector":{"controlType":"sap.m.GenericTile","properties":{"header":"Manage Resources"}},"wdio_ui5_key":"sapm.GenericTile{\"header\":\"Manage Resources\"}"}]}
RESULT: undefined
COMMAND: POST /session/fa0fa588b59cd70394c35387be1492a3/element - {"using":"xpath","value":"//*[@id=\"__tile39\"]"}
RESULT: {"using":"xpath","value":"//*[@id=\"__tile39\"]"}
COMMAND: POST /session/fa0fa588b59cd70394c35387be1492a3/element/f.E45B0C2907A9CCBDD1B779A362D73609.d.023F4947639518E4F75C56A929780257.e.3930/click - {}
RESULT: {}
COMMAND: GET /session/fa0fa588b59cd70394c35387be1492a3/screenshot - {}
RESULT: {}
COMMAND: POST /session/fa0fa588b59cd70394c35387be1492a3/elements - {"using":"xpath","value":"//span[text()='Error']"}
RESULT: {"using":"xpath","value":"//span[text()='Error']"}
COMMAND: POST /session/fa0fa588b59cd70394c35387be1492a3/element - {"using":"xpath","value":"//button[@data-kt=\"addNewRUOverflowToolbarButton\"]"}
RESULT: {"using":"xpath","value":"//button[@data-kt=\"addNewRUOverflowToolbarButton\"]"}
COMMAND: POST /session/fa0fa588b59cd70394c35387be1492a3/execute/sync - {"script":"<script> [8489 bytes]","args":[{"element-6066-11e4-a52e-4f735466cecf":"f.E45B0C2907A9CCBDD1B779A362D73609.d.023F4947639518E4F75C56A929780257.e.3972","ELEMENT":"f.E45B0C2907A9CCBDD1B779A362D73609.d.023F4947639518E4F75C56A929780257.e.3972"}]}
RESULT: {"script":"<script> [8489 bytes]","args":[{"element-6066-11e4-a52e-4f735466cecf":"f.E45B0C2907A9CCBDD1B779A362D73609.d.023F4947639518E4F75C56A929780257.e.3972","ELEMENT":"f.E45B0C2907A9CCBDD1B779A362D73609.d.023F4947639518E4F75C56A929780257.e.3972"}]}
COMMAND: POST /session/fa0fa588b59cd70394c35387be1492a3/element/f.E45B0C2907A9CCBDD1B779A362D73609.d.023F4947639518E4F75C56A929780257.e.3972/click - {}
COMMAND: GET /session/fa0fa588b59cd70394c35387be1492a3/screenshot - {}
RESULT: {}
COMMAND: POST /session/fa0fa588b59cd70394c35387be1492a3/execute/async - {"script":"<script> [1562 bytes]","args":[{"selector":{"id":"application-manageresources-display-component---newResourceUnit--TYPE-arrow"},"wdio_ui5_key":"applicationmanageresources-display-component---newResourceUnit--TYPE-arrow"}]}
COMMAND: GET /session/fa0fa588b59cd70394c35387be1492a3/screenshot - {}
RESULT: {}
RESULT: {"script":"<script> [1562 bytes]","args":[{"selector":{"id":"application-manageresources-display-component---newResourceUnit--TYPE-arrow"},"wdio_ui5_key":"applicationmanageresources-display-component---newResourceUnit--TYPE-arrow"}]}
RESULT: undefined
COMMAND: POST /session/fa0fa588b59cd70394c35387be1492a3/element - {"using":"xpath","value":"//*[@id=\"application-manageresources-display-component---newResourceUnit--TYPE-arrow\"]"}
RESULT: {}
RESULT: {"using":"xpath","value":"//*[@id=\"application-manageresources-display-component---newResourceUnit--TYPE-arrow\"]"}
COMMAND: POST /session/fa0fa588b59cd70394c35387be1492a3/element/f.E45B0C2907A9CCBDD1B779A362D73609.d.023F4947639518E4F75C56A929780257.e.4298/click - {}
RESULT: {}
COMMAND: POST /session/fa0fa588b59cd70394c35387be1492a3/execute/async - {"script":"<script> [1562 bytes]","args":[{"selector":{"controlType":"sap.m.StandardListItem","viewName":"reusables.view.manageresources.NewResourceUnit","viewId":"application-manageresources-display-component---newResourceUnit","properties":{"title":"Material"},"searchOpenDialogs":true,"interaction":{"idSuffix":"titleText"}},"wdio_ui5_key":"reusablesview.manageresources.NewResourceUnitsap.m.StandardListItem{\"title\":\"Material\"}"}]}
COMMAND: GET /session/fa0fa588b59cd70394c35387be1492a3/screenshot - {}
RESULT: {"script":"<script> [1562 bytes]","args":[{"selector":{"controlType":"sap.m.StandardListItem","viewName":"reusables.view.manageresources.NewResourceUnit","viewId":"application-manageresources-display-component---newResourceUnit","properties":{"title":"Material"},"searchOpenDialogs":true,"interaction":{"idSuffix":"titleText"}},"wdio_ui5_key":"reusablesview.manageresources.NewResourceUnitsap.m.StandardListItem{\"title\":\"Material\"}"}]}
RESULT: undefined
COMMAND: POST /session/fa0fa588b59cd70394c35387be1492a3/element - {"using":"xpath","value":"//*[@id=\"__item3088\"]"}
RESULT: {}
RESULT: {"using":"xpath","value":"//*[@id=\"__item3088\"]"}
COMMAND: POST /session/fa0fa588b59cd70394c35387be1492a3/element/f.E45B0C2907A9CCBDD1B779A362D73609.d.023F4947639518E4F75C56A929780257.e.4301/click - {}
RESULT: {}
COMMAND: POST /session/fa0fa588b59cd70394c35387be1492a3/execute/async - {"script":"<script> [1562 bytes]","args":[{"selector":{"id":"application-manageresources-display-component---newResourceUnit--SHORT_TEXT","interaction":{"idSuffix":"inner"}},"wdio_ui5_key":"applicationmanageresources-display-component---newResourceUnit--SHORT_TEXT"}]}
COMMAND: GET /session/fa0fa588b59cd70394c35387be1492a3/screenshot - {}
RESULT: {"script":"<script> [1562 bytes]","args":[{"selector":{"id":"application-manageresources-display-component---newResourceUnit--SHORT_TEXT","interaction":{"idSuffix":"inner"}},"wdio_ui5_key":"applicationmanageresources-display-component---newResourceUnit--SHORT_TEXT"}]}
RESULT: undefined
COMMAND: POST /session/fa0fa588b59cd70394c35387be1492a3/execute/async - {"script":"<script> [776 bytes]","args":[{"enterText":"WebdriverMatTest0kkvk","selector":{"id":"application-manageresources-display-component---newResourceUnit--SHORT_TEXT","interaction":{"idSuffix":"inner"}},"clearTextFirst":true,"interactionType":"ENTER_TEXT"}]}
RESULT: {}
RESULT: {"script":"<script> [776 bytes]","args":[{"enterText":"WebdriverMatTest0kkvk","selector":{"id":"application-manageresources-display-component---newResourceUnit--SHORT_TEXT","interaction":{"idSuffix":"inner"}},"clearTextFirst":true,"interactionType":"ENTER_TEXT"}]}
COMMAND: POST /session/fa0fa588b59cd70394c35387be1492a3/execute/async - {"script":"<script> [1562 bytes]","args":[{"selector":{"id":"application-manageresources-display-component---newResourceUnit--BASE_UNIT_OF_MEASURE-arrow"},"wdio_ui5_key":"applicationmanageresources-display-component---newResourceUnit--BASE_UNIT_OF_MEASURE-arrow"}]}
RESULT: {"script":"<script> [1562 bytes]","args":[{"selector":{"id":"application-manageresources-display-component---newResourceUnit--BASE_UNIT_OF_MEASURE-arrow"},"wdio_ui5_key":"applicationmanageresources-display-component---newResourceUnit--BASE_UNIT_OF_MEASURE-arrow"}]}
RESULT: undefined
COMMAND: POST /session/fa0fa588b59cd70394c35387be1492a3/element - {"using":"xpath","value":"//*[@id=\"application-manageresources-display-component---newResourceUnit--BASE_UNIT_OF_MEASURE-arrow\"]"}
RESULT: {"using":"xpath","value":"//*[@id=\"application-manageresources-display-component---newResourceUnit--BASE_UNIT_OF_MEASURE-arrow\"]"}
COMMAND: POST /session/fa0fa588b59cd70394c35387be1492a3/element/f.E45B0C2907A9CCBDD1B779A362D73609.d.023F4947639518E4F75C56A929780257.e.4421/click - {}
RESULT: {}
COMMAND: POST /session/fa0fa588b59cd70394c35387be1492a3/execute/async - {"script":"<script> [1562 bytes]","args":[{"selector":{"controlType":"sap.m.StandardListItem","viewName":"reusables.view.manageresources.NewResourceUnit","viewId":"application-manageresources-display-component---newResourceUnit","properties":{"title":"Piece"},"searchOpenDialogs":true,"interaction":{"idSuffix":"titleText"}},"wdio_ui5_key":"reusablesview.manageresources.NewResourceUnitsap.m.StandardListItem{\"title\":\"Piece\"}"}]}
COMMAND: GET /session/fa0fa588b59cd70394c35387be1492a3/screenshot - {}
RESULT: {"script":"<script> [1562 bytes]","args":[{"selector":{"controlType":"sap.m.StandardListItem","viewName":"reusables.view.manageresources.NewResourceUnit","viewId":"application-manageresources-display-component---newResourceUnit","properties":{"title":"Piece"},"searchOpenDialogs":true,"interaction":{"idSuffix":"titleText"}},"wdio_ui5_key":"reusablesview.manageresources.NewResourceUnitsap.m.StandardListItem{\"title\":\"Piece\"}"}]}
RESULT: undefined
COMMAND: POST /session/fa0fa588b59cd70394c35387be1492a3/element - {"using":"xpath","value":"//*[@id=\"__item3141\"]"}
RESULT: {}
RESULT: {"using":"xpath","value":"//*[@id=\"__item3141\"]"}
COMMAND: POST /session/fa0fa588b59cd70394c35387be1492a3/element/f.E45B0C2907A9CCBDD1B779A362D73609.d.023F4947639518E4F75C56A929780257.e.4423/click - {}
RESULT: {}
COMMAND: POST /session/fa0fa588b59cd70394c35387be1492a3/element - {"using":"xpath","value":"//input[contains(@id ,\"application-manageresources-display-component---newResourceUnit--SHORT_TEXT-inner\")]"}
COMMAND: GET /session/fa0fa588b59cd70394c35387be1492a3/screenshot - {}
RESULT: {"using":"xpath","value":"//input[contains(@id ,\"application-manageresources-display-component---newResourceUnit--SHORT_TEXT-inner\")]"}
COMMAND: GET /session/fa0fa588b59cd70394c35387be1492a3/element/f.E45B0C2907A9CCBDD1B779A362D73609.d.023F4947639518E4F75C56A929780257.e.4318/property/value - {}
RESULT: {}
RESULT: {}
COMMAND: POST /session/fa0fa588b59cd70394c35387be1492a3/execute/async - {"script":"<script> [1562 bytes]","args":[{"selector":{"id":"application-manageresources-display-component---newResourceUnit--WEIGHT_UNIT-arrow"},"wdio_ui5_key":"applicationmanageresources-display-component---newResourceUnit--WEIGHT_UNIT-arrow"}]}
COMMAND: GET /session/fa0fa588b59cd70394c35387be1492a3/screenshot - {}
RESULT: {"script":"<script> [1562 bytes]","args":[{"selector":{"id":"application-manageresources-display-component---newResourceUnit--WEIGHT_UNIT-arrow"},"wdio_ui5_key":"applicationmanageresources-display-component---newResourceUnit--WEIGHT_UNIT-arrow"}]}
RESULT: undefined
COMMAND: POST /session/fa0fa588b59cd70394c35387be1492a3/element - {"using":"xpath","value":"//*[@id=\"application-manageresources-display-component---newResourceUnit--WEIGHT_UNIT-arrow\"]"}
RESULT: {}
RESULT: {"using":"xpath","value":"//*[@id=\"application-manageresources-display-component---newResourceUnit--WEIGHT_UNIT-arrow\"]"}
COMMAND: POST /session/fa0fa588b59cd70394c35387be1492a3/element/f.E45B0C2907A9CCBDD1B779A362D73609.d.023F4947639518E4F75C56A929780257.e.4424/click - {}
RESULT: {}
COMMAND: POST /session/fa0fa588b59cd70394c35387be1492a3/execute/async - {"script":"<script> [1562 bytes]","args":[{"selector":{"controlType":"sap.m.StandardListItem","viewName":"reusables.view.manageresources.NewResourceUnit","viewId":"application-manageresources-display-component---newResourceUnit","properties":{"title":"Gram"},"searchOpenDialogs":true,"interaction":{"idSuffix":"content"}},"wdio_ui5_key":"reusablesview.manageresources.NewResourceUnitsap.m.StandardListItem{\"title\":\"Gram\"}"}]}
COMMAND: GET /session/fa0fa588b59cd70394c35387be1492a3/screenshot - {}
RESULT: {"script":"<script> [1562 bytes]","args":[{"selector":{"controlType":"sap.m.StandardListItem","viewName":"reusables.view.manageresources.NewResourceUnit","viewId":"application-manageresources-display-component---newResourceUnit","properties":{"title":"Gram"},"searchOpenDialogs":true,"interaction":{"idSuffix":"content"}},"wdio_ui5_key":"reusablesview.manageresources.NewResourceUnitsap.m.StandardListItem{\"title\":\"Gram\"}"}]}
RESULT: undefined
COMMAND: POST /session/fa0fa588b59cd70394c35387be1492a3/element - {"using":"xpath","value":"//*[@id=\"__item3206\"]"}
RESULT: {}
RESULT: {"using":"xpath","value":"//*[@id=\"__item3206\"]"}
COMMAND: POST /session/fa0fa588b59cd70394c35387be1492a3/element/f.E45B0C2907A9CCBDD1B779A362D73609.d.023F4947639518E4F75C56A929780257.e.4426/click - {}
RESULT: {}
COMMAND: POST /session/fa0fa588b59cd70394c35387be1492a3/execute/async - {"script":"<script> [1562 bytes]","args":[{"selector":{"id":"application-manageresources-display-component---newResourceUnit--newRRUPage-OPHeaderContent-collapseBtn-img"},"wdio_ui5_key":"applicationmanageresources-display-component---newResourceUnit--newRRUPage-OPHeaderContent-collapseBtn-img"}]}
COMMAND: GET /session/fa0fa588b59cd70394c35387be1492a3/screenshot - {}
RESULT: {"script":"<script> [1562 bytes]","args":[{"selector":{"id":"application-manageresources-display-component---newResourceUnit--newRRUPage-OPHeaderContent-collapseBtn-img"},"wdio_ui5_key":"applicationmanageresources-display-component---newResourceUnit--newRRUPage-OPHeaderContent-collapseBtn-img"}]}
RESULT: undefined
COMMAND: POST /session/fa0fa588b59cd70394c35387be1492a3/element - {"using":"xpath","value":"//*[@id=\"application-manageresources-display-component---newResourceUnit--newRRUPage-OPHeaderContent-collapseBtn-img\"]"}
RESULT: {}
RESULT: {"using":"xpath","value":"//*[@id=\"application-manageresources-display-component---newResourceUnit--newRRUPage-OPHeaderContent-collapseBtn-img\"]"}
COMMAND: POST /session/fa0fa588b59cd70394c35387be1492a3/element/f.E45B0C2907A9CCBDD1B779A362D73609.d.023F4947639518E4F75C56A929780257.e.4308/click - {}
RESULT: {}
COMMAND: GET /session/fa0fa588b59cd70394c35387be1492a3/screenshot - {}
RESULT: {}
COMMAND: POST /session/fa0fa588b59cd70394c35387be1492a3/element - {"using":"xpath","value":"(//span[contains(@id ,\"application-manageresources-display-component---newResourceUnit--DIMENSION_UNIT-arrow\")])[1]"}
RESULT: {"using":"xpath","value":"(//span[contains(@id ,\"application-manageresources-display-component---newResourceUnit--DIMENSION_UNIT-arrow\")])[1]"}
COMMAND: POST /session/fa0fa588b59cd70394c35387be1492a3/element/f.E45B0C2907A9CCBDD1B779A362D73609.d.023F4947639518E4F75C56A929780257.e.4430/click - {}
RESULT: {}
COMMAND: GET /session/fa0fa588b59cd70394c35387be1492a3/screenshot - {}
RESULT: {}
COMMAND: POST /session/fa0fa588b59cd70394c35387be1492a3/execute/async - {"script":"<script> [1562 bytes]","args":[{"selector":{"controlType":"sap.m.StandardListItem","viewName":"reusables.view.manageresources.NewResourceUnit","viewId":"application-manageresources-display-component---newResourceUnit","properties":{"title":"Centimeter"},"searchOpenDialogs":true,"interaction":{"idSuffix":"titleText"}},"wdio_ui5_key":"reusablesview.manageresources.NewResourceUnitsap.m.StandardListItem{\"title\":\"Centimeter\"}"}]}
RESULT: {"script":"<script> [1562 bytes]","args":[{"selector":{"controlType":"sap.m.StandardListItem","viewName":"reusables.view.manageresources.NewResourceUnit","viewId":"application-manageresources-display-component---newResourceUnit","properties":{"title":"Centimeter"},"searchOpenDialogs":true,"interaction":{"idSuffix":"titleText"}},"wdio_ui5_key":"reusablesview.manageresources.NewResourceUnitsap.m.StandardListItem{\"title\":\"Centimeter\"}"}]}
RESULT: undefined
COMMAND: POST /session/fa0fa588b59cd70394c35387be1492a3/element - {"using":"xpath","value":"//*[@id=\"__item3209\"]"}
RESULT: {"using":"xpath","value":"//*[@id=\"__item3209\"]"}
COMMAND: POST /session/fa0fa588b59cd70394c35387be1492a3/element/f.E45B0C2907A9CCBDD1B779A362D73609.d.023F4947639518E4F75C56A929780257.e.4434/click - {}
RESULT: {}
COMMAND: POST /session/fa0fa588b59cd70394c35387be1492a3/execute/async - {"script":"<script> [1562 bytes]","args":[{"selector":{"id":"application-manageresources-display-component---newResourceUnit--newRRUPage-anchBar-application-manageresources-display-component---newResourceUnit--reference-anchor","interaction":{"idSuffix":"BDI-content"}},"wdio_ui5_key":"applicationmanageresources-display-component---newResourceUnit--newRRUPage-anchBar-application-manageresources-display-component---newResourceUnit--reference-anchor"}]}
COMMAND: GET /session/fa0fa588b59cd70394c35387be1492a3/screenshot - {}
RESULT: {"script":"<script> [1562 bytes]","args":[{"selector":{"id":"application-manageresources-display-component---newResourceUnit--newRRUPage-anchBar-application-manageresources-display-component---newResourceUnit--reference-anchor","interaction":{"idSuffix":"BDI-content"}},"wdio_ui5_key":"applicationmanageresources-display-component---newResourceUnit--newRRUPage-anchBar-application-manageresources-display-component---newResourceUnit--reference-anchor"}]}
RESULT: undefined
COMMAND: POST /session/fa0fa588b59cd70394c35387be1492a3/element - {"using":"xpath","value":"//*[@id=\"application-manageresources-display-component---newResourceUnit--newRRUPage-anchBar-application-manageresources-display-component---newResourceUnit--reference-anchor\"]"}
RESULT: {}
RESULT: {"using":"xpath","value":"//*[@id=\"application-manageresources-display-component---newResourceUnit--newRRUPage-anchBar-application-manageresources-display-component---newResourceUnit--reference-anchor\"]"}
COMMAND: POST /session/fa0fa588b59cd70394c35387be1492a3/element/f.E45B0C2907A9CCBDD1B779A362D73609.d.023F4947639518E4F75C56A929780257.e.4436/click - {}
RESULT: {}
COMMAND: POST /session/fa0fa588b59cd70394c35387be1492a3/execute/async - {"script":"<script> [1562 bytes]","args":[{"selector":{"id":"application-manageresources-display-component---newResourceUnit--PLANNING_GROUP-arrow"},"wdio_ui5_key":"applicationmanageresources-display-component---newResourceUnit--PLANNING_GROUP-arrow"}]}
COMMAND: GET /session/fa0fa588b59cd70394c35387be1492a3/screenshot - {}
RESULT: {"script":"<script> [1562 bytes]","args":[{"selector":{"id":"application-manageresources-display-component---newResourceUnit--PLANNING_GROUP-arrow"},"wdio_ui5_key":"applicationmanageresources-display-component---newResourceUnit--PLANNING_GROUP-arrow"}]}
RESULT: undefined
COMMAND: POST /session/fa0fa588b59cd70394c35387be1492a3/element - {"using":"xpath","value":"//*[@id=\"application-manageresources-display-component---newResourceUnit--PLANNING_GROUP-arrow\"]"}
RESULT: {}
RESULT: {"using":"xpath","value":"//*[@id=\"application-manageresources-display-component---newResourceUnit--PLANNING_GROUP-arrow\"]"}
COMMAND: POST /session/fa0fa588b59cd70394c35387be1492a3/element/f.E45B0C2907A9CCBDD1B779A362D73609.d.023F4947639518E4F75C56A929780257.e.4440/click - {}
RESULT: {}
COMMAND: POST /session/fa0fa588b59cd70394c35387be1492a3/execute/async - {"script":"<script> [1562 bytes]","args":[{"selector":{"controlType":"sap.m.StandardListItem","viewName":"reusables.view.manageresources.NewResourceUnit","viewId":"application-manageresources-display-component---newResourceUnit","properties":{"title":"Heavy Equi"},"searchOpenDialogs":true,"interaction":{"idSuffix":"content"}},"wdio_ui5_key":"reusablesview.manageresources.NewResourceUnitsap.m.StandardListItem{\"title\":\"Heavy Equi\"}"}]}
COMMAND: GET /session/fa0fa588b59cd70394c35387be1492a3/screenshot - {}
RESULT: {"script":"<script> [1562 bytes]","args":[{"selector":{"controlType":"sap.m.StandardListItem","viewName":"reusables.view.manageresources.NewResourceUnit","viewId":"application-manageresources-display-component---newResourceUnit","properties":{"title":"Heavy Equi"},"searchOpenDialogs":true,"interaction":{"idSuffix":"content"}},"wdio_ui5_key":"reusablesview.manageresources.NewResourceUnitsap.m.StandardListItem{\"title\":\"Heavy Equi\"}"}]}
RESULT: undefined
COMMAND: POST /session/fa0fa588b59cd70394c35387be1492a3/element - {"using":"xpath","value":"//*[@id=\"__item3217\"]"}
RESULT: {}
RESULT: {"using":"xpath","value":"//*[@id=\"__item3217\"]"}
COMMAND: POST /session/fa0fa588b59cd70394c35387be1492a3/element/f.E45B0C2907A9CCBDD1B779A362D73609.d.023F4947639518E4F75C56A929780257.e.4442/click - {}
RESULT: {}
COMMAND: GET /session/fa0fa588b59cd70394c35387be1492a3/screenshot - {}
RESULT: {}
COMMAND: POST /session/fa0fa588b59cd70394c35387be1492a3/execute/async - {"script":"<script> [1562 bytes]","args":[{"selector":{"id":"application-manageresources-display-component---newResourceUnit--PLANNING_INDICATOR-arrow"},"wdio_ui5_key":"applicationmanageresources-display-component---newResourceUnit--PLANNING_INDICATOR-arrow"}]}
RESULT: {"script":"<script> [1562 bytes]","args":[{"selector":{"id":"application-manageresources-display-component---newResourceUnit--PLANNING_INDICATOR-arrow"},"wdio_ui5_key":"applicationmanageresources-display-component---newResourceUnit--PLANNING_INDICATOR-arrow"}]}
RESULT: undefined
COMMAND: POST /session/fa0fa588b59cd70394c35387be1492a3/element - {"using":"xpath","value":"//*[@id=\"application-manageresources-display-component---newResourceUnit--PLANNING_INDICATOR-arrow\"]"}
RESULT: {"using":"xpath","value":"//*[@id=\"application-manageresources-display-component---newResourceUnit--PLANNING_INDICATOR-arrow\"]"}
COMMAND: POST /session/fa0fa588b59cd70394c35387be1492a3/element/f.E45B0C2907A9CCBDD1B779A362D73609.d.023F4947639518E4F75C56A929780257.e.4443/click - {}
RESULT: {}
COMMAND: POST /session/fa0fa588b59cd70394c35387be1492a3/execute/async - {"script":"<script> [1562 bytes]","args":[{"selector":{"controlType":"sap.m.StandardListItem","viewName":"reusables.view.manageresources.NewResourceUnit","viewId":"application-manageresources-display-component---newResourceUnit","properties":{"title":"10 - infinite"},"searchOpenDialogs":true,"interaction":{"idSuffix":"content"}},"wdio_ui5_key":"reusablesview.manageresources.NewResourceUnitsap.m.StandardListItem{\"title\":\"10 - infinite\"}"}]}
COMMAND: GET /session/fa0fa588b59cd70394c35387be1492a3/screenshot - {}
RESULT: {"script":"<script> [1562 bytes]","args":[{"selector":{"controlType":"sap.m.StandardListItem","viewName":"reusables.view.manageresources.NewResourceUnit","viewId":"application-manageresources-display-component---newResourceUnit","properties":{"title":"10 - infinite"},"searchOpenDialogs":true,"interaction":{"idSuffix":"content"}},"wdio_ui5_key":"reusablesview.manageresources.NewResourceUnitsap.m.StandardListItem{\"title\":\"10 - infinite\"}"}]}
RESULT: undefined
COMMAND: POST /session/fa0fa588b59cd70394c35387be1492a3/element - {"using":"xpath","value":"//*[@id=\"__item3227\"]"}
RESULT: {}
RESULT: {"using":"xpath","value":"//*[@id=\"__item3227\"]"}
COMMAND: POST /session/fa0fa588b59cd70394c35387be1492a3/element/f.E45B0C2907A9CCBDD1B779A362D73609.d.023F4947639518E4F75C56A929780257.e.4445/click - {}
RESULT: {}
COMMAND: GET /session/fa0fa588b59cd70394c35387be1492a3/screenshot - {}
RESULT: {}
COMMAND: POST /session/fa0fa588b59cd70394c35387be1492a3/element - {"using":"xpath","value":"//bdi[contains(text(), \"Time Segment\")]"}
RESULT: {"using":"xpath","value":"//bdi[contains(text(), \"Time Segment\")]"}
COMMAND: GET /session/fa0fa588b59cd70394c35387be1492a3/element/f.E45B0C2907A9CCBDD1B779A362D73609.d.023F4947639518E4F75C56A929780257.e.4446/rect - {}
RESULT: {}
COMMAND: GET /session/fa0fa588b59cd70394c35387be1492a3/window/rect - {}
RESULT: {}
COMMAND: POST /session/fa0fa588b59cd70394c35387be1492a3/execute/sync - {"script":"<script> [92 bytes]","args":[]}
RESULT: {"script":"<script> [92 bytes]","args":[]}
COMMAND: POST /session/fa0fa588b59cd70394c35387be1492a3/actions - {"actions":[{"id":"action35","type":"wheel","parameters":{},"actions":[{"type":"scroll","x":-1820,"y":-21,"deltaX":0,"deltaY":0,"duration":0,"origin":{"element-6066-11e4-a52e-4f735466cecf":"f.E45B0C2907A9CCBDD1B779A362D73609.d.023F4947639518E4F75C56A929780257.e.4446"}}]}]}
COMMAND: GET /session/fa0fa588b59cd70394c35387be1492a3/screenshot - {}
RESULT: {}
COMMAND: POST /session/fa0fa588b59cd70394c35387be1492a3/execute/sync - {"script":"<script> [79 bytes]","args":[{"element-6066-11e4-a52e-4f735466cecf":"f.E45B0C2907A9CCBDD1B779A362D73609.d.023F4947639518E4F75C56A929780257.e.4446","ELEMENT":"f.E45B0C2907A9CCBDD1B779A362D73609.d.023F4947639518E4F75C56A929780257.e.4446"},{"block":"start","inline":"nearest"}]}
RESULT: {"script":"<script> [79 bytes]","args":[{"element-6066-11e4-a52e-4f735466cecf":"f.E45B0C2907A9CCBDD1B779A362D73609.d.023F4947639518E4F75C56A929780257.e.4446","ELEMENT":"f.E45B0C2907A9CCBDD1B779A362D73609.d.023F4947639518E4F75C56A929780257.e.4446"},{"block":"start","inline":"nearest"}]}
COMMAND: GET /session/fa0fa588b59cd70394c35387be1492a3/screenshot - {}
RESULT: {}
COMMAND: POST /session/fa0fa588b59cd70394c35387be1492a3/element - {"using":"xpath","value":"//span[@id=\"application-manageresources-display-component---newResourceUnit--btnAddTimeSegment-img\"]"}
RESULT: {"using":"xpath","value":"//span[@id=\"application-manageresources-display-component---newResourceUnit--btnAddTimeSegment-img\"]"}
COMMAND: POST /session/fa0fa588b59cd70394c35387be1492a3/execute/sync - {"script":"<script> [8489 bytes]","args":[{"element-6066-11e4-a52e-4f735466cecf":"f.E45B0C2907A9CCBDD1B779A362D73609.d.023F4947639518E4F75C56A929780257.e.4449","ELEMENT":"f.E45B0C2907A9CCBDD1B779A362D73609.d.023F4947639518E4F75C56A929780257.e.4449"}]}
RESULT: {"script":"<script> [8489 bytes]","args":[{"element-6066-11e4-a52e-4f735466cecf":"f.E45B0C2907A9CCBDD1B779A362D73609.d.023F4947639518E4F75C56A929780257.e.4449","ELEMENT":"f.E45B0C2907A9CCBDD1B779A362D73609.d.023F4947639518E4F75C56A929780257.e.4449"}]}
COMMAND: POST /session/fa0fa588b59cd70394c35387be1492a3/element/f.E45B0C2907A9CCBDD1B779A362D73609.d.023F4947639518E4F75C56A929780257.e.4449/click - {}
COMMAND: GET /session/fa0fa588b59cd70394c35387be1492a3/screenshot - {}
RESULT: {}
COMMAND: GET /session/fa0fa588b59cd70394c35387be1492a3/screenshot - {}
RESULT: {}
COMMAND: POST /session/fa0fa588b59cd70394c35387be1492a3/element - {"using":"xpath","value":"//input[@id=\"application-manageresources-display-component---newResourceUnit--idRuTSAdmin-application-manageresources-display-component---newResourceUnit--RUTimeSegment-0-inner\"]"}
RESULT: {}
RESULT: {"using":"xpath","value":"//input[@id=\"application-manageresources-display-component---newResourceUnit--idRuTSAdmin-application-manageresources-display-component---newResourceUnit--RUTimeSegment-0-inner\"]"}
COMMAND: POST /session/fa0fa588b59cd70394c35387be1492a3/element/f.E45B0C2907A9CCBDD1B779A362D73609.d.023F4947639518E4F75C56A929780257.e.4452/clear - {}
RESULT: {}
COMMAND: POST /session/fa0fa588b59cd70394c35387be1492a3/element/f.E45B0C2907A9CCBDD1B779A362D73609.d.023F4947639518E4F75C56A929780257.e.4452/value - {"text":"WebdriverYard9d4i2"}
COMMAND: GET /session/fa0fa588b59cd70394c35387be1492a3/screenshot - {}
RESULT: {"text":"WebdriverYard9d4i2"}
COMMAND: GET /session/fa0fa588b59cd70394c35387be1492a3/screenshot - {}
RESULT: {}
RESULT: {}
COMMAND: POST /session/fa0fa588b59cd70394c35387be1492a3/actions - {"actions":[{"id":"action36","type":"key","parameters":{},"actions":[{"type":"keyDown","value":""},{"type":"pause","duration":10},{"type":"keyUp","value":""}]}]}
RESULT: {"actions":[{"id":"action36","type":"key","parameters":{},"actions":[{"type":"keyDown","value":""},{"type":"pause","duration":10},{"type":"keyUp","value":""}]}]}
COMMAND: GET /session/fa0fa588b59cd70394c35387be1492a3/screenshot - {}
RESULT: {}
COMMAND: POST /session/fa0fa588b59cd70394c35387be1492a3/execute/async - {"script":"<script> [1562 bytes]","args":[{"selector":{"controlType":"sap.m.Button","viewName":"reusables.view.manageresources.NewResourceUnit","viewId":"application-manageresources-display-component---newResourceUnit","i18NText":{"propertyName":"tooltip","key":"save"},"interaction":{"idSuffix":"BDI-content"}},"wdio_ui5_key":"reusablesview.manageresources.NewResourceUnitsap.m.Button{\"propertyName\":\"tooltip\",\"key\":\"save\"}"}]}
RESULT: {"script":"<script> [1562 bytes]","args":[{"selector":{"controlType":"sap.m.Button","viewName":"reusables.view.manageresources.NewResourceUnit","viewId":"application-manageresources-display-component---newResourceUnit","i18NText":{"propertyName":"tooltip","key":"save"},"interaction":{"idSuffix":"BDI-content"}},"wdio_ui5_key":"reusablesview.manageresources.NewResourceUnitsap.m.Button{\"propertyName\":\"tooltip\",\"key\":\"save\"}"}]}
RESULT: undefined
COMMAND: POST /session/fa0fa588b59cd70394c35387be1492a3/element - {"using":"xpath","value":"//*[@id=\"application-manageresources-display-component---newResourceUnit--createRuButton\"]"}
RESULT: {"using":"xpath","value":"//*[@id=\"application-manageresources-display-component---newResourceUnit--createRuButton\"]"}
COMMAND: POST /session/fa0fa588b59cd70394c35387be1492a3/element/f.E45B0C2907A9CCBDD1B779A362D73609.d.023F4947639518E4F75C56A929780257.e.4314/click - {}
RESULT: {}
COMMAND: GET /session/fa0fa588b59cd70394c35387be1492a3/screenshot - {}
RESULT: {}
COMMAND: POST /session/fa0fa588b59cd70394c35387be1492a3/execute/async - {"script":"<script> [1562 bytes]","args":[{"selector":{"controlType":"sap.m.Title","properties":{"text":"Success"},"searchOpenDialogs":true},"wdio_ui5_key":"sapm.Title{\"text\":\"Success\"}"}]}
RESULT: {"script":"<script> [1562 bytes]","args":[{"selector":{"controlType":"sap.m.Title","properties":{"text":"Success"},"searchOpenDialogs":true},"wdio_ui5_key":"sapm.Title{\"text\":\"Success\"}"}]}
RESULT: undefined
COMMAND: POST /session/fa0fa588b59cd70394c35387be1492a3/execute/async - {"script":"<script> [6424 bytes]","args":[{"element-6066-11e4-a52e-4f735466cecf":"f.E45B0C2907A9CCBDD1B779A362D73609.d.023F4947639518E4F75C56A929780257.e.4467"},"getText",[]]}
RESULT: {"script":"<script> [6424 bytes]","args":[{"element-6066-11e4-a52e-4f735466cecf":"f.E45B0C2907A9CCBDD1B779A362D73609.d.023F4947639518E4F75C56A929780257.e.4467"},"getText",[]]}
COMMAND: POST /session/fa0fa588b59cd70394c35387be1492a3/element - {"using":"xpath","value":"//*[contains(@id, '__text') and (contains(text(), 'successfully created') or contains(., 'successfully created'))]"}
RESULT: {"using":"xpath","value":"//*[contains(@id, '__text') and (contains(text(), 'successfully created') or contains(., 'successfully created'))]"}
COMMAND: GET /session/fa0fa588b59cd70394c35387be1492a3/element/f.E45B0C2907A9CCBDD1B779A362D73609.d.023F4947639518E4F75C56A929780257.e.4465/text - {}
RESULT: {}
COMMAND: POST /session/fa0fa588b59cd70394c35387be1492a3/execute/async - {"script":"<script> [1562 bytes]","args":[{"selector":{"controlType":"sap.m.Button","properties":{"text":"Close"},"searchOpenDialogs":true,"interaction":{"idSuffix":"BDI-content"}},"wdio_ui5_key":"sapm.Button{\"text\":\"Close\"}"}]}
RESULT: {"script":"<script> [1562 bytes]","args":[{"selector":{"controlType":"sap.m.Button","properties":{"text":"Close"},"searchOpenDialogs":true,"interaction":{"idSuffix":"BDI-content"}},"wdio_ui5_key":"sapm.Button{\"text\":\"Close\"}"}]}
RESULT: undefined
COMMAND: POST /session/fa0fa588b59cd70394c35387be1492a3/element - {"using":"xpath","value":"//*[@id=\"__mbox-btn-1\"]"}
RESULT: {"using":"xpath","value":"//*[@id=\"__mbox-btn-1\"]"}
COMMAND: POST /session/fa0fa588b59cd70394c35387be1492a3/element/f.E45B0C2907A9CCBDD1B779A362D73609.d.023F4947639518E4F75C56A929780257.e.4464/click - {}
RESULT: {}
COMMAND: GET /session/fa0fa588b59cd70394c35387be1492a3/screenshot - {}
RESULT: {}
COMMAND: POST /session/fa0fa588b59cd70394c35387be1492a3/execute/async - {"script":"<script> [1562 bytes]","args":[{"selector":{"controlType":"sap.ui.core.Icon","viewName":"etm.portal.ui.manageresources.view.Detail","viewId":"application-manageresources-display-component---detailRU","properties":{"src":{"regex":{"source":"overflow"}}}},"wdio_ui5_key":"etmportal.ui.manageresources.view.Detailsap.ui.core.Icon{\"src\":{\"regex\":{\"source\":\"overflow\"}}}"}]}
RESULT: {"script":"<script> [1562 bytes]","args":[{"selector":{"controlType":"sap.ui.core.Icon","viewName":"etm.portal.ui.manageresources.view.Detail","viewId":"application-manageresources-display-component---detailRU","properties":{"src":{"regex":{"source":"overflow"}}}},"wdio_ui5_key":"etmportal.ui.manageresources.view.Detailsap.ui.core.Icon{\"src\":{\"regex\":{\"source\":\"overflow\"}}}"}]}
RESULT: undefined
COMMAND: POST /session/fa0fa588b59cd70394c35387be1492a3/element - {"using":"xpath","value":"//*[@id=\"__title81-_actionsToolbar-overflowButton-img\"]"}
RESULT: {"using":"xpath","value":"//*[@id=\"__title81-_actionsToolbar-overflowButton-img\"]"}
COMMAND: POST /session/fa0fa588b59cd70394c35387be1492a3/element/f.E45B0C2907A9CCBDD1B779A362D73609.d.023F4947639518E4F75C56A929780257.e.4495/click - {}
RESULT: {}
COMMAND: POST /session/fa0fa588b59cd70394c35387be1492a3/execute/async - {"script":"<script> [1562 bytes]","args":[{"selector":{"controlType":"sap.m.Button","viewName":"etm.portal.ui.manageresources.view.Detail","viewId":"application-manageresources-display-component---detailRU","i18NText":{"propertyName":"tooltip","key":"closeColumn"},"searchOpenDialogs":true,"interaction":{"idSuffix":"inner"}},"wdio_ui5_key":"etmportal.ui.manageresources.view.Detailsap.m.Button{\"propertyName\":\"tooltip\",\"key\":\"closeColumn\"}"}]}
COMMAND: GET /session/fa0fa588b59cd70394c35387be1492a3/screenshot - {}
RESULT: {"script":"<script> [1562 bytes]","args":[{"selector":{"controlType":"sap.m.Button","viewName":"etm.portal.ui.manageresources.view.Detail","viewId":"application-manageresources-display-component---detailRU","i18NText":{"propertyName":"tooltip","key":"closeColumn"},"searchOpenDialogs":true,"interaction":{"idSuffix":"inner"}},"wdio_ui5_key":"etmportal.ui.manageresources.view.Detailsap.m.Button{\"propertyName\":\"tooltip\",\"key\":\"closeColumn\"}"}]}
RESULT: undefined
COMMAND: POST /session/fa0fa588b59cd70394c35387be1492a3/element - {"using":"xpath","value":"//*[@id=\"__button257\"]"}
RESULT: {}
RESULT: {"using":"xpath","value":"//*[@id=\"__button257\"]"}
COMMAND: POST /session/fa0fa588b59cd70394c35387be1492a3/element/f.E45B0C2907A9CCBDD1B779A362D73609.d.023F4947639518E4F75C56A929780257.e.4497/click - {}
RESULT: {}
COMMAND: GET /session/fa0fa588b59cd70394c35387be1492a3/screenshot - {}
RESULT: {}
COMMAND: POST /session/fa0fa588b59cd70394c35387be1492a3/refresh - {}
RESULT: {}
COMMAND: GET /session/fa0fa588b59cd70394c35387be1492a3/screenshot - {}
RESULT: {}
COMMAND: POST /session/fa0fa588b59cd70394c35387be1492a3/execute/async - {"script":"<script> [189 bytes]","args":[]}
RESULT: {"script":"<script> [189 bytes]","args":[]}
COMMAND: POST /session/fa0fa588b59cd70394c35387be1492a3/execute/async - {"script":"<script> [123 bytes]","args":[]}
RESULT: {"script":"<script> [123 bytes]","args":[]}
COMMAND: POST /session/fa0fa588b59cd70394c35387be1492a3/timeouts - {"script":"<number>"}
RESULT: {"script":"<number>"}
COMMAND: GET /session/fa0fa588b59cd70394c35387be1492a3/timeouts - {}
RESULT: {}
RESULT: undefined
COMMAND: POST /session/fa0fa588b59cd70394c35387be1492a3/execute/async - {"script":"<script> [2676 bytes]","args":[]}
RESULT: {"script":"<script> [2676 bytes]","args":[]}
COMMAND: POST /session/fa0fa588b59cd70394c35387be1492a3/execute/async - {"script":"<script> [2342 bytes]","args":[{"protocol":"http","hostname":"0.0.0.0","path":"/","capabilities":{"browserName":"chrome","goog:chromeOptions":{"binary":"C:\\Program Files\\Google\\Chrome\\Application\\chrome.exe","args":["--start-maximized"]}},"logLevel":"warn","connectionRetryTimeout":120000,"connectionRetryCount":3,"logLevels":{},"enableDirectConnect":true,"strictSSL":true,"_":"65 more keys: [\"cacheDir\",\"port\",\"requestedCapabilities\",\"automationProtocol\",\"baseUrl\",\"waitforInterval\",\"waitforTimeout\",\"onReload\",\"beforeCommand\",\"afterCommand\",\"rootDir\",\"specs\",\"suites\",\"exclude\",\"groupLogsByTestSpec\",\"excludeDriverLogs\",\"bail\",\"framework\",\"reporters\",\"services\",\"maxInstances\",\"maxInstancesPerCapability\",\"injectGlobals\",\"filesToWatch\",\"execArgv\",\"runnerEnv\",\"runner\",\"shard\",\"specFileRetries\",\"specFileRetriesDelay\",\"specFileRetriesDeferred\",\"reporterSyncInterval\",\"reporterSyncTimeout\",\"cucumberFeaturesWithLineNumbers\",\"autoCompileOpts\",\"mochaOpts\",\"jasmineOpts\",\"cucumberOpts\",\"onPrepare\",\"onWorkerStart\",\"onWorkerEnd\",\"before\",\"beforeSession\",\"beforeSuite\",\"beforeHook\",\"beforeTest\",\"afterTest\",\"afterHook\",\"afterSuite\",\"afterSession\",\"after\",\"onComplete\",\"beforeAssertion\",\"afterAssertion\",\"beforeFeature\",\"beforeScenario\",\"beforeStep\",\"afterStep\",\"afterScenario\",\"afterFeature\",\"_\",\"suite\",\"$0\",\"ignoredWorkerServices\",\"wdi5\"]"}]}
RESULT: {"script":"<script> [2342 bytes]","args":[{"protocol":"http","hostname":"0.0.0.0","path":"/","capabilities":{"browserName":"chrome","goog:chromeOptions":{"binary":"C:\\Program Files\\Google\\Chrome\\Application\\chrome.exe","args":["--start-maximized"]}},"logLevel":"warn","connectionRetryTimeout":120000,"connectionRetryCount":3,"logLevels":{},"enableDirectConnect":true,"strictSSL":true,"_":"65 more keys: [\"cacheDir\",\"port\",\"requestedCapabilities\",\"automationProtocol\",\"baseUrl\",\"waitforInterval\",\"waitforTimeout\",\"onReload\",\"beforeCommand\",\"afterCommand\",\"rootDir\",\"specs\",\"suites\",\"exclude\",\"groupLogsByTestSpec\",\"excludeDriverLogs\",\"bail\",\"framework\",\"reporters\",\"services\",\"maxInstances\",\"maxInstancesPerCapability\",\"injectGlobals\",\"filesToWatch\",\"execArgv\",\"runnerEnv\",\"runner\",\"shard\",\"specFileRetries\",\"specFileRetriesDelay\",\"specFileRetriesDeferred\",\"reporterSyncInterval\",\"reporterSyncTimeout\",\"cucumberFeaturesWithLineNumbers\",\"autoCompileOpts\",\"mochaOpts\",\"jasmineOpts\",\"cucumberOpts\",\"onPrepare\",\"onWorkerStart\",\"onWorkerEnd\",\"before\",\"beforeSession\",\"beforeSuite\",\"beforeHook\",\"beforeTest\",\"afterTest\",\"afterHook\",\"afterSuite\",\"afterSession\",\"after\",\"onComplete\",\"beforeAssertion\",\"afterAssertion\",\"beforeFeature\",\"beforeScenario\",\"beforeStep\",\"afterStep\",\"afterScenario\",\"afterFeature\",\"_\",\"suite\",\"$0\",\"ignoredWorkerServices\",\"wdi5\"]"}]}
COMMAND: POST /session/fa0fa588b59cd70394c35387be1492a3/execute/async - {"script":"<script> [21126 bytes]","args":[35000]}
RESULT: {"script":"<script> [21126 bytes]","args":[35000]}
COMMAND: POST /session/fa0fa588b59cd70394c35387be1492a3/element - {"using":"css selector","value":"#shell-header-logo"}
RESULT: {"using":"css selector","value":"#shell-header-logo"}
COMMAND: POST /session/fa0fa588b59cd70394c35387be1492a3/element/f.E45B0C2907A9CCBDD1B779A362D73609.d.6AFEBC4D947BB02DEB8907E348D94A94.e.4575/click - {}
RESULT: {}
COMMAND: GET /session/fa0fa588b59cd70394c35387be1492a3/screenshot - {}
RESULT: {}
COMMAND: POST /session/fa0fa588b59cd70394c35387be1492a3/element - {"using":"css selector","value":"#shell-header-logo"}
RESULT: {"using":"css selector","value":"#shell-header-logo"}
COMMAND: POST /session/fa0fa588b59cd70394c35387be1492a3/element/f.E45B0C2907A9CCBDD1B779A362D73609.d.6AFEBC4D947BB02DEB8907E348D94A94.e.4754/click - {}
RESULT: {}
COMMAND: GET /session/fa0fa588b59cd70394c35387be1492a3/screenshot - {}
RESULT: {}
]]></system-out>
    </testcase>
    <testcase classname="chrome.136_0_7103_93.windows.Manage_request_+_Contract_processing_pick_up_option_US120163_" name="Should Create New Request pick up option" time="168.552">
      <system-out><![CDATA[
COMMAND: POST /session/fa0fa588b59cd70394c35387be1492a3/element - {"using":"css selector","value":"#shell-header-logo"}
RESULT: {"using":"css selector","value":"#shell-header-logo"}
COMMAND: POST /session/fa0fa588b59cd70394c35387be1492a3/element/f.E45B0C2907A9CCBDD1B779A362D73609.d.6AFEBC4D947BB02DEB8907E348D94A94.e.4754/click - {}
RESULT: {}
COMMAND: GET /session/fa0fa588b59cd70394c35387be1492a3/screenshot - {}
RESULT: {}
COMMAND: POST /session/fa0fa588b59cd70394c35387be1492a3/execute/async - {"script":"<script> [1562 bytes]","args":[{"selector":{"controlType":"sap.m.GenericTile","properties":{"header":"Manage Requests"}},"wdio_ui5_key":"sapm.GenericTile{\"header\":\"Manage Requests\"}"}]}
RESULT: {"script":"<script> [1562 bytes]","args":[{"selector":{"controlType":"sap.m.GenericTile","properties":{"header":"Manage Requests"}},"wdio_ui5_key":"sapm.GenericTile{\"header\":\"Manage Requests\"}"}]}
RESULT: undefined
COMMAND: POST /session/fa0fa588b59cd70394c35387be1492a3/element - {"using":"xpath","value":"//*[@id=\"__tile47\"]"}
RESULT: {"using":"xpath","value":"//*[@id=\"__tile47\"]"}
COMMAND: POST /session/fa0fa588b59cd70394c35387be1492a3/element/f.E45B0C2907A9CCBDD1B779A362D73609.d.6AFEBC4D947BB02DEB8907E348D94A94.e.4761/click - {}
RESULT: {}
COMMAND: GET /session/fa0fa588b59cd70394c35387be1492a3/screenshot - {}
RESULT: {}
COMMAND: POST /session/fa0fa588b59cd70394c35387be1492a3/elements - {"using":"xpath","value":"//span[text()='Error']"}
RESULT: {"using":"xpath","value":"//span[text()='Error']"}
COMMAND: POST /session/fa0fa588b59cd70394c35387be1492a3/refresh - {}
RESULT: {}
COMMAND: GET /session/fa0fa588b59cd70394c35387be1492a3/screenshot - {}
RESULT: {}
COMMAND: POST /session/fa0fa588b59cd70394c35387be1492a3/execute/async - {"script":"<script> [189 bytes]","args":[]}
RESULT: {"script":"<script> [189 bytes]","args":[]}
COMMAND: POST /session/fa0fa588b59cd70394c35387be1492a3/execute/async - {"script":"<script> [123 bytes]","args":[]}
RESULT: {"script":"<script> [123 bytes]","args":[]}
COMMAND: POST /session/fa0fa588b59cd70394c35387be1492a3/timeouts - {"script":"<number>"}
RESULT: {"script":"<number>"}
COMMAND: GET /session/fa0fa588b59cd70394c35387be1492a3/timeouts - {}
RESULT: {}
RESULT: undefined
COMMAND: POST /session/fa0fa588b59cd70394c35387be1492a3/execute/async - {"script":"<script> [2676 bytes]","args":[]}
RESULT: {"script":"<script> [2676 bytes]","args":[]}
COMMAND: POST /session/fa0fa588b59cd70394c35387be1492a3/execute/async - {"script":"<script> [2342 bytes]","args":[{"protocol":"http","hostname":"0.0.0.0","path":"/","capabilities":{"browserName":"chrome","goog:chromeOptions":{"binary":"C:\\Program Files\\Google\\Chrome\\Application\\chrome.exe","args":["--start-maximized"]}},"logLevel":"warn","connectionRetryTimeout":120000,"connectionRetryCount":3,"logLevels":{},"enableDirectConnect":true,"strictSSL":true,"_":"65 more keys: [\"cacheDir\",\"port\",\"requestedCapabilities\",\"automationProtocol\",\"baseUrl\",\"waitforInterval\",\"waitforTimeout\",\"onReload\",\"beforeCommand\",\"afterCommand\",\"rootDir\",\"specs\",\"suites\",\"exclude\",\"groupLogsByTestSpec\",\"excludeDriverLogs\",\"bail\",\"framework\",\"reporters\",\"services\",\"maxInstances\",\"maxInstancesPerCapability\",\"injectGlobals\",\"filesToWatch\",\"execArgv\",\"runnerEnv\",\"runner\",\"shard\",\"specFileRetries\",\"specFileRetriesDelay\",\"specFileRetriesDeferred\",\"reporterSyncInterval\",\"reporterSyncTimeout\",\"cucumberFeaturesWithLineNumbers\",\"autoCompileOpts\",\"mochaOpts\",\"jasmineOpts\",\"cucumberOpts\",\"onPrepare\",\"onWorkerStart\",\"onWorkerEnd\",\"before\",\"beforeSession\",\"beforeSuite\",\"beforeHook\",\"beforeTest\",\"afterTest\",\"afterHook\",\"afterSuite\",\"afterSession\",\"after\",\"onComplete\",\"beforeAssertion\",\"afterAssertion\",\"beforeFeature\",\"beforeScenario\",\"beforeStep\",\"afterStep\",\"afterScenario\",\"afterFeature\",\"_\",\"suite\",\"$0\",\"ignoredWorkerServices\",\"wdi5\"]"}]}
RESULT: {"script":"<script> [2342 bytes]","args":[{"protocol":"http","hostname":"0.0.0.0","path":"/","capabilities":{"browserName":"chrome","goog:chromeOptions":{"binary":"C:\\Program Files\\Google\\Chrome\\Application\\chrome.exe","args":["--start-maximized"]}},"logLevel":"warn","connectionRetryTimeout":120000,"connectionRetryCount":3,"logLevels":{},"enableDirectConnect":true,"strictSSL":true,"_":"65 more keys: [\"cacheDir\",\"port\",\"requestedCapabilities\",\"automationProtocol\",\"baseUrl\",\"waitforInterval\",\"waitforTimeout\",\"onReload\",\"beforeCommand\",\"afterCommand\",\"rootDir\",\"specs\",\"suites\",\"exclude\",\"groupLogsByTestSpec\",\"excludeDriverLogs\",\"bail\",\"framework\",\"reporters\",\"services\",\"maxInstances\",\"maxInstancesPerCapability\",\"injectGlobals\",\"filesToWatch\",\"execArgv\",\"runnerEnv\",\"runner\",\"shard\",\"specFileRetries\",\"specFileRetriesDelay\",\"specFileRetriesDeferred\",\"reporterSyncInterval\",\"reporterSyncTimeout\",\"cucumberFeaturesWithLineNumbers\",\"autoCompileOpts\",\"mochaOpts\",\"jasmineOpts\",\"cucumberOpts\",\"onPrepare\",\"onWorkerStart\",\"onWorkerEnd\",\"before\",\"beforeSession\",\"beforeSuite\",\"beforeHook\",\"beforeTest\",\"afterTest\",\"afterHook\",\"afterSuite\",\"afterSession\",\"after\",\"onComplete\",\"beforeAssertion\",\"afterAssertion\",\"beforeFeature\",\"beforeScenario\",\"beforeStep\",\"afterStep\",\"afterScenario\",\"afterFeature\",\"_\",\"suite\",\"$0\",\"ignoredWorkerServices\",\"wdi5\"]"}]}
COMMAND: POST /session/fa0fa588b59cd70394c35387be1492a3/execute/async - {"script":"<script> [21126 bytes]","args":[35000]}
RESULT: {"script":"<script> [21126 bytes]","args":[35000]}
COMMAND: POST /session/fa0fa588b59cd70394c35387be1492a3/element - {"using":"xpath","value":"//button[contains(@data-kt ,\"btnCreateNewOverflowToolbarButton\")]"}
COMMAND: POST /session/fa0fa588b59cd70394c35387be1492a3/element - {"using":"xpath","value":"(//span[contains(@class ,\"sapMObjStatusText\")])[1]"}
RESULT: {"using":"xpath","value":"//button[contains(@data-kt ,\"btnCreateNewOverflowToolbarButton\")]"}
COMMAND: POST /session/fa0fa588b59cd70394c35387be1492a3/element/f.E45B0C2907A9CCBDD1B779A362D73609.d.310E07A18576F5C5EE7E9997E7FE3CB6.e.4917/click - {}
RESULT: {"using":"xpath","value":"(//span[contains(@class ,\"sapMObjStatusText\")])[1]"}
COMMAND: POST /session/fa0fa588b59cd70394c35387be1492a3/execute/sync - {"script":"<script> [8489 bytes]","args":[{"element-6066-11e4-a52e-4f735466cecf":"f.E45B0C2907A9CCBDD1B779A362D73609.d.310E07A18576F5C5EE7E9997E7FE3CB6.e.4955","ELEMENT":"f.E45B0C2907A9CCBDD1B779A362D73609.d.310E07A18576F5C5EE7E9997E7FE3CB6.e.4955"}]}
RESULT: {}
COMMAND: GET /session/fa0fa588b59cd70394c35387be1492a3/screenshot - {}
RESULT: {"script":"<script> [8489 bytes]","args":[{"element-6066-11e4-a52e-4f735466cecf":"f.E45B0C2907A9CCBDD1B779A362D73609.d.310E07A18576F5C5EE7E9997E7FE3CB6.e.4955","ELEMENT":"f.E45B0C2907A9CCBDD1B779A362D73609.d.310E07A18576F5C5EE7E9997E7FE3CB6.e.4955"}]}
COMMAND: GET /session/fa0fa588b59cd70394c35387be1492a3/screenshot - {}
RESULT: {}
RESULT: {}
COMMAND: POST /session/fa0fa588b59cd70394c35387be1492a3/element - {"using":"xpath","value":"//input[contains(@id ,\"yardId-inner\")]"}
RESULT: {"using":"xpath","value":"//input[contains(@id ,\"yardId-inner\")]"}
COMMAND: POST /session/fa0fa588b59cd70394c35387be1492a3/execute/sync - {"script":"<script> [8489 bytes]","args":[{"element-6066-11e4-a52e-4f735466cecf":"f.E45B0C2907A9CCBDD1B779A362D73609.d.310E07A18576F5C5EE7E9997E7FE3CB6.e.5036","ELEMENT":"f.E45B0C2907A9CCBDD1B779A362D73609.d.310E07A18576F5C5EE7E9997E7FE3CB6.e.5036"}]}
RESULT: {"script":"<script> [8489 bytes]","args":[{"element-6066-11e4-a52e-4f735466cecf":"f.E45B0C2907A9CCBDD1B779A362D73609.d.310E07A18576F5C5EE7E9997E7FE3CB6.e.5036","ELEMENT":"f.E45B0C2907A9CCBDD1B779A362D73609.d.310E07A18576F5C5EE7E9997E7FE3CB6.e.5036"}]}
COMMAND: POST /session/fa0fa588b59cd70394c35387be1492a3/element - {"using":"xpath","value":"//input[contains(@id ,\"requestContractNo-inner\")]"}
COMMAND: POST /session/fa0fa588b59cd70394c35387be1492a3/element - {"using":"xpath","value":"//input[contains(@id ,\"yardId-inner\")]"}
COMMAND: GET /session/fa0fa588b59cd70394c35387be1492a3/screenshot - {}
RESULT: {}
RESULT: {"using":"xpath","value":"//input[contains(@id ,\"yardId-inner\")]"}
COMMAND: GET /session/fa0fa588b59cd70394c35387be1492a3/element/f.E45B0C2907A9CCBDD1B779A362D73609.d.310E07A18576F5C5EE7E9997E7FE3CB6.e.5036/enabled - {}
RESULT: {"using":"xpath","value":"//input[contains(@id ,\"requestContractNo-inner\")]"}
COMMAND: POST /session/fa0fa588b59cd70394c35387be1492a3/element/f.E45B0C2907A9CCBDD1B779A362D73609.d.310E07A18576F5C5EE7E9997E7FE3CB6.e.5031/value - {"text":"10337"}
RESULT: {}
COMMAND: GET /session/fa0fa588b59cd70394c35387be1492a3/screenshot - {}
RESULT: {"text":"10337"}
COMMAND: GET /session/fa0fa588b59cd70394c35387be1492a3/screenshot - {}
RESULT: {}
RESULT: {}
COMMAND: POST /session/fa0fa588b59cd70394c35387be1492a3/actions - {"actions":[{"id":"action37","type":"key","parameters":{},"actions":[{"type":"keyDown","value":""},{"type":"pause","duration":10},{"type":"keyUp","value":""}]}]}
RESULT: {"actions":[{"id":"action37","type":"key","parameters":{},"actions":[{"type":"keyDown","value":""},{"type":"pause","duration":10},{"type":"keyUp","value":""}]}]}
COMMAND: GET /session/fa0fa588b59cd70394c35387be1492a3/screenshot - {}
RESULT: {}
COMMAND: POST /session/fa0fa588b59cd70394c35387be1492a3/execute/async - {"script":"<script> [1562 bytes]","args":[{"selector":{"controlType":"sap.m.Button","viewName":"etm.portal.ui.managerequests.view.NewRequest","properties":{"text":"Items"},"interaction":{"idSuffix":"BDI-content"}},"wdio_ui5_key":"etmportal.ui.managerequests.view.NewRequestsap.m.Button{\"text\":\"Items\"}"}]}
RESULT: {"script":"<script> [1562 bytes]","args":[{"selector":{"controlType":"sap.m.Button","viewName":"etm.portal.ui.managerequests.view.NewRequest","properties":{"text":"Items"},"interaction":{"idSuffix":"BDI-content"}},"wdio_ui5_key":"etmportal.ui.managerequests.view.NewRequestsap.m.Button{\"text\":\"Items\"}"}]}
RESULT: undefined
COMMAND: POST /session/fa0fa588b59cd70394c35387be1492a3/element - {"using":"xpath","value":"//*[@id=\"__xmlview1--newRequestPage-anchBar-__xmlview1--requestItemsSection-anchor\"]"}
RESULT: {"using":"xpath","value":"//*[@id=\"__xmlview1--newRequestPage-anchBar-__xmlview1--requestItemsSection-anchor\"]"}
COMMAND: POST /session/fa0fa588b59cd70394c35387be1492a3/element/f.E45B0C2907A9CCBDD1B779A362D73609.d.310E07A18576F5C5EE7E9997E7FE3CB6.e.5215/click - {}
RESULT: {}
COMMAND: GET /session/fa0fa588b59cd70394c35387be1492a3/screenshot - {}
RESULT: {}
COMMAND: POST /session/fa0fa588b59cd70394c35387be1492a3/execute/async - {"script":"<script> [1562 bytes]","args":[{"selector":{"controlType":"sap.ui.core.Icon","viewName":"etm.portal.ui.managerequests.view.NewRequest","properties":{"src":{"regex":{"source":"inspect"}}}},"wdio_ui5_key":"etmportal.ui.managerequests.view.NewRequestsap.ui.core.Icon{\"src\":{\"regex\":{\"source\":\"inspect\"}}}"}]}
RESULT: {"script":"<script> [1562 bytes]","args":[{"selector":{"controlType":"sap.ui.core.Icon","viewName":"etm.portal.ui.managerequests.view.NewRequest","properties":{"src":{"regex":{"source":"inspect"}}}},"wdio_ui5_key":"etmportal.ui.managerequests.view.NewRequestsap.ui.core.Icon{\"src\":{\"regex\":{\"source\":\"inspect\"}}}"}]}
RESULT: undefined
COMMAND: POST /session/fa0fa588b59cd70394c35387be1492a3/element - {"using":"xpath","value":"//*[@id=\"__button8-img\"]"}
RESULT: {"using":"xpath","value":"//*[@id=\"__button8-img\"]"}
COMMAND: POST /session/fa0fa588b59cd70394c35387be1492a3/element/f.E45B0C2907A9CCBDD1B779A362D73609.d.310E07A18576F5C5EE7E9997E7FE3CB6.e.5220/click - {}
RESULT: {}
COMMAND: GET /session/fa0fa588b59cd70394c35387be1492a3/screenshot - {}
RESULT: {}
COMMAND: POST /session/fa0fa588b59cd70394c35387be1492a3/execute/async - {"script":"<script> [1562 bytes]","args":[{"selector":{"controlType":"sap.ui.core.Icon","viewName":"etm.portal.ui.managerequests.view.NewRequest","properties":{"src":{"regex":{"source":"add"}}}},"wdio_ui5_key":"etmportal.ui.managerequests.view.NewRequestsap.ui.core.Icon{\"src\":{\"regex\":{\"source\":\"add\"}}}"}]}
RESULT: {"script":"<script> [1562 bytes]","args":[{"selector":{"controlType":"sap.ui.core.Icon","viewName":"etm.portal.ui.managerequests.view.NewRequest","properties":{"src":{"regex":{"source":"add"}}}},"wdio_ui5_key":"etmportal.ui.managerequests.view.NewRequestsap.ui.core.Icon{\"src\":{\"regex\":{\"source\":\"add\"}}}"}]}
RESULT: undefined
COMMAND: POST /session/fa0fa588b59cd70394c35387be1492a3/element - {"using":"xpath","value":"//*[@id=\"__xmlview1--btnAddTableRow-img\"]"}
RESULT: {"using":"xpath","value":"//*[@id=\"__xmlview1--btnAddTableRow-img\"]"}
COMMAND: POST /session/fa0fa588b59cd70394c35387be1492a3/element/f.E45B0C2907A9CCBDD1B779A362D73609.d.310E07A18576F5C5EE7E9997E7FE3CB6.e.5228/click - {}
RESULT: {}
COMMAND: GET /session/fa0fa588b59cd70394c35387be1492a3/screenshot - {}
RESULT: {}
COMMAND: POST /session/fa0fa588b59cd70394c35387be1492a3/execute/async - {"script":"<script> [1562 bytes]","args":[{"selector":{"controlType":"sap.ui.unified.MenuItem","viewName":"etm.portal.ui.managerequests.view.NewRequest","i18NText":{"propertyName":"text","key":"standardEntry"},"searchOpenDialogs":true,"interaction":{"idSuffix":"txt"}},"wdio_ui5_key":"etmportal.ui.managerequests.view.NewRequestsap.ui.unified.MenuItem{\"propertyName\":\"text\",\"key\":\"standardEntry\"}"}]}
RESULT: {"script":"<script> [1562 bytes]","args":[{"selector":{"controlType":"sap.ui.unified.MenuItem","viewName":"etm.portal.ui.managerequests.view.NewRequest","i18NText":{"propertyName":"text","key":"standardEntry"},"searchOpenDialogs":true,"interaction":{"idSuffix":"txt"}},"wdio_ui5_key":"etmportal.ui.managerequests.view.NewRequestsap.ui.unified.MenuItem{\"propertyName\":\"text\",\"key\":\"standardEntry\"}"}]}
RESULT: undefined
COMMAND: POST /session/fa0fa588b59cd70394c35387be1492a3/element - {"using":"xpath","value":"//*[@id=\"__item178\"]"}
RESULT: {"using":"xpath","value":"//*[@id=\"__item178\"]"}
COMMAND: POST /session/fa0fa588b59cd70394c35387be1492a3/element/f.E45B0C2907A9CCBDD1B779A362D73609.d.310E07A18576F5C5EE7E9997E7FE3CB6.e.5232/click - {}
RESULT: {}
COMMAND: GET /session/fa0fa588b59cd70394c35387be1492a3/screenshot - {}
RESULT: {}
RESULT: undefined
COMMAND: POST /session/fa0fa588b59cd70394c35387be1492a3/element - {"using":"xpath","value":"//*[@id=\"__xmlview1--btnAddTableRow-img\"]"}
RESULT: {"using":"xpath","value":"//*[@id=\"__xmlview1--btnAddTableRow-img\"]"}
COMMAND: POST /session/fa0fa588b59cd70394c35387be1492a3/element/f.E45B0C2907A9CCBDD1B779A362D73609.d.310E07A18576F5C5EE7E9997E7FE3CB6.e.5228/click - {}
RESULT: {}
COMMAND: GET /session/fa0fa588b59cd70394c35387be1492a3/screenshot - {}
RESULT: {}
RESULT: undefined
COMMAND: POST /session/fa0fa588b59cd70394c35387be1492a3/element - {"using":"xpath","value":"//*[@id=\"__item178\"]"}
RESULT: {"using":"xpath","value":"//*[@id=\"__item178\"]"}
COMMAND: POST /session/fa0fa588b59cd70394c35387be1492a3/element/f.E45B0C2907A9CCBDD1B779A362D73609.d.310E07A18576F5C5EE7E9997E7FE3CB6.e.5253/click - {}
RESULT: {}
COMMAND: GET /session/fa0fa588b59cd70394c35387be1492a3/screenshot - {}
RESULT: {}
COMMAND: POST /session/fa0fa588b59cd70394c35387be1492a3/element - {"using":"xpath","value":"(//input[contains(@id ,\"requestItemsTable-0-inner\")])[5]"}
RESULT: {"using":"xpath","value":"(//input[contains(@id ,\"requestItemsTable-0-inner\")])[5]"}
COMMAND: POST /session/fa0fa588b59cd70394c35387be1492a3/element/f.E45B0C2907A9CCBDD1B779A362D73609.d.310E07A18576F5C5EE7E9997E7FE3CB6.e.5244/clear - {}
RESULT: {}
COMMAND: POST /session/fa0fa588b59cd70394c35387be1492a3/element/f.E45B0C2907A9CCBDD1B779A362D73609.d.310E07A18576F5C5EE7E9997E7FE3CB6.e.5244/value - {"text":"1000001"}
COMMAND: GET /session/fa0fa588b59cd70394c35387be1492a3/screenshot - {}
RESULT: {"text":"1000001"}
COMMAND: GET /session/fa0fa588b59cd70394c35387be1492a3/screenshot - {}
RESULT: {}
RESULT: {}
COMMAND: POST /session/fa0fa588b59cd70394c35387be1492a3/actions - {"actions":[{"id":"action38","type":"key","parameters":{},"actions":[{"type":"keyDown","value":""},{"type":"pause","duration":10},{"type":"keyUp","value":""}]}]}
RESULT: {"actions":[{"id":"action38","type":"key","parameters":{},"actions":[{"type":"keyDown","value":""},{"type":"pause","duration":10},{"type":"keyUp","value":""}]}]}
COMMAND: POST /session/fa0fa588b59cd70394c35387be1492a3/element - {"using":"xpath","value":"(//input[contains(@id ,\"requestItemsTable-1-inner\")])[5]"}
COMMAND: GET /session/fa0fa588b59cd70394c35387be1492a3/screenshot - {}
RESULT: {"using":"xpath","value":"(//input[contains(@id ,\"requestItemsTable-1-inner\")])[5]"}
COMMAND: POST /session/fa0fa588b59cd70394c35387be1492a3/element/f.E45B0C2907A9CCBDD1B779A362D73609.d.310E07A18576F5C5EE7E9997E7FE3CB6.e.5259/clear - {}
RESULT: {}
RESULT: {}
COMMAND: POST /session/fa0fa588b59cd70394c35387be1492a3/element/f.E45B0C2907A9CCBDD1B779A362D73609.d.310E07A18576F5C5EE7E9997E7FE3CB6.e.5259/value - {"text":"200230"}
COMMAND: GET /session/fa0fa588b59cd70394c35387be1492a3/screenshot - {}
RESULT: {"text":"200230"}
COMMAND: GET /session/fa0fa588b59cd70394c35387be1492a3/screenshot - {}
RESULT: {}
RESULT: {}
COMMAND: POST /session/fa0fa588b59cd70394c35387be1492a3/actions - {"actions":[{"id":"action39","type":"key","parameters":{},"actions":[{"type":"keyDown","value":""},{"type":"pause","duration":10},{"type":"keyUp","value":""}]}]}
RESULT: {"actions":[{"id":"action39","type":"key","parameters":{},"actions":[{"type":"keyDown","value":""},{"type":"pause","duration":10},{"type":"keyUp","value":""}]}]}
COMMAND: POST /session/fa0fa588b59cd70394c35387be1492a3/element - {"using":"xpath","value":"//div[contains(@data-kt ,\"splitAllocationObjectStatus\")]"}
COMMAND: GET /session/fa0fa588b59cd70394c35387be1492a3/screenshot - {}
RESULT: {"using":"xpath","value":"//div[contains(@data-kt ,\"splitAllocationObjectStatus\")]"}
COMMAND: POST /session/fa0fa588b59cd70394c35387be1492a3/elements - {"using":"xpath","value":"//div[contains(@data-kt ,\"splitAllocationObjectStatus\")]"}
RESULT: {}
RESULT: {"using":"xpath","value":"//div[contains(@data-kt ,\"splitAllocationObjectStatus\")]"}
COMMAND: POST /session/fa0fa588b59cd70394c35387be1492a3/execute/async - {"script":"<script> [1562 bytes]","args":[{"selector":{"controlType":"sap.ui.core.Icon","viewName":"etm.portal.ui.managerequests.view.NewRequest","properties":{"src":{"regex":{"source":"message\\-error"}}},"ancestor":{"controlType":"sap.m.ColumnListItem","viewName":"etm.portal.ui.managerequests.view.NewRequest","bindingPath":{"modelName":"newRequestItems","path":"/RequestItems/0"},"ancestor":{"id":"requestItemsTable","viewName":"etm.portal.ui.managerequests.view.NewRequest"}}},"wdio_ui5_key":"etmportal.ui.managerequests.view.NewRequestsap.ui.core.Icon{\"src\":{\"regex\":{\"source\":\"message\\\\-error\"}}}{\"controlType\":\"sap.m.ColumnListItem\",\"viewName\":\"etm.portal.ui.managerequests.view.NewRequest\",\"bindingPath\":{\"modelName\":\"newRequestItems\",\"path\":\"/RequestItems/0\"},\"ancestor\":{\"id\":\"requestItemsTable\",\"viewName\":\"etm.portal.ui.managerequests.view.NewRequest\"}}"}]}
RESULT: {"script":"<script> [1562 bytes]","args":[{"selector":{"controlType":"sap.ui.core.Icon","viewName":"etm.portal.ui.managerequests.view.NewRequest","properties":{"src":{"regex":{"source":"message\\-error"}}},"ancestor":{"controlType":"sap.m.ColumnListItem","viewName":"etm.portal.ui.managerequests.view.NewRequest","bindingPath":{"modelName":"newRequestItems","path":"/RequestItems/0"},"ancestor":{"id":"requestItemsTable","viewName":"etm.portal.ui.managerequests.view.NewRequest"}}},"wdio_ui5_key":"etmportal.ui.managerequests.view.NewRequestsap.ui.core.Icon{\"src\":{\"regex\":{\"source\":\"message\\\\-error\"}}}{\"controlType\":\"sap.m.ColumnListItem\",\"viewName\":\"etm.portal.ui.managerequests.view.NewRequest\",\"bindingPath\":{\"modelName\":\"newRequestItems\",\"path\":\"/RequestItems/0\"},\"ancestor\":{\"id\":\"requestItemsTable\",\"viewName\":\"etm.portal.ui.managerequests.view.NewRequest\"}}"}]}
RESULT: undefined
COMMAND: POST /session/fa0fa588b59cd70394c35387be1492a3/element - {"using":"xpath","value":"//*[@id=\"__status4-__xmlview1--requestItemsTable-0-icon\"]"}
RESULT: {"using":"xpath","value":"//*[@id=\"__status4-__xmlview1--requestItemsTable-0-icon\"]"}
COMMAND: POST /session/fa0fa588b59cd70394c35387be1492a3/element/f.E45B0C2907A9CCBDD1B779A362D73609.d.310E07A18576F5C5EE7E9997E7FE3CB6.e.5271/click - {}
RESULT: {}
COMMAND: GET /session/fa0fa588b59cd70394c35387be1492a3/screenshot - {}
RESULT: {}
COMMAND: POST /session/fa0fa588b59cd70394c35387be1492a3/execute/async - {"script":"<script> [1562 bytes]","args":[{"selector":{"id":"costObjectAdminTypeComboBox","viewName":"etm.portal.ui.managerequests.view.NewRequest","searchOpenDialogs":true,"interaction":{"idSuffix":"inner"}},"wdio_ui5_key":"costObjectAdminTypeComboBoxetmportal.ui.managerequests.view.NewRequest"}]}
RESULT: {"script":"<script> [1562 bytes]","args":[{"selector":{"id":"costObjectAdminTypeComboBox","viewName":"etm.portal.ui.managerequests.view.NewRequest","searchOpenDialogs":true,"interaction":{"idSuffix":"inner"}},"wdio_ui5_key":"costObjectAdminTypeComboBoxetmportal.ui.managerequests.view.NewRequest"}]}
RESULT: undefined
COMMAND: POST /session/fa0fa588b59cd70394c35387be1492a3/execute/async - {"script":"<script> [776 bytes]","args":[{"enterText":"Cost Center","selector":{"id":"costObjectAdminTypeComboBox","viewName":"etm.portal.ui.managerequests.view.NewRequest","searchOpenDialogs":true,"interaction":{"idSuffix":"inner"}},"clearTextFirst":true,"interactionType":"ENTER_TEXT"}]}
RESULT: {"script":"<script> [776 bytes]","args":[{"enterText":"Cost Center","selector":{"id":"costObjectAdminTypeComboBox","viewName":"etm.portal.ui.managerequests.view.NewRequest","searchOpenDialogs":true,"interaction":{"idSuffix":"inner"}},"clearTextFirst":true,"interactionType":"ENTER_TEXT"}]}
COMMAND: POST /session/fa0fa588b59cd70394c35387be1492a3/actions - {"actions":[{"id":"action40","type":"key","parameters":{},"actions":[{"type":"keyDown","value":""},{"type":"pause","duration":10},{"type":"keyUp","value":""}]}]}
RESULT: {"actions":[{"id":"action40","type":"key","parameters":{},"actions":[{"type":"keyDown","value":""},{"type":"pause","duration":10},{"type":"keyUp","value":""}]}]}
COMMAND: GET /session/fa0fa588b59cd70394c35387be1492a3/screenshot - {}
RESULT: {}
COMMAND: POST /session/fa0fa588b59cd70394c35387be1492a3/execute/async - {"script":"<script> [1562 bytes]","args":[{"selector":{"id":"costObjectIdComboBox","viewName":"etm.portal.ui.managerequests.view.NewRequest","searchOpenDialogs":true,"interaction":{"idSuffix":"inner"}},"wdio_ui5_key":"costObjectIdComboBoxetmportal.ui.managerequests.view.NewRequest"}]}
RESULT: {"script":"<script> [1562 bytes]","args":[{"selector":{"id":"costObjectIdComboBox","viewName":"etm.portal.ui.managerequests.view.NewRequest","searchOpenDialogs":true,"interaction":{"idSuffix":"inner"}},"wdio_ui5_key":"costObjectIdComboBoxetmportal.ui.managerequests.view.NewRequest"}]}
RESULT: undefined
COMMAND: POST /session/fa0fa588b59cd70394c35387be1492a3/execute/async - {"script":"<script> [776 bytes]","args":[{"enterText":"1001 - 1001","selector":{"id":"costObjectIdComboBox","viewName":"etm.portal.ui.managerequests.view.NewRequest","searchOpenDialogs":true,"interaction":{"idSuffix":"inner"}},"clearTextFirst":true,"interactionType":"ENTER_TEXT"}]}
RESULT: {"script":"<script> [776 bytes]","args":[{"enterText":"1001 - 1001","selector":{"id":"costObjectIdComboBox","viewName":"etm.portal.ui.managerequests.view.NewRequest","searchOpenDialogs":true,"interaction":{"idSuffix":"inner"}},"clearTextFirst":true,"interactionType":"ENTER_TEXT"}]}
COMMAND: POST /session/fa0fa588b59cd70394c35387be1492a3/actions - {"actions":[{"id":"action41","type":"key","parameters":{},"actions":[{"type":"keyDown","value":""},{"type":"pause","duration":10},{"type":"keyUp","value":""}]}]}
RESULT: {"actions":[{"id":"action41","type":"key","parameters":{},"actions":[{"type":"keyDown","value":""},{"type":"pause","duration":10},{"type":"keyUp","value":""}]}]}
COMMAND: GET /session/fa0fa588b59cd70394c35387be1492a3/screenshot - {}
RESULT: {}
COMMAND: POST /session/fa0fa588b59cd70394c35387be1492a3/element - {"using":"xpath","value":"(//bdi[(text() = 'Save' or . = 'Save')])[1]"}
RESULT: {"using":"xpath","value":"(//bdi[(text() = 'Save' or . = 'Save')])[1]"}
COMMAND: POST /session/fa0fa588b59cd70394c35387be1492a3/element/f.E45B0C2907A9CCBDD1B779A362D73609.d.310E07A18576F5C5EE7E9997E7FE3CB6.e.5286/click - {}
RESULT: {}
COMMAND: POST /session/fa0fa588b59cd70394c35387be1492a3/execute/async - {"script":"<script> [1562 bytes]","args":[{"selector":{"controlType":"sap.ui.core.Icon","viewName":"etm.portal.ui.managerequests.view.NewRequest","properties":{"src":{"regex":{"source":"message\\-error"}}},"ancestor":{"controlType":"sap.m.ColumnListItem","viewName":"etm.portal.ui.managerequests.view.NewRequest","bindingPath":{"modelName":"newRequestItems","path":"/RequestItems/1"},"ancestor":{"id":"requestItemsTable","viewName":"etm.portal.ui.managerequests.view.NewRequest"}}},"wdio_ui5_key":"etmportal.ui.managerequests.view.NewRequestsap.ui.core.Icon{\"src\":{\"regex\":{\"source\":\"message\\\\-error\"}}}{\"controlType\":\"sap.m.ColumnListItem\",\"viewName\":\"etm.portal.ui.managerequests.view.NewRequest\",\"bindingPath\":{\"modelName\":\"newRequestItems\",\"path\":\"/RequestItems/1\"},\"ancestor\":{\"id\":\"requestItemsTable\",\"viewName\":\"etm.portal.ui.managerequests.view.NewRequest\"}}"}]}
COMMAND: GET /session/fa0fa588b59cd70394c35387be1492a3/screenshot - {}
RESULT: {"script":"<script> [1562 bytes]","args":[{"selector":{"controlType":"sap.ui.core.Icon","viewName":"etm.portal.ui.managerequests.view.NewRequest","properties":{"src":{"regex":{"source":"message\\-error"}}},"ancestor":{"controlType":"sap.m.ColumnListItem","viewName":"etm.portal.ui.managerequests.view.NewRequest","bindingPath":{"modelName":"newRequestItems","path":"/RequestItems/1"},"ancestor":{"id":"requestItemsTable","viewName":"etm.portal.ui.managerequests.view.NewRequest"}}},"wdio_ui5_key":"etmportal.ui.managerequests.view.NewRequestsap.ui.core.Icon{\"src\":{\"regex\":{\"source\":\"message\\\\-error\"}}}{\"controlType\":\"sap.m.ColumnListItem\",\"viewName\":\"etm.portal.ui.managerequests.view.NewRequest\",\"bindingPath\":{\"modelName\":\"newRequestItems\",\"path\":\"/RequestItems/1\"},\"ancestor\":{\"id\":\"requestItemsTable\",\"viewName\":\"etm.portal.ui.managerequests.view.NewRequest\"}}"}]}
RESULT: undefined
COMMAND: POST /session/fa0fa588b59cd70394c35387be1492a3/element - {"using":"xpath","value":"//*[@id=\"__status4-__xmlview1--requestItemsTable-1-icon\"]"}
RESULT: {}
RESULT: {"using":"xpath","value":"//*[@id=\"__status4-__xmlview1--requestItemsTable-1-icon\"]"}
COMMAND: POST /session/fa0fa588b59cd70394c35387be1492a3/element/f.E45B0C2907A9CCBDD1B779A362D73609.d.310E07A18576F5C5EE7E9997E7FE3CB6.e.5289/click - {}
RESULT: {}
COMMAND: GET /session/fa0fa588b59cd70394c35387be1492a3/screenshot - {}
RESULT: {}
RESULT: undefined
COMMAND: POST /session/fa0fa588b59cd70394c35387be1492a3/execute/async - {"script":"<script> [776 bytes]","args":[{"enterText":"Cost Center","selector":{"id":"costObjectAdminTypeComboBox","viewName":"etm.portal.ui.managerequests.view.NewRequest","searchOpenDialogs":true,"interaction":{"idSuffix":"inner"}},"clearTextFirst":true,"interactionType":"ENTER_TEXT"}]}
RESULT: {"script":"<script> [776 bytes]","args":[{"enterText":"Cost Center","selector":{"id":"costObjectAdminTypeComboBox","viewName":"etm.portal.ui.managerequests.view.NewRequest","searchOpenDialogs":true,"interaction":{"idSuffix":"inner"}},"clearTextFirst":true,"interactionType":"ENTER_TEXT"}]}
COMMAND: POST /session/fa0fa588b59cd70394c35387be1492a3/actions - {"actions":[{"id":"action42","type":"key","parameters":{},"actions":[{"type":"keyDown","value":""},{"type":"pause","duration":10},{"type":"keyUp","value":""}]}]}
RESULT: {"actions":[{"id":"action42","type":"key","parameters":{},"actions":[{"type":"keyDown","value":""},{"type":"pause","duration":10},{"type":"keyUp","value":""}]}]}
COMMAND: GET /session/fa0fa588b59cd70394c35387be1492a3/screenshot - {}
RESULT: {}
RESULT: undefined
COMMAND: POST /session/fa0fa588b59cd70394c35387be1492a3/execute/async - {"script":"<script> [776 bytes]","args":[{"enterText":"1001 - 1001","selector":{"id":"costObjectIdComboBox","viewName":"etm.portal.ui.managerequests.view.NewRequest","searchOpenDialogs":true,"interaction":{"idSuffix":"inner"}},"clearTextFirst":true,"interactionType":"ENTER_TEXT"}]}
RESULT: {"script":"<script> [776 bytes]","args":[{"enterText":"1001 - 1001","selector":{"id":"costObjectIdComboBox","viewName":"etm.portal.ui.managerequests.view.NewRequest","searchOpenDialogs":true,"interaction":{"idSuffix":"inner"}},"clearTextFirst":true,"interactionType":"ENTER_TEXT"}]}
COMMAND: POST /session/fa0fa588b59cd70394c35387be1492a3/actions - {"actions":[{"id":"action43","type":"key","parameters":{},"actions":[{"type":"keyDown","value":""},{"type":"pause","duration":10},{"type":"keyUp","value":""}]}]}
RESULT: {"actions":[{"id":"action43","type":"key","parameters":{},"actions":[{"type":"keyDown","value":""},{"type":"pause","duration":10},{"type":"keyUp","value":""}]}]}
COMMAND: GET /session/fa0fa588b59cd70394c35387be1492a3/screenshot - {}
RESULT: {}
COMMAND: POST /session/fa0fa588b59cd70394c35387be1492a3/element - {"using":"xpath","value":"(//bdi[(text() = 'Save' or . = 'Save')])[1]"}
RESULT: {"using":"xpath","value":"(//bdi[(text() = 'Save' or . = 'Save')])[1]"}
COMMAND: POST /session/fa0fa588b59cd70394c35387be1492a3/element/f.E45B0C2907A9CCBDD1B779A362D73609.d.310E07A18576F5C5EE7E9997E7FE3CB6.e.5301/click - {}
RESULT: {}
COMMAND: GET /session/fa0fa588b59cd70394c35387be1492a3/screenshot - {}
RESULT: {}
COMMAND: POST /session/fa0fa588b59cd70394c35387be1492a3/execute/async - {"script":"<script> [1562 bytes]","args":[{"selector":{"controlType":"sap.m.Button","viewName":"etm.portal.ui.managerequests.view.NewRequest","bindingPath":{"path":"/RequestItems/0","propertyPath":"PICK_UP","modelName":"newRequestItems"},"interaction":{"idSuffix":"BDI-content"}},"wdio_ui5_key":"etmportal.ui.managerequests.view.NewRequestsap.m.Button{\"path\":\"/RequestItems/0\",\"propertyPath\":\"PICK_UP\",\"modelName\":\"newRequestItems\"}"}]}
RESULT: {"script":"<script> [1562 bytes]","args":[{"selector":{"controlType":"sap.m.Button","viewName":"etm.portal.ui.managerequests.view.NewRequest","bindingPath":{"path":"/RequestItems/0","propertyPath":"PICK_UP","modelName":"newRequestItems"},"interaction":{"idSuffix":"BDI-content"}},"wdio_ui5_key":"etmportal.ui.managerequests.view.NewRequestsap.m.Button{\"path\":\"/RequestItems/0\",\"propertyPath\":\"PICK_UP\",\"modelName\":\"newRequestItems\"}"}]}
RESULT: undefined
COMMAND: POST /session/fa0fa588b59cd70394c35387be1492a3/element - {"using":"xpath","value":"//*[@id=\"__xmlview1--pickUpItemButton-__xmlview1--requestItemsTable-0\"]"}
RESULT: {"using":"xpath","value":"//*[@id=\"__xmlview1--pickUpItemButton-__xmlview1--requestItemsTable-0\"]"}
COMMAND: POST /session/fa0fa588b59cd70394c35387be1492a3/element/f.E45B0C2907A9CCBDD1B779A362D73609.d.310E07A18576F5C5EE7E9997E7FE3CB6.e.5305/click - {}
RESULT: {}
COMMAND: GET /session/fa0fa588b59cd70394c35387be1492a3/screenshot - {}
RESULT: {}
COMMAND: POST /session/fa0fa588b59cd70394c35387be1492a3/execute/async - {"script":"<script> [1562 bytes]","args":[{"selector":{"controlType":"sap.m.Button","viewName":"etm.portal.ui.managerequests.view.NewRequest","properties":{"text":"Save"},"i18NText":{"propertyName":"tooltip","key":"save"},"interaction":{"idSuffix":"BDI-content"}},"wdio_ui5_key":"etmportal.ui.managerequests.view.NewRequestsap.m.Button{\"propertyName\":\"tooltip\",\"key\":\"save\"}{\"text\":\"Save\"}"}]}
RESULT: {"script":"<script> [1562 bytes]","args":[{"selector":{"controlType":"sap.m.Button","viewName":"etm.portal.ui.managerequests.view.NewRequest","properties":{"text":"Save"},"i18NText":{"propertyName":"tooltip","key":"save"},"interaction":{"idSuffix":"BDI-content"}},"wdio_ui5_key":"etmportal.ui.managerequests.view.NewRequestsap.m.Button{\"propertyName\":\"tooltip\",\"key\":\"save\"}{\"text\":\"Save\"}"}]}
RESULT: undefined
COMMAND: POST /session/fa0fa588b59cd70394c35387be1492a3/element - {"using":"xpath","value":"//*[@id=\"__button11\"]"}
RESULT: {"using":"xpath","value":"//*[@id=\"__button11\"]"}
COMMAND: POST /session/fa0fa588b59cd70394c35387be1492a3/element/f.E45B0C2907A9CCBDD1B779A362D73609.d.310E07A18576F5C5EE7E9997E7FE3CB6.e.5132/click - {}
RESULT: {}
COMMAND: GET /session/fa0fa588b59cd70394c35387be1492a3/screenshot - {}
RESULT: {}
COMMAND: POST /session/fa0fa588b59cd70394c35387be1492a3/execute/async - {"script":"<script> [1562 bytes]","args":[{"selector":{"controlType":"sap.m.Text","searchOpenDialogs":true},"wdio_ui5_key":"sapm.Text"}]}
RESULT: {"script":"<script> [1562 bytes]","args":[{"selector":{"controlType":"sap.m.Text","searchOpenDialogs":true},"wdio_ui5_key":"sapm.Text"}]}
RESULT: undefined
COMMAND: POST /session/fa0fa588b59cd70394c35387be1492a3/execute/async - {"script":"<script> [6424 bytes]","args":[{"element-6066-11e4-a52e-4f735466cecf":"f.E45B0C2907A9CCBDD1B779A362D73609.d.310E07A18576F5C5EE7E9997E7FE3CB6.e.5309"},"getText",[]]}
RESULT: {"script":"<script> [6424 bytes]","args":[{"element-6066-11e4-a52e-4f735466cecf":"f.E45B0C2907A9CCBDD1B779A362D73609.d.310E07A18576F5C5EE7E9997E7FE3CB6.e.5309"},"getText",[]]}
COMMAND: POST /session/fa0fa588b59cd70394c35387be1492a3/execute/async - {"script":"<script> [1562 bytes]","args":[{"selector":{"controlType":"sap.m.Button","properties":{"text":"Close"},"searchOpenDialogs":true,"interaction":{"idSuffix":"BDI-content"}},"wdio_ui5_key":"sapm.Button{\"text\":\"Close\"}"}]}
RESULT: {"script":"<script> [1562 bytes]","args":[{"selector":{"controlType":"sap.m.Button","properties":{"text":"Close"},"searchOpenDialogs":true,"interaction":{"idSuffix":"BDI-content"}},"wdio_ui5_key":"sapm.Button{\"text\":\"Close\"}"}]}
RESULT: undefined
COMMAND: POST /session/fa0fa588b59cd70394c35387be1492a3/element - {"using":"xpath","value":"//*[@id=\"__mbox-btn-0\"]"}
RESULT: {"using":"xpath","value":"//*[@id=\"__mbox-btn-0\"]"}
COMMAND: POST /session/fa0fa588b59cd70394c35387be1492a3/element/f.E45B0C2907A9CCBDD1B779A362D73609.d.310E07A18576F5C5EE7E9997E7FE3CB6.e.5308/click - {}
RESULT: {}
COMMAND: GET /session/fa0fa588b59cd70394c35387be1492a3/screenshot - {}
RESULT: {}
COMMAND: POST /session/fa0fa588b59cd70394c35387be1492a3/execute/async - {"script":"<script> [1562 bytes]","args":[{"selector":{"controlType":"sap.m.Button","viewName":"etm.portal.ui.managerequests.view.Detail","bindingPath":{"path":"/SmartRequestItemsPlanningBoard(ITEM=10m,REQUEST='20151')","propertyPath":"PICK_UP"}},"wdio_ui5_key":"etmportal.ui.managerequests.view.Detailsap.m.Button{\"path\":\"/SmartRequestItemsPlanningBoard(ITEM=10m,REQUEST='20151')\",\"propertyPath\":\"PICK_UP\"}"}]}
RESULT: {"script":"<script> [1562 bytes]","args":[{"selector":{"controlType":"sap.m.Button","viewName":"etm.portal.ui.managerequests.view.Detail","bindingPath":{"path":"/SmartRequestItemsPlanningBoard(ITEM=10m,REQUEST='20151')","propertyPath":"PICK_UP"}},"wdio_ui5_key":"etmportal.ui.managerequests.view.Detailsap.m.Button{\"path\":\"/SmartRequestItemsPlanningBoard(ITEM=10m,REQUEST='20151')\",\"propertyPath\":\"PICK_UP\"}"}]}
RESULT: undefined
COMMAND: POST /session/fa0fa588b59cd70394c35387be1492a3/execute/async - {"script":"<script> [6424 bytes]","args":[{"element-6066-11e4-a52e-4f735466cecf":"f.E45B0C2907A9CCBDD1B779A362D73609.d.310E07A18576F5C5EE7E9997E7FE3CB6.e.5419"},"getType",[]]}
RESULT: {"script":"<script> [6424 bytes]","args":[{"element-6066-11e4-a52e-4f735466cecf":"f.E45B0C2907A9CCBDD1B779A362D73609.d.310E07A18576F5C5EE7E9997E7FE3CB6.e.5419"},"getType",[]]}
COMMAND: POST /session/fa0fa588b59cd70394c35387be1492a3/execute/async - {"script":"<script> [1562 bytes]","args":[{"selector":{"controlType":"sap.m.Button","viewName":"etm.portal.ui.managerequests.view.Detail","bindingPath":{"path":"/SmartRequestItemsPlanningBoard(ITEM=20m,REQUEST='20151')","propertyPath":"PICK_UP"}},"wdio_ui5_key":"etmportal.ui.managerequests.view.Detailsap.m.Button{\"path\":\"/SmartRequestItemsPlanningBoard(ITEM=20m,REQUEST='20151')\",\"propertyPath\":\"PICK_UP\"}"}]}
RESULT: {"script":"<script> [1562 bytes]","args":[{"selector":{"controlType":"sap.m.Button","viewName":"etm.portal.ui.managerequests.view.Detail","bindingPath":{"path":"/SmartRequestItemsPlanningBoard(ITEM=20m,REQUEST='20151')","propertyPath":"PICK_UP"}},"wdio_ui5_key":"etmportal.ui.managerequests.view.Detailsap.m.Button{\"path\":\"/SmartRequestItemsPlanningBoard(ITEM=20m,REQUEST='20151')\",\"propertyPath\":\"PICK_UP\"}"}]}
RESULT: undefined
COMMAND: POST /session/fa0fa588b59cd70394c35387be1492a3/execute/async - {"script":"<script> [6424 bytes]","args":[{"element-6066-11e4-a52e-4f735466cecf":"f.E45B0C2907A9CCBDD1B779A362D73609.d.310E07A18576F5C5EE7E9997E7FE3CB6.e.5436"},"getType",[]]}
RESULT: {"script":"<script> [6424 bytes]","args":[{"element-6066-11e4-a52e-4f735466cecf":"f.E45B0C2907A9CCBDD1B779A362D73609.d.310E07A18576F5C5EE7E9997E7FE3CB6.e.5436"},"getType",[]]}
COMMAND: POST /session/fa0fa588b59cd70394c35387be1492a3/execute/async - {"script":"<script> [1562 bytes]","args":[{"selector":{"id":"pickUpSwitchHeader","viewName":"etm.portal.ui.managerequests.view.Detail","interaction":{"idSuffix":"handle"}},"wdio_ui5_key":"pickUpSwitchHeaderetmportal.ui.managerequests.view.Detail"}]}
RESULT: {"script":"<script> [1562 bytes]","args":[{"selector":{"id":"pickUpSwitchHeader","viewName":"etm.portal.ui.managerequests.view.Detail","interaction":{"idSuffix":"handle"}},"wdio_ui5_key":"pickUpSwitchHeaderetmportal.ui.managerequests.view.Detail"}]}
RESULT: undefined
COMMAND: POST /session/fa0fa588b59cd70394c35387be1492a3/element - {"using":"xpath","value":"//*[@id=\"__xmlview2--pickUpSwitchHeader\"]"}
RESULT: {"using":"xpath","value":"//*[@id=\"__xmlview2--pickUpSwitchHeader\"]"}
COMMAND: POST /session/fa0fa588b59cd70394c35387be1492a3/element/f.E45B0C2907A9CCBDD1B779A362D73609.d.310E07A18576F5C5EE7E9997E7FE3CB6.e.5389/click - {}
RESULT: {}
COMMAND: POST /session/fa0fa588b59cd70394c35387be1492a3/execute/async - {"script":"<script> [1562 bytes]","args":[{"selector":{"controlType":"sap.ui.core.Icon","viewName":"etm.portal.ui.managerequests.view.Detail","properties":{"src":{"regex":{"source":"pushpin\\-off"}}}},"wdio_ui5_key":"etmportal.ui.managerequests.view.Detailsap.ui.core.Icon{\"src\":{\"regex\":{\"source\":\"pushpin\\\\-off\"}}}"}]}
COMMAND: GET /session/fa0fa588b59cd70394c35387be1492a3/screenshot - {}
RESULT: {"script":"<script> [1562 bytes]","args":[{"selector":{"controlType":"sap.ui.core.Icon","viewName":"etm.portal.ui.managerequests.view.Detail","properties":{"src":{"regex":{"source":"pushpin\\-off"}}}},"wdio_ui5_key":"etmportal.ui.managerequests.view.Detailsap.ui.core.Icon{\"src\":{\"regex\":{\"source\":\"pushpin\\\\-off\"}}}"}]}
RESULT: undefined
COMMAND: POST /session/fa0fa588b59cd70394c35387be1492a3/element - {"using":"xpath","value":"//*[@id=\"__xmlview2--detailRequestPage-OPHeaderContent-pinBtn-img\"]"}
RESULT: {}
RESULT: {"using":"xpath","value":"//*[@id=\"__xmlview2--detailRequestPage-OPHeaderContent-pinBtn-img\"]"}
COMMAND: POST /session/fa0fa588b59cd70394c35387be1492a3/element/f.E45B0C2907A9CCBDD1B779A362D73609.d.310E07A18576F5C5EE7E9997E7FE3CB6.e.5397/click - {}
RESULT: {}
RESULT: undefined
COMMAND: POST /session/fa0fa588b59cd70394c35387be1492a3/execute/async - {"script":"<script> [6424 bytes]","args":[{"element-6066-11e4-a52e-4f735466cecf":"f.E45B0C2907A9CCBDD1B779A362D73609.d.310E07A18576F5C5EE7E9997E7FE3CB6.e.5419"},"getType",[]]}
COMMAND: GET /session/fa0fa588b59cd70394c35387be1492a3/screenshot - {}
RESULT: {"script":"<script> [6424 bytes]","args":[{"element-6066-11e4-a52e-4f735466cecf":"f.E45B0C2907A9CCBDD1B779A362D73609.d.310E07A18576F5C5EE7E9997E7FE3CB6.e.5419"},"getType",[]]}
RESULT: undefined
COMMAND: POST /session/fa0fa588b59cd70394c35387be1492a3/execute/async - {"script":"<script> [6424 bytes]","args":[{"element-6066-11e4-a52e-4f735466cecf":"f.E45B0C2907A9CCBDD1B779A362D73609.d.310E07A18576F5C5EE7E9997E7FE3CB6.e.5436"},"getType",[]]}
RESULT: {}
RESULT: {"script":"<script> [6424 bytes]","args":[{"element-6066-11e4-a52e-4f735466cecf":"f.E45B0C2907A9CCBDD1B779A362D73609.d.310E07A18576F5C5EE7E9997E7FE3CB6.e.5436"},"getType",[]]}
COMMAND: POST /session/fa0fa588b59cd70394c35387be1492a3/execute/async - {"script":"<script> [1562 bytes]","args":[{"selector":{"controlType":"sap.ui.core.Icon","viewName":"etm.portal.ui.managerequests.view.Detail","properties":{"src":{"regex":{"source":"date\\-time"}}},"ancestor":{"controlType":"sap.m.ColumnListItem","viewName":"etm.portal.ui.managerequests.view.Detail","bindingPath":{"path":"/SmartRequestItemsPlanningBoard(ITEM=10m,REQUEST='20151')"},"ancestor":{"id":"requestItemsTable","viewName":"etm.portal.ui.managerequests.view.Detail"}}},"wdio_ui5_key":"etmportal.ui.managerequests.view.Detailsap.ui.core.Icon{\"src\":{\"regex\":{\"source\":\"date\\\\-time\"}}}{\"controlType\":\"sap.m.ColumnListItem\",\"viewName\":\"etm.portal.ui.managerequests.view.Detail\",\"bindingPath\":{\"path\":\"/SmartRequestItemsPlanningBoard(ITEM=10m,REQUEST='20151')\"},\"ancestor\":{\"id\":\"requestItemsTable\",\"viewName\":\"etm.portal.ui.managerequests.view.Detail\"}}"}]}
RESULT: {"script":"<script> [1562 bytes]","args":[{"selector":{"controlType":"sap.ui.core.Icon","viewName":"etm.portal.ui.managerequests.view.Detail","properties":{"src":{"regex":{"source":"date\\-time"}}},"ancestor":{"controlType":"sap.m.ColumnListItem","viewName":"etm.portal.ui.managerequests.view.Detail","bindingPath":{"path":"/SmartRequestItemsPlanningBoard(ITEM=10m,REQUEST='20151')"},"ancestor":{"id":"requestItemsTable","viewName":"etm.portal.ui.managerequests.view.Detail"}}},"wdio_ui5_key":"etmportal.ui.managerequests.view.Detailsap.ui.core.Icon{\"src\":{\"regex\":{\"source\":\"date\\\\-time\"}}}{\"controlType\":\"sap.m.ColumnListItem\",\"viewName\":\"etm.portal.ui.managerequests.view.Detail\",\"bindingPath\":{\"path\":\"/SmartRequestItemsPlanningBoard(ITEM=10m,REQUEST='20151')\"},\"ancestor\":{\"id\":\"requestItemsTable\",\"viewName\":\"etm.portal.ui.managerequests.view.Detail\"}}"}]}
RESULT: undefined
COMMAND: POST /session/fa0fa588b59cd70394c35387be1492a3/element - {"using":"xpath","value":"//*[@id=\"__button39-__clone1925-img\"]"}
RESULT: {"using":"xpath","value":"//*[@id=\"__button39-__clone1925-img\"]"}
COMMAND: POST /session/fa0fa588b59cd70394c35387be1492a3/element/f.E45B0C2907A9CCBDD1B779A362D73609.d.310E07A18576F5C5EE7E9997E7FE3CB6.e.5444/click - {}
RESULT: {}
COMMAND: POST /session/fa0fa588b59cd70394c35387be1492a3/execute/async - {"script":"<script> [1562 bytes]","args":[{"selector":{"controlType":"sap.m.Button","viewName":"etm.portal.ui.managerequests.view.Detail","properties":{"text":"Close"},"searchOpenDialogs":true,"interaction":{"idSuffix":"inner"}},"wdio_ui5_key":"etmportal.ui.managerequests.view.Detailsap.m.Button{\"text\":\"Close\"}"}]}
COMMAND: GET /session/fa0fa588b59cd70394c35387be1492a3/screenshot - {}
RESULT: {"script":"<script> [1562 bytes]","args":[{"selector":{"controlType":"sap.m.Button","viewName":"etm.portal.ui.managerequests.view.Detail","properties":{"text":"Close"},"searchOpenDialogs":true,"interaction":{"idSuffix":"inner"}},"wdio_ui5_key":"etmportal.ui.managerequests.view.Detailsap.m.Button{\"text\":\"Close\"}"}]}
RESULT: undefined
COMMAND: POST /session/fa0fa588b59cd70394c35387be1492a3/element - {"using":"xpath","value":"//*[@id=\"__button49\"]"}
RESULT: {}
RESULT: {"using":"xpath","value":"//*[@id=\"__button49\"]"}
COMMAND: POST /session/fa0fa588b59cd70394c35387be1492a3/element/f.E45B0C2907A9CCBDD1B779A362D73609.d.310E07A18576F5C5EE7E9997E7FE3CB6.e.5446/click - {}
RESULT: {}
COMMAND: POST /session/fa0fa588b59cd70394c35387be1492a3/execute/async - {"script":"<script> [1562 bytes]","args":[{"selector":{"controlType":"sap.ui.core.Icon","viewName":"etm.portal.ui.managerequests.view.Detail","properties":{"src":{"regex":{"source":"date\\-time"}}},"ancestor":{"controlType":"sap.m.ColumnListItem","viewName":"etm.portal.ui.managerequests.view.Detail","bindingPath":{"path":"/SmartRequestItemsPlanningBoard(ITEM=20m,REQUEST='20151')"},"ancestor":{"id":"requestItemsTable","viewName":"etm.portal.ui.managerequests.view.Detail"}}},"wdio_ui5_key":"etmportal.ui.managerequests.view.Detailsap.ui.core.Icon{\"src\":{\"regex\":{\"source\":\"date\\\\-time\"}}}{\"controlType\":\"sap.m.ColumnListItem\",\"viewName\":\"etm.portal.ui.managerequests.view.Detail\",\"bindingPath\":{\"path\":\"/SmartRequestItemsPlanningBoard(ITEM=20m,REQUEST='20151')\"},\"ancestor\":{\"id\":\"requestItemsTable\",\"viewName\":\"etm.portal.ui.managerequests.view.Detail\"}}"}]}
COMMAND: GET /session/fa0fa588b59cd70394c35387be1492a3/screenshot - {}
RESULT: {"script":"<script> [1562 bytes]","args":[{"selector":{"controlType":"sap.ui.core.Icon","viewName":"etm.portal.ui.managerequests.view.Detail","properties":{"src":{"regex":{"source":"date\\-time"}}},"ancestor":{"controlType":"sap.m.ColumnListItem","viewName":"etm.portal.ui.managerequests.view.Detail","bindingPath":{"path":"/SmartRequestItemsPlanningBoard(ITEM=20m,REQUEST='20151')"},"ancestor":{"id":"requestItemsTable","viewName":"etm.portal.ui.managerequests.view.Detail"}}},"wdio_ui5_key":"etmportal.ui.managerequests.view.Detailsap.ui.core.Icon{\"src\":{\"regex\":{\"source\":\"date\\\\-time\"}}}{\"controlType\":\"sap.m.ColumnListItem\",\"viewName\":\"etm.portal.ui.managerequests.view.Detail\",\"bindingPath\":{\"path\":\"/SmartRequestItemsPlanningBoard(ITEM=20m,REQUEST='20151')\"},\"ancestor\":{\"id\":\"requestItemsTable\",\"viewName\":\"etm.portal.ui.managerequests.view.Detail\"}}"}]}
RESULT: undefined
COMMAND: POST /session/fa0fa588b59cd70394c35387be1492a3/element - {"using":"xpath","value":"//*[@id=\"__button39-__clone1926-img\"]"}
RESULT: {}
RESULT: {"using":"xpath","value":"//*[@id=\"__button39-__clone1926-img\"]"}
COMMAND: POST /session/fa0fa588b59cd70394c35387be1492a3/element/f.E45B0C2907A9CCBDD1B779A362D73609.d.310E07A18576F5C5EE7E9997E7FE3CB6.e.5453/click - {}
RESULT: {}
RESULT: undefined
COMMAND: POST /session/fa0fa588b59cd70394c35387be1492a3/element - {"using":"xpath","value":"//*[@id=\"__button49\"]"}
COMMAND: GET /session/fa0fa588b59cd70394c35387be1492a3/screenshot - {}
RESULT: {"using":"xpath","value":"//*[@id=\"__button49\"]"}
COMMAND: POST /session/fa0fa588b59cd70394c35387be1492a3/elements - {"using":"xpath","value":"//*[@id=\"__button49\"]"}
RESULT: {}
RESULT: {"using":"xpath","value":"//*[@id=\"__button49\"]"}
COMMAND: POST /session/fa0fa588b59cd70394c35387be1492a3/element - {"using":"xpath","value":"//*[@id=\"__button49\"]"}
RESULT: {"using":"xpath","value":"//*[@id=\"__button49\"]"}
COMMAND: POST /session/fa0fa588b59cd70394c35387be1492a3/element/f.E45B0C2907A9CCBDD1B779A362D73609.d.310E07A18576F5C5EE7E9997E7FE3CB6.e.5462/click - {}
RESULT: {}
COMMAND: POST /session/fa0fa588b59cd70394c35387be1492a3/execute/async - {"script":"<script> [189 bytes]","args":[]}
COMMAND: GET /session/fa0fa588b59cd70394c35387be1492a3/screenshot - {}
RESULT: {"script":"<script> [189 bytes]","args":[]}
COMMAND: POST /session/fa0fa588b59cd70394c35387be1492a3/execute/async - {"script":"<script> [123 bytes]","args":[]}
RESULT: {}
RESULT: {"script":"<script> [123 bytes]","args":[]}
COMMAND: POST /session/fa0fa588b59cd70394c35387be1492a3/timeouts - {"script":"<number>"}
RESULT: {"script":"<number>"}
COMMAND: GET /session/fa0fa588b59cd70394c35387be1492a3/timeouts - {}
RESULT: {}
RESULT: undefined
COMMAND: POST /session/fa0fa588b59cd70394c35387be1492a3/execute/async - {"script":"<script> [2676 bytes]","args":[]}
RESULT: {"script":"<script> [2676 bytes]","args":[]}
COMMAND: POST /session/fa0fa588b59cd70394c35387be1492a3/execute/async - {"script":"<script> [2342 bytes]","args":[{"protocol":"http","hostname":"0.0.0.0","path":"/","capabilities":{"browserName":"chrome","goog:chromeOptions":{"binary":"C:\\Program Files\\Google\\Chrome\\Application\\chrome.exe","args":["--start-maximized"]}},"logLevel":"warn","connectionRetryTimeout":120000,"connectionRetryCount":3,"logLevels":{},"enableDirectConnect":true,"strictSSL":true,"_":"65 more keys: [\"cacheDir\",\"port\",\"requestedCapabilities\",\"automationProtocol\",\"baseUrl\",\"waitforInterval\",\"waitforTimeout\",\"onReload\",\"beforeCommand\",\"afterCommand\",\"rootDir\",\"specs\",\"suites\",\"exclude\",\"groupLogsByTestSpec\",\"excludeDriverLogs\",\"bail\",\"framework\",\"reporters\",\"services\",\"maxInstances\",\"maxInstancesPerCapability\",\"injectGlobals\",\"filesToWatch\",\"execArgv\",\"runnerEnv\",\"runner\",\"shard\",\"specFileRetries\",\"specFileRetriesDelay\",\"specFileRetriesDeferred\",\"reporterSyncInterval\",\"reporterSyncTimeout\",\"cucumberFeaturesWithLineNumbers\",\"autoCompileOpts\",\"mochaOpts\",\"jasmineOpts\",\"cucumberOpts\",\"onPrepare\",\"onWorkerStart\",\"onWorkerEnd\",\"before\",\"beforeSession\",\"beforeSuite\",\"beforeHook\",\"beforeTest\",\"afterTest\",\"afterHook\",\"afterSuite\",\"afterSession\",\"after\",\"onComplete\",\"beforeAssertion\",\"afterAssertion\",\"beforeFeature\",\"beforeScenario\",\"beforeStep\",\"afterStep\",\"afterScenario\",\"afterFeature\",\"_\",\"suite\",\"$0\",\"ignoredWorkerServices\",\"wdi5\"]"}]}
RESULT: {"script":"<script> [2342 bytes]","args":[{"protocol":"http","hostname":"0.0.0.0","path":"/","capabilities":{"browserName":"chrome","goog:chromeOptions":{"binary":"C:\\Program Files\\Google\\Chrome\\Application\\chrome.exe","args":["--start-maximized"]}},"logLevel":"warn","connectionRetryTimeout":120000,"connectionRetryCount":3,"logLevels":{},"enableDirectConnect":true,"strictSSL":true,"_":"65 more keys: [\"cacheDir\",\"port\",\"requestedCapabilities\",\"automationProtocol\",\"baseUrl\",\"waitforInterval\",\"waitforTimeout\",\"onReload\",\"beforeCommand\",\"afterCommand\",\"rootDir\",\"specs\",\"suites\",\"exclude\",\"groupLogsByTestSpec\",\"excludeDriverLogs\",\"bail\",\"framework\",\"reporters\",\"services\",\"maxInstances\",\"maxInstancesPerCapability\",\"injectGlobals\",\"filesToWatch\",\"execArgv\",\"runnerEnv\",\"runner\",\"shard\",\"specFileRetries\",\"specFileRetriesDelay\",\"specFileRetriesDeferred\",\"reporterSyncInterval\",\"reporterSyncTimeout\",\"cucumberFeaturesWithLineNumbers\",\"autoCompileOpts\",\"mochaOpts\",\"jasmineOpts\",\"cucumberOpts\",\"onPrepare\",\"onWorkerStart\",\"onWorkerEnd\",\"before\",\"beforeSession\",\"beforeSuite\",\"beforeHook\",\"beforeTest\",\"afterTest\",\"afterHook\",\"afterSuite\",\"afterSession\",\"after\",\"onComplete\",\"beforeAssertion\",\"afterAssertion\",\"beforeFeature\",\"beforeScenario\",\"beforeStep\",\"afterStep\",\"afterScenario\",\"afterFeature\",\"_\",\"suite\",\"$0\",\"ignoredWorkerServices\",\"wdi5\"]"}]}
COMMAND: POST /session/fa0fa588b59cd70394c35387be1492a3/execute/async - {"script":"<script> [21126 bytes]","args":[35000]}
RESULT: {"script":"<script> [21126 bytes]","args":[35000]}
COMMAND: POST /session/fa0fa588b59cd70394c35387be1492a3/execute/async - {"script":"<script> [1562 bytes]","args":[{"selector":{"controlType":"sap.m.Button","viewName":"etm.portal.ui.managerequests.view.Detail","bindingPath":{"path":"/SmartRequestItemsPlanningBoard(ITEM=10m,REQUEST='20151')","propertyPath":"PICK_UP"}},"wdio_ui5_key":"etmportal.ui.managerequests.view.Detailsap.m.Button{\"path\":\"/SmartRequestItemsPlanningBoard(ITEM=10m,REQUEST='20151')\",\"propertyPath\":\"PICK_UP\"}"}]}
RESULT: {"script":"<script> [1562 bytes]","args":[{"selector":{"controlType":"sap.m.Button","viewName":"etm.portal.ui.managerequests.view.Detail","bindingPath":{"path":"/SmartRequestItemsPlanningBoard(ITEM=10m,REQUEST='20151')","propertyPath":"PICK_UP"}},"wdio_ui5_key":"etmportal.ui.managerequests.view.Detailsap.m.Button{\"path\":\"/SmartRequestItemsPlanningBoard(ITEM=10m,REQUEST='20151')\",\"propertyPath\":\"PICK_UP\"}"}]}
RESULT: undefined
COMMAND: POST /session/fa0fa588b59cd70394c35387be1492a3/execute/async - {"script":"<script> [6424 bytes]","args":[{"element-6066-11e4-a52e-4f735466cecf":"f.E45B0C2907A9CCBDD1B779A362D73609.d.310E07A18576F5C5EE7E9997E7FE3CB6.e.5419"},"getType",[]]}
RESULT: {"script":"<script> [6424 bytes]","args":[{"element-6066-11e4-a52e-4f735466cecf":"f.E45B0C2907A9CCBDD1B779A362D73609.d.310E07A18576F5C5EE7E9997E7FE3CB6.e.5419"},"getType",[]]}
COMMAND: POST /session/fa0fa588b59cd70394c35387be1492a3/execute/async - {"script":"<script> [1562 bytes]","args":[{"selector":{"controlType":"sap.m.Button","viewName":"etm.portal.ui.managerequests.view.Detail","bindingPath":{"path":"/SmartRequestItemsPlanningBoard(ITEM=20m,REQUEST='20151')","propertyPath":"PICK_UP"}},"wdio_ui5_key":"etmportal.ui.managerequests.view.Detailsap.m.Button{\"path\":\"/SmartRequestItemsPlanningBoard(ITEM=20m,REQUEST='20151')\",\"propertyPath\":\"PICK_UP\"}"}]}
RESULT: {"script":"<script> [1562 bytes]","args":[{"selector":{"controlType":"sap.m.Button","viewName":"etm.portal.ui.managerequests.view.Detail","bindingPath":{"path":"/SmartRequestItemsPlanningBoard(ITEM=20m,REQUEST='20151')","propertyPath":"PICK_UP"}},"wdio_ui5_key":"etmportal.ui.managerequests.view.Detailsap.m.Button{\"path\":\"/SmartRequestItemsPlanningBoard(ITEM=20m,REQUEST='20151')\",\"propertyPath\":\"PICK_UP\"}"}]}
RESULT: undefined
COMMAND: POST /session/fa0fa588b59cd70394c35387be1492a3/execute/async - {"script":"<script> [6424 bytes]","args":[{"element-6066-11e4-a52e-4f735466cecf":"f.E45B0C2907A9CCBDD1B779A362D73609.d.310E07A18576F5C5EE7E9997E7FE3CB6.e.5436"},"getType",[]]}
RESULT: {"script":"<script> [6424 bytes]","args":[{"element-6066-11e4-a52e-4f735466cecf":"f.E45B0C2907A9CCBDD1B779A362D73609.d.310E07A18576F5C5EE7E9997E7FE3CB6.e.5436"},"getType",[]]}
]]></system-out>
    </testcase>
    <testcase classname="chrome.136_0_7103_93.windows.Manage_request_+_Contract_processing_pick_up_option_US120163_" name="Should Contract processing pick up option" time="153.413">
      <system-out><![CDATA[
COMMAND: POST /session/fa0fa588b59cd70394c35387be1492a3/execute/async - {"script":"<script> [1562 bytes]","args":[{"selector":{"id":"requestContractNo","viewName":"etm.portal.ui.managerequests.view.Detail"},"wdio_ui5_key":"requestContractNoetmportal.ui.managerequests.view.Detail"}]}
RESULT: {"script":"<script> [1562 bytes]","args":[{"selector":{"id":"requestContractNo","viewName":"etm.portal.ui.managerequests.view.Detail"},"wdio_ui5_key":"requestContractNoetmportal.ui.managerequests.view.Detail"}]}
RESULT: undefined
COMMAND: POST /session/fa0fa588b59cd70394c35387be1492a3/element - {"using":"xpath","value":"//*[@id=\"__xmlview2--requestContractNo\"]"}
RESULT: {"using":"xpath","value":"//*[@id=\"__xmlview2--requestContractNo\"]"}
COMMAND: POST /session/fa0fa588b59cd70394c35387be1492a3/element/f.E45B0C2907A9CCBDD1B779A362D73609.d.310E07A18576F5C5EE7E9997E7FE3CB6.e.5464/click - {}
RESULT: {}
COMMAND: POST /session/fa0fa588b59cd70394c35387be1492a3/execute/async - {"script":"<script> [1562 bytes]","args":[{"selector":{"controlType":"sap.m.Link","viewName":"etm.portal.ui.managerequests.view.Detail","properties":{"text":"Contract Overview"},"searchOpenDialogs":true},"wdio_ui5_key":"etmportal.ui.managerequests.view.Detailsap.m.Link{\"text\":\"Contract Overview\"}"}]}
COMMAND: GET /session/fa0fa588b59cd70394c35387be1492a3/screenshot - {}
RESULT: {"script":"<script> [1562 bytes]","args":[{"selector":{"controlType":"sap.m.Link","viewName":"etm.portal.ui.managerequests.view.Detail","properties":{"text":"Contract Overview"},"searchOpenDialogs":true},"wdio_ui5_key":"etmportal.ui.managerequests.view.Detailsap.m.Link{\"text\":\"Contract Overview\"}"}]}
RESULT: undefined
COMMAND: POST /session/fa0fa588b59cd70394c35387be1492a3/element - {"using":"xpath","value":"//*[@id=\"__link8\"]"}
RESULT: {}
RESULT: {"using":"xpath","value":"//*[@id=\"__link8\"]"}
COMMAND: POST /session/fa0fa588b59cd70394c35387be1492a3/element/f.E45B0C2907A9CCBDD1B779A362D73609.d.310E07A18576F5C5EE7E9997E7FE3CB6.e.5466/click - {}
RESULT: {}
COMMAND: GET /session/fa0fa588b59cd70394c35387be1492a3/screenshot - {}
RESULT: {}
COMMAND: POST /session/fa0fa588b59cd70394c35387be1492a3/element - {"using":"xpath","value":"//div[contains(@id ,\"headerBillingItemsTabFilter-text\")]"}
RESULT: {"using":"xpath","value":"//div[contains(@id ,\"headerBillingItemsTabFilter-text\")]"}
COMMAND: POST /session/fa0fa588b59cd70394c35387be1492a3/elements - {"using":"xpath","value":"//div[contains(@id ,\"headerBillingItemsTabFilter-text\")]"}
RESULT: {"using":"xpath","value":"//div[contains(@id ,\"headerBillingItemsTabFilter-text\")]"}
COMMAND: POST /session/fa0fa588b59cd70394c35387be1492a3/elements - {"using":"xpath","value":"//div[contains(@id ,\"headerBillingItemsTabFilter-text\")]"}
RESULT: {"using":"xpath","value":"//div[contains(@id ,\"headerBillingItemsTabFilter-text\")]"}
COMMAND: POST /session/fa0fa588b59cd70394c35387be1492a3/elements - {"using":"xpath","value":"//div[contains(@id ,\"headerBillingItemsTabFilter-text\")]"}
RESULT: {"using":"xpath","value":"//div[contains(@id ,\"headerBillingItemsTabFilter-text\")]"}
COMMAND: POST /session/fa0fa588b59cd70394c35387be1492a3/element - {"using":"xpath","value":"//div[contains(@id ,\"headerBillingItemsTabFilter-text\")]"}
RESULT: {"using":"xpath","value":"//div[contains(@id ,\"headerBillingItemsTabFilter-text\")]"}
COMMAND: POST /session/fa0fa588b59cd70394c35387be1492a3/element/f.E45B0C2907A9CCBDD1B779A362D73609.d.310E07A18576F5C5EE7E9997E7FE3CB6.e.5693/click - {}
RESULT: {}
COMMAND: GET /session/fa0fa588b59cd70394c35387be1492a3/screenshot - {}
RESULT: {}
COMMAND: POST /session/fa0fa588b59cd70394c35387be1492a3/execute/async - {"script":"<script> [1562 bytes]","args":[{"selector":{"id":"addRequestItemBtn","viewName":"etm.portal.ui.managecontracts.view.Detail","interaction":{"idSuffix":"BDI-content"}},"wdio_ui5_key":"addRequestItemBtnetmportal.ui.managecontracts.view.Detail"}]}
RESULT: {"script":"<script> [1562 bytes]","args":[{"selector":{"id":"addRequestItemBtn","viewName":"etm.portal.ui.managecontracts.view.Detail","interaction":{"idSuffix":"BDI-content"}},"wdio_ui5_key":"addRequestItemBtnetmportal.ui.managecontracts.view.Detail"}]}
RESULT: undefined
COMMAND: POST /session/fa0fa588b59cd70394c35387be1492a3/element - {"using":"xpath","value":"//*[@id=\"__xmlview4--addRequestItemBtn\"]"}
RESULT: {"using":"xpath","value":"//*[@id=\"__xmlview4--addRequestItemBtn\"]"}
COMMAND: POST /session/fa0fa588b59cd70394c35387be1492a3/element/f.E45B0C2907A9CCBDD1B779A362D73609.d.310E07A18576F5C5EE7E9997E7FE3CB6.e.5593/click - {}
RESULT: {}
COMMAND: GET /session/fa0fa588b59cd70394c35387be1492a3/screenshot - {}
RESULT: {}
COMMAND: POST /session/fa0fa588b59cd70394c35387be1492a3/element - {"using":"xpath","value":"//div[contains(@id ,\"popupRequestTable-sa-CbBg\")]"}
RESULT: {"using":"xpath","value":"//div[contains(@id ,\"popupRequestTable-sa-CbBg\")]"}
COMMAND: POST /session/fa0fa588b59cd70394c35387be1492a3/element/f.E45B0C2907A9CCBDD1B779A362D73609.d.310E07A18576F5C5EE7E9997E7FE3CB6.e.5720/click - {}
RESULT: {}
COMMAND: GET /session/fa0fa588b59cd70394c35387be1492a3/screenshot - {}
RESULT: {}
COMMAND: POST /session/fa0fa588b59cd70394c35387be1492a3/execute/async - {"script":"<script> [1562 bytes]","args":[{"selector":{"controlType":"sap.m.Button","viewName":"etm.portal.ui.managecontracts.view.Detail","i18NText":{"propertyName":"text","key":"selectionDone"},"searchOpenDialogs":true,"interaction":{"idSuffix":"content"}},"wdio_ui5_key":"etmportal.ui.managecontracts.view.Detailsap.m.Button{\"propertyName\":\"text\",\"key\":\"selectionDone\"}"}]}
RESULT: {"script":"<script> [1562 bytes]","args":[{"selector":{"controlType":"sap.m.Button","viewName":"etm.portal.ui.managecontracts.view.Detail","i18NText":{"propertyName":"text","key":"selectionDone"},"searchOpenDialogs":true,"interaction":{"idSuffix":"content"}},"wdio_ui5_key":"etmportal.ui.managecontracts.view.Detailsap.m.Button{\"propertyName\":\"text\",\"key\":\"selectionDone\"}"}]}
RESULT: undefined
COMMAND: POST /session/fa0fa588b59cd70394c35387be1492a3/element - {"using":"xpath","value":"//*[@id=\"__button64\"]"}
RESULT: {"using":"xpath","value":"//*[@id=\"__button64\"]"}
COMMAND: POST /session/fa0fa588b59cd70394c35387be1492a3/element/f.E45B0C2907A9CCBDD1B779A362D73609.d.310E07A18576F5C5EE7E9997E7FE3CB6.e.5723/click - {}
RESULT: {}
COMMAND: POST /session/fa0fa588b59cd70394c35387be1492a3/execute/async - {"script":"<script> [1562 bytes]","args":[{"selector":{"controlType":"sap.m.Button","properties":{"text":"OK"},"searchOpenDialogs":true,"interaction":{"idSuffix":"inner"}},"wdio_ui5_key":"sapm.Button{\"text\":\"OK\"}"}]}
COMMAND: GET /session/fa0fa588b59cd70394c35387be1492a3/screenshot - {}
RESULT: {"script":"<script> [1562 bytes]","args":[{"selector":{"controlType":"sap.m.Button","properties":{"text":"OK"},"searchOpenDialogs":true,"interaction":{"idSuffix":"inner"}},"wdio_ui5_key":"sapm.Button{\"text\":\"OK\"}"}]}
RESULT: undefined
COMMAND: POST /session/fa0fa588b59cd70394c35387be1492a3/element - {"using":"xpath","value":"//*[@id=\"__mbox-btn-1\"]"}
RESULT: {}
RESULT: {"using":"xpath","value":"//*[@id=\"__mbox-btn-1\"]"}
COMMAND: POST /session/fa0fa588b59cd70394c35387be1492a3/element/f.E45B0C2907A9CCBDD1B779A362D73609.d.310E07A18576F5C5EE7E9997E7FE3CB6.e.5724/click - {}
RESULT: {}
COMMAND: GET /session/fa0fa588b59cd70394c35387be1492a3/screenshot - {}
RESULT: {}
COMMAND: POST /session/fa0fa588b59cd70394c35387be1492a3/element - {"using":"xpath","value":"//div[contains(@id ,\"headerBillingItemsTabFilter-text\")]"}
RESULT: {"using":"xpath","value":"//div[contains(@id ,\"headerBillingItemsTabFilter-text\")]"}
COMMAND: POST /session/fa0fa588b59cd70394c35387be1492a3/element/f.E45B0C2907A9CCBDD1B779A362D73609.d.310E07A18576F5C5EE7E9997E7FE3CB6.e.5693/click - {}
RESULT: {}
COMMAND: GET /session/fa0fa588b59cd70394c35387be1492a3/screenshot - {}
RESULT: {}
COMMAND: POST /session/fa0fa588b59cd70394c35387be1492a3/element - {"using":"xpath","value":"//button[contains(@data-kt ,\"refreshButton\")]"}
RESULT: {"using":"xpath","value":"//button[contains(@data-kt ,\"refreshButton\")]"}
COMMAND: POST /session/fa0fa588b59cd70394c35387be1492a3/element/f.E45B0C2907A9CCBDD1B779A362D73609.d.310E07A18576F5C5EE7E9997E7FE3CB6.e.5590/click - {}
RESULT: {}
COMMAND: GET /session/fa0fa588b59cd70394c35387be1492a3/screenshot - {}
RESULT: {}
COMMAND: POST /session/fa0fa588b59cd70394c35387be1492a3/element - {"using":"xpath","value":"//div[contains(@id ,\"headerBillingItemsTabFilter-text\")]"}
RESULT: {"using":"xpath","value":"//div[contains(@id ,\"headerBillingItemsTabFilter-text\")]"}
COMMAND: POST /session/fa0fa588b59cd70394c35387be1492a3/element/f.E45B0C2907A9CCBDD1B779A362D73609.d.310E07A18576F5C5EE7E9997E7FE3CB6.e.5693/click - {}
RESULT: {}
COMMAND: GET /session/fa0fa588b59cd70394c35387be1492a3/screenshot - {}
RESULT: {}
COMMAND: POST /session/fa0fa588b59cd70394c35387be1492a3/execute/async - {"script":"<script> [1562 bytes]","args":[{"selector":{"id":"contractDetailProvideButton","viewName":"etm.portal.ui.managecontracts.view.Detail","interaction":{"idSuffix":"BDI-content"}},"wdio_ui5_key":"contractDetailProvideButtonetmportal.ui.managecontracts.view.Detail"}]}
RESULT: {"script":"<script> [1562 bytes]","args":[{"selector":{"id":"contractDetailProvideButton","viewName":"etm.portal.ui.managecontracts.view.Detail","interaction":{"idSuffix":"BDI-content"}},"wdio_ui5_key":"contractDetailProvideButtonetmportal.ui.managecontracts.view.Detail"}]}
RESULT: undefined
COMMAND: POST /session/fa0fa588b59cd70394c35387be1492a3/element - {"using":"xpath","value":"//*[@id=\"__xmlview4--contractDetailProvideButton\"]"}
RESULT: {"using":"xpath","value":"//*[@id=\"__xmlview4--contractDetailProvideButton\"]"}
COMMAND: POST /session/fa0fa588b59cd70394c35387be1492a3/element/f.E45B0C2907A9CCBDD1B779A362D73609.d.310E07A18576F5C5EE7E9997E7FE3CB6.e.5599/click - {}
RESULT: {}
COMMAND: GET /session/fa0fa588b59cd70394c35387be1492a3/screenshot - {}
RESULT: {}
COMMAND: POST /session/fa0fa588b59cd70394c35387be1492a3/execute/async - {"script":"<script> [1562 bytes]","args":[{"selector":{"id":"application-managehandovers-display-component---AddNewHO--pickUpCheckbox","interaction":{"idSuffix":"CbBg"}},"wdio_ui5_key":"applicationmanagehandovers-display-component---AddNewHO--pickUpCheckbox"}]}
RESULT: {"script":"<script> [1562 bytes]","args":[{"selector":{"id":"application-managehandovers-display-component---AddNewHO--pickUpCheckbox","interaction":{"idSuffix":"CbBg"}},"wdio_ui5_key":"applicationmanagehandovers-display-component---AddNewHO--pickUpCheckbox"}]}
RESULT: undefined
COMMAND: POST /session/fa0fa588b59cd70394c35387be1492a3/element - {"using":"xpath","value":"//*[@id=\"application-managehandovers-display-component---AddNewHO--pickUpCheckbox\"]"}
RESULT: {"using":"xpath","value":"//*[@id=\"application-managehandovers-display-component---AddNewHO--pickUpCheckbox\"]"}
COMMAND: POST /session/fa0fa588b59cd70394c35387be1492a3/element/f.E45B0C2907A9CCBDD1B779A362D73609.d.310E07A18576F5C5EE7E9997E7FE3CB6.e.6044/click - {}
RESULT: {}
COMMAND: POST /session/fa0fa588b59cd70394c35387be1492a3/execute/async - {"script":"<script> [1562 bytes]","args":[{"selector":{"id":"application-managehandovers-display-component---AddNewHO--ObjectPageLayout-anchBar-application-managehandovers-display-component---AddNewHO--section4-anchor","interaction":{"idSuffix":"content"}},"wdio_ui5_key":"applicationmanagehandovers-display-component---AddNewHO--ObjectPageLayout-anchBar-application-managehandovers-display-component---AddNewHO--section4-anchor"}]}
COMMAND: GET /session/fa0fa588b59cd70394c35387be1492a3/screenshot - {}
RESULT: {"script":"<script> [1562 bytes]","args":[{"selector":{"id":"application-managehandovers-display-component---AddNewHO--ObjectPageLayout-anchBar-application-managehandovers-display-component---AddNewHO--section4-anchor","interaction":{"idSuffix":"content"}},"wdio_ui5_key":"applicationmanagehandovers-display-component---AddNewHO--ObjectPageLayout-anchBar-application-managehandovers-display-component---AddNewHO--section4-anchor"}]}
RESULT: undefined
COMMAND: POST /session/fa0fa588b59cd70394c35387be1492a3/element - {"using":"xpath","value":"//*[@id=\"application-managehandovers-display-component---AddNewHO--ObjectPageLayout-anchBar-application-managehandovers-display-component---AddNewHO--section4-anchor\"]"}
RESULT: {}
RESULT: {"using":"xpath","value":"//*[@id=\"application-managehandovers-display-component---AddNewHO--ObjectPageLayout-anchBar-application-managehandovers-display-component---AddNewHO--section4-anchor\"]"}
COMMAND: POST /session/fa0fa588b59cd70394c35387be1492a3/element/f.E45B0C2907A9CCBDD1B779A362D73609.d.310E07A18576F5C5EE7E9997E7FE3CB6.e.6046/click - {}
RESULT: {}
COMMAND: POST /session/fa0fa588b59cd70394c35387be1492a3/execute/async - {"script":"<script> [1562 bytes]","args":[{"selector":{"controlType":"sap.m.Button","viewName":"etm.portal.ui.managehandovers.view.AddNewHO","viewId":"application-managehandovers-display-component---AddNewHO","i18NText":{"propertyName":"tooltip","key":"addItems"},"interaction":{"idSuffix":"inner"}},"wdio_ui5_key":"etmportal.ui.managehandovers.view.AddNewHOsap.m.Button{\"propertyName\":\"tooltip\",\"key\":\"addItems\"}"}]}
COMMAND: GET /session/fa0fa588b59cd70394c35387be1492a3/screenshot - {}
RESULT: {"script":"<script> [1562 bytes]","args":[{"selector":{"controlType":"sap.m.Button","viewName":"etm.portal.ui.managehandovers.view.AddNewHO","viewId":"application-managehandovers-display-component---AddNewHO","i18NText":{"propertyName":"tooltip","key":"addItems"},"interaction":{"idSuffix":"inner"}},"wdio_ui5_key":"etmportal.ui.managehandovers.view.AddNewHOsap.m.Button{\"propertyName\":\"tooltip\",\"key\":\"addItems\"}"}]}
RESULT: undefined
COMMAND: POST /session/fa0fa588b59cd70394c35387be1492a3/element - {"using":"xpath","value":"//*[@id=\"__button81\"]"}
RESULT: {}
RESULT: {"using":"xpath","value":"//*[@id=\"__button81\"]"}
COMMAND: POST /session/fa0fa588b59cd70394c35387be1492a3/element/f.E45B0C2907A9CCBDD1B779A362D73609.d.310E07A18576F5C5EE7E9997E7FE3CB6.e.6050/click - {}
RESULT: {}
COMMAND: POST /session/fa0fa588b59cd70394c35387be1492a3/execute/async - {"script":"<script> [1562 bytes]","args":[{"selector":{"id":"application-managehandovers-display-component---AddNewHO--smartTableHOPopup-header","searchOpenDialogs":true},"wdio_ui5_key":"applicationmanagehandovers-display-component---AddNewHO--smartTableHOPopup-header"}]}
COMMAND: GET /session/fa0fa588b59cd70394c35387be1492a3/screenshot - {}
RESULT: {"script":"<script> [1562 bytes]","args":[{"selector":{"id":"application-managehandovers-display-component---AddNewHO--smartTableHOPopup-header","searchOpenDialogs":true},"wdio_ui5_key":"applicationmanagehandovers-display-component---AddNewHO--smartTableHOPopup-header"}]}
RESULT: undefined
COMMAND: POST /session/fa0fa588b59cd70394c35387be1492a3/execute/async - {"script":"<script> [6424 bytes]","args":[{"element-6066-11e4-a52e-4f735466cecf":"f.E45B0C2907A9CCBDD1B779A362D73609.d.310E07A18576F5C5EE7E9997E7FE3CB6.e.6060"},"getText",[]]}
RESULT: {}
RESULT: {"script":"<script> [6424 bytes]","args":[{"element-6066-11e4-a52e-4f735466cecf":"f.E45B0C2907A9CCBDD1B779A362D73609.d.310E07A18576F5C5EE7E9997E7FE3CB6.e.6060"},"getText",[]]}
COMMAND: POST /session/fa0fa588b59cd70394c35387be1492a3/actions - {"actions":[{"id":"action44","type":"key","parameters":{},"actions":[{"type":"keyDown","value":""},{"type":"pause","duration":10},{"type":"keyUp","value":""}]}]}
RESULT: {"actions":[{"id":"action44","type":"key","parameters":{},"actions":[{"type":"keyDown","value":""},{"type":"pause","duration":10},{"type":"keyUp","value":""}]}]}
COMMAND: GET /session/fa0fa588b59cd70394c35387be1492a3/screenshot - {}
RESULT: {}
COMMAND: POST /session/fa0fa588b59cd70394c35387be1492a3/execute/async - {"script":"<script> [1562 bytes]","args":[{"selector":{"id":"backBtn"},"wdio_ui5_key":"backBtn"}]}
RESULT: {"script":"<script> [1562 bytes]","args":[{"selector":{"id":"backBtn"},"wdio_ui5_key":"backBtn"}]}
RESULT: undefined
COMMAND: POST /session/fa0fa588b59cd70394c35387be1492a3/element - {"using":"xpath","value":"//*[@id=\"backBtn\"]"}
RESULT: {"using":"xpath","value":"//*[@id=\"backBtn\"]"}
COMMAND: POST /session/fa0fa588b59cd70394c35387be1492a3/element/f.E45B0C2907A9CCBDD1B779A362D73609.d.310E07A18576F5C5EE7E9997E7FE3CB6.e.6062/click - {}
RESULT: {}
COMMAND: GET /session/fa0fa588b59cd70394c35387be1492a3/screenshot - {}
COMMAND: POST /session/fa0fa588b59cd70394c35387be1492a3/refresh - {}
RESULT: {}
RESULT: {}
COMMAND: GET /session/fa0fa588b59cd70394c35387be1492a3/screenshot - {}
RESULT: {}
COMMAND: POST /session/fa0fa588b59cd70394c35387be1492a3/execute/async - {"script":"<script> [189 bytes]","args":[]}
RESULT: {"script":"<script> [189 bytes]","args":[]}
COMMAND: POST /session/fa0fa588b59cd70394c35387be1492a3/execute/async - {"script":"<script> [123 bytes]","args":[]}
RESULT: {"script":"<script> [123 bytes]","args":[]}
COMMAND: POST /session/fa0fa588b59cd70394c35387be1492a3/timeouts - {"script":"<number>"}
RESULT: {"script":"<number>"}
COMMAND: GET /session/fa0fa588b59cd70394c35387be1492a3/timeouts - {}
RESULT: {}
RESULT: undefined
COMMAND: POST /session/fa0fa588b59cd70394c35387be1492a3/execute/async - {"script":"<script> [2676 bytes]","args":[]}
RESULT: {"script":"<script> [2676 bytes]","args":[]}
COMMAND: POST /session/fa0fa588b59cd70394c35387be1492a3/execute/async - {"script":"<script> [2342 bytes]","args":[{"protocol":"http","hostname":"0.0.0.0","path":"/","capabilities":{"browserName":"chrome","goog:chromeOptions":{"binary":"C:\\Program Files\\Google\\Chrome\\Application\\chrome.exe","args":["--start-maximized"]}},"logLevel":"warn","connectionRetryTimeout":120000,"connectionRetryCount":3,"logLevels":{},"enableDirectConnect":true,"strictSSL":true,"_":"65 more keys: [\"cacheDir\",\"port\",\"requestedCapabilities\",\"automationProtocol\",\"baseUrl\",\"waitforInterval\",\"waitforTimeout\",\"onReload\",\"beforeCommand\",\"afterCommand\",\"rootDir\",\"specs\",\"suites\",\"exclude\",\"groupLogsByTestSpec\",\"excludeDriverLogs\",\"bail\",\"framework\",\"reporters\",\"services\",\"maxInstances\",\"maxInstancesPerCapability\",\"injectGlobals\",\"filesToWatch\",\"execArgv\",\"runnerEnv\",\"runner\",\"shard\",\"specFileRetries\",\"specFileRetriesDelay\",\"specFileRetriesDeferred\",\"reporterSyncInterval\",\"reporterSyncTimeout\",\"cucumberFeaturesWithLineNumbers\",\"autoCompileOpts\",\"mochaOpts\",\"jasmineOpts\",\"cucumberOpts\",\"onPrepare\",\"onWorkerStart\",\"onWorkerEnd\",\"before\",\"beforeSession\",\"beforeSuite\",\"beforeHook\",\"beforeTest\",\"afterTest\",\"afterHook\",\"afterSuite\",\"afterSession\",\"after\",\"onComplete\",\"beforeAssertion\",\"afterAssertion\",\"beforeFeature\",\"beforeScenario\",\"beforeStep\",\"afterStep\",\"afterScenario\",\"afterFeature\",\"_\",\"suite\",\"$0\",\"ignoredWorkerServices\",\"wdi5\"]"}]}
RESULT: {"script":"<script> [2342 bytes]","args":[{"protocol":"http","hostname":"0.0.0.0","path":"/","capabilities":{"browserName":"chrome","goog:chromeOptions":{"binary":"C:\\Program Files\\Google\\Chrome\\Application\\chrome.exe","args":["--start-maximized"]}},"logLevel":"warn","connectionRetryTimeout":120000,"connectionRetryCount":3,"logLevels":{},"enableDirectConnect":true,"strictSSL":true,"_":"65 more keys: [\"cacheDir\",\"port\",\"requestedCapabilities\",\"automationProtocol\",\"baseUrl\",\"waitforInterval\",\"waitforTimeout\",\"onReload\",\"beforeCommand\",\"afterCommand\",\"rootDir\",\"specs\",\"suites\",\"exclude\",\"groupLogsByTestSpec\",\"excludeDriverLogs\",\"bail\",\"framework\",\"reporters\",\"services\",\"maxInstances\",\"maxInstancesPerCapability\",\"injectGlobals\",\"filesToWatch\",\"execArgv\",\"runnerEnv\",\"runner\",\"shard\",\"specFileRetries\",\"specFileRetriesDelay\",\"specFileRetriesDeferred\",\"reporterSyncInterval\",\"reporterSyncTimeout\",\"cucumberFeaturesWithLineNumbers\",\"autoCompileOpts\",\"mochaOpts\",\"jasmineOpts\",\"cucumberOpts\",\"onPrepare\",\"onWorkerStart\",\"onWorkerEnd\",\"before\",\"beforeSession\",\"beforeSuite\",\"beforeHook\",\"beforeTest\",\"afterTest\",\"afterHook\",\"afterSuite\",\"afterSession\",\"after\",\"onComplete\",\"beforeAssertion\",\"afterAssertion\",\"beforeFeature\",\"beforeScenario\",\"beforeStep\",\"afterStep\",\"afterScenario\",\"afterFeature\",\"_\",\"suite\",\"$0\",\"ignoredWorkerServices\",\"wdi5\"]"}]}
COMMAND: POST /session/fa0fa588b59cd70394c35387be1492a3/execute/async - {"script":"<script> [21126 bytes]","args":[35000]}
RESULT: {"script":"<script> [21126 bytes]","args":[35000]}
COMMAND: POST /session/fa0fa588b59cd70394c35387be1492a3/element - {"using":"xpath","value":"//div[contains(@id ,\"headerBillingItemsTabFilter-text\")]"}
RESULT: {"using":"xpath","value":"//div[contains(@id ,\"headerBillingItemsTabFilter-text\")]"}
COMMAND: POST /session/fa0fa588b59cd70394c35387be1492a3/element/f.E45B0C2907A9CCBDD1B779A362D73609.d.EBA630E6182000849C472ED2D9F50371.e.6282/click - {}
RESULT: {}
COMMAND: GET /session/fa0fa588b59cd70394c35387be1492a3/screenshot - {}
RESULT: {}
COMMAND: POST /session/fa0fa588b59cd70394c35387be1492a3/execute/async - {"script":"<script> [1562 bytes]","args":[{"selector":{"id":"revertPlanningBtn","viewName":"etm.portal.ui.managecontracts.view.Detail","interaction":{"idSuffix":"BDI-content"}},"wdio_ui5_key":"revertPlanningBtnetmportal.ui.managecontracts.view.Detail"}]}
RESULT: {"script":"<script> [1562 bytes]","args":[{"selector":{"id":"revertPlanningBtn","viewName":"etm.portal.ui.managecontracts.view.Detail","interaction":{"idSuffix":"BDI-content"}},"wdio_ui5_key":"revertPlanningBtnetmportal.ui.managecontracts.view.Detail"}]}
RESULT: undefined
COMMAND: POST /session/fa0fa588b59cd70394c35387be1492a3/element - {"using":"xpath","value":"//*[@id=\"__xmlview1--revertPlanningBtn\"]"}
RESULT: {"using":"xpath","value":"//*[@id=\"__xmlview1--revertPlanningBtn\"]"}
COMMAND: POST /session/fa0fa588b59cd70394c35387be1492a3/element/f.E45B0C2907A9CCBDD1B779A362D73609.d.EBA630E6182000849C472ED2D9F50371.e.6175/click - {}
RESULT: {}
COMMAND: GET /session/fa0fa588b59cd70394c35387be1492a3/screenshot - {}
RESULT: {}
COMMAND: POST /session/fa0fa588b59cd70394c35387be1492a3/actions - {"actions":[{"id":"action45","type":"key","parameters":{},"actions":[{"type":"keyDown","value":""},{"type":"pause","duration":10},{"type":"keyUp","value":""}]}]}
RESULT: {"actions":[{"id":"action45","type":"key","parameters":{},"actions":[{"type":"keyDown","value":""},{"type":"pause","duration":10},{"type":"keyUp","value":""}]}]}
COMMAND: GET /session/fa0fa588b59cd70394c35387be1492a3/screenshot - {}
RESULT: {}
COMMAND: POST /session/fa0fa588b59cd70394c35387be1492a3/element - {"using":"xpath","value":"//div[contains(@id ,\"ProductsTable-sa-CbBg\")]"}
RESULT: {"using":"xpath","value":"//div[contains(@id ,\"ProductsTable-sa-CbBg\")]"}
COMMAND: POST /session/fa0fa588b59cd70394c35387be1492a3/element/f.E45B0C2907A9CCBDD1B779A362D73609.d.EBA630E6182000849C472ED2D9F50371.e.6332/click - {}
RESULT: {}
COMMAND: GET /session/fa0fa588b59cd70394c35387be1492a3/screenshot - {}
RESULT: {}
COMMAND: POST /session/fa0fa588b59cd70394c35387be1492a3/execute/async - {"script":"<script> [1562 bytes]","args":[{"selector":{"id":"executeRevertPlanningBtn","viewName":"etm.portal.ui.managecontracts.view.Detail","interaction":{"idSuffix":"BDI-content"}},"wdio_ui5_key":"executeRevertPlanningBtnetmportal.ui.managecontracts.view.Detail"}]}
RESULT: {"script":"<script> [1562 bytes]","args":[{"selector":{"id":"executeRevertPlanningBtn","viewName":"etm.portal.ui.managecontracts.view.Detail","interaction":{"idSuffix":"BDI-content"}},"wdio_ui5_key":"executeRevertPlanningBtnetmportal.ui.managecontracts.view.Detail"}]}
RESULT: undefined
COMMAND: POST /session/fa0fa588b59cd70394c35387be1492a3/element - {"using":"xpath","value":"//*[@id=\"__xmlview1--executeRevertPlanningBtn\"]"}
RESULT: {"using":"xpath","value":"//*[@id=\"__xmlview1--executeRevertPlanningBtn\"]"}
COMMAND: POST /session/fa0fa588b59cd70394c35387be1492a3/element/f.E45B0C2907A9CCBDD1B779A362D73609.d.EBA630E6182000849C472ED2D9F50371.e.6331/click - {}
RESULT: {}
COMMAND: GET /session/fa0fa588b59cd70394c35387be1492a3/screenshot - {}
RESULT: {}
COMMAND: POST /session/fa0fa588b59cd70394c35387be1492a3/actions - {"actions":[{"id":"action46","type":"key","parameters":{},"actions":[{"type":"keyDown","value":""},{"type":"pause","duration":10},{"type":"keyUp","value":""}]}]}
RESULT: {"actions":[{"id":"action46","type":"key","parameters":{},"actions":[{"type":"keyDown","value":""},{"type":"pause","duration":10},{"type":"keyUp","value":""}]}]}
COMMAND: POST /session/fa0fa588b59cd70394c35387be1492a3/execute/async - {"script":"<script> [1562 bytes]","args":[{"selector":{"id":"backBtn"},"wdio_ui5_key":"backBtn"}]}
COMMAND: GET /session/fa0fa588b59cd70394c35387be1492a3/screenshot - {}
RESULT: {"script":"<script> [1562 bytes]","args":[{"selector":{"id":"backBtn"},"wdio_ui5_key":"backBtn"}]}
RESULT: undefined
COMMAND: POST /session/fa0fa588b59cd70394c35387be1492a3/element - {"using":"xpath","value":"//*[@id=\"backBtn\"]"}
RESULT: {}
RESULT: {"using":"xpath","value":"//*[@id=\"backBtn\"]"}
COMMAND: POST /session/fa0fa588b59cd70394c35387be1492a3/element/f.E45B0C2907A9CCBDD1B779A362D73609.d.EBA630E6182000849C472ED2D9F50371.e.6345/click - {}
RESULT: {}
COMMAND: GET /session/fa0fa588b59cd70394c35387be1492a3/screenshot - {}
RESULT: {}
COMMAND: POST /session/fa0fa588b59cd70394c35387be1492a3/refresh - {}
RESULT: {}
COMMAND: GET /session/fa0fa588b59cd70394c35387be1492a3/screenshot - {}
RESULT: {}
COMMAND: POST /session/fa0fa588b59cd70394c35387be1492a3/execute/async - {"script":"<script> [189 bytes]","args":[]}
RESULT: {"script":"<script> [189 bytes]","args":[]}
COMMAND: POST /session/fa0fa588b59cd70394c35387be1492a3/execute/async - {"script":"<script> [123 bytes]","args":[]}
RESULT: {"script":"<script> [123 bytes]","args":[]}
COMMAND: POST /session/fa0fa588b59cd70394c35387be1492a3/timeouts - {"script":"<number>"}
RESULT: {"script":"<number>"}
COMMAND: GET /session/fa0fa588b59cd70394c35387be1492a3/timeouts - {}
RESULT: {}
RESULT: undefined
COMMAND: POST /session/fa0fa588b59cd70394c35387be1492a3/execute/async - {"script":"<script> [2676 bytes]","args":[]}
RESULT: {"script":"<script> [2676 bytes]","args":[]}
COMMAND: POST /session/fa0fa588b59cd70394c35387be1492a3/execute/async - {"script":"<script> [2342 bytes]","args":[{"protocol":"http","hostname":"0.0.0.0","path":"/","capabilities":{"browserName":"chrome","goog:chromeOptions":{"binary":"C:\\Program Files\\Google\\Chrome\\Application\\chrome.exe","args":["--start-maximized"]}},"logLevel":"warn","connectionRetryTimeout":120000,"connectionRetryCount":3,"logLevels":{},"enableDirectConnect":true,"strictSSL":true,"_":"65 more keys: [\"cacheDir\",\"port\",\"requestedCapabilities\",\"automationProtocol\",\"baseUrl\",\"waitforInterval\",\"waitforTimeout\",\"onReload\",\"beforeCommand\",\"afterCommand\",\"rootDir\",\"specs\",\"suites\",\"exclude\",\"groupLogsByTestSpec\",\"excludeDriverLogs\",\"bail\",\"framework\",\"reporters\",\"services\",\"maxInstances\",\"maxInstancesPerCapability\",\"injectGlobals\",\"filesToWatch\",\"execArgv\",\"runnerEnv\",\"runner\",\"shard\",\"specFileRetries\",\"specFileRetriesDelay\",\"specFileRetriesDeferred\",\"reporterSyncInterval\",\"reporterSyncTimeout\",\"cucumberFeaturesWithLineNumbers\",\"autoCompileOpts\",\"mochaOpts\",\"jasmineOpts\",\"cucumberOpts\",\"onPrepare\",\"onWorkerStart\",\"onWorkerEnd\",\"before\",\"beforeSession\",\"beforeSuite\",\"beforeHook\",\"beforeTest\",\"afterTest\",\"afterHook\",\"afterSuite\",\"afterSession\",\"after\",\"onComplete\",\"beforeAssertion\",\"afterAssertion\",\"beforeFeature\",\"beforeScenario\",\"beforeStep\",\"afterStep\",\"afterScenario\",\"afterFeature\",\"_\",\"suite\",\"$0\",\"ignoredWorkerServices\",\"wdi5\"]"}]}
RESULT: {"script":"<script> [2342 bytes]","args":[{"protocol":"http","hostname":"0.0.0.0","path":"/","capabilities":{"browserName":"chrome","goog:chromeOptions":{"binary":"C:\\Program Files\\Google\\Chrome\\Application\\chrome.exe","args":["--start-maximized"]}},"logLevel":"warn","connectionRetryTimeout":120000,"connectionRetryCount":3,"logLevels":{},"enableDirectConnect":true,"strictSSL":true,"_":"65 more keys: [\"cacheDir\",\"port\",\"requestedCapabilities\",\"automationProtocol\",\"baseUrl\",\"waitforInterval\",\"waitforTimeout\",\"onReload\",\"beforeCommand\",\"afterCommand\",\"rootDir\",\"specs\",\"suites\",\"exclude\",\"groupLogsByTestSpec\",\"excludeDriverLogs\",\"bail\",\"framework\",\"reporters\",\"services\",\"maxInstances\",\"maxInstancesPerCapability\",\"injectGlobals\",\"filesToWatch\",\"execArgv\",\"runnerEnv\",\"runner\",\"shard\",\"specFileRetries\",\"specFileRetriesDelay\",\"specFileRetriesDeferred\",\"reporterSyncInterval\",\"reporterSyncTimeout\",\"cucumberFeaturesWithLineNumbers\",\"autoCompileOpts\",\"mochaOpts\",\"jasmineOpts\",\"cucumberOpts\",\"onPrepare\",\"onWorkerStart\",\"onWorkerEnd\",\"before\",\"beforeSession\",\"beforeSuite\",\"beforeHook\",\"beforeTest\",\"afterTest\",\"afterHook\",\"afterSuite\",\"afterSession\",\"after\",\"onComplete\",\"beforeAssertion\",\"afterAssertion\",\"beforeFeature\",\"beforeScenario\",\"beforeStep\",\"afterStep\",\"afterScenario\",\"afterFeature\",\"_\",\"suite\",\"$0\",\"ignoredWorkerServices\",\"wdi5\"]"}]}
COMMAND: POST /session/fa0fa588b59cd70394c35387be1492a3/execute/async - {"script":"<script> [21126 bytes]","args":[35000]}
RESULT: {"script":"<script> [21126 bytes]","args":[35000]}
COMMAND: POST /session/fa0fa588b59cd70394c35387be1492a3/execute/async - {"script":"<script> [1562 bytes]","args":[{"selector":{"controlType":"sap.m.ObjectStatus","viewName":"etm.portal.ui.managerequests.view.Detail","bindingPath":{"path":"/RequestHeaders('20151')","propertyPath":"LINK_TO_STATUS/DESCRIPTION","modelName":"catalogModel"}},"wdio_ui5_key":"etmportal.ui.managerequests.view.Detailsap.m.ObjectStatus{\"path\":\"/RequestHeaders('20151')\",\"propertyPath\":\"LINK_TO_STATUS/DESCRIPTION\",\"modelName\":\"catalogModel\"}"}]}
RESULT: {"script":"<script> [1562 bytes]","args":[{"selector":{"controlType":"sap.m.ObjectStatus","viewName":"etm.portal.ui.managerequests.view.Detail","bindingPath":{"path":"/RequestHeaders('20151')","propertyPath":"LINK_TO_STATUS/DESCRIPTION","modelName":"catalogModel"}},"wdio_ui5_key":"etmportal.ui.managerequests.view.Detailsap.m.ObjectStatus{\"path\":\"/RequestHeaders('20151')\",\"propertyPath\":\"LINK_TO_STATUS/DESCRIPTION\",\"modelName\":\"catalogModel\"}"}]}
RESULT: undefined
COMMAND: POST /session/fa0fa588b59cd70394c35387be1492a3/execute/async - {"script":"<script> [6424 bytes]","args":[{"element-6066-11e4-a52e-4f735466cecf":"f.E45B0C2907A9CCBDD1B779A362D73609.d.71FC7566654E0C10C5F884D027C96FAF.e.6803"},"getText",[]]}
RESULT: {"script":"<script> [6424 bytes]","args":[{"element-6066-11e4-a52e-4f735466cecf":"f.E45B0C2907A9CCBDD1B779A362D73609.d.71FC7566654E0C10C5F884D027C96FAF.e.6803"},"getText",[]]}
COMMAND: POST /session/fa0fa588b59cd70394c35387be1492a3/execute/async - {"script":"<script> [1562 bytes]","args":[{"selector":{"controlType":"sap.m.Button","viewName":"etm.portal.ui.managerequests.view.Detail","bindingPath":{"path":"/SmartRequestItemsPlanningBoard(ITEM=10m,REQUEST='20151')","propertyPath":"PICK_UP"}},"wdio_ui5_key":"etmportal.ui.managerequests.view.Detailsap.m.Button{\"path\":\"/SmartRequestItemsPlanningBoard(ITEM=10m,REQUEST='20151')\",\"propertyPath\":\"PICK_UP\"}"}]}
RESULT: {"script":"<script> [1562 bytes]","args":[{"selector":{"controlType":"sap.m.Button","viewName":"etm.portal.ui.managerequests.view.Detail","bindingPath":{"path":"/SmartRequestItemsPlanningBoard(ITEM=10m,REQUEST='20151')","propertyPath":"PICK_UP"}},"wdio_ui5_key":"etmportal.ui.managerequests.view.Detailsap.m.Button{\"path\":\"/SmartRequestItemsPlanningBoard(ITEM=10m,REQUEST='20151')\",\"propertyPath\":\"PICK_UP\"}"}]}
RESULT: undefined
COMMAND: POST /session/fa0fa588b59cd70394c35387be1492a3/execute/async - {"script":"<script> [6424 bytes]","args":[{"element-6066-11e4-a52e-4f735466cecf":"f.E45B0C2907A9CCBDD1B779A362D73609.d.71FC7566654E0C10C5F884D027C96FAF.e.6794"},"getType",[]]}
RESULT: {"script":"<script> [6424 bytes]","args":[{"element-6066-11e4-a52e-4f735466cecf":"f.E45B0C2907A9CCBDD1B779A362D73609.d.71FC7566654E0C10C5F884D027C96FAF.e.6794"},"getType",[]]}
COMMAND: POST /session/fa0fa588b59cd70394c35387be1492a3/execute/async - {"script":"<script> [1562 bytes]","args":[{"selector":{"controlType":"sap.m.Button","viewName":"etm.portal.ui.managerequests.view.Detail","bindingPath":{"path":"/SmartRequestItemsPlanningBoard(ITEM=20m,REQUEST='20151')","propertyPath":"PICK_UP"}},"wdio_ui5_key":"etmportal.ui.managerequests.view.Detailsap.m.Button{\"path\":\"/SmartRequestItemsPlanningBoard(ITEM=20m,REQUEST='20151')\",\"propertyPath\":\"PICK_UP\"}"}]}
RESULT: {"script":"<script> [1562 bytes]","args":[{"selector":{"controlType":"sap.m.Button","viewName":"etm.portal.ui.managerequests.view.Detail","bindingPath":{"path":"/SmartRequestItemsPlanningBoard(ITEM=20m,REQUEST='20151')","propertyPath":"PICK_UP"}},"wdio_ui5_key":"etmportal.ui.managerequests.view.Detailsap.m.Button{\"path\":\"/SmartRequestItemsPlanningBoard(ITEM=20m,REQUEST='20151')\",\"propertyPath\":\"PICK_UP\"}"}]}
RESULT: undefined
COMMAND: POST /session/fa0fa588b59cd70394c35387be1492a3/execute/async - {"script":"<script> [6424 bytes]","args":[{"element-6066-11e4-a52e-4f735466cecf":"f.E45B0C2907A9CCBDD1B779A362D73609.d.71FC7566654E0C10C5F884D027C96FAF.e.6804"},"getType",[]]}
RESULT: {"script":"<script> [6424 bytes]","args":[{"element-6066-11e4-a52e-4f735466cecf":"f.E45B0C2907A9CCBDD1B779A362D73609.d.71FC7566654E0C10C5F884D027C96FAF.e.6804"},"getType",[]]}
COMMAND: POST /session/fa0fa588b59cd70394c35387be1492a3/element - {"using":"css selector","value":"#shell-header-logo"}
RESULT: {"using":"css selector","value":"#shell-header-logo"}
COMMAND: POST /session/fa0fa588b59cd70394c35387be1492a3/element/f.E45B0C2907A9CCBDD1B779A362D73609.d.71FC7566654E0C10C5F884D027C96FAF.e.6594/click - {}
RESULT: {}
COMMAND: GET /session/fa0fa588b59cd70394c35387be1492a3/screenshot - {}
RESULT: {}
COMMAND: POST /session/fa0fa588b59cd70394c35387be1492a3/execute/async - {"script":"<script> [1562 bytes]","args":[{"selector":{"controlType":"sap.m.GenericTile","properties":{"header":"Manage Classifications"}},"wdio_ui5_key":"sapm.GenericTile{\"header\":\"Manage Classifications\"}"}]}
RESULT: {"script":"<script> [1562 bytes]","args":[{"selector":{"controlType":"sap.m.GenericTile","properties":{"header":"Manage Classifications"}},"wdio_ui5_key":"sapm.GenericTile{\"header\":\"Manage Classifications\"}"}]}
RESULT: undefined
COMMAND: POST /session/fa0fa588b59cd70394c35387be1492a3/element - {"using":"xpath","value":"//*[@id=\"__tile115\"]"}
RESULT: {"using":"xpath","value":"//*[@id=\"__tile115\"]"}
COMMAND: POST /session/fa0fa588b59cd70394c35387be1492a3/element/f.E45B0C2907A9CCBDD1B779A362D73609.d.71FC7566654E0C10C5F884D027C96FAF.e.6821/click - {}
RESULT: {}
COMMAND: GET /session/fa0fa588b59cd70394c35387be1492a3/screenshot - {}
RESULT: {}
COMMAND: POST /session/fa0fa588b59cd70394c35387be1492a3/elements - {"using":"xpath","value":"//span[text()='Error']"}
RESULT: {"using":"xpath","value":"//span[text()='Error']"}
]]></system-out>
    </testcase>
  </testsuite>
  <testsuite timestamp="2025-05-28T15:56:58" time="384.839" tests="4" failures="0" errors="0" skipped="0">
    <properties>
      <property name="specId" value="0"/>
      <property name="suiteName" value="Manage requests - requests specifications US141095"/>
      <property name="capabilities" value="chrome.136_0_7103_93.windows"/>
      <property name="file" value="file:///D:/a/1/s/test/specs/R2C/manage-requests-request-specifications.spec.js"/>
    </properties>
    <testcase classname="chrome.136_0_7103_93.windows.Manage_requests_-_requests_specifications_US141095" name="Should create a new classification of type request item" time="38.582">
      <system-out><![CDATA[
COMMAND: POST /session/fa0fa588b59cd70394c35387be1492a3/execute/async - {"script":"<script> [1562 bytes]","args":[{"selector":{"controlType":"sap.ui.core.Icon","viewName":"etm.portal.ui.manageclassifications.view.Master","viewId":"application-manageclassifications-display-component---classificationMaster","properties":{"src":{"regex":{"source":"add"}}}},"wdio_ui5_key":"etmportal.ui.manageclassifications.view.Mastersap.ui.core.Icon{\"src\":{\"regex\":{\"source\":\"add\"}}}"}]}
RESULT: {"script":"<script> [1562 bytes]","args":[{"selector":{"controlType":"sap.ui.core.Icon","viewName":"etm.portal.ui.manageclassifications.view.Master","viewId":"application-manageclassifications-display-component---classificationMaster","properties":{"src":{"regex":{"source":"add"}}}},"wdio_ui5_key":"etmportal.ui.manageclassifications.view.Mastersap.ui.core.Icon{\"src\":{\"regex\":{\"source\":\"add\"}}}"}]}
RESULT: undefined
COMMAND: POST /session/fa0fa588b59cd70394c35387be1492a3/element - {"using":"xpath","value":"//*[@id=\"__button27-img\"]"}
RESULT: {"using":"xpath","value":"//*[@id=\"__button27-img\"]"}
COMMAND: POST /session/fa0fa588b59cd70394c35387be1492a3/element/f.E45B0C2907A9CCBDD1B779A362D73609.d.71FC7566654E0C10C5F884D027C96FAF.e.6860/click - {}
RESULT: {}
COMMAND: POST /session/fa0fa588b59cd70394c35387be1492a3/execute/async - {"script":"<script> [1562 bytes]","args":[{"selector":{"id":"application-manageclassifications-display-component---classificationCreate--classHeaderName","interaction":{"idSuffix":"inner"}},"wdio_ui5_key":"applicationmanageclassifications-display-component---classificationCreate--classHeaderName"}]}
COMMAND: GET /session/fa0fa588b59cd70394c35387be1492a3/screenshot - {}
RESULT: {"script":"<script> [1562 bytes]","args":[{"selector":{"id":"application-manageclassifications-display-component---classificationCreate--classHeaderName","interaction":{"idSuffix":"inner"}},"wdio_ui5_key":"applicationmanageclassifications-display-component---classificationCreate--classHeaderName"}]}
RESULT: undefined
COMMAND: POST /session/fa0fa588b59cd70394c35387be1492a3/execute/async - {"script":"<script> [776 bytes]","args":[{"enterText":"WebdriverItemClasse84yo","selector":{"id":"application-manageclassifications-display-component---classificationCreate--classHeaderName","interaction":{"idSuffix":"inner"}},"clearTextFirst":true,"interactionType":"ENTER_TEXT"}]}
RESULT: {}
RESULT: {"script":"<script> [776 bytes]","args":[{"enterText":"WebdriverItemClasse84yo","selector":{"id":"application-manageclassifications-display-component---classificationCreate--classHeaderName","interaction":{"idSuffix":"inner"}},"clearTextFirst":true,"interactionType":"ENTER_TEXT"}]}
COMMAND: POST /session/fa0fa588b59cd70394c35387be1492a3/execute/async - {"script":"<script> [1562 bytes]","args":[{"selector":{"controlType":"sap.ui.core.Icon","viewName":"etm.portal.ui.manageclassifications.view.Create","viewId":"application-manageclassifications-display-component---classificationCreate","properties":{"src":{"regex":{"source":"slim\\-arrow\\-down"}}}},"wdio_ui5_key":"etmportal.ui.manageclassifications.view.Createsap.ui.core.Icon{\"src\":{\"regex\":{\"source\":\"slim\\\\-arrow\\\\-down\"}}}"}]}
RESULT: {"script":"<script> [1562 bytes]","args":[{"selector":{"controlType":"sap.ui.core.Icon","viewName":"etm.portal.ui.manageclassifications.view.Create","viewId":"application-manageclassifications-display-component---classificationCreate","properties":{"src":{"regex":{"source":"slim\\-arrow\\-down"}}}},"wdio_ui5_key":"etmportal.ui.manageclassifications.view.Createsap.ui.core.Icon{\"src\":{\"regex\":{\"source\":\"slim\\\\-arrow\\\\-down\"}}}"}]}
RESULT: undefined
COMMAND: POST /session/fa0fa588b59cd70394c35387be1492a3/element - {"using":"xpath","value":"//*[@id=\"__box12-arrow\"]"}
RESULT: {"using":"xpath","value":"//*[@id=\"__box12-arrow\"]"}
COMMAND: POST /session/fa0fa588b59cd70394c35387be1492a3/element/f.E45B0C2907A9CCBDD1B779A362D73609.d.71FC7566654E0C10C5F884D027C96FAF.e.7271/click - {}
RESULT: {}
COMMAND: POST /session/fa0fa588b59cd70394c35387be1492a3/execute/async - {"script":"<script> [1562 bytes]","args":[{"selector":{"controlType":"sap.m.StandardListItem","viewName":"etm.portal.ui.manageclassifications.view.Create","viewId":"application-manageclassifications-display-component---classificationCreate","properties":{"title":"Request Item Specifications"},"searchOpenDialogs":true,"interaction":{"idSuffix":"titleText"}},"wdio_ui5_key":"etmportal.ui.manageclassifications.view.Createsap.m.StandardListItem{\"title\":\"Request Item Specifications\"}"}]}
COMMAND: GET /session/fa0fa588b59cd70394c35387be1492a3/screenshot - {}
RESULT: {"script":"<script> [1562 bytes]","args":[{"selector":{"controlType":"sap.m.StandardListItem","viewName":"etm.portal.ui.manageclassifications.view.Create","viewId":"application-manageclassifications-display-component---classificationCreate","properties":{"title":"Request Item Specifications"},"searchOpenDialogs":true,"interaction":{"idSuffix":"titleText"}},"wdio_ui5_key":"etmportal.ui.manageclassifications.view.Createsap.m.StandardListItem{\"title\":\"Request Item Specifications\"}"}]}
RESULT: undefined
COMMAND: POST /session/fa0fa588b59cd70394c35387be1492a3/element - {"using":"xpath","value":"//*[@id=\"__item88\"]"}
RESULT: {}
RESULT: {"using":"xpath","value":"//*[@id=\"__item88\"]"}
COMMAND: POST /session/fa0fa588b59cd70394c35387be1492a3/element/f.E45B0C2907A9CCBDD1B779A362D73609.d.71FC7566654E0C10C5F884D027C96FAF.e.7306/click - {}
RESULT: {}
COMMAND: POST /session/fa0fa588b59cd70394c35387be1492a3/execute/async - {"script":"<script> [1562 bytes]","args":[{"selector":{"controlType":"sap.ui.core.Icon","viewName":"etm.portal.ui.manageclassifications.view.Create","viewId":"application-manageclassifications-display-component---classificationCreate","properties":{"src":{"regex":{"source":"add"}}}},"wdio_ui5_key":"etmportal.ui.manageclassifications.view.Createsap.ui.core.Icon{\"src\":{\"regex\":{\"source\":\"add\"}}}"}]}
COMMAND: GET /session/fa0fa588b59cd70394c35387be1492a3/screenshot - {}
RESULT: {"script":"<script> [1562 bytes]","args":[{"selector":{"controlType":"sap.ui.core.Icon","viewName":"etm.portal.ui.manageclassifications.view.Create","viewId":"application-manageclassifications-display-component---classificationCreate","properties":{"src":{"regex":{"source":"add"}}}},"wdio_ui5_key":"etmportal.ui.manageclassifications.view.Createsap.ui.core.Icon{\"src\":{\"regex\":{\"source\":\"add\"}}}"}]}
RESULT: undefined
COMMAND: POST /session/fa0fa588b59cd70394c35387be1492a3/element - {"using":"xpath","value":"//*[@id=\"__button32-img\"]"}
RESULT: {}
RESULT: {"using":"xpath","value":"//*[@id=\"__button32-img\"]"}
COMMAND: POST /session/fa0fa588b59cd70394c35387be1492a3/element/f.E45B0C2907A9CCBDD1B779A362D73609.d.71FC7566654E0C10C5F884D027C96FAF.e.7274/click - {}
RESULT: {}
COMMAND: POST /session/fa0fa588b59cd70394c35387be1492a3/execute/async - {"script":"<script> [1562 bytes]","args":[{"selector":{"controlType":"sap.m.Input","viewName":"etm.portal.ui.manageclassifications.view.Create","viewId":"application-manageclassifications-display-component---classificationCreate","bindingPath":{"path":"/0","propertyPath":"PROPERTY","modelName":"newConfigModel"},"interaction":{"idSuffix":"inner"}},"wdio_ui5_key":"etmportal.ui.manageclassifications.view.Createsap.m.Input{\"path\":\"/0\",\"propertyPath\":\"PROPERTY\",\"modelName\":\"newConfigModel\"}"}]}
COMMAND: GET /session/fa0fa588b59cd70394c35387be1492a3/screenshot - {}
RESULT: {"script":"<script> [1562 bytes]","args":[{"selector":{"controlType":"sap.m.Input","viewName":"etm.portal.ui.manageclassifications.view.Create","viewId":"application-manageclassifications-display-component---classificationCreate","bindingPath":{"path":"/0","propertyPath":"PROPERTY","modelName":"newConfigModel"},"interaction":{"idSuffix":"inner"}},"wdio_ui5_key":"etmportal.ui.manageclassifications.view.Createsap.m.Input{\"path\":\"/0\",\"propertyPath\":\"PROPERTY\",\"modelName\":\"newConfigModel\"}"}]}
RESULT: undefined
COMMAND: POST /session/fa0fa588b59cd70394c35387be1492a3/execute/async - {"script":"<script> [776 bytes]","args":[{"enterText":"Color","selector":{"controlType":"sap.m.Input","viewName":"etm.portal.ui.manageclassifications.view.Create","viewId":"application-manageclassifications-display-component---classificationCreate","bindingPath":{"path":"/0","propertyPath":"PROPERTY","modelName":"newConfigModel"},"interaction":{"idSuffix":"inner"}},"clearTextFirst":true,"interactionType":"ENTER_TEXT"}]}
RESULT: {}
RESULT: {"script":"<script> [776 bytes]","args":[{"enterText":"Color","selector":{"controlType":"sap.m.Input","viewName":"etm.portal.ui.manageclassifications.view.Create","viewId":"application-manageclassifications-display-component---classificationCreate","bindingPath":{"path":"/0","propertyPath":"PROPERTY","modelName":"newConfigModel"},"interaction":{"idSuffix":"inner"}},"clearTextFirst":true,"interactionType":"ENTER_TEXT"}]}
COMMAND: POST /session/fa0fa588b59cd70394c35387be1492a3/execute/async - {"script":"<script> [1562 bytes]","args":[{"selector":{"controlType":"sap.m.Input","viewName":"etm.portal.ui.manageclassifications.view.Create","viewId":"application-manageclassifications-display-component---classificationCreate","bindingPath":{"path":"/0","propertyPath":"DESCRIPTION","modelName":"newConfigModel"},"interaction":{"idSuffix":"inner"}},"wdio_ui5_key":"etmportal.ui.manageclassifications.view.Createsap.m.Input{\"path\":\"/0\",\"propertyPath\":\"DESCRIPTION\",\"modelName\":\"newConfigModel\"}"}]}
RESULT: {"script":"<script> [1562 bytes]","args":[{"selector":{"controlType":"sap.m.Input","viewName":"etm.portal.ui.manageclassifications.view.Create","viewId":"application-manageclassifications-display-component---classificationCreate","bindingPath":{"path":"/0","propertyPath":"DESCRIPTION","modelName":"newConfigModel"},"interaction":{"idSuffix":"inner"}},"wdio_ui5_key":"etmportal.ui.manageclassifications.view.Createsap.m.Input{\"path\":\"/0\",\"propertyPath\":\"DESCRIPTION\",\"modelName\":\"newConfigModel\"}"}]}
RESULT: undefined
COMMAND: POST /session/fa0fa588b59cd70394c35387be1492a3/execute/async - {"script":"<script> [776 bytes]","args":[{"enterText":"Color","selector":{"controlType":"sap.m.Input","viewName":"etm.portal.ui.manageclassifications.view.Create","viewId":"application-manageclassifications-display-component---classificationCreate","bindingPath":{"path":"/0","propertyPath":"DESCRIPTION","modelName":"newConfigModel"},"interaction":{"idSuffix":"inner"}},"clearTextFirst":true,"interactionType":"ENTER_TEXT"}]}
RESULT: {"script":"<script> [776 bytes]","args":[{"enterText":"Color","selector":{"controlType":"sap.m.Input","viewName":"etm.portal.ui.manageclassifications.view.Create","viewId":"application-manageclassifications-display-component---classificationCreate","bindingPath":{"path":"/0","propertyPath":"DESCRIPTION","modelName":"newConfigModel"},"interaction":{"idSuffix":"inner"}},"clearTextFirst":true,"interactionType":"ENTER_TEXT"}]}
COMMAND: POST /session/fa0fa588b59cd70394c35387be1492a3/execute/async - {"script":"<script> [1562 bytes]","args":[{"selector":{"controlType":"sap.ui.core.Icon","viewName":"etm.portal.ui.manageclassifications.view.Create","viewId":"application-manageclassifications-display-component---classificationCreate","properties":{"src":{"regex":{"source":"slim\\-arrow\\-down"}}},"ancestor":{"controlType":"sap.m.ComboBox","viewName":"etm.portal.ui.manageclassifications.view.Create","viewId":"application-manageclassifications-display-component---classificationCreate","bindingPath":{"path":"/0","propertyPath":"VALUE_TYPE","modelName":"newConfigModel"}}},"wdio_ui5_key":"etmportal.ui.manageclassifications.view.Createsap.ui.core.Icon{\"src\":{\"regex\":{\"source\":\"slim\\\\-arrow\\\\-down\"}}}{\"controlType\":\"sap.m.ComboBox\",\"viewName\":\"etm.portal.ui.manageclassifications.view.Create\",\"viewId\":\"application-manageclassifications-display-component---classificationCreate\",\"bindingPath\":{\"path\":\"/0\",\"propertyPath\":\"VALUE_TYPE\",\"modelName\":\"newConfigModel\"}}"}]}
RESULT: {"script":"<script> [1562 bytes]","args":[{"selector":{"controlType":"sap.ui.core.Icon","viewName":"etm.portal.ui.manageclassifications.view.Create","viewId":"application-manageclassifications-display-component---classificationCreate","properties":{"src":{"regex":{"source":"slim\\-arrow\\-down"}}},"ancestor":{"controlType":"sap.m.ComboBox","viewName":"etm.portal.ui.manageclassifications.view.Create","viewId":"application-manageclassifications-display-component---classificationCreate","bindingPath":{"path":"/0","propertyPath":"VALUE_TYPE","modelName":"newConfigModel"}}},"wdio_ui5_key":"etmportal.ui.manageclassifications.view.Createsap.ui.core.Icon{\"src\":{\"regex\":{\"source\":\"slim\\\\-arrow\\\\-down\"}}}{\"controlType\":\"sap.m.ComboBox\",\"viewName\":\"etm.portal.ui.manageclassifications.view.Create\",\"viewId\":\"application-manageclassifications-display-component---classificationCreate\",\"bindingPath\":{\"path\":\"/0\",\"propertyPath\":\"VALUE_TYPE\",\"modelName\":\"newConfigModel\"}}"}]}
RESULT: undefined
COMMAND: POST /session/fa0fa588b59cd70394c35387be1492a3/element - {"using":"xpath","value":"//*[@id=\"__box13-application-manageclassifications-display-component---classificationCreate--configurationList-0-arrow\"]"}
RESULT: {"using":"xpath","value":"//*[@id=\"__box13-application-manageclassifications-display-component---classificationCreate--configurationList-0-arrow\"]"}
COMMAND: POST /session/fa0fa588b59cd70394c35387be1492a3/element/f.E45B0C2907A9CCBDD1B779A362D73609.d.71FC7566654E0C10C5F884D027C96FAF.e.7315/click - {}
RESULT: {}
COMMAND: POST /session/fa0fa588b59cd70394c35387be1492a3/execute/async - {"script":"<script> [1562 bytes]","args":[{"selector":{"controlType":"sap.m.StandardListItem","viewName":"etm.portal.ui.manageclassifications.view.Create","viewId":"application-manageclassifications-display-component---classificationCreate","properties":{"title":"Dropdown"},"searchOpenDialogs":true,"interaction":{"idSuffix":"titleText"}},"wdio_ui5_key":"etmportal.ui.manageclassifications.view.Createsap.m.StandardListItem{\"title\":\"Dropdown\"}"}]}
COMMAND: GET /session/fa0fa588b59cd70394c35387be1492a3/screenshot - {}
RESULT: {"script":"<script> [1562 bytes]","args":[{"selector":{"controlType":"sap.m.StandardListItem","viewName":"etm.portal.ui.manageclassifications.view.Create","viewId":"application-manageclassifications-display-component---classificationCreate","properties":{"title":"Dropdown"},"searchOpenDialogs":true,"interaction":{"idSuffix":"titleText"}},"wdio_ui5_key":"etmportal.ui.manageclassifications.view.Createsap.m.StandardListItem{\"title\":\"Dropdown\"}"}]}
RESULT: undefined
COMMAND: POST /session/fa0fa588b59cd70394c35387be1492a3/element - {"using":"xpath","value":"//*[@id=\"__item96\"]"}
RESULT: {}
RESULT: {"using":"xpath","value":"//*[@id=\"__item96\"]"}
COMMAND: POST /session/fa0fa588b59cd70394c35387be1492a3/element/f.E45B0C2907A9CCBDD1B779A362D73609.d.71FC7566654E0C10C5F884D027C96FAF.e.7317/click - {}
RESULT: {}
COMMAND: POST /session/fa0fa588b59cd70394c35387be1492a3/execute/async - {"script":"<script> [1562 bytes]","args":[{"selector":{"controlType":"sap.ui.core.Icon","viewName":"etm.portal.ui.manageclassifications.view.Create","viewId":"application-manageclassifications-display-component---classificationCreate","properties":{"src":{"regex":{"source":"crm\\-service\\-manager"}}}},"wdio_ui5_key":"etmportal.ui.manageclassifications.view.Createsap.ui.core.Icon{\"src\":{\"regex\":{\"source\":\"crm\\\\-service\\\\-manager\"}}}"}]}
COMMAND: GET /session/fa0fa588b59cd70394c35387be1492a3/screenshot - {}
RESULT: {"script":"<script> [1562 bytes]","args":[{"selector":{"controlType":"sap.ui.core.Icon","viewName":"etm.portal.ui.manageclassifications.view.Create","viewId":"application-manageclassifications-display-component---classificationCreate","properties":{"src":{"regex":{"source":"crm\\-service\\-manager"}}}},"wdio_ui5_key":"etmportal.ui.manageclassifications.view.Createsap.ui.core.Icon{\"src\":{\"regex\":{\"source\":\"crm\\\\-service\\\\-manager\"}}}"}]}
RESULT: undefined
COMMAND: POST /session/fa0fa588b59cd70394c35387be1492a3/element - {"using":"xpath","value":"//*[@id=\"__button34-application-manageclassifications-display-component---classificationCreate--configurationList-0-img\"]"}
RESULT: {}
RESULT: {"using":"xpath","value":"//*[@id=\"__button34-application-manageclassifications-display-component---classificationCreate--configurationList-0-img\"]"}
COMMAND: POST /session/fa0fa588b59cd70394c35387be1492a3/element/f.E45B0C2907A9CCBDD1B779A362D73609.d.71FC7566654E0C10C5F884D027C96FAF.e.7319/click - {}
RESULT: {}
COMMAND: POST /session/fa0fa588b59cd70394c35387be1492a3/element - {"using":"xpath","value":"//button[@title=\"Add additional value\"]"}
COMMAND: GET /session/fa0fa588b59cd70394c35387be1492a3/screenshot - {}
RESULT: {"using":"xpath","value":"//button[@title=\"Add additional value\"]"}
COMMAND: POST /session/fa0fa588b59cd70394c35387be1492a3/element/f.E45B0C2907A9CCBDD1B779A362D73609.d.71FC7566654E0C10C5F884D027C96FAF.e.7320/click - {}
RESULT: {}
RESULT: {}
COMMAND: POST /session/fa0fa588b59cd70394c35387be1492a3/execute/async - {"script":"<script> [1562 bytes]","args":[{"selector":{"controlType":"sap.m.Input","viewName":"etm.portal.ui.manageclassifications.view.Create","viewId":"application-manageclassifications-display-component---classificationCreate","bindingPath":{"path":"/VALUES/0","propertyPath":"VALUE","modelName":"dropdownValuesModel"},"searchOpenDialogs":true,"interaction":{"idSuffix":"inner"}},"wdio_ui5_key":"etmportal.ui.manageclassifications.view.Createsap.m.Input{\"path\":\"/VALUES/0\",\"propertyPath\":\"VALUE\",\"modelName\":\"dropdownValuesModel\"}"}]}
COMMAND: GET /session/fa0fa588b59cd70394c35387be1492a3/screenshot - {}
RESULT: {"script":"<script> [1562 bytes]","args":[{"selector":{"controlType":"sap.m.Input","viewName":"etm.portal.ui.manageclassifications.view.Create","viewId":"application-manageclassifications-display-component---classificationCreate","bindingPath":{"path":"/VALUES/0","propertyPath":"VALUE","modelName":"dropdownValuesModel"},"searchOpenDialogs":true,"interaction":{"idSuffix":"inner"}},"wdio_ui5_key":"etmportal.ui.manageclassifications.view.Createsap.m.Input{\"path\":\"/VALUES/0\",\"propertyPath\":\"VALUE\",\"modelName\":\"dropdownValuesModel\"}"}]}
RESULT: undefined
COMMAND: POST /session/fa0fa588b59cd70394c35387be1492a3/execute/async - {"script":"<script> [776 bytes]","args":[{"enterText":"1","selector":{"controlType":"sap.m.Input","viewName":"etm.portal.ui.manageclassifications.view.Create","viewId":"application-manageclassifications-display-component---classificationCreate","bindingPath":{"path":"/VALUES/0","propertyPath":"VALUE","modelName":"dropdownValuesModel"},"searchOpenDialogs":true,"interaction":{"idSuffix":"inner"}},"clearTextFirst":true,"interactionType":"ENTER_TEXT"}]}
RESULT: {}
RESULT: {"script":"<script> [776 bytes]","args":[{"enterText":"1","selector":{"controlType":"sap.m.Input","viewName":"etm.portal.ui.manageclassifications.view.Create","viewId":"application-manageclassifications-display-component---classificationCreate","bindingPath":{"path":"/VALUES/0","propertyPath":"VALUE","modelName":"dropdownValuesModel"},"searchOpenDialogs":true,"interaction":{"idSuffix":"inner"}},"clearTextFirst":true,"interactionType":"ENTER_TEXT"}]}
COMMAND: POST /session/fa0fa588b59cd70394c35387be1492a3/execute/async - {"script":"<script> [1562 bytes]","args":[{"selector":{"controlType":"sap.m.Input","viewName":"etm.portal.ui.manageclassifications.view.Create","viewId":"application-manageclassifications-display-component---classificationCreate","bindingPath":{"path":"/VALUES/0","propertyPath":"TEXT","modelName":"dropdownValuesModel"},"searchOpenDialogs":true,"interaction":{"idSuffix":"inner"}},"wdio_ui5_key":"etmportal.ui.manageclassifications.view.Createsap.m.Input{\"path\":\"/VALUES/0\",\"propertyPath\":\"TEXT\",\"modelName\":\"dropdownValuesModel\"}"}]}
RESULT: {"script":"<script> [1562 bytes]","args":[{"selector":{"controlType":"sap.m.Input","viewName":"etm.portal.ui.manageclassifications.view.Create","viewId":"application-manageclassifications-display-component---classificationCreate","bindingPath":{"path":"/VALUES/0","propertyPath":"TEXT","modelName":"dropdownValuesModel"},"searchOpenDialogs":true,"interaction":{"idSuffix":"inner"}},"wdio_ui5_key":"etmportal.ui.manageclassifications.view.Createsap.m.Input{\"path\":\"/VALUES/0\",\"propertyPath\":\"TEXT\",\"modelName\":\"dropdownValuesModel\"}"}]}
RESULT: undefined
COMMAND: POST /session/fa0fa588b59cd70394c35387be1492a3/execute/async - {"script":"<script> [776 bytes]","args":[{"enterText":"blue","selector":{"controlType":"sap.m.Input","viewName":"etm.portal.ui.manageclassifications.view.Create","viewId":"application-manageclassifications-display-component---classificationCreate","bindingPath":{"path":"/VALUES/0","propertyPath":"TEXT","modelName":"dropdownValuesModel"},"searchOpenDialogs":true,"interaction":{"idSuffix":"inner"}},"clearTextFirst":true,"interactionType":"ENTER_TEXT"}]}
RESULT: {"script":"<script> [776 bytes]","args":[{"enterText":"blue","selector":{"controlType":"sap.m.Input","viewName":"etm.portal.ui.manageclassifications.view.Create","viewId":"application-manageclassifications-display-component---classificationCreate","bindingPath":{"path":"/VALUES/0","propertyPath":"TEXT","modelName":"dropdownValuesModel"},"searchOpenDialogs":true,"interaction":{"idSuffix":"inner"}},"clearTextFirst":true,"interactionType":"ENTER_TEXT"}]}
COMMAND: POST /session/fa0fa588b59cd70394c35387be1492a3/element - {"using":"xpath","value":"//button[@title=\"Add additional value\"]"}
RESULT: {"using":"xpath","value":"//button[@title=\"Add additional value\"]"}
COMMAND: POST /session/fa0fa588b59cd70394c35387be1492a3/element/f.E45B0C2907A9CCBDD1B779A362D73609.d.71FC7566654E0C10C5F884D027C96FAF.e.7320/click - {}
RESULT: {}
COMMAND: POST /session/fa0fa588b59cd70394c35387be1492a3/execute/async - {"script":"<script> [1562 bytes]","args":[{"selector":{"controlType":"sap.m.Input","viewName":"etm.portal.ui.manageclassifications.view.Create","viewId":"application-manageclassifications-display-component---classificationCreate","bindingPath":{"path":"/VALUES/1","propertyPath":"VALUE","modelName":"dropdownValuesModel"},"searchOpenDialogs":true,"interaction":{"idSuffix":"inner"}},"wdio_ui5_key":"etmportal.ui.manageclassifications.view.Createsap.m.Input{\"path\":\"/VALUES/1\",\"propertyPath\":\"VALUE\",\"modelName\":\"dropdownValuesModel\"}"}]}
COMMAND: GET /session/fa0fa588b59cd70394c35387be1492a3/screenshot - {}
RESULT: {"script":"<script> [1562 bytes]","args":[{"selector":{"controlType":"sap.m.Input","viewName":"etm.portal.ui.manageclassifications.view.Create","viewId":"application-manageclassifications-display-component---classificationCreate","bindingPath":{"path":"/VALUES/1","propertyPath":"VALUE","modelName":"dropdownValuesModel"},"searchOpenDialogs":true,"interaction":{"idSuffix":"inner"}},"wdio_ui5_key":"etmportal.ui.manageclassifications.view.Createsap.m.Input{\"path\":\"/VALUES/1\",\"propertyPath\":\"VALUE\",\"modelName\":\"dropdownValuesModel\"}"}]}
RESULT: undefined
COMMAND: POST /session/fa0fa588b59cd70394c35387be1492a3/execute/async - {"script":"<script> [776 bytes]","args":[{"enterText":"2","selector":{"controlType":"sap.m.Input","viewName":"etm.portal.ui.manageclassifications.view.Create","viewId":"application-manageclassifications-display-component---classificationCreate","bindingPath":{"path":"/VALUES/1","propertyPath":"VALUE","modelName":"dropdownValuesModel"},"searchOpenDialogs":true,"interaction":{"idSuffix":"inner"}},"clearTextFirst":true,"interactionType":"ENTER_TEXT"}]}
RESULT: {}
RESULT: {"script":"<script> [776 bytes]","args":[{"enterText":"2","selector":{"controlType":"sap.m.Input","viewName":"etm.portal.ui.manageclassifications.view.Create","viewId":"application-manageclassifications-display-component---classificationCreate","bindingPath":{"path":"/VALUES/1","propertyPath":"VALUE","modelName":"dropdownValuesModel"},"searchOpenDialogs":true,"interaction":{"idSuffix":"inner"}},"clearTextFirst":true,"interactionType":"ENTER_TEXT"}]}
COMMAND: POST /session/fa0fa588b59cd70394c35387be1492a3/execute/async - {"script":"<script> [1562 bytes]","args":[{"selector":{"controlType":"sap.m.Input","viewName":"etm.portal.ui.manageclassifications.view.Create","viewId":"application-manageclassifications-display-component---classificationCreate","bindingPath":{"path":"/VALUES/1","propertyPath":"TEXT","modelName":"dropdownValuesModel"},"searchOpenDialogs":true,"interaction":{"idSuffix":"inner"}},"wdio_ui5_key":"etmportal.ui.manageclassifications.view.Createsap.m.Input{\"path\":\"/VALUES/1\",\"propertyPath\":\"TEXT\",\"modelName\":\"dropdownValuesModel\"}"}]}
RESULT: {"script":"<script> [1562 bytes]","args":[{"selector":{"controlType":"sap.m.Input","viewName":"etm.portal.ui.manageclassifications.view.Create","viewId":"application-manageclassifications-display-component---classificationCreate","bindingPath":{"path":"/VALUES/1","propertyPath":"TEXT","modelName":"dropdownValuesModel"},"searchOpenDialogs":true,"interaction":{"idSuffix":"inner"}},"wdio_ui5_key":"etmportal.ui.manageclassifications.view.Createsap.m.Input{\"path\":\"/VALUES/1\",\"propertyPath\":\"TEXT\",\"modelName\":\"dropdownValuesModel\"}"}]}
RESULT: undefined
COMMAND: POST /session/fa0fa588b59cd70394c35387be1492a3/execute/async - {"script":"<script> [776 bytes]","args":[{"enterText":"red","selector":{"controlType":"sap.m.Input","viewName":"etm.portal.ui.manageclassifications.view.Create","viewId":"application-manageclassifications-display-component---classificationCreate","bindingPath":{"path":"/VALUES/1","propertyPath":"TEXT","modelName":"dropdownValuesModel"},"searchOpenDialogs":true,"interaction":{"idSuffix":"inner"}},"clearTextFirst":true,"interactionType":"ENTER_TEXT"}]}
RESULT: {"script":"<script> [776 bytes]","args":[{"enterText":"red","selector":{"controlType":"sap.m.Input","viewName":"etm.portal.ui.manageclassifications.view.Create","viewId":"application-manageclassifications-display-component---classificationCreate","bindingPath":{"path":"/VALUES/1","propertyPath":"TEXT","modelName":"dropdownValuesModel"},"searchOpenDialogs":true,"interaction":{"idSuffix":"inner"}},"clearTextFirst":true,"interactionType":"ENTER_TEXT"}]}
COMMAND: POST /session/fa0fa588b59cd70394c35387be1492a3/execute/async - {"script":"<script> [1562 bytes]","args":[{"selector":{"controlType":"sap.m.Button","viewName":"etm.portal.ui.manageclassifications.view.Create","viewId":"application-manageclassifications-display-component---classificationCreate","i18NText":{"propertyName":"text","key":"save"},"searchOpenDialogs":true,"interaction":{"idSuffix":"BDI-content"}},"wdio_ui5_key":"etmportal.ui.manageclassifications.view.Createsap.m.Button{\"propertyName\":\"text\",\"key\":\"save\"}"}]}
RESULT: {"script":"<script> [1562 bytes]","args":[{"selector":{"controlType":"sap.m.Button","viewName":"etm.portal.ui.manageclassifications.view.Create","viewId":"application-manageclassifications-display-component---classificationCreate","i18NText":{"propertyName":"text","key":"save"},"searchOpenDialogs":true,"interaction":{"idSuffix":"BDI-content"}},"wdio_ui5_key":"etmportal.ui.manageclassifications.view.Createsap.m.Button{\"propertyName\":\"text\",\"key\":\"save\"}"}]}
RESULT: undefined
COMMAND: POST /session/fa0fa588b59cd70394c35387be1492a3/element - {"using":"xpath","value":"//*[@id=\"__button44\"]"}
RESULT: {"using":"xpath","value":"//*[@id=\"__button44\"]"}
COMMAND: POST /session/fa0fa588b59cd70394c35387be1492a3/element/f.E45B0C2907A9CCBDD1B779A362D73609.d.71FC7566654E0C10C5F884D027C96FAF.e.7340/click - {}
RESULT: {}
COMMAND: GET /session/fa0fa588b59cd70394c35387be1492a3/screenshot - {}
RESULT: {}
COMMAND: POST /session/fa0fa588b59cd70394c35387be1492a3/element - {"using":"xpath","value":"//button[@title=\"Save\"]"}
RESULT: {"using":"xpath","value":"//button[@title=\"Save\"]"}
COMMAND: POST /session/fa0fa588b59cd70394c35387be1492a3/element/f.E45B0C2907A9CCBDD1B779A362D73609.d.71FC7566654E0C10C5F884D027C96FAF.e.7283/click - {}
RESULT: {}
COMMAND: GET /session/fa0fa588b59cd70394c35387be1492a3/screenshot - {}
RESULT: {}
COMMAND: POST /session/fa0fa588b59cd70394c35387be1492a3/execute/async - {"script":"<script> [1562 bytes]","args":[{"selector":{"id":"application-manageclassifications-display-component---classificationMaster--smartFilterBar-btnBasicSearch","interaction":{"idSuffix":"I"}},"wdio_ui5_key":"applicationmanageclassifications-display-component---classificationMaster--smartFilterBar-btnBasicSearch"}]}
RESULT: {"script":"<script> [1562 bytes]","args":[{"selector":{"id":"application-manageclassifications-display-component---classificationMaster--smartFilterBar-btnBasicSearch","interaction":{"idSuffix":"I"}},"wdio_ui5_key":"applicationmanageclassifications-display-component---classificationMaster--smartFilterBar-btnBasicSearch"}]}
RESULT: undefined
COMMAND: POST /session/fa0fa588b59cd70394c35387be1492a3/execute/async - {"script":"<script> [776 bytes]","args":[{"enterText":"WebdriverItemClasse84yo","selector":{"id":"application-manageclassifications-display-component---classificationMaster--smartFilterBar-btnBasicSearch","interaction":{"idSuffix":"I"}},"clearTextFirst":true,"interactionType":"ENTER_TEXT"}]}
RESULT: {"script":"<script> [776 bytes]","args":[{"enterText":"WebdriverItemClasse84yo","selector":{"id":"application-manageclassifications-display-component---classificationMaster--smartFilterBar-btnBasicSearch","interaction":{"idSuffix":"I"}},"clearTextFirst":true,"interactionType":"ENTER_TEXT"}]}
COMMAND: POST /session/fa0fa588b59cd70394c35387be1492a3/actions - {"actions":[{"id":"action47","type":"key","parameters":{},"actions":[{"type":"keyDown","value":""},{"type":"pause","duration":10},{"type":"keyUp","value":""}]}]}
RESULT: {"actions":[{"id":"action47","type":"key","parameters":{},"actions":[{"type":"keyDown","value":""},{"type":"pause","duration":10},{"type":"keyUp","value":""}]}]}
COMMAND: POST /session/fa0fa588b59cd70394c35387be1492a3/execute/async - {"script":"<script> [1562 bytes]","args":[{"selector":{"id":"application-manageclassifications-display-component---classificationMaster--smartTable-header"},"wdio_ui5_key":"applicationmanageclassifications-display-component---classificationMaster--smartTable-header"}]}
COMMAND: GET /session/fa0fa588b59cd70394c35387be1492a3/screenshot - {}
RESULT: {"script":"<script> [1562 bytes]","args":[{"selector":{"id":"application-manageclassifications-display-component---classificationMaster--smartTable-header"},"wdio_ui5_key":"applicationmanageclassifications-display-component---classificationMaster--smartTable-header"}]}
RESULT: undefined
COMMAND: POST /session/fa0fa588b59cd70394c35387be1492a3/execute/async - {"script":"<script> [6424 bytes]","args":[{"element-6066-11e4-a52e-4f735466cecf":"f.E45B0C2907A9CCBDD1B779A362D73609.d.71FC7566654E0C10C5F884D027C96FAF.e.7516"},"getText",[]]}
RESULT: {}
RESULT: {"script":"<script> [6424 bytes]","args":[{"element-6066-11e4-a52e-4f735466cecf":"f.E45B0C2907A9CCBDD1B779A362D73609.d.71FC7566654E0C10C5F884D027C96FAF.e.7516"},"getText",[]]}
COMMAND: POST /session/fa0fa588b59cd70394c35387be1492a3/element - {"using":"css selector","value":"#shell-header-logo"}
RESULT: {"using":"css selector","value":"#shell-header-logo"}
COMMAND: POST /session/fa0fa588b59cd70394c35387be1492a3/element/f.E45B0C2907A9CCBDD1B779A362D73609.d.71FC7566654E0C10C5F884D027C96FAF.e.6826/click - {}
RESULT: {}
COMMAND: GET /session/fa0fa588b59cd70394c35387be1492a3/screenshot - {}
RESULT: {}
]]></system-out>
    </testcase>
    <testcase classname="chrome.136_0_7103_93.windows.Manage_requests_-_requests_specifications_US141095" name="Should create a new section and a catalog item" time="138.871">
      <system-out><![CDATA[
COMMAND: POST /session/fa0fa588b59cd70394c35387be1492a3/execute/async - {"script":"<script> [1562 bytes]","args":[{"selector":{"controlType":"sap.m.GenericTile","properties":{"header":"Manage Catalogs"}},"wdio_ui5_key":"sapm.GenericTile{\"header\":\"Manage Catalogs\"}"}]}
RESULT: {"script":"<script> [1562 bytes]","args":[{"selector":{"controlType":"sap.m.GenericTile","properties":{"header":"Manage Catalogs"}},"wdio_ui5_key":"sapm.GenericTile{\"header\":\"Manage Catalogs\"}"}]}
RESULT: undefined
COMMAND: POST /session/fa0fa588b59cd70394c35387be1492a3/element - {"using":"xpath","value":"//*[@id=\"__tile37\"]"}
RESULT: {"using":"xpath","value":"//*[@id=\"__tile37\"]"}
COMMAND: POST /session/fa0fa588b59cd70394c35387be1492a3/element/f.E45B0C2907A9CCBDD1B779A362D73609.d.71FC7566654E0C10C5F884D027C96FAF.e.7521/click - {}
RESULT: {}
COMMAND: GET /session/fa0fa588b59cd70394c35387be1492a3/screenshot - {}
RESULT: {}
COMMAND: POST /session/fa0fa588b59cd70394c35387be1492a3/elements - {"using":"xpath","value":"//span[text()='Error']"}
RESULT: {"using":"xpath","value":"//span[text()='Error']"}
COMMAND: POST /session/fa0fa588b59cd70394c35387be1492a3/execute/async - {"script":"<script> [1562 bytes]","args":[{"selector":{"controlType":"sap.m.Text","viewName":"etm.portal.ui.managecatalogs.view.MasterCatalogs","viewId":"application-managecatalogs-display-component---masterCatalogs","bindingPath":{"path":"/Catalogs('0D7502D073D53A0F1700BE067B89AFF9')","propertyPath":"DESCRIPTION","modelName":"catalogModel"}},"wdio_ui5_key":"etmportal.ui.managecatalogs.view.MasterCatalogssap.m.Text{\"path\":\"/Catalogs('0D7502D073D53A0F1700BE067B89AFF9')\",\"propertyPath\":\"DESCRIPTION\",\"modelName\":\"catalogModel\"}"}]}
RESULT: {"script":"<script> [1562 bytes]","args":[{"selector":{"controlType":"sap.m.Text","viewName":"etm.portal.ui.managecatalogs.view.MasterCatalogs","viewId":"application-managecatalogs-display-component---masterCatalogs","bindingPath":{"path":"/Catalogs('0D7502D073D53A0F1700BE067B89AFF9')","propertyPath":"DESCRIPTION","modelName":"catalogModel"}},"wdio_ui5_key":"etmportal.ui.managecatalogs.view.MasterCatalogssap.m.Text{\"path\":\"/Catalogs('0D7502D073D53A0F1700BE067B89AFF9')\",\"propertyPath\":\"DESCRIPTION\",\"modelName\":\"catalogModel\"}"}]}
RESULT: undefined
COMMAND: POST /session/fa0fa588b59cd70394c35387be1492a3/element - {"using":"xpath","value":"//*[@id=\"__text434-application-managecatalogs-display-component---masterCatalogs--CatalogsTable-11\"]"}
RESULT: {"using":"xpath","value":"//*[@id=\"__text434-application-managecatalogs-display-component---masterCatalogs--CatalogsTable-11\"]"}
COMMAND: POST /session/fa0fa588b59cd70394c35387be1492a3/element/f.E45B0C2907A9CCBDD1B779A362D73609.d.71FC7566654E0C10C5F884D027C96FAF.e.7592/click - {}
RESULT: {}
COMMAND: POST /session/fa0fa588b59cd70394c35387be1492a3/execute/async - {"script":"<script> [1562 bytes]","args":[{"selector":{"controlType":"sap.ui.layout.HorizontalLayout","viewName":"etm.portal.ui.managecatalogs.view.MasterItems","viewId":"application-managecatalogs-display-component---masterCatalogItems","ancestor":{"id":"application-managecatalogs-display-component---masterCatalogItems--idCatalogItemsTree-rows-row0"}},"wdio_ui5_key":"etmportal.ui.managecatalogs.view.MasterItemssap.ui.layout.HorizontalLayout{\"id\":\"application-managecatalogs-display-component---masterCatalogItems--idCatalogItemsTree-rows-row0\"}"}]}
COMMAND: GET /session/fa0fa588b59cd70394c35387be1492a3/screenshot - {}
RESULT: {"script":"<script> [1562 bytes]","args":[{"selector":{"controlType":"sap.ui.layout.HorizontalLayout","viewName":"etm.portal.ui.managecatalogs.view.MasterItems","viewId":"application-managecatalogs-display-component---masterCatalogItems","ancestor":{"id":"application-managecatalogs-display-component---masterCatalogItems--idCatalogItemsTree-rows-row0"}},"wdio_ui5_key":"etmportal.ui.managecatalogs.view.MasterItemssap.ui.layout.HorizontalLayout{\"id\":\"application-managecatalogs-display-component---masterCatalogItems--idCatalogItemsTree-rows-row0\"}"}]}
RESULT: undefined
COMMAND: POST /session/fa0fa588b59cd70394c35387be1492a3/element - {"using":"xpath","value":"//*[@id=\"__layout40-__clone410\"]"}
RESULT: {}
RESULT: {"using":"xpath","value":"//*[@id=\"__layout40-__clone410\"]"}
COMMAND: POST /session/fa0fa588b59cd70394c35387be1492a3/element/f.E45B0C2907A9CCBDD1B779A362D73609.d.71FC7566654E0C10C5F884D027C96FAF.e.7626/click - {}
RESULT: {}
COMMAND: GET /session/fa0fa588b59cd70394c35387be1492a3/screenshot - {}
RESULT: {}
COMMAND: POST /session/fa0fa588b59cd70394c35387be1492a3/execute/async - {"script":"<script> [1562 bytes]","args":[{"selector":{"controlType":"sap.m.Button","viewName":"etm.portal.ui.managecatalogs.view.Detail","viewId":"application-managecatalogs-display-component---detailCatalog","i18NText":{"propertyName":"text","key":"edit"},"interaction":{"idSuffix":"BDI-content"}},"wdio_ui5_key":"etmportal.ui.managecatalogs.view.Detailsap.m.Button{\"propertyName\":\"text\",\"key\":\"edit\"}"}]}
RESULT: {"script":"<script> [1562 bytes]","args":[{"selector":{"controlType":"sap.m.Button","viewName":"etm.portal.ui.managecatalogs.view.Detail","viewId":"application-managecatalogs-display-component---detailCatalog","i18NText":{"propertyName":"text","key":"edit"},"interaction":{"idSuffix":"BDI-content"}},"wdio_ui5_key":"etmportal.ui.managecatalogs.view.Detailsap.m.Button{\"propertyName\":\"text\",\"key\":\"edit\"}"}]}
RESULT: undefined
COMMAND: POST /session/fa0fa588b59cd70394c35387be1492a3/element - {"using":"xpath","value":"//*[@id=\"__button88\"]"}
RESULT: {"using":"xpath","value":"//*[@id=\"__button88\"]"}
COMMAND: POST /session/fa0fa588b59cd70394c35387be1492a3/element/f.E45B0C2907A9CCBDD1B779A362D73609.d.71FC7566654E0C10C5F884D027C96FAF.e.7744/click - {}
RESULT: {}
COMMAND: GET /session/fa0fa588b59cd70394c35387be1492a3/screenshot - {}
RESULT: {}
COMMAND: POST /session/fa0fa588b59cd70394c35387be1492a3/element - {"using":"xpath","value":"//bdi[contains(text(), \"Unlock\")]"}
RESULT: {"using":"xpath","value":"//bdi[contains(text(), \"Unlock\")]"}
COMMAND: POST /session/fa0fa588b59cd70394c35387be1492a3/elements - {"using":"xpath","value":"//bdi[contains(text(), \"Unlock\")]"}
RESULT: {"using":"xpath","value":"//bdi[contains(text(), \"Unlock\")]"}
COMMAND: POST /session/fa0fa588b59cd70394c35387be1492a3/execute/async - {"script":"<script> [1562 bytes]","args":[{"selector":{"controlType":"sap.ui.core.Icon","viewName":"etm.portal.ui.managecatalogs.view.Detail","viewId":"application-managecatalogs-display-component---detailCatalog","properties":{"src":{"regex":{"source":"add\\-folder"}}}},"wdio_ui5_key":"etmportal.ui.managecatalogs.view.Detailsap.ui.core.Icon{\"src\":{\"regex\":{\"source\":\"add\\\\-folder\"}}}"}]}
RESULT: {"script":"<script> [1562 bytes]","args":[{"selector":{"controlType":"sap.ui.core.Icon","viewName":"etm.portal.ui.managecatalogs.view.Detail","viewId":"application-managecatalogs-display-component---detailCatalog","properties":{"src":{"regex":{"source":"add\\-folder"}}}},"wdio_ui5_key":"etmportal.ui.managecatalogs.view.Detailsap.ui.core.Icon{\"src\":{\"regex\":{\"source\":\"add\\\\-folder\"}}}"}]}
RESULT: undefined
COMMAND: POST /session/fa0fa588b59cd70394c35387be1492a3/element - {"using":"xpath","value":"//*[@id=\"__button96-img\"]"}
RESULT: {"using":"xpath","value":"//*[@id=\"__button96-img\"]"}
COMMAND: POST /session/fa0fa588b59cd70394c35387be1492a3/element/f.E45B0C2907A9CCBDD1B779A362D73609.d.71FC7566654E0C10C5F884D027C96FAF.e.7752/click - {}
RESULT: {}
COMMAND: GET /session/fa0fa588b59cd70394c35387be1492a3/screenshot - {}
RESULT: {}
COMMAND: POST /session/fa0fa588b59cd70394c35387be1492a3/execute/async - {"script":"<script> [1562 bytes]","args":[{"selector":{"id":"application-managecatalogs-display-component---detailCatalog--numberInput","searchOpenDialogs":true,"interaction":{"idSuffix":"inner"}},"wdio_ui5_key":"applicationmanagecatalogs-display-component---detailCatalog--numberInput"}]}
RESULT: {"script":"<script> [1562 bytes]","args":[{"selector":{"id":"application-managecatalogs-display-component---detailCatalog--numberInput","searchOpenDialogs":true,"interaction":{"idSuffix":"inner"}},"wdio_ui5_key":"applicationmanagecatalogs-display-component---detailCatalog--numberInput"}]}
RESULT: undefined
COMMAND: POST /session/fa0fa588b59cd70394c35387be1492a3/execute/async - {"script":"<script> [776 bytes]","args":[{"enterText":"Section4wlz2","selector":{"id":"application-managecatalogs-display-component---detailCatalog--numberInput","searchOpenDialogs":true,"interaction":{"idSuffix":"inner"}},"clearTextFirst":true,"interactionType":"ENTER_TEXT"}]}
RESULT: {"script":"<script> [776 bytes]","args":[{"enterText":"Section4wlz2","selector":{"id":"application-managecatalogs-display-component---detailCatalog--numberInput","searchOpenDialogs":true,"interaction":{"idSuffix":"inner"}},"clearTextFirst":true,"interactionType":"ENTER_TEXT"}]}
COMMAND: POST /session/fa0fa588b59cd70394c35387be1492a3/element - {"using":"css selector","value":"#application-managecatalogs-display-component---detailCatalog--nameInput-inner"}
RESULT: {"using":"css selector","value":"#application-managecatalogs-display-component---detailCatalog--nameInput-inner"}
COMMAND: POST /session/fa0fa588b59cd70394c35387be1492a3/elements - {"using":"css selector","value":"#application-managecatalogs-display-component---detailCatalog--nameInput-inner"}
RESULT: {"using":"css selector","value":"#application-managecatalogs-display-component---detailCatalog--nameInput-inner"}
COMMAND: POST /session/fa0fa588b59cd70394c35387be1492a3/element/f.E45B0C2907A9CCBDD1B779A362D73609.d.71FC7566654E0C10C5F884D027C96FAF.e.7756/clear - {}
RESULT: {}
COMMAND: POST /session/fa0fa588b59cd70394c35387be1492a3/element/f.E45B0C2907A9CCBDD1B779A362D73609.d.71FC7566654E0C10C5F884D027C96FAF.e.7756/value - {"text":"Webdriverv5gkm"}
COMMAND: GET /session/fa0fa588b59cd70394c35387be1492a3/screenshot - {}
RESULT: {"text":"Webdriverv5gkm"}
COMMAND: POST /session/fa0fa588b59cd70394c35387be1492a3/execute/async - {"script":"<script> [1562 bytes]","args":[{"selector":{"controlType":"sap.m.Button","viewName":"etm.portal.ui.managecatalogs.view.Detail","viewId":"application-managecatalogs-display-component---detailCatalog","i18NText":{"propertyName":"text","key":"create"},"searchOpenDialogs":true,"interaction":{"idSuffix":"BDI-content"}},"wdio_ui5_key":"etmportal.ui.managecatalogs.view.Detailsap.m.Button{\"propertyName\":\"text\",\"key\":\"create\"}"}]}
COMMAND: GET /session/fa0fa588b59cd70394c35387be1492a3/screenshot - {}
RESULT: {}
RESULT: {"script":"<script> [1562 bytes]","args":[{"selector":{"controlType":"sap.m.Button","viewName":"etm.portal.ui.managecatalogs.view.Detail","viewId":"application-managecatalogs-display-component---detailCatalog","i18NText":{"propertyName":"text","key":"create"},"searchOpenDialogs":true,"interaction":{"idSuffix":"BDI-content"}},"wdio_ui5_key":"etmportal.ui.managecatalogs.view.Detailsap.m.Button{\"propertyName\":\"text\",\"key\":\"create\"}"}]}
RESULT: undefined
COMMAND: POST /session/fa0fa588b59cd70394c35387be1492a3/element - {"using":"xpath","value":"//*[@id=\"__button66\"]"}
RESULT: {}
RESULT: {"using":"xpath","value":"//*[@id=\"__button66\"]"}
COMMAND: POST /session/fa0fa588b59cd70394c35387be1492a3/element/f.E45B0C2907A9CCBDD1B779A362D73609.d.71FC7566654E0C10C5F884D027C96FAF.e.7760/click - {}
RESULT: {}
COMMAND: GET /session/fa0fa588b59cd70394c35387be1492a3/screenshot - {}
RESULT: {}
COMMAND: POST /session/fa0fa588b59cd70394c35387be1492a3/element - {"using":"xpath","value":"//button[@title=\"Save\"]"}
RESULT: {"using":"xpath","value":"//button[@title=\"Save\"]"}
COMMAND: POST /session/fa0fa588b59cd70394c35387be1492a3/element/f.E45B0C2907A9CCBDD1B779A362D73609.d.71FC7566654E0C10C5F884D027C96FAF.e.7762/click - {}
RESULT: {}
COMMAND: POST /session/fa0fa588b59cd70394c35387be1492a3/execute/async - {"script":"<script> [1562 bytes]","args":[{"selector":{"controlType":"sap.ui.core.Icon","viewName":"etm.portal.ui.managecatalogs.view.Detail","viewId":"application-managecatalogs-display-component---detailCatalog","properties":{"src":{"regex":{"source":"decline"}}}},"wdio_ui5_key":"etmportal.ui.managecatalogs.view.Detailsap.ui.core.Icon{\"src\":{\"regex\":{\"source\":\"decline\"}}}"}]}
COMMAND: GET /session/fa0fa588b59cd70394c35387be1492a3/screenshot - {}
RESULT: {"script":"<script> [1562 bytes]","args":[{"selector":{"controlType":"sap.ui.core.Icon","viewName":"etm.portal.ui.managecatalogs.view.Detail","viewId":"application-managecatalogs-display-component---detailCatalog","properties":{"src":{"regex":{"source":"decline"}}}},"wdio_ui5_key":"etmportal.ui.managecatalogs.view.Detailsap.ui.core.Icon{\"src\":{\"regex\":{\"source\":\"decline\"}}}"}]}
RESULT: undefined
COMMAND: POST /session/fa0fa588b59cd70394c35387be1492a3/element - {"using":"xpath","value":"//*[@id=\"__button91-img\"]"}
RESULT: {}
RESULT: {"using":"xpath","value":"//*[@id=\"__button91-img\"]"}
COMMAND: POST /session/fa0fa588b59cd70394c35387be1492a3/element/f.E45B0C2907A9CCBDD1B779A362D73609.d.71FC7566654E0C10C5F884D027C96FAF.e.7768/click - {}
RESULT: {}
COMMAND: GET /session/fa0fa588b59cd70394c35387be1492a3/screenshot - {}
RESULT: {}
COMMAND: POST /session/fa0fa588b59cd70394c35387be1492a3/execute/async - {"script":"<script> [1562 bytes]","args":[{"selector":{"controlType":"sap.ui.core.Icon","viewName":"etm.portal.ui.managecatalogs.view.MasterItems","viewId":"application-managecatalogs-display-component---masterCatalogItems","properties":{"src":{"regex":{"source":"refresh"}}}},"wdio_ui5_key":"etmportal.ui.managecatalogs.view.MasterItemssap.ui.core.Icon{\"src\":{\"regex\":{\"source\":\"refresh\"}}}"}]}
RESULT: {"script":"<script> [1562 bytes]","args":[{"selector":{"controlType":"sap.ui.core.Icon","viewName":"etm.portal.ui.managecatalogs.view.MasterItems","viewId":"application-managecatalogs-display-component---masterCatalogItems","properties":{"src":{"regex":{"source":"refresh"}}}},"wdio_ui5_key":"etmportal.ui.managecatalogs.view.MasterItemssap.ui.core.Icon{\"src\":{\"regex\":{\"source\":\"refresh\"}}}"}]}
RESULT: undefined
COMMAND: POST /session/fa0fa588b59cd70394c35387be1492a3/element - {"using":"xpath","value":"//*[@id=\"__button64-img\"]"}
RESULT: {"using":"xpath","value":"//*[@id=\"__button64-img\"]"}
COMMAND: POST /session/fa0fa588b59cd70394c35387be1492a3/element/f.E45B0C2907A9CCBDD1B779A362D73609.d.71FC7566654E0C10C5F884D027C96FAF.e.7804/click - {}
RESULT: {}
COMMAND: POST /session/fa0fa588b59cd70394c35387be1492a3/execute/async - {"script":"<script> [1562 bytes]","args":[{"selector":{"id":"application-managecatalogs-display-component---masterCatalogItems--searchItemsField","interaction":{"idSuffix":"I"}},"wdio_ui5_key":"applicationmanagecatalogs-display-component---masterCatalogItems--searchItemsField"}]}
COMMAND: GET /session/fa0fa588b59cd70394c35387be1492a3/screenshot - {}
RESULT: {"script":"<script> [1562 bytes]","args":[{"selector":{"id":"application-managecatalogs-display-component---masterCatalogItems--searchItemsField","interaction":{"idSuffix":"I"}},"wdio_ui5_key":"applicationmanagecatalogs-display-component---masterCatalogItems--searchItemsField"}]}
RESULT: undefined
COMMAND: POST /session/fa0fa588b59cd70394c35387be1492a3/execute/async - {"script":"<script> [776 bytes]","args":[{"enterText":"Webdriverv5gkm","selector":{"id":"application-managecatalogs-display-component---masterCatalogItems--searchItemsField","interaction":{"idSuffix":"I"}},"clearTextFirst":true,"interactionType":"ENTER_TEXT"}]}
RESULT: {}
RESULT: {"script":"<script> [776 bytes]","args":[{"enterText":"Webdriverv5gkm","selector":{"id":"application-managecatalogs-display-component---masterCatalogItems--searchItemsField","interaction":{"idSuffix":"I"}},"clearTextFirst":true,"interactionType":"ENTER_TEXT"}]}
COMMAND: POST /session/fa0fa588b59cd70394c35387be1492a3/actions - {"actions":[{"id":"action48","type":"key","parameters":{},"actions":[{"type":"keyDown","value":""},{"type":"pause","duration":10},{"type":"keyUp","value":""}]}]}
RESULT: {"actions":[{"id":"action48","type":"key","parameters":{},"actions":[{"type":"keyDown","value":""},{"type":"pause","duration":10},{"type":"keyUp","value":""}]}]}
COMMAND: POST /session/fa0fa588b59cd70394c35387be1492a3/element - {"using":"xpath","value":"(//span[contains(text(), \"Webdriverv5gkm\")])[1]"}
COMMAND: GET /session/fa0fa588b59cd70394c35387be1492a3/screenshot - {}
RESULT: {"using":"xpath","value":"(//span[contains(text(), \"Webdriverv5gkm\")])[1]"}
COMMAND: POST /session/fa0fa588b59cd70394c35387be1492a3/element/f.E45B0C2907A9CCBDD1B779A362D73609.d.71FC7566654E0C10C5F884D027C96FAF.e.7807/click - {}
RESULT: {}
RESULT: {}
COMMAND: GET /session/fa0fa588b59cd70394c35387be1492a3/screenshot - {}
RESULT: {}
RESULT: undefined
COMMAND: POST /session/fa0fa588b59cd70394c35387be1492a3/element - {"using":"xpath","value":"//*[@id=\"__button88\"]"}
RESULT: {"using":"xpath","value":"//*[@id=\"__button88\"]"}
COMMAND: POST /session/fa0fa588b59cd70394c35387be1492a3/element/f.E45B0C2907A9CCBDD1B779A362D73609.d.71FC7566654E0C10C5F884D027C96FAF.e.7844/click - {}
RESULT: {}
COMMAND: GET /session/fa0fa588b59cd70394c35387be1492a3/screenshot - {}
RESULT: {}
RESULT: undefined
COMMAND: POST /session/fa0fa588b59cd70394c35387be1492a3/element - {"using":"xpath","value":"//*[@id=\"__button96-img\"]"}
RESULT: {"using":"xpath","value":"//*[@id=\"__button96-img\"]"}
COMMAND: POST /session/fa0fa588b59cd70394c35387be1492a3/element/f.E45B0C2907A9CCBDD1B779A362D73609.d.71FC7566654E0C10C5F884D027C96FAF.e.7892/click - {}
RESULT: {}
COMMAND: GET /session/fa0fa588b59cd70394c35387be1492a3/screenshot - {}
RESULT: {}
RESULT: undefined
COMMAND: POST /session/fa0fa588b59cd70394c35387be1492a3/execute/async - {"script":"<script> [776 bytes]","args":[{"enterText":"SecondSection4pf5z","selector":{"id":"application-managecatalogs-display-component---detailCatalog--numberInput","searchOpenDialogs":true,"interaction":{"idSuffix":"inner"}},"clearTextFirst":true,"interactionType":"ENTER_TEXT"}]}
RESULT: {"script":"<script> [776 bytes]","args":[{"enterText":"SecondSection4pf5z","selector":{"id":"application-managecatalogs-display-component---detailCatalog--numberInput","searchOpenDialogs":true,"interaction":{"idSuffix":"inner"}},"clearTextFirst":true,"interactionType":"ENTER_TEXT"}]}
COMMAND: POST /session/fa0fa588b59cd70394c35387be1492a3/element - {"using":"xpath","value":"//input[contains(@id ,\"application-managecatalogs-display-component---detailCatalog--nameInput-inner\")]"}
RESULT: {"using":"xpath","value":"//input[contains(@id ,\"application-managecatalogs-display-component---detailCatalog--nameInput-inner\")]"}
COMMAND: POST /session/fa0fa588b59cd70394c35387be1492a3/elements - {"using":"xpath","value":"//input[contains(@id ,\"application-managecatalogs-display-component---detailCatalog--nameInput-inner\")]"}
RESULT: {"using":"xpath","value":"//input[contains(@id ,\"application-managecatalogs-display-component---detailCatalog--nameInput-inner\")]"}
COMMAND: POST /session/fa0fa588b59cd70394c35387be1492a3/element/f.E45B0C2907A9CCBDD1B779A362D73609.d.71FC7566654E0C10C5F884D027C96FAF.e.7896/clear - {}
RESULT: {}
COMMAND: POST /session/fa0fa588b59cd70394c35387be1492a3/element/f.E45B0C2907A9CCBDD1B779A362D73609.d.71FC7566654E0C10C5F884D027C96FAF.e.7896/value - {"text":"webdriversecondobpn9"}
COMMAND: GET /session/fa0fa588b59cd70394c35387be1492a3/screenshot - {}
RESULT: {"text":"webdriversecondobpn9"}
RESULT: undefined
COMMAND: POST /session/fa0fa588b59cd70394c35387be1492a3/element - {"using":"xpath","value":"//*[@id=\"__button66\"]"}
COMMAND: GET /session/fa0fa588b59cd70394c35387be1492a3/screenshot - {}
RESULT: {}
RESULT: {"using":"xpath","value":"//*[@id=\"__button66\"]"}
COMMAND: POST /session/fa0fa588b59cd70394c35387be1492a3/element/f.E45B0C2907A9CCBDD1B779A362D73609.d.71FC7566654E0C10C5F884D027C96FAF.e.7900/click - {}
RESULT: {}
RESULT: {}
COMMAND: GET /session/fa0fa588b59cd70394c35387be1492a3/screenshot - {}
RESULT: {}
COMMAND: POST /session/fa0fa588b59cd70394c35387be1492a3/element - {"using":"xpath","value":"//button[@title=\"Save\"]"}
RESULT: {"using":"xpath","value":"//button[@title=\"Save\"]"}
COMMAND: POST /session/fa0fa588b59cd70394c35387be1492a3/element/f.E45B0C2907A9CCBDD1B779A362D73609.d.71FC7566654E0C10C5F884D027C96FAF.e.7878/click - {}
RESULT: {}
COMMAND: GET /session/fa0fa588b59cd70394c35387be1492a3/screenshot - {}
RESULT: {}
RESULT: undefined
COMMAND: POST /session/fa0fa588b59cd70394c35387be1492a3/element - {"using":"xpath","value":"//*[@id=\"__button91-img\"]"}
RESULT: {"using":"xpath","value":"//*[@id=\"__button91-img\"]"}
COMMAND: POST /session/fa0fa588b59cd70394c35387be1492a3/element/f.E45B0C2907A9CCBDD1B779A362D73609.d.71FC7566654E0C10C5F884D027C96FAF.e.7851/click - {}
RESULT: {}
COMMAND: GET /session/fa0fa588b59cd70394c35387be1492a3/screenshot - {}
RESULT: {}
RESULT: undefined
COMMAND: POST /session/fa0fa588b59cd70394c35387be1492a3/element - {"using":"xpath","value":"//*[@id=\"__button64-img\"]"}
RESULT: {"using":"xpath","value":"//*[@id=\"__button64-img\"]"}
COMMAND: POST /session/fa0fa588b59cd70394c35387be1492a3/element/f.E45B0C2907A9CCBDD1B779A362D73609.d.71FC7566654E0C10C5F884D027C96FAF.e.7940/click - {}
RESULT: {}
COMMAND: GET /session/fa0fa588b59cd70394c35387be1492a3/screenshot - {}
RESULT: {}
RESULT: undefined
COMMAND: POST /session/fa0fa588b59cd70394c35387be1492a3/execute/async - {"script":"<script> [776 bytes]","args":[{"enterText":"SecondSection4pf5z","selector":{"id":"application-managecatalogs-display-component---masterCatalogItems--searchItemsField","interaction":{"idSuffix":"I"}},"clearTextFirst":true,"interactionType":"ENTER_TEXT"}]}
RESULT: {"script":"<script> [776 bytes]","args":[{"enterText":"SecondSection4pf5z","selector":{"id":"application-managecatalogs-display-component---masterCatalogItems--searchItemsField","interaction":{"idSuffix":"I"}},"clearTextFirst":true,"interactionType":"ENTER_TEXT"}]}
COMMAND: POST /session/fa0fa588b59cd70394c35387be1492a3/actions - {"actions":[{"id":"action49","type":"key","parameters":{},"actions":[{"type":"keyDown","value":""},{"type":"pause","duration":10},{"type":"keyUp","value":""}]}]}
RESULT: {"actions":[{"id":"action49","type":"key","parameters":{},"actions":[{"type":"keyDown","value":""},{"type":"pause","duration":10},{"type":"keyUp","value":""}]}]}
COMMAND: POST /session/fa0fa588b59cd70394c35387be1492a3/element - {"using":"xpath","value":"(//span[contains(text(), \"SecondSection4pf5z\")])[1]"}
COMMAND: GET /session/fa0fa588b59cd70394c35387be1492a3/screenshot - {}
RESULT: {"using":"xpath","value":"(//span[contains(text(), \"SecondSection4pf5z\")])[1]"}
COMMAND: POST /session/fa0fa588b59cd70394c35387be1492a3/element/f.E45B0C2907A9CCBDD1B779A362D73609.d.71FC7566654E0C10C5F884D027C96FAF.e.7943/click - {}
RESULT: {}
RESULT: {}
COMMAND: POST /session/fa0fa588b59cd70394c35387be1492a3/element - {"using":"xpath","value":"(//span[contains(text(), \"SecondSection4pf5z\")])[1]"}
COMMAND: GET /session/fa0fa588b59cd70394c35387be1492a3/screenshot - {}
RESULT: {"using":"xpath","value":"(//span[contains(text(), \"SecondSection4pf5z\")])[1]"}
COMMAND: GET /session/fa0fa588b59cd70394c35387be1492a3/element/f.E45B0C2907A9CCBDD1B779A362D73609.d.71FC7566654E0C10C5F884D027C96FAF.e.7943/text - {}
RESULT: {}
COMMAND: POST /session/fa0fa588b59cd70394c35387be1492a3/element - {"using":"xpath","value":"(//span[contains(text(), \"SecondSection4pf5z\")])[1]"}
RESULT: {"using":"xpath","value":"(//span[contains(text(), \"SecondSection4pf5z\")])[1]"}
COMMAND: GET /session/fa0fa588b59cd70394c35387be1492a3/element/f.E45B0C2907A9CCBDD1B779A362D73609.d.71FC7566654E0C10C5F884D027C96FAF.e.7943/text - {}
COMMAND: POST /session/fa0fa588b59cd70394c35387be1492a3/element - {"using":"xpath","value":"(//span[contains(text(), \"SecondSection4pf5z\")])[1]"}
RESULT: {"using":"xpath","value":"(//span[contains(text(), \"SecondSection4pf5z\")])[1]"}
COMMAND: GET /session/fa0fa588b59cd70394c35387be1492a3/element/f.E45B0C2907A9CCBDD1B779A362D73609.d.71FC7566654E0C10C5F884D027C96FAF.e.7995/text - {}
RESULT: {}
COMMAND: POST /session/fa0fa588b59cd70394c35387be1492a3/refresh - {}
RESULT: {}
COMMAND: GET /session/fa0fa588b59cd70394c35387be1492a3/screenshot - {}
RESULT: {}
COMMAND: POST /session/fa0fa588b59cd70394c35387be1492a3/execute/async - {"script":"<script> [189 bytes]","args":[]}
RESULT: {"script":"<script> [189 bytes]","args":[]}
COMMAND: POST /session/fa0fa588b59cd70394c35387be1492a3/execute/async - {"script":"<script> [123 bytes]","args":[]}
RESULT: {"script":"<script> [123 bytes]","args":[]}
COMMAND: POST /session/fa0fa588b59cd70394c35387be1492a3/timeouts - {"script":"<number>"}
RESULT: {"script":"<number>"}
COMMAND: GET /session/fa0fa588b59cd70394c35387be1492a3/timeouts - {}
RESULT: {}
RESULT: undefined
COMMAND: POST /session/fa0fa588b59cd70394c35387be1492a3/execute/async - {"script":"<script> [2676 bytes]","args":[]}
RESULT: {"script":"<script> [2676 bytes]","args":[]}
COMMAND: POST /session/fa0fa588b59cd70394c35387be1492a3/execute/async - {"script":"<script> [2342 bytes]","args":[{"protocol":"http","hostname":"0.0.0.0","path":"/","capabilities":{"browserName":"chrome","goog:chromeOptions":{"binary":"C:\\Program Files\\Google\\Chrome\\Application\\chrome.exe","args":["--start-maximized"]}},"logLevel":"warn","connectionRetryTimeout":120000,"connectionRetryCount":3,"logLevels":{},"enableDirectConnect":true,"strictSSL":true,"_":"65 more keys: [\"cacheDir\",\"port\",\"requestedCapabilities\",\"automationProtocol\",\"baseUrl\",\"waitforInterval\",\"waitforTimeout\",\"onReload\",\"beforeCommand\",\"afterCommand\",\"rootDir\",\"specs\",\"suites\",\"exclude\",\"groupLogsByTestSpec\",\"excludeDriverLogs\",\"bail\",\"framework\",\"reporters\",\"services\",\"maxInstances\",\"maxInstancesPerCapability\",\"injectGlobals\",\"filesToWatch\",\"execArgv\",\"runnerEnv\",\"runner\",\"shard\",\"specFileRetries\",\"specFileRetriesDelay\",\"specFileRetriesDeferred\",\"reporterSyncInterval\",\"reporterSyncTimeout\",\"cucumberFeaturesWithLineNumbers\",\"autoCompileOpts\",\"mochaOpts\",\"jasmineOpts\",\"cucumberOpts\",\"onPrepare\",\"onWorkerStart\",\"onWorkerEnd\",\"before\",\"beforeSession\",\"beforeSuite\",\"beforeHook\",\"beforeTest\",\"afterTest\",\"afterHook\",\"afterSuite\",\"afterSession\",\"after\",\"onComplete\",\"beforeAssertion\",\"afterAssertion\",\"beforeFeature\",\"beforeScenario\",\"beforeStep\",\"afterStep\",\"afterScenario\",\"afterFeature\",\"_\",\"suite\",\"$0\",\"ignoredWorkerServices\",\"wdi5\"]"}]}
RESULT: {"script":"<script> [2342 bytes]","args":[{"protocol":"http","hostname":"0.0.0.0","path":"/","capabilities":{"browserName":"chrome","goog:chromeOptions":{"binary":"C:\\Program Files\\Google\\Chrome\\Application\\chrome.exe","args":["--start-maximized"]}},"logLevel":"warn","connectionRetryTimeout":120000,"connectionRetryCount":3,"logLevels":{},"enableDirectConnect":true,"strictSSL":true,"_":"65 more keys: [\"cacheDir\",\"port\",\"requestedCapabilities\",\"automationProtocol\",\"baseUrl\",\"waitforInterval\",\"waitforTimeout\",\"onReload\",\"beforeCommand\",\"afterCommand\",\"rootDir\",\"specs\",\"suites\",\"exclude\",\"groupLogsByTestSpec\",\"excludeDriverLogs\",\"bail\",\"framework\",\"reporters\",\"services\",\"maxInstances\",\"maxInstancesPerCapability\",\"injectGlobals\",\"filesToWatch\",\"execArgv\",\"runnerEnv\",\"runner\",\"shard\",\"specFileRetries\",\"specFileRetriesDelay\",\"specFileRetriesDeferred\",\"reporterSyncInterval\",\"reporterSyncTimeout\",\"cucumberFeaturesWithLineNumbers\",\"autoCompileOpts\",\"mochaOpts\",\"jasmineOpts\",\"cucumberOpts\",\"onPrepare\",\"onWorkerStart\",\"onWorkerEnd\",\"before\",\"beforeSession\",\"beforeSuite\",\"beforeHook\",\"beforeTest\",\"afterTest\",\"afterHook\",\"afterSuite\",\"afterSession\",\"after\",\"onComplete\",\"beforeAssertion\",\"afterAssertion\",\"beforeFeature\",\"beforeScenario\",\"beforeStep\",\"afterStep\",\"afterScenario\",\"afterFeature\",\"_\",\"suite\",\"$0\",\"ignoredWorkerServices\",\"wdi5\"]"}]}
COMMAND: POST /session/fa0fa588b59cd70394c35387be1492a3/execute/async - {"script":"<script> [21126 bytes]","args":[35000]}
RESULT: {"script":"<script> [21126 bytes]","args":[35000]}
COMMAND: POST /session/fa0fa588b59cd70394c35387be1492a3/execute/async - {"script":"<script> [1562 bytes]","args":[{"selector":{"controlType":"sap.m.Button","viewName":"etm.portal.ui.managecatalogs.view.Detail","viewId":"application-managecatalogs-display-component---detailCatalog","i18NText":{"propertyName":"text","key":"edit"},"interaction":{"idSuffix":"BDI-content"}},"wdio_ui5_key":"etmportal.ui.managecatalogs.view.Detailsap.m.Button{\"propertyName\":\"text\",\"key\":\"edit\"}"}]}
RESULT: {"script":"<script> [1562 bytes]","args":[{"selector":{"controlType":"sap.m.Button","viewName":"etm.portal.ui.managecatalogs.view.Detail","viewId":"application-managecatalogs-display-component---detailCatalog","i18NText":{"propertyName":"text","key":"edit"},"interaction":{"idSuffix":"BDI-content"}},"wdio_ui5_key":"etmportal.ui.managecatalogs.view.Detailsap.m.Button{\"propertyName\":\"text\",\"key\":\"edit\"}"}]}
RESULT: undefined
COMMAND: POST /session/fa0fa588b59cd70394c35387be1492a3/element - {"using":"xpath","value":"//*[@id=\"__button25\"]"}
RESULT: {"using":"xpath","value":"//*[@id=\"__button25\"]"}
COMMAND: POST /session/fa0fa588b59cd70394c35387be1492a3/element/f.E45B0C2907A9CCBDD1B779A362D73609.d.CE131A5774AC38948F5FEC767D8A0500.e.8056/click - {}
RESULT: {}
COMMAND: POST /session/fa0fa588b59cd70394c35387be1492a3/execute/async - {"script":"<script> [1562 bytes]","args":[{"selector":{"controlType":"sap.ui.core.Icon","viewName":"etm.portal.ui.managecatalogs.view.Detail","viewId":"application-managecatalogs-display-component---detailCatalog","properties":{"src":{"regex":{"source":"add\\-document"}}}},"wdio_ui5_key":"etmportal.ui.managecatalogs.view.Detailsap.ui.core.Icon{\"src\":{\"regex\":{\"source\":\"add\\\\-document\"}}}"}]}
COMMAND: GET /session/fa0fa588b59cd70394c35387be1492a3/screenshot - {}
RESULT: {"script":"<script> [1562 bytes]","args":[{"selector":{"controlType":"sap.ui.core.Icon","viewName":"etm.portal.ui.managecatalogs.view.Detail","viewId":"application-managecatalogs-display-component---detailCatalog","properties":{"src":{"regex":{"source":"add\\-document"}}}},"wdio_ui5_key":"etmportal.ui.managecatalogs.view.Detailsap.ui.core.Icon{\"src\":{\"regex\":{\"source\":\"add\\\\-document\"}}}"}]}
RESULT: undefined
COMMAND: POST /session/fa0fa588b59cd70394c35387be1492a3/element - {"using":"xpath","value":"//*[@id=\"__button34-img\"]"}
RESULT: {}
RESULT: {"using":"xpath","value":"//*[@id=\"__button34-img\"]"}
COMMAND: POST /session/fa0fa588b59cd70394c35387be1492a3/element/f.E45B0C2907A9CCBDD1B779A362D73609.d.CE131A5774AC38948F5FEC767D8A0500.e.8062/click - {}
RESULT: {}
COMMAND: POST /session/fa0fa588b59cd70394c35387be1492a3/execute/async - {"script":"<script> [1562 bytes]","args":[{"selector":{"id":"application-managecatalogs-display-component---detailCatalog--newItemNumberInput","searchOpenDialogs":true,"interaction":{"idSuffix":"inner"}},"wdio_ui5_key":"applicationmanagecatalogs-display-component---detailCatalog--newItemNumberInput"}]}
COMMAND: GET /session/fa0fa588b59cd70394c35387be1492a3/screenshot - {}
RESULT: {"script":"<script> [1562 bytes]","args":[{"selector":{"id":"application-managecatalogs-display-component---detailCatalog--newItemNumberInput","searchOpenDialogs":true,"interaction":{"idSuffix":"inner"}},"wdio_ui5_key":"applicationmanagecatalogs-display-component---detailCatalog--newItemNumberInput"}]}
RESULT: undefined
COMMAND: POST /session/fa0fa588b59cd70394c35387be1492a3/execute/async - {"script":"<script> [776 bytes]","args":[{"enterText":"catalogItem3xqp","selector":{"id":"application-managecatalogs-display-component---detailCatalog--newItemNumberInput","searchOpenDialogs":true,"interaction":{"idSuffix":"inner"}},"clearTextFirst":true,"interactionType":"ENTER_TEXT"}]}
RESULT: {}
RESULT: {"script":"<script> [776 bytes]","args":[{"enterText":"catalogItem3xqp","selector":{"id":"application-managecatalogs-display-component---detailCatalog--newItemNumberInput","searchOpenDialogs":true,"interaction":{"idSuffix":"inner"}},"clearTextFirst":true,"interactionType":"ENTER_TEXT"}]}
COMMAND: POST /session/fa0fa588b59cd70394c35387be1492a3/execute/async - {"script":"<script> [1562 bytes]","args":[{"selector":{"controlType":"sap.m.Input","viewName":"etm.portal.ui.managecatalogs.view.Detail","viewId":"application-managecatalogs-display-component---detailCatalog","bindingPath":{"path":"","propertyPath":"/DESCRIPTION"},"searchOpenDialogs":true,"interaction":{"idSuffix":"inner"}},"wdio_ui5_key":"etmportal.ui.managecatalogs.view.Detailsap.m.Input{\"path\":\"\",\"propertyPath\":\"/DESCRIPTION\"}"}]}
RESULT: {"script":"<script> [1562 bytes]","args":[{"selector":{"controlType":"sap.m.Input","viewName":"etm.portal.ui.managecatalogs.view.Detail","viewId":"application-managecatalogs-display-component---detailCatalog","bindingPath":{"path":"","propertyPath":"/DESCRIPTION"},"searchOpenDialogs":true,"interaction":{"idSuffix":"inner"}},"wdio_ui5_key":"etmportal.ui.managecatalogs.view.Detailsap.m.Input{\"path\":\"\",\"propertyPath\":\"/DESCRIPTION\"}"}]}
RESULT: undefined
COMMAND: POST /session/fa0fa588b59cd70394c35387be1492a3/execute/async - {"script":"<script> [776 bytes]","args":[{"enterText":"catalogItemNamejny35","selector":{"controlType":"sap.m.Input","viewName":"etm.portal.ui.managecatalogs.view.Detail","viewId":"application-managecatalogs-display-component---detailCatalog","bindingPath":{"path":"","propertyPath":"/DESCRIPTION"},"searchOpenDialogs":true,"interaction":{"idSuffix":"inner"}},"clearTextFirst":true,"interactionType":"ENTER_TEXT"}]}
RESULT: {"script":"<script> [776 bytes]","args":[{"enterText":"catalogItemNamejny35","selector":{"controlType":"sap.m.Input","viewName":"etm.portal.ui.managecatalogs.view.Detail","viewId":"application-managecatalogs-display-component---detailCatalog","bindingPath":{"path":"","propertyPath":"/DESCRIPTION"},"searchOpenDialogs":true,"interaction":{"idSuffix":"inner"}},"clearTextFirst":true,"interactionType":"ENTER_TEXT"}]}
COMMAND: POST /session/fa0fa588b59cd70394c35387be1492a3/execute/async - {"script":"<script> [1562 bytes]","args":[{"selector":{"controlType":"sap.m.Button","viewName":"etm.portal.ui.managecatalogs.view.Detail","viewId":"application-managecatalogs-display-component---detailCatalog","i18NText":{"propertyName":"text","key":"create"},"searchOpenDialogs":true,"interaction":{"idSuffix":"BDI-content"}},"wdio_ui5_key":"etmportal.ui.managecatalogs.view.Detailsap.m.Button{\"propertyName\":\"text\",\"key\":\"create\"}"}]}
RESULT: {"script":"<script> [1562 bytes]","args":[{"selector":{"controlType":"sap.m.Button","viewName":"etm.portal.ui.managecatalogs.view.Detail","viewId":"application-managecatalogs-display-component---detailCatalog","i18NText":{"propertyName":"text","key":"create"},"searchOpenDialogs":true,"interaction":{"idSuffix":"BDI-content"}},"wdio_ui5_key":"etmportal.ui.managecatalogs.view.Detailsap.m.Button{\"propertyName\":\"text\",\"key\":\"create\"}"}]}
RESULT: undefined
COMMAND: POST /session/fa0fa588b59cd70394c35387be1492a3/element - {"using":"xpath","value":"//*[@id=\"__button9\"]"}
RESULT: {"using":"xpath","value":"//*[@id=\"__button9\"]"}
COMMAND: POST /session/fa0fa588b59cd70394c35387be1492a3/element/f.E45B0C2907A9CCBDD1B779A362D73609.d.CE131A5774AC38948F5FEC767D8A0500.e.8072/click - {}
RESULT: {}
COMMAND: GET /session/fa0fa588b59cd70394c35387be1492a3/screenshot - {}
RESULT: {}
COMMAND: POST /session/fa0fa588b59cd70394c35387be1492a3/element - {"using":"xpath","value":"//button[@title=\"Save\"]"}
RESULT: {"using":"xpath","value":"//button[@title=\"Save\"]"}
COMMAND: POST /session/fa0fa588b59cd70394c35387be1492a3/element/f.E45B0C2907A9CCBDD1B779A362D73609.d.CE131A5774AC38948F5FEC767D8A0500.e.8073/click - {}
RESULT: {}
COMMAND: GET /session/fa0fa588b59cd70394c35387be1492a3/screenshot - {}
RESULT: {}
COMMAND: POST /session/fa0fa588b59cd70394c35387be1492a3/execute/async - {"script":"<script> [1562 bytes]","args":[{"selector":{"controlType":"sap.ui.core.Icon","viewName":"etm.portal.ui.managecatalogs.view.Detail","viewId":"application-managecatalogs-display-component---detailCatalog","properties":{"src":{"regex":{"source":"decline"}}}},"wdio_ui5_key":"etmportal.ui.managecatalogs.view.Detailsap.ui.core.Icon{\"src\":{\"regex\":{\"source\":\"decline\"}}}"}]}
RESULT: {"script":"<script> [1562 bytes]","args":[{"selector":{"controlType":"sap.ui.core.Icon","viewName":"etm.portal.ui.managecatalogs.view.Detail","viewId":"application-managecatalogs-display-component---detailCatalog","properties":{"src":{"regex":{"source":"decline"}}}},"wdio_ui5_key":"etmportal.ui.managecatalogs.view.Detailsap.ui.core.Icon{\"src\":{\"regex\":{\"source\":\"decline\"}}}"}]}
RESULT: undefined
COMMAND: POST /session/fa0fa588b59cd70394c35387be1492a3/element - {"using":"xpath","value":"//*[@id=\"__button28-img\"]"}
RESULT: {"using":"xpath","value":"//*[@id=\"__button28-img\"]"}
COMMAND: POST /session/fa0fa588b59cd70394c35387be1492a3/element/f.E45B0C2907A9CCBDD1B779A362D73609.d.CE131A5774AC38948F5FEC767D8A0500.e.8079/click - {}
RESULT: {}
COMMAND: GET /session/fa0fa588b59cd70394c35387be1492a3/screenshot - {}
RESULT: {}
COMMAND: POST /session/fa0fa588b59cd70394c35387be1492a3/execute/async - {"script":"<script> [1562 bytes]","args":[{"selector":{"controlType":"sap.ui.core.Icon","viewName":"etm.portal.ui.managecatalogs.view.MasterItems","viewId":"application-managecatalogs-display-component---masterCatalogItems","properties":{"src":{"regex":{"source":"refresh"}}}},"wdio_ui5_key":"etmportal.ui.managecatalogs.view.MasterItemssap.ui.core.Icon{\"src\":{\"regex\":{\"source\":\"refresh\"}}}"}]}
RESULT: {"script":"<script> [1562 bytes]","args":[{"selector":{"controlType":"sap.ui.core.Icon","viewName":"etm.portal.ui.managecatalogs.view.MasterItems","viewId":"application-managecatalogs-display-component---masterCatalogItems","properties":{"src":{"regex":{"source":"refresh"}}}},"wdio_ui5_key":"etmportal.ui.managecatalogs.view.MasterItemssap.ui.core.Icon{\"src\":{\"regex\":{\"source\":\"refresh\"}}}"}]}
RESULT: undefined
COMMAND: POST /session/fa0fa588b59cd70394c35387be1492a3/element - {"using":"xpath","value":"//*[@id=\"__button1-img\"]"}
RESULT: {"using":"xpath","value":"//*[@id=\"__button1-img\"]"}
COMMAND: POST /session/fa0fa588b59cd70394c35387be1492a3/element/f.E45B0C2907A9CCBDD1B779A362D73609.d.CE131A5774AC38948F5FEC767D8A0500.e.8087/click - {}
RESULT: {}
COMMAND: GET /session/fa0fa588b59cd70394c35387be1492a3/screenshot - {}
RESULT: {}
COMMAND: POST /session/fa0fa588b59cd70394c35387be1492a3/execute/async - {"script":"<script> [1562 bytes]","args":[{"selector":{"id":"application-managecatalogs-display-component---masterCatalogItems--searchItemsField","interaction":{"idSuffix":"I"}},"wdio_ui5_key":"applicationmanagecatalogs-display-component---masterCatalogItems--searchItemsField"}]}
RESULT: {"script":"<script> [1562 bytes]","args":[{"selector":{"id":"application-managecatalogs-display-component---masterCatalogItems--searchItemsField","interaction":{"idSuffix":"I"}},"wdio_ui5_key":"applicationmanagecatalogs-display-component---masterCatalogItems--searchItemsField"}]}
RESULT: undefined
COMMAND: POST /session/fa0fa588b59cd70394c35387be1492a3/execute/async - {"script":"<script> [776 bytes]","args":[{"enterText":"catalogItemNamejny35","selector":{"id":"application-managecatalogs-display-component---masterCatalogItems--searchItemsField","interaction":{"idSuffix":"I"}},"clearTextFirst":true,"interactionType":"ENTER_TEXT"}]}
RESULT: {"script":"<script> [776 bytes]","args":[{"enterText":"catalogItemNamejny35","selector":{"id":"application-managecatalogs-display-component---masterCatalogItems--searchItemsField","interaction":{"idSuffix":"I"}},"clearTextFirst":true,"interactionType":"ENTER_TEXT"}]}
COMMAND: POST /session/fa0fa588b59cd70394c35387be1492a3/actions - {"actions":[{"id":"action50","type":"key","parameters":{},"actions":[{"type":"keyDown","value":""},{"type":"pause","duration":10},{"type":"keyUp","value":""}]}]}
RESULT: {"actions":[{"id":"action50","type":"key","parameters":{},"actions":[{"type":"keyDown","value":""},{"type":"pause","duration":10},{"type":"keyUp","value":""}]}]}
COMMAND: POST /session/fa0fa588b59cd70394c35387be1492a3/element - {"using":"xpath","value":"(//span[contains(text(), \"catalogItemNamejny35\")])[1]"}
COMMAND: GET /session/fa0fa588b59cd70394c35387be1492a3/screenshot - {}
RESULT: {"using":"xpath","value":"(//span[contains(text(), \"catalogItemNamejny35\")])[1]"}
COMMAND: POST /session/fa0fa588b59cd70394c35387be1492a3/element/f.E45B0C2907A9CCBDD1B779A362D73609.d.CE131A5774AC38948F5FEC767D8A0500.e.8124/click - {}
RESULT: {}
RESULT: {}
COMMAND: GET /session/fa0fa588b59cd70394c35387be1492a3/screenshot - {}
RESULT: {}
COMMAND: POST /session/fa0fa588b59cd70394c35387be1492a3/element - {"using":"xpath","value":"//span[contains(text(), \"catalogItem3xqp\")]"}
RESULT: {"using":"xpath","value":"//span[contains(text(), \"catalogItem3xqp\")]"}
COMMAND: GET /session/fa0fa588b59cd70394c35387be1492a3/element/f.E45B0C2907A9CCBDD1B779A362D73609.d.CE131A5774AC38948F5FEC767D8A0500.e.8186/text - {}
RESULT: {}
]]></system-out>
    </testcase>
    <testcase classname="chrome.136_0_7103_93.windows.Manage_requests_-_requests_specifications_US141095" name="Should add the classification to the catalog item" time="34.712">
      <system-out><![CDATA[
RESULT: undefined
COMMAND: POST /session/fa0fa588b59cd70394c35387be1492a3/element - {"using":"xpath","value":"//*[@id=\"__button25\"]"}
RESULT: {"using":"xpath","value":"//*[@id=\"__button25\"]"}
COMMAND: POST /session/fa0fa588b59cd70394c35387be1492a3/element/f.E45B0C2907A9CCBDD1B779A362D73609.d.CE131A5774AC38948F5FEC767D8A0500.e.8187/click - {}
RESULT: {}
COMMAND: GET /session/fa0fa588b59cd70394c35387be1492a3/screenshot - {}
RESULT: {}
COMMAND: POST /session/fa0fa588b59cd70394c35387be1492a3/execute/async - {"script":"<script> [1562 bytes]","args":[{"selector":{"id":"application-managecatalogs-display-component---detailCatalog--BASE_UNIT_OF_MEASURE-arrow"},"wdio_ui5_key":"applicationmanagecatalogs-display-component---detailCatalog--BASE_UNIT_OF_MEASURE-arrow"}]}
RESULT: {"script":"<script> [1562 bytes]","args":[{"selector":{"id":"application-managecatalogs-display-component---detailCatalog--BASE_UNIT_OF_MEASURE-arrow"},"wdio_ui5_key":"applicationmanagecatalogs-display-component---detailCatalog--BASE_UNIT_OF_MEASURE-arrow"}]}
RESULT: undefined
COMMAND: POST /session/fa0fa588b59cd70394c35387be1492a3/element - {"using":"xpath","value":"//*[@id=\"application-managecatalogs-display-component---detailCatalog--BASE_UNIT_OF_MEASURE-arrow\"]"}
RESULT: {"using":"xpath","value":"//*[@id=\"application-managecatalogs-display-component---detailCatalog--BASE_UNIT_OF_MEASURE-arrow\"]"}
COMMAND: POST /session/fa0fa588b59cd70394c35387be1492a3/element/f.E45B0C2907A9CCBDD1B779A362D73609.d.CE131A5774AC38948F5FEC767D8A0500.e.8214/click - {}
RESULT: {}
COMMAND: POST /session/fa0fa588b59cd70394c35387be1492a3/execute/async - {"script":"<script> [1562 bytes]","args":[{"selector":{"controlType":"sap.m.StandardListItem","viewName":"etm.portal.ui.managecatalogs.view.Detail","viewId":"application-managecatalogs-display-component---detailCatalog","properties":{"title":"Piece"},"searchOpenDialogs":true,"interaction":{"idSuffix":"titleText"}},"wdio_ui5_key":"etmportal.ui.managecatalogs.view.Detailsap.m.StandardListItem{\"title\":\"Piece\"}"}]}
COMMAND: GET /session/fa0fa588b59cd70394c35387be1492a3/screenshot - {}
RESULT: {"script":"<script> [1562 bytes]","args":[{"selector":{"controlType":"sap.m.StandardListItem","viewName":"etm.portal.ui.managecatalogs.view.Detail","viewId":"application-managecatalogs-display-component---detailCatalog","properties":{"title":"Piece"},"searchOpenDialogs":true,"interaction":{"idSuffix":"titleText"}},"wdio_ui5_key":"etmportal.ui.managecatalogs.view.Detailsap.m.StandardListItem{\"title\":\"Piece\"}"}]}
RESULT: undefined
COMMAND: POST /session/fa0fa588b59cd70394c35387be1492a3/element - {"using":"xpath","value":"//*[@id=\"__item218\"]"}
RESULT: {}
RESULT: {"using":"xpath","value":"//*[@id=\"__item218\"]"}
COMMAND: POST /session/fa0fa588b59cd70394c35387be1492a3/element/f.E45B0C2907A9CCBDD1B779A362D73609.d.CE131A5774AC38948F5FEC767D8A0500.e.8218/click - {}
RESULT: {}
COMMAND: POST /session/fa0fa588b59cd70394c35387be1492a3/element - {"using":"xpath","value":"//button[contains(@data-kt ,\"ClassificationAddClassButton\")]"}
COMMAND: GET /session/fa0fa588b59cd70394c35387be1492a3/screenshot - {}
RESULT: {"using":"xpath","value":"//button[contains(@data-kt ,\"ClassificationAddClassButton\")]"}
COMMAND: POST /session/fa0fa588b59cd70394c35387be1492a3/element/f.E45B0C2907A9CCBDD1B779A362D73609.d.CE131A5774AC38948F5FEC767D8A0500.e.8219/click - {}
RESULT: {}
RESULT: {}
COMMAND: GET /session/fa0fa588b59cd70394c35387be1492a3/screenshot - {}
RESULT: {}
COMMAND: POST /session/fa0fa588b59cd70394c35387be1492a3/element - {"using":"xpath","value":"//input[contains(@id ,\"searchField-I\")]"}
RESULT: {"using":"xpath","value":"//input[contains(@id ,\"searchField-I\")]"}
COMMAND: POST /session/fa0fa588b59cd70394c35387be1492a3/element/f.E45B0C2907A9CCBDD1B779A362D73609.d.CE131A5774AC38948F5FEC767D8A0500.e.8222/value - {"text":"WebdriverItemClasse84yo"}
RESULT: {"text":"WebdriverItemClasse84yo"}
COMMAND: POST /session/fa0fa588b59cd70394c35387be1492a3/actions - {"actions":[{"id":"action51","type":"key","parameters":{},"actions":[{"type":"keyDown","value":""},{"type":"pause","duration":10},{"type":"keyUp","value":""}]}]}
COMMAND: GET /session/fa0fa588b59cd70394c35387be1492a3/screenshot - {}
RESULT: {"actions":[{"id":"action51","type":"key","parameters":{},"actions":[{"type":"keyDown","value":""},{"type":"pause","duration":10},{"type":"keyUp","value":""}]}]}
COMMAND: GET /session/fa0fa588b59cd70394c35387be1492a3/screenshot - {}
RESULT: {}
RESULT: {}
COMMAND: POST /session/fa0fa588b59cd70394c35387be1492a3/element - {"using":"xpath","value":"//span[contains(text(), \"WebdriverItemClasse84yo\")]"}
RESULT: {"using":"xpath","value":"//span[contains(text(), \"WebdriverItemClasse84yo\")]"}
COMMAND: POST /session/fa0fa588b59cd70394c35387be1492a3/element/f.E45B0C2907A9CCBDD1B779A362D73609.d.CE131A5774AC38948F5FEC767D8A0500.e.8254/click - {}
RESULT: {}
COMMAND: GET /session/fa0fa588b59cd70394c35387be1492a3/screenshot - {}
RESULT: {}
COMMAND: POST /session/fa0fa588b59cd70394c35387be1492a3/execute/async - {"script":"<script> [1562 bytes]","args":[{"selector":{"controlType":"sap.m.Button","viewName":"etm.portal.ui.managecatalogs.view.Detail","viewId":"application-managecatalogs-display-component---detailCatalog","properties":{"text":"Classification"},"interaction":{"idSuffix":"BDI-content"}},"wdio_ui5_key":"etmportal.ui.managecatalogs.view.Detailsap.m.Button{\"text\":\"Classification\"}"}]}
RESULT: {"script":"<script> [1562 bytes]","args":[{"selector":{"controlType":"sap.m.Button","viewName":"etm.portal.ui.managecatalogs.view.Detail","viewId":"application-managecatalogs-display-component---detailCatalog","properties":{"text":"Classification"},"interaction":{"idSuffix":"BDI-content"}},"wdio_ui5_key":"etmportal.ui.managecatalogs.view.Detailsap.m.Button{\"text\":\"Classification\"}"}]}
RESULT: undefined
COMMAND: POST /session/fa0fa588b59cd70394c35387be1492a3/element - {"using":"xpath","value":"//*[@id=\"application-managecatalogs-display-component---detailCatalog--ObjectPageLayout-anchBar-__section3-anchor\"]"}
RESULT: {"using":"xpath","value":"//*[@id=\"application-managecatalogs-display-component---detailCatalog--ObjectPageLayout-anchBar-__section3-anchor\"]"}
COMMAND: POST /session/fa0fa588b59cd70394c35387be1492a3/element/f.E45B0C2907A9CCBDD1B779A362D73609.d.CE131A5774AC38948F5FEC767D8A0500.e.8259/click - {}
RESULT: {}
COMMAND: POST /session/fa0fa588b59cd70394c35387be1492a3/execute/async - {"script":"<script> [1562 bytes]","args":[{"selector":{"controlType":"sap.ui.core.Icon","viewName":"etm.portal.ui.managecatalogs.view.Detail","viewId":"application-managecatalogs-display-component---detailCatalog","properties":{"src":{"regex":{"source":"slim\\-arrow\\-right"}}},"ancestor":{"controlType":"sap.m.Panel","viewName":"etm.portal.ui.managecatalogs.view.Detail","viewId":"application-managecatalogs-display-component---detailCatalog"}},"wdio_ui5_key":"etmportal.ui.managecatalogs.view.Detailsap.ui.core.Icon{\"src\":{\"regex\":{\"source\":\"slim\\\\-arrow\\\\-right\"}}}{\"controlType\":\"sap.m.Panel\",\"viewName\":\"etm.portal.ui.managecatalogs.view.Detail\",\"viewId\":\"application-managecatalogs-display-component---detailCatalog\"}"}]}
COMMAND: GET /session/fa0fa588b59cd70394c35387be1492a3/screenshot - {}
RESULT: {"script":"<script> [1562 bytes]","args":[{"selector":{"controlType":"sap.ui.core.Icon","viewName":"etm.portal.ui.managecatalogs.view.Detail","viewId":"application-managecatalogs-display-component---detailCatalog","properties":{"src":{"regex":{"source":"slim\\-arrow\\-right"}}},"ancestor":{"controlType":"sap.m.Panel","viewName":"etm.portal.ui.managecatalogs.view.Detail","viewId":"application-managecatalogs-display-component---detailCatalog"}},"wdio_ui5_key":"etmportal.ui.managecatalogs.view.Detailsap.ui.core.Icon{\"src\":{\"regex\":{\"source\":\"slim\\\\-arrow\\\\-right\"}}}{\"controlType\":\"sap.m.Panel\",\"viewName\":\"etm.portal.ui.managecatalogs.view.Detail\",\"viewId\":\"application-managecatalogs-display-component---detailCatalog\"}"}]}
RESULT: undefined
COMMAND: POST /session/fa0fa588b59cd70394c35387be1492a3/element - {"using":"xpath","value":"//*[@id=\"__panel0-__layout17-0-expandButton-img\"]"}
RESULT: {}
RESULT: {"using":"xpath","value":"//*[@id=\"__panel0-__layout17-0-expandButton-img\"]"}
COMMAND: POST /session/fa0fa588b59cd70394c35387be1492a3/element/f.E45B0C2907A9CCBDD1B779A362D73609.d.CE131A5774AC38948F5FEC767D8A0500.e.8265/click - {}
RESULT: {}
COMMAND: POST /session/fa0fa588b59cd70394c35387be1492a3/execute/async - {"script":"<script> [1562 bytes]","args":[{"selector":{"controlType":"sap.ui.core.Icon","viewName":"etm.portal.ui.managecatalogs.view.Detail","viewId":"application-managecatalogs-display-component---detailCatalog","properties":{"src":{"regex":{"source":"slim\\-arrow\\-down"}}},"ancestor":{"controlType":"sap.m.ColumnListItem","viewName":"etm.portal.ui.managecatalogs.view.Detail","viewId":"application-managecatalogs-display-component---detailCatalog","bindingPath":{"modelName":"classModel","path":"/data/0/PROPERTIES/0"},"ancestor":{"controlType":"sap.m.Table","viewName":"etm.portal.ui.managecatalogs.view.Detail","viewId":"application-managecatalogs-display-component---detailCatalog","bindingPath":{"path":"/data/0","propertyPath":"PROPERTIES","modelName":"classModel"}}}},"wdio_ui5_key":"etmportal.ui.managecatalogs.view.Detailsap.ui.core.Icon{\"src\":{\"regex\":{\"source\":\"slim\\\\-arrow\\\\-down\"}}}{\"controlType\":\"sap.m.ColumnListItem\",\"viewName\":\"etm.portal.ui.managecatalogs.view.Detail\",\"viewId\":\"application-managecatalogs-display-component---detailCatalog\",\"bindingPath\":{\"modelName\":\"classModel\",\"path\":\"/data/0/PROPERTIES/0\"},\"ancestor\":{\"controlType\":\"sap.m.Table\",\"viewName\":\"etm.portal.ui.managecatalogs.view.Detail\",\"viewId\":\"application-managecatalogs-display-component---detailCatalog\",\"bindingPath\":{\"path\":\"/data/0\",\"propertyPath\":\"PROPERTIES\",\"modelName\":\"classModel\"}}}"}]}
COMMAND: GET /session/fa0fa588b59cd70394c35387be1492a3/screenshot - {}
RESULT: {"script":"<script> [1562 bytes]","args":[{"selector":{"controlType":"sap.ui.core.Icon","viewName":"etm.portal.ui.managecatalogs.view.Detail","viewId":"application-managecatalogs-display-component---detailCatalog","properties":{"src":{"regex":{"source":"slim\\-arrow\\-down"}}},"ancestor":{"controlType":"sap.m.ColumnListItem","viewName":"etm.portal.ui.managecatalogs.view.Detail","viewId":"application-managecatalogs-display-component---detailCatalog","bindingPath":{"modelName":"classModel","path":"/data/0/PROPERTIES/0"},"ancestor":{"controlType":"sap.m.Table","viewName":"etm.portal.ui.managecatalogs.view.Detail","viewId":"application-managecatalogs-display-component---detailCatalog","bindingPath":{"path":"/data/0","propertyPath":"PROPERTIES","modelName":"classModel"}}}},"wdio_ui5_key":"etmportal.ui.managecatalogs.view.Detailsap.ui.core.Icon{\"src\":{\"regex\":{\"source\":\"slim\\\\-arrow\\\\-down\"}}}{\"controlType\":\"sap.m.ColumnListItem\",\"viewName\":\"etm.portal.ui.managecatalogs.view.Detail\",\"viewId\":\"application-managecatalogs-display-component---detailCatalog\",\"bindingPath\":{\"modelName\":\"classModel\",\"path\":\"/data/0/PROPERTIES/0\"},\"ancestor\":{\"controlType\":\"sap.m.Table\",\"viewName\":\"etm.portal.ui.managecatalogs.view.Detail\",\"viewId\":\"application-managecatalogs-display-component---detailCatalog\",\"bindingPath\":{\"path\":\"/data/0\",\"propertyPath\":\"PROPERTIES\",\"modelName\":\"classModel\"}}}"}]}
RESULT: undefined
COMMAND: POST /session/fa0fa588b59cd70394c35387be1492a3/element - {"using":"xpath","value":"//*[@id=\"__box31-arrow\"]"}
RESULT: {}
RESULT: {"using":"xpath","value":"//*[@id=\"__box31-arrow\"]"}
COMMAND: POST /session/fa0fa588b59cd70394c35387be1492a3/element/f.E45B0C2907A9CCBDD1B779A362D73609.d.CE131A5774AC38948F5FEC767D8A0500.e.8280/click - {}
RESULT: {}
COMMAND: POST /session/fa0fa588b59cd70394c35387be1492a3/execute/async - {"script":"<script> [1562 bytes]","args":[{"selector":{"controlType":"sap.m.StandardListItem","viewName":"etm.portal.ui.managecatalogs.view.Detail","viewId":"application-managecatalogs-display-component---detailCatalog","properties":{"title":"red"},"searchOpenDialogs":true,"interaction":{"idSuffix":"content"}},"wdio_ui5_key":"etmportal.ui.managecatalogs.view.Detailsap.m.StandardListItem{\"title\":\"red\"}"}]}
COMMAND: GET /session/fa0fa588b59cd70394c35387be1492a3/screenshot - {}
RESULT: {"script":"<script> [1562 bytes]","args":[{"selector":{"controlType":"sap.m.StandardListItem","viewName":"etm.portal.ui.managecatalogs.view.Detail","viewId":"application-managecatalogs-display-component---detailCatalog","properties":{"title":"red"},"searchOpenDialogs":true,"interaction":{"idSuffix":"content"}},"wdio_ui5_key":"etmportal.ui.managecatalogs.view.Detailsap.m.StandardListItem{\"title\":\"red\"}"}]}
RESULT: undefined
COMMAND: POST /session/fa0fa588b59cd70394c35387be1492a3/element - {"using":"xpath","value":"//*[@id=\"__item226\"]"}
RESULT: {}
RESULT: {"using":"xpath","value":"//*[@id=\"__item226\"]"}
COMMAND: POST /session/fa0fa588b59cd70394c35387be1492a3/element/f.E45B0C2907A9CCBDD1B779A362D73609.d.CE131A5774AC38948F5FEC767D8A0500.e.8283/click - {}
RESULT: {}
COMMAND: GET /session/fa0fa588b59cd70394c35387be1492a3/screenshot - {}
RESULT: {}
COMMAND: POST /session/fa0fa588b59cd70394c35387be1492a3/execute/async - {"script":"<script> [1562 bytes]","args":[{"selector":{"controlType":"sap.m.Button","viewName":"etm.portal.ui.managecatalogs.view.Detail","viewId":"application-managecatalogs-display-component---detailCatalog","i18NText":{"propertyName":"text","key":"save"},"interaction":{"idSuffix":"BDI-content"}},"wdio_ui5_key":"etmportal.ui.managecatalogs.view.Detailsap.m.Button{\"propertyName\":\"text\",\"key\":\"save\"}"}]}
RESULT: {"script":"<script> [1562 bytes]","args":[{"selector":{"controlType":"sap.m.Button","viewName":"etm.portal.ui.managecatalogs.view.Detail","viewId":"application-managecatalogs-display-component---detailCatalog","i18NText":{"propertyName":"text","key":"save"},"interaction":{"idSuffix":"BDI-content"}},"wdio_ui5_key":"etmportal.ui.managecatalogs.view.Detailsap.m.Button{\"propertyName\":\"text\",\"key\":\"save\"}"}]}
RESULT: undefined
COMMAND: POST /session/fa0fa588b59cd70394c35387be1492a3/element - {"using":"xpath","value":"//*[@id=\"__button43\"]"}
RESULT: {"using":"xpath","value":"//*[@id=\"__button43\"]"}
COMMAND: POST /session/fa0fa588b59cd70394c35387be1492a3/element/f.E45B0C2907A9CCBDD1B779A362D73609.d.CE131A5774AC38948F5FEC767D8A0500.e.8189/click - {}
RESULT: {}
COMMAND: GET /session/fa0fa588b59cd70394c35387be1492a3/screenshot - {}
RESULT: {}
COMMAND: POST /session/fa0fa588b59cd70394c35387be1492a3/element - {"using":"css selector","value":"#shell-header-logo"}
RESULT: {"using":"css selector","value":"#shell-header-logo"}
COMMAND: POST /session/fa0fa588b59cd70394c35387be1492a3/element/f.E45B0C2907A9CCBDD1B779A362D73609.d.CE131A5774AC38948F5FEC767D8A0500.e.8020/click - {}
RESULT: {}
COMMAND: GET /session/fa0fa588b59cd70394c35387be1492a3/screenshot - {}
RESULT: {}
]]></system-out>
    </testcase>
    <testcase classname="chrome.136_0_7103_93.windows.Manage_requests_-_requests_specifications_US141095" name="Should create a new request and add the catalog item with the specifications" time="145.11">
      <system-out><![CDATA[
COMMAND: POST /session/fa0fa588b59cd70394c35387be1492a3/execute/async - {"script":"<script> [1562 bytes]","args":[{"selector":{"controlType":"sap.m.GenericTile","properties":{"header":"Manage Requests"}},"wdio_ui5_key":"sapm.GenericTile{\"header\":\"Manage Requests\"}"}]}
RESULT: {"script":"<script> [1562 bytes]","args":[{"selector":{"controlType":"sap.m.GenericTile","properties":{"header":"Manage Requests"}},"wdio_ui5_key":"sapm.GenericTile{\"header\":\"Manage Requests\"}"}]}
RESULT: undefined
COMMAND: POST /session/fa0fa588b59cd70394c35387be1492a3/element - {"using":"xpath","value":"//*[@id=\"__tile47\"]"}
RESULT: {"using":"xpath","value":"//*[@id=\"__tile47\"]"}
COMMAND: POST /session/fa0fa588b59cd70394c35387be1492a3/element/f.E45B0C2907A9CCBDD1B779A362D73609.d.CE131A5774AC38948F5FEC767D8A0500.e.8314/click - {}
RESULT: {}
COMMAND: GET /session/fa0fa588b59cd70394c35387be1492a3/screenshot - {}
RESULT: {}
COMMAND: POST /session/fa0fa588b59cd70394c35387be1492a3/elements - {"using":"xpath","value":"//span[text()='Error']"}
RESULT: {"using":"xpath","value":"//span[text()='Error']"}
COMMAND: POST /session/fa0fa588b59cd70394c35387be1492a3/element - {"using":"xpath","value":"//button[contains(@data-kt ,\"btnCreateNewOverflowToolbarButton\")]"}
COMMAND: POST /session/fa0fa588b59cd70394c35387be1492a3/element - {"using":"xpath","value":"(//span[contains(@class ,\"sapMObjStatusText\")])[1]"}
RESULT: {"using":"xpath","value":"//button[contains(@data-kt ,\"btnCreateNewOverflowToolbarButton\")]"}
COMMAND: POST /session/fa0fa588b59cd70394c35387be1492a3/element/f.E45B0C2907A9CCBDD1B779A362D73609.d.CE131A5774AC38948F5FEC767D8A0500.e.8369/click - {}
RESULT: {"using":"xpath","value":"(//span[contains(@class ,\"sapMObjStatusText\")])[1]"}
COMMAND: POST /session/fa0fa588b59cd70394c35387be1492a3/execute/sync - {"script":"<script> [8489 bytes]","args":[{"element-6066-11e4-a52e-4f735466cecf":"f.E45B0C2907A9CCBDD1B779A362D73609.d.CE131A5774AC38948F5FEC767D8A0500.e.8409","ELEMENT":"f.E45B0C2907A9CCBDD1B779A362D73609.d.CE131A5774AC38948F5FEC767D8A0500.e.8409"}]}
RESULT: {}
COMMAND: GET /session/fa0fa588b59cd70394c35387be1492a3/screenshot - {}
RESULT: {"script":"<script> [8489 bytes]","args":[{"element-6066-11e4-a52e-4f735466cecf":"f.E45B0C2907A9CCBDD1B779A362D73609.d.CE131A5774AC38948F5FEC767D8A0500.e.8409","ELEMENT":"f.E45B0C2907A9CCBDD1B779A362D73609.d.CE131A5774AC38948F5FEC767D8A0500.e.8409"}]}
COMMAND: GET /session/fa0fa588b59cd70394c35387be1492a3/screenshot - {}
RESULT: {}
RESULT: {}
COMMAND: POST /session/fa0fa588b59cd70394c35387be1492a3/element - {"using":"xpath","value":"//input[contains(@id ,\"yardId-inner\")]"}
RESULT: {"using":"xpath","value":"//input[contains(@id ,\"yardId-inner\")]"}
COMMAND: POST /session/fa0fa588b59cd70394c35387be1492a3/execute/sync - {"script":"<script> [8489 bytes]","args":[{"element-6066-11e4-a52e-4f735466cecf":"f.E45B0C2907A9CCBDD1B779A362D73609.d.CE131A5774AC38948F5FEC767D8A0500.e.8511","ELEMENT":"f.E45B0C2907A9CCBDD1B779A362D73609.d.CE131A5774AC38948F5FEC767D8A0500.e.8511"}]}
RESULT: {"script":"<script> [8489 bytes]","args":[{"element-6066-11e4-a52e-4f735466cecf":"f.E45B0C2907A9CCBDD1B779A362D73609.d.CE131A5774AC38948F5FEC767D8A0500.e.8511","ELEMENT":"f.E45B0C2907A9CCBDD1B779A362D73609.d.CE131A5774AC38948F5FEC767D8A0500.e.8511"}]}
COMMAND: POST /session/fa0fa588b59cd70394c35387be1492a3/element - {"using":"xpath","value":"//input[contains(@id ,\"yardId-inner\")]"}
COMMAND: GET /session/fa0fa588b59cd70394c35387be1492a3/screenshot - {}
RESULT: {"using":"xpath","value":"//input[contains(@id ,\"yardId-inner\")]"}
COMMAND: GET /session/fa0fa588b59cd70394c35387be1492a3/element/f.E45B0C2907A9CCBDD1B779A362D73609.d.CE131A5774AC38948F5FEC767D8A0500.e.8511/enabled - {}
RESULT: {}
RESULT: {}
COMMAND: POST /session/fa0fa588b59cd70394c35387be1492a3/element/f.E45B0C2907A9CCBDD1B779A362D73609.d.CE131A5774AC38948F5FEC767D8A0500.e.8511/clear - {}
COMMAND: GET /session/fa0fa588b59cd70394c35387be1492a3/screenshot - {}
RESULT: {}
COMMAND: POST /session/fa0fa588b59cd70394c35387be1492a3/element/f.E45B0C2907A9CCBDD1B779A362D73609.d.CE131A5774AC38948F5FEC767D8A0500.e.8511/value - {"text":"WebdriverYard9d4i2"}
COMMAND: GET /session/fa0fa588b59cd70394c35387be1492a3/screenshot - {}
RESULT: {}
RESULT: {"text":"WebdriverYard9d4i2"}
COMMAND: GET /session/fa0fa588b59cd70394c35387be1492a3/screenshot - {}
RESULT: {}
RESULT: {}
COMMAND: POST /session/fa0fa588b59cd70394c35387be1492a3/element - {"using":"xpath","value":"//input[contains(@id ,\"customerNumber-inner\")]"}
RESULT: {"using":"xpath","value":"//input[contains(@id ,\"customerNumber-inner\")]"}
COMMAND: POST /session/fa0fa588b59cd70394c35387be1492a3/element/f.E45B0C2907A9CCBDD1B779A362D73609.d.CE131A5774AC38948F5FEC767D8A0500.e.8505/value - {"text":"WebdriverPartneruamqb"}
COMMAND: POST /session/fa0fa588b59cd70394c35387be1492a3/actions - {"actions":[{"id":"action52","type":"key","parameters":{},"actions":[{"type":"keyDown","value":""},{"type":"pause","duration":10},{"type":"keyUp","value":""}]}]}
RESULT: {"actions":[{"id":"action52","type":"key","parameters":{},"actions":[{"type":"keyDown","value":""},{"type":"pause","duration":10},{"type":"keyUp","value":""}]}]}
COMMAND: GET /session/fa0fa588b59cd70394c35387be1492a3/screenshot - {}
RESULT: {"text":"WebdriverPartneruamqb"}
COMMAND: GET /session/fa0fa588b59cd70394c35387be1492a3/screenshot - {}
RESULT: {}
RESULT: {}
COMMAND: POST /session/fa0fa588b59cd70394c35387be1492a3/actions - {"actions":[{"id":"action53","type":"key","parameters":{},"actions":[{"type":"keyDown","value":""},{"type":"pause","duration":10},{"type":"keyUp","value":""}]}]}
RESULT: {"actions":[{"id":"action53","type":"key","parameters":{},"actions":[{"type":"keyDown","value":""},{"type":"pause","duration":10},{"type":"keyUp","value":""}]}]}
COMMAND: GET /session/fa0fa588b59cd70394c35387be1492a3/screenshot - {}
RESULT: {}
COMMAND: POST /session/fa0fa588b59cd70394c35387be1492a3/element - {"using":"xpath","value":"//input[contains(@id ,\"requestSiteId-inner\")]"}
RESULT: {"using":"xpath","value":"//input[contains(@id ,\"requestSiteId-inner\")]"}
COMMAND: POST /session/fa0fa588b59cd70394c35387be1492a3/element/f.E45B0C2907A9CCBDD1B779A362D73609.d.CE131A5774AC38948F5FEC767D8A0500.e.8504/value - {"text":"WebdriverSitekhdmn"}
RESULT: {"text":"WebdriverSitekhdmn"}
COMMAND: GET /session/fa0fa588b59cd70394c35387be1492a3/screenshot - {}
RESULT: {}
COMMAND: POST /session/fa0fa588b59cd70394c35387be1492a3/actions - {"actions":[{"id":"action54","type":"key","parameters":{},"actions":[{"type":"keyDown","value":""},{"type":"pause","duration":10},{"type":"keyUp","value":""}]}]}
RESULT: {"actions":[{"id":"action54","type":"key","parameters":{},"actions":[{"type":"keyDown","value":""},{"type":"pause","duration":10},{"type":"keyUp","value":""}]}]}
COMMAND: POST /session/fa0fa588b59cd70394c35387be1492a3/execute/async - {"script":"<script> [1562 bytes]","args":[{"selector":{"controlType":"sap.ui.core.Icon","viewName":"etm.portal.ui.managerequests.view.NewRequest","properties":{"src":{"regex":{"source":"add"}}}},"wdio_ui5_key":"etmportal.ui.managerequests.view.NewRequestsap.ui.core.Icon{\"src\":{\"regex\":{\"source\":\"add\"}}}"}]}
COMMAND: GET /session/fa0fa588b59cd70394c35387be1492a3/screenshot - {}
RESULT: {"script":"<script> [1562 bytes]","args":[{"selector":{"controlType":"sap.ui.core.Icon","viewName":"etm.portal.ui.managerequests.view.NewRequest","properties":{"src":{"regex":{"source":"add"}}}},"wdio_ui5_key":"etmportal.ui.managerequests.view.NewRequestsap.ui.core.Icon{\"src\":{\"regex\":{\"source\":\"add\"}}}"}]}
RESULT: undefined
COMMAND: POST /session/fa0fa588b59cd70394c35387be1492a3/element - {"using":"xpath","value":"//*[@id=\"__xmlview59--btnAddTableRow-img\"]"}
RESULT: {}
RESULT: {"using":"xpath","value":"//*[@id=\"__xmlview59--btnAddTableRow-img\"]"}
COMMAND: POST /session/fa0fa588b59cd70394c35387be1492a3/element/f.E45B0C2907A9CCBDD1B779A362D73609.d.CE131A5774AC38948F5FEC767D8A0500.e.8660/click - {}
RESULT: {}
COMMAND: GET /session/fa0fa588b59cd70394c35387be1492a3/screenshot - {}
RESULT: {}
COMMAND: POST /session/fa0fa588b59cd70394c35387be1492a3/actions - {"actions":[{"id":"action55","type":"key","parameters":{},"actions":[{"type":"keyDown","value":""},{"type":"pause","duration":10},{"type":"keyUp","value":""}]}]}
RESULT: {"actions":[{"id":"action55","type":"key","parameters":{},"actions":[{"type":"keyDown","value":""},{"type":"pause","duration":10},{"type":"keyUp","value":""}]}]}
COMMAND: POST /session/fa0fa588b59cd70394c35387be1492a3/actions - {"actions":[{"id":"action56","type":"key","parameters":{},"actions":[{"type":"keyDown","value":""},{"type":"pause","duration":10},{"type":"keyUp","value":""}]}]}
COMMAND: GET /session/fa0fa588b59cd70394c35387be1492a3/screenshot - {}
RESULT: {"actions":[{"id":"action56","type":"key","parameters":{},"actions":[{"type":"keyDown","value":""},{"type":"pause","duration":10},{"type":"keyUp","value":""}]}]}
COMMAND: POST /session/fa0fa588b59cd70394c35387be1492a3/element - {"using":"xpath","value":"(//input[contains(@id ,\"requestItemsTable-0-inner\")])[1]"}
COMMAND: GET /session/fa0fa588b59cd70394c35387be1492a3/screenshot - {}
RESULT: {}
RESULT: {"using":"xpath","value":"(//input[contains(@id ,\"requestItemsTable-0-inner\")])[1]"}
COMMAND: POST /session/fa0fa588b59cd70394c35387be1492a3/element/f.E45B0C2907A9CCBDD1B779A362D73609.d.CE131A5774AC38948F5FEC767D8A0500.e.8665/clear - {}
RESULT: {}
RESULT: {}
COMMAND: POST /session/fa0fa588b59cd70394c35387be1492a3/element/f.E45B0C2907A9CCBDD1B779A362D73609.d.CE131A5774AC38948F5FEC767D8A0500.e.8665/value - {"text":"catalogItemNamejny35"}
COMMAND: GET /session/fa0fa588b59cd70394c35387be1492a3/screenshot - {}
RESULT: {"text":"catalogItemNamejny35"}
COMMAND: GET /session/fa0fa588b59cd70394c35387be1492a3/screenshot - {}
RESULT: {}
RESULT: {}
COMMAND: POST /session/fa0fa588b59cd70394c35387be1492a3/actions - {"actions":[{"id":"action57","type":"key","parameters":{},"actions":[{"type":"keyDown","value":""},{"type":"pause","duration":10},{"type":"keyUp","value":""}]}]}
RESULT: {"actions":[{"id":"action57","type":"key","parameters":{},"actions":[{"type":"keyDown","value":""},{"type":"pause","duration":10},{"type":"keyUp","value":""}]}]}
COMMAND: GET /session/fa0fa588b59cd70394c35387be1492a3/screenshot - {}
RESULT: {}
COMMAND: POST /session/fa0fa588b59cd70394c35387be1492a3/execute/async - {"script":"<script> [1562 bytes]","args":[{"selector":{"controlType":"sap.m.Button","viewName":"etm.portal.ui.managerequests.view.NewRequest","i18NText":{"propertyName":"text","key":"requestSpecifications"},"interaction":{"idSuffix":"BDI-content"}},"wdio_ui5_key":"etmportal.ui.managerequests.view.NewRequestsap.m.Button{\"propertyName\":\"text\",\"key\":\"requestSpecifications\"}"}]}
RESULT: {"script":"<script> [1562 bytes]","args":[{"selector":{"controlType":"sap.m.Button","viewName":"etm.portal.ui.managerequests.view.NewRequest","i18NText":{"propertyName":"text","key":"requestSpecifications"},"interaction":{"idSuffix":"BDI-content"}},"wdio_ui5_key":"etmportal.ui.managerequests.view.NewRequestsap.m.Button{\"propertyName\":\"text\",\"key\":\"requestSpecifications\"}"}]}
RESULT: undefined
COMMAND: POST /session/fa0fa588b59cd70394c35387be1492a3/element - {"using":"xpath","value":"//*[@id=\"__button78-__xmlview59--requestItemsTable-0\"]"}
RESULT: {"using":"xpath","value":"//*[@id=\"__button78-__xmlview59--requestItemsTable-0\"]"}
COMMAND: POST /session/fa0fa588b59cd70394c35387be1492a3/element/f.E45B0C2907A9CCBDD1B779A362D73609.d.CE131A5774AC38948F5FEC767D8A0500.e.8679/click - {}
RESULT: {}
COMMAND: GET /session/fa0fa588b59cd70394c35387be1492a3/screenshot - {}
RESULT: {}
COMMAND: POST /session/fa0fa588b59cd70394c35387be1492a3/element - {"using":"xpath","value":"//input[@value=\"red\"]"}
RESULT: {"using":"xpath","value":"//input[@value=\"red\"]"}
COMMAND: POST /session/fa0fa588b59cd70394c35387be1492a3/elements - {"using":"xpath","value":"//input[@value=\"red\"]"}
RESULT: {"using":"xpath","value":"//input[@value=\"red\"]"}
COMMAND: POST /session/fa0fa588b59cd70394c35387be1492a3/execute/async - {"script":"<script> [1562 bytes]","args":[{"selector":{"controlType":"sap.m.Text","viewName":"etm.portal.ui.managerequests.view.NewRequest","bindingPath":{"path":"/currentEntries/0/PROPERTIES/0","propertyPath":"DESCRIPTION","modelName":"techSpecsClassificationModel"},"searchOpenDialogs":true},"wdio_ui5_key":"etmportal.ui.managerequests.view.NewRequestsap.m.Text{\"path\":\"/currentEntries/0/PROPERTIES/0\",\"propertyPath\":\"DESCRIPTION\",\"modelName\":\"techSpecsClassificationModel\"}"}]}
RESULT: {"script":"<script> [1562 bytes]","args":[{"selector":{"controlType":"sap.m.Text","viewName":"etm.portal.ui.managerequests.view.NewRequest","bindingPath":{"path":"/currentEntries/0/PROPERTIES/0","propertyPath":"DESCRIPTION","modelName":"techSpecsClassificationModel"},"searchOpenDialogs":true},"wdio_ui5_key":"etmportal.ui.managerequests.view.NewRequestsap.m.Text{\"path\":\"/currentEntries/0/PROPERTIES/0\",\"propertyPath\":\"DESCRIPTION\",\"modelName\":\"techSpecsClassificationModel\"}"}]}
RESULT: undefined
COMMAND: POST /session/fa0fa588b59cd70394c35387be1492a3/execute/async - {"script":"<script> [6424 bytes]","args":[{"element-6066-11e4-a52e-4f735466cecf":"f.E45B0C2907A9CCBDD1B779A362D73609.d.CE131A5774AC38948F5FEC767D8A0500.e.8687"},"getText",[]]}
RESULT: {"script":"<script> [6424 bytes]","args":[{"element-6066-11e4-a52e-4f735466cecf":"f.E45B0C2907A9CCBDD1B779A362D73609.d.CE131A5774AC38948F5FEC767D8A0500.e.8687"},"getText",[]]}
COMMAND: POST /session/fa0fa588b59cd70394c35387be1492a3/execute/async - {"script":"<script> [1562 bytes]","args":[{"selector":{"controlType":"sap.ui.core.Icon","viewName":"etm.portal.ui.managerequests.view.NewRequest","properties":{"src":{"regex":{"source":"slim\\-arrow\\-down"}}},"searchOpenDialogs":true},"wdio_ui5_key":"etmportal.ui.managerequests.view.NewRequestsap.ui.core.Icon{\"src\":{\"regex\":{\"source\":\"slim\\\\-arrow\\\\-down\"}}}"}]}
RESULT: {"script":"<script> [1562 bytes]","args":[{"selector":{"controlType":"sap.ui.core.Icon","viewName":"etm.portal.ui.managerequests.view.NewRequest","properties":{"src":{"regex":{"source":"slim\\-arrow\\-down"}}},"searchOpenDialogs":true},"wdio_ui5_key":"etmportal.ui.managerequests.view.NewRequestsap.ui.core.Icon{\"src\":{\"regex\":{\"source\":\"slim\\\\-arrow\\\\-down\"}}}"}]}
RESULT: undefined
COMMAND: POST /session/fa0fa588b59cd70394c35387be1492a3/element - {"using":"xpath","value":"//*[@id=\"__box58-arrow\"]"}
RESULT: {"using":"xpath","value":"//*[@id=\"__box58-arrow\"]"}
COMMAND: POST /session/fa0fa588b59cd70394c35387be1492a3/element/f.E45B0C2907A9CCBDD1B779A362D73609.d.CE131A5774AC38948F5FEC767D8A0500.e.8688/click - {}
RESULT: {}
COMMAND: POST /session/fa0fa588b59cd70394c35387be1492a3/execute/async - {"script":"<script> [1562 bytes]","args":[{"selector":{"controlType":"sap.m.StandardListItem","viewName":"etm.portal.ui.managerequests.view.NewRequest","properties":{"title":"blue"},"searchOpenDialogs":true,"interaction":{"idSuffix":"content"}},"wdio_ui5_key":"etmportal.ui.managerequests.view.NewRequestsap.m.StandardListItem{\"title\":\"blue\"}"}]}
COMMAND: GET /session/fa0fa588b59cd70394c35387be1492a3/screenshot - {}
RESULT: {"script":"<script> [1562 bytes]","args":[{"selector":{"controlType":"sap.m.StandardListItem","viewName":"etm.portal.ui.managerequests.view.NewRequest","properties":{"title":"blue"},"searchOpenDialogs":true,"interaction":{"idSuffix":"content"}},"wdio_ui5_key":"etmportal.ui.managerequests.view.NewRequestsap.m.StandardListItem{\"title\":\"blue\"}"}]}
RESULT: undefined
COMMAND: POST /session/fa0fa588b59cd70394c35387be1492a3/element - {"using":"xpath","value":"//*[@id=\"__item860\"]"}
RESULT: {}
RESULT: {"using":"xpath","value":"//*[@id=\"__item860\"]"}
COMMAND: POST /session/fa0fa588b59cd70394c35387be1492a3/element/f.E45B0C2907A9CCBDD1B779A362D73609.d.CE131A5774AC38948F5FEC767D8A0500.e.8691/click - {}
RESULT: {}
COMMAND: GET /session/fa0fa588b59cd70394c35387be1492a3/screenshot - {}
RESULT: {}
COMMAND: POST /session/fa0fa588b59cd70394c35387be1492a3/execute/async - {"script":"<script> [1562 bytes]","args":[{"selector":{"id":"saveButton","viewName":"etm.portal.ui.managerequests.view.NewRequest","searchOpenDialogs":true,"interaction":{"idSuffix":"BDI-content"}},"wdio_ui5_key":"saveButtonetmportal.ui.managerequests.view.NewRequest"}]}
RESULT: {"script":"<script> [1562 bytes]","args":[{"selector":{"id":"saveButton","viewName":"etm.portal.ui.managerequests.view.NewRequest","searchOpenDialogs":true,"interaction":{"idSuffix":"BDI-content"}},"wdio_ui5_key":"saveButtonetmportal.ui.managerequests.view.NewRequest"}]}
RESULT: undefined
COMMAND: POST /session/fa0fa588b59cd70394c35387be1492a3/element - {"using":"xpath","value":"//*[@id=\"__xmlview59--saveButton\"]"}
RESULT: {"using":"xpath","value":"//*[@id=\"__xmlview59--saveButton\"]"}
COMMAND: POST /session/fa0fa588b59cd70394c35387be1492a3/element/f.E45B0C2907A9CCBDD1B779A362D73609.d.CE131A5774AC38948F5FEC767D8A0500.e.8685/click - {}
RESULT: {}
COMMAND: POST /session/fa0fa588b59cd70394c35387be1492a3/execute/async - {"script":"<script> [1562 bytes]","args":[{"selector":{"controlType":"sap.ui.core.Icon","viewName":"etm.portal.ui.managerequests.view.NewRequest","properties":{"src":{"regex":{"source":"slim\\-arrow\\-down"}}},"ancestor":{"controlType":"sap.m.Button","viewName":"etm.portal.ui.managerequests.view.NewRequest","properties":{"icon":"sap-icon://slim-arrow-down"}}},"wdio_ui5_key":"etmportal.ui.managerequests.view.NewRequestsap.ui.core.Icon{\"src\":{\"regex\":{\"source\":\"slim\\\\-arrow\\\\-down\"}}}{\"controlType\":\"sap.m.Button\",\"viewName\":\"etm.portal.ui.managerequests.view.NewRequest\",\"properties\":{\"icon\":\"sap-icon://slim-arrow-down\"}}"}]}
COMMAND: GET /session/fa0fa588b59cd70394c35387be1492a3/screenshot - {}
RESULT: {"script":"<script> [1562 bytes]","args":[{"selector":{"controlType":"sap.ui.core.Icon","viewName":"etm.portal.ui.managerequests.view.NewRequest","properties":{"src":{"regex":{"source":"slim\\-arrow\\-down"}}},"ancestor":{"controlType":"sap.m.Button","viewName":"etm.portal.ui.managerequests.view.NewRequest","properties":{"icon":"sap-icon://slim-arrow-down"}}},"wdio_ui5_key":"etmportal.ui.managerequests.view.NewRequestsap.ui.core.Icon{\"src\":{\"regex\":{\"source\":\"slim\\\\-arrow\\\\-down\"}}}{\"controlType\":\"sap.m.Button\",\"viewName\":\"etm.portal.ui.managerequests.view.NewRequest\",\"properties\":{\"icon\":\"sap-icon://slim-arrow-down\"}}"}]}
RESULT: undefined
RESULT: {}
COMMAND: POST /session/fa0fa588b59cd70394c35387be1492a3/element - {"using":"xpath","value":"//div[contains(@data-kt ,\"splitAllocationObjectStatus\")]"}
RESULT: {"using":"xpath","value":"//div[contains(@data-kt ,\"splitAllocationObjectStatus\")]"}
COMMAND: POST /session/fa0fa588b59cd70394c35387be1492a3/elements - {"using":"xpath","value":"//div[contains(@data-kt ,\"splitAllocationObjectStatus\")]"}
RESULT: {"using":"xpath","value":"//div[contains(@data-kt ,\"splitAllocationObjectStatus\")]"}
COMMAND: POST /session/fa0fa588b59cd70394c35387be1492a3/execute/async - {"script":"<script> [1562 bytes]","args":[{"selector":{"controlType":"sap.ui.core.Icon","viewName":"etm.portal.ui.managerequests.view.NewRequest","properties":{"src":{"regex":{"source":"message\\-error"}}}},"wdio_ui5_key":"etmportal.ui.managerequests.view.NewRequestsap.ui.core.Icon{\"src\":{\"regex\":{\"source\":\"message\\\\-error\"}}}"}]}
RESULT: {"script":"<script> [1562 bytes]","args":[{"selector":{"controlType":"sap.ui.core.Icon","viewName":"etm.portal.ui.managerequests.view.NewRequest","properties":{"src":{"regex":{"source":"message\\-error"}}}},"wdio_ui5_key":"etmportal.ui.managerequests.view.NewRequestsap.ui.core.Icon{\"src\":{\"regex\":{\"source\":\"message\\\\-error\"}}}"}]}
RESULT: undefined
COMMAND: POST /session/fa0fa588b59cd70394c35387be1492a3/element - {"using":"xpath","value":"//*[@id=\"__status4-__xmlview59--requestItemsTable-0-icon\"]"}
RESULT: {"using":"xpath","value":"//*[@id=\"__status4-__xmlview59--requestItemsTable-0-icon\"]"}
COMMAND: POST /session/fa0fa588b59cd70394c35387be1492a3/element/f.E45B0C2907A9CCBDD1B779A362D73609.d.CE131A5774AC38948F5FEC767D8A0500.e.8694/click - {}
RESULT: {}
COMMAND: POST /session/fa0fa588b59cd70394c35387be1492a3/execute/async - {"script":"<script> [1562 bytes]","args":[{"selector":{"controlType":"sap.ui.core.Icon","viewName":"etm.portal.ui.managerequests.view.NewRequest","properties":{"src":{"regex":{"source":"slim\\-arrow\\-down"}}},"searchOpenDialogs":true,"ancestor":{"id":"costObjectAdminTypeComboBox","viewName":"etm.portal.ui.managerequests.view.NewRequest","searchOpenDialogs":true}},"wdio_ui5_key":"etmportal.ui.managerequests.view.NewRequestsap.ui.core.Icon{\"src\":{\"regex\":{\"source\":\"slim\\\\-arrow\\\\-down\"}}}{\"id\":\"costObjectAdminTypeComboBox\",\"viewName\":\"etm.portal.ui.managerequests.view.NewRequest\",\"searchOpenDialogs\":true}"}]}
COMMAND: GET /session/fa0fa588b59cd70394c35387be1492a3/screenshot - {}
RESULT: {"script":"<script> [1562 bytes]","args":[{"selector":{"controlType":"sap.ui.core.Icon","viewName":"etm.portal.ui.managerequests.view.NewRequest","properties":{"src":{"regex":{"source":"slim\\-arrow\\-down"}}},"searchOpenDialogs":true,"ancestor":{"id":"costObjectAdminTypeComboBox","viewName":"etm.portal.ui.managerequests.view.NewRequest","searchOpenDialogs":true}},"wdio_ui5_key":"etmportal.ui.managerequests.view.NewRequestsap.ui.core.Icon{\"src\":{\"regex\":{\"source\":\"slim\\\\-arrow\\\\-down\"}}}{\"id\":\"costObjectAdminTypeComboBox\",\"viewName\":\"etm.portal.ui.managerequests.view.NewRequest\",\"searchOpenDialogs\":true}"}]}
RESULT: undefined
COMMAND: POST /session/fa0fa588b59cd70394c35387be1492a3/element - {"using":"xpath","value":"//*[@id=\"__xmlview59--costObjectAdminTypeComboBox-arrow\"]"}
RESULT: {}
RESULT: {"using":"xpath","value":"//*[@id=\"__xmlview59--costObjectAdminTypeComboBox-arrow\"]"}
COMMAND: POST /session/fa0fa588b59cd70394c35387be1492a3/element/f.E45B0C2907A9CCBDD1B779A362D73609.d.CE131A5774AC38948F5FEC767D8A0500.e.8698/click - {}
RESULT: {}
COMMAND: POST /session/fa0fa588b59cd70394c35387be1492a3/execute/async - {"script":"<script> [1562 bytes]","args":[{"selector":{"controlType":"sap.m.StandardListItem","viewName":"etm.portal.ui.managerequests.view.NewRequest","properties":{"title":"Cost Center"},"searchOpenDialogs":true,"interaction":{"idSuffix":"titleText"}},"wdio_ui5_key":"etmportal.ui.managerequests.view.NewRequestsap.m.StandardListItem{\"title\":\"Cost Center\"}"}]}
COMMAND: GET /session/fa0fa588b59cd70394c35387be1492a3/screenshot - {}
RESULT: {"script":"<script> [1562 bytes]","args":[{"selector":{"controlType":"sap.m.StandardListItem","viewName":"etm.portal.ui.managerequests.view.NewRequest","properties":{"title":"Cost Center"},"searchOpenDialogs":true,"interaction":{"idSuffix":"titleText"}},"wdio_ui5_key":"etmportal.ui.managerequests.view.NewRequestsap.m.StandardListItem{\"title\":\"Cost Center\"}"}]}
RESULT: undefined
COMMAND: POST /session/fa0fa588b59cd70394c35387be1492a3/element - {"using":"xpath","value":"//*[@id=\"__item863\"]"}
RESULT: {}
RESULT: {"using":"xpath","value":"//*[@id=\"__item863\"]"}
COMMAND: POST /session/fa0fa588b59cd70394c35387be1492a3/element/f.E45B0C2907A9CCBDD1B779A362D73609.d.CE131A5774AC38948F5FEC767D8A0500.e.8701/click - {}
RESULT: {}
COMMAND: GET /session/fa0fa588b59cd70394c35387be1492a3/screenshot - {}
RESULT: {}
COMMAND: POST /session/fa0fa588b59cd70394c35387be1492a3/execute/async - {"script":"<script> [1562 bytes]","args":[{"selector":{"controlType":"sap.ui.core.Icon","viewName":"etm.portal.ui.managerequests.view.NewRequest","properties":{"src":{"regex":{"source":"value\\-help"}}},"searchOpenDialogs":true},"wdio_ui5_key":"etmportal.ui.managerequests.view.NewRequestsap.ui.core.Icon{\"src\":{\"regex\":{\"source\":\"value\\\\-help\"}}}"}]}
RESULT: {"script":"<script> [1562 bytes]","args":[{"selector":{"controlType":"sap.ui.core.Icon","viewName":"etm.portal.ui.managerequests.view.NewRequest","properties":{"src":{"regex":{"source":"value\\-help"}}},"searchOpenDialogs":true},"wdio_ui5_key":"etmportal.ui.managerequests.view.NewRequestsap.ui.core.Icon{\"src\":{\"regex\":{\"source\":\"value\\\\-help\"}}}"}]}
RESULT: undefined
COMMAND: POST /session/fa0fa588b59cd70394c35387be1492a3/element - {"using":"xpath","value":"//*[@id=\"__xmlview59--costObjectIdComboBox-vhi\"]"}
RESULT: {"using":"xpath","value":"//*[@id=\"__xmlview59--costObjectIdComboBox-vhi\"]"}
COMMAND: POST /session/fa0fa588b59cd70394c35387be1492a3/element/f.E45B0C2907A9CCBDD1B779A362D73609.d.CE131A5774AC38948F5FEC767D8A0500.e.8708/click - {}
RESULT: {}
COMMAND: POST /session/fa0fa588b59cd70394c35387be1492a3/execute/async - {"script":"<script> [1562 bytes]","args":[{"selector":{"controlType":"sap.m.SearchField","properties":{"placeholder":"Search"},"searchOpenDialogs":true,"interaction":{"idSuffix":"I"}},"wdio_ui5_key":"sapm.SearchField{\"placeholder\":\"Search\"}"}]}
COMMAND: GET /session/fa0fa588b59cd70394c35387be1492a3/screenshot - {}
RESULT: {"script":"<script> [1562 bytes]","args":[{"selector":{"controlType":"sap.m.SearchField","properties":{"placeholder":"Search"},"searchOpenDialogs":true,"interaction":{"idSuffix":"I"}},"wdio_ui5_key":"sapm.SearchField{\"placeholder\":\"Search\"}"}]}
RESULT: undefined
COMMAND: POST /session/fa0fa588b59cd70394c35387be1492a3/execute/async - {"script":"<script> [776 bytes]","args":[{"enterText":"10001010","selector":{"controlType":"sap.m.SearchField","properties":{"placeholder":"Search"},"searchOpenDialogs":true,"interaction":{"idSuffix":"I"}},"clearTextFirst":true,"interactionType":"ENTER_TEXT"}]}
RESULT: {}
RESULT: {"script":"<script> [776 bytes]","args":[{"enterText":"10001010","selector":{"controlType":"sap.m.SearchField","properties":{"placeholder":"Search"},"searchOpenDialogs":true,"interaction":{"idSuffix":"I"}},"clearTextFirst":true,"interactionType":"ENTER_TEXT"}]}
COMMAND: POST /session/fa0fa588b59cd70394c35387be1492a3/actions - {"actions":[{"id":"action58","type":"key","parameters":{},"actions":[{"type":"keyDown","value":""},{"type":"pause","duration":10},{"type":"keyUp","value":""}]}]}
RESULT: {"actions":[{"id":"action58","type":"key","parameters":{},"actions":[{"type":"keyDown","value":""},{"type":"pause","duration":10},{"type":"keyUp","value":""}]}]}
COMMAND: GET /session/fa0fa588b59cd70394c35387be1492a3/screenshot - {}
RESULT: {}
COMMAND: POST /session/fa0fa588b59cd70394c35387be1492a3/execute/async - {"script":"<script> [1562 bytes]","args":[{"selector":{"controlType":"sap.m.Text","bindingPath":{"path":"/C_CostCtrValueHelp(CostCenter='10001010',ControllingArea='Z001')","propertyPath":"CostCenterName","modelName":"CostCenterModel"},"searchOpenDialogs":true},"wdio_ui5_key":"sapm.Text{\"path\":\"/C_CostCtrValueHelp(CostCenter='10001010',ControllingArea='Z001')\",\"propertyPath\":\"CostCenterName\",\"modelName\":\"CostCenterModel\"}"}]}
RESULT: {"script":"<script> [1562 bytes]","args":[{"selector":{"controlType":"sap.m.Text","bindingPath":{"path":"/C_CostCtrValueHelp(CostCenter='10001010',ControllingArea='Z001')","propertyPath":"CostCenterName","modelName":"CostCenterModel"},"searchOpenDialogs":true},"wdio_ui5_key":"sapm.Text{\"path\":\"/C_CostCtrValueHelp(CostCenter='10001010',ControllingArea='Z001')\",\"propertyPath\":\"CostCenterName\",\"modelName\":\"CostCenterModel\"}"}]}
RESULT: undefined
COMMAND: POST /session/fa0fa588b59cd70394c35387be1492a3/element - {"using":"xpath","value":"//*[@id=\"__text550-__clone1075\"]"}
RESULT: {"using":"xpath","value":"//*[@id=\"__text550-__clone1075\"]"}
COMMAND: POST /session/fa0fa588b59cd70394c35387be1492a3/element/f.E45B0C2907A9CCBDD1B779A362D73609.d.CE131A5774AC38948F5FEC767D8A0500.e.8748/click - {}
RESULT: {}
COMMAND: POST /session/fa0fa588b59cd70394c35387be1492a3/execute/async - {"script":"<script> [1562 bytes]","args":[{"selector":{"controlType":"sap.m.Button","properties":{"text":"OK"},"searchOpenDialogs":true,"interaction":{"idSuffix":"BDI-content"}},"wdio_ui5_key":"sapm.Button{\"text\":\"OK\"}"}]}
COMMAND: GET /session/fa0fa588b59cd70394c35387be1492a3/screenshot - {}
RESULT: {"script":"<script> [1562 bytes]","args":[{"selector":{"controlType":"sap.m.Button","properties":{"text":"OK"},"searchOpenDialogs":true,"interaction":{"idSuffix":"BDI-content"}},"wdio_ui5_key":"sapm.Button{\"text\":\"OK\"}"}]}
RESULT: undefined
COMMAND: POST /session/fa0fa588b59cd70394c35387be1492a3/element - {"using":"xpath","value":"//*[@id=\"__dialog2-ok\"]"}
RESULT: {}
RESULT: {"using":"xpath","value":"//*[@id=\"__dialog2-ok\"]"}
COMMAND: POST /session/fa0fa588b59cd70394c35387be1492a3/element/f.E45B0C2907A9CCBDD1B779A362D73609.d.CE131A5774AC38948F5FEC767D8A0500.e.8750/click - {}
RESULT: {}
COMMAND: GET /session/fa0fa588b59cd70394c35387be1492a3/screenshot - {}
RESULT: {}
COMMAND: POST /session/fa0fa588b59cd70394c35387be1492a3/execute/async - {"script":"<script> [1562 bytes]","args":[{"selector":{"controlType":"sap.m.Button","viewName":"etm.portal.ui.managerequests.view.NewRequest","i18NText":{"propertyName":"text","key":"save"},"searchOpenDialogs":true,"interaction":{"idSuffix":"BDI-content"}},"wdio_ui5_key":"etmportal.ui.managerequests.view.NewRequestsap.m.Button{\"propertyName\":\"text\",\"key\":\"save\"}"}]}
RESULT: {"script":"<script> [1562 bytes]","args":[{"selector":{"controlType":"sap.m.Button","viewName":"etm.portal.ui.managerequests.view.NewRequest","i18NText":{"propertyName":"text","key":"save"},"searchOpenDialogs":true,"interaction":{"idSuffix":"BDI-content"}},"wdio_ui5_key":"etmportal.ui.managerequests.view.NewRequestsap.m.Button{\"propertyName\":\"text\",\"key\":\"save\"}"}]}
RESULT: undefined
COMMAND: POST /session/fa0fa588b59cd70394c35387be1492a3/element - {"using":"xpath","value":"//*[@id=\"__button91\"]"}
RESULT: {"using":"xpath","value":"//*[@id=\"__button91\"]"}
COMMAND: POST /session/fa0fa588b59cd70394c35387be1492a3/element/f.E45B0C2907A9CCBDD1B779A362D73609.d.CE131A5774AC38948F5FEC767D8A0500.e.8754/click - {}
RESULT: {}
COMMAND: GET /session/fa0fa588b59cd70394c35387be1492a3/screenshot - {}
RESULT: {}
COMMAND: POST /session/fa0fa588b59cd70394c35387be1492a3/execute/async - {"script":"<script> [1562 bytes]","args":[{"selector":{"controlType":"sap.m.Button","viewName":"etm.portal.ui.managerequests.view.NewRequest","i18NText":{"propertyName":"tooltip","key":"save"},"interaction":{"idSuffix":"content"}},"wdio_ui5_key":"etmportal.ui.managerequests.view.NewRequestsap.m.Button{\"propertyName\":\"tooltip\",\"key\":\"save\"}"}]}
RESULT: {"script":"<script> [1562 bytes]","args":[{"selector":{"controlType":"sap.m.Button","viewName":"etm.portal.ui.managerequests.view.NewRequest","i18NText":{"propertyName":"tooltip","key":"save"},"interaction":{"idSuffix":"content"}},"wdio_ui5_key":"etmportal.ui.managerequests.view.NewRequestsap.m.Button{\"propertyName\":\"tooltip\",\"key\":\"save\"}"}]}
RESULT: undefined
COMMAND: POST /session/fa0fa588b59cd70394c35387be1492a3/element - {"using":"xpath","value":"//*[@id=\"__button80\"]"}
RESULT: {"using":"xpath","value":"//*[@id=\"__button80\"]"}
COMMAND: POST /session/fa0fa588b59cd70394c35387be1492a3/element/f.E45B0C2907A9CCBDD1B779A362D73609.d.CE131A5774AC38948F5FEC767D8A0500.e.8595/click - {}
RESULT: {}
COMMAND: GET /session/fa0fa588b59cd70394c35387be1492a3/screenshot - {}
RESULT: {}
COMMAND: POST /session/fa0fa588b59cd70394c35387be1492a3/execute/async - {"script":"<script> [1562 bytes]","args":[{"selector":{"controlType":"sap.m.Title","properties":{"text":"Success"},"searchOpenDialogs":true},"wdio_ui5_key":"sapm.Title{\"text\":\"Success\"}"}]}
RESULT: {"script":"<script> [1562 bytes]","args":[{"selector":{"controlType":"sap.m.Title","properties":{"text":"Success"},"searchOpenDialogs":true},"wdio_ui5_key":"sapm.Title{\"text\":\"Success\"}"}]}
RESULT: undefined
COMMAND: POST /session/fa0fa588b59cd70394c35387be1492a3/execute/async - {"script":"<script> [6424 bytes]","args":[{"element-6066-11e4-a52e-4f735466cecf":"f.E45B0C2907A9CCBDD1B779A362D73609.d.CE131A5774AC38948F5FEC767D8A0500.e.8759"},"getText",[]]}
RESULT: {"script":"<script> [6424 bytes]","args":[{"element-6066-11e4-a52e-4f735466cecf":"f.E45B0C2907A9CCBDD1B779A362D73609.d.CE131A5774AC38948F5FEC767D8A0500.e.8759"},"getText",[]]}
COMMAND: POST /session/fa0fa588b59cd70394c35387be1492a3/execute/async - {"script":"<script> [1562 bytes]","args":[{"selector":{"controlType":"sap.m.Button","properties":{"text":"Close"},"searchOpenDialogs":true,"interaction":{"idSuffix":"BDI-content"}},"wdio_ui5_key":"sapm.Button{\"text\":\"Close\"}"}]}
RESULT: {"script":"<script> [1562 bytes]","args":[{"selector":{"controlType":"sap.m.Button","properties":{"text":"Close"},"searchOpenDialogs":true,"interaction":{"idSuffix":"BDI-content"}},"wdio_ui5_key":"sapm.Button{\"text\":\"Close\"}"}]}
RESULT: undefined
COMMAND: POST /session/fa0fa588b59cd70394c35387be1492a3/element - {"using":"xpath","value":"//*[@id=\"__mbox-btn-0\"]"}
RESULT: {"using":"xpath","value":"//*[@id=\"__mbox-btn-0\"]"}
COMMAND: POST /session/fa0fa588b59cd70394c35387be1492a3/element/f.E45B0C2907A9CCBDD1B779A362D73609.d.CE131A5774AC38948F5FEC767D8A0500.e.8758/click - {}
RESULT: {}
COMMAND: GET /session/fa0fa588b59cd70394c35387be1492a3/screenshot - {}
RESULT: {}
COMMAND: POST /session/fa0fa588b59cd70394c35387be1492a3/execute/async - {"script":"<script> [1562 bytes]","args":[{"selector":{"controlType":"sap.m.Button","viewName":"etm.portal.ui.managerequests.view.Detail","i18NText":{"propertyName":"text","key":"requestSpecifications"},"interaction":{"idSuffix":"BDI-content"}},"wdio_ui5_key":"etmportal.ui.managerequests.view.Detailsap.m.Button{\"propertyName\":\"text\",\"key\":\"requestSpecifications\"}"}]}
RESULT: {"script":"<script> [1562 bytes]","args":[{"selector":{"controlType":"sap.m.Button","viewName":"etm.portal.ui.managerequests.view.Detail","i18NText":{"propertyName":"text","key":"requestSpecifications"},"interaction":{"idSuffix":"BDI-content"}},"wdio_ui5_key":"etmportal.ui.managerequests.view.Detailsap.m.Button{\"propertyName\":\"text\",\"key\":\"requestSpecifications\"}"}]}
RESULT: undefined
COMMAND: POST /session/fa0fa588b59cd70394c35387be1492a3/element - {"using":"xpath","value":"//*[@id=\"__button107-__clone1114\"]"}
RESULT: {"using":"xpath","value":"//*[@id=\"__button107-__clone1114\"]"}
COMMAND: POST /session/fa0fa588b59cd70394c35387be1492a3/element/f.E45B0C2907A9CCBDD1B779A362D73609.d.CE131A5774AC38948F5FEC767D8A0500.e.8875/click - {}
RESULT: {}
COMMAND: GET /session/fa0fa588b59cd70394c35387be1492a3/screenshot - {}
RESULT: {}
COMMAND: POST /session/fa0fa588b59cd70394c35387be1492a3/element - {"using":"xpath","value":"//input[@value=\"blue\"]"}
RESULT: {"using":"xpath","value":"//input[@value=\"blue\"]"}
COMMAND: POST /session/fa0fa588b59cd70394c35387be1492a3/elements - {"using":"xpath","value":"//input[@value=\"blue\"]"}
RESULT: {"using":"xpath","value":"//input[@value=\"blue\"]"}
COMMAND: POST /session/fa0fa588b59cd70394c35387be1492a3/execute/async - {"script":"<script> [1562 bytes]","args":[{"selector":{"id":"cancelRequestSpecificationsButton","viewName":"etm.portal.ui.managerequests.view.Detail","searchOpenDialogs":true,"interaction":{"idSuffix":"BDI-content"}},"wdio_ui5_key":"cancelRequestSpecificationsButtonetmportal.ui.managerequests.view.Detail"}]}
RESULT: {"script":"<script> [1562 bytes]","args":[{"selector":{"id":"cancelRequestSpecificationsButton","viewName":"etm.portal.ui.managerequests.view.Detail","searchOpenDialogs":true,"interaction":{"idSuffix":"BDI-content"}},"wdio_ui5_key":"cancelRequestSpecificationsButtonetmportal.ui.managerequests.view.Detail"}]}
RESULT: undefined
COMMAND: POST /session/fa0fa588b59cd70394c35387be1492a3/element - {"using":"xpath","value":"//*[@id=\"__xmlview60--cancelRequestSpecificationsButton\"]"}
RESULT: {"using":"xpath","value":"//*[@id=\"__xmlview60--cancelRequestSpecificationsButton\"]"}
COMMAND: POST /session/fa0fa588b59cd70394c35387be1492a3/element/f.E45B0C2907A9CCBDD1B779A362D73609.d.CE131A5774AC38948F5FEC767D8A0500.e.8888/click - {}
RESULT: {}
COMMAND: GET /session/fa0fa588b59cd70394c35387be1492a3/screenshot - {}
COMMAND: POST /session/fa0fa588b59cd70394c35387be1492a3/element - {"using":"css selector","value":"#shell-header-logo"}
RESULT: {}
RESULT: {"using":"css selector","value":"#shell-header-logo"}
COMMAND: POST /session/fa0fa588b59cd70394c35387be1492a3/element/f.E45B0C2907A9CCBDD1B779A362D73609.d.CE131A5774AC38948F5FEC767D8A0500.e.8316/click - {}
RESULT: {}
COMMAND: GET /session/fa0fa588b59cd70394c35387be1492a3/screenshot - {}
RESULT: {}
]]></system-out>
    </testcase>
  </testsuite>
  <testsuite timestamp="2025-05-28T16:03:23" time="364.069" tests="3" failures="0" errors="0" skipped="0">
    <properties>
      <property name="specId" value="0"/>
      <property name="suiteName" value="Reserve/Unreserve request item via reserve option US139161"/>
      <property name="capabilities" value="chrome.136_0_7103_93.windows"/>
      <property name="file" value="file:///D:/a/1/s/test/specs/R2C/reserve-unreserve-request-item-via-reserve-option.spec.js"/>
    </properties>
    <testcase classname="chrome.136_0_7103_93.windows.Reserve/Unreserve_request_item_via_reserve_option_US139161" name="Should add the material to the catalog item" time="79.27">
      <system-out><![CDATA[
COMMAND: POST /session/fa0fa588b59cd70394c35387be1492a3/execute/async - {"script":"<script> [1562 bytes]","args":[{"selector":{"controlType":"sap.m.GenericTile","properties":{"header":"Manage Catalogs"}},"wdio_ui5_key":"sapm.GenericTile{\"header\":\"Manage Catalogs\"}"}]}
RESULT: {"script":"<script> [1562 bytes]","args":[{"selector":{"controlType":"sap.m.GenericTile","properties":{"header":"Manage Catalogs"}},"wdio_ui5_key":"sapm.GenericTile{\"header\":\"Manage Catalogs\"}"}]}
RESULT: undefined
COMMAND: POST /session/fa0fa588b59cd70394c35387be1492a3/element - {"using":"xpath","value":"//*[@id=\"__tile37\"]"}
RESULT: {"using":"xpath","value":"//*[@id=\"__tile37\"]"}
COMMAND: POST /session/fa0fa588b59cd70394c35387be1492a3/element/f.E45B0C2907A9CCBDD1B779A362D73609.d.CE131A5774AC38948F5FEC767D8A0500.e.8895/click - {}
RESULT: {}
COMMAND: GET /session/fa0fa588b59cd70394c35387be1492a3/screenshot - {}
RESULT: {}
COMMAND: POST /session/fa0fa588b59cd70394c35387be1492a3/elements - {"using":"xpath","value":"//span[text()='Error']"}
RESULT: {"using":"xpath","value":"//span[text()='Error']"}
COMMAND: POST /session/fa0fa588b59cd70394c35387be1492a3/execute/async - {"script":"<script> [1562 bytes]","args":[{"selector":{"controlType":"sap.m.Text","viewName":"etm.portal.ui.managecatalogs.view.MasterCatalogs","viewId":"application-managecatalogs-display-component---masterCatalogs","bindingPath":{"path":"/Catalogs('0D7502D073D53A0F1700BE067B89AFF9')","propertyPath":"DESCRIPTION","modelName":"catalogModel"}},"wdio_ui5_key":"etmportal.ui.managecatalogs.view.MasterCatalogssap.m.Text{\"path\":\"/Catalogs('0D7502D073D53A0F1700BE067B89AFF9')\",\"propertyPath\":\"DESCRIPTION\",\"modelName\":\"catalogModel\"}"}]}
RESULT: {"script":"<script> [1562 bytes]","args":[{"selector":{"controlType":"sap.m.Text","viewName":"etm.portal.ui.managecatalogs.view.MasterCatalogs","viewId":"application-managecatalogs-display-component---masterCatalogs","bindingPath":{"path":"/Catalogs('0D7502D073D53A0F1700BE067B89AFF9')","propertyPath":"DESCRIPTION","modelName":"catalogModel"}},"wdio_ui5_key":"etmportal.ui.managecatalogs.view.MasterCatalogssap.m.Text{\"path\":\"/Catalogs('0D7502D073D53A0F1700BE067B89AFF9')\",\"propertyPath\":\"DESCRIPTION\",\"modelName\":\"catalogModel\"}"}]}
RESULT: undefined
COMMAND: POST /session/fa0fa588b59cd70394c35387be1492a3/element - {"using":"xpath","value":"//*[@id=\"__text685-application-managecatalogs-display-component---masterCatalogs--CatalogsTable-11\"]"}
RESULT: {"using":"xpath","value":"//*[@id=\"__text685-application-managecatalogs-display-component---masterCatalogs--CatalogsTable-11\"]"}
COMMAND: POST /session/fa0fa588b59cd70394c35387be1492a3/element/f.E45B0C2907A9CCBDD1B779A362D73609.d.CE131A5774AC38948F5FEC767D8A0500.e.8964/click - {}
RESULT: {}
RESULT: undefined
COMMAND: POST /session/fa0fa588b59cd70394c35387be1492a3/execute/async - {"script":"<script> [776 bytes]","args":[{"enterText":"catalogItem3xqp","selector":{"id":"application-managecatalogs-display-component---masterCatalogItems--searchItemsField","interaction":{"idSuffix":"I"}},"clearTextFirst":true,"interactionType":"ENTER_TEXT"}]}
COMMAND: GET /session/fa0fa588b59cd70394c35387be1492a3/screenshot - {}
RESULT: {"script":"<script> [776 bytes]","args":[{"enterText":"catalogItem3xqp","selector":{"id":"application-managecatalogs-display-component---masterCatalogItems--searchItemsField","interaction":{"idSuffix":"I"}},"clearTextFirst":true,"interactionType":"ENTER_TEXT"}]}
COMMAND: POST /session/fa0fa588b59cd70394c35387be1492a3/actions - {"actions":[{"id":"action59","type":"key","parameters":{},"actions":[{"type":"keyDown","value":""},{"type":"pause","duration":10},{"type":"keyUp","value":""}]}]}
RESULT: {}
RESULT: {"actions":[{"id":"action59","type":"key","parameters":{},"actions":[{"type":"keyDown","value":""},{"type":"pause","duration":10},{"type":"keyUp","value":""}]}]}
COMMAND: POST /session/fa0fa588b59cd70394c35387be1492a3/element - {"using":"xpath","value":"(//span[contains(text(), \"catalogItem3xqp\")])[1]"}
COMMAND: GET /session/fa0fa588b59cd70394c35387be1492a3/screenshot - {}
RESULT: {"using":"xpath","value":"(//span[contains(text(), \"catalogItem3xqp\")])[1]"}
COMMAND: POST /session/fa0fa588b59cd70394c35387be1492a3/element/f.E45B0C2907A9CCBDD1B779A362D73609.d.CE131A5774AC38948F5FEC767D8A0500.e.9003/click - {}
RESULT: {}
RESULT: {}
COMMAND: GET /session/fa0fa588b59cd70394c35387be1492a3/screenshot - {}
RESULT: {}
COMMAND: POST /session/fa0fa588b59cd70394c35387be1492a3/element - {"using":"xpath","value":"//*[contains(@id ,\"BDI-content\")][contains(text(), \"Edit\")]"}
RESULT: {"using":"xpath","value":"//*[contains(@id ,\"BDI-content\")][contains(text(), \"Edit\")]"}
COMMAND: POST /session/fa0fa588b59cd70394c35387be1492a3/element/f.E45B0C2907A9CCBDD1B779A362D73609.d.CE131A5774AC38948F5FEC767D8A0500.e.9084/click - {}
RESULT: {}
COMMAND: GET /session/fa0fa588b59cd70394c35387be1492a3/screenshot - {}
RESULT: {}
COMMAND: POST /session/fa0fa588b59cd70394c35387be1492a3/element - {"using":"xpath","value":"//bdi[contains(text(), \"Assigned Resources\")]"}
RESULT: {"using":"xpath","value":"//bdi[contains(text(), \"Assigned Resources\")]"}
COMMAND: POST /session/fa0fa588b59cd70394c35387be1492a3/element/f.E45B0C2907A9CCBDD1B779A362D73609.d.CE131A5774AC38948F5FEC767D8A0500.e.9107/click - {}
RESULT: {}
COMMAND: GET /session/fa0fa588b59cd70394c35387be1492a3/screenshot - {}
RESULT: {}
COMMAND: POST /session/fa0fa588b59cd70394c35387be1492a3/element - {"using":"xpath","value":"//button[contains(@data-kt ,\"catalogItemAssignRuButton\")]"}
RESULT: {"using":"xpath","value":"//button[contains(@data-kt ,\"catalogItemAssignRuButton\")]"}
COMMAND: POST /session/fa0fa588b59cd70394c35387be1492a3/element/f.E45B0C2907A9CCBDD1B779A362D73609.d.CE131A5774AC38948F5FEC767D8A0500.e.9115/click - {}
RESULT: {}
COMMAND: GET /session/fa0fa588b59cd70394c35387be1492a3/screenshot - {}
RESULT: {}
COMMAND: POST /session/fa0fa588b59cd70394c35387be1492a3/actions - {"actions":[{"id":"action60","type":"key","parameters":{},"actions":[{"type":"keyDown","value":""},{"type":"pause","duration":10},{"type":"keyUp","value":""}]}]}
RESULT: {"actions":[{"id":"action60","type":"key","parameters":{},"actions":[{"type":"keyDown","value":""},{"type":"pause","duration":10},{"type":"keyUp","value":""}]}]}
COMMAND: GET /session/fa0fa588b59cd70394c35387be1492a3/screenshot - {}
RESULT: {}
COMMAND: POST /session/fa0fa588b59cd70394c35387be1492a3/execute/async - {"script":"<script> [1562 bytes]","args":[{"selector":{"id":"application-managecatalogs-display-component---detailCatalog--assignRUSearchField-vhi","searchOpenDialogs":true},"wdio_ui5_key":"applicationmanagecatalogs-display-component---detailCatalog--assignRUSearchField-vhi"}]}
RESULT: {"script":"<script> [1562 bytes]","args":[{"selector":{"id":"application-managecatalogs-display-component---detailCatalog--assignRUSearchField-vhi","searchOpenDialogs":true},"wdio_ui5_key":"applicationmanagecatalogs-display-component---detailCatalog--assignRUSearchField-vhi"}]}
RESULT: undefined
COMMAND: POST /session/fa0fa588b59cd70394c35387be1492a3/element - {"using":"xpath","value":"//*[@id=\"application-managecatalogs-display-component---detailCatalog--assignRUSearchField-vhi\"]"}
RESULT: {"using":"xpath","value":"//*[@id=\"application-managecatalogs-display-component---detailCatalog--assignRUSearchField-vhi\"]"}
COMMAND: POST /session/fa0fa588b59cd70394c35387be1492a3/element/f.E45B0C2907A9CCBDD1B779A362D73609.d.CE131A5774AC38948F5FEC767D8A0500.e.9131/click - {}
RESULT: {}
COMMAND: GET /session/fa0fa588b59cd70394c35387be1492a3/screenshot - {}
RESULT: {}
COMMAND: POST /session/fa0fa588b59cd70394c35387be1492a3/element - {"using":"xpath","value":"//input[contains(@id ,\"searchField-I\")]"}
RESULT: {"using":"xpath","value":"//input[contains(@id ,\"searchField-I\")]"}
COMMAND: POST /session/fa0fa588b59cd70394c35387be1492a3/element/f.E45B0C2907A9CCBDD1B779A362D73609.d.CE131A5774AC38948F5FEC767D8A0500.e.9135/clear - {}
RESULT: {}
COMMAND: POST /session/fa0fa588b59cd70394c35387be1492a3/element/f.E45B0C2907A9CCBDD1B779A362D73609.d.CE131A5774AC38948F5FEC767D8A0500.e.9135/value - {"text":"WebdriverMatTest0kkvk"}
COMMAND: GET /session/fa0fa588b59cd70394c35387be1492a3/screenshot - {}
RESULT: {"text":"WebdriverMatTest0kkvk"}
COMMAND: GET /session/fa0fa588b59cd70394c35387be1492a3/screenshot - {}
RESULT: {}
RESULT: {}
COMMAND: POST /session/fa0fa588b59cd70394c35387be1492a3/actions - {"actions":[{"id":"action61","type":"key","parameters":{},"actions":[{"type":"keyDown","value":""},{"type":"pause","duration":10},{"type":"keyUp","value":""}]}]}
RESULT: {"actions":[{"id":"action61","type":"key","parameters":{},"actions":[{"type":"keyDown","value":""},{"type":"pause","duration":10},{"type":"keyUp","value":""}]}]}
COMMAND: GET /session/fa0fa588b59cd70394c35387be1492a3/screenshot - {}
RESULT: {}
COMMAND: POST /session/fa0fa588b59cd70394c35387be1492a3/actions - {"actions":[{"id":"action62","type":"key","parameters":{},"actions":[{"type":"keyDown","value":""},{"type":"pause","duration":10},{"type":"keyUp","value":""}]}]}
RESULT: {"actions":[{"id":"action62","type":"key","parameters":{},"actions":[{"type":"keyDown","value":""},{"type":"pause","duration":10},{"type":"keyUp","value":""}]}]}
COMMAND: GET /session/fa0fa588b59cd70394c35387be1492a3/screenshot - {}
RESULT: {}
COMMAND: POST /session/fa0fa588b59cd70394c35387be1492a3/actions - {"actions":[{"id":"action63","type":"key","parameters":{},"actions":[{"type":"keyDown","value":""},{"type":"pause","duration":10},{"type":"keyUp","value":""}]}]}
RESULT: {"actions":[{"id":"action63","type":"key","parameters":{},"actions":[{"type":"keyDown","value":""},{"type":"pause","duration":10},{"type":"keyUp","value":""}]}]}
COMMAND: GET /session/fa0fa588b59cd70394c35387be1492a3/screenshot - {}
RESULT: {}
COMMAND: POST /session/fa0fa588b59cd70394c35387be1492a3/element - {"using":"xpath","value":"//bdi[contains(@id ,\"application-managecatalogs-display-component---detailCatalog--RUAssignmentSaveButton-BDI-content\")]"}
RESULT: {"using":"xpath","value":"//bdi[contains(@id ,\"application-managecatalogs-display-component---detailCatalog--RUAssignmentSaveButton-BDI-content\")]"}
COMMAND: POST /session/fa0fa588b59cd70394c35387be1492a3/element/f.E45B0C2907A9CCBDD1B779A362D73609.d.CE131A5774AC38948F5FEC767D8A0500.e.9150/click - {}
RESULT: {}
COMMAND: GET /session/fa0fa588b59cd70394c35387be1492a3/screenshot - {}
RESULT: {}
COMMAND: POST /session/fa0fa588b59cd70394c35387be1492a3/element - {"using":"xpath","value":"//bdi[contains(text(), \"Save\")]"}
RESULT: {"using":"xpath","value":"//bdi[contains(text(), \"Save\")]"}
COMMAND: POST /session/fa0fa588b59cd70394c35387be1492a3/element/f.E45B0C2907A9CCBDD1B779A362D73609.d.CE131A5774AC38948F5FEC767D8A0500.e.9180/click - {}
RESULT: {}
COMMAND: GET /session/fa0fa588b59cd70394c35387be1492a3/screenshot - {}
RESULT: {}
COMMAND: POST /session/fa0fa588b59cd70394c35387be1492a3/element - {"using":"css selector","value":"#shell-header-logo"}
RESULT: {"using":"css selector","value":"#shell-header-logo"}
COMMAND: POST /session/fa0fa588b59cd70394c35387be1492a3/element/f.E45B0C2907A9CCBDD1B779A362D73609.d.CE131A5774AC38948F5FEC767D8A0500.e.8899/click - {}
RESULT: {}
COMMAND: GET /session/fa0fa588b59cd70394c35387be1492a3/screenshot - {}
RESULT: {}
COMMAND: POST /session/fa0fa588b59cd70394c35387be1492a3/refresh - {}
RESULT: {}
COMMAND: GET /session/fa0fa588b59cd70394c35387be1492a3/screenshot - {}
RESULT: {}
COMMAND: POST /session/fa0fa588b59cd70394c35387be1492a3/execute/async - {"script":"<script> [189 bytes]","args":[]}
RESULT: {"script":"<script> [189 bytes]","args":[]}
COMMAND: POST /session/fa0fa588b59cd70394c35387be1492a3/execute/async - {"script":"<script> [123 bytes]","args":[]}
RESULT: {"script":"<script> [123 bytes]","args":[]}
COMMAND: POST /session/fa0fa588b59cd70394c35387be1492a3/timeouts - {"script":"<number>"}
RESULT: {"script":"<number>"}
COMMAND: GET /session/fa0fa588b59cd70394c35387be1492a3/timeouts - {}
RESULT: {}
RESULT: undefined
COMMAND: POST /session/fa0fa588b59cd70394c35387be1492a3/execute/async - {"script":"<script> [2676 bytes]","args":[]}
RESULT: {"script":"<script> [2676 bytes]","args":[]}
COMMAND: POST /session/fa0fa588b59cd70394c35387be1492a3/execute/async - {"script":"<script> [2342 bytes]","args":[{"protocol":"http","hostname":"0.0.0.0","path":"/","capabilities":{"browserName":"chrome","goog:chromeOptions":{"binary":"C:\\Program Files\\Google\\Chrome\\Application\\chrome.exe","args":["--start-maximized"]}},"logLevel":"warn","connectionRetryTimeout":120000,"connectionRetryCount":3,"logLevels":{},"enableDirectConnect":true,"strictSSL":true,"_":"65 more keys: [\"cacheDir\",\"port\",\"requestedCapabilities\",\"automationProtocol\",\"baseUrl\",\"waitforInterval\",\"waitforTimeout\",\"onReload\",\"beforeCommand\",\"afterCommand\",\"rootDir\",\"specs\",\"suites\",\"exclude\",\"groupLogsByTestSpec\",\"excludeDriverLogs\",\"bail\",\"framework\",\"reporters\",\"services\",\"maxInstances\",\"maxInstancesPerCapability\",\"injectGlobals\",\"filesToWatch\",\"execArgv\",\"runnerEnv\",\"runner\",\"shard\",\"specFileRetries\",\"specFileRetriesDelay\",\"specFileRetriesDeferred\",\"reporterSyncInterval\",\"reporterSyncTimeout\",\"cucumberFeaturesWithLineNumbers\",\"autoCompileOpts\",\"mochaOpts\",\"jasmineOpts\",\"cucumberOpts\",\"onPrepare\",\"onWorkerStart\",\"onWorkerEnd\",\"before\",\"beforeSession\",\"beforeSuite\",\"beforeHook\",\"beforeTest\",\"afterTest\",\"afterHook\",\"afterSuite\",\"afterSession\",\"after\",\"onComplete\",\"beforeAssertion\",\"afterAssertion\",\"beforeFeature\",\"beforeScenario\",\"beforeStep\",\"afterStep\",\"afterScenario\",\"afterFeature\",\"_\",\"suite\",\"$0\",\"ignoredWorkerServices\",\"wdi5\"]"}]}
RESULT: {"script":"<script> [2342 bytes]","args":[{"protocol":"http","hostname":"0.0.0.0","path":"/","capabilities":{"browserName":"chrome","goog:chromeOptions":{"binary":"C:\\Program Files\\Google\\Chrome\\Application\\chrome.exe","args":["--start-maximized"]}},"logLevel":"warn","connectionRetryTimeout":120000,"connectionRetryCount":3,"logLevels":{},"enableDirectConnect":true,"strictSSL":true,"_":"65 more keys: [\"cacheDir\",\"port\",\"requestedCapabilities\",\"automationProtocol\",\"baseUrl\",\"waitforInterval\",\"waitforTimeout\",\"onReload\",\"beforeCommand\",\"afterCommand\",\"rootDir\",\"specs\",\"suites\",\"exclude\",\"groupLogsByTestSpec\",\"excludeDriverLogs\",\"bail\",\"framework\",\"reporters\",\"services\",\"maxInstances\",\"maxInstancesPerCapability\",\"injectGlobals\",\"filesToWatch\",\"execArgv\",\"runnerEnv\",\"runner\",\"shard\",\"specFileRetries\",\"specFileRetriesDelay\",\"specFileRetriesDeferred\",\"reporterSyncInterval\",\"reporterSyncTimeout\",\"cucumberFeaturesWithLineNumbers\",\"autoCompileOpts\",\"mochaOpts\",\"jasmineOpts\",\"cucumberOpts\",\"onPrepare\",\"onWorkerStart\",\"onWorkerEnd\",\"before\",\"beforeSession\",\"beforeSuite\",\"beforeHook\",\"beforeTest\",\"afterTest\",\"afterHook\",\"afterSuite\",\"afterSession\",\"after\",\"onComplete\",\"beforeAssertion\",\"afterAssertion\",\"beforeFeature\",\"beforeScenario\",\"beforeStep\",\"afterStep\",\"afterScenario\",\"afterFeature\",\"_\",\"suite\",\"$0\",\"ignoredWorkerServices\",\"wdi5\"]"}]}
COMMAND: POST /session/fa0fa588b59cd70394c35387be1492a3/execute/async - {"script":"<script> [21126 bytes]","args":[35000]}
RESULT: {"script":"<script> [21126 bytes]","args":[35000]}
]]></system-out>
    </testcase>
    <testcase classname="chrome.136_0_7103_93.windows.Reserve/Unreserve_request_item_via_reserve_option_US139161" name="Should create a new request with a catalog item that can be planned" time="162.238">
      <system-out><![CDATA[
COMMAND: POST /session/fa0fa588b59cd70394c35387be1492a3/execute/async - {"script":"<script> [1562 bytes]","args":[{"selector":{"controlType":"sap.m.GenericTile","properties":{"header":"Manage Requests"}},"wdio_ui5_key":"sapm.GenericTile{\"header\":\"Manage Requests\"}"}]}
RESULT: {"script":"<script> [1562 bytes]","args":[{"selector":{"controlType":"sap.m.GenericTile","properties":{"header":"Manage Requests"}},"wdio_ui5_key":"sapm.GenericTile{\"header\":\"Manage Requests\"}"}]}
RESULT: undefined
COMMAND: POST /session/fa0fa588b59cd70394c35387be1492a3/element - {"using":"xpath","value":"//*[@id=\"__tile47\"]"}
RESULT: {"using":"xpath","value":"//*[@id=\"__tile47\"]"}
COMMAND: POST /session/fa0fa588b59cd70394c35387be1492a3/element/f.E45B0C2907A9CCBDD1B779A362D73609.d.70541DDD946B070FE1F15DB2CC34AA01.e.9225/click - {}
RESULT: {}
COMMAND: GET /session/fa0fa588b59cd70394c35387be1492a3/screenshot - {}
RESULT: {}
COMMAND: POST /session/fa0fa588b59cd70394c35387be1492a3/elements - {"using":"xpath","value":"//span[text()='Error']"}
RESULT: {"using":"xpath","value":"//span[text()='Error']"}
COMMAND: POST /session/fa0fa588b59cd70394c35387be1492a3/element - {"using":"xpath","value":"//button[contains(@data-kt ,\"btnCreateNewOverflowToolbarButton\")]"}
COMMAND: POST /session/fa0fa588b59cd70394c35387be1492a3/element - {"using":"xpath","value":"(//span[contains(@class ,\"sapMObjStatusText\")])[1]"}
RESULT: {"using":"xpath","value":"//button[contains(@data-kt ,\"btnCreateNewOverflowToolbarButton\")]"}
COMMAND: POST /session/fa0fa588b59cd70394c35387be1492a3/element/f.E45B0C2907A9CCBDD1B779A362D73609.d.70541DDD946B070FE1F15DB2CC34AA01.e.9282/click - {}
RESULT: {"using":"xpath","value":"(//span[contains(@class ,\"sapMObjStatusText\")])[1]"}
COMMAND: POST /session/fa0fa588b59cd70394c35387be1492a3/execute/sync - {"script":"<script> [8489 bytes]","args":[{"element-6066-11e4-a52e-4f735466cecf":"f.E45B0C2907A9CCBDD1B779A362D73609.d.70541DDD946B070FE1F15DB2CC34AA01.e.9323","ELEMENT":"f.E45B0C2907A9CCBDD1B779A362D73609.d.70541DDD946B070FE1F15DB2CC34AA01.e.9323"}]}
RESULT: {}
COMMAND: GET /session/fa0fa588b59cd70394c35387be1492a3/screenshot - {}
RESULT: {"script":"<script> [8489 bytes]","args":[{"element-6066-11e4-a52e-4f735466cecf":"f.E45B0C2907A9CCBDD1B779A362D73609.d.70541DDD946B070FE1F15DB2CC34AA01.e.9323","ELEMENT":"f.E45B0C2907A9CCBDD1B779A362D73609.d.70541DDD946B070FE1F15DB2CC34AA01.e.9323"}]}
COMMAND: GET /session/fa0fa588b59cd70394c35387be1492a3/screenshot - {}
RESULT: {}
RESULT: {}
COMMAND: POST /session/fa0fa588b59cd70394c35387be1492a3/element - {"using":"xpath","value":"//input[contains(@id ,\"yardId-inner\")]"}
RESULT: {"using":"xpath","value":"//input[contains(@id ,\"yardId-inner\")]"}
COMMAND: POST /session/fa0fa588b59cd70394c35387be1492a3/execute/sync - {"script":"<script> [8489 bytes]","args":[{"element-6066-11e4-a52e-4f735466cecf":"f.E45B0C2907A9CCBDD1B779A362D73609.d.70541DDD946B070FE1F15DB2CC34AA01.e.9404","ELEMENT":"f.E45B0C2907A9CCBDD1B779A362D73609.d.70541DDD946B070FE1F15DB2CC34AA01.e.9404"}]}
RESULT: {"script":"<script> [8489 bytes]","args":[{"element-6066-11e4-a52e-4f735466cecf":"f.E45B0C2907A9CCBDD1B779A362D73609.d.70541DDD946B070FE1F15DB2CC34AA01.e.9404","ELEMENT":"f.E45B0C2907A9CCBDD1B779A362D73609.d.70541DDD946B070FE1F15DB2CC34AA01.e.9404"}]}
COMMAND: POST /session/fa0fa588b59cd70394c35387be1492a3/element - {"using":"xpath","value":"//input[contains(@id ,\"yardId-inner\")]"}
COMMAND: GET /session/fa0fa588b59cd70394c35387be1492a3/screenshot - {}
RESULT: {"using":"xpath","value":"//input[contains(@id ,\"yardId-inner\")]"}
COMMAND: GET /session/fa0fa588b59cd70394c35387be1492a3/element/f.E45B0C2907A9CCBDD1B779A362D73609.d.70541DDD946B070FE1F15DB2CC34AA01.e.9404/enabled - {}
RESULT: {}
RESULT: {}
COMMAND: POST /session/fa0fa588b59cd70394c35387be1492a3/element/f.E45B0C2907A9CCBDD1B779A362D73609.d.70541DDD946B070FE1F15DB2CC34AA01.e.9404/clear - {}
COMMAND: GET /session/fa0fa588b59cd70394c35387be1492a3/screenshot - {}
RESULT: {}
COMMAND: POST /session/fa0fa588b59cd70394c35387be1492a3/element/f.E45B0C2907A9CCBDD1B779A362D73609.d.70541DDD946B070FE1F15DB2CC34AA01.e.9404/value - {"text":"WebdriverYard9d4i2"}
COMMAND: GET /session/fa0fa588b59cd70394c35387be1492a3/screenshot - {}
RESULT: {}
RESULT: {"text":"WebdriverYard9d4i2"}
COMMAND: GET /session/fa0fa588b59cd70394c35387be1492a3/screenshot - {}
RESULT: {}
RESULT: {}
COMMAND: POST /session/fa0fa588b59cd70394c35387be1492a3/actions - {"actions":[{"id":"action64","type":"key","parameters":{},"actions":[{"type":"keyDown","value":""},{"type":"pause","duration":10},{"type":"keyUp","value":""}]}]}
COMMAND: POST /session/fa0fa588b59cd70394c35387be1492a3/element - {"using":"xpath","value":"//input[contains(@id ,\"customerNumber-inner\")]"}
RESULT: {"actions":[{"id":"action64","type":"key","parameters":{},"actions":[{"type":"keyDown","value":""},{"type":"pause","duration":10},{"type":"keyUp","value":""}]}]}
RESULT: {"using":"xpath","value":"//input[contains(@id ,\"customerNumber-inner\")]"}
COMMAND: POST /session/fa0fa588b59cd70394c35387be1492a3/element/f.E45B0C2907A9CCBDD1B779A362D73609.d.70541DDD946B070FE1F15DB2CC34AA01.e.9398/value - {"text":"WebdriverPartneruamqb"}
COMMAND: GET /session/fa0fa588b59cd70394c35387be1492a3/screenshot - {}
RESULT: {"text":"WebdriverPartneruamqb"}
COMMAND: GET /session/fa0fa588b59cd70394c35387be1492a3/screenshot - {}
RESULT: {}
RESULT: {}
COMMAND: POST /session/fa0fa588b59cd70394c35387be1492a3/actions - {"actions":[{"id":"action65","type":"key","parameters":{},"actions":[{"type":"keyDown","value":""},{"type":"pause","duration":10},{"type":"keyUp","value":""}]}]}
RESULT: {"actions":[{"id":"action65","type":"key","parameters":{},"actions":[{"type":"keyDown","value":""},{"type":"pause","duration":10},{"type":"keyUp","value":""}]}]}
COMMAND: GET /session/fa0fa588b59cd70394c35387be1492a3/screenshot - {}
RESULT: {}
COMMAND: GET /session/fa0fa588b59cd70394c35387be1492a3/element/f.E45B0C2907A9CCBDD1B779A362D73609.d.70541DDD946B070FE1F15DB2CC34AA01.e.9398/property/value - {}
RESULT: {}
COMMAND: GET /session/fa0fa588b59cd70394c35387be1492a3/screenshot - {}
RESULT: {}
COMMAND: POST /session/fa0fa588b59cd70394c35387be1492a3/element - {"using":"xpath","value":"//input[contains(@id ,\"requestSiteId-inner\")]"}
RESULT: {"using":"xpath","value":"//input[contains(@id ,\"requestSiteId-inner\")]"}
COMMAND: POST /session/fa0fa588b59cd70394c35387be1492a3/element/f.E45B0C2907A9CCBDD1B779A362D73609.d.70541DDD946B070FE1F15DB2CC34AA01.e.9397/value - {"text":"WebdriverSitekhdmn"}
RESULT: {"text":"WebdriverSitekhdmn"}
COMMAND: GET /session/fa0fa588b59cd70394c35387be1492a3/screenshot - {}
RESULT: {}
COMMAND: POST /session/fa0fa588b59cd70394c35387be1492a3/actions - {"actions":[{"id":"action66","type":"key","parameters":{},"actions":[{"type":"keyDown","value":""},{"type":"pause","duration":10},{"type":"keyUp","value":""}]}]}
RESULT: {"actions":[{"id":"action66","type":"key","parameters":{},"actions":[{"type":"keyDown","value":""},{"type":"pause","duration":10},{"type":"keyUp","value":""}]}]}
COMMAND: GET /session/fa0fa588b59cd70394c35387be1492a3/screenshot - {}
RESULT: {}
COMMAND: POST /session/fa0fa588b59cd70394c35387be1492a3/element - {"using":"xpath","value":"//button[contains(@data-kt ,\"requestItemAddOverflowToolbarButton\")]"}
RESULT: {"using":"xpath","value":"//button[contains(@data-kt ,\"requestItemAddOverflowToolbarButton\")]"}
COMMAND: POST /session/fa0fa588b59cd70394c35387be1492a3/element/f.E45B0C2907A9CCBDD1B779A362D73609.d.70541DDD946B070FE1F15DB2CC34AA01.e.9581/click - {}
RESULT: {}
COMMAND: GET /session/fa0fa588b59cd70394c35387be1492a3/screenshot - {}
RESULT: {}
COMMAND: POST /session/fa0fa588b59cd70394c35387be1492a3/actions - {"actions":[{"id":"action67","type":"key","parameters":{},"actions":[{"type":"keyDown","value":""},{"type":"pause","duration":10},{"type":"keyUp","value":""}]}]}
RESULT: {"actions":[{"id":"action67","type":"key","parameters":{},"actions":[{"type":"keyDown","value":""},{"type":"pause","duration":10},{"type":"keyUp","value":""}]}]}
COMMAND: POST /session/fa0fa588b59cd70394c35387be1492a3/actions - {"actions":[{"id":"action68","type":"key","parameters":{},"actions":[{"type":"keyDown","value":""},{"type":"pause","duration":10},{"type":"keyUp","value":""}]}]}
COMMAND: GET /session/fa0fa588b59cd70394c35387be1492a3/screenshot - {}
RESULT: {"actions":[{"id":"action68","type":"key","parameters":{},"actions":[{"type":"keyDown","value":""},{"type":"pause","duration":10},{"type":"keyUp","value":""}]}]}
COMMAND: POST /session/fa0fa588b59cd70394c35387be1492a3/element - {"using":"xpath","value":"(//input[contains(@id ,\"requestItemsTable-0-inner\")])[1]"}
COMMAND: GET /session/fa0fa588b59cd70394c35387be1492a3/screenshot - {}
RESULT: {}
RESULT: {"using":"xpath","value":"(//input[contains(@id ,\"requestItemsTable-0-inner\")])[1]"}
COMMAND: POST /session/fa0fa588b59cd70394c35387be1492a3/element/f.E45B0C2907A9CCBDD1B779A362D73609.d.70541DDD946B070FE1F15DB2CC34AA01.e.9585/clear - {}
RESULT: {}
RESULT: {}
COMMAND: POST /session/fa0fa588b59cd70394c35387be1492a3/element/f.E45B0C2907A9CCBDD1B779A362D73609.d.70541DDD946B070FE1F15DB2CC34AA01.e.9585/value - {"text":"catalogItem3xqp"}
COMMAND: GET /session/fa0fa588b59cd70394c35387be1492a3/screenshot - {}
RESULT: {"text":"catalogItem3xqp"}
COMMAND: GET /session/fa0fa588b59cd70394c35387be1492a3/screenshot - {}
RESULT: {}
RESULT: {}
COMMAND: POST /session/fa0fa588b59cd70394c35387be1492a3/actions - {"actions":[{"id":"action69","type":"key","parameters":{},"actions":[{"type":"keyDown","value":""},{"type":"pause","duration":10},{"type":"keyUp","value":""}]}]}
RESULT: {"actions":[{"id":"action69","type":"key","parameters":{},"actions":[{"type":"keyDown","value":""},{"type":"pause","duration":10},{"type":"keyUp","value":""}]}]}
COMMAND: GET /session/fa0fa588b59cd70394c35387be1492a3/screenshot - {}
RESULT: {}
COMMAND: POST /session/fa0fa588b59cd70394c35387be1492a3/execute/async - {"script":"<script> [1562 bytes]","args":[{"selector":{"controlType":"sap.ui.core.Icon","viewName":"etm.portal.ui.managerequests.view.NewRequest","properties":{"src":{"regex":{"source":"slim\\-arrow\\-down"}}},"ancestor":{"controlType":"sap.m.Button","viewName":"etm.portal.ui.managerequests.view.NewRequest","properties":{"icon":"sap-icon://slim-arrow-down"}}},"wdio_ui5_key":"etmportal.ui.managerequests.view.NewRequestsap.ui.core.Icon{\"src\":{\"regex\":{\"source\":\"slim\\\\-arrow\\\\-down\"}}}{\"controlType\":\"sap.m.Button\",\"viewName\":\"etm.portal.ui.managerequests.view.NewRequest\",\"properties\":{\"icon\":\"sap-icon://slim-arrow-down\"}}"}]}
RESULT: {"script":"<script> [1562 bytes]","args":[{"selector":{"controlType":"sap.ui.core.Icon","viewName":"etm.portal.ui.managerequests.view.NewRequest","properties":{"src":{"regex":{"source":"slim\\-arrow\\-down"}}},"ancestor":{"controlType":"sap.m.Button","viewName":"etm.portal.ui.managerequests.view.NewRequest","properties":{"icon":"sap-icon://slim-arrow-down"}}},"wdio_ui5_key":"etmportal.ui.managerequests.view.NewRequestsap.ui.core.Icon{\"src\":{\"regex\":{\"source\":\"slim\\\\-arrow\\\\-down\"}}}{\"controlType\":\"sap.m.Button\",\"viewName\":\"etm.portal.ui.managerequests.view.NewRequest\",\"properties\":{\"icon\":\"sap-icon://slim-arrow-down\"}}"}]}
RESULT: undefined
COMMAND: POST /session/fa0fa588b59cd70394c35387be1492a3/element - {"using":"xpath","value":"//div[contains(@data-kt ,\"splitAllocationObjectStatus\")]"}
RESULT: {"using":"xpath","value":"//div[contains(@data-kt ,\"splitAllocationObjectStatus\")]"}
COMMAND: POST /session/fa0fa588b59cd70394c35387be1492a3/elements - {"using":"xpath","value":"//div[contains(@data-kt ,\"splitAllocationObjectStatus\")]"}
RESULT: {"using":"xpath","value":"//div[contains(@data-kt ,\"splitAllocationObjectStatus\")]"}
COMMAND: POST /session/fa0fa588b59cd70394c35387be1492a3/execute/async - {"script":"<script> [1562 bytes]","args":[{"selector":{"controlType":"sap.ui.core.Icon","viewName":"etm.portal.ui.managerequests.view.NewRequest","properties":{"src":{"regex":{"source":"message\\-error"}}}},"wdio_ui5_key":"etmportal.ui.managerequests.view.NewRequestsap.ui.core.Icon{\"src\":{\"regex\":{\"source\":\"message\\\\-error\"}}}"}]}
RESULT: {"script":"<script> [1562 bytes]","args":[{"selector":{"controlType":"sap.ui.core.Icon","viewName":"etm.portal.ui.managerequests.view.NewRequest","properties":{"src":{"regex":{"source":"message\\-error"}}}},"wdio_ui5_key":"etmportal.ui.managerequests.view.NewRequestsap.ui.core.Icon{\"src\":{\"regex\":{\"source\":\"message\\\\-error\"}}}"}]}
RESULT: undefined
COMMAND: POST /session/fa0fa588b59cd70394c35387be1492a3/element - {"using":"xpath","value":"//*[@id=\"__status4-__xmlview59--requestItemsTable-0-icon\"]"}
RESULT: {"using":"xpath","value":"//*[@id=\"__status4-__xmlview59--requestItemsTable-0-icon\"]"}
COMMAND: POST /session/fa0fa588b59cd70394c35387be1492a3/element/f.E45B0C2907A9CCBDD1B779A362D73609.d.70541DDD946B070FE1F15DB2CC34AA01.e.9600/click - {}
RESULT: {}
COMMAND: POST /session/fa0fa588b59cd70394c35387be1492a3/execute/async - {"script":"<script> [1562 bytes]","args":[{"selector":{"controlType":"sap.ui.core.Icon","viewName":"etm.portal.ui.managerequests.view.NewRequest","properties":{"src":{"regex":{"source":"slim\\-arrow\\-down"}}},"searchOpenDialogs":true,"ancestor":{"id":"costObjectAdminTypeComboBox","viewName":"etm.portal.ui.managerequests.view.NewRequest","searchOpenDialogs":true}},"wdio_ui5_key":"etmportal.ui.managerequests.view.NewRequestsap.ui.core.Icon{\"src\":{\"regex\":{\"source\":\"slim\\\\-arrow\\\\-down\"}}}{\"id\":\"costObjectAdminTypeComboBox\",\"viewName\":\"etm.portal.ui.managerequests.view.NewRequest\",\"searchOpenDialogs\":true}"}]}
COMMAND: GET /session/fa0fa588b59cd70394c35387be1492a3/screenshot - {}
RESULT: {"script":"<script> [1562 bytes]","args":[{"selector":{"controlType":"sap.ui.core.Icon","viewName":"etm.portal.ui.managerequests.view.NewRequest","properties":{"src":{"regex":{"source":"slim\\-arrow\\-down"}}},"searchOpenDialogs":true,"ancestor":{"id":"costObjectAdminTypeComboBox","viewName":"etm.portal.ui.managerequests.view.NewRequest","searchOpenDialogs":true}},"wdio_ui5_key":"etmportal.ui.managerequests.view.NewRequestsap.ui.core.Icon{\"src\":{\"regex\":{\"source\":\"slim\\\\-arrow\\\\-down\"}}}{\"id\":\"costObjectAdminTypeComboBox\",\"viewName\":\"etm.portal.ui.managerequests.view.NewRequest\",\"searchOpenDialogs\":true}"}]}
RESULT: undefined
COMMAND: POST /session/fa0fa588b59cd70394c35387be1492a3/element - {"using":"xpath","value":"//*[@id=\"__xmlview59--costObjectAdminTypeComboBox-arrow\"]"}
RESULT: {}
RESULT: {"using":"xpath","value":"//*[@id=\"__xmlview59--costObjectAdminTypeComboBox-arrow\"]"}
COMMAND: POST /session/fa0fa588b59cd70394c35387be1492a3/element/f.E45B0C2907A9CCBDD1B779A362D73609.d.70541DDD946B070FE1F15DB2CC34AA01.e.9605/click - {}
RESULT: {}
COMMAND: POST /session/fa0fa588b59cd70394c35387be1492a3/execute/async - {"script":"<script> [1562 bytes]","args":[{"selector":{"controlType":"sap.m.StandardListItem","viewName":"etm.portal.ui.managerequests.view.NewRequest","properties":{"title":"Cost Center"},"searchOpenDialogs":true,"interaction":{"idSuffix":"titleText"}},"wdio_ui5_key":"etmportal.ui.managerequests.view.NewRequestsap.m.StandardListItem{\"title\":\"Cost Center\"}"}]}
COMMAND: GET /session/fa0fa588b59cd70394c35387be1492a3/screenshot - {}
RESULT: {"script":"<script> [1562 bytes]","args":[{"selector":{"controlType":"sap.m.StandardListItem","viewName":"etm.portal.ui.managerequests.view.NewRequest","properties":{"title":"Cost Center"},"searchOpenDialogs":true,"interaction":{"idSuffix":"titleText"}},"wdio_ui5_key":"etmportal.ui.managerequests.view.NewRequestsap.m.StandardListItem{\"title\":\"Cost Center\"}"}]}
RESULT: undefined
COMMAND: POST /session/fa0fa588b59cd70394c35387be1492a3/element - {"using":"xpath","value":"//*[@id=\"__item609\"]"}
RESULT: {}
RESULT: {"using":"xpath","value":"//*[@id=\"__item609\"]"}
COMMAND: POST /session/fa0fa588b59cd70394c35387be1492a3/element/f.E45B0C2907A9CCBDD1B779A362D73609.d.70541DDD946B070FE1F15DB2CC34AA01.e.9607/click - {}
RESULT: {}
COMMAND: GET /session/fa0fa588b59cd70394c35387be1492a3/screenshot - {}
RESULT: {}
COMMAND: POST /session/fa0fa588b59cd70394c35387be1492a3/execute/async - {"script":"<script> [1562 bytes]","args":[{"selector":{"controlType":"sap.ui.core.Icon","viewName":"etm.portal.ui.managerequests.view.NewRequest","properties":{"src":{"regex":{"source":"value\\-help"}}},"searchOpenDialogs":true},"wdio_ui5_key":"etmportal.ui.managerequests.view.NewRequestsap.ui.core.Icon{\"src\":{\"regex\":{\"source\":\"value\\\\-help\"}}}"}]}
RESULT: {"script":"<script> [1562 bytes]","args":[{"selector":{"controlType":"sap.ui.core.Icon","viewName":"etm.portal.ui.managerequests.view.NewRequest","properties":{"src":{"regex":{"source":"value\\-help"}}},"searchOpenDialogs":true},"wdio_ui5_key":"etmportal.ui.managerequests.view.NewRequestsap.ui.core.Icon{\"src\":{\"regex\":{\"source\":\"value\\\\-help\"}}}"}]}
RESULT: undefined
COMMAND: POST /session/fa0fa588b59cd70394c35387be1492a3/element - {"using":"xpath","value":"//*[@id=\"__xmlview59--costObjectIdComboBox-vhi\"]"}
RESULT: {"using":"xpath","value":"//*[@id=\"__xmlview59--costObjectIdComboBox-vhi\"]"}
COMMAND: POST /session/fa0fa588b59cd70394c35387be1492a3/element/f.E45B0C2907A9CCBDD1B779A362D73609.d.70541DDD946B070FE1F15DB2CC34AA01.e.9614/click - {}
RESULT: {}
COMMAND: POST /session/fa0fa588b59cd70394c35387be1492a3/execute/async - {"script":"<script> [1562 bytes]","args":[{"selector":{"controlType":"sap.m.SearchField","properties":{"placeholder":"Search"},"searchOpenDialogs":true,"interaction":{"idSuffix":"I"}},"wdio_ui5_key":"sapm.SearchField{\"placeholder\":\"Search\"}"}]}
COMMAND: GET /session/fa0fa588b59cd70394c35387be1492a3/screenshot - {}
RESULT: {"script":"<script> [1562 bytes]","args":[{"selector":{"controlType":"sap.m.SearchField","properties":{"placeholder":"Search"},"searchOpenDialogs":true,"interaction":{"idSuffix":"I"}},"wdio_ui5_key":"sapm.SearchField{\"placeholder\":\"Search\"}"}]}
RESULT: undefined
COMMAND: POST /session/fa0fa588b59cd70394c35387be1492a3/execute/async - {"script":"<script> [776 bytes]","args":[{"enterText":"10001010","selector":{"controlType":"sap.m.SearchField","properties":{"placeholder":"Search"},"searchOpenDialogs":true,"interaction":{"idSuffix":"I"}},"clearTextFirst":true,"interactionType":"ENTER_TEXT"}]}
RESULT: {}
RESULT: {"script":"<script> [776 bytes]","args":[{"enterText":"10001010","selector":{"controlType":"sap.m.SearchField","properties":{"placeholder":"Search"},"searchOpenDialogs":true,"interaction":{"idSuffix":"I"}},"clearTextFirst":true,"interactionType":"ENTER_TEXT"}]}
COMMAND: POST /session/fa0fa588b59cd70394c35387be1492a3/actions - {"actions":[{"id":"action70","type":"key","parameters":{},"actions":[{"type":"keyDown","value":""},{"type":"pause","duration":10},{"type":"keyUp","value":""}]}]}
RESULT: {"actions":[{"id":"action70","type":"key","parameters":{},"actions":[{"type":"keyDown","value":""},{"type":"pause","duration":10},{"type":"keyUp","value":""}]}]}
COMMAND: GET /session/fa0fa588b59cd70394c35387be1492a3/screenshot - {}
RESULT: {}
COMMAND: POST /session/fa0fa588b59cd70394c35387be1492a3/execute/async - {"script":"<script> [1562 bytes]","args":[{"selector":{"controlType":"sap.m.Text","bindingPath":{"path":"/C_CostCtrValueHelp(CostCenter='10001010',ControllingArea='Z001')","propertyPath":"CostCenterName","modelName":"CostCenterModel"},"searchOpenDialogs":true},"wdio_ui5_key":"sapm.Text{\"path\":\"/C_CostCtrValueHelp(CostCenter='10001010',ControllingArea='Z001')\",\"propertyPath\":\"CostCenterName\",\"modelName\":\"CostCenterModel\"}"}]}
RESULT: {"script":"<script> [1562 bytes]","args":[{"selector":{"controlType":"sap.m.Text","bindingPath":{"path":"/C_CostCtrValueHelp(CostCenter='10001010',ControllingArea='Z001')","propertyPath":"CostCenterName","modelName":"CostCenterModel"},"searchOpenDialogs":true},"wdio_ui5_key":"sapm.Text{\"path\":\"/C_CostCtrValueHelp(CostCenter='10001010',ControllingArea='Z001')\",\"propertyPath\":\"CostCenterName\",\"modelName\":\"CostCenterModel\"}"}]}
RESULT: undefined
COMMAND: POST /session/fa0fa588b59cd70394c35387be1492a3/element - {"using":"xpath","value":"//*[@id=\"__text291-__clone747\"]"}
RESULT: {"using":"xpath","value":"//*[@id=\"__text291-__clone747\"]"}
COMMAND: POST /session/fa0fa588b59cd70394c35387be1492a3/element/f.E45B0C2907A9CCBDD1B779A362D73609.d.70541DDD946B070FE1F15DB2CC34AA01.e.9655/click - {}
RESULT: {}
COMMAND: POST /session/fa0fa588b59cd70394c35387be1492a3/execute/async - {"script":"<script> [1562 bytes]","args":[{"selector":{"controlType":"sap.m.Button","properties":{"text":"OK"},"searchOpenDialogs":true,"interaction":{"idSuffix":"BDI-content"}},"wdio_ui5_key":"sapm.Button{\"text\":\"OK\"}"}]}
COMMAND: GET /session/fa0fa588b59cd70394c35387be1492a3/screenshot - {}
RESULT: {"script":"<script> [1562 bytes]","args":[{"selector":{"controlType":"sap.m.Button","properties":{"text":"OK"},"searchOpenDialogs":true,"interaction":{"idSuffix":"BDI-content"}},"wdio_ui5_key":"sapm.Button{\"text\":\"OK\"}"}]}
RESULT: undefined
COMMAND: POST /session/fa0fa588b59cd70394c35387be1492a3/element - {"using":"xpath","value":"//*[@id=\"__dialog1-ok\"]"}
RESULT: {}
RESULT: {"using":"xpath","value":"//*[@id=\"__dialog1-ok\"]"}
COMMAND: POST /session/fa0fa588b59cd70394c35387be1492a3/element/f.E45B0C2907A9CCBDD1B779A362D73609.d.70541DDD946B070FE1F15DB2CC34AA01.e.9657/click - {}
RESULT: {}
COMMAND: GET /session/fa0fa588b59cd70394c35387be1492a3/screenshot - {}
RESULT: {}
COMMAND: POST /session/fa0fa588b59cd70394c35387be1492a3/execute/async - {"script":"<script> [1562 bytes]","args":[{"selector":{"controlType":"sap.m.Button","viewName":"etm.portal.ui.managerequests.view.NewRequest","i18NText":{"propertyName":"text","key":"save"},"searchOpenDialogs":true,"interaction":{"idSuffix":"BDI-content"}},"wdio_ui5_key":"etmportal.ui.managerequests.view.NewRequestsap.m.Button{\"propertyName\":\"text\",\"key\":\"save\"}"}]}
RESULT: {"script":"<script> [1562 bytes]","args":[{"selector":{"controlType":"sap.m.Button","viewName":"etm.portal.ui.managerequests.view.NewRequest","i18NText":{"propertyName":"text","key":"save"},"searchOpenDialogs":true,"interaction":{"idSuffix":"BDI-content"}},"wdio_ui5_key":"etmportal.ui.managerequests.view.NewRequestsap.m.Button{\"propertyName\":\"text\",\"key\":\"save\"}"}]}
RESULT: undefined
COMMAND: POST /session/fa0fa588b59cd70394c35387be1492a3/element - {"using":"xpath","value":"//*[@id=\"__button24\"]"}
RESULT: {"using":"xpath","value":"//*[@id=\"__button24\"]"}
COMMAND: POST /session/fa0fa588b59cd70394c35387be1492a3/element/f.E45B0C2907A9CCBDD1B779A362D73609.d.70541DDD946B070FE1F15DB2CC34AA01.e.9661/click - {}
RESULT: {}
COMMAND: GET /session/fa0fa588b59cd70394c35387be1492a3/screenshot - {}
RESULT: {}
COMMAND: POST /session/fa0fa588b59cd70394c35387be1492a3/element - {"using":"xpath","value":"(//bdi[contains(text() ,\"Save\")])[1]"}
RESULT: {"using":"xpath","value":"(//bdi[contains(text() ,\"Save\")])[1]"}
COMMAND: POST /session/fa0fa588b59cd70394c35387be1492a3/element/f.E45B0C2907A9CCBDD1B779A362D73609.d.70541DDD946B070FE1F15DB2CC34AA01.e.9663/click - {}
RESULT: {}
COMMAND: GET /session/fa0fa588b59cd70394c35387be1492a3/screenshot - {}
RESULT: {}
COMMAND: POST /session/fa0fa588b59cd70394c35387be1492a3/execute/async - {"script":"<script> [1562 bytes]","args":[{"selector":{"controlType":"sap.m.Title","properties":{"text":"Success"},"searchOpenDialogs":true},"wdio_ui5_key":"sapm.Title{\"text\":\"Success\"}"}]}
RESULT: {"script":"<script> [1562 bytes]","args":[{"selector":{"controlType":"sap.m.Title","properties":{"text":"Success"},"searchOpenDialogs":true},"wdio_ui5_key":"sapm.Title{\"text\":\"Success\"}"}]}
RESULT: undefined
COMMAND: POST /session/fa0fa588b59cd70394c35387be1492a3/execute/async - {"script":"<script> [6424 bytes]","args":[{"element-6066-11e4-a52e-4f735466cecf":"f.E45B0C2907A9CCBDD1B779A362D73609.d.70541DDD946B070FE1F15DB2CC34AA01.e.9667"},"getText",[]]}
RESULT: {"script":"<script> [6424 bytes]","args":[{"element-6066-11e4-a52e-4f735466cecf":"f.E45B0C2907A9CCBDD1B779A362D73609.d.70541DDD946B070FE1F15DB2CC34AA01.e.9667"},"getText",[]]}
COMMAND: POST /session/fa0fa588b59cd70394c35387be1492a3/execute/async - {"script":"<script> [1562 bytes]","args":[{"selector":{"controlType":"sap.m.Button","properties":{"text":"Close"},"searchOpenDialogs":true,"interaction":{"idSuffix":"BDI-content"}},"wdio_ui5_key":"sapm.Button{\"text\":\"Close\"}"}]}
RESULT: {"script":"<script> [1562 bytes]","args":[{"selector":{"controlType":"sap.m.Button","properties":{"text":"Close"},"searchOpenDialogs":true,"interaction":{"idSuffix":"BDI-content"}},"wdio_ui5_key":"sapm.Button{\"text\":\"Close\"}"}]}
RESULT: undefined
COMMAND: POST /session/fa0fa588b59cd70394c35387be1492a3/element - {"using":"xpath","value":"//*[@id=\"__mbox-btn-0\"]"}
RESULT: {"using":"xpath","value":"//*[@id=\"__mbox-btn-0\"]"}
COMMAND: POST /session/fa0fa588b59cd70394c35387be1492a3/element/f.E45B0C2907A9CCBDD1B779A362D73609.d.70541DDD946B070FE1F15DB2CC34AA01.e.9666/click - {}
RESULT: {}
COMMAND: GET /session/fa0fa588b59cd70394c35387be1492a3/screenshot - {}
RESULT: {}
]]></system-out>
    </testcase>
    <testcase classname="chrome.136_0_7103_93.windows.Reserve/Unreserve_request_item_via_reserve_option_US139161" name="Should navigate to planning board and reserve the resource" time="117.979">
      <system-out><![CDATA[
COMMAND: POST /session/fa0fa588b59cd70394c35387be1492a3/execute/async - {"script":"<script> [1562 bytes]","args":[{"selector":{"controlType":"sap.m.Button","viewName":"etm.portal.ui.managerequests.view.Detail","i18NText":{"propertyName":"text","key":"planningSituation"},"interaction":{"idSuffix":"BDI-content"}},"wdio_ui5_key":"etmportal.ui.managerequests.view.Detailsap.m.Button{\"propertyName\":\"text\",\"key\":\"planningSituation\"}"}]}
RESULT: {"script":"<script> [1562 bytes]","args":[{"selector":{"controlType":"sap.m.Button","viewName":"etm.portal.ui.managerequests.view.Detail","i18NText":{"propertyName":"text","key":"planningSituation"},"interaction":{"idSuffix":"BDI-content"}},"wdio_ui5_key":"etmportal.ui.managerequests.view.Detailsap.m.Button{\"propertyName\":\"text\",\"key\":\"planningSituation\"}"}]}
RESULT: undefined
COMMAND: POST /session/fa0fa588b59cd70394c35387be1492a3/element - {"using":"xpath","value":"//*[@id=\"__button27\"]"}
RESULT: {"using":"xpath","value":"//*[@id=\"__button27\"]"}
COMMAND: POST /session/fa0fa588b59cd70394c35387be1492a3/element/f.E45B0C2907A9CCBDD1B779A362D73609.d.70541DDD946B070FE1F15DB2CC34AA01.e.9692/click - {}
RESULT: {}
COMMAND: GET /session/fa0fa588b59cd70394c35387be1492a3/screenshot - {}
RESULT: {}
COMMAND: POST /session/fa0fa588b59cd70394c35387be1492a3/element - {"using":"xpath","value":"(//span[contains(@title ,\"WebdriverYard9d4i2\")])[1]"}
RESULT: {"using":"xpath","value":"(//span[contains(@title ,\"WebdriverYard9d4i2\")])[1]"}
COMMAND: POST /session/fa0fa588b59cd70394c35387be1492a3/elements - {"using":"xpath","value":"(//span[contains(@title ,\"WebdriverYard9d4i2\")])[1]"}
RESULT: {"using":"xpath","value":"(//span[contains(@title ,\"WebdriverYard9d4i2\")])[1]"}
COMMAND: POST /session/fa0fa588b59cd70394c35387be1492a3/elements - {"using":"xpath","value":"(//span[contains(@title ,\"WebdriverYard9d4i2\")])[1]"}
RESULT: {"using":"xpath","value":"(//span[contains(@title ,\"WebdriverYard9d4i2\")])[1]"}
COMMAND: POST /session/fa0fa588b59cd70394c35387be1492a3/elements - {"using":"xpath","value":"(//span[contains(@title ,\"WebdriverYard9d4i2\")])[1]"}
RESULT: {"using":"xpath","value":"(//span[contains(@title ,\"WebdriverYard9d4i2\")])[1]"}
COMMAND: POST /session/fa0fa588b59cd70394c35387be1492a3/elements - {"using":"xpath","value":"(//span[contains(@title ,\"WebdriverYard9d4i2\")])[1]"}
RESULT: {"using":"xpath","value":"(//span[contains(@title ,\"WebdriverYard9d4i2\")])[1]"}
COMMAND: POST /session/fa0fa588b59cd70394c35387be1492a3/elements - {"using":"xpath","value":"(//span[contains(@title ,\"WebdriverYard9d4i2\")])[1]"}
RESULT: {"using":"xpath","value":"(//span[contains(@title ,\"WebdriverYard9d4i2\")])[1]"}
COMMAND: POST /session/fa0fa588b59cd70394c35387be1492a3/elements - {"using":"xpath","value":"(//span[contains(@title ,\"WebdriverYard9d4i2\")])[1]"}
RESULT: {"using":"xpath","value":"(//span[contains(@title ,\"WebdriverYard9d4i2\")])[1]"}
COMMAND: POST /session/fa0fa588b59cd70394c35387be1492a3/element - {"using":"xpath","value":"(//span[contains(@title ,\"WebdriverYard9d4i2\")])[1]"}
RESULT: {"using":"xpath","value":"(//span[contains(@title ,\"WebdriverYard9d4i2\")])[1]"}
COMMAND: POST /session/fa0fa588b59cd70394c35387be1492a3/execute/sync - {"script":"<script> [8489 bytes]","args":[{"element-6066-11e4-a52e-4f735466cecf":"f.E45B0C2907A9CCBDD1B779A362D73609.d.70541DDD946B070FE1F15DB2CC34AA01.e.10113","ELEMENT":"f.E45B0C2907A9CCBDD1B779A362D73609.d.70541DDD946B070FE1F15DB2CC34AA01.e.10113"}]}
RESULT: {"script":"<script> [8489 bytes]","args":[{"element-6066-11e4-a52e-4f735466cecf":"f.E45B0C2907A9CCBDD1B779A362D73609.d.70541DDD946B070FE1F15DB2CC34AA01.e.10113","ELEMENT":"f.E45B0C2907A9CCBDD1B779A362D73609.d.70541DDD946B070FE1F15DB2CC34AA01.e.10113"}]}
COMMAND: POST /session/fa0fa588b59cd70394c35387be1492a3/element - {"using":"xpath","value":"(//span[contains(@title ,\"WebdriverYard9d4i2\")])[1]"}
COMMAND: GET /session/fa0fa588b59cd70394c35387be1492a3/screenshot - {}
RESULT: {"using":"xpath","value":"(//span[contains(@title ,\"WebdriverYard9d4i2\")])[1]"}
COMMAND: POST /session/fa0fa588b59cd70394c35387be1492a3/actions - {"actions":[{"id":"action71","type":"pointer","parameters":{"pointerType":"mouse"},"actions":[{"type":"pointerMove","button":0,"width":0,"height":0,"pressure":0,"tangentialPressure":0,"tiltX":0,"tiltY":0,"twist":0,"altitudeAngle":0,"_":"5 more keys: [\"azimuthAngle\",\"x\",\"y\",\"duration\",\"origin\"]"},{"type":"pointerDown","button":2,"width":0,"height":0,"pressure":0,"tangentialPressure":0,"tiltX":0,"tiltY":0,"twist":0,"altitudeAngle":0,"_":"1 more keys: [\"azimuthAngle\"]"},{"type":"pointerUp","button":2}]}]}
RESULT: {}
RESULT: {"actions":[{"id":"action71","type":"pointer","parameters":{"pointerType":"mouse"},"actions":[{"type":"pointerMove","button":0,"width":0,"height":0,"pressure":0,"tangentialPressure":0,"tiltX":0,"tiltY":0,"twist":0,"altitudeAngle":0,"_":"5 more keys: [\"azimuthAngle\",\"x\",\"y\",\"duration\",\"origin\"]"},{"type":"pointerDown","button":2,"width":0,"height":0,"pressure":0,"tangentialPressure":0,"tiltX":0,"tiltY":0,"twist":0,"altitudeAngle":0,"_":"1 more keys: [\"azimuthAngle\"]"},{"type":"pointerUp","button":2}]}]}
COMMAND: DELETE /session/fa0fa588b59cd70394c35387be1492a3/actions - {}
COMMAND: GET /session/fa0fa588b59cd70394c35387be1492a3/screenshot - {}
RESULT: {}
COMMAND: GET /session/fa0fa588b59cd70394c35387be1492a3/screenshot - {}
RESULT: {}
RESULT: {}
COMMAND: POST /session/fa0fa588b59cd70394c35387be1492a3/actions - {"actions":[{"id":"action72","type":"key","parameters":{},"actions":[{"type":"keyDown","value":""},{"type":"pause","duration":10},{"type":"keyUp","value":""}]}]}
RESULT: {"actions":[{"id":"action72","type":"key","parameters":{},"actions":[{"type":"keyDown","value":""},{"type":"pause","duration":10},{"type":"keyUp","value":""}]}]}
COMMAND: GET /session/fa0fa588b59cd70394c35387be1492a3/screenshot - {}
RESULT: {}
COMMAND: POST /session/fa0fa588b59cd70394c35387be1492a3/actions - {"actions":[{"id":"action73","type":"key","parameters":{},"actions":[{"type":"keyDown","value":""},{"type":"pause","duration":10},{"type":"keyUp","value":""}]}]}
RESULT: {"actions":[{"id":"action73","type":"key","parameters":{},"actions":[{"type":"keyDown","value":""},{"type":"pause","duration":10},{"type":"keyUp","value":""}]}]}
COMMAND: GET /session/fa0fa588b59cd70394c35387be1492a3/screenshot - {}
RESULT: {}
COMMAND: POST /session/fa0fa588b59cd70394c35387be1492a3/execute/async - {"script":"<script> [1562 bytes]","args":[{"selector":{"id":"application-planningboard-display-component---pB_RequestHeader--RUreservationComment","searchOpenDialogs":true,"interaction":{"idSuffix":"inner"}},"wdio_ui5_key":"applicationplanningboard-display-component---pB_RequestHeader--RUreservationComment"}]}
RESULT: {"script":"<script> [1562 bytes]","args":[{"selector":{"id":"application-planningboard-display-component---pB_RequestHeader--RUreservationComment","searchOpenDialogs":true,"interaction":{"idSuffix":"inner"}},"wdio_ui5_key":"applicationplanningboard-display-component---pB_RequestHeader--RUreservationComment"}]}
RESULT: undefined
COMMAND: POST /session/fa0fa588b59cd70394c35387be1492a3/execute/async - {"script":"<script> [776 bytes]","args":[{"enterText":"WdIORes1drugo","selector":{"id":"application-planningboard-display-component---pB_RequestHeader--RUreservationComment","searchOpenDialogs":true,"interaction":{"idSuffix":"inner"}},"clearTextFirst":true,"interactionType":"ENTER_TEXT"}]}
RESULT: {"script":"<script> [776 bytes]","args":[{"enterText":"WdIORes1drugo","selector":{"id":"application-planningboard-display-component---pB_RequestHeader--RUreservationComment","searchOpenDialogs":true,"interaction":{"idSuffix":"inner"}},"clearTextFirst":true,"interactionType":"ENTER_TEXT"}]}
COMMAND: POST /session/fa0fa588b59cd70394c35387be1492a3/execute/async - {"script":"<script> [1562 bytes]","args":[{"selector":{"controlType":"sap.m.Button","viewName":"etm.portal.ui.planningboard.view.detail.RequestHeader","viewId":"application-planningboard-display-component---pB_RequestHeader","properties":{"text":"Ok"},"searchOpenDialogs":true,"interaction":{"idSuffix":"BDI-content"}},"wdio_ui5_key":"etmportal.ui.planningboard.view.detail.RequestHeadersap.m.Button{\"text\":\"Ok\"}"}]}
RESULT: {"script":"<script> [1562 bytes]","args":[{"selector":{"controlType":"sap.m.Button","viewName":"etm.portal.ui.planningboard.view.detail.RequestHeader","viewId":"application-planningboard-display-component---pB_RequestHeader","properties":{"text":"Ok"},"searchOpenDialogs":true,"interaction":{"idSuffix":"BDI-content"}},"wdio_ui5_key":"etmportal.ui.planningboard.view.detail.RequestHeadersap.m.Button{\"text\":\"Ok\"}"}]}
RESULT: undefined
COMMAND: POST /session/fa0fa588b59cd70394c35387be1492a3/element - {"using":"xpath","value":"//*[@id=\"__button192\"]"}
RESULT: {"using":"xpath","value":"//*[@id=\"__button192\"]"}
COMMAND: POST /session/fa0fa588b59cd70394c35387be1492a3/element/f.E45B0C2907A9CCBDD1B779A362D73609.d.70541DDD946B070FE1F15DB2CC34AA01.e.10130/click - {}
RESULT: {}
COMMAND: GET /session/fa0fa588b59cd70394c35387be1492a3/screenshot - {}
RESULT: {}
COMMAND: POST /session/fa0fa588b59cd70394c35387be1492a3/element - {"using":"xpath","value":"//span[contains(@title ,\"WebdriverYard9d4i2\")]"}
RESULT: {"using":"xpath","value":"//span[contains(@title ,\"WebdriverYard9d4i2\")]"}
COMMAND: POST /session/fa0fa588b59cd70394c35387be1492a3/actions - {"actions":[{"id":"action74","type":"pointer","parameters":{"pointerType":"mouse"},"actions":[{"type":"pointerMove","button":0,"width":0,"height":0,"pressure":0,"tangentialPressure":0,"tiltX":0,"tiltY":0,"twist":0,"altitudeAngle":0,"_":"5 more keys: [\"azimuthAngle\",\"x\",\"y\",\"duration\",\"origin\"]"},{"type":"pointerDown","button":2,"width":0,"height":0,"pressure":0,"tangentialPressure":0,"tiltX":0,"tiltY":0,"twist":0,"altitudeAngle":0,"_":"1 more keys: [\"azimuthAngle\"]"},{"type":"pointerUp","button":2}]}]}
RESULT: {"actions":[{"id":"action74","type":"pointer","parameters":{"pointerType":"mouse"},"actions":[{"type":"pointerMove","button":0,"width":0,"height":0,"pressure":0,"tangentialPressure":0,"tiltX":0,"tiltY":0,"twist":0,"altitudeAngle":0,"_":"5 more keys: [\"azimuthAngle\",\"x\",\"y\",\"duration\",\"origin\"]"},{"type":"pointerDown","button":2,"width":0,"height":0,"pressure":0,"tangentialPressure":0,"tiltX":0,"tiltY":0,"twist":0,"altitudeAngle":0,"_":"1 more keys: [\"azimuthAngle\"]"},{"type":"pointerUp","button":2}]}]}
COMMAND: DELETE /session/fa0fa588b59cd70394c35387be1492a3/actions - {}
COMMAND: GET /session/fa0fa588b59cd70394c35387be1492a3/screenshot - {}
RESULT: {}
COMMAND: GET /session/fa0fa588b59cd70394c35387be1492a3/screenshot - {}
RESULT: {}
RESULT: {}
COMMAND: POST /session/fa0fa588b59cd70394c35387be1492a3/actions - {"actions":[{"id":"action75","type":"key","parameters":{},"actions":[{"type":"keyDown","value":""},{"type":"pause","duration":10},{"type":"keyUp","value":""}]}]}
RESULT: {"actions":[{"id":"action75","type":"key","parameters":{},"actions":[{"type":"keyDown","value":""},{"type":"pause","duration":10},{"type":"keyUp","value":""}]}]}
COMMAND: GET /session/fa0fa588b59cd70394c35387be1492a3/screenshot - {}
RESULT: {}
COMMAND: POST /session/fa0fa588b59cd70394c35387be1492a3/actions - {"actions":[{"id":"action76","type":"key","parameters":{},"actions":[{"type":"keyDown","value":""},{"type":"pause","duration":10},{"type":"keyUp","value":""}]}]}
RESULT: {"actions":[{"id":"action76","type":"key","parameters":{},"actions":[{"type":"keyDown","value":""},{"type":"pause","duration":10},{"type":"keyUp","value":""}]}]}
COMMAND: GET /session/fa0fa588b59cd70394c35387be1492a3/screenshot - {}
RESULT: {}
RESULT: undefined
COMMAND: POST /session/fa0fa588b59cd70394c35387be1492a3/execute/async - {"script":"<script> [776 bytes]","args":[{"enterText":"WdIORes22bl7w","selector":{"id":"application-planningboard-display-component---pB_RequestHeader--RUreservationComment","searchOpenDialogs":true,"interaction":{"idSuffix":"inner"}},"clearTextFirst":true,"interactionType":"ENTER_TEXT"}]}
RESULT: {"script":"<script> [776 bytes]","args":[{"enterText":"WdIORes22bl7w","selector":{"id":"application-planningboard-display-component---pB_RequestHeader--RUreservationComment","searchOpenDialogs":true,"interaction":{"idSuffix":"inner"}},"clearTextFirst":true,"interactionType":"ENTER_TEXT"}]}
RESULT: undefined
COMMAND: POST /session/fa0fa588b59cd70394c35387be1492a3/element - {"using":"xpath","value":"//*[@id=\"__button192\"]"}
RESULT: {"using":"xpath","value":"//*[@id=\"__button192\"]"}
COMMAND: POST /session/fa0fa588b59cd70394c35387be1492a3/element/f.E45B0C2907A9CCBDD1B779A362D73609.d.70541DDD946B070FE1F15DB2CC34AA01.e.10209/click - {}
RESULT: {}
COMMAND: GET /session/fa0fa588b59cd70394c35387be1492a3/screenshot - {}
RESULT: {}
COMMAND: POST /session/fa0fa588b59cd70394c35387be1492a3/execute/async - {"script":"<script> [1562 bytes]","args":[{"selector":{"controlType":"sap.m.Button","viewName":"etm.portal.ui.planningboard.view.detail.RequestHeader","viewId":"application-planningboard-display-component---pB_RequestHeader","i18NText":{"propertyName":"text","key":"close"},"ancestor":{"id":"application-planningboard-display-component---pB_RequestHeader--requestItemDetails"},"interaction":{"idSuffix":"BDI-content"}},"wdio_ui5_key":"etmportal.ui.planningboard.view.detail.RequestHeadersap.m.Button{\"propertyName\":\"text\",\"key\":\"close\"}{\"id\":\"application-planningboard-display-component---pB_RequestHeader--requestItemDetails\"}"}]}
RESULT: {"script":"<script> [1562 bytes]","args":[{"selector":{"controlType":"sap.m.Button","viewName":"etm.portal.ui.planningboard.view.detail.RequestHeader","viewId":"application-planningboard-display-component---pB_RequestHeader","i18NText":{"propertyName":"text","key":"close"},"ancestor":{"id":"application-planningboard-display-component---pB_RequestHeader--requestItemDetails"},"interaction":{"idSuffix":"BDI-content"}},"wdio_ui5_key":"etmportal.ui.planningboard.view.detail.RequestHeadersap.m.Button{\"propertyName\":\"text\",\"key\":\"close\"}{\"id\":\"application-planningboard-display-component---pB_RequestHeader--requestItemDetails\"}"}]}
RESULT: undefined
COMMAND: POST /session/fa0fa588b59cd70394c35387be1492a3/element - {"using":"xpath","value":"//*[@id=\"__button68\"]"}
RESULT: {"using":"xpath","value":"//*[@id=\"__button68\"]"}
COMMAND: POST /session/fa0fa588b59cd70394c35387be1492a3/element/f.E45B0C2907A9CCBDD1B779A362D73609.d.70541DDD946B070FE1F15DB2CC34AA01.e.9998/click - {}
RESULT: {}
COMMAND: GET /session/fa0fa588b59cd70394c35387be1492a3/screenshot - {}
RESULT: {}
COMMAND: POST /session/fa0fa588b59cd70394c35387be1492a3/execute/async - {"script":"<script> [1562 bytes]","args":[{"selector":{"id":"application-planningboard-display-component---pB_Master--selectView","interaction":{"idSuffix":"arrow"}},"wdio_ui5_key":"applicationplanningboard-display-component---pB_Master--selectView"}]}
RESULT: {"script":"<script> [1562 bytes]","args":[{"selector":{"id":"application-planningboard-display-component---pB_Master--selectView","interaction":{"idSuffix":"arrow"}},"wdio_ui5_key":"applicationplanningboard-display-component---pB_Master--selectView"}]}
RESULT: undefined
COMMAND: POST /session/fa0fa588b59cd70394c35387be1492a3/element - {"using":"xpath","value":"//*[@id=\"application-planningboard-display-component---pB_Master--selectView\"]"}
RESULT: {"using":"xpath","value":"//*[@id=\"application-planningboard-display-component---pB_Master--selectView\"]"}
COMMAND: POST /session/fa0fa588b59cd70394c35387be1492a3/element/f.E45B0C2907A9CCBDD1B779A362D73609.d.70541DDD946B070FE1F15DB2CC34AA01.e.10407/click - {}
RESULT: {}
COMMAND: GET /session/fa0fa588b59cd70394c35387be1492a3/screenshot - {}
RESULT: {}
COMMAND: POST /session/fa0fa588b59cd70394c35387be1492a3/execute/async - {"script":"<script> [1562 bytes]","args":[{"selector":{"controlType":"sap.ui.core.Item","viewName":"etm.portal.ui.planningboard.view.Master","viewId":"application-planningboard-display-component---pB_Master","i18NText":{"propertyName":"text","key":"manageReservations"},"searchOpenDialogs":true},"wdio_ui5_key":"etmportal.ui.planningboard.view.Mastersap.ui.core.Item{\"propertyName\":\"text\",\"key\":\"manageReservations\"}"}]}
RESULT: {"script":"<script> [1562 bytes]","args":[{"selector":{"controlType":"sap.ui.core.Item","viewName":"etm.portal.ui.planningboard.view.Master","viewId":"application-planningboard-display-component---pB_Master","i18NText":{"propertyName":"text","key":"manageReservations"},"searchOpenDialogs":true},"wdio_ui5_key":"etmportal.ui.planningboard.view.Mastersap.ui.core.Item{\"propertyName\":\"text\",\"key\":\"manageReservations\"}"}]}
RESULT: undefined
COMMAND: POST /session/fa0fa588b59cd70394c35387be1492a3/element - {"using":"xpath","value":"//*[@id=\"__item656\"]"}
RESULT: {"using":"xpath","value":"//*[@id=\"__item656\"]"}
COMMAND: POST /session/fa0fa588b59cd70394c35387be1492a3/element/f.E45B0C2907A9CCBDD1B779A362D73609.d.70541DDD946B070FE1F15DB2CC34AA01.e.10408/click - {}
RESULT: {}
COMMAND: GET /session/fa0fa588b59cd70394c35387be1492a3/screenshot - {}
RESULT: {}
COMMAND: POST /session/fa0fa588b59cd70394c35387be1492a3/element - {"using":"xpath","value":"//span[contains(@id ,\"clone\")][contains(text(), \"WdIORes1drugo\")]"}
RESULT: {"using":"xpath","value":"//span[contains(@id ,\"clone\")][contains(text(), \"WdIORes1drugo\")]"}
COMMAND: GET /session/fa0fa588b59cd70394c35387be1492a3/element/f.E45B0C2907A9CCBDD1B779A362D73609.d.70541DDD946B070FE1F15DB2CC34AA01.e.10423/text - {}
RESULT: {}
COMMAND: POST /session/fa0fa588b59cd70394c35387be1492a3/element - {"using":"xpath","value":"//span[contains(@id ,\"clone\")][contains(text(), \"WdIORes22bl7w\")]"}
RESULT: {"using":"xpath","value":"//span[contains(@id ,\"clone\")][contains(text(), \"WdIORes22bl7w\")]"}
COMMAND: POST /session/fa0fa588b59cd70394c35387be1492a3/element/f.E45B0C2907A9CCBDD1B779A362D73609.d.70541DDD946B070FE1F15DB2CC34AA01.e.10424/click - {}
RESULT: {}
COMMAND: GET /session/fa0fa588b59cd70394c35387be1492a3/screenshot - {}
RESULT: {}
COMMAND: POST /session/fa0fa588b59cd70394c35387be1492a3/actions - {"actions":[{"id":"action77","type":"key","parameters":{},"actions":[{"type":"keyDown","value":""},{"type":"pause","duration":10},{"type":"keyUp","value":""}]}]}
RESULT: {"actions":[{"id":"action77","type":"key","parameters":{},"actions":[{"type":"keyDown","value":""},{"type":"pause","duration":10},{"type":"keyUp","value":""}]}]}
COMMAND: GET /session/fa0fa588b59cd70394c35387be1492a3/screenshot - {}
RESULT: {}
COMMAND: POST /session/fa0fa588b59cd70394c35387be1492a3/execute/async - {"script":"<script> [1562 bytes]","args":[{"selector":{"controlType":"sap.m.Button","viewName":"etm.portal.ui.planningboard.view.detail.Planning","viewId":"application-planningboard-display-component---pB_Planning","i18NText":{"propertyName":"text","key":"unplan"},"interaction":{"idSuffix":"BDI-content"}},"wdio_ui5_key":"etmportal.ui.planningboard.view.detail.Planningsap.m.Button{\"propertyName\":\"text\",\"key\":\"unplan\"}"}]}
RESULT: {"script":"<script> [1562 bytes]","args":[{"selector":{"controlType":"sap.m.Button","viewName":"etm.portal.ui.planningboard.view.detail.Planning","viewId":"application-planningboard-display-component---pB_Planning","i18NText":{"propertyName":"text","key":"unplan"},"interaction":{"idSuffix":"BDI-content"}},"wdio_ui5_key":"etmportal.ui.planningboard.view.detail.Planningsap.m.Button{\"propertyName\":\"text\",\"key\":\"unplan\"}"}]}
RESULT: undefined
COMMAND: POST /session/fa0fa588b59cd70394c35387be1492a3/element - {"using":"xpath","value":"//*[@id=\"__button258\"]"}
RESULT: {"using":"xpath","value":"//*[@id=\"__button258\"]"}
COMMAND: POST /session/fa0fa588b59cd70394c35387be1492a3/element/f.E45B0C2907A9CCBDD1B779A362D73609.d.70541DDD946B070FE1F15DB2CC34AA01.e.10463/click - {}
RESULT: {}
COMMAND: GET /session/fa0fa588b59cd70394c35387be1492a3/screenshot - {}
RESULT: {}
COMMAND: POST /session/fa0fa588b59cd70394c35387be1492a3/element - {"using":"xpath","value":"//span[contains(@id ,\"clone\")][contains(text(), \"WdIORes22bl7w\")]"}
RESULT: {"using":"xpath","value":"//span[contains(@id ,\"clone\")][contains(text(), \"WdIORes22bl7w\")]"}
COMMAND: POST /session/fa0fa588b59cd70394c35387be1492a3/element - {"using":"xpath","value":"//span[contains(@id ,\"clone\")][contains(text(), \"WdIORes22bl7w\")]"}
RESULT: {"using":"xpath","value":"//span[contains(@id ,\"clone\")][contains(text(), \"WdIORes22bl7w\")]"}
COMMAND: POST /session/fa0fa588b59cd70394c35387be1492a3/element - {"using":"xpath","value":"//span[contains(@id ,\"clone\")][contains(text(), \"WdIORes1drugo\")]"}
RESULT: {"using":"xpath","value":"//span[contains(@id ,\"clone\")][contains(text(), \"WdIORes1drugo\")]"}
COMMAND: POST /session/fa0fa588b59cd70394c35387be1492a3/element/f.E45B0C2907A9CCBDD1B779A362D73609.d.70541DDD946B070FE1F15DB2CC34AA01.e.10527/click - {}
RESULT: {}
COMMAND: GET /session/fa0fa588b59cd70394c35387be1492a3/screenshot - {}
RESULT: {}
COMMAND: POST /session/fa0fa588b59cd70394c35387be1492a3/actions - {"actions":[{"id":"action78","type":"key","parameters":{},"actions":[{"type":"keyDown","value":""},{"type":"pause","duration":10},{"type":"keyUp","value":""}]}]}
RESULT: {"actions":[{"id":"action78","type":"key","parameters":{},"actions":[{"type":"keyDown","value":""},{"type":"pause","duration":10},{"type":"keyUp","value":""}]}]}
COMMAND: GET /session/fa0fa588b59cd70394c35387be1492a3/screenshot - {}
RESULT: {}
]]></system-out>
    </testcase>
  </testsuite>
  <testsuite timestamp="2025-05-28T16:09:27" time="30.92" tests="1" failures="0" errors="0" skipped="0">
    <properties>
      <property name="specId" value="0"/>
      <property name="suiteName" value="Reserve/Unreserve request item via reserve option US139161"/>
      <property name="capabilities" value="chrome.136_0_7103_93.windows"/>
      <property name="file" value="file:///D:/a/1/s/test/specs/R2C/manage-reservations-view-planning-board.spec.js"/>
    </properties>
    <testcase classname="chrome.136_0_7103_93.windows.Reserve/Unreserve_request_item_via_reserve_option_US139161" name="Should open a reservation to verify and edit the details" time="30.918">
      <system-out><![CDATA[
COMMAND: POST /session/fa0fa588b59cd70394c35387be1492a3/element - {"using":"xpath","value":"//button[contains(@data-kt, \"editButton\")]"}
RESULT: {"using":"xpath","value":"//button[contains(@data-kt, \"editButton\")]"}
COMMAND: POST /session/fa0fa588b59cd70394c35387be1492a3/execute/sync - {"script":"<script> [8489 bytes]","args":[{"element-6066-11e4-a52e-4f735466cecf":"f.E45B0C2907A9CCBDD1B779A362D73609.d.70541DDD946B070FE1F15DB2CC34AA01.e.10575","ELEMENT":"f.E45B0C2907A9CCBDD1B779A362D73609.d.70541DDD946B070FE1F15DB2CC34AA01.e.10575"}]}
RESULT: {"script":"<script> [8489 bytes]","args":[{"element-6066-11e4-a52e-4f735466cecf":"f.E45B0C2907A9CCBDD1B779A362D73609.d.70541DDD946B070FE1F15DB2CC34AA01.e.10575","ELEMENT":"f.E45B0C2907A9CCBDD1B779A362D73609.d.70541DDD946B070FE1F15DB2CC34AA01.e.10575"}]}
COMMAND: POST /session/fa0fa588b59cd70394c35387be1492a3/element - {"using":"xpath","value":"//button[contains(@data-kt, \"unplanButton\")]"}
COMMAND: GET /session/fa0fa588b59cd70394c35387be1492a3/screenshot - {}
RESULT: {"using":"xpath","value":"//button[contains(@data-kt, \"unplanButton\")]"}
COMMAND: POST /session/fa0fa588b59cd70394c35387be1492a3/execute/sync - {"script":"<script> [8489 bytes]","args":[{"element-6066-11e4-a52e-4f735466cecf":"f.E45B0C2907A9CCBDD1B779A362D73609.d.70541DDD946B070FE1F15DB2CC34AA01.e.10576","ELEMENT":"f.E45B0C2907A9CCBDD1B779A362D73609.d.70541DDD946B070FE1F15DB2CC34AA01.e.10576"}]}
RESULT: {}
RESULT: {"script":"<script> [8489 bytes]","args":[{"element-6066-11e4-a52e-4f735466cecf":"f.E45B0C2907A9CCBDD1B779A362D73609.d.70541DDD946B070FE1F15DB2CC34AA01.e.10576","ELEMENT":"f.E45B0C2907A9CCBDD1B779A362D73609.d.70541DDD946B070FE1F15DB2CC34AA01.e.10576"}]}
COMMAND: POST /session/fa0fa588b59cd70394c35387be1492a3/element - {"using":"xpath","value":"//button[contains(@data-kt, \"editButton\")]"}
COMMAND: GET /session/fa0fa588b59cd70394c35387be1492a3/screenshot - {}
RESULT: {"using":"xpath","value":"//button[contains(@data-kt, \"editButton\")]"}
COMMAND: POST /session/fa0fa588b59cd70394c35387be1492a3/element/f.E45B0C2907A9CCBDD1B779A362D73609.d.70541DDD946B070FE1F15DB2CC34AA01.e.10575/click - {}
RESULT: {}
RESULT: {}
COMMAND: POST /session/fa0fa588b59cd70394c35387be1492a3/element - {"using":"xpath","value":"(//input[contains(@id ,\"picker\")][contains(@aria-roledescription ,\"Date Input\")])[4]"}
COMMAND: GET /session/fa0fa588b59cd70394c35387be1492a3/screenshot - {}
RESULT: {"using":"xpath","value":"(//input[contains(@id ,\"picker\")][contains(@aria-roledescription ,\"Date Input\")])[4]"}
COMMAND: POST /session/fa0fa588b59cd70394c35387be1492a3/element/f.E45B0C2907A9CCBDD1B779A362D73609.d.70541DDD946B070FE1F15DB2CC34AA01.e.10548/clear - {}
RESULT: {}
RESULT: {}
COMMAND: POST /session/fa0fa588b59cd70394c35387be1492a3/element/f.E45B0C2907A9CCBDD1B779A362D73609.d.70541DDD946B070FE1F15DB2CC34AA01.e.10548/value - {"text":"5/30/25"}
COMMAND: GET /session/fa0fa588b59cd70394c35387be1492a3/screenshot - {}
RESULT: {"text":"5/30/25"}
COMMAND: GET /session/fa0fa588b59cd70394c35387be1492a3/screenshot - {}
RESULT: {}
RESULT: {}
COMMAND: POST /session/fa0fa588b59cd70394c35387be1492a3/element - {"using":"xpath","value":"//bdi[contains(text(), \"Save\")]"}
RESULT: {"using":"xpath","value":"//bdi[contains(text(), \"Save\")]"}
COMMAND: POST /session/fa0fa588b59cd70394c35387be1492a3/element/f.E45B0C2907A9CCBDD1B779A362D73609.d.70541DDD946B070FE1F15DB2CC34AA01.e.10598/click - {}
RESULT: {}
COMMAND: GET /session/fa0fa588b59cd70394c35387be1492a3/screenshot - {}
RESULT: {}
COMMAND: POST /session/fa0fa588b59cd70394c35387be1492a3/element - {"using":"xpath","value":"(//input[contains(@id ,\"picker\")][contains(@aria-roledescription ,\"Date Input\")])[4]"}
RESULT: {"using":"xpath","value":"(//input[contains(@id ,\"picker\")][contains(@aria-roledescription ,\"Date Input\")])[4]"}
COMMAND: GET /session/fa0fa588b59cd70394c35387be1492a3/element/f.E45B0C2907A9CCBDD1B779A362D73609.d.70541DDD946B070FE1F15DB2CC34AA01.e.10548/property/value - {}
RESULT: {}
COMMAND: GET /session/fa0fa588b59cd70394c35387be1492a3/screenshot - {}
RESULT: {}
COMMAND: POST /session/fa0fa588b59cd70394c35387be1492a3/element - {"using":"xpath","value":"//bdi[contains(text(), \"Unplan\")]"}
RESULT: {"using":"xpath","value":"//bdi[contains(text(), \"Unplan\")]"}
COMMAND: POST /session/fa0fa588b59cd70394c35387be1492a3/element/f.E45B0C2907A9CCBDD1B779A362D73609.d.70541DDD946B070FE1F15DB2CC34AA01.e.10610/click - {}
RESULT: {}
COMMAND: GET /session/fa0fa588b59cd70394c35387be1492a3/screenshot - {}
RESULT: {}
COMMAND: POST /session/fa0fa588b59cd70394c35387be1492a3/element - {"using":"css selector","value":"#shell-header-logo"}
RESULT: {"using":"css selector","value":"#shell-header-logo"}
COMMAND: POST /session/fa0fa588b59cd70394c35387be1492a3/element/f.E45B0C2907A9CCBDD1B779A362D73609.d.70541DDD946B070FE1F15DB2CC34AA01.e.9226/click - {}
RESULT: {}
COMMAND: GET /session/fa0fa588b59cd70394c35387be1492a3/screenshot - {}
RESULT: {}
]]></system-out>
    </testcase>
  </testsuite>
  <testsuite timestamp="2025-05-28T16:09:58" time="424.97" tests="4" failures="0" errors="0" skipped="0">
    <properties>
      <property name="specId" value="0"/>
      <property name="suiteName" value="Process request items into an existing quotation US120163"/>
      <property name="capabilities" value="chrome.136_0_7103_93.windows"/>
      <property name="file" value="file:///D:/a/1/s/test/specs/R2C/process-request-items-into-existing-quotation.spec.js"/>
    </properties>
    <testcase classname="chrome.136_0_7103_93.windows.Process_request_items_into_an_existing_quotation_US120163" name="Should create a new quotation" time="95.587">
      <system-out><![CDATA[
COMMAND: POST /session/fa0fa588b59cd70394c35387be1492a3/execute/async - {"script":"<script> [1562 bytes]","args":[{"selector":{"controlType":"sap.m.GenericTile","properties":{"header":"Manage Quotations"}},"wdio_ui5_key":"sapm.GenericTile{\"header\":\"Manage Quotations\"}"}]}
RESULT: {"script":"<script> [1562 bytes]","args":[{"selector":{"controlType":"sap.m.GenericTile","properties":{"header":"Manage Quotations"}},"wdio_ui5_key":"sapm.GenericTile{\"header\":\"Manage Quotations\"}"}]}
RESULT: undefined
COMMAND: POST /session/fa0fa588b59cd70394c35387be1492a3/element - {"using":"xpath","value":"//*[@id=\"__tile132\"]"}
RESULT: {"using":"xpath","value":"//*[@id=\"__tile132\"]"}
COMMAND: POST /session/fa0fa588b59cd70394c35387be1492a3/element/f.E45B0C2907A9CCBDD1B779A362D73609.d.70541DDD946B070FE1F15DB2CC34AA01.e.10664/click - {}
RESULT: {}
COMMAND: GET /session/fa0fa588b59cd70394c35387be1492a3/screenshot - {}
RESULT: {}
COMMAND: POST /session/fa0fa588b59cd70394c35387be1492a3/elements - {"using":"xpath","value":"//span[text()='Error']"}
RESULT: {"using":"xpath","value":"//span[text()='Error']"}
COMMAND: POST /session/fa0fa588b59cd70394c35387be1492a3/element - {"using":"xpath","value":"//button[contains(@title ,\"Add New Contract\")]"}
RESULT: {"using":"xpath","value":"//button[contains(@title ,\"Add New Contract\")]"}
COMMAND: POST /session/fa0fa588b59cd70394c35387be1492a3/element/f.E45B0C2907A9CCBDD1B779A362D73609.d.70541DDD946B070FE1F15DB2CC34AA01.e.10699/click - {}
RESULT: {}
COMMAND: GET /session/fa0fa588b59cd70394c35387be1492a3/screenshot - {}
RESULT: {}
COMMAND: POST /session/fa0fa588b59cd70394c35387be1492a3/element - {"using":"xpath","value":"//input[contains(@id ,\"application-managequotations-display-component---AddNewContract--projectDescription-inner\")]"}
RESULT: {"using":"xpath","value":"//input[contains(@id ,\"application-managequotations-display-component---AddNewContract--projectDescription-inner\")]"}
COMMAND: POST /session/fa0fa588b59cd70394c35387be1492a3/element/f.E45B0C2907A9CCBDD1B779A362D73609.d.70541DDD946B070FE1F15DB2CC34AA01.e.10968/value - {"text":"WdIOQuotationfq1km"}
RESULT: {"text":"WdIOQuotationfq1km"}
COMMAND: GET /session/fa0fa588b59cd70394c35387be1492a3/screenshot - {}
RESULT: {}
COMMAND: POST /session/fa0fa588b59cd70394c35387be1492a3/element - {"using":"xpath","value":"//input[contains(@id ,\"application-managequotations-display-component---AddNewContract--yardId-inner\")]"}
RESULT: {"using":"xpath","value":"//input[contains(@id ,\"application-managequotations-display-component---AddNewContract--yardId-inner\")]"}
COMMAND: POST /session/fa0fa588b59cd70394c35387be1492a3/element/f.E45B0C2907A9CCBDD1B779A362D73609.d.70541DDD946B070FE1F15DB2CC34AA01.e.10971/value - {"text":"WebdriverYard9d4i2"}
RESULT: {"text":"WebdriverYard9d4i2"}
COMMAND: GET /session/fa0fa588b59cd70394c35387be1492a3/screenshot - {}
RESULT: {}
COMMAND: POST /session/fa0fa588b59cd70394c35387be1492a3/actions - {"actions":[{"id":"action79","type":"key","parameters":{},"actions":[{"type":"keyDown","value":""},{"type":"pause","duration":10},{"type":"keyUp","value":""}]}]}
RESULT: {"actions":[{"id":"action79","type":"key","parameters":{},"actions":[{"type":"keyDown","value":""},{"type":"pause","duration":10},{"type":"keyUp","value":""}]}]}
COMMAND: GET /session/fa0fa588b59cd70394c35387be1492a3/screenshot - {}
RESULT: {}
COMMAND: POST /session/fa0fa588b59cd70394c35387be1492a3/element - {"using":"xpath","value":"//input[contains(@id ,\"application-managequotations-display-component---AddNewContract--customerSelect-inner\")]"}
RESULT: {"using":"xpath","value":"//input[contains(@id ,\"application-managequotations-display-component---AddNewContract--customerSelect-inner\")]"}
COMMAND: POST /session/fa0fa588b59cd70394c35387be1492a3/element/f.E45B0C2907A9CCBDD1B779A362D73609.d.70541DDD946B070FE1F15DB2CC34AA01.e.10969/value - {"text":"WebdriverPartneruamqb"}
RESULT: {"text":"WebdriverPartneruamqb"}
COMMAND: GET /session/fa0fa588b59cd70394c35387be1492a3/screenshot - {}
RESULT: {}
COMMAND: POST /session/fa0fa588b59cd70394c35387be1492a3/actions - {"actions":[{"id":"action80","type":"key","parameters":{},"actions":[{"type":"keyDown","value":""},{"type":"pause","duration":10},{"type":"keyUp","value":""}]}]}
RESULT: {"actions":[{"id":"action80","type":"key","parameters":{},"actions":[{"type":"keyDown","value":""},{"type":"pause","duration":10},{"type":"keyUp","value":""}]}]}
COMMAND: GET /session/fa0fa588b59cd70394c35387be1492a3/screenshot - {}
RESULT: {}
COMMAND: POST /session/fa0fa588b59cd70394c35387be1492a3/element - {"using":"xpath","value":"//input[contains(@id ,\"application-managequotations-display-component---AddNewContract--site-inner\")]"}
RESULT: {"using":"xpath","value":"//input[contains(@id ,\"application-managequotations-display-component---AddNewContract--site-inner\")]"}
COMMAND: POST /session/fa0fa588b59cd70394c35387be1492a3/element/f.E45B0C2907A9CCBDD1B779A362D73609.d.70541DDD946B070FE1F15DB2CC34AA01.e.10970/value - {"text":"WebdriverSitekhdmn"}
RESULT: {"text":"WebdriverSitekhdmn"}
COMMAND: GET /session/fa0fa588b59cd70394c35387be1492a3/screenshot - {}
RESULT: {}
COMMAND: POST /session/fa0fa588b59cd70394c35387be1492a3/actions - {"actions":[{"id":"action81","type":"key","parameters":{},"actions":[{"type":"keyDown","value":""},{"type":"pause","duration":10},{"type":"keyUp","value":""}]}]}
RESULT: {"actions":[{"id":"action81","type":"key","parameters":{},"actions":[{"type":"keyDown","value":""},{"type":"pause","duration":10},{"type":"keyUp","value":""}]}]}
COMMAND: GET /session/fa0fa588b59cd70394c35387be1492a3/screenshot - {}
RESULT: {}
COMMAND: POST /session/fa0fa588b59cd70394c35387be1492a3/element - {"using":"xpath","value":"//bdi[contains(text(), \"Save\")]"}
RESULT: {"using":"xpath","value":"//bdi[contains(text(), \"Save\")]"}
COMMAND: POST /session/fa0fa588b59cd70394c35387be1492a3/element/f.E45B0C2907A9CCBDD1B779A362D73609.d.70541DDD946B070FE1F15DB2CC34AA01.e.11058/click - {}
RESULT: {}
COMMAND: GET /session/fa0fa588b59cd70394c35387be1492a3/screenshot - {}
RESULT: {}
COMMAND: POST /session/fa0fa588b59cd70394c35387be1492a3/element - {"using":"css selector","value":"#shell-header-logo"}
RESULT: {"using":"css selector","value":"#shell-header-logo"}
COMMAND: POST /session/fa0fa588b59cd70394c35387be1492a3/element/f.E45B0C2907A9CCBDD1B779A362D73609.d.70541DDD946B070FE1F15DB2CC34AA01.e.10666/click - {}
RESULT: {}
COMMAND: GET /session/fa0fa588b59cd70394c35387be1492a3/screenshot - {}
RESULT: {}
COMMAND: POST /session/fa0fa588b59cd70394c35387be1492a3/refresh - {}
RESULT: {}
COMMAND: GET /session/fa0fa588b59cd70394c35387be1492a3/screenshot - {}
RESULT: {}
COMMAND: POST /session/fa0fa588b59cd70394c35387be1492a3/execute/async - {"script":"<script> [189 bytes]","args":[]}
RESULT: {"script":"<script> [189 bytes]","args":[]}
COMMAND: POST /session/fa0fa588b59cd70394c35387be1492a3/execute/async - {"script":"<script> [123 bytes]","args":[]}
RESULT: {"script":"<script> [123 bytes]","args":[]}
COMMAND: POST /session/fa0fa588b59cd70394c35387be1492a3/timeouts - {"script":"<number>"}
RESULT: {"script":"<number>"}
COMMAND: GET /session/fa0fa588b59cd70394c35387be1492a3/timeouts - {}
RESULT: {}
RESULT: undefined
COMMAND: POST /session/fa0fa588b59cd70394c35387be1492a3/execute/async - {"script":"<script> [2676 bytes]","args":[]}
RESULT: {"script":"<script> [2676 bytes]","args":[]}
COMMAND: POST /session/fa0fa588b59cd70394c35387be1492a3/execute/async - {"script":"<script> [2342 bytes]","args":[{"protocol":"http","hostname":"0.0.0.0","path":"/","capabilities":{"browserName":"chrome","goog:chromeOptions":{"binary":"C:\\Program Files\\Google\\Chrome\\Application\\chrome.exe","args":["--start-maximized"]}},"logLevel":"warn","connectionRetryTimeout":120000,"connectionRetryCount":3,"logLevels":{},"enableDirectConnect":true,"strictSSL":true,"_":"65 more keys: [\"cacheDir\",\"port\",\"requestedCapabilities\",\"automationProtocol\",\"baseUrl\",\"waitforInterval\",\"waitforTimeout\",\"onReload\",\"beforeCommand\",\"afterCommand\",\"rootDir\",\"specs\",\"suites\",\"exclude\",\"groupLogsByTestSpec\",\"excludeDriverLogs\",\"bail\",\"framework\",\"reporters\",\"services\",\"maxInstances\",\"maxInstancesPerCapability\",\"injectGlobals\",\"filesToWatch\",\"execArgv\",\"runnerEnv\",\"runner\",\"shard\",\"specFileRetries\",\"specFileRetriesDelay\",\"specFileRetriesDeferred\",\"reporterSyncInterval\",\"reporterSyncTimeout\",\"cucumberFeaturesWithLineNumbers\",\"autoCompileOpts\",\"mochaOpts\",\"jasmineOpts\",\"cucumberOpts\",\"onPrepare\",\"onWorkerStart\",\"onWorkerEnd\",\"before\",\"beforeSession\",\"beforeSuite\",\"beforeHook\",\"beforeTest\",\"afterTest\",\"afterHook\",\"afterSuite\",\"afterSession\",\"after\",\"onComplete\",\"beforeAssertion\",\"afterAssertion\",\"beforeFeature\",\"beforeScenario\",\"beforeStep\",\"afterStep\",\"afterScenario\",\"afterFeature\",\"_\",\"suite\",\"$0\",\"ignoredWorkerServices\",\"wdi5\"]"}]}
RESULT: {"script":"<script> [2342 bytes]","args":[{"protocol":"http","hostname":"0.0.0.0","path":"/","capabilities":{"browserName":"chrome","goog:chromeOptions":{"binary":"C:\\Program Files\\Google\\Chrome\\Application\\chrome.exe","args":["--start-maximized"]}},"logLevel":"warn","connectionRetryTimeout":120000,"connectionRetryCount":3,"logLevels":{},"enableDirectConnect":true,"strictSSL":true,"_":"65 more keys: [\"cacheDir\",\"port\",\"requestedCapabilities\",\"automationProtocol\",\"baseUrl\",\"waitforInterval\",\"waitforTimeout\",\"onReload\",\"beforeCommand\",\"afterCommand\",\"rootDir\",\"specs\",\"suites\",\"exclude\",\"groupLogsByTestSpec\",\"excludeDriverLogs\",\"bail\",\"framework\",\"reporters\",\"services\",\"maxInstances\",\"maxInstancesPerCapability\",\"injectGlobals\",\"filesToWatch\",\"execArgv\",\"runnerEnv\",\"runner\",\"shard\",\"specFileRetries\",\"specFileRetriesDelay\",\"specFileRetriesDeferred\",\"reporterSyncInterval\",\"reporterSyncTimeout\",\"cucumberFeaturesWithLineNumbers\",\"autoCompileOpts\",\"mochaOpts\",\"jasmineOpts\",\"cucumberOpts\",\"onPrepare\",\"onWorkerStart\",\"onWorkerEnd\",\"before\",\"beforeSession\",\"beforeSuite\",\"beforeHook\",\"beforeTest\",\"afterTest\",\"afterHook\",\"afterSuite\",\"afterSession\",\"after\",\"onComplete\",\"beforeAssertion\",\"afterAssertion\",\"beforeFeature\",\"beforeScenario\",\"beforeStep\",\"afterStep\",\"afterScenario\",\"afterFeature\",\"_\",\"suite\",\"$0\",\"ignoredWorkerServices\",\"wdi5\"]"}]}
COMMAND: POST /session/fa0fa588b59cd70394c35387be1492a3/execute/async - {"script":"<script> [21126 bytes]","args":[35000]}
RESULT: {"script":"<script> [21126 bytes]","args":[35000]}
]]></system-out>
    </testcase>
    <testcase classname="chrome.136_0_7103_93.windows.Process_request_items_into_an_existing_quotation_US120163" name="Should create a new request with catalog items and plan it" time="210.914">
      <system-out><![CDATA[
COMMAND: POST /session/fa0fa588b59cd70394c35387be1492a3/execute/async - {"script":"<script> [1562 bytes]","args":[{"selector":{"controlType":"sap.m.GenericTile","properties":{"header":"Manage Requests"}},"wdio_ui5_key":"sapm.GenericTile{\"header\":\"Manage Requests\"}"}]}
RESULT: {"script":"<script> [1562 bytes]","args":[{"selector":{"controlType":"sap.m.GenericTile","properties":{"header":"Manage Requests"}},"wdio_ui5_key":"sapm.GenericTile{\"header\":\"Manage Requests\"}"}]}
RESULT: undefined
COMMAND: POST /session/fa0fa588b59cd70394c35387be1492a3/element - {"using":"xpath","value":"//*[@id=\"__tile47\"]"}
RESULT: {"using":"xpath","value":"//*[@id=\"__tile47\"]"}
COMMAND: POST /session/fa0fa588b59cd70394c35387be1492a3/element/f.E45B0C2907A9CCBDD1B779A362D73609.d.A56C3E35B5FD8D80F0E5102B3C8A739E.e.11101/click - {}
RESULT: {}
COMMAND: GET /session/fa0fa588b59cd70394c35387be1492a3/screenshot - {}
COMMAND: POST /session/fa0fa588b59cd70394c35387be1492a3/elements - {"using":"xpath","value":"//span[text()='Error']"}
RESULT: {}
RESULT: {"using":"xpath","value":"//span[text()='Error']"}
COMMAND: POST /session/fa0fa588b59cd70394c35387be1492a3/element - {"using":"xpath","value":"(//span[contains(@class ,\"sapMObjStatusText\")])[1]"}
RESULT: {"using":"xpath","value":"(//span[contains(@class ,\"sapMObjStatusText\")])[1]"}
COMMAND: POST /session/fa0fa588b59cd70394c35387be1492a3/execute/sync - {"script":"<script> [8489 bytes]","args":[{"element-6066-11e4-a52e-4f735466cecf":"f.E45B0C2907A9CCBDD1B779A362D73609.d.A56C3E35B5FD8D80F0E5102B3C8A739E.e.11196","ELEMENT":"f.E45B0C2907A9CCBDD1B779A362D73609.d.A56C3E35B5FD8D80F0E5102B3C8A739E.e.11196"}]}
RESULT: {"script":"<script> [8489 bytes]","args":[{"element-6066-11e4-a52e-4f735466cecf":"f.E45B0C2907A9CCBDD1B779A362D73609.d.A56C3E35B5FD8D80F0E5102B3C8A739E.e.11196","ELEMENT":"f.E45B0C2907A9CCBDD1B779A362D73609.d.A56C3E35B5FD8D80F0E5102B3C8A739E.e.11196"}]}
COMMAND: POST /session/fa0fa588b59cd70394c35387be1492a3/element - {"using":"xpath","value":"//button[contains(@data-kt ,\"btnCreateNewOverflowToolbarButton\")]"}
COMMAND: GET /session/fa0fa588b59cd70394c35387be1492a3/screenshot - {}
RESULT: {"using":"xpath","value":"//button[contains(@data-kt ,\"btnCreateNewOverflowToolbarButton\")]"}
COMMAND: POST /session/fa0fa588b59cd70394c35387be1492a3/element/f.E45B0C2907A9CCBDD1B779A362D73609.d.A56C3E35B5FD8D80F0E5102B3C8A739E.e.11157/click - {}
RESULT: {}
RESULT: {}
COMMAND: GET /session/fa0fa588b59cd70394c35387be1492a3/screenshot - {}
RESULT: {}
COMMAND: POST /session/fa0fa588b59cd70394c35387be1492a3/element - {"using":"xpath","value":"//input[contains(@id ,\"yardId-inner\")]"}
RESULT: {"using":"xpath","value":"//input[contains(@id ,\"yardId-inner\")]"}
COMMAND: POST /session/fa0fa588b59cd70394c35387be1492a3/execute/sync - {"script":"<script> [8489 bytes]","args":[{"element-6066-11e4-a52e-4f735466cecf":"f.E45B0C2907A9CCBDD1B779A362D73609.d.A56C3E35B5FD8D80F0E5102B3C8A739E.e.11277","ELEMENT":"f.E45B0C2907A9CCBDD1B779A362D73609.d.A56C3E35B5FD8D80F0E5102B3C8A739E.e.11277"}]}
RESULT: {"script":"<script> [8489 bytes]","args":[{"element-6066-11e4-a52e-4f735466cecf":"f.E45B0C2907A9CCBDD1B779A362D73609.d.A56C3E35B5FD8D80F0E5102B3C8A739E.e.11277","ELEMENT":"f.E45B0C2907A9CCBDD1B779A362D73609.d.A56C3E35B5FD8D80F0E5102B3C8A739E.e.11277"}]}
COMMAND: POST /session/fa0fa588b59cd70394c35387be1492a3/element - {"using":"xpath","value":"//input[contains(@id ,\"yardId-inner\")]"}
COMMAND: GET /session/fa0fa588b59cd70394c35387be1492a3/screenshot - {}
RESULT: {"using":"xpath","value":"//input[contains(@id ,\"yardId-inner\")]"}
COMMAND: GET /session/fa0fa588b59cd70394c35387be1492a3/element/f.E45B0C2907A9CCBDD1B779A362D73609.d.A56C3E35B5FD8D80F0E5102B3C8A739E.e.11277/enabled - {}
RESULT: {}
RESULT: {}
COMMAND: POST /session/fa0fa588b59cd70394c35387be1492a3/element/f.E45B0C2907A9CCBDD1B779A362D73609.d.A56C3E35B5FD8D80F0E5102B3C8A739E.e.11277/clear - {}
COMMAND: GET /session/fa0fa588b59cd70394c35387be1492a3/screenshot - {}
RESULT: {}
COMMAND: POST /session/fa0fa588b59cd70394c35387be1492a3/element/f.E45B0C2907A9CCBDD1B779A362D73609.d.A56C3E35B5FD8D80F0E5102B3C8A739E.e.11277/value - {"text":"WebdriverYard9d4i2"}
COMMAND: GET /session/fa0fa588b59cd70394c35387be1492a3/screenshot - {}
RESULT: {}
RESULT: {"text":"WebdriverYard9d4i2"}
COMMAND: GET /session/fa0fa588b59cd70394c35387be1492a3/screenshot - {}
RESULT: {}
RESULT: {}
COMMAND: POST /session/fa0fa588b59cd70394c35387be1492a3/actions - {"actions":[{"id":"action82","type":"key","parameters":{},"actions":[{"type":"keyDown","value":""},{"type":"pause","duration":10},{"type":"keyUp","value":""}]}]}
RESULT: {"actions":[{"id":"action82","type":"key","parameters":{},"actions":[{"type":"keyDown","value":""},{"type":"pause","duration":10},{"type":"keyUp","value":""}]}]}
COMMAND: GET /session/fa0fa588b59cd70394c35387be1492a3/screenshot - {}
RESULT: {}
COMMAND: POST /session/fa0fa588b59cd70394c35387be1492a3/element - {"using":"xpath","value":"//input[contains(@id ,\"customerNumber-inner\")]"}
RESULT: {"using":"xpath","value":"//input[contains(@id ,\"customerNumber-inner\")]"}
COMMAND: POST /session/fa0fa588b59cd70394c35387be1492a3/element/f.E45B0C2907A9CCBDD1B779A362D73609.d.A56C3E35B5FD8D80F0E5102B3C8A739E.e.11271/value - {"text":"WebdriverPartneruamqb"}
RESULT: {"text":"WebdriverPartneruamqb"}
COMMAND: GET /session/fa0fa588b59cd70394c35387be1492a3/screenshot - {}
RESULT: {}
COMMAND: POST /session/fa0fa588b59cd70394c35387be1492a3/actions - {"actions":[{"id":"action83","type":"key","parameters":{},"actions":[{"type":"keyDown","value":""},{"type":"pause","duration":10},{"type":"keyUp","value":""}]}]}
RESULT: {"actions":[{"id":"action83","type":"key","parameters":{},"actions":[{"type":"keyDown","value":""},{"type":"pause","duration":10},{"type":"keyUp","value":""}]}]}
COMMAND: GET /session/fa0fa588b59cd70394c35387be1492a3/screenshot - {}
RESULT: {}
COMMAND: GET /session/fa0fa588b59cd70394c35387be1492a3/element/f.E45B0C2907A9CCBDD1B779A362D73609.d.A56C3E35B5FD8D80F0E5102B3C8A739E.e.11271/property/value - {}
RESULT: {}
COMMAND: POST /session/fa0fa588b59cd70394c35387be1492a3/element/f.E45B0C2907A9CCBDD1B779A362D73609.d.A56C3E35B5FD8D80F0E5102B3C8A739E.e.11271/value - {"text":"WebdriverPartneruamqb"}
COMMAND: GET /session/fa0fa588b59cd70394c35387be1492a3/screenshot - {}
RESULT: {"text":"WebdriverPartneruamqb"}
COMMAND: GET /session/fa0fa588b59cd70394c35387be1492a3/screenshot - {}
RESULT: {}
RESULT: {}
COMMAND: POST /session/fa0fa588b59cd70394c35387be1492a3/actions - {"actions":[{"id":"action84","type":"key","parameters":{},"actions":[{"type":"keyDown","value":""},{"type":"pause","duration":10},{"type":"keyUp","value":""}]}]}
RESULT: {"actions":[{"id":"action84","type":"key","parameters":{},"actions":[{"type":"keyDown","value":""},{"type":"pause","duration":10},{"type":"keyUp","value":""}]}]}
COMMAND: GET /session/fa0fa588b59cd70394c35387be1492a3/screenshot - {}
RESULT: {}
COMMAND: POST /session/fa0fa588b59cd70394c35387be1492a3/element - {"using":"xpath","value":"//input[contains(@id ,\"requestSiteId-inner\")]"}
RESULT: {"using":"xpath","value":"//input[contains(@id ,\"requestSiteId-inner\")]"}
COMMAND: POST /session/fa0fa588b59cd70394c35387be1492a3/element/f.E45B0C2907A9CCBDD1B779A362D73609.d.A56C3E35B5FD8D80F0E5102B3C8A739E.e.11270/value - {"text":"WebdriverSitekhdmn"}
RESULT: {"text":"WebdriverSitekhdmn"}
COMMAND: GET /session/fa0fa588b59cd70394c35387be1492a3/screenshot - {}
RESULT: {}
COMMAND: POST /session/fa0fa588b59cd70394c35387be1492a3/actions - {"actions":[{"id":"action85","type":"key","parameters":{},"actions":[{"type":"keyDown","value":""},{"type":"pause","duration":10},{"type":"keyUp","value":""}]}]}
RESULT: {"actions":[{"id":"action85","type":"key","parameters":{},"actions":[{"type":"keyDown","value":""},{"type":"pause","duration":10},{"type":"keyUp","value":""}]}]}
COMMAND: GET /session/fa0fa588b59cd70394c35387be1492a3/screenshot - {}
RESULT: {}
COMMAND: POST /session/fa0fa588b59cd70394c35387be1492a3/element - {"using":"xpath","value":"//button[contains(@data-kt ,\"requestItemAddOverflowToolbarButton\")]"}
RESULT: {"using":"xpath","value":"//button[contains(@data-kt ,\"requestItemAddOverflowToolbarButton\")]"}
COMMAND: POST /session/fa0fa588b59cd70394c35387be1492a3/element/f.E45B0C2907A9CCBDD1B779A362D73609.d.A56C3E35B5FD8D80F0E5102B3C8A739E.e.11452/click - {}
RESULT: {}
COMMAND: GET /session/fa0fa588b59cd70394c35387be1492a3/screenshot - {}
RESULT: {}
COMMAND: POST /session/fa0fa588b59cd70394c35387be1492a3/actions - {"actions":[{"id":"action86","type":"key","parameters":{},"actions":[{"type":"keyDown","value":""},{"type":"pause","duration":10},{"type":"keyUp","value":""}]}]}
RESULT: {"actions":[{"id":"action86","type":"key","parameters":{},"actions":[{"type":"keyDown","value":""},{"type":"pause","duration":10},{"type":"keyUp","value":""}]}]}
COMMAND: POST /session/fa0fa588b59cd70394c35387be1492a3/actions - {"actions":[{"id":"action87","type":"key","parameters":{},"actions":[{"type":"keyDown","value":""},{"type":"pause","duration":10},{"type":"keyUp","value":""}]}]}
COMMAND: GET /session/fa0fa588b59cd70394c35387be1492a3/screenshot - {}
RESULT: {"actions":[{"id":"action87","type":"key","parameters":{},"actions":[{"type":"keyDown","value":""},{"type":"pause","duration":10},{"type":"keyUp","value":""}]}]}
COMMAND: GET /session/fa0fa588b59cd70394c35387be1492a3/screenshot - {}
RESULT: {}
RESULT: {}
COMMAND: POST /session/fa0fa588b59cd70394c35387be1492a3/element - {"using":"xpath","value":"(//input[contains(@id ,\"requestItemsTable-0-inner\")])[1]"}
RESULT: {"using":"xpath","value":"(//input[contains(@id ,\"requestItemsTable-0-inner\")])[1]"}
COMMAND: POST /session/fa0fa588b59cd70394c35387be1492a3/element/f.E45B0C2907A9CCBDD1B779A362D73609.d.A56C3E35B5FD8D80F0E5102B3C8A739E.e.11456/clear - {}
RESULT: {}
COMMAND: POST /session/fa0fa588b59cd70394c35387be1492a3/element/f.E45B0C2907A9CCBDD1B779A362D73609.d.A56C3E35B5FD8D80F0E5102B3C8A739E.e.11456/value - {"text":"catalogItem3xqp"}
COMMAND: GET /session/fa0fa588b59cd70394c35387be1492a3/screenshot - {}
RESULT: {"text":"catalogItem3xqp"}
COMMAND: GET /session/fa0fa588b59cd70394c35387be1492a3/screenshot - {}
RESULT: {}
RESULT: {}
COMMAND: POST /session/fa0fa588b59cd70394c35387be1492a3/actions - {"actions":[{"id":"action88","type":"key","parameters":{},"actions":[{"type":"keyDown","value":""},{"type":"pause","duration":10},{"type":"keyUp","value":""}]}]}
RESULT: {"actions":[{"id":"action88","type":"key","parameters":{},"actions":[{"type":"keyDown","value":""},{"type":"pause","duration":10},{"type":"keyUp","value":""}]}]}
COMMAND: GET /session/fa0fa588b59cd70394c35387be1492a3/screenshot - {}
RESULT: {}
COMMAND: POST /session/fa0fa588b59cd70394c35387be1492a3/execute/async - {"script":"<script> [1562 bytes]","args":[{"selector":{"controlType":"sap.ui.core.Icon","viewName":"etm.portal.ui.managerequests.view.NewRequest","properties":{"src":{"regex":{"source":"slim\\-arrow\\-down"}}},"ancestor":{"controlType":"sap.m.Button","viewName":"etm.portal.ui.managerequests.view.NewRequest","properties":{"icon":"sap-icon://slim-arrow-down"}}},"wdio_ui5_key":"etmportal.ui.managerequests.view.NewRequestsap.ui.core.Icon{\"src\":{\"regex\":{\"source\":\"slim\\\\-arrow\\\\-down\"}}}{\"controlType\":\"sap.m.Button\",\"viewName\":\"etm.portal.ui.managerequests.view.NewRequest\",\"properties\":{\"icon\":\"sap-icon://slim-arrow-down\"}}"}]}
RESULT: {"script":"<script> [1562 bytes]","args":[{"selector":{"controlType":"sap.ui.core.Icon","viewName":"etm.portal.ui.managerequests.view.NewRequest","properties":{"src":{"regex":{"source":"slim\\-arrow\\-down"}}},"ancestor":{"controlType":"sap.m.Button","viewName":"etm.portal.ui.managerequests.view.NewRequest","properties":{"icon":"sap-icon://slim-arrow-down"}}},"wdio_ui5_key":"etmportal.ui.managerequests.view.NewRequestsap.ui.core.Icon{\"src\":{\"regex\":{\"source\":\"slim\\\\-arrow\\\\-down\"}}}{\"controlType\":\"sap.m.Button\",\"viewName\":\"etm.portal.ui.managerequests.view.NewRequest\",\"properties\":{\"icon\":\"sap-icon://slim-arrow-down\"}}"}]}
RESULT: undefined
COMMAND: POST /session/fa0fa588b59cd70394c35387be1492a3/element - {"using":"xpath","value":"//div[contains(@data-kt ,\"splitAllocationObjectStatus\")]"}
RESULT: {"using":"xpath","value":"//div[contains(@data-kt ,\"splitAllocationObjectStatus\")]"}
COMMAND: POST /session/fa0fa588b59cd70394c35387be1492a3/elements - {"using":"xpath","value":"//div[contains(@data-kt ,\"splitAllocationObjectStatus\")]"}
RESULT: {"using":"xpath","value":"//div[contains(@data-kt ,\"splitAllocationObjectStatus\")]"}
COMMAND: POST /session/fa0fa588b59cd70394c35387be1492a3/execute/async - {"script":"<script> [1562 bytes]","args":[{"selector":{"controlType":"sap.ui.core.Icon","viewName":"etm.portal.ui.managerequests.view.NewRequest","properties":{"src":{"regex":{"source":"message\\-error"}}}},"wdio_ui5_key":"etmportal.ui.managerequests.view.NewRequestsap.ui.core.Icon{\"src\":{\"regex\":{\"source\":\"message\\\\-error\"}}}"}]}
RESULT: {"script":"<script> [1562 bytes]","args":[{"selector":{"controlType":"sap.ui.core.Icon","viewName":"etm.portal.ui.managerequests.view.NewRequest","properties":{"src":{"regex":{"source":"message\\-error"}}}},"wdio_ui5_key":"etmportal.ui.managerequests.view.NewRequestsap.ui.core.Icon{\"src\":{\"regex\":{\"source\":\"message\\\\-error\"}}}"}]}
RESULT: undefined
COMMAND: POST /session/fa0fa588b59cd70394c35387be1492a3/element - {"using":"xpath","value":"//*[@id=\"__status4-__xmlview59--requestItemsTable-0-icon\"]"}
RESULT: {"using":"xpath","value":"//*[@id=\"__status4-__xmlview59--requestItemsTable-0-icon\"]"}
COMMAND: POST /session/fa0fa588b59cd70394c35387be1492a3/element/f.E45B0C2907A9CCBDD1B779A362D73609.d.A56C3E35B5FD8D80F0E5102B3C8A739E.e.11471/click - {}
RESULT: {}
COMMAND: POST /session/fa0fa588b59cd70394c35387be1492a3/execute/async - {"script":"<script> [1562 bytes]","args":[{"selector":{"controlType":"sap.ui.core.Icon","viewName":"etm.portal.ui.managerequests.view.NewRequest","properties":{"src":{"regex":{"source":"slim\\-arrow\\-down"}}},"searchOpenDialogs":true,"ancestor":{"id":"costObjectAdminTypeComboBox","viewName":"etm.portal.ui.managerequests.view.NewRequest","searchOpenDialogs":true}},"wdio_ui5_key":"etmportal.ui.managerequests.view.NewRequestsap.ui.core.Icon{\"src\":{\"regex\":{\"source\":\"slim\\\\-arrow\\\\-down\"}}}{\"id\":\"costObjectAdminTypeComboBox\",\"viewName\":\"etm.portal.ui.managerequests.view.NewRequest\",\"searchOpenDialogs\":true}"}]}
COMMAND: GET /session/fa0fa588b59cd70394c35387be1492a3/screenshot - {}
RESULT: {"script":"<script> [1562 bytes]","args":[{"selector":{"controlType":"sap.ui.core.Icon","viewName":"etm.portal.ui.managerequests.view.NewRequest","properties":{"src":{"regex":{"source":"slim\\-arrow\\-down"}}},"searchOpenDialogs":true,"ancestor":{"id":"costObjectAdminTypeComboBox","viewName":"etm.portal.ui.managerequests.view.NewRequest","searchOpenDialogs":true}},"wdio_ui5_key":"etmportal.ui.managerequests.view.NewRequestsap.ui.core.Icon{\"src\":{\"regex\":{\"source\":\"slim\\\\-arrow\\\\-down\"}}}{\"id\":\"costObjectAdminTypeComboBox\",\"viewName\":\"etm.portal.ui.managerequests.view.NewRequest\",\"searchOpenDialogs\":true}"}]}
RESULT: undefined
COMMAND: POST /session/fa0fa588b59cd70394c35387be1492a3/element - {"using":"xpath","value":"//*[@id=\"__xmlview59--costObjectAdminTypeComboBox-arrow\"]"}
RESULT: {}
RESULT: {"using":"xpath","value":"//*[@id=\"__xmlview59--costObjectAdminTypeComboBox-arrow\"]"}
COMMAND: POST /session/fa0fa588b59cd70394c35387be1492a3/element/f.E45B0C2907A9CCBDD1B779A362D73609.d.A56C3E35B5FD8D80F0E5102B3C8A739E.e.11476/click - {}
RESULT: {}
COMMAND: POST /session/fa0fa588b59cd70394c35387be1492a3/execute/async - {"script":"<script> [1562 bytes]","args":[{"selector":{"controlType":"sap.m.StandardListItem","viewName":"etm.portal.ui.managerequests.view.NewRequest","properties":{"title":"Cost Center"},"searchOpenDialogs":true,"interaction":{"idSuffix":"titleText"}},"wdio_ui5_key":"etmportal.ui.managerequests.view.NewRequestsap.m.StandardListItem{\"title\":\"Cost Center\"}"}]}
COMMAND: GET /session/fa0fa588b59cd70394c35387be1492a3/screenshot - {}
RESULT: {"script":"<script> [1562 bytes]","args":[{"selector":{"controlType":"sap.m.StandardListItem","viewName":"etm.portal.ui.managerequests.view.NewRequest","properties":{"title":"Cost Center"},"searchOpenDialogs":true,"interaction":{"idSuffix":"titleText"}},"wdio_ui5_key":"etmportal.ui.managerequests.view.NewRequestsap.m.StandardListItem{\"title\":\"Cost Center\"}"}]}
RESULT: undefined
COMMAND: POST /session/fa0fa588b59cd70394c35387be1492a3/element - {"using":"xpath","value":"//*[@id=\"__item610\"]"}
RESULT: {}
RESULT: {"using":"xpath","value":"//*[@id=\"__item610\"]"}
COMMAND: POST /session/fa0fa588b59cd70394c35387be1492a3/element/f.E45B0C2907A9CCBDD1B779A362D73609.d.A56C3E35B5FD8D80F0E5102B3C8A739E.e.11478/click - {}
RESULT: {}
COMMAND: GET /session/fa0fa588b59cd70394c35387be1492a3/screenshot - {}
RESULT: {}
COMMAND: POST /session/fa0fa588b59cd70394c35387be1492a3/execute/async - {"script":"<script> [1562 bytes]","args":[{"selector":{"controlType":"sap.ui.core.Icon","viewName":"etm.portal.ui.managerequests.view.NewRequest","properties":{"src":{"regex":{"source":"value\\-help"}}},"searchOpenDialogs":true},"wdio_ui5_key":"etmportal.ui.managerequests.view.NewRequestsap.ui.core.Icon{\"src\":{\"regex\":{\"source\":\"value\\\\-help\"}}}"}]}
RESULT: {"script":"<script> [1562 bytes]","args":[{"selector":{"controlType":"sap.ui.core.Icon","viewName":"etm.portal.ui.managerequests.view.NewRequest","properties":{"src":{"regex":{"source":"value\\-help"}}},"searchOpenDialogs":true},"wdio_ui5_key":"etmportal.ui.managerequests.view.NewRequestsap.ui.core.Icon{\"src\":{\"regex\":{\"source\":\"value\\\\-help\"}}}"}]}
RESULT: undefined
COMMAND: POST /session/fa0fa588b59cd70394c35387be1492a3/element - {"using":"xpath","value":"//*[@id=\"__xmlview59--costObjectIdComboBox-vhi\"]"}
RESULT: {"using":"xpath","value":"//*[@id=\"__xmlview59--costObjectIdComboBox-vhi\"]"}
COMMAND: POST /session/fa0fa588b59cd70394c35387be1492a3/element/f.E45B0C2907A9CCBDD1B779A362D73609.d.A56C3E35B5FD8D80F0E5102B3C8A739E.e.11485/click - {}
RESULT: {}
COMMAND: POST /session/fa0fa588b59cd70394c35387be1492a3/execute/async - {"script":"<script> [1562 bytes]","args":[{"selector":{"controlType":"sap.m.SearchField","properties":{"placeholder":"Search"},"searchOpenDialogs":true,"interaction":{"idSuffix":"I"}},"wdio_ui5_key":"sapm.SearchField{\"placeholder\":\"Search\"}"}]}
COMMAND: GET /session/fa0fa588b59cd70394c35387be1492a3/screenshot - {}
RESULT: {"script":"<script> [1562 bytes]","args":[{"selector":{"controlType":"sap.m.SearchField","properties":{"placeholder":"Search"},"searchOpenDialogs":true,"interaction":{"idSuffix":"I"}},"wdio_ui5_key":"sapm.SearchField{\"placeholder\":\"Search\"}"}]}
RESULT: undefined
COMMAND: POST /session/fa0fa588b59cd70394c35387be1492a3/execute/async - {"script":"<script> [776 bytes]","args":[{"enterText":"10001010","selector":{"controlType":"sap.m.SearchField","properties":{"placeholder":"Search"},"searchOpenDialogs":true,"interaction":{"idSuffix":"I"}},"clearTextFirst":true,"interactionType":"ENTER_TEXT"}]}
RESULT: {}
RESULT: {"script":"<script> [776 bytes]","args":[{"enterText":"10001010","selector":{"controlType":"sap.m.SearchField","properties":{"placeholder":"Search"},"searchOpenDialogs":true,"interaction":{"idSuffix":"I"}},"clearTextFirst":true,"interactionType":"ENTER_TEXT"}]}
COMMAND: POST /session/fa0fa588b59cd70394c35387be1492a3/actions - {"actions":[{"id":"action89","type":"key","parameters":{},"actions":[{"type":"keyDown","value":""},{"type":"pause","duration":10},{"type":"keyUp","value":""}]}]}
RESULT: {"actions":[{"id":"action89","type":"key","parameters":{},"actions":[{"type":"keyDown","value":""},{"type":"pause","duration":10},{"type":"keyUp","value":""}]}]}
COMMAND: GET /session/fa0fa588b59cd70394c35387be1492a3/screenshot - {}
RESULT: {}
COMMAND: POST /session/fa0fa588b59cd70394c35387be1492a3/execute/async - {"script":"<script> [1562 bytes]","args":[{"selector":{"controlType":"sap.m.Text","bindingPath":{"path":"/C_CostCtrValueHelp(CostCenter='10001010',ControllingArea='Z001')","propertyPath":"CostCenterName","modelName":"CostCenterModel"},"searchOpenDialogs":true},"wdio_ui5_key":"sapm.Text{\"path\":\"/C_CostCtrValueHelp(CostCenter='10001010',ControllingArea='Z001')\",\"propertyPath\":\"CostCenterName\",\"modelName\":\"CostCenterModel\"}"}]}
RESULT: {"script":"<script> [1562 bytes]","args":[{"selector":{"controlType":"sap.m.Text","bindingPath":{"path":"/C_CostCtrValueHelp(CostCenter='10001010',ControllingArea='Z001')","propertyPath":"CostCenterName","modelName":"CostCenterModel"},"searchOpenDialogs":true},"wdio_ui5_key":"sapm.Text{\"path\":\"/C_CostCtrValueHelp(CostCenter='10001010',ControllingArea='Z001')\",\"propertyPath\":\"CostCenterName\",\"modelName\":\"CostCenterModel\"}"}]}
RESULT: undefined
COMMAND: POST /session/fa0fa588b59cd70394c35387be1492a3/element - {"using":"xpath","value":"//*[@id=\"__text291-__clone748\"]"}
RESULT: {"using":"xpath","value":"//*[@id=\"__text291-__clone748\"]"}
COMMAND: POST /session/fa0fa588b59cd70394c35387be1492a3/element/f.E45B0C2907A9CCBDD1B779A362D73609.d.A56C3E35B5FD8D80F0E5102B3C8A739E.e.11525/click - {}
RESULT: {}
COMMAND: POST /session/fa0fa588b59cd70394c35387be1492a3/execute/async - {"script":"<script> [1562 bytes]","args":[{"selector":{"controlType":"sap.m.Button","properties":{"text":"OK"},"searchOpenDialogs":true,"interaction":{"idSuffix":"BDI-content"}},"wdio_ui5_key":"sapm.Button{\"text\":\"OK\"}"}]}
COMMAND: GET /session/fa0fa588b59cd70394c35387be1492a3/screenshot - {}
RESULT: {"script":"<script> [1562 bytes]","args":[{"selector":{"controlType":"sap.m.Button","properties":{"text":"OK"},"searchOpenDialogs":true,"interaction":{"idSuffix":"BDI-content"}},"wdio_ui5_key":"sapm.Button{\"text\":\"OK\"}"}]}
RESULT: undefined
COMMAND: POST /session/fa0fa588b59cd70394c35387be1492a3/element - {"using":"xpath","value":"//*[@id=\"__dialog1-ok\"]"}
RESULT: {}
RESULT: {"using":"xpath","value":"//*[@id=\"__dialog1-ok\"]"}
COMMAND: POST /session/fa0fa588b59cd70394c35387be1492a3/element/f.E45B0C2907A9CCBDD1B779A362D73609.d.A56C3E35B5FD8D80F0E5102B3C8A739E.e.11527/click - {}
RESULT: {}
COMMAND: GET /session/fa0fa588b59cd70394c35387be1492a3/screenshot - {}
RESULT: {}
COMMAND: POST /session/fa0fa588b59cd70394c35387be1492a3/execute/async - {"script":"<script> [1562 bytes]","args":[{"selector":{"controlType":"sap.m.Button","viewName":"etm.portal.ui.managerequests.view.NewRequest","i18NText":{"propertyName":"text","key":"save"},"searchOpenDialogs":true,"interaction":{"idSuffix":"BDI-content"}},"wdio_ui5_key":"etmportal.ui.managerequests.view.NewRequestsap.m.Button{\"propertyName\":\"text\",\"key\":\"save\"}"}]}
RESULT: {"script":"<script> [1562 bytes]","args":[{"selector":{"controlType":"sap.m.Button","viewName":"etm.portal.ui.managerequests.view.NewRequest","i18NText":{"propertyName":"text","key":"save"},"searchOpenDialogs":true,"interaction":{"idSuffix":"BDI-content"}},"wdio_ui5_key":"etmportal.ui.managerequests.view.NewRequestsap.m.Button{\"propertyName\":\"text\",\"key\":\"save\"}"}]}
RESULT: undefined
COMMAND: POST /session/fa0fa588b59cd70394c35387be1492a3/element - {"using":"xpath","value":"//*[@id=\"__button24\"]"}
RESULT: {"using":"xpath","value":"//*[@id=\"__button24\"]"}
COMMAND: POST /session/fa0fa588b59cd70394c35387be1492a3/element/f.E45B0C2907A9CCBDD1B779A362D73609.d.A56C3E35B5FD8D80F0E5102B3C8A739E.e.11531/click - {}
RESULT: {}
COMMAND: GET /session/fa0fa588b59cd70394c35387be1492a3/screenshot - {}
RESULT: {}
COMMAND: POST /session/fa0fa588b59cd70394c35387be1492a3/element - {"using":"xpath","value":"(//bdi[contains(text() ,\"Save\")])[1]"}
RESULT: {"using":"xpath","value":"(//bdi[contains(text() ,\"Save\")])[1]"}
COMMAND: POST /session/fa0fa588b59cd70394c35387be1492a3/element/f.E45B0C2907A9CCBDD1B779A362D73609.d.A56C3E35B5FD8D80F0E5102B3C8A739E.e.11533/click - {}
RESULT: {}
COMMAND: GET /session/fa0fa588b59cd70394c35387be1492a3/screenshot - {}
RESULT: {}
COMMAND: POST /session/fa0fa588b59cd70394c35387be1492a3/execute/async - {"script":"<script> [1562 bytes]","args":[{"selector":{"controlType":"sap.m.Title","properties":{"text":"Success"},"searchOpenDialogs":true},"wdio_ui5_key":"sapm.Title{\"text\":\"Success\"}"}]}
RESULT: {"script":"<script> [1562 bytes]","args":[{"selector":{"controlType":"sap.m.Title","properties":{"text":"Success"},"searchOpenDialogs":true},"wdio_ui5_key":"sapm.Title{\"text\":\"Success\"}"}]}
RESULT: undefined
COMMAND: POST /session/fa0fa588b59cd70394c35387be1492a3/execute/async - {"script":"<script> [6424 bytes]","args":[{"element-6066-11e4-a52e-4f735466cecf":"f.E45B0C2907A9CCBDD1B779A362D73609.d.A56C3E35B5FD8D80F0E5102B3C8A739E.e.11537"},"getText",[]]}
RESULT: {"script":"<script> [6424 bytes]","args":[{"element-6066-11e4-a52e-4f735466cecf":"f.E45B0C2907A9CCBDD1B779A362D73609.d.A56C3E35B5FD8D80F0E5102B3C8A739E.e.11537"},"getText",[]]}
COMMAND: POST /session/fa0fa588b59cd70394c35387be1492a3/execute/async - {"script":"<script> [1562 bytes]","args":[{"selector":{"controlType":"sap.m.Button","properties":{"text":"Close"},"searchOpenDialogs":true,"interaction":{"idSuffix":"BDI-content"}},"wdio_ui5_key":"sapm.Button{\"text\":\"Close\"}"}]}
RESULT: {"script":"<script> [1562 bytes]","args":[{"selector":{"controlType":"sap.m.Button","properties":{"text":"Close"},"searchOpenDialogs":true,"interaction":{"idSuffix":"BDI-content"}},"wdio_ui5_key":"sapm.Button{\"text\":\"Close\"}"}]}
RESULT: undefined
COMMAND: POST /session/fa0fa588b59cd70394c35387be1492a3/element - {"using":"xpath","value":"//*[@id=\"__mbox-btn-0\"]"}
RESULT: {"using":"xpath","value":"//*[@id=\"__mbox-btn-0\"]"}
COMMAND: POST /session/fa0fa588b59cd70394c35387be1492a3/element/f.E45B0C2907A9CCBDD1B779A362D73609.d.A56C3E35B5FD8D80F0E5102B3C8A739E.e.11536/click - {}
RESULT: {}
COMMAND: GET /session/fa0fa588b59cd70394c35387be1492a3/screenshot - {}
RESULT: {}
COMMAND: POST /session/fa0fa588b59cd70394c35387be1492a3/execute/async - {"script":"<script> [1562 bytes]","args":[{"selector":{"controlType":"sap.m.Text","viewName":"etm.portal.ui.managerequests.view.Detail","bindingPath":{"propertyPath":"NO","modelName":"catalogModel"}},"wdio_ui5_key":"etmportal.ui.managerequests.view.Detailsap.m.Text{\"propertyPath\":\"NO\",\"modelName\":\"catalogModel\"}"}]}
RESULT: {"script":"<script> [1562 bytes]","args":[{"selector":{"controlType":"sap.m.Text","viewName":"etm.portal.ui.managerequests.view.Detail","bindingPath":{"propertyPath":"NO","modelName":"catalogModel"}},"wdio_ui5_key":"etmportal.ui.managerequests.view.Detailsap.m.Text{\"propertyPath\":\"NO\",\"modelName\":\"catalogModel\"}"}]}
RESULT: undefined
COMMAND: POST /session/fa0fa588b59cd70394c35387be1492a3/execute/async - {"script":"<script> [6424 bytes]","args":[{"element-6066-11e4-a52e-4f735466cecf":"f.E45B0C2907A9CCBDD1B779A362D73609.d.A56C3E35B5FD8D80F0E5102B3C8A739E.e.11662"},"getText",[]]}
RESULT: {"script":"<script> [6424 bytes]","args":[{"element-6066-11e4-a52e-4f735466cecf":"f.E45B0C2907A9CCBDD1B779A362D73609.d.A56C3E35B5FD8D80F0E5102B3C8A739E.e.11662"},"getText",[]]}
COMMAND: POST /session/fa0fa588b59cd70394c35387be1492a3/execute/async - {"script":"<script> [1562 bytes]","args":[{"selector":{"controlType":"sap.ui.core.Icon","viewName":"etm.portal.ui.managerequests.view.Detail","properties":{"src":{"regex":{"source":"date\\-time"}}},"ancestor":{"controlType":"sap.m.ColumnListItem","viewName":"etm.portal.ui.managerequests.view.Detail","bindingPath":{"path":"/SmartRequestItemsPlanningBoard(ITEM=10m,REQUEST='20154')"},"ancestor":{"id":"requestItemsTable","viewName":"etm.portal.ui.managerequests.view.Detail"}}},"wdio_ui5_key":"etmportal.ui.managerequests.view.Detailsap.ui.core.Icon{\"src\":{\"regex\":{\"source\":\"date\\\\-time\"}}}{\"controlType\":\"sap.m.ColumnListItem\",\"viewName\":\"etm.portal.ui.managerequests.view.Detail\",\"bindingPath\":{\"path\":\"/SmartRequestItemsPlanningBoard(ITEM=10m,REQUEST='20154')\"},\"ancestor\":{\"id\":\"requestItemsTable\",\"viewName\":\"etm.portal.ui.managerequests.view.Detail\"}}"}]}
RESULT: {"script":"<script> [1562 bytes]","args":[{"selector":{"controlType":"sap.ui.core.Icon","viewName":"etm.portal.ui.managerequests.view.Detail","properties":{"src":{"regex":{"source":"date\\-time"}}},"ancestor":{"controlType":"sap.m.ColumnListItem","viewName":"etm.portal.ui.managerequests.view.Detail","bindingPath":{"path":"/SmartRequestItemsPlanningBoard(ITEM=10m,REQUEST='20154')"},"ancestor":{"id":"requestItemsTable","viewName":"etm.portal.ui.managerequests.view.Detail"}}},"wdio_ui5_key":"etmportal.ui.managerequests.view.Detailsap.ui.core.Icon{\"src\":{\"regex\":{\"source\":\"date\\\\-time\"}}}{\"controlType\":\"sap.m.ColumnListItem\",\"viewName\":\"etm.portal.ui.managerequests.view.Detail\",\"bindingPath\":{\"path\":\"/SmartRequestItemsPlanningBoard(ITEM=10m,REQUEST='20154')\"},\"ancestor\":{\"id\":\"requestItemsTable\",\"viewName\":\"etm.portal.ui.managerequests.view.Detail\"}}"}]}
RESULT: undefined
COMMAND: POST /session/fa0fa588b59cd70394c35387be1492a3/element - {"using":"xpath","value":"//*[@id=\"__button39-__clone787-img\"]"}
RESULT: {"using":"xpath","value":"//*[@id=\"__button39-__clone787-img\"]"}
COMMAND: POST /session/fa0fa588b59cd70394c35387be1492a3/element/f.E45B0C2907A9CCBDD1B779A362D73609.d.A56C3E35B5FD8D80F0E5102B3C8A739E.e.11663/click - {}
RESULT: {}
COMMAND: POST /session/fa0fa588b59cd70394c35387be1492a3/execute/async - {"script":"<script> [1562 bytes]","args":[{"selector":{"controlType":"sap.m.Button","viewName":"etm.portal.ui.managerequests.view.Detail","properties":{"text":"Close"},"searchOpenDialogs":true,"interaction":{"idSuffix":"BDI-content"}},"wdio_ui5_key":"etmportal.ui.managerequests.view.Detailsap.m.Button{\"text\":\"Close\"}"}]}
COMMAND: GET /session/fa0fa588b59cd70394c35387be1492a3/screenshot - {}
RESULT: {"script":"<script> [1562 bytes]","args":[{"selector":{"controlType":"sap.m.Button","viewName":"etm.portal.ui.managerequests.view.Detail","properties":{"text":"Close"},"searchOpenDialogs":true,"interaction":{"idSuffix":"BDI-content"}},"wdio_ui5_key":"etmportal.ui.managerequests.view.Detailsap.m.Button{\"text\":\"Close\"}"}]}
RESULT: undefined
COMMAND: POST /session/fa0fa588b59cd70394c35387be1492a3/element - {"using":"xpath","value":"//*[@id=\"__button49\"]"}
RESULT: {}
RESULT: {"using":"xpath","value":"//*[@id=\"__button49\"]"}
COMMAND: POST /session/fa0fa588b59cd70394c35387be1492a3/element/f.E45B0C2907A9CCBDD1B779A362D73609.d.A56C3E35B5FD8D80F0E5102B3C8A739E.e.11666/click - {}
RESULT: {}
COMMAND: GET /session/fa0fa588b59cd70394c35387be1492a3/screenshot - {}
RESULT: {}
COMMAND: POST /session/fa0fa588b59cd70394c35387be1492a3/refresh - {}
RESULT: {}
COMMAND: GET /session/fa0fa588b59cd70394c35387be1492a3/screenshot - {}
COMMAND: POST /session/fa0fa588b59cd70394c35387be1492a3/execute/async - {"script":"<script> [189 bytes]","args":[]}
RESULT: {}
RESULT: {"script":"<script> [189 bytes]","args":[]}
COMMAND: POST /session/fa0fa588b59cd70394c35387be1492a3/execute/async - {"script":"<script> [123 bytes]","args":[]}
RESULT: {"script":"<script> [123 bytes]","args":[]}
COMMAND: POST /session/fa0fa588b59cd70394c35387be1492a3/timeouts - {"script":"<number>"}
RESULT: {"script":"<number>"}
COMMAND: GET /session/fa0fa588b59cd70394c35387be1492a3/timeouts - {}
RESULT: {}
RESULT: undefined
COMMAND: POST /session/fa0fa588b59cd70394c35387be1492a3/execute/async - {"script":"<script> [2676 bytes]","args":[]}
RESULT: {"script":"<script> [2676 bytes]","args":[]}
COMMAND: POST /session/fa0fa588b59cd70394c35387be1492a3/execute/async - {"script":"<script> [2342 bytes]","args":[{"protocol":"http","hostname":"0.0.0.0","path":"/","capabilities":{"browserName":"chrome","goog:chromeOptions":{"binary":"C:\\Program Files\\Google\\Chrome\\Application\\chrome.exe","args":["--start-maximized"]}},"logLevel":"warn","connectionRetryTimeout":120000,"connectionRetryCount":3,"logLevels":{},"enableDirectConnect":true,"strictSSL":true,"_":"65 more keys: [\"cacheDir\",\"port\",\"requestedCapabilities\",\"automationProtocol\",\"baseUrl\",\"waitforInterval\",\"waitforTimeout\",\"onReload\",\"beforeCommand\",\"afterCommand\",\"rootDir\",\"specs\",\"suites\",\"exclude\",\"groupLogsByTestSpec\",\"excludeDriverLogs\",\"bail\",\"framework\",\"reporters\",\"services\",\"maxInstances\",\"maxInstancesPerCapability\",\"injectGlobals\",\"filesToWatch\",\"execArgv\",\"runnerEnv\",\"runner\",\"shard\",\"specFileRetries\",\"specFileRetriesDelay\",\"specFileRetriesDeferred\",\"reporterSyncInterval\",\"reporterSyncTimeout\",\"cucumberFeaturesWithLineNumbers\",\"autoCompileOpts\",\"mochaOpts\",\"jasmineOpts\",\"cucumberOpts\",\"onPrepare\",\"onWorkerStart\",\"onWorkerEnd\",\"before\",\"beforeSession\",\"beforeSuite\",\"beforeHook\",\"beforeTest\",\"afterTest\",\"afterHook\",\"afterSuite\",\"afterSession\",\"after\",\"onComplete\",\"beforeAssertion\",\"afterAssertion\",\"beforeFeature\",\"beforeScenario\",\"beforeStep\",\"afterStep\",\"afterScenario\",\"afterFeature\",\"_\",\"suite\",\"$0\",\"ignoredWorkerServices\",\"wdi5\"]"}]}
RESULT: {"script":"<script> [2342 bytes]","args":[{"protocol":"http","hostname":"0.0.0.0","path":"/","capabilities":{"browserName":"chrome","goog:chromeOptions":{"binary":"C:\\Program Files\\Google\\Chrome\\Application\\chrome.exe","args":["--start-maximized"]}},"logLevel":"warn","connectionRetryTimeout":120000,"connectionRetryCount":3,"logLevels":{},"enableDirectConnect":true,"strictSSL":true,"_":"65 more keys: [\"cacheDir\",\"port\",\"requestedCapabilities\",\"automationProtocol\",\"baseUrl\",\"waitforInterval\",\"waitforTimeout\",\"onReload\",\"beforeCommand\",\"afterCommand\",\"rootDir\",\"specs\",\"suites\",\"exclude\",\"groupLogsByTestSpec\",\"excludeDriverLogs\",\"bail\",\"framework\",\"reporters\",\"services\",\"maxInstances\",\"maxInstancesPerCapability\",\"injectGlobals\",\"filesToWatch\",\"execArgv\",\"runnerEnv\",\"runner\",\"shard\",\"specFileRetries\",\"specFileRetriesDelay\",\"specFileRetriesDeferred\",\"reporterSyncInterval\",\"reporterSyncTimeout\",\"cucumberFeaturesWithLineNumbers\",\"autoCompileOpts\",\"mochaOpts\",\"jasmineOpts\",\"cucumberOpts\",\"onPrepare\",\"onWorkerStart\",\"onWorkerEnd\",\"before\",\"beforeSession\",\"beforeSuite\",\"beforeHook\",\"beforeTest\",\"afterTest\",\"afterHook\",\"afterSuite\",\"afterSession\",\"after\",\"onComplete\",\"beforeAssertion\",\"afterAssertion\",\"beforeFeature\",\"beforeScenario\",\"beforeStep\",\"afterStep\",\"afterScenario\",\"afterFeature\",\"_\",\"suite\",\"$0\",\"ignoredWorkerServices\",\"wdi5\"]"}]}
COMMAND: POST /session/fa0fa588b59cd70394c35387be1492a3/execute/async - {"script":"<script> [21126 bytes]","args":[35000]}
RESULT: {"script":"<script> [21126 bytes]","args":[35000]}
]]></system-out>
    </testcase>
    <testcase classname="chrome.136_0_7103_93.windows.Process_request_items_into_an_existing_quotation_US120163" name="Should process the request into an existing quotation" time="73.063">
      <system-out><![CDATA[
COMMAND: GET /session/fa0fa588b59cd70394c35387be1492a3/window - {}
RESULT: {}
COMMAND: POST /session/fa0fa588b59cd70394c35387be1492a3/element - {"using":"xpath","value":"//span[contains(@id ,\"detailHeaderTitle-_actionsToolbar-overflowButton-img\")]"}
RESULT: {"using":"xpath","value":"//span[contains(@id ,\"detailHeaderTitle-_actionsToolbar-overflowButton-img\")]"}
COMMAND: POST /session/fa0fa588b59cd70394c35387be1492a3/element/f.E45B0C2907A9CCBDD1B779A362D73609.d.82A31364CD13F6958665CFD91A1BE4C3.e.11886/click - {}
RESULT: {}
COMMAND: GET /session/fa0fa588b59cd70394c35387be1492a3/screenshot - {}
RESULT: {}
COMMAND: POST /session/fa0fa588b59cd70394c35387be1492a3/element - {"using":"xpath","value":"//span[contains(@id ,\"actionsMenuButton-internalSplitBtn-arrowButton-img\")]"}
RESULT: {"using":"xpath","value":"//span[contains(@id ,\"actionsMenuButton-internalSplitBtn-arrowButton-img\")]"}
COMMAND: POST /session/fa0fa588b59cd70394c35387be1492a3/element/f.E45B0C2907A9CCBDD1B779A362D73609.d.82A31364CD13F6958665CFD91A1BE4C3.e.11889/click - {}
RESULT: {}
COMMAND: GET /session/fa0fa588b59cd70394c35387be1492a3/screenshot - {}
RESULT: {}
COMMAND: POST /session/fa0fa588b59cd70394c35387be1492a3/actions - {"actions":[{"id":"action90","type":"key","parameters":{},"actions":[{"type":"keyDown","value":""},{"type":"pause","duration":10},{"type":"keyUp","value":""}]}]}
RESULT: {"actions":[{"id":"action90","type":"key","parameters":{},"actions":[{"type":"keyDown","value":""},{"type":"pause","duration":10},{"type":"keyUp","value":""}]}]}
COMMAND: GET /session/fa0fa588b59cd70394c35387be1492a3/screenshot - {}
RESULT: {}
COMMAND: POST /session/fa0fa588b59cd70394c35387be1492a3/actions - {"actions":[{"id":"action91","type":"key","parameters":{},"actions":[{"type":"keyDown","value":""},{"type":"pause","duration":10},{"type":"keyUp","value":""}]}]}
RESULT: {"actions":[{"id":"action91","type":"key","parameters":{},"actions":[{"type":"keyDown","value":""},{"type":"pause","duration":10},{"type":"keyUp","value":""}]}]}
COMMAND: GET /session/fa0fa588b59cd70394c35387be1492a3/screenshot - {}
RESULT: {}
COMMAND: POST /session/fa0fa588b59cd70394c35387be1492a3/actions - {"actions":[{"id":"action92","type":"key","parameters":{},"actions":[{"type":"keyDown","value":""},{"type":"pause","duration":10},{"type":"keyUp","value":""}]}]}
RESULT: {"actions":[{"id":"action92","type":"key","parameters":{},"actions":[{"type":"keyDown","value":""},{"type":"pause","duration":10},{"type":"keyUp","value":""}]}]}
COMMAND: GET /session/fa0fa588b59cd70394c35387be1492a3/screenshot - {}
RESULT: {}
COMMAND: POST /session/fa0fa588b59cd70394c35387be1492a3/actions - {"actions":[{"id":"action93","type":"key","parameters":{},"actions":[{"type":"keyDown","value":""},{"type":"pause","duration":10},{"type":"keyUp","value":""}]}]}
RESULT: {"actions":[{"id":"action93","type":"key","parameters":{},"actions":[{"type":"keyDown","value":""},{"type":"pause","duration":10},{"type":"keyUp","value":""}]}]}
COMMAND: GET /session/fa0fa588b59cd70394c35387be1492a3/screenshot - {}
RESULT: {}
COMMAND: POST /session/fa0fa588b59cd70394c35387be1492a3/element - {"using":"xpath","value":"//input[contains(@id ,\"quotationsSearchField-I\")]"}
RESULT: {"using":"xpath","value":"//input[contains(@id ,\"quotationsSearchField-I\")]"}
COMMAND: POST /session/fa0fa588b59cd70394c35387be1492a3/element/f.E45B0C2907A9CCBDD1B779A362D73609.d.82A31364CD13F6958665CFD91A1BE4C3.e.11892/clear - {}
RESULT: {}
COMMAND: POST /session/fa0fa588b59cd70394c35387be1492a3/element/f.E45B0C2907A9CCBDD1B779A362D73609.d.82A31364CD13F6958665CFD91A1BE4C3.e.11892/value - {"text":"WdIOQuotationfq1km"}
COMMAND: GET /session/fa0fa588b59cd70394c35387be1492a3/screenshot - {}
RESULT: {"text":"WdIOQuotationfq1km"}
COMMAND: GET /session/fa0fa588b59cd70394c35387be1492a3/screenshot - {}
RESULT: {}
RESULT: {}
COMMAND: POST /session/fa0fa588b59cd70394c35387be1492a3/actions - {"actions":[{"id":"action94","type":"key","parameters":{},"actions":[{"type":"keyDown","value":""},{"type":"pause","duration":10},{"type":"keyUp","value":""}]}]}
RESULT: {"actions":[{"id":"action94","type":"key","parameters":{},"actions":[{"type":"keyDown","value":""},{"type":"pause","duration":10},{"type":"keyUp","value":""}]}]}
COMMAND: GET /session/fa0fa588b59cd70394c35387be1492a3/screenshot - {}
RESULT: {}
COMMAND: POST /session/fa0fa588b59cd70394c35387be1492a3/element - {"using":"xpath","value":"//div[contains(@id ,\"selectSingle\")]"}
RESULT: {"using":"xpath","value":"//div[contains(@id ,\"selectSingle\")]"}
COMMAND: POST /session/fa0fa588b59cd70394c35387be1492a3/element/f.E45B0C2907A9CCBDD1B779A362D73609.d.82A31364CD13F6958665CFD91A1BE4C3.e.11896/click - {}
RESULT: {}
COMMAND: GET /session/fa0fa588b59cd70394c35387be1492a3/screenshot - {}
RESULT: {}
COMMAND: POST /session/fa0fa588b59cd70394c35387be1492a3/element - {"using":"xpath","value":"//bdi[contains(text() ,\"Selection Done\")]"}
RESULT: {"using":"xpath","value":"//bdi[contains(text() ,\"Selection Done\")]"}
COMMAND: POST /session/fa0fa588b59cd70394c35387be1492a3/element/f.E45B0C2907A9CCBDD1B779A362D73609.d.82A31364CD13F6958665CFD91A1BE4C3.e.11902/click - {}
RESULT: {}
COMMAND: GET /session/fa0fa588b59cd70394c35387be1492a3/screenshot - {}
RESULT: {}
COMMAND: POST /session/fa0fa588b59cd70394c35387be1492a3/actions - {"actions":[{"id":"action95","type":"key","parameters":{},"actions":[{"type":"keyDown","value":""},{"type":"pause","duration":10},{"type":"keyUp","value":""}]}]}
RESULT: {"actions":[{"id":"action95","type":"key","parameters":{},"actions":[{"type":"keyDown","value":""},{"type":"pause","duration":10},{"type":"keyUp","value":""}]}]}
COMMAND: GET /session/fa0fa588b59cd70394c35387be1492a3/screenshot - {}
RESULT: {}
COMMAND: POST /session/fa0fa588b59cd70394c35387be1492a3/actions - {"actions":[{"id":"action96","type":"key","parameters":{},"actions":[{"type":"keyDown","value":""},{"type":"pause","duration":10},{"type":"keyUp","value":""}]}]}
RESULT: {"actions":[{"id":"action96","type":"key","parameters":{},"actions":[{"type":"keyDown","value":""},{"type":"pause","duration":10},{"type":"keyUp","value":""}]}]}
COMMAND: GET /session/fa0fa588b59cd70394c35387be1492a3/screenshot - {}
RESULT: {}
COMMAND: GET /session/fa0fa588b59cd70394c35387be1492a3/window/handles - {}
RESULT: {}
COMMAND: GET /session/fa0fa588b59cd70394c35387be1492a3/window/handles - {}
RESULT: {}
COMMAND: POST /session/fa0fa588b59cd70394c35387be1492a3/window - {"handle":"EDBBBFEBBB223DF74270201AFC38393B"}
RESULT: {"handle":"EDBBBFEBBB223DF74270201AFC38393B"}
COMMAND: GET /session/fa0fa588b59cd70394c35387be1492a3/url - {}
RESULT: {}
COMMAND: GET /session/fa0fa588b59cd70394c35387be1492a3/screenshot - {}
RESULT: {}
COMMAND: POST /session/fa0fa588b59cd70394c35387be1492a3/element - {"using":"xpath","value":"//span[contains(text(), \"Header Billing Items\")]"}
RESULT: {"using":"xpath","value":"//span[contains(text(), \"Header Billing Items\")]"}
COMMAND: POST /session/fa0fa588b59cd70394c35387be1492a3/element/f.EDBBBFEBBB223DF74270201AFC38393B.d.EF804FFC4865FE76DE421941DCACBDC7.e.12128/click - {}
RESULT: {}
COMMAND: GET /session/fa0fa588b59cd70394c35387be1492a3/screenshot - {}
RESULT: {}
COMMAND: POST /session/fa0fa588b59cd70394c35387be1492a3/element - {"using":"xpath","value":"//span[contains(@id ,\"contractItemsSmartTable-header-inner\")]"}
RESULT: {"using":"xpath","value":"//span[contains(@id ,\"contractItemsSmartTable-header-inner\")]"}
COMMAND: GET /session/fa0fa588b59cd70394c35387be1492a3/element/f.EDBBBFEBBB223DF74270201AFC38393B.d.EF804FFC4865FE76DE421941DCACBDC7.e.12130/text - {}
RESULT: {}
COMMAND: POST /session/fa0fa588b59cd70394c35387be1492a3/element - {"using":"xpath","value":"//span[@class=\"sapMObjStatusText\"][contains(text(), \"proposed\")]"}
RESULT: {"using":"xpath","value":"//span[@class=\"sapMObjStatusText\"][contains(text(), \"proposed\")]"}
COMMAND: GET /session/fa0fa588b59cd70394c35387be1492a3/element/f.EDBBBFEBBB223DF74270201AFC38393B.d.EF804FFC4865FE76DE421941DCACBDC7.e.12131/text - {}
RESULT: {}
COMMAND: DELETE /session/fa0fa588b59cd70394c35387be1492a3/window - {}
RESULT: {}
COMMAND: POST /session/fa0fa588b59cd70394c35387be1492a3/window - {"handle":"E45B0C2907A9CCBDD1B779A362D73609"}
RESULT: {"handle":"E45B0C2907A9CCBDD1B779A362D73609"}
COMMAND: GET /session/fa0fa588b59cd70394c35387be1492a3/url - {}
RESULT: {}
COMMAND: GET /session/fa0fa588b59cd70394c35387be1492a3/screenshot - {}
RESULT: {}
]]></system-out>
    </testcase>
    <testcase classname="chrome.136_0_7103_93.windows.Process_request_items_into_an_existing_quotation_US120163" name="Should navigate back to the request and check the request and item statuses" time="41.254">
      <system-out><![CDATA[
COMMAND: POST /session/fa0fa588b59cd70394c35387be1492a3/refresh - {}
RESULT: {}
COMMAND: GET /session/fa0fa588b59cd70394c35387be1492a3/screenshot - {}
RESULT: {}
COMMAND: POST /session/fa0fa588b59cd70394c35387be1492a3/execute/async - {"script":"<script> [189 bytes]","args":[]}
RESULT: {"script":"<script> [189 bytes]","args":[]}
COMMAND: POST /session/fa0fa588b59cd70394c35387be1492a3/execute/async - {"script":"<script> [123 bytes]","args":[]}
RESULT: {"script":"<script> [123 bytes]","args":[]}
COMMAND: POST /session/fa0fa588b59cd70394c35387be1492a3/timeouts - {"script":"<number>"}
RESULT: {"script":"<number>"}
COMMAND: GET /session/fa0fa588b59cd70394c35387be1492a3/timeouts - {}
RESULT: {}
RESULT: undefined
COMMAND: POST /session/fa0fa588b59cd70394c35387be1492a3/execute/async - {"script":"<script> [2676 bytes]","args":[]}
RESULT: {"script":"<script> [2676 bytes]","args":[]}
COMMAND: POST /session/fa0fa588b59cd70394c35387be1492a3/execute/async - {"script":"<script> [2342 bytes]","args":[{"protocol":"http","hostname":"0.0.0.0","path":"/","capabilities":{"browserName":"chrome","goog:chromeOptions":{"binary":"C:\\Program Files\\Google\\Chrome\\Application\\chrome.exe","args":["--start-maximized"]}},"logLevel":"warn","connectionRetryTimeout":120000,"connectionRetryCount":3,"logLevels":{},"enableDirectConnect":true,"strictSSL":true,"_":"65 more keys: [\"cacheDir\",\"port\",\"requestedCapabilities\",\"automationProtocol\",\"baseUrl\",\"waitforInterval\",\"waitforTimeout\",\"onReload\",\"beforeCommand\",\"afterCommand\",\"rootDir\",\"specs\",\"suites\",\"exclude\",\"groupLogsByTestSpec\",\"excludeDriverLogs\",\"bail\",\"framework\",\"reporters\",\"services\",\"maxInstances\",\"maxInstancesPerCapability\",\"injectGlobals\",\"filesToWatch\",\"execArgv\",\"runnerEnv\",\"runner\",\"shard\",\"specFileRetries\",\"specFileRetriesDelay\",\"specFileRetriesDeferred\",\"reporterSyncInterval\",\"reporterSyncTimeout\",\"cucumberFeaturesWithLineNumbers\",\"autoCompileOpts\",\"mochaOpts\",\"jasmineOpts\",\"cucumberOpts\",\"onPrepare\",\"onWorkerStart\",\"onWorkerEnd\",\"before\",\"beforeSession\",\"beforeSuite\",\"beforeHook\",\"beforeTest\",\"afterTest\",\"afterHook\",\"afterSuite\",\"afterSession\",\"after\",\"onComplete\",\"beforeAssertion\",\"afterAssertion\",\"beforeFeature\",\"beforeScenario\",\"beforeStep\",\"afterStep\",\"afterScenario\",\"afterFeature\",\"_\",\"suite\",\"$0\",\"ignoredWorkerServices\",\"wdi5\"]"}]}
RESULT: {"script":"<script> [2342 bytes]","args":[{"protocol":"http","hostname":"0.0.0.0","path":"/","capabilities":{"browserName":"chrome","goog:chromeOptions":{"binary":"C:\\Program Files\\Google\\Chrome\\Application\\chrome.exe","args":["--start-maximized"]}},"logLevel":"warn","connectionRetryTimeout":120000,"connectionRetryCount":3,"logLevels":{},"enableDirectConnect":true,"strictSSL":true,"_":"65 more keys: [\"cacheDir\",\"port\",\"requestedCapabilities\",\"automationProtocol\",\"baseUrl\",\"waitforInterval\",\"waitforTimeout\",\"onReload\",\"beforeCommand\",\"afterCommand\",\"rootDir\",\"specs\",\"suites\",\"exclude\",\"groupLogsByTestSpec\",\"excludeDriverLogs\",\"bail\",\"framework\",\"reporters\",\"services\",\"maxInstances\",\"maxInstancesPerCapability\",\"injectGlobals\",\"filesToWatch\",\"execArgv\",\"runnerEnv\",\"runner\",\"shard\",\"specFileRetries\",\"specFileRetriesDelay\",\"specFileRetriesDeferred\",\"reporterSyncInterval\",\"reporterSyncTimeout\",\"cucumberFeaturesWithLineNumbers\",\"autoCompileOpts\",\"mochaOpts\",\"jasmineOpts\",\"cucumberOpts\",\"onPrepare\",\"onWorkerStart\",\"onWorkerEnd\",\"before\",\"beforeSession\",\"beforeSuite\",\"beforeHook\",\"beforeTest\",\"afterTest\",\"afterHook\",\"afterSuite\",\"afterSession\",\"after\",\"onComplete\",\"beforeAssertion\",\"afterAssertion\",\"beforeFeature\",\"beforeScenario\",\"beforeStep\",\"afterStep\",\"afterScenario\",\"afterFeature\",\"_\",\"suite\",\"$0\",\"ignoredWorkerServices\",\"wdi5\"]"}]}
COMMAND: POST /session/fa0fa588b59cd70394c35387be1492a3/execute/async - {"script":"<script> [21126 bytes]","args":[35000]}
RESULT: {"script":"<script> [21126 bytes]","args":[35000]}
COMMAND: POST /session/fa0fa588b59cd70394c35387be1492a3/execute/async - {"script":"<script> [1562 bytes]","args":[{"selector":{"controlType":"sap.m.Text","viewName":"etm.portal.ui.managerequests.view.Detail","bindingPath":{"path":"/SmartRequestItemsPlanningBoard(ITEM=10m,REQUEST='20154')","propertyPath":"STATUS_DESC"}},"wdio_ui5_key":"etmportal.ui.managerequests.view.Detailsap.m.Text{\"path\":\"/SmartRequestItemsPlanningBoard(ITEM=10m,REQUEST='20154')\",\"propertyPath\":\"STATUS_DESC\"}"}]}
RESULT: {"script":"<script> [1562 bytes]","args":[{"selector":{"controlType":"sap.m.Text","viewName":"etm.portal.ui.managerequests.view.Detail","bindingPath":{"path":"/SmartRequestItemsPlanningBoard(ITEM=10m,REQUEST='20154')","propertyPath":"STATUS_DESC"}},"wdio_ui5_key":"etmportal.ui.managerequests.view.Detailsap.m.Text{\"path\":\"/SmartRequestItemsPlanningBoard(ITEM=10m,REQUEST='20154')\",\"propertyPath\":\"STATUS_DESC\"}"}]}
RESULT: undefined
COMMAND: POST /session/fa0fa588b59cd70394c35387be1492a3/execute/async - {"script":"<script> [6424 bytes]","args":[{"element-6066-11e4-a52e-4f735466cecf":"f.E45B0C2907A9CCBDD1B779A362D73609.d.F82DC9905524AD9900A9B99793616250.e.12345"},"getText",[]]}
RESULT: {"script":"<script> [6424 bytes]","args":[{"element-6066-11e4-a52e-4f735466cecf":"f.E45B0C2907A9CCBDD1B779A362D73609.d.F82DC9905524AD9900A9B99793616250.e.12345"},"getText",[]]}
COMMAND: POST /session/fa0fa588b59cd70394c35387be1492a3/execute/async - {"script":"<script> [1562 bytes]","args":[{"selector":{"controlType":"sap.m.ObjectStatus","viewName":"etm.portal.ui.managerequests.view.Detail","bindingPath":{"path":"/RequestHeaders('20154')","propertyPath":"LINK_TO_STATUS/DESCRIPTION","modelName":"catalogModel"}},"wdio_ui5_key":"etmportal.ui.managerequests.view.Detailsap.m.ObjectStatus{\"path\":\"/RequestHeaders('20154')\",\"propertyPath\":\"LINK_TO_STATUS/DESCRIPTION\",\"modelName\":\"catalogModel\"}"}]}
RESULT: {"script":"<script> [1562 bytes]","args":[{"selector":{"controlType":"sap.m.ObjectStatus","viewName":"etm.portal.ui.managerequests.view.Detail","bindingPath":{"path":"/RequestHeaders('20154')","propertyPath":"LINK_TO_STATUS/DESCRIPTION","modelName":"catalogModel"}},"wdio_ui5_key":"etmportal.ui.managerequests.view.Detailsap.m.ObjectStatus{\"path\":\"/RequestHeaders('20154')\",\"propertyPath\":\"LINK_TO_STATUS/DESCRIPTION\",\"modelName\":\"catalogModel\"}"}]}
RESULT: undefined
COMMAND: POST /session/fa0fa588b59cd70394c35387be1492a3/execute/async - {"script":"<script> [6424 bytes]","args":[{"element-6066-11e4-a52e-4f735466cecf":"f.E45B0C2907A9CCBDD1B779A362D73609.d.F82DC9905524AD9900A9B99793616250.e.12346"},"getText",[]]}
RESULT: {"script":"<script> [6424 bytes]","args":[{"element-6066-11e4-a52e-4f735466cecf":"f.E45B0C2907A9CCBDD1B779A362D73609.d.F82DC9905524AD9900A9B99793616250.e.12346"},"getText",[]]}
COMMAND: POST /session/fa0fa588b59cd70394c35387be1492a3/element - {"using":"css selector","value":"#shell-header-logo"}
RESULT: {"using":"css selector","value":"#shell-header-logo"}
COMMAND: POST /session/fa0fa588b59cd70394c35387be1492a3/element/f.E45B0C2907A9CCBDD1B779A362D73609.d.F82DC9905524AD9900A9B99793616250.e.12138/click - {}
RESULT: {}
COMMAND: GET /session/fa0fa588b59cd70394c35387be1492a3/screenshot - {}
RESULT: {}
COMMAND: POST /session/fa0fa588b59cd70394c35387be1492a3/refresh - {}
RESULT: {}
COMMAND: GET /session/fa0fa588b59cd70394c35387be1492a3/screenshot - {}
RESULT: {}
COMMAND: POST /session/fa0fa588b59cd70394c35387be1492a3/execute/async - {"script":"<script> [189 bytes]","args":[]}
RESULT: {"script":"<script> [189 bytes]","args":[]}
COMMAND: POST /session/fa0fa588b59cd70394c35387be1492a3/execute/async - {"script":"<script> [123 bytes]","args":[]}
RESULT: {"script":"<script> [123 bytes]","args":[]}
COMMAND: POST /session/fa0fa588b59cd70394c35387be1492a3/timeouts - {"script":"<number>"}
RESULT: {"script":"<number>"}
COMMAND: GET /session/fa0fa588b59cd70394c35387be1492a3/timeouts - {}
RESULT: {}
RESULT: undefined
COMMAND: POST /session/fa0fa588b59cd70394c35387be1492a3/execute/async - {"script":"<script> [2676 bytes]","args":[]}
RESULT: {"script":"<script> [2676 bytes]","args":[]}
COMMAND: POST /session/fa0fa588b59cd70394c35387be1492a3/execute/async - {"script":"<script> [2342 bytes]","args":[{"protocol":"http","hostname":"0.0.0.0","path":"/","capabilities":{"browserName":"chrome","goog:chromeOptions":{"binary":"C:\\Program Files\\Google\\Chrome\\Application\\chrome.exe","args":["--start-maximized"]}},"logLevel":"warn","connectionRetryTimeout":120000,"connectionRetryCount":3,"logLevels":{},"enableDirectConnect":true,"strictSSL":true,"_":"65 more keys: [\"cacheDir\",\"port\",\"requestedCapabilities\",\"automationProtocol\",\"baseUrl\",\"waitforInterval\",\"waitforTimeout\",\"onReload\",\"beforeCommand\",\"afterCommand\",\"rootDir\",\"specs\",\"suites\",\"exclude\",\"groupLogsByTestSpec\",\"excludeDriverLogs\",\"bail\",\"framework\",\"reporters\",\"services\",\"maxInstances\",\"maxInstancesPerCapability\",\"injectGlobals\",\"filesToWatch\",\"execArgv\",\"runnerEnv\",\"runner\",\"shard\",\"specFileRetries\",\"specFileRetriesDelay\",\"specFileRetriesDeferred\",\"reporterSyncInterval\",\"reporterSyncTimeout\",\"cucumberFeaturesWithLineNumbers\",\"autoCompileOpts\",\"mochaOpts\",\"jasmineOpts\",\"cucumberOpts\",\"onPrepare\",\"onWorkerStart\",\"onWorkerEnd\",\"before\",\"beforeSession\",\"beforeSuite\",\"beforeHook\",\"beforeTest\",\"afterTest\",\"afterHook\",\"afterSuite\",\"afterSession\",\"after\",\"onComplete\",\"beforeAssertion\",\"afterAssertion\",\"beforeFeature\",\"beforeScenario\",\"beforeStep\",\"afterStep\",\"afterScenario\",\"afterFeature\",\"_\",\"suite\",\"$0\",\"ignoredWorkerServices\",\"wdi5\"]"}]}
RESULT: {"script":"<script> [2342 bytes]","args":[{"protocol":"http","hostname":"0.0.0.0","path":"/","capabilities":{"browserName":"chrome","goog:chromeOptions":{"binary":"C:\\Program Files\\Google\\Chrome\\Application\\chrome.exe","args":["--start-maximized"]}},"logLevel":"warn","connectionRetryTimeout":120000,"connectionRetryCount":3,"logLevels":{},"enableDirectConnect":true,"strictSSL":true,"_":"65 more keys: [\"cacheDir\",\"port\",\"requestedCapabilities\",\"automationProtocol\",\"baseUrl\",\"waitforInterval\",\"waitforTimeout\",\"onReload\",\"beforeCommand\",\"afterCommand\",\"rootDir\",\"specs\",\"suites\",\"exclude\",\"groupLogsByTestSpec\",\"excludeDriverLogs\",\"bail\",\"framework\",\"reporters\",\"services\",\"maxInstances\",\"maxInstancesPerCapability\",\"injectGlobals\",\"filesToWatch\",\"execArgv\",\"runnerEnv\",\"runner\",\"shard\",\"specFileRetries\",\"specFileRetriesDelay\",\"specFileRetriesDeferred\",\"reporterSyncInterval\",\"reporterSyncTimeout\",\"cucumberFeaturesWithLineNumbers\",\"autoCompileOpts\",\"mochaOpts\",\"jasmineOpts\",\"cucumberOpts\",\"onPrepare\",\"onWorkerStart\",\"onWorkerEnd\",\"before\",\"beforeSession\",\"beforeSuite\",\"beforeHook\",\"beforeTest\",\"afterTest\",\"afterHook\",\"afterSuite\",\"afterSession\",\"after\",\"onComplete\",\"beforeAssertion\",\"afterAssertion\",\"beforeFeature\",\"beforeScenario\",\"beforeStep\",\"afterStep\",\"afterScenario\",\"afterFeature\",\"_\",\"suite\",\"$0\",\"ignoredWorkerServices\",\"wdi5\"]"}]}
COMMAND: POST /session/fa0fa588b59cd70394c35387be1492a3/execute/async - {"script":"<script> [21126 bytes]","args":[35000]}
RESULT: {"script":"<script> [21126 bytes]","args":[35000]}
]]></system-out>
    </testcase>
  </testsuite>
  <testsuite timestamp="2025-05-28T16:17:03" time="299.319" tests="3" failures="0" errors="0" skipped="0">
    <properties>
      <property name="specId" value="0"/>
      <property name="suiteName" value="Process request items into new quotation US120163"/>
      <property name="capabilities" value="chrome.136_0_7103_93.windows"/>
      <property name="file" value="file:///D:/a/1/s/test/specs/R2C/process-request-items-into-new-quotation.spec.js"/>
    </properties>
    <testcase classname="chrome.136_0_7103_93.windows.Process_request_items_into_new_quotation_US120163" name="Should create a new request with catalog items and plan it" time="183.709">
      <system-out><![CDATA[
COMMAND: POST /session/fa0fa588b59cd70394c35387be1492a3/execute/async - {"script":"<script> [1562 bytes]","args":[{"selector":{"controlType":"sap.m.GenericTile","properties":{"header":"Manage Requests"}},"wdio_ui5_key":"sapm.GenericTile{\"header\":\"Manage Requests\"}"}]}
RESULT: {"script":"<script> [1562 bytes]","args":[{"selector":{"controlType":"sap.m.GenericTile","properties":{"header":"Manage Requests"}},"wdio_ui5_key":"sapm.GenericTile{\"header\":\"Manage Requests\"}"}]}
RESULT: undefined
COMMAND: POST /session/fa0fa588b59cd70394c35387be1492a3/element - {"using":"xpath","value":"//*[@id=\"__tile47\"]"}
RESULT: {"using":"xpath","value":"//*[@id=\"__tile47\"]"}
COMMAND: POST /session/fa0fa588b59cd70394c35387be1492a3/element/f.E45B0C2907A9CCBDD1B779A362D73609.d.2F785AC4E086B52E10FCD7948848155F.e.12378/click - {}
RESULT: {}
COMMAND: GET /session/fa0fa588b59cd70394c35387be1492a3/screenshot - {}
RESULT: {}
COMMAND: POST /session/fa0fa588b59cd70394c35387be1492a3/elements - {"using":"xpath","value":"//span[text()='Error']"}
RESULT: {"using":"xpath","value":"//span[text()='Error']"}
COMMAND: POST /session/fa0fa588b59cd70394c35387be1492a3/element - {"using":"xpath","value":"//button[contains(@data-kt ,\"btnCreateNewOverflowToolbarButton\")]"}
COMMAND: POST /session/fa0fa588b59cd70394c35387be1492a3/element - {"using":"xpath","value":"(//span[contains(@class ,\"sapMObjStatusText\")])[1]"}
RESULT: {"using":"xpath","value":"//button[contains(@data-kt ,\"btnCreateNewOverflowToolbarButton\")]"}
COMMAND: POST /session/fa0fa588b59cd70394c35387be1492a3/element/f.E45B0C2907A9CCBDD1B779A362D73609.d.2F785AC4E086B52E10FCD7948848155F.e.12435/click - {}
RESULT: {"using":"xpath","value":"(//span[contains(@class ,\"sapMObjStatusText\")])[1]"}
COMMAND: POST /session/fa0fa588b59cd70394c35387be1492a3/execute/sync - {"script":"<script> [8489 bytes]","args":[{"element-6066-11e4-a52e-4f735466cecf":"f.E45B0C2907A9CCBDD1B779A362D73609.d.2F785AC4E086B52E10FCD7948848155F.e.12476","ELEMENT":"f.E45B0C2907A9CCBDD1B779A362D73609.d.2F785AC4E086B52E10FCD7948848155F.e.12476"}]}
RESULT: {}
COMMAND: GET /session/fa0fa588b59cd70394c35387be1492a3/screenshot - {}
RESULT: {"script":"<script> [8489 bytes]","args":[{"element-6066-11e4-a52e-4f735466cecf":"f.E45B0C2907A9CCBDD1B779A362D73609.d.2F785AC4E086B52E10FCD7948848155F.e.12476","ELEMENT":"f.E45B0C2907A9CCBDD1B779A362D73609.d.2F785AC4E086B52E10FCD7948848155F.e.12476"}]}
COMMAND: GET /session/fa0fa588b59cd70394c35387be1492a3/screenshot - {}
RESULT: {}
RESULT: {}
COMMAND: POST /session/fa0fa588b59cd70394c35387be1492a3/element - {"using":"xpath","value":"//input[contains(@id ,\"yardId-inner\")]"}
RESULT: {"using":"xpath","value":"//input[contains(@id ,\"yardId-inner\")]"}
COMMAND: POST /session/fa0fa588b59cd70394c35387be1492a3/execute/sync - {"script":"<script> [8489 bytes]","args":[{"element-6066-11e4-a52e-4f735466cecf":"f.E45B0C2907A9CCBDD1B779A362D73609.d.2F785AC4E086B52E10FCD7948848155F.e.12568","ELEMENT":"f.E45B0C2907A9CCBDD1B779A362D73609.d.2F785AC4E086B52E10FCD7948848155F.e.12568"}]}
RESULT: {"script":"<script> [8489 bytes]","args":[{"element-6066-11e4-a52e-4f735466cecf":"f.E45B0C2907A9CCBDD1B779A362D73609.d.2F785AC4E086B52E10FCD7948848155F.e.12568","ELEMENT":"f.E45B0C2907A9CCBDD1B779A362D73609.d.2F785AC4E086B52E10FCD7948848155F.e.12568"}]}
COMMAND: POST /session/fa0fa588b59cd70394c35387be1492a3/element - {"using":"xpath","value":"//input[contains(@id ,\"yardId-inner\")]"}
COMMAND: GET /session/fa0fa588b59cd70394c35387be1492a3/screenshot - {}
RESULT: {"using":"xpath","value":"//input[contains(@id ,\"yardId-inner\")]"}
COMMAND: GET /session/fa0fa588b59cd70394c35387be1492a3/element/f.E45B0C2907A9CCBDD1B779A362D73609.d.2F785AC4E086B52E10FCD7948848155F.e.12568/enabled - {}
RESULT: {}
RESULT: {}
COMMAND: POST /session/fa0fa588b59cd70394c35387be1492a3/element/f.E45B0C2907A9CCBDD1B779A362D73609.d.2F785AC4E086B52E10FCD7948848155F.e.12568/clear - {}
COMMAND: GET /session/fa0fa588b59cd70394c35387be1492a3/screenshot - {}
RESULT: {}
COMMAND: POST /session/fa0fa588b59cd70394c35387be1492a3/element/f.E45B0C2907A9CCBDD1B779A362D73609.d.2F785AC4E086B52E10FCD7948848155F.e.12568/value - {"text":"WebdriverYard9d4i2"}
COMMAND: GET /session/fa0fa588b59cd70394c35387be1492a3/screenshot - {}
RESULT: {}
RESULT: {"text":"WebdriverYard9d4i2"}
COMMAND: GET /session/fa0fa588b59cd70394c35387be1492a3/screenshot - {}
RESULT: {}
RESULT: {}
COMMAND: POST /session/fa0fa588b59cd70394c35387be1492a3/element - {"using":"xpath","value":"//input[contains(@id ,\"customerNumber-inner\")]"}
RESULT: {"using":"xpath","value":"//input[contains(@id ,\"customerNumber-inner\")]"}
COMMAND: POST /session/fa0fa588b59cd70394c35387be1492a3/element/f.E45B0C2907A9CCBDD1B779A362D73609.d.2F785AC4E086B52E10FCD7948848155F.e.12562/value - {"text":"WebdriverPartneruamqb"}
COMMAND: POST /session/fa0fa588b59cd70394c35387be1492a3/actions - {"actions":[{"id":"action97","type":"key","parameters":{},"actions":[{"type":"keyDown","value":""},{"type":"pause","duration":10},{"type":"keyUp","value":""}]}]}
RESULT: {"actions":[{"id":"action97","type":"key","parameters":{},"actions":[{"type":"keyDown","value":""},{"type":"pause","duration":10},{"type":"keyUp","value":""}]}]}
COMMAND: GET /session/fa0fa588b59cd70394c35387be1492a3/screenshot - {}
RESULT: {"text":"WebdriverPartneruamqb"}
COMMAND: GET /session/fa0fa588b59cd70394c35387be1492a3/screenshot - {}
RESULT: {}
RESULT: {}
COMMAND: POST /session/fa0fa588b59cd70394c35387be1492a3/element/f.E45B0C2907A9CCBDD1B779A362D73609.d.2F785AC4E086B52E10FCD7948848155F.e.12568/clear - {}
RESULT: {}
COMMAND: POST /session/fa0fa588b59cd70394c35387be1492a3/element/f.E45B0C2907A9CCBDD1B779A362D73609.d.2F785AC4E086B52E10FCD7948848155F.e.12568/clear - {}
COMMAND: GET /session/fa0fa588b59cd70394c35387be1492a3/screenshot - {}
RESULT: {}
COMMAND: POST /session/fa0fa588b59cd70394c35387be1492a3/element/f.E45B0C2907A9CCBDD1B779A362D73609.d.2F785AC4E086B52E10FCD7948848155F.e.12568/value - {"text":"WebdriverYard9d4i2"}
COMMAND: GET /session/fa0fa588b59cd70394c35387be1492a3/screenshot - {}
RESULT: {}
RESULT: {"text":"WebdriverYard9d4i2"}
COMMAND: GET /session/fa0fa588b59cd70394c35387be1492a3/screenshot - {}
RESULT: {}
RESULT: {}
COMMAND: POST /session/fa0fa588b59cd70394c35387be1492a3/actions - {"actions":[{"id":"action98","type":"key","parameters":{},"actions":[{"type":"keyDown","value":""},{"type":"pause","duration":10},{"type":"keyUp","value":""}]}]}
RESULT: {"actions":[{"id":"action98","type":"key","parameters":{},"actions":[{"type":"keyDown","value":""},{"type":"pause","duration":10},{"type":"keyUp","value":""}]}]}
COMMAND: GET /session/fa0fa588b59cd70394c35387be1492a3/screenshot - {}
RESULT: {}
COMMAND: POST /session/fa0fa588b59cd70394c35387be1492a3/actions - {"actions":[{"id":"action99","type":"key","parameters":{},"actions":[{"type":"keyDown","value":""},{"type":"pause","duration":10},{"type":"keyUp","value":""}]}]}
RESULT: {"actions":[{"id":"action99","type":"key","parameters":{},"actions":[{"type":"keyDown","value":""},{"type":"pause","duration":10},{"type":"keyUp","value":""}]}]}
COMMAND: GET /session/fa0fa588b59cd70394c35387be1492a3/screenshot - {}
RESULT: {}
COMMAND: GET /session/fa0fa588b59cd70394c35387be1492a3/element/f.E45B0C2907A9CCBDD1B779A362D73609.d.2F785AC4E086B52E10FCD7948848155F.e.12562/property/value - {}
RESULT: {}
COMMAND: POST /session/fa0fa588b59cd70394c35387be1492a3/element - {"using":"xpath","value":"//input[contains(@id ,\"requestSiteId-inner\")]"}
COMMAND: GET /session/fa0fa588b59cd70394c35387be1492a3/screenshot - {}
RESULT: {"using":"xpath","value":"//input[contains(@id ,\"requestSiteId-inner\")]"}
COMMAND: POST /session/fa0fa588b59cd70394c35387be1492a3/element/f.E45B0C2907A9CCBDD1B779A362D73609.d.2F785AC4E086B52E10FCD7948848155F.e.12561/value - {"text":"WebdriverSitekhdmn"}
RESULT: {}
RESULT: {"text":"WebdriverSitekhdmn"}
COMMAND: GET /session/fa0fa588b59cd70394c35387be1492a3/screenshot - {}
RESULT: {}
COMMAND: POST /session/fa0fa588b59cd70394c35387be1492a3/actions - {"actions":[{"id":"action100","type":"key","parameters":{},"actions":[{"type":"keyDown","value":""},{"type":"pause","duration":10},{"type":"keyUp","value":""}]}]}
RESULT: {"actions":[{"id":"action100","type":"key","parameters":{},"actions":[{"type":"keyDown","value":""},{"type":"pause","duration":10},{"type":"keyUp","value":""}]}]}
COMMAND: GET /session/fa0fa588b59cd70394c35387be1492a3/screenshot - {}
RESULT: {}
COMMAND: POST /session/fa0fa588b59cd70394c35387be1492a3/element - {"using":"xpath","value":"//button[contains(@data-kt ,\"requestItemAddOverflowToolbarButton\")]"}
RESULT: {"using":"xpath","value":"//button[contains(@data-kt ,\"requestItemAddOverflowToolbarButton\")]"}
COMMAND: POST /session/fa0fa588b59cd70394c35387be1492a3/element/f.E45B0C2907A9CCBDD1B779A362D73609.d.2F785AC4E086B52E10FCD7948848155F.e.12727/click - {}
RESULT: {}
COMMAND: GET /session/fa0fa588b59cd70394c35387be1492a3/screenshot - {}
RESULT: {}
COMMAND: POST /session/fa0fa588b59cd70394c35387be1492a3/actions - {"actions":[{"id":"action101","type":"key","parameters":{},"actions":[{"type":"keyDown","value":""},{"type":"pause","duration":10},{"type":"keyUp","value":""}]}]}
RESULT: {"actions":[{"id":"action101","type":"key","parameters":{},"actions":[{"type":"keyDown","value":""},{"type":"pause","duration":10},{"type":"keyUp","value":""}]}]}
COMMAND: POST /session/fa0fa588b59cd70394c35387be1492a3/actions - {"actions":[{"id":"action102","type":"key","parameters":{},"actions":[{"type":"keyDown","value":""},{"type":"pause","duration":10},{"type":"keyUp","value":""}]}]}
COMMAND: GET /session/fa0fa588b59cd70394c35387be1492a3/screenshot - {}
RESULT: {"actions":[{"id":"action102","type":"key","parameters":{},"actions":[{"type":"keyDown","value":""},{"type":"pause","duration":10},{"type":"keyUp","value":""}]}]}
COMMAND: GET /session/fa0fa588b59cd70394c35387be1492a3/screenshot - {}
RESULT: {}
RESULT: {}
COMMAND: POST /session/fa0fa588b59cd70394c35387be1492a3/element - {"using":"xpath","value":"(//input[contains(@id ,\"requestItemsTable-0-inner\")])[1]"}
RESULT: {"using":"xpath","value":"(//input[contains(@id ,\"requestItemsTable-0-inner\")])[1]"}
COMMAND: POST /session/fa0fa588b59cd70394c35387be1492a3/element/f.E45B0C2907A9CCBDD1B779A362D73609.d.2F785AC4E086B52E10FCD7948848155F.e.12731/clear - {}
RESULT: {}
COMMAND: POST /session/fa0fa588b59cd70394c35387be1492a3/element/f.E45B0C2907A9CCBDD1B779A362D73609.d.2F785AC4E086B52E10FCD7948848155F.e.12731/value - {"text":"catalogItem3xqp"}
COMMAND: GET /session/fa0fa588b59cd70394c35387be1492a3/screenshot - {}
RESULT: {"text":"catalogItem3xqp"}
COMMAND: GET /session/fa0fa588b59cd70394c35387be1492a3/screenshot - {}
RESULT: {}
RESULT: {}
COMMAND: POST /session/fa0fa588b59cd70394c35387be1492a3/actions - {"actions":[{"id":"action103","type":"key","parameters":{},"actions":[{"type":"keyDown","value":""},{"type":"pause","duration":10},{"type":"keyUp","value":""}]}]}
RESULT: {"actions":[{"id":"action103","type":"key","parameters":{},"actions":[{"type":"keyDown","value":""},{"type":"pause","duration":10},{"type":"keyUp","value":""}]}]}
COMMAND: GET /session/fa0fa588b59cd70394c35387be1492a3/screenshot - {}
RESULT: {}
COMMAND: POST /session/fa0fa588b59cd70394c35387be1492a3/execute/async - {"script":"<script> [1562 bytes]","args":[{"selector":{"controlType":"sap.ui.core.Icon","viewName":"etm.portal.ui.managerequests.view.NewRequest","properties":{"src":{"regex":{"source":"slim\\-arrow\\-down"}}},"ancestor":{"controlType":"sap.m.Button","viewName":"etm.portal.ui.managerequests.view.NewRequest","properties":{"icon":"sap-icon://slim-arrow-down"}}},"wdio_ui5_key":"etmportal.ui.managerequests.view.NewRequestsap.ui.core.Icon{\"src\":{\"regex\":{\"source\":\"slim\\\\-arrow\\\\-down\"}}}{\"controlType\":\"sap.m.Button\",\"viewName\":\"etm.portal.ui.managerequests.view.NewRequest\",\"properties\":{\"icon\":\"sap-icon://slim-arrow-down\"}}"}]}
RESULT: {"script":"<script> [1562 bytes]","args":[{"selector":{"controlType":"sap.ui.core.Icon","viewName":"etm.portal.ui.managerequests.view.NewRequest","properties":{"src":{"regex":{"source":"slim\\-arrow\\-down"}}},"ancestor":{"controlType":"sap.m.Button","viewName":"etm.portal.ui.managerequests.view.NewRequest","properties":{"icon":"sap-icon://slim-arrow-down"}}},"wdio_ui5_key":"etmportal.ui.managerequests.view.NewRequestsap.ui.core.Icon{\"src\":{\"regex\":{\"source\":\"slim\\\\-arrow\\\\-down\"}}}{\"controlType\":\"sap.m.Button\",\"viewName\":\"etm.portal.ui.managerequests.view.NewRequest\",\"properties\":{\"icon\":\"sap-icon://slim-arrow-down\"}}"}]}
RESULT: undefined
COMMAND: POST /session/fa0fa588b59cd70394c35387be1492a3/element - {"using":"xpath","value":"//div[contains(@data-kt ,\"splitAllocationObjectStatus\")]"}
RESULT: {"using":"xpath","value":"//div[contains(@data-kt ,\"splitAllocationObjectStatus\")]"}
COMMAND: POST /session/fa0fa588b59cd70394c35387be1492a3/elements - {"using":"xpath","value":"//div[contains(@data-kt ,\"splitAllocationObjectStatus\")]"}
RESULT: {"using":"xpath","value":"//div[contains(@data-kt ,\"splitAllocationObjectStatus\")]"}
COMMAND: POST /session/fa0fa588b59cd70394c35387be1492a3/execute/async - {"script":"<script> [1562 bytes]","args":[{"selector":{"controlType":"sap.ui.core.Icon","viewName":"etm.portal.ui.managerequests.view.NewRequest","properties":{"src":{"regex":{"source":"message\\-error"}}}},"wdio_ui5_key":"etmportal.ui.managerequests.view.NewRequestsap.ui.core.Icon{\"src\":{\"regex\":{\"source\":\"message\\\\-error\"}}}"}]}
RESULT: {"script":"<script> [1562 bytes]","args":[{"selector":{"controlType":"sap.ui.core.Icon","viewName":"etm.portal.ui.managerequests.view.NewRequest","properties":{"src":{"regex":{"source":"message\\-error"}}}},"wdio_ui5_key":"etmportal.ui.managerequests.view.NewRequestsap.ui.core.Icon{\"src\":{\"regex\":{\"source\":\"message\\\\-error\"}}}"}]}
RESULT: undefined
COMMAND: POST /session/fa0fa588b59cd70394c35387be1492a3/element - {"using":"xpath","value":"//*[@id=\"__status4-__xmlview59--requestItemsTable-0-icon\"]"}
RESULT: {"using":"xpath","value":"//*[@id=\"__status4-__xmlview59--requestItemsTable-0-icon\"]"}
COMMAND: POST /session/fa0fa588b59cd70394c35387be1492a3/element/f.E45B0C2907A9CCBDD1B779A362D73609.d.2F785AC4E086B52E10FCD7948848155F.e.12745/click - {}
RESULT: {}
COMMAND: POST /session/fa0fa588b59cd70394c35387be1492a3/execute/async - {"script":"<script> [1562 bytes]","args":[{"selector":{"controlType":"sap.ui.core.Icon","viewName":"etm.portal.ui.managerequests.view.NewRequest","properties":{"src":{"regex":{"source":"slim\\-arrow\\-down"}}},"searchOpenDialogs":true,"ancestor":{"id":"costObjectAdminTypeComboBox","viewName":"etm.portal.ui.managerequests.view.NewRequest","searchOpenDialogs":true}},"wdio_ui5_key":"etmportal.ui.managerequests.view.NewRequestsap.ui.core.Icon{\"src\":{\"regex\":{\"source\":\"slim\\\\-arrow\\\\-down\"}}}{\"id\":\"costObjectAdminTypeComboBox\",\"viewName\":\"etm.portal.ui.managerequests.view.NewRequest\",\"searchOpenDialogs\":true}"}]}
COMMAND: GET /session/fa0fa588b59cd70394c35387be1492a3/screenshot - {}
RESULT: {"script":"<script> [1562 bytes]","args":[{"selector":{"controlType":"sap.ui.core.Icon","viewName":"etm.portal.ui.managerequests.view.NewRequest","properties":{"src":{"regex":{"source":"slim\\-arrow\\-down"}}},"searchOpenDialogs":true,"ancestor":{"id":"costObjectAdminTypeComboBox","viewName":"etm.portal.ui.managerequests.view.NewRequest","searchOpenDialogs":true}},"wdio_ui5_key":"etmportal.ui.managerequests.view.NewRequestsap.ui.core.Icon{\"src\":{\"regex\":{\"source\":\"slim\\\\-arrow\\\\-down\"}}}{\"id\":\"costObjectAdminTypeComboBox\",\"viewName\":\"etm.portal.ui.managerequests.view.NewRequest\",\"searchOpenDialogs\":true}"}]}
RESULT: undefined
COMMAND: POST /session/fa0fa588b59cd70394c35387be1492a3/element - {"using":"xpath","value":"//*[@id=\"__xmlview59--costObjectAdminTypeComboBox-arrow\"]"}
RESULT: {}
RESULT: {"using":"xpath","value":"//*[@id=\"__xmlview59--costObjectAdminTypeComboBox-arrow\"]"}
COMMAND: POST /session/fa0fa588b59cd70394c35387be1492a3/element/f.E45B0C2907A9CCBDD1B779A362D73609.d.2F785AC4E086B52E10FCD7948848155F.e.12750/click - {}
RESULT: {}
COMMAND: POST /session/fa0fa588b59cd70394c35387be1492a3/execute/async - {"script":"<script> [1562 bytes]","args":[{"selector":{"controlType":"sap.m.StandardListItem","viewName":"etm.portal.ui.managerequests.view.NewRequest","properties":{"title":"Cost Center"},"searchOpenDialogs":true,"interaction":{"idSuffix":"titleText"}},"wdio_ui5_key":"etmportal.ui.managerequests.view.NewRequestsap.m.StandardListItem{\"title\":\"Cost Center\"}"}]}
COMMAND: GET /session/fa0fa588b59cd70394c35387be1492a3/screenshot - {}
RESULT: {"script":"<script> [1562 bytes]","args":[{"selector":{"controlType":"sap.m.StandardListItem","viewName":"etm.portal.ui.managerequests.view.NewRequest","properties":{"title":"Cost Center"},"searchOpenDialogs":true,"interaction":{"idSuffix":"titleText"}},"wdio_ui5_key":"etmportal.ui.managerequests.view.NewRequestsap.m.StandardListItem{\"title\":\"Cost Center\"}"}]}
RESULT: undefined
COMMAND: POST /session/fa0fa588b59cd70394c35387be1492a3/element - {"using":"xpath","value":"//*[@id=\"__item610\"]"}
RESULT: {}
RESULT: {"using":"xpath","value":"//*[@id=\"__item610\"]"}
COMMAND: POST /session/fa0fa588b59cd70394c35387be1492a3/element/f.E45B0C2907A9CCBDD1B779A362D73609.d.2F785AC4E086B52E10FCD7948848155F.e.12752/click - {}
RESULT: {}
COMMAND: GET /session/fa0fa588b59cd70394c35387be1492a3/screenshot - {}
RESULT: {}
COMMAND: POST /session/fa0fa588b59cd70394c35387be1492a3/execute/async - {"script":"<script> [1562 bytes]","args":[{"selector":{"controlType":"sap.ui.core.Icon","viewName":"etm.portal.ui.managerequests.view.NewRequest","properties":{"src":{"regex":{"source":"value\\-help"}}},"searchOpenDialogs":true},"wdio_ui5_key":"etmportal.ui.managerequests.view.NewRequestsap.ui.core.Icon{\"src\":{\"regex\":{\"source\":\"value\\\\-help\"}}}"}]}
RESULT: {"script":"<script> [1562 bytes]","args":[{"selector":{"controlType":"sap.ui.core.Icon","viewName":"etm.portal.ui.managerequests.view.NewRequest","properties":{"src":{"regex":{"source":"value\\-help"}}},"searchOpenDialogs":true},"wdio_ui5_key":"etmportal.ui.managerequests.view.NewRequestsap.ui.core.Icon{\"src\":{\"regex\":{\"source\":\"value\\\\-help\"}}}"}]}
RESULT: undefined
COMMAND: POST /session/fa0fa588b59cd70394c35387be1492a3/element - {"using":"xpath","value":"//*[@id=\"__xmlview59--costObjectIdComboBox-vhi\"]"}
RESULT: {"using":"xpath","value":"//*[@id=\"__xmlview59--costObjectIdComboBox-vhi\"]"}
COMMAND: POST /session/fa0fa588b59cd70394c35387be1492a3/element/f.E45B0C2907A9CCBDD1B779A362D73609.d.2F785AC4E086B52E10FCD7948848155F.e.12759/click - {}
RESULT: {}
COMMAND: POST /session/fa0fa588b59cd70394c35387be1492a3/execute/async - {"script":"<script> [1562 bytes]","args":[{"selector":{"controlType":"sap.m.SearchField","properties":{"placeholder":"Search"},"searchOpenDialogs":true,"interaction":{"idSuffix":"I"}},"wdio_ui5_key":"sapm.SearchField{\"placeholder\":\"Search\"}"}]}
COMMAND: GET /session/fa0fa588b59cd70394c35387be1492a3/screenshot - {}
RESULT: {"script":"<script> [1562 bytes]","args":[{"selector":{"controlType":"sap.m.SearchField","properties":{"placeholder":"Search"},"searchOpenDialogs":true,"interaction":{"idSuffix":"I"}},"wdio_ui5_key":"sapm.SearchField{\"placeholder\":\"Search\"}"}]}
RESULT: undefined
COMMAND: POST /session/fa0fa588b59cd70394c35387be1492a3/execute/async - {"script":"<script> [776 bytes]","args":[{"enterText":"10001010","selector":{"controlType":"sap.m.SearchField","properties":{"placeholder":"Search"},"searchOpenDialogs":true,"interaction":{"idSuffix":"I"}},"clearTextFirst":true,"interactionType":"ENTER_TEXT"}]}
RESULT: {}
RESULT: {"script":"<script> [776 bytes]","args":[{"enterText":"10001010","selector":{"controlType":"sap.m.SearchField","properties":{"placeholder":"Search"},"searchOpenDialogs":true,"interaction":{"idSuffix":"I"}},"clearTextFirst":true,"interactionType":"ENTER_TEXT"}]}
COMMAND: POST /session/fa0fa588b59cd70394c35387be1492a3/actions - {"actions":[{"id":"action104","type":"key","parameters":{},"actions":[{"type":"keyDown","value":""},{"type":"pause","duration":10},{"type":"keyUp","value":""}]}]}
RESULT: {"actions":[{"id":"action104","type":"key","parameters":{},"actions":[{"type":"keyDown","value":""},{"type":"pause","duration":10},{"type":"keyUp","value":""}]}]}
COMMAND: GET /session/fa0fa588b59cd70394c35387be1492a3/screenshot - {}
RESULT: {}
COMMAND: POST /session/fa0fa588b59cd70394c35387be1492a3/execute/async - {"script":"<script> [1562 bytes]","args":[{"selector":{"controlType":"sap.m.Text","bindingPath":{"path":"/C_CostCtrValueHelp(CostCenter='10001010',ControllingArea='Z001')","propertyPath":"CostCenterName","modelName":"CostCenterModel"},"searchOpenDialogs":true},"wdio_ui5_key":"sapm.Text{\"path\":\"/C_CostCtrValueHelp(CostCenter='10001010',ControllingArea='Z001')\",\"propertyPath\":\"CostCenterName\",\"modelName\":\"CostCenterModel\"}"}]}
RESULT: {"script":"<script> [1562 bytes]","args":[{"selector":{"controlType":"sap.m.Text","bindingPath":{"path":"/C_CostCtrValueHelp(CostCenter='10001010',ControllingArea='Z001')","propertyPath":"CostCenterName","modelName":"CostCenterModel"},"searchOpenDialogs":true},"wdio_ui5_key":"sapm.Text{\"path\":\"/C_CostCtrValueHelp(CostCenter='10001010',ControllingArea='Z001')\",\"propertyPath\":\"CostCenterName\",\"modelName\":\"CostCenterModel\"}"}]}
RESULT: undefined
COMMAND: POST /session/fa0fa588b59cd70394c35387be1492a3/element - {"using":"xpath","value":"//*[@id=\"__text291-__clone748\"]"}
RESULT: {"using":"xpath","value":"//*[@id=\"__text291-__clone748\"]"}
COMMAND: POST /session/fa0fa588b59cd70394c35387be1492a3/element/f.E45B0C2907A9CCBDD1B779A362D73609.d.2F785AC4E086B52E10FCD7948848155F.e.12800/click - {}
RESULT: {}
COMMAND: POST /session/fa0fa588b59cd70394c35387be1492a3/execute/async - {"script":"<script> [1562 bytes]","args":[{"selector":{"controlType":"sap.m.Button","properties":{"text":"OK"},"searchOpenDialogs":true,"interaction":{"idSuffix":"BDI-content"}},"wdio_ui5_key":"sapm.Button{\"text\":\"OK\"}"}]}
COMMAND: GET /session/fa0fa588b59cd70394c35387be1492a3/screenshot - {}
RESULT: {"script":"<script> [1562 bytes]","args":[{"selector":{"controlType":"sap.m.Button","properties":{"text":"OK"},"searchOpenDialogs":true,"interaction":{"idSuffix":"BDI-content"}},"wdio_ui5_key":"sapm.Button{\"text\":\"OK\"}"}]}
RESULT: undefined
COMMAND: POST /session/fa0fa588b59cd70394c35387be1492a3/element - {"using":"xpath","value":"//*[@id=\"__dialog1-ok\"]"}
RESULT: {}
RESULT: {"using":"xpath","value":"//*[@id=\"__dialog1-ok\"]"}
COMMAND: POST /session/fa0fa588b59cd70394c35387be1492a3/element/f.E45B0C2907A9CCBDD1B779A362D73609.d.2F785AC4E086B52E10FCD7948848155F.e.12802/click - {}
RESULT: {}
COMMAND: GET /session/fa0fa588b59cd70394c35387be1492a3/screenshot - {}
RESULT: {}
COMMAND: POST /session/fa0fa588b59cd70394c35387be1492a3/execute/async - {"script":"<script> [1562 bytes]","args":[{"selector":{"controlType":"sap.m.Button","viewName":"etm.portal.ui.managerequests.view.NewRequest","i18NText":{"propertyName":"text","key":"save"},"searchOpenDialogs":true,"interaction":{"idSuffix":"BDI-content"}},"wdio_ui5_key":"etmportal.ui.managerequests.view.NewRequestsap.m.Button{\"propertyName\":\"text\",\"key\":\"save\"}"}]}
RESULT: {"script":"<script> [1562 bytes]","args":[{"selector":{"controlType":"sap.m.Button","viewName":"etm.portal.ui.managerequests.view.NewRequest","i18NText":{"propertyName":"text","key":"save"},"searchOpenDialogs":true,"interaction":{"idSuffix":"BDI-content"}},"wdio_ui5_key":"etmportal.ui.managerequests.view.NewRequestsap.m.Button{\"propertyName\":\"text\",\"key\":\"save\"}"}]}
RESULT: undefined
COMMAND: POST /session/fa0fa588b59cd70394c35387be1492a3/element - {"using":"xpath","value":"//*[@id=\"__button24\"]"}
RESULT: {"using":"xpath","value":"//*[@id=\"__button24\"]"}
COMMAND: POST /session/fa0fa588b59cd70394c35387be1492a3/element/f.E45B0C2907A9CCBDD1B779A362D73609.d.2F785AC4E086B52E10FCD7948848155F.e.12806/click - {}
RESULT: {}
COMMAND: GET /session/fa0fa588b59cd70394c35387be1492a3/screenshot - {}
RESULT: {}
COMMAND: POST /session/fa0fa588b59cd70394c35387be1492a3/element - {"using":"xpath","value":"(//bdi[contains(text() ,\"Save\")])[1]"}
RESULT: {"using":"xpath","value":"(//bdi[contains(text() ,\"Save\")])[1]"}
COMMAND: POST /session/fa0fa588b59cd70394c35387be1492a3/element/f.E45B0C2907A9CCBDD1B779A362D73609.d.2F785AC4E086B52E10FCD7948848155F.e.12808/click - {}
RESULT: {}
COMMAND: GET /session/fa0fa588b59cd70394c35387be1492a3/screenshot - {}
RESULT: {}
COMMAND: POST /session/fa0fa588b59cd70394c35387be1492a3/execute/async - {"script":"<script> [1562 bytes]","args":[{"selector":{"controlType":"sap.m.Title","properties":{"text":"Success"},"searchOpenDialogs":true},"wdio_ui5_key":"sapm.Title{\"text\":\"Success\"}"}]}
RESULT: {"script":"<script> [1562 bytes]","args":[{"selector":{"controlType":"sap.m.Title","properties":{"text":"Success"},"searchOpenDialogs":true},"wdio_ui5_key":"sapm.Title{\"text\":\"Success\"}"}]}
RESULT: undefined
COMMAND: POST /session/fa0fa588b59cd70394c35387be1492a3/execute/async - {"script":"<script> [6424 bytes]","args":[{"element-6066-11e4-a52e-4f735466cecf":"f.E45B0C2907A9CCBDD1B779A362D73609.d.2F785AC4E086B52E10FCD7948848155F.e.12812"},"getText",[]]}
RESULT: {"script":"<script> [6424 bytes]","args":[{"element-6066-11e4-a52e-4f735466cecf":"f.E45B0C2907A9CCBDD1B779A362D73609.d.2F785AC4E086B52E10FCD7948848155F.e.12812"},"getText",[]]}
COMMAND: POST /session/fa0fa588b59cd70394c35387be1492a3/execute/async - {"script":"<script> [1562 bytes]","args":[{"selector":{"controlType":"sap.m.Button","properties":{"text":"Close"},"searchOpenDialogs":true,"interaction":{"idSuffix":"BDI-content"}},"wdio_ui5_key":"sapm.Button{\"text\":\"Close\"}"}]}
RESULT: {"script":"<script> [1562 bytes]","args":[{"selector":{"controlType":"sap.m.Button","properties":{"text":"Close"},"searchOpenDialogs":true,"interaction":{"idSuffix":"BDI-content"}},"wdio_ui5_key":"sapm.Button{\"text\":\"Close\"}"}]}
RESULT: undefined
COMMAND: POST /session/fa0fa588b59cd70394c35387be1492a3/element - {"using":"xpath","value":"//*[@id=\"__mbox-btn-0\"]"}
RESULT: {"using":"xpath","value":"//*[@id=\"__mbox-btn-0\"]"}
COMMAND: POST /session/fa0fa588b59cd70394c35387be1492a3/element/f.E45B0C2907A9CCBDD1B779A362D73609.d.2F785AC4E086B52E10FCD7948848155F.e.12811/click - {}
RESULT: {}
COMMAND: GET /session/fa0fa588b59cd70394c35387be1492a3/screenshot - {}
RESULT: {}
COMMAND: POST /session/fa0fa588b59cd70394c35387be1492a3/execute/async - {"script":"<script> [1562 bytes]","args":[{"selector":{"controlType":"sap.m.Text","viewName":"etm.portal.ui.managerequests.view.Detail","bindingPath":{"propertyPath":"NO","modelName":"catalogModel"}},"wdio_ui5_key":"etmportal.ui.managerequests.view.Detailsap.m.Text{\"propertyPath\":\"NO\",\"modelName\":\"catalogModel\"}"}]}
RESULT: {"script":"<script> [1562 bytes]","args":[{"selector":{"controlType":"sap.m.Text","viewName":"etm.portal.ui.managerequests.view.Detail","bindingPath":{"propertyPath":"NO","modelName":"catalogModel"}},"wdio_ui5_key":"etmportal.ui.managerequests.view.Detailsap.m.Text{\"propertyPath\":\"NO\",\"modelName\":\"catalogModel\"}"}]}
RESULT: undefined
COMMAND: POST /session/fa0fa588b59cd70394c35387be1492a3/execute/async - {"script":"<script> [6424 bytes]","args":[{"element-6066-11e4-a52e-4f735466cecf":"f.E45B0C2907A9CCBDD1B779A362D73609.d.2F785AC4E086B52E10FCD7948848155F.e.12938"},"getText",[]]}
RESULT: {"script":"<script> [6424 bytes]","args":[{"element-6066-11e4-a52e-4f735466cecf":"f.E45B0C2907A9CCBDD1B779A362D73609.d.2F785AC4E086B52E10FCD7948848155F.e.12938"},"getText",[]]}
COMMAND: POST /session/fa0fa588b59cd70394c35387be1492a3/execute/async - {"script":"<script> [1562 bytes]","args":[{"selector":{"controlType":"sap.ui.core.Icon","viewName":"etm.portal.ui.managerequests.view.Detail","properties":{"src":{"regex":{"source":"date\\-time"}}},"ancestor":{"controlType":"sap.m.ColumnListItem","viewName":"etm.portal.ui.managerequests.view.Detail","bindingPath":{"path":"/SmartRequestItemsPlanningBoard(ITEM=10m,REQUEST='20156')"},"ancestor":{"id":"requestItemsTable","viewName":"etm.portal.ui.managerequests.view.Detail"}}},"wdio_ui5_key":"etmportal.ui.managerequests.view.Detailsap.ui.core.Icon{\"src\":{\"regex\":{\"source\":\"date\\\\-time\"}}}{\"controlType\":\"sap.m.ColumnListItem\",\"viewName\":\"etm.portal.ui.managerequests.view.Detail\",\"bindingPath\":{\"path\":\"/SmartRequestItemsPlanningBoard(ITEM=10m,REQUEST='20156')\"},\"ancestor\":{\"id\":\"requestItemsTable\",\"viewName\":\"etm.portal.ui.managerequests.view.Detail\"}}"}]}
RESULT: {"script":"<script> [1562 bytes]","args":[{"selector":{"controlType":"sap.ui.core.Icon","viewName":"etm.portal.ui.managerequests.view.Detail","properties":{"src":{"regex":{"source":"date\\-time"}}},"ancestor":{"controlType":"sap.m.ColumnListItem","viewName":"etm.portal.ui.managerequests.view.Detail","bindingPath":{"path":"/SmartRequestItemsPlanningBoard(ITEM=10m,REQUEST='20156')"},"ancestor":{"id":"requestItemsTable","viewName":"etm.portal.ui.managerequests.view.Detail"}}},"wdio_ui5_key":"etmportal.ui.managerequests.view.Detailsap.ui.core.Icon{\"src\":{\"regex\":{\"source\":\"date\\\\-time\"}}}{\"controlType\":\"sap.m.ColumnListItem\",\"viewName\":\"etm.portal.ui.managerequests.view.Detail\",\"bindingPath\":{\"path\":\"/SmartRequestItemsPlanningBoard(ITEM=10m,REQUEST='20156')\"},\"ancestor\":{\"id\":\"requestItemsTable\",\"viewName\":\"etm.portal.ui.managerequests.view.Detail\"}}"}]}
RESULT: undefined
COMMAND: POST /session/fa0fa588b59cd70394c35387be1492a3/element - {"using":"xpath","value":"//*[@id=\"__button39-__clone787-img\"]"}
RESULT: {"using":"xpath","value":"//*[@id=\"__button39-__clone787-img\"]"}
COMMAND: POST /session/fa0fa588b59cd70394c35387be1492a3/element/f.E45B0C2907A9CCBDD1B779A362D73609.d.2F785AC4E086B52E10FCD7948848155F.e.12939/click - {}
RESULT: {}
COMMAND: POST /session/fa0fa588b59cd70394c35387be1492a3/execute/async - {"script":"<script> [1562 bytes]","args":[{"selector":{"controlType":"sap.m.Button","viewName":"etm.portal.ui.managerequests.view.Detail","properties":{"text":"Close"},"searchOpenDialogs":true,"interaction":{"idSuffix":"BDI-content"}},"wdio_ui5_key":"etmportal.ui.managerequests.view.Detailsap.m.Button{\"text\":\"Close\"}"}]}
COMMAND: GET /session/fa0fa588b59cd70394c35387be1492a3/screenshot - {}
RESULT: {"script":"<script> [1562 bytes]","args":[{"selector":{"controlType":"sap.m.Button","viewName":"etm.portal.ui.managerequests.view.Detail","properties":{"text":"Close"},"searchOpenDialogs":true,"interaction":{"idSuffix":"BDI-content"}},"wdio_ui5_key":"etmportal.ui.managerequests.view.Detailsap.m.Button{\"text\":\"Close\"}"}]}
RESULT: undefined
COMMAND: POST /session/fa0fa588b59cd70394c35387be1492a3/element - {"using":"xpath","value":"//*[@id=\"__button49\"]"}
RESULT: {}
RESULT: {"using":"xpath","value":"//*[@id=\"__button49\"]"}
COMMAND: POST /session/fa0fa588b59cd70394c35387be1492a3/element/f.E45B0C2907A9CCBDD1B779A362D73609.d.2F785AC4E086B52E10FCD7948848155F.e.12941/click - {}
RESULT: {}
COMMAND: POST /session/fa0fa588b59cd70394c35387be1492a3/refresh - {}
COMMAND: GET /session/fa0fa588b59cd70394c35387be1492a3/screenshot - {}
RESULT: {}
COMMAND: GET /session/fa0fa588b59cd70394c35387be1492a3/screenshot - {}
RESULT: {}
RESULT: {}
COMMAND: POST /session/fa0fa588b59cd70394c35387be1492a3/execute/async - {"script":"<script> [189 bytes]","args":[]}
RESULT: {"script":"<script> [189 bytes]","args":[]}
COMMAND: POST /session/fa0fa588b59cd70394c35387be1492a3/execute/async - {"script":"<script> [123 bytes]","args":[]}
RESULT: {"script":"<script> [123 bytes]","args":[]}
COMMAND: POST /session/fa0fa588b59cd70394c35387be1492a3/timeouts - {"script":"<number>"}
RESULT: {"script":"<number>"}
COMMAND: GET /session/fa0fa588b59cd70394c35387be1492a3/timeouts - {}
RESULT: {}
RESULT: undefined
COMMAND: POST /session/fa0fa588b59cd70394c35387be1492a3/execute/async - {"script":"<script> [2676 bytes]","args":[]}
RESULT: {"script":"<script> [2676 bytes]","args":[]}
COMMAND: POST /session/fa0fa588b59cd70394c35387be1492a3/execute/async - {"script":"<script> [2342 bytes]","args":[{"protocol":"http","hostname":"0.0.0.0","path":"/","capabilities":{"browserName":"chrome","goog:chromeOptions":{"binary":"C:\\Program Files\\Google\\Chrome\\Application\\chrome.exe","args":["--start-maximized"]}},"logLevel":"warn","connectionRetryTimeout":120000,"connectionRetryCount":3,"logLevels":{},"enableDirectConnect":true,"strictSSL":true,"_":"65 more keys: [\"cacheDir\",\"port\",\"requestedCapabilities\",\"automationProtocol\",\"baseUrl\",\"waitforInterval\",\"waitforTimeout\",\"onReload\",\"beforeCommand\",\"afterCommand\",\"rootDir\",\"specs\",\"suites\",\"exclude\",\"groupLogsByTestSpec\",\"excludeDriverLogs\",\"bail\",\"framework\",\"reporters\",\"services\",\"maxInstances\",\"maxInstancesPerCapability\",\"injectGlobals\",\"filesToWatch\",\"execArgv\",\"runnerEnv\",\"runner\",\"shard\",\"specFileRetries\",\"specFileRetriesDelay\",\"specFileRetriesDeferred\",\"reporterSyncInterval\",\"reporterSyncTimeout\",\"cucumberFeaturesWithLineNumbers\",\"autoCompileOpts\",\"mochaOpts\",\"jasmineOpts\",\"cucumberOpts\",\"onPrepare\",\"onWorkerStart\",\"onWorkerEnd\",\"before\",\"beforeSession\",\"beforeSuite\",\"beforeHook\",\"beforeTest\",\"afterTest\",\"afterHook\",\"afterSuite\",\"afterSession\",\"after\",\"onComplete\",\"beforeAssertion\",\"afterAssertion\",\"beforeFeature\",\"beforeScenario\",\"beforeStep\",\"afterStep\",\"afterScenario\",\"afterFeature\",\"_\",\"suite\",\"$0\",\"ignoredWorkerServices\",\"wdi5\"]"}]}
RESULT: {"script":"<script> [2342 bytes]","args":[{"protocol":"http","hostname":"0.0.0.0","path":"/","capabilities":{"browserName":"chrome","goog:chromeOptions":{"binary":"C:\\Program Files\\Google\\Chrome\\Application\\chrome.exe","args":["--start-maximized"]}},"logLevel":"warn","connectionRetryTimeout":120000,"connectionRetryCount":3,"logLevels":{},"enableDirectConnect":true,"strictSSL":true,"_":"65 more keys: [\"cacheDir\",\"port\",\"requestedCapabilities\",\"automationProtocol\",\"baseUrl\",\"waitforInterval\",\"waitforTimeout\",\"onReload\",\"beforeCommand\",\"afterCommand\",\"rootDir\",\"specs\",\"suites\",\"exclude\",\"groupLogsByTestSpec\",\"excludeDriverLogs\",\"bail\",\"framework\",\"reporters\",\"services\",\"maxInstances\",\"maxInstancesPerCapability\",\"injectGlobals\",\"filesToWatch\",\"execArgv\",\"runnerEnv\",\"runner\",\"shard\",\"specFileRetries\",\"specFileRetriesDelay\",\"specFileRetriesDeferred\",\"reporterSyncInterval\",\"reporterSyncTimeout\",\"cucumberFeaturesWithLineNumbers\",\"autoCompileOpts\",\"mochaOpts\",\"jasmineOpts\",\"cucumberOpts\",\"onPrepare\",\"onWorkerStart\",\"onWorkerEnd\",\"before\",\"beforeSession\",\"beforeSuite\",\"beforeHook\",\"beforeTest\",\"afterTest\",\"afterHook\",\"afterSuite\",\"afterSession\",\"after\",\"onComplete\",\"beforeAssertion\",\"afterAssertion\",\"beforeFeature\",\"beforeScenario\",\"beforeStep\",\"afterStep\",\"afterScenario\",\"afterFeature\",\"_\",\"suite\",\"$0\",\"ignoredWorkerServices\",\"wdi5\"]"}]}
COMMAND: POST /session/fa0fa588b59cd70394c35387be1492a3/execute/async - {"script":"<script> [21126 bytes]","args":[35000]}
RESULT: {"script":"<script> [21126 bytes]","args":[35000]}
]]></system-out>
    </testcase>
    <testcase classname="chrome.136_0_7103_93.windows.Process_request_items_into_new_quotation_US120163" name="Should process the request into a new quotation" time="55.456">
      <system-out><![CDATA[
COMMAND: GET /session/fa0fa588b59cd70394c35387be1492a3/window - {}
RESULT: {}
COMMAND: POST /session/fa0fa588b59cd70394c35387be1492a3/element - {"using":"xpath","value":"//span[contains(@id ,\"detailHeaderTitle-_actionsToolbar-overflowButton-img\")]"}
RESULT: {"using":"xpath","value":"//span[contains(@id ,\"detailHeaderTitle-_actionsToolbar-overflowButton-img\")]"}
COMMAND: POST /session/fa0fa588b59cd70394c35387be1492a3/element/f.E45B0C2907A9CCBDD1B779A362D73609.d.A32B3E14E09C2D57D5FF37068B1755BF.e.13162/click - {}
RESULT: {}
COMMAND: GET /session/fa0fa588b59cd70394c35387be1492a3/screenshot - {}
RESULT: {}
COMMAND: POST /session/fa0fa588b59cd70394c35387be1492a3/element - {"using":"xpath","value":"//span[contains(@id ,\"actionsMenuButton-internalSplitBtn-arrowButton-img\")]"}
RESULT: {"using":"xpath","value":"//span[contains(@id ,\"actionsMenuButton-internalSplitBtn-arrowButton-img\")]"}
COMMAND: POST /session/fa0fa588b59cd70394c35387be1492a3/element/f.E45B0C2907A9CCBDD1B779A362D73609.d.A32B3E14E09C2D57D5FF37068B1755BF.e.13165/click - {}
RESULT: {}
COMMAND: GET /session/fa0fa588b59cd70394c35387be1492a3/screenshot - {}
RESULT: {}
COMMAND: POST /session/fa0fa588b59cd70394c35387be1492a3/actions - {"actions":[{"id":"action105","type":"key","parameters":{},"actions":[{"type":"keyDown","value":""},{"type":"pause","duration":10},{"type":"keyUp","value":""}]}]}
RESULT: {"actions":[{"id":"action105","type":"key","parameters":{},"actions":[{"type":"keyDown","value":""},{"type":"pause","duration":10},{"type":"keyUp","value":""}]}]}
COMMAND: GET /session/fa0fa588b59cd70394c35387be1492a3/screenshot - {}
RESULT: {}
COMMAND: POST /session/fa0fa588b59cd70394c35387be1492a3/actions - {"actions":[{"id":"action106","type":"key","parameters":{},"actions":[{"type":"keyDown","value":""},{"type":"pause","duration":10},{"type":"keyUp","value":""}]}]}
RESULT: {"actions":[{"id":"action106","type":"key","parameters":{},"actions":[{"type":"keyDown","value":""},{"type":"pause","duration":10},{"type":"keyUp","value":""}]}]}
COMMAND: GET /session/fa0fa588b59cd70394c35387be1492a3/screenshot - {}
RESULT: {}
COMMAND: POST /session/fa0fa588b59cd70394c35387be1492a3/actions - {"actions":[{"id":"action107","type":"key","parameters":{},"actions":[{"type":"keyDown","value":""},{"type":"pause","duration":10},{"type":"keyUp","value":""}]}]}
RESULT: {"actions":[{"id":"action107","type":"key","parameters":{},"actions":[{"type":"keyDown","value":""},{"type":"pause","duration":10},{"type":"keyUp","value":""}]}]}
COMMAND: GET /session/fa0fa588b59cd70394c35387be1492a3/screenshot - {}
RESULT: {}
COMMAND: POST /session/fa0fa588b59cd70394c35387be1492a3/actions - {"actions":[{"id":"action108","type":"key","parameters":{},"actions":[{"type":"keyDown","value":""},{"type":"pause","duration":10},{"type":"keyUp","value":""}]}]}
RESULT: {"actions":[{"id":"action108","type":"key","parameters":{},"actions":[{"type":"keyDown","value":""},{"type":"pause","duration":10},{"type":"keyUp","value":""}]}]}
COMMAND: GET /session/fa0fa588b59cd70394c35387be1492a3/screenshot - {}
RESULT: {}
COMMAND: POST /session/fa0fa588b59cd70394c35387be1492a3/actions - {"actions":[{"id":"action109","type":"key","parameters":{},"actions":[{"type":"keyDown","value":""},{"type":"pause","duration":10},{"type":"keyUp","value":""}]}]}
RESULT: {"actions":[{"id":"action109","type":"key","parameters":{},"actions":[{"type":"keyDown","value":""},{"type":"pause","duration":10},{"type":"keyUp","value":""}]}]}
COMMAND: GET /session/fa0fa588b59cd70394c35387be1492a3/screenshot - {}
RESULT: {}
COMMAND: GET /session/fa0fa588b59cd70394c35387be1492a3/window/handles - {}
RESULT: {}
COMMAND: GET /session/fa0fa588b59cd70394c35387be1492a3/window/handles - {}
RESULT: {}
COMMAND: POST /session/fa0fa588b59cd70394c35387be1492a3/window - {"handle":"E3CA7BC905E464A17D52EC98AB5D6D33"}
RESULT: {"handle":"E3CA7BC905E464A17D52EC98AB5D6D33"}
COMMAND: GET /session/fa0fa588b59cd70394c35387be1492a3/url - {}
RESULT: {}
COMMAND: GET /session/fa0fa588b59cd70394c35387be1492a3/screenshot - {}
RESULT: {}
COMMAND: POST /session/fa0fa588b59cd70394c35387be1492a3/element - {"using":"xpath","value":"//span[contains(text(), \"Header Billing Items\")]"}
RESULT: {"using":"xpath","value":"//span[contains(text(), \"Header Billing Items\")]"}
COMMAND: POST /session/fa0fa588b59cd70394c35387be1492a3/element/f.E3CA7BC905E464A17D52EC98AB5D6D33.d.E1147E0DDEA2F68A9CC6368E2E16587A.e.13400/click - {}
RESULT: {}
COMMAND: GET /session/fa0fa588b59cd70394c35387be1492a3/screenshot - {}
RESULT: {}
COMMAND: POST /session/fa0fa588b59cd70394c35387be1492a3/element - {"using":"xpath","value":"//span[contains(@id ,\"contractItemsSmartTable-header-inner\")]"}
RESULT: {"using":"xpath","value":"//span[contains(@id ,\"contractItemsSmartTable-header-inner\")]"}
COMMAND: GET /session/fa0fa588b59cd70394c35387be1492a3/element/f.E3CA7BC905E464A17D52EC98AB5D6D33.d.E1147E0DDEA2F68A9CC6368E2E16587A.e.13402/text - {}
RESULT: {}
COMMAND: POST /session/fa0fa588b59cd70394c35387be1492a3/element - {"using":"xpath","value":"//span[@class=\"sapMObjStatusText\"][contains(text(), \"proposed\")]"}
RESULT: {"using":"xpath","value":"//span[@class=\"sapMObjStatusText\"][contains(text(), \"proposed\")]"}
COMMAND: GET /session/fa0fa588b59cd70394c35387be1492a3/element/f.E3CA7BC905E464A17D52EC98AB5D6D33.d.E1147E0DDEA2F68A9CC6368E2E16587A.e.13403/text - {}
RESULT: {}
COMMAND: DELETE /session/fa0fa588b59cd70394c35387be1492a3/window - {}
RESULT: {}
COMMAND: POST /session/fa0fa588b59cd70394c35387be1492a3/window - {"handle":"E45B0C2907A9CCBDD1B779A362D73609"}
RESULT: {"handle":"E45B0C2907A9CCBDD1B779A362D73609"}
COMMAND: GET /session/fa0fa588b59cd70394c35387be1492a3/url - {}
RESULT: {}
COMMAND: GET /session/fa0fa588b59cd70394c35387be1492a3/screenshot - {}
RESULT: {}
]]></system-out>
    </testcase>
    <testcase classname="chrome.136_0_7103_93.windows.Process_request_items_into_new_quotation_US120163" name="Should navigate back to the request and check the request and item statuses" time="35.49">
      <system-out><![CDATA[
COMMAND: POST /session/fa0fa588b59cd70394c35387be1492a3/refresh - {}
RESULT: {}
COMMAND: GET /session/fa0fa588b59cd70394c35387be1492a3/screenshot - {}
RESULT: {}
COMMAND: POST /session/fa0fa588b59cd70394c35387be1492a3/execute/async - {"script":"<script> [189 bytes]","args":[]}
RESULT: {"script":"<script> [189 bytes]","args":[]}
COMMAND: POST /session/fa0fa588b59cd70394c35387be1492a3/execute/async - {"script":"<script> [123 bytes]","args":[]}
RESULT: {"script":"<script> [123 bytes]","args":[]}
COMMAND: POST /session/fa0fa588b59cd70394c35387be1492a3/timeouts - {"script":"<number>"}
RESULT: {"script":"<number>"}
COMMAND: GET /session/fa0fa588b59cd70394c35387be1492a3/timeouts - {}
RESULT: {}
RESULT: undefined
COMMAND: POST /session/fa0fa588b59cd70394c35387be1492a3/execute/async - {"script":"<script> [2676 bytes]","args":[]}
RESULT: {"script":"<script> [2676 bytes]","args":[]}
COMMAND: POST /session/fa0fa588b59cd70394c35387be1492a3/execute/async - {"script":"<script> [2342 bytes]","args":[{"protocol":"http","hostname":"0.0.0.0","path":"/","capabilities":{"browserName":"chrome","goog:chromeOptions":{"binary":"C:\\Program Files\\Google\\Chrome\\Application\\chrome.exe","args":["--start-maximized"]}},"logLevel":"warn","connectionRetryTimeout":120000,"connectionRetryCount":3,"logLevels":{},"enableDirectConnect":true,"strictSSL":true,"_":"65 more keys: [\"cacheDir\",\"port\",\"requestedCapabilities\",\"automationProtocol\",\"baseUrl\",\"waitforInterval\",\"waitforTimeout\",\"onReload\",\"beforeCommand\",\"afterCommand\",\"rootDir\",\"specs\",\"suites\",\"exclude\",\"groupLogsByTestSpec\",\"excludeDriverLogs\",\"bail\",\"framework\",\"reporters\",\"services\",\"maxInstances\",\"maxInstancesPerCapability\",\"injectGlobals\",\"filesToWatch\",\"execArgv\",\"runnerEnv\",\"runner\",\"shard\",\"specFileRetries\",\"specFileRetriesDelay\",\"specFileRetriesDeferred\",\"reporterSyncInterval\",\"reporterSyncTimeout\",\"cucumberFeaturesWithLineNumbers\",\"autoCompileOpts\",\"mochaOpts\",\"jasmineOpts\",\"cucumberOpts\",\"onPrepare\",\"onWorkerStart\",\"onWorkerEnd\",\"before\",\"beforeSession\",\"beforeSuite\",\"beforeHook\",\"beforeTest\",\"afterTest\",\"afterHook\",\"afterSuite\",\"afterSession\",\"after\",\"onComplete\",\"beforeAssertion\",\"afterAssertion\",\"beforeFeature\",\"beforeScenario\",\"beforeStep\",\"afterStep\",\"afterScenario\",\"afterFeature\",\"_\",\"suite\",\"$0\",\"ignoredWorkerServices\",\"wdi5\"]"}]}
RESULT: {"script":"<script> [2342 bytes]","args":[{"protocol":"http","hostname":"0.0.0.0","path":"/","capabilities":{"browserName":"chrome","goog:chromeOptions":{"binary":"C:\\Program Files\\Google\\Chrome\\Application\\chrome.exe","args":["--start-maximized"]}},"logLevel":"warn","connectionRetryTimeout":120000,"connectionRetryCount":3,"logLevels":{},"enableDirectConnect":true,"strictSSL":true,"_":"65 more keys: [\"cacheDir\",\"port\",\"requestedCapabilities\",\"automationProtocol\",\"baseUrl\",\"waitforInterval\",\"waitforTimeout\",\"onReload\",\"beforeCommand\",\"afterCommand\",\"rootDir\",\"specs\",\"suites\",\"exclude\",\"groupLogsByTestSpec\",\"excludeDriverLogs\",\"bail\",\"framework\",\"reporters\",\"services\",\"maxInstances\",\"maxInstancesPerCapability\",\"injectGlobals\",\"filesToWatch\",\"execArgv\",\"runnerEnv\",\"runner\",\"shard\",\"specFileRetries\",\"specFileRetriesDelay\",\"specFileRetriesDeferred\",\"reporterSyncInterval\",\"reporterSyncTimeout\",\"cucumberFeaturesWithLineNumbers\",\"autoCompileOpts\",\"mochaOpts\",\"jasmineOpts\",\"cucumberOpts\",\"onPrepare\",\"onWorkerStart\",\"onWorkerEnd\",\"before\",\"beforeSession\",\"beforeSuite\",\"beforeHook\",\"beforeTest\",\"afterTest\",\"afterHook\",\"afterSuite\",\"afterSession\",\"after\",\"onComplete\",\"beforeAssertion\",\"afterAssertion\",\"beforeFeature\",\"beforeScenario\",\"beforeStep\",\"afterStep\",\"afterScenario\",\"afterFeature\",\"_\",\"suite\",\"$0\",\"ignoredWorkerServices\",\"wdi5\"]"}]}
COMMAND: POST /session/fa0fa588b59cd70394c35387be1492a3/execute/async - {"script":"<script> [21126 bytes]","args":[35000]}
RESULT: {"script":"<script> [21126 bytes]","args":[35000]}
COMMAND: POST /session/fa0fa588b59cd70394c35387be1492a3/execute/async - {"script":"<script> [1562 bytes]","args":[{"selector":{"controlType":"sap.m.Text","viewName":"etm.portal.ui.managerequests.view.Detail","bindingPath":{"path":"/SmartRequestItemsPlanningBoard(ITEM=10m,REQUEST='20156')","propertyPath":"STATUS_DESC"}},"wdio_ui5_key":"etmportal.ui.managerequests.view.Detailsap.m.Text{\"path\":\"/SmartRequestItemsPlanningBoard(ITEM=10m,REQUEST='20156')\",\"propertyPath\":\"STATUS_DESC\"}"}]}
RESULT: {"script":"<script> [1562 bytes]","args":[{"selector":{"controlType":"sap.m.Text","viewName":"etm.portal.ui.managerequests.view.Detail","bindingPath":{"path":"/SmartRequestItemsPlanningBoard(ITEM=10m,REQUEST='20156')","propertyPath":"STATUS_DESC"}},"wdio_ui5_key":"etmportal.ui.managerequests.view.Detailsap.m.Text{\"path\":\"/SmartRequestItemsPlanningBoard(ITEM=10m,REQUEST='20156')\",\"propertyPath\":\"STATUS_DESC\"}"}]}
RESULT: undefined
COMMAND: POST /session/fa0fa588b59cd70394c35387be1492a3/execute/async - {"script":"<script> [6424 bytes]","args":[{"element-6066-11e4-a52e-4f735466cecf":"f.E45B0C2907A9CCBDD1B779A362D73609.d.B9FB00803E98533D18C03B3D1E3F3F7C.e.13607"},"getText",[]]}
RESULT: {"script":"<script> [6424 bytes]","args":[{"element-6066-11e4-a52e-4f735466cecf":"f.E45B0C2907A9CCBDD1B779A362D73609.d.B9FB00803E98533D18C03B3D1E3F3F7C.e.13607"},"getText",[]]}
COMMAND: POST /session/fa0fa588b59cd70394c35387be1492a3/execute/async - {"script":"<script> [1562 bytes]","args":[{"selector":{"controlType":"sap.m.ObjectStatus","viewName":"etm.portal.ui.managerequests.view.Detail","bindingPath":{"path":"/RequestHeaders('20156')","propertyPath":"LINK_TO_STATUS/DESCRIPTION","modelName":"catalogModel"}},"wdio_ui5_key":"etmportal.ui.managerequests.view.Detailsap.m.ObjectStatus{\"path\":\"/RequestHeaders('20156')\",\"propertyPath\":\"LINK_TO_STATUS/DESCRIPTION\",\"modelName\":\"catalogModel\"}"}]}
RESULT: {"script":"<script> [1562 bytes]","args":[{"selector":{"controlType":"sap.m.ObjectStatus","viewName":"etm.portal.ui.managerequests.view.Detail","bindingPath":{"path":"/RequestHeaders('20156')","propertyPath":"LINK_TO_STATUS/DESCRIPTION","modelName":"catalogModel"}},"wdio_ui5_key":"etmportal.ui.managerequests.view.Detailsap.m.ObjectStatus{\"path\":\"/RequestHeaders('20156')\",\"propertyPath\":\"LINK_TO_STATUS/DESCRIPTION\",\"modelName\":\"catalogModel\"}"}]}
RESULT: undefined
COMMAND: POST /session/fa0fa588b59cd70394c35387be1492a3/execute/async - {"script":"<script> [6424 bytes]","args":[{"element-6066-11e4-a52e-4f735466cecf":"f.E45B0C2907A9CCBDD1B779A362D73609.d.B9FB00803E98533D18C03B3D1E3F3F7C.e.13608"},"getText",[]]}
RESULT: {"script":"<script> [6424 bytes]","args":[{"element-6066-11e4-a52e-4f735466cecf":"f.E45B0C2907A9CCBDD1B779A362D73609.d.B9FB00803E98533D18C03B3D1E3F3F7C.e.13608"},"getText",[]]}
COMMAND: DELETE /session/fa0fa588b59cd70394c35387be1492a3 - {}
RESULT: {}
]]></system-out>
    </testcase>
  </testsuite>
</testsuites>