<?xml version="1.0" encoding="UTF-8"?>
<testsuites tests="58" failures="31" errors="31" skipped="0">
  <testsuite timestamp="2025-06-04T17:06:58" time="1097.66" tests="11" failures="5" errors="5" skipped="0">
    <properties>
      <property name="specId" value="0" />
      <property name="suiteName" value="Billing confirm US117289" />
      <property name="capabilities" value="chrome.137_0_7151_56.windows" />
      <property name="file" value="file:///D:/a/1/s/test/specs/BTS/billing-confirm.spec.js" />
    </properties>
    <testcase classname="chrome.137_0_7151_56.windows.Billing_confirm_US117289" name="Should create a new yard" time="119.416">
      <system-out><![CDATA[
COMMAND: POST /session/3ee3b59268b112783f98a37bc72cbb43/window/fullscreen - {}
RESULT: {}
COMMAND: POST /session/3ee3b59268b112783f98a37bc72cbb43/execute/async - {"script":"<script> [1562 bytes]","args":[{"selector":{"controlType":"sap.m.GenericTile","properties":{"header":"Manage Yards"}},"wdio_ui5_key":"sapm.GenericTile{\"header\":\"Manage Yards\"}"}]}
RESULT: {"script":"<script> [1562 bytes]","args":[{"selector":{"controlType":"sap.m.GenericTile","properties":{"header":"Manage Yards"}},"wdio_ui5_key":"sapm.GenericTile{\"header\":\"Manage Yards\"}"}]}
RESULT: undefined
COMMAND: POST /session/3ee3b59268b112783f98a37bc72cbb43/element - {"using":"xpath","value":"//*[@id=\"__tile41\"]"}
RESULT: {"using":"xpath","value":"//*[@id=\"__tile41\"]"}
COMMAND: POST /session/3ee3b59268b112783f98a37bc72cbb43/element/f.DDB2A020B38DABC090658DE2C1C505F0.d.061A0ED486FA5E1D87BF2A97C5143DA2.e.167/click - {}
RESULT: {}
COMMAND: GET /session/3ee3b59268b112783f98a37bc72cbb43/screenshot - {}
RESULT: {}
COMMAND: POST /session/3ee3b59268b112783f98a37bc72cbb43/elements - {"using":"xpath","value":"//span[text()='Error']"}
RESULT: {"using":"xpath","value":"//span[text()='Error']"}
COMMAND: POST /session/3ee3b59268b112783f98a37bc72cbb43/element - {"using":"xpath","value":"//button[@data-kt=\"addNewYardOverflowToolbarButton\"]"}
RESULT: {"using":"xpath","value":"//button[@data-kt=\"addNewYardOverflowToolbarButton\"]"}
COMMAND: POST /session/3ee3b59268b112783f98a37bc72cbb43/elements - {"using":"xpath","value":"//button[@data-kt=\"addNewYardOverflowToolbarButton\"]"}
RESULT: {"using":"xpath","value":"//button[@data-kt=\"addNewYardOverflowToolbarButton\"]"}
COMMAND: POST /session/3ee3b59268b112783f98a37bc72cbb43/elements - {"using":"xpath","value":"//button[@data-kt=\"addNewYardOverflowToolbarButton\"]"}
RESULT: {"using":"xpath","value":"//button[@data-kt=\"addNewYardOverflowToolbarButton\"]"}
COMMAND: POST /session/3ee3b59268b112783f98a37bc72cbb43/elements - {"using":"xpath","value":"//button[@data-kt=\"addNewYardOverflowToolbarButton\"]"}
RESULT: {"using":"xpath","value":"//button[@data-kt=\"addNewYardOverflowToolbarButton\"]"}
COMMAND: POST /session/3ee3b59268b112783f98a37bc72cbb43/elements - {"using":"xpath","value":"//button[@data-kt=\"addNewYardOverflowToolbarButton\"]"}
RESULT: {"using":"xpath","value":"//button[@data-kt=\"addNewYardOverflowToolbarButton\"]"}
COMMAND: POST /session/3ee3b59268b112783f98a37bc72cbb43/elements - {"using":"xpath","value":"//button[@data-kt=\"addNewYardOverflowToolbarButton\"]"}
RESULT: {"using":"xpath","value":"//button[@data-kt=\"addNewYardOverflowToolbarButton\"]"}
COMMAND: POST /session/3ee3b59268b112783f98a37bc72cbb43/elements - {"using":"xpath","value":"//button[@data-kt=\"addNewYardOverflowToolbarButton\"]"}
RESULT: {"using":"xpath","value":"//button[@data-kt=\"addNewYardOverflowToolbarButton\"]"}
COMMAND: POST /session/3ee3b59268b112783f98a37bc72cbb43/element - {"using":"xpath","value":"//button[@data-kt=\"addNewYardOverflowToolbarButton\"]"}
RESULT: {"using":"xpath","value":"//button[@data-kt=\"addNewYardOverflowToolbarButton\"]"}
COMMAND: POST /session/3ee3b59268b112783f98a37bc72cbb43/execute/sync - {"script":"<script> [8489 bytes]","args":[{"element-6066-11e4-a52e-4f735466cecf":"f.DDB2A020B38DABC090658DE2C1C505F0.d.061A0ED486FA5E1D87BF2A97C5143DA2.e.290","ELEMENT":"f.DDB2A020B38DABC090658DE2C1C505F0.d.061A0ED486FA5E1D87BF2A97C5143DA2.e.290"}]}
RESULT: {"script":"<script> [8489 bytes]","args":[{"element-6066-11e4-a52e-4f735466cecf":"f.DDB2A020B38DABC090658DE2C1C505F0.d.061A0ED486FA5E1D87BF2A97C5143DA2.e.290","ELEMENT":"f.DDB2A020B38DABC090658DE2C1C505F0.d.061A0ED486FA5E1D87BF2A97C5143DA2.e.290"}]}
COMMAND: GET /session/3ee3b59268b112783f98a37bc72cbb43/element/f.DDB2A020B38DABC090658DE2C1C505F0.d.061A0ED486FA5E1D87BF2A97C5143DA2.e.290/enabled - {}
COMMAND: GET /session/3ee3b59268b112783f98a37bc72cbb43/screenshot - {}
RESULT: {}
COMMAND: POST /session/3ee3b59268b112783f98a37bc72cbb43/execute/sync - {"script":"<script> [8489 bytes]","args":[{"element-6066-11e4-a52e-4f735466cecf":"f.DDB2A020B38DABC090658DE2C1C505F0.d.061A0ED486FA5E1D87BF2A97C5143DA2.e.290","ELEMENT":"f.DDB2A020B38DABC090658DE2C1C505F0.d.061A0ED486FA5E1D87BF2A97C5143DA2.e.290"}]}
COMMAND: GET /session/3ee3b59268b112783f98a37bc72cbb43/screenshot - {}
RESULT: {}
RESULT: {"script":"<script> [8489 bytes]","args":[{"element-6066-11e4-a52e-4f735466cecf":"f.DDB2A020B38DABC090658DE2C1C505F0.d.061A0ED486FA5E1D87BF2A97C5143DA2.e.290","ELEMENT":"f.DDB2A020B38DABC090658DE2C1C505F0.d.061A0ED486FA5E1D87BF2A97C5143DA2.e.290"}]}
COMMAND: POST /session/3ee3b59268b112783f98a37bc72cbb43/execute/sync - {"script":"<script> [5351 bytes]","args":[{"element-6066-11e4-a52e-4f735466cecf":"f.DDB2A020B38DABC090658DE2C1C505F0.d.061A0ED486FA5E1D87BF2A97C5143DA2.e.290","ELEMENT":"f.DDB2A020B38DABC090658DE2C1C505F0.d.061A0ED486FA5E1D87BF2A97C5143DA2.e.290"}]}
COMMAND: GET /session/3ee3b59268b112783f98a37bc72cbb43/screenshot - {}
RESULT: {}
RESULT: {"script":"<script> [5351 bytes]","args":[{"element-6066-11e4-a52e-4f735466cecf":"f.DDB2A020B38DABC090658DE2C1C505F0.d.061A0ED486FA5E1D87BF2A97C5143DA2.e.290","ELEMENT":"f.DDB2A020B38DABC090658DE2C1C505F0.d.061A0ED486FA5E1D87BF2A97C5143DA2.e.290"}]}
COMMAND: POST /session/3ee3b59268b112783f98a37bc72cbb43/element/f.DDB2A020B38DABC090658DE2C1C505F0.d.061A0ED486FA5E1D87BF2A97C5143DA2.e.290/click - {}
COMMAND: GET /session/3ee3b59268b112783f98a37bc72cbb43/screenshot - {}
RESULT: {}
RESULT: {}
COMMAND: GET /session/3ee3b59268b112783f98a37bc72cbb43/screenshot - {}
RESULT: {}
COMMAND: POST /session/3ee3b59268b112783f98a37bc72cbb43/element - {"using":"xpath","value":"//input[@id=\"application-manageyards-display-component---NewYard--yardId-inner\"]"}
RESULT: {}
RESULT: {"using":"xpath","value":"//input[@id=\"application-manageyards-display-component---NewYard--yardId-inner\"]"}
COMMAND: POST /session/3ee3b59268b112783f98a37bc72cbb43/element - {"using":"xpath","value":"//input[@id=\"application-manageyards-display-component---NewYard--yardId-inner\"]"}
RESULT: {"using":"xpath","value":"//input[@id=\"application-manageyards-display-component---NewYard--yardId-inner\"]"}
COMMAND: POST /session/3ee3b59268b112783f98a37bc72cbb43/execute/async - {"script":"<script> [1562 bytes]","args":[{"selector":{"id":"application-manageyards-display-component---NewYard--addressDetailDetailsName1","interaction":{"idSuffix":"inner"}},"wdio_ui5_key":"applicationmanageyards-display-component---NewYard--addressDetailDetailsName1"}]}
RESULT: {"script":"<script> [1562 bytes]","args":[{"selector":{"id":"application-manageyards-display-component---NewYard--addressDetailDetailsName1","interaction":{"idSuffix":"inner"}},"wdio_ui5_key":"applicationmanageyards-display-component---NewYard--addressDetailDetailsName1"}]}
RESULT: undefined
COMMAND: POST /session/3ee3b59268b112783f98a37bc72cbb43/execute/async - {"script":"<script> [776 bytes]","args":[{"enterText":"Intracompany Yard wdIO","selector":{"id":"application-manageyards-display-component---NewYard--addressDetailDetailsName1","interaction":{"idSuffix":"inner"}},"clearTextFirst":true,"interactionType":"ENTER_TEXT"}]}
RESULT: {"script":"<script> [776 bytes]","args":[{"enterText":"Intracompany Yard wdIO","selector":{"id":"application-manageyards-display-component---NewYard--addressDetailDetailsName1","interaction":{"idSuffix":"inner"}},"clearTextFirst":true,"interactionType":"ENTER_TEXT"}]}
COMMAND: POST /session/3ee3b59268b112783f98a37bc72cbb43/execute/async - {"script":"<script> [1562 bytes]","args":[{"selector":{"id":"application-manageyards-display-component---NewYard--addressDetailDetailsLanguage-arrow"},"wdio_ui5_key":"applicationmanageyards-display-component---NewYard--addressDetailDetailsLanguage-arrow"}]}
RESULT: {"script":"<script> [1562 bytes]","args":[{"selector":{"id":"application-manageyards-display-component---NewYard--addressDetailDetailsLanguage-arrow"},"wdio_ui5_key":"applicationmanageyards-display-component---NewYard--addressDetailDetailsLanguage-arrow"}]}
RESULT: undefined
COMMAND: POST /session/3ee3b59268b112783f98a37bc72cbb43/element - {"using":"xpath","value":"//*[@id=\"application-manageyards-display-component---NewYard--addressDetailDetailsLanguage-arrow\"]"}
RESULT: {"using":"xpath","value":"//*[@id=\"application-manageyards-display-component---NewYard--addressDetailDetailsLanguage-arrow\"]"}
COMMAND: POST /session/3ee3b59268b112783f98a37bc72cbb43/element/f.DDB2A020B38DABC090658DE2C1C505F0.d.061A0ED486FA5E1D87BF2A97C5143DA2.e.720/click - {}
RESULT: {}
COMMAND: POST /session/3ee3b59268b112783f98a37bc72cbb43/element - {"using":"xpath","value":"//span[contains(text(), \"English\")]"}
COMMAND: GET /session/3ee3b59268b112783f98a37bc72cbb43/screenshot - {}
RESULT: {"using":"xpath","value":"//span[contains(text(), \"English\")]"}
COMMAND: POST /session/3ee3b59268b112783f98a37bc72cbb43/element/f.DDB2A020B38DABC090658DE2C1C505F0.d.061A0ED486FA5E1D87BF2A97C5143DA2.e.721/click - {}
RESULT: {}
RESULT: {}
COMMAND: POST /session/3ee3b59268b112783f98a37bc72cbb43/execute/async - {"script":"<script> [1562 bytes]","args":[{"selector":{"id":"application-manageyards-display-component---NewYard--addressDetailDetailsCity1","interaction":{"idSuffix":"inner"}},"wdio_ui5_key":"applicationmanageyards-display-component---NewYard--addressDetailDetailsCity1"}]}
COMMAND: GET /session/3ee3b59268b112783f98a37bc72cbb43/screenshot - {}
RESULT: {"script":"<script> [1562 bytes]","args":[{"selector":{"id":"application-manageyards-display-component---NewYard--addressDetailDetailsCity1","interaction":{"idSuffix":"inner"}},"wdio_ui5_key":"applicationmanageyards-display-component---NewYard--addressDetailDetailsCity1"}]}
RESULT: undefined
COMMAND: POST /session/3ee3b59268b112783f98a37bc72cbb43/execute/async - {"script":"<script> [776 bytes]","args":[{"enterText":"Rosario","selector":{"id":"application-manageyards-display-component---NewYard--addressDetailDetailsCity1","interaction":{"idSuffix":"inner"}},"clearTextFirst":true,"interactionType":"ENTER_TEXT"}]}
RESULT: {}
RESULT: {"script":"<script> [776 bytes]","args":[{"enterText":"Rosario","selector":{"id":"application-manageyards-display-component---NewYard--addressDetailDetailsCity1","interaction":{"idSuffix":"inner"}},"clearTextFirst":true,"interactionType":"ENTER_TEXT"}]}
COMMAND: POST /session/3ee3b59268b112783f98a37bc72cbb43/execute/async - {"script":"<script> [1562 bytes]","args":[{"selector":{"id":"application-manageyards-display-component---NewYard--addressDetailDetailsCountry-arrow"},"wdio_ui5_key":"applicationmanageyards-display-component---NewYard--addressDetailDetailsCountry-arrow"}]}
RESULT: {"script":"<script> [1562 bytes]","args":[{"selector":{"id":"application-manageyards-display-component---NewYard--addressDetailDetailsCountry-arrow"},"wdio_ui5_key":"applicationmanageyards-display-component---NewYard--addressDetailDetailsCountry-arrow"}]}
RESULT: undefined
COMMAND: POST /session/3ee3b59268b112783f98a37bc72cbb43/element - {"using":"xpath","value":"//*[@id=\"application-manageyards-display-component---NewYard--addressDetailDetailsCountry-arrow\"]"}
RESULT: {"using":"xpath","value":"//*[@id=\"application-manageyards-display-component---NewYard--addressDetailDetailsCountry-arrow\"]"}
COMMAND: POST /session/3ee3b59268b112783f98a37bc72cbb43/element/f.DDB2A020B38DABC090658DE2C1C505F0.d.061A0ED486FA5E1D87BF2A97C5143DA2.e.723/click - {}
RESULT: {}
COMMAND: POST /session/3ee3b59268b112783f98a37bc72cbb43/element - {"using":"xpath","value":"//span[contains(text(), \"Argentina\")]"}
COMMAND: GET /session/3ee3b59268b112783f98a37bc72cbb43/screenshot - {}
RESULT: {"using":"xpath","value":"//span[contains(text(), \"Argentina\")]"}
COMMAND: POST /session/3ee3b59268b112783f98a37bc72cbb43/element/f.DDB2A020B38DABC090658DE2C1C505F0.d.061A0ED486FA5E1D87BF2A97C5143DA2.e.725/click - {}
RESULT: {}
RESULT: {}
COMMAND: POST /session/3ee3b59268b112783f98a37bc72cbb43/execute/async - {"script":"<script> [1562 bytes]","args":[{"selector":{"id":"application-manageyards-display-component---NewYard--addressEditDetailsCostObjectCstType-arrow"},"wdio_ui5_key":"applicationmanageyards-display-component---NewYard--addressEditDetailsCostObjectCstType-arrow"}]}
COMMAND: GET /session/3ee3b59268b112783f98a37bc72cbb43/screenshot - {}
RESULT: {"script":"<script> [1562 bytes]","args":[{"selector":{"id":"application-manageyards-display-component---NewYard--addressEditDetailsCostObjectCstType-arrow"},"wdio_ui5_key":"applicationmanageyards-display-component---NewYard--addressEditDetailsCostObjectCstType-arrow"}]}
RESULT: undefined
COMMAND: POST /session/3ee3b59268b112783f98a37bc72cbb43/element - {"using":"xpath","value":"//*[@id=\"application-manageyards-display-component---NewYard--addressEditDetailsCostObjectCstType-arrow\"]"}
RESULT: {}
RESULT: {"using":"xpath","value":"//*[@id=\"application-manageyards-display-component---NewYard--addressEditDetailsCostObjectCstType-arrow\"]"}
COMMAND: POST /session/3ee3b59268b112783f98a37bc72cbb43/element/f.DDB2A020B38DABC090658DE2C1C505F0.d.061A0ED486FA5E1D87BF2A97C5143DA2.e.726/click - {}
RESULT: {}
COMMAND: POST /session/3ee3b59268b112783f98a37bc72cbb43/element - {"using":"xpath","value":"//span[contains(text(), \"Cost Center\")]"}
COMMAND: GET /session/3ee3b59268b112783f98a37bc72cbb43/screenshot - {}
RESULT: {"using":"xpath","value":"//span[contains(text(), \"Cost Center\")]"}
COMMAND: POST /session/3ee3b59268b112783f98a37bc72cbb43/element/f.DDB2A020B38DABC090658DE2C1C505F0.d.061A0ED486FA5E1D87BF2A97C5143DA2.e.727/click - {}
RESULT: {}
RESULT: {}
COMMAND: GET /session/3ee3b59268b112783f98a37bc72cbb43/screenshot - {}
RESULT: {}
COMMAND: POST /session/3ee3b59268b112783f98a37bc72cbb43/element - {"using":"xpath","value":"//span[@id=\"application-manageyards-display-component---NewYard--addressNewCostObjectCstID-vhi\"]"}
RESULT: {"using":"xpath","value":"//span[@id=\"application-manageyards-display-component---NewYard--addressNewCostObjectCstID-vhi\"]"}
COMMAND: POST /session/3ee3b59268b112783f98a37bc72cbb43/execute/sync - {"script":"<script> [8489 bytes]","args":[{"element-6066-11e4-a52e-4f735466cecf":"f.DDB2A020B38DABC090658DE2C1C505F0.d.061A0ED486FA5E1D87BF2A97C5143DA2.e.731","ELEMENT":"f.DDB2A020B38DABC090658DE2C1C505F0.d.061A0ED486FA5E1D87BF2A97C5143DA2.e.731"}]}
RESULT: {"script":"<script> [8489 bytes]","args":[{"element-6066-11e4-a52e-4f735466cecf":"f.DDB2A020B38DABC090658DE2C1C505F0.d.061A0ED486FA5E1D87BF2A97C5143DA2.e.731","ELEMENT":"f.DDB2A020B38DABC090658DE2C1C505F0.d.061A0ED486FA5E1D87BF2A97C5143DA2.e.731"}]}
COMMAND: POST /session/3ee3b59268b112783f98a37bc72cbb43/execute/async - {"script":"<script> [1562 bytes]","args":[{"selector":{"id":"application-manageyards-display-component---NewYard--addressNewCostObjectCstID-vhi"},"wdio_ui5_key":"applicationmanageyards-display-component---NewYard--addressNewCostObjectCstID-vhi"}]}
COMMAND: GET /session/3ee3b59268b112783f98a37bc72cbb43/screenshot - {}
RESULT: {"script":"<script> [1562 bytes]","args":[{"selector":{"id":"application-manageyards-display-component---NewYard--addressNewCostObjectCstID-vhi"},"wdio_ui5_key":"applicationmanageyards-display-component---NewYard--addressNewCostObjectCstID-vhi"}]}
RESULT: undefined
COMMAND: POST /session/3ee3b59268b112783f98a37bc72cbb43/element - {"using":"xpath","value":"//*[@id=\"application-manageyards-display-component---NewYard--addressNewCostObjectCstID-vhi\"]"}
RESULT: {}
RESULT: {"using":"xpath","value":"//*[@id=\"application-manageyards-display-component---NewYard--addressNewCostObjectCstID-vhi\"]"}
COMMAND: POST /session/3ee3b59268b112783f98a37bc72cbb43/element/f.DDB2A020B38DABC090658DE2C1C505F0.d.061A0ED486FA5E1D87BF2A97C5143DA2.e.731/click - {}
RESULT: {}
COMMAND: GET /session/3ee3b59268b112783f98a37bc72cbb43/screenshot - {}
RESULT: {}
COMMAND: POST /session/3ee3b59268b112783f98a37bc72cbb43/execute/async - {"script":"<script> [1562 bytes]","args":[{"selector":{"controlType":"sap.m.SearchField","properties":{"placeholder":"Search"},"searchOpenDialogs":true,"interaction":{"idSuffix":"I"}},"wdio_ui5_key":"sapm.SearchField{\"placeholder\":\"Search\"}"}]}
RESULT: {"script":"<script> [1562 bytes]","args":[{"selector":{"controlType":"sap.m.SearchField","properties":{"placeholder":"Search"},"searchOpenDialogs":true,"interaction":{"idSuffix":"I"}},"wdio_ui5_key":"sapm.SearchField{\"placeholder\":\"Search\"}"}]}
RESULT: undefined
COMMAND: POST /session/3ee3b59268b112783f98a37bc72cbb43/execute/async - {"script":"<script> [776 bytes]","args":[{"enterText":"bauh_b","selector":{"controlType":"sap.m.SearchField","properties":{"placeholder":"Search"},"searchOpenDialogs":true,"interaction":{"idSuffix":"I"}},"clearTextFirst":true,"interactionType":"ENTER_TEXT"}]}
RESULT: {"script":"<script> [776 bytes]","args":[{"enterText":"bauh_b","selector":{"controlType":"sap.m.SearchField","properties":{"placeholder":"Search"},"searchOpenDialogs":true,"interaction":{"idSuffix":"I"}},"clearTextFirst":true,"interactionType":"ENTER_TEXT"}]}
COMMAND: POST /session/3ee3b59268b112783f98a37bc72cbb43/actions - {"actions":[{"id":"action1","type":"key","parameters":{},"actions":[{"type":"keyDown","value":"î€‡"},{"type":"pause","duration":10},{"type":"keyUp","value":"î€‡"}]}]}
RESULT: {"actions":[{"id":"action1","type":"key","parameters":{},"actions":[{"type":"keyDown","value":"î€‡"},{"type":"pause","duration":10},{"type":"keyUp","value":"î€‡"}]}]}
COMMAND: GET /session/3ee3b59268b112783f98a37bc72cbb43/screenshot - {}
RESULT: {}
COMMAND: POST /session/3ee3b59268b112783f98a37bc72cbb43/element - {"using":"xpath","value":"//span[contains(text(), \"Demo Yard\")]"}
RESULT: {"using":"xpath","value":"//span[contains(text(), \"Demo Yard\")]"}
COMMAND: POST /session/3ee3b59268b112783f98a37bc72cbb43/element/f.DDB2A020B38DABC090658DE2C1C505F0.d.061A0ED486FA5E1D87BF2A97C5143DA2.e.772/click - {}
RESULT: {}
COMMAND: GET /session/3ee3b59268b112783f98a37bc72cbb43/screenshot - {}
RESULT: {}
COMMAND: POST /session/3ee3b59268b112783f98a37bc72cbb43/element - {"using":"xpath","value":"//bdi[contains(text(), \"OK\")]"}
RESULT: {"using":"xpath","value":"//bdi[contains(text(), \"OK\")]"}
COMMAND: POST /session/3ee3b59268b112783f98a37bc72cbb43/element/f.DDB2A020B38DABC090658DE2C1C505F0.d.061A0ED486FA5E1D87BF2A97C5143DA2.e.773/click - {}
RESULT: {}
COMMAND: GET /session/3ee3b59268b112783f98a37bc72cbb43/screenshot - {}
RESULT: {}
COMMAND: POST /session/3ee3b59268b112783f98a37bc72cbb43/execute/async - {"script":"<script> [1562 bytes]","args":[{"selector":{"id":"application-manageyards-display-component---NewYard--addressEditDetailsCurrency-arrow"},"wdio_ui5_key":"applicationmanageyards-display-component---NewYard--addressEditDetailsCurrency-arrow"}]}
RESULT: {"script":"<script> [1562 bytes]","args":[{"selector":{"id":"application-manageyards-display-component---NewYard--addressEditDetailsCurrency-arrow"},"wdio_ui5_key":"applicationmanageyards-display-component---NewYard--addressEditDetailsCurrency-arrow"}]}
RESULT: undefined
COMMAND: POST /session/3ee3b59268b112783f98a37bc72cbb43/element - {"using":"xpath","value":"//*[@id=\"application-manageyards-display-component---NewYard--addressEditDetailsCurrency-arrow\"]"}
RESULT: {"using":"xpath","value":"//*[@id=\"application-manageyards-display-component---NewYard--addressEditDetailsCurrency-arrow\"]"}
COMMAND: POST /session/3ee3b59268b112783f98a37bc72cbb43/element/f.DDB2A020B38DABC090658DE2C1C505F0.d.061A0ED486FA5E1D87BF2A97C5143DA2.e.776/click - {}
RESULT: {}
COMMAND: POST /session/3ee3b59268b112783f98a37bc72cbb43/element - {"using":"xpath","value":"//span[contains(text(), \"Euro\")]"}
COMMAND: GET /session/3ee3b59268b112783f98a37bc72cbb43/screenshot - {}
RESULT: {"using":"xpath","value":"//span[contains(text(), \"Euro\")]"}
COMMAND: POST /session/3ee3b59268b112783f98a37bc72cbb43/element/f.DDB2A020B38DABC090658DE2C1C505F0.d.061A0ED486FA5E1D87BF2A97C5143DA2.e.777/click - {}
RESULT: {}
RESULT: {}
COMMAND: POST /session/3ee3b59268b112783f98a37bc72cbb43/execute/async - {"script":"<script> [1562 bytes]","args":[{"selector":{"controlType":"sap.m.Input","viewName":"etm.portal.ui.manageyards.view.New","viewId":"application-manageyards-display-component---NewYard","bindingPath":{"path":"","propertyPath":"/CONTROLLING_AREA","modelName":"NewYardModel"},"interaction":{"idSuffix":"inner"}},"wdio_ui5_key":"etmportal.ui.manageyards.view.Newsap.m.Input{\"path\":\"\",\"propertyPath\":\"/CONTROLLING_AREA\",\"modelName\":\"NewYardModel\"}"}]}
COMMAND: GET /session/3ee3b59268b112783f98a37bc72cbb43/screenshot - {}
RESULT: {"script":"<script> [1562 bytes]","args":[{"selector":{"controlType":"sap.m.Input","viewName":"etm.portal.ui.manageyards.view.New","viewId":"application-manageyards-display-component---NewYard","bindingPath":{"path":"","propertyPath":"/CONTROLLING_AREA","modelName":"NewYardModel"},"interaction":{"idSuffix":"inner"}},"wdio_ui5_key":"etmportal.ui.manageyards.view.Newsap.m.Input{\"path\":\"\",\"propertyPath\":\"/CONTROLLING_AREA\",\"modelName\":\"NewYardModel\"}"}]}
RESULT: undefined
COMMAND: POST /session/3ee3b59268b112783f98a37bc72cbb43/execute/async - {"script":"<script> [776 bytes]","args":[{"enterText":"Z001","selector":{"controlType":"sap.m.Input","viewName":"etm.portal.ui.manageyards.view.New","viewId":"application-manageyards-display-component---NewYard","bindingPath":{"path":"","propertyPath":"/CONTROLLING_AREA","modelName":"NewYardModel"},"interaction":{"idSuffix":"inner"}},"clearTextFirst":true,"interactionType":"ENTER_TEXT"}]}
RESULT: {}
RESULT: {"script":"<script> [776 bytes]","args":[{"enterText":"Z001","selector":{"controlType":"sap.m.Input","viewName":"etm.portal.ui.manageyards.view.New","viewId":"application-manageyards-display-component---NewYard","bindingPath":{"path":"","propertyPath":"/CONTROLLING_AREA","modelName":"NewYardModel"},"interaction":{"idSuffix":"inner"}},"clearTextFirst":true,"interactionType":"ENTER_TEXT"}]}
COMMAND: POST /session/3ee3b59268b112783f98a37bc72cbb43/execute/async - {"script":"<script> [1562 bytes]","args":[{"selector":{"id":"application-manageyards-display-component---NewYard--companyCodeComboBox","interaction":{"idSuffix":"inner"}},"wdio_ui5_key":"applicationmanageyards-display-component---NewYard--companyCodeComboBox"}]}
RESULT: {"script":"<script> [1562 bytes]","args":[{"selector":{"id":"application-manageyards-display-component---NewYard--companyCodeComboBox","interaction":{"idSuffix":"inner"}},"wdio_ui5_key":"applicationmanageyards-display-component---NewYard--companyCodeComboBox"}]}
RESULT: undefined
COMMAND: POST /session/3ee3b59268b112783f98a37bc72cbb43/execute/async - {"script":"<script> [776 bytes]","args":[{"enterText":"1000","selector":{"id":"application-manageyards-display-component---NewYard--companyCodeComboBox","interaction":{"idSuffix":"inner"}},"clearTextFirst":true,"interactionType":"ENTER_TEXT"}]}
RESULT: {"script":"<script> [776 bytes]","args":[{"enterText":"1000","selector":{"id":"application-manageyards-display-component---NewYard--companyCodeComboBox","interaction":{"idSuffix":"inner"}},"clearTextFirst":true,"interactionType":"ENTER_TEXT"}]}
COMMAND: POST /session/3ee3b59268b112783f98a37bc72cbb43/execute/async - {"script":"<script> [1562 bytes]","args":[{"selector":{"controlType":"sap.m.Input","viewName":"etm.portal.ui.manageyards.view.New","viewId":"application-manageyards-display-component---NewYard","bindingPath":{"path":"","propertyPath":"/PLANT","modelName":"NewYardModel"},"interaction":{"idSuffix":"inner"}},"wdio_ui5_key":"etmportal.ui.manageyards.view.Newsap.m.Input{\"path\":\"\",\"propertyPath\":\"/PLANT\",\"modelName\":\"NewYardModel\"}"}]}
RESULT: {"script":"<script> [1562 bytes]","args":[{"selector":{"controlType":"sap.m.Input","viewName":"etm.portal.ui.manageyards.view.New","viewId":"application-manageyards-display-component---NewYard","bindingPath":{"path":"","propertyPath":"/PLANT","modelName":"NewYardModel"},"interaction":{"idSuffix":"inner"}},"wdio_ui5_key":"etmportal.ui.manageyards.view.Newsap.m.Input{\"path\":\"\",\"propertyPath\":\"/PLANT\",\"modelName\":\"NewYardModel\"}"}]}
RESULT: undefined
COMMAND: POST /session/3ee3b59268b112783f98a37bc72cbb43/execute/async - {"script":"<script> [776 bytes]","args":[{"enterText":"1001","selector":{"controlType":"sap.m.Input","viewName":"etm.portal.ui.manageyards.view.New","viewId":"application-manageyards-display-component---NewYard","bindingPath":{"path":"","propertyPath":"/PLANT","modelName":"NewYardModel"},"interaction":{"idSuffix":"inner"}},"clearTextFirst":true,"interactionType":"ENTER_TEXT"}]}
RESULT: {"script":"<script> [776 bytes]","args":[{"enterText":"1001","selector":{"controlType":"sap.m.Input","viewName":"etm.portal.ui.manageyards.view.New","viewId":"application-manageyards-display-component---NewYard","bindingPath":{"path":"","propertyPath":"/PLANT","modelName":"NewYardModel"},"interaction":{"idSuffix":"inner"}},"clearTextFirst":true,"interactionType":"ENTER_TEXT"}]}
COMMAND: POST /session/3ee3b59268b112783f98a37bc72cbb43/execute/async - {"script":"<script> [1562 bytes]","args":[{"selector":{"controlType":"sap.m.Input","viewName":"etm.portal.ui.manageyards.view.New","viewId":"application-manageyards-display-component---NewYard","bindingPath":{"path":"","propertyPath":"/SALES_AREA_VKORG","modelName":"NewYardModel"},"interaction":{"idSuffix":"inner"}},"wdio_ui5_key":"etmportal.ui.manageyards.view.Newsap.m.Input{\"path\":\"\",\"propertyPath\":\"/SALES_AREA_VKORG\",\"modelName\":\"NewYardModel\"}"}]}
RESULT: {"script":"<script> [1562 bytes]","args":[{"selector":{"controlType":"sap.m.Input","viewName":"etm.portal.ui.manageyards.view.New","viewId":"application-manageyards-display-component---NewYard","bindingPath":{"path":"","propertyPath":"/SALES_AREA_VKORG","modelName":"NewYardModel"},"interaction":{"idSuffix":"inner"}},"wdio_ui5_key":"etmportal.ui.manageyards.view.Newsap.m.Input{\"path\":\"\",\"propertyPath\":\"/SALES_AREA_VKORG\",\"modelName\":\"NewYardModel\"}"}]}
RESULT: undefined
COMMAND: POST /session/3ee3b59268b112783f98a37bc72cbb43/execute/async - {"script":"<script> [776 bytes]","args":[{"enterText":"C002","selector":{"controlType":"sap.m.Input","viewName":"etm.portal.ui.manageyards.view.New","viewId":"application-manageyards-display-component---NewYard","bindingPath":{"path":"","propertyPath":"/SALES_AREA_VKORG","modelName":"NewYardModel"},"interaction":{"idSuffix":"inner"}},"clearTextFirst":true,"interactionType":"ENTER_TEXT"}]}
RESULT: {"script":"<script> [776 bytes]","args":[{"enterText":"C002","selector":{"controlType":"sap.m.Input","viewName":"etm.portal.ui.manageyards.view.New","viewId":"application-manageyards-display-component---NewYard","bindingPath":{"path":"","propertyPath":"/SALES_AREA_VKORG","modelName":"NewYardModel"},"interaction":{"idSuffix":"inner"}},"clearTextFirst":true,"interactionType":"ENTER_TEXT"}]}
COMMAND: POST /session/3ee3b59268b112783f98a37bc72cbb43/execute/async - {"script":"<script> [1562 bytes]","args":[{"selector":{"controlType":"sap.m.Input","viewName":"etm.portal.ui.manageyards.view.New","viewId":"application-manageyards-display-component---NewYard","bindingPath":{"path":"","propertyPath":"/SALES_AREA_VTWEG","modelName":"NewYardModel"},"interaction":{"idSuffix":"inner"}},"wdio_ui5_key":"etmportal.ui.manageyards.view.Newsap.m.Input{\"path\":\"\",\"propertyPath\":\"/SALES_AREA_VTWEG\",\"modelName\":\"NewYardModel\"}"}]}
RESULT: {"script":"<script> [1562 bytes]","args":[{"selector":{"controlType":"sap.m.Input","viewName":"etm.portal.ui.manageyards.view.New","viewId":"application-manageyards-display-component---NewYard","bindingPath":{"path":"","propertyPath":"/SALES_AREA_VTWEG","modelName":"NewYardModel"},"interaction":{"idSuffix":"inner"}},"wdio_ui5_key":"etmportal.ui.manageyards.view.Newsap.m.Input{\"path\":\"\",\"propertyPath\":\"/SALES_AREA_VTWEG\",\"modelName\":\"NewYardModel\"}"}]}
RESULT: undefined
COMMAND: POST /session/3ee3b59268b112783f98a37bc72cbb43/execute/async - {"script":"<script> [776 bytes]","args":[{"enterText":"C2","selector":{"controlType":"sap.m.Input","viewName":"etm.portal.ui.manageyards.view.New","viewId":"application-manageyards-display-component---NewYard","bindingPath":{"path":"","propertyPath":"/SALES_AREA_VTWEG","modelName":"NewYardModel"},"interaction":{"idSuffix":"inner"}},"clearTextFirst":true,"interactionType":"ENTER_TEXT"}]}
RESULT: {"script":"<script> [776 bytes]","args":[{"enterText":"C2","selector":{"controlType":"sap.m.Input","viewName":"etm.portal.ui.manageyards.view.New","viewId":"application-manageyards-display-component---NewYard","bindingPath":{"path":"","propertyPath":"/SALES_AREA_VTWEG","modelName":"NewYardModel"},"interaction":{"idSuffix":"inner"}},"clearTextFirst":true,"interactionType":"ENTER_TEXT"}]}
COMMAND: POST /session/3ee3b59268b112783f98a37bc72cbb43/execute/async - {"script":"<script> [1562 bytes]","args":[{"selector":{"controlType":"sap.m.Input","viewName":"etm.portal.ui.manageyards.view.New","viewId":"application-manageyards-display-component---NewYard","bindingPath":{"path":"","propertyPath":"/SALES_AREA_SPART","modelName":"NewYardModel"},"interaction":{"idSuffix":"inner"}},"wdio_ui5_key":"etmportal.ui.manageyards.view.Newsap.m.Input{\"path\":\"\",\"propertyPath\":\"/SALES_AREA_SPART\",\"modelName\":\"NewYardModel\"}"}]}
RESULT: {"script":"<script> [1562 bytes]","args":[{"selector":{"controlType":"sap.m.Input","viewName":"etm.portal.ui.manageyards.view.New","viewId":"application-manageyards-display-component---NewYard","bindingPath":{"path":"","propertyPath":"/SALES_AREA_SPART","modelName":"NewYardModel"},"interaction":{"idSuffix":"inner"}},"wdio_ui5_key":"etmportal.ui.manageyards.view.Newsap.m.Input{\"path\":\"\",\"propertyPath\":\"/SALES_AREA_SPART\",\"modelName\":\"NewYardModel\"}"}]}
RESULT: undefined
COMMAND: POST /session/3ee3b59268b112783f98a37bc72cbb43/execute/async - {"script":"<script> [776 bytes]","args":[{"enterText":"C2","selector":{"controlType":"sap.m.Input","viewName":"etm.portal.ui.manageyards.view.New","viewId":"application-manageyards-display-component---NewYard","bindingPath":{"path":"","propertyPath":"/SALES_AREA_SPART","modelName":"NewYardModel"},"interaction":{"idSuffix":"inner"}},"clearTextFirst":true,"interactionType":"ENTER_TEXT"}]}
RESULT: {"script":"<script> [776 bytes]","args":[{"enterText":"C2","selector":{"controlType":"sap.m.Input","viewName":"etm.portal.ui.manageyards.view.New","viewId":"application-manageyards-display-component---NewYard","bindingPath":{"path":"","propertyPath":"/SALES_AREA_SPART","modelName":"NewYardModel"},"interaction":{"idSuffix":"inner"}},"clearTextFirst":true,"interactionType":"ENTER_TEXT"}]}
COMMAND: POST /session/3ee3b59268b112783f98a37bc72cbb43/execute/async - {"script":"<script> [1562 bytes]","args":[{"selector":{"controlType":"sap.m.Input","viewName":"etm.portal.ui.manageyards.view.New","viewId":"application-manageyards-display-component---NewYard","bindingPath":{"path":"","propertyPath":"/SHIP_POINT","modelName":"NewYardModel"},"interaction":{"idSuffix":"inner"}},"wdio_ui5_key":"etmportal.ui.manageyards.view.Newsap.m.Input{\"path\":\"\",\"propertyPath\":\"/SHIP_POINT\",\"modelName\":\"NewYardModel\"}"}]}
RESULT: {"script":"<script> [1562 bytes]","args":[{"selector":{"controlType":"sap.m.Input","viewName":"etm.portal.ui.manageyards.view.New","viewId":"application-manageyards-display-component---NewYard","bindingPath":{"path":"","propertyPath":"/SHIP_POINT","modelName":"NewYardModel"},"interaction":{"idSuffix":"inner"}},"wdio_ui5_key":"etmportal.ui.manageyards.view.Newsap.m.Input{\"path\":\"\",\"propertyPath\":\"/SHIP_POINT\",\"modelName\":\"NewYardModel\"}"}]}
RESULT: undefined
COMMAND: POST /session/3ee3b59268b112783f98a37bc72cbb43/execute/async - {"script":"<script> [776 bytes]","args":[{"enterText":"1710","selector":{"controlType":"sap.m.Input","viewName":"etm.portal.ui.manageyards.view.New","viewId":"application-manageyards-display-component---NewYard","bindingPath":{"path":"","propertyPath":"/SHIP_POINT","modelName":"NewYardModel"},"interaction":{"idSuffix":"inner"}},"clearTextFirst":true,"interactionType":"ENTER_TEXT"}]}
RESULT: {"script":"<script> [776 bytes]","args":[{"enterText":"1710","selector":{"controlType":"sap.m.Input","viewName":"etm.portal.ui.manageyards.view.New","viewId":"application-manageyards-display-component---NewYard","bindingPath":{"path":"","propertyPath":"/SHIP_POINT","modelName":"NewYardModel"},"interaction":{"idSuffix":"inner"}},"clearTextFirst":true,"interactionType":"ENTER_TEXT"}]}
COMMAND: POST /session/3ee3b59268b112783f98a37bc72cbb43/execute/async - {"script":"<script> [1562 bytes]","args":[{"selector":{"controlType":"sap.m.Input","viewName":"etm.portal.ui.manageyards.view.New","viewId":"application-manageyards-display-component---NewYard","bindingPath":{"path":"","propertyPath":"/DELIVERY_TYPE","modelName":"NewYardModel"},"interaction":{"idSuffix":"inner"}},"wdio_ui5_key":"etmportal.ui.manageyards.view.Newsap.m.Input{\"path\":\"\",\"propertyPath\":\"/DELIVERY_TYPE\",\"modelName\":\"NewYardModel\"}"}]}
RESULT: {"script":"<script> [1562 bytes]","args":[{"selector":{"controlType":"sap.m.Input","viewName":"etm.portal.ui.manageyards.view.New","viewId":"application-manageyards-display-component---NewYard","bindingPath":{"path":"","propertyPath":"/DELIVERY_TYPE","modelName":"NewYardModel"},"interaction":{"idSuffix":"inner"}},"wdio_ui5_key":"etmportal.ui.manageyards.view.Newsap.m.Input{\"path\":\"\",\"propertyPath\":\"/DELIVERY_TYPE\",\"modelName\":\"NewYardModel\"}"}]}
RESULT: undefined
COMMAND: POST /session/3ee3b59268b112783f98a37bc72cbb43/execute/async - {"script":"<script> [776 bytes]","args":[{"enterText":"ZL01","selector":{"controlType":"sap.m.Input","viewName":"etm.portal.ui.manageyards.view.New","viewId":"application-manageyards-display-component---NewYard","bindingPath":{"path":"","propertyPath":"/DELIVERY_TYPE","modelName":"NewYardModel"},"interaction":{"idSuffix":"inner"}},"clearTextFirst":true,"interactionType":"ENTER_TEXT"}]}
RESULT: {"script":"<script> [776 bytes]","args":[{"enterText":"ZL01","selector":{"controlType":"sap.m.Input","viewName":"etm.portal.ui.manageyards.view.New","viewId":"application-manageyards-display-component---NewYard","bindingPath":{"path":"","propertyPath":"/DELIVERY_TYPE","modelName":"NewYardModel"},"interaction":{"idSuffix":"inner"}},"clearTextFirst":true,"interactionType":"ENTER_TEXT"}]}
COMMAND: POST /session/3ee3b59268b112783f98a37bc72cbb43/execute/async - {"script":"<script> [1562 bytes]","args":[{"selector":{"controlType":"sap.m.Input","viewName":"etm.portal.ui.manageyards.view.New","viewId":"application-manageyards-display-component---NewYard","bindingPath":{"path":"","propertyPath":"/AUART","modelName":"NewYardModel"},"interaction":{"idSuffix":"inner"}},"wdio_ui5_key":"etmportal.ui.manageyards.view.Newsap.m.Input{\"path\":\"\",\"propertyPath\":\"/AUART\",\"modelName\":\"NewYardModel\"}"}]}
RESULT: {"script":"<script> [1562 bytes]","args":[{"selector":{"controlType":"sap.m.Input","viewName":"etm.portal.ui.manageyards.view.New","viewId":"application-manageyards-display-component---NewYard","bindingPath":{"path":"","propertyPath":"/AUART","modelName":"NewYardModel"},"interaction":{"idSuffix":"inner"}},"wdio_ui5_key":"etmportal.ui.manageyards.view.Newsap.m.Input{\"path\":\"\",\"propertyPath\":\"/AUART\",\"modelName\":\"NewYardModel\"}"}]}
RESULT: undefined
COMMAND: POST /session/3ee3b59268b112783f98a37bc72cbb43/execute/async - {"script":"<script> [776 bytes]","args":[{"enterText":"TA","selector":{"controlType":"sap.m.Input","viewName":"etm.portal.ui.manageyards.view.New","viewId":"application-manageyards-display-component---NewYard","bindingPath":{"path":"","propertyPath":"/AUART","modelName":"NewYardModel"},"interaction":{"idSuffix":"inner"}},"clearTextFirst":true,"interactionType":"ENTER_TEXT"}]}
RESULT: {"script":"<script> [776 bytes]","args":[{"enterText":"TA","selector":{"controlType":"sap.m.Input","viewName":"etm.portal.ui.manageyards.view.New","viewId":"application-manageyards-display-component---NewYard","bindingPath":{"path":"","propertyPath":"/AUART","modelName":"NewYardModel"},"interaction":{"idSuffix":"inner"}},"clearTextFirst":true,"interactionType":"ENTER_TEXT"}]}
COMMAND: POST /session/3ee3b59268b112783f98a37bc72cbb43/element - {"using":"xpath","value":"//button[@data-kt=\"newYardSaveButton\"]"}
RESULT: {"using":"xpath","value":"//button[@data-kt=\"newYardSaveButton\"]"}
COMMAND: POST /session/3ee3b59268b112783f98a37bc72cbb43/element/f.DDB2A020B38DABC090658DE2C1C505F0.d.061A0ED486FA5E1D87BF2A97C5143DA2.e.704/click - {}
RESULT: {}
COMMAND: GET /session/3ee3b59268b112783f98a37bc72cbb43/screenshot - {}
RESULT: {}
COMMAND: POST /session/3ee3b59268b112783f98a37bc72cbb43/element - {"using":"xpath","value":"//header[contains(@id, 'ObjectPageLayout-headerTitle')]/div[1]/div[2]/div[1]/span[1]"}
RESULT: {"using":"xpath","value":"//header[contains(@id, 'ObjectPageLayout-headerTitle')]/div[1]/div[2]/div[1]/span[1]"}
COMMAND: POST /session/3ee3b59268b112783f98a37bc72cbb43/elements - {"using":"xpath","value":"//header[contains(@id, 'ObjectPageLayout-headerTitle')]/div[1]/div[2]/div[1]/span[1]"}
RESULT: {"using":"xpath","value":"//header[contains(@id, 'ObjectPageLayout-headerTitle')]/div[1]/div[2]/div[1]/span[1]"}
COMMAND: POST /session/3ee3b59268b112783f98a37bc72cbb43/execute/sync - {"script":"<script> [56 bytes]","args":[{"element-6066-11e4-a52e-4f735466cecf":"f.DDB2A020B38DABC090658DE2C1C505F0.d.061A0ED486FA5E1D87BF2A97C5143DA2.e.1003","ELEMENT":"f.DDB2A020B38DABC090658DE2C1C505F0.d.061A0ED486FA5E1D87BF2A97C5143DA2.e.1003"}]}
RESULT: {"script":"<script> [56 bytes]","args":[{"element-6066-11e4-a52e-4f735466cecf":"f.DDB2A020B38DABC090658DE2C1C505F0.d.061A0ED486FA5E1D87BF2A97C5143DA2.e.1003","ELEMENT":"f.DDB2A020B38DABC090658DE2C1C505F0.d.061A0ED486FA5E1D87BF2A97C5143DA2.e.1003"}]}
COMMAND: GET /session/3ee3b59268b112783f98a37bc72cbb43/screenshot - {}
RESULT: {}
COMMAND: POST /session/3ee3b59268b112783f98a37bc72cbb43/element - {"using":"css selector","value":"#shell-header-logo"}
RESULT: {"using":"css selector","value":"#shell-header-logo"}
COMMAND: POST /session/3ee3b59268b112783f98a37bc72cbb43/element/f.DDB2A020B38DABC090658DE2C1C505F0.d.061A0ED486FA5E1D87BF2A97C5143DA2.e.259/click - {}
RESULT: {}
COMMAND: GET /session/3ee3b59268b112783f98a37bc72cbb43/screenshot - {}
RESULT: {}
COMMAND: POST /session/3ee3b59268b112783f98a37bc72cbb43/execute/sync - {"script":"<script> [299 bytes]","args":[["getModel","getResource"]]}
RESULT: {"script":"<script> [299 bytes]","args":[["getModel","getResource"]]}
]]></system-out>
    </testcase>
    <testcase classname="chrome.137_0_7151_56.windows.Billing_confirm_US117289" name="Should create a new partner" time="146.969">
      <system-out><![CDATA[
COMMAND: GET /session/3ee3b59268b112783f98a37bc72cbb43/screenshot - {}
COMMAND: POST /session/3ee3b59268b112783f98a37bc72cbb43/window/fullscreen - {}
RESULT: {}
COMMAND: POST /session/3ee3b59268b112783f98a37bc72cbb43/execute/async - {"script":"<script> [1562 bytes]","args":[{"selector":{"controlType":"sap.m.GenericTile","properties":{"header":"Manage Partners"}},"wdio_ui5_key":"sapm.GenericTile{\"header\":\"Manage Partners\"}"}]}
RESULT: {}
RESULT: {"script":"<script> [1562 bytes]","args":[{"selector":{"controlType":"sap.m.GenericTile","properties":{"header":"Manage Partners"}},"wdio_ui5_key":"sapm.GenericTile{\"header\":\"Manage Partners\"}"}]}
RESULT: undefined
COMMAND: POST /session/3ee3b59268b112783f98a37bc72cbb43/element - {"using":"xpath","value":"//*[@id=\"__tile38\"]"}
RESULT: {"using":"xpath","value":"//*[@id=\"__tile38\"]"}
COMMAND: POST /session/3ee3b59268b112783f98a37bc72cbb43/element/f.DDB2A020B38DABC090658DE2C1C505F0.d.061A0ED486FA5E1D87BF2A97C5143DA2.e.158/click - {}
RESULT: {}
COMMAND: GET /session/3ee3b59268b112783f98a37bc72cbb43/screenshot - {}
RESULT: {}
COMMAND: POST /session/3ee3b59268b112783f98a37bc72cbb43/elements - {"using":"xpath","value":"//span[text()='Error']"}
RESULT: {"using":"xpath","value":"//span[text()='Error']"}
COMMAND: POST /session/3ee3b59268b112783f98a37bc72cbb43/element - {"using":"xpath","value":"//button[@data-kt=\"addButton\"]"}
RESULT: {"using":"xpath","value":"//button[@data-kt=\"addButton\"]"}
COMMAND: POST /session/3ee3b59268b112783f98a37bc72cbb43/elements - {"using":"xpath","value":"//button[@data-kt=\"addButton\"]"}
RESULT: {"using":"xpath","value":"//button[@data-kt=\"addButton\"]"}
COMMAND: POST /session/3ee3b59268b112783f98a37bc72cbb43/execute/sync - {"script":"<script> [8489 bytes]","args":[{"element-6066-11e4-a52e-4f735466cecf":"f.DDB2A020B38DABC090658DE2C1C505F0.d.061A0ED486FA5E1D87BF2A97C5143DA2.e.1052","ELEMENT":"f.DDB2A020B38DABC090658DE2C1C505F0.d.061A0ED486FA5E1D87BF2A97C5143DA2.e.1052"}]}
RESULT: {"script":"<script> [8489 bytes]","args":[{"element-6066-11e4-a52e-4f735466cecf":"f.DDB2A020B38DABC090658DE2C1C505F0.d.061A0ED486FA5E1D87BF2A97C5143DA2.e.1052","ELEMENT":"f.DDB2A020B38DABC090658DE2C1C505F0.d.061A0ED486FA5E1D87BF2A97C5143DA2.e.1052"}]}
COMMAND: GET /session/3ee3b59268b112783f98a37bc72cbb43/element/f.DDB2A020B38DABC090658DE2C1C505F0.d.061A0ED486FA5E1D87BF2A97C5143DA2.e.1052/enabled - {}
COMMAND: GET /session/3ee3b59268b112783f98a37bc72cbb43/screenshot - {}
RESULT: {}
COMMAND: POST /session/3ee3b59268b112783f98a37bc72cbb43/execute/sync - {"script":"<script> [8489 bytes]","args":[{"element-6066-11e4-a52e-4f735466cecf":"f.DDB2A020B38DABC090658DE2C1C505F0.d.061A0ED486FA5E1D87BF2A97C5143DA2.e.1052","ELEMENT":"f.DDB2A020B38DABC090658DE2C1C505F0.d.061A0ED486FA5E1D87BF2A97C5143DA2.e.1052"}]}
COMMAND: GET /session/3ee3b59268b112783f98a37bc72cbb43/screenshot - {}
RESULT: {}
RESULT: {"script":"<script> [8489 bytes]","args":[{"element-6066-11e4-a52e-4f735466cecf":"f.DDB2A020B38DABC090658DE2C1C505F0.d.061A0ED486FA5E1D87BF2A97C5143DA2.e.1052","ELEMENT":"f.DDB2A020B38DABC090658DE2C1C505F0.d.061A0ED486FA5E1D87BF2A97C5143DA2.e.1052"}]}
COMMAND: POST /session/3ee3b59268b112783f98a37bc72cbb43/execute/sync - {"script":"<script> [5351 bytes]","args":[{"element-6066-11e4-a52e-4f735466cecf":"f.DDB2A020B38DABC090658DE2C1C505F0.d.061A0ED486FA5E1D87BF2A97C5143DA2.e.1052","ELEMENT":"f.DDB2A020B38DABC090658DE2C1C505F0.d.061A0ED486FA5E1D87BF2A97C5143DA2.e.1052"}]}
COMMAND: GET /session/3ee3b59268b112783f98a37bc72cbb43/screenshot - {}
RESULT: {}
RESULT: {"script":"<script> [5351 bytes]","args":[{"element-6066-11e4-a52e-4f735466cecf":"f.DDB2A020B38DABC090658DE2C1C505F0.d.061A0ED486FA5E1D87BF2A97C5143DA2.e.1052","ELEMENT":"f.DDB2A020B38DABC090658DE2C1C505F0.d.061A0ED486FA5E1D87BF2A97C5143DA2.e.1052"}]}
COMMAND: POST /session/3ee3b59268b112783f98a37bc72cbb43/element/f.DDB2A020B38DABC090658DE2C1C505F0.d.061A0ED486FA5E1D87BF2A97C5143DA2.e.1052/click - {}
COMMAND: GET /session/3ee3b59268b112783f98a37bc72cbb43/screenshot - {}
RESULT: {}
RESULT: {}
COMMAND: GET /session/3ee3b59268b112783f98a37bc72cbb43/screenshot - {}
RESULT: {}
RESULT: {}
COMMAND: POST /session/3ee3b59268b112783f98a37bc72cbb43/execute/async - {"script":"<script> [1562 bytes]","args":[{"selector":{"id":"application-managepartners-display-component---NewPartner--addressDetailDetailsName1","interaction":{"idSuffix":"inner"}},"wdio_ui5_key":"applicationmanagepartners-display-component---NewPartner--addressDetailDetailsName1"}]}
RESULT: {"script":"<script> [1562 bytes]","args":[{"selector":{"id":"application-managepartners-display-component---NewPartner--addressDetailDetailsName1","interaction":{"idSuffix":"inner"}},"wdio_ui5_key":"applicationmanagepartners-display-component---NewPartner--addressDetailDetailsName1"}]}
RESULT: undefined
COMMAND: POST /session/3ee3b59268b112783f98a37bc72cbb43/execute/async - {"script":"<script> [776 bytes]","args":[{"enterText":"Intracompany Partner WDIO","selector":{"id":"application-managepartners-display-component---NewPartner--addressDetailDetailsName1","interaction":{"idSuffix":"inner"}},"clearTextFirst":true,"interactionType":"ENTER_TEXT"}]}
RESULT: {"script":"<script> [776 bytes]","args":[{"enterText":"Intracompany Partner WDIO","selector":{"id":"application-managepartners-display-component---NewPartner--addressDetailDetailsName1","interaction":{"idSuffix":"inner"}},"clearTextFirst":true,"interactionType":"ENTER_TEXT"}]}
COMMAND: POST /session/3ee3b59268b112783f98a37bc72cbb43/execute/async - {"script":"<script> [1562 bytes]","args":[{"selector":{"id":"application-managepartners-display-component---NewPartner--addressDetailDetailsLanguage-arrow"},"wdio_ui5_key":"applicationmanagepartners-display-component---NewPartner--addressDetailDetailsLanguage-arrow"}]}
RESULT: {"script":"<script> [1562 bytes]","args":[{"selector":{"id":"application-managepartners-display-component---NewPartner--addressDetailDetailsLanguage-arrow"},"wdio_ui5_key":"applicationmanagepartners-display-component---NewPartner--addressDetailDetailsLanguage-arrow"}]}
RESULT: undefined
COMMAND: POST /session/3ee3b59268b112783f98a37bc72cbb43/element - {"using":"xpath","value":"//*[@id=\"application-managepartners-display-component---NewPartner--addressDetailDetailsLanguage-arrow\"]"}
RESULT: {"using":"xpath","value":"//*[@id=\"application-managepartners-display-component---NewPartner--addressDetailDetailsLanguage-arrow\"]"}
COMMAND: POST /session/3ee3b59268b112783f98a37bc72cbb43/element/f.DDB2A020B38DABC090658DE2C1C505F0.d.061A0ED486FA5E1D87BF2A97C5143DA2.e.1471/click - {}
RESULT: {}
COMMAND: POST /session/3ee3b59268b112783f98a37bc72cbb43/element - {"using":"xpath","value":"//span[contains(text(), \"English\")]"}
COMMAND: GET /session/3ee3b59268b112783f98a37bc72cbb43/screenshot - {}
RESULT: {"using":"xpath","value":"//span[contains(text(), \"English\")]"}
COMMAND: POST /session/3ee3b59268b112783f98a37bc72cbb43/element/f.DDB2A020B38DABC090658DE2C1C505F0.d.061A0ED486FA5E1D87BF2A97C5143DA2.e.1472/click - {}
RESULT: {}
RESULT: {}
COMMAND: GET /session/3ee3b59268b112783f98a37bc72cbb43/screenshot - {}
RESULT: {}
COMMAND: POST /session/3ee3b59268b112783f98a37bc72cbb43/execute/async - {"script":"<script> [1562 bytes]","args":[{"selector":{"id":"application-managepartners-display-component---NewPartner--addressDetailDetailsCity1","interaction":{"idSuffix":"inner"}},"wdio_ui5_key":"applicationmanagepartners-display-component---NewPartner--addressDetailDetailsCity1"}]}
RESULT: {"script":"<script> [1562 bytes]","args":[{"selector":{"id":"application-managepartners-display-component---NewPartner--addressDetailDetailsCity1","interaction":{"idSuffix":"inner"}},"wdio_ui5_key":"applicationmanagepartners-display-component---NewPartner--addressDetailDetailsCity1"}]}
RESULT: undefined
COMMAND: POST /session/3ee3b59268b112783f98a37bc72cbb43/execute/async - {"script":"<script> [776 bytes]","args":[{"enterText":"Rosario","selector":{"id":"application-managepartners-display-component---NewPartner--addressDetailDetailsCity1","interaction":{"idSuffix":"inner"}},"clearTextFirst":true,"interactionType":"ENTER_TEXT"}]}
RESULT: {"script":"<script> [776 bytes]","args":[{"enterText":"Rosario","selector":{"id":"application-managepartners-display-component---NewPartner--addressDetailDetailsCity1","interaction":{"idSuffix":"inner"}},"clearTextFirst":true,"interactionType":"ENTER_TEXT"}]}
COMMAND: POST /session/3ee3b59268b112783f98a37bc72cbb43/execute/async - {"script":"<script> [1562 bytes]","args":[{"selector":{"id":"application-managepartners-display-component---NewPartner--addressDetailDetailsCountry-arrow"},"wdio_ui5_key":"applicationmanagepartners-display-component---NewPartner--addressDetailDetailsCountry-arrow"}]}
RESULT: {"script":"<script> [1562 bytes]","args":[{"selector":{"id":"application-managepartners-display-component---NewPartner--addressDetailDetailsCountry-arrow"},"wdio_ui5_key":"applicationmanagepartners-display-component---NewPartner--addressDetailDetailsCountry-arrow"}]}
RESULT: undefined
COMMAND: POST /session/3ee3b59268b112783f98a37bc72cbb43/element - {"using":"xpath","value":"//*[@id=\"application-managepartners-display-component---NewPartner--addressDetailDetailsCountry-arrow\"]"}
RESULT: {"using":"xpath","value":"//*[@id=\"application-managepartners-display-component---NewPartner--addressDetailDetailsCountry-arrow\"]"}
COMMAND: POST /session/3ee3b59268b112783f98a37bc72cbb43/element/f.DDB2A020B38DABC090658DE2C1C505F0.d.061A0ED486FA5E1D87BF2A97C5143DA2.e.1446/click - {}
RESULT: {}
COMMAND: POST /session/3ee3b59268b112783f98a37bc72cbb43/element - {"using":"xpath","value":"//span[contains(text(), \"Argentina\")]"}
COMMAND: GET /session/3ee3b59268b112783f98a37bc72cbb43/screenshot - {}
RESULT: {"using":"xpath","value":"//span[contains(text(), \"Argentina\")]"}
COMMAND: POST /session/3ee3b59268b112783f98a37bc72cbb43/element/f.DDB2A020B38DABC090658DE2C1C505F0.d.061A0ED486FA5E1D87BF2A97C5143DA2.e.1474/click - {}
RESULT: {}
RESULT: {}
COMMAND: GET /session/3ee3b59268b112783f98a37bc72cbb43/screenshot - {}
RESULT: {}
COMMAND: POST /session/3ee3b59268b112783f98a37bc72cbb43/element - {"using":"xpath","value":"//bdi[contains(text(), \"Commercial\")]"}
RESULT: {"using":"xpath","value":"//bdi[contains(text(), \"Commercial\")]"}
COMMAND: POST /session/3ee3b59268b112783f98a37bc72cbb43/element/f.DDB2A020B38DABC090658DE2C1C505F0.d.061A0ED486FA5E1D87BF2A97C5143DA2.e.1475/click - {}
RESULT: {}
COMMAND: GET /session/3ee3b59268b112783f98a37bc72cbb43/screenshot - {}
RESULT: {}
COMMAND: POST /session/3ee3b59268b112783f98a37bc72cbb43/execute/async - {"script":"<script> [1562 bytes]","args":[{"selector":{"id":"application-managepartners-display-component---NewPartner--partnerDetailInternal-arrow"},"wdio_ui5_key":"applicationmanagepartners-display-component---NewPartner--partnerDetailInternal-arrow"}]}
RESULT: {"script":"<script> [1562 bytes]","args":[{"selector":{"id":"application-managepartners-display-component---NewPartner--partnerDetailInternal-arrow"},"wdio_ui5_key":"applicationmanagepartners-display-component---NewPartner--partnerDetailInternal-arrow"}]}
RESULT: undefined
COMMAND: POST /session/3ee3b59268b112783f98a37bc72cbb43/element - {"using":"xpath","value":"//*[@id=\"application-managepartners-display-component---NewPartner--partnerDetailInternal-arrow\"]"}
RESULT: {"using":"xpath","value":"//*[@id=\"application-managepartners-display-component---NewPartner--partnerDetailInternal-arrow\"]"}
COMMAND: POST /session/3ee3b59268b112783f98a37bc72cbb43/element/f.DDB2A020B38DABC090658DE2C1C505F0.d.061A0ED486FA5E1D87BF2A97C5143DA2.e.1481/click - {}
RESULT: {}
COMMAND: POST /session/3ee3b59268b112783f98a37bc72cbb43/element - {"using":"xpath","value":"//span[contains(text(), \"Affiliated company\")]"}
COMMAND: GET /session/3ee3b59268b112783f98a37bc72cbb43/screenshot - {}
RESULT: {"using":"xpath","value":"//span[contains(text(), \"Affiliated company\")]"}
COMMAND: POST /session/3ee3b59268b112783f98a37bc72cbb43/element/f.DDB2A020B38DABC090658DE2C1C505F0.d.061A0ED486FA5E1D87BF2A97C5143DA2.e.1482/click - {}
RESULT: {}
RESULT: {}
COMMAND: POST /session/3ee3b59268b112783f98a37bc72cbb43/execute/async - {"script":"<script> [1562 bytes]","args":[{"selector":{"id":"application-managepartners-display-component---NewPartner--partnerDetailsCurrency-arrow"},"wdio_ui5_key":"applicationmanagepartners-display-component---NewPartner--partnerDetailsCurrency-arrow"}]}
COMMAND: GET /session/3ee3b59268b112783f98a37bc72cbb43/screenshot - {}
RESULT: {"script":"<script> [1562 bytes]","args":[{"selector":{"id":"application-managepartners-display-component---NewPartner--partnerDetailsCurrency-arrow"},"wdio_ui5_key":"applicationmanagepartners-display-component---NewPartner--partnerDetailsCurrency-arrow"}]}
RESULT: undefined
COMMAND: POST /session/3ee3b59268b112783f98a37bc72cbb43/element - {"using":"xpath","value":"//*[@id=\"application-managepartners-display-component---NewPartner--partnerDetailsCurrency-arrow\"]"}
RESULT: {}
RESULT: {"using":"xpath","value":"//*[@id=\"application-managepartners-display-component---NewPartner--partnerDetailsCurrency-arrow\"]"}
COMMAND: POST /session/3ee3b59268b112783f98a37bc72cbb43/element/f.DDB2A020B38DABC090658DE2C1C505F0.d.061A0ED486FA5E1D87BF2A97C5143DA2.e.1489/click - {}
RESULT: {}
COMMAND: POST /session/3ee3b59268b112783f98a37bc72cbb43/element - {"using":"xpath","value":"//span[contains(text(), \"Euro\")]"}
COMMAND: GET /session/3ee3b59268b112783f98a37bc72cbb43/screenshot - {}
RESULT: {"using":"xpath","value":"//span[contains(text(), \"Euro\")]"}
COMMAND: POST /session/3ee3b59268b112783f98a37bc72cbb43/element/f.DDB2A020B38DABC090658DE2C1C505F0.d.061A0ED486FA5E1D87BF2A97C5143DA2.e.1490/click - {}
RESULT: {}
RESULT: {}
COMMAND: POST /session/3ee3b59268b112783f98a37bc72cbb43/execute/async - {"script":"<script> [1562 bytes]","args":[{"selector":{"id":"application-managepartners-display-component---NewPartner--addressEditDetailsCostObjectCstType-arrow"},"wdio_ui5_key":"applicationmanagepartners-display-component---NewPartner--addressEditDetailsCostObjectCstType-arrow"}]}
COMMAND: GET /session/3ee3b59268b112783f98a37bc72cbb43/screenshot - {}
RESULT: {"script":"<script> [1562 bytes]","args":[{"selector":{"id":"application-managepartners-display-component---NewPartner--addressEditDetailsCostObjectCstType-arrow"},"wdio_ui5_key":"applicationmanagepartners-display-component---NewPartner--addressEditDetailsCostObjectCstType-arrow"}]}
RESULT: undefined
COMMAND: POST /session/3ee3b59268b112783f98a37bc72cbb43/element - {"using":"xpath","value":"//*[@id=\"application-managepartners-display-component---NewPartner--addressEditDetailsCostObjectCstType-arrow\"]"}
RESULT: {}
RESULT: {"using":"xpath","value":"//*[@id=\"application-managepartners-display-component---NewPartner--addressEditDetailsCostObjectCstType-arrow\"]"}
COMMAND: POST /session/3ee3b59268b112783f98a37bc72cbb43/element/f.DDB2A020B38DABC090658DE2C1C505F0.d.061A0ED486FA5E1D87BF2A97C5143DA2.e.1491/click - {}
RESULT: {}
COMMAND: POST /session/3ee3b59268b112783f98a37bc72cbb43/element - {"using":"xpath","value":"//span[contains(text(), \"Cost Center\")]"}
COMMAND: GET /session/3ee3b59268b112783f98a37bc72cbb43/screenshot - {}
RESULT: {"using":"xpath","value":"//span[contains(text(), \"Cost Center\")]"}
COMMAND: POST /session/3ee3b59268b112783f98a37bc72cbb43/element/f.DDB2A020B38DABC090658DE2C1C505F0.d.061A0ED486FA5E1D87BF2A97C5143DA2.e.1492/click - {}
RESULT: {}
RESULT: {}
COMMAND: GET /session/3ee3b59268b112783f98a37bc72cbb43/screenshot - {}
RESULT: {}
COMMAND: POST /session/3ee3b59268b112783f98a37bc72cbb43/element - {"using":"xpath","value":"//span[@id=\"application-managepartners-display-component---NewPartner--addressNewCostObjectCstID-vhi\"]"}
RESULT: {"using":"xpath","value":"//span[@id=\"application-managepartners-display-component---NewPartner--addressNewCostObjectCstID-vhi\"]"}
COMMAND: POST /session/3ee3b59268b112783f98a37bc72cbb43/execute/sync - {"script":"<script> [8489 bytes]","args":[{"element-6066-11e4-a52e-4f735466cecf":"f.DDB2A020B38DABC090658DE2C1C505F0.d.061A0ED486FA5E1D87BF2A97C5143DA2.e.1496","ELEMENT":"f.DDB2A020B38DABC090658DE2C1C505F0.d.061A0ED486FA5E1D87BF2A97C5143DA2.e.1496"}]}
RESULT: {"script":"<script> [8489 bytes]","args":[{"element-6066-11e4-a52e-4f735466cecf":"f.DDB2A020B38DABC090658DE2C1C505F0.d.061A0ED486FA5E1D87BF2A97C5143DA2.e.1496","ELEMENT":"f.DDB2A020B38DABC090658DE2C1C505F0.d.061A0ED486FA5E1D87BF2A97C5143DA2.e.1496"}]}
COMMAND: POST /session/3ee3b59268b112783f98a37bc72cbb43/execute/async - {"script":"<script> [1562 bytes]","args":[{"selector":{"id":"application-managepartners-display-component---NewPartner--addressNewCostObjectCstID-vhi"},"wdio_ui5_key":"applicationmanagepartners-display-component---NewPartner--addressNewCostObjectCstID-vhi"}]}
COMMAND: GET /session/3ee3b59268b112783f98a37bc72cbb43/screenshot - {}
RESULT: {"script":"<script> [1562 bytes]","args":[{"selector":{"id":"application-managepartners-display-component---NewPartner--addressNewCostObjectCstID-vhi"},"wdio_ui5_key":"applicationmanagepartners-display-component---NewPartner--addressNewCostObjectCstID-vhi"}]}
RESULT: undefined
COMMAND: POST /session/3ee3b59268b112783f98a37bc72cbb43/element - {"using":"xpath","value":"//*[@id=\"application-managepartners-display-component---NewPartner--addressNewCostObjectCstID-vhi\"]"}
RESULT: {}
RESULT: {"using":"xpath","value":"//*[@id=\"application-managepartners-display-component---NewPartner--addressNewCostObjectCstID-vhi\"]"}
COMMAND: POST /session/3ee3b59268b112783f98a37bc72cbb43/element/f.DDB2A020B38DABC090658DE2C1C505F0.d.061A0ED486FA5E1D87BF2A97C5143DA2.e.1496/click - {}
RESULT: {}
COMMAND: GET /session/3ee3b59268b112783f98a37bc72cbb43/screenshot - {}
RESULT: {}
RESULT: undefined
COMMAND: POST /session/3ee3b59268b112783f98a37bc72cbb43/execute/async - {"script":"<script> [776 bytes]","args":[{"enterText":"10001013","selector":{"controlType":"sap.m.SearchField","properties":{"placeholder":"Search"},"searchOpenDialogs":true,"interaction":{"idSuffix":"I"}},"clearTextFirst":true,"interactionType":"ENTER_TEXT"}]}
RESULT: {"script":"<script> [776 bytes]","args":[{"enterText":"10001013","selector":{"controlType":"sap.m.SearchField","properties":{"placeholder":"Search"},"searchOpenDialogs":true,"interaction":{"idSuffix":"I"}},"clearTextFirst":true,"interactionType":"ENTER_TEXT"}]}
COMMAND: POST /session/3ee3b59268b112783f98a37bc72cbb43/actions - {"actions":[{"id":"action2","type":"key","parameters":{},"actions":[{"type":"keyDown","value":"î€‡"},{"type":"pause","duration":10},{"type":"keyUp","value":"î€‡"}]}]}
RESULT: {"actions":[{"id":"action2","type":"key","parameters":{},"actions":[{"type":"keyDown","value":"î€‡"},{"type":"pause","duration":10},{"type":"keyUp","value":"î€‡"}]}]}
COMMAND: GET /session/3ee3b59268b112783f98a37bc72cbb43/screenshot - {}
RESULT: {}
COMMAND: POST /session/3ee3b59268b112783f98a37bc72cbb43/element - {"using":"xpath","value":"//span[contains(text(), \"General Management\")]"}
RESULT: {"using":"xpath","value":"//span[contains(text(), \"General Management\")]"}
COMMAND: POST /session/3ee3b59268b112783f98a37bc72cbb43/element/f.DDB2A020B38DABC090658DE2C1C505F0.d.061A0ED486FA5E1D87BF2A97C5143DA2.e.1534/click - {}
RESULT: {}
COMMAND: GET /session/3ee3b59268b112783f98a37bc72cbb43/screenshot - {}
RESULT: {}
COMMAND: POST /session/3ee3b59268b112783f98a37bc72cbb43/element - {"using":"xpath","value":"//bdi[contains(text(), \"OK\")]"}
RESULT: {"using":"xpath","value":"//bdi[contains(text(), \"OK\")]"}
COMMAND: POST /session/3ee3b59268b112783f98a37bc72cbb43/element/f.DDB2A020B38DABC090658DE2C1C505F0.d.061A0ED486FA5E1D87BF2A97C5143DA2.e.1535/click - {}
RESULT: {}
COMMAND: GET /session/3ee3b59268b112783f98a37bc72cbb43/screenshot - {}
RESULT: {}
COMMAND: POST /session/3ee3b59268b112783f98a37bc72cbb43/element - {"using":"xpath","value":"//input[@id=\"application-managepartners-display-component---NewPartner--companyCodeComboBox-inner\"]"}
RESULT: {"using":"xpath","value":"//input[@id=\"application-managepartners-display-component---NewPartner--companyCodeComboBox-inner\"]"}
COMMAND: POST /session/3ee3b59268b112783f98a37bc72cbb43/element/f.DDB2A020B38DABC090658DE2C1C505F0.d.061A0ED486FA5E1D87BF2A97C5143DA2.e.1378/clear - {}
RESULT: {}
COMMAND: POST /session/3ee3b59268b112783f98a37bc72cbb43/element/f.DDB2A020B38DABC090658DE2C1C505F0.d.061A0ED486FA5E1D87BF2A97C5143DA2.e.1378/value - {"text":"1000"}
COMMAND: GET /session/3ee3b59268b112783f98a37bc72cbb43/screenshot - {}
RESULT: {"text":"1000"}
COMMAND: GET /session/3ee3b59268b112783f98a37bc72cbb43/screenshot - {}
RESULT: {}
RESULT: {}
COMMAND: POST /session/3ee3b59268b112783f98a37bc72cbb43/element - {"using":"xpath","value":"//li[.//span[text()= \"1000\"]]"}
RESULT: {"using":"xpath","value":"//li[.//span[text()= \"1000\"]]"}
COMMAND: POST /session/3ee3b59268b112783f98a37bc72cbb43/element/f.DDB2A020B38DABC090658DE2C1C505F0.d.061A0ED486FA5E1D87BF2A97C5143DA2.e.1541/click - {}
RESULT: {}
COMMAND: GET /session/3ee3b59268b112783f98a37bc72cbb43/screenshot - {}
RESULT: {}
COMMAND: POST /session/3ee3b59268b112783f98a37bc72cbb43/execute/async - {"script":"<script> [1562 bytes]","args":[{"selector":{"id":"application-managepartners-display-component---NewPartner--btnAddTableRow-img"},"wdio_ui5_key":"applicationmanagepartners-display-component---NewPartner--btnAddTableRow-img"}]}
RESULT: {"script":"<script> [1562 bytes]","args":[{"selector":{"id":"application-managepartners-display-component---NewPartner--btnAddTableRow-img"},"wdio_ui5_key":"applicationmanagepartners-display-component---NewPartner--btnAddTableRow-img"}]}
RESULT: undefined
COMMAND: POST /session/3ee3b59268b112783f98a37bc72cbb43/element - {"using":"xpath","value":"//*[@id=\"application-managepartners-display-component---NewPartner--btnAddTableRow-img\"]"}
RESULT: {"using":"xpath","value":"//*[@id=\"application-managepartners-display-component---NewPartner--btnAddTableRow-img\"]"}
COMMAND: POST /session/3ee3b59268b112783f98a37bc72cbb43/element/f.DDB2A020B38DABC090658DE2C1C505F0.d.061A0ED486FA5E1D87BF2A97C5143DA2.e.1542/click - {}
RESULT: {}
COMMAND: GET /session/3ee3b59268b112783f98a37bc72cbb43/screenshot - {}
RESULT: {}
COMMAND: POST /session/3ee3b59268b112783f98a37bc72cbb43/element - {"using":"xpath","value":"//input[@id=\"application-managepartners-display-component---NewPartner--assignmentYard-application-managepartners-display-component---NewPartner--assignmentsTable-0-inner\"]"}
RESULT: {"using":"xpath","value":"//input[@id=\"application-managepartners-display-component---NewPartner--assignmentYard-application-managepartners-display-component---NewPartner--assignmentsTable-0-inner\"]"}
COMMAND: POST /session/3ee3b59268b112783f98a37bc72cbb43/element/f.DDB2A020B38DABC090658DE2C1C505F0.d.061A0ED486FA5E1D87BF2A97C5143DA2.e.1545/clear - {}
RESULT: {}
COMMAND: POST /session/3ee3b59268b112783f98a37bc72cbb43/element/f.DDB2A020B38DABC090658DE2C1C505F0.d.061A0ED486FA5E1D87BF2A97C5143DA2.e.1545/value - {"text":"662"}
COMMAND: GET /session/3ee3b59268b112783f98a37bc72cbb43/screenshot - {}
RESULT: {"text":"662"}
COMMAND: GET /session/3ee3b59268b112783f98a37bc72cbb43/screenshot - {}
RESULT: {}
RESULT: {}
COMMAND: POST /session/3ee3b59268b112783f98a37bc72cbb43/element - {"using":"xpath","value":"//li[.//span[text()='662']]"}
RESULT: {"using":"xpath","value":"//li[.//span[text()='662']]"}
COMMAND: POST /session/3ee3b59268b112783f98a37bc72cbb43/element/f.DDB2A020B38DABC090658DE2C1C505F0.d.061A0ED486FA5E1D87BF2A97C5143DA2.e.1554/click - {}
RESULT: {}
COMMAND: GET /session/3ee3b59268b112783f98a37bc72cbb43/screenshot - {}
RESULT: {}
COMMAND: POST /session/3ee3b59268b112783f98a37bc72cbb43/actions - {"actions":[{"id":"action3","type":"key","parameters":{},"actions":[{"type":"keyDown","value":"î€‡"},{"type":"pause","duration":10},{"type":"keyUp","value":"î€‡"}]}]}
RESULT: {"actions":[{"id":"action3","type":"key","parameters":{},"actions":[{"type":"keyDown","value":"î€‡"},{"type":"pause","duration":10},{"type":"keyUp","value":"î€‡"}]}]}
COMMAND: POST /session/3ee3b59268b112783f98a37bc72cbb43/execute/async - {"script":"<script> [1562 bytes]","args":[{"selector":{"id":"application-managepartners-display-component---NewPartner--externalCustomerComboBox-application-managepartners-display-component---NewPartner--assignmentsTable-0-vhi"},"wdio_ui5_key":"applicationmanagepartners-display-component---NewPartner--externalCustomerComboBox-application-managepartners-display-component---NewPartner--assignmentsTable-0-vhi"}]}
COMMAND: GET /session/3ee3b59268b112783f98a37bc72cbb43/screenshot - {}
RESULT: {"script":"<script> [1562 bytes]","args":[{"selector":{"id":"application-managepartners-display-component---NewPartner--externalCustomerComboBox-application-managepartners-display-component---NewPartner--assignmentsTable-0-vhi"},"wdio_ui5_key":"applicationmanagepartners-display-component---NewPartner--externalCustomerComboBox-application-managepartners-display-component---NewPartner--assignmentsTable-0-vhi"}]}
RESULT: undefined
COMMAND: POST /session/3ee3b59268b112783f98a37bc72cbb43/element - {"using":"xpath","value":"//*[@id=\"application-managepartners-display-component---NewPartner--externalCustomerComboBox-application-managepartners-display-component---NewPartner--assignmentsTable-0-vhi\"]"}
RESULT: {}
RESULT: {"using":"xpath","value":"//*[@id=\"application-managepartners-display-component---NewPartner--externalCustomerComboBox-application-managepartners-display-component---NewPartner--assignmentsTable-0-vhi\"]"}
COMMAND: POST /session/3ee3b59268b112783f98a37bc72cbb43/element/f.DDB2A020B38DABC090658DE2C1C505F0.d.061A0ED486FA5E1D87BF2A97C5143DA2.e.1558/click - {}
RESULT: {}
RESULT: undefined
COMMAND: POST /session/3ee3b59268b112783f98a37bc72cbb43/execute/async - {"script":"<script> [776 bytes]","args":[{"enterText":"300003","selector":{"controlType":"sap.m.SearchField","properties":{"placeholder":"Search"},"searchOpenDialogs":true,"interaction":{"idSuffix":"I"}},"clearTextFirst":true,"interactionType":"ENTER_TEXT"}]}
COMMAND: GET /session/3ee3b59268b112783f98a37bc72cbb43/screenshot - {}
RESULT: {"script":"<script> [776 bytes]","args":[{"enterText":"300003","selector":{"controlType":"sap.m.SearchField","properties":{"placeholder":"Search"},"searchOpenDialogs":true,"interaction":{"idSuffix":"I"}},"clearTextFirst":true,"interactionType":"ENTER_TEXT"}]}
COMMAND: POST /session/3ee3b59268b112783f98a37bc72cbb43/actions - {"actions":[{"id":"action4","type":"key","parameters":{},"actions":[{"type":"keyDown","value":"î€‡"},{"type":"pause","duration":10},{"type":"keyUp","value":"î€‡"}]}]}
RESULT: {}
RESULT: {"actions":[{"id":"action4","type":"key","parameters":{},"actions":[{"type":"keyDown","value":"î€‡"},{"type":"pause","duration":10},{"type":"keyUp","value":"î€‡"}]}]}
COMMAND: GET /session/3ee3b59268b112783f98a37bc72cbb43/screenshot - {}
RESULT: {}
COMMAND: POST /session/3ee3b59268b112783f98a37bc72cbb43/element - {"using":"xpath","value":"//span[contains(text(), \"300003\")]"}
RESULT: {"using":"xpath","value":"//span[contains(text(), \"300003\")]"}
COMMAND: POST /session/3ee3b59268b112783f98a37bc72cbb43/element/f.DDB2A020B38DABC090658DE2C1C505F0.d.061A0ED486FA5E1D87BF2A97C5143DA2.e.1576/click - {}
RESULT: {}
COMMAND: GET /session/3ee3b59268b112783f98a37bc72cbb43/screenshot - {}
RESULT: {}
COMMAND: POST /session/3ee3b59268b112783f98a37bc72cbb43/element - {"using":"xpath","value":"//bdi[contains(text(), \"OK\")]"}
RESULT: {"using":"xpath","value":"//bdi[contains(text(), \"OK\")]"}
COMMAND: POST /session/3ee3b59268b112783f98a37bc72cbb43/element/f.DDB2A020B38DABC090658DE2C1C505F0.d.061A0ED486FA5E1D87BF2A97C5143DA2.e.1578/click - {}
RESULT: {}
COMMAND: GET /session/3ee3b59268b112783f98a37bc72cbb43/screenshot - {}
RESULT: {}
COMMAND: POST /session/3ee3b59268b112783f98a37bc72cbb43/execute/async - {"script":"<script> [1562 bytes]","args":[{"selector":{"id":"application-managepartners-display-component---NewPartner--intercompVendorComboBox-application-managepartners-display-component---NewPartner--assignmentsTable-0-vhi"},"wdio_ui5_key":"applicationmanagepartners-display-component---NewPartner--intercompVendorComboBox-application-managepartners-display-component---NewPartner--assignmentsTable-0-vhi"}]}
RESULT: {"script":"<script> [1562 bytes]","args":[{"selector":{"id":"application-managepartners-display-component---NewPartner--intercompVendorComboBox-application-managepartners-display-component---NewPartner--assignmentsTable-0-vhi"},"wdio_ui5_key":"applicationmanagepartners-display-component---NewPartner--intercompVendorComboBox-application-managepartners-display-component---NewPartner--assignmentsTable-0-vhi"}]}
RESULT: undefined
COMMAND: POST /session/3ee3b59268b112783f98a37bc72cbb43/element - {"using":"xpath","value":"//*[@id=\"application-managepartners-display-component---NewPartner--intercompVendorComboBox-application-managepartners-display-component---NewPartner--assignmentsTable-0-vhi\"]"}
RESULT: {"using":"xpath","value":"//*[@id=\"application-managepartners-display-component---NewPartner--intercompVendorComboBox-application-managepartners-display-component---NewPartner--assignmentsTable-0-vhi\"]"}
COMMAND: POST /session/3ee3b59268b112783f98a37bc72cbb43/element/f.DDB2A020B38DABC090658DE2C1C505F0.d.061A0ED486FA5E1D87BF2A97C5143DA2.e.1581/click - {}
RESULT: {}
RESULT: undefined
COMMAND: POST /session/3ee3b59268b112783f98a37bc72cbb43/execute/async - {"script":"<script> [776 bytes]","args":[{"enterText":"100005","selector":{"controlType":"sap.m.SearchField","properties":{"placeholder":"Search"},"searchOpenDialogs":true,"interaction":{"idSuffix":"I"}},"clearTextFirst":true,"interactionType":"ENTER_TEXT"}]}
COMMAND: GET /session/3ee3b59268b112783f98a37bc72cbb43/screenshot - {}
RESULT: {"script":"<script> [776 bytes]","args":[{"enterText":"100005","selector":{"controlType":"sap.m.SearchField","properties":{"placeholder":"Search"},"searchOpenDialogs":true,"interaction":{"idSuffix":"I"}},"clearTextFirst":true,"interactionType":"ENTER_TEXT"}]}
COMMAND: POST /session/3ee3b59268b112783f98a37bc72cbb43/actions - {"actions":[{"id":"action5","type":"key","parameters":{},"actions":[{"type":"keyDown","value":"î€‡"},{"type":"pause","duration":10},{"type":"keyUp","value":"î€‡"}]}]}
RESULT: {}
RESULT: {"actions":[{"id":"action5","type":"key","parameters":{},"actions":[{"type":"keyDown","value":"î€‡"},{"type":"pause","duration":10},{"type":"keyUp","value":"î€‡"}]}]}
COMMAND: GET /session/3ee3b59268b112783f98a37bc72cbb43/screenshot - {}
RESULT: {}
COMMAND: POST /session/3ee3b59268b112783f98a37bc72cbb43/element - {"using":"xpath","value":"//span[contains(text(), \"Penguins - Field/12345 Berlin\")]"}
RESULT: {"using":"xpath","value":"//span[contains(text(), \"Penguins - Field/12345 Berlin\")]"}
COMMAND: POST /session/3ee3b59268b112783f98a37bc72cbb43/element/f.DDB2A020B38DABC090658DE2C1C505F0.d.061A0ED486FA5E1D87BF2A97C5143DA2.e.1599/click - {}
RESULT: {}
COMMAND: GET /session/3ee3b59268b112783f98a37bc72cbb43/screenshot - {}
RESULT: {}
COMMAND: POST /session/3ee3b59268b112783f98a37bc72cbb43/element - {"using":"xpath","value":"//bdi[contains(text(), \"OK\")]"}
RESULT: {"using":"xpath","value":"//bdi[contains(text(), \"OK\")]"}
COMMAND: POST /session/3ee3b59268b112783f98a37bc72cbb43/element/f.DDB2A020B38DABC090658DE2C1C505F0.d.061A0ED486FA5E1D87BF2A97C5143DA2.e.1600/click - {}
RESULT: {}
COMMAND: GET /session/3ee3b59268b112783f98a37bc72cbb43/screenshot - {}
RESULT: {}
COMMAND: POST /session/3ee3b59268b112783f98a37bc72cbb43/element - {"using":"xpath","value":"//button[@data-kt=\"saveButton\"]"}
RESULT: {"using":"xpath","value":"//button[@data-kt=\"saveButton\"]"}
COMMAND: POST /session/3ee3b59268b112783f98a37bc72cbb43/element/f.DDB2A020B38DABC090658DE2C1C505F0.d.061A0ED486FA5E1D87BF2A97C5143DA2.e.1448/click - {}
RESULT: {}
COMMAND: GET /session/3ee3b59268b112783f98a37bc72cbb43/screenshot - {}
RESULT: {}
COMMAND: POST /session/3ee3b59268b112783f98a37bc72cbb43/element - {"using":"xpath","value":"//header[contains(@id, 'ObjectPageLayout-headerTitle')]/div[1]/div[2]/div[2]/span[1]"}
RESULT: {"using":"xpath","value":"//header[contains(@id, 'ObjectPageLayout-headerTitle')]/div[1]/div[2]/div[2]/span[1]"}
COMMAND: POST /session/3ee3b59268b112783f98a37bc72cbb43/elements - {"using":"xpath","value":"//header[contains(@id, 'ObjectPageLayout-headerTitle')]/div[1]/div[2]/div[2]/span[1]"}
RESULT: {"using":"xpath","value":"//header[contains(@id, 'ObjectPageLayout-headerTitle')]/div[1]/div[2]/div[2]/span[1]"}
COMMAND: POST /session/3ee3b59268b112783f98a37bc72cbb43/execute/sync - {"script":"<script> [56 bytes]","args":[{"element-6066-11e4-a52e-4f735466cecf":"f.DDB2A020B38DABC090658DE2C1C505F0.d.061A0ED486FA5E1D87BF2A97C5143DA2.e.1765","ELEMENT":"f.DDB2A020B38DABC090658DE2C1C505F0.d.061A0ED486FA5E1D87BF2A97C5143DA2.e.1765"}]}
RESULT: {"script":"<script> [56 bytes]","args":[{"element-6066-11e4-a52e-4f735466cecf":"f.DDB2A020B38DABC090658DE2C1C505F0.d.061A0ED486FA5E1D87BF2A97C5143DA2.e.1765","ELEMENT":"f.DDB2A020B38DABC090658DE2C1C505F0.d.061A0ED486FA5E1D87BF2A97C5143DA2.e.1765"}]}
COMMAND: POST /session/3ee3b59268b112783f98a37bc72cbb43/element - {"using":"css selector","value":"#shell-header-logo"}
COMMAND: GET /session/3ee3b59268b112783f98a37bc72cbb43/screenshot - {}
RESULT: {"using":"css selector","value":"#shell-header-logo"}
COMMAND: POST /session/3ee3b59268b112783f98a37bc72cbb43/element/f.DDB2A020B38DABC090658DE2C1C505F0.d.061A0ED486FA5E1D87BF2A97C5143DA2.e.1008/click - {}
RESULT: {}
RESULT: {}
COMMAND: GET /session/3ee3b59268b112783f98a37bc72cbb43/screenshot - {}
RESULT: {}
COMMAND: POST /session/3ee3b59268b112783f98a37bc72cbb43/execute/sync - {"script":"<script> [299 bytes]","args":[["getModel","getResource"]]}
RESULT: {"script":"<script> [299 bytes]","args":[["getModel","getResource"]]}
COMMAND: GET /session/3ee3b59268b112783f98a37bc72cbb43/screenshot - {}
]]></system-out>
    </testcase>
    <testcase classname="chrome.137_0_7151_56.windows.Billing_confirm_US117289" name="Should create a new site" time="157.09">
      <system-out><![CDATA[
COMMAND: POST /session/3ee3b59268b112783f98a37bc72cbb43/execute/async - {"script":"<script> [1562 bytes]","args":[{"selector":{"controlType":"sap.m.GenericTile","properties":{"header":"Manage Sites"}},"wdio_ui5_key":"sapm.GenericTile{\"header\":\"Manage Sites\"}"}]}
RESULT: {}
RESULT: {"script":"<script> [1562 bytes]","args":[{"selector":{"controlType":"sap.m.GenericTile","properties":{"header":"Manage Sites"}},"wdio_ui5_key":"sapm.GenericTile{\"header\":\"Manage Sites\"}"}]}
RESULT: undefined
COMMAND: POST /session/3ee3b59268b112783f98a37bc72cbb43/element - {"using":"xpath","value":"//*[@id=\"__tile40\"]"}
RESULT: {"using":"xpath","value":"//*[@id=\"__tile40\"]"}
COMMAND: POST /session/3ee3b59268b112783f98a37bc72cbb43/element/f.DDB2A020B38DABC090658DE2C1C505F0.d.061A0ED486FA5E1D87BF2A97C5143DA2.e.164/click - {}
RESULT: {}
COMMAND: GET /session/3ee3b59268b112783f98a37bc72cbb43/screenshot - {}
RESULT: {}
COMMAND: POST /session/3ee3b59268b112783f98a37bc72cbb43/elements - {"using":"xpath","value":"//span[text()='Error']"}
RESULT: {"using":"xpath","value":"//span[text()='Error']"}
COMMAND: POST /session/3ee3b59268b112783f98a37bc72cbb43/element - {"using":"xpath","value":"//button[@data-kt=\"addOverflowToolbarButton\"]"}
RESULT: {"using":"xpath","value":"//button[@data-kt=\"addOverflowToolbarButton\"]"}
COMMAND: POST /session/3ee3b59268b112783f98a37bc72cbb43/elements - {"using":"xpath","value":"//button[@data-kt=\"addOverflowToolbarButton\"]"}
RESULT: {"using":"xpath","value":"//button[@data-kt=\"addOverflowToolbarButton\"]"}
COMMAND: POST /session/3ee3b59268b112783f98a37bc72cbb43/execute/sync - {"script":"<script> [8489 bytes]","args":[{"element-6066-11e4-a52e-4f735466cecf":"f.DDB2A020B38DABC090658DE2C1C505F0.d.061A0ED486FA5E1D87BF2A97C5143DA2.e.1814","ELEMENT":"f.DDB2A020B38DABC090658DE2C1C505F0.d.061A0ED486FA5E1D87BF2A97C5143DA2.e.1814"}]}
RESULT: {"script":"<script> [8489 bytes]","args":[{"element-6066-11e4-a52e-4f735466cecf":"f.DDB2A020B38DABC090658DE2C1C505F0.d.061A0ED486FA5E1D87BF2A97C5143DA2.e.1814","ELEMENT":"f.DDB2A020B38DABC090658DE2C1C505F0.d.061A0ED486FA5E1D87BF2A97C5143DA2.e.1814"}]}
COMMAND: GET /session/3ee3b59268b112783f98a37bc72cbb43/element/f.DDB2A020B38DABC090658DE2C1C505F0.d.061A0ED486FA5E1D87BF2A97C5143DA2.e.1814/enabled - {}
COMMAND: GET /session/3ee3b59268b112783f98a37bc72cbb43/screenshot - {}
RESULT: {}
COMMAND: POST /session/3ee3b59268b112783f98a37bc72cbb43/execute/sync - {"script":"<script> [8489 bytes]","args":[{"element-6066-11e4-a52e-4f735466cecf":"f.DDB2A020B38DABC090658DE2C1C505F0.d.061A0ED486FA5E1D87BF2A97C5143DA2.e.1814","ELEMENT":"f.DDB2A020B38DABC090658DE2C1C505F0.d.061A0ED486FA5E1D87BF2A97C5143DA2.e.1814"}]}
COMMAND: GET /session/3ee3b59268b112783f98a37bc72cbb43/screenshot - {}
RESULT: {}
RESULT: {"script":"<script> [8489 bytes]","args":[{"element-6066-11e4-a52e-4f735466cecf":"f.DDB2A020B38DABC090658DE2C1C505F0.d.061A0ED486FA5E1D87BF2A97C5143DA2.e.1814","ELEMENT":"f.DDB2A020B38DABC090658DE2C1C505F0.d.061A0ED486FA5E1D87BF2A97C5143DA2.e.1814"}]}
COMMAND: POST /session/3ee3b59268b112783f98a37bc72cbb43/execute/sync - {"script":"<script> [5351 bytes]","args":[{"element-6066-11e4-a52e-4f735466cecf":"f.DDB2A020B38DABC090658DE2C1C505F0.d.061A0ED486FA5E1D87BF2A97C5143DA2.e.1814","ELEMENT":"f.DDB2A020B38DABC090658DE2C1C505F0.d.061A0ED486FA5E1D87BF2A97C5143DA2.e.1814"}]}
COMMAND: GET /session/3ee3b59268b112783f98a37bc72cbb43/screenshot - {}
RESULT: {}
RESULT: {"script":"<script> [5351 bytes]","args":[{"element-6066-11e4-a52e-4f735466cecf":"f.DDB2A020B38DABC090658DE2C1C505F0.d.061A0ED486FA5E1D87BF2A97C5143DA2.e.1814","ELEMENT":"f.DDB2A020B38DABC090658DE2C1C505F0.d.061A0ED486FA5E1D87BF2A97C5143DA2.e.1814"}]}
COMMAND: POST /session/3ee3b59268b112783f98a37bc72cbb43/element/f.DDB2A020B38DABC090658DE2C1C505F0.d.061A0ED486FA5E1D87BF2A97C5143DA2.e.1814/click - {}
COMMAND: GET /session/3ee3b59268b112783f98a37bc72cbb43/screenshot - {}
RESULT: {}
RESULT: {}
COMMAND: GET /session/3ee3b59268b112783f98a37bc72cbb43/screenshot - {}
COMMAND: POST /session/3ee3b59268b112783f98a37bc72cbb43/element - {"using":"xpath","value":"//input[@id=\"application-managesites-display-component---NewSite--siteId-inner\"]"}
RESULT: {}
RESULT: {}
RESULT: {"using":"xpath","value":"//input[@id=\"application-managesites-display-component---NewSite--siteId-inner\"]"}
COMMAND: POST /session/3ee3b59268b112783f98a37bc72cbb43/element - {"using":"xpath","value":"//input[@id=\"application-managesites-display-component---NewSite--siteId-inner\"]"}
RESULT: {"using":"xpath","value":"//input[@id=\"application-managesites-display-component---NewSite--siteId-inner\"]"}
COMMAND: POST /session/3ee3b59268b112783f98a37bc72cbb43/execute/async - {"script":"<script> [1562 bytes]","args":[{"selector":{"id":"application-managesites-display-component---NewSite--addressDetailDetailsName1","interaction":{"idSuffix":"inner"}},"wdio_ui5_key":"applicationmanagesites-display-component---NewSite--addressDetailDetailsName1"}]}
RESULT: {"script":"<script> [1562 bytes]","args":[{"selector":{"id":"application-managesites-display-component---NewSite--addressDetailDetailsName1","interaction":{"idSuffix":"inner"}},"wdio_ui5_key":"applicationmanagesites-display-component---NewSite--addressDetailDetailsName1"}]}
RESULT: undefined
COMMAND: POST /session/3ee3b59268b112783f98a37bc72cbb43/execute/async - {"script":"<script> [776 bytes]","args":[{"enterText":"Intracompany Site wdIO","selector":{"id":"application-managesites-display-component---NewSite--addressDetailDetailsName1","interaction":{"idSuffix":"inner"}},"clearTextFirst":true,"interactionType":"ENTER_TEXT"}]}
RESULT: {"script":"<script> [776 bytes]","args":[{"enterText":"Intracompany Site wdIO","selector":{"id":"application-managesites-display-component---NewSite--addressDetailDetailsName1","interaction":{"idSuffix":"inner"}},"clearTextFirst":true,"interactionType":"ENTER_TEXT"}]}
COMMAND: POST /session/3ee3b59268b112783f98a37bc72cbb43/execute/async - {"script":"<script> [1562 bytes]","args":[{"selector":{"id":"application-managesites-display-component---NewSite--addressDetailDetailsLanguage-arrow"},"wdio_ui5_key":"applicationmanagesites-display-component---NewSite--addressDetailDetailsLanguage-arrow"}]}
RESULT: {"script":"<script> [1562 bytes]","args":[{"selector":{"id":"application-managesites-display-component---NewSite--addressDetailDetailsLanguage-arrow"},"wdio_ui5_key":"applicationmanagesites-display-component---NewSite--addressDetailDetailsLanguage-arrow"}]}
RESULT: undefined
COMMAND: POST /session/3ee3b59268b112783f98a37bc72cbb43/element - {"using":"xpath","value":"//*[@id=\"application-managesites-display-component---NewSite--addressDetailDetailsLanguage-arrow\"]"}
RESULT: {"using":"xpath","value":"//*[@id=\"application-managesites-display-component---NewSite--addressDetailDetailsLanguage-arrow\"]"}
COMMAND: POST /session/3ee3b59268b112783f98a37bc72cbb43/element/f.DDB2A020B38DABC090658DE2C1C505F0.d.061A0ED486FA5E1D87BF2A97C5143DA2.e.2214/click - {}
RESULT: {}
COMMAND: POST /session/3ee3b59268b112783f98a37bc72cbb43/element - {"using":"xpath","value":"//span[contains(text(), \"English\")]"}
COMMAND: GET /session/3ee3b59268b112783f98a37bc72cbb43/screenshot - {}
RESULT: {"using":"xpath","value":"//span[contains(text(), \"English\")]"}
COMMAND: POST /session/3ee3b59268b112783f98a37bc72cbb43/element/f.DDB2A020B38DABC090658DE2C1C505F0.d.061A0ED486FA5E1D87BF2A97C5143DA2.e.2215/click - {}
RESULT: {}
RESULT: {}
COMMAND: POST /session/3ee3b59268b112783f98a37bc72cbb43/execute/async - {"script":"<script> [1562 bytes]","args":[{"selector":{"id":"application-managesites-display-component---NewSite--addressDetailDetailsCity1","interaction":{"idSuffix":"inner"}},"wdio_ui5_key":"applicationmanagesites-display-component---NewSite--addressDetailDetailsCity1"}]}
COMMAND: GET /session/3ee3b59268b112783f98a37bc72cbb43/screenshot - {}
RESULT: {"script":"<script> [1562 bytes]","args":[{"selector":{"id":"application-managesites-display-component---NewSite--addressDetailDetailsCity1","interaction":{"idSuffix":"inner"}},"wdio_ui5_key":"applicationmanagesites-display-component---NewSite--addressDetailDetailsCity1"}]}
RESULT: undefined
COMMAND: POST /session/3ee3b59268b112783f98a37bc72cbb43/execute/async - {"script":"<script> [776 bytes]","args":[{"enterText":"Rosario","selector":{"id":"application-managesites-display-component---NewSite--addressDetailDetailsCity1","interaction":{"idSuffix":"inner"}},"clearTextFirst":true,"interactionType":"ENTER_TEXT"}]}
RESULT: {}
RESULT: {"script":"<script> [776 bytes]","args":[{"enterText":"Rosario","selector":{"id":"application-managesites-display-component---NewSite--addressDetailDetailsCity1","interaction":{"idSuffix":"inner"}},"clearTextFirst":true,"interactionType":"ENTER_TEXT"}]}
COMMAND: POST /session/3ee3b59268b112783f98a37bc72cbb43/execute/async - {"script":"<script> [1562 bytes]","args":[{"selector":{"id":"application-managesites-display-component---NewSite--addressDetailDetailsCountry-arrow"},"wdio_ui5_key":"applicationmanagesites-display-component---NewSite--addressDetailDetailsCountry-arrow"}]}
RESULT: {"script":"<script> [1562 bytes]","args":[{"selector":{"id":"application-managesites-display-component---NewSite--addressDetailDetailsCountry-arrow"},"wdio_ui5_key":"applicationmanagesites-display-component---NewSite--addressDetailDetailsCountry-arrow"}]}
RESULT: undefined
COMMAND: POST /session/3ee3b59268b112783f98a37bc72cbb43/element - {"using":"xpath","value":"//*[@id=\"application-managesites-display-component---NewSite--addressDetailDetailsCountry-arrow\"]"}
RESULT: {"using":"xpath","value":"//*[@id=\"application-managesites-display-component---NewSite--addressDetailDetailsCountry-arrow\"]"}
COMMAND: POST /session/3ee3b59268b112783f98a37bc72cbb43/element/f.DDB2A020B38DABC090658DE2C1C505F0.d.061A0ED486FA5E1D87BF2A97C5143DA2.e.2217/click - {}
RESULT: {}
COMMAND: POST /session/3ee3b59268b112783f98a37bc72cbb43/element - {"using":"xpath","value":"//span[contains(text(), \"Argentina\")]"}
COMMAND: GET /session/3ee3b59268b112783f98a37bc72cbb43/screenshot - {}
RESULT: {"using":"xpath","value":"//span[contains(text(), \"Argentina\")]"}
COMMAND: POST /session/3ee3b59268b112783f98a37bc72cbb43/element/f.DDB2A020B38DABC090658DE2C1C505F0.d.061A0ED486FA5E1D87BF2A97C5143DA2.e.2219/click - {}
RESULT: {}
RESULT: {}
COMMAND: GET /session/3ee3b59268b112783f98a37bc72cbb43/screenshot - {}
RESULT: {}
COMMAND: POST /session/3ee3b59268b112783f98a37bc72cbb43/execute/async - {"script":"<script> [1562 bytes]","args":[{"selector":{"id":"application-managesites-display-component---NewSite--addressEditDetailsCostObjectCstType-arrow"},"wdio_ui5_key":"applicationmanagesites-display-component---NewSite--addressEditDetailsCostObjectCstType-arrow"}]}
RESULT: {"script":"<script> [1562 bytes]","args":[{"selector":{"id":"application-managesites-display-component---NewSite--addressEditDetailsCostObjectCstType-arrow"},"wdio_ui5_key":"applicationmanagesites-display-component---NewSite--addressEditDetailsCostObjectCstType-arrow"}]}
RESULT: undefined
COMMAND: POST /session/3ee3b59268b112783f98a37bc72cbb43/element - {"using":"xpath","value":"//*[@id=\"application-managesites-display-component---NewSite--addressEditDetailsCostObjectCstType-arrow\"]"}
RESULT: {"using":"xpath","value":"//*[@id=\"application-managesites-display-component---NewSite--addressEditDetailsCostObjectCstType-arrow\"]"}
COMMAND: POST /session/3ee3b59268b112783f98a37bc72cbb43/element/f.DDB2A020B38DABC090658DE2C1C505F0.d.061A0ED486FA5E1D87BF2A97C5143DA2.e.2220/click - {}
RESULT: {}
COMMAND: POST /session/3ee3b59268b112783f98a37bc72cbb43/element - {"using":"xpath","value":"//span[contains(text(), \"Cost Center\")]"}
COMMAND: GET /session/3ee3b59268b112783f98a37bc72cbb43/screenshot - {}
RESULT: {"using":"xpath","value":"//span[contains(text(), \"Cost Center\")]"}
COMMAND: POST /session/3ee3b59268b112783f98a37bc72cbb43/element/f.DDB2A020B38DABC090658DE2C1C505F0.d.061A0ED486FA5E1D87BF2A97C5143DA2.e.2221/click - {}
RESULT: {}
RESULT: {}
COMMAND: GET /session/3ee3b59268b112783f98a37bc72cbb43/screenshot - {}
RESULT: {}
COMMAND: POST /session/3ee3b59268b112783f98a37bc72cbb43/element - {"using":"xpath","value":"//span[@id=\"application-managesites-display-component---NewSite--addressNewCostObjectCstID-vhi\"]"}
RESULT: {"using":"xpath","value":"//span[@id=\"application-managesites-display-component---NewSite--addressNewCostObjectCstID-vhi\"]"}
COMMAND: POST /session/3ee3b59268b112783f98a37bc72cbb43/execute/sync - {"script":"<script> [8489 bytes]","args":[{"element-6066-11e4-a52e-4f735466cecf":"f.DDB2A020B38DABC090658DE2C1C505F0.d.061A0ED486FA5E1D87BF2A97C5143DA2.e.2226","ELEMENT":"f.DDB2A020B38DABC090658DE2C1C505F0.d.061A0ED486FA5E1D87BF2A97C5143DA2.e.2226"}]}
RESULT: {"script":"<script> [8489 bytes]","args":[{"element-6066-11e4-a52e-4f735466cecf":"f.DDB2A020B38DABC090658DE2C1C505F0.d.061A0ED486FA5E1D87BF2A97C5143DA2.e.2226","ELEMENT":"f.DDB2A020B38DABC090658DE2C1C505F0.d.061A0ED486FA5E1D87BF2A97C5143DA2.e.2226"}]}
COMMAND: POST /session/3ee3b59268b112783f98a37bc72cbb43/execute/async - {"script":"<script> [1562 bytes]","args":[{"selector":{"id":"application-managesites-display-component---NewSite--addressNewCostObjectCstID-vhi"},"wdio_ui5_key":"applicationmanagesites-display-component---NewSite--addressNewCostObjectCstID-vhi"}]}
COMMAND: GET /session/3ee3b59268b112783f98a37bc72cbb43/screenshot - {}
RESULT: {"script":"<script> [1562 bytes]","args":[{"selector":{"id":"application-managesites-display-component---NewSite--addressNewCostObjectCstID-vhi"},"wdio_ui5_key":"applicationmanagesites-display-component---NewSite--addressNewCostObjectCstID-vhi"}]}
RESULT: undefined
COMMAND: POST /session/3ee3b59268b112783f98a37bc72cbb43/element - {"using":"xpath","value":"//*[@id=\"application-managesites-display-component---NewSite--addressNewCostObjectCstID-vhi\"]"}
RESULT: {}
RESULT: {"using":"xpath","value":"//*[@id=\"application-managesites-display-component---NewSite--addressNewCostObjectCstID-vhi\"]"}
COMMAND: POST /session/3ee3b59268b112783f98a37bc72cbb43/element/f.DDB2A020B38DABC090658DE2C1C505F0.d.061A0ED486FA5E1D87BF2A97C5143DA2.e.2226/click - {}
RESULT: {}
COMMAND: GET /session/3ee3b59268b112783f98a37bc72cbb43/screenshot - {}
RESULT: {}
RESULT: undefined
COMMAND: POST /session/3ee3b59268b112783f98a37bc72cbb43/execute/async - {"script":"<script> [776 bytes]","args":[{"enterText":"10001013","selector":{"controlType":"sap.m.SearchField","properties":{"placeholder":"Search"},"searchOpenDialogs":true,"interaction":{"idSuffix":"I"}},"clearTextFirst":true,"interactionType":"ENTER_TEXT"}]}
RESULT: {"script":"<script> [776 bytes]","args":[{"enterText":"10001013","selector":{"controlType":"sap.m.SearchField","properties":{"placeholder":"Search"},"searchOpenDialogs":true,"interaction":{"idSuffix":"I"}},"clearTextFirst":true,"interactionType":"ENTER_TEXT"}]}
COMMAND: POST /session/3ee3b59268b112783f98a37bc72cbb43/actions - {"actions":[{"id":"action6","type":"key","parameters":{},"actions":[{"type":"keyDown","value":"î€‡"},{"type":"pause","duration":10},{"type":"keyUp","value":"î€‡"}]}]}
RESULT: {"actions":[{"id":"action6","type":"key","parameters":{},"actions":[{"type":"keyDown","value":"î€‡"},{"type":"pause","duration":10},{"type":"keyUp","value":"î€‡"}]}]}
COMMAND: GET /session/3ee3b59268b112783f98a37bc72cbb43/screenshot - {}
RESULT: {}
COMMAND: POST /session/3ee3b59268b112783f98a37bc72cbb43/element - {"using":"xpath","value":"//span[contains(text(), \"General Management\")]"}
RESULT: {"using":"xpath","value":"//span[contains(text(), \"General Management\")]"}
COMMAND: POST /session/3ee3b59268b112783f98a37bc72cbb43/element/f.DDB2A020B38DABC090658DE2C1C505F0.d.061A0ED486FA5E1D87BF2A97C5143DA2.e.2265/click - {}
RESULT: {}
COMMAND: GET /session/3ee3b59268b112783f98a37bc72cbb43/screenshot - {}
RESULT: {}
COMMAND: POST /session/3ee3b59268b112783f98a37bc72cbb43/element - {"using":"xpath","value":"//bdi[contains(text(), \"OK\")]"}
RESULT: {"using":"xpath","value":"//bdi[contains(text(), \"OK\")]"}
COMMAND: POST /session/3ee3b59268b112783f98a37bc72cbb43/element/f.DDB2A020B38DABC090658DE2C1C505F0.d.061A0ED486FA5E1D87BF2A97C5143DA2.e.2266/click - {}
RESULT: {}
COMMAND: GET /session/3ee3b59268b112783f98a37bc72cbb43/screenshot - {}
RESULT: {}
COMMAND: POST /session/3ee3b59268b112783f98a37bc72cbb43/element - {"using":"xpath","value":"//input[@id=\"application-managesites-display-component---NewSite--addressDetailDetailsCalendar-inner\"]"}
RESULT: {"using":"xpath","value":"//input[@id=\"application-managesites-display-component---NewSite--addressDetailDetailsCalendar-inner\"]"}
COMMAND: POST /session/3ee3b59268b112783f98a37bc72cbb43/element/f.DDB2A020B38DABC090658DE2C1C505F0.d.061A0ED486FA5E1D87BF2A97C5143DA2.e.2010/clear - {}
RESULT: {}
COMMAND: POST /session/3ee3b59268b112783f98a37bc72cbb43/element/f.DDB2A020B38DABC090658DE2C1C505F0.d.061A0ED486FA5E1D87BF2A97C5143DA2.e.2010/value - {"text":"Unit"}
COMMAND: GET /session/3ee3b59268b112783f98a37bc72cbb43/screenshot - {}
RESULT: {"text":"Unit"}
COMMAND: GET /session/3ee3b59268b112783f98a37bc72cbb43/screenshot - {}
RESULT: {}
RESULT: {}
COMMAND: POST /session/3ee3b59268b112783f98a37bc72cbb43/actions - {"actions":[{"id":"action7","type":"key","parameters":{},"actions":[{"type":"keyDown","value":"î€‡"},{"type":"pause","duration":10},{"type":"keyUp","value":"î€‡"}]}]}
RESULT: {"actions":[{"id":"action7","type":"key","parameters":{},"actions":[{"type":"keyDown","value":"î€‡"},{"type":"pause","duration":10},{"type":"keyUp","value":"î€‡"}]}]}
COMMAND: POST /session/3ee3b59268b112783f98a37bc72cbb43/element - {"using":"xpath","value":"//input[@id=\"application-managesites-display-component---NewSite--addressDetailDetailsYard-inner\"]"}
COMMAND: GET /session/3ee3b59268b112783f98a37bc72cbb43/screenshot - {}
RESULT: {"using":"xpath","value":"//input[@id=\"application-managesites-display-component---NewSite--addressDetailDetailsYard-inner\"]"}
COMMAND: POST /session/3ee3b59268b112783f98a37bc72cbb43/element/f.DDB2A020B38DABC090658DE2C1C505F0.d.061A0ED486FA5E1D87BF2A97C5143DA2.e.2011/clear - {}
RESULT: {}
RESULT: {}
COMMAND: POST /session/3ee3b59268b112783f98a37bc72cbb43/element/f.DDB2A020B38DABC090658DE2C1C505F0.d.061A0ED486FA5E1D87BF2A97C5143DA2.e.2011/value - {"text":"662"}
COMMAND: GET /session/3ee3b59268b112783f98a37bc72cbb43/screenshot - {}
RESULT: {"text":"662"}
COMMAND: GET /session/3ee3b59268b112783f98a37bc72cbb43/screenshot - {}
RESULT: {}
RESULT: {}
COMMAND: POST /session/3ee3b59268b112783f98a37bc72cbb43/element - {"using":"xpath","value":"//li[.//span[text()='662']]"}
RESULT: {"using":"xpath","value":"//li[.//span[text()='662']]"}
COMMAND: POST /session/3ee3b59268b112783f98a37bc72cbb43/element/f.DDB2A020B38DABC090658DE2C1C505F0.d.061A0ED486FA5E1D87BF2A97C5143DA2.e.2274/click - {}
RESULT: {}
COMMAND: GET /session/3ee3b59268b112783f98a37bc72cbb43/screenshot - {}
RESULT: {}
COMMAND: POST /session/3ee3b59268b112783f98a37bc72cbb43/element - {"using":"xpath","value":"//input[@id=\"application-managesites-display-component---NewSite--addressDetailDetailsPartner-inner\"]"}
RESULT: {"using":"xpath","value":"//input[@id=\"application-managesites-display-component---NewSite--addressDetailDetailsPartner-inner\"]"}
COMMAND: POST /session/3ee3b59268b112783f98a37bc72cbb43/element - {"using":"xpath","value":"//input[@id=\"application-managesites-display-component---NewSite--addressDetailDetailsPartner-inner\"]"}
RESULT: {"using":"xpath","value":"//input[@id=\"application-managesites-display-component---NewSite--addressDetailDetailsPartner-inner\"]"}
COMMAND: POST /session/3ee3b59268b112783f98a37bc72cbb43/element - {"using":"xpath","value":"//button[@data-kt=\"saveButton\"]"}
RESULT: {"using":"xpath","value":"//button[@data-kt=\"saveButton\"]"}
COMMAND: POST /session/3ee3b59268b112783f98a37bc72cbb43/element/f.DDB2A020B38DABC090658DE2C1C505F0.d.061A0ED486FA5E1D87BF2A97C5143DA2.e.2199/click - {}
RESULT: {}
COMMAND: GET /session/3ee3b59268b112783f98a37bc72cbb43/screenshot - {}
RESULT: {}
COMMAND: POST /session/3ee3b59268b112783f98a37bc72cbb43/element - {"using":"xpath","value":"//header[contains(@id, 'ObjectPageLayout-headerTitle')]/div[1]/div[2]/div[2]/span[1]"}
RESULT: {"using":"xpath","value":"//header[contains(@id, 'ObjectPageLayout-headerTitle')]/div[1]/div[2]/div[2]/span[1]"}
COMMAND: POST /session/3ee3b59268b112783f98a37bc72cbb43/elements - {"using":"xpath","value":"//header[contains(@id, 'ObjectPageLayout-headerTitle')]/div[1]/div[2]/div[2]/span[1]"}
RESULT: {"using":"xpath","value":"//header[contains(@id, 'ObjectPageLayout-headerTitle')]/div[1]/div[2]/div[2]/span[1]"}
COMMAND: POST /session/3ee3b59268b112783f98a37bc72cbb43/execute/sync - {"script":"<script> [56 bytes]","args":[{"element-6066-11e4-a52e-4f735466cecf":"f.DDB2A020B38DABC090658DE2C1C505F0.d.061A0ED486FA5E1D87BF2A97C5143DA2.e.2475","ELEMENT":"f.DDB2A020B38DABC090658DE2C1C505F0.d.061A0ED486FA5E1D87BF2A97C5143DA2.e.2475"}]}
RESULT: {"script":"<script> [56 bytes]","args":[{"element-6066-11e4-a52e-4f735466cecf":"f.DDB2A020B38DABC090658DE2C1C505F0.d.061A0ED486FA5E1D87BF2A97C5143DA2.e.2475","ELEMENT":"f.DDB2A020B38DABC090658DE2C1C505F0.d.061A0ED486FA5E1D87BF2A97C5143DA2.e.2475"}]}
COMMAND: POST /session/3ee3b59268b112783f98a37bc72cbb43/element - {"using":"css selector","value":"#shell-header-logo"}
COMMAND: GET /session/3ee3b59268b112783f98a37bc72cbb43/screenshot - {}
RESULT: {"using":"css selector","value":"#shell-header-logo"}
COMMAND: POST /session/3ee3b59268b112783f98a37bc72cbb43/element/f.DDB2A020B38DABC090658DE2C1C505F0.d.061A0ED486FA5E1D87BF2A97C5143DA2.e.1771/click - {}
RESULT: {}
RESULT: {}
COMMAND: GET /session/3ee3b59268b112783f98a37bc72cbb43/screenshot - {}
RESULT: {}
COMMAND: POST /session/3ee3b59268b112783f98a37bc72cbb43/execute/sync - {"script":"<script> [299 bytes]","args":[["getModel","getResource"]]}
RESULT: {"script":"<script> [299 bytes]","args":[["getModel","getResource"]]}
COMMAND: POST /session/3ee3b59268b112783f98a37bc72cbb43/actions - {"actions":[{"id":"action8","type":"key","parameters":{},"actions":[{"type":"keyDown","value":"î€‡"},{"type":"pause","duration":10},{"type":"keyUp","value":"î€‡"}]}]}
COMMAND: GET /session/3ee3b59268b112783f98a37bc72cbb43/screenshot - {}
RESULT: {"actions":[{"id":"action8","type":"key","parameters":{},"actions":[{"type":"keyDown","value":"î€‡"},{"type":"pause","duration":10},{"type":"keyUp","value":"î€‡"}]}]}
COMMAND: GET /session/3ee3b59268b112783f98a37bc72cbb43/screenshot - {}
RESULT: {}
RESULT: {}
COMMAND: POST /session/3ee3b59268b112783f98a37bc72cbb43/refresh - {}
RESULT: {}
COMMAND: GET /session/3ee3b59268b112783f98a37bc72cbb43/screenshot - {}
RESULT: {}
COMMAND: POST /session/3ee3b59268b112783f98a37bc72cbb43/refresh - {}
RESULT: {}
COMMAND: GET /session/3ee3b59268b112783f98a37bc72cbb43/screenshot - {}
RESULT: {}
COMMAND: POST /session/3ee3b59268b112783f98a37bc72cbb43/window/fullscreen - {}
RESULT: {}
COMMAND: POST /session/3ee3b59268b112783f98a37bc72cbb43/execute/async - {"script":"<script> [189 bytes]","args":[]}
RESULT: {"script":"<script> [189 bytes]","args":[]}
COMMAND: POST /session/3ee3b59268b112783f98a37bc72cbb43/execute/async - {"script":"<script> [123 bytes]","args":[]}
RESULT: {"script":"<script> [123 bytes]","args":[]}
COMMAND: POST /session/3ee3b59268b112783f98a37bc72cbb43/timeouts - {"script":"<number>"}
RESULT: {"script":"<number>"}
COMMAND: GET /session/3ee3b59268b112783f98a37bc72cbb43/timeouts - {}
RESULT: {}
RESULT: undefined
COMMAND: POST /session/3ee3b59268b112783f98a37bc72cbb43/execute/async - {"script":"<script> [2676 bytes]","args":[]}
RESULT: {"script":"<script> [2676 bytes]","args":[]}
COMMAND: POST /session/3ee3b59268b112783f98a37bc72cbb43/execute/async - {"script":"<script> [2342 bytes]","args":[{"protocol":"http","hostname":"0.0.0.0","path":"/","capabilities":{"browserName":"chrome","goog:chromeOptions":{"binary":"C:\\Program Files\\Google\\Chrome\\Application\\chrome.exe","args":["--start-maximized"]}},"logLevel":"warn","connectionRetryTimeout":120000,"connectionRetryCount":3,"logLevels":{},"enableDirectConnect":true,"strictSSL":true,"_":"65 more keys: [\"cacheDir\",\"port\",\"requestedCapabilities\",\"automationProtocol\",\"baseUrl\",\"waitforInterval\",\"waitforTimeout\",\"onReload\",\"beforeCommand\",\"afterCommand\",\"rootDir\",\"specs\",\"suites\",\"exclude\",\"groupLogsByTestSpec\",\"excludeDriverLogs\",\"bail\",\"framework\",\"reporters\",\"services\",\"maxInstances\",\"maxInstancesPerCapability\",\"injectGlobals\",\"filesToWatch\",\"execArgv\",\"runnerEnv\",\"runner\",\"shard\",\"specFileRetries\",\"specFileRetriesDelay\",\"specFileRetriesDeferred\",\"reporterSyncInterval\",\"reporterSyncTimeout\",\"cucumberFeaturesWithLineNumbers\",\"autoCompileOpts\",\"mochaOpts\",\"jasmineOpts\",\"cucumberOpts\",\"onPrepare\",\"onWorkerStart\",\"onWorkerEnd\",\"before\",\"beforeSession\",\"beforeSuite\",\"beforeHook\",\"beforeTest\",\"afterTest\",\"afterHook\",\"afterSuite\",\"afterSession\",\"after\",\"onComplete\",\"beforeAssertion\",\"afterAssertion\",\"beforeFeature\",\"beforeScenario\",\"beforeStep\",\"afterStep\",\"afterScenario\",\"afterFeature\",\"_\",\"suite\",\"$0\",\"ignoredWorkerServices\",\"wdi5\"]"}]}
RESULT: {"script":"<script> [2342 bytes]","args":[{"protocol":"http","hostname":"0.0.0.0","path":"/","capabilities":{"browserName":"chrome","goog:chromeOptions":{"binary":"C:\\Program Files\\Google\\Chrome\\Application\\chrome.exe","args":["--start-maximized"]}},"logLevel":"warn","connectionRetryTimeout":120000,"connectionRetryCount":3,"logLevels":{},"enableDirectConnect":true,"strictSSL":true,"_":"65 more keys: [\"cacheDir\",\"port\",\"requestedCapabilities\",\"automationProtocol\",\"baseUrl\",\"waitforInterval\",\"waitforTimeout\",\"onReload\",\"beforeCommand\",\"afterCommand\",\"rootDir\",\"specs\",\"suites\",\"exclude\",\"groupLogsByTestSpec\",\"excludeDriverLogs\",\"bail\",\"framework\",\"reporters\",\"services\",\"maxInstances\",\"maxInstancesPerCapability\",\"injectGlobals\",\"filesToWatch\",\"execArgv\",\"runnerEnv\",\"runner\",\"shard\",\"specFileRetries\",\"specFileRetriesDelay\",\"specFileRetriesDeferred\",\"reporterSyncInterval\",\"reporterSyncTimeout\",\"cucumberFeaturesWithLineNumbers\",\"autoCompileOpts\",\"mochaOpts\",\"jasmineOpts\",\"cucumberOpts\",\"onPrepare\",\"onWorkerStart\",\"onWorkerEnd\",\"before\",\"beforeSession\",\"beforeSuite\",\"beforeHook\",\"beforeTest\",\"afterTest\",\"afterHook\",\"afterSuite\",\"afterSession\",\"after\",\"onComplete\",\"beforeAssertion\",\"afterAssertion\",\"beforeFeature\",\"beforeScenario\",\"beforeStep\",\"afterStep\",\"afterScenario\",\"afterFeature\",\"_\",\"suite\",\"$0\",\"ignoredWorkerServices\",\"wdi5\"]"}]}
COMMAND: POST /session/3ee3b59268b112783f98a37bc72cbb43/execute/async - {"script":"<script> [21126 bytes]","args":[35000]}
RESULT: {"script":"<script> [21126 bytes]","args":[35000]}
COMMAND: POST /session/3ee3b59268b112783f98a37bc72cbb43/window/fullscreen - {}
RESULT: {}
]]></system-out>
    </testcase>
    <testcase classname="chrome.137_0_7151_56.windows.Billing_confirm_US117289" name="Should create a new equipment" time="139.816">
      <system-out><![CDATA[
COMMAND: POST /session/3ee3b59268b112783f98a37bc72cbb43/execute/async - {"script":"<script> [1562 bytes]","args":[{"selector":{"controlType":"sap.m.GenericTile","properties":{"header":"Manage Resources"}},"wdio_ui5_key":"sapm.GenericTile{\"header\":\"Manage Resources\"}"}]}
RESULT: {"script":"<script> [1562 bytes]","args":[{"selector":{"controlType":"sap.m.GenericTile","properties":{"header":"Manage Resources"}},"wdio_ui5_key":"sapm.GenericTile{\"header\":\"Manage Resources\"}"}]}
RESULT: undefined
COMMAND: POST /session/3ee3b59268b112783f98a37bc72cbb43/element - {"using":"xpath","value":"//*[@id=\"__tile31\"]"}
RESULT: {"using":"xpath","value":"//*[@id=\"__tile31\"]"}
COMMAND: POST /session/3ee3b59268b112783f98a37bc72cbb43/element/f.DDB2A020B38DABC090658DE2C1C505F0.d.89F8558D6D994A1A3ADC5B689F6FD522.e.2548/click - {}
RESULT: {}
COMMAND: GET /session/3ee3b59268b112783f98a37bc72cbb43/screenshot - {}
RESULT: {}
COMMAND: POST /session/3ee3b59268b112783f98a37bc72cbb43/elements - {"using":"xpath","value":"//span[text()='Error']"}
RESULT: {"using":"xpath","value":"//span[text()='Error']"}
COMMAND: POST /session/3ee3b59268b112783f98a37bc72cbb43/element - {"using":"xpath","value":"//button[@data-kt=\"addNewRUOverflowToolbarButton\"]"}
RESULT: {"using":"xpath","value":"//button[@data-kt=\"addNewRUOverflowToolbarButton\"]"}
COMMAND: POST /session/3ee3b59268b112783f98a37bc72cbb43/elements - {"using":"xpath","value":"//button[@data-kt=\"addNewRUOverflowToolbarButton\"]"}
RESULT: {"using":"xpath","value":"//button[@data-kt=\"addNewRUOverflowToolbarButton\"]"}
COMMAND: POST /session/3ee3b59268b112783f98a37bc72cbb43/elements - {"using":"xpath","value":"//button[@data-kt=\"addNewRUOverflowToolbarButton\"]"}
RESULT: {"using":"xpath","value":"//button[@data-kt=\"addNewRUOverflowToolbarButton\"]"}
COMMAND: POST /session/3ee3b59268b112783f98a37bc72cbb43/elements - {"using":"xpath","value":"//button[@data-kt=\"addNewRUOverflowToolbarButton\"]"}
RESULT: {"using":"xpath","value":"//button[@data-kt=\"addNewRUOverflowToolbarButton\"]"}
COMMAND: POST /session/3ee3b59268b112783f98a37bc72cbb43/element - {"using":"xpath","value":"//button[@data-kt=\"addNewRUOverflowToolbarButton\"]"}
RESULT: {"using":"xpath","value":"//button[@data-kt=\"addNewRUOverflowToolbarButton\"]"}
COMMAND: POST /session/3ee3b59268b112783f98a37bc72cbb43/execute/sync - {"script":"<script> [8489 bytes]","args":[{"element-6066-11e4-a52e-4f735466cecf":"f.DDB2A020B38DABC090658DE2C1C505F0.d.89F8558D6D994A1A3ADC5B689F6FD522.e.2658","ELEMENT":"f.DDB2A020B38DABC090658DE2C1C505F0.d.89F8558D6D994A1A3ADC5B689F6FD522.e.2658"}]}
RESULT: {"script":"<script> [8489 bytes]","args":[{"element-6066-11e4-a52e-4f735466cecf":"f.DDB2A020B38DABC090658DE2C1C505F0.d.89F8558D6D994A1A3ADC5B689F6FD522.e.2658","ELEMENT":"f.DDB2A020B38DABC090658DE2C1C505F0.d.89F8558D6D994A1A3ADC5B689F6FD522.e.2658"}]}
COMMAND: GET /session/3ee3b59268b112783f98a37bc72cbb43/element/f.DDB2A020B38DABC090658DE2C1C505F0.d.89F8558D6D994A1A3ADC5B689F6FD522.e.2658/enabled - {}
COMMAND: GET /session/3ee3b59268b112783f98a37bc72cbb43/screenshot - {}
RESULT: {}
COMMAND: POST /session/3ee3b59268b112783f98a37bc72cbb43/execute/sync - {"script":"<script> [8489 bytes]","args":[{"element-6066-11e4-a52e-4f735466cecf":"f.DDB2A020B38DABC090658DE2C1C505F0.d.89F8558D6D994A1A3ADC5B689F6FD522.e.2658","ELEMENT":"f.DDB2A020B38DABC090658DE2C1C505F0.d.89F8558D6D994A1A3ADC5B689F6FD522.e.2658"}]}
COMMAND: GET /session/3ee3b59268b112783f98a37bc72cbb43/screenshot - {}
RESULT: {}
RESULT: {"script":"<script> [8489 bytes]","args":[{"element-6066-11e4-a52e-4f735466cecf":"f.DDB2A020B38DABC090658DE2C1C505F0.d.89F8558D6D994A1A3ADC5B689F6FD522.e.2658","ELEMENT":"f.DDB2A020B38DABC090658DE2C1C505F0.d.89F8558D6D994A1A3ADC5B689F6FD522.e.2658"}]}
COMMAND: POST /session/3ee3b59268b112783f98a37bc72cbb43/execute/sync - {"script":"<script> [5351 bytes]","args":[{"element-6066-11e4-a52e-4f735466cecf":"f.DDB2A020B38DABC090658DE2C1C505F0.d.89F8558D6D994A1A3ADC5B689F6FD522.e.2658","ELEMENT":"f.DDB2A020B38DABC090658DE2C1C505F0.d.89F8558D6D994A1A3ADC5B689F6FD522.e.2658"}]}
COMMAND: GET /session/3ee3b59268b112783f98a37bc72cbb43/screenshot - {}
RESULT: {}
RESULT: {"script":"<script> [5351 bytes]","args":[{"element-6066-11e4-a52e-4f735466cecf":"f.DDB2A020B38DABC090658DE2C1C505F0.d.89F8558D6D994A1A3ADC5B689F6FD522.e.2658","ELEMENT":"f.DDB2A020B38DABC090658DE2C1C505F0.d.89F8558D6D994A1A3ADC5B689F6FD522.e.2658"}]}
COMMAND: POST /session/3ee3b59268b112783f98a37bc72cbb43/element/f.DDB2A020B38DABC090658DE2C1C505F0.d.89F8558D6D994A1A3ADC5B689F6FD522.e.2658/click - {}
COMMAND: GET /session/3ee3b59268b112783f98a37bc72cbb43/screenshot - {}
RESULT: {}
RESULT: {}
COMMAND: GET /session/3ee3b59268b112783f98a37bc72cbb43/screenshot - {}
COMMAND: POST /session/3ee3b59268b112783f98a37bc72cbb43/execute/async - {"script":"<script> [1562 bytes]","args":[{"selector":{"id":"application-manageresources-display-component---newResourceUnit--TYPE-arrow"},"wdio_ui5_key":"applicationmanageresources-display-component---newResourceUnit--TYPE-arrow"}]}
RESULT: {}
RESULT: {}
RESULT: {"script":"<script> [1562 bytes]","args":[{"selector":{"id":"application-manageresources-display-component---newResourceUnit--TYPE-arrow"},"wdio_ui5_key":"applicationmanageresources-display-component---newResourceUnit--TYPE-arrow"}]}
RESULT: undefined
COMMAND: POST /session/3ee3b59268b112783f98a37bc72cbb43/element - {"using":"xpath","value":"//*[@id=\"application-manageresources-display-component---newResourceUnit--TYPE-arrow\"]"}
RESULT: {"using":"xpath","value":"//*[@id=\"application-manageresources-display-component---newResourceUnit--TYPE-arrow\"]"}
COMMAND: POST /session/3ee3b59268b112783f98a37bc72cbb43/element/f.DDB2A020B38DABC090658DE2C1C505F0.d.89F8558D6D994A1A3ADC5B689F6FD522.e.3021/click - {}
RESULT: {}
COMMAND: POST /session/3ee3b59268b112783f98a37bc72cbb43/element - {"using":"xpath","value":"//input[@id=\"application-manageresources-display-component---newResourceUnit--TYPE-inner\"]"}
COMMAND: GET /session/3ee3b59268b112783f98a37bc72cbb43/screenshot - {}
RESULT: {"using":"xpath","value":"//input[@id=\"application-manageresources-display-component---newResourceUnit--TYPE-inner\"]"}
COMMAND: POST /session/3ee3b59268b112783f98a37bc72cbb43/element/f.DDB2A020B38DABC090658DE2C1C505F0.d.89F8558D6D994A1A3ADC5B689F6FD522.e.3010/clear - {}
RESULT: {}
RESULT: {}
COMMAND: POST /session/3ee3b59268b112783f98a37bc72cbb43/element/f.DDB2A020B38DABC090658DE2C1C505F0.d.89F8558D6D994A1A3ADC5B689F6FD522.e.3010/value - {"text":"Equipment"}
COMMAND: GET /session/3ee3b59268b112783f98a37bc72cbb43/screenshot - {}
RESULT: {"text":"Equipment"}
COMMAND: GET /session/3ee3b59268b112783f98a37bc72cbb43/screenshot - {}
RESULT: {}
RESULT: {}
COMMAND: POST /session/3ee3b59268b112783f98a37bc72cbb43/actions - {"actions":[{"id":"action9","type":"key","parameters":{},"actions":[{"type":"keyDown","value":"î€‡"},{"type":"pause","duration":10},{"type":"keyUp","value":"î€‡"}]}]}
RESULT: {"actions":[{"id":"action9","type":"key","parameters":{},"actions":[{"type":"keyDown","value":"î€‡"},{"type":"pause","duration":10},{"type":"keyUp","value":"î€‡"}]}]}
COMMAND: POST /session/3ee3b59268b112783f98a37bc72cbb43/execute/async - {"script":"<script> [1562 bytes]","args":[{"selector":{"id":"application-manageresources-display-component---newResourceUnit--resourceId","interaction":{"idSuffix":"inner"}},"wdio_ui5_key":"applicationmanageresources-display-component---newResourceUnit--resourceId"}]}
COMMAND: GET /session/3ee3b59268b112783f98a37bc72cbb43/screenshot - {}
RESULT: {"script":"<script> [1562 bytes]","args":[{"selector":{"id":"application-manageresources-display-component---newResourceUnit--resourceId","interaction":{"idSuffix":"inner"}},"wdio_ui5_key":"applicationmanageresources-display-component---newResourceUnit--resourceId"}]}
RESULT: undefined
COMMAND: POST /session/3ee3b59268b112783f98a37bc72cbb43/execute/async - {"script":"<script> [776 bytes]","args":[{"enterText":"7OGJ9T2yM7","selector":{"id":"application-manageresources-display-component---newResourceUnit--resourceId","interaction":{"idSuffix":"inner"}},"clearTextFirst":true,"interactionType":"ENTER_TEXT"}]}
RESULT: {}
RESULT: {"script":"<script> [776 bytes]","args":[{"enterText":"7OGJ9T2yM7","selector":{"id":"application-manageresources-display-component---newResourceUnit--resourceId","interaction":{"idSuffix":"inner"}},"clearTextFirst":true,"interactionType":"ENTER_TEXT"}]}
COMMAND: POST /session/3ee3b59268b112783f98a37bc72cbb43/execute/async - {"script":"<script> [1562 bytes]","args":[{"selector":{"id":"application-manageresources-display-component---newResourceUnit--SHORT_TEXT","interaction":{"idSuffix":"inner"}},"wdio_ui5_key":"applicationmanageresources-display-component---newResourceUnit--SHORT_TEXT"}]}
RESULT: {"script":"<script> [1562 bytes]","args":[{"selector":{"id":"application-manageresources-display-component---newResourceUnit--SHORT_TEXT","interaction":{"idSuffix":"inner"}},"wdio_ui5_key":"applicationmanageresources-display-component---newResourceUnit--SHORT_TEXT"}]}
RESULT: undefined
COMMAND: POST /session/3ee3b59268b112783f98a37bc72cbb43/execute/async - {"script":"<script> [776 bytes]","args":[{"enterText":"Intercompany Equipment WDIO","selector":{"id":"application-manageresources-display-component---newResourceUnit--SHORT_TEXT","interaction":{"idSuffix":"inner"}},"clearTextFirst":true,"interactionType":"ENTER_TEXT"}]}
RESULT: {"script":"<script> [776 bytes]","args":[{"enterText":"Intercompany Equipment WDIO","selector":{"id":"application-manageresources-display-component---newResourceUnit--SHORT_TEXT","interaction":{"idSuffix":"inner"}},"clearTextFirst":true,"interactionType":"ENTER_TEXT"}]}
COMMAND: POST /session/3ee3b59268b112783f98a37bc72cbb43/execute/async - {"script":"<script> [1562 bytes]","args":[{"selector":{"id":"application-manageresources-display-component---newResourceUnit--BASE_UNIT_OF_MEASURE","interaction":{"idSuffix":"inner"}},"wdio_ui5_key":"applicationmanageresources-display-component---newResourceUnit--BASE_UNIT_OF_MEASURE"}]}
RESULT: {"script":"<script> [1562 bytes]","args":[{"selector":{"id":"application-manageresources-display-component---newResourceUnit--BASE_UNIT_OF_MEASURE","interaction":{"idSuffix":"inner"}},"wdio_ui5_key":"applicationmanageresources-display-component---newResourceUnit--BASE_UNIT_OF_MEASURE"}]}
RESULT: undefined
COMMAND: POST /session/3ee3b59268b112783f98a37bc72cbb43/execute/async - {"script":"<script> [776 bytes]","args":[{"enterText":"Piece","selector":{"id":"application-manageresources-display-component---newResourceUnit--BASE_UNIT_OF_MEASURE","interaction":{"idSuffix":"inner"}},"clearTextFirst":true,"interactionType":"ENTER_TEXT"}]}
RESULT: {"script":"<script> [776 bytes]","args":[{"enterText":"Piece","selector":{"id":"application-manageresources-display-component---newResourceUnit--BASE_UNIT_OF_MEASURE","interaction":{"idSuffix":"inner"}},"clearTextFirst":true,"interactionType":"ENTER_TEXT"}]}
COMMAND: POST /session/3ee3b59268b112783f98a37bc72cbb43/execute/async - {"script":"<script> [1562 bytes]","args":[{"selector":{"id":"application-manageresources-display-component---newResourceUnit--WEIGHT_UNIT","interaction":{"idSuffix":"inner"}},"wdio_ui5_key":"applicationmanageresources-display-component---newResourceUnit--WEIGHT_UNIT"}]}
RESULT: {"script":"<script> [1562 bytes]","args":[{"selector":{"id":"application-manageresources-display-component---newResourceUnit--WEIGHT_UNIT","interaction":{"idSuffix":"inner"}},"wdio_ui5_key":"applicationmanageresources-display-component---newResourceUnit--WEIGHT_UNIT"}]}
RESULT: undefined
COMMAND: POST /session/3ee3b59268b112783f98a37bc72cbb43/execute/async - {"script":"<script> [776 bytes]","args":[{"enterText":"Gram","selector":{"id":"application-manageresources-display-component---newResourceUnit--WEIGHT_UNIT","interaction":{"idSuffix":"inner"}},"clearTextFirst":true,"interactionType":"ENTER_TEXT"}]}
RESULT: {"script":"<script> [776 bytes]","args":[{"enterText":"Gram","selector":{"id":"application-manageresources-display-component---newResourceUnit--WEIGHT_UNIT","interaction":{"idSuffix":"inner"}},"clearTextFirst":true,"interactionType":"ENTER_TEXT"}]}
COMMAND: POST /session/3ee3b59268b112783f98a37bc72cbb43/execute/async - {"script":"<script> [1562 bytes]","args":[{"selector":{"id":"application-manageresources-display-component---newResourceUnit--DIMENSION_UNIT","interaction":{"idSuffix":"inner"}},"wdio_ui5_key":"applicationmanageresources-display-component---newResourceUnit--DIMENSION_UNIT"}]}
RESULT: {"script":"<script> [1562 bytes]","args":[{"selector":{"id":"application-manageresources-display-component---newResourceUnit--DIMENSION_UNIT","interaction":{"idSuffix":"inner"}},"wdio_ui5_key":"applicationmanageresources-display-component---newResourceUnit--DIMENSION_UNIT"}]}
RESULT: undefined
COMMAND: POST /session/3ee3b59268b112783f98a37bc72cbb43/execute/async - {"script":"<script> [776 bytes]","args":[{"enterText":"Meter","selector":{"id":"application-manageresources-display-component---newResourceUnit--DIMENSION_UNIT","interaction":{"idSuffix":"inner"}},"clearTextFirst":true,"interactionType":"ENTER_TEXT"}]}
RESULT: {"script":"<script> [776 bytes]","args":[{"enterText":"Meter","selector":{"id":"application-manageresources-display-component---newResourceUnit--DIMENSION_UNIT","interaction":{"idSuffix":"inner"}},"clearTextFirst":true,"interactionType":"ENTER_TEXT"}]}
COMMAND: POST /session/3ee3b59268b112783f98a37bc72cbb43/execute/async - {"script":"<script> [1562 bytes]","args":[{"selector":{"id":"application-manageresources-display-component---newResourceUnit--newRRUPage-anchBar-application-manageresources-display-component---newResourceUnit--control-anchor","interaction":{"idSuffix":"BDI-content"}},"wdio_ui5_key":"applicationmanageresources-display-component---newResourceUnit--newRRUPage-anchBar-application-manageresources-display-component---newResourceUnit--control-anchor"}]}
RESULT: {"script":"<script> [1562 bytes]","args":[{"selector":{"id":"application-manageresources-display-component---newResourceUnit--newRRUPage-anchBar-application-manageresources-display-component---newResourceUnit--control-anchor","interaction":{"idSuffix":"BDI-content"}},"wdio_ui5_key":"applicationmanageresources-display-component---newResourceUnit--newRRUPage-anchBar-application-manageresources-display-component---newResourceUnit--control-anchor"}]}
RESULT: undefined
COMMAND: POST /session/3ee3b59268b112783f98a37bc72cbb43/element - {"using":"xpath","value":"//*[@id=\"application-manageresources-display-component---newResourceUnit--newRRUPage-anchBar-application-manageresources-display-component---newResourceUnit--control-anchor\"]"}
RESULT: {"using":"xpath","value":"//*[@id=\"application-manageresources-display-component---newResourceUnit--newRRUPage-anchBar-application-manageresources-display-component---newResourceUnit--control-anchor\"]"}
COMMAND: POST /session/3ee3b59268b112783f98a37bc72cbb43/element/f.DDB2A020B38DABC090658DE2C1C505F0.d.89F8558D6D994A1A3ADC5B689F6FD522.e.3181/click - {}
RESULT: {}
COMMAND: POST /session/3ee3b59268b112783f98a37bc72cbb43/execute/async - {"script":"<script> [1562 bytes]","args":[{"selector":{"id":"application-manageresources-display-component---newResourceUnit--PLANNING_GROUP","interaction":{"idSuffix":"inner"}},"wdio_ui5_key":"applicationmanageresources-display-component---newResourceUnit--PLANNING_GROUP"}]}
COMMAND: GET /session/3ee3b59268b112783f98a37bc72cbb43/screenshot - {}
RESULT: {"script":"<script> [1562 bytes]","args":[{"selector":{"id":"application-manageresources-display-component---newResourceUnit--PLANNING_GROUP","interaction":{"idSuffix":"inner"}},"wdio_ui5_key":"applicationmanageresources-display-component---newResourceUnit--PLANNING_GROUP"}]}
RESULT: undefined
COMMAND: POST /session/3ee3b59268b112783f98a37bc72cbb43/execute/async - {"script":"<script> [776 bytes]","args":[{"enterText":"Heavy Equi","selector":{"id":"application-manageresources-display-component---newResourceUnit--PLANNING_GROUP","interaction":{"idSuffix":"inner"}},"clearTextFirst":true,"interactionType":"ENTER_TEXT"}]}
RESULT: {}
RESULT: {"script":"<script> [776 bytes]","args":[{"enterText":"Heavy Equi","selector":{"id":"application-manageresources-display-component---newResourceUnit--PLANNING_GROUP","interaction":{"idSuffix":"inner"}},"clearTextFirst":true,"interactionType":"ENTER_TEXT"}]}
COMMAND: POST /session/3ee3b59268b112783f98a37bc72cbb43/execute/async - {"script":"<script> [1562 bytes]","args":[{"selector":{"id":"application-manageresources-display-component---newResourceUnit--ITEM_TYPE-arrow"},"wdio_ui5_key":"applicationmanageresources-display-component---newResourceUnit--ITEM_TYPE-arrow"}]}
RESULT: {"script":"<script> [1562 bytes]","args":[{"selector":{"id":"application-manageresources-display-component---newResourceUnit--ITEM_TYPE-arrow"},"wdio_ui5_key":"applicationmanageresources-display-component---newResourceUnit--ITEM_TYPE-arrow"}]}
RESULT: undefined
COMMAND: POST /session/3ee3b59268b112783f98a37bc72cbb43/element - {"using":"xpath","value":"//*[@id=\"application-manageresources-display-component---newResourceUnit--ITEM_TYPE-arrow\"]"}
RESULT: {"using":"xpath","value":"//*[@id=\"application-manageresources-display-component---newResourceUnit--ITEM_TYPE-arrow\"]"}
COMMAND: POST /session/3ee3b59268b112783f98a37bc72cbb43/element/f.DDB2A020B38DABC090658DE2C1C505F0.d.89F8558D6D994A1A3ADC5B689F6FD522.e.3190/click - {}
RESULT: {}
COMMAND: POST /session/3ee3b59268b112783f98a37bc72cbb43/element - {"using":"xpath","value":"//ul[contains(@id,\"ITEM_TYPE-popup-list-listUl\")]//li[.//span[contains(text(),\"Resource Unit\")]]"}
COMMAND: GET /session/3ee3b59268b112783f98a37bc72cbb43/screenshot - {}
RESULT: {"using":"xpath","value":"//ul[contains(@id,\"ITEM_TYPE-popup-list-listUl\")]//li[.//span[contains(text(),\"Resource Unit\")]]"}
COMMAND: POST /session/3ee3b59268b112783f98a37bc72cbb43/element/f.DDB2A020B38DABC090658DE2C1C505F0.d.89F8558D6D994A1A3ADC5B689F6FD522.e.3191/click - {}
RESULT: {}
RESULT: {}
COMMAND: GET /session/3ee3b59268b112783f98a37bc72cbb43/screenshot - {}
RESULT: {}
COMMAND: POST /session/3ee3b59268b112783f98a37bc72cbb43/element - {"using":"css selector","value":"#application-manageresources-display-component---newResourceUnit--btnAddTimeSegment"}
RESULT: {"using":"css selector","value":"#application-manageresources-display-component---newResourceUnit--btnAddTimeSegment"}
COMMAND: GET /session/3ee3b59268b112783f98a37bc72cbb43/element/f.DDB2A020B38DABC090658DE2C1C505F0.d.89F8558D6D994A1A3ADC5B689F6FD522.e.3199/rect - {}
RESULT: {}
COMMAND: GET /session/3ee3b59268b112783f98a37bc72cbb43/window/rect - {}
RESULT: {}
COMMAND: POST /session/3ee3b59268b112783f98a37bc72cbb43/execute/sync - {"script":"<script> [92 bytes]","args":[]}
RESULT: {"script":"<script> [92 bytes]","args":[]}
COMMAND: POST /session/3ee3b59268b112783f98a37bc72cbb43/actions - {"actions":[{"id":"action10","type":"wheel","parameters":{},"actions":[{"type":"scroll","x":-1888,"y":-32,"deltaX":0,"deltaY":0,"duration":0,"origin":{"element-6066-11e4-a52e-4f735466cecf":"f.DDB2A020B38DABC090658DE2C1C505F0.d.89F8558D6D994A1A3ADC5B689F6FD522.e.3199"}}]}]}
COMMAND: GET /session/3ee3b59268b112783f98a37bc72cbb43/screenshot - {}
RESULT: {}
COMMAND: POST /session/3ee3b59268b112783f98a37bc72cbb43/execute/sync - {"script":"<script> [79 bytes]","args":[{"element-6066-11e4-a52e-4f735466cecf":"f.DDB2A020B38DABC090658DE2C1C505F0.d.89F8558D6D994A1A3ADC5B689F6FD522.e.3199","ELEMENT":"f.DDB2A020B38DABC090658DE2C1C505F0.d.89F8558D6D994A1A3ADC5B689F6FD522.e.3199"},{"block":"start","inline":"nearest"}]}
RESULT: {"script":"<script> [79 bytes]","args":[{"element-6066-11e4-a52e-4f735466cecf":"f.DDB2A020B38DABC090658DE2C1C505F0.d.89F8558D6D994A1A3ADC5B689F6FD522.e.3199","ELEMENT":"f.DDB2A020B38DABC090658DE2C1C505F0.d.89F8558D6D994A1A3ADC5B689F6FD522.e.3199"},{"block":"start","inline":"nearest"}]}
COMMAND: POST /session/3ee3b59268b112783f98a37bc72cbb43/execute/async - {"script":"<script> [1562 bytes]","args":[{"selector":{"id":"application-manageresources-display-component---newResourceUnit--btnAddTimeSegment","interaction":{"idSuffix":"inner"}},"wdio_ui5_key":"applicationmanageresources-display-component---newResourceUnit--btnAddTimeSegment"}]}
COMMAND: GET /session/3ee3b59268b112783f98a37bc72cbb43/screenshot - {}
RESULT: {"script":"<script> [1562 bytes]","args":[{"selector":{"id":"application-manageresources-display-component---newResourceUnit--btnAddTimeSegment","interaction":{"idSuffix":"inner"}},"wdio_ui5_key":"applicationmanageresources-display-component---newResourceUnit--btnAddTimeSegment"}]}
RESULT: undefined
COMMAND: POST /session/3ee3b59268b112783f98a37bc72cbb43/element - {"using":"xpath","value":"//*[@id=\"application-manageresources-display-component---newResourceUnit--btnAddTimeSegment\"]"}
RESULT: {}
RESULT: {"using":"xpath","value":"//*[@id=\"application-manageresources-display-component---newResourceUnit--btnAddTimeSegment\"]"}
COMMAND: POST /session/3ee3b59268b112783f98a37bc72cbb43/element/f.DDB2A020B38DABC090658DE2C1C505F0.d.89F8558D6D994A1A3ADC5B689F6FD522.e.3199/click - {}
RESULT: {}
COMMAND: GET /session/3ee3b59268b112783f98a37bc72cbb43/screenshot - {}
RESULT: {}
COMMAND: POST /session/3ee3b59268b112783f98a37bc72cbb43/element - {"using":"xpath","value":"//input[@id=\"application-manageresources-display-component---newResourceUnit--idRuTSAdmin-application-manageresources-display-component---newResourceUnit--RUTimeSegment-0-inner\"]"}
RESULT: {"using":"xpath","value":"//input[@id=\"application-manageresources-display-component---newResourceUnit--idRuTSAdmin-application-manageresources-display-component---newResourceUnit--RUTimeSegment-0-inner\"]"}
COMMAND: POST /session/3ee3b59268b112783f98a37bc72cbb43/element/f.DDB2A020B38DABC090658DE2C1C505F0.d.89F8558D6D994A1A3ADC5B689F6FD522.e.3205/clear - {}
RESULT: {}
COMMAND: POST /session/3ee3b59268b112783f98a37bc72cbb43/element/f.DDB2A020B38DABC090658DE2C1C505F0.d.89F8558D6D994A1A3ADC5B689F6FD522.e.3205/value - {"text":"662"}
COMMAND: GET /session/3ee3b59268b112783f98a37bc72cbb43/screenshot - {}
RESULT: {"text":"662"}
COMMAND: GET /session/3ee3b59268b112783f98a37bc72cbb43/screenshot - {}
RESULT: {}
RESULT: {}
COMMAND: POST /session/3ee3b59268b112783f98a37bc72cbb43/element - {"using":"xpath","value":"//li[.//span[text()='662']]"}
RESULT: {"using":"xpath","value":"//li[.//span[text()='662']]"}
COMMAND: POST /session/3ee3b59268b112783f98a37bc72cbb43/element/f.DDB2A020B38DABC090658DE2C1C505F0.d.89F8558D6D994A1A3ADC5B689F6FD522.e.3217/click - {}
RESULT: {}
COMMAND: GET /session/3ee3b59268b112783f98a37bc72cbb43/screenshot - {}
RESULT: {}
COMMAND: POST /session/3ee3b59268b112783f98a37bc72cbb43/element - {"using":"xpath","value":"(//span[contains(@id, \"-application-manageresources-display-component---newResourceUnit--RUTimeSegment-0-arrow\")])[6]"}
RESULT: {"using":"xpath","value":"(//span[contains(@id, \"-application-manageresources-display-component---newResourceUnit--RUTimeSegment-0-arrow\")])[6]"}
COMMAND: POST /session/3ee3b59268b112783f98a37bc72cbb43/element/f.DDB2A020B38DABC090658DE2C1C505F0.d.89F8558D6D994A1A3ADC5B689F6FD522.e.3218/click - {}
RESULT: {}
COMMAND: GET /session/3ee3b59268b112783f98a37bc72cbb43/screenshot - {}
RESULT: {}
COMMAND: POST /session/3ee3b59268b112783f98a37bc72cbb43/element - {"using":"xpath","value":"//span[contains(text(), \"PM Order\")]"}
RESULT: {"using":"xpath","value":"//span[contains(text(), \"PM Order\")]"}
COMMAND: POST /session/3ee3b59268b112783f98a37bc72cbb43/element/f.DDB2A020B38DABC090658DE2C1C505F0.d.89F8558D6D994A1A3ADC5B689F6FD522.e.3221/click - {}
RESULT: {}
COMMAND: GET /session/3ee3b59268b112783f98a37bc72cbb43/screenshot - {}
RESULT: {}
COMMAND: POST /session/3ee3b59268b112783f98a37bc72cbb43/element - {"using":"xpath","value":"(//span[contains(@id ,\"manageresources-display-component---newResourceUnit--RUTimeSegment-0-vhi\")])[1]"}
RESULT: {"using":"xpath","value":"(//span[contains(@id ,\"manageresources-display-component---newResourceUnit--RUTimeSegment-0-vhi\")])[1]"}
COMMAND: GET /session/3ee3b59268b112783f98a37bc72cbb43/element/f.DDB2A020B38DABC090658DE2C1C505F0.d.89F8558D6D994A1A3ADC5B689F6FD522.e.3225/rect - {}
RESULT: {}
COMMAND: GET /session/3ee3b59268b112783f98a37bc72cbb43/window/rect - {}
RESULT: {}
COMMAND: POST /session/3ee3b59268b112783f98a37bc72cbb43/execute/sync - {"script":"<script> [92 bytes]","args":[]}
RESULT: {"script":"<script> [92 bytes]","args":[]}
COMMAND: POST /session/3ee3b59268b112783f98a37bc72cbb43/actions - {"actions":[{"id":"action11","type":"wheel","parameters":{},"actions":[{"type":"scroll","x":-869,"y":-24,"deltaX":0,"deltaY":0,"duration":0,"origin":{"element-6066-11e4-a52e-4f735466cecf":"f.DDB2A020B38DABC090658DE2C1C505F0.d.89F8558D6D994A1A3ADC5B689F6FD522.e.3225"}}]}]}
COMMAND: GET /session/3ee3b59268b112783f98a37bc72cbb43/screenshot - {}
RESULT: {"actions":[{"id":"action11","type":"wheel","parameters":{},"actions":[{"type":"scroll","x":-869,"y":-24,"deltaX":0,"deltaY":0,"duration":0,"origin":{"element-6066-11e4-a52e-4f735466cecf":"f.DDB2A020B38DABC090658DE2C1C505F0.d.89F8558D6D994A1A3ADC5B689F6FD522.e.3225"}}]}]}
COMMAND: DELETE /session/3ee3b59268b112783f98a37bc72cbb43/actions - {}
COMMAND: GET /session/3ee3b59268b112783f98a37bc72cbb43/screenshot - {}
RESULT: {}
RESULT: {}
COMMAND: GET /session/3ee3b59268b112783f98a37bc72cbb43/screenshot - {}
RESULT: {}
RESULT: {}
COMMAND: POST /session/3ee3b59268b112783f98a37bc72cbb43/element/f.DDB2A020B38DABC090658DE2C1C505F0.d.89F8558D6D994A1A3ADC5B689F6FD522.e.3225/click - {}
RESULT: {}
COMMAND: GET /session/3ee3b59268b112783f98a37bc72cbb43/screenshot - {}
RESULT: {}
COMMAND: POST /session/3ee3b59268b112783f98a37bc72cbb43/execute/async - {"script":"<script> [1562 bytes]","args":[{"selector":{"controlType":"sap.m.SearchField","properties":{"placeholder":"Search"},"searchOpenDialogs":true,"interaction":{"idSuffix":"I"}},"wdio_ui5_key":"sapm.SearchField{\"placeholder\":\"Search\"}"}]}
RESULT: {"script":"<script> [1562 bytes]","args":[{"selector":{"controlType":"sap.m.SearchField","properties":{"placeholder":"Search"},"searchOpenDialogs":true,"interaction":{"idSuffix":"I"}},"wdio_ui5_key":"sapm.SearchField{\"placeholder\":\"Search\"}"}]}
RESULT: undefined
COMMAND: POST /session/3ee3b59268b112783f98a37bc72cbb43/execute/async - {"script":"<script> [776 bytes]","args":[{"enterText":"4000360","selector":{"controlType":"sap.m.SearchField","properties":{"placeholder":"Search"},"searchOpenDialogs":true,"interaction":{"idSuffix":"I"}},"clearTextFirst":true,"interactionType":"ENTER_TEXT"}]}
RESULT: {"script":"<script> [776 bytes]","args":[{"enterText":"4000360","selector":{"controlType":"sap.m.SearchField","properties":{"placeholder":"Search"},"searchOpenDialogs":true,"interaction":{"idSuffix":"I"}},"clearTextFirst":true,"interactionType":"ENTER_TEXT"}]}
COMMAND: POST /session/3ee3b59268b112783f98a37bc72cbb43/actions - {"actions":[{"id":"action12","type":"key","parameters":{},"actions":[{"type":"keyDown","value":"î€‡"},{"type":"pause","duration":10},{"type":"keyUp","value":"î€‡"}]}]}
RESULT: {"actions":[{"id":"action12","type":"key","parameters":{},"actions":[{"type":"keyDown","value":"î€‡"},{"type":"pause","duration":10},{"type":"keyUp","value":"î€‡"}]}]}
COMMAND: GET /session/3ee3b59268b112783f98a37bc72cbb43/screenshot - {}
RESULT: {}
COMMAND: POST /session/3ee3b59268b112783f98a37bc72cbb43/element - {"using":"xpath","value":"//td/div/span[contains(text(), \"BGL Vehicles\")]"}
RESULT: {"using":"xpath","value":"//td/div/span[contains(text(), \"BGL Vehicles\")]"}
COMMAND: POST /session/3ee3b59268b112783f98a37bc72cbb43/element/f.DDB2A020B38DABC090658DE2C1C505F0.d.89F8558D6D994A1A3ADC5B689F6FD522.e.3248/click - {}
RESULT: {}
COMMAND: GET /session/3ee3b59268b112783f98a37bc72cbb43/screenshot - {}
RESULT: {}
COMMAND: POST /session/3ee3b59268b112783f98a37bc72cbb43/element - {"using":"xpath","value":"//bdi[contains(text(), \"OK\")]"}
RESULT: {"using":"xpath","value":"//bdi[contains(text(), \"OK\")]"}
COMMAND: POST /session/3ee3b59268b112783f98a37bc72cbb43/element/f.DDB2A020B38DABC090658DE2C1C505F0.d.89F8558D6D994A1A3ADC5B689F6FD522.e.3249/click - {}
RESULT: {}
COMMAND: GET /session/3ee3b59268b112783f98a37bc72cbb43/screenshot - {}
RESULT: {}
COMMAND: POST /session/3ee3b59268b112783f98a37bc72cbb43/execute/async - {"script":"<script> [1562 bytes]","args":[{"selector":{"id":"application-manageresources-display-component---newResourceUnit--newRRUPage-anchBar-application-manageresources-display-component---newResourceUnit--resource-anchor","interaction":{"idSuffix":"BDI-content"}},"wdio_ui5_key":"applicationmanageresources-display-component---newResourceUnit--newRRUPage-anchBar-application-manageresources-display-component---newResourceUnit--resource-anchor"}]}
RESULT: {"script":"<script> [1562 bytes]","args":[{"selector":{"id":"application-manageresources-display-component---newResourceUnit--newRRUPage-anchBar-application-manageresources-display-component---newResourceUnit--resource-anchor","interaction":{"idSuffix":"BDI-content"}},"wdio_ui5_key":"applicationmanageresources-display-component---newResourceUnit--newRRUPage-anchBar-application-manageresources-display-component---newResourceUnit--resource-anchor"}]}
RESULT: undefined
COMMAND: POST /session/3ee3b59268b112783f98a37bc72cbb43/element - {"using":"xpath","value":"//*[@id=\"application-manageresources-display-component---newResourceUnit--newRRUPage-anchBar-application-manageresources-display-component---newResourceUnit--resource-anchor\"]"}
RESULT: {"using":"xpath","value":"//*[@id=\"application-manageresources-display-component---newResourceUnit--newRRUPage-anchBar-application-manageresources-display-component---newResourceUnit--resource-anchor\"]"}
COMMAND: POST /session/3ee3b59268b112783f98a37bc72cbb43/element/f.DDB2A020B38DABC090658DE2C1C505F0.d.89F8558D6D994A1A3ADC5B689F6FD522.e.3253/click - {}
RESULT: {}
COMMAND: POST /session/3ee3b59268b112783f98a37bc72cbb43/execute/async - {"script":"<script> [1562 bytes]","args":[{"selector":{"id":"application-manageresources-display-component---newResourceUnit--PLANNED_DELIVERY_DATE","interaction":{"idSuffix":"inner"}},"wdio_ui5_key":"applicationmanageresources-display-component---newResourceUnit--PLANNED_DELIVERY_DATE"}]}
COMMAND: GET /session/3ee3b59268b112783f98a37bc72cbb43/screenshot - {}
RESULT: {"script":"<script> [1562 bytes]","args":[{"selector":{"id":"application-manageresources-display-component---newResourceUnit--PLANNED_DELIVERY_DATE","interaction":{"idSuffix":"inner"}},"wdio_ui5_key":"applicationmanageresources-display-component---newResourceUnit--PLANNED_DELIVERY_DATE"}]}
RESULT: undefined
COMMAND: POST /session/3ee3b59268b112783f98a37bc72cbb43/execute/async - {"script":"<script> [6424 bytes]","args":[{"element-6066-11e4-a52e-4f735466cecf":"f.DDB2A020B38DABC090658DE2C1C505F0.d.89F8558D6D994A1A3ADC5B689F6FD522.e.3079"},"setValue",["6/4/25"]]}
RESULT: {}
RESULT: {"script":"<script> [6424 bytes]","args":[{"element-6066-11e4-a52e-4f735466cecf":"f.DDB2A020B38DABC090658DE2C1C505F0.d.89F8558D6D994A1A3ADC5B689F6FD522.e.3079"},"setValue",["6/4/25"]]}
COMMAND: POST /session/3ee3b59268b112783f98a37bc72cbb43/element - {"using":"xpath","value":"//label[contains(@class, 'sapMLabelRequired') and .//bdi[contains(text(), 'Planned Retirement')]]"}
RESULT: {"using":"xpath","value":"//label[contains(@class, 'sapMLabelRequired') and .//bdi[contains(text(), 'Planned Retirement')]]"}
COMMAND: POST /session/3ee3b59268b112783f98a37bc72cbb43/elements - {"using":"xpath","value":"//label[contains(@class, 'sapMLabelRequired') and .//bdi[contains(text(), 'Planned Retirement')]]"}
RESULT: {"using":"xpath","value":"//label[contains(@class, 'sapMLabelRequired') and .//bdi[contains(text(), 'Planned Retirement')]]"}
COMMAND: POST /session/3ee3b59268b112783f98a37bc72cbb43/element - {"using":"xpath","value":"//button[@data-kt=\"resourceUnitSaveButton\"]"}
RESULT: {"using":"xpath","value":"//button[@data-kt=\"resourceUnitSaveButton\"]"}
COMMAND: POST /session/3ee3b59268b112783f98a37bc72cbb43/element/f.DDB2A020B38DABC090658DE2C1C505F0.d.89F8558D6D994A1A3ADC5B689F6FD522.e.3039/click - {}
RESULT: {}
COMMAND: GET /session/3ee3b59268b112783f98a37bc72cbb43/screenshot - {}
RESULT: {}
COMMAND: POST /session/3ee3b59268b112783f98a37bc72cbb43/element - {"using":"xpath","value":"//bdi[contains(text(), \"Close\")]"}
RESULT: {"using":"xpath","value":"//bdi[contains(text(), \"Close\")]"}
COMMAND: POST /session/3ee3b59268b112783f98a37bc72cbb43/element/f.DDB2A020B38DABC090658DE2C1C505F0.d.89F8558D6D994A1A3ADC5B689F6FD522.e.3263/click - {}
RESULT: {}
COMMAND: GET /session/3ee3b59268b112783f98a37bc72cbb43/screenshot - {}
RESULT: {}
COMMAND: POST /session/3ee3b59268b112783f98a37bc72cbb43/element - {"using":"xpath","value":"(//button[contains(@id ,\"actionsToolbar-overflowButton\")])[1]"}
RESULT: {"using":"xpath","value":"(//button[contains(@id ,\"actionsToolbar-overflowButton\")])[1]"}
COMMAND: POST /session/3ee3b59268b112783f98a37bc72cbb43/element/f.DDB2A020B38DABC090658DE2C1C505F0.d.89F8558D6D994A1A3ADC5B689F6FD522.e.3297/click - {}
RESULT: {}
COMMAND: GET /session/3ee3b59268b112783f98a37bc72cbb43/screenshot - {}
RESULT: {}
COMMAND: POST /session/3ee3b59268b112783f98a37bc72cbb43/element - {"using":"xpath","value":"//button[@data-kt=\"priceInfoButton\"]"}
RESULT: {"using":"xpath","value":"//button[@data-kt=\"priceInfoButton\"]"}
COMMAND: POST /session/3ee3b59268b112783f98a37bc72cbb43/element/f.DDB2A020B38DABC090658DE2C1C505F0.d.89F8558D6D994A1A3ADC5B689F6FD522.e.3299/click - {}
RESULT: {}
COMMAND: GET /session/3ee3b59268b112783f98a37bc72cbb43/screenshot - {}
RESULT: {}
]]></system-out>
    </testcase>
    <testcase classname="chrome.137_0_7151_56.windows.Billing_confirm_US117289" name="Should create new pricing rule" time="54.963">
      <system-out><![CDATA[
COMMAND: POST /session/3ee3b59268b112783f98a37bc72cbb43/element - {"using":"xpath","value":"//button[@data-kt=\"addButton\"]"}
RESULT: {"using":"xpath","value":"//button[@data-kt=\"addButton\"]"}
COMMAND: POST /session/3ee3b59268b112783f98a37bc72cbb43/elements - {"using":"xpath","value":"//button[@data-kt=\"addButton\"]"}
RESULT: {"using":"xpath","value":"//button[@data-kt=\"addButton\"]"}
COMMAND: POST /session/3ee3b59268b112783f98a37bc72cbb43/execute/sync - {"script":"<script> [8489 bytes]","args":[{"element-6066-11e4-a52e-4f735466cecf":"f.DDB2A020B38DABC090658DE2C1C505F0.d.89F8558D6D994A1A3ADC5B689F6FD522.e.3337","ELEMENT":"f.DDB2A020B38DABC090658DE2C1C505F0.d.89F8558D6D994A1A3ADC5B689F6FD522.e.3337"}]}
RESULT: {"script":"<script> [8489 bytes]","args":[{"element-6066-11e4-a52e-4f735466cecf":"f.DDB2A020B38DABC090658DE2C1C505F0.d.89F8558D6D994A1A3ADC5B689F6FD522.e.3337","ELEMENT":"f.DDB2A020B38DABC090658DE2C1C505F0.d.89F8558D6D994A1A3ADC5B689F6FD522.e.3337"}]}
COMMAND: GET /session/3ee3b59268b112783f98a37bc72cbb43/element/f.DDB2A020B38DABC090658DE2C1C505F0.d.89F8558D6D994A1A3ADC5B689F6FD522.e.3337/enabled - {}
COMMAND: GET /session/3ee3b59268b112783f98a37bc72cbb43/screenshot - {}
RESULT: {}
RESULT: {}
COMMAND: POST /session/3ee3b59268b112783f98a37bc72cbb43/execute/sync - {"script":"<script> [8489 bytes]","args":[{"element-6066-11e4-a52e-4f735466cecf":"f.DDB2A020B38DABC090658DE2C1C505F0.d.89F8558D6D994A1A3ADC5B689F6FD522.e.3337","ELEMENT":"f.DDB2A020B38DABC090658DE2C1C505F0.d.89F8558D6D994A1A3ADC5B689F6FD522.e.3337"}]}
COMMAND: GET /session/3ee3b59268b112783f98a37bc72cbb43/screenshot - {}
RESULT: {"script":"<script> [8489 bytes]","args":[{"element-6066-11e4-a52e-4f735466cecf":"f.DDB2A020B38DABC090658DE2C1C505F0.d.89F8558D6D994A1A3ADC5B689F6FD522.e.3337","ELEMENT":"f.DDB2A020B38DABC090658DE2C1C505F0.d.89F8558D6D994A1A3ADC5B689F6FD522.e.3337"}]}
COMMAND: POST /session/3ee3b59268b112783f98a37bc72cbb43/execute/sync - {"script":"<script> [5351 bytes]","args":[{"element-6066-11e4-a52e-4f735466cecf":"f.DDB2A020B38DABC090658DE2C1C505F0.d.89F8558D6D994A1A3ADC5B689F6FD522.e.3337","ELEMENT":"f.DDB2A020B38DABC090658DE2C1C505F0.d.89F8558D6D994A1A3ADC5B689F6FD522.e.3337"}]}
COMMAND: GET /session/3ee3b59268b112783f98a37bc72cbb43/screenshot - {}
RESULT: {}
RESULT: {"script":"<script> [5351 bytes]","args":[{"element-6066-11e4-a52e-4f735466cecf":"f.DDB2A020B38DABC090658DE2C1C505F0.d.89F8558D6D994A1A3ADC5B689F6FD522.e.3337","ELEMENT":"f.DDB2A020B38DABC090658DE2C1C505F0.d.89F8558D6D994A1A3ADC5B689F6FD522.e.3337"}]}
COMMAND: POST /session/3ee3b59268b112783f98a37bc72cbb43/element/f.DDB2A020B38DABC090658DE2C1C505F0.d.89F8558D6D994A1A3ADC5B689F6FD522.e.3337/click - {}
COMMAND: GET /session/3ee3b59268b112783f98a37bc72cbb43/screenshot - {}
RESULT: {}
RESULT: {}
COMMAND: GET /session/3ee3b59268b112783f98a37bc72cbb43/screenshot - {}
RESULT: {}
RESULT: {}
COMMAND: POST /session/3ee3b59268b112783f98a37bc72cbb43/execute/async - {"script":"<script> [1562 bytes]","args":[{"selector":{"controlType":"sap.m.Title","viewName":"etm.portal.ui.managepricingrules.view.NewItem","viewId":"application-managepricingrules-display-component---newInfoPriceItem","properties":{"text":"New Pricing Rules - Item Level"}},"wdio_ui5_key":"etmportal.ui.managepricingrules.view.NewItemsap.m.Title{\"text\":\"New Pricing Rules - Item Level\"}"}]}
RESULT: {"script":"<script> [1562 bytes]","args":[{"selector":{"controlType":"sap.m.Title","viewName":"etm.portal.ui.managepricingrules.view.NewItem","viewId":"application-managepricingrules-display-component---newInfoPriceItem","properties":{"text":"New Pricing Rules - Item Level"}},"wdio_ui5_key":"etmportal.ui.managepricingrules.view.NewItemsap.m.Title{\"text\":\"New Pricing Rules - Item Level\"}"}]}
RESULT: undefined
COMMAND: POST /session/3ee3b59268b112783f98a37bc72cbb43/execute/async - {"script":"<script> [6424 bytes]","args":[{"element-6066-11e4-a52e-4f735466cecf":"f.DDB2A020B38DABC090658DE2C1C505F0.d.89F8558D6D994A1A3ADC5B689F6FD522.e.3464"},"getText",[]]}
RESULT: {"script":"<script> [6424 bytes]","args":[{"element-6066-11e4-a52e-4f735466cecf":"f.DDB2A020B38DABC090658DE2C1C505F0.d.89F8558D6D994A1A3ADC5B689F6FD522.e.3464"},"getText",[]]}
COMMAND: POST /session/3ee3b59268b112783f98a37bc72cbb43/execute/async - {"script":"<script> [1562 bytes]","args":[{"selector":{"id":"application-managepricingrules-display-component---newInfoPriceItem--condValidTo","interaction":{"idSuffix":"inner"}},"wdio_ui5_key":"applicationmanagepricingrules-display-component---newInfoPriceItem--condValidTo"}]}
RESULT: {"script":"<script> [1562 bytes]","args":[{"selector":{"id":"application-managepricingrules-display-component---newInfoPriceItem--condValidTo","interaction":{"idSuffix":"inner"}},"wdio_ui5_key":"applicationmanagepricingrules-display-component---newInfoPriceItem--condValidTo"}]}
RESULT: undefined
COMMAND: POST /session/3ee3b59268b112783f98a37bc72cbb43/execute/async - {"script":"<script> [776 bytes]","args":[{"enterText":"2/4/26","selector":{"id":"application-managepricingrules-display-component---newInfoPriceItem--condValidTo","interaction":{"idSuffix":"inner"}},"clearTextFirst":true,"interactionType":"ENTER_TEXT"}]}
RESULT: {"script":"<script> [776 bytes]","args":[{"enterText":"2/4/26","selector":{"id":"application-managepricingrules-display-component---newInfoPriceItem--condValidTo","interaction":{"idSuffix":"inner"}},"clearTextFirst":true,"interactionType":"ENTER_TEXT"}]}
COMMAND: POST /session/3ee3b59268b112783f98a37bc72cbb43/execute/async - {"script":"<script> [1562 bytes]","args":[{"selector":{"id":"application-managepricingrules-display-component---newInfoPriceItem--billType-arrow"},"wdio_ui5_key":"applicationmanagepricingrules-display-component---newInfoPriceItem--billType-arrow"}]}
RESULT: {"script":"<script> [1562 bytes]","args":[{"selector":{"id":"application-managepricingrules-display-component---newInfoPriceItem--billType-arrow"},"wdio_ui5_key":"applicationmanagepricingrules-display-component---newInfoPriceItem--billType-arrow"}]}
RESULT: undefined
COMMAND: POST /session/3ee3b59268b112783f98a37bc72cbb43/element - {"using":"xpath","value":"//*[@id=\"application-managepricingrules-display-component---newInfoPriceItem--billType-arrow\"]"}
RESULT: {"using":"xpath","value":"//*[@id=\"application-managepricingrules-display-component---newInfoPriceItem--billType-arrow\"]"}
COMMAND: POST /session/3ee3b59268b112783f98a37bc72cbb43/element/f.DDB2A020B38DABC090658DE2C1C505F0.d.89F8558D6D994A1A3ADC5B689F6FD522.e.3466/click - {}
RESULT: {}
COMMAND: POST /session/3ee3b59268b112783f98a37bc72cbb43/element - {"using":"xpath","value":"//span[contains(text(), \"TB - Time based\")]"}
COMMAND: GET /session/3ee3b59268b112783f98a37bc72cbb43/screenshot - {}
RESULT: {"using":"xpath","value":"//span[contains(text(), \"TB - Time based\")]"}
COMMAND: POST /session/3ee3b59268b112783f98a37bc72cbb43/element/f.DDB2A020B38DABC090658DE2C1C505F0.d.89F8558D6D994A1A3ADC5B689F6FD522.e.3467/click - {}
RESULT: {}
RESULT: {}
COMMAND: POST /session/3ee3b59268b112783f98a37bc72cbb43/execute/async - {"script":"<script> [1562 bytes]","args":[{"selector":{"id":"application-managepricingrules-display-component---newInfoPriceItem--priceProc-arrow"},"wdio_ui5_key":"applicationmanagepricingrules-display-component---newInfoPriceItem--priceProc-arrow"}]}
COMMAND: GET /session/3ee3b59268b112783f98a37bc72cbb43/screenshot - {}
RESULT: {"script":"<script> [1562 bytes]","args":[{"selector":{"id":"application-managepricingrules-display-component---newInfoPriceItem--priceProc-arrow"},"wdio_ui5_key":"applicationmanagepricingrules-display-component---newInfoPriceItem--priceProc-arrow"}]}
RESULT: undefined
COMMAND: POST /session/3ee3b59268b112783f98a37bc72cbb43/element - {"using":"xpath","value":"//*[@id=\"application-managepricingrules-display-component---newInfoPriceItem--priceProc-arrow\"]"}
RESULT: {}
RESULT: {"using":"xpath","value":"//*[@id=\"application-managepricingrules-display-component---newInfoPriceItem--priceProc-arrow\"]"}
COMMAND: POST /session/3ee3b59268b112783f98a37bc72cbb43/element/f.DDB2A020B38DABC090658DE2C1C505F0.d.89F8558D6D994A1A3ADC5B689F6FD522.e.3468/click - {}
RESULT: {}
COMMAND: POST /session/3ee3b59268b112783f98a37bc72cbb43/element - {"using":"xpath","value":"//span[contains(text(), \"TBS - Time based standard\")]"}
COMMAND: GET /session/3ee3b59268b112783f98a37bc72cbb43/screenshot - {}
RESULT: {"using":"xpath","value":"//span[contains(text(), \"TBS - Time based standard\")]"}
COMMAND: POST /session/3ee3b59268b112783f98a37bc72cbb43/element/f.DDB2A020B38DABC090658DE2C1C505F0.d.89F8558D6D994A1A3ADC5B689F6FD522.e.3469/click - {}
RESULT: {}
RESULT: {}
COMMAND: POST /session/3ee3b59268b112783f98a37bc72cbb43/execute/async - {"script":"<script> [1562 bytes]","args":[{"selector":{"id":"application-managepricingrules-display-component---newInfoPriceItem--calcBase-arrow"},"wdio_ui5_key":"applicationmanagepricingrules-display-component---newInfoPriceItem--calcBase-arrow"}]}
COMMAND: GET /session/3ee3b59268b112783f98a37bc72cbb43/screenshot - {}
RESULT: {"script":"<script> [1562 bytes]","args":[{"selector":{"id":"application-managepricingrules-display-component---newInfoPriceItem--calcBase-arrow"},"wdio_ui5_key":"applicationmanagepricingrules-display-component---newInfoPriceItem--calcBase-arrow"}]}
RESULT: undefined
COMMAND: POST /session/3ee3b59268b112783f98a37bc72cbb43/element - {"using":"xpath","value":"//*[@id=\"application-managepricingrules-display-component---newInfoPriceItem--calcBase-arrow\"]"}
RESULT: {}
RESULT: {"using":"xpath","value":"//*[@id=\"application-managepricingrules-display-component---newInfoPriceItem--calcBase-arrow\"]"}
COMMAND: POST /session/3ee3b59268b112783f98a37bc72cbb43/element/f.DDB2A020B38DABC090658DE2C1C505F0.d.89F8558D6D994A1A3ADC5B689F6FD522.e.3440/click - {}
RESULT: {}
COMMAND: GET /session/3ee3b59268b112783f98a37bc72cbb43/screenshot - {}
RESULT: {}
COMMAND: POST /session/3ee3b59268b112783f98a37bc72cbb43/element - {"using":"xpath","value":"//span[contains(text(), \"0006 - TB(calendar days)\")]"}
RESULT: {"using":"xpath","value":"//span[contains(text(), \"0006 - TB(calendar days)\")]"}
COMMAND: POST /session/3ee3b59268b112783f98a37bc72cbb43/element/f.DDB2A020B38DABC090658DE2C1C505F0.d.89F8558D6D994A1A3ADC5B689F6FD522.e.3470/click - {}
RESULT: {}
COMMAND: GET /session/3ee3b59268b112783f98a37bc72cbb43/screenshot - {}
RESULT: {}
COMMAND: POST /session/3ee3b59268b112783f98a37bc72cbb43/execute/async - {"script":"<script> [1562 bytes]","args":[{"selector":{"id":"application-managepricingrules-display-component---newInfoPriceItem--daysMonth","interaction":{"idSuffix":"inner"}},"wdio_ui5_key":"applicationmanagepricingrules-display-component---newInfoPriceItem--daysMonth"}]}
RESULT: {"script":"<script> [1562 bytes]","args":[{"selector":{"id":"application-managepricingrules-display-component---newInfoPriceItem--daysMonth","interaction":{"idSuffix":"inner"}},"wdio_ui5_key":"applicationmanagepricingrules-display-component---newInfoPriceItem--daysMonth"}]}
RESULT: undefined
COMMAND: POST /session/3ee3b59268b112783f98a37bc72cbb43/execute/async - {"script":"<script> [776 bytes]","args":[{"enterText":"30","selector":{"id":"application-managepricingrules-display-component---newInfoPriceItem--daysMonth","interaction":{"idSuffix":"inner"}},"clearTextFirst":true,"interactionType":"ENTER_TEXT"}]}
RESULT: {"script":"<script> [776 bytes]","args":[{"enterText":"30","selector":{"id":"application-managepricingrules-display-component---newInfoPriceItem--daysMonth","interaction":{"idSuffix":"inner"}},"clearTextFirst":true,"interactionType":"ENTER_TEXT"}]}
COMMAND: POST /session/3ee3b59268b112783f98a37bc72cbb43/element - {"using":"xpath","value":"//button[@data-kt=\"saveNewRuleButton\"]"}
RESULT: {"using":"xpath","value":"//button[@data-kt=\"saveNewRuleButton\"]"}
COMMAND: POST /session/3ee3b59268b112783f98a37bc72cbb43/element/f.DDB2A020B38DABC090658DE2C1C505F0.d.89F8558D6D994A1A3ADC5B689F6FD522.e.3452/click - {}
RESULT: {}
COMMAND: GET /session/3ee3b59268b112783f98a37bc72cbb43/screenshot - {}
RESULT: {}
COMMAND: POST /session/3ee3b59268b112783f98a37bc72cbb43/execute/async - {"script":"<script> [1562 bytes]","args":[{"selector":{"id":"application-managepricingrules-display-component---priceInfoItem--smartFilterBar-btnBasicSearch","interaction":{"idSuffix":"I"}},"wdio_ui5_key":"applicationmanagepricingrules-display-component---priceInfoItem--smartFilterBar-btnBasicSearch"}]}
RESULT: {"script":"<script> [1562 bytes]","args":[{"selector":{"id":"application-managepricingrules-display-component---priceInfoItem--smartFilterBar-btnBasicSearch","interaction":{"idSuffix":"I"}},"wdio_ui5_key":"applicationmanagepricingrules-display-component---priceInfoItem--smartFilterBar-btnBasicSearch"}]}
RESULT: undefined
COMMAND: POST /session/3ee3b59268b112783f98a37bc72cbb43/execute/async - {"script":"<script> [776 bytes]","args":[{"enterText":"7OGJ9T2yM7","selector":{"id":"application-managepricingrules-display-component---priceInfoItem--smartFilterBar-btnBasicSearch","interaction":{"idSuffix":"I"}},"clearTextFirst":true,"interactionType":"ENTER_TEXT"}]}
RESULT: {"script":"<script> [776 bytes]","args":[{"enterText":"7OGJ9T2yM7","selector":{"id":"application-managepricingrules-display-component---priceInfoItem--smartFilterBar-btnBasicSearch","interaction":{"idSuffix":"I"}},"clearTextFirst":true,"interactionType":"ENTER_TEXT"}]}
COMMAND: POST /session/3ee3b59268b112783f98a37bc72cbb43/actions - {"actions":[{"id":"action13","type":"key","parameters":{},"actions":[{"type":"keyDown","value":"î€‡"},{"type":"pause","duration":10},{"type":"keyUp","value":"î€‡"}]}]}
RESULT: {"actions":[{"id":"action13","type":"key","parameters":{},"actions":[{"type":"keyDown","value":"î€‡"},{"type":"pause","duration":10},{"type":"keyUp","value":"î€‡"}]}]}
COMMAND: GET /session/3ee3b59268b112783f98a37bc72cbb43/screenshot - {}
RESULT: {}
COMMAND: POST /session/3ee3b59268b112783f98a37bc72cbb43/element - {"using":"xpath","value":"//span[@id=\"application-managepricingrules-display-component---priceInfoItem--smartTable-header-inner\"]"}
RESULT: {"using":"xpath","value":"//span[@id=\"application-managepricingrules-display-component---priceInfoItem--smartTable-header-inner\"]"}
COMMAND: POST /session/3ee3b59268b112783f98a37bc72cbb43/elements - {"using":"xpath","value":"//span[@id=\"application-managepricingrules-display-component---priceInfoItem--smartTable-header-inner\"]"}
RESULT: {"using":"xpath","value":"//span[@id=\"application-managepricingrules-display-component---priceInfoItem--smartTable-header-inner\"]"}
COMMAND: POST /session/3ee3b59268b112783f98a37bc72cbb43/execute/sync - {"script":"<script> [56 bytes]","args":[{"element-6066-11e4-a52e-4f735466cecf":"f.DDB2A020B38DABC090658DE2C1C505F0.d.89F8558D6D994A1A3ADC5B689F6FD522.e.3494","ELEMENT":"f.DDB2A020B38DABC090658DE2C1C505F0.d.89F8558D6D994A1A3ADC5B689F6FD522.e.3494"}]}
RESULT: {"script":"<script> [56 bytes]","args":[{"element-6066-11e4-a52e-4f735466cecf":"f.DDB2A020B38DABC090658DE2C1C505F0.d.89F8558D6D994A1A3ADC5B689F6FD522.e.3494","ELEMENT":"f.DDB2A020B38DABC090658DE2C1C505F0.d.89F8558D6D994A1A3ADC5B689F6FD522.e.3494"}]}
COMMAND: POST /session/3ee3b59268b112783f98a37bc72cbb43/element - {"using":"css selector","value":"#shell-header-logo"}
COMMAND: GET /session/3ee3b59268b112783f98a37bc72cbb43/screenshot - {}
RESULT: {"using":"css selector","value":"#shell-header-logo"}
COMMAND: POST /session/3ee3b59268b112783f98a37bc72cbb43/element/f.DDB2A020B38DABC090658DE2C1C505F0.d.89F8558D6D994A1A3ADC5B689F6FD522.e.2627/click - {}
RESULT: {}
RESULT: {}
COMMAND: GET /session/3ee3b59268b112783f98a37bc72cbb43/screenshot - {}
RESULT: {}
]]></system-out>
    </testcase>
    <testcase classname="chrome.137_0_7151_56.windows.Billing_confirm_US117289" name="Should create new condition for equipment" time="69.059">
      <system-out><![CDATA[
COMMAND: POST /session/3ee3b59268b112783f98a37bc72cbb43/execute/async - {"script":"<script> [1562 bytes]","args":[{"selector":{"controlType":"sap.m.GenericTile","properties":{"header":"Manage Conditions & Prices"}},"wdio_ui5_key":"sapm.GenericTile{\"header\":\"Manage Conditions & Prices\"}"}]}
RESULT: {"script":"<script> [1562 bytes]","args":[{"selector":{"controlType":"sap.m.GenericTile","properties":{"header":"Manage Conditions & Prices"}},"wdio_ui5_key":"sapm.GenericTile{\"header\":\"Manage Conditions & Prices\"}"}]}
RESULT: undefined
COMMAND: POST /session/3ee3b59268b112783f98a37bc72cbb43/element - {"using":"xpath","value":"//*[@id=\"__tile93\"]"}
RESULT: {"using":"xpath","value":"//*[@id=\"__tile93\"]"}
COMMAND: POST /session/3ee3b59268b112783f98a37bc72cbb43/element/f.DDB2A020B38DABC090658DE2C1C505F0.d.89F8558D6D994A1A3ADC5B689F6FD522.e.2611/click - {}
RESULT: {}
COMMAND: GET /session/3ee3b59268b112783f98a37bc72cbb43/screenshot - {}
RESULT: {}
COMMAND: POST /session/3ee3b59268b112783f98a37bc72cbb43/elements - {"using":"xpath","value":"//span[text()='Error']"}
RESULT: {"using":"xpath","value":"//span[text()='Error']"}
COMMAND: POST /session/3ee3b59268b112783f98a37bc72cbb43/element - {"using":"xpath","value":"//button[@aria-label=\"Create\"]"}
RESULT: {"using":"xpath","value":"//button[@aria-label=\"Create\"]"}
COMMAND: POST /session/3ee3b59268b112783f98a37bc72cbb43/elements - {"using":"xpath","value":"//button[@aria-label=\"Create\"]"}
RESULT: {"using":"xpath","value":"//button[@aria-label=\"Create\"]"}
COMMAND: POST /session/3ee3b59268b112783f98a37bc72cbb43/execute/sync - {"script":"<script> [8489 bytes]","args":[{"element-6066-11e4-a52e-4f735466cecf":"f.DDB2A020B38DABC090658DE2C1C505F0.d.89F8558D6D994A1A3ADC5B689F6FD522.e.3529","ELEMENT":"f.DDB2A020B38DABC090658DE2C1C505F0.d.89F8558D6D994A1A3ADC5B689F6FD522.e.3529"}]}
RESULT: {"script":"<script> [8489 bytes]","args":[{"element-6066-11e4-a52e-4f735466cecf":"f.DDB2A020B38DABC090658DE2C1C505F0.d.89F8558D6D994A1A3ADC5B689F6FD522.e.3529","ELEMENT":"f.DDB2A020B38DABC090658DE2C1C505F0.d.89F8558D6D994A1A3ADC5B689F6FD522.e.3529"}]}
COMMAND: GET /session/3ee3b59268b112783f98a37bc72cbb43/element/f.DDB2A020B38DABC090658DE2C1C505F0.d.89F8558D6D994A1A3ADC5B689F6FD522.e.3529/enabled - {}
COMMAND: GET /session/3ee3b59268b112783f98a37bc72cbb43/screenshot - {}
RESULT: {}
COMMAND: POST /session/3ee3b59268b112783f98a37bc72cbb43/execute/sync - {"script":"<script> [8489 bytes]","args":[{"element-6066-11e4-a52e-4f735466cecf":"f.DDB2A020B38DABC090658DE2C1C505F0.d.89F8558D6D994A1A3ADC5B689F6FD522.e.3529","ELEMENT":"f.DDB2A020B38DABC090658DE2C1C505F0.d.89F8558D6D994A1A3ADC5B689F6FD522.e.3529"}]}
COMMAND: GET /session/3ee3b59268b112783f98a37bc72cbb43/screenshot - {}
RESULT: {}
RESULT: {"script":"<script> [8489 bytes]","args":[{"element-6066-11e4-a52e-4f735466cecf":"f.DDB2A020B38DABC090658DE2C1C505F0.d.89F8558D6D994A1A3ADC5B689F6FD522.e.3529","ELEMENT":"f.DDB2A020B38DABC090658DE2C1C505F0.d.89F8558D6D994A1A3ADC5B689F6FD522.e.3529"}]}
COMMAND: POST /session/3ee3b59268b112783f98a37bc72cbb43/execute/sync - {"script":"<script> [5351 bytes]","args":[{"element-6066-11e4-a52e-4f735466cecf":"f.DDB2A020B38DABC090658DE2C1C505F0.d.89F8558D6D994A1A3ADC5B689F6FD522.e.3529","ELEMENT":"f.DDB2A020B38DABC090658DE2C1C505F0.d.89F8558D6D994A1A3ADC5B689F6FD522.e.3529"}]}
COMMAND: GET /session/3ee3b59268b112783f98a37bc72cbb43/screenshot - {}
RESULT: {}
RESULT: {"script":"<script> [5351 bytes]","args":[{"element-6066-11e4-a52e-4f735466cecf":"f.DDB2A020B38DABC090658DE2C1C505F0.d.89F8558D6D994A1A3ADC5B689F6FD522.e.3529","ELEMENT":"f.DDB2A020B38DABC090658DE2C1C505F0.d.89F8558D6D994A1A3ADC5B689F6FD522.e.3529"}]}
COMMAND: POST /session/3ee3b59268b112783f98a37bc72cbb43/element/f.DDB2A020B38DABC090658DE2C1C505F0.d.89F8558D6D994A1A3ADC5B689F6FD522.e.3529/click - {}
COMMAND: GET /session/3ee3b59268b112783f98a37bc72cbb43/screenshot - {}
RESULT: {}
RESULT: {}
COMMAND: GET /session/3ee3b59268b112783f98a37bc72cbb43/screenshot - {}
RESULT: {}
RESULT: {}
COMMAND: POST /session/3ee3b59268b112783f98a37bc72cbb43/actions - {"actions":[{"id":"action14","type":"key","parameters":{},"actions":[{"type":"keyDown","value":"î€‡"},{"type":"pause","duration":10},{"type":"keyUp","value":"î€‡"}]}]}
RESULT: {"actions":[{"id":"action14","type":"key","parameters":{},"actions":[{"type":"keyDown","value":"î€‡"},{"type":"pause","duration":10},{"type":"keyUp","value":"î€‡"}]}]}
COMMAND: GET /session/3ee3b59268b112783f98a37bc72cbb43/screenshot - {}
RESULT: {}
COMMAND: POST /session/3ee3b59268b112783f98a37bc72cbb43/execute/async - {"script":"<script> [1562 bytes]","args":[{"selector":{"id":"application-manageconditionprice-display-component---newCondition--condBillCond-arrow"},"wdio_ui5_key":"applicationmanageconditionprice-display-component---newCondition--condBillCond-arrow"}]}
RESULT: {"script":"<script> [1562 bytes]","args":[{"selector":{"id":"application-manageconditionprice-display-component---newCondition--condBillCond-arrow"},"wdio_ui5_key":"applicationmanageconditionprice-display-component---newCondition--condBillCond-arrow"}]}
RESULT: undefined
COMMAND: POST /session/3ee3b59268b112783f98a37bc72cbb43/element - {"using":"xpath","value":"//*[@id=\"application-manageconditionprice-display-component---newCondition--condBillCond-arrow\"]"}
RESULT: {"using":"xpath","value":"//*[@id=\"application-manageconditionprice-display-component---newCondition--condBillCond-arrow\"]"}
COMMAND: POST /session/3ee3b59268b112783f98a37bc72cbb43/element/f.DDB2A020B38DABC090658DE2C1C505F0.d.89F8558D6D994A1A3ADC5B689F6FD522.e.3706/click - {}
RESULT: {}
COMMAND: GET /session/3ee3b59268b112783f98a37bc72cbb43/screenshot - {}
RESULT: {}
COMMAND: POST /session/3ee3b59268b112783f98a37bc72cbb43/element - {"using":"xpath","value":"//li[.//span[contains(text(), \"DISP - D&I special price\")]]"}
RESULT: {"using":"xpath","value":"//li[.//span[contains(text(), \"DISP - D&I special price\")]]"}
COMMAND: POST /session/3ee3b59268b112783f98a37bc72cbb43/element/f.DDB2A020B38DABC090658DE2C1C505F0.d.89F8558D6D994A1A3ADC5B689F6FD522.e.3709/click - {}
RESULT: {}
COMMAND: GET /session/3ee3b59268b112783f98a37bc72cbb43/screenshot - {}
RESULT: {}
COMMAND: POST /session/3ee3b59268b112783f98a37bc72cbb43/execute/async - {"script":"<script> [1562 bytes]","args":[{"selector":{"id":"application-manageconditionprice-display-component---newCondition--condValidTo","interaction":{"idSuffix":"inner"}},"wdio_ui5_key":"applicationmanageconditionprice-display-component---newCondition--condValidTo"}]}
RESULT: {"script":"<script> [1562 bytes]","args":[{"selector":{"id":"application-manageconditionprice-display-component---newCondition--condValidTo","interaction":{"idSuffix":"inner"}},"wdio_ui5_key":"applicationmanageconditionprice-display-component---newCondition--condValidTo"}]}
RESULT: undefined
COMMAND: POST /session/3ee3b59268b112783f98a37bc72cbb43/execute/async - {"script":"<script> [776 bytes]","args":[{"enterText":"2/4/26","selector":{"id":"application-manageconditionprice-display-component---newCondition--condValidTo","interaction":{"idSuffix":"inner"}},"clearTextFirst":true,"interactionType":"ENTER_TEXT"}]}
RESULT: {"script":"<script> [776 bytes]","args":[{"enterText":"2/4/26","selector":{"id":"application-manageconditionprice-display-component---newCondition--condValidTo","interaction":{"idSuffix":"inner"}},"clearTextFirst":true,"interactionType":"ENTER_TEXT"}]}
COMMAND: POST /session/3ee3b59268b112783f98a37bc72cbb43/element - {"using":"xpath","value":"//input[@id=\"application-manageconditionprice-display-component---newCondition--condRU-inner\"]"}
RESULT: {"using":"xpath","value":"//input[@id=\"application-manageconditionprice-display-component---newCondition--condRU-inner\"]"}
COMMAND: POST /session/3ee3b59268b112783f98a37bc72cbb43/element/f.DDB2A020B38DABC090658DE2C1C505F0.d.89F8558D6D994A1A3ADC5B689F6FD522.e.3574/clear - {}
RESULT: {}
COMMAND: POST /session/3ee3b59268b112783f98a37bc72cbb43/element/f.DDB2A020B38DABC090658DE2C1C505F0.d.89F8558D6D994A1A3ADC5B689F6FD522.e.3574/value - {"text":"7OGJ9T2yM7"}
COMMAND: GET /session/3ee3b59268b112783f98a37bc72cbb43/screenshot - {}
RESULT: {"text":"7OGJ9T2yM7"}
COMMAND: GET /session/3ee3b59268b112783f98a37bc72cbb43/screenshot - {}
RESULT: {}
RESULT: {}
COMMAND: POST /session/3ee3b59268b112783f98a37bc72cbb43/actions - {"actions":[{"id":"action15","type":"key","parameters":{},"actions":[{"type":"keyDown","value":"î€‡"},{"type":"pause","duration":10},{"type":"keyUp","value":"î€‡"}]}]}
RESULT: {"actions":[{"id":"action15","type":"key","parameters":{},"actions":[{"type":"keyDown","value":"î€‡"},{"type":"pause","duration":10},{"type":"keyUp","value":"î€‡"}]}]}
COMMAND: POST /session/3ee3b59268b112783f98a37bc72cbb43/execute/async - {"script":"<script> [1562 bytes]","args":[{"selector":{"id":"application-manageconditionprice-display-component---newCondition--condBaseQty","interaction":{"idSuffix":"inner"}},"wdio_ui5_key":"applicationmanageconditionprice-display-component---newCondition--condBaseQty"}]}
COMMAND: GET /session/3ee3b59268b112783f98a37bc72cbb43/screenshot - {}
RESULT: {"script":"<script> [1562 bytes]","args":[{"selector":{"id":"application-manageconditionprice-display-component---newCondition--condBaseQty","interaction":{"idSuffix":"inner"}},"wdio_ui5_key":"applicationmanageconditionprice-display-component---newCondition--condBaseQty"}]}
RESULT: undefined
COMMAND: POST /session/3ee3b59268b112783f98a37bc72cbb43/execute/async - {"script":"<script> [776 bytes]","args":[{"enterText":"1","selector":{"id":"application-manageconditionprice-display-component---newCondition--condBaseQty","interaction":{"idSuffix":"inner"}},"clearTextFirst":true,"interactionType":"ENTER_TEXT"}]}
RESULT: {}
RESULT: {"script":"<script> [776 bytes]","args":[{"enterText":"1","selector":{"id":"application-manageconditionprice-display-component---newCondition--condBaseQty","interaction":{"idSuffix":"inner"}},"clearTextFirst":true,"interactionType":"ENTER_TEXT"}]}
COMMAND: POST /session/3ee3b59268b112783f98a37bc72cbb43/execute/async - {"script":"<script> [1562 bytes]","args":[{"selector":{"id":"application-manageconditionprice-display-component---newCondition--condValue","interaction":{"idSuffix":"inner"}},"wdio_ui5_key":"applicationmanageconditionprice-display-component---newCondition--condValue"}]}
RESULT: {"script":"<script> [1562 bytes]","args":[{"selector":{"id":"application-manageconditionprice-display-component---newCondition--condValue","interaction":{"idSuffix":"inner"}},"wdio_ui5_key":"applicationmanageconditionprice-display-component---newCondition--condValue"}]}
RESULT: undefined
COMMAND: POST /session/3ee3b59268b112783f98a37bc72cbb43/execute/async - {"script":"<script> [776 bytes]","args":[{"enterText":"100","selector":{"id":"application-manageconditionprice-display-component---newCondition--condValue","interaction":{"idSuffix":"inner"}},"clearTextFirst":true,"interactionType":"ENTER_TEXT"}]}
RESULT: {"script":"<script> [776 bytes]","args":[{"enterText":"100","selector":{"id":"application-manageconditionprice-display-component---newCondition--condValue","interaction":{"idSuffix":"inner"}},"clearTextFirst":true,"interactionType":"ENTER_TEXT"}]}
COMMAND: POST /session/3ee3b59268b112783f98a37bc72cbb43/execute/async - {"script":"<script> [1562 bytes]","args":[{"selector":{"id":"application-manageconditionprice-display-component---newCondition--condCurr-arrow"},"wdio_ui5_key":"applicationmanageconditionprice-display-component---newCondition--condCurr-arrow"}]}
RESULT: {"script":"<script> [1562 bytes]","args":[{"selector":{"id":"application-manageconditionprice-display-component---newCondition--condCurr-arrow"},"wdio_ui5_key":"applicationmanageconditionprice-display-component---newCondition--condCurr-arrow"}]}
RESULT: undefined
COMMAND: POST /session/3ee3b59268b112783f98a37bc72cbb43/element - {"using":"xpath","value":"//*[@id=\"application-manageconditionprice-display-component---newCondition--condCurr-arrow\"]"}
RESULT: {"using":"xpath","value":"//*[@id=\"application-manageconditionprice-display-component---newCondition--condCurr-arrow\"]"}
COMMAND: POST /session/3ee3b59268b112783f98a37bc72cbb43/element/f.DDB2A020B38DABC090658DE2C1C505F0.d.89F8558D6D994A1A3ADC5B689F6FD522.e.3682/click - {}
RESULT: {}
COMMAND: POST /session/3ee3b59268b112783f98a37bc72cbb43/element - {"using":"xpath","value":"//span[contains(text(), \"Euro\")]"}
COMMAND: GET /session/3ee3b59268b112783f98a37bc72cbb43/screenshot - {}
RESULT: {"using":"xpath","value":"//span[contains(text(), \"Euro\")]"}
COMMAND: POST /session/3ee3b59268b112783f98a37bc72cbb43/element/f.DDB2A020B38DABC090658DE2C1C505F0.d.89F8558D6D994A1A3ADC5B689F6FD522.e.3747/click - {}
RESULT: {}
RESULT: {}
COMMAND: POST /session/3ee3b59268b112783f98a37bc72cbb43/element - {"using":"xpath","value":"//button[@data-kt=\"saveButton\"]"}
COMMAND: GET /session/3ee3b59268b112783f98a37bc72cbb43/screenshot - {}
RESULT: {"using":"xpath","value":"//button[@data-kt=\"saveButton\"]"}
COMMAND: POST /session/3ee3b59268b112783f98a37bc72cbb43/element/f.DDB2A020B38DABC090658DE2C1C505F0.d.89F8558D6D994A1A3ADC5B689F6FD522.e.3683/click - {}
RESULT: {}
RESULT: {}
COMMAND: GET /session/3ee3b59268b112783f98a37bc72cbb43/screenshot - {}
RESULT: {}
COMMAND: POST /session/3ee3b59268b112783f98a37bc72cbb43/execute/async - {"script":"<script> [1562 bytes]","args":[{"selector":{"id":"application-manageconditionprice-display-component---conditions--smartFilterBar-btnBasicSearch","interaction":{"idSuffix":"I"}},"wdio_ui5_key":"applicationmanageconditionprice-display-component---conditions--smartFilterBar-btnBasicSearch"}]}
RESULT: {"script":"<script> [1562 bytes]","args":[{"selector":{"id":"application-manageconditionprice-display-component---conditions--smartFilterBar-btnBasicSearch","interaction":{"idSuffix":"I"}},"wdio_ui5_key":"applicationmanageconditionprice-display-component---conditions--smartFilterBar-btnBasicSearch"}]}
RESULT: undefined
COMMAND: POST /session/3ee3b59268b112783f98a37bc72cbb43/execute/async - {"script":"<script> [776 bytes]","args":[{"enterText":"7OGJ9T2yM7","selector":{"id":"application-manageconditionprice-display-component---conditions--smartFilterBar-btnBasicSearch","interaction":{"idSuffix":"I"}},"clearTextFirst":true,"interactionType":"ENTER_TEXT"}]}
RESULT: {"script":"<script> [776 bytes]","args":[{"enterText":"7OGJ9T2yM7","selector":{"id":"application-manageconditionprice-display-component---conditions--smartFilterBar-btnBasicSearch","interaction":{"idSuffix":"I"}},"clearTextFirst":true,"interactionType":"ENTER_TEXT"}]}
COMMAND: POST /session/3ee3b59268b112783f98a37bc72cbb43/actions - {"actions":[{"id":"action16","type":"key","parameters":{},"actions":[{"type":"keyDown","value":"î€‡"},{"type":"pause","duration":10},{"type":"keyUp","value":"î€‡"}]}]}
RESULT: {"actions":[{"id":"action16","type":"key","parameters":{},"actions":[{"type":"keyDown","value":"î€‡"},{"type":"pause","duration":10},{"type":"keyUp","value":"î€‡"}]}]}
COMMAND: GET /session/3ee3b59268b112783f98a37bc72cbb43/screenshot - {}
RESULT: {}
COMMAND: POST /session/3ee3b59268b112783f98a37bc72cbb43/execute/async - {"script":"<script> [1562 bytes]","args":[{"selector":{"id":"application-manageconditionprice-display-component---conditions--smartFilterBar-filterItemControl_BASIC-BILL_TYPES-vhi"},"wdio_ui5_key":"applicationmanageconditionprice-display-component---conditions--smartFilterBar-filterItemControl_BASIC-BILL_TYPES-vhi"}]}
RESULT: {"script":"<script> [1562 bytes]","args":[{"selector":{"id":"application-manageconditionprice-display-component---conditions--smartFilterBar-filterItemControl_BASIC-BILL_TYPES-vhi"},"wdio_ui5_key":"applicationmanageconditionprice-display-component---conditions--smartFilterBar-filterItemControl_BASIC-BILL_TYPES-vhi"}]}
RESULT: undefined
COMMAND: POST /session/3ee3b59268b112783f98a37bc72cbb43/element - {"using":"xpath","value":"//*[@id=\"application-manageconditionprice-display-component---conditions--smartFilterBar-filterItemControl_BASIC-BILL_TYPES-vhi\"]"}
RESULT: {"using":"xpath","value":"//*[@id=\"application-manageconditionprice-display-component---conditions--smartFilterBar-filterItemControl_BASIC-BILL_TYPES-vhi\"]"}
COMMAND: POST /session/3ee3b59268b112783f98a37bc72cbb43/element/f.DDB2A020B38DABC090658DE2C1C505F0.d.89F8558D6D994A1A3ADC5B689F6FD522.e.3764/click - {}
RESULT: {}
COMMAND: POST /session/3ee3b59268b112783f98a37bc72cbb43/execute/async - {"script":"<script> [1562 bytes]","args":[{"selector":{"id":"application-manageconditionprice-display-component---conditions--smartFilterBar-filterItemControl_BASIC-BILL_TYPES-valueHelpDialog-smartFilterBar-btnBasicSearch","searchOpenDialogs":true,"interaction":{"idSuffix":"I"}},"wdio_ui5_key":"applicationmanageconditionprice-display-component---conditions--smartFilterBar-filterItemControl_BASIC-BILL_TYPES-valueHelpDialog-smartFilterBar-btnBasicSearch"}]}
COMMAND: GET /session/3ee3b59268b112783f98a37bc72cbb43/screenshot - {}
RESULT: {"script":"<script> [1562 bytes]","args":[{"selector":{"id":"application-manageconditionprice-display-component---conditions--smartFilterBar-filterItemControl_BASIC-BILL_TYPES-valueHelpDialog-smartFilterBar-btnBasicSearch","searchOpenDialogs":true,"interaction":{"idSuffix":"I"}},"wdio_ui5_key":"applicationmanageconditionprice-display-component---conditions--smartFilterBar-filterItemControl_BASIC-BILL_TYPES-valueHelpDialog-smartFilterBar-btnBasicSearch"}]}
RESULT: undefined
COMMAND: POST /session/3ee3b59268b112783f98a37bc72cbb43/execute/async - {"script":"<script> [776 bytes]","args":[{"enterText":"TB","selector":{"id":"application-manageconditionprice-display-component---conditions--smartFilterBar-filterItemControl_BASIC-BILL_TYPES-valueHelpDialog-smartFilterBar-btnBasicSearch","searchOpenDialogs":true,"interaction":{"idSuffix":"I"}},"clearTextFirst":true,"interactionType":"ENTER_TEXT"}]}
RESULT: {}
RESULT: {"script":"<script> [776 bytes]","args":[{"enterText":"TB","selector":{"id":"application-manageconditionprice-display-component---conditions--smartFilterBar-filterItemControl_BASIC-BILL_TYPES-valueHelpDialog-smartFilterBar-btnBasicSearch","searchOpenDialogs":true,"interaction":{"idSuffix":"I"}},"clearTextFirst":true,"interactionType":"ENTER_TEXT"}]}
COMMAND: POST /session/3ee3b59268b112783f98a37bc72cbb43/actions - {"actions":[{"id":"action17","type":"key","parameters":{},"actions":[{"type":"keyDown","value":"î€‡"},{"type":"pause","duration":10},{"type":"keyUp","value":"î€‡"}]}]}
RESULT: {"actions":[{"id":"action17","type":"key","parameters":{},"actions":[{"type":"keyDown","value":"î€‡"},{"type":"pause","duration":10},{"type":"keyUp","value":"î€‡"}]}]}
COMMAND: GET /session/3ee3b59268b112783f98a37bc72cbb43/screenshot - {}
RESULT: {}
COMMAND: POST /session/3ee3b59268b112783f98a37bc72cbb43/element - {"using":"xpath","value":"//div[contains(@id, 'application-manageconditionprice-display-component---conditions--smartFilterBar-filterItemControl_BASIC-BILL_TYPES-valueHelpDialog-table-rowsel0')]"}
RESULT: {"using":"xpath","value":"//div[contains(@id, 'application-manageconditionprice-display-component---conditions--smartFilterBar-filterItemControl_BASIC-BILL_TYPES-valueHelpDialog-table-rowsel0')]"}
COMMAND: POST /session/3ee3b59268b112783f98a37bc72cbb43/element/f.DDB2A020B38DABC090658DE2C1C505F0.d.89F8558D6D994A1A3ADC5B689F6FD522.e.3772/click - {}
RESULT: {}
COMMAND: GET /session/3ee3b59268b112783f98a37bc72cbb43/screenshot - {}
RESULT: {}
COMMAND: POST /session/3ee3b59268b112783f98a37bc72cbb43/element - {"using":"xpath","value":"//bdi[contains(text(), \"OK\")]"}
RESULT: {"using":"xpath","value":"//bdi[contains(text(), \"OK\")]"}
COMMAND: POST /session/3ee3b59268b112783f98a37bc72cbb43/element/f.DDB2A020B38DABC090658DE2C1C505F0.d.89F8558D6D994A1A3ADC5B689F6FD522.e.3774/click - {}
RESULT: {}
COMMAND: GET /session/3ee3b59268b112783f98a37bc72cbb43/screenshot - {}
RESULT: {}
COMMAND: POST /session/3ee3b59268b112783f98a37bc72cbb43/element - {"using":"xpath","value":"//span[@id=\"application-manageconditionprice-display-component---conditions--smartTable-header-inner\"]"}
RESULT: {"using":"xpath","value":"//span[@id=\"application-manageconditionprice-display-component---conditions--smartTable-header-inner\"]"}
COMMAND: POST /session/3ee3b59268b112783f98a37bc72cbb43/elements - {"using":"xpath","value":"//span[@id=\"application-manageconditionprice-display-component---conditions--smartTable-header-inner\"]"}
RESULT: {"using":"xpath","value":"//span[@id=\"application-manageconditionprice-display-component---conditions--smartTable-header-inner\"]"}
COMMAND: POST /session/3ee3b59268b112783f98a37bc72cbb43/execute/sync - {"script":"<script> [56 bytes]","args":[{"element-6066-11e4-a52e-4f735466cecf":"f.DDB2A020B38DABC090658DE2C1C505F0.d.89F8558D6D994A1A3ADC5B689F6FD522.e.3777","ELEMENT":"f.DDB2A020B38DABC090658DE2C1C505F0.d.89F8558D6D994A1A3ADC5B689F6FD522.e.3777"}]}
RESULT: {"script":"<script> [56 bytes]","args":[{"element-6066-11e4-a52e-4f735466cecf":"f.DDB2A020B38DABC090658DE2C1C505F0.d.89F8558D6D994A1A3ADC5B689F6FD522.e.3777","ELEMENT":"f.DDB2A020B38DABC090658DE2C1C505F0.d.89F8558D6D994A1A3ADC5B689F6FD522.e.3777"}]}
COMMAND: POST /session/3ee3b59268b112783f98a37bc72cbb43/element - {"using":"css selector","value":"#shell-header-logo"}
COMMAND: GET /session/3ee3b59268b112783f98a37bc72cbb43/screenshot - {}
RESULT: {"using":"css selector","value":"#shell-header-logo"}
COMMAND: POST /session/3ee3b59268b112783f98a37bc72cbb43/element/f.DDB2A020B38DABC090658DE2C1C505F0.d.89F8558D6D994A1A3ADC5B689F6FD522.e.3497/click - {}
RESULT: {}
RESULT: {}
COMMAND: GET /session/3ee3b59268b112783f98a37bc72cbb43/screenshot - {}
RESULT: {}
]]></system-out>
    </testcase>
  </testsuite>
  <testsuite timestamp="2025-06-04T17:25:16" time="1235.797" tests="14" failures="6" errors="6" skipped="0">
    <properties>
      <property name="specId" value="0" />
      <property name="suiteName" value="Create master data for mixed billing &amp; do billing calculation US151661" />
      <property name="capabilities" value="chrome.137_0_7151_56.windows" />
      <property name="file" value="file:///D:/a/1/s/test/specs/BTS/billing-calculation-mixed.spec.js" />
    </properties>
    <testcase classname="chrome.137_0_7151_56.windows.Create_master_data_for_mixed_billing_&amp;_do_billing_calculation_US151661" name="Should create a new yard" time="125.777">
      <system-out><![CDATA[
COMMAND: POST /session/3ee3b59268b112783f98a37bc72cbb43/window/fullscreen - {}
RESULT: {}
COMMAND: POST /session/3ee3b59268b112783f98a37bc72cbb43/execute/async - {"script":"<script> [1562 bytes]","args":[{"selector":{"controlType":"sap.m.GenericTile","properties":{"header":"Manage Yards"}},"wdio_ui5_key":"sapm.GenericTile{\"header\":\"Manage Yards\"}"}]}
RESULT: {"script":"<script> [1562 bytes]","args":[{"selector":{"controlType":"sap.m.GenericTile","properties":{"header":"Manage Yards"}},"wdio_ui5_key":"sapm.GenericTile{\"header\":\"Manage Yards\"}"}]}
RESULT: undefined
COMMAND: POST /session/3ee3b59268b112783f98a37bc72cbb43/element - {"using":"xpath","value":"//*[@id=\"__tile41\"]"}
RESULT: {"using":"xpath","value":"//*[@id=\"__tile41\"]"}
COMMAND: POST /session/3ee3b59268b112783f98a37bc72cbb43/element/f.DDB2A020B38DABC090658DE2C1C505F0.d.A24B76D2087E79F95271623FFEA782C1.e.4357/click - {}
RESULT: {}
COMMAND: GET /session/3ee3b59268b112783f98a37bc72cbb43/screenshot - {}
RESULT: {}
COMMAND: POST /session/3ee3b59268b112783f98a37bc72cbb43/elements - {"using":"xpath","value":"//span[text()='Error']"}
RESULT: {"using":"xpath","value":"//span[text()='Error']"}
COMMAND: POST /session/3ee3b59268b112783f98a37bc72cbb43/element - {"using":"xpath","value":"//button[@data-kt=\"addNewYardOverflowToolbarButton\"]"}
RESULT: {"using":"xpath","value":"//button[@data-kt=\"addNewYardOverflowToolbarButton\"]"}
COMMAND: POST /session/3ee3b59268b112783f98a37bc72cbb43/elements - {"using":"xpath","value":"//button[@data-kt=\"addNewYardOverflowToolbarButton\"]"}
RESULT: {"using":"xpath","value":"//button[@data-kt=\"addNewYardOverflowToolbarButton\"]"}
COMMAND: POST /session/3ee3b59268b112783f98a37bc72cbb43/element - {"using":"xpath","value":"//button[@data-kt=\"addNewYardOverflowToolbarButton\"]"}
RESULT: {"using":"xpath","value":"//button[@data-kt=\"addNewYardOverflowToolbarButton\"]"}
COMMAND: POST /session/3ee3b59268b112783f98a37bc72cbb43/execute/sync - {"script":"<script> [8489 bytes]","args":[{"element-6066-11e4-a52e-4f735466cecf":"f.DDB2A020B38DABC090658DE2C1C505F0.d.A24B76D2087E79F95271623FFEA782C1.e.4504","ELEMENT":"f.DDB2A020B38DABC090658DE2C1C505F0.d.A24B76D2087E79F95271623FFEA782C1.e.4504"}]}
RESULT: {"script":"<script> [8489 bytes]","args":[{"element-6066-11e4-a52e-4f735466cecf":"f.DDB2A020B38DABC090658DE2C1C505F0.d.A24B76D2087E79F95271623FFEA782C1.e.4504","ELEMENT":"f.DDB2A020B38DABC090658DE2C1C505F0.d.A24B76D2087E79F95271623FFEA782C1.e.4504"}]}
COMMAND: GET /session/3ee3b59268b112783f98a37bc72cbb43/element/f.DDB2A020B38DABC090658DE2C1C505F0.d.A24B76D2087E79F95271623FFEA782C1.e.4504/enabled - {}
COMMAND: GET /session/3ee3b59268b112783f98a37bc72cbb43/screenshot - {}
RESULT: {}
COMMAND: POST /session/3ee3b59268b112783f98a37bc72cbb43/execute/sync - {"script":"<script> [8489 bytes]","args":[{"element-6066-11e4-a52e-4f735466cecf":"f.DDB2A020B38DABC090658DE2C1C505F0.d.A24B76D2087E79F95271623FFEA782C1.e.4504","ELEMENT":"f.DDB2A020B38DABC090658DE2C1C505F0.d.A24B76D2087E79F95271623FFEA782C1.e.4504"}]}
COMMAND: GET /session/3ee3b59268b112783f98a37bc72cbb43/screenshot - {}
RESULT: {}
RESULT: {"script":"<script> [8489 bytes]","args":[{"element-6066-11e4-a52e-4f735466cecf":"f.DDB2A020B38DABC090658DE2C1C505F0.d.A24B76D2087E79F95271623FFEA782C1.e.4504","ELEMENT":"f.DDB2A020B38DABC090658DE2C1C505F0.d.A24B76D2087E79F95271623FFEA782C1.e.4504"}]}
COMMAND: POST /session/3ee3b59268b112783f98a37bc72cbb43/execute/sync - {"script":"<script> [5351 bytes]","args":[{"element-6066-11e4-a52e-4f735466cecf":"f.DDB2A020B38DABC090658DE2C1C505F0.d.A24B76D2087E79F95271623FFEA782C1.e.4504","ELEMENT":"f.DDB2A020B38DABC090658DE2C1C505F0.d.A24B76D2087E79F95271623FFEA782C1.e.4504"}]}
COMMAND: GET /session/3ee3b59268b112783f98a37bc72cbb43/screenshot - {}
RESULT: {}
RESULT: {"script":"<script> [5351 bytes]","args":[{"element-6066-11e4-a52e-4f735466cecf":"f.DDB2A020B38DABC090658DE2C1C505F0.d.A24B76D2087E79F95271623FFEA782C1.e.4504","ELEMENT":"f.DDB2A020B38DABC090658DE2C1C505F0.d.A24B76D2087E79F95271623FFEA782C1.e.4504"}]}
COMMAND: POST /session/3ee3b59268b112783f98a37bc72cbb43/element/f.DDB2A020B38DABC090658DE2C1C505F0.d.A24B76D2087E79F95271623FFEA782C1.e.4504/click - {}
COMMAND: GET /session/3ee3b59268b112783f98a37bc72cbb43/screenshot - {}
RESULT: {}
RESULT: {}
COMMAND: GET /session/3ee3b59268b112783f98a37bc72cbb43/screenshot - {}
RESULT: {}
RESULT: {}
COMMAND: POST /session/3ee3b59268b112783f98a37bc72cbb43/element - {"using":"xpath","value":"//input[@id=\"application-manageyards-display-component---NewYard--yardId-inner\"]"}
RESULT: {"using":"xpath","value":"//input[@id=\"application-manageyards-display-component---NewYard--yardId-inner\"]"}
COMMAND: POST /session/3ee3b59268b112783f98a37bc72cbb43/element - {"using":"xpath","value":"//input[@id=\"application-manageyards-display-component---NewYard--yardId-inner\"]"}
RESULT: {"using":"xpath","value":"//input[@id=\"application-manageyards-display-component---NewYard--yardId-inner\"]"}
COMMAND: POST /session/3ee3b59268b112783f98a37bc72cbb43/execute/async - {"script":"<script> [1562 bytes]","args":[{"selector":{"id":"application-manageyards-display-component---NewYard--addressDetailDetailsName1","interaction":{"idSuffix":"inner"}},"wdio_ui5_key":"applicationmanageyards-display-component---NewYard--addressDetailDetailsName1"}]}
RESULT: {"script":"<script> [1562 bytes]","args":[{"selector":{"id":"application-manageyards-display-component---NewYard--addressDetailDetailsName1","interaction":{"idSuffix":"inner"}},"wdio_ui5_key":"applicationmanageyards-display-component---NewYard--addressDetailDetailsName1"}]}
RESULT: undefined
COMMAND: POST /session/3ee3b59268b112783f98a37bc72cbb43/execute/async - {"script":"<script> [776 bytes]","args":[{"enterText":"Intercompany Yard wdIO","selector":{"id":"application-manageyards-display-component---NewYard--addressDetailDetailsName1","interaction":{"idSuffix":"inner"}},"clearTextFirst":true,"interactionType":"ENTER_TEXT"}]}
RESULT: {"script":"<script> [776 bytes]","args":[{"enterText":"Intercompany Yard wdIO","selector":{"id":"application-manageyards-display-component---NewYard--addressDetailDetailsName1","interaction":{"idSuffix":"inner"}},"clearTextFirst":true,"interactionType":"ENTER_TEXT"}]}
COMMAND: POST /session/3ee3b59268b112783f98a37bc72cbb43/execute/async - {"script":"<script> [1562 bytes]","args":[{"selector":{"id":"application-manageyards-display-component---NewYard--addressDetailDetailsLanguage-arrow"},"wdio_ui5_key":"applicationmanageyards-display-component---NewYard--addressDetailDetailsLanguage-arrow"}]}
RESULT: {"script":"<script> [1562 bytes]","args":[{"selector":{"id":"application-manageyards-display-component---NewYard--addressDetailDetailsLanguage-arrow"},"wdio_ui5_key":"applicationmanageyards-display-component---NewYard--addressDetailDetailsLanguage-arrow"}]}
RESULT: undefined
COMMAND: POST /session/3ee3b59268b112783f98a37bc72cbb43/element - {"using":"xpath","value":"//*[@id=\"application-manageyards-display-component---NewYard--addressDetailDetailsLanguage-arrow\"]"}
RESULT: {"using":"xpath","value":"//*[@id=\"application-manageyards-display-component---NewYard--addressDetailDetailsLanguage-arrow\"]"}
COMMAND: POST /session/3ee3b59268b112783f98a37bc72cbb43/element/f.DDB2A020B38DABC090658DE2C1C505F0.d.A24B76D2087E79F95271623FFEA782C1.e.4924/click - {}
RESULT: {}
COMMAND: POST /session/3ee3b59268b112783f98a37bc72cbb43/element - {"using":"xpath","value":"//span[contains(text(), \"English\")]"}
COMMAND: GET /session/3ee3b59268b112783f98a37bc72cbb43/screenshot - {}
RESULT: {"using":"xpath","value":"//span[contains(text(), \"English\")]"}
COMMAND: POST /session/3ee3b59268b112783f98a37bc72cbb43/element/f.DDB2A020B38DABC090658DE2C1C505F0.d.A24B76D2087E79F95271623FFEA782C1.e.4925/click - {}
RESULT: {}
RESULT: {}
COMMAND: POST /session/3ee3b59268b112783f98a37bc72cbb43/execute/async - {"script":"<script> [1562 bytes]","args":[{"selector":{"id":"application-manageyards-display-component---NewYard--addressDetailDetailsCity1","interaction":{"idSuffix":"inner"}},"wdio_ui5_key":"applicationmanageyards-display-component---NewYard--addressDetailDetailsCity1"}]}
COMMAND: GET /session/3ee3b59268b112783f98a37bc72cbb43/screenshot - {}
RESULT: {"script":"<script> [1562 bytes]","args":[{"selector":{"id":"application-manageyards-display-component---NewYard--addressDetailDetailsCity1","interaction":{"idSuffix":"inner"}},"wdio_ui5_key":"applicationmanageyards-display-component---NewYard--addressDetailDetailsCity1"}]}
RESULT: undefined
COMMAND: POST /session/3ee3b59268b112783f98a37bc72cbb43/execute/async - {"script":"<script> [776 bytes]","args":[{"enterText":"Rosario","selector":{"id":"application-manageyards-display-component---NewYard--addressDetailDetailsCity1","interaction":{"idSuffix":"inner"}},"clearTextFirst":true,"interactionType":"ENTER_TEXT"}]}
RESULT: {}
RESULT: {"script":"<script> [776 bytes]","args":[{"enterText":"Rosario","selector":{"id":"application-manageyards-display-component---NewYard--addressDetailDetailsCity1","interaction":{"idSuffix":"inner"}},"clearTextFirst":true,"interactionType":"ENTER_TEXT"}]}
COMMAND: POST /session/3ee3b59268b112783f98a37bc72cbb43/execute/async - {"script":"<script> [1562 bytes]","args":[{"selector":{"id":"application-manageyards-display-component---NewYard--addressDetailDetailsCountry-arrow"},"wdio_ui5_key":"applicationmanageyards-display-component---NewYard--addressDetailDetailsCountry-arrow"}]}
RESULT: {"script":"<script> [1562 bytes]","args":[{"selector":{"id":"application-manageyards-display-component---NewYard--addressDetailDetailsCountry-arrow"},"wdio_ui5_key":"applicationmanageyards-display-component---NewYard--addressDetailDetailsCountry-arrow"}]}
RESULT: undefined
COMMAND: POST /session/3ee3b59268b112783f98a37bc72cbb43/element - {"using":"xpath","value":"//*[@id=\"application-manageyards-display-component---NewYard--addressDetailDetailsCountry-arrow\"]"}
RESULT: {"using":"xpath","value":"//*[@id=\"application-manageyards-display-component---NewYard--addressDetailDetailsCountry-arrow\"]"}
COMMAND: POST /session/3ee3b59268b112783f98a37bc72cbb43/element/f.DDB2A020B38DABC090658DE2C1C505F0.d.A24B76D2087E79F95271623FFEA782C1.e.4927/click - {}
RESULT: {}
COMMAND: POST /session/3ee3b59268b112783f98a37bc72cbb43/element - {"using":"xpath","value":"//span[contains(text(), \"Argentina\")]"}
COMMAND: GET /session/3ee3b59268b112783f98a37bc72cbb43/screenshot - {}
RESULT: {"using":"xpath","value":"//span[contains(text(), \"Argentina\")]"}
COMMAND: POST /session/3ee3b59268b112783f98a37bc72cbb43/element/f.DDB2A020B38DABC090658DE2C1C505F0.d.A24B76D2087E79F95271623FFEA782C1.e.4928/click - {}
RESULT: {}
RESULT: {}
COMMAND: POST /session/3ee3b59268b112783f98a37bc72cbb43/execute/async - {"script":"<script> [1562 bytes]","args":[{"selector":{"id":"application-manageyards-display-component---NewYard--addressEditDetailsCostObjectCstType-arrow"},"wdio_ui5_key":"applicationmanageyards-display-component---NewYard--addressEditDetailsCostObjectCstType-arrow"}]}
COMMAND: GET /session/3ee3b59268b112783f98a37bc72cbb43/screenshot - {}
RESULT: {"script":"<script> [1562 bytes]","args":[{"selector":{"id":"application-manageyards-display-component---NewYard--addressEditDetailsCostObjectCstType-arrow"},"wdio_ui5_key":"applicationmanageyards-display-component---NewYard--addressEditDetailsCostObjectCstType-arrow"}]}
RESULT: undefined
COMMAND: POST /session/3ee3b59268b112783f98a37bc72cbb43/element - {"using":"xpath","value":"//*[@id=\"application-manageyards-display-component---NewYard--addressEditDetailsCostObjectCstType-arrow\"]"}
RESULT: {}
RESULT: {"using":"xpath","value":"//*[@id=\"application-manageyards-display-component---NewYard--addressEditDetailsCostObjectCstType-arrow\"]"}
COMMAND: POST /session/3ee3b59268b112783f98a37bc72cbb43/element/f.DDB2A020B38DABC090658DE2C1C505F0.d.A24B76D2087E79F95271623FFEA782C1.e.4930/click - {}
RESULT: {}
COMMAND: POST /session/3ee3b59268b112783f98a37bc72cbb43/element - {"using":"xpath","value":"//span[contains(text(), \"Cost Center\")]"}
COMMAND: GET /session/3ee3b59268b112783f98a37bc72cbb43/screenshot - {}
RESULT: {"using":"xpath","value":"//span[contains(text(), \"Cost Center\")]"}
COMMAND: POST /session/3ee3b59268b112783f98a37bc72cbb43/element/f.DDB2A020B38DABC090658DE2C1C505F0.d.A24B76D2087E79F95271623FFEA782C1.e.4931/click - {}
RESULT: {}
RESULT: {}
COMMAND: GET /session/3ee3b59268b112783f98a37bc72cbb43/screenshot - {}
RESULT: {}
COMMAND: POST /session/3ee3b59268b112783f98a37bc72cbb43/element - {"using":"xpath","value":"//span[@id=\"application-manageyards-display-component---NewYard--addressNewCostObjectCstID-vhi\"]"}
RESULT: {"using":"xpath","value":"//span[@id=\"application-manageyards-display-component---NewYard--addressNewCostObjectCstID-vhi\"]"}
COMMAND: POST /session/3ee3b59268b112783f98a37bc72cbb43/execute/sync - {"script":"<script> [8489 bytes]","args":[{"element-6066-11e4-a52e-4f735466cecf":"f.DDB2A020B38DABC090658DE2C1C505F0.d.A24B76D2087E79F95271623FFEA782C1.e.4935","ELEMENT":"f.DDB2A020B38DABC090658DE2C1C505F0.d.A24B76D2087E79F95271623FFEA782C1.e.4935"}]}
RESULT: {"script":"<script> [8489 bytes]","args":[{"element-6066-11e4-a52e-4f735466cecf":"f.DDB2A020B38DABC090658DE2C1C505F0.d.A24B76D2087E79F95271623FFEA782C1.e.4935","ELEMENT":"f.DDB2A020B38DABC090658DE2C1C505F0.d.A24B76D2087E79F95271623FFEA782C1.e.4935"}]}
COMMAND: POST /session/3ee3b59268b112783f98a37bc72cbb43/execute/async - {"script":"<script> [1562 bytes]","args":[{"selector":{"id":"application-manageyards-display-component---NewYard--addressNewCostObjectCstID-vhi"},"wdio_ui5_key":"applicationmanageyards-display-component---NewYard--addressNewCostObjectCstID-vhi"}]}
COMMAND: GET /session/3ee3b59268b112783f98a37bc72cbb43/screenshot - {}
RESULT: {"script":"<script> [1562 bytes]","args":[{"selector":{"id":"application-manageyards-display-component---NewYard--addressNewCostObjectCstID-vhi"},"wdio_ui5_key":"applicationmanageyards-display-component---NewYard--addressNewCostObjectCstID-vhi"}]}
RESULT: undefined
COMMAND: POST /session/3ee3b59268b112783f98a37bc72cbb43/element - {"using":"xpath","value":"//*[@id=\"application-manageyards-display-component---NewYard--addressNewCostObjectCstID-vhi\"]"}
RESULT: {}
RESULT: {"using":"xpath","value":"//*[@id=\"application-manageyards-display-component---NewYard--addressNewCostObjectCstID-vhi\"]"}
COMMAND: POST /session/3ee3b59268b112783f98a37bc72cbb43/element/f.DDB2A020B38DABC090658DE2C1C505F0.d.A24B76D2087E79F95271623FFEA782C1.e.4935/click - {}
RESULT: {}
COMMAND: GET /session/3ee3b59268b112783f98a37bc72cbb43/screenshot - {}
RESULT: {}
COMMAND: POST /session/3ee3b59268b112783f98a37bc72cbb43/execute/async - {"script":"<script> [1562 bytes]","args":[{"selector":{"controlType":"sap.m.SearchField","properties":{"placeholder":"Search"},"searchOpenDialogs":true,"interaction":{"idSuffix":"I"}},"wdio_ui5_key":"sapm.SearchField{\"placeholder\":\"Search\"}"}]}
RESULT: {"script":"<script> [1562 bytes]","args":[{"selector":{"controlType":"sap.m.SearchField","properties":{"placeholder":"Search"},"searchOpenDialogs":true,"interaction":{"idSuffix":"I"}},"wdio_ui5_key":"sapm.SearchField{\"placeholder\":\"Search\"}"}]}
RESULT: undefined
COMMAND: POST /session/3ee3b59268b112783f98a37bc72cbb43/execute/async - {"script":"<script> [776 bytes]","args":[{"enterText":"bauh_b","selector":{"controlType":"sap.m.SearchField","properties":{"placeholder":"Search"},"searchOpenDialogs":true,"interaction":{"idSuffix":"I"}},"clearTextFirst":true,"interactionType":"ENTER_TEXT"}]}
RESULT: {"script":"<script> [776 bytes]","args":[{"enterText":"bauh_b","selector":{"controlType":"sap.m.SearchField","properties":{"placeholder":"Search"},"searchOpenDialogs":true,"interaction":{"idSuffix":"I"}},"clearTextFirst":true,"interactionType":"ENTER_TEXT"}]}
COMMAND: POST /session/3ee3b59268b112783f98a37bc72cbb43/actions - {"actions":[{"id":"action19","type":"key","parameters":{},"actions":[{"type":"keyDown","value":"î€‡"},{"type":"pause","duration":10},{"type":"keyUp","value":"î€‡"}]}]}
RESULT: {"actions":[{"id":"action19","type":"key","parameters":{},"actions":[{"type":"keyDown","value":"î€‡"},{"type":"pause","duration":10},{"type":"keyUp","value":"î€‡"}]}]}
COMMAND: GET /session/3ee3b59268b112783f98a37bc72cbb43/screenshot - {}
RESULT: {}
COMMAND: POST /session/3ee3b59268b112783f98a37bc72cbb43/element - {"using":"xpath","value":"//span[contains(text(), \"Demo Yard\")]"}
RESULT: {"using":"xpath","value":"//span[contains(text(), \"Demo Yard\")]"}
COMMAND: POST /session/3ee3b59268b112783f98a37bc72cbb43/element/f.DDB2A020B38DABC090658DE2C1C505F0.d.A24B76D2087E79F95271623FFEA782C1.e.4975/click - {}
RESULT: {}
COMMAND: GET /session/3ee3b59268b112783f98a37bc72cbb43/screenshot - {}
RESULT: {}
COMMAND: POST /session/3ee3b59268b112783f98a37bc72cbb43/element - {"using":"xpath","value":"//bdi[contains(text(), \"OK\")]"}
RESULT: {"using":"xpath","value":"//bdi[contains(text(), \"OK\")]"}
COMMAND: POST /session/3ee3b59268b112783f98a37bc72cbb43/element/f.DDB2A020B38DABC090658DE2C1C505F0.d.A24B76D2087E79F95271623FFEA782C1.e.4976/click - {}
RESULT: {}
COMMAND: GET /session/3ee3b59268b112783f98a37bc72cbb43/screenshot - {}
RESULT: {}
COMMAND: POST /session/3ee3b59268b112783f98a37bc72cbb43/execute/async - {"script":"<script> [1562 bytes]","args":[{"selector":{"id":"application-manageyards-display-component---NewYard--addressEditDetailsCurrency-arrow"},"wdio_ui5_key":"applicationmanageyards-display-component---NewYard--addressEditDetailsCurrency-arrow"}]}
RESULT: {"script":"<script> [1562 bytes]","args":[{"selector":{"id":"application-manageyards-display-component---NewYard--addressEditDetailsCurrency-arrow"},"wdio_ui5_key":"applicationmanageyards-display-component---NewYard--addressEditDetailsCurrency-arrow"}]}
RESULT: undefined
COMMAND: POST /session/3ee3b59268b112783f98a37bc72cbb43/element - {"using":"xpath","value":"//*[@id=\"application-manageyards-display-component---NewYard--addressEditDetailsCurrency-arrow\"]"}
RESULT: {"using":"xpath","value":"//*[@id=\"application-manageyards-display-component---NewYard--addressEditDetailsCurrency-arrow\"]"}
COMMAND: POST /session/3ee3b59268b112783f98a37bc72cbb43/element/f.DDB2A020B38DABC090658DE2C1C505F0.d.A24B76D2087E79F95271623FFEA782C1.e.4979/click - {}
RESULT: {}
COMMAND: POST /session/3ee3b59268b112783f98a37bc72cbb43/element - {"using":"xpath","value":"//span[contains(text(), \"Euro\")]"}
COMMAND: GET /session/3ee3b59268b112783f98a37bc72cbb43/screenshot - {}
RESULT: {"using":"xpath","value":"//span[contains(text(), \"Euro\")]"}
COMMAND: POST /session/3ee3b59268b112783f98a37bc72cbb43/element/f.DDB2A020B38DABC090658DE2C1C505F0.d.A24B76D2087E79F95271623FFEA782C1.e.4980/click - {}
RESULT: {}
RESULT: {}
COMMAND: POST /session/3ee3b59268b112783f98a37bc72cbb43/execute/async - {"script":"<script> [1562 bytes]","args":[{"selector":{"controlType":"sap.m.Input","viewName":"etm.portal.ui.manageyards.view.New","viewId":"application-manageyards-display-component---NewYard","bindingPath":{"path":"","propertyPath":"/CONTROLLING_AREA","modelName":"NewYardModel"},"interaction":{"idSuffix":"inner"}},"wdio_ui5_key":"etmportal.ui.manageyards.view.Newsap.m.Input{\"path\":\"\",\"propertyPath\":\"/CONTROLLING_AREA\",\"modelName\":\"NewYardModel\"}"}]}
COMMAND: GET /session/3ee3b59268b112783f98a37bc72cbb43/screenshot - {}
RESULT: {"script":"<script> [1562 bytes]","args":[{"selector":{"controlType":"sap.m.Input","viewName":"etm.portal.ui.manageyards.view.New","viewId":"application-manageyards-display-component---NewYard","bindingPath":{"path":"","propertyPath":"/CONTROLLING_AREA","modelName":"NewYardModel"},"interaction":{"idSuffix":"inner"}},"wdio_ui5_key":"etmportal.ui.manageyards.view.Newsap.m.Input{\"path\":\"\",\"propertyPath\":\"/CONTROLLING_AREA\",\"modelName\":\"NewYardModel\"}"}]}
RESULT: undefined
COMMAND: POST /session/3ee3b59268b112783f98a37bc72cbb43/execute/async - {"script":"<script> [776 bytes]","args":[{"enterText":"Z001","selector":{"controlType":"sap.m.Input","viewName":"etm.portal.ui.manageyards.view.New","viewId":"application-manageyards-display-component---NewYard","bindingPath":{"path":"","propertyPath":"/CONTROLLING_AREA","modelName":"NewYardModel"},"interaction":{"idSuffix":"inner"}},"clearTextFirst":true,"interactionType":"ENTER_TEXT"}]}
RESULT: {}
RESULT: {"script":"<script> [776 bytes]","args":[{"enterText":"Z001","selector":{"controlType":"sap.m.Input","viewName":"etm.portal.ui.manageyards.view.New","viewId":"application-manageyards-display-component---NewYard","bindingPath":{"path":"","propertyPath":"/CONTROLLING_AREA","modelName":"NewYardModel"},"interaction":{"idSuffix":"inner"}},"clearTextFirst":true,"interactionType":"ENTER_TEXT"}]}
COMMAND: POST /session/3ee3b59268b112783f98a37bc72cbb43/execute/async - {"script":"<script> [1562 bytes]","args":[{"selector":{"id":"application-manageyards-display-component---NewYard--companyCodeComboBox","interaction":{"idSuffix":"inner"}},"wdio_ui5_key":"applicationmanageyards-display-component---NewYard--companyCodeComboBox"}]}
RESULT: {"script":"<script> [1562 bytes]","args":[{"selector":{"id":"application-manageyards-display-component---NewYard--companyCodeComboBox","interaction":{"idSuffix":"inner"}},"wdio_ui5_key":"applicationmanageyards-display-component---NewYard--companyCodeComboBox"}]}
RESULT: undefined
COMMAND: POST /session/3ee3b59268b112783f98a37bc72cbb43/execute/async - {"script":"<script> [776 bytes]","args":[{"enterText":"1000","selector":{"id":"application-manageyards-display-component---NewYard--companyCodeComboBox","interaction":{"idSuffix":"inner"}},"clearTextFirst":true,"interactionType":"ENTER_TEXT"}]}
RESULT: {"script":"<script> [776 bytes]","args":[{"enterText":"1000","selector":{"id":"application-manageyards-display-component---NewYard--companyCodeComboBox","interaction":{"idSuffix":"inner"}},"clearTextFirst":true,"interactionType":"ENTER_TEXT"}]}
COMMAND: POST /session/3ee3b59268b112783f98a37bc72cbb43/execute/async - {"script":"<script> [1562 bytes]","args":[{"selector":{"controlType":"sap.m.Input","viewName":"etm.portal.ui.manageyards.view.New","viewId":"application-manageyards-display-component---NewYard","bindingPath":{"path":"","propertyPath":"/PLANT","modelName":"NewYardModel"},"interaction":{"idSuffix":"inner"}},"wdio_ui5_key":"etmportal.ui.manageyards.view.Newsap.m.Input{\"path\":\"\",\"propertyPath\":\"/PLANT\",\"modelName\":\"NewYardModel\"}"}]}
RESULT: {"script":"<script> [1562 bytes]","args":[{"selector":{"controlType":"sap.m.Input","viewName":"etm.portal.ui.manageyards.view.New","viewId":"application-manageyards-display-component---NewYard","bindingPath":{"path":"","propertyPath":"/PLANT","modelName":"NewYardModel"},"interaction":{"idSuffix":"inner"}},"wdio_ui5_key":"etmportal.ui.manageyards.view.Newsap.m.Input{\"path\":\"\",\"propertyPath\":\"/PLANT\",\"modelName\":\"NewYardModel\"}"}]}
RESULT: undefined
COMMAND: POST /session/3ee3b59268b112783f98a37bc72cbb43/execute/async - {"script":"<script> [776 bytes]","args":[{"enterText":"1001","selector":{"controlType":"sap.m.Input","viewName":"etm.portal.ui.manageyards.view.New","viewId":"application-manageyards-display-component---NewYard","bindingPath":{"path":"","propertyPath":"/PLANT","modelName":"NewYardModel"},"interaction":{"idSuffix":"inner"}},"clearTextFirst":true,"interactionType":"ENTER_TEXT"}]}
RESULT: {"script":"<script> [776 bytes]","args":[{"enterText":"1001","selector":{"controlType":"sap.m.Input","viewName":"etm.portal.ui.manageyards.view.New","viewId":"application-manageyards-display-component---NewYard","bindingPath":{"path":"","propertyPath":"/PLANT","modelName":"NewYardModel"},"interaction":{"idSuffix":"inner"}},"clearTextFirst":true,"interactionType":"ENTER_TEXT"}]}
COMMAND: POST /session/3ee3b59268b112783f98a37bc72cbb43/execute/async - {"script":"<script> [1562 bytes]","args":[{"selector":{"controlType":"sap.m.Input","viewName":"etm.portal.ui.manageyards.view.New","viewId":"application-manageyards-display-component---NewYard","bindingPath":{"path":"","propertyPath":"/SALES_AREA_VKORG","modelName":"NewYardModel"},"interaction":{"idSuffix":"inner"}},"wdio_ui5_key":"etmportal.ui.manageyards.view.Newsap.m.Input{\"path\":\"\",\"propertyPath\":\"/SALES_AREA_VKORG\",\"modelName\":\"NewYardModel\"}"}]}
RESULT: {"script":"<script> [1562 bytes]","args":[{"selector":{"controlType":"sap.m.Input","viewName":"etm.portal.ui.manageyards.view.New","viewId":"application-manageyards-display-component---NewYard","bindingPath":{"path":"","propertyPath":"/SALES_AREA_VKORG","modelName":"NewYardModel"},"interaction":{"idSuffix":"inner"}},"wdio_ui5_key":"etmportal.ui.manageyards.view.Newsap.m.Input{\"path\":\"\",\"propertyPath\":\"/SALES_AREA_VKORG\",\"modelName\":\"NewYardModel\"}"}]}
RESULT: undefined
COMMAND: POST /session/3ee3b59268b112783f98a37bc72cbb43/execute/async - {"script":"<script> [776 bytes]","args":[{"enterText":"C002","selector":{"controlType":"sap.m.Input","viewName":"etm.portal.ui.manageyards.view.New","viewId":"application-manageyards-display-component---NewYard","bindingPath":{"path":"","propertyPath":"/SALES_AREA_VKORG","modelName":"NewYardModel"},"interaction":{"idSuffix":"inner"}},"clearTextFirst":true,"interactionType":"ENTER_TEXT"}]}
RESULT: {"script":"<script> [776 bytes]","args":[{"enterText":"C002","selector":{"controlType":"sap.m.Input","viewName":"etm.portal.ui.manageyards.view.New","viewId":"application-manageyards-display-component---NewYard","bindingPath":{"path":"","propertyPath":"/SALES_AREA_VKORG","modelName":"NewYardModel"},"interaction":{"idSuffix":"inner"}},"clearTextFirst":true,"interactionType":"ENTER_TEXT"}]}
COMMAND: POST /session/3ee3b59268b112783f98a37bc72cbb43/execute/async - {"script":"<script> [1562 bytes]","args":[{"selector":{"controlType":"sap.m.Input","viewName":"etm.portal.ui.manageyards.view.New","viewId":"application-manageyards-display-component---NewYard","bindingPath":{"path":"","propertyPath":"/SALES_AREA_VTWEG","modelName":"NewYardModel"},"interaction":{"idSuffix":"inner"}},"wdio_ui5_key":"etmportal.ui.manageyards.view.Newsap.m.Input{\"path\":\"\",\"propertyPath\":\"/SALES_AREA_VTWEG\",\"modelName\":\"NewYardModel\"}"}]}
RESULT: {"script":"<script> [1562 bytes]","args":[{"selector":{"controlType":"sap.m.Input","viewName":"etm.portal.ui.manageyards.view.New","viewId":"application-manageyards-display-component---NewYard","bindingPath":{"path":"","propertyPath":"/SALES_AREA_VTWEG","modelName":"NewYardModel"},"interaction":{"idSuffix":"inner"}},"wdio_ui5_key":"etmportal.ui.manageyards.view.Newsap.m.Input{\"path\":\"\",\"propertyPath\":\"/SALES_AREA_VTWEG\",\"modelName\":\"NewYardModel\"}"}]}
RESULT: undefined
COMMAND: POST /session/3ee3b59268b112783f98a37bc72cbb43/execute/async - {"script":"<script> [776 bytes]","args":[{"enterText":"C2","selector":{"controlType":"sap.m.Input","viewName":"etm.portal.ui.manageyards.view.New","viewId":"application-manageyards-display-component---NewYard","bindingPath":{"path":"","propertyPath":"/SALES_AREA_VTWEG","modelName":"NewYardModel"},"interaction":{"idSuffix":"inner"}},"clearTextFirst":true,"interactionType":"ENTER_TEXT"}]}
RESULT: {"script":"<script> [776 bytes]","args":[{"enterText":"C2","selector":{"controlType":"sap.m.Input","viewName":"etm.portal.ui.manageyards.view.New","viewId":"application-manageyards-display-component---NewYard","bindingPath":{"path":"","propertyPath":"/SALES_AREA_VTWEG","modelName":"NewYardModel"},"interaction":{"idSuffix":"inner"}},"clearTextFirst":true,"interactionType":"ENTER_TEXT"}]}
COMMAND: POST /session/3ee3b59268b112783f98a37bc72cbb43/execute/async - {"script":"<script> [1562 bytes]","args":[{"selector":{"controlType":"sap.m.Input","viewName":"etm.portal.ui.manageyards.view.New","viewId":"application-manageyards-display-component---NewYard","bindingPath":{"path":"","propertyPath":"/SALES_AREA_SPART","modelName":"NewYardModel"},"interaction":{"idSuffix":"inner"}},"wdio_ui5_key":"etmportal.ui.manageyards.view.Newsap.m.Input{\"path\":\"\",\"propertyPath\":\"/SALES_AREA_SPART\",\"modelName\":\"NewYardModel\"}"}]}
RESULT: {"script":"<script> [1562 bytes]","args":[{"selector":{"controlType":"sap.m.Input","viewName":"etm.portal.ui.manageyards.view.New","viewId":"application-manageyards-display-component---NewYard","bindingPath":{"path":"","propertyPath":"/SALES_AREA_SPART","modelName":"NewYardModel"},"interaction":{"idSuffix":"inner"}},"wdio_ui5_key":"etmportal.ui.manageyards.view.Newsap.m.Input{\"path\":\"\",\"propertyPath\":\"/SALES_AREA_SPART\",\"modelName\":\"NewYardModel\"}"}]}
RESULT: undefined
COMMAND: POST /session/3ee3b59268b112783f98a37bc72cbb43/execute/async - {"script":"<script> [776 bytes]","args":[{"enterText":"C2","selector":{"controlType":"sap.m.Input","viewName":"etm.portal.ui.manageyards.view.New","viewId":"application-manageyards-display-component---NewYard","bindingPath":{"path":"","propertyPath":"/SALES_AREA_SPART","modelName":"NewYardModel"},"interaction":{"idSuffix":"inner"}},"clearTextFirst":true,"interactionType":"ENTER_TEXT"}]}
RESULT: {"script":"<script> [776 bytes]","args":[{"enterText":"C2","selector":{"controlType":"sap.m.Input","viewName":"etm.portal.ui.manageyards.view.New","viewId":"application-manageyards-display-component---NewYard","bindingPath":{"path":"","propertyPath":"/SALES_AREA_SPART","modelName":"NewYardModel"},"interaction":{"idSuffix":"inner"}},"clearTextFirst":true,"interactionType":"ENTER_TEXT"}]}
COMMAND: POST /session/3ee3b59268b112783f98a37bc72cbb43/execute/async - {"script":"<script> [1562 bytes]","args":[{"selector":{"controlType":"sap.m.Input","viewName":"etm.portal.ui.manageyards.view.New","viewId":"application-manageyards-display-component---NewYard","bindingPath":{"path":"","propertyPath":"/SHIP_POINT","modelName":"NewYardModel"},"interaction":{"idSuffix":"inner"}},"wdio_ui5_key":"etmportal.ui.manageyards.view.Newsap.m.Input{\"path\":\"\",\"propertyPath\":\"/SHIP_POINT\",\"modelName\":\"NewYardModel\"}"}]}
RESULT: {"script":"<script> [1562 bytes]","args":[{"selector":{"controlType":"sap.m.Input","viewName":"etm.portal.ui.manageyards.view.New","viewId":"application-manageyards-display-component---NewYard","bindingPath":{"path":"","propertyPath":"/SHIP_POINT","modelName":"NewYardModel"},"interaction":{"idSuffix":"inner"}},"wdio_ui5_key":"etmportal.ui.manageyards.view.Newsap.m.Input{\"path\":\"\",\"propertyPath\":\"/SHIP_POINT\",\"modelName\":\"NewYardModel\"}"}]}
RESULT: undefined
COMMAND: POST /session/3ee3b59268b112783f98a37bc72cbb43/execute/async - {"script":"<script> [776 bytes]","args":[{"enterText":"1710","selector":{"controlType":"sap.m.Input","viewName":"etm.portal.ui.manageyards.view.New","viewId":"application-manageyards-display-component---NewYard","bindingPath":{"path":"","propertyPath":"/SHIP_POINT","modelName":"NewYardModel"},"interaction":{"idSuffix":"inner"}},"clearTextFirst":true,"interactionType":"ENTER_TEXT"}]}
RESULT: {"script":"<script> [776 bytes]","args":[{"enterText":"1710","selector":{"controlType":"sap.m.Input","viewName":"etm.portal.ui.manageyards.view.New","viewId":"application-manageyards-display-component---NewYard","bindingPath":{"path":"","propertyPath":"/SHIP_POINT","modelName":"NewYardModel"},"interaction":{"idSuffix":"inner"}},"clearTextFirst":true,"interactionType":"ENTER_TEXT"}]}
COMMAND: POST /session/3ee3b59268b112783f98a37bc72cbb43/execute/async - {"script":"<script> [1562 bytes]","args":[{"selector":{"controlType":"sap.m.Input","viewName":"etm.portal.ui.manageyards.view.New","viewId":"application-manageyards-display-component---NewYard","bindingPath":{"path":"","propertyPath":"/DELIVERY_TYPE","modelName":"NewYardModel"},"interaction":{"idSuffix":"inner"}},"wdio_ui5_key":"etmportal.ui.manageyards.view.Newsap.m.Input{\"path\":\"\",\"propertyPath\":\"/DELIVERY_TYPE\",\"modelName\":\"NewYardModel\"}"}]}
RESULT: {"script":"<script> [1562 bytes]","args":[{"selector":{"controlType":"sap.m.Input","viewName":"etm.portal.ui.manageyards.view.New","viewId":"application-manageyards-display-component---NewYard","bindingPath":{"path":"","propertyPath":"/DELIVERY_TYPE","modelName":"NewYardModel"},"interaction":{"idSuffix":"inner"}},"wdio_ui5_key":"etmportal.ui.manageyards.view.Newsap.m.Input{\"path\":\"\",\"propertyPath\":\"/DELIVERY_TYPE\",\"modelName\":\"NewYardModel\"}"}]}
RESULT: undefined
COMMAND: POST /session/3ee3b59268b112783f98a37bc72cbb43/execute/async - {"script":"<script> [776 bytes]","args":[{"enterText":"ZL01","selector":{"controlType":"sap.m.Input","viewName":"etm.portal.ui.manageyards.view.New","viewId":"application-manageyards-display-component---NewYard","bindingPath":{"path":"","propertyPath":"/DELIVERY_TYPE","modelName":"NewYardModel"},"interaction":{"idSuffix":"inner"}},"clearTextFirst":true,"interactionType":"ENTER_TEXT"}]}
RESULT: {"script":"<script> [776 bytes]","args":[{"enterText":"ZL01","selector":{"controlType":"sap.m.Input","viewName":"etm.portal.ui.manageyards.view.New","viewId":"application-manageyards-display-component---NewYard","bindingPath":{"path":"","propertyPath":"/DELIVERY_TYPE","modelName":"NewYardModel"},"interaction":{"idSuffix":"inner"}},"clearTextFirst":true,"interactionType":"ENTER_TEXT"}]}
COMMAND: POST /session/3ee3b59268b112783f98a37bc72cbb43/execute/async - {"script":"<script> [1562 bytes]","args":[{"selector":{"controlType":"sap.m.Input","viewName":"etm.portal.ui.manageyards.view.New","viewId":"application-manageyards-display-component---NewYard","bindingPath":{"path":"","propertyPath":"/AUART","modelName":"NewYardModel"},"interaction":{"idSuffix":"inner"}},"wdio_ui5_key":"etmportal.ui.manageyards.view.Newsap.m.Input{\"path\":\"\",\"propertyPath\":\"/AUART\",\"modelName\":\"NewYardModel\"}"}]}
RESULT: {"script":"<script> [1562 bytes]","args":[{"selector":{"controlType":"sap.m.Input","viewName":"etm.portal.ui.manageyards.view.New","viewId":"application-manageyards-display-component---NewYard","bindingPath":{"path":"","propertyPath":"/AUART","modelName":"NewYardModel"},"interaction":{"idSuffix":"inner"}},"wdio_ui5_key":"etmportal.ui.manageyards.view.Newsap.m.Input{\"path\":\"\",\"propertyPath\":\"/AUART\",\"modelName\":\"NewYardModel\"}"}]}
RESULT: undefined
COMMAND: POST /session/3ee3b59268b112783f98a37bc72cbb43/execute/async - {"script":"<script> [776 bytes]","args":[{"enterText":"TA","selector":{"controlType":"sap.m.Input","viewName":"etm.portal.ui.manageyards.view.New","viewId":"application-manageyards-display-component---NewYard","bindingPath":{"path":"","propertyPath":"/AUART","modelName":"NewYardModel"},"interaction":{"idSuffix":"inner"}},"clearTextFirst":true,"interactionType":"ENTER_TEXT"}]}
RESULT: {"script":"<script> [776 bytes]","args":[{"enterText":"TA","selector":{"controlType":"sap.m.Input","viewName":"etm.portal.ui.manageyards.view.New","viewId":"application-manageyards-display-component---NewYard","bindingPath":{"path":"","propertyPath":"/AUART","modelName":"NewYardModel"},"interaction":{"idSuffix":"inner"}},"clearTextFirst":true,"interactionType":"ENTER_TEXT"}]}
COMMAND: POST /session/3ee3b59268b112783f98a37bc72cbb43/element - {"using":"xpath","value":"//button[@data-kt=\"newYardSaveButton\"]"}
RESULT: {"using":"xpath","value":"//button[@data-kt=\"newYardSaveButton\"]"}
COMMAND: POST /session/3ee3b59268b112783f98a37bc72cbb43/element/f.DDB2A020B38DABC090658DE2C1C505F0.d.A24B76D2087E79F95271623FFEA782C1.e.4910/click - {}
RESULT: {}
COMMAND: GET /session/3ee3b59268b112783f98a37bc72cbb43/screenshot - {}
RESULT: {}
COMMAND: POST /session/3ee3b59268b112783f98a37bc72cbb43/element - {"using":"xpath","value":"//header[contains(@id, 'ObjectPageLayout-headerTitle')]/div[1]/div[2]/div[1]/span[1]"}
RESULT: {"using":"xpath","value":"//header[contains(@id, 'ObjectPageLayout-headerTitle')]/div[1]/div[2]/div[1]/span[1]"}
COMMAND: POST /session/3ee3b59268b112783f98a37bc72cbb43/elements - {"using":"xpath","value":"//header[contains(@id, 'ObjectPageLayout-headerTitle')]/div[1]/div[2]/div[1]/span[1]"}
RESULT: {"using":"xpath","value":"//header[contains(@id, 'ObjectPageLayout-headerTitle')]/div[1]/div[2]/div[1]/span[1]"}
COMMAND: POST /session/3ee3b59268b112783f98a37bc72cbb43/execute/sync - {"script":"<script> [56 bytes]","args":[{"element-6066-11e4-a52e-4f735466cecf":"f.DDB2A020B38DABC090658DE2C1C505F0.d.A24B76D2087E79F95271623FFEA782C1.e.5200","ELEMENT":"f.DDB2A020B38DABC090658DE2C1C505F0.d.A24B76D2087E79F95271623FFEA782C1.e.5200"}]}
RESULT: {"script":"<script> [56 bytes]","args":[{"element-6066-11e4-a52e-4f735466cecf":"f.DDB2A020B38DABC090658DE2C1C505F0.d.A24B76D2087E79F95271623FFEA782C1.e.5200","ELEMENT":"f.DDB2A020B38DABC090658DE2C1C505F0.d.A24B76D2087E79F95271623FFEA782C1.e.5200"}]}
COMMAND: GET /session/3ee3b59268b112783f98a37bc72cbb43/screenshot - {}
RESULT: {}
COMMAND: POST /session/3ee3b59268b112783f98a37bc72cbb43/element - {"using":"css selector","value":"#shell-header-logo"}
RESULT: {"using":"css selector","value":"#shell-header-logo"}
COMMAND: POST /session/3ee3b59268b112783f98a37bc72cbb43/element/f.DDB2A020B38DABC090658DE2C1C505F0.d.A24B76D2087E79F95271623FFEA782C1.e.4461/click - {}
RESULT: {}
COMMAND: GET /session/3ee3b59268b112783f98a37bc72cbb43/screenshot - {}
RESULT: {}
COMMAND: POST /session/3ee3b59268b112783f98a37bc72cbb43/execute/sync - {"script":"<script> [299 bytes]","args":[["getModel","getResource"]]}
RESULT: {"script":"<script> [299 bytes]","args":[["getModel","getResource"]]}
]]></system-out>
    </testcase>
    <testcase classname="chrome.137_0_7151_56.windows.Create_master_data_for_mixed_billing_&amp;_do_billing_calculation_US151661" name="Should create a new partner" time="136.21">
      <system-out><![CDATA[
COMMAND: POST /session/3ee3b59268b112783f98a37bc72cbb43/window/fullscreen - {}
COMMAND: GET /session/3ee3b59268b112783f98a37bc72cbb43/screenshot - {}
RESULT: {}
COMMAND: POST /session/3ee3b59268b112783f98a37bc72cbb43/execute/async - {"script":"<script> [1562 bytes]","args":[{"selector":{"controlType":"sap.m.GenericTile","properties":{"header":"Manage Partners"}},"wdio_ui5_key":"sapm.GenericTile{\"header\":\"Manage Partners\"}"}]}
RESULT: {}
RESULT: {"script":"<script> [1562 bytes]","args":[{"selector":{"controlType":"sap.m.GenericTile","properties":{"header":"Manage Partners"}},"wdio_ui5_key":"sapm.GenericTile{\"header\":\"Manage Partners\"}"}]}
RESULT: undefined
COMMAND: POST /session/3ee3b59268b112783f98a37bc72cbb43/element - {"using":"xpath","value":"//*[@id=\"__tile38\"]"}
RESULT: {"using":"xpath","value":"//*[@id=\"__tile38\"]"}
COMMAND: POST /session/3ee3b59268b112783f98a37bc72cbb43/element/f.DDB2A020B38DABC090658DE2C1C505F0.d.A24B76D2087E79F95271623FFEA782C1.e.4348/click - {}
RESULT: {}
COMMAND: GET /session/3ee3b59268b112783f98a37bc72cbb43/screenshot - {}
RESULT: {}
COMMAND: POST /session/3ee3b59268b112783f98a37bc72cbb43/elements - {"using":"xpath","value":"//span[text()='Error']"}
RESULT: {"using":"xpath","value":"//span[text()='Error']"}
COMMAND: POST /session/3ee3b59268b112783f98a37bc72cbb43/element - {"using":"xpath","value":"//button[@data-kt=\"addButton\"]"}
RESULT: {"using":"xpath","value":"//button[@data-kt=\"addButton\"]"}
COMMAND: POST /session/3ee3b59268b112783f98a37bc72cbb43/elements - {"using":"xpath","value":"//button[@data-kt=\"addButton\"]"}
RESULT: {"using":"xpath","value":"//button[@data-kt=\"addButton\"]"}
COMMAND: POST /session/3ee3b59268b112783f98a37bc72cbb43/execute/sync - {"script":"<script> [8489 bytes]","args":[{"element-6066-11e4-a52e-4f735466cecf":"f.DDB2A020B38DABC090658DE2C1C505F0.d.A24B76D2087E79F95271623FFEA782C1.e.5247","ELEMENT":"f.DDB2A020B38DABC090658DE2C1C505F0.d.A24B76D2087E79F95271623FFEA782C1.e.5247"}]}
RESULT: {"script":"<script> [8489 bytes]","args":[{"element-6066-11e4-a52e-4f735466cecf":"f.DDB2A020B38DABC090658DE2C1C505F0.d.A24B76D2087E79F95271623FFEA782C1.e.5247","ELEMENT":"f.DDB2A020B38DABC090658DE2C1C505F0.d.A24B76D2087E79F95271623FFEA782C1.e.5247"}]}
COMMAND: GET /session/3ee3b59268b112783f98a37bc72cbb43/element/f.DDB2A020B38DABC090658DE2C1C505F0.d.A24B76D2087E79F95271623FFEA782C1.e.5247/enabled - {}
COMMAND: GET /session/3ee3b59268b112783f98a37bc72cbb43/screenshot - {}
RESULT: {}
COMMAND: POST /session/3ee3b59268b112783f98a37bc72cbb43/execute/sync - {"script":"<script> [8489 bytes]","args":[{"element-6066-11e4-a52e-4f735466cecf":"f.DDB2A020B38DABC090658DE2C1C505F0.d.A24B76D2087E79F95271623FFEA782C1.e.5247","ELEMENT":"f.DDB2A020B38DABC090658DE2C1C505F0.d.A24B76D2087E79F95271623FFEA782C1.e.5247"}]}
COMMAND: GET /session/3ee3b59268b112783f98a37bc72cbb43/screenshot - {}
RESULT: {}
RESULT: {"script":"<script> [8489 bytes]","args":[{"element-6066-11e4-a52e-4f735466cecf":"f.DDB2A020B38DABC090658DE2C1C505F0.d.A24B76D2087E79F95271623FFEA782C1.e.5247","ELEMENT":"f.DDB2A020B38DABC090658DE2C1C505F0.d.A24B76D2087E79F95271623FFEA782C1.e.5247"}]}
COMMAND: POST /session/3ee3b59268b112783f98a37bc72cbb43/execute/sync - {"script":"<script> [5351 bytes]","args":[{"element-6066-11e4-a52e-4f735466cecf":"f.DDB2A020B38DABC090658DE2C1C505F0.d.A24B76D2087E79F95271623FFEA782C1.e.5247","ELEMENT":"f.DDB2A020B38DABC090658DE2C1C505F0.d.A24B76D2087E79F95271623FFEA782C1.e.5247"}]}
COMMAND: GET /session/3ee3b59268b112783f98a37bc72cbb43/screenshot - {}
RESULT: {}
RESULT: {"script":"<script> [5351 bytes]","args":[{"element-6066-11e4-a52e-4f735466cecf":"f.DDB2A020B38DABC090658DE2C1C505F0.d.A24B76D2087E79F95271623FFEA782C1.e.5247","ELEMENT":"f.DDB2A020B38DABC090658DE2C1C505F0.d.A24B76D2087E79F95271623FFEA782C1.e.5247"}]}
COMMAND: POST /session/3ee3b59268b112783f98a37bc72cbb43/element/f.DDB2A020B38DABC090658DE2C1C505F0.d.A24B76D2087E79F95271623FFEA782C1.e.5247/click - {}
COMMAND: GET /session/3ee3b59268b112783f98a37bc72cbb43/screenshot - {}
RESULT: {}
RESULT: {}
COMMAND: GET /session/3ee3b59268b112783f98a37bc72cbb43/screenshot - {}
COMMAND: POST /session/3ee3b59268b112783f98a37bc72cbb43/execute/async - {"script":"<script> [1562 bytes]","args":[{"selector":{"id":"application-managepartners-display-component---NewPartner--addressDetailDetailsName1","interaction":{"idSuffix":"inner"}},"wdio_ui5_key":"applicationmanagepartners-display-component---NewPartner--addressDetailDetailsName1"}]}
RESULT: {}
RESULT: {}
RESULT: {"script":"<script> [1562 bytes]","args":[{"selector":{"id":"application-managepartners-display-component---NewPartner--addressDetailDetailsName1","interaction":{"idSuffix":"inner"}},"wdio_ui5_key":"applicationmanagepartners-display-component---NewPartner--addressDetailDetailsName1"}]}
RESULT: undefined
COMMAND: POST /session/3ee3b59268b112783f98a37bc72cbb43/execute/async - {"script":"<script> [776 bytes]","args":[{"enterText":"Intercompany Partner WDIO","selector":{"id":"application-managepartners-display-component---NewPartner--addressDetailDetailsName1","interaction":{"idSuffix":"inner"}},"clearTextFirst":true,"interactionType":"ENTER_TEXT"}]}
RESULT: {"script":"<script> [776 bytes]","args":[{"enterText":"Intercompany Partner WDIO","selector":{"id":"application-managepartners-display-component---NewPartner--addressDetailDetailsName1","interaction":{"idSuffix":"inner"}},"clearTextFirst":true,"interactionType":"ENTER_TEXT"}]}
COMMAND: POST /session/3ee3b59268b112783f98a37bc72cbb43/execute/async - {"script":"<script> [1562 bytes]","args":[{"selector":{"id":"application-managepartners-display-component---NewPartner--addressDetailDetailsLanguage-arrow"},"wdio_ui5_key":"applicationmanagepartners-display-component---NewPartner--addressDetailDetailsLanguage-arrow"}]}
RESULT: {"script":"<script> [1562 bytes]","args":[{"selector":{"id":"application-managepartners-display-component---NewPartner--addressDetailDetailsLanguage-arrow"},"wdio_ui5_key":"applicationmanagepartners-display-component---NewPartner--addressDetailDetailsLanguage-arrow"}]}
RESULT: undefined
COMMAND: POST /session/3ee3b59268b112783f98a37bc72cbb43/element - {"using":"xpath","value":"//*[@id=\"application-managepartners-display-component---NewPartner--addressDetailDetailsLanguage-arrow\"]"}
RESULT: {"using":"xpath","value":"//*[@id=\"application-managepartners-display-component---NewPartner--addressDetailDetailsLanguage-arrow\"]"}
COMMAND: POST /session/3ee3b59268b112783f98a37bc72cbb43/element/f.DDB2A020B38DABC090658DE2C1C505F0.d.A24B76D2087E79F95271623FFEA782C1.e.5687/click - {}
RESULT: {}
COMMAND: POST /session/3ee3b59268b112783f98a37bc72cbb43/element - {"using":"xpath","value":"//span[contains(text(), \"English\")]"}
COMMAND: GET /session/3ee3b59268b112783f98a37bc72cbb43/screenshot - {}
RESULT: {"using":"xpath","value":"//span[contains(text(), \"English\")]"}
COMMAND: POST /session/3ee3b59268b112783f98a37bc72cbb43/element/f.DDB2A020B38DABC090658DE2C1C505F0.d.A24B76D2087E79F95271623FFEA782C1.e.5688/click - {}
RESULT: {}
RESULT: {}
COMMAND: GET /session/3ee3b59268b112783f98a37bc72cbb43/screenshot - {}
RESULT: {}
COMMAND: POST /session/3ee3b59268b112783f98a37bc72cbb43/execute/async - {"script":"<script> [1562 bytes]","args":[{"selector":{"id":"application-managepartners-display-component---NewPartner--addressDetailDetailsCity1","interaction":{"idSuffix":"inner"}},"wdio_ui5_key":"applicationmanagepartners-display-component---NewPartner--addressDetailDetailsCity1"}]}
RESULT: {"script":"<script> [1562 bytes]","args":[{"selector":{"id":"application-managepartners-display-component---NewPartner--addressDetailDetailsCity1","interaction":{"idSuffix":"inner"}},"wdio_ui5_key":"applicationmanagepartners-display-component---NewPartner--addressDetailDetailsCity1"}]}
RESULT: undefined
COMMAND: POST /session/3ee3b59268b112783f98a37bc72cbb43/execute/async - {"script":"<script> [776 bytes]","args":[{"enterText":"Rosario","selector":{"id":"application-managepartners-display-component---NewPartner--addressDetailDetailsCity1","interaction":{"idSuffix":"inner"}},"clearTextFirst":true,"interactionType":"ENTER_TEXT"}]}
RESULT: {"script":"<script> [776 bytes]","args":[{"enterText":"Rosario","selector":{"id":"application-managepartners-display-component---NewPartner--addressDetailDetailsCity1","interaction":{"idSuffix":"inner"}},"clearTextFirst":true,"interactionType":"ENTER_TEXT"}]}
COMMAND: POST /session/3ee3b59268b112783f98a37bc72cbb43/execute/async - {"script":"<script> [1562 bytes]","args":[{"selector":{"id":"application-managepartners-display-component---NewPartner--addressDetailDetailsCountry-arrow"},"wdio_ui5_key":"applicationmanagepartners-display-component---NewPartner--addressDetailDetailsCountry-arrow"}]}
RESULT: {"script":"<script> [1562 bytes]","args":[{"selector":{"id":"application-managepartners-display-component---NewPartner--addressDetailDetailsCountry-arrow"},"wdio_ui5_key":"applicationmanagepartners-display-component---NewPartner--addressDetailDetailsCountry-arrow"}]}
RESULT: undefined
COMMAND: POST /session/3ee3b59268b112783f98a37bc72cbb43/element - {"using":"xpath","value":"//*[@id=\"application-managepartners-display-component---NewPartner--addressDetailDetailsCountry-arrow\"]"}
RESULT: {"using":"xpath","value":"//*[@id=\"application-managepartners-display-component---NewPartner--addressDetailDetailsCountry-arrow\"]"}
COMMAND: POST /session/3ee3b59268b112783f98a37bc72cbb43/element/f.DDB2A020B38DABC090658DE2C1C505F0.d.A24B76D2087E79F95271623FFEA782C1.e.5669/click - {}
RESULT: {}
COMMAND: POST /session/3ee3b59268b112783f98a37bc72cbb43/element - {"using":"xpath","value":"//span[contains(text(), \"Argentina\")]"}
COMMAND: GET /session/3ee3b59268b112783f98a37bc72cbb43/screenshot - {}
RESULT: {"using":"xpath","value":"//span[contains(text(), \"Argentina\")]"}
COMMAND: POST /session/3ee3b59268b112783f98a37bc72cbb43/element/f.DDB2A020B38DABC090658DE2C1C505F0.d.A24B76D2087E79F95271623FFEA782C1.e.5690/click - {}
RESULT: {}
RESULT: {}
COMMAND: GET /session/3ee3b59268b112783f98a37bc72cbb43/screenshot - {}
RESULT: {}
COMMAND: POST /session/3ee3b59268b112783f98a37bc72cbb43/element - {"using":"xpath","value":"//bdi[contains(text(), \"Commercial\")]"}
RESULT: {"using":"xpath","value":"//bdi[contains(text(), \"Commercial\")]"}
COMMAND: POST /session/3ee3b59268b112783f98a37bc72cbb43/element/f.DDB2A020B38DABC090658DE2C1C505F0.d.A24B76D2087E79F95271623FFEA782C1.e.5691/click - {}
RESULT: {}
COMMAND: GET /session/3ee3b59268b112783f98a37bc72cbb43/screenshot - {}
RESULT: {}
COMMAND: POST /session/3ee3b59268b112783f98a37bc72cbb43/execute/async - {"script":"<script> [1562 bytes]","args":[{"selector":{"id":"application-managepartners-display-component---NewPartner--partnerDetailInternal-arrow"},"wdio_ui5_key":"applicationmanagepartners-display-component---NewPartner--partnerDetailInternal-arrow"}]}
RESULT: {"script":"<script> [1562 bytes]","args":[{"selector":{"id":"application-managepartners-display-component---NewPartner--partnerDetailInternal-arrow"},"wdio_ui5_key":"applicationmanagepartners-display-component---NewPartner--partnerDetailInternal-arrow"}]}
RESULT: undefined
COMMAND: POST /session/3ee3b59268b112783f98a37bc72cbb43/element - {"using":"xpath","value":"//*[@id=\"application-managepartners-display-component---NewPartner--partnerDetailInternal-arrow\"]"}
RESULT: {"using":"xpath","value":"//*[@id=\"application-managepartners-display-component---NewPartner--partnerDetailInternal-arrow\"]"}
COMMAND: POST /session/3ee3b59268b112783f98a37bc72cbb43/element/f.DDB2A020B38DABC090658DE2C1C505F0.d.A24B76D2087E79F95271623FFEA782C1.e.5697/click - {}
RESULT: {}
COMMAND: POST /session/3ee3b59268b112783f98a37bc72cbb43/element - {"using":"xpath","value":"//span[contains(text(), \"Affiliated company\")]"}
COMMAND: GET /session/3ee3b59268b112783f98a37bc72cbb43/screenshot - {}
RESULT: {"using":"xpath","value":"//span[contains(text(), \"Affiliated company\")]"}
COMMAND: POST /session/3ee3b59268b112783f98a37bc72cbb43/element/f.DDB2A020B38DABC090658DE2C1C505F0.d.A24B76D2087E79F95271623FFEA782C1.e.5698/click - {}
RESULT: {}
RESULT: {}
COMMAND: POST /session/3ee3b59268b112783f98a37bc72cbb43/execute/async - {"script":"<script> [1562 bytes]","args":[{"selector":{"id":"application-managepartners-display-component---NewPartner--partnerDetailsCurrency-arrow"},"wdio_ui5_key":"applicationmanagepartners-display-component---NewPartner--partnerDetailsCurrency-arrow"}]}
COMMAND: GET /session/3ee3b59268b112783f98a37bc72cbb43/screenshot - {}
RESULT: {"script":"<script> [1562 bytes]","args":[{"selector":{"id":"application-managepartners-display-component---NewPartner--partnerDetailsCurrency-arrow"},"wdio_ui5_key":"applicationmanagepartners-display-component---NewPartner--partnerDetailsCurrency-arrow"}]}
RESULT: undefined
COMMAND: POST /session/3ee3b59268b112783f98a37bc72cbb43/element - {"using":"xpath","value":"//*[@id=\"application-managepartners-display-component---NewPartner--partnerDetailsCurrency-arrow\"]"}
RESULT: {}
RESULT: {"using":"xpath","value":"//*[@id=\"application-managepartners-display-component---NewPartner--partnerDetailsCurrency-arrow\"]"}
COMMAND: POST /session/3ee3b59268b112783f98a37bc72cbb43/element/f.DDB2A020B38DABC090658DE2C1C505F0.d.A24B76D2087E79F95271623FFEA782C1.e.5705/click - {}
RESULT: {}
COMMAND: POST /session/3ee3b59268b112783f98a37bc72cbb43/element - {"using":"xpath","value":"//span[contains(text(), \"Euro\")]"}
COMMAND: GET /session/3ee3b59268b112783f98a37bc72cbb43/screenshot - {}
RESULT: {"using":"xpath","value":"//span[contains(text(), \"Euro\")]"}
COMMAND: POST /session/3ee3b59268b112783f98a37bc72cbb43/element/f.DDB2A020B38DABC090658DE2C1C505F0.d.A24B76D2087E79F95271623FFEA782C1.e.5706/click - {}
RESULT: {}
RESULT: {}
COMMAND: POST /session/3ee3b59268b112783f98a37bc72cbb43/execute/async - {"script":"<script> [1562 bytes]","args":[{"selector":{"id":"application-managepartners-display-component---NewPartner--addressEditDetailsCostObjectCstType-arrow"},"wdio_ui5_key":"applicationmanagepartners-display-component---NewPartner--addressEditDetailsCostObjectCstType-arrow"}]}
COMMAND: GET /session/3ee3b59268b112783f98a37bc72cbb43/screenshot - {}
RESULT: {"script":"<script> [1562 bytes]","args":[{"selector":{"id":"application-managepartners-display-component---NewPartner--addressEditDetailsCostObjectCstType-arrow"},"wdio_ui5_key":"applicationmanagepartners-display-component---NewPartner--addressEditDetailsCostObjectCstType-arrow"}]}
RESULT: undefined
COMMAND: POST /session/3ee3b59268b112783f98a37bc72cbb43/element - {"using":"xpath","value":"//*[@id=\"application-managepartners-display-component---NewPartner--addressEditDetailsCostObjectCstType-arrow\"]"}
RESULT: {}
RESULT: {"using":"xpath","value":"//*[@id=\"application-managepartners-display-component---NewPartner--addressEditDetailsCostObjectCstType-arrow\"]"}
COMMAND: POST /session/3ee3b59268b112783f98a37bc72cbb43/element/f.DDB2A020B38DABC090658DE2C1C505F0.d.A24B76D2087E79F95271623FFEA782C1.e.5707/click - {}
RESULT: {}
COMMAND: POST /session/3ee3b59268b112783f98a37bc72cbb43/element - {"using":"xpath","value":"//span[contains(text(), \"Cost Center\")]"}
COMMAND: GET /session/3ee3b59268b112783f98a37bc72cbb43/screenshot - {}
RESULT: {"using":"xpath","value":"//span[contains(text(), \"Cost Center\")]"}
COMMAND: POST /session/3ee3b59268b112783f98a37bc72cbb43/element/f.DDB2A020B38DABC090658DE2C1C505F0.d.A24B76D2087E79F95271623FFEA782C1.e.5708/click - {}
RESULT: {}
RESULT: {}
COMMAND: GET /session/3ee3b59268b112783f98a37bc72cbb43/screenshot - {}
RESULT: {}
COMMAND: POST /session/3ee3b59268b112783f98a37bc72cbb43/element - {"using":"xpath","value":"//span[@id=\"application-managepartners-display-component---NewPartner--addressNewCostObjectCstID-vhi\"]"}
RESULT: {"using":"xpath","value":"//span[@id=\"application-managepartners-display-component---NewPartner--addressNewCostObjectCstID-vhi\"]"}
COMMAND: POST /session/3ee3b59268b112783f98a37bc72cbb43/execute/sync - {"script":"<script> [8489 bytes]","args":[{"element-6066-11e4-a52e-4f735466cecf":"f.DDB2A020B38DABC090658DE2C1C505F0.d.A24B76D2087E79F95271623FFEA782C1.e.5712","ELEMENT":"f.DDB2A020B38DABC090658DE2C1C505F0.d.A24B76D2087E79F95271623FFEA782C1.e.5712"}]}
RESULT: {"script":"<script> [8489 bytes]","args":[{"element-6066-11e4-a52e-4f735466cecf":"f.DDB2A020B38DABC090658DE2C1C505F0.d.A24B76D2087E79F95271623FFEA782C1.e.5712","ELEMENT":"f.DDB2A020B38DABC090658DE2C1C505F0.d.A24B76D2087E79F95271623FFEA782C1.e.5712"}]}
COMMAND: POST /session/3ee3b59268b112783f98a37bc72cbb43/execute/async - {"script":"<script> [1562 bytes]","args":[{"selector":{"id":"application-managepartners-display-component---NewPartner--addressNewCostObjectCstID-vhi"},"wdio_ui5_key":"applicationmanagepartners-display-component---NewPartner--addressNewCostObjectCstID-vhi"}]}
COMMAND: GET /session/3ee3b59268b112783f98a37bc72cbb43/screenshot - {}
RESULT: {"script":"<script> [1562 bytes]","args":[{"selector":{"id":"application-managepartners-display-component---NewPartner--addressNewCostObjectCstID-vhi"},"wdio_ui5_key":"applicationmanagepartners-display-component---NewPartner--addressNewCostObjectCstID-vhi"}]}
RESULT: undefined
COMMAND: POST /session/3ee3b59268b112783f98a37bc72cbb43/element - {"using":"xpath","value":"//*[@id=\"application-managepartners-display-component---NewPartner--addressNewCostObjectCstID-vhi\"]"}
RESULT: {}
RESULT: {"using":"xpath","value":"//*[@id=\"application-managepartners-display-component---NewPartner--addressNewCostObjectCstID-vhi\"]"}
COMMAND: POST /session/3ee3b59268b112783f98a37bc72cbb43/element/f.DDB2A020B38DABC090658DE2C1C505F0.d.A24B76D2087E79F95271623FFEA782C1.e.5712/click - {}
RESULT: {}
COMMAND: GET /session/3ee3b59268b112783f98a37bc72cbb43/screenshot - {}
RESULT: {}
RESULT: undefined
COMMAND: POST /session/3ee3b59268b112783f98a37bc72cbb43/execute/async - {"script":"<script> [776 bytes]","args":[{"enterText":"10001013","selector":{"controlType":"sap.m.SearchField","properties":{"placeholder":"Search"},"searchOpenDialogs":true,"interaction":{"idSuffix":"I"}},"clearTextFirst":true,"interactionType":"ENTER_TEXT"}]}
RESULT: {"script":"<script> [776 bytes]","args":[{"enterText":"10001013","selector":{"controlType":"sap.m.SearchField","properties":{"placeholder":"Search"},"searchOpenDialogs":true,"interaction":{"idSuffix":"I"}},"clearTextFirst":true,"interactionType":"ENTER_TEXT"}]}
COMMAND: POST /session/3ee3b59268b112783f98a37bc72cbb43/actions - {"actions":[{"id":"action20","type":"key","parameters":{},"actions":[{"type":"keyDown","value":"î€‡"},{"type":"pause","duration":10},{"type":"keyUp","value":"î€‡"}]}]}
RESULT: {"actions":[{"id":"action20","type":"key","parameters":{},"actions":[{"type":"keyDown","value":"î€‡"},{"type":"pause","duration":10},{"type":"keyUp","value":"î€‡"}]}]}
COMMAND: GET /session/3ee3b59268b112783f98a37bc72cbb43/screenshot - {}
RESULT: {}
COMMAND: POST /session/3ee3b59268b112783f98a37bc72cbb43/element - {"using":"xpath","value":"//span[contains(text(), \"General Management\")]"}
RESULT: {"using":"xpath","value":"//span[contains(text(), \"General Management\")]"}
COMMAND: POST /session/3ee3b59268b112783f98a37bc72cbb43/element/f.DDB2A020B38DABC090658DE2C1C505F0.d.A24B76D2087E79F95271623FFEA782C1.e.5751/click - {}
RESULT: {}
COMMAND: GET /session/3ee3b59268b112783f98a37bc72cbb43/screenshot - {}
RESULT: {}
COMMAND: POST /session/3ee3b59268b112783f98a37bc72cbb43/element - {"using":"xpath","value":"//bdi[contains(text(), \"OK\")]"}
RESULT: {"using":"xpath","value":"//bdi[contains(text(), \"OK\")]"}
COMMAND: POST /session/3ee3b59268b112783f98a37bc72cbb43/element/f.DDB2A020B38DABC090658DE2C1C505F0.d.A24B76D2087E79F95271623FFEA782C1.e.5752/click - {}
RESULT: {}
COMMAND: GET /session/3ee3b59268b112783f98a37bc72cbb43/screenshot - {}
RESULT: {}
COMMAND: POST /session/3ee3b59268b112783f98a37bc72cbb43/element - {"using":"xpath","value":"//input[@id=\"application-managepartners-display-component---NewPartner--companyCodeComboBox-inner\"]"}
RESULT: {"using":"xpath","value":"//input[@id=\"application-managepartners-display-component---NewPartner--companyCodeComboBox-inner\"]"}
COMMAND: POST /session/3ee3b59268b112783f98a37bc72cbb43/element/f.DDB2A020B38DABC090658DE2C1C505F0.d.A24B76D2087E79F95271623FFEA782C1.e.5549/clear - {}
RESULT: {}
COMMAND: POST /session/3ee3b59268b112783f98a37bc72cbb43/element/f.DDB2A020B38DABC090658DE2C1C505F0.d.A24B76D2087E79F95271623FFEA782C1.e.5549/value - {"text":"C002"}
COMMAND: GET /session/3ee3b59268b112783f98a37bc72cbb43/screenshot - {}
RESULT: {"text":"C002"}
COMMAND: GET /session/3ee3b59268b112783f98a37bc72cbb43/screenshot - {}
RESULT: {}
RESULT: {}
COMMAND: POST /session/3ee3b59268b112783f98a37bc72cbb43/element - {"using":"xpath","value":"//li[.//span[text()= \"C002\"]]"}
RESULT: {"using":"xpath","value":"//li[.//span[text()= \"C002\"]]"}
COMMAND: POST /session/3ee3b59268b112783f98a37bc72cbb43/element/f.DDB2A020B38DABC090658DE2C1C505F0.d.A24B76D2087E79F95271623FFEA782C1.e.5758/click - {}
RESULT: {}
COMMAND: GET /session/3ee3b59268b112783f98a37bc72cbb43/screenshot - {}
RESULT: {}
COMMAND: POST /session/3ee3b59268b112783f98a37bc72cbb43/execute/async - {"script":"<script> [1562 bytes]","args":[{"selector":{"id":"application-managepartners-display-component---NewPartner--btnAddTableRow-img"},"wdio_ui5_key":"applicationmanagepartners-display-component---NewPartner--btnAddTableRow-img"}]}
RESULT: {"script":"<script> [1562 bytes]","args":[{"selector":{"id":"application-managepartners-display-component---NewPartner--btnAddTableRow-img"},"wdio_ui5_key":"applicationmanagepartners-display-component---NewPartner--btnAddTableRow-img"}]}
RESULT: undefined
COMMAND: POST /session/3ee3b59268b112783f98a37bc72cbb43/element - {"using":"xpath","value":"//*[@id=\"application-managepartners-display-component---NewPartner--btnAddTableRow-img\"]"}
RESULT: {"using":"xpath","value":"//*[@id=\"application-managepartners-display-component---NewPartner--btnAddTableRow-img\"]"}
COMMAND: POST /session/3ee3b59268b112783f98a37bc72cbb43/element/f.DDB2A020B38DABC090658DE2C1C505F0.d.A24B76D2087E79F95271623FFEA782C1.e.5759/click - {}
RESULT: {}
COMMAND: GET /session/3ee3b59268b112783f98a37bc72cbb43/screenshot - {}
RESULT: {}
COMMAND: POST /session/3ee3b59268b112783f98a37bc72cbb43/element - {"using":"xpath","value":"//input[@id=\"application-managepartners-display-component---NewPartner--assignmentYard-application-managepartners-display-component---NewPartner--assignmentsTable-0-inner\"]"}
RESULT: {"using":"xpath","value":"//input[@id=\"application-managepartners-display-component---NewPartner--assignmentYard-application-managepartners-display-component---NewPartner--assignmentsTable-0-inner\"]"}
COMMAND: POST /session/3ee3b59268b112783f98a37bc72cbb43/element/f.DDB2A020B38DABC090658DE2C1C505F0.d.A24B76D2087E79F95271623FFEA782C1.e.5762/clear - {}
RESULT: {}
COMMAND: POST /session/3ee3b59268b112783f98a37bc72cbb43/element/f.DDB2A020B38DABC090658DE2C1C505F0.d.A24B76D2087E79F95271623FFEA782C1.e.5762/value - {"text":"664"}
COMMAND: GET /session/3ee3b59268b112783f98a37bc72cbb43/screenshot - {}
RESULT: {"text":"664"}
COMMAND: GET /session/3ee3b59268b112783f98a37bc72cbb43/screenshot - {}
RESULT: {}
RESULT: {}
COMMAND: POST /session/3ee3b59268b112783f98a37bc72cbb43/element - {"using":"xpath","value":"//li[.//span[text()='664']]"}
RESULT: {"using":"xpath","value":"//li[.//span[text()='664']]"}
COMMAND: POST /session/3ee3b59268b112783f98a37bc72cbb43/element/f.DDB2A020B38DABC090658DE2C1C505F0.d.A24B76D2087E79F95271623FFEA782C1.e.5771/click - {}
RESULT: {}
COMMAND: GET /session/3ee3b59268b112783f98a37bc72cbb43/screenshot - {}
RESULT: {}
COMMAND: POST /session/3ee3b59268b112783f98a37bc72cbb43/actions - {"actions":[{"id":"action21","type":"key","parameters":{},"actions":[{"type":"keyDown","value":"î€‡"},{"type":"pause","duration":10},{"type":"keyUp","value":"î€‡"}]}]}
RESULT: {"actions":[{"id":"action21","type":"key","parameters":{},"actions":[{"type":"keyDown","value":"î€‡"},{"type":"pause","duration":10},{"type":"keyUp","value":"î€‡"}]}]}
COMMAND: POST /session/3ee3b59268b112783f98a37bc72cbb43/execute/async - {"script":"<script> [1562 bytes]","args":[{"selector":{"id":"application-managepartners-display-component---NewPartner--externalCustomerComboBox-application-managepartners-display-component---NewPartner--assignmentsTable-0-vhi"},"wdio_ui5_key":"applicationmanagepartners-display-component---NewPartner--externalCustomerComboBox-application-managepartners-display-component---NewPartner--assignmentsTable-0-vhi"}]}
COMMAND: GET /session/3ee3b59268b112783f98a37bc72cbb43/screenshot - {}
RESULT: {"script":"<script> [1562 bytes]","args":[{"selector":{"id":"application-managepartners-display-component---NewPartner--externalCustomerComboBox-application-managepartners-display-component---NewPartner--assignmentsTable-0-vhi"},"wdio_ui5_key":"applicationmanagepartners-display-component---NewPartner--externalCustomerComboBox-application-managepartners-display-component---NewPartner--assignmentsTable-0-vhi"}]}
RESULT: undefined
COMMAND: POST /session/3ee3b59268b112783f98a37bc72cbb43/element - {"using":"xpath","value":"//*[@id=\"application-managepartners-display-component---NewPartner--externalCustomerComboBox-application-managepartners-display-component---NewPartner--assignmentsTable-0-vhi\"]"}
RESULT: {}
RESULT: {"using":"xpath","value":"//*[@id=\"application-managepartners-display-component---NewPartner--externalCustomerComboBox-application-managepartners-display-component---NewPartner--assignmentsTable-0-vhi\"]"}
COMMAND: POST /session/3ee3b59268b112783f98a37bc72cbb43/element/f.DDB2A020B38DABC090658DE2C1C505F0.d.A24B76D2087E79F95271623FFEA782C1.e.5775/click - {}
RESULT: {}
RESULT: undefined
COMMAND: POST /session/3ee3b59268b112783f98a37bc72cbb43/execute/async - {"script":"<script> [776 bytes]","args":[{"enterText":"300003","selector":{"controlType":"sap.m.SearchField","properties":{"placeholder":"Search"},"searchOpenDialogs":true,"interaction":{"idSuffix":"I"}},"clearTextFirst":true,"interactionType":"ENTER_TEXT"}]}
COMMAND: GET /session/3ee3b59268b112783f98a37bc72cbb43/screenshot - {}
RESULT: {"script":"<script> [776 bytes]","args":[{"enterText":"300003","selector":{"controlType":"sap.m.SearchField","properties":{"placeholder":"Search"},"searchOpenDialogs":true,"interaction":{"idSuffix":"I"}},"clearTextFirst":true,"interactionType":"ENTER_TEXT"}]}
COMMAND: POST /session/3ee3b59268b112783f98a37bc72cbb43/actions - {"actions":[{"id":"action22","type":"key","parameters":{},"actions":[{"type":"keyDown","value":"î€‡"},{"type":"pause","duration":10},{"type":"keyUp","value":"î€‡"}]}]}
RESULT: {}
RESULT: {"actions":[{"id":"action22","type":"key","parameters":{},"actions":[{"type":"keyDown","value":"î€‡"},{"type":"pause","duration":10},{"type":"keyUp","value":"î€‡"}]}]}
COMMAND: GET /session/3ee3b59268b112783f98a37bc72cbb43/screenshot - {}
RESULT: {}
COMMAND: POST /session/3ee3b59268b112783f98a37bc72cbb43/element - {"using":"xpath","value":"//span[contains(text(), \"300003\")]"}
RESULT: {"using":"xpath","value":"//span[contains(text(), \"300003\")]"}
COMMAND: POST /session/3ee3b59268b112783f98a37bc72cbb43/element/f.DDB2A020B38DABC090658DE2C1C505F0.d.A24B76D2087E79F95271623FFEA782C1.e.5792/click - {}
RESULT: {}
COMMAND: GET /session/3ee3b59268b112783f98a37bc72cbb43/screenshot - {}
RESULT: {}
COMMAND: POST /session/3ee3b59268b112783f98a37bc72cbb43/element - {"using":"xpath","value":"//bdi[contains(text(), \"OK\")]"}
RESULT: {"using":"xpath","value":"//bdi[contains(text(), \"OK\")]"}
COMMAND: POST /session/3ee3b59268b112783f98a37bc72cbb43/element/f.DDB2A020B38DABC090658DE2C1C505F0.d.A24B76D2087E79F95271623FFEA782C1.e.5794/click - {}
RESULT: {}
COMMAND: GET /session/3ee3b59268b112783f98a37bc72cbb43/screenshot - {}
RESULT: {}
COMMAND: POST /session/3ee3b59268b112783f98a37bc72cbb43/execute/async - {"script":"<script> [1562 bytes]","args":[{"selector":{"id":"application-managepartners-display-component---NewPartner--intercompVendorComboBox-application-managepartners-display-component---NewPartner--assignmentsTable-0-vhi"},"wdio_ui5_key":"applicationmanagepartners-display-component---NewPartner--intercompVendorComboBox-application-managepartners-display-component---NewPartner--assignmentsTable-0-vhi"}]}
RESULT: {"script":"<script> [1562 bytes]","args":[{"selector":{"id":"application-managepartners-display-component---NewPartner--intercompVendorComboBox-application-managepartners-display-component---NewPartner--assignmentsTable-0-vhi"},"wdio_ui5_key":"applicationmanagepartners-display-component---NewPartner--intercompVendorComboBox-application-managepartners-display-component---NewPartner--assignmentsTable-0-vhi"}]}
RESULT: undefined
COMMAND: POST /session/3ee3b59268b112783f98a37bc72cbb43/element - {"using":"xpath","value":"//*[@id=\"application-managepartners-display-component---NewPartner--intercompVendorComboBox-application-managepartners-display-component---NewPartner--assignmentsTable-0-vhi\"]"}
RESULT: {"using":"xpath","value":"//*[@id=\"application-managepartners-display-component---NewPartner--intercompVendorComboBox-application-managepartners-display-component---NewPartner--assignmentsTable-0-vhi\"]"}
COMMAND: POST /session/3ee3b59268b112783f98a37bc72cbb43/element/f.DDB2A020B38DABC090658DE2C1C505F0.d.A24B76D2087E79F95271623FFEA782C1.e.5797/click - {}
RESULT: {}
RESULT: undefined
COMMAND: POST /session/3ee3b59268b112783f98a37bc72cbb43/execute/async - {"script":"<script> [776 bytes]","args":[{"enterText":"100005","selector":{"controlType":"sap.m.SearchField","properties":{"placeholder":"Search"},"searchOpenDialogs":true,"interaction":{"idSuffix":"I"}},"clearTextFirst":true,"interactionType":"ENTER_TEXT"}]}
COMMAND: GET /session/3ee3b59268b112783f98a37bc72cbb43/screenshot - {}
RESULT: {"script":"<script> [776 bytes]","args":[{"enterText":"100005","selector":{"controlType":"sap.m.SearchField","properties":{"placeholder":"Search"},"searchOpenDialogs":true,"interaction":{"idSuffix":"I"}},"clearTextFirst":true,"interactionType":"ENTER_TEXT"}]}
COMMAND: POST /session/3ee3b59268b112783f98a37bc72cbb43/actions - {"actions":[{"id":"action23","type":"key","parameters":{},"actions":[{"type":"keyDown","value":"î€‡"},{"type":"pause","duration":10},{"type":"keyUp","value":"î€‡"}]}]}
RESULT: {}
RESULT: {"actions":[{"id":"action23","type":"key","parameters":{},"actions":[{"type":"keyDown","value":"î€‡"},{"type":"pause","duration":10},{"type":"keyUp","value":"î€‡"}]}]}
COMMAND: GET /session/3ee3b59268b112783f98a37bc72cbb43/screenshot - {}
RESULT: {}
COMMAND: POST /session/3ee3b59268b112783f98a37bc72cbb43/element - {"using":"xpath","value":"//span[contains(text(), \"Penguins - Field/12345 Berlin\")]"}
RESULT: {"using":"xpath","value":"//span[contains(text(), \"Penguins - Field/12345 Berlin\")]"}
COMMAND: POST /session/3ee3b59268b112783f98a37bc72cbb43/element/f.DDB2A020B38DABC090658DE2C1C505F0.d.A24B76D2087E79F95271623FFEA782C1.e.5814/click - {}
RESULT: {}
COMMAND: GET /session/3ee3b59268b112783f98a37bc72cbb43/screenshot - {}
RESULT: {}
COMMAND: POST /session/3ee3b59268b112783f98a37bc72cbb43/element - {"using":"xpath","value":"//bdi[contains(text(), \"OK\")]"}
RESULT: {"using":"xpath","value":"//bdi[contains(text(), \"OK\")]"}
COMMAND: POST /session/3ee3b59268b112783f98a37bc72cbb43/element/f.DDB2A020B38DABC090658DE2C1C505F0.d.A24B76D2087E79F95271623FFEA782C1.e.5815/click - {}
RESULT: {}
COMMAND: GET /session/3ee3b59268b112783f98a37bc72cbb43/screenshot - {}
RESULT: {}
COMMAND: POST /session/3ee3b59268b112783f98a37bc72cbb43/element - {"using":"xpath","value":"//button[@data-kt=\"saveButton\"]"}
RESULT: {"using":"xpath","value":"//button[@data-kt=\"saveButton\"]"}
COMMAND: POST /session/3ee3b59268b112783f98a37bc72cbb43/element/f.DDB2A020B38DABC090658DE2C1C505F0.d.A24B76D2087E79F95271623FFEA782C1.e.5671/click - {}
RESULT: {}
COMMAND: GET /session/3ee3b59268b112783f98a37bc72cbb43/screenshot - {}
RESULT: {}
COMMAND: POST /session/3ee3b59268b112783f98a37bc72cbb43/element - {"using":"xpath","value":"//header[contains(@id, 'ObjectPageLayout-headerTitle')]/div[1]/div[2]/div[2]/span[1]"}
RESULT: {"using":"xpath","value":"//header[contains(@id, 'ObjectPageLayout-headerTitle')]/div[1]/div[2]/div[2]/span[1]"}
COMMAND: POST /session/3ee3b59268b112783f98a37bc72cbb43/elements - {"using":"xpath","value":"//header[contains(@id, 'ObjectPageLayout-headerTitle')]/div[1]/div[2]/div[2]/span[1]"}
RESULT: {"using":"xpath","value":"//header[contains(@id, 'ObjectPageLayout-headerTitle')]/div[1]/div[2]/div[2]/span[1]"}
COMMAND: POST /session/3ee3b59268b112783f98a37bc72cbb43/execute/sync - {"script":"<script> [56 bytes]","args":[{"element-6066-11e4-a52e-4f735466cecf":"f.DDB2A020B38DABC090658DE2C1C505F0.d.A24B76D2087E79F95271623FFEA782C1.e.5983","ELEMENT":"f.DDB2A020B38DABC090658DE2C1C505F0.d.A24B76D2087E79F95271623FFEA782C1.e.5983"}]}
RESULT: {"script":"<script> [56 bytes]","args":[{"element-6066-11e4-a52e-4f735466cecf":"f.DDB2A020B38DABC090658DE2C1C505F0.d.A24B76D2087E79F95271623FFEA782C1.e.5983","ELEMENT":"f.DDB2A020B38DABC090658DE2C1C505F0.d.A24B76D2087E79F95271623FFEA782C1.e.5983"}]}
COMMAND: POST /session/3ee3b59268b112783f98a37bc72cbb43/element - {"using":"css selector","value":"#shell-header-logo"}
COMMAND: GET /session/3ee3b59268b112783f98a37bc72cbb43/screenshot - {}
RESULT: {"using":"css selector","value":"#shell-header-logo"}
COMMAND: POST /session/3ee3b59268b112783f98a37bc72cbb43/element/f.DDB2A020B38DABC090658DE2C1C505F0.d.A24B76D2087E79F95271623FFEA782C1.e.5203/click - {}
RESULT: {}
RESULT: {}
COMMAND: GET /session/3ee3b59268b112783f98a37bc72cbb43/screenshot - {}
RESULT: {}
COMMAND: POST /session/3ee3b59268b112783f98a37bc72cbb43/execute/sync - {"script":"<script> [299 bytes]","args":[["getModel","getResource"]]}
RESULT: {"script":"<script> [299 bytes]","args":[["getModel","getResource"]]}
]]></system-out>
    </testcase>
    <testcase classname="chrome.137_0_7151_56.windows.Create_master_data_for_mixed_billing_&amp;_do_billing_calculation_US151661" name="Should create a new site" time="92.57">
      <system-out><![CDATA[
COMMAND: POST /session/3ee3b59268b112783f98a37bc72cbb43/execute/async - {"script":"<script> [1562 bytes]","args":[{"selector":{"controlType":"sap.m.GenericTile","properties":{"header":"Manage Sites"}},"wdio_ui5_key":"sapm.GenericTile{\"header\":\"Manage Sites\"}"}]}
COMMAND: GET /session/3ee3b59268b112783f98a37bc72cbb43/screenshot - {}
RESULT: {"script":"<script> [1562 bytes]","args":[{"selector":{"controlType":"sap.m.GenericTile","properties":{"header":"Manage Sites"}},"wdio_ui5_key":"sapm.GenericTile{\"header\":\"Manage Sites\"}"}]}
RESULT: undefined
COMMAND: POST /session/3ee3b59268b112783f98a37bc72cbb43/element - {"using":"xpath","value":"//*[@id=\"__tile40\"]"}
RESULT: {}
RESULT: {"using":"xpath","value":"//*[@id=\"__tile40\"]"}
COMMAND: POST /session/3ee3b59268b112783f98a37bc72cbb43/element/f.DDB2A020B38DABC090658DE2C1C505F0.d.A24B76D2087E79F95271623FFEA782C1.e.4354/click - {}
RESULT: {}
COMMAND: GET /session/3ee3b59268b112783f98a37bc72cbb43/screenshot - {}
RESULT: {}
COMMAND: POST /session/3ee3b59268b112783f98a37bc72cbb43/elements - {"using":"xpath","value":"//span[text()='Error']"}
RESULT: {"using":"xpath","value":"//span[text()='Error']"}
COMMAND: POST /session/3ee3b59268b112783f98a37bc72cbb43/element - {"using":"xpath","value":"//button[@data-kt=\"addOverflowToolbarButton\"]"}
RESULT: {"using":"xpath","value":"//button[@data-kt=\"addOverflowToolbarButton\"]"}
COMMAND: POST /session/3ee3b59268b112783f98a37bc72cbb43/elements - {"using":"xpath","value":"//button[@data-kt=\"addOverflowToolbarButton\"]"}
RESULT: {"using":"xpath","value":"//button[@data-kt=\"addOverflowToolbarButton\"]"}
COMMAND: POST /session/3ee3b59268b112783f98a37bc72cbb43/execute/sync - {"script":"<script> [8489 bytes]","args":[{"element-6066-11e4-a52e-4f735466cecf":"f.DDB2A020B38DABC090658DE2C1C505F0.d.A24B76D2087E79F95271623FFEA782C1.e.6031","ELEMENT":"f.DDB2A020B38DABC090658DE2C1C505F0.d.A24B76D2087E79F95271623FFEA782C1.e.6031"}]}
RESULT: {"script":"<script> [8489 bytes]","args":[{"element-6066-11e4-a52e-4f735466cecf":"f.DDB2A020B38DABC090658DE2C1C505F0.d.A24B76D2087E79F95271623FFEA782C1.e.6031","ELEMENT":"f.DDB2A020B38DABC090658DE2C1C505F0.d.A24B76D2087E79F95271623FFEA782C1.e.6031"}]}
COMMAND: GET /session/3ee3b59268b112783f98a37bc72cbb43/element/f.DDB2A020B38DABC090658DE2C1C505F0.d.A24B76D2087E79F95271623FFEA782C1.e.6031/enabled - {}
COMMAND: GET /session/3ee3b59268b112783f98a37bc72cbb43/screenshot - {}
RESULT: {}
COMMAND: POST /session/3ee3b59268b112783f98a37bc72cbb43/execute/sync - {"script":"<script> [8489 bytes]","args":[{"element-6066-11e4-a52e-4f735466cecf":"f.DDB2A020B38DABC090658DE2C1C505F0.d.A24B76D2087E79F95271623FFEA782C1.e.6031","ELEMENT":"f.DDB2A020B38DABC090658DE2C1C505F0.d.A24B76D2087E79F95271623FFEA782C1.e.6031"}]}
COMMAND: GET /session/3ee3b59268b112783f98a37bc72cbb43/screenshot - {}
RESULT: {}
RESULT: {"script":"<script> [8489 bytes]","args":[{"element-6066-11e4-a52e-4f735466cecf":"f.DDB2A020B38DABC090658DE2C1C505F0.d.A24B76D2087E79F95271623FFEA782C1.e.6031","ELEMENT":"f.DDB2A020B38DABC090658DE2C1C505F0.d.A24B76D2087E79F95271623FFEA782C1.e.6031"}]}
COMMAND: POST /session/3ee3b59268b112783f98a37bc72cbb43/execute/sync - {"script":"<script> [5351 bytes]","args":[{"element-6066-11e4-a52e-4f735466cecf":"f.DDB2A020B38DABC090658DE2C1C505F0.d.A24B76D2087E79F95271623FFEA782C1.e.6031","ELEMENT":"f.DDB2A020B38DABC090658DE2C1C505F0.d.A24B76D2087E79F95271623FFEA782C1.e.6031"}]}
COMMAND: GET /session/3ee3b59268b112783f98a37bc72cbb43/screenshot - {}
RESULT: {}
RESULT: {"script":"<script> [5351 bytes]","args":[{"element-6066-11e4-a52e-4f735466cecf":"f.DDB2A020B38DABC090658DE2C1C505F0.d.A24B76D2087E79F95271623FFEA782C1.e.6031","ELEMENT":"f.DDB2A020B38DABC090658DE2C1C505F0.d.A24B76D2087E79F95271623FFEA782C1.e.6031"}]}
COMMAND: POST /session/3ee3b59268b112783f98a37bc72cbb43/element/f.DDB2A020B38DABC090658DE2C1C505F0.d.A24B76D2087E79F95271623FFEA782C1.e.6031/click - {}
COMMAND: GET /session/3ee3b59268b112783f98a37bc72cbb43/screenshot - {}
RESULT: {}
RESULT: {}
COMMAND: GET /session/3ee3b59268b112783f98a37bc72cbb43/screenshot - {}
COMMAND: POST /session/3ee3b59268b112783f98a37bc72cbb43/element - {"using":"xpath","value":"//input[@id=\"application-managesites-display-component---NewSite--siteId-inner\"]"}
RESULT: {}
RESULT: {}
RESULT: {"using":"xpath","value":"//input[@id=\"application-managesites-display-component---NewSite--siteId-inner\"]"}
COMMAND: POST /session/3ee3b59268b112783f98a37bc72cbb43/element - {"using":"xpath","value":"//input[@id=\"application-managesites-display-component---NewSite--siteId-inner\"]"}
RESULT: {"using":"xpath","value":"//input[@id=\"application-managesites-display-component---NewSite--siteId-inner\"]"}
COMMAND: POST /session/3ee3b59268b112783f98a37bc72cbb43/execute/async - {"script":"<script> [1562 bytes]","args":[{"selector":{"id":"application-managesites-display-component---NewSite--addressDetailDetailsName1","interaction":{"idSuffix":"inner"}},"wdio_ui5_key":"applicationmanagesites-display-component---NewSite--addressDetailDetailsName1"}]}
RESULT: {"script":"<script> [1562 bytes]","args":[{"selector":{"id":"application-managesites-display-component---NewSite--addressDetailDetailsName1","interaction":{"idSuffix":"inner"}},"wdio_ui5_key":"applicationmanagesites-display-component---NewSite--addressDetailDetailsName1"}]}
RESULT: undefined
COMMAND: POST /session/3ee3b59268b112783f98a37bc72cbb43/execute/async - {"script":"<script> [776 bytes]","args":[{"enterText":"Intercompany Site wdIO","selector":{"id":"application-managesites-display-component---NewSite--addressDetailDetailsName1","interaction":{"idSuffix":"inner"}},"clearTextFirst":true,"interactionType":"ENTER_TEXT"}]}
RESULT: {"script":"<script> [776 bytes]","args":[{"enterText":"Intercompany Site wdIO","selector":{"id":"application-managesites-display-component---NewSite--addressDetailDetailsName1","interaction":{"idSuffix":"inner"}},"clearTextFirst":true,"interactionType":"ENTER_TEXT"}]}
COMMAND: POST /session/3ee3b59268b112783f98a37bc72cbb43/execute/async - {"script":"<script> [1562 bytes]","args":[{"selector":{"id":"application-managesites-display-component---NewSite--addressDetailDetailsLanguage-arrow"},"wdio_ui5_key":"applicationmanagesites-display-component---NewSite--addressDetailDetailsLanguage-arrow"}]}
RESULT: {"script":"<script> [1562 bytes]","args":[{"selector":{"id":"application-managesites-display-component---NewSite--addressDetailDetailsLanguage-arrow"},"wdio_ui5_key":"applicationmanagesites-display-component---NewSite--addressDetailDetailsLanguage-arrow"}]}
RESULT: undefined
COMMAND: POST /session/3ee3b59268b112783f98a37bc72cbb43/element - {"using":"xpath","value":"//*[@id=\"application-managesites-display-component---NewSite--addressDetailDetailsLanguage-arrow\"]"}
RESULT: {"using":"xpath","value":"//*[@id=\"application-managesites-display-component---NewSite--addressDetailDetailsLanguage-arrow\"]"}
COMMAND: POST /session/3ee3b59268b112783f98a37bc72cbb43/element/f.DDB2A020B38DABC090658DE2C1C505F0.d.A24B76D2087E79F95271623FFEA782C1.e.6431/click - {}
RESULT: {}
COMMAND: POST /session/3ee3b59268b112783f98a37bc72cbb43/element - {"using":"xpath","value":"//span[contains(text(), \"English\")]"}
COMMAND: GET /session/3ee3b59268b112783f98a37bc72cbb43/screenshot - {}
RESULT: {"using":"xpath","value":"//span[contains(text(), \"English\")]"}
COMMAND: POST /session/3ee3b59268b112783f98a37bc72cbb43/element/f.DDB2A020B38DABC090658DE2C1C505F0.d.A24B76D2087E79F95271623FFEA782C1.e.6432/click - {}
RESULT: {}
RESULT: {}
COMMAND: POST /session/3ee3b59268b112783f98a37bc72cbb43/execute/async - {"script":"<script> [1562 bytes]","args":[{"selector":{"id":"application-managesites-display-component---NewSite--addressDetailDetailsCity1","interaction":{"idSuffix":"inner"}},"wdio_ui5_key":"applicationmanagesites-display-component---NewSite--addressDetailDetailsCity1"}]}
COMMAND: GET /session/3ee3b59268b112783f98a37bc72cbb43/screenshot - {}
RESULT: {"script":"<script> [1562 bytes]","args":[{"selector":{"id":"application-managesites-display-component---NewSite--addressDetailDetailsCity1","interaction":{"idSuffix":"inner"}},"wdio_ui5_key":"applicationmanagesites-display-component---NewSite--addressDetailDetailsCity1"}]}
RESULT: undefined
COMMAND: POST /session/3ee3b59268b112783f98a37bc72cbb43/execute/async - {"script":"<script> [776 bytes]","args":[{"enterText":"Rosario","selector":{"id":"application-managesites-display-component---NewSite--addressDetailDetailsCity1","interaction":{"idSuffix":"inner"}},"clearTextFirst":true,"interactionType":"ENTER_TEXT"}]}
RESULT: {}
RESULT: {"script":"<script> [776 bytes]","args":[{"enterText":"Rosario","selector":{"id":"application-managesites-display-component---NewSite--addressDetailDetailsCity1","interaction":{"idSuffix":"inner"}},"clearTextFirst":true,"interactionType":"ENTER_TEXT"}]}
COMMAND: POST /session/3ee3b59268b112783f98a37bc72cbb43/execute/async - {"script":"<script> [1562 bytes]","args":[{"selector":{"id":"application-managesites-display-component---NewSite--addressDetailDetailsCountry-arrow"},"wdio_ui5_key":"applicationmanagesites-display-component---NewSite--addressDetailDetailsCountry-arrow"}]}
RESULT: {"script":"<script> [1562 bytes]","args":[{"selector":{"id":"application-managesites-display-component---NewSite--addressDetailDetailsCountry-arrow"},"wdio_ui5_key":"applicationmanagesites-display-component---NewSite--addressDetailDetailsCountry-arrow"}]}
RESULT: undefined
COMMAND: POST /session/3ee3b59268b112783f98a37bc72cbb43/element - {"using":"xpath","value":"//*[@id=\"application-managesites-display-component---NewSite--addressDetailDetailsCountry-arrow\"]"}
RESULT: {"using":"xpath","value":"//*[@id=\"application-managesites-display-component---NewSite--addressDetailDetailsCountry-arrow\"]"}
COMMAND: POST /session/3ee3b59268b112783f98a37bc72cbb43/element/f.DDB2A020B38DABC090658DE2C1C505F0.d.A24B76D2087E79F95271623FFEA782C1.e.6434/click - {}
RESULT: {}
COMMAND: POST /session/3ee3b59268b112783f98a37bc72cbb43/element - {"using":"xpath","value":"//span[contains(text(), \"Argentina\")]"}
COMMAND: GET /session/3ee3b59268b112783f98a37bc72cbb43/screenshot - {}
RESULT: {"using":"xpath","value":"//span[contains(text(), \"Argentina\")]"}
COMMAND: POST /session/3ee3b59268b112783f98a37bc72cbb43/element/f.DDB2A020B38DABC090658DE2C1C505F0.d.A24B76D2087E79F95271623FFEA782C1.e.6435/click - {}
RESULT: {}
RESULT: {}
COMMAND: GET /session/3ee3b59268b112783f98a37bc72cbb43/screenshot - {}
RESULT: {}
COMMAND: POST /session/3ee3b59268b112783f98a37bc72cbb43/execute/async - {"script":"<script> [1562 bytes]","args":[{"selector":{"id":"application-managesites-display-component---NewSite--addressEditDetailsCostObjectCstType-arrow"},"wdio_ui5_key":"applicationmanagesites-display-component---NewSite--addressEditDetailsCostObjectCstType-arrow"}]}
RESULT: {"script":"<script> [1562 bytes]","args":[{"selector":{"id":"application-managesites-display-component---NewSite--addressEditDetailsCostObjectCstType-arrow"},"wdio_ui5_key":"applicationmanagesites-display-component---NewSite--addressEditDetailsCostObjectCstType-arrow"}]}
RESULT: undefined
COMMAND: POST /session/3ee3b59268b112783f98a37bc72cbb43/element - {"using":"xpath","value":"//*[@id=\"application-managesites-display-component---NewSite--addressEditDetailsCostObjectCstType-arrow\"]"}
RESULT: {"using":"xpath","value":"//*[@id=\"application-managesites-display-component---NewSite--addressEditDetailsCostObjectCstType-arrow\"]"}
COMMAND: POST /session/3ee3b59268b112783f98a37bc72cbb43/element/f.DDB2A020B38DABC090658DE2C1C505F0.d.A24B76D2087E79F95271623FFEA782C1.e.6437/click - {}
RESULT: {}
COMMAND: POST /session/3ee3b59268b112783f98a37bc72cbb43/element - {"using":"xpath","value":"//span[contains(text(), \"Cost Center\")]"}
COMMAND: GET /session/3ee3b59268b112783f98a37bc72cbb43/screenshot - {}
RESULT: {"using":"xpath","value":"//span[contains(text(), \"Cost Center\")]"}
COMMAND: POST /session/3ee3b59268b112783f98a37bc72cbb43/element/f.DDB2A020B38DABC090658DE2C1C505F0.d.A24B76D2087E79F95271623FFEA782C1.e.6438/click - {}
RESULT: {}
RESULT: {}
COMMAND: GET /session/3ee3b59268b112783f98a37bc72cbb43/screenshot - {}
RESULT: {}
COMMAND: POST /session/3ee3b59268b112783f98a37bc72cbb43/element - {"using":"xpath","value":"//span[@id=\"application-managesites-display-component---NewSite--addressNewCostObjectCstID-vhi\"]"}
RESULT: {"using":"xpath","value":"//span[@id=\"application-managesites-display-component---NewSite--addressNewCostObjectCstID-vhi\"]"}
COMMAND: POST /session/3ee3b59268b112783f98a37bc72cbb43/execute/sync - {"script":"<script> [8489 bytes]","args":[{"element-6066-11e4-a52e-4f735466cecf":"f.DDB2A020B38DABC090658DE2C1C505F0.d.A24B76D2087E79F95271623FFEA782C1.e.6443","ELEMENT":"f.DDB2A020B38DABC090658DE2C1C505F0.d.A24B76D2087E79F95271623FFEA782C1.e.6443"}]}
RESULT: {"script":"<script> [8489 bytes]","args":[{"element-6066-11e4-a52e-4f735466cecf":"f.DDB2A020B38DABC090658DE2C1C505F0.d.A24B76D2087E79F95271623FFEA782C1.e.6443","ELEMENT":"f.DDB2A020B38DABC090658DE2C1C505F0.d.A24B76D2087E79F95271623FFEA782C1.e.6443"}]}
COMMAND: POST /session/3ee3b59268b112783f98a37bc72cbb43/execute/async - {"script":"<script> [1562 bytes]","args":[{"selector":{"id":"application-managesites-display-component---NewSite--addressNewCostObjectCstID-vhi"},"wdio_ui5_key":"applicationmanagesites-display-component---NewSite--addressNewCostObjectCstID-vhi"}]}
COMMAND: GET /session/3ee3b59268b112783f98a37bc72cbb43/screenshot - {}
RESULT: {"script":"<script> [1562 bytes]","args":[{"selector":{"id":"application-managesites-display-component---NewSite--addressNewCostObjectCstID-vhi"},"wdio_ui5_key":"applicationmanagesites-display-component---NewSite--addressNewCostObjectCstID-vhi"}]}
RESULT: undefined
COMMAND: POST /session/3ee3b59268b112783f98a37bc72cbb43/element - {"using":"xpath","value":"//*[@id=\"application-managesites-display-component---NewSite--addressNewCostObjectCstID-vhi\"]"}
RESULT: {}
RESULT: {"using":"xpath","value":"//*[@id=\"application-managesites-display-component---NewSite--addressNewCostObjectCstID-vhi\"]"}
COMMAND: POST /session/3ee3b59268b112783f98a37bc72cbb43/element/f.DDB2A020B38DABC090658DE2C1C505F0.d.A24B76D2087E79F95271623FFEA782C1.e.6443/click - {}
RESULT: {}
COMMAND: GET /session/3ee3b59268b112783f98a37bc72cbb43/screenshot - {}
RESULT: {}
RESULT: undefined
COMMAND: POST /session/3ee3b59268b112783f98a37bc72cbb43/execute/async - {"script":"<script> [776 bytes]","args":[{"enterText":"10001013","selector":{"controlType":"sap.m.SearchField","properties":{"placeholder":"Search"},"searchOpenDialogs":true,"interaction":{"idSuffix":"I"}},"clearTextFirst":true,"interactionType":"ENTER_TEXT"}]}
RESULT: {"script":"<script> [776 bytes]","args":[{"enterText":"10001013","selector":{"controlType":"sap.m.SearchField","properties":{"placeholder":"Search"},"searchOpenDialogs":true,"interaction":{"idSuffix":"I"}},"clearTextFirst":true,"interactionType":"ENTER_TEXT"}]}
COMMAND: POST /session/3ee3b59268b112783f98a37bc72cbb43/actions - {"actions":[{"id":"action24","type":"key","parameters":{},"actions":[{"type":"keyDown","value":"î€‡"},{"type":"pause","duration":10},{"type":"keyUp","value":"î€‡"}]}]}
RESULT: {"actions":[{"id":"action24","type":"key","parameters":{},"actions":[{"type":"keyDown","value":"î€‡"},{"type":"pause","duration":10},{"type":"keyUp","value":"î€‡"}]}]}
COMMAND: GET /session/3ee3b59268b112783f98a37bc72cbb43/screenshot - {}
RESULT: {}
COMMAND: POST /session/3ee3b59268b112783f98a37bc72cbb43/element - {"using":"xpath","value":"//span[contains(text(), \"General Management\")]"}
RESULT: {"using":"xpath","value":"//span[contains(text(), \"General Management\")]"}
COMMAND: POST /session/3ee3b59268b112783f98a37bc72cbb43/element/f.DDB2A020B38DABC090658DE2C1C505F0.d.A24B76D2087E79F95271623FFEA782C1.e.6482/click - {}
RESULT: {}
COMMAND: GET /session/3ee3b59268b112783f98a37bc72cbb43/screenshot - {}
RESULT: {}
COMMAND: POST /session/3ee3b59268b112783f98a37bc72cbb43/element - {"using":"xpath","value":"//bdi[contains(text(), \"OK\")]"}
RESULT: {"using":"xpath","value":"//bdi[contains(text(), \"OK\")]"}
COMMAND: POST /session/3ee3b59268b112783f98a37bc72cbb43/element/f.DDB2A020B38DABC090658DE2C1C505F0.d.A24B76D2087E79F95271623FFEA782C1.e.6483/click - {}
RESULT: {}
COMMAND: GET /session/3ee3b59268b112783f98a37bc72cbb43/screenshot - {}
RESULT: {}
COMMAND: POST /session/3ee3b59268b112783f98a37bc72cbb43/element - {"using":"xpath","value":"//input[@id=\"application-managesites-display-component---NewSite--addressDetailDetailsCalendar-inner\"]"}
RESULT: {"using":"xpath","value":"//input[@id=\"application-managesites-display-component---NewSite--addressDetailDetailsCalendar-inner\"]"}
COMMAND: POST /session/3ee3b59268b112783f98a37bc72cbb43/element/f.DDB2A020B38DABC090658DE2C1C505F0.d.A24B76D2087E79F95271623FFEA782C1.e.6227/clear - {}
RESULT: {}
COMMAND: POST /session/3ee3b59268b112783f98a37bc72cbb43/element/f.DDB2A020B38DABC090658DE2C1C505F0.d.A24B76D2087E79F95271623FFEA782C1.e.6227/value - {"text":"Unit"}
COMMAND: GET /session/3ee3b59268b112783f98a37bc72cbb43/screenshot - {}
RESULT: {"text":"Unit"}
COMMAND: GET /session/3ee3b59268b112783f98a37bc72cbb43/screenshot - {}
RESULT: {}
RESULT: {}
COMMAND: POST /session/3ee3b59268b112783f98a37bc72cbb43/actions - {"actions":[{"id":"action25","type":"key","parameters":{},"actions":[{"type":"keyDown","value":"î€‡"},{"type":"pause","duration":10},{"type":"keyUp","value":"î€‡"}]}]}
RESULT: {"actions":[{"id":"action25","type":"key","parameters":{},"actions":[{"type":"keyDown","value":"î€‡"},{"type":"pause","duration":10},{"type":"keyUp","value":"î€‡"}]}]}
COMMAND: POST /session/3ee3b59268b112783f98a37bc72cbb43/element - {"using":"xpath","value":"//input[@id=\"application-managesites-display-component---NewSite--addressDetailDetailsYard-inner\"]"}
COMMAND: GET /session/3ee3b59268b112783f98a37bc72cbb43/screenshot - {}
RESULT: {"using":"xpath","value":"//input[@id=\"application-managesites-display-component---NewSite--addressDetailDetailsYard-inner\"]"}
COMMAND: POST /session/3ee3b59268b112783f98a37bc72cbb43/element/f.DDB2A020B38DABC090658DE2C1C505F0.d.A24B76D2087E79F95271623FFEA782C1.e.6228/clear - {}
RESULT: {}
RESULT: {}
COMMAND: POST /session/3ee3b59268b112783f98a37bc72cbb43/element/f.DDB2A020B38DABC090658DE2C1C505F0.d.A24B76D2087E79F95271623FFEA782C1.e.6228/value - {"text":"664"}
COMMAND: GET /session/3ee3b59268b112783f98a37bc72cbb43/screenshot - {}
RESULT: {"text":"664"}
COMMAND: GET /session/3ee3b59268b112783f98a37bc72cbb43/screenshot - {}
RESULT: {}
RESULT: {}
COMMAND: POST /session/3ee3b59268b112783f98a37bc72cbb43/element - {"using":"xpath","value":"//li[.//span[text()='664']]"}
RESULT: {"using":"xpath","value":"//li[.//span[text()='664']]"}
COMMAND: POST /session/3ee3b59268b112783f98a37bc72cbb43/element/f.DDB2A020B38DABC090658DE2C1C505F0.d.A24B76D2087E79F95271623FFEA782C1.e.6491/click - {}
RESULT: {}
COMMAND: GET /session/3ee3b59268b112783f98a37bc72cbb43/screenshot - {}
RESULT: {}
COMMAND: POST /session/3ee3b59268b112783f98a37bc72cbb43/element - {"using":"xpath","value":"//input[@id=\"application-managesites-display-component---NewSite--addressDetailDetailsPartner-inner\"]"}
RESULT: {"using":"xpath","value":"//input[@id=\"application-managesites-display-component---NewSite--addressDetailDetailsPartner-inner\"]"}
COMMAND: POST /session/3ee3b59268b112783f98a37bc72cbb43/element - {"using":"xpath","value":"//input[@id=\"application-managesites-display-component---NewSite--addressDetailDetailsPartner-inner\"]"}
RESULT: {"using":"xpath","value":"//input[@id=\"application-managesites-display-component---NewSite--addressDetailDetailsPartner-inner\"]"}
COMMAND: POST /session/3ee3b59268b112783f98a37bc72cbb43/element - {"using":"xpath","value":"//button[@data-kt=\"saveButton\"]"}
RESULT: {"using":"xpath","value":"//button[@data-kt=\"saveButton\"]"}
COMMAND: POST /session/3ee3b59268b112783f98a37bc72cbb43/element/f.DDB2A020B38DABC090658DE2C1C505F0.d.A24B76D2087E79F95271623FFEA782C1.e.6411/click - {}
RESULT: {}
COMMAND: GET /session/3ee3b59268b112783f98a37bc72cbb43/screenshot - {}
RESULT: {}
COMMAND: POST /session/3ee3b59268b112783f98a37bc72cbb43/element - {"using":"xpath","value":"//header[contains(@id, 'ObjectPageLayout-headerTitle')]/div[1]/div[2]/div[2]/span[1]"}
RESULT: {"using":"xpath","value":"//header[contains(@id, 'ObjectPageLayout-headerTitle')]/div[1]/div[2]/div[2]/span[1]"}
COMMAND: POST /session/3ee3b59268b112783f98a37bc72cbb43/elements - {"using":"xpath","value":"//header[contains(@id, 'ObjectPageLayout-headerTitle')]/div[1]/div[2]/div[2]/span[1]"}
RESULT: {"using":"xpath","value":"//header[contains(@id, 'ObjectPageLayout-headerTitle')]/div[1]/div[2]/div[2]/span[1]"}
COMMAND: POST /session/3ee3b59268b112783f98a37bc72cbb43/execute/sync - {"script":"<script> [56 bytes]","args":[{"element-6066-11e4-a52e-4f735466cecf":"f.DDB2A020B38DABC090658DE2C1C505F0.d.A24B76D2087E79F95271623FFEA782C1.e.6695","ELEMENT":"f.DDB2A020B38DABC090658DE2C1C505F0.d.A24B76D2087E79F95271623FFEA782C1.e.6695"}]}
RESULT: {"script":"<script> [56 bytes]","args":[{"element-6066-11e4-a52e-4f735466cecf":"f.DDB2A020B38DABC090658DE2C1C505F0.d.A24B76D2087E79F95271623FFEA782C1.e.6695","ELEMENT":"f.DDB2A020B38DABC090658DE2C1C505F0.d.A24B76D2087E79F95271623FFEA782C1.e.6695"}]}
COMMAND: POST /session/3ee3b59268b112783f98a37bc72cbb43/element - {"using":"css selector","value":"#shell-header-logo"}
COMMAND: GET /session/3ee3b59268b112783f98a37bc72cbb43/screenshot - {}
RESULT: {"using":"css selector","value":"#shell-header-logo"}
COMMAND: POST /session/3ee3b59268b112783f98a37bc72cbb43/element/f.DDB2A020B38DABC090658DE2C1C505F0.d.A24B76D2087E79F95271623FFEA782C1.e.5987/click - {}
RESULT: {}
RESULT: {}
COMMAND: GET /session/3ee3b59268b112783f98a37bc72cbb43/screenshot - {}
RESULT: {}
COMMAND: POST /session/3ee3b59268b112783f98a37bc72cbb43/execute/sync - {"script":"<script> [299 bytes]","args":[["getModel","getResource"]]}
RESULT: {"script":"<script> [299 bytes]","args":[["getModel","getResource"]]}
]]></system-out>
    </testcase>
    <testcase classname="chrome.137_0_7151_56.windows.Create_master_data_for_mixed_billing_&amp;_do_billing_calculation_US151661" name="Should create a new equipment and add a counter to it" time="173.205">
      <system-out><![CDATA[
COMMAND: GET /session/3ee3b59268b112783f98a37bc72cbb43/screenshot - {}
COMMAND: POST /session/3ee3b59268b112783f98a37bc72cbb43/execute/async - {"script":"<script> [1562 bytes]","args":[{"selector":{"controlType":"sap.m.GenericTile","properties":{"header":"Manage Resources"}},"wdio_ui5_key":"sapm.GenericTile{\"header\":\"Manage Resources\"}"}]}
RESULT: {"script":"<script> [1562 bytes]","args":[{"selector":{"controlType":"sap.m.GenericTile","properties":{"header":"Manage Resources"}},"wdio_ui5_key":"sapm.GenericTile{\"header\":\"Manage Resources\"}"}]}
RESULT: undefined
COMMAND: POST /session/3ee3b59268b112783f98a37bc72cbb43/element - {"using":"xpath","value":"//*[@id=\"__tile39\"]"}
RESULT: {}
RESULT: {"using":"xpath","value":"//*[@id=\"__tile39\"]"}
COMMAND: POST /session/3ee3b59268b112783f98a37bc72cbb43/element/f.DDB2A020B38DABC090658DE2C1C505F0.d.A24B76D2087E79F95271623FFEA782C1.e.4351/click - {}
RESULT: {}
COMMAND: GET /session/3ee3b59268b112783f98a37bc72cbb43/screenshot - {}
COMMAND: POST /session/3ee3b59268b112783f98a37bc72cbb43/elements - {"using":"xpath","value":"//span[text()='Error']"}
RESULT: {}
RESULT: {"using":"xpath","value":"//span[text()='Error']"}
COMMAND: POST /session/3ee3b59268b112783f98a37bc72cbb43/element - {"using":"xpath","value":"//button[@data-kt=\"addNewRUOverflowToolbarButton\"]"}
RESULT: {"using":"xpath","value":"//button[@data-kt=\"addNewRUOverflowToolbarButton\"]"}
COMMAND: POST /session/3ee3b59268b112783f98a37bc72cbb43/elements - {"using":"xpath","value":"//button[@data-kt=\"addNewRUOverflowToolbarButton\"]"}
RESULT: {"using":"xpath","value":"//button[@data-kt=\"addNewRUOverflowToolbarButton\"]"}
COMMAND: POST /session/3ee3b59268b112783f98a37bc72cbb43/elements - {"using":"xpath","value":"//button[@data-kt=\"addNewRUOverflowToolbarButton\"]"}
RESULT: {"using":"xpath","value":"//button[@data-kt=\"addNewRUOverflowToolbarButton\"]"}
COMMAND: POST /session/3ee3b59268b112783f98a37bc72cbb43/element - {"using":"xpath","value":"//button[@data-kt=\"addNewRUOverflowToolbarButton\"]"}
RESULT: {"using":"xpath","value":"//button[@data-kt=\"addNewRUOverflowToolbarButton\"]"}
COMMAND: POST /session/3ee3b59268b112783f98a37bc72cbb43/execute/sync - {"script":"<script> [8489 bytes]","args":[{"element-6066-11e4-a52e-4f735466cecf":"f.DDB2A020B38DABC090658DE2C1C505F0.d.A24B76D2087E79F95271623FFEA782C1.e.6737","ELEMENT":"f.DDB2A020B38DABC090658DE2C1C505F0.d.A24B76D2087E79F95271623FFEA782C1.e.6737"}]}
RESULT: {"script":"<script> [8489 bytes]","args":[{"element-6066-11e4-a52e-4f735466cecf":"f.DDB2A020B38DABC090658DE2C1C505F0.d.A24B76D2087E79F95271623FFEA782C1.e.6737","ELEMENT":"f.DDB2A020B38DABC090658DE2C1C505F0.d.A24B76D2087E79F95271623FFEA782C1.e.6737"}]}
COMMAND: GET /session/3ee3b59268b112783f98a37bc72cbb43/element/f.DDB2A020B38DABC090658DE2C1C505F0.d.A24B76D2087E79F95271623FFEA782C1.e.6737/enabled - {}
COMMAND: GET /session/3ee3b59268b112783f98a37bc72cbb43/screenshot - {}
RESULT: {}
COMMAND: POST /session/3ee3b59268b112783f98a37bc72cbb43/execute/sync - {"script":"<script> [8489 bytes]","args":[{"element-6066-11e4-a52e-4f735466cecf":"f.DDB2A020B38DABC090658DE2C1C505F0.d.A24B76D2087E79F95271623FFEA782C1.e.6737","ELEMENT":"f.DDB2A020B38DABC090658DE2C1C505F0.d.A24B76D2087E79F95271623FFEA782C1.e.6737"}]}
COMMAND: GET /session/3ee3b59268b112783f98a37bc72cbb43/screenshot - {}
RESULT: {}
RESULT: {"script":"<script> [8489 bytes]","args":[{"element-6066-11e4-a52e-4f735466cecf":"f.DDB2A020B38DABC090658DE2C1C505F0.d.A24B76D2087E79F95271623FFEA782C1.e.6737","ELEMENT":"f.DDB2A020B38DABC090658DE2C1C505F0.d.A24B76D2087E79F95271623FFEA782C1.e.6737"}]}
COMMAND: POST /session/3ee3b59268b112783f98a37bc72cbb43/execute/sync - {"script":"<script> [5351 bytes]","args":[{"element-6066-11e4-a52e-4f735466cecf":"f.DDB2A020B38DABC090658DE2C1C505F0.d.A24B76D2087E79F95271623FFEA782C1.e.6737","ELEMENT":"f.DDB2A020B38DABC090658DE2C1C505F0.d.A24B76D2087E79F95271623FFEA782C1.e.6737"}]}
COMMAND: GET /session/3ee3b59268b112783f98a37bc72cbb43/screenshot - {}
RESULT: {}
RESULT: {"script":"<script> [5351 bytes]","args":[{"element-6066-11e4-a52e-4f735466cecf":"f.DDB2A020B38DABC090658DE2C1C505F0.d.A24B76D2087E79F95271623FFEA782C1.e.6737","ELEMENT":"f.DDB2A020B38DABC090658DE2C1C505F0.d.A24B76D2087E79F95271623FFEA782C1.e.6737"}]}
COMMAND: POST /session/3ee3b59268b112783f98a37bc72cbb43/element/f.DDB2A020B38DABC090658DE2C1C505F0.d.A24B76D2087E79F95271623FFEA782C1.e.6737/click - {}
COMMAND: GET /session/3ee3b59268b112783f98a37bc72cbb43/screenshot - {}
RESULT: {}
RESULT: {}
COMMAND: GET /session/3ee3b59268b112783f98a37bc72cbb43/screenshot - {}
RESULT: {}
COMMAND: POST /session/3ee3b59268b112783f98a37bc72cbb43/execute/async - {"script":"<script> [1562 bytes]","args":[{"selector":{"id":"application-manageresources-display-component---newResourceUnit--TYPE-arrow"},"wdio_ui5_key":"applicationmanageresources-display-component---newResourceUnit--TYPE-arrow"}]}
RESULT: {}
RESULT: {"script":"<script> [1562 bytes]","args":[{"selector":{"id":"application-manageresources-display-component---newResourceUnit--TYPE-arrow"},"wdio_ui5_key":"applicationmanageresources-display-component---newResourceUnit--TYPE-arrow"}]}
RESULT: undefined
COMMAND: POST /session/3ee3b59268b112783f98a37bc72cbb43/element - {"using":"xpath","value":"//*[@id=\"application-manageresources-display-component---newResourceUnit--TYPE-arrow\"]"}
RESULT: {"using":"xpath","value":"//*[@id=\"application-manageresources-display-component---newResourceUnit--TYPE-arrow\"]"}
COMMAND: POST /session/3ee3b59268b112783f98a37bc72cbb43/element/f.DDB2A020B38DABC090658DE2C1C505F0.d.A24B76D2087E79F95271623FFEA782C1.e.7091/click - {}
RESULT: {}
COMMAND: POST /session/3ee3b59268b112783f98a37bc72cbb43/element - {"using":"xpath","value":"//input[@id=\"application-manageresources-display-component---newResourceUnit--TYPE-inner\"]"}
COMMAND: GET /session/3ee3b59268b112783f98a37bc72cbb43/screenshot - {}
RESULT: {"using":"xpath","value":"//input[@id=\"application-manageresources-display-component---newResourceUnit--TYPE-inner\"]"}
COMMAND: POST /session/3ee3b59268b112783f98a37bc72cbb43/element/f.DDB2A020B38DABC090658DE2C1C505F0.d.A24B76D2087E79F95271623FFEA782C1.e.7077/clear - {}
RESULT: {}
RESULT: {}
COMMAND: POST /session/3ee3b59268b112783f98a37bc72cbb43/element/f.DDB2A020B38DABC090658DE2C1C505F0.d.A24B76D2087E79F95271623FFEA782C1.e.7077/value - {"text":"Equipment"}
COMMAND: GET /session/3ee3b59268b112783f98a37bc72cbb43/screenshot - {}
RESULT: {"text":"Equipment"}
COMMAND: GET /session/3ee3b59268b112783f98a37bc72cbb43/screenshot - {}
RESULT: {}
RESULT: {}
COMMAND: POST /session/3ee3b59268b112783f98a37bc72cbb43/actions - {"actions":[{"id":"action26","type":"key","parameters":{},"actions":[{"type":"keyDown","value":"î€‡"},{"type":"pause","duration":10},{"type":"keyUp","value":"î€‡"}]}]}
RESULT: {"actions":[{"id":"action26","type":"key","parameters":{},"actions":[{"type":"keyDown","value":"î€‡"},{"type":"pause","duration":10},{"type":"keyUp","value":"î€‡"}]}]}
COMMAND: POST /session/3ee3b59268b112783f98a37bc72cbb43/execute/async - {"script":"<script> [1562 bytes]","args":[{"selector":{"id":"application-manageresources-display-component---newResourceUnit--resourceId","interaction":{"idSuffix":"inner"}},"wdio_ui5_key":"applicationmanageresources-display-component---newResourceUnit--resourceId"}]}
COMMAND: GET /session/3ee3b59268b112783f98a37bc72cbb43/screenshot - {}
RESULT: {"script":"<script> [1562 bytes]","args":[{"selector":{"id":"application-manageresources-display-component---newResourceUnit--resourceId","interaction":{"idSuffix":"inner"}},"wdio_ui5_key":"applicationmanageresources-display-component---newResourceUnit--resourceId"}]}
RESULT: undefined
COMMAND: POST /session/3ee3b59268b112783f98a37bc72cbb43/execute/async - {"script":"<script> [776 bytes]","args":[{"enterText":"gj2Tk4nG2r","selector":{"id":"application-manageresources-display-component---newResourceUnit--resourceId","interaction":{"idSuffix":"inner"}},"clearTextFirst":true,"interactionType":"ENTER_TEXT"}]}
RESULT: {}
RESULT: {"script":"<script> [776 bytes]","args":[{"enterText":"gj2Tk4nG2r","selector":{"id":"application-manageresources-display-component---newResourceUnit--resourceId","interaction":{"idSuffix":"inner"}},"clearTextFirst":true,"interactionType":"ENTER_TEXT"}]}
COMMAND: POST /session/3ee3b59268b112783f98a37bc72cbb43/execute/async - {"script":"<script> [1562 bytes]","args":[{"selector":{"id":"application-manageresources-display-component---newResourceUnit--SHORT_TEXT","interaction":{"idSuffix":"inner"}},"wdio_ui5_key":"applicationmanageresources-display-component---newResourceUnit--SHORT_TEXT"}]}
RESULT: {"script":"<script> [1562 bytes]","args":[{"selector":{"id":"application-manageresources-display-component---newResourceUnit--SHORT_TEXT","interaction":{"idSuffix":"inner"}},"wdio_ui5_key":"applicationmanageresources-display-component---newResourceUnit--SHORT_TEXT"}]}
RESULT: undefined
COMMAND: POST /session/3ee3b59268b112783f98a37bc72cbb43/execute/async - {"script":"<script> [776 bytes]","args":[{"enterText":"Intercompany Equipment WDIO","selector":{"id":"application-manageresources-display-component---newResourceUnit--SHORT_TEXT","interaction":{"idSuffix":"inner"}},"clearTextFirst":true,"interactionType":"ENTER_TEXT"}]}
RESULT: {"script":"<script> [776 bytes]","args":[{"enterText":"Intercompany Equipment WDIO","selector":{"id":"application-manageresources-display-component---newResourceUnit--SHORT_TEXT","interaction":{"idSuffix":"inner"}},"clearTextFirst":true,"interactionType":"ENTER_TEXT"}]}
COMMAND: POST /session/3ee3b59268b112783f98a37bc72cbb43/execute/async - {"script":"<script> [1562 bytes]","args":[{"selector":{"id":"application-manageresources-display-component---newResourceUnit--BASE_UNIT_OF_MEASURE","interaction":{"idSuffix":"inner"}},"wdio_ui5_key":"applicationmanageresources-display-component---newResourceUnit--BASE_UNIT_OF_MEASURE"}]}
RESULT: {"script":"<script> [1562 bytes]","args":[{"selector":{"id":"application-manageresources-display-component---newResourceUnit--BASE_UNIT_OF_MEASURE","interaction":{"idSuffix":"inner"}},"wdio_ui5_key":"applicationmanageresources-display-component---newResourceUnit--BASE_UNIT_OF_MEASURE"}]}
RESULT: undefined
COMMAND: POST /session/3ee3b59268b112783f98a37bc72cbb43/execute/async - {"script":"<script> [776 bytes]","args":[{"enterText":"Piece","selector":{"id":"application-manageresources-display-component---newResourceUnit--BASE_UNIT_OF_MEASURE","interaction":{"idSuffix":"inner"}},"clearTextFirst":true,"interactionType":"ENTER_TEXT"}]}
RESULT: {"script":"<script> [776 bytes]","args":[{"enterText":"Piece","selector":{"id":"application-manageresources-display-component---newResourceUnit--BASE_UNIT_OF_MEASURE","interaction":{"idSuffix":"inner"}},"clearTextFirst":true,"interactionType":"ENTER_TEXT"}]}
COMMAND: POST /session/3ee3b59268b112783f98a37bc72cbb43/execute/async - {"script":"<script> [1562 bytes]","args":[{"selector":{"id":"application-manageresources-display-component---newResourceUnit--WEIGHT_UNIT","interaction":{"idSuffix":"inner"}},"wdio_ui5_key":"applicationmanageresources-display-component---newResourceUnit--WEIGHT_UNIT"}]}
RESULT: {"script":"<script> [1562 bytes]","args":[{"selector":{"id":"application-manageresources-display-component---newResourceUnit--WEIGHT_UNIT","interaction":{"idSuffix":"inner"}},"wdio_ui5_key":"applicationmanageresources-display-component---newResourceUnit--WEIGHT_UNIT"}]}
RESULT: undefined
COMMAND: POST /session/3ee3b59268b112783f98a37bc72cbb43/execute/async - {"script":"<script> [776 bytes]","args":[{"enterText":"Gram","selector":{"id":"application-manageresources-display-component---newResourceUnit--WEIGHT_UNIT","interaction":{"idSuffix":"inner"}},"clearTextFirst":true,"interactionType":"ENTER_TEXT"}]}
RESULT: {"script":"<script> [776 bytes]","args":[{"enterText":"Gram","selector":{"id":"application-manageresources-display-component---newResourceUnit--WEIGHT_UNIT","interaction":{"idSuffix":"inner"}},"clearTextFirst":true,"interactionType":"ENTER_TEXT"}]}
COMMAND: POST /session/3ee3b59268b112783f98a37bc72cbb43/execute/async - {"script":"<script> [1562 bytes]","args":[{"selector":{"id":"application-manageresources-display-component---newResourceUnit--DIMENSION_UNIT","interaction":{"idSuffix":"inner"}},"wdio_ui5_key":"applicationmanageresources-display-component---newResourceUnit--DIMENSION_UNIT"}]}
RESULT: {"script":"<script> [1562 bytes]","args":[{"selector":{"id":"application-manageresources-display-component---newResourceUnit--DIMENSION_UNIT","interaction":{"idSuffix":"inner"}},"wdio_ui5_key":"applicationmanageresources-display-component---newResourceUnit--DIMENSION_UNIT"}]}
RESULT: undefined
COMMAND: POST /session/3ee3b59268b112783f98a37bc72cbb43/execute/async - {"script":"<script> [776 bytes]","args":[{"enterText":"Meter","selector":{"id":"application-manageresources-display-component---newResourceUnit--DIMENSION_UNIT","interaction":{"idSuffix":"inner"}},"clearTextFirst":true,"interactionType":"ENTER_TEXT"}]}
RESULT: {"script":"<script> [776 bytes]","args":[{"enterText":"Meter","selector":{"id":"application-manageresources-display-component---newResourceUnit--DIMENSION_UNIT","interaction":{"idSuffix":"inner"}},"clearTextFirst":true,"interactionType":"ENTER_TEXT"}]}
COMMAND: POST /session/3ee3b59268b112783f98a37bc72cbb43/execute/async - {"script":"<script> [1562 bytes]","args":[{"selector":{"id":"application-manageresources-display-component---newResourceUnit--newRRUPage-anchBar-application-manageresources-display-component---newResourceUnit--control-anchor","interaction":{"idSuffix":"BDI-content"}},"wdio_ui5_key":"applicationmanageresources-display-component---newResourceUnit--newRRUPage-anchBar-application-manageresources-display-component---newResourceUnit--control-anchor"}]}
RESULT: {"script":"<script> [1562 bytes]","args":[{"selector":{"id":"application-manageresources-display-component---newResourceUnit--newRRUPage-anchBar-application-manageresources-display-component---newResourceUnit--control-anchor","interaction":{"idSuffix":"BDI-content"}},"wdio_ui5_key":"applicationmanageresources-display-component---newResourceUnit--newRRUPage-anchBar-application-manageresources-display-component---newResourceUnit--control-anchor"}]}
RESULT: undefined
COMMAND: POST /session/3ee3b59268b112783f98a37bc72cbb43/element - {"using":"xpath","value":"//*[@id=\"application-manageresources-display-component---newResourceUnit--newRRUPage-anchBar-application-manageresources-display-component---newResourceUnit--control-anchor\"]"}
RESULT: {"using":"xpath","value":"//*[@id=\"application-manageresources-display-component---newResourceUnit--newRRUPage-anchBar-application-manageresources-display-component---newResourceUnit--control-anchor\"]"}
COMMAND: POST /session/3ee3b59268b112783f98a37bc72cbb43/element/f.DDB2A020B38DABC090658DE2C1C505F0.d.A24B76D2087E79F95271623FFEA782C1.e.7248/click - {}
RESULT: {}
COMMAND: POST /session/3ee3b59268b112783f98a37bc72cbb43/execute/async - {"script":"<script> [1562 bytes]","args":[{"selector":{"id":"application-manageresources-display-component---newResourceUnit--PLANNING_GROUP","interaction":{"idSuffix":"inner"}},"wdio_ui5_key":"applicationmanageresources-display-component---newResourceUnit--PLANNING_GROUP"}]}
COMMAND: GET /session/3ee3b59268b112783f98a37bc72cbb43/screenshot - {}
RESULT: {"script":"<script> [1562 bytes]","args":[{"selector":{"id":"application-manageresources-display-component---newResourceUnit--PLANNING_GROUP","interaction":{"idSuffix":"inner"}},"wdio_ui5_key":"applicationmanageresources-display-component---newResourceUnit--PLANNING_GROUP"}]}
RESULT: undefined
COMMAND: POST /session/3ee3b59268b112783f98a37bc72cbb43/execute/async - {"script":"<script> [776 bytes]","args":[{"enterText":"Heavy Equi","selector":{"id":"application-manageresources-display-component---newResourceUnit--PLANNING_GROUP","interaction":{"idSuffix":"inner"}},"clearTextFirst":true,"interactionType":"ENTER_TEXT"}]}
RESULT: {}
RESULT: {"script":"<script> [776 bytes]","args":[{"enterText":"Heavy Equi","selector":{"id":"application-manageresources-display-component---newResourceUnit--PLANNING_GROUP","interaction":{"idSuffix":"inner"}},"clearTextFirst":true,"interactionType":"ENTER_TEXT"}]}
COMMAND: POST /session/3ee3b59268b112783f98a37bc72cbb43/execute/async - {"script":"<script> [1562 bytes]","args":[{"selector":{"id":"application-manageresources-display-component---newResourceUnit--ITEM_TYPE-arrow"},"wdio_ui5_key":"applicationmanageresources-display-component---newResourceUnit--ITEM_TYPE-arrow"}]}
RESULT: {"script":"<script> [1562 bytes]","args":[{"selector":{"id":"application-manageresources-display-component---newResourceUnit--ITEM_TYPE-arrow"},"wdio_ui5_key":"applicationmanageresources-display-component---newResourceUnit--ITEM_TYPE-arrow"}]}
RESULT: undefined
COMMAND: POST /session/3ee3b59268b112783f98a37bc72cbb43/element - {"using":"xpath","value":"//*[@id=\"application-manageresources-display-component---newResourceUnit--ITEM_TYPE-arrow\"]"}
RESULT: {"using":"xpath","value":"//*[@id=\"application-manageresources-display-component---newResourceUnit--ITEM_TYPE-arrow\"]"}
COMMAND: POST /session/3ee3b59268b112783f98a37bc72cbb43/element/f.DDB2A020B38DABC090658DE2C1C505F0.d.A24B76D2087E79F95271623FFEA782C1.e.7255/click - {}
RESULT: {}
COMMAND: POST /session/3ee3b59268b112783f98a37bc72cbb43/element - {"using":"xpath","value":"//ul[contains(@id,\"ITEM_TYPE-popup-list-listUl\")]//li[.//span[contains(text(),\"Resource Unit\")]]"}
COMMAND: GET /session/3ee3b59268b112783f98a37bc72cbb43/screenshot - {}
RESULT: {"using":"xpath","value":"//ul[contains(@id,\"ITEM_TYPE-popup-list-listUl\")]//li[.//span[contains(text(),\"Resource Unit\")]]"}
COMMAND: POST /session/3ee3b59268b112783f98a37bc72cbb43/element/f.DDB2A020B38DABC090658DE2C1C505F0.d.A24B76D2087E79F95271623FFEA782C1.e.7256/click - {}
RESULT: {}
RESULT: {}
COMMAND: GET /session/3ee3b59268b112783f98a37bc72cbb43/screenshot - {}
RESULT: {}
COMMAND: POST /session/3ee3b59268b112783f98a37bc72cbb43/element - {"using":"css selector","value":"#application-manageresources-display-component---newResourceUnit--btnAddTimeSegment"}
RESULT: {"using":"css selector","value":"#application-manageresources-display-component---newResourceUnit--btnAddTimeSegment"}
COMMAND: GET /session/3ee3b59268b112783f98a37bc72cbb43/element/f.DDB2A020B38DABC090658DE2C1C505F0.d.A24B76D2087E79F95271623FFEA782C1.e.7263/rect - {}
RESULT: {}
COMMAND: GET /session/3ee3b59268b112783f98a37bc72cbb43/window/rect - {}
RESULT: {}
COMMAND: POST /session/3ee3b59268b112783f98a37bc72cbb43/execute/sync - {"script":"<script> [92 bytes]","args":[]}
RESULT: {"script":"<script> [92 bytes]","args":[]}
COMMAND: POST /session/3ee3b59268b112783f98a37bc72cbb43/actions - {"actions":[{"id":"action27","type":"wheel","parameters":{},"actions":[{"type":"scroll","x":-1888,"y":-32,"deltaX":0,"deltaY":0,"duration":0,"origin":{"element-6066-11e4-a52e-4f735466cecf":"f.DDB2A020B38DABC090658DE2C1C505F0.d.A24B76D2087E79F95271623FFEA782C1.e.7263"}}]}]}
COMMAND: GET /session/3ee3b59268b112783f98a37bc72cbb43/screenshot - {}
RESULT: {}
COMMAND: POST /session/3ee3b59268b112783f98a37bc72cbb43/execute/sync - {"script":"<script> [79 bytes]","args":[{"element-6066-11e4-a52e-4f735466cecf":"f.DDB2A020B38DABC090658DE2C1C505F0.d.A24B76D2087E79F95271623FFEA782C1.e.7263","ELEMENT":"f.DDB2A020B38DABC090658DE2C1C505F0.d.A24B76D2087E79F95271623FFEA782C1.e.7263"},{"block":"start","inline":"nearest"}]}
RESULT: {"script":"<script> [79 bytes]","args":[{"element-6066-11e4-a52e-4f735466cecf":"f.DDB2A020B38DABC090658DE2C1C505F0.d.A24B76D2087E79F95271623FFEA782C1.e.7263","ELEMENT":"f.DDB2A020B38DABC090658DE2C1C505F0.d.A24B76D2087E79F95271623FFEA782C1.e.7263"},{"block":"start","inline":"nearest"}]}
COMMAND: POST /session/3ee3b59268b112783f98a37bc72cbb43/execute/async - {"script":"<script> [1562 bytes]","args":[{"selector":{"id":"application-manageresources-display-component---newResourceUnit--btnAddTimeSegment","interaction":{"idSuffix":"inner"}},"wdio_ui5_key":"applicationmanageresources-display-component---newResourceUnit--btnAddTimeSegment"}]}
COMMAND: GET /session/3ee3b59268b112783f98a37bc72cbb43/screenshot - {}
RESULT: {"script":"<script> [1562 bytes]","args":[{"selector":{"id":"application-manageresources-display-component---newResourceUnit--btnAddTimeSegment","interaction":{"idSuffix":"inner"}},"wdio_ui5_key":"applicationmanageresources-display-component---newResourceUnit--btnAddTimeSegment"}]}
RESULT: undefined
COMMAND: POST /session/3ee3b59268b112783f98a37bc72cbb43/element - {"using":"xpath","value":"//*[@id=\"application-manageresources-display-component---newResourceUnit--btnAddTimeSegment\"]"}
RESULT: {}
RESULT: {"using":"xpath","value":"//*[@id=\"application-manageresources-display-component---newResourceUnit--btnAddTimeSegment\"]"}
COMMAND: POST /session/3ee3b59268b112783f98a37bc72cbb43/element/f.DDB2A020B38DABC090658DE2C1C505F0.d.A24B76D2087E79F95271623FFEA782C1.e.7263/click - {}
RESULT: {}
COMMAND: GET /session/3ee3b59268b112783f98a37bc72cbb43/screenshot - {}
RESULT: {}
COMMAND: POST /session/3ee3b59268b112783f98a37bc72cbb43/element - {"using":"xpath","value":"//input[@id=\"application-manageresources-display-component---newResourceUnit--idRuTSAdmin-application-manageresources-display-component---newResourceUnit--RUTimeSegment-0-inner\"]"}
RESULT: {"using":"xpath","value":"//input[@id=\"application-manageresources-display-component---newResourceUnit--idRuTSAdmin-application-manageresources-display-component---newResourceUnit--RUTimeSegment-0-inner\"]"}
COMMAND: POST /session/3ee3b59268b112783f98a37bc72cbb43/element/f.DDB2A020B38DABC090658DE2C1C505F0.d.A24B76D2087E79F95271623FFEA782C1.e.7269/clear - {}
RESULT: {}
COMMAND: POST /session/3ee3b59268b112783f98a37bc72cbb43/element/f.DDB2A020B38DABC090658DE2C1C505F0.d.A24B76D2087E79F95271623FFEA782C1.e.7269/value - {"text":"664"}
COMMAND: GET /session/3ee3b59268b112783f98a37bc72cbb43/screenshot - {}
RESULT: {"text":"664"}
COMMAND: GET /session/3ee3b59268b112783f98a37bc72cbb43/screenshot - {}
RESULT: {}
RESULT: {}
COMMAND: POST /session/3ee3b59268b112783f98a37bc72cbb43/element - {"using":"xpath","value":"//li[.//span[text()='664']]"}
RESULT: {"using":"xpath","value":"//li[.//span[text()='664']]"}
COMMAND: POST /session/3ee3b59268b112783f98a37bc72cbb43/element/f.DDB2A020B38DABC090658DE2C1C505F0.d.A24B76D2087E79F95271623FFEA782C1.e.7281/click - {}
RESULT: {}
COMMAND: GET /session/3ee3b59268b112783f98a37bc72cbb43/screenshot - {}
RESULT: {}
COMMAND: POST /session/3ee3b59268b112783f98a37bc72cbb43/element - {"using":"xpath","value":"(//span[contains(@id, \"-application-manageresources-display-component---newResourceUnit--RUTimeSegment-0-arrow\")])[6]"}
RESULT: {"using":"xpath","value":"(//span[contains(@id, \"-application-manageresources-display-component---newResourceUnit--RUTimeSegment-0-arrow\")])[6]"}
COMMAND: POST /session/3ee3b59268b112783f98a37bc72cbb43/element/f.DDB2A020B38DABC090658DE2C1C505F0.d.A24B76D2087E79F95271623FFEA782C1.e.7282/click - {}
RESULT: {}
COMMAND: GET /session/3ee3b59268b112783f98a37bc72cbb43/screenshot - {}
RESULT: {}
COMMAND: POST /session/3ee3b59268b112783f98a37bc72cbb43/element - {"using":"xpath","value":"//span[contains(text(), \"PM Order\")]"}
RESULT: {"using":"xpath","value":"//span[contains(text(), \"PM Order\")]"}
COMMAND: POST /session/3ee3b59268b112783f98a37bc72cbb43/element/f.DDB2A020B38DABC090658DE2C1C505F0.d.A24B76D2087E79F95271623FFEA782C1.e.7285/click - {}
RESULT: {}
COMMAND: GET /session/3ee3b59268b112783f98a37bc72cbb43/screenshot - {}
RESULT: {}
COMMAND: POST /session/3ee3b59268b112783f98a37bc72cbb43/element - {"using":"xpath","value":"(//span[contains(@id ,\"manageresources-display-component---newResourceUnit--RUTimeSegment-0-vhi\")])[1]"}
RESULT: {"using":"xpath","value":"(//span[contains(@id ,\"manageresources-display-component---newResourceUnit--RUTimeSegment-0-vhi\")])[1]"}
COMMAND: GET /session/3ee3b59268b112783f98a37bc72cbb43/element/f.DDB2A020B38DABC090658DE2C1C505F0.d.A24B76D2087E79F95271623FFEA782C1.e.7289/rect - {}
RESULT: {}
COMMAND: GET /session/3ee3b59268b112783f98a37bc72cbb43/window/rect - {}
RESULT: {}
COMMAND: POST /session/3ee3b59268b112783f98a37bc72cbb43/execute/sync - {"script":"<script> [92 bytes]","args":[]}
RESULT: {"script":"<script> [92 bytes]","args":[]}
COMMAND: POST /session/3ee3b59268b112783f98a37bc72cbb43/actions - {"actions":[{"id":"action28","type":"wheel","parameters":{},"actions":[{"type":"scroll","x":-869,"y":-24,"deltaX":0,"deltaY":0,"duration":0,"origin":{"element-6066-11e4-a52e-4f735466cecf":"f.DDB2A020B38DABC090658DE2C1C505F0.d.A24B76D2087E79F95271623FFEA782C1.e.7289"}}]}]}
COMMAND: GET /session/3ee3b59268b112783f98a37bc72cbb43/screenshot - {}
RESULT: {"actions":[{"id":"action28","type":"wheel","parameters":{},"actions":[{"type":"scroll","x":-869,"y":-24,"deltaX":0,"deltaY":0,"duration":0,"origin":{"element-6066-11e4-a52e-4f735466cecf":"f.DDB2A020B38DABC090658DE2C1C505F0.d.A24B76D2087E79F95271623FFEA782C1.e.7289"}}]}]}
COMMAND: DELETE /session/3ee3b59268b112783f98a37bc72cbb43/actions - {}
COMMAND: GET /session/3ee3b59268b112783f98a37bc72cbb43/screenshot - {}
RESULT: {}
RESULT: {}
COMMAND: GET /session/3ee3b59268b112783f98a37bc72cbb43/screenshot - {}
RESULT: {}
RESULT: {}
COMMAND: POST /session/3ee3b59268b112783f98a37bc72cbb43/element/f.DDB2A020B38DABC090658DE2C1C505F0.d.A24B76D2087E79F95271623FFEA782C1.e.7289/click - {}
RESULT: {}
COMMAND: GET /session/3ee3b59268b112783f98a37bc72cbb43/screenshot - {}
RESULT: {}
RESULT: undefined
COMMAND: POST /session/3ee3b59268b112783f98a37bc72cbb43/execute/async - {"script":"<script> [776 bytes]","args":[{"enterText":"4000360","selector":{"controlType":"sap.m.SearchField","properties":{"placeholder":"Search"},"searchOpenDialogs":true,"interaction":{"idSuffix":"I"}},"clearTextFirst":true,"interactionType":"ENTER_TEXT"}]}
RESULT: {"script":"<script> [776 bytes]","args":[{"enterText":"4000360","selector":{"controlType":"sap.m.SearchField","properties":{"placeholder":"Search"},"searchOpenDialogs":true,"interaction":{"idSuffix":"I"}},"clearTextFirst":true,"interactionType":"ENTER_TEXT"}]}
COMMAND: POST /session/3ee3b59268b112783f98a37bc72cbb43/actions - {"actions":[{"id":"action29","type":"key","parameters":{},"actions":[{"type":"keyDown","value":"î€‡"},{"type":"pause","duration":10},{"type":"keyUp","value":"î€‡"}]}]}
RESULT: {"actions":[{"id":"action29","type":"key","parameters":{},"actions":[{"type":"keyDown","value":"î€‡"},{"type":"pause","duration":10},{"type":"keyUp","value":"î€‡"}]}]}
COMMAND: GET /session/3ee3b59268b112783f98a37bc72cbb43/screenshot - {}
RESULT: {}
COMMAND: POST /session/3ee3b59268b112783f98a37bc72cbb43/element - {"using":"xpath","value":"//td/div/span[contains(text(), \"BGL Vehicles\")]"}
RESULT: {"using":"xpath","value":"//td/div/span[contains(text(), \"BGL Vehicles\")]"}
COMMAND: POST /session/3ee3b59268b112783f98a37bc72cbb43/element/f.DDB2A020B38DABC090658DE2C1C505F0.d.A24B76D2087E79F95271623FFEA782C1.e.7309/click - {}
RESULT: {}
COMMAND: GET /session/3ee3b59268b112783f98a37bc72cbb43/screenshot - {}
RESULT: {}
COMMAND: POST /session/3ee3b59268b112783f98a37bc72cbb43/element - {"using":"xpath","value":"//bdi[contains(text(), \"OK\")]"}
RESULT: {"using":"xpath","value":"//bdi[contains(text(), \"OK\")]"}
COMMAND: POST /session/3ee3b59268b112783f98a37bc72cbb43/element/f.DDB2A020B38DABC090658DE2C1C505F0.d.A24B76D2087E79F95271623FFEA782C1.e.7310/click - {}
RESULT: {}
COMMAND: GET /session/3ee3b59268b112783f98a37bc72cbb43/screenshot - {}
RESULT: {}
COMMAND: POST /session/3ee3b59268b112783f98a37bc72cbb43/execute/async - {"script":"<script> [1562 bytes]","args":[{"selector":{"id":"application-manageresources-display-component---newResourceUnit--newRRUPage-anchBar-application-manageresources-display-component---newResourceUnit--resource-anchor","interaction":{"idSuffix":"BDI-content"}},"wdio_ui5_key":"applicationmanageresources-display-component---newResourceUnit--newRRUPage-anchBar-application-manageresources-display-component---newResourceUnit--resource-anchor"}]}
RESULT: {"script":"<script> [1562 bytes]","args":[{"selector":{"id":"application-manageresources-display-component---newResourceUnit--newRRUPage-anchBar-application-manageresources-display-component---newResourceUnit--resource-anchor","interaction":{"idSuffix":"BDI-content"}},"wdio_ui5_key":"applicationmanageresources-display-component---newResourceUnit--newRRUPage-anchBar-application-manageresources-display-component---newResourceUnit--resource-anchor"}]}
RESULT: undefined
COMMAND: POST /session/3ee3b59268b112783f98a37bc72cbb43/element - {"using":"xpath","value":"//*[@id=\"application-manageresources-display-component---newResourceUnit--newRRUPage-anchBar-application-manageresources-display-component---newResourceUnit--resource-anchor\"]"}
RESULT: {"using":"xpath","value":"//*[@id=\"application-manageresources-display-component---newResourceUnit--newRRUPage-anchBar-application-manageresources-display-component---newResourceUnit--resource-anchor\"]"}
COMMAND: POST /session/3ee3b59268b112783f98a37bc72cbb43/element/f.DDB2A020B38DABC090658DE2C1C505F0.d.A24B76D2087E79F95271623FFEA782C1.e.7314/click - {}
RESULT: {}
COMMAND: POST /session/3ee3b59268b112783f98a37bc72cbb43/execute/async - {"script":"<script> [1562 bytes]","args":[{"selector":{"id":"application-manageresources-display-component---newResourceUnit--PLANNED_DELIVERY_DATE","interaction":{"idSuffix":"inner"}},"wdio_ui5_key":"applicationmanageresources-display-component---newResourceUnit--PLANNED_DELIVERY_DATE"}]}
COMMAND: GET /session/3ee3b59268b112783f98a37bc72cbb43/screenshot - {}
RESULT: {"script":"<script> [1562 bytes]","args":[{"selector":{"id":"application-manageresources-display-component---newResourceUnit--PLANNED_DELIVERY_DATE","interaction":{"idSuffix":"inner"}},"wdio_ui5_key":"applicationmanageresources-display-component---newResourceUnit--PLANNED_DELIVERY_DATE"}]}
RESULT: undefined
COMMAND: POST /session/3ee3b59268b112783f98a37bc72cbb43/execute/async - {"script":"<script> [6424 bytes]","args":[{"element-6066-11e4-a52e-4f735466cecf":"f.DDB2A020B38DABC090658DE2C1C505F0.d.A24B76D2087E79F95271623FFEA782C1.e.7147"},"setValue",["6/4/25"]]}
RESULT: {}
RESULT: {"script":"<script> [6424 bytes]","args":[{"element-6066-11e4-a52e-4f735466cecf":"f.DDB2A020B38DABC090658DE2C1C505F0.d.A24B76D2087E79F95271623FFEA782C1.e.7147"},"setValue",["6/4/25"]]}
COMMAND: POST /session/3ee3b59268b112783f98a37bc72cbb43/element - {"using":"xpath","value":"//label[contains(@class, 'sapMLabelRequired') and .//bdi[contains(text(), 'Planned Retirement')]]"}
RESULT: {"using":"xpath","value":"//label[contains(@class, 'sapMLabelRequired') and .//bdi[contains(text(), 'Planned Retirement')]]"}
COMMAND: POST /session/3ee3b59268b112783f98a37bc72cbb43/elements - {"using":"xpath","value":"//label[contains(@class, 'sapMLabelRequired') and .//bdi[contains(text(), 'Planned Retirement')]]"}
RESULT: {"using":"xpath","value":"//label[contains(@class, 'sapMLabelRequired') and .//bdi[contains(text(), 'Planned Retirement')]]"}
COMMAND: POST /session/3ee3b59268b112783f98a37bc72cbb43/element - {"using":"xpath","value":"//button[@data-kt=\"resourceUnitSaveButton\"]"}
RESULT: {"using":"xpath","value":"//button[@data-kt=\"resourceUnitSaveButton\"]"}
COMMAND: POST /session/3ee3b59268b112783f98a37bc72cbb43/element/f.DDB2A020B38DABC090658DE2C1C505F0.d.A24B76D2087E79F95271623FFEA782C1.e.7107/click - {}
RESULT: {}
COMMAND: GET /session/3ee3b59268b112783f98a37bc72cbb43/screenshot - {}
RESULT: {}
COMMAND: POST /session/3ee3b59268b112783f98a37bc72cbb43/element - {"using":"xpath","value":"//bdi[contains(text(), \"Close\")]"}
RESULT: {"using":"xpath","value":"//bdi[contains(text(), \"Close\")]"}
COMMAND: POST /session/3ee3b59268b112783f98a37bc72cbb43/element/f.DDB2A020B38DABC090658DE2C1C505F0.d.A24B76D2087E79F95271623FFEA782C1.e.7322/click - {}
RESULT: {}
COMMAND: GET /session/3ee3b59268b112783f98a37bc72cbb43/screenshot - {}
RESULT: {}
COMMAND: POST /session/3ee3b59268b112783f98a37bc72cbb43/element - {"using":"xpath","value":"//bdi[contains(text(), \"Edit\")]"}
RESULT: {"using":"xpath","value":"//bdi[contains(text(), \"Edit\")]"}
COMMAND: POST /session/3ee3b59268b112783f98a37bc72cbb43/execute/sync - {"script":"<script> [8489 bytes]","args":[{"element-6066-11e4-a52e-4f735466cecf":"f.DDB2A020B38DABC090658DE2C1C505F0.d.A24B76D2087E79F95271623FFEA782C1.e.7354","ELEMENT":"f.DDB2A020B38DABC090658DE2C1C505F0.d.A24B76D2087E79F95271623FFEA782C1.e.7354"}]}
RESULT: {"script":"<script> [8489 bytes]","args":[{"element-6066-11e4-a52e-4f735466cecf":"f.DDB2A020B38DABC090658DE2C1C505F0.d.A24B76D2087E79F95271623FFEA782C1.e.7354","ELEMENT":"f.DDB2A020B38DABC090658DE2C1C505F0.d.A24B76D2087E79F95271623FFEA782C1.e.7354"}]}
COMMAND: POST /session/3ee3b59268b112783f98a37bc72cbb43/element/f.DDB2A020B38DABC090658DE2C1C505F0.d.A24B76D2087E79F95271623FFEA782C1.e.7354/click - {}
COMMAND: GET /session/3ee3b59268b112783f98a37bc72cbb43/screenshot - {}
RESULT: {}
COMMAND: GET /session/3ee3b59268b112783f98a37bc72cbb43/screenshot - {}
RESULT: {}
RESULT: {}
COMMAND: POST /session/3ee3b59268b112783f98a37bc72cbb43/execute/async - {"script":"<script> [1562 bytes]","args":[{"selector":{"id":"application-manageresources-display-component---editResource--editRruPage-anchBar-application-manageresources-display-component---editResource--counters-anchor","interaction":{"idSuffix":"BDI-content"}},"wdio_ui5_key":"applicationmanageresources-display-component---editResource--editRruPage-anchBar-application-manageresources-display-component---editResource--counters-anchor"}]}
RESULT: {"script":"<script> [1562 bytes]","args":[{"selector":{"id":"application-manageresources-display-component---editResource--editRruPage-anchBar-application-manageresources-display-component---editResource--counters-anchor","interaction":{"idSuffix":"BDI-content"}},"wdio_ui5_key":"applicationmanageresources-display-component---editResource--editRruPage-anchBar-application-manageresources-display-component---editResource--counters-anchor"}]}
RESULT: undefined
COMMAND: POST /session/3ee3b59268b112783f98a37bc72cbb43/element - {"using":"xpath","value":"//*[@id=\"application-manageresources-display-component---editResource--editRruPage-anchBar-application-manageresources-display-component---editResource--counters-anchor\"]"}
RESULT: {"using":"xpath","value":"//*[@id=\"application-manageresources-display-component---editResource--editRruPage-anchBar-application-manageresources-display-component---editResource--counters-anchor\"]"}
COMMAND: POST /session/3ee3b59268b112783f98a37bc72cbb43/element/f.DDB2A020B38DABC090658DE2C1C505F0.d.A24B76D2087E79F95271623FFEA782C1.e.7502/click - {}
RESULT: {}
COMMAND: GET /session/3ee3b59268b112783f98a37bc72cbb43/screenshot - {}
RESULT: {}
COMMAND: POST /session/3ee3b59268b112783f98a37bc72cbb43/execute/async - {"script":"<script> [1562 bytes]","args":[{"selector":{"id":"application-manageresources-display-component---editResource--btnAddCounter-img"},"wdio_ui5_key":"applicationmanageresources-display-component---editResource--btnAddCounter-img"}]}
RESULT: {"script":"<script> [1562 bytes]","args":[{"selector":{"id":"application-manageresources-display-component---editResource--btnAddCounter-img"},"wdio_ui5_key":"applicationmanageresources-display-component---editResource--btnAddCounter-img"}]}
RESULT: undefined
COMMAND: POST /session/3ee3b59268b112783f98a37bc72cbb43/element - {"using":"xpath","value":"//*[@id=\"application-manageresources-display-component---editResource--btnAddCounter-img\"]"}
RESULT: {"using":"xpath","value":"//*[@id=\"application-manageresources-display-component---editResource--btnAddCounter-img\"]"}
COMMAND: POST /session/3ee3b59268b112783f98a37bc72cbb43/element/f.DDB2A020B38DABC090658DE2C1C505F0.d.A24B76D2087E79F95271623FFEA782C1.e.7507/click - {}
RESULT: {}
COMMAND: POST /session/3ee3b59268b112783f98a37bc72cbb43/execute/async - {"script":"<script> [1562 bytes]","args":[{"selector":{"id":"application-manageresources-display-component---editResource--COUNTER_ID-application-manageresources-display-component---editResource--RUCounters-0-arrow"},"wdio_ui5_key":"applicationmanageresources-display-component---editResource--COUNTER_ID-application-manageresources-display-component---editResource--RUCounters-0-arrow"}]}
COMMAND: GET /session/3ee3b59268b112783f98a37bc72cbb43/screenshot - {}
RESULT: {"script":"<script> [1562 bytes]","args":[{"selector":{"id":"application-manageresources-display-component---editResource--COUNTER_ID-application-manageresources-display-component---editResource--RUCounters-0-arrow"},"wdio_ui5_key":"applicationmanageresources-display-component---editResource--COUNTER_ID-application-manageresources-display-component---editResource--RUCounters-0-arrow"}]}
RESULT: undefined
COMMAND: POST /session/3ee3b59268b112783f98a37bc72cbb43/element - {"using":"xpath","value":"//*[@id=\"application-manageresources-display-component---editResource--COUNTER_ID-application-manageresources-display-component---editResource--RUCounters-0-arrow\"]"}
RESULT: {}
RESULT: {"using":"xpath","value":"//*[@id=\"application-manageresources-display-component---editResource--COUNTER_ID-application-manageresources-display-component---editResource--RUCounters-0-arrow\"]"}
COMMAND: POST /session/3ee3b59268b112783f98a37bc72cbb43/element/f.DDB2A020B38DABC090658DE2C1C505F0.d.A24B76D2087E79F95271623FFEA782C1.e.7514/click - {}
RESULT: {}
COMMAND: POST /session/3ee3b59268b112783f98a37bc72cbb43/execute/async - {"script":"<script> [1562 bytes]","args":[{"selector":{"controlType":"sap.m.StandardListItem","viewName":"etm.portal.ui.manageresources.view.EditResource","viewId":"application-manageresources-display-component---editResource","properties":{"title":"fuel"},"searchOpenDialogs":true,"interaction":{"idSuffix":"content"}},"wdio_ui5_key":"etmportal.ui.manageresources.view.EditResourcesap.m.StandardListItem{\"title\":\"fuel\"}"}]}
COMMAND: GET /session/3ee3b59268b112783f98a37bc72cbb43/screenshot - {}
RESULT: {"script":"<script> [1562 bytes]","args":[{"selector":{"controlType":"sap.m.StandardListItem","viewName":"etm.portal.ui.manageresources.view.EditResource","viewId":"application-manageresources-display-component---editResource","properties":{"title":"fuel"},"searchOpenDialogs":true,"interaction":{"idSuffix":"content"}},"wdio_ui5_key":"etmportal.ui.manageresources.view.EditResourcesap.m.StandardListItem{\"title\":\"fuel\"}"}]}
RESULT: undefined
COMMAND: POST /session/3ee3b59268b112783f98a37bc72cbb43/element - {"using":"xpath","value":"//*[@id=\"__item2906\"]"}
RESULT: {}
RESULT: {"using":"xpath","value":"//*[@id=\"__item2906\"]"}
COMMAND: POST /session/3ee3b59268b112783f98a37bc72cbb43/element/f.DDB2A020B38DABC090658DE2C1C505F0.d.A24B76D2087E79F95271623FFEA782C1.e.7516/click - {}
RESULT: {}
COMMAND: GET /session/3ee3b59268b112783f98a37bc72cbb43/screenshot - {}
RESULT: {}
COMMAND: POST /session/3ee3b59268b112783f98a37bc72cbb43/element - {"using":"xpath","value":"//button[@data-kt=\"saveButton\"]"}
RESULT: {"using":"xpath","value":"//button[@data-kt=\"saveButton\"]"}
COMMAND: POST /session/3ee3b59268b112783f98a37bc72cbb43/element/f.DDB2A020B38DABC090658DE2C1C505F0.d.A24B76D2087E79F95271623FFEA782C1.e.7517/click - {}
RESULT: {}
COMMAND: GET /session/3ee3b59268b112783f98a37bc72cbb43/screenshot - {}
RESULT: {}
COMMAND: POST /session/3ee3b59268b112783f98a37bc72cbb43/element - {"using":"xpath","value":"(//button[contains(@id ,\"actionsToolbar-overflowButton\")])[1]"}
RESULT: {"using":"xpath","value":"(//button[contains(@id ,\"actionsToolbar-overflowButton\")])[1]"}
COMMAND: POST /session/3ee3b59268b112783f98a37bc72cbb43/element/f.DDB2A020B38DABC090658DE2C1C505F0.d.A24B76D2087E79F95271623FFEA782C1.e.7530/click - {}
RESULT: {}
COMMAND: GET /session/3ee3b59268b112783f98a37bc72cbb43/screenshot - {}
RESULT: {}
COMMAND: POST /session/3ee3b59268b112783f98a37bc72cbb43/element - {"using":"xpath","value":"//button[@data-kt=\"priceInfoButton\"]"}
RESULT: {"using":"xpath","value":"//button[@data-kt=\"priceInfoButton\"]"}
COMMAND: POST /session/3ee3b59268b112783f98a37bc72cbb43/element/f.DDB2A020B38DABC090658DE2C1C505F0.d.A24B76D2087E79F95271623FFEA782C1.e.7532/click - {}
RESULT: {}
COMMAND: GET /session/3ee3b59268b112783f98a37bc72cbb43/screenshot - {}
]]></system-out>
    </testcase>
    <testcase classname="chrome.137_0_7151_56.windows.Create_master_data_for_mixed_billing_&amp;_do_billing_calculation_US151661" name="Should create a TB pricing procedure" time="56.151">
      <system-out><![CDATA[
COMMAND: POST /session/3ee3b59268b112783f98a37bc72cbb43/element - {"using":"xpath","value":"//button[@data-kt=\"addButton\"]"}
RESULT: {}
RESULT: {"using":"xpath","value":"//button[@data-kt=\"addButton\"]"}
COMMAND: POST /session/3ee3b59268b112783f98a37bc72cbb43/elements - {"using":"xpath","value":"//button[@data-kt=\"addButton\"]"}
RESULT: {"using":"xpath","value":"//button[@data-kt=\"addButton\"]"}
COMMAND: POST /session/3ee3b59268b112783f98a37bc72cbb43/execute/sync - {"script":"<script> [8489 bytes]","args":[{"element-6066-11e4-a52e-4f735466cecf":"f.DDB2A020B38DABC090658DE2C1C505F0.d.A24B76D2087E79F95271623FFEA782C1.e.7570","ELEMENT":"f.DDB2A020B38DABC090658DE2C1C505F0.d.A24B76D2087E79F95271623FFEA782C1.e.7570"}]}
RESULT: {"script":"<script> [8489 bytes]","args":[{"element-6066-11e4-a52e-4f735466cecf":"f.DDB2A020B38DABC090658DE2C1C505F0.d.A24B76D2087E79F95271623FFEA782C1.e.7570","ELEMENT":"f.DDB2A020B38DABC090658DE2C1C505F0.d.A24B76D2087E79F95271623FFEA782C1.e.7570"}]}
COMMAND: GET /session/3ee3b59268b112783f98a37bc72cbb43/element/f.DDB2A020B38DABC090658DE2C1C505F0.d.A24B76D2087E79F95271623FFEA782C1.e.7570/enabled - {}
COMMAND: GET /session/3ee3b59268b112783f98a37bc72cbb43/screenshot - {}
RESULT: {}
COMMAND: POST /session/3ee3b59268b112783f98a37bc72cbb43/execute/sync - {"script":"<script> [8489 bytes]","args":[{"element-6066-11e4-a52e-4f735466cecf":"f.DDB2A020B38DABC090658DE2C1C505F0.d.A24B76D2087E79F95271623FFEA782C1.e.7570","ELEMENT":"f.DDB2A020B38DABC090658DE2C1C505F0.d.A24B76D2087E79F95271623FFEA782C1.e.7570"}]}
COMMAND: GET /session/3ee3b59268b112783f98a37bc72cbb43/screenshot - {}
RESULT: {}
RESULT: {"script":"<script> [8489 bytes]","args":[{"element-6066-11e4-a52e-4f735466cecf":"f.DDB2A020B38DABC090658DE2C1C505F0.d.A24B76D2087E79F95271623FFEA782C1.e.7570","ELEMENT":"f.DDB2A020B38DABC090658DE2C1C505F0.d.A24B76D2087E79F95271623FFEA782C1.e.7570"}]}
COMMAND: POST /session/3ee3b59268b112783f98a37bc72cbb43/execute/sync - {"script":"<script> [5351 bytes]","args":[{"element-6066-11e4-a52e-4f735466cecf":"f.DDB2A020B38DABC090658DE2C1C505F0.d.A24B76D2087E79F95271623FFEA782C1.e.7570","ELEMENT":"f.DDB2A020B38DABC090658DE2C1C505F0.d.A24B76D2087E79F95271623FFEA782C1.e.7570"}]}
COMMAND: GET /session/3ee3b59268b112783f98a37bc72cbb43/screenshot - {}
RESULT: {}
RESULT: {"script":"<script> [5351 bytes]","args":[{"element-6066-11e4-a52e-4f735466cecf":"f.DDB2A020B38DABC090658DE2C1C505F0.d.A24B76D2087E79F95271623FFEA782C1.e.7570","ELEMENT":"f.DDB2A020B38DABC090658DE2C1C505F0.d.A24B76D2087E79F95271623FFEA782C1.e.7570"}]}
COMMAND: POST /session/3ee3b59268b112783f98a37bc72cbb43/element/f.DDB2A020B38DABC090658DE2C1C505F0.d.A24B76D2087E79F95271623FFEA782C1.e.7570/click - {}
COMMAND: GET /session/3ee3b59268b112783f98a37bc72cbb43/screenshot - {}
RESULT: {}
RESULT: {}
COMMAND: GET /session/3ee3b59268b112783f98a37bc72cbb43/screenshot - {}
RESULT: {}
RESULT: {}
COMMAND: POST /session/3ee3b59268b112783f98a37bc72cbb43/execute/async - {"script":"<script> [1562 bytes]","args":[{"selector":{"controlType":"sap.m.Title","viewName":"etm.portal.ui.managepricingrules.view.NewItem","viewId":"application-managepricingrules-display-component---newInfoPriceItem","properties":{"text":"New Pricing Rules - Item Level"}},"wdio_ui5_key":"etmportal.ui.managepricingrules.view.NewItemsap.m.Title{\"text\":\"New Pricing Rules - Item Level\"}"}]}
RESULT: {"script":"<script> [1562 bytes]","args":[{"selector":{"controlType":"sap.m.Title","viewName":"etm.portal.ui.managepricingrules.view.NewItem","viewId":"application-managepricingrules-display-component---newInfoPriceItem","properties":{"text":"New Pricing Rules - Item Level"}},"wdio_ui5_key":"etmportal.ui.managepricingrules.view.NewItemsap.m.Title{\"text\":\"New Pricing Rules - Item Level\"}"}]}
RESULT: undefined
COMMAND: POST /session/3ee3b59268b112783f98a37bc72cbb43/execute/async - {"script":"<script> [6424 bytes]","args":[{"element-6066-11e4-a52e-4f735466cecf":"f.DDB2A020B38DABC090658DE2C1C505F0.d.A24B76D2087E79F95271623FFEA782C1.e.7644"},"getText",[]]}
RESULT: {"script":"<script> [6424 bytes]","args":[{"element-6066-11e4-a52e-4f735466cecf":"f.DDB2A020B38DABC090658DE2C1C505F0.d.A24B76D2087E79F95271623FFEA782C1.e.7644"},"getText",[]]}
COMMAND: POST /session/3ee3b59268b112783f98a37bc72cbb43/execute/async - {"script":"<script> [1562 bytes]","args":[{"selector":{"id":"application-managepricingrules-display-component---newInfoPriceItem--condValidTo","interaction":{"idSuffix":"inner"}},"wdio_ui5_key":"applicationmanagepricingrules-display-component---newInfoPriceItem--condValidTo"}]}
RESULT: {"script":"<script> [1562 bytes]","args":[{"selector":{"id":"application-managepricingrules-display-component---newInfoPriceItem--condValidTo","interaction":{"idSuffix":"inner"}},"wdio_ui5_key":"applicationmanagepricingrules-display-component---newInfoPriceItem--condValidTo"}]}
RESULT: undefined
COMMAND: POST /session/3ee3b59268b112783f98a37bc72cbb43/execute/async - {"script":"<script> [776 bytes]","args":[{"enterText":"2/4/26","selector":{"id":"application-managepricingrules-display-component---newInfoPriceItem--condValidTo","interaction":{"idSuffix":"inner"}},"clearTextFirst":true,"interactionType":"ENTER_TEXT"}]}
RESULT: {"script":"<script> [776 bytes]","args":[{"enterText":"2/4/26","selector":{"id":"application-managepricingrules-display-component---newInfoPriceItem--condValidTo","interaction":{"idSuffix":"inner"}},"clearTextFirst":true,"interactionType":"ENTER_TEXT"}]}
COMMAND: POST /session/3ee3b59268b112783f98a37bc72cbb43/execute/async - {"script":"<script> [1562 bytes]","args":[{"selector":{"id":"application-managepricingrules-display-component---newInfoPriceItem--billType-arrow"},"wdio_ui5_key":"applicationmanagepricingrules-display-component---newInfoPriceItem--billType-arrow"}]}
RESULT: {"script":"<script> [1562 bytes]","args":[{"selector":{"id":"application-managepricingrules-display-component---newInfoPriceItem--billType-arrow"},"wdio_ui5_key":"applicationmanagepricingrules-display-component---newInfoPriceItem--billType-arrow"}]}
RESULT: undefined
COMMAND: POST /session/3ee3b59268b112783f98a37bc72cbb43/element - {"using":"xpath","value":"//*[@id=\"application-managepricingrules-display-component---newInfoPriceItem--billType-arrow\"]"}
RESULT: {"using":"xpath","value":"//*[@id=\"application-managepricingrules-display-component---newInfoPriceItem--billType-arrow\"]"}
COMMAND: POST /session/3ee3b59268b112783f98a37bc72cbb43/element/f.DDB2A020B38DABC090658DE2C1C505F0.d.A24B76D2087E79F95271623FFEA782C1.e.7658/click - {}
RESULT: {}
COMMAND: POST /session/3ee3b59268b112783f98a37bc72cbb43/element - {"using":"xpath","value":"//span[contains(text(), \"TB - Time based\")]"}
COMMAND: GET /session/3ee3b59268b112783f98a37bc72cbb43/screenshot - {}
RESULT: {"using":"xpath","value":"//span[contains(text(), \"TB - Time based\")]"}
COMMAND: POST /session/3ee3b59268b112783f98a37bc72cbb43/element/f.DDB2A020B38DABC090658DE2C1C505F0.d.A24B76D2087E79F95271623FFEA782C1.e.7659/click - {}
RESULT: {}
RESULT: {}
COMMAND: POST /session/3ee3b59268b112783f98a37bc72cbb43/execute/async - {"script":"<script> [1562 bytes]","args":[{"selector":{"id":"application-managepricingrules-display-component---newInfoPriceItem--priceProc-arrow"},"wdio_ui5_key":"applicationmanagepricingrules-display-component---newInfoPriceItem--priceProc-arrow"}]}
COMMAND: GET /session/3ee3b59268b112783f98a37bc72cbb43/screenshot - {}
RESULT: {"script":"<script> [1562 bytes]","args":[{"selector":{"id":"application-managepricingrules-display-component---newInfoPriceItem--priceProc-arrow"},"wdio_ui5_key":"applicationmanagepricingrules-display-component---newInfoPriceItem--priceProc-arrow"}]}
RESULT: undefined
COMMAND: POST /session/3ee3b59268b112783f98a37bc72cbb43/element - {"using":"xpath","value":"//*[@id=\"application-managepricingrules-display-component---newInfoPriceItem--priceProc-arrow\"]"}
RESULT: {}
RESULT: {"using":"xpath","value":"//*[@id=\"application-managepricingrules-display-component---newInfoPriceItem--priceProc-arrow\"]"}
COMMAND: POST /session/3ee3b59268b112783f98a37bc72cbb43/element/f.DDB2A020B38DABC090658DE2C1C505F0.d.A24B76D2087E79F95271623FFEA782C1.e.7660/click - {}
RESULT: {}
COMMAND: POST /session/3ee3b59268b112783f98a37bc72cbb43/element - {"using":"xpath","value":"//span[contains(text(), \"TB - Time based BGL\")]"}
COMMAND: GET /session/3ee3b59268b112783f98a37bc72cbb43/screenshot - {}
RESULT: {"using":"xpath","value":"//span[contains(text(), \"TB - Time based BGL\")]"}
COMMAND: POST /session/3ee3b59268b112783f98a37bc72cbb43/element/f.DDB2A020B38DABC090658DE2C1C505F0.d.A24B76D2087E79F95271623FFEA782C1.e.7661/click - {}
RESULT: {}
RESULT: {}
COMMAND: POST /session/3ee3b59268b112783f98a37bc72cbb43/execute/async - {"script":"<script> [1562 bytes]","args":[{"selector":{"id":"application-managepricingrules-display-component---newInfoPriceItem--calcBase-arrow"},"wdio_ui5_key":"applicationmanagepricingrules-display-component---newInfoPriceItem--calcBase-arrow"}]}
COMMAND: GET /session/3ee3b59268b112783f98a37bc72cbb43/screenshot - {}
RESULT: {"script":"<script> [1562 bytes]","args":[{"selector":{"id":"application-managepricingrules-display-component---newInfoPriceItem--calcBase-arrow"},"wdio_ui5_key":"applicationmanagepricingrules-display-component---newInfoPriceItem--calcBase-arrow"}]}
RESULT: undefined
COMMAND: POST /session/3ee3b59268b112783f98a37bc72cbb43/element - {"using":"xpath","value":"//*[@id=\"application-managepricingrules-display-component---newInfoPriceItem--calcBase-arrow\"]"}
RESULT: {}
RESULT: {"using":"xpath","value":"//*[@id=\"application-managepricingrules-display-component---newInfoPriceItem--calcBase-arrow\"]"}
COMMAND: POST /session/3ee3b59268b112783f98a37bc72cbb43/element/f.DDB2A020B38DABC090658DE2C1C505F0.d.A24B76D2087E79F95271623FFEA782C1.e.7662/click - {}
RESULT: {}
COMMAND: GET /session/3ee3b59268b112783f98a37bc72cbb43/screenshot - {}
RESULT: {}
COMMAND: POST /session/3ee3b59268b112783f98a37bc72cbb43/element - {"using":"xpath","value":"//span[contains(text(), \"0006 - TB(calendar days)\")]"}
RESULT: {"using":"xpath","value":"//span[contains(text(), \"0006 - TB(calendar days)\")]"}
COMMAND: POST /session/3ee3b59268b112783f98a37bc72cbb43/element/f.DDB2A020B38DABC090658DE2C1C505F0.d.A24B76D2087E79F95271623FFEA782C1.e.7663/click - {}
RESULT: {}
COMMAND: GET /session/3ee3b59268b112783f98a37bc72cbb43/screenshot - {}
RESULT: {}
COMMAND: POST /session/3ee3b59268b112783f98a37bc72cbb43/execute/async - {"script":"<script> [1562 bytes]","args":[{"selector":{"id":"application-managepricingrules-display-component---newInfoPriceItem--hoursMonth","interaction":{"idSuffix":"inner"}},"wdio_ui5_key":"applicationmanagepricingrules-display-component---newInfoPriceItem--hoursMonth"}]}
RESULT: {"script":"<script> [1562 bytes]","args":[{"selector":{"id":"application-managepricingrules-display-component---newInfoPriceItem--hoursMonth","interaction":{"idSuffix":"inner"}},"wdio_ui5_key":"applicationmanagepricingrules-display-component---newInfoPriceItem--hoursMonth"}]}
RESULT: undefined
COMMAND: POST /session/3ee3b59268b112783f98a37bc72cbb43/execute/async - {"script":"<script> [776 bytes]","args":[{"enterText":"160","selector":{"id":"application-managepricingrules-display-component---newInfoPriceItem--hoursMonth","interaction":{"idSuffix":"inner"}},"clearTextFirst":true,"interactionType":"ENTER_TEXT"}]}
RESULT: {"script":"<script> [776 bytes]","args":[{"enterText":"160","selector":{"id":"application-managepricingrules-display-component---newInfoPriceItem--hoursMonth","interaction":{"idSuffix":"inner"}},"clearTextFirst":true,"interactionType":"ENTER_TEXT"}]}
COMMAND: POST /session/3ee3b59268b112783f98a37bc72cbb43/execute/async - {"script":"<script> [1562 bytes]","args":[{"selector":{"id":"application-managepricingrules-display-component---newInfoPriceItem--daysMonth","interaction":{"idSuffix":"inner"}},"wdio_ui5_key":"applicationmanagepricingrules-display-component---newInfoPriceItem--daysMonth"}]}
RESULT: {"script":"<script> [1562 bytes]","args":[{"selector":{"id":"application-managepricingrules-display-component---newInfoPriceItem--daysMonth","interaction":{"idSuffix":"inner"}},"wdio_ui5_key":"applicationmanagepricingrules-display-component---newInfoPriceItem--daysMonth"}]}
RESULT: undefined
COMMAND: POST /session/3ee3b59268b112783f98a37bc72cbb43/execute/async - {"script":"<script> [776 bytes]","args":[{"enterText":"30","selector":{"id":"application-managepricingrules-display-component---newInfoPriceItem--daysMonth","interaction":{"idSuffix":"inner"}},"clearTextFirst":true,"interactionType":"ENTER_TEXT"}]}
RESULT: {"script":"<script> [776 bytes]","args":[{"enterText":"30","selector":{"id":"application-managepricingrules-display-component---newInfoPriceItem--daysMonth","interaction":{"idSuffix":"inner"}},"clearTextFirst":true,"interactionType":"ENTER_TEXT"}]}
COMMAND: POST /session/3ee3b59268b112783f98a37bc72cbb43/element - {"using":"xpath","value":"//button[@data-kt=\"saveNewRuleButton\"]"}
RESULT: {"using":"xpath","value":"//button[@data-kt=\"saveNewRuleButton\"]"}
COMMAND: POST /session/3ee3b59268b112783f98a37bc72cbb43/element/f.DDB2A020B38DABC090658DE2C1C505F0.d.A24B76D2087E79F95271623FFEA782C1.e.7666/click - {}
RESULT: {}
COMMAND: GET /session/3ee3b59268b112783f98a37bc72cbb43/screenshot - {}
RESULT: {}
COMMAND: POST /session/3ee3b59268b112783f98a37bc72cbb43/execute/async - {"script":"<script> [1562 bytes]","args":[{"selector":{"id":"application-managepricingrules-display-component---priceInfoItem--smartFilterBar-btnBasicSearch","interaction":{"idSuffix":"I"}},"wdio_ui5_key":"applicationmanagepricingrules-display-component---priceInfoItem--smartFilterBar-btnBasicSearch"}]}
RESULT: {"script":"<script> [1562 bytes]","args":[{"selector":{"id":"application-managepricingrules-display-component---priceInfoItem--smartFilterBar-btnBasicSearch","interaction":{"idSuffix":"I"}},"wdio_ui5_key":"applicationmanagepricingrules-display-component---priceInfoItem--smartFilterBar-btnBasicSearch"}]}
RESULT: undefined
COMMAND: POST /session/3ee3b59268b112783f98a37bc72cbb43/execute/async - {"script":"<script> [776 bytes]","args":[{"enterText":"gj2Tk4nG2r","selector":{"id":"application-managepricingrules-display-component---priceInfoItem--smartFilterBar-btnBasicSearch","interaction":{"idSuffix":"I"}},"clearTextFirst":true,"interactionType":"ENTER_TEXT"}]}
RESULT: {"script":"<script> [776 bytes]","args":[{"enterText":"gj2Tk4nG2r","selector":{"id":"application-managepricingrules-display-component---priceInfoItem--smartFilterBar-btnBasicSearch","interaction":{"idSuffix":"I"}},"clearTextFirst":true,"interactionType":"ENTER_TEXT"}]}
COMMAND: POST /session/3ee3b59268b112783f98a37bc72cbb43/actions - {"actions":[{"id":"action30","type":"key","parameters":{},"actions":[{"type":"keyDown","value":"î€‡"},{"type":"pause","duration":10},{"type":"keyUp","value":"î€‡"}]}]}
RESULT: {"actions":[{"id":"action30","type":"key","parameters":{},"actions":[{"type":"keyDown","value":"î€‡"},{"type":"pause","duration":10},{"type":"keyUp","value":"î€‡"}]}]}
COMMAND: GET /session/3ee3b59268b112783f98a37bc72cbb43/screenshot - {}
RESULT: {}
COMMAND: POST /session/3ee3b59268b112783f98a37bc72cbb43/element - {"using":"xpath","value":"//span[@id=\"application-managepricingrules-display-component---priceInfoItem--smartTable-header-inner\"]"}
RESULT: {"using":"xpath","value":"//span[@id=\"application-managepricingrules-display-component---priceInfoItem--smartTable-header-inner\"]"}
COMMAND: POST /session/3ee3b59268b112783f98a37bc72cbb43/elements - {"using":"xpath","value":"//span[@id=\"application-managepricingrules-display-component---priceInfoItem--smartTable-header-inner\"]"}
RESULT: {"using":"xpath","value":"//span[@id=\"application-managepricingrules-display-component---priceInfoItem--smartTable-header-inner\"]"}
COMMAND: POST /session/3ee3b59268b112783f98a37bc72cbb43/execute/sync - {"script":"<script> [56 bytes]","args":[{"element-6066-11e4-a52e-4f735466cecf":"f.DDB2A020B38DABC090658DE2C1C505F0.d.A24B76D2087E79F95271623FFEA782C1.e.7688","ELEMENT":"f.DDB2A020B38DABC090658DE2C1C505F0.d.A24B76D2087E79F95271623FFEA782C1.e.7688"}]}
RESULT: {"script":"<script> [56 bytes]","args":[{"element-6066-11e4-a52e-4f735466cecf":"f.DDB2A020B38DABC090658DE2C1C505F0.d.A24B76D2087E79F95271623FFEA782C1.e.7688","ELEMENT":"f.DDB2A020B38DABC090658DE2C1C505F0.d.A24B76D2087E79F95271623FFEA782C1.e.7688"}]}
COMMAND: POST /session/3ee3b59268b112783f98a37bc72cbb43/element - {"using":"css selector","value":"#shell-header-logo"}
COMMAND: GET /session/3ee3b59268b112783f98a37bc72cbb43/screenshot - {}
RESULT: {"using":"css selector","value":"#shell-header-logo"}
COMMAND: POST /session/3ee3b59268b112783f98a37bc72cbb43/element/f.DDB2A020B38DABC090658DE2C1C505F0.d.A24B76D2087E79F95271623FFEA782C1.e.6698/click - {}
RESULT: {}
RESULT: {}
COMMAND: GET /session/3ee3b59268b112783f98a37bc72cbb43/screenshot - {}
RESULT: {}
]]></system-out>
    </testcase>
    <testcase classname="chrome.137_0_7151_56.windows.Create_master_data_for_mixed_billing_&amp;_do_billing_calculation_US151661" name="Should add one time condition" time="65.969">
      <system-out><![CDATA[
COMMAND: POST /session/3ee3b59268b112783f98a37bc72cbb43/execute/async - {"script":"<script> [1562 bytes]","args":[{"selector":{"controlType":"sap.m.GenericTile","properties":{"header":"Manage Conditions & Prices"}},"wdio_ui5_key":"sapm.GenericTile{\"header\":\"Manage Conditions & Prices\"}"}]}
RESULT: {"script":"<script> [1562 bytes]","args":[{"selector":{"controlType":"sap.m.GenericTile","properties":{"header":"Manage Conditions & Prices"}},"wdio_ui5_key":"sapm.GenericTile{\"header\":\"Manage Conditions & Prices\"}"}]}
RESULT: undefined
COMMAND: POST /session/3ee3b59268b112783f98a37bc72cbb43/element - {"using":"xpath","value":"//*[@id=\"__tile53\"]"}
RESULT: {"using":"xpath","value":"//*[@id=\"__tile53\"]"}
COMMAND: POST /session/3ee3b59268b112783f98a37bc72cbb43/element/f.DDB2A020B38DABC090658DE2C1C505F0.d.A24B76D2087E79F95271623FFEA782C1.e.4398/click - {}
RESULT: {}
COMMAND: GET /session/3ee3b59268b112783f98a37bc72cbb43/screenshot - {}
RESULT: {}
COMMAND: POST /session/3ee3b59268b112783f98a37bc72cbb43/elements - {"using":"xpath","value":"//span[text()='Error']"}
RESULT: {"using":"xpath","value":"//span[text()='Error']"}
COMMAND: POST /session/3ee3b59268b112783f98a37bc72cbb43/element - {"using":"xpath","value":"//button[@aria-label=\"Create\"]"}
RESULT: {"using":"xpath","value":"//button[@aria-label=\"Create\"]"}
COMMAND: POST /session/3ee3b59268b112783f98a37bc72cbb43/elements - {"using":"xpath","value":"//button[@aria-label=\"Create\"]"}
RESULT: {"using":"xpath","value":"//button[@aria-label=\"Create\"]"}
COMMAND: POST /session/3ee3b59268b112783f98a37bc72cbb43/execute/sync - {"script":"<script> [8489 bytes]","args":[{"element-6066-11e4-a52e-4f735466cecf":"f.DDB2A020B38DABC090658DE2C1C505F0.d.A24B76D2087E79F95271623FFEA782C1.e.7723","ELEMENT":"f.DDB2A020B38DABC090658DE2C1C505F0.d.A24B76D2087E79F95271623FFEA782C1.e.7723"}]}
RESULT: {"script":"<script> [8489 bytes]","args":[{"element-6066-11e4-a52e-4f735466cecf":"f.DDB2A020B38DABC090658DE2C1C505F0.d.A24B76D2087E79F95271623FFEA782C1.e.7723","ELEMENT":"f.DDB2A020B38DABC090658DE2C1C505F0.d.A24B76D2087E79F95271623FFEA782C1.e.7723"}]}
COMMAND: GET /session/3ee3b59268b112783f98a37bc72cbb43/element/f.DDB2A020B38DABC090658DE2C1C505F0.d.A24B76D2087E79F95271623FFEA782C1.e.7723/enabled - {}
COMMAND: GET /session/3ee3b59268b112783f98a37bc72cbb43/screenshot - {}
RESULT: {}
COMMAND: POST /session/3ee3b59268b112783f98a37bc72cbb43/execute/sync - {"script":"<script> [8489 bytes]","args":[{"element-6066-11e4-a52e-4f735466cecf":"f.DDB2A020B38DABC090658DE2C1C505F0.d.A24B76D2087E79F95271623FFEA782C1.e.7723","ELEMENT":"f.DDB2A020B38DABC090658DE2C1C505F0.d.A24B76D2087E79F95271623FFEA782C1.e.7723"}]}
COMMAND: GET /session/3ee3b59268b112783f98a37bc72cbb43/screenshot - {}
RESULT: {}
RESULT: {}
RESULT: {"script":"<script> [8489 bytes]","args":[{"element-6066-11e4-a52e-4f735466cecf":"f.DDB2A020B38DABC090658DE2C1C505F0.d.A24B76D2087E79F95271623FFEA782C1.e.7723","ELEMENT":"f.DDB2A020B38DABC090658DE2C1C505F0.d.A24B76D2087E79F95271623FFEA782C1.e.7723"}]}
COMMAND: POST /session/3ee3b59268b112783f98a37bc72cbb43/execute/sync - {"script":"<script> [5351 bytes]","args":[{"element-6066-11e4-a52e-4f735466cecf":"f.DDB2A020B38DABC090658DE2C1C505F0.d.A24B76D2087E79F95271623FFEA782C1.e.7723","ELEMENT":"f.DDB2A020B38DABC090658DE2C1C505F0.d.A24B76D2087E79F95271623FFEA782C1.e.7723"}]}
COMMAND: GET /session/3ee3b59268b112783f98a37bc72cbb43/screenshot - {}
RESULT: {"script":"<script> [5351 bytes]","args":[{"element-6066-11e4-a52e-4f735466cecf":"f.DDB2A020B38DABC090658DE2C1C505F0.d.A24B76D2087E79F95271623FFEA782C1.e.7723","ELEMENT":"f.DDB2A020B38DABC090658DE2C1C505F0.d.A24B76D2087E79F95271623FFEA782C1.e.7723"}]}
COMMAND: POST /session/3ee3b59268b112783f98a37bc72cbb43/element/f.DDB2A020B38DABC090658DE2C1C505F0.d.A24B76D2087E79F95271623FFEA782C1.e.7723/click - {}
COMMAND: GET /session/3ee3b59268b112783f98a37bc72cbb43/screenshot - {}
RESULT: {}
RESULT: {}
COMMAND: GET /session/3ee3b59268b112783f98a37bc72cbb43/screenshot - {}
RESULT: {}
RESULT: {}
COMMAND: POST /session/3ee3b59268b112783f98a37bc72cbb43/actions - {"actions":[{"id":"action31","type":"key","parameters":{},"actions":[{"type":"keyDown","value":"î€‡"},{"type":"pause","duration":10},{"type":"keyUp","value":"î€‡"}]}]}
RESULT: {"actions":[{"id":"action31","type":"key","parameters":{},"actions":[{"type":"keyDown","value":"î€‡"},{"type":"pause","duration":10},{"type":"keyUp","value":"î€‡"}]}]}
COMMAND: GET /session/3ee3b59268b112783f98a37bc72cbb43/screenshot - {}
RESULT: {}
COMMAND: POST /session/3ee3b59268b112783f98a37bc72cbb43/execute/async - {"script":"<script> [1562 bytes]","args":[{"selector":{"id":"application-manageconditionprice-display-component---newCondition--condBillCond-arrow"},"wdio_ui5_key":"applicationmanageconditionprice-display-component---newCondition--condBillCond-arrow"}]}
RESULT: {"script":"<script> [1562 bytes]","args":[{"selector":{"id":"application-manageconditionprice-display-component---newCondition--condBillCond-arrow"},"wdio_ui5_key":"applicationmanageconditionprice-display-component---newCondition--condBillCond-arrow"}]}
RESULT: undefined
COMMAND: POST /session/3ee3b59268b112783f98a37bc72cbb43/element - {"using":"xpath","value":"//*[@id=\"application-manageconditionprice-display-component---newCondition--condBillCond-arrow\"]"}
RESULT: {"using":"xpath","value":"//*[@id=\"application-manageconditionprice-display-component---newCondition--condBillCond-arrow\"]"}
COMMAND: POST /session/3ee3b59268b112783f98a37bc72cbb43/element/f.DDB2A020B38DABC090658DE2C1C505F0.d.A24B76D2087E79F95271623FFEA782C1.e.7895/click - {}
RESULT: {}
COMMAND: GET /session/3ee3b59268b112783f98a37bc72cbb43/screenshot - {}
RESULT: {}
COMMAND: POST /session/3ee3b59268b112783f98a37bc72cbb43/element - {"using":"xpath","value":"//li[.//span[contains(text(), \"SAPR - Sales price\")]]"}
RESULT: {"using":"xpath","value":"//li[.//span[contains(text(), \"SAPR - Sales price\")]]"}
COMMAND: POST /session/3ee3b59268b112783f98a37bc72cbb43/element/f.DDB2A020B38DABC090658DE2C1C505F0.d.A24B76D2087E79F95271623FFEA782C1.e.7898/click - {}
RESULT: {}
COMMAND: GET /session/3ee3b59268b112783f98a37bc72cbb43/screenshot - {}
RESULT: {}
COMMAND: POST /session/3ee3b59268b112783f98a37bc72cbb43/execute/async - {"script":"<script> [1562 bytes]","args":[{"selector":{"id":"application-manageconditionprice-display-component---newCondition--condValidTo","interaction":{"idSuffix":"inner"}},"wdio_ui5_key":"applicationmanageconditionprice-display-component---newCondition--condValidTo"}]}
RESULT: {"script":"<script> [1562 bytes]","args":[{"selector":{"id":"application-manageconditionprice-display-component---newCondition--condValidTo","interaction":{"idSuffix":"inner"}},"wdio_ui5_key":"applicationmanageconditionprice-display-component---newCondition--condValidTo"}]}
RESULT: undefined
COMMAND: POST /session/3ee3b59268b112783f98a37bc72cbb43/execute/async - {"script":"<script> [776 bytes]","args":[{"enterText":"2/4/26","selector":{"id":"application-manageconditionprice-display-component---newCondition--condValidTo","interaction":{"idSuffix":"inner"}},"clearTextFirst":true,"interactionType":"ENTER_TEXT"}]}
RESULT: {"script":"<script> [776 bytes]","args":[{"enterText":"2/4/26","selector":{"id":"application-manageconditionprice-display-component---newCondition--condValidTo","interaction":{"idSuffix":"inner"}},"clearTextFirst":true,"interactionType":"ENTER_TEXT"}]}
COMMAND: POST /session/3ee3b59268b112783f98a37bc72cbb43/element - {"using":"xpath","value":"//input[@id=\"application-manageconditionprice-display-component---newCondition--condRU-inner\"]"}
RESULT: {"using":"xpath","value":"//input[@id=\"application-manageconditionprice-display-component---newCondition--condRU-inner\"]"}
COMMAND: POST /session/3ee3b59268b112783f98a37bc72cbb43/element/f.DDB2A020B38DABC090658DE2C1C505F0.d.A24B76D2087E79F95271623FFEA782C1.e.7765/clear - {}
RESULT: {}
COMMAND: POST /session/3ee3b59268b112783f98a37bc72cbb43/element/f.DDB2A020B38DABC090658DE2C1C505F0.d.A24B76D2087E79F95271623FFEA782C1.e.7765/value - {"text":"gj2Tk4nG2r"}
COMMAND: GET /session/3ee3b59268b112783f98a37bc72cbb43/screenshot - {}
RESULT: {"text":"gj2Tk4nG2r"}
COMMAND: GET /session/3ee3b59268b112783f98a37bc72cbb43/screenshot - {}
RESULT: {}
RESULT: {}
COMMAND: POST /session/3ee3b59268b112783f98a37bc72cbb43/actions - {"actions":[{"id":"action32","type":"key","parameters":{},"actions":[{"type":"keyDown","value":"î€‡"},{"type":"pause","duration":10},{"type":"keyUp","value":"î€‡"}]}]}
RESULT: {"actions":[{"id":"action32","type":"key","parameters":{},"actions":[{"type":"keyDown","value":"î€‡"},{"type":"pause","duration":10},{"type":"keyUp","value":"î€‡"}]}]}
COMMAND: POST /session/3ee3b59268b112783f98a37bc72cbb43/execute/async - {"script":"<script> [1562 bytes]","args":[{"selector":{"id":"application-manageconditionprice-display-component---newCondition--condBaseQty","interaction":{"idSuffix":"inner"}},"wdio_ui5_key":"applicationmanageconditionprice-display-component---newCondition--condBaseQty"}]}
COMMAND: GET /session/3ee3b59268b112783f98a37bc72cbb43/screenshot - {}
RESULT: {"script":"<script> [1562 bytes]","args":[{"selector":{"id":"application-manageconditionprice-display-component---newCondition--condBaseQty","interaction":{"idSuffix":"inner"}},"wdio_ui5_key":"applicationmanageconditionprice-display-component---newCondition--condBaseQty"}]}
RESULT: undefined
COMMAND: POST /session/3ee3b59268b112783f98a37bc72cbb43/execute/async - {"script":"<script> [776 bytes]","args":[{"enterText":"1","selector":{"id":"application-manageconditionprice-display-component---newCondition--condBaseQty","interaction":{"idSuffix":"inner"}},"clearTextFirst":true,"interactionType":"ENTER_TEXT"}]}
RESULT: {}
RESULT: {"script":"<script> [776 bytes]","args":[{"enterText":"1","selector":{"id":"application-manageconditionprice-display-component---newCondition--condBaseQty","interaction":{"idSuffix":"inner"}},"clearTextFirst":true,"interactionType":"ENTER_TEXT"}]}
COMMAND: POST /session/3ee3b59268b112783f98a37bc72cbb43/execute/async - {"script":"<script> [1562 bytes]","args":[{"selector":{"id":"application-manageconditionprice-display-component---newCondition--condValue","interaction":{"idSuffix":"inner"}},"wdio_ui5_key":"applicationmanageconditionprice-display-component---newCondition--condValue"}]}
RESULT: {"script":"<script> [1562 bytes]","args":[{"selector":{"id":"application-manageconditionprice-display-component---newCondition--condValue","interaction":{"idSuffix":"inner"}},"wdio_ui5_key":"applicationmanageconditionprice-display-component---newCondition--condValue"}]}
RESULT: undefined
COMMAND: POST /session/3ee3b59268b112783f98a37bc72cbb43/execute/async - {"script":"<script> [776 bytes]","args":[{"enterText":"200","selector":{"id":"application-manageconditionprice-display-component---newCondition--condValue","interaction":{"idSuffix":"inner"}},"clearTextFirst":true,"interactionType":"ENTER_TEXT"}]}
RESULT: {"script":"<script> [776 bytes]","args":[{"enterText":"200","selector":{"id":"application-manageconditionprice-display-component---newCondition--condValue","interaction":{"idSuffix":"inner"}},"clearTextFirst":true,"interactionType":"ENTER_TEXT"}]}
COMMAND: POST /session/3ee3b59268b112783f98a37bc72cbb43/execute/async - {"script":"<script> [1562 bytes]","args":[{"selector":{"id":"application-manageconditionprice-display-component---newCondition--condCurr-arrow"},"wdio_ui5_key":"applicationmanageconditionprice-display-component---newCondition--condCurr-arrow"}]}
RESULT: {"script":"<script> [1562 bytes]","args":[{"selector":{"id":"application-manageconditionprice-display-component---newCondition--condCurr-arrow"},"wdio_ui5_key":"applicationmanageconditionprice-display-component---newCondition--condCurr-arrow"}]}
RESULT: undefined
COMMAND: POST /session/3ee3b59268b112783f98a37bc72cbb43/element - {"using":"xpath","value":"//*[@id=\"application-manageconditionprice-display-component---newCondition--condCurr-arrow\"]"}
RESULT: {"using":"xpath","value":"//*[@id=\"application-manageconditionprice-display-component---newCondition--condCurr-arrow\"]"}
COMMAND: POST /session/3ee3b59268b112783f98a37bc72cbb43/element/f.DDB2A020B38DABC090658DE2C1C505F0.d.A24B76D2087E79F95271623FFEA782C1.e.7857/click - {}
RESULT: {}
COMMAND: POST /session/3ee3b59268b112783f98a37bc72cbb43/element - {"using":"xpath","value":"//span[contains(text(), \"Euro\")]"}
COMMAND: GET /session/3ee3b59268b112783f98a37bc72cbb43/screenshot - {}
RESULT: {"using":"xpath","value":"//span[contains(text(), \"Euro\")]"}
COMMAND: POST /session/3ee3b59268b112783f98a37bc72cbb43/element/f.DDB2A020B38DABC090658DE2C1C505F0.d.A24B76D2087E79F95271623FFEA782C1.e.7936/click - {}
RESULT: {}
RESULT: {}
COMMAND: POST /session/3ee3b59268b112783f98a37bc72cbb43/element - {"using":"xpath","value":"//button[@data-kt=\"saveButton\"]"}
COMMAND: GET /session/3ee3b59268b112783f98a37bc72cbb43/screenshot - {}
RESULT: {"using":"xpath","value":"//button[@data-kt=\"saveButton\"]"}
COMMAND: POST /session/3ee3b59268b112783f98a37bc72cbb43/element/f.DDB2A020B38DABC090658DE2C1C505F0.d.A24B76D2087E79F95271623FFEA782C1.e.7858/click - {}
RESULT: {}
RESULT: {}
COMMAND: GET /session/3ee3b59268b112783f98a37bc72cbb43/screenshot - {}
RESULT: {}
COMMAND: POST /session/3ee3b59268b112783f98a37bc72cbb43/execute/async - {"script":"<script> [1562 bytes]","args":[{"selector":{"id":"application-manageconditionprice-display-component---conditions--smartFilterBar-btnBasicSearch","interaction":{"idSuffix":"I"}},"wdio_ui5_key":"applicationmanageconditionprice-display-component---conditions--smartFilterBar-btnBasicSearch"}]}
RESULT: {"script":"<script> [1562 bytes]","args":[{"selector":{"id":"application-manageconditionprice-display-component---conditions--smartFilterBar-btnBasicSearch","interaction":{"idSuffix":"I"}},"wdio_ui5_key":"applicationmanageconditionprice-display-component---conditions--smartFilterBar-btnBasicSearch"}]}
RESULT: undefined
COMMAND: POST /session/3ee3b59268b112783f98a37bc72cbb43/execute/async - {"script":"<script> [776 bytes]","args":[{"enterText":"gj2Tk4nG2r","selector":{"id":"application-manageconditionprice-display-component---conditions--smartFilterBar-btnBasicSearch","interaction":{"idSuffix":"I"}},"clearTextFirst":true,"interactionType":"ENTER_TEXT"}]}
RESULT: {"script":"<script> [776 bytes]","args":[{"enterText":"gj2Tk4nG2r","selector":{"id":"application-manageconditionprice-display-component---conditions--smartFilterBar-btnBasicSearch","interaction":{"idSuffix":"I"}},"clearTextFirst":true,"interactionType":"ENTER_TEXT"}]}
COMMAND: POST /session/3ee3b59268b112783f98a37bc72cbb43/actions - {"actions":[{"id":"action33","type":"key","parameters":{},"actions":[{"type":"keyDown","value":"î€‡"},{"type":"pause","duration":10},{"type":"keyUp","value":"î€‡"}]}]}
RESULT: {"actions":[{"id":"action33","type":"key","parameters":{},"actions":[{"type":"keyDown","value":"î€‡"},{"type":"pause","duration":10},{"type":"keyUp","value":"î€‡"}]}]}
COMMAND: GET /session/3ee3b59268b112783f98a37bc72cbb43/screenshot - {}
RESULT: {}
COMMAND: POST /session/3ee3b59268b112783f98a37bc72cbb43/execute/async - {"script":"<script> [1562 bytes]","args":[{"selector":{"id":"application-manageconditionprice-display-component---conditions--smartFilterBar-filterItemControl_BASIC-BILL_TYPES-vhi"},"wdio_ui5_key":"applicationmanageconditionprice-display-component---conditions--smartFilterBar-filterItemControl_BASIC-BILL_TYPES-vhi"}]}
RESULT: {"script":"<script> [1562 bytes]","args":[{"selector":{"id":"application-manageconditionprice-display-component---conditions--smartFilterBar-filterItemControl_BASIC-BILL_TYPES-vhi"},"wdio_ui5_key":"applicationmanageconditionprice-display-component---conditions--smartFilterBar-filterItemControl_BASIC-BILL_TYPES-vhi"}]}
RESULT: undefined
COMMAND: POST /session/3ee3b59268b112783f98a37bc72cbb43/element - {"using":"xpath","value":"//*[@id=\"application-manageconditionprice-display-component---conditions--smartFilterBar-filterItemControl_BASIC-BILL_TYPES-vhi\"]"}
RESULT: {"using":"xpath","value":"//*[@id=\"application-manageconditionprice-display-component---conditions--smartFilterBar-filterItemControl_BASIC-BILL_TYPES-vhi\"]"}
COMMAND: POST /session/3ee3b59268b112783f98a37bc72cbb43/element/f.DDB2A020B38DABC090658DE2C1C505F0.d.A24B76D2087E79F95271623FFEA782C1.e.8042/click - {}
RESULT: {}
COMMAND: POST /session/3ee3b59268b112783f98a37bc72cbb43/execute/async - {"script":"<script> [1562 bytes]","args":[{"selector":{"id":"application-manageconditionprice-display-component---conditions--smartFilterBar-filterItemControl_BASIC-BILL_TYPES-valueHelpDialog-smartFilterBar-btnBasicSearch","searchOpenDialogs":true,"interaction":{"idSuffix":"I"}},"wdio_ui5_key":"applicationmanageconditionprice-display-component---conditions--smartFilterBar-filterItemControl_BASIC-BILL_TYPES-valueHelpDialog-smartFilterBar-btnBasicSearch"}]}
COMMAND: GET /session/3ee3b59268b112783f98a37bc72cbb43/screenshot - {}
RESULT: {"script":"<script> [1562 bytes]","args":[{"selector":{"id":"application-manageconditionprice-display-component---conditions--smartFilterBar-filterItemControl_BASIC-BILL_TYPES-valueHelpDialog-smartFilterBar-btnBasicSearch","searchOpenDialogs":true,"interaction":{"idSuffix":"I"}},"wdio_ui5_key":"applicationmanageconditionprice-display-component---conditions--smartFilterBar-filterItemControl_BASIC-BILL_TYPES-valueHelpDialog-smartFilterBar-btnBasicSearch"}]}
RESULT: undefined
COMMAND: POST /session/3ee3b59268b112783f98a37bc72cbb43/execute/async - {"script":"<script> [776 bytes]","args":[{"enterText":"one","selector":{"id":"application-manageconditionprice-display-component---conditions--smartFilterBar-filterItemControl_BASIC-BILL_TYPES-valueHelpDialog-smartFilterBar-btnBasicSearch","searchOpenDialogs":true,"interaction":{"idSuffix":"I"}},"clearTextFirst":true,"interactionType":"ENTER_TEXT"}]}
RESULT: {}
RESULT: {"script":"<script> [776 bytes]","args":[{"enterText":"one","selector":{"id":"application-manageconditionprice-display-component---conditions--smartFilterBar-filterItemControl_BASIC-BILL_TYPES-valueHelpDialog-smartFilterBar-btnBasicSearch","searchOpenDialogs":true,"interaction":{"idSuffix":"I"}},"clearTextFirst":true,"interactionType":"ENTER_TEXT"}]}
COMMAND: POST /session/3ee3b59268b112783f98a37bc72cbb43/actions - {"actions":[{"id":"action34","type":"key","parameters":{},"actions":[{"type":"keyDown","value":"î€‡"},{"type":"pause","duration":10},{"type":"keyUp","value":"î€‡"}]}]}
RESULT: {"actions":[{"id":"action34","type":"key","parameters":{},"actions":[{"type":"keyDown","value":"î€‡"},{"type":"pause","duration":10},{"type":"keyUp","value":"î€‡"}]}]}
COMMAND: GET /session/3ee3b59268b112783f98a37bc72cbb43/screenshot - {}
RESULT: {}
COMMAND: POST /session/3ee3b59268b112783f98a37bc72cbb43/element - {"using":"xpath","value":"//div[contains(@id, 'application-manageconditionprice-display-component---conditions--smartFilterBar-filterItemControl_BASIC-BILL_TYPES-valueHelpDialog-table-rowsel0')]"}
RESULT: {"using":"xpath","value":"//div[contains(@id, 'application-manageconditionprice-display-component---conditions--smartFilterBar-filterItemControl_BASIC-BILL_TYPES-valueHelpDialog-table-rowsel0')]"}
COMMAND: POST /session/3ee3b59268b112783f98a37bc72cbb43/element/f.DDB2A020B38DABC090658DE2C1C505F0.d.A24B76D2087E79F95271623FFEA782C1.e.8052/click - {}
RESULT: {}
COMMAND: GET /session/3ee3b59268b112783f98a37bc72cbb43/screenshot - {}
RESULT: {}
COMMAND: POST /session/3ee3b59268b112783f98a37bc72cbb43/element - {"using":"xpath","value":"//bdi[contains(text(), \"OK\")]"}
RESULT: {"using":"xpath","value":"//bdi[contains(text(), \"OK\")]"}
COMMAND: POST /session/3ee3b59268b112783f98a37bc72cbb43/element/f.DDB2A020B38DABC090658DE2C1C505F0.d.A24B76D2087E79F95271623FFEA782C1.e.8054/click - {}
RESULT: {}
COMMAND: GET /session/3ee3b59268b112783f98a37bc72cbb43/screenshot - {}
RESULT: {}
COMMAND: POST /session/3ee3b59268b112783f98a37bc72cbb43/element - {"using":"xpath","value":"//span[@id=\"application-manageconditionprice-display-component---conditions--smartTable-header-inner\"]"}
RESULT: {"using":"xpath","value":"//span[@id=\"application-manageconditionprice-display-component---conditions--smartTable-header-inner\"]"}
COMMAND: POST /session/3ee3b59268b112783f98a37bc72cbb43/elements - {"using":"xpath","value":"//span[@id=\"application-manageconditionprice-display-component---conditions--smartTable-header-inner\"]"}
RESULT: {"using":"xpath","value":"//span[@id=\"application-manageconditionprice-display-component---conditions--smartTable-header-inner\"]"}
COMMAND: POST /session/3ee3b59268b112783f98a37bc72cbb43/execute/sync - {"script":"<script> [56 bytes]","args":[{"element-6066-11e4-a52e-4f735466cecf":"f.DDB2A020B38DABC090658DE2C1C505F0.d.A24B76D2087E79F95271623FFEA782C1.e.8057","ELEMENT":"f.DDB2A020B38DABC090658DE2C1C505F0.d.A24B76D2087E79F95271623FFEA782C1.e.8057"}]}
RESULT: {"script":"<script> [56 bytes]","args":[{"element-6066-11e4-a52e-4f735466cecf":"f.DDB2A020B38DABC090658DE2C1C505F0.d.A24B76D2087E79F95271623FFEA782C1.e.8057","ELEMENT":"f.DDB2A020B38DABC090658DE2C1C505F0.d.A24B76D2087E79F95271623FFEA782C1.e.8057"}]}
COMMAND: POST /session/3ee3b59268b112783f98a37bc72cbb43/element - {"using":"css selector","value":"#shell-header-logo"}
COMMAND: GET /session/3ee3b59268b112783f98a37bc72cbb43/screenshot - {}
RESULT: {"using":"css selector","value":"#shell-header-logo"}
COMMAND: POST /session/3ee3b59268b112783f98a37bc72cbb43/element/f.DDB2A020B38DABC090658DE2C1C505F0.d.A24B76D2087E79F95271623FFEA782C1.e.7691/click - {}
RESULT: {}
RESULT: {}
COMMAND: GET /session/3ee3b59268b112783f98a37bc72cbb43/screenshot - {}
RESULT: {}
]]></system-out>
    </testcase>
    <testcase classname="chrome.137_0_7151_56.windows.Create_master_data_for_mixed_billing_&amp;_do_billing_calculation_US151661" name="Should add performance based condition" time="85.223">
      <system-out><![CDATA[
RESULT: undefined
COMMAND: POST /session/3ee3b59268b112783f98a37bc72cbb43/element - {"using":"xpath","value":"//*[@id=\"__tile53\"]"}
RESULT: {"using":"xpath","value":"//*[@id=\"__tile53\"]"}
COMMAND: POST /session/3ee3b59268b112783f98a37bc72cbb43/element/f.DDB2A020B38DABC090658DE2C1C505F0.d.A24B76D2087E79F95271623FFEA782C1.e.4398/click - {}
RESULT: {}
COMMAND: GET /session/3ee3b59268b112783f98a37bc72cbb43/screenshot - {}
RESULT: {}
COMMAND: POST /session/3ee3b59268b112783f98a37bc72cbb43/elements - {"using":"xpath","value":"//span[text()='Error']"}
RESULT: {"using":"xpath","value":"//span[text()='Error']"}
COMMAND: POST /session/3ee3b59268b112783f98a37bc72cbb43/element - {"using":"xpath","value":"//button[@aria-label=\"Create\"]"}
RESULT: {"using":"xpath","value":"//button[@aria-label=\"Create\"]"}
COMMAND: POST /session/3ee3b59268b112783f98a37bc72cbb43/elements - {"using":"xpath","value":"//button[@aria-label=\"Create\"]"}
RESULT: {"using":"xpath","value":"//button[@aria-label=\"Create\"]"}
COMMAND: POST /session/3ee3b59268b112783f98a37bc72cbb43/execute/sync - {"script":"<script> [8489 bytes]","args":[{"element-6066-11e4-a52e-4f735466cecf":"f.DDB2A020B38DABC090658DE2C1C505F0.d.A24B76D2087E79F95271623FFEA782C1.e.8122","ELEMENT":"f.DDB2A020B38DABC090658DE2C1C505F0.d.A24B76D2087E79F95271623FFEA782C1.e.8122"}]}
RESULT: {"script":"<script> [8489 bytes]","args":[{"element-6066-11e4-a52e-4f735466cecf":"f.DDB2A020B38DABC090658DE2C1C505F0.d.A24B76D2087E79F95271623FFEA782C1.e.8122","ELEMENT":"f.DDB2A020B38DABC090658DE2C1C505F0.d.A24B76D2087E79F95271623FFEA782C1.e.8122"}]}
COMMAND: GET /session/3ee3b59268b112783f98a37bc72cbb43/element/f.DDB2A020B38DABC090658DE2C1C505F0.d.A24B76D2087E79F95271623FFEA782C1.e.8122/enabled - {}
COMMAND: GET /session/3ee3b59268b112783f98a37bc72cbb43/screenshot - {}
RESULT: {}
COMMAND: POST /session/3ee3b59268b112783f98a37bc72cbb43/execute/sync - {"script":"<script> [8489 bytes]","args":[{"element-6066-11e4-a52e-4f735466cecf":"f.DDB2A020B38DABC090658DE2C1C505F0.d.A24B76D2087E79F95271623FFEA782C1.e.8122","ELEMENT":"f.DDB2A020B38DABC090658DE2C1C505F0.d.A24B76D2087E79F95271623FFEA782C1.e.8122"}]}
COMMAND: GET /session/3ee3b59268b112783f98a37bc72cbb43/screenshot - {}
RESULT: {}
RESULT: {"script":"<script> [8489 bytes]","args":[{"element-6066-11e4-a52e-4f735466cecf":"f.DDB2A020B38DABC090658DE2C1C505F0.d.A24B76D2087E79F95271623FFEA782C1.e.8122","ELEMENT":"f.DDB2A020B38DABC090658DE2C1C505F0.d.A24B76D2087E79F95271623FFEA782C1.e.8122"}]}
COMMAND: POST /session/3ee3b59268b112783f98a37bc72cbb43/execute/sync - {"script":"<script> [5351 bytes]","args":[{"element-6066-11e4-a52e-4f735466cecf":"f.DDB2A020B38DABC090658DE2C1C505F0.d.A24B76D2087E79F95271623FFEA782C1.e.8122","ELEMENT":"f.DDB2A020B38DABC090658DE2C1C505F0.d.A24B76D2087E79F95271623FFEA782C1.e.8122"}]}
COMMAND: GET /session/3ee3b59268b112783f98a37bc72cbb43/screenshot - {}
RESULT: {}
RESULT: {"script":"<script> [5351 bytes]","args":[{"element-6066-11e4-a52e-4f735466cecf":"f.DDB2A020B38DABC090658DE2C1C505F0.d.A24B76D2087E79F95271623FFEA782C1.e.8122","ELEMENT":"f.DDB2A020B38DABC090658DE2C1C505F0.d.A24B76D2087E79F95271623FFEA782C1.e.8122"}]}
COMMAND: POST /session/3ee3b59268b112783f98a37bc72cbb43/element/f.DDB2A020B38DABC090658DE2C1C505F0.d.A24B76D2087E79F95271623FFEA782C1.e.8122/click - {}
COMMAND: GET /session/3ee3b59268b112783f98a37bc72cbb43/screenshot - {}
RESULT: {}
RESULT: {}
COMMAND: GET /session/3ee3b59268b112783f98a37bc72cbb43/screenshot - {}
RESULT: {}
RESULT: {}
COMMAND: POST /session/3ee3b59268b112783f98a37bc72cbb43/actions - {"actions":[{"id":"action35","type":"key","parameters":{},"actions":[{"type":"keyDown","value":"î€‡"},{"type":"pause","duration":10},{"type":"keyUp","value":"î€‡"}]}]}
RESULT: {"actions":[{"id":"action35","type":"key","parameters":{},"actions":[{"type":"keyDown","value":"î€‡"},{"type":"pause","duration":10},{"type":"keyUp","value":"î€‡"}]}]}
COMMAND: GET /session/3ee3b59268b112783f98a37bc72cbb43/screenshot - {}
RESULT: undefined
COMMAND: POST /session/3ee3b59268b112783f98a37bc72cbb43/element - {"using":"xpath","value":"//*[@id=\"application-manageconditionprice-display-component---newCondition--condBillCond-arrow\"]"}
RESULT: {}
RESULT: {"using":"xpath","value":"//*[@id=\"application-manageconditionprice-display-component---newCondition--condBillCond-arrow\"]"}
COMMAND: POST /session/3ee3b59268b112783f98a37bc72cbb43/element/f.DDB2A020B38DABC090658DE2C1C505F0.d.A24B76D2087E79F95271623FFEA782C1.e.8924/click - {}
RESULT: {}
COMMAND: GET /session/3ee3b59268b112783f98a37bc72cbb43/screenshot - {}
RESULT: {}
COMMAND: POST /session/3ee3b59268b112783f98a37bc72cbb43/element - {"using":"xpath","value":"//li[.//span[contains(text(), \"PC06 - Performance Price - fuel\")]]"}
RESULT: {"using":"xpath","value":"//li[.//span[contains(text(), \"PC06 - Performance Price - fuel\")]]"}
COMMAND: POST /session/3ee3b59268b112783f98a37bc72cbb43/element/f.DDB2A020B38DABC090658DE2C1C505F0.d.A24B76D2087E79F95271623FFEA782C1.e.8927/click - {}
RESULT: {}
COMMAND: GET /session/3ee3b59268b112783f98a37bc72cbb43/screenshot - {}
RESULT: {}
RESULT: undefined
COMMAND: POST /session/3ee3b59268b112783f98a37bc72cbb43/execute/async - {"script":"<script> [776 bytes]","args":[{"enterText":"2/4/26","selector":{"id":"application-manageconditionprice-display-component---newCondition--condValidTo","interaction":{"idSuffix":"inner"}},"clearTextFirst":true,"interactionType":"ENTER_TEXT"}]}
RESULT: {"script":"<script> [776 bytes]","args":[{"enterText":"2/4/26","selector":{"id":"application-manageconditionprice-display-component---newCondition--condValidTo","interaction":{"idSuffix":"inner"}},"clearTextFirst":true,"interactionType":"ENTER_TEXT"}]}
COMMAND: POST /session/3ee3b59268b112783f98a37bc72cbb43/element - {"using":"xpath","value":"//input[@id=\"application-manageconditionprice-display-component---newCondition--condRU-inner\"]"}
RESULT: {"using":"xpath","value":"//input[@id=\"application-manageconditionprice-display-component---newCondition--condRU-inner\"]"}
COMMAND: POST /session/3ee3b59268b112783f98a37bc72cbb43/element/f.DDB2A020B38DABC090658DE2C1C505F0.d.A24B76D2087E79F95271623FFEA782C1.e.8647/clear - {}
RESULT: {}
COMMAND: POST /session/3ee3b59268b112783f98a37bc72cbb43/element/f.DDB2A020B38DABC090658DE2C1C505F0.d.A24B76D2087E79F95271623FFEA782C1.e.8647/value - {"text":"gj2Tk4nG2r"}
COMMAND: GET /session/3ee3b59268b112783f98a37bc72cbb43/screenshot - {}
RESULT: {"text":"gj2Tk4nG2r"}
COMMAND: GET /session/3ee3b59268b112783f98a37bc72cbb43/screenshot - {}
RESULT: {}
RESULT: {}
COMMAND: POST /session/3ee3b59268b112783f98a37bc72cbb43/actions - {"actions":[{"id":"action36","type":"key","parameters":{},"actions":[{"type":"keyDown","value":"î€‡"},{"type":"pause","duration":10},{"type":"keyUp","value":"î€‡"}]}]}
RESULT: {"actions":[{"id":"action36","type":"key","parameters":{},"actions":[{"type":"keyDown","value":"î€‡"},{"type":"pause","duration":10},{"type":"keyUp","value":"î€‡"}]}]}
RESULT: undefined
COMMAND: POST /session/3ee3b59268b112783f98a37bc72cbb43/execute/async - {"script":"<script> [776 bytes]","args":[{"enterText":"1","selector":{"id":"application-manageconditionprice-display-component---newCondition--condBaseQty","interaction":{"idSuffix":"inner"}},"clearTextFirst":true,"interactionType":"ENTER_TEXT"}]}
COMMAND: GET /session/3ee3b59268b112783f98a37bc72cbb43/screenshot - {}
RESULT: {"script":"<script> [776 bytes]","args":[{"enterText":"1","selector":{"id":"application-manageconditionprice-display-component---newCondition--condBaseQty","interaction":{"idSuffix":"inner"}},"clearTextFirst":true,"interactionType":"ENTER_TEXT"}]}
RESULT: undefined
COMMAND: POST /session/3ee3b59268b112783f98a37bc72cbb43/execute/async - {"script":"<script> [776 bytes]","args":[{"enterText":"10","selector":{"id":"application-manageconditionprice-display-component---newCondition--condValue","interaction":{"idSuffix":"inner"}},"clearTextFirst":true,"interactionType":"ENTER_TEXT"}]}
RESULT: {}
RESULT: {"script":"<script> [776 bytes]","args":[{"enterText":"10","selector":{"id":"application-manageconditionprice-display-component---newCondition--condValue","interaction":{"idSuffix":"inner"}},"clearTextFirst":true,"interactionType":"ENTER_TEXT"}]}
RESULT: undefined
COMMAND: POST /session/3ee3b59268b112783f98a37bc72cbb43/element - {"using":"xpath","value":"//*[@id=\"application-manageconditionprice-display-component---newCondition--condCurr-arrow\"]"}
RESULT: {"using":"xpath","value":"//*[@id=\"application-manageconditionprice-display-component---newCondition--condCurr-arrow\"]"}
COMMAND: POST /session/3ee3b59268b112783f98a37bc72cbb43/element/f.DDB2A020B38DABC090658DE2C1C505F0.d.A24B76D2087E79F95271623FFEA782C1.e.8854/click - {}
RESULT: {}
COMMAND: POST /session/3ee3b59268b112783f98a37bc72cbb43/element - {"using":"xpath","value":"//span[contains(text(), \"Euro\")]"}
COMMAND: GET /session/3ee3b59268b112783f98a37bc72cbb43/screenshot - {}
RESULT: {"using":"xpath","value":"//span[contains(text(), \"Euro\")]"}
COMMAND: POST /session/3ee3b59268b112783f98a37bc72cbb43/element/f.DDB2A020B38DABC090658DE2C1C505F0.d.A24B76D2087E79F95271623FFEA782C1.e.8960/click - {}
RESULT: {}
RESULT: {}
COMMAND: POST /session/3ee3b59268b112783f98a37bc72cbb43/element - {"using":"xpath","value":"//button[@data-kt=\"saveButton\"]"}
COMMAND: GET /session/3ee3b59268b112783f98a37bc72cbb43/screenshot - {}
RESULT: {"using":"xpath","value":"//button[@data-kt=\"saveButton\"]"}
COMMAND: POST /session/3ee3b59268b112783f98a37bc72cbb43/element/f.DDB2A020B38DABC090658DE2C1C505F0.d.A24B76D2087E79F95271623FFEA782C1.e.8855/click - {}
RESULT: {}
RESULT: {}
COMMAND: GET /session/3ee3b59268b112783f98a37bc72cbb43/screenshot - {}
RESULT: {}
RESULT: undefined
COMMAND: POST /session/3ee3b59268b112783f98a37bc72cbb43/execute/async - {"script":"<script> [776 bytes]","args":[{"enterText":"gj2Tk4nG2r","selector":{"id":"application-manageconditionprice-display-component---conditions--smartFilterBar-btnBasicSearch","interaction":{"idSuffix":"I"}},"clearTextFirst":true,"interactionType":"ENTER_TEXT"}]}
RESULT: {"script":"<script> [776 bytes]","args":[{"enterText":"gj2Tk4nG2r","selector":{"id":"application-manageconditionprice-display-component---conditions--smartFilterBar-btnBasicSearch","interaction":{"idSuffix":"I"}},"clearTextFirst":true,"interactionType":"ENTER_TEXT"}]}
COMMAND: POST /session/3ee3b59268b112783f98a37bc72cbb43/actions - {"actions":[{"id":"action37","type":"key","parameters":{},"actions":[{"type":"keyDown","value":"î€‡"},{"type":"pause","duration":10},{"type":"keyUp","value":"î€‡"}]}]}
RESULT: {"actions":[{"id":"action37","type":"key","parameters":{},"actions":[{"type":"keyDown","value":"î€‡"},{"type":"pause","duration":10},{"type":"keyUp","value":"î€‡"}]}]}
COMMAND: GET /session/3ee3b59268b112783f98a37bc72cbb43/screenshot - {}
RESULT: {}
RESULT: undefined
COMMAND: POST /session/3ee3b59268b112783f98a37bc72cbb43/element - {"using":"xpath","value":"//*[@id=\"application-manageconditionprice-display-component---conditions--smartFilterBar-filterItemControl_BASIC-BILL_TYPES-vhi\"]"}
RESULT: {"using":"xpath","value":"//*[@id=\"application-manageconditionprice-display-component---conditions--smartFilterBar-filterItemControl_BASIC-BILL_TYPES-vhi\"]"}
COMMAND: POST /session/3ee3b59268b112783f98a37bc72cbb43/element/f.DDB2A020B38DABC090658DE2C1C505F0.d.A24B76D2087E79F95271623FFEA782C1.e.9215/click - {}
RESULT: {}
RESULT: undefined
COMMAND: POST /session/3ee3b59268b112783f98a37bc72cbb43/execute/async - {"script":"<script> [776 bytes]","args":[{"enterText":"PB","selector":{"id":"application-manageconditionprice-display-component---conditions--smartFilterBar-filterItemControl_BASIC-BILL_TYPES-valueHelpDialog-smartFilterBar-btnBasicSearch","searchOpenDialogs":true,"interaction":{"idSuffix":"I"}},"clearTextFirst":true,"interactionType":"ENTER_TEXT"}]}
COMMAND: GET /session/3ee3b59268b112783f98a37bc72cbb43/screenshot - {}
RESULT: {"script":"<script> [776 bytes]","args":[{"enterText":"PB","selector":{"id":"application-manageconditionprice-display-component---conditions--smartFilterBar-filterItemControl_BASIC-BILL_TYPES-valueHelpDialog-smartFilterBar-btnBasicSearch","searchOpenDialogs":true,"interaction":{"idSuffix":"I"}},"clearTextFirst":true,"interactionType":"ENTER_TEXT"}]}
COMMAND: POST /session/3ee3b59268b112783f98a37bc72cbb43/actions - {"actions":[{"id":"action38","type":"key","parameters":{},"actions":[{"type":"keyDown","value":"î€‡"},{"type":"pause","duration":10},{"type":"keyUp","value":"î€‡"}]}]}
RESULT: {}
RESULT: {"actions":[{"id":"action38","type":"key","parameters":{},"actions":[{"type":"keyDown","value":"î€‡"},{"type":"pause","duration":10},{"type":"keyUp","value":"î€‡"}]}]}
COMMAND: GET /session/3ee3b59268b112783f98a37bc72cbb43/screenshot - {}
RESULT: {}
COMMAND: POST /session/3ee3b59268b112783f98a37bc72cbb43/element - {"using":"xpath","value":"//div[contains(@id, 'application-manageconditionprice-display-component---conditions--smartFilterBar-filterItemControl_BASIC-BILL_TYPES-valueHelpDialog-table-rowsel0')]"}
RESULT: {"using":"xpath","value":"//div[contains(@id, 'application-manageconditionprice-display-component---conditions--smartFilterBar-filterItemControl_BASIC-BILL_TYPES-valueHelpDialog-table-rowsel0')]"}
COMMAND: POST /session/3ee3b59268b112783f98a37bc72cbb43/element/f.DDB2A020B38DABC090658DE2C1C505F0.d.A24B76D2087E79F95271623FFEA782C1.e.9222/click - {}
RESULT: {}
COMMAND: GET /session/3ee3b59268b112783f98a37bc72cbb43/screenshot - {}
RESULT: {}
COMMAND: POST /session/3ee3b59268b112783f98a37bc72cbb43/element - {"using":"xpath","value":"//bdi[contains(text(), \"OK\")]"}
RESULT: {"using":"xpath","value":"//bdi[contains(text(), \"OK\")]"}
COMMAND: POST /session/3ee3b59268b112783f98a37bc72cbb43/element/f.DDB2A020B38DABC090658DE2C1C505F0.d.A24B76D2087E79F95271623FFEA782C1.e.9224/click - {}
RESULT: {}
COMMAND: GET /session/3ee3b59268b112783f98a37bc72cbb43/screenshot - {}
RESULT: {}
COMMAND: POST /session/3ee3b59268b112783f98a37bc72cbb43/element - {"using":"xpath","value":"//span[@id=\"application-manageconditionprice-display-component---conditions--smartTable-header-inner\"]"}
RESULT: {"using":"xpath","value":"//span[@id=\"application-manageconditionprice-display-component---conditions--smartTable-header-inner\"]"}
COMMAND: POST /session/3ee3b59268b112783f98a37bc72cbb43/elements - {"using":"xpath","value":"//span[@id=\"application-manageconditionprice-display-component---conditions--smartTable-header-inner\"]"}
RESULT: {"using":"xpath","value":"//span[@id=\"application-manageconditionprice-display-component---conditions--smartTable-header-inner\"]"}
COMMAND: POST /session/3ee3b59268b112783f98a37bc72cbb43/execute/sync - {"script":"<script> [56 bytes]","args":[{"element-6066-11e4-a52e-4f735466cecf":"f.DDB2A020B38DABC090658DE2C1C505F0.d.A24B76D2087E79F95271623FFEA782C1.e.9227","ELEMENT":"f.DDB2A020B38DABC090658DE2C1C505F0.d.A24B76D2087E79F95271623FFEA782C1.e.9227"}]}
RESULT: {"script":"<script> [56 bytes]","args":[{"element-6066-11e4-a52e-4f735466cecf":"f.DDB2A020B38DABC090658DE2C1C505F0.d.A24B76D2087E79F95271623FFEA782C1.e.9227","ELEMENT":"f.DDB2A020B38DABC090658DE2C1C505F0.d.A24B76D2087E79F95271623FFEA782C1.e.9227"}]}
COMMAND: POST /session/3ee3b59268b112783f98a37bc72cbb43/element - {"using":"css selector","value":"#shell-header-logo"}
COMMAND: GET /session/3ee3b59268b112783f98a37bc72cbb43/screenshot - {}
RESULT: {"using":"css selector","value":"#shell-header-logo"}
COMMAND: POST /session/3ee3b59268b112783f98a37bc72cbb43/element/f.DDB2A020B38DABC090658DE2C1C505F0.d.A24B76D2087E79F95271623FFEA782C1.e.8065/click - {}
RESULT: {}
RESULT: {}
COMMAND: GET /session/3ee3b59268b112783f98a37bc72cbb43/screenshot - {}
RESULT: {}
]]></system-out>
    </testcase>
    <testcase classname="chrome.137_0_7151_56.windows.Create_master_data_for_mixed_billing_&amp;_do_billing_calculation_US151661" name="Should add time based condition" time="78.937">
      <system-out><![CDATA[
RESULT: undefined
COMMAND: POST /session/3ee3b59268b112783f98a37bc72cbb43/element - {"using":"xpath","value":"//*[@id=\"__tile53\"]"}
RESULT: {"using":"xpath","value":"//*[@id=\"__tile53\"]"}
COMMAND: POST /session/3ee3b59268b112783f98a37bc72cbb43/element/f.DDB2A020B38DABC090658DE2C1C505F0.d.A24B76D2087E79F95271623FFEA782C1.e.4398/click - {}
RESULT: {}
COMMAND: GET /session/3ee3b59268b112783f98a37bc72cbb43/screenshot - {}
RESULT: {}
COMMAND: POST /session/3ee3b59268b112783f98a37bc72cbb43/elements - {"using":"xpath","value":"//span[text()='Error']"}
RESULT: {"using":"xpath","value":"//span[text()='Error']"}
COMMAND: POST /session/3ee3b59268b112783f98a37bc72cbb43/element - {"using":"xpath","value":"//button[@aria-label=\"Create\"]"}
RESULT: {"using":"xpath","value":"//button[@aria-label=\"Create\"]"}
COMMAND: POST /session/3ee3b59268b112783f98a37bc72cbb43/elements - {"using":"xpath","value":"//button[@aria-label=\"Create\"]"}
RESULT: {"using":"xpath","value":"//button[@aria-label=\"Create\"]"}
COMMAND: POST /session/3ee3b59268b112783f98a37bc72cbb43/execute/sync - {"script":"<script> [8489 bytes]","args":[{"element-6066-11e4-a52e-4f735466cecf":"f.DDB2A020B38DABC090658DE2C1C505F0.d.A24B76D2087E79F95271623FFEA782C1.e.9266","ELEMENT":"f.DDB2A020B38DABC090658DE2C1C505F0.d.A24B76D2087E79F95271623FFEA782C1.e.9266"}]}
RESULT: {"script":"<script> [8489 bytes]","args":[{"element-6066-11e4-a52e-4f735466cecf":"f.DDB2A020B38DABC090658DE2C1C505F0.d.A24B76D2087E79F95271623FFEA782C1.e.9266","ELEMENT":"f.DDB2A020B38DABC090658DE2C1C505F0.d.A24B76D2087E79F95271623FFEA782C1.e.9266"}]}
COMMAND: GET /session/3ee3b59268b112783f98a37bc72cbb43/element/f.DDB2A020B38DABC090658DE2C1C505F0.d.A24B76D2087E79F95271623FFEA782C1.e.9266/enabled - {}
COMMAND: GET /session/3ee3b59268b112783f98a37bc72cbb43/screenshot - {}
RESULT: {}
COMMAND: POST /session/3ee3b59268b112783f98a37bc72cbb43/execute/sync - {"script":"<script> [8489 bytes]","args":[{"element-6066-11e4-a52e-4f735466cecf":"f.DDB2A020B38DABC090658DE2C1C505F0.d.A24B76D2087E79F95271623FFEA782C1.e.9266","ELEMENT":"f.DDB2A020B38DABC090658DE2C1C505F0.d.A24B76D2087E79F95271623FFEA782C1.e.9266"}]}
COMMAND: GET /session/3ee3b59268b112783f98a37bc72cbb43/screenshot - {}
RESULT: {}
RESULT: {"script":"<script> [8489 bytes]","args":[{"element-6066-11e4-a52e-4f735466cecf":"f.DDB2A020B38DABC090658DE2C1C505F0.d.A24B76D2087E79F95271623FFEA782C1.e.9266","ELEMENT":"f.DDB2A020B38DABC090658DE2C1C505F0.d.A24B76D2087E79F95271623FFEA782C1.e.9266"}]}
COMMAND: POST /session/3ee3b59268b112783f98a37bc72cbb43/execute/sync - {"script":"<script> [5351 bytes]","args":[{"element-6066-11e4-a52e-4f735466cecf":"f.DDB2A020B38DABC090658DE2C1C505F0.d.A24B76D2087E79F95271623FFEA782C1.e.9266","ELEMENT":"f.DDB2A020B38DABC090658DE2C1C505F0.d.A24B76D2087E79F95271623FFEA782C1.e.9266"}]}
COMMAND: GET /session/3ee3b59268b112783f98a37bc72cbb43/screenshot - {}
RESULT: {}
RESULT: {"script":"<script> [5351 bytes]","args":[{"element-6066-11e4-a52e-4f735466cecf":"f.DDB2A020B38DABC090658DE2C1C505F0.d.A24B76D2087E79F95271623FFEA782C1.e.9266","ELEMENT":"f.DDB2A020B38DABC090658DE2C1C505F0.d.A24B76D2087E79F95271623FFEA782C1.e.9266"}]}
COMMAND: POST /session/3ee3b59268b112783f98a37bc72cbb43/element/f.DDB2A020B38DABC090658DE2C1C505F0.d.A24B76D2087E79F95271623FFEA782C1.e.9266/click - {}
COMMAND: GET /session/3ee3b59268b112783f98a37bc72cbb43/screenshot - {}
RESULT: {}
RESULT: {}
COMMAND: GET /session/3ee3b59268b112783f98a37bc72cbb43/screenshot - {}
RESULT: {}
RESULT: {}
COMMAND: POST /session/3ee3b59268b112783f98a37bc72cbb43/actions - {"actions":[{"id":"action39","type":"key","parameters":{},"actions":[{"type":"keyDown","value":"î€‡"},{"type":"pause","duration":10},{"type":"keyUp","value":"î€‡"}]}]}
RESULT: {"actions":[{"id":"action39","type":"key","parameters":{},"actions":[{"type":"keyDown","value":"î€‡"},{"type":"pause","duration":10},{"type":"keyUp","value":"î€‡"}]}]}
COMMAND: GET /session/3ee3b59268b112783f98a37bc72cbb43/screenshot - {}
RESULT: undefined
COMMAND: POST /session/3ee3b59268b112783f98a37bc72cbb43/element - {"using":"xpath","value":"//*[@id=\"application-manageconditionprice-display-component---newCondition--condBillCond-arrow\"]"}
RESULT: {}
RESULT: {"using":"xpath","value":"//*[@id=\"application-manageconditionprice-display-component---newCondition--condBillCond-arrow\"]"}
COMMAND: POST /session/3ee3b59268b112783f98a37bc72cbb43/element/f.DDB2A020B38DABC090658DE2C1C505F0.d.A24B76D2087E79F95271623FFEA782C1.e.9745/click - {}
RESULT: {}
COMMAND: GET /session/3ee3b59268b112783f98a37bc72cbb43/screenshot - {}
RESULT: {}
COMMAND: POST /session/3ee3b59268b112783f98a37bc72cbb43/element - {"using":"xpath","value":"//li[.//span[contains(text(), \"DISP - D&I special price\")]]"}
RESULT: {"using":"xpath","value":"//li[.//span[contains(text(), \"DISP - D&I special price\")]]"}
COMMAND: POST /session/3ee3b59268b112783f98a37bc72cbb43/element/f.DDB2A020B38DABC090658DE2C1C505F0.d.A24B76D2087E79F95271623FFEA782C1.e.9748/click - {}
RESULT: {}
COMMAND: GET /session/3ee3b59268b112783f98a37bc72cbb43/screenshot - {}
RESULT: undefined
COMMAND: POST /session/3ee3b59268b112783f98a37bc72cbb43/execute/async - {"script":"<script> [776 bytes]","args":[{"enterText":"2/4/26","selector":{"id":"application-manageconditionprice-display-component---newCondition--condValidTo","interaction":{"idSuffix":"inner"}},"clearTextFirst":true,"interactionType":"ENTER_TEXT"}]}
RESULT: {}
RESULT: {"script":"<script> [776 bytes]","args":[{"enterText":"2/4/26","selector":{"id":"application-manageconditionprice-display-component---newCondition--condValidTo","interaction":{"idSuffix":"inner"}},"clearTextFirst":true,"interactionType":"ENTER_TEXT"}]}
COMMAND: POST /session/3ee3b59268b112783f98a37bc72cbb43/element - {"using":"xpath","value":"//input[@id=\"application-manageconditionprice-display-component---newCondition--condRU-inner\"]"}
RESULT: {"using":"xpath","value":"//input[@id=\"application-manageconditionprice-display-component---newCondition--condRU-inner\"]"}
COMMAND: POST /session/3ee3b59268b112783f98a37bc72cbb43/element/f.DDB2A020B38DABC090658DE2C1C505F0.d.A24B76D2087E79F95271623FFEA782C1.e.9469/clear - {}
RESULT: {}
COMMAND: POST /session/3ee3b59268b112783f98a37bc72cbb43/element/f.DDB2A020B38DABC090658DE2C1C505F0.d.A24B76D2087E79F95271623FFEA782C1.e.9469/value - {"text":"gj2Tk4nG2r"}
COMMAND: GET /session/3ee3b59268b112783f98a37bc72cbb43/screenshot - {}
RESULT: {"text":"gj2Tk4nG2r"}
COMMAND: GET /session/3ee3b59268b112783f98a37bc72cbb43/screenshot - {}
RESULT: {}
RESULT: {}
COMMAND: POST /session/3ee3b59268b112783f98a37bc72cbb43/actions - {"actions":[{"id":"action40","type":"key","parameters":{},"actions":[{"type":"keyDown","value":"î€‡"},{"type":"pause","duration":10},{"type":"keyUp","value":"î€‡"}]}]}
RESULT: {"actions":[{"id":"action40","type":"key","parameters":{},"actions":[{"type":"keyDown","value":"î€‡"},{"type":"pause","duration":10},{"type":"keyUp","value":"î€‡"}]}]}
RESULT: undefined
COMMAND: POST /session/3ee3b59268b112783f98a37bc72cbb43/execute/async - {"script":"<script> [776 bytes]","args":[{"enterText":"1","selector":{"id":"application-manageconditionprice-display-component---newCondition--condBaseQty","interaction":{"idSuffix":"inner"}},"clearTextFirst":true,"interactionType":"ENTER_TEXT"}]}
COMMAND: GET /session/3ee3b59268b112783f98a37bc72cbb43/screenshot - {}
RESULT: {"script":"<script> [776 bytes]","args":[{"enterText":"1","selector":{"id":"application-manageconditionprice-display-component---newCondition--condBaseQty","interaction":{"idSuffix":"inner"}},"clearTextFirst":true,"interactionType":"ENTER_TEXT"}]}
RESULT: undefined
COMMAND: POST /session/3ee3b59268b112783f98a37bc72cbb43/execute/async - {"script":"<script> [776 bytes]","args":[{"enterText":"100","selector":{"id":"application-manageconditionprice-display-component---newCondition--condValue","interaction":{"idSuffix":"inner"}},"clearTextFirst":true,"interactionType":"ENTER_TEXT"}]}
RESULT: {}
RESULT: {"script":"<script> [776 bytes]","args":[{"enterText":"100","selector":{"id":"application-manageconditionprice-display-component---newCondition--condValue","interaction":{"idSuffix":"inner"}},"clearTextFirst":true,"interactionType":"ENTER_TEXT"}]}
RESULT: undefined
COMMAND: POST /session/3ee3b59268b112783f98a37bc72cbb43/element - {"using":"xpath","value":"//*[@id=\"application-manageconditionprice-display-component---newCondition--condCurr-arrow\"]"}
RESULT: {"using":"xpath","value":"//*[@id=\"application-manageconditionprice-display-component---newCondition--condCurr-arrow\"]"}
COMMAND: POST /session/3ee3b59268b112783f98a37bc72cbb43/element/f.DDB2A020B38DABC090658DE2C1C505F0.d.A24B76D2087E79F95271623FFEA782C1.e.9693/click - {}
RESULT: {}
COMMAND: POST /session/3ee3b59268b112783f98a37bc72cbb43/element - {"using":"xpath","value":"//span[contains(text(), \"Euro\")]"}
COMMAND: GET /session/3ee3b59268b112783f98a37bc72cbb43/screenshot - {}
RESULT: {"using":"xpath","value":"//span[contains(text(), \"Euro\")]"}
COMMAND: POST /session/3ee3b59268b112783f98a37bc72cbb43/element/f.DDB2A020B38DABC090658DE2C1C505F0.d.A24B76D2087E79F95271623FFEA782C1.e.9781/click - {}
RESULT: {}
RESULT: {}
COMMAND: POST /session/3ee3b59268b112783f98a37bc72cbb43/element - {"using":"xpath","value":"//button[@data-kt=\"saveButton\"]"}
COMMAND: GET /session/3ee3b59268b112783f98a37bc72cbb43/screenshot - {}
RESULT: {"using":"xpath","value":"//button[@data-kt=\"saveButton\"]"}
COMMAND: POST /session/3ee3b59268b112783f98a37bc72cbb43/element/f.DDB2A020B38DABC090658DE2C1C505F0.d.A24B76D2087E79F95271623FFEA782C1.e.9694/click - {}
RESULT: {}
RESULT: {}
COMMAND: GET /session/3ee3b59268b112783f98a37bc72cbb43/screenshot - {}
RESULT: {}
RESULT: undefined
COMMAND: POST /session/3ee3b59268b112783f98a37bc72cbb43/execute/async - {"script":"<script> [776 bytes]","args":[{"enterText":"gj2Tk4nG2r","selector":{"id":"application-manageconditionprice-display-component---conditions--smartFilterBar-btnBasicSearch","interaction":{"idSuffix":"I"}},"clearTextFirst":true,"interactionType":"ENTER_TEXT"}]}
RESULT: {"script":"<script> [776 bytes]","args":[{"enterText":"gj2Tk4nG2r","selector":{"id":"application-manageconditionprice-display-component---conditions--smartFilterBar-btnBasicSearch","interaction":{"idSuffix":"I"}},"clearTextFirst":true,"interactionType":"ENTER_TEXT"}]}
COMMAND: POST /session/3ee3b59268b112783f98a37bc72cbb43/actions - {"actions":[{"id":"action41","type":"key","parameters":{},"actions":[{"type":"keyDown","value":"î€‡"},{"type":"pause","duration":10},{"type":"keyUp","value":"î€‡"}]}]}
RESULT: {"actions":[{"id":"action41","type":"key","parameters":{},"actions":[{"type":"keyDown","value":"î€‡"},{"type":"pause","duration":10},{"type":"keyUp","value":"î€‡"}]}]}
COMMAND: GET /session/3ee3b59268b112783f98a37bc72cbb43/screenshot - {}
RESULT: {}
RESULT: undefined
COMMAND: POST /session/3ee3b59268b112783f98a37bc72cbb43/element - {"using":"xpath","value":"//*[@id=\"application-manageconditionprice-display-component---conditions--smartFilterBar-filterItemControl_BASIC-BILL_TYPES-vhi\"]"}
RESULT: {"using":"xpath","value":"//*[@id=\"application-manageconditionprice-display-component---conditions--smartFilterBar-filterItemControl_BASIC-BILL_TYPES-vhi\"]"}
COMMAND: POST /session/3ee3b59268b112783f98a37bc72cbb43/element/f.DDB2A020B38DABC090658DE2C1C505F0.d.A24B76D2087E79F95271623FFEA782C1.e.10008/click - {}
RESULT: {}
RESULT: undefined
COMMAND: POST /session/3ee3b59268b112783f98a37bc72cbb43/execute/async - {"script":"<script> [776 bytes]","args":[{"enterText":"TB","selector":{"id":"application-manageconditionprice-display-component---conditions--smartFilterBar-filterItemControl_BASIC-BILL_TYPES-valueHelpDialog-smartFilterBar-btnBasicSearch","searchOpenDialogs":true,"interaction":{"idSuffix":"I"}},"clearTextFirst":true,"interactionType":"ENTER_TEXT"}]}
COMMAND: GET /session/3ee3b59268b112783f98a37bc72cbb43/screenshot - {}
RESULT: {"script":"<script> [776 bytes]","args":[{"enterText":"TB","selector":{"id":"application-manageconditionprice-display-component---conditions--smartFilterBar-filterItemControl_BASIC-BILL_TYPES-valueHelpDialog-smartFilterBar-btnBasicSearch","searchOpenDialogs":true,"interaction":{"idSuffix":"I"}},"clearTextFirst":true,"interactionType":"ENTER_TEXT"}]}
COMMAND: POST /session/3ee3b59268b112783f98a37bc72cbb43/actions - {"actions":[{"id":"action42","type":"key","parameters":{},"actions":[{"type":"keyDown","value":"î€‡"},{"type":"pause","duration":10},{"type":"keyUp","value":"î€‡"}]}]}
RESULT: {}
RESULT: {"actions":[{"id":"action42","type":"key","parameters":{},"actions":[{"type":"keyDown","value":"î€‡"},{"type":"pause","duration":10},{"type":"keyUp","value":"î€‡"}]}]}
COMMAND: GET /session/3ee3b59268b112783f98a37bc72cbb43/screenshot - {}
RESULT: {}
COMMAND: POST /session/3ee3b59268b112783f98a37bc72cbb43/element - {"using":"xpath","value":"//div[contains(@id, 'application-manageconditionprice-display-component---conditions--smartFilterBar-filterItemControl_BASIC-BILL_TYPES-valueHelpDialog-table-rowsel0')]"}
RESULT: {"using":"xpath","value":"//div[contains(@id, 'application-manageconditionprice-display-component---conditions--smartFilterBar-filterItemControl_BASIC-BILL_TYPES-valueHelpDialog-table-rowsel0')]"}
COMMAND: POST /session/3ee3b59268b112783f98a37bc72cbb43/element/f.DDB2A020B38DABC090658DE2C1C505F0.d.A24B76D2087E79F95271623FFEA782C1.e.10016/click - {}
RESULT: {}
COMMAND: GET /session/3ee3b59268b112783f98a37bc72cbb43/screenshot - {}
RESULT: {}
COMMAND: POST /session/3ee3b59268b112783f98a37bc72cbb43/element - {"using":"xpath","value":"//bdi[contains(text(), \"OK\")]"}
RESULT: {"using":"xpath","value":"//bdi[contains(text(), \"OK\")]"}
COMMAND: POST /session/3ee3b59268b112783f98a37bc72cbb43/element/f.DDB2A020B38DABC090658DE2C1C505F0.d.A24B76D2087E79F95271623FFEA782C1.e.10018/click - {}
RESULT: {}
COMMAND: GET /session/3ee3b59268b112783f98a37bc72cbb43/screenshot - {}
COMMAND: POST /session/3ee3b59268b112783f98a37bc72cbb43/element - {"using":"xpath","value":"//span[@id=\"application-manageconditionprice-display-component---conditions--smartTable-header-inner\"]"}
RESULT: {}
RESULT: {"using":"xpath","value":"//span[@id=\"application-manageconditionprice-display-component---conditions--smartTable-header-inner\"]"}
COMMAND: POST /session/3ee3b59268b112783f98a37bc72cbb43/elements - {"using":"xpath","value":"//span[@id=\"application-manageconditionprice-display-component---conditions--smartTable-header-inner\"]"}
RESULT: {"using":"xpath","value":"//span[@id=\"application-manageconditionprice-display-component---conditions--smartTable-header-inner\"]"}
COMMAND: POST /session/3ee3b59268b112783f98a37bc72cbb43/execute/sync - {"script":"<script> [56 bytes]","args":[{"element-6066-11e4-a52e-4f735466cecf":"f.DDB2A020B38DABC090658DE2C1C505F0.d.A24B76D2087E79F95271623FFEA782C1.e.10055","ELEMENT":"f.DDB2A020B38DABC090658DE2C1C505F0.d.A24B76D2087E79F95271623FFEA782C1.e.10055"}]}
RESULT: {"script":"<script> [56 bytes]","args":[{"element-6066-11e4-a52e-4f735466cecf":"f.DDB2A020B38DABC090658DE2C1C505F0.d.A24B76D2087E79F95271623FFEA782C1.e.10055","ELEMENT":"f.DDB2A020B38DABC090658DE2C1C505F0.d.A24B76D2087E79F95271623FFEA782C1.e.10055"}]}
COMMAND: POST /session/3ee3b59268b112783f98a37bc72cbb43/element - {"using":"css selector","value":"#shell-header-logo"}
COMMAND: GET /session/3ee3b59268b112783f98a37bc72cbb43/screenshot - {}
RESULT: {"using":"css selector","value":"#shell-header-logo"}
COMMAND: POST /session/3ee3b59268b112783f98a37bc72cbb43/element/f.DDB2A020B38DABC090658DE2C1C505F0.d.A24B76D2087E79F95271623FFEA782C1.e.9232/click - {}
RESULT: {}
RESULT: {}
COMMAND: GET /session/3ee3b59268b112783f98a37bc72cbb43/screenshot - {}
RESULT: {}
]]></system-out>
    </testcase>
  </testsuite>
  <testsuite timestamp="2025-06-04T17:45:51" time="806.648" tests="13" failures="6" errors="6" skipped="0">
    <properties>
      <property name="specId" value="0" />
      <property name="suiteName" value="Performance based billing (work days) US139742" />
      <property name="capabilities" value="chrome.137_0_7151_56.windows" />
      <property name="file" value="file:///D:/a/1/s/test/specs/BTS/billing-performance-workdays.spec.js" />
    </properties>
    <testcase classname="chrome.137_0_7151_56.windows.Performance_based_billing_(work_days)_US139742" name="Should create a new yard" time="0.022">
      <system-out><![CDATA[
COMMAND: POST /session/3ee3b59268b112783f98a37bc72cbb43/window/fullscreen - {}
RESULT: {}
]]></system-out>
    </testcase>
    <testcase classname="chrome.137_0_7151_56.windows.Performance_based_billing_(work_days)_US139742" name="Should create a new partner" time="0.002" />
    <testcase classname="chrome.137_0_7151_56.windows.Performance_based_billing_(work_days)_US139742" name="Should create a new site" time="0.002" />
    <testcase classname="chrome.137_0_7151_56.windows.Performance_based_billing_(work_days)_US139742" name="Should do prerequisite steps add equipment" time="149.238">
      <system-out><![CDATA[
COMMAND: POST /session/3ee3b59268b112783f98a37bc72cbb43/execute/async - {"script":"<script> [1562 bytes]","args":[{"selector":{"controlType":"sap.m.GenericTile","properties":{"header":"Manage Resources"}},"wdio_ui5_key":"sapm.GenericTile{\"header\":\"Manage Resources\"}"}]}
RESULT: {"script":"<script> [1562 bytes]","args":[{"selector":{"controlType":"sap.m.GenericTile","properties":{"header":"Manage Resources"}},"wdio_ui5_key":"sapm.GenericTile{\"header\":\"Manage Resources\"}"}]}
RESULT: undefined
COMMAND: POST /session/3ee3b59268b112783f98a37bc72cbb43/element - {"using":"xpath","value":"//*[@id=\"__tile39\"]"}
RESULT: {"using":"xpath","value":"//*[@id=\"__tile39\"]"}
COMMAND: POST /session/3ee3b59268b112783f98a37bc72cbb43/element/f.DDB2A020B38DABC090658DE2C1C505F0.d.2C1AF3349DC14A75D591088E817C74D6.e.10637/click - {}
RESULT: {}
COMMAND: GET /session/3ee3b59268b112783f98a37bc72cbb43/screenshot - {}
RESULT: {}
COMMAND: POST /session/3ee3b59268b112783f98a37bc72cbb43/elements - {"using":"xpath","value":"//span[text()='Error']"}
RESULT: {"using":"xpath","value":"//span[text()='Error']"}
COMMAND: POST /session/3ee3b59268b112783f98a37bc72cbb43/element - {"using":"xpath","value":"//button[@data-kt=\"addNewRUOverflowToolbarButton\"]"}
RESULT: {"using":"xpath","value":"//button[@data-kt=\"addNewRUOverflowToolbarButton\"]"}
COMMAND: POST /session/3ee3b59268b112783f98a37bc72cbb43/elements - {"using":"xpath","value":"//button[@data-kt=\"addNewRUOverflowToolbarButton\"]"}
RESULT: {"using":"xpath","value":"//button[@data-kt=\"addNewRUOverflowToolbarButton\"]"}
COMMAND: POST /session/3ee3b59268b112783f98a37bc72cbb43/elements - {"using":"xpath","value":"//button[@data-kt=\"addNewRUOverflowToolbarButton\"]"}
RESULT: {"using":"xpath","value":"//button[@data-kt=\"addNewRUOverflowToolbarButton\"]"}
COMMAND: POST /session/3ee3b59268b112783f98a37bc72cbb43/elements - {"using":"xpath","value":"//button[@data-kt=\"addNewRUOverflowToolbarButton\"]"}
RESULT: {"using":"xpath","value":"//button[@data-kt=\"addNewRUOverflowToolbarButton\"]"}
COMMAND: POST /session/3ee3b59268b112783f98a37bc72cbb43/element - {"using":"xpath","value":"//button[@data-kt=\"addNewRUOverflowToolbarButton\"]"}
RESULT: {"using":"xpath","value":"//button[@data-kt=\"addNewRUOverflowToolbarButton\"]"}
COMMAND: POST /session/3ee3b59268b112783f98a37bc72cbb43/execute/sync - {"script":"<script> [8489 bytes]","args":[{"element-6066-11e4-a52e-4f735466cecf":"f.DDB2A020B38DABC090658DE2C1C505F0.d.2C1AF3349DC14A75D591088E817C74D6.e.10775","ELEMENT":"f.DDB2A020B38DABC090658DE2C1C505F0.d.2C1AF3349DC14A75D591088E817C74D6.e.10775"}]}
RESULT: {"script":"<script> [8489 bytes]","args":[{"element-6066-11e4-a52e-4f735466cecf":"f.DDB2A020B38DABC090658DE2C1C505F0.d.2C1AF3349DC14A75D591088E817C74D6.e.10775","ELEMENT":"f.DDB2A020B38DABC090658DE2C1C505F0.d.2C1AF3349DC14A75D591088E817C74D6.e.10775"}]}
COMMAND: GET /session/3ee3b59268b112783f98a37bc72cbb43/element/f.DDB2A020B38DABC090658DE2C1C505F0.d.2C1AF3349DC14A75D591088E817C74D6.e.10775/enabled - {}
COMMAND: GET /session/3ee3b59268b112783f98a37bc72cbb43/screenshot - {}
RESULT: {}
COMMAND: POST /session/3ee3b59268b112783f98a37bc72cbb43/execute/sync - {"script":"<script> [8489 bytes]","args":[{"element-6066-11e4-a52e-4f735466cecf":"f.DDB2A020B38DABC090658DE2C1C505F0.d.2C1AF3349DC14A75D591088E817C74D6.e.10775","ELEMENT":"f.DDB2A020B38DABC090658DE2C1C505F0.d.2C1AF3349DC14A75D591088E817C74D6.e.10775"}]}
COMMAND: GET /session/3ee3b59268b112783f98a37bc72cbb43/screenshot - {}
RESULT: {}
RESULT: {"script":"<script> [8489 bytes]","args":[{"element-6066-11e4-a52e-4f735466cecf":"f.DDB2A020B38DABC090658DE2C1C505F0.d.2C1AF3349DC14A75D591088E817C74D6.e.10775","ELEMENT":"f.DDB2A020B38DABC090658DE2C1C505F0.d.2C1AF3349DC14A75D591088E817C74D6.e.10775"}]}
COMMAND: POST /session/3ee3b59268b112783f98a37bc72cbb43/execute/sync - {"script":"<script> [5351 bytes]","args":[{"element-6066-11e4-a52e-4f735466cecf":"f.DDB2A020B38DABC090658DE2C1C505F0.d.2C1AF3349DC14A75D591088E817C74D6.e.10775","ELEMENT":"f.DDB2A020B38DABC090658DE2C1C505F0.d.2C1AF3349DC14A75D591088E817C74D6.e.10775"}]}
COMMAND: GET /session/3ee3b59268b112783f98a37bc72cbb43/screenshot - {}
RESULT: {}
RESULT: {"script":"<script> [5351 bytes]","args":[{"element-6066-11e4-a52e-4f735466cecf":"f.DDB2A020B38DABC090658DE2C1C505F0.d.2C1AF3349DC14A75D591088E817C74D6.e.10775","ELEMENT":"f.DDB2A020B38DABC090658DE2C1C505F0.d.2C1AF3349DC14A75D591088E817C74D6.e.10775"}]}
COMMAND: POST /session/3ee3b59268b112783f98a37bc72cbb43/element/f.DDB2A020B38DABC090658DE2C1C505F0.d.2C1AF3349DC14A75D591088E817C74D6.e.10775/click - {}
COMMAND: GET /session/3ee3b59268b112783f98a37bc72cbb43/screenshot - {}
RESULT: {}
RESULT: {}
COMMAND: GET /session/3ee3b59268b112783f98a37bc72cbb43/screenshot - {}
RESULT: {}
COMMAND: POST /session/3ee3b59268b112783f98a37bc72cbb43/execute/async - {"script":"<script> [1562 bytes]","args":[{"selector":{"id":"application-manageresources-display-component---newResourceUnit--TYPE-arrow"},"wdio_ui5_key":"applicationmanageresources-display-component---newResourceUnit--TYPE-arrow"}]}
RESULT: {}
RESULT: {"script":"<script> [1562 bytes]","args":[{"selector":{"id":"application-manageresources-display-component---newResourceUnit--TYPE-arrow"},"wdio_ui5_key":"applicationmanageresources-display-component---newResourceUnit--TYPE-arrow"}]}
RESULT: undefined
COMMAND: POST /session/3ee3b59268b112783f98a37bc72cbb43/element - {"using":"xpath","value":"//*[@id=\"application-manageresources-display-component---newResourceUnit--TYPE-arrow\"]"}
RESULT: {"using":"xpath","value":"//*[@id=\"application-manageresources-display-component---newResourceUnit--TYPE-arrow\"]"}
COMMAND: POST /session/3ee3b59268b112783f98a37bc72cbb43/element/f.DDB2A020B38DABC090658DE2C1C505F0.d.2C1AF3349DC14A75D591088E817C74D6.e.11139/click - {}
RESULT: {}
COMMAND: POST /session/3ee3b59268b112783f98a37bc72cbb43/element - {"using":"xpath","value":"//input[@id=\"application-manageresources-display-component---newResourceUnit--TYPE-inner\"]"}
COMMAND: GET /session/3ee3b59268b112783f98a37bc72cbb43/screenshot - {}
RESULT: {"using":"xpath","value":"//input[@id=\"application-manageresources-display-component---newResourceUnit--TYPE-inner\"]"}
COMMAND: POST /session/3ee3b59268b112783f98a37bc72cbb43/element/f.DDB2A020B38DABC090658DE2C1C505F0.d.2C1AF3349DC14A75D591088E817C74D6.e.11130/clear - {}
RESULT: {}
RESULT: {}
COMMAND: POST /session/3ee3b59268b112783f98a37bc72cbb43/element/f.DDB2A020B38DABC090658DE2C1C505F0.d.2C1AF3349DC14A75D591088E817C74D6.e.11130/value - {"text":"Equipment"}
COMMAND: GET /session/3ee3b59268b112783f98a37bc72cbb43/screenshot - {}
RESULT: {"text":"Equipment"}
COMMAND: GET /session/3ee3b59268b112783f98a37bc72cbb43/screenshot - {}
RESULT: {}
RESULT: {}
COMMAND: POST /session/3ee3b59268b112783f98a37bc72cbb43/actions - {"actions":[{"id":"action45","type":"key","parameters":{},"actions":[{"type":"keyDown","value":"î€‡"},{"type":"pause","duration":10},{"type":"keyUp","value":"î€‡"}]}]}
RESULT: {"actions":[{"id":"action45","type":"key","parameters":{},"actions":[{"type":"keyDown","value":"î€‡"},{"type":"pause","duration":10},{"type":"keyUp","value":"î€‡"}]}]}
COMMAND: POST /session/3ee3b59268b112783f98a37bc72cbb43/execute/async - {"script":"<script> [1562 bytes]","args":[{"selector":{"id":"application-manageresources-display-component---newResourceUnit--resourceId","interaction":{"idSuffix":"inner"}},"wdio_ui5_key":"applicationmanageresources-display-component---newResourceUnit--resourceId"}]}
COMMAND: GET /session/3ee3b59268b112783f98a37bc72cbb43/screenshot - {}
RESULT: {"script":"<script> [1562 bytes]","args":[{"selector":{"id":"application-manageresources-display-component---newResourceUnit--resourceId","interaction":{"idSuffix":"inner"}},"wdio_ui5_key":"applicationmanageresources-display-component---newResourceUnit--resourceId"}]}
RESULT: undefined
COMMAND: POST /session/3ee3b59268b112783f98a37bc72cbb43/execute/async - {"script":"<script> [776 bytes]","args":[{"enterText":"KcpmxnzYhb","selector":{"id":"application-manageresources-display-component---newResourceUnit--resourceId","interaction":{"idSuffix":"inner"}},"clearTextFirst":true,"interactionType":"ENTER_TEXT"}]}
RESULT: {}
RESULT: {"script":"<script> [776 bytes]","args":[{"enterText":"KcpmxnzYhb","selector":{"id":"application-manageresources-display-component---newResourceUnit--resourceId","interaction":{"idSuffix":"inner"}},"clearTextFirst":true,"interactionType":"ENTER_TEXT"}]}
COMMAND: POST /session/3ee3b59268b112783f98a37bc72cbb43/execute/async - {"script":"<script> [1562 bytes]","args":[{"selector":{"id":"application-manageresources-display-component---newResourceUnit--SHORT_TEXT","interaction":{"idSuffix":"inner"}},"wdio_ui5_key":"applicationmanageresources-display-component---newResourceUnit--SHORT_TEXT"}]}
RESULT: {"script":"<script> [1562 bytes]","args":[{"selector":{"id":"application-manageresources-display-component---newResourceUnit--SHORT_TEXT","interaction":{"idSuffix":"inner"}},"wdio_ui5_key":"applicationmanageresources-display-component---newResourceUnit--SHORT_TEXT"}]}
RESULT: undefined
COMMAND: POST /session/3ee3b59268b112783f98a37bc72cbb43/execute/async - {"script":"<script> [776 bytes]","args":[{"enterText":"Intercompany Equipment WDIO","selector":{"id":"application-manageresources-display-component---newResourceUnit--SHORT_TEXT","interaction":{"idSuffix":"inner"}},"clearTextFirst":true,"interactionType":"ENTER_TEXT"}]}
RESULT: {"script":"<script> [776 bytes]","args":[{"enterText":"Intercompany Equipment WDIO","selector":{"id":"application-manageresources-display-component---newResourceUnit--SHORT_TEXT","interaction":{"idSuffix":"inner"}},"clearTextFirst":true,"interactionType":"ENTER_TEXT"}]}
COMMAND: POST /session/3ee3b59268b112783f98a37bc72cbb43/execute/async - {"script":"<script> [1562 bytes]","args":[{"selector":{"id":"application-manageresources-display-component---newResourceUnit--BASE_UNIT_OF_MEASURE","interaction":{"idSuffix":"inner"}},"wdio_ui5_key":"applicationmanageresources-display-component---newResourceUnit--BASE_UNIT_OF_MEASURE"}]}
RESULT: {"script":"<script> [1562 bytes]","args":[{"selector":{"id":"application-manageresources-display-component---newResourceUnit--BASE_UNIT_OF_MEASURE","interaction":{"idSuffix":"inner"}},"wdio_ui5_key":"applicationmanageresources-display-component---newResourceUnit--BASE_UNIT_OF_MEASURE"}]}
RESULT: undefined
COMMAND: POST /session/3ee3b59268b112783f98a37bc72cbb43/execute/async - {"script":"<script> [776 bytes]","args":[{"enterText":"Piece","selector":{"id":"application-manageresources-display-component---newResourceUnit--BASE_UNIT_OF_MEASURE","interaction":{"idSuffix":"inner"}},"clearTextFirst":true,"interactionType":"ENTER_TEXT"}]}
RESULT: {"script":"<script> [776 bytes]","args":[{"enterText":"Piece","selector":{"id":"application-manageresources-display-component---newResourceUnit--BASE_UNIT_OF_MEASURE","interaction":{"idSuffix":"inner"}},"clearTextFirst":true,"interactionType":"ENTER_TEXT"}]}
COMMAND: POST /session/3ee3b59268b112783f98a37bc72cbb43/execute/async - {"script":"<script> [1562 bytes]","args":[{"selector":{"id":"application-manageresources-display-component---newResourceUnit--WEIGHT_UNIT","interaction":{"idSuffix":"inner"}},"wdio_ui5_key":"applicationmanageresources-display-component---newResourceUnit--WEIGHT_UNIT"}]}
RESULT: {"script":"<script> [1562 bytes]","args":[{"selector":{"id":"application-manageresources-display-component---newResourceUnit--WEIGHT_UNIT","interaction":{"idSuffix":"inner"}},"wdio_ui5_key":"applicationmanageresources-display-component---newResourceUnit--WEIGHT_UNIT"}]}
RESULT: undefined
COMMAND: POST /session/3ee3b59268b112783f98a37bc72cbb43/execute/async - {"script":"<script> [776 bytes]","args":[{"enterText":"Gram","selector":{"id":"application-manageresources-display-component---newResourceUnit--WEIGHT_UNIT","interaction":{"idSuffix":"inner"}},"clearTextFirst":true,"interactionType":"ENTER_TEXT"}]}
RESULT: {"script":"<script> [776 bytes]","args":[{"enterText":"Gram","selector":{"id":"application-manageresources-display-component---newResourceUnit--WEIGHT_UNIT","interaction":{"idSuffix":"inner"}},"clearTextFirst":true,"interactionType":"ENTER_TEXT"}]}
COMMAND: POST /session/3ee3b59268b112783f98a37bc72cbb43/execute/async - {"script":"<script> [1562 bytes]","args":[{"selector":{"id":"application-manageresources-display-component---newResourceUnit--DIMENSION_UNIT","interaction":{"idSuffix":"inner"}},"wdio_ui5_key":"applicationmanageresources-display-component---newResourceUnit--DIMENSION_UNIT"}]}
RESULT: {"script":"<script> [1562 bytes]","args":[{"selector":{"id":"application-manageresources-display-component---newResourceUnit--DIMENSION_UNIT","interaction":{"idSuffix":"inner"}},"wdio_ui5_key":"applicationmanageresources-display-component---newResourceUnit--DIMENSION_UNIT"}]}
RESULT: undefined
COMMAND: POST /session/3ee3b59268b112783f98a37bc72cbb43/execute/async - {"script":"<script> [776 bytes]","args":[{"enterText":"Meter","selector":{"id":"application-manageresources-display-component---newResourceUnit--DIMENSION_UNIT","interaction":{"idSuffix":"inner"}},"clearTextFirst":true,"interactionType":"ENTER_TEXT"}]}
RESULT: {"script":"<script> [776 bytes]","args":[{"enterText":"Meter","selector":{"id":"application-manageresources-display-component---newResourceUnit--DIMENSION_UNIT","interaction":{"idSuffix":"inner"}},"clearTextFirst":true,"interactionType":"ENTER_TEXT"}]}
COMMAND: POST /session/3ee3b59268b112783f98a37bc72cbb43/execute/async - {"script":"<script> [1562 bytes]","args":[{"selector":{"id":"application-manageresources-display-component---newResourceUnit--newRRUPage-anchBar-application-manageresources-display-component---newResourceUnit--control-anchor","interaction":{"idSuffix":"BDI-content"}},"wdio_ui5_key":"applicationmanageresources-display-component---newResourceUnit--newRRUPage-anchBar-application-manageresources-display-component---newResourceUnit--control-anchor"}]}
RESULT: {"script":"<script> [1562 bytes]","args":[{"selector":{"id":"application-manageresources-display-component---newResourceUnit--newRRUPage-anchBar-application-manageresources-display-component---newResourceUnit--control-anchor","interaction":{"idSuffix":"BDI-content"}},"wdio_ui5_key":"applicationmanageresources-display-component---newResourceUnit--newRRUPage-anchBar-application-manageresources-display-component---newResourceUnit--control-anchor"}]}
RESULT: undefined
COMMAND: POST /session/3ee3b59268b112783f98a37bc72cbb43/element - {"using":"xpath","value":"//*[@id=\"application-manageresources-display-component---newResourceUnit--newRRUPage-anchBar-application-manageresources-display-component---newResourceUnit--control-anchor\"]"}
RESULT: {"using":"xpath","value":"//*[@id=\"application-manageresources-display-component---newResourceUnit--newRRUPage-anchBar-application-manageresources-display-component---newResourceUnit--control-anchor\"]"}
COMMAND: POST /session/3ee3b59268b112783f98a37bc72cbb43/element/f.DDB2A020B38DABC090658DE2C1C505F0.d.2C1AF3349DC14A75D591088E817C74D6.e.11299/click - {}
RESULT: {}
COMMAND: POST /session/3ee3b59268b112783f98a37bc72cbb43/execute/async - {"script":"<script> [1562 bytes]","args":[{"selector":{"id":"application-manageresources-display-component---newResourceUnit--PLANNING_GROUP","interaction":{"idSuffix":"inner"}},"wdio_ui5_key":"applicationmanageresources-display-component---newResourceUnit--PLANNING_GROUP"}]}
COMMAND: GET /session/3ee3b59268b112783f98a37bc72cbb43/screenshot - {}
RESULT: {"script":"<script> [1562 bytes]","args":[{"selector":{"id":"application-manageresources-display-component---newResourceUnit--PLANNING_GROUP","interaction":{"idSuffix":"inner"}},"wdio_ui5_key":"applicationmanageresources-display-component---newResourceUnit--PLANNING_GROUP"}]}
RESULT: undefined
COMMAND: POST /session/3ee3b59268b112783f98a37bc72cbb43/execute/async - {"script":"<script> [776 bytes]","args":[{"enterText":"Heavy Equi","selector":{"id":"application-manageresources-display-component---newResourceUnit--PLANNING_GROUP","interaction":{"idSuffix":"inner"}},"clearTextFirst":true,"interactionType":"ENTER_TEXT"}]}
RESULT: {}
RESULT: {"script":"<script> [776 bytes]","args":[{"enterText":"Heavy Equi","selector":{"id":"application-manageresources-display-component---newResourceUnit--PLANNING_GROUP","interaction":{"idSuffix":"inner"}},"clearTextFirst":true,"interactionType":"ENTER_TEXT"}]}
COMMAND: POST /session/3ee3b59268b112783f98a37bc72cbb43/execute/async - {"script":"<script> [1562 bytes]","args":[{"selector":{"id":"application-manageresources-display-component---newResourceUnit--ITEM_TYPE-arrow"},"wdio_ui5_key":"applicationmanageresources-display-component---newResourceUnit--ITEM_TYPE-arrow"}]}
RESULT: {"script":"<script> [1562 bytes]","args":[{"selector":{"id":"application-manageresources-display-component---newResourceUnit--ITEM_TYPE-arrow"},"wdio_ui5_key":"applicationmanageresources-display-component---newResourceUnit--ITEM_TYPE-arrow"}]}
RESULT: undefined
COMMAND: POST /session/3ee3b59268b112783f98a37bc72cbb43/element - {"using":"xpath","value":"//*[@id=\"application-manageresources-display-component---newResourceUnit--ITEM_TYPE-arrow\"]"}
RESULT: {"using":"xpath","value":"//*[@id=\"application-manageresources-display-component---newResourceUnit--ITEM_TYPE-arrow\"]"}
COMMAND: POST /session/3ee3b59268b112783f98a37bc72cbb43/element/f.DDB2A020B38DABC090658DE2C1C505F0.d.2C1AF3349DC14A75D591088E817C74D6.e.11308/click - {}
RESULT: {}
COMMAND: POST /session/3ee3b59268b112783f98a37bc72cbb43/element - {"using":"xpath","value":"//ul[contains(@id,\"ITEM_TYPE-popup-list-listUl\")]//li[.//span[contains(text(),\"Resource Unit\")]]"}
COMMAND: GET /session/3ee3b59268b112783f98a37bc72cbb43/screenshot - {}
RESULT: {"using":"xpath","value":"//ul[contains(@id,\"ITEM_TYPE-popup-list-listUl\")]//li[.//span[contains(text(),\"Resource Unit\")]]"}
COMMAND: POST /session/3ee3b59268b112783f98a37bc72cbb43/element/f.DDB2A020B38DABC090658DE2C1C505F0.d.2C1AF3349DC14A75D591088E817C74D6.e.11309/click - {}
RESULT: {}
RESULT: {}
COMMAND: GET /session/3ee3b59268b112783f98a37bc72cbb43/screenshot - {}
RESULT: {}
COMMAND: POST /session/3ee3b59268b112783f98a37bc72cbb43/element - {"using":"css selector","value":"#application-manageresources-display-component---newResourceUnit--btnAddTimeSegment"}
RESULT: {"using":"css selector","value":"#application-manageresources-display-component---newResourceUnit--btnAddTimeSegment"}
COMMAND: GET /session/3ee3b59268b112783f98a37bc72cbb43/element/f.DDB2A020B38DABC090658DE2C1C505F0.d.2C1AF3349DC14A75D591088E817C74D6.e.11316/rect - {}
RESULT: {}
COMMAND: GET /session/3ee3b59268b112783f98a37bc72cbb43/window/rect - {}
RESULT: {}
COMMAND: POST /session/3ee3b59268b112783f98a37bc72cbb43/execute/sync - {"script":"<script> [92 bytes]","args":[]}
RESULT: {"script":"<script> [92 bytes]","args":[]}
COMMAND: POST /session/3ee3b59268b112783f98a37bc72cbb43/actions - {"actions":[{"id":"action46","type":"wheel","parameters":{},"actions":[{"type":"scroll","x":-1888,"y":-32,"deltaX":0,"deltaY":0,"duration":0,"origin":{"element-6066-11e4-a52e-4f735466cecf":"f.DDB2A020B38DABC090658DE2C1C505F0.d.2C1AF3349DC14A75D591088E817C74D6.e.11316"}}]}]}
COMMAND: GET /session/3ee3b59268b112783f98a37bc72cbb43/screenshot - {}
RESULT: {}
COMMAND: POST /session/3ee3b59268b112783f98a37bc72cbb43/execute/sync - {"script":"<script> [79 bytes]","args":[{"element-6066-11e4-a52e-4f735466cecf":"f.DDB2A020B38DABC090658DE2C1C505F0.d.2C1AF3349DC14A75D591088E817C74D6.e.11316","ELEMENT":"f.DDB2A020B38DABC090658DE2C1C505F0.d.2C1AF3349DC14A75D591088E817C74D6.e.11316"},{"block":"start","inline":"nearest"}]}
RESULT: {"script":"<script> [79 bytes]","args":[{"element-6066-11e4-a52e-4f735466cecf":"f.DDB2A020B38DABC090658DE2C1C505F0.d.2C1AF3349DC14A75D591088E817C74D6.e.11316","ELEMENT":"f.DDB2A020B38DABC090658DE2C1C505F0.d.2C1AF3349DC14A75D591088E817C74D6.e.11316"},{"block":"start","inline":"nearest"}]}
COMMAND: POST /session/3ee3b59268b112783f98a37bc72cbb43/execute/async - {"script":"<script> [1562 bytes]","args":[{"selector":{"id":"application-manageresources-display-component---newResourceUnit--btnAddTimeSegment","interaction":{"idSuffix":"inner"}},"wdio_ui5_key":"applicationmanageresources-display-component---newResourceUnit--btnAddTimeSegment"}]}
COMMAND: GET /session/3ee3b59268b112783f98a37bc72cbb43/screenshot - {}
RESULT: {"script":"<script> [1562 bytes]","args":[{"selector":{"id":"application-manageresources-display-component---newResourceUnit--btnAddTimeSegment","interaction":{"idSuffix":"inner"}},"wdio_ui5_key":"applicationmanageresources-display-component---newResourceUnit--btnAddTimeSegment"}]}
RESULT: undefined
COMMAND: POST /session/3ee3b59268b112783f98a37bc72cbb43/element - {"using":"xpath","value":"//*[@id=\"application-manageresources-display-component---newResourceUnit--btnAddTimeSegment\"]"}
RESULT: {}
RESULT: {"using":"xpath","value":"//*[@id=\"application-manageresources-display-component---newResourceUnit--btnAddTimeSegment\"]"}
COMMAND: POST /session/3ee3b59268b112783f98a37bc72cbb43/element/f.DDB2A020B38DABC090658DE2C1C505F0.d.2C1AF3349DC14A75D591088E817C74D6.e.11316/click - {}
RESULT: {}
COMMAND: GET /session/3ee3b59268b112783f98a37bc72cbb43/screenshot - {}
RESULT: {}
COMMAND: POST /session/3ee3b59268b112783f98a37bc72cbb43/element - {"using":"xpath","value":"//input[@id=\"application-manageresources-display-component---newResourceUnit--idRuTSAdmin-application-manageresources-display-component---newResourceUnit--RUTimeSegment-0-inner\"]"}
RESULT: {"using":"xpath","value":"//input[@id=\"application-manageresources-display-component---newResourceUnit--idRuTSAdmin-application-manageresources-display-component---newResourceUnit--RUTimeSegment-0-inner\"]"}
COMMAND: POST /session/3ee3b59268b112783f98a37bc72cbb43/element/f.DDB2A020B38DABC090658DE2C1C505F0.d.2C1AF3349DC14A75D591088E817C74D6.e.11322/clear - {}
RESULT: {}
COMMAND: POST /session/3ee3b59268b112783f98a37bc72cbb43/element/f.DDB2A020B38DABC090658DE2C1C505F0.d.2C1AF3349DC14A75D591088E817C74D6.e.11322/value - {"text":"664"}
COMMAND: GET /session/3ee3b59268b112783f98a37bc72cbb43/screenshot - {}
RESULT: {"text":"664"}
COMMAND: GET /session/3ee3b59268b112783f98a37bc72cbb43/screenshot - {}
RESULT: {}
RESULT: {}
COMMAND: POST /session/3ee3b59268b112783f98a37bc72cbb43/element - {"using":"xpath","value":"//li[.//span[text()='664']]"}
RESULT: {"using":"xpath","value":"//li[.//span[text()='664']]"}
COMMAND: POST /session/3ee3b59268b112783f98a37bc72cbb43/element/f.DDB2A020B38DABC090658DE2C1C505F0.d.2C1AF3349DC14A75D591088E817C74D6.e.11334/click - {}
RESULT: {}
COMMAND: GET /session/3ee3b59268b112783f98a37bc72cbb43/screenshot - {}
RESULT: {}
COMMAND: POST /session/3ee3b59268b112783f98a37bc72cbb43/element - {"using":"xpath","value":"(//span[contains(@id, \"-application-manageresources-display-component---newResourceUnit--RUTimeSegment-0-arrow\")])[6]"}
RESULT: {"using":"xpath","value":"(//span[contains(@id, \"-application-manageresources-display-component---newResourceUnit--RUTimeSegment-0-arrow\")])[6]"}
COMMAND: POST /session/3ee3b59268b112783f98a37bc72cbb43/element/f.DDB2A020B38DABC090658DE2C1C505F0.d.2C1AF3349DC14A75D591088E817C74D6.e.11335/click - {}
RESULT: {}
COMMAND: GET /session/3ee3b59268b112783f98a37bc72cbb43/screenshot - {}
RESULT: {}
COMMAND: POST /session/3ee3b59268b112783f98a37bc72cbb43/element - {"using":"xpath","value":"//span[contains(text(), \"PM Order\")]"}
RESULT: {"using":"xpath","value":"//span[contains(text(), \"PM Order\")]"}
COMMAND: POST /session/3ee3b59268b112783f98a37bc72cbb43/element/f.DDB2A020B38DABC090658DE2C1C505F0.d.2C1AF3349DC14A75D591088E817C74D6.e.11338/click - {}
RESULT: {}
COMMAND: GET /session/3ee3b59268b112783f98a37bc72cbb43/screenshot - {}
RESULT: {}
COMMAND: POST /session/3ee3b59268b112783f98a37bc72cbb43/element - {"using":"xpath","value":"(//span[contains(@id ,\"manageresources-display-component---newResourceUnit--RUTimeSegment-0-vhi\")])[1]"}
RESULT: {"using":"xpath","value":"(//span[contains(@id ,\"manageresources-display-component---newResourceUnit--RUTimeSegment-0-vhi\")])[1]"}
COMMAND: GET /session/3ee3b59268b112783f98a37bc72cbb43/element/f.DDB2A020B38DABC090658DE2C1C505F0.d.2C1AF3349DC14A75D591088E817C74D6.e.11342/rect - {}
RESULT: {}
COMMAND: GET /session/3ee3b59268b112783f98a37bc72cbb43/window/rect - {}
RESULT: {}
COMMAND: POST /session/3ee3b59268b112783f98a37bc72cbb43/execute/sync - {"script":"<script> [92 bytes]","args":[]}
RESULT: {"script":"<script> [92 bytes]","args":[]}
COMMAND: POST /session/3ee3b59268b112783f98a37bc72cbb43/actions - {"actions":[{"id":"action47","type":"wheel","parameters":{},"actions":[{"type":"scroll","x":-869,"y":-24,"deltaX":0,"deltaY":0,"duration":0,"origin":{"element-6066-11e4-a52e-4f735466cecf":"f.DDB2A020B38DABC090658DE2C1C505F0.d.2C1AF3349DC14A75D591088E817C74D6.e.11342"}}]}]}
COMMAND: GET /session/3ee3b59268b112783f98a37bc72cbb43/screenshot - {}
RESULT: {"actions":[{"id":"action47","type":"wheel","parameters":{},"actions":[{"type":"scroll","x":-869,"y":-24,"deltaX":0,"deltaY":0,"duration":0,"origin":{"element-6066-11e4-a52e-4f735466cecf":"f.DDB2A020B38DABC090658DE2C1C505F0.d.2C1AF3349DC14A75D591088E817C74D6.e.11342"}}]}]}
COMMAND: DELETE /session/3ee3b59268b112783f98a37bc72cbb43/actions - {}
COMMAND: GET /session/3ee3b59268b112783f98a37bc72cbb43/screenshot - {}
RESULT: {}
RESULT: {}
COMMAND: GET /session/3ee3b59268b112783f98a37bc72cbb43/screenshot - {}
RESULT: {}
RESULT: {}
COMMAND: POST /session/3ee3b59268b112783f98a37bc72cbb43/element/f.DDB2A020B38DABC090658DE2C1C505F0.d.2C1AF3349DC14A75D591088E817C74D6.e.11342/click - {}
RESULT: {}
COMMAND: GET /session/3ee3b59268b112783f98a37bc72cbb43/screenshot - {}
RESULT: {}
COMMAND: POST /session/3ee3b59268b112783f98a37bc72cbb43/execute/async - {"script":"<script> [1562 bytes]","args":[{"selector":{"controlType":"sap.m.SearchField","properties":{"placeholder":"Search"},"searchOpenDialogs":true,"interaction":{"idSuffix":"I"}},"wdio_ui5_key":"sapm.SearchField{\"placeholder\":\"Search\"}"}]}
RESULT: {"script":"<script> [1562 bytes]","args":[{"selector":{"controlType":"sap.m.SearchField","properties":{"placeholder":"Search"},"searchOpenDialogs":true,"interaction":{"idSuffix":"I"}},"wdio_ui5_key":"sapm.SearchField{\"placeholder\":\"Search\"}"}]}
RESULT: undefined
COMMAND: POST /session/3ee3b59268b112783f98a37bc72cbb43/execute/async - {"script":"<script> [776 bytes]","args":[{"enterText":"4000360","selector":{"controlType":"sap.m.SearchField","properties":{"placeholder":"Search"},"searchOpenDialogs":true,"interaction":{"idSuffix":"I"}},"clearTextFirst":true,"interactionType":"ENTER_TEXT"}]}
RESULT: {"script":"<script> [776 bytes]","args":[{"enterText":"4000360","selector":{"controlType":"sap.m.SearchField","properties":{"placeholder":"Search"},"searchOpenDialogs":true,"interaction":{"idSuffix":"I"}},"clearTextFirst":true,"interactionType":"ENTER_TEXT"}]}
COMMAND: POST /session/3ee3b59268b112783f98a37bc72cbb43/actions - {"actions":[{"id":"action48","type":"key","parameters":{},"actions":[{"type":"keyDown","value":"î€‡"},{"type":"pause","duration":10},{"type":"keyUp","value":"î€‡"}]}]}
RESULT: {"actions":[{"id":"action48","type":"key","parameters":{},"actions":[{"type":"keyDown","value":"î€‡"},{"type":"pause","duration":10},{"type":"keyUp","value":"î€‡"}]}]}
COMMAND: GET /session/3ee3b59268b112783f98a37bc72cbb43/screenshot - {}
RESULT: {}
COMMAND: POST /session/3ee3b59268b112783f98a37bc72cbb43/element - {"using":"xpath","value":"//td/div/span[contains(text(), \"BGL Vehicles\")]"}
RESULT: {"using":"xpath","value":"//td/div/span[contains(text(), \"BGL Vehicles\")]"}
COMMAND: POST /session/3ee3b59268b112783f98a37bc72cbb43/element/f.DDB2A020B38DABC090658DE2C1C505F0.d.2C1AF3349DC14A75D591088E817C74D6.e.11365/click - {}
RESULT: {}
COMMAND: GET /session/3ee3b59268b112783f98a37bc72cbb43/screenshot - {}
RESULT: {}
COMMAND: POST /session/3ee3b59268b112783f98a37bc72cbb43/element - {"using":"xpath","value":"//bdi[contains(text(), \"OK\")]"}
RESULT: {"using":"xpath","value":"//bdi[contains(text(), \"OK\")]"}
COMMAND: POST /session/3ee3b59268b112783f98a37bc72cbb43/element/f.DDB2A020B38DABC090658DE2C1C505F0.d.2C1AF3349DC14A75D591088E817C74D6.e.11366/click - {}
RESULT: {}
COMMAND: GET /session/3ee3b59268b112783f98a37bc72cbb43/screenshot - {}
RESULT: {}
COMMAND: POST /session/3ee3b59268b112783f98a37bc72cbb43/execute/async - {"script":"<script> [1562 bytes]","args":[{"selector":{"id":"application-manageresources-display-component---newResourceUnit--newRRUPage-anchBar-application-manageresources-display-component---newResourceUnit--resource-anchor","interaction":{"idSuffix":"BDI-content"}},"wdio_ui5_key":"applicationmanageresources-display-component---newResourceUnit--newRRUPage-anchBar-application-manageresources-display-component---newResourceUnit--resource-anchor"}]}
RESULT: {"script":"<script> [1562 bytes]","args":[{"selector":{"id":"application-manageresources-display-component---newResourceUnit--newRRUPage-anchBar-application-manageresources-display-component---newResourceUnit--resource-anchor","interaction":{"idSuffix":"BDI-content"}},"wdio_ui5_key":"applicationmanageresources-display-component---newResourceUnit--newRRUPage-anchBar-application-manageresources-display-component---newResourceUnit--resource-anchor"}]}
RESULT: undefined
COMMAND: POST /session/3ee3b59268b112783f98a37bc72cbb43/element - {"using":"xpath","value":"//*[@id=\"application-manageresources-display-component---newResourceUnit--newRRUPage-anchBar-application-manageresources-display-component---newResourceUnit--resource-anchor\"]"}
RESULT: {"using":"xpath","value":"//*[@id=\"application-manageresources-display-component---newResourceUnit--newRRUPage-anchBar-application-manageresources-display-component---newResourceUnit--resource-anchor\"]"}
COMMAND: POST /session/3ee3b59268b112783f98a37bc72cbb43/element/f.DDB2A020B38DABC090658DE2C1C505F0.d.2C1AF3349DC14A75D591088E817C74D6.e.11370/click - {}
RESULT: {}
COMMAND: POST /session/3ee3b59268b112783f98a37bc72cbb43/execute/async - {"script":"<script> [1562 bytes]","args":[{"selector":{"id":"application-manageresources-display-component---newResourceUnit--PLANNED_DELIVERY_DATE","interaction":{"idSuffix":"inner"}},"wdio_ui5_key":"applicationmanageresources-display-component---newResourceUnit--PLANNED_DELIVERY_DATE"}]}
COMMAND: GET /session/3ee3b59268b112783f98a37bc72cbb43/screenshot - {}
RESULT: {"script":"<script> [1562 bytes]","args":[{"selector":{"id":"application-manageresources-display-component---newResourceUnit--PLANNED_DELIVERY_DATE","interaction":{"idSuffix":"inner"}},"wdio_ui5_key":"applicationmanageresources-display-component---newResourceUnit--PLANNED_DELIVERY_DATE"}]}
RESULT: undefined
COMMAND: POST /session/3ee3b59268b112783f98a37bc72cbb43/execute/async - {"script":"<script> [6424 bytes]","args":[{"element-6066-11e4-a52e-4f735466cecf":"f.DDB2A020B38DABC090658DE2C1C505F0.d.2C1AF3349DC14A75D591088E817C74D6.e.11198"},"setValue",["6/4/25"]]}
RESULT: {}
RESULT: {"script":"<script> [6424 bytes]","args":[{"element-6066-11e4-a52e-4f735466cecf":"f.DDB2A020B38DABC090658DE2C1C505F0.d.2C1AF3349DC14A75D591088E817C74D6.e.11198"},"setValue",["6/4/25"]]}
COMMAND: POST /session/3ee3b59268b112783f98a37bc72cbb43/element - {"using":"xpath","value":"//label[contains(@class, 'sapMLabelRequired') and .//bdi[contains(text(), 'Planned Retirement')]]"}
RESULT: {"using":"xpath","value":"//label[contains(@class, 'sapMLabelRequired') and .//bdi[contains(text(), 'Planned Retirement')]]"}
COMMAND: POST /session/3ee3b59268b112783f98a37bc72cbb43/elements - {"using":"xpath","value":"//label[contains(@class, 'sapMLabelRequired') and .//bdi[contains(text(), 'Planned Retirement')]]"}
RESULT: {"using":"xpath","value":"//label[contains(@class, 'sapMLabelRequired') and .//bdi[contains(text(), 'Planned Retirement')]]"}
COMMAND: POST /session/3ee3b59268b112783f98a37bc72cbb43/element - {"using":"xpath","value":"//button[@data-kt=\"resourceUnitSaveButton\"]"}
RESULT: {"using":"xpath","value":"//button[@data-kt=\"resourceUnitSaveButton\"]"}
COMMAND: POST /session/3ee3b59268b112783f98a37bc72cbb43/element/f.DDB2A020B38DABC090658DE2C1C505F0.d.2C1AF3349DC14A75D591088E817C74D6.e.11157/click - {}
RESULT: {}
COMMAND: GET /session/3ee3b59268b112783f98a37bc72cbb43/screenshot - {}
RESULT: {}
COMMAND: POST /session/3ee3b59268b112783f98a37bc72cbb43/element - {"using":"xpath","value":"//bdi[contains(text(), \"Close\")]"}
RESULT: {"using":"xpath","value":"//bdi[contains(text(), \"Close\")]"}
COMMAND: POST /session/3ee3b59268b112783f98a37bc72cbb43/element/f.DDB2A020B38DABC090658DE2C1C505F0.d.2C1AF3349DC14A75D591088E817C74D6.e.11378/click - {}
RESULT: {}
COMMAND: GET /session/3ee3b59268b112783f98a37bc72cbb43/screenshot - {}
RESULT: {}
COMMAND: POST /session/3ee3b59268b112783f98a37bc72cbb43/element - {"using":"xpath","value":"(//button[contains(@id ,\"actionsToolbar-overflowButton\")])[1]"}
RESULT: {"using":"xpath","value":"(//button[contains(@id ,\"actionsToolbar-overflowButton\")])[1]"}
COMMAND: POST /session/3ee3b59268b112783f98a37bc72cbb43/element/f.DDB2A020B38DABC090658DE2C1C505F0.d.2C1AF3349DC14A75D591088E817C74D6.e.11410/click - {}
RESULT: {}
COMMAND: GET /session/3ee3b59268b112783f98a37bc72cbb43/screenshot - {}
RESULT: {}
COMMAND: POST /session/3ee3b59268b112783f98a37bc72cbb43/element - {"using":"xpath","value":"//button[@data-kt=\"priceInfoButton\"]"}
RESULT: {"using":"xpath","value":"//button[@data-kt=\"priceInfoButton\"]"}
COMMAND: POST /session/3ee3b59268b112783f98a37bc72cbb43/element/f.DDB2A020B38DABC090658DE2C1C505F0.d.2C1AF3349DC14A75D591088E817C74D6.e.11412/click - {}
RESULT: {}
COMMAND: GET /session/3ee3b59268b112783f98a37bc72cbb43/screenshot - {}
]]></system-out>
    </testcase>
    <testcase classname="chrome.137_0_7151_56.windows.Performance_based_billing_(work_days)_US139742" name="Should create a pricing rule perf based on the equipment" time="55.935">
      <system-out><![CDATA[
COMMAND: POST /session/3ee3b59268b112783f98a37bc72cbb43/element - {"using":"xpath","value":"//button[@data-kt=\"addButton\"]"}
RESULT: {}
RESULT: {"using":"xpath","value":"//button[@data-kt=\"addButton\"]"}
COMMAND: POST /session/3ee3b59268b112783f98a37bc72cbb43/elements - {"using":"xpath","value":"//button[@data-kt=\"addButton\"]"}
RESULT: {"using":"xpath","value":"//button[@data-kt=\"addButton\"]"}
COMMAND: POST /session/3ee3b59268b112783f98a37bc72cbb43/execute/sync - {"script":"<script> [8489 bytes]","args":[{"element-6066-11e4-a52e-4f735466cecf":"f.DDB2A020B38DABC090658DE2C1C505F0.d.2C1AF3349DC14A75D591088E817C74D6.e.11452","ELEMENT":"f.DDB2A020B38DABC090658DE2C1C505F0.d.2C1AF3349DC14A75D591088E817C74D6.e.11452"}]}
RESULT: {"script":"<script> [8489 bytes]","args":[{"element-6066-11e4-a52e-4f735466cecf":"f.DDB2A020B38DABC090658DE2C1C505F0.d.2C1AF3349DC14A75D591088E817C74D6.e.11452","ELEMENT":"f.DDB2A020B38DABC090658DE2C1C505F0.d.2C1AF3349DC14A75D591088E817C74D6.e.11452"}]}
COMMAND: GET /session/3ee3b59268b112783f98a37bc72cbb43/element/f.DDB2A020B38DABC090658DE2C1C505F0.d.2C1AF3349DC14A75D591088E817C74D6.e.11452/enabled - {}
COMMAND: GET /session/3ee3b59268b112783f98a37bc72cbb43/screenshot - {}
RESULT: {}
COMMAND: POST /session/3ee3b59268b112783f98a37bc72cbb43/execute/sync - {"script":"<script> [8489 bytes]","args":[{"element-6066-11e4-a52e-4f735466cecf":"f.DDB2A020B38DABC090658DE2C1C505F0.d.2C1AF3349DC14A75D591088E817C74D6.e.11452","ELEMENT":"f.DDB2A020B38DABC090658DE2C1C505F0.d.2C1AF3349DC14A75D591088E817C74D6.e.11452"}]}
COMMAND: GET /session/3ee3b59268b112783f98a37bc72cbb43/screenshot - {}
RESULT: {}
RESULT: {"script":"<script> [8489 bytes]","args":[{"element-6066-11e4-a52e-4f735466cecf":"f.DDB2A020B38DABC090658DE2C1C505F0.d.2C1AF3349DC14A75D591088E817C74D6.e.11452","ELEMENT":"f.DDB2A020B38DABC090658DE2C1C505F0.d.2C1AF3349DC14A75D591088E817C74D6.e.11452"}]}
COMMAND: POST /session/3ee3b59268b112783f98a37bc72cbb43/execute/sync - {"script":"<script> [5351 bytes]","args":[{"element-6066-11e4-a52e-4f735466cecf":"f.DDB2A020B38DABC090658DE2C1C505F0.d.2C1AF3349DC14A75D591088E817C74D6.e.11452","ELEMENT":"f.DDB2A020B38DABC090658DE2C1C505F0.d.2C1AF3349DC14A75D591088E817C74D6.e.11452"}]}
COMMAND: GET /session/3ee3b59268b112783f98a37bc72cbb43/screenshot - {}
RESULT: {}
RESULT: {"script":"<script> [5351 bytes]","args":[{"element-6066-11e4-a52e-4f735466cecf":"f.DDB2A020B38DABC090658DE2C1C505F0.d.2C1AF3349DC14A75D591088E817C74D6.e.11452","ELEMENT":"f.DDB2A020B38DABC090658DE2C1C505F0.d.2C1AF3349DC14A75D591088E817C74D6.e.11452"}]}
COMMAND: POST /session/3ee3b59268b112783f98a37bc72cbb43/element/f.DDB2A020B38DABC090658DE2C1C505F0.d.2C1AF3349DC14A75D591088E817C74D6.e.11452/click - {}
COMMAND: GET /session/3ee3b59268b112783f98a37bc72cbb43/screenshot - {}
RESULT: {}
RESULT: {}
COMMAND: GET /session/3ee3b59268b112783f98a37bc72cbb43/screenshot - {}
RESULT: {}
RESULT: {}
COMMAND: POST /session/3ee3b59268b112783f98a37bc72cbb43/execute/async - {"script":"<script> [1562 bytes]","args":[{"selector":{"controlType":"sap.m.Title","viewName":"etm.portal.ui.managepricingrules.view.NewItem","viewId":"application-managepricingrules-display-component---newInfoPriceItem","properties":{"text":"New Pricing Rules - Item Level"}},"wdio_ui5_key":"etmportal.ui.managepricingrules.view.NewItemsap.m.Title{\"text\":\"New Pricing Rules - Item Level\"}"}]}
RESULT: {"script":"<script> [1562 bytes]","args":[{"selector":{"controlType":"sap.m.Title","viewName":"etm.portal.ui.managepricingrules.view.NewItem","viewId":"application-managepricingrules-display-component---newInfoPriceItem","properties":{"text":"New Pricing Rules - Item Level"}},"wdio_ui5_key":"etmportal.ui.managepricingrules.view.NewItemsap.m.Title{\"text\":\"New Pricing Rules - Item Level\"}"}]}
RESULT: undefined
COMMAND: POST /session/3ee3b59268b112783f98a37bc72cbb43/execute/async - {"script":"<script> [6424 bytes]","args":[{"element-6066-11e4-a52e-4f735466cecf":"f.DDB2A020B38DABC090658DE2C1C505F0.d.2C1AF3349DC14A75D591088E817C74D6.e.11627"},"getText",[]]}
RESULT: {"script":"<script> [6424 bytes]","args":[{"element-6066-11e4-a52e-4f735466cecf":"f.DDB2A020B38DABC090658DE2C1C505F0.d.2C1AF3349DC14A75D591088E817C74D6.e.11627"},"getText",[]]}
COMMAND: POST /session/3ee3b59268b112783f98a37bc72cbb43/execute/async - {"script":"<script> [1562 bytes]","args":[{"selector":{"id":"application-managepricingrules-display-component---newInfoPriceItem--condValidTo","interaction":{"idSuffix":"inner"}},"wdio_ui5_key":"applicationmanagepricingrules-display-component---newInfoPriceItem--condValidTo"}]}
RESULT: {"script":"<script> [1562 bytes]","args":[{"selector":{"id":"application-managepricingrules-display-component---newInfoPriceItem--condValidTo","interaction":{"idSuffix":"inner"}},"wdio_ui5_key":"applicationmanagepricingrules-display-component---newInfoPriceItem--condValidTo"}]}
RESULT: undefined
COMMAND: POST /session/3ee3b59268b112783f98a37bc72cbb43/execute/async - {"script":"<script> [776 bytes]","args":[{"enterText":"2/4/26","selector":{"id":"application-managepricingrules-display-component---newInfoPriceItem--condValidTo","interaction":{"idSuffix":"inner"}},"clearTextFirst":true,"interactionType":"ENTER_TEXT"}]}
RESULT: {"script":"<script> [776 bytes]","args":[{"enterText":"2/4/26","selector":{"id":"application-managepricingrules-display-component---newInfoPriceItem--condValidTo","interaction":{"idSuffix":"inner"}},"clearTextFirst":true,"interactionType":"ENTER_TEXT"}]}
COMMAND: POST /session/3ee3b59268b112783f98a37bc72cbb43/execute/async - {"script":"<script> [1562 bytes]","args":[{"selector":{"id":"application-managepricingrules-display-component---newInfoPriceItem--billType-arrow"},"wdio_ui5_key":"applicationmanagepricingrules-display-component---newInfoPriceItem--billType-arrow"}]}
RESULT: {"script":"<script> [1562 bytes]","args":[{"selector":{"id":"application-managepricingrules-display-component---newInfoPriceItem--billType-arrow"},"wdio_ui5_key":"applicationmanagepricingrules-display-component---newInfoPriceItem--billType-arrow"}]}
RESULT: undefined
COMMAND: POST /session/3ee3b59268b112783f98a37bc72cbb43/element - {"using":"xpath","value":"//*[@id=\"application-managepricingrules-display-component---newInfoPriceItem--billType-arrow\"]"}
RESULT: {"using":"xpath","value":"//*[@id=\"application-managepricingrules-display-component---newInfoPriceItem--billType-arrow\"]"}
COMMAND: POST /session/3ee3b59268b112783f98a37bc72cbb43/element/f.DDB2A020B38DABC090658DE2C1C505F0.d.2C1AF3349DC14A75D591088E817C74D6.e.11581/click - {}
RESULT: {}
COMMAND: POST /session/3ee3b59268b112783f98a37bc72cbb43/element - {"using":"xpath","value":"//span[contains(text(), \"PB - Performance based\")]"}
COMMAND: GET /session/3ee3b59268b112783f98a37bc72cbb43/screenshot - {}
RESULT: {"using":"xpath","value":"//span[contains(text(), \"PB - Performance based\")]"}
COMMAND: POST /session/3ee3b59268b112783f98a37bc72cbb43/element/f.DDB2A020B38DABC090658DE2C1C505F0.d.2C1AF3349DC14A75D591088E817C74D6.e.11629/click - {}
RESULT: {}
RESULT: {}
COMMAND: POST /session/3ee3b59268b112783f98a37bc72cbb43/execute/async - {"script":"<script> [1562 bytes]","args":[{"selector":{"id":"application-managepricingrules-display-component---newInfoPriceItem--priceProc-arrow"},"wdio_ui5_key":"applicationmanagepricingrules-display-component---newInfoPriceItem--priceProc-arrow"}]}
COMMAND: GET /session/3ee3b59268b112783f98a37bc72cbb43/screenshot - {}
RESULT: {"script":"<script> [1562 bytes]","args":[{"selector":{"id":"application-managepricingrules-display-component---newInfoPriceItem--priceProc-arrow"},"wdio_ui5_key":"applicationmanagepricingrules-display-component---newInfoPriceItem--priceProc-arrow"}]}
RESULT: undefined
COMMAND: POST /session/3ee3b59268b112783f98a37bc72cbb43/element - {"using":"xpath","value":"//*[@id=\"application-managepricingrules-display-component---newInfoPriceItem--priceProc-arrow\"]"}
RESULT: {}
RESULT: {"using":"xpath","value":"//*[@id=\"application-managepricingrules-display-component---newInfoPriceItem--priceProc-arrow\"]"}
COMMAND: POST /session/3ee3b59268b112783f98a37bc72cbb43/element/f.DDB2A020B38DABC090658DE2C1C505F0.d.2C1AF3349DC14A75D591088E817C74D6.e.11588/click - {}
RESULT: {}
COMMAND: POST /session/3ee3b59268b112783f98a37bc72cbb43/element - {"using":"xpath","value":"//span[contains(text(), \"PRF - Performance based\")]"}
COMMAND: GET /session/3ee3b59268b112783f98a37bc72cbb43/screenshot - {}
RESULT: {"using":"xpath","value":"//span[contains(text(), \"PRF - Performance based\")]"}
COMMAND: POST /session/3ee3b59268b112783f98a37bc72cbb43/element/f.DDB2A020B38DABC090658DE2C1C505F0.d.2C1AF3349DC14A75D591088E817C74D6.e.11630/click - {}
RESULT: {}
RESULT: {}
COMMAND: POST /session/3ee3b59268b112783f98a37bc72cbb43/execute/async - {"script":"<script> [1562 bytes]","args":[{"selector":{"id":"application-managepricingrules-display-component---newInfoPriceItem--calcBase-arrow"},"wdio_ui5_key":"applicationmanagepricingrules-display-component---newInfoPriceItem--calcBase-arrow"}]}
COMMAND: GET /session/3ee3b59268b112783f98a37bc72cbb43/screenshot - {}
RESULT: {"script":"<script> [1562 bytes]","args":[{"selector":{"id":"application-managepricingrules-display-component---newInfoPriceItem--calcBase-arrow"},"wdio_ui5_key":"applicationmanagepricingrules-display-component---newInfoPriceItem--calcBase-arrow"}]}
RESULT: undefined
COMMAND: POST /session/3ee3b59268b112783f98a37bc72cbb43/element - {"using":"xpath","value":"//*[@id=\"application-managepricingrules-display-component---newInfoPriceItem--calcBase-arrow\"]"}
RESULT: {}
RESULT: {"using":"xpath","value":"//*[@id=\"application-managepricingrules-display-component---newInfoPriceItem--calcBase-arrow\"]"}
COMMAND: POST /session/3ee3b59268b112783f98a37bc72cbb43/element/f.DDB2A020B38DABC090658DE2C1C505F0.d.2C1AF3349DC14A75D591088E817C74D6.e.11595/click - {}
RESULT: {}
COMMAND: GET /session/3ee3b59268b112783f98a37bc72cbb43/screenshot - {}
RESULT: {}
COMMAND: POST /session/3ee3b59268b112783f98a37bc72cbb43/element - {"using":"xpath","value":"//span[contains(text(), \"0007 - PB(work days)\")]"}
RESULT: {"using":"xpath","value":"//span[contains(text(), \"0007 - PB(work days)\")]"}
COMMAND: POST /session/3ee3b59268b112783f98a37bc72cbb43/element/f.DDB2A020B38DABC090658DE2C1C505F0.d.2C1AF3349DC14A75D591088E817C74D6.e.11631/click - {}
RESULT: {}
COMMAND: GET /session/3ee3b59268b112783f98a37bc72cbb43/screenshot - {}
RESULT: {}
COMMAND: POST /session/3ee3b59268b112783f98a37bc72cbb43/execute/async - {"script":"<script> [1562 bytes]","args":[{"selector":{"id":"application-managepricingrules-display-component---newInfoPriceItem--hoursMonth","interaction":{"idSuffix":"inner"}},"wdio_ui5_key":"applicationmanagepricingrules-display-component---newInfoPriceItem--hoursMonth"}]}
RESULT: {"script":"<script> [1562 bytes]","args":[{"selector":{"id":"application-managepricingrules-display-component---newInfoPriceItem--hoursMonth","interaction":{"idSuffix":"inner"}},"wdio_ui5_key":"applicationmanagepricingrules-display-component---newInfoPriceItem--hoursMonth"}]}
RESULT: undefined
COMMAND: POST /session/3ee3b59268b112783f98a37bc72cbb43/execute/async - {"script":"<script> [776 bytes]","args":[{"enterText":"160","selector":{"id":"application-managepricingrules-display-component---newInfoPriceItem--hoursMonth","interaction":{"idSuffix":"inner"}},"clearTextFirst":true,"interactionType":"ENTER_TEXT"}]}
RESULT: {"script":"<script> [776 bytes]","args":[{"enterText":"160","selector":{"id":"application-managepricingrules-display-component---newInfoPriceItem--hoursMonth","interaction":{"idSuffix":"inner"}},"clearTextFirst":true,"interactionType":"ENTER_TEXT"}]}
COMMAND: POST /session/3ee3b59268b112783f98a37bc72cbb43/element - {"using":"xpath","value":"//button[@data-kt=\"saveNewRuleButton\"]"}
RESULT: {"using":"xpath","value":"//button[@data-kt=\"saveNewRuleButton\"]"}
COMMAND: POST /session/3ee3b59268b112783f98a37bc72cbb43/element/f.DDB2A020B38DABC090658DE2C1C505F0.d.2C1AF3349DC14A75D591088E817C74D6.e.11615/click - {}
RESULT: {}
COMMAND: GET /session/3ee3b59268b112783f98a37bc72cbb43/screenshot - {}
RESULT: {}
COMMAND: POST /session/3ee3b59268b112783f98a37bc72cbb43/execute/async - {"script":"<script> [1562 bytes]","args":[{"selector":{"id":"application-managepricingrules-display-component---priceInfoItem--smartFilterBar-btnBasicSearch","interaction":{"idSuffix":"I"}},"wdio_ui5_key":"applicationmanagepricingrules-display-component---priceInfoItem--smartFilterBar-btnBasicSearch"}]}
RESULT: {"script":"<script> [1562 bytes]","args":[{"selector":{"id":"application-managepricingrules-display-component---priceInfoItem--smartFilterBar-btnBasicSearch","interaction":{"idSuffix":"I"}},"wdio_ui5_key":"applicationmanagepricingrules-display-component---priceInfoItem--smartFilterBar-btnBasicSearch"}]}
RESULT: undefined
COMMAND: POST /session/3ee3b59268b112783f98a37bc72cbb43/execute/async - {"script":"<script> [776 bytes]","args":[{"enterText":"KcpmxnzYhb","selector":{"id":"application-managepricingrules-display-component---priceInfoItem--smartFilterBar-btnBasicSearch","interaction":{"idSuffix":"I"}},"clearTextFirst":true,"interactionType":"ENTER_TEXT"}]}
RESULT: {"script":"<script> [776 bytes]","args":[{"enterText":"KcpmxnzYhb","selector":{"id":"application-managepricingrules-display-component---priceInfoItem--smartFilterBar-btnBasicSearch","interaction":{"idSuffix":"I"}},"clearTextFirst":true,"interactionType":"ENTER_TEXT"}]}
COMMAND: POST /session/3ee3b59268b112783f98a37bc72cbb43/actions - {"actions":[{"id":"action49","type":"key","parameters":{},"actions":[{"type":"keyDown","value":"î€‡"},{"type":"pause","duration":10},{"type":"keyUp","value":"î€‡"}]}]}
RESULT: {"actions":[{"id":"action49","type":"key","parameters":{},"actions":[{"type":"keyDown","value":"î€‡"},{"type":"pause","duration":10},{"type":"keyUp","value":"î€‡"}]}]}
COMMAND: GET /session/3ee3b59268b112783f98a37bc72cbb43/screenshot - {}
RESULT: {}
COMMAND: POST /session/3ee3b59268b112783f98a37bc72cbb43/element - {"using":"xpath","value":"//span[@id=\"application-managepricingrules-display-component---priceInfoItem--smartTable-header-inner\"]"}
RESULT: {"using":"xpath","value":"//span[@id=\"application-managepricingrules-display-component---priceInfoItem--smartTable-header-inner\"]"}
COMMAND: POST /session/3ee3b59268b112783f98a37bc72cbb43/elements - {"using":"xpath","value":"//span[@id=\"application-managepricingrules-display-component---priceInfoItem--smartTable-header-inner\"]"}
RESULT: {"using":"xpath","value":"//span[@id=\"application-managepricingrules-display-component---priceInfoItem--smartTable-header-inner\"]"}
COMMAND: POST /session/3ee3b59268b112783f98a37bc72cbb43/execute/sync - {"script":"<script> [56 bytes]","args":[{"element-6066-11e4-a52e-4f735466cecf":"f.DDB2A020B38DABC090658DE2C1C505F0.d.2C1AF3349DC14A75D591088E817C74D6.e.11644","ELEMENT":"f.DDB2A020B38DABC090658DE2C1C505F0.d.2C1AF3349DC14A75D591088E817C74D6.e.11644"}]}
RESULT: {"script":"<script> [56 bytes]","args":[{"element-6066-11e4-a52e-4f735466cecf":"f.DDB2A020B38DABC090658DE2C1C505F0.d.2C1AF3349DC14A75D591088E817C74D6.e.11644","ELEMENT":"f.DDB2A020B38DABC090658DE2C1C505F0.d.2C1AF3349DC14A75D591088E817C74D6.e.11644"}]}
COMMAND: POST /session/3ee3b59268b112783f98a37bc72cbb43/element - {"using":"css selector","value":"#shell-header-logo"}
COMMAND: GET /session/3ee3b59268b112783f98a37bc72cbb43/screenshot - {}
RESULT: {"using":"css selector","value":"#shell-header-logo"}
COMMAND: POST /session/3ee3b59268b112783f98a37bc72cbb43/element/f.DDB2A020B38DABC090658DE2C1C505F0.d.2C1AF3349DC14A75D591088E817C74D6.e.10745/click - {}
RESULT: {}
RESULT: {}
COMMAND: GET /session/3ee3b59268b112783f98a37bc72cbb43/screenshot - {}
RESULT: {}
]]></system-out>
    </testcase>
    <testcase classname="chrome.137_0_7151_56.windows.Performance_based_billing_(work_days)_US139742" name="Should create a performance based billing condition on the equipment" time="66.658">
      <system-out><![CDATA[
COMMAND: POST /session/3ee3b59268b112783f98a37bc72cbb43/execute/async - {"script":"<script> [1562 bytes]","args":[{"selector":{"controlType":"sap.m.GenericTile","properties":{"header":"Manage Conditions & Prices"}},"wdio_ui5_key":"sapm.GenericTile{\"header\":\"Manage Conditions & Prices\"}"}]}
RESULT: {"script":"<script> [1562 bytes]","args":[{"selector":{"controlType":"sap.m.GenericTile","properties":{"header":"Manage Conditions & Prices"}},"wdio_ui5_key":"sapm.GenericTile{\"header\":\"Manage Conditions & Prices\"}"}]}
RESULT: undefined
COMMAND: POST /session/3ee3b59268b112783f98a37bc72cbb43/element - {"using":"xpath","value":"//*[@id=\"__tile53\"]"}
RESULT: {"using":"xpath","value":"//*[@id=\"__tile53\"]"}
COMMAND: POST /session/3ee3b59268b112783f98a37bc72cbb43/element/f.DDB2A020B38DABC090658DE2C1C505F0.d.2C1AF3349DC14A75D591088E817C74D6.e.10683/click - {}
RESULT: {}
COMMAND: GET /session/3ee3b59268b112783f98a37bc72cbb43/screenshot - {}
RESULT: {}
COMMAND: POST /session/3ee3b59268b112783f98a37bc72cbb43/elements - {"using":"xpath","value":"//span[text()='Error']"}
RESULT: {"using":"xpath","value":"//span[text()='Error']"}
COMMAND: POST /session/3ee3b59268b112783f98a37bc72cbb43/element - {"using":"xpath","value":"//button[@aria-label=\"Create\"]"}
RESULT: {"using":"xpath","value":"//button[@aria-label=\"Create\"]"}
COMMAND: POST /session/3ee3b59268b112783f98a37bc72cbb43/elements - {"using":"xpath","value":"//button[@aria-label=\"Create\"]"}
RESULT: {"using":"xpath","value":"//button[@aria-label=\"Create\"]"}
COMMAND: POST /session/3ee3b59268b112783f98a37bc72cbb43/execute/sync - {"script":"<script> [8489 bytes]","args":[{"element-6066-11e4-a52e-4f735466cecf":"f.DDB2A020B38DABC090658DE2C1C505F0.d.2C1AF3349DC14A75D591088E817C74D6.e.11679","ELEMENT":"f.DDB2A020B38DABC090658DE2C1C505F0.d.2C1AF3349DC14A75D591088E817C74D6.e.11679"}]}
RESULT: {"script":"<script> [8489 bytes]","args":[{"element-6066-11e4-a52e-4f735466cecf":"f.DDB2A020B38DABC090658DE2C1C505F0.d.2C1AF3349DC14A75D591088E817C74D6.e.11679","ELEMENT":"f.DDB2A020B38DABC090658DE2C1C505F0.d.2C1AF3349DC14A75D591088E817C74D6.e.11679"}]}
COMMAND: GET /session/3ee3b59268b112783f98a37bc72cbb43/element/f.DDB2A020B38DABC090658DE2C1C505F0.d.2C1AF3349DC14A75D591088E817C74D6.e.11679/enabled - {}
COMMAND: GET /session/3ee3b59268b112783f98a37bc72cbb43/screenshot - {}
RESULT: {}
COMMAND: POST /session/3ee3b59268b112783f98a37bc72cbb43/execute/sync - {"script":"<script> [8489 bytes]","args":[{"element-6066-11e4-a52e-4f735466cecf":"f.DDB2A020B38DABC090658DE2C1C505F0.d.2C1AF3349DC14A75D591088E817C74D6.e.11679","ELEMENT":"f.DDB2A020B38DABC090658DE2C1C505F0.d.2C1AF3349DC14A75D591088E817C74D6.e.11679"}]}
COMMAND: GET /session/3ee3b59268b112783f98a37bc72cbb43/screenshot - {}
RESULT: {}
RESULT: {"script":"<script> [8489 bytes]","args":[{"element-6066-11e4-a52e-4f735466cecf":"f.DDB2A020B38DABC090658DE2C1C505F0.d.2C1AF3349DC14A75D591088E817C74D6.e.11679","ELEMENT":"f.DDB2A020B38DABC090658DE2C1C505F0.d.2C1AF3349DC14A75D591088E817C74D6.e.11679"}]}
COMMAND: POST /session/3ee3b59268b112783f98a37bc72cbb43/execute/sync - {"script":"<script> [5351 bytes]","args":[{"element-6066-11e4-a52e-4f735466cecf":"f.DDB2A020B38DABC090658DE2C1C505F0.d.2C1AF3349DC14A75D591088E817C74D6.e.11679","ELEMENT":"f.DDB2A020B38DABC090658DE2C1C505F0.d.2C1AF3349DC14A75D591088E817C74D6.e.11679"}]}
COMMAND: GET /session/3ee3b59268b112783f98a37bc72cbb43/screenshot - {}
RESULT: {}
RESULT: {"script":"<script> [5351 bytes]","args":[{"element-6066-11e4-a52e-4f735466cecf":"f.DDB2A020B38DABC090658DE2C1C505F0.d.2C1AF3349DC14A75D591088E817C74D6.e.11679","ELEMENT":"f.DDB2A020B38DABC090658DE2C1C505F0.d.2C1AF3349DC14A75D591088E817C74D6.e.11679"}]}
COMMAND: POST /session/3ee3b59268b112783f98a37bc72cbb43/element/f.DDB2A020B38DABC090658DE2C1C505F0.d.2C1AF3349DC14A75D591088E817C74D6.e.11679/click - {}
COMMAND: GET /session/3ee3b59268b112783f98a37bc72cbb43/screenshot - {}
RESULT: {}
RESULT: {}
COMMAND: GET /session/3ee3b59268b112783f98a37bc72cbb43/screenshot - {}
RESULT: {}
RESULT: {}
COMMAND: POST /session/3ee3b59268b112783f98a37bc72cbb43/actions - {"actions":[{"id":"action50","type":"key","parameters":{},"actions":[{"type":"keyDown","value":"î€‡"},{"type":"pause","duration":10},{"type":"keyUp","value":"î€‡"}]}]}
RESULT: {"actions":[{"id":"action50","type":"key","parameters":{},"actions":[{"type":"keyDown","value":"î€‡"},{"type":"pause","duration":10},{"type":"keyUp","value":"î€‡"}]}]}
COMMAND: GET /session/3ee3b59268b112783f98a37bc72cbb43/screenshot - {}
RESULT: {}
COMMAND: POST /session/3ee3b59268b112783f98a37bc72cbb43/execute/async - {"script":"<script> [1562 bytes]","args":[{"selector":{"id":"application-manageconditionprice-display-component---newCondition--condBillCond-arrow"},"wdio_ui5_key":"applicationmanageconditionprice-display-component---newCondition--condBillCond-arrow"}]}
RESULT: {"script":"<script> [1562 bytes]","args":[{"selector":{"id":"application-manageconditionprice-display-component---newCondition--condBillCond-arrow"},"wdio_ui5_key":"applicationmanageconditionprice-display-component---newCondition--condBillCond-arrow"}]}
RESULT: undefined
COMMAND: POST /session/3ee3b59268b112783f98a37bc72cbb43/element - {"using":"xpath","value":"//*[@id=\"application-manageconditionprice-display-component---newCondition--condBillCond-arrow\"]"}
RESULT: {"using":"xpath","value":"//*[@id=\"application-manageconditionprice-display-component---newCondition--condBillCond-arrow\"]"}
COMMAND: POST /session/3ee3b59268b112783f98a37bc72cbb43/element/f.DDB2A020B38DABC090658DE2C1C505F0.d.2C1AF3349DC14A75D591088E817C74D6.e.11853/click - {}
RESULT: {}
COMMAND: GET /session/3ee3b59268b112783f98a37bc72cbb43/screenshot - {}
RESULT: {}
COMMAND: POST /session/3ee3b59268b112783f98a37bc72cbb43/element - {"using":"xpath","value":"//li[.//span[contains(text(), \"PC06 - Performance Price - fuel\")]]"}
RESULT: {"using":"xpath","value":"//li[.//span[contains(text(), \"PC06 - Performance Price - fuel\")]]"}
COMMAND: POST /session/3ee3b59268b112783f98a37bc72cbb43/element/f.DDB2A020B38DABC090658DE2C1C505F0.d.2C1AF3349DC14A75D591088E817C74D6.e.11857/click - {}
RESULT: {}
COMMAND: GET /session/3ee3b59268b112783f98a37bc72cbb43/screenshot - {}
RESULT: {}
COMMAND: POST /session/3ee3b59268b112783f98a37bc72cbb43/execute/async - {"script":"<script> [1562 bytes]","args":[{"selector":{"id":"application-manageconditionprice-display-component---newCondition--condValidTo","interaction":{"idSuffix":"inner"}},"wdio_ui5_key":"applicationmanageconditionprice-display-component---newCondition--condValidTo"}]}
RESULT: {"script":"<script> [1562 bytes]","args":[{"selector":{"id":"application-manageconditionprice-display-component---newCondition--condValidTo","interaction":{"idSuffix":"inner"}},"wdio_ui5_key":"applicationmanageconditionprice-display-component---newCondition--condValidTo"}]}
RESULT: undefined
COMMAND: POST /session/3ee3b59268b112783f98a37bc72cbb43/execute/async - {"script":"<script> [776 bytes]","args":[{"enterText":"2/4/26","selector":{"id":"application-manageconditionprice-display-component---newCondition--condValidTo","interaction":{"idSuffix":"inner"}},"clearTextFirst":true,"interactionType":"ENTER_TEXT"}]}
RESULT: {"script":"<script> [776 bytes]","args":[{"enterText":"2/4/26","selector":{"id":"application-manageconditionprice-display-component---newCondition--condValidTo","interaction":{"idSuffix":"inner"}},"clearTextFirst":true,"interactionType":"ENTER_TEXT"}]}
COMMAND: POST /session/3ee3b59268b112783f98a37bc72cbb43/element - {"using":"xpath","value":"//input[@id=\"application-manageconditionprice-display-component---newCondition--condRU-inner\"]"}
RESULT: {"using":"xpath","value":"//input[@id=\"application-manageconditionprice-display-component---newCondition--condRU-inner\"]"}
COMMAND: POST /session/3ee3b59268b112783f98a37bc72cbb43/element/f.DDB2A020B38DABC090658DE2C1C505F0.d.2C1AF3349DC14A75D591088E817C74D6.e.11695/clear - {}
RESULT: {}
COMMAND: POST /session/3ee3b59268b112783f98a37bc72cbb43/element/f.DDB2A020B38DABC090658DE2C1C505F0.d.2C1AF3349DC14A75D591088E817C74D6.e.11695/value - {"text":"KcpmxnzYhb"}
COMMAND: GET /session/3ee3b59268b112783f98a37bc72cbb43/screenshot - {}
RESULT: {"text":"KcpmxnzYhb"}
COMMAND: GET /session/3ee3b59268b112783f98a37bc72cbb43/screenshot - {}
RESULT: {}
RESULT: {}
COMMAND: POST /session/3ee3b59268b112783f98a37bc72cbb43/actions - {"actions":[{"id":"action51","type":"key","parameters":{},"actions":[{"type":"keyDown","value":"î€‡"},{"type":"pause","duration":10},{"type":"keyUp","value":"î€‡"}]}]}
RESULT: {"actions":[{"id":"action51","type":"key","parameters":{},"actions":[{"type":"keyDown","value":"î€‡"},{"type":"pause","duration":10},{"type":"keyUp","value":"î€‡"}]}]}
COMMAND: POST /session/3ee3b59268b112783f98a37bc72cbb43/execute/async - {"script":"<script> [1562 bytes]","args":[{"selector":{"id":"application-manageconditionprice-display-component---newCondition--condBaseQty","interaction":{"idSuffix":"inner"}},"wdio_ui5_key":"applicationmanageconditionprice-display-component---newCondition--condBaseQty"}]}
COMMAND: GET /session/3ee3b59268b112783f98a37bc72cbb43/screenshot - {}
RESULT: {"script":"<script> [1562 bytes]","args":[{"selector":{"id":"application-manageconditionprice-display-component---newCondition--condBaseQty","interaction":{"idSuffix":"inner"}},"wdio_ui5_key":"applicationmanageconditionprice-display-component---newCondition--condBaseQty"}]}
RESULT: undefined
COMMAND: POST /session/3ee3b59268b112783f98a37bc72cbb43/execute/async - {"script":"<script> [776 bytes]","args":[{"enterText":"1","selector":{"id":"application-manageconditionprice-display-component---newCondition--condBaseQty","interaction":{"idSuffix":"inner"}},"clearTextFirst":true,"interactionType":"ENTER_TEXT"}]}
RESULT: {}
RESULT: {"script":"<script> [776 bytes]","args":[{"enterText":"1","selector":{"id":"application-manageconditionprice-display-component---newCondition--condBaseQty","interaction":{"idSuffix":"inner"}},"clearTextFirst":true,"interactionType":"ENTER_TEXT"}]}
COMMAND: POST /session/3ee3b59268b112783f98a37bc72cbb43/execute/async - {"script":"<script> [1562 bytes]","args":[{"selector":{"id":"application-manageconditionprice-display-component---newCondition--condValue","interaction":{"idSuffix":"inner"}},"wdio_ui5_key":"applicationmanageconditionprice-display-component---newCondition--condValue"}]}
RESULT: {"script":"<script> [1562 bytes]","args":[{"selector":{"id":"application-manageconditionprice-display-component---newCondition--condValue","interaction":{"idSuffix":"inner"}},"wdio_ui5_key":"applicationmanageconditionprice-display-component---newCondition--condValue"}]}
RESULT: undefined
COMMAND: POST /session/3ee3b59268b112783f98a37bc72cbb43/execute/async - {"script":"<script> [776 bytes]","args":[{"enterText":"10","selector":{"id":"application-manageconditionprice-display-component---newCondition--condValue","interaction":{"idSuffix":"inner"}},"clearTextFirst":true,"interactionType":"ENTER_TEXT"}]}
RESULT: {"script":"<script> [776 bytes]","args":[{"enterText":"10","selector":{"id":"application-manageconditionprice-display-component---newCondition--condValue","interaction":{"idSuffix":"inner"}},"clearTextFirst":true,"interactionType":"ENTER_TEXT"}]}
COMMAND: POST /session/3ee3b59268b112783f98a37bc72cbb43/execute/async - {"script":"<script> [1562 bytes]","args":[{"selector":{"id":"application-manageconditionprice-display-component---newCondition--condCurr-arrow"},"wdio_ui5_key":"applicationmanageconditionprice-display-component---newCondition--condCurr-arrow"}]}
RESULT: {"script":"<script> [1562 bytes]","args":[{"selector":{"id":"application-manageconditionprice-display-component---newCondition--condCurr-arrow"},"wdio_ui5_key":"applicationmanageconditionprice-display-component---newCondition--condCurr-arrow"}]}
RESULT: undefined
COMMAND: POST /session/3ee3b59268b112783f98a37bc72cbb43/element - {"using":"xpath","value":"//*[@id=\"application-manageconditionprice-display-component---newCondition--condCurr-arrow\"]"}
RESULT: {"using":"xpath","value":"//*[@id=\"application-manageconditionprice-display-component---newCondition--condCurr-arrow\"]"}
COMMAND: POST /session/3ee3b59268b112783f98a37bc72cbb43/element/f.DDB2A020B38DABC090658DE2C1C505F0.d.2C1AF3349DC14A75D591088E817C74D6.e.11821/click - {}
RESULT: {}
COMMAND: POST /session/3ee3b59268b112783f98a37bc72cbb43/element - {"using":"xpath","value":"//span[contains(text(), \"Euro\")]"}
COMMAND: GET /session/3ee3b59268b112783f98a37bc72cbb43/screenshot - {}
RESULT: {"using":"xpath","value":"//span[contains(text(), \"Euro\")]"}
COMMAND: POST /session/3ee3b59268b112783f98a37bc72cbb43/element/f.DDB2A020B38DABC090658DE2C1C505F0.d.2C1AF3349DC14A75D591088E817C74D6.e.11892/click - {}
RESULT: {}
RESULT: {}
COMMAND: POST /session/3ee3b59268b112783f98a37bc72cbb43/element - {"using":"xpath","value":"//button[@data-kt=\"saveButton\"]"}
COMMAND: GET /session/3ee3b59268b112783f98a37bc72cbb43/screenshot - {}
RESULT: {"using":"xpath","value":"//button[@data-kt=\"saveButton\"]"}
COMMAND: POST /session/3ee3b59268b112783f98a37bc72cbb43/element/f.DDB2A020B38DABC090658DE2C1C505F0.d.2C1AF3349DC14A75D591088E817C74D6.e.11822/click - {}
RESULT: {}
RESULT: {}
COMMAND: GET /session/3ee3b59268b112783f98a37bc72cbb43/screenshot - {}
RESULT: {}
COMMAND: POST /session/3ee3b59268b112783f98a37bc72cbb43/execute/async - {"script":"<script> [1562 bytes]","args":[{"selector":{"id":"application-manageconditionprice-display-component---conditions--smartFilterBar-btnBasicSearch","interaction":{"idSuffix":"I"}},"wdio_ui5_key":"applicationmanageconditionprice-display-component---conditions--smartFilterBar-btnBasicSearch"}]}
RESULT: {"script":"<script> [1562 bytes]","args":[{"selector":{"id":"application-manageconditionprice-display-component---conditions--smartFilterBar-btnBasicSearch","interaction":{"idSuffix":"I"}},"wdio_ui5_key":"applicationmanageconditionprice-display-component---conditions--smartFilterBar-btnBasicSearch"}]}
RESULT: undefined
COMMAND: POST /session/3ee3b59268b112783f98a37bc72cbb43/execute/async - {"script":"<script> [776 bytes]","args":[{"enterText":"KcpmxnzYhb","selector":{"id":"application-manageconditionprice-display-component---conditions--smartFilterBar-btnBasicSearch","interaction":{"idSuffix":"I"}},"clearTextFirst":true,"interactionType":"ENTER_TEXT"}]}
RESULT: {"script":"<script> [776 bytes]","args":[{"enterText":"KcpmxnzYhb","selector":{"id":"application-manageconditionprice-display-component---conditions--smartFilterBar-btnBasicSearch","interaction":{"idSuffix":"I"}},"clearTextFirst":true,"interactionType":"ENTER_TEXT"}]}
COMMAND: POST /session/3ee3b59268b112783f98a37bc72cbb43/actions - {"actions":[{"id":"action52","type":"key","parameters":{},"actions":[{"type":"keyDown","value":"î€‡"},{"type":"pause","duration":10},{"type":"keyUp","value":"î€‡"}]}]}
RESULT: {"actions":[{"id":"action52","type":"key","parameters":{},"actions":[{"type":"keyDown","value":"î€‡"},{"type":"pause","duration":10},{"type":"keyUp","value":"î€‡"}]}]}
COMMAND: GET /session/3ee3b59268b112783f98a37bc72cbb43/screenshot - {}
RESULT: {}
COMMAND: POST /session/3ee3b59268b112783f98a37bc72cbb43/execute/async - {"script":"<script> [1562 bytes]","args":[{"selector":{"id":"application-manageconditionprice-display-component---conditions--smartFilterBar-filterItemControl_BASIC-BILL_TYPES-vhi"},"wdio_ui5_key":"applicationmanageconditionprice-display-component---conditions--smartFilterBar-filterItemControl_BASIC-BILL_TYPES-vhi"}]}
RESULT: {"script":"<script> [1562 bytes]","args":[{"selector":{"id":"application-manageconditionprice-display-component---conditions--smartFilterBar-filterItemControl_BASIC-BILL_TYPES-vhi"},"wdio_ui5_key":"applicationmanageconditionprice-display-component---conditions--smartFilterBar-filterItemControl_BASIC-BILL_TYPES-vhi"}]}
RESULT: undefined
COMMAND: POST /session/3ee3b59268b112783f98a37bc72cbb43/element - {"using":"xpath","value":"//*[@id=\"application-manageconditionprice-display-component---conditions--smartFilterBar-filterItemControl_BASIC-BILL_TYPES-vhi\"]"}
RESULT: {"using":"xpath","value":"//*[@id=\"application-manageconditionprice-display-component---conditions--smartFilterBar-filterItemControl_BASIC-BILL_TYPES-vhi\"]"}
COMMAND: POST /session/3ee3b59268b112783f98a37bc72cbb43/element/f.DDB2A020B38DABC090658DE2C1C505F0.d.2C1AF3349DC14A75D591088E817C74D6.e.11987/click - {}
RESULT: {}
COMMAND: POST /session/3ee3b59268b112783f98a37bc72cbb43/execute/async - {"script":"<script> [1562 bytes]","args":[{"selector":{"id":"application-manageconditionprice-display-component---conditions--smartFilterBar-filterItemControl_BASIC-BILL_TYPES-valueHelpDialog-smartFilterBar-btnBasicSearch","searchOpenDialogs":true,"interaction":{"idSuffix":"I"}},"wdio_ui5_key":"applicationmanageconditionprice-display-component---conditions--smartFilterBar-filterItemControl_BASIC-BILL_TYPES-valueHelpDialog-smartFilterBar-btnBasicSearch"}]}
COMMAND: GET /session/3ee3b59268b112783f98a37bc72cbb43/screenshot - {}
RESULT: {"script":"<script> [1562 bytes]","args":[{"selector":{"id":"application-manageconditionprice-display-component---conditions--smartFilterBar-filterItemControl_BASIC-BILL_TYPES-valueHelpDialog-smartFilterBar-btnBasicSearch","searchOpenDialogs":true,"interaction":{"idSuffix":"I"}},"wdio_ui5_key":"applicationmanageconditionprice-display-component---conditions--smartFilterBar-filterItemControl_BASIC-BILL_TYPES-valueHelpDialog-smartFilterBar-btnBasicSearch"}]}
RESULT: undefined
COMMAND: POST /session/3ee3b59268b112783f98a37bc72cbb43/execute/async - {"script":"<script> [776 bytes]","args":[{"enterText":"PB","selector":{"id":"application-manageconditionprice-display-component---conditions--smartFilterBar-filterItemControl_BASIC-BILL_TYPES-valueHelpDialog-smartFilterBar-btnBasicSearch","searchOpenDialogs":true,"interaction":{"idSuffix":"I"}},"clearTextFirst":true,"interactionType":"ENTER_TEXT"}]}
RESULT: {}
RESULT: {"script":"<script> [776 bytes]","args":[{"enterText":"PB","selector":{"id":"application-manageconditionprice-display-component---conditions--smartFilterBar-filterItemControl_BASIC-BILL_TYPES-valueHelpDialog-smartFilterBar-btnBasicSearch","searchOpenDialogs":true,"interaction":{"idSuffix":"I"}},"clearTextFirst":true,"interactionType":"ENTER_TEXT"}]}
COMMAND: POST /session/3ee3b59268b112783f98a37bc72cbb43/actions - {"actions":[{"id":"action53","type":"key","parameters":{},"actions":[{"type":"keyDown","value":"î€‡"},{"type":"pause","duration":10},{"type":"keyUp","value":"î€‡"}]}]}
RESULT: {"actions":[{"id":"action53","type":"key","parameters":{},"actions":[{"type":"keyDown","value":"î€‡"},{"type":"pause","duration":10},{"type":"keyUp","value":"î€‡"}]}]}
COMMAND: GET /session/3ee3b59268b112783f98a37bc72cbb43/screenshot - {}
RESULT: {}
COMMAND: POST /session/3ee3b59268b112783f98a37bc72cbb43/element - {"using":"xpath","value":"//div[contains(@id, 'application-manageconditionprice-display-component---conditions--smartFilterBar-filterItemControl_BASIC-BILL_TYPES-valueHelpDialog-table-rowsel0')]"}
RESULT: {"using":"xpath","value":"//div[contains(@id, 'application-manageconditionprice-display-component---conditions--smartFilterBar-filterItemControl_BASIC-BILL_TYPES-valueHelpDialog-table-rowsel0')]"}
COMMAND: POST /session/3ee3b59268b112783f98a37bc72cbb43/element/f.DDB2A020B38DABC090658DE2C1C505F0.d.2C1AF3349DC14A75D591088E817C74D6.e.11996/click - {}
RESULT: {}
COMMAND: GET /session/3ee3b59268b112783f98a37bc72cbb43/screenshot - {}
RESULT: {}
COMMAND: POST /session/3ee3b59268b112783f98a37bc72cbb43/element - {"using":"xpath","value":"//bdi[contains(text(), \"OK\")]"}
RESULT: {"using":"xpath","value":"//bdi[contains(text(), \"OK\")]"}
COMMAND: POST /session/3ee3b59268b112783f98a37bc72cbb43/element/f.DDB2A020B38DABC090658DE2C1C505F0.d.2C1AF3349DC14A75D591088E817C74D6.e.11998/click - {}
RESULT: {}
COMMAND: GET /session/3ee3b59268b112783f98a37bc72cbb43/screenshot - {}
RESULT: {}
COMMAND: POST /session/3ee3b59268b112783f98a37bc72cbb43/element - {"using":"xpath","value":"//span[@id=\"application-manageconditionprice-display-component---conditions--smartTable-header-inner\"]"}
RESULT: {"using":"xpath","value":"//span[@id=\"application-manageconditionprice-display-component---conditions--smartTable-header-inner\"]"}
COMMAND: POST /session/3ee3b59268b112783f98a37bc72cbb43/elements - {"using":"xpath","value":"//span[@id=\"application-manageconditionprice-display-component---conditions--smartTable-header-inner\"]"}
RESULT: {"using":"xpath","value":"//span[@id=\"application-manageconditionprice-display-component---conditions--smartTable-header-inner\"]"}
COMMAND: POST /session/3ee3b59268b112783f98a37bc72cbb43/execute/sync - {"script":"<script> [56 bytes]","args":[{"element-6066-11e4-a52e-4f735466cecf":"f.DDB2A020B38DABC090658DE2C1C505F0.d.2C1AF3349DC14A75D591088E817C74D6.e.12001","ELEMENT":"f.DDB2A020B38DABC090658DE2C1C505F0.d.2C1AF3349DC14A75D591088E817C74D6.e.12001"}]}
RESULT: {"script":"<script> [56 bytes]","args":[{"element-6066-11e4-a52e-4f735466cecf":"f.DDB2A020B38DABC090658DE2C1C505F0.d.2C1AF3349DC14A75D591088E817C74D6.e.12001","ELEMENT":"f.DDB2A020B38DABC090658DE2C1C505F0.d.2C1AF3349DC14A75D591088E817C74D6.e.12001"}]}
COMMAND: POST /session/3ee3b59268b112783f98a37bc72cbb43/element - {"using":"css selector","value":"#shell-header-logo"}
COMMAND: GET /session/3ee3b59268b112783f98a37bc72cbb43/screenshot - {}
RESULT: {"using":"css selector","value":"#shell-header-logo"}
COMMAND: POST /session/3ee3b59268b112783f98a37bc72cbb43/element/f.DDB2A020B38DABC090658DE2C1C505F0.d.2C1AF3349DC14A75D591088E817C74D6.e.11647/click - {}
RESULT: {}
RESULT: {}
COMMAND: GET /session/3ee3b59268b112783f98a37bc72cbb43/screenshot - {}
RESULT: {}
]]></system-out>
    </testcase>
    <testcase classname="chrome.137_0_7151_56.windows.Performance_based_billing_(work_days)_US139742" name="Should add a counter to the equipment" time="60.433">
      <system-out><![CDATA[
RESULT: undefined
COMMAND: POST /session/3ee3b59268b112783f98a37bc72cbb43/element - {"using":"xpath","value":"//*[@id=\"__tile39\"]"}
RESULT: {"using":"xpath","value":"//*[@id=\"__tile39\"]"}
COMMAND: POST /session/3ee3b59268b112783f98a37bc72cbb43/element/f.DDB2A020B38DABC090658DE2C1C505F0.d.2C1AF3349DC14A75D591088E817C74D6.e.10637/click - {}
RESULT: {}
COMMAND: GET /session/3ee3b59268b112783f98a37bc72cbb43/screenshot - {}
RESULT: {}
COMMAND: POST /session/3ee3b59268b112783f98a37bc72cbb43/elements - {"using":"xpath","value":"//span[text()='Error']"}
RESULT: {"using":"xpath","value":"//span[text()='Error']"}
COMMAND: POST /session/3ee3b59268b112783f98a37bc72cbb43/execute/async - {"script":"<script> [1562 bytes]","args":[{"selector":{"id":"application-manageresources-display-component---masterRU--smartFilterBar-btnBasicSearch","interaction":{"idSuffix":"I"}},"wdio_ui5_key":"applicationmanageresources-display-component---masterRU--smartFilterBar-btnBasicSearch"}]}
RESULT: {"script":"<script> [1562 bytes]","args":[{"selector":{"id":"application-manageresources-display-component---masterRU--smartFilterBar-btnBasicSearch","interaction":{"idSuffix":"I"}},"wdio_ui5_key":"applicationmanageresources-display-component---masterRU--smartFilterBar-btnBasicSearch"}]}
RESULT: undefined
COMMAND: POST /session/3ee3b59268b112783f98a37bc72cbb43/execute/async - {"script":"<script> [776 bytes]","args":[{"enterText":"KcpmxnzYhb","selector":{"id":"application-manageresources-display-component---masterRU--smartFilterBar-btnBasicSearch","interaction":{"idSuffix":"I"}},"clearTextFirst":true,"interactionType":"ENTER_TEXT"}]}
RESULT: {"script":"<script> [776 bytes]","args":[{"enterText":"KcpmxnzYhb","selector":{"id":"application-manageresources-display-component---masterRU--smartFilterBar-btnBasicSearch","interaction":{"idSuffix":"I"}},"clearTextFirst":true,"interactionType":"ENTER_TEXT"}]}
COMMAND: POST /session/3ee3b59268b112783f98a37bc72cbb43/actions - {"actions":[{"id":"action54","type":"key","parameters":{},"actions":[{"type":"keyDown","value":"î€‡"},{"type":"pause","duration":10},{"type":"keyUp","value":"î€‡"}]}]}
RESULT: {"actions":[{"id":"action54","type":"key","parameters":{},"actions":[{"type":"keyDown","value":"î€‡"},{"type":"pause","duration":10},{"type":"keyUp","value":"î€‡"}]}]}
COMMAND: GET /session/3ee3b59268b112783f98a37bc72cbb43/screenshot - {}
RESULT: {}
COMMAND: POST /session/3ee3b59268b112783f98a37bc72cbb43/execute/async - {"script":"<script> [1562 bytes]","args":[{"selector":{"id":"application-manageresources-display-component---masterRU--smartTable-header"},"wdio_ui5_key":"applicationmanageresources-display-component---masterRU--smartTable-header"}]}
RESULT: {"script":"<script> [1562 bytes]","args":[{"selector":{"id":"application-manageresources-display-component---masterRU--smartTable-header"},"wdio_ui5_key":"applicationmanageresources-display-component---masterRU--smartTable-header"}]}
RESULT: undefined
COMMAND: POST /session/3ee3b59268b112783f98a37bc72cbb43/execute/async - {"script":"<script> [6424 bytes]","args":[{"element-6066-11e4-a52e-4f735466cecf":"f.DDB2A020B38DABC090658DE2C1C505F0.d.2C1AF3349DC14A75D591088E817C74D6.e.12188"},"getText",[]]}
RESULT: {"script":"<script> [6424 bytes]","args":[{"element-6066-11e4-a52e-4f735466cecf":"f.DDB2A020B38DABC090658DE2C1C505F0.d.2C1AF3349DC14A75D591088E817C74D6.e.12188"},"getText",[]]}
COMMAND: POST /session/3ee3b59268b112783f98a37bc72cbb43/execute/async - {"script":"<script> [1562 bytes]","args":[{"selector":{"controlType":"sap.ui.core.Icon","viewName":"etm.portal.ui.manageresources.view.Master","viewId":"application-manageresources-display-component---masterRU","properties":{"src":{"regex":{"source":"slim\\-arrow\\-right"}}}},"wdio_ui5_key":"etmportal.ui.manageresources.view.Mastersap.ui.core.Icon{\"src\":{\"regex\":{\"source\":\"slim\\\\-arrow\\\\-right\"}}}"}]}
RESULT: {"script":"<script> [1562 bytes]","args":[{"selector":{"controlType":"sap.ui.core.Icon","viewName":"etm.portal.ui.manageresources.view.Master","viewId":"application-manageresources-display-component---masterRU","properties":{"src":{"regex":{"source":"slim\\-arrow\\-right"}}}},"wdio_ui5_key":"etmportal.ui.manageresources.view.Mastersap.ui.core.Icon{\"src\":{\"regex\":{\"source\":\"slim\\\\-arrow\\\\-right\"}}}"}]}
RESULT: undefined
COMMAND: POST /session/3ee3b59268b112783f98a37bc72cbb43/element - {"using":"xpath","value":"//*[@id=\"__item1243-__clone3260-imgNav\"]"}
RESULT: {"using":"xpath","value":"//*[@id=\"__item1243-__clone3260-imgNav\"]"}
COMMAND: POST /session/3ee3b59268b112783f98a37bc72cbb43/element/f.DDB2A020B38DABC090658DE2C1C505F0.d.2C1AF3349DC14A75D591088E817C74D6.e.12187/click - {}
RESULT: {}
COMMAND: GET /session/3ee3b59268b112783f98a37bc72cbb43/screenshot - {}
RESULT: {}
COMMAND: POST /session/3ee3b59268b112783f98a37bc72cbb43/element - {"using":"xpath","value":"//bdi[contains(text(), \"Edit\")]"}
RESULT: {"using":"xpath","value":"//bdi[contains(text(), \"Edit\")]"}
COMMAND: POST /session/3ee3b59268b112783f98a37bc72cbb43/execute/sync - {"script":"<script> [8489 bytes]","args":[{"element-6066-11e4-a52e-4f735466cecf":"f.DDB2A020B38DABC090658DE2C1C505F0.d.2C1AF3349DC14A75D591088E817C74D6.e.12299","ELEMENT":"f.DDB2A020B38DABC090658DE2C1C505F0.d.2C1AF3349DC14A75D591088E817C74D6.e.12299"}]}
RESULT: {"script":"<script> [8489 bytes]","args":[{"element-6066-11e4-a52e-4f735466cecf":"f.DDB2A020B38DABC090658DE2C1C505F0.d.2C1AF3349DC14A75D591088E817C74D6.e.12299","ELEMENT":"f.DDB2A020B38DABC090658DE2C1C505F0.d.2C1AF3349DC14A75D591088E817C74D6.e.12299"}]}
COMMAND: POST /session/3ee3b59268b112783f98a37bc72cbb43/element/f.DDB2A020B38DABC090658DE2C1C505F0.d.2C1AF3349DC14A75D591088E817C74D6.e.12299/click - {}
COMMAND: GET /session/3ee3b59268b112783f98a37bc72cbb43/screenshot - {}
RESULT: {}
COMMAND: GET /session/3ee3b59268b112783f98a37bc72cbb43/screenshot - {}
RESULT: {}
RESULT: {}
COMMAND: POST /session/3ee3b59268b112783f98a37bc72cbb43/execute/async - {"script":"<script> [1562 bytes]","args":[{"selector":{"id":"application-manageresources-display-component---editResource--editRruPage-anchBar-application-manageresources-display-component---editResource--counters-anchor","interaction":{"idSuffix":"BDI-content"}},"wdio_ui5_key":"applicationmanageresources-display-component---editResource--editRruPage-anchBar-application-manageresources-display-component---editResource--counters-anchor"}]}
RESULT: {"script":"<script> [1562 bytes]","args":[{"selector":{"id":"application-manageresources-display-component---editResource--editRruPage-anchBar-application-manageresources-display-component---editResource--counters-anchor","interaction":{"idSuffix":"BDI-content"}},"wdio_ui5_key":"applicationmanageresources-display-component---editResource--editRruPage-anchBar-application-manageresources-display-component---editResource--counters-anchor"}]}
RESULT: undefined
COMMAND: POST /session/3ee3b59268b112783f98a37bc72cbb43/element - {"using":"xpath","value":"//*[@id=\"application-manageresources-display-component---editResource--editRruPage-anchBar-application-manageresources-display-component---editResource--counters-anchor\"]"}
RESULT: {"using":"xpath","value":"//*[@id=\"application-manageresources-display-component---editResource--editRruPage-anchBar-application-manageresources-display-component---editResource--counters-anchor\"]"}
COMMAND: POST /session/3ee3b59268b112783f98a37bc72cbb43/element/f.DDB2A020B38DABC090658DE2C1C505F0.d.2C1AF3349DC14A75D591088E817C74D6.e.12556/click - {}
RESULT: {}
COMMAND: GET /session/3ee3b59268b112783f98a37bc72cbb43/screenshot - {}
RESULT: {}
COMMAND: POST /session/3ee3b59268b112783f98a37bc72cbb43/execute/async - {"script":"<script> [1562 bytes]","args":[{"selector":{"id":"application-manageresources-display-component---editResource--btnAddCounter-img"},"wdio_ui5_key":"applicationmanageresources-display-component---editResource--btnAddCounter-img"}]}
RESULT: {"script":"<script> [1562 bytes]","args":[{"selector":{"id":"application-manageresources-display-component---editResource--btnAddCounter-img"},"wdio_ui5_key":"applicationmanageresources-display-component---editResource--btnAddCounter-img"}]}
RESULT: undefined
COMMAND: POST /session/3ee3b59268b112783f98a37bc72cbb43/element - {"using":"xpath","value":"//*[@id=\"application-manageresources-display-component---editResource--btnAddCounter-img\"]"}
RESULT: {"using":"xpath","value":"//*[@id=\"application-manageresources-display-component---editResource--btnAddCounter-img\"]"}
COMMAND: POST /session/3ee3b59268b112783f98a37bc72cbb43/element/f.DDB2A020B38DABC090658DE2C1C505F0.d.2C1AF3349DC14A75D591088E817C74D6.e.12563/click - {}
RESULT: {}
COMMAND: POST /session/3ee3b59268b112783f98a37bc72cbb43/execute/async - {"script":"<script> [1562 bytes]","args":[{"selector":{"id":"application-manageresources-display-component---editResource--COUNTER_ID-application-manageresources-display-component---editResource--RUCounters-0-arrow"},"wdio_ui5_key":"applicationmanageresources-display-component---editResource--COUNTER_ID-application-manageresources-display-component---editResource--RUCounters-0-arrow"}]}
COMMAND: GET /session/3ee3b59268b112783f98a37bc72cbb43/screenshot - {}
RESULT: {"script":"<script> [1562 bytes]","args":[{"selector":{"id":"application-manageresources-display-component---editResource--COUNTER_ID-application-manageresources-display-component---editResource--RUCounters-0-arrow"},"wdio_ui5_key":"applicationmanageresources-display-component---editResource--COUNTER_ID-application-manageresources-display-component---editResource--RUCounters-0-arrow"}]}
RESULT: undefined
COMMAND: POST /session/3ee3b59268b112783f98a37bc72cbb43/element - {"using":"xpath","value":"//*[@id=\"application-manageresources-display-component---editResource--COUNTER_ID-application-manageresources-display-component---editResource--RUCounters-0-arrow\"]"}
RESULT: {}
RESULT: {"using":"xpath","value":"//*[@id=\"application-manageresources-display-component---editResource--COUNTER_ID-application-manageresources-display-component---editResource--RUCounters-0-arrow\"]"}
COMMAND: POST /session/3ee3b59268b112783f98a37bc72cbb43/element/f.DDB2A020B38DABC090658DE2C1C505F0.d.2C1AF3349DC14A75D591088E817C74D6.e.12576/click - {}
RESULT: {}
COMMAND: POST /session/3ee3b59268b112783f98a37bc72cbb43/execute/async - {"script":"<script> [1562 bytes]","args":[{"selector":{"controlType":"sap.m.StandardListItem","viewName":"etm.portal.ui.manageresources.view.EditResource","viewId":"application-manageresources-display-component---editResource","properties":{"title":"fuel"},"searchOpenDialogs":true,"interaction":{"idSuffix":"content"}},"wdio_ui5_key":"etmportal.ui.manageresources.view.EditResourcesap.m.StandardListItem{\"title\":\"fuel\"}"}]}
COMMAND: GET /session/3ee3b59268b112783f98a37bc72cbb43/screenshot - {}
RESULT: {"script":"<script> [1562 bytes]","args":[{"selector":{"controlType":"sap.m.StandardListItem","viewName":"etm.portal.ui.manageresources.view.EditResource","viewId":"application-manageresources-display-component---editResource","properties":{"title":"fuel"},"searchOpenDialogs":true,"interaction":{"idSuffix":"content"}},"wdio_ui5_key":"etmportal.ui.manageresources.view.EditResourcesap.m.StandardListItem{\"title\":\"fuel\"}"}]}
RESULT: undefined
COMMAND: POST /session/3ee3b59268b112783f98a37bc72cbb43/element - {"using":"xpath","value":"//*[@id=\"__item1571\"]"}
RESULT: {}
RESULT: {"using":"xpath","value":"//*[@id=\"__item1571\"]"}
COMMAND: POST /session/3ee3b59268b112783f98a37bc72cbb43/element/f.DDB2A020B38DABC090658DE2C1C505F0.d.2C1AF3349DC14A75D591088E817C74D6.e.12578/click - {}
RESULT: {}
COMMAND: POST /session/3ee3b59268b112783f98a37bc72cbb43/execute/async - {"script":"<script> [1562 bytes]","args":[{"selector":{"controlType":"sap.m.Button","viewName":"etm.portal.ui.manageresources.view.EditResource","viewId":"application-manageresources-display-component---editResource","i18NText":{"propertyName":"text","key":"save"},"interaction":{"idSuffix":"BDI-content"}},"wdio_ui5_key":"etmportal.ui.manageresources.view.EditResourcesap.m.Button{\"propertyName\":\"text\",\"key\":\"save\"}"}]}
COMMAND: GET /session/3ee3b59268b112783f98a37bc72cbb43/screenshot - {}
RESULT: {"script":"<script> [1562 bytes]","args":[{"selector":{"controlType":"sap.m.Button","viewName":"etm.portal.ui.manageresources.view.EditResource","viewId":"application-manageresources-display-component---editResource","i18NText":{"propertyName":"text","key":"save"},"interaction":{"idSuffix":"BDI-content"}},"wdio_ui5_key":"etmportal.ui.manageresources.view.EditResourcesap.m.Button{\"propertyName\":\"text\",\"key\":\"save\"}"}]}
RESULT: undefined
COMMAND: POST /session/3ee3b59268b112783f98a37bc72cbb43/element - {"using":"xpath","value":"//*[@id=\"__button200\"]"}
RESULT: {}
RESULT: {"using":"xpath","value":"//*[@id=\"__button200\"]"}
COMMAND: POST /session/3ee3b59268b112783f98a37bc72cbb43/element/f.DDB2A020B38DABC090658DE2C1C505F0.d.2C1AF3349DC14A75D591088E817C74D6.e.12580/click - {}
RESULT: {}
COMMAND: GET /session/3ee3b59268b112783f98a37bc72cbb43/screenshot - {}
RESULT: {}
COMMAND: POST /session/3ee3b59268b112783f98a37bc72cbb43/element - {"using":"css selector","value":"#shell-header-logo"}
RESULT: {"using":"css selector","value":"#shell-header-logo"}
COMMAND: POST /session/3ee3b59268b112783f98a37bc72cbb43/element/f.DDB2A020B38DABC090658DE2C1C505F0.d.2C1AF3349DC14A75D591088E817C74D6.e.12006/click - {}
RESULT: {}
COMMAND: GET /session/3ee3b59268b112783f98a37bc72cbb43/screenshot - {}
RESULT: {}
]]></system-out>
    </testcase>
  </testsuite>
  <testsuite timestamp="2025-06-04T17:59:18" time="1236.395" tests="20" failures="14" errors="14" skipped="0">
    <properties>
      <property name="specId" value="0" />
      <property name="suiteName" value="Billing Calculation - Time based (considering transport times) US139738" />
      <property name="capabilities" value="chrome.137_0_7151_56.windows" />
      <property name="file" value="file:///D:/a/1/s/test/specs/BTS/billing-calculation-transp-times.spec.js" />
    </properties>
    <testcase classname="chrome.137_0_7151_56.windows.Billing_Calculation_-_Time_based_(considering_transport_times)_US139738" name="Should create a new yard" time="0.015">
      <system-out><![CDATA[
COMMAND: POST /session/3ee3b59268b112783f98a37bc72cbb43/window/fullscreen - {}
RESULT: {}
]]></system-out>
    </testcase>
    <testcase classname="chrome.137_0_7151_56.windows.Billing_Calculation_-_Time_based_(considering_transport_times)_US139738" name="Should create a new partner" time="0.001" />
    <testcase classname="chrome.137_0_7151_56.windows.Billing_Calculation_-_Time_based_(considering_transport_times)_US139738" name="Should create a new site" time="0.002" />
    <testcase classname="chrome.137_0_7151_56.windows.Billing_Calculation_-_Time_based_(considering_transport_times)_US139738" name="Should create the equipment" time="136.865">
      <system-out><![CDATA[
COMMAND: POST /session/3ee3b59268b112783f98a37bc72cbb43/execute/async - {"script":"<script> [1562 bytes]","args":[{"selector":{"controlType":"sap.m.GenericTile","properties":{"header":"Manage Resources"}},"wdio_ui5_key":"sapm.GenericTile{\"header\":\"Manage Resources\"}"}]}
RESULT: {"script":"<script> [1562 bytes]","args":[{"selector":{"controlType":"sap.m.GenericTile","properties":{"header":"Manage Resources"}},"wdio_ui5_key":"sapm.GenericTile{\"header\":\"Manage Resources\"}"}]}
RESULT: undefined
COMMAND: POST /session/3ee3b59268b112783f98a37bc72cbb43/element - {"using":"xpath","value":"//*[@id=\"__tile39\"]"}
RESULT: {"using":"xpath","value":"//*[@id=\"__tile39\"]"}
COMMAND: POST /session/3ee3b59268b112783f98a37bc72cbb43/element/f.DDB2A020B38DABC090658DE2C1C505F0.d.446F12A781E9697B9C168DC42EB1698A.e.13160/click - {}
RESULT: {}
COMMAND: GET /session/3ee3b59268b112783f98a37bc72cbb43/screenshot - {}
RESULT: {}
COMMAND: POST /session/3ee3b59268b112783f98a37bc72cbb43/elements - {"using":"xpath","value":"//span[text()='Error']"}
RESULT: {"using":"xpath","value":"//span[text()='Error']"}
COMMAND: POST /session/3ee3b59268b112783f98a37bc72cbb43/element - {"using":"xpath","value":"//button[@data-kt=\"addNewRUOverflowToolbarButton\"]"}
RESULT: {"using":"xpath","value":"//button[@data-kt=\"addNewRUOverflowToolbarButton\"]"}
COMMAND: POST /session/3ee3b59268b112783f98a37bc72cbb43/elements - {"using":"xpath","value":"//button[@data-kt=\"addNewRUOverflowToolbarButton\"]"}
RESULT: {"using":"xpath","value":"//button[@data-kt=\"addNewRUOverflowToolbarButton\"]"}
COMMAND: POST /session/3ee3b59268b112783f98a37bc72cbb43/elements - {"using":"xpath","value":"//button[@data-kt=\"addNewRUOverflowToolbarButton\"]"}
RESULT: {"using":"xpath","value":"//button[@data-kt=\"addNewRUOverflowToolbarButton\"]"}
COMMAND: POST /session/3ee3b59268b112783f98a37bc72cbb43/elements - {"using":"xpath","value":"//button[@data-kt=\"addNewRUOverflowToolbarButton\"]"}
RESULT: {"using":"xpath","value":"//button[@data-kt=\"addNewRUOverflowToolbarButton\"]"}
COMMAND: POST /session/3ee3b59268b112783f98a37bc72cbb43/elements - {"using":"xpath","value":"//button[@data-kt=\"addNewRUOverflowToolbarButton\"]"}
RESULT: {"using":"xpath","value":"//button[@data-kt=\"addNewRUOverflowToolbarButton\"]"}
COMMAND: POST /session/3ee3b59268b112783f98a37bc72cbb43/elements - {"using":"xpath","value":"//button[@data-kt=\"addNewRUOverflowToolbarButton\"]"}
RESULT: {"using":"xpath","value":"//button[@data-kt=\"addNewRUOverflowToolbarButton\"]"}
COMMAND: POST /session/3ee3b59268b112783f98a37bc72cbb43/elements - {"using":"xpath","value":"//button[@data-kt=\"addNewRUOverflowToolbarButton\"]"}
RESULT: {"using":"xpath","value":"//button[@data-kt=\"addNewRUOverflowToolbarButton\"]"}
COMMAND: POST /session/3ee3b59268b112783f98a37bc72cbb43/elements - {"using":"xpath","value":"//button[@data-kt=\"addNewRUOverflowToolbarButton\"]"}
RESULT: {"using":"xpath","value":"//button[@data-kt=\"addNewRUOverflowToolbarButton\"]"}
COMMAND: POST /session/3ee3b59268b112783f98a37bc72cbb43/elements - {"using":"xpath","value":"//button[@data-kt=\"addNewRUOverflowToolbarButton\"]"}
RESULT: {"using":"xpath","value":"//button[@data-kt=\"addNewRUOverflowToolbarButton\"]"}
COMMAND: POST /session/3ee3b59268b112783f98a37bc72cbb43/elements - {"using":"xpath","value":"//button[@data-kt=\"addNewRUOverflowToolbarButton\"]"}
RESULT: {"using":"xpath","value":"//button[@data-kt=\"addNewRUOverflowToolbarButton\"]"}
COMMAND: POST /session/3ee3b59268b112783f98a37bc72cbb43/elements - {"using":"xpath","value":"//button[@data-kt=\"addNewRUOverflowToolbarButton\"]"}
RESULT: {"using":"xpath","value":"//button[@data-kt=\"addNewRUOverflowToolbarButton\"]"}
COMMAND: POST /session/3ee3b59268b112783f98a37bc72cbb43/element - {"using":"xpath","value":"//button[@data-kt=\"addNewRUOverflowToolbarButton\"]"}
RESULT: {"using":"xpath","value":"//button[@data-kt=\"addNewRUOverflowToolbarButton\"]"}
COMMAND: POST /session/3ee3b59268b112783f98a37bc72cbb43/execute/sync - {"script":"<script> [8489 bytes]","args":[{"element-6066-11e4-a52e-4f735466cecf":"f.DDB2A020B38DABC090658DE2C1C505F0.d.446F12A781E9697B9C168DC42EB1698A.e.13304","ELEMENT":"f.DDB2A020B38DABC090658DE2C1C505F0.d.446F12A781E9697B9C168DC42EB1698A.e.13304"}]}
RESULT: {"script":"<script> [8489 bytes]","args":[{"element-6066-11e4-a52e-4f735466cecf":"f.DDB2A020B38DABC090658DE2C1C505F0.d.446F12A781E9697B9C168DC42EB1698A.e.13304","ELEMENT":"f.DDB2A020B38DABC090658DE2C1C505F0.d.446F12A781E9697B9C168DC42EB1698A.e.13304"}]}
COMMAND: GET /session/3ee3b59268b112783f98a37bc72cbb43/element/f.DDB2A020B38DABC090658DE2C1C505F0.d.446F12A781E9697B9C168DC42EB1698A.e.13304/enabled - {}
COMMAND: GET /session/3ee3b59268b112783f98a37bc72cbb43/screenshot - {}
RESULT: {}
COMMAND: POST /session/3ee3b59268b112783f98a37bc72cbb43/execute/sync - {"script":"<script> [8489 bytes]","args":[{"element-6066-11e4-a52e-4f735466cecf":"f.DDB2A020B38DABC090658DE2C1C505F0.d.446F12A781E9697B9C168DC42EB1698A.e.13304","ELEMENT":"f.DDB2A020B38DABC090658DE2C1C505F0.d.446F12A781E9697B9C168DC42EB1698A.e.13304"}]}
COMMAND: GET /session/3ee3b59268b112783f98a37bc72cbb43/screenshot - {}
RESULT: {}
RESULT: {"script":"<script> [8489 bytes]","args":[{"element-6066-11e4-a52e-4f735466cecf":"f.DDB2A020B38DABC090658DE2C1C505F0.d.446F12A781E9697B9C168DC42EB1698A.e.13304","ELEMENT":"f.DDB2A020B38DABC090658DE2C1C505F0.d.446F12A781E9697B9C168DC42EB1698A.e.13304"}]}
COMMAND: POST /session/3ee3b59268b112783f98a37bc72cbb43/execute/sync - {"script":"<script> [5351 bytes]","args":[{"element-6066-11e4-a52e-4f735466cecf":"f.DDB2A020B38DABC090658DE2C1C505F0.d.446F12A781E9697B9C168DC42EB1698A.e.13304","ELEMENT":"f.DDB2A020B38DABC090658DE2C1C505F0.d.446F12A781E9697B9C168DC42EB1698A.e.13304"}]}
COMMAND: GET /session/3ee3b59268b112783f98a37bc72cbb43/screenshot - {}
RESULT: {}
RESULT: {"script":"<script> [5351 bytes]","args":[{"element-6066-11e4-a52e-4f735466cecf":"f.DDB2A020B38DABC090658DE2C1C505F0.d.446F12A781E9697B9C168DC42EB1698A.e.13304","ELEMENT":"f.DDB2A020B38DABC090658DE2C1C505F0.d.446F12A781E9697B9C168DC42EB1698A.e.13304"}]}
COMMAND: POST /session/3ee3b59268b112783f98a37bc72cbb43/element/f.DDB2A020B38DABC090658DE2C1C505F0.d.446F12A781E9697B9C168DC42EB1698A.e.13304/click - {}
COMMAND: GET /session/3ee3b59268b112783f98a37bc72cbb43/screenshot - {}
RESULT: {}
RESULT: {}
COMMAND: GET /session/3ee3b59268b112783f98a37bc72cbb43/screenshot - {}
RESULT: {}
COMMAND: POST /session/3ee3b59268b112783f98a37bc72cbb43/execute/async - {"script":"<script> [1562 bytes]","args":[{"selector":{"id":"application-manageresources-display-component---newResourceUnit--TYPE-arrow"},"wdio_ui5_key":"applicationmanageresources-display-component---newResourceUnit--TYPE-arrow"}]}
RESULT: {}
RESULT: {"script":"<script> [1562 bytes]","args":[{"selector":{"id":"application-manageresources-display-component---newResourceUnit--TYPE-arrow"},"wdio_ui5_key":"applicationmanageresources-display-component---newResourceUnit--TYPE-arrow"}]}
RESULT: undefined
COMMAND: POST /session/3ee3b59268b112783f98a37bc72cbb43/element - {"using":"xpath","value":"//*[@id=\"application-manageresources-display-component---newResourceUnit--TYPE-arrow\"]"}
RESULT: {"using":"xpath","value":"//*[@id=\"application-manageresources-display-component---newResourceUnit--TYPE-arrow\"]"}
COMMAND: POST /session/3ee3b59268b112783f98a37bc72cbb43/element/f.DDB2A020B38DABC090658DE2C1C505F0.d.446F12A781E9697B9C168DC42EB1698A.e.13651/click - {}
RESULT: {}
COMMAND: POST /session/3ee3b59268b112783f98a37bc72cbb43/element - {"using":"xpath","value":"//input[@id=\"application-manageresources-display-component---newResourceUnit--TYPE-inner\"]"}
COMMAND: GET /session/3ee3b59268b112783f98a37bc72cbb43/screenshot - {}
RESULT: {"using":"xpath","value":"//input[@id=\"application-manageresources-display-component---newResourceUnit--TYPE-inner\"]"}
COMMAND: POST /session/3ee3b59268b112783f98a37bc72cbb43/element/f.DDB2A020B38DABC090658DE2C1C505F0.d.446F12A781E9697B9C168DC42EB1698A.e.13644/clear - {}
RESULT: {}
RESULT: {}
COMMAND: POST /session/3ee3b59268b112783f98a37bc72cbb43/element/f.DDB2A020B38DABC090658DE2C1C505F0.d.446F12A781E9697B9C168DC42EB1698A.e.13644/value - {"text":"Equipment"}
COMMAND: GET /session/3ee3b59268b112783f98a37bc72cbb43/screenshot - {}
RESULT: {"text":"Equipment"}
COMMAND: GET /session/3ee3b59268b112783f98a37bc72cbb43/screenshot - {}
RESULT: {}
RESULT: {}
COMMAND: POST /session/3ee3b59268b112783f98a37bc72cbb43/actions - {"actions":[{"id":"action56","type":"key","parameters":{},"actions":[{"type":"keyDown","value":"î€‡"},{"type":"pause","duration":10},{"type":"keyUp","value":"î€‡"}]}]}
RESULT: {"actions":[{"id":"action56","type":"key","parameters":{},"actions":[{"type":"keyDown","value":"î€‡"},{"type":"pause","duration":10},{"type":"keyUp","value":"î€‡"}]}]}
COMMAND: POST /session/3ee3b59268b112783f98a37bc72cbb43/execute/async - {"script":"<script> [1562 bytes]","args":[{"selector":{"id":"application-manageresources-display-component---newResourceUnit--resourceId","interaction":{"idSuffix":"inner"}},"wdio_ui5_key":"applicationmanageresources-display-component---newResourceUnit--resourceId"}]}
COMMAND: GET /session/3ee3b59268b112783f98a37bc72cbb43/screenshot - {}
RESULT: {"script":"<script> [1562 bytes]","args":[{"selector":{"id":"application-manageresources-display-component---newResourceUnit--resourceId","interaction":{"idSuffix":"inner"}},"wdio_ui5_key":"applicationmanageresources-display-component---newResourceUnit--resourceId"}]}
RESULT: undefined
COMMAND: POST /session/3ee3b59268b112783f98a37bc72cbb43/execute/async - {"script":"<script> [776 bytes]","args":[{"enterText":"UiGiqn3Obn","selector":{"id":"application-manageresources-display-component---newResourceUnit--resourceId","interaction":{"idSuffix":"inner"}},"clearTextFirst":true,"interactionType":"ENTER_TEXT"}]}
RESULT: {}
RESULT: {"script":"<script> [776 bytes]","args":[{"enterText":"UiGiqn3Obn","selector":{"id":"application-manageresources-display-component---newResourceUnit--resourceId","interaction":{"idSuffix":"inner"}},"clearTextFirst":true,"interactionType":"ENTER_TEXT"}]}
COMMAND: POST /session/3ee3b59268b112783f98a37bc72cbb43/execute/async - {"script":"<script> [1562 bytes]","args":[{"selector":{"id":"application-manageresources-display-component---newResourceUnit--SHORT_TEXT","interaction":{"idSuffix":"inner"}},"wdio_ui5_key":"applicationmanageresources-display-component---newResourceUnit--SHORT_TEXT"}]}
RESULT: {"script":"<script> [1562 bytes]","args":[{"selector":{"id":"application-manageresources-display-component---newResourceUnit--SHORT_TEXT","interaction":{"idSuffix":"inner"}},"wdio_ui5_key":"applicationmanageresources-display-component---newResourceUnit--SHORT_TEXT"}]}
RESULT: undefined
COMMAND: POST /session/3ee3b59268b112783f98a37bc72cbb43/execute/async - {"script":"<script> [776 bytes]","args":[{"enterText":"Intercompany Equipment WDIO","selector":{"id":"application-manageresources-display-component---newResourceUnit--SHORT_TEXT","interaction":{"idSuffix":"inner"}},"clearTextFirst":true,"interactionType":"ENTER_TEXT"}]}
RESULT: {"script":"<script> [776 bytes]","args":[{"enterText":"Intercompany Equipment WDIO","selector":{"id":"application-manageresources-display-component---newResourceUnit--SHORT_TEXT","interaction":{"idSuffix":"inner"}},"clearTextFirst":true,"interactionType":"ENTER_TEXT"}]}
COMMAND: POST /session/3ee3b59268b112783f98a37bc72cbb43/execute/async - {"script":"<script> [1562 bytes]","args":[{"selector":{"id":"application-manageresources-display-component---newResourceUnit--BASE_UNIT_OF_MEASURE","interaction":{"idSuffix":"inner"}},"wdio_ui5_key":"applicationmanageresources-display-component---newResourceUnit--BASE_UNIT_OF_MEASURE"}]}
RESULT: {"script":"<script> [1562 bytes]","args":[{"selector":{"id":"application-manageresources-display-component---newResourceUnit--BASE_UNIT_OF_MEASURE","interaction":{"idSuffix":"inner"}},"wdio_ui5_key":"applicationmanageresources-display-component---newResourceUnit--BASE_UNIT_OF_MEASURE"}]}
RESULT: undefined
COMMAND: POST /session/3ee3b59268b112783f98a37bc72cbb43/execute/async - {"script":"<script> [776 bytes]","args":[{"enterText":"Piece","selector":{"id":"application-manageresources-display-component---newResourceUnit--BASE_UNIT_OF_MEASURE","interaction":{"idSuffix":"inner"}},"clearTextFirst":true,"interactionType":"ENTER_TEXT"}]}
RESULT: {"script":"<script> [776 bytes]","args":[{"enterText":"Piece","selector":{"id":"application-manageresources-display-component---newResourceUnit--BASE_UNIT_OF_MEASURE","interaction":{"idSuffix":"inner"}},"clearTextFirst":true,"interactionType":"ENTER_TEXT"}]}
COMMAND: POST /session/3ee3b59268b112783f98a37bc72cbb43/execute/async - {"script":"<script> [1562 bytes]","args":[{"selector":{"id":"application-manageresources-display-component---newResourceUnit--WEIGHT_UNIT","interaction":{"idSuffix":"inner"}},"wdio_ui5_key":"applicationmanageresources-display-component---newResourceUnit--WEIGHT_UNIT"}]}
RESULT: {"script":"<script> [1562 bytes]","args":[{"selector":{"id":"application-manageresources-display-component---newResourceUnit--WEIGHT_UNIT","interaction":{"idSuffix":"inner"}},"wdio_ui5_key":"applicationmanageresources-display-component---newResourceUnit--WEIGHT_UNIT"}]}
RESULT: undefined
COMMAND: POST /session/3ee3b59268b112783f98a37bc72cbb43/execute/async - {"script":"<script> [776 bytes]","args":[{"enterText":"Gram","selector":{"id":"application-manageresources-display-component---newResourceUnit--WEIGHT_UNIT","interaction":{"idSuffix":"inner"}},"clearTextFirst":true,"interactionType":"ENTER_TEXT"}]}
RESULT: {"script":"<script> [776 bytes]","args":[{"enterText":"Gram","selector":{"id":"application-manageresources-display-component---newResourceUnit--WEIGHT_UNIT","interaction":{"idSuffix":"inner"}},"clearTextFirst":true,"interactionType":"ENTER_TEXT"}]}
COMMAND: POST /session/3ee3b59268b112783f98a37bc72cbb43/execute/async - {"script":"<script> [1562 bytes]","args":[{"selector":{"id":"application-manageresources-display-component---newResourceUnit--DIMENSION_UNIT","interaction":{"idSuffix":"inner"}},"wdio_ui5_key":"applicationmanageresources-display-component---newResourceUnit--DIMENSION_UNIT"}]}
RESULT: {"script":"<script> [1562 bytes]","args":[{"selector":{"id":"application-manageresources-display-component---newResourceUnit--DIMENSION_UNIT","interaction":{"idSuffix":"inner"}},"wdio_ui5_key":"applicationmanageresources-display-component---newResourceUnit--DIMENSION_UNIT"}]}
RESULT: undefined
COMMAND: POST /session/3ee3b59268b112783f98a37bc72cbb43/execute/async - {"script":"<script> [776 bytes]","args":[{"enterText":"Meter","selector":{"id":"application-manageresources-display-component---newResourceUnit--DIMENSION_UNIT","interaction":{"idSuffix":"inner"}},"clearTextFirst":true,"interactionType":"ENTER_TEXT"}]}
RESULT: {"script":"<script> [776 bytes]","args":[{"enterText":"Meter","selector":{"id":"application-manageresources-display-component---newResourceUnit--DIMENSION_UNIT","interaction":{"idSuffix":"inner"}},"clearTextFirst":true,"interactionType":"ENTER_TEXT"}]}
COMMAND: POST /session/3ee3b59268b112783f98a37bc72cbb43/execute/async - {"script":"<script> [1562 bytes]","args":[{"selector":{"id":"application-manageresources-display-component---newResourceUnit--newRRUPage-anchBar-application-manageresources-display-component---newResourceUnit--control-anchor","interaction":{"idSuffix":"BDI-content"}},"wdio_ui5_key":"applicationmanageresources-display-component---newResourceUnit--newRRUPage-anchBar-application-manageresources-display-component---newResourceUnit--control-anchor"}]}
RESULT: {"script":"<script> [1562 bytes]","args":[{"selector":{"id":"application-manageresources-display-component---newResourceUnit--newRRUPage-anchBar-application-manageresources-display-component---newResourceUnit--control-anchor","interaction":{"idSuffix":"BDI-content"}},"wdio_ui5_key":"applicationmanageresources-display-component---newResourceUnit--newRRUPage-anchBar-application-manageresources-display-component---newResourceUnit--control-anchor"}]}
RESULT: undefined
COMMAND: POST /session/3ee3b59268b112783f98a37bc72cbb43/element - {"using":"xpath","value":"//*[@id=\"application-manageresources-display-component---newResourceUnit--newRRUPage-anchBar-application-manageresources-display-component---newResourceUnit--control-anchor\"]"}
RESULT: {"using":"xpath","value":"//*[@id=\"application-manageresources-display-component---newResourceUnit--newRRUPage-anchBar-application-manageresources-display-component---newResourceUnit--control-anchor\"]"}
COMMAND: POST /session/3ee3b59268b112783f98a37bc72cbb43/element/f.DDB2A020B38DABC090658DE2C1C505F0.d.446F12A781E9697B9C168DC42EB1698A.e.13809/click - {}
RESULT: {}
COMMAND: POST /session/3ee3b59268b112783f98a37bc72cbb43/execute/async - {"script":"<script> [1562 bytes]","args":[{"selector":{"id":"application-manageresources-display-component---newResourceUnit--PLANNING_GROUP","interaction":{"idSuffix":"inner"}},"wdio_ui5_key":"applicationmanageresources-display-component---newResourceUnit--PLANNING_GROUP"}]}
COMMAND: GET /session/3ee3b59268b112783f98a37bc72cbb43/screenshot - {}
RESULT: {"script":"<script> [1562 bytes]","args":[{"selector":{"id":"application-manageresources-display-component---newResourceUnit--PLANNING_GROUP","interaction":{"idSuffix":"inner"}},"wdio_ui5_key":"applicationmanageresources-display-component---newResourceUnit--PLANNING_GROUP"}]}
RESULT: undefined
COMMAND: POST /session/3ee3b59268b112783f98a37bc72cbb43/execute/async - {"script":"<script> [776 bytes]","args":[{"enterText":"Heavy Equi","selector":{"id":"application-manageresources-display-component---newResourceUnit--PLANNING_GROUP","interaction":{"idSuffix":"inner"}},"clearTextFirst":true,"interactionType":"ENTER_TEXT"}]}
RESULT: {}
RESULT: {"script":"<script> [776 bytes]","args":[{"enterText":"Heavy Equi","selector":{"id":"application-manageresources-display-component---newResourceUnit--PLANNING_GROUP","interaction":{"idSuffix":"inner"}},"clearTextFirst":true,"interactionType":"ENTER_TEXT"}]}
COMMAND: POST /session/3ee3b59268b112783f98a37bc72cbb43/execute/async - {"script":"<script> [1562 bytes]","args":[{"selector":{"id":"application-manageresources-display-component---newResourceUnit--ITEM_TYPE-arrow"},"wdio_ui5_key":"applicationmanageresources-display-component---newResourceUnit--ITEM_TYPE-arrow"}]}
RESULT: {"script":"<script> [1562 bytes]","args":[{"selector":{"id":"application-manageresources-display-component---newResourceUnit--ITEM_TYPE-arrow"},"wdio_ui5_key":"applicationmanageresources-display-component---newResourceUnit--ITEM_TYPE-arrow"}]}
RESULT: undefined
COMMAND: POST /session/3ee3b59268b112783f98a37bc72cbb43/element - {"using":"xpath","value":"//*[@id=\"application-manageresources-display-component---newResourceUnit--ITEM_TYPE-arrow\"]"}
RESULT: {"using":"xpath","value":"//*[@id=\"application-manageresources-display-component---newResourceUnit--ITEM_TYPE-arrow\"]"}
COMMAND: POST /session/3ee3b59268b112783f98a37bc72cbb43/element/f.DDB2A020B38DABC090658DE2C1C505F0.d.446F12A781E9697B9C168DC42EB1698A.e.13816/click - {}
RESULT: {}
COMMAND: POST /session/3ee3b59268b112783f98a37bc72cbb43/element - {"using":"xpath","value":"//ul[contains(@id,\"ITEM_TYPE-popup-list-listUl\")]//li[.//span[contains(text(),\"Resource Unit\")]]"}
COMMAND: GET /session/3ee3b59268b112783f98a37bc72cbb43/screenshot - {}
RESULT: {"using":"xpath","value":"//ul[contains(@id,\"ITEM_TYPE-popup-list-listUl\")]//li[.//span[contains(text(),\"Resource Unit\")]]"}
COMMAND: POST /session/3ee3b59268b112783f98a37bc72cbb43/element/f.DDB2A020B38DABC090658DE2C1C505F0.d.446F12A781E9697B9C168DC42EB1698A.e.13817/click - {}
RESULT: {}
RESULT: {}
COMMAND: GET /session/3ee3b59268b112783f98a37bc72cbb43/screenshot - {}
RESULT: {}
COMMAND: POST /session/3ee3b59268b112783f98a37bc72cbb43/element - {"using":"css selector","value":"#application-manageresources-display-component---newResourceUnit--btnAddTimeSegment"}
RESULT: {"using":"css selector","value":"#application-manageresources-display-component---newResourceUnit--btnAddTimeSegment"}
COMMAND: GET /session/3ee3b59268b112783f98a37bc72cbb43/element/f.DDB2A020B38DABC090658DE2C1C505F0.d.446F12A781E9697B9C168DC42EB1698A.e.13824/rect - {}
RESULT: {}
COMMAND: GET /session/3ee3b59268b112783f98a37bc72cbb43/window/rect - {}
RESULT: {}
COMMAND: POST /session/3ee3b59268b112783f98a37bc72cbb43/execute/sync - {"script":"<script> [92 bytes]","args":[]}
RESULT: {"script":"<script> [92 bytes]","args":[]}
COMMAND: POST /session/3ee3b59268b112783f98a37bc72cbb43/actions - {"actions":[{"id":"action57","type":"wheel","parameters":{},"actions":[{"type":"scroll","x":-1888,"y":-32,"deltaX":0,"deltaY":0,"duration":0,"origin":{"element-6066-11e4-a52e-4f735466cecf":"f.DDB2A020B38DABC090658DE2C1C505F0.d.446F12A781E9697B9C168DC42EB1698A.e.13824"}}]}]}
COMMAND: GET /session/3ee3b59268b112783f98a37bc72cbb43/screenshot - {}
RESULT: {}
COMMAND: POST /session/3ee3b59268b112783f98a37bc72cbb43/execute/sync - {"script":"<script> [79 bytes]","args":[{"element-6066-11e4-a52e-4f735466cecf":"f.DDB2A020B38DABC090658DE2C1C505F0.d.446F12A781E9697B9C168DC42EB1698A.e.13824","ELEMENT":"f.DDB2A020B38DABC090658DE2C1C505F0.d.446F12A781E9697B9C168DC42EB1698A.e.13824"},{"block":"start","inline":"nearest"}]}
RESULT: {"script":"<script> [79 bytes]","args":[{"element-6066-11e4-a52e-4f735466cecf":"f.DDB2A020B38DABC090658DE2C1C505F0.d.446F12A781E9697B9C168DC42EB1698A.e.13824","ELEMENT":"f.DDB2A020B38DABC090658DE2C1C505F0.d.446F12A781E9697B9C168DC42EB1698A.e.13824"},{"block":"start","inline":"nearest"}]}
COMMAND: POST /session/3ee3b59268b112783f98a37bc72cbb43/execute/async - {"script":"<script> [1562 bytes]","args":[{"selector":{"id":"application-manageresources-display-component---newResourceUnit--btnAddTimeSegment","interaction":{"idSuffix":"inner"}},"wdio_ui5_key":"applicationmanageresources-display-component---newResourceUnit--btnAddTimeSegment"}]}
COMMAND: GET /session/3ee3b59268b112783f98a37bc72cbb43/screenshot - {}
RESULT: {"script":"<script> [1562 bytes]","args":[{"selector":{"id":"application-manageresources-display-component---newResourceUnit--btnAddTimeSegment","interaction":{"idSuffix":"inner"}},"wdio_ui5_key":"applicationmanageresources-display-component---newResourceUnit--btnAddTimeSegment"}]}
RESULT: undefined
COMMAND: POST /session/3ee3b59268b112783f98a37bc72cbb43/element - {"using":"xpath","value":"//*[@id=\"application-manageresources-display-component---newResourceUnit--btnAddTimeSegment\"]"}
RESULT: {}
RESULT: {"using":"xpath","value":"//*[@id=\"application-manageresources-display-component---newResourceUnit--btnAddTimeSegment\"]"}
COMMAND: POST /session/3ee3b59268b112783f98a37bc72cbb43/element/f.DDB2A020B38DABC090658DE2C1C505F0.d.446F12A781E9697B9C168DC42EB1698A.e.13824/click - {}
RESULT: {}
COMMAND: GET /session/3ee3b59268b112783f98a37bc72cbb43/screenshot - {}
RESULT: {}
COMMAND: POST /session/3ee3b59268b112783f98a37bc72cbb43/element - {"using":"xpath","value":"//input[@id=\"application-manageresources-display-component---newResourceUnit--idRuTSAdmin-application-manageresources-display-component---newResourceUnit--RUTimeSegment-0-inner\"]"}
RESULT: {"using":"xpath","value":"//input[@id=\"application-manageresources-display-component---newResourceUnit--idRuTSAdmin-application-manageresources-display-component---newResourceUnit--RUTimeSegment-0-inner\"]"}
COMMAND: POST /session/3ee3b59268b112783f98a37bc72cbb43/element/f.DDB2A020B38DABC090658DE2C1C505F0.d.446F12A781E9697B9C168DC42EB1698A.e.13830/clear - {}
RESULT: {}
COMMAND: POST /session/3ee3b59268b112783f98a37bc72cbb43/element/f.DDB2A020B38DABC090658DE2C1C505F0.d.446F12A781E9697B9C168DC42EB1698A.e.13830/value - {"text":"662"}
COMMAND: GET /session/3ee3b59268b112783f98a37bc72cbb43/screenshot - {}
RESULT: {"text":"662"}
COMMAND: GET /session/3ee3b59268b112783f98a37bc72cbb43/screenshot - {}
RESULT: {}
RESULT: {}
COMMAND: POST /session/3ee3b59268b112783f98a37bc72cbb43/element - {"using":"xpath","value":"//li[.//span[text()='662']]"}
RESULT: {"using":"xpath","value":"//li[.//span[text()='662']]"}
COMMAND: POST /session/3ee3b59268b112783f98a37bc72cbb43/element/f.DDB2A020B38DABC090658DE2C1C505F0.d.446F12A781E9697B9C168DC42EB1698A.e.13842/click - {}
RESULT: {}
COMMAND: GET /session/3ee3b59268b112783f98a37bc72cbb43/screenshot - {}
RESULT: {}
COMMAND: POST /session/3ee3b59268b112783f98a37bc72cbb43/element - {"using":"xpath","value":"(//span[contains(@id, \"-application-manageresources-display-component---newResourceUnit--RUTimeSegment-0-arrow\")])[6]"}
RESULT: {"using":"xpath","value":"(//span[contains(@id, \"-application-manageresources-display-component---newResourceUnit--RUTimeSegment-0-arrow\")])[6]"}
COMMAND: POST /session/3ee3b59268b112783f98a37bc72cbb43/element/f.DDB2A020B38DABC090658DE2C1C505F0.d.446F12A781E9697B9C168DC42EB1698A.e.13843/click - {}
RESULT: {}
COMMAND: GET /session/3ee3b59268b112783f98a37bc72cbb43/screenshot - {}
RESULT: {}
COMMAND: POST /session/3ee3b59268b112783f98a37bc72cbb43/element - {"using":"xpath","value":"//span[contains(text(), \"PM Order\")]"}
RESULT: {"using":"xpath","value":"//span[contains(text(), \"PM Order\")]"}
COMMAND: POST /session/3ee3b59268b112783f98a37bc72cbb43/element/f.DDB2A020B38DABC090658DE2C1C505F0.d.446F12A781E9697B9C168DC42EB1698A.e.13846/click - {}
RESULT: {}
COMMAND: GET /session/3ee3b59268b112783f98a37bc72cbb43/screenshot - {}
RESULT: {}
COMMAND: POST /session/3ee3b59268b112783f98a37bc72cbb43/element - {"using":"xpath","value":"(//span[contains(@id ,\"manageresources-display-component---newResourceUnit--RUTimeSegment-0-vhi\")])[1]"}
RESULT: {"using":"xpath","value":"(//span[contains(@id ,\"manageresources-display-component---newResourceUnit--RUTimeSegment-0-vhi\")])[1]"}
COMMAND: GET /session/3ee3b59268b112783f98a37bc72cbb43/element/f.DDB2A020B38DABC090658DE2C1C505F0.d.446F12A781E9697B9C168DC42EB1698A.e.13850/rect - {}
RESULT: {}
COMMAND: GET /session/3ee3b59268b112783f98a37bc72cbb43/window/rect - {}
RESULT: {}
COMMAND: POST /session/3ee3b59268b112783f98a37bc72cbb43/execute/sync - {"script":"<script> [92 bytes]","args":[]}
RESULT: {"script":"<script> [92 bytes]","args":[]}
COMMAND: POST /session/3ee3b59268b112783f98a37bc72cbb43/actions - {"actions":[{"id":"action58","type":"wheel","parameters":{},"actions":[{"type":"scroll","x":-869,"y":-24,"deltaX":0,"deltaY":0,"duration":0,"origin":{"element-6066-11e4-a52e-4f735466cecf":"f.DDB2A020B38DABC090658DE2C1C505F0.d.446F12A781E9697B9C168DC42EB1698A.e.13850"}}]}]}
COMMAND: GET /session/3ee3b59268b112783f98a37bc72cbb43/screenshot - {}
RESULT: {"actions":[{"id":"action58","type":"wheel","parameters":{},"actions":[{"type":"scroll","x":-869,"y":-24,"deltaX":0,"deltaY":0,"duration":0,"origin":{"element-6066-11e4-a52e-4f735466cecf":"f.DDB2A020B38DABC090658DE2C1C505F0.d.446F12A781E9697B9C168DC42EB1698A.e.13850"}}]}]}
COMMAND: DELETE /session/3ee3b59268b112783f98a37bc72cbb43/actions - {}
COMMAND: GET /session/3ee3b59268b112783f98a37bc72cbb43/screenshot - {}
RESULT: {}
RESULT: {}
COMMAND: GET /session/3ee3b59268b112783f98a37bc72cbb43/screenshot - {}
RESULT: {}
RESULT: {}
COMMAND: POST /session/3ee3b59268b112783f98a37bc72cbb43/element/f.DDB2A020B38DABC090658DE2C1C505F0.d.446F12A781E9697B9C168DC42EB1698A.e.13850/click - {}
RESULT: {}
COMMAND: GET /session/3ee3b59268b112783f98a37bc72cbb43/screenshot - {}
RESULT: {}
COMMAND: POST /session/3ee3b59268b112783f98a37bc72cbb43/execute/async - {"script":"<script> [1562 bytes]","args":[{"selector":{"controlType":"sap.m.SearchField","properties":{"placeholder":"Search"},"searchOpenDialogs":true,"interaction":{"idSuffix":"I"}},"wdio_ui5_key":"sapm.SearchField{\"placeholder\":\"Search\"}"}]}
RESULT: {"script":"<script> [1562 bytes]","args":[{"selector":{"controlType":"sap.m.SearchField","properties":{"placeholder":"Search"},"searchOpenDialogs":true,"interaction":{"idSuffix":"I"}},"wdio_ui5_key":"sapm.SearchField{\"placeholder\":\"Search\"}"}]}
RESULT: undefined
COMMAND: POST /session/3ee3b59268b112783f98a37bc72cbb43/execute/async - {"script":"<script> [776 bytes]","args":[{"enterText":"4000360","selector":{"controlType":"sap.m.SearchField","properties":{"placeholder":"Search"},"searchOpenDialogs":true,"interaction":{"idSuffix":"I"}},"clearTextFirst":true,"interactionType":"ENTER_TEXT"}]}
RESULT: {"script":"<script> [776 bytes]","args":[{"enterText":"4000360","selector":{"controlType":"sap.m.SearchField","properties":{"placeholder":"Search"},"searchOpenDialogs":true,"interaction":{"idSuffix":"I"}},"clearTextFirst":true,"interactionType":"ENTER_TEXT"}]}
COMMAND: POST /session/3ee3b59268b112783f98a37bc72cbb43/actions - {"actions":[{"id":"action59","type":"key","parameters":{},"actions":[{"type":"keyDown","value":"î€‡"},{"type":"pause","duration":10},{"type":"keyUp","value":"î€‡"}]}]}
RESULT: {"actions":[{"id":"action59","type":"key","parameters":{},"actions":[{"type":"keyDown","value":"î€‡"},{"type":"pause","duration":10},{"type":"keyUp","value":"î€‡"}]}]}
COMMAND: GET /session/3ee3b59268b112783f98a37bc72cbb43/screenshot - {}
RESULT: {}
COMMAND: POST /session/3ee3b59268b112783f98a37bc72cbb43/element - {"using":"xpath","value":"//td/div/span[contains(text(), \"BGL Vehicles\")]"}
RESULT: {"using":"xpath","value":"//td/div/span[contains(text(), \"BGL Vehicles\")]"}
COMMAND: POST /session/3ee3b59268b112783f98a37bc72cbb43/element/f.DDB2A020B38DABC090658DE2C1C505F0.d.446F12A781E9697B9C168DC42EB1698A.e.13873/click - {}
RESULT: {}
COMMAND: GET /session/3ee3b59268b112783f98a37bc72cbb43/screenshot - {}
RESULT: {}
COMMAND: POST /session/3ee3b59268b112783f98a37bc72cbb43/element - {"using":"xpath","value":"//bdi[contains(text(), \"OK\")]"}
RESULT: {"using":"xpath","value":"//bdi[contains(text(), \"OK\")]"}
COMMAND: POST /session/3ee3b59268b112783f98a37bc72cbb43/element/f.DDB2A020B38DABC090658DE2C1C505F0.d.446F12A781E9697B9C168DC42EB1698A.e.13874/click - {}
RESULT: {}
COMMAND: GET /session/3ee3b59268b112783f98a37bc72cbb43/screenshot - {}
RESULT: {}
COMMAND: POST /session/3ee3b59268b112783f98a37bc72cbb43/execute/async - {"script":"<script> [1562 bytes]","args":[{"selector":{"id":"application-manageresources-display-component---newResourceUnit--newRRUPage-anchBar-application-manageresources-display-component---newResourceUnit--resource-anchor","interaction":{"idSuffix":"BDI-content"}},"wdio_ui5_key":"applicationmanageresources-display-component---newResourceUnit--newRRUPage-anchBar-application-manageresources-display-component---newResourceUnit--resource-anchor"}]}
RESULT: {"script":"<script> [1562 bytes]","args":[{"selector":{"id":"application-manageresources-display-component---newResourceUnit--newRRUPage-anchBar-application-manageresources-display-component---newResourceUnit--resource-anchor","interaction":{"idSuffix":"BDI-content"}},"wdio_ui5_key":"applicationmanageresources-display-component---newResourceUnit--newRRUPage-anchBar-application-manageresources-display-component---newResourceUnit--resource-anchor"}]}
RESULT: undefined
COMMAND: POST /session/3ee3b59268b112783f98a37bc72cbb43/element - {"using":"xpath","value":"//*[@id=\"application-manageresources-display-component---newResourceUnit--newRRUPage-anchBar-application-manageresources-display-component---newResourceUnit--resource-anchor\"]"}
RESULT: {"using":"xpath","value":"//*[@id=\"application-manageresources-display-component---newResourceUnit--newRRUPage-anchBar-application-manageresources-display-component---newResourceUnit--resource-anchor\"]"}
COMMAND: POST /session/3ee3b59268b112783f98a37bc72cbb43/element/f.DDB2A020B38DABC090658DE2C1C505F0.d.446F12A781E9697B9C168DC42EB1698A.e.13878/click - {}
RESULT: {}
COMMAND: POST /session/3ee3b59268b112783f98a37bc72cbb43/execute/async - {"script":"<script> [1562 bytes]","args":[{"selector":{"id":"application-manageresources-display-component---newResourceUnit--PLANNED_DELIVERY_DATE","interaction":{"idSuffix":"inner"}},"wdio_ui5_key":"applicationmanageresources-display-component---newResourceUnit--PLANNED_DELIVERY_DATE"}]}
COMMAND: GET /session/3ee3b59268b112783f98a37bc72cbb43/screenshot - {}
RESULT: {"script":"<script> [1562 bytes]","args":[{"selector":{"id":"application-manageresources-display-component---newResourceUnit--PLANNED_DELIVERY_DATE","interaction":{"idSuffix":"inner"}},"wdio_ui5_key":"applicationmanageresources-display-component---newResourceUnit--PLANNED_DELIVERY_DATE"}]}
RESULT: undefined
COMMAND: POST /session/3ee3b59268b112783f98a37bc72cbb43/execute/async - {"script":"<script> [6424 bytes]","args":[{"element-6066-11e4-a52e-4f735466cecf":"f.DDB2A020B38DABC090658DE2C1C505F0.d.446F12A781E9697B9C168DC42EB1698A.e.13708"},"setValue",["6/4/25"]]}
RESULT: {}
RESULT: {"script":"<script> [6424 bytes]","args":[{"element-6066-11e4-a52e-4f735466cecf":"f.DDB2A020B38DABC090658DE2C1C505F0.d.446F12A781E9697B9C168DC42EB1698A.e.13708"},"setValue",["6/4/25"]]}
COMMAND: POST /session/3ee3b59268b112783f98a37bc72cbb43/element - {"using":"xpath","value":"//label[contains(@class, 'sapMLabelRequired') and .//bdi[contains(text(), 'Planned Retirement')]]"}
RESULT: {"using":"xpath","value":"//label[contains(@class, 'sapMLabelRequired') and .//bdi[contains(text(), 'Planned Retirement')]]"}
COMMAND: POST /session/3ee3b59268b112783f98a37bc72cbb43/elements - {"using":"xpath","value":"//label[contains(@class, 'sapMLabelRequired') and .//bdi[contains(text(), 'Planned Retirement')]]"}
RESULT: {"using":"xpath","value":"//label[contains(@class, 'sapMLabelRequired') and .//bdi[contains(text(), 'Planned Retirement')]]"}
COMMAND: POST /session/3ee3b59268b112783f98a37bc72cbb43/element - {"using":"xpath","value":"//button[@data-kt=\"resourceUnitSaveButton\"]"}
RESULT: {"using":"xpath","value":"//button[@data-kt=\"resourceUnitSaveButton\"]"}
COMMAND: POST /session/3ee3b59268b112783f98a37bc72cbb43/element/f.DDB2A020B38DABC090658DE2C1C505F0.d.446F12A781E9697B9C168DC42EB1698A.e.13667/click - {}
RESULT: {}
COMMAND: GET /session/3ee3b59268b112783f98a37bc72cbb43/screenshot - {}
RESULT: {}
COMMAND: POST /session/3ee3b59268b112783f98a37bc72cbb43/element - {"using":"xpath","value":"//bdi[contains(text(), \"Close\")]"}
RESULT: {"using":"xpath","value":"//bdi[contains(text(), \"Close\")]"}
COMMAND: POST /session/3ee3b59268b112783f98a37bc72cbb43/element/f.DDB2A020B38DABC090658DE2C1C505F0.d.446F12A781E9697B9C168DC42EB1698A.e.13886/click - {}
RESULT: {}
COMMAND: GET /session/3ee3b59268b112783f98a37bc72cbb43/screenshot - {}
RESULT: {}
COMMAND: POST /session/3ee3b59268b112783f98a37bc72cbb43/element - {"using":"xpath","value":"(//button[contains(@id ,\"actionsToolbar-overflowButton\")])[1]"}
RESULT: {"using":"xpath","value":"(//button[contains(@id ,\"actionsToolbar-overflowButton\")])[1]"}
COMMAND: POST /session/3ee3b59268b112783f98a37bc72cbb43/element/f.DDB2A020B38DABC090658DE2C1C505F0.d.446F12A781E9697B9C168DC42EB1698A.e.13942/click - {}
RESULT: {}
COMMAND: GET /session/3ee3b59268b112783f98a37bc72cbb43/screenshot - {}
RESULT: {}
COMMAND: POST /session/3ee3b59268b112783f98a37bc72cbb43/element - {"using":"xpath","value":"//button[@data-kt=\"priceInfoButton\"]"}
RESULT: {"using":"xpath","value":"//button[@data-kt=\"priceInfoButton\"]"}
COMMAND: POST /session/3ee3b59268b112783f98a37bc72cbb43/element/f.DDB2A020B38DABC090658DE2C1C505F0.d.446F12A781E9697B9C168DC42EB1698A.e.13944/click - {}
RESULT: {}
COMMAND: GET /session/3ee3b59268b112783f98a37bc72cbb43/screenshot - {}
]]></system-out>
    </testcase>
    <testcase classname="chrome.137_0_7151_56.windows.Billing_Calculation_-_Time_based_(considering_transport_times)_US139738" name="Should create new pricing rule for the equipment" time="52.125">
      <system-out><![CDATA[
COMMAND: POST /session/3ee3b59268b112783f98a37bc72cbb43/element - {"using":"xpath","value":"//button[@data-kt=\"addButton\"]"}
RESULT: {}
RESULT: {"using":"xpath","value":"//button[@data-kt=\"addButton\"]"}
COMMAND: POST /session/3ee3b59268b112783f98a37bc72cbb43/elements - {"using":"xpath","value":"//button[@data-kt=\"addButton\"]"}
RESULT: {"using":"xpath","value":"//button[@data-kt=\"addButton\"]"}
COMMAND: POST /session/3ee3b59268b112783f98a37bc72cbb43/execute/sync - {"script":"<script> [8489 bytes]","args":[{"element-6066-11e4-a52e-4f735466cecf":"f.DDB2A020B38DABC090658DE2C1C505F0.d.446F12A781E9697B9C168DC42EB1698A.e.13984","ELEMENT":"f.DDB2A020B38DABC090658DE2C1C505F0.d.446F12A781E9697B9C168DC42EB1698A.e.13984"}]}
RESULT: {"script":"<script> [8489 bytes]","args":[{"element-6066-11e4-a52e-4f735466cecf":"f.DDB2A020B38DABC090658DE2C1C505F0.d.446F12A781E9697B9C168DC42EB1698A.e.13984","ELEMENT":"f.DDB2A020B38DABC090658DE2C1C505F0.d.446F12A781E9697B9C168DC42EB1698A.e.13984"}]}
COMMAND: GET /session/3ee3b59268b112783f98a37bc72cbb43/element/f.DDB2A020B38DABC090658DE2C1C505F0.d.446F12A781E9697B9C168DC42EB1698A.e.13984/enabled - {}
COMMAND: GET /session/3ee3b59268b112783f98a37bc72cbb43/screenshot - {}
RESULT: {}
COMMAND: POST /session/3ee3b59268b112783f98a37bc72cbb43/execute/sync - {"script":"<script> [8489 bytes]","args":[{"element-6066-11e4-a52e-4f735466cecf":"f.DDB2A020B38DABC090658DE2C1C505F0.d.446F12A781E9697B9C168DC42EB1698A.e.13984","ELEMENT":"f.DDB2A020B38DABC090658DE2C1C505F0.d.446F12A781E9697B9C168DC42EB1698A.e.13984"}]}
COMMAND: GET /session/3ee3b59268b112783f98a37bc72cbb43/screenshot - {}
RESULT: {}
RESULT: {"script":"<script> [8489 bytes]","args":[{"element-6066-11e4-a52e-4f735466cecf":"f.DDB2A020B38DABC090658DE2C1C505F0.d.446F12A781E9697B9C168DC42EB1698A.e.13984","ELEMENT":"f.DDB2A020B38DABC090658DE2C1C505F0.d.446F12A781E9697B9C168DC42EB1698A.e.13984"}]}
COMMAND: POST /session/3ee3b59268b112783f98a37bc72cbb43/execute/sync - {"script":"<script> [5351 bytes]","args":[{"element-6066-11e4-a52e-4f735466cecf":"f.DDB2A020B38DABC090658DE2C1C505F0.d.446F12A781E9697B9C168DC42EB1698A.e.13984","ELEMENT":"f.DDB2A020B38DABC090658DE2C1C505F0.d.446F12A781E9697B9C168DC42EB1698A.e.13984"}]}
COMMAND: GET /session/3ee3b59268b112783f98a37bc72cbb43/screenshot - {}
RESULT: {}
RESULT: {"script":"<script> [5351 bytes]","args":[{"element-6066-11e4-a52e-4f735466cecf":"f.DDB2A020B38DABC090658DE2C1C505F0.d.446F12A781E9697B9C168DC42EB1698A.e.13984","ELEMENT":"f.DDB2A020B38DABC090658DE2C1C505F0.d.446F12A781E9697B9C168DC42EB1698A.e.13984"}]}
COMMAND: POST /session/3ee3b59268b112783f98a37bc72cbb43/element/f.DDB2A020B38DABC090658DE2C1C505F0.d.446F12A781E9697B9C168DC42EB1698A.e.13984/click - {}
COMMAND: GET /session/3ee3b59268b112783f98a37bc72cbb43/screenshot - {}
RESULT: {}
RESULT: {}
COMMAND: GET /session/3ee3b59268b112783f98a37bc72cbb43/screenshot - {}
RESULT: {}
RESULT: {}
COMMAND: POST /session/3ee3b59268b112783f98a37bc72cbb43/execute/async - {"script":"<script> [1562 bytes]","args":[{"selector":{"controlType":"sap.m.Title","viewName":"etm.portal.ui.managepricingrules.view.NewItem","viewId":"application-managepricingrules-display-component---newInfoPriceItem","properties":{"text":"New Pricing Rules - Item Level"}},"wdio_ui5_key":"etmportal.ui.managepricingrules.view.NewItemsap.m.Title{\"text\":\"New Pricing Rules - Item Level\"}"}]}
RESULT: {"script":"<script> [1562 bytes]","args":[{"selector":{"controlType":"sap.m.Title","viewName":"etm.portal.ui.managepricingrules.view.NewItem","viewId":"application-managepricingrules-display-component---newInfoPriceItem","properties":{"text":"New Pricing Rules - Item Level"}},"wdio_ui5_key":"etmportal.ui.managepricingrules.view.NewItemsap.m.Title{\"text\":\"New Pricing Rules - Item Level\"}"}]}
RESULT: undefined
COMMAND: POST /session/3ee3b59268b112783f98a37bc72cbb43/execute/async - {"script":"<script> [6424 bytes]","args":[{"element-6066-11e4-a52e-4f735466cecf":"f.DDB2A020B38DABC090658DE2C1C505F0.d.446F12A781E9697B9C168DC42EB1698A.e.14148"},"getText",[]]}
RESULT: {"script":"<script> [6424 bytes]","args":[{"element-6066-11e4-a52e-4f735466cecf":"f.DDB2A020B38DABC090658DE2C1C505F0.d.446F12A781E9697B9C168DC42EB1698A.e.14148"},"getText",[]]}
COMMAND: POST /session/3ee3b59268b112783f98a37bc72cbb43/execute/async - {"script":"<script> [1562 bytes]","args":[{"selector":{"id":"application-managepricingrules-display-component---newInfoPriceItem--condValidTo","interaction":{"idSuffix":"inner"}},"wdio_ui5_key":"applicationmanagepricingrules-display-component---newInfoPriceItem--condValidTo"}]}
RESULT: {"script":"<script> [1562 bytes]","args":[{"selector":{"id":"application-managepricingrules-display-component---newInfoPriceItem--condValidTo","interaction":{"idSuffix":"inner"}},"wdio_ui5_key":"applicationmanagepricingrules-display-component---newInfoPriceItem--condValidTo"}]}
RESULT: undefined
COMMAND: POST /session/3ee3b59268b112783f98a37bc72cbb43/execute/async - {"script":"<script> [776 bytes]","args":[{"enterText":"2/4/26","selector":{"id":"application-managepricingrules-display-component---newInfoPriceItem--condValidTo","interaction":{"idSuffix":"inner"}},"clearTextFirst":true,"interactionType":"ENTER_TEXT"}]}
RESULT: {"script":"<script> [776 bytes]","args":[{"enterText":"2/4/26","selector":{"id":"application-managepricingrules-display-component---newInfoPriceItem--condValidTo","interaction":{"idSuffix":"inner"}},"clearTextFirst":true,"interactionType":"ENTER_TEXT"}]}
COMMAND: POST /session/3ee3b59268b112783f98a37bc72cbb43/execute/async - {"script":"<script> [1562 bytes]","args":[{"selector":{"id":"application-managepricingrules-display-component---newInfoPriceItem--billType-arrow"},"wdio_ui5_key":"applicationmanagepricingrules-display-component---newInfoPriceItem--billType-arrow"}]}
RESULT: {"script":"<script> [1562 bytes]","args":[{"selector":{"id":"application-managepricingrules-display-component---newInfoPriceItem--billType-arrow"},"wdio_ui5_key":"applicationmanagepricingrules-display-component---newInfoPriceItem--billType-arrow"}]}
RESULT: undefined
COMMAND: POST /session/3ee3b59268b112783f98a37bc72cbb43/element - {"using":"xpath","value":"//*[@id=\"application-managepricingrules-display-component---newInfoPriceItem--billType-arrow\"]"}
RESULT: {"using":"xpath","value":"//*[@id=\"application-managepricingrules-display-component---newInfoPriceItem--billType-arrow\"]"}
COMMAND: POST /session/3ee3b59268b112783f98a37bc72cbb43/element/f.DDB2A020B38DABC090658DE2C1C505F0.d.446F12A781E9697B9C168DC42EB1698A.e.14150/click - {}
RESULT: {}
COMMAND: POST /session/3ee3b59268b112783f98a37bc72cbb43/element - {"using":"xpath","value":"//span[contains(text(), \"TB - Time based\")]"}
COMMAND: GET /session/3ee3b59268b112783f98a37bc72cbb43/screenshot - {}
RESULT: {"using":"xpath","value":"//span[contains(text(), \"TB - Time based\")]"}
COMMAND: POST /session/3ee3b59268b112783f98a37bc72cbb43/element/f.DDB2A020B38DABC090658DE2C1C505F0.d.446F12A781E9697B9C168DC42EB1698A.e.14151/click - {}
RESULT: {}
RESULT: {}
COMMAND: POST /session/3ee3b59268b112783f98a37bc72cbb43/execute/async - {"script":"<script> [1562 bytes]","args":[{"selector":{"id":"application-managepricingrules-display-component---newInfoPriceItem--priceProc-arrow"},"wdio_ui5_key":"applicationmanagepricingrules-display-component---newInfoPriceItem--priceProc-arrow"}]}
COMMAND: GET /session/3ee3b59268b112783f98a37bc72cbb43/screenshot - {}
RESULT: {"script":"<script> [1562 bytes]","args":[{"selector":{"id":"application-managepricingrules-display-component---newInfoPriceItem--priceProc-arrow"},"wdio_ui5_key":"applicationmanagepricingrules-display-component---newInfoPriceItem--priceProc-arrow"}]}
RESULT: undefined
COMMAND: POST /session/3ee3b59268b112783f98a37bc72cbb43/element - {"using":"xpath","value":"//*[@id=\"application-managepricingrules-display-component---newInfoPriceItem--priceProc-arrow\"]"}
RESULT: {}
RESULT: {"using":"xpath","value":"//*[@id=\"application-managepricingrules-display-component---newInfoPriceItem--priceProc-arrow\"]"}
COMMAND: POST /session/3ee3b59268b112783f98a37bc72cbb43/element/f.DDB2A020B38DABC090658DE2C1C505F0.d.446F12A781E9697B9C168DC42EB1698A.e.14110/click - {}
RESULT: {}
COMMAND: POST /session/3ee3b59268b112783f98a37bc72cbb43/element - {"using":"xpath","value":"//span[contains(text(), \"TBS - Time based standard\")]"}
COMMAND: GET /session/3ee3b59268b112783f98a37bc72cbb43/screenshot - {}
RESULT: {"using":"xpath","value":"//span[contains(text(), \"TBS - Time based standard\")]"}
COMMAND: POST /session/3ee3b59268b112783f98a37bc72cbb43/element/f.DDB2A020B38DABC090658DE2C1C505F0.d.446F12A781E9697B9C168DC42EB1698A.e.14152/click - {}
RESULT: {}
RESULT: {}
COMMAND: POST /session/3ee3b59268b112783f98a37bc72cbb43/execute/async - {"script":"<script> [1562 bytes]","args":[{"selector":{"id":"application-managepricingrules-display-component---newInfoPriceItem--calcBase-arrow"},"wdio_ui5_key":"applicationmanagepricingrules-display-component---newInfoPriceItem--calcBase-arrow"}]}
COMMAND: GET /session/3ee3b59268b112783f98a37bc72cbb43/screenshot - {}
RESULT: {"script":"<script> [1562 bytes]","args":[{"selector":{"id":"application-managepricingrules-display-component---newInfoPriceItem--calcBase-arrow"},"wdio_ui5_key":"applicationmanagepricingrules-display-component---newInfoPriceItem--calcBase-arrow"}]}
RESULT: undefined
COMMAND: POST /session/3ee3b59268b112783f98a37bc72cbb43/element - {"using":"xpath","value":"//*[@id=\"application-managepricingrules-display-component---newInfoPriceItem--calcBase-arrow\"]"}
RESULT: {}
RESULT: {"using":"xpath","value":"//*[@id=\"application-managepricingrules-display-component---newInfoPriceItem--calcBase-arrow\"]"}
COMMAND: POST /session/3ee3b59268b112783f98a37bc72cbb43/element/f.DDB2A020B38DABC090658DE2C1C505F0.d.446F12A781E9697B9C168DC42EB1698A.e.14117/click - {}
RESULT: {}
COMMAND: GET /session/3ee3b59268b112783f98a37bc72cbb43/screenshot - {}
RESULT: {}
COMMAND: POST /session/3ee3b59268b112783f98a37bc72cbb43/element - {"using":"xpath","value":"//span[contains(text(), \"0006 - TB(calendar days)\")]"}
RESULT: {"using":"xpath","value":"//span[contains(text(), \"0006 - TB(calendar days)\")]"}
COMMAND: POST /session/3ee3b59268b112783f98a37bc72cbb43/element/f.DDB2A020B38DABC090658DE2C1C505F0.d.446F12A781E9697B9C168DC42EB1698A.e.14153/click - {}
RESULT: {}
COMMAND: GET /session/3ee3b59268b112783f98a37bc72cbb43/screenshot - {}
RESULT: {}
COMMAND: POST /session/3ee3b59268b112783f98a37bc72cbb43/execute/async - {"script":"<script> [1562 bytes]","args":[{"selector":{"id":"application-managepricingrules-display-component---newInfoPriceItem--daysMonth","interaction":{"idSuffix":"inner"}},"wdio_ui5_key":"applicationmanagepricingrules-display-component---newInfoPriceItem--daysMonth"}]}
RESULT: {"script":"<script> [1562 bytes]","args":[{"selector":{"id":"application-managepricingrules-display-component---newInfoPriceItem--daysMonth","interaction":{"idSuffix":"inner"}},"wdio_ui5_key":"applicationmanagepricingrules-display-component---newInfoPriceItem--daysMonth"}]}
RESULT: undefined
COMMAND: POST /session/3ee3b59268b112783f98a37bc72cbb43/execute/async - {"script":"<script> [776 bytes]","args":[{"enterText":"30","selector":{"id":"application-managepricingrules-display-component---newInfoPriceItem--daysMonth","interaction":{"idSuffix":"inner"}},"clearTextFirst":true,"interactionType":"ENTER_TEXT"}]}
RESULT: {"script":"<script> [776 bytes]","args":[{"enterText":"30","selector":{"id":"application-managepricingrules-display-component---newInfoPriceItem--daysMonth","interaction":{"idSuffix":"inner"}},"clearTextFirst":true,"interactionType":"ENTER_TEXT"}]}
COMMAND: POST /session/3ee3b59268b112783f98a37bc72cbb43/element - {"using":"xpath","value":"//button[@data-kt=\"saveNewRuleButton\"]"}
RESULT: {"using":"xpath","value":"//button[@data-kt=\"saveNewRuleButton\"]"}
COMMAND: POST /session/3ee3b59268b112783f98a37bc72cbb43/element/f.DDB2A020B38DABC090658DE2C1C505F0.d.446F12A781E9697B9C168DC42EB1698A.e.14135/click - {}
RESULT: {}
COMMAND: GET /session/3ee3b59268b112783f98a37bc72cbb43/screenshot - {}
RESULT: {}
COMMAND: POST /session/3ee3b59268b112783f98a37bc72cbb43/execute/async - {"script":"<script> [1562 bytes]","args":[{"selector":{"id":"application-managepricingrules-display-component---priceInfoItem--smartFilterBar-btnBasicSearch","interaction":{"idSuffix":"I"}},"wdio_ui5_key":"applicationmanagepricingrules-display-component---priceInfoItem--smartFilterBar-btnBasicSearch"}]}
RESULT: {"script":"<script> [1562 bytes]","args":[{"selector":{"id":"application-managepricingrules-display-component---priceInfoItem--smartFilterBar-btnBasicSearch","interaction":{"idSuffix":"I"}},"wdio_ui5_key":"applicationmanagepricingrules-display-component---priceInfoItem--smartFilterBar-btnBasicSearch"}]}
RESULT: undefined
COMMAND: POST /session/3ee3b59268b112783f98a37bc72cbb43/execute/async - {"script":"<script> [776 bytes]","args":[{"enterText":"UiGiqn3Obn","selector":{"id":"application-managepricingrules-display-component---priceInfoItem--smartFilterBar-btnBasicSearch","interaction":{"idSuffix":"I"}},"clearTextFirst":true,"interactionType":"ENTER_TEXT"}]}
RESULT: {"script":"<script> [776 bytes]","args":[{"enterText":"UiGiqn3Obn","selector":{"id":"application-managepricingrules-display-component---priceInfoItem--smartFilterBar-btnBasicSearch","interaction":{"idSuffix":"I"}},"clearTextFirst":true,"interactionType":"ENTER_TEXT"}]}
COMMAND: POST /session/3ee3b59268b112783f98a37bc72cbb43/actions - {"actions":[{"id":"action60","type":"key","parameters":{},"actions":[{"type":"keyDown","value":"î€‡"},{"type":"pause","duration":10},{"type":"keyUp","value":"î€‡"}]}]}
RESULT: {"actions":[{"id":"action60","type":"key","parameters":{},"actions":[{"type":"keyDown","value":"î€‡"},{"type":"pause","duration":10},{"type":"keyUp","value":"î€‡"}]}]}
COMMAND: GET /session/3ee3b59268b112783f98a37bc72cbb43/screenshot - {}
RESULT: {}
COMMAND: POST /session/3ee3b59268b112783f98a37bc72cbb43/element - {"using":"xpath","value":"//span[@id=\"application-managepricingrules-display-component---priceInfoItem--smartTable-header-inner\"]"}
RESULT: {"using":"xpath","value":"//span[@id=\"application-managepricingrules-display-component---priceInfoItem--smartTable-header-inner\"]"}
COMMAND: POST /session/3ee3b59268b112783f98a37bc72cbb43/elements - {"using":"xpath","value":"//span[@id=\"application-managepricingrules-display-component---priceInfoItem--smartTable-header-inner\"]"}
RESULT: {"using":"xpath","value":"//span[@id=\"application-managepricingrules-display-component---priceInfoItem--smartTable-header-inner\"]"}
COMMAND: POST /session/3ee3b59268b112783f98a37bc72cbb43/execute/sync - {"script":"<script> [56 bytes]","args":[{"element-6066-11e4-a52e-4f735466cecf":"f.DDB2A020B38DABC090658DE2C1C505F0.d.446F12A781E9697B9C168DC42EB1698A.e.14166","ELEMENT":"f.DDB2A020B38DABC090658DE2C1C505F0.d.446F12A781E9697B9C168DC42EB1698A.e.14166"}]}
RESULT: {"script":"<script> [56 bytes]","args":[{"element-6066-11e4-a52e-4f735466cecf":"f.DDB2A020B38DABC090658DE2C1C505F0.d.446F12A781E9697B9C168DC42EB1698A.e.14166","ELEMENT":"f.DDB2A020B38DABC090658DE2C1C505F0.d.446F12A781E9697B9C168DC42EB1698A.e.14166"}]}
COMMAND: POST /session/3ee3b59268b112783f98a37bc72cbb43/element - {"using":"css selector","value":"#shell-header-logo"}
COMMAND: GET /session/3ee3b59268b112783f98a37bc72cbb43/screenshot - {}
RESULT: {"using":"css selector","value":"#shell-header-logo"}
COMMAND: POST /session/3ee3b59268b112783f98a37bc72cbb43/element/f.DDB2A020B38DABC090658DE2C1C505F0.d.446F12A781E9697B9C168DC42EB1698A.e.13262/click - {}
RESULT: {}
RESULT: {}
COMMAND: GET /session/3ee3b59268b112783f98a37bc72cbb43/screenshot - {}
RESULT: {}
]]></system-out>
    </testcase>
    <testcase classname="chrome.137_0_7151_56.windows.Billing_Calculation_-_Time_based_(considering_transport_times)_US139738" name="Should create new pricing condition for the equipment" time="69.719">
      <system-out><![CDATA[
COMMAND: POST /session/3ee3b59268b112783f98a37bc72cbb43/execute/async - {"script":"<script> [1562 bytes]","args":[{"selector":{"controlType":"sap.m.GenericTile","properties":{"header":"Manage Conditions & Prices"}},"wdio_ui5_key":"sapm.GenericTile{\"header\":\"Manage Conditions & Prices\"}"}]}
RESULT: {"script":"<script> [1562 bytes]","args":[{"selector":{"controlType":"sap.m.GenericTile","properties":{"header":"Manage Conditions & Prices"}},"wdio_ui5_key":"sapm.GenericTile{\"header\":\"Manage Conditions & Prices\"}"}]}
RESULT: undefined
COMMAND: POST /session/3ee3b59268b112783f98a37bc72cbb43/element - {"using":"xpath","value":"//*[@id=\"__tile53\"]"}
RESULT: {"using":"xpath","value":"//*[@id=\"__tile53\"]"}
COMMAND: POST /session/3ee3b59268b112783f98a37bc72cbb43/element/f.DDB2A020B38DABC090658DE2C1C505F0.d.446F12A781E9697B9C168DC42EB1698A.e.13207/click - {}
RESULT: {}
COMMAND: GET /session/3ee3b59268b112783f98a37bc72cbb43/screenshot - {}
COMMAND: POST /session/3ee3b59268b112783f98a37bc72cbb43/elements - {"using":"xpath","value":"//span[text()='Error']"}
RESULT: {}
RESULT: {"using":"xpath","value":"//span[text()='Error']"}
COMMAND: POST /session/3ee3b59268b112783f98a37bc72cbb43/element - {"using":"xpath","value":"//button[@aria-label=\"Create\"]"}
RESULT: {"using":"xpath","value":"//button[@aria-label=\"Create\"]"}
COMMAND: POST /session/3ee3b59268b112783f98a37bc72cbb43/elements - {"using":"xpath","value":"//button[@aria-label=\"Create\"]"}
RESULT: {"using":"xpath","value":"//button[@aria-label=\"Create\"]"}
COMMAND: POST /session/3ee3b59268b112783f98a37bc72cbb43/execute/sync - {"script":"<script> [8489 bytes]","args":[{"element-6066-11e4-a52e-4f735466cecf":"f.DDB2A020B38DABC090658DE2C1C505F0.d.446F12A781E9697B9C168DC42EB1698A.e.14201","ELEMENT":"f.DDB2A020B38DABC090658DE2C1C505F0.d.446F12A781E9697B9C168DC42EB1698A.e.14201"}]}
RESULT: {"script":"<script> [8489 bytes]","args":[{"element-6066-11e4-a52e-4f735466cecf":"f.DDB2A020B38DABC090658DE2C1C505F0.d.446F12A781E9697B9C168DC42EB1698A.e.14201","ELEMENT":"f.DDB2A020B38DABC090658DE2C1C505F0.d.446F12A781E9697B9C168DC42EB1698A.e.14201"}]}
COMMAND: GET /session/3ee3b59268b112783f98a37bc72cbb43/element/f.DDB2A020B38DABC090658DE2C1C505F0.d.446F12A781E9697B9C168DC42EB1698A.e.14201/enabled - {}
COMMAND: GET /session/3ee3b59268b112783f98a37bc72cbb43/screenshot - {}
RESULT: {}
COMMAND: POST /session/3ee3b59268b112783f98a37bc72cbb43/execute/sync - {"script":"<script> [8489 bytes]","args":[{"element-6066-11e4-a52e-4f735466cecf":"f.DDB2A020B38DABC090658DE2C1C505F0.d.446F12A781E9697B9C168DC42EB1698A.e.14201","ELEMENT":"f.DDB2A020B38DABC090658DE2C1C505F0.d.446F12A781E9697B9C168DC42EB1698A.e.14201"}]}
COMMAND: GET /session/3ee3b59268b112783f98a37bc72cbb43/screenshot - {}
RESULT: {}
RESULT: {}
RESULT: {"script":"<script> [8489 bytes]","args":[{"element-6066-11e4-a52e-4f735466cecf":"f.DDB2A020B38DABC090658DE2C1C505F0.d.446F12A781E9697B9C168DC42EB1698A.e.14201","ELEMENT":"f.DDB2A020B38DABC090658DE2C1C505F0.d.446F12A781E9697B9C168DC42EB1698A.e.14201"}]}
COMMAND: POST /session/3ee3b59268b112783f98a37bc72cbb43/execute/sync - {"script":"<script> [5351 bytes]","args":[{"element-6066-11e4-a52e-4f735466cecf":"f.DDB2A020B38DABC090658DE2C1C505F0.d.446F12A781E9697B9C168DC42EB1698A.e.14201","ELEMENT":"f.DDB2A020B38DABC090658DE2C1C505F0.d.446F12A781E9697B9C168DC42EB1698A.e.14201"}]}
COMMAND: GET /session/3ee3b59268b112783f98a37bc72cbb43/screenshot - {}
RESULT: {"script":"<script> [5351 bytes]","args":[{"element-6066-11e4-a52e-4f735466cecf":"f.DDB2A020B38DABC090658DE2C1C505F0.d.446F12A781E9697B9C168DC42EB1698A.e.14201","ELEMENT":"f.DDB2A020B38DABC090658DE2C1C505F0.d.446F12A781E9697B9C168DC42EB1698A.e.14201"}]}
COMMAND: POST /session/3ee3b59268b112783f98a37bc72cbb43/element/f.DDB2A020B38DABC090658DE2C1C505F0.d.446F12A781E9697B9C168DC42EB1698A.e.14201/click - {}
COMMAND: GET /session/3ee3b59268b112783f98a37bc72cbb43/screenshot - {}
RESULT: {}
RESULT: {}
COMMAND: GET /session/3ee3b59268b112783f98a37bc72cbb43/screenshot - {}
RESULT: {}
RESULT: {}
COMMAND: POST /session/3ee3b59268b112783f98a37bc72cbb43/actions - {"actions":[{"id":"action61","type":"key","parameters":{},"actions":[{"type":"keyDown","value":"î€‡"},{"type":"pause","duration":10},{"type":"keyUp","value":"î€‡"}]}]}
RESULT: {"actions":[{"id":"action61","type":"key","parameters":{},"actions":[{"type":"keyDown","value":"î€‡"},{"type":"pause","duration":10},{"type":"keyUp","value":"î€‡"}]}]}
COMMAND: GET /session/3ee3b59268b112783f98a37bc72cbb43/screenshot - {}
RESULT: {}
COMMAND: POST /session/3ee3b59268b112783f98a37bc72cbb43/execute/async - {"script":"<script> [1562 bytes]","args":[{"selector":{"id":"application-manageconditionprice-display-component---newCondition--condBillCond-arrow"},"wdio_ui5_key":"applicationmanageconditionprice-display-component---newCondition--condBillCond-arrow"}]}
RESULT: {"script":"<script> [1562 bytes]","args":[{"selector":{"id":"application-manageconditionprice-display-component---newCondition--condBillCond-arrow"},"wdio_ui5_key":"applicationmanageconditionprice-display-component---newCondition--condBillCond-arrow"}]}
RESULT: undefined
COMMAND: POST /session/3ee3b59268b112783f98a37bc72cbb43/element - {"using":"xpath","value":"//*[@id=\"application-manageconditionprice-display-component---newCondition--condBillCond-arrow\"]"}
RESULT: {"using":"xpath","value":"//*[@id=\"application-manageconditionprice-display-component---newCondition--condBillCond-arrow\"]"}
COMMAND: POST /session/3ee3b59268b112783f98a37bc72cbb43/element/f.DDB2A020B38DABC090658DE2C1C505F0.d.446F12A781E9697B9C168DC42EB1698A.e.14378/click - {}
RESULT: {}
COMMAND: GET /session/3ee3b59268b112783f98a37bc72cbb43/screenshot - {}
RESULT: {}
COMMAND: POST /session/3ee3b59268b112783f98a37bc72cbb43/element - {"using":"xpath","value":"//li[.//span[contains(text(), \"DISP - D&I special price\")]]"}
RESULT: {"using":"xpath","value":"//li[.//span[contains(text(), \"DISP - D&I special price\")]]"}
COMMAND: POST /session/3ee3b59268b112783f98a37bc72cbb43/element/f.DDB2A020B38DABC090658DE2C1C505F0.d.446F12A781E9697B9C168DC42EB1698A.e.14381/click - {}
RESULT: {}
COMMAND: GET /session/3ee3b59268b112783f98a37bc72cbb43/screenshot - {}
RESULT: {}
COMMAND: POST /session/3ee3b59268b112783f98a37bc72cbb43/execute/async - {"script":"<script> [1562 bytes]","args":[{"selector":{"id":"application-manageconditionprice-display-component---newCondition--condValidTo","interaction":{"idSuffix":"inner"}},"wdio_ui5_key":"applicationmanageconditionprice-display-component---newCondition--condValidTo"}]}
RESULT: {"script":"<script> [1562 bytes]","args":[{"selector":{"id":"application-manageconditionprice-display-component---newCondition--condValidTo","interaction":{"idSuffix":"inner"}},"wdio_ui5_key":"applicationmanageconditionprice-display-component---newCondition--condValidTo"}]}
RESULT: undefined
COMMAND: POST /session/3ee3b59268b112783f98a37bc72cbb43/execute/async - {"script":"<script> [776 bytes]","args":[{"enterText":"2/4/26","selector":{"id":"application-manageconditionprice-display-component---newCondition--condValidTo","interaction":{"idSuffix":"inner"}},"clearTextFirst":true,"interactionType":"ENTER_TEXT"}]}
RESULT: {"script":"<script> [776 bytes]","args":[{"enterText":"2/4/26","selector":{"id":"application-manageconditionprice-display-component---newCondition--condValidTo","interaction":{"idSuffix":"inner"}},"clearTextFirst":true,"interactionType":"ENTER_TEXT"}]}
COMMAND: POST /session/3ee3b59268b112783f98a37bc72cbb43/element - {"using":"xpath","value":"//input[@id=\"application-manageconditionprice-display-component---newCondition--condRU-inner\"]"}
RESULT: {"using":"xpath","value":"//input[@id=\"application-manageconditionprice-display-component---newCondition--condRU-inner\"]"}
COMMAND: POST /session/3ee3b59268b112783f98a37bc72cbb43/element/f.DDB2A020B38DABC090658DE2C1C505F0.d.446F12A781E9697B9C168DC42EB1698A.e.14243/clear - {}
RESULT: {}
COMMAND: POST /session/3ee3b59268b112783f98a37bc72cbb43/element/f.DDB2A020B38DABC090658DE2C1C505F0.d.446F12A781E9697B9C168DC42EB1698A.e.14243/value - {"text":"UiGiqn3Obn"}
COMMAND: GET /session/3ee3b59268b112783f98a37bc72cbb43/screenshot - {}
RESULT: {"text":"UiGiqn3Obn"}
COMMAND: GET /session/3ee3b59268b112783f98a37bc72cbb43/screenshot - {}
RESULT: {}
RESULT: {}
COMMAND: POST /session/3ee3b59268b112783f98a37bc72cbb43/actions - {"actions":[{"id":"action62","type":"key","parameters":{},"actions":[{"type":"keyDown","value":"î€‡"},{"type":"pause","duration":10},{"type":"keyUp","value":"î€‡"}]}]}
RESULT: {"actions":[{"id":"action62","type":"key","parameters":{},"actions":[{"type":"keyDown","value":"î€‡"},{"type":"pause","duration":10},{"type":"keyUp","value":"î€‡"}]}]}
COMMAND: POST /session/3ee3b59268b112783f98a37bc72cbb43/execute/async - {"script":"<script> [1562 bytes]","args":[{"selector":{"id":"application-manageconditionprice-display-component---newCondition--condBaseQty","interaction":{"idSuffix":"inner"}},"wdio_ui5_key":"applicationmanageconditionprice-display-component---newCondition--condBaseQty"}]}
COMMAND: GET /session/3ee3b59268b112783f98a37bc72cbb43/screenshot - {}
RESULT: {"script":"<script> [1562 bytes]","args":[{"selector":{"id":"application-manageconditionprice-display-component---newCondition--condBaseQty","interaction":{"idSuffix":"inner"}},"wdio_ui5_key":"applicationmanageconditionprice-display-component---newCondition--condBaseQty"}]}
RESULT: undefined
COMMAND: POST /session/3ee3b59268b112783f98a37bc72cbb43/execute/async - {"script":"<script> [776 bytes]","args":[{"enterText":"1","selector":{"id":"application-manageconditionprice-display-component---newCondition--condBaseQty","interaction":{"idSuffix":"inner"}},"clearTextFirst":true,"interactionType":"ENTER_TEXT"}]}
RESULT: {}
RESULT: {"script":"<script> [776 bytes]","args":[{"enterText":"1","selector":{"id":"application-manageconditionprice-display-component---newCondition--condBaseQty","interaction":{"idSuffix":"inner"}},"clearTextFirst":true,"interactionType":"ENTER_TEXT"}]}
COMMAND: POST /session/3ee3b59268b112783f98a37bc72cbb43/execute/async - {"script":"<script> [1562 bytes]","args":[{"selector":{"id":"application-manageconditionprice-display-component---newCondition--condValue","interaction":{"idSuffix":"inner"}},"wdio_ui5_key":"applicationmanageconditionprice-display-component---newCondition--condValue"}]}
RESULT: {"script":"<script> [1562 bytes]","args":[{"selector":{"id":"application-manageconditionprice-display-component---newCondition--condValue","interaction":{"idSuffix":"inner"}},"wdio_ui5_key":"applicationmanageconditionprice-display-component---newCondition--condValue"}]}
RESULT: undefined
COMMAND: POST /session/3ee3b59268b112783f98a37bc72cbb43/execute/async - {"script":"<script> [776 bytes]","args":[{"enterText":"100","selector":{"id":"application-manageconditionprice-display-component---newCondition--condValue","interaction":{"idSuffix":"inner"}},"clearTextFirst":true,"interactionType":"ENTER_TEXT"}]}
RESULT: {"script":"<script> [776 bytes]","args":[{"enterText":"100","selector":{"id":"application-manageconditionprice-display-component---newCondition--condValue","interaction":{"idSuffix":"inner"}},"clearTextFirst":true,"interactionType":"ENTER_TEXT"}]}
COMMAND: POST /session/3ee3b59268b112783f98a37bc72cbb43/execute/async - {"script":"<script> [1562 bytes]","args":[{"selector":{"id":"application-manageconditionprice-display-component---newCondition--condCurr-arrow"},"wdio_ui5_key":"applicationmanageconditionprice-display-component---newCondition--condCurr-arrow"}]}
RESULT: {"script":"<script> [1562 bytes]","args":[{"selector":{"id":"application-manageconditionprice-display-component---newCondition--condCurr-arrow"},"wdio_ui5_key":"applicationmanageconditionprice-display-component---newCondition--condCurr-arrow"}]}
RESULT: undefined
COMMAND: POST /session/3ee3b59268b112783f98a37bc72cbb43/element - {"using":"xpath","value":"//*[@id=\"application-manageconditionprice-display-component---newCondition--condCurr-arrow\"]"}
RESULT: {"using":"xpath","value":"//*[@id=\"application-manageconditionprice-display-component---newCondition--condCurr-arrow\"]"}
COMMAND: POST /session/3ee3b59268b112783f98a37bc72cbb43/element/f.DDB2A020B38DABC090658DE2C1C505F0.d.446F12A781E9697B9C168DC42EB1698A.e.14340/click - {}
RESULT: {}
COMMAND: POST /session/3ee3b59268b112783f98a37bc72cbb43/element - {"using":"xpath","value":"//span[contains(text(), \"Euro\")]"}
COMMAND: GET /session/3ee3b59268b112783f98a37bc72cbb43/screenshot - {}
RESULT: {"using":"xpath","value":"//span[contains(text(), \"Euro\")]"}
COMMAND: POST /session/3ee3b59268b112783f98a37bc72cbb43/element/f.DDB2A020B38DABC090658DE2C1C505F0.d.446F12A781E9697B9C168DC42EB1698A.e.14419/click - {}
RESULT: {}
RESULT: {}
COMMAND: POST /session/3ee3b59268b112783f98a37bc72cbb43/element - {"using":"xpath","value":"//button[@data-kt=\"saveButton\"]"}
COMMAND: GET /session/3ee3b59268b112783f98a37bc72cbb43/screenshot - {}
RESULT: {"using":"xpath","value":"//button[@data-kt=\"saveButton\"]"}
COMMAND: POST /session/3ee3b59268b112783f98a37bc72cbb43/element/f.DDB2A020B38DABC090658DE2C1C505F0.d.446F12A781E9697B9C168DC42EB1698A.e.14341/click - {}
RESULT: {}
RESULT: {}
COMMAND: GET /session/3ee3b59268b112783f98a37bc72cbb43/screenshot - {}
RESULT: {}
COMMAND: POST /session/3ee3b59268b112783f98a37bc72cbb43/execute/async - {"script":"<script> [1562 bytes]","args":[{"selector":{"id":"application-manageconditionprice-display-component---conditions--smartFilterBar-btnBasicSearch","interaction":{"idSuffix":"I"}},"wdio_ui5_key":"applicationmanageconditionprice-display-component---conditions--smartFilterBar-btnBasicSearch"}]}
RESULT: {"script":"<script> [1562 bytes]","args":[{"selector":{"id":"application-manageconditionprice-display-component---conditions--smartFilterBar-btnBasicSearch","interaction":{"idSuffix":"I"}},"wdio_ui5_key":"applicationmanageconditionprice-display-component---conditions--smartFilterBar-btnBasicSearch"}]}
RESULT: undefined
COMMAND: POST /session/3ee3b59268b112783f98a37bc72cbb43/execute/async - {"script":"<script> [776 bytes]","args":[{"enterText":"UiGiqn3Obn","selector":{"id":"application-manageconditionprice-display-component---conditions--smartFilterBar-btnBasicSearch","interaction":{"idSuffix":"I"}},"clearTextFirst":true,"interactionType":"ENTER_TEXT"}]}
RESULT: {"script":"<script> [776 bytes]","args":[{"enterText":"UiGiqn3Obn","selector":{"id":"application-manageconditionprice-display-component---conditions--smartFilterBar-btnBasicSearch","interaction":{"idSuffix":"I"}},"clearTextFirst":true,"interactionType":"ENTER_TEXT"}]}
COMMAND: POST /session/3ee3b59268b112783f98a37bc72cbb43/actions - {"actions":[{"id":"action63","type":"key","parameters":{},"actions":[{"type":"keyDown","value":"î€‡"},{"type":"pause","duration":10},{"type":"keyUp","value":"î€‡"}]}]}
RESULT: {"actions":[{"id":"action63","type":"key","parameters":{},"actions":[{"type":"keyDown","value":"î€‡"},{"type":"pause","duration":10},{"type":"keyUp","value":"î€‡"}]}]}
COMMAND: GET /session/3ee3b59268b112783f98a37bc72cbb43/screenshot - {}
RESULT: {}
COMMAND: POST /session/3ee3b59268b112783f98a37bc72cbb43/execute/async - {"script":"<script> [1562 bytes]","args":[{"selector":{"id":"application-manageconditionprice-display-component---conditions--smartFilterBar-filterItemControl_BASIC-BILL_TYPES-vhi"},"wdio_ui5_key":"applicationmanageconditionprice-display-component---conditions--smartFilterBar-filterItemControl_BASIC-BILL_TYPES-vhi"}]}
RESULT: {"script":"<script> [1562 bytes]","args":[{"selector":{"id":"application-manageconditionprice-display-component---conditions--smartFilterBar-filterItemControl_BASIC-BILL_TYPES-vhi"},"wdio_ui5_key":"applicationmanageconditionprice-display-component---conditions--smartFilterBar-filterItemControl_BASIC-BILL_TYPES-vhi"}]}
RESULT: undefined
COMMAND: POST /session/3ee3b59268b112783f98a37bc72cbb43/element - {"using":"xpath","value":"//*[@id=\"application-manageconditionprice-display-component---conditions--smartFilterBar-filterItemControl_BASIC-BILL_TYPES-vhi\"]"}
RESULT: {"using":"xpath","value":"//*[@id=\"application-manageconditionprice-display-component---conditions--smartFilterBar-filterItemControl_BASIC-BILL_TYPES-vhi\"]"}
COMMAND: POST /session/3ee3b59268b112783f98a37bc72cbb43/element/f.DDB2A020B38DABC090658DE2C1C505F0.d.446F12A781E9697B9C168DC42EB1698A.e.14526/click - {}
RESULT: {}
COMMAND: POST /session/3ee3b59268b112783f98a37bc72cbb43/execute/async - {"script":"<script> [1562 bytes]","args":[{"selector":{"id":"application-manageconditionprice-display-component---conditions--smartFilterBar-filterItemControl_BASIC-BILL_TYPES-valueHelpDialog-smartFilterBar-btnBasicSearch","searchOpenDialogs":true,"interaction":{"idSuffix":"I"}},"wdio_ui5_key":"applicationmanageconditionprice-display-component---conditions--smartFilterBar-filterItemControl_BASIC-BILL_TYPES-valueHelpDialog-smartFilterBar-btnBasicSearch"}]}
COMMAND: GET /session/3ee3b59268b112783f98a37bc72cbb43/screenshot - {}
RESULT: {"script":"<script> [1562 bytes]","args":[{"selector":{"id":"application-manageconditionprice-display-component---conditions--smartFilterBar-filterItemControl_BASIC-BILL_TYPES-valueHelpDialog-smartFilterBar-btnBasicSearch","searchOpenDialogs":true,"interaction":{"idSuffix":"I"}},"wdio_ui5_key":"applicationmanageconditionprice-display-component---conditions--smartFilterBar-filterItemControl_BASIC-BILL_TYPES-valueHelpDialog-smartFilterBar-btnBasicSearch"}]}
RESULT: undefined
COMMAND: POST /session/3ee3b59268b112783f98a37bc72cbb43/execute/async - {"script":"<script> [776 bytes]","args":[{"enterText":"TB","selector":{"id":"application-manageconditionprice-display-component---conditions--smartFilterBar-filterItemControl_BASIC-BILL_TYPES-valueHelpDialog-smartFilterBar-btnBasicSearch","searchOpenDialogs":true,"interaction":{"idSuffix":"I"}},"clearTextFirst":true,"interactionType":"ENTER_TEXT"}]}
RESULT: {}
RESULT: {"script":"<script> [776 bytes]","args":[{"enterText":"TB","selector":{"id":"application-manageconditionprice-display-component---conditions--smartFilterBar-filterItemControl_BASIC-BILL_TYPES-valueHelpDialog-smartFilterBar-btnBasicSearch","searchOpenDialogs":true,"interaction":{"idSuffix":"I"}},"clearTextFirst":true,"interactionType":"ENTER_TEXT"}]}
COMMAND: POST /session/3ee3b59268b112783f98a37bc72cbb43/actions - {"actions":[{"id":"action64","type":"key","parameters":{},"actions":[{"type":"keyDown","value":"î€‡"},{"type":"pause","duration":10},{"type":"keyUp","value":"î€‡"}]}]}
RESULT: {"actions":[{"id":"action64","type":"key","parameters":{},"actions":[{"type":"keyDown","value":"î€‡"},{"type":"pause","duration":10},{"type":"keyUp","value":"î€‡"}]}]}
COMMAND: GET /session/3ee3b59268b112783f98a37bc72cbb43/screenshot - {}
RESULT: {}
COMMAND: POST /session/3ee3b59268b112783f98a37bc72cbb43/element - {"using":"xpath","value":"//div[contains(@id, 'application-manageconditionprice-display-component---conditions--smartFilterBar-filterItemControl_BASIC-BILL_TYPES-valueHelpDialog-table-rowsel0')]"}
RESULT: {"using":"xpath","value":"//div[contains(@id, 'application-manageconditionprice-display-component---conditions--smartFilterBar-filterItemControl_BASIC-BILL_TYPES-valueHelpDialog-table-rowsel0')]"}
COMMAND: POST /session/3ee3b59268b112783f98a37bc72cbb43/element/f.DDB2A020B38DABC090658DE2C1C505F0.d.446F12A781E9697B9C168DC42EB1698A.e.14536/click - {}
RESULT: {}
COMMAND: GET /session/3ee3b59268b112783f98a37bc72cbb43/screenshot - {}
RESULT: {}
COMMAND: POST /session/3ee3b59268b112783f98a37bc72cbb43/element - {"using":"xpath","value":"//bdi[contains(text(), \"OK\")]"}
RESULT: {"using":"xpath","value":"//bdi[contains(text(), \"OK\")]"}
COMMAND: POST /session/3ee3b59268b112783f98a37bc72cbb43/element/f.DDB2A020B38DABC090658DE2C1C505F0.d.446F12A781E9697B9C168DC42EB1698A.e.14538/click - {}
RESULT: {}
COMMAND: GET /session/3ee3b59268b112783f98a37bc72cbb43/screenshot - {}
RESULT: {}
COMMAND: POST /session/3ee3b59268b112783f98a37bc72cbb43/element - {"using":"xpath","value":"//span[@id=\"application-manageconditionprice-display-component---conditions--smartTable-header-inner\"]"}
RESULT: {"using":"xpath","value":"//span[@id=\"application-manageconditionprice-display-component---conditions--smartTable-header-inner\"]"}
COMMAND: POST /session/3ee3b59268b112783f98a37bc72cbb43/elements - {"using":"xpath","value":"//span[@id=\"application-manageconditionprice-display-component---conditions--smartTable-header-inner\"]"}
RESULT: {"using":"xpath","value":"//span[@id=\"application-manageconditionprice-display-component---conditions--smartTable-header-inner\"]"}
COMMAND: POST /session/3ee3b59268b112783f98a37bc72cbb43/execute/sync - {"script":"<script> [56 bytes]","args":[{"element-6066-11e4-a52e-4f735466cecf":"f.DDB2A020B38DABC090658DE2C1C505F0.d.446F12A781E9697B9C168DC42EB1698A.e.14541","ELEMENT":"f.DDB2A020B38DABC090658DE2C1C505F0.d.446F12A781E9697B9C168DC42EB1698A.e.14541"}]}
RESULT: {"script":"<script> [56 bytes]","args":[{"element-6066-11e4-a52e-4f735466cecf":"f.DDB2A020B38DABC090658DE2C1C505F0.d.446F12A781E9697B9C168DC42EB1698A.e.14541","ELEMENT":"f.DDB2A020B38DABC090658DE2C1C505F0.d.446F12A781E9697B9C168DC42EB1698A.e.14541"}]}
COMMAND: POST /session/3ee3b59268b112783f98a37bc72cbb43/element - {"using":"css selector","value":"#shell-header-logo"}
COMMAND: GET /session/3ee3b59268b112783f98a37bc72cbb43/screenshot - {}
RESULT: {"using":"css selector","value":"#shell-header-logo"}
COMMAND: POST /session/3ee3b59268b112783f98a37bc72cbb43/element/f.DDB2A020B38DABC090658DE2C1C505F0.d.446F12A781E9697B9C168DC42EB1698A.e.14169/click - {}
RESULT: {}
RESULT: {}
COMMAND: GET /session/3ee3b59268b112783f98a37bc72cbb43/screenshot - {}
RESULT: {}
]]></system-out>
    </testcase>
  </testsuite>
</testsuites>