<?xml version="1.0" encoding="UTF-8"?>
<testsuites tests="15" failures="10" errors="10" skipped="0">
  <testsuite timestamp="2025-05-30T17:59:41" time="941.392" tests="9" failures="5" errors="5" skipped="0">
    <properties>
      <property name="specId" value="0"/>
      <property name="suiteName" value="Tests for Mass State Change on Manage States &amp; Performances US104416 US"/>
      <property name="capabilities" value="chrome.136_0_7103_93.windows"/>
      <property name="file" value="file:///D:/a/1/s/test/specs/HTR/create-mass-state-change.spec.js"/>
    </properties>
    <testcase classname="chrome.136_0_7103_93.windows.Tests_for_Mass_State_Change_on_Manage_States_&amp;_Performances_US104416_US" name="Prereq Should create a new yard used for all following tests" time="122.143">
      <system-out><![CDATA[
COMMAND: POST /session/e5d91353675ec9eb3e3a21469c7a5328/window/fullscreen - {}
RESULT: {}
COMMAND: POST /session/e5d91353675ec9eb3e3a21469c7a5328/execute/async - {"script":"<script> [1562 bytes]","args":[{"selector":{"controlType":"sap.m.GenericTile","properties":{"header":"Manage Yards"}},"wdio_ui5_key":"sapm.GenericTile{\"header\":\"Manage Yards\"}"}]}
RESULT: {"script":"<script> [1562 bytes]","args":[{"selector":{"controlType":"sap.m.GenericTile","properties":{"header":"Manage Yards"}},"wdio_ui5_key":"sapm.GenericTile{\"header\":\"Manage Yards\"}"}]}
RESULT: undefined
COMMAND: POST /session/e5d91353675ec9eb3e3a21469c7a5328/element - {"using":"xpath","value":"//*[@id=\"__tile41\"]"}
RESULT: {"using":"xpath","value":"//*[@id=\"__tile41\"]"}
COMMAND: POST /session/e5d91353675ec9eb3e3a21469c7a5328/element/f.C1E909D8719DE039BC4E21351344D585.d.5C4B1F511BA1B9A5E4CCAE5F842E7CF6.e.159/click - {}
RESULT: {}
COMMAND: GET /session/e5d91353675ec9eb3e3a21469c7a5328/screenshot - {}
RESULT: {}
COMMAND: POST /session/e5d91353675ec9eb3e3a21469c7a5328/elements - {"using":"xpath","value":"//span[text()='Error']"}
RESULT: {"using":"xpath","value":"//span[text()='Error']"}
COMMAND: POST /session/e5d91353675ec9eb3e3a21469c7a5328/element - {"using":"xpath","value":"//button[@data-kt=\"addNewYardOverflowToolbarButton\"]"}
RESULT: {"using":"xpath","value":"//button[@data-kt=\"addNewYardOverflowToolbarButton\"]"}
COMMAND: POST /session/e5d91353675ec9eb3e3a21469c7a5328/elements - {"using":"xpath","value":"//button[@data-kt=\"addNewYardOverflowToolbarButton\"]"}
RESULT: {"using":"xpath","value":"//button[@data-kt=\"addNewYardOverflowToolbarButton\"]"}
COMMAND: POST /session/e5d91353675ec9eb3e3a21469c7a5328/elements - {"using":"xpath","value":"//button[@data-kt=\"addNewYardOverflowToolbarButton\"]"}
RESULT: {"using":"xpath","value":"//button[@data-kt=\"addNewYardOverflowToolbarButton\"]"}
COMMAND: POST /session/e5d91353675ec9eb3e3a21469c7a5328/element - {"using":"xpath","value":"//button[@data-kt=\"addNewYardOverflowToolbarButton\"]"}
RESULT: {"using":"xpath","value":"//button[@data-kt=\"addNewYardOverflowToolbarButton\"]"}
COMMAND: POST /session/e5d91353675ec9eb3e3a21469c7a5328/execute/sync - {"script":"<script> [8489 bytes]","args":[{"element-6066-11e4-a52e-4f735466cecf":"f.C1E909D8719DE039BC4E21351344D585.d.5C4B1F511BA1B9A5E4CCAE5F842E7CF6.e.294","ELEMENT":"f.C1E909D8719DE039BC4E21351344D585.d.5C4B1F511BA1B9A5E4CCAE5F842E7CF6.e.294"}]}
RESULT: {"script":"<script> [8489 bytes]","args":[{"element-6066-11e4-a52e-4f735466cecf":"f.C1E909D8719DE039BC4E21351344D585.d.5C4B1F511BA1B9A5E4CCAE5F842E7CF6.e.294","ELEMENT":"f.C1E909D8719DE039BC4E21351344D585.d.5C4B1F511BA1B9A5E4CCAE5F842E7CF6.e.294"}]}
COMMAND: GET /session/e5d91353675ec9eb3e3a21469c7a5328/element/f.C1E909D8719DE039BC4E21351344D585.d.5C4B1F511BA1B9A5E4CCAE5F842E7CF6.e.294/enabled - {}
COMMAND: GET /session/e5d91353675ec9eb3e3a21469c7a5328/screenshot - {}
RESULT: {}
COMMAND: POST /session/e5d91353675ec9eb3e3a21469c7a5328/execute/sync - {"script":"<script> [8489 bytes]","args":[{"element-6066-11e4-a52e-4f735466cecf":"f.C1E909D8719DE039BC4E21351344D585.d.5C4B1F511BA1B9A5E4CCAE5F842E7CF6.e.294","ELEMENT":"f.C1E909D8719DE039BC4E21351344D585.d.5C4B1F511BA1B9A5E4CCAE5F842E7CF6.e.294"}]}
COMMAND: GET /session/e5d91353675ec9eb3e3a21469c7a5328/screenshot - {}
RESULT: {}
RESULT: {"script":"<script> [8489 bytes]","args":[{"element-6066-11e4-a52e-4f735466cecf":"f.C1E909D8719DE039BC4E21351344D585.d.5C4B1F511BA1B9A5E4CCAE5F842E7CF6.e.294","ELEMENT":"f.C1E909D8719DE039BC4E21351344D585.d.5C4B1F511BA1B9A5E4CCAE5F842E7CF6.e.294"}]}
COMMAND: POST /session/e5d91353675ec9eb3e3a21469c7a5328/execute/sync - {"script":"<script> [5351 bytes]","args":[{"element-6066-11e4-a52e-4f735466cecf":"f.C1E909D8719DE039BC4E21351344D585.d.5C4B1F511BA1B9A5E4CCAE5F842E7CF6.e.294","ELEMENT":"f.C1E909D8719DE039BC4E21351344D585.d.5C4B1F511BA1B9A5E4CCAE5F842E7CF6.e.294"}]}
COMMAND: GET /session/e5d91353675ec9eb3e3a21469c7a5328/screenshot - {}
RESULT: {}
RESULT: {"script":"<script> [5351 bytes]","args":[{"element-6066-11e4-a52e-4f735466cecf":"f.C1E909D8719DE039BC4E21351344D585.d.5C4B1F511BA1B9A5E4CCAE5F842E7CF6.e.294","ELEMENT":"f.C1E909D8719DE039BC4E21351344D585.d.5C4B1F511BA1B9A5E4CCAE5F842E7CF6.e.294"}]}
COMMAND: POST /session/e5d91353675ec9eb3e3a21469c7a5328/element/f.C1E909D8719DE039BC4E21351344D585.d.5C4B1F511BA1B9A5E4CCAE5F842E7CF6.e.294/click - {}
COMMAND: GET /session/e5d91353675ec9eb3e3a21469c7a5328/screenshot - {}
RESULT: {}
RESULT: {}
COMMAND: GET /session/e5d91353675ec9eb3e3a21469c7a5328/screenshot - {}
RESULT: {}
RESULT: {}
COMMAND: POST /session/e5d91353675ec9eb3e3a21469c7a5328/element - {"using":"xpath","value":"//input[@id=\"application-manageyards-display-component---NewYard--yardId-inner\"]"}
RESULT: {"using":"xpath","value":"//input[@id=\"application-manageyards-display-component---NewYard--yardId-inner\"]"}
COMMAND: POST /session/e5d91353675ec9eb3e3a21469c7a5328/element - {"using":"xpath","value":"//input[@id=\"application-manageyards-display-component---NewYard--yardId-inner\"]"}
RESULT: {"using":"xpath","value":"//input[@id=\"application-manageyards-display-component---NewYard--yardId-inner\"]"}
COMMAND: POST /session/e5d91353675ec9eb3e3a21469c7a5328/execute/async - {"script":"<script> [1562 bytes]","args":[{"selector":{"id":"application-manageyards-display-component---NewYard--addressDetailDetailsName1","interaction":{"idSuffix":"inner"}},"wdio_ui5_key":"applicationmanageyards-display-component---NewYard--addressDetailDetailsName1"}]}
RESULT: {"script":"<script> [1562 bytes]","args":[{"selector":{"id":"application-manageyards-display-component---NewYard--addressDetailDetailsName1","interaction":{"idSuffix":"inner"}},"wdio_ui5_key":"applicationmanageyards-display-component---NewYard--addressDetailDetailsName1"}]}
RESULT: undefined
COMMAND: POST /session/e5d91353675ec9eb3e3a21469c7a5328/execute/async - {"script":"<script> [776 bytes]","args":[{"enterText":"Other Yard WDIO","selector":{"id":"application-manageyards-display-component---NewYard--addressDetailDetailsName1","interaction":{"idSuffix":"inner"}},"clearTextFirst":true,"interactionType":"ENTER_TEXT"}]}
RESULT: {"script":"<script> [776 bytes]","args":[{"enterText":"Other Yard WDIO","selector":{"id":"application-manageyards-display-component---NewYard--addressDetailDetailsName1","interaction":{"idSuffix":"inner"}},"clearTextFirst":true,"interactionType":"ENTER_TEXT"}]}
COMMAND: POST /session/e5d91353675ec9eb3e3a21469c7a5328/execute/async - {"script":"<script> [1562 bytes]","args":[{"selector":{"id":"application-manageyards-display-component---NewYard--addressDetailDetailsLanguage-arrow"},"wdio_ui5_key":"applicationmanageyards-display-component---NewYard--addressDetailDetailsLanguage-arrow"}]}
RESULT: {"script":"<script> [1562 bytes]","args":[{"selector":{"id":"application-manageyards-display-component---NewYard--addressDetailDetailsLanguage-arrow"},"wdio_ui5_key":"applicationmanageyards-display-component---NewYard--addressDetailDetailsLanguage-arrow"}]}
RESULT: undefined
COMMAND: POST /session/e5d91353675ec9eb3e3a21469c7a5328/element - {"using":"xpath","value":"//*[@id=\"application-manageyards-display-component---NewYard--addressDetailDetailsLanguage-arrow\"]"}
RESULT: {"using":"xpath","value":"//*[@id=\"application-manageyards-display-component---NewYard--addressDetailDetailsLanguage-arrow\"]"}
COMMAND: POST /session/e5d91353675ec9eb3e3a21469c7a5328/element/f.C1E909D8719DE039BC4E21351344D585.d.5C4B1F511BA1B9A5E4CCAE5F842E7CF6.e.717/click - {}
RESULT: {}
COMMAND: POST /session/e5d91353675ec9eb3e3a21469c7a5328/element - {"using":"xpath","value":"//span[contains(text(), \"English\")]"}
COMMAND: GET /session/e5d91353675ec9eb3e3a21469c7a5328/screenshot - {}
RESULT: {"using":"xpath","value":"//span[contains(text(), \"English\")]"}
COMMAND: POST /session/e5d91353675ec9eb3e3a21469c7a5328/element/f.C1E909D8719DE039BC4E21351344D585.d.5C4B1F511BA1B9A5E4CCAE5F842E7CF6.e.718/click - {}
RESULT: {}
RESULT: {}
COMMAND: POST /session/e5d91353675ec9eb3e3a21469c7a5328/execute/async - {"script":"<script> [1562 bytes]","args":[{"selector":{"id":"application-manageyards-display-component---NewYard--addressDetailDetailsCity1","interaction":{"idSuffix":"inner"}},"wdio_ui5_key":"applicationmanageyards-display-component---NewYard--addressDetailDetailsCity1"}]}
COMMAND: GET /session/e5d91353675ec9eb3e3a21469c7a5328/screenshot - {}
RESULT: {"script":"<script> [1562 bytes]","args":[{"selector":{"id":"application-manageyards-display-component---NewYard--addressDetailDetailsCity1","interaction":{"idSuffix":"inner"}},"wdio_ui5_key":"applicationmanageyards-display-component---NewYard--addressDetailDetailsCity1"}]}
RESULT: undefined
COMMAND: POST /session/e5d91353675ec9eb3e3a21469c7a5328/execute/async - {"script":"<script> [776 bytes]","args":[{"enterText":"Rosario","selector":{"id":"application-manageyards-display-component---NewYard--addressDetailDetailsCity1","interaction":{"idSuffix":"inner"}},"clearTextFirst":true,"interactionType":"ENTER_TEXT"}]}
RESULT: {}
RESULT: {"script":"<script> [776 bytes]","args":[{"enterText":"Rosario","selector":{"id":"application-manageyards-display-component---NewYard--addressDetailDetailsCity1","interaction":{"idSuffix":"inner"}},"clearTextFirst":true,"interactionType":"ENTER_TEXT"}]}
COMMAND: POST /session/e5d91353675ec9eb3e3a21469c7a5328/execute/async - {"script":"<script> [1562 bytes]","args":[{"selector":{"id":"application-manageyards-display-component---NewYard--addressDetailDetailsCountry-arrow"},"wdio_ui5_key":"applicationmanageyards-display-component---NewYard--addressDetailDetailsCountry-arrow"}]}
RESULT: {"script":"<script> [1562 bytes]","args":[{"selector":{"id":"application-manageyards-display-component---NewYard--addressDetailDetailsCountry-arrow"},"wdio_ui5_key":"applicationmanageyards-display-component---NewYard--addressDetailDetailsCountry-arrow"}]}
RESULT: undefined
COMMAND: POST /session/e5d91353675ec9eb3e3a21469c7a5328/element - {"using":"xpath","value":"//*[@id=\"application-manageyards-display-component---NewYard--addressDetailDetailsCountry-arrow\"]"}
RESULT: {"using":"xpath","value":"//*[@id=\"application-manageyards-display-component---NewYard--addressDetailDetailsCountry-arrow\"]"}
COMMAND: POST /session/e5d91353675ec9eb3e3a21469c7a5328/element/f.C1E909D8719DE039BC4E21351344D585.d.5C4B1F511BA1B9A5E4CCAE5F842E7CF6.e.720/click - {}
RESULT: {}
COMMAND: POST /session/e5d91353675ec9eb3e3a21469c7a5328/element - {"using":"xpath","value":"//span[contains(text(), \"Argentina\")]"}
COMMAND: GET /session/e5d91353675ec9eb3e3a21469c7a5328/screenshot - {}
RESULT: {"using":"xpath","value":"//span[contains(text(), \"Argentina\")]"}
COMMAND: POST /session/e5d91353675ec9eb3e3a21469c7a5328/element/f.C1E909D8719DE039BC4E21351344D585.d.5C4B1F511BA1B9A5E4CCAE5F842E7CF6.e.722/click - {}
RESULT: {}
RESULT: {}
COMMAND: POST /session/e5d91353675ec9eb3e3a21469c7a5328/execute/async - {"script":"<script> [1562 bytes]","args":[{"selector":{"id":"application-manageyards-display-component---NewYard--addressEditDetailsCostObjectCstType-arrow"},"wdio_ui5_key":"applicationmanageyards-display-component---NewYard--addressEditDetailsCostObjectCstType-arrow"}]}
COMMAND: GET /session/e5d91353675ec9eb3e3a21469c7a5328/screenshot - {}
RESULT: {"script":"<script> [1562 bytes]","args":[{"selector":{"id":"application-manageyards-display-component---NewYard--addressEditDetailsCostObjectCstType-arrow"},"wdio_ui5_key":"applicationmanageyards-display-component---NewYard--addressEditDetailsCostObjectCstType-arrow"}]}
RESULT: undefined
COMMAND: POST /session/e5d91353675ec9eb3e3a21469c7a5328/element - {"using":"xpath","value":"//*[@id=\"application-manageyards-display-component---NewYard--addressEditDetailsCostObjectCstType-arrow\"]"}
RESULT: {}
RESULT: {"using":"xpath","value":"//*[@id=\"application-manageyards-display-component---NewYard--addressEditDetailsCostObjectCstType-arrow\"]"}
COMMAND: POST /session/e5d91353675ec9eb3e3a21469c7a5328/element/f.C1E909D8719DE039BC4E21351344D585.d.5C4B1F511BA1B9A5E4CCAE5F842E7CF6.e.723/click - {}
RESULT: {}
COMMAND: POST /session/e5d91353675ec9eb3e3a21469c7a5328/element - {"using":"xpath","value":"//span[contains(text(), \"Cost Center\")]"}
COMMAND: GET /session/e5d91353675ec9eb3e3a21469c7a5328/screenshot - {}
RESULT: {"using":"xpath","value":"//span[contains(text(), \"Cost Center\")]"}
COMMAND: POST /session/e5d91353675ec9eb3e3a21469c7a5328/element/f.C1E909D8719DE039BC4E21351344D585.d.5C4B1F511BA1B9A5E4CCAE5F842E7CF6.e.724/click - {}
RESULT: {}
RESULT: {}
COMMAND: GET /session/e5d91353675ec9eb3e3a21469c7a5328/screenshot - {}
RESULT: {}
COMMAND: POST /session/e5d91353675ec9eb3e3a21469c7a5328/element - {"using":"xpath","value":"//span[@id=\"application-manageyards-display-component---NewYard--addressNewCostObjectCstID-vhi\"]"}
RESULT: {"using":"xpath","value":"//span[@id=\"application-manageyards-display-component---NewYard--addressNewCostObjectCstID-vhi\"]"}
COMMAND: POST /session/e5d91353675ec9eb3e3a21469c7a5328/execute/sync - {"script":"<script> [8489 bytes]","args":[{"element-6066-11e4-a52e-4f735466cecf":"f.C1E909D8719DE039BC4E21351344D585.d.5C4B1F511BA1B9A5E4CCAE5F842E7CF6.e.728","ELEMENT":"f.C1E909D8719DE039BC4E21351344D585.d.5C4B1F511BA1B9A5E4CCAE5F842E7CF6.e.728"}]}
RESULT: {"script":"<script> [8489 bytes]","args":[{"element-6066-11e4-a52e-4f735466cecf":"f.C1E909D8719DE039BC4E21351344D585.d.5C4B1F511BA1B9A5E4CCAE5F842E7CF6.e.728","ELEMENT":"f.C1E909D8719DE039BC4E21351344D585.d.5C4B1F511BA1B9A5E4CCAE5F842E7CF6.e.728"}]}
COMMAND: POST /session/e5d91353675ec9eb3e3a21469c7a5328/execute/async - {"script":"<script> [1562 bytes]","args":[{"selector":{"id":"application-manageyards-display-component---NewYard--addressNewCostObjectCstID-vhi"},"wdio_ui5_key":"applicationmanageyards-display-component---NewYard--addressNewCostObjectCstID-vhi"}]}
COMMAND: GET /session/e5d91353675ec9eb3e3a21469c7a5328/screenshot - {}
RESULT: {"script":"<script> [1562 bytes]","args":[{"selector":{"id":"application-manageyards-display-component---NewYard--addressNewCostObjectCstID-vhi"},"wdio_ui5_key":"applicationmanageyards-display-component---NewYard--addressNewCostObjectCstID-vhi"}]}
RESULT: undefined
COMMAND: POST /session/e5d91353675ec9eb3e3a21469c7a5328/element - {"using":"xpath","value":"//*[@id=\"application-manageyards-display-component---NewYard--addressNewCostObjectCstID-vhi\"]"}
RESULT: {}
RESULT: {"using":"xpath","value":"//*[@id=\"application-manageyards-display-component---NewYard--addressNewCostObjectCstID-vhi\"]"}
COMMAND: POST /session/e5d91353675ec9eb3e3a21469c7a5328/element/f.C1E909D8719DE039BC4E21351344D585.d.5C4B1F511BA1B9A5E4CCAE5F842E7CF6.e.728/click - {}
RESULT: {}
COMMAND: GET /session/e5d91353675ec9eb3e3a21469c7a5328/screenshot - {}
RESULT: {}
COMMAND: POST /session/e5d91353675ec9eb3e3a21469c7a5328/execute/async - {"script":"<script> [1562 bytes]","args":[{"selector":{"controlType":"sap.m.SearchField","properties":{"placeholder":"Search"},"searchOpenDialogs":true,"interaction":{"idSuffix":"I"}},"wdio_ui5_key":"sapm.SearchField{\"placeholder\":\"Search\"}"}]}
RESULT: {"script":"<script> [1562 bytes]","args":[{"selector":{"controlType":"sap.m.SearchField","properties":{"placeholder":"Search"},"searchOpenDialogs":true,"interaction":{"idSuffix":"I"}},"wdio_ui5_key":"sapm.SearchField{\"placeholder\":\"Search\"}"}]}
RESULT: undefined
COMMAND: POST /session/e5d91353675ec9eb3e3a21469c7a5328/execute/async - {"script":"<script> [776 bytes]","args":[{"enterText":"bauh_b","selector":{"controlType":"sap.m.SearchField","properties":{"placeholder":"Search"},"searchOpenDialogs":true,"interaction":{"idSuffix":"I"}},"clearTextFirst":true,"interactionType":"ENTER_TEXT"}]}
RESULT: {"script":"<script> [776 bytes]","args":[{"enterText":"bauh_b","selector":{"controlType":"sap.m.SearchField","properties":{"placeholder":"Search"},"searchOpenDialogs":true,"interaction":{"idSuffix":"I"}},"clearTextFirst":true,"interactionType":"ENTER_TEXT"}]}
COMMAND: POST /session/e5d91353675ec9eb3e3a21469c7a5328/actions - {"actions":[{"id":"action1","type":"key","parameters":{},"actions":[{"type":"keyDown","value":""},{"type":"pause","duration":10},{"type":"keyUp","value":""}]}]}
RESULT: {"actions":[{"id":"action1","type":"key","parameters":{},"actions":[{"type":"keyDown","value":""},{"type":"pause","duration":10},{"type":"keyUp","value":""}]}]}
COMMAND: GET /session/e5d91353675ec9eb3e3a21469c7a5328/screenshot - {}
RESULT: {}
COMMAND: POST /session/e5d91353675ec9eb3e3a21469c7a5328/element - {"using":"xpath","value":"//span[contains(text(), \"Demo Yard\")]"}
RESULT: {"using":"xpath","value":"//span[contains(text(), \"Demo Yard\")]"}
COMMAND: POST /session/e5d91353675ec9eb3e3a21469c7a5328/element/f.C1E909D8719DE039BC4E21351344D585.d.5C4B1F511BA1B9A5E4CCAE5F842E7CF6.e.769/click - {}
RESULT: {}
COMMAND: GET /session/e5d91353675ec9eb3e3a21469c7a5328/screenshot - {}
RESULT: {}
COMMAND: POST /session/e5d91353675ec9eb3e3a21469c7a5328/element - {"using":"xpath","value":"//bdi[contains(text(), \"OK\")]"}
RESULT: {"using":"xpath","value":"//bdi[contains(text(), \"OK\")]"}
COMMAND: POST /session/e5d91353675ec9eb3e3a21469c7a5328/element/f.C1E909D8719DE039BC4E21351344D585.d.5C4B1F511BA1B9A5E4CCAE5F842E7CF6.e.770/click - {}
RESULT: {}
COMMAND: GET /session/e5d91353675ec9eb3e3a21469c7a5328/screenshot - {}
RESULT: {}
COMMAND: POST /session/e5d91353675ec9eb3e3a21469c7a5328/execute/async - {"script":"<script> [1562 bytes]","args":[{"selector":{"id":"application-manageyards-display-component---NewYard--addressEditDetailsCurrency-arrow"},"wdio_ui5_key":"applicationmanageyards-display-component---NewYard--addressEditDetailsCurrency-arrow"}]}
RESULT: {"script":"<script> [1562 bytes]","args":[{"selector":{"id":"application-manageyards-display-component---NewYard--addressEditDetailsCurrency-arrow"},"wdio_ui5_key":"applicationmanageyards-display-component---NewYard--addressEditDetailsCurrency-arrow"}]}
RESULT: undefined
COMMAND: POST /session/e5d91353675ec9eb3e3a21469c7a5328/element - {"using":"xpath","value":"//*[@id=\"application-manageyards-display-component---NewYard--addressEditDetailsCurrency-arrow\"]"}
RESULT: {"using":"xpath","value":"//*[@id=\"application-manageyards-display-component---NewYard--addressEditDetailsCurrency-arrow\"]"}
COMMAND: POST /session/e5d91353675ec9eb3e3a21469c7a5328/element/f.C1E909D8719DE039BC4E21351344D585.d.5C4B1F511BA1B9A5E4CCAE5F842E7CF6.e.773/click - {}
RESULT: {}
COMMAND: POST /session/e5d91353675ec9eb3e3a21469c7a5328/element - {"using":"xpath","value":"//span[contains(text(), \"Euro\")]"}
COMMAND: GET /session/e5d91353675ec9eb3e3a21469c7a5328/screenshot - {}
RESULT: {"using":"xpath","value":"//span[contains(text(), \"Euro\")]"}
COMMAND: POST /session/e5d91353675ec9eb3e3a21469c7a5328/element/f.C1E909D8719DE039BC4E21351344D585.d.5C4B1F511BA1B9A5E4CCAE5F842E7CF6.e.774/click - {}
RESULT: {}
RESULT: {}
COMMAND: POST /session/e5d91353675ec9eb3e3a21469c7a5328/execute/async - {"script":"<script> [1562 bytes]","args":[{"selector":{"controlType":"sap.m.Input","viewName":"etm.portal.ui.manageyards.view.New","viewId":"application-manageyards-display-component---NewYard","bindingPath":{"path":"","propertyPath":"/CONTROLLING_AREA","modelName":"NewYardModel"},"interaction":{"idSuffix":"inner"}},"wdio_ui5_key":"etmportal.ui.manageyards.view.Newsap.m.Input{\"path\":\"\",\"propertyPath\":\"/CONTROLLING_AREA\",\"modelName\":\"NewYardModel\"}"}]}
COMMAND: GET /session/e5d91353675ec9eb3e3a21469c7a5328/screenshot - {}
RESULT: {"script":"<script> [1562 bytes]","args":[{"selector":{"controlType":"sap.m.Input","viewName":"etm.portal.ui.manageyards.view.New","viewId":"application-manageyards-display-component---NewYard","bindingPath":{"path":"","propertyPath":"/CONTROLLING_AREA","modelName":"NewYardModel"},"interaction":{"idSuffix":"inner"}},"wdio_ui5_key":"etmportal.ui.manageyards.view.Newsap.m.Input{\"path\":\"\",\"propertyPath\":\"/CONTROLLING_AREA\",\"modelName\":\"NewYardModel\"}"}]}
RESULT: undefined
COMMAND: POST /session/e5d91353675ec9eb3e3a21469c7a5328/execute/async - {"script":"<script> [776 bytes]","args":[{"enterText":"Z001","selector":{"controlType":"sap.m.Input","viewName":"etm.portal.ui.manageyards.view.New","viewId":"application-manageyards-display-component---NewYard","bindingPath":{"path":"","propertyPath":"/CONTROLLING_AREA","modelName":"NewYardModel"},"interaction":{"idSuffix":"inner"}},"clearTextFirst":true,"interactionType":"ENTER_TEXT"}]}
RESULT: {}
RESULT: {"script":"<script> [776 bytes]","args":[{"enterText":"Z001","selector":{"controlType":"sap.m.Input","viewName":"etm.portal.ui.manageyards.view.New","viewId":"application-manageyards-display-component---NewYard","bindingPath":{"path":"","propertyPath":"/CONTROLLING_AREA","modelName":"NewYardModel"},"interaction":{"idSuffix":"inner"}},"clearTextFirst":true,"interactionType":"ENTER_TEXT"}]}
COMMAND: POST /session/e5d91353675ec9eb3e3a21469c7a5328/execute/async - {"script":"<script> [1562 bytes]","args":[{"selector":{"id":"application-manageyards-display-component---NewYard--companyCodeComboBox","interaction":{"idSuffix":"inner"}},"wdio_ui5_key":"applicationmanageyards-display-component---NewYard--companyCodeComboBox"}]}
RESULT: {"script":"<script> [1562 bytes]","args":[{"selector":{"id":"application-manageyards-display-component---NewYard--companyCodeComboBox","interaction":{"idSuffix":"inner"}},"wdio_ui5_key":"applicationmanageyards-display-component---NewYard--companyCodeComboBox"}]}
RESULT: undefined
COMMAND: POST /session/e5d91353675ec9eb3e3a21469c7a5328/execute/async - {"script":"<script> [776 bytes]","args":[{"enterText":"1000","selector":{"id":"application-manageyards-display-component---NewYard--companyCodeComboBox","interaction":{"idSuffix":"inner"}},"clearTextFirst":true,"interactionType":"ENTER_TEXT"}]}
RESULT: {"script":"<script> [776 bytes]","args":[{"enterText":"1000","selector":{"id":"application-manageyards-display-component---NewYard--companyCodeComboBox","interaction":{"idSuffix":"inner"}},"clearTextFirst":true,"interactionType":"ENTER_TEXT"}]}
COMMAND: POST /session/e5d91353675ec9eb3e3a21469c7a5328/execute/async - {"script":"<script> [1562 bytes]","args":[{"selector":{"controlType":"sap.m.Input","viewName":"etm.portal.ui.manageyards.view.New","viewId":"application-manageyards-display-component---NewYard","bindingPath":{"path":"","propertyPath":"/PLANT","modelName":"NewYardModel"},"interaction":{"idSuffix":"inner"}},"wdio_ui5_key":"etmportal.ui.manageyards.view.Newsap.m.Input{\"path\":\"\",\"propertyPath\":\"/PLANT\",\"modelName\":\"NewYardModel\"}"}]}
RESULT: {"script":"<script> [1562 bytes]","args":[{"selector":{"controlType":"sap.m.Input","viewName":"etm.portal.ui.manageyards.view.New","viewId":"application-manageyards-display-component---NewYard","bindingPath":{"path":"","propertyPath":"/PLANT","modelName":"NewYardModel"},"interaction":{"idSuffix":"inner"}},"wdio_ui5_key":"etmportal.ui.manageyards.view.Newsap.m.Input{\"path\":\"\",\"propertyPath\":\"/PLANT\",\"modelName\":\"NewYardModel\"}"}]}
RESULT: undefined
COMMAND: POST /session/e5d91353675ec9eb3e3a21469c7a5328/execute/async - {"script":"<script> [776 bytes]","args":[{"enterText":"1001","selector":{"controlType":"sap.m.Input","viewName":"etm.portal.ui.manageyards.view.New","viewId":"application-manageyards-display-component---NewYard","bindingPath":{"path":"","propertyPath":"/PLANT","modelName":"NewYardModel"},"interaction":{"idSuffix":"inner"}},"clearTextFirst":true,"interactionType":"ENTER_TEXT"}]}
RESULT: {"script":"<script> [776 bytes]","args":[{"enterText":"1001","selector":{"controlType":"sap.m.Input","viewName":"etm.portal.ui.manageyards.view.New","viewId":"application-manageyards-display-component---NewYard","bindingPath":{"path":"","propertyPath":"/PLANT","modelName":"NewYardModel"},"interaction":{"idSuffix":"inner"}},"clearTextFirst":true,"interactionType":"ENTER_TEXT"}]}
COMMAND: POST /session/e5d91353675ec9eb3e3a21469c7a5328/execute/async - {"script":"<script> [1562 bytes]","args":[{"selector":{"controlType":"sap.m.Input","viewName":"etm.portal.ui.manageyards.view.New","viewId":"application-manageyards-display-component---NewYard","bindingPath":{"path":"","propertyPath":"/SALES_AREA_VKORG","modelName":"NewYardModel"},"interaction":{"idSuffix":"inner"}},"wdio_ui5_key":"etmportal.ui.manageyards.view.Newsap.m.Input{\"path\":\"\",\"propertyPath\":\"/SALES_AREA_VKORG\",\"modelName\":\"NewYardModel\"}"}]}
RESULT: {"script":"<script> [1562 bytes]","args":[{"selector":{"controlType":"sap.m.Input","viewName":"etm.portal.ui.manageyards.view.New","viewId":"application-manageyards-display-component---NewYard","bindingPath":{"path":"","propertyPath":"/SALES_AREA_VKORG","modelName":"NewYardModel"},"interaction":{"idSuffix":"inner"}},"wdio_ui5_key":"etmportal.ui.manageyards.view.Newsap.m.Input{\"path\":\"\",\"propertyPath\":\"/SALES_AREA_VKORG\",\"modelName\":\"NewYardModel\"}"}]}
RESULT: undefined
COMMAND: POST /session/e5d91353675ec9eb3e3a21469c7a5328/execute/async - {"script":"<script> [776 bytes]","args":[{"enterText":"C002","selector":{"controlType":"sap.m.Input","viewName":"etm.portal.ui.manageyards.view.New","viewId":"application-manageyards-display-component---NewYard","bindingPath":{"path":"","propertyPath":"/SALES_AREA_VKORG","modelName":"NewYardModel"},"interaction":{"idSuffix":"inner"}},"clearTextFirst":true,"interactionType":"ENTER_TEXT"}]}
RESULT: {"script":"<script> [776 bytes]","args":[{"enterText":"C002","selector":{"controlType":"sap.m.Input","viewName":"etm.portal.ui.manageyards.view.New","viewId":"application-manageyards-display-component---NewYard","bindingPath":{"path":"","propertyPath":"/SALES_AREA_VKORG","modelName":"NewYardModel"},"interaction":{"idSuffix":"inner"}},"clearTextFirst":true,"interactionType":"ENTER_TEXT"}]}
COMMAND: POST /session/e5d91353675ec9eb3e3a21469c7a5328/execute/async - {"script":"<script> [1562 bytes]","args":[{"selector":{"controlType":"sap.m.Input","viewName":"etm.portal.ui.manageyards.view.New","viewId":"application-manageyards-display-component---NewYard","bindingPath":{"path":"","propertyPath":"/SALES_AREA_VTWEG","modelName":"NewYardModel"},"interaction":{"idSuffix":"inner"}},"wdio_ui5_key":"etmportal.ui.manageyards.view.Newsap.m.Input{\"path\":\"\",\"propertyPath\":\"/SALES_AREA_VTWEG\",\"modelName\":\"NewYardModel\"}"}]}
RESULT: {"script":"<script> [1562 bytes]","args":[{"selector":{"controlType":"sap.m.Input","viewName":"etm.portal.ui.manageyards.view.New","viewId":"application-manageyards-display-component---NewYard","bindingPath":{"path":"","propertyPath":"/SALES_AREA_VTWEG","modelName":"NewYardModel"},"interaction":{"idSuffix":"inner"}},"wdio_ui5_key":"etmportal.ui.manageyards.view.Newsap.m.Input{\"path\":\"\",\"propertyPath\":\"/SALES_AREA_VTWEG\",\"modelName\":\"NewYardModel\"}"}]}
RESULT: undefined
COMMAND: POST /session/e5d91353675ec9eb3e3a21469c7a5328/execute/async - {"script":"<script> [776 bytes]","args":[{"enterText":"C2","selector":{"controlType":"sap.m.Input","viewName":"etm.portal.ui.manageyards.view.New","viewId":"application-manageyards-display-component---NewYard","bindingPath":{"path":"","propertyPath":"/SALES_AREA_VTWEG","modelName":"NewYardModel"},"interaction":{"idSuffix":"inner"}},"clearTextFirst":true,"interactionType":"ENTER_TEXT"}]}
RESULT: {"script":"<script> [776 bytes]","args":[{"enterText":"C2","selector":{"controlType":"sap.m.Input","viewName":"etm.portal.ui.manageyards.view.New","viewId":"application-manageyards-display-component---NewYard","bindingPath":{"path":"","propertyPath":"/SALES_AREA_VTWEG","modelName":"NewYardModel"},"interaction":{"idSuffix":"inner"}},"clearTextFirst":true,"interactionType":"ENTER_TEXT"}]}
COMMAND: POST /session/e5d91353675ec9eb3e3a21469c7a5328/execute/async - {"script":"<script> [1562 bytes]","args":[{"selector":{"controlType":"sap.m.Input","viewName":"etm.portal.ui.manageyards.view.New","viewId":"application-manageyards-display-component---NewYard","bindingPath":{"path":"","propertyPath":"/SALES_AREA_SPART","modelName":"NewYardModel"},"interaction":{"idSuffix":"inner"}},"wdio_ui5_key":"etmportal.ui.manageyards.view.Newsap.m.Input{\"path\":\"\",\"propertyPath\":\"/SALES_AREA_SPART\",\"modelName\":\"NewYardModel\"}"}]}
RESULT: {"script":"<script> [1562 bytes]","args":[{"selector":{"controlType":"sap.m.Input","viewName":"etm.portal.ui.manageyards.view.New","viewId":"application-manageyards-display-component---NewYard","bindingPath":{"path":"","propertyPath":"/SALES_AREA_SPART","modelName":"NewYardModel"},"interaction":{"idSuffix":"inner"}},"wdio_ui5_key":"etmportal.ui.manageyards.view.Newsap.m.Input{\"path\":\"\",\"propertyPath\":\"/SALES_AREA_SPART\",\"modelName\":\"NewYardModel\"}"}]}
RESULT: undefined
COMMAND: POST /session/e5d91353675ec9eb3e3a21469c7a5328/execute/async - {"script":"<script> [776 bytes]","args":[{"enterText":"C2","selector":{"controlType":"sap.m.Input","viewName":"etm.portal.ui.manageyards.view.New","viewId":"application-manageyards-display-component---NewYard","bindingPath":{"path":"","propertyPath":"/SALES_AREA_SPART","modelName":"NewYardModel"},"interaction":{"idSuffix":"inner"}},"clearTextFirst":true,"interactionType":"ENTER_TEXT"}]}
RESULT: {"script":"<script> [776 bytes]","args":[{"enterText":"C2","selector":{"controlType":"sap.m.Input","viewName":"etm.portal.ui.manageyards.view.New","viewId":"application-manageyards-display-component---NewYard","bindingPath":{"path":"","propertyPath":"/SALES_AREA_SPART","modelName":"NewYardModel"},"interaction":{"idSuffix":"inner"}},"clearTextFirst":true,"interactionType":"ENTER_TEXT"}]}
COMMAND: POST /session/e5d91353675ec9eb3e3a21469c7a5328/execute/async - {"script":"<script> [1562 bytes]","args":[{"selector":{"controlType":"sap.m.Input","viewName":"etm.portal.ui.manageyards.view.New","viewId":"application-manageyards-display-component---NewYard","bindingPath":{"path":"","propertyPath":"/SHIP_POINT","modelName":"NewYardModel"},"interaction":{"idSuffix":"inner"}},"wdio_ui5_key":"etmportal.ui.manageyards.view.Newsap.m.Input{\"path\":\"\",\"propertyPath\":\"/SHIP_POINT\",\"modelName\":\"NewYardModel\"}"}]}
RESULT: {"script":"<script> [1562 bytes]","args":[{"selector":{"controlType":"sap.m.Input","viewName":"etm.portal.ui.manageyards.view.New","viewId":"application-manageyards-display-component---NewYard","bindingPath":{"path":"","propertyPath":"/SHIP_POINT","modelName":"NewYardModel"},"interaction":{"idSuffix":"inner"}},"wdio_ui5_key":"etmportal.ui.manageyards.view.Newsap.m.Input{\"path\":\"\",\"propertyPath\":\"/SHIP_POINT\",\"modelName\":\"NewYardModel\"}"}]}
RESULT: undefined
COMMAND: POST /session/e5d91353675ec9eb3e3a21469c7a5328/execute/async - {"script":"<script> [776 bytes]","args":[{"enterText":"1710","selector":{"controlType":"sap.m.Input","viewName":"etm.portal.ui.manageyards.view.New","viewId":"application-manageyards-display-component---NewYard","bindingPath":{"path":"","propertyPath":"/SHIP_POINT","modelName":"NewYardModel"},"interaction":{"idSuffix":"inner"}},"clearTextFirst":true,"interactionType":"ENTER_TEXT"}]}
RESULT: {"script":"<script> [776 bytes]","args":[{"enterText":"1710","selector":{"controlType":"sap.m.Input","viewName":"etm.portal.ui.manageyards.view.New","viewId":"application-manageyards-display-component---NewYard","bindingPath":{"path":"","propertyPath":"/SHIP_POINT","modelName":"NewYardModel"},"interaction":{"idSuffix":"inner"}},"clearTextFirst":true,"interactionType":"ENTER_TEXT"}]}
COMMAND: POST /session/e5d91353675ec9eb3e3a21469c7a5328/execute/async - {"script":"<script> [1562 bytes]","args":[{"selector":{"controlType":"sap.m.Input","viewName":"etm.portal.ui.manageyards.view.New","viewId":"application-manageyards-display-component---NewYard","bindingPath":{"path":"","propertyPath":"/DELIVERY_TYPE","modelName":"NewYardModel"},"interaction":{"idSuffix":"inner"}},"wdio_ui5_key":"etmportal.ui.manageyards.view.Newsap.m.Input{\"path\":\"\",\"propertyPath\":\"/DELIVERY_TYPE\",\"modelName\":\"NewYardModel\"}"}]}
RESULT: {"script":"<script> [1562 bytes]","args":[{"selector":{"controlType":"sap.m.Input","viewName":"etm.portal.ui.manageyards.view.New","viewId":"application-manageyards-display-component---NewYard","bindingPath":{"path":"","propertyPath":"/DELIVERY_TYPE","modelName":"NewYardModel"},"interaction":{"idSuffix":"inner"}},"wdio_ui5_key":"etmportal.ui.manageyards.view.Newsap.m.Input{\"path\":\"\",\"propertyPath\":\"/DELIVERY_TYPE\",\"modelName\":\"NewYardModel\"}"}]}
RESULT: undefined
COMMAND: POST /session/e5d91353675ec9eb3e3a21469c7a5328/execute/async - {"script":"<script> [776 bytes]","args":[{"enterText":"ZL01","selector":{"controlType":"sap.m.Input","viewName":"etm.portal.ui.manageyards.view.New","viewId":"application-manageyards-display-component---NewYard","bindingPath":{"path":"","propertyPath":"/DELIVERY_TYPE","modelName":"NewYardModel"},"interaction":{"idSuffix":"inner"}},"clearTextFirst":true,"interactionType":"ENTER_TEXT"}]}
RESULT: {"script":"<script> [776 bytes]","args":[{"enterText":"ZL01","selector":{"controlType":"sap.m.Input","viewName":"etm.portal.ui.manageyards.view.New","viewId":"application-manageyards-display-component---NewYard","bindingPath":{"path":"","propertyPath":"/DELIVERY_TYPE","modelName":"NewYardModel"},"interaction":{"idSuffix":"inner"}},"clearTextFirst":true,"interactionType":"ENTER_TEXT"}]}
COMMAND: POST /session/e5d91353675ec9eb3e3a21469c7a5328/execute/async - {"script":"<script> [1562 bytes]","args":[{"selector":{"controlType":"sap.m.Input","viewName":"etm.portal.ui.manageyards.view.New","viewId":"application-manageyards-display-component---NewYard","bindingPath":{"path":"","propertyPath":"/AUART","modelName":"NewYardModel"},"interaction":{"idSuffix":"inner"}},"wdio_ui5_key":"etmportal.ui.manageyards.view.Newsap.m.Input{\"path\":\"\",\"propertyPath\":\"/AUART\",\"modelName\":\"NewYardModel\"}"}]}
RESULT: {"script":"<script> [1562 bytes]","args":[{"selector":{"controlType":"sap.m.Input","viewName":"etm.portal.ui.manageyards.view.New","viewId":"application-manageyards-display-component---NewYard","bindingPath":{"path":"","propertyPath":"/AUART","modelName":"NewYardModel"},"interaction":{"idSuffix":"inner"}},"wdio_ui5_key":"etmportal.ui.manageyards.view.Newsap.m.Input{\"path\":\"\",\"propertyPath\":\"/AUART\",\"modelName\":\"NewYardModel\"}"}]}
RESULT: undefined
COMMAND: POST /session/e5d91353675ec9eb3e3a21469c7a5328/execute/async - {"script":"<script> [776 bytes]","args":[{"enterText":"TA","selector":{"controlType":"sap.m.Input","viewName":"etm.portal.ui.manageyards.view.New","viewId":"application-manageyards-display-component---NewYard","bindingPath":{"path":"","propertyPath":"/AUART","modelName":"NewYardModel"},"interaction":{"idSuffix":"inner"}},"clearTextFirst":true,"interactionType":"ENTER_TEXT"}]}
RESULT: {"script":"<script> [776 bytes]","args":[{"enterText":"TA","selector":{"controlType":"sap.m.Input","viewName":"etm.portal.ui.manageyards.view.New","viewId":"application-manageyards-display-component---NewYard","bindingPath":{"path":"","propertyPath":"/AUART","modelName":"NewYardModel"},"interaction":{"idSuffix":"inner"}},"clearTextFirst":true,"interactionType":"ENTER_TEXT"}]}
COMMAND: POST /session/e5d91353675ec9eb3e3a21469c7a5328/element - {"using":"xpath","value":"//button[@data-kt=\"newYardSaveButton\"]"}
RESULT: {"using":"xpath","value":"//button[@data-kt=\"newYardSaveButton\"]"}
COMMAND: POST /session/e5d91353675ec9eb3e3a21469c7a5328/element/f.C1E909D8719DE039BC4E21351344D585.d.5C4B1F511BA1B9A5E4CCAE5F842E7CF6.e.711/click - {}
RESULT: {}
COMMAND: GET /session/e5d91353675ec9eb3e3a21469c7a5328/screenshot - {}
RESULT: {}
COMMAND: POST /session/e5d91353675ec9eb3e3a21469c7a5328/element - {"using":"xpath","value":"//header[contains(@id, 'ObjectPageLayout-headerTitle')]/div[1]/div[2]/div[1]/span[1]"}
RESULT: {"using":"xpath","value":"//header[contains(@id, 'ObjectPageLayout-headerTitle')]/div[1]/div[2]/div[1]/span[1]"}
COMMAND: POST /session/e5d91353675ec9eb3e3a21469c7a5328/elements - {"using":"xpath","value":"//header[contains(@id, 'ObjectPageLayout-headerTitle')]/div[1]/div[2]/div[1]/span[1]"}
RESULT: {"using":"xpath","value":"//header[contains(@id, 'ObjectPageLayout-headerTitle')]/div[1]/div[2]/div[1]/span[1]"}
COMMAND: POST /session/e5d91353675ec9eb3e3a21469c7a5328/execute/sync - {"script":"<script> [56 bytes]","args":[{"element-6066-11e4-a52e-4f735466cecf":"f.C1E909D8719DE039BC4E21351344D585.d.5C4B1F511BA1B9A5E4CCAE5F842E7CF6.e.993","ELEMENT":"f.C1E909D8719DE039BC4E21351344D585.d.5C4B1F511BA1B9A5E4CCAE5F842E7CF6.e.993"}]}
RESULT: {"script":"<script> [56 bytes]","args":[{"element-6066-11e4-a52e-4f735466cecf":"f.C1E909D8719DE039BC4E21351344D585.d.5C4B1F511BA1B9A5E4CCAE5F842E7CF6.e.993","ELEMENT":"f.C1E909D8719DE039BC4E21351344D585.d.5C4B1F511BA1B9A5E4CCAE5F842E7CF6.e.993"}]}
COMMAND: GET /session/e5d91353675ec9eb3e3a21469c7a5328/screenshot - {}
RESULT: {}
COMMAND: POST /session/e5d91353675ec9eb3e3a21469c7a5328/element - {"using":"css selector","value":"#shell-header-logo"}
RESULT: {"using":"css selector","value":"#shell-header-logo"}
COMMAND: POST /session/e5d91353675ec9eb3e3a21469c7a5328/element/f.C1E909D8719DE039BC4E21351344D585.d.5C4B1F511BA1B9A5E4CCAE5F842E7CF6.e.263/click - {}
RESULT: {}
COMMAND: GET /session/e5d91353675ec9eb3e3a21469c7a5328/screenshot - {}
RESULT: {}
COMMAND: POST /session/e5d91353675ec9eb3e3a21469c7a5328/execute/sync - {"script":"<script> [299 bytes]","args":[["getModel","getResource"]]}
RESULT: {"script":"<script> [299 bytes]","args":[["getModel","getResource"]]}
]]></system-out>
    </testcase>
    <testcase classname="chrome.136_0_7103_93.windows.Tests_for_Mass_State_Change_on_Manage_States_&amp;_Performances_US104416_US" name="Prereq Should create a new partner" time="139.094">
      <system-out><![CDATA[
COMMAND: GET /session/e5d91353675ec9eb3e3a21469c7a5328/screenshot - {}
COMMAND: POST /session/e5d91353675ec9eb3e3a21469c7a5328/window/fullscreen - {}
RESULT: {}
RESULT: {}
COMMAND: POST /session/e5d91353675ec9eb3e3a21469c7a5328/execute/async - {"script":"<script> [1562 bytes]","args":[{"selector":{"controlType":"sap.m.GenericTile","properties":{"header":"Manage Partners"}},"wdio_ui5_key":"sapm.GenericTile{\"header\":\"Manage Partners\"}"}]}
RESULT: {"script":"<script> [1562 bytes]","args":[{"selector":{"controlType":"sap.m.GenericTile","properties":{"header":"Manage Partners"}},"wdio_ui5_key":"sapm.GenericTile{\"header\":\"Manage Partners\"}"}]}
RESULT: undefined
COMMAND: POST /session/e5d91353675ec9eb3e3a21469c7a5328/element - {"using":"xpath","value":"//*[@id=\"__tile38\"]"}
RESULT: {"using":"xpath","value":"//*[@id=\"__tile38\"]"}
COMMAND: POST /session/e5d91353675ec9eb3e3a21469c7a5328/element/f.C1E909D8719DE039BC4E21351344D585.d.5C4B1F511BA1B9A5E4CCAE5F842E7CF6.e.150/click - {}
RESULT: {}
COMMAND: GET /session/e5d91353675ec9eb3e3a21469c7a5328/screenshot - {}
RESULT: {}
COMMAND: POST /session/e5d91353675ec9eb3e3a21469c7a5328/elements - {"using":"xpath","value":"//span[text()='Error']"}
RESULT: {"using":"xpath","value":"//span[text()='Error']"}
COMMAND: POST /session/e5d91353675ec9eb3e3a21469c7a5328/element - {"using":"xpath","value":"//button[@data-kt=\"addButton\"]"}
RESULT: {"using":"xpath","value":"//button[@data-kt=\"addButton\"]"}
COMMAND: POST /session/e5d91353675ec9eb3e3a21469c7a5328/elements - {"using":"xpath","value":"//button[@data-kt=\"addButton\"]"}
RESULT: {"using":"xpath","value":"//button[@data-kt=\"addButton\"]"}
COMMAND: POST /session/e5d91353675ec9eb3e3a21469c7a5328/elements - {"using":"xpath","value":"//button[@data-kt=\"addButton\"]"}
RESULT: {"using":"xpath","value":"//button[@data-kt=\"addButton\"]"}
COMMAND: POST /session/e5d91353675ec9eb3e3a21469c7a5328/elements - {"using":"xpath","value":"//button[@data-kt=\"addButton\"]"}
RESULT: {"using":"xpath","value":"//button[@data-kt=\"addButton\"]"}
COMMAND: POST /session/e5d91353675ec9eb3e3a21469c7a5328/element - {"using":"xpath","value":"//button[@data-kt=\"addButton\"]"}
RESULT: {"using":"xpath","value":"//button[@data-kt=\"addButton\"]"}
COMMAND: POST /session/e5d91353675ec9eb3e3a21469c7a5328/execute/sync - {"script":"<script> [8489 bytes]","args":[{"element-6066-11e4-a52e-4f735466cecf":"f.C1E909D8719DE039BC4E21351344D585.d.5C4B1F511BA1B9A5E4CCAE5F842E7CF6.e.1032","ELEMENT":"f.C1E909D8719DE039BC4E21351344D585.d.5C4B1F511BA1B9A5E4CCAE5F842E7CF6.e.1032"}]}
RESULT: {"script":"<script> [8489 bytes]","args":[{"element-6066-11e4-a52e-4f735466cecf":"f.C1E909D8719DE039BC4E21351344D585.d.5C4B1F511BA1B9A5E4CCAE5F842E7CF6.e.1032","ELEMENT":"f.C1E909D8719DE039BC4E21351344D585.d.5C4B1F511BA1B9A5E4CCAE5F842E7CF6.e.1032"}]}
COMMAND: GET /session/e5d91353675ec9eb3e3a21469c7a5328/element/f.C1E909D8719DE039BC4E21351344D585.d.5C4B1F511BA1B9A5E4CCAE5F842E7CF6.e.1032/enabled - {}
COMMAND: GET /session/e5d91353675ec9eb3e3a21469c7a5328/screenshot - {}
RESULT: {}
COMMAND: POST /session/e5d91353675ec9eb3e3a21469c7a5328/execute/sync - {"script":"<script> [8489 bytes]","args":[{"element-6066-11e4-a52e-4f735466cecf":"f.C1E909D8719DE039BC4E21351344D585.d.5C4B1F511BA1B9A5E4CCAE5F842E7CF6.e.1032","ELEMENT":"f.C1E909D8719DE039BC4E21351344D585.d.5C4B1F511BA1B9A5E4CCAE5F842E7CF6.e.1032"}]}
COMMAND: GET /session/e5d91353675ec9eb3e3a21469c7a5328/screenshot - {}
RESULT: {}
RESULT: {"script":"<script> [8489 bytes]","args":[{"element-6066-11e4-a52e-4f735466cecf":"f.C1E909D8719DE039BC4E21351344D585.d.5C4B1F511BA1B9A5E4CCAE5F842E7CF6.e.1032","ELEMENT":"f.C1E909D8719DE039BC4E21351344D585.d.5C4B1F511BA1B9A5E4CCAE5F842E7CF6.e.1032"}]}
COMMAND: POST /session/e5d91353675ec9eb3e3a21469c7a5328/execute/sync - {"script":"<script> [5351 bytes]","args":[{"element-6066-11e4-a52e-4f735466cecf":"f.C1E909D8719DE039BC4E21351344D585.d.5C4B1F511BA1B9A5E4CCAE5F842E7CF6.e.1032","ELEMENT":"f.C1E909D8719DE039BC4E21351344D585.d.5C4B1F511BA1B9A5E4CCAE5F842E7CF6.e.1032"}]}
COMMAND: GET /session/e5d91353675ec9eb3e3a21469c7a5328/screenshot - {}
RESULT: {}
RESULT: {"script":"<script> [5351 bytes]","args":[{"element-6066-11e4-a52e-4f735466cecf":"f.C1E909D8719DE039BC4E21351344D585.d.5C4B1F511BA1B9A5E4CCAE5F842E7CF6.e.1032","ELEMENT":"f.C1E909D8719DE039BC4E21351344D585.d.5C4B1F511BA1B9A5E4CCAE5F842E7CF6.e.1032"}]}
COMMAND: POST /session/e5d91353675ec9eb3e3a21469c7a5328/element/f.C1E909D8719DE039BC4E21351344D585.d.5C4B1F511BA1B9A5E4CCAE5F842E7CF6.e.1032/click - {}
COMMAND: GET /session/e5d91353675ec9eb3e3a21469c7a5328/screenshot - {}
RESULT: {}
RESULT: {}
COMMAND: GET /session/e5d91353675ec9eb3e3a21469c7a5328/screenshot - {}
COMMAND: POST /session/e5d91353675ec9eb3e3a21469c7a5328/execute/async - {"script":"<script> [1562 bytes]","args":[{"selector":{"id":"application-managepartners-display-component---NewPartner--addressDetailDetailsName1","interaction":{"idSuffix":"inner"}},"wdio_ui5_key":"applicationmanagepartners-display-component---NewPartner--addressDetailDetailsName1"}]}
RESULT: {}
RESULT: {}
RESULT: {"script":"<script> [1562 bytes]","args":[{"selector":{"id":"application-managepartners-display-component---NewPartner--addressDetailDetailsName1","interaction":{"idSuffix":"inner"}},"wdio_ui5_key":"applicationmanagepartners-display-component---NewPartner--addressDetailDetailsName1"}]}
RESULT: undefined
COMMAND: POST /session/e5d91353675ec9eb3e3a21469c7a5328/execute/async - {"script":"<script> [776 bytes]","args":[{"enterText":"Intracompany Partner WDIO","selector":{"id":"application-managepartners-display-component---NewPartner--addressDetailDetailsName1","interaction":{"idSuffix":"inner"}},"clearTextFirst":true,"interactionType":"ENTER_TEXT"}]}
RESULT: {"script":"<script> [776 bytes]","args":[{"enterText":"Intracompany Partner WDIO","selector":{"id":"application-managepartners-display-component---NewPartner--addressDetailDetailsName1","interaction":{"idSuffix":"inner"}},"clearTextFirst":true,"interactionType":"ENTER_TEXT"}]}
COMMAND: POST /session/e5d91353675ec9eb3e3a21469c7a5328/execute/async - {"script":"<script> [1562 bytes]","args":[{"selector":{"id":"application-managepartners-display-component---NewPartner--addressDetailDetailsLanguage-arrow"},"wdio_ui5_key":"applicationmanagepartners-display-component---NewPartner--addressDetailDetailsLanguage-arrow"}]}
RESULT: {"script":"<script> [1562 bytes]","args":[{"selector":{"id":"application-managepartners-display-component---NewPartner--addressDetailDetailsLanguage-arrow"},"wdio_ui5_key":"applicationmanagepartners-display-component---NewPartner--addressDetailDetailsLanguage-arrow"}]}
RESULT: undefined
COMMAND: POST /session/e5d91353675ec9eb3e3a21469c7a5328/element - {"using":"xpath","value":"//*[@id=\"application-managepartners-display-component---NewPartner--addressDetailDetailsLanguage-arrow\"]"}
RESULT: {"using":"xpath","value":"//*[@id=\"application-managepartners-display-component---NewPartner--addressDetailDetailsLanguage-arrow\"]"}
COMMAND: POST /session/e5d91353675ec9eb3e3a21469c7a5328/element/f.C1E909D8719DE039BC4E21351344D585.d.5C4B1F511BA1B9A5E4CCAE5F842E7CF6.e.1488/click - {}
RESULT: {}
COMMAND: POST /session/e5d91353675ec9eb3e3a21469c7a5328/element - {"using":"xpath","value":"//span[contains(text(), \"English\")]"}
COMMAND: GET /session/e5d91353675ec9eb3e3a21469c7a5328/screenshot - {}
RESULT: {"using":"xpath","value":"//span[contains(text(), \"English\")]"}
COMMAND: POST /session/e5d91353675ec9eb3e3a21469c7a5328/element/f.C1E909D8719DE039BC4E21351344D585.d.5C4B1F511BA1B9A5E4CCAE5F842E7CF6.e.1489/click - {}
RESULT: {}
RESULT: {}
COMMAND: GET /session/e5d91353675ec9eb3e3a21469c7a5328/screenshot - {}
RESULT: {}
COMMAND: POST /session/e5d91353675ec9eb3e3a21469c7a5328/execute/async - {"script":"<script> [1562 bytes]","args":[{"selector":{"id":"application-managepartners-display-component---NewPartner--addressDetailDetailsCity1","interaction":{"idSuffix":"inner"}},"wdio_ui5_key":"applicationmanagepartners-display-component---NewPartner--addressDetailDetailsCity1"}]}
RESULT: {"script":"<script> [1562 bytes]","args":[{"selector":{"id":"application-managepartners-display-component---NewPartner--addressDetailDetailsCity1","interaction":{"idSuffix":"inner"}},"wdio_ui5_key":"applicationmanagepartners-display-component---NewPartner--addressDetailDetailsCity1"}]}
RESULT: undefined
COMMAND: POST /session/e5d91353675ec9eb3e3a21469c7a5328/execute/async - {"script":"<script> [776 bytes]","args":[{"enterText":"Rosario","selector":{"id":"application-managepartners-display-component---NewPartner--addressDetailDetailsCity1","interaction":{"idSuffix":"inner"}},"clearTextFirst":true,"interactionType":"ENTER_TEXT"}]}
RESULT: {"script":"<script> [776 bytes]","args":[{"enterText":"Rosario","selector":{"id":"application-managepartners-display-component---NewPartner--addressDetailDetailsCity1","interaction":{"idSuffix":"inner"}},"clearTextFirst":true,"interactionType":"ENTER_TEXT"}]}
COMMAND: POST /session/e5d91353675ec9eb3e3a21469c7a5328/execute/async - {"script":"<script> [1562 bytes]","args":[{"selector":{"id":"application-managepartners-display-component---NewPartner--addressDetailDetailsCountry-arrow"},"wdio_ui5_key":"applicationmanagepartners-display-component---NewPartner--addressDetailDetailsCountry-arrow"}]}
RESULT: {"script":"<script> [1562 bytes]","args":[{"selector":{"id":"application-managepartners-display-component---NewPartner--addressDetailDetailsCountry-arrow"},"wdio_ui5_key":"applicationmanagepartners-display-component---NewPartner--addressDetailDetailsCountry-arrow"}]}
RESULT: undefined
COMMAND: POST /session/e5d91353675ec9eb3e3a21469c7a5328/element - {"using":"xpath","value":"//*[@id=\"application-managepartners-display-component---NewPartner--addressDetailDetailsCountry-arrow\"]"}
RESULT: {"using":"xpath","value":"//*[@id=\"application-managepartners-display-component---NewPartner--addressDetailDetailsCountry-arrow\"]"}
COMMAND: POST /session/e5d91353675ec9eb3e3a21469c7a5328/element/f.C1E909D8719DE039BC4E21351344D585.d.5C4B1F511BA1B9A5E4CCAE5F842E7CF6.e.1475/click - {}
RESULT: {}
COMMAND: POST /session/e5d91353675ec9eb3e3a21469c7a5328/element - {"using":"xpath","value":"//span[contains(text(), \"Argentina\")]"}
COMMAND: GET /session/e5d91353675ec9eb3e3a21469c7a5328/screenshot - {}
RESULT: {"using":"xpath","value":"//span[contains(text(), \"Argentina\")]"}
COMMAND: POST /session/e5d91353675ec9eb3e3a21469c7a5328/element/f.C1E909D8719DE039BC4E21351344D585.d.5C4B1F511BA1B9A5E4CCAE5F842E7CF6.e.1491/click - {}
RESULT: {}
RESULT: {}
COMMAND: GET /session/e5d91353675ec9eb3e3a21469c7a5328/screenshot - {}
RESULT: {}
COMMAND: POST /session/e5d91353675ec9eb3e3a21469c7a5328/element - {"using":"xpath","value":"//bdi[contains(text(), \"Commercial\")]"}
RESULT: {"using":"xpath","value":"//bdi[contains(text(), \"Commercial\")]"}
COMMAND: POST /session/e5d91353675ec9eb3e3a21469c7a5328/element/f.C1E909D8719DE039BC4E21351344D585.d.5C4B1F511BA1B9A5E4CCAE5F842E7CF6.e.1492/click - {}
RESULT: {}
COMMAND: GET /session/e5d91353675ec9eb3e3a21469c7a5328/screenshot - {}
RESULT: {}
COMMAND: POST /session/e5d91353675ec9eb3e3a21469c7a5328/execute/async - {"script":"<script> [1562 bytes]","args":[{"selector":{"id":"application-managepartners-display-component---NewPartner--partnerDetailInternal-arrow"},"wdio_ui5_key":"applicationmanagepartners-display-component---NewPartner--partnerDetailInternal-arrow"}]}
RESULT: {"script":"<script> [1562 bytes]","args":[{"selector":{"id":"application-managepartners-display-component---NewPartner--partnerDetailInternal-arrow"},"wdio_ui5_key":"applicationmanagepartners-display-component---NewPartner--partnerDetailInternal-arrow"}]}
RESULT: undefined
COMMAND: POST /session/e5d91353675ec9eb3e3a21469c7a5328/element - {"using":"xpath","value":"//*[@id=\"application-managepartners-display-component---NewPartner--partnerDetailInternal-arrow\"]"}
RESULT: {"using":"xpath","value":"//*[@id=\"application-managepartners-display-component---NewPartner--partnerDetailInternal-arrow\"]"}
COMMAND: POST /session/e5d91353675ec9eb3e3a21469c7a5328/element/f.C1E909D8719DE039BC4E21351344D585.d.5C4B1F511BA1B9A5E4CCAE5F842E7CF6.e.1500/click - {}
RESULT: {}
COMMAND: POST /session/e5d91353675ec9eb3e3a21469c7a5328/element - {"using":"xpath","value":"//span[contains(text(), \"Affiliated company\")]"}
COMMAND: GET /session/e5d91353675ec9eb3e3a21469c7a5328/screenshot - {}
RESULT: {"using":"xpath","value":"//span[contains(text(), \"Affiliated company\")]"}
COMMAND: POST /session/e5d91353675ec9eb3e3a21469c7a5328/element/f.C1E909D8719DE039BC4E21351344D585.d.5C4B1F511BA1B9A5E4CCAE5F842E7CF6.e.1501/click - {}
RESULT: {}
RESULT: {}
COMMAND: POST /session/e5d91353675ec9eb3e3a21469c7a5328/execute/async - {"script":"<script> [1562 bytes]","args":[{"selector":{"id":"application-managepartners-display-component---NewPartner--partnerDetailsCurrency-arrow"},"wdio_ui5_key":"applicationmanagepartners-display-component---NewPartner--partnerDetailsCurrency-arrow"}]}
COMMAND: GET /session/e5d91353675ec9eb3e3a21469c7a5328/screenshot - {}
RESULT: {"script":"<script> [1562 bytes]","args":[{"selector":{"id":"application-managepartners-display-component---NewPartner--partnerDetailsCurrency-arrow"},"wdio_ui5_key":"applicationmanagepartners-display-component---NewPartner--partnerDetailsCurrency-arrow"}]}
RESULT: undefined
COMMAND: POST /session/e5d91353675ec9eb3e3a21469c7a5328/element - {"using":"xpath","value":"//*[@id=\"application-managepartners-display-component---NewPartner--partnerDetailsCurrency-arrow\"]"}
RESULT: {}
RESULT: {"using":"xpath","value":"//*[@id=\"application-managepartners-display-component---NewPartner--partnerDetailsCurrency-arrow\"]"}
COMMAND: POST /session/e5d91353675ec9eb3e3a21469c7a5328/element/f.C1E909D8719DE039BC4E21351344D585.d.5C4B1F511BA1B9A5E4CCAE5F842E7CF6.e.1508/click - {}
RESULT: {}
COMMAND: POST /session/e5d91353675ec9eb3e3a21469c7a5328/element - {"using":"xpath","value":"//span[contains(text(), \"Euro\")]"}
COMMAND: GET /session/e5d91353675ec9eb3e3a21469c7a5328/screenshot - {}
RESULT: {"using":"xpath","value":"//span[contains(text(), \"Euro\")]"}
COMMAND: POST /session/e5d91353675ec9eb3e3a21469c7a5328/element/f.C1E909D8719DE039BC4E21351344D585.d.5C4B1F511BA1B9A5E4CCAE5F842E7CF6.e.1509/click - {}
RESULT: {}
RESULT: {}
COMMAND: POST /session/e5d91353675ec9eb3e3a21469c7a5328/execute/async - {"script":"<script> [1562 bytes]","args":[{"selector":{"id":"application-managepartners-display-component---NewPartner--addressEditDetailsCostObjectCstType-arrow"},"wdio_ui5_key":"applicationmanagepartners-display-component---NewPartner--addressEditDetailsCostObjectCstType-arrow"}]}
COMMAND: GET /session/e5d91353675ec9eb3e3a21469c7a5328/screenshot - {}
RESULT: {"script":"<script> [1562 bytes]","args":[{"selector":{"id":"application-managepartners-display-component---NewPartner--addressEditDetailsCostObjectCstType-arrow"},"wdio_ui5_key":"applicationmanagepartners-display-component---NewPartner--addressEditDetailsCostObjectCstType-arrow"}]}
RESULT: undefined
COMMAND: POST /session/e5d91353675ec9eb3e3a21469c7a5328/element - {"using":"xpath","value":"//*[@id=\"application-managepartners-display-component---NewPartner--addressEditDetailsCostObjectCstType-arrow\"]"}
RESULT: {}
RESULT: {"using":"xpath","value":"//*[@id=\"application-managepartners-display-component---NewPartner--addressEditDetailsCostObjectCstType-arrow\"]"}
COMMAND: POST /session/e5d91353675ec9eb3e3a21469c7a5328/element/f.C1E909D8719DE039BC4E21351344D585.d.5C4B1F511BA1B9A5E4CCAE5F842E7CF6.e.1510/click - {}
RESULT: {}
COMMAND: POST /session/e5d91353675ec9eb3e3a21469c7a5328/element - {"using":"xpath","value":"//span[contains(text(), \"Cost Center\")]"}
COMMAND: GET /session/e5d91353675ec9eb3e3a21469c7a5328/screenshot - {}
RESULT: {"using":"xpath","value":"//span[contains(text(), \"Cost Center\")]"}
COMMAND: POST /session/e5d91353675ec9eb3e3a21469c7a5328/element/f.C1E909D8719DE039BC4E21351344D585.d.5C4B1F511BA1B9A5E4CCAE5F842E7CF6.e.1511/click - {}
RESULT: {}
RESULT: {}
COMMAND: GET /session/e5d91353675ec9eb3e3a21469c7a5328/screenshot - {}
RESULT: {}
COMMAND: POST /session/e5d91353675ec9eb3e3a21469c7a5328/element - {"using":"xpath","value":"//span[@id=\"application-managepartners-display-component---NewPartner--addressNewCostObjectCstID-vhi\"]"}
RESULT: {"using":"xpath","value":"//span[@id=\"application-managepartners-display-component---NewPartner--addressNewCostObjectCstID-vhi\"]"}
COMMAND: POST /session/e5d91353675ec9eb3e3a21469c7a5328/execute/sync - {"script":"<script> [8489 bytes]","args":[{"element-6066-11e4-a52e-4f735466cecf":"f.C1E909D8719DE039BC4E21351344D585.d.5C4B1F511BA1B9A5E4CCAE5F842E7CF6.e.1515","ELEMENT":"f.C1E909D8719DE039BC4E21351344D585.d.5C4B1F511BA1B9A5E4CCAE5F842E7CF6.e.1515"}]}
RESULT: {"script":"<script> [8489 bytes]","args":[{"element-6066-11e4-a52e-4f735466cecf":"f.C1E909D8719DE039BC4E21351344D585.d.5C4B1F511BA1B9A5E4CCAE5F842E7CF6.e.1515","ELEMENT":"f.C1E909D8719DE039BC4E21351344D585.d.5C4B1F511BA1B9A5E4CCAE5F842E7CF6.e.1515"}]}
COMMAND: POST /session/e5d91353675ec9eb3e3a21469c7a5328/execute/async - {"script":"<script> [1562 bytes]","args":[{"selector":{"id":"application-managepartners-display-component---NewPartner--addressNewCostObjectCstID-vhi"},"wdio_ui5_key":"applicationmanagepartners-display-component---NewPartner--addressNewCostObjectCstID-vhi"}]}
COMMAND: GET /session/e5d91353675ec9eb3e3a21469c7a5328/screenshot - {}
RESULT: {"script":"<script> [1562 bytes]","args":[{"selector":{"id":"application-managepartners-display-component---NewPartner--addressNewCostObjectCstID-vhi"},"wdio_ui5_key":"applicationmanagepartners-display-component---NewPartner--addressNewCostObjectCstID-vhi"}]}
RESULT: undefined
COMMAND: POST /session/e5d91353675ec9eb3e3a21469c7a5328/element - {"using":"xpath","value":"//*[@id=\"application-managepartners-display-component---NewPartner--addressNewCostObjectCstID-vhi\"]"}
RESULT: {}
RESULT: {"using":"xpath","value":"//*[@id=\"application-managepartners-display-component---NewPartner--addressNewCostObjectCstID-vhi\"]"}
COMMAND: POST /session/e5d91353675ec9eb3e3a21469c7a5328/element/f.C1E909D8719DE039BC4E21351344D585.d.5C4B1F511BA1B9A5E4CCAE5F842E7CF6.e.1515/click - {}
RESULT: {}
COMMAND: GET /session/e5d91353675ec9eb3e3a21469c7a5328/screenshot - {}
RESULT: {}
RESULT: undefined
COMMAND: POST /session/e5d91353675ec9eb3e3a21469c7a5328/execute/async - {"script":"<script> [776 bytes]","args":[{"enterText":"10001013","selector":{"controlType":"sap.m.SearchField","properties":{"placeholder":"Search"},"searchOpenDialogs":true,"interaction":{"idSuffix":"I"}},"clearTextFirst":true,"interactionType":"ENTER_TEXT"}]}
RESULT: {"script":"<script> [776 bytes]","args":[{"enterText":"10001013","selector":{"controlType":"sap.m.SearchField","properties":{"placeholder":"Search"},"searchOpenDialogs":true,"interaction":{"idSuffix":"I"}},"clearTextFirst":true,"interactionType":"ENTER_TEXT"}]}
COMMAND: POST /session/e5d91353675ec9eb3e3a21469c7a5328/actions - {"actions":[{"id":"action2","type":"key","parameters":{},"actions":[{"type":"keyDown","value":""},{"type":"pause","duration":10},{"type":"keyUp","value":""}]}]}
RESULT: {"actions":[{"id":"action2","type":"key","parameters":{},"actions":[{"type":"keyDown","value":""},{"type":"pause","duration":10},{"type":"keyUp","value":""}]}]}
COMMAND: GET /session/e5d91353675ec9eb3e3a21469c7a5328/screenshot - {}
RESULT: {}
COMMAND: POST /session/e5d91353675ec9eb3e3a21469c7a5328/element - {"using":"xpath","value":"//span[contains(text(), \"General Management\")]"}
RESULT: {"using":"xpath","value":"//span[contains(text(), \"General Management\")]"}
COMMAND: POST /session/e5d91353675ec9eb3e3a21469c7a5328/element/f.C1E909D8719DE039BC4E21351344D585.d.5C4B1F511BA1B9A5E4CCAE5F842E7CF6.e.1553/click - {}
RESULT: {}
COMMAND: GET /session/e5d91353675ec9eb3e3a21469c7a5328/screenshot - {}
RESULT: {}
COMMAND: POST /session/e5d91353675ec9eb3e3a21469c7a5328/element - {"using":"xpath","value":"//bdi[contains(text(), \"OK\")]"}
RESULT: {"using":"xpath","value":"//bdi[contains(text(), \"OK\")]"}
COMMAND: POST /session/e5d91353675ec9eb3e3a21469c7a5328/element/f.C1E909D8719DE039BC4E21351344D585.d.5C4B1F511BA1B9A5E4CCAE5F842E7CF6.e.1554/click - {}
RESULT: {}
COMMAND: GET /session/e5d91353675ec9eb3e3a21469c7a5328/screenshot - {}
RESULT: {}
COMMAND: POST /session/e5d91353675ec9eb3e3a21469c7a5328/element - {"using":"xpath","value":"//input[@id=\"application-managepartners-display-component---NewPartner--companyCodeComboBox-inner\"]"}
RESULT: {"using":"xpath","value":"//input[@id=\"application-managepartners-display-component---NewPartner--companyCodeComboBox-inner\"]"}
COMMAND: POST /session/e5d91353675ec9eb3e3a21469c7a5328/element/f.C1E909D8719DE039BC4E21351344D585.d.5C4B1F511BA1B9A5E4CCAE5F842E7CF6.e.1345/clear - {}
RESULT: {}
COMMAND: POST /session/e5d91353675ec9eb3e3a21469c7a5328/element/f.C1E909D8719DE039BC4E21351344D585.d.5C4B1F511BA1B9A5E4CCAE5F842E7CF6.e.1345/value - {"text":"1000"}
COMMAND: GET /session/e5d91353675ec9eb3e3a21469c7a5328/screenshot - {}
RESULT: {"text":"1000"}
COMMAND: GET /session/e5d91353675ec9eb3e3a21469c7a5328/screenshot - {}
RESULT: {}
RESULT: {}
COMMAND: POST /session/e5d91353675ec9eb3e3a21469c7a5328/element - {"using":"xpath","value":"//li[.//span[text()= \"1000\"]]"}
RESULT: {"using":"xpath","value":"//li[.//span[text()= \"1000\"]]"}
COMMAND: POST /session/e5d91353675ec9eb3e3a21469c7a5328/element/f.C1E909D8719DE039BC4E21351344D585.d.5C4B1F511BA1B9A5E4CCAE5F842E7CF6.e.1560/click - {}
RESULT: {}
COMMAND: GET /session/e5d91353675ec9eb3e3a21469c7a5328/screenshot - {}
RESULT: {}
COMMAND: POST /session/e5d91353675ec9eb3e3a21469c7a5328/execute/async - {"script":"<script> [1562 bytes]","args":[{"selector":{"id":"application-managepartners-display-component---NewPartner--btnAddTableRow-img"},"wdio_ui5_key":"applicationmanagepartners-display-component---NewPartner--btnAddTableRow-img"}]}
RESULT: {"script":"<script> [1562 bytes]","args":[{"selector":{"id":"application-managepartners-display-component---NewPartner--btnAddTableRow-img"},"wdio_ui5_key":"applicationmanagepartners-display-component---NewPartner--btnAddTableRow-img"}]}
RESULT: undefined
COMMAND: POST /session/e5d91353675ec9eb3e3a21469c7a5328/element - {"using":"xpath","value":"//*[@id=\"application-managepartners-display-component---NewPartner--btnAddTableRow-img\"]"}
RESULT: {"using":"xpath","value":"//*[@id=\"application-managepartners-display-component---NewPartner--btnAddTableRow-img\"]"}
COMMAND: POST /session/e5d91353675ec9eb3e3a21469c7a5328/element/f.C1E909D8719DE039BC4E21351344D585.d.5C4B1F511BA1B9A5E4CCAE5F842E7CF6.e.1561/click - {}
RESULT: {}
COMMAND: GET /session/e5d91353675ec9eb3e3a21469c7a5328/screenshot - {}
RESULT: {}
COMMAND: POST /session/e5d91353675ec9eb3e3a21469c7a5328/element - {"using":"xpath","value":"//input[@id=\"application-managepartners-display-component---NewPartner--assignmentYard-application-managepartners-display-component---NewPartner--assignmentsTable-0-inner\"]"}
RESULT: {"using":"xpath","value":"//input[@id=\"application-managepartners-display-component---NewPartner--assignmentYard-application-managepartners-display-component---NewPartner--assignmentsTable-0-inner\"]"}
COMMAND: POST /session/e5d91353675ec9eb3e3a21469c7a5328/element/f.C1E909D8719DE039BC4E21351344D585.d.5C4B1F511BA1B9A5E4CCAE5F842E7CF6.e.1564/clear - {}
RESULT: {}
COMMAND: POST /session/e5d91353675ec9eb3e3a21469c7a5328/element/f.C1E909D8719DE039BC4E21351344D585.d.5C4B1F511BA1B9A5E4CCAE5F842E7CF6.e.1564/value - {"text":"511"}
COMMAND: GET /session/e5d91353675ec9eb3e3a21469c7a5328/screenshot - {}
RESULT: {"text":"511"}
COMMAND: GET /session/e5d91353675ec9eb3e3a21469c7a5328/screenshot - {}
RESULT: {}
RESULT: {}
COMMAND: POST /session/e5d91353675ec9eb3e3a21469c7a5328/element - {"using":"xpath","value":"//li[.//span[text()='511']]"}
RESULT: {"using":"xpath","value":"//li[.//span[text()='511']]"}
COMMAND: POST /session/e5d91353675ec9eb3e3a21469c7a5328/element/f.C1E909D8719DE039BC4E21351344D585.d.5C4B1F511BA1B9A5E4CCAE5F842E7CF6.e.1573/click - {}
RESULT: {}
COMMAND: GET /session/e5d91353675ec9eb3e3a21469c7a5328/screenshot - {}
RESULT: {}
COMMAND: POST /session/e5d91353675ec9eb3e3a21469c7a5328/actions - {"actions":[{"id":"action3","type":"key","parameters":{},"actions":[{"type":"keyDown","value":""},{"type":"pause","duration":10},{"type":"keyUp","value":""}]}]}
RESULT: {"actions":[{"id":"action3","type":"key","parameters":{},"actions":[{"type":"keyDown","value":""},{"type":"pause","duration":10},{"type":"keyUp","value":""}]}]}
COMMAND: POST /session/e5d91353675ec9eb3e3a21469c7a5328/execute/async - {"script":"<script> [1562 bytes]","args":[{"selector":{"id":"application-managepartners-display-component---NewPartner--externalCustomerComboBox-application-managepartners-display-component---NewPartner--assignmentsTable-0-vhi"},"wdio_ui5_key":"applicationmanagepartners-display-component---NewPartner--externalCustomerComboBox-application-managepartners-display-component---NewPartner--assignmentsTable-0-vhi"}]}
COMMAND: GET /session/e5d91353675ec9eb3e3a21469c7a5328/screenshot - {}
RESULT: {"script":"<script> [1562 bytes]","args":[{"selector":{"id":"application-managepartners-display-component---NewPartner--externalCustomerComboBox-application-managepartners-display-component---NewPartner--assignmentsTable-0-vhi"},"wdio_ui5_key":"applicationmanagepartners-display-component---NewPartner--externalCustomerComboBox-application-managepartners-display-component---NewPartner--assignmentsTable-0-vhi"}]}
RESULT: undefined
COMMAND: POST /session/e5d91353675ec9eb3e3a21469c7a5328/element - {"using":"xpath","value":"//*[@id=\"application-managepartners-display-component---NewPartner--externalCustomerComboBox-application-managepartners-display-component---NewPartner--assignmentsTable-0-vhi\"]"}
RESULT: {}
RESULT: {"using":"xpath","value":"//*[@id=\"application-managepartners-display-component---NewPartner--externalCustomerComboBox-application-managepartners-display-component---NewPartner--assignmentsTable-0-vhi\"]"}
COMMAND: POST /session/e5d91353675ec9eb3e3a21469c7a5328/element/f.C1E909D8719DE039BC4E21351344D585.d.5C4B1F511BA1B9A5E4CCAE5F842E7CF6.e.1577/click - {}
RESULT: {}
RESULT: undefined
COMMAND: POST /session/e5d91353675ec9eb3e3a21469c7a5328/execute/async - {"script":"<script> [776 bytes]","args":[{"enterText":"300003","selector":{"controlType":"sap.m.SearchField","properties":{"placeholder":"Search"},"searchOpenDialogs":true,"interaction":{"idSuffix":"I"}},"clearTextFirst":true,"interactionType":"ENTER_TEXT"}]}
COMMAND: GET /session/e5d91353675ec9eb3e3a21469c7a5328/screenshot - {}
RESULT: {"script":"<script> [776 bytes]","args":[{"enterText":"300003","selector":{"controlType":"sap.m.SearchField","properties":{"placeholder":"Search"},"searchOpenDialogs":true,"interaction":{"idSuffix":"I"}},"clearTextFirst":true,"interactionType":"ENTER_TEXT"}]}
COMMAND: POST /session/e5d91353675ec9eb3e3a21469c7a5328/actions - {"actions":[{"id":"action4","type":"key","parameters":{},"actions":[{"type":"keyDown","value":""},{"type":"pause","duration":10},{"type":"keyUp","value":""}]}]}
RESULT: {}
RESULT: {"actions":[{"id":"action4","type":"key","parameters":{},"actions":[{"type":"keyDown","value":""},{"type":"pause","duration":10},{"type":"keyUp","value":""}]}]}
COMMAND: GET /session/e5d91353675ec9eb3e3a21469c7a5328/screenshot - {}
RESULT: {}
COMMAND: POST /session/e5d91353675ec9eb3e3a21469c7a5328/element - {"using":"xpath","value":"//span[contains(text(), \"300003\")]"}
RESULT: {"using":"xpath","value":"//span[contains(text(), \"300003\")]"}
COMMAND: POST /session/e5d91353675ec9eb3e3a21469c7a5328/element/f.C1E909D8719DE039BC4E21351344D585.d.5C4B1F511BA1B9A5E4CCAE5F842E7CF6.e.1594/click - {}
RESULT: {}
COMMAND: GET /session/e5d91353675ec9eb3e3a21469c7a5328/screenshot - {}
RESULT: {}
COMMAND: POST /session/e5d91353675ec9eb3e3a21469c7a5328/element - {"using":"xpath","value":"//bdi[contains(text(), \"OK\")]"}
RESULT: {"using":"xpath","value":"//bdi[contains(text(), \"OK\")]"}
COMMAND: POST /session/e5d91353675ec9eb3e3a21469c7a5328/element/f.C1E909D8719DE039BC4E21351344D585.d.5C4B1F511BA1B9A5E4CCAE5F842E7CF6.e.1596/click - {}
RESULT: {}
COMMAND: GET /session/e5d91353675ec9eb3e3a21469c7a5328/screenshot - {}
RESULT: {}
COMMAND: POST /session/e5d91353675ec9eb3e3a21469c7a5328/execute/async - {"script":"<script> [1562 bytes]","args":[{"selector":{"id":"application-managepartners-display-component---NewPartner--intercompVendorComboBox-application-managepartners-display-component---NewPartner--assignmentsTable-0-vhi"},"wdio_ui5_key":"applicationmanagepartners-display-component---NewPartner--intercompVendorComboBox-application-managepartners-display-component---NewPartner--assignmentsTable-0-vhi"}]}
RESULT: {"script":"<script> [1562 bytes]","args":[{"selector":{"id":"application-managepartners-display-component---NewPartner--intercompVendorComboBox-application-managepartners-display-component---NewPartner--assignmentsTable-0-vhi"},"wdio_ui5_key":"applicationmanagepartners-display-component---NewPartner--intercompVendorComboBox-application-managepartners-display-component---NewPartner--assignmentsTable-0-vhi"}]}
RESULT: undefined
COMMAND: POST /session/e5d91353675ec9eb3e3a21469c7a5328/element - {"using":"xpath","value":"//*[@id=\"application-managepartners-display-component---NewPartner--intercompVendorComboBox-application-managepartners-display-component---NewPartner--assignmentsTable-0-vhi\"]"}
RESULT: {"using":"xpath","value":"//*[@id=\"application-managepartners-display-component---NewPartner--intercompVendorComboBox-application-managepartners-display-component---NewPartner--assignmentsTable-0-vhi\"]"}
COMMAND: POST /session/e5d91353675ec9eb3e3a21469c7a5328/element/f.C1E909D8719DE039BC4E21351344D585.d.5C4B1F511BA1B9A5E4CCAE5F842E7CF6.e.1600/click - {}
RESULT: {}
RESULT: undefined
COMMAND: POST /session/e5d91353675ec9eb3e3a21469c7a5328/execute/async - {"script":"<script> [776 bytes]","args":[{"enterText":"100005","selector":{"controlType":"sap.m.SearchField","properties":{"placeholder":"Search"},"searchOpenDialogs":true,"interaction":{"idSuffix":"I"}},"clearTextFirst":true,"interactionType":"ENTER_TEXT"}]}
COMMAND: GET /session/e5d91353675ec9eb3e3a21469c7a5328/screenshot - {}
RESULT: {"script":"<script> [776 bytes]","args":[{"enterText":"100005","selector":{"controlType":"sap.m.SearchField","properties":{"placeholder":"Search"},"searchOpenDialogs":true,"interaction":{"idSuffix":"I"}},"clearTextFirst":true,"interactionType":"ENTER_TEXT"}]}
COMMAND: POST /session/e5d91353675ec9eb3e3a21469c7a5328/actions - {"actions":[{"id":"action5","type":"key","parameters":{},"actions":[{"type":"keyDown","value":""},{"type":"pause","duration":10},{"type":"keyUp","value":""}]}]}
RESULT: {}
RESULT: {"actions":[{"id":"action5","type":"key","parameters":{},"actions":[{"type":"keyDown","value":""},{"type":"pause","duration":10},{"type":"keyUp","value":""}]}]}
COMMAND: GET /session/e5d91353675ec9eb3e3a21469c7a5328/screenshot - {}
RESULT: {}
COMMAND: POST /session/e5d91353675ec9eb3e3a21469c7a5328/element - {"using":"xpath","value":"//span[contains(text(), \"Penguins - Field/12345 Berlin\")]"}
RESULT: {"using":"xpath","value":"//span[contains(text(), \"Penguins - Field/12345 Berlin\")]"}
COMMAND: POST /session/e5d91353675ec9eb3e3a21469c7a5328/element/f.C1E909D8719DE039BC4E21351344D585.d.5C4B1F511BA1B9A5E4CCAE5F842E7CF6.e.1617/click - {}
RESULT: {}
COMMAND: GET /session/e5d91353675ec9eb3e3a21469c7a5328/screenshot - {}
RESULT: {}
COMMAND: POST /session/e5d91353675ec9eb3e3a21469c7a5328/element - {"using":"xpath","value":"//bdi[contains(text(), \"OK\")]"}
RESULT: {"using":"xpath","value":"//bdi[contains(text(), \"OK\")]"}
COMMAND: POST /session/e5d91353675ec9eb3e3a21469c7a5328/element/f.C1E909D8719DE039BC4E21351344D585.d.5C4B1F511BA1B9A5E4CCAE5F842E7CF6.e.1618/click - {}
RESULT: {}
COMMAND: GET /session/e5d91353675ec9eb3e3a21469c7a5328/screenshot - {}
RESULT: {}
COMMAND: POST /session/e5d91353675ec9eb3e3a21469c7a5328/element - {"using":"xpath","value":"//button[@data-kt=\"saveButton\"]"}
RESULT: {"using":"xpath","value":"//button[@data-kt=\"saveButton\"]"}
COMMAND: POST /session/e5d91353675ec9eb3e3a21469c7a5328/element/f.C1E909D8719DE039BC4E21351344D585.d.5C4B1F511BA1B9A5E4CCAE5F842E7CF6.e.1425/click - {}
RESULT: {}
COMMAND: GET /session/e5d91353675ec9eb3e3a21469c7a5328/screenshot - {}
RESULT: {}
COMMAND: POST /session/e5d91353675ec9eb3e3a21469c7a5328/element - {"using":"xpath","value":"//header[contains(@id, 'ObjectPageLayout-headerTitle')]/div[1]/div[2]/div[2]/span[1]"}
RESULT: {"using":"xpath","value":"//header[contains(@id, 'ObjectPageLayout-headerTitle')]/div[1]/div[2]/div[2]/span[1]"}
COMMAND: POST /session/e5d91353675ec9eb3e3a21469c7a5328/elements - {"using":"xpath","value":"//header[contains(@id, 'ObjectPageLayout-headerTitle')]/div[1]/div[2]/div[2]/span[1]"}
RESULT: {"using":"xpath","value":"//header[contains(@id, 'ObjectPageLayout-headerTitle')]/div[1]/div[2]/div[2]/span[1]"}
COMMAND: POST /session/e5d91353675ec9eb3e3a21469c7a5328/execute/sync - {"script":"<script> [56 bytes]","args":[{"element-6066-11e4-a52e-4f735466cecf":"f.C1E909D8719DE039BC4E21351344D585.d.5C4B1F511BA1B9A5E4CCAE5F842E7CF6.e.1783","ELEMENT":"f.C1E909D8719DE039BC4E21351344D585.d.5C4B1F511BA1B9A5E4CCAE5F842E7CF6.e.1783"}]}
RESULT: {"script":"<script> [56 bytes]","args":[{"element-6066-11e4-a52e-4f735466cecf":"f.C1E909D8719DE039BC4E21351344D585.d.5C4B1F511BA1B9A5E4CCAE5F842E7CF6.e.1783","ELEMENT":"f.C1E909D8719DE039BC4E21351344D585.d.5C4B1F511BA1B9A5E4CCAE5F842E7CF6.e.1783"}]}
COMMAND: POST /session/e5d91353675ec9eb3e3a21469c7a5328/element - {"using":"css selector","value":"#shell-header-logo"}
COMMAND: GET /session/e5d91353675ec9eb3e3a21469c7a5328/screenshot - {}
RESULT: {"using":"css selector","value":"#shell-header-logo"}
COMMAND: POST /session/e5d91353675ec9eb3e3a21469c7a5328/element/f.C1E909D8719DE039BC4E21351344D585.d.5C4B1F511BA1B9A5E4CCAE5F842E7CF6.e.998/click - {}
RESULT: {}
RESULT: {}
COMMAND: GET /session/e5d91353675ec9eb3e3a21469c7a5328/screenshot - {}
RESULT: {}
COMMAND: POST /session/e5d91353675ec9eb3e3a21469c7a5328/execute/sync - {"script":"<script> [299 bytes]","args":[["getModel","getResource"]]}
RESULT: {"script":"<script> [299 bytes]","args":[["getModel","getResource"]]}
]]></system-out>
    </testcase>
    <testcase classname="chrome.136_0_7103_93.windows.Tests_for_Mass_State_Change_on_Manage_States_&amp;_Performances_US104416_US" name="Prereq Should create a new site" time="150.78">
      <system-out><![CDATA[
COMMAND: GET /session/e5d91353675ec9eb3e3a21469c7a5328/screenshot - {}
COMMAND: POST /session/e5d91353675ec9eb3e3a21469c7a5328/execute/async - {"script":"<script> [1562 bytes]","args":[{"selector":{"controlType":"sap.m.GenericTile","properties":{"header":"Manage Sites"}},"wdio_ui5_key":"sapm.GenericTile{\"header\":\"Manage Sites\"}"}]}
RESULT: {}
RESULT: {"script":"<script> [1562 bytes]","args":[{"selector":{"controlType":"sap.m.GenericTile","properties":{"header":"Manage Sites"}},"wdio_ui5_key":"sapm.GenericTile{\"header\":\"Manage Sites\"}"}]}
RESULT: undefined
COMMAND: POST /session/e5d91353675ec9eb3e3a21469c7a5328/element - {"using":"xpath","value":"//*[@id=\"__tile40\"]"}
RESULT: {"using":"xpath","value":"//*[@id=\"__tile40\"]"}
COMMAND: POST /session/e5d91353675ec9eb3e3a21469c7a5328/element/f.C1E909D8719DE039BC4E21351344D585.d.5C4B1F511BA1B9A5E4CCAE5F842E7CF6.e.156/click - {}
RESULT: {}
COMMAND: GET /session/e5d91353675ec9eb3e3a21469c7a5328/screenshot - {}
RESULT: {}
COMMAND: POST /session/e5d91353675ec9eb3e3a21469c7a5328/elements - {"using":"xpath","value":"//span[text()='Error']"}
RESULT: {"using":"xpath","value":"//span[text()='Error']"}
COMMAND: POST /session/e5d91353675ec9eb3e3a21469c7a5328/element - {"using":"xpath","value":"//button[@data-kt=\"addOverflowToolbarButton\"]"}
RESULT: {"using":"xpath","value":"//button[@data-kt=\"addOverflowToolbarButton\"]"}
COMMAND: POST /session/e5d91353675ec9eb3e3a21469c7a5328/elements - {"using":"xpath","value":"//button[@data-kt=\"addOverflowToolbarButton\"]"}
RESULT: {"using":"xpath","value":"//button[@data-kt=\"addOverflowToolbarButton\"]"}
COMMAND: POST /session/e5d91353675ec9eb3e3a21469c7a5328/execute/sync - {"script":"<script> [8489 bytes]","args":[{"element-6066-11e4-a52e-4f735466cecf":"f.C1E909D8719DE039BC4E21351344D585.d.5C4B1F511BA1B9A5E4CCAE5F842E7CF6.e.1831","ELEMENT":"f.C1E909D8719DE039BC4E21351344D585.d.5C4B1F511BA1B9A5E4CCAE5F842E7CF6.e.1831"}]}
RESULT: {"script":"<script> [8489 bytes]","args":[{"element-6066-11e4-a52e-4f735466cecf":"f.C1E909D8719DE039BC4E21351344D585.d.5C4B1F511BA1B9A5E4CCAE5F842E7CF6.e.1831","ELEMENT":"f.C1E909D8719DE039BC4E21351344D585.d.5C4B1F511BA1B9A5E4CCAE5F842E7CF6.e.1831"}]}
COMMAND: GET /session/e5d91353675ec9eb3e3a21469c7a5328/element/f.C1E909D8719DE039BC4E21351344D585.d.5C4B1F511BA1B9A5E4CCAE5F842E7CF6.e.1831/enabled - {}
COMMAND: GET /session/e5d91353675ec9eb3e3a21469c7a5328/screenshot - {}
RESULT: {}
COMMAND: POST /session/e5d91353675ec9eb3e3a21469c7a5328/execute/sync - {"script":"<script> [8489 bytes]","args":[{"element-6066-11e4-a52e-4f735466cecf":"f.C1E909D8719DE039BC4E21351344D585.d.5C4B1F511BA1B9A5E4CCAE5F842E7CF6.e.1831","ELEMENT":"f.C1E909D8719DE039BC4E21351344D585.d.5C4B1F511BA1B9A5E4CCAE5F842E7CF6.e.1831"}]}
COMMAND: GET /session/e5d91353675ec9eb3e3a21469c7a5328/screenshot - {}
RESULT: {}
RESULT: {"script":"<script> [8489 bytes]","args":[{"element-6066-11e4-a52e-4f735466cecf":"f.C1E909D8719DE039BC4E21351344D585.d.5C4B1F511BA1B9A5E4CCAE5F842E7CF6.e.1831","ELEMENT":"f.C1E909D8719DE039BC4E21351344D585.d.5C4B1F511BA1B9A5E4CCAE5F842E7CF6.e.1831"}]}
COMMAND: POST /session/e5d91353675ec9eb3e3a21469c7a5328/execute/sync - {"script":"<script> [5351 bytes]","args":[{"element-6066-11e4-a52e-4f735466cecf":"f.C1E909D8719DE039BC4E21351344D585.d.5C4B1F511BA1B9A5E4CCAE5F842E7CF6.e.1831","ELEMENT":"f.C1E909D8719DE039BC4E21351344D585.d.5C4B1F511BA1B9A5E4CCAE5F842E7CF6.e.1831"}]}
COMMAND: GET /session/e5d91353675ec9eb3e3a21469c7a5328/screenshot - {}
RESULT: {}
RESULT: {"script":"<script> [5351 bytes]","args":[{"element-6066-11e4-a52e-4f735466cecf":"f.C1E909D8719DE039BC4E21351344D585.d.5C4B1F511BA1B9A5E4CCAE5F842E7CF6.e.1831","ELEMENT":"f.C1E909D8719DE039BC4E21351344D585.d.5C4B1F511BA1B9A5E4CCAE5F842E7CF6.e.1831"}]}
COMMAND: POST /session/e5d91353675ec9eb3e3a21469c7a5328/element/f.C1E909D8719DE039BC4E21351344D585.d.5C4B1F511BA1B9A5E4CCAE5F842E7CF6.e.1831/click - {}
COMMAND: GET /session/e5d91353675ec9eb3e3a21469c7a5328/screenshot - {}
RESULT: {}
RESULT: {}
COMMAND: GET /session/e5d91353675ec9eb3e3a21469c7a5328/screenshot - {}
RESULT: {}
RESULT: {}
COMMAND: POST /session/e5d91353675ec9eb3e3a21469c7a5328/element - {"using":"xpath","value":"//input[@id=\"application-managesites-display-component---NewSite--siteId-inner\"]"}
RESULT: {"using":"xpath","value":"//input[@id=\"application-managesites-display-component---NewSite--siteId-inner\"]"}
COMMAND: POST /session/e5d91353675ec9eb3e3a21469c7a5328/element - {"using":"xpath","value":"//input[@id=\"application-managesites-display-component---NewSite--siteId-inner\"]"}
RESULT: {"using":"xpath","value":"//input[@id=\"application-managesites-display-component---NewSite--siteId-inner\"]"}
COMMAND: POST /session/e5d91353675ec9eb3e3a21469c7a5328/execute/async - {"script":"<script> [1562 bytes]","args":[{"selector":{"id":"application-managesites-display-component---NewSite--addressDetailDetailsName1","interaction":{"idSuffix":"inner"}},"wdio_ui5_key":"applicationmanagesites-display-component---NewSite--addressDetailDetailsName1"}]}
RESULT: {"script":"<script> [1562 bytes]","args":[{"selector":{"id":"application-managesites-display-component---NewSite--addressDetailDetailsName1","interaction":{"idSuffix":"inner"}},"wdio_ui5_key":"applicationmanagesites-display-component---NewSite--addressDetailDetailsName1"}]}
RESULT: undefined
COMMAND: POST /session/e5d91353675ec9eb3e3a21469c7a5328/execute/async - {"script":"<script> [776 bytes]","args":[{"enterText":"Intracompany Site wdIO","selector":{"id":"application-managesites-display-component---NewSite--addressDetailDetailsName1","interaction":{"idSuffix":"inner"}},"clearTextFirst":true,"interactionType":"ENTER_TEXT"}]}
RESULT: {"script":"<script> [776 bytes]","args":[{"enterText":"Intracompany Site wdIO","selector":{"id":"application-managesites-display-component---NewSite--addressDetailDetailsName1","interaction":{"idSuffix":"inner"}},"clearTextFirst":true,"interactionType":"ENTER_TEXT"}]}
COMMAND: POST /session/e5d91353675ec9eb3e3a21469c7a5328/execute/async - {"script":"<script> [1562 bytes]","args":[{"selector":{"id":"application-managesites-display-component---NewSite--addressDetailDetailsLanguage-arrow"},"wdio_ui5_key":"applicationmanagesites-display-component---NewSite--addressDetailDetailsLanguage-arrow"}]}
RESULT: {"script":"<script> [1562 bytes]","args":[{"selector":{"id":"application-managesites-display-component---NewSite--addressDetailDetailsLanguage-arrow"},"wdio_ui5_key":"applicationmanagesites-display-component---NewSite--addressDetailDetailsLanguage-arrow"}]}
RESULT: undefined
COMMAND: POST /session/e5d91353675ec9eb3e3a21469c7a5328/element - {"using":"xpath","value":"//*[@id=\"application-managesites-display-component---NewSite--addressDetailDetailsLanguage-arrow\"]"}
RESULT: {"using":"xpath","value":"//*[@id=\"application-managesites-display-component---NewSite--addressDetailDetailsLanguage-arrow\"]"}
COMMAND: POST /session/e5d91353675ec9eb3e3a21469c7a5328/element/f.C1E909D8719DE039BC4E21351344D585.d.5C4B1F511BA1B9A5E4CCAE5F842E7CF6.e.2237/click - {}
RESULT: {}
COMMAND: POST /session/e5d91353675ec9eb3e3a21469c7a5328/element - {"using":"xpath","value":"//span[contains(text(), \"English\")]"}
COMMAND: GET /session/e5d91353675ec9eb3e3a21469c7a5328/screenshot - {}
RESULT: {"using":"xpath","value":"//span[contains(text(), \"English\")]"}
COMMAND: POST /session/e5d91353675ec9eb3e3a21469c7a5328/element/f.C1E909D8719DE039BC4E21351344D585.d.5C4B1F511BA1B9A5E4CCAE5F842E7CF6.e.2238/click - {}
RESULT: {}
RESULT: {}
COMMAND: POST /session/e5d91353675ec9eb3e3a21469c7a5328/execute/async - {"script":"<script> [1562 bytes]","args":[{"selector":{"id":"application-managesites-display-component---NewSite--addressDetailDetailsCity1","interaction":{"idSuffix":"inner"}},"wdio_ui5_key":"applicationmanagesites-display-component---NewSite--addressDetailDetailsCity1"}]}
COMMAND: GET /session/e5d91353675ec9eb3e3a21469c7a5328/screenshot - {}
RESULT: {"script":"<script> [1562 bytes]","args":[{"selector":{"id":"application-managesites-display-component---NewSite--addressDetailDetailsCity1","interaction":{"idSuffix":"inner"}},"wdio_ui5_key":"applicationmanagesites-display-component---NewSite--addressDetailDetailsCity1"}]}
RESULT: undefined
COMMAND: POST /session/e5d91353675ec9eb3e3a21469c7a5328/execute/async - {"script":"<script> [776 bytes]","args":[{"enterText":"Rosario","selector":{"id":"application-managesites-display-component---NewSite--addressDetailDetailsCity1","interaction":{"idSuffix":"inner"}},"clearTextFirst":true,"interactionType":"ENTER_TEXT"}]}
RESULT: {}
RESULT: {"script":"<script> [776 bytes]","args":[{"enterText":"Rosario","selector":{"id":"application-managesites-display-component---NewSite--addressDetailDetailsCity1","interaction":{"idSuffix":"inner"}},"clearTextFirst":true,"interactionType":"ENTER_TEXT"}]}
COMMAND: POST /session/e5d91353675ec9eb3e3a21469c7a5328/execute/async - {"script":"<script> [1562 bytes]","args":[{"selector":{"id":"application-managesites-display-component---NewSite--addressDetailDetailsCountry-arrow"},"wdio_ui5_key":"applicationmanagesites-display-component---NewSite--addressDetailDetailsCountry-arrow"}]}
RESULT: {"script":"<script> [1562 bytes]","args":[{"selector":{"id":"application-managesites-display-component---NewSite--addressDetailDetailsCountry-arrow"},"wdio_ui5_key":"applicationmanagesites-display-component---NewSite--addressDetailDetailsCountry-arrow"}]}
RESULT: undefined
COMMAND: POST /session/e5d91353675ec9eb3e3a21469c7a5328/element - {"using":"xpath","value":"//*[@id=\"application-managesites-display-component---NewSite--addressDetailDetailsCountry-arrow\"]"}
RESULT: {"using":"xpath","value":"//*[@id=\"application-managesites-display-component---NewSite--addressDetailDetailsCountry-arrow\"]"}
COMMAND: POST /session/e5d91353675ec9eb3e3a21469c7a5328/element/f.C1E909D8719DE039BC4E21351344D585.d.5C4B1F511BA1B9A5E4CCAE5F842E7CF6.e.2240/click - {}
RESULT: {}
COMMAND: POST /session/e5d91353675ec9eb3e3a21469c7a5328/element - {"using":"xpath","value":"//span[contains(text(), \"Argentina\")]"}
COMMAND: GET /session/e5d91353675ec9eb3e3a21469c7a5328/screenshot - {}
RESULT: {"using":"xpath","value":"//span[contains(text(), \"Argentina\")]"}
COMMAND: POST /session/e5d91353675ec9eb3e3a21469c7a5328/element/f.C1E909D8719DE039BC4E21351344D585.d.5C4B1F511BA1B9A5E4CCAE5F842E7CF6.e.2241/click - {}
RESULT: {}
RESULT: {}
COMMAND: GET /session/e5d91353675ec9eb3e3a21469c7a5328/screenshot - {}
RESULT: {}
COMMAND: POST /session/e5d91353675ec9eb3e3a21469c7a5328/execute/async - {"script":"<script> [1562 bytes]","args":[{"selector":{"id":"application-managesites-display-component---NewSite--addressEditDetailsCostObjectCstType-arrow"},"wdio_ui5_key":"applicationmanagesites-display-component---NewSite--addressEditDetailsCostObjectCstType-arrow"}]}
RESULT: {"script":"<script> [1562 bytes]","args":[{"selector":{"id":"application-managesites-display-component---NewSite--addressEditDetailsCostObjectCstType-arrow"},"wdio_ui5_key":"applicationmanagesites-display-component---NewSite--addressEditDetailsCostObjectCstType-arrow"}]}
RESULT: undefined
COMMAND: POST /session/e5d91353675ec9eb3e3a21469c7a5328/element - {"using":"xpath","value":"//*[@id=\"application-managesites-display-component---NewSite--addressEditDetailsCostObjectCstType-arrow\"]"}
RESULT: {"using":"xpath","value":"//*[@id=\"application-managesites-display-component---NewSite--addressEditDetailsCostObjectCstType-arrow\"]"}
COMMAND: POST /session/e5d91353675ec9eb3e3a21469c7a5328/element/f.C1E909D8719DE039BC4E21351344D585.d.5C4B1F511BA1B9A5E4CCAE5F842E7CF6.e.2243/click - {}
RESULT: {}
COMMAND: POST /session/e5d91353675ec9eb3e3a21469c7a5328/element - {"using":"xpath","value":"//span[contains(text(), \"Cost Center\")]"}
COMMAND: GET /session/e5d91353675ec9eb3e3a21469c7a5328/screenshot - {}
RESULT: {"using":"xpath","value":"//span[contains(text(), \"Cost Center\")]"}
COMMAND: POST /session/e5d91353675ec9eb3e3a21469c7a5328/element/f.C1E909D8719DE039BC4E21351344D585.d.5C4B1F511BA1B9A5E4CCAE5F842E7CF6.e.2244/click - {}
RESULT: {}
RESULT: {}
COMMAND: GET /session/e5d91353675ec9eb3e3a21469c7a5328/screenshot - {}
RESULT: {}
COMMAND: POST /session/e5d91353675ec9eb3e3a21469c7a5328/element - {"using":"xpath","value":"//span[@id=\"application-managesites-display-component---NewSite--addressNewCostObjectCstID-vhi\"]"}
RESULT: {"using":"xpath","value":"//span[@id=\"application-managesites-display-component---NewSite--addressNewCostObjectCstID-vhi\"]"}
COMMAND: POST /session/e5d91353675ec9eb3e3a21469c7a5328/execute/sync - {"script":"<script> [8489 bytes]","args":[{"element-6066-11e4-a52e-4f735466cecf":"f.C1E909D8719DE039BC4E21351344D585.d.5C4B1F511BA1B9A5E4CCAE5F842E7CF6.e.2249","ELEMENT":"f.C1E909D8719DE039BC4E21351344D585.d.5C4B1F511BA1B9A5E4CCAE5F842E7CF6.e.2249"}]}
RESULT: {"script":"<script> [8489 bytes]","args":[{"element-6066-11e4-a52e-4f735466cecf":"f.C1E909D8719DE039BC4E21351344D585.d.5C4B1F511BA1B9A5E4CCAE5F842E7CF6.e.2249","ELEMENT":"f.C1E909D8719DE039BC4E21351344D585.d.5C4B1F511BA1B9A5E4CCAE5F842E7CF6.e.2249"}]}
COMMAND: POST /session/e5d91353675ec9eb3e3a21469c7a5328/execute/async - {"script":"<script> [1562 bytes]","args":[{"selector":{"id":"application-managesites-display-component---NewSite--addressNewCostObjectCstID-vhi"},"wdio_ui5_key":"applicationmanagesites-display-component---NewSite--addressNewCostObjectCstID-vhi"}]}
COMMAND: GET /session/e5d91353675ec9eb3e3a21469c7a5328/screenshot - {}
RESULT: {"script":"<script> [1562 bytes]","args":[{"selector":{"id":"application-managesites-display-component---NewSite--addressNewCostObjectCstID-vhi"},"wdio_ui5_key":"applicationmanagesites-display-component---NewSite--addressNewCostObjectCstID-vhi"}]}
RESULT: undefined
COMMAND: POST /session/e5d91353675ec9eb3e3a21469c7a5328/element - {"using":"xpath","value":"//*[@id=\"application-managesites-display-component---NewSite--addressNewCostObjectCstID-vhi\"]"}
RESULT: {}
RESULT: {"using":"xpath","value":"//*[@id=\"application-managesites-display-component---NewSite--addressNewCostObjectCstID-vhi\"]"}
COMMAND: POST /session/e5d91353675ec9eb3e3a21469c7a5328/element/f.C1E909D8719DE039BC4E21351344D585.d.5C4B1F511BA1B9A5E4CCAE5F842E7CF6.e.2249/click - {}
RESULT: {}
COMMAND: GET /session/e5d91353675ec9eb3e3a21469c7a5328/screenshot - {}
RESULT: {}
RESULT: undefined
COMMAND: POST /session/e5d91353675ec9eb3e3a21469c7a5328/execute/async - {"script":"<script> [776 bytes]","args":[{"enterText":"10001013","selector":{"controlType":"sap.m.SearchField","properties":{"placeholder":"Search"},"searchOpenDialogs":true,"interaction":{"idSuffix":"I"}},"clearTextFirst":true,"interactionType":"ENTER_TEXT"}]}
RESULT: {"script":"<script> [776 bytes]","args":[{"enterText":"10001013","selector":{"controlType":"sap.m.SearchField","properties":{"placeholder":"Search"},"searchOpenDialogs":true,"interaction":{"idSuffix":"I"}},"clearTextFirst":true,"interactionType":"ENTER_TEXT"}]}
COMMAND: POST /session/e5d91353675ec9eb3e3a21469c7a5328/actions - {"actions":[{"id":"action6","type":"key","parameters":{},"actions":[{"type":"keyDown","value":""},{"type":"pause","duration":10},{"type":"keyUp","value":""}]}]}
RESULT: {"actions":[{"id":"action6","type":"key","parameters":{},"actions":[{"type":"keyDown","value":""},{"type":"pause","duration":10},{"type":"keyUp","value":""}]}]}
COMMAND: GET /session/e5d91353675ec9eb3e3a21469c7a5328/screenshot - {}
RESULT: {}
COMMAND: POST /session/e5d91353675ec9eb3e3a21469c7a5328/element - {"using":"xpath","value":"//span[contains(text(), \"General Management\")]"}
RESULT: {"using":"xpath","value":"//span[contains(text(), \"General Management\")]"}
COMMAND: POST /session/e5d91353675ec9eb3e3a21469c7a5328/element/f.C1E909D8719DE039BC4E21351344D585.d.5C4B1F511BA1B9A5E4CCAE5F842E7CF6.e.2288/click - {}
RESULT: {}
COMMAND: GET /session/e5d91353675ec9eb3e3a21469c7a5328/screenshot - {}
RESULT: {}
COMMAND: POST /session/e5d91353675ec9eb3e3a21469c7a5328/element - {"using":"xpath","value":"//bdi[contains(text(), \"OK\")]"}
RESULT: {"using":"xpath","value":"//bdi[contains(text(), \"OK\")]"}
COMMAND: POST /session/e5d91353675ec9eb3e3a21469c7a5328/element/f.C1E909D8719DE039BC4E21351344D585.d.5C4B1F511BA1B9A5E4CCAE5F842E7CF6.e.2289/click - {}
RESULT: {}
COMMAND: GET /session/e5d91353675ec9eb3e3a21469c7a5328/screenshot - {}
RESULT: {}
COMMAND: POST /session/e5d91353675ec9eb3e3a21469c7a5328/element - {"using":"xpath","value":"//input[@id=\"application-managesites-display-component---NewSite--addressDetailDetailsCalendar-inner\"]"}
RESULT: {"using":"xpath","value":"//input[@id=\"application-managesites-display-component---NewSite--addressDetailDetailsCalendar-inner\"]"}
COMMAND: POST /session/e5d91353675ec9eb3e3a21469c7a5328/element/f.C1E909D8719DE039BC4E21351344D585.d.5C4B1F511BA1B9A5E4CCAE5F842E7CF6.e.2032/clear - {}
RESULT: {}
COMMAND: POST /session/e5d91353675ec9eb3e3a21469c7a5328/element/f.C1E909D8719DE039BC4E21351344D585.d.5C4B1F511BA1B9A5E4CCAE5F842E7CF6.e.2032/value - {"text":"Unit"}
COMMAND: GET /session/e5d91353675ec9eb3e3a21469c7a5328/screenshot - {}
RESULT: {"text":"Unit"}
COMMAND: GET /session/e5d91353675ec9eb3e3a21469c7a5328/screenshot - {}
RESULT: {}
RESULT: {}
COMMAND: POST /session/e5d91353675ec9eb3e3a21469c7a5328/actions - {"actions":[{"id":"action7","type":"key","parameters":{},"actions":[{"type":"keyDown","value":""},{"type":"pause","duration":10},{"type":"keyUp","value":""}]}]}
RESULT: {"actions":[{"id":"action7","type":"key","parameters":{},"actions":[{"type":"keyDown","value":""},{"type":"pause","duration":10},{"type":"keyUp","value":""}]}]}
COMMAND: POST /session/e5d91353675ec9eb3e3a21469c7a5328/element - {"using":"xpath","value":"//input[@id=\"application-managesites-display-component---NewSite--addressDetailDetailsYard-inner\"]"}
COMMAND: GET /session/e5d91353675ec9eb3e3a21469c7a5328/screenshot - {}
RESULT: {"using":"xpath","value":"//input[@id=\"application-managesites-display-component---NewSite--addressDetailDetailsYard-inner\"]"}
COMMAND: POST /session/e5d91353675ec9eb3e3a21469c7a5328/element/f.C1E909D8719DE039BC4E21351344D585.d.5C4B1F511BA1B9A5E4CCAE5F842E7CF6.e.2033/clear - {}
RESULT: {}
RESULT: {}
COMMAND: POST /session/e5d91353675ec9eb3e3a21469c7a5328/element/f.C1E909D8719DE039BC4E21351344D585.d.5C4B1F511BA1B9A5E4CCAE5F842E7CF6.e.2033/value - {"text":"511"}
COMMAND: GET /session/e5d91353675ec9eb3e3a21469c7a5328/screenshot - {}
RESULT: {"text":"511"}
COMMAND: GET /session/e5d91353675ec9eb3e3a21469c7a5328/screenshot - {}
RESULT: {}
RESULT: {}
COMMAND: POST /session/e5d91353675ec9eb3e3a21469c7a5328/element - {"using":"xpath","value":"//li[.//span[text()='511']]"}
RESULT: {"using":"xpath","value":"//li[.//span[text()='511']]"}
COMMAND: POST /session/e5d91353675ec9eb3e3a21469c7a5328/element/f.C1E909D8719DE039BC4E21351344D585.d.5C4B1F511BA1B9A5E4CCAE5F842E7CF6.e.2297/click - {}
RESULT: {}
COMMAND: GET /session/e5d91353675ec9eb3e3a21469c7a5328/screenshot - {}
RESULT: {}
COMMAND: POST /session/e5d91353675ec9eb3e3a21469c7a5328/element - {"using":"xpath","value":"//input[@id=\"application-managesites-display-component---NewSite--addressDetailDetailsPartner-inner\"]"}
RESULT: {"using":"xpath","value":"//input[@id=\"application-managesites-display-component---NewSite--addressDetailDetailsPartner-inner\"]"}
COMMAND: POST /session/e5d91353675ec9eb3e3a21469c7a5328/element - {"using":"xpath","value":"//input[@id=\"application-managesites-display-component---NewSite--addressDetailDetailsPartner-inner\"]"}
RESULT: {"using":"xpath","value":"//input[@id=\"application-managesites-display-component---NewSite--addressDetailDetailsPartner-inner\"]"}
COMMAND: POST /session/e5d91353675ec9eb3e3a21469c7a5328/element - {"using":"xpath","value":"//button[@data-kt=\"saveButton\"]"}
RESULT: {"using":"xpath","value":"//button[@data-kt=\"saveButton\"]"}
COMMAND: POST /session/e5d91353675ec9eb3e3a21469c7a5328/element/f.C1E909D8719DE039BC4E21351344D585.d.5C4B1F511BA1B9A5E4CCAE5F842E7CF6.e.2220/click - {}
RESULT: {}
COMMAND: GET /session/e5d91353675ec9eb3e3a21469c7a5328/screenshot - {}
RESULT: {}
COMMAND: POST /session/e5d91353675ec9eb3e3a21469c7a5328/element - {"using":"xpath","value":"//header[contains(@id, 'ObjectPageLayout-headerTitle')]/div[1]/div[2]/div[2]/span[1]"}
RESULT: {"using":"xpath","value":"//header[contains(@id, 'ObjectPageLayout-headerTitle')]/div[1]/div[2]/div[2]/span[1]"}
COMMAND: POST /session/e5d91353675ec9eb3e3a21469c7a5328/elements - {"using":"xpath","value":"//header[contains(@id, 'ObjectPageLayout-headerTitle')]/div[1]/div[2]/div[2]/span[1]"}
RESULT: {"using":"xpath","value":"//header[contains(@id, 'ObjectPageLayout-headerTitle')]/div[1]/div[2]/div[2]/span[1]"}
COMMAND: POST /session/e5d91353675ec9eb3e3a21469c7a5328/execute/sync - {"script":"<script> [56 bytes]","args":[{"element-6066-11e4-a52e-4f735466cecf":"f.C1E909D8719DE039BC4E21351344D585.d.5C4B1F511BA1B9A5E4CCAE5F842E7CF6.e.2502","ELEMENT":"f.C1E909D8719DE039BC4E21351344D585.d.5C4B1F511BA1B9A5E4CCAE5F842E7CF6.e.2502"}]}
RESULT: {"script":"<script> [56 bytes]","args":[{"element-6066-11e4-a52e-4f735466cecf":"f.C1E909D8719DE039BC4E21351344D585.d.5C4B1F511BA1B9A5E4CCAE5F842E7CF6.e.2502","ELEMENT":"f.C1E909D8719DE039BC4E21351344D585.d.5C4B1F511BA1B9A5E4CCAE5F842E7CF6.e.2502"}]}
COMMAND: POST /session/e5d91353675ec9eb3e3a21469c7a5328/element - {"using":"css selector","value":"#shell-header-logo"}
COMMAND: GET /session/e5d91353675ec9eb3e3a21469c7a5328/screenshot - {}
RESULT: {"using":"css selector","value":"#shell-header-logo"}
COMMAND: POST /session/e5d91353675ec9eb3e3a21469c7a5328/element/f.C1E909D8719DE039BC4E21351344D585.d.5C4B1F511BA1B9A5E4CCAE5F842E7CF6.e.1789/click - {}
RESULT: {}
RESULT: {}
COMMAND: GET /session/e5d91353675ec9eb3e3a21469c7a5328/screenshot - {}
RESULT: {}
COMMAND: POST /session/e5d91353675ec9eb3e3a21469c7a5328/execute/sync - {"script":"<script> [299 bytes]","args":[["getModel","getResource"]]}
RESULT: {"script":"<script> [299 bytes]","args":[["getModel","getResource"]]}
COMMAND: POST /session/e5d91353675ec9eb3e3a21469c7a5328/actions - {"actions":[{"id":"action8","type":"key","parameters":{},"actions":[{"type":"keyDown","value":""},{"type":"pause","duration":10},{"type":"keyUp","value":""}]}]}
COMMAND: GET /session/e5d91353675ec9eb3e3a21469c7a5328/screenshot - {}
RESULT: {"actions":[{"id":"action8","type":"key","parameters":{},"actions":[{"type":"keyDown","value":""},{"type":"pause","duration":10},{"type":"keyUp","value":""}]}]}
COMMAND: GET /session/e5d91353675ec9eb3e3a21469c7a5328/screenshot - {}
RESULT: {}
RESULT: {}
COMMAND: POST /session/e5d91353675ec9eb3e3a21469c7a5328/refresh - {}
RESULT: {}
COMMAND: GET /session/e5d91353675ec9eb3e3a21469c7a5328/screenshot - {}
RESULT: {}
COMMAND: POST /session/e5d91353675ec9eb3e3a21469c7a5328/refresh - {}
RESULT: {}
COMMAND: GET /session/e5d91353675ec9eb3e3a21469c7a5328/screenshot - {}
RESULT: {}
COMMAND: POST /session/e5d91353675ec9eb3e3a21469c7a5328/window/fullscreen - {}
RESULT: {}
COMMAND: POST /session/e5d91353675ec9eb3e3a21469c7a5328/execute/async - {"script":"<script> [189 bytes]","args":[]}
RESULT: {"script":"<script> [189 bytes]","args":[]}
COMMAND: POST /session/e5d91353675ec9eb3e3a21469c7a5328/execute/async - {"script":"<script> [123 bytes]","args":[]}
RESULT: {"script":"<script> [123 bytes]","args":[]}
COMMAND: POST /session/e5d91353675ec9eb3e3a21469c7a5328/timeouts - {"script":"<number>"}
RESULT: {"script":"<number>"}
COMMAND: GET /session/e5d91353675ec9eb3e3a21469c7a5328/timeouts - {}
RESULT: {}
RESULT: undefined
COMMAND: POST /session/e5d91353675ec9eb3e3a21469c7a5328/execute/async - {"script":"<script> [2676 bytes]","args":[]}
RESULT: {"script":"<script> [2676 bytes]","args":[]}
COMMAND: POST /session/e5d91353675ec9eb3e3a21469c7a5328/execute/async - {"script":"<script> [2342 bytes]","args":[{"protocol":"http","hostname":"0.0.0.0","path":"/","capabilities":{"browserName":"chrome","goog:chromeOptions":{"binary":"C:\\Program Files\\Google\\Chrome\\Application\\chrome.exe","args":["--start-maximized"]}},"logLevel":"warn","connectionRetryTimeout":120000,"connectionRetryCount":3,"logLevels":{},"enableDirectConnect":true,"strictSSL":true,"_":"65 more keys: [\"cacheDir\",\"port\",\"requestedCapabilities\",\"automationProtocol\",\"baseUrl\",\"waitforInterval\",\"waitforTimeout\",\"onReload\",\"beforeCommand\",\"afterCommand\",\"rootDir\",\"specs\",\"suites\",\"exclude\",\"groupLogsByTestSpec\",\"excludeDriverLogs\",\"bail\",\"framework\",\"reporters\",\"services\",\"maxInstances\",\"maxInstancesPerCapability\",\"injectGlobals\",\"filesToWatch\",\"execArgv\",\"runnerEnv\",\"runner\",\"shard\",\"specFileRetries\",\"specFileRetriesDelay\",\"specFileRetriesDeferred\",\"reporterSyncInterval\",\"reporterSyncTimeout\",\"cucumberFeaturesWithLineNumbers\",\"autoCompileOpts\",\"mochaOpts\",\"jasmineOpts\",\"cucumberOpts\",\"onPrepare\",\"onWorkerStart\",\"onWorkerEnd\",\"before\",\"beforeSession\",\"beforeSuite\",\"beforeHook\",\"beforeTest\",\"afterTest\",\"afterHook\",\"afterSuite\",\"afterSession\",\"after\",\"onComplete\",\"beforeAssertion\",\"afterAssertion\",\"beforeFeature\",\"beforeScenario\",\"beforeStep\",\"afterStep\",\"afterScenario\",\"afterFeature\",\"_\",\"suite\",\"$0\",\"ignoredWorkerServices\",\"wdi5\"]"}]}
RESULT: {"script":"<script> [2342 bytes]","args":[{"protocol":"http","hostname":"0.0.0.0","path":"/","capabilities":{"browserName":"chrome","goog:chromeOptions":{"binary":"C:\\Program Files\\Google\\Chrome\\Application\\chrome.exe","args":["--start-maximized"]}},"logLevel":"warn","connectionRetryTimeout":120000,"connectionRetryCount":3,"logLevels":{},"enableDirectConnect":true,"strictSSL":true,"_":"65 more keys: [\"cacheDir\",\"port\",\"requestedCapabilities\",\"automationProtocol\",\"baseUrl\",\"waitforInterval\",\"waitforTimeout\",\"onReload\",\"beforeCommand\",\"afterCommand\",\"rootDir\",\"specs\",\"suites\",\"exclude\",\"groupLogsByTestSpec\",\"excludeDriverLogs\",\"bail\",\"framework\",\"reporters\",\"services\",\"maxInstances\",\"maxInstancesPerCapability\",\"injectGlobals\",\"filesToWatch\",\"execArgv\",\"runnerEnv\",\"runner\",\"shard\",\"specFileRetries\",\"specFileRetriesDelay\",\"specFileRetriesDeferred\",\"reporterSyncInterval\",\"reporterSyncTimeout\",\"cucumberFeaturesWithLineNumbers\",\"autoCompileOpts\",\"mochaOpts\",\"jasmineOpts\",\"cucumberOpts\",\"onPrepare\",\"onWorkerStart\",\"onWorkerEnd\",\"before\",\"beforeSession\",\"beforeSuite\",\"beforeHook\",\"beforeTest\",\"afterTest\",\"afterHook\",\"afterSuite\",\"afterSession\",\"after\",\"onComplete\",\"beforeAssertion\",\"afterAssertion\",\"beforeFeature\",\"beforeScenario\",\"beforeStep\",\"afterStep\",\"afterScenario\",\"afterFeature\",\"_\",\"suite\",\"$0\",\"ignoredWorkerServices\",\"wdi5\"]"}]}
COMMAND: POST /session/e5d91353675ec9eb3e3a21469c7a5328/execute/async - {"script":"<script> [21126 bytes]","args":[35000]}
RESULT: {"script":"<script> [21126 bytes]","args":[35000]}
COMMAND: POST /session/e5d91353675ec9eb3e3a21469c7a5328/window/fullscreen - {}
RESULT: {}
]]></system-out>
    </testcase>
    <testcase classname="chrome.136_0_7103_93.windows.Tests_for_Mass_State_Change_on_Manage_States_&amp;_Performances_US104416_US" name="Prereq Should create a new equipment multipart" time="139.261">
      <system-out><![CDATA[
COMMAND: POST /session/e5d91353675ec9eb3e3a21469c7a5328/execute/async - {"script":"<script> [1562 bytes]","args":[{"selector":{"controlType":"sap.m.GenericTile","properties":{"header":"Manage Resources"}},"wdio_ui5_key":"sapm.GenericTile{\"header\":\"Manage Resources\"}"}]}
RESULT: {"script":"<script> [1562 bytes]","args":[{"selector":{"controlType":"sap.m.GenericTile","properties":{"header":"Manage Resources"}},"wdio_ui5_key":"sapm.GenericTile{\"header\":\"Manage Resources\"}"}]}
RESULT: undefined
COMMAND: POST /session/e5d91353675ec9eb3e3a21469c7a5328/element - {"using":"xpath","value":"//*[@id=\"__tile31\"]"}
RESULT: {"using":"xpath","value":"//*[@id=\"__tile31\"]"}
COMMAND: POST /session/e5d91353675ec9eb3e3a21469c7a5328/element/f.C1E909D8719DE039BC4E21351344D585.d.EA761AFC5E18190F2856FFC4256B6A3B.e.2574/click - {}
RESULT: {}
COMMAND: GET /session/e5d91353675ec9eb3e3a21469c7a5328/screenshot - {}
RESULT: {}
COMMAND: POST /session/e5d91353675ec9eb3e3a21469c7a5328/elements - {"using":"xpath","value":"//span[text()='Error']"}
RESULT: {"using":"xpath","value":"//span[text()='Error']"}
COMMAND: POST /session/e5d91353675ec9eb3e3a21469c7a5328/element - {"using":"xpath","value":"//button[@data-kt=\"addNewRUOverflowToolbarButton\"]"}
RESULT: {"using":"xpath","value":"//button[@data-kt=\"addNewRUOverflowToolbarButton\"]"}
COMMAND: POST /session/e5d91353675ec9eb3e3a21469c7a5328/elements - {"using":"xpath","value":"//button[@data-kt=\"addNewRUOverflowToolbarButton\"]"}
RESULT: {"using":"xpath","value":"//button[@data-kt=\"addNewRUOverflowToolbarButton\"]"}
COMMAND: POST /session/e5d91353675ec9eb3e3a21469c7a5328/elements - {"using":"xpath","value":"//button[@data-kt=\"addNewRUOverflowToolbarButton\"]"}
RESULT: {"using":"xpath","value":"//button[@data-kt=\"addNewRUOverflowToolbarButton\"]"}
COMMAND: POST /session/e5d91353675ec9eb3e3a21469c7a5328/elements - {"using":"xpath","value":"//button[@data-kt=\"addNewRUOverflowToolbarButton\"]"}
RESULT: {"using":"xpath","value":"//button[@data-kt=\"addNewRUOverflowToolbarButton\"]"}
COMMAND: POST /session/e5d91353675ec9eb3e3a21469c7a5328/elements - {"using":"xpath","value":"//button[@data-kt=\"addNewRUOverflowToolbarButton\"]"}
RESULT: {"using":"xpath","value":"//button[@data-kt=\"addNewRUOverflowToolbarButton\"]"}
COMMAND: POST /session/e5d91353675ec9eb3e3a21469c7a5328/elements - {"using":"xpath","value":"//button[@data-kt=\"addNewRUOverflowToolbarButton\"]"}
RESULT: {"using":"xpath","value":"//button[@data-kt=\"addNewRUOverflowToolbarButton\"]"}
COMMAND: POST /session/e5d91353675ec9eb3e3a21469c7a5328/elements - {"using":"xpath","value":"//button[@data-kt=\"addNewRUOverflowToolbarButton\"]"}
RESULT: {"using":"xpath","value":"//button[@data-kt=\"addNewRUOverflowToolbarButton\"]"}
COMMAND: POST /session/e5d91353675ec9eb3e3a21469c7a5328/elements - {"using":"xpath","value":"//button[@data-kt=\"addNewRUOverflowToolbarButton\"]"}
RESULT: {"using":"xpath","value":"//button[@data-kt=\"addNewRUOverflowToolbarButton\"]"}
COMMAND: POST /session/e5d91353675ec9eb3e3a21469c7a5328/element - {"using":"xpath","value":"//button[@data-kt=\"addNewRUOverflowToolbarButton\"]"}
RESULT: {"using":"xpath","value":"//button[@data-kt=\"addNewRUOverflowToolbarButton\"]"}
COMMAND: POST /session/e5d91353675ec9eb3e3a21469c7a5328/execute/sync - {"script":"<script> [8489 bytes]","args":[{"element-6066-11e4-a52e-4f735466cecf":"f.C1E909D8719DE039BC4E21351344D585.d.EA761AFC5E18190F2856FFC4256B6A3B.e.2684","ELEMENT":"f.C1E909D8719DE039BC4E21351344D585.d.EA761AFC5E18190F2856FFC4256B6A3B.e.2684"}]}
RESULT: {"script":"<script> [8489 bytes]","args":[{"element-6066-11e4-a52e-4f735466cecf":"f.C1E909D8719DE039BC4E21351344D585.d.EA761AFC5E18190F2856FFC4256B6A3B.e.2684","ELEMENT":"f.C1E909D8719DE039BC4E21351344D585.d.EA761AFC5E18190F2856FFC4256B6A3B.e.2684"}]}
COMMAND: GET /session/e5d91353675ec9eb3e3a21469c7a5328/element/f.C1E909D8719DE039BC4E21351344D585.d.EA761AFC5E18190F2856FFC4256B6A3B.e.2684/enabled - {}
COMMAND: GET /session/e5d91353675ec9eb3e3a21469c7a5328/screenshot - {}
RESULT: {}
COMMAND: POST /session/e5d91353675ec9eb3e3a21469c7a5328/execute/sync - {"script":"<script> [8489 bytes]","args":[{"element-6066-11e4-a52e-4f735466cecf":"f.C1E909D8719DE039BC4E21351344D585.d.EA761AFC5E18190F2856FFC4256B6A3B.e.2684","ELEMENT":"f.C1E909D8719DE039BC4E21351344D585.d.EA761AFC5E18190F2856FFC4256B6A3B.e.2684"}]}
COMMAND: GET /session/e5d91353675ec9eb3e3a21469c7a5328/screenshot - {}
RESULT: {}
RESULT: {"script":"<script> [8489 bytes]","args":[{"element-6066-11e4-a52e-4f735466cecf":"f.C1E909D8719DE039BC4E21351344D585.d.EA761AFC5E18190F2856FFC4256B6A3B.e.2684","ELEMENT":"f.C1E909D8719DE039BC4E21351344D585.d.EA761AFC5E18190F2856FFC4256B6A3B.e.2684"}]}
COMMAND: POST /session/e5d91353675ec9eb3e3a21469c7a5328/execute/sync - {"script":"<script> [5351 bytes]","args":[{"element-6066-11e4-a52e-4f735466cecf":"f.C1E909D8719DE039BC4E21351344D585.d.EA761AFC5E18190F2856FFC4256B6A3B.e.2684","ELEMENT":"f.C1E909D8719DE039BC4E21351344D585.d.EA761AFC5E18190F2856FFC4256B6A3B.e.2684"}]}
COMMAND: GET /session/e5d91353675ec9eb3e3a21469c7a5328/screenshot - {}
RESULT: {}
RESULT: {"script":"<script> [5351 bytes]","args":[{"element-6066-11e4-a52e-4f735466cecf":"f.C1E909D8719DE039BC4E21351344D585.d.EA761AFC5E18190F2856FFC4256B6A3B.e.2684","ELEMENT":"f.C1E909D8719DE039BC4E21351344D585.d.EA761AFC5E18190F2856FFC4256B6A3B.e.2684"}]}
COMMAND: POST /session/e5d91353675ec9eb3e3a21469c7a5328/element/f.C1E909D8719DE039BC4E21351344D585.d.EA761AFC5E18190F2856FFC4256B6A3B.e.2684/click - {}
COMMAND: GET /session/e5d91353675ec9eb3e3a21469c7a5328/screenshot - {}
RESULT: {}
RESULT: {}
COMMAND: GET /session/e5d91353675ec9eb3e3a21469c7a5328/screenshot - {}
RESULT: {}
COMMAND: POST /session/e5d91353675ec9eb3e3a21469c7a5328/execute/async - {"script":"<script> [1562 bytes]","args":[{"selector":{"id":"application-manageresources-display-component---newResourceUnit--TYPE-arrow"},"wdio_ui5_key":"applicationmanageresources-display-component---newResourceUnit--TYPE-arrow"}]}
RESULT: {}
RESULT: {"script":"<script> [1562 bytes]","args":[{"selector":{"id":"application-manageresources-display-component---newResourceUnit--TYPE-arrow"},"wdio_ui5_key":"applicationmanageresources-display-component---newResourceUnit--TYPE-arrow"}]}
RESULT: undefined
COMMAND: POST /session/e5d91353675ec9eb3e3a21469c7a5328/element - {"using":"xpath","value":"//*[@id=\"application-manageresources-display-component---newResourceUnit--TYPE-arrow\"]"}
RESULT: {"using":"xpath","value":"//*[@id=\"application-manageresources-display-component---newResourceUnit--TYPE-arrow\"]"}
COMMAND: POST /session/e5d91353675ec9eb3e3a21469c7a5328/element/f.C1E909D8719DE039BC4E21351344D585.d.EA761AFC5E18190F2856FFC4256B6A3B.e.3051/click - {}
RESULT: {}
COMMAND: POST /session/e5d91353675ec9eb3e3a21469c7a5328/element - {"using":"xpath","value":"//input[@id=\"application-manageresources-display-component---newResourceUnit--TYPE-inner\"]"}
COMMAND: GET /session/e5d91353675ec9eb3e3a21469c7a5328/screenshot - {}
RESULT: {"using":"xpath","value":"//input[@id=\"application-manageresources-display-component---newResourceUnit--TYPE-inner\"]"}
COMMAND: POST /session/e5d91353675ec9eb3e3a21469c7a5328/element/f.C1E909D8719DE039BC4E21351344D585.d.EA761AFC5E18190F2856FFC4256B6A3B.e.3036/clear - {}
RESULT: {}
RESULT: {}
COMMAND: POST /session/e5d91353675ec9eb3e3a21469c7a5328/element/f.C1E909D8719DE039BC4E21351344D585.d.EA761AFC5E18190F2856FFC4256B6A3B.e.3036/value - {"text":"Equi Multipart"}
COMMAND: GET /session/e5d91353675ec9eb3e3a21469c7a5328/screenshot - {}
RESULT: {"text":"Equi Multipart"}
COMMAND: GET /session/e5d91353675ec9eb3e3a21469c7a5328/screenshot - {}
RESULT: {}
RESULT: {}
COMMAND: POST /session/e5d91353675ec9eb3e3a21469c7a5328/actions - {"actions":[{"id":"action9","type":"key","parameters":{},"actions":[{"type":"keyDown","value":""},{"type":"pause","duration":10},{"type":"keyUp","value":""}]}]}
RESULT: {"actions":[{"id":"action9","type":"key","parameters":{},"actions":[{"type":"keyDown","value":""},{"type":"pause","duration":10},{"type":"keyUp","value":""}]}]}
COMMAND: POST /session/e5d91353675ec9eb3e3a21469c7a5328/execute/async - {"script":"<script> [1562 bytes]","args":[{"selector":{"id":"application-manageresources-display-component---newResourceUnit--SHORT_TEXT","interaction":{"idSuffix":"inner"}},"wdio_ui5_key":"applicationmanageresources-display-component---newResourceUnit--SHORT_TEXT"}]}
COMMAND: GET /session/e5d91353675ec9eb3e3a21469c7a5328/screenshot - {}
RESULT: {"script":"<script> [1562 bytes]","args":[{"selector":{"id":"application-manageresources-display-component---newResourceUnit--SHORT_TEXT","interaction":{"idSuffix":"inner"}},"wdio_ui5_key":"applicationmanageresources-display-component---newResourceUnit--SHORT_TEXT"}]}
RESULT: undefined
COMMAND: POST /session/e5d91353675ec9eb3e3a21469c7a5328/execute/async - {"script":"<script> [776 bytes]","args":[{"enterText":"Equipment Multipart WDIO","selector":{"id":"application-manageresources-display-component---newResourceUnit--SHORT_TEXT","interaction":{"idSuffix":"inner"}},"clearTextFirst":true,"interactionType":"ENTER_TEXT"}]}
RESULT: {}
RESULT: {"script":"<script> [776 bytes]","args":[{"enterText":"Equipment Multipart WDIO","selector":{"id":"application-manageresources-display-component---newResourceUnit--SHORT_TEXT","interaction":{"idSuffix":"inner"}},"clearTextFirst":true,"interactionType":"ENTER_TEXT"}]}
COMMAND: POST /session/e5d91353675ec9eb3e3a21469c7a5328/execute/async - {"script":"<script> [1562 bytes]","args":[{"selector":{"id":"application-manageresources-display-component---newResourceUnit--BASE_UNIT_OF_MEASURE","interaction":{"idSuffix":"inner"}},"wdio_ui5_key":"applicationmanageresources-display-component---newResourceUnit--BASE_UNIT_OF_MEASURE"}]}
RESULT: {"script":"<script> [1562 bytes]","args":[{"selector":{"id":"application-manageresources-display-component---newResourceUnit--BASE_UNIT_OF_MEASURE","interaction":{"idSuffix":"inner"}},"wdio_ui5_key":"applicationmanageresources-display-component---newResourceUnit--BASE_UNIT_OF_MEASURE"}]}
RESULT: undefined
COMMAND: POST /session/e5d91353675ec9eb3e3a21469c7a5328/execute/async - {"script":"<script> [776 bytes]","args":[{"enterText":"Piece","selector":{"id":"application-manageresources-display-component---newResourceUnit--BASE_UNIT_OF_MEASURE","interaction":{"idSuffix":"inner"}},"clearTextFirst":true,"interactionType":"ENTER_TEXT"}]}
RESULT: {"script":"<script> [776 bytes]","args":[{"enterText":"Piece","selector":{"id":"application-manageresources-display-component---newResourceUnit--BASE_UNIT_OF_MEASURE","interaction":{"idSuffix":"inner"}},"clearTextFirst":true,"interactionType":"ENTER_TEXT"}]}
COMMAND: POST /session/e5d91353675ec9eb3e3a21469c7a5328/execute/async - {"script":"<script> [1562 bytes]","args":[{"selector":{"id":"application-manageresources-display-component---newResourceUnit--WEIGHT_UNIT","interaction":{"idSuffix":"inner"}},"wdio_ui5_key":"applicationmanageresources-display-component---newResourceUnit--WEIGHT_UNIT"}]}
RESULT: {"script":"<script> [1562 bytes]","args":[{"selector":{"id":"application-manageresources-display-component---newResourceUnit--WEIGHT_UNIT","interaction":{"idSuffix":"inner"}},"wdio_ui5_key":"applicationmanageresources-display-component---newResourceUnit--WEIGHT_UNIT"}]}
RESULT: undefined
COMMAND: POST /session/e5d91353675ec9eb3e3a21469c7a5328/execute/async - {"script":"<script> [776 bytes]","args":[{"enterText":"Gram","selector":{"id":"application-manageresources-display-component---newResourceUnit--WEIGHT_UNIT","interaction":{"idSuffix":"inner"}},"clearTextFirst":true,"interactionType":"ENTER_TEXT"}]}
RESULT: {"script":"<script> [776 bytes]","args":[{"enterText":"Gram","selector":{"id":"application-manageresources-display-component---newResourceUnit--WEIGHT_UNIT","interaction":{"idSuffix":"inner"}},"clearTextFirst":true,"interactionType":"ENTER_TEXT"}]}
COMMAND: POST /session/e5d91353675ec9eb3e3a21469c7a5328/execute/async - {"script":"<script> [1562 bytes]","args":[{"selector":{"id":"application-manageresources-display-component---newResourceUnit--DIMENSION_UNIT","interaction":{"idSuffix":"inner"}},"wdio_ui5_key":"applicationmanageresources-display-component---newResourceUnit--DIMENSION_UNIT"}]}
RESULT: {"script":"<script> [1562 bytes]","args":[{"selector":{"id":"application-manageresources-display-component---newResourceUnit--DIMENSION_UNIT","interaction":{"idSuffix":"inner"}},"wdio_ui5_key":"applicationmanageresources-display-component---newResourceUnit--DIMENSION_UNIT"}]}
RESULT: undefined
COMMAND: POST /session/e5d91353675ec9eb3e3a21469c7a5328/execute/async - {"script":"<script> [776 bytes]","args":[{"enterText":"Meter","selector":{"id":"application-manageresources-display-component---newResourceUnit--DIMENSION_UNIT","interaction":{"idSuffix":"inner"}},"clearTextFirst":true,"interactionType":"ENTER_TEXT"}]}
RESULT: {"script":"<script> [776 bytes]","args":[{"enterText":"Meter","selector":{"id":"application-manageresources-display-component---newResourceUnit--DIMENSION_UNIT","interaction":{"idSuffix":"inner"}},"clearTextFirst":true,"interactionType":"ENTER_TEXT"}]}
COMMAND: POST /session/e5d91353675ec9eb3e3a21469c7a5328/execute/async - {"script":"<script> [1562 bytes]","args":[{"selector":{"id":"application-manageresources-display-component---newResourceUnit--newRRUPage-anchBar-application-manageresources-display-component---newResourceUnit--control-anchor","interaction":{"idSuffix":"BDI-content"}},"wdio_ui5_key":"applicationmanageresources-display-component---newResourceUnit--newRRUPage-anchBar-application-manageresources-display-component---newResourceUnit--control-anchor"}]}
RESULT: {"script":"<script> [1562 bytes]","args":[{"selector":{"id":"application-manageresources-display-component---newResourceUnit--newRRUPage-anchBar-application-manageresources-display-component---newResourceUnit--control-anchor","interaction":{"idSuffix":"BDI-content"}},"wdio_ui5_key":"applicationmanageresources-display-component---newResourceUnit--newRRUPage-anchBar-application-manageresources-display-component---newResourceUnit--control-anchor"}]}
RESULT: undefined
COMMAND: POST /session/e5d91353675ec9eb3e3a21469c7a5328/element - {"using":"xpath","value":"//*[@id=\"application-manageresources-display-component---newResourceUnit--newRRUPage-anchBar-application-manageresources-display-component---newResourceUnit--control-anchor\"]"}
RESULT: {"using":"xpath","value":"//*[@id=\"application-manageresources-display-component---newResourceUnit--newRRUPage-anchBar-application-manageresources-display-component---newResourceUnit--control-anchor\"]"}
COMMAND: POST /session/e5d91353675ec9eb3e3a21469c7a5328/element/f.C1E909D8719DE039BC4E21351344D585.d.EA761AFC5E18190F2856FFC4256B6A3B.e.3187/click - {}
RESULT: {}
COMMAND: POST /session/e5d91353675ec9eb3e3a21469c7a5328/execute/async - {"script":"<script> [1562 bytes]","args":[{"selector":{"id":"application-manageresources-display-component---newResourceUnit--PLANNING_GROUP","interaction":{"idSuffix":"inner"}},"wdio_ui5_key":"applicationmanageresources-display-component---newResourceUnit--PLANNING_GROUP"}]}
COMMAND: GET /session/e5d91353675ec9eb3e3a21469c7a5328/screenshot - {}
RESULT: {"script":"<script> [1562 bytes]","args":[{"selector":{"id":"application-manageresources-display-component---newResourceUnit--PLANNING_GROUP","interaction":{"idSuffix":"inner"}},"wdio_ui5_key":"applicationmanageresources-display-component---newResourceUnit--PLANNING_GROUP"}]}
RESULT: undefined
COMMAND: POST /session/e5d91353675ec9eb3e3a21469c7a5328/execute/async - {"script":"<script> [776 bytes]","args":[{"enterText":"Heavy Equi","selector":{"id":"application-manageresources-display-component---newResourceUnit--PLANNING_GROUP","interaction":{"idSuffix":"inner"}},"clearTextFirst":true,"interactionType":"ENTER_TEXT"}]}
RESULT: {}
RESULT: {"script":"<script> [776 bytes]","args":[{"enterText":"Heavy Equi","selector":{"id":"application-manageresources-display-component---newResourceUnit--PLANNING_GROUP","interaction":{"idSuffix":"inner"}},"clearTextFirst":true,"interactionType":"ENTER_TEXT"}]}
COMMAND: POST /session/e5d91353675ec9eb3e3a21469c7a5328/execute/async - {"script":"<script> [1562 bytes]","args":[{"selector":{"id":"application-manageresources-display-component---newResourceUnit--PLANNING_INDICATOR","interaction":{"idSuffix":"inner"}},"wdio_ui5_key":"applicationmanageresources-display-component---newResourceUnit--PLANNING_INDICATOR"}]}
RESULT: {"script":"<script> [1562 bytes]","args":[{"selector":{"id":"application-manageresources-display-component---newResourceUnit--PLANNING_INDICATOR","interaction":{"idSuffix":"inner"}},"wdio_ui5_key":"applicationmanageresources-display-component---newResourceUnit--PLANNING_INDICATOR"}]}
RESULT: undefined
COMMAND: POST /session/e5d91353675ec9eb3e3a21469c7a5328/execute/async - {"script":"<script> [776 bytes]","args":[{"enterText":"10 - infinite","selector":{"id":"application-manageresources-display-component---newResourceUnit--PLANNING_INDICATOR","interaction":{"idSuffix":"inner"}},"clearTextFirst":true,"interactionType":"ENTER_TEXT"}]}
RESULT: {"script":"<script> [776 bytes]","args":[{"enterText":"10 - infinite","selector":{"id":"application-manageresources-display-component---newResourceUnit--PLANNING_INDICATOR","interaction":{"idSuffix":"inner"}},"clearTextFirst":true,"interactionType":"ENTER_TEXT"}]}
COMMAND: POST /session/e5d91353675ec9eb3e3a21469c7a5328/execute/async - {"script":"<script> [1562 bytes]","args":[{"selector":{"id":"application-manageresources-display-component---newResourceUnit--ITEM_TYPE-arrow"},"wdio_ui5_key":"applicationmanageresources-display-component---newResourceUnit--ITEM_TYPE-arrow"}]}
RESULT: {"script":"<script> [1562 bytes]","args":[{"selector":{"id":"application-manageresources-display-component---newResourceUnit--ITEM_TYPE-arrow"},"wdio_ui5_key":"applicationmanageresources-display-component---newResourceUnit--ITEM_TYPE-arrow"}]}
RESULT: undefined
COMMAND: POST /session/e5d91353675ec9eb3e3a21469c7a5328/element - {"using":"xpath","value":"//*[@id=\"application-manageresources-display-component---newResourceUnit--ITEM_TYPE-arrow\"]"}
RESULT: {"using":"xpath","value":"//*[@id=\"application-manageresources-display-component---newResourceUnit--ITEM_TYPE-arrow\"]"}
COMMAND: POST /session/e5d91353675ec9eb3e3a21469c7a5328/element/f.C1E909D8719DE039BC4E21351344D585.d.EA761AFC5E18190F2856FFC4256B6A3B.e.3195/click - {}
RESULT: {}
COMMAND: GET /session/e5d91353675ec9eb3e3a21469c7a5328/screenshot - {}
RESULT: {}
COMMAND: POST /session/e5d91353675ec9eb3e3a21469c7a5328/execute/async - {"script":"<script> [1562 bytes]","args":[{"selector":{"controlType":"sap.m.StandardListItem","viewName":"reusables.view.manageresources.NewResourceUnit","viewId":"application-manageresources-display-component---newResourceUnit","properties":{"title":"Pool Equipment"},"searchOpenDialogs":true,"interaction":{"idSuffix":"content"}},"wdio_ui5_key":"reusablesview.manageresources.NewResourceUnitsap.m.StandardListItem{\"title\":\"Pool Equipment\"}"}]}
RESULT: {"script":"<script> [1562 bytes]","args":[{"selector":{"controlType":"sap.m.StandardListItem","viewName":"reusables.view.manageresources.NewResourceUnit","viewId":"application-manageresources-display-component---newResourceUnit","properties":{"title":"Pool Equipment"},"searchOpenDialogs":true,"interaction":{"idSuffix":"content"}},"wdio_ui5_key":"reusablesview.manageresources.NewResourceUnitsap.m.StandardListItem{\"title\":\"Pool Equipment\"}"}]}
RESULT: undefined
COMMAND: POST /session/e5d91353675ec9eb3e3a21469c7a5328/element - {"using":"xpath","value":"//*[@id=\"__item218\"]"}
RESULT: {"using":"xpath","value":"//*[@id=\"__item218\"]"}
COMMAND: POST /session/e5d91353675ec9eb3e3a21469c7a5328/element/f.C1E909D8719DE039BC4E21351344D585.d.EA761AFC5E18190F2856FFC4256B6A3B.e.3197/click - {}
RESULT: {}
COMMAND: GET /session/e5d91353675ec9eb3e3a21469c7a5328/screenshot - {}
RESULT: {}
COMMAND: POST /session/e5d91353675ec9eb3e3a21469c7a5328/element - {"using":"css selector","value":"#application-manageresources-display-component---newResourceUnit--btnAddTimeSegment"}
RESULT: {"using":"css selector","value":"#application-manageresources-display-component---newResourceUnit--btnAddTimeSegment"}
COMMAND: GET /session/e5d91353675ec9eb3e3a21469c7a5328/element/f.C1E909D8719DE039BC4E21351344D585.d.EA761AFC5E18190F2856FFC4256B6A3B.e.3259/rect - {}
RESULT: {}
COMMAND: GET /session/e5d91353675ec9eb3e3a21469c7a5328/window/rect - {}
RESULT: {}
COMMAND: POST /session/e5d91353675ec9eb3e3a21469c7a5328/execute/sync - {"script":"<script> [92 bytes]","args":[]}
RESULT: {"script":"<script> [92 bytes]","args":[]}
COMMAND: POST /session/e5d91353675ec9eb3e3a21469c7a5328/actions - {"actions":[{"id":"action10","type":"wheel","parameters":{},"actions":[{"type":"scroll","x":-1888,"y":-32,"deltaX":0,"deltaY":0,"duration":0,"origin":{"element-6066-11e4-a52e-4f735466cecf":"f.C1E909D8719DE039BC4E21351344D585.d.EA761AFC5E18190F2856FFC4256B6A3B.e.3259"}}]}]}
COMMAND: GET /session/e5d91353675ec9eb3e3a21469c7a5328/screenshot - {}
RESULT: {}
COMMAND: POST /session/e5d91353675ec9eb3e3a21469c7a5328/execute/sync - {"script":"<script> [79 bytes]","args":[{"element-6066-11e4-a52e-4f735466cecf":"f.C1E909D8719DE039BC4E21351344D585.d.EA761AFC5E18190F2856FFC4256B6A3B.e.3259","ELEMENT":"f.C1E909D8719DE039BC4E21351344D585.d.EA761AFC5E18190F2856FFC4256B6A3B.e.3259"},{"block":"start","inline":"nearest"}]}
RESULT: {"script":"<script> [79 bytes]","args":[{"element-6066-11e4-a52e-4f735466cecf":"f.C1E909D8719DE039BC4E21351344D585.d.EA761AFC5E18190F2856FFC4256B6A3B.e.3259","ELEMENT":"f.C1E909D8719DE039BC4E21351344D585.d.EA761AFC5E18190F2856FFC4256B6A3B.e.3259"},{"block":"start","inline":"nearest"}]}
COMMAND: POST /session/e5d91353675ec9eb3e3a21469c7a5328/execute/async - {"script":"<script> [1562 bytes]","args":[{"selector":{"id":"application-manageresources-display-component---newResourceUnit--btnAddTimeSegment","interaction":{"idSuffix":"inner"}},"wdio_ui5_key":"applicationmanageresources-display-component---newResourceUnit--btnAddTimeSegment"}]}
COMMAND: GET /session/e5d91353675ec9eb3e3a21469c7a5328/screenshot - {}
RESULT: {"script":"<script> [1562 bytes]","args":[{"selector":{"id":"application-manageresources-display-component---newResourceUnit--btnAddTimeSegment","interaction":{"idSuffix":"inner"}},"wdio_ui5_key":"applicationmanageresources-display-component---newResourceUnit--btnAddTimeSegment"}]}
RESULT: undefined
COMMAND: POST /session/e5d91353675ec9eb3e3a21469c7a5328/element - {"using":"xpath","value":"//*[@id=\"application-manageresources-display-component---newResourceUnit--btnAddTimeSegment\"]"}
RESULT: {}
RESULT: {"using":"xpath","value":"//*[@id=\"application-manageresources-display-component---newResourceUnit--btnAddTimeSegment\"]"}
COMMAND: POST /session/e5d91353675ec9eb3e3a21469c7a5328/element/f.C1E909D8719DE039BC4E21351344D585.d.EA761AFC5E18190F2856FFC4256B6A3B.e.3259/click - {}
RESULT: {}
COMMAND: GET /session/e5d91353675ec9eb3e3a21469c7a5328/screenshot - {}
RESULT: {}
COMMAND: POST /session/e5d91353675ec9eb3e3a21469c7a5328/element - {"using":"xpath","value":"//input[@id=\"application-manageresources-display-component---newResourceUnit--idRuTSAdmin-application-manageresources-display-component---newResourceUnit--RUTimeSegment-0-inner\"]"}
RESULT: {"using":"xpath","value":"//input[@id=\"application-manageresources-display-component---newResourceUnit--idRuTSAdmin-application-manageresources-display-component---newResourceUnit--RUTimeSegment-0-inner\"]"}
COMMAND: POST /session/e5d91353675ec9eb3e3a21469c7a5328/element/f.C1E909D8719DE039BC4E21351344D585.d.EA761AFC5E18190F2856FFC4256B6A3B.e.3265/clear - {}
RESULT: {}
COMMAND: POST /session/e5d91353675ec9eb3e3a21469c7a5328/element/f.C1E909D8719DE039BC4E21351344D585.d.EA761AFC5E18190F2856FFC4256B6A3B.e.3265/value - {"text":"511"}
COMMAND: GET /session/e5d91353675ec9eb3e3a21469c7a5328/screenshot - {}
RESULT: {"text":"511"}
COMMAND: GET /session/e5d91353675ec9eb3e3a21469c7a5328/screenshot - {}
RESULT: {}
RESULT: {}
COMMAND: POST /session/e5d91353675ec9eb3e3a21469c7a5328/element - {"using":"xpath","value":"//li[.//span[text()='511']]"}
RESULT: {"using":"xpath","value":"//li[.//span[text()='511']]"}
COMMAND: POST /session/e5d91353675ec9eb3e3a21469c7a5328/element/f.C1E909D8719DE039BC4E21351344D585.d.EA761AFC5E18190F2856FFC4256B6A3B.e.3279/click - {}
RESULT: {}
COMMAND: GET /session/e5d91353675ec9eb3e3a21469c7a5328/screenshot - {}
RESULT: {}
COMMAND: POST /session/e5d91353675ec9eb3e3a21469c7a5328/element - {"using":"xpath","value":"(//span[contains(@id, \"-application-manageresources-display-component---newResourceUnit--RUTimeSegment-0-arrow\")])[5]"}
RESULT: {"using":"xpath","value":"(//span[contains(@id, \"-application-manageresources-display-component---newResourceUnit--RUTimeSegment-0-arrow\")])[5]"}
COMMAND: POST /session/e5d91353675ec9eb3e3a21469c7a5328/element/f.C1E909D8719DE039BC4E21351344D585.d.EA761AFC5E18190F2856FFC4256B6A3B.e.3280/click - {}
RESULT: {}
COMMAND: GET /session/e5d91353675ec9eb3e3a21469c7a5328/screenshot - {}
RESULT: {}
COMMAND: POST /session/e5d91353675ec9eb3e3a21469c7a5328/element - {"using":"xpath","value":"//span[contains(text(), \"PM Order\")]"}
RESULT: {"using":"xpath","value":"//span[contains(text(), \"PM Order\")]"}
COMMAND: POST /session/e5d91353675ec9eb3e3a21469c7a5328/element/f.C1E909D8719DE039BC4E21351344D585.d.EA761AFC5E18190F2856FFC4256B6A3B.e.3281/click - {}
RESULT: {}
COMMAND: GET /session/e5d91353675ec9eb3e3a21469c7a5328/screenshot - {}
RESULT: {}
COMMAND: POST /session/e5d91353675ec9eb3e3a21469c7a5328/element - {"using":"xpath","value":"(//span[contains(@id ,\"manageresources-display-component---newResourceUnit--RUTimeSegment-0-vhi\")])[1]"}
RESULT: {"using":"xpath","value":"(//span[contains(@id ,\"manageresources-display-component---newResourceUnit--RUTimeSegment-0-vhi\")])[1]"}
COMMAND: GET /session/e5d91353675ec9eb3e3a21469c7a5328/element/f.C1E909D8719DE039BC4E21351344D585.d.EA761AFC5E18190F2856FFC4256B6A3B.e.3285/rect - {}
RESULT: {}
COMMAND: GET /session/e5d91353675ec9eb3e3a21469c7a5328/window/rect - {}
RESULT: {}
COMMAND: POST /session/e5d91353675ec9eb3e3a21469c7a5328/execute/sync - {"script":"<script> [92 bytes]","args":[]}
RESULT: {"script":"<script> [92 bytes]","args":[]}
COMMAND: POST /session/e5d91353675ec9eb3e3a21469c7a5328/actions - {"actions":[{"id":"action11","type":"wheel","parameters":{},"actions":[{"type":"scroll","x":-1888,"y":-24,"deltaX":0,"deltaY":0,"duration":0,"origin":{"element-6066-11e4-a52e-4f735466cecf":"f.C1E909D8719DE039BC4E21351344D585.d.EA761AFC5E18190F2856FFC4256B6A3B.e.3285"}}]}]}
COMMAND: GET /session/e5d91353675ec9eb3e3a21469c7a5328/screenshot - {}
RESULT: {}
COMMAND: POST /session/e5d91353675ec9eb3e3a21469c7a5328/execute/sync - {"script":"<script> [79 bytes]","args":[{"element-6066-11e4-a52e-4f735466cecf":"f.C1E909D8719DE039BC4E21351344D585.d.EA761AFC5E18190F2856FFC4256B6A3B.e.3285","ELEMENT":"f.C1E909D8719DE039BC4E21351344D585.d.EA761AFC5E18190F2856FFC4256B6A3B.e.3285"},{"block":"start","inline":"nearest"}]}
RESULT: {"script":"<script> [79 bytes]","args":[{"element-6066-11e4-a52e-4f735466cecf":"f.C1E909D8719DE039BC4E21351344D585.d.EA761AFC5E18190F2856FFC4256B6A3B.e.3285","ELEMENT":"f.C1E909D8719DE039BC4E21351344D585.d.EA761AFC5E18190F2856FFC4256B6A3B.e.3285"},{"block":"start","inline":"nearest"}]}
COMMAND: GET /session/e5d91353675ec9eb3e3a21469c7a5328/screenshot - {}
RESULT: {}
COMMAND: POST /session/e5d91353675ec9eb3e3a21469c7a5328/element/f.C1E909D8719DE039BC4E21351344D585.d.EA761AFC5E18190F2856FFC4256B6A3B.e.3285/click - {}
RESULT: {}
COMMAND: GET /session/e5d91353675ec9eb3e3a21469c7a5328/screenshot - {}
RESULT: {}
COMMAND: POST /session/e5d91353675ec9eb3e3a21469c7a5328/execute/async - {"script":"<script> [1562 bytes]","args":[{"selector":{"controlType":"sap.m.SearchField","properties":{"placeholder":"Search"},"searchOpenDialogs":true,"interaction":{"idSuffix":"I"}},"wdio_ui5_key":"sapm.SearchField{\"placeholder\":\"Search\"}"}]}
RESULT: {"script":"<script> [1562 bytes]","args":[{"selector":{"controlType":"sap.m.SearchField","properties":{"placeholder":"Search"},"searchOpenDialogs":true,"interaction":{"idSuffix":"I"}},"wdio_ui5_key":"sapm.SearchField{\"placeholder\":\"Search\"}"}]}
RESULT: undefined
COMMAND: POST /session/e5d91353675ec9eb3e3a21469c7a5328/execute/async - {"script":"<script> [776 bytes]","args":[{"enterText":"4000360","selector":{"controlType":"sap.m.SearchField","properties":{"placeholder":"Search"},"searchOpenDialogs":true,"interaction":{"idSuffix":"I"}},"clearTextFirst":true,"interactionType":"ENTER_TEXT"}]}
RESULT: {"script":"<script> [776 bytes]","args":[{"enterText":"4000360","selector":{"controlType":"sap.m.SearchField","properties":{"placeholder":"Search"},"searchOpenDialogs":true,"interaction":{"idSuffix":"I"}},"clearTextFirst":true,"interactionType":"ENTER_TEXT"}]}
COMMAND: POST /session/e5d91353675ec9eb3e3a21469c7a5328/actions - {"actions":[{"id":"action12","type":"key","parameters":{},"actions":[{"type":"keyDown","value":""},{"type":"pause","duration":10},{"type":"keyUp","value":""}]}]}
RESULT: {"actions":[{"id":"action12","type":"key","parameters":{},"actions":[{"type":"keyDown","value":""},{"type":"pause","duration":10},{"type":"keyUp","value":""}]}]}
COMMAND: GET /session/e5d91353675ec9eb3e3a21469c7a5328/screenshot - {}
RESULT: {}
COMMAND: POST /session/e5d91353675ec9eb3e3a21469c7a5328/element - {"using":"xpath","value":"//td/div/span[contains(text(), \"BGL Vehicles\")]"}
RESULT: {"using":"xpath","value":"//td/div/span[contains(text(), \"BGL Vehicles\")]"}
COMMAND: POST /session/e5d91353675ec9eb3e3a21469c7a5328/element/f.C1E909D8719DE039BC4E21351344D585.d.EA761AFC5E18190F2856FFC4256B6A3B.e.3307/click - {}
RESULT: {}
COMMAND: GET /session/e5d91353675ec9eb3e3a21469c7a5328/screenshot - {}
RESULT: {}
COMMAND: POST /session/e5d91353675ec9eb3e3a21469c7a5328/element - {"using":"xpath","value":"//bdi[contains(text(), \"OK\")]"}
RESULT: {"using":"xpath","value":"//bdi[contains(text(), \"OK\")]"}
COMMAND: POST /session/e5d91353675ec9eb3e3a21469c7a5328/element/f.C1E909D8719DE039BC4E21351344D585.d.EA761AFC5E18190F2856FFC4256B6A3B.e.3308/click - {}
RESULT: {}
COMMAND: GET /session/e5d91353675ec9eb3e3a21469c7a5328/screenshot - {}
RESULT: {}
COMMAND: POST /session/e5d91353675ec9eb3e3a21469c7a5328/element - {"using":"xpath","value":"//label[contains(@class, 'sapMLabelRequired') and .//bdi[contains(text(), 'Planned Retirement')]]"}
RESULT: {"using":"xpath","value":"//label[contains(@class, 'sapMLabelRequired') and .//bdi[contains(text(), 'Planned Retirement')]]"}
COMMAND: POST /session/e5d91353675ec9eb3e3a21469c7a5328/elements - {"using":"xpath","value":"//label[contains(@class, 'sapMLabelRequired') and .//bdi[contains(text(), 'Planned Retirement')]]"}
RESULT: {"using":"xpath","value":"//label[contains(@class, 'sapMLabelRequired') and .//bdi[contains(text(), 'Planned Retirement')]]"}
COMMAND: POST /session/e5d91353675ec9eb3e3a21469c7a5328/element - {"using":"xpath","value":"//button[@data-kt=\"resourceUnitSaveButton\"]"}
RESULT: {"using":"xpath","value":"//button[@data-kt=\"resourceUnitSaveButton\"]"}
COMMAND: POST /session/e5d91353675ec9eb3e3a21469c7a5328/element/f.C1E909D8719DE039BC4E21351344D585.d.EA761AFC5E18190F2856FFC4256B6A3B.e.3069/click - {}
RESULT: {}
COMMAND: GET /session/e5d91353675ec9eb3e3a21469c7a5328/screenshot - {}
RESULT: {}
COMMAND: POST /session/e5d91353675ec9eb3e3a21469c7a5328/element - {"using":"xpath","value":"//bdi[contains(text(), \"Close\")]"}
RESULT: {"using":"xpath","value":"//bdi[contains(text(), \"Close\")]"}
COMMAND: POST /session/e5d91353675ec9eb3e3a21469c7a5328/element/f.C1E909D8719DE039BC4E21351344D585.d.EA761AFC5E18190F2856FFC4256B6A3B.e.3314/click - {}
RESULT: {}
COMMAND: GET /session/e5d91353675ec9eb3e3a21469c7a5328/screenshot - {}
RESULT: {}
COMMAND: POST /session/e5d91353675ec9eb3e3a21469c7a5328/element - {"using":"xpath","value":"//header[contains(@id, 'detailRruPage-headerTitle')]/div[1]/div[2]/div[2]/span[1]"}
RESULT: {"using":"xpath","value":"//header[contains(@id, 'detailRruPage-headerTitle')]/div[1]/div[2]/div[2]/span[1]"}
COMMAND: POST /session/e5d91353675ec9eb3e3a21469c7a5328/elements - {"using":"xpath","value":"//header[contains(@id, 'detailRruPage-headerTitle')]/div[1]/div[2]/div[2]/span[1]"}
RESULT: {"using":"xpath","value":"//header[contains(@id, 'detailRruPage-headerTitle')]/div[1]/div[2]/div[2]/span[1]"}
COMMAND: POST /session/e5d91353675ec9eb3e3a21469c7a5328/execute/sync - {"script":"<script> [56 bytes]","args":[{"element-6066-11e4-a52e-4f735466cecf":"f.C1E909D8719DE039BC4E21351344D585.d.EA761AFC5E18190F2856FFC4256B6A3B.e.3345","ELEMENT":"f.C1E909D8719DE039BC4E21351344D585.d.EA761AFC5E18190F2856FFC4256B6A3B.e.3345"}]}
RESULT: {"script":"<script> [56 bytes]","args":[{"element-6066-11e4-a52e-4f735466cecf":"f.C1E909D8719DE039BC4E21351344D585.d.EA761AFC5E18190F2856FFC4256B6A3B.e.3345","ELEMENT":"f.C1E909D8719DE039BC4E21351344D585.d.EA761AFC5E18190F2856FFC4256B6A3B.e.3345"}]}
COMMAND: POST /session/e5d91353675ec9eb3e3a21469c7a5328/element - {"using":"css selector","value":"#shell-header-logo"}
COMMAND: GET /session/e5d91353675ec9eb3e3a21469c7a5328/screenshot - {}
RESULT: {"using":"css selector","value":"#shell-header-logo"}
COMMAND: POST /session/e5d91353675ec9eb3e3a21469c7a5328/element/f.C1E909D8719DE039BC4E21351344D585.d.EA761AFC5E18190F2856FFC4256B6A3B.e.2653/click - {}
RESULT: {}
RESULT: {}
COMMAND: GET /session/e5d91353675ec9eb3e3a21469c7a5328/screenshot - {}
RESULT: {}
]]></system-out>
    </testcase>
    <testcase classname="chrome.136_0_7103_93.windows.Tests_for_Mass_State_Change_on_Manage_States_&amp;_Performances_US104416_US" name="Prereq Should do stock increase" time="91.903">
      <failure/>
      <error message="Can't call click on element with selector &quot;//li[.//span[contains(text(),'511 -')]]&quot; because element wasn't found"/>
      <system-out><![CDATA[
COMMAND: POST /session/e5d91353675ec9eb3e3a21469c7a5328/execute/async - {"script":"<script> [1562 bytes]","args":[{"selector":{"controlType":"sap.m.GenericTile","properties":{"header":"Manage Handovers"}},"wdio_ui5_key":"sapm.GenericTile{\"header\":\"Manage Handovers\"}"}]}
RESULT: {"script":"<script> [1562 bytes]","args":[{"selector":{"controlType":"sap.m.GenericTile","properties":{"header":"Manage Handovers"}},"wdio_ui5_key":"sapm.GenericTile{\"header\":\"Manage Handovers\"}"}]}
RESULT: undefined
COMMAND: POST /session/e5d91353675ec9eb3e3a21469c7a5328/element - {"using":"xpath","value":"//*[@id=\"__tile131\"]"}
RESULT: {"using":"xpath","value":"//*[@id=\"__tile131\"]"}
COMMAND: POST /session/e5d91353675ec9eb3e3a21469c7a5328/element/f.C1E909D8719DE039BC4E21351344D585.d.EA761AFC5E18190F2856FFC4256B6A3B.e.2601/click - {}
RESULT: {}
COMMAND: GET /session/e5d91353675ec9eb3e3a21469c7a5328/screenshot - {}
RESULT: {}
COMMAND: POST /session/e5d91353675ec9eb3e3a21469c7a5328/elements - {"using":"xpath","value":"//span[text()='Error']"}
RESULT: {"using":"xpath","value":"//span[text()='Error']"}
COMMAND: POST /session/e5d91353675ec9eb3e3a21469c7a5328/element - {"using":"xpath","value":"//button[@data-kt=\"masterHOAddButton\"]"}
RESULT: {"using":"xpath","value":"//button[@data-kt=\"masterHOAddButton\"]"}
COMMAND: POST /session/e5d91353675ec9eb3e3a21469c7a5328/elements - {"using":"xpath","value":"//button[@data-kt=\"masterHOAddButton\"]"}
RESULT: {"using":"xpath","value":"//button[@data-kt=\"masterHOAddButton\"]"}
COMMAND: POST /session/e5d91353675ec9eb3e3a21469c7a5328/execute/sync - {"script":"<script> [8489 bytes]","args":[{"element-6066-11e4-a52e-4f735466cecf":"f.C1E909D8719DE039BC4E21351344D585.d.EA761AFC5E18190F2856FFC4256B6A3B.e.3386","ELEMENT":"f.C1E909D8719DE039BC4E21351344D585.d.EA761AFC5E18190F2856FFC4256B6A3B.e.3386"}]}
RESULT: {"script":"<script> [8489 bytes]","args":[{"element-6066-11e4-a52e-4f735466cecf":"f.C1E909D8719DE039BC4E21351344D585.d.EA761AFC5E18190F2856FFC4256B6A3B.e.3386","ELEMENT":"f.C1E909D8719DE039BC4E21351344D585.d.EA761AFC5E18190F2856FFC4256B6A3B.e.3386"}]}
COMMAND: GET /session/e5d91353675ec9eb3e3a21469c7a5328/element/f.C1E909D8719DE039BC4E21351344D585.d.EA761AFC5E18190F2856FFC4256B6A3B.e.3386/enabled - {}
COMMAND: GET /session/e5d91353675ec9eb3e3a21469c7a5328/screenshot - {}
RESULT: {}
COMMAND: POST /session/e5d91353675ec9eb3e3a21469c7a5328/execute/sync - {"script":"<script> [8489 bytes]","args":[{"element-6066-11e4-a52e-4f735466cecf":"f.C1E909D8719DE039BC4E21351344D585.d.EA761AFC5E18190F2856FFC4256B6A3B.e.3386","ELEMENT":"f.C1E909D8719DE039BC4E21351344D585.d.EA761AFC5E18190F2856FFC4256B6A3B.e.3386"}]}
COMMAND: GET /session/e5d91353675ec9eb3e3a21469c7a5328/screenshot - {}
RESULT: {}
RESULT: {"script":"<script> [8489 bytes]","args":[{"element-6066-11e4-a52e-4f735466cecf":"f.C1E909D8719DE039BC4E21351344D585.d.EA761AFC5E18190F2856FFC4256B6A3B.e.3386","ELEMENT":"f.C1E909D8719DE039BC4E21351344D585.d.EA761AFC5E18190F2856FFC4256B6A3B.e.3386"}]}
COMMAND: POST /session/e5d91353675ec9eb3e3a21469c7a5328/execute/sync - {"script":"<script> [5351 bytes]","args":[{"element-6066-11e4-a52e-4f735466cecf":"f.C1E909D8719DE039BC4E21351344D585.d.EA761AFC5E18190F2856FFC4256B6A3B.e.3386","ELEMENT":"f.C1E909D8719DE039BC4E21351344D585.d.EA761AFC5E18190F2856FFC4256B6A3B.e.3386"}]}
COMMAND: GET /session/e5d91353675ec9eb3e3a21469c7a5328/screenshot - {}
RESULT: {}
RESULT: {"script":"<script> [5351 bytes]","args":[{"element-6066-11e4-a52e-4f735466cecf":"f.C1E909D8719DE039BC4E21351344D585.d.EA761AFC5E18190F2856FFC4256B6A3B.e.3386","ELEMENT":"f.C1E909D8719DE039BC4E21351344D585.d.EA761AFC5E18190F2856FFC4256B6A3B.e.3386"}]}
COMMAND: POST /session/e5d91353675ec9eb3e3a21469c7a5328/element/f.C1E909D8719DE039BC4E21351344D585.d.EA761AFC5E18190F2856FFC4256B6A3B.e.3386/click - {}
COMMAND: GET /session/e5d91353675ec9eb3e3a21469c7a5328/screenshot - {}
RESULT: {}
RESULT: {}
COMMAND: GET /session/e5d91353675ec9eb3e3a21469c7a5328/screenshot - {}
RESULT: {}
COMMAND: POST /session/e5d91353675ec9eb3e3a21469c7a5328/element - {"using":"xpath","value":"//span[contains(@id ,\"AddNewHO--typeSelect-arrow\")]"}
RESULT: {}
RESULT: {"using":"xpath","value":"//span[contains(@id ,\"AddNewHO--typeSelect-arrow\")]"}
COMMAND: POST /session/e5d91353675ec9eb3e3a21469c7a5328/element/f.C1E909D8719DE039BC4E21351344D585.d.EA761AFC5E18190F2856FFC4256B6A3B.e.3740/click - {}
RESULT: {}
COMMAND: GET /session/e5d91353675ec9eb3e3a21469c7a5328/screenshot - {}
RESULT: {}
COMMAND: POST /session/e5d91353675ec9eb3e3a21469c7a5328/element - {"using":"xpath","value":"(//li[contains(text(), \"stock increase yard\")])[1]"}
RESULT: {"using":"xpath","value":"(//li[contains(text(), \"stock increase yard\")])[1]"}
COMMAND: POST /session/e5d91353675ec9eb3e3a21469c7a5328/element/f.C1E909D8719DE039BC4E21351344D585.d.EA761AFC5E18190F2856FFC4256B6A3B.e.3741/click - {}
RESULT: {}
COMMAND: GET /session/e5d91353675ec9eb3e3a21469c7a5328/screenshot - {}
RESULT: {}
COMMAND: POST /session/e5d91353675ec9eb3e3a21469c7a5328/execute/async - {"script":"<script> [1562 bytes]","args":[{"selector":{"id":"application-managehandovers-display-component---AddNewHO--dueDate","interaction":{"idSuffix":"inner"}},"wdio_ui5_key":"applicationmanagehandovers-display-component---AddNewHO--dueDate"}]}
RESULT: {"script":"<script> [1562 bytes]","args":[{"selector":{"id":"application-managehandovers-display-component---AddNewHO--dueDate","interaction":{"idSuffix":"inner"}},"wdio_ui5_key":"applicationmanagehandovers-display-component---AddNewHO--dueDate"}]}
RESULT: undefined
COMMAND: POST /session/e5d91353675ec9eb3e3a21469c7a5328/execute/async - {"script":"<script> [6424 bytes]","args":[{"element-6066-11e4-a52e-4f735466cecf":"f.C1E909D8719DE039BC4E21351344D585.d.EA761AFC5E18190F2856FFC4256B6A3B.e.3743"},"setValue",["5/30/25"]]}
RESULT: {"script":"<script> [6424 bytes]","args":[{"element-6066-11e4-a52e-4f735466cecf":"f.C1E909D8719DE039BC4E21351344D585.d.EA761AFC5E18190F2856FFC4256B6A3B.e.3743"},"setValue",["5/30/25"]]}
COMMAND: POST /session/e5d91353675ec9eb3e3a21469c7a5328/element - {"using":"xpath","value":"//input[@id=\"generalSectionFrg--receiveYard-inner\"]"}
RESULT: {"using":"xpath","value":"//input[@id=\"generalSectionFrg--receiveYard-inner\"]"}
COMMAND: POST /session/e5d91353675ec9eb3e3a21469c7a5328/element/f.C1E909D8719DE039BC4E21351344D585.d.EA761AFC5E18190F2856FFC4256B6A3B.e.3749/clear - {}
RESULT: {}
COMMAND: POST /session/e5d91353675ec9eb3e3a21469c7a5328/element/f.C1E909D8719DE039BC4E21351344D585.d.EA761AFC5E18190F2856FFC4256B6A3B.e.3749/value - {"text":"511"}
COMMAND: GET /session/e5d91353675ec9eb3e3a21469c7a5328/screenshot - {}
RESULT: {"text":"511"}
COMMAND: GET /session/e5d91353675ec9eb3e3a21469c7a5328/screenshot - {}
RESULT: {}
RESULT: {}
COMMAND: POST /session/e5d91353675ec9eb3e3a21469c7a5328/element - {"using":"xpath","value":"//li[.//span[contains(text(),'511 -')]]"}
RESULT: {"using":"xpath","value":"//li[.//span[contains(text(),'511 -')]]"}
COMMAND: POST /session/e5d91353675ec9eb3e3a21469c7a5328/elements - {"using":"xpath","value":"//li[.//span[contains(text(),'511 -')]]"}
RESULT: {"using":"xpath","value":"//li[.//span[contains(text(),'511 -')]]"}
COMMAND: POST /session/e5d91353675ec9eb3e3a21469c7a5328/elements - {"using":"xpath","value":"//li[.//span[contains(text(),'511 -')]]"}
RESULT: {"using":"xpath","value":"//li[.//span[contains(text(),'511 -')]]"}
COMMAND: POST /session/e5d91353675ec9eb3e3a21469c7a5328/elements - {"using":"xpath","value":"//li[.//span[contains(text(),'511 -')]]"}
RESULT: {"using":"xpath","value":"//li[.//span[contains(text(),'511 -')]]"}
COMMAND: POST /session/e5d91353675ec9eb3e3a21469c7a5328/elements - {"using":"xpath","value":"//li[.//span[contains(text(),'511 -')]]"}
RESULT: {"using":"xpath","value":"//li[.//span[contains(text(),'511 -')]]"}
COMMAND: POST /session/e5d91353675ec9eb3e3a21469c7a5328/elements - {"using":"xpath","value":"//li[.//span[contains(text(),'511 -')]]"}
RESULT: {"using":"xpath","value":"//li[.//span[contains(text(),'511 -')]]"}
COMMAND: POST /session/e5d91353675ec9eb3e3a21469c7a5328/elements - {"using":"xpath","value":"//li[.//span[contains(text(),'511 -')]]"}
RESULT: {"using":"xpath","value":"//li[.//span[contains(text(),'511 -')]]"}
COMMAND: POST /session/e5d91353675ec9eb3e3a21469c7a5328/elements - {"using":"xpath","value":"//li[.//span[contains(text(),'511 -')]]"}
RESULT: {"using":"xpath","value":"//li[.//span[contains(text(),'511 -')]]"}
COMMAND: POST /session/e5d91353675ec9eb3e3a21469c7a5328/elements - {"using":"xpath","value":"//li[.//span[contains(text(),'511 -')]]"}
RESULT: {"using":"xpath","value":"//li[.//span[contains(text(),'511 -')]]"}
COMMAND: POST /session/e5d91353675ec9eb3e3a21469c7a5328/elements - {"using":"xpath","value":"//li[.//span[contains(text(),'511 -')]]"}
RESULT: {"using":"xpath","value":"//li[.//span[contains(text(),'511 -')]]"}
COMMAND: POST /session/e5d91353675ec9eb3e3a21469c7a5328/elements - {"using":"xpath","value":"//li[.//span[contains(text(),'511 -')]]"}
RESULT: {"using":"xpath","value":"//li[.//span[contains(text(),'511 -')]]"}
COMMAND: POST /session/e5d91353675ec9eb3e3a21469c7a5328/elements - {"using":"xpath","value":"//li[.//span[contains(text(),'511 -')]]"}
RESULT: {"using":"xpath","value":"//li[.//span[contains(text(),'511 -')]]"}
COMMAND: POST /session/e5d91353675ec9eb3e3a21469c7a5328/elements - {"using":"xpath","value":"//li[.//span[contains(text(),'511 -')]]"}
RESULT: {"using":"xpath","value":"//li[.//span[contains(text(),'511 -')]]"}
COMMAND: POST /session/e5d91353675ec9eb3e3a21469c7a5328/elements - {"using":"xpath","value":"//li[.//span[contains(text(),'511 -')]]"}
RESULT: {"using":"xpath","value":"//li[.//span[contains(text(),'511 -')]]"}
COMMAND: POST /session/e5d91353675ec9eb3e3a21469c7a5328/elements - {"using":"xpath","value":"//li[.//span[contains(text(),'511 -')]]"}
RESULT: {"using":"xpath","value":"//li[.//span[contains(text(),'511 -')]]"}
COMMAND: POST /session/e5d91353675ec9eb3e3a21469c7a5328/elements - {"using":"xpath","value":"//li[.//span[contains(text(),'511 -')]]"}
RESULT: {"using":"xpath","value":"//li[.//span[contains(text(),'511 -')]]"}
COMMAND: POST /session/e5d91353675ec9eb3e3a21469c7a5328/elements - {"using":"xpath","value":"//li[.//span[contains(text(),'511 -')]]"}
RESULT: {"using":"xpath","value":"//li[.//span[contains(text(),'511 -')]]"}
COMMAND: POST /session/e5d91353675ec9eb3e3a21469c7a5328/elements - {"using":"xpath","value":"//li[.//span[contains(text(),'511 -')]]"}
RESULT: {"using":"xpath","value":"//li[.//span[contains(text(),'511 -')]]"}
COMMAND: POST /session/e5d91353675ec9eb3e3a21469c7a5328/elements - {"using":"xpath","value":"//li[.//span[contains(text(),'511 -')]]"}
RESULT: {"using":"xpath","value":"//li[.//span[contains(text(),'511 -')]]"}
COMMAND: POST /session/e5d91353675ec9eb3e3a21469c7a5328/elements - {"using":"xpath","value":"//li[.//span[contains(text(),'511 -')]]"}
RESULT: {"using":"xpath","value":"//li[.//span[contains(text(),'511 -')]]"}
COMMAND: POST /session/e5d91353675ec9eb3e3a21469c7a5328/elements - {"using":"xpath","value":"//li[.//span[contains(text(),'511 -')]]"}
RESULT: {"using":"xpath","value":"//li[.//span[contains(text(),'511 -')]]"}
COMMAND: POST /session/e5d91353675ec9eb3e3a21469c7a5328/elements - {"using":"xpath","value":"//li[.//span[contains(text(),'511 -')]]"}
RESULT: {"using":"xpath","value":"//li[.//span[contains(text(),'511 -')]]"}
COMMAND: POST /session/e5d91353675ec9eb3e3a21469c7a5328/elements - {"using":"xpath","value":"//li[.//span[contains(text(),'511 -')]]"}
RESULT: {"using":"xpath","value":"//li[.//span[contains(text(),'511 -')]]"}
COMMAND: POST /session/e5d91353675ec9eb3e3a21469c7a5328/elements - {"using":"xpath","value":"//li[.//span[contains(text(),'511 -')]]"}
RESULT: {"using":"xpath","value":"//li[.//span[contains(text(),'511 -')]]"}
COMMAND: POST /session/e5d91353675ec9eb3e3a21469c7a5328/elements - {"using":"xpath","value":"//li[.//span[contains(text(),'511 -')]]"}
RESULT: {"using":"xpath","value":"//li[.//span[contains(text(),'511 -')]]"}
COMMAND: POST /session/e5d91353675ec9eb3e3a21469c7a5328/elements - {"using":"xpath","value":"//li[.//span[contains(text(),'511 -')]]"}
RESULT: {"using":"xpath","value":"//li[.//span[contains(text(),'511 -')]]"}
COMMAND: POST /session/e5d91353675ec9eb3e3a21469c7a5328/elements - {"using":"xpath","value":"//li[.//span[contains(text(),'511 -')]]"}
RESULT: {"using":"xpath","value":"//li[.//span[contains(text(),'511 -')]]"}
COMMAND: POST /session/e5d91353675ec9eb3e3a21469c7a5328/elements - {"using":"xpath","value":"//li[.//span[contains(text(),'511 -')]]"}
RESULT: {"using":"xpath","value":"//li[.//span[contains(text(),'511 -')]]"}
COMMAND: POST /session/e5d91353675ec9eb3e3a21469c7a5328/elements - {"using":"xpath","value":"//li[.//span[contains(text(),'511 -')]]"}
RESULT: {"using":"xpath","value":"//li[.//span[contains(text(),'511 -')]]"}
COMMAND: POST /session/e5d91353675ec9eb3e3a21469c7a5328/elements - {"using":"xpath","value":"//li[.//span[contains(text(),'511 -')]]"}
RESULT: {"using":"xpath","value":"//li[.//span[contains(text(),'511 -')]]"}
COMMAND: POST /session/e5d91353675ec9eb3e3a21469c7a5328/elements - {"using":"xpath","value":"//li[.//span[contains(text(),'511 -')]]"}
RESULT: {"using":"xpath","value":"//li[.//span[contains(text(),'511 -')]]"}
COMMAND: POST /session/e5d91353675ec9eb3e3a21469c7a5328/elements - {"using":"xpath","value":"//li[.//span[contains(text(),'511 -')]]"}
RESULT: {"using":"xpath","value":"//li[.//span[contains(text(),'511 -')]]"}
COMMAND: POST /session/e5d91353675ec9eb3e3a21469c7a5328/elements - {"using":"xpath","value":"//li[.//span[contains(text(),'511 -')]]"}
RESULT: {"using":"xpath","value":"//li[.//span[contains(text(),'511 -')]]"}
COMMAND: POST /session/e5d91353675ec9eb3e3a21469c7a5328/elements - {"using":"xpath","value":"//li[.//span[contains(text(),'511 -')]]"}
RESULT: {"using":"xpath","value":"//li[.//span[contains(text(),'511 -')]]"}
COMMAND: POST /session/e5d91353675ec9eb3e3a21469c7a5328/elements - {"using":"xpath","value":"//li[.//span[contains(text(),'511 -')]]"}
RESULT: {"using":"xpath","value":"//li[.//span[contains(text(),'511 -')]]"}
COMMAND: POST /session/e5d91353675ec9eb3e3a21469c7a5328/elements - {"using":"xpath","value":"//li[.//span[contains(text(),'511 -')]]"}
RESULT: {"using":"xpath","value":"//li[.//span[contains(text(),'511 -')]]"}
COMMAND: POST /session/e5d91353675ec9eb3e3a21469c7a5328/elements - {"using":"xpath","value":"//li[.//span[contains(text(),'511 -')]]"}
RESULT: {"using":"xpath","value":"//li[.//span[contains(text(),'511 -')]]"}
COMMAND: POST /session/e5d91353675ec9eb3e3a21469c7a5328/elements - {"using":"xpath","value":"//li[.//span[contains(text(),'511 -')]]"}
RESULT: {"using":"xpath","value":"//li[.//span[contains(text(),'511 -')]]"}
COMMAND: POST /session/e5d91353675ec9eb3e3a21469c7a5328/elements - {"using":"xpath","value":"//li[.//span[contains(text(),'511 -')]]"}
RESULT: {"using":"xpath","value":"//li[.//span[contains(text(),'511 -')]]"}
COMMAND: POST /session/e5d91353675ec9eb3e3a21469c7a5328/elements - {"using":"xpath","value":"//li[.//span[contains(text(),'511 -')]]"}
RESULT: {"using":"xpath","value":"//li[.//span[contains(text(),'511 -')]]"}
COMMAND: POST /session/e5d91353675ec9eb3e3a21469c7a5328/elements - {"using":"xpath","value":"//li[.//span[contains(text(),'511 -')]]"}
RESULT: {"using":"xpath","value":"//li[.//span[contains(text(),'511 -')]]"}
COMMAND: POST /session/e5d91353675ec9eb3e3a21469c7a5328/elements - {"using":"xpath","value":"//li[.//span[contains(text(),'511 -')]]"}
RESULT: {"using":"xpath","value":"//li[.//span[contains(text(),'511 -')]]"}
COMMAND: POST /session/e5d91353675ec9eb3e3a21469c7a5328/elements - {"using":"xpath","value":"//li[.//span[contains(text(),'511 -')]]"}
RESULT: {"using":"xpath","value":"//li[.//span[contains(text(),'511 -')]]"}
COMMAND: POST /session/e5d91353675ec9eb3e3a21469c7a5328/elements - {"using":"xpath","value":"//li[.//span[contains(text(),'511 -')]]"}
RESULT: {"using":"xpath","value":"//li[.//span[contains(text(),'511 -')]]"}
COMMAND: POST /session/e5d91353675ec9eb3e3a21469c7a5328/elements - {"using":"xpath","value":"//li[.//span[contains(text(),'511 -')]]"}
RESULT: {"using":"xpath","value":"//li[.//span[contains(text(),'511 -')]]"}
COMMAND: POST /session/e5d91353675ec9eb3e3a21469c7a5328/elements - {"using":"xpath","value":"//li[.//span[contains(text(),'511 -')]]"}
RESULT: {"using":"xpath","value":"//li[.//span[contains(text(),'511 -')]]"}
COMMAND: POST /session/e5d91353675ec9eb3e3a21469c7a5328/elements - {"using":"xpath","value":"//li[.//span[contains(text(),'511 -')]]"}
RESULT: {"using":"xpath","value":"//li[.//span[contains(text(),'511 -')]]"}
COMMAND: POST /session/e5d91353675ec9eb3e3a21469c7a5328/elements - {"using":"xpath","value":"//li[.//span[contains(text(),'511 -')]]"}
RESULT: {"using":"xpath","value":"//li[.//span[contains(text(),'511 -')]]"}
COMMAND: POST /session/e5d91353675ec9eb3e3a21469c7a5328/elements - {"using":"xpath","value":"//li[.//span[contains(text(),'511 -')]]"}
RESULT: {"using":"xpath","value":"//li[.//span[contains(text(),'511 -')]]"}
COMMAND: POST /session/e5d91353675ec9eb3e3a21469c7a5328/elements - {"using":"xpath","value":"//li[.//span[contains(text(),'511 -')]]"}
RESULT: {"using":"xpath","value":"//li[.//span[contains(text(),'511 -')]]"}
COMMAND: POST /session/e5d91353675ec9eb3e3a21469c7a5328/elements - {"using":"xpath","value":"//li[.//span[contains(text(),'511 -')]]"}
RESULT: {"using":"xpath","value":"//li[.//span[contains(text(),'511 -')]]"}
COMMAND: POST /session/e5d91353675ec9eb3e3a21469c7a5328/elements - {"using":"xpath","value":"//li[.//span[contains(text(),'511 -')]]"}
RESULT: {"using":"xpath","value":"//li[.//span[contains(text(),'511 -')]]"}
COMMAND: POST /session/e5d91353675ec9eb3e3a21469c7a5328/elements - {"using":"xpath","value":"//li[.//span[contains(text(),'511 -')]]"}
RESULT: {"using":"xpath","value":"//li[.//span[contains(text(),'511 -')]]"}
COMMAND: POST /session/e5d91353675ec9eb3e3a21469c7a5328/elements - {"using":"xpath","value":"//li[.//span[contains(text(),'511 -')]]"}
RESULT: {"using":"xpath","value":"//li[.//span[contains(text(),'511 -')]]"}
COMMAND: POST /session/e5d91353675ec9eb3e3a21469c7a5328/elements - {"using":"xpath","value":"//li[.//span[contains(text(),'511 -')]]"}
RESULT: {"using":"xpath","value":"//li[.//span[contains(text(),'511 -')]]"}
COMMAND: POST /session/e5d91353675ec9eb3e3a21469c7a5328/elements - {"using":"xpath","value":"//li[.//span[contains(text(),'511 -')]]"}
RESULT: {"using":"xpath","value":"//li[.//span[contains(text(),'511 -')]]"}
COMMAND: POST /session/e5d91353675ec9eb3e3a21469c7a5328/elements - {"using":"xpath","value":"//li[.//span[contains(text(),'511 -')]]"}
RESULT: {"using":"xpath","value":"//li[.//span[contains(text(),'511 -')]]"}
COMMAND: POST /session/e5d91353675ec9eb3e3a21469c7a5328/elements - {"using":"xpath","value":"//li[.//span[contains(text(),'511 -')]]"}
RESULT: {"using":"xpath","value":"//li[.//span[contains(text(),'511 -')]]"}
COMMAND: POST /session/e5d91353675ec9eb3e3a21469c7a5328/elements - {"using":"xpath","value":"//li[.//span[contains(text(),'511 -')]]"}
RESULT: {"using":"xpath","value":"//li[.//span[contains(text(),'511 -')]]"}
COMMAND: POST /session/e5d91353675ec9eb3e3a21469c7a5328/elements - {"using":"xpath","value":"//li[.//span[contains(text(),'511 -')]]"}
RESULT: {"using":"xpath","value":"//li[.//span[contains(text(),'511 -')]]"}
COMMAND: POST /session/e5d91353675ec9eb3e3a21469c7a5328/elements - {"using":"xpath","value":"//li[.//span[contains(text(),'511 -')]]"}
RESULT: {"using":"xpath","value":"//li[.//span[contains(text(),'511 -')]]"}
COMMAND: POST /session/e5d91353675ec9eb3e3a21469c7a5328/elements - {"using":"xpath","value":"//li[.//span[contains(text(),'511 -')]]"}
RESULT: {"using":"xpath","value":"//li[.//span[contains(text(),'511 -')]]"}
COMMAND: POST /session/e5d91353675ec9eb3e3a21469c7a5328/elements - {"using":"xpath","value":"//li[.//span[contains(text(),'511 -')]]"}
RESULT: {"using":"xpath","value":"//li[.//span[contains(text(),'511 -')]]"}
COMMAND: POST /session/e5d91353675ec9eb3e3a21469c7a5328/elements - {"using":"xpath","value":"//li[.//span[contains(text(),'511 -')]]"}
RESULT: {"using":"xpath","value":"//li[.//span[contains(text(),'511 -')]]"}
COMMAND: POST /session/e5d91353675ec9eb3e3a21469c7a5328/elements - {"using":"xpath","value":"//li[.//span[contains(text(),'511 -')]]"}
RESULT: {"using":"xpath","value":"//li[.//span[contains(text(),'511 -')]]"}
COMMAND: POST /session/e5d91353675ec9eb3e3a21469c7a5328/elements - {"using":"xpath","value":"//li[.//span[contains(text(),'511 -')]]"}
RESULT: {"using":"xpath","value":"//li[.//span[contains(text(),'511 -')]]"}
COMMAND: POST /session/e5d91353675ec9eb3e3a21469c7a5328/elements - {"using":"xpath","value":"//li[.//span[contains(text(),'511 -')]]"}
RESULT: {"using":"xpath","value":"//li[.//span[contains(text(),'511 -')]]"}
COMMAND: POST /session/e5d91353675ec9eb3e3a21469c7a5328/elements - {"using":"xpath","value":"//li[.//span[contains(text(),'511 -')]]"}
RESULT: {"using":"xpath","value":"//li[.//span[contains(text(),'511 -')]]"}
COMMAND: POST /session/e5d91353675ec9eb3e3a21469c7a5328/elements - {"using":"xpath","value":"//li[.//span[contains(text(),'511 -')]]"}
RESULT: {"using":"xpath","value":"//li[.//span[contains(text(),'511 -')]]"}
COMMAND: POST /session/e5d91353675ec9eb3e3a21469c7a5328/elements - {"using":"xpath","value":"//li[.//span[contains(text(),'511 -')]]"}
RESULT: {"using":"xpath","value":"//li[.//span[contains(text(),'511 -')]]"}
COMMAND: POST /session/e5d91353675ec9eb3e3a21469c7a5328/elements - {"using":"xpath","value":"//li[.//span[contains(text(),'511 -')]]"}
RESULT: {"using":"xpath","value":"//li[.//span[contains(text(),'511 -')]]"}
COMMAND: POST /session/e5d91353675ec9eb3e3a21469c7a5328/elements - {"using":"xpath","value":"//li[.//span[contains(text(),'511 -')]]"}
RESULT: {"using":"xpath","value":"//li[.//span[contains(text(),'511 -')]]"}
COMMAND: POST /session/e5d91353675ec9eb3e3a21469c7a5328/elements - {"using":"xpath","value":"//li[.//span[contains(text(),'511 -')]]"}
RESULT: {"using":"xpath","value":"//li[.//span[contains(text(),'511 -')]]"}
COMMAND: POST /session/e5d91353675ec9eb3e3a21469c7a5328/elements - {"using":"xpath","value":"//li[.//span[contains(text(),'511 -')]]"}
RESULT: {"using":"xpath","value":"//li[.//span[contains(text(),'511 -')]]"}
COMMAND: POST /session/e5d91353675ec9eb3e3a21469c7a5328/elements - {"using":"xpath","value":"//li[.//span[contains(text(),'511 -')]]"}
RESULT: {"using":"xpath","value":"//li[.//span[contains(text(),'511 -')]]"}
COMMAND: POST /session/e5d91353675ec9eb3e3a21469c7a5328/elements - {"using":"xpath","value":"//li[.//span[contains(text(),'511 -')]]"}
RESULT: {"using":"xpath","value":"//li[.//span[contains(text(),'511 -')]]"}
COMMAND: POST /session/e5d91353675ec9eb3e3a21469c7a5328/elements - {"using":"xpath","value":"//li[.//span[contains(text(),'511 -')]]"}
RESULT: {"using":"xpath","value":"//li[.//span[contains(text(),'511 -')]]"}
COMMAND: POST /session/e5d91353675ec9eb3e3a21469c7a5328/elements - {"using":"xpath","value":"//li[.//span[contains(text(),'511 -')]]"}
RESULT: {"using":"xpath","value":"//li[.//span[contains(text(),'511 -')]]"}
COMMAND: POST /session/e5d91353675ec9eb3e3a21469c7a5328/elements - {"using":"xpath","value":"//li[.//span[contains(text(),'511 -')]]"}
RESULT: {"using":"xpath","value":"//li[.//span[contains(text(),'511 -')]]"}
COMMAND: POST /session/e5d91353675ec9eb3e3a21469c7a5328/elements - {"using":"xpath","value":"//li[.//span[contains(text(),'511 -')]]"}
RESULT: {"using":"xpath","value":"//li[.//span[contains(text(),'511 -')]]"}
COMMAND: POST /session/e5d91353675ec9eb3e3a21469c7a5328/elements - {"using":"xpath","value":"//li[.//span[contains(text(),'511 -')]]"}
RESULT: {"using":"xpath","value":"//li[.//span[contains(text(),'511 -')]]"}
COMMAND: POST /session/e5d91353675ec9eb3e3a21469c7a5328/elements - {"using":"xpath","value":"//li[.//span[contains(text(),'511 -')]]"}
RESULT: {"using":"xpath","value":"//li[.//span[contains(text(),'511 -')]]"}
COMMAND: POST /session/e5d91353675ec9eb3e3a21469c7a5328/elements - {"using":"xpath","value":"//li[.//span[contains(text(),'511 -')]]"}
RESULT: {"using":"xpath","value":"//li[.//span[contains(text(),'511 -')]]"}
COMMAND: POST /session/e5d91353675ec9eb3e3a21469c7a5328/elements - {"using":"xpath","value":"//li[.//span[contains(text(),'511 -')]]"}
RESULT: {"using":"xpath","value":"//li[.//span[contains(text(),'511 -')]]"}
COMMAND: POST /session/e5d91353675ec9eb3e3a21469c7a5328/elements - {"using":"xpath","value":"//li[.//span[contains(text(),'511 -')]]"}
RESULT: {"using":"xpath","value":"//li[.//span[contains(text(),'511 -')]]"}
COMMAND: POST /session/e5d91353675ec9eb3e3a21469c7a5328/elements - {"using":"xpath","value":"//li[.//span[contains(text(),'511 -')]]"}
RESULT: {"using":"xpath","value":"//li[.//span[contains(text(),'511 -')]]"}
COMMAND: POST /session/e5d91353675ec9eb3e3a21469c7a5328/elements - {"using":"xpath","value":"//li[.//span[contains(text(),'511 -')]]"}
RESULT: {"using":"xpath","value":"//li[.//span[contains(text(),'511 -')]]"}
COMMAND: POST /session/e5d91353675ec9eb3e3a21469c7a5328/elements - {"using":"xpath","value":"//li[.//span[contains(text(),'511 -')]]"}
RESULT: {"using":"xpath","value":"//li[.//span[contains(text(),'511 -')]]"}
COMMAND: POST /session/e5d91353675ec9eb3e3a21469c7a5328/elements - {"using":"xpath","value":"//li[.//span[contains(text(),'511 -')]]"}
RESULT: {"using":"xpath","value":"//li[.//span[contains(text(),'511 -')]]"}
COMMAND: POST /session/e5d91353675ec9eb3e3a21469c7a5328/elements - {"using":"xpath","value":"//li[.//span[contains(text(),'511 -')]]"}
RESULT: {"using":"xpath","value":"//li[.//span[contains(text(),'511 -')]]"}
COMMAND: POST /session/e5d91353675ec9eb3e3a21469c7a5328/elements - {"using":"xpath","value":"//li[.//span[contains(text(),'511 -')]]"}
RESULT: {"using":"xpath","value":"//li[.//span[contains(text(),'511 -')]]"}
COMMAND: POST /session/e5d91353675ec9eb3e3a21469c7a5328/elements - {"using":"xpath","value":"//li[.//span[contains(text(),'511 -')]]"}
RESULT: {"using":"xpath","value":"//li[.//span[contains(text(),'511 -')]]"}
COMMAND: POST /session/e5d91353675ec9eb3e3a21469c7a5328/elements - {"using":"xpath","value":"//li[.//span[contains(text(),'511 -')]]"}
RESULT: {"using":"xpath","value":"//li[.//span[contains(text(),'511 -')]]"}
COMMAND: POST /session/e5d91353675ec9eb3e3a21469c7a5328/elements - {"using":"xpath","value":"//li[.//span[contains(text(),'511 -')]]"}
RESULT: {"using":"xpath","value":"//li[.//span[contains(text(),'511 -')]]"}
COMMAND: POST /session/e5d91353675ec9eb3e3a21469c7a5328/elements - {"using":"xpath","value":"//li[.//span[contains(text(),'511 -')]]"}
RESULT: {"using":"xpath","value":"//li[.//span[contains(text(),'511 -')]]"}
COMMAND: POST /session/e5d91353675ec9eb3e3a21469c7a5328/elements - {"using":"xpath","value":"//li[.//span[contains(text(),'511 -')]]"}
RESULT: {"using":"xpath","value":"//li[.//span[contains(text(),'511 -')]]"}
COMMAND: POST /session/e5d91353675ec9eb3e3a21469c7a5328/elements - {"using":"xpath","value":"//li[.//span[contains(text(),'511 -')]]"}
RESULT: {"using":"xpath","value":"//li[.//span[contains(text(),'511 -')]]"}
COMMAND: POST /session/e5d91353675ec9eb3e3a21469c7a5328/elements - {"using":"xpath","value":"//li[.//span[contains(text(),'511 -')]]"}
RESULT: {"using":"xpath","value":"//li[.//span[contains(text(),'511 -')]]"}
COMMAND: POST /session/e5d91353675ec9eb3e3a21469c7a5328/elements - {"using":"xpath","value":"//li[.//span[contains(text(),'511 -')]]"}
RESULT: {"using":"xpath","value":"//li[.//span[contains(text(),'511 -')]]"}
COMMAND: POST /session/e5d91353675ec9eb3e3a21469c7a5328/elements - {"using":"xpath","value":"//li[.//span[contains(text(),'511 -')]]"}
RESULT: {"using":"xpath","value":"//li[.//span[contains(text(),'511 -')]]"}
COMMAND: POST /session/e5d91353675ec9eb3e3a21469c7a5328/elements - {"using":"xpath","value":"//li[.//span[contains(text(),'511 -')]]"}
RESULT: {"using":"xpath","value":"//li[.//span[contains(text(),'511 -')]]"}
COMMAND: POST /session/e5d91353675ec9eb3e3a21469c7a5328/elements - {"using":"xpath","value":"//li[.//span[contains(text(),'511 -')]]"}
RESULT: {"using":"xpath","value":"//li[.//span[contains(text(),'511 -')]]"}
COMMAND: POST /session/e5d91353675ec9eb3e3a21469c7a5328/elements - {"using":"xpath","value":"//li[.//span[contains(text(),'511 -')]]"}
RESULT: {"using":"xpath","value":"//li[.//span[contains(text(),'511 -')]]"}
COMMAND: POST /session/e5d91353675ec9eb3e3a21469c7a5328/elements - {"using":"xpath","value":"//li[.//span[contains(text(),'511 -')]]"}
RESULT: {"using":"xpath","value":"//li[.//span[contains(text(),'511 -')]]"}
COMMAND: POST /session/e5d91353675ec9eb3e3a21469c7a5328/elements - {"using":"xpath","value":"//li[.//span[contains(text(),'511 -')]]"}
RESULT: {"using":"xpath","value":"//li[.//span[contains(text(),'511 -')]]"}
COMMAND: POST /session/e5d91353675ec9eb3e3a21469c7a5328/elements - {"using":"xpath","value":"//li[.//span[contains(text(),'511 -')]]"}
RESULT: {"using":"xpath","value":"//li[.//span[contains(text(),'511 -')]]"}
COMMAND: POST /session/e5d91353675ec9eb3e3a21469c7a5328/elements - {"using":"xpath","value":"//li[.//span[contains(text(),'511 -')]]"}
RESULT: {"using":"xpath","value":"//li[.//span[contains(text(),'511 -')]]"}
COMMAND: POST /session/e5d91353675ec9eb3e3a21469c7a5328/elements - {"using":"xpath","value":"//li[.//span[contains(text(),'511 -')]]"}
RESULT: {"using":"xpath","value":"//li[.//span[contains(text(),'511 -')]]"}
COMMAND: POST /session/e5d91353675ec9eb3e3a21469c7a5328/elements - {"using":"xpath","value":"//li[.//span[contains(text(),'511 -')]]"}
RESULT: {"using":"xpath","value":"//li[.//span[contains(text(),'511 -')]]"}
COMMAND: POST /session/e5d91353675ec9eb3e3a21469c7a5328/elements - {"using":"xpath","value":"//li[.//span[contains(text(),'511 -')]]"}
RESULT: {"using":"xpath","value":"//li[.//span[contains(text(),'511 -')]]"}
COMMAND: POST /session/e5d91353675ec9eb3e3a21469c7a5328/elements - {"using":"xpath","value":"//li[.//span[contains(text(),'511 -')]]"}
RESULT: {"using":"xpath","value":"//li[.//span[contains(text(),'511 -')]]"}
COMMAND: POST /session/e5d91353675ec9eb3e3a21469c7a5328/elements - {"using":"xpath","value":"//li[.//span[contains(text(),'511 -')]]"}
RESULT: {"using":"xpath","value":"//li[.//span[contains(text(),'511 -')]]"}
COMMAND: POST /session/e5d91353675ec9eb3e3a21469c7a5328/elements - {"using":"xpath","value":"//li[.//span[contains(text(),'511 -')]]"}
RESULT: {"using":"xpath","value":"//li[.//span[contains(text(),'511 -')]]"}
COMMAND: POST /session/e5d91353675ec9eb3e3a21469c7a5328/elements - {"using":"xpath","value":"//li[.//span[contains(text(),'511 -')]]"}
RESULT: {"using":"xpath","value":"//li[.//span[contains(text(),'511 -')]]"}
COMMAND: POST /session/e5d91353675ec9eb3e3a21469c7a5328/elements - {"using":"xpath","value":"//li[.//span[contains(text(),'511 -')]]"}
RESULT: {"using":"xpath","value":"//li[.//span[contains(text(),'511 -')]]"}
COMMAND: POST /session/e5d91353675ec9eb3e3a21469c7a5328/elements - {"using":"xpath","value":"//li[.//span[contains(text(),'511 -')]]"}
RESULT: {"using":"xpath","value":"//li[.//span[contains(text(),'511 -')]]"}
COMMAND: POST /session/e5d91353675ec9eb3e3a21469c7a5328/elements - {"using":"xpath","value":"//li[.//span[contains(text(),'511 -')]]"}
RESULT: {"using":"xpath","value":"//li[.//span[contains(text(),'511 -')]]"}
COMMAND: POST /session/e5d91353675ec9eb3e3a21469c7a5328/elements - {"using":"xpath","value":"//li[.//span[contains(text(),'511 -')]]"}
RESULT: {"using":"xpath","value":"//li[.//span[contains(text(),'511 -')]]"}
COMMAND: POST /session/e5d91353675ec9eb3e3a21469c7a5328/elements - {"using":"xpath","value":"//li[.//span[contains(text(),'511 -')]]"}
RESULT: {"using":"xpath","value":"//li[.//span[contains(text(),'511 -')]]"}
COMMAND: POST /session/e5d91353675ec9eb3e3a21469c7a5328/elements - {"using":"xpath","value":"//li[.//span[contains(text(),'511 -')]]"}
RESULT: {"using":"xpath","value":"//li[.//span[contains(text(),'511 -')]]"}
COMMAND: POST /session/e5d91353675ec9eb3e3a21469c7a5328/elements - {"using":"xpath","value":"//li[.//span[contains(text(),'511 -')]]"}
RESULT: {"using":"xpath","value":"//li[.//span[contains(text(),'511 -')]]"}
COMMAND: POST /session/e5d91353675ec9eb3e3a21469c7a5328/elements - {"using":"xpath","value":"//li[.//span[contains(text(),'511 -')]]"}
COMMAND: GET /session/e5d91353675ec9eb3e3a21469c7a5328/screenshot - {}
RESULT: {"using":"xpath","value":"//li[.//span[contains(text(),'511 -')]]"}
RESULT: {}
]]></system-out>
      <system-err><![CDATA[
Error: Can't call click on element with selector "//li[.//span[contains(text(),'511 -')]]" because element wasn't found
    at async UtilsPrerequisites.stockIncrease (D:\a\1\s\test\specs\BTS\prerequisites-and-utils-functions.js:1638:9)
    at async Context.<anonymous> (D:\a\1\s\test\specs\HTR\create-mass-state-change.spec.js:52:9)
]]></system-err>
    </testcase>
    <testcase classname="chrome.136_0_7103_93.windows.Tests_for_Mass_State_Change_on_Manage_States_&amp;_Performances_US104416_US" name="Prereq Should create a new contract" time="60.415">
      <failure/>
      <error message="element (&quot;//button[@data-kt=&quot;addButton&quot;]&quot;) still not existing after 45000ms"/>
      <system-out><![CDATA[
COMMAND: POST /session/e5d91353675ec9eb3e3a21469c7a5328/execute/async - {"script":"<script> [1562 bytes]","args":[{"selector":{"controlType":"sap.m.GenericTile","properties":{"header":"Manage Contracts"}},"wdio_ui5_key":"sapm.GenericTile{\"header\":\"Manage Contracts\"}"}]}
COMMAND: GET /session/e5d91353675ec9eb3e3a21469c7a5328/screenshot - {}
RESULT: {"script":"<script> [1562 bytes]","args":[{"selector":{"controlType":"sap.m.GenericTile","properties":{"header":"Manage Contracts"}},"wdio_ui5_key":"sapm.GenericTile{\"header\":\"Manage Contracts\"}"}]}
RESULT: undefined
RESULT: {}
COMMAND: POST /session/e5d91353675ec9eb3e3a21469c7a5328/elements - {"using":"xpath","value":"//span[text()='Error']"}
RESULT: {"using":"xpath","value":"//span[text()='Error']"}
COMMAND: POST /session/e5d91353675ec9eb3e3a21469c7a5328/element - {"using":"xpath","value":"//button[@data-kt=\"addButton\"]"}
RESULT: {"using":"xpath","value":"//button[@data-kt=\"addButton\"]"}
COMMAND: POST /session/e5d91353675ec9eb3e3a21469c7a5328/elements - {"using":"xpath","value":"//button[@data-kt=\"addButton\"]"}
RESULT: {"using":"xpath","value":"//button[@data-kt=\"addButton\"]"}
COMMAND: POST /session/e5d91353675ec9eb3e3a21469c7a5328/elements - {"using":"xpath","value":"//button[@data-kt=\"addButton\"]"}
RESULT: {"using":"xpath","value":"//button[@data-kt=\"addButton\"]"}
COMMAND: POST /session/e5d91353675ec9eb3e3a21469c7a5328/elements - {"using":"xpath","value":"//button[@data-kt=\"addButton\"]"}
RESULT: {"using":"xpath","value":"//button[@data-kt=\"addButton\"]"}
COMMAND: POST /session/e5d91353675ec9eb3e3a21469c7a5328/elements - {"using":"xpath","value":"//button[@data-kt=\"addButton\"]"}
RESULT: {"using":"xpath","value":"//button[@data-kt=\"addButton\"]"}
COMMAND: POST /session/e5d91353675ec9eb3e3a21469c7a5328/elements - {"using":"xpath","value":"//button[@data-kt=\"addButton\"]"}
RESULT: {"using":"xpath","value":"//button[@data-kt=\"addButton\"]"}
COMMAND: POST /session/e5d91353675ec9eb3e3a21469c7a5328/elements - {"using":"xpath","value":"//button[@data-kt=\"addButton\"]"}
RESULT: {"using":"xpath","value":"//button[@data-kt=\"addButton\"]"}
COMMAND: POST /session/e5d91353675ec9eb3e3a21469c7a5328/elements - {"using":"xpath","value":"//button[@data-kt=\"addButton\"]"}
RESULT: {"using":"xpath","value":"//button[@data-kt=\"addButton\"]"}
COMMAND: POST /session/e5d91353675ec9eb3e3a21469c7a5328/elements - {"using":"xpath","value":"//button[@data-kt=\"addButton\"]"}
RESULT: {"using":"xpath","value":"//button[@data-kt=\"addButton\"]"}
COMMAND: POST /session/e5d91353675ec9eb3e3a21469c7a5328/elements - {"using":"xpath","value":"//button[@data-kt=\"addButton\"]"}
RESULT: {"using":"xpath","value":"//button[@data-kt=\"addButton\"]"}
COMMAND: POST /session/e5d91353675ec9eb3e3a21469c7a5328/elements - {"using":"xpath","value":"//button[@data-kt=\"addButton\"]"}
RESULT: {"using":"xpath","value":"//button[@data-kt=\"addButton\"]"}
COMMAND: POST /session/e5d91353675ec9eb3e3a21469c7a5328/elements - {"using":"xpath","value":"//button[@data-kt=\"addButton\"]"}
RESULT: {"using":"xpath","value":"//button[@data-kt=\"addButton\"]"}
COMMAND: POST /session/e5d91353675ec9eb3e3a21469c7a5328/elements - {"using":"xpath","value":"//button[@data-kt=\"addButton\"]"}
RESULT: {"using":"xpath","value":"//button[@data-kt=\"addButton\"]"}
COMMAND: POST /session/e5d91353675ec9eb3e3a21469c7a5328/elements - {"using":"xpath","value":"//button[@data-kt=\"addButton\"]"}
RESULT: {"using":"xpath","value":"//button[@data-kt=\"addButton\"]"}
COMMAND: POST /session/e5d91353675ec9eb3e3a21469c7a5328/elements - {"using":"xpath","value":"//button[@data-kt=\"addButton\"]"}
RESULT: {"using":"xpath","value":"//button[@data-kt=\"addButton\"]"}
COMMAND: POST /session/e5d91353675ec9eb3e3a21469c7a5328/elements - {"using":"xpath","value":"//button[@data-kt=\"addButton\"]"}
RESULT: {"using":"xpath","value":"//button[@data-kt=\"addButton\"]"}
COMMAND: POST /session/e5d91353675ec9eb3e3a21469c7a5328/elements - {"using":"xpath","value":"//button[@data-kt=\"addButton\"]"}
RESULT: {"using":"xpath","value":"//button[@data-kt=\"addButton\"]"}
COMMAND: POST /session/e5d91353675ec9eb3e3a21469c7a5328/elements - {"using":"xpath","value":"//button[@data-kt=\"addButton\"]"}
RESULT: {"using":"xpath","value":"//button[@data-kt=\"addButton\"]"}
COMMAND: POST /session/e5d91353675ec9eb3e3a21469c7a5328/elements - {"using":"xpath","value":"//button[@data-kt=\"addButton\"]"}
RESULT: {"using":"xpath","value":"//button[@data-kt=\"addButton\"]"}
COMMAND: POST /session/e5d91353675ec9eb3e3a21469c7a5328/elements - {"using":"xpath","value":"//button[@data-kt=\"addButton\"]"}
RESULT: {"using":"xpath","value":"//button[@data-kt=\"addButton\"]"}
COMMAND: POST /session/e5d91353675ec9eb3e3a21469c7a5328/elements - {"using":"xpath","value":"//button[@data-kt=\"addButton\"]"}
RESULT: {"using":"xpath","value":"//button[@data-kt=\"addButton\"]"}
COMMAND: POST /session/e5d91353675ec9eb3e3a21469c7a5328/elements - {"using":"xpath","value":"//button[@data-kt=\"addButton\"]"}
RESULT: {"using":"xpath","value":"//button[@data-kt=\"addButton\"]"}
COMMAND: POST /session/e5d91353675ec9eb3e3a21469c7a5328/elements - {"using":"xpath","value":"//button[@data-kt=\"addButton\"]"}
RESULT: {"using":"xpath","value":"//button[@data-kt=\"addButton\"]"}
COMMAND: POST /session/e5d91353675ec9eb3e3a21469c7a5328/elements - {"using":"xpath","value":"//button[@data-kt=\"addButton\"]"}
RESULT: {"using":"xpath","value":"//button[@data-kt=\"addButton\"]"}
COMMAND: POST /session/e5d91353675ec9eb3e3a21469c7a5328/elements - {"using":"xpath","value":"//button[@data-kt=\"addButton\"]"}
RESULT: {"using":"xpath","value":"//button[@data-kt=\"addButton\"]"}
COMMAND: POST /session/e5d91353675ec9eb3e3a21469c7a5328/elements - {"using":"xpath","value":"//button[@data-kt=\"addButton\"]"}
RESULT: {"using":"xpath","value":"//button[@data-kt=\"addButton\"]"}
COMMAND: POST /session/e5d91353675ec9eb3e3a21469c7a5328/elements - {"using":"xpath","value":"//button[@data-kt=\"addButton\"]"}
RESULT: {"using":"xpath","value":"//button[@data-kt=\"addButton\"]"}
COMMAND: POST /session/e5d91353675ec9eb3e3a21469c7a5328/elements - {"using":"xpath","value":"//button[@data-kt=\"addButton\"]"}
RESULT: {"using":"xpath","value":"//button[@data-kt=\"addButton\"]"}
COMMAND: POST /session/e5d91353675ec9eb3e3a21469c7a5328/elements - {"using":"xpath","value":"//button[@data-kt=\"addButton\"]"}
RESULT: {"using":"xpath","value":"//button[@data-kt=\"addButton\"]"}
COMMAND: POST /session/e5d91353675ec9eb3e3a21469c7a5328/elements - {"using":"xpath","value":"//button[@data-kt=\"addButton\"]"}
RESULT: {"using":"xpath","value":"//button[@data-kt=\"addButton\"]"}
COMMAND: POST /session/e5d91353675ec9eb3e3a21469c7a5328/elements - {"using":"xpath","value":"//button[@data-kt=\"addButton\"]"}
RESULT: {"using":"xpath","value":"//button[@data-kt=\"addButton\"]"}
COMMAND: POST /session/e5d91353675ec9eb3e3a21469c7a5328/elements - {"using":"xpath","value":"//button[@data-kt=\"addButton\"]"}
RESULT: {"using":"xpath","value":"//button[@data-kt=\"addButton\"]"}
COMMAND: POST /session/e5d91353675ec9eb3e3a21469c7a5328/elements - {"using":"xpath","value":"//button[@data-kt=\"addButton\"]"}
RESULT: {"using":"xpath","value":"//button[@data-kt=\"addButton\"]"}
COMMAND: POST /session/e5d91353675ec9eb3e3a21469c7a5328/elements - {"using":"xpath","value":"//button[@data-kt=\"addButton\"]"}
RESULT: {"using":"xpath","value":"//button[@data-kt=\"addButton\"]"}
COMMAND: POST /session/e5d91353675ec9eb3e3a21469c7a5328/elements - {"using":"xpath","value":"//button[@data-kt=\"addButton\"]"}
RESULT: {"using":"xpath","value":"//button[@data-kt=\"addButton\"]"}
COMMAND: POST /session/e5d91353675ec9eb3e3a21469c7a5328/elements - {"using":"xpath","value":"//button[@data-kt=\"addButton\"]"}
RESULT: {"using":"xpath","value":"//button[@data-kt=\"addButton\"]"}
COMMAND: POST /session/e5d91353675ec9eb3e3a21469c7a5328/elements - {"using":"xpath","value":"//button[@data-kt=\"addButton\"]"}
RESULT: {"using":"xpath","value":"//button[@data-kt=\"addButton\"]"}
COMMAND: POST /session/e5d91353675ec9eb3e3a21469c7a5328/elements - {"using":"xpath","value":"//button[@data-kt=\"addButton\"]"}
RESULT: {"using":"xpath","value":"//button[@data-kt=\"addButton\"]"}
COMMAND: POST /session/e5d91353675ec9eb3e3a21469c7a5328/elements - {"using":"xpath","value":"//button[@data-kt=\"addButton\"]"}
RESULT: {"using":"xpath","value":"//button[@data-kt=\"addButton\"]"}
COMMAND: POST /session/e5d91353675ec9eb3e3a21469c7a5328/elements - {"using":"xpath","value":"//button[@data-kt=\"addButton\"]"}
RESULT: {"using":"xpath","value":"//button[@data-kt=\"addButton\"]"}
COMMAND: POST /session/e5d91353675ec9eb3e3a21469c7a5328/elements - {"using":"xpath","value":"//button[@data-kt=\"addButton\"]"}
RESULT: {"using":"xpath","value":"//button[@data-kt=\"addButton\"]"}
COMMAND: POST /session/e5d91353675ec9eb3e3a21469c7a5328/elements - {"using":"xpath","value":"//button[@data-kt=\"addButton\"]"}
RESULT: {"using":"xpath","value":"//button[@data-kt=\"addButton\"]"}
COMMAND: POST /session/e5d91353675ec9eb3e3a21469c7a5328/elements - {"using":"xpath","value":"//button[@data-kt=\"addButton\"]"}
RESULT: {"using":"xpath","value":"//button[@data-kt=\"addButton\"]"}
COMMAND: POST /session/e5d91353675ec9eb3e3a21469c7a5328/elements - {"using":"xpath","value":"//button[@data-kt=\"addButton\"]"}
RESULT: {"using":"xpath","value":"//button[@data-kt=\"addButton\"]"}
COMMAND: POST /session/e5d91353675ec9eb3e3a21469c7a5328/elements - {"using":"xpath","value":"//button[@data-kt=\"addButton\"]"}
RESULT: {"using":"xpath","value":"//button[@data-kt=\"addButton\"]"}
COMMAND: POST /session/e5d91353675ec9eb3e3a21469c7a5328/elements - {"using":"xpath","value":"//button[@data-kt=\"addButton\"]"}
RESULT: {"using":"xpath","value":"//button[@data-kt=\"addButton\"]"}
COMMAND: POST /session/e5d91353675ec9eb3e3a21469c7a5328/elements - {"using":"xpath","value":"//button[@data-kt=\"addButton\"]"}
RESULT: {"using":"xpath","value":"//button[@data-kt=\"addButton\"]"}
COMMAND: POST /session/e5d91353675ec9eb3e3a21469c7a5328/elements - {"using":"xpath","value":"//button[@data-kt=\"addButton\"]"}
RESULT: {"using":"xpath","value":"//button[@data-kt=\"addButton\"]"}
COMMAND: POST /session/e5d91353675ec9eb3e3a21469c7a5328/elements - {"using":"xpath","value":"//button[@data-kt=\"addButton\"]"}
RESULT: {"using":"xpath","value":"//button[@data-kt=\"addButton\"]"}
COMMAND: POST /session/e5d91353675ec9eb3e3a21469c7a5328/elements - {"using":"xpath","value":"//button[@data-kt=\"addButton\"]"}
RESULT: {"using":"xpath","value":"//button[@data-kt=\"addButton\"]"}
COMMAND: POST /session/e5d91353675ec9eb3e3a21469c7a5328/elements - {"using":"xpath","value":"//button[@data-kt=\"addButton\"]"}
RESULT: {"using":"xpath","value":"//button[@data-kt=\"addButton\"]"}
COMMAND: POST /session/e5d91353675ec9eb3e3a21469c7a5328/elements - {"using":"xpath","value":"//button[@data-kt=\"addButton\"]"}
RESULT: {"using":"xpath","value":"//button[@data-kt=\"addButton\"]"}
COMMAND: POST /session/e5d91353675ec9eb3e3a21469c7a5328/elements - {"using":"xpath","value":"//button[@data-kt=\"addButton\"]"}
RESULT: {"using":"xpath","value":"//button[@data-kt=\"addButton\"]"}
COMMAND: POST /session/e5d91353675ec9eb3e3a21469c7a5328/elements - {"using":"xpath","value":"//button[@data-kt=\"addButton\"]"}
RESULT: {"using":"xpath","value":"//button[@data-kt=\"addButton\"]"}
COMMAND: POST /session/e5d91353675ec9eb3e3a21469c7a5328/elements - {"using":"xpath","value":"//button[@data-kt=\"addButton\"]"}
RESULT: {"using":"xpath","value":"//button[@data-kt=\"addButton\"]"}
COMMAND: POST /session/e5d91353675ec9eb3e3a21469c7a5328/elements - {"using":"xpath","value":"//button[@data-kt=\"addButton\"]"}
RESULT: {"using":"xpath","value":"//button[@data-kt=\"addButton\"]"}
COMMAND: POST /session/e5d91353675ec9eb3e3a21469c7a5328/elements - {"using":"xpath","value":"//button[@data-kt=\"addButton\"]"}
RESULT: {"using":"xpath","value":"//button[@data-kt=\"addButton\"]"}
COMMAND: POST /session/e5d91353675ec9eb3e3a21469c7a5328/elements - {"using":"xpath","value":"//button[@data-kt=\"addButton\"]"}
RESULT: {"using":"xpath","value":"//button[@data-kt=\"addButton\"]"}
COMMAND: POST /session/e5d91353675ec9eb3e3a21469c7a5328/elements - {"using":"xpath","value":"//button[@data-kt=\"addButton\"]"}
RESULT: {"using":"xpath","value":"//button[@data-kt=\"addButton\"]"}
COMMAND: POST /session/e5d91353675ec9eb3e3a21469c7a5328/elements - {"using":"xpath","value":"//button[@data-kt=\"addButton\"]"}
RESULT: {"using":"xpath","value":"//button[@data-kt=\"addButton\"]"}
COMMAND: POST /session/e5d91353675ec9eb3e3a21469c7a5328/elements - {"using":"xpath","value":"//button[@data-kt=\"addButton\"]"}
RESULT: {"using":"xpath","value":"//button[@data-kt=\"addButton\"]"}
COMMAND: POST /session/e5d91353675ec9eb3e3a21469c7a5328/elements - {"using":"xpath","value":"//button[@data-kt=\"addButton\"]"}
RESULT: {"using":"xpath","value":"//button[@data-kt=\"addButton\"]"}
COMMAND: POST /session/e5d91353675ec9eb3e3a21469c7a5328/elements - {"using":"xpath","value":"//button[@data-kt=\"addButton\"]"}
RESULT: {"using":"xpath","value":"//button[@data-kt=\"addButton\"]"}
COMMAND: POST /session/e5d91353675ec9eb3e3a21469c7a5328/elements - {"using":"xpath","value":"//button[@data-kt=\"addButton\"]"}
RESULT: {"using":"xpath","value":"//button[@data-kt=\"addButton\"]"}
COMMAND: POST /session/e5d91353675ec9eb3e3a21469c7a5328/elements - {"using":"xpath","value":"//button[@data-kt=\"addButton\"]"}
RESULT: {"using":"xpath","value":"//button[@data-kt=\"addButton\"]"}
COMMAND: POST /session/e5d91353675ec9eb3e3a21469c7a5328/elements - {"using":"xpath","value":"//button[@data-kt=\"addButton\"]"}
RESULT: {"using":"xpath","value":"//button[@data-kt=\"addButton\"]"}
COMMAND: POST /session/e5d91353675ec9eb3e3a21469c7a5328/elements - {"using":"xpath","value":"//button[@data-kt=\"addButton\"]"}
RESULT: {"using":"xpath","value":"//button[@data-kt=\"addButton\"]"}
COMMAND: POST /session/e5d91353675ec9eb3e3a21469c7a5328/elements - {"using":"xpath","value":"//button[@data-kt=\"addButton\"]"}
RESULT: {"using":"xpath","value":"//button[@data-kt=\"addButton\"]"}
COMMAND: POST /session/e5d91353675ec9eb3e3a21469c7a5328/elements - {"using":"xpath","value":"//button[@data-kt=\"addButton\"]"}
RESULT: {"using":"xpath","value":"//button[@data-kt=\"addButton\"]"}
COMMAND: POST /session/e5d91353675ec9eb3e3a21469c7a5328/elements - {"using":"xpath","value":"//button[@data-kt=\"addButton\"]"}
RESULT: {"using":"xpath","value":"//button[@data-kt=\"addButton\"]"}
COMMAND: POST /session/e5d91353675ec9eb3e3a21469c7a5328/elements - {"using":"xpath","value":"//button[@data-kt=\"addButton\"]"}
RESULT: {"using":"xpath","value":"//button[@data-kt=\"addButton\"]"}
COMMAND: POST /session/e5d91353675ec9eb3e3a21469c7a5328/elements - {"using":"xpath","value":"//button[@data-kt=\"addButton\"]"}
RESULT: {"using":"xpath","value":"//button[@data-kt=\"addButton\"]"}
COMMAND: POST /session/e5d91353675ec9eb3e3a21469c7a5328/elements - {"using":"xpath","value":"//button[@data-kt=\"addButton\"]"}
RESULT: {"using":"xpath","value":"//button[@data-kt=\"addButton\"]"}
COMMAND: POST /session/e5d91353675ec9eb3e3a21469c7a5328/elements - {"using":"xpath","value":"//button[@data-kt=\"addButton\"]"}
RESULT: {"using":"xpath","value":"//button[@data-kt=\"addButton\"]"}
COMMAND: POST /session/e5d91353675ec9eb3e3a21469c7a5328/elements - {"using":"xpath","value":"//button[@data-kt=\"addButton\"]"}
RESULT: {"using":"xpath","value":"//button[@data-kt=\"addButton\"]"}
COMMAND: POST /session/e5d91353675ec9eb3e3a21469c7a5328/elements - {"using":"xpath","value":"//button[@data-kt=\"addButton\"]"}
RESULT: {"using":"xpath","value":"//button[@data-kt=\"addButton\"]"}
COMMAND: POST /session/e5d91353675ec9eb3e3a21469c7a5328/elements - {"using":"xpath","value":"//button[@data-kt=\"addButton\"]"}
RESULT: {"using":"xpath","value":"//button[@data-kt=\"addButton\"]"}
COMMAND: POST /session/e5d91353675ec9eb3e3a21469c7a5328/elements - {"using":"xpath","value":"//button[@data-kt=\"addButton\"]"}
RESULT: {"using":"xpath","value":"//button[@data-kt=\"addButton\"]"}
COMMAND: POST /session/e5d91353675ec9eb3e3a21469c7a5328/elements - {"using":"xpath","value":"//button[@data-kt=\"addButton\"]"}
RESULT: {"using":"xpath","value":"//button[@data-kt=\"addButton\"]"}
COMMAND: POST /session/e5d91353675ec9eb3e3a21469c7a5328/elements - {"using":"xpath","value":"//button[@data-kt=\"addButton\"]"}
RESULT: {"using":"xpath","value":"//button[@data-kt=\"addButton\"]"}
COMMAND: POST /session/e5d91353675ec9eb3e3a21469c7a5328/elements - {"using":"xpath","value":"//button[@data-kt=\"addButton\"]"}
RESULT: {"using":"xpath","value":"//button[@data-kt=\"addButton\"]"}
COMMAND: POST /session/e5d91353675ec9eb3e3a21469c7a5328/elements - {"using":"xpath","value":"//button[@data-kt=\"addButton\"]"}
RESULT: {"using":"xpath","value":"//button[@data-kt=\"addButton\"]"}
COMMAND: POST /session/e5d91353675ec9eb3e3a21469c7a5328/elements - {"using":"xpath","value":"//button[@data-kt=\"addButton\"]"}
RESULT: {"using":"xpath","value":"//button[@data-kt=\"addButton\"]"}
COMMAND: POST /session/e5d91353675ec9eb3e3a21469c7a5328/elements - {"using":"xpath","value":"//button[@data-kt=\"addButton\"]"}
RESULT: {"using":"xpath","value":"//button[@data-kt=\"addButton\"]"}
COMMAND: POST /session/e5d91353675ec9eb3e3a21469c7a5328/elements - {"using":"xpath","value":"//button[@data-kt=\"addButton\"]"}
RESULT: {"using":"xpath","value":"//button[@data-kt=\"addButton\"]"}
COMMAND: POST /session/e5d91353675ec9eb3e3a21469c7a5328/elements - {"using":"xpath","value":"//button[@data-kt=\"addButton\"]"}
RESULT: {"using":"xpath","value":"//button[@data-kt=\"addButton\"]"}
COMMAND: POST /session/e5d91353675ec9eb3e3a21469c7a5328/elements - {"using":"xpath","value":"//button[@data-kt=\"addButton\"]"}
RESULT: {"using":"xpath","value":"//button[@data-kt=\"addButton\"]"}
COMMAND: POST /session/e5d91353675ec9eb3e3a21469c7a5328/elements - {"using":"xpath","value":"//button[@data-kt=\"addButton\"]"}
RESULT: {"using":"xpath","value":"//button[@data-kt=\"addButton\"]"}
COMMAND: POST /session/e5d91353675ec9eb3e3a21469c7a5328/elements - {"using":"xpath","value":"//button[@data-kt=\"addButton\"]"}
RESULT: {"using":"xpath","value":"//button[@data-kt=\"addButton\"]"}
COMMAND: POST /session/e5d91353675ec9eb3e3a21469c7a5328/elements - {"using":"xpath","value":"//button[@data-kt=\"addButton\"]"}
RESULT: {"using":"xpath","value":"//button[@data-kt=\"addButton\"]"}
COMMAND: POST /session/e5d91353675ec9eb3e3a21469c7a5328/elements - {"using":"xpath","value":"//button[@data-kt=\"addButton\"]"}
RESULT: {"using":"xpath","value":"//button[@data-kt=\"addButton\"]"}
COMMAND: GET /session/e5d91353675ec9eb3e3a21469c7a5328/screenshot - {}
RESULT: {}
]]></system-out>
      <system-err><![CDATA[
Error: element ("//button[@data-kt="addButton"]") still not existing after 45000ms
    at async UtilsPrerequisites.contractCreation (D:\a\1\s\test\specs\BTS\prerequisites-and-utils-functions.js:1741:9)
    at async Context.<anonymous> (D:\a\1\s\test\specs\HTR\create-mass-state-change.spec.js:57:43)
]]></system-err>
    </testcase>
    <testcase classname="chrome.136_0_7103_93.windows.Tests_for_Mass_State_Change_on_Manage_States_&amp;_Performances_US104416_US" name="Prereq Should add created equipment to contract but to have the item 2 days earlier" time="60.552">
      <failure/>
      <error message="Can't call click on element with selector &quot;//button[@data-kt=&quot;contractDetailEditBtnButton&quot;]&quot; because element wasn't found"/>
      <system-out><![CDATA[
COMMAND: POST /session/e5d91353675ec9eb3e3a21469c7a5328/element - {"using":"xpath","value":"//button[@data-kt=\"contractDetailEditBtnButton\"]"}
COMMAND: GET /session/e5d91353675ec9eb3e3a21469c7a5328/screenshot - {}
RESULT: {"using":"xpath","value":"//button[@data-kt=\"contractDetailEditBtnButton\"]"}
COMMAND: POST /session/e5d91353675ec9eb3e3a21469c7a5328/elements - {"using":"xpath","value":"//button[@data-kt=\"contractDetailEditBtnButton\"]"}
RESULT: {}
RESULT: {"using":"xpath","value":"//button[@data-kt=\"contractDetailEditBtnButton\"]"}
COMMAND: POST /session/e5d91353675ec9eb3e3a21469c7a5328/elements - {"using":"xpath","value":"//button[@data-kt=\"contractDetailEditBtnButton\"]"}
RESULT: {"using":"xpath","value":"//button[@data-kt=\"contractDetailEditBtnButton\"]"}
COMMAND: POST /session/e5d91353675ec9eb3e3a21469c7a5328/elements - {"using":"xpath","value":"//button[@data-kt=\"contractDetailEditBtnButton\"]"}
RESULT: {"using":"xpath","value":"//button[@data-kt=\"contractDetailEditBtnButton\"]"}
COMMAND: POST /session/e5d91353675ec9eb3e3a21469c7a5328/elements - {"using":"xpath","value":"//button[@data-kt=\"contractDetailEditBtnButton\"]"}
RESULT: {"using":"xpath","value":"//button[@data-kt=\"contractDetailEditBtnButton\"]"}
COMMAND: POST /session/e5d91353675ec9eb3e3a21469c7a5328/elements - {"using":"xpath","value":"//button[@data-kt=\"contractDetailEditBtnButton\"]"}
RESULT: {"using":"xpath","value":"//button[@data-kt=\"contractDetailEditBtnButton\"]"}
COMMAND: POST /session/e5d91353675ec9eb3e3a21469c7a5328/elements - {"using":"xpath","value":"//button[@data-kt=\"contractDetailEditBtnButton\"]"}
RESULT: {"using":"xpath","value":"//button[@data-kt=\"contractDetailEditBtnButton\"]"}
COMMAND: POST /session/e5d91353675ec9eb3e3a21469c7a5328/elements - {"using":"xpath","value":"//button[@data-kt=\"contractDetailEditBtnButton\"]"}
RESULT: {"using":"xpath","value":"//button[@data-kt=\"contractDetailEditBtnButton\"]"}
COMMAND: POST /session/e5d91353675ec9eb3e3a21469c7a5328/elements - {"using":"xpath","value":"//button[@data-kt=\"contractDetailEditBtnButton\"]"}
RESULT: {"using":"xpath","value":"//button[@data-kt=\"contractDetailEditBtnButton\"]"}
COMMAND: POST /session/e5d91353675ec9eb3e3a21469c7a5328/elements - {"using":"xpath","value":"//button[@data-kt=\"contractDetailEditBtnButton\"]"}
RESULT: {"using":"xpath","value":"//button[@data-kt=\"contractDetailEditBtnButton\"]"}
COMMAND: POST /session/e5d91353675ec9eb3e3a21469c7a5328/elements - {"using":"xpath","value":"//button[@data-kt=\"contractDetailEditBtnButton\"]"}
RESULT: {"using":"xpath","value":"//button[@data-kt=\"contractDetailEditBtnButton\"]"}
COMMAND: POST /session/e5d91353675ec9eb3e3a21469c7a5328/elements - {"using":"xpath","value":"//button[@data-kt=\"contractDetailEditBtnButton\"]"}
RESULT: {"using":"xpath","value":"//button[@data-kt=\"contractDetailEditBtnButton\"]"}
COMMAND: POST /session/e5d91353675ec9eb3e3a21469c7a5328/elements - {"using":"xpath","value":"//button[@data-kt=\"contractDetailEditBtnButton\"]"}
RESULT: {"using":"xpath","value":"//button[@data-kt=\"contractDetailEditBtnButton\"]"}
COMMAND: POST /session/e5d91353675ec9eb3e3a21469c7a5328/elements - {"using":"xpath","value":"//button[@data-kt=\"contractDetailEditBtnButton\"]"}
RESULT: {"using":"xpath","value":"//button[@data-kt=\"contractDetailEditBtnButton\"]"}
COMMAND: POST /session/e5d91353675ec9eb3e3a21469c7a5328/elements - {"using":"xpath","value":"//button[@data-kt=\"contractDetailEditBtnButton\"]"}
RESULT: {"using":"xpath","value":"//button[@data-kt=\"contractDetailEditBtnButton\"]"}
COMMAND: POST /session/e5d91353675ec9eb3e3a21469c7a5328/elements - {"using":"xpath","value":"//button[@data-kt=\"contractDetailEditBtnButton\"]"}
RESULT: {"using":"xpath","value":"//button[@data-kt=\"contractDetailEditBtnButton\"]"}
COMMAND: POST /session/e5d91353675ec9eb3e3a21469c7a5328/elements - {"using":"xpath","value":"//button[@data-kt=\"contractDetailEditBtnButton\"]"}
RESULT: {"using":"xpath","value":"//button[@data-kt=\"contractDetailEditBtnButton\"]"}
COMMAND: POST /session/e5d91353675ec9eb3e3a21469c7a5328/elements - {"using":"xpath","value":"//button[@data-kt=\"contractDetailEditBtnButton\"]"}
RESULT: {"using":"xpath","value":"//button[@data-kt=\"contractDetailEditBtnButton\"]"}
COMMAND: POST /session/e5d91353675ec9eb3e3a21469c7a5328/elements - {"using":"xpath","value":"//button[@data-kt=\"contractDetailEditBtnButton\"]"}
RESULT: {"using":"xpath","value":"//button[@data-kt=\"contractDetailEditBtnButton\"]"}
COMMAND: POST /session/e5d91353675ec9eb3e3a21469c7a5328/elements - {"using":"xpath","value":"//button[@data-kt=\"contractDetailEditBtnButton\"]"}
RESULT: {"using":"xpath","value":"//button[@data-kt=\"contractDetailEditBtnButton\"]"}
COMMAND: POST /session/e5d91353675ec9eb3e3a21469c7a5328/elements - {"using":"xpath","value":"//button[@data-kt=\"contractDetailEditBtnButton\"]"}
RESULT: {"using":"xpath","value":"//button[@data-kt=\"contractDetailEditBtnButton\"]"}
COMMAND: POST /session/e5d91353675ec9eb3e3a21469c7a5328/elements - {"using":"xpath","value":"//button[@data-kt=\"contractDetailEditBtnButton\"]"}
RESULT: {"using":"xpath","value":"//button[@data-kt=\"contractDetailEditBtnButton\"]"}
COMMAND: POST /session/e5d91353675ec9eb3e3a21469c7a5328/elements - {"using":"xpath","value":"//button[@data-kt=\"contractDetailEditBtnButton\"]"}
RESULT: {"using":"xpath","value":"//button[@data-kt=\"contractDetailEditBtnButton\"]"}
COMMAND: POST /session/e5d91353675ec9eb3e3a21469c7a5328/elements - {"using":"xpath","value":"//button[@data-kt=\"contractDetailEditBtnButton\"]"}
RESULT: {"using":"xpath","value":"//button[@data-kt=\"contractDetailEditBtnButton\"]"}
COMMAND: POST /session/e5d91353675ec9eb3e3a21469c7a5328/elements - {"using":"xpath","value":"//button[@data-kt=\"contractDetailEditBtnButton\"]"}
RESULT: {"using":"xpath","value":"//button[@data-kt=\"contractDetailEditBtnButton\"]"}
COMMAND: POST /session/e5d91353675ec9eb3e3a21469c7a5328/elements - {"using":"xpath","value":"//button[@data-kt=\"contractDetailEditBtnButton\"]"}
RESULT: {"using":"xpath","value":"//button[@data-kt=\"contractDetailEditBtnButton\"]"}
COMMAND: POST /session/e5d91353675ec9eb3e3a21469c7a5328/elements - {"using":"xpath","value":"//button[@data-kt=\"contractDetailEditBtnButton\"]"}
RESULT: {"using":"xpath","value":"//button[@data-kt=\"contractDetailEditBtnButton\"]"}
COMMAND: POST /session/e5d91353675ec9eb3e3a21469c7a5328/elements - {"using":"xpath","value":"//button[@data-kt=\"contractDetailEditBtnButton\"]"}
RESULT: {"using":"xpath","value":"//button[@data-kt=\"contractDetailEditBtnButton\"]"}
COMMAND: POST /session/e5d91353675ec9eb3e3a21469c7a5328/elements - {"using":"xpath","value":"//button[@data-kt=\"contractDetailEditBtnButton\"]"}
RESULT: {"using":"xpath","value":"//button[@data-kt=\"contractDetailEditBtnButton\"]"}
COMMAND: POST /session/e5d91353675ec9eb3e3a21469c7a5328/elements - {"using":"xpath","value":"//button[@data-kt=\"contractDetailEditBtnButton\"]"}
RESULT: {"using":"xpath","value":"//button[@data-kt=\"contractDetailEditBtnButton\"]"}
COMMAND: POST /session/e5d91353675ec9eb3e3a21469c7a5328/elements - {"using":"xpath","value":"//button[@data-kt=\"contractDetailEditBtnButton\"]"}
RESULT: {"using":"xpath","value":"//button[@data-kt=\"contractDetailEditBtnButton\"]"}
COMMAND: POST /session/e5d91353675ec9eb3e3a21469c7a5328/elements - {"using":"xpath","value":"//button[@data-kt=\"contractDetailEditBtnButton\"]"}
RESULT: {"using":"xpath","value":"//button[@data-kt=\"contractDetailEditBtnButton\"]"}
COMMAND: POST /session/e5d91353675ec9eb3e3a21469c7a5328/elements - {"using":"xpath","value":"//button[@data-kt=\"contractDetailEditBtnButton\"]"}
RESULT: {"using":"xpath","value":"//button[@data-kt=\"contractDetailEditBtnButton\"]"}
COMMAND: POST /session/e5d91353675ec9eb3e3a21469c7a5328/elements - {"using":"xpath","value":"//button[@data-kt=\"contractDetailEditBtnButton\"]"}
RESULT: {"using":"xpath","value":"//button[@data-kt=\"contractDetailEditBtnButton\"]"}
COMMAND: POST /session/e5d91353675ec9eb3e3a21469c7a5328/elements - {"using":"xpath","value":"//button[@data-kt=\"contractDetailEditBtnButton\"]"}
RESULT: {"using":"xpath","value":"//button[@data-kt=\"contractDetailEditBtnButton\"]"}
COMMAND: POST /session/e5d91353675ec9eb3e3a21469c7a5328/elements - {"using":"xpath","value":"//button[@data-kt=\"contractDetailEditBtnButton\"]"}
RESULT: {"using":"xpath","value":"//button[@data-kt=\"contractDetailEditBtnButton\"]"}
COMMAND: POST /session/e5d91353675ec9eb3e3a21469c7a5328/elements - {"using":"xpath","value":"//button[@data-kt=\"contractDetailEditBtnButton\"]"}
RESULT: {"using":"xpath","value":"//button[@data-kt=\"contractDetailEditBtnButton\"]"}
COMMAND: POST /session/e5d91353675ec9eb3e3a21469c7a5328/elements - {"using":"xpath","value":"//button[@data-kt=\"contractDetailEditBtnButton\"]"}
RESULT: {"using":"xpath","value":"//button[@data-kt=\"contractDetailEditBtnButton\"]"}
COMMAND: POST /session/e5d91353675ec9eb3e3a21469c7a5328/elements - {"using":"xpath","value":"//button[@data-kt=\"contractDetailEditBtnButton\"]"}
RESULT: {"using":"xpath","value":"//button[@data-kt=\"contractDetailEditBtnButton\"]"}
COMMAND: POST /session/e5d91353675ec9eb3e3a21469c7a5328/elements - {"using":"xpath","value":"//button[@data-kt=\"contractDetailEditBtnButton\"]"}
RESULT: {"using":"xpath","value":"//button[@data-kt=\"contractDetailEditBtnButton\"]"}
COMMAND: POST /session/e5d91353675ec9eb3e3a21469c7a5328/elements - {"using":"xpath","value":"//button[@data-kt=\"contractDetailEditBtnButton\"]"}
RESULT: {"using":"xpath","value":"//button[@data-kt=\"contractDetailEditBtnButton\"]"}
COMMAND: POST /session/e5d91353675ec9eb3e3a21469c7a5328/elements - {"using":"xpath","value":"//button[@data-kt=\"contractDetailEditBtnButton\"]"}
RESULT: {"using":"xpath","value":"//button[@data-kt=\"contractDetailEditBtnButton\"]"}
COMMAND: POST /session/e5d91353675ec9eb3e3a21469c7a5328/elements - {"using":"xpath","value":"//button[@data-kt=\"contractDetailEditBtnButton\"]"}
RESULT: {"using":"xpath","value":"//button[@data-kt=\"contractDetailEditBtnButton\"]"}
COMMAND: POST /session/e5d91353675ec9eb3e3a21469c7a5328/elements - {"using":"xpath","value":"//button[@data-kt=\"contractDetailEditBtnButton\"]"}
RESULT: {"using":"xpath","value":"//button[@data-kt=\"contractDetailEditBtnButton\"]"}
COMMAND: POST /session/e5d91353675ec9eb3e3a21469c7a5328/elements - {"using":"xpath","value":"//button[@data-kt=\"contractDetailEditBtnButton\"]"}
RESULT: {"using":"xpath","value":"//button[@data-kt=\"contractDetailEditBtnButton\"]"}
COMMAND: POST /session/e5d91353675ec9eb3e3a21469c7a5328/elements - {"using":"xpath","value":"//button[@data-kt=\"contractDetailEditBtnButton\"]"}
RESULT: {"using":"xpath","value":"//button[@data-kt=\"contractDetailEditBtnButton\"]"}
COMMAND: POST /session/e5d91353675ec9eb3e3a21469c7a5328/elements - {"using":"xpath","value":"//button[@data-kt=\"contractDetailEditBtnButton\"]"}
RESULT: {"using":"xpath","value":"//button[@data-kt=\"contractDetailEditBtnButton\"]"}
COMMAND: POST /session/e5d91353675ec9eb3e3a21469c7a5328/elements - {"using":"xpath","value":"//button[@data-kt=\"contractDetailEditBtnButton\"]"}
RESULT: {"using":"xpath","value":"//button[@data-kt=\"contractDetailEditBtnButton\"]"}
COMMAND: POST /session/e5d91353675ec9eb3e3a21469c7a5328/elements - {"using":"xpath","value":"//button[@data-kt=\"contractDetailEditBtnButton\"]"}
RESULT: {"using":"xpath","value":"//button[@data-kt=\"contractDetailEditBtnButton\"]"}
COMMAND: POST /session/e5d91353675ec9eb3e3a21469c7a5328/elements - {"using":"xpath","value":"//button[@data-kt=\"contractDetailEditBtnButton\"]"}
RESULT: {"using":"xpath","value":"//button[@data-kt=\"contractDetailEditBtnButton\"]"}
COMMAND: POST /session/e5d91353675ec9eb3e3a21469c7a5328/elements - {"using":"xpath","value":"//button[@data-kt=\"contractDetailEditBtnButton\"]"}
RESULT: {"using":"xpath","value":"//button[@data-kt=\"contractDetailEditBtnButton\"]"}
COMMAND: POST /session/e5d91353675ec9eb3e3a21469c7a5328/elements - {"using":"xpath","value":"//button[@data-kt=\"contractDetailEditBtnButton\"]"}
RESULT: {"using":"xpath","value":"//button[@data-kt=\"contractDetailEditBtnButton\"]"}
COMMAND: POST /session/e5d91353675ec9eb3e3a21469c7a5328/elements - {"using":"xpath","value":"//button[@data-kt=\"contractDetailEditBtnButton\"]"}
RESULT: {"using":"xpath","value":"//button[@data-kt=\"contractDetailEditBtnButton\"]"}
COMMAND: POST /session/e5d91353675ec9eb3e3a21469c7a5328/elements - {"using":"xpath","value":"//button[@data-kt=\"contractDetailEditBtnButton\"]"}
RESULT: {"using":"xpath","value":"//button[@data-kt=\"contractDetailEditBtnButton\"]"}
COMMAND: POST /session/e5d91353675ec9eb3e3a21469c7a5328/elements - {"using":"xpath","value":"//button[@data-kt=\"contractDetailEditBtnButton\"]"}
RESULT: {"using":"xpath","value":"//button[@data-kt=\"contractDetailEditBtnButton\"]"}
COMMAND: POST /session/e5d91353675ec9eb3e3a21469c7a5328/elements - {"using":"xpath","value":"//button[@data-kt=\"contractDetailEditBtnButton\"]"}
RESULT: {"using":"xpath","value":"//button[@data-kt=\"contractDetailEditBtnButton\"]"}
COMMAND: POST /session/e5d91353675ec9eb3e3a21469c7a5328/elements - {"using":"xpath","value":"//button[@data-kt=\"contractDetailEditBtnButton\"]"}
RESULT: {"using":"xpath","value":"//button[@data-kt=\"contractDetailEditBtnButton\"]"}
COMMAND: POST /session/e5d91353675ec9eb3e3a21469c7a5328/elements - {"using":"xpath","value":"//button[@data-kt=\"contractDetailEditBtnButton\"]"}
RESULT: {"using":"xpath","value":"//button[@data-kt=\"contractDetailEditBtnButton\"]"}
COMMAND: POST /session/e5d91353675ec9eb3e3a21469c7a5328/elements - {"using":"xpath","value":"//button[@data-kt=\"contractDetailEditBtnButton\"]"}
RESULT: {"using":"xpath","value":"//button[@data-kt=\"contractDetailEditBtnButton\"]"}
COMMAND: POST /session/e5d91353675ec9eb3e3a21469c7a5328/elements - {"using":"xpath","value":"//button[@data-kt=\"contractDetailEditBtnButton\"]"}
RESULT: {"using":"xpath","value":"//button[@data-kt=\"contractDetailEditBtnButton\"]"}
COMMAND: POST /session/e5d91353675ec9eb3e3a21469c7a5328/elements - {"using":"xpath","value":"//button[@data-kt=\"contractDetailEditBtnButton\"]"}
RESULT: {"using":"xpath","value":"//button[@data-kt=\"contractDetailEditBtnButton\"]"}
COMMAND: POST /session/e5d91353675ec9eb3e3a21469c7a5328/elements - {"using":"xpath","value":"//button[@data-kt=\"contractDetailEditBtnButton\"]"}
RESULT: {"using":"xpath","value":"//button[@data-kt=\"contractDetailEditBtnButton\"]"}
COMMAND: POST /session/e5d91353675ec9eb3e3a21469c7a5328/elements - {"using":"xpath","value":"//button[@data-kt=\"contractDetailEditBtnButton\"]"}
RESULT: {"using":"xpath","value":"//button[@data-kt=\"contractDetailEditBtnButton\"]"}
COMMAND: POST /session/e5d91353675ec9eb3e3a21469c7a5328/elements - {"using":"xpath","value":"//button[@data-kt=\"contractDetailEditBtnButton\"]"}
RESULT: {"using":"xpath","value":"//button[@data-kt=\"contractDetailEditBtnButton\"]"}
COMMAND: POST /session/e5d91353675ec9eb3e3a21469c7a5328/elements - {"using":"xpath","value":"//button[@data-kt=\"contractDetailEditBtnButton\"]"}
RESULT: {"using":"xpath","value":"//button[@data-kt=\"contractDetailEditBtnButton\"]"}
COMMAND: POST /session/e5d91353675ec9eb3e3a21469c7a5328/elements - {"using":"xpath","value":"//button[@data-kt=\"contractDetailEditBtnButton\"]"}
RESULT: {"using":"xpath","value":"//button[@data-kt=\"contractDetailEditBtnButton\"]"}
COMMAND: POST /session/e5d91353675ec9eb3e3a21469c7a5328/elements - {"using":"xpath","value":"//button[@data-kt=\"contractDetailEditBtnButton\"]"}
RESULT: {"using":"xpath","value":"//button[@data-kt=\"contractDetailEditBtnButton\"]"}
COMMAND: POST /session/e5d91353675ec9eb3e3a21469c7a5328/elements - {"using":"xpath","value":"//button[@data-kt=\"contractDetailEditBtnButton\"]"}
RESULT: {"using":"xpath","value":"//button[@data-kt=\"contractDetailEditBtnButton\"]"}
COMMAND: POST /session/e5d91353675ec9eb3e3a21469c7a5328/elements - {"using":"xpath","value":"//button[@data-kt=\"contractDetailEditBtnButton\"]"}
RESULT: {"using":"xpath","value":"//button[@data-kt=\"contractDetailEditBtnButton\"]"}
COMMAND: POST /session/e5d91353675ec9eb3e3a21469c7a5328/elements - {"using":"xpath","value":"//button[@data-kt=\"contractDetailEditBtnButton\"]"}
RESULT: {"using":"xpath","value":"//button[@data-kt=\"contractDetailEditBtnButton\"]"}
COMMAND: POST /session/e5d91353675ec9eb3e3a21469c7a5328/elements - {"using":"xpath","value":"//button[@data-kt=\"contractDetailEditBtnButton\"]"}
RESULT: {"using":"xpath","value":"//button[@data-kt=\"contractDetailEditBtnButton\"]"}
COMMAND: POST /session/e5d91353675ec9eb3e3a21469c7a5328/elements - {"using":"xpath","value":"//button[@data-kt=\"contractDetailEditBtnButton\"]"}
RESULT: {"using":"xpath","value":"//button[@data-kt=\"contractDetailEditBtnButton\"]"}
COMMAND: POST /session/e5d91353675ec9eb3e3a21469c7a5328/elements - {"using":"xpath","value":"//button[@data-kt=\"contractDetailEditBtnButton\"]"}
RESULT: {"using":"xpath","value":"//button[@data-kt=\"contractDetailEditBtnButton\"]"}
COMMAND: POST /session/e5d91353675ec9eb3e3a21469c7a5328/elements - {"using":"xpath","value":"//button[@data-kt=\"contractDetailEditBtnButton\"]"}
RESULT: {"using":"xpath","value":"//button[@data-kt=\"contractDetailEditBtnButton\"]"}
COMMAND: POST /session/e5d91353675ec9eb3e3a21469c7a5328/elements - {"using":"xpath","value":"//button[@data-kt=\"contractDetailEditBtnButton\"]"}
RESULT: {"using":"xpath","value":"//button[@data-kt=\"contractDetailEditBtnButton\"]"}
COMMAND: POST /session/e5d91353675ec9eb3e3a21469c7a5328/elements - {"using":"xpath","value":"//button[@data-kt=\"contractDetailEditBtnButton\"]"}
RESULT: {"using":"xpath","value":"//button[@data-kt=\"contractDetailEditBtnButton\"]"}
COMMAND: POST /session/e5d91353675ec9eb3e3a21469c7a5328/elements - {"using":"xpath","value":"//button[@data-kt=\"contractDetailEditBtnButton\"]"}
RESULT: {"using":"xpath","value":"//button[@data-kt=\"contractDetailEditBtnButton\"]"}
COMMAND: POST /session/e5d91353675ec9eb3e3a21469c7a5328/elements - {"using":"xpath","value":"//button[@data-kt=\"contractDetailEditBtnButton\"]"}
RESULT: {"using":"xpath","value":"//button[@data-kt=\"contractDetailEditBtnButton\"]"}
COMMAND: POST /session/e5d91353675ec9eb3e3a21469c7a5328/elements - {"using":"xpath","value":"//button[@data-kt=\"contractDetailEditBtnButton\"]"}
RESULT: {"using":"xpath","value":"//button[@data-kt=\"contractDetailEditBtnButton\"]"}
COMMAND: POST /session/e5d91353675ec9eb3e3a21469c7a5328/elements - {"using":"xpath","value":"//button[@data-kt=\"contractDetailEditBtnButton\"]"}
RESULT: {"using":"xpath","value":"//button[@data-kt=\"contractDetailEditBtnButton\"]"}
COMMAND: POST /session/e5d91353675ec9eb3e3a21469c7a5328/elements - {"using":"xpath","value":"//button[@data-kt=\"contractDetailEditBtnButton\"]"}
RESULT: {"using":"xpath","value":"//button[@data-kt=\"contractDetailEditBtnButton\"]"}
COMMAND: POST /session/e5d91353675ec9eb3e3a21469c7a5328/elements - {"using":"xpath","value":"//button[@data-kt=\"contractDetailEditBtnButton\"]"}
RESULT: {"using":"xpath","value":"//button[@data-kt=\"contractDetailEditBtnButton\"]"}
COMMAND: POST /session/e5d91353675ec9eb3e3a21469c7a5328/elements - {"using":"xpath","value":"//button[@data-kt=\"contractDetailEditBtnButton\"]"}
RESULT: {"using":"xpath","value":"//button[@data-kt=\"contractDetailEditBtnButton\"]"}
COMMAND: POST /session/e5d91353675ec9eb3e3a21469c7a5328/elements - {"using":"xpath","value":"//button[@data-kt=\"contractDetailEditBtnButton\"]"}
RESULT: {"using":"xpath","value":"//button[@data-kt=\"contractDetailEditBtnButton\"]"}
COMMAND: POST /session/e5d91353675ec9eb3e3a21469c7a5328/elements - {"using":"xpath","value":"//button[@data-kt=\"contractDetailEditBtnButton\"]"}
RESULT: {"using":"xpath","value":"//button[@data-kt=\"contractDetailEditBtnButton\"]"}
COMMAND: POST /session/e5d91353675ec9eb3e3a21469c7a5328/elements - {"using":"xpath","value":"//button[@data-kt=\"contractDetailEditBtnButton\"]"}
RESULT: {"using":"xpath","value":"//button[@data-kt=\"contractDetailEditBtnButton\"]"}
COMMAND: POST /session/e5d91353675ec9eb3e3a21469c7a5328/elements - {"using":"xpath","value":"//button[@data-kt=\"contractDetailEditBtnButton\"]"}
RESULT: {"using":"xpath","value":"//button[@data-kt=\"contractDetailEditBtnButton\"]"}
COMMAND: POST /session/e5d91353675ec9eb3e3a21469c7a5328/elements - {"using":"xpath","value":"//button[@data-kt=\"contractDetailEditBtnButton\"]"}
RESULT: {"using":"xpath","value":"//button[@data-kt=\"contractDetailEditBtnButton\"]"}
COMMAND: POST /session/e5d91353675ec9eb3e3a21469c7a5328/elements - {"using":"xpath","value":"//button[@data-kt=\"contractDetailEditBtnButton\"]"}
RESULT: {"using":"xpath","value":"//button[@data-kt=\"contractDetailEditBtnButton\"]"}
COMMAND: POST /session/e5d91353675ec9eb3e3a21469c7a5328/elements - {"using":"xpath","value":"//button[@data-kt=\"contractDetailEditBtnButton\"]"}
RESULT: {"using":"xpath","value":"//button[@data-kt=\"contractDetailEditBtnButton\"]"}
COMMAND: POST /session/e5d91353675ec9eb3e3a21469c7a5328/elements - {"using":"xpath","value":"//button[@data-kt=\"contractDetailEditBtnButton\"]"}
RESULT: {"using":"xpath","value":"//button[@data-kt=\"contractDetailEditBtnButton\"]"}
COMMAND: POST /session/e5d91353675ec9eb3e3a21469c7a5328/elements - {"using":"xpath","value":"//button[@data-kt=\"contractDetailEditBtnButton\"]"}
RESULT: {"using":"xpath","value":"//button[@data-kt=\"contractDetailEditBtnButton\"]"}
COMMAND: POST /session/e5d91353675ec9eb3e3a21469c7a5328/elements - {"using":"xpath","value":"//button[@data-kt=\"contractDetailEditBtnButton\"]"}
RESULT: {"using":"xpath","value":"//button[@data-kt=\"contractDetailEditBtnButton\"]"}
COMMAND: POST /session/e5d91353675ec9eb3e3a21469c7a5328/elements - {"using":"xpath","value":"//button[@data-kt=\"contractDetailEditBtnButton\"]"}
RESULT: {"using":"xpath","value":"//button[@data-kt=\"contractDetailEditBtnButton\"]"}
COMMAND: POST /session/e5d91353675ec9eb3e3a21469c7a5328/elements - {"using":"xpath","value":"//button[@data-kt=\"contractDetailEditBtnButton\"]"}
RESULT: {"using":"xpath","value":"//button[@data-kt=\"contractDetailEditBtnButton\"]"}
COMMAND: POST /session/e5d91353675ec9eb3e3a21469c7a5328/elements - {"using":"xpath","value":"//button[@data-kt=\"contractDetailEditBtnButton\"]"}
RESULT: {"using":"xpath","value":"//button[@data-kt=\"contractDetailEditBtnButton\"]"}
COMMAND: POST /session/e5d91353675ec9eb3e3a21469c7a5328/elements - {"using":"xpath","value":"//button[@data-kt=\"contractDetailEditBtnButton\"]"}
RESULT: {"using":"xpath","value":"//button[@data-kt=\"contractDetailEditBtnButton\"]"}
COMMAND: POST /session/e5d91353675ec9eb3e3a21469c7a5328/elements - {"using":"xpath","value":"//button[@data-kt=\"contractDetailEditBtnButton\"]"}
RESULT: {"using":"xpath","value":"//button[@data-kt=\"contractDetailEditBtnButton\"]"}
COMMAND: POST /session/e5d91353675ec9eb3e3a21469c7a5328/elements - {"using":"xpath","value":"//button[@data-kt=\"contractDetailEditBtnButton\"]"}
RESULT: {"using":"xpath","value":"//button[@data-kt=\"contractDetailEditBtnButton\"]"}
COMMAND: POST /session/e5d91353675ec9eb3e3a21469c7a5328/elements - {"using":"xpath","value":"//button[@data-kt=\"contractDetailEditBtnButton\"]"}
RESULT: {"using":"xpath","value":"//button[@data-kt=\"contractDetailEditBtnButton\"]"}
COMMAND: POST /session/e5d91353675ec9eb3e3a21469c7a5328/elements - {"using":"xpath","value":"//button[@data-kt=\"contractDetailEditBtnButton\"]"}
RESULT: {"using":"xpath","value":"//button[@data-kt=\"contractDetailEditBtnButton\"]"}
COMMAND: POST /session/e5d91353675ec9eb3e3a21469c7a5328/elements - {"using":"xpath","value":"//button[@data-kt=\"contractDetailEditBtnButton\"]"}
RESULT: {"using":"xpath","value":"//button[@data-kt=\"contractDetailEditBtnButton\"]"}
COMMAND: POST /session/e5d91353675ec9eb3e3a21469c7a5328/elements - {"using":"xpath","value":"//button[@data-kt=\"contractDetailEditBtnButton\"]"}
RESULT: {"using":"xpath","value":"//button[@data-kt=\"contractDetailEditBtnButton\"]"}
COMMAND: POST /session/e5d91353675ec9eb3e3a21469c7a5328/elements - {"using":"xpath","value":"//button[@data-kt=\"contractDetailEditBtnButton\"]"}
RESULT: {"using":"xpath","value":"//button[@data-kt=\"contractDetailEditBtnButton\"]"}
COMMAND: POST /session/e5d91353675ec9eb3e3a21469c7a5328/elements - {"using":"xpath","value":"//button[@data-kt=\"contractDetailEditBtnButton\"]"}
RESULT: {"using":"xpath","value":"//button[@data-kt=\"contractDetailEditBtnButton\"]"}
COMMAND: POST /session/e5d91353675ec9eb3e3a21469c7a5328/elements - {"using":"xpath","value":"//button[@data-kt=\"contractDetailEditBtnButton\"]"}
RESULT: {"using":"xpath","value":"//button[@data-kt=\"contractDetailEditBtnButton\"]"}
COMMAND: POST /session/e5d91353675ec9eb3e3a21469c7a5328/elements - {"using":"xpath","value":"//button[@data-kt=\"contractDetailEditBtnButton\"]"}
RESULT: {"using":"xpath","value":"//button[@data-kt=\"contractDetailEditBtnButton\"]"}
COMMAND: POST /session/e5d91353675ec9eb3e3a21469c7a5328/elements - {"using":"xpath","value":"//button[@data-kt=\"contractDetailEditBtnButton\"]"}
RESULT: {"using":"xpath","value":"//button[@data-kt=\"contractDetailEditBtnButton\"]"}
COMMAND: POST /session/e5d91353675ec9eb3e3a21469c7a5328/elements - {"using":"xpath","value":"//button[@data-kt=\"contractDetailEditBtnButton\"]"}
RESULT: {"using":"xpath","value":"//button[@data-kt=\"contractDetailEditBtnButton\"]"}
COMMAND: POST /session/e5d91353675ec9eb3e3a21469c7a5328/elements - {"using":"xpath","value":"//button[@data-kt=\"contractDetailEditBtnButton\"]"}
RESULT: {"using":"xpath","value":"//button[@data-kt=\"contractDetailEditBtnButton\"]"}
COMMAND: POST /session/e5d91353675ec9eb3e3a21469c7a5328/elements - {"using":"xpath","value":"//button[@data-kt=\"contractDetailEditBtnButton\"]"}
RESULT: {"using":"xpath","value":"//button[@data-kt=\"contractDetailEditBtnButton\"]"}
COMMAND: POST /session/e5d91353675ec9eb3e3a21469c7a5328/elements - {"using":"xpath","value":"//button[@data-kt=\"contractDetailEditBtnButton\"]"}
RESULT: {"using":"xpath","value":"//button[@data-kt=\"contractDetailEditBtnButton\"]"}
COMMAND: POST /session/e5d91353675ec9eb3e3a21469c7a5328/elements - {"using":"xpath","value":"//button[@data-kt=\"contractDetailEditBtnButton\"]"}
RESULT: {"using":"xpath","value":"//button[@data-kt=\"contractDetailEditBtnButton\"]"}
COMMAND: POST /session/e5d91353675ec9eb3e3a21469c7a5328/elements - {"using":"xpath","value":"//button[@data-kt=\"contractDetailEditBtnButton\"]"}
RESULT: {"using":"xpath","value":"//button[@data-kt=\"contractDetailEditBtnButton\"]"}
COMMAND: POST /session/e5d91353675ec9eb3e3a21469c7a5328/elements - {"using":"xpath","value":"//button[@data-kt=\"contractDetailEditBtnButton\"]"}
RESULT: {"using":"xpath","value":"//button[@data-kt=\"contractDetailEditBtnButton\"]"}
COMMAND: POST /session/e5d91353675ec9eb3e3a21469c7a5328/elements - {"using":"xpath","value":"//button[@data-kt=\"contractDetailEditBtnButton\"]"}
RESULT: {"using":"xpath","value":"//button[@data-kt=\"contractDetailEditBtnButton\"]"}
COMMAND: POST /session/e5d91353675ec9eb3e3a21469c7a5328/elements - {"using":"xpath","value":"//button[@data-kt=\"contractDetailEditBtnButton\"]"}
RESULT: {"using":"xpath","value":"//button[@data-kt=\"contractDetailEditBtnButton\"]"}
COMMAND: POST /session/e5d91353675ec9eb3e3a21469c7a5328/elements - {"using":"xpath","value":"//button[@data-kt=\"contractDetailEditBtnButton\"]"}
RESULT: {"using":"xpath","value":"//button[@data-kt=\"contractDetailEditBtnButton\"]"}
COMMAND: POST /session/e5d91353675ec9eb3e3a21469c7a5328/elements - {"using":"xpath","value":"//button[@data-kt=\"contractDetailEditBtnButton\"]"}
RESULT: {"using":"xpath","value":"//button[@data-kt=\"contractDetailEditBtnButton\"]"}
COMMAND: POST /session/e5d91353675ec9eb3e3a21469c7a5328/elements - {"using":"xpath","value":"//button[@data-kt=\"contractDetailEditBtnButton\"]"}
RESULT: {"using":"xpath","value":"//button[@data-kt=\"contractDetailEditBtnButton\"]"}
COMMAND: POST /session/e5d91353675ec9eb3e3a21469c7a5328/elements - {"using":"xpath","value":"//button[@data-kt=\"contractDetailEditBtnButton\"]"}
RESULT: {"using":"xpath","value":"//button[@data-kt=\"contractDetailEditBtnButton\"]"}
COMMAND: GET /session/e5d91353675ec9eb3e3a21469c7a5328/screenshot - {}
RESULT: {}
]]></system-out>
      <system-err><![CDATA[
Error: Can't call click on element with selector "//button[@data-kt="contractDetailEditBtnButton"]" because element wasn't found
    at async UtilsPrerequisites.addItemToContract (D:\a\1\s\test\specs\BTS\prerequisites-and-utils-functions.js:1852:9)
    at async Context.<anonymous> (D:\a\1\s\test\specs\HTR\create-mass-state-change.spec.js:61:9)
]]></system-err>
    </testcase>
    <testcase classname="chrome.136_0_7103_93.windows.Tests_for_Mass_State_Change_on_Manage_States_&amp;_Performances_US104416_US" name="Prereq Should do a provide to site handover for today" time="60.513">
      <failure/>
      <error message="Can't call click on element with selector &quot;//button[@data-kt=&quot;provideButton&quot;]&quot; because element wasn't found"/>
      <system-out><![CDATA[
COMMAND: POST /session/e5d91353675ec9eb3e3a21469c7a5328/element - {"using":"xpath","value":"//button[@data-kt=\"provideButton\"]"}
COMMAND: GET /session/e5d91353675ec9eb3e3a21469c7a5328/screenshot - {}
RESULT: {"using":"xpath","value":"//button[@data-kt=\"provideButton\"]"}
COMMAND: POST /session/e5d91353675ec9eb3e3a21469c7a5328/elements - {"using":"xpath","value":"//button[@data-kt=\"provideButton\"]"}
RESULT: {}
RESULT: {"using":"xpath","value":"//button[@data-kt=\"provideButton\"]"}
COMMAND: POST /session/e5d91353675ec9eb3e3a21469c7a5328/elements - {"using":"xpath","value":"//button[@data-kt=\"provideButton\"]"}
RESULT: {"using":"xpath","value":"//button[@data-kt=\"provideButton\"]"}
COMMAND: POST /session/e5d91353675ec9eb3e3a21469c7a5328/elements - {"using":"xpath","value":"//button[@data-kt=\"provideButton\"]"}
RESULT: {"using":"xpath","value":"//button[@data-kt=\"provideButton\"]"}
COMMAND: POST /session/e5d91353675ec9eb3e3a21469c7a5328/elements - {"using":"xpath","value":"//button[@data-kt=\"provideButton\"]"}
RESULT: {"using":"xpath","value":"//button[@data-kt=\"provideButton\"]"}
COMMAND: POST /session/e5d91353675ec9eb3e3a21469c7a5328/elements - {"using":"xpath","value":"//button[@data-kt=\"provideButton\"]"}
RESULT: {"using":"xpath","value":"//button[@data-kt=\"provideButton\"]"}
COMMAND: POST /session/e5d91353675ec9eb3e3a21469c7a5328/elements - {"using":"xpath","value":"//button[@data-kt=\"provideButton\"]"}
RESULT: {"using":"xpath","value":"//button[@data-kt=\"provideButton\"]"}
COMMAND: POST /session/e5d91353675ec9eb3e3a21469c7a5328/elements - {"using":"xpath","value":"//button[@data-kt=\"provideButton\"]"}
RESULT: {"using":"xpath","value":"//button[@data-kt=\"provideButton\"]"}
COMMAND: POST /session/e5d91353675ec9eb3e3a21469c7a5328/elements - {"using":"xpath","value":"//button[@data-kt=\"provideButton\"]"}
RESULT: {"using":"xpath","value":"//button[@data-kt=\"provideButton\"]"}
COMMAND: POST /session/e5d91353675ec9eb3e3a21469c7a5328/elements - {"using":"xpath","value":"//button[@data-kt=\"provideButton\"]"}
RESULT: {"using":"xpath","value":"//button[@data-kt=\"provideButton\"]"}
COMMAND: POST /session/e5d91353675ec9eb3e3a21469c7a5328/elements - {"using":"xpath","value":"//button[@data-kt=\"provideButton\"]"}
RESULT: {"using":"xpath","value":"//button[@data-kt=\"provideButton\"]"}
COMMAND: POST /session/e5d91353675ec9eb3e3a21469c7a5328/elements - {"using":"xpath","value":"//button[@data-kt=\"provideButton\"]"}
RESULT: {"using":"xpath","value":"//button[@data-kt=\"provideButton\"]"}
COMMAND: POST /session/e5d91353675ec9eb3e3a21469c7a5328/elements - {"using":"xpath","value":"//button[@data-kt=\"provideButton\"]"}
RESULT: {"using":"xpath","value":"//button[@data-kt=\"provideButton\"]"}
COMMAND: POST /session/e5d91353675ec9eb3e3a21469c7a5328/elements - {"using":"xpath","value":"//button[@data-kt=\"provideButton\"]"}
RESULT: {"using":"xpath","value":"//button[@data-kt=\"provideButton\"]"}
COMMAND: POST /session/e5d91353675ec9eb3e3a21469c7a5328/elements - {"using":"xpath","value":"//button[@data-kt=\"provideButton\"]"}
RESULT: {"using":"xpath","value":"//button[@data-kt=\"provideButton\"]"}
COMMAND: POST /session/e5d91353675ec9eb3e3a21469c7a5328/elements - {"using":"xpath","value":"//button[@data-kt=\"provideButton\"]"}
RESULT: {"using":"xpath","value":"//button[@data-kt=\"provideButton\"]"}
COMMAND: POST /session/e5d91353675ec9eb3e3a21469c7a5328/elements - {"using":"xpath","value":"//button[@data-kt=\"provideButton\"]"}
RESULT: {"using":"xpath","value":"//button[@data-kt=\"provideButton\"]"}
COMMAND: POST /session/e5d91353675ec9eb3e3a21469c7a5328/elements - {"using":"xpath","value":"//button[@data-kt=\"provideButton\"]"}
RESULT: {"using":"xpath","value":"//button[@data-kt=\"provideButton\"]"}
COMMAND: POST /session/e5d91353675ec9eb3e3a21469c7a5328/elements - {"using":"xpath","value":"//button[@data-kt=\"provideButton\"]"}
RESULT: {"using":"xpath","value":"//button[@data-kt=\"provideButton\"]"}
COMMAND: POST /session/e5d91353675ec9eb3e3a21469c7a5328/elements - {"using":"xpath","value":"//button[@data-kt=\"provideButton\"]"}
RESULT: {"using":"xpath","value":"//button[@data-kt=\"provideButton\"]"}
COMMAND: POST /session/e5d91353675ec9eb3e3a21469c7a5328/elements - {"using":"xpath","value":"//button[@data-kt=\"provideButton\"]"}
RESULT: {"using":"xpath","value":"//button[@data-kt=\"provideButton\"]"}
COMMAND: POST /session/e5d91353675ec9eb3e3a21469c7a5328/elements - {"using":"xpath","value":"//button[@data-kt=\"provideButton\"]"}
RESULT: {"using":"xpath","value":"//button[@data-kt=\"provideButton\"]"}
COMMAND: POST /session/e5d91353675ec9eb3e3a21469c7a5328/elements - {"using":"xpath","value":"//button[@data-kt=\"provideButton\"]"}
RESULT: {"using":"xpath","value":"//button[@data-kt=\"provideButton\"]"}
COMMAND: POST /session/e5d91353675ec9eb3e3a21469c7a5328/elements - {"using":"xpath","value":"//button[@data-kt=\"provideButton\"]"}
RESULT: {"using":"xpath","value":"//button[@data-kt=\"provideButton\"]"}
COMMAND: POST /session/e5d91353675ec9eb3e3a21469c7a5328/elements - {"using":"xpath","value":"//button[@data-kt=\"provideButton\"]"}
RESULT: {"using":"xpath","value":"//button[@data-kt=\"provideButton\"]"}
COMMAND: POST /session/e5d91353675ec9eb3e3a21469c7a5328/elements - {"using":"xpath","value":"//button[@data-kt=\"provideButton\"]"}
RESULT: {"using":"xpath","value":"//button[@data-kt=\"provideButton\"]"}
COMMAND: POST /session/e5d91353675ec9eb3e3a21469c7a5328/elements - {"using":"xpath","value":"//button[@data-kt=\"provideButton\"]"}
RESULT: {"using":"xpath","value":"//button[@data-kt=\"provideButton\"]"}
COMMAND: POST /session/e5d91353675ec9eb3e3a21469c7a5328/elements - {"using":"xpath","value":"//button[@data-kt=\"provideButton\"]"}
RESULT: {"using":"xpath","value":"//button[@data-kt=\"provideButton\"]"}
COMMAND: POST /session/e5d91353675ec9eb3e3a21469c7a5328/elements - {"using":"xpath","value":"//button[@data-kt=\"provideButton\"]"}
RESULT: {"using":"xpath","value":"//button[@data-kt=\"provideButton\"]"}
COMMAND: POST /session/e5d91353675ec9eb3e3a21469c7a5328/elements - {"using":"xpath","value":"//button[@data-kt=\"provideButton\"]"}
RESULT: {"using":"xpath","value":"//button[@data-kt=\"provideButton\"]"}
COMMAND: POST /session/e5d91353675ec9eb3e3a21469c7a5328/elements - {"using":"xpath","value":"//button[@data-kt=\"provideButton\"]"}
RESULT: {"using":"xpath","value":"//button[@data-kt=\"provideButton\"]"}
COMMAND: POST /session/e5d91353675ec9eb3e3a21469c7a5328/elements - {"using":"xpath","value":"//button[@data-kt=\"provideButton\"]"}
RESULT: {"using":"xpath","value":"//button[@data-kt=\"provideButton\"]"}
COMMAND: POST /session/e5d91353675ec9eb3e3a21469c7a5328/elements - {"using":"xpath","value":"//button[@data-kt=\"provideButton\"]"}
RESULT: {"using":"xpath","value":"//button[@data-kt=\"provideButton\"]"}
COMMAND: POST /session/e5d91353675ec9eb3e3a21469c7a5328/elements - {"using":"xpath","value":"//button[@data-kt=\"provideButton\"]"}
RESULT: {"using":"xpath","value":"//button[@data-kt=\"provideButton\"]"}
COMMAND: POST /session/e5d91353675ec9eb3e3a21469c7a5328/elements - {"using":"xpath","value":"//button[@data-kt=\"provideButton\"]"}
RESULT: {"using":"xpath","value":"//button[@data-kt=\"provideButton\"]"}
COMMAND: POST /session/e5d91353675ec9eb3e3a21469c7a5328/elements - {"using":"xpath","value":"//button[@data-kt=\"provideButton\"]"}
RESULT: {"using":"xpath","value":"//button[@data-kt=\"provideButton\"]"}
COMMAND: POST /session/e5d91353675ec9eb3e3a21469c7a5328/elements - {"using":"xpath","value":"//button[@data-kt=\"provideButton\"]"}
RESULT: {"using":"xpath","value":"//button[@data-kt=\"provideButton\"]"}
COMMAND: POST /session/e5d91353675ec9eb3e3a21469c7a5328/elements - {"using":"xpath","value":"//button[@data-kt=\"provideButton\"]"}
RESULT: {"using":"xpath","value":"//button[@data-kt=\"provideButton\"]"}
COMMAND: POST /session/e5d91353675ec9eb3e3a21469c7a5328/elements - {"using":"xpath","value":"//button[@data-kt=\"provideButton\"]"}
RESULT: {"using":"xpath","value":"//button[@data-kt=\"provideButton\"]"}
COMMAND: POST /session/e5d91353675ec9eb3e3a21469c7a5328/elements - {"using":"xpath","value":"//button[@data-kt=\"provideButton\"]"}
RESULT: {"using":"xpath","value":"//button[@data-kt=\"provideButton\"]"}
COMMAND: POST /session/e5d91353675ec9eb3e3a21469c7a5328/elements - {"using":"xpath","value":"//button[@data-kt=\"provideButton\"]"}
RESULT: {"using":"xpath","value":"//button[@data-kt=\"provideButton\"]"}
COMMAND: POST /session/e5d91353675ec9eb3e3a21469c7a5328/elements - {"using":"xpath","value":"//button[@data-kt=\"provideButton\"]"}
RESULT: {"using":"xpath","value":"//button[@data-kt=\"provideButton\"]"}
COMMAND: POST /session/e5d91353675ec9eb3e3a21469c7a5328/elements - {"using":"xpath","value":"//button[@data-kt=\"provideButton\"]"}
RESULT: {"using":"xpath","value":"//button[@data-kt=\"provideButton\"]"}
COMMAND: POST /session/e5d91353675ec9eb3e3a21469c7a5328/elements - {"using":"xpath","value":"//button[@data-kt=\"provideButton\"]"}
RESULT: {"using":"xpath","value":"//button[@data-kt=\"provideButton\"]"}
COMMAND: POST /session/e5d91353675ec9eb3e3a21469c7a5328/elements - {"using":"xpath","value":"//button[@data-kt=\"provideButton\"]"}
RESULT: {"using":"xpath","value":"//button[@data-kt=\"provideButton\"]"}
COMMAND: POST /session/e5d91353675ec9eb3e3a21469c7a5328/elements - {"using":"xpath","value":"//button[@data-kt=\"provideButton\"]"}
RESULT: {"using":"xpath","value":"//button[@data-kt=\"provideButton\"]"}
COMMAND: POST /session/e5d91353675ec9eb3e3a21469c7a5328/elements - {"using":"xpath","value":"//button[@data-kt=\"provideButton\"]"}
RESULT: {"using":"xpath","value":"//button[@data-kt=\"provideButton\"]"}
COMMAND: POST /session/e5d91353675ec9eb3e3a21469c7a5328/elements - {"using":"xpath","value":"//button[@data-kt=\"provideButton\"]"}
RESULT: {"using":"xpath","value":"//button[@data-kt=\"provideButton\"]"}
COMMAND: POST /session/e5d91353675ec9eb3e3a21469c7a5328/elements - {"using":"xpath","value":"//button[@data-kt=\"provideButton\"]"}
RESULT: {"using":"xpath","value":"//button[@data-kt=\"provideButton\"]"}
COMMAND: POST /session/e5d91353675ec9eb3e3a21469c7a5328/elements - {"using":"xpath","value":"//button[@data-kt=\"provideButton\"]"}
RESULT: {"using":"xpath","value":"//button[@data-kt=\"provideButton\"]"}
COMMAND: POST /session/e5d91353675ec9eb3e3a21469c7a5328/elements - {"using":"xpath","value":"//button[@data-kt=\"provideButton\"]"}
RESULT: {"using":"xpath","value":"//button[@data-kt=\"provideButton\"]"}
COMMAND: POST /session/e5d91353675ec9eb3e3a21469c7a5328/elements - {"using":"xpath","value":"//button[@data-kt=\"provideButton\"]"}
RESULT: {"using":"xpath","value":"//button[@data-kt=\"provideButton\"]"}
COMMAND: POST /session/e5d91353675ec9eb3e3a21469c7a5328/elements - {"using":"xpath","value":"//button[@data-kt=\"provideButton\"]"}
RESULT: {"using":"xpath","value":"//button[@data-kt=\"provideButton\"]"}
COMMAND: POST /session/e5d91353675ec9eb3e3a21469c7a5328/elements - {"using":"xpath","value":"//button[@data-kt=\"provideButton\"]"}
RESULT: {"using":"xpath","value":"//button[@data-kt=\"provideButton\"]"}
COMMAND: POST /session/e5d91353675ec9eb3e3a21469c7a5328/elements - {"using":"xpath","value":"//button[@data-kt=\"provideButton\"]"}
RESULT: {"using":"xpath","value":"//button[@data-kt=\"provideButton\"]"}
COMMAND: POST /session/e5d91353675ec9eb3e3a21469c7a5328/elements - {"using":"xpath","value":"//button[@data-kt=\"provideButton\"]"}
RESULT: {"using":"xpath","value":"//button[@data-kt=\"provideButton\"]"}
COMMAND: POST /session/e5d91353675ec9eb3e3a21469c7a5328/elements - {"using":"xpath","value":"//button[@data-kt=\"provideButton\"]"}
RESULT: {"using":"xpath","value":"//button[@data-kt=\"provideButton\"]"}
COMMAND: POST /session/e5d91353675ec9eb3e3a21469c7a5328/elements - {"using":"xpath","value":"//button[@data-kt=\"provideButton\"]"}
RESULT: {"using":"xpath","value":"//button[@data-kt=\"provideButton\"]"}
COMMAND: POST /session/e5d91353675ec9eb3e3a21469c7a5328/elements - {"using":"xpath","value":"//button[@data-kt=\"provideButton\"]"}
RESULT: {"using":"xpath","value":"//button[@data-kt=\"provideButton\"]"}
COMMAND: POST /session/e5d91353675ec9eb3e3a21469c7a5328/elements - {"using":"xpath","value":"//button[@data-kt=\"provideButton\"]"}
RESULT: {"using":"xpath","value":"//button[@data-kt=\"provideButton\"]"}
COMMAND: POST /session/e5d91353675ec9eb3e3a21469c7a5328/elements - {"using":"xpath","value":"//button[@data-kt=\"provideButton\"]"}
RESULT: {"using":"xpath","value":"//button[@data-kt=\"provideButton\"]"}
COMMAND: POST /session/e5d91353675ec9eb3e3a21469c7a5328/elements - {"using":"xpath","value":"//button[@data-kt=\"provideButton\"]"}
RESULT: {"using":"xpath","value":"//button[@data-kt=\"provideButton\"]"}
COMMAND: POST /session/e5d91353675ec9eb3e3a21469c7a5328/elements - {"using":"xpath","value":"//button[@data-kt=\"provideButton\"]"}
RESULT: {"using":"xpath","value":"//button[@data-kt=\"provideButton\"]"}
COMMAND: POST /session/e5d91353675ec9eb3e3a21469c7a5328/elements - {"using":"xpath","value":"//button[@data-kt=\"provideButton\"]"}
RESULT: {"using":"xpath","value":"//button[@data-kt=\"provideButton\"]"}
COMMAND: POST /session/e5d91353675ec9eb3e3a21469c7a5328/elements - {"using":"xpath","value":"//button[@data-kt=\"provideButton\"]"}
RESULT: {"using":"xpath","value":"//button[@data-kt=\"provideButton\"]"}
COMMAND: POST /session/e5d91353675ec9eb3e3a21469c7a5328/elements - {"using":"xpath","value":"//button[@data-kt=\"provideButton\"]"}
RESULT: {"using":"xpath","value":"//button[@data-kt=\"provideButton\"]"}
COMMAND: POST /session/e5d91353675ec9eb3e3a21469c7a5328/elements - {"using":"xpath","value":"//button[@data-kt=\"provideButton\"]"}
RESULT: {"using":"xpath","value":"//button[@data-kt=\"provideButton\"]"}
COMMAND: POST /session/e5d91353675ec9eb3e3a21469c7a5328/elements - {"using":"xpath","value":"//button[@data-kt=\"provideButton\"]"}
RESULT: {"using":"xpath","value":"//button[@data-kt=\"provideButton\"]"}
COMMAND: POST /session/e5d91353675ec9eb3e3a21469c7a5328/elements - {"using":"xpath","value":"//button[@data-kt=\"provideButton\"]"}
RESULT: {"using":"xpath","value":"//button[@data-kt=\"provideButton\"]"}
COMMAND: POST /session/e5d91353675ec9eb3e3a21469c7a5328/elements - {"using":"xpath","value":"//button[@data-kt=\"provideButton\"]"}
RESULT: {"using":"xpath","value":"//button[@data-kt=\"provideButton\"]"}
COMMAND: POST /session/e5d91353675ec9eb3e3a21469c7a5328/elements - {"using":"xpath","value":"//button[@data-kt=\"provideButton\"]"}
RESULT: {"using":"xpath","value":"//button[@data-kt=\"provideButton\"]"}
COMMAND: POST /session/e5d91353675ec9eb3e3a21469c7a5328/elements - {"using":"xpath","value":"//button[@data-kt=\"provideButton\"]"}
RESULT: {"using":"xpath","value":"//button[@data-kt=\"provideButton\"]"}
COMMAND: POST /session/e5d91353675ec9eb3e3a21469c7a5328/elements - {"using":"xpath","value":"//button[@data-kt=\"provideButton\"]"}
RESULT: {"using":"xpath","value":"//button[@data-kt=\"provideButton\"]"}
COMMAND: POST /session/e5d91353675ec9eb3e3a21469c7a5328/elements - {"using":"xpath","value":"//button[@data-kt=\"provideButton\"]"}
RESULT: {"using":"xpath","value":"//button[@data-kt=\"provideButton\"]"}
COMMAND: POST /session/e5d91353675ec9eb3e3a21469c7a5328/elements - {"using":"xpath","value":"//button[@data-kt=\"provideButton\"]"}
RESULT: {"using":"xpath","value":"//button[@data-kt=\"provideButton\"]"}
COMMAND: POST /session/e5d91353675ec9eb3e3a21469c7a5328/elements - {"using":"xpath","value":"//button[@data-kt=\"provideButton\"]"}
RESULT: {"using":"xpath","value":"//button[@data-kt=\"provideButton\"]"}
COMMAND: POST /session/e5d91353675ec9eb3e3a21469c7a5328/elements - {"using":"xpath","value":"//button[@data-kt=\"provideButton\"]"}
RESULT: {"using":"xpath","value":"//button[@data-kt=\"provideButton\"]"}
COMMAND: POST /session/e5d91353675ec9eb3e3a21469c7a5328/elements - {"using":"xpath","value":"//button[@data-kt=\"provideButton\"]"}
RESULT: {"using":"xpath","value":"//button[@data-kt=\"provideButton\"]"}
COMMAND: POST /session/e5d91353675ec9eb3e3a21469c7a5328/elements - {"using":"xpath","value":"//button[@data-kt=\"provideButton\"]"}
RESULT: {"using":"xpath","value":"//button[@data-kt=\"provideButton\"]"}
COMMAND: POST /session/e5d91353675ec9eb3e3a21469c7a5328/elements - {"using":"xpath","value":"//button[@data-kt=\"provideButton\"]"}
RESULT: {"using":"xpath","value":"//button[@data-kt=\"provideButton\"]"}
COMMAND: POST /session/e5d91353675ec9eb3e3a21469c7a5328/elements - {"using":"xpath","value":"//button[@data-kt=\"provideButton\"]"}
RESULT: {"using":"xpath","value":"//button[@data-kt=\"provideButton\"]"}
COMMAND: POST /session/e5d91353675ec9eb3e3a21469c7a5328/elements - {"using":"xpath","value":"//button[@data-kt=\"provideButton\"]"}
RESULT: {"using":"xpath","value":"//button[@data-kt=\"provideButton\"]"}
COMMAND: POST /session/e5d91353675ec9eb3e3a21469c7a5328/elements - {"using":"xpath","value":"//button[@data-kt=\"provideButton\"]"}
RESULT: {"using":"xpath","value":"//button[@data-kt=\"provideButton\"]"}
COMMAND: POST /session/e5d91353675ec9eb3e3a21469c7a5328/elements - {"using":"xpath","value":"//button[@data-kt=\"provideButton\"]"}
RESULT: {"using":"xpath","value":"//button[@data-kt=\"provideButton\"]"}
COMMAND: POST /session/e5d91353675ec9eb3e3a21469c7a5328/elements - {"using":"xpath","value":"//button[@data-kt=\"provideButton\"]"}
RESULT: {"using":"xpath","value":"//button[@data-kt=\"provideButton\"]"}
COMMAND: POST /session/e5d91353675ec9eb3e3a21469c7a5328/elements - {"using":"xpath","value":"//button[@data-kt=\"provideButton\"]"}
RESULT: {"using":"xpath","value":"//button[@data-kt=\"provideButton\"]"}
COMMAND: POST /session/e5d91353675ec9eb3e3a21469c7a5328/elements - {"using":"xpath","value":"//button[@data-kt=\"provideButton\"]"}
RESULT: {"using":"xpath","value":"//button[@data-kt=\"provideButton\"]"}
COMMAND: POST /session/e5d91353675ec9eb3e3a21469c7a5328/elements - {"using":"xpath","value":"//button[@data-kt=\"provideButton\"]"}
RESULT: {"using":"xpath","value":"//button[@data-kt=\"provideButton\"]"}
COMMAND: POST /session/e5d91353675ec9eb3e3a21469c7a5328/elements - {"using":"xpath","value":"//button[@data-kt=\"provideButton\"]"}
RESULT: {"using":"xpath","value":"//button[@data-kt=\"provideButton\"]"}
COMMAND: POST /session/e5d91353675ec9eb3e3a21469c7a5328/elements - {"using":"xpath","value":"//button[@data-kt=\"provideButton\"]"}
RESULT: {"using":"xpath","value":"//button[@data-kt=\"provideButton\"]"}
COMMAND: POST /session/e5d91353675ec9eb3e3a21469c7a5328/elements - {"using":"xpath","value":"//button[@data-kt=\"provideButton\"]"}
RESULT: {"using":"xpath","value":"//button[@data-kt=\"provideButton\"]"}
COMMAND: POST /session/e5d91353675ec9eb3e3a21469c7a5328/elements - {"using":"xpath","value":"//button[@data-kt=\"provideButton\"]"}
RESULT: {"using":"xpath","value":"//button[@data-kt=\"provideButton\"]"}
COMMAND: POST /session/e5d91353675ec9eb3e3a21469c7a5328/elements - {"using":"xpath","value":"//button[@data-kt=\"provideButton\"]"}
RESULT: {"using":"xpath","value":"//button[@data-kt=\"provideButton\"]"}
COMMAND: POST /session/e5d91353675ec9eb3e3a21469c7a5328/elements - {"using":"xpath","value":"//button[@data-kt=\"provideButton\"]"}
RESULT: {"using":"xpath","value":"//button[@data-kt=\"provideButton\"]"}
COMMAND: POST /session/e5d91353675ec9eb3e3a21469c7a5328/elements - {"using":"xpath","value":"//button[@data-kt=\"provideButton\"]"}
RESULT: {"using":"xpath","value":"//button[@data-kt=\"provideButton\"]"}
COMMAND: POST /session/e5d91353675ec9eb3e3a21469c7a5328/elements - {"using":"xpath","value":"//button[@data-kt=\"provideButton\"]"}
RESULT: {"using":"xpath","value":"//button[@data-kt=\"provideButton\"]"}
COMMAND: POST /session/e5d91353675ec9eb3e3a21469c7a5328/elements - {"using":"xpath","value":"//button[@data-kt=\"provideButton\"]"}
RESULT: {"using":"xpath","value":"//button[@data-kt=\"provideButton\"]"}
COMMAND: POST /session/e5d91353675ec9eb3e3a21469c7a5328/elements - {"using":"xpath","value":"//button[@data-kt=\"provideButton\"]"}
RESULT: {"using":"xpath","value":"//button[@data-kt=\"provideButton\"]"}
COMMAND: POST /session/e5d91353675ec9eb3e3a21469c7a5328/elements - {"using":"xpath","value":"//button[@data-kt=\"provideButton\"]"}
RESULT: {"using":"xpath","value":"//button[@data-kt=\"provideButton\"]"}
COMMAND: POST /session/e5d91353675ec9eb3e3a21469c7a5328/elements - {"using":"xpath","value":"//button[@data-kt=\"provideButton\"]"}
RESULT: {"using":"xpath","value":"//button[@data-kt=\"provideButton\"]"}
COMMAND: POST /session/e5d91353675ec9eb3e3a21469c7a5328/elements - {"using":"xpath","value":"//button[@data-kt=\"provideButton\"]"}
RESULT: {"using":"xpath","value":"//button[@data-kt=\"provideButton\"]"}
COMMAND: POST /session/e5d91353675ec9eb3e3a21469c7a5328/elements - {"using":"xpath","value":"//button[@data-kt=\"provideButton\"]"}
RESULT: {"using":"xpath","value":"//button[@data-kt=\"provideButton\"]"}
COMMAND: POST /session/e5d91353675ec9eb3e3a21469c7a5328/elements - {"using":"xpath","value":"//button[@data-kt=\"provideButton\"]"}
RESULT: {"using":"xpath","value":"//button[@data-kt=\"provideButton\"]"}
COMMAND: POST /session/e5d91353675ec9eb3e3a21469c7a5328/elements - {"using":"xpath","value":"//button[@data-kt=\"provideButton\"]"}
RESULT: {"using":"xpath","value":"//button[@data-kt=\"provideButton\"]"}
COMMAND: POST /session/e5d91353675ec9eb3e3a21469c7a5328/elements - {"using":"xpath","value":"//button[@data-kt=\"provideButton\"]"}
RESULT: {"using":"xpath","value":"//button[@data-kt=\"provideButton\"]"}
COMMAND: POST /session/e5d91353675ec9eb3e3a21469c7a5328/elements - {"using":"xpath","value":"//button[@data-kt=\"provideButton\"]"}
RESULT: {"using":"xpath","value":"//button[@data-kt=\"provideButton\"]"}
COMMAND: POST /session/e5d91353675ec9eb3e3a21469c7a5328/elements - {"using":"xpath","value":"//button[@data-kt=\"provideButton\"]"}
RESULT: {"using":"xpath","value":"//button[@data-kt=\"provideButton\"]"}
COMMAND: POST /session/e5d91353675ec9eb3e3a21469c7a5328/elements - {"using":"xpath","value":"//button[@data-kt=\"provideButton\"]"}
RESULT: {"using":"xpath","value":"//button[@data-kt=\"provideButton\"]"}
COMMAND: POST /session/e5d91353675ec9eb3e3a21469c7a5328/elements - {"using":"xpath","value":"//button[@data-kt=\"provideButton\"]"}
RESULT: {"using":"xpath","value":"//button[@data-kt=\"provideButton\"]"}
COMMAND: POST /session/e5d91353675ec9eb3e3a21469c7a5328/elements - {"using":"xpath","value":"//button[@data-kt=\"provideButton\"]"}
RESULT: {"using":"xpath","value":"//button[@data-kt=\"provideButton\"]"}
COMMAND: POST /session/e5d91353675ec9eb3e3a21469c7a5328/elements - {"using":"xpath","value":"//button[@data-kt=\"provideButton\"]"}
RESULT: {"using":"xpath","value":"//button[@data-kt=\"provideButton\"]"}
COMMAND: POST /session/e5d91353675ec9eb3e3a21469c7a5328/elements - {"using":"xpath","value":"//button[@data-kt=\"provideButton\"]"}
RESULT: {"using":"xpath","value":"//button[@data-kt=\"provideButton\"]"}
COMMAND: POST /session/e5d91353675ec9eb3e3a21469c7a5328/elements - {"using":"xpath","value":"//button[@data-kt=\"provideButton\"]"}
RESULT: {"using":"xpath","value":"//button[@data-kt=\"provideButton\"]"}
COMMAND: POST /session/e5d91353675ec9eb3e3a21469c7a5328/elements - {"using":"xpath","value":"//button[@data-kt=\"provideButton\"]"}
RESULT: {"using":"xpath","value":"//button[@data-kt=\"provideButton\"]"}
COMMAND: POST /session/e5d91353675ec9eb3e3a21469c7a5328/elements - {"using":"xpath","value":"//button[@data-kt=\"provideButton\"]"}
RESULT: {"using":"xpath","value":"//button[@data-kt=\"provideButton\"]"}
COMMAND: POST /session/e5d91353675ec9eb3e3a21469c7a5328/elements - {"using":"xpath","value":"//button[@data-kt=\"provideButton\"]"}
RESULT: {"using":"xpath","value":"//button[@data-kt=\"provideButton\"]"}
COMMAND: POST /session/e5d91353675ec9eb3e3a21469c7a5328/elements - {"using":"xpath","value":"//button[@data-kt=\"provideButton\"]"}
RESULT: {"using":"xpath","value":"//button[@data-kt=\"provideButton\"]"}
COMMAND: POST /session/e5d91353675ec9eb3e3a21469c7a5328/elements - {"using":"xpath","value":"//button[@data-kt=\"provideButton\"]"}
RESULT: {"using":"xpath","value":"//button[@data-kt=\"provideButton\"]"}
COMMAND: POST /session/e5d91353675ec9eb3e3a21469c7a5328/elements - {"using":"xpath","value":"//button[@data-kt=\"provideButton\"]"}
RESULT: {"using":"xpath","value":"//button[@data-kt=\"provideButton\"]"}
COMMAND: POST /session/e5d91353675ec9eb3e3a21469c7a5328/elements - {"using":"xpath","value":"//button[@data-kt=\"provideButton\"]"}
RESULT: {"using":"xpath","value":"//button[@data-kt=\"provideButton\"]"}
COMMAND: POST /session/e5d91353675ec9eb3e3a21469c7a5328/elements - {"using":"xpath","value":"//button[@data-kt=\"provideButton\"]"}
RESULT: {"using":"xpath","value":"//button[@data-kt=\"provideButton\"]"}
COMMAND: POST /session/e5d91353675ec9eb3e3a21469c7a5328/elements - {"using":"xpath","value":"//button[@data-kt=\"provideButton\"]"}
COMMAND: GET /session/e5d91353675ec9eb3e3a21469c7a5328/screenshot - {}
RESULT: {"using":"xpath","value":"//button[@data-kt=\"provideButton\"]"}
RESULT: {}
]]></system-out>
      <system-err><![CDATA[
Error: Can't call click on element with selector "//button[@data-kt="provideButton"]" because element wasn't found
    at async UtilsPrerequisites.provideToSiteHandoverFromContractDetails (D:\a\1\s\test\specs\BTS\prerequisites-and-utils-functions.js:1949:9)
    at async Context.<anonymous> (D:\a\1\s\test\specs\HTR\create-mass-state-change.spec.js:65:9)
]]></system-err>
    </testcase>
    <testcase classname="chrome.136_0_7103_93.windows.Tests_for_Mass_State_Change_on_Manage_States_&amp;_Performances_US104416_US" name="Should do mass state change on the RU equip multipart 2 days in the future US104416" time="56.599">
      <failure/>
      <error message="element (&quot;//button[contains(@id, &quot;btnMassStateChange&quot;)]&quot;) still not existing after 45000ms"/>
      <system-out><![CDATA[
COMMAND: POST /session/e5d91353675ec9eb3e3a21469c7a5328/execute/async - {"script":"<script> [1562 bytes]","args":[{"selector":{"controlType":"sap.m.GenericTile","properties":{"header":"Manage States & Performance"}},"wdio_ui5_key":"sapm.GenericTile{\"header\":\"Manage States & Performance\"}"}]}
COMMAND: GET /session/e5d91353675ec9eb3e3a21469c7a5328/screenshot - {}
RESULT: {"script":"<script> [1562 bytes]","args":[{"selector":{"controlType":"sap.m.GenericTile","properties":{"header":"Manage States & Performance"}},"wdio_ui5_key":"sapm.GenericTile{\"header\":\"Manage States & Performance\"}"}]}
RESULT: undefined
RESULT: {}
COMMAND: POST /session/e5d91353675ec9eb3e3a21469c7a5328/elements - {"using":"xpath","value":"//span[text()='Error']"}
RESULT: {"using":"xpath","value":"//span[text()='Error']"}
COMMAND: POST /session/e5d91353675ec9eb3e3a21469c7a5328/element - {"using":"xpath","value":"//button[contains(@id, \"btnMassStateChange\")]"}
RESULT: {"using":"xpath","value":"//button[contains(@id, \"btnMassStateChange\")]"}
COMMAND: POST /session/e5d91353675ec9eb3e3a21469c7a5328/elements - {"using":"xpath","value":"//button[contains(@id, \"btnMassStateChange\")]"}
RESULT: {"using":"xpath","value":"//button[contains(@id, \"btnMassStateChange\")]"}
COMMAND: POST /session/e5d91353675ec9eb3e3a21469c7a5328/elements - {"using":"xpath","value":"//button[contains(@id, \"btnMassStateChange\")]"}
RESULT: {"using":"xpath","value":"//button[contains(@id, \"btnMassStateChange\")]"}
COMMAND: POST /session/e5d91353675ec9eb3e3a21469c7a5328/elements - {"using":"xpath","value":"//button[contains(@id, \"btnMassStateChange\")]"}
RESULT: {"using":"xpath","value":"//button[contains(@id, \"btnMassStateChange\")]"}
COMMAND: POST /session/e5d91353675ec9eb3e3a21469c7a5328/elements - {"using":"xpath","value":"//button[contains(@id, \"btnMassStateChange\")]"}
RESULT: {"using":"xpath","value":"//button[contains(@id, \"btnMassStateChange\")]"}
COMMAND: POST /session/e5d91353675ec9eb3e3a21469c7a5328/elements - {"using":"xpath","value":"//button[contains(@id, \"btnMassStateChange\")]"}
RESULT: {"using":"xpath","value":"//button[contains(@id, \"btnMassStateChange\")]"}
COMMAND: POST /session/e5d91353675ec9eb3e3a21469c7a5328/elements - {"using":"xpath","value":"//button[contains(@id, \"btnMassStateChange\")]"}
RESULT: {"using":"xpath","value":"//button[contains(@id, \"btnMassStateChange\")]"}
COMMAND: POST /session/e5d91353675ec9eb3e3a21469c7a5328/elements - {"using":"xpath","value":"//button[contains(@id, \"btnMassStateChange\")]"}
RESULT: {"using":"xpath","value":"//button[contains(@id, \"btnMassStateChange\")]"}
COMMAND: POST /session/e5d91353675ec9eb3e3a21469c7a5328/elements - {"using":"xpath","value":"//button[contains(@id, \"btnMassStateChange\")]"}
RESULT: {"using":"xpath","value":"//button[contains(@id, \"btnMassStateChange\")]"}
COMMAND: POST /session/e5d91353675ec9eb3e3a21469c7a5328/elements - {"using":"xpath","value":"//button[contains(@id, \"btnMassStateChange\")]"}
RESULT: {"using":"xpath","value":"//button[contains(@id, \"btnMassStateChange\")]"}
COMMAND: POST /session/e5d91353675ec9eb3e3a21469c7a5328/elements - {"using":"xpath","value":"//button[contains(@id, \"btnMassStateChange\")]"}
RESULT: {"using":"xpath","value":"//button[contains(@id, \"btnMassStateChange\")]"}
COMMAND: POST /session/e5d91353675ec9eb3e3a21469c7a5328/elements - {"using":"xpath","value":"//button[contains(@id, \"btnMassStateChange\")]"}
RESULT: {"using":"xpath","value":"//button[contains(@id, \"btnMassStateChange\")]"}
COMMAND: POST /session/e5d91353675ec9eb3e3a21469c7a5328/elements - {"using":"xpath","value":"//button[contains(@id, \"btnMassStateChange\")]"}
RESULT: {"using":"xpath","value":"//button[contains(@id, \"btnMassStateChange\")]"}
COMMAND: POST /session/e5d91353675ec9eb3e3a21469c7a5328/elements - {"using":"xpath","value":"//button[contains(@id, \"btnMassStateChange\")]"}
RESULT: {"using":"xpath","value":"//button[contains(@id, \"btnMassStateChange\")]"}
COMMAND: POST /session/e5d91353675ec9eb3e3a21469c7a5328/elements - {"using":"xpath","value":"//button[contains(@id, \"btnMassStateChange\")]"}
RESULT: {"using":"xpath","value":"//button[contains(@id, \"btnMassStateChange\")]"}
COMMAND: POST /session/e5d91353675ec9eb3e3a21469c7a5328/elements - {"using":"xpath","value":"//button[contains(@id, \"btnMassStateChange\")]"}
RESULT: {"using":"xpath","value":"//button[contains(@id, \"btnMassStateChange\")]"}
COMMAND: POST /session/e5d91353675ec9eb3e3a21469c7a5328/elements - {"using":"xpath","value":"//button[contains(@id, \"btnMassStateChange\")]"}
RESULT: {"using":"xpath","value":"//button[contains(@id, \"btnMassStateChange\")]"}
COMMAND: POST /session/e5d91353675ec9eb3e3a21469c7a5328/elements - {"using":"xpath","value":"//button[contains(@id, \"btnMassStateChange\")]"}
RESULT: {"using":"xpath","value":"//button[contains(@id, \"btnMassStateChange\")]"}
COMMAND: POST /session/e5d91353675ec9eb3e3a21469c7a5328/elements - {"using":"xpath","value":"//button[contains(@id, \"btnMassStateChange\")]"}
RESULT: {"using":"xpath","value":"//button[contains(@id, \"btnMassStateChange\")]"}
COMMAND: POST /session/e5d91353675ec9eb3e3a21469c7a5328/elements - {"using":"xpath","value":"//button[contains(@id, \"btnMassStateChange\")]"}
RESULT: {"using":"xpath","value":"//button[contains(@id, \"btnMassStateChange\")]"}
COMMAND: POST /session/e5d91353675ec9eb3e3a21469c7a5328/elements - {"using":"xpath","value":"//button[contains(@id, \"btnMassStateChange\")]"}
RESULT: {"using":"xpath","value":"//button[contains(@id, \"btnMassStateChange\")]"}
COMMAND: POST /session/e5d91353675ec9eb3e3a21469c7a5328/elements - {"using":"xpath","value":"//button[contains(@id, \"btnMassStateChange\")]"}
RESULT: {"using":"xpath","value":"//button[contains(@id, \"btnMassStateChange\")]"}
COMMAND: POST /session/e5d91353675ec9eb3e3a21469c7a5328/elements - {"using":"xpath","value":"//button[contains(@id, \"btnMassStateChange\")]"}
RESULT: {"using":"xpath","value":"//button[contains(@id, \"btnMassStateChange\")]"}
COMMAND: POST /session/e5d91353675ec9eb3e3a21469c7a5328/elements - {"using":"xpath","value":"//button[contains(@id, \"btnMassStateChange\")]"}
RESULT: {"using":"xpath","value":"//button[contains(@id, \"btnMassStateChange\")]"}
COMMAND: POST /session/e5d91353675ec9eb3e3a21469c7a5328/elements - {"using":"xpath","value":"//button[contains(@id, \"btnMassStateChange\")]"}
RESULT: {"using":"xpath","value":"//button[contains(@id, \"btnMassStateChange\")]"}
COMMAND: POST /session/e5d91353675ec9eb3e3a21469c7a5328/elements - {"using":"xpath","value":"//button[contains(@id, \"btnMassStateChange\")]"}
RESULT: {"using":"xpath","value":"//button[contains(@id, \"btnMassStateChange\")]"}
COMMAND: POST /session/e5d91353675ec9eb3e3a21469c7a5328/elements - {"using":"xpath","value":"//button[contains(@id, \"btnMassStateChange\")]"}
RESULT: {"using":"xpath","value":"//button[contains(@id, \"btnMassStateChange\")]"}
COMMAND: POST /session/e5d91353675ec9eb3e3a21469c7a5328/elements - {"using":"xpath","value":"//button[contains(@id, \"btnMassStateChange\")]"}
RESULT: {"using":"xpath","value":"//button[contains(@id, \"btnMassStateChange\")]"}
COMMAND: POST /session/e5d91353675ec9eb3e3a21469c7a5328/elements - {"using":"xpath","value":"//button[contains(@id, \"btnMassStateChange\")]"}
RESULT: {"using":"xpath","value":"//button[contains(@id, \"btnMassStateChange\")]"}
COMMAND: POST /session/e5d91353675ec9eb3e3a21469c7a5328/elements - {"using":"xpath","value":"//button[contains(@id, \"btnMassStateChange\")]"}
RESULT: {"using":"xpath","value":"//button[contains(@id, \"btnMassStateChange\")]"}
COMMAND: POST /session/e5d91353675ec9eb3e3a21469c7a5328/elements - {"using":"xpath","value":"//button[contains(@id, \"btnMassStateChange\")]"}
RESULT: {"using":"xpath","value":"//button[contains(@id, \"btnMassStateChange\")]"}
COMMAND: POST /session/e5d91353675ec9eb3e3a21469c7a5328/elements - {"using":"xpath","value":"//button[contains(@id, \"btnMassStateChange\")]"}
RESULT: {"using":"xpath","value":"//button[contains(@id, \"btnMassStateChange\")]"}
COMMAND: POST /session/e5d91353675ec9eb3e3a21469c7a5328/elements - {"using":"xpath","value":"//button[contains(@id, \"btnMassStateChange\")]"}
RESULT: {"using":"xpath","value":"//button[contains(@id, \"btnMassStateChange\")]"}
COMMAND: POST /session/e5d91353675ec9eb3e3a21469c7a5328/elements - {"using":"xpath","value":"//button[contains(@id, \"btnMassStateChange\")]"}
RESULT: {"using":"xpath","value":"//button[contains(@id, \"btnMassStateChange\")]"}
COMMAND: POST /session/e5d91353675ec9eb3e3a21469c7a5328/elements - {"using":"xpath","value":"//button[contains(@id, \"btnMassStateChange\")]"}
RESULT: {"using":"xpath","value":"//button[contains(@id, \"btnMassStateChange\")]"}
COMMAND: POST /session/e5d91353675ec9eb3e3a21469c7a5328/elements - {"using":"xpath","value":"//button[contains(@id, \"btnMassStateChange\")]"}
RESULT: {"using":"xpath","value":"//button[contains(@id, \"btnMassStateChange\")]"}
COMMAND: POST /session/e5d91353675ec9eb3e3a21469c7a5328/elements - {"using":"xpath","value":"//button[contains(@id, \"btnMassStateChange\")]"}
RESULT: {"using":"xpath","value":"//button[contains(@id, \"btnMassStateChange\")]"}
COMMAND: POST /session/e5d91353675ec9eb3e3a21469c7a5328/elements - {"using":"xpath","value":"//button[contains(@id, \"btnMassStateChange\")]"}
RESULT: {"using":"xpath","value":"//button[contains(@id, \"btnMassStateChange\")]"}
COMMAND: POST /session/e5d91353675ec9eb3e3a21469c7a5328/elements - {"using":"xpath","value":"//button[contains(@id, \"btnMassStateChange\")]"}
RESULT: {"using":"xpath","value":"//button[contains(@id, \"btnMassStateChange\")]"}
COMMAND: POST /session/e5d91353675ec9eb3e3a21469c7a5328/elements - {"using":"xpath","value":"//button[contains(@id, \"btnMassStateChange\")]"}
RESULT: {"using":"xpath","value":"//button[contains(@id, \"btnMassStateChange\")]"}
COMMAND: POST /session/e5d91353675ec9eb3e3a21469c7a5328/elements - {"using":"xpath","value":"//button[contains(@id, \"btnMassStateChange\")]"}
RESULT: {"using":"xpath","value":"//button[contains(@id, \"btnMassStateChange\")]"}
COMMAND: POST /session/e5d91353675ec9eb3e3a21469c7a5328/elements - {"using":"xpath","value":"//button[contains(@id, \"btnMassStateChange\")]"}
RESULT: {"using":"xpath","value":"//button[contains(@id, \"btnMassStateChange\")]"}
COMMAND: POST /session/e5d91353675ec9eb3e3a21469c7a5328/elements - {"using":"xpath","value":"//button[contains(@id, \"btnMassStateChange\")]"}
RESULT: {"using":"xpath","value":"//button[contains(@id, \"btnMassStateChange\")]"}
COMMAND: POST /session/e5d91353675ec9eb3e3a21469c7a5328/elements - {"using":"xpath","value":"//button[contains(@id, \"btnMassStateChange\")]"}
RESULT: {"using":"xpath","value":"//button[contains(@id, \"btnMassStateChange\")]"}
COMMAND: POST /session/e5d91353675ec9eb3e3a21469c7a5328/elements - {"using":"xpath","value":"//button[contains(@id, \"btnMassStateChange\")]"}
RESULT: {"using":"xpath","value":"//button[contains(@id, \"btnMassStateChange\")]"}
COMMAND: POST /session/e5d91353675ec9eb3e3a21469c7a5328/elements - {"using":"xpath","value":"//button[contains(@id, \"btnMassStateChange\")]"}
RESULT: {"using":"xpath","value":"//button[contains(@id, \"btnMassStateChange\")]"}
COMMAND: POST /session/e5d91353675ec9eb3e3a21469c7a5328/elements - {"using":"xpath","value":"//button[contains(@id, \"btnMassStateChange\")]"}
RESULT: {"using":"xpath","value":"//button[contains(@id, \"btnMassStateChange\")]"}
COMMAND: POST /session/e5d91353675ec9eb3e3a21469c7a5328/elements - {"using":"xpath","value":"//button[contains(@id, \"btnMassStateChange\")]"}
RESULT: {"using":"xpath","value":"//button[contains(@id, \"btnMassStateChange\")]"}
COMMAND: POST /session/e5d91353675ec9eb3e3a21469c7a5328/elements - {"using":"xpath","value":"//button[contains(@id, \"btnMassStateChange\")]"}
RESULT: {"using":"xpath","value":"//button[contains(@id, \"btnMassStateChange\")]"}
COMMAND: POST /session/e5d91353675ec9eb3e3a21469c7a5328/elements - {"using":"xpath","value":"//button[contains(@id, \"btnMassStateChange\")]"}
RESULT: {"using":"xpath","value":"//button[contains(@id, \"btnMassStateChange\")]"}
COMMAND: POST /session/e5d91353675ec9eb3e3a21469c7a5328/elements - {"using":"xpath","value":"//button[contains(@id, \"btnMassStateChange\")]"}
RESULT: {"using":"xpath","value":"//button[contains(@id, \"btnMassStateChange\")]"}
COMMAND: POST /session/e5d91353675ec9eb3e3a21469c7a5328/elements - {"using":"xpath","value":"//button[contains(@id, \"btnMassStateChange\")]"}
RESULT: {"using":"xpath","value":"//button[contains(@id, \"btnMassStateChange\")]"}
COMMAND: POST /session/e5d91353675ec9eb3e3a21469c7a5328/elements - {"using":"xpath","value":"//button[contains(@id, \"btnMassStateChange\")]"}
RESULT: {"using":"xpath","value":"//button[contains(@id, \"btnMassStateChange\")]"}
COMMAND: POST /session/e5d91353675ec9eb3e3a21469c7a5328/elements - {"using":"xpath","value":"//button[contains(@id, \"btnMassStateChange\")]"}
RESULT: {"using":"xpath","value":"//button[contains(@id, \"btnMassStateChange\")]"}
COMMAND: POST /session/e5d91353675ec9eb3e3a21469c7a5328/elements - {"using":"xpath","value":"//button[contains(@id, \"btnMassStateChange\")]"}
RESULT: {"using":"xpath","value":"//button[contains(@id, \"btnMassStateChange\")]"}
COMMAND: POST /session/e5d91353675ec9eb3e3a21469c7a5328/elements - {"using":"xpath","value":"//button[contains(@id, \"btnMassStateChange\")]"}
RESULT: {"using":"xpath","value":"//button[contains(@id, \"btnMassStateChange\")]"}
COMMAND: POST /session/e5d91353675ec9eb3e3a21469c7a5328/elements - {"using":"xpath","value":"//button[contains(@id, \"btnMassStateChange\")]"}
RESULT: {"using":"xpath","value":"//button[contains(@id, \"btnMassStateChange\")]"}
COMMAND: POST /session/e5d91353675ec9eb3e3a21469c7a5328/elements - {"using":"xpath","value":"//button[contains(@id, \"btnMassStateChange\")]"}
RESULT: {"using":"xpath","value":"//button[contains(@id, \"btnMassStateChange\")]"}
COMMAND: POST /session/e5d91353675ec9eb3e3a21469c7a5328/elements - {"using":"xpath","value":"//button[contains(@id, \"btnMassStateChange\")]"}
RESULT: {"using":"xpath","value":"//button[contains(@id, \"btnMassStateChange\")]"}
COMMAND: POST /session/e5d91353675ec9eb3e3a21469c7a5328/elements - {"using":"xpath","value":"//button[contains(@id, \"btnMassStateChange\")]"}
RESULT: {"using":"xpath","value":"//button[contains(@id, \"btnMassStateChange\")]"}
COMMAND: POST /session/e5d91353675ec9eb3e3a21469c7a5328/elements - {"using":"xpath","value":"//button[contains(@id, \"btnMassStateChange\")]"}
RESULT: {"using":"xpath","value":"//button[contains(@id, \"btnMassStateChange\")]"}
COMMAND: POST /session/e5d91353675ec9eb3e3a21469c7a5328/elements - {"using":"xpath","value":"//button[contains(@id, \"btnMassStateChange\")]"}
RESULT: {"using":"xpath","value":"//button[contains(@id, \"btnMassStateChange\")]"}
COMMAND: POST /session/e5d91353675ec9eb3e3a21469c7a5328/elements - {"using":"xpath","value":"//button[contains(@id, \"btnMassStateChange\")]"}
RESULT: {"using":"xpath","value":"//button[contains(@id, \"btnMassStateChange\")]"}
COMMAND: POST /session/e5d91353675ec9eb3e3a21469c7a5328/elements - {"using":"xpath","value":"//button[contains(@id, \"btnMassStateChange\")]"}
RESULT: {"using":"xpath","value":"//button[contains(@id, \"btnMassStateChange\")]"}
COMMAND: POST /session/e5d91353675ec9eb3e3a21469c7a5328/elements - {"using":"xpath","value":"//button[contains(@id, \"btnMassStateChange\")]"}
RESULT: {"using":"xpath","value":"//button[contains(@id, \"btnMassStateChange\")]"}
COMMAND: POST /session/e5d91353675ec9eb3e3a21469c7a5328/elements - {"using":"xpath","value":"//button[contains(@id, \"btnMassStateChange\")]"}
RESULT: {"using":"xpath","value":"//button[contains(@id, \"btnMassStateChange\")]"}
COMMAND: POST /session/e5d91353675ec9eb3e3a21469c7a5328/elements - {"using":"xpath","value":"//button[contains(@id, \"btnMassStateChange\")]"}
RESULT: {"using":"xpath","value":"//button[contains(@id, \"btnMassStateChange\")]"}
COMMAND: POST /session/e5d91353675ec9eb3e3a21469c7a5328/elements - {"using":"xpath","value":"//button[contains(@id, \"btnMassStateChange\")]"}
RESULT: {"using":"xpath","value":"//button[contains(@id, \"btnMassStateChange\")]"}
COMMAND: POST /session/e5d91353675ec9eb3e3a21469c7a5328/elements - {"using":"xpath","value":"//button[contains(@id, \"btnMassStateChange\")]"}
RESULT: {"using":"xpath","value":"//button[contains(@id, \"btnMassStateChange\")]"}
COMMAND: POST /session/e5d91353675ec9eb3e3a21469c7a5328/elements - {"using":"xpath","value":"//button[contains(@id, \"btnMassStateChange\")]"}
RESULT: {"using":"xpath","value":"//button[contains(@id, \"btnMassStateChange\")]"}
COMMAND: POST /session/e5d91353675ec9eb3e3a21469c7a5328/elements - {"using":"xpath","value":"//button[contains(@id, \"btnMassStateChange\")]"}
RESULT: {"using":"xpath","value":"//button[contains(@id, \"btnMassStateChange\")]"}
COMMAND: POST /session/e5d91353675ec9eb3e3a21469c7a5328/elements - {"using":"xpath","value":"//button[contains(@id, \"btnMassStateChange\")]"}
RESULT: {"using":"xpath","value":"//button[contains(@id, \"btnMassStateChange\")]"}
COMMAND: POST /session/e5d91353675ec9eb3e3a21469c7a5328/elements - {"using":"xpath","value":"//button[contains(@id, \"btnMassStateChange\")]"}
RESULT: {"using":"xpath","value":"//button[contains(@id, \"btnMassStateChange\")]"}
COMMAND: POST /session/e5d91353675ec9eb3e3a21469c7a5328/elements - {"using":"xpath","value":"//button[contains(@id, \"btnMassStateChange\")]"}
RESULT: {"using":"xpath","value":"//button[contains(@id, \"btnMassStateChange\")]"}
COMMAND: POST /session/e5d91353675ec9eb3e3a21469c7a5328/elements - {"using":"xpath","value":"//button[contains(@id, \"btnMassStateChange\")]"}
RESULT: {"using":"xpath","value":"//button[contains(@id, \"btnMassStateChange\")]"}
COMMAND: POST /session/e5d91353675ec9eb3e3a21469c7a5328/elements - {"using":"xpath","value":"//button[contains(@id, \"btnMassStateChange\")]"}
RESULT: {"using":"xpath","value":"//button[contains(@id, \"btnMassStateChange\")]"}
COMMAND: POST /session/e5d91353675ec9eb3e3a21469c7a5328/elements - {"using":"xpath","value":"//button[contains(@id, \"btnMassStateChange\")]"}
RESULT: {"using":"xpath","value":"//button[contains(@id, \"btnMassStateChange\")]"}
COMMAND: POST /session/e5d91353675ec9eb3e3a21469c7a5328/elements - {"using":"xpath","value":"//button[contains(@id, \"btnMassStateChange\")]"}
RESULT: {"using":"xpath","value":"//button[contains(@id, \"btnMassStateChange\")]"}
COMMAND: POST /session/e5d91353675ec9eb3e3a21469c7a5328/elements - {"using":"xpath","value":"//button[contains(@id, \"btnMassStateChange\")]"}
RESULT: {"using":"xpath","value":"//button[contains(@id, \"btnMassStateChange\")]"}
COMMAND: POST /session/e5d91353675ec9eb3e3a21469c7a5328/elements - {"using":"xpath","value":"//button[contains(@id, \"btnMassStateChange\")]"}
RESULT: {"using":"xpath","value":"//button[contains(@id, \"btnMassStateChange\")]"}
COMMAND: POST /session/e5d91353675ec9eb3e3a21469c7a5328/elements - {"using":"xpath","value":"//button[contains(@id, \"btnMassStateChange\")]"}
RESULT: {"using":"xpath","value":"//button[contains(@id, \"btnMassStateChange\")]"}
COMMAND: POST /session/e5d91353675ec9eb3e3a21469c7a5328/elements - {"using":"xpath","value":"//button[contains(@id, \"btnMassStateChange\")]"}
RESULT: {"using":"xpath","value":"//button[contains(@id, \"btnMassStateChange\")]"}
COMMAND: POST /session/e5d91353675ec9eb3e3a21469c7a5328/elements - {"using":"xpath","value":"//button[contains(@id, \"btnMassStateChange\")]"}
RESULT: {"using":"xpath","value":"//button[contains(@id, \"btnMassStateChange\")]"}
COMMAND: POST /session/e5d91353675ec9eb3e3a21469c7a5328/elements - {"using":"xpath","value":"//button[contains(@id, \"btnMassStateChange\")]"}
RESULT: {"using":"xpath","value":"//button[contains(@id, \"btnMassStateChange\")]"}
COMMAND: POST /session/e5d91353675ec9eb3e3a21469c7a5328/elements - {"using":"xpath","value":"//button[contains(@id, \"btnMassStateChange\")]"}
RESULT: {"using":"xpath","value":"//button[contains(@id, \"btnMassStateChange\")]"}
COMMAND: POST /session/e5d91353675ec9eb3e3a21469c7a5328/elements - {"using":"xpath","value":"//button[contains(@id, \"btnMassStateChange\")]"}
RESULT: {"using":"xpath","value":"//button[contains(@id, \"btnMassStateChange\")]"}
COMMAND: POST /session/e5d91353675ec9eb3e3a21469c7a5328/elements - {"using":"xpath","value":"//button[contains(@id, \"btnMassStateChange\")]"}
RESULT: {"using":"xpath","value":"//button[contains(@id, \"btnMassStateChange\")]"}
COMMAND: POST /session/e5d91353675ec9eb3e3a21469c7a5328/elements - {"using":"xpath","value":"//button[contains(@id, \"btnMassStateChange\")]"}
RESULT: {"using":"xpath","value":"//button[contains(@id, \"btnMassStateChange\")]"}
COMMAND: POST /session/e5d91353675ec9eb3e3a21469c7a5328/elements - {"using":"xpath","value":"//button[contains(@id, \"btnMassStateChange\")]"}
RESULT: {"using":"xpath","value":"//button[contains(@id, \"btnMassStateChange\")]"}
COMMAND: POST /session/e5d91353675ec9eb3e3a21469c7a5328/elements - {"using":"xpath","value":"//button[contains(@id, \"btnMassStateChange\")]"}
RESULT: {"using":"xpath","value":"//button[contains(@id, \"btnMassStateChange\")]"}
COMMAND: POST /session/e5d91353675ec9eb3e3a21469c7a5328/elements - {"using":"xpath","value":"//button[contains(@id, \"btnMassStateChange\")]"}
RESULT: {"using":"xpath","value":"//button[contains(@id, \"btnMassStateChange\")]"}
COMMAND: GET /session/e5d91353675ec9eb3e3a21469c7a5328/screenshot - {}
RESULT: {}
COMMAND: POST /session/e5d91353675ec9eb3e3a21469c7a5328/element - {"using":"css selector","value":"#j_username"}
COMMAND: POST /session/e5d91353675ec9eb3e3a21469c7a5328/url - {"url":"https://qa-testing-00-live-etm-ui.cfapps.eu10-004.hana.ondemand.com/"}
COMMAND: GET /session/e5d91353675ec9eb3e3a21469c7a5328/screenshot - {}
COMMAND: GET /session/e5d91353675ec9eb3e3a21469c7a5328/screenshot - {}
RESULT: {"using":"css selector","value":"#j_username"}
COMMAND: POST /session/e5d91353675ec9eb3e3a21469c7a5328/element - {"using":"css selector","value":"#j_username"}
RESULT: {"url":"https://qa-testing-00-live-etm-ui.cfapps.eu10-004.hana.ondemand.com/"}
RESULT: undefined
COMMAND: GET /session/e5d91353675ec9eb3e3a21469c7a5328/screenshot - {}
RESULT: {}
RESULT: {}
RESULT: {"using":"css selector","value":"#j_username"}
COMMAND: POST /session/e5d91353675ec9eb3e3a21469c7a5328/element - {"using":"css selector","value":"#shell-header-logo"}
RESULT: {}
RESULT: {"using":"css selector","value":"#shell-header-logo"}
COMMAND: POST /session/e5d91353675ec9eb3e3a21469c7a5328/execute/sync - {"script":"<script> [8489 bytes]","args":[{"element-6066-11e4-a52e-4f735466cecf":"f.C1E909D8719DE039BC4E21351344D585.d.F4E525A3C0F201BB29505752E122CF12.e.3780","ELEMENT":"f.C1E909D8719DE039BC4E21351344D585.d.F4E525A3C0F201BB29505752E122CF12.e.3780"}]}
RESULT: {"script":"<script> [8489 bytes]","args":[{"element-6066-11e4-a52e-4f735466cecf":"f.C1E909D8719DE039BC4E21351344D585.d.F4E525A3C0F201BB29505752E122CF12.e.3780","ELEMENT":"f.C1E909D8719DE039BC4E21351344D585.d.F4E525A3C0F201BB29505752E122CF12.e.3780"}]}
COMMAND: POST /session/e5d91353675ec9eb3e3a21469c7a5328/element - {"using":"css selector","value":"#shell-header-logo"}
COMMAND: GET /session/e5d91353675ec9eb3e3a21469c7a5328/screenshot - {}
RESULT: {"using":"css selector","value":"#shell-header-logo"}
COMMAND: POST /session/e5d91353675ec9eb3e3a21469c7a5328/execute/sync - {"script":"<script> [8489 bytes]","args":[{"element-6066-11e4-a52e-4f735466cecf":"f.C1E909D8719DE039BC4E21351344D585.d.F4E525A3C0F201BB29505752E122CF12.e.3780","ELEMENT":"f.C1E909D8719DE039BC4E21351344D585.d.F4E525A3C0F201BB29505752E122CF12.e.3780"}]}
RESULT: {}
RESULT: {"script":"<script> [8489 bytes]","args":[{"element-6066-11e4-a52e-4f735466cecf":"f.C1E909D8719DE039BC4E21351344D585.d.F4E525A3C0F201BB29505752E122CF12.e.3780","ELEMENT":"f.C1E909D8719DE039BC4E21351344D585.d.F4E525A3C0F201BB29505752E122CF12.e.3780"}]}
COMMAND: POST /session/e5d91353675ec9eb3e3a21469c7a5328/execute/sync - {"script":"<script> [5351 bytes]","args":[{"element-6066-11e4-a52e-4f735466cecf":"f.C1E909D8719DE039BC4E21351344D585.d.F4E525A3C0F201BB29505752E122CF12.e.3780","ELEMENT":"f.C1E909D8719DE039BC4E21351344D585.d.F4E525A3C0F201BB29505752E122CF12.e.3780"}]}
COMMAND: GET /session/e5d91353675ec9eb3e3a21469c7a5328/screenshot - {}
RESULT: {"script":"<script> [5351 bytes]","args":[{"element-6066-11e4-a52e-4f735466cecf":"f.C1E909D8719DE039BC4E21351344D585.d.F4E525A3C0F201BB29505752E122CF12.e.3780","ELEMENT":"f.C1E909D8719DE039BC4E21351344D585.d.F4E525A3C0F201BB29505752E122CF12.e.3780"}]}
COMMAND: POST /session/e5d91353675ec9eb3e3a21469c7a5328/element - {"using":"css selector","value":"#shell-header-logo"}
COMMAND: GET /session/e5d91353675ec9eb3e3a21469c7a5328/screenshot - {}
RESULT: {}
RESULT: {"using":"css selector","value":"#shell-header-logo"}
COMMAND: POST /session/e5d91353675ec9eb3e3a21469c7a5328/element/f.C1E909D8719DE039BC4E21351344D585.d.F4E525A3C0F201BB29505752E122CF12.e.3780/click - {}
RESULT: {}
RESULT: {}
COMMAND: GET /session/e5d91353675ec9eb3e3a21469c7a5328/screenshot - {}
RESULT: {}
COMMAND: POST /session/e5d91353675ec9eb3e3a21469c7a5328/execute/async - {"script":"<script> [189 bytes]","args":[]}
RESULT: {"script":"<script> [189 bytes]","args":[]}
COMMAND: POST /session/e5d91353675ec9eb3e3a21469c7a5328/execute/async - {"script":"<script> [123 bytes]","args":[]}
RESULT: {"script":"<script> [123 bytes]","args":[]}
COMMAND: POST /session/e5d91353675ec9eb3e3a21469c7a5328/timeouts - {"script":"<number>"}
RESULT: {"script":"<number>"}
COMMAND: GET /session/e5d91353675ec9eb3e3a21469c7a5328/timeouts - {}
RESULT: {}
RESULT: undefined
COMMAND: POST /session/e5d91353675ec9eb3e3a21469c7a5328/execute/async - {"script":"<script> [2676 bytes]","args":[]}
RESULT: {"script":"<script> [2676 bytes]","args":[]}
COMMAND: POST /session/e5d91353675ec9eb3e3a21469c7a5328/execute/async - {"script":"<script> [2342 bytes]","args":[{"protocol":"http","hostname":"0.0.0.0","path":"/","capabilities":{"browserName":"chrome","goog:chromeOptions":{"binary":"C:\\Program Files\\Google\\Chrome\\Application\\chrome.exe","args":["--start-maximized"]}},"logLevel":"warn","connectionRetryTimeout":120000,"connectionRetryCount":3,"logLevels":{},"enableDirectConnect":true,"strictSSL":true,"_":"65 more keys: [\"cacheDir\",\"port\",\"requestedCapabilities\",\"automationProtocol\",\"baseUrl\",\"waitforInterval\",\"waitforTimeout\",\"onReload\",\"beforeCommand\",\"afterCommand\",\"rootDir\",\"specs\",\"suites\",\"exclude\",\"groupLogsByTestSpec\",\"excludeDriverLogs\",\"bail\",\"framework\",\"reporters\",\"services\",\"maxInstances\",\"maxInstancesPerCapability\",\"injectGlobals\",\"filesToWatch\",\"execArgv\",\"runnerEnv\",\"runner\",\"shard\",\"specFileRetries\",\"specFileRetriesDelay\",\"specFileRetriesDeferred\",\"reporterSyncInterval\",\"reporterSyncTimeout\",\"cucumberFeaturesWithLineNumbers\",\"autoCompileOpts\",\"mochaOpts\",\"jasmineOpts\",\"cucumberOpts\",\"onPrepare\",\"onWorkerStart\",\"onWorkerEnd\",\"before\",\"beforeSession\",\"beforeSuite\",\"beforeHook\",\"beforeTest\",\"afterTest\",\"afterHook\",\"afterSuite\",\"afterSession\",\"after\",\"onComplete\",\"beforeAssertion\",\"afterAssertion\",\"beforeFeature\",\"beforeScenario\",\"beforeStep\",\"afterStep\",\"afterScenario\",\"afterFeature\",\"_\",\"suite\",\"$0\",\"ignoredWorkerServices\",\"wdi5\"]"}]}
RESULT: {"script":"<script> [2342 bytes]","args":[{"protocol":"http","hostname":"0.0.0.0","path":"/","capabilities":{"browserName":"chrome","goog:chromeOptions":{"binary":"C:\\Program Files\\Google\\Chrome\\Application\\chrome.exe","args":["--start-maximized"]}},"logLevel":"warn","connectionRetryTimeout":120000,"connectionRetryCount":3,"logLevels":{},"enableDirectConnect":true,"strictSSL":true,"_":"65 more keys: [\"cacheDir\",\"port\",\"requestedCapabilities\",\"automationProtocol\",\"baseUrl\",\"waitforInterval\",\"waitforTimeout\",\"onReload\",\"beforeCommand\",\"afterCommand\",\"rootDir\",\"specs\",\"suites\",\"exclude\",\"groupLogsByTestSpec\",\"excludeDriverLogs\",\"bail\",\"framework\",\"reporters\",\"services\",\"maxInstances\",\"maxInstancesPerCapability\",\"injectGlobals\",\"filesToWatch\",\"execArgv\",\"runnerEnv\",\"runner\",\"shard\",\"specFileRetries\",\"specFileRetriesDelay\",\"specFileRetriesDeferred\",\"reporterSyncInterval\",\"reporterSyncTimeout\",\"cucumberFeaturesWithLineNumbers\",\"autoCompileOpts\",\"mochaOpts\",\"jasmineOpts\",\"cucumberOpts\",\"onPrepare\",\"onWorkerStart\",\"onWorkerEnd\",\"before\",\"beforeSession\",\"beforeSuite\",\"beforeHook\",\"beforeTest\",\"afterTest\",\"afterHook\",\"afterSuite\",\"afterSession\",\"after\",\"onComplete\",\"beforeAssertion\",\"afterAssertion\",\"beforeFeature\",\"beforeScenario\",\"beforeStep\",\"afterStep\",\"afterScenario\",\"afterFeature\",\"_\",\"suite\",\"$0\",\"ignoredWorkerServices\",\"wdi5\"]"}]}
COMMAND: POST /session/e5d91353675ec9eb3e3a21469c7a5328/execute/async - {"script":"<script> [21126 bytes]","args":[35000]}
RESULT: {"script":"<script> [21126 bytes]","args":[35000]}
COMMAND: POST /session/e5d91353675ec9eb3e3a21469c7a5328/window/maximize - {}
RESULT: {}
COMMAND: POST /session/e5d91353675ec9eb3e3a21469c7a5328/execute/async - {"script":"<script> [1562 bytes]","args":[{"selector":{"id":"shell-header","interaction":{"idSuffix":"icon"}},"wdio_ui5_key":"shellheader"}]}
COMMAND: GET /session/e5d91353675ec9eb3e3a21469c7a5328/screenshot - {}
RESULT: {"script":"<script> [1562 bytes]","args":[{"selector":{"id":"shell-header","interaction":{"idSuffix":"icon"}},"wdio_ui5_key":"shellheader"}]}
RESULT: undefined
COMMAND: POST /session/e5d91353675ec9eb3e3a21469c7a5328/window/fullscreen - {}
RESULT: {}
RESULT: {}
]]></system-out>
      <system-err><![CDATA[
Error: element ("//button[contains(@id, "btnMassStateChange")]") still not existing after 45000ms
    at async Context.<anonymous> (D:\a\1\s\test\specs\HTR\create-mass-state-change.spec.js:74:9)
]]></system-err>
    </testcase>
  </testsuite>
  <testsuite timestamp="2025-05-30T18:15:22" time="940.919" tests="6" failures="5" errors="5" skipped="0">
    <properties>
      <property name="specId" value="0"/>
      <property name="suiteName" value="Manage States &amp; Performance Tests US151247 US151423 US151467"/>
      <property name="capabilities" value="chrome.136_0_7103_93.windows"/>
      <property name="file" value="file:///D:/a/1/s/test/specs/HTR/manage-states-perf.spec.js"/>
    </properties>
    <testcase classname="chrome.136_0_7103_93.windows.Manage_States_&amp;_Performance_Tests_US151247_US151423_US151467" name="Prereq Should create a yard partner and site" time="437.119">
      <system-out><![CDATA[
COMMAND: POST /session/e5d91353675ec9eb3e3a21469c7a5328/execute/async - {"script":"<script> [1562 bytes]","args":[{"selector":{"controlType":"sap.m.GenericTile","properties":{"header":"Manage Yards"}},"wdio_ui5_key":"sapm.GenericTile{\"header\":\"Manage Yards\"}"}]}
RESULT: {"script":"<script> [1562 bytes]","args":[{"selector":{"controlType":"sap.m.GenericTile","properties":{"header":"Manage Yards"}},"wdio_ui5_key":"sapm.GenericTile{\"header\":\"Manage Yards\"}"}]}
RESULT: undefined
COMMAND: POST /session/e5d91353675ec9eb3e3a21469c7a5328/element - {"using":"xpath","value":"//*[@id=\"__tile33\"]"}
RESULT: {"using":"xpath","value":"//*[@id=\"__tile33\"]"}
COMMAND: POST /session/e5d91353675ec9eb3e3a21469c7a5328/element/f.C1E909D8719DE039BC4E21351344D585.d.F4E525A3C0F201BB29505752E122CF12.e.3809/click - {}
RESULT: {}
COMMAND: GET /session/e5d91353675ec9eb3e3a21469c7a5328/screenshot - {}
RESULT: {}
COMMAND: POST /session/e5d91353675ec9eb3e3a21469c7a5328/elements - {"using":"xpath","value":"//span[text()='Error']"}
RESULT: {"using":"xpath","value":"//span[text()='Error']"}
COMMAND: POST /session/e5d91353675ec9eb3e3a21469c7a5328/element - {"using":"xpath","value":"//button[@data-kt=\"addNewYardOverflowToolbarButton\"]"}
RESULT: {"using":"xpath","value":"//button[@data-kt=\"addNewYardOverflowToolbarButton\"]"}
COMMAND: POST /session/e5d91353675ec9eb3e3a21469c7a5328/elements - {"using":"xpath","value":"//button[@data-kt=\"addNewYardOverflowToolbarButton\"]"}
RESULT: {"using":"xpath","value":"//button[@data-kt=\"addNewYardOverflowToolbarButton\"]"}
COMMAND: POST /session/e5d91353675ec9eb3e3a21469c7a5328/elements - {"using":"xpath","value":"//button[@data-kt=\"addNewYardOverflowToolbarButton\"]"}
RESULT: {"using":"xpath","value":"//button[@data-kt=\"addNewYardOverflowToolbarButton\"]"}
COMMAND: POST /session/e5d91353675ec9eb3e3a21469c7a5328/element - {"using":"xpath","value":"//button[@data-kt=\"addNewYardOverflowToolbarButton\"]"}
RESULT: {"using":"xpath","value":"//button[@data-kt=\"addNewYardOverflowToolbarButton\"]"}
COMMAND: POST /session/e5d91353675ec9eb3e3a21469c7a5328/execute/sync - {"script":"<script> [8489 bytes]","args":[{"element-6066-11e4-a52e-4f735466cecf":"f.C1E909D8719DE039BC4E21351344D585.d.F4E525A3C0F201BB29505752E122CF12.e.3934","ELEMENT":"f.C1E909D8719DE039BC4E21351344D585.d.F4E525A3C0F201BB29505752E122CF12.e.3934"}]}
RESULT: {"script":"<script> [8489 bytes]","args":[{"element-6066-11e4-a52e-4f735466cecf":"f.C1E909D8719DE039BC4E21351344D585.d.F4E525A3C0F201BB29505752E122CF12.e.3934","ELEMENT":"f.C1E909D8719DE039BC4E21351344D585.d.F4E525A3C0F201BB29505752E122CF12.e.3934"}]}
COMMAND: GET /session/e5d91353675ec9eb3e3a21469c7a5328/element/f.C1E909D8719DE039BC4E21351344D585.d.F4E525A3C0F201BB29505752E122CF12.e.3934/enabled - {}
COMMAND: GET /session/e5d91353675ec9eb3e3a21469c7a5328/screenshot - {}
RESULT: {}
COMMAND: POST /session/e5d91353675ec9eb3e3a21469c7a5328/execute/sync - {"script":"<script> [8489 bytes]","args":[{"element-6066-11e4-a52e-4f735466cecf":"f.C1E909D8719DE039BC4E21351344D585.d.F4E525A3C0F201BB29505752E122CF12.e.3934","ELEMENT":"f.C1E909D8719DE039BC4E21351344D585.d.F4E525A3C0F201BB29505752E122CF12.e.3934"}]}
COMMAND: GET /session/e5d91353675ec9eb3e3a21469c7a5328/screenshot - {}
RESULT: {}
RESULT: {"script":"<script> [8489 bytes]","args":[{"element-6066-11e4-a52e-4f735466cecf":"f.C1E909D8719DE039BC4E21351344D585.d.F4E525A3C0F201BB29505752E122CF12.e.3934","ELEMENT":"f.C1E909D8719DE039BC4E21351344D585.d.F4E525A3C0F201BB29505752E122CF12.e.3934"}]}
COMMAND: POST /session/e5d91353675ec9eb3e3a21469c7a5328/execute/sync - {"script":"<script> [5351 bytes]","args":[{"element-6066-11e4-a52e-4f735466cecf":"f.C1E909D8719DE039BC4E21351344D585.d.F4E525A3C0F201BB29505752E122CF12.e.3934","ELEMENT":"f.C1E909D8719DE039BC4E21351344D585.d.F4E525A3C0F201BB29505752E122CF12.e.3934"}]}
COMMAND: GET /session/e5d91353675ec9eb3e3a21469c7a5328/screenshot - {}
RESULT: {}
RESULT: {"script":"<script> [5351 bytes]","args":[{"element-6066-11e4-a52e-4f735466cecf":"f.C1E909D8719DE039BC4E21351344D585.d.F4E525A3C0F201BB29505752E122CF12.e.3934","ELEMENT":"f.C1E909D8719DE039BC4E21351344D585.d.F4E525A3C0F201BB29505752E122CF12.e.3934"}]}
COMMAND: POST /session/e5d91353675ec9eb3e3a21469c7a5328/element/f.C1E909D8719DE039BC4E21351344D585.d.F4E525A3C0F201BB29505752E122CF12.e.3934/click - {}
COMMAND: GET /session/e5d91353675ec9eb3e3a21469c7a5328/screenshot - {}
RESULT: {}
RESULT: {}
COMMAND: GET /session/e5d91353675ec9eb3e3a21469c7a5328/screenshot - {}
RESULT: {}
COMMAND: POST /session/e5d91353675ec9eb3e3a21469c7a5328/element - {"using":"xpath","value":"//input[@id=\"application-manageyards-display-component---NewYard--yardId-inner\"]"}
RESULT: {}
RESULT: {"using":"xpath","value":"//input[@id=\"application-manageyards-display-component---NewYard--yardId-inner\"]"}
COMMAND: POST /session/e5d91353675ec9eb3e3a21469c7a5328/element - {"using":"xpath","value":"//input[@id=\"application-manageyards-display-component---NewYard--yardId-inner\"]"}
RESULT: {"using":"xpath","value":"//input[@id=\"application-manageyards-display-component---NewYard--yardId-inner\"]"}
COMMAND: POST /session/e5d91353675ec9eb3e3a21469c7a5328/execute/async - {"script":"<script> [1562 bytes]","args":[{"selector":{"id":"application-manageyards-display-component---NewYard--addressDetailDetailsName1","interaction":{"idSuffix":"inner"}},"wdio_ui5_key":"applicationmanageyards-display-component---NewYard--addressDetailDetailsName1"}]}
RESULT: {"script":"<script> [1562 bytes]","args":[{"selector":{"id":"application-manageyards-display-component---NewYard--addressDetailDetailsName1","interaction":{"idSuffix":"inner"}},"wdio_ui5_key":"applicationmanageyards-display-component---NewYard--addressDetailDetailsName1"}]}
RESULT: undefined
COMMAND: POST /session/e5d91353675ec9eb3e3a21469c7a5328/execute/async - {"script":"<script> [776 bytes]","args":[{"enterText":"Intercompany Yard wdIO","selector":{"id":"application-manageyards-display-component---NewYard--addressDetailDetailsName1","interaction":{"idSuffix":"inner"}},"clearTextFirst":true,"interactionType":"ENTER_TEXT"}]}
RESULT: {"script":"<script> [776 bytes]","args":[{"enterText":"Intercompany Yard wdIO","selector":{"id":"application-manageyards-display-component---NewYard--addressDetailDetailsName1","interaction":{"idSuffix":"inner"}},"clearTextFirst":true,"interactionType":"ENTER_TEXT"}]}
COMMAND: POST /session/e5d91353675ec9eb3e3a21469c7a5328/execute/async - {"script":"<script> [1562 bytes]","args":[{"selector":{"id":"application-manageyards-display-component---NewYard--addressDetailDetailsLanguage-arrow"},"wdio_ui5_key":"applicationmanageyards-display-component---NewYard--addressDetailDetailsLanguage-arrow"}]}
RESULT: {"script":"<script> [1562 bytes]","args":[{"selector":{"id":"application-manageyards-display-component---NewYard--addressDetailDetailsLanguage-arrow"},"wdio_ui5_key":"applicationmanageyards-display-component---NewYard--addressDetailDetailsLanguage-arrow"}]}
RESULT: undefined
COMMAND: POST /session/e5d91353675ec9eb3e3a21469c7a5328/element - {"using":"xpath","value":"//*[@id=\"application-manageyards-display-component---NewYard--addressDetailDetailsLanguage-arrow\"]"}
RESULT: {"using":"xpath","value":"//*[@id=\"application-manageyards-display-component---NewYard--addressDetailDetailsLanguage-arrow\"]"}
COMMAND: POST /session/e5d91353675ec9eb3e3a21469c7a5328/element/f.C1E909D8719DE039BC4E21351344D585.d.F4E525A3C0F201BB29505752E122CF12.e.4367/click - {}
RESULT: {}
COMMAND: POST /session/e5d91353675ec9eb3e3a21469c7a5328/element - {"using":"xpath","value":"//span[contains(text(), \"English\")]"}
COMMAND: GET /session/e5d91353675ec9eb3e3a21469c7a5328/screenshot - {}
RESULT: {"using":"xpath","value":"//span[contains(text(), \"English\")]"}
COMMAND: POST /session/e5d91353675ec9eb3e3a21469c7a5328/element/f.C1E909D8719DE039BC4E21351344D585.d.F4E525A3C0F201BB29505752E122CF12.e.4368/click - {}
RESULT: {}
RESULT: {}
COMMAND: POST /session/e5d91353675ec9eb3e3a21469c7a5328/execute/async - {"script":"<script> [1562 bytes]","args":[{"selector":{"id":"application-manageyards-display-component---NewYard--addressDetailDetailsCity1","interaction":{"idSuffix":"inner"}},"wdio_ui5_key":"applicationmanageyards-display-component---NewYard--addressDetailDetailsCity1"}]}
COMMAND: GET /session/e5d91353675ec9eb3e3a21469c7a5328/screenshot - {}
RESULT: {"script":"<script> [1562 bytes]","args":[{"selector":{"id":"application-manageyards-display-component---NewYard--addressDetailDetailsCity1","interaction":{"idSuffix":"inner"}},"wdio_ui5_key":"applicationmanageyards-display-component---NewYard--addressDetailDetailsCity1"}]}
RESULT: undefined
COMMAND: POST /session/e5d91353675ec9eb3e3a21469c7a5328/execute/async - {"script":"<script> [776 bytes]","args":[{"enterText":"Rosario","selector":{"id":"application-manageyards-display-component---NewYard--addressDetailDetailsCity1","interaction":{"idSuffix":"inner"}},"clearTextFirst":true,"interactionType":"ENTER_TEXT"}]}
RESULT: {}
RESULT: {"script":"<script> [776 bytes]","args":[{"enterText":"Rosario","selector":{"id":"application-manageyards-display-component---NewYard--addressDetailDetailsCity1","interaction":{"idSuffix":"inner"}},"clearTextFirst":true,"interactionType":"ENTER_TEXT"}]}
COMMAND: POST /session/e5d91353675ec9eb3e3a21469c7a5328/execute/async - {"script":"<script> [1562 bytes]","args":[{"selector":{"id":"application-manageyards-display-component---NewYard--addressDetailDetailsCountry-arrow"},"wdio_ui5_key":"applicationmanageyards-display-component---NewYard--addressDetailDetailsCountry-arrow"}]}
RESULT: {"script":"<script> [1562 bytes]","args":[{"selector":{"id":"application-manageyards-display-component---NewYard--addressDetailDetailsCountry-arrow"},"wdio_ui5_key":"applicationmanageyards-display-component---NewYard--addressDetailDetailsCountry-arrow"}]}
RESULT: undefined
COMMAND: POST /session/e5d91353675ec9eb3e3a21469c7a5328/element - {"using":"xpath","value":"//*[@id=\"application-manageyards-display-component---NewYard--addressDetailDetailsCountry-arrow\"]"}
RESULT: {"using":"xpath","value":"//*[@id=\"application-manageyards-display-component---NewYard--addressDetailDetailsCountry-arrow\"]"}
COMMAND: POST /session/e5d91353675ec9eb3e3a21469c7a5328/element/f.C1E909D8719DE039BC4E21351344D585.d.F4E525A3C0F201BB29505752E122CF12.e.4370/click - {}
RESULT: {}
COMMAND: POST /session/e5d91353675ec9eb3e3a21469c7a5328/element - {"using":"xpath","value":"//span[contains(text(), \"Argentina\")]"}
COMMAND: GET /session/e5d91353675ec9eb3e3a21469c7a5328/screenshot - {}
RESULT: {"using":"xpath","value":"//span[contains(text(), \"Argentina\")]"}
COMMAND: POST /session/e5d91353675ec9eb3e3a21469c7a5328/element/f.C1E909D8719DE039BC4E21351344D585.d.F4E525A3C0F201BB29505752E122CF12.e.4371/click - {}
RESULT: {}
RESULT: {}
COMMAND: POST /session/e5d91353675ec9eb3e3a21469c7a5328/execute/async - {"script":"<script> [1562 bytes]","args":[{"selector":{"id":"application-manageyards-display-component---NewYard--addressEditDetailsCostObjectCstType-arrow"},"wdio_ui5_key":"applicationmanageyards-display-component---NewYard--addressEditDetailsCostObjectCstType-arrow"}]}
COMMAND: GET /session/e5d91353675ec9eb3e3a21469c7a5328/screenshot - {}
RESULT: {"script":"<script> [1562 bytes]","args":[{"selector":{"id":"application-manageyards-display-component---NewYard--addressEditDetailsCostObjectCstType-arrow"},"wdio_ui5_key":"applicationmanageyards-display-component---NewYard--addressEditDetailsCostObjectCstType-arrow"}]}
RESULT: undefined
COMMAND: POST /session/e5d91353675ec9eb3e3a21469c7a5328/element - {"using":"xpath","value":"//*[@id=\"application-manageyards-display-component---NewYard--addressEditDetailsCostObjectCstType-arrow\"]"}
RESULT: {}
RESULT: {"using":"xpath","value":"//*[@id=\"application-manageyards-display-component---NewYard--addressEditDetailsCostObjectCstType-arrow\"]"}
COMMAND: POST /session/e5d91353675ec9eb3e3a21469c7a5328/element/f.C1E909D8719DE039BC4E21351344D585.d.F4E525A3C0F201BB29505752E122CF12.e.4373/click - {}
RESULT: {}
COMMAND: POST /session/e5d91353675ec9eb3e3a21469c7a5328/element - {"using":"xpath","value":"//span[contains(text(), \"Cost Center\")]"}
COMMAND: GET /session/e5d91353675ec9eb3e3a21469c7a5328/screenshot - {}
RESULT: {"using":"xpath","value":"//span[contains(text(), \"Cost Center\")]"}
COMMAND: POST /session/e5d91353675ec9eb3e3a21469c7a5328/element/f.C1E909D8719DE039BC4E21351344D585.d.F4E525A3C0F201BB29505752E122CF12.e.4374/click - {}
RESULT: {}
RESULT: {}
COMMAND: GET /session/e5d91353675ec9eb3e3a21469c7a5328/screenshot - {}
RESULT: {}
COMMAND: POST /session/e5d91353675ec9eb3e3a21469c7a5328/element - {"using":"xpath","value":"//span[@id=\"application-manageyards-display-component---NewYard--addressNewCostObjectCstID-vhi\"]"}
RESULT: {"using":"xpath","value":"//span[@id=\"application-manageyards-display-component---NewYard--addressNewCostObjectCstID-vhi\"]"}
COMMAND: POST /session/e5d91353675ec9eb3e3a21469c7a5328/execute/sync - {"script":"<script> [8489 bytes]","args":[{"element-6066-11e4-a52e-4f735466cecf":"f.C1E909D8719DE039BC4E21351344D585.d.F4E525A3C0F201BB29505752E122CF12.e.4378","ELEMENT":"f.C1E909D8719DE039BC4E21351344D585.d.F4E525A3C0F201BB29505752E122CF12.e.4378"}]}
RESULT: {"script":"<script> [8489 bytes]","args":[{"element-6066-11e4-a52e-4f735466cecf":"f.C1E909D8719DE039BC4E21351344D585.d.F4E525A3C0F201BB29505752E122CF12.e.4378","ELEMENT":"f.C1E909D8719DE039BC4E21351344D585.d.F4E525A3C0F201BB29505752E122CF12.e.4378"}]}
COMMAND: POST /session/e5d91353675ec9eb3e3a21469c7a5328/execute/async - {"script":"<script> [1562 bytes]","args":[{"selector":{"id":"application-manageyards-display-component---NewYard--addressNewCostObjectCstID-vhi"},"wdio_ui5_key":"applicationmanageyards-display-component---NewYard--addressNewCostObjectCstID-vhi"}]}
COMMAND: GET /session/e5d91353675ec9eb3e3a21469c7a5328/screenshot - {}
RESULT: {"script":"<script> [1562 bytes]","args":[{"selector":{"id":"application-manageyards-display-component---NewYard--addressNewCostObjectCstID-vhi"},"wdio_ui5_key":"applicationmanageyards-display-component---NewYard--addressNewCostObjectCstID-vhi"}]}
RESULT: undefined
COMMAND: POST /session/e5d91353675ec9eb3e3a21469c7a5328/element - {"using":"xpath","value":"//*[@id=\"application-manageyards-display-component---NewYard--addressNewCostObjectCstID-vhi\"]"}
RESULT: {}
RESULT: {"using":"xpath","value":"//*[@id=\"application-manageyards-display-component---NewYard--addressNewCostObjectCstID-vhi\"]"}
COMMAND: POST /session/e5d91353675ec9eb3e3a21469c7a5328/element/f.C1E909D8719DE039BC4E21351344D585.d.F4E525A3C0F201BB29505752E122CF12.e.4378/click - {}
RESULT: {}
COMMAND: GET /session/e5d91353675ec9eb3e3a21469c7a5328/screenshot - {}
RESULT: {}
COMMAND: POST /session/e5d91353675ec9eb3e3a21469c7a5328/execute/async - {"script":"<script> [1562 bytes]","args":[{"selector":{"controlType":"sap.m.SearchField","properties":{"placeholder":"Search"},"searchOpenDialogs":true,"interaction":{"idSuffix":"I"}},"wdio_ui5_key":"sapm.SearchField{\"placeholder\":\"Search\"}"}]}
RESULT: {"script":"<script> [1562 bytes]","args":[{"selector":{"controlType":"sap.m.SearchField","properties":{"placeholder":"Search"},"searchOpenDialogs":true,"interaction":{"idSuffix":"I"}},"wdio_ui5_key":"sapm.SearchField{\"placeholder\":\"Search\"}"}]}
RESULT: undefined
COMMAND: POST /session/e5d91353675ec9eb3e3a21469c7a5328/execute/async - {"script":"<script> [776 bytes]","args":[{"enterText":"bauh_b","selector":{"controlType":"sap.m.SearchField","properties":{"placeholder":"Search"},"searchOpenDialogs":true,"interaction":{"idSuffix":"I"}},"clearTextFirst":true,"interactionType":"ENTER_TEXT"}]}
RESULT: {"script":"<script> [776 bytes]","args":[{"enterText":"bauh_b","selector":{"controlType":"sap.m.SearchField","properties":{"placeholder":"Search"},"searchOpenDialogs":true,"interaction":{"idSuffix":"I"}},"clearTextFirst":true,"interactionType":"ENTER_TEXT"}]}
COMMAND: POST /session/e5d91353675ec9eb3e3a21469c7a5328/actions - {"actions":[{"id":"action13","type":"key","parameters":{},"actions":[{"type":"keyDown","value":""},{"type":"pause","duration":10},{"type":"keyUp","value":""}]}]}
RESULT: {"actions":[{"id":"action13","type":"key","parameters":{},"actions":[{"type":"keyDown","value":""},{"type":"pause","duration":10},{"type":"keyUp","value":""}]}]}
COMMAND: GET /session/e5d91353675ec9eb3e3a21469c7a5328/screenshot - {}
RESULT: {}
COMMAND: POST /session/e5d91353675ec9eb3e3a21469c7a5328/element - {"using":"xpath","value":"//span[contains(text(), \"Demo Yard\")]"}
RESULT: {"using":"xpath","value":"//span[contains(text(), \"Demo Yard\")]"}
COMMAND: POST /session/e5d91353675ec9eb3e3a21469c7a5328/element/f.C1E909D8719DE039BC4E21351344D585.d.F4E525A3C0F201BB29505752E122CF12.e.4418/click - {}
RESULT: {}
COMMAND: GET /session/e5d91353675ec9eb3e3a21469c7a5328/screenshot - {}
RESULT: {}
COMMAND: POST /session/e5d91353675ec9eb3e3a21469c7a5328/element - {"using":"xpath","value":"//bdi[contains(text(), \"OK\")]"}
RESULT: {"using":"xpath","value":"//bdi[contains(text(), \"OK\")]"}
COMMAND: POST /session/e5d91353675ec9eb3e3a21469c7a5328/element/f.C1E909D8719DE039BC4E21351344D585.d.F4E525A3C0F201BB29505752E122CF12.e.4419/click - {}
RESULT: {}
COMMAND: GET /session/e5d91353675ec9eb3e3a21469c7a5328/screenshot - {}
RESULT: {}
COMMAND: POST /session/e5d91353675ec9eb3e3a21469c7a5328/execute/async - {"script":"<script> [1562 bytes]","args":[{"selector":{"id":"application-manageyards-display-component---NewYard--addressEditDetailsCurrency-arrow"},"wdio_ui5_key":"applicationmanageyards-display-component---NewYard--addressEditDetailsCurrency-arrow"}]}
RESULT: {"script":"<script> [1562 bytes]","args":[{"selector":{"id":"application-manageyards-display-component---NewYard--addressEditDetailsCurrency-arrow"},"wdio_ui5_key":"applicationmanageyards-display-component---NewYard--addressEditDetailsCurrency-arrow"}]}
RESULT: undefined
COMMAND: POST /session/e5d91353675ec9eb3e3a21469c7a5328/element - {"using":"xpath","value":"//*[@id=\"application-manageyards-display-component---NewYard--addressEditDetailsCurrency-arrow\"]"}
RESULT: {"using":"xpath","value":"//*[@id=\"application-manageyards-display-component---NewYard--addressEditDetailsCurrency-arrow\"]"}
COMMAND: POST /session/e5d91353675ec9eb3e3a21469c7a5328/element/f.C1E909D8719DE039BC4E21351344D585.d.F4E525A3C0F201BB29505752E122CF12.e.4422/click - {}
RESULT: {}
COMMAND: POST /session/e5d91353675ec9eb3e3a21469c7a5328/element - {"using":"xpath","value":"//span[contains(text(), \"Euro\")]"}
COMMAND: GET /session/e5d91353675ec9eb3e3a21469c7a5328/screenshot - {}
RESULT: {"using":"xpath","value":"//span[contains(text(), \"Euro\")]"}
COMMAND: POST /session/e5d91353675ec9eb3e3a21469c7a5328/element/f.C1E909D8719DE039BC4E21351344D585.d.F4E525A3C0F201BB29505752E122CF12.e.4423/click - {}
RESULT: {}
RESULT: {}
COMMAND: POST /session/e5d91353675ec9eb3e3a21469c7a5328/execute/async - {"script":"<script> [1562 bytes]","args":[{"selector":{"controlType":"sap.m.Input","viewName":"etm.portal.ui.manageyards.view.New","viewId":"application-manageyards-display-component---NewYard","bindingPath":{"path":"","propertyPath":"/CONTROLLING_AREA","modelName":"NewYardModel"},"interaction":{"idSuffix":"inner"}},"wdio_ui5_key":"etmportal.ui.manageyards.view.Newsap.m.Input{\"path\":\"\",\"propertyPath\":\"/CONTROLLING_AREA\",\"modelName\":\"NewYardModel\"}"}]}
COMMAND: GET /session/e5d91353675ec9eb3e3a21469c7a5328/screenshot - {}
RESULT: {"script":"<script> [1562 bytes]","args":[{"selector":{"controlType":"sap.m.Input","viewName":"etm.portal.ui.manageyards.view.New","viewId":"application-manageyards-display-component---NewYard","bindingPath":{"path":"","propertyPath":"/CONTROLLING_AREA","modelName":"NewYardModel"},"interaction":{"idSuffix":"inner"}},"wdio_ui5_key":"etmportal.ui.manageyards.view.Newsap.m.Input{\"path\":\"\",\"propertyPath\":\"/CONTROLLING_AREA\",\"modelName\":\"NewYardModel\"}"}]}
RESULT: undefined
COMMAND: POST /session/e5d91353675ec9eb3e3a21469c7a5328/execute/async - {"script":"<script> [776 bytes]","args":[{"enterText":"Z001","selector":{"controlType":"sap.m.Input","viewName":"etm.portal.ui.manageyards.view.New","viewId":"application-manageyards-display-component---NewYard","bindingPath":{"path":"","propertyPath":"/CONTROLLING_AREA","modelName":"NewYardModel"},"interaction":{"idSuffix":"inner"}},"clearTextFirst":true,"interactionType":"ENTER_TEXT"}]}
RESULT: {}
RESULT: {"script":"<script> [776 bytes]","args":[{"enterText":"Z001","selector":{"controlType":"sap.m.Input","viewName":"etm.portal.ui.manageyards.view.New","viewId":"application-manageyards-display-component---NewYard","bindingPath":{"path":"","propertyPath":"/CONTROLLING_AREA","modelName":"NewYardModel"},"interaction":{"idSuffix":"inner"}},"clearTextFirst":true,"interactionType":"ENTER_TEXT"}]}
COMMAND: POST /session/e5d91353675ec9eb3e3a21469c7a5328/execute/async - {"script":"<script> [1562 bytes]","args":[{"selector":{"id":"application-manageyards-display-component---NewYard--companyCodeComboBox","interaction":{"idSuffix":"inner"}},"wdio_ui5_key":"applicationmanageyards-display-component---NewYard--companyCodeComboBox"}]}
RESULT: {"script":"<script> [1562 bytes]","args":[{"selector":{"id":"application-manageyards-display-component---NewYard--companyCodeComboBox","interaction":{"idSuffix":"inner"}},"wdio_ui5_key":"applicationmanageyards-display-component---NewYard--companyCodeComboBox"}]}
RESULT: undefined
COMMAND: POST /session/e5d91353675ec9eb3e3a21469c7a5328/execute/async - {"script":"<script> [776 bytes]","args":[{"enterText":"1000","selector":{"id":"application-manageyards-display-component---NewYard--companyCodeComboBox","interaction":{"idSuffix":"inner"}},"clearTextFirst":true,"interactionType":"ENTER_TEXT"}]}
RESULT: {"script":"<script> [776 bytes]","args":[{"enterText":"1000","selector":{"id":"application-manageyards-display-component---NewYard--companyCodeComboBox","interaction":{"idSuffix":"inner"}},"clearTextFirst":true,"interactionType":"ENTER_TEXT"}]}
COMMAND: POST /session/e5d91353675ec9eb3e3a21469c7a5328/execute/async - {"script":"<script> [1562 bytes]","args":[{"selector":{"controlType":"sap.m.Input","viewName":"etm.portal.ui.manageyards.view.New","viewId":"application-manageyards-display-component---NewYard","bindingPath":{"path":"","propertyPath":"/PLANT","modelName":"NewYardModel"},"interaction":{"idSuffix":"inner"}},"wdio_ui5_key":"etmportal.ui.manageyards.view.Newsap.m.Input{\"path\":\"\",\"propertyPath\":\"/PLANT\",\"modelName\":\"NewYardModel\"}"}]}
RESULT: {"script":"<script> [1562 bytes]","args":[{"selector":{"controlType":"sap.m.Input","viewName":"etm.portal.ui.manageyards.view.New","viewId":"application-manageyards-display-component---NewYard","bindingPath":{"path":"","propertyPath":"/PLANT","modelName":"NewYardModel"},"interaction":{"idSuffix":"inner"}},"wdio_ui5_key":"etmportal.ui.manageyards.view.Newsap.m.Input{\"path\":\"\",\"propertyPath\":\"/PLANT\",\"modelName\":\"NewYardModel\"}"}]}
RESULT: undefined
COMMAND: POST /session/e5d91353675ec9eb3e3a21469c7a5328/execute/async - {"script":"<script> [776 bytes]","args":[{"enterText":"1001","selector":{"controlType":"sap.m.Input","viewName":"etm.portal.ui.manageyards.view.New","viewId":"application-manageyards-display-component---NewYard","bindingPath":{"path":"","propertyPath":"/PLANT","modelName":"NewYardModel"},"interaction":{"idSuffix":"inner"}},"clearTextFirst":true,"interactionType":"ENTER_TEXT"}]}
RESULT: {"script":"<script> [776 bytes]","args":[{"enterText":"1001","selector":{"controlType":"sap.m.Input","viewName":"etm.portal.ui.manageyards.view.New","viewId":"application-manageyards-display-component---NewYard","bindingPath":{"path":"","propertyPath":"/PLANT","modelName":"NewYardModel"},"interaction":{"idSuffix":"inner"}},"clearTextFirst":true,"interactionType":"ENTER_TEXT"}]}
COMMAND: POST /session/e5d91353675ec9eb3e3a21469c7a5328/execute/async - {"script":"<script> [1562 bytes]","args":[{"selector":{"controlType":"sap.m.Input","viewName":"etm.portal.ui.manageyards.view.New","viewId":"application-manageyards-display-component---NewYard","bindingPath":{"path":"","propertyPath":"/SALES_AREA_VKORG","modelName":"NewYardModel"},"interaction":{"idSuffix":"inner"}},"wdio_ui5_key":"etmportal.ui.manageyards.view.Newsap.m.Input{\"path\":\"\",\"propertyPath\":\"/SALES_AREA_VKORG\",\"modelName\":\"NewYardModel\"}"}]}
RESULT: {"script":"<script> [1562 bytes]","args":[{"selector":{"controlType":"sap.m.Input","viewName":"etm.portal.ui.manageyards.view.New","viewId":"application-manageyards-display-component---NewYard","bindingPath":{"path":"","propertyPath":"/SALES_AREA_VKORG","modelName":"NewYardModel"},"interaction":{"idSuffix":"inner"}},"wdio_ui5_key":"etmportal.ui.manageyards.view.Newsap.m.Input{\"path\":\"\",\"propertyPath\":\"/SALES_AREA_VKORG\",\"modelName\":\"NewYardModel\"}"}]}
RESULT: undefined
COMMAND: POST /session/e5d91353675ec9eb3e3a21469c7a5328/execute/async - {"script":"<script> [776 bytes]","args":[{"enterText":"C002","selector":{"controlType":"sap.m.Input","viewName":"etm.portal.ui.manageyards.view.New","viewId":"application-manageyards-display-component---NewYard","bindingPath":{"path":"","propertyPath":"/SALES_AREA_VKORG","modelName":"NewYardModel"},"interaction":{"idSuffix":"inner"}},"clearTextFirst":true,"interactionType":"ENTER_TEXT"}]}
RESULT: {"script":"<script> [776 bytes]","args":[{"enterText":"C002","selector":{"controlType":"sap.m.Input","viewName":"etm.portal.ui.manageyards.view.New","viewId":"application-manageyards-display-component---NewYard","bindingPath":{"path":"","propertyPath":"/SALES_AREA_VKORG","modelName":"NewYardModel"},"interaction":{"idSuffix":"inner"}},"clearTextFirst":true,"interactionType":"ENTER_TEXT"}]}
COMMAND: POST /session/e5d91353675ec9eb3e3a21469c7a5328/execute/async - {"script":"<script> [1562 bytes]","args":[{"selector":{"controlType":"sap.m.Input","viewName":"etm.portal.ui.manageyards.view.New","viewId":"application-manageyards-display-component---NewYard","bindingPath":{"path":"","propertyPath":"/SALES_AREA_VTWEG","modelName":"NewYardModel"},"interaction":{"idSuffix":"inner"}},"wdio_ui5_key":"etmportal.ui.manageyards.view.Newsap.m.Input{\"path\":\"\",\"propertyPath\":\"/SALES_AREA_VTWEG\",\"modelName\":\"NewYardModel\"}"}]}
RESULT: {"script":"<script> [1562 bytes]","args":[{"selector":{"controlType":"sap.m.Input","viewName":"etm.portal.ui.manageyards.view.New","viewId":"application-manageyards-display-component---NewYard","bindingPath":{"path":"","propertyPath":"/SALES_AREA_VTWEG","modelName":"NewYardModel"},"interaction":{"idSuffix":"inner"}},"wdio_ui5_key":"etmportal.ui.manageyards.view.Newsap.m.Input{\"path\":\"\",\"propertyPath\":\"/SALES_AREA_VTWEG\",\"modelName\":\"NewYardModel\"}"}]}
RESULT: undefined
COMMAND: POST /session/e5d91353675ec9eb3e3a21469c7a5328/execute/async - {"script":"<script> [776 bytes]","args":[{"enterText":"C2","selector":{"controlType":"sap.m.Input","viewName":"etm.portal.ui.manageyards.view.New","viewId":"application-manageyards-display-component---NewYard","bindingPath":{"path":"","propertyPath":"/SALES_AREA_VTWEG","modelName":"NewYardModel"},"interaction":{"idSuffix":"inner"}},"clearTextFirst":true,"interactionType":"ENTER_TEXT"}]}
RESULT: {"script":"<script> [776 bytes]","args":[{"enterText":"C2","selector":{"controlType":"sap.m.Input","viewName":"etm.portal.ui.manageyards.view.New","viewId":"application-manageyards-display-component---NewYard","bindingPath":{"path":"","propertyPath":"/SALES_AREA_VTWEG","modelName":"NewYardModel"},"interaction":{"idSuffix":"inner"}},"clearTextFirst":true,"interactionType":"ENTER_TEXT"}]}
COMMAND: POST /session/e5d91353675ec9eb3e3a21469c7a5328/execute/async - {"script":"<script> [1562 bytes]","args":[{"selector":{"controlType":"sap.m.Input","viewName":"etm.portal.ui.manageyards.view.New","viewId":"application-manageyards-display-component---NewYard","bindingPath":{"path":"","propertyPath":"/SALES_AREA_SPART","modelName":"NewYardModel"},"interaction":{"idSuffix":"inner"}},"wdio_ui5_key":"etmportal.ui.manageyards.view.Newsap.m.Input{\"path\":\"\",\"propertyPath\":\"/SALES_AREA_SPART\",\"modelName\":\"NewYardModel\"}"}]}
RESULT: {"script":"<script> [1562 bytes]","args":[{"selector":{"controlType":"sap.m.Input","viewName":"etm.portal.ui.manageyards.view.New","viewId":"application-manageyards-display-component---NewYard","bindingPath":{"path":"","propertyPath":"/SALES_AREA_SPART","modelName":"NewYardModel"},"interaction":{"idSuffix":"inner"}},"wdio_ui5_key":"etmportal.ui.manageyards.view.Newsap.m.Input{\"path\":\"\",\"propertyPath\":\"/SALES_AREA_SPART\",\"modelName\":\"NewYardModel\"}"}]}
RESULT: undefined
COMMAND: POST /session/e5d91353675ec9eb3e3a21469c7a5328/execute/async - {"script":"<script> [776 bytes]","args":[{"enterText":"C2","selector":{"controlType":"sap.m.Input","viewName":"etm.portal.ui.manageyards.view.New","viewId":"application-manageyards-display-component---NewYard","bindingPath":{"path":"","propertyPath":"/SALES_AREA_SPART","modelName":"NewYardModel"},"interaction":{"idSuffix":"inner"}},"clearTextFirst":true,"interactionType":"ENTER_TEXT"}]}
RESULT: {"script":"<script> [776 bytes]","args":[{"enterText":"C2","selector":{"controlType":"sap.m.Input","viewName":"etm.portal.ui.manageyards.view.New","viewId":"application-manageyards-display-component---NewYard","bindingPath":{"path":"","propertyPath":"/SALES_AREA_SPART","modelName":"NewYardModel"},"interaction":{"idSuffix":"inner"}},"clearTextFirst":true,"interactionType":"ENTER_TEXT"}]}
COMMAND: POST /session/e5d91353675ec9eb3e3a21469c7a5328/execute/async - {"script":"<script> [1562 bytes]","args":[{"selector":{"controlType":"sap.m.Input","viewName":"etm.portal.ui.manageyards.view.New","viewId":"application-manageyards-display-component---NewYard","bindingPath":{"path":"","propertyPath":"/SHIP_POINT","modelName":"NewYardModel"},"interaction":{"idSuffix":"inner"}},"wdio_ui5_key":"etmportal.ui.manageyards.view.Newsap.m.Input{\"path\":\"\",\"propertyPath\":\"/SHIP_POINT\",\"modelName\":\"NewYardModel\"}"}]}
RESULT: {"script":"<script> [1562 bytes]","args":[{"selector":{"controlType":"sap.m.Input","viewName":"etm.portal.ui.manageyards.view.New","viewId":"application-manageyards-display-component---NewYard","bindingPath":{"path":"","propertyPath":"/SHIP_POINT","modelName":"NewYardModel"},"interaction":{"idSuffix":"inner"}},"wdio_ui5_key":"etmportal.ui.manageyards.view.Newsap.m.Input{\"path\":\"\",\"propertyPath\":\"/SHIP_POINT\",\"modelName\":\"NewYardModel\"}"}]}
RESULT: undefined
COMMAND: POST /session/e5d91353675ec9eb3e3a21469c7a5328/execute/async - {"script":"<script> [776 bytes]","args":[{"enterText":"1710","selector":{"controlType":"sap.m.Input","viewName":"etm.portal.ui.manageyards.view.New","viewId":"application-manageyards-display-component---NewYard","bindingPath":{"path":"","propertyPath":"/SHIP_POINT","modelName":"NewYardModel"},"interaction":{"idSuffix":"inner"}},"clearTextFirst":true,"interactionType":"ENTER_TEXT"}]}
RESULT: {"script":"<script> [776 bytes]","args":[{"enterText":"1710","selector":{"controlType":"sap.m.Input","viewName":"etm.portal.ui.manageyards.view.New","viewId":"application-manageyards-display-component---NewYard","bindingPath":{"path":"","propertyPath":"/SHIP_POINT","modelName":"NewYardModel"},"interaction":{"idSuffix":"inner"}},"clearTextFirst":true,"interactionType":"ENTER_TEXT"}]}
COMMAND: POST /session/e5d91353675ec9eb3e3a21469c7a5328/execute/async - {"script":"<script> [1562 bytes]","args":[{"selector":{"controlType":"sap.m.Input","viewName":"etm.portal.ui.manageyards.view.New","viewId":"application-manageyards-display-component---NewYard","bindingPath":{"path":"","propertyPath":"/DELIVERY_TYPE","modelName":"NewYardModel"},"interaction":{"idSuffix":"inner"}},"wdio_ui5_key":"etmportal.ui.manageyards.view.Newsap.m.Input{\"path\":\"\",\"propertyPath\":\"/DELIVERY_TYPE\",\"modelName\":\"NewYardModel\"}"}]}
RESULT: {"script":"<script> [1562 bytes]","args":[{"selector":{"controlType":"sap.m.Input","viewName":"etm.portal.ui.manageyards.view.New","viewId":"application-manageyards-display-component---NewYard","bindingPath":{"path":"","propertyPath":"/DELIVERY_TYPE","modelName":"NewYardModel"},"interaction":{"idSuffix":"inner"}},"wdio_ui5_key":"etmportal.ui.manageyards.view.Newsap.m.Input{\"path\":\"\",\"propertyPath\":\"/DELIVERY_TYPE\",\"modelName\":\"NewYardModel\"}"}]}
RESULT: undefined
COMMAND: POST /session/e5d91353675ec9eb3e3a21469c7a5328/execute/async - {"script":"<script> [776 bytes]","args":[{"enterText":"ZL01","selector":{"controlType":"sap.m.Input","viewName":"etm.portal.ui.manageyards.view.New","viewId":"application-manageyards-display-component---NewYard","bindingPath":{"path":"","propertyPath":"/DELIVERY_TYPE","modelName":"NewYardModel"},"interaction":{"idSuffix":"inner"}},"clearTextFirst":true,"interactionType":"ENTER_TEXT"}]}
RESULT: {"script":"<script> [776 bytes]","args":[{"enterText":"ZL01","selector":{"controlType":"sap.m.Input","viewName":"etm.portal.ui.manageyards.view.New","viewId":"application-manageyards-display-component---NewYard","bindingPath":{"path":"","propertyPath":"/DELIVERY_TYPE","modelName":"NewYardModel"},"interaction":{"idSuffix":"inner"}},"clearTextFirst":true,"interactionType":"ENTER_TEXT"}]}
COMMAND: POST /session/e5d91353675ec9eb3e3a21469c7a5328/execute/async - {"script":"<script> [1562 bytes]","args":[{"selector":{"controlType":"sap.m.Input","viewName":"etm.portal.ui.manageyards.view.New","viewId":"application-manageyards-display-component---NewYard","bindingPath":{"path":"","propertyPath":"/AUART","modelName":"NewYardModel"},"interaction":{"idSuffix":"inner"}},"wdio_ui5_key":"etmportal.ui.manageyards.view.Newsap.m.Input{\"path\":\"\",\"propertyPath\":\"/AUART\",\"modelName\":\"NewYardModel\"}"}]}
RESULT: {"script":"<script> [1562 bytes]","args":[{"selector":{"controlType":"sap.m.Input","viewName":"etm.portal.ui.manageyards.view.New","viewId":"application-manageyards-display-component---NewYard","bindingPath":{"path":"","propertyPath":"/AUART","modelName":"NewYardModel"},"interaction":{"idSuffix":"inner"}},"wdio_ui5_key":"etmportal.ui.manageyards.view.Newsap.m.Input{\"path\":\"\",\"propertyPath\":\"/AUART\",\"modelName\":\"NewYardModel\"}"}]}
RESULT: undefined
COMMAND: POST /session/e5d91353675ec9eb3e3a21469c7a5328/execute/async - {"script":"<script> [776 bytes]","args":[{"enterText":"TA","selector":{"controlType":"sap.m.Input","viewName":"etm.portal.ui.manageyards.view.New","viewId":"application-manageyards-display-component---NewYard","bindingPath":{"path":"","propertyPath":"/AUART","modelName":"NewYardModel"},"interaction":{"idSuffix":"inner"}},"clearTextFirst":true,"interactionType":"ENTER_TEXT"}]}
RESULT: {"script":"<script> [776 bytes]","args":[{"enterText":"TA","selector":{"controlType":"sap.m.Input","viewName":"etm.portal.ui.manageyards.view.New","viewId":"application-manageyards-display-component---NewYard","bindingPath":{"path":"","propertyPath":"/AUART","modelName":"NewYardModel"},"interaction":{"idSuffix":"inner"}},"clearTextFirst":true,"interactionType":"ENTER_TEXT"}]}
COMMAND: POST /session/e5d91353675ec9eb3e3a21469c7a5328/element - {"using":"xpath","value":"//button[@data-kt=\"newYardSaveButton\"]"}
RESULT: {"using":"xpath","value":"//button[@data-kt=\"newYardSaveButton\"]"}
COMMAND: POST /session/e5d91353675ec9eb3e3a21469c7a5328/element/f.C1E909D8719DE039BC4E21351344D585.d.F4E525A3C0F201BB29505752E122CF12.e.4333/click - {}
RESULT: {}
COMMAND: GET /session/e5d91353675ec9eb3e3a21469c7a5328/screenshot - {}
RESULT: {}
COMMAND: POST /session/e5d91353675ec9eb3e3a21469c7a5328/element - {"using":"xpath","value":"//header[contains(@id, 'ObjectPageLayout-headerTitle')]/div[1]/div[2]/div[1]/span[1]"}
RESULT: {"using":"xpath","value":"//header[contains(@id, 'ObjectPageLayout-headerTitle')]/div[1]/div[2]/div[1]/span[1]"}
COMMAND: POST /session/e5d91353675ec9eb3e3a21469c7a5328/elements - {"using":"xpath","value":"//header[contains(@id, 'ObjectPageLayout-headerTitle')]/div[1]/div[2]/div[1]/span[1]"}
RESULT: {"using":"xpath","value":"//header[contains(@id, 'ObjectPageLayout-headerTitle')]/div[1]/div[2]/div[1]/span[1]"}
COMMAND: POST /session/e5d91353675ec9eb3e3a21469c7a5328/execute/sync - {"script":"<script> [56 bytes]","args":[{"element-6066-11e4-a52e-4f735466cecf":"f.C1E909D8719DE039BC4E21351344D585.d.F4E525A3C0F201BB29505752E122CF12.e.4639","ELEMENT":"f.C1E909D8719DE039BC4E21351344D585.d.F4E525A3C0F201BB29505752E122CF12.e.4639"}]}
RESULT: {"script":"<script> [56 bytes]","args":[{"element-6066-11e4-a52e-4f735466cecf":"f.C1E909D8719DE039BC4E21351344D585.d.F4E525A3C0F201BB29505752E122CF12.e.4639","ELEMENT":"f.C1E909D8719DE039BC4E21351344D585.d.F4E525A3C0F201BB29505752E122CF12.e.4639"}]}
COMMAND: GET /session/e5d91353675ec9eb3e3a21469c7a5328/screenshot - {}
RESULT: {}
COMMAND: POST /session/e5d91353675ec9eb3e3a21469c7a5328/element - {"using":"css selector","value":"#shell-header-logo"}
RESULT: {"using":"css selector","value":"#shell-header-logo"}
COMMAND: POST /session/e5d91353675ec9eb3e3a21469c7a5328/element/f.C1E909D8719DE039BC4E21351344D585.d.F4E525A3C0F201BB29505752E122CF12.e.3780/click - {}
RESULT: {}
COMMAND: GET /session/e5d91353675ec9eb3e3a21469c7a5328/screenshot - {}
RESULT: {}
COMMAND: POST /session/e5d91353675ec9eb3e3a21469c7a5328/execute/sync - {"script":"<script> [299 bytes]","args":[["getModel","getResource"]]}
RESULT: {"script":"<script> [299 bytes]","args":[["getModel","getResource"]]}
COMMAND: POST /session/e5d91353675ec9eb3e3a21469c7a5328/window/fullscreen - {}
COMMAND: GET /session/e5d91353675ec9eb3e3a21469c7a5328/screenshot - {}
RESULT: {}
COMMAND: POST /session/e5d91353675ec9eb3e3a21469c7a5328/execute/async - {"script":"<script> [1562 bytes]","args":[{"selector":{"controlType":"sap.m.GenericTile","properties":{"header":"Manage Partners"}},"wdio_ui5_key":"sapm.GenericTile{\"header\":\"Manage Partners\"}"}]}
RESULT: {}
RESULT: {"script":"<script> [1562 bytes]","args":[{"selector":{"controlType":"sap.m.GenericTile","properties":{"header":"Manage Partners"}},"wdio_ui5_key":"sapm.GenericTile{\"header\":\"Manage Partners\"}"}]}
RESULT: undefined
COMMAND: POST /session/e5d91353675ec9eb3e3a21469c7a5328/element - {"using":"xpath","value":"//*[@id=\"__tile30\"]"}
RESULT: {"using":"xpath","value":"//*[@id=\"__tile30\"]"}
COMMAND: POST /session/e5d91353675ec9eb3e3a21469c7a5328/element/f.C1E909D8719DE039BC4E21351344D585.d.F4E525A3C0F201BB29505752E122CF12.e.3800/click - {}
RESULT: {}
COMMAND: GET /session/e5d91353675ec9eb3e3a21469c7a5328/screenshot - {}
RESULT: {}
COMMAND: POST /session/e5d91353675ec9eb3e3a21469c7a5328/elements - {"using":"xpath","value":"//span[text()='Error']"}
RESULT: {"using":"xpath","value":"//span[text()='Error']"}
COMMAND: POST /session/e5d91353675ec9eb3e3a21469c7a5328/element - {"using":"xpath","value":"//button[@data-kt=\"addButton\"]"}
RESULT: {"using":"xpath","value":"//button[@data-kt=\"addButton\"]"}
COMMAND: POST /session/e5d91353675ec9eb3e3a21469c7a5328/elements - {"using":"xpath","value":"//button[@data-kt=\"addButton\"]"}
RESULT: {"using":"xpath","value":"//button[@data-kt=\"addButton\"]"}
COMMAND: POST /session/e5d91353675ec9eb3e3a21469c7a5328/execute/sync - {"script":"<script> [8489 bytes]","args":[{"element-6066-11e4-a52e-4f735466cecf":"f.C1E909D8719DE039BC4E21351344D585.d.F4E525A3C0F201BB29505752E122CF12.e.4688","ELEMENT":"f.C1E909D8719DE039BC4E21351344D585.d.F4E525A3C0F201BB29505752E122CF12.e.4688"}]}
RESULT: {"script":"<script> [8489 bytes]","args":[{"element-6066-11e4-a52e-4f735466cecf":"f.C1E909D8719DE039BC4E21351344D585.d.F4E525A3C0F201BB29505752E122CF12.e.4688","ELEMENT":"f.C1E909D8719DE039BC4E21351344D585.d.F4E525A3C0F201BB29505752E122CF12.e.4688"}]}
COMMAND: GET /session/e5d91353675ec9eb3e3a21469c7a5328/element/f.C1E909D8719DE039BC4E21351344D585.d.F4E525A3C0F201BB29505752E122CF12.e.4688/enabled - {}
COMMAND: GET /session/e5d91353675ec9eb3e3a21469c7a5328/screenshot - {}
RESULT: {}
COMMAND: POST /session/e5d91353675ec9eb3e3a21469c7a5328/execute/sync - {"script":"<script> [8489 bytes]","args":[{"element-6066-11e4-a52e-4f735466cecf":"f.C1E909D8719DE039BC4E21351344D585.d.F4E525A3C0F201BB29505752E122CF12.e.4688","ELEMENT":"f.C1E909D8719DE039BC4E21351344D585.d.F4E525A3C0F201BB29505752E122CF12.e.4688"}]}
COMMAND: GET /session/e5d91353675ec9eb3e3a21469c7a5328/screenshot - {}
RESULT: {}
RESULT: {"script":"<script> [8489 bytes]","args":[{"element-6066-11e4-a52e-4f735466cecf":"f.C1E909D8719DE039BC4E21351344D585.d.F4E525A3C0F201BB29505752E122CF12.e.4688","ELEMENT":"f.C1E909D8719DE039BC4E21351344D585.d.F4E525A3C0F201BB29505752E122CF12.e.4688"}]}
COMMAND: POST /session/e5d91353675ec9eb3e3a21469c7a5328/execute/sync - {"script":"<script> [5351 bytes]","args":[{"element-6066-11e4-a52e-4f735466cecf":"f.C1E909D8719DE039BC4E21351344D585.d.F4E525A3C0F201BB29505752E122CF12.e.4688","ELEMENT":"f.C1E909D8719DE039BC4E21351344D585.d.F4E525A3C0F201BB29505752E122CF12.e.4688"}]}
COMMAND: GET /session/e5d91353675ec9eb3e3a21469c7a5328/screenshot - {}
RESULT: {}
RESULT: {"script":"<script> [5351 bytes]","args":[{"element-6066-11e4-a52e-4f735466cecf":"f.C1E909D8719DE039BC4E21351344D585.d.F4E525A3C0F201BB29505752E122CF12.e.4688","ELEMENT":"f.C1E909D8719DE039BC4E21351344D585.d.F4E525A3C0F201BB29505752E122CF12.e.4688"}]}
COMMAND: POST /session/e5d91353675ec9eb3e3a21469c7a5328/element/f.C1E909D8719DE039BC4E21351344D585.d.F4E525A3C0F201BB29505752E122CF12.e.4688/click - {}
COMMAND: GET /session/e5d91353675ec9eb3e3a21469c7a5328/screenshot - {}
RESULT: {}
RESULT: {}
COMMAND: GET /session/e5d91353675ec9eb3e3a21469c7a5328/screenshot - {}
COMMAND: POST /session/e5d91353675ec9eb3e3a21469c7a5328/execute/async - {"script":"<script> [1562 bytes]","args":[{"selector":{"id":"application-managepartners-display-component---NewPartner--addressDetailDetailsName1","interaction":{"idSuffix":"inner"}},"wdio_ui5_key":"applicationmanagepartners-display-component---NewPartner--addressDetailDetailsName1"}]}
RESULT: {}
RESULT: {}
RESULT: {"script":"<script> [1562 bytes]","args":[{"selector":{"id":"application-managepartners-display-component---NewPartner--addressDetailDetailsName1","interaction":{"idSuffix":"inner"}},"wdio_ui5_key":"applicationmanagepartners-display-component---NewPartner--addressDetailDetailsName1"}]}
RESULT: undefined
COMMAND: POST /session/e5d91353675ec9eb3e3a21469c7a5328/execute/async - {"script":"<script> [776 bytes]","args":[{"enterText":"Intercompany Partner WDIO","selector":{"id":"application-managepartners-display-component---NewPartner--addressDetailDetailsName1","interaction":{"idSuffix":"inner"}},"clearTextFirst":true,"interactionType":"ENTER_TEXT"}]}
RESULT: {"script":"<script> [776 bytes]","args":[{"enterText":"Intercompany Partner WDIO","selector":{"id":"application-managepartners-display-component---NewPartner--addressDetailDetailsName1","interaction":{"idSuffix":"inner"}},"clearTextFirst":true,"interactionType":"ENTER_TEXT"}]}
COMMAND: POST /session/e5d91353675ec9eb3e3a21469c7a5328/execute/async - {"script":"<script> [1562 bytes]","args":[{"selector":{"id":"application-managepartners-display-component---NewPartner--addressDetailDetailsLanguage-arrow"},"wdio_ui5_key":"applicationmanagepartners-display-component---NewPartner--addressDetailDetailsLanguage-arrow"}]}
RESULT: {"script":"<script> [1562 bytes]","args":[{"selector":{"id":"application-managepartners-display-component---NewPartner--addressDetailDetailsLanguage-arrow"},"wdio_ui5_key":"applicationmanagepartners-display-component---NewPartner--addressDetailDetailsLanguage-arrow"}]}
RESULT: undefined
COMMAND: POST /session/e5d91353675ec9eb3e3a21469c7a5328/element - {"using":"xpath","value":"//*[@id=\"application-managepartners-display-component---NewPartner--addressDetailDetailsLanguage-arrow\"]"}
RESULT: {"using":"xpath","value":"//*[@id=\"application-managepartners-display-component---NewPartner--addressDetailDetailsLanguage-arrow\"]"}
COMMAND: POST /session/e5d91353675ec9eb3e3a21469c7a5328/element/f.C1E909D8719DE039BC4E21351344D585.d.F4E525A3C0F201BB29505752E122CF12.e.5127/click - {}
RESULT: {}
COMMAND: POST /session/e5d91353675ec9eb3e3a21469c7a5328/element - {"using":"xpath","value":"//span[contains(text(), \"English\")]"}
COMMAND: GET /session/e5d91353675ec9eb3e3a21469c7a5328/screenshot - {}
RESULT: {"using":"xpath","value":"//span[contains(text(), \"English\")]"}
COMMAND: POST /session/e5d91353675ec9eb3e3a21469c7a5328/element/f.C1E909D8719DE039BC4E21351344D585.d.F4E525A3C0F201BB29505752E122CF12.e.5128/click - {}
RESULT: {}
RESULT: {}
COMMAND: GET /session/e5d91353675ec9eb3e3a21469c7a5328/screenshot - {}
RESULT: {}
COMMAND: POST /session/e5d91353675ec9eb3e3a21469c7a5328/execute/async - {"script":"<script> [1562 bytes]","args":[{"selector":{"id":"application-managepartners-display-component---NewPartner--addressDetailDetailsCity1","interaction":{"idSuffix":"inner"}},"wdio_ui5_key":"applicationmanagepartners-display-component---NewPartner--addressDetailDetailsCity1"}]}
RESULT: {"script":"<script> [1562 bytes]","args":[{"selector":{"id":"application-managepartners-display-component---NewPartner--addressDetailDetailsCity1","interaction":{"idSuffix":"inner"}},"wdio_ui5_key":"applicationmanagepartners-display-component---NewPartner--addressDetailDetailsCity1"}]}
RESULT: undefined
COMMAND: POST /session/e5d91353675ec9eb3e3a21469c7a5328/execute/async - {"script":"<script> [776 bytes]","args":[{"enterText":"Rosario","selector":{"id":"application-managepartners-display-component---NewPartner--addressDetailDetailsCity1","interaction":{"idSuffix":"inner"}},"clearTextFirst":true,"interactionType":"ENTER_TEXT"}]}
RESULT: {"script":"<script> [776 bytes]","args":[{"enterText":"Rosario","selector":{"id":"application-managepartners-display-component---NewPartner--addressDetailDetailsCity1","interaction":{"idSuffix":"inner"}},"clearTextFirst":true,"interactionType":"ENTER_TEXT"}]}
COMMAND: POST /session/e5d91353675ec9eb3e3a21469c7a5328/execute/async - {"script":"<script> [1562 bytes]","args":[{"selector":{"id":"application-managepartners-display-component---NewPartner--addressDetailDetailsCountry-arrow"},"wdio_ui5_key":"applicationmanagepartners-display-component---NewPartner--addressDetailDetailsCountry-arrow"}]}
RESULT: {"script":"<script> [1562 bytes]","args":[{"selector":{"id":"application-managepartners-display-component---NewPartner--addressDetailDetailsCountry-arrow"},"wdio_ui5_key":"applicationmanagepartners-display-component---NewPartner--addressDetailDetailsCountry-arrow"}]}
RESULT: undefined
COMMAND: POST /session/e5d91353675ec9eb3e3a21469c7a5328/element - {"using":"xpath","value":"//*[@id=\"application-managepartners-display-component---NewPartner--addressDetailDetailsCountry-arrow\"]"}
RESULT: {"using":"xpath","value":"//*[@id=\"application-managepartners-display-component---NewPartner--addressDetailDetailsCountry-arrow\"]"}
COMMAND: POST /session/e5d91353675ec9eb3e3a21469c7a5328/element/f.C1E909D8719DE039BC4E21351344D585.d.F4E525A3C0F201BB29505752E122CF12.e.5109/click - {}
RESULT: {}
COMMAND: POST /session/e5d91353675ec9eb3e3a21469c7a5328/element - {"using":"xpath","value":"//span[contains(text(), \"Argentina\")]"}
COMMAND: GET /session/e5d91353675ec9eb3e3a21469c7a5328/screenshot - {}
RESULT: {"using":"xpath","value":"//span[contains(text(), \"Argentina\")]"}
COMMAND: POST /session/e5d91353675ec9eb3e3a21469c7a5328/element/f.C1E909D8719DE039BC4E21351344D585.d.F4E525A3C0F201BB29505752E122CF12.e.5130/click - {}
RESULT: {}
RESULT: {}
COMMAND: GET /session/e5d91353675ec9eb3e3a21469c7a5328/screenshot - {}
RESULT: {}
COMMAND: POST /session/e5d91353675ec9eb3e3a21469c7a5328/element - {"using":"xpath","value":"//bdi[contains(text(), \"Commercial\")]"}
RESULT: {"using":"xpath","value":"//bdi[contains(text(), \"Commercial\")]"}
COMMAND: POST /session/e5d91353675ec9eb3e3a21469c7a5328/element/f.C1E909D8719DE039BC4E21351344D585.d.F4E525A3C0F201BB29505752E122CF12.e.5131/click - {}
RESULT: {}
COMMAND: GET /session/e5d91353675ec9eb3e3a21469c7a5328/screenshot - {}
RESULT: {}
COMMAND: POST /session/e5d91353675ec9eb3e3a21469c7a5328/execute/async - {"script":"<script> [1562 bytes]","args":[{"selector":{"id":"application-managepartners-display-component---NewPartner--partnerDetailInternal-arrow"},"wdio_ui5_key":"applicationmanagepartners-display-component---NewPartner--partnerDetailInternal-arrow"}]}
RESULT: {"script":"<script> [1562 bytes]","args":[{"selector":{"id":"application-managepartners-display-component---NewPartner--partnerDetailInternal-arrow"},"wdio_ui5_key":"applicationmanagepartners-display-component---NewPartner--partnerDetailInternal-arrow"}]}
RESULT: undefined
COMMAND: POST /session/e5d91353675ec9eb3e3a21469c7a5328/element - {"using":"xpath","value":"//*[@id=\"application-managepartners-display-component---NewPartner--partnerDetailInternal-arrow\"]"}
RESULT: {"using":"xpath","value":"//*[@id=\"application-managepartners-display-component---NewPartner--partnerDetailInternal-arrow\"]"}
COMMAND: POST /session/e5d91353675ec9eb3e3a21469c7a5328/element/f.C1E909D8719DE039BC4E21351344D585.d.F4E525A3C0F201BB29505752E122CF12.e.5139/click - {}
RESULT: {}
COMMAND: POST /session/e5d91353675ec9eb3e3a21469c7a5328/element - {"using":"xpath","value":"//span[contains(text(), \"Affiliated company\")]"}
COMMAND: GET /session/e5d91353675ec9eb3e3a21469c7a5328/screenshot - {}
RESULT: {"using":"xpath","value":"//span[contains(text(), \"Affiliated company\")]"}
COMMAND: POST /session/e5d91353675ec9eb3e3a21469c7a5328/element/f.C1E909D8719DE039BC4E21351344D585.d.F4E525A3C0F201BB29505752E122CF12.e.5140/click - {}
RESULT: {}
RESULT: {}
COMMAND: POST /session/e5d91353675ec9eb3e3a21469c7a5328/execute/async - {"script":"<script> [1562 bytes]","args":[{"selector":{"id":"application-managepartners-display-component---NewPartner--partnerDetailsCurrency-arrow"},"wdio_ui5_key":"applicationmanagepartners-display-component---NewPartner--partnerDetailsCurrency-arrow"}]}
COMMAND: GET /session/e5d91353675ec9eb3e3a21469c7a5328/screenshot - {}
RESULT: {"script":"<script> [1562 bytes]","args":[{"selector":{"id":"application-managepartners-display-component---NewPartner--partnerDetailsCurrency-arrow"},"wdio_ui5_key":"applicationmanagepartners-display-component---NewPartner--partnerDetailsCurrency-arrow"}]}
RESULT: undefined
COMMAND: POST /session/e5d91353675ec9eb3e3a21469c7a5328/element - {"using":"xpath","value":"//*[@id=\"application-managepartners-display-component---NewPartner--partnerDetailsCurrency-arrow\"]"}
RESULT: {}
RESULT: {"using":"xpath","value":"//*[@id=\"application-managepartners-display-component---NewPartner--partnerDetailsCurrency-arrow\"]"}
COMMAND: POST /session/e5d91353675ec9eb3e3a21469c7a5328/element/f.C1E909D8719DE039BC4E21351344D585.d.F4E525A3C0F201BB29505752E122CF12.e.5147/click - {}
RESULT: {}
COMMAND: POST /session/e5d91353675ec9eb3e3a21469c7a5328/element - {"using":"xpath","value":"//span[contains(text(), \"Euro\")]"}
COMMAND: GET /session/e5d91353675ec9eb3e3a21469c7a5328/screenshot - {}
RESULT: {"using":"xpath","value":"//span[contains(text(), \"Euro\")]"}
COMMAND: POST /session/e5d91353675ec9eb3e3a21469c7a5328/element/f.C1E909D8719DE039BC4E21351344D585.d.F4E525A3C0F201BB29505752E122CF12.e.5148/click - {}
RESULT: {}
RESULT: {}
COMMAND: POST /session/e5d91353675ec9eb3e3a21469c7a5328/execute/async - {"script":"<script> [1562 bytes]","args":[{"selector":{"id":"application-managepartners-display-component---NewPartner--addressEditDetailsCostObjectCstType-arrow"},"wdio_ui5_key":"applicationmanagepartners-display-component---NewPartner--addressEditDetailsCostObjectCstType-arrow"}]}
COMMAND: GET /session/e5d91353675ec9eb3e3a21469c7a5328/screenshot - {}
RESULT: {"script":"<script> [1562 bytes]","args":[{"selector":{"id":"application-managepartners-display-component---NewPartner--addressEditDetailsCostObjectCstType-arrow"},"wdio_ui5_key":"applicationmanagepartners-display-component---NewPartner--addressEditDetailsCostObjectCstType-arrow"}]}
RESULT: undefined
COMMAND: POST /session/e5d91353675ec9eb3e3a21469c7a5328/element - {"using":"xpath","value":"//*[@id=\"application-managepartners-display-component---NewPartner--addressEditDetailsCostObjectCstType-arrow\"]"}
RESULT: {}
RESULT: {"using":"xpath","value":"//*[@id=\"application-managepartners-display-component---NewPartner--addressEditDetailsCostObjectCstType-arrow\"]"}
COMMAND: POST /session/e5d91353675ec9eb3e3a21469c7a5328/element/f.C1E909D8719DE039BC4E21351344D585.d.F4E525A3C0F201BB29505752E122CF12.e.5149/click - {}
RESULT: {}
COMMAND: POST /session/e5d91353675ec9eb3e3a21469c7a5328/element - {"using":"xpath","value":"//span[contains(text(), \"Cost Center\")]"}
COMMAND: GET /session/e5d91353675ec9eb3e3a21469c7a5328/screenshot - {}
RESULT: {"using":"xpath","value":"//span[contains(text(), \"Cost Center\")]"}
COMMAND: POST /session/e5d91353675ec9eb3e3a21469c7a5328/element/f.C1E909D8719DE039BC4E21351344D585.d.F4E525A3C0F201BB29505752E122CF12.e.5150/click - {}
RESULT: {}
RESULT: {}
COMMAND: GET /session/e5d91353675ec9eb3e3a21469c7a5328/screenshot - {}
RESULT: {}
COMMAND: POST /session/e5d91353675ec9eb3e3a21469c7a5328/element - {"using":"xpath","value":"//span[@id=\"application-managepartners-display-component---NewPartner--addressNewCostObjectCstID-vhi\"]"}
RESULT: {"using":"xpath","value":"//span[@id=\"application-managepartners-display-component---NewPartner--addressNewCostObjectCstID-vhi\"]"}
COMMAND: POST /session/e5d91353675ec9eb3e3a21469c7a5328/execute/sync - {"script":"<script> [8489 bytes]","args":[{"element-6066-11e4-a52e-4f735466cecf":"f.C1E909D8719DE039BC4E21351344D585.d.F4E525A3C0F201BB29505752E122CF12.e.5154","ELEMENT":"f.C1E909D8719DE039BC4E21351344D585.d.F4E525A3C0F201BB29505752E122CF12.e.5154"}]}
RESULT: {"script":"<script> [8489 bytes]","args":[{"element-6066-11e4-a52e-4f735466cecf":"f.C1E909D8719DE039BC4E21351344D585.d.F4E525A3C0F201BB29505752E122CF12.e.5154","ELEMENT":"f.C1E909D8719DE039BC4E21351344D585.d.F4E525A3C0F201BB29505752E122CF12.e.5154"}]}
COMMAND: POST /session/e5d91353675ec9eb3e3a21469c7a5328/execute/async - {"script":"<script> [1562 bytes]","args":[{"selector":{"id":"application-managepartners-display-component---NewPartner--addressNewCostObjectCstID-vhi"},"wdio_ui5_key":"applicationmanagepartners-display-component---NewPartner--addressNewCostObjectCstID-vhi"}]}
COMMAND: GET /session/e5d91353675ec9eb3e3a21469c7a5328/screenshot - {}
RESULT: {"script":"<script> [1562 bytes]","args":[{"selector":{"id":"application-managepartners-display-component---NewPartner--addressNewCostObjectCstID-vhi"},"wdio_ui5_key":"applicationmanagepartners-display-component---NewPartner--addressNewCostObjectCstID-vhi"}]}
RESULT: undefined
COMMAND: POST /session/e5d91353675ec9eb3e3a21469c7a5328/element - {"using":"xpath","value":"//*[@id=\"application-managepartners-display-component---NewPartner--addressNewCostObjectCstID-vhi\"]"}
RESULT: {}
RESULT: {"using":"xpath","value":"//*[@id=\"application-managepartners-display-component---NewPartner--addressNewCostObjectCstID-vhi\"]"}
COMMAND: POST /session/e5d91353675ec9eb3e3a21469c7a5328/element/f.C1E909D8719DE039BC4E21351344D585.d.F4E525A3C0F201BB29505752E122CF12.e.5154/click - {}
RESULT: {}
COMMAND: GET /session/e5d91353675ec9eb3e3a21469c7a5328/screenshot - {}
RESULT: {}
RESULT: undefined
COMMAND: POST /session/e5d91353675ec9eb3e3a21469c7a5328/execute/async - {"script":"<script> [776 bytes]","args":[{"enterText":"10001013","selector":{"controlType":"sap.m.SearchField","properties":{"placeholder":"Search"},"searchOpenDialogs":true,"interaction":{"idSuffix":"I"}},"clearTextFirst":true,"interactionType":"ENTER_TEXT"}]}
RESULT: {"script":"<script> [776 bytes]","args":[{"enterText":"10001013","selector":{"controlType":"sap.m.SearchField","properties":{"placeholder":"Search"},"searchOpenDialogs":true,"interaction":{"idSuffix":"I"}},"clearTextFirst":true,"interactionType":"ENTER_TEXT"}]}
COMMAND: POST /session/e5d91353675ec9eb3e3a21469c7a5328/actions - {"actions":[{"id":"action14","type":"key","parameters":{},"actions":[{"type":"keyDown","value":""},{"type":"pause","duration":10},{"type":"keyUp","value":""}]}]}
RESULT: {"actions":[{"id":"action14","type":"key","parameters":{},"actions":[{"type":"keyDown","value":""},{"type":"pause","duration":10},{"type":"keyUp","value":""}]}]}
COMMAND: GET /session/e5d91353675ec9eb3e3a21469c7a5328/screenshot - {}
RESULT: {}
COMMAND: POST /session/e5d91353675ec9eb3e3a21469c7a5328/element - {"using":"xpath","value":"//span[contains(text(), \"General Management\")]"}
RESULT: {"using":"xpath","value":"//span[contains(text(), \"General Management\")]"}
COMMAND: POST /session/e5d91353675ec9eb3e3a21469c7a5328/element/f.C1E909D8719DE039BC4E21351344D585.d.F4E525A3C0F201BB29505752E122CF12.e.5193/click - {}
RESULT: {}
COMMAND: GET /session/e5d91353675ec9eb3e3a21469c7a5328/screenshot - {}
RESULT: {}
COMMAND: POST /session/e5d91353675ec9eb3e3a21469c7a5328/element - {"using":"xpath","value":"//bdi[contains(text(), \"OK\")]"}
RESULT: {"using":"xpath","value":"//bdi[contains(text(), \"OK\")]"}
COMMAND: POST /session/e5d91353675ec9eb3e3a21469c7a5328/element/f.C1E909D8719DE039BC4E21351344D585.d.F4E525A3C0F201BB29505752E122CF12.e.5194/click - {}
RESULT: {}
COMMAND: GET /session/e5d91353675ec9eb3e3a21469c7a5328/screenshot - {}
RESULT: {}
COMMAND: POST /session/e5d91353675ec9eb3e3a21469c7a5328/element - {"using":"xpath","value":"//input[@id=\"application-managepartners-display-component---NewPartner--companyCodeComboBox-inner\"]"}
RESULT: {"using":"xpath","value":"//input[@id=\"application-managepartners-display-component---NewPartner--companyCodeComboBox-inner\"]"}
COMMAND: POST /session/e5d91353675ec9eb3e3a21469c7a5328/element/f.C1E909D8719DE039BC4E21351344D585.d.F4E525A3C0F201BB29505752E122CF12.e.4988/clear - {}
RESULT: {}
COMMAND: POST /session/e5d91353675ec9eb3e3a21469c7a5328/element/f.C1E909D8719DE039BC4E21351344D585.d.F4E525A3C0F201BB29505752E122CF12.e.4988/value - {"text":"C002"}
COMMAND: GET /session/e5d91353675ec9eb3e3a21469c7a5328/screenshot - {}
RESULT: {"text":"C002"}
COMMAND: GET /session/e5d91353675ec9eb3e3a21469c7a5328/screenshot - {}
RESULT: {}
RESULT: {}
COMMAND: POST /session/e5d91353675ec9eb3e3a21469c7a5328/element - {"using":"xpath","value":"//li[.//span[text()= \"C002\"]]"}
RESULT: {"using":"xpath","value":"//li[.//span[text()= \"C002\"]]"}
COMMAND: POST /session/e5d91353675ec9eb3e3a21469c7a5328/element/f.C1E909D8719DE039BC4E21351344D585.d.F4E525A3C0F201BB29505752E122CF12.e.5200/click - {}
RESULT: {}
COMMAND: GET /session/e5d91353675ec9eb3e3a21469c7a5328/screenshot - {}
RESULT: {}
COMMAND: POST /session/e5d91353675ec9eb3e3a21469c7a5328/execute/async - {"script":"<script> [1562 bytes]","args":[{"selector":{"id":"application-managepartners-display-component---NewPartner--btnAddTableRow-img"},"wdio_ui5_key":"applicationmanagepartners-display-component---NewPartner--btnAddTableRow-img"}]}
RESULT: {"script":"<script> [1562 bytes]","args":[{"selector":{"id":"application-managepartners-display-component---NewPartner--btnAddTableRow-img"},"wdio_ui5_key":"applicationmanagepartners-display-component---NewPartner--btnAddTableRow-img"}]}
RESULT: undefined
COMMAND: POST /session/e5d91353675ec9eb3e3a21469c7a5328/element - {"using":"xpath","value":"//*[@id=\"application-managepartners-display-component---NewPartner--btnAddTableRow-img\"]"}
RESULT: {"using":"xpath","value":"//*[@id=\"application-managepartners-display-component---NewPartner--btnAddTableRow-img\"]"}
COMMAND: POST /session/e5d91353675ec9eb3e3a21469c7a5328/element/f.C1E909D8719DE039BC4E21351344D585.d.F4E525A3C0F201BB29505752E122CF12.e.5201/click - {}
RESULT: {}
COMMAND: GET /session/e5d91353675ec9eb3e3a21469c7a5328/screenshot - {}
RESULT: {}
COMMAND: POST /session/e5d91353675ec9eb3e3a21469c7a5328/element - {"using":"xpath","value":"//input[@id=\"application-managepartners-display-component---NewPartner--assignmentYard-application-managepartners-display-component---NewPartner--assignmentsTable-0-inner\"]"}
RESULT: {"using":"xpath","value":"//input[@id=\"application-managepartners-display-component---NewPartner--assignmentYard-application-managepartners-display-component---NewPartner--assignmentsTable-0-inner\"]"}
COMMAND: POST /session/e5d91353675ec9eb3e3a21469c7a5328/element/f.C1E909D8719DE039BC4E21351344D585.d.F4E525A3C0F201BB29505752E122CF12.e.5204/clear - {}
RESULT: {}
COMMAND: POST /session/e5d91353675ec9eb3e3a21469c7a5328/element/f.C1E909D8719DE039BC4E21351344D585.d.F4E525A3C0F201BB29505752E122CF12.e.5204/value - {"text":"515"}
COMMAND: GET /session/e5d91353675ec9eb3e3a21469c7a5328/screenshot - {}
RESULT: {"text":"515"}
COMMAND: GET /session/e5d91353675ec9eb3e3a21469c7a5328/screenshot - {}
RESULT: {}
RESULT: {}
COMMAND: POST /session/e5d91353675ec9eb3e3a21469c7a5328/element - {"using":"xpath","value":"//li[.//span[text()='515']]"}
RESULT: {"using":"xpath","value":"//li[.//span[text()='515']]"}
COMMAND: POST /session/e5d91353675ec9eb3e3a21469c7a5328/element/f.C1E909D8719DE039BC4E21351344D585.d.F4E525A3C0F201BB29505752E122CF12.e.5213/click - {}
RESULT: {}
COMMAND: GET /session/e5d91353675ec9eb3e3a21469c7a5328/screenshot - {}
RESULT: {}
COMMAND: POST /session/e5d91353675ec9eb3e3a21469c7a5328/actions - {"actions":[{"id":"action15","type":"key","parameters":{},"actions":[{"type":"keyDown","value":""},{"type":"pause","duration":10},{"type":"keyUp","value":""}]}]}
RESULT: {"actions":[{"id":"action15","type":"key","parameters":{},"actions":[{"type":"keyDown","value":""},{"type":"pause","duration":10},{"type":"keyUp","value":""}]}]}
COMMAND: POST /session/e5d91353675ec9eb3e3a21469c7a5328/execute/async - {"script":"<script> [1562 bytes]","args":[{"selector":{"id":"application-managepartners-display-component---NewPartner--externalCustomerComboBox-application-managepartners-display-component---NewPartner--assignmentsTable-0-vhi"},"wdio_ui5_key":"applicationmanagepartners-display-component---NewPartner--externalCustomerComboBox-application-managepartners-display-component---NewPartner--assignmentsTable-0-vhi"}]}
COMMAND: GET /session/e5d91353675ec9eb3e3a21469c7a5328/screenshot - {}
RESULT: {"script":"<script> [1562 bytes]","args":[{"selector":{"id":"application-managepartners-display-component---NewPartner--externalCustomerComboBox-application-managepartners-display-component---NewPartner--assignmentsTable-0-vhi"},"wdio_ui5_key":"applicationmanagepartners-display-component---NewPartner--externalCustomerComboBox-application-managepartners-display-component---NewPartner--assignmentsTable-0-vhi"}]}
RESULT: undefined
COMMAND: POST /session/e5d91353675ec9eb3e3a21469c7a5328/element - {"using":"xpath","value":"//*[@id=\"application-managepartners-display-component---NewPartner--externalCustomerComboBox-application-managepartners-display-component---NewPartner--assignmentsTable-0-vhi\"]"}
RESULT: {}
RESULT: {"using":"xpath","value":"//*[@id=\"application-managepartners-display-component---NewPartner--externalCustomerComboBox-application-managepartners-display-component---NewPartner--assignmentsTable-0-vhi\"]"}
COMMAND: POST /session/e5d91353675ec9eb3e3a21469c7a5328/element/f.C1E909D8719DE039BC4E21351344D585.d.F4E525A3C0F201BB29505752E122CF12.e.5217/click - {}
RESULT: {}
RESULT: undefined
COMMAND: POST /session/e5d91353675ec9eb3e3a21469c7a5328/execute/async - {"script":"<script> [776 bytes]","args":[{"enterText":"300003","selector":{"controlType":"sap.m.SearchField","properties":{"placeholder":"Search"},"searchOpenDialogs":true,"interaction":{"idSuffix":"I"}},"clearTextFirst":true,"interactionType":"ENTER_TEXT"}]}
COMMAND: GET /session/e5d91353675ec9eb3e3a21469c7a5328/screenshot - {}
RESULT: {"script":"<script> [776 bytes]","args":[{"enterText":"300003","selector":{"controlType":"sap.m.SearchField","properties":{"placeholder":"Search"},"searchOpenDialogs":true,"interaction":{"idSuffix":"I"}},"clearTextFirst":true,"interactionType":"ENTER_TEXT"}]}
COMMAND: POST /session/e5d91353675ec9eb3e3a21469c7a5328/actions - {"actions":[{"id":"action16","type":"key","parameters":{},"actions":[{"type":"keyDown","value":""},{"type":"pause","duration":10},{"type":"keyUp","value":""}]}]}
RESULT: {}
RESULT: {"actions":[{"id":"action16","type":"key","parameters":{},"actions":[{"type":"keyDown","value":""},{"type":"pause","duration":10},{"type":"keyUp","value":""}]}]}
COMMAND: GET /session/e5d91353675ec9eb3e3a21469c7a5328/screenshot - {}
RESULT: {}
COMMAND: POST /session/e5d91353675ec9eb3e3a21469c7a5328/element - {"using":"xpath","value":"//span[contains(text(), \"300003\")]"}
RESULT: {"using":"xpath","value":"//span[contains(text(), \"300003\")]"}
COMMAND: POST /session/e5d91353675ec9eb3e3a21469c7a5328/element/f.C1E909D8719DE039BC4E21351344D585.d.F4E525A3C0F201BB29505752E122CF12.e.5235/click - {}
RESULT: {}
COMMAND: GET /session/e5d91353675ec9eb3e3a21469c7a5328/screenshot - {}
RESULT: {}
COMMAND: POST /session/e5d91353675ec9eb3e3a21469c7a5328/element - {"using":"xpath","value":"//bdi[contains(text(), \"OK\")]"}
RESULT: {"using":"xpath","value":"//bdi[contains(text(), \"OK\")]"}
COMMAND: POST /session/e5d91353675ec9eb3e3a21469c7a5328/element/f.C1E909D8719DE039BC4E21351344D585.d.F4E525A3C0F201BB29505752E122CF12.e.5237/click - {}
RESULT: {}
COMMAND: GET /session/e5d91353675ec9eb3e3a21469c7a5328/screenshot - {}
RESULT: {}
COMMAND: POST /session/e5d91353675ec9eb3e3a21469c7a5328/execute/async - {"script":"<script> [1562 bytes]","args":[{"selector":{"id":"application-managepartners-display-component---NewPartner--intercompVendorComboBox-application-managepartners-display-component---NewPartner--assignmentsTable-0-vhi"},"wdio_ui5_key":"applicationmanagepartners-display-component---NewPartner--intercompVendorComboBox-application-managepartners-display-component---NewPartner--assignmentsTable-0-vhi"}]}
RESULT: {"script":"<script> [1562 bytes]","args":[{"selector":{"id":"application-managepartners-display-component---NewPartner--intercompVendorComboBox-application-managepartners-display-component---NewPartner--assignmentsTable-0-vhi"},"wdio_ui5_key":"applicationmanagepartners-display-component---NewPartner--intercompVendorComboBox-application-managepartners-display-component---NewPartner--assignmentsTable-0-vhi"}]}
RESULT: undefined
COMMAND: POST /session/e5d91353675ec9eb3e3a21469c7a5328/element - {"using":"xpath","value":"//*[@id=\"application-managepartners-display-component---NewPartner--intercompVendorComboBox-application-managepartners-display-component---NewPartner--assignmentsTable-0-vhi\"]"}
RESULT: {"using":"xpath","value":"//*[@id=\"application-managepartners-display-component---NewPartner--intercompVendorComboBox-application-managepartners-display-component---NewPartner--assignmentsTable-0-vhi\"]"}
COMMAND: POST /session/e5d91353675ec9eb3e3a21469c7a5328/element/f.C1E909D8719DE039BC4E21351344D585.d.F4E525A3C0F201BB29505752E122CF12.e.5241/click - {}
RESULT: {}
RESULT: undefined
COMMAND: POST /session/e5d91353675ec9eb3e3a21469c7a5328/execute/async - {"script":"<script> [776 bytes]","args":[{"enterText":"100005","selector":{"controlType":"sap.m.SearchField","properties":{"placeholder":"Search"},"searchOpenDialogs":true,"interaction":{"idSuffix":"I"}},"clearTextFirst":true,"interactionType":"ENTER_TEXT"}]}
COMMAND: GET /session/e5d91353675ec9eb3e3a21469c7a5328/screenshot - {}
RESULT: {"script":"<script> [776 bytes]","args":[{"enterText":"100005","selector":{"controlType":"sap.m.SearchField","properties":{"placeholder":"Search"},"searchOpenDialogs":true,"interaction":{"idSuffix":"I"}},"clearTextFirst":true,"interactionType":"ENTER_TEXT"}]}
COMMAND: POST /session/e5d91353675ec9eb3e3a21469c7a5328/actions - {"actions":[{"id":"action17","type":"key","parameters":{},"actions":[{"type":"keyDown","value":""},{"type":"pause","duration":10},{"type":"keyUp","value":""}]}]}
RESULT: {}
RESULT: {"actions":[{"id":"action17","type":"key","parameters":{},"actions":[{"type":"keyDown","value":""},{"type":"pause","duration":10},{"type":"keyUp","value":""}]}]}
COMMAND: GET /session/e5d91353675ec9eb3e3a21469c7a5328/screenshot - {}
RESULT: {}
COMMAND: POST /session/e5d91353675ec9eb3e3a21469c7a5328/element - {"using":"xpath","value":"//span[contains(text(), \"Penguins - Field/12345 Berlin\")]"}
RESULT: {"using":"xpath","value":"//span[contains(text(), \"Penguins - Field/12345 Berlin\")]"}
COMMAND: POST /session/e5d91353675ec9eb3e3a21469c7a5328/element/f.C1E909D8719DE039BC4E21351344D585.d.F4E525A3C0F201BB29505752E122CF12.e.5258/click - {}
RESULT: {}
COMMAND: GET /session/e5d91353675ec9eb3e3a21469c7a5328/screenshot - {}
RESULT: {}
COMMAND: POST /session/e5d91353675ec9eb3e3a21469c7a5328/element - {"using":"xpath","value":"//bdi[contains(text(), \"OK\")]"}
RESULT: {"using":"xpath","value":"//bdi[contains(text(), \"OK\")]"}
COMMAND: POST /session/e5d91353675ec9eb3e3a21469c7a5328/element/f.C1E909D8719DE039BC4E21351344D585.d.F4E525A3C0F201BB29505752E122CF12.e.5259/click - {}
RESULT: {}
COMMAND: GET /session/e5d91353675ec9eb3e3a21469c7a5328/screenshot - {}
RESULT: {}
COMMAND: POST /session/e5d91353675ec9eb3e3a21469c7a5328/element - {"using":"xpath","value":"//button[@data-kt=\"saveButton\"]"}
RESULT: {"using":"xpath","value":"//button[@data-kt=\"saveButton\"]"}
COMMAND: POST /session/e5d91353675ec9eb3e3a21469c7a5328/element/f.C1E909D8719DE039BC4E21351344D585.d.F4E525A3C0F201BB29505752E122CF12.e.5111/click - {}
RESULT: {}
COMMAND: GET /session/e5d91353675ec9eb3e3a21469c7a5328/screenshot - {}
RESULT: {}
COMMAND: POST /session/e5d91353675ec9eb3e3a21469c7a5328/element - {"using":"xpath","value":"//header[contains(@id, 'ObjectPageLayout-headerTitle')]/div[1]/div[2]/div[2]/span[1]"}
RESULT: {"using":"xpath","value":"//header[contains(@id, 'ObjectPageLayout-headerTitle')]/div[1]/div[2]/div[2]/span[1]"}
COMMAND: POST /session/e5d91353675ec9eb3e3a21469c7a5328/elements - {"using":"xpath","value":"//header[contains(@id, 'ObjectPageLayout-headerTitle')]/div[1]/div[2]/div[2]/span[1]"}
RESULT: {"using":"xpath","value":"//header[contains(@id, 'ObjectPageLayout-headerTitle')]/div[1]/div[2]/div[2]/span[1]"}
COMMAND: POST /session/e5d91353675ec9eb3e3a21469c7a5328/execute/sync - {"script":"<script> [56 bytes]","args":[{"element-6066-11e4-a52e-4f735466cecf":"f.C1E909D8719DE039BC4E21351344D585.d.F4E525A3C0F201BB29505752E122CF12.e.5425","ELEMENT":"f.C1E909D8719DE039BC4E21351344D585.d.F4E525A3C0F201BB29505752E122CF12.e.5425"}]}
RESULT: {"script":"<script> [56 bytes]","args":[{"element-6066-11e4-a52e-4f735466cecf":"f.C1E909D8719DE039BC4E21351344D585.d.F4E525A3C0F201BB29505752E122CF12.e.5425","ELEMENT":"f.C1E909D8719DE039BC4E21351344D585.d.F4E525A3C0F201BB29505752E122CF12.e.5425"}]}
COMMAND: POST /session/e5d91353675ec9eb3e3a21469c7a5328/element - {"using":"css selector","value":"#shell-header-logo"}
COMMAND: GET /session/e5d91353675ec9eb3e3a21469c7a5328/screenshot - {}
RESULT: {"using":"css selector","value":"#shell-header-logo"}
COMMAND: POST /session/e5d91353675ec9eb3e3a21469c7a5328/element/f.C1E909D8719DE039BC4E21351344D585.d.F4E525A3C0F201BB29505752E122CF12.e.4643/click - {}
RESULT: {}
RESULT: {}
COMMAND: GET /session/e5d91353675ec9eb3e3a21469c7a5328/screenshot - {}
RESULT: {}
COMMAND: POST /session/e5d91353675ec9eb3e3a21469c7a5328/execute/sync - {"script":"<script> [299 bytes]","args":[["getModel","getResource"]]}
RESULT: {"script":"<script> [299 bytes]","args":[["getModel","getResource"]]}
COMMAND: POST /session/e5d91353675ec9eb3e3a21469c7a5328/execute/async - {"script":"<script> [1562 bytes]","args":[{"selector":{"controlType":"sap.m.GenericTile","properties":{"header":"Manage Sites"}},"wdio_ui5_key":"sapm.GenericTile{\"header\":\"Manage Sites\"}"}]}
COMMAND: GET /session/e5d91353675ec9eb3e3a21469c7a5328/screenshot - {}
RESULT: {"script":"<script> [1562 bytes]","args":[{"selector":{"controlType":"sap.m.GenericTile","properties":{"header":"Manage Sites"}},"wdio_ui5_key":"sapm.GenericTile{\"header\":\"Manage Sites\"}"}]}
RESULT: undefined
COMMAND: POST /session/e5d91353675ec9eb3e3a21469c7a5328/element - {"using":"xpath","value":"//*[@id=\"__tile32\"]"}
RESULT: {}
RESULT: {"using":"xpath","value":"//*[@id=\"__tile32\"]"}
COMMAND: POST /session/e5d91353675ec9eb3e3a21469c7a5328/element/f.C1E909D8719DE039BC4E21351344D585.d.F4E525A3C0F201BB29505752E122CF12.e.3806/click - {}
RESULT: {}
COMMAND: GET /session/e5d91353675ec9eb3e3a21469c7a5328/screenshot - {}
RESULT: {}
COMMAND: POST /session/e5d91353675ec9eb3e3a21469c7a5328/elements - {"using":"xpath","value":"//span[text()='Error']"}
RESULT: {"using":"xpath","value":"//span[text()='Error']"}
COMMAND: POST /session/e5d91353675ec9eb3e3a21469c7a5328/element - {"using":"xpath","value":"//button[@data-kt=\"addOverflowToolbarButton\"]"}
RESULT: {"using":"xpath","value":"//button[@data-kt=\"addOverflowToolbarButton\"]"}
COMMAND: POST /session/e5d91353675ec9eb3e3a21469c7a5328/elements - {"using":"xpath","value":"//button[@data-kt=\"addOverflowToolbarButton\"]"}
RESULT: {"using":"xpath","value":"//button[@data-kt=\"addOverflowToolbarButton\"]"}
COMMAND: POST /session/e5d91353675ec9eb3e3a21469c7a5328/execute/sync - {"script":"<script> [8489 bytes]","args":[{"element-6066-11e4-a52e-4f735466cecf":"f.C1E909D8719DE039BC4E21351344D585.d.F4E525A3C0F201BB29505752E122CF12.e.5472","ELEMENT":"f.C1E909D8719DE039BC4E21351344D585.d.F4E525A3C0F201BB29505752E122CF12.e.5472"}]}
RESULT: {"script":"<script> [8489 bytes]","args":[{"element-6066-11e4-a52e-4f735466cecf":"f.C1E909D8719DE039BC4E21351344D585.d.F4E525A3C0F201BB29505752E122CF12.e.5472","ELEMENT":"f.C1E909D8719DE039BC4E21351344D585.d.F4E525A3C0F201BB29505752E122CF12.e.5472"}]}
COMMAND: GET /session/e5d91353675ec9eb3e3a21469c7a5328/element/f.C1E909D8719DE039BC4E21351344D585.d.F4E525A3C0F201BB29505752E122CF12.e.5472/enabled - {}
COMMAND: GET /session/e5d91353675ec9eb3e3a21469c7a5328/screenshot - {}
RESULT: {}
COMMAND: POST /session/e5d91353675ec9eb3e3a21469c7a5328/execute/sync - {"script":"<script> [8489 bytes]","args":[{"element-6066-11e4-a52e-4f735466cecf":"f.C1E909D8719DE039BC4E21351344D585.d.F4E525A3C0F201BB29505752E122CF12.e.5472","ELEMENT":"f.C1E909D8719DE039BC4E21351344D585.d.F4E525A3C0F201BB29505752E122CF12.e.5472"}]}
COMMAND: GET /session/e5d91353675ec9eb3e3a21469c7a5328/screenshot - {}
RESULT: {}
RESULT: {"script":"<script> [8489 bytes]","args":[{"element-6066-11e4-a52e-4f735466cecf":"f.C1E909D8719DE039BC4E21351344D585.d.F4E525A3C0F201BB29505752E122CF12.e.5472","ELEMENT":"f.C1E909D8719DE039BC4E21351344D585.d.F4E525A3C0F201BB29505752E122CF12.e.5472"}]}
COMMAND: POST /session/e5d91353675ec9eb3e3a21469c7a5328/execute/sync - {"script":"<script> [5351 bytes]","args":[{"element-6066-11e4-a52e-4f735466cecf":"f.C1E909D8719DE039BC4E21351344D585.d.F4E525A3C0F201BB29505752E122CF12.e.5472","ELEMENT":"f.C1E909D8719DE039BC4E21351344D585.d.F4E525A3C0F201BB29505752E122CF12.e.5472"}]}
COMMAND: GET /session/e5d91353675ec9eb3e3a21469c7a5328/screenshot - {}
RESULT: {}
RESULT: {"script":"<script> [5351 bytes]","args":[{"element-6066-11e4-a52e-4f735466cecf":"f.C1E909D8719DE039BC4E21351344D585.d.F4E525A3C0F201BB29505752E122CF12.e.5472","ELEMENT":"f.C1E909D8719DE039BC4E21351344D585.d.F4E525A3C0F201BB29505752E122CF12.e.5472"}]}
COMMAND: POST /session/e5d91353675ec9eb3e3a21469c7a5328/element/f.C1E909D8719DE039BC4E21351344D585.d.F4E525A3C0F201BB29505752E122CF12.e.5472/click - {}
COMMAND: GET /session/e5d91353675ec9eb3e3a21469c7a5328/screenshot - {}
RESULT: {}
RESULT: {}
COMMAND: GET /session/e5d91353675ec9eb3e3a21469c7a5328/screenshot - {}
COMMAND: POST /session/e5d91353675ec9eb3e3a21469c7a5328/element - {"using":"xpath","value":"//input[@id=\"application-managesites-display-component---NewSite--siteId-inner\"]"}
RESULT: {}
RESULT: {}
RESULT: {"using":"xpath","value":"//input[@id=\"application-managesites-display-component---NewSite--siteId-inner\"]"}
COMMAND: POST /session/e5d91353675ec9eb3e3a21469c7a5328/element - {"using":"xpath","value":"//input[@id=\"application-managesites-display-component---NewSite--siteId-inner\"]"}
RESULT: {"using":"xpath","value":"//input[@id=\"application-managesites-display-component---NewSite--siteId-inner\"]"}
COMMAND: POST /session/e5d91353675ec9eb3e3a21469c7a5328/execute/async - {"script":"<script> [1562 bytes]","args":[{"selector":{"id":"application-managesites-display-component---NewSite--addressDetailDetailsName1","interaction":{"idSuffix":"inner"}},"wdio_ui5_key":"applicationmanagesites-display-component---NewSite--addressDetailDetailsName1"}]}
RESULT: {"script":"<script> [1562 bytes]","args":[{"selector":{"id":"application-managesites-display-component---NewSite--addressDetailDetailsName1","interaction":{"idSuffix":"inner"}},"wdio_ui5_key":"applicationmanagesites-display-component---NewSite--addressDetailDetailsName1"}]}
RESULT: undefined
COMMAND: POST /session/e5d91353675ec9eb3e3a21469c7a5328/execute/async - {"script":"<script> [776 bytes]","args":[{"enterText":"Intercompany Site wdIO","selector":{"id":"application-managesites-display-component---NewSite--addressDetailDetailsName1","interaction":{"idSuffix":"inner"}},"clearTextFirst":true,"interactionType":"ENTER_TEXT"}]}
RESULT: {"script":"<script> [776 bytes]","args":[{"enterText":"Intercompany Site wdIO","selector":{"id":"application-managesites-display-component---NewSite--addressDetailDetailsName1","interaction":{"idSuffix":"inner"}},"clearTextFirst":true,"interactionType":"ENTER_TEXT"}]}
COMMAND: POST /session/e5d91353675ec9eb3e3a21469c7a5328/execute/async - {"script":"<script> [1562 bytes]","args":[{"selector":{"id":"application-managesites-display-component---NewSite--addressDetailDetailsLanguage-arrow"},"wdio_ui5_key":"applicationmanagesites-display-component---NewSite--addressDetailDetailsLanguage-arrow"}]}
RESULT: {"script":"<script> [1562 bytes]","args":[{"selector":{"id":"application-managesites-display-component---NewSite--addressDetailDetailsLanguage-arrow"},"wdio_ui5_key":"applicationmanagesites-display-component---NewSite--addressDetailDetailsLanguage-arrow"}]}
RESULT: undefined
COMMAND: POST /session/e5d91353675ec9eb3e3a21469c7a5328/element - {"using":"xpath","value":"//*[@id=\"application-managesites-display-component---NewSite--addressDetailDetailsLanguage-arrow\"]"}
RESULT: {"using":"xpath","value":"//*[@id=\"application-managesites-display-component---NewSite--addressDetailDetailsLanguage-arrow\"]"}
COMMAND: POST /session/e5d91353675ec9eb3e3a21469c7a5328/element/f.C1E909D8719DE039BC4E21351344D585.d.F4E525A3C0F201BB29505752E122CF12.e.5942/click - {}
RESULT: {}
COMMAND: POST /session/e5d91353675ec9eb3e3a21469c7a5328/element - {"using":"xpath","value":"//span[contains(text(), \"English\")]"}
COMMAND: GET /session/e5d91353675ec9eb3e3a21469c7a5328/screenshot - {}
RESULT: {"using":"xpath","value":"//span[contains(text(), \"English\")]"}
COMMAND: POST /session/e5d91353675ec9eb3e3a21469c7a5328/element/f.C1E909D8719DE039BC4E21351344D585.d.F4E525A3C0F201BB29505752E122CF12.e.5943/click - {}
RESULT: {}
RESULT: {}
COMMAND: POST /session/e5d91353675ec9eb3e3a21469c7a5328/execute/async - {"script":"<script> [1562 bytes]","args":[{"selector":{"id":"application-managesites-display-component---NewSite--addressDetailDetailsCity1","interaction":{"idSuffix":"inner"}},"wdio_ui5_key":"applicationmanagesites-display-component---NewSite--addressDetailDetailsCity1"}]}
COMMAND: GET /session/e5d91353675ec9eb3e3a21469c7a5328/screenshot - {}
RESULT: {"script":"<script> [1562 bytes]","args":[{"selector":{"id":"application-managesites-display-component---NewSite--addressDetailDetailsCity1","interaction":{"idSuffix":"inner"}},"wdio_ui5_key":"applicationmanagesites-display-component---NewSite--addressDetailDetailsCity1"}]}
RESULT: undefined
COMMAND: POST /session/e5d91353675ec9eb3e3a21469c7a5328/execute/async - {"script":"<script> [776 bytes]","args":[{"enterText":"Rosario","selector":{"id":"application-managesites-display-component---NewSite--addressDetailDetailsCity1","interaction":{"idSuffix":"inner"}},"clearTextFirst":true,"interactionType":"ENTER_TEXT"}]}
RESULT: {}
RESULT: {"script":"<script> [776 bytes]","args":[{"enterText":"Rosario","selector":{"id":"application-managesites-display-component---NewSite--addressDetailDetailsCity1","interaction":{"idSuffix":"inner"}},"clearTextFirst":true,"interactionType":"ENTER_TEXT"}]}
COMMAND: POST /session/e5d91353675ec9eb3e3a21469c7a5328/execute/async - {"script":"<script> [1562 bytes]","args":[{"selector":{"id":"application-managesites-display-component---NewSite--addressDetailDetailsCountry-arrow"},"wdio_ui5_key":"applicationmanagesites-display-component---NewSite--addressDetailDetailsCountry-arrow"}]}
RESULT: {"script":"<script> [1562 bytes]","args":[{"selector":{"id":"application-managesites-display-component---NewSite--addressDetailDetailsCountry-arrow"},"wdio_ui5_key":"applicationmanagesites-display-component---NewSite--addressDetailDetailsCountry-arrow"}]}
RESULT: undefined
COMMAND: POST /session/e5d91353675ec9eb3e3a21469c7a5328/element - {"using":"xpath","value":"//*[@id=\"application-managesites-display-component---NewSite--addressDetailDetailsCountry-arrow\"]"}
RESULT: {"using":"xpath","value":"//*[@id=\"application-managesites-display-component---NewSite--addressDetailDetailsCountry-arrow\"]"}
COMMAND: POST /session/e5d91353675ec9eb3e3a21469c7a5328/element/f.C1E909D8719DE039BC4E21351344D585.d.F4E525A3C0F201BB29505752E122CF12.e.5945/click - {}
RESULT: {}
COMMAND: POST /session/e5d91353675ec9eb3e3a21469c7a5328/element - {"using":"xpath","value":"//span[contains(text(), \"Argentina\")]"}
COMMAND: GET /session/e5d91353675ec9eb3e3a21469c7a5328/screenshot - {}
RESULT: {"using":"xpath","value":"//span[contains(text(), \"Argentina\")]"}
COMMAND: POST /session/e5d91353675ec9eb3e3a21469c7a5328/element/f.C1E909D8719DE039BC4E21351344D585.d.F4E525A3C0F201BB29505752E122CF12.e.5947/click - {}
RESULT: {}
RESULT: {}
COMMAND: GET /session/e5d91353675ec9eb3e3a21469c7a5328/screenshot - {}
RESULT: {}
COMMAND: POST /session/e5d91353675ec9eb3e3a21469c7a5328/execute/async - {"script":"<script> [1562 bytes]","args":[{"selector":{"id":"application-managesites-display-component---NewSite--addressEditDetailsCostObjectCstType-arrow"},"wdio_ui5_key":"applicationmanagesites-display-component---NewSite--addressEditDetailsCostObjectCstType-arrow"}]}
RESULT: {"script":"<script> [1562 bytes]","args":[{"selector":{"id":"application-managesites-display-component---NewSite--addressEditDetailsCostObjectCstType-arrow"},"wdio_ui5_key":"applicationmanagesites-display-component---NewSite--addressEditDetailsCostObjectCstType-arrow"}]}
RESULT: undefined
COMMAND: POST /session/e5d91353675ec9eb3e3a21469c7a5328/element - {"using":"xpath","value":"//*[@id=\"application-managesites-display-component---NewSite--addressEditDetailsCostObjectCstType-arrow\"]"}
RESULT: {"using":"xpath","value":"//*[@id=\"application-managesites-display-component---NewSite--addressEditDetailsCostObjectCstType-arrow\"]"}
COMMAND: POST /session/e5d91353675ec9eb3e3a21469c7a5328/element/f.C1E909D8719DE039BC4E21351344D585.d.F4E525A3C0F201BB29505752E122CF12.e.5948/click - {}
RESULT: {}
COMMAND: POST /session/e5d91353675ec9eb3e3a21469c7a5328/element - {"using":"xpath","value":"//span[contains(text(), \"Cost Center\")]"}
COMMAND: GET /session/e5d91353675ec9eb3e3a21469c7a5328/screenshot - {}
RESULT: {"using":"xpath","value":"//span[contains(text(), \"Cost Center\")]"}
COMMAND: POST /session/e5d91353675ec9eb3e3a21469c7a5328/element/f.C1E909D8719DE039BC4E21351344D585.d.F4E525A3C0F201BB29505752E122CF12.e.5949/click - {}
RESULT: {}
RESULT: {}
COMMAND: GET /session/e5d91353675ec9eb3e3a21469c7a5328/screenshot - {}
RESULT: {}
COMMAND: POST /session/e5d91353675ec9eb3e3a21469c7a5328/element - {"using":"xpath","value":"//span[@id=\"application-managesites-display-component---NewSite--addressNewCostObjectCstID-vhi\"]"}
RESULT: {"using":"xpath","value":"//span[@id=\"application-managesites-display-component---NewSite--addressNewCostObjectCstID-vhi\"]"}
COMMAND: POST /session/e5d91353675ec9eb3e3a21469c7a5328/execute/sync - {"script":"<script> [8489 bytes]","args":[{"element-6066-11e4-a52e-4f735466cecf":"f.C1E909D8719DE039BC4E21351344D585.d.F4E525A3C0F201BB29505752E122CF12.e.5953","ELEMENT":"f.C1E909D8719DE039BC4E21351344D585.d.F4E525A3C0F201BB29505752E122CF12.e.5953"}]}
RESULT: {"script":"<script> [8489 bytes]","args":[{"element-6066-11e4-a52e-4f735466cecf":"f.C1E909D8719DE039BC4E21351344D585.d.F4E525A3C0F201BB29505752E122CF12.e.5953","ELEMENT":"f.C1E909D8719DE039BC4E21351344D585.d.F4E525A3C0F201BB29505752E122CF12.e.5953"}]}
COMMAND: POST /session/e5d91353675ec9eb3e3a21469c7a5328/execute/async - {"script":"<script> [1562 bytes]","args":[{"selector":{"id":"application-managesites-display-component---NewSite--addressNewCostObjectCstID-vhi"},"wdio_ui5_key":"applicationmanagesites-display-component---NewSite--addressNewCostObjectCstID-vhi"}]}
COMMAND: GET /session/e5d91353675ec9eb3e3a21469c7a5328/screenshot - {}
RESULT: {"script":"<script> [1562 bytes]","args":[{"selector":{"id":"application-managesites-display-component---NewSite--addressNewCostObjectCstID-vhi"},"wdio_ui5_key":"applicationmanagesites-display-component---NewSite--addressNewCostObjectCstID-vhi"}]}
RESULT: undefined
COMMAND: POST /session/e5d91353675ec9eb3e3a21469c7a5328/element - {"using":"xpath","value":"//*[@id=\"application-managesites-display-component---NewSite--addressNewCostObjectCstID-vhi\"]"}
RESULT: {}
RESULT: {"using":"xpath","value":"//*[@id=\"application-managesites-display-component---NewSite--addressNewCostObjectCstID-vhi\"]"}
COMMAND: POST /session/e5d91353675ec9eb3e3a21469c7a5328/element/f.C1E909D8719DE039BC4E21351344D585.d.F4E525A3C0F201BB29505752E122CF12.e.5953/click - {}
RESULT: {}
COMMAND: GET /session/e5d91353675ec9eb3e3a21469c7a5328/screenshot - {}
RESULT: {}
RESULT: undefined
COMMAND: POST /session/e5d91353675ec9eb3e3a21469c7a5328/execute/async - {"script":"<script> [776 bytes]","args":[{"enterText":"10001013","selector":{"controlType":"sap.m.SearchField","properties":{"placeholder":"Search"},"searchOpenDialogs":true,"interaction":{"idSuffix":"I"}},"clearTextFirst":true,"interactionType":"ENTER_TEXT"}]}
RESULT: {"script":"<script> [776 bytes]","args":[{"enterText":"10001013","selector":{"controlType":"sap.m.SearchField","properties":{"placeholder":"Search"},"searchOpenDialogs":true,"interaction":{"idSuffix":"I"}},"clearTextFirst":true,"interactionType":"ENTER_TEXT"}]}
COMMAND: POST /session/e5d91353675ec9eb3e3a21469c7a5328/actions - {"actions":[{"id":"action18","type":"key","parameters":{},"actions":[{"type":"keyDown","value":""},{"type":"pause","duration":10},{"type":"keyUp","value":""}]}]}
RESULT: {"actions":[{"id":"action18","type":"key","parameters":{},"actions":[{"type":"keyDown","value":""},{"type":"pause","duration":10},{"type":"keyUp","value":""}]}]}
COMMAND: GET /session/e5d91353675ec9eb3e3a21469c7a5328/screenshot - {}
RESULT: {}
COMMAND: POST /session/e5d91353675ec9eb3e3a21469c7a5328/element - {"using":"xpath","value":"//span[contains(text(), \"General Management\")]"}
RESULT: {"using":"xpath","value":"//span[contains(text(), \"General Management\")]"}
COMMAND: POST /session/e5d91353675ec9eb3e3a21469c7a5328/element/f.C1E909D8719DE039BC4E21351344D585.d.F4E525A3C0F201BB29505752E122CF12.e.5991/click - {}
RESULT: {}
COMMAND: GET /session/e5d91353675ec9eb3e3a21469c7a5328/screenshot - {}
RESULT: {}
COMMAND: POST /session/e5d91353675ec9eb3e3a21469c7a5328/element - {"using":"xpath","value":"//bdi[contains(text(), \"OK\")]"}
RESULT: {"using":"xpath","value":"//bdi[contains(text(), \"OK\")]"}
COMMAND: POST /session/e5d91353675ec9eb3e3a21469c7a5328/element/f.C1E909D8719DE039BC4E21351344D585.d.F4E525A3C0F201BB29505752E122CF12.e.5992/click - {}
RESULT: {}
COMMAND: GET /session/e5d91353675ec9eb3e3a21469c7a5328/screenshot - {}
RESULT: {}
COMMAND: POST /session/e5d91353675ec9eb3e3a21469c7a5328/element - {"using":"xpath","value":"//input[@id=\"application-managesites-display-component---NewSite--addressDetailDetailsCalendar-inner\"]"}
RESULT: {"using":"xpath","value":"//input[@id=\"application-managesites-display-component---NewSite--addressDetailDetailsCalendar-inner\"]"}
COMMAND: POST /session/e5d91353675ec9eb3e3a21469c7a5328/element/f.C1E909D8719DE039BC4E21351344D585.d.F4E525A3C0F201BB29505752E122CF12.e.5731/clear - {}
RESULT: {}
COMMAND: POST /session/e5d91353675ec9eb3e3a21469c7a5328/element/f.C1E909D8719DE039BC4E21351344D585.d.F4E525A3C0F201BB29505752E122CF12.e.5731/value - {"text":"Unit"}
COMMAND: GET /session/e5d91353675ec9eb3e3a21469c7a5328/screenshot - {}
RESULT: {"text":"Unit"}
COMMAND: GET /session/e5d91353675ec9eb3e3a21469c7a5328/screenshot - {}
RESULT: {}
RESULT: {}
COMMAND: POST /session/e5d91353675ec9eb3e3a21469c7a5328/actions - {"actions":[{"id":"action19","type":"key","parameters":{},"actions":[{"type":"keyDown","value":""},{"type":"pause","duration":10},{"type":"keyUp","value":""}]}]}
RESULT: {"actions":[{"id":"action19","type":"key","parameters":{},"actions":[{"type":"keyDown","value":""},{"type":"pause","duration":10},{"type":"keyUp","value":""}]}]}
COMMAND: POST /session/e5d91353675ec9eb3e3a21469c7a5328/element - {"using":"xpath","value":"//input[@id=\"application-managesites-display-component---NewSite--addressDetailDetailsYard-inner\"]"}
COMMAND: GET /session/e5d91353675ec9eb3e3a21469c7a5328/screenshot - {}
RESULT: {"using":"xpath","value":"//input[@id=\"application-managesites-display-component---NewSite--addressDetailDetailsYard-inner\"]"}
COMMAND: POST /session/e5d91353675ec9eb3e3a21469c7a5328/element/f.C1E909D8719DE039BC4E21351344D585.d.F4E525A3C0F201BB29505752E122CF12.e.5732/clear - {}
RESULT: {}
RESULT: {}
COMMAND: POST /session/e5d91353675ec9eb3e3a21469c7a5328/element/f.C1E909D8719DE039BC4E21351344D585.d.F4E525A3C0F201BB29505752E122CF12.e.5732/value - {"text":"515"}
COMMAND: GET /session/e5d91353675ec9eb3e3a21469c7a5328/screenshot - {}
RESULT: {"text":"515"}
COMMAND: GET /session/e5d91353675ec9eb3e3a21469c7a5328/screenshot - {}
RESULT: {}
RESULT: {}
COMMAND: POST /session/e5d91353675ec9eb3e3a21469c7a5328/element - {"using":"xpath","value":"//li[.//span[text()='515']]"}
RESULT: {"using":"xpath","value":"//li[.//span[text()='515']]"}
COMMAND: POST /session/e5d91353675ec9eb3e3a21469c7a5328/element/f.C1E909D8719DE039BC4E21351344D585.d.F4E525A3C0F201BB29505752E122CF12.e.6000/click - {}
RESULT: {}
COMMAND: GET /session/e5d91353675ec9eb3e3a21469c7a5328/screenshot - {}
RESULT: {}
COMMAND: POST /session/e5d91353675ec9eb3e3a21469c7a5328/element - {"using":"xpath","value":"//input[@id=\"application-managesites-display-component---NewSite--addressDetailDetailsPartner-inner\"]"}
RESULT: {"using":"xpath","value":"//input[@id=\"application-managesites-display-component---NewSite--addressDetailDetailsPartner-inner\"]"}
COMMAND: POST /session/e5d91353675ec9eb3e3a21469c7a5328/element - {"using":"xpath","value":"//input[@id=\"application-managesites-display-component---NewSite--addressDetailDetailsPartner-inner\"]"}
RESULT: {"using":"xpath","value":"//input[@id=\"application-managesites-display-component---NewSite--addressDetailDetailsPartner-inner\"]"}
COMMAND: POST /session/e5d91353675ec9eb3e3a21469c7a5328/element - {"using":"xpath","value":"//button[@data-kt=\"saveButton\"]"}
RESULT: {"using":"xpath","value":"//button[@data-kt=\"saveButton\"]"}
COMMAND: POST /session/e5d91353675ec9eb3e3a21469c7a5328/element/f.C1E909D8719DE039BC4E21351344D585.d.F4E525A3C0F201BB29505752E122CF12.e.5935/click - {}
RESULT: {}
COMMAND: GET /session/e5d91353675ec9eb3e3a21469c7a5328/screenshot - {}
RESULT: {}
COMMAND: POST /session/e5d91353675ec9eb3e3a21469c7a5328/element - {"using":"xpath","value":"//header[contains(@id, 'ObjectPageLayout-headerTitle')]/div[1]/div[2]/div[2]/span[1]"}
RESULT: {"using":"xpath","value":"//header[contains(@id, 'ObjectPageLayout-headerTitle')]/div[1]/div[2]/div[2]/span[1]"}
COMMAND: POST /session/e5d91353675ec9eb3e3a21469c7a5328/elements - {"using":"xpath","value":"//header[contains(@id, 'ObjectPageLayout-headerTitle')]/div[1]/div[2]/div[2]/span[1]"}
RESULT: {"using":"xpath","value":"//header[contains(@id, 'ObjectPageLayout-headerTitle')]/div[1]/div[2]/div[2]/span[1]"}
COMMAND: POST /session/e5d91353675ec9eb3e3a21469c7a5328/execute/sync - {"script":"<script> [56 bytes]","args":[{"element-6066-11e4-a52e-4f735466cecf":"f.C1E909D8719DE039BC4E21351344D585.d.F4E525A3C0F201BB29505752E122CF12.e.6208","ELEMENT":"f.C1E909D8719DE039BC4E21351344D585.d.F4E525A3C0F201BB29505752E122CF12.e.6208"}]}
RESULT: {"script":"<script> [56 bytes]","args":[{"element-6066-11e4-a52e-4f735466cecf":"f.C1E909D8719DE039BC4E21351344D585.d.F4E525A3C0F201BB29505752E122CF12.e.6208","ELEMENT":"f.C1E909D8719DE039BC4E21351344D585.d.F4E525A3C0F201BB29505752E122CF12.e.6208"}]}
COMMAND: POST /session/e5d91353675ec9eb3e3a21469c7a5328/element - {"using":"css selector","value":"#shell-header-logo"}
COMMAND: GET /session/e5d91353675ec9eb3e3a21469c7a5328/screenshot - {}
RESULT: {"using":"css selector","value":"#shell-header-logo"}
COMMAND: POST /session/e5d91353675ec9eb3e3a21469c7a5328/element/f.C1E909D8719DE039BC4E21351344D585.d.F4E525A3C0F201BB29505752E122CF12.e.5429/click - {}
RESULT: {}
RESULT: {}
COMMAND: GET /session/e5d91353675ec9eb3e3a21469c7a5328/screenshot - {}
RESULT: {}
COMMAND: POST /session/e5d91353675ec9eb3e3a21469c7a5328/execute/sync - {"script":"<script> [299 bytes]","args":[["getModel","getResource"]]}
RESULT: {"script":"<script> [299 bytes]","args":[["getModel","getResource"]]}
COMMAND: POST /session/e5d91353675ec9eb3e3a21469c7a5328/actions - {"actions":[{"id":"action20","type":"key","parameters":{},"actions":[{"type":"keyDown","value":""},{"type":"pause","duration":10},{"type":"keyUp","value":""}]}]}
COMMAND: GET /session/e5d91353675ec9eb3e3a21469c7a5328/screenshot - {}
RESULT: {"actions":[{"id":"action20","type":"key","parameters":{},"actions":[{"type":"keyDown","value":""},{"type":"pause","duration":10},{"type":"keyUp","value":""}]}]}
COMMAND: GET /session/e5d91353675ec9eb3e3a21469c7a5328/screenshot - {}
RESULT: {}
RESULT: {}
COMMAND: POST /session/e5d91353675ec9eb3e3a21469c7a5328/refresh - {}
RESULT: {}
COMMAND: GET /session/e5d91353675ec9eb3e3a21469c7a5328/screenshot - {}
RESULT: {}
COMMAND: POST /session/e5d91353675ec9eb3e3a21469c7a5328/refresh - {}
RESULT: {}
COMMAND: GET /session/e5d91353675ec9eb3e3a21469c7a5328/screenshot - {}
RESULT: {}
COMMAND: POST /session/e5d91353675ec9eb3e3a21469c7a5328/window/fullscreen - {}
RESULT: {}
COMMAND: POST /session/e5d91353675ec9eb3e3a21469c7a5328/execute/async - {"script":"<script> [189 bytes]","args":[]}
RESULT: {"script":"<script> [189 bytes]","args":[]}
COMMAND: POST /session/e5d91353675ec9eb3e3a21469c7a5328/execute/async - {"script":"<script> [123 bytes]","args":[]}
RESULT: {"script":"<script> [123 bytes]","args":[]}
COMMAND: POST /session/e5d91353675ec9eb3e3a21469c7a5328/timeouts - {"script":"<number>"}
RESULT: {"script":"<number>"}
COMMAND: GET /session/e5d91353675ec9eb3e3a21469c7a5328/timeouts - {}
RESULT: {}
RESULT: undefined
COMMAND: POST /session/e5d91353675ec9eb3e3a21469c7a5328/execute/async - {"script":"<script> [2676 bytes]","args":[]}
RESULT: {"script":"<script> [2676 bytes]","args":[]}
COMMAND: POST /session/e5d91353675ec9eb3e3a21469c7a5328/execute/async - {"script":"<script> [2342 bytes]","args":[{"protocol":"http","hostname":"0.0.0.0","path":"/","capabilities":{"browserName":"chrome","goog:chromeOptions":{"binary":"C:\\Program Files\\Google\\Chrome\\Application\\chrome.exe","args":["--start-maximized"]}},"logLevel":"warn","connectionRetryTimeout":120000,"connectionRetryCount":3,"logLevels":{},"enableDirectConnect":true,"strictSSL":true,"_":"65 more keys: [\"cacheDir\",\"port\",\"requestedCapabilities\",\"automationProtocol\",\"baseUrl\",\"waitforInterval\",\"waitforTimeout\",\"onReload\",\"beforeCommand\",\"afterCommand\",\"rootDir\",\"specs\",\"suites\",\"exclude\",\"groupLogsByTestSpec\",\"excludeDriverLogs\",\"bail\",\"framework\",\"reporters\",\"services\",\"maxInstances\",\"maxInstancesPerCapability\",\"injectGlobals\",\"filesToWatch\",\"execArgv\",\"runnerEnv\",\"runner\",\"shard\",\"specFileRetries\",\"specFileRetriesDelay\",\"specFileRetriesDeferred\",\"reporterSyncInterval\",\"reporterSyncTimeout\",\"cucumberFeaturesWithLineNumbers\",\"autoCompileOpts\",\"mochaOpts\",\"jasmineOpts\",\"cucumberOpts\",\"onPrepare\",\"onWorkerStart\",\"onWorkerEnd\",\"before\",\"beforeSession\",\"beforeSuite\",\"beforeHook\",\"beforeTest\",\"afterTest\",\"afterHook\",\"afterSuite\",\"afterSession\",\"after\",\"onComplete\",\"beforeAssertion\",\"afterAssertion\",\"beforeFeature\",\"beforeScenario\",\"beforeStep\",\"afterStep\",\"afterScenario\",\"afterFeature\",\"_\",\"suite\",\"$0\",\"ignoredWorkerServices\",\"wdi5\"]"}]}
RESULT: {"script":"<script> [2342 bytes]","args":[{"protocol":"http","hostname":"0.0.0.0","path":"/","capabilities":{"browserName":"chrome","goog:chromeOptions":{"binary":"C:\\Program Files\\Google\\Chrome\\Application\\chrome.exe","args":["--start-maximized"]}},"logLevel":"warn","connectionRetryTimeout":120000,"connectionRetryCount":3,"logLevels":{},"enableDirectConnect":true,"strictSSL":true,"_":"65 more keys: [\"cacheDir\",\"port\",\"requestedCapabilities\",\"automationProtocol\",\"baseUrl\",\"waitforInterval\",\"waitforTimeout\",\"onReload\",\"beforeCommand\",\"afterCommand\",\"rootDir\",\"specs\",\"suites\",\"exclude\",\"groupLogsByTestSpec\",\"excludeDriverLogs\",\"bail\",\"framework\",\"reporters\",\"services\",\"maxInstances\",\"maxInstancesPerCapability\",\"injectGlobals\",\"filesToWatch\",\"execArgv\",\"runnerEnv\",\"runner\",\"shard\",\"specFileRetries\",\"specFileRetriesDelay\",\"specFileRetriesDeferred\",\"reporterSyncInterval\",\"reporterSyncTimeout\",\"cucumberFeaturesWithLineNumbers\",\"autoCompileOpts\",\"mochaOpts\",\"jasmineOpts\",\"cucumberOpts\",\"onPrepare\",\"onWorkerStart\",\"onWorkerEnd\",\"before\",\"beforeSession\",\"beforeSuite\",\"beforeHook\",\"beforeTest\",\"afterTest\",\"afterHook\",\"afterSuite\",\"afterSession\",\"after\",\"onComplete\",\"beforeAssertion\",\"afterAssertion\",\"beforeFeature\",\"beforeScenario\",\"beforeStep\",\"afterStep\",\"afterScenario\",\"afterFeature\",\"_\",\"suite\",\"$0\",\"ignoredWorkerServices\",\"wdi5\"]"}]}
COMMAND: POST /session/e5d91353675ec9eb3e3a21469c7a5328/execute/async - {"script":"<script> [21126 bytes]","args":[35000]}
RESULT: {"script":"<script> [21126 bytes]","args":[35000]}
COMMAND: POST /session/e5d91353675ec9eb3e3a21469c7a5328/window/fullscreen - {}
RESULT: {}
]]></system-out>
    </testcase>
    <testcase classname="chrome.136_0_7103_93.windows.Manage_States_&amp;_Performance_Tests_US151247_US151423_US151467" name="Prereq Should create an equipment add on contract stock increase and provide it" time="259.288">
      <failure/>
      <error message="Can't call click on element with selector &quot;//li[.//span[contains(text(),'515 -')]]&quot; because element wasn't found"/>
      <system-out><![CDATA[
COMMAND: POST /session/e5d91353675ec9eb3e3a21469c7a5328/execute/async - {"script":"<script> [1562 bytes]","args":[{"selector":{"controlType":"sap.m.GenericTile","properties":{"header":"Manage Resources"}},"wdio_ui5_key":"sapm.GenericTile{\"header\":\"Manage Resources\"}"}]}
RESULT: {"script":"<script> [1562 bytes]","args":[{"selector":{"controlType":"sap.m.GenericTile","properties":{"header":"Manage Resources"}},"wdio_ui5_key":"sapm.GenericTile{\"header\":\"Manage Resources\"}"}]}
RESULT: undefined
COMMAND: POST /session/e5d91353675ec9eb3e3a21469c7a5328/element - {"using":"xpath","value":"//*[@id=\"__tile31\"]"}
RESULT: {"using":"xpath","value":"//*[@id=\"__tile31\"]"}
COMMAND: POST /session/e5d91353675ec9eb3e3a21469c7a5328/element/f.C1E909D8719DE039BC4E21351344D585.d.E5ABD261D092D950326A9B17FB6CDCBA.e.6282/click - {}
RESULT: {}
COMMAND: GET /session/e5d91353675ec9eb3e3a21469c7a5328/screenshot - {}
RESULT: {}
COMMAND: POST /session/e5d91353675ec9eb3e3a21469c7a5328/elements - {"using":"xpath","value":"//span[text()='Error']"}
RESULT: {"using":"xpath","value":"//span[text()='Error']"}
COMMAND: POST /session/e5d91353675ec9eb3e3a21469c7a5328/element - {"using":"xpath","value":"//button[@data-kt=\"addNewRUOverflowToolbarButton\"]"}
RESULT: {"using":"xpath","value":"//button[@data-kt=\"addNewRUOverflowToolbarButton\"]"}
COMMAND: POST /session/e5d91353675ec9eb3e3a21469c7a5328/elements - {"using":"xpath","value":"//button[@data-kt=\"addNewRUOverflowToolbarButton\"]"}
RESULT: {"using":"xpath","value":"//button[@data-kt=\"addNewRUOverflowToolbarButton\"]"}
COMMAND: POST /session/e5d91353675ec9eb3e3a21469c7a5328/elements - {"using":"xpath","value":"//button[@data-kt=\"addNewRUOverflowToolbarButton\"]"}
RESULT: {"using":"xpath","value":"//button[@data-kt=\"addNewRUOverflowToolbarButton\"]"}
COMMAND: POST /session/e5d91353675ec9eb3e3a21469c7a5328/elements - {"using":"xpath","value":"//button[@data-kt=\"addNewRUOverflowToolbarButton\"]"}
RESULT: {"using":"xpath","value":"//button[@data-kt=\"addNewRUOverflowToolbarButton\"]"}
COMMAND: POST /session/e5d91353675ec9eb3e3a21469c7a5328/elements - {"using":"xpath","value":"//button[@data-kt=\"addNewRUOverflowToolbarButton\"]"}
RESULT: {"using":"xpath","value":"//button[@data-kt=\"addNewRUOverflowToolbarButton\"]"}
COMMAND: POST /session/e5d91353675ec9eb3e3a21469c7a5328/elements - {"using":"xpath","value":"//button[@data-kt=\"addNewRUOverflowToolbarButton\"]"}
RESULT: {"using":"xpath","value":"//button[@data-kt=\"addNewRUOverflowToolbarButton\"]"}
COMMAND: POST /session/e5d91353675ec9eb3e3a21469c7a5328/elements - {"using":"xpath","value":"//button[@data-kt=\"addNewRUOverflowToolbarButton\"]"}
RESULT: {"using":"xpath","value":"//button[@data-kt=\"addNewRUOverflowToolbarButton\"]"}
COMMAND: POST /session/e5d91353675ec9eb3e3a21469c7a5328/elements - {"using":"xpath","value":"//button[@data-kt=\"addNewRUOverflowToolbarButton\"]"}
RESULT: {"using":"xpath","value":"//button[@data-kt=\"addNewRUOverflowToolbarButton\"]"}
COMMAND: POST /session/e5d91353675ec9eb3e3a21469c7a5328/elements - {"using":"xpath","value":"//button[@data-kt=\"addNewRUOverflowToolbarButton\"]"}
RESULT: {"using":"xpath","value":"//button[@data-kt=\"addNewRUOverflowToolbarButton\"]"}
COMMAND: POST /session/e5d91353675ec9eb3e3a21469c7a5328/elements - {"using":"xpath","value":"//button[@data-kt=\"addNewRUOverflowToolbarButton\"]"}
RESULT: {"using":"xpath","value":"//button[@data-kt=\"addNewRUOverflowToolbarButton\"]"}
COMMAND: POST /session/e5d91353675ec9eb3e3a21469c7a5328/elements - {"using":"xpath","value":"//button[@data-kt=\"addNewRUOverflowToolbarButton\"]"}
RESULT: {"using":"xpath","value":"//button[@data-kt=\"addNewRUOverflowToolbarButton\"]"}
COMMAND: POST /session/e5d91353675ec9eb3e3a21469c7a5328/elements - {"using":"xpath","value":"//button[@data-kt=\"addNewRUOverflowToolbarButton\"]"}
RESULT: {"using":"xpath","value":"//button[@data-kt=\"addNewRUOverflowToolbarButton\"]"}
COMMAND: POST /session/e5d91353675ec9eb3e3a21469c7a5328/elements - {"using":"xpath","value":"//button[@data-kt=\"addNewRUOverflowToolbarButton\"]"}
RESULT: {"using":"xpath","value":"//button[@data-kt=\"addNewRUOverflowToolbarButton\"]"}
COMMAND: POST /session/e5d91353675ec9eb3e3a21469c7a5328/elements - {"using":"xpath","value":"//button[@data-kt=\"addNewRUOverflowToolbarButton\"]"}
RESULT: {"using":"xpath","value":"//button[@data-kt=\"addNewRUOverflowToolbarButton\"]"}
COMMAND: POST /session/e5d91353675ec9eb3e3a21469c7a5328/elements - {"using":"xpath","value":"//button[@data-kt=\"addNewRUOverflowToolbarButton\"]"}
RESULT: {"using":"xpath","value":"//button[@data-kt=\"addNewRUOverflowToolbarButton\"]"}
COMMAND: POST /session/e5d91353675ec9eb3e3a21469c7a5328/elements - {"using":"xpath","value":"//button[@data-kt=\"addNewRUOverflowToolbarButton\"]"}
RESULT: {"using":"xpath","value":"//button[@data-kt=\"addNewRUOverflowToolbarButton\"]"}
COMMAND: POST /session/e5d91353675ec9eb3e3a21469c7a5328/element - {"using":"xpath","value":"//button[@data-kt=\"addNewRUOverflowToolbarButton\"]"}
RESULT: {"using":"xpath","value":"//button[@data-kt=\"addNewRUOverflowToolbarButton\"]"}
COMMAND: POST /session/e5d91353675ec9eb3e3a21469c7a5328/execute/sync - {"script":"<script> [8489 bytes]","args":[{"element-6066-11e4-a52e-4f735466cecf":"f.C1E909D8719DE039BC4E21351344D585.d.E5ABD261D092D950326A9B17FB6CDCBA.e.6390","ELEMENT":"f.C1E909D8719DE039BC4E21351344D585.d.E5ABD261D092D950326A9B17FB6CDCBA.e.6390"}]}
RESULT: {"script":"<script> [8489 bytes]","args":[{"element-6066-11e4-a52e-4f735466cecf":"f.C1E909D8719DE039BC4E21351344D585.d.E5ABD261D092D950326A9B17FB6CDCBA.e.6390","ELEMENT":"f.C1E909D8719DE039BC4E21351344D585.d.E5ABD261D092D950326A9B17FB6CDCBA.e.6390"}]}
COMMAND: GET /session/e5d91353675ec9eb3e3a21469c7a5328/element/f.C1E909D8719DE039BC4E21351344D585.d.E5ABD261D092D950326A9B17FB6CDCBA.e.6390/enabled - {}
COMMAND: GET /session/e5d91353675ec9eb3e3a21469c7a5328/screenshot - {}
RESULT: {}
COMMAND: POST /session/e5d91353675ec9eb3e3a21469c7a5328/execute/sync - {"script":"<script> [8489 bytes]","args":[{"element-6066-11e4-a52e-4f735466cecf":"f.C1E909D8719DE039BC4E21351344D585.d.E5ABD261D092D950326A9B17FB6CDCBA.e.6390","ELEMENT":"f.C1E909D8719DE039BC4E21351344D585.d.E5ABD261D092D950326A9B17FB6CDCBA.e.6390"}]}
COMMAND: GET /session/e5d91353675ec9eb3e3a21469c7a5328/screenshot - {}
RESULT: {}
RESULT: {"script":"<script> [8489 bytes]","args":[{"element-6066-11e4-a52e-4f735466cecf":"f.C1E909D8719DE039BC4E21351344D585.d.E5ABD261D092D950326A9B17FB6CDCBA.e.6390","ELEMENT":"f.C1E909D8719DE039BC4E21351344D585.d.E5ABD261D092D950326A9B17FB6CDCBA.e.6390"}]}
COMMAND: POST /session/e5d91353675ec9eb3e3a21469c7a5328/execute/sync - {"script":"<script> [5351 bytes]","args":[{"element-6066-11e4-a52e-4f735466cecf":"f.C1E909D8719DE039BC4E21351344D585.d.E5ABD261D092D950326A9B17FB6CDCBA.e.6390","ELEMENT":"f.C1E909D8719DE039BC4E21351344D585.d.E5ABD261D092D950326A9B17FB6CDCBA.e.6390"}]}
RESULT: {}
COMMAND: GET /session/e5d91353675ec9eb3e3a21469c7a5328/screenshot - {}
RESULT: {"script":"<script> [5351 bytes]","args":[{"element-6066-11e4-a52e-4f735466cecf":"f.C1E909D8719DE039BC4E21351344D585.d.E5ABD261D092D950326A9B17FB6CDCBA.e.6390","ELEMENT":"f.C1E909D8719DE039BC4E21351344D585.d.E5ABD261D092D950326A9B17FB6CDCBA.e.6390"}]}
COMMAND: POST /session/e5d91353675ec9eb3e3a21469c7a5328/element/f.C1E909D8719DE039BC4E21351344D585.d.E5ABD261D092D950326A9B17FB6CDCBA.e.6390/click - {}
COMMAND: GET /session/e5d91353675ec9eb3e3a21469c7a5328/screenshot - {}
RESULT: {}
RESULT: {}
COMMAND: GET /session/e5d91353675ec9eb3e3a21469c7a5328/screenshot - {}
RESULT: {}
COMMAND: POST /session/e5d91353675ec9eb3e3a21469c7a5328/execute/async - {"script":"<script> [1562 bytes]","args":[{"selector":{"id":"application-manageresources-display-component---newResourceUnit--TYPE-arrow"},"wdio_ui5_key":"applicationmanageresources-display-component---newResourceUnit--TYPE-arrow"}]}
RESULT: {}
RESULT: {"script":"<script> [1562 bytes]","args":[{"selector":{"id":"application-manageresources-display-component---newResourceUnit--TYPE-arrow"},"wdio_ui5_key":"applicationmanageresources-display-component---newResourceUnit--TYPE-arrow"}]}
RESULT: undefined
COMMAND: POST /session/e5d91353675ec9eb3e3a21469c7a5328/element - {"using":"xpath","value":"//*[@id=\"application-manageresources-display-component---newResourceUnit--TYPE-arrow\"]"}
RESULT: {"using":"xpath","value":"//*[@id=\"application-manageresources-display-component---newResourceUnit--TYPE-arrow\"]"}
COMMAND: POST /session/e5d91353675ec9eb3e3a21469c7a5328/element/f.C1E909D8719DE039BC4E21351344D585.d.E5ABD261D092D950326A9B17FB6CDCBA.e.6758/click - {}
RESULT: {}
COMMAND: POST /session/e5d91353675ec9eb3e3a21469c7a5328/element - {"using":"xpath","value":"//input[@id=\"application-manageresources-display-component---newResourceUnit--TYPE-inner\"]"}
COMMAND: GET /session/e5d91353675ec9eb3e3a21469c7a5328/screenshot - {}
RESULT: {"using":"xpath","value":"//input[@id=\"application-manageresources-display-component---newResourceUnit--TYPE-inner\"]"}
COMMAND: POST /session/e5d91353675ec9eb3e3a21469c7a5328/element/f.C1E909D8719DE039BC4E21351344D585.d.E5ABD261D092D950326A9B17FB6CDCBA.e.6741/clear - {}
RESULT: {}
RESULT: {}
COMMAND: POST /session/e5d91353675ec9eb3e3a21469c7a5328/element/f.C1E909D8719DE039BC4E21351344D585.d.E5ABD261D092D950326A9B17FB6CDCBA.e.6741/value - {"text":"Equipment"}
COMMAND: GET /session/e5d91353675ec9eb3e3a21469c7a5328/screenshot - {}
RESULT: {"text":"Equipment"}
COMMAND: GET /session/e5d91353675ec9eb3e3a21469c7a5328/screenshot - {}
RESULT: {}
RESULT: {}
COMMAND: POST /session/e5d91353675ec9eb3e3a21469c7a5328/actions - {"actions":[{"id":"action21","type":"key","parameters":{},"actions":[{"type":"keyDown","value":""},{"type":"pause","duration":10},{"type":"keyUp","value":""}]}]}
RESULT: {"actions":[{"id":"action21","type":"key","parameters":{},"actions":[{"type":"keyDown","value":""},{"type":"pause","duration":10},{"type":"keyUp","value":""}]}]}
COMMAND: POST /session/e5d91353675ec9eb3e3a21469c7a5328/execute/async - {"script":"<script> [1562 bytes]","args":[{"selector":{"id":"application-manageresources-display-component---newResourceUnit--resourceId","interaction":{"idSuffix":"inner"}},"wdio_ui5_key":"applicationmanageresources-display-component---newResourceUnit--resourceId"}]}
COMMAND: GET /session/e5d91353675ec9eb3e3a21469c7a5328/screenshot - {}
RESULT: {"script":"<script> [1562 bytes]","args":[{"selector":{"id":"application-manageresources-display-component---newResourceUnit--resourceId","interaction":{"idSuffix":"inner"}},"wdio_ui5_key":"applicationmanageresources-display-component---newResourceUnit--resourceId"}]}
RESULT: undefined
COMMAND: POST /session/e5d91353675ec9eb3e3a21469c7a5328/execute/async - {"script":"<script> [776 bytes]","args":[{"enterText":"QPUyjrYnQf","selector":{"id":"application-manageresources-display-component---newResourceUnit--resourceId","interaction":{"idSuffix":"inner"}},"clearTextFirst":true,"interactionType":"ENTER_TEXT"}]}
RESULT: {}
RESULT: {"script":"<script> [776 bytes]","args":[{"enterText":"QPUyjrYnQf","selector":{"id":"application-manageresources-display-component---newResourceUnit--resourceId","interaction":{"idSuffix":"inner"}},"clearTextFirst":true,"interactionType":"ENTER_TEXT"}]}
COMMAND: POST /session/e5d91353675ec9eb3e3a21469c7a5328/execute/async - {"script":"<script> [1562 bytes]","args":[{"selector":{"id":"application-manageresources-display-component---newResourceUnit--SHORT_TEXT","interaction":{"idSuffix":"inner"}},"wdio_ui5_key":"applicationmanageresources-display-component---newResourceUnit--SHORT_TEXT"}]}
RESULT: {"script":"<script> [1562 bytes]","args":[{"selector":{"id":"application-manageresources-display-component---newResourceUnit--SHORT_TEXT","interaction":{"idSuffix":"inner"}},"wdio_ui5_key":"applicationmanageresources-display-component---newResourceUnit--SHORT_TEXT"}]}
RESULT: undefined
COMMAND: POST /session/e5d91353675ec9eb3e3a21469c7a5328/execute/async - {"script":"<script> [776 bytes]","args":[{"enterText":"Intercompany Equipment WDIO","selector":{"id":"application-manageresources-display-component---newResourceUnit--SHORT_TEXT","interaction":{"idSuffix":"inner"}},"clearTextFirst":true,"interactionType":"ENTER_TEXT"}]}
RESULT: {"script":"<script> [776 bytes]","args":[{"enterText":"Intercompany Equipment WDIO","selector":{"id":"application-manageresources-display-component---newResourceUnit--SHORT_TEXT","interaction":{"idSuffix":"inner"}},"clearTextFirst":true,"interactionType":"ENTER_TEXT"}]}
COMMAND: POST /session/e5d91353675ec9eb3e3a21469c7a5328/execute/async - {"script":"<script> [1562 bytes]","args":[{"selector":{"id":"application-manageresources-display-component---newResourceUnit--BASE_UNIT_OF_MEASURE","interaction":{"idSuffix":"inner"}},"wdio_ui5_key":"applicationmanageresources-display-component---newResourceUnit--BASE_UNIT_OF_MEASURE"}]}
RESULT: {"script":"<script> [1562 bytes]","args":[{"selector":{"id":"application-manageresources-display-component---newResourceUnit--BASE_UNIT_OF_MEASURE","interaction":{"idSuffix":"inner"}},"wdio_ui5_key":"applicationmanageresources-display-component---newResourceUnit--BASE_UNIT_OF_MEASURE"}]}
RESULT: undefined
COMMAND: POST /session/e5d91353675ec9eb3e3a21469c7a5328/execute/async - {"script":"<script> [776 bytes]","args":[{"enterText":"Piece","selector":{"id":"application-manageresources-display-component---newResourceUnit--BASE_UNIT_OF_MEASURE","interaction":{"idSuffix":"inner"}},"clearTextFirst":true,"interactionType":"ENTER_TEXT"}]}
RESULT: {"script":"<script> [776 bytes]","args":[{"enterText":"Piece","selector":{"id":"application-manageresources-display-component---newResourceUnit--BASE_UNIT_OF_MEASURE","interaction":{"idSuffix":"inner"}},"clearTextFirst":true,"interactionType":"ENTER_TEXT"}]}
COMMAND: POST /session/e5d91353675ec9eb3e3a21469c7a5328/execute/async - {"script":"<script> [1562 bytes]","args":[{"selector":{"id":"application-manageresources-display-component---newResourceUnit--WEIGHT_UNIT","interaction":{"idSuffix":"inner"}},"wdio_ui5_key":"applicationmanageresources-display-component---newResourceUnit--WEIGHT_UNIT"}]}
RESULT: {"script":"<script> [1562 bytes]","args":[{"selector":{"id":"application-manageresources-display-component---newResourceUnit--WEIGHT_UNIT","interaction":{"idSuffix":"inner"}},"wdio_ui5_key":"applicationmanageresources-display-component---newResourceUnit--WEIGHT_UNIT"}]}
RESULT: undefined
COMMAND: POST /session/e5d91353675ec9eb3e3a21469c7a5328/execute/async - {"script":"<script> [776 bytes]","args":[{"enterText":"Gram","selector":{"id":"application-manageresources-display-component---newResourceUnit--WEIGHT_UNIT","interaction":{"idSuffix":"inner"}},"clearTextFirst":true,"interactionType":"ENTER_TEXT"}]}
RESULT: {"script":"<script> [776 bytes]","args":[{"enterText":"Gram","selector":{"id":"application-manageresources-display-component---newResourceUnit--WEIGHT_UNIT","interaction":{"idSuffix":"inner"}},"clearTextFirst":true,"interactionType":"ENTER_TEXT"}]}
COMMAND: POST /session/e5d91353675ec9eb3e3a21469c7a5328/execute/async - {"script":"<script> [1562 bytes]","args":[{"selector":{"id":"application-manageresources-display-component---newResourceUnit--DIMENSION_UNIT","interaction":{"idSuffix":"inner"}},"wdio_ui5_key":"applicationmanageresources-display-component---newResourceUnit--DIMENSION_UNIT"}]}
RESULT: {"script":"<script> [1562 bytes]","args":[{"selector":{"id":"application-manageresources-display-component---newResourceUnit--DIMENSION_UNIT","interaction":{"idSuffix":"inner"}},"wdio_ui5_key":"applicationmanageresources-display-component---newResourceUnit--DIMENSION_UNIT"}]}
RESULT: undefined
COMMAND: POST /session/e5d91353675ec9eb3e3a21469c7a5328/execute/async - {"script":"<script> [776 bytes]","args":[{"enterText":"Meter","selector":{"id":"application-manageresources-display-component---newResourceUnit--DIMENSION_UNIT","interaction":{"idSuffix":"inner"}},"clearTextFirst":true,"interactionType":"ENTER_TEXT"}]}
RESULT: {"script":"<script> [776 bytes]","args":[{"enterText":"Meter","selector":{"id":"application-manageresources-display-component---newResourceUnit--DIMENSION_UNIT","interaction":{"idSuffix":"inner"}},"clearTextFirst":true,"interactionType":"ENTER_TEXT"}]}
COMMAND: POST /session/e5d91353675ec9eb3e3a21469c7a5328/execute/async - {"script":"<script> [1562 bytes]","args":[{"selector":{"id":"application-manageresources-display-component---newResourceUnit--newRRUPage-anchBar-application-manageresources-display-component---newResourceUnit--control-anchor","interaction":{"idSuffix":"BDI-content"}},"wdio_ui5_key":"applicationmanageresources-display-component---newResourceUnit--newRRUPage-anchBar-application-manageresources-display-component---newResourceUnit--control-anchor"}]}
RESULT: {"script":"<script> [1562 bytes]","args":[{"selector":{"id":"application-manageresources-display-component---newResourceUnit--newRRUPage-anchBar-application-manageresources-display-component---newResourceUnit--control-anchor","interaction":{"idSuffix":"BDI-content"}},"wdio_ui5_key":"applicationmanageresources-display-component---newResourceUnit--newRRUPage-anchBar-application-manageresources-display-component---newResourceUnit--control-anchor"}]}
RESULT: undefined
COMMAND: POST /session/e5d91353675ec9eb3e3a21469c7a5328/element - {"using":"xpath","value":"//*[@id=\"application-manageresources-display-component---newResourceUnit--newRRUPage-anchBar-application-manageresources-display-component---newResourceUnit--control-anchor\"]"}
RESULT: {"using":"xpath","value":"//*[@id=\"application-manageresources-display-component---newResourceUnit--newRRUPage-anchBar-application-manageresources-display-component---newResourceUnit--control-anchor\"]"}
COMMAND: POST /session/e5d91353675ec9eb3e3a21469c7a5328/element/f.C1E909D8719DE039BC4E21351344D585.d.E5ABD261D092D950326A9B17FB6CDCBA.e.6918/click - {}
RESULT: {}
COMMAND: POST /session/e5d91353675ec9eb3e3a21469c7a5328/execute/async - {"script":"<script> [1562 bytes]","args":[{"selector":{"id":"application-manageresources-display-component---newResourceUnit--PLANNING_GROUP","interaction":{"idSuffix":"inner"}},"wdio_ui5_key":"applicationmanageresources-display-component---newResourceUnit--PLANNING_GROUP"}]}
COMMAND: GET /session/e5d91353675ec9eb3e3a21469c7a5328/screenshot - {}
RESULT: {"script":"<script> [1562 bytes]","args":[{"selector":{"id":"application-manageresources-display-component---newResourceUnit--PLANNING_GROUP","interaction":{"idSuffix":"inner"}},"wdio_ui5_key":"applicationmanageresources-display-component---newResourceUnit--PLANNING_GROUP"}]}
RESULT: undefined
COMMAND: POST /session/e5d91353675ec9eb3e3a21469c7a5328/execute/async - {"script":"<script> [776 bytes]","args":[{"enterText":"Heavy Equi","selector":{"id":"application-manageresources-display-component---newResourceUnit--PLANNING_GROUP","interaction":{"idSuffix":"inner"}},"clearTextFirst":true,"interactionType":"ENTER_TEXT"}]}
RESULT: {}
RESULT: {"script":"<script> [776 bytes]","args":[{"enterText":"Heavy Equi","selector":{"id":"application-manageresources-display-component---newResourceUnit--PLANNING_GROUP","interaction":{"idSuffix":"inner"}},"clearTextFirst":true,"interactionType":"ENTER_TEXT"}]}
COMMAND: POST /session/e5d91353675ec9eb3e3a21469c7a5328/execute/async - {"script":"<script> [1562 bytes]","args":[{"selector":{"id":"application-manageresources-display-component---newResourceUnit--ITEM_TYPE-arrow"},"wdio_ui5_key":"applicationmanageresources-display-component---newResourceUnit--ITEM_TYPE-arrow"}]}
RESULT: {"script":"<script> [1562 bytes]","args":[{"selector":{"id":"application-manageresources-display-component---newResourceUnit--ITEM_TYPE-arrow"},"wdio_ui5_key":"applicationmanageresources-display-component---newResourceUnit--ITEM_TYPE-arrow"}]}
RESULT: undefined
COMMAND: POST /session/e5d91353675ec9eb3e3a21469c7a5328/element - {"using":"xpath","value":"//*[@id=\"application-manageresources-display-component---newResourceUnit--ITEM_TYPE-arrow\"]"}
RESULT: {"using":"xpath","value":"//*[@id=\"application-manageresources-display-component---newResourceUnit--ITEM_TYPE-arrow\"]"}
COMMAND: POST /session/e5d91353675ec9eb3e3a21469c7a5328/element/f.C1E909D8719DE039BC4E21351344D585.d.E5ABD261D092D950326A9B17FB6CDCBA.e.6925/click - {}
RESULT: {}
COMMAND: POST /session/e5d91353675ec9eb3e3a21469c7a5328/element - {"using":"xpath","value":"//ul[contains(@id,\"ITEM_TYPE-popup-list-listUl\")]//li[.//span[contains(text(),\"Resource Unit\")]]"}
COMMAND: GET /session/e5d91353675ec9eb3e3a21469c7a5328/screenshot - {}
RESULT: {"using":"xpath","value":"//ul[contains(@id,\"ITEM_TYPE-popup-list-listUl\")]//li[.//span[contains(text(),\"Resource Unit\")]]"}
COMMAND: POST /session/e5d91353675ec9eb3e3a21469c7a5328/element/f.C1E909D8719DE039BC4E21351344D585.d.E5ABD261D092D950326A9B17FB6CDCBA.e.6926/click - {}
RESULT: {}
RESULT: {}
COMMAND: GET /session/e5d91353675ec9eb3e3a21469c7a5328/screenshot - {}
RESULT: {}
COMMAND: POST /session/e5d91353675ec9eb3e3a21469c7a5328/element - {"using":"css selector","value":"#application-manageresources-display-component---newResourceUnit--btnAddTimeSegment"}
RESULT: {"using":"css selector","value":"#application-manageresources-display-component---newResourceUnit--btnAddTimeSegment"}
COMMAND: GET /session/e5d91353675ec9eb3e3a21469c7a5328/element/f.C1E909D8719DE039BC4E21351344D585.d.E5ABD261D092D950326A9B17FB6CDCBA.e.6934/rect - {}
RESULT: {}
COMMAND: GET /session/e5d91353675ec9eb3e3a21469c7a5328/window/rect - {}
RESULT: {}
COMMAND: POST /session/e5d91353675ec9eb3e3a21469c7a5328/execute/sync - {"script":"<script> [92 bytes]","args":[]}
RESULT: {"script":"<script> [92 bytes]","args":[]}
COMMAND: POST /session/e5d91353675ec9eb3e3a21469c7a5328/actions - {"actions":[{"id":"action22","type":"wheel","parameters":{},"actions":[{"type":"scroll","x":-1888,"y":-32,"deltaX":0,"deltaY":0,"duration":0,"origin":{"element-6066-11e4-a52e-4f735466cecf":"f.C1E909D8719DE039BC4E21351344D585.d.E5ABD261D092D950326A9B17FB6CDCBA.e.6934"}}]}]}
COMMAND: GET /session/e5d91353675ec9eb3e3a21469c7a5328/screenshot - {}
RESULT: {}
COMMAND: POST /session/e5d91353675ec9eb3e3a21469c7a5328/execute/sync - {"script":"<script> [79 bytes]","args":[{"element-6066-11e4-a52e-4f735466cecf":"f.C1E909D8719DE039BC4E21351344D585.d.E5ABD261D092D950326A9B17FB6CDCBA.e.6934","ELEMENT":"f.C1E909D8719DE039BC4E21351344D585.d.E5ABD261D092D950326A9B17FB6CDCBA.e.6934"},{"block":"start","inline":"nearest"}]}
RESULT: {"script":"<script> [79 bytes]","args":[{"element-6066-11e4-a52e-4f735466cecf":"f.C1E909D8719DE039BC4E21351344D585.d.E5ABD261D092D950326A9B17FB6CDCBA.e.6934","ELEMENT":"f.C1E909D8719DE039BC4E21351344D585.d.E5ABD261D092D950326A9B17FB6CDCBA.e.6934"},{"block":"start","inline":"nearest"}]}
COMMAND: POST /session/e5d91353675ec9eb3e3a21469c7a5328/execute/async - {"script":"<script> [1562 bytes]","args":[{"selector":{"id":"application-manageresources-display-component---newResourceUnit--btnAddTimeSegment","interaction":{"idSuffix":"inner"}},"wdio_ui5_key":"applicationmanageresources-display-component---newResourceUnit--btnAddTimeSegment"}]}
COMMAND: GET /session/e5d91353675ec9eb3e3a21469c7a5328/screenshot - {}
RESULT: {"script":"<script> [1562 bytes]","args":[{"selector":{"id":"application-manageresources-display-component---newResourceUnit--btnAddTimeSegment","interaction":{"idSuffix":"inner"}},"wdio_ui5_key":"applicationmanageresources-display-component---newResourceUnit--btnAddTimeSegment"}]}
RESULT: undefined
COMMAND: POST /session/e5d91353675ec9eb3e3a21469c7a5328/element - {"using":"xpath","value":"//*[@id=\"application-manageresources-display-component---newResourceUnit--btnAddTimeSegment\"]"}
RESULT: {}
RESULT: {"using":"xpath","value":"//*[@id=\"application-manageresources-display-component---newResourceUnit--btnAddTimeSegment\"]"}
COMMAND: POST /session/e5d91353675ec9eb3e3a21469c7a5328/element/f.C1E909D8719DE039BC4E21351344D585.d.E5ABD261D092D950326A9B17FB6CDCBA.e.6934/click - {}
RESULT: {}
COMMAND: GET /session/e5d91353675ec9eb3e3a21469c7a5328/screenshot - {}
RESULT: {}
COMMAND: POST /session/e5d91353675ec9eb3e3a21469c7a5328/element - {"using":"xpath","value":"//input[@id=\"application-manageresources-display-component---newResourceUnit--idRuTSAdmin-application-manageresources-display-component---newResourceUnit--RUTimeSegment-0-inner\"]"}
RESULT: {"using":"xpath","value":"//input[@id=\"application-manageresources-display-component---newResourceUnit--idRuTSAdmin-application-manageresources-display-component---newResourceUnit--RUTimeSegment-0-inner\"]"}
COMMAND: POST /session/e5d91353675ec9eb3e3a21469c7a5328/element/f.C1E909D8719DE039BC4E21351344D585.d.E5ABD261D092D950326A9B17FB6CDCBA.e.6940/clear - {}
RESULT: {}
COMMAND: POST /session/e5d91353675ec9eb3e3a21469c7a5328/element/f.C1E909D8719DE039BC4E21351344D585.d.E5ABD261D092D950326A9B17FB6CDCBA.e.6940/value - {"text":"515"}
COMMAND: GET /session/e5d91353675ec9eb3e3a21469c7a5328/screenshot - {}
RESULT: {"text":"515"}
COMMAND: GET /session/e5d91353675ec9eb3e3a21469c7a5328/screenshot - {}
RESULT: {}
RESULT: {}
COMMAND: POST /session/e5d91353675ec9eb3e3a21469c7a5328/element - {"using":"xpath","value":"//li[.//span[text()='515']]"}
RESULT: {"using":"xpath","value":"//li[.//span[text()='515']]"}
COMMAND: POST /session/e5d91353675ec9eb3e3a21469c7a5328/element/f.C1E909D8719DE039BC4E21351344D585.d.E5ABD261D092D950326A9B17FB6CDCBA.e.6953/click - {}
RESULT: {}
COMMAND: GET /session/e5d91353675ec9eb3e3a21469c7a5328/screenshot - {}
RESULT: {}
COMMAND: POST /session/e5d91353675ec9eb3e3a21469c7a5328/element - {"using":"xpath","value":"(//span[contains(@id, \"-application-manageresources-display-component---newResourceUnit--RUTimeSegment-0-arrow\")])[6]"}
RESULT: {"using":"xpath","value":"(//span[contains(@id, \"-application-manageresources-display-component---newResourceUnit--RUTimeSegment-0-arrow\")])[6]"}
COMMAND: POST /session/e5d91353675ec9eb3e3a21469c7a5328/element/f.C1E909D8719DE039BC4E21351344D585.d.E5ABD261D092D950326A9B17FB6CDCBA.e.6954/click - {}
RESULT: {}
COMMAND: GET /session/e5d91353675ec9eb3e3a21469c7a5328/screenshot - {}
RESULT: {}
COMMAND: POST /session/e5d91353675ec9eb3e3a21469c7a5328/element - {"using":"xpath","value":"//span[contains(text(), \"PM Order\")]"}
RESULT: {"using":"xpath","value":"//span[contains(text(), \"PM Order\")]"}
COMMAND: POST /session/e5d91353675ec9eb3e3a21469c7a5328/element/f.C1E909D8719DE039BC4E21351344D585.d.E5ABD261D092D950326A9B17FB6CDCBA.e.6957/click - {}
RESULT: {}
COMMAND: GET /session/e5d91353675ec9eb3e3a21469c7a5328/screenshot - {}
RESULT: {}
COMMAND: POST /session/e5d91353675ec9eb3e3a21469c7a5328/element - {"using":"xpath","value":"(//span[contains(@id ,\"manageresources-display-component---newResourceUnit--RUTimeSegment-0-vhi\")])[1]"}
RESULT: {"using":"xpath","value":"(//span[contains(@id ,\"manageresources-display-component---newResourceUnit--RUTimeSegment-0-vhi\")])[1]"}
COMMAND: GET /session/e5d91353675ec9eb3e3a21469c7a5328/element/f.C1E909D8719DE039BC4E21351344D585.d.E5ABD261D092D950326A9B17FB6CDCBA.e.6961/rect - {}
RESULT: {}
COMMAND: GET /session/e5d91353675ec9eb3e3a21469c7a5328/window/rect - {}
RESULT: {}
COMMAND: POST /session/e5d91353675ec9eb3e3a21469c7a5328/execute/sync - {"script":"<script> [92 bytes]","args":[]}
RESULT: {"script":"<script> [92 bytes]","args":[]}
COMMAND: POST /session/e5d91353675ec9eb3e3a21469c7a5328/actions - {"actions":[{"id":"action23","type":"wheel","parameters":{},"actions":[{"type":"scroll","x":-869,"y":-24,"deltaX":0,"deltaY":0,"duration":0,"origin":{"element-6066-11e4-a52e-4f735466cecf":"f.C1E909D8719DE039BC4E21351344D585.d.E5ABD261D092D950326A9B17FB6CDCBA.e.6961"}}]}]}
COMMAND: GET /session/e5d91353675ec9eb3e3a21469c7a5328/screenshot - {}
RESULT: {"actions":[{"id":"action23","type":"wheel","parameters":{},"actions":[{"type":"scroll","x":-869,"y":-24,"deltaX":0,"deltaY":0,"duration":0,"origin":{"element-6066-11e4-a52e-4f735466cecf":"f.C1E909D8719DE039BC4E21351344D585.d.E5ABD261D092D950326A9B17FB6CDCBA.e.6961"}}]}]}
COMMAND: DELETE /session/e5d91353675ec9eb3e3a21469c7a5328/actions - {}
COMMAND: GET /session/e5d91353675ec9eb3e3a21469c7a5328/screenshot - {}
RESULT: {}
RESULT: {}
COMMAND: GET /session/e5d91353675ec9eb3e3a21469c7a5328/screenshot - {}
RESULT: {}
RESULT: {}
COMMAND: POST /session/e5d91353675ec9eb3e3a21469c7a5328/element/f.C1E909D8719DE039BC4E21351344D585.d.E5ABD261D092D950326A9B17FB6CDCBA.e.6961/click - {}
RESULT: {}
COMMAND: GET /session/e5d91353675ec9eb3e3a21469c7a5328/screenshot - {}
RESULT: {}
COMMAND: POST /session/e5d91353675ec9eb3e3a21469c7a5328/execute/async - {"script":"<script> [1562 bytes]","args":[{"selector":{"controlType":"sap.m.SearchField","properties":{"placeholder":"Search"},"searchOpenDialogs":true,"interaction":{"idSuffix":"I"}},"wdio_ui5_key":"sapm.SearchField{\"placeholder\":\"Search\"}"}]}
RESULT: {"script":"<script> [1562 bytes]","args":[{"selector":{"controlType":"sap.m.SearchField","properties":{"placeholder":"Search"},"searchOpenDialogs":true,"interaction":{"idSuffix":"I"}},"wdio_ui5_key":"sapm.SearchField{\"placeholder\":\"Search\"}"}]}
RESULT: undefined
COMMAND: POST /session/e5d91353675ec9eb3e3a21469c7a5328/execute/async - {"script":"<script> [776 bytes]","args":[{"enterText":"4000360","selector":{"controlType":"sap.m.SearchField","properties":{"placeholder":"Search"},"searchOpenDialogs":true,"interaction":{"idSuffix":"I"}},"clearTextFirst":true,"interactionType":"ENTER_TEXT"}]}
RESULT: {"script":"<script> [776 bytes]","args":[{"enterText":"4000360","selector":{"controlType":"sap.m.SearchField","properties":{"placeholder":"Search"},"searchOpenDialogs":true,"interaction":{"idSuffix":"I"}},"clearTextFirst":true,"interactionType":"ENTER_TEXT"}]}
COMMAND: POST /session/e5d91353675ec9eb3e3a21469c7a5328/actions - {"actions":[{"id":"action24","type":"key","parameters":{},"actions":[{"type":"keyDown","value":""},{"type":"pause","duration":10},{"type":"keyUp","value":""}]}]}
RESULT: {"actions":[{"id":"action24","type":"key","parameters":{},"actions":[{"type":"keyDown","value":""},{"type":"pause","duration":10},{"type":"keyUp","value":""}]}]}
COMMAND: GET /session/e5d91353675ec9eb3e3a21469c7a5328/screenshot - {}
RESULT: {}
COMMAND: POST /session/e5d91353675ec9eb3e3a21469c7a5328/element - {"using":"xpath","value":"//td/div/span[contains(text(), \"BGL Vehicles\")]"}
RESULT: {"using":"xpath","value":"//td/div/span[contains(text(), \"BGL Vehicles\")]"}
COMMAND: POST /session/e5d91353675ec9eb3e3a21469c7a5328/element/f.C1E909D8719DE039BC4E21351344D585.d.E5ABD261D092D950326A9B17FB6CDCBA.e.6984/click - {}
RESULT: {}
COMMAND: GET /session/e5d91353675ec9eb3e3a21469c7a5328/screenshot - {}
RESULT: {}
COMMAND: POST /session/e5d91353675ec9eb3e3a21469c7a5328/element - {"using":"xpath","value":"//bdi[contains(text(), \"OK\")]"}
RESULT: {"using":"xpath","value":"//bdi[contains(text(), \"OK\")]"}
COMMAND: POST /session/e5d91353675ec9eb3e3a21469c7a5328/element/f.C1E909D8719DE039BC4E21351344D585.d.E5ABD261D092D950326A9B17FB6CDCBA.e.6985/click - {}
RESULT: {}
COMMAND: GET /session/e5d91353675ec9eb3e3a21469c7a5328/screenshot - {}
RESULT: {}
COMMAND: POST /session/e5d91353675ec9eb3e3a21469c7a5328/execute/async - {"script":"<script> [1562 bytes]","args":[{"selector":{"id":"application-manageresources-display-component---newResourceUnit--newRRUPage-anchBar-application-manageresources-display-component---newResourceUnit--resource-anchor","interaction":{"idSuffix":"BDI-content"}},"wdio_ui5_key":"applicationmanageresources-display-component---newResourceUnit--newRRUPage-anchBar-application-manageresources-display-component---newResourceUnit--resource-anchor"}]}
RESULT: {"script":"<script> [1562 bytes]","args":[{"selector":{"id":"application-manageresources-display-component---newResourceUnit--newRRUPage-anchBar-application-manageresources-display-component---newResourceUnit--resource-anchor","interaction":{"idSuffix":"BDI-content"}},"wdio_ui5_key":"applicationmanageresources-display-component---newResourceUnit--newRRUPage-anchBar-application-manageresources-display-component---newResourceUnit--resource-anchor"}]}
RESULT: undefined
COMMAND: POST /session/e5d91353675ec9eb3e3a21469c7a5328/element - {"using":"xpath","value":"//*[@id=\"application-manageresources-display-component---newResourceUnit--newRRUPage-anchBar-application-manageresources-display-component---newResourceUnit--resource-anchor\"]"}
RESULT: {"using":"xpath","value":"//*[@id=\"application-manageresources-display-component---newResourceUnit--newRRUPage-anchBar-application-manageresources-display-component---newResourceUnit--resource-anchor\"]"}
COMMAND: POST /session/e5d91353675ec9eb3e3a21469c7a5328/element/f.C1E909D8719DE039BC4E21351344D585.d.E5ABD261D092D950326A9B17FB6CDCBA.e.6989/click - {}
RESULT: {}
COMMAND: POST /session/e5d91353675ec9eb3e3a21469c7a5328/execute/async - {"script":"<script> [1562 bytes]","args":[{"selector":{"id":"application-manageresources-display-component---newResourceUnit--PLANNED_DELIVERY_DATE","interaction":{"idSuffix":"inner"}},"wdio_ui5_key":"applicationmanageresources-display-component---newResourceUnit--PLANNED_DELIVERY_DATE"}]}
COMMAND: GET /session/e5d91353675ec9eb3e3a21469c7a5328/screenshot - {}
RESULT: {"script":"<script> [1562 bytes]","args":[{"selector":{"id":"application-manageresources-display-component---newResourceUnit--PLANNED_DELIVERY_DATE","interaction":{"idSuffix":"inner"}},"wdio_ui5_key":"applicationmanageresources-display-component---newResourceUnit--PLANNED_DELIVERY_DATE"}]}
RESULT: undefined
COMMAND: POST /session/e5d91353675ec9eb3e3a21469c7a5328/execute/async - {"script":"<script> [6424 bytes]","args":[{"element-6066-11e4-a52e-4f735466cecf":"f.C1E909D8719DE039BC4E21351344D585.d.E5ABD261D092D950326A9B17FB6CDCBA.e.6816"},"setValue",["5/30/25"]]}
RESULT: {}
RESULT: {"script":"<script> [6424 bytes]","args":[{"element-6066-11e4-a52e-4f735466cecf":"f.C1E909D8719DE039BC4E21351344D585.d.E5ABD261D092D950326A9B17FB6CDCBA.e.6816"},"setValue",["5/30/25"]]}
COMMAND: POST /session/e5d91353675ec9eb3e3a21469c7a5328/element - {"using":"xpath","value":"//label[contains(@class, 'sapMLabelRequired') and .//bdi[contains(text(), 'Planned Retirement')]]"}
RESULT: {"using":"xpath","value":"//label[contains(@class, 'sapMLabelRequired') and .//bdi[contains(text(), 'Planned Retirement')]]"}
COMMAND: POST /session/e5d91353675ec9eb3e3a21469c7a5328/elements - {"using":"xpath","value":"//label[contains(@class, 'sapMLabelRequired') and .//bdi[contains(text(), 'Planned Retirement')]]"}
RESULT: {"using":"xpath","value":"//label[contains(@class, 'sapMLabelRequired') and .//bdi[contains(text(), 'Planned Retirement')]]"}
COMMAND: POST /session/e5d91353675ec9eb3e3a21469c7a5328/element - {"using":"xpath","value":"//button[@data-kt=\"resourceUnitSaveButton\"]"}
RESULT: {"using":"xpath","value":"//button[@data-kt=\"resourceUnitSaveButton\"]"}
COMMAND: POST /session/e5d91353675ec9eb3e3a21469c7a5328/element/f.C1E909D8719DE039BC4E21351344D585.d.E5ABD261D092D950326A9B17FB6CDCBA.e.6775/click - {}
RESULT: {}
COMMAND: GET /session/e5d91353675ec9eb3e3a21469c7a5328/screenshot - {}
RESULT: {}
COMMAND: POST /session/e5d91353675ec9eb3e3a21469c7a5328/element - {"using":"xpath","value":"//bdi[contains(text(), \"Close\")]"}
RESULT: {"using":"xpath","value":"//bdi[contains(text(), \"Close\")]"}
COMMAND: POST /session/e5d91353675ec9eb3e3a21469c7a5328/element/f.C1E909D8719DE039BC4E21351344D585.d.E5ABD261D092D950326A9B17FB6CDCBA.e.6997/click - {}
RESULT: {}
COMMAND: GET /session/e5d91353675ec9eb3e3a21469c7a5328/screenshot - {}
RESULT: {}
COMMAND: POST /session/e5d91353675ec9eb3e3a21469c7a5328/element - {"using":"xpath","value":"(//button[contains(@id ,\"actionsToolbar-overflowButton\")])[1]"}
RESULT: {"using":"xpath","value":"(//button[contains(@id ,\"actionsToolbar-overflowButton\")])[1]"}
COMMAND: POST /session/e5d91353675ec9eb3e3a21469c7a5328/element/f.C1E909D8719DE039BC4E21351344D585.d.E5ABD261D092D950326A9B17FB6CDCBA.e.7054/click - {}
RESULT: {}
COMMAND: GET /session/e5d91353675ec9eb3e3a21469c7a5328/screenshot - {}
RESULT: {}
COMMAND: POST /session/e5d91353675ec9eb3e3a21469c7a5328/element - {"using":"xpath","value":"//button[@data-kt=\"priceInfoButton\"]"}
RESULT: {"using":"xpath","value":"//button[@data-kt=\"priceInfoButton\"]"}
COMMAND: POST /session/e5d91353675ec9eb3e3a21469c7a5328/element/f.C1E909D8719DE039BC4E21351344D585.d.E5ABD261D092D950326A9B17FB6CDCBA.e.7056/click - {}
RESULT: {}
COMMAND: GET /session/e5d91353675ec9eb3e3a21469c7a5328/screenshot - {}
RESULT: {}
COMMAND: POST /session/e5d91353675ec9eb3e3a21469c7a5328/element - {"using":"css selector","value":"#shell-header-logo"}
RESULT: {"using":"css selector","value":"#shell-header-logo"}
COMMAND: POST /session/e5d91353675ec9eb3e3a21469c7a5328/element/f.C1E909D8719DE039BC4E21351344D585.d.E5ABD261D092D950326A9B17FB6CDCBA.e.6359/click - {}
RESULT: {}
COMMAND: GET /session/e5d91353675ec9eb3e3a21469c7a5328/screenshot - {}
RESULT: {}
COMMAND: POST /session/e5d91353675ec9eb3e3a21469c7a5328/execute/async - {"script":"<script> [1562 bytes]","args":[{"selector":{"controlType":"sap.m.GenericTile","properties":{"header":"Manage Handovers"}},"wdio_ui5_key":"sapm.GenericTile{\"header\":\"Manage Handovers\"}"}]}
RESULT: {"script":"<script> [1562 bytes]","args":[{"selector":{"controlType":"sap.m.GenericTile","properties":{"header":"Manage Handovers"}},"wdio_ui5_key":"sapm.GenericTile{\"header\":\"Manage Handovers\"}"}]}
RESULT: undefined
COMMAND: POST /session/e5d91353675ec9eb3e3a21469c7a5328/element - {"using":"xpath","value":"//*[@id=\"__tile133\"]"}
RESULT: {"using":"xpath","value":"//*[@id=\"__tile133\"]"}
COMMAND: POST /session/e5d91353675ec9eb3e3a21469c7a5328/element/f.C1E909D8719DE039BC4E21351344D585.d.E5ABD261D092D950326A9B17FB6CDCBA.e.6309/click - {}
RESULT: {}
COMMAND: GET /session/e5d91353675ec9eb3e3a21469c7a5328/screenshot - {}
RESULT: {}
COMMAND: POST /session/e5d91353675ec9eb3e3a21469c7a5328/elements - {"using":"xpath","value":"//span[text()='Error']"}
RESULT: {"using":"xpath","value":"//span[text()='Error']"}
COMMAND: POST /session/e5d91353675ec9eb3e3a21469c7a5328/element - {"using":"xpath","value":"//button[@data-kt=\"masterHOAddButton\"]"}
RESULT: {"using":"xpath","value":"//button[@data-kt=\"masterHOAddButton\"]"}
COMMAND: POST /session/e5d91353675ec9eb3e3a21469c7a5328/elements - {"using":"xpath","value":"//button[@data-kt=\"masterHOAddButton\"]"}
RESULT: {"using":"xpath","value":"//button[@data-kt=\"masterHOAddButton\"]"}
COMMAND: POST /session/e5d91353675ec9eb3e3a21469c7a5328/execute/sync - {"script":"<script> [8489 bytes]","args":[{"element-6066-11e4-a52e-4f735466cecf":"f.C1E909D8719DE039BC4E21351344D585.d.E5ABD261D092D950326A9B17FB6CDCBA.e.7097","ELEMENT":"f.C1E909D8719DE039BC4E21351344D585.d.E5ABD261D092D950326A9B17FB6CDCBA.e.7097"}]}
RESULT: {"script":"<script> [8489 bytes]","args":[{"element-6066-11e4-a52e-4f735466cecf":"f.C1E909D8719DE039BC4E21351344D585.d.E5ABD261D092D950326A9B17FB6CDCBA.e.7097","ELEMENT":"f.C1E909D8719DE039BC4E21351344D585.d.E5ABD261D092D950326A9B17FB6CDCBA.e.7097"}]}
COMMAND: GET /session/e5d91353675ec9eb3e3a21469c7a5328/element/f.C1E909D8719DE039BC4E21351344D585.d.E5ABD261D092D950326A9B17FB6CDCBA.e.7097/enabled - {}
COMMAND: GET /session/e5d91353675ec9eb3e3a21469c7a5328/screenshot - {}
RESULT: {}
COMMAND: POST /session/e5d91353675ec9eb3e3a21469c7a5328/execute/sync - {"script":"<script> [8489 bytes]","args":[{"element-6066-11e4-a52e-4f735466cecf":"f.C1E909D8719DE039BC4E21351344D585.d.E5ABD261D092D950326A9B17FB6CDCBA.e.7097","ELEMENT":"f.C1E909D8719DE039BC4E21351344D585.d.E5ABD261D092D950326A9B17FB6CDCBA.e.7097"}]}
COMMAND: GET /session/e5d91353675ec9eb3e3a21469c7a5328/screenshot - {}
RESULT: {}
RESULT: {"script":"<script> [8489 bytes]","args":[{"element-6066-11e4-a52e-4f735466cecf":"f.C1E909D8719DE039BC4E21351344D585.d.E5ABD261D092D950326A9B17FB6CDCBA.e.7097","ELEMENT":"f.C1E909D8719DE039BC4E21351344D585.d.E5ABD261D092D950326A9B17FB6CDCBA.e.7097"}]}
COMMAND: POST /session/e5d91353675ec9eb3e3a21469c7a5328/execute/sync - {"script":"<script> [5351 bytes]","args":[{"element-6066-11e4-a52e-4f735466cecf":"f.C1E909D8719DE039BC4E21351344D585.d.E5ABD261D092D950326A9B17FB6CDCBA.e.7097","ELEMENT":"f.C1E909D8719DE039BC4E21351344D585.d.E5ABD261D092D950326A9B17FB6CDCBA.e.7097"}]}
COMMAND: GET /session/e5d91353675ec9eb3e3a21469c7a5328/screenshot - {}
RESULT: {}
RESULT: {"script":"<script> [5351 bytes]","args":[{"element-6066-11e4-a52e-4f735466cecf":"f.C1E909D8719DE039BC4E21351344D585.d.E5ABD261D092D950326A9B17FB6CDCBA.e.7097","ELEMENT":"f.C1E909D8719DE039BC4E21351344D585.d.E5ABD261D092D950326A9B17FB6CDCBA.e.7097"}]}
COMMAND: POST /session/e5d91353675ec9eb3e3a21469c7a5328/element/f.C1E909D8719DE039BC4E21351344D585.d.E5ABD261D092D950326A9B17FB6CDCBA.e.7097/click - {}
COMMAND: GET /session/e5d91353675ec9eb3e3a21469c7a5328/screenshot - {}
RESULT: {}
RESULT: {}
COMMAND: GET /session/e5d91353675ec9eb3e3a21469c7a5328/screenshot - {}
RESULT: {}
COMMAND: POST /session/e5d91353675ec9eb3e3a21469c7a5328/element - {"using":"xpath","value":"//span[contains(@id ,\"AddNewHO--typeSelect-arrow\")]"}
RESULT: {}
RESULT: {"using":"xpath","value":"//span[contains(@id ,\"AddNewHO--typeSelect-arrow\")]"}
COMMAND: POST /session/e5d91353675ec9eb3e3a21469c7a5328/element/f.C1E909D8719DE039BC4E21351344D585.d.E5ABD261D092D950326A9B17FB6CDCBA.e.7438/click - {}
RESULT: {}
COMMAND: GET /session/e5d91353675ec9eb3e3a21469c7a5328/screenshot - {}
RESULT: {}
COMMAND: POST /session/e5d91353675ec9eb3e3a21469c7a5328/element - {"using":"xpath","value":"(//li[contains(text(), \"stock increase yard\")])[1]"}
RESULT: {"using":"xpath","value":"(//li[contains(text(), \"stock increase yard\")])[1]"}
COMMAND: POST /session/e5d91353675ec9eb3e3a21469c7a5328/element/f.C1E909D8719DE039BC4E21351344D585.d.E5ABD261D092D950326A9B17FB6CDCBA.e.7439/click - {}
RESULT: {}
COMMAND: GET /session/e5d91353675ec9eb3e3a21469c7a5328/screenshot - {}
RESULT: {}
COMMAND: POST /session/e5d91353675ec9eb3e3a21469c7a5328/execute/async - {"script":"<script> [1562 bytes]","args":[{"selector":{"id":"application-managehandovers-display-component---AddNewHO--dueDate","interaction":{"idSuffix":"inner"}},"wdio_ui5_key":"applicationmanagehandovers-display-component---AddNewHO--dueDate"}]}
RESULT: {"script":"<script> [1562 bytes]","args":[{"selector":{"id":"application-managehandovers-display-component---AddNewHO--dueDate","interaction":{"idSuffix":"inner"}},"wdio_ui5_key":"applicationmanagehandovers-display-component---AddNewHO--dueDate"}]}
RESULT: undefined
COMMAND: POST /session/e5d91353675ec9eb3e3a21469c7a5328/execute/async - {"script":"<script> [6424 bytes]","args":[{"element-6066-11e4-a52e-4f735466cecf":"f.C1E909D8719DE039BC4E21351344D585.d.E5ABD261D092D950326A9B17FB6CDCBA.e.7441"},"setValue",["5/30/25"]]}
RESULT: {"script":"<script> [6424 bytes]","args":[{"element-6066-11e4-a52e-4f735466cecf":"f.C1E909D8719DE039BC4E21351344D585.d.E5ABD261D092D950326A9B17FB6CDCBA.e.7441"},"setValue",["5/30/25"]]}
COMMAND: POST /session/e5d91353675ec9eb3e3a21469c7a5328/element - {"using":"xpath","value":"//input[@id=\"generalSectionFrg--receiveYard-inner\"]"}
RESULT: {"using":"xpath","value":"//input[@id=\"generalSectionFrg--receiveYard-inner\"]"}
COMMAND: POST /session/e5d91353675ec9eb3e3a21469c7a5328/element/f.C1E909D8719DE039BC4E21351344D585.d.E5ABD261D092D950326A9B17FB6CDCBA.e.7447/clear - {}
RESULT: {}
COMMAND: POST /session/e5d91353675ec9eb3e3a21469c7a5328/element/f.C1E909D8719DE039BC4E21351344D585.d.E5ABD261D092D950326A9B17FB6CDCBA.e.7447/value - {"text":"515"}
COMMAND: GET /session/e5d91353675ec9eb3e3a21469c7a5328/screenshot - {}
RESULT: {"text":"515"}
COMMAND: GET /session/e5d91353675ec9eb3e3a21469c7a5328/screenshot - {}
RESULT: {}
RESULT: {}
COMMAND: POST /session/e5d91353675ec9eb3e3a21469c7a5328/element - {"using":"xpath","value":"//li[.//span[contains(text(),'515 -')]]"}
RESULT: {"using":"xpath","value":"//li[.//span[contains(text(),'515 -')]]"}
COMMAND: POST /session/e5d91353675ec9eb3e3a21469c7a5328/elements - {"using":"xpath","value":"//li[.//span[contains(text(),'515 -')]]"}
RESULT: {"using":"xpath","value":"//li[.//span[contains(text(),'515 -')]]"}
COMMAND: POST /session/e5d91353675ec9eb3e3a21469c7a5328/elements - {"using":"xpath","value":"//li[.//span[contains(text(),'515 -')]]"}
RESULT: {"using":"xpath","value":"//li[.//span[contains(text(),'515 -')]]"}
COMMAND: POST /session/e5d91353675ec9eb3e3a21469c7a5328/elements - {"using":"xpath","value":"//li[.//span[contains(text(),'515 -')]]"}
RESULT: {"using":"xpath","value":"//li[.//span[contains(text(),'515 -')]]"}
COMMAND: POST /session/e5d91353675ec9eb3e3a21469c7a5328/elements - {"using":"xpath","value":"//li[.//span[contains(text(),'515 -')]]"}
RESULT: {"using":"xpath","value":"//li[.//span[contains(text(),'515 -')]]"}
COMMAND: POST /session/e5d91353675ec9eb3e3a21469c7a5328/elements - {"using":"xpath","value":"//li[.//span[contains(text(),'515 -')]]"}
RESULT: {"using":"xpath","value":"//li[.//span[contains(text(),'515 -')]]"}
COMMAND: POST /session/e5d91353675ec9eb3e3a21469c7a5328/elements - {"using":"xpath","value":"//li[.//span[contains(text(),'515 -')]]"}
RESULT: {"using":"xpath","value":"//li[.//span[contains(text(),'515 -')]]"}
COMMAND: POST /session/e5d91353675ec9eb3e3a21469c7a5328/elements - {"using":"xpath","value":"//li[.//span[contains(text(),'515 -')]]"}
RESULT: {"using":"xpath","value":"//li[.//span[contains(text(),'515 -')]]"}
COMMAND: POST /session/e5d91353675ec9eb3e3a21469c7a5328/elements - {"using":"xpath","value":"//li[.//span[contains(text(),'515 -')]]"}
RESULT: {"using":"xpath","value":"//li[.//span[contains(text(),'515 -')]]"}
COMMAND: POST /session/e5d91353675ec9eb3e3a21469c7a5328/elements - {"using":"xpath","value":"//li[.//span[contains(text(),'515 -')]]"}
RESULT: {"using":"xpath","value":"//li[.//span[contains(text(),'515 -')]]"}
COMMAND: POST /session/e5d91353675ec9eb3e3a21469c7a5328/elements - {"using":"xpath","value":"//li[.//span[contains(text(),'515 -')]]"}
RESULT: {"using":"xpath","value":"//li[.//span[contains(text(),'515 -')]]"}
COMMAND: POST /session/e5d91353675ec9eb3e3a21469c7a5328/elements - {"using":"xpath","value":"//li[.//span[contains(text(),'515 -')]]"}
RESULT: {"using":"xpath","value":"//li[.//span[contains(text(),'515 -')]]"}
COMMAND: POST /session/e5d91353675ec9eb3e3a21469c7a5328/elements - {"using":"xpath","value":"//li[.//span[contains(text(),'515 -')]]"}
RESULT: {"using":"xpath","value":"//li[.//span[contains(text(),'515 -')]]"}
COMMAND: POST /session/e5d91353675ec9eb3e3a21469c7a5328/elements - {"using":"xpath","value":"//li[.//span[contains(text(),'515 -')]]"}
RESULT: {"using":"xpath","value":"//li[.//span[contains(text(),'515 -')]]"}
COMMAND: POST /session/e5d91353675ec9eb3e3a21469c7a5328/elements - {"using":"xpath","value":"//li[.//span[contains(text(),'515 -')]]"}
RESULT: {"using":"xpath","value":"//li[.//span[contains(text(),'515 -')]]"}
COMMAND: POST /session/e5d91353675ec9eb3e3a21469c7a5328/elements - {"using":"xpath","value":"//li[.//span[contains(text(),'515 -')]]"}
RESULT: {"using":"xpath","value":"//li[.//span[contains(text(),'515 -')]]"}
COMMAND: POST /session/e5d91353675ec9eb3e3a21469c7a5328/elements - {"using":"xpath","value":"//li[.//span[contains(text(),'515 -')]]"}
RESULT: {"using":"xpath","value":"//li[.//span[contains(text(),'515 -')]]"}
COMMAND: POST /session/e5d91353675ec9eb3e3a21469c7a5328/elements - {"using":"xpath","value":"//li[.//span[contains(text(),'515 -')]]"}
RESULT: {"using":"xpath","value":"//li[.//span[contains(text(),'515 -')]]"}
COMMAND: POST /session/e5d91353675ec9eb3e3a21469c7a5328/elements - {"using":"xpath","value":"//li[.//span[contains(text(),'515 -')]]"}
RESULT: {"using":"xpath","value":"//li[.//span[contains(text(),'515 -')]]"}
COMMAND: POST /session/e5d91353675ec9eb3e3a21469c7a5328/elements - {"using":"xpath","value":"//li[.//span[contains(text(),'515 -')]]"}
RESULT: {"using":"xpath","value":"//li[.//span[contains(text(),'515 -')]]"}
COMMAND: POST /session/e5d91353675ec9eb3e3a21469c7a5328/elements - {"using":"xpath","value":"//li[.//span[contains(text(),'515 -')]]"}
RESULT: {"using":"xpath","value":"//li[.//span[contains(text(),'515 -')]]"}
COMMAND: POST /session/e5d91353675ec9eb3e3a21469c7a5328/elements - {"using":"xpath","value":"//li[.//span[contains(text(),'515 -')]]"}
RESULT: {"using":"xpath","value":"//li[.//span[contains(text(),'515 -')]]"}
COMMAND: POST /session/e5d91353675ec9eb3e3a21469c7a5328/elements - {"using":"xpath","value":"//li[.//span[contains(text(),'515 -')]]"}
RESULT: {"using":"xpath","value":"//li[.//span[contains(text(),'515 -')]]"}
COMMAND: POST /session/e5d91353675ec9eb3e3a21469c7a5328/elements - {"using":"xpath","value":"//li[.//span[contains(text(),'515 -')]]"}
RESULT: {"using":"xpath","value":"//li[.//span[contains(text(),'515 -')]]"}
COMMAND: POST /session/e5d91353675ec9eb3e3a21469c7a5328/elements - {"using":"xpath","value":"//li[.//span[contains(text(),'515 -')]]"}
RESULT: {"using":"xpath","value":"//li[.//span[contains(text(),'515 -')]]"}
COMMAND: POST /session/e5d91353675ec9eb3e3a21469c7a5328/elements - {"using":"xpath","value":"//li[.//span[contains(text(),'515 -')]]"}
RESULT: {"using":"xpath","value":"//li[.//span[contains(text(),'515 -')]]"}
COMMAND: POST /session/e5d91353675ec9eb3e3a21469c7a5328/elements - {"using":"xpath","value":"//li[.//span[contains(text(),'515 -')]]"}
RESULT: {"using":"xpath","value":"//li[.//span[contains(text(),'515 -')]]"}
COMMAND: POST /session/e5d91353675ec9eb3e3a21469c7a5328/elements - {"using":"xpath","value":"//li[.//span[contains(text(),'515 -')]]"}
RESULT: {"using":"xpath","value":"//li[.//span[contains(text(),'515 -')]]"}
COMMAND: POST /session/e5d91353675ec9eb3e3a21469c7a5328/elements - {"using":"xpath","value":"//li[.//span[contains(text(),'515 -')]]"}
RESULT: {"using":"xpath","value":"//li[.//span[contains(text(),'515 -')]]"}
COMMAND: POST /session/e5d91353675ec9eb3e3a21469c7a5328/elements - {"using":"xpath","value":"//li[.//span[contains(text(),'515 -')]]"}
RESULT: {"using":"xpath","value":"//li[.//span[contains(text(),'515 -')]]"}
COMMAND: POST /session/e5d91353675ec9eb3e3a21469c7a5328/elements - {"using":"xpath","value":"//li[.//span[contains(text(),'515 -')]]"}
RESULT: {"using":"xpath","value":"//li[.//span[contains(text(),'515 -')]]"}
COMMAND: POST /session/e5d91353675ec9eb3e3a21469c7a5328/elements - {"using":"xpath","value":"//li[.//span[contains(text(),'515 -')]]"}
RESULT: {"using":"xpath","value":"//li[.//span[contains(text(),'515 -')]]"}
COMMAND: POST /session/e5d91353675ec9eb3e3a21469c7a5328/elements - {"using":"xpath","value":"//li[.//span[contains(text(),'515 -')]]"}
RESULT: {"using":"xpath","value":"//li[.//span[contains(text(),'515 -')]]"}
COMMAND: POST /session/e5d91353675ec9eb3e3a21469c7a5328/elements - {"using":"xpath","value":"//li[.//span[contains(text(),'515 -')]]"}
RESULT: {"using":"xpath","value":"//li[.//span[contains(text(),'515 -')]]"}
COMMAND: POST /session/e5d91353675ec9eb3e3a21469c7a5328/elements - {"using":"xpath","value":"//li[.//span[contains(text(),'515 -')]]"}
RESULT: {"using":"xpath","value":"//li[.//span[contains(text(),'515 -')]]"}
COMMAND: POST /session/e5d91353675ec9eb3e3a21469c7a5328/elements - {"using":"xpath","value":"//li[.//span[contains(text(),'515 -')]]"}
RESULT: {"using":"xpath","value":"//li[.//span[contains(text(),'515 -')]]"}
COMMAND: POST /session/e5d91353675ec9eb3e3a21469c7a5328/elements - {"using":"xpath","value":"//li[.//span[contains(text(),'515 -')]]"}
RESULT: {"using":"xpath","value":"//li[.//span[contains(text(),'515 -')]]"}
COMMAND: POST /session/e5d91353675ec9eb3e3a21469c7a5328/elements - {"using":"xpath","value":"//li[.//span[contains(text(),'515 -')]]"}
RESULT: {"using":"xpath","value":"//li[.//span[contains(text(),'515 -')]]"}
COMMAND: POST /session/e5d91353675ec9eb3e3a21469c7a5328/elements - {"using":"xpath","value":"//li[.//span[contains(text(),'515 -')]]"}
RESULT: {"using":"xpath","value":"//li[.//span[contains(text(),'515 -')]]"}
COMMAND: POST /session/e5d91353675ec9eb3e3a21469c7a5328/elements - {"using":"xpath","value":"//li[.//span[contains(text(),'515 -')]]"}
RESULT: {"using":"xpath","value":"//li[.//span[contains(text(),'515 -')]]"}
COMMAND: POST /session/e5d91353675ec9eb3e3a21469c7a5328/elements - {"using":"xpath","value":"//li[.//span[contains(text(),'515 -')]]"}
RESULT: {"using":"xpath","value":"//li[.//span[contains(text(),'515 -')]]"}
COMMAND: POST /session/e5d91353675ec9eb3e3a21469c7a5328/elements - {"using":"xpath","value":"//li[.//span[contains(text(),'515 -')]]"}
RESULT: {"using":"xpath","value":"//li[.//span[contains(text(),'515 -')]]"}
COMMAND: POST /session/e5d91353675ec9eb3e3a21469c7a5328/elements - {"using":"xpath","value":"//li[.//span[contains(text(),'515 -')]]"}
RESULT: {"using":"xpath","value":"//li[.//span[contains(text(),'515 -')]]"}
COMMAND: POST /session/e5d91353675ec9eb3e3a21469c7a5328/elements - {"using":"xpath","value":"//li[.//span[contains(text(),'515 -')]]"}
RESULT: {"using":"xpath","value":"//li[.//span[contains(text(),'515 -')]]"}
COMMAND: POST /session/e5d91353675ec9eb3e3a21469c7a5328/elements - {"using":"xpath","value":"//li[.//span[contains(text(),'515 -')]]"}
RESULT: {"using":"xpath","value":"//li[.//span[contains(text(),'515 -')]]"}
COMMAND: POST /session/e5d91353675ec9eb3e3a21469c7a5328/elements - {"using":"xpath","value":"//li[.//span[contains(text(),'515 -')]]"}
RESULT: {"using":"xpath","value":"//li[.//span[contains(text(),'515 -')]]"}
COMMAND: POST /session/e5d91353675ec9eb3e3a21469c7a5328/elements - {"using":"xpath","value":"//li[.//span[contains(text(),'515 -')]]"}
RESULT: {"using":"xpath","value":"//li[.//span[contains(text(),'515 -')]]"}
COMMAND: POST /session/e5d91353675ec9eb3e3a21469c7a5328/elements - {"using":"xpath","value":"//li[.//span[contains(text(),'515 -')]]"}
RESULT: {"using":"xpath","value":"//li[.//span[contains(text(),'515 -')]]"}
COMMAND: POST /session/e5d91353675ec9eb3e3a21469c7a5328/elements - {"using":"xpath","value":"//li[.//span[contains(text(),'515 -')]]"}
RESULT: {"using":"xpath","value":"//li[.//span[contains(text(),'515 -')]]"}
COMMAND: POST /session/e5d91353675ec9eb3e3a21469c7a5328/elements - {"using":"xpath","value":"//li[.//span[contains(text(),'515 -')]]"}
RESULT: {"using":"xpath","value":"//li[.//span[contains(text(),'515 -')]]"}
COMMAND: POST /session/e5d91353675ec9eb3e3a21469c7a5328/elements - {"using":"xpath","value":"//li[.//span[contains(text(),'515 -')]]"}
RESULT: {"using":"xpath","value":"//li[.//span[contains(text(),'515 -')]]"}
COMMAND: POST /session/e5d91353675ec9eb3e3a21469c7a5328/elements - {"using":"xpath","value":"//li[.//span[contains(text(),'515 -')]]"}
RESULT: {"using":"xpath","value":"//li[.//span[contains(text(),'515 -')]]"}
COMMAND: POST /session/e5d91353675ec9eb3e3a21469c7a5328/elements - {"using":"xpath","value":"//li[.//span[contains(text(),'515 -')]]"}
RESULT: {"using":"xpath","value":"//li[.//span[contains(text(),'515 -')]]"}
COMMAND: POST /session/e5d91353675ec9eb3e3a21469c7a5328/elements - {"using":"xpath","value":"//li[.//span[contains(text(),'515 -')]]"}
RESULT: {"using":"xpath","value":"//li[.//span[contains(text(),'515 -')]]"}
COMMAND: POST /session/e5d91353675ec9eb3e3a21469c7a5328/elements - {"using":"xpath","value":"//li[.//span[contains(text(),'515 -')]]"}
RESULT: {"using":"xpath","value":"//li[.//span[contains(text(),'515 -')]]"}
COMMAND: POST /session/e5d91353675ec9eb3e3a21469c7a5328/elements - {"using":"xpath","value":"//li[.//span[contains(text(),'515 -')]]"}
RESULT: {"using":"xpath","value":"//li[.//span[contains(text(),'515 -')]]"}
COMMAND: POST /session/e5d91353675ec9eb3e3a21469c7a5328/elements - {"using":"xpath","value":"//li[.//span[contains(text(),'515 -')]]"}
RESULT: {"using":"xpath","value":"//li[.//span[contains(text(),'515 -')]]"}
COMMAND: POST /session/e5d91353675ec9eb3e3a21469c7a5328/elements - {"using":"xpath","value":"//li[.//span[contains(text(),'515 -')]]"}
RESULT: {"using":"xpath","value":"//li[.//span[contains(text(),'515 -')]]"}
COMMAND: POST /session/e5d91353675ec9eb3e3a21469c7a5328/elements - {"using":"xpath","value":"//li[.//span[contains(text(),'515 -')]]"}
RESULT: {"using":"xpath","value":"//li[.//span[contains(text(),'515 -')]]"}
COMMAND: POST /session/e5d91353675ec9eb3e3a21469c7a5328/elements - {"using":"xpath","value":"//li[.//span[contains(text(),'515 -')]]"}
RESULT: {"using":"xpath","value":"//li[.//span[contains(text(),'515 -')]]"}
COMMAND: POST /session/e5d91353675ec9eb3e3a21469c7a5328/elements - {"using":"xpath","value":"//li[.//span[contains(text(),'515 -')]]"}
RESULT: {"using":"xpath","value":"//li[.//span[contains(text(),'515 -')]]"}
COMMAND: POST /session/e5d91353675ec9eb3e3a21469c7a5328/elements - {"using":"xpath","value":"//li[.//span[contains(text(),'515 -')]]"}
RESULT: {"using":"xpath","value":"//li[.//span[contains(text(),'515 -')]]"}
COMMAND: POST /session/e5d91353675ec9eb3e3a21469c7a5328/elements - {"using":"xpath","value":"//li[.//span[contains(text(),'515 -')]]"}
RESULT: {"using":"xpath","value":"//li[.//span[contains(text(),'515 -')]]"}
COMMAND: POST /session/e5d91353675ec9eb3e3a21469c7a5328/elements - {"using":"xpath","value":"//li[.//span[contains(text(),'515 -')]]"}
RESULT: {"using":"xpath","value":"//li[.//span[contains(text(),'515 -')]]"}
COMMAND: POST /session/e5d91353675ec9eb3e3a21469c7a5328/elements - {"using":"xpath","value":"//li[.//span[contains(text(),'515 -')]]"}
RESULT: {"using":"xpath","value":"//li[.//span[contains(text(),'515 -')]]"}
COMMAND: POST /session/e5d91353675ec9eb3e3a21469c7a5328/elements - {"using":"xpath","value":"//li[.//span[contains(text(),'515 -')]]"}
RESULT: {"using":"xpath","value":"//li[.//span[contains(text(),'515 -')]]"}
COMMAND: POST /session/e5d91353675ec9eb3e3a21469c7a5328/elements - {"using":"xpath","value":"//li[.//span[contains(text(),'515 -')]]"}
RESULT: {"using":"xpath","value":"//li[.//span[contains(text(),'515 -')]]"}
COMMAND: POST /session/e5d91353675ec9eb3e3a21469c7a5328/elements - {"using":"xpath","value":"//li[.//span[contains(text(),'515 -')]]"}
RESULT: {"using":"xpath","value":"//li[.//span[contains(text(),'515 -')]]"}
COMMAND: POST /session/e5d91353675ec9eb3e3a21469c7a5328/elements - {"using":"xpath","value":"//li[.//span[contains(text(),'515 -')]]"}
RESULT: {"using":"xpath","value":"//li[.//span[contains(text(),'515 -')]]"}
COMMAND: POST /session/e5d91353675ec9eb3e3a21469c7a5328/elements - {"using":"xpath","value":"//li[.//span[contains(text(),'515 -')]]"}
RESULT: {"using":"xpath","value":"//li[.//span[contains(text(),'515 -')]]"}
COMMAND: POST /session/e5d91353675ec9eb3e3a21469c7a5328/elements - {"using":"xpath","value":"//li[.//span[contains(text(),'515 -')]]"}
RESULT: {"using":"xpath","value":"//li[.//span[contains(text(),'515 -')]]"}
COMMAND: POST /session/e5d91353675ec9eb3e3a21469c7a5328/elements - {"using":"xpath","value":"//li[.//span[contains(text(),'515 -')]]"}
RESULT: {"using":"xpath","value":"//li[.//span[contains(text(),'515 -')]]"}
COMMAND: POST /session/e5d91353675ec9eb3e3a21469c7a5328/elements - {"using":"xpath","value":"//li[.//span[contains(text(),'515 -')]]"}
RESULT: {"using":"xpath","value":"//li[.//span[contains(text(),'515 -')]]"}
COMMAND: POST /session/e5d91353675ec9eb3e3a21469c7a5328/elements - {"using":"xpath","value":"//li[.//span[contains(text(),'515 -')]]"}
RESULT: {"using":"xpath","value":"//li[.//span[contains(text(),'515 -')]]"}
COMMAND: POST /session/e5d91353675ec9eb3e3a21469c7a5328/elements - {"using":"xpath","value":"//li[.//span[contains(text(),'515 -')]]"}
RESULT: {"using":"xpath","value":"//li[.//span[contains(text(),'515 -')]]"}
COMMAND: POST /session/e5d91353675ec9eb3e3a21469c7a5328/elements - {"using":"xpath","value":"//li[.//span[contains(text(),'515 -')]]"}
RESULT: {"using":"xpath","value":"//li[.//span[contains(text(),'515 -')]]"}
COMMAND: POST /session/e5d91353675ec9eb3e3a21469c7a5328/elements - {"using":"xpath","value":"//li[.//span[contains(text(),'515 -')]]"}
RESULT: {"using":"xpath","value":"//li[.//span[contains(text(),'515 -')]]"}
COMMAND: POST /session/e5d91353675ec9eb3e3a21469c7a5328/elements - {"using":"xpath","value":"//li[.//span[contains(text(),'515 -')]]"}
RESULT: {"using":"xpath","value":"//li[.//span[contains(text(),'515 -')]]"}
COMMAND: POST /session/e5d91353675ec9eb3e3a21469c7a5328/elements - {"using":"xpath","value":"//li[.//span[contains(text(),'515 -')]]"}
RESULT: {"using":"xpath","value":"//li[.//span[contains(text(),'515 -')]]"}
COMMAND: POST /session/e5d91353675ec9eb3e3a21469c7a5328/elements - {"using":"xpath","value":"//li[.//span[contains(text(),'515 -')]]"}
RESULT: {"using":"xpath","value":"//li[.//span[contains(text(),'515 -')]]"}
COMMAND: POST /session/e5d91353675ec9eb3e3a21469c7a5328/elements - {"using":"xpath","value":"//li[.//span[contains(text(),'515 -')]]"}
RESULT: {"using":"xpath","value":"//li[.//span[contains(text(),'515 -')]]"}
COMMAND: POST /session/e5d91353675ec9eb3e3a21469c7a5328/elements - {"using":"xpath","value":"//li[.//span[contains(text(),'515 -')]]"}
RESULT: {"using":"xpath","value":"//li[.//span[contains(text(),'515 -')]]"}
COMMAND: POST /session/e5d91353675ec9eb3e3a21469c7a5328/elements - {"using":"xpath","value":"//li[.//span[contains(text(),'515 -')]]"}
RESULT: {"using":"xpath","value":"//li[.//span[contains(text(),'515 -')]]"}
COMMAND: POST /session/e5d91353675ec9eb3e3a21469c7a5328/elements - {"using":"xpath","value":"//li[.//span[contains(text(),'515 -')]]"}
RESULT: {"using":"xpath","value":"//li[.//span[contains(text(),'515 -')]]"}
COMMAND: POST /session/e5d91353675ec9eb3e3a21469c7a5328/elements - {"using":"xpath","value":"//li[.//span[contains(text(),'515 -')]]"}
RESULT: {"using":"xpath","value":"//li[.//span[contains(text(),'515 -')]]"}
COMMAND: POST /session/e5d91353675ec9eb3e3a21469c7a5328/elements - {"using":"xpath","value":"//li[.//span[contains(text(),'515 -')]]"}
RESULT: {"using":"xpath","value":"//li[.//span[contains(text(),'515 -')]]"}
COMMAND: POST /session/e5d91353675ec9eb3e3a21469c7a5328/elements - {"using":"xpath","value":"//li[.//span[contains(text(),'515 -')]]"}
RESULT: {"using":"xpath","value":"//li[.//span[contains(text(),'515 -')]]"}
COMMAND: POST /session/e5d91353675ec9eb3e3a21469c7a5328/elements - {"using":"xpath","value":"//li[.//span[contains(text(),'515 -')]]"}
RESULT: {"using":"xpath","value":"//li[.//span[contains(text(),'515 -')]]"}
COMMAND: POST /session/e5d91353675ec9eb3e3a21469c7a5328/elements - {"using":"xpath","value":"//li[.//span[contains(text(),'515 -')]]"}
RESULT: {"using":"xpath","value":"//li[.//span[contains(text(),'515 -')]]"}
COMMAND: POST /session/e5d91353675ec9eb3e3a21469c7a5328/elements - {"using":"xpath","value":"//li[.//span[contains(text(),'515 -')]]"}
RESULT: {"using":"xpath","value":"//li[.//span[contains(text(),'515 -')]]"}
COMMAND: POST /session/e5d91353675ec9eb3e3a21469c7a5328/elements - {"using":"xpath","value":"//li[.//span[contains(text(),'515 -')]]"}
RESULT: {"using":"xpath","value":"//li[.//span[contains(text(),'515 -')]]"}
COMMAND: POST /session/e5d91353675ec9eb3e3a21469c7a5328/elements - {"using":"xpath","value":"//li[.//span[contains(text(),'515 -')]]"}
RESULT: {"using":"xpath","value":"//li[.//span[contains(text(),'515 -')]]"}
COMMAND: POST /session/e5d91353675ec9eb3e3a21469c7a5328/elements - {"using":"xpath","value":"//li[.//span[contains(text(),'515 -')]]"}
RESULT: {"using":"xpath","value":"//li[.//span[contains(text(),'515 -')]]"}
COMMAND: POST /session/e5d91353675ec9eb3e3a21469c7a5328/elements - {"using":"xpath","value":"//li[.//span[contains(text(),'515 -')]]"}
RESULT: {"using":"xpath","value":"//li[.//span[contains(text(),'515 -')]]"}
COMMAND: POST /session/e5d91353675ec9eb3e3a21469c7a5328/elements - {"using":"xpath","value":"//li[.//span[contains(text(),'515 -')]]"}
RESULT: {"using":"xpath","value":"//li[.//span[contains(text(),'515 -')]]"}
COMMAND: POST /session/e5d91353675ec9eb3e3a21469c7a5328/elements - {"using":"xpath","value":"//li[.//span[contains(text(),'515 -')]]"}
RESULT: {"using":"xpath","value":"//li[.//span[contains(text(),'515 -')]]"}
COMMAND: POST /session/e5d91353675ec9eb3e3a21469c7a5328/elements - {"using":"xpath","value":"//li[.//span[contains(text(),'515 -')]]"}
RESULT: {"using":"xpath","value":"//li[.//span[contains(text(),'515 -')]]"}
COMMAND: POST /session/e5d91353675ec9eb3e3a21469c7a5328/elements - {"using":"xpath","value":"//li[.//span[contains(text(),'515 -')]]"}
RESULT: {"using":"xpath","value":"//li[.//span[contains(text(),'515 -')]]"}
COMMAND: POST /session/e5d91353675ec9eb3e3a21469c7a5328/elements - {"using":"xpath","value":"//li[.//span[contains(text(),'515 -')]]"}
RESULT: {"using":"xpath","value":"//li[.//span[contains(text(),'515 -')]]"}
COMMAND: POST /session/e5d91353675ec9eb3e3a21469c7a5328/elements - {"using":"xpath","value":"//li[.//span[contains(text(),'515 -')]]"}
RESULT: {"using":"xpath","value":"//li[.//span[contains(text(),'515 -')]]"}
COMMAND: POST /session/e5d91353675ec9eb3e3a21469c7a5328/elements - {"using":"xpath","value":"//li[.//span[contains(text(),'515 -')]]"}
RESULT: {"using":"xpath","value":"//li[.//span[contains(text(),'515 -')]]"}
COMMAND: POST /session/e5d91353675ec9eb3e3a21469c7a5328/elements - {"using":"xpath","value":"//li[.//span[contains(text(),'515 -')]]"}
RESULT: {"using":"xpath","value":"//li[.//span[contains(text(),'515 -')]]"}
COMMAND: POST /session/e5d91353675ec9eb3e3a21469c7a5328/elements - {"using":"xpath","value":"//li[.//span[contains(text(),'515 -')]]"}
RESULT: {"using":"xpath","value":"//li[.//span[contains(text(),'515 -')]]"}
COMMAND: POST /session/e5d91353675ec9eb3e3a21469c7a5328/elements - {"using":"xpath","value":"//li[.//span[contains(text(),'515 -')]]"}
RESULT: {"using":"xpath","value":"//li[.//span[contains(text(),'515 -')]]"}
COMMAND: POST /session/e5d91353675ec9eb3e3a21469c7a5328/elements - {"using":"xpath","value":"//li[.//span[contains(text(),'515 -')]]"}
RESULT: {"using":"xpath","value":"//li[.//span[contains(text(),'515 -')]]"}
COMMAND: POST /session/e5d91353675ec9eb3e3a21469c7a5328/elements - {"using":"xpath","value":"//li[.//span[contains(text(),'515 -')]]"}
RESULT: {"using":"xpath","value":"//li[.//span[contains(text(),'515 -')]]"}
COMMAND: POST /session/e5d91353675ec9eb3e3a21469c7a5328/elements - {"using":"xpath","value":"//li[.//span[contains(text(),'515 -')]]"}
RESULT: {"using":"xpath","value":"//li[.//span[contains(text(),'515 -')]]"}
COMMAND: POST /session/e5d91353675ec9eb3e3a21469c7a5328/elements - {"using":"xpath","value":"//li[.//span[contains(text(),'515 -')]]"}
RESULT: {"using":"xpath","value":"//li[.//span[contains(text(),'515 -')]]"}
COMMAND: POST /session/e5d91353675ec9eb3e3a21469c7a5328/elements - {"using":"xpath","value":"//li[.//span[contains(text(),'515 -')]]"}
RESULT: {"using":"xpath","value":"//li[.//span[contains(text(),'515 -')]]"}
COMMAND: POST /session/e5d91353675ec9eb3e3a21469c7a5328/elements - {"using":"xpath","value":"//li[.//span[contains(text(),'515 -')]]"}
RESULT: {"using":"xpath","value":"//li[.//span[contains(text(),'515 -')]]"}
COMMAND: POST /session/e5d91353675ec9eb3e3a21469c7a5328/elements - {"using":"xpath","value":"//li[.//span[contains(text(),'515 -')]]"}
RESULT: {"using":"xpath","value":"//li[.//span[contains(text(),'515 -')]]"}
COMMAND: POST /session/e5d91353675ec9eb3e3a21469c7a5328/elements - {"using":"xpath","value":"//li[.//span[contains(text(),'515 -')]]"}
RESULT: {"using":"xpath","value":"//li[.//span[contains(text(),'515 -')]]"}
COMMAND: POST /session/e5d91353675ec9eb3e3a21469c7a5328/elements - {"using":"xpath","value":"//li[.//span[contains(text(),'515 -')]]"}
RESULT: {"using":"xpath","value":"//li[.//span[contains(text(),'515 -')]]"}
COMMAND: POST /session/e5d91353675ec9eb3e3a21469c7a5328/elements - {"using":"xpath","value":"//li[.//span[contains(text(),'515 -')]]"}
RESULT: {"using":"xpath","value":"//li[.//span[contains(text(),'515 -')]]"}
COMMAND: POST /session/e5d91353675ec9eb3e3a21469c7a5328/elements - {"using":"xpath","value":"//li[.//span[contains(text(),'515 -')]]"}
RESULT: {"using":"xpath","value":"//li[.//span[contains(text(),'515 -')]]"}
COMMAND: POST /session/e5d91353675ec9eb3e3a21469c7a5328/elements - {"using":"xpath","value":"//li[.//span[contains(text(),'515 -')]]"}
RESULT: {"using":"xpath","value":"//li[.//span[contains(text(),'515 -')]]"}
COMMAND: POST /session/e5d91353675ec9eb3e3a21469c7a5328/elements - {"using":"xpath","value":"//li[.//span[contains(text(),'515 -')]]"}
RESULT: {"using":"xpath","value":"//li[.//span[contains(text(),'515 -')]]"}
COMMAND: POST /session/e5d91353675ec9eb3e3a21469c7a5328/elements - {"using":"xpath","value":"//li[.//span[contains(text(),'515 -')]]"}
RESULT: {"using":"xpath","value":"//li[.//span[contains(text(),'515 -')]]"}
COMMAND: POST /session/e5d91353675ec9eb3e3a21469c7a5328/elements - {"using":"xpath","value":"//li[.//span[contains(text(),'515 -')]]"}
RESULT: {"using":"xpath","value":"//li[.//span[contains(text(),'515 -')]]"}
COMMAND: POST /session/e5d91353675ec9eb3e3a21469c7a5328/elements - {"using":"xpath","value":"//li[.//span[contains(text(),'515 -')]]"}
RESULT: {"using":"xpath","value":"//li[.//span[contains(text(),'515 -')]]"}
COMMAND: POST /session/e5d91353675ec9eb3e3a21469c7a5328/elements - {"using":"xpath","value":"//li[.//span[contains(text(),'515 -')]]"}
RESULT: {"using":"xpath","value":"//li[.//span[contains(text(),'515 -')]]"}
COMMAND: GET /session/e5d91353675ec9eb3e3a21469c7a5328/screenshot - {}
RESULT: {}
]]></system-out>
      <system-err><![CDATA[
Error: Can't call click on element with selector "//li[.//span[contains(text(),'515 -')]]" because element wasn't found
    at async UtilsPrerequisites.stockIncrease (D:\a\1\s\test\specs\BTS\prerequisites-and-utils-functions.js:1638:9)
    at async Context.<anonymous> (D:\a\1\s\test\specs\HTR\manage-states-perf.spec.js:52:9)
]]></system-err>
    </testcase>
    <testcase classname="chrome.136_0_7103_93.windows.Manage_States_&amp;_Performance_Tests_US151247_US151423_US151467" name="Step 1 Try to save empty state change US151247" time="56.898">
      <failure/>
      <error message="element (&quot;//button[@data-kt=&quot;massStateChangeRusSectionButton&quot;]&quot;) still not existing after 45000ms"/>
      <system-out><![CDATA[
COMMAND: GET /session/e5d91353675ec9eb3e3a21469c7a5328/screenshot - {}
COMMAND: POST /session/e5d91353675ec9eb3e3a21469c7a5328/execute/async - {"script":"<script> [1562 bytes]","args":[{"selector":{"controlType":"sap.m.GenericTile","properties":{"header":"Manage States & Performance"}},"wdio_ui5_key":"sapm.GenericTile{\"header\":\"Manage States & Performance\"}"}]}
RESULT: {"script":"<script> [1562 bytes]","args":[{"selector":{"controlType":"sap.m.GenericTile","properties":{"header":"Manage States & Performance"}},"wdio_ui5_key":"sapm.GenericTile{\"header\":\"Manage States & Performance\"}"}]}
RESULT: undefined
RESULT: {}
COMMAND: POST /session/e5d91353675ec9eb3e3a21469c7a5328/elements - {"using":"xpath","value":"//span[text()='Error']"}
RESULT: {"using":"xpath","value":"//span[text()='Error']"}
COMMAND: POST /session/e5d91353675ec9eb3e3a21469c7a5328/element - {"using":"xpath","value":"//button[@data-kt=\"massStateChangeRusSectionButton\"]"}
RESULT: {"using":"xpath","value":"//button[@data-kt=\"massStateChangeRusSectionButton\"]"}
COMMAND: POST /session/e5d91353675ec9eb3e3a21469c7a5328/elements - {"using":"xpath","value":"//button[@data-kt=\"massStateChangeRusSectionButton\"]"}
RESULT: {"using":"xpath","value":"//button[@data-kt=\"massStateChangeRusSectionButton\"]"}
COMMAND: POST /session/e5d91353675ec9eb3e3a21469c7a5328/elements - {"using":"xpath","value":"//button[@data-kt=\"massStateChangeRusSectionButton\"]"}
RESULT: {"using":"xpath","value":"//button[@data-kt=\"massStateChangeRusSectionButton\"]"}
COMMAND: POST /session/e5d91353675ec9eb3e3a21469c7a5328/elements - {"using":"xpath","value":"//button[@data-kt=\"massStateChangeRusSectionButton\"]"}
RESULT: {"using":"xpath","value":"//button[@data-kt=\"massStateChangeRusSectionButton\"]"}
COMMAND: POST /session/e5d91353675ec9eb3e3a21469c7a5328/elements - {"using":"xpath","value":"//button[@data-kt=\"massStateChangeRusSectionButton\"]"}
RESULT: {"using":"xpath","value":"//button[@data-kt=\"massStateChangeRusSectionButton\"]"}
COMMAND: POST /session/e5d91353675ec9eb3e3a21469c7a5328/elements - {"using":"xpath","value":"//button[@data-kt=\"massStateChangeRusSectionButton\"]"}
RESULT: {"using":"xpath","value":"//button[@data-kt=\"massStateChangeRusSectionButton\"]"}
COMMAND: POST /session/e5d91353675ec9eb3e3a21469c7a5328/elements - {"using":"xpath","value":"//button[@data-kt=\"massStateChangeRusSectionButton\"]"}
RESULT: {"using":"xpath","value":"//button[@data-kt=\"massStateChangeRusSectionButton\"]"}
COMMAND: POST /session/e5d91353675ec9eb3e3a21469c7a5328/elements - {"using":"xpath","value":"//button[@data-kt=\"massStateChangeRusSectionButton\"]"}
RESULT: {"using":"xpath","value":"//button[@data-kt=\"massStateChangeRusSectionButton\"]"}
COMMAND: POST /session/e5d91353675ec9eb3e3a21469c7a5328/elements - {"using":"xpath","value":"//button[@data-kt=\"massStateChangeRusSectionButton\"]"}
RESULT: {"using":"xpath","value":"//button[@data-kt=\"massStateChangeRusSectionButton\"]"}
COMMAND: POST /session/e5d91353675ec9eb3e3a21469c7a5328/elements - {"using":"xpath","value":"//button[@data-kt=\"massStateChangeRusSectionButton\"]"}
RESULT: {"using":"xpath","value":"//button[@data-kt=\"massStateChangeRusSectionButton\"]"}
COMMAND: POST /session/e5d91353675ec9eb3e3a21469c7a5328/elements - {"using":"xpath","value":"//button[@data-kt=\"massStateChangeRusSectionButton\"]"}
RESULT: {"using":"xpath","value":"//button[@data-kt=\"massStateChangeRusSectionButton\"]"}
COMMAND: POST /session/e5d91353675ec9eb3e3a21469c7a5328/elements - {"using":"xpath","value":"//button[@data-kt=\"massStateChangeRusSectionButton\"]"}
RESULT: {"using":"xpath","value":"//button[@data-kt=\"massStateChangeRusSectionButton\"]"}
COMMAND: POST /session/e5d91353675ec9eb3e3a21469c7a5328/elements - {"using":"xpath","value":"//button[@data-kt=\"massStateChangeRusSectionButton\"]"}
RESULT: {"using":"xpath","value":"//button[@data-kt=\"massStateChangeRusSectionButton\"]"}
COMMAND: POST /session/e5d91353675ec9eb3e3a21469c7a5328/elements - {"using":"xpath","value":"//button[@data-kt=\"massStateChangeRusSectionButton\"]"}
RESULT: {"using":"xpath","value":"//button[@data-kt=\"massStateChangeRusSectionButton\"]"}
COMMAND: POST /session/e5d91353675ec9eb3e3a21469c7a5328/elements - {"using":"xpath","value":"//button[@data-kt=\"massStateChangeRusSectionButton\"]"}
RESULT: {"using":"xpath","value":"//button[@data-kt=\"massStateChangeRusSectionButton\"]"}
COMMAND: POST /session/e5d91353675ec9eb3e3a21469c7a5328/elements - {"using":"xpath","value":"//button[@data-kt=\"massStateChangeRusSectionButton\"]"}
RESULT: {"using":"xpath","value":"//button[@data-kt=\"massStateChangeRusSectionButton\"]"}
COMMAND: POST /session/e5d91353675ec9eb3e3a21469c7a5328/elements - {"using":"xpath","value":"//button[@data-kt=\"massStateChangeRusSectionButton\"]"}
RESULT: {"using":"xpath","value":"//button[@data-kt=\"massStateChangeRusSectionButton\"]"}
COMMAND: POST /session/e5d91353675ec9eb3e3a21469c7a5328/elements - {"using":"xpath","value":"//button[@data-kt=\"massStateChangeRusSectionButton\"]"}
RESULT: {"using":"xpath","value":"//button[@data-kt=\"massStateChangeRusSectionButton\"]"}
COMMAND: POST /session/e5d91353675ec9eb3e3a21469c7a5328/elements - {"using":"xpath","value":"//button[@data-kt=\"massStateChangeRusSectionButton\"]"}
RESULT: {"using":"xpath","value":"//button[@data-kt=\"massStateChangeRusSectionButton\"]"}
COMMAND: POST /session/e5d91353675ec9eb3e3a21469c7a5328/elements - {"using":"xpath","value":"//button[@data-kt=\"massStateChangeRusSectionButton\"]"}
RESULT: {"using":"xpath","value":"//button[@data-kt=\"massStateChangeRusSectionButton\"]"}
COMMAND: POST /session/e5d91353675ec9eb3e3a21469c7a5328/elements - {"using":"xpath","value":"//button[@data-kt=\"massStateChangeRusSectionButton\"]"}
RESULT: {"using":"xpath","value":"//button[@data-kt=\"massStateChangeRusSectionButton\"]"}
COMMAND: POST /session/e5d91353675ec9eb3e3a21469c7a5328/elements - {"using":"xpath","value":"//button[@data-kt=\"massStateChangeRusSectionButton\"]"}
RESULT: {"using":"xpath","value":"//button[@data-kt=\"massStateChangeRusSectionButton\"]"}
COMMAND: POST /session/e5d91353675ec9eb3e3a21469c7a5328/elements - {"using":"xpath","value":"//button[@data-kt=\"massStateChangeRusSectionButton\"]"}
RESULT: {"using":"xpath","value":"//button[@data-kt=\"massStateChangeRusSectionButton\"]"}
COMMAND: POST /session/e5d91353675ec9eb3e3a21469c7a5328/elements - {"using":"xpath","value":"//button[@data-kt=\"massStateChangeRusSectionButton\"]"}
RESULT: {"using":"xpath","value":"//button[@data-kt=\"massStateChangeRusSectionButton\"]"}
COMMAND: POST /session/e5d91353675ec9eb3e3a21469c7a5328/elements - {"using":"xpath","value":"//button[@data-kt=\"massStateChangeRusSectionButton\"]"}
RESULT: {"using":"xpath","value":"//button[@data-kt=\"massStateChangeRusSectionButton\"]"}
COMMAND: POST /session/e5d91353675ec9eb3e3a21469c7a5328/elements - {"using":"xpath","value":"//button[@data-kt=\"massStateChangeRusSectionButton\"]"}
RESULT: {"using":"xpath","value":"//button[@data-kt=\"massStateChangeRusSectionButton\"]"}
COMMAND: POST /session/e5d91353675ec9eb3e3a21469c7a5328/elements - {"using":"xpath","value":"//button[@data-kt=\"massStateChangeRusSectionButton\"]"}
RESULT: {"using":"xpath","value":"//button[@data-kt=\"massStateChangeRusSectionButton\"]"}
COMMAND: POST /session/e5d91353675ec9eb3e3a21469c7a5328/elements - {"using":"xpath","value":"//button[@data-kt=\"massStateChangeRusSectionButton\"]"}
RESULT: {"using":"xpath","value":"//button[@data-kt=\"massStateChangeRusSectionButton\"]"}
COMMAND: POST /session/e5d91353675ec9eb3e3a21469c7a5328/elements - {"using":"xpath","value":"//button[@data-kt=\"massStateChangeRusSectionButton\"]"}
RESULT: {"using":"xpath","value":"//button[@data-kt=\"massStateChangeRusSectionButton\"]"}
COMMAND: POST /session/e5d91353675ec9eb3e3a21469c7a5328/elements - {"using":"xpath","value":"//button[@data-kt=\"massStateChangeRusSectionButton\"]"}
RESULT: {"using":"xpath","value":"//button[@data-kt=\"massStateChangeRusSectionButton\"]"}
COMMAND: POST /session/e5d91353675ec9eb3e3a21469c7a5328/elements - {"using":"xpath","value":"//button[@data-kt=\"massStateChangeRusSectionButton\"]"}
RESULT: {"using":"xpath","value":"//button[@data-kt=\"massStateChangeRusSectionButton\"]"}
COMMAND: POST /session/e5d91353675ec9eb3e3a21469c7a5328/elements - {"using":"xpath","value":"//button[@data-kt=\"massStateChangeRusSectionButton\"]"}
RESULT: {"using":"xpath","value":"//button[@data-kt=\"massStateChangeRusSectionButton\"]"}
COMMAND: POST /session/e5d91353675ec9eb3e3a21469c7a5328/elements - {"using":"xpath","value":"//button[@data-kt=\"massStateChangeRusSectionButton\"]"}
RESULT: {"using":"xpath","value":"//button[@data-kt=\"massStateChangeRusSectionButton\"]"}
COMMAND: POST /session/e5d91353675ec9eb3e3a21469c7a5328/elements - {"using":"xpath","value":"//button[@data-kt=\"massStateChangeRusSectionButton\"]"}
RESULT: {"using":"xpath","value":"//button[@data-kt=\"massStateChangeRusSectionButton\"]"}
COMMAND: POST /session/e5d91353675ec9eb3e3a21469c7a5328/elements - {"using":"xpath","value":"//button[@data-kt=\"massStateChangeRusSectionButton\"]"}
RESULT: {"using":"xpath","value":"//button[@data-kt=\"massStateChangeRusSectionButton\"]"}
COMMAND: POST /session/e5d91353675ec9eb3e3a21469c7a5328/elements - {"using":"xpath","value":"//button[@data-kt=\"massStateChangeRusSectionButton\"]"}
RESULT: {"using":"xpath","value":"//button[@data-kt=\"massStateChangeRusSectionButton\"]"}
COMMAND: POST /session/e5d91353675ec9eb3e3a21469c7a5328/elements - {"using":"xpath","value":"//button[@data-kt=\"massStateChangeRusSectionButton\"]"}
RESULT: {"using":"xpath","value":"//button[@data-kt=\"massStateChangeRusSectionButton\"]"}
COMMAND: POST /session/e5d91353675ec9eb3e3a21469c7a5328/elements - {"using":"xpath","value":"//button[@data-kt=\"massStateChangeRusSectionButton\"]"}
RESULT: {"using":"xpath","value":"//button[@data-kt=\"massStateChangeRusSectionButton\"]"}
COMMAND: POST /session/e5d91353675ec9eb3e3a21469c7a5328/elements - {"using":"xpath","value":"//button[@data-kt=\"massStateChangeRusSectionButton\"]"}
RESULT: {"using":"xpath","value":"//button[@data-kt=\"massStateChangeRusSectionButton\"]"}
COMMAND: POST /session/e5d91353675ec9eb3e3a21469c7a5328/elements - {"using":"xpath","value":"//button[@data-kt=\"massStateChangeRusSectionButton\"]"}
RESULT: {"using":"xpath","value":"//button[@data-kt=\"massStateChangeRusSectionButton\"]"}
COMMAND: POST /session/e5d91353675ec9eb3e3a21469c7a5328/elements - {"using":"xpath","value":"//button[@data-kt=\"massStateChangeRusSectionButton\"]"}
RESULT: {"using":"xpath","value":"//button[@data-kt=\"massStateChangeRusSectionButton\"]"}
COMMAND: POST /session/e5d91353675ec9eb3e3a21469c7a5328/elements - {"using":"xpath","value":"//button[@data-kt=\"massStateChangeRusSectionButton\"]"}
RESULT: {"using":"xpath","value":"//button[@data-kt=\"massStateChangeRusSectionButton\"]"}
COMMAND: POST /session/e5d91353675ec9eb3e3a21469c7a5328/elements - {"using":"xpath","value":"//button[@data-kt=\"massStateChangeRusSectionButton\"]"}
RESULT: {"using":"xpath","value":"//button[@data-kt=\"massStateChangeRusSectionButton\"]"}
COMMAND: POST /session/e5d91353675ec9eb3e3a21469c7a5328/elements - {"using":"xpath","value":"//button[@data-kt=\"massStateChangeRusSectionButton\"]"}
RESULT: {"using":"xpath","value":"//button[@data-kt=\"massStateChangeRusSectionButton\"]"}
COMMAND: POST /session/e5d91353675ec9eb3e3a21469c7a5328/elements - {"using":"xpath","value":"//button[@data-kt=\"massStateChangeRusSectionButton\"]"}
RESULT: {"using":"xpath","value":"//button[@data-kt=\"massStateChangeRusSectionButton\"]"}
COMMAND: POST /session/e5d91353675ec9eb3e3a21469c7a5328/elements - {"using":"xpath","value":"//button[@data-kt=\"massStateChangeRusSectionButton\"]"}
RESULT: {"using":"xpath","value":"//button[@data-kt=\"massStateChangeRusSectionButton\"]"}
COMMAND: POST /session/e5d91353675ec9eb3e3a21469c7a5328/elements - {"using":"xpath","value":"//button[@data-kt=\"massStateChangeRusSectionButton\"]"}
RESULT: {"using":"xpath","value":"//button[@data-kt=\"massStateChangeRusSectionButton\"]"}
COMMAND: POST /session/e5d91353675ec9eb3e3a21469c7a5328/elements - {"using":"xpath","value":"//button[@data-kt=\"massStateChangeRusSectionButton\"]"}
RESULT: {"using":"xpath","value":"//button[@data-kt=\"massStateChangeRusSectionButton\"]"}
COMMAND: POST /session/e5d91353675ec9eb3e3a21469c7a5328/elements - {"using":"xpath","value":"//button[@data-kt=\"massStateChangeRusSectionButton\"]"}
RESULT: {"using":"xpath","value":"//button[@data-kt=\"massStateChangeRusSectionButton\"]"}
COMMAND: POST /session/e5d91353675ec9eb3e3a21469c7a5328/elements - {"using":"xpath","value":"//button[@data-kt=\"massStateChangeRusSectionButton\"]"}
RESULT: {"using":"xpath","value":"//button[@data-kt=\"massStateChangeRusSectionButton\"]"}
COMMAND: POST /session/e5d91353675ec9eb3e3a21469c7a5328/elements - {"using":"xpath","value":"//button[@data-kt=\"massStateChangeRusSectionButton\"]"}
RESULT: {"using":"xpath","value":"//button[@data-kt=\"massStateChangeRusSectionButton\"]"}
COMMAND: POST /session/e5d91353675ec9eb3e3a21469c7a5328/elements - {"using":"xpath","value":"//button[@data-kt=\"massStateChangeRusSectionButton\"]"}
RESULT: {"using":"xpath","value":"//button[@data-kt=\"massStateChangeRusSectionButton\"]"}
COMMAND: POST /session/e5d91353675ec9eb3e3a21469c7a5328/elements - {"using":"xpath","value":"//button[@data-kt=\"massStateChangeRusSectionButton\"]"}
RESULT: {"using":"xpath","value":"//button[@data-kt=\"massStateChangeRusSectionButton\"]"}
COMMAND: POST /session/e5d91353675ec9eb3e3a21469c7a5328/elements - {"using":"xpath","value":"//button[@data-kt=\"massStateChangeRusSectionButton\"]"}
RESULT: {"using":"xpath","value":"//button[@data-kt=\"massStateChangeRusSectionButton\"]"}
COMMAND: POST /session/e5d91353675ec9eb3e3a21469c7a5328/elements - {"using":"xpath","value":"//button[@data-kt=\"massStateChangeRusSectionButton\"]"}
RESULT: {"using":"xpath","value":"//button[@data-kt=\"massStateChangeRusSectionButton\"]"}
COMMAND: POST /session/e5d91353675ec9eb3e3a21469c7a5328/elements - {"using":"xpath","value":"//button[@data-kt=\"massStateChangeRusSectionButton\"]"}
RESULT: {"using":"xpath","value":"//button[@data-kt=\"massStateChangeRusSectionButton\"]"}
COMMAND: POST /session/e5d91353675ec9eb3e3a21469c7a5328/elements - {"using":"xpath","value":"//button[@data-kt=\"massStateChangeRusSectionButton\"]"}
RESULT: {"using":"xpath","value":"//button[@data-kt=\"massStateChangeRusSectionButton\"]"}
COMMAND: POST /session/e5d91353675ec9eb3e3a21469c7a5328/elements - {"using":"xpath","value":"//button[@data-kt=\"massStateChangeRusSectionButton\"]"}
RESULT: {"using":"xpath","value":"//button[@data-kt=\"massStateChangeRusSectionButton\"]"}
COMMAND: POST /session/e5d91353675ec9eb3e3a21469c7a5328/elements - {"using":"xpath","value":"//button[@data-kt=\"massStateChangeRusSectionButton\"]"}
RESULT: {"using":"xpath","value":"//button[@data-kt=\"massStateChangeRusSectionButton\"]"}
COMMAND: POST /session/e5d91353675ec9eb3e3a21469c7a5328/elements - {"using":"xpath","value":"//button[@data-kt=\"massStateChangeRusSectionButton\"]"}
RESULT: {"using":"xpath","value":"//button[@data-kt=\"massStateChangeRusSectionButton\"]"}
COMMAND: POST /session/e5d91353675ec9eb3e3a21469c7a5328/elements - {"using":"xpath","value":"//button[@data-kt=\"massStateChangeRusSectionButton\"]"}
RESULT: {"using":"xpath","value":"//button[@data-kt=\"massStateChangeRusSectionButton\"]"}
COMMAND: POST /session/e5d91353675ec9eb3e3a21469c7a5328/elements - {"using":"xpath","value":"//button[@data-kt=\"massStateChangeRusSectionButton\"]"}
RESULT: {"using":"xpath","value":"//button[@data-kt=\"massStateChangeRusSectionButton\"]"}
COMMAND: POST /session/e5d91353675ec9eb3e3a21469c7a5328/elements - {"using":"xpath","value":"//button[@data-kt=\"massStateChangeRusSectionButton\"]"}
RESULT: {"using":"xpath","value":"//button[@data-kt=\"massStateChangeRusSectionButton\"]"}
COMMAND: POST /session/e5d91353675ec9eb3e3a21469c7a5328/elements - {"using":"xpath","value":"//button[@data-kt=\"massStateChangeRusSectionButton\"]"}
RESULT: {"using":"xpath","value":"//button[@data-kt=\"massStateChangeRusSectionButton\"]"}
COMMAND: POST /session/e5d91353675ec9eb3e3a21469c7a5328/elements - {"using":"xpath","value":"//button[@data-kt=\"massStateChangeRusSectionButton\"]"}
RESULT: {"using":"xpath","value":"//button[@data-kt=\"massStateChangeRusSectionButton\"]"}
COMMAND: POST /session/e5d91353675ec9eb3e3a21469c7a5328/elements - {"using":"xpath","value":"//button[@data-kt=\"massStateChangeRusSectionButton\"]"}
RESULT: {"using":"xpath","value":"//button[@data-kt=\"massStateChangeRusSectionButton\"]"}
COMMAND: POST /session/e5d91353675ec9eb3e3a21469c7a5328/elements - {"using":"xpath","value":"//button[@data-kt=\"massStateChangeRusSectionButton\"]"}
RESULT: {"using":"xpath","value":"//button[@data-kt=\"massStateChangeRusSectionButton\"]"}
COMMAND: POST /session/e5d91353675ec9eb3e3a21469c7a5328/elements - {"using":"xpath","value":"//button[@data-kt=\"massStateChangeRusSectionButton\"]"}
RESULT: {"using":"xpath","value":"//button[@data-kt=\"massStateChangeRusSectionButton\"]"}
COMMAND: POST /session/e5d91353675ec9eb3e3a21469c7a5328/elements - {"using":"xpath","value":"//button[@data-kt=\"massStateChangeRusSectionButton\"]"}
RESULT: {"using":"xpath","value":"//button[@data-kt=\"massStateChangeRusSectionButton\"]"}
COMMAND: POST /session/e5d91353675ec9eb3e3a21469c7a5328/elements - {"using":"xpath","value":"//button[@data-kt=\"massStateChangeRusSectionButton\"]"}
RESULT: {"using":"xpath","value":"//button[@data-kt=\"massStateChangeRusSectionButton\"]"}
COMMAND: POST /session/e5d91353675ec9eb3e3a21469c7a5328/elements - {"using":"xpath","value":"//button[@data-kt=\"massStateChangeRusSectionButton\"]"}
RESULT: {"using":"xpath","value":"//button[@data-kt=\"massStateChangeRusSectionButton\"]"}
COMMAND: POST /session/e5d91353675ec9eb3e3a21469c7a5328/elements - {"using":"xpath","value":"//button[@data-kt=\"massStateChangeRusSectionButton\"]"}
RESULT: {"using":"xpath","value":"//button[@data-kt=\"massStateChangeRusSectionButton\"]"}
COMMAND: POST /session/e5d91353675ec9eb3e3a21469c7a5328/elements - {"using":"xpath","value":"//button[@data-kt=\"massStateChangeRusSectionButton\"]"}
RESULT: {"using":"xpath","value":"//button[@data-kt=\"massStateChangeRusSectionButton\"]"}
COMMAND: POST /session/e5d91353675ec9eb3e3a21469c7a5328/elements - {"using":"xpath","value":"//button[@data-kt=\"massStateChangeRusSectionButton\"]"}
RESULT: {"using":"xpath","value":"//button[@data-kt=\"massStateChangeRusSectionButton\"]"}
COMMAND: POST /session/e5d91353675ec9eb3e3a21469c7a5328/elements - {"using":"xpath","value":"//button[@data-kt=\"massStateChangeRusSectionButton\"]"}
RESULT: {"using":"xpath","value":"//button[@data-kt=\"massStateChangeRusSectionButton\"]"}
COMMAND: POST /session/e5d91353675ec9eb3e3a21469c7a5328/elements - {"using":"xpath","value":"//button[@data-kt=\"massStateChangeRusSectionButton\"]"}
RESULT: {"using":"xpath","value":"//button[@data-kt=\"massStateChangeRusSectionButton\"]"}
COMMAND: POST /session/e5d91353675ec9eb3e3a21469c7a5328/elements - {"using":"xpath","value":"//button[@data-kt=\"massStateChangeRusSectionButton\"]"}
RESULT: {"using":"xpath","value":"//button[@data-kt=\"massStateChangeRusSectionButton\"]"}
COMMAND: POST /session/e5d91353675ec9eb3e3a21469c7a5328/elements - {"using":"xpath","value":"//button[@data-kt=\"massStateChangeRusSectionButton\"]"}
RESULT: {"using":"xpath","value":"//button[@data-kt=\"massStateChangeRusSectionButton\"]"}
COMMAND: POST /session/e5d91353675ec9eb3e3a21469c7a5328/elements - {"using":"xpath","value":"//button[@data-kt=\"massStateChangeRusSectionButton\"]"}
RESULT: {"using":"xpath","value":"//button[@data-kt=\"massStateChangeRusSectionButton\"]"}
COMMAND: POST /session/e5d91353675ec9eb3e3a21469c7a5328/elements - {"using":"xpath","value":"//button[@data-kt=\"massStateChangeRusSectionButton\"]"}
RESULT: {"using":"xpath","value":"//button[@data-kt=\"massStateChangeRusSectionButton\"]"}
COMMAND: POST /session/e5d91353675ec9eb3e3a21469c7a5328/elements - {"using":"xpath","value":"//button[@data-kt=\"massStateChangeRusSectionButton\"]"}
RESULT: {"using":"xpath","value":"//button[@data-kt=\"massStateChangeRusSectionButton\"]"}
COMMAND: POST /session/e5d91353675ec9eb3e3a21469c7a5328/elements - {"using":"xpath","value":"//button[@data-kt=\"massStateChangeRusSectionButton\"]"}
RESULT: {"using":"xpath","value":"//button[@data-kt=\"massStateChangeRusSectionButton\"]"}
COMMAND: POST /session/e5d91353675ec9eb3e3a21469c7a5328/elements - {"using":"xpath","value":"//button[@data-kt=\"massStateChangeRusSectionButton\"]"}
RESULT: {"using":"xpath","value":"//button[@data-kt=\"massStateChangeRusSectionButton\"]"}
COMMAND: POST /session/e5d91353675ec9eb3e3a21469c7a5328/elements - {"using":"xpath","value":"//button[@data-kt=\"massStateChangeRusSectionButton\"]"}
RESULT: {"using":"xpath","value":"//button[@data-kt=\"massStateChangeRusSectionButton\"]"}
COMMAND: POST /session/e5d91353675ec9eb3e3a21469c7a5328/elements - {"using":"xpath","value":"//button[@data-kt=\"massStateChangeRusSectionButton\"]"}
RESULT: {"using":"xpath","value":"//button[@data-kt=\"massStateChangeRusSectionButton\"]"}
COMMAND: POST /session/e5d91353675ec9eb3e3a21469c7a5328/elements - {"using":"xpath","value":"//button[@data-kt=\"massStateChangeRusSectionButton\"]"}
RESULT: {"using":"xpath","value":"//button[@data-kt=\"massStateChangeRusSectionButton\"]"}
COMMAND: POST /session/e5d91353675ec9eb3e3a21469c7a5328/elements - {"using":"xpath","value":"//button[@data-kt=\"massStateChangeRusSectionButton\"]"}
RESULT: {"using":"xpath","value":"//button[@data-kt=\"massStateChangeRusSectionButton\"]"}
COMMAND: POST /session/e5d91353675ec9eb3e3a21469c7a5328/elements - {"using":"xpath","value":"//button[@data-kt=\"massStateChangeRusSectionButton\"]"}
RESULT: {"using":"xpath","value":"//button[@data-kt=\"massStateChangeRusSectionButton\"]"}
COMMAND: POST /session/e5d91353675ec9eb3e3a21469c7a5328/elements - {"using":"xpath","value":"//button[@data-kt=\"massStateChangeRusSectionButton\"]"}
RESULT: {"using":"xpath","value":"//button[@data-kt=\"massStateChangeRusSectionButton\"]"}
COMMAND: POST /session/e5d91353675ec9eb3e3a21469c7a5328/elements - {"using":"xpath","value":"//button[@data-kt=\"massStateChangeRusSectionButton\"]"}
RESULT: {"using":"xpath","value":"//button[@data-kt=\"massStateChangeRusSectionButton\"]"}
COMMAND: POST /session/e5d91353675ec9eb3e3a21469c7a5328/elements - {"using":"xpath","value":"//button[@data-kt=\"massStateChangeRusSectionButton\"]"}
RESULT: {"using":"xpath","value":"//button[@data-kt=\"massStateChangeRusSectionButton\"]"}
COMMAND: POST /session/e5d91353675ec9eb3e3a21469c7a5328/elements - {"using":"xpath","value":"//button[@data-kt=\"massStateChangeRusSectionButton\"]"}
COMMAND: GET /session/e5d91353675ec9eb3e3a21469c7a5328/screenshot - {}
RESULT: {"using":"xpath","value":"//button[@data-kt=\"massStateChangeRusSectionButton\"]"}
RESULT: {}
]]></system-out>
      <system-err><![CDATA[
Error: element ("//button[@data-kt="massStateChangeRusSectionButton"]") still not existing after 45000ms
    at async Context.<anonymous> (D:\a\1\s\test\specs\HTR\manage-states-perf.spec.js:70:9)
]]></system-err>
    </testcase>
    <testcase classname="chrome.136_0_7103_93.windows.Manage_States_&amp;_Performance_Tests_US151247_US151423_US151467" name="Prereq Step 2 Create new equipment and add counter to it stock increase it" time="56.172">
      <failure/>
      <error message="element (&quot;//button[@data-kt=&quot;addNewRUOverflowToolbarButton&quot;]&quot;) still not existing after 45000ms"/>
      <system-out><![CDATA[
COMMAND: GET /session/e5d91353675ec9eb3e3a21469c7a5328/screenshot - {}
RESULT: undefined
COMMAND: POST /session/e5d91353675ec9eb3e3a21469c7a5328/element - {"using":"xpath","value":"//*[@id=\"__tile31\"]"}
RESULT: {}
RESULT: {"using":"xpath","value":"//*[@id=\"__tile31\"]"}
COMMAND: POST /session/e5d91353675ec9eb3e3a21469c7a5328/element/f.C1E909D8719DE039BC4E21351344D585.d.E5ABD261D092D950326A9B17FB6CDCBA.e.6282/click - {}
COMMAND: POST /session/e5d91353675ec9eb3e3a21469c7a5328/elements - {"using":"xpath","value":"//span[text()='Error']"}
RESULT: {"using":"xpath","value":"//span[text()='Error']"}
COMMAND: POST /session/e5d91353675ec9eb3e3a21469c7a5328/element - {"using":"xpath","value":"//button[@data-kt=\"addNewRUOverflowToolbarButton\"]"}
RESULT: {"using":"xpath","value":"//button[@data-kt=\"addNewRUOverflowToolbarButton\"]"}
COMMAND: POST /session/e5d91353675ec9eb3e3a21469c7a5328/elements - {"using":"xpath","value":"//button[@data-kt=\"addNewRUOverflowToolbarButton\"]"}
RESULT: {"using":"xpath","value":"//button[@data-kt=\"addNewRUOverflowToolbarButton\"]"}
COMMAND: POST /session/e5d91353675ec9eb3e3a21469c7a5328/elements - {"using":"xpath","value":"//button[@data-kt=\"addNewRUOverflowToolbarButton\"]"}
RESULT: {"using":"xpath","value":"//button[@data-kt=\"addNewRUOverflowToolbarButton\"]"}
COMMAND: POST /session/e5d91353675ec9eb3e3a21469c7a5328/elements - {"using":"xpath","value":"//button[@data-kt=\"addNewRUOverflowToolbarButton\"]"}
RESULT: {"using":"xpath","value":"//button[@data-kt=\"addNewRUOverflowToolbarButton\"]"}
COMMAND: POST /session/e5d91353675ec9eb3e3a21469c7a5328/elements - {"using":"xpath","value":"//button[@data-kt=\"addNewRUOverflowToolbarButton\"]"}
RESULT: {"using":"xpath","value":"//button[@data-kt=\"addNewRUOverflowToolbarButton\"]"}
COMMAND: POST /session/e5d91353675ec9eb3e3a21469c7a5328/elements - {"using":"xpath","value":"//button[@data-kt=\"addNewRUOverflowToolbarButton\"]"}
RESULT: {"using":"xpath","value":"//button[@data-kt=\"addNewRUOverflowToolbarButton\"]"}
COMMAND: POST /session/e5d91353675ec9eb3e3a21469c7a5328/elements - {"using":"xpath","value":"//button[@data-kt=\"addNewRUOverflowToolbarButton\"]"}
RESULT: {"using":"xpath","value":"//button[@data-kt=\"addNewRUOverflowToolbarButton\"]"}
COMMAND: POST /session/e5d91353675ec9eb3e3a21469c7a5328/elements - {"using":"xpath","value":"//button[@data-kt=\"addNewRUOverflowToolbarButton\"]"}
RESULT: {"using":"xpath","value":"//button[@data-kt=\"addNewRUOverflowToolbarButton\"]"}
COMMAND: POST /session/e5d91353675ec9eb3e3a21469c7a5328/elements - {"using":"xpath","value":"//button[@data-kt=\"addNewRUOverflowToolbarButton\"]"}
RESULT: {"using":"xpath","value":"//button[@data-kt=\"addNewRUOverflowToolbarButton\"]"}
COMMAND: POST /session/e5d91353675ec9eb3e3a21469c7a5328/elements - {"using":"xpath","value":"//button[@data-kt=\"addNewRUOverflowToolbarButton\"]"}
RESULT: {"using":"xpath","value":"//button[@data-kt=\"addNewRUOverflowToolbarButton\"]"}
COMMAND: POST /session/e5d91353675ec9eb3e3a21469c7a5328/elements - {"using":"xpath","value":"//button[@data-kt=\"addNewRUOverflowToolbarButton\"]"}
RESULT: {"using":"xpath","value":"//button[@data-kt=\"addNewRUOverflowToolbarButton\"]"}
COMMAND: POST /session/e5d91353675ec9eb3e3a21469c7a5328/elements - {"using":"xpath","value":"//button[@data-kt=\"addNewRUOverflowToolbarButton\"]"}
RESULT: {"using":"xpath","value":"//button[@data-kt=\"addNewRUOverflowToolbarButton\"]"}
COMMAND: POST /session/e5d91353675ec9eb3e3a21469c7a5328/elements - {"using":"xpath","value":"//button[@data-kt=\"addNewRUOverflowToolbarButton\"]"}
RESULT: {"using":"xpath","value":"//button[@data-kt=\"addNewRUOverflowToolbarButton\"]"}
COMMAND: POST /session/e5d91353675ec9eb3e3a21469c7a5328/elements - {"using":"xpath","value":"//button[@data-kt=\"addNewRUOverflowToolbarButton\"]"}
RESULT: {"using":"xpath","value":"//button[@data-kt=\"addNewRUOverflowToolbarButton\"]"}
COMMAND: POST /session/e5d91353675ec9eb3e3a21469c7a5328/elements - {"using":"xpath","value":"//button[@data-kt=\"addNewRUOverflowToolbarButton\"]"}
RESULT: {"using":"xpath","value":"//button[@data-kt=\"addNewRUOverflowToolbarButton\"]"}
COMMAND: POST /session/e5d91353675ec9eb3e3a21469c7a5328/elements - {"using":"xpath","value":"//button[@data-kt=\"addNewRUOverflowToolbarButton\"]"}
RESULT: {"using":"xpath","value":"//button[@data-kt=\"addNewRUOverflowToolbarButton\"]"}
COMMAND: POST /session/e5d91353675ec9eb3e3a21469c7a5328/elements - {"using":"xpath","value":"//button[@data-kt=\"addNewRUOverflowToolbarButton\"]"}
RESULT: {"using":"xpath","value":"//button[@data-kt=\"addNewRUOverflowToolbarButton\"]"}
COMMAND: POST /session/e5d91353675ec9eb3e3a21469c7a5328/elements - {"using":"xpath","value":"//button[@data-kt=\"addNewRUOverflowToolbarButton\"]"}
RESULT: {"using":"xpath","value":"//button[@data-kt=\"addNewRUOverflowToolbarButton\"]"}
COMMAND: POST /session/e5d91353675ec9eb3e3a21469c7a5328/elements - {"using":"xpath","value":"//button[@data-kt=\"addNewRUOverflowToolbarButton\"]"}
RESULT: {"using":"xpath","value":"//button[@data-kt=\"addNewRUOverflowToolbarButton\"]"}
COMMAND: POST /session/e5d91353675ec9eb3e3a21469c7a5328/elements - {"using":"xpath","value":"//button[@data-kt=\"addNewRUOverflowToolbarButton\"]"}
RESULT: {"using":"xpath","value":"//button[@data-kt=\"addNewRUOverflowToolbarButton\"]"}
COMMAND: POST /session/e5d91353675ec9eb3e3a21469c7a5328/elements - {"using":"xpath","value":"//button[@data-kt=\"addNewRUOverflowToolbarButton\"]"}
RESULT: {"using":"xpath","value":"//button[@data-kt=\"addNewRUOverflowToolbarButton\"]"}
COMMAND: POST /session/e5d91353675ec9eb3e3a21469c7a5328/elements - {"using":"xpath","value":"//button[@data-kt=\"addNewRUOverflowToolbarButton\"]"}
RESULT: {"using":"xpath","value":"//button[@data-kt=\"addNewRUOverflowToolbarButton\"]"}
COMMAND: POST /session/e5d91353675ec9eb3e3a21469c7a5328/elements - {"using":"xpath","value":"//button[@data-kt=\"addNewRUOverflowToolbarButton\"]"}
RESULT: {"using":"xpath","value":"//button[@data-kt=\"addNewRUOverflowToolbarButton\"]"}
COMMAND: POST /session/e5d91353675ec9eb3e3a21469c7a5328/elements - {"using":"xpath","value":"//button[@data-kt=\"addNewRUOverflowToolbarButton\"]"}
RESULT: {"using":"xpath","value":"//button[@data-kt=\"addNewRUOverflowToolbarButton\"]"}
COMMAND: POST /session/e5d91353675ec9eb3e3a21469c7a5328/elements - {"using":"xpath","value":"//button[@data-kt=\"addNewRUOverflowToolbarButton\"]"}
RESULT: {"using":"xpath","value":"//button[@data-kt=\"addNewRUOverflowToolbarButton\"]"}
COMMAND: POST /session/e5d91353675ec9eb3e3a21469c7a5328/elements - {"using":"xpath","value":"//button[@data-kt=\"addNewRUOverflowToolbarButton\"]"}
RESULT: {"using":"xpath","value":"//button[@data-kt=\"addNewRUOverflowToolbarButton\"]"}
COMMAND: POST /session/e5d91353675ec9eb3e3a21469c7a5328/elements - {"using":"xpath","value":"//button[@data-kt=\"addNewRUOverflowToolbarButton\"]"}
RESULT: {"using":"xpath","value":"//button[@data-kt=\"addNewRUOverflowToolbarButton\"]"}
COMMAND: POST /session/e5d91353675ec9eb3e3a21469c7a5328/elements - {"using":"xpath","value":"//button[@data-kt=\"addNewRUOverflowToolbarButton\"]"}
RESULT: {"using":"xpath","value":"//button[@data-kt=\"addNewRUOverflowToolbarButton\"]"}
COMMAND: POST /session/e5d91353675ec9eb3e3a21469c7a5328/elements - {"using":"xpath","value":"//button[@data-kt=\"addNewRUOverflowToolbarButton\"]"}
RESULT: {"using":"xpath","value":"//button[@data-kt=\"addNewRUOverflowToolbarButton\"]"}
COMMAND: POST /session/e5d91353675ec9eb3e3a21469c7a5328/elements - {"using":"xpath","value":"//button[@data-kt=\"addNewRUOverflowToolbarButton\"]"}
RESULT: {"using":"xpath","value":"//button[@data-kt=\"addNewRUOverflowToolbarButton\"]"}
COMMAND: POST /session/e5d91353675ec9eb3e3a21469c7a5328/elements - {"using":"xpath","value":"//button[@data-kt=\"addNewRUOverflowToolbarButton\"]"}
RESULT: {"using":"xpath","value":"//button[@data-kt=\"addNewRUOverflowToolbarButton\"]"}
COMMAND: POST /session/e5d91353675ec9eb3e3a21469c7a5328/elements - {"using":"xpath","value":"//button[@data-kt=\"addNewRUOverflowToolbarButton\"]"}
RESULT: {"using":"xpath","value":"//button[@data-kt=\"addNewRUOverflowToolbarButton\"]"}
COMMAND: POST /session/e5d91353675ec9eb3e3a21469c7a5328/elements - {"using":"xpath","value":"//button[@data-kt=\"addNewRUOverflowToolbarButton\"]"}
RESULT: {"using":"xpath","value":"//button[@data-kt=\"addNewRUOverflowToolbarButton\"]"}
COMMAND: POST /session/e5d91353675ec9eb3e3a21469c7a5328/elements - {"using":"xpath","value":"//button[@data-kt=\"addNewRUOverflowToolbarButton\"]"}
RESULT: {"using":"xpath","value":"//button[@data-kt=\"addNewRUOverflowToolbarButton\"]"}
COMMAND: POST /session/e5d91353675ec9eb3e3a21469c7a5328/elements - {"using":"xpath","value":"//button[@data-kt=\"addNewRUOverflowToolbarButton\"]"}
RESULT: {"using":"xpath","value":"//button[@data-kt=\"addNewRUOverflowToolbarButton\"]"}
COMMAND: POST /session/e5d91353675ec9eb3e3a21469c7a5328/elements - {"using":"xpath","value":"//button[@data-kt=\"addNewRUOverflowToolbarButton\"]"}
RESULT: {"using":"xpath","value":"//button[@data-kt=\"addNewRUOverflowToolbarButton\"]"}
COMMAND: POST /session/e5d91353675ec9eb3e3a21469c7a5328/elements - {"using":"xpath","value":"//button[@data-kt=\"addNewRUOverflowToolbarButton\"]"}
RESULT: {"using":"xpath","value":"//button[@data-kt=\"addNewRUOverflowToolbarButton\"]"}
COMMAND: POST /session/e5d91353675ec9eb3e3a21469c7a5328/elements - {"using":"xpath","value":"//button[@data-kt=\"addNewRUOverflowToolbarButton\"]"}
RESULT: {"using":"xpath","value":"//button[@data-kt=\"addNewRUOverflowToolbarButton\"]"}
COMMAND: POST /session/e5d91353675ec9eb3e3a21469c7a5328/elements - {"using":"xpath","value":"//button[@data-kt=\"addNewRUOverflowToolbarButton\"]"}
RESULT: {"using":"xpath","value":"//button[@data-kt=\"addNewRUOverflowToolbarButton\"]"}
COMMAND: POST /session/e5d91353675ec9eb3e3a21469c7a5328/elements - {"using":"xpath","value":"//button[@data-kt=\"addNewRUOverflowToolbarButton\"]"}
RESULT: {"using":"xpath","value":"//button[@data-kt=\"addNewRUOverflowToolbarButton\"]"}
COMMAND: POST /session/e5d91353675ec9eb3e3a21469c7a5328/elements - {"using":"xpath","value":"//button[@data-kt=\"addNewRUOverflowToolbarButton\"]"}
RESULT: {"using":"xpath","value":"//button[@data-kt=\"addNewRUOverflowToolbarButton\"]"}
COMMAND: POST /session/e5d91353675ec9eb3e3a21469c7a5328/elements - {"using":"xpath","value":"//button[@data-kt=\"addNewRUOverflowToolbarButton\"]"}
RESULT: {"using":"xpath","value":"//button[@data-kt=\"addNewRUOverflowToolbarButton\"]"}
COMMAND: POST /session/e5d91353675ec9eb3e3a21469c7a5328/elements - {"using":"xpath","value":"//button[@data-kt=\"addNewRUOverflowToolbarButton\"]"}
RESULT: {"using":"xpath","value":"//button[@data-kt=\"addNewRUOverflowToolbarButton\"]"}
COMMAND: POST /session/e5d91353675ec9eb3e3a21469c7a5328/elements - {"using":"xpath","value":"//button[@data-kt=\"addNewRUOverflowToolbarButton\"]"}
RESULT: {"using":"xpath","value":"//button[@data-kt=\"addNewRUOverflowToolbarButton\"]"}
COMMAND: POST /session/e5d91353675ec9eb3e3a21469c7a5328/elements - {"using":"xpath","value":"//button[@data-kt=\"addNewRUOverflowToolbarButton\"]"}
RESULT: {"using":"xpath","value":"//button[@data-kt=\"addNewRUOverflowToolbarButton\"]"}
COMMAND: POST /session/e5d91353675ec9eb3e3a21469c7a5328/elements - {"using":"xpath","value":"//button[@data-kt=\"addNewRUOverflowToolbarButton\"]"}
RESULT: {"using":"xpath","value":"//button[@data-kt=\"addNewRUOverflowToolbarButton\"]"}
COMMAND: POST /session/e5d91353675ec9eb3e3a21469c7a5328/elements - {"using":"xpath","value":"//button[@data-kt=\"addNewRUOverflowToolbarButton\"]"}
RESULT: {"using":"xpath","value":"//button[@data-kt=\"addNewRUOverflowToolbarButton\"]"}
COMMAND: POST /session/e5d91353675ec9eb3e3a21469c7a5328/elements - {"using":"xpath","value":"//button[@data-kt=\"addNewRUOverflowToolbarButton\"]"}
RESULT: {"using":"xpath","value":"//button[@data-kt=\"addNewRUOverflowToolbarButton\"]"}
COMMAND: POST /session/e5d91353675ec9eb3e3a21469c7a5328/elements - {"using":"xpath","value":"//button[@data-kt=\"addNewRUOverflowToolbarButton\"]"}
RESULT: {"using":"xpath","value":"//button[@data-kt=\"addNewRUOverflowToolbarButton\"]"}
COMMAND: POST /session/e5d91353675ec9eb3e3a21469c7a5328/elements - {"using":"xpath","value":"//button[@data-kt=\"addNewRUOverflowToolbarButton\"]"}
RESULT: {"using":"xpath","value":"//button[@data-kt=\"addNewRUOverflowToolbarButton\"]"}
COMMAND: POST /session/e5d91353675ec9eb3e3a21469c7a5328/elements - {"using":"xpath","value":"//button[@data-kt=\"addNewRUOverflowToolbarButton\"]"}
RESULT: {"using":"xpath","value":"//button[@data-kt=\"addNewRUOverflowToolbarButton\"]"}
COMMAND: POST /session/e5d91353675ec9eb3e3a21469c7a5328/elements - {"using":"xpath","value":"//button[@data-kt=\"addNewRUOverflowToolbarButton\"]"}
RESULT: {"using":"xpath","value":"//button[@data-kt=\"addNewRUOverflowToolbarButton\"]"}
COMMAND: POST /session/e5d91353675ec9eb3e3a21469c7a5328/elements - {"using":"xpath","value":"//button[@data-kt=\"addNewRUOverflowToolbarButton\"]"}
RESULT: {"using":"xpath","value":"//button[@data-kt=\"addNewRUOverflowToolbarButton\"]"}
COMMAND: POST /session/e5d91353675ec9eb3e3a21469c7a5328/elements - {"using":"xpath","value":"//button[@data-kt=\"addNewRUOverflowToolbarButton\"]"}
RESULT: {"using":"xpath","value":"//button[@data-kt=\"addNewRUOverflowToolbarButton\"]"}
COMMAND: POST /session/e5d91353675ec9eb3e3a21469c7a5328/elements - {"using":"xpath","value":"//button[@data-kt=\"addNewRUOverflowToolbarButton\"]"}
RESULT: {"using":"xpath","value":"//button[@data-kt=\"addNewRUOverflowToolbarButton\"]"}
COMMAND: POST /session/e5d91353675ec9eb3e3a21469c7a5328/elements - {"using":"xpath","value":"//button[@data-kt=\"addNewRUOverflowToolbarButton\"]"}
RESULT: {"using":"xpath","value":"//button[@data-kt=\"addNewRUOverflowToolbarButton\"]"}
COMMAND: POST /session/e5d91353675ec9eb3e3a21469c7a5328/elements - {"using":"xpath","value":"//button[@data-kt=\"addNewRUOverflowToolbarButton\"]"}
RESULT: {"using":"xpath","value":"//button[@data-kt=\"addNewRUOverflowToolbarButton\"]"}
COMMAND: POST /session/e5d91353675ec9eb3e3a21469c7a5328/elements - {"using":"xpath","value":"//button[@data-kt=\"addNewRUOverflowToolbarButton\"]"}
RESULT: {"using":"xpath","value":"//button[@data-kt=\"addNewRUOverflowToolbarButton\"]"}
COMMAND: POST /session/e5d91353675ec9eb3e3a21469c7a5328/elements - {"using":"xpath","value":"//button[@data-kt=\"addNewRUOverflowToolbarButton\"]"}
RESULT: {"using":"xpath","value":"//button[@data-kt=\"addNewRUOverflowToolbarButton\"]"}
COMMAND: POST /session/e5d91353675ec9eb3e3a21469c7a5328/elements - {"using":"xpath","value":"//button[@data-kt=\"addNewRUOverflowToolbarButton\"]"}
RESULT: {"using":"xpath","value":"//button[@data-kt=\"addNewRUOverflowToolbarButton\"]"}
COMMAND: POST /session/e5d91353675ec9eb3e3a21469c7a5328/elements - {"using":"xpath","value":"//button[@data-kt=\"addNewRUOverflowToolbarButton\"]"}
RESULT: {"using":"xpath","value":"//button[@data-kt=\"addNewRUOverflowToolbarButton\"]"}
COMMAND: POST /session/e5d91353675ec9eb3e3a21469c7a5328/elements - {"using":"xpath","value":"//button[@data-kt=\"addNewRUOverflowToolbarButton\"]"}
RESULT: {"using":"xpath","value":"//button[@data-kt=\"addNewRUOverflowToolbarButton\"]"}
COMMAND: POST /session/e5d91353675ec9eb3e3a21469c7a5328/elements - {"using":"xpath","value":"//button[@data-kt=\"addNewRUOverflowToolbarButton\"]"}
RESULT: {"using":"xpath","value":"//button[@data-kt=\"addNewRUOverflowToolbarButton\"]"}
COMMAND: POST /session/e5d91353675ec9eb3e3a21469c7a5328/elements - {"using":"xpath","value":"//button[@data-kt=\"addNewRUOverflowToolbarButton\"]"}
RESULT: {"using":"xpath","value":"//button[@data-kt=\"addNewRUOverflowToolbarButton\"]"}
COMMAND: POST /session/e5d91353675ec9eb3e3a21469c7a5328/elements - {"using":"xpath","value":"//button[@data-kt=\"addNewRUOverflowToolbarButton\"]"}
RESULT: {"using":"xpath","value":"//button[@data-kt=\"addNewRUOverflowToolbarButton\"]"}
COMMAND: POST /session/e5d91353675ec9eb3e3a21469c7a5328/elements - {"using":"xpath","value":"//button[@data-kt=\"addNewRUOverflowToolbarButton\"]"}
RESULT: {"using":"xpath","value":"//button[@data-kt=\"addNewRUOverflowToolbarButton\"]"}
COMMAND: POST /session/e5d91353675ec9eb3e3a21469c7a5328/elements - {"using":"xpath","value":"//button[@data-kt=\"addNewRUOverflowToolbarButton\"]"}
RESULT: {"using":"xpath","value":"//button[@data-kt=\"addNewRUOverflowToolbarButton\"]"}
COMMAND: POST /session/e5d91353675ec9eb3e3a21469c7a5328/elements - {"using":"xpath","value":"//button[@data-kt=\"addNewRUOverflowToolbarButton\"]"}
RESULT: {"using":"xpath","value":"//button[@data-kt=\"addNewRUOverflowToolbarButton\"]"}
COMMAND: POST /session/e5d91353675ec9eb3e3a21469c7a5328/elements - {"using":"xpath","value":"//button[@data-kt=\"addNewRUOverflowToolbarButton\"]"}
RESULT: {"using":"xpath","value":"//button[@data-kt=\"addNewRUOverflowToolbarButton\"]"}
COMMAND: POST /session/e5d91353675ec9eb3e3a21469c7a5328/elements - {"using":"xpath","value":"//button[@data-kt=\"addNewRUOverflowToolbarButton\"]"}
RESULT: {"using":"xpath","value":"//button[@data-kt=\"addNewRUOverflowToolbarButton\"]"}
COMMAND: POST /session/e5d91353675ec9eb3e3a21469c7a5328/elements - {"using":"xpath","value":"//button[@data-kt=\"addNewRUOverflowToolbarButton\"]"}
RESULT: {"using":"xpath","value":"//button[@data-kt=\"addNewRUOverflowToolbarButton\"]"}
COMMAND: POST /session/e5d91353675ec9eb3e3a21469c7a5328/elements - {"using":"xpath","value":"//button[@data-kt=\"addNewRUOverflowToolbarButton\"]"}
RESULT: {"using":"xpath","value":"//button[@data-kt=\"addNewRUOverflowToolbarButton\"]"}
COMMAND: POST /session/e5d91353675ec9eb3e3a21469c7a5328/elements - {"using":"xpath","value":"//button[@data-kt=\"addNewRUOverflowToolbarButton\"]"}
RESULT: {"using":"xpath","value":"//button[@data-kt=\"addNewRUOverflowToolbarButton\"]"}
COMMAND: POST /session/e5d91353675ec9eb3e3a21469c7a5328/elements - {"using":"xpath","value":"//button[@data-kt=\"addNewRUOverflowToolbarButton\"]"}
RESULT: {"using":"xpath","value":"//button[@data-kt=\"addNewRUOverflowToolbarButton\"]"}
COMMAND: POST /session/e5d91353675ec9eb3e3a21469c7a5328/elements - {"using":"xpath","value":"//button[@data-kt=\"addNewRUOverflowToolbarButton\"]"}
RESULT: {"using":"xpath","value":"//button[@data-kt=\"addNewRUOverflowToolbarButton\"]"}
COMMAND: POST /session/e5d91353675ec9eb3e3a21469c7a5328/elements - {"using":"xpath","value":"//button[@data-kt=\"addNewRUOverflowToolbarButton\"]"}
RESULT: {"using":"xpath","value":"//button[@data-kt=\"addNewRUOverflowToolbarButton\"]"}
COMMAND: POST /session/e5d91353675ec9eb3e3a21469c7a5328/elements - {"using":"xpath","value":"//button[@data-kt=\"addNewRUOverflowToolbarButton\"]"}
RESULT: {"using":"xpath","value":"//button[@data-kt=\"addNewRUOverflowToolbarButton\"]"}
COMMAND: POST /session/e5d91353675ec9eb3e3a21469c7a5328/elements - {"using":"xpath","value":"//button[@data-kt=\"addNewRUOverflowToolbarButton\"]"}
RESULT: {"using":"xpath","value":"//button[@data-kt=\"addNewRUOverflowToolbarButton\"]"}
COMMAND: POST /session/e5d91353675ec9eb3e3a21469c7a5328/elements - {"using":"xpath","value":"//button[@data-kt=\"addNewRUOverflowToolbarButton\"]"}
RESULT: {"using":"xpath","value":"//button[@data-kt=\"addNewRUOverflowToolbarButton\"]"}
COMMAND: POST /session/e5d91353675ec9eb3e3a21469c7a5328/elements - {"using":"xpath","value":"//button[@data-kt=\"addNewRUOverflowToolbarButton\"]"}
RESULT: {"using":"xpath","value":"//button[@data-kt=\"addNewRUOverflowToolbarButton\"]"}
COMMAND: POST /session/e5d91353675ec9eb3e3a21469c7a5328/elements - {"using":"xpath","value":"//button[@data-kt=\"addNewRUOverflowToolbarButton\"]"}
RESULT: {"using":"xpath","value":"//button[@data-kt=\"addNewRUOverflowToolbarButton\"]"}
COMMAND: POST /session/e5d91353675ec9eb3e3a21469c7a5328/elements - {"using":"xpath","value":"//button[@data-kt=\"addNewRUOverflowToolbarButton\"]"}
RESULT: {"using":"xpath","value":"//button[@data-kt=\"addNewRUOverflowToolbarButton\"]"}
COMMAND: POST /session/e5d91353675ec9eb3e3a21469c7a5328/elements - {"using":"xpath","value":"//button[@data-kt=\"addNewRUOverflowToolbarButton\"]"}
RESULT: {"using":"xpath","value":"//button[@data-kt=\"addNewRUOverflowToolbarButton\"]"}
COMMAND: POST /session/e5d91353675ec9eb3e3a21469c7a5328/elements - {"using":"xpath","value":"//button[@data-kt=\"addNewRUOverflowToolbarButton\"]"}
RESULT: {"using":"xpath","value":"//button[@data-kt=\"addNewRUOverflowToolbarButton\"]"}
COMMAND: POST /session/e5d91353675ec9eb3e3a21469c7a5328/elements - {"using":"xpath","value":"//button[@data-kt=\"addNewRUOverflowToolbarButton\"]"}
RESULT: {"using":"xpath","value":"//button[@data-kt=\"addNewRUOverflowToolbarButton\"]"}
COMMAND: POST /session/e5d91353675ec9eb3e3a21469c7a5328/elements - {"using":"xpath","value":"//button[@data-kt=\"addNewRUOverflowToolbarButton\"]"}
RESULT: {"using":"xpath","value":"//button[@data-kt=\"addNewRUOverflowToolbarButton\"]"}
COMMAND: POST /session/e5d91353675ec9eb3e3a21469c7a5328/elements - {"using":"xpath","value":"//button[@data-kt=\"addNewRUOverflowToolbarButton\"]"}
RESULT: {"using":"xpath","value":"//button[@data-kt=\"addNewRUOverflowToolbarButton\"]"}
COMMAND: POST /session/e5d91353675ec9eb3e3a21469c7a5328/elements - {"using":"xpath","value":"//button[@data-kt=\"addNewRUOverflowToolbarButton\"]"}
RESULT: {"using":"xpath","value":"//button[@data-kt=\"addNewRUOverflowToolbarButton\"]"}
COMMAND: POST /session/e5d91353675ec9eb3e3a21469c7a5328/elements - {"using":"xpath","value":"//button[@data-kt=\"addNewRUOverflowToolbarButton\"]"}
RESULT: {"using":"xpath","value":"//button[@data-kt=\"addNewRUOverflowToolbarButton\"]"}
COMMAND: POST /session/e5d91353675ec9eb3e3a21469c7a5328/elements - {"using":"xpath","value":"//button[@data-kt=\"addNewRUOverflowToolbarButton\"]"}
RESULT: {"using":"xpath","value":"//button[@data-kt=\"addNewRUOverflowToolbarButton\"]"}
COMMAND: POST /session/e5d91353675ec9eb3e3a21469c7a5328/elements - {"using":"xpath","value":"//button[@data-kt=\"addNewRUOverflowToolbarButton\"]"}
RESULT: {"using":"xpath","value":"//button[@data-kt=\"addNewRUOverflowToolbarButton\"]"}
COMMAND: GET /session/e5d91353675ec9eb3e3a21469c7a5328/screenshot - {}
RESULT: {}
]]></system-out>
      <system-err><![CDATA[
Error: element ("//button[@data-kt="addNewRUOverflowToolbarButton"]") still not existing after 45000ms
    at async UtilsPrerequisites.resourceCreation (D:\a\1\s\test\specs\BTS\prerequisites-and-utils-functions.js:848:9)
    at async Context.<anonymous> (D:\a\1\s\test\specs\HTR\manage-states-perf.spec.js:138:9)
]]></system-err>
    </testcase>
    <testcase classname="chrome.136_0_7103_93.windows.Manage_States_&amp;_Performance_Tests_US151247_US151423_US151467" name="Step 2 Try to save empty performance document US151423" time="56.113">
      <failure/>
      <error message="element (&quot;//button[@data-kt=&quot;massStateChangeRusSectionButton&quot;]&quot;) still not existing after 45000ms"/>
      <system-out><![CDATA[
RESULT: undefined
COMMAND: GET /session/e5d91353675ec9eb3e3a21469c7a5328/screenshot - {}
RESULT: {}
COMMAND: POST /session/e5d91353675ec9eb3e3a21469c7a5328/elements - {"using":"xpath","value":"//span[text()='Error']"}
RESULT: {"using":"xpath","value":"//span[text()='Error']"}
COMMAND: POST /session/e5d91353675ec9eb3e3a21469c7a5328/element - {"using":"xpath","value":"//button[@data-kt=\"massStateChangeRusSectionButton\"]"}
RESULT: {"using":"xpath","value":"//button[@data-kt=\"massStateChangeRusSectionButton\"]"}
COMMAND: POST /session/e5d91353675ec9eb3e3a21469c7a5328/elements - {"using":"xpath","value":"//button[@data-kt=\"massStateChangeRusSectionButton\"]"}
RESULT: {"using":"xpath","value":"//button[@data-kt=\"massStateChangeRusSectionButton\"]"}
COMMAND: POST /session/e5d91353675ec9eb3e3a21469c7a5328/elements - {"using":"xpath","value":"//button[@data-kt=\"massStateChangeRusSectionButton\"]"}
RESULT: {"using":"xpath","value":"//button[@data-kt=\"massStateChangeRusSectionButton\"]"}
COMMAND: POST /session/e5d91353675ec9eb3e3a21469c7a5328/elements - {"using":"xpath","value":"//button[@data-kt=\"massStateChangeRusSectionButton\"]"}
RESULT: {"using":"xpath","value":"//button[@data-kt=\"massStateChangeRusSectionButton\"]"}
COMMAND: POST /session/e5d91353675ec9eb3e3a21469c7a5328/elements - {"using":"xpath","value":"//button[@data-kt=\"massStateChangeRusSectionButton\"]"}
RESULT: {"using":"xpath","value":"//button[@data-kt=\"massStateChangeRusSectionButton\"]"}
COMMAND: POST /session/e5d91353675ec9eb3e3a21469c7a5328/elements - {"using":"xpath","value":"//button[@data-kt=\"massStateChangeRusSectionButton\"]"}
RESULT: {"using":"xpath","value":"//button[@data-kt=\"massStateChangeRusSectionButton\"]"}
COMMAND: POST /session/e5d91353675ec9eb3e3a21469c7a5328/elements - {"using":"xpath","value":"//button[@data-kt=\"massStateChangeRusSectionButton\"]"}
RESULT: {"using":"xpath","value":"//button[@data-kt=\"massStateChangeRusSectionButton\"]"}
COMMAND: POST /session/e5d91353675ec9eb3e3a21469c7a5328/elements - {"using":"xpath","value":"//button[@data-kt=\"massStateChangeRusSectionButton\"]"}
RESULT: {"using":"xpath","value":"//button[@data-kt=\"massStateChangeRusSectionButton\"]"}
COMMAND: POST /session/e5d91353675ec9eb3e3a21469c7a5328/elements - {"using":"xpath","value":"//button[@data-kt=\"massStateChangeRusSectionButton\"]"}
RESULT: {"using":"xpath","value":"//button[@data-kt=\"massStateChangeRusSectionButton\"]"}
COMMAND: POST /session/e5d91353675ec9eb3e3a21469c7a5328/elements - {"using":"xpath","value":"//button[@data-kt=\"massStateChangeRusSectionButton\"]"}
RESULT: {"using":"xpath","value":"//button[@data-kt=\"massStateChangeRusSectionButton\"]"}
COMMAND: POST /session/e5d91353675ec9eb3e3a21469c7a5328/elements - {"using":"xpath","value":"//button[@data-kt=\"massStateChangeRusSectionButton\"]"}
RESULT: {"using":"xpath","value":"//button[@data-kt=\"massStateChangeRusSectionButton\"]"}
COMMAND: POST /session/e5d91353675ec9eb3e3a21469c7a5328/elements - {"using":"xpath","value":"//button[@data-kt=\"massStateChangeRusSectionButton\"]"}
RESULT: {"using":"xpath","value":"//button[@data-kt=\"massStateChangeRusSectionButton\"]"}
COMMAND: POST /session/e5d91353675ec9eb3e3a21469c7a5328/elements - {"using":"xpath","value":"//button[@data-kt=\"massStateChangeRusSectionButton\"]"}
RESULT: {"using":"xpath","value":"//button[@data-kt=\"massStateChangeRusSectionButton\"]"}
COMMAND: POST /session/e5d91353675ec9eb3e3a21469c7a5328/elements - {"using":"xpath","value":"//button[@data-kt=\"massStateChangeRusSectionButton\"]"}
RESULT: {"using":"xpath","value":"//button[@data-kt=\"massStateChangeRusSectionButton\"]"}
COMMAND: POST /session/e5d91353675ec9eb3e3a21469c7a5328/elements - {"using":"xpath","value":"//button[@data-kt=\"massStateChangeRusSectionButton\"]"}
RESULT: {"using":"xpath","value":"//button[@data-kt=\"massStateChangeRusSectionButton\"]"}
COMMAND: POST /session/e5d91353675ec9eb3e3a21469c7a5328/elements - {"using":"xpath","value":"//button[@data-kt=\"massStateChangeRusSectionButton\"]"}
RESULT: {"using":"xpath","value":"//button[@data-kt=\"massStateChangeRusSectionButton\"]"}
COMMAND: POST /session/e5d91353675ec9eb3e3a21469c7a5328/elements - {"using":"xpath","value":"//button[@data-kt=\"massStateChangeRusSectionButton\"]"}
RESULT: {"using":"xpath","value":"//button[@data-kt=\"massStateChangeRusSectionButton\"]"}
COMMAND: POST /session/e5d91353675ec9eb3e3a21469c7a5328/elements - {"using":"xpath","value":"//button[@data-kt=\"massStateChangeRusSectionButton\"]"}
RESULT: {"using":"xpath","value":"//button[@data-kt=\"massStateChangeRusSectionButton\"]"}
COMMAND: POST /session/e5d91353675ec9eb3e3a21469c7a5328/elements - {"using":"xpath","value":"//button[@data-kt=\"massStateChangeRusSectionButton\"]"}
RESULT: {"using":"xpath","value":"//button[@data-kt=\"massStateChangeRusSectionButton\"]"}
COMMAND: POST /session/e5d91353675ec9eb3e3a21469c7a5328/elements - {"using":"xpath","value":"//button[@data-kt=\"massStateChangeRusSectionButton\"]"}
RESULT: {"using":"xpath","value":"//button[@data-kt=\"massStateChangeRusSectionButton\"]"}
COMMAND: POST /session/e5d91353675ec9eb3e3a21469c7a5328/elements - {"using":"xpath","value":"//button[@data-kt=\"massStateChangeRusSectionButton\"]"}
RESULT: {"using":"xpath","value":"//button[@data-kt=\"massStateChangeRusSectionButton\"]"}
COMMAND: POST /session/e5d91353675ec9eb3e3a21469c7a5328/elements - {"using":"xpath","value":"//button[@data-kt=\"massStateChangeRusSectionButton\"]"}
RESULT: {"using":"xpath","value":"//button[@data-kt=\"massStateChangeRusSectionButton\"]"}
COMMAND: POST /session/e5d91353675ec9eb3e3a21469c7a5328/elements - {"using":"xpath","value":"//button[@data-kt=\"massStateChangeRusSectionButton\"]"}
RESULT: {"using":"xpath","value":"//button[@data-kt=\"massStateChangeRusSectionButton\"]"}
COMMAND: POST /session/e5d91353675ec9eb3e3a21469c7a5328/elements - {"using":"xpath","value":"//button[@data-kt=\"massStateChangeRusSectionButton\"]"}
RESULT: {"using":"xpath","value":"//button[@data-kt=\"massStateChangeRusSectionButton\"]"}
COMMAND: POST /session/e5d91353675ec9eb3e3a21469c7a5328/elements - {"using":"xpath","value":"//button[@data-kt=\"massStateChangeRusSectionButton\"]"}
RESULT: {"using":"xpath","value":"//button[@data-kt=\"massStateChangeRusSectionButton\"]"}
COMMAND: POST /session/e5d91353675ec9eb3e3a21469c7a5328/elements - {"using":"xpath","value":"//button[@data-kt=\"massStateChangeRusSectionButton\"]"}
RESULT: {"using":"xpath","value":"//button[@data-kt=\"massStateChangeRusSectionButton\"]"}
COMMAND: POST /session/e5d91353675ec9eb3e3a21469c7a5328/elements - {"using":"xpath","value":"//button[@data-kt=\"massStateChangeRusSectionButton\"]"}
RESULT: {"using":"xpath","value":"//button[@data-kt=\"massStateChangeRusSectionButton\"]"}
COMMAND: POST /session/e5d91353675ec9eb3e3a21469c7a5328/elements - {"using":"xpath","value":"//button[@data-kt=\"massStateChangeRusSectionButton\"]"}
RESULT: {"using":"xpath","value":"//button[@data-kt=\"massStateChangeRusSectionButton\"]"}
COMMAND: POST /session/e5d91353675ec9eb3e3a21469c7a5328/elements - {"using":"xpath","value":"//button[@data-kt=\"massStateChangeRusSectionButton\"]"}
RESULT: {"using":"xpath","value":"//button[@data-kt=\"massStateChangeRusSectionButton\"]"}
COMMAND: POST /session/e5d91353675ec9eb3e3a21469c7a5328/elements - {"using":"xpath","value":"//button[@data-kt=\"massStateChangeRusSectionButton\"]"}
RESULT: {"using":"xpath","value":"//button[@data-kt=\"massStateChangeRusSectionButton\"]"}
COMMAND: POST /session/e5d91353675ec9eb3e3a21469c7a5328/elements - {"using":"xpath","value":"//button[@data-kt=\"massStateChangeRusSectionButton\"]"}
RESULT: {"using":"xpath","value":"//button[@data-kt=\"massStateChangeRusSectionButton\"]"}
COMMAND: POST /session/e5d91353675ec9eb3e3a21469c7a5328/elements - {"using":"xpath","value":"//button[@data-kt=\"massStateChangeRusSectionButton\"]"}
RESULT: {"using":"xpath","value":"//button[@data-kt=\"massStateChangeRusSectionButton\"]"}
COMMAND: POST /session/e5d91353675ec9eb3e3a21469c7a5328/elements - {"using":"xpath","value":"//button[@data-kt=\"massStateChangeRusSectionButton\"]"}
RESULT: {"using":"xpath","value":"//button[@data-kt=\"massStateChangeRusSectionButton\"]"}
COMMAND: POST /session/e5d91353675ec9eb3e3a21469c7a5328/elements - {"using":"xpath","value":"//button[@data-kt=\"massStateChangeRusSectionButton\"]"}
RESULT: {"using":"xpath","value":"//button[@data-kt=\"massStateChangeRusSectionButton\"]"}
COMMAND: POST /session/e5d91353675ec9eb3e3a21469c7a5328/elements - {"using":"xpath","value":"//button[@data-kt=\"massStateChangeRusSectionButton\"]"}
RESULT: {"using":"xpath","value":"//button[@data-kt=\"massStateChangeRusSectionButton\"]"}
COMMAND: POST /session/e5d91353675ec9eb3e3a21469c7a5328/elements - {"using":"xpath","value":"//button[@data-kt=\"massStateChangeRusSectionButton\"]"}
RESULT: {"using":"xpath","value":"//button[@data-kt=\"massStateChangeRusSectionButton\"]"}
COMMAND: POST /session/e5d91353675ec9eb3e3a21469c7a5328/elements - {"using":"xpath","value":"//button[@data-kt=\"massStateChangeRusSectionButton\"]"}
RESULT: {"using":"xpath","value":"//button[@data-kt=\"massStateChangeRusSectionButton\"]"}
COMMAND: POST /session/e5d91353675ec9eb3e3a21469c7a5328/elements - {"using":"xpath","value":"//button[@data-kt=\"massStateChangeRusSectionButton\"]"}
RESULT: {"using":"xpath","value":"//button[@data-kt=\"massStateChangeRusSectionButton\"]"}
COMMAND: POST /session/e5d91353675ec9eb3e3a21469c7a5328/elements - {"using":"xpath","value":"//button[@data-kt=\"massStateChangeRusSectionButton\"]"}
RESULT: {"using":"xpath","value":"//button[@data-kt=\"massStateChangeRusSectionButton\"]"}
COMMAND: POST /session/e5d91353675ec9eb3e3a21469c7a5328/elements - {"using":"xpath","value":"//button[@data-kt=\"massStateChangeRusSectionButton\"]"}
RESULT: {"using":"xpath","value":"//button[@data-kt=\"massStateChangeRusSectionButton\"]"}
COMMAND: POST /session/e5d91353675ec9eb3e3a21469c7a5328/elements - {"using":"xpath","value":"//button[@data-kt=\"massStateChangeRusSectionButton\"]"}
RESULT: {"using":"xpath","value":"//button[@data-kt=\"massStateChangeRusSectionButton\"]"}
COMMAND: POST /session/e5d91353675ec9eb3e3a21469c7a5328/elements - {"using":"xpath","value":"//button[@data-kt=\"massStateChangeRusSectionButton\"]"}
RESULT: {"using":"xpath","value":"//button[@data-kt=\"massStateChangeRusSectionButton\"]"}
COMMAND: POST /session/e5d91353675ec9eb3e3a21469c7a5328/elements - {"using":"xpath","value":"//button[@data-kt=\"massStateChangeRusSectionButton\"]"}
RESULT: {"using":"xpath","value":"//button[@data-kt=\"massStateChangeRusSectionButton\"]"}
COMMAND: POST /session/e5d91353675ec9eb3e3a21469c7a5328/elements - {"using":"xpath","value":"//button[@data-kt=\"massStateChangeRusSectionButton\"]"}
RESULT: {"using":"xpath","value":"//button[@data-kt=\"massStateChangeRusSectionButton\"]"}
COMMAND: POST /session/e5d91353675ec9eb3e3a21469c7a5328/elements - {"using":"xpath","value":"//button[@data-kt=\"massStateChangeRusSectionButton\"]"}
RESULT: {"using":"xpath","value":"//button[@data-kt=\"massStateChangeRusSectionButton\"]"}
COMMAND: POST /session/e5d91353675ec9eb3e3a21469c7a5328/elements - {"using":"xpath","value":"//button[@data-kt=\"massStateChangeRusSectionButton\"]"}
RESULT: {"using":"xpath","value":"//button[@data-kt=\"massStateChangeRusSectionButton\"]"}
COMMAND: POST /session/e5d91353675ec9eb3e3a21469c7a5328/elements - {"using":"xpath","value":"//button[@data-kt=\"massStateChangeRusSectionButton\"]"}
RESULT: {"using":"xpath","value":"//button[@data-kt=\"massStateChangeRusSectionButton\"]"}
COMMAND: POST /session/e5d91353675ec9eb3e3a21469c7a5328/elements - {"using":"xpath","value":"//button[@data-kt=\"massStateChangeRusSectionButton\"]"}
RESULT: {"using":"xpath","value":"//button[@data-kt=\"massStateChangeRusSectionButton\"]"}
COMMAND: POST /session/e5d91353675ec9eb3e3a21469c7a5328/elements - {"using":"xpath","value":"//button[@data-kt=\"massStateChangeRusSectionButton\"]"}
RESULT: {"using":"xpath","value":"//button[@data-kt=\"massStateChangeRusSectionButton\"]"}
COMMAND: POST /session/e5d91353675ec9eb3e3a21469c7a5328/elements - {"using":"xpath","value":"//button[@data-kt=\"massStateChangeRusSectionButton\"]"}
RESULT: {"using":"xpath","value":"//button[@data-kt=\"massStateChangeRusSectionButton\"]"}
COMMAND: POST /session/e5d91353675ec9eb3e3a21469c7a5328/elements - {"using":"xpath","value":"//button[@data-kt=\"massStateChangeRusSectionButton\"]"}
RESULT: {"using":"xpath","value":"//button[@data-kt=\"massStateChangeRusSectionButton\"]"}
COMMAND: POST /session/e5d91353675ec9eb3e3a21469c7a5328/elements - {"using":"xpath","value":"//button[@data-kt=\"massStateChangeRusSectionButton\"]"}
RESULT: {"using":"xpath","value":"//button[@data-kt=\"massStateChangeRusSectionButton\"]"}
COMMAND: POST /session/e5d91353675ec9eb3e3a21469c7a5328/elements - {"using":"xpath","value":"//button[@data-kt=\"massStateChangeRusSectionButton\"]"}
RESULT: {"using":"xpath","value":"//button[@data-kt=\"massStateChangeRusSectionButton\"]"}
COMMAND: POST /session/e5d91353675ec9eb3e3a21469c7a5328/elements - {"using":"xpath","value":"//button[@data-kt=\"massStateChangeRusSectionButton\"]"}
RESULT: {"using":"xpath","value":"//button[@data-kt=\"massStateChangeRusSectionButton\"]"}
COMMAND: POST /session/e5d91353675ec9eb3e3a21469c7a5328/elements - {"using":"xpath","value":"//button[@data-kt=\"massStateChangeRusSectionButton\"]"}
RESULT: {"using":"xpath","value":"//button[@data-kt=\"massStateChangeRusSectionButton\"]"}
COMMAND: POST /session/e5d91353675ec9eb3e3a21469c7a5328/elements - {"using":"xpath","value":"//button[@data-kt=\"massStateChangeRusSectionButton\"]"}
RESULT: {"using":"xpath","value":"//button[@data-kt=\"massStateChangeRusSectionButton\"]"}
COMMAND: POST /session/e5d91353675ec9eb3e3a21469c7a5328/elements - {"using":"xpath","value":"//button[@data-kt=\"massStateChangeRusSectionButton\"]"}
RESULT: {"using":"xpath","value":"//button[@data-kt=\"massStateChangeRusSectionButton\"]"}
COMMAND: POST /session/e5d91353675ec9eb3e3a21469c7a5328/elements - {"using":"xpath","value":"//button[@data-kt=\"massStateChangeRusSectionButton\"]"}
RESULT: {"using":"xpath","value":"//button[@data-kt=\"massStateChangeRusSectionButton\"]"}
COMMAND: POST /session/e5d91353675ec9eb3e3a21469c7a5328/elements - {"using":"xpath","value":"//button[@data-kt=\"massStateChangeRusSectionButton\"]"}
RESULT: {"using":"xpath","value":"//button[@data-kt=\"massStateChangeRusSectionButton\"]"}
COMMAND: POST /session/e5d91353675ec9eb3e3a21469c7a5328/elements - {"using":"xpath","value":"//button[@data-kt=\"massStateChangeRusSectionButton\"]"}
RESULT: {"using":"xpath","value":"//button[@data-kt=\"massStateChangeRusSectionButton\"]"}
COMMAND: POST /session/e5d91353675ec9eb3e3a21469c7a5328/elements - {"using":"xpath","value":"//button[@data-kt=\"massStateChangeRusSectionButton\"]"}
RESULT: {"using":"xpath","value":"//button[@data-kt=\"massStateChangeRusSectionButton\"]"}
COMMAND: POST /session/e5d91353675ec9eb3e3a21469c7a5328/elements - {"using":"xpath","value":"//button[@data-kt=\"massStateChangeRusSectionButton\"]"}
RESULT: {"using":"xpath","value":"//button[@data-kt=\"massStateChangeRusSectionButton\"]"}
COMMAND: POST /session/e5d91353675ec9eb3e3a21469c7a5328/elements - {"using":"xpath","value":"//button[@data-kt=\"massStateChangeRusSectionButton\"]"}
RESULT: {"using":"xpath","value":"//button[@data-kt=\"massStateChangeRusSectionButton\"]"}
COMMAND: POST /session/e5d91353675ec9eb3e3a21469c7a5328/elements - {"using":"xpath","value":"//button[@data-kt=\"massStateChangeRusSectionButton\"]"}
RESULT: {"using":"xpath","value":"//button[@data-kt=\"massStateChangeRusSectionButton\"]"}
COMMAND: POST /session/e5d91353675ec9eb3e3a21469c7a5328/elements - {"using":"xpath","value":"//button[@data-kt=\"massStateChangeRusSectionButton\"]"}
RESULT: {"using":"xpath","value":"//button[@data-kt=\"massStateChangeRusSectionButton\"]"}
COMMAND: POST /session/e5d91353675ec9eb3e3a21469c7a5328/elements - {"using":"xpath","value":"//button[@data-kt=\"massStateChangeRusSectionButton\"]"}
RESULT: {"using":"xpath","value":"//button[@data-kt=\"massStateChangeRusSectionButton\"]"}
COMMAND: POST /session/e5d91353675ec9eb3e3a21469c7a5328/elements - {"using":"xpath","value":"//button[@data-kt=\"massStateChangeRusSectionButton\"]"}
RESULT: {"using":"xpath","value":"//button[@data-kt=\"massStateChangeRusSectionButton\"]"}
COMMAND: POST /session/e5d91353675ec9eb3e3a21469c7a5328/elements - {"using":"xpath","value":"//button[@data-kt=\"massStateChangeRusSectionButton\"]"}
RESULT: {"using":"xpath","value":"//button[@data-kt=\"massStateChangeRusSectionButton\"]"}
COMMAND: POST /session/e5d91353675ec9eb3e3a21469c7a5328/elements - {"using":"xpath","value":"//button[@data-kt=\"massStateChangeRusSectionButton\"]"}
RESULT: {"using":"xpath","value":"//button[@data-kt=\"massStateChangeRusSectionButton\"]"}
COMMAND: POST /session/e5d91353675ec9eb3e3a21469c7a5328/elements - {"using":"xpath","value":"//button[@data-kt=\"massStateChangeRusSectionButton\"]"}
RESULT: {"using":"xpath","value":"//button[@data-kt=\"massStateChangeRusSectionButton\"]"}
COMMAND: POST /session/e5d91353675ec9eb3e3a21469c7a5328/elements - {"using":"xpath","value":"//button[@data-kt=\"massStateChangeRusSectionButton\"]"}
RESULT: {"using":"xpath","value":"//button[@data-kt=\"massStateChangeRusSectionButton\"]"}
COMMAND: POST /session/e5d91353675ec9eb3e3a21469c7a5328/elements - {"using":"xpath","value":"//button[@data-kt=\"massStateChangeRusSectionButton\"]"}
RESULT: {"using":"xpath","value":"//button[@data-kt=\"massStateChangeRusSectionButton\"]"}
COMMAND: POST /session/e5d91353675ec9eb3e3a21469c7a5328/elements - {"using":"xpath","value":"//button[@data-kt=\"massStateChangeRusSectionButton\"]"}
RESULT: {"using":"xpath","value":"//button[@data-kt=\"massStateChangeRusSectionButton\"]"}
COMMAND: POST /session/e5d91353675ec9eb3e3a21469c7a5328/elements - {"using":"xpath","value":"//button[@data-kt=\"massStateChangeRusSectionButton\"]"}
RESULT: {"using":"xpath","value":"//button[@data-kt=\"massStateChangeRusSectionButton\"]"}
COMMAND: POST /session/e5d91353675ec9eb3e3a21469c7a5328/elements - {"using":"xpath","value":"//button[@data-kt=\"massStateChangeRusSectionButton\"]"}
RESULT: {"using":"xpath","value":"//button[@data-kt=\"massStateChangeRusSectionButton\"]"}
COMMAND: POST /session/e5d91353675ec9eb3e3a21469c7a5328/elements - {"using":"xpath","value":"//button[@data-kt=\"massStateChangeRusSectionButton\"]"}
RESULT: {"using":"xpath","value":"//button[@data-kt=\"massStateChangeRusSectionButton\"]"}
COMMAND: POST /session/e5d91353675ec9eb3e3a21469c7a5328/elements - {"using":"xpath","value":"//button[@data-kt=\"massStateChangeRusSectionButton\"]"}
RESULT: {"using":"xpath","value":"//button[@data-kt=\"massStateChangeRusSectionButton\"]"}
COMMAND: POST /session/e5d91353675ec9eb3e3a21469c7a5328/elements - {"using":"xpath","value":"//button[@data-kt=\"massStateChangeRusSectionButton\"]"}
RESULT: {"using":"xpath","value":"//button[@data-kt=\"massStateChangeRusSectionButton\"]"}
COMMAND: POST /session/e5d91353675ec9eb3e3a21469c7a5328/elements - {"using":"xpath","value":"//button[@data-kt=\"massStateChangeRusSectionButton\"]"}
RESULT: {"using":"xpath","value":"//button[@data-kt=\"massStateChangeRusSectionButton\"]"}
COMMAND: POST /session/e5d91353675ec9eb3e3a21469c7a5328/elements - {"using":"xpath","value":"//button[@data-kt=\"massStateChangeRusSectionButton\"]"}
RESULT: {"using":"xpath","value":"//button[@data-kt=\"massStateChangeRusSectionButton\"]"}
COMMAND: POST /session/e5d91353675ec9eb3e3a21469c7a5328/elements - {"using":"xpath","value":"//button[@data-kt=\"massStateChangeRusSectionButton\"]"}
RESULT: {"using":"xpath","value":"//button[@data-kt=\"massStateChangeRusSectionButton\"]"}
COMMAND: POST /session/e5d91353675ec9eb3e3a21469c7a5328/elements - {"using":"xpath","value":"//button[@data-kt=\"massStateChangeRusSectionButton\"]"}
RESULT: {"using":"xpath","value":"//button[@data-kt=\"massStateChangeRusSectionButton\"]"}
COMMAND: POST /session/e5d91353675ec9eb3e3a21469c7a5328/elements - {"using":"xpath","value":"//button[@data-kt=\"massStateChangeRusSectionButton\"]"}
RESULT: {"using":"xpath","value":"//button[@data-kt=\"massStateChangeRusSectionButton\"]"}
COMMAND: POST /session/e5d91353675ec9eb3e3a21469c7a5328/elements - {"using":"xpath","value":"//button[@data-kt=\"massStateChangeRusSectionButton\"]"}
RESULT: {"using":"xpath","value":"//button[@data-kt=\"massStateChangeRusSectionButton\"]"}
COMMAND: POST /session/e5d91353675ec9eb3e3a21469c7a5328/elements - {"using":"xpath","value":"//button[@data-kt=\"massStateChangeRusSectionButton\"]"}
RESULT: {"using":"xpath","value":"//button[@data-kt=\"massStateChangeRusSectionButton\"]"}
COMMAND: POST /session/e5d91353675ec9eb3e3a21469c7a5328/elements - {"using":"xpath","value":"//button[@data-kt=\"massStateChangeRusSectionButton\"]"}
RESULT: {"using":"xpath","value":"//button[@data-kt=\"massStateChangeRusSectionButton\"]"}
COMMAND: POST /session/e5d91353675ec9eb3e3a21469c7a5328/elements - {"using":"xpath","value":"//button[@data-kt=\"massStateChangeRusSectionButton\"]"}
RESULT: {"using":"xpath","value":"//button[@data-kt=\"massStateChangeRusSectionButton\"]"}
COMMAND: POST /session/e5d91353675ec9eb3e3a21469c7a5328/elements - {"using":"xpath","value":"//button[@data-kt=\"massStateChangeRusSectionButton\"]"}
RESULT: {"using":"xpath","value":"//button[@data-kt=\"massStateChangeRusSectionButton\"]"}
COMMAND: POST /session/e5d91353675ec9eb3e3a21469c7a5328/elements - {"using":"xpath","value":"//button[@data-kt=\"massStateChangeRusSectionButton\"]"}
RESULT: {"using":"xpath","value":"//button[@data-kt=\"massStateChangeRusSectionButton\"]"}
COMMAND: POST /session/e5d91353675ec9eb3e3a21469c7a5328/elements - {"using":"xpath","value":"//button[@data-kt=\"massStateChangeRusSectionButton\"]"}
RESULT: {"using":"xpath","value":"//button[@data-kt=\"massStateChangeRusSectionButton\"]"}
COMMAND: POST /session/e5d91353675ec9eb3e3a21469c7a5328/elements - {"using":"xpath","value":"//button[@data-kt=\"massStateChangeRusSectionButton\"]"}
RESULT: {"using":"xpath","value":"//button[@data-kt=\"massStateChangeRusSectionButton\"]"}
COMMAND: POST /session/e5d91353675ec9eb3e3a21469c7a5328/elements - {"using":"xpath","value":"//button[@data-kt=\"massStateChangeRusSectionButton\"]"}
COMMAND: GET /session/e5d91353675ec9eb3e3a21469c7a5328/screenshot - {}
RESULT: {"using":"xpath","value":"//button[@data-kt=\"massStateChangeRusSectionButton\"]"}
RESULT: {}
]]></system-out>
      <system-err><![CDATA[
Error: element ("//button[@data-kt="massStateChangeRusSectionButton"]") still not existing after 45000ms
    at async Context.<anonymous> (D:\a\1\s\test\specs\HTR\manage-states-perf.spec.js:279:9)
]]></system-err>
    </testcase>
    <testcase classname="chrome.136_0_7103_93.windows.Manage_States_&amp;_Performance_Tests_US151247_US151423_US151467" name="Step 3 Manage States Perf search filters US151467" time="55.623">
      <failure/>
      <error message="element (&quot;//button[@data-kt=&quot;massStateChangeRusSectionButton&quot;]&quot;) still not existing after 45000ms"/>
      <system-out><![CDATA[
COMMAND: GET /session/e5d91353675ec9eb3e3a21469c7a5328/screenshot - {}
RESULT: undefined
RESULT: {}
COMMAND: POST /session/e5d91353675ec9eb3e3a21469c7a5328/elements - {"using":"xpath","value":"//span[text()='Error']"}
RESULT: {"using":"xpath","value":"//span[text()='Error']"}
COMMAND: POST /session/e5d91353675ec9eb3e3a21469c7a5328/element - {"using":"xpath","value":"//button[@data-kt=\"massStateChangeRusSectionButton\"]"}
RESULT: {"using":"xpath","value":"//button[@data-kt=\"massStateChangeRusSectionButton\"]"}
COMMAND: POST /session/e5d91353675ec9eb3e3a21469c7a5328/elements - {"using":"xpath","value":"//button[@data-kt=\"massStateChangeRusSectionButton\"]"}
RESULT: {"using":"xpath","value":"//button[@data-kt=\"massStateChangeRusSectionButton\"]"}
COMMAND: POST /session/e5d91353675ec9eb3e3a21469c7a5328/elements - {"using":"xpath","value":"//button[@data-kt=\"massStateChangeRusSectionButton\"]"}
RESULT: {"using":"xpath","value":"//button[@data-kt=\"massStateChangeRusSectionButton\"]"}
COMMAND: POST /session/e5d91353675ec9eb3e3a21469c7a5328/elements - {"using":"xpath","value":"//button[@data-kt=\"massStateChangeRusSectionButton\"]"}
RESULT: {"using":"xpath","value":"//button[@data-kt=\"massStateChangeRusSectionButton\"]"}
COMMAND: POST /session/e5d91353675ec9eb3e3a21469c7a5328/elements - {"using":"xpath","value":"//button[@data-kt=\"massStateChangeRusSectionButton\"]"}
RESULT: {"using":"xpath","value":"//button[@data-kt=\"massStateChangeRusSectionButton\"]"}
COMMAND: POST /session/e5d91353675ec9eb3e3a21469c7a5328/elements - {"using":"xpath","value":"//button[@data-kt=\"massStateChangeRusSectionButton\"]"}
RESULT: {"using":"xpath","value":"//button[@data-kt=\"massStateChangeRusSectionButton\"]"}
COMMAND: POST /session/e5d91353675ec9eb3e3a21469c7a5328/elements - {"using":"xpath","value":"//button[@data-kt=\"massStateChangeRusSectionButton\"]"}
RESULT: {"using":"xpath","value":"//button[@data-kt=\"massStateChangeRusSectionButton\"]"}
COMMAND: POST /session/e5d91353675ec9eb3e3a21469c7a5328/elements - {"using":"xpath","value":"//button[@data-kt=\"massStateChangeRusSectionButton\"]"}
RESULT: {"using":"xpath","value":"//button[@data-kt=\"massStateChangeRusSectionButton\"]"}
COMMAND: POST /session/e5d91353675ec9eb3e3a21469c7a5328/elements - {"using":"xpath","value":"//button[@data-kt=\"massStateChangeRusSectionButton\"]"}
RESULT: {"using":"xpath","value":"//button[@data-kt=\"massStateChangeRusSectionButton\"]"}
COMMAND: POST /session/e5d91353675ec9eb3e3a21469c7a5328/elements - {"using":"xpath","value":"//button[@data-kt=\"massStateChangeRusSectionButton\"]"}
RESULT: {"using":"xpath","value":"//button[@data-kt=\"massStateChangeRusSectionButton\"]"}
COMMAND: POST /session/e5d91353675ec9eb3e3a21469c7a5328/elements - {"using":"xpath","value":"//button[@data-kt=\"massStateChangeRusSectionButton\"]"}
RESULT: {"using":"xpath","value":"//button[@data-kt=\"massStateChangeRusSectionButton\"]"}
COMMAND: POST /session/e5d91353675ec9eb3e3a21469c7a5328/elements - {"using":"xpath","value":"//button[@data-kt=\"massStateChangeRusSectionButton\"]"}
RESULT: {"using":"xpath","value":"//button[@data-kt=\"massStateChangeRusSectionButton\"]"}
COMMAND: POST /session/e5d91353675ec9eb3e3a21469c7a5328/elements - {"using":"xpath","value":"//button[@data-kt=\"massStateChangeRusSectionButton\"]"}
RESULT: {"using":"xpath","value":"//button[@data-kt=\"massStateChangeRusSectionButton\"]"}
COMMAND: POST /session/e5d91353675ec9eb3e3a21469c7a5328/elements - {"using":"xpath","value":"//button[@data-kt=\"massStateChangeRusSectionButton\"]"}
RESULT: {"using":"xpath","value":"//button[@data-kt=\"massStateChangeRusSectionButton\"]"}
COMMAND: POST /session/e5d91353675ec9eb3e3a21469c7a5328/elements - {"using":"xpath","value":"//button[@data-kt=\"massStateChangeRusSectionButton\"]"}
RESULT: {"using":"xpath","value":"//button[@data-kt=\"massStateChangeRusSectionButton\"]"}
COMMAND: POST /session/e5d91353675ec9eb3e3a21469c7a5328/elements - {"using":"xpath","value":"//button[@data-kt=\"massStateChangeRusSectionButton\"]"}
RESULT: {"using":"xpath","value":"//button[@data-kt=\"massStateChangeRusSectionButton\"]"}
COMMAND: POST /session/e5d91353675ec9eb3e3a21469c7a5328/elements - {"using":"xpath","value":"//button[@data-kt=\"massStateChangeRusSectionButton\"]"}
RESULT: {"using":"xpath","value":"//button[@data-kt=\"massStateChangeRusSectionButton\"]"}
COMMAND: POST /session/e5d91353675ec9eb3e3a21469c7a5328/elements - {"using":"xpath","value":"//button[@data-kt=\"massStateChangeRusSectionButton\"]"}
RESULT: {"using":"xpath","value":"//button[@data-kt=\"massStateChangeRusSectionButton\"]"}
COMMAND: POST /session/e5d91353675ec9eb3e3a21469c7a5328/elements - {"using":"xpath","value":"//button[@data-kt=\"massStateChangeRusSectionButton\"]"}
RESULT: {"using":"xpath","value":"//button[@data-kt=\"massStateChangeRusSectionButton\"]"}
COMMAND: POST /session/e5d91353675ec9eb3e3a21469c7a5328/elements - {"using":"xpath","value":"//button[@data-kt=\"massStateChangeRusSectionButton\"]"}
RESULT: {"using":"xpath","value":"//button[@data-kt=\"massStateChangeRusSectionButton\"]"}
COMMAND: POST /session/e5d91353675ec9eb3e3a21469c7a5328/elements - {"using":"xpath","value":"//button[@data-kt=\"massStateChangeRusSectionButton\"]"}
RESULT: {"using":"xpath","value":"//button[@data-kt=\"massStateChangeRusSectionButton\"]"}
COMMAND: POST /session/e5d91353675ec9eb3e3a21469c7a5328/elements - {"using":"xpath","value":"//button[@data-kt=\"massStateChangeRusSectionButton\"]"}
RESULT: {"using":"xpath","value":"//button[@data-kt=\"massStateChangeRusSectionButton\"]"}
COMMAND: POST /session/e5d91353675ec9eb3e3a21469c7a5328/elements - {"using":"xpath","value":"//button[@data-kt=\"massStateChangeRusSectionButton\"]"}
RESULT: {"using":"xpath","value":"//button[@data-kt=\"massStateChangeRusSectionButton\"]"}
COMMAND: POST /session/e5d91353675ec9eb3e3a21469c7a5328/elements - {"using":"xpath","value":"//button[@data-kt=\"massStateChangeRusSectionButton\"]"}
RESULT: {"using":"xpath","value":"//button[@data-kt=\"massStateChangeRusSectionButton\"]"}
COMMAND: POST /session/e5d91353675ec9eb3e3a21469c7a5328/elements - {"using":"xpath","value":"//button[@data-kt=\"massStateChangeRusSectionButton\"]"}
RESULT: {"using":"xpath","value":"//button[@data-kt=\"massStateChangeRusSectionButton\"]"}
COMMAND: POST /session/e5d91353675ec9eb3e3a21469c7a5328/elements - {"using":"xpath","value":"//button[@data-kt=\"massStateChangeRusSectionButton\"]"}
RESULT: {"using":"xpath","value":"//button[@data-kt=\"massStateChangeRusSectionButton\"]"}
COMMAND: POST /session/e5d91353675ec9eb3e3a21469c7a5328/elements - {"using":"xpath","value":"//button[@data-kt=\"massStateChangeRusSectionButton\"]"}
RESULT: {"using":"xpath","value":"//button[@data-kt=\"massStateChangeRusSectionButton\"]"}
COMMAND: POST /session/e5d91353675ec9eb3e3a21469c7a5328/elements - {"using":"xpath","value":"//button[@data-kt=\"massStateChangeRusSectionButton\"]"}
RESULT: {"using":"xpath","value":"//button[@data-kt=\"massStateChangeRusSectionButton\"]"}
COMMAND: POST /session/e5d91353675ec9eb3e3a21469c7a5328/elements - {"using":"xpath","value":"//button[@data-kt=\"massStateChangeRusSectionButton\"]"}
RESULT: {"using":"xpath","value":"//button[@data-kt=\"massStateChangeRusSectionButton\"]"}
COMMAND: POST /session/e5d91353675ec9eb3e3a21469c7a5328/elements - {"using":"xpath","value":"//button[@data-kt=\"massStateChangeRusSectionButton\"]"}
RESULT: {"using":"xpath","value":"//button[@data-kt=\"massStateChangeRusSectionButton\"]"}
COMMAND: POST /session/e5d91353675ec9eb3e3a21469c7a5328/elements - {"using":"xpath","value":"//button[@data-kt=\"massStateChangeRusSectionButton\"]"}
RESULT: {"using":"xpath","value":"//button[@data-kt=\"massStateChangeRusSectionButton\"]"}
COMMAND: POST /session/e5d91353675ec9eb3e3a21469c7a5328/elements - {"using":"xpath","value":"//button[@data-kt=\"massStateChangeRusSectionButton\"]"}
RESULT: {"using":"xpath","value":"//button[@data-kt=\"massStateChangeRusSectionButton\"]"}
COMMAND: POST /session/e5d91353675ec9eb3e3a21469c7a5328/elements - {"using":"xpath","value":"//button[@data-kt=\"massStateChangeRusSectionButton\"]"}
RESULT: {"using":"xpath","value":"//button[@data-kt=\"massStateChangeRusSectionButton\"]"}
COMMAND: POST /session/e5d91353675ec9eb3e3a21469c7a5328/elements - {"using":"xpath","value":"//button[@data-kt=\"massStateChangeRusSectionButton\"]"}
RESULT: {"using":"xpath","value":"//button[@data-kt=\"massStateChangeRusSectionButton\"]"}
COMMAND: POST /session/e5d91353675ec9eb3e3a21469c7a5328/elements - {"using":"xpath","value":"//button[@data-kt=\"massStateChangeRusSectionButton\"]"}
RESULT: {"using":"xpath","value":"//button[@data-kt=\"massStateChangeRusSectionButton\"]"}
COMMAND: POST /session/e5d91353675ec9eb3e3a21469c7a5328/elements - {"using":"xpath","value":"//button[@data-kt=\"massStateChangeRusSectionButton\"]"}
RESULT: {"using":"xpath","value":"//button[@data-kt=\"massStateChangeRusSectionButton\"]"}
COMMAND: POST /session/e5d91353675ec9eb3e3a21469c7a5328/elements - {"using":"xpath","value":"//button[@data-kt=\"massStateChangeRusSectionButton\"]"}
RESULT: {"using":"xpath","value":"//button[@data-kt=\"massStateChangeRusSectionButton\"]"}
COMMAND: POST /session/e5d91353675ec9eb3e3a21469c7a5328/elements - {"using":"xpath","value":"//button[@data-kt=\"massStateChangeRusSectionButton\"]"}
RESULT: {"using":"xpath","value":"//button[@data-kt=\"massStateChangeRusSectionButton\"]"}
COMMAND: POST /session/e5d91353675ec9eb3e3a21469c7a5328/elements - {"using":"xpath","value":"//button[@data-kt=\"massStateChangeRusSectionButton\"]"}
RESULT: {"using":"xpath","value":"//button[@data-kt=\"massStateChangeRusSectionButton\"]"}
COMMAND: POST /session/e5d91353675ec9eb3e3a21469c7a5328/elements - {"using":"xpath","value":"//button[@data-kt=\"massStateChangeRusSectionButton\"]"}
RESULT: {"using":"xpath","value":"//button[@data-kt=\"massStateChangeRusSectionButton\"]"}
COMMAND: POST /session/e5d91353675ec9eb3e3a21469c7a5328/elements - {"using":"xpath","value":"//button[@data-kt=\"massStateChangeRusSectionButton\"]"}
RESULT: {"using":"xpath","value":"//button[@data-kt=\"massStateChangeRusSectionButton\"]"}
COMMAND: POST /session/e5d91353675ec9eb3e3a21469c7a5328/elements - {"using":"xpath","value":"//button[@data-kt=\"massStateChangeRusSectionButton\"]"}
RESULT: {"using":"xpath","value":"//button[@data-kt=\"massStateChangeRusSectionButton\"]"}
COMMAND: POST /session/e5d91353675ec9eb3e3a21469c7a5328/elements - {"using":"xpath","value":"//button[@data-kt=\"massStateChangeRusSectionButton\"]"}
RESULT: {"using":"xpath","value":"//button[@data-kt=\"massStateChangeRusSectionButton\"]"}
COMMAND: POST /session/e5d91353675ec9eb3e3a21469c7a5328/elements - {"using":"xpath","value":"//button[@data-kt=\"massStateChangeRusSectionButton\"]"}
RESULT: {"using":"xpath","value":"//button[@data-kt=\"massStateChangeRusSectionButton\"]"}
COMMAND: POST /session/e5d91353675ec9eb3e3a21469c7a5328/elements - {"using":"xpath","value":"//button[@data-kt=\"massStateChangeRusSectionButton\"]"}
RESULT: {"using":"xpath","value":"//button[@data-kt=\"massStateChangeRusSectionButton\"]"}
COMMAND: POST /session/e5d91353675ec9eb3e3a21469c7a5328/elements - {"using":"xpath","value":"//button[@data-kt=\"massStateChangeRusSectionButton\"]"}
RESULT: {"using":"xpath","value":"//button[@data-kt=\"massStateChangeRusSectionButton\"]"}
COMMAND: POST /session/e5d91353675ec9eb3e3a21469c7a5328/elements - {"using":"xpath","value":"//button[@data-kt=\"massStateChangeRusSectionButton\"]"}
RESULT: {"using":"xpath","value":"//button[@data-kt=\"massStateChangeRusSectionButton\"]"}
COMMAND: POST /session/e5d91353675ec9eb3e3a21469c7a5328/elements - {"using":"xpath","value":"//button[@data-kt=\"massStateChangeRusSectionButton\"]"}
RESULT: {"using":"xpath","value":"//button[@data-kt=\"massStateChangeRusSectionButton\"]"}
COMMAND: POST /session/e5d91353675ec9eb3e3a21469c7a5328/elements - {"using":"xpath","value":"//button[@data-kt=\"massStateChangeRusSectionButton\"]"}
RESULT: {"using":"xpath","value":"//button[@data-kt=\"massStateChangeRusSectionButton\"]"}
COMMAND: POST /session/e5d91353675ec9eb3e3a21469c7a5328/elements - {"using":"xpath","value":"//button[@data-kt=\"massStateChangeRusSectionButton\"]"}
RESULT: {"using":"xpath","value":"//button[@data-kt=\"massStateChangeRusSectionButton\"]"}
COMMAND: POST /session/e5d91353675ec9eb3e3a21469c7a5328/elements - {"using":"xpath","value":"//button[@data-kt=\"massStateChangeRusSectionButton\"]"}
RESULT: {"using":"xpath","value":"//button[@data-kt=\"massStateChangeRusSectionButton\"]"}
COMMAND: POST /session/e5d91353675ec9eb3e3a21469c7a5328/elements - {"using":"xpath","value":"//button[@data-kt=\"massStateChangeRusSectionButton\"]"}
RESULT: {"using":"xpath","value":"//button[@data-kt=\"massStateChangeRusSectionButton\"]"}
COMMAND: POST /session/e5d91353675ec9eb3e3a21469c7a5328/elements - {"using":"xpath","value":"//button[@data-kt=\"massStateChangeRusSectionButton\"]"}
RESULT: {"using":"xpath","value":"//button[@data-kt=\"massStateChangeRusSectionButton\"]"}
COMMAND: POST /session/e5d91353675ec9eb3e3a21469c7a5328/elements - {"using":"xpath","value":"//button[@data-kt=\"massStateChangeRusSectionButton\"]"}
RESULT: {"using":"xpath","value":"//button[@data-kt=\"massStateChangeRusSectionButton\"]"}
COMMAND: POST /session/e5d91353675ec9eb3e3a21469c7a5328/elements - {"using":"xpath","value":"//button[@data-kt=\"massStateChangeRusSectionButton\"]"}
RESULT: {"using":"xpath","value":"//button[@data-kt=\"massStateChangeRusSectionButton\"]"}
COMMAND: POST /session/e5d91353675ec9eb3e3a21469c7a5328/elements - {"using":"xpath","value":"//button[@data-kt=\"massStateChangeRusSectionButton\"]"}
RESULT: {"using":"xpath","value":"//button[@data-kt=\"massStateChangeRusSectionButton\"]"}
COMMAND: POST /session/e5d91353675ec9eb3e3a21469c7a5328/elements - {"using":"xpath","value":"//button[@data-kt=\"massStateChangeRusSectionButton\"]"}
RESULT: {"using":"xpath","value":"//button[@data-kt=\"massStateChangeRusSectionButton\"]"}
COMMAND: POST /session/e5d91353675ec9eb3e3a21469c7a5328/elements - {"using":"xpath","value":"//button[@data-kt=\"massStateChangeRusSectionButton\"]"}
RESULT: {"using":"xpath","value":"//button[@data-kt=\"massStateChangeRusSectionButton\"]"}
COMMAND: POST /session/e5d91353675ec9eb3e3a21469c7a5328/elements - {"using":"xpath","value":"//button[@data-kt=\"massStateChangeRusSectionButton\"]"}
RESULT: {"using":"xpath","value":"//button[@data-kt=\"massStateChangeRusSectionButton\"]"}
COMMAND: POST /session/e5d91353675ec9eb3e3a21469c7a5328/elements - {"using":"xpath","value":"//button[@data-kt=\"massStateChangeRusSectionButton\"]"}
RESULT: {"using":"xpath","value":"//button[@data-kt=\"massStateChangeRusSectionButton\"]"}
COMMAND: POST /session/e5d91353675ec9eb3e3a21469c7a5328/elements - {"using":"xpath","value":"//button[@data-kt=\"massStateChangeRusSectionButton\"]"}
RESULT: {"using":"xpath","value":"//button[@data-kt=\"massStateChangeRusSectionButton\"]"}
COMMAND: POST /session/e5d91353675ec9eb3e3a21469c7a5328/elements - {"using":"xpath","value":"//button[@data-kt=\"massStateChangeRusSectionButton\"]"}
RESULT: {"using":"xpath","value":"//button[@data-kt=\"massStateChangeRusSectionButton\"]"}
COMMAND: POST /session/e5d91353675ec9eb3e3a21469c7a5328/elements - {"using":"xpath","value":"//button[@data-kt=\"massStateChangeRusSectionButton\"]"}
RESULT: {"using":"xpath","value":"//button[@data-kt=\"massStateChangeRusSectionButton\"]"}
COMMAND: POST /session/e5d91353675ec9eb3e3a21469c7a5328/elements - {"using":"xpath","value":"//button[@data-kt=\"massStateChangeRusSectionButton\"]"}
RESULT: {"using":"xpath","value":"//button[@data-kt=\"massStateChangeRusSectionButton\"]"}
COMMAND: POST /session/e5d91353675ec9eb3e3a21469c7a5328/elements - {"using":"xpath","value":"//button[@data-kt=\"massStateChangeRusSectionButton\"]"}
RESULT: {"using":"xpath","value":"//button[@data-kt=\"massStateChangeRusSectionButton\"]"}
COMMAND: POST /session/e5d91353675ec9eb3e3a21469c7a5328/elements - {"using":"xpath","value":"//button[@data-kt=\"massStateChangeRusSectionButton\"]"}
RESULT: {"using":"xpath","value":"//button[@data-kt=\"massStateChangeRusSectionButton\"]"}
COMMAND: POST /session/e5d91353675ec9eb3e3a21469c7a5328/elements - {"using":"xpath","value":"//button[@data-kt=\"massStateChangeRusSectionButton\"]"}
RESULT: {"using":"xpath","value":"//button[@data-kt=\"massStateChangeRusSectionButton\"]"}
COMMAND: POST /session/e5d91353675ec9eb3e3a21469c7a5328/elements - {"using":"xpath","value":"//button[@data-kt=\"massStateChangeRusSectionButton\"]"}
RESULT: {"using":"xpath","value":"//button[@data-kt=\"massStateChangeRusSectionButton\"]"}
COMMAND: POST /session/e5d91353675ec9eb3e3a21469c7a5328/elements - {"using":"xpath","value":"//button[@data-kt=\"massStateChangeRusSectionButton\"]"}
RESULT: {"using":"xpath","value":"//button[@data-kt=\"massStateChangeRusSectionButton\"]"}
COMMAND: POST /session/e5d91353675ec9eb3e3a21469c7a5328/elements - {"using":"xpath","value":"//button[@data-kt=\"massStateChangeRusSectionButton\"]"}
RESULT: {"using":"xpath","value":"//button[@data-kt=\"massStateChangeRusSectionButton\"]"}
COMMAND: POST /session/e5d91353675ec9eb3e3a21469c7a5328/elements - {"using":"xpath","value":"//button[@data-kt=\"massStateChangeRusSectionButton\"]"}
RESULT: {"using":"xpath","value":"//button[@data-kt=\"massStateChangeRusSectionButton\"]"}
COMMAND: POST /session/e5d91353675ec9eb3e3a21469c7a5328/elements - {"using":"xpath","value":"//button[@data-kt=\"massStateChangeRusSectionButton\"]"}
RESULT: {"using":"xpath","value":"//button[@data-kt=\"massStateChangeRusSectionButton\"]"}
COMMAND: POST /session/e5d91353675ec9eb3e3a21469c7a5328/elements - {"using":"xpath","value":"//button[@data-kt=\"massStateChangeRusSectionButton\"]"}
RESULT: {"using":"xpath","value":"//button[@data-kt=\"massStateChangeRusSectionButton\"]"}
COMMAND: POST /session/e5d91353675ec9eb3e3a21469c7a5328/elements - {"using":"xpath","value":"//button[@data-kt=\"massStateChangeRusSectionButton\"]"}
RESULT: {"using":"xpath","value":"//button[@data-kt=\"massStateChangeRusSectionButton\"]"}
COMMAND: POST /session/e5d91353675ec9eb3e3a21469c7a5328/elements - {"using":"xpath","value":"//button[@data-kt=\"massStateChangeRusSectionButton\"]"}
RESULT: {"using":"xpath","value":"//button[@data-kt=\"massStateChangeRusSectionButton\"]"}
COMMAND: POST /session/e5d91353675ec9eb3e3a21469c7a5328/elements - {"using":"xpath","value":"//button[@data-kt=\"massStateChangeRusSectionButton\"]"}
RESULT: {"using":"xpath","value":"//button[@data-kt=\"massStateChangeRusSectionButton\"]"}
COMMAND: POST /session/e5d91353675ec9eb3e3a21469c7a5328/elements - {"using":"xpath","value":"//button[@data-kt=\"massStateChangeRusSectionButton\"]"}
RESULT: {"using":"xpath","value":"//button[@data-kt=\"massStateChangeRusSectionButton\"]"}
COMMAND: POST /session/e5d91353675ec9eb3e3a21469c7a5328/elements - {"using":"xpath","value":"//button[@data-kt=\"massStateChangeRusSectionButton\"]"}
RESULT: {"using":"xpath","value":"//button[@data-kt=\"massStateChangeRusSectionButton\"]"}
COMMAND: POST /session/e5d91353675ec9eb3e3a21469c7a5328/elements - {"using":"xpath","value":"//button[@data-kt=\"massStateChangeRusSectionButton\"]"}
RESULT: {"using":"xpath","value":"//button[@data-kt=\"massStateChangeRusSectionButton\"]"}
COMMAND: POST /session/e5d91353675ec9eb3e3a21469c7a5328/elements - {"using":"xpath","value":"//button[@data-kt=\"massStateChangeRusSectionButton\"]"}
RESULT: {"using":"xpath","value":"//button[@data-kt=\"massStateChangeRusSectionButton\"]"}
COMMAND: POST /session/e5d91353675ec9eb3e3a21469c7a5328/elements - {"using":"xpath","value":"//button[@data-kt=\"massStateChangeRusSectionButton\"]"}
RESULT: {"using":"xpath","value":"//button[@data-kt=\"massStateChangeRusSectionButton\"]"}
COMMAND: POST /session/e5d91353675ec9eb3e3a21469c7a5328/elements - {"using":"xpath","value":"//button[@data-kt=\"massStateChangeRusSectionButton\"]"}
RESULT: {"using":"xpath","value":"//button[@data-kt=\"massStateChangeRusSectionButton\"]"}
COMMAND: POST /session/e5d91353675ec9eb3e3a21469c7a5328/elements - {"using":"xpath","value":"//button[@data-kt=\"massStateChangeRusSectionButton\"]"}
RESULT: {"using":"xpath","value":"//button[@data-kt=\"massStateChangeRusSectionButton\"]"}
COMMAND: POST /session/e5d91353675ec9eb3e3a21469c7a5328/elements - {"using":"xpath","value":"//button[@data-kt=\"massStateChangeRusSectionButton\"]"}
RESULT: {"using":"xpath","value":"//button[@data-kt=\"massStateChangeRusSectionButton\"]"}
COMMAND: POST /session/e5d91353675ec9eb3e3a21469c7a5328/elements - {"using":"xpath","value":"//button[@data-kt=\"massStateChangeRusSectionButton\"]"}
RESULT: {"using":"xpath","value":"//button[@data-kt=\"massStateChangeRusSectionButton\"]"}
COMMAND: POST /session/e5d91353675ec9eb3e3a21469c7a5328/elements - {"using":"xpath","value":"//button[@data-kt=\"massStateChangeRusSectionButton\"]"}
RESULT: {"using":"xpath","value":"//button[@data-kt=\"massStateChangeRusSectionButton\"]"}
COMMAND: POST /session/e5d91353675ec9eb3e3a21469c7a5328/elements - {"using":"xpath","value":"//button[@data-kt=\"massStateChangeRusSectionButton\"]"}
RESULT: {"using":"xpath","value":"//button[@data-kt=\"massStateChangeRusSectionButton\"]"}
COMMAND: POST /session/e5d91353675ec9eb3e3a21469c7a5328/elements - {"using":"xpath","value":"//button[@data-kt=\"massStateChangeRusSectionButton\"]"}
RESULT: {"using":"xpath","value":"//button[@data-kt=\"massStateChangeRusSectionButton\"]"}
COMMAND: POST /session/e5d91353675ec9eb3e3a21469c7a5328/elements - {"using":"xpath","value":"//button[@data-kt=\"massStateChangeRusSectionButton\"]"}
RESULT: {"using":"xpath","value":"//button[@data-kt=\"massStateChangeRusSectionButton\"]"}
COMMAND: POST /session/e5d91353675ec9eb3e3a21469c7a5328/elements - {"using":"xpath","value":"//button[@data-kt=\"massStateChangeRusSectionButton\"]"}
RESULT: {"using":"xpath","value":"//button[@data-kt=\"massStateChangeRusSectionButton\"]"}
COMMAND: POST /session/e5d91353675ec9eb3e3a21469c7a5328/elements - {"using":"xpath","value":"//button[@data-kt=\"massStateChangeRusSectionButton\"]"}
RESULT: {"using":"xpath","value":"//button[@data-kt=\"massStateChangeRusSectionButton\"]"}
COMMAND: POST /session/e5d91353675ec9eb3e3a21469c7a5328/elements - {"using":"xpath","value":"//button[@data-kt=\"massStateChangeRusSectionButton\"]"}
COMMAND: GET /session/e5d91353675ec9eb3e3a21469c7a5328/screenshot - {}
RESULT: {"using":"xpath","value":"//button[@data-kt=\"massStateChangeRusSectionButton\"]"}
RESULT: {}
COMMAND: GET /session/e5d91353675ec9eb3e3a21469c7a5328/screenshot - {}
COMMAND: GET /session/e5d91353675ec9eb3e3a21469c7a5328/screenshot - {}
RESULT: {}
RESULT: {}
COMMAND: DELETE /session/e5d91353675ec9eb3e3a21469c7a5328 - {}
RESULT: {}
]]></system-out>
      <system-err><![CDATA[
Error: element ("//button[@data-kt="massStateChangeRusSectionButton"]") still not existing after 45000ms
    at async Context.<anonymous> (D:\a\1\s\test\specs\HTR\manage-states-perf.spec.js:357:9)
]]></system-err>
    </testcase>
  </testsuite>
</testsuites>