<?xml version="1.0" encoding="UTF-8"?>
<testsuites tests="9" failures="1" errors="1" skipped="0">
  <testsuite timestamp="2025-05-25T17:56:03" time="668.032" tests="9" failures="1" errors="1" skipped="0">
    <properties>
      <property name="specId" value="0"/>
      <property name="suiteName" value="Address Management Tests US156181 US151165 US151160 US156180 US156178 US151157 US151172 US151170 US151166 US151168"/>
      <property name="capabilities" value="chrome.136_0_7103_93.windows"/>
      <property name="file" value="file:///D:/a/1/s/test/specs/BTS/address-management.spec.js"/>
    </properties>
    <testcase classname="chrome.136_0_7103_93.windows.Address_Management_Tests_US156181_US151165_US151160_US156180_US156178_US151157_US151172_US151170_US151166_US151168" name="Step 1 Will check existence of address created with generated name if none then we create US156181" time="69.588">
      <system-out><![CDATA[
COMMAND: POST /session/4b43dd8acd0bd09b3f4a8d98a717555a/execute/async - {"script":"<script> [1562 bytes]","args":[{"selector":{"controlType":"sap.m.GenericTile","properties":{"header":"Address Management"}},"wdio_ui5_key":"sapm.GenericTile{\"header\":\"Address Management\"}"}]}
RESULT: {"script":"<script> [1562 bytes]","args":[{"selector":{"controlType":"sap.m.GenericTile","properties":{"header":"Address Management"}},"wdio_ui5_key":"sapm.GenericTile{\"header\":\"Address Management\"}"}]}
RESULT: undefined
COMMAND: POST /session/4b43dd8acd0bd09b3f4a8d98a717555a/element - {"using":"xpath","value":"//*[@id=\"__tile33\"]"}
RESULT: {"using":"xpath","value":"//*[@id=\"__tile33\"]"}
COMMAND: POST /session/4b43dd8acd0bd09b3f4a8d98a717555a/element/f.5476A98C3DC04D0CE82D825B1225579B.d.C798DA8F9D4A0FA6F124DB339F739674.e.211/click - {}
RESULT: {}
COMMAND: GET /session/4b43dd8acd0bd09b3f4a8d98a717555a/screenshot - {}
RESULT: {}
COMMAND: POST /session/4b43dd8acd0bd09b3f4a8d98a717555a/elements - {"using":"xpath","value":"//span[text()='Error']"}
RESULT: {"using":"xpath","value":"//span[text()='Error']"}
COMMAND: POST /session/4b43dd8acd0bd09b3f4a8d98a717555a/element - {"using":"xpath","value":"//button[@data-kt=\"addButton\"]"}
RESULT: {"using":"xpath","value":"//button[@data-kt=\"addButton\"]"}
COMMAND: POST /session/4b43dd8acd0bd09b3f4a8d98a717555a/elements - {"using":"xpath","value":"//button[@data-kt=\"addButton\"]"}
RESULT: {"using":"xpath","value":"//button[@data-kt=\"addButton\"]"}
COMMAND: POST /session/4b43dd8acd0bd09b3f4a8d98a717555a/elements - {"using":"xpath","value":"//button[@data-kt=\"addButton\"]"}
RESULT: {"using":"xpath","value":"//button[@data-kt=\"addButton\"]"}
COMMAND: POST /session/4b43dd8acd0bd09b3f4a8d98a717555a/elements - {"using":"xpath","value":"//button[@data-kt=\"addButton\"]"}
RESULT: {"using":"xpath","value":"//button[@data-kt=\"addButton\"]"}
COMMAND: POST /session/4b43dd8acd0bd09b3f4a8d98a717555a/elements - {"using":"xpath","value":"//button[@data-kt=\"addButton\"]"}
RESULT: {"using":"xpath","value":"//button[@data-kt=\"addButton\"]"}
COMMAND: POST /session/4b43dd8acd0bd09b3f4a8d98a717555a/elements - {"using":"xpath","value":"//button[@data-kt=\"addButton\"]"}
RESULT: {"using":"xpath","value":"//button[@data-kt=\"addButton\"]"}
COMMAND: POST /session/4b43dd8acd0bd09b3f4a8d98a717555a/elements - {"using":"xpath","value":"//button[@data-kt=\"addButton\"]"}
RESULT: {"using":"xpath","value":"//button[@data-kt=\"addButton\"]"}
COMMAND: POST /session/4b43dd8acd0bd09b3f4a8d98a717555a/elements - {"using":"xpath","value":"//button[@data-kt=\"addButton\"]"}
RESULT: {"using":"xpath","value":"//button[@data-kt=\"addButton\"]"}
COMMAND: POST /session/4b43dd8acd0bd09b3f4a8d98a717555a/elements - {"using":"xpath","value":"//button[@data-kt=\"addButton\"]"}
RESULT: {"using":"xpath","value":"//button[@data-kt=\"addButton\"]"}
COMMAND: POST /session/4b43dd8acd0bd09b3f4a8d98a717555a/elements - {"using":"xpath","value":"//button[@data-kt=\"addButton\"]"}
RESULT: {"using":"xpath","value":"//button[@data-kt=\"addButton\"]"}
COMMAND: POST /session/4b43dd8acd0bd09b3f4a8d98a717555a/element - {"using":"xpath","value":"//button[@data-kt=\"addButton\"]"}
RESULT: {"using":"xpath","value":"//button[@data-kt=\"addButton\"]"}
COMMAND: POST /session/4b43dd8acd0bd09b3f4a8d98a717555a/execute/sync - {"script":"<script> [8489 bytes]","args":[{"element-6066-11e4-a52e-4f735466cecf":"f.5476A98C3DC04D0CE82D825B1225579B.d.C798DA8F9D4A0FA6F124DB339F739674.e.290","ELEMENT":"f.5476A98C3DC04D0CE82D825B1225579B.d.C798DA8F9D4A0FA6F124DB339F739674.e.290"}]}
RESULT: {"script":"<script> [8489 bytes]","args":[{"element-6066-11e4-a52e-4f735466cecf":"f.5476A98C3DC04D0CE82D825B1225579B.d.C798DA8F9D4A0FA6F124DB339F739674.e.290","ELEMENT":"f.5476A98C3DC04D0CE82D825B1225579B.d.C798DA8F9D4A0FA6F124DB339F739674.e.290"}]}
COMMAND: GET /session/4b43dd8acd0bd09b3f4a8d98a717555a/element/f.5476A98C3DC04D0CE82D825B1225579B.d.C798DA8F9D4A0FA6F124DB339F739674.e.290/enabled - {}
COMMAND: GET /session/4b43dd8acd0bd09b3f4a8d98a717555a/screenshot - {}
RESULT: {}
COMMAND: POST /session/4b43dd8acd0bd09b3f4a8d98a717555a/execute/sync - {"script":"<script> [8489 bytes]","args":[{"element-6066-11e4-a52e-4f735466cecf":"f.5476A98C3DC04D0CE82D825B1225579B.d.C798DA8F9D4A0FA6F124DB339F739674.e.290","ELEMENT":"f.5476A98C3DC04D0CE82D825B1225579B.d.C798DA8F9D4A0FA6F124DB339F739674.e.290"}]}
COMMAND: GET /session/4b43dd8acd0bd09b3f4a8d98a717555a/screenshot - {}
RESULT: {}
RESULT: {"script":"<script> [8489 bytes]","args":[{"element-6066-11e4-a52e-4f735466cecf":"f.5476A98C3DC04D0CE82D825B1225579B.d.C798DA8F9D4A0FA6F124DB339F739674.e.290","ELEMENT":"f.5476A98C3DC04D0CE82D825B1225579B.d.C798DA8F9D4A0FA6F124DB339F739674.e.290"}]}
COMMAND: POST /session/4b43dd8acd0bd09b3f4a8d98a717555a/execute/sync - {"script":"<script> [5351 bytes]","args":[{"element-6066-11e4-a52e-4f735466cecf":"f.5476A98C3DC04D0CE82D825B1225579B.d.C798DA8F9D4A0FA6F124DB339F739674.e.290","ELEMENT":"f.5476A98C3DC04D0CE82D825B1225579B.d.C798DA8F9D4A0FA6F124DB339F739674.e.290"}]}
COMMAND: GET /session/4b43dd8acd0bd09b3f4a8d98a717555a/screenshot - {}
RESULT: {}
RESULT: {"script":"<script> [5351 bytes]","args":[{"element-6066-11e4-a52e-4f735466cecf":"f.5476A98C3DC04D0CE82D825B1225579B.d.C798DA8F9D4A0FA6F124DB339F739674.e.290","ELEMENT":"f.5476A98C3DC04D0CE82D825B1225579B.d.C798DA8F9D4A0FA6F124DB339F739674.e.290"}]}
COMMAND: GET /session/4b43dd8acd0bd09b3f4a8d98a717555a/screenshot - {}
RESULT: {}
RESULT: {}
COMMAND: POST /session/4b43dd8acd0bd09b3f4a8d98a717555a/execute/async - {"script":"<script> [1562 bytes]","args":[{"selector":{"id":"application-addressmanagement-display-component---masterAdm--smartFilterBar-btnBasicSearch","interaction":{"idSuffix":"I"}},"wdio_ui5_key":"applicationaddressmanagement-display-component---masterAdm--smartFilterBar-btnBasicSearch"}]}
RESULT: {"script":"<script> [1562 bytes]","args":[{"selector":{"id":"application-addressmanagement-display-component---masterAdm--smartFilterBar-btnBasicSearch","interaction":{"idSuffix":"I"}},"wdio_ui5_key":"applicationaddressmanagement-display-component---masterAdm--smartFilterBar-btnBasicSearch"}]}
RESULT: undefined
COMMAND: POST /session/4b43dd8acd0bd09b3f4a8d98a717555a/execute/async - {"script":"<script> [776 bytes]","args":[{"enterText":"jtJeQwtuc3","selector":{"id":"application-addressmanagement-display-component---masterAdm--smartFilterBar-btnBasicSearch","interaction":{"idSuffix":"I"}},"clearTextFirst":true,"interactionType":"ENTER_TEXT"}]}
RESULT: {"script":"<script> [776 bytes]","args":[{"enterText":"jtJeQwtuc3","selector":{"id":"application-addressmanagement-display-component---masterAdm--smartFilterBar-btnBasicSearch","interaction":{"idSuffix":"I"}},"clearTextFirst":true,"interactionType":"ENTER_TEXT"}]}
COMMAND: POST /session/4b43dd8acd0bd09b3f4a8d98a717555a/actions - {"actions":[{"id":"action1","type":"key","parameters":{},"actions":[{"type":"keyDown","value":""},{"type":"pause","duration":10},{"type":"keyUp","value":""}]}]}
RESULT: {"actions":[{"id":"action1","type":"key","parameters":{},"actions":[{"type":"keyDown","value":""},{"type":"pause","duration":10},{"type":"keyUp","value":""}]}]}
COMMAND: GET /session/4b43dd8acd0bd09b3f4a8d98a717555a/screenshot - {}
RESULT: {}
COMMAND: POST /session/4b43dd8acd0bd09b3f4a8d98a717555a/elements - {"using":"xpath","value":"//table[contains(@id, \"customPersonsAddressesTable-listUl\")]/tbody/tr"}
RESULT: {"using":"xpath","value":"//table[contains(@id, \"customPersonsAddressesTable-listUl\")]/tbody/tr"}
COMMAND: POST /session/4b43dd8acd0bd09b3f4a8d98a717555a/element - {"using":"xpath","value":"//table[contains(@id, \"customPersonsAddressesTable-listUl\")]/tbody/tr[1]/td[5]/span/span"}
RESULT: {"using":"xpath","value":"//table[contains(@id, \"customPersonsAddressesTable-listUl\")]/tbody/tr[1]/td[5]/span/span"}
COMMAND: POST /session/4b43dd8acd0bd09b3f4a8d98a717555a/element - {"using":"xpath","value":"//table[contains(@id, \"customPersonsAddressesTable-listUl\")]/tbody/tr[1]/td[3]/span"}
RESULT: {"using":"xpath","value":"//table[contains(@id, \"customPersonsAddressesTable-listUl\")]/tbody/tr[1]/td[3]/span"}
COMMAND: POST /session/4b43dd8acd0bd09b3f4a8d98a717555a/elements - {"using":"xpath","value":"//table[contains(@id, \"customPersonsAddressesTable-listUl\")]/tbody/tr[1]/td[5]/span/span"}
RESULT: {"using":"xpath","value":"//table[contains(@id, \"customPersonsAddressesTable-listUl\")]/tbody/tr[1]/td[5]/span/span"}
COMMAND: POST /session/4b43dd8acd0bd09b3f4a8d98a717555a/element - {"using":"xpath","value":"//span[@id=\"application-addressmanagement-display-component---masterAdm--smartTable-header-inner\"]"}
RESULT: {"using":"xpath","value":"//span[@id=\"application-addressmanagement-display-component---masterAdm--smartTable-header-inner\"]"}
COMMAND: POST /session/4b43dd8acd0bd09b3f4a8d98a717555a/elements - {"using":"xpath","value":"//span[@id=\"application-addressmanagement-display-component---masterAdm--smartTable-header-inner\"]"}
RESULT: {"using":"xpath","value":"//span[@id=\"application-addressmanagement-display-component---masterAdm--smartTable-header-inner\"]"}
COMMAND: POST /session/4b43dd8acd0bd09b3f4a8d98a717555a/execute/sync - {"script":"<script> [56 bytes]","args":[{"element-6066-11e4-a52e-4f735466cecf":"f.5476A98C3DC04D0CE82D825B1225579B.d.C798DA8F9D4A0FA6F124DB339F739674.e.432","ELEMENT":"f.5476A98C3DC04D0CE82D825B1225579B.d.C798DA8F9D4A0FA6F124DB339F739674.e.432"}]}
RESULT: {"script":"<script> [56 bytes]","args":[{"element-6066-11e4-a52e-4f735466cecf":"f.5476A98C3DC04D0CE82D825B1225579B.d.C798DA8F9D4A0FA6F124DB339F739674.e.432","ELEMENT":"f.5476A98C3DC04D0CE82D825B1225579B.d.C798DA8F9D4A0FA6F124DB339F739674.e.432"}]}
COMMAND: POST /session/4b43dd8acd0bd09b3f4a8d98a717555a/element - {"using":"xpath","value":"//button[@data-kt=\"addButton\"]"}
COMMAND: GET /session/4b43dd8acd0bd09b3f4a8d98a717555a/screenshot - {}
RESULT: {"using":"xpath","value":"//button[@data-kt=\"addButton\"]"}
COMMAND: POST /session/4b43dd8acd0bd09b3f4a8d98a717555a/element/f.5476A98C3DC04D0CE82D825B1225579B.d.C798DA8F9D4A0FA6F124DB339F739674.e.290/click - {}
RESULT: {}
RESULT: {}
COMMAND: GET /session/4b43dd8acd0bd09b3f4a8d98a717555a/screenshot - {}
RESULT: {}
COMMAND: POST /session/4b43dd8acd0bd09b3f4a8d98a717555a/execute/async - {"script":"<script> [1562 bytes]","args":[{"selector":{"controlType":"sap.ui.core.Icon","viewName":"etm.portal.ui.addressmanagement.view.NewAddress","properties":{"src":{"regex":{"source":"slim\\-arrow\\-down"}}},"ancestor":{"id":"addressTitle","viewName":"etm.portal.ui.addressmanagement.view.NewAddress"}},"wdio_ui5_key":"etmportal.ui.addressmanagement.view.NewAddresssap.ui.core.Icon{\"src\":{\"regex\":{\"source\":\"slim\\\\-arrow\\\\-down\"}}}{\"id\":\"addressTitle\",\"viewName\":\"etm.portal.ui.addressmanagement.view.NewAddress\"}"}]}
RESULT: {"script":"<script> [1562 bytes]","args":[{"selector":{"controlType":"sap.ui.core.Icon","viewName":"etm.portal.ui.addressmanagement.view.NewAddress","properties":{"src":{"regex":{"source":"slim\\-arrow\\-down"}}},"ancestor":{"id":"addressTitle","viewName":"etm.portal.ui.addressmanagement.view.NewAddress"}},"wdio_ui5_key":"etmportal.ui.addressmanagement.view.NewAddresssap.ui.core.Icon{\"src\":{\"regex\":{\"source\":\"slim\\\\-arrow\\\\-down\"}}}{\"id\":\"addressTitle\",\"viewName\":\"etm.portal.ui.addressmanagement.view.NewAddress\"}"}]}
RESULT: undefined
COMMAND: POST /session/4b43dd8acd0bd09b3f4a8d98a717555a/element - {"using":"xpath","value":"//*[@id=\"__xmlview58--addressTitle-arrow\"]"}
RESULT: {"using":"xpath","value":"//*[@id=\"__xmlview58--addressTitle-arrow\"]"}
COMMAND: POST /session/4b43dd8acd0bd09b3f4a8d98a717555a/element/f.5476A98C3DC04D0CE82D825B1225579B.d.C798DA8F9D4A0FA6F124DB339F739674.e.463/click - {}
RESULT: {}
COMMAND: GET /session/4b43dd8acd0bd09b3f4a8d98a717555a/screenshot - {}
RESULT: {}
COMMAND: POST /session/4b43dd8acd0bd09b3f4a8d98a717555a/element - {"using":"xpath","value":"//li[.//span[text()=\"Dr.\"]]"}
RESULT: {"using":"xpath","value":"//li[.//span[text()=\"Dr.\"]]"}
COMMAND: POST /session/4b43dd8acd0bd09b3f4a8d98a717555a/element/f.5476A98C3DC04D0CE82D825B1225579B.d.C798DA8F9D4A0FA6F124DB339F739674.e.573/click - {}
RESULT: {}
COMMAND: POST /session/4b43dd8acd0bd09b3f4a8d98a717555a/execute/async - {"script":"<script> [1562 bytes]","args":[{"selector":{"controlType":"sap.ui.core.Icon","viewName":"etm.portal.ui.addressmanagement.view.NewAddress","properties":{"src":{"regex":{"source":"slim\\-arrow\\-down"}}},"ancestor":{"id":"addressDetailDetailsLanguage","viewName":"etm.portal.ui.addressmanagement.view.NewAddress"}},"wdio_ui5_key":"etmportal.ui.addressmanagement.view.NewAddresssap.ui.core.Icon{\"src\":{\"regex\":{\"source\":\"slim\\\\-arrow\\\\-down\"}}}{\"id\":\"addressDetailDetailsLanguage\",\"viewName\":\"etm.portal.ui.addressmanagement.view.NewAddress\"}"}]}
COMMAND: GET /session/4b43dd8acd0bd09b3f4a8d98a717555a/screenshot - {}
RESULT: {"script":"<script> [1562 bytes]","args":[{"selector":{"controlType":"sap.ui.core.Icon","viewName":"etm.portal.ui.addressmanagement.view.NewAddress","properties":{"src":{"regex":{"source":"slim\\-arrow\\-down"}}},"ancestor":{"id":"addressDetailDetailsLanguage","viewName":"etm.portal.ui.addressmanagement.view.NewAddress"}},"wdio_ui5_key":"etmportal.ui.addressmanagement.view.NewAddresssap.ui.core.Icon{\"src\":{\"regex\":{\"source\":\"slim\\\\-arrow\\\\-down\"}}}{\"id\":\"addressDetailDetailsLanguage\",\"viewName\":\"etm.portal.ui.addressmanagement.view.NewAddress\"}"}]}
RESULT: undefined
COMMAND: POST /session/4b43dd8acd0bd09b3f4a8d98a717555a/element - {"using":"xpath","value":"//*[@id=\"__xmlview58--addressDetailDetailsLanguage-arrow\"]"}
RESULT: {}
RESULT: {"using":"xpath","value":"//*[@id=\"__xmlview58--addressDetailDetailsLanguage-arrow\"]"}
COMMAND: POST /session/4b43dd8acd0bd09b3f4a8d98a717555a/element/f.5476A98C3DC04D0CE82D825B1225579B.d.C798DA8F9D4A0FA6F124DB339F739674.e.476/click - {}
RESULT: {}
COMMAND: GET /session/4b43dd8acd0bd09b3f4a8d98a717555a/screenshot - {}
RESULT: {}
COMMAND: POST /session/4b43dd8acd0bd09b3f4a8d98a717555a/element - {"using":"xpath","value":"//span[contains(text(), \"English\")]"}
RESULT: {"using":"xpath","value":"//span[contains(text(), \"English\")]"}
COMMAND: POST /session/4b43dd8acd0bd09b3f4a8d98a717555a/element/f.5476A98C3DC04D0CE82D825B1225579B.d.C798DA8F9D4A0FA6F124DB339F739674.e.574/click - {}
RESULT: {}
COMMAND: POST /session/4b43dd8acd0bd09b3f4a8d98a717555a/execute/async - {"script":"<script> [1562 bytes]","args":[{"selector":{"controlType":"sap.m.Input","viewName":"etm.portal.ui.addressmanagement.view.NewAddress","labelFor":{"text":"Name"},"interaction":{"idSuffix":"inner"}},"wdio_ui5_key":"etmportal.ui.addressmanagement.view.NewAddresssap.m.Input{\"text\":\"Name\"}"}]}
COMMAND: GET /session/4b43dd8acd0bd09b3f4a8d98a717555a/screenshot - {}
RESULT: {"script":"<script> [1562 bytes]","args":[{"selector":{"controlType":"sap.m.Input","viewName":"etm.portal.ui.addressmanagement.view.NewAddress","labelFor":{"text":"Name"},"interaction":{"idSuffix":"inner"}},"wdio_ui5_key":"etmportal.ui.addressmanagement.view.NewAddresssap.m.Input{\"text\":\"Name\"}"}]}
RESULT: undefined
COMMAND: POST /session/4b43dd8acd0bd09b3f4a8d98a717555a/execute/async - {"script":"<script> [776 bytes]","args":[{"enterText":"jtJeQwtuc3","selector":{"controlType":"sap.m.Input","viewName":"etm.portal.ui.addressmanagement.view.NewAddress","labelFor":{"text":"Name"},"interaction":{"idSuffix":"inner"}},"clearTextFirst":true,"interactionType":"ENTER_TEXT"}]}
RESULT: {}
RESULT: {"script":"<script> [776 bytes]","args":[{"enterText":"jtJeQwtuc3","selector":{"controlType":"sap.m.Input","viewName":"etm.portal.ui.addressmanagement.view.NewAddress","labelFor":{"text":"Name"},"interaction":{"idSuffix":"inner"}},"clearTextFirst":true,"interactionType":"ENTER_TEXT"}]}
COMMAND: POST /session/4b43dd8acd0bd09b3f4a8d98a717555a/element - {"using":"xpath","value":"//button[@title=\"Save\"]"}
RESULT: {"using":"xpath","value":"//button[@title=\"Save\"]"}
COMMAND: POST /session/4b43dd8acd0bd09b3f4a8d98a717555a/element/f.5476A98C3DC04D0CE82D825B1225579B.d.C798DA8F9D4A0FA6F124DB339F739674.e.564/click - {}
RESULT: {}
COMMAND: GET /session/4b43dd8acd0bd09b3f4a8d98a717555a/screenshot - {}
RESULT: {}
COMMAND: POST /session/4b43dd8acd0bd09b3f4a8d98a717555a/element - {"using":"xpath","value":"//header[contains(@id, \"application-addressmanagement-display-component---detailAdm--ObjectPageLayout-headerTitle\")]/div[1]/div[3]/div[2]/span"}
RESULT: {"using":"xpath","value":"//header[contains(@id, \"application-addressmanagement-display-component---detailAdm--ObjectPageLayout-headerTitle\")]/div[1]/div[3]/div[2]/span"}
COMMAND: POST /session/4b43dd8acd0bd09b3f4a8d98a717555a/elements - {"using":"xpath","value":"//header[contains(@id, \"application-addressmanagement-display-component---detailAdm--ObjectPageLayout-headerTitle\")]/div[1]/div[3]/div[2]/span"}
RESULT: {"using":"xpath","value":"//header[contains(@id, \"application-addressmanagement-display-component---detailAdm--ObjectPageLayout-headerTitle\")]/div[1]/div[3]/div[2]/span"}
COMMAND: POST /session/4b43dd8acd0bd09b3f4a8d98a717555a/execute/sync - {"script":"<script> [56 bytes]","args":[{"element-6066-11e4-a52e-4f735466cecf":"f.5476A98C3DC04D0CE82D825B1225579B.d.C798DA8F9D4A0FA6F124DB339F739674.e.594","ELEMENT":"f.5476A98C3DC04D0CE82D825B1225579B.d.C798DA8F9D4A0FA6F124DB339F739674.e.594"}]}
RESULT: {"script":"<script> [56 bytes]","args":[{"element-6066-11e4-a52e-4f735466cecf":"f.5476A98C3DC04D0CE82D825B1225579B.d.C798DA8F9D4A0FA6F124DB339F739674.e.594","ELEMENT":"f.5476A98C3DC04D0CE82D825B1225579B.d.C798DA8F9D4A0FA6F124DB339F739674.e.594"}]}
COMMAND: GET /session/4b43dd8acd0bd09b3f4a8d98a717555a/screenshot - {}
RESULT: {}
COMMAND: POST /session/4b43dd8acd0bd09b3f4a8d98a717555a/element - {"using":"css selector","value":"#shell-header-logo"}
RESULT: {"using":"css selector","value":"#shell-header-logo"}
COMMAND: POST /session/4b43dd8acd0bd09b3f4a8d98a717555a/element/f.5476A98C3DC04D0CE82D825B1225579B.d.C798DA8F9D4A0FA6F124DB339F739674.e.253/click - {}
RESULT: {}
COMMAND: GET /session/4b43dd8acd0bd09b3f4a8d98a717555a/screenshot - {}
RESULT: {}
]]></system-out>
    </testcase>
    <testcase classname="chrome.136_0_7103_93.windows.Address_Management_Tests_US156181_US151165_US151160_US156180_US156178_US151157_US151172_US151170_US151166_US151168" name="Step 2 Should deactivate the created address in earlier step US151165" time="41.034">
      <system-out><![CDATA[
RESULT: undefined
COMMAND: POST /session/4b43dd8acd0bd09b3f4a8d98a717555a/element - {"using":"xpath","value":"//*[@id=\"__tile33\"]"}
RESULT: {"using":"xpath","value":"//*[@id=\"__tile33\"]"}
COMMAND: POST /session/4b43dd8acd0bd09b3f4a8d98a717555a/element/f.5476A98C3DC04D0CE82D825B1225579B.d.C798DA8F9D4A0FA6F124DB339F739674.e.211/click - {}
RESULT: {}
COMMAND: GET /session/4b43dd8acd0bd09b3f4a8d98a717555a/screenshot - {}
RESULT: {}
COMMAND: POST /session/4b43dd8acd0bd09b3f4a8d98a717555a/elements - {"using":"xpath","value":"//span[text()='Error']"}
RESULT: {"using":"xpath","value":"//span[text()='Error']"}
COMMAND: POST /session/4b43dd8acd0bd09b3f4a8d98a717555a/element - {"using":"xpath","value":"//button[@data-kt=\"addButton\"]"}
RESULT: {"using":"xpath","value":"//button[@data-kt=\"addButton\"]"}
COMMAND: POST /session/4b43dd8acd0bd09b3f4a8d98a717555a/elements - {"using":"xpath","value":"//button[@data-kt=\"addButton\"]"}
RESULT: {"using":"xpath","value":"//button[@data-kt=\"addButton\"]"}
COMMAND: POST /session/4b43dd8acd0bd09b3f4a8d98a717555a/execute/sync - {"script":"<script> [8489 bytes]","args":[{"element-6066-11e4-a52e-4f735466cecf":"f.5476A98C3DC04D0CE82D825B1225579B.d.C798DA8F9D4A0FA6F124DB339F739674.e.637","ELEMENT":"f.5476A98C3DC04D0CE82D825B1225579B.d.C798DA8F9D4A0FA6F124DB339F739674.e.637"}]}
RESULT: {"script":"<script> [8489 bytes]","args":[{"element-6066-11e4-a52e-4f735466cecf":"f.5476A98C3DC04D0CE82D825B1225579B.d.C798DA8F9D4A0FA6F124DB339F739674.e.637","ELEMENT":"f.5476A98C3DC04D0CE82D825B1225579B.d.C798DA8F9D4A0FA6F124DB339F739674.e.637"}]}
COMMAND: GET /session/4b43dd8acd0bd09b3f4a8d98a717555a/element/f.5476A98C3DC04D0CE82D825B1225579B.d.C798DA8F9D4A0FA6F124DB339F739674.e.637/enabled - {}
COMMAND: GET /session/4b43dd8acd0bd09b3f4a8d98a717555a/screenshot - {}
RESULT: {}
COMMAND: POST /session/4b43dd8acd0bd09b3f4a8d98a717555a/execute/sync - {"script":"<script> [8489 bytes]","args":[{"element-6066-11e4-a52e-4f735466cecf":"f.5476A98C3DC04D0CE82D825B1225579B.d.C798DA8F9D4A0FA6F124DB339F739674.e.637","ELEMENT":"f.5476A98C3DC04D0CE82D825B1225579B.d.C798DA8F9D4A0FA6F124DB339F739674.e.637"}]}
COMMAND: GET /session/4b43dd8acd0bd09b3f4a8d98a717555a/screenshot - {}
RESULT: {}
RESULT: {"script":"<script> [8489 bytes]","args":[{"element-6066-11e4-a52e-4f735466cecf":"f.5476A98C3DC04D0CE82D825B1225579B.d.C798DA8F9D4A0FA6F124DB339F739674.e.637","ELEMENT":"f.5476A98C3DC04D0CE82D825B1225579B.d.C798DA8F9D4A0FA6F124DB339F739674.e.637"}]}
COMMAND: POST /session/4b43dd8acd0bd09b3f4a8d98a717555a/execute/sync - {"script":"<script> [5351 bytes]","args":[{"element-6066-11e4-a52e-4f735466cecf":"f.5476A98C3DC04D0CE82D825B1225579B.d.C798DA8F9D4A0FA6F124DB339F739674.e.637","ELEMENT":"f.5476A98C3DC04D0CE82D825B1225579B.d.C798DA8F9D4A0FA6F124DB339F739674.e.637"}]}
COMMAND: GET /session/4b43dd8acd0bd09b3f4a8d98a717555a/screenshot - {}
RESULT: {}
RESULT: {"script":"<script> [5351 bytes]","args":[{"element-6066-11e4-a52e-4f735466cecf":"f.5476A98C3DC04D0CE82D825B1225579B.d.C798DA8F9D4A0FA6F124DB339F739674.e.637","ELEMENT":"f.5476A98C3DC04D0CE82D825B1225579B.d.C798DA8F9D4A0FA6F124DB339F739674.e.637"}]}
COMMAND: GET /session/4b43dd8acd0bd09b3f4a8d98a717555a/screenshot - {}
RESULT: {}
RESULT: {}
RESULT: undefined
COMMAND: POST /session/4b43dd8acd0bd09b3f4a8d98a717555a/execute/async - {"script":"<script> [776 bytes]","args":[{"enterText":"jtJeQwtuc3","selector":{"id":"application-addressmanagement-display-component---masterAdm--smartFilterBar-btnBasicSearch","interaction":{"idSuffix":"I"}},"clearTextFirst":true,"interactionType":"ENTER_TEXT"}]}
RESULT: {"script":"<script> [776 bytes]","args":[{"enterText":"jtJeQwtuc3","selector":{"id":"application-addressmanagement-display-component---masterAdm--smartFilterBar-btnBasicSearch","interaction":{"idSuffix":"I"}},"clearTextFirst":true,"interactionType":"ENTER_TEXT"}]}
COMMAND: POST /session/4b43dd8acd0bd09b3f4a8d98a717555a/actions - {"actions":[{"id":"action2","type":"key","parameters":{},"actions":[{"type":"keyDown","value":""},{"type":"pause","duration":10},{"type":"keyUp","value":""}]}]}
RESULT: {"actions":[{"id":"action2","type":"key","parameters":{},"actions":[{"type":"keyDown","value":""},{"type":"pause","duration":10},{"type":"keyUp","value":""}]}]}
COMMAND: GET /session/4b43dd8acd0bd09b3f4a8d98a717555a/screenshot - {}
RESULT: {}
COMMAND: POST /session/4b43dd8acd0bd09b3f4a8d98a717555a/elements - {"using":"xpath","value":"//table[contains(@id, \"customPersonsAddressesTable-listUl\")]/tbody/tr"}
RESULT: {"using":"xpath","value":"//table[contains(@id, \"customPersonsAddressesTable-listUl\")]/tbody/tr"}
COMMAND: POST /session/4b43dd8acd0bd09b3f4a8d98a717555a/element - {"using":"xpath","value":"//table[contains(@id, \"customPersonsAddressesTable-listUl\")]/tbody/tr[1]/td[5]/span/span"}
RESULT: {"using":"xpath","value":"//table[contains(@id, \"customPersonsAddressesTable-listUl\")]/tbody/tr[1]/td[5]/span/span"}
COMMAND: POST /session/4b43dd8acd0bd09b3f4a8d98a717555a/element - {"using":"xpath","value":"//table[contains(@id, \"customPersonsAddressesTable-listUl\")]/tbody/tr[1]/td[3]/span"}
RESULT: {"using":"xpath","value":"//table[contains(@id, \"customPersonsAddressesTable-listUl\")]/tbody/tr[1]/td[3]/span"}
COMMAND: POST /session/4b43dd8acd0bd09b3f4a8d98a717555a/elements - {"using":"xpath","value":"//table[contains(@id, \"customPersonsAddressesTable-listUl\")]/tbody/tr[1]/td[5]/span/span"}
RESULT: {"using":"xpath","value":"//table[contains(@id, \"customPersonsAddressesTable-listUl\")]/tbody/tr[1]/td[5]/span/span"}
COMMAND: POST /session/4b43dd8acd0bd09b3f4a8d98a717555a/execute/sync - {"script":"<script> [56 bytes]","args":[{"element-6066-11e4-a52e-4f735466cecf":"f.5476A98C3DC04D0CE82D825B1225579B.d.C798DA8F9D4A0FA6F124DB339F739674.e.789","ELEMENT":"f.5476A98C3DC04D0CE82D825B1225579B.d.C798DA8F9D4A0FA6F124DB339F739674.e.789"}]}
RESULT: {"script":"<script> [56 bytes]","args":[{"element-6066-11e4-a52e-4f735466cecf":"f.5476A98C3DC04D0CE82D825B1225579B.d.C798DA8F9D4A0FA6F124DB339F739674.e.789","ELEMENT":"f.5476A98C3DC04D0CE82D825B1225579B.d.C798DA8F9D4A0FA6F124DB339F739674.e.789"}]}
COMMAND: POST /session/4b43dd8acd0bd09b3f4a8d98a717555a/execute/sync - {"script":"<script> [56 bytes]","args":[{"element-6066-11e4-a52e-4f735466cecf":"f.5476A98C3DC04D0CE82D825B1225579B.d.C798DA8F9D4A0FA6F124DB339F739674.e.790","ELEMENT":"f.5476A98C3DC04D0CE82D825B1225579B.d.C798DA8F9D4A0FA6F124DB339F739674.e.790"}]}
COMMAND: GET /session/4b43dd8acd0bd09b3f4a8d98a717555a/screenshot - {}
RESULT: {"script":"<script> [56 bytes]","args":[{"element-6066-11e4-a52e-4f735466cecf":"f.5476A98C3DC04D0CE82D825B1225579B.d.C798DA8F9D4A0FA6F124DB339F739674.e.790","ELEMENT":"f.5476A98C3DC04D0CE82D825B1225579B.d.C798DA8F9D4A0FA6F124DB339F739674.e.790"}]}
COMMAND: POST /session/4b43dd8acd0bd09b3f4a8d98a717555a/element - {"using":"xpath","value":"//table[contains(@id, \"customPersonsAddressesTable-listUl\")]/tbody/tr[1]/td[10]/div/span"}
COMMAND: GET /session/4b43dd8acd0bd09b3f4a8d98a717555a/screenshot - {}
RESULT: {}
RESULT: {"using":"xpath","value":"//table[contains(@id, \"customPersonsAddressesTable-listUl\")]/tbody/tr[1]/td[10]/div/span"}
COMMAND: POST /session/4b43dd8acd0bd09b3f4a8d98a717555a/execute/sync - {"script":"<script> [56 bytes]","args":[{"element-6066-11e4-a52e-4f735466cecf":"f.5476A98C3DC04D0CE82D825B1225579B.d.C798DA8F9D4A0FA6F124DB339F739674.e.791","ELEMENT":"f.5476A98C3DC04D0CE82D825B1225579B.d.C798DA8F9D4A0FA6F124DB339F739674.e.791"}]}
RESULT: {}
RESULT: {"script":"<script> [56 bytes]","args":[{"element-6066-11e4-a52e-4f735466cecf":"f.5476A98C3DC04D0CE82D825B1225579B.d.C798DA8F9D4A0FA6F124DB339F739674.e.791","ELEMENT":"f.5476A98C3DC04D0CE82D825B1225579B.d.C798DA8F9D4A0FA6F124DB339F739674.e.791"}]}
COMMAND: POST /session/4b43dd8acd0bd09b3f4a8d98a717555a/element - {"using":"xpath","value":"//table[contains(@id, \"customPersonsAddressesTable-listUl\")]/tbody/tr[1]/td[2]/div/div"}
COMMAND: GET /session/4b43dd8acd0bd09b3f4a8d98a717555a/screenshot - {}
RESULT: {"using":"xpath","value":"//table[contains(@id, \"customPersonsAddressesTable-listUl\")]/tbody/tr[1]/td[2]/div/div"}
COMMAND: POST /session/4b43dd8acd0bd09b3f4a8d98a717555a/element/f.5476A98C3DC04D0CE82D825B1225579B.d.C798DA8F9D4A0FA6F124DB339F739674.e.792/click - {}
RESULT: {}
RESULT: {}
COMMAND: GET /session/4b43dd8acd0bd09b3f4a8d98a717555a/screenshot - {}
RESULT: {}
COMMAND: POST /session/4b43dd8acd0bd09b3f4a8d98a717555a/element - {"using":"xpath","value":"//bdi[contains(text(), \"Deactivate\")]"}
RESULT: {"using":"xpath","value":"//bdi[contains(text(), \"Deactivate\")]"}
COMMAND: POST /session/4b43dd8acd0bd09b3f4a8d98a717555a/element/f.5476A98C3DC04D0CE82D825B1225579B.d.C798DA8F9D4A0FA6F124DB339F739674.e.793/click - {}
RESULT: {}
COMMAND: GET /session/4b43dd8acd0bd09b3f4a8d98a717555a/screenshot - {}
RESULT: {}
COMMAND: POST /session/4b43dd8acd0bd09b3f4a8d98a717555a/element - {"using":"xpath","value":"//bdi[contains(text(), \"Yes\")]"}
RESULT: {"using":"xpath","value":"//bdi[contains(text(), \"Yes\")]"}
COMMAND: POST /session/4b43dd8acd0bd09b3f4a8d98a717555a/element/f.5476A98C3DC04D0CE82D825B1225579B.d.C798DA8F9D4A0FA6F124DB339F739674.e.795/click - {}
RESULT: {}
COMMAND: GET /session/4b43dd8acd0bd09b3f4a8d98a717555a/screenshot - {}
RESULT: {}
COMMAND: POST /session/4b43dd8acd0bd09b3f4a8d98a717555a/element - {"using":"xpath","value":"//table[contains(@id, \"customPersonsAddressesTable-listUl\")]/tbody/tr[1]/td[10]/div/span"}
RESULT: {"using":"xpath","value":"//table[contains(@id, \"customPersonsAddressesTable-listUl\")]/tbody/tr[1]/td[10]/div/span"}
COMMAND: POST /session/4b43dd8acd0bd09b3f4a8d98a717555a/execute/sync - {"script":"<script> [56 bytes]","args":[{"element-6066-11e4-a52e-4f735466cecf":"f.5476A98C3DC04D0CE82D825B1225579B.d.C798DA8F9D4A0FA6F124DB339F739674.e.791","ELEMENT":"f.5476A98C3DC04D0CE82D825B1225579B.d.C798DA8F9D4A0FA6F124DB339F739674.e.791"}]}
RESULT: {"script":"<script> [56 bytes]","args":[{"element-6066-11e4-a52e-4f735466cecf":"f.5476A98C3DC04D0CE82D825B1225579B.d.C798DA8F9D4A0FA6F124DB339F739674.e.791","ELEMENT":"f.5476A98C3DC04D0CE82D825B1225579B.d.C798DA8F9D4A0FA6F124DB339F739674.e.791"}]}
COMMAND: GET /session/4b43dd8acd0bd09b3f4a8d98a717555a/screenshot - {}
RESULT: {}
COMMAND: POST /session/4b43dd8acd0bd09b3f4a8d98a717555a/element - {"using":"css selector","value":"#shell-header-logo"}
RESULT: {"using":"css selector","value":"#shell-header-logo"}
COMMAND: POST /session/4b43dd8acd0bd09b3f4a8d98a717555a/element/f.5476A98C3DC04D0CE82D825B1225579B.d.C798DA8F9D4A0FA6F124DB339F739674.e.599/click - {}
RESULT: {}
COMMAND: GET /session/4b43dd8acd0bd09b3f4a8d98a717555a/screenshot - {}
RESULT: {}
]]></system-out>
    </testcase>
    <testcase classname="chrome.136_0_7103_93.windows.Address_Management_Tests_US156181_US151165_US151160_US156180_US156178_US151157_US151172_US151170_US151166_US151168" name="Step 3 Should activate the created address back again US151160" time="40.25">
      <system-out><![CDATA[
RESULT: undefined
COMMAND: POST /session/4b43dd8acd0bd09b3f4a8d98a717555a/element - {"using":"xpath","value":"//*[@id=\"__tile33\"]"}
RESULT: {"using":"xpath","value":"//*[@id=\"__tile33\"]"}
COMMAND: POST /session/4b43dd8acd0bd09b3f4a8d98a717555a/element/f.5476A98C3DC04D0CE82D825B1225579B.d.C798DA8F9D4A0FA6F124DB339F739674.e.211/click - {}
RESULT: {}
COMMAND: GET /session/4b43dd8acd0bd09b3f4a8d98a717555a/screenshot - {}
RESULT: {}
COMMAND: POST /session/4b43dd8acd0bd09b3f4a8d98a717555a/elements - {"using":"xpath","value":"//span[text()='Error']"}
RESULT: {"using":"xpath","value":"//span[text()='Error']"}
COMMAND: POST /session/4b43dd8acd0bd09b3f4a8d98a717555a/element - {"using":"xpath","value":"//button[@data-kt=\"addButton\"]"}
RESULT: {"using":"xpath","value":"//button[@data-kt=\"addButton\"]"}
COMMAND: POST /session/4b43dd8acd0bd09b3f4a8d98a717555a/elements - {"using":"xpath","value":"//button[@data-kt=\"addButton\"]"}
RESULT: {"using":"xpath","value":"//button[@data-kt=\"addButton\"]"}
COMMAND: POST /session/4b43dd8acd0bd09b3f4a8d98a717555a/execute/sync - {"script":"<script> [8489 bytes]","args":[{"element-6066-11e4-a52e-4f735466cecf":"f.5476A98C3DC04D0CE82D825B1225579B.d.C798DA8F9D4A0FA6F124DB339F739674.e.848","ELEMENT":"f.5476A98C3DC04D0CE82D825B1225579B.d.C798DA8F9D4A0FA6F124DB339F739674.e.848"}]}
RESULT: {"script":"<script> [8489 bytes]","args":[{"element-6066-11e4-a52e-4f735466cecf":"f.5476A98C3DC04D0CE82D825B1225579B.d.C798DA8F9D4A0FA6F124DB339F739674.e.848","ELEMENT":"f.5476A98C3DC04D0CE82D825B1225579B.d.C798DA8F9D4A0FA6F124DB339F739674.e.848"}]}
COMMAND: GET /session/4b43dd8acd0bd09b3f4a8d98a717555a/element/f.5476A98C3DC04D0CE82D825B1225579B.d.C798DA8F9D4A0FA6F124DB339F739674.e.848/enabled - {}
COMMAND: GET /session/4b43dd8acd0bd09b3f4a8d98a717555a/screenshot - {}
RESULT: {}
COMMAND: POST /session/4b43dd8acd0bd09b3f4a8d98a717555a/execute/sync - {"script":"<script> [8489 bytes]","args":[{"element-6066-11e4-a52e-4f735466cecf":"f.5476A98C3DC04D0CE82D825B1225579B.d.C798DA8F9D4A0FA6F124DB339F739674.e.848","ELEMENT":"f.5476A98C3DC04D0CE82D825B1225579B.d.C798DA8F9D4A0FA6F124DB339F739674.e.848"}]}
COMMAND: GET /session/4b43dd8acd0bd09b3f4a8d98a717555a/screenshot - {}
RESULT: {}
RESULT: {"script":"<script> [8489 bytes]","args":[{"element-6066-11e4-a52e-4f735466cecf":"f.5476A98C3DC04D0CE82D825B1225579B.d.C798DA8F9D4A0FA6F124DB339F739674.e.848","ELEMENT":"f.5476A98C3DC04D0CE82D825B1225579B.d.C798DA8F9D4A0FA6F124DB339F739674.e.848"}]}
COMMAND: POST /session/4b43dd8acd0bd09b3f4a8d98a717555a/execute/sync - {"script":"<script> [5351 bytes]","args":[{"element-6066-11e4-a52e-4f735466cecf":"f.5476A98C3DC04D0CE82D825B1225579B.d.C798DA8F9D4A0FA6F124DB339F739674.e.848","ELEMENT":"f.5476A98C3DC04D0CE82D825B1225579B.d.C798DA8F9D4A0FA6F124DB339F739674.e.848"}]}
COMMAND: GET /session/4b43dd8acd0bd09b3f4a8d98a717555a/screenshot - {}
RESULT: {}
RESULT: {"script":"<script> [5351 bytes]","args":[{"element-6066-11e4-a52e-4f735466cecf":"f.5476A98C3DC04D0CE82D825B1225579B.d.C798DA8F9D4A0FA6F124DB339F739674.e.848","ELEMENT":"f.5476A98C3DC04D0CE82D825B1225579B.d.C798DA8F9D4A0FA6F124DB339F739674.e.848"}]}
COMMAND: GET /session/4b43dd8acd0bd09b3f4a8d98a717555a/screenshot - {}
RESULT: {}
RESULT: {}
RESULT: undefined
COMMAND: POST /session/4b43dd8acd0bd09b3f4a8d98a717555a/execute/async - {"script":"<script> [776 bytes]","args":[{"enterText":"jtJeQwtuc3","selector":{"id":"application-addressmanagement-display-component---masterAdm--smartFilterBar-btnBasicSearch","interaction":{"idSuffix":"I"}},"clearTextFirst":true,"interactionType":"ENTER_TEXT"}]}
RESULT: {"script":"<script> [776 bytes]","args":[{"enterText":"jtJeQwtuc3","selector":{"id":"application-addressmanagement-display-component---masterAdm--smartFilterBar-btnBasicSearch","interaction":{"idSuffix":"I"}},"clearTextFirst":true,"interactionType":"ENTER_TEXT"}]}
COMMAND: POST /session/4b43dd8acd0bd09b3f4a8d98a717555a/actions - {"actions":[{"id":"action3","type":"key","parameters":{},"actions":[{"type":"keyDown","value":""},{"type":"pause","duration":10},{"type":"keyUp","value":""}]}]}
RESULT: {"actions":[{"id":"action3","type":"key","parameters":{},"actions":[{"type":"keyDown","value":""},{"type":"pause","duration":10},{"type":"keyUp","value":""}]}]}
COMMAND: GET /session/4b43dd8acd0bd09b3f4a8d98a717555a/screenshot - {}
RESULT: {}
COMMAND: POST /session/4b43dd8acd0bd09b3f4a8d98a717555a/elements - {"using":"xpath","value":"//table[contains(@id, \"customPersonsAddressesTable-listUl\")]/tbody/tr"}
RESULT: {"using":"xpath","value":"//table[contains(@id, \"customPersonsAddressesTable-listUl\")]/tbody/tr"}
COMMAND: POST /session/4b43dd8acd0bd09b3f4a8d98a717555a/element - {"using":"xpath","value":"//table[contains(@id, \"customPersonsAddressesTable-listUl\")]/tbody/tr[1]/td[5]/span/span"}
RESULT: {"using":"xpath","value":"//table[contains(@id, \"customPersonsAddressesTable-listUl\")]/tbody/tr[1]/td[5]/span/span"}
COMMAND: POST /session/4b43dd8acd0bd09b3f4a8d98a717555a/element - {"using":"xpath","value":"//table[contains(@id, \"customPersonsAddressesTable-listUl\")]/tbody/tr[1]/td[3]/span"}
RESULT: {"using":"xpath","value":"//table[contains(@id, \"customPersonsAddressesTable-listUl\")]/tbody/tr[1]/td[3]/span"}
COMMAND: POST /session/4b43dd8acd0bd09b3f4a8d98a717555a/elements - {"using":"xpath","value":"//table[contains(@id, \"customPersonsAddressesTable-listUl\")]/tbody/tr[1]/td[5]/span/span"}
RESULT: {"using":"xpath","value":"//table[contains(@id, \"customPersonsAddressesTable-listUl\")]/tbody/tr[1]/td[5]/span/span"}
COMMAND: POST /session/4b43dd8acd0bd09b3f4a8d98a717555a/execute/sync - {"script":"<script> [56 bytes]","args":[{"element-6066-11e4-a52e-4f735466cecf":"f.5476A98C3DC04D0CE82D825B1225579B.d.C798DA8F9D4A0FA6F124DB339F739674.e.992","ELEMENT":"f.5476A98C3DC04D0CE82D825B1225579B.d.C798DA8F9D4A0FA6F124DB339F739674.e.992"}]}
RESULT: {"script":"<script> [56 bytes]","args":[{"element-6066-11e4-a52e-4f735466cecf":"f.5476A98C3DC04D0CE82D825B1225579B.d.C798DA8F9D4A0FA6F124DB339F739674.e.992","ELEMENT":"f.5476A98C3DC04D0CE82D825B1225579B.d.C798DA8F9D4A0FA6F124DB339F739674.e.992"}]}
COMMAND: POST /session/4b43dd8acd0bd09b3f4a8d98a717555a/execute/sync - {"script":"<script> [56 bytes]","args":[{"element-6066-11e4-a52e-4f735466cecf":"f.5476A98C3DC04D0CE82D825B1225579B.d.C798DA8F9D4A0FA6F124DB339F739674.e.993","ELEMENT":"f.5476A98C3DC04D0CE82D825B1225579B.d.C798DA8F9D4A0FA6F124DB339F739674.e.993"}]}
COMMAND: GET /session/4b43dd8acd0bd09b3f4a8d98a717555a/screenshot - {}
RESULT: {"script":"<script> [56 bytes]","args":[{"element-6066-11e4-a52e-4f735466cecf":"f.5476A98C3DC04D0CE82D825B1225579B.d.C798DA8F9D4A0FA6F124DB339F739674.e.993","ELEMENT":"f.5476A98C3DC04D0CE82D825B1225579B.d.C798DA8F9D4A0FA6F124DB339F739674.e.993"}]}
COMMAND: POST /session/4b43dd8acd0bd09b3f4a8d98a717555a/element - {"using":"xpath","value":"//table[contains(@id, \"customPersonsAddressesTable-listUl\")]/tbody/tr[1]/td[10]/div/span"}
COMMAND: GET /session/4b43dd8acd0bd09b3f4a8d98a717555a/screenshot - {}
RESULT: {}
RESULT: {"using":"xpath","value":"//table[contains(@id, \"customPersonsAddressesTable-listUl\")]/tbody/tr[1]/td[10]/div/span"}
COMMAND: POST /session/4b43dd8acd0bd09b3f4a8d98a717555a/execute/sync - {"script":"<script> [56 bytes]","args":[{"element-6066-11e4-a52e-4f735466cecf":"f.5476A98C3DC04D0CE82D825B1225579B.d.C798DA8F9D4A0FA6F124DB339F739674.e.994","ELEMENT":"f.5476A98C3DC04D0CE82D825B1225579B.d.C798DA8F9D4A0FA6F124DB339F739674.e.994"}]}
RESULT: {}
RESULT: {"script":"<script> [56 bytes]","args":[{"element-6066-11e4-a52e-4f735466cecf":"f.5476A98C3DC04D0CE82D825B1225579B.d.C798DA8F9D4A0FA6F124DB339F739674.e.994","ELEMENT":"f.5476A98C3DC04D0CE82D825B1225579B.d.C798DA8F9D4A0FA6F124DB339F739674.e.994"}]}
COMMAND: POST /session/4b43dd8acd0bd09b3f4a8d98a717555a/element - {"using":"xpath","value":"//table[contains(@id, \"customPersonsAddressesTable-listUl\")]/tbody/tr[1]/td[2]/div/div"}
COMMAND: GET /session/4b43dd8acd0bd09b3f4a8d98a717555a/screenshot - {}
RESULT: {"using":"xpath","value":"//table[contains(@id, \"customPersonsAddressesTable-listUl\")]/tbody/tr[1]/td[2]/div/div"}
COMMAND: POST /session/4b43dd8acd0bd09b3f4a8d98a717555a/element/f.5476A98C3DC04D0CE82D825B1225579B.d.C798DA8F9D4A0FA6F124DB339F739674.e.995/click - {}
RESULT: {}
RESULT: {}
COMMAND: GET /session/4b43dd8acd0bd09b3f4a8d98a717555a/screenshot - {}
RESULT: {}
COMMAND: POST /session/4b43dd8acd0bd09b3f4a8d98a717555a/element - {"using":"xpath","value":"//bdi[contains(text(), \"Activate\")]"}
RESULT: {"using":"xpath","value":"//bdi[contains(text(), \"Activate\")]"}
COMMAND: POST /session/4b43dd8acd0bd09b3f4a8d98a717555a/element/f.5476A98C3DC04D0CE82D825B1225579B.d.C798DA8F9D4A0FA6F124DB339F739674.e.996/click - {}
RESULT: {}
COMMAND: GET /session/4b43dd8acd0bd09b3f4a8d98a717555a/screenshot - {}
RESULT: {}
COMMAND: POST /session/4b43dd8acd0bd09b3f4a8d98a717555a/element - {"using":"xpath","value":"//bdi[contains(text(), \"Yes\")]"}
RESULT: {"using":"xpath","value":"//bdi[contains(text(), \"Yes\")]"}
COMMAND: POST /session/4b43dd8acd0bd09b3f4a8d98a717555a/element/f.5476A98C3DC04D0CE82D825B1225579B.d.C798DA8F9D4A0FA6F124DB339F739674.e.998/click - {}
RESULT: {}
COMMAND: GET /session/4b43dd8acd0bd09b3f4a8d98a717555a/screenshot - {}
RESULT: {}
COMMAND: POST /session/4b43dd8acd0bd09b3f4a8d98a717555a/element - {"using":"xpath","value":"//table[contains(@id, \"customPersonsAddressesTable-listUl\")]/tbody/tr[1]/td[10]/div/span"}
RESULT: {"using":"xpath","value":"//table[contains(@id, \"customPersonsAddressesTable-listUl\")]/tbody/tr[1]/td[10]/div/span"}
COMMAND: POST /session/4b43dd8acd0bd09b3f4a8d98a717555a/execute/sync - {"script":"<script> [56 bytes]","args":[{"element-6066-11e4-a52e-4f735466cecf":"f.5476A98C3DC04D0CE82D825B1225579B.d.C798DA8F9D4A0FA6F124DB339F739674.e.994","ELEMENT":"f.5476A98C3DC04D0CE82D825B1225579B.d.C798DA8F9D4A0FA6F124DB339F739674.e.994"}]}
RESULT: {"script":"<script> [56 bytes]","args":[{"element-6066-11e4-a52e-4f735466cecf":"f.5476A98C3DC04D0CE82D825B1225579B.d.C798DA8F9D4A0FA6F124DB339F739674.e.994","ELEMENT":"f.5476A98C3DC04D0CE82D825B1225579B.d.C798DA8F9D4A0FA6F124DB339F739674.e.994"}]}
COMMAND: GET /session/4b43dd8acd0bd09b3f4a8d98a717555a/screenshot - {}
RESULT: {}
COMMAND: POST /session/4b43dd8acd0bd09b3f4a8d98a717555a/element - {"using":"css selector","value":"#shell-header-logo"}
RESULT: {"using":"css selector","value":"#shell-header-logo"}
COMMAND: POST /session/4b43dd8acd0bd09b3f4a8d98a717555a/element/f.5476A98C3DC04D0CE82D825B1225579B.d.C798DA8F9D4A0FA6F124DB339F739674.e.814/click - {}
RESULT: {}
COMMAND: GET /session/4b43dd8acd0bd09b3f4a8d98a717555a/screenshot - {}
RESULT: {}
]]></system-out>
    </testcase>
    <testcase classname="chrome.136_0_7103_93.windows.Address_Management_Tests_US156181_US151165_US151160_US156180_US156178_US151157_US151172_US151170_US151166_US151168" name="Step 4 Should verify searches US156180 edit person and address US156178" time="76.061">
      <system-out><![CDATA[
RESULT: undefined
COMMAND: POST /session/4b43dd8acd0bd09b3f4a8d98a717555a/element - {"using":"xpath","value":"//*[@id=\"__tile33\"]"}
RESULT: {"using":"xpath","value":"//*[@id=\"__tile33\"]"}
COMMAND: POST /session/4b43dd8acd0bd09b3f4a8d98a717555a/element/f.5476A98C3DC04D0CE82D825B1225579B.d.C798DA8F9D4A0FA6F124DB339F739674.e.211/click - {}
RESULT: {}
COMMAND: GET /session/4b43dd8acd0bd09b3f4a8d98a717555a/screenshot - {}
RESULT: {}
COMMAND: POST /session/4b43dd8acd0bd09b3f4a8d98a717555a/elements - {"using":"xpath","value":"//span[text()='Error']"}
RESULT: {"using":"xpath","value":"//span[text()='Error']"}
COMMAND: POST /session/4b43dd8acd0bd09b3f4a8d98a717555a/element - {"using":"xpath","value":"//button[@data-kt=\"addButton\"]"}
RESULT: {"using":"xpath","value":"//button[@data-kt=\"addButton\"]"}
COMMAND: POST /session/4b43dd8acd0bd09b3f4a8d98a717555a/elements - {"using":"xpath","value":"//button[@data-kt=\"addButton\"]"}
RESULT: {"using":"xpath","value":"//button[@data-kt=\"addButton\"]"}
COMMAND: POST /session/4b43dd8acd0bd09b3f4a8d98a717555a/execute/sync - {"script":"<script> [8489 bytes]","args":[{"element-6066-11e4-a52e-4f735466cecf":"f.5476A98C3DC04D0CE82D825B1225579B.d.C798DA8F9D4A0FA6F124DB339F739674.e.1060","ELEMENT":"f.5476A98C3DC04D0CE82D825B1225579B.d.C798DA8F9D4A0FA6F124DB339F739674.e.1060"}]}
RESULT: {"script":"<script> [8489 bytes]","args":[{"element-6066-11e4-a52e-4f735466cecf":"f.5476A98C3DC04D0CE82D825B1225579B.d.C798DA8F9D4A0FA6F124DB339F739674.e.1060","ELEMENT":"f.5476A98C3DC04D0CE82D825B1225579B.d.C798DA8F9D4A0FA6F124DB339F739674.e.1060"}]}
COMMAND: GET /session/4b43dd8acd0bd09b3f4a8d98a717555a/element/f.5476A98C3DC04D0CE82D825B1225579B.d.C798DA8F9D4A0FA6F124DB339F739674.e.1060/enabled - {}
COMMAND: GET /session/4b43dd8acd0bd09b3f4a8d98a717555a/screenshot - {}
RESULT: {}
COMMAND: POST /session/4b43dd8acd0bd09b3f4a8d98a717555a/execute/sync - {"script":"<script> [8489 bytes]","args":[{"element-6066-11e4-a52e-4f735466cecf":"f.5476A98C3DC04D0CE82D825B1225579B.d.C798DA8F9D4A0FA6F124DB339F739674.e.1060","ELEMENT":"f.5476A98C3DC04D0CE82D825B1225579B.d.C798DA8F9D4A0FA6F124DB339F739674.e.1060"}]}
COMMAND: GET /session/4b43dd8acd0bd09b3f4a8d98a717555a/screenshot - {}
RESULT: {}
RESULT: {"script":"<script> [8489 bytes]","args":[{"element-6066-11e4-a52e-4f735466cecf":"f.5476A98C3DC04D0CE82D825B1225579B.d.C798DA8F9D4A0FA6F124DB339F739674.e.1060","ELEMENT":"f.5476A98C3DC04D0CE82D825B1225579B.d.C798DA8F9D4A0FA6F124DB339F739674.e.1060"}]}
COMMAND: POST /session/4b43dd8acd0bd09b3f4a8d98a717555a/execute/sync - {"script":"<script> [5351 bytes]","args":[{"element-6066-11e4-a52e-4f735466cecf":"f.5476A98C3DC04D0CE82D825B1225579B.d.C798DA8F9D4A0FA6F124DB339F739674.e.1060","ELEMENT":"f.5476A98C3DC04D0CE82D825B1225579B.d.C798DA8F9D4A0FA6F124DB339F739674.e.1060"}]}
COMMAND: GET /session/4b43dd8acd0bd09b3f4a8d98a717555a/screenshot - {}
RESULT: {}
RESULT: {"script":"<script> [5351 bytes]","args":[{"element-6066-11e4-a52e-4f735466cecf":"f.5476A98C3DC04D0CE82D825B1225579B.d.C798DA8F9D4A0FA6F124DB339F739674.e.1060","ELEMENT":"f.5476A98C3DC04D0CE82D825B1225579B.d.C798DA8F9D4A0FA6F124DB339F739674.e.1060"}]}
COMMAND: GET /session/4b43dd8acd0bd09b3f4a8d98a717555a/screenshot - {}
RESULT: {}
RESULT: {}
RESULT: undefined
COMMAND: POST /session/4b43dd8acd0bd09b3f4a8d98a717555a/execute/async - {"script":"<script> [776 bytes]","args":[{"enterText":"jtJeQwtuc3","selector":{"id":"application-addressmanagement-display-component---masterAdm--smartFilterBar-btnBasicSearch","interaction":{"idSuffix":"I"}},"clearTextFirst":true,"interactionType":"ENTER_TEXT"}]}
RESULT: {"script":"<script> [776 bytes]","args":[{"enterText":"jtJeQwtuc3","selector":{"id":"application-addressmanagement-display-component---masterAdm--smartFilterBar-btnBasicSearch","interaction":{"idSuffix":"I"}},"clearTextFirst":true,"interactionType":"ENTER_TEXT"}]}
COMMAND: POST /session/4b43dd8acd0bd09b3f4a8d98a717555a/actions - {"actions":[{"id":"action4","type":"key","parameters":{},"actions":[{"type":"keyDown","value":""},{"type":"pause","duration":10},{"type":"keyUp","value":""}]}]}
RESULT: {"actions":[{"id":"action4","type":"key","parameters":{},"actions":[{"type":"keyDown","value":""},{"type":"pause","duration":10},{"type":"keyUp","value":""}]}]}
COMMAND: GET /session/4b43dd8acd0bd09b3f4a8d98a717555a/screenshot - {}
RESULT: {}
COMMAND: POST /session/4b43dd8acd0bd09b3f4a8d98a717555a/elements - {"using":"xpath","value":"//table[contains(@id, \"customPersonsAddressesTable-listUl\")]/tbody/tr"}
RESULT: {"using":"xpath","value":"//table[contains(@id, \"customPersonsAddressesTable-listUl\")]/tbody/tr"}
COMMAND: POST /session/4b43dd8acd0bd09b3f4a8d98a717555a/element - {"using":"xpath","value":"//table[contains(@id, \"customPersonsAddressesTable-listUl\")]/tbody/tr[1]/td[5]/span/span"}
RESULT: {"using":"xpath","value":"//table[contains(@id, \"customPersonsAddressesTable-listUl\")]/tbody/tr[1]/td[5]/span/span"}
COMMAND: POST /session/4b43dd8acd0bd09b3f4a8d98a717555a/element - {"using":"xpath","value":"//table[contains(@id, \"customPersonsAddressesTable-listUl\")]/tbody/tr[1]/td[3]/span"}
RESULT: {"using":"xpath","value":"//table[contains(@id, \"customPersonsAddressesTable-listUl\")]/tbody/tr[1]/td[3]/span"}
COMMAND: POST /session/4b43dd8acd0bd09b3f4a8d98a717555a/elements - {"using":"xpath","value":"//table[contains(@id, \"customPersonsAddressesTable-listUl\")]/tbody/tr[1]/td[5]/span/span"}
RESULT: {"using":"xpath","value":"//table[contains(@id, \"customPersonsAddressesTable-listUl\")]/tbody/tr[1]/td[5]/span/span"}
COMMAND: POST /session/4b43dd8acd0bd09b3f4a8d98a717555a/execute/sync - {"script":"<script> [56 bytes]","args":[{"element-6066-11e4-a52e-4f735466cecf":"f.5476A98C3DC04D0CE82D825B1225579B.d.C798DA8F9D4A0FA6F124DB339F739674.e.1202","ELEMENT":"f.5476A98C3DC04D0CE82D825B1225579B.d.C798DA8F9D4A0FA6F124DB339F739674.e.1202"}]}
RESULT: {"script":"<script> [56 bytes]","args":[{"element-6066-11e4-a52e-4f735466cecf":"f.5476A98C3DC04D0CE82D825B1225579B.d.C798DA8F9D4A0FA6F124DB339F739674.e.1202","ELEMENT":"f.5476A98C3DC04D0CE82D825B1225579B.d.C798DA8F9D4A0FA6F124DB339F739674.e.1202"}]}
COMMAND: POST /session/4b43dd8acd0bd09b3f4a8d98a717555a/execute/sync - {"script":"<script> [56 bytes]","args":[{"element-6066-11e4-a52e-4f735466cecf":"f.5476A98C3DC04D0CE82D825B1225579B.d.C798DA8F9D4A0FA6F124DB339F739674.e.1203","ELEMENT":"f.5476A98C3DC04D0CE82D825B1225579B.d.C798DA8F9D4A0FA6F124DB339F739674.e.1203"}]}
COMMAND: GET /session/4b43dd8acd0bd09b3f4a8d98a717555a/screenshot - {}
RESULT: {"script":"<script> [56 bytes]","args":[{"element-6066-11e4-a52e-4f735466cecf":"f.5476A98C3DC04D0CE82D825B1225579B.d.C798DA8F9D4A0FA6F124DB339F739674.e.1203","ELEMENT":"f.5476A98C3DC04D0CE82D825B1225579B.d.C798DA8F9D4A0FA6F124DB339F739674.e.1203"}]}
COMMAND: POST /session/4b43dd8acd0bd09b3f4a8d98a717555a/element - {"using":"xpath","value":"(//span[contains(@id, \"imgNav\")])[1]"}
COMMAND: GET /session/4b43dd8acd0bd09b3f4a8d98a717555a/screenshot - {}
RESULT: {}
RESULT: {"using":"xpath","value":"(//span[contains(@id, \"imgNav\")])[1]"}
COMMAND: POST /session/4b43dd8acd0bd09b3f4a8d98a717555a/element/f.5476A98C3DC04D0CE82D825B1225579B.d.C798DA8F9D4A0FA6F124DB339F739674.e.1199/click - {}
RESULT: {}
RESULT: {}
COMMAND: GET /session/4b43dd8acd0bd09b3f4a8d98a717555a/screenshot - {}
RESULT: {}
COMMAND: POST /session/4b43dd8acd0bd09b3f4a8d98a717555a/element - {"using":"xpath","value":"//bdi[contains(text(), \"Edit\")]"}
RESULT: {"using":"xpath","value":"//bdi[contains(text(), \"Edit\")]"}
COMMAND: POST /session/4b43dd8acd0bd09b3f4a8d98a717555a/element/f.5476A98C3DC04D0CE82D825B1225579B.d.C798DA8F9D4A0FA6F124DB339F739674.e.1317/click - {}
RESULT: {}
COMMAND: GET /session/4b43dd8acd0bd09b3f4a8d98a717555a/screenshot - {}
RESULT: {}
COMMAND: POST /session/4b43dd8acd0bd09b3f4a8d98a717555a/execute/async - {"script":"<script> [1562 bytes]","args":[{"selector":{"controlType":"sap.ui.core.Icon","viewName":"etm.portal.ui.addressmanagement.view.EditDetail","properties":{"src":{"regex":{"source":"slim\\-arrow\\-down"}}},"ancestor":{"id":"addressTitle","viewName":"etm.portal.ui.addressmanagement.view.EditDetail"}},"wdio_ui5_key":"etmportal.ui.addressmanagement.view.EditDetailsap.ui.core.Icon{\"src\":{\"regex\":{\"source\":\"slim\\\\-arrow\\\\-down\"}}}{\"id\":\"addressTitle\",\"viewName\":\"etm.portal.ui.addressmanagement.view.EditDetail\"}"}]}
RESULT: {"script":"<script> [1562 bytes]","args":[{"selector":{"controlType":"sap.ui.core.Icon","viewName":"etm.portal.ui.addressmanagement.view.EditDetail","properties":{"src":{"regex":{"source":"slim\\-arrow\\-down"}}},"ancestor":{"id":"addressTitle","viewName":"etm.portal.ui.addressmanagement.view.EditDetail"}},"wdio_ui5_key":"etmportal.ui.addressmanagement.view.EditDetailsap.ui.core.Icon{\"src\":{\"regex\":{\"source\":\"slim\\\\-arrow\\\\-down\"}}}{\"id\":\"addressTitle\",\"viewName\":\"etm.portal.ui.addressmanagement.view.EditDetail\"}"}]}
RESULT: undefined
COMMAND: POST /session/4b43dd8acd0bd09b3f4a8d98a717555a/element - {"using":"xpath","value":"//*[@id=\"__xmlview59--addressTitle-arrow\"]"}
RESULT: {"using":"xpath","value":"//*[@id=\"__xmlview59--addressTitle-arrow\"]"}
COMMAND: POST /session/4b43dd8acd0bd09b3f4a8d98a717555a/element/f.5476A98C3DC04D0CE82D825B1225579B.d.C798DA8F9D4A0FA6F124DB339F739674.e.1371/click - {}
RESULT: {}
COMMAND: GET /session/4b43dd8acd0bd09b3f4a8d98a717555a/screenshot - {}
RESULT: {}
COMMAND: POST /session/4b43dd8acd0bd09b3f4a8d98a717555a/element - {"using":"xpath","value":"//li[.//span[text()=\"Mr.\"]]"}
RESULT: {"using":"xpath","value":"//li[.//span[text()=\"Mr.\"]]"}
COMMAND: POST /session/4b43dd8acd0bd09b3f4a8d98a717555a/element/f.5476A98C3DC04D0CE82D825B1225579B.d.C798DA8F9D4A0FA6F124DB339F739674.e.1373/click - {}
RESULT: {}
COMMAND: GET /session/4b43dd8acd0bd09b3f4a8d98a717555a/screenshot - {}
RESULT: {}
COMMAND: POST /session/4b43dd8acd0bd09b3f4a8d98a717555a/execute/async - {"script":"<script> [1562 bytes]","args":[{"selector":{"controlType":"sap.m.Input","viewName":"etm.portal.ui.addressmanagement.view.EditDetail","labelFor":{"text":"Last Name"},"interaction":{"idSuffix":"inner"}},"wdio_ui5_key":"etmportal.ui.addressmanagement.view.EditDetailsap.m.Input{\"text\":\"Last Name\"}"}]}
RESULT: {"script":"<script> [1562 bytes]","args":[{"selector":{"controlType":"sap.m.Input","viewName":"etm.portal.ui.addressmanagement.view.EditDetail","labelFor":{"text":"Last Name"},"interaction":{"idSuffix":"inner"}},"wdio_ui5_key":"etmportal.ui.addressmanagement.view.EditDetailsap.m.Input{\"text\":\"Last Name\"}"}]}
RESULT: undefined
COMMAND: POST /session/4b43dd8acd0bd09b3f4a8d98a717555a/execute/async - {"script":"<script> [776 bytes]","args":[{"enterText":"EDIT John Cena","selector":{"controlType":"sap.m.Input","viewName":"etm.portal.ui.addressmanagement.view.EditDetail","labelFor":{"text":"Last Name"},"interaction":{"idSuffix":"inner"}},"clearTextFirst":true,"interactionType":"ENTER_TEXT"}]}
RESULT: {"script":"<script> [776 bytes]","args":[{"enterText":"EDIT John Cena","selector":{"controlType":"sap.m.Input","viewName":"etm.portal.ui.addressmanagement.view.EditDetail","labelFor":{"text":"Last Name"},"interaction":{"idSuffix":"inner"}},"clearTextFirst":true,"interactionType":"ENTER_TEXT"}]}
COMMAND: POST /session/4b43dd8acd0bd09b3f4a8d98a717555a/execute/async - {"script":"<script> [1562 bytes]","args":[{"selector":{"controlType":"sap.ui.core.Icon","viewName":"etm.portal.ui.addressmanagement.view.EditDetail","properties":{"src":{"regex":{"source":"slim\\-arrow\\-down"}}},"ancestor":{"id":"addressDetailDetailsLanguage","viewName":"etm.portal.ui.addressmanagement.view.EditDetail"}},"wdio_ui5_key":"etmportal.ui.addressmanagement.view.EditDetailsap.ui.core.Icon{\"src\":{\"regex\":{\"source\":\"slim\\\\-arrow\\\\-down\"}}}{\"id\":\"addressDetailDetailsLanguage\",\"viewName\":\"etm.portal.ui.addressmanagement.view.EditDetail\"}"}]}
RESULT: {"script":"<script> [1562 bytes]","args":[{"selector":{"controlType":"sap.ui.core.Icon","viewName":"etm.portal.ui.addressmanagement.view.EditDetail","properties":{"src":{"regex":{"source":"slim\\-arrow\\-down"}}},"ancestor":{"id":"addressDetailDetailsLanguage","viewName":"etm.portal.ui.addressmanagement.view.EditDetail"}},"wdio_ui5_key":"etmportal.ui.addressmanagement.view.EditDetailsap.ui.core.Icon{\"src\":{\"regex\":{\"source\":\"slim\\\\-arrow\\\\-down\"}}}{\"id\":\"addressDetailDetailsLanguage\",\"viewName\":\"etm.portal.ui.addressmanagement.view.EditDetail\"}"}]}
RESULT: undefined
COMMAND: POST /session/4b43dd8acd0bd09b3f4a8d98a717555a/element - {"using":"xpath","value":"//*[@id=\"__xmlview59--addressDetailDetailsLanguage-arrow\"]"}
RESULT: {"using":"xpath","value":"//*[@id=\"__xmlview59--addressDetailDetailsLanguage-arrow\"]"}
COMMAND: POST /session/4b43dd8acd0bd09b3f4a8d98a717555a/element/f.5476A98C3DC04D0CE82D825B1225579B.d.C798DA8F9D4A0FA6F124DB339F739674.e.1376/click - {}
RESULT: {}
COMMAND: GET /session/4b43dd8acd0bd09b3f4a8d98a717555a/screenshot - {}
RESULT: {}
COMMAND: POST /session/4b43dd8acd0bd09b3f4a8d98a717555a/element - {"using":"xpath","value":"//span[contains(text(), \"Bulgarian\")]"}
RESULT: {"using":"xpath","value":"//span[contains(text(), \"Bulgarian\")]"}
COMMAND: POST /session/4b43dd8acd0bd09b3f4a8d98a717555a/element/f.5476A98C3DC04D0CE82D825B1225579B.d.C798DA8F9D4A0FA6F124DB339F739674.e.1377/click - {}
RESULT: {}
COMMAND: GET /session/4b43dd8acd0bd09b3f4a8d98a717555a/screenshot - {}
RESULT: {}
COMMAND: POST /session/4b43dd8acd0bd09b3f4a8d98a717555a/execute/async - {"script":"<script> [1562 bytes]","args":[{"selector":{"controlType":"sap.m.Input","viewName":"etm.portal.ui.addressmanagement.view.EditDetail","labelFor":{"text":"ZIP/Postal code"},"interaction":{"idSuffix":"inner"}},"wdio_ui5_key":"etmportal.ui.addressmanagement.view.EditDetailsap.m.Input{\"text\":\"ZIP/Postal code\"}"}]}
RESULT: {"script":"<script> [1562 bytes]","args":[{"selector":{"controlType":"sap.m.Input","viewName":"etm.portal.ui.addressmanagement.view.EditDetail","labelFor":{"text":"ZIP/Postal code"},"interaction":{"idSuffix":"inner"}},"wdio_ui5_key":"etmportal.ui.addressmanagement.view.EditDetailsap.m.Input{\"text\":\"ZIP/Postal code\"}"}]}
RESULT: undefined
COMMAND: POST /session/4b43dd8acd0bd09b3f4a8d98a717555a/execute/async - {"script":"<script> [776 bytes]","args":[{"enterText":"500292","selector":{"controlType":"sap.m.Input","viewName":"etm.portal.ui.addressmanagement.view.EditDetail","labelFor":{"text":"ZIP/Postal code"},"interaction":{"idSuffix":"inner"}},"clearTextFirst":true,"interactionType":"ENTER_TEXT"}]}
RESULT: {"script":"<script> [776 bytes]","args":[{"enterText":"500292","selector":{"controlType":"sap.m.Input","viewName":"etm.portal.ui.addressmanagement.view.EditDetail","labelFor":{"text":"ZIP/Postal code"},"interaction":{"idSuffix":"inner"}},"clearTextFirst":true,"interactionType":"ENTER_TEXT"}]}
COMMAND: POST /session/4b43dd8acd0bd09b3f4a8d98a717555a/execute/async - {"script":"<script> [1562 bytes]","args":[{"selector":{"id":"addressDetailContactsEmail","viewName":"etm.portal.ui.addressmanagement.view.EditDetail","interaction":{"idSuffix":"inner"}},"wdio_ui5_key":"addressDetailContactsEmailetmportal.ui.addressmanagement.view.EditDetail"}]}
RESULT: {"script":"<script> [1562 bytes]","args":[{"selector":{"id":"addressDetailContactsEmail","viewName":"etm.portal.ui.addressmanagement.view.EditDetail","interaction":{"idSuffix":"inner"}},"wdio_ui5_key":"addressDetailContactsEmailetmportal.ui.addressmanagement.view.EditDetail"}]}
RESULT: undefined
COMMAND: POST /session/4b43dd8acd0bd09b3f4a8d98a717555a/execute/async - {"script":"<script> [776 bytes]","args":[{"enterText":"webdriverrules@emailfake.com","selector":{"id":"addressDetailContactsEmail","viewName":"etm.portal.ui.addressmanagement.view.EditDetail","interaction":{"idSuffix":"inner"}},"clearTextFirst":true,"interactionType":"ENTER_TEXT"}]}
RESULT: {"script":"<script> [776 bytes]","args":[{"enterText":"webdriverrules@emailfake.com","selector":{"id":"addressDetailContactsEmail","viewName":"etm.portal.ui.addressmanagement.view.EditDetail","interaction":{"idSuffix":"inner"}},"clearTextFirst":true,"interactionType":"ENTER_TEXT"}]}
COMMAND: POST /session/4b43dd8acd0bd09b3f4a8d98a717555a/execute/async - {"script":"<script> [1562 bytes]","args":[{"selector":{"id":"addressUserJobTitle","viewName":"etm.portal.ui.addressmanagement.view.EditDetail","interaction":{"idSuffix":"inner"}},"wdio_ui5_key":"addressUserJobTitleetmportal.ui.addressmanagement.view.EditDetail"}]}
RESULT: {"script":"<script> [1562 bytes]","args":[{"selector":{"id":"addressUserJobTitle","viewName":"etm.portal.ui.addressmanagement.view.EditDetail","interaction":{"idSuffix":"inner"}},"wdio_ui5_key":"addressUserJobTitleetmportal.ui.addressmanagement.view.EditDetail"}]}
RESULT: undefined
COMMAND: POST /session/4b43dd8acd0bd09b3f4a8d98a717555a/execute/async - {"script":"<script> [776 bytes]","args":[{"enterText":"director","selector":{"id":"addressUserJobTitle","viewName":"etm.portal.ui.addressmanagement.view.EditDetail","interaction":{"idSuffix":"inner"}},"clearTextFirst":true,"interactionType":"ENTER_TEXT"}]}
RESULT: {"script":"<script> [776 bytes]","args":[{"enterText":"director","selector":{"id":"addressUserJobTitle","viewName":"etm.portal.ui.addressmanagement.view.EditDetail","interaction":{"idSuffix":"inner"}},"clearTextFirst":true,"interactionType":"ENTER_TEXT"}]}
COMMAND: POST /session/4b43dd8acd0bd09b3f4a8d98a717555a/execute/async - {"script":"<script> [1562 bytes]","args":[{"selector":{"id":"tagMultiInput","viewName":"etm.portal.ui.addressmanagement.view.EditDetail","interaction":{"idSuffix":"inner"}},"wdio_ui5_key":"tagMultiInputetmportal.ui.addressmanagement.view.EditDetail"}]}
RESULT: {"script":"<script> [1562 bytes]","args":[{"selector":{"id":"tagMultiInput","viewName":"etm.portal.ui.addressmanagement.view.EditDetail","interaction":{"idSuffix":"inner"}},"wdio_ui5_key":"tagMultiInputetmportal.ui.addressmanagement.view.EditDetail"}]}
RESULT: undefined
COMMAND: POST /session/4b43dd8acd0bd09b3f4a8d98a717555a/execute/async - {"script":"<script> [776 bytes]","args":[{"enterText":"testyTag1","selector":{"id":"tagMultiInput","viewName":"etm.portal.ui.addressmanagement.view.EditDetail","interaction":{"idSuffix":"inner"}},"clearTextFirst":true,"interactionType":"ENTER_TEXT"}]}
RESULT: {"script":"<script> [776 bytes]","args":[{"enterText":"testyTag1","selector":{"id":"tagMultiInput","viewName":"etm.portal.ui.addressmanagement.view.EditDetail","interaction":{"idSuffix":"inner"}},"clearTextFirst":true,"interactionType":"ENTER_TEXT"}]}
COMMAND: POST /session/4b43dd8acd0bd09b3f4a8d98a717555a/actions - {"actions":[{"id":"action5","type":"key","parameters":{},"actions":[{"type":"keyDown","value":""},{"type":"pause","duration":10},{"type":"keyUp","value":""}]}]}
RESULT: {"actions":[{"id":"action5","type":"key","parameters":{},"actions":[{"type":"keyDown","value":""},{"type":"pause","duration":10},{"type":"keyUp","value":""}]}]}
COMMAND: GET /session/4b43dd8acd0bd09b3f4a8d98a717555a/screenshot - {}
RESULT: {}
RESULT: undefined
COMMAND: POST /session/4b43dd8acd0bd09b3f4a8d98a717555a/execute/async - {"script":"<script> [776 bytes]","args":[{"enterText":"taggyTag2","selector":{"id":"tagMultiInput","viewName":"etm.portal.ui.addressmanagement.view.EditDetail","interaction":{"idSuffix":"inner"}},"clearTextFirst":true,"interactionType":"ENTER_TEXT"}]}
RESULT: {"script":"<script> [776 bytes]","args":[{"enterText":"taggyTag2","selector":{"id":"tagMultiInput","viewName":"etm.portal.ui.addressmanagement.view.EditDetail","interaction":{"idSuffix":"inner"}},"clearTextFirst":true,"interactionType":"ENTER_TEXT"}]}
COMMAND: POST /session/4b43dd8acd0bd09b3f4a8d98a717555a/actions - {"actions":[{"id":"action6","type":"key","parameters":{},"actions":[{"type":"keyDown","value":""},{"type":"pause","duration":10},{"type":"keyUp","value":""}]}]}
RESULT: {"actions":[{"id":"action6","type":"key","parameters":{},"actions":[{"type":"keyDown","value":""},{"type":"pause","duration":10},{"type":"keyUp","value":""}]}]}
COMMAND: GET /session/4b43dd8acd0bd09b3f4a8d98a717555a/screenshot - {}
RESULT: {}
COMMAND: POST /session/4b43dd8acd0bd09b3f4a8d98a717555a/element - {"using":"xpath","value":"//button[@data-kt=\"saveButton\"]"}
RESULT: {"using":"xpath","value":"//button[@data-kt=\"saveButton\"]"}
COMMAND: POST /session/4b43dd8acd0bd09b3f4a8d98a717555a/element/f.5476A98C3DC04D0CE82D825B1225579B.d.C798DA8F9D4A0FA6F124DB339F739674.e.1383/click - {}
RESULT: {}
COMMAND: GET /session/4b43dd8acd0bd09b3f4a8d98a717555a/screenshot - {}
RESULT: {}
COMMAND: POST /session/4b43dd8acd0bd09b3f4a8d98a717555a/element - {"using":"xpath","value":"//span[@id=\"application-addressmanagement-display-component---detailAdm--addressTitle\"]"}
RESULT: {"using":"xpath","value":"//span[@id=\"application-addressmanagement-display-component---detailAdm--addressTitle\"]"}
COMMAND: POST /session/4b43dd8acd0bd09b3f4a8d98a717555a/elements - {"using":"xpath","value":"//span[@id=\"application-addressmanagement-display-component---detailAdm--addressTitle\"]"}
RESULT: {"using":"xpath","value":"//span[@id=\"application-addressmanagement-display-component---detailAdm--addressTitle\"]"}
COMMAND: POST /session/4b43dd8acd0bd09b3f4a8d98a717555a/execute/sync - {"script":"<script> [56 bytes]","args":[{"element-6066-11e4-a52e-4f735466cecf":"f.5476A98C3DC04D0CE82D825B1225579B.d.C798DA8F9D4A0FA6F124DB339F739674.e.1403","ELEMENT":"f.5476A98C3DC04D0CE82D825B1225579B.d.C798DA8F9D4A0FA6F124DB339F739674.e.1403"}]}
RESULT: {"script":"<script> [56 bytes]","args":[{"element-6066-11e4-a52e-4f735466cecf":"f.5476A98C3DC04D0CE82D825B1225579B.d.C798DA8F9D4A0FA6F124DB339F739674.e.1403","ELEMENT":"f.5476A98C3DC04D0CE82D825B1225579B.d.C798DA8F9D4A0FA6F124DB339F739674.e.1403"}]}
COMMAND: POST /session/4b43dd8acd0bd09b3f4a8d98a717555a/element - {"using":"xpath","value":"//span[@id=\"application-addressmanagement-display-component---detailAdm--addressDetailDetailsName2\"]"}
COMMAND: GET /session/4b43dd8acd0bd09b3f4a8d98a717555a/screenshot - {}
RESULT: {"using":"xpath","value":"//span[@id=\"application-addressmanagement-display-component---detailAdm--addressDetailDetailsName2\"]"}
COMMAND: POST /session/4b43dd8acd0bd09b3f4a8d98a717555a/elements - {"using":"xpath","value":"//span[@id=\"application-addressmanagement-display-component---detailAdm--addressDetailDetailsName2\"]"}
RESULT: {}
RESULT: {"using":"xpath","value":"//span[@id=\"application-addressmanagement-display-component---detailAdm--addressDetailDetailsName2\"]"}
COMMAND: POST /session/4b43dd8acd0bd09b3f4a8d98a717555a/execute/sync - {"script":"<script> [56 bytes]","args":[{"element-6066-11e4-a52e-4f735466cecf":"f.5476A98C3DC04D0CE82D825B1225579B.d.C798DA8F9D4A0FA6F124DB339F739674.e.1404","ELEMENT":"f.5476A98C3DC04D0CE82D825B1225579B.d.C798DA8F9D4A0FA6F124DB339F739674.e.1404"}]}
RESULT: {"script":"<script> [56 bytes]","args":[{"element-6066-11e4-a52e-4f735466cecf":"f.5476A98C3DC04D0CE82D825B1225579B.d.C798DA8F9D4A0FA6F124DB339F739674.e.1404","ELEMENT":"f.5476A98C3DC04D0CE82D825B1225579B.d.C798DA8F9D4A0FA6F124DB339F739674.e.1404"}]}
COMMAND: POST /session/4b43dd8acd0bd09b3f4a8d98a717555a/element - {"using":"xpath","value":"//span[@id=\"application-addressmanagement-display-component---detailAdm--addressDetailDetailsLanguage\"]"}
COMMAND: GET /session/4b43dd8acd0bd09b3f4a8d98a717555a/screenshot - {}
RESULT: {"using":"xpath","value":"//span[@id=\"application-addressmanagement-display-component---detailAdm--addressDetailDetailsLanguage\"]"}
COMMAND: POST /session/4b43dd8acd0bd09b3f4a8d98a717555a/elements - {"using":"xpath","value":"//span[@id=\"application-addressmanagement-display-component---detailAdm--addressDetailDetailsLanguage\"]"}
RESULT: {}
RESULT: {"using":"xpath","value":"//span[@id=\"application-addressmanagement-display-component---detailAdm--addressDetailDetailsLanguage\"]"}
COMMAND: POST /session/4b43dd8acd0bd09b3f4a8d98a717555a/execute/sync - {"script":"<script> [56 bytes]","args":[{"element-6066-11e4-a52e-4f735466cecf":"f.5476A98C3DC04D0CE82D825B1225579B.d.C798DA8F9D4A0FA6F124DB339F739674.e.1405","ELEMENT":"f.5476A98C3DC04D0CE82D825B1225579B.d.C798DA8F9D4A0FA6F124DB339F739674.e.1405"}]}
RESULT: {"script":"<script> [56 bytes]","args":[{"element-6066-11e4-a52e-4f735466cecf":"f.5476A98C3DC04D0CE82D825B1225579B.d.C798DA8F9D4A0FA6F124DB339F739674.e.1405","ELEMENT":"f.5476A98C3DC04D0CE82D825B1225579B.d.C798DA8F9D4A0FA6F124DB339F739674.e.1405"}]}
COMMAND: POST /session/4b43dd8acd0bd09b3f4a8d98a717555a/element - {"using":"xpath","value":"//span[@id=\"application-addressmanagement-display-component---detailAdm--addressDetailDetailsZip1\"]"}
COMMAND: GET /session/4b43dd8acd0bd09b3f4a8d98a717555a/screenshot - {}
RESULT: {"using":"xpath","value":"//span[@id=\"application-addressmanagement-display-component---detailAdm--addressDetailDetailsZip1\"]"}
COMMAND: POST /session/4b43dd8acd0bd09b3f4a8d98a717555a/elements - {"using":"xpath","value":"//span[@id=\"application-addressmanagement-display-component---detailAdm--addressDetailDetailsZip1\"]"}
RESULT: {}
RESULT: {"using":"xpath","value":"//span[@id=\"application-addressmanagement-display-component---detailAdm--addressDetailDetailsZip1\"]"}
COMMAND: POST /session/4b43dd8acd0bd09b3f4a8d98a717555a/execute/sync - {"script":"<script> [56 bytes]","args":[{"element-6066-11e4-a52e-4f735466cecf":"f.5476A98C3DC04D0CE82D825B1225579B.d.C798DA8F9D4A0FA6F124DB339F739674.e.1406","ELEMENT":"f.5476A98C3DC04D0CE82D825B1225579B.d.C798DA8F9D4A0FA6F124DB339F739674.e.1406"}]}
RESULT: {"script":"<script> [56 bytes]","args":[{"element-6066-11e4-a52e-4f735466cecf":"f.5476A98C3DC04D0CE82D825B1225579B.d.C798DA8F9D4A0FA6F124DB339F739674.e.1406","ELEMENT":"f.5476A98C3DC04D0CE82D825B1225579B.d.C798DA8F9D4A0FA6F124DB339F739674.e.1406"}]}
COMMAND: POST /session/4b43dd8acd0bd09b3f4a8d98a717555a/element - {"using":"xpath","value":"//span[@id=\"application-addressmanagement-display-component---detailAdm--addressDetailContactsEmail\"]"}
COMMAND: GET /session/4b43dd8acd0bd09b3f4a8d98a717555a/screenshot - {}
RESULT: {"using":"xpath","value":"//span[@id=\"application-addressmanagement-display-component---detailAdm--addressDetailContactsEmail\"]"}
COMMAND: POST /session/4b43dd8acd0bd09b3f4a8d98a717555a/elements - {"using":"xpath","value":"//span[@id=\"application-addressmanagement-display-component---detailAdm--addressDetailContactsEmail\"]"}
RESULT: {}
RESULT: {"using":"xpath","value":"//span[@id=\"application-addressmanagement-display-component---detailAdm--addressDetailContactsEmail\"]"}
COMMAND: POST /session/4b43dd8acd0bd09b3f4a8d98a717555a/execute/sync - {"script":"<script> [56 bytes]","args":[{"element-6066-11e4-a52e-4f735466cecf":"f.5476A98C3DC04D0CE82D825B1225579B.d.C798DA8F9D4A0FA6F124DB339F739674.e.1407","ELEMENT":"f.5476A98C3DC04D0CE82D825B1225579B.d.C798DA8F9D4A0FA6F124DB339F739674.e.1407"}]}
RESULT: {"script":"<script> [56 bytes]","args":[{"element-6066-11e4-a52e-4f735466cecf":"f.5476A98C3DC04D0CE82D825B1225579B.d.C798DA8F9D4A0FA6F124DB339F739674.e.1407","ELEMENT":"f.5476A98C3DC04D0CE82D825B1225579B.d.C798DA8F9D4A0FA6F124DB339F739674.e.1407"}]}
COMMAND: POST /session/4b43dd8acd0bd09b3f4a8d98a717555a/element - {"using":"xpath","value":"//span[@id=\"application-addressmanagement-display-component---detailAdm--addressUserJobTitle\"]"}
COMMAND: GET /session/4b43dd8acd0bd09b3f4a8d98a717555a/screenshot - {}
RESULT: {"using":"xpath","value":"//span[@id=\"application-addressmanagement-display-component---detailAdm--addressUserJobTitle\"]"}
COMMAND: POST /session/4b43dd8acd0bd09b3f4a8d98a717555a/elements - {"using":"xpath","value":"//span[@id=\"application-addressmanagement-display-component---detailAdm--addressUserJobTitle\"]"}
RESULT: {}
RESULT: {"using":"xpath","value":"//span[@id=\"application-addressmanagement-display-component---detailAdm--addressUserJobTitle\"]"}
COMMAND: POST /session/4b43dd8acd0bd09b3f4a8d98a717555a/execute/sync - {"script":"<script> [56 bytes]","args":[{"element-6066-11e4-a52e-4f735466cecf":"f.5476A98C3DC04D0CE82D825B1225579B.d.C798DA8F9D4A0FA6F124DB339F739674.e.1408","ELEMENT":"f.5476A98C3DC04D0CE82D825B1225579B.d.C798DA8F9D4A0FA6F124DB339F739674.e.1408"}]}
RESULT: {"script":"<script> [56 bytes]","args":[{"element-6066-11e4-a52e-4f735466cecf":"f.5476A98C3DC04D0CE82D825B1225579B.d.C798DA8F9D4A0FA6F124DB339F739674.e.1408","ELEMENT":"f.5476A98C3DC04D0CE82D825B1225579B.d.C798DA8F9D4A0FA6F124DB339F739674.e.1408"}]}
COMMAND: POST /session/4b43dd8acd0bd09b3f4a8d98a717555a/element - {"using":"xpath","value":"//span[contains(@class, \"sapMTokenText\") and text()=\"testyTag1\"]"}
COMMAND: GET /session/4b43dd8acd0bd09b3f4a8d98a717555a/screenshot - {}
RESULT: {"using":"xpath","value":"//span[contains(@class, \"sapMTokenText\") and text()=\"testyTag1\"]"}
COMMAND: POST /session/4b43dd8acd0bd09b3f4a8d98a717555a/element - {"using":"xpath","value":"//span[contains(@class, \"sapMTokenText\") and text()=\"taggyTag2\"]"}
RESULT: {}
RESULT: {"using":"xpath","value":"//span[contains(@class, \"sapMTokenText\") and text()=\"taggyTag2\"]"}
COMMAND: POST /session/4b43dd8acd0bd09b3f4a8d98a717555a/elements - {"using":"xpath","value":"//span[contains(@class, \"sapMTokenText\") and text()=\"testyTag1\"]"}
RESULT: {"using":"xpath","value":"//span[contains(@class, \"sapMTokenText\") and text()=\"testyTag1\"]"}
COMMAND: POST /session/4b43dd8acd0bd09b3f4a8d98a717555a/elements - {"using":"xpath","value":"//span[contains(@class, \"sapMTokenText\") and text()=\"taggyTag2\"]"}
RESULT: {"using":"xpath","value":"//span[contains(@class, \"sapMTokenText\") and text()=\"taggyTag2\"]"}
COMMAND: POST /session/4b43dd8acd0bd09b3f4a8d98a717555a/element - {"using":"css selector","value":"#shell-header-logo"}
RESULT: {"using":"css selector","value":"#shell-header-logo"}
COMMAND: POST /session/4b43dd8acd0bd09b3f4a8d98a717555a/element/f.5476A98C3DC04D0CE82D825B1225579B.d.C798DA8F9D4A0FA6F124DB339F739674.e.1005/click - {}
RESULT: {}
COMMAND: GET /session/4b43dd8acd0bd09b3f4a8d98a717555a/screenshot - {}
RESULT: {}
]]></system-out>
    </testcase>
    <testcase classname="chrome.136_0_7103_93.windows.Address_Management_Tests_US156181_US151165_US151160_US156180_US156178_US151157_US151172_US151170_US151166_US151168" name="Step 5 Should verify searches US156180 verify filters US151157" time="95.172">
      <system-out><![CDATA[
RESULT: undefined
COMMAND: POST /session/4b43dd8acd0bd09b3f4a8d98a717555a/element - {"using":"xpath","value":"//*[@id=\"__tile33\"]"}
RESULT: {"using":"xpath","value":"//*[@id=\"__tile33\"]"}
COMMAND: POST /session/4b43dd8acd0bd09b3f4a8d98a717555a/element/f.5476A98C3DC04D0CE82D825B1225579B.d.C798DA8F9D4A0FA6F124DB339F739674.e.211/click - {}
RESULT: {}
COMMAND: GET /session/4b43dd8acd0bd09b3f4a8d98a717555a/screenshot - {}
RESULT: {}
COMMAND: POST /session/4b43dd8acd0bd09b3f4a8d98a717555a/elements - {"using":"xpath","value":"//span[text()='Error']"}
RESULT: {"using":"xpath","value":"//span[text()='Error']"}
COMMAND: POST /session/4b43dd8acd0bd09b3f4a8d98a717555a/element - {"using":"xpath","value":"//button[@data-kt=\"addButton\"]"}
RESULT: {"using":"xpath","value":"//button[@data-kt=\"addButton\"]"}
COMMAND: POST /session/4b43dd8acd0bd09b3f4a8d98a717555a/elements - {"using":"xpath","value":"//button[@data-kt=\"addButton\"]"}
RESULT: {"using":"xpath","value":"//button[@data-kt=\"addButton\"]"}
COMMAND: POST /session/4b43dd8acd0bd09b3f4a8d98a717555a/execute/sync - {"script":"<script> [8489 bytes]","args":[{"element-6066-11e4-a52e-4f735466cecf":"f.5476A98C3DC04D0CE82D825B1225579B.d.C798DA8F9D4A0FA6F124DB339F739674.e.1478","ELEMENT":"f.5476A98C3DC04D0CE82D825B1225579B.d.C798DA8F9D4A0FA6F124DB339F739674.e.1478"}]}
RESULT: {"script":"<script> [8489 bytes]","args":[{"element-6066-11e4-a52e-4f735466cecf":"f.5476A98C3DC04D0CE82D825B1225579B.d.C798DA8F9D4A0FA6F124DB339F739674.e.1478","ELEMENT":"f.5476A98C3DC04D0CE82D825B1225579B.d.C798DA8F9D4A0FA6F124DB339F739674.e.1478"}]}
COMMAND: GET /session/4b43dd8acd0bd09b3f4a8d98a717555a/element/f.5476A98C3DC04D0CE82D825B1225579B.d.C798DA8F9D4A0FA6F124DB339F739674.e.1478/enabled - {}
COMMAND: GET /session/4b43dd8acd0bd09b3f4a8d98a717555a/screenshot - {}
RESULT: {}
COMMAND: POST /session/4b43dd8acd0bd09b3f4a8d98a717555a/execute/sync - {"script":"<script> [8489 bytes]","args":[{"element-6066-11e4-a52e-4f735466cecf":"f.5476A98C3DC04D0CE82D825B1225579B.d.C798DA8F9D4A0FA6F124DB339F739674.e.1478","ELEMENT":"f.5476A98C3DC04D0CE82D825B1225579B.d.C798DA8F9D4A0FA6F124DB339F739674.e.1478"}]}
COMMAND: GET /session/4b43dd8acd0bd09b3f4a8d98a717555a/screenshot - {}
RESULT: {}
RESULT: {"script":"<script> [8489 bytes]","args":[{"element-6066-11e4-a52e-4f735466cecf":"f.5476A98C3DC04D0CE82D825B1225579B.d.C798DA8F9D4A0FA6F124DB339F739674.e.1478","ELEMENT":"f.5476A98C3DC04D0CE82D825B1225579B.d.C798DA8F9D4A0FA6F124DB339F739674.e.1478"}]}
COMMAND: POST /session/4b43dd8acd0bd09b3f4a8d98a717555a/execute/sync - {"script":"<script> [5351 bytes]","args":[{"element-6066-11e4-a52e-4f735466cecf":"f.5476A98C3DC04D0CE82D825B1225579B.d.C798DA8F9D4A0FA6F124DB339F739674.e.1478","ELEMENT":"f.5476A98C3DC04D0CE82D825B1225579B.d.C798DA8F9D4A0FA6F124DB339F739674.e.1478"}]}
COMMAND: GET /session/4b43dd8acd0bd09b3f4a8d98a717555a/screenshot - {}
RESULT: {}
RESULT: {"script":"<script> [5351 bytes]","args":[{"element-6066-11e4-a52e-4f735466cecf":"f.5476A98C3DC04D0CE82D825B1225579B.d.C798DA8F9D4A0FA6F124DB339F739674.e.1478","ELEMENT":"f.5476A98C3DC04D0CE82D825B1225579B.d.C798DA8F9D4A0FA6F124DB339F739674.e.1478"}]}
COMMAND: GET /session/4b43dd8acd0bd09b3f4a8d98a717555a/screenshot - {}
RESULT: {}
RESULT: {}
COMMAND: POST /session/4b43dd8acd0bd09b3f4a8d98a717555a/element - {"using":"xpath","value":"//span[@id=\"application-addressmanagement-display-component---masterAdm--smartTable-header-inner\"]"}
RESULT: {"using":"xpath","value":"//span[@id=\"application-addressmanagement-display-component---masterAdm--smartTable-header-inner\"]"}
COMMAND: POST /session/4b43dd8acd0bd09b3f4a8d98a717555a/elements - {"using":"xpath","value":"//span[@id=\"application-addressmanagement-display-component---masterAdm--smartTable-header-inner\"]"}
RESULT: {"using":"xpath","value":"//span[@id=\"application-addressmanagement-display-component---masterAdm--smartTable-header-inner\"]"}
COMMAND: POST /session/4b43dd8acd0bd09b3f4a8d98a717555a/execute/sync - {"script":"<script> [56 bytes]","args":[{"element-6066-11e4-a52e-4f735466cecf":"f.5476A98C3DC04D0CE82D825B1225579B.d.C798DA8F9D4A0FA6F124DB339F739674.e.1600","ELEMENT":"f.5476A98C3DC04D0CE82D825B1225579B.d.C798DA8F9D4A0FA6F124DB339F739674.e.1600"}]}
RESULT: {"script":"<script> [56 bytes]","args":[{"element-6066-11e4-a52e-4f735466cecf":"f.5476A98C3DC04D0CE82D825B1225579B.d.C798DA8F9D4A0FA6F124DB339F739674.e.1600","ELEMENT":"f.5476A98C3DC04D0CE82D825B1225579B.d.C798DA8F9D4A0FA6F124DB339F739674.e.1600"}]}
COMMAND: POST /session/4b43dd8acd0bd09b3f4a8d98a717555a/execute/async - {"script":"<script> [1562 bytes]","args":[{"selector":{"id":"application-addressmanagement-display-component---masterAdm--smartFilterBar-filterItemControl_BASIC-COUNTRY-vhi"},"wdio_ui5_key":"applicationaddressmanagement-display-component---masterAdm--smartFilterBar-filterItemControl_BASIC-COUNTRY-vhi"}]}
COMMAND: GET /session/4b43dd8acd0bd09b3f4a8d98a717555a/screenshot - {}
RESULT: {"script":"<script> [1562 bytes]","args":[{"selector":{"id":"application-addressmanagement-display-component---masterAdm--smartFilterBar-filterItemControl_BASIC-COUNTRY-vhi"},"wdio_ui5_key":"applicationaddressmanagement-display-component---masterAdm--smartFilterBar-filterItemControl_BASIC-COUNTRY-vhi"}]}
RESULT: undefined
COMMAND: POST /session/4b43dd8acd0bd09b3f4a8d98a717555a/element - {"using":"xpath","value":"//*[@id=\"application-addressmanagement-display-component---masterAdm--smartFilterBar-filterItemControl_BASIC-COUNTRY-vhi\"]"}
RESULT: {}
RESULT: {"using":"xpath","value":"//*[@id=\"application-addressmanagement-display-component---masterAdm--smartFilterBar-filterItemControl_BASIC-COUNTRY-vhi\"]"}
COMMAND: POST /session/4b43dd8acd0bd09b3f4a8d98a717555a/element/f.5476A98C3DC04D0CE82D825B1225579B.d.C798DA8F9D4A0FA6F124DB339F739674.e.1601/click - {}
RESULT: {}
COMMAND: GET /session/4b43dd8acd0bd09b3f4a8d98a717555a/screenshot - {}
RESULT: {}
COMMAND: POST /session/4b43dd8acd0bd09b3f4a8d98a717555a/execute/async - {"script":"<script> [1562 bytes]","args":[{"selector":{"id":"application-addressmanagement-display-component---masterAdm--smartFilterBar-filterItemControl_BASIC-COUNTRY-valueHelpDialog-smartFilterBar-btnBasicSearch","searchOpenDialogs":true,"interaction":{"idSuffix":"I"}},"wdio_ui5_key":"applicationaddressmanagement-display-component---masterAdm--smartFilterBar-filterItemControl_BASIC-COUNTRY-valueHelpDialog-smartFilterBar-btnBasicSearch"}]}
RESULT: {"script":"<script> [1562 bytes]","args":[{"selector":{"id":"application-addressmanagement-display-component---masterAdm--smartFilterBar-filterItemControl_BASIC-COUNTRY-valueHelpDialog-smartFilterBar-btnBasicSearch","searchOpenDialogs":true,"interaction":{"idSuffix":"I"}},"wdio_ui5_key":"applicationaddressmanagement-display-component---masterAdm--smartFilterBar-filterItemControl_BASIC-COUNTRY-valueHelpDialog-smartFilterBar-btnBasicSearch"}]}
RESULT: undefined
COMMAND: POST /session/4b43dd8acd0bd09b3f4a8d98a717555a/execute/async - {"script":"<script> [776 bytes]","args":[{"enterText":"Romania","selector":{"id":"application-addressmanagement-display-component---masterAdm--smartFilterBar-filterItemControl_BASIC-COUNTRY-valueHelpDialog-smartFilterBar-btnBasicSearch","searchOpenDialogs":true,"interaction":{"idSuffix":"I"}},"clearTextFirst":true,"interactionType":"ENTER_TEXT"}]}
RESULT: {"script":"<script> [776 bytes]","args":[{"enterText":"Romania","selector":{"id":"application-addressmanagement-display-component---masterAdm--smartFilterBar-filterItemControl_BASIC-COUNTRY-valueHelpDialog-smartFilterBar-btnBasicSearch","searchOpenDialogs":true,"interaction":{"idSuffix":"I"}},"clearTextFirst":true,"interactionType":"ENTER_TEXT"}]}
COMMAND: POST /session/4b43dd8acd0bd09b3f4a8d98a717555a/actions - {"actions":[{"id":"action7","type":"key","parameters":{},"actions":[{"type":"keyDown","value":""},{"type":"pause","duration":10},{"type":"keyUp","value":""}]}]}
RESULT: {"actions":[{"id":"action7","type":"key","parameters":{},"actions":[{"type":"keyDown","value":""},{"type":"pause","duration":10},{"type":"keyUp","value":""}]}]}
COMMAND: POST /session/4b43dd8acd0bd09b3f4a8d98a717555a/elements - {"using":"xpath","value":"//table[contains(@id, \"smartFilterBar-filterItemControl_BASIC-COUNTRY-valueHelpDialog-table-table\")]/tbody/tr"}
COMMAND: GET /session/4b43dd8acd0bd09b3f4a8d98a717555a/screenshot - {}
RESULT: {"using":"xpath","value":"//table[contains(@id, \"smartFilterBar-filterItemControl_BASIC-COUNTRY-valueHelpDialog-table-table\")]/tbody/tr"}
COMMAND: POST /session/4b43dd8acd0bd09b3f4a8d98a717555a/element - {"using":"xpath","value":"//table[contains(@id, \"smartFilterBar-filterItemControl_BASIC-COUNTRY-valueHelpDialog-table-table\")]/tbody/tr[1]/td[1]/div/span"}
RESULT: {}
RESULT: {"using":"xpath","value":"//table[contains(@id, \"smartFilterBar-filterItemControl_BASIC-COUNTRY-valueHelpDialog-table-table\")]/tbody/tr[1]/td[1]/div/span"}
COMMAND: POST /session/4b43dd8acd0bd09b3f4a8d98a717555a/elements - {"using":"xpath","value":"//table[contains(@id, \"smartFilterBar-filterItemControl_BASIC-COUNTRY-valueHelpDialog-table-table\")]/tbody/tr[1]/td[1]/div/span"}
RESULT: {"using":"xpath","value":"//table[contains(@id, \"smartFilterBar-filterItemControl_BASIC-COUNTRY-valueHelpDialog-table-table\")]/tbody/tr[1]/td[1]/div/span"}
COMMAND: POST /session/4b43dd8acd0bd09b3f4a8d98a717555a/execute/sync - {"script":"<script> [56 bytes]","args":[{"element-6066-11e4-a52e-4f735466cecf":"f.5476A98C3DC04D0CE82D825B1225579B.d.C798DA8F9D4A0FA6F124DB339F739674.e.1621","ELEMENT":"f.5476A98C3DC04D0CE82D825B1225579B.d.C798DA8F9D4A0FA6F124DB339F739674.e.1621"}]}
RESULT: {"script":"<script> [56 bytes]","args":[{"element-6066-11e4-a52e-4f735466cecf":"f.5476A98C3DC04D0CE82D825B1225579B.d.C798DA8F9D4A0FA6F124DB339F739674.e.1621","ELEMENT":"f.5476A98C3DC04D0CE82D825B1225579B.d.C798DA8F9D4A0FA6F124DB339F739674.e.1621"}]}
COMMAND: POST /session/4b43dd8acd0bd09b3f4a8d98a717555a/element - {"using":"xpath","value":"//div[contains(@id, \"filterItemControl_BASIC-COUNTRY-valueHelpDialog-table-rowsel0\")]"}
COMMAND: GET /session/4b43dd8acd0bd09b3f4a8d98a717555a/screenshot - {}
RESULT: {"using":"xpath","value":"//div[contains(@id, \"filterItemControl_BASIC-COUNTRY-valueHelpDialog-table-rowsel0\")]"}
COMMAND: POST /session/4b43dd8acd0bd09b3f4a8d98a717555a/element/f.5476A98C3DC04D0CE82D825B1225579B.d.C798DA8F9D4A0FA6F124DB339F739674.e.1622/click - {}
RESULT: {}
RESULT: {}
COMMAND: GET /session/4b43dd8acd0bd09b3f4a8d98a717555a/screenshot - {}
RESULT: {}
COMMAND: POST /session/4b43dd8acd0bd09b3f4a8d98a717555a/element - {"using":"xpath","value":"(//bdi[contains(text(), \"OK\")])[1]"}
RESULT: {"using":"xpath","value":"(//bdi[contains(text(), \"OK\")])[1]"}
COMMAND: POST /session/4b43dd8acd0bd09b3f4a8d98a717555a/element/f.5476A98C3DC04D0CE82D825B1225579B.d.C798DA8F9D4A0FA6F124DB339F739674.e.1624/click - {}
RESULT: {}
COMMAND: GET /session/4b43dd8acd0bd09b3f4a8d98a717555a/screenshot - {}
RESULT: {}
COMMAND: POST /session/4b43dd8acd0bd09b3f4a8d98a717555a/element - {"using":"xpath","value":"//span[@id=\"application-addressmanagement-display-component---masterAdm--smartTable-header-inner\"]"}
RESULT: {"using":"xpath","value":"//span[@id=\"application-addressmanagement-display-component---masterAdm--smartTable-header-inner\"]"}
COMMAND: POST /session/4b43dd8acd0bd09b3f4a8d98a717555a/elements - {"using":"xpath","value":"//span[@id=\"application-addressmanagement-display-component---masterAdm--smartTable-header-inner\"]"}
RESULT: {"using":"xpath","value":"//span[@id=\"application-addressmanagement-display-component---masterAdm--smartTable-header-inner\"]"}
COMMAND: POST /session/4b43dd8acd0bd09b3f4a8d98a717555a/execute/sync - {"script":"<script> [56 bytes]","args":[{"element-6066-11e4-a52e-4f735466cecf":"f.5476A98C3DC04D0CE82D825B1225579B.d.C798DA8F9D4A0FA6F124DB339F739674.e.1600","ELEMENT":"f.5476A98C3DC04D0CE82D825B1225579B.d.C798DA8F9D4A0FA6F124DB339F739674.e.1600"}]}
RESULT: {"script":"<script> [56 bytes]","args":[{"element-6066-11e4-a52e-4f735466cecf":"f.5476A98C3DC04D0CE82D825B1225579B.d.C798DA8F9D4A0FA6F124DB339F739674.e.1600","ELEMENT":"f.5476A98C3DC04D0CE82D825B1225579B.d.C798DA8F9D4A0FA6F124DB339F739674.e.1600"}]}
COMMAND: POST /session/4b43dd8acd0bd09b3f4a8d98a717555a/element - {"using":"xpath","value":"//span[contains(@title, \"Remove\")]"}
COMMAND: GET /session/4b43dd8acd0bd09b3f4a8d98a717555a/screenshot - {}
RESULT: {"using":"xpath","value":"//span[contains(@title, \"Remove\")]"}
COMMAND: POST /session/4b43dd8acd0bd09b3f4a8d98a717555a/element/f.5476A98C3DC04D0CE82D825B1225579B.d.C798DA8F9D4A0FA6F124DB339F739674.e.1750/click - {}
RESULT: {}
RESULT: {}
COMMAND: GET /session/4b43dd8acd0bd09b3f4a8d98a717555a/screenshot - {}
RESULT: {}
COMMAND: POST /session/4b43dd8acd0bd09b3f4a8d98a717555a/element - {"using":"xpath","value":"//span[@id=\"application-addressmanagement-display-component---masterAdm--smartTable-header-inner\"]"}
RESULT: {"using":"xpath","value":"//span[@id=\"application-addressmanagement-display-component---masterAdm--smartTable-header-inner\"]"}
COMMAND: POST /session/4b43dd8acd0bd09b3f4a8d98a717555a/elements - {"using":"xpath","value":"//span[@id=\"application-addressmanagement-display-component---masterAdm--smartTable-header-inner\"]"}
RESULT: {"using":"xpath","value":"//span[@id=\"application-addressmanagement-display-component---masterAdm--smartTable-header-inner\"]"}
COMMAND: POST /session/4b43dd8acd0bd09b3f4a8d98a717555a/execute/sync - {"script":"<script> [56 bytes]","args":[{"element-6066-11e4-a52e-4f735466cecf":"f.5476A98C3DC04D0CE82D825B1225579B.d.C798DA8F9D4A0FA6F124DB339F739674.e.1600","ELEMENT":"f.5476A98C3DC04D0CE82D825B1225579B.d.C798DA8F9D4A0FA6F124DB339F739674.e.1600"}]}
RESULT: {"script":"<script> [56 bytes]","args":[{"element-6066-11e4-a52e-4f735466cecf":"f.5476A98C3DC04D0CE82D825B1225579B.d.C798DA8F9D4A0FA6F124DB339F739674.e.1600","ELEMENT":"f.5476A98C3DC04D0CE82D825B1225579B.d.C798DA8F9D4A0FA6F124DB339F739674.e.1600"}]}
RESULT: undefined
COMMAND: POST /session/4b43dd8acd0bd09b3f4a8d98a717555a/element - {"using":"xpath","value":"//*[@id=\"application-addressmanagement-display-component---masterAdm--smartFilterBar-filterItemControl_BASIC-COUNTRY-vhi\"]"}
COMMAND: GET /session/4b43dd8acd0bd09b3f4a8d98a717555a/screenshot - {}
RESULT: {}
RESULT: {"using":"xpath","value":"//*[@id=\"application-addressmanagement-display-component---masterAdm--smartFilterBar-filterItemControl_BASIC-COUNTRY-vhi\"]"}
COMMAND: POST /session/4b43dd8acd0bd09b3f4a8d98a717555a/element/f.5476A98C3DC04D0CE82D825B1225579B.d.C798DA8F9D4A0FA6F124DB339F739674.e.1601/click - {}
RESULT: {}
COMMAND: GET /session/4b43dd8acd0bd09b3f4a8d98a717555a/screenshot - {}
RESULT: {}
RESULT: undefined
COMMAND: POST /session/4b43dd8acd0bd09b3f4a8d98a717555a/execute/async - {"script":"<script> [776 bytes]","args":[{"enterText":"Romania","selector":{"id":"application-addressmanagement-display-component---masterAdm--smartFilterBar-filterItemControl_BASIC-COUNTRY-valueHelpDialog-smartFilterBar-btnBasicSearch","searchOpenDialogs":true,"interaction":{"idSuffix":"I"}},"clearTextFirst":true,"interactionType":"ENTER_TEXT"}]}
RESULT: {"script":"<script> [776 bytes]","args":[{"enterText":"Romania","selector":{"id":"application-addressmanagement-display-component---masterAdm--smartFilterBar-filterItemControl_BASIC-COUNTRY-valueHelpDialog-smartFilterBar-btnBasicSearch","searchOpenDialogs":true,"interaction":{"idSuffix":"I"}},"clearTextFirst":true,"interactionType":"ENTER_TEXT"}]}
COMMAND: POST /session/4b43dd8acd0bd09b3f4a8d98a717555a/actions - {"actions":[{"id":"action8","type":"key","parameters":{},"actions":[{"type":"keyDown","value":""},{"type":"pause","duration":10},{"type":"keyUp","value":""}]}]}
RESULT: {"actions":[{"id":"action8","type":"key","parameters":{},"actions":[{"type":"keyDown","value":""},{"type":"pause","duration":10},{"type":"keyUp","value":""}]}]}
COMMAND: GET /session/4b43dd8acd0bd09b3f4a8d98a717555a/screenshot - {}
RESULT: {}
COMMAND: POST /session/4b43dd8acd0bd09b3f4a8d98a717555a/elements - {"using":"xpath","value":"//table[contains(@id, \"smartFilterBar-filterItemControl_BASIC-COUNTRY-valueHelpDialog-table-table\")]/tbody/tr"}
RESULT: {"using":"xpath","value":"//table[contains(@id, \"smartFilterBar-filterItemControl_BASIC-COUNTRY-valueHelpDialog-table-table\")]/tbody/tr"}
COMMAND: POST /session/4b43dd8acd0bd09b3f4a8d98a717555a/element - {"using":"xpath","value":"//table[contains(@id, \"smartFilterBar-filterItemControl_BASIC-COUNTRY-valueHelpDialog-table-table\")]/tbody/tr[1]/td[1]/div/span"}
RESULT: {"using":"xpath","value":"//table[contains(@id, \"smartFilterBar-filterItemControl_BASIC-COUNTRY-valueHelpDialog-table-table\")]/tbody/tr[1]/td[1]/div/span"}
COMMAND: POST /session/4b43dd8acd0bd09b3f4a8d98a717555a/elements - {"using":"xpath","value":"//table[contains(@id, \"smartFilterBar-filterItemControl_BASIC-COUNTRY-valueHelpDialog-table-table\")]/tbody/tr[1]/td[1]/div/span"}
RESULT: {"using":"xpath","value":"//table[contains(@id, \"smartFilterBar-filterItemControl_BASIC-COUNTRY-valueHelpDialog-table-table\")]/tbody/tr[1]/td[1]/div/span"}
COMMAND: POST /session/4b43dd8acd0bd09b3f4a8d98a717555a/execute/sync - {"script":"<script> [56 bytes]","args":[{"element-6066-11e4-a52e-4f735466cecf":"f.5476A98C3DC04D0CE82D825B1225579B.d.C798DA8F9D4A0FA6F124DB339F739674.e.1833","ELEMENT":"f.5476A98C3DC04D0CE82D825B1225579B.d.C798DA8F9D4A0FA6F124DB339F739674.e.1833"}]}
RESULT: {"script":"<script> [56 bytes]","args":[{"element-6066-11e4-a52e-4f735466cecf":"f.5476A98C3DC04D0CE82D825B1225579B.d.C798DA8F9D4A0FA6F124DB339F739674.e.1833","ELEMENT":"f.5476A98C3DC04D0CE82D825B1225579B.d.C798DA8F9D4A0FA6F124DB339F739674.e.1833"}]}
COMMAND: POST /session/4b43dd8acd0bd09b3f4a8d98a717555a/element - {"using":"xpath","value":"//div[contains(@id, \"filterItemControl_BASIC-COUNTRY-valueHelpDialog-table-rowsel0\")]"}
COMMAND: GET /session/4b43dd8acd0bd09b3f4a8d98a717555a/screenshot - {}
RESULT: {"using":"xpath","value":"//div[contains(@id, \"filterItemControl_BASIC-COUNTRY-valueHelpDialog-table-rowsel0\")]"}
COMMAND: POST /session/4b43dd8acd0bd09b3f4a8d98a717555a/element/f.5476A98C3DC04D0CE82D825B1225579B.d.C798DA8F9D4A0FA6F124DB339F739674.e.1834/click - {}
RESULT: {}
RESULT: {}
COMMAND: GET /session/4b43dd8acd0bd09b3f4a8d98a717555a/screenshot - {}
RESULT: {}
RESULT: undefined
COMMAND: POST /session/4b43dd8acd0bd09b3f4a8d98a717555a/element - {"using":"xpath","value":"//*[@id=\"application-addressmanagement-display-component---masterAdm--smartFilterBar-filterItemControl_BASIC-COUNTRY-vhi\"]"}
RESULT: {"using":"xpath","value":"//*[@id=\"application-addressmanagement-display-component---masterAdm--smartFilterBar-filterItemControl_BASIC-COUNTRY-vhi\"]"}
COMMAND: POST /session/4b43dd8acd0bd09b3f4a8d98a717555a/element/f.5476A98C3DC04D0CE82D825B1225579B.d.C798DA8F9D4A0FA6F124DB339F739674.e.1601/click - {}
RESULT: undefined
COMMAND: POST /session/4b43dd8acd0bd09b3f4a8d98a717555a/execute/async - {"script":"<script> [776 bytes]","args":[{"enterText":"Argentina","selector":{"id":"application-addressmanagement-display-component---masterAdm--smartFilterBar-filterItemControl_BASIC-COUNTRY-valueHelpDialog-smartFilterBar-btnBasicSearch","searchOpenDialogs":true,"interaction":{"idSuffix":"I"}},"clearTextFirst":true,"interactionType":"ENTER_TEXT"}]}
RESULT: {"script":"<script> [776 bytes]","args":[{"enterText":"Argentina","selector":{"id":"application-addressmanagement-display-component---masterAdm--smartFilterBar-filterItemControl_BASIC-COUNTRY-valueHelpDialog-smartFilterBar-btnBasicSearch","searchOpenDialogs":true,"interaction":{"idSuffix":"I"}},"clearTextFirst":true,"interactionType":"ENTER_TEXT"}]}
COMMAND: POST /session/4b43dd8acd0bd09b3f4a8d98a717555a/actions - {"actions":[{"id":"action9","type":"key","parameters":{},"actions":[{"type":"keyDown","value":""},{"type":"pause","duration":10},{"type":"keyUp","value":""}]}]}
RESULT: {"actions":[{"id":"action9","type":"key","parameters":{},"actions":[{"type":"keyDown","value":""},{"type":"pause","duration":10},{"type":"keyUp","value":""}]}]}
COMMAND: GET /session/4b43dd8acd0bd09b3f4a8d98a717555a/screenshot - {}
RESULT: {}
COMMAND: POST /session/4b43dd8acd0bd09b3f4a8d98a717555a/elements - {"using":"xpath","value":"//table[contains(@id, \"smartFilterBar-filterItemControl_BASIC-COUNTRY-valueHelpDialog-table-table\")]/tbody/tr"}
RESULT: {"using":"xpath","value":"//table[contains(@id, \"smartFilterBar-filterItemControl_BASIC-COUNTRY-valueHelpDialog-table-table\")]/tbody/tr"}
COMMAND: POST /session/4b43dd8acd0bd09b3f4a8d98a717555a/element - {"using":"xpath","value":"//table[contains(@id, \"smartFilterBar-filterItemControl_BASIC-COUNTRY-valueHelpDialog-table-table\")]/tbody/tr[1]/td[1]/div/span"}
RESULT: {"using":"xpath","value":"//table[contains(@id, \"smartFilterBar-filterItemControl_BASIC-COUNTRY-valueHelpDialog-table-table\")]/tbody/tr[1]/td[1]/div/span"}
COMMAND: POST /session/4b43dd8acd0bd09b3f4a8d98a717555a/elements - {"using":"xpath","value":"//table[contains(@id, \"smartFilterBar-filterItemControl_BASIC-COUNTRY-valueHelpDialog-table-table\")]/tbody/tr[1]/td[1]/div/span"}
RESULT: {"using":"xpath","value":"//table[contains(@id, \"smartFilterBar-filterItemControl_BASIC-COUNTRY-valueHelpDialog-table-table\")]/tbody/tr[1]/td[1]/div/span"}
COMMAND: POST /session/4b43dd8acd0bd09b3f4a8d98a717555a/execute/sync - {"script":"<script> [56 bytes]","args":[{"element-6066-11e4-a52e-4f735466cecf":"f.5476A98C3DC04D0CE82D825B1225579B.d.C798DA8F9D4A0FA6F124DB339F739674.e.1833","ELEMENT":"f.5476A98C3DC04D0CE82D825B1225579B.d.C798DA8F9D4A0FA6F124DB339F739674.e.1833"}]}
RESULT: {"script":"<script> [56 bytes]","args":[{"element-6066-11e4-a52e-4f735466cecf":"f.5476A98C3DC04D0CE82D825B1225579B.d.C798DA8F9D4A0FA6F124DB339F739674.e.1833","ELEMENT":"f.5476A98C3DC04D0CE82D825B1225579B.d.C798DA8F9D4A0FA6F124DB339F739674.e.1833"}]}
COMMAND: POST /session/4b43dd8acd0bd09b3f4a8d98a717555a/element - {"using":"xpath","value":"//div[contains(@id, \"filterItemControl_BASIC-COUNTRY-valueHelpDialog-table-rowsel0\")]"}
COMMAND: GET /session/4b43dd8acd0bd09b3f4a8d98a717555a/screenshot - {}
RESULT: {"using":"xpath","value":"//div[contains(@id, \"filterItemControl_BASIC-COUNTRY-valueHelpDialog-table-rowsel0\")]"}
COMMAND: POST /session/4b43dd8acd0bd09b3f4a8d98a717555a/element/f.5476A98C3DC04D0CE82D825B1225579B.d.C798DA8F9D4A0FA6F124DB339F739674.e.1834/click - {}
RESULT: {}
RESULT: {}
COMMAND: GET /session/4b43dd8acd0bd09b3f4a8d98a717555a/screenshot - {}
RESULT: {}
COMMAND: POST /session/4b43dd8acd0bd09b3f4a8d98a717555a/element - {"using":"xpath","value":"(//bdi[contains(text(), \"OK\")])[1]"}
RESULT: {"using":"xpath","value":"(//bdi[contains(text(), \"OK\")])[1]"}
COMMAND: POST /session/4b43dd8acd0bd09b3f4a8d98a717555a/element/f.5476A98C3DC04D0CE82D825B1225579B.d.C798DA8F9D4A0FA6F124DB339F739674.e.1836/click - {}
RESULT: {}
COMMAND: GET /session/4b43dd8acd0bd09b3f4a8d98a717555a/screenshot - {}
RESULT: {}
COMMAND: POST /session/4b43dd8acd0bd09b3f4a8d98a717555a/element - {"using":"xpath","value":"//span[@id=\"application-addressmanagement-display-component---masterAdm--smartTable-header-inner\"]"}
RESULT: {"using":"xpath","value":"//span[@id=\"application-addressmanagement-display-component---masterAdm--smartTable-header-inner\"]"}
COMMAND: POST /session/4b43dd8acd0bd09b3f4a8d98a717555a/elements - {"using":"xpath","value":"//span[@id=\"application-addressmanagement-display-component---masterAdm--smartTable-header-inner\"]"}
RESULT: {"using":"xpath","value":"//span[@id=\"application-addressmanagement-display-component---masterAdm--smartTable-header-inner\"]"}
COMMAND: POST /session/4b43dd8acd0bd09b3f4a8d98a717555a/execute/sync - {"script":"<script> [56 bytes]","args":[{"element-6066-11e4-a52e-4f735466cecf":"f.5476A98C3DC04D0CE82D825B1225579B.d.C798DA8F9D4A0FA6F124DB339F739674.e.1600","ELEMENT":"f.5476A98C3DC04D0CE82D825B1225579B.d.C798DA8F9D4A0FA6F124DB339F739674.e.1600"}]}
RESULT: {"script":"<script> [56 bytes]","args":[{"element-6066-11e4-a52e-4f735466cecf":"f.5476A98C3DC04D0CE82D825B1225579B.d.C798DA8F9D4A0FA6F124DB339F739674.e.1600","ELEMENT":"f.5476A98C3DC04D0CE82D825B1225579B.d.C798DA8F9D4A0FA6F124DB339F739674.e.1600"}]}
COMMAND: POST /session/4b43dd8acd0bd09b3f4a8d98a717555a/execute/async - {"script":"<script> [1562 bytes]","args":[{"selector":{"id":"application-addressmanagement-display-component---masterAdm--smartFilterBar-filterItemControl_BASIC-NAME-vhi"},"wdio_ui5_key":"applicationaddressmanagement-display-component---masterAdm--smartFilterBar-filterItemControl_BASIC-NAME-vhi"}]}
COMMAND: GET /session/4b43dd8acd0bd09b3f4a8d98a717555a/screenshot - {}
RESULT: {"script":"<script> [1562 bytes]","args":[{"selector":{"id":"application-addressmanagement-display-component---masterAdm--smartFilterBar-filterItemControl_BASIC-NAME-vhi"},"wdio_ui5_key":"applicationaddressmanagement-display-component---masterAdm--smartFilterBar-filterItemControl_BASIC-NAME-vhi"}]}
RESULT: undefined
COMMAND: POST /session/4b43dd8acd0bd09b3f4a8d98a717555a/element - {"using":"xpath","value":"//*[@id=\"application-addressmanagement-display-component---masterAdm--smartFilterBar-filterItemControl_BASIC-NAME-vhi\"]"}
RESULT: {}
RESULT: {"using":"xpath","value":"//*[@id=\"application-addressmanagement-display-component---masterAdm--smartFilterBar-filterItemControl_BASIC-NAME-vhi\"]"}
COMMAND: POST /session/4b43dd8acd0bd09b3f4a8d98a717555a/element/f.5476A98C3DC04D0CE82D825B1225579B.d.C798DA8F9D4A0FA6F124DB339F739674.e.1866/click - {}
RESULT: {}
COMMAND: GET /session/4b43dd8acd0bd09b3f4a8d98a717555a/screenshot - {}
RESULT: {}
COMMAND: POST /session/4b43dd8acd0bd09b3f4a8d98a717555a/execute/async - {"script":"<script> [1562 bytes]","args":[{"selector":{"controlType":"sap.m.Input","viewName":"etm.portal.ui.addressmanagement.view.Master","viewId":"application-addressmanagement-display-component---masterAdm","properties":{"valueState":"None"},"searchOpenDialogs":true,"interaction":{"idSuffix":"inner"}},"wdio_ui5_key":"etmportal.ui.addressmanagement.view.Mastersap.m.Input{\"valueState\":\"None\"}"}]}
RESULT: {"script":"<script> [1562 bytes]","args":[{"selector":{"controlType":"sap.m.Input","viewName":"etm.portal.ui.addressmanagement.view.Master","viewId":"application-addressmanagement-display-component---masterAdm","properties":{"valueState":"None"},"searchOpenDialogs":true,"interaction":{"idSuffix":"inner"}},"wdio_ui5_key":"etmportal.ui.addressmanagement.view.Mastersap.m.Input{\"valueState\":\"None\"}"}]}
RESULT: undefined
COMMAND: POST /session/4b43dd8acd0bd09b3f4a8d98a717555a/execute/async - {"script":"<script> [776 bytes]","args":[{"enterText":"Test","selector":{"controlType":"sap.m.Input","viewName":"etm.portal.ui.addressmanagement.view.Master","viewId":"application-addressmanagement-display-component---masterAdm","properties":{"valueState":"None"},"searchOpenDialogs":true,"interaction":{"idSuffix":"inner"}},"clearTextFirst":true,"interactionType":"ENTER_TEXT"}]}
RESULT: {"script":"<script> [776 bytes]","args":[{"enterText":"Test","selector":{"controlType":"sap.m.Input","viewName":"etm.portal.ui.addressmanagement.view.Master","viewId":"application-addressmanagement-display-component---masterAdm","properties":{"valueState":"None"},"searchOpenDialogs":true,"interaction":{"idSuffix":"inner"}},"clearTextFirst":true,"interactionType":"ENTER_TEXT"}]}
COMMAND: POST /session/4b43dd8acd0bd09b3f4a8d98a717555a/actions - {"actions":[{"id":"action10","type":"key","parameters":{},"actions":[{"type":"keyDown","value":""},{"type":"pause","duration":10},{"type":"keyUp","value":""}]}]}
RESULT: {"actions":[{"id":"action10","type":"key","parameters":{},"actions":[{"type":"keyDown","value":""},{"type":"pause","duration":10},{"type":"keyUp","value":""}]}]}
COMMAND: GET /session/4b43dd8acd0bd09b3f4a8d98a717555a/screenshot - {}
RESULT: {}
COMMAND: POST /session/4b43dd8acd0bd09b3f4a8d98a717555a/element - {"using":"xpath","value":"(//bdi[contains(text(), \"OK\")])[1]"}
RESULT: {"using":"xpath","value":"(//bdi[contains(text(), \"OK\")])[1]"}
COMMAND: POST /session/4b43dd8acd0bd09b3f4a8d98a717555a/element/f.5476A98C3DC04D0CE82D825B1225579B.d.C798DA8F9D4A0FA6F124DB339F739674.e.1873/click - {}
RESULT: {}
COMMAND: GET /session/4b43dd8acd0bd09b3f4a8d98a717555a/screenshot - {}
RESULT: {}
COMMAND: POST /session/4b43dd8acd0bd09b3f4a8d98a717555a/element - {"using":"xpath","value":"//span[@id=\"application-addressmanagement-display-component---masterAdm--smartTable-header-inner\"]"}
RESULT: {"using":"xpath","value":"//span[@id=\"application-addressmanagement-display-component---masterAdm--smartTable-header-inner\"]"}
COMMAND: POST /session/4b43dd8acd0bd09b3f4a8d98a717555a/elements - {"using":"xpath","value":"//span[@id=\"application-addressmanagement-display-component---masterAdm--smartTable-header-inner\"]"}
RESULT: {"using":"xpath","value":"//span[@id=\"application-addressmanagement-display-component---masterAdm--smartTable-header-inner\"]"}
COMMAND: POST /session/4b43dd8acd0bd09b3f4a8d98a717555a/execute/sync - {"script":"<script> [56 bytes]","args":[{"element-6066-11e4-a52e-4f735466cecf":"f.5476A98C3DC04D0CE82D825B1225579B.d.C798DA8F9D4A0FA6F124DB339F739674.e.1600","ELEMENT":"f.5476A98C3DC04D0CE82D825B1225579B.d.C798DA8F9D4A0FA6F124DB339F739674.e.1600"}]}
RESULT: {"script":"<script> [56 bytes]","args":[{"element-6066-11e4-a52e-4f735466cecf":"f.5476A98C3DC04D0CE82D825B1225579B.d.C798DA8F9D4A0FA6F124DB339F739674.e.1600","ELEMENT":"f.5476A98C3DC04D0CE82D825B1225579B.d.C798DA8F9D4A0FA6F124DB339F739674.e.1600"}]}
COMMAND: POST /session/4b43dd8acd0bd09b3f4a8d98a717555a/element - {"using":"xpath","value":"//span[contains(@title, \"Remove\")]"}
COMMAND: GET /session/4b43dd8acd0bd09b3f4a8d98a717555a/screenshot - {}
RESULT: {"using":"xpath","value":"//span[contains(@title, \"Remove\")]"}
COMMAND: POST /session/4b43dd8acd0bd09b3f4a8d98a717555a/element/f.5476A98C3DC04D0CE82D825B1225579B.d.C798DA8F9D4A0FA6F124DB339F739674.e.1946/click - {}
RESULT: {}
RESULT: {}
COMMAND: GET /session/4b43dd8acd0bd09b3f4a8d98a717555a/screenshot - {}
COMMAND: POST /session/4b43dd8acd0bd09b3f4a8d98a717555a/element - {"using":"xpath","value":"//span[contains(@title, \"Remove\")]"}
RESULT: {}
RESULT: {"using":"xpath","value":"//span[contains(@title, \"Remove\")]"}
COMMAND: POST /session/4b43dd8acd0bd09b3f4a8d98a717555a/element/f.5476A98C3DC04D0CE82D825B1225579B.d.C798DA8F9D4A0FA6F124DB339F739674.e.2022/click - {}
RESULT: {}
COMMAND: GET /session/4b43dd8acd0bd09b3f4a8d98a717555a/screenshot - {}
COMMAND: POST /session/4b43dd8acd0bd09b3f4a8d98a717555a/element - {"using":"xpath","value":"//span[contains(@title, \"Remove\")]"}
RESULT: {}
RESULT: {"using":"xpath","value":"//span[contains(@title, \"Remove\")]"}
COMMAND: POST /session/4b43dd8acd0bd09b3f4a8d98a717555a/element/f.5476A98C3DC04D0CE82D825B1225579B.d.C798DA8F9D4A0FA6F124DB339F739674.e.2138/click - {}
RESULT: {}
COMMAND: GET /session/4b43dd8acd0bd09b3f4a8d98a717555a/screenshot - {}
RESULT: {}
COMMAND: POST /session/4b43dd8acd0bd09b3f4a8d98a717555a/element - {"using":"css selector","value":"#shell-header-logo"}
RESULT: {"using":"css selector","value":"#shell-header-logo"}
COMMAND: POST /session/4b43dd8acd0bd09b3f4a8d98a717555a/element/f.5476A98C3DC04D0CE82D825B1225579B.d.C798DA8F9D4A0FA6F124DB339F739674.e.1417/click - {}
RESULT: {}
COMMAND: GET /session/4b43dd8acd0bd09b3f4a8d98a717555a/screenshot - {}
RESULT: {}
]]></system-out>
    </testcase>
    <testcase classname="chrome.136_0_7103_93.windows.Address_Management_Tests_US156181_US151165_US151160_US156180_US156178_US151157_US151172_US151170_US151166_US151168" name="Step 6 Should assign user ID to an user assign them to site US151172" time="73.784">
      <system-out><![CDATA[
RESULT: undefined
COMMAND: POST /session/4b43dd8acd0bd09b3f4a8d98a717555a/element - {"using":"xpath","value":"//*[@id=\"__tile33\"]"}
RESULT: {"using":"xpath","value":"//*[@id=\"__tile33\"]"}
COMMAND: POST /session/4b43dd8acd0bd09b3f4a8d98a717555a/element/f.5476A98C3DC04D0CE82D825B1225579B.d.C798DA8F9D4A0FA6F124DB339F739674.e.211/click - {}
RESULT: {}
COMMAND: GET /session/4b43dd8acd0bd09b3f4a8d98a717555a/screenshot - {}
RESULT: {}
COMMAND: POST /session/4b43dd8acd0bd09b3f4a8d98a717555a/elements - {"using":"xpath","value":"//span[text()='Error']"}
RESULT: {"using":"xpath","value":"//span[text()='Error']"}
COMMAND: POST /session/4b43dd8acd0bd09b3f4a8d98a717555a/element - {"using":"xpath","value":"//button[@data-kt=\"addButton\"]"}
RESULT: {"using":"xpath","value":"//button[@data-kt=\"addButton\"]"}
COMMAND: POST /session/4b43dd8acd0bd09b3f4a8d98a717555a/elements - {"using":"xpath","value":"//button[@data-kt=\"addButton\"]"}
RESULT: {"using":"xpath","value":"//button[@data-kt=\"addButton\"]"}
COMMAND: POST /session/4b43dd8acd0bd09b3f4a8d98a717555a/execute/sync - {"script":"<script> [8489 bytes]","args":[{"element-6066-11e4-a52e-4f735466cecf":"f.5476A98C3DC04D0CE82D825B1225579B.d.C798DA8F9D4A0FA6F124DB339F739674.e.2265","ELEMENT":"f.5476A98C3DC04D0CE82D825B1225579B.d.C798DA8F9D4A0FA6F124DB339F739674.e.2265"}]}
RESULT: {"script":"<script> [8489 bytes]","args":[{"element-6066-11e4-a52e-4f735466cecf":"f.5476A98C3DC04D0CE82D825B1225579B.d.C798DA8F9D4A0FA6F124DB339F739674.e.2265","ELEMENT":"f.5476A98C3DC04D0CE82D825B1225579B.d.C798DA8F9D4A0FA6F124DB339F739674.e.2265"}]}
COMMAND: GET /session/4b43dd8acd0bd09b3f4a8d98a717555a/element/f.5476A98C3DC04D0CE82D825B1225579B.d.C798DA8F9D4A0FA6F124DB339F739674.e.2265/enabled - {}
COMMAND: GET /session/4b43dd8acd0bd09b3f4a8d98a717555a/screenshot - {}
RESULT: {}
COMMAND: POST /session/4b43dd8acd0bd09b3f4a8d98a717555a/execute/sync - {"script":"<script> [8489 bytes]","args":[{"element-6066-11e4-a52e-4f735466cecf":"f.5476A98C3DC04D0CE82D825B1225579B.d.C798DA8F9D4A0FA6F124DB339F739674.e.2265","ELEMENT":"f.5476A98C3DC04D0CE82D825B1225579B.d.C798DA8F9D4A0FA6F124DB339F739674.e.2265"}]}
COMMAND: GET /session/4b43dd8acd0bd09b3f4a8d98a717555a/screenshot - {}
RESULT: {}
RESULT: {"script":"<script> [8489 bytes]","args":[{"element-6066-11e4-a52e-4f735466cecf":"f.5476A98C3DC04D0CE82D825B1225579B.d.C798DA8F9D4A0FA6F124DB339F739674.e.2265","ELEMENT":"f.5476A98C3DC04D0CE82D825B1225579B.d.C798DA8F9D4A0FA6F124DB339F739674.e.2265"}]}
COMMAND: POST /session/4b43dd8acd0bd09b3f4a8d98a717555a/execute/sync - {"script":"<script> [5351 bytes]","args":[{"element-6066-11e4-a52e-4f735466cecf":"f.5476A98C3DC04D0CE82D825B1225579B.d.C798DA8F9D4A0FA6F124DB339F739674.e.2265","ELEMENT":"f.5476A98C3DC04D0CE82D825B1225579B.d.C798DA8F9D4A0FA6F124DB339F739674.e.2265"}]}
COMMAND: GET /session/4b43dd8acd0bd09b3f4a8d98a717555a/screenshot - {}
RESULT: {}
RESULT: {"script":"<script> [5351 bytes]","args":[{"element-6066-11e4-a52e-4f735466cecf":"f.5476A98C3DC04D0CE82D825B1225579B.d.C798DA8F9D4A0FA6F124DB339F739674.e.2265","ELEMENT":"f.5476A98C3DC04D0CE82D825B1225579B.d.C798DA8F9D4A0FA6F124DB339F739674.e.2265"}]}
COMMAND: GET /session/4b43dd8acd0bd09b3f4a8d98a717555a/screenshot - {}
RESULT: {}
RESULT: {}
RESULT: undefined
COMMAND: POST /session/4b43dd8acd0bd09b3f4a8d98a717555a/execute/async - {"script":"<script> [776 bytes]","args":[{"enterText":"Test1ETM","selector":{"id":"application-addressmanagement-display-component---masterAdm--smartFilterBar-btnBasicSearch","interaction":{"idSuffix":"I"}},"clearTextFirst":true,"interactionType":"ENTER_TEXT"}]}
RESULT: {"script":"<script> [776 bytes]","args":[{"enterText":"Test1ETM","selector":{"id":"application-addressmanagement-display-component---masterAdm--smartFilterBar-btnBasicSearch","interaction":{"idSuffix":"I"}},"clearTextFirst":true,"interactionType":"ENTER_TEXT"}]}
COMMAND: POST /session/4b43dd8acd0bd09b3f4a8d98a717555a/actions - {"actions":[{"id":"action11","type":"key","parameters":{},"actions":[{"type":"keyDown","value":""},{"type":"pause","duration":10},{"type":"keyUp","value":""}]}]}
RESULT: {"actions":[{"id":"action11","type":"key","parameters":{},"actions":[{"type":"keyDown","value":""},{"type":"pause","duration":10},{"type":"keyUp","value":""}]}]}
COMMAND: GET /session/4b43dd8acd0bd09b3f4a8d98a717555a/screenshot - {}
RESULT: {}
COMMAND: POST /session/4b43dd8acd0bd09b3f4a8d98a717555a/elements - {"using":"xpath","value":"//table[contains(@id, \"customPersonsAddressesTable-listUl\")]/tbody/tr"}
RESULT: {"using":"xpath","value":"//table[contains(@id, \"customPersonsAddressesTable-listUl\")]/tbody/tr"}
COMMAND: POST /session/4b43dd8acd0bd09b3f4a8d98a717555a/element - {"using":"xpath","value":"//table[contains(@id, \"customPersonsAddressesTable-listUl\")]/tbody/tr[1]/td[5]/span/span"}
RESULT: {"using":"xpath","value":"//table[contains(@id, \"customPersonsAddressesTable-listUl\")]/tbody/tr[1]/td[5]/span/span"}
COMMAND: POST /session/4b43dd8acd0bd09b3f4a8d98a717555a/element - {"using":"xpath","value":"//table[contains(@id, \"customPersonsAddressesTable-listUl\")]/tbody/tr[1]/td[3]/span"}
RESULT: {"using":"xpath","value":"//table[contains(@id, \"customPersonsAddressesTable-listUl\")]/tbody/tr[1]/td[3]/span"}
COMMAND: POST /session/4b43dd8acd0bd09b3f4a8d98a717555a/elements - {"using":"xpath","value":"//table[contains(@id, \"customPersonsAddressesTable-listUl\")]/tbody/tr[1]/td[5]/span/span"}
RESULT: {"using":"xpath","value":"//table[contains(@id, \"customPersonsAddressesTable-listUl\")]/tbody/tr[1]/td[5]/span/span"}
COMMAND: POST /session/4b43dd8acd0bd09b3f4a8d98a717555a/execute/sync - {"script":"<script> [56 bytes]","args":[{"element-6066-11e4-a52e-4f735466cecf":"f.5476A98C3DC04D0CE82D825B1225579B.d.C798DA8F9D4A0FA6F124DB339F739674.e.2410","ELEMENT":"f.5476A98C3DC04D0CE82D825B1225579B.d.C798DA8F9D4A0FA6F124DB339F739674.e.2410"}]}
RESULT: {"script":"<script> [56 bytes]","args":[{"element-6066-11e4-a52e-4f735466cecf":"f.5476A98C3DC04D0CE82D825B1225579B.d.C798DA8F9D4A0FA6F124DB339F739674.e.2410","ELEMENT":"f.5476A98C3DC04D0CE82D825B1225579B.d.C798DA8F9D4A0FA6F124DB339F739674.e.2410"}]}
COMMAND: POST /session/4b43dd8acd0bd09b3f4a8d98a717555a/element - {"using":"xpath","value":"//span[@id=\"application-addressmanagement-display-component---masterAdm--smartTable-header-inner\"]"}
COMMAND: GET /session/4b43dd8acd0bd09b3f4a8d98a717555a/screenshot - {}
RESULT: {"using":"xpath","value":"//span[@id=\"application-addressmanagement-display-component---masterAdm--smartTable-header-inner\"]"}
COMMAND: POST /session/4b43dd8acd0bd09b3f4a8d98a717555a/elements - {"using":"xpath","value":"//span[@id=\"application-addressmanagement-display-component---masterAdm--smartTable-header-inner\"]"}
RESULT: {}
RESULT: {"using":"xpath","value":"//span[@id=\"application-addressmanagement-display-component---masterAdm--smartTable-header-inner\"]"}
COMMAND: POST /session/4b43dd8acd0bd09b3f4a8d98a717555a/execute/sync - {"script":"<script> [56 bytes]","args":[{"element-6066-11e4-a52e-4f735466cecf":"f.5476A98C3DC04D0CE82D825B1225579B.d.C798DA8F9D4A0FA6F124DB339F739674.e.2412","ELEMENT":"f.5476A98C3DC04D0CE82D825B1225579B.d.C798DA8F9D4A0FA6F124DB339F739674.e.2412"}]}
RESULT: {"script":"<script> [56 bytes]","args":[{"element-6066-11e4-a52e-4f735466cecf":"f.5476A98C3DC04D0CE82D825B1225579B.d.C798DA8F9D4A0FA6F124DB339F739674.e.2412","ELEMENT":"f.5476A98C3DC04D0CE82D825B1225579B.d.C798DA8F9D4A0FA6F124DB339F739674.e.2412"}]}
COMMAND: POST /session/4b43dd8acd0bd09b3f4a8d98a717555a/element - {"using":"css selector","value":"#shell-header-logo"}
COMMAND: GET /session/4b43dd8acd0bd09b3f4a8d98a717555a/screenshot - {}
RESULT: {"using":"css selector","value":"#shell-header-logo"}
COMMAND: POST /session/4b43dd8acd0bd09b3f4a8d98a717555a/element/f.5476A98C3DC04D0CE82D825B1225579B.d.C798DA8F9D4A0FA6F124DB339F739674.e.2210/click - {}
RESULT: {}
RESULT: {}
COMMAND: GET /session/4b43dd8acd0bd09b3f4a8d98a717555a/screenshot - {}
RESULT: {}
COMMAND: POST /session/4b43dd8acd0bd09b3f4a8d98a717555a/execute/async - {"script":"<script> [1562 bytes]","args":[{"selector":{"controlType":"sap.m.GenericTile","properties":{"header":"Manage Sites"}},"wdio_ui5_key":"sapm.GenericTile{\"header\":\"Manage Sites\"}"}]}
RESULT: {"script":"<script> [1562 bytes]","args":[{"selector":{"controlType":"sap.m.GenericTile","properties":{"header":"Manage Sites"}},"wdio_ui5_key":"sapm.GenericTile{\"header\":\"Manage Sites\"}"}]}
RESULT: undefined
COMMAND: POST /session/4b43dd8acd0bd09b3f4a8d98a717555a/element - {"using":"xpath","value":"//*[@id=\"__tile40\"]"}
RESULT: {"using":"xpath","value":"//*[@id=\"__tile40\"]"}
COMMAND: POST /session/4b43dd8acd0bd09b3f4a8d98a717555a/element/f.5476A98C3DC04D0CE82D825B1225579B.d.C798DA8F9D4A0FA6F124DB339F739674.e.154/click - {}
RESULT: {}
COMMAND: GET /session/4b43dd8acd0bd09b3f4a8d98a717555a/screenshot - {}
RESULT: {}
COMMAND: POST /session/4b43dd8acd0bd09b3f4a8d98a717555a/elements - {"using":"xpath","value":"//span[text()='Error']"}
RESULT: {"using":"xpath","value":"//span[text()='Error']"}
COMMAND: POST /session/4b43dd8acd0bd09b3f4a8d98a717555a/element - {"using":"xpath","value":"//button[@data-kt=\"addOverflowToolbarButton\"]"}
RESULT: {"using":"xpath","value":"//button[@data-kt=\"addOverflowToolbarButton\"]"}
COMMAND: POST /session/4b43dd8acd0bd09b3f4a8d98a717555a/elements - {"using":"xpath","value":"//button[@data-kt=\"addOverflowToolbarButton\"]"}
RESULT: {"using":"xpath","value":"//button[@data-kt=\"addOverflowToolbarButton\"]"}
COMMAND: POST /session/4b43dd8acd0bd09b3f4a8d98a717555a/execute/sync - {"script":"<script> [8489 bytes]","args":[{"element-6066-11e4-a52e-4f735466cecf":"f.5476A98C3DC04D0CE82D825B1225579B.d.C798DA8F9D4A0FA6F124DB339F739674.e.2458","ELEMENT":"f.5476A98C3DC04D0CE82D825B1225579B.d.C798DA8F9D4A0FA6F124DB339F739674.e.2458"}]}
RESULT: {"script":"<script> [8489 bytes]","args":[{"element-6066-11e4-a52e-4f735466cecf":"f.5476A98C3DC04D0CE82D825B1225579B.d.C798DA8F9D4A0FA6F124DB339F739674.e.2458","ELEMENT":"f.5476A98C3DC04D0CE82D825B1225579B.d.C798DA8F9D4A0FA6F124DB339F739674.e.2458"}]}
COMMAND: GET /session/4b43dd8acd0bd09b3f4a8d98a717555a/element/f.5476A98C3DC04D0CE82D825B1225579B.d.C798DA8F9D4A0FA6F124DB339F739674.e.2458/enabled - {}
COMMAND: GET /session/4b43dd8acd0bd09b3f4a8d98a717555a/screenshot - {}
RESULT: {}
COMMAND: POST /session/4b43dd8acd0bd09b3f4a8d98a717555a/execute/sync - {"script":"<script> [8489 bytes]","args":[{"element-6066-11e4-a52e-4f735466cecf":"f.5476A98C3DC04D0CE82D825B1225579B.d.C798DA8F9D4A0FA6F124DB339F739674.e.2458","ELEMENT":"f.5476A98C3DC04D0CE82D825B1225579B.d.C798DA8F9D4A0FA6F124DB339F739674.e.2458"}]}
COMMAND: GET /session/4b43dd8acd0bd09b3f4a8d98a717555a/screenshot - {}
RESULT: {}
RESULT: {"script":"<script> [8489 bytes]","args":[{"element-6066-11e4-a52e-4f735466cecf":"f.5476A98C3DC04D0CE82D825B1225579B.d.C798DA8F9D4A0FA6F124DB339F739674.e.2458","ELEMENT":"f.5476A98C3DC04D0CE82D825B1225579B.d.C798DA8F9D4A0FA6F124DB339F739674.e.2458"}]}
COMMAND: POST /session/4b43dd8acd0bd09b3f4a8d98a717555a/execute/sync - {"script":"<script> [5351 bytes]","args":[{"element-6066-11e4-a52e-4f735466cecf":"f.5476A98C3DC04D0CE82D825B1225579B.d.C798DA8F9D4A0FA6F124DB339F739674.e.2458","ELEMENT":"f.5476A98C3DC04D0CE82D825B1225579B.d.C798DA8F9D4A0FA6F124DB339F739674.e.2458"}]}
COMMAND: GET /session/4b43dd8acd0bd09b3f4a8d98a717555a/screenshot - {}
RESULT: {}
RESULT: {"script":"<script> [5351 bytes]","args":[{"element-6066-11e4-a52e-4f735466cecf":"f.5476A98C3DC04D0CE82D825B1225579B.d.C798DA8F9D4A0FA6F124DB339F739674.e.2458","ELEMENT":"f.5476A98C3DC04D0CE82D825B1225579B.d.C798DA8F9D4A0FA6F124DB339F739674.e.2458"}]}
COMMAND: GET /session/4b43dd8acd0bd09b3f4a8d98a717555a/screenshot - {}
RESULT: {}
RESULT: {}
COMMAND: POST /session/4b43dd8acd0bd09b3f4a8d98a717555a/element/f.5476A98C3DC04D0CE82D825B1225579B.d.C798DA8F9D4A0FA6F124DB339F739674.e.2458/click - {}
RESULT: {}
COMMAND: GET /session/4b43dd8acd0bd09b3f4a8d98a717555a/screenshot - {}
RESULT: {}
COMMAND: POST /session/4b43dd8acd0bd09b3f4a8d98a717555a/execute/async - {"script":"<script> [1562 bytes]","args":[{"selector":{"controlType":"sap.m.Button","viewName":"etm.portal.ui.managesites.view.NewSmartSite","viewId":"application-managesites-display-component---NewSite","properties":{"text":"Contacts (Users)"},"interaction":{"idSuffix":"BDI-content"}},"wdio_ui5_key":"etmportal.ui.managesites.view.NewSmartSitesap.m.Button{\"text\":\"Contacts (Users)\"}"}]}
RESULT: {"script":"<script> [1562 bytes]","args":[{"selector":{"controlType":"sap.m.Button","viewName":"etm.portal.ui.managesites.view.NewSmartSite","viewId":"application-managesites-display-component---NewSite","properties":{"text":"Contacts (Users)"},"interaction":{"idSuffix":"BDI-content"}},"wdio_ui5_key":"etmportal.ui.managesites.view.NewSmartSitesap.m.Button{\"text\":\"Contacts (Users)\"}"}]}
RESULT: undefined
COMMAND: POST /session/4b43dd8acd0bd09b3f4a8d98a717555a/element - {"using":"xpath","value":"//*[@id=\"application-managesites-display-component---NewSite--ObjectPageLayout-anchBar-__section50-anchor\"]"}
RESULT: {"using":"xpath","value":"//*[@id=\"application-managesites-display-component---NewSite--ObjectPageLayout-anchBar-__section50-anchor\"]"}
COMMAND: POST /session/4b43dd8acd0bd09b3f4a8d98a717555a/element/f.5476A98C3DC04D0CE82D825B1225579B.d.C798DA8F9D4A0FA6F124DB339F739674.e.2859/click - {}
RESULT: {}
COMMAND: GET /session/4b43dd8acd0bd09b3f4a8d98a717555a/screenshot - {}
RESULT: {}
COMMAND: POST /session/4b43dd8acd0bd09b3f4a8d98a717555a/element - {"using":"xpath","value":"//button[@data-kt=\"onAddUserOverflowToolbarButton\"]"}
RESULT: {"using":"xpath","value":"//button[@data-kt=\"onAddUserOverflowToolbarButton\"]"}
COMMAND: POST /session/4b43dd8acd0bd09b3f4a8d98a717555a/element/f.5476A98C3DC04D0CE82D825B1225579B.d.C798DA8F9D4A0FA6F124DB339F739674.e.2865/click - {}
RESULT: {}
COMMAND: GET /session/4b43dd8acd0bd09b3f4a8d98a717555a/screenshot - {}
RESULT: {}
COMMAND: POST /session/4b43dd8acd0bd09b3f4a8d98a717555a/execute/async - {"script":"<script> [1562 bytes]","args":[{"selector":{"controlType":"sap.m.SearchField","viewName":"etm.portal.ui.managesites.view.NewSmartSite","viewId":"application-managesites-display-component---NewSite","searchOpenDialogs":true,"interaction":{"idSuffix":"I"}},"wdio_ui5_key":"etmportal.ui.managesites.view.NewSmartSitesap.m.SearchField"}]}
RESULT: {"script":"<script> [1562 bytes]","args":[{"selector":{"controlType":"sap.m.SearchField","viewName":"etm.portal.ui.managesites.view.NewSmartSite","viewId":"application-managesites-display-component---NewSite","searchOpenDialogs":true,"interaction":{"idSuffix":"I"}},"wdio_ui5_key":"etmportal.ui.managesites.view.NewSmartSitesap.m.SearchField"}]}
RESULT: undefined
COMMAND: POST /session/4b43dd8acd0bd09b3f4a8d98a717555a/execute/async - {"script":"<script> [776 bytes]","args":[{"enterText":"Test1ETM","selector":{"controlType":"sap.m.SearchField","viewName":"etm.portal.ui.managesites.view.NewSmartSite","viewId":"application-managesites-display-component---NewSite","searchOpenDialogs":true,"interaction":{"idSuffix":"I"}},"clearTextFirst":true,"interactionType":"ENTER_TEXT"}]}
RESULT: {"script":"<script> [776 bytes]","args":[{"enterText":"Test1ETM","selector":{"controlType":"sap.m.SearchField","viewName":"etm.portal.ui.managesites.view.NewSmartSite","viewId":"application-managesites-display-component---NewSite","searchOpenDialogs":true,"interaction":{"idSuffix":"I"}},"clearTextFirst":true,"interactionType":"ENTER_TEXT"}]}
COMMAND: POST /session/4b43dd8acd0bd09b3f4a8d98a717555a/actions - {"actions":[{"id":"action12","type":"key","parameters":{},"actions":[{"type":"keyDown","value":""},{"type":"pause","duration":10},{"type":"keyUp","value":""}]}]}
RESULT: {"actions":[{"id":"action12","type":"key","parameters":{},"actions":[{"type":"keyDown","value":""},{"type":"pause","duration":10},{"type":"keyUp","value":""}]}]}
COMMAND: GET /session/4b43dd8acd0bd09b3f4a8d98a717555a/screenshot - {}
RESULT: {}
COMMAND: POST /session/4b43dd8acd0bd09b3f4a8d98a717555a/element - {"using":"xpath","value":"//li[.//*[contains(text(), \"Test1ETM\")] or contains(text(), \"Test1ETM\")]"}
RESULT: {"using":"xpath","value":"//li[.//*[contains(text(), \"Test1ETM\")] or contains(text(), \"Test1ETM\")]"}
COMMAND: POST /session/4b43dd8acd0bd09b3f4a8d98a717555a/elements - {"using":"xpath","value":"//li[.//*[contains(text(), \"Test1ETM\")] or contains(text(), \"Test1ETM\")]"}
RESULT: {"using":"xpath","value":"//li[.//*[contains(text(), \"Test1ETM\")] or contains(text(), \"Test1ETM\")]"}
COMMAND: POST /session/4b43dd8acd0bd09b3f4a8d98a717555a/element - {"using":"xpath","value":"//button[.//bdi[contains(text(), \"Cancel\")]][1]"}
RESULT: {"using":"xpath","value":"//button[.//bdi[contains(text(), \"Cancel\")]][1]"}
COMMAND: POST /session/4b43dd8acd0bd09b3f4a8d98a717555a/element/f.5476A98C3DC04D0CE82D825B1225579B.d.C798DA8F9D4A0FA6F124DB339F739674.e.2872/click - {}
RESULT: {}
COMMAND: GET /session/4b43dd8acd0bd09b3f4a8d98a717555a/screenshot - {}
RESULT: {}
COMMAND: POST /session/4b43dd8acd0bd09b3f4a8d98a717555a/element - {"using":"css selector","value":"#shell-header-logo"}
RESULT: {"using":"css selector","value":"#shell-header-logo"}
COMMAND: POST /session/4b43dd8acd0bd09b3f4a8d98a717555a/element/f.5476A98C3DC04D0CE82D825B1225579B.d.C798DA8F9D4A0FA6F124DB339F739674.e.2416/click - {}
RESULT: {}
COMMAND: GET /session/4b43dd8acd0bd09b3f4a8d98a717555a/screenshot - {}
RESULT: {}
]]></system-out>
    </testcase>
    <testcase classname="chrome.136_0_7103_93.windows.Address_Management_Tests_US156181_US151165_US151160_US156180_US156178_US151157_US151172_US151170_US151166_US151168" name="Step 7 Should try to save empty address US151170 BUGGED FOR NOW" time="102.618">
      <failure/>
      <error message="Expect $(`//span[contains(@class, &quot;sapMMsgBoxText&quot;)]`) to be existing&#xA;&#xA;Expected: &quot;existing&quot;&#xA;Received: &quot;not existing&quot;"/>
      <system-out><![CDATA[
RESULT: undefined
COMMAND: POST /session/4b43dd8acd0bd09b3f4a8d98a717555a/element - {"using":"xpath","value":"//*[@id=\"__tile33\"]"}
RESULT: {"using":"xpath","value":"//*[@id=\"__tile33\"]"}
COMMAND: POST /session/4b43dd8acd0bd09b3f4a8d98a717555a/element/f.5476A98C3DC04D0CE82D825B1225579B.d.C798DA8F9D4A0FA6F124DB339F739674.e.211/click - {}
RESULT: {}
COMMAND: GET /session/4b43dd8acd0bd09b3f4a8d98a717555a/screenshot - {}
RESULT: {}
COMMAND: POST /session/4b43dd8acd0bd09b3f4a8d98a717555a/elements - {"using":"xpath","value":"//span[text()='Error']"}
RESULT: {"using":"xpath","value":"//span[text()='Error']"}
COMMAND: POST /session/4b43dd8acd0bd09b3f4a8d98a717555a/element - {"using":"xpath","value":"//button[@data-kt=\"addButton\"]"}
RESULT: {"using":"xpath","value":"//button[@data-kt=\"addButton\"]"}
COMMAND: POST /session/4b43dd8acd0bd09b3f4a8d98a717555a/elements - {"using":"xpath","value":"//button[@data-kt=\"addButton\"]"}
RESULT: {"using":"xpath","value":"//button[@data-kt=\"addButton\"]"}
COMMAND: POST /session/4b43dd8acd0bd09b3f4a8d98a717555a/execute/sync - {"script":"<script> [8489 bytes]","args":[{"element-6066-11e4-a52e-4f735466cecf":"f.5476A98C3DC04D0CE82D825B1225579B.d.C798DA8F9D4A0FA6F124DB339F739674.e.2929","ELEMENT":"f.5476A98C3DC04D0CE82D825B1225579B.d.C798DA8F9D4A0FA6F124DB339F739674.e.2929"}]}
RESULT: {"script":"<script> [8489 bytes]","args":[{"element-6066-11e4-a52e-4f735466cecf":"f.5476A98C3DC04D0CE82D825B1225579B.d.C798DA8F9D4A0FA6F124DB339F739674.e.2929","ELEMENT":"f.5476A98C3DC04D0CE82D825B1225579B.d.C798DA8F9D4A0FA6F124DB339F739674.e.2929"}]}
COMMAND: GET /session/4b43dd8acd0bd09b3f4a8d98a717555a/element/f.5476A98C3DC04D0CE82D825B1225579B.d.C798DA8F9D4A0FA6F124DB339F739674.e.2929/enabled - {}
COMMAND: GET /session/4b43dd8acd0bd09b3f4a8d98a717555a/screenshot - {}
RESULT: {}
COMMAND: POST /session/4b43dd8acd0bd09b3f4a8d98a717555a/execute/sync - {"script":"<script> [8489 bytes]","args":[{"element-6066-11e4-a52e-4f735466cecf":"f.5476A98C3DC04D0CE82D825B1225579B.d.C798DA8F9D4A0FA6F124DB339F739674.e.2929","ELEMENT":"f.5476A98C3DC04D0CE82D825B1225579B.d.C798DA8F9D4A0FA6F124DB339F739674.e.2929"}]}
COMMAND: GET /session/4b43dd8acd0bd09b3f4a8d98a717555a/screenshot - {}
RESULT: {}
RESULT: {"script":"<script> [8489 bytes]","args":[{"element-6066-11e4-a52e-4f735466cecf":"f.5476A98C3DC04D0CE82D825B1225579B.d.C798DA8F9D4A0FA6F124DB339F739674.e.2929","ELEMENT":"f.5476A98C3DC04D0CE82D825B1225579B.d.C798DA8F9D4A0FA6F124DB339F739674.e.2929"}]}
COMMAND: POST /session/4b43dd8acd0bd09b3f4a8d98a717555a/execute/sync - {"script":"<script> [5351 bytes]","args":[{"element-6066-11e4-a52e-4f735466cecf":"f.5476A98C3DC04D0CE82D825B1225579B.d.C798DA8F9D4A0FA6F124DB339F739674.e.2929","ELEMENT":"f.5476A98C3DC04D0CE82D825B1225579B.d.C798DA8F9D4A0FA6F124DB339F739674.e.2929"}]}
COMMAND: GET /session/4b43dd8acd0bd09b3f4a8d98a717555a/screenshot - {}
RESULT: {}
RESULT: {"script":"<script> [5351 bytes]","args":[{"element-6066-11e4-a52e-4f735466cecf":"f.5476A98C3DC04D0CE82D825B1225579B.d.C798DA8F9D4A0FA6F124DB339F739674.e.2929","ELEMENT":"f.5476A98C3DC04D0CE82D825B1225579B.d.C798DA8F9D4A0FA6F124DB339F739674.e.2929"}]}
COMMAND: GET /session/4b43dd8acd0bd09b3f4a8d98a717555a/screenshot - {}
RESULT: {}
RESULT: {}
RESULT: undefined
COMMAND: POST /session/4b43dd8acd0bd09b3f4a8d98a717555a/execute/async - {"script":"<script> [776 bytes]","args":[{"enterText":"jtJeQwtuc3","selector":{"id":"application-addressmanagement-display-component---masterAdm--smartFilterBar-btnBasicSearch","interaction":{"idSuffix":"I"}},"clearTextFirst":true,"interactionType":"ENTER_TEXT"}]}
RESULT: {"script":"<script> [776 bytes]","args":[{"enterText":"jtJeQwtuc3","selector":{"id":"application-addressmanagement-display-component---masterAdm--smartFilterBar-btnBasicSearch","interaction":{"idSuffix":"I"}},"clearTextFirst":true,"interactionType":"ENTER_TEXT"}]}
COMMAND: POST /session/4b43dd8acd0bd09b3f4a8d98a717555a/actions - {"actions":[{"id":"action13","type":"key","parameters":{},"actions":[{"type":"keyDown","value":""},{"type":"pause","duration":10},{"type":"keyUp","value":""}]}]}
RESULT: {"actions":[{"id":"action13","type":"key","parameters":{},"actions":[{"type":"keyDown","value":""},{"type":"pause","duration":10},{"type":"keyUp","value":""}]}]}
COMMAND: GET /session/4b43dd8acd0bd09b3f4a8d98a717555a/screenshot - {}
RESULT: {}
COMMAND: POST /session/4b43dd8acd0bd09b3f4a8d98a717555a/elements - {"using":"xpath","value":"//table[contains(@id, \"customPersonsAddressesTable-listUl\")]/tbody/tr"}
RESULT: {"using":"xpath","value":"//table[contains(@id, \"customPersonsAddressesTable-listUl\")]/tbody/tr"}
COMMAND: POST /session/4b43dd8acd0bd09b3f4a8d98a717555a/element - {"using":"xpath","value":"//table[contains(@id, \"customPersonsAddressesTable-listUl\")]/tbody/tr[1]/td[5]/span/span"}
RESULT: {"using":"xpath","value":"//table[contains(@id, \"customPersonsAddressesTable-listUl\")]/tbody/tr[1]/td[5]/span/span"}
COMMAND: POST /session/4b43dd8acd0bd09b3f4a8d98a717555a/element - {"using":"xpath","value":"//table[contains(@id, \"customPersonsAddressesTable-listUl\")]/tbody/tr[1]/td[3]/span"}
RESULT: {"using":"xpath","value":"//table[contains(@id, \"customPersonsAddressesTable-listUl\")]/tbody/tr[1]/td[3]/span"}
COMMAND: POST /session/4b43dd8acd0bd09b3f4a8d98a717555a/elements - {"using":"xpath","value":"//table[contains(@id, \"customPersonsAddressesTable-listUl\")]/tbody/tr[1]/td[5]/span/span"}
RESULT: {"using":"xpath","value":"//table[contains(@id, \"customPersonsAddressesTable-listUl\")]/tbody/tr[1]/td[5]/span/span"}
COMMAND: POST /session/4b43dd8acd0bd09b3f4a8d98a717555a/execute/sync - {"script":"<script> [56 bytes]","args":[{"element-6066-11e4-a52e-4f735466cecf":"f.5476A98C3DC04D0CE82D825B1225579B.d.C798DA8F9D4A0FA6F124DB339F739674.e.3071","ELEMENT":"f.5476A98C3DC04D0CE82D825B1225579B.d.C798DA8F9D4A0FA6F124DB339F739674.e.3071"}]}
RESULT: {"script":"<script> [56 bytes]","args":[{"element-6066-11e4-a52e-4f735466cecf":"f.5476A98C3DC04D0CE82D825B1225579B.d.C798DA8F9D4A0FA6F124DB339F739674.e.3071","ELEMENT":"f.5476A98C3DC04D0CE82D825B1225579B.d.C798DA8F9D4A0FA6F124DB339F739674.e.3071"}]}
COMMAND: POST /session/4b43dd8acd0bd09b3f4a8d98a717555a/element - {"using":"xpath","value":"(//span[contains(@id, \"imgNav\")])[1]"}
COMMAND: GET /session/4b43dd8acd0bd09b3f4a8d98a717555a/screenshot - {}
RESULT: {"using":"xpath","value":"(//span[contains(@id, \"imgNav\")])[1]"}
COMMAND: POST /session/4b43dd8acd0bd09b3f4a8d98a717555a/element/f.5476A98C3DC04D0CE82D825B1225579B.d.C798DA8F9D4A0FA6F124DB339F739674.e.3069/click - {}
RESULT: {}
RESULT: {}
COMMAND: GET /session/4b43dd8acd0bd09b3f4a8d98a717555a/screenshot - {}
RESULT: {}
COMMAND: POST /session/4b43dd8acd0bd09b3f4a8d98a717555a/element - {"using":"xpath","value":"//bdi[contains(text(), \"Edit\")]"}
RESULT: {"using":"xpath","value":"//bdi[contains(text(), \"Edit\")]"}
COMMAND: POST /session/4b43dd8acd0bd09b3f4a8d98a717555a/element/f.5476A98C3DC04D0CE82D825B1225579B.d.C798DA8F9D4A0FA6F124DB339F739674.e.3197/click - {}
RESULT: {}
COMMAND: GET /session/4b43dd8acd0bd09b3f4a8d98a717555a/screenshot - {}
RESULT: {}
COMMAND: POST /session/4b43dd8acd0bd09b3f4a8d98a717555a/execute/async - {"script":"<script> [1562 bytes]","args":[{"selector":{"controlType":"sap.m.Input","viewName":"etm.portal.ui.addressmanagement.view.EditDetail","labelFor":{"text":"Name"},"interaction":{"idSuffix":"inner"}},"wdio_ui5_key":"etmportal.ui.addressmanagement.view.EditDetailsap.m.Input{\"text\":\"Name\"}"}]}
RESULT: {"script":"<script> [1562 bytes]","args":[{"selector":{"controlType":"sap.m.Input","viewName":"etm.portal.ui.addressmanagement.view.EditDetail","labelFor":{"text":"Name"},"interaction":{"idSuffix":"inner"}},"wdio_ui5_key":"etmportal.ui.addressmanagement.view.EditDetailsap.m.Input{\"text\":\"Name\"}"}]}
RESULT: undefined
COMMAND: POST /session/4b43dd8acd0bd09b3f4a8d98a717555a/element - {"using":"css selector","value":"#shell-header-logo"}
RESULT: {"using":"css selector","value":"#shell-header-logo"}
COMMAND: POST /session/4b43dd8acd0bd09b3f4a8d98a717555a/element/f.5476A98C3DC04D0CE82D825B1225579B.d.C798DA8F9D4A0FA6F124DB339F739674.e.2877/click - {}
RESULT: {}
COMMAND: GET /session/4b43dd8acd0bd09b3f4a8d98a717555a/screenshot - {}
RESULT: {}
COMMAND: POST /session/4b43dd8acd0bd09b3f4a8d98a717555a/element - {"using":"xpath","value":"//span[contains(@class, \"sapMMsgBoxText\")]"}
RESULT: {"using":"xpath","value":"//span[contains(@class, \"sapMMsgBoxText\")]"}
COMMAND: POST /session/4b43dd8acd0bd09b3f4a8d98a717555a/elements - {"using":"xpath","value":"//span[contains(@class, \"sapMMsgBoxText\")]"}
RESULT: {"using":"xpath","value":"//span[contains(@class, \"sapMMsgBoxText\")]"}
COMMAND: POST /session/4b43dd8acd0bd09b3f4a8d98a717555a/elements - {"using":"xpath","value":"//span[contains(@class, \"sapMMsgBoxText\")]"}
RESULT: {"using":"xpath","value":"//span[contains(@class, \"sapMMsgBoxText\")]"}
COMMAND: POST /session/4b43dd8acd0bd09b3f4a8d98a717555a/elements - {"using":"xpath","value":"//span[contains(@class, \"sapMMsgBoxText\")]"}
RESULT: {"using":"xpath","value":"//span[contains(@class, \"sapMMsgBoxText\")]"}
COMMAND: POST /session/4b43dd8acd0bd09b3f4a8d98a717555a/elements - {"using":"xpath","value":"//span[contains(@class, \"sapMMsgBoxText\")]"}
RESULT: {"using":"xpath","value":"//span[contains(@class, \"sapMMsgBoxText\")]"}
COMMAND: POST /session/4b43dd8acd0bd09b3f4a8d98a717555a/elements - {"using":"xpath","value":"//span[contains(@class, \"sapMMsgBoxText\")]"}
RESULT: {"using":"xpath","value":"//span[contains(@class, \"sapMMsgBoxText\")]"}
COMMAND: POST /session/4b43dd8acd0bd09b3f4a8d98a717555a/elements - {"using":"xpath","value":"//span[contains(@class, \"sapMMsgBoxText\")]"}
RESULT: {"using":"xpath","value":"//span[contains(@class, \"sapMMsgBoxText\")]"}
COMMAND: POST /session/4b43dd8acd0bd09b3f4a8d98a717555a/elements - {"using":"xpath","value":"//span[contains(@class, \"sapMMsgBoxText\")]"}
RESULT: {"using":"xpath","value":"//span[contains(@class, \"sapMMsgBoxText\")]"}
COMMAND: POST /session/4b43dd8acd0bd09b3f4a8d98a717555a/elements - {"using":"xpath","value":"//span[contains(@class, \"sapMMsgBoxText\")]"}
RESULT: {"using":"xpath","value":"//span[contains(@class, \"sapMMsgBoxText\")]"}
COMMAND: POST /session/4b43dd8acd0bd09b3f4a8d98a717555a/elements - {"using":"xpath","value":"//span[contains(@class, \"sapMMsgBoxText\")]"}
RESULT: {"using":"xpath","value":"//span[contains(@class, \"sapMMsgBoxText\")]"}
COMMAND: POST /session/4b43dd8acd0bd09b3f4a8d98a717555a/elements - {"using":"xpath","value":"//span[contains(@class, \"sapMMsgBoxText\")]"}
RESULT: {"using":"xpath","value":"//span[contains(@class, \"sapMMsgBoxText\")]"}
COMMAND: POST /session/4b43dd8acd0bd09b3f4a8d98a717555a/elements - {"using":"xpath","value":"//span[contains(@class, \"sapMMsgBoxText\")]"}
RESULT: {"using":"xpath","value":"//span[contains(@class, \"sapMMsgBoxText\")]"}
COMMAND: POST /session/4b43dd8acd0bd09b3f4a8d98a717555a/elements - {"using":"xpath","value":"//span[contains(@class, \"sapMMsgBoxText\")]"}
RESULT: {"using":"xpath","value":"//span[contains(@class, \"sapMMsgBoxText\")]"}
COMMAND: POST /session/4b43dd8acd0bd09b3f4a8d98a717555a/elements - {"using":"xpath","value":"//span[contains(@class, \"sapMMsgBoxText\")]"}
RESULT: {"using":"xpath","value":"//span[contains(@class, \"sapMMsgBoxText\")]"}
COMMAND: POST /session/4b43dd8acd0bd09b3f4a8d98a717555a/elements - {"using":"xpath","value":"//span[contains(@class, \"sapMMsgBoxText\")]"}
RESULT: {"using":"xpath","value":"//span[contains(@class, \"sapMMsgBoxText\")]"}
COMMAND: POST /session/4b43dd8acd0bd09b3f4a8d98a717555a/elements - {"using":"xpath","value":"//span[contains(@class, \"sapMMsgBoxText\")]"}
RESULT: {"using":"xpath","value":"//span[contains(@class, \"sapMMsgBoxText\")]"}
COMMAND: POST /session/4b43dd8acd0bd09b3f4a8d98a717555a/elements - {"using":"xpath","value":"//span[contains(@class, \"sapMMsgBoxText\")]"}
RESULT: {"using":"xpath","value":"//span[contains(@class, \"sapMMsgBoxText\")]"}
COMMAND: POST /session/4b43dd8acd0bd09b3f4a8d98a717555a/elements - {"using":"xpath","value":"//span[contains(@class, \"sapMMsgBoxText\")]"}
RESULT: {"using":"xpath","value":"//span[contains(@class, \"sapMMsgBoxText\")]"}
COMMAND: POST /session/4b43dd8acd0bd09b3f4a8d98a717555a/elements - {"using":"xpath","value":"//span[contains(@class, \"sapMMsgBoxText\")]"}
RESULT: {"using":"xpath","value":"//span[contains(@class, \"sapMMsgBoxText\")]"}
COMMAND: POST /session/4b43dd8acd0bd09b3f4a8d98a717555a/elements - {"using":"xpath","value":"//span[contains(@class, \"sapMMsgBoxText\")]"}
RESULT: {"using":"xpath","value":"//span[contains(@class, \"sapMMsgBoxText\")]"}
COMMAND: POST /session/4b43dd8acd0bd09b3f4a8d98a717555a/elements - {"using":"xpath","value":"//span[contains(@class, \"sapMMsgBoxText\")]"}
RESULT: {"using":"xpath","value":"//span[contains(@class, \"sapMMsgBoxText\")]"}
COMMAND: POST /session/4b43dd8acd0bd09b3f4a8d98a717555a/elements - {"using":"xpath","value":"//span[contains(@class, \"sapMMsgBoxText\")]"}
RESULT: {"using":"xpath","value":"//span[contains(@class, \"sapMMsgBoxText\")]"}
COMMAND: POST /session/4b43dd8acd0bd09b3f4a8d98a717555a/elements - {"using":"xpath","value":"//span[contains(@class, \"sapMMsgBoxText\")]"}
RESULT: {"using":"xpath","value":"//span[contains(@class, \"sapMMsgBoxText\")]"}
COMMAND: POST /session/4b43dd8acd0bd09b3f4a8d98a717555a/elements - {"using":"xpath","value":"//span[contains(@class, \"sapMMsgBoxText\")]"}
RESULT: {"using":"xpath","value":"//span[contains(@class, \"sapMMsgBoxText\")]"}
COMMAND: POST /session/4b43dd8acd0bd09b3f4a8d98a717555a/elements - {"using":"xpath","value":"//span[contains(@class, \"sapMMsgBoxText\")]"}
RESULT: {"using":"xpath","value":"//span[contains(@class, \"sapMMsgBoxText\")]"}
COMMAND: POST /session/4b43dd8acd0bd09b3f4a8d98a717555a/elements - {"using":"xpath","value":"//span[contains(@class, \"sapMMsgBoxText\")]"}
RESULT: {"using":"xpath","value":"//span[contains(@class, \"sapMMsgBoxText\")]"}
COMMAND: POST /session/4b43dd8acd0bd09b3f4a8d98a717555a/elements - {"using":"xpath","value":"//span[contains(@class, \"sapMMsgBoxText\")]"}
RESULT: {"using":"xpath","value":"//span[contains(@class, \"sapMMsgBoxText\")]"}
COMMAND: POST /session/4b43dd8acd0bd09b3f4a8d98a717555a/elements - {"using":"xpath","value":"//span[contains(@class, \"sapMMsgBoxText\")]"}
RESULT: {"using":"xpath","value":"//span[contains(@class, \"sapMMsgBoxText\")]"}
COMMAND: POST /session/4b43dd8acd0bd09b3f4a8d98a717555a/elements - {"using":"xpath","value":"//span[contains(@class, \"sapMMsgBoxText\")]"}
RESULT: {"using":"xpath","value":"//span[contains(@class, \"sapMMsgBoxText\")]"}
COMMAND: POST /session/4b43dd8acd0bd09b3f4a8d98a717555a/elements - {"using":"xpath","value":"//span[contains(@class, \"sapMMsgBoxText\")]"}
RESULT: {"using":"xpath","value":"//span[contains(@class, \"sapMMsgBoxText\")]"}
COMMAND: POST /session/4b43dd8acd0bd09b3f4a8d98a717555a/elements - {"using":"xpath","value":"//span[contains(@class, \"sapMMsgBoxText\")]"}
RESULT: {"using":"xpath","value":"//span[contains(@class, \"sapMMsgBoxText\")]"}
COMMAND: POST /session/4b43dd8acd0bd09b3f4a8d98a717555a/elements - {"using":"xpath","value":"//span[contains(@class, \"sapMMsgBoxText\")]"}
RESULT: {"using":"xpath","value":"//span[contains(@class, \"sapMMsgBoxText\")]"}
COMMAND: POST /session/4b43dd8acd0bd09b3f4a8d98a717555a/elements - {"using":"xpath","value":"//span[contains(@class, \"sapMMsgBoxText\")]"}
RESULT: {"using":"xpath","value":"//span[contains(@class, \"sapMMsgBoxText\")]"}
COMMAND: POST /session/4b43dd8acd0bd09b3f4a8d98a717555a/elements - {"using":"xpath","value":"//span[contains(@class, \"sapMMsgBoxText\")]"}
RESULT: {"using":"xpath","value":"//span[contains(@class, \"sapMMsgBoxText\")]"}
COMMAND: POST /session/4b43dd8acd0bd09b3f4a8d98a717555a/elements - {"using":"xpath","value":"//span[contains(@class, \"sapMMsgBoxText\")]"}
RESULT: {"using":"xpath","value":"//span[contains(@class, \"sapMMsgBoxText\")]"}
COMMAND: POST /session/4b43dd8acd0bd09b3f4a8d98a717555a/elements - {"using":"xpath","value":"//span[contains(@class, \"sapMMsgBoxText\")]"}
RESULT: {"using":"xpath","value":"//span[contains(@class, \"sapMMsgBoxText\")]"}
COMMAND: POST /session/4b43dd8acd0bd09b3f4a8d98a717555a/elements - {"using":"xpath","value":"//span[contains(@class, \"sapMMsgBoxText\")]"}
RESULT: {"using":"xpath","value":"//span[contains(@class, \"sapMMsgBoxText\")]"}
COMMAND: POST /session/4b43dd8acd0bd09b3f4a8d98a717555a/elements - {"using":"xpath","value":"//span[contains(@class, \"sapMMsgBoxText\")]"}
RESULT: {"using":"xpath","value":"//span[contains(@class, \"sapMMsgBoxText\")]"}
COMMAND: POST /session/4b43dd8acd0bd09b3f4a8d98a717555a/elements - {"using":"xpath","value":"//span[contains(@class, \"sapMMsgBoxText\")]"}
RESULT: {"using":"xpath","value":"//span[contains(@class, \"sapMMsgBoxText\")]"}
COMMAND: POST /session/4b43dd8acd0bd09b3f4a8d98a717555a/elements - {"using":"xpath","value":"//span[contains(@class, \"sapMMsgBoxText\")]"}
RESULT: {"using":"xpath","value":"//span[contains(@class, \"sapMMsgBoxText\")]"}
COMMAND: POST /session/4b43dd8acd0bd09b3f4a8d98a717555a/elements - {"using":"xpath","value":"//span[contains(@class, \"sapMMsgBoxText\")]"}
RESULT: {"using":"xpath","value":"//span[contains(@class, \"sapMMsgBoxText\")]"}
COMMAND: POST /session/4b43dd8acd0bd09b3f4a8d98a717555a/elements - {"using":"xpath","value":"//span[contains(@class, \"sapMMsgBoxText\")]"}
RESULT: {"using":"xpath","value":"//span[contains(@class, \"sapMMsgBoxText\")]"}
COMMAND: POST /session/4b43dd8acd0bd09b3f4a8d98a717555a/elements - {"using":"xpath","value":"//span[contains(@class, \"sapMMsgBoxText\")]"}
RESULT: {"using":"xpath","value":"//span[contains(@class, \"sapMMsgBoxText\")]"}
COMMAND: POST /session/4b43dd8acd0bd09b3f4a8d98a717555a/elements - {"using":"xpath","value":"//span[contains(@class, \"sapMMsgBoxText\")]"}
RESULT: {"using":"xpath","value":"//span[contains(@class, \"sapMMsgBoxText\")]"}
COMMAND: POST /session/4b43dd8acd0bd09b3f4a8d98a717555a/elements - {"using":"xpath","value":"//span[contains(@class, \"sapMMsgBoxText\")]"}
RESULT: {"using":"xpath","value":"//span[contains(@class, \"sapMMsgBoxText\")]"}
COMMAND: POST /session/4b43dd8acd0bd09b3f4a8d98a717555a/elements - {"using":"xpath","value":"//span[contains(@class, \"sapMMsgBoxText\")]"}
RESULT: {"using":"xpath","value":"//span[contains(@class, \"sapMMsgBoxText\")]"}
COMMAND: POST /session/4b43dd8acd0bd09b3f4a8d98a717555a/elements - {"using":"xpath","value":"//span[contains(@class, \"sapMMsgBoxText\")]"}
RESULT: {"using":"xpath","value":"//span[contains(@class, \"sapMMsgBoxText\")]"}
COMMAND: POST /session/4b43dd8acd0bd09b3f4a8d98a717555a/elements - {"using":"xpath","value":"//span[contains(@class, \"sapMMsgBoxText\")]"}
RESULT: {"using":"xpath","value":"//span[contains(@class, \"sapMMsgBoxText\")]"}
COMMAND: POST /session/4b43dd8acd0bd09b3f4a8d98a717555a/elements - {"using":"xpath","value":"//span[contains(@class, \"sapMMsgBoxText\")]"}
RESULT: {"using":"xpath","value":"//span[contains(@class, \"sapMMsgBoxText\")]"}
COMMAND: POST /session/4b43dd8acd0bd09b3f4a8d98a717555a/elements - {"using":"xpath","value":"//span[contains(@class, \"sapMMsgBoxText\")]"}
RESULT: {"using":"xpath","value":"//span[contains(@class, \"sapMMsgBoxText\")]"}
COMMAND: POST /session/4b43dd8acd0bd09b3f4a8d98a717555a/elements - {"using":"xpath","value":"//span[contains(@class, \"sapMMsgBoxText\")]"}
RESULT: {"using":"xpath","value":"//span[contains(@class, \"sapMMsgBoxText\")]"}
COMMAND: POST /session/4b43dd8acd0bd09b3f4a8d98a717555a/elements - {"using":"xpath","value":"//span[contains(@class, \"sapMMsgBoxText\")]"}
RESULT: {"using":"xpath","value":"//span[contains(@class, \"sapMMsgBoxText\")]"}
COMMAND: POST /session/4b43dd8acd0bd09b3f4a8d98a717555a/elements - {"using":"xpath","value":"//span[contains(@class, \"sapMMsgBoxText\")]"}
RESULT: {"using":"xpath","value":"//span[contains(@class, \"sapMMsgBoxText\")]"}
COMMAND: POST /session/4b43dd8acd0bd09b3f4a8d98a717555a/elements - {"using":"xpath","value":"//span[contains(@class, \"sapMMsgBoxText\")]"}
RESULT: {"using":"xpath","value":"//span[contains(@class, \"sapMMsgBoxText\")]"}
COMMAND: POST /session/4b43dd8acd0bd09b3f4a8d98a717555a/elements - {"using":"xpath","value":"//span[contains(@class, \"sapMMsgBoxText\")]"}
RESULT: {"using":"xpath","value":"//span[contains(@class, \"sapMMsgBoxText\")]"}
COMMAND: POST /session/4b43dd8acd0bd09b3f4a8d98a717555a/elements - {"using":"xpath","value":"//span[contains(@class, \"sapMMsgBoxText\")]"}
RESULT: {"using":"xpath","value":"//span[contains(@class, \"sapMMsgBoxText\")]"}
COMMAND: POST /session/4b43dd8acd0bd09b3f4a8d98a717555a/elements - {"using":"xpath","value":"//span[contains(@class, \"sapMMsgBoxText\")]"}
RESULT: {"using":"xpath","value":"//span[contains(@class, \"sapMMsgBoxText\")]"}
COMMAND: POST /session/4b43dd8acd0bd09b3f4a8d98a717555a/elements - {"using":"xpath","value":"//span[contains(@class, \"sapMMsgBoxText\")]"}
RESULT: {"using":"xpath","value":"//span[contains(@class, \"sapMMsgBoxText\")]"}
COMMAND: POST /session/4b43dd8acd0bd09b3f4a8d98a717555a/elements - {"using":"xpath","value":"//span[contains(@class, \"sapMMsgBoxText\")]"}
RESULT: {"using":"xpath","value":"//span[contains(@class, \"sapMMsgBoxText\")]"}
COMMAND: POST /session/4b43dd8acd0bd09b3f4a8d98a717555a/elements - {"using":"xpath","value":"//span[contains(@class, \"sapMMsgBoxText\")]"}
RESULT: {"using":"xpath","value":"//span[contains(@class, \"sapMMsgBoxText\")]"}
COMMAND: POST /session/4b43dd8acd0bd09b3f4a8d98a717555a/elements - {"using":"xpath","value":"//span[contains(@class, \"sapMMsgBoxText\")]"}
RESULT: {"using":"xpath","value":"//span[contains(@class, \"sapMMsgBoxText\")]"}
COMMAND: POST /session/4b43dd8acd0bd09b3f4a8d98a717555a/elements - {"using":"xpath","value":"//span[contains(@class, \"sapMMsgBoxText\")]"}
RESULT: {"using":"xpath","value":"//span[contains(@class, \"sapMMsgBoxText\")]"}
COMMAND: POST /session/4b43dd8acd0bd09b3f4a8d98a717555a/elements - {"using":"xpath","value":"//span[contains(@class, \"sapMMsgBoxText\")]"}
RESULT: {"using":"xpath","value":"//span[contains(@class, \"sapMMsgBoxText\")]"}
COMMAND: POST /session/4b43dd8acd0bd09b3f4a8d98a717555a/elements - {"using":"xpath","value":"//span[contains(@class, \"sapMMsgBoxText\")]"}
RESULT: {"using":"xpath","value":"//span[contains(@class, \"sapMMsgBoxText\")]"}
COMMAND: POST /session/4b43dd8acd0bd09b3f4a8d98a717555a/elements - {"using":"xpath","value":"//span[contains(@class, \"sapMMsgBoxText\")]"}
RESULT: {"using":"xpath","value":"//span[contains(@class, \"sapMMsgBoxText\")]"}
COMMAND: POST /session/4b43dd8acd0bd09b3f4a8d98a717555a/elements - {"using":"xpath","value":"//span[contains(@class, \"sapMMsgBoxText\")]"}
RESULT: {"using":"xpath","value":"//span[contains(@class, \"sapMMsgBoxText\")]"}
COMMAND: POST /session/4b43dd8acd0bd09b3f4a8d98a717555a/elements - {"using":"xpath","value":"//span[contains(@class, \"sapMMsgBoxText\")]"}
RESULT: {"using":"xpath","value":"//span[contains(@class, \"sapMMsgBoxText\")]"}
COMMAND: POST /session/4b43dd8acd0bd09b3f4a8d98a717555a/elements - {"using":"xpath","value":"//span[contains(@class, \"sapMMsgBoxText\")]"}
RESULT: {"using":"xpath","value":"//span[contains(@class, \"sapMMsgBoxText\")]"}
COMMAND: POST /session/4b43dd8acd0bd09b3f4a8d98a717555a/elements - {"using":"xpath","value":"//span[contains(@class, \"sapMMsgBoxText\")]"}
RESULT: {"using":"xpath","value":"//span[contains(@class, \"sapMMsgBoxText\")]"}
COMMAND: POST /session/4b43dd8acd0bd09b3f4a8d98a717555a/elements - {"using":"xpath","value":"//span[contains(@class, \"sapMMsgBoxText\")]"}
RESULT: {"using":"xpath","value":"//span[contains(@class, \"sapMMsgBoxText\")]"}
COMMAND: POST /session/4b43dd8acd0bd09b3f4a8d98a717555a/elements - {"using":"xpath","value":"//span[contains(@class, \"sapMMsgBoxText\")]"}
RESULT: {"using":"xpath","value":"//span[contains(@class, \"sapMMsgBoxText\")]"}
COMMAND: POST /session/4b43dd8acd0bd09b3f4a8d98a717555a/elements - {"using":"xpath","value":"//span[contains(@class, \"sapMMsgBoxText\")]"}
RESULT: {"using":"xpath","value":"//span[contains(@class, \"sapMMsgBoxText\")]"}
COMMAND: POST /session/4b43dd8acd0bd09b3f4a8d98a717555a/elements - {"using":"xpath","value":"//span[contains(@class, \"sapMMsgBoxText\")]"}
RESULT: {"using":"xpath","value":"//span[contains(@class, \"sapMMsgBoxText\")]"}
COMMAND: POST /session/4b43dd8acd0bd09b3f4a8d98a717555a/elements - {"using":"xpath","value":"//span[contains(@class, \"sapMMsgBoxText\")]"}
RESULT: {"using":"xpath","value":"//span[contains(@class, \"sapMMsgBoxText\")]"}
COMMAND: POST /session/4b43dd8acd0bd09b3f4a8d98a717555a/elements - {"using":"xpath","value":"//span[contains(@class, \"sapMMsgBoxText\")]"}
RESULT: {"using":"xpath","value":"//span[contains(@class, \"sapMMsgBoxText\")]"}
COMMAND: POST /session/4b43dd8acd0bd09b3f4a8d98a717555a/elements - {"using":"xpath","value":"//span[contains(@class, \"sapMMsgBoxText\")]"}
RESULT: {"using":"xpath","value":"//span[contains(@class, \"sapMMsgBoxText\")]"}
COMMAND: POST /session/4b43dd8acd0bd09b3f4a8d98a717555a/elements - {"using":"xpath","value":"//span[contains(@class, \"sapMMsgBoxText\")]"}
RESULT: {"using":"xpath","value":"//span[contains(@class, \"sapMMsgBoxText\")]"}
COMMAND: POST /session/4b43dd8acd0bd09b3f4a8d98a717555a/elements - {"using":"xpath","value":"//span[contains(@class, \"sapMMsgBoxText\")]"}
RESULT: {"using":"xpath","value":"//span[contains(@class, \"sapMMsgBoxText\")]"}
COMMAND: POST /session/4b43dd8acd0bd09b3f4a8d98a717555a/elements - {"using":"xpath","value":"//span[contains(@class, \"sapMMsgBoxText\")]"}
RESULT: {"using":"xpath","value":"//span[contains(@class, \"sapMMsgBoxText\")]"}
COMMAND: POST /session/4b43dd8acd0bd09b3f4a8d98a717555a/elements - {"using":"xpath","value":"//span[contains(@class, \"sapMMsgBoxText\")]"}
RESULT: {"using":"xpath","value":"//span[contains(@class, \"sapMMsgBoxText\")]"}
COMMAND: POST /session/4b43dd8acd0bd09b3f4a8d98a717555a/elements - {"using":"xpath","value":"//span[contains(@class, \"sapMMsgBoxText\")]"}
RESULT: {"using":"xpath","value":"//span[contains(@class, \"sapMMsgBoxText\")]"}
COMMAND: POST /session/4b43dd8acd0bd09b3f4a8d98a717555a/elements - {"using":"xpath","value":"//span[contains(@class, \"sapMMsgBoxText\")]"}
RESULT: {"using":"xpath","value":"//span[contains(@class, \"sapMMsgBoxText\")]"}
COMMAND: POST /session/4b43dd8acd0bd09b3f4a8d98a717555a/elements - {"using":"xpath","value":"//span[contains(@class, \"sapMMsgBoxText\")]"}
RESULT: {"using":"xpath","value":"//span[contains(@class, \"sapMMsgBoxText\")]"}
COMMAND: POST /session/4b43dd8acd0bd09b3f4a8d98a717555a/elements - {"using":"xpath","value":"//span[contains(@class, \"sapMMsgBoxText\")]"}
RESULT: {"using":"xpath","value":"//span[contains(@class, \"sapMMsgBoxText\")]"}
COMMAND: POST /session/4b43dd8acd0bd09b3f4a8d98a717555a/elements - {"using":"xpath","value":"//span[contains(@class, \"sapMMsgBoxText\")]"}
RESULT: {"using":"xpath","value":"//span[contains(@class, \"sapMMsgBoxText\")]"}
COMMAND: POST /session/4b43dd8acd0bd09b3f4a8d98a717555a/elements - {"using":"xpath","value":"//span[contains(@class, \"sapMMsgBoxText\")]"}
RESULT: {"using":"xpath","value":"//span[contains(@class, \"sapMMsgBoxText\")]"}
COMMAND: POST /session/4b43dd8acd0bd09b3f4a8d98a717555a/elements - {"using":"xpath","value":"//span[contains(@class, \"sapMMsgBoxText\")]"}
RESULT: {"using":"xpath","value":"//span[contains(@class, \"sapMMsgBoxText\")]"}
COMMAND: POST /session/4b43dd8acd0bd09b3f4a8d98a717555a/elements - {"using":"xpath","value":"//span[contains(@class, \"sapMMsgBoxText\")]"}
RESULT: {"using":"xpath","value":"//span[contains(@class, \"sapMMsgBoxText\")]"}
COMMAND: POST /session/4b43dd8acd0bd09b3f4a8d98a717555a/elements - {"using":"xpath","value":"//span[contains(@class, \"sapMMsgBoxText\")]"}
RESULT: {"using":"xpath","value":"//span[contains(@class, \"sapMMsgBoxText\")]"}
COMMAND: POST /session/4b43dd8acd0bd09b3f4a8d98a717555a/elements - {"using":"xpath","value":"//span[contains(@class, \"sapMMsgBoxText\")]"}
RESULT: {"using":"xpath","value":"//span[contains(@class, \"sapMMsgBoxText\")]"}
COMMAND: POST /session/4b43dd8acd0bd09b3f4a8d98a717555a/elements - {"using":"xpath","value":"//span[contains(@class, \"sapMMsgBoxText\")]"}
RESULT: {"using":"xpath","value":"//span[contains(@class, \"sapMMsgBoxText\")]"}
COMMAND: POST /session/4b43dd8acd0bd09b3f4a8d98a717555a/elements - {"using":"xpath","value":"//span[contains(@class, \"sapMMsgBoxText\")]"}
RESULT: {"using":"xpath","value":"//span[contains(@class, \"sapMMsgBoxText\")]"}
COMMAND: POST /session/4b43dd8acd0bd09b3f4a8d98a717555a/elements - {"using":"xpath","value":"//span[contains(@class, \"sapMMsgBoxText\")]"}
RESULT: {"using":"xpath","value":"//span[contains(@class, \"sapMMsgBoxText\")]"}
COMMAND: POST /session/4b43dd8acd0bd09b3f4a8d98a717555a/elements - {"using":"xpath","value":"//span[contains(@class, \"sapMMsgBoxText\")]"}
RESULT: {"using":"xpath","value":"//span[contains(@class, \"sapMMsgBoxText\")]"}
COMMAND: POST /session/4b43dd8acd0bd09b3f4a8d98a717555a/elements - {"using":"xpath","value":"//span[contains(@class, \"sapMMsgBoxText\")]"}
RESULT: {"using":"xpath","value":"//span[contains(@class, \"sapMMsgBoxText\")]"}
COMMAND: POST /session/4b43dd8acd0bd09b3f4a8d98a717555a/elements - {"using":"xpath","value":"//span[contains(@class, \"sapMMsgBoxText\")]"}
RESULT: {"using":"xpath","value":"//span[contains(@class, \"sapMMsgBoxText\")]"}
COMMAND: POST /session/4b43dd8acd0bd09b3f4a8d98a717555a/elements - {"using":"xpath","value":"//span[contains(@class, \"sapMMsgBoxText\")]"}
RESULT: {"using":"xpath","value":"//span[contains(@class, \"sapMMsgBoxText\")]"}
COMMAND: POST /session/4b43dd8acd0bd09b3f4a8d98a717555a/elements - {"using":"xpath","value":"//span[contains(@class, \"sapMMsgBoxText\")]"}
RESULT: {"using":"xpath","value":"//span[contains(@class, \"sapMMsgBoxText\")]"}
COMMAND: POST /session/4b43dd8acd0bd09b3f4a8d98a717555a/elements - {"using":"xpath","value":"//span[contains(@class, \"sapMMsgBoxText\")]"}
RESULT: {"using":"xpath","value":"//span[contains(@class, \"sapMMsgBoxText\")]"}
COMMAND: POST /session/4b43dd8acd0bd09b3f4a8d98a717555a/elements - {"using":"xpath","value":"//span[contains(@class, \"sapMMsgBoxText\")]"}
RESULT: {"using":"xpath","value":"//span[contains(@class, \"sapMMsgBoxText\")]"}
COMMAND: POST /session/4b43dd8acd0bd09b3f4a8d98a717555a/elements - {"using":"xpath","value":"//span[contains(@class, \"sapMMsgBoxText\")]"}
RESULT: {"using":"xpath","value":"//span[contains(@class, \"sapMMsgBoxText\")]"}
COMMAND: POST /session/4b43dd8acd0bd09b3f4a8d98a717555a/elements - {"using":"xpath","value":"//span[contains(@class, \"sapMMsgBoxText\")]"}
RESULT: {"using":"xpath","value":"//span[contains(@class, \"sapMMsgBoxText\")]"}
COMMAND: POST /session/4b43dd8acd0bd09b3f4a8d98a717555a/elements - {"using":"xpath","value":"//span[contains(@class, \"sapMMsgBoxText\")]"}
RESULT: {"using":"xpath","value":"//span[contains(@class, \"sapMMsgBoxText\")]"}
COMMAND: POST /session/4b43dd8acd0bd09b3f4a8d98a717555a/elements - {"using":"xpath","value":"//span[contains(@class, \"sapMMsgBoxText\")]"}
RESULT: {"using":"xpath","value":"//span[contains(@class, \"sapMMsgBoxText\")]"}
COMMAND: POST /session/4b43dd8acd0bd09b3f4a8d98a717555a/elements - {"using":"xpath","value":"//span[contains(@class, \"sapMMsgBoxText\")]"}
RESULT: {"using":"xpath","value":"//span[contains(@class, \"sapMMsgBoxText\")]"}
COMMAND: POST /session/4b43dd8acd0bd09b3f4a8d98a717555a/elements - {"using":"xpath","value":"//span[contains(@class, \"sapMMsgBoxText\")]"}
RESULT: {"using":"xpath","value":"//span[contains(@class, \"sapMMsgBoxText\")]"}
COMMAND: POST /session/4b43dd8acd0bd09b3f4a8d98a717555a/elements - {"using":"xpath","value":"//span[contains(@class, \"sapMMsgBoxText\")]"}
RESULT: {"using":"xpath","value":"//span[contains(@class, \"sapMMsgBoxText\")]"}
COMMAND: POST /session/4b43dd8acd0bd09b3f4a8d98a717555a/elements - {"using":"xpath","value":"//span[contains(@class, \"sapMMsgBoxText\")]"}
RESULT: {"using":"xpath","value":"//span[contains(@class, \"sapMMsgBoxText\")]"}
COMMAND: POST /session/4b43dd8acd0bd09b3f4a8d98a717555a/elements - {"using":"xpath","value":"//span[contains(@class, \"sapMMsgBoxText\")]"}
RESULT: {"using":"xpath","value":"//span[contains(@class, \"sapMMsgBoxText\")]"}
COMMAND: POST /session/4b43dd8acd0bd09b3f4a8d98a717555a/elements - {"using":"xpath","value":"//span[contains(@class, \"sapMMsgBoxText\")]"}
RESULT: {"using":"xpath","value":"//span[contains(@class, \"sapMMsgBoxText\")]"}
COMMAND: POST /session/4b43dd8acd0bd09b3f4a8d98a717555a/elements - {"using":"xpath","value":"//span[contains(@class, \"sapMMsgBoxText\")]"}
RESULT: {"using":"xpath","value":"//span[contains(@class, \"sapMMsgBoxText\")]"}
COMMAND: POST /session/4b43dd8acd0bd09b3f4a8d98a717555a/elements - {"using":"xpath","value":"//span[contains(@class, \"sapMMsgBoxText\")]"}
RESULT: {"using":"xpath","value":"//span[contains(@class, \"sapMMsgBoxText\")]"}
COMMAND: POST /session/4b43dd8acd0bd09b3f4a8d98a717555a/elements - {"using":"xpath","value":"//span[contains(@class, \"sapMMsgBoxText\")]"}
RESULT: {"using":"xpath","value":"//span[contains(@class, \"sapMMsgBoxText\")]"}
COMMAND: POST /session/4b43dd8acd0bd09b3f4a8d98a717555a/elements - {"using":"xpath","value":"//span[contains(@class, \"sapMMsgBoxText\")]"}
RESULT: {"using":"xpath","value":"//span[contains(@class, \"sapMMsgBoxText\")]"}
COMMAND: POST /session/4b43dd8acd0bd09b3f4a8d98a717555a/elements - {"using":"xpath","value":"//span[contains(@class, \"sapMMsgBoxText\")]"}
RESULT: {"using":"xpath","value":"//span[contains(@class, \"sapMMsgBoxText\")]"}
COMMAND: POST /session/4b43dd8acd0bd09b3f4a8d98a717555a/elements - {"using":"xpath","value":"//span[contains(@class, \"sapMMsgBoxText\")]"}
RESULT: {"using":"xpath","value":"//span[contains(@class, \"sapMMsgBoxText\")]"}
COMMAND: POST /session/4b43dd8acd0bd09b3f4a8d98a717555a/element - {"using":"css selector","value":"#shell-header-logo"}
RESULT: {"using":"css selector","value":"#shell-header-logo"}
COMMAND: POST /session/4b43dd8acd0bd09b3f4a8d98a717555a/element/f.5476A98C3DC04D0CE82D825B1225579B.d.C798DA8F9D4A0FA6F124DB339F739674.e.3253/click - {}
RESULT: {}
COMMAND: GET /session/4b43dd8acd0bd09b3f4a8d98a717555a/screenshot - {}
RESULT: {}
COMMAND: GET /session/4b43dd8acd0bd09b3f4a8d98a717555a/screenshot - {}
RESULT: {}
]]></system-out>
      <system-err><![CDATA[
Error: Expect $(`//span[contains(@class, "sapMMsgBoxText")]`) to be existing

Expected: "existing"
Received: "not existing"
    at Context.<anonymous> (D:\a\1\s\test\specs\BTS\address-management.spec.js:1014:38)
]]></system-err>
    </testcase>
    <testcase classname="chrome.136_0_7103_93.windows.Address_Management_Tests_US156181_US151165_US151160_US156180_US156178_US151157_US151172_US151170_US151166_US151168" name="Step 8 Should add an attachment to the created address US151166 BUGGED FOR NOW" time="56.774">
      <system-out><![CDATA[
RESULT: undefined
COMMAND: POST /session/4b43dd8acd0bd09b3f4a8d98a717555a/element - {"using":"xpath","value":"//*[@id=\"__tile33\"]"}
COMMAND: GET /session/4b43dd8acd0bd09b3f4a8d98a717555a/screenshot - {}
RESULT: {"using":"xpath","value":"//*[@id=\"__tile33\"]"}
COMMAND: POST /session/4b43dd8acd0bd09b3f4a8d98a717555a/element/f.5476A98C3DC04D0CE82D825B1225579B.d.C798DA8F9D4A0FA6F124DB339F739674.e.211/click - {}
RESULT: {}
RESULT: {}
COMMAND: GET /session/4b43dd8acd0bd09b3f4a8d98a717555a/screenshot - {}
RESULT: {}
COMMAND: POST /session/4b43dd8acd0bd09b3f4a8d98a717555a/elements - {"using":"xpath","value":"//span[text()='Error']"}
RESULT: {"using":"xpath","value":"//span[text()='Error']"}
COMMAND: POST /session/4b43dd8acd0bd09b3f4a8d98a717555a/element - {"using":"xpath","value":"//button[@data-kt=\"addButton\"]"}
RESULT: {"using":"xpath","value":"//button[@data-kt=\"addButton\"]"}
COMMAND: POST /session/4b43dd8acd0bd09b3f4a8d98a717555a/elements - {"using":"xpath","value":"//button[@data-kt=\"addButton\"]"}
RESULT: {"using":"xpath","value":"//button[@data-kt=\"addButton\"]"}
COMMAND: POST /session/4b43dd8acd0bd09b3f4a8d98a717555a/execute/sync - {"script":"<script> [8489 bytes]","args":[{"element-6066-11e4-a52e-4f735466cecf":"f.5476A98C3DC04D0CE82D825B1225579B.d.C798DA8F9D4A0FA6F124DB339F739674.e.3317","ELEMENT":"f.5476A98C3DC04D0CE82D825B1225579B.d.C798DA8F9D4A0FA6F124DB339F739674.e.3317"}]}
RESULT: {"script":"<script> [8489 bytes]","args":[{"element-6066-11e4-a52e-4f735466cecf":"f.5476A98C3DC04D0CE82D825B1225579B.d.C798DA8F9D4A0FA6F124DB339F739674.e.3317","ELEMENT":"f.5476A98C3DC04D0CE82D825B1225579B.d.C798DA8F9D4A0FA6F124DB339F739674.e.3317"}]}
COMMAND: GET /session/4b43dd8acd0bd09b3f4a8d98a717555a/element/f.5476A98C3DC04D0CE82D825B1225579B.d.C798DA8F9D4A0FA6F124DB339F739674.e.3317/enabled - {}
COMMAND: GET /session/4b43dd8acd0bd09b3f4a8d98a717555a/screenshot - {}
RESULT: {}
COMMAND: POST /session/4b43dd8acd0bd09b3f4a8d98a717555a/execute/sync - {"script":"<script> [8489 bytes]","args":[{"element-6066-11e4-a52e-4f735466cecf":"f.5476A98C3DC04D0CE82D825B1225579B.d.C798DA8F9D4A0FA6F124DB339F739674.e.3317","ELEMENT":"f.5476A98C3DC04D0CE82D825B1225579B.d.C798DA8F9D4A0FA6F124DB339F739674.e.3317"}]}
COMMAND: GET /session/4b43dd8acd0bd09b3f4a8d98a717555a/screenshot - {}
RESULT: {}
RESULT: {"script":"<script> [8489 bytes]","args":[{"element-6066-11e4-a52e-4f735466cecf":"f.5476A98C3DC04D0CE82D825B1225579B.d.C798DA8F9D4A0FA6F124DB339F739674.e.3317","ELEMENT":"f.5476A98C3DC04D0CE82D825B1225579B.d.C798DA8F9D4A0FA6F124DB339F739674.e.3317"}]}
COMMAND: POST /session/4b43dd8acd0bd09b3f4a8d98a717555a/execute/sync - {"script":"<script> [5351 bytes]","args":[{"element-6066-11e4-a52e-4f735466cecf":"f.5476A98C3DC04D0CE82D825B1225579B.d.C798DA8F9D4A0FA6F124DB339F739674.e.3317","ELEMENT":"f.5476A98C3DC04D0CE82D825B1225579B.d.C798DA8F9D4A0FA6F124DB339F739674.e.3317"}]}
COMMAND: GET /session/4b43dd8acd0bd09b3f4a8d98a717555a/screenshot - {}
RESULT: {}
RESULT: {"script":"<script> [5351 bytes]","args":[{"element-6066-11e4-a52e-4f735466cecf":"f.5476A98C3DC04D0CE82D825B1225579B.d.C798DA8F9D4A0FA6F124DB339F739674.e.3317","ELEMENT":"f.5476A98C3DC04D0CE82D825B1225579B.d.C798DA8F9D4A0FA6F124DB339F739674.e.3317"}]}
COMMAND: GET /session/4b43dd8acd0bd09b3f4a8d98a717555a/screenshot - {}
RESULT: {}
RESULT: {}
RESULT: undefined
COMMAND: POST /session/4b43dd8acd0bd09b3f4a8d98a717555a/execute/async - {"script":"<script> [776 bytes]","args":[{"enterText":"jtJeQwtuc3","selector":{"id":"application-addressmanagement-display-component---masterAdm--smartFilterBar-btnBasicSearch","interaction":{"idSuffix":"I"}},"clearTextFirst":true,"interactionType":"ENTER_TEXT"}]}
RESULT: {"script":"<script> [776 bytes]","args":[{"enterText":"jtJeQwtuc3","selector":{"id":"application-addressmanagement-display-component---masterAdm--smartFilterBar-btnBasicSearch","interaction":{"idSuffix":"I"}},"clearTextFirst":true,"interactionType":"ENTER_TEXT"}]}
COMMAND: POST /session/4b43dd8acd0bd09b3f4a8d98a717555a/actions - {"actions":[{"id":"action14","type":"key","parameters":{},"actions":[{"type":"keyDown","value":""},{"type":"pause","duration":10},{"type":"keyUp","value":""}]}]}
RESULT: {"actions":[{"id":"action14","type":"key","parameters":{},"actions":[{"type":"keyDown","value":""},{"type":"pause","duration":10},{"type":"keyUp","value":""}]}]}
COMMAND: GET /session/4b43dd8acd0bd09b3f4a8d98a717555a/screenshot - {}
RESULT: {}
COMMAND: POST /session/4b43dd8acd0bd09b3f4a8d98a717555a/elements - {"using":"xpath","value":"//table[contains(@id, \"customPersonsAddressesTable-listUl\")]/tbody/tr"}
RESULT: {"using":"xpath","value":"//table[contains(@id, \"customPersonsAddressesTable-listUl\")]/tbody/tr"}
COMMAND: POST /session/4b43dd8acd0bd09b3f4a8d98a717555a/element - {"using":"xpath","value":"//table[contains(@id, \"customPersonsAddressesTable-listUl\")]/tbody/tr[1]/td[5]/span/span"}
RESULT: {"using":"xpath","value":"//table[contains(@id, \"customPersonsAddressesTable-listUl\")]/tbody/tr[1]/td[5]/span/span"}
COMMAND: POST /session/4b43dd8acd0bd09b3f4a8d98a717555a/element - {"using":"xpath","value":"//table[contains(@id, \"customPersonsAddressesTable-listUl\")]/tbody/tr[1]/td[3]/span"}
RESULT: {"using":"xpath","value":"//table[contains(@id, \"customPersonsAddressesTable-listUl\")]/tbody/tr[1]/td[3]/span"}
COMMAND: POST /session/4b43dd8acd0bd09b3f4a8d98a717555a/elements - {"using":"xpath","value":"//table[contains(@id, \"customPersonsAddressesTable-listUl\")]/tbody/tr[1]/td[5]/span/span"}
RESULT: {"using":"xpath","value":"//table[contains(@id, \"customPersonsAddressesTable-listUl\")]/tbody/tr[1]/td[5]/span/span"}
COMMAND: POST /session/4b43dd8acd0bd09b3f4a8d98a717555a/execute/sync - {"script":"<script> [56 bytes]","args":[{"element-6066-11e4-a52e-4f735466cecf":"f.5476A98C3DC04D0CE82D825B1225579B.d.C798DA8F9D4A0FA6F124DB339F739674.e.3622","ELEMENT":"f.5476A98C3DC04D0CE82D825B1225579B.d.C798DA8F9D4A0FA6F124DB339F739674.e.3622"}]}
RESULT: {"script":"<script> [56 bytes]","args":[{"element-6066-11e4-a52e-4f735466cecf":"f.5476A98C3DC04D0CE82D825B1225579B.d.C798DA8F9D4A0FA6F124DB339F739674.e.3622","ELEMENT":"f.5476A98C3DC04D0CE82D825B1225579B.d.C798DA8F9D4A0FA6F124DB339F739674.e.3622"}]}
COMMAND: POST /session/4b43dd8acd0bd09b3f4a8d98a717555a/execute/sync - {"script":"<script> [56 bytes]","args":[{"element-6066-11e4-a52e-4f735466cecf":"f.5476A98C3DC04D0CE82D825B1225579B.d.C798DA8F9D4A0FA6F124DB339F739674.e.3623","ELEMENT":"f.5476A98C3DC04D0CE82D825B1225579B.d.C798DA8F9D4A0FA6F124DB339F739674.e.3623"}]}
COMMAND: GET /session/4b43dd8acd0bd09b3f4a8d98a717555a/screenshot - {}
RESULT: {"script":"<script> [56 bytes]","args":[{"element-6066-11e4-a52e-4f735466cecf":"f.5476A98C3DC04D0CE82D825B1225579B.d.C798DA8F9D4A0FA6F124DB339F739674.e.3623","ELEMENT":"f.5476A98C3DC04D0CE82D825B1225579B.d.C798DA8F9D4A0FA6F124DB339F739674.e.3623"}]}
COMMAND: POST /session/4b43dd8acd0bd09b3f4a8d98a717555a/element - {"using":"xpath","value":"(//span[contains(@id, \"imgNav\")])[1]"}
COMMAND: GET /session/4b43dd8acd0bd09b3f4a8d98a717555a/screenshot - {}
RESULT: {}
RESULT: {"using":"xpath","value":"(//span[contains(@id, \"imgNav\")])[1]"}
COMMAND: POST /session/4b43dd8acd0bd09b3f4a8d98a717555a/element/f.5476A98C3DC04D0CE82D825B1225579B.d.C798DA8F9D4A0FA6F124DB339F739674.e.3455/click - {}
RESULT: {}
RESULT: {}
COMMAND: GET /session/4b43dd8acd0bd09b3f4a8d98a717555a/screenshot - {}
RESULT: {}
COMMAND: POST /session/4b43dd8acd0bd09b3f4a8d98a717555a/element - {"using":"xpath","value":"//bdi[contains(text(), \"Edit\")]"}
RESULT: {"using":"xpath","value":"//bdi[contains(text(), \"Edit\")]"}
COMMAND: POST /session/4b43dd8acd0bd09b3f4a8d98a717555a/element/f.5476A98C3DC04D0CE82D825B1225579B.d.C798DA8F9D4A0FA6F124DB339F739674.e.3739/click - {}
RESULT: {}
COMMAND: GET /session/4b43dd8acd0bd09b3f4a8d98a717555a/screenshot - {}
RESULT: {}
COMMAND: POST /session/4b43dd8acd0bd09b3f4a8d98a717555a/execute/async - {"script":"<script> [1562 bytes]","args":[{"selector":{"controlType":"sap.m.Button","viewName":"etm.portal.ui.addressmanagement.view.EditDetail","properties":{"text":"Attachments (0)"},"interaction":{"idSuffix":"BDI-content"}},"wdio_ui5_key":"etmportal.ui.addressmanagement.view.EditDetailsap.m.Button{\"text\":\"Attachments (0)\"}"}]}
RESULT: {"script":"<script> [1562 bytes]","args":[{"selector":{"controlType":"sap.m.Button","viewName":"etm.portal.ui.addressmanagement.view.EditDetail","properties":{"text":"Attachments (0)"},"interaction":{"idSuffix":"BDI-content"}},"wdio_ui5_key":"etmportal.ui.addressmanagement.view.EditDetailsap.m.Button{\"text\":\"Attachments (0)\"}"}]}
RESULT: undefined
COMMAND: POST /session/4b43dd8acd0bd09b3f4a8d98a717555a/element - {"using":"xpath","value":"//*[@id=\"__xmlview61--ObjectPageLayout-anchBar-__xmlview61--attachments-anchor\"]"}
RESULT: {"using":"xpath","value":"//*[@id=\"__xmlview61--ObjectPageLayout-anchBar-__xmlview61--attachments-anchor\"]"}
COMMAND: POST /session/4b43dd8acd0bd09b3f4a8d98a717555a/element/f.5476A98C3DC04D0CE82D825B1225579B.d.C798DA8F9D4A0FA6F124DB339F739674.e.3778/click - {}
RESULT: {}
COMMAND: GET /session/4b43dd8acd0bd09b3f4a8d98a717555a/screenshot - {}
RESULT: {}
COMMAND: POST /session/4b43dd8acd0bd09b3f4a8d98a717555a/file - {"file":"[base64] 459776 bytes"}
RESULT: {"file":"[base64] 459776 bytes"}
COMMAND: POST /session/4b43dd8acd0bd09b3f4a8d98a717555a/element - {"using":"css selector","value":"input[type=\"file\"]"}
RESULT: {"using":"css selector","value":"input[type=\"file\"]"}
COMMAND: POST /session/4b43dd8acd0bd09b3f4a8d98a717555a/element/f.5476A98C3DC04D0CE82D825B1225579B.d.C798DA8F9D4A0FA6F124DB339F739674.e.3782/clear - {}
RESULT: {}
COMMAND: POST /session/4b43dd8acd0bd09b3f4a8d98a717555a/element/f.5476A98C3DC04D0CE82D825B1225579B.d.C798DA8F9D4A0FA6F124DB339F739674.e.3782/value - {"text":"C:\\Windows\\SystemTemp\\scoped_dir2548_288956458\\upload2548_1264543682\\address-mng-pic.png"}
COMMAND: GET /session/4b43dd8acd0bd09b3f4a8d98a717555a/screenshot - {}
RESULT: {"text":"C:\\Windows\\SystemTemp\\scoped_dir2548_288956458\\upload2548_1264543682\\address-mng-pic.png"}
COMMAND: GET /session/4b43dd8acd0bd09b3f4a8d98a717555a/screenshot - {}
RESULT: {}
RESULT: {}
COMMAND: POST /session/4b43dd8acd0bd09b3f4a8d98a717555a/element - {"using":"xpath","value":"//button[@data-kt=\"saveButton\"]"}
RESULT: {"using":"xpath","value":"//button[@data-kt=\"saveButton\"]"}
COMMAND: POST /session/4b43dd8acd0bd09b3f4a8d98a717555a/element/f.5476A98C3DC04D0CE82D825B1225579B.d.C798DA8F9D4A0FA6F124DB339F739674.e.3802/click - {}
RESULT: {}
COMMAND: GET /session/4b43dd8acd0bd09b3f4a8d98a717555a/screenshot - {}
RESULT: {}
COMMAND: POST /session/4b43dd8acd0bd09b3f4a8d98a717555a/execute/async - {"script":"<script> [1562 bytes]","args":[{"selector":{"id":"application-addressmanagement-display-component---detailAdm--ObjectPageLayout-anchBar-application-addressmanagement-display-component---detailAdm--attachments-anchor","interaction":{"idSuffix":"content"}},"wdio_ui5_key":"applicationaddressmanagement-display-component---detailAdm--ObjectPageLayout-anchBar-application-addressmanagement-display-component---detailAdm--attachments-anchor"}]}
RESULT: {"script":"<script> [1562 bytes]","args":[{"selector":{"id":"application-addressmanagement-display-component---detailAdm--ObjectPageLayout-anchBar-application-addressmanagement-display-component---detailAdm--attachments-anchor","interaction":{"idSuffix":"content"}},"wdio_ui5_key":"applicationaddressmanagement-display-component---detailAdm--ObjectPageLayout-anchBar-application-addressmanagement-display-component---detailAdm--attachments-anchor"}]}
RESULT: undefined
COMMAND: POST /session/4b43dd8acd0bd09b3f4a8d98a717555a/element - {"using":"xpath","value":"//*[@id=\"application-addressmanagement-display-component---detailAdm--ObjectPageLayout-anchBar-application-addressmanagement-display-component---detailAdm--attachments-anchor\"]"}
RESULT: {"using":"xpath","value":"//*[@id=\"application-addressmanagement-display-component---detailAdm--ObjectPageLayout-anchBar-application-addressmanagement-display-component---detailAdm--attachments-anchor\"]"}
COMMAND: POST /session/4b43dd8acd0bd09b3f4a8d98a717555a/element/f.5476A98C3DC04D0CE82D825B1225579B.d.C798DA8F9D4A0FA6F124DB339F739674.e.3811/click - {}
RESULT: {}
COMMAND: GET /session/4b43dd8acd0bd09b3f4a8d98a717555a/screenshot - {}
RESULT: {}
COMMAND: POST /session/4b43dd8acd0bd09b3f4a8d98a717555a/execute/async - {"script":"<script> [1562 bytes]","args":[{"selector":{"id":"application-addressmanagement-display-component---detailAdm--attachments"},"wdio_ui5_key":"applicationaddressmanagement-display-component---detailAdm--attachments"}]}
RESULT: {"script":"<script> [1562 bytes]","args":[{"selector":{"id":"application-addressmanagement-display-component---detailAdm--attachments"},"wdio_ui5_key":"applicationaddressmanagement-display-component---detailAdm--attachments"}]}
RESULT: undefined
COMMAND: POST /session/4b43dd8acd0bd09b3f4a8d98a717555a/execute/async - {"script":"<script> [6424 bytes]","args":[{"element-6066-11e4-a52e-4f735466cecf":"f.5476A98C3DC04D0CE82D825B1225579B.d.C798DA8F9D4A0FA6F124DB339F739674.e.3722"},"getTitle",[]]}
RESULT: {"script":"<script> [6424 bytes]","args":[{"element-6066-11e4-a52e-4f735466cecf":"f.5476A98C3DC04D0CE82D825B1225579B.d.C798DA8F9D4A0FA6F124DB339F739674.e.3722"},"getTitle",[]]}
COMMAND: POST /session/4b43dd8acd0bd09b3f4a8d98a717555a/element - {"using":"css selector","value":"#shell-header-logo"}
RESULT: {"using":"css selector","value":"#shell-header-logo"}
COMMAND: POST /session/4b43dd8acd0bd09b3f4a8d98a717555a/element/f.5476A98C3DC04D0CE82D825B1225579B.d.C798DA8F9D4A0FA6F124DB339F739674.e.3253/click - {}
RESULT: {}
COMMAND: GET /session/4b43dd8acd0bd09b3f4a8d98a717555a/screenshot - {}
RESULT: {}
]]></system-out>
    </testcase>
    <testcase classname="chrome.136_0_7103_93.windows.Address_Management_Tests_US156181_US151165_US151160_US156180_US156178_US151157_US151172_US151170_US151166_US151168" name="Step 9 Should remove the added attachment on the created address US151168 BUGGED FOR NOW" time="60.151">
      <system-out><![CDATA[
RESULT: undefined
COMMAND: POST /session/4b43dd8acd0bd09b3f4a8d98a717555a/element - {"using":"xpath","value":"//*[@id=\"__tile33\"]"}
RESULT: {"using":"xpath","value":"//*[@id=\"__tile33\"]"}
COMMAND: POST /session/4b43dd8acd0bd09b3f4a8d98a717555a/element/f.5476A98C3DC04D0CE82D825B1225579B.d.C798DA8F9D4A0FA6F124DB339F739674.e.211/click - {}
RESULT: {}
COMMAND: GET /session/4b43dd8acd0bd09b3f4a8d98a717555a/screenshot - {}
RESULT: {}
COMMAND: POST /session/4b43dd8acd0bd09b3f4a8d98a717555a/elements - {"using":"xpath","value":"//span[text()='Error']"}
RESULT: {"using":"xpath","value":"//span[text()='Error']"}
COMMAND: POST /session/4b43dd8acd0bd09b3f4a8d98a717555a/element - {"using":"xpath","value":"//button[@data-kt=\"addButton\"]"}
RESULT: {"using":"xpath","value":"//button[@data-kt=\"addButton\"]"}
COMMAND: POST /session/4b43dd8acd0bd09b3f4a8d98a717555a/elements - {"using":"xpath","value":"//button[@data-kt=\"addButton\"]"}
RESULT: {"using":"xpath","value":"//button[@data-kt=\"addButton\"]"}
COMMAND: POST /session/4b43dd8acd0bd09b3f4a8d98a717555a/execute/sync - {"script":"<script> [8489 bytes]","args":[{"element-6066-11e4-a52e-4f735466cecf":"f.5476A98C3DC04D0CE82D825B1225579B.d.C798DA8F9D4A0FA6F124DB339F739674.e.3879","ELEMENT":"f.5476A98C3DC04D0CE82D825B1225579B.d.C798DA8F9D4A0FA6F124DB339F739674.e.3879"}]}
RESULT: {"script":"<script> [8489 bytes]","args":[{"element-6066-11e4-a52e-4f735466cecf":"f.5476A98C3DC04D0CE82D825B1225579B.d.C798DA8F9D4A0FA6F124DB339F739674.e.3879","ELEMENT":"f.5476A98C3DC04D0CE82D825B1225579B.d.C798DA8F9D4A0FA6F124DB339F739674.e.3879"}]}
COMMAND: GET /session/4b43dd8acd0bd09b3f4a8d98a717555a/element/f.5476A98C3DC04D0CE82D825B1225579B.d.C798DA8F9D4A0FA6F124DB339F739674.e.3879/enabled - {}
COMMAND: GET /session/4b43dd8acd0bd09b3f4a8d98a717555a/screenshot - {}
RESULT: {}
COMMAND: POST /session/4b43dd8acd0bd09b3f4a8d98a717555a/execute/sync - {"script":"<script> [8489 bytes]","args":[{"element-6066-11e4-a52e-4f735466cecf":"f.5476A98C3DC04D0CE82D825B1225579B.d.C798DA8F9D4A0FA6F124DB339F739674.e.3879","ELEMENT":"f.5476A98C3DC04D0CE82D825B1225579B.d.C798DA8F9D4A0FA6F124DB339F739674.e.3879"}]}
COMMAND: GET /session/4b43dd8acd0bd09b3f4a8d98a717555a/screenshot - {}
RESULT: {}
RESULT: {"script":"<script> [8489 bytes]","args":[{"element-6066-11e4-a52e-4f735466cecf":"f.5476A98C3DC04D0CE82D825B1225579B.d.C798DA8F9D4A0FA6F124DB339F739674.e.3879","ELEMENT":"f.5476A98C3DC04D0CE82D825B1225579B.d.C798DA8F9D4A0FA6F124DB339F739674.e.3879"}]}
COMMAND: POST /session/4b43dd8acd0bd09b3f4a8d98a717555a/execute/sync - {"script":"<script> [5351 bytes]","args":[{"element-6066-11e4-a52e-4f735466cecf":"f.5476A98C3DC04D0CE82D825B1225579B.d.C798DA8F9D4A0FA6F124DB339F739674.e.3879","ELEMENT":"f.5476A98C3DC04D0CE82D825B1225579B.d.C798DA8F9D4A0FA6F124DB339F739674.e.3879"}]}
COMMAND: GET /session/4b43dd8acd0bd09b3f4a8d98a717555a/screenshot - {}
RESULT: {}
RESULT: {"script":"<script> [5351 bytes]","args":[{"element-6066-11e4-a52e-4f735466cecf":"f.5476A98C3DC04D0CE82D825B1225579B.d.C798DA8F9D4A0FA6F124DB339F739674.e.3879","ELEMENT":"f.5476A98C3DC04D0CE82D825B1225579B.d.C798DA8F9D4A0FA6F124DB339F739674.e.3879"}]}
COMMAND: GET /session/4b43dd8acd0bd09b3f4a8d98a717555a/screenshot - {}
RESULT: {}
RESULT: {}
RESULT: undefined
COMMAND: POST /session/4b43dd8acd0bd09b3f4a8d98a717555a/execute/async - {"script":"<script> [776 bytes]","args":[{"enterText":"jtJeQwtuc3","selector":{"id":"application-addressmanagement-display-component---masterAdm--smartFilterBar-btnBasicSearch","interaction":{"idSuffix":"I"}},"clearTextFirst":true,"interactionType":"ENTER_TEXT"}]}
RESULT: {"script":"<script> [776 bytes]","args":[{"enterText":"jtJeQwtuc3","selector":{"id":"application-addressmanagement-display-component---masterAdm--smartFilterBar-btnBasicSearch","interaction":{"idSuffix":"I"}},"clearTextFirst":true,"interactionType":"ENTER_TEXT"}]}
COMMAND: POST /session/4b43dd8acd0bd09b3f4a8d98a717555a/actions - {"actions":[{"id":"action15","type":"key","parameters":{},"actions":[{"type":"keyDown","value":""},{"type":"pause","duration":10},{"type":"keyUp","value":""}]}]}
RESULT: {"actions":[{"id":"action15","type":"key","parameters":{},"actions":[{"type":"keyDown","value":""},{"type":"pause","duration":10},{"type":"keyUp","value":""}]}]}
COMMAND: GET /session/4b43dd8acd0bd09b3f4a8d98a717555a/screenshot - {}
RESULT: {}
COMMAND: POST /session/4b43dd8acd0bd09b3f4a8d98a717555a/elements - {"using":"xpath","value":"//table[contains(@id, \"customPersonsAddressesTable-listUl\")]/tbody/tr"}
RESULT: {"using":"xpath","value":"//table[contains(@id, \"customPersonsAddressesTable-listUl\")]/tbody/tr"}
COMMAND: POST /session/4b43dd8acd0bd09b3f4a8d98a717555a/element - {"using":"xpath","value":"//table[contains(@id, \"customPersonsAddressesTable-listUl\")]/tbody/tr[1]/td[5]/span/span"}
RESULT: {"using":"xpath","value":"//table[contains(@id, \"customPersonsAddressesTable-listUl\")]/tbody/tr[1]/td[5]/span/span"}
COMMAND: POST /session/4b43dd8acd0bd09b3f4a8d98a717555a/element - {"using":"xpath","value":"//table[contains(@id, \"customPersonsAddressesTable-listUl\")]/tbody/tr[1]/td[3]/span"}
RESULT: {"using":"xpath","value":"//table[contains(@id, \"customPersonsAddressesTable-listUl\")]/tbody/tr[1]/td[3]/span"}
COMMAND: POST /session/4b43dd8acd0bd09b3f4a8d98a717555a/elements - {"using":"xpath","value":"//table[contains(@id, \"customPersonsAddressesTable-listUl\")]/tbody/tr[1]/td[5]/span/span"}
RESULT: {"using":"xpath","value":"//table[contains(@id, \"customPersonsAddressesTable-listUl\")]/tbody/tr[1]/td[5]/span/span"}
COMMAND: POST /session/4b43dd8acd0bd09b3f4a8d98a717555a/execute/sync - {"script":"<script> [56 bytes]","args":[{"element-6066-11e4-a52e-4f735466cecf":"f.5476A98C3DC04D0CE82D825B1225579B.d.C798DA8F9D4A0FA6F124DB339F739674.e.4016","ELEMENT":"f.5476A98C3DC04D0CE82D825B1225579B.d.C798DA8F9D4A0FA6F124DB339F739674.e.4016"}]}
RESULT: {"script":"<script> [56 bytes]","args":[{"element-6066-11e4-a52e-4f735466cecf":"f.5476A98C3DC04D0CE82D825B1225579B.d.C798DA8F9D4A0FA6F124DB339F739674.e.4016","ELEMENT":"f.5476A98C3DC04D0CE82D825B1225579B.d.C798DA8F9D4A0FA6F124DB339F739674.e.4016"}]}
COMMAND: POST /session/4b43dd8acd0bd09b3f4a8d98a717555a/execute/sync - {"script":"<script> [56 bytes]","args":[{"element-6066-11e4-a52e-4f735466cecf":"f.5476A98C3DC04D0CE82D825B1225579B.d.C798DA8F9D4A0FA6F124DB339F739674.e.4017","ELEMENT":"f.5476A98C3DC04D0CE82D825B1225579B.d.C798DA8F9D4A0FA6F124DB339F739674.e.4017"}]}
COMMAND: GET /session/4b43dd8acd0bd09b3f4a8d98a717555a/screenshot - {}
RESULT: {"script":"<script> [56 bytes]","args":[{"element-6066-11e4-a52e-4f735466cecf":"f.5476A98C3DC04D0CE82D825B1225579B.d.C798DA8F9D4A0FA6F124DB339F739674.e.4017","ELEMENT":"f.5476A98C3DC04D0CE82D825B1225579B.d.C798DA8F9D4A0FA6F124DB339F739674.e.4017"}]}
COMMAND: POST /session/4b43dd8acd0bd09b3f4a8d98a717555a/element - {"using":"xpath","value":"(//span[contains(@id, \"imgNav\")])[1]"}
COMMAND: GET /session/4b43dd8acd0bd09b3f4a8d98a717555a/screenshot - {}
RESULT: {}
RESULT: {"using":"xpath","value":"(//span[contains(@id, \"imgNav\")])[1]"}
COMMAND: POST /session/4b43dd8acd0bd09b3f4a8d98a717555a/element/f.5476A98C3DC04D0CE82D825B1225579B.d.C798DA8F9D4A0FA6F124DB339F739674.e.4012/click - {}
RESULT: {}
RESULT: {}
COMMAND: GET /session/4b43dd8acd0bd09b3f4a8d98a717555a/screenshot - {}
RESULT: {}
COMMAND: POST /session/4b43dd8acd0bd09b3f4a8d98a717555a/element - {"using":"xpath","value":"//bdi[contains(text(), \"Edit\")]"}
RESULT: {"using":"xpath","value":"//bdi[contains(text(), \"Edit\")]"}
COMMAND: POST /session/4b43dd8acd0bd09b3f4a8d98a717555a/element/f.5476A98C3DC04D0CE82D825B1225579B.d.C798DA8F9D4A0FA6F124DB339F739674.e.4133/click - {}
RESULT: {}
COMMAND: GET /session/4b43dd8acd0bd09b3f4a8d98a717555a/screenshot - {}
RESULT: {}
COMMAND: POST /session/4b43dd8acd0bd09b3f4a8d98a717555a/execute/async - {"script":"<script> [1562 bytes]","args":[{"selector":{"controlType":"sap.m.Button","viewName":"etm.portal.ui.addressmanagement.view.EditDetail","properties":{"text":"Attachments (1)"},"interaction":{"idSuffix":"BDI-content"}},"wdio_ui5_key":"etmportal.ui.addressmanagement.view.EditDetailsap.m.Button{\"text\":\"Attachments (1)\"}"}]}
RESULT: {"script":"<script> [1562 bytes]","args":[{"selector":{"controlType":"sap.m.Button","viewName":"etm.portal.ui.addressmanagement.view.EditDetail","properties":{"text":"Attachments (1)"},"interaction":{"idSuffix":"BDI-content"}},"wdio_ui5_key":"etmportal.ui.addressmanagement.view.EditDetailsap.m.Button{\"text\":\"Attachments (1)\"}"}]}
RESULT: undefined
COMMAND: POST /session/4b43dd8acd0bd09b3f4a8d98a717555a/element - {"using":"xpath","value":"//*[@id=\"__xmlview62--ObjectPageLayout-anchBar-__xmlview62--attachments-anchor\"]"}
RESULT: {"using":"xpath","value":"//*[@id=\"__xmlview62--ObjectPageLayout-anchBar-__xmlview62--attachments-anchor\"]"}
COMMAND: POST /session/4b43dd8acd0bd09b3f4a8d98a717555a/element/f.5476A98C3DC04D0CE82D825B1225579B.d.C798DA8F9D4A0FA6F124DB339F739674.e.4174/click - {}
RESULT: {}
COMMAND: GET /session/4b43dd8acd0bd09b3f4a8d98a717555a/screenshot - {}
RESULT: {}
COMMAND: POST /session/4b43dd8acd0bd09b3f4a8d98a717555a/execute/async - {"script":"<script> [1562 bytes]","args":[{"selector":{"controlType":"sap.ui.core.Icon","viewName":"etm.portal.ui.addressmanagement.view.EditDetail","properties":{"src":{"regex":{"source":"decline"}}}},"wdio_ui5_key":"etmportal.ui.addressmanagement.view.EditDetailsap.ui.core.Icon{\"src\":{\"regex\":{\"source\":\"decline\"}}}"}]}
RESULT: {"script":"<script> [1562 bytes]","args":[{"selector":{"controlType":"sap.ui.core.Icon","viewName":"etm.portal.ui.addressmanagement.view.EditDetail","properties":{"src":{"regex":{"source":"decline"}}}},"wdio_ui5_key":"etmportal.ui.addressmanagement.view.EditDetailsap.ui.core.Icon{\"src\":{\"regex\":{\"source\":\"decline\"}}}"}]}
RESULT: undefined
COMMAND: POST /session/4b43dd8acd0bd09b3f4a8d98a717555a/element - {"using":"xpath","value":"//*[@id=\"__item854-__set10-0-deleteButton-img\"]"}
RESULT: {"using":"xpath","value":"//*[@id=\"__item854-__set10-0-deleteButton-img\"]"}
COMMAND: POST /session/4b43dd8acd0bd09b3f4a8d98a717555a/element/f.5476A98C3DC04D0CE82D825B1225579B.d.C798DA8F9D4A0FA6F124DB339F739674.e.4180/click - {}
RESULT: {}
COMMAND: GET /session/4b43dd8acd0bd09b3f4a8d98a717555a/screenshot - {}
RESULT: {}
COMMAND: POST /session/4b43dd8acd0bd09b3f4a8d98a717555a/element - {"using":"xpath","value":"//bdi[contains(text(), \"OK\")]"}
RESULT: {"using":"xpath","value":"//bdi[contains(text(), \"OK\")]"}
COMMAND: POST /session/4b43dd8acd0bd09b3f4a8d98a717555a/element/f.5476A98C3DC04D0CE82D825B1225579B.d.C798DA8F9D4A0FA6F124DB339F739674.e.4183/click - {}
RESULT: {}
COMMAND: GET /session/4b43dd8acd0bd09b3f4a8d98a717555a/screenshot - {}
RESULT: {}
COMMAND: POST /session/4b43dd8acd0bd09b3f4a8d98a717555a/element - {"using":"xpath","value":"//button[@data-kt=\"saveButton\"]"}
RESULT: {"using":"xpath","value":"//button[@data-kt=\"saveButton\"]"}
COMMAND: POST /session/4b43dd8acd0bd09b3f4a8d98a717555a/element/f.5476A98C3DC04D0CE82D825B1225579B.d.C798DA8F9D4A0FA6F124DB339F739674.e.4203/click - {}
RESULT: {}
COMMAND: GET /session/4b43dd8acd0bd09b3f4a8d98a717555a/screenshot - {}
RESULT: {}
RESULT: undefined
COMMAND: POST /session/4b43dd8acd0bd09b3f4a8d98a717555a/element - {"using":"xpath","value":"//*[@id=\"application-addressmanagement-display-component---detailAdm--ObjectPageLayout-anchBar-application-addressmanagement-display-component---detailAdm--attachments-anchor\"]"}
RESULT: {"using":"xpath","value":"//*[@id=\"application-addressmanagement-display-component---detailAdm--ObjectPageLayout-anchBar-application-addressmanagement-display-component---detailAdm--attachments-anchor\"]"}
COMMAND: POST /session/4b43dd8acd0bd09b3f4a8d98a717555a/element/f.5476A98C3DC04D0CE82D825B1225579B.d.C798DA8F9D4A0FA6F124DB339F739674.e.4211/click - {}
RESULT: {}
COMMAND: GET /session/4b43dd8acd0bd09b3f4a8d98a717555a/screenshot - {}
RESULT: {}
RESULT: undefined
COMMAND: POST /session/4b43dd8acd0bd09b3f4a8d98a717555a/execute/async - {"script":"<script> [6424 bytes]","args":[{"element-6066-11e4-a52e-4f735466cecf":"f.5476A98C3DC04D0CE82D825B1225579B.d.C798DA8F9D4A0FA6F124DB339F739674.e.3722"},"getTitle",[]]}
COMMAND: POST /session/4b43dd8acd0bd09b3f4a8d98a717555a/execute/async - {"script":"<script> [1562 bytes]","args":[{"selector":{"id":"application-addressmanagement-display-component---detailAdm--attachments"},"wdio_ui5_key":"applicationaddressmanagement-display-component---detailAdm--attachments"}]}
RESULT: {"script":"<script> [1562 bytes]","args":[{"selector":{"id":"application-addressmanagement-display-component---detailAdm--attachments"},"wdio_ui5_key":"applicationaddressmanagement-display-component---detailAdm--attachments"}]}
COMMAND: POST /session/4b43dd8acd0bd09b3f4a8d98a717555a/execute/async - {"script":"<script> [6424 bytes]","args":[{"element-6066-11e4-a52e-4f735466cecf":"f.5476A98C3DC04D0CE82D825B1225579B.d.C798DA8F9D4A0FA6F124DB339F739674.e.4117"},"getTitle",[]]}
RESULT: {"script":"<script> [6424 bytes]","args":[{"element-6066-11e4-a52e-4f735466cecf":"f.5476A98C3DC04D0CE82D825B1225579B.d.C798DA8F9D4A0FA6F124DB339F739674.e.4117"},"getTitle",[]]}
COMMAND: POST /session/4b43dd8acd0bd09b3f4a8d98a717555a/element - {"using":"css selector","value":"#shell-header-logo"}
RESULT: {"using":"css selector","value":"#shell-header-logo"}
COMMAND: POST /session/4b43dd8acd0bd09b3f4a8d98a717555a/element/f.5476A98C3DC04D0CE82D825B1225579B.d.C798DA8F9D4A0FA6F124DB339F739674.e.3819/click - {}
RESULT: {}
COMMAND: GET /session/4b43dd8acd0bd09b3f4a8d98a717555a/screenshot - {}
RESULT: {}
COMMAND: GET /session/4b43dd8acd0bd09b3f4a8d98a717555a/screenshot - {}
RESULT: {}
COMMAND: DELETE /session/4b43dd8acd0bd09b3f4a8d98a717555a - {}
RESULT: {}
]]></system-out>
    </testcase>
  </testsuite>
</testsuites>