<?xml version="1.0" encoding="UTF-8"?>
<testsuites tests="13" failures="1" errors="1" skipped="2">
  <testsuite timestamp="2025-04-28T06:27:45" time="1524.686" tests="13" failures="1" errors="1" skipped="2">
    <properties>
      <property name="specId" value="0" />
      <property name="suiteName" value="Partner specific tests US150819 US151080 US151654 US151176 US103444 US151078 US151079 US151109 US151174 US151175 US151189" />
      <property name="capabilities" value="chrome.135_0_7049_96.windows" />
      <property name="file" value="file:///D:/a/1/s/test/specs/BTS/manage-partners.spec.js" />
    </properties>
    <testcase classname="chrome.135_0_7049_96.windows.Partner_specific_tests_US150819_US151080_US151654_US151176_US103444_US151078_US151079_US151109_US151174_US151175_US151189" name="Should create a new yard prerequisite" time="114.543">
      <system-out><![CDATA[
COMMAND: POST /session/f519eddc2ea26d61ca30e526d103b44b/window/fullscreen - {}
RESULT: {}
COMMAND: POST /session/f519eddc2ea26d61ca30e526d103b44b/element - {"using":"xpath","value":"//li[.//span[text()=\"Manage Partners\"]]"}
RESULT: {"using":"xpath","value":"//li[.//span[text()=\"Manage Partners\"]]"}
COMMAND: POST /session/f519eddc2ea26d61ca30e526d103b44b/element - {"using":"xpath","value":"//li[.//span[text()=\"Manage Partners\"]]"}
RESULT: {"using":"xpath","value":"//li[.//span[text()=\"Manage Partners\"]]"}
COMMAND: POST /session/f519eddc2ea26d61ca30e526d103b44b/element - {"using":"css selector","value":"#shell-header-logo"}
RESULT: {"using":"css selector","value":"#shell-header-logo"}
COMMAND: POST /session/f519eddc2ea26d61ca30e526d103b44b/element/f.A346BA6B978C9328C0C2B851E75B8348.d.336215F6CFFA1F7E0D61A62F39A7745F.e.264/click - {}
COMMAND: POST /session/f519eddc2ea26d61ca30e526d103b44b/execute/sync - {"script":"<script> [8489 bytes]","args":[{"element-6066-11e4-a52e-4f735466cecf":"f.A346BA6B978C9328C0C2B851E75B8348.d.336215F6CFFA1F7E0D61A62F39A7745F.e.264","ELEMENT":"f.A346BA6B978C9328C0C2B851E75B8348.d.336215F6CFFA1F7E0D61A62F39A7745F.e.264"}]}
RESULT: {"script":"<script> [8489 bytes]","args":[{"element-6066-11e4-a52e-4f735466cecf":"f.A346BA6B978C9328C0C2B851E75B8348.d.336215F6CFFA1F7E0D61A62F39A7745F.e.264","ELEMENT":"f.A346BA6B978C9328C0C2B851E75B8348.d.336215F6CFFA1F7E0D61A62F39A7745F.e.264"}]}
COMMAND: POST /session/f519eddc2ea26d61ca30e526d103b44b/execute/sync - {"script":"<script> [5351 bytes]","args":[{"element-6066-11e4-a52e-4f735466cecf":"f.A346BA6B978C9328C0C2B851E75B8348.d.336215F6CFFA1F7E0D61A62F39A7745F.e.264","ELEMENT":"f.A346BA6B978C9328C0C2B851E75B8348.d.336215F6CFFA1F7E0D61A62F39A7745F.e.264"}]}
COMMAND: GET /session/f519eddc2ea26d61ca30e526d103b44b/screenshot - {}
RESULT: {}
COMMAND: GET /session/f519eddc2ea26d61ca30e526d103b44b/screenshot - {}
RESULT: {"script":"<script> [5351 bytes]","args":[{"element-6066-11e4-a52e-4f735466cecf":"f.A346BA6B978C9328C0C2B851E75B8348.d.336215F6CFFA1F7E0D61A62F39A7745F.e.264","ELEMENT":"f.A346BA6B978C9328C0C2B851E75B8348.d.336215F6CFFA1F7E0D61A62F39A7745F.e.264"}]}
COMMAND: GET /session/f519eddc2ea26d61ca30e526d103b44b/screenshot - {}
RESULT: {}
RESULT: {}
RESULT: {}
COMMAND: POST /session/f519eddc2ea26d61ca30e526d103b44b/execute/async - {"script":"<script> [1562 bytes]","args":[{"selector":{"controlType":"sap.m.GenericTile","properties":{"header":"Manage Yards"}},"wdio_ui5_key":"sapm.GenericTile{\"header\":\"Manage Yards\"}"}]}
RESULT: {"script":"<script> [1562 bytes]","args":[{"selector":{"controlType":"sap.m.GenericTile","properties":{"header":"Manage Yards"}},"wdio_ui5_key":"sapm.GenericTile{\"header\":\"Manage Yards\"}"}]}
RESULT: undefined
COMMAND: POST /session/f519eddc2ea26d61ca30e526d103b44b/element - {"using":"xpath","value":"//*[@id=\"__tile41\"]"}
RESULT: {"using":"xpath","value":"//*[@id=\"__tile41\"]"}
COMMAND: POST /session/f519eddc2ea26d61ca30e526d103b44b/element/f.A346BA6B978C9328C0C2B851E75B8348.d.336215F6CFFA1F7E0D61A62F39A7745F.e.162/click - {}
RESULT: {}
COMMAND: POST /session/f519eddc2ea26d61ca30e526d103b44b/element - {"using":"xpath","value":"//button[@data-kt=\"addNewYardOverflowToolbarButton\"]"}
COMMAND: GET /session/f519eddc2ea26d61ca30e526d103b44b/screenshot - {}
RESULT: {"using":"xpath","value":"//button[@data-kt=\"addNewYardOverflowToolbarButton\"]"}
COMMAND: POST /session/f519eddc2ea26d61ca30e526d103b44b/elements - {"using":"xpath","value":"//button[@data-kt=\"addNewYardOverflowToolbarButton\"]"}
RESULT: {}
RESULT: {"using":"xpath","value":"//button[@data-kt=\"addNewYardOverflowToolbarButton\"]"}
COMMAND: POST /session/f519eddc2ea26d61ca30e526d103b44b/elements - {"using":"xpath","value":"//button[@data-kt=\"addNewYardOverflowToolbarButton\"]"}
RESULT: {"using":"xpath","value":"//button[@data-kt=\"addNewYardOverflowToolbarButton\"]"}
COMMAND: POST /session/f519eddc2ea26d61ca30e526d103b44b/elements - {"using":"xpath","value":"//button[@data-kt=\"addNewYardOverflowToolbarButton\"]"}
RESULT: {"using":"xpath","value":"//button[@data-kt=\"addNewYardOverflowToolbarButton\"]"}
COMMAND: POST /session/f519eddc2ea26d61ca30e526d103b44b/elements - {"using":"xpath","value":"//button[@data-kt=\"addNewYardOverflowToolbarButton\"]"}
RESULT: {"using":"xpath","value":"//button[@data-kt=\"addNewYardOverflowToolbarButton\"]"}
COMMAND: POST /session/f519eddc2ea26d61ca30e526d103b44b/elements - {"using":"xpath","value":"//button[@data-kt=\"addNewYardOverflowToolbarButton\"]"}
RESULT: {"using":"xpath","value":"//button[@data-kt=\"addNewYardOverflowToolbarButton\"]"}
COMMAND: POST /session/f519eddc2ea26d61ca30e526d103b44b/elements - {"using":"xpath","value":"//button[@data-kt=\"addNewYardOverflowToolbarButton\"]"}
RESULT: {"using":"xpath","value":"//button[@data-kt=\"addNewYardOverflowToolbarButton\"]"}
COMMAND: POST /session/f519eddc2ea26d61ca30e526d103b44b/elements - {"using":"xpath","value":"//button[@data-kt=\"addNewYardOverflowToolbarButton\"]"}
RESULT: {"using":"xpath","value":"//button[@data-kt=\"addNewYardOverflowToolbarButton\"]"}
COMMAND: POST /session/f519eddc2ea26d61ca30e526d103b44b/elements - {"using":"xpath","value":"//button[@data-kt=\"addNewYardOverflowToolbarButton\"]"}
RESULT: {"using":"xpath","value":"//button[@data-kt=\"addNewYardOverflowToolbarButton\"]"}
COMMAND: POST /session/f519eddc2ea26d61ca30e526d103b44b/elements - {"using":"xpath","value":"//button[@data-kt=\"addNewYardOverflowToolbarButton\"]"}
RESULT: {"using":"xpath","value":"//button[@data-kt=\"addNewYardOverflowToolbarButton\"]"}
COMMAND: POST /session/f519eddc2ea26d61ca30e526d103b44b/elements - {"using":"xpath","value":"//button[@data-kt=\"addNewYardOverflowToolbarButton\"]"}
RESULT: {"using":"xpath","value":"//button[@data-kt=\"addNewYardOverflowToolbarButton\"]"}
COMMAND: POST /session/f519eddc2ea26d61ca30e526d103b44b/elements - {"using":"xpath","value":"//button[@data-kt=\"addNewYardOverflowToolbarButton\"]"}
RESULT: {"using":"xpath","value":"//button[@data-kt=\"addNewYardOverflowToolbarButton\"]"}
COMMAND: POST /session/f519eddc2ea26d61ca30e526d103b44b/elements - {"using":"xpath","value":"//button[@data-kt=\"addNewYardOverflowToolbarButton\"]"}
RESULT: {"using":"xpath","value":"//button[@data-kt=\"addNewYardOverflowToolbarButton\"]"}
COMMAND: POST /session/f519eddc2ea26d61ca30e526d103b44b/element - {"using":"xpath","value":"//button[@data-kt=\"addNewYardOverflowToolbarButton\"]"}
RESULT: {"using":"xpath","value":"//button[@data-kt=\"addNewYardOverflowToolbarButton\"]"}
COMMAND: POST /session/f519eddc2ea26d61ca30e526d103b44b/execute/sync - {"script":"<script> [8489 bytes]","args":[{"element-6066-11e4-a52e-4f735466cecf":"f.A346BA6B978C9328C0C2B851E75B8348.d.336215F6CFFA1F7E0D61A62F39A7745F.e.298","ELEMENT":"f.A346BA6B978C9328C0C2B851E75B8348.d.336215F6CFFA1F7E0D61A62F39A7745F.e.298"}]}
RESULT: {"script":"<script> [8489 bytes]","args":[{"element-6066-11e4-a52e-4f735466cecf":"f.A346BA6B978C9328C0C2B851E75B8348.d.336215F6CFFA1F7E0D61A62F39A7745F.e.298","ELEMENT":"f.A346BA6B978C9328C0C2B851E75B8348.d.336215F6CFFA1F7E0D61A62F39A7745F.e.298"}]}
COMMAND: GET /session/f519eddc2ea26d61ca30e526d103b44b/element/f.A346BA6B978C9328C0C2B851E75B8348.d.336215F6CFFA1F7E0D61A62F39A7745F.e.298/enabled - {}
COMMAND: GET /session/f519eddc2ea26d61ca30e526d103b44b/screenshot - {}
RESULT: {}
COMMAND: POST /session/f519eddc2ea26d61ca30e526d103b44b/execute/sync - {"script":"<script> [8489 bytes]","args":[{"element-6066-11e4-a52e-4f735466cecf":"f.A346BA6B978C9328C0C2B851E75B8348.d.336215F6CFFA1F7E0D61A62F39A7745F.e.298","ELEMENT":"f.A346BA6B978C9328C0C2B851E75B8348.d.336215F6CFFA1F7E0D61A62F39A7745F.e.298"}]}
COMMAND: GET /session/f519eddc2ea26d61ca30e526d103b44b/screenshot - {}
RESULT: {}
RESULT: {"script":"<script> [8489 bytes]","args":[{"element-6066-11e4-a52e-4f735466cecf":"f.A346BA6B978C9328C0C2B851E75B8348.d.336215F6CFFA1F7E0D61A62F39A7745F.e.298","ELEMENT":"f.A346BA6B978C9328C0C2B851E75B8348.d.336215F6CFFA1F7E0D61A62F39A7745F.e.298"}]}
COMMAND: POST /session/f519eddc2ea26d61ca30e526d103b44b/execute/sync - {"script":"<script> [5351 bytes]","args":[{"element-6066-11e4-a52e-4f735466cecf":"f.A346BA6B978C9328C0C2B851E75B8348.d.336215F6CFFA1F7E0D61A62F39A7745F.e.298","ELEMENT":"f.A346BA6B978C9328C0C2B851E75B8348.d.336215F6CFFA1F7E0D61A62F39A7745F.e.298"}]}
COMMAND: GET /session/f519eddc2ea26d61ca30e526d103b44b/screenshot - {}
RESULT: {}
RESULT: {"script":"<script> [5351 bytes]","args":[{"element-6066-11e4-a52e-4f735466cecf":"f.A346BA6B978C9328C0C2B851E75B8348.d.336215F6CFFA1F7E0D61A62F39A7745F.e.298","ELEMENT":"f.A346BA6B978C9328C0C2B851E75B8348.d.336215F6CFFA1F7E0D61A62F39A7745F.e.298"}]}
COMMAND: POST /session/f519eddc2ea26d61ca30e526d103b44b/element/f.A346BA6B978C9328C0C2B851E75B8348.d.336215F6CFFA1F7E0D61A62F39A7745F.e.298/click - {}
COMMAND: GET /session/f519eddc2ea26d61ca30e526d103b44b/screenshot - {}
RESULT: {}
RESULT: {}
COMMAND: GET /session/f519eddc2ea26d61ca30e526d103b44b/screenshot - {}
COMMAND: POST /session/f519eddc2ea26d61ca30e526d103b44b/element - {"using":"xpath","value":"//input[@id=\"application-manageyards-display-component---NewYard--yardId-inner\"]"}
RESULT: {}
RESULT: {}
RESULT: {"using":"xpath","value":"//input[@id=\"application-manageyards-display-component---NewYard--yardId-inner\"]"}
COMMAND: POST /session/f519eddc2ea26d61ca30e526d103b44b/element - {"using":"xpath","value":"//input[@id=\"application-manageyards-display-component---NewYard--yardId-inner\"]"}
RESULT: {"using":"xpath","value":"//input[@id=\"application-manageyards-display-component---NewYard--yardId-inner\"]"}
COMMAND: POST /session/f519eddc2ea26d61ca30e526d103b44b/execute/async - {"script":"<script> [1562 bytes]","args":[{"selector":{"id":"application-manageyards-display-component---NewYard--addressDetailDetailsName1","interaction":{"idSuffix":"inner"}},"wdio_ui5_key":"applicationmanageyards-display-component---NewYard--addressDetailDetailsName1"}]}
RESULT: {"script":"<script> [1562 bytes]","args":[{"selector":{"id":"application-manageyards-display-component---NewYard--addressDetailDetailsName1","interaction":{"idSuffix":"inner"}},"wdio_ui5_key":"applicationmanageyards-display-component---NewYard--addressDetailDetailsName1"}]}
RESULT: undefined
COMMAND: POST /session/f519eddc2ea26d61ca30e526d103b44b/execute/async - {"script":"<script> [776 bytes]","args":[{"enterText":"Intracompany Yard wdIO","selector":{"id":"application-manageyards-display-component---NewYard--addressDetailDetailsName1","interaction":{"idSuffix":"inner"}},"clearTextFirst":true,"interactionType":"ENTER_TEXT"}]}
RESULT: {"script":"<script> [776 bytes]","args":[{"enterText":"Intracompany Yard wdIO","selector":{"id":"application-manageyards-display-component---NewYard--addressDetailDetailsName1","interaction":{"idSuffix":"inner"}},"clearTextFirst":true,"interactionType":"ENTER_TEXT"}]}
COMMAND: POST /session/f519eddc2ea26d61ca30e526d103b44b/execute/async - {"script":"<script> [1562 bytes]","args":[{"selector":{"id":"application-manageyards-display-component---NewYard--addressDetailDetailsLanguage-arrow"},"wdio_ui5_key":"applicationmanageyards-display-component---NewYard--addressDetailDetailsLanguage-arrow"}]}
RESULT: {"script":"<script> [1562 bytes]","args":[{"selector":{"id":"application-manageyards-display-component---NewYard--addressDetailDetailsLanguage-arrow"},"wdio_ui5_key":"applicationmanageyards-display-component---NewYard--addressDetailDetailsLanguage-arrow"}]}
RESULT: undefined
COMMAND: POST /session/f519eddc2ea26d61ca30e526d103b44b/element - {"using":"xpath","value":"//*[@id=\"application-manageyards-display-component---NewYard--addressDetailDetailsLanguage-arrow\"]"}
RESULT: {"using":"xpath","value":"//*[@id=\"application-manageyards-display-component---NewYard--addressDetailDetailsLanguage-arrow\"]"}
COMMAND: POST /session/f519eddc2ea26d61ca30e526d103b44b/element/f.A346BA6B978C9328C0C2B851E75B8348.d.336215F6CFFA1F7E0D61A62F39A7745F.e.737/click - {}
RESULT: {}
COMMAND: POST /session/f519eddc2ea26d61ca30e526d103b44b/element - {"using":"xpath","value":"//span[contains(text(), \"English\")]"}
COMMAND: GET /session/f519eddc2ea26d61ca30e526d103b44b/screenshot - {}
RESULT: {"using":"xpath","value":"//span[contains(text(), \"English\")]"}
COMMAND: POST /session/f519eddc2ea26d61ca30e526d103b44b/element/f.A346BA6B978C9328C0C2B851E75B8348.d.336215F6CFFA1F7E0D61A62F39A7745F.e.738/click - {}
RESULT: {}
RESULT: {}
COMMAND: POST /session/f519eddc2ea26d61ca30e526d103b44b/execute/async - {"script":"<script> [1562 bytes]","args":[{"selector":{"id":"application-manageyards-display-component---NewYard--addressDetailDetailsCity1","interaction":{"idSuffix":"inner"}},"wdio_ui5_key":"applicationmanageyards-display-component---NewYard--addressDetailDetailsCity1"}]}
COMMAND: GET /session/f519eddc2ea26d61ca30e526d103b44b/screenshot - {}
RESULT: {"script":"<script> [1562 bytes]","args":[{"selector":{"id":"application-manageyards-display-component---NewYard--addressDetailDetailsCity1","interaction":{"idSuffix":"inner"}},"wdio_ui5_key":"applicationmanageyards-display-component---NewYard--addressDetailDetailsCity1"}]}
RESULT: undefined
COMMAND: POST /session/f519eddc2ea26d61ca30e526d103b44b/execute/async - {"script":"<script> [776 bytes]","args":[{"enterText":"Rosario","selector":{"id":"application-manageyards-display-component---NewYard--addressDetailDetailsCity1","interaction":{"idSuffix":"inner"}},"clearTextFirst":true,"interactionType":"ENTER_TEXT"}]}
RESULT: {}
RESULT: {"script":"<script> [776 bytes]","args":[{"enterText":"Rosario","selector":{"id":"application-manageyards-display-component---NewYard--addressDetailDetailsCity1","interaction":{"idSuffix":"inner"}},"clearTextFirst":true,"interactionType":"ENTER_TEXT"}]}
COMMAND: POST /session/f519eddc2ea26d61ca30e526d103b44b/execute/async - {"script":"<script> [1562 bytes]","args":[{"selector":{"id":"application-manageyards-display-component---NewYard--addressDetailDetailsCountry-arrow"},"wdio_ui5_key":"applicationmanageyards-display-component---NewYard--addressDetailDetailsCountry-arrow"}]}
RESULT: {"script":"<script> [1562 bytes]","args":[{"selector":{"id":"application-manageyards-display-component---NewYard--addressDetailDetailsCountry-arrow"},"wdio_ui5_key":"applicationmanageyards-display-component---NewYard--addressDetailDetailsCountry-arrow"}]}
RESULT: undefined
COMMAND: POST /session/f519eddc2ea26d61ca30e526d103b44b/element - {"using":"xpath","value":"//*[@id=\"application-manageyards-display-component---NewYard--addressDetailDetailsCountry-arrow\"]"}
RESULT: {"using":"xpath","value":"//*[@id=\"application-manageyards-display-component---NewYard--addressDetailDetailsCountry-arrow\"]"}
COMMAND: POST /session/f519eddc2ea26d61ca30e526d103b44b/element/f.A346BA6B978C9328C0C2B851E75B8348.d.336215F6CFFA1F7E0D61A62F39A7745F.e.740/click - {}
RESULT: {}
COMMAND: POST /session/f519eddc2ea26d61ca30e526d103b44b/element - {"using":"xpath","value":"//span[contains(text(), \"Argentina\")]"}
COMMAND: GET /session/f519eddc2ea26d61ca30e526d103b44b/screenshot - {}
RESULT: {"using":"xpath","value":"//span[contains(text(), \"Argentina\")]"}
COMMAND: POST /session/f519eddc2ea26d61ca30e526d103b44b/element/f.A346BA6B978C9328C0C2B851E75B8348.d.336215F6CFFA1F7E0D61A62F39A7745F.e.741/click - {}
RESULT: {}
RESULT: {}
COMMAND: POST /session/f519eddc2ea26d61ca30e526d103b44b/execute/async - {"script":"<script> [1562 bytes]","args":[{"selector":{"id":"application-manageyards-display-component---NewYard--addressEditDetailsCostObjectCstType-arrow"},"wdio_ui5_key":"applicationmanageyards-display-component---NewYard--addressEditDetailsCostObjectCstType-arrow"}]}
COMMAND: GET /session/f519eddc2ea26d61ca30e526d103b44b/screenshot - {}
RESULT: {"script":"<script> [1562 bytes]","args":[{"selector":{"id":"application-manageyards-display-component---NewYard--addressEditDetailsCostObjectCstType-arrow"},"wdio_ui5_key":"applicationmanageyards-display-component---NewYard--addressEditDetailsCostObjectCstType-arrow"}]}
RESULT: undefined
COMMAND: POST /session/f519eddc2ea26d61ca30e526d103b44b/element - {"using":"xpath","value":"//*[@id=\"application-manageyards-display-component---NewYard--addressEditDetailsCostObjectCstType-arrow\"]"}
RESULT: {}
RESULT: {"using":"xpath","value":"//*[@id=\"application-manageyards-display-component---NewYard--addressEditDetailsCostObjectCstType-arrow\"]"}
COMMAND: POST /session/f519eddc2ea26d61ca30e526d103b44b/element/f.A346BA6B978C9328C0C2B851E75B8348.d.336215F6CFFA1F7E0D61A62F39A7745F.e.743/click - {}
RESULT: {}
COMMAND: POST /session/f519eddc2ea26d61ca30e526d103b44b/element - {"using":"xpath","value":"//span[contains(text(), \"Cost Center\")]"}
COMMAND: GET /session/f519eddc2ea26d61ca30e526d103b44b/screenshot - {}
RESULT: {"using":"xpath","value":"//span[contains(text(), \"Cost Center\")]"}
COMMAND: POST /session/f519eddc2ea26d61ca30e526d103b44b/element/f.A346BA6B978C9328C0C2B851E75B8348.d.336215F6CFFA1F7E0D61A62F39A7745F.e.744/click - {}
RESULT: {}
RESULT: {}
COMMAND: GET /session/f519eddc2ea26d61ca30e526d103b44b/screenshot - {}
RESULT: {}
COMMAND: POST /session/f519eddc2ea26d61ca30e526d103b44b/element - {"using":"xpath","value":"//span[@id=\"application-manageyards-display-component---NewYard--addressNewCostObjectCstID-vhi\"]"}
RESULT: {"using":"xpath","value":"//span[@id=\"application-manageyards-display-component---NewYard--addressNewCostObjectCstID-vhi\"]"}
COMMAND: POST /session/f519eddc2ea26d61ca30e526d103b44b/execute/sync - {"script":"<script> [8489 bytes]","args":[{"element-6066-11e4-a52e-4f735466cecf":"f.A346BA6B978C9328C0C2B851E75B8348.d.336215F6CFFA1F7E0D61A62F39A7745F.e.748","ELEMENT":"f.A346BA6B978C9328C0C2B851E75B8348.d.336215F6CFFA1F7E0D61A62F39A7745F.e.748"}]}
RESULT: {"script":"<script> [8489 bytes]","args":[{"element-6066-11e4-a52e-4f735466cecf":"f.A346BA6B978C9328C0C2B851E75B8348.d.336215F6CFFA1F7E0D61A62F39A7745F.e.748","ELEMENT":"f.A346BA6B978C9328C0C2B851E75B8348.d.336215F6CFFA1F7E0D61A62F39A7745F.e.748"}]}
COMMAND: POST /session/f519eddc2ea26d61ca30e526d103b44b/execute/async - {"script":"<script> [1562 bytes]","args":[{"selector":{"id":"application-manageyards-display-component---NewYard--addressNewCostObjectCstID-vhi"},"wdio_ui5_key":"applicationmanageyards-display-component---NewYard--addressNewCostObjectCstID-vhi"}]}
COMMAND: GET /session/f519eddc2ea26d61ca30e526d103b44b/screenshot - {}
RESULT: {"script":"<script> [1562 bytes]","args":[{"selector":{"id":"application-manageyards-display-component---NewYard--addressNewCostObjectCstID-vhi"},"wdio_ui5_key":"applicationmanageyards-display-component---NewYard--addressNewCostObjectCstID-vhi"}]}
RESULT: undefined
COMMAND: POST /session/f519eddc2ea26d61ca30e526d103b44b/element - {"using":"xpath","value":"//*[@id=\"application-manageyards-display-component---NewYard--addressNewCostObjectCstID-vhi\"]"}
RESULT: {}
RESULT: {"using":"xpath","value":"//*[@id=\"application-manageyards-display-component---NewYard--addressNewCostObjectCstID-vhi\"]"}
COMMAND: POST /session/f519eddc2ea26d61ca30e526d103b44b/element/f.A346BA6B978C9328C0C2B851E75B8348.d.336215F6CFFA1F7E0D61A62F39A7745F.e.748/click - {}
RESULT: {}
COMMAND: GET /session/f519eddc2ea26d61ca30e526d103b44b/screenshot - {}
RESULT: {}
COMMAND: POST /session/f519eddc2ea26d61ca30e526d103b44b/execute/async - {"script":"<script> [1562 bytes]","args":[{"selector":{"controlType":"sap.m.SearchField","properties":{"placeholder":"Search"},"searchOpenDialogs":true,"interaction":{"idSuffix":"I"}},"wdio_ui5_key":"sapm.SearchField{\"placeholder\":\"Search\"}"}]}
RESULT: {"script":"<script> [1562 bytes]","args":[{"selector":{"controlType":"sap.m.SearchField","properties":{"placeholder":"Search"},"searchOpenDialogs":true,"interaction":{"idSuffix":"I"}},"wdio_ui5_key":"sapm.SearchField{\"placeholder\":\"Search\"}"}]}
RESULT: undefined
COMMAND: POST /session/f519eddc2ea26d61ca30e526d103b44b/execute/async - {"script":"<script> [776 bytes]","args":[{"enterText":"10001013","selector":{"controlType":"sap.m.SearchField","properties":{"placeholder":"Search"},"searchOpenDialogs":true,"interaction":{"idSuffix":"I"}},"clearTextFirst":true,"interactionType":"ENTER_TEXT"}]}
RESULT: {"script":"<script> [776 bytes]","args":[{"enterText":"10001013","selector":{"controlType":"sap.m.SearchField","properties":{"placeholder":"Search"},"searchOpenDialogs":true,"interaction":{"idSuffix":"I"}},"clearTextFirst":true,"interactionType":"ENTER_TEXT"}]}
COMMAND: POST /session/f519eddc2ea26d61ca30e526d103b44b/actions - {"actions":[{"id":"action1","type":"key","parameters":{},"actions":[{"type":"keyDown","value":"î€‡"},{"type":"pause","duration":10},{"type":"keyUp","value":"î€‡"}]}]}
RESULT: {"actions":[{"id":"action1","type":"key","parameters":{},"actions":[{"type":"keyDown","value":"î€‡"},{"type":"pause","duration":10},{"type":"keyUp","value":"î€‡"}]}]}
COMMAND: GET /session/f519eddc2ea26d61ca30e526d103b44b/screenshot - {}
RESULT: {}
COMMAND: POST /session/f519eddc2ea26d61ca30e526d103b44b/element - {"using":"xpath","value":"//span[contains(text(), \"General Management\")]"}
RESULT: {"using":"xpath","value":"//span[contains(text(), \"General Management\")]"}
COMMAND: POST /session/f519eddc2ea26d61ca30e526d103b44b/element/f.A346BA6B978C9328C0C2B851E75B8348.d.336215F6CFFA1F7E0D61A62F39A7745F.e.789/click - {}
RESULT: {}
COMMAND: GET /session/f519eddc2ea26d61ca30e526d103b44b/screenshot - {}
RESULT: {}
COMMAND: POST /session/f519eddc2ea26d61ca30e526d103b44b/element - {"using":"xpath","value":"//bdi[contains(text(), \"OK\")]"}
RESULT: {"using":"xpath","value":"//bdi[contains(text(), \"OK\")]"}
COMMAND: POST /session/f519eddc2ea26d61ca30e526d103b44b/element/f.A346BA6B978C9328C0C2B851E75B8348.d.336215F6CFFA1F7E0D61A62F39A7745F.e.790/click - {}
RESULT: {}
COMMAND: GET /session/f519eddc2ea26d61ca30e526d103b44b/screenshot - {}
RESULT: {}
COMMAND: POST /session/f519eddc2ea26d61ca30e526d103b44b/execute/async - {"script":"<script> [1562 bytes]","args":[{"selector":{"id":"application-manageyards-display-component---NewYard--addressEditDetailsCurrency-arrow"},"wdio_ui5_key":"applicationmanageyards-display-component---NewYard--addressEditDetailsCurrency-arrow"}]}
RESULT: {"script":"<script> [1562 bytes]","args":[{"selector":{"id":"application-manageyards-display-component---NewYard--addressEditDetailsCurrency-arrow"},"wdio_ui5_key":"applicationmanageyards-display-component---NewYard--addressEditDetailsCurrency-arrow"}]}
RESULT: undefined
COMMAND: POST /session/f519eddc2ea26d61ca30e526d103b44b/element - {"using":"xpath","value":"//*[@id=\"application-manageyards-display-component---NewYard--addressEditDetailsCurrency-arrow\"]"}
RESULT: {"using":"xpath","value":"//*[@id=\"application-manageyards-display-component---NewYard--addressEditDetailsCurrency-arrow\"]"}
COMMAND: POST /session/f519eddc2ea26d61ca30e526d103b44b/element/f.A346BA6B978C9328C0C2B851E75B8348.d.336215F6CFFA1F7E0D61A62F39A7745F.e.793/click - {}
RESULT: {}
COMMAND: POST /session/f519eddc2ea26d61ca30e526d103b44b/element - {"using":"xpath","value":"//span[contains(text(), \"Euro\")]"}
COMMAND: GET /session/f519eddc2ea26d61ca30e526d103b44b/screenshot - {}
RESULT: {"using":"xpath","value":"//span[contains(text(), \"Euro\")]"}
COMMAND: POST /session/f519eddc2ea26d61ca30e526d103b44b/element/f.A346BA6B978C9328C0C2B851E75B8348.d.336215F6CFFA1F7E0D61A62F39A7745F.e.794/click - {}
RESULT: {}
RESULT: {}
COMMAND: POST /session/f519eddc2ea26d61ca30e526d103b44b/execute/async - {"script":"<script> [1562 bytes]","args":[{"selector":{"controlType":"sap.m.Input","viewName":"etm.portal.ui.manageyards.view.New","viewId":"application-manageyards-display-component---NewYard","bindingPath":{"path":"","propertyPath":"/CONTROLLING_AREA","modelName":"NewYardModel"},"interaction":{"idSuffix":"inner"}},"wdio_ui5_key":"etmportal.ui.manageyards.view.Newsap.m.Input{\"path\":\"\",\"propertyPath\":\"/CONTROLLING_AREA\",\"modelName\":\"NewYardModel\"}"}]}
COMMAND: GET /session/f519eddc2ea26d61ca30e526d103b44b/screenshot - {}
RESULT: {"script":"<script> [1562 bytes]","args":[{"selector":{"controlType":"sap.m.Input","viewName":"etm.portal.ui.manageyards.view.New","viewId":"application-manageyards-display-component---NewYard","bindingPath":{"path":"","propertyPath":"/CONTROLLING_AREA","modelName":"NewYardModel"},"interaction":{"idSuffix":"inner"}},"wdio_ui5_key":"etmportal.ui.manageyards.view.Newsap.m.Input{\"path\":\"\",\"propertyPath\":\"/CONTROLLING_AREA\",\"modelName\":\"NewYardModel\"}"}]}
RESULT: undefined
COMMAND: POST /session/f519eddc2ea26d61ca30e526d103b44b/execute/async - {"script":"<script> [776 bytes]","args":[{"enterText":"Z001","selector":{"controlType":"sap.m.Input","viewName":"etm.portal.ui.manageyards.view.New","viewId":"application-manageyards-display-component---NewYard","bindingPath":{"path":"","propertyPath":"/CONTROLLING_AREA","modelName":"NewYardModel"},"interaction":{"idSuffix":"inner"}},"clearTextFirst":true,"interactionType":"ENTER_TEXT"}]}
RESULT: {}
RESULT: {"script":"<script> [776 bytes]","args":[{"enterText":"Z001","selector":{"controlType":"sap.m.Input","viewName":"etm.portal.ui.manageyards.view.New","viewId":"application-manageyards-display-component---NewYard","bindingPath":{"path":"","propertyPath":"/CONTROLLING_AREA","modelName":"NewYardModel"},"interaction":{"idSuffix":"inner"}},"clearTextFirst":true,"interactionType":"ENTER_TEXT"}]}
COMMAND: POST /session/f519eddc2ea26d61ca30e526d103b44b/execute/async - {"script":"<script> [1562 bytes]","args":[{"selector":{"id":"application-manageyards-display-component---NewYard--companyCodeComboBox","interaction":{"idSuffix":"inner"}},"wdio_ui5_key":"applicationmanageyards-display-component---NewYard--companyCodeComboBox"}]}
RESULT: {"script":"<script> [1562 bytes]","args":[{"selector":{"id":"application-manageyards-display-component---NewYard--companyCodeComboBox","interaction":{"idSuffix":"inner"}},"wdio_ui5_key":"applicationmanageyards-display-component---NewYard--companyCodeComboBox"}]}
RESULT: undefined
COMMAND: POST /session/f519eddc2ea26d61ca30e526d103b44b/execute/async - {"script":"<script> [776 bytes]","args":[{"enterText":"1000","selector":{"id":"application-manageyards-display-component---NewYard--companyCodeComboBox","interaction":{"idSuffix":"inner"}},"clearTextFirst":true,"interactionType":"ENTER_TEXT"}]}
RESULT: undefined
RESULT: {"script":"<script> [776 bytes]","args":[{"enterText":"1000","selector":{"id":"application-manageyards-display-component---NewYard--companyCodeComboBox","interaction":{"idSuffix":"inner"}},"clearTextFirst":true,"interactionType":"ENTER_TEXT"}]}
COMMAND: POST /session/f519eddc2ea26d61ca30e526d103b44b/execute/async - {"script":"<script> [1562 bytes]","args":[{"selector":{"controlType":"sap.m.Input","viewName":"etm.portal.ui.manageyards.view.New","viewId":"application-manageyards-display-component---NewYard","bindingPath":{"path":"","propertyPath":"/PLANT","modelName":"NewYardModel"},"interaction":{"idSuffix":"inner"}},"wdio_ui5_key":"etmportal.ui.manageyards.view.Newsap.m.Input{\"path\":\"\",\"propertyPath\":\"/PLANT\",\"modelName\":\"NewYardModel\"}"}]}
RESULT: {"script":"<script> [1562 bytes]","args":[{"selector":{"controlType":"sap.m.Input","viewName":"etm.portal.ui.manageyards.view.New","viewId":"application-manageyards-display-component---NewYard","bindingPath":{"path":"","propertyPath":"/PLANT","modelName":"NewYardModel"},"interaction":{"idSuffix":"inner"}},"wdio_ui5_key":"etmportal.ui.manageyards.view.Newsap.m.Input{\"path\":\"\",\"propertyPath\":\"/PLANT\",\"modelName\":\"NewYardModel\"}"}]}
RESULT: undefined
COMMAND: POST /session/f519eddc2ea26d61ca30e526d103b44b/execute/async - {"script":"<script> [776 bytes]","args":[{"enterText":"1001","selector":{"controlType":"sap.m.Input","viewName":"etm.portal.ui.manageyards.view.New","viewId":"application-manageyards-display-component---NewYard","bindingPath":{"path":"","propertyPath":"/PLANT","modelName":"NewYardModel"},"interaction":{"idSuffix":"inner"}},"clearTextFirst":true,"interactionType":"ENTER_TEXT"}]}
RESULT: {"script":"<script> [776 bytes]","args":[{"enterText":"1001","selector":{"controlType":"sap.m.Input","viewName":"etm.portal.ui.manageyards.view.New","viewId":"application-manageyards-display-component---NewYard","bindingPath":{"path":"","propertyPath":"/PLANT","modelName":"NewYardModel"},"interaction":{"idSuffix":"inner"}},"clearTextFirst":true,"interactionType":"ENTER_TEXT"}]}
COMMAND: POST /session/f519eddc2ea26d61ca30e526d103b44b/execute/async - {"script":"<script> [1562 bytes]","args":[{"selector":{"controlType":"sap.m.Input","viewName":"etm.portal.ui.manageyards.view.New","viewId":"application-manageyards-display-component---NewYard","bindingPath":{"path":"","propertyPath":"/SALES_AREA_VKORG","modelName":"NewYardModel"},"interaction":{"idSuffix":"inner"}},"wdio_ui5_key":"etmportal.ui.manageyards.view.Newsap.m.Input{\"path\":\"\",\"propertyPath\":\"/SALES_AREA_VKORG\",\"modelName\":\"NewYardModel\"}"}]}
RESULT: {"script":"<script> [1562 bytes]","args":[{"selector":{"controlType":"sap.m.Input","viewName":"etm.portal.ui.manageyards.view.New","viewId":"application-manageyards-display-component---NewYard","bindingPath":{"path":"","propertyPath":"/SALES_AREA_VKORG","modelName":"NewYardModel"},"interaction":{"idSuffix":"inner"}},"wdio_ui5_key":"etmportal.ui.manageyards.view.Newsap.m.Input{\"path\":\"\",\"propertyPath\":\"/SALES_AREA_VKORG\",\"modelName\":\"NewYardModel\"}"}]}
RESULT: undefined
COMMAND: POST /session/f519eddc2ea26d61ca30e526d103b44b/execute/async - {"script":"<script> [776 bytes]","args":[{"enterText":"C002","selector":{"controlType":"sap.m.Input","viewName":"etm.portal.ui.manageyards.view.New","viewId":"application-manageyards-display-component---NewYard","bindingPath":{"path":"","propertyPath":"/SALES_AREA_VKORG","modelName":"NewYardModel"},"interaction":{"idSuffix":"inner"}},"clearTextFirst":true,"interactionType":"ENTER_TEXT"}]}
RESULT: {"script":"<script> [776 bytes]","args":[{"enterText":"C002","selector":{"controlType":"sap.m.Input","viewName":"etm.portal.ui.manageyards.view.New","viewId":"application-manageyards-display-component---NewYard","bindingPath":{"path":"","propertyPath":"/SALES_AREA_VKORG","modelName":"NewYardModel"},"interaction":{"idSuffix":"inner"}},"clearTextFirst":true,"interactionType":"ENTER_TEXT"}]}
COMMAND: POST /session/f519eddc2ea26d61ca30e526d103b44b/execute/async - {"script":"<script> [1562 bytes]","args":[{"selector":{"controlType":"sap.m.Input","viewName":"etm.portal.ui.manageyards.view.New","viewId":"application-manageyards-display-component---NewYard","bindingPath":{"path":"","propertyPath":"/SALES_AREA_VTWEG","modelName":"NewYardModel"},"interaction":{"idSuffix":"inner"}},"wdio_ui5_key":"etmportal.ui.manageyards.view.Newsap.m.Input{\"path\":\"\",\"propertyPath\":\"/SALES_AREA_VTWEG\",\"modelName\":\"NewYardModel\"}"}]}
RESULT: {"script":"<script> [1562 bytes]","args":[{"selector":{"controlType":"sap.m.Input","viewName":"etm.portal.ui.manageyards.view.New","viewId":"application-manageyards-display-component---NewYard","bindingPath":{"path":"","propertyPath":"/SALES_AREA_VTWEG","modelName":"NewYardModel"},"interaction":{"idSuffix":"inner"}},"wdio_ui5_key":"etmportal.ui.manageyards.view.Newsap.m.Input{\"path\":\"\",\"propertyPath\":\"/SALES_AREA_VTWEG\",\"modelName\":\"NewYardModel\"}"}]}
RESULT: undefined
COMMAND: POST /session/f519eddc2ea26d61ca30e526d103b44b/execute/async - {"script":"<script> [776 bytes]","args":[{"enterText":"C2","selector":{"controlType":"sap.m.Input","viewName":"etm.portal.ui.manageyards.view.New","viewId":"application-manageyards-display-component---NewYard","bindingPath":{"path":"","propertyPath":"/SALES_AREA_VTWEG","modelName":"NewYardModel"},"interaction":{"idSuffix":"inner"}},"clearTextFirst":true,"interactionType":"ENTER_TEXT"}]}
RESULT: {"script":"<script> [776 bytes]","args":[{"enterText":"C2","selector":{"controlType":"sap.m.Input","viewName":"etm.portal.ui.manageyards.view.New","viewId":"application-manageyards-display-component---NewYard","bindingPath":{"path":"","propertyPath":"/SALES_AREA_VTWEG","modelName":"NewYardModel"},"interaction":{"idSuffix":"inner"}},"clearTextFirst":true,"interactionType":"ENTER_TEXT"}]}
COMMAND: POST /session/f519eddc2ea26d61ca30e526d103b44b/execute/async - {"script":"<script> [1562 bytes]","args":[{"selector":{"controlType":"sap.m.Input","viewName":"etm.portal.ui.manageyards.view.New","viewId":"application-manageyards-display-component---NewYard","bindingPath":{"path":"","propertyPath":"/SALES_AREA_SPART","modelName":"NewYardModel"},"interaction":{"idSuffix":"inner"}},"wdio_ui5_key":"etmportal.ui.manageyards.view.Newsap.m.Input{\"path\":\"\",\"propertyPath\":\"/SALES_AREA_SPART\",\"modelName\":\"NewYardModel\"}"}]}
RESULT: {"script":"<script> [1562 bytes]","args":[{"selector":{"controlType":"sap.m.Input","viewName":"etm.portal.ui.manageyards.view.New","viewId":"application-manageyards-display-component---NewYard","bindingPath":{"path":"","propertyPath":"/SALES_AREA_SPART","modelName":"NewYardModel"},"interaction":{"idSuffix":"inner"}},"wdio_ui5_key":"etmportal.ui.manageyards.view.Newsap.m.Input{\"path\":\"\",\"propertyPath\":\"/SALES_AREA_SPART\",\"modelName\":\"NewYardModel\"}"}]}
RESULT: undefined
COMMAND: POST /session/f519eddc2ea26d61ca30e526d103b44b/execute/async - {"script":"<script> [776 bytes]","args":[{"enterText":"C2","selector":{"controlType":"sap.m.Input","viewName":"etm.portal.ui.manageyards.view.New","viewId":"application-manageyards-display-component---NewYard","bindingPath":{"path":"","propertyPath":"/SALES_AREA_SPART","modelName":"NewYardModel"},"interaction":{"idSuffix":"inner"}},"clearTextFirst":true,"interactionType":"ENTER_TEXT"}]}
RESULT: {"script":"<script> [776 bytes]","args":[{"enterText":"C2","selector":{"controlType":"sap.m.Input","viewName":"etm.portal.ui.manageyards.view.New","viewId":"application-manageyards-display-component---NewYard","bindingPath":{"path":"","propertyPath":"/SALES_AREA_SPART","modelName":"NewYardModel"},"interaction":{"idSuffix":"inner"}},"clearTextFirst":true,"interactionType":"ENTER_TEXT"}]}
COMMAND: POST /session/f519eddc2ea26d61ca30e526d103b44b/execute/async - {"script":"<script> [1562 bytes]","args":[{"selector":{"controlType":"sap.m.Input","viewName":"etm.portal.ui.manageyards.view.New","viewId":"application-manageyards-display-component---NewYard","bindingPath":{"path":"","propertyPath":"/SHIP_POINT","modelName":"NewYardModel"},"interaction":{"idSuffix":"inner"}},"wdio_ui5_key":"etmportal.ui.manageyards.view.Newsap.m.Input{\"path\":\"\",\"propertyPath\":\"/SHIP_POINT\",\"modelName\":\"NewYardModel\"}"}]}
RESULT: {"script":"<script> [1562 bytes]","args":[{"selector":{"controlType":"sap.m.Input","viewName":"etm.portal.ui.manageyards.view.New","viewId":"application-manageyards-display-component---NewYard","bindingPath":{"path":"","propertyPath":"/SHIP_POINT","modelName":"NewYardModel"},"interaction":{"idSuffix":"inner"}},"wdio_ui5_key":"etmportal.ui.manageyards.view.Newsap.m.Input{\"path\":\"\",\"propertyPath\":\"/SHIP_POINT\",\"modelName\":\"NewYardModel\"}"}]}
RESULT: undefined
COMMAND: POST /session/f519eddc2ea26d61ca30e526d103b44b/execute/async - {"script":"<script> [776 bytes]","args":[{"enterText":"1710","selector":{"controlType":"sap.m.Input","viewName":"etm.portal.ui.manageyards.view.New","viewId":"application-manageyards-display-component---NewYard","bindingPath":{"path":"","propertyPath":"/SHIP_POINT","modelName":"NewYardModel"},"interaction":{"idSuffix":"inner"}},"clearTextFirst":true,"interactionType":"ENTER_TEXT"}]}
RESULT: {"script":"<script> [776 bytes]","args":[{"enterText":"1710","selector":{"controlType":"sap.m.Input","viewName":"etm.portal.ui.manageyards.view.New","viewId":"application-manageyards-display-component---NewYard","bindingPath":{"path":"","propertyPath":"/SHIP_POINT","modelName":"NewYardModel"},"interaction":{"idSuffix":"inner"}},"clearTextFirst":true,"interactionType":"ENTER_TEXT"}]}
COMMAND: POST /session/f519eddc2ea26d61ca30e526d103b44b/execute/async - {"script":"<script> [1562 bytes]","args":[{"selector":{"controlType":"sap.m.Input","viewName":"etm.portal.ui.manageyards.view.New","viewId":"application-manageyards-display-component---NewYard","bindingPath":{"path":"","propertyPath":"/DELIVERY_TYPE","modelName":"NewYardModel"},"interaction":{"idSuffix":"inner"}},"wdio_ui5_key":"etmportal.ui.manageyards.view.Newsap.m.Input{\"path\":\"\",\"propertyPath\":\"/DELIVERY_TYPE\",\"modelName\":\"NewYardModel\"}"}]}
RESULT: {"script":"<script> [1562 bytes]","args":[{"selector":{"controlType":"sap.m.Input","viewName":"etm.portal.ui.manageyards.view.New","viewId":"application-manageyards-display-component---NewYard","bindingPath":{"path":"","propertyPath":"/DELIVERY_TYPE","modelName":"NewYardModel"},"interaction":{"idSuffix":"inner"}},"wdio_ui5_key":"etmportal.ui.manageyards.view.Newsap.m.Input{\"path\":\"\",\"propertyPath\":\"/DELIVERY_TYPE\",\"modelName\":\"NewYardModel\"}"}]}
RESULT: undefined
COMMAND: POST /session/f519eddc2ea26d61ca30e526d103b44b/execute/async - {"script":"<script> [776 bytes]","args":[{"enterText":"ZL01","selector":{"controlType":"sap.m.Input","viewName":"etm.portal.ui.manageyards.view.New","viewId":"application-manageyards-display-component---NewYard","bindingPath":{"path":"","propertyPath":"/DELIVERY_TYPE","modelName":"NewYardModel"},"interaction":{"idSuffix":"inner"}},"clearTextFirst":true,"interactionType":"ENTER_TEXT"}]}
RESULT: {"script":"<script> [776 bytes]","args":[{"enterText":"ZL01","selector":{"controlType":"sap.m.Input","viewName":"etm.portal.ui.manageyards.view.New","viewId":"application-manageyards-display-component---NewYard","bindingPath":{"path":"","propertyPath":"/DELIVERY_TYPE","modelName":"NewYardModel"},"interaction":{"idSuffix":"inner"}},"clearTextFirst":true,"interactionType":"ENTER_TEXT"}]}
COMMAND: POST /session/f519eddc2ea26d61ca30e526d103b44b/execute/async - {"script":"<script> [1562 bytes]","args":[{"selector":{"controlType":"sap.m.Input","viewName":"etm.portal.ui.manageyards.view.New","viewId":"application-manageyards-display-component---NewYard","bindingPath":{"path":"","propertyPath":"/AUART","modelName":"NewYardModel"},"interaction":{"idSuffix":"inner"}},"wdio_ui5_key":"etmportal.ui.manageyards.view.Newsap.m.Input{\"path\":\"\",\"propertyPath\":\"/AUART\",\"modelName\":\"NewYardModel\"}"}]}
RESULT: {"script":"<script> [1562 bytes]","args":[{"selector":{"controlType":"sap.m.Input","viewName":"etm.portal.ui.manageyards.view.New","viewId":"application-manageyards-display-component---NewYard","bindingPath":{"path":"","propertyPath":"/AUART","modelName":"NewYardModel"},"interaction":{"idSuffix":"inner"}},"wdio_ui5_key":"etmportal.ui.manageyards.view.Newsap.m.Input{\"path\":\"\",\"propertyPath\":\"/AUART\",\"modelName\":\"NewYardModel\"}"}]}
RESULT: undefined
COMMAND: POST /session/f519eddc2ea26d61ca30e526d103b44b/execute/async - {"script":"<script> [776 bytes]","args":[{"enterText":"TA","selector":{"controlType":"sap.m.Input","viewName":"etm.portal.ui.manageyards.view.New","viewId":"application-manageyards-display-component---NewYard","bindingPath":{"path":"","propertyPath":"/AUART","modelName":"NewYardModel"},"interaction":{"idSuffix":"inner"}},"clearTextFirst":true,"interactionType":"ENTER_TEXT"}]}
RESULT: {"script":"<script> [776 bytes]","args":[{"enterText":"TA","selector":{"controlType":"sap.m.Input","viewName":"etm.portal.ui.manageyards.view.New","viewId":"application-manageyards-display-component---NewYard","bindingPath":{"path":"","propertyPath":"/AUART","modelName":"NewYardModel"},"interaction":{"idSuffix":"inner"}},"clearTextFirst":true,"interactionType":"ENTER_TEXT"}]}
COMMAND: POST /session/f519eddc2ea26d61ca30e526d103b44b/element - {"using":"xpath","value":"//button[@data-kt=\"newYardSaveButton\"]"}
RESULT: {"using":"xpath","value":"//button[@data-kt=\"newYardSaveButton\"]"}
COMMAND: POST /session/f519eddc2ea26d61ca30e526d103b44b/element/f.A346BA6B978C9328C0C2B851E75B8348.d.336215F6CFFA1F7E0D61A62F39A7745F.e.722/click - {}
RESULT: {}
COMMAND: GET /session/f519eddc2ea26d61ca30e526d103b44b/screenshot - {}
RESULT: {}
COMMAND: POST /session/f519eddc2ea26d61ca30e526d103b44b/element - {"using":"xpath","value":"//header[contains(@id, 'ObjectPageLayout-headerTitle')]/div[1]/div[2]/div[1]/span[1]"}
RESULT: {"using":"xpath","value":"//header[contains(@id, 'ObjectPageLayout-headerTitle')]/div[1]/div[2]/div[1]/span[1]"}
COMMAND: POST /session/f519eddc2ea26d61ca30e526d103b44b/elements - {"using":"xpath","value":"//header[contains(@id, 'ObjectPageLayout-headerTitle')]/div[1]/div[2]/div[1]/span[1]"}
RESULT: {"using":"xpath","value":"//header[contains(@id, 'ObjectPageLayout-headerTitle')]/div[1]/div[2]/div[1]/span[1]"}
COMMAND: POST /session/f519eddc2ea26d61ca30e526d103b44b/execute/sync - {"script":"<script> [56 bytes]","args":[{"element-6066-11e4-a52e-4f735466cecf":"f.A346BA6B978C9328C0C2B851E75B8348.d.336215F6CFFA1F7E0D61A62F39A7745F.e.1018","ELEMENT":"f.A346BA6B978C9328C0C2B851E75B8348.d.336215F6CFFA1F7E0D61A62F39A7745F.e.1018"}]}
RESULT: {"script":"<script> [56 bytes]","args":[{"element-6066-11e4-a52e-4f735466cecf":"f.A346BA6B978C9328C0C2B851E75B8348.d.336215F6CFFA1F7E0D61A62F39A7745F.e.1018","ELEMENT":"f.A346BA6B978C9328C0C2B851E75B8348.d.336215F6CFFA1F7E0D61A62F39A7745F.e.1018"}]}
COMMAND: GET /session/f519eddc2ea26d61ca30e526d103b44b/screenshot - {}
RESULT: {}
COMMAND: POST /session/f519eddc2ea26d61ca30e526d103b44b/element - {"using":"css selector","value":"#shell-header-logo"}
RESULT: {"using":"css selector","value":"#shell-header-logo"}
COMMAND: POST /session/f519eddc2ea26d61ca30e526d103b44b/element/f.A346BA6B978C9328C0C2B851E75B8348.d.336215F6CFFA1F7E0D61A62F39A7745F.e.264/click - {}
RESULT: {}
COMMAND: GET /session/f519eddc2ea26d61ca30e526d103b44b/screenshot - {}
RESULT: {}
COMMAND: POST /session/f519eddc2ea26d61ca30e526d103b44b/execute/sync - {"script":"<script> [299 bytes]","args":[["getModel","getResource"]]}
RESULT: {"script":"<script> [299 bytes]","args":[["getModel","getResource"]]}
]]></system-out>
    </testcase>
    <testcase classname="chrome.135_0_7049_96.windows.Partner_specific_tests_US150819_US151080_US151654_US151176_US103444_US151078_US151079_US151109_US151174_US151175_US151189" name="Should create new external partner US150819" time="92.018">
      <system-out><![CDATA[
COMMAND: GET /session/f519eddc2ea26d61ca30e526d103b44b/screenshot - {}
COMMAND: POST /session/f519eddc2ea26d61ca30e526d103b44b/element - {"using":"xpath","value":"//li[.//span[text()=\"Manage Partners\"]]"}
RESULT: {}
RESULT: {"using":"xpath","value":"//li[.//span[text()=\"Manage Partners\"]]"}
COMMAND: POST /session/f519eddc2ea26d61ca30e526d103b44b/element - {"using":"xpath","value":"//li[.//span[text()=\"Manage Partners\"]]"}
RESULT: {"using":"xpath","value":"//li[.//span[text()=\"Manage Partners\"]]"}
COMMAND: POST /session/f519eddc2ea26d61ca30e526d103b44b/element - {"using":"css selector","value":"#shell-header-logo"}
RESULT: {"using":"css selector","value":"#shell-header-logo"}
COMMAND: POST /session/f519eddc2ea26d61ca30e526d103b44b/element/f.A346BA6B978C9328C0C2B851E75B8348.d.336215F6CFFA1F7E0D61A62F39A7745F.e.1020/click - {}
COMMAND: POST /session/f519eddc2ea26d61ca30e526d103b44b/execute/sync - {"script":"<script> [8489 bytes]","args":[{"element-6066-11e4-a52e-4f735466cecf":"f.A346BA6B978C9328C0C2B851E75B8348.d.336215F6CFFA1F7E0D61A62F39A7745F.e.1020","ELEMENT":"f.A346BA6B978C9328C0C2B851E75B8348.d.336215F6CFFA1F7E0D61A62F39A7745F.e.1020"}]}
RESULT: {}
COMMAND: GET /session/f519eddc2ea26d61ca30e526d103b44b/screenshot - {}
RESULT: {"script":"<script> [8489 bytes]","args":[{"element-6066-11e4-a52e-4f735466cecf":"f.A346BA6B978C9328C0C2B851E75B8348.d.336215F6CFFA1F7E0D61A62F39A7745F.e.1020","ELEMENT":"f.A346BA6B978C9328C0C2B851E75B8348.d.336215F6CFFA1F7E0D61A62F39A7745F.e.1020"}]}
COMMAND: POST /session/f519eddc2ea26d61ca30e526d103b44b/execute/sync - {"script":"<script> [5351 bytes]","args":[{"element-6066-11e4-a52e-4f735466cecf":"f.A346BA6B978C9328C0C2B851E75B8348.d.336215F6CFFA1F7E0D61A62F39A7745F.e.1020","ELEMENT":"f.A346BA6B978C9328C0C2B851E75B8348.d.336215F6CFFA1F7E0D61A62F39A7745F.e.1020"}]}
COMMAND: GET /session/f519eddc2ea26d61ca30e526d103b44b/screenshot - {}
RESULT: {}
RESULT: {"script":"<script> [5351 bytes]","args":[{"element-6066-11e4-a52e-4f735466cecf":"f.A346BA6B978C9328C0C2B851E75B8348.d.336215F6CFFA1F7E0D61A62F39A7745F.e.1020","ELEMENT":"f.A346BA6B978C9328C0C2B851E75B8348.d.336215F6CFFA1F7E0D61A62F39A7745F.e.1020"}]}
COMMAND: GET /session/f519eddc2ea26d61ca30e526d103b44b/screenshot - {}
RESULT: {}
RESULT: {}
COMMAND: POST /session/f519eddc2ea26d61ca30e526d103b44b/window/fullscreen - {}
RESULT: {}
COMMAND: POST /session/f519eddc2ea26d61ca30e526d103b44b/execute/async - {"script":"<script> [1562 bytes]","args":[{"selector":{"controlType":"sap.m.GenericTile","properties":{"header":"Manage Partners"}},"wdio_ui5_key":"sapm.GenericTile{\"header\":\"Manage Partners\"}"}]}
RESULT: {"script":"<script> [1562 bytes]","args":[{"selector":{"controlType":"sap.m.GenericTile","properties":{"header":"Manage Partners"}},"wdio_ui5_key":"sapm.GenericTile{\"header\":\"Manage Partners\"}"}]}
RESULT: undefined
COMMAND: POST /session/f519eddc2ea26d61ca30e526d103b44b/element - {"using":"xpath","value":"//*[@id=\"__tile38\"]"}
RESULT: {"using":"xpath","value":"//*[@id=\"__tile38\"]"}
COMMAND: POST /session/f519eddc2ea26d61ca30e526d103b44b/element/f.A346BA6B978C9328C0C2B851E75B8348.d.336215F6CFFA1F7E0D61A62F39A7745F.e.153/click - {}
RESULT: {}
COMMAND: POST /session/f519eddc2ea26d61ca30e526d103b44b/element - {"using":"xpath","value":"//button[@data-kt=\"addButton\"]"}
COMMAND: GET /session/f519eddc2ea26d61ca30e526d103b44b/screenshot - {}
RESULT: {"using":"xpath","value":"//button[@data-kt=\"addButton\"]"}
COMMAND: POST /session/f519eddc2ea26d61ca30e526d103b44b/elements - {"using":"xpath","value":"//button[@data-kt=\"addButton\"]"}
RESULT: {}
RESULT: {"using":"xpath","value":"//button[@data-kt=\"addButton\"]"}
COMMAND: POST /session/f519eddc2ea26d61ca30e526d103b44b/elements - {"using":"xpath","value":"//button[@data-kt=\"addButton\"]"}
RESULT: {"using":"xpath","value":"//button[@data-kt=\"addButton\"]"}
COMMAND: POST /session/f519eddc2ea26d61ca30e526d103b44b/elements - {"using":"xpath","value":"//button[@data-kt=\"addButton\"]"}
RESULT: {"using":"xpath","value":"//button[@data-kt=\"addButton\"]"}
COMMAND: POST /session/f519eddc2ea26d61ca30e526d103b44b/elements - {"using":"xpath","value":"//button[@data-kt=\"addButton\"]"}
RESULT: {"using":"xpath","value":"//button[@data-kt=\"addButton\"]"}
COMMAND: POST /session/f519eddc2ea26d61ca30e526d103b44b/elements - {"using":"xpath","value":"//button[@data-kt=\"addButton\"]"}
RESULT: {"using":"xpath","value":"//button[@data-kt=\"addButton\"]"}
COMMAND: POST /session/f519eddc2ea26d61ca30e526d103b44b/elements - {"using":"xpath","value":"//button[@data-kt=\"addButton\"]"}
RESULT: {"using":"xpath","value":"//button[@data-kt=\"addButton\"]"}
COMMAND: POST /session/f519eddc2ea26d61ca30e526d103b44b/elements - {"using":"xpath","value":"//button[@data-kt=\"addButton\"]"}
RESULT: {"using":"xpath","value":"//button[@data-kt=\"addButton\"]"}
COMMAND: POST /session/f519eddc2ea26d61ca30e526d103b44b/elements - {"using":"xpath","value":"//button[@data-kt=\"addButton\"]"}
RESULT: {"using":"xpath","value":"//button[@data-kt=\"addButton\"]"}
COMMAND: POST /session/f519eddc2ea26d61ca30e526d103b44b/elements - {"using":"xpath","value":"//button[@data-kt=\"addButton\"]"}
RESULT: {"using":"xpath","value":"//button[@data-kt=\"addButton\"]"}
COMMAND: POST /session/f519eddc2ea26d61ca30e526d103b44b/elements - {"using":"xpath","value":"//button[@data-kt=\"addButton\"]"}
RESULT: {"using":"xpath","value":"//button[@data-kt=\"addButton\"]"}
COMMAND: POST /session/f519eddc2ea26d61ca30e526d103b44b/elements - {"using":"xpath","value":"//button[@data-kt=\"addButton\"]"}
RESULT: {"using":"xpath","value":"//button[@data-kt=\"addButton\"]"}
COMMAND: POST /session/f519eddc2ea26d61ca30e526d103b44b/elements - {"using":"xpath","value":"//button[@data-kt=\"addButton\"]"}
RESULT: {"using":"xpath","value":"//button[@data-kt=\"addButton\"]"}
COMMAND: POST /session/f519eddc2ea26d61ca30e526d103b44b/elements - {"using":"xpath","value":"//button[@data-kt=\"addButton\"]"}
RESULT: {"using":"xpath","value":"//button[@data-kt=\"addButton\"]"}
COMMAND: POST /session/f519eddc2ea26d61ca30e526d103b44b/elements - {"using":"xpath","value":"//button[@data-kt=\"addButton\"]"}
RESULT: {"using":"xpath","value":"//button[@data-kt=\"addButton\"]"}
COMMAND: POST /session/f519eddc2ea26d61ca30e526d103b44b/elements - {"using":"xpath","value":"//button[@data-kt=\"addButton\"]"}
RESULT: {"using":"xpath","value":"//button[@data-kt=\"addButton\"]"}
COMMAND: POST /session/f519eddc2ea26d61ca30e526d103b44b/elements - {"using":"xpath","value":"//button[@data-kt=\"addButton\"]"}
RESULT: {"using":"xpath","value":"//button[@data-kt=\"addButton\"]"}
COMMAND: POST /session/f519eddc2ea26d61ca30e526d103b44b/elements - {"using":"xpath","value":"//button[@data-kt=\"addButton\"]"}
RESULT: {"using":"xpath","value":"//button[@data-kt=\"addButton\"]"}
COMMAND: POST /session/f519eddc2ea26d61ca30e526d103b44b/elements - {"using":"xpath","value":"//button[@data-kt=\"addButton\"]"}
RESULT: {"using":"xpath","value":"//button[@data-kt=\"addButton\"]"}
COMMAND: POST /session/f519eddc2ea26d61ca30e526d103b44b/elements - {"using":"xpath","value":"//button[@data-kt=\"addButton\"]"}
RESULT: {"using":"xpath","value":"//button[@data-kt=\"addButton\"]"}
COMMAND: POST /session/f519eddc2ea26d61ca30e526d103b44b/elements - {"using":"xpath","value":"//button[@data-kt=\"addButton\"]"}
RESULT: {"using":"xpath","value":"//button[@data-kt=\"addButton\"]"}
COMMAND: POST /session/f519eddc2ea26d61ca30e526d103b44b/elements - {"using":"xpath","value":"//button[@data-kt=\"addButton\"]"}
RESULT: {"using":"xpath","value":"//button[@data-kt=\"addButton\"]"}
COMMAND: POST /session/f519eddc2ea26d61ca30e526d103b44b/elements - {"using":"xpath","value":"//button[@data-kt=\"addButton\"]"}
RESULT: {"using":"xpath","value":"//button[@data-kt=\"addButton\"]"}
COMMAND: POST /session/f519eddc2ea26d61ca30e526d103b44b/element - {"using":"xpath","value":"//button[@data-kt=\"addButton\"]"}
RESULT: {"using":"xpath","value":"//button[@data-kt=\"addButton\"]"}
COMMAND: POST /session/f519eddc2ea26d61ca30e526d103b44b/execute/sync - {"script":"<script> [8489 bytes]","args":[{"element-6066-11e4-a52e-4f735466cecf":"f.A346BA6B978C9328C0C2B851E75B8348.d.336215F6CFFA1F7E0D61A62F39A7745F.e.1055","ELEMENT":"f.A346BA6B978C9328C0C2B851E75B8348.d.336215F6CFFA1F7E0D61A62F39A7745F.e.1055"}]}
RESULT: {"script":"<script> [8489 bytes]","args":[{"element-6066-11e4-a52e-4f735466cecf":"f.A346BA6B978C9328C0C2B851E75B8348.d.336215F6CFFA1F7E0D61A62F39A7745F.e.1055","ELEMENT":"f.A346BA6B978C9328C0C2B851E75B8348.d.336215F6CFFA1F7E0D61A62F39A7745F.e.1055"}]}
COMMAND: GET /session/f519eddc2ea26d61ca30e526d103b44b/element/f.A346BA6B978C9328C0C2B851E75B8348.d.336215F6CFFA1F7E0D61A62F39A7745F.e.1055/enabled - {}
COMMAND: GET /session/f519eddc2ea26d61ca30e526d103b44b/screenshot - {}
RESULT: {}
COMMAND: POST /session/f519eddc2ea26d61ca30e526d103b44b/execute/sync - {"script":"<script> [8489 bytes]","args":[{"element-6066-11e4-a52e-4f735466cecf":"f.A346BA6B978C9328C0C2B851E75B8348.d.336215F6CFFA1F7E0D61A62F39A7745F.e.1055","ELEMENT":"f.A346BA6B978C9328C0C2B851E75B8348.d.336215F6CFFA1F7E0D61A62F39A7745F.e.1055"}]}
COMMAND: GET /session/f519eddc2ea26d61ca30e526d103b44b/screenshot - {}
RESULT: {}
RESULT: {"script":"<script> [8489 bytes]","args":[{"element-6066-11e4-a52e-4f735466cecf":"f.A346BA6B978C9328C0C2B851E75B8348.d.336215F6CFFA1F7E0D61A62F39A7745F.e.1055","ELEMENT":"f.A346BA6B978C9328C0C2B851E75B8348.d.336215F6CFFA1F7E0D61A62F39A7745F.e.1055"}]}
COMMAND: POST /session/f519eddc2ea26d61ca30e526d103b44b/execute/sync - {"script":"<script> [5351 bytes]","args":[{"element-6066-11e4-a52e-4f735466cecf":"f.A346BA6B978C9328C0C2B851E75B8348.d.336215F6CFFA1F7E0D61A62F39A7745F.e.1055","ELEMENT":"f.A346BA6B978C9328C0C2B851E75B8348.d.336215F6CFFA1F7E0D61A62F39A7745F.e.1055"}]}
COMMAND: GET /session/f519eddc2ea26d61ca30e526d103b44b/screenshot - {}
RESULT: {}
RESULT: {"script":"<script> [5351 bytes]","args":[{"element-6066-11e4-a52e-4f735466cecf":"f.A346BA6B978C9328C0C2B851E75B8348.d.336215F6CFFA1F7E0D61A62F39A7745F.e.1055","ELEMENT":"f.A346BA6B978C9328C0C2B851E75B8348.d.336215F6CFFA1F7E0D61A62F39A7745F.e.1055"}]}
COMMAND: POST /session/f519eddc2ea26d61ca30e526d103b44b/element/f.A346BA6B978C9328C0C2B851E75B8348.d.336215F6CFFA1F7E0D61A62F39A7745F.e.1055/click - {}
COMMAND: GET /session/f519eddc2ea26d61ca30e526d103b44b/screenshot - {}
RESULT: {}
RESULT: {}
COMMAND: GET /session/f519eddc2ea26d61ca30e526d103b44b/screenshot - {}
COMMAND: POST /session/f519eddc2ea26d61ca30e526d103b44b/execute/async - {"script":"<script> [1562 bytes]","args":[{"selector":{"id":"application-managepartners-display-component---NewPartner--addressDetailDetailsName1","interaction":{"idSuffix":"inner"}},"wdio_ui5_key":"applicationmanagepartners-display-component---NewPartner--addressDetailDetailsName1"}]}
RESULT: {}
RESULT: {}
RESULT: {"script":"<script> [1562 bytes]","args":[{"selector":{"id":"application-managepartners-display-component---NewPartner--addressDetailDetailsName1","interaction":{"idSuffix":"inner"}},"wdio_ui5_key":"applicationmanagepartners-display-component---NewPartner--addressDetailDetailsName1"}]}
RESULT: undefined
COMMAND: POST /session/f519eddc2ea26d61ca30e526d103b44b/execute/async - {"script":"<script> [776 bytes]","args":[{"enterText":"External Partner WDIO","selector":{"id":"application-managepartners-display-component---NewPartner--addressDetailDetailsName1","interaction":{"idSuffix":"inner"}},"clearTextFirst":true,"interactionType":"ENTER_TEXT"}]}
RESULT: {"script":"<script> [776 bytes]","args":[{"enterText":"External Partner WDIO","selector":{"id":"application-managepartners-display-component---NewPartner--addressDetailDetailsName1","interaction":{"idSuffix":"inner"}},"clearTextFirst":true,"interactionType":"ENTER_TEXT"}]}
COMMAND: POST /session/f519eddc2ea26d61ca30e526d103b44b/execute/async - {"script":"<script> [1562 bytes]","args":[{"selector":{"id":"application-managepartners-display-component---NewPartner--addressDetailDetailsLanguage-arrow"},"wdio_ui5_key":"applicationmanagepartners-display-component---NewPartner--addressDetailDetailsLanguage-arrow"}]}
RESULT: {"script":"<script> [1562 bytes]","args":[{"selector":{"id":"application-managepartners-display-component---NewPartner--addressDetailDetailsLanguage-arrow"},"wdio_ui5_key":"applicationmanagepartners-display-component---NewPartner--addressDetailDetailsLanguage-arrow"}]}
RESULT: undefined
COMMAND: POST /session/f519eddc2ea26d61ca30e526d103b44b/element - {"using":"xpath","value":"//*[@id=\"application-managepartners-display-component---NewPartner--addressDetailDetailsLanguage-arrow\"]"}
RESULT: {"using":"xpath","value":"//*[@id=\"application-managepartners-display-component---NewPartner--addressDetailDetailsLanguage-arrow\"]"}
COMMAND: POST /session/f519eddc2ea26d61ca30e526d103b44b/element/f.A346BA6B978C9328C0C2B851E75B8348.d.336215F6CFFA1F7E0D61A62F39A7745F.e.1508/click - {}
RESULT: {}
COMMAND: POST /session/f519eddc2ea26d61ca30e526d103b44b/element - {"using":"xpath","value":"//span[contains(text(), \"English\")]"}
COMMAND: GET /session/f519eddc2ea26d61ca30e526d103b44b/screenshot - {}
RESULT: {"using":"xpath","value":"//span[contains(text(), \"English\")]"}
COMMAND: POST /session/f519eddc2ea26d61ca30e526d103b44b/element/f.A346BA6B978C9328C0C2B851E75B8348.d.336215F6CFFA1F7E0D61A62F39A7745F.e.1509/click - {}
RESULT: {}
RESULT: {}
COMMAND: GET /session/f519eddc2ea26d61ca30e526d103b44b/screenshot - {}
RESULT: {}
COMMAND: POST /session/f519eddc2ea26d61ca30e526d103b44b/execute/async - {"script":"<script> [1562 bytes]","args":[{"selector":{"id":"application-managepartners-display-component---NewPartner--addressDetailDetailsCity1","interaction":{"idSuffix":"inner"}},"wdio_ui5_key":"applicationmanagepartners-display-component---NewPartner--addressDetailDetailsCity1"}]}
RESULT: {"script":"<script> [1562 bytes]","args":[{"selector":{"id":"application-managepartners-display-component---NewPartner--addressDetailDetailsCity1","interaction":{"idSuffix":"inner"}},"wdio_ui5_key":"applicationmanagepartners-display-component---NewPartner--addressDetailDetailsCity1"}]}
RESULT: undefined
COMMAND: POST /session/f519eddc2ea26d61ca30e526d103b44b/execute/async - {"script":"<script> [776 bytes]","args":[{"enterText":"Rosario","selector":{"id":"application-managepartners-display-component---NewPartner--addressDetailDetailsCity1","interaction":{"idSuffix":"inner"}},"clearTextFirst":true,"interactionType":"ENTER_TEXT"}]}
RESULT: {"script":"<script> [776 bytes]","args":[{"enterText":"Rosario","selector":{"id":"application-managepartners-display-component---NewPartner--addressDetailDetailsCity1","interaction":{"idSuffix":"inner"}},"clearTextFirst":true,"interactionType":"ENTER_TEXT"}]}
COMMAND: POST /session/f519eddc2ea26d61ca30e526d103b44b/execute/async - {"script":"<script> [1562 bytes]","args":[{"selector":{"id":"application-managepartners-display-component---NewPartner--addressDetailDetailsCountry-arrow"},"wdio_ui5_key":"applicationmanagepartners-display-component---NewPartner--addressDetailDetailsCountry-arrow"}]}
RESULT: {"script":"<script> [1562 bytes]","args":[{"selector":{"id":"application-managepartners-display-component---NewPartner--addressDetailDetailsCountry-arrow"},"wdio_ui5_key":"applicationmanagepartners-display-component---NewPartner--addressDetailDetailsCountry-arrow"}]}
RESULT: undefined
COMMAND: POST /session/f519eddc2ea26d61ca30e526d103b44b/element - {"using":"xpath","value":"//*[@id=\"application-managepartners-display-component---NewPartner--addressDetailDetailsCountry-arrow\"]"}
RESULT: {"using":"xpath","value":"//*[@id=\"application-managepartners-display-component---NewPartner--addressDetailDetailsCountry-arrow\"]"}
COMMAND: POST /session/f519eddc2ea26d61ca30e526d103b44b/element/f.A346BA6B978C9328C0C2B851E75B8348.d.336215F6CFFA1F7E0D61A62F39A7745F.e.1472/click - {}
RESULT: {}
COMMAND: POST /session/f519eddc2ea26d61ca30e526d103b44b/element - {"using":"xpath","value":"//span[contains(text(), \"Argentina\")]"}
COMMAND: GET /session/f519eddc2ea26d61ca30e526d103b44b/screenshot - {}
RESULT: {"using":"xpath","value":"//span[contains(text(), \"Argentina\")]"}
COMMAND: POST /session/f519eddc2ea26d61ca30e526d103b44b/element/f.A346BA6B978C9328C0C2B851E75B8348.d.336215F6CFFA1F7E0D61A62F39A7745F.e.1511/click - {}
RESULT: {}
RESULT: {}
COMMAND: GET /session/f519eddc2ea26d61ca30e526d103b44b/screenshot - {}
RESULT: {}
COMMAND: POST /session/f519eddc2ea26d61ca30e526d103b44b/element - {"using":"xpath","value":"//bdi[contains(text(), \"Commercial\")]"}
RESULT: {"using":"xpath","value":"//bdi[contains(text(), \"Commercial\")]"}
COMMAND: POST /session/f519eddc2ea26d61ca30e526d103b44b/element/f.A346BA6B978C9328C0C2B851E75B8348.d.336215F6CFFA1F7E0D61A62F39A7745F.e.1512/click - {}
RESULT: {}
COMMAND: GET /session/f519eddc2ea26d61ca30e526d103b44b/screenshot - {}
RESULT: {}
COMMAND: POST /session/f519eddc2ea26d61ca30e526d103b44b/execute/async - {"script":"<script> [1562 bytes]","args":[{"selector":{"id":"application-managepartners-display-component---NewPartner--partnerDetailInternal-arrow"},"wdio_ui5_key":"applicationmanagepartners-display-component---NewPartner--partnerDetailInternal-arrow"}]}
RESULT: {"script":"<script> [1562 bytes]","args":[{"selector":{"id":"application-managepartners-display-component---NewPartner--partnerDetailInternal-arrow"},"wdio_ui5_key":"applicationmanagepartners-display-component---NewPartner--partnerDetailInternal-arrow"}]}
RESULT: undefined
COMMAND: POST /session/f519eddc2ea26d61ca30e526d103b44b/element - {"using":"xpath","value":"//*[@id=\"application-managepartners-display-component---NewPartner--partnerDetailInternal-arrow\"]"}
RESULT: {"using":"xpath","value":"//*[@id=\"application-managepartners-display-component---NewPartner--partnerDetailInternal-arrow\"]"}
COMMAND: POST /session/f519eddc2ea26d61ca30e526d103b44b/element/f.A346BA6B978C9328C0C2B851E75B8348.d.336215F6CFFA1F7E0D61A62F39A7745F.e.1519/click - {}
RESULT: {}
COMMAND: POST /session/f519eddc2ea26d61ca30e526d103b44b/element - {"using":"xpath","value":"//span[contains(text(), \"External partner\")]"}
COMMAND: GET /session/f519eddc2ea26d61ca30e526d103b44b/screenshot - {}
RESULT: {"using":"xpath","value":"//span[contains(text(), \"External partner\")]"}
COMMAND: POST /session/f519eddc2ea26d61ca30e526d103b44b/element/f.A346BA6B978C9328C0C2B851E75B8348.d.336215F6CFFA1F7E0D61A62F39A7745F.e.1520/click - {}
RESULT: {}
RESULT: {}
COMMAND: POST /session/f519eddc2ea26d61ca30e526d103b44b/execute/async - {"script":"<script> [1562 bytes]","args":[{"selector":{"id":"application-managepartners-display-component---NewPartner--partnerDetailsCurrency-arrow"},"wdio_ui5_key":"applicationmanagepartners-display-component---NewPartner--partnerDetailsCurrency-arrow"}]}
COMMAND: GET /session/f519eddc2ea26d61ca30e526d103b44b/screenshot - {}
RESULT: {"script":"<script> [1562 bytes]","args":[{"selector":{"id":"application-managepartners-display-component---NewPartner--partnerDetailsCurrency-arrow"},"wdio_ui5_key":"applicationmanagepartners-display-component---NewPartner--partnerDetailsCurrency-arrow"}]}
RESULT: undefined
COMMAND: POST /session/f519eddc2ea26d61ca30e526d103b44b/element - {"using":"xpath","value":"//*[@id=\"application-managepartners-display-component---NewPartner--partnerDetailsCurrency-arrow\"]"}
RESULT: {}
RESULT: {"using":"xpath","value":"//*[@id=\"application-managepartners-display-component---NewPartner--partnerDetailsCurrency-arrow\"]"}
COMMAND: POST /session/f519eddc2ea26d61ca30e526d103b44b/element/f.A346BA6B978C9328C0C2B851E75B8348.d.336215F6CFFA1F7E0D61A62F39A7745F.e.1525/click - {}
RESULT: {}
COMMAND: POST /session/f519eddc2ea26d61ca30e526d103b44b/element - {"using":"xpath","value":"//span[contains(text(), \"US Dollar\")]"}
COMMAND: GET /session/f519eddc2ea26d61ca30e526d103b44b/screenshot - {}
RESULT: {"using":"xpath","value":"//span[contains(text(), \"US Dollar\")]"}
COMMAND: POST /session/f519eddc2ea26d61ca30e526d103b44b/element/f.A346BA6B978C9328C0C2B851E75B8348.d.336215F6CFFA1F7E0D61A62F39A7745F.e.1526/click - {}
RESULT: {}
RESULT: {}
COMMAND: GET /session/f519eddc2ea26d61ca30e526d103b44b/screenshot - {}
RESULT: {}
COMMAND: POST /session/f519eddc2ea26d61ca30e526d103b44b/element - {"using":"xpath","value":"//input[@id=\"application-managepartners-display-component---NewPartner--companyCodeComboBox-inner\"]"}
RESULT: {"using":"xpath","value":"//input[@id=\"application-managepartners-display-component---NewPartner--companyCodeComboBox-inner\"]"}
COMMAND: POST /session/f519eddc2ea26d61ca30e526d103b44b/element/f.A346BA6B978C9328C0C2B851E75B8348.d.336215F6CFFA1F7E0D61A62F39A7745F.e.1370/clear - {}
RESULT: {}
COMMAND: POST /session/f519eddc2ea26d61ca30e526d103b44b/element/f.A346BA6B978C9328C0C2B851E75B8348.d.336215F6CFFA1F7E0D61A62F39A7745F.e.1370/value - {"text":"C002"}
COMMAND: GET /session/f519eddc2ea26d61ca30e526d103b44b/screenshot - {}
RESULT: {"text":"C002"}
COMMAND: GET /session/f519eddc2ea26d61ca30e526d103b44b/screenshot - {}
RESULT: {}
RESULT: {}
COMMAND: POST /session/f519eddc2ea26d61ca30e526d103b44b/element - {"using":"xpath","value":"//span[contains(text(), \"C002\")]"}
RESULT: {"using":"xpath","value":"//span[contains(text(), \"C002\")]"}
COMMAND: POST /session/f519eddc2ea26d61ca30e526d103b44b/element/f.A346BA6B978C9328C0C2B851E75B8348.d.336215F6CFFA1F7E0D61A62F39A7745F.e.1530/click - {}
RESULT: {}
COMMAND: GET /session/f519eddc2ea26d61ca30e526d103b44b/screenshot - {}
RESULT: {}
COMMAND: POST /session/f519eddc2ea26d61ca30e526d103b44b/execute/async - {"script":"<script> [1562 bytes]","args":[{"selector":{"id":"application-managepartners-display-component---NewPartner--btnAddTableRow-img"},"wdio_ui5_key":"applicationmanagepartners-display-component---NewPartner--btnAddTableRow-img"}]}
RESULT: {"script":"<script> [1562 bytes]","args":[{"selector":{"id":"application-managepartners-display-component---NewPartner--btnAddTableRow-img"},"wdio_ui5_key":"applicationmanagepartners-display-component---NewPartner--btnAddTableRow-img"}]}
RESULT: undefined
COMMAND: POST /session/f519eddc2ea26d61ca30e526d103b44b/element - {"using":"xpath","value":"//*[@id=\"application-managepartners-display-component---NewPartner--btnAddTableRow-img\"]"}
RESULT: {"using":"xpath","value":"//*[@id=\"application-managepartners-display-component---NewPartner--btnAddTableRow-img\"]"}
COMMAND: POST /session/f519eddc2ea26d61ca30e526d103b44b/element/f.A346BA6B978C9328C0C2B851E75B8348.d.336215F6CFFA1F7E0D61A62F39A7745F.e.1531/click - {}
RESULT: {}
COMMAND: GET /session/f519eddc2ea26d61ca30e526d103b44b/screenshot - {}
RESULT: {}
COMMAND: POST /session/f519eddc2ea26d61ca30e526d103b44b/element - {"using":"xpath","value":"//input[@id=\"application-managepartners-display-component---NewPartner--assignmentYard-application-managepartners-display-component---NewPartner--assignmentsTable-0-inner\"]"}
RESULT: {"using":"xpath","value":"//input[@id=\"application-managepartners-display-component---NewPartner--assignmentYard-application-managepartners-display-component---NewPartner--assignmentsTable-0-inner\"]"}
COMMAND: POST /session/f519eddc2ea26d61ca30e526d103b44b/element/f.A346BA6B978C9328C0C2B851E75B8348.d.336215F6CFFA1F7E0D61A62F39A7745F.e.1534/clear - {}
RESULT: {}
COMMAND: POST /session/f519eddc2ea26d61ca30e526d103b44b/element/f.A346BA6B978C9328C0C2B851E75B8348.d.336215F6CFFA1F7E0D61A62F39A7745F.e.1534/value - {"text":"309"}
COMMAND: GET /session/f519eddc2ea26d61ca30e526d103b44b/screenshot - {}
RESULT: {"text":"309"}
COMMAND: GET /session/f519eddc2ea26d61ca30e526d103b44b/screenshot - {}
RESULT: {}
RESULT: {}
COMMAND: POST /session/f519eddc2ea26d61ca30e526d103b44b/element - {"using":"xpath","value":"//li[.//span[text()='309']]"}
RESULT: {"using":"xpath","value":"//li[.//span[text()='309']]"}
COMMAND: POST /session/f519eddc2ea26d61ca30e526d103b44b/element/f.A346BA6B978C9328C0C2B851E75B8348.d.336215F6CFFA1F7E0D61A62F39A7745F.e.1542/click - {}
RESULT: {}
COMMAND: GET /session/f519eddc2ea26d61ca30e526d103b44b/screenshot - {}
RESULT: {}
COMMAND: POST /session/f519eddc2ea26d61ca30e526d103b44b/actions - {"actions":[{"id":"action2","type":"key","parameters":{},"actions":[{"type":"keyDown","value":"î€‡"},{"type":"pause","duration":10},{"type":"keyUp","value":"î€‡"}]}]}
RESULT: {"actions":[{"id":"action2","type":"key","parameters":{},"actions":[{"type":"keyDown","value":"î€‡"},{"type":"pause","duration":10},{"type":"keyUp","value":"î€‡"}]}]}
COMMAND: POST /session/f519eddc2ea26d61ca30e526d103b44b/element - {"using":"xpath","value":"//td[contains(@id, \"assignmentsTable-0-cell2\")]/div/div"}
COMMAND: GET /session/f519eddc2ea26d61ca30e526d103b44b/screenshot - {}
RESULT: {"using":"xpath","value":"//td[contains(@id, \"assignmentsTable-0-cell2\")]/div/div"}
COMMAND: POST /session/f519eddc2ea26d61ca30e526d103b44b/element/f.A346BA6B978C9328C0C2B851E75B8348.d.336215F6CFFA1F7E0D61A62F39A7745F.e.1545/click - {}
RESULT: {}
RESULT: {}
COMMAND: GET /session/f519eddc2ea26d61ca30e526d103b44b/screenshot - {}
RESULT: {}
COMMAND: POST /session/f519eddc2ea26d61ca30e526d103b44b/element - {"using":"xpath","value":"//button[@data-kt=\"saveButton\"]"}
RESULT: {"using":"xpath","value":"//button[@data-kt=\"saveButton\"]"}
COMMAND: POST /session/f519eddc2ea26d61ca30e526d103b44b/element/f.A346BA6B978C9328C0C2B851E75B8348.d.336215F6CFFA1F7E0D61A62F39A7745F.e.1492/click - {}
RESULT: {}
COMMAND: GET /session/f519eddc2ea26d61ca30e526d103b44b/screenshot - {}
RESULT: {}
COMMAND: POST /session/f519eddc2ea26d61ca30e526d103b44b/element - {"using":"xpath","value":"//header[contains(@id, 'ObjectPageLayout-headerTitle')]/div[1]/div[2]/div[2]/span[1]"}
RESULT: {"using":"xpath","value":"//header[contains(@id, 'ObjectPageLayout-headerTitle')]/div[1]/div[2]/div[2]/span[1]"}
COMMAND: POST /session/f519eddc2ea26d61ca30e526d103b44b/elements - {"using":"xpath","value":"//header[contains(@id, 'ObjectPageLayout-headerTitle')]/div[1]/div[2]/div[2]/span[1]"}
RESULT: {"using":"xpath","value":"//header[contains(@id, 'ObjectPageLayout-headerTitle')]/div[1]/div[2]/div[2]/span[1]"}
COMMAND: POST /session/f519eddc2ea26d61ca30e526d103b44b/execute/sync - {"script":"<script> [56 bytes]","args":[{"element-6066-11e4-a52e-4f735466cecf":"f.A346BA6B978C9328C0C2B851E75B8348.d.336215F6CFFA1F7E0D61A62F39A7745F.e.1711","ELEMENT":"f.A346BA6B978C9328C0C2B851E75B8348.d.336215F6CFFA1F7E0D61A62F39A7745F.e.1711"}]}
RESULT: {"script":"<script> [56 bytes]","args":[{"element-6066-11e4-a52e-4f735466cecf":"f.A346BA6B978C9328C0C2B851E75B8348.d.336215F6CFFA1F7E0D61A62F39A7745F.e.1711","ELEMENT":"f.A346BA6B978C9328C0C2B851E75B8348.d.336215F6CFFA1F7E0D61A62F39A7745F.e.1711"}]}
COMMAND: POST /session/f519eddc2ea26d61ca30e526d103b44b/element - {"using":"css selector","value":"#shell-header-logo"}
COMMAND: GET /session/f519eddc2ea26d61ca30e526d103b44b/screenshot - {}
RESULT: {"using":"css selector","value":"#shell-header-logo"}
COMMAND: POST /session/f519eddc2ea26d61ca30e526d103b44b/element/f.A346BA6B978C9328C0C2B851E75B8348.d.336215F6CFFA1F7E0D61A62F39A7745F.e.1020/click - {}
RESULT: {}
RESULT: {}
COMMAND: GET /session/f519eddc2ea26d61ca30e526d103b44b/screenshot - {}
RESULT: {}
COMMAND: POST /session/f519eddc2ea26d61ca30e526d103b44b/execute/sync - {"script":"<script> [299 bytes]","args":[["getModel","getResource"]]}
RESULT: {"script":"<script> [299 bytes]","args":[["getModel","getResource"]]}
]]></system-out>
    </testcase>
    <testcase classname="chrome.135_0_7049_96.windows.Partner_specific_tests_US150819_US151080_US151654_US151176_US103444_US151078_US151079_US151109_US151174_US151175_US151189" name="Should filter and search partners US151080" time="96.698">
      <system-out><![CDATA[
COMMAND: POST /session/f519eddc2ea26d61ca30e526d103b44b/element - {"using":"xpath","value":"//li[.//span[text()=\"Manage Partners\"]]"}
COMMAND: GET /session/f519eddc2ea26d61ca30e526d103b44b/screenshot - {}
RESULT: {"using":"xpath","value":"//li[.//span[text()=\"Manage Partners\"]]"}
COMMAND: POST /session/f519eddc2ea26d61ca30e526d103b44b/element - {"using":"xpath","value":"//li[.//span[text()=\"Manage Partners\"]]"}
RESULT: {}
RESULT: {"using":"xpath","value":"//li[.//span[text()=\"Manage Partners\"]]"}
COMMAND: POST /session/f519eddc2ea26d61ca30e526d103b44b/element - {"using":"css selector","value":"#shell-header-logo"}
RESULT: {"using":"css selector","value":"#shell-header-logo"}
COMMAND: POST /session/f519eddc2ea26d61ca30e526d103b44b/element/f.A346BA6B978C9328C0C2B851E75B8348.d.336215F6CFFA1F7E0D61A62F39A7745F.e.1713/click - {}
COMMAND: POST /session/f519eddc2ea26d61ca30e526d103b44b/execute/sync - {"script":"<script> [8489 bytes]","args":[{"element-6066-11e4-a52e-4f735466cecf":"f.A346BA6B978C9328C0C2B851E75B8348.d.336215F6CFFA1F7E0D61A62F39A7745F.e.1713","ELEMENT":"f.A346BA6B978C9328C0C2B851E75B8348.d.336215F6CFFA1F7E0D61A62F39A7745F.e.1713"}]}
RESULT: {}
COMMAND: GET /session/f519eddc2ea26d61ca30e526d103b44b/screenshot - {}
RESULT: {"script":"<script> [8489 bytes]","args":[{"element-6066-11e4-a52e-4f735466cecf":"f.A346BA6B978C9328C0C2B851E75B8348.d.336215F6CFFA1F7E0D61A62F39A7745F.e.1713","ELEMENT":"f.A346BA6B978C9328C0C2B851E75B8348.d.336215F6CFFA1F7E0D61A62F39A7745F.e.1713"}]}
COMMAND: POST /session/f519eddc2ea26d61ca30e526d103b44b/execute/sync - {"script":"<script> [5351 bytes]","args":[{"element-6066-11e4-a52e-4f735466cecf":"f.A346BA6B978C9328C0C2B851E75B8348.d.336215F6CFFA1F7E0D61A62F39A7745F.e.1713","ELEMENT":"f.A346BA6B978C9328C0C2B851E75B8348.d.336215F6CFFA1F7E0D61A62F39A7745F.e.1713"}]}
COMMAND: GET /session/f519eddc2ea26d61ca30e526d103b44b/screenshot - {}
RESULT: {}
RESULT: {"script":"<script> [5351 bytes]","args":[{"element-6066-11e4-a52e-4f735466cecf":"f.A346BA6B978C9328C0C2B851E75B8348.d.336215F6CFFA1F7E0D61A62F39A7745F.e.1713","ELEMENT":"f.A346BA6B978C9328C0C2B851E75B8348.d.336215F6CFFA1F7E0D61A62F39A7745F.e.1713"}]}
COMMAND: GET /session/f519eddc2ea26d61ca30e526d103b44b/screenshot - {}
RESULT: {}
RESULT: {}
RESULT: undefined
COMMAND: POST /session/f519eddc2ea26d61ca30e526d103b44b/element - {"using":"xpath","value":"//*[@id=\"__tile38\"]"}
RESULT: {"using":"xpath","value":"//*[@id=\"__tile38\"]"}
COMMAND: POST /session/f519eddc2ea26d61ca30e526d103b44b/element/f.A346BA6B978C9328C0C2B851E75B8348.d.336215F6CFFA1F7E0D61A62F39A7745F.e.153/click - {}
RESULT: {}
COMMAND: POST /session/f519eddc2ea26d61ca30e526d103b44b/element - {"using":"xpath","value":"//button[@data-kt=\"addButton\"]"}
COMMAND: GET /session/f519eddc2ea26d61ca30e526d103b44b/screenshot - {}
RESULT: {"using":"xpath","value":"//button[@data-kt=\"addButton\"]"}
COMMAND: POST /session/f519eddc2ea26d61ca30e526d103b44b/elements - {"using":"xpath","value":"//button[@data-kt=\"addButton\"]"}
RESULT: {}
RESULT: {"using":"xpath","value":"//button[@data-kt=\"addButton\"]"}
COMMAND: POST /session/f519eddc2ea26d61ca30e526d103b44b/elements - {"using":"xpath","value":"//button[@data-kt=\"addButton\"]"}
RESULT: {"using":"xpath","value":"//button[@data-kt=\"addButton\"]"}
COMMAND: POST /session/f519eddc2ea26d61ca30e526d103b44b/elements - {"using":"xpath","value":"//button[@data-kt=\"addButton\"]"}
RESULT: {"using":"xpath","value":"//button[@data-kt=\"addButton\"]"}
COMMAND: POST /session/f519eddc2ea26d61ca30e526d103b44b/elements - {"using":"xpath","value":"//button[@data-kt=\"addButton\"]"}
RESULT: {"using":"xpath","value":"//button[@data-kt=\"addButton\"]"}
COMMAND: POST /session/f519eddc2ea26d61ca30e526d103b44b/elements - {"using":"xpath","value":"//button[@data-kt=\"addButton\"]"}
RESULT: {"using":"xpath","value":"//button[@data-kt=\"addButton\"]"}
COMMAND: POST /session/f519eddc2ea26d61ca30e526d103b44b/elements - {"using":"xpath","value":"//button[@data-kt=\"addButton\"]"}
RESULT: {"using":"xpath","value":"//button[@data-kt=\"addButton\"]"}
COMMAND: POST /session/f519eddc2ea26d61ca30e526d103b44b/elements - {"using":"xpath","value":"//button[@data-kt=\"addButton\"]"}
RESULT: {"using":"xpath","value":"//button[@data-kt=\"addButton\"]"}
COMMAND: POST /session/f519eddc2ea26d61ca30e526d103b44b/elements - {"using":"xpath","value":"//button[@data-kt=\"addButton\"]"}
RESULT: {"using":"xpath","value":"//button[@data-kt=\"addButton\"]"}
COMMAND: POST /session/f519eddc2ea26d61ca30e526d103b44b/elements - {"using":"xpath","value":"//button[@data-kt=\"addButton\"]"}
RESULT: {"using":"xpath","value":"//button[@data-kt=\"addButton\"]"}
COMMAND: POST /session/f519eddc2ea26d61ca30e526d103b44b/elements - {"using":"xpath","value":"//button[@data-kt=\"addButton\"]"}
RESULT: {"using":"xpath","value":"//button[@data-kt=\"addButton\"]"}
COMMAND: POST /session/f519eddc2ea26d61ca30e526d103b44b/elements - {"using":"xpath","value":"//button[@data-kt=\"addButton\"]"}
RESULT: {"using":"xpath","value":"//button[@data-kt=\"addButton\"]"}
COMMAND: POST /session/f519eddc2ea26d61ca30e526d103b44b/elements - {"using":"xpath","value":"//button[@data-kt=\"addButton\"]"}
RESULT: {"using":"xpath","value":"//button[@data-kt=\"addButton\"]"}
COMMAND: POST /session/f519eddc2ea26d61ca30e526d103b44b/elements - {"using":"xpath","value":"//button[@data-kt=\"addButton\"]"}
RESULT: {"using":"xpath","value":"//button[@data-kt=\"addButton\"]"}
COMMAND: POST /session/f519eddc2ea26d61ca30e526d103b44b/elements - {"using":"xpath","value":"//button[@data-kt=\"addButton\"]"}
RESULT: {"using":"xpath","value":"//button[@data-kt=\"addButton\"]"}
COMMAND: POST /session/f519eddc2ea26d61ca30e526d103b44b/elements - {"using":"xpath","value":"//button[@data-kt=\"addButton\"]"}
RESULT: {"using":"xpath","value":"//button[@data-kt=\"addButton\"]"}
COMMAND: POST /session/f519eddc2ea26d61ca30e526d103b44b/elements - {"using":"xpath","value":"//button[@data-kt=\"addButton\"]"}
RESULT: {"using":"xpath","value":"//button[@data-kt=\"addButton\"]"}
COMMAND: POST /session/f519eddc2ea26d61ca30e526d103b44b/elements - {"using":"xpath","value":"//button[@data-kt=\"addButton\"]"}
RESULT: {"using":"xpath","value":"//button[@data-kt=\"addButton\"]"}
COMMAND: POST /session/f519eddc2ea26d61ca30e526d103b44b/elements - {"using":"xpath","value":"//button[@data-kt=\"addButton\"]"}
RESULT: {"using":"xpath","value":"//button[@data-kt=\"addButton\"]"}
COMMAND: POST /session/f519eddc2ea26d61ca30e526d103b44b/elements - {"using":"xpath","value":"//button[@data-kt=\"addButton\"]"}
RESULT: {"using":"xpath","value":"//button[@data-kt=\"addButton\"]"}
COMMAND: POST /session/f519eddc2ea26d61ca30e526d103b44b/elements - {"using":"xpath","value":"//button[@data-kt=\"addButton\"]"}
RESULT: {"using":"xpath","value":"//button[@data-kt=\"addButton\"]"}
COMMAND: POST /session/f519eddc2ea26d61ca30e526d103b44b/elements - {"using":"xpath","value":"//button[@data-kt=\"addButton\"]"}
RESULT: {"using":"xpath","value":"//button[@data-kt=\"addButton\"]"}
COMMAND: POST /session/f519eddc2ea26d61ca30e526d103b44b/elements - {"using":"xpath","value":"//button[@data-kt=\"addButton\"]"}
RESULT: {"using":"xpath","value":"//button[@data-kt=\"addButton\"]"}
COMMAND: POST /session/f519eddc2ea26d61ca30e526d103b44b/elements - {"using":"xpath","value":"//button[@data-kt=\"addButton\"]"}
RESULT: {"using":"xpath","value":"//button[@data-kt=\"addButton\"]"}
COMMAND: POST /session/f519eddc2ea26d61ca30e526d103b44b/element - {"using":"xpath","value":"//button[@data-kt=\"addButton\"]"}
RESULT: {"using":"xpath","value":"//button[@data-kt=\"addButton\"]"}
COMMAND: POST /session/f519eddc2ea26d61ca30e526d103b44b/execute/sync - {"script":"<script> [8489 bytes]","args":[{"element-6066-11e4-a52e-4f735466cecf":"f.A346BA6B978C9328C0C2B851E75B8348.d.336215F6CFFA1F7E0D61A62F39A7745F.e.1747","ELEMENT":"f.A346BA6B978C9328C0C2B851E75B8348.d.336215F6CFFA1F7E0D61A62F39A7745F.e.1747"}]}
RESULT: {"script":"<script> [8489 bytes]","args":[{"element-6066-11e4-a52e-4f735466cecf":"f.A346BA6B978C9328C0C2B851E75B8348.d.336215F6CFFA1F7E0D61A62F39A7745F.e.1747","ELEMENT":"f.A346BA6B978C9328C0C2B851E75B8348.d.336215F6CFFA1F7E0D61A62F39A7745F.e.1747"}]}
COMMAND: GET /session/f519eddc2ea26d61ca30e526d103b44b/element/f.A346BA6B978C9328C0C2B851E75B8348.d.336215F6CFFA1F7E0D61A62F39A7745F.e.1747/enabled - {}
COMMAND: GET /session/f519eddc2ea26d61ca30e526d103b44b/screenshot - {}
RESULT: {}
RESULT: {}
COMMAND: POST /session/f519eddc2ea26d61ca30e526d103b44b/execute/sync - {"script":"<script> [8489 bytes]","args":[{"element-6066-11e4-a52e-4f735466cecf":"f.A346BA6B978C9328C0C2B851E75B8348.d.336215F6CFFA1F7E0D61A62F39A7745F.e.1747","ELEMENT":"f.A346BA6B978C9328C0C2B851E75B8348.d.336215F6CFFA1F7E0D61A62F39A7745F.e.1747"}]}
COMMAND: GET /session/f519eddc2ea26d61ca30e526d103b44b/screenshot - {}
RESULT: {"script":"<script> [8489 bytes]","args":[{"element-6066-11e4-a52e-4f735466cecf":"f.A346BA6B978C9328C0C2B851E75B8348.d.336215F6CFFA1F7E0D61A62F39A7745F.e.1747","ELEMENT":"f.A346BA6B978C9328C0C2B851E75B8348.d.336215F6CFFA1F7E0D61A62F39A7745F.e.1747"}]}
COMMAND: POST /session/f519eddc2ea26d61ca30e526d103b44b/execute/sync - {"script":"<script> [5351 bytes]","args":[{"element-6066-11e4-a52e-4f735466cecf":"f.A346BA6B978C9328C0C2B851E75B8348.d.336215F6CFFA1F7E0D61A62F39A7745F.e.1747","ELEMENT":"f.A346BA6B978C9328C0C2B851E75B8348.d.336215F6CFFA1F7E0D61A62F39A7745F.e.1747"}]}
COMMAND: GET /session/f519eddc2ea26d61ca30e526d103b44b/screenshot - {}
RESULT: {}
RESULT: {"script":"<script> [5351 bytes]","args":[{"element-6066-11e4-a52e-4f735466cecf":"f.A346BA6B978C9328C0C2B851E75B8348.d.336215F6CFFA1F7E0D61A62F39A7745F.e.1747","ELEMENT":"f.A346BA6B978C9328C0C2B851E75B8348.d.336215F6CFFA1F7E0D61A62F39A7745F.e.1747"}]}
COMMAND: GET /session/f519eddc2ea26d61ca30e526d103b44b/screenshot - {}
RESULT: {}
RESULT: {}
COMMAND: POST /session/f519eddc2ea26d61ca30e526d103b44b/execute/async - {"script":"<script> [1562 bytes]","args":[{"selector":{"id":"application-managepartners-display-component---masterPtm--smartTable-btnPersonalisation-img"},"wdio_ui5_key":"applicationmanagepartners-display-component---masterPtm--smartTable-btnPersonalisation-img"}]}
RESULT: {"script":"<script> [1562 bytes]","args":[{"selector":{"id":"application-managepartners-display-component---masterPtm--smartTable-btnPersonalisation-img"},"wdio_ui5_key":"applicationmanagepartners-display-component---masterPtm--smartTable-btnPersonalisation-img"}]}
RESULT: undefined
COMMAND: POST /session/f519eddc2ea26d61ca30e526d103b44b/element - {"using":"xpath","value":"//*[@id=\"application-managepartners-display-component---masterPtm--smartTable-btnPersonalisation-img\"]"}
RESULT: {"using":"xpath","value":"//*[@id=\"application-managepartners-display-component---masterPtm--smartTable-btnPersonalisation-img\"]"}
COMMAND: POST /session/f519eddc2ea26d61ca30e526d103b44b/element/f.A346BA6B978C9328C0C2B851E75B8348.d.336215F6CFFA1F7E0D61A62F39A7745F.e.1763/click - {}
RESULT: {}
COMMAND: GET /session/f519eddc2ea26d61ca30e526d103b44b/screenshot - {}
RESULT: {}
COMMAND: POST /session/f519eddc2ea26d61ca30e526d103b44b/execute/async - {"script":"<script> [1562 bytes]","args":[{"selector":{"controlType":"sap.m.IconTabFilter","viewName":"etm.portal.ui.managepartners.view.Master","viewId":"application-managepartners-display-component---masterPtm","properties":{"text":"Sort"},"searchOpenDialogs":true,"interaction":{"idSuffix":"text"}},"wdio_ui5_key":"etmportal.ui.managepartners.view.Mastersap.m.IconTabFilter{\"text\":\"Sort\"}"}]}
RESULT: {"script":"<script> [1562 bytes]","args":[{"selector":{"controlType":"sap.m.IconTabFilter","viewName":"etm.portal.ui.managepartners.view.Master","viewId":"application-managepartners-display-component---masterPtm","properties":{"text":"Sort"},"searchOpenDialogs":true,"interaction":{"idSuffix":"text"}},"wdio_ui5_key":"etmportal.ui.managepartners.view.Mastersap.m.IconTabFilter{\"text\":\"Sort\"}"}]}
RESULT: undefined
COMMAND: POST /session/f519eddc2ea26d61ca30e526d103b44b/element - {"using":"xpath","value":"//*[@id=\"__filter1\"]"}
RESULT: {"using":"xpath","value":"//*[@id=\"__filter1\"]"}
COMMAND: POST /session/f519eddc2ea26d61ca30e526d103b44b/element/f.A346BA6B978C9328C0C2B851E75B8348.d.336215F6CFFA1F7E0D61A62F39A7745F.e.1902/click - {}
RESULT: {}
COMMAND: GET /session/f519eddc2ea26d61ca30e526d103b44b/screenshot - {}
RESULT: {}
COMMAND: POST /session/f519eddc2ea26d61ca30e526d103b44b/element - {"using":"xpath","value":"//input[@placeholder=\"Sort by\"]/following-sibling::div//span"}
RESULT: {"using":"xpath","value":"//input[@placeholder=\"Sort by\"]/following-sibling::div//span"}
COMMAND: POST /session/f519eddc2ea26d61ca30e526d103b44b/element/f.A346BA6B978C9328C0C2B851E75B8348.d.336215F6CFFA1F7E0D61A62F39A7745F.e.1904/click - {}
RESULT: {}
COMMAND: GET /session/f519eddc2ea26d61ca30e526d103b44b/screenshot - {}
RESULT: {}
COMMAND: POST /session/f519eddc2ea26d61ca30e526d103b44b/element - {"using":"xpath","value":"//li[.//span[text()=\"Language\"]]"}
RESULT: {"using":"xpath","value":"//li[.//span[text()=\"Language\"]]"}
COMMAND: POST /session/f519eddc2ea26d61ca30e526d103b44b/element/f.A346BA6B978C9328C0C2B851E75B8348.d.336215F6CFFA1F7E0D61A62F39A7745F.e.1905/click - {}
RESULT: {}
COMMAND: GET /session/f519eddc2ea26d61ca30e526d103b44b/screenshot - {}
RESULT: {}
COMMAND: POST /session/f519eddc2ea26d61ca30e526d103b44b/element - {"using":"xpath","value":"//bdi[contains(text(), \"OK\")]"}
RESULT: {"using":"xpath","value":"//bdi[contains(text(), \"OK\")]"}
COMMAND: POST /session/f519eddc2ea26d61ca30e526d103b44b/element/f.A346BA6B978C9328C0C2B851E75B8348.d.336215F6CFFA1F7E0D61A62F39A7745F.e.1909/click - {}
RESULT: {}
COMMAND: GET /session/f519eddc2ea26d61ca30e526d103b44b/screenshot - {}
RESULT: {}
COMMAND: POST /session/f519eddc2ea26d61ca30e526d103b44b/element - {"using":"xpath","value":"//table[contains(@id, \"customPartnersTable\")]//tbody/tr[1]/td[3]/span"}
RESULT: {"using":"xpath","value":"//table[contains(@id, \"customPartnersTable\")]//tbody/tr[1]/td[3]/span"}
COMMAND: POST /session/f519eddc2ea26d61ca30e526d103b44b/execute/sync - {"script":"<script> [56 bytes]","args":[{"element-6066-11e4-a52e-4f735466cecf":"f.A346BA6B978C9328C0C2B851E75B8348.d.336215F6CFFA1F7E0D61A62F39A7745F.e.2030","ELEMENT":"f.A346BA6B978C9328C0C2B851E75B8348.d.336215F6CFFA1F7E0D61A62F39A7745F.e.2030"}]}
RESULT: {"script":"<script> [56 bytes]","args":[{"element-6066-11e4-a52e-4f735466cecf":"f.A346BA6B978C9328C0C2B851E75B8348.d.336215F6CFFA1F7E0D61A62F39A7745F.e.2030","ELEMENT":"f.A346BA6B978C9328C0C2B851E75B8348.d.336215F6CFFA1F7E0D61A62F39A7745F.e.2030"}]}
RESULT: undefined
COMMAND: POST /session/f519eddc2ea26d61ca30e526d103b44b/element - {"using":"xpath","value":"//*[@id=\"application-managepartners-display-component---masterPtm--smartTable-btnPersonalisation-img\"]"}
COMMAND: GET /session/f519eddc2ea26d61ca30e526d103b44b/screenshot - {}
RESULT: {"using":"xpath","value":"//*[@id=\"application-managepartners-display-component---masterPtm--smartTable-btnPersonalisation-img\"]"}
COMMAND: POST /session/f519eddc2ea26d61ca30e526d103b44b/element/f.A346BA6B978C9328C0C2B851E75B8348.d.336215F6CFFA1F7E0D61A62F39A7745F.e.1763/click - {}
RESULT: {}
RESULT: {}
COMMAND: GET /session/f519eddc2ea26d61ca30e526d103b44b/screenshot - {}
RESULT: {}
COMMAND: POST /session/f519eddc2ea26d61ca30e526d103b44b/element - {"using":"xpath","value":"//bdi[contains(text(), \"Reset\")]"}
RESULT: {"using":"xpath","value":"//bdi[contains(text(), \"Reset\")]"}
COMMAND: POST /session/f519eddc2ea26d61ca30e526d103b44b/element/f.A346BA6B978C9328C0C2B851E75B8348.d.336215F6CFFA1F7E0D61A62F39A7745F.e.2035/click - {}
RESULT: {}
COMMAND: GET /session/f519eddc2ea26d61ca30e526d103b44b/screenshot - {}
RESULT: {}
COMMAND: POST /session/f519eddc2ea26d61ca30e526d103b44b/element - {"using":"xpath","value":"(//bdi[contains(text(), \"OK\")])[2]"}
RESULT: {"using":"xpath","value":"(//bdi[contains(text(), \"OK\")])[2]"}
COMMAND: POST /session/f519eddc2ea26d61ca30e526d103b44b/element/f.A346BA6B978C9328C0C2B851E75B8348.d.336215F6CFFA1F7E0D61A62F39A7745F.e.2037/click - {}
RESULT: {}
COMMAND: GET /session/f519eddc2ea26d61ca30e526d103b44b/screenshot - {}
RESULT: {}
COMMAND: POST /session/f519eddc2ea26d61ca30e526d103b44b/element - {"using":"xpath","value":"//bdi[contains(text(), \"OK\")]"}
RESULT: {"using":"xpath","value":"//bdi[contains(text(), \"OK\")]"}
COMMAND: POST /session/f519eddc2ea26d61ca30e526d103b44b/element/f.A346BA6B978C9328C0C2B851E75B8348.d.336215F6CFFA1F7E0D61A62F39A7745F.e.2090/click - {}
RESULT: {}
COMMAND: GET /session/f519eddc2ea26d61ca30e526d103b44b/screenshot - {}
RESULT: {}
COMMAND: POST /session/f519eddc2ea26d61ca30e526d103b44b/element - {"using":"xpath","value":"//table[contains(@id, \"customPartnersTable\")]//tbody/tr[1]/td[3]/span"}
RESULT: {"using":"xpath","value":"//table[contains(@id, \"customPartnersTable\")]//tbody/tr[1]/td[3]/span"}
COMMAND: POST /session/f519eddc2ea26d61ca30e526d103b44b/execute/sync - {"script":"<script> [56 bytes]","args":[{"element-6066-11e4-a52e-4f735466cecf":"f.A346BA6B978C9328C0C2B851E75B8348.d.336215F6CFFA1F7E0D61A62F39A7745F.e.2093","ELEMENT":"f.A346BA6B978C9328C0C2B851E75B8348.d.336215F6CFFA1F7E0D61A62F39A7745F.e.2093"}]}
RESULT: {"script":"<script> [56 bytes]","args":[{"element-6066-11e4-a52e-4f735466cecf":"f.A346BA6B978C9328C0C2B851E75B8348.d.336215F6CFFA1F7E0D61A62F39A7745F.e.2093","ELEMENT":"f.A346BA6B978C9328C0C2B851E75B8348.d.336215F6CFFA1F7E0D61A62F39A7745F.e.2093"}]}
RESULT: undefined
COMMAND: POST /session/f519eddc2ea26d61ca30e526d103b44b/element - {"using":"xpath","value":"//*[@id=\"application-managepartners-display-component---masterPtm--smartTable-btnPersonalisation-img\"]"}
COMMAND: GET /session/f519eddc2ea26d61ca30e526d103b44b/screenshot - {}
RESULT: {"using":"xpath","value":"//*[@id=\"application-managepartners-display-component---masterPtm--smartTable-btnPersonalisation-img\"]"}
COMMAND: POST /session/f519eddc2ea26d61ca30e526d103b44b/element/f.A346BA6B978C9328C0C2B851E75B8348.d.336215F6CFFA1F7E0D61A62F39A7745F.e.1763/click - {}
RESULT: {}
RESULT: {}
COMMAND: GET /session/f519eddc2ea26d61ca30e526d103b44b/screenshot - {}
RESULT: {}
COMMAND: POST /session/f519eddc2ea26d61ca30e526d103b44b/execute/async - {"script":"<script> [1562 bytes]","args":[{"selector":{"controlType":"sap.m.IconTabFilter","viewName":"etm.portal.ui.managepartners.view.Master","viewId":"application-managepartners-display-component---masterPtm","properties":{"text":"Filter"},"searchOpenDialogs":true,"interaction":{"idSuffix":"text"}},"wdio_ui5_key":"etmportal.ui.managepartners.view.Mastersap.m.IconTabFilter{\"text\":\"Filter\"}"}]}
RESULT: {"script":"<script> [1562 bytes]","args":[{"selector":{"controlType":"sap.m.IconTabFilter","viewName":"etm.portal.ui.managepartners.view.Master","viewId":"application-managepartners-display-component---masterPtm","properties":{"text":"Filter"},"searchOpenDialogs":true,"interaction":{"idSuffix":"text"}},"wdio_ui5_key":"etmportal.ui.managepartners.view.Mastersap.m.IconTabFilter{\"text\":\"Filter\"}"}]}
RESULT: undefined
COMMAND: POST /session/f519eddc2ea26d61ca30e526d103b44b/element - {"using":"xpath","value":"//*[@id=\"__filter10\"]"}
RESULT: {"using":"xpath","value":"//*[@id=\"__filter10\"]"}
COMMAND: POST /session/f519eddc2ea26d61ca30e526d103b44b/element/f.A346BA6B978C9328C0C2B851E75B8348.d.336215F6CFFA1F7E0D61A62F39A7745F.e.2098/click - {}
RESULT: {}
COMMAND: GET /session/f519eddc2ea26d61ca30e526d103b44b/screenshot - {}
RESULT: {}
COMMAND: POST /session/f519eddc2ea26d61ca30e526d103b44b/element - {"using":"xpath","value":"//input[@placeholder=\"Filter by\"]/following-sibling::div//span"}
RESULT: {"using":"xpath","value":"//input[@placeholder=\"Filter by\"]/following-sibling::div//span"}
COMMAND: POST /session/f519eddc2ea26d61ca30e526d103b44b/element/f.A346BA6B978C9328C0C2B851E75B8348.d.336215F6CFFA1F7E0D61A62F39A7745F.e.2100/click - {}
RESULT: {}
COMMAND: GET /session/f519eddc2ea26d61ca30e526d103b44b/screenshot - {}
RESULT: {}
COMMAND: POST /session/f519eddc2ea26d61ca30e526d103b44b/element - {"using":"xpath","value":"//li[.//span[text()=\"Preferred Yard\"]]"}
RESULT: {"using":"xpath","value":"//li[.//span[text()=\"Preferred Yard\"]]"}
COMMAND: POST /session/f519eddc2ea26d61ca30e526d103b44b/element/f.A346BA6B978C9328C0C2B851E75B8348.d.336215F6CFFA1F7E0D61A62F39A7745F.e.2101/click - {}
RESULT: {}
COMMAND: GET /session/f519eddc2ea26d61ca30e526d103b44b/screenshot - {}
RESULT: {}
COMMAND: POST /session/f519eddc2ea26d61ca30e526d103b44b/execute/async - {"script":"<script> [1562 bytes]","args":[{"selector":{"id":"FilterPanel-filterItemControl_BASIC-application-managepartners-display-component---masterPtm--smartTable-YARDYARD-vhi","searchOpenDialogs":true},"wdio_ui5_key":"FilterPanelfilterItemControl_BASIC-application-managepartners-display-component---masterPtm--smartTable-YARDYARD-vhi"}]}
RESULT: {"script":"<script> [1562 bytes]","args":[{"selector":{"id":"FilterPanel-filterItemControl_BASIC-application-managepartners-display-component---masterPtm--smartTable-YARDYARD-vhi","searchOpenDialogs":true},"wdio_ui5_key":"FilterPanelfilterItemControl_BASIC-application-managepartners-display-component---masterPtm--smartTable-YARDYARD-vhi"}]}
RESULT: undefined
COMMAND: POST /session/f519eddc2ea26d61ca30e526d103b44b/element - {"using":"xpath","value":"//*[@id=\"FilterPanel-filterItemControl_BASIC-application-managepartners-display-component---masterPtm--smartTable-YARDYARD-vhi\"]"}
RESULT: {"using":"xpath","value":"//*[@id=\"FilterPanel-filterItemControl_BASIC-application-managepartners-display-component---masterPtm--smartTable-YARDYARD-vhi\"]"}
COMMAND: POST /session/f519eddc2ea26d61ca30e526d103b44b/element/f.A346BA6B978C9328C0C2B851E75B8348.d.336215F6CFFA1F7E0D61A62F39A7745F.e.2104/click - {}
RESULT: {}
COMMAND: GET /session/f519eddc2ea26d61ca30e526d103b44b/screenshot - {}
RESULT: {}
COMMAND: POST /session/f519eddc2ea26d61ca30e526d103b44b/execute/async - {"script":"<script> [1562 bytes]","args":[{"selector":{"id":"FilterPanel-filterItemControl_BASIC-application-managepartners-display-component---masterPtm--smartTable-YARDYARD-valueHelpDialog-smartFilterBar-btnBasicSearch","searchOpenDialogs":true,"interaction":{"idSuffix":"I"}},"wdio_ui5_key":"FilterPanelfilterItemControl_BASIC-application-managepartners-display-component---masterPtm--smartTable-YARDYARD-valueHelpDialog-smartFilterBar-btnBasicSearch"}]}
RESULT: {"script":"<script> [1562 bytes]","args":[{"selector":{"id":"FilterPanel-filterItemControl_BASIC-application-managepartners-display-component---masterPtm--smartTable-YARDYARD-valueHelpDialog-smartFilterBar-btnBasicSearch","searchOpenDialogs":true,"interaction":{"idSuffix":"I"}},"wdio_ui5_key":"FilterPanelfilterItemControl_BASIC-application-managepartners-display-component---masterPtm--smartTable-YARDYARD-valueHelpDialog-smartFilterBar-btnBasicSearch"}]}
RESULT: undefined
COMMAND: POST /session/f519eddc2ea26d61ca30e526d103b44b/execute/async - {"script":"<script> [776 bytes]","args":[{"enterText":"309","selector":{"id":"FilterPanel-filterItemControl_BASIC-application-managepartners-display-component---masterPtm--smartTable-YARDYARD-valueHelpDialog-smartFilterBar-btnBasicSearch","searchOpenDialogs":true,"interaction":{"idSuffix":"I"}},"clearTextFirst":true,"interactionType":"ENTER_TEXT"}]}
RESULT: {"script":"<script> [776 bytes]","args":[{"enterText":"309","selector":{"id":"FilterPanel-filterItemControl_BASIC-application-managepartners-display-component---masterPtm--smartTable-YARDYARD-valueHelpDialog-smartFilterBar-btnBasicSearch","searchOpenDialogs":true,"interaction":{"idSuffix":"I"}},"clearTextFirst":true,"interactionType":"ENTER_TEXT"}]}
COMMAND: POST /session/f519eddc2ea26d61ca30e526d103b44b/actions - {"actions":[{"id":"action3","type":"key","parameters":{},"actions":[{"type":"keyDown","value":"î€‡"},{"type":"pause","duration":10},{"type":"keyUp","value":"î€‡"}]}]}
RESULT: {"actions":[{"id":"action3","type":"key","parameters":{},"actions":[{"type":"keyDown","value":"î€‡"},{"type":"pause","duration":10},{"type":"keyUp","value":"î€‡"}]}]}
COMMAND: GET /session/f519eddc2ea26d61ca30e526d103b44b/screenshot - {}
RESULT: {}
COMMAND: POST /session/f519eddc2ea26d61ca30e526d103b44b/elements - {"using":"xpath","value":"//table[contains(@id, \"smartTable-YARDYARD-valueHelpDialog-table-table\")]/tbody/tr"}
RESULT: {"using":"xpath","value":"//table[contains(@id, \"smartTable-YARDYARD-valueHelpDialog-table-table\")]/tbody/tr"}
COMMAND: POST /session/f519eddc2ea26d61ca30e526d103b44b/element - {"using":"xpath","value":"//table[contains(@id, \"smartTable-YARDYARD-valueHelpDialog-table-table\")]/tbody/tr[1]/td[1]/div/span"}
RESULT: {"using":"xpath","value":"//table[contains(@id, \"smartTable-YARDYARD-valueHelpDialog-table-table\")]/tbody/tr[1]/td[1]/div/span"}
COMMAND: POST /session/f519eddc2ea26d61ca30e526d103b44b/elements - {"using":"xpath","value":"//table[contains(@id, \"smartTable-YARDYARD-valueHelpDialog-table-table\")]/tbody/tr[1]/td[1]/div/span"}
RESULT: {"using":"xpath","value":"//table[contains(@id, \"smartTable-YARDYARD-valueHelpDialog-table-table\")]/tbody/tr[1]/td[1]/div/span"}
COMMAND: POST /session/f519eddc2ea26d61ca30e526d103b44b/execute/sync - {"script":"<script> [56 bytes]","args":[{"element-6066-11e4-a52e-4f735466cecf":"f.A346BA6B978C9328C0C2B851E75B8348.d.336215F6CFFA1F7E0D61A62F39A7745F.e.2123","ELEMENT":"f.A346BA6B978C9328C0C2B851E75B8348.d.336215F6CFFA1F7E0D61A62F39A7745F.e.2123"}]}
RESULT: {"script":"<script> [56 bytes]","args":[{"element-6066-11e4-a52e-4f735466cecf":"f.A346BA6B978C9328C0C2B851E75B8348.d.336215F6CFFA1F7E0D61A62F39A7745F.e.2123","ELEMENT":"f.A346BA6B978C9328C0C2B851E75B8348.d.336215F6CFFA1F7E0D61A62F39A7745F.e.2123"}]}
COMMAND: POST /session/f519eddc2ea26d61ca30e526d103b44b/element - {"using":"xpath","value":"//table[contains(@id, \"smartTable-YARDYARD-valueHelpDialog-table-table\")]/tbody/tr[2]/td[1]/div/span"}
COMMAND: GET /session/f519eddc2ea26d61ca30e526d103b44b/screenshot - {}
RESULT: {"using":"xpath","value":"//table[contains(@id, \"smartTable-YARDYARD-valueHelpDialog-table-table\")]/tbody/tr[2]/td[1]/div/span"}
COMMAND: POST /session/f519eddc2ea26d61ca30e526d103b44b/elements - {"using":"xpath","value":"//table[contains(@id, \"smartTable-YARDYARD-valueHelpDialog-table-table\")]/tbody/tr[2]/td[1]/div/span"}
RESULT: {}
RESULT: {"using":"xpath","value":"//table[contains(@id, \"smartTable-YARDYARD-valueHelpDialog-table-table\")]/tbody/tr[2]/td[1]/div/span"}
COMMAND: POST /session/f519eddc2ea26d61ca30e526d103b44b/execute/sync - {"script":"<script> [56 bytes]","args":[{"element-6066-11e4-a52e-4f735466cecf":"f.A346BA6B978C9328C0C2B851E75B8348.d.336215F6CFFA1F7E0D61A62F39A7745F.e.2124","ELEMENT":"f.A346BA6B978C9328C0C2B851E75B8348.d.336215F6CFFA1F7E0D61A62F39A7745F.e.2124"}]}
RESULT: {"script":"<script> [56 bytes]","args":[{"element-6066-11e4-a52e-4f735466cecf":"f.A346BA6B978C9328C0C2B851E75B8348.d.336215F6CFFA1F7E0D61A62F39A7745F.e.2124","ELEMENT":"f.A346BA6B978C9328C0C2B851E75B8348.d.336215F6CFFA1F7E0D61A62F39A7745F.e.2124"}]}
COMMAND: POST /session/f519eddc2ea26d61ca30e526d103b44b/element - {"using":"xpath","value":"//div[contains(@id, \"YARDYARD-valueHelpDialog-table-rowsel1\")]"}
COMMAND: GET /session/f519eddc2ea26d61ca30e526d103b44b/screenshot - {}
RESULT: {"using":"xpath","value":"//div[contains(@id, \"YARDYARD-valueHelpDialog-table-rowsel1\")]"}
COMMAND: POST /session/f519eddc2ea26d61ca30e526d103b44b/element/f.A346BA6B978C9328C0C2B851E75B8348.d.336215F6CFFA1F7E0D61A62F39A7745F.e.2125/click - {}
RESULT: {}
RESULT: {}
COMMAND: GET /session/f519eddc2ea26d61ca30e526d103b44b/screenshot - {}
RESULT: {}
COMMAND: POST /session/f519eddc2ea26d61ca30e526d103b44b/element - {"using":"xpath","value":"(//bdi[contains(text(), \"OK\")])[2]"}
RESULT: {"using":"xpath","value":"(//bdi[contains(text(), \"OK\")])[2]"}
COMMAND: POST /session/f519eddc2ea26d61ca30e526d103b44b/element/f.A346BA6B978C9328C0C2B851E75B8348.d.336215F6CFFA1F7E0D61A62F39A7745F.e.2127/click - {}
RESULT: {}
COMMAND: GET /session/f519eddc2ea26d61ca30e526d103b44b/screenshot - {}
RESULT: {}
COMMAND: POST /session/f519eddc2ea26d61ca30e526d103b44b/element - {"using":"xpath","value":"//bdi[contains(text(), \"OK\")]"}
RESULT: {"using":"xpath","value":"//bdi[contains(text(), \"OK\")]"}
COMMAND: POST /session/f519eddc2ea26d61ca30e526d103b44b/element/f.A346BA6B978C9328C0C2B851E75B8348.d.336215F6CFFA1F7E0D61A62F39A7745F.e.2130/click - {}
RESULT: {}
COMMAND: GET /session/f519eddc2ea26d61ca30e526d103b44b/screenshot - {}
RESULT: {}
COMMAND: POST /session/f519eddc2ea26d61ca30e526d103b44b/element - {"using":"xpath","value":"//table[contains(@id, \"customPartnersTable\")]//tbody/tr[1]/td[3]/span"}
RESULT: {"using":"xpath","value":"//table[contains(@id, \"customPartnersTable\")]//tbody/tr[1]/td[3]/span"}
COMMAND: POST /session/f519eddc2ea26d61ca30e526d103b44b/execute/sync - {"script":"<script> [56 bytes]","args":[{"element-6066-11e4-a52e-4f735466cecf":"f.A346BA6B978C9328C0C2B851E75B8348.d.336215F6CFFA1F7E0D61A62F39A7745F.e.2093","ELEMENT":"f.A346BA6B978C9328C0C2B851E75B8348.d.336215F6CFFA1F7E0D61A62F39A7745F.e.2093"}]}
RESULT: {"script":"<script> [56 bytes]","args":[{"element-6066-11e4-a52e-4f735466cecf":"f.A346BA6B978C9328C0C2B851E75B8348.d.336215F6CFFA1F7E0D61A62F39A7745F.e.2093","ELEMENT":"f.A346BA6B978C9328C0C2B851E75B8348.d.336215F6CFFA1F7E0D61A62F39A7745F.e.2093"}]}
COMMAND: POST /session/f519eddc2ea26d61ca30e526d103b44b/element - {"using":"css selector","value":"#shell-header-logo"}
COMMAND: GET /session/f519eddc2ea26d61ca30e526d103b44b/screenshot - {}
RESULT: {"using":"css selector","value":"#shell-header-logo"}
COMMAND: POST /session/f519eddc2ea26d61ca30e526d103b44b/element/f.A346BA6B978C9328C0C2B851E75B8348.d.336215F6CFFA1F7E0D61A62F39A7745F.e.1713/click - {}
RESULT: {}
RESULT: {}
COMMAND: GET /session/f519eddc2ea26d61ca30e526d103b44b/screenshot - {}
RESULT: {}
]]></system-out>
    </testcase>
    <testcase classname="chrome.135_0_7049_96.windows.Partner_specific_tests_US150819_US151080_US151654_US151176_US103444_US151078_US151079_US151109_US151174_US151175_US151189" name="Should deactivate the created partner in earlier step US151654" time="60">
      <system-out><![CDATA[
COMMAND: POST /session/f519eddc2ea26d61ca30e526d103b44b/element - {"using":"xpath","value":"//li[.//span[text()=\"Manage Partners\"]]"}
RESULT: {"using":"xpath","value":"//li[.//span[text()=\"Manage Partners\"]]"}
COMMAND: POST /session/f519eddc2ea26d61ca30e526d103b44b/element - {"using":"xpath","value":"//li[.//span[text()=\"Manage Partners\"]]"}
RESULT: {"using":"xpath","value":"//li[.//span[text()=\"Manage Partners\"]]"}
COMMAND: POST /session/f519eddc2ea26d61ca30e526d103b44b/element - {"using":"css selector","value":"#shell-header-logo"}
RESULT: {"using":"css selector","value":"#shell-header-logo"}
COMMAND: POST /session/f519eddc2ea26d61ca30e526d103b44b/element/f.A346BA6B978C9328C0C2B851E75B8348.d.336215F6CFFA1F7E0D61A62F39A7745F.e.2183/click - {}
COMMAND: POST /session/f519eddc2ea26d61ca30e526d103b44b/execute/sync - {"script":"<script> [8489 bytes]","args":[{"element-6066-11e4-a52e-4f735466cecf":"f.A346BA6B978C9328C0C2B851E75B8348.d.336215F6CFFA1F7E0D61A62F39A7745F.e.2183","ELEMENT":"f.A346BA6B978C9328C0C2B851E75B8348.d.336215F6CFFA1F7E0D61A62F39A7745F.e.2183"}]}
RESULT: {}
COMMAND: GET /session/f519eddc2ea26d61ca30e526d103b44b/screenshot - {}
RESULT: {"script":"<script> [8489 bytes]","args":[{"element-6066-11e4-a52e-4f735466cecf":"f.A346BA6B978C9328C0C2B851E75B8348.d.336215F6CFFA1F7E0D61A62F39A7745F.e.2183","ELEMENT":"f.A346BA6B978C9328C0C2B851E75B8348.d.336215F6CFFA1F7E0D61A62F39A7745F.e.2183"}]}
COMMAND: POST /session/f519eddc2ea26d61ca30e526d103b44b/execute/sync - {"script":"<script> [5351 bytes]","args":[{"element-6066-11e4-a52e-4f735466cecf":"f.A346BA6B978C9328C0C2B851E75B8348.d.336215F6CFFA1F7E0D61A62F39A7745F.e.2183","ELEMENT":"f.A346BA6B978C9328C0C2B851E75B8348.d.336215F6CFFA1F7E0D61A62F39A7745F.e.2183"}]}
COMMAND: GET /session/f519eddc2ea26d61ca30e526d103b44b/screenshot - {}
RESULT: {}
RESULT: {"script":"<script> [5351 bytes]","args":[{"element-6066-11e4-a52e-4f735466cecf":"f.A346BA6B978C9328C0C2B851E75B8348.d.336215F6CFFA1F7E0D61A62F39A7745F.e.2183","ELEMENT":"f.A346BA6B978C9328C0C2B851E75B8348.d.336215F6CFFA1F7E0D61A62F39A7745F.e.2183"}]}
COMMAND: GET /session/f519eddc2ea26d61ca30e526d103b44b/screenshot - {}
RESULT: {}
RESULT: {}
RESULT: undefined
COMMAND: POST /session/f519eddc2ea26d61ca30e526d103b44b/element - {"using":"xpath","value":"//*[@id=\"__tile38\"]"}
RESULT: {"using":"xpath","value":"//*[@id=\"__tile38\"]"}
COMMAND: POST /session/f519eddc2ea26d61ca30e526d103b44b/element/f.A346BA6B978C9328C0C2B851E75B8348.d.336215F6CFFA1F7E0D61A62F39A7745F.e.153/click - {}
RESULT: {}
COMMAND: POST /session/f519eddc2ea26d61ca30e526d103b44b/element - {"using":"xpath","value":"//button[@data-kt=\"addButton\"]"}
COMMAND: GET /session/f519eddc2ea26d61ca30e526d103b44b/screenshot - {}
RESULT: {"using":"xpath","value":"//button[@data-kt=\"addButton\"]"}
COMMAND: POST /session/f519eddc2ea26d61ca30e526d103b44b/elements - {"using":"xpath","value":"//button[@data-kt=\"addButton\"]"}
RESULT: {}
RESULT: {"using":"xpath","value":"//button[@data-kt=\"addButton\"]"}
COMMAND: POST /session/f519eddc2ea26d61ca30e526d103b44b/elements - {"using":"xpath","value":"//button[@data-kt=\"addButton\"]"}
RESULT: {"using":"xpath","value":"//button[@data-kt=\"addButton\"]"}
COMMAND: POST /session/f519eddc2ea26d61ca30e526d103b44b/elements - {"using":"xpath","value":"//button[@data-kt=\"addButton\"]"}
RESULT: {"using":"xpath","value":"//button[@data-kt=\"addButton\"]"}
COMMAND: POST /session/f519eddc2ea26d61ca30e526d103b44b/elements - {"using":"xpath","value":"//button[@data-kt=\"addButton\"]"}
RESULT: {"using":"xpath","value":"//button[@data-kt=\"addButton\"]"}
COMMAND: POST /session/f519eddc2ea26d61ca30e526d103b44b/elements - {"using":"xpath","value":"//button[@data-kt=\"addButton\"]"}
RESULT: {"using":"xpath","value":"//button[@data-kt=\"addButton\"]"}
COMMAND: POST /session/f519eddc2ea26d61ca30e526d103b44b/element - {"using":"xpath","value":"//button[@data-kt=\"addButton\"]"}
RESULT: {"using":"xpath","value":"//button[@data-kt=\"addButton\"]"}
COMMAND: POST /session/f519eddc2ea26d61ca30e526d103b44b/execute/sync - {"script":"<script> [8489 bytes]","args":[{"element-6066-11e4-a52e-4f735466cecf":"f.A346BA6B978C9328C0C2B851E75B8348.d.336215F6CFFA1F7E0D61A62F39A7745F.e.2218","ELEMENT":"f.A346BA6B978C9328C0C2B851E75B8348.d.336215F6CFFA1F7E0D61A62F39A7745F.e.2218"}]}
RESULT: {"script":"<script> [8489 bytes]","args":[{"element-6066-11e4-a52e-4f735466cecf":"f.A346BA6B978C9328C0C2B851E75B8348.d.336215F6CFFA1F7E0D61A62F39A7745F.e.2218","ELEMENT":"f.A346BA6B978C9328C0C2B851E75B8348.d.336215F6CFFA1F7E0D61A62F39A7745F.e.2218"}]}
COMMAND: GET /session/f519eddc2ea26d61ca30e526d103b44b/element/f.A346BA6B978C9328C0C2B851E75B8348.d.336215F6CFFA1F7E0D61A62F39A7745F.e.2218/enabled - {}
COMMAND: GET /session/f519eddc2ea26d61ca30e526d103b44b/screenshot - {}
RESULT: {}
COMMAND: POST /session/f519eddc2ea26d61ca30e526d103b44b/execute/sync - {"script":"<script> [8489 bytes]","args":[{"element-6066-11e4-a52e-4f735466cecf":"f.A346BA6B978C9328C0C2B851E75B8348.d.336215F6CFFA1F7E0D61A62F39A7745F.e.2218","ELEMENT":"f.A346BA6B978C9328C0C2B851E75B8348.d.336215F6CFFA1F7E0D61A62F39A7745F.e.2218"}]}
COMMAND: GET /session/f519eddc2ea26d61ca30e526d103b44b/screenshot - {}
RESULT: {}
RESULT: {"script":"<script> [8489 bytes]","args":[{"element-6066-11e4-a52e-4f735466cecf":"f.A346BA6B978C9328C0C2B851E75B8348.d.336215F6CFFA1F7E0D61A62F39A7745F.e.2218","ELEMENT":"f.A346BA6B978C9328C0C2B851E75B8348.d.336215F6CFFA1F7E0D61A62F39A7745F.e.2218"}]}
COMMAND: POST /session/f519eddc2ea26d61ca30e526d103b44b/execute/sync - {"script":"<script> [5351 bytes]","args":[{"element-6066-11e4-a52e-4f735466cecf":"f.A346BA6B978C9328C0C2B851E75B8348.d.336215F6CFFA1F7E0D61A62F39A7745F.e.2218","ELEMENT":"f.A346BA6B978C9328C0C2B851E75B8348.d.336215F6CFFA1F7E0D61A62F39A7745F.e.2218"}]}
COMMAND: GET /session/f519eddc2ea26d61ca30e526d103b44b/screenshot - {}
RESULT: {}
RESULT: {"script":"<script> [5351 bytes]","args":[{"element-6066-11e4-a52e-4f735466cecf":"f.A346BA6B978C9328C0C2B851E75B8348.d.336215F6CFFA1F7E0D61A62F39A7745F.e.2218","ELEMENT":"f.A346BA6B978C9328C0C2B851E75B8348.d.336215F6CFFA1F7E0D61A62F39A7745F.e.2218"}]}
COMMAND: GET /session/f519eddc2ea26d61ca30e526d103b44b/screenshot - {}
RESULT: {}
RESULT: {}
COMMAND: POST /session/f519eddc2ea26d61ca30e526d103b44b/execute/async - {"script":"<script> [1562 bytes]","args":[{"selector":{"id":"application-managepartners-display-component---masterPtm--smartFilterBar-btnBasicSearch","interaction":{"idSuffix":"I"}},"wdio_ui5_key":"applicationmanagepartners-display-component---masterPtm--smartFilterBar-btnBasicSearch"}]}
RESULT: {"script":"<script> [1562 bytes]","args":[{"selector":{"id":"application-managepartners-display-component---masterPtm--smartFilterBar-btnBasicSearch","interaction":{"idSuffix":"I"}},"wdio_ui5_key":"applicationmanagepartners-display-component---masterPtm--smartFilterBar-btnBasicSearch"}]}
RESULT: undefined
COMMAND: POST /session/f519eddc2ea26d61ca30e526d103b44b/execute/async - {"script":"<script> [776 bytes]","args":[{"enterText":"1170","selector":{"id":"application-managepartners-display-component---masterPtm--smartFilterBar-btnBasicSearch","interaction":{"idSuffix":"I"}},"clearTextFirst":true,"interactionType":"ENTER_TEXT"}]}
RESULT: {"script":"<script> [776 bytes]","args":[{"enterText":"1170","selector":{"id":"application-managepartners-display-component---masterPtm--smartFilterBar-btnBasicSearch","interaction":{"idSuffix":"I"}},"clearTextFirst":true,"interactionType":"ENTER_TEXT"}]}
COMMAND: POST /session/f519eddc2ea26d61ca30e526d103b44b/actions - {"actions":[{"id":"action4","type":"key","parameters":{},"actions":[{"type":"keyDown","value":"î€‡"},{"type":"pause","duration":10},{"type":"keyUp","value":"î€‡"}]}]}
RESULT: {"actions":[{"id":"action4","type":"key","parameters":{},"actions":[{"type":"keyDown","value":"î€‡"},{"type":"pause","duration":10},{"type":"keyUp","value":"î€‡"}]}]}
COMMAND: GET /session/f519eddc2ea26d61ca30e526d103b44b/screenshot - {}
RESULT: {}
COMMAND: POST /session/f519eddc2ea26d61ca30e526d103b44b/elements - {"using":"xpath","value":"//table[contains(@id, \"customPartnersTable-listUl\")]/tbody/tr"}
RESULT: {"using":"xpath","value":"//table[contains(@id, \"customPartnersTable-listUl\")]/tbody/tr"}
COMMAND: POST /session/f519eddc2ea26d61ca30e526d103b44b/element - {"using":"xpath","value":"//table[contains(@id, \"customPartnersTable-listUl\")]/tbody/tr[1]/td[3]/span"}
RESULT: {"using":"xpath","value":"//table[contains(@id, \"customPartnersTable-listUl\")]/tbody/tr[1]/td[3]/span"}
COMMAND: POST /session/f519eddc2ea26d61ca30e526d103b44b/elements - {"using":"xpath","value":"//table[contains(@id, \"customPartnersTable-listUl\")]/tbody/tr[1]/td[3]/span"}
RESULT: {"using":"xpath","value":"//table[contains(@id, \"customPartnersTable-listUl\")]/tbody/tr[1]/td[3]/span"}
COMMAND: POST /session/f519eddc2ea26d61ca30e526d103b44b/execute/sync - {"script":"<script> [56 bytes]","args":[{"element-6066-11e4-a52e-4f735466cecf":"f.A346BA6B978C9328C0C2B851E75B8348.d.336215F6CFFA1F7E0D61A62F39A7745F.e.2363","ELEMENT":"f.A346BA6B978C9328C0C2B851E75B8348.d.336215F6CFFA1F7E0D61A62F39A7745F.e.2363"}]}
RESULT: {"script":"<script> [56 bytes]","args":[{"element-6066-11e4-a52e-4f735466cecf":"f.A346BA6B978C9328C0C2B851E75B8348.d.336215F6CFFA1F7E0D61A62F39A7745F.e.2363","ELEMENT":"f.A346BA6B978C9328C0C2B851E75B8348.d.336215F6CFFA1F7E0D61A62F39A7745F.e.2363"}]}
COMMAND: POST /session/f519eddc2ea26d61ca30e526d103b44b/element - {"using":"xpath","value":"//table[contains(@id, \"customPartnersTable-listUl\")]/tbody/tr[1]/td[7]/div/span"}
COMMAND: GET /session/f519eddc2ea26d61ca30e526d103b44b/screenshot - {}
RESULT: {"using":"xpath","value":"//table[contains(@id, \"customPartnersTable-listUl\")]/tbody/tr[1]/td[7]/div/span"}
COMMAND: POST /session/f519eddc2ea26d61ca30e526d103b44b/execute/sync - {"script":"<script> [56 bytes]","args":[{"element-6066-11e4-a52e-4f735466cecf":"f.A346BA6B978C9328C0C2B851E75B8348.d.336215F6CFFA1F7E0D61A62F39A7745F.e.2364","ELEMENT":"f.A346BA6B978C9328C0C2B851E75B8348.d.336215F6CFFA1F7E0D61A62F39A7745F.e.2364"}]}
RESULT: {}
RESULT: {"script":"<script> [56 bytes]","args":[{"element-6066-11e4-a52e-4f735466cecf":"f.A346BA6B978C9328C0C2B851E75B8348.d.336215F6CFFA1F7E0D61A62F39A7745F.e.2364","ELEMENT":"f.A346BA6B978C9328C0C2B851E75B8348.d.336215F6CFFA1F7E0D61A62F39A7745F.e.2364"}]}
COMMAND: POST /session/f519eddc2ea26d61ca30e526d103b44b/element - {"using":"xpath","value":"//table[contains(@id, \"customPartnersTable-listUl\")]/tbody/tr[1]/td[2]/div/div"}
COMMAND: GET /session/f519eddc2ea26d61ca30e526d103b44b/screenshot - {}
RESULT: {"using":"xpath","value":"//table[contains(@id, \"customPartnersTable-listUl\")]/tbody/tr[1]/td[2]/div/div"}
COMMAND: POST /session/f519eddc2ea26d61ca30e526d103b44b/element/f.A346BA6B978C9328C0C2B851E75B8348.d.336215F6CFFA1F7E0D61A62F39A7745F.e.2365/click - {}
RESULT: {}
RESULT: {}
COMMAND: GET /session/f519eddc2ea26d61ca30e526d103b44b/screenshot - {}
RESULT: {}
COMMAND: POST /session/f519eddc2ea26d61ca30e526d103b44b/element - {"using":"xpath","value":"//bdi[contains(text(), \"Deactivate\")]"}
RESULT: {"using":"xpath","value":"//bdi[contains(text(), \"Deactivate\")]"}
COMMAND: POST /session/f519eddc2ea26d61ca30e526d103b44b/element/f.A346BA6B978C9328C0C2B851E75B8348.d.336215F6CFFA1F7E0D61A62F39A7745F.e.2366/click - {}
RESULT: {}
COMMAND: GET /session/f519eddc2ea26d61ca30e526d103b44b/screenshot - {}
RESULT: {}
COMMAND: POST /session/f519eddc2ea26d61ca30e526d103b44b/element - {"using":"xpath","value":"//bdi[contains(text(), \"Yes\")]"}
RESULT: {"using":"xpath","value":"//bdi[contains(text(), \"Yes\")]"}
COMMAND: POST /session/f519eddc2ea26d61ca30e526d103b44b/element/f.A346BA6B978C9328C0C2B851E75B8348.d.336215F6CFFA1F7E0D61A62F39A7745F.e.2368/click - {}
RESULT: {}
COMMAND: GET /session/f519eddc2ea26d61ca30e526d103b44b/screenshot - {}
RESULT: {}
COMMAND: POST /session/f519eddc2ea26d61ca30e526d103b44b/element - {"using":"xpath","value":"//table[contains(@id, \"customPartnersTable-listUl\")]/tbody/tr[1]/td[7]/div/span"}
RESULT: {"using":"xpath","value":"//table[contains(@id, \"customPartnersTable-listUl\")]/tbody/tr[1]/td[7]/div/span"}
COMMAND: POST /session/f519eddc2ea26d61ca30e526d103b44b/execute/sync - {"script":"<script> [56 bytes]","args":[{"element-6066-11e4-a52e-4f735466cecf":"f.A346BA6B978C9328C0C2B851E75B8348.d.336215F6CFFA1F7E0D61A62F39A7745F.e.2364","ELEMENT":"f.A346BA6B978C9328C0C2B851E75B8348.d.336215F6CFFA1F7E0D61A62F39A7745F.e.2364"}]}
RESULT: {"script":"<script> [56 bytes]","args":[{"element-6066-11e4-a52e-4f735466cecf":"f.A346BA6B978C9328C0C2B851E75B8348.d.336215F6CFFA1F7E0D61A62F39A7745F.e.2364","ELEMENT":"f.A346BA6B978C9328C0C2B851E75B8348.d.336215F6CFFA1F7E0D61A62F39A7745F.e.2364"}]}
COMMAND: GET /session/f519eddc2ea26d61ca30e526d103b44b/screenshot - {}
RESULT: {}
COMMAND: POST /session/f519eddc2ea26d61ca30e526d103b44b/element - {"using":"css selector","value":"#shell-header-logo"}
RESULT: {"using":"css selector","value":"#shell-header-logo"}
COMMAND: POST /session/f519eddc2ea26d61ca30e526d103b44b/element/f.A346BA6B978C9328C0C2B851E75B8348.d.336215F6CFFA1F7E0D61A62F39A7745F.e.2183/click - {}
RESULT: {}
COMMAND: GET /session/f519eddc2ea26d61ca30e526d103b44b/screenshot - {}
RESULT: {}
]]></system-out>
    </testcase>
    <testcase classname="chrome.135_0_7049_96.windows.Partner_specific_tests_US150819_US151080_US151654_US151176_US103444_US151078_US151079_US151109_US151174_US151175_US151189" name="Should activate the created partner again US151176" time="54.112">
      <system-out><![CDATA[
COMMAND: POST /session/f519eddc2ea26d61ca30e526d103b44b/element - {"using":"xpath","value":"//li[.//span[text()=\"Manage Partners\"]]"}
RESULT: {"using":"xpath","value":"//li[.//span[text()=\"Manage Partners\"]]"}
COMMAND: POST /session/f519eddc2ea26d61ca30e526d103b44b/element - {"using":"xpath","value":"//li[.//span[text()=\"Manage Partners\"]]"}
RESULT: {"using":"xpath","value":"//li[.//span[text()=\"Manage Partners\"]]"}
COMMAND: POST /session/f519eddc2ea26d61ca30e526d103b44b/element - {"using":"css selector","value":"#shell-header-logo"}
RESULT: {"using":"css selector","value":"#shell-header-logo"}
COMMAND: POST /session/f519eddc2ea26d61ca30e526d103b44b/element/f.A346BA6B978C9328C0C2B851E75B8348.d.336215F6CFFA1F7E0D61A62F39A7745F.e.2372/click - {}
COMMAND: POST /session/f519eddc2ea26d61ca30e526d103b44b/execute/sync - {"script":"<script> [8489 bytes]","args":[{"element-6066-11e4-a52e-4f735466cecf":"f.A346BA6B978C9328C0C2B851E75B8348.d.336215F6CFFA1F7E0D61A62F39A7745F.e.2372","ELEMENT":"f.A346BA6B978C9328C0C2B851E75B8348.d.336215F6CFFA1F7E0D61A62F39A7745F.e.2372"}]}
RESULT: {"script":"<script> [8489 bytes]","args":[{"element-6066-11e4-a52e-4f735466cecf":"f.A346BA6B978C9328C0C2B851E75B8348.d.336215F6CFFA1F7E0D61A62F39A7745F.e.2372","ELEMENT":"f.A346BA6B978C9328C0C2B851E75B8348.d.336215F6CFFA1F7E0D61A62F39A7745F.e.2372"}]}
COMMAND: POST /session/f519eddc2ea26d61ca30e526d103b44b/execute/sync - {"script":"<script> [5351 bytes]","args":[{"element-6066-11e4-a52e-4f735466cecf":"f.A346BA6B978C9328C0C2B851E75B8348.d.336215F6CFFA1F7E0D61A62F39A7745F.e.2372","ELEMENT":"f.A346BA6B978C9328C0C2B851E75B8348.d.336215F6CFFA1F7E0D61A62F39A7745F.e.2372"}]}
COMMAND: GET /session/f519eddc2ea26d61ca30e526d103b44b/screenshot - {}
RESULT: {}
COMMAND: GET /session/f519eddc2ea26d61ca30e526d103b44b/screenshot - {}
RESULT: {"script":"<script> [5351 bytes]","args":[{"element-6066-11e4-a52e-4f735466cecf":"f.A346BA6B978C9328C0C2B851E75B8348.d.336215F6CFFA1F7E0D61A62F39A7745F.e.2372","ELEMENT":"f.A346BA6B978C9328C0C2B851E75B8348.d.336215F6CFFA1F7E0D61A62F39A7745F.e.2372"}]}
COMMAND: GET /session/f519eddc2ea26d61ca30e526d103b44b/screenshot - {}
RESULT: {}
RESULT: {}
RESULT: {}
RESULT: undefined
COMMAND: POST /session/f519eddc2ea26d61ca30e526d103b44b/element - {"using":"xpath","value":"//*[@id=\"__tile38\"]"}
RESULT: {"using":"xpath","value":"//*[@id=\"__tile38\"]"}
COMMAND: POST /session/f519eddc2ea26d61ca30e526d103b44b/element/f.A346BA6B978C9328C0C2B851E75B8348.d.336215F6CFFA1F7E0D61A62F39A7745F.e.153/click - {}
RESULT: {}
COMMAND: POST /session/f519eddc2ea26d61ca30e526d103b44b/element - {"using":"xpath","value":"//button[@data-kt=\"addButton\"]"}
COMMAND: GET /session/f519eddc2ea26d61ca30e526d103b44b/screenshot - {}
RESULT: {"using":"xpath","value":"//button[@data-kt=\"addButton\"]"}
COMMAND: POST /session/f519eddc2ea26d61ca30e526d103b44b/elements - {"using":"xpath","value":"//button[@data-kt=\"addButton\"]"}
RESULT: {}
RESULT: {"using":"xpath","value":"//button[@data-kt=\"addButton\"]"}
COMMAND: POST /session/f519eddc2ea26d61ca30e526d103b44b/elements - {"using":"xpath","value":"//button[@data-kt=\"addButton\"]"}
RESULT: {"using":"xpath","value":"//button[@data-kt=\"addButton\"]"}
COMMAND: POST /session/f519eddc2ea26d61ca30e526d103b44b/elements - {"using":"xpath","value":"//button[@data-kt=\"addButton\"]"}
RESULT: {"using":"xpath","value":"//button[@data-kt=\"addButton\"]"}
COMMAND: POST /session/f519eddc2ea26d61ca30e526d103b44b/elements - {"using":"xpath","value":"//button[@data-kt=\"addButton\"]"}
RESULT: {"using":"xpath","value":"//button[@data-kt=\"addButton\"]"}
COMMAND: POST /session/f519eddc2ea26d61ca30e526d103b44b/elements - {"using":"xpath","value":"//button[@data-kt=\"addButton\"]"}
RESULT: {"using":"xpath","value":"//button[@data-kt=\"addButton\"]"}
COMMAND: POST /session/f519eddc2ea26d61ca30e526d103b44b/elements - {"using":"xpath","value":"//button[@data-kt=\"addButton\"]"}
RESULT: {"using":"xpath","value":"//button[@data-kt=\"addButton\"]"}
COMMAND: POST /session/f519eddc2ea26d61ca30e526d103b44b/elements - {"using":"xpath","value":"//button[@data-kt=\"addButton\"]"}
RESULT: {"using":"xpath","value":"//button[@data-kt=\"addButton\"]"}
COMMAND: POST /session/f519eddc2ea26d61ca30e526d103b44b/elements - {"using":"xpath","value":"//button[@data-kt=\"addButton\"]"}
RESULT: {"using":"xpath","value":"//button[@data-kt=\"addButton\"]"}
COMMAND: POST /session/f519eddc2ea26d61ca30e526d103b44b/elements - {"using":"xpath","value":"//button[@data-kt=\"addButton\"]"}
RESULT: {"using":"xpath","value":"//button[@data-kt=\"addButton\"]"}
COMMAND: POST /session/f519eddc2ea26d61ca30e526d103b44b/elements - {"using":"xpath","value":"//button[@data-kt=\"addButton\"]"}
RESULT: {"using":"xpath","value":"//button[@data-kt=\"addButton\"]"}
COMMAND: POST /session/f519eddc2ea26d61ca30e526d103b44b/elements - {"using":"xpath","value":"//button[@data-kt=\"addButton\"]"}
RESULT: {"using":"xpath","value":"//button[@data-kt=\"addButton\"]"}
COMMAND: POST /session/f519eddc2ea26d61ca30e526d103b44b/elements - {"using":"xpath","value":"//button[@data-kt=\"addButton\"]"}
RESULT: {"using":"xpath","value":"//button[@data-kt=\"addButton\"]"}
COMMAND: POST /session/f519eddc2ea26d61ca30e526d103b44b/elements - {"using":"xpath","value":"//button[@data-kt=\"addButton\"]"}
RESULT: {"using":"xpath","value":"//button[@data-kt=\"addButton\"]"}
COMMAND: POST /session/f519eddc2ea26d61ca30e526d103b44b/elements - {"using":"xpath","value":"//button[@data-kt=\"addButton\"]"}
RESULT: {"using":"xpath","value":"//button[@data-kt=\"addButton\"]"}
COMMAND: POST /session/f519eddc2ea26d61ca30e526d103b44b/elements - {"using":"xpath","value":"//button[@data-kt=\"addButton\"]"}
RESULT: {"using":"xpath","value":"//button[@data-kt=\"addButton\"]"}
COMMAND: POST /session/f519eddc2ea26d61ca30e526d103b44b/elements - {"using":"xpath","value":"//button[@data-kt=\"addButton\"]"}
RESULT: {"using":"xpath","value":"//button[@data-kt=\"addButton\"]"}
COMMAND: POST /session/f519eddc2ea26d61ca30e526d103b44b/elements - {"using":"xpath","value":"//button[@data-kt=\"addButton\"]"}
RESULT: {"using":"xpath","value":"//button[@data-kt=\"addButton\"]"}
COMMAND: POST /session/f519eddc2ea26d61ca30e526d103b44b/elements - {"using":"xpath","value":"//button[@data-kt=\"addButton\"]"}
RESULT: {"using":"xpath","value":"//button[@data-kt=\"addButton\"]"}
COMMAND: POST /session/f519eddc2ea26d61ca30e526d103b44b/elements - {"using":"xpath","value":"//button[@data-kt=\"addButton\"]"}
RESULT: {"using":"xpath","value":"//button[@data-kt=\"addButton\"]"}
COMMAND: POST /session/f519eddc2ea26d61ca30e526d103b44b/elements - {"using":"xpath","value":"//button[@data-kt=\"addButton\"]"}
RESULT: {"using":"xpath","value":"//button[@data-kt=\"addButton\"]"}
COMMAND: POST /session/f519eddc2ea26d61ca30e526d103b44b/elements - {"using":"xpath","value":"//button[@data-kt=\"addButton\"]"}
RESULT: {"using":"xpath","value":"//button[@data-kt=\"addButton\"]"}
COMMAND: POST /session/f519eddc2ea26d61ca30e526d103b44b/element - {"using":"xpath","value":"//button[@data-kt=\"addButton\"]"}
RESULT: {"using":"xpath","value":"//button[@data-kt=\"addButton\"]"}
COMMAND: POST /session/f519eddc2ea26d61ca30e526d103b44b/execute/sync - {"script":"<script> [8489 bytes]","args":[{"element-6066-11e4-a52e-4f735466cecf":"f.A346BA6B978C9328C0C2B851E75B8348.d.336215F6CFFA1F7E0D61A62F39A7745F.e.2417","ELEMENT":"f.A346BA6B978C9328C0C2B851E75B8348.d.336215F6CFFA1F7E0D61A62F39A7745F.e.2417"}]}
RESULT: {"script":"<script> [8489 bytes]","args":[{"element-6066-11e4-a52e-4f735466cecf":"f.A346BA6B978C9328C0C2B851E75B8348.d.336215F6CFFA1F7E0D61A62F39A7745F.e.2417","ELEMENT":"f.A346BA6B978C9328C0C2B851E75B8348.d.336215F6CFFA1F7E0D61A62F39A7745F.e.2417"}]}
COMMAND: GET /session/f519eddc2ea26d61ca30e526d103b44b/element/f.A346BA6B978C9328C0C2B851E75B8348.d.336215F6CFFA1F7E0D61A62F39A7745F.e.2417/enabled - {}
COMMAND: GET /session/f519eddc2ea26d61ca30e526d103b44b/screenshot - {}
RESULT: {}
COMMAND: POST /session/f519eddc2ea26d61ca30e526d103b44b/execute/sync - {"script":"<script> [8489 bytes]","args":[{"element-6066-11e4-a52e-4f735466cecf":"f.A346BA6B978C9328C0C2B851E75B8348.d.336215F6CFFA1F7E0D61A62F39A7745F.e.2417","ELEMENT":"f.A346BA6B978C9328C0C2B851E75B8348.d.336215F6CFFA1F7E0D61A62F39A7745F.e.2417"}]}
COMMAND: GET /session/f519eddc2ea26d61ca30e526d103b44b/screenshot - {}
RESULT: {}
RESULT: {"script":"<script> [8489 bytes]","args":[{"element-6066-11e4-a52e-4f735466cecf":"f.A346BA6B978C9328C0C2B851E75B8348.d.336215F6CFFA1F7E0D61A62F39A7745F.e.2417","ELEMENT":"f.A346BA6B978C9328C0C2B851E75B8348.d.336215F6CFFA1F7E0D61A62F39A7745F.e.2417"}]}
COMMAND: POST /session/f519eddc2ea26d61ca30e526d103b44b/execute/sync - {"script":"<script> [5351 bytes]","args":[{"element-6066-11e4-a52e-4f735466cecf":"f.A346BA6B978C9328C0C2B851E75B8348.d.336215F6CFFA1F7E0D61A62F39A7745F.e.2417","ELEMENT":"f.A346BA6B978C9328C0C2B851E75B8348.d.336215F6CFFA1F7E0D61A62F39A7745F.e.2417"}]}
COMMAND: GET /session/f519eddc2ea26d61ca30e526d103b44b/screenshot - {}
RESULT: {}
RESULT: {"script":"<script> [5351 bytes]","args":[{"element-6066-11e4-a52e-4f735466cecf":"f.A346BA6B978C9328C0C2B851E75B8348.d.336215F6CFFA1F7E0D61A62F39A7745F.e.2417","ELEMENT":"f.A346BA6B978C9328C0C2B851E75B8348.d.336215F6CFFA1F7E0D61A62F39A7745F.e.2417"}]}
COMMAND: GET /session/f519eddc2ea26d61ca30e526d103b44b/screenshot - {}
RESULT: {}
RESULT: {}
RESULT: undefined
COMMAND: POST /session/f519eddc2ea26d61ca30e526d103b44b/execute/async - {"script":"<script> [776 bytes]","args":[{"enterText":"1170","selector":{"id":"application-managepartners-display-component---masterPtm--smartFilterBar-btnBasicSearch","interaction":{"idSuffix":"I"}},"clearTextFirst":true,"interactionType":"ENTER_TEXT"}]}
RESULT: {"script":"<script> [776 bytes]","args":[{"enterText":"1170","selector":{"id":"application-managepartners-display-component---masterPtm--smartFilterBar-btnBasicSearch","interaction":{"idSuffix":"I"}},"clearTextFirst":true,"interactionType":"ENTER_TEXT"}]}
COMMAND: POST /session/f519eddc2ea26d61ca30e526d103b44b/actions - {"actions":[{"id":"action5","type":"key","parameters":{},"actions":[{"type":"keyDown","value":"î€‡"},{"type":"pause","duration":10},{"type":"keyUp","value":"î€‡"}]}]}
RESULT: {"actions":[{"id":"action5","type":"key","parameters":{},"actions":[{"type":"keyDown","value":"î€‡"},{"type":"pause","duration":10},{"type":"keyUp","value":"î€‡"}]}]}
COMMAND: GET /session/f519eddc2ea26d61ca30e526d103b44b/screenshot - {}
RESULT: {}
COMMAND: POST /session/f519eddc2ea26d61ca30e526d103b44b/elements - {"using":"xpath","value":"//table[contains(@id, \"customPartnersTable-listUl\")]/tbody/tr"}
RESULT: {"using":"xpath","value":"//table[contains(@id, \"customPartnersTable-listUl\")]/tbody/tr"}
COMMAND: POST /session/f519eddc2ea26d61ca30e526d103b44b/element - {"using":"xpath","value":"//table[contains(@id, \"customPartnersTable-listUl\")]/tbody/tr[1]/td[3]/span"}
RESULT: {"using":"xpath","value":"//table[contains(@id, \"customPartnersTable-listUl\")]/tbody/tr[1]/td[3]/span"}
COMMAND: POST /session/f519eddc2ea26d61ca30e526d103b44b/elements - {"using":"xpath","value":"//table[contains(@id, \"customPartnersTable-listUl\")]/tbody/tr[1]/td[3]/span"}
RESULT: {"using":"xpath","value":"//table[contains(@id, \"customPartnersTable-listUl\")]/tbody/tr[1]/td[3]/span"}
COMMAND: POST /session/f519eddc2ea26d61ca30e526d103b44b/execute/sync - {"script":"<script> [56 bytes]","args":[{"element-6066-11e4-a52e-4f735466cecf":"f.A346BA6B978C9328C0C2B851E75B8348.d.336215F6CFFA1F7E0D61A62F39A7745F.e.2553","ELEMENT":"f.A346BA6B978C9328C0C2B851E75B8348.d.336215F6CFFA1F7E0D61A62F39A7745F.e.2553"}]}
RESULT: {"script":"<script> [56 bytes]","args":[{"element-6066-11e4-a52e-4f735466cecf":"f.A346BA6B978C9328C0C2B851E75B8348.d.336215F6CFFA1F7E0D61A62F39A7745F.e.2553","ELEMENT":"f.A346BA6B978C9328C0C2B851E75B8348.d.336215F6CFFA1F7E0D61A62F39A7745F.e.2553"}]}
COMMAND: POST /session/f519eddc2ea26d61ca30e526d103b44b/element - {"using":"xpath","value":"//table[contains(@id, \"customPartnersTable-listUl\")]/tbody/tr[1]/td[7]/div/span"}
COMMAND: GET /session/f519eddc2ea26d61ca30e526d103b44b/screenshot - {}
RESULT: {"using":"xpath","value":"//table[contains(@id, \"customPartnersTable-listUl\")]/tbody/tr[1]/td[7]/div/span"}
COMMAND: POST /session/f519eddc2ea26d61ca30e526d103b44b/execute/sync - {"script":"<script> [56 bytes]","args":[{"element-6066-11e4-a52e-4f735466cecf":"f.A346BA6B978C9328C0C2B851E75B8348.d.336215F6CFFA1F7E0D61A62F39A7745F.e.2554","ELEMENT":"f.A346BA6B978C9328C0C2B851E75B8348.d.336215F6CFFA1F7E0D61A62F39A7745F.e.2554"}]}
RESULT: {}
RESULT: {"script":"<script> [56 bytes]","args":[{"element-6066-11e4-a52e-4f735466cecf":"f.A346BA6B978C9328C0C2B851E75B8348.d.336215F6CFFA1F7E0D61A62F39A7745F.e.2554","ELEMENT":"f.A346BA6B978C9328C0C2B851E75B8348.d.336215F6CFFA1F7E0D61A62F39A7745F.e.2554"}]}
COMMAND: POST /session/f519eddc2ea26d61ca30e526d103b44b/element - {"using":"xpath","value":"//table[contains(@id, \"customPartnersTable-listUl\")]/tbody/tr[1]/td[2]/div/div"}
COMMAND: GET /session/f519eddc2ea26d61ca30e526d103b44b/screenshot - {}
RESULT: {"using":"xpath","value":"//table[contains(@id, \"customPartnersTable-listUl\")]/tbody/tr[1]/td[2]/div/div"}
COMMAND: POST /session/f519eddc2ea26d61ca30e526d103b44b/element/f.A346BA6B978C9328C0C2B851E75B8348.d.336215F6CFFA1F7E0D61A62F39A7745F.e.2555/click - {}
RESULT: {}
RESULT: {}
COMMAND: GET /session/f519eddc2ea26d61ca30e526d103b44b/screenshot - {}
RESULT: {}
COMMAND: POST /session/f519eddc2ea26d61ca30e526d103b44b/element - {"using":"xpath","value":"//bdi[contains(text(), \"Activate\")]"}
RESULT: {"using":"xpath","value":"//bdi[contains(text(), \"Activate\")]"}
COMMAND: POST /session/f519eddc2ea26d61ca30e526d103b44b/element/f.A346BA6B978C9328C0C2B851E75B8348.d.336215F6CFFA1F7E0D61A62F39A7745F.e.2556/click - {}
RESULT: {}
COMMAND: GET /session/f519eddc2ea26d61ca30e526d103b44b/screenshot - {}
RESULT: {}
COMMAND: POST /session/f519eddc2ea26d61ca30e526d103b44b/element - {"using":"xpath","value":"//bdi[contains(text(), \"Yes\")]"}
RESULT: {"using":"xpath","value":"//bdi[contains(text(), \"Yes\")]"}
COMMAND: POST /session/f519eddc2ea26d61ca30e526d103b44b/element/f.A346BA6B978C9328C0C2B851E75B8348.d.336215F6CFFA1F7E0D61A62F39A7745F.e.2558/click - {}
RESULT: {}
COMMAND: GET /session/f519eddc2ea26d61ca30e526d103b44b/screenshot - {}
RESULT: {}
COMMAND: POST /session/f519eddc2ea26d61ca30e526d103b44b/element - {"using":"xpath","value":"//table[contains(@id, \"customPartnersTable-listUl\")]/tbody/tr[1]/td[7]/div/span"}
RESULT: {"using":"xpath","value":"//table[contains(@id, \"customPartnersTable-listUl\")]/tbody/tr[1]/td[7]/div/span"}
COMMAND: POST /session/f519eddc2ea26d61ca30e526d103b44b/execute/sync - {"script":"<script> [56 bytes]","args":[{"element-6066-11e4-a52e-4f735466cecf":"f.A346BA6B978C9328C0C2B851E75B8348.d.336215F6CFFA1F7E0D61A62F39A7745F.e.2554","ELEMENT":"f.A346BA6B978C9328C0C2B851E75B8348.d.336215F6CFFA1F7E0D61A62F39A7745F.e.2554"}]}
RESULT: {"script":"<script> [56 bytes]","args":[{"element-6066-11e4-a52e-4f735466cecf":"f.A346BA6B978C9328C0C2B851E75B8348.d.336215F6CFFA1F7E0D61A62F39A7745F.e.2554","ELEMENT":"f.A346BA6B978C9328C0C2B851E75B8348.d.336215F6CFFA1F7E0D61A62F39A7745F.e.2554"}]}
COMMAND: GET /session/f519eddc2ea26d61ca30e526d103b44b/screenshot - {}
RESULT: {}
COMMAND: POST /session/f519eddc2ea26d61ca30e526d103b44b/element - {"using":"css selector","value":"#shell-header-logo"}
RESULT: {"using":"css selector","value":"#shell-header-logo"}
COMMAND: POST /session/f519eddc2ea26d61ca30e526d103b44b/element/f.A346BA6B978C9328C0C2B851E75B8348.d.336215F6CFFA1F7E0D61A62F39A7745F.e.2372/click - {}
RESULT: {}
COMMAND: GET /session/f519eddc2ea26d61ca30e526d103b44b/screenshot - {}
RESULT: {}
]]></system-out>
    </testcase>
    <testcase classname="chrome.135_0_7049_96.windows.Partner_specific_tests_US150819_US151080_US151654_US151176_US103444_US151078_US151079_US151109_US151174_US151175_US151189" name="Should edit the created external partner and save it and check its content US103444" time="60.252">
      <system-out><![CDATA[
COMMAND: POST /session/f519eddc2ea26d61ca30e526d103b44b/element - {"using":"xpath","value":"//li[.//span[text()=\"Manage Partners\"]]"}
RESULT: {"using":"xpath","value":"//li[.//span[text()=\"Manage Partners\"]]"}
COMMAND: POST /session/f519eddc2ea26d61ca30e526d103b44b/element - {"using":"xpath","value":"//li[.//span[text()=\"Manage Partners\"]]"}
RESULT: {"using":"xpath","value":"//li[.//span[text()=\"Manage Partners\"]]"}
COMMAND: POST /session/f519eddc2ea26d61ca30e526d103b44b/element - {"using":"css selector","value":"#shell-header-logo"}
RESULT: {"using":"css selector","value":"#shell-header-logo"}
COMMAND: POST /session/f519eddc2ea26d61ca30e526d103b44b/element/f.A346BA6B978C9328C0C2B851E75B8348.d.336215F6CFFA1F7E0D61A62F39A7745F.e.2562/click - {}
COMMAND: POST /session/f519eddc2ea26d61ca30e526d103b44b/execute/sync - {"script":"<script> [8489 bytes]","args":[{"element-6066-11e4-a52e-4f735466cecf":"f.A346BA6B978C9328C0C2B851E75B8348.d.336215F6CFFA1F7E0D61A62F39A7745F.e.2562","ELEMENT":"f.A346BA6B978C9328C0C2B851E75B8348.d.336215F6CFFA1F7E0D61A62F39A7745F.e.2562"}]}
RESULT: {"script":"<script> [8489 bytes]","args":[{"element-6066-11e4-a52e-4f735466cecf":"f.A346BA6B978C9328C0C2B851E75B8348.d.336215F6CFFA1F7E0D61A62F39A7745F.e.2562","ELEMENT":"f.A346BA6B978C9328C0C2B851E75B8348.d.336215F6CFFA1F7E0D61A62F39A7745F.e.2562"}]}
COMMAND: POST /session/f519eddc2ea26d61ca30e526d103b44b/execute/sync - {"script":"<script> [5351 bytes]","args":[{"element-6066-11e4-a52e-4f735466cecf":"f.A346BA6B978C9328C0C2B851E75B8348.d.336215F6CFFA1F7E0D61A62F39A7745F.e.2562","ELEMENT":"f.A346BA6B978C9328C0C2B851E75B8348.d.336215F6CFFA1F7E0D61A62F39A7745F.e.2562"}]}
COMMAND: GET /session/f519eddc2ea26d61ca30e526d103b44b/screenshot - {}
RESULT: {}
COMMAND: GET /session/f519eddc2ea26d61ca30e526d103b44b/screenshot - {}
RESULT: {"script":"<script> [5351 bytes]","args":[{"element-6066-11e4-a52e-4f735466cecf":"f.A346BA6B978C9328C0C2B851E75B8348.d.336215F6CFFA1F7E0D61A62F39A7745F.e.2562","ELEMENT":"f.A346BA6B978C9328C0C2B851E75B8348.d.336215F6CFFA1F7E0D61A62F39A7745F.e.2562"}]}
COMMAND: GET /session/f519eddc2ea26d61ca30e526d103b44b/screenshot - {}
RESULT: {}
RESULT: {}
RESULT: {}
RESULT: undefined
COMMAND: POST /session/f519eddc2ea26d61ca30e526d103b44b/element - {"using":"xpath","value":"//*[@id=\"__tile38\"]"}
RESULT: {"using":"xpath","value":"//*[@id=\"__tile38\"]"}
COMMAND: POST /session/f519eddc2ea26d61ca30e526d103b44b/element/f.A346BA6B978C9328C0C2B851E75B8348.d.336215F6CFFA1F7E0D61A62F39A7745F.e.153/click - {}
RESULT: {}
COMMAND: POST /session/f519eddc2ea26d61ca30e526d103b44b/element - {"using":"xpath","value":"//button[@data-kt=\"addButton\"]"}
COMMAND: GET /session/f519eddc2ea26d61ca30e526d103b44b/screenshot - {}
RESULT: {"using":"xpath","value":"//button[@data-kt=\"addButton\"]"}
COMMAND: POST /session/f519eddc2ea26d61ca30e526d103b44b/elements - {"using":"xpath","value":"//button[@data-kt=\"addButton\"]"}
RESULT: {}
RESULT: {"using":"xpath","value":"//button[@data-kt=\"addButton\"]"}
COMMAND: POST /session/f519eddc2ea26d61ca30e526d103b44b/elements - {"using":"xpath","value":"//button[@data-kt=\"addButton\"]"}
RESULT: {"using":"xpath","value":"//button[@data-kt=\"addButton\"]"}
COMMAND: POST /session/f519eddc2ea26d61ca30e526d103b44b/elements - {"using":"xpath","value":"//button[@data-kt=\"addButton\"]"}
RESULT: {"using":"xpath","value":"//button[@data-kt=\"addButton\"]"}
COMMAND: POST /session/f519eddc2ea26d61ca30e526d103b44b/elements - {"using":"xpath","value":"//button[@data-kt=\"addButton\"]"}
RESULT: {"using":"xpath","value":"//button[@data-kt=\"addButton\"]"}
COMMAND: POST /session/f519eddc2ea26d61ca30e526d103b44b/elements - {"using":"xpath","value":"//button[@data-kt=\"addButton\"]"}
RESULT: {"using":"xpath","value":"//button[@data-kt=\"addButton\"]"}
COMMAND: POST /session/f519eddc2ea26d61ca30e526d103b44b/elements - {"using":"xpath","value":"//button[@data-kt=\"addButton\"]"}
RESULT: {"using":"xpath","value":"//button[@data-kt=\"addButton\"]"}
COMMAND: POST /session/f519eddc2ea26d61ca30e526d103b44b/elements - {"using":"xpath","value":"//button[@data-kt=\"addButton\"]"}
RESULT: {"using":"xpath","value":"//button[@data-kt=\"addButton\"]"}
COMMAND: POST /session/f519eddc2ea26d61ca30e526d103b44b/elements - {"using":"xpath","value":"//button[@data-kt=\"addButton\"]"}
RESULT: {"using":"xpath","value":"//button[@data-kt=\"addButton\"]"}
COMMAND: POST /session/f519eddc2ea26d61ca30e526d103b44b/elements - {"using":"xpath","value":"//button[@data-kt=\"addButton\"]"}
RESULT: {"using":"xpath","value":"//button[@data-kt=\"addButton\"]"}
COMMAND: POST /session/f519eddc2ea26d61ca30e526d103b44b/elements - {"using":"xpath","value":"//button[@data-kt=\"addButton\"]"}
RESULT: {"using":"xpath","value":"//button[@data-kt=\"addButton\"]"}
COMMAND: POST /session/f519eddc2ea26d61ca30e526d103b44b/elements - {"using":"xpath","value":"//button[@data-kt=\"addButton\"]"}
RESULT: {"using":"xpath","value":"//button[@data-kt=\"addButton\"]"}
COMMAND: POST /session/f519eddc2ea26d61ca30e526d103b44b/elements - {"using":"xpath","value":"//button[@data-kt=\"addButton\"]"}
RESULT: {"using":"xpath","value":"//button[@data-kt=\"addButton\"]"}
COMMAND: POST /session/f519eddc2ea26d61ca30e526d103b44b/element - {"using":"xpath","value":"//button[@data-kt=\"addButton\"]"}
RESULT: {"using":"xpath","value":"//button[@data-kt=\"addButton\"]"}
COMMAND: POST /session/f519eddc2ea26d61ca30e526d103b44b/execute/sync - {"script":"<script> [8489 bytes]","args":[{"element-6066-11e4-a52e-4f735466cecf":"f.A346BA6B978C9328C0C2B851E75B8348.d.336215F6CFFA1F7E0D61A62F39A7745F.e.2596","ELEMENT":"f.A346BA6B978C9328C0C2B851E75B8348.d.336215F6CFFA1F7E0D61A62F39A7745F.e.2596"}]}
RESULT: {"script":"<script> [8489 bytes]","args":[{"element-6066-11e4-a52e-4f735466cecf":"f.A346BA6B978C9328C0C2B851E75B8348.d.336215F6CFFA1F7E0D61A62F39A7745F.e.2596","ELEMENT":"f.A346BA6B978C9328C0C2B851E75B8348.d.336215F6CFFA1F7E0D61A62F39A7745F.e.2596"}]}
COMMAND: GET /session/f519eddc2ea26d61ca30e526d103b44b/element/f.A346BA6B978C9328C0C2B851E75B8348.d.336215F6CFFA1F7E0D61A62F39A7745F.e.2596/enabled - {}
COMMAND: GET /session/f519eddc2ea26d61ca30e526d103b44b/screenshot - {}
RESULT: {}
COMMAND: POST /session/f519eddc2ea26d61ca30e526d103b44b/execute/sync - {"script":"<script> [8489 bytes]","args":[{"element-6066-11e4-a52e-4f735466cecf":"f.A346BA6B978C9328C0C2B851E75B8348.d.336215F6CFFA1F7E0D61A62F39A7745F.e.2596","ELEMENT":"f.A346BA6B978C9328C0C2B851E75B8348.d.336215F6CFFA1F7E0D61A62F39A7745F.e.2596"}]}
COMMAND: GET /session/f519eddc2ea26d61ca30e526d103b44b/screenshot - {}
RESULT: {}
RESULT: {"script":"<script> [8489 bytes]","args":[{"element-6066-11e4-a52e-4f735466cecf":"f.A346BA6B978C9328C0C2B851E75B8348.d.336215F6CFFA1F7E0D61A62F39A7745F.e.2596","ELEMENT":"f.A346BA6B978C9328C0C2B851E75B8348.d.336215F6CFFA1F7E0D61A62F39A7745F.e.2596"}]}
COMMAND: POST /session/f519eddc2ea26d61ca30e526d103b44b/execute/sync - {"script":"<script> [5351 bytes]","args":[{"element-6066-11e4-a52e-4f735466cecf":"f.A346BA6B978C9328C0C2B851E75B8348.d.336215F6CFFA1F7E0D61A62F39A7745F.e.2596","ELEMENT":"f.A346BA6B978C9328C0C2B851E75B8348.d.336215F6CFFA1F7E0D61A62F39A7745F.e.2596"}]}
COMMAND: GET /session/f519eddc2ea26d61ca30e526d103b44b/screenshot - {}
RESULT: {}
RESULT: {"script":"<script> [5351 bytes]","args":[{"element-6066-11e4-a52e-4f735466cecf":"f.A346BA6B978C9328C0C2B851E75B8348.d.336215F6CFFA1F7E0D61A62F39A7745F.e.2596","ELEMENT":"f.A346BA6B978C9328C0C2B851E75B8348.d.336215F6CFFA1F7E0D61A62F39A7745F.e.2596"}]}
COMMAND: GET /session/f519eddc2ea26d61ca30e526d103b44b/screenshot - {}
RESULT: {}
RESULT: {}
RESULT: undefined
COMMAND: POST /session/f519eddc2ea26d61ca30e526d103b44b/execute/async - {"script":"<script> [776 bytes]","args":[{"enterText":"1170","selector":{"id":"application-managepartners-display-component---masterPtm--smartFilterBar-btnBasicSearch","interaction":{"idSuffix":"I"}},"clearTextFirst":true,"interactionType":"ENTER_TEXT"}]}
RESULT: {"script":"<script> [776 bytes]","args":[{"enterText":"1170","selector":{"id":"application-managepartners-display-component---masterPtm--smartFilterBar-btnBasicSearch","interaction":{"idSuffix":"I"}},"clearTextFirst":true,"interactionType":"ENTER_TEXT"}]}
COMMAND: POST /session/f519eddc2ea26d61ca30e526d103b44b/actions - {"actions":[{"id":"action6","type":"key","parameters":{},"actions":[{"type":"keyDown","value":"î€‡"},{"type":"pause","duration":10},{"type":"keyUp","value":"î€‡"}]}]}
RESULT: {"actions":[{"id":"action6","type":"key","parameters":{},"actions":[{"type":"keyDown","value":"î€‡"},{"type":"pause","duration":10},{"type":"keyUp","value":"î€‡"}]}]}
COMMAND: GET /session/f519eddc2ea26d61ca30e526d103b44b/screenshot - {}
RESULT: {}
COMMAND: POST /session/f519eddc2ea26d61ca30e526d103b44b/elements - {"using":"xpath","value":"//table[contains(@id, \"customPartnersTable-listUl\")]/tbody/tr"}
RESULT: {"using":"xpath","value":"//table[contains(@id, \"customPartnersTable-listUl\")]/tbody/tr"}
COMMAND: POST /session/f519eddc2ea26d61ca30e526d103b44b/element - {"using":"xpath","value":"//table[contains(@id, \"customPartnersTable-listUl\")]/tbody/tr[1]/td[3]/span"}
RESULT: {"using":"xpath","value":"//table[contains(@id, \"customPartnersTable-listUl\")]/tbody/tr[1]/td[3]/span"}
COMMAND: POST /session/f519eddc2ea26d61ca30e526d103b44b/elements - {"using":"xpath","value":"//table[contains(@id, \"customPartnersTable-listUl\")]/tbody/tr[1]/td[3]/span"}
RESULT: {"using":"xpath","value":"//table[contains(@id, \"customPartnersTable-listUl\")]/tbody/tr[1]/td[3]/span"}
COMMAND: POST /session/f519eddc2ea26d61ca30e526d103b44b/execute/sync - {"script":"<script> [56 bytes]","args":[{"element-6066-11e4-a52e-4f735466cecf":"f.A346BA6B978C9328C0C2B851E75B8348.d.336215F6CFFA1F7E0D61A62F39A7745F.e.2740","ELEMENT":"f.A346BA6B978C9328C0C2B851E75B8348.d.336215F6CFFA1F7E0D61A62F39A7745F.e.2740"}]}
RESULT: {"script":"<script> [56 bytes]","args":[{"element-6066-11e4-a52e-4f735466cecf":"f.A346BA6B978C9328C0C2B851E75B8348.d.336215F6CFFA1F7E0D61A62F39A7745F.e.2740","ELEMENT":"f.A346BA6B978C9328C0C2B851E75B8348.d.336215F6CFFA1F7E0D61A62F39A7745F.e.2740"}]}
COMMAND: POST /session/f519eddc2ea26d61ca30e526d103b44b/element - {"using":"xpath","value":"(//span[contains(@id, \"imgNav\")])[1]"}
COMMAND: GET /session/f519eddc2ea26d61ca30e526d103b44b/screenshot - {}
RESULT: {"using":"xpath","value":"(//span[contains(@id, \"imgNav\")])[1]"}
COMMAND: POST /session/f519eddc2ea26d61ca30e526d103b44b/element/f.A346BA6B978C9328C0C2B851E75B8348.d.336215F6CFFA1F7E0D61A62F39A7745F.e.2738/click - {}
RESULT: {}
RESULT: {}
COMMAND: GET /session/f519eddc2ea26d61ca30e526d103b44b/screenshot - {}
RESULT: {}
COMMAND: POST /session/f519eddc2ea26d61ca30e526d103b44b/element - {"using":"xpath","value":"//bdi[contains(text(), \"Edit\")]"}
RESULT: {"using":"xpath","value":"//bdi[contains(text(), \"Edit\")]"}
COMMAND: POST /session/f519eddc2ea26d61ca30e526d103b44b/element/f.A346BA6B978C9328C0C2B851E75B8348.d.336215F6CFFA1F7E0D61A62F39A7745F.e.2881/click - {}
RESULT: {}
COMMAND: GET /session/f519eddc2ea26d61ca30e526d103b44b/screenshot - {}
RESULT: {}
COMMAND: POST /session/f519eddc2ea26d61ca30e526d103b44b/execute/async - {"script":"<script> [1562 bytes]","args":[{"selector":{"controlType":"sap.m.Input","viewName":"etm.portal.ui.managepartners.view.EditDetail","labelFor":{"text":"Name"},"interaction":{"idSuffix":"inner"}},"wdio_ui5_key":"etmportal.ui.managepartners.view.EditDetailsap.m.Input{\"text\":\"Name\"}"}]}
RESULT: {"script":"<script> [1562 bytes]","args":[{"selector":{"controlType":"sap.m.Input","viewName":"etm.portal.ui.managepartners.view.EditDetail","labelFor":{"text":"Name"},"interaction":{"idSuffix":"inner"}},"wdio_ui5_key":"etmportal.ui.managepartners.view.EditDetailsap.m.Input{\"text\":\"Name\"}"}]}
RESULT: undefined
COMMAND: POST /session/f519eddc2ea26d61ca30e526d103b44b/execute/async - {"script":"<script> [776 bytes]","args":[{"enterText":"External EDIT","selector":{"controlType":"sap.m.Input","viewName":"etm.portal.ui.managepartners.view.EditDetail","labelFor":{"text":"Name"},"interaction":{"idSuffix":"inner"}},"clearTextFirst":true,"interactionType":"ENTER_TEXT"}]}
RESULT: {"script":"<script> [776 bytes]","args":[{"enterText":"External EDIT","selector":{"controlType":"sap.m.Input","viewName":"etm.portal.ui.managepartners.view.EditDetail","labelFor":{"text":"Name"},"interaction":{"idSuffix":"inner"}},"clearTextFirst":true,"interactionType":"ENTER_TEXT"}]}
COMMAND: POST /session/f519eddc2ea26d61ca30e526d103b44b/element - {"using":"xpath","value":"(//span[contains(@id,\"addressDetailDetailsLanguage-arrow\")])[1]"}
RESULT: {"using":"xpath","value":"(//span[contains(@id,\"addressDetailDetailsLanguage-arrow\")])[1]"}
COMMAND: POST /session/f519eddc2ea26d61ca30e526d103b44b/element/f.A346BA6B978C9328C0C2B851E75B8348.d.336215F6CFFA1F7E0D61A62F39A7745F.e.2960/click - {}
RESULT: {}
COMMAND: POST /session/f519eddc2ea26d61ca30e526d103b44b/element - {"using":"xpath","value":"//span[contains(text(), \"Chinese\")]"}
COMMAND: GET /session/f519eddc2ea26d61ca30e526d103b44b/screenshot - {}
RESULT: {"using":"xpath","value":"//span[contains(text(), \"Chinese\")]"}
COMMAND: POST /session/f519eddc2ea26d61ca30e526d103b44b/element/f.A346BA6B978C9328C0C2B851E75B8348.d.336215F6CFFA1F7E0D61A62F39A7745F.e.2961/click - {}
RESULT: {}
RESULT: {}
COMMAND: GET /session/f519eddc2ea26d61ca30e526d103b44b/screenshot - {}
RESULT: {}
COMMAND: POST /session/f519eddc2ea26d61ca30e526d103b44b/execute/async - {"script":"<script> [1562 bytes]","args":[{"selector":{"controlType":"sap.m.Input","viewName":"etm.portal.ui.managepartners.view.EditDetail","labelFor":{"text":"City"},"interaction":{"idSuffix":"inner"}},"wdio_ui5_key":"etmportal.ui.managepartners.view.EditDetailsap.m.Input{\"text\":\"City\"}"}]}
RESULT: {"script":"<script> [1562 bytes]","args":[{"selector":{"controlType":"sap.m.Input","viewName":"etm.portal.ui.managepartners.view.EditDetail","labelFor":{"text":"City"},"interaction":{"idSuffix":"inner"}},"wdio_ui5_key":"etmportal.ui.managepartners.view.EditDetailsap.m.Input{\"text\":\"City\"}"}]}
RESULT: undefined
COMMAND: POST /session/f519eddc2ea26d61ca30e526d103b44b/execute/async - {"script":"<script> [776 bytes]","args":[{"enterText":"Clooj-Napoca","selector":{"controlType":"sap.m.Input","viewName":"etm.portal.ui.managepartners.view.EditDetail","labelFor":{"text":"City"},"interaction":{"idSuffix":"inner"}},"clearTextFirst":true,"interactionType":"ENTER_TEXT"}]}
RESULT: {"script":"<script> [776 bytes]","args":[{"enterText":"Clooj-Napoca","selector":{"controlType":"sap.m.Input","viewName":"etm.portal.ui.managepartners.view.EditDetail","labelFor":{"text":"City"},"interaction":{"idSuffix":"inner"}},"clearTextFirst":true,"interactionType":"ENTER_TEXT"}]}
COMMAND: POST /session/f519eddc2ea26d61ca30e526d103b44b/element - {"using":"xpath","value":"//button[@data-kt=\"saveButton\"]"}
RESULT: {"using":"xpath","value":"//button[@data-kt=\"saveButton\"]"}
COMMAND: POST /session/f519eddc2ea26d61ca30e526d103b44b/element/f.A346BA6B978C9328C0C2B851E75B8348.d.336215F6CFFA1F7E0D61A62F39A7745F.e.2945/click - {}
RESULT: {}
COMMAND: GET /session/f519eddc2ea26d61ca30e526d103b44b/screenshot - {}
RESULT: {}
COMMAND: POST /session/f519eddc2ea26d61ca30e526d103b44b/execute/async - {"script":"<script> [1562 bytes]","args":[{"selector":{"id":"application-managepartners-display-component---detailPtm--addressDetailDetailsName1"},"wdio_ui5_key":"applicationmanagepartners-display-component---detailPtm--addressDetailDetailsName1"}]}
RESULT: {"script":"<script> [1562 bytes]","args":[{"selector":{"id":"application-managepartners-display-component---detailPtm--addressDetailDetailsName1"},"wdio_ui5_key":"applicationmanagepartners-display-component---detailPtm--addressDetailDetailsName1"}]}
RESULT: undefined
COMMAND: POST /session/f519eddc2ea26d61ca30e526d103b44b/execute/async - {"script":"<script> [6424 bytes]","args":[{"element-6066-11e4-a52e-4f735466cecf":"f.A346BA6B978C9328C0C2B851E75B8348.d.336215F6CFFA1F7E0D61A62F39A7745F.e.2992"},"getValue",[]]}
RESULT: {"script":"<script> [6424 bytes]","args":[{"element-6066-11e4-a52e-4f735466cecf":"f.A346BA6B978C9328C0C2B851E75B8348.d.336215F6CFFA1F7E0D61A62F39A7745F.e.2992"},"getValue",[]]}
COMMAND: POST /session/f519eddc2ea26d61ca30e526d103b44b/element - {"using":"xpath","value":"//input[@id = \"application-managepartners-display-component---detailPtm--addressDetailDetailsLanguage-inner\"]"}
RESULT: {"using":"xpath","value":"//input[@id = \"application-managepartners-display-component---detailPtm--addressDetailDetailsLanguage-inner\"]"}
COMMAND: GET /session/f519eddc2ea26d61ca30e526d103b44b/element/f.A346BA6B978C9328C0C2B851E75B8348.d.336215F6CFFA1F7E0D61A62F39A7745F.e.2993/property/value - {}
RESULT: {}
COMMAND: POST /session/f519eddc2ea26d61ca30e526d103b44b/execute/async - {"script":"<script> [1562 bytes]","args":[{"selector":{"id":"application-managepartners-display-component---detailPtm--addressDetailDetailsCity1"},"wdio_ui5_key":"applicationmanagepartners-display-component---detailPtm--addressDetailDetailsCity1"}]}
COMMAND: GET /session/f519eddc2ea26d61ca30e526d103b44b/screenshot - {}
RESULT: {"script":"<script> [1562 bytes]","args":[{"selector":{"id":"application-managepartners-display-component---detailPtm--addressDetailDetailsCity1"},"wdio_ui5_key":"applicationmanagepartners-display-component---detailPtm--addressDetailDetailsCity1"}]}
RESULT: undefined
COMMAND: POST /session/f519eddc2ea26d61ca30e526d103b44b/execute/async - {"script":"<script> [6424 bytes]","args":[{"element-6066-11e4-a52e-4f735466cecf":"f.A346BA6B978C9328C0C2B851E75B8348.d.336215F6CFFA1F7E0D61A62F39A7745F.e.2994"},"getValue",[]]}
RESULT: {}
RESULT: {"script":"<script> [6424 bytes]","args":[{"element-6066-11e4-a52e-4f735466cecf":"f.A346BA6B978C9328C0C2B851E75B8348.d.336215F6CFFA1F7E0D61A62F39A7745F.e.2994"},"getValue",[]]}
COMMAND: POST /session/f519eddc2ea26d61ca30e526d103b44b/element - {"using":"css selector","value":"#shell-header-logo"}
RESULT: {"using":"css selector","value":"#shell-header-logo"}
COMMAND: POST /session/f519eddc2ea26d61ca30e526d103b44b/element/f.A346BA6B978C9328C0C2B851E75B8348.d.336215F6CFFA1F7E0D61A62F39A7745F.e.2562/click - {}
RESULT: {}
COMMAND: GET /session/f519eddc2ea26d61ca30e526d103b44b/screenshot - {}
RESULT: {}
]]></system-out>
    </testcase>
    <testcase classname="chrome.135_0_7049_96.windows.Partner_specific_tests_US150819_US151080_US151654_US151176_US103444_US151078_US151079_US151109_US151174_US151175_US151189" name="Should create a new intercompany partner edit some of its fields US151078" time="215.788">
      <system-out><![CDATA[
COMMAND: POST /session/f519eddc2ea26d61ca30e526d103b44b/element - {"using":"xpath","value":"//li[.//span[text()=\"Manage Partners\"]]"}
RESULT: {"using":"xpath","value":"//li[.//span[text()=\"Manage Partners\"]]"}
COMMAND: POST /session/f519eddc2ea26d61ca30e526d103b44b/element - {"using":"xpath","value":"//li[.//span[text()=\"Manage Partners\"]]"}
RESULT: {"using":"xpath","value":"//li[.//span[text()=\"Manage Partners\"]]"}
COMMAND: POST /session/f519eddc2ea26d61ca30e526d103b44b/element - {"using":"css selector","value":"#shell-header-logo"}
RESULT: {"using":"css selector","value":"#shell-header-logo"}
COMMAND: POST /session/f519eddc2ea26d61ca30e526d103b44b/element/f.A346BA6B978C9328C0C2B851E75B8348.d.336215F6CFFA1F7E0D61A62F39A7745F.e.3024/click - {}
COMMAND: POST /session/f519eddc2ea26d61ca30e526d103b44b/execute/sync - {"script":"<script> [8489 bytes]","args":[{"element-6066-11e4-a52e-4f735466cecf":"f.A346BA6B978C9328C0C2B851E75B8348.d.336215F6CFFA1F7E0D61A62F39A7745F.e.3024","ELEMENT":"f.A346BA6B978C9328C0C2B851E75B8348.d.336215F6CFFA1F7E0D61A62F39A7745F.e.3024"}]}
RESULT: {}
COMMAND: GET /session/f519eddc2ea26d61ca30e526d103b44b/screenshot - {}
RESULT: {"script":"<script> [8489 bytes]","args":[{"element-6066-11e4-a52e-4f735466cecf":"f.A346BA6B978C9328C0C2B851E75B8348.d.336215F6CFFA1F7E0D61A62F39A7745F.e.3024","ELEMENT":"f.A346BA6B978C9328C0C2B851E75B8348.d.336215F6CFFA1F7E0D61A62F39A7745F.e.3024"}]}
COMMAND: POST /session/f519eddc2ea26d61ca30e526d103b44b/execute/sync - {"script":"<script> [5351 bytes]","args":[{"element-6066-11e4-a52e-4f735466cecf":"f.A346BA6B978C9328C0C2B851E75B8348.d.336215F6CFFA1F7E0D61A62F39A7745F.e.3024","ELEMENT":"f.A346BA6B978C9328C0C2B851E75B8348.d.336215F6CFFA1F7E0D61A62F39A7745F.e.3024"}]}
COMMAND: GET /session/f519eddc2ea26d61ca30e526d103b44b/screenshot - {}
RESULT: {}
RESULT: {"script":"<script> [5351 bytes]","args":[{"element-6066-11e4-a52e-4f735466cecf":"f.A346BA6B978C9328C0C2B851E75B8348.d.336215F6CFFA1F7E0D61A62F39A7745F.e.3024","ELEMENT":"f.A346BA6B978C9328C0C2B851E75B8348.d.336215F6CFFA1F7E0D61A62F39A7745F.e.3024"}]}
COMMAND: GET /session/f519eddc2ea26d61ca30e526d103b44b/screenshot - {}
RESULT: {}
RESULT: {}
COMMAND: POST /session/f519eddc2ea26d61ca30e526d103b44b/refresh - {}
RESULT: {}
COMMAND: GET /session/f519eddc2ea26d61ca30e526d103b44b/screenshot - {}
RESULT: {}
COMMAND: POST /session/f519eddc2ea26d61ca30e526d103b44b/refresh - {}
RESULT: {}
COMMAND: GET /session/f519eddc2ea26d61ca30e526d103b44b/screenshot - {}
RESULT: {}
COMMAND: POST /session/f519eddc2ea26d61ca30e526d103b44b/window/fullscreen - {}
RESULT: {}
COMMAND: POST /session/f519eddc2ea26d61ca30e526d103b44b/execute/async - {"script":"<script> [189 bytes]","args":[]}
RESULT: {"script":"<script> [189 bytes]","args":[]}
COMMAND: POST /session/f519eddc2ea26d61ca30e526d103b44b/execute/async - {"script":"<script> [123 bytes]","args":[]}
RESULT: {"script":"<script> [123 bytes]","args":[]}
COMMAND: POST /session/f519eddc2ea26d61ca30e526d103b44b/timeouts - {"script":"<number>"}
RESULT: {"script":"<number>"}
COMMAND: GET /session/f519eddc2ea26d61ca30e526d103b44b/timeouts - {}
RESULT: {}
RESULT: undefined
COMMAND: POST /session/f519eddc2ea26d61ca30e526d103b44b/execute/async - {"script":"<script> [2676 bytes]","args":[]}
RESULT: {"script":"<script> [2676 bytes]","args":[]}
COMMAND: POST /session/f519eddc2ea26d61ca30e526d103b44b/execute/async - {"script":"<script> [2342 bytes]","args":[{"protocol":"http","hostname":"0.0.0.0","path":"/","capabilities":{"browserName":"chrome","goog:chromeOptions":{"binary":"C:\\Program Files\\Google\\Chrome\\Application\\chrome.exe","args":["--start-maximized"]}},"logLevel":"warn","connectionRetryTimeout":120000,"connectionRetryCount":3,"logLevels":{},"enableDirectConnect":true,"strictSSL":true,"_":"65 more keys: [\"cacheDir\",\"port\",\"requestedCapabilities\",\"automationProtocol\",\"baseUrl\",\"waitforInterval\",\"waitforTimeout\",\"onReload\",\"beforeCommand\",\"afterCommand\",\"rootDir\",\"specs\",\"suites\",\"exclude\",\"groupLogsByTestSpec\",\"excludeDriverLogs\",\"bail\",\"framework\",\"reporters\",\"services\",\"maxInstances\",\"maxInstancesPerCapability\",\"injectGlobals\",\"filesToWatch\",\"execArgv\",\"runnerEnv\",\"runner\",\"shard\",\"specFileRetries\",\"specFileRetriesDelay\",\"specFileRetriesDeferred\",\"reporterSyncInterval\",\"reporterSyncTimeout\",\"cucumberFeaturesWithLineNumbers\",\"autoCompileOpts\",\"mochaOpts\",\"jasmineOpts\",\"cucumberOpts\",\"onPrepare\",\"onWorkerStart\",\"onWorkerEnd\",\"before\",\"beforeSession\",\"beforeSuite\",\"beforeHook\",\"beforeTest\",\"afterTest\",\"afterHook\",\"afterSuite\",\"afterSession\",\"after\",\"onComplete\",\"beforeAssertion\",\"afterAssertion\",\"beforeFeature\",\"beforeScenario\",\"beforeStep\",\"afterStep\",\"afterScenario\",\"afterFeature\",\"_\",\"suite\",\"$0\",\"ignoredWorkerServices\",\"wdi5\"]"}]}
RESULT: {"script":"<script> [2342 bytes]","args":[{"protocol":"http","hostname":"0.0.0.0","path":"/","capabilities":{"browserName":"chrome","goog:chromeOptions":{"binary":"C:\\Program Files\\Google\\Chrome\\Application\\chrome.exe","args":["--start-maximized"]}},"logLevel":"warn","connectionRetryTimeout":120000,"connectionRetryCount":3,"logLevels":{},"enableDirectConnect":true,"strictSSL":true,"_":"65 more keys: [\"cacheDir\",\"port\",\"requestedCapabilities\",\"automationProtocol\",\"baseUrl\",\"waitforInterval\",\"waitforTimeout\",\"onReload\",\"beforeCommand\",\"afterCommand\",\"rootDir\",\"specs\",\"suites\",\"exclude\",\"groupLogsByTestSpec\",\"excludeDriverLogs\",\"bail\",\"framework\",\"reporters\",\"services\",\"maxInstances\",\"maxInstancesPerCapability\",\"injectGlobals\",\"filesToWatch\",\"execArgv\",\"runnerEnv\",\"runner\",\"shard\",\"specFileRetries\",\"specFileRetriesDelay\",\"specFileRetriesDeferred\",\"reporterSyncInterval\",\"reporterSyncTimeout\",\"cucumberFeaturesWithLineNumbers\",\"autoCompileOpts\",\"mochaOpts\",\"jasmineOpts\",\"cucumberOpts\",\"onPrepare\",\"onWorkerStart\",\"onWorkerEnd\",\"before\",\"beforeSession\",\"beforeSuite\",\"beforeHook\",\"beforeTest\",\"afterTest\",\"afterHook\",\"afterSuite\",\"afterSession\",\"after\",\"onComplete\",\"beforeAssertion\",\"afterAssertion\",\"beforeFeature\",\"beforeScenario\",\"beforeStep\",\"afterStep\",\"afterScenario\",\"afterFeature\",\"_\",\"suite\",\"$0\",\"ignoredWorkerServices\",\"wdi5\"]"}]}
COMMAND: POST /session/f519eddc2ea26d61ca30e526d103b44b/execute/async - {"script":"<script> [21126 bytes]","args":[35000]}
RESULT: {"script":"<script> [21126 bytes]","args":[35000]}
COMMAND: POST /session/f519eddc2ea26d61ca30e526d103b44b/window/fullscreen - {}
RESULT: {}
COMMAND: POST /session/f519eddc2ea26d61ca30e526d103b44b/window/fullscreen - {}
RESULT: {}
COMMAND: POST /session/f519eddc2ea26d61ca30e526d103b44b/execute/async - {"script":"<script> [1562 bytes]","args":[{"selector":{"controlType":"sap.m.GenericTile","properties":{"header":"Manage Partners"}},"wdio_ui5_key":"sapm.GenericTile{\"header\":\"Manage Partners\"}"}]}
RESULT: {"script":"<script> [1562 bytes]","args":[{"selector":{"controlType":"sap.m.GenericTile","properties":{"header":"Manage Partners"}},"wdio_ui5_key":"sapm.GenericTile{\"header\":\"Manage Partners\"}"}]}
RESULT: undefined
COMMAND: POST /session/f519eddc2ea26d61ca30e526d103b44b/element - {"using":"xpath","value":"//*[@id=\"__tile30\"]"}
RESULT: {"using":"xpath","value":"//*[@id=\"__tile30\"]"}
COMMAND: POST /session/f519eddc2ea26d61ca30e526d103b44b/element/f.A346BA6B978C9328C0C2B851E75B8348.d.C31540188E582C75D1718881EF7A7947.e.3095/click - {}
RESULT: {}
COMMAND: POST /session/f519eddc2ea26d61ca30e526d103b44b/element - {"using":"xpath","value":"//button[@data-kt=\"addButton\"]"}
COMMAND: GET /session/f519eddc2ea26d61ca30e526d103b44b/screenshot - {}
RESULT: {"using":"xpath","value":"//button[@data-kt=\"addButton\"]"}
COMMAND: POST /session/f519eddc2ea26d61ca30e526d103b44b/elements - {"using":"xpath","value":"//button[@data-kt=\"addButton\"]"}
RESULT: {}
RESULT: {"using":"xpath","value":"//button[@data-kt=\"addButton\"]"}
COMMAND: POST /session/f519eddc2ea26d61ca30e526d103b44b/elements - {"using":"xpath","value":"//button[@data-kt=\"addButton\"]"}
RESULT: {"using":"xpath","value":"//button[@data-kt=\"addButton\"]"}
COMMAND: POST /session/f519eddc2ea26d61ca30e526d103b44b/elements - {"using":"xpath","value":"//button[@data-kt=\"addButton\"]"}
RESULT: {"using":"xpath","value":"//button[@data-kt=\"addButton\"]"}
COMMAND: POST /session/f519eddc2ea26d61ca30e526d103b44b/elements - {"using":"xpath","value":"//button[@data-kt=\"addButton\"]"}
RESULT: {"using":"xpath","value":"//button[@data-kt=\"addButton\"]"}
COMMAND: POST /session/f519eddc2ea26d61ca30e526d103b44b/elements - {"using":"xpath","value":"//button[@data-kt=\"addButton\"]"}
RESULT: {"using":"xpath","value":"//button[@data-kt=\"addButton\"]"}
COMMAND: POST /session/f519eddc2ea26d61ca30e526d103b44b/elements - {"using":"xpath","value":"//button[@data-kt=\"addButton\"]"}
RESULT: {"using":"xpath","value":"//button[@data-kt=\"addButton\"]"}
COMMAND: POST /session/f519eddc2ea26d61ca30e526d103b44b/elements - {"using":"xpath","value":"//button[@data-kt=\"addButton\"]"}
RESULT: {"using":"xpath","value":"//button[@data-kt=\"addButton\"]"}
COMMAND: POST /session/f519eddc2ea26d61ca30e526d103b44b/elements - {"using":"xpath","value":"//button[@data-kt=\"addButton\"]"}
RESULT: {"using":"xpath","value":"//button[@data-kt=\"addButton\"]"}
COMMAND: POST /session/f519eddc2ea26d61ca30e526d103b44b/elements - {"using":"xpath","value":"//button[@data-kt=\"addButton\"]"}
RESULT: {"using":"xpath","value":"//button[@data-kt=\"addButton\"]"}
COMMAND: POST /session/f519eddc2ea26d61ca30e526d103b44b/elements - {"using":"xpath","value":"//button[@data-kt=\"addButton\"]"}
RESULT: {"using":"xpath","value":"//button[@data-kt=\"addButton\"]"}
COMMAND: POST /session/f519eddc2ea26d61ca30e526d103b44b/elements - {"using":"xpath","value":"//button[@data-kt=\"addButton\"]"}
RESULT: {"using":"xpath","value":"//button[@data-kt=\"addButton\"]"}
COMMAND: POST /session/f519eddc2ea26d61ca30e526d103b44b/elements - {"using":"xpath","value":"//button[@data-kt=\"addButton\"]"}
RESULT: {"using":"xpath","value":"//button[@data-kt=\"addButton\"]"}
COMMAND: POST /session/f519eddc2ea26d61ca30e526d103b44b/elements - {"using":"xpath","value":"//button[@data-kt=\"addButton\"]"}
RESULT: {"using":"xpath","value":"//button[@data-kt=\"addButton\"]"}
COMMAND: POST /session/f519eddc2ea26d61ca30e526d103b44b/elements - {"using":"xpath","value":"//button[@data-kt=\"addButton\"]"}
RESULT: {"using":"xpath","value":"//button[@data-kt=\"addButton\"]"}
COMMAND: POST /session/f519eddc2ea26d61ca30e526d103b44b/elements - {"using":"xpath","value":"//button[@data-kt=\"addButton\"]"}
RESULT: {"using":"xpath","value":"//button[@data-kt=\"addButton\"]"}
COMMAND: POST /session/f519eddc2ea26d61ca30e526d103b44b/elements - {"using":"xpath","value":"//button[@data-kt=\"addButton\"]"}
RESULT: {"using":"xpath","value":"//button[@data-kt=\"addButton\"]"}
COMMAND: POST /session/f519eddc2ea26d61ca30e526d103b44b/elements - {"using":"xpath","value":"//button[@data-kt=\"addButton\"]"}
RESULT: {"using":"xpath","value":"//button[@data-kt=\"addButton\"]"}
COMMAND: POST /session/f519eddc2ea26d61ca30e526d103b44b/elements - {"using":"xpath","value":"//button[@data-kt=\"addButton\"]"}
RESULT: {"using":"xpath","value":"//button[@data-kt=\"addButton\"]"}
COMMAND: POST /session/f519eddc2ea26d61ca30e526d103b44b/element - {"using":"xpath","value":"//button[@data-kt=\"addButton\"]"}
RESULT: {"using":"xpath","value":"//button[@data-kt=\"addButton\"]"}
COMMAND: POST /session/f519eddc2ea26d61ca30e526d103b44b/execute/sync - {"script":"<script> [8489 bytes]","args":[{"element-6066-11e4-a52e-4f735466cecf":"f.A346BA6B978C9328C0C2B851E75B8348.d.C31540188E582C75D1718881EF7A7947.e.3221","ELEMENT":"f.A346BA6B978C9328C0C2B851E75B8348.d.C31540188E582C75D1718881EF7A7947.e.3221"}]}
RESULT: {"script":"<script> [8489 bytes]","args":[{"element-6066-11e4-a52e-4f735466cecf":"f.A346BA6B978C9328C0C2B851E75B8348.d.C31540188E582C75D1718881EF7A7947.e.3221","ELEMENT":"f.A346BA6B978C9328C0C2B851E75B8348.d.C31540188E582C75D1718881EF7A7947.e.3221"}]}
COMMAND: GET /session/f519eddc2ea26d61ca30e526d103b44b/element/f.A346BA6B978C9328C0C2B851E75B8348.d.C31540188E582C75D1718881EF7A7947.e.3221/enabled - {}
COMMAND: GET /session/f519eddc2ea26d61ca30e526d103b44b/screenshot - {}
RESULT: {}
COMMAND: POST /session/f519eddc2ea26d61ca30e526d103b44b/execute/sync - {"script":"<script> [8489 bytes]","args":[{"element-6066-11e4-a52e-4f735466cecf":"f.A346BA6B978C9328C0C2B851E75B8348.d.C31540188E582C75D1718881EF7A7947.e.3221","ELEMENT":"f.A346BA6B978C9328C0C2B851E75B8348.d.C31540188E582C75D1718881EF7A7947.e.3221"}]}
COMMAND: GET /session/f519eddc2ea26d61ca30e526d103b44b/screenshot - {}
RESULT: {}
RESULT: {"script":"<script> [8489 bytes]","args":[{"element-6066-11e4-a52e-4f735466cecf":"f.A346BA6B978C9328C0C2B851E75B8348.d.C31540188E582C75D1718881EF7A7947.e.3221","ELEMENT":"f.A346BA6B978C9328C0C2B851E75B8348.d.C31540188E582C75D1718881EF7A7947.e.3221"}]}
COMMAND: POST /session/f519eddc2ea26d61ca30e526d103b44b/execute/sync - {"script":"<script> [5351 bytes]","args":[{"element-6066-11e4-a52e-4f735466cecf":"f.A346BA6B978C9328C0C2B851E75B8348.d.C31540188E582C75D1718881EF7A7947.e.3221","ELEMENT":"f.A346BA6B978C9328C0C2B851E75B8348.d.C31540188E582C75D1718881EF7A7947.e.3221"}]}
COMMAND: GET /session/f519eddc2ea26d61ca30e526d103b44b/screenshot - {}
RESULT: {}
RESULT: {"script":"<script> [5351 bytes]","args":[{"element-6066-11e4-a52e-4f735466cecf":"f.A346BA6B978C9328C0C2B851E75B8348.d.C31540188E582C75D1718881EF7A7947.e.3221","ELEMENT":"f.A346BA6B978C9328C0C2B851E75B8348.d.C31540188E582C75D1718881EF7A7947.e.3221"}]}
COMMAND: POST /session/f519eddc2ea26d61ca30e526d103b44b/element/f.A346BA6B978C9328C0C2B851E75B8348.d.C31540188E582C75D1718881EF7A7947.e.3221/click - {}
COMMAND: GET /session/f519eddc2ea26d61ca30e526d103b44b/screenshot - {}
RESULT: {}
RESULT: {}
COMMAND: GET /session/f519eddc2ea26d61ca30e526d103b44b/screenshot - {}
COMMAND: POST /session/f519eddc2ea26d61ca30e526d103b44b/execute/async - {"script":"<script> [1562 bytes]","args":[{"selector":{"id":"application-managepartners-display-component---NewPartner--addressDetailDetailsName1","interaction":{"idSuffix":"inner"}},"wdio_ui5_key":"applicationmanagepartners-display-component---NewPartner--addressDetailDetailsName1"}]}
RESULT: {}
RESULT: {}
RESULT: {"script":"<script> [1562 bytes]","args":[{"selector":{"id":"application-managepartners-display-component---NewPartner--addressDetailDetailsName1","interaction":{"idSuffix":"inner"}},"wdio_ui5_key":"applicationmanagepartners-display-component---NewPartner--addressDetailDetailsName1"}]}
RESULT: undefined
COMMAND: POST /session/f519eddc2ea26d61ca30e526d103b44b/execute/async - {"script":"<script> [776 bytes]","args":[{"enterText":"Intercompany Partner WDIO","selector":{"id":"application-managepartners-display-component---NewPartner--addressDetailDetailsName1","interaction":{"idSuffix":"inner"}},"clearTextFirst":true,"interactionType":"ENTER_TEXT"}]}
RESULT: {"script":"<script> [776 bytes]","args":[{"enterText":"Intercompany Partner WDIO","selector":{"id":"application-managepartners-display-component---NewPartner--addressDetailDetailsName1","interaction":{"idSuffix":"inner"}},"clearTextFirst":true,"interactionType":"ENTER_TEXT"}]}
COMMAND: POST /session/f519eddc2ea26d61ca30e526d103b44b/execute/async - {"script":"<script> [1562 bytes]","args":[{"selector":{"id":"application-managepartners-display-component---NewPartner--addressDetailDetailsLanguage-arrow"},"wdio_ui5_key":"applicationmanagepartners-display-component---NewPartner--addressDetailDetailsLanguage-arrow"}]}
RESULT: {"script":"<script> [1562 bytes]","args":[{"selector":{"id":"application-managepartners-display-component---NewPartner--addressDetailDetailsLanguage-arrow"},"wdio_ui5_key":"applicationmanagepartners-display-component---NewPartner--addressDetailDetailsLanguage-arrow"}]}
RESULT: undefined
COMMAND: POST /session/f519eddc2ea26d61ca30e526d103b44b/element - {"using":"xpath","value":"//*[@id=\"application-managepartners-display-component---NewPartner--addressDetailDetailsLanguage-arrow\"]"}
RESULT: {"using":"xpath","value":"//*[@id=\"application-managepartners-display-component---NewPartner--addressDetailDetailsLanguage-arrow\"]"}
COMMAND: POST /session/f519eddc2ea26d61ca30e526d103b44b/element/f.A346BA6B978C9328C0C2B851E75B8348.d.C31540188E582C75D1718881EF7A7947.e.3660/click - {}
RESULT: {}
COMMAND: POST /session/f519eddc2ea26d61ca30e526d103b44b/element - {"using":"xpath","value":"//span[contains(text(), \"English\")]"}
COMMAND: GET /session/f519eddc2ea26d61ca30e526d103b44b/screenshot - {}
RESULT: {"using":"xpath","value":"//span[contains(text(), \"English\")]"}
COMMAND: POST /session/f519eddc2ea26d61ca30e526d103b44b/element/f.A346BA6B978C9328C0C2B851E75B8348.d.C31540188E582C75D1718881EF7A7947.e.3661/click - {}
RESULT: {}
RESULT: {}
COMMAND: GET /session/f519eddc2ea26d61ca30e526d103b44b/screenshot - {}
RESULT: {}
COMMAND: POST /session/f519eddc2ea26d61ca30e526d103b44b/execute/async - {"script":"<script> [1562 bytes]","args":[{"selector":{"id":"application-managepartners-display-component---NewPartner--addressDetailDetailsCity1","interaction":{"idSuffix":"inner"}},"wdio_ui5_key":"applicationmanagepartners-display-component---NewPartner--addressDetailDetailsCity1"}]}
RESULT: {"script":"<script> [1562 bytes]","args":[{"selector":{"id":"application-managepartners-display-component---NewPartner--addressDetailDetailsCity1","interaction":{"idSuffix":"inner"}},"wdio_ui5_key":"applicationmanagepartners-display-component---NewPartner--addressDetailDetailsCity1"}]}
RESULT: undefined
COMMAND: POST /session/f519eddc2ea26d61ca30e526d103b44b/execute/async - {"script":"<script> [776 bytes]","args":[{"enterText":"Rosario","selector":{"id":"application-managepartners-display-component---NewPartner--addressDetailDetailsCity1","interaction":{"idSuffix":"inner"}},"clearTextFirst":true,"interactionType":"ENTER_TEXT"}]}
RESULT: {"script":"<script> [776 bytes]","args":[{"enterText":"Rosario","selector":{"id":"application-managepartners-display-component---NewPartner--addressDetailDetailsCity1","interaction":{"idSuffix":"inner"}},"clearTextFirst":true,"interactionType":"ENTER_TEXT"}]}
COMMAND: POST /session/f519eddc2ea26d61ca30e526d103b44b/execute/async - {"script":"<script> [1562 bytes]","args":[{"selector":{"id":"application-managepartners-display-component---NewPartner--addressDetailDetailsCountry-arrow"},"wdio_ui5_key":"applicationmanagepartners-display-component---NewPartner--addressDetailDetailsCountry-arrow"}]}
RESULT: {"script":"<script> [1562 bytes]","args":[{"selector":{"id":"application-managepartners-display-component---NewPartner--addressDetailDetailsCountry-arrow"},"wdio_ui5_key":"applicationmanagepartners-display-component---NewPartner--addressDetailDetailsCountry-arrow"}]}
RESULT: undefined
COMMAND: POST /session/f519eddc2ea26d61ca30e526d103b44b/element - {"using":"xpath","value":"//*[@id=\"application-managepartners-display-component---NewPartner--addressDetailDetailsCountry-arrow\"]"}
RESULT: {"using":"xpath","value":"//*[@id=\"application-managepartners-display-component---NewPartner--addressDetailDetailsCountry-arrow\"]"}
COMMAND: POST /session/f519eddc2ea26d61ca30e526d103b44b/element/f.A346BA6B978C9328C0C2B851E75B8348.d.C31540188E582C75D1718881EF7A7947.e.3647/click - {}
RESULT: {}
COMMAND: POST /session/f519eddc2ea26d61ca30e526d103b44b/element - {"using":"xpath","value":"//span[contains(text(), \"Argentina\")]"}
COMMAND: GET /session/f519eddc2ea26d61ca30e526d103b44b/screenshot - {}
RESULT: {"using":"xpath","value":"//span[contains(text(), \"Argentina\")]"}
COMMAND: POST /session/f519eddc2ea26d61ca30e526d103b44b/element/f.A346BA6B978C9328C0C2B851E75B8348.d.C31540188E582C75D1718881EF7A7947.e.3663/click - {}
RESULT: {}
RESULT: {}
COMMAND: GET /session/f519eddc2ea26d61ca30e526d103b44b/screenshot - {}
RESULT: {}
COMMAND: POST /session/f519eddc2ea26d61ca30e526d103b44b/element - {"using":"xpath","value":"//bdi[contains(text(), \"Commercial\")]"}
RESULT: {"using":"xpath","value":"//bdi[contains(text(), \"Commercial\")]"}
COMMAND: POST /session/f519eddc2ea26d61ca30e526d103b44b/element/f.A346BA6B978C9328C0C2B851E75B8348.d.C31540188E582C75D1718881EF7A7947.e.3664/click - {}
RESULT: {}
COMMAND: GET /session/f519eddc2ea26d61ca30e526d103b44b/screenshot - {}
RESULT: {}
COMMAND: POST /session/f519eddc2ea26d61ca30e526d103b44b/execute/async - {"script":"<script> [1562 bytes]","args":[{"selector":{"id":"application-managepartners-display-component---NewPartner--partnerDetailInternal-arrow"},"wdio_ui5_key":"applicationmanagepartners-display-component---NewPartner--partnerDetailInternal-arrow"}]}
RESULT: {"script":"<script> [1562 bytes]","args":[{"selector":{"id":"application-managepartners-display-component---NewPartner--partnerDetailInternal-arrow"},"wdio_ui5_key":"applicationmanagepartners-display-component---NewPartner--partnerDetailInternal-arrow"}]}
RESULT: undefined
COMMAND: POST /session/f519eddc2ea26d61ca30e526d103b44b/element - {"using":"xpath","value":"//*[@id=\"application-managepartners-display-component---NewPartner--partnerDetailInternal-arrow\"]"}
RESULT: {"using":"xpath","value":"//*[@id=\"application-managepartners-display-component---NewPartner--partnerDetailInternal-arrow\"]"}
COMMAND: POST /session/f519eddc2ea26d61ca30e526d103b44b/element/f.A346BA6B978C9328C0C2B851E75B8348.d.C31540188E582C75D1718881EF7A7947.e.3670/click - {}
RESULT: {}
COMMAND: POST /session/f519eddc2ea26d61ca30e526d103b44b/element - {"using":"xpath","value":"//span[contains(text(), \"Affiliated company\")]"}
COMMAND: GET /session/f519eddc2ea26d61ca30e526d103b44b/screenshot - {}
RESULT: {"using":"xpath","value":"//span[contains(text(), \"Affiliated company\")]"}
COMMAND: POST /session/f519eddc2ea26d61ca30e526d103b44b/element/f.A346BA6B978C9328C0C2B851E75B8348.d.C31540188E582C75D1718881EF7A7947.e.3671/click - {}
RESULT: {}
RESULT: {}
COMMAND: POST /session/f519eddc2ea26d61ca30e526d103b44b/execute/async - {"script":"<script> [1562 bytes]","args":[{"selector":{"id":"application-managepartners-display-component---NewPartner--partnerDetailsCurrency-arrow"},"wdio_ui5_key":"applicationmanagepartners-display-component---NewPartner--partnerDetailsCurrency-arrow"}]}
COMMAND: GET /session/f519eddc2ea26d61ca30e526d103b44b/screenshot - {}
RESULT: {"script":"<script> [1562 bytes]","args":[{"selector":{"id":"application-managepartners-display-component---NewPartner--partnerDetailsCurrency-arrow"},"wdio_ui5_key":"applicationmanagepartners-display-component---NewPartner--partnerDetailsCurrency-arrow"}]}
RESULT: undefined
COMMAND: POST /session/f519eddc2ea26d61ca30e526d103b44b/element - {"using":"xpath","value":"//*[@id=\"application-managepartners-display-component---NewPartner--partnerDetailsCurrency-arrow\"]"}
RESULT: {}
RESULT: {"using":"xpath","value":"//*[@id=\"application-managepartners-display-component---NewPartner--partnerDetailsCurrency-arrow\"]"}
COMMAND: POST /session/f519eddc2ea26d61ca30e526d103b44b/element/f.A346BA6B978C9328C0C2B851E75B8348.d.C31540188E582C75D1718881EF7A7947.e.3678/click - {}
RESULT: {}
COMMAND: POST /session/f519eddc2ea26d61ca30e526d103b44b/element - {"using":"xpath","value":"//span[contains(text(), \"Euro\")]"}
COMMAND: GET /session/f519eddc2ea26d61ca30e526d103b44b/screenshot - {}
RESULT: {"using":"xpath","value":"//span[contains(text(), \"Euro\")]"}
COMMAND: POST /session/f519eddc2ea26d61ca30e526d103b44b/element/f.A346BA6B978C9328C0C2B851E75B8348.d.C31540188E582C75D1718881EF7A7947.e.3679/click - {}
RESULT: {}
RESULT: {}
COMMAND: POST /session/f519eddc2ea26d61ca30e526d103b44b/execute/async - {"script":"<script> [1562 bytes]","args":[{"selector":{"id":"application-managepartners-display-component---NewPartner--addressEditDetailsCostObjectCstType-arrow"},"wdio_ui5_key":"applicationmanagepartners-display-component---NewPartner--addressEditDetailsCostObjectCstType-arrow"}]}
COMMAND: GET /session/f519eddc2ea26d61ca30e526d103b44b/screenshot - {}
RESULT: {"script":"<script> [1562 bytes]","args":[{"selector":{"id":"application-managepartners-display-component---NewPartner--addressEditDetailsCostObjectCstType-arrow"},"wdio_ui5_key":"applicationmanagepartners-display-component---NewPartner--addressEditDetailsCostObjectCstType-arrow"}]}
RESULT: undefined
COMMAND: POST /session/f519eddc2ea26d61ca30e526d103b44b/element - {"using":"xpath","value":"//*[@id=\"application-managepartners-display-component---NewPartner--addressEditDetailsCostObjectCstType-arrow\"]"}
RESULT: {}
RESULT: {"using":"xpath","value":"//*[@id=\"application-managepartners-display-component---NewPartner--addressEditDetailsCostObjectCstType-arrow\"]"}
COMMAND: POST /session/f519eddc2ea26d61ca30e526d103b44b/element/f.A346BA6B978C9328C0C2B851E75B8348.d.C31540188E582C75D1718881EF7A7947.e.3680/click - {}
RESULT: {}
COMMAND: POST /session/f519eddc2ea26d61ca30e526d103b44b/element - {"using":"xpath","value":"//span[contains(text(), \"Cost Center\")]"}
COMMAND: GET /session/f519eddc2ea26d61ca30e526d103b44b/screenshot - {}
RESULT: {"using":"xpath","value":"//span[contains(text(), \"Cost Center\")]"}
COMMAND: POST /session/f519eddc2ea26d61ca30e526d103b44b/element/f.A346BA6B978C9328C0C2B851E75B8348.d.C31540188E582C75D1718881EF7A7947.e.3681/click - {}
RESULT: {}
RESULT: {}
COMMAND: GET /session/f519eddc2ea26d61ca30e526d103b44b/screenshot - {}
RESULT: {}
COMMAND: POST /session/f519eddc2ea26d61ca30e526d103b44b/element - {"using":"xpath","value":"//span[@id=\"application-managepartners-display-component---NewPartner--addressNewCostObjectCstID-vhi\"]"}
RESULT: {"using":"xpath","value":"//span[@id=\"application-managepartners-display-component---NewPartner--addressNewCostObjectCstID-vhi\"]"}
COMMAND: POST /session/f519eddc2ea26d61ca30e526d103b44b/execute/sync - {"script":"<script> [8489 bytes]","args":[{"element-6066-11e4-a52e-4f735466cecf":"f.A346BA6B978C9328C0C2B851E75B8348.d.C31540188E582C75D1718881EF7A7947.e.3685","ELEMENT":"f.A346BA6B978C9328C0C2B851E75B8348.d.C31540188E582C75D1718881EF7A7947.e.3685"}]}
RESULT: {"script":"<script> [8489 bytes]","args":[{"element-6066-11e4-a52e-4f735466cecf":"f.A346BA6B978C9328C0C2B851E75B8348.d.C31540188E582C75D1718881EF7A7947.e.3685","ELEMENT":"f.A346BA6B978C9328C0C2B851E75B8348.d.C31540188E582C75D1718881EF7A7947.e.3685"}]}
COMMAND: POST /session/f519eddc2ea26d61ca30e526d103b44b/execute/async - {"script":"<script> [1562 bytes]","args":[{"selector":{"id":"application-managepartners-display-component---NewPartner--addressNewCostObjectCstID-vhi"},"wdio_ui5_key":"applicationmanagepartners-display-component---NewPartner--addressNewCostObjectCstID-vhi"}]}
COMMAND: GET /session/f519eddc2ea26d61ca30e526d103b44b/screenshot - {}
RESULT: {"script":"<script> [1562 bytes]","args":[{"selector":{"id":"application-managepartners-display-component---NewPartner--addressNewCostObjectCstID-vhi"},"wdio_ui5_key":"applicationmanagepartners-display-component---NewPartner--addressNewCostObjectCstID-vhi"}]}
RESULT: undefined
COMMAND: POST /session/f519eddc2ea26d61ca30e526d103b44b/element - {"using":"xpath","value":"//*[@id=\"application-managepartners-display-component---NewPartner--addressNewCostObjectCstID-vhi\"]"}
RESULT: {}
RESULT: {"using":"xpath","value":"//*[@id=\"application-managepartners-display-component---NewPartner--addressNewCostObjectCstID-vhi\"]"}
COMMAND: POST /session/f519eddc2ea26d61ca30e526d103b44b/element/f.A346BA6B978C9328C0C2B851E75B8348.d.C31540188E582C75D1718881EF7A7947.e.3685/click - {}
RESULT: {}
COMMAND: GET /session/f519eddc2ea26d61ca30e526d103b44b/screenshot - {}
RESULT: {}
COMMAND: POST /session/f519eddc2ea26d61ca30e526d103b44b/execute/async - {"script":"<script> [1562 bytes]","args":[{"selector":{"controlType":"sap.m.SearchField","properties":{"placeholder":"Search"},"searchOpenDialogs":true,"interaction":{"idSuffix":"I"}},"wdio_ui5_key":"sapm.SearchField{\"placeholder\":\"Search\"}"}]}
RESULT: {"script":"<script> [1562 bytes]","args":[{"selector":{"controlType":"sap.m.SearchField","properties":{"placeholder":"Search"},"searchOpenDialogs":true,"interaction":{"idSuffix":"I"}},"wdio_ui5_key":"sapm.SearchField{\"placeholder\":\"Search\"}"}]}
RESULT: undefined
COMMAND: POST /session/f519eddc2ea26d61ca30e526d103b44b/execute/async - {"script":"<script> [776 bytes]","args":[{"enterText":"10001013","selector":{"controlType":"sap.m.SearchField","properties":{"placeholder":"Search"},"searchOpenDialogs":true,"interaction":{"idSuffix":"I"}},"clearTextFirst":true,"interactionType":"ENTER_TEXT"}]}
RESULT: {"script":"<script> [776 bytes]","args":[{"enterText":"10001013","selector":{"controlType":"sap.m.SearchField","properties":{"placeholder":"Search"},"searchOpenDialogs":true,"interaction":{"idSuffix":"I"}},"clearTextFirst":true,"interactionType":"ENTER_TEXT"}]}
COMMAND: POST /session/f519eddc2ea26d61ca30e526d103b44b/actions - {"actions":[{"id":"action7","type":"key","parameters":{},"actions":[{"type":"keyDown","value":"î€‡"},{"type":"pause","duration":10},{"type":"keyUp","value":"î€‡"}]}]}
RESULT: {"actions":[{"id":"action7","type":"key","parameters":{},"actions":[{"type":"keyDown","value":"î€‡"},{"type":"pause","duration":10},{"type":"keyUp","value":"î€‡"}]}]}
COMMAND: GET /session/f519eddc2ea26d61ca30e526d103b44b/screenshot - {}
RESULT: {}
COMMAND: POST /session/f519eddc2ea26d61ca30e526d103b44b/element - {"using":"xpath","value":"//span[contains(text(), \"General Management\")]"}
RESULT: {"using":"xpath","value":"//span[contains(text(), \"General Management\")]"}
COMMAND: POST /session/f519eddc2ea26d61ca30e526d103b44b/element/f.A346BA6B978C9328C0C2B851E75B8348.d.C31540188E582C75D1718881EF7A7947.e.3727/click - {}
RESULT: {}
COMMAND: GET /session/f519eddc2ea26d61ca30e526d103b44b/screenshot - {}
RESULT: {}
COMMAND: POST /session/f519eddc2ea26d61ca30e526d103b44b/element - {"using":"xpath","value":"//bdi[contains(text(), \"OK\")]"}
RESULT: {"using":"xpath","value":"//bdi[contains(text(), \"OK\")]"}
COMMAND: POST /session/f519eddc2ea26d61ca30e526d103b44b/element/f.A346BA6B978C9328C0C2B851E75B8348.d.C31540188E582C75D1718881EF7A7947.e.3728/click - {}
RESULT: {}
COMMAND: GET /session/f519eddc2ea26d61ca30e526d103b44b/screenshot - {}
RESULT: {}
COMMAND: POST /session/f519eddc2ea26d61ca30e526d103b44b/element - {"using":"xpath","value":"//input[@id=\"application-managepartners-display-component---NewPartner--companyCodeComboBox-inner\"]"}
RESULT: {"using":"xpath","value":"//input[@id=\"application-managepartners-display-component---NewPartner--companyCodeComboBox-inner\"]"}
COMMAND: POST /session/f519eddc2ea26d61ca30e526d103b44b/element/f.A346BA6B978C9328C0C2B851E75B8348.d.C31540188E582C75D1718881EF7A7947.e.3522/clear - {}
RESULT: {}
COMMAND: POST /session/f519eddc2ea26d61ca30e526d103b44b/element/f.A346BA6B978C9328C0C2B851E75B8348.d.C31540188E582C75D1718881EF7A7947.e.3522/value - {"text":"C002"}
COMMAND: GET /session/f519eddc2ea26d61ca30e526d103b44b/screenshot - {}
RESULT: {"text":"C002"}
COMMAND: GET /session/f519eddc2ea26d61ca30e526d103b44b/screenshot - {}
RESULT: {}
RESULT: {}
COMMAND: POST /session/f519eddc2ea26d61ca30e526d103b44b/element - {"using":"xpath","value":"//span[contains(text(), \"C002\")]"}
RESULT: {"using":"xpath","value":"//span[contains(text(), \"C002\")]"}
COMMAND: POST /session/f519eddc2ea26d61ca30e526d103b44b/element/f.A346BA6B978C9328C0C2B851E75B8348.d.C31540188E582C75D1718881EF7A7947.e.3734/click - {}
RESULT: {}
COMMAND: GET /session/f519eddc2ea26d61ca30e526d103b44b/screenshot - {}
RESULT: {}
COMMAND: POST /session/f519eddc2ea26d61ca30e526d103b44b/execute/async - {"script":"<script> [1562 bytes]","args":[{"selector":{"id":"application-managepartners-display-component---NewPartner--btnAddTableRow-img"},"wdio_ui5_key":"applicationmanagepartners-display-component---NewPartner--btnAddTableRow-img"}]}
RESULT: {"script":"<script> [1562 bytes]","args":[{"selector":{"id":"application-managepartners-display-component---NewPartner--btnAddTableRow-img"},"wdio_ui5_key":"applicationmanagepartners-display-component---NewPartner--btnAddTableRow-img"}]}
RESULT: undefined
COMMAND: POST /session/f519eddc2ea26d61ca30e526d103b44b/element - {"using":"xpath","value":"//*[@id=\"application-managepartners-display-component---NewPartner--btnAddTableRow-img\"]"}
RESULT: {"using":"xpath","value":"//*[@id=\"application-managepartners-display-component---NewPartner--btnAddTableRow-img\"]"}
COMMAND: POST /session/f519eddc2ea26d61ca30e526d103b44b/element/f.A346BA6B978C9328C0C2B851E75B8348.d.C31540188E582C75D1718881EF7A7947.e.3735/click - {}
RESULT: {}
COMMAND: GET /session/f519eddc2ea26d61ca30e526d103b44b/screenshot - {}
RESULT: {}
COMMAND: POST /session/f519eddc2ea26d61ca30e526d103b44b/element - {"using":"xpath","value":"//input[@id=\"application-managepartners-display-component---NewPartner--assignmentYard-application-managepartners-display-component---NewPartner--assignmentsTable-0-inner\"]"}
RESULT: {"using":"xpath","value":"//input[@id=\"application-managepartners-display-component---NewPartner--assignmentYard-application-managepartners-display-component---NewPartner--assignmentsTable-0-inner\"]"}
COMMAND: POST /session/f519eddc2ea26d61ca30e526d103b44b/element/f.A346BA6B978C9328C0C2B851E75B8348.d.C31540188E582C75D1718881EF7A7947.e.3738/clear - {}
RESULT: {}
COMMAND: POST /session/f519eddc2ea26d61ca30e526d103b44b/element/f.A346BA6B978C9328C0C2B851E75B8348.d.C31540188E582C75D1718881EF7A7947.e.3738/value - {"text":"309"}
COMMAND: GET /session/f519eddc2ea26d61ca30e526d103b44b/screenshot - {}
RESULT: {"text":"309"}
COMMAND: GET /session/f519eddc2ea26d61ca30e526d103b44b/screenshot - {}
RESULT: {}
RESULT: {}
COMMAND: POST /session/f519eddc2ea26d61ca30e526d103b44b/element - {"using":"xpath","value":"//li[.//span[text()='309']]"}
RESULT: {"using":"xpath","value":"//li[.//span[text()='309']]"}
COMMAND: POST /session/f519eddc2ea26d61ca30e526d103b44b/element/f.A346BA6B978C9328C0C2B851E75B8348.d.C31540188E582C75D1718881EF7A7947.e.3747/click - {}
RESULT: {}
COMMAND: GET /session/f519eddc2ea26d61ca30e526d103b44b/screenshot - {}
RESULT: {}
COMMAND: POST /session/f519eddc2ea26d61ca30e526d103b44b/actions - {"actions":[{"id":"action8","type":"key","parameters":{},"actions":[{"type":"keyDown","value":"î€‡"},{"type":"pause","duration":10},{"type":"keyUp","value":"î€‡"}]}]}
RESULT: {"actions":[{"id":"action8","type":"key","parameters":{},"actions":[{"type":"keyDown","value":"î€‡"},{"type":"pause","duration":10},{"type":"keyUp","value":"î€‡"}]}]}
COMMAND: POST /session/f519eddc2ea26d61ca30e526d103b44b/execute/async - {"script":"<script> [1562 bytes]","args":[{"selector":{"id":"application-managepartners-display-component---NewPartner--externalCustomerComboBox-application-managepartners-display-component---NewPartner--assignmentsTable-0-vhi"},"wdio_ui5_key":"applicationmanagepartners-display-component---NewPartner--externalCustomerComboBox-application-managepartners-display-component---NewPartner--assignmentsTable-0-vhi"}]}
COMMAND: GET /session/f519eddc2ea26d61ca30e526d103b44b/screenshot - {}
RESULT: {"script":"<script> [1562 bytes]","args":[{"selector":{"id":"application-managepartners-display-component---NewPartner--externalCustomerComboBox-application-managepartners-display-component---NewPartner--assignmentsTable-0-vhi"},"wdio_ui5_key":"applicationmanagepartners-display-component---NewPartner--externalCustomerComboBox-application-managepartners-display-component---NewPartner--assignmentsTable-0-vhi"}]}
RESULT: undefined
COMMAND: POST /session/f519eddc2ea26d61ca30e526d103b44b/element - {"using":"xpath","value":"//*[@id=\"application-managepartners-display-component---NewPartner--externalCustomerComboBox-application-managepartners-display-component---NewPartner--assignmentsTable-0-vhi\"]"}
RESULT: {}
RESULT: {"using":"xpath","value":"//*[@id=\"application-managepartners-display-component---NewPartner--externalCustomerComboBox-application-managepartners-display-component---NewPartner--assignmentsTable-0-vhi\"]"}
COMMAND: POST /session/f519eddc2ea26d61ca30e526d103b44b/element/f.A346BA6B978C9328C0C2B851E75B8348.d.C31540188E582C75D1718881EF7A7947.e.3751/click - {}
RESULT: {}
RESULT: undefined
COMMAND: POST /session/f519eddc2ea26d61ca30e526d103b44b/execute/async - {"script":"<script> [776 bytes]","args":[{"enterText":"300003","selector":{"controlType":"sap.m.SearchField","properties":{"placeholder":"Search"},"searchOpenDialogs":true,"interaction":{"idSuffix":"I"}},"clearTextFirst":true,"interactionType":"ENTER_TEXT"}]}
COMMAND: GET /session/f519eddc2ea26d61ca30e526d103b44b/screenshot - {}
RESULT: {"script":"<script> [776 bytes]","args":[{"enterText":"300003","selector":{"controlType":"sap.m.SearchField","properties":{"placeholder":"Search"},"searchOpenDialogs":true,"interaction":{"idSuffix":"I"}},"clearTextFirst":true,"interactionType":"ENTER_TEXT"}]}
COMMAND: POST /session/f519eddc2ea26d61ca30e526d103b44b/actions - {"actions":[{"id":"action9","type":"key","parameters":{},"actions":[{"type":"keyDown","value":"î€‡"},{"type":"pause","duration":10},{"type":"keyUp","value":"î€‡"}]}]}
RESULT: {}
RESULT: {"actions":[{"id":"action9","type":"key","parameters":{},"actions":[{"type":"keyDown","value":"î€‡"},{"type":"pause","duration":10},{"type":"keyUp","value":"î€‡"}]}]}
COMMAND: GET /session/f519eddc2ea26d61ca30e526d103b44b/screenshot - {}
RESULT: {}
COMMAND: POST /session/f519eddc2ea26d61ca30e526d103b44b/element - {"using":"xpath","value":"//span[contains(text(), \"300003\")]"}
RESULT: {"using":"xpath","value":"//span[contains(text(), \"300003\")]"}
COMMAND: POST /session/f519eddc2ea26d61ca30e526d103b44b/element/f.A346BA6B978C9328C0C2B851E75B8348.d.C31540188E582C75D1718881EF7A7947.e.3768/click - {}
RESULT: {}
COMMAND: GET /session/f519eddc2ea26d61ca30e526d103b44b/screenshot - {}
RESULT: {}
COMMAND: POST /session/f519eddc2ea26d61ca30e526d103b44b/element - {"using":"xpath","value":"//bdi[contains(text(), \"OK\")]"}
RESULT: {"using":"xpath","value":"//bdi[contains(text(), \"OK\")]"}
COMMAND: POST /session/f519eddc2ea26d61ca30e526d103b44b/element/f.A346BA6B978C9328C0C2B851E75B8348.d.C31540188E582C75D1718881EF7A7947.e.3770/click - {}
RESULT: {}
COMMAND: GET /session/f519eddc2ea26d61ca30e526d103b44b/screenshot - {}
RESULT: {}
COMMAND: POST /session/f519eddc2ea26d61ca30e526d103b44b/execute/async - {"script":"<script> [1562 bytes]","args":[{"selector":{"id":"application-managepartners-display-component---NewPartner--intercompVendorComboBox-application-managepartners-display-component---NewPartner--assignmentsTable-0-vhi"},"wdio_ui5_key":"applicationmanagepartners-display-component---NewPartner--intercompVendorComboBox-application-managepartners-display-component---NewPartner--assignmentsTable-0-vhi"}]}
RESULT: {"script":"<script> [1562 bytes]","args":[{"selector":{"id":"application-managepartners-display-component---NewPartner--intercompVendorComboBox-application-managepartners-display-component---NewPartner--assignmentsTable-0-vhi"},"wdio_ui5_key":"applicationmanagepartners-display-component---NewPartner--intercompVendorComboBox-application-managepartners-display-component---NewPartner--assignmentsTable-0-vhi"}]}
RESULT: undefined
COMMAND: POST /session/f519eddc2ea26d61ca30e526d103b44b/element - {"using":"xpath","value":"//*[@id=\"application-managepartners-display-component---NewPartner--intercompVendorComboBox-application-managepartners-display-component---NewPartner--assignmentsTable-0-vhi\"]"}
RESULT: {"using":"xpath","value":"//*[@id=\"application-managepartners-display-component---NewPartner--intercompVendorComboBox-application-managepartners-display-component---NewPartner--assignmentsTable-0-vhi\"]"}
COMMAND: POST /session/f519eddc2ea26d61ca30e526d103b44b/element/f.A346BA6B978C9328C0C2B851E75B8348.d.C31540188E582C75D1718881EF7A7947.e.3773/click - {}
RESULT: {}
RESULT: undefined
COMMAND: POST /session/f519eddc2ea26d61ca30e526d103b44b/execute/async - {"script":"<script> [776 bytes]","args":[{"enterText":"100005","selector":{"controlType":"sap.m.SearchField","properties":{"placeholder":"Search"},"searchOpenDialogs":true,"interaction":{"idSuffix":"I"}},"clearTextFirst":true,"interactionType":"ENTER_TEXT"}]}
COMMAND: GET /session/f519eddc2ea26d61ca30e526d103b44b/screenshot - {}
RESULT: {"script":"<script> [776 bytes]","args":[{"enterText":"100005","selector":{"controlType":"sap.m.SearchField","properties":{"placeholder":"Search"},"searchOpenDialogs":true,"interaction":{"idSuffix":"I"}},"clearTextFirst":true,"interactionType":"ENTER_TEXT"}]}
COMMAND: POST /session/f519eddc2ea26d61ca30e526d103b44b/actions - {"actions":[{"id":"action10","type":"key","parameters":{},"actions":[{"type":"keyDown","value":"î€‡"},{"type":"pause","duration":10},{"type":"keyUp","value":"î€‡"}]}]}
RESULT: {}
RESULT: {"actions":[{"id":"action10","type":"key","parameters":{},"actions":[{"type":"keyDown","value":"î€‡"},{"type":"pause","duration":10},{"type":"keyUp","value":"î€‡"}]}]}
COMMAND: GET /session/f519eddc2ea26d61ca30e526d103b44b/screenshot - {}
RESULT: {}
COMMAND: POST /session/f519eddc2ea26d61ca30e526d103b44b/element - {"using":"xpath","value":"//span[contains(text(), \"Penguins - Field/12345 Berlin\")]"}
RESULT: {"using":"xpath","value":"//span[contains(text(), \"Penguins - Field/12345 Berlin\")]"}
COMMAND: POST /session/f519eddc2ea26d61ca30e526d103b44b/element/f.A346BA6B978C9328C0C2B851E75B8348.d.C31540188E582C75D1718881EF7A7947.e.3791/click - {}
RESULT: {}
COMMAND: GET /session/f519eddc2ea26d61ca30e526d103b44b/screenshot - {}
RESULT: {}
COMMAND: POST /session/f519eddc2ea26d61ca30e526d103b44b/element - {"using":"xpath","value":"//bdi[contains(text(), \"OK\")]"}
RESULT: {"using":"xpath","value":"//bdi[contains(text(), \"OK\")]"}
COMMAND: POST /session/f519eddc2ea26d61ca30e526d103b44b/element/f.A346BA6B978C9328C0C2B851E75B8348.d.C31540188E582C75D1718881EF7A7947.e.3792/click - {}
RESULT: {}
COMMAND: GET /session/f519eddc2ea26d61ca30e526d103b44b/screenshot - {}
RESULT: {}
COMMAND: POST /session/f519eddc2ea26d61ca30e526d103b44b/element - {"using":"xpath","value":"//button[@data-kt=\"saveButton\"]"}
RESULT: {"using":"xpath","value":"//button[@data-kt=\"saveButton\"]"}
COMMAND: POST /session/f519eddc2ea26d61ca30e526d103b44b/element/f.A346BA6B978C9328C0C2B851E75B8348.d.C31540188E582C75D1718881EF7A7947.e.3597/click - {}
RESULT: {}
COMMAND: GET /session/f519eddc2ea26d61ca30e526d103b44b/screenshot - {}
RESULT: {}
COMMAND: POST /session/f519eddc2ea26d61ca30e526d103b44b/element - {"using":"xpath","value":"//header[contains(@id, 'ObjectPageLayout-headerTitle')]/div[1]/div[2]/div[2]/span[1]"}
RESULT: {"using":"xpath","value":"//header[contains(@id, 'ObjectPageLayout-headerTitle')]/div[1]/div[2]/div[2]/span[1]"}
COMMAND: POST /session/f519eddc2ea26d61ca30e526d103b44b/elements - {"using":"xpath","value":"//header[contains(@id, 'ObjectPageLayout-headerTitle')]/div[1]/div[2]/div[2]/span[1]"}
RESULT: {"using":"xpath","value":"//header[contains(@id, 'ObjectPageLayout-headerTitle')]/div[1]/div[2]/div[2]/span[1]"}
COMMAND: POST /session/f519eddc2ea26d61ca30e526d103b44b/execute/sync - {"script":"<script> [56 bytes]","args":[{"element-6066-11e4-a52e-4f735466cecf":"f.A346BA6B978C9328C0C2B851E75B8348.d.C31540188E582C75D1718881EF7A7947.e.3957","ELEMENT":"f.A346BA6B978C9328C0C2B851E75B8348.d.C31540188E582C75D1718881EF7A7947.e.3957"}]}
RESULT: {"script":"<script> [56 bytes]","args":[{"element-6066-11e4-a52e-4f735466cecf":"f.A346BA6B978C9328C0C2B851E75B8348.d.C31540188E582C75D1718881EF7A7947.e.3957","ELEMENT":"f.A346BA6B978C9328C0C2B851E75B8348.d.C31540188E582C75D1718881EF7A7947.e.3957"}]}
COMMAND: POST /session/f519eddc2ea26d61ca30e526d103b44b/element - {"using":"css selector","value":"#shell-header-logo"}
COMMAND: GET /session/f519eddc2ea26d61ca30e526d103b44b/screenshot - {}
RESULT: {"using":"css selector","value":"#shell-header-logo"}
COMMAND: POST /session/f519eddc2ea26d61ca30e526d103b44b/element/f.A346BA6B978C9328C0C2B851E75B8348.d.C31540188E582C75D1718881EF7A7947.e.3175/click - {}
RESULT: {}
RESULT: {}
COMMAND: GET /session/f519eddc2ea26d61ca30e526d103b44b/screenshot - {}
RESULT: {}
COMMAND: POST /session/f519eddc2ea26d61ca30e526d103b44b/execute/sync - {"script":"<script> [299 bytes]","args":[["getModel","getResource"]]}
RESULT: {"script":"<script> [299 bytes]","args":[["getModel","getResource"]]}
RESULT: undefined
COMMAND: POST /session/f519eddc2ea26d61ca30e526d103b44b/element - {"using":"xpath","value":"//*[@id=\"__tile30\"]"}
COMMAND: GET /session/f519eddc2ea26d61ca30e526d103b44b/screenshot - {}
RESULT: {}
RESULT: {"using":"xpath","value":"//*[@id=\"__tile30\"]"}
COMMAND: POST /session/f519eddc2ea26d61ca30e526d103b44b/element/f.A346BA6B978C9328C0C2B851E75B8348.d.C31540188E582C75D1718881EF7A7947.e.3095/click - {}
RESULT: {}
COMMAND: POST /session/f519eddc2ea26d61ca30e526d103b44b/element - {"using":"xpath","value":"//button[@data-kt=\"addButton\"]"}
COMMAND: GET /session/f519eddc2ea26d61ca30e526d103b44b/screenshot - {}
RESULT: {"using":"xpath","value":"//button[@data-kt=\"addButton\"]"}
COMMAND: POST /session/f519eddc2ea26d61ca30e526d103b44b/elements - {"using":"xpath","value":"//button[@data-kt=\"addButton\"]"}
RESULT: {}
RESULT: {"using":"xpath","value":"//button[@data-kt=\"addButton\"]"}
COMMAND: POST /session/f519eddc2ea26d61ca30e526d103b44b/elements - {"using":"xpath","value":"//button[@data-kt=\"addButton\"]"}
RESULT: {"using":"xpath","value":"//button[@data-kt=\"addButton\"]"}
COMMAND: POST /session/f519eddc2ea26d61ca30e526d103b44b/elements - {"using":"xpath","value":"//button[@data-kt=\"addButton\"]"}
RESULT: {"using":"xpath","value":"//button[@data-kt=\"addButton\"]"}
COMMAND: POST /session/f519eddc2ea26d61ca30e526d103b44b/elements - {"using":"xpath","value":"//button[@data-kt=\"addButton\"]"}
RESULT: {"using":"xpath","value":"//button[@data-kt=\"addButton\"]"}
COMMAND: POST /session/f519eddc2ea26d61ca30e526d103b44b/elements - {"using":"xpath","value":"//button[@data-kt=\"addButton\"]"}
RESULT: {"using":"xpath","value":"//button[@data-kt=\"addButton\"]"}
COMMAND: POST /session/f519eddc2ea26d61ca30e526d103b44b/elements - {"using":"xpath","value":"//button[@data-kt=\"addButton\"]"}
RESULT: {"using":"xpath","value":"//button[@data-kt=\"addButton\"]"}
COMMAND: POST /session/f519eddc2ea26d61ca30e526d103b44b/elements - {"using":"xpath","value":"//button[@data-kt=\"addButton\"]"}
RESULT: {"using":"xpath","value":"//button[@data-kt=\"addButton\"]"}
COMMAND: POST /session/f519eddc2ea26d61ca30e526d103b44b/elements - {"using":"xpath","value":"//button[@data-kt=\"addButton\"]"}
RESULT: {"using":"xpath","value":"//button[@data-kt=\"addButton\"]"}
COMMAND: POST /session/f519eddc2ea26d61ca30e526d103b44b/elements - {"using":"xpath","value":"//button[@data-kt=\"addButton\"]"}
RESULT: {"using":"xpath","value":"//button[@data-kt=\"addButton\"]"}
COMMAND: POST /session/f519eddc2ea26d61ca30e526d103b44b/elements - {"using":"xpath","value":"//button[@data-kt=\"addButton\"]"}
RESULT: {"using":"xpath","value":"//button[@data-kt=\"addButton\"]"}
COMMAND: POST /session/f519eddc2ea26d61ca30e526d103b44b/elements - {"using":"xpath","value":"//button[@data-kt=\"addButton\"]"}
RESULT: {"using":"xpath","value":"//button[@data-kt=\"addButton\"]"}
COMMAND: POST /session/f519eddc2ea26d61ca30e526d103b44b/elements - {"using":"xpath","value":"//button[@data-kt=\"addButton\"]"}
RESULT: {"using":"xpath","value":"//button[@data-kt=\"addButton\"]"}
COMMAND: POST /session/f519eddc2ea26d61ca30e526d103b44b/elements - {"using":"xpath","value":"//button[@data-kt=\"addButton\"]"}
RESULT: {"using":"xpath","value":"//button[@data-kt=\"addButton\"]"}
COMMAND: POST /session/f519eddc2ea26d61ca30e526d103b44b/elements - {"using":"xpath","value":"//button[@data-kt=\"addButton\"]"}
RESULT: {"using":"xpath","value":"//button[@data-kt=\"addButton\"]"}
COMMAND: POST /session/f519eddc2ea26d61ca30e526d103b44b/element - {"using":"xpath","value":"//button[@data-kt=\"addButton\"]"}
RESULT: {"using":"xpath","value":"//button[@data-kt=\"addButton\"]"}
COMMAND: POST /session/f519eddc2ea26d61ca30e526d103b44b/execute/sync - {"script":"<script> [8489 bytes]","args":[{"element-6066-11e4-a52e-4f735466cecf":"f.A346BA6B978C9328C0C2B851E75B8348.d.C31540188E582C75D1718881EF7A7947.e.4005","ELEMENT":"f.A346BA6B978C9328C0C2B851E75B8348.d.C31540188E582C75D1718881EF7A7947.e.4005"}]}
RESULT: {"script":"<script> [8489 bytes]","args":[{"element-6066-11e4-a52e-4f735466cecf":"f.A346BA6B978C9328C0C2B851E75B8348.d.C31540188E582C75D1718881EF7A7947.e.4005","ELEMENT":"f.A346BA6B978C9328C0C2B851E75B8348.d.C31540188E582C75D1718881EF7A7947.e.4005"}]}
COMMAND: GET /session/f519eddc2ea26d61ca30e526d103b44b/element/f.A346BA6B978C9328C0C2B851E75B8348.d.C31540188E582C75D1718881EF7A7947.e.4005/enabled - {}
COMMAND: GET /session/f519eddc2ea26d61ca30e526d103b44b/screenshot - {}
RESULT: {}
COMMAND: POST /session/f519eddc2ea26d61ca30e526d103b44b/execute/sync - {"script":"<script> [8489 bytes]","args":[{"element-6066-11e4-a52e-4f735466cecf":"f.A346BA6B978C9328C0C2B851E75B8348.d.C31540188E582C75D1718881EF7A7947.e.4005","ELEMENT":"f.A346BA6B978C9328C0C2B851E75B8348.d.C31540188E582C75D1718881EF7A7947.e.4005"}]}
COMMAND: GET /session/f519eddc2ea26d61ca30e526d103b44b/screenshot - {}
RESULT: {}
RESULT: {"script":"<script> [8489 bytes]","args":[{"element-6066-11e4-a52e-4f735466cecf":"f.A346BA6B978C9328C0C2B851E75B8348.d.C31540188E582C75D1718881EF7A7947.e.4005","ELEMENT":"f.A346BA6B978C9328C0C2B851E75B8348.d.C31540188E582C75D1718881EF7A7947.e.4005"}]}
COMMAND: POST /session/f519eddc2ea26d61ca30e526d103b44b/execute/sync - {"script":"<script> [5351 bytes]","args":[{"element-6066-11e4-a52e-4f735466cecf":"f.A346BA6B978C9328C0C2B851E75B8348.d.C31540188E582C75D1718881EF7A7947.e.4005","ELEMENT":"f.A346BA6B978C9328C0C2B851E75B8348.d.C31540188E582C75D1718881EF7A7947.e.4005"}]}
COMMAND: GET /session/f519eddc2ea26d61ca30e526d103b44b/screenshot - {}
RESULT: {}
RESULT: {"script":"<script> [5351 bytes]","args":[{"element-6066-11e4-a52e-4f735466cecf":"f.A346BA6B978C9328C0C2B851E75B8348.d.C31540188E582C75D1718881EF7A7947.e.4005","ELEMENT":"f.A346BA6B978C9328C0C2B851E75B8348.d.C31540188E582C75D1718881EF7A7947.e.4005"}]}
COMMAND: GET /session/f519eddc2ea26d61ca30e526d103b44b/screenshot - {}
RESULT: {}
RESULT: {}
COMMAND: POST /session/f519eddc2ea26d61ca30e526d103b44b/execute/async - {"script":"<script> [1562 bytes]","args":[{"selector":{"id":"application-managepartners-display-component---masterPtm--smartFilterBar-btnBasicSearch","interaction":{"idSuffix":"I"}},"wdio_ui5_key":"applicationmanagepartners-display-component---masterPtm--smartFilterBar-btnBasicSearch"}]}
RESULT: {"script":"<script> [1562 bytes]","args":[{"selector":{"id":"application-managepartners-display-component---masterPtm--smartFilterBar-btnBasicSearch","interaction":{"idSuffix":"I"}},"wdio_ui5_key":"applicationmanagepartners-display-component---masterPtm--smartFilterBar-btnBasicSearch"}]}
RESULT: undefined
COMMAND: POST /session/f519eddc2ea26d61ca30e526d103b44b/execute/async - {"script":"<script> [776 bytes]","args":[{"enterText":"1172","selector":{"id":"application-managepartners-display-component---masterPtm--smartFilterBar-btnBasicSearch","interaction":{"idSuffix":"I"}},"clearTextFirst":true,"interactionType":"ENTER_TEXT"}]}
RESULT: {"script":"<script> [776 bytes]","args":[{"enterText":"1172","selector":{"id":"application-managepartners-display-component---masterPtm--smartFilterBar-btnBasicSearch","interaction":{"idSuffix":"I"}},"clearTextFirst":true,"interactionType":"ENTER_TEXT"}]}
COMMAND: POST /session/f519eddc2ea26d61ca30e526d103b44b/actions - {"actions":[{"id":"action11","type":"key","parameters":{},"actions":[{"type":"keyDown","value":"î€‡"},{"type":"pause","duration":10},{"type":"keyUp","value":"î€‡"}]}]}
RESULT: {"actions":[{"id":"action11","type":"key","parameters":{},"actions":[{"type":"keyDown","value":"î€‡"},{"type":"pause","duration":10},{"type":"keyUp","value":"î€‡"}]}]}
COMMAND: GET /session/f519eddc2ea26d61ca30e526d103b44b/screenshot - {}
RESULT: {}
COMMAND: POST /session/f519eddc2ea26d61ca30e526d103b44b/elements - {"using":"xpath","value":"//table[contains(@id, \"customPartnersTable-listUl\")]/tbody/tr"}
RESULT: {"using":"xpath","value":"//table[contains(@id, \"customPartnersTable-listUl\")]/tbody/tr"}
COMMAND: POST /session/f519eddc2ea26d61ca30e526d103b44b/element - {"using":"xpath","value":"//table[contains(@id, \"customPartnersTable-listUl\")]/tbody/tr[1]/td[3]/span"}
RESULT: {"using":"xpath","value":"//table[contains(@id, \"customPartnersTable-listUl\")]/tbody/tr[1]/td[3]/span"}
COMMAND: POST /session/f519eddc2ea26d61ca30e526d103b44b/elements - {"using":"xpath","value":"//table[contains(@id, \"customPartnersTable-listUl\")]/tbody/tr[1]/td[3]/span"}
RESULT: {"using":"xpath","value":"//table[contains(@id, \"customPartnersTable-listUl\")]/tbody/tr[1]/td[3]/span"}
COMMAND: POST /session/f519eddc2ea26d61ca30e526d103b44b/execute/sync - {"script":"<script> [56 bytes]","args":[{"element-6066-11e4-a52e-4f735466cecf":"f.A346BA6B978C9328C0C2B851E75B8348.d.C31540188E582C75D1718881EF7A7947.e.4142","ELEMENT":"f.A346BA6B978C9328C0C2B851E75B8348.d.C31540188E582C75D1718881EF7A7947.e.4142"}]}
RESULT: {"script":"<script> [56 bytes]","args":[{"element-6066-11e4-a52e-4f735466cecf":"f.A346BA6B978C9328C0C2B851E75B8348.d.C31540188E582C75D1718881EF7A7947.e.4142","ELEMENT":"f.A346BA6B978C9328C0C2B851E75B8348.d.C31540188E582C75D1718881EF7A7947.e.4142"}]}
COMMAND: POST /session/f519eddc2ea26d61ca30e526d103b44b/element - {"using":"xpath","value":"(//span[contains(@id, \"imgNav\")])[1]"}
COMMAND: GET /session/f519eddc2ea26d61ca30e526d103b44b/screenshot - {}
RESULT: {"using":"xpath","value":"(//span[contains(@id, \"imgNav\")])[1]"}
COMMAND: POST /session/f519eddc2ea26d61ca30e526d103b44b/element/f.A346BA6B978C9328C0C2B851E75B8348.d.C31540188E582C75D1718881EF7A7947.e.4139/click - {}
RESULT: {}
RESULT: {}
COMMAND: GET /session/f519eddc2ea26d61ca30e526d103b44b/screenshot - {}
RESULT: {}
COMMAND: POST /session/f519eddc2ea26d61ca30e526d103b44b/element - {"using":"xpath","value":"//bdi[contains(text(), \"Edit\")]"}
RESULT: {"using":"xpath","value":"//bdi[contains(text(), \"Edit\")]"}
COMMAND: POST /session/f519eddc2ea26d61ca30e526d103b44b/element/f.A346BA6B978C9328C0C2B851E75B8348.d.C31540188E582C75D1718881EF7A7947.e.4288/click - {}
RESULT: {}
COMMAND: GET /session/f519eddc2ea26d61ca30e526d103b44b/screenshot - {}
RESULT: {}
COMMAND: POST /session/f519eddc2ea26d61ca30e526d103b44b/execute/async - {"script":"<script> [1562 bytes]","args":[{"selector":{"controlType":"sap.m.Input","viewName":"etm.portal.ui.managepartners.view.EditDetail","labelFor":{"text":"Name"},"interaction":{"idSuffix":"inner"}},"wdio_ui5_key":"etmportal.ui.managepartners.view.EditDetailsap.m.Input{\"text\":\"Name\"}"}]}
RESULT: {"script":"<script> [1562 bytes]","args":[{"selector":{"controlType":"sap.m.Input","viewName":"etm.portal.ui.managepartners.view.EditDetail","labelFor":{"text":"Name"},"interaction":{"idSuffix":"inner"}},"wdio_ui5_key":"etmportal.ui.managepartners.view.EditDetailsap.m.Input{\"text\":\"Name\"}"}]}
RESULT: undefined
COMMAND: POST /session/f519eddc2ea26d61ca30e526d103b44b/execute/async - {"script":"<script> [776 bytes]","args":[{"enterText":"Intercompany EDIT","selector":{"controlType":"sap.m.Input","viewName":"etm.portal.ui.managepartners.view.EditDetail","labelFor":{"text":"Name"},"interaction":{"idSuffix":"inner"}},"clearTextFirst":true,"interactionType":"ENTER_TEXT"}]}
RESULT: {"script":"<script> [776 bytes]","args":[{"enterText":"Intercompany EDIT","selector":{"controlType":"sap.m.Input","viewName":"etm.portal.ui.managepartners.view.EditDetail","labelFor":{"text":"Name"},"interaction":{"idSuffix":"inner"}},"clearTextFirst":true,"interactionType":"ENTER_TEXT"}]}
COMMAND: POST /session/f519eddc2ea26d61ca30e526d103b44b/element - {"using":"xpath","value":"(//span[contains(@id,\"addressDetailDetailsLanguage-arrow\")])[1]"}
RESULT: {"using":"xpath","value":"(//span[contains(@id,\"addressDetailDetailsLanguage-arrow\")])[1]"}
COMMAND: POST /session/f519eddc2ea26d61ca30e526d103b44b/element/f.A346BA6B978C9328C0C2B851E75B8348.d.C31540188E582C75D1718881EF7A7947.e.4372/click - {}
RESULT: {}
COMMAND: POST /session/f519eddc2ea26d61ca30e526d103b44b/element - {"using":"xpath","value":"//span[contains(text(), \"Chinese\")]"}
COMMAND: GET /session/f519eddc2ea26d61ca30e526d103b44b/screenshot - {}
RESULT: {"using":"xpath","value":"//span[contains(text(), \"Chinese\")]"}
COMMAND: POST /session/f519eddc2ea26d61ca30e526d103b44b/element/f.A346BA6B978C9328C0C2B851E75B8348.d.C31540188E582C75D1718881EF7A7947.e.4373/click - {}
RESULT: {}
RESULT: {}
COMMAND: GET /session/f519eddc2ea26d61ca30e526d103b44b/screenshot - {}
RESULT: {}
COMMAND: POST /session/f519eddc2ea26d61ca30e526d103b44b/execute/async - {"script":"<script> [1562 bytes]","args":[{"selector":{"controlType":"sap.m.Input","viewName":"etm.portal.ui.managepartners.view.EditDetail","labelFor":{"text":"City"},"interaction":{"idSuffix":"inner"}},"wdio_ui5_key":"etmportal.ui.managepartners.view.EditDetailsap.m.Input{\"text\":\"City\"}"}]}
RESULT: {"script":"<script> [1562 bytes]","args":[{"selector":{"controlType":"sap.m.Input","viewName":"etm.portal.ui.managepartners.view.EditDetail","labelFor":{"text":"City"},"interaction":{"idSuffix":"inner"}},"wdio_ui5_key":"etmportal.ui.managepartners.view.EditDetailsap.m.Input{\"text\":\"City\"}"}]}
RESULT: undefined
COMMAND: POST /session/f519eddc2ea26d61ca30e526d103b44b/execute/async - {"script":"<script> [776 bytes]","args":[{"enterText":"Clooj-Napoca","selector":{"controlType":"sap.m.Input","viewName":"etm.portal.ui.managepartners.view.EditDetail","labelFor":{"text":"City"},"interaction":{"idSuffix":"inner"}},"clearTextFirst":true,"interactionType":"ENTER_TEXT"}]}
RESULT: {"script":"<script> [776 bytes]","args":[{"enterText":"Clooj-Napoca","selector":{"controlType":"sap.m.Input","viewName":"etm.portal.ui.managepartners.view.EditDetail","labelFor":{"text":"City"},"interaction":{"idSuffix":"inner"}},"clearTextFirst":true,"interactionType":"ENTER_TEXT"}]}
COMMAND: POST /session/f519eddc2ea26d61ca30e526d103b44b/element - {"using":"xpath","value":"//button[@data-kt=\"saveButton\"]"}
RESULT: {"using":"xpath","value":"//button[@data-kt=\"saveButton\"]"}
COMMAND: POST /session/f519eddc2ea26d61ca30e526d103b44b/element/f.A346BA6B978C9328C0C2B851E75B8348.d.C31540188E582C75D1718881EF7A7947.e.4350/click - {}
RESULT: {}
COMMAND: GET /session/f519eddc2ea26d61ca30e526d103b44b/screenshot - {}
RESULT: {}
COMMAND: POST /session/f519eddc2ea26d61ca30e526d103b44b/execute/async - {"script":"<script> [1562 bytes]","args":[{"selector":{"id":"application-managepartners-display-component---detailPtm--addressDetailDetailsName1"},"wdio_ui5_key":"applicationmanagepartners-display-component---detailPtm--addressDetailDetailsName1"}]}
RESULT: {"script":"<script> [1562 bytes]","args":[{"selector":{"id":"application-managepartners-display-component---detailPtm--addressDetailDetailsName1"},"wdio_ui5_key":"applicationmanagepartners-display-component---detailPtm--addressDetailDetailsName1"}]}
RESULT: undefined
COMMAND: POST /session/f519eddc2ea26d61ca30e526d103b44b/execute/async - {"script":"<script> [6424 bytes]","args":[{"element-6066-11e4-a52e-4f735466cecf":"f.A346BA6B978C9328C0C2B851E75B8348.d.C31540188E582C75D1718881EF7A7947.e.4404"},"getValue",[]]}
RESULT: {"script":"<script> [6424 bytes]","args":[{"element-6066-11e4-a52e-4f735466cecf":"f.A346BA6B978C9328C0C2B851E75B8348.d.C31540188E582C75D1718881EF7A7947.e.4404"},"getValue",[]]}
COMMAND: POST /session/f519eddc2ea26d61ca30e526d103b44b/element - {"using":"xpath","value":"//input[@id = \"application-managepartners-display-component---detailPtm--addressDetailDetailsLanguage-inner\"]"}
RESULT: {"using":"xpath","value":"//input[@id = \"application-managepartners-display-component---detailPtm--addressDetailDetailsLanguage-inner\"]"}
COMMAND: GET /session/f519eddc2ea26d61ca30e526d103b44b/element/f.A346BA6B978C9328C0C2B851E75B8348.d.C31540188E582C75D1718881EF7A7947.e.4405/property/value - {}
RESULT: {}
COMMAND: POST /session/f519eddc2ea26d61ca30e526d103b44b/execute/async - {"script":"<script> [1562 bytes]","args":[{"selector":{"id":"application-managepartners-display-component---detailPtm--addressDetailDetailsCity1"},"wdio_ui5_key":"applicationmanagepartners-display-component---detailPtm--addressDetailDetailsCity1"}]}
COMMAND: GET /session/f519eddc2ea26d61ca30e526d103b44b/screenshot - {}
RESULT: {"script":"<script> [1562 bytes]","args":[{"selector":{"id":"application-managepartners-display-component---detailPtm--addressDetailDetailsCity1"},"wdio_ui5_key":"applicationmanagepartners-display-component---detailPtm--addressDetailDetailsCity1"}]}
RESULT: undefined
COMMAND: POST /session/f519eddc2ea26d61ca30e526d103b44b/execute/async - {"script":"<script> [6424 bytes]","args":[{"element-6066-11e4-a52e-4f735466cecf":"f.A346BA6B978C9328C0C2B851E75B8348.d.C31540188E582C75D1718881EF7A7947.e.4406"},"getValue",[]]}
RESULT: {}
RESULT: {"script":"<script> [6424 bytes]","args":[{"element-6066-11e4-a52e-4f735466cecf":"f.A346BA6B978C9328C0C2B851E75B8348.d.C31540188E582C75D1718881EF7A7947.e.4406"},"getValue",[]]}
COMMAND: POST /session/f519eddc2ea26d61ca30e526d103b44b/element - {"using":"css selector","value":"#shell-header-logo"}
RESULT: {"using":"css selector","value":"#shell-header-logo"}
COMMAND: POST /session/f519eddc2ea26d61ca30e526d103b44b/element/f.A346BA6B978C9328C0C2B851E75B8348.d.C31540188E582C75D1718881EF7A7947.e.3960/click - {}
RESULT: {}
COMMAND: GET /session/f519eddc2ea26d61ca30e526d103b44b/screenshot - {}
RESULT: {}
]]></system-out>
    </testcase>
    <testcase classname="chrome.135_0_7049_96.windows.Partner_specific_tests_US150819_US151080_US151654_US151176_US103444_US151078_US151079_US151109_US151174_US151175_US151189" name="Should create a new intracompany partner edit some of its fields US151079" time="230.208">
      <system-out><![CDATA[
COMMAND: POST /session/f519eddc2ea26d61ca30e526d103b44b/element - {"using":"xpath","value":"//li[.//span[text()=\"Manage Partners\"]]"}
RESULT: {"using":"xpath","value":"//li[.//span[text()=\"Manage Partners\"]]"}
COMMAND: POST /session/f519eddc2ea26d61ca30e526d103b44b/element - {"using":"xpath","value":"//li[.//span[text()=\"Manage Partners\"]]"}
RESULT: {"using":"xpath","value":"//li[.//span[text()=\"Manage Partners\"]]"}
COMMAND: POST /session/f519eddc2ea26d61ca30e526d103b44b/element - {"using":"css selector","value":"#shell-header-logo"}
RESULT: {"using":"css selector","value":"#shell-header-logo"}
COMMAND: POST /session/f519eddc2ea26d61ca30e526d103b44b/element/f.A346BA6B978C9328C0C2B851E75B8348.d.C31540188E582C75D1718881EF7A7947.e.4436/click - {}
COMMAND: POST /session/f519eddc2ea26d61ca30e526d103b44b/execute/sync - {"script":"<script> [8489 bytes]","args":[{"element-6066-11e4-a52e-4f735466cecf":"f.A346BA6B978C9328C0C2B851E75B8348.d.C31540188E582C75D1718881EF7A7947.e.4436","ELEMENT":"f.A346BA6B978C9328C0C2B851E75B8348.d.C31540188E582C75D1718881EF7A7947.e.4436"}]}
RESULT: {"script":"<script> [8489 bytes]","args":[{"element-6066-11e4-a52e-4f735466cecf":"f.A346BA6B978C9328C0C2B851E75B8348.d.C31540188E582C75D1718881EF7A7947.e.4436","ELEMENT":"f.A346BA6B978C9328C0C2B851E75B8348.d.C31540188E582C75D1718881EF7A7947.e.4436"}]}
COMMAND: POST /session/f519eddc2ea26d61ca30e526d103b44b/execute/sync - {"script":"<script> [5351 bytes]","args":[{"element-6066-11e4-a52e-4f735466cecf":"f.A346BA6B978C9328C0C2B851E75B8348.d.C31540188E582C75D1718881EF7A7947.e.4436","ELEMENT":"f.A346BA6B978C9328C0C2B851E75B8348.d.C31540188E582C75D1718881EF7A7947.e.4436"}]}
COMMAND: GET /session/f519eddc2ea26d61ca30e526d103b44b/screenshot - {}
RESULT: {}
COMMAND: GET /session/f519eddc2ea26d61ca30e526d103b44b/screenshot - {}
RESULT: {"script":"<script> [5351 bytes]","args":[{"element-6066-11e4-a52e-4f735466cecf":"f.A346BA6B978C9328C0C2B851E75B8348.d.C31540188E582C75D1718881EF7A7947.e.4436","ELEMENT":"f.A346BA6B978C9328C0C2B851E75B8348.d.C31540188E582C75D1718881EF7A7947.e.4436"}]}
COMMAND: GET /session/f519eddc2ea26d61ca30e526d103b44b/screenshot - {}
RESULT: {}
RESULT: {}
RESULT: {}
COMMAND: POST /session/f519eddc2ea26d61ca30e526d103b44b/refresh - {}
RESULT: {}
COMMAND: GET /session/f519eddc2ea26d61ca30e526d103b44b/screenshot - {}
RESULT: {}
COMMAND: POST /session/f519eddc2ea26d61ca30e526d103b44b/refresh - {}
RESULT: {}
COMMAND: GET /session/f519eddc2ea26d61ca30e526d103b44b/screenshot - {}
RESULT: {}
COMMAND: POST /session/f519eddc2ea26d61ca30e526d103b44b/window/fullscreen - {}
RESULT: {}
COMMAND: POST /session/f519eddc2ea26d61ca30e526d103b44b/execute/async - {"script":"<script> [189 bytes]","args":[]}
RESULT: {"script":"<script> [189 bytes]","args":[]}
COMMAND: POST /session/f519eddc2ea26d61ca30e526d103b44b/execute/async - {"script":"<script> [123 bytes]","args":[]}
RESULT: {"script":"<script> [123 bytes]","args":[]}
COMMAND: POST /session/f519eddc2ea26d61ca30e526d103b44b/timeouts - {"script":"<number>"}
RESULT: {"script":"<number>"}
COMMAND: GET /session/f519eddc2ea26d61ca30e526d103b44b/timeouts - {}
RESULT: {}
RESULT: undefined
COMMAND: POST /session/f519eddc2ea26d61ca30e526d103b44b/execute/async - {"script":"<script> [2676 bytes]","args":[]}
RESULT: {"script":"<script> [2676 bytes]","args":[]}
COMMAND: POST /session/f519eddc2ea26d61ca30e526d103b44b/execute/async - {"script":"<script> [2342 bytes]","args":[{"protocol":"http","hostname":"0.0.0.0","path":"/","capabilities":{"browserName":"chrome","goog:chromeOptions":{"binary":"C:\\Program Files\\Google\\Chrome\\Application\\chrome.exe","args":["--start-maximized"]}},"logLevel":"warn","connectionRetryTimeout":120000,"connectionRetryCount":3,"logLevels":{},"enableDirectConnect":true,"strictSSL":true,"_":"65 more keys: [\"cacheDir\",\"port\",\"requestedCapabilities\",\"automationProtocol\",\"baseUrl\",\"waitforInterval\",\"waitforTimeout\",\"onReload\",\"beforeCommand\",\"afterCommand\",\"rootDir\",\"specs\",\"suites\",\"exclude\",\"groupLogsByTestSpec\",\"excludeDriverLogs\",\"bail\",\"framework\",\"reporters\",\"services\",\"maxInstances\",\"maxInstancesPerCapability\",\"injectGlobals\",\"filesToWatch\",\"execArgv\",\"runnerEnv\",\"runner\",\"shard\",\"specFileRetries\",\"specFileRetriesDelay\",\"specFileRetriesDeferred\",\"reporterSyncInterval\",\"reporterSyncTimeout\",\"cucumberFeaturesWithLineNumbers\",\"autoCompileOpts\",\"mochaOpts\",\"jasmineOpts\",\"cucumberOpts\",\"onPrepare\",\"onWorkerStart\",\"onWorkerEnd\",\"before\",\"beforeSession\",\"beforeSuite\",\"beforeHook\",\"beforeTest\",\"afterTest\",\"afterHook\",\"afterSuite\",\"afterSession\",\"after\",\"onComplete\",\"beforeAssertion\",\"afterAssertion\",\"beforeFeature\",\"beforeScenario\",\"beforeStep\",\"afterStep\",\"afterScenario\",\"afterFeature\",\"_\",\"suite\",\"$0\",\"ignoredWorkerServices\",\"wdi5\"]"}]}
RESULT: {"script":"<script> [2342 bytes]","args":[{"protocol":"http","hostname":"0.0.0.0","path":"/","capabilities":{"browserName":"chrome","goog:chromeOptions":{"binary":"C:\\Program Files\\Google\\Chrome\\Application\\chrome.exe","args":["--start-maximized"]}},"logLevel":"warn","connectionRetryTimeout":120000,"connectionRetryCount":3,"logLevels":{},"enableDirectConnect":true,"strictSSL":true,"_":"65 more keys: [\"cacheDir\",\"port\",\"requestedCapabilities\",\"automationProtocol\",\"baseUrl\",\"waitforInterval\",\"waitforTimeout\",\"onReload\",\"beforeCommand\",\"afterCommand\",\"rootDir\",\"specs\",\"suites\",\"exclude\",\"groupLogsByTestSpec\",\"excludeDriverLogs\",\"bail\",\"framework\",\"reporters\",\"services\",\"maxInstances\",\"maxInstancesPerCapability\",\"injectGlobals\",\"filesToWatch\",\"execArgv\",\"runnerEnv\",\"runner\",\"shard\",\"specFileRetries\",\"specFileRetriesDelay\",\"specFileRetriesDeferred\",\"reporterSyncInterval\",\"reporterSyncTimeout\",\"cucumberFeaturesWithLineNumbers\",\"autoCompileOpts\",\"mochaOpts\",\"jasmineOpts\",\"cucumberOpts\",\"onPrepare\",\"onWorkerStart\",\"onWorkerEnd\",\"before\",\"beforeSession\",\"beforeSuite\",\"beforeHook\",\"beforeTest\",\"afterTest\",\"afterHook\",\"afterSuite\",\"afterSession\",\"after\",\"onComplete\",\"beforeAssertion\",\"afterAssertion\",\"beforeFeature\",\"beforeScenario\",\"beforeStep\",\"afterStep\",\"afterScenario\",\"afterFeature\",\"_\",\"suite\",\"$0\",\"ignoredWorkerServices\",\"wdi5\"]"}]}
COMMAND: POST /session/f519eddc2ea26d61ca30e526d103b44b/execute/async - {"script":"<script> [21126 bytes]","args":[35000]}
RESULT: {"script":"<script> [21126 bytes]","args":[35000]}
COMMAND: POST /session/f519eddc2ea26d61ca30e526d103b44b/window/fullscreen - {}
RESULT: {}
COMMAND: POST /session/f519eddc2ea26d61ca30e526d103b44b/window/fullscreen - {}
RESULT: {}
COMMAND: POST /session/f519eddc2ea26d61ca30e526d103b44b/execute/async - {"script":"<script> [1562 bytes]","args":[{"selector":{"controlType":"sap.m.GenericTile","properties":{"header":"Manage Partners"}},"wdio_ui5_key":"sapm.GenericTile{\"header\":\"Manage Partners\"}"}]}
RESULT: {"script":"<script> [1562 bytes]","args":[{"selector":{"controlType":"sap.m.GenericTile","properties":{"header":"Manage Partners"}},"wdio_ui5_key":"sapm.GenericTile{\"header\":\"Manage Partners\"}"}]}
RESULT: undefined
COMMAND: POST /session/f519eddc2ea26d61ca30e526d103b44b/element - {"using":"xpath","value":"//*[@id=\"__tile30\"]"}
RESULT: {"using":"xpath","value":"//*[@id=\"__tile30\"]"}
COMMAND: POST /session/f519eddc2ea26d61ca30e526d103b44b/element/f.A346BA6B978C9328C0C2B851E75B8348.d.88E2A92E74E3F8DDBCA0A3FBA68F3CF3.e.4503/click - {}
RESULT: {}
COMMAND: POST /session/f519eddc2ea26d61ca30e526d103b44b/element - {"using":"xpath","value":"//button[@data-kt=\"addButton\"]"}
COMMAND: GET /session/f519eddc2ea26d61ca30e526d103b44b/screenshot - {}
RESULT: {"using":"xpath","value":"//button[@data-kt=\"addButton\"]"}
COMMAND: POST /session/f519eddc2ea26d61ca30e526d103b44b/elements - {"using":"xpath","value":"//button[@data-kt=\"addButton\"]"}
RESULT: {}
RESULT: {"using":"xpath","value":"//button[@data-kt=\"addButton\"]"}
COMMAND: POST /session/f519eddc2ea26d61ca30e526d103b44b/elements - {"using":"xpath","value":"//button[@data-kt=\"addButton\"]"}
RESULT: {"using":"xpath","value":"//button[@data-kt=\"addButton\"]"}
COMMAND: POST /session/f519eddc2ea26d61ca30e526d103b44b/elements - {"using":"xpath","value":"//button[@data-kt=\"addButton\"]"}
RESULT: {"using":"xpath","value":"//button[@data-kt=\"addButton\"]"}
COMMAND: POST /session/f519eddc2ea26d61ca30e526d103b44b/elements - {"using":"xpath","value":"//button[@data-kt=\"addButton\"]"}
RESULT: {"using":"xpath","value":"//button[@data-kt=\"addButton\"]"}
COMMAND: POST /session/f519eddc2ea26d61ca30e526d103b44b/elements - {"using":"xpath","value":"//button[@data-kt=\"addButton\"]"}
RESULT: {"using":"xpath","value":"//button[@data-kt=\"addButton\"]"}
COMMAND: POST /session/f519eddc2ea26d61ca30e526d103b44b/elements - {"using":"xpath","value":"//button[@data-kt=\"addButton\"]"}
RESULT: {"using":"xpath","value":"//button[@data-kt=\"addButton\"]"}
COMMAND: POST /session/f519eddc2ea26d61ca30e526d103b44b/elements - {"using":"xpath","value":"//button[@data-kt=\"addButton\"]"}
RESULT: {"using":"xpath","value":"//button[@data-kt=\"addButton\"]"}
COMMAND: POST /session/f519eddc2ea26d61ca30e526d103b44b/elements - {"using":"xpath","value":"//button[@data-kt=\"addButton\"]"}
RESULT: {"using":"xpath","value":"//button[@data-kt=\"addButton\"]"}
COMMAND: POST /session/f519eddc2ea26d61ca30e526d103b44b/elements - {"using":"xpath","value":"//button[@data-kt=\"addButton\"]"}
RESULT: {"using":"xpath","value":"//button[@data-kt=\"addButton\"]"}
COMMAND: POST /session/f519eddc2ea26d61ca30e526d103b44b/elements - {"using":"xpath","value":"//button[@data-kt=\"addButton\"]"}
RESULT: {"using":"xpath","value":"//button[@data-kt=\"addButton\"]"}
COMMAND: POST /session/f519eddc2ea26d61ca30e526d103b44b/elements - {"using":"xpath","value":"//button[@data-kt=\"addButton\"]"}
RESULT: {"using":"xpath","value":"//button[@data-kt=\"addButton\"]"}
COMMAND: POST /session/f519eddc2ea26d61ca30e526d103b44b/elements - {"using":"xpath","value":"//button[@data-kt=\"addButton\"]"}
RESULT: {"using":"xpath","value":"//button[@data-kt=\"addButton\"]"}
COMMAND: POST /session/f519eddc2ea26d61ca30e526d103b44b/elements - {"using":"xpath","value":"//button[@data-kt=\"addButton\"]"}
RESULT: {"using":"xpath","value":"//button[@data-kt=\"addButton\"]"}
COMMAND: POST /session/f519eddc2ea26d61ca30e526d103b44b/elements - {"using":"xpath","value":"//button[@data-kt=\"addButton\"]"}
RESULT: {"using":"xpath","value":"//button[@data-kt=\"addButton\"]"}
COMMAND: POST /session/f519eddc2ea26d61ca30e526d103b44b/elements - {"using":"xpath","value":"//button[@data-kt=\"addButton\"]"}
RESULT: {"using":"xpath","value":"//button[@data-kt=\"addButton\"]"}
COMMAND: POST /session/f519eddc2ea26d61ca30e526d103b44b/elements - {"using":"xpath","value":"//button[@data-kt=\"addButton\"]"}
RESULT: {"using":"xpath","value":"//button[@data-kt=\"addButton\"]"}
COMMAND: POST /session/f519eddc2ea26d61ca30e526d103b44b/elements - {"using":"xpath","value":"//button[@data-kt=\"addButton\"]"}
RESULT: {"using":"xpath","value":"//button[@data-kt=\"addButton\"]"}
COMMAND: POST /session/f519eddc2ea26d61ca30e526d103b44b/elements - {"using":"xpath","value":"//button[@data-kt=\"addButton\"]"}
RESULT: {"using":"xpath","value":"//button[@data-kt=\"addButton\"]"}
COMMAND: POST /session/f519eddc2ea26d61ca30e526d103b44b/elements - {"using":"xpath","value":"//button[@data-kt=\"addButton\"]"}
RESULT: {"using":"xpath","value":"//button[@data-kt=\"addButton\"]"}
COMMAND: POST /session/f519eddc2ea26d61ca30e526d103b44b/elements - {"using":"xpath","value":"//button[@data-kt=\"addButton\"]"}
RESULT: {"using":"xpath","value":"//button[@data-kt=\"addButton\"]"}
COMMAND: POST /session/f519eddc2ea26d61ca30e526d103b44b/elements - {"using":"xpath","value":"//button[@data-kt=\"addButton\"]"}
RESULT: {"using":"xpath","value":"//button[@data-kt=\"addButton\"]"}
COMMAND: POST /session/f519eddc2ea26d61ca30e526d103b44b/elements - {"using":"xpath","value":"//button[@data-kt=\"addButton\"]"}
RESULT: {"using":"xpath","value":"//button[@data-kt=\"addButton\"]"}
COMMAND: POST /session/f519eddc2ea26d61ca30e526d103b44b/elements - {"using":"xpath","value":"//button[@data-kt=\"addButton\"]"}
RESULT: {"using":"xpath","value":"//button[@data-kt=\"addButton\"]"}
COMMAND: POST /session/f519eddc2ea26d61ca30e526d103b44b/elements - {"using":"xpath","value":"//button[@data-kt=\"addButton\"]"}
RESULT: {"using":"xpath","value":"//button[@data-kt=\"addButton\"]"}
COMMAND: POST /session/f519eddc2ea26d61ca30e526d103b44b/elements - {"using":"xpath","value":"//button[@data-kt=\"addButton\"]"}
RESULT: {"using":"xpath","value":"//button[@data-kt=\"addButton\"]"}
COMMAND: POST /session/f519eddc2ea26d61ca30e526d103b44b/elements - {"using":"xpath","value":"//button[@data-kt=\"addButton\"]"}
RESULT: {"using":"xpath","value":"//button[@data-kt=\"addButton\"]"}
COMMAND: POST /session/f519eddc2ea26d61ca30e526d103b44b/elements - {"using":"xpath","value":"//button[@data-kt=\"addButton\"]"}
RESULT: {"using":"xpath","value":"//button[@data-kt=\"addButton\"]"}
COMMAND: POST /session/f519eddc2ea26d61ca30e526d103b44b/elements - {"using":"xpath","value":"//button[@data-kt=\"addButton\"]"}
RESULT: {"using":"xpath","value":"//button[@data-kt=\"addButton\"]"}
COMMAND: POST /session/f519eddc2ea26d61ca30e526d103b44b/elements - {"using":"xpath","value":"//button[@data-kt=\"addButton\"]"}
RESULT: {"using":"xpath","value":"//button[@data-kt=\"addButton\"]"}
COMMAND: POST /session/f519eddc2ea26d61ca30e526d103b44b/elements - {"using":"xpath","value":"//button[@data-kt=\"addButton\"]"}
RESULT: {"using":"xpath","value":"//button[@data-kt=\"addButton\"]"}
COMMAND: POST /session/f519eddc2ea26d61ca30e526d103b44b/elements - {"using":"xpath","value":"//button[@data-kt=\"addButton\"]"}
RESULT: {"using":"xpath","value":"//button[@data-kt=\"addButton\"]"}
COMMAND: POST /session/f519eddc2ea26d61ca30e526d103b44b/elements - {"using":"xpath","value":"//button[@data-kt=\"addButton\"]"}
RESULT: {"using":"xpath","value":"//button[@data-kt=\"addButton\"]"}
COMMAND: POST /session/f519eddc2ea26d61ca30e526d103b44b/elements - {"using":"xpath","value":"//button[@data-kt=\"addButton\"]"}
RESULT: {"using":"xpath","value":"//button[@data-kt=\"addButton\"]"}
COMMAND: POST /session/f519eddc2ea26d61ca30e526d103b44b/elements - {"using":"xpath","value":"//button[@data-kt=\"addButton\"]"}
RESULT: {"using":"xpath","value":"//button[@data-kt=\"addButton\"]"}
COMMAND: POST /session/f519eddc2ea26d61ca30e526d103b44b/elements - {"using":"xpath","value":"//button[@data-kt=\"addButton\"]"}
RESULT: {"using":"xpath","value":"//button[@data-kt=\"addButton\"]"}
COMMAND: POST /session/f519eddc2ea26d61ca30e526d103b44b/element - {"using":"xpath","value":"//button[@data-kt=\"addButton\"]"}
RESULT: {"using":"xpath","value":"//button[@data-kt=\"addButton\"]"}
COMMAND: POST /session/f519eddc2ea26d61ca30e526d103b44b/execute/sync - {"script":"<script> [8489 bytes]","args":[{"element-6066-11e4-a52e-4f735466cecf":"f.A346BA6B978C9328C0C2B851E75B8348.d.88E2A92E74E3F8DDBCA0A3FBA68F3CF3.e.4619","ELEMENT":"f.A346BA6B978C9328C0C2B851E75B8348.d.88E2A92E74E3F8DDBCA0A3FBA68F3CF3.e.4619"}]}
RESULT: {"script":"<script> [8489 bytes]","args":[{"element-6066-11e4-a52e-4f735466cecf":"f.A346BA6B978C9328C0C2B851E75B8348.d.88E2A92E74E3F8DDBCA0A3FBA68F3CF3.e.4619","ELEMENT":"f.A346BA6B978C9328C0C2B851E75B8348.d.88E2A92E74E3F8DDBCA0A3FBA68F3CF3.e.4619"}]}
COMMAND: GET /session/f519eddc2ea26d61ca30e526d103b44b/element/f.A346BA6B978C9328C0C2B851E75B8348.d.88E2A92E74E3F8DDBCA0A3FBA68F3CF3.e.4619/enabled - {}
COMMAND: GET /session/f519eddc2ea26d61ca30e526d103b44b/screenshot - {}
RESULT: {}
COMMAND: POST /session/f519eddc2ea26d61ca30e526d103b44b/execute/sync - {"script":"<script> [8489 bytes]","args":[{"element-6066-11e4-a52e-4f735466cecf":"f.A346BA6B978C9328C0C2B851E75B8348.d.88E2A92E74E3F8DDBCA0A3FBA68F3CF3.e.4619","ELEMENT":"f.A346BA6B978C9328C0C2B851E75B8348.d.88E2A92E74E3F8DDBCA0A3FBA68F3CF3.e.4619"}]}
COMMAND: GET /session/f519eddc2ea26d61ca30e526d103b44b/screenshot - {}
RESULT: {}
RESULT: {"script":"<script> [8489 bytes]","args":[{"element-6066-11e4-a52e-4f735466cecf":"f.A346BA6B978C9328C0C2B851E75B8348.d.88E2A92E74E3F8DDBCA0A3FBA68F3CF3.e.4619","ELEMENT":"f.A346BA6B978C9328C0C2B851E75B8348.d.88E2A92E74E3F8DDBCA0A3FBA68F3CF3.e.4619"}]}
COMMAND: POST /session/f519eddc2ea26d61ca30e526d103b44b/execute/sync - {"script":"<script> [5351 bytes]","args":[{"element-6066-11e4-a52e-4f735466cecf":"f.A346BA6B978C9328C0C2B851E75B8348.d.88E2A92E74E3F8DDBCA0A3FBA68F3CF3.e.4619","ELEMENT":"f.A346BA6B978C9328C0C2B851E75B8348.d.88E2A92E74E3F8DDBCA0A3FBA68F3CF3.e.4619"}]}
COMMAND: GET /session/f519eddc2ea26d61ca30e526d103b44b/screenshot - {}
RESULT: {}
RESULT: {"script":"<script> [5351 bytes]","args":[{"element-6066-11e4-a52e-4f735466cecf":"f.A346BA6B978C9328C0C2B851E75B8348.d.88E2A92E74E3F8DDBCA0A3FBA68F3CF3.e.4619","ELEMENT":"f.A346BA6B978C9328C0C2B851E75B8348.d.88E2A92E74E3F8DDBCA0A3FBA68F3CF3.e.4619"}]}
COMMAND: POST /session/f519eddc2ea26d61ca30e526d103b44b/element/f.A346BA6B978C9328C0C2B851E75B8348.d.88E2A92E74E3F8DDBCA0A3FBA68F3CF3.e.4619/click - {}
COMMAND: GET /session/f519eddc2ea26d61ca30e526d103b44b/screenshot - {}
RESULT: {}
RESULT: {}
RESULT: {}
COMMAND: GET /session/f519eddc2ea26d61ca30e526d103b44b/screenshot - {}
RESULT: {}
COMMAND: POST /session/f519eddc2ea26d61ca30e526d103b44b/execute/async - {"script":"<script> [1562 bytes]","args":[{"selector":{"id":"application-managepartners-display-component---NewPartner--addressDetailDetailsName1","interaction":{"idSuffix":"inner"}},"wdio_ui5_key":"applicationmanagepartners-display-component---NewPartner--addressDetailDetailsName1"}]}
RESULT: {"script":"<script> [1562 bytes]","args":[{"selector":{"id":"application-managepartners-display-component---NewPartner--addressDetailDetailsName1","interaction":{"idSuffix":"inner"}},"wdio_ui5_key":"applicationmanagepartners-display-component---NewPartner--addressDetailDetailsName1"}]}
RESULT: undefined
COMMAND: POST /session/f519eddc2ea26d61ca30e526d103b44b/execute/async - {"script":"<script> [776 bytes]","args":[{"enterText":"Intracompany Partner WDIO","selector":{"id":"application-managepartners-display-component---NewPartner--addressDetailDetailsName1","interaction":{"idSuffix":"inner"}},"clearTextFirst":true,"interactionType":"ENTER_TEXT"}]}
RESULT: {"script":"<script> [776 bytes]","args":[{"enterText":"Intracompany Partner WDIO","selector":{"id":"application-managepartners-display-component---NewPartner--addressDetailDetailsName1","interaction":{"idSuffix":"inner"}},"clearTextFirst":true,"interactionType":"ENTER_TEXT"}]}
COMMAND: POST /session/f519eddc2ea26d61ca30e526d103b44b/execute/async - {"script":"<script> [1562 bytes]","args":[{"selector":{"id":"application-managepartners-display-component---NewPartner--addressDetailDetailsLanguage-arrow"},"wdio_ui5_key":"applicationmanagepartners-display-component---NewPartner--addressDetailDetailsLanguage-arrow"}]}
RESULT: {"script":"<script> [1562 bytes]","args":[{"selector":{"id":"application-managepartners-display-component---NewPartner--addressDetailDetailsLanguage-arrow"},"wdio_ui5_key":"applicationmanagepartners-display-component---NewPartner--addressDetailDetailsLanguage-arrow"}]}
RESULT: undefined
COMMAND: POST /session/f519eddc2ea26d61ca30e526d103b44b/element - {"using":"xpath","value":"//*[@id=\"application-managepartners-display-component---NewPartner--addressDetailDetailsLanguage-arrow\"]"}
RESULT: {"using":"xpath","value":"//*[@id=\"application-managepartners-display-component---NewPartner--addressDetailDetailsLanguage-arrow\"]"}
COMMAND: POST /session/f519eddc2ea26d61ca30e526d103b44b/element/f.A346BA6B978C9328C0C2B851E75B8348.d.88E2A92E74E3F8DDBCA0A3FBA68F3CF3.e.5063/click - {}
RESULT: {}
COMMAND: POST /session/f519eddc2ea26d61ca30e526d103b44b/element - {"using":"xpath","value":"//span[contains(text(), \"English\")]"}
COMMAND: GET /session/f519eddc2ea26d61ca30e526d103b44b/screenshot - {}
RESULT: {"using":"xpath","value":"//span[contains(text(), \"English\")]"}
COMMAND: POST /session/f519eddc2ea26d61ca30e526d103b44b/element/f.A346BA6B978C9328C0C2B851E75B8348.d.88E2A92E74E3F8DDBCA0A3FBA68F3CF3.e.5064/click - {}
RESULT: {}
RESULT: {}
COMMAND: GET /session/f519eddc2ea26d61ca30e526d103b44b/screenshot - {}
RESULT: {}
COMMAND: POST /session/f519eddc2ea26d61ca30e526d103b44b/execute/async - {"script":"<script> [1562 bytes]","args":[{"selector":{"id":"application-managepartners-display-component---NewPartner--addressDetailDetailsCity1","interaction":{"idSuffix":"inner"}},"wdio_ui5_key":"applicationmanagepartners-display-component---NewPartner--addressDetailDetailsCity1"}]}
RESULT: {"script":"<script> [1562 bytes]","args":[{"selector":{"id":"application-managepartners-display-component---NewPartner--addressDetailDetailsCity1","interaction":{"idSuffix":"inner"}},"wdio_ui5_key":"applicationmanagepartners-display-component---NewPartner--addressDetailDetailsCity1"}]}
RESULT: undefined
COMMAND: POST /session/f519eddc2ea26d61ca30e526d103b44b/execute/async - {"script":"<script> [776 bytes]","args":[{"enterText":"Rosario","selector":{"id":"application-managepartners-display-component---NewPartner--addressDetailDetailsCity1","interaction":{"idSuffix":"inner"}},"clearTextFirst":true,"interactionType":"ENTER_TEXT"}]}
RESULT: {"script":"<script> [776 bytes]","args":[{"enterText":"Rosario","selector":{"id":"application-managepartners-display-component---NewPartner--addressDetailDetailsCity1","interaction":{"idSuffix":"inner"}},"clearTextFirst":true,"interactionType":"ENTER_TEXT"}]}
COMMAND: POST /session/f519eddc2ea26d61ca30e526d103b44b/execute/async - {"script":"<script> [1562 bytes]","args":[{"selector":{"id":"application-managepartners-display-component---NewPartner--addressDetailDetailsCountry-arrow"},"wdio_ui5_key":"applicationmanagepartners-display-component---NewPartner--addressDetailDetailsCountry-arrow"}]}
RESULT: {"script":"<script> [1562 bytes]","args":[{"selector":{"id":"application-managepartners-display-component---NewPartner--addressDetailDetailsCountry-arrow"},"wdio_ui5_key":"applicationmanagepartners-display-component---NewPartner--addressDetailDetailsCountry-arrow"}]}
RESULT: undefined
COMMAND: POST /session/f519eddc2ea26d61ca30e526d103b44b/element - {"using":"xpath","value":"//*[@id=\"application-managepartners-display-component---NewPartner--addressDetailDetailsCountry-arrow\"]"}
RESULT: {"using":"xpath","value":"//*[@id=\"application-managepartners-display-component---NewPartner--addressDetailDetailsCountry-arrow\"]"}
COMMAND: POST /session/f519eddc2ea26d61ca30e526d103b44b/element/f.A346BA6B978C9328C0C2B851E75B8348.d.88E2A92E74E3F8DDBCA0A3FBA68F3CF3.e.5049/click - {}
RESULT: {}
COMMAND: POST /session/f519eddc2ea26d61ca30e526d103b44b/element - {"using":"xpath","value":"//span[contains(text(), \"Argentina\")]"}
COMMAND: GET /session/f519eddc2ea26d61ca30e526d103b44b/screenshot - {}
RESULT: {"using":"xpath","value":"//span[contains(text(), \"Argentina\")]"}
COMMAND: POST /session/f519eddc2ea26d61ca30e526d103b44b/element/f.A346BA6B978C9328C0C2B851E75B8348.d.88E2A92E74E3F8DDBCA0A3FBA68F3CF3.e.5066/click - {}
RESULT: {}
RESULT: {}
COMMAND: GET /session/f519eddc2ea26d61ca30e526d103b44b/screenshot - {}
RESULT: {}
COMMAND: POST /session/f519eddc2ea26d61ca30e526d103b44b/element - {"using":"xpath","value":"//bdi[contains(text(), \"Commercial\")]"}
RESULT: {"using":"xpath","value":"//bdi[contains(text(), \"Commercial\")]"}
COMMAND: POST /session/f519eddc2ea26d61ca30e526d103b44b/element/f.A346BA6B978C9328C0C2B851E75B8348.d.88E2A92E74E3F8DDBCA0A3FBA68F3CF3.e.5067/click - {}
RESULT: {}
COMMAND: GET /session/f519eddc2ea26d61ca30e526d103b44b/screenshot - {}
RESULT: {}
COMMAND: POST /session/f519eddc2ea26d61ca30e526d103b44b/execute/async - {"script":"<script> [1562 bytes]","args":[{"selector":{"id":"application-managepartners-display-component---NewPartner--partnerDetailInternal-arrow"},"wdio_ui5_key":"applicationmanagepartners-display-component---NewPartner--partnerDetailInternal-arrow"}]}
RESULT: {"script":"<script> [1562 bytes]","args":[{"selector":{"id":"application-managepartners-display-component---NewPartner--partnerDetailInternal-arrow"},"wdio_ui5_key":"applicationmanagepartners-display-component---NewPartner--partnerDetailInternal-arrow"}]}
RESULT: undefined
COMMAND: POST /session/f519eddc2ea26d61ca30e526d103b44b/element - {"using":"xpath","value":"//*[@id=\"application-managepartners-display-component---NewPartner--partnerDetailInternal-arrow\"]"}
RESULT: {"using":"xpath","value":"//*[@id=\"application-managepartners-display-component---NewPartner--partnerDetailInternal-arrow\"]"}
COMMAND: POST /session/f519eddc2ea26d61ca30e526d103b44b/element/f.A346BA6B978C9328C0C2B851E75B8348.d.88E2A92E74E3F8DDBCA0A3FBA68F3CF3.e.5073/click - {}
RESULT: {}
COMMAND: POST /session/f519eddc2ea26d61ca30e526d103b44b/element - {"using":"xpath","value":"//span[contains(text(), \"Affiliated company\")]"}
COMMAND: GET /session/f519eddc2ea26d61ca30e526d103b44b/screenshot - {}
RESULT: {"using":"xpath","value":"//span[contains(text(), \"Affiliated company\")]"}
COMMAND: POST /session/f519eddc2ea26d61ca30e526d103b44b/element/f.A346BA6B978C9328C0C2B851E75B8348.d.88E2A92E74E3F8DDBCA0A3FBA68F3CF3.e.5076/click - {}
RESULT: {}
RESULT: {}
COMMAND: POST /session/f519eddc2ea26d61ca30e526d103b44b/execute/async - {"script":"<script> [1562 bytes]","args":[{"selector":{"id":"application-managepartners-display-component---NewPartner--partnerDetailsCurrency-arrow"},"wdio_ui5_key":"applicationmanagepartners-display-component---NewPartner--partnerDetailsCurrency-arrow"}]}
COMMAND: GET /session/f519eddc2ea26d61ca30e526d103b44b/screenshot - {}
RESULT: {"script":"<script> [1562 bytes]","args":[{"selector":{"id":"application-managepartners-display-component---NewPartner--partnerDetailsCurrency-arrow"},"wdio_ui5_key":"applicationmanagepartners-display-component---NewPartner--partnerDetailsCurrency-arrow"}]}
RESULT: undefined
COMMAND: POST /session/f519eddc2ea26d61ca30e526d103b44b/element - {"using":"xpath","value":"//*[@id=\"application-managepartners-display-component---NewPartner--partnerDetailsCurrency-arrow\"]"}
RESULT: {}
RESULT: {"using":"xpath","value":"//*[@id=\"application-managepartners-display-component---NewPartner--partnerDetailsCurrency-arrow\"]"}
COMMAND: POST /session/f519eddc2ea26d61ca30e526d103b44b/element/f.A346BA6B978C9328C0C2B851E75B8348.d.88E2A92E74E3F8DDBCA0A3FBA68F3CF3.e.5083/click - {}
RESULT: {}
COMMAND: POST /session/f519eddc2ea26d61ca30e526d103b44b/element - {"using":"xpath","value":"//span[contains(text(), \"Euro\")]"}
COMMAND: GET /session/f519eddc2ea26d61ca30e526d103b44b/screenshot - {}
RESULT: {"using":"xpath","value":"//span[contains(text(), \"Euro\")]"}
COMMAND: POST /session/f519eddc2ea26d61ca30e526d103b44b/element/f.A346BA6B978C9328C0C2B851E75B8348.d.88E2A92E74E3F8DDBCA0A3FBA68F3CF3.e.5084/click - {}
RESULT: {}
RESULT: {}
COMMAND: POST /session/f519eddc2ea26d61ca30e526d103b44b/execute/async - {"script":"<script> [1562 bytes]","args":[{"selector":{"id":"application-managepartners-display-component---NewPartner--addressEditDetailsCostObjectCstType-arrow"},"wdio_ui5_key":"applicationmanagepartners-display-component---NewPartner--addressEditDetailsCostObjectCstType-arrow"}]}
COMMAND: GET /session/f519eddc2ea26d61ca30e526d103b44b/screenshot - {}
RESULT: {"script":"<script> [1562 bytes]","args":[{"selector":{"id":"application-managepartners-display-component---NewPartner--addressEditDetailsCostObjectCstType-arrow"},"wdio_ui5_key":"applicationmanagepartners-display-component---NewPartner--addressEditDetailsCostObjectCstType-arrow"}]}
RESULT: undefined
COMMAND: POST /session/f519eddc2ea26d61ca30e526d103b44b/element - {"using":"xpath","value":"//*[@id=\"application-managepartners-display-component---NewPartner--addressEditDetailsCostObjectCstType-arrow\"]"}
RESULT: {}
RESULT: {"using":"xpath","value":"//*[@id=\"application-managepartners-display-component---NewPartner--addressEditDetailsCostObjectCstType-arrow\"]"}
COMMAND: POST /session/f519eddc2ea26d61ca30e526d103b44b/element/f.A346BA6B978C9328C0C2B851E75B8348.d.88E2A92E74E3F8DDBCA0A3FBA68F3CF3.e.5085/click - {}
RESULT: {}
COMMAND: POST /session/f519eddc2ea26d61ca30e526d103b44b/element - {"using":"xpath","value":"//span[contains(text(), \"Cost Center\")]"}
COMMAND: GET /session/f519eddc2ea26d61ca30e526d103b44b/screenshot - {}
RESULT: {"using":"xpath","value":"//span[contains(text(), \"Cost Center\")]"}
COMMAND: POST /session/f519eddc2ea26d61ca30e526d103b44b/element/f.A346BA6B978C9328C0C2B851E75B8348.d.88E2A92E74E3F8DDBCA0A3FBA68F3CF3.e.5086/click - {}
RESULT: {}
RESULT: {}
COMMAND: GET /session/f519eddc2ea26d61ca30e526d103b44b/screenshot - {}
RESULT: {}
COMMAND: POST /session/f519eddc2ea26d61ca30e526d103b44b/element - {"using":"xpath","value":"//span[@id=\"application-managepartners-display-component---NewPartner--addressNewCostObjectCstID-vhi\"]"}
RESULT: {"using":"xpath","value":"//span[@id=\"application-managepartners-display-component---NewPartner--addressNewCostObjectCstID-vhi\"]"}
COMMAND: POST /session/f519eddc2ea26d61ca30e526d103b44b/execute/sync - {"script":"<script> [8489 bytes]","args":[{"element-6066-11e4-a52e-4f735466cecf":"f.A346BA6B978C9328C0C2B851E75B8348.d.88E2A92E74E3F8DDBCA0A3FBA68F3CF3.e.5090","ELEMENT":"f.A346BA6B978C9328C0C2B851E75B8348.d.88E2A92E74E3F8DDBCA0A3FBA68F3CF3.e.5090"}]}
RESULT: {"script":"<script> [8489 bytes]","args":[{"element-6066-11e4-a52e-4f735466cecf":"f.A346BA6B978C9328C0C2B851E75B8348.d.88E2A92E74E3F8DDBCA0A3FBA68F3CF3.e.5090","ELEMENT":"f.A346BA6B978C9328C0C2B851E75B8348.d.88E2A92E74E3F8DDBCA0A3FBA68F3CF3.e.5090"}]}
COMMAND: POST /session/f519eddc2ea26d61ca30e526d103b44b/execute/async - {"script":"<script> [1562 bytes]","args":[{"selector":{"id":"application-managepartners-display-component---NewPartner--addressNewCostObjectCstID-vhi"},"wdio_ui5_key":"applicationmanagepartners-display-component---NewPartner--addressNewCostObjectCstID-vhi"}]}
COMMAND: GET /session/f519eddc2ea26d61ca30e526d103b44b/screenshot - {}
RESULT: {"script":"<script> [1562 bytes]","args":[{"selector":{"id":"application-managepartners-display-component---NewPartner--addressNewCostObjectCstID-vhi"},"wdio_ui5_key":"applicationmanagepartners-display-component---NewPartner--addressNewCostObjectCstID-vhi"}]}
RESULT: undefined
COMMAND: POST /session/f519eddc2ea26d61ca30e526d103b44b/element - {"using":"xpath","value":"//*[@id=\"application-managepartners-display-component---NewPartner--addressNewCostObjectCstID-vhi\"]"}
RESULT: {}
RESULT: {"using":"xpath","value":"//*[@id=\"application-managepartners-display-component---NewPartner--addressNewCostObjectCstID-vhi\"]"}
COMMAND: POST /session/f519eddc2ea26d61ca30e526d103b44b/element/f.A346BA6B978C9328C0C2B851E75B8348.d.88E2A92E74E3F8DDBCA0A3FBA68F3CF3.e.5090/click - {}
RESULT: {}
COMMAND: GET /session/f519eddc2ea26d61ca30e526d103b44b/screenshot - {}
RESULT: {}
COMMAND: POST /session/f519eddc2ea26d61ca30e526d103b44b/execute/async - {"script":"<script> [1562 bytes]","args":[{"selector":{"controlType":"sap.m.SearchField","properties":{"placeholder":"Search"},"searchOpenDialogs":true,"interaction":{"idSuffix":"I"}},"wdio_ui5_key":"sapm.SearchField{\"placeholder\":\"Search\"}"}]}
RESULT: {"script":"<script> [1562 bytes]","args":[{"selector":{"controlType":"sap.m.SearchField","properties":{"placeholder":"Search"},"searchOpenDialogs":true,"interaction":{"idSuffix":"I"}},"wdio_ui5_key":"sapm.SearchField{\"placeholder\":\"Search\"}"}]}
RESULT: undefined
COMMAND: POST /session/f519eddc2ea26d61ca30e526d103b44b/execute/async - {"script":"<script> [776 bytes]","args":[{"enterText":"10001013","selector":{"controlType":"sap.m.SearchField","properties":{"placeholder":"Search"},"searchOpenDialogs":true,"interaction":{"idSuffix":"I"}},"clearTextFirst":true,"interactionType":"ENTER_TEXT"}]}
RESULT: {"script":"<script> [776 bytes]","args":[{"enterText":"10001013","selector":{"controlType":"sap.m.SearchField","properties":{"placeholder":"Search"},"searchOpenDialogs":true,"interaction":{"idSuffix":"I"}},"clearTextFirst":true,"interactionType":"ENTER_TEXT"}]}
COMMAND: POST /session/f519eddc2ea26d61ca30e526d103b44b/actions - {"actions":[{"id":"action12","type":"key","parameters":{},"actions":[{"type":"keyDown","value":"î€‡"},{"type":"pause","duration":10},{"type":"keyUp","value":"î€‡"}]}]}
RESULT: {"actions":[{"id":"action12","type":"key","parameters":{},"actions":[{"type":"keyDown","value":"î€‡"},{"type":"pause","duration":10},{"type":"keyUp","value":"î€‡"}]}]}
COMMAND: GET /session/f519eddc2ea26d61ca30e526d103b44b/screenshot - {}
RESULT: {}
COMMAND: POST /session/f519eddc2ea26d61ca30e526d103b44b/element - {"using":"xpath","value":"//span[contains(text(), \"General Management\")]"}
RESULT: {"using":"xpath","value":"//span[contains(text(), \"General Management\")]"}
COMMAND: POST /session/f519eddc2ea26d61ca30e526d103b44b/element/f.A346BA6B978C9328C0C2B851E75B8348.d.88E2A92E74E3F8DDBCA0A3FBA68F3CF3.e.5133/click - {}
RESULT: {}
COMMAND: GET /session/f519eddc2ea26d61ca30e526d103b44b/screenshot - {}
RESULT: {}
COMMAND: POST /session/f519eddc2ea26d61ca30e526d103b44b/element - {"using":"xpath","value":"//bdi[contains(text(), \"OK\")]"}
RESULT: {"using":"xpath","value":"//bdi[contains(text(), \"OK\")]"}
COMMAND: POST /session/f519eddc2ea26d61ca30e526d103b44b/element/f.A346BA6B978C9328C0C2B851E75B8348.d.88E2A92E74E3F8DDBCA0A3FBA68F3CF3.e.5134/click - {}
RESULT: {}
COMMAND: GET /session/f519eddc2ea26d61ca30e526d103b44b/screenshot - {}
RESULT: {}
COMMAND: POST /session/f519eddc2ea26d61ca30e526d103b44b/element - {"using":"xpath","value":"//input[@id=\"application-managepartners-display-component---NewPartner--companyCodeComboBox-inner\"]"}
RESULT: {"using":"xpath","value":"//input[@id=\"application-managepartners-display-component---NewPartner--companyCodeComboBox-inner\"]"}
COMMAND: POST /session/f519eddc2ea26d61ca30e526d103b44b/element/f.A346BA6B978C9328C0C2B851E75B8348.d.88E2A92E74E3F8DDBCA0A3FBA68F3CF3.e.4929/clear - {}
RESULT: {}
COMMAND: POST /session/f519eddc2ea26d61ca30e526d103b44b/element/f.A346BA6B978C9328C0C2B851E75B8348.d.88E2A92E74E3F8DDBCA0A3FBA68F3CF3.e.4929/value - {"text":"1000"}
COMMAND: GET /session/f519eddc2ea26d61ca30e526d103b44b/screenshot - {}
RESULT: {"text":"1000"}
COMMAND: GET /session/f519eddc2ea26d61ca30e526d103b44b/screenshot - {}
RESULT: {}
RESULT: {}
COMMAND: POST /session/f519eddc2ea26d61ca30e526d103b44b/element - {"using":"xpath","value":"//span[contains(text(), \"1000\")]"}
RESULT: {"using":"xpath","value":"//span[contains(text(), \"1000\")]"}
COMMAND: POST /session/f519eddc2ea26d61ca30e526d103b44b/element/f.A346BA6B978C9328C0C2B851E75B8348.d.88E2A92E74E3F8DDBCA0A3FBA68F3CF3.e.5140/click - {}
RESULT: {}
COMMAND: GET /session/f519eddc2ea26d61ca30e526d103b44b/screenshot - {}
RESULT: {}
COMMAND: POST /session/f519eddc2ea26d61ca30e526d103b44b/execute/async - {"script":"<script> [1562 bytes]","args":[{"selector":{"id":"application-managepartners-display-component---NewPartner--btnAddTableRow-img"},"wdio_ui5_key":"applicationmanagepartners-display-component---NewPartner--btnAddTableRow-img"}]}
RESULT: {"script":"<script> [1562 bytes]","args":[{"selector":{"id":"application-managepartners-display-component---NewPartner--btnAddTableRow-img"},"wdio_ui5_key":"applicationmanagepartners-display-component---NewPartner--btnAddTableRow-img"}]}
RESULT: undefined
COMMAND: POST /session/f519eddc2ea26d61ca30e526d103b44b/element - {"using":"xpath","value":"//*[@id=\"application-managepartners-display-component---NewPartner--btnAddTableRow-img\"]"}
RESULT: {"using":"xpath","value":"//*[@id=\"application-managepartners-display-component---NewPartner--btnAddTableRow-img\"]"}
COMMAND: POST /session/f519eddc2ea26d61ca30e526d103b44b/element/f.A346BA6B978C9328C0C2B851E75B8348.d.88E2A92E74E3F8DDBCA0A3FBA68F3CF3.e.5141/click - {}
RESULT: {}
COMMAND: GET /session/f519eddc2ea26d61ca30e526d103b44b/screenshot - {}
RESULT: {}
COMMAND: POST /session/f519eddc2ea26d61ca30e526d103b44b/element - {"using":"xpath","value":"//input[@id=\"application-managepartners-display-component---NewPartner--assignmentYard-application-managepartners-display-component---NewPartner--assignmentsTable-0-inner\"]"}
RESULT: {"using":"xpath","value":"//input[@id=\"application-managepartners-display-component---NewPartner--assignmentYard-application-managepartners-display-component---NewPartner--assignmentsTable-0-inner\"]"}
COMMAND: POST /session/f519eddc2ea26d61ca30e526d103b44b/element/f.A346BA6B978C9328C0C2B851E75B8348.d.88E2A92E74E3F8DDBCA0A3FBA68F3CF3.e.5144/clear - {}
RESULT: {}
COMMAND: POST /session/f519eddc2ea26d61ca30e526d103b44b/element/f.A346BA6B978C9328C0C2B851E75B8348.d.88E2A92E74E3F8DDBCA0A3FBA68F3CF3.e.5144/value - {"text":"309"}
COMMAND: GET /session/f519eddc2ea26d61ca30e526d103b44b/screenshot - {}
RESULT: {"text":"309"}
COMMAND: GET /session/f519eddc2ea26d61ca30e526d103b44b/screenshot - {}
RESULT: {}
RESULT: {}
COMMAND: POST /session/f519eddc2ea26d61ca30e526d103b44b/element - {"using":"xpath","value":"//li[.//span[text()='309']]"}
RESULT: {"using":"xpath","value":"//li[.//span[text()='309']]"}
COMMAND: POST /session/f519eddc2ea26d61ca30e526d103b44b/element/f.A346BA6B978C9328C0C2B851E75B8348.d.88E2A92E74E3F8DDBCA0A3FBA68F3CF3.e.5153/click - {}
RESULT: {}
COMMAND: GET /session/f519eddc2ea26d61ca30e526d103b44b/screenshot - {}
RESULT: {}
COMMAND: POST /session/f519eddc2ea26d61ca30e526d103b44b/actions - {"actions":[{"id":"action13","type":"key","parameters":{},"actions":[{"type":"keyDown","value":"î€‡"},{"type":"pause","duration":10},{"type":"keyUp","value":"î€‡"}]}]}
RESULT: {"actions":[{"id":"action13","type":"key","parameters":{},"actions":[{"type":"keyDown","value":"î€‡"},{"type":"pause","duration":10},{"type":"keyUp","value":"î€‡"}]}]}
COMMAND: POST /session/f519eddc2ea26d61ca30e526d103b44b/execute/async - {"script":"<script> [1562 bytes]","args":[{"selector":{"id":"application-managepartners-display-component---NewPartner--externalCustomerComboBox-application-managepartners-display-component---NewPartner--assignmentsTable-0-vhi"},"wdio_ui5_key":"applicationmanagepartners-display-component---NewPartner--externalCustomerComboBox-application-managepartners-display-component---NewPartner--assignmentsTable-0-vhi"}]}
COMMAND: GET /session/f519eddc2ea26d61ca30e526d103b44b/screenshot - {}
RESULT: {"script":"<script> [1562 bytes]","args":[{"selector":{"id":"application-managepartners-display-component---NewPartner--externalCustomerComboBox-application-managepartners-display-component---NewPartner--assignmentsTable-0-vhi"},"wdio_ui5_key":"applicationmanagepartners-display-component---NewPartner--externalCustomerComboBox-application-managepartners-display-component---NewPartner--assignmentsTable-0-vhi"}]}
RESULT: undefined
COMMAND: POST /session/f519eddc2ea26d61ca30e526d103b44b/element - {"using":"xpath","value":"//*[@id=\"application-managepartners-display-component---NewPartner--externalCustomerComboBox-application-managepartners-display-component---NewPartner--assignmentsTable-0-vhi\"]"}
RESULT: {}
RESULT: {"using":"xpath","value":"//*[@id=\"application-managepartners-display-component---NewPartner--externalCustomerComboBox-application-managepartners-display-component---NewPartner--assignmentsTable-0-vhi\"]"}
COMMAND: POST /session/f519eddc2ea26d61ca30e526d103b44b/element/f.A346BA6B978C9328C0C2B851E75B8348.d.88E2A92E74E3F8DDBCA0A3FBA68F3CF3.e.5157/click - {}
RESULT: {}
RESULT: undefined
COMMAND: POST /session/f519eddc2ea26d61ca30e526d103b44b/execute/async - {"script":"<script> [776 bytes]","args":[{"enterText":"300003","selector":{"controlType":"sap.m.SearchField","properties":{"placeholder":"Search"},"searchOpenDialogs":true,"interaction":{"idSuffix":"I"}},"clearTextFirst":true,"interactionType":"ENTER_TEXT"}]}
COMMAND: GET /session/f519eddc2ea26d61ca30e526d103b44b/screenshot - {}
RESULT: {"script":"<script> [776 bytes]","args":[{"enterText":"300003","selector":{"controlType":"sap.m.SearchField","properties":{"placeholder":"Search"},"searchOpenDialogs":true,"interaction":{"idSuffix":"I"}},"clearTextFirst":true,"interactionType":"ENTER_TEXT"}]}
COMMAND: POST /session/f519eddc2ea26d61ca30e526d103b44b/actions - {"actions":[{"id":"action14","type":"key","parameters":{},"actions":[{"type":"keyDown","value":"î€‡"},{"type":"pause","duration":10},{"type":"keyUp","value":"î€‡"}]}]}
RESULT: {}
RESULT: {"actions":[{"id":"action14","type":"key","parameters":{},"actions":[{"type":"keyDown","value":"î€‡"},{"type":"pause","duration":10},{"type":"keyUp","value":"î€‡"}]}]}
COMMAND: GET /session/f519eddc2ea26d61ca30e526d103b44b/screenshot - {}
RESULT: {}
COMMAND: POST /session/f519eddc2ea26d61ca30e526d103b44b/element - {"using":"xpath","value":"//span[contains(text(), \"300003\")]"}
RESULT: {"using":"xpath","value":"//span[contains(text(), \"300003\")]"}
COMMAND: POST /session/f519eddc2ea26d61ca30e526d103b44b/element/f.A346BA6B978C9328C0C2B851E75B8348.d.88E2A92E74E3F8DDBCA0A3FBA68F3CF3.e.5176/click - {}
RESULT: {}
COMMAND: GET /session/f519eddc2ea26d61ca30e526d103b44b/screenshot - {}
RESULT: {}
COMMAND: POST /session/f519eddc2ea26d61ca30e526d103b44b/element - {"using":"xpath","value":"//bdi[contains(text(), \"OK\")]"}
RESULT: {"using":"xpath","value":"//bdi[contains(text(), \"OK\")]"}
COMMAND: POST /session/f519eddc2ea26d61ca30e526d103b44b/element/f.A346BA6B978C9328C0C2B851E75B8348.d.88E2A92E74E3F8DDBCA0A3FBA68F3CF3.e.5178/click - {}
RESULT: {}
COMMAND: GET /session/f519eddc2ea26d61ca30e526d103b44b/screenshot - {}
RESULT: {}
COMMAND: POST /session/f519eddc2ea26d61ca30e526d103b44b/execute/async - {"script":"<script> [1562 bytes]","args":[{"selector":{"id":"application-managepartners-display-component---NewPartner--intercompVendorComboBox-application-managepartners-display-component---NewPartner--assignmentsTable-0-vhi"},"wdio_ui5_key":"applicationmanagepartners-display-component---NewPartner--intercompVendorComboBox-application-managepartners-display-component---NewPartner--assignmentsTable-0-vhi"}]}
RESULT: {"script":"<script> [1562 bytes]","args":[{"selector":{"id":"application-managepartners-display-component---NewPartner--intercompVendorComboBox-application-managepartners-display-component---NewPartner--assignmentsTable-0-vhi"},"wdio_ui5_key":"applicationmanagepartners-display-component---NewPartner--intercompVendorComboBox-application-managepartners-display-component---NewPartner--assignmentsTable-0-vhi"}]}
RESULT: undefined
COMMAND: POST /session/f519eddc2ea26d61ca30e526d103b44b/element - {"using":"xpath","value":"//*[@id=\"application-managepartners-display-component---NewPartner--intercompVendorComboBox-application-managepartners-display-component---NewPartner--assignmentsTable-0-vhi\"]"}
RESULT: {"using":"xpath","value":"//*[@id=\"application-managepartners-display-component---NewPartner--intercompVendorComboBox-application-managepartners-display-component---NewPartner--assignmentsTable-0-vhi\"]"}
COMMAND: POST /session/f519eddc2ea26d61ca30e526d103b44b/element/f.A346BA6B978C9328C0C2B851E75B8348.d.88E2A92E74E3F8DDBCA0A3FBA68F3CF3.e.5181/click - {}
RESULT: {}
RESULT: undefined
COMMAND: POST /session/f519eddc2ea26d61ca30e526d103b44b/execute/async - {"script":"<script> [776 bytes]","args":[{"enterText":"100005","selector":{"controlType":"sap.m.SearchField","properties":{"placeholder":"Search"},"searchOpenDialogs":true,"interaction":{"idSuffix":"I"}},"clearTextFirst":true,"interactionType":"ENTER_TEXT"}]}
COMMAND: GET /session/f519eddc2ea26d61ca30e526d103b44b/screenshot - {}
RESULT: {"script":"<script> [776 bytes]","args":[{"enterText":"100005","selector":{"controlType":"sap.m.SearchField","properties":{"placeholder":"Search"},"searchOpenDialogs":true,"interaction":{"idSuffix":"I"}},"clearTextFirst":true,"interactionType":"ENTER_TEXT"}]}
COMMAND: POST /session/f519eddc2ea26d61ca30e526d103b44b/actions - {"actions":[{"id":"action15","type":"key","parameters":{},"actions":[{"type":"keyDown","value":"î€‡"},{"type":"pause","duration":10},{"type":"keyUp","value":"î€‡"}]}]}
RESULT: {}
RESULT: {"actions":[{"id":"action15","type":"key","parameters":{},"actions":[{"type":"keyDown","value":"î€‡"},{"type":"pause","duration":10},{"type":"keyUp","value":"î€‡"}]}]}
COMMAND: GET /session/f519eddc2ea26d61ca30e526d103b44b/screenshot - {}
RESULT: {}
COMMAND: POST /session/f519eddc2ea26d61ca30e526d103b44b/element - {"using":"xpath","value":"//span[contains(text(), \"Penguins - Field/12345 Berlin\")]"}
RESULT: {"using":"xpath","value":"//span[contains(text(), \"Penguins - Field/12345 Berlin\")]"}
COMMAND: POST /session/f519eddc2ea26d61ca30e526d103b44b/element/f.A346BA6B978C9328C0C2B851E75B8348.d.88E2A92E74E3F8DDBCA0A3FBA68F3CF3.e.5199/click - {}
RESULT: {}
COMMAND: GET /session/f519eddc2ea26d61ca30e526d103b44b/screenshot - {}
RESULT: {}
COMMAND: POST /session/f519eddc2ea26d61ca30e526d103b44b/element - {"using":"xpath","value":"//bdi[contains(text(), \"OK\")]"}
RESULT: {"using":"xpath","value":"//bdi[contains(text(), \"OK\")]"}
COMMAND: POST /session/f519eddc2ea26d61ca30e526d103b44b/element/f.A346BA6B978C9328C0C2B851E75B8348.d.88E2A92E74E3F8DDBCA0A3FBA68F3CF3.e.5200/click - {}
RESULT: {}
COMMAND: GET /session/f519eddc2ea26d61ca30e526d103b44b/screenshot - {}
RESULT: {}
COMMAND: POST /session/f519eddc2ea26d61ca30e526d103b44b/element - {"using":"xpath","value":"//button[@data-kt=\"saveButton\"]"}
RESULT: {"using":"xpath","value":"//button[@data-kt=\"saveButton\"]"}
COMMAND: POST /session/f519eddc2ea26d61ca30e526d103b44b/element/f.A346BA6B978C9328C0C2B851E75B8348.d.88E2A92E74E3F8DDBCA0A3FBA68F3CF3.e.4997/click - {}
RESULT: {}
COMMAND: GET /session/f519eddc2ea26d61ca30e526d103b44b/screenshot - {}
RESULT: {}
COMMAND: POST /session/f519eddc2ea26d61ca30e526d103b44b/element - {"using":"xpath","value":"//header[contains(@id, 'ObjectPageLayout-headerTitle')]/div[1]/div[2]/div[2]/span[1]"}
RESULT: {"using":"xpath","value":"//header[contains(@id, 'ObjectPageLayout-headerTitle')]/div[1]/div[2]/div[2]/span[1]"}
COMMAND: POST /session/f519eddc2ea26d61ca30e526d103b44b/elements - {"using":"xpath","value":"//header[contains(@id, 'ObjectPageLayout-headerTitle')]/div[1]/div[2]/div[2]/span[1]"}
RESULT: {"using":"xpath","value":"//header[contains(@id, 'ObjectPageLayout-headerTitle')]/div[1]/div[2]/div[2]/span[1]"}
COMMAND: POST /session/f519eddc2ea26d61ca30e526d103b44b/execute/sync - {"script":"<script> [56 bytes]","args":[{"element-6066-11e4-a52e-4f735466cecf":"f.A346BA6B978C9328C0C2B851E75B8348.d.88E2A92E74E3F8DDBCA0A3FBA68F3CF3.e.5366","ELEMENT":"f.A346BA6B978C9328C0C2B851E75B8348.d.88E2A92E74E3F8DDBCA0A3FBA68F3CF3.e.5366"}]}
RESULT: {"script":"<script> [56 bytes]","args":[{"element-6066-11e4-a52e-4f735466cecf":"f.A346BA6B978C9328C0C2B851E75B8348.d.88E2A92E74E3F8DDBCA0A3FBA68F3CF3.e.5366","ELEMENT":"f.A346BA6B978C9328C0C2B851E75B8348.d.88E2A92E74E3F8DDBCA0A3FBA68F3CF3.e.5366"}]}
COMMAND: POST /session/f519eddc2ea26d61ca30e526d103b44b/element - {"using":"css selector","value":"#shell-header-logo"}
COMMAND: GET /session/f519eddc2ea26d61ca30e526d103b44b/screenshot - {}
RESULT: {"using":"css selector","value":"#shell-header-logo"}
COMMAND: POST /session/f519eddc2ea26d61ca30e526d103b44b/element/f.A346BA6B978C9328C0C2B851E75B8348.d.88E2A92E74E3F8DDBCA0A3FBA68F3CF3.e.4583/click - {}
RESULT: {}
RESULT: {}
COMMAND: GET /session/f519eddc2ea26d61ca30e526d103b44b/screenshot - {}
RESULT: {}
COMMAND: POST /session/f519eddc2ea26d61ca30e526d103b44b/execute/sync - {"script":"<script> [299 bytes]","args":[["getModel","getResource"]]}
RESULT: {"script":"<script> [299 bytes]","args":[["getModel","getResource"]]}
RESULT: undefined
COMMAND: POST /session/f519eddc2ea26d61ca30e526d103b44b/element - {"using":"xpath","value":"//*[@id=\"__tile30\"]"}
COMMAND: GET /session/f519eddc2ea26d61ca30e526d103b44b/screenshot - {}
RESULT: {"using":"xpath","value":"//*[@id=\"__tile30\"]"}
COMMAND: POST /session/f519eddc2ea26d61ca30e526d103b44b/element/f.A346BA6B978C9328C0C2B851E75B8348.d.88E2A92E74E3F8DDBCA0A3FBA68F3CF3.e.4503/click - {}
RESULT: {}
RESULT: {}
COMMAND: POST /session/f519eddc2ea26d61ca30e526d103b44b/element - {"using":"xpath","value":"//button[@data-kt=\"addButton\"]"}
COMMAND: GET /session/f519eddc2ea26d61ca30e526d103b44b/screenshot - {}
RESULT: {"using":"xpath","value":"//button[@data-kt=\"addButton\"]"}
COMMAND: POST /session/f519eddc2ea26d61ca30e526d103b44b/elements - {"using":"xpath","value":"//button[@data-kt=\"addButton\"]"}
RESULT: {}
RESULT: {"using":"xpath","value":"//button[@data-kt=\"addButton\"]"}
COMMAND: POST /session/f519eddc2ea26d61ca30e526d103b44b/elements - {"using":"xpath","value":"//button[@data-kt=\"addButton\"]"}
RESULT: {"using":"xpath","value":"//button[@data-kt=\"addButton\"]"}
COMMAND: POST /session/f519eddc2ea26d61ca30e526d103b44b/element - {"using":"xpath","value":"//button[@data-kt=\"addButton\"]"}
RESULT: {"using":"xpath","value":"//button[@data-kt=\"addButton\"]"}
COMMAND: POST /session/f519eddc2ea26d61ca30e526d103b44b/execute/sync - {"script":"<script> [8489 bytes]","args":[{"element-6066-11e4-a52e-4f735466cecf":"f.A346BA6B978C9328C0C2B851E75B8348.d.88E2A92E74E3F8DDBCA0A3FBA68F3CF3.e.5402","ELEMENT":"f.A346BA6B978C9328C0C2B851E75B8348.d.88E2A92E74E3F8DDBCA0A3FBA68F3CF3.e.5402"}]}
RESULT: {"script":"<script> [8489 bytes]","args":[{"element-6066-11e4-a52e-4f735466cecf":"f.A346BA6B978C9328C0C2B851E75B8348.d.88E2A92E74E3F8DDBCA0A3FBA68F3CF3.e.5402","ELEMENT":"f.A346BA6B978C9328C0C2B851E75B8348.d.88E2A92E74E3F8DDBCA0A3FBA68F3CF3.e.5402"}]}
COMMAND: GET /session/f519eddc2ea26d61ca30e526d103b44b/element/f.A346BA6B978C9328C0C2B851E75B8348.d.88E2A92E74E3F8DDBCA0A3FBA68F3CF3.e.5402/enabled - {}
COMMAND: GET /session/f519eddc2ea26d61ca30e526d103b44b/screenshot - {}
RESULT: {}
COMMAND: POST /session/f519eddc2ea26d61ca30e526d103b44b/execute/sync - {"script":"<script> [8489 bytes]","args":[{"element-6066-11e4-a52e-4f735466cecf":"f.A346BA6B978C9328C0C2B851E75B8348.d.88E2A92E74E3F8DDBCA0A3FBA68F3CF3.e.5402","ELEMENT":"f.A346BA6B978C9328C0C2B851E75B8348.d.88E2A92E74E3F8DDBCA0A3FBA68F3CF3.e.5402"}]}
COMMAND: GET /session/f519eddc2ea26d61ca30e526d103b44b/screenshot - {}
RESULT: {}
RESULT: {"script":"<script> [8489 bytes]","args":[{"element-6066-11e4-a52e-4f735466cecf":"f.A346BA6B978C9328C0C2B851E75B8348.d.88E2A92E74E3F8DDBCA0A3FBA68F3CF3.e.5402","ELEMENT":"f.A346BA6B978C9328C0C2B851E75B8348.d.88E2A92E74E3F8DDBCA0A3FBA68F3CF3.e.5402"}]}
COMMAND: POST /session/f519eddc2ea26d61ca30e526d103b44b/execute/sync - {"script":"<script> [5351 bytes]","args":[{"element-6066-11e4-a52e-4f735466cecf":"f.A346BA6B978C9328C0C2B851E75B8348.d.88E2A92E74E3F8DDBCA0A3FBA68F3CF3.e.5402","ELEMENT":"f.A346BA6B978C9328C0C2B851E75B8348.d.88E2A92E74E3F8DDBCA0A3FBA68F3CF3.e.5402"}]}
COMMAND: GET /session/f519eddc2ea26d61ca30e526d103b44b/screenshot - {}
RESULT: {}
RESULT: {"script":"<script> [5351 bytes]","args":[{"element-6066-11e4-a52e-4f735466cecf":"f.A346BA6B978C9328C0C2B851E75B8348.d.88E2A92E74E3F8DDBCA0A3FBA68F3CF3.e.5402","ELEMENT":"f.A346BA6B978C9328C0C2B851E75B8348.d.88E2A92E74E3F8DDBCA0A3FBA68F3CF3.e.5402"}]}
COMMAND: GET /session/f519eddc2ea26d61ca30e526d103b44b/screenshot - {}
RESULT: {}
RESULT: {}
COMMAND: POST /session/f519eddc2ea26d61ca30e526d103b44b/execute/async - {"script":"<script> [1562 bytes]","args":[{"selector":{"id":"application-managepartners-display-component---masterPtm--smartFilterBar-btnBasicSearch","interaction":{"idSuffix":"I"}},"wdio_ui5_key":"applicationmanagepartners-display-component---masterPtm--smartFilterBar-btnBasicSearch"}]}
RESULT: {"script":"<script> [1562 bytes]","args":[{"selector":{"id":"application-managepartners-display-component---masterPtm--smartFilterBar-btnBasicSearch","interaction":{"idSuffix":"I"}},"wdio_ui5_key":"applicationmanagepartners-display-component---masterPtm--smartFilterBar-btnBasicSearch"}]}
RESULT: undefined
COMMAND: POST /session/f519eddc2ea26d61ca30e526d103b44b/execute/async - {"script":"<script> [776 bytes]","args":[{"enterText":"1174","selector":{"id":"application-managepartners-display-component---masterPtm--smartFilterBar-btnBasicSearch","interaction":{"idSuffix":"I"}},"clearTextFirst":true,"interactionType":"ENTER_TEXT"}]}
RESULT: {"script":"<script> [776 bytes]","args":[{"enterText":"1174","selector":{"id":"application-managepartners-display-component---masterPtm--smartFilterBar-btnBasicSearch","interaction":{"idSuffix":"I"}},"clearTextFirst":true,"interactionType":"ENTER_TEXT"}]}
COMMAND: POST /session/f519eddc2ea26d61ca30e526d103b44b/actions - {"actions":[{"id":"action16","type":"key","parameters":{},"actions":[{"type":"keyDown","value":"î€‡"},{"type":"pause","duration":10},{"type":"keyUp","value":"î€‡"}]}]}
RESULT: {"actions":[{"id":"action16","type":"key","parameters":{},"actions":[{"type":"keyDown","value":"î€‡"},{"type":"pause","duration":10},{"type":"keyUp","value":"î€‡"}]}]}
COMMAND: GET /session/f519eddc2ea26d61ca30e526d103b44b/screenshot - {}
RESULT: {}
COMMAND: POST /session/f519eddc2ea26d61ca30e526d103b44b/elements - {"using":"xpath","value":"//table[contains(@id, \"customPartnersTable-listUl\")]/tbody/tr"}
RESULT: {"using":"xpath","value":"//table[contains(@id, \"customPartnersTable-listUl\")]/tbody/tr"}
COMMAND: POST /session/f519eddc2ea26d61ca30e526d103b44b/element - {"using":"xpath","value":"//table[contains(@id, \"customPartnersTable-listUl\")]/tbody/tr[1]/td[3]/span"}
RESULT: {"using":"xpath","value":"//table[contains(@id, \"customPartnersTable-listUl\")]/tbody/tr[1]/td[3]/span"}
COMMAND: POST /session/f519eddc2ea26d61ca30e526d103b44b/elements - {"using":"xpath","value":"//table[contains(@id, \"customPartnersTable-listUl\")]/tbody/tr[1]/td[3]/span"}
RESULT: {"using":"xpath","value":"//table[contains(@id, \"customPartnersTable-listUl\")]/tbody/tr[1]/td[3]/span"}
COMMAND: POST /session/f519eddc2ea26d61ca30e526d103b44b/execute/sync - {"script":"<script> [56 bytes]","args":[{"element-6066-11e4-a52e-4f735466cecf":"f.A346BA6B978C9328C0C2B851E75B8348.d.88E2A92E74E3F8DDBCA0A3FBA68F3CF3.e.5549","ELEMENT":"f.A346BA6B978C9328C0C2B851E75B8348.d.88E2A92E74E3F8DDBCA0A3FBA68F3CF3.e.5549"}]}
RESULT: {"script":"<script> [56 bytes]","args":[{"element-6066-11e4-a52e-4f735466cecf":"f.A346BA6B978C9328C0C2B851E75B8348.d.88E2A92E74E3F8DDBCA0A3FBA68F3CF3.e.5549","ELEMENT":"f.A346BA6B978C9328C0C2B851E75B8348.d.88E2A92E74E3F8DDBCA0A3FBA68F3CF3.e.5549"}]}
COMMAND: POST /session/f519eddc2ea26d61ca30e526d103b44b/element - {"using":"xpath","value":"(//span[contains(@id, \"imgNav\")])[1]"}
COMMAND: GET /session/f519eddc2ea26d61ca30e526d103b44b/screenshot - {}
RESULT: {"using":"xpath","value":"(//span[contains(@id, \"imgNav\")])[1]"}
COMMAND: POST /session/f519eddc2ea26d61ca30e526d103b44b/element/f.A346BA6B978C9328C0C2B851E75B8348.d.88E2A92E74E3F8DDBCA0A3FBA68F3CF3.e.5546/click - {}
RESULT: {}
RESULT: {}
COMMAND: GET /session/f519eddc2ea26d61ca30e526d103b44b/screenshot - {}
RESULT: {}
COMMAND: POST /session/f519eddc2ea26d61ca30e526d103b44b/element - {"using":"xpath","value":"//bdi[contains(text(), \"Edit\")]"}
RESULT: {"using":"xpath","value":"//bdi[contains(text(), \"Edit\")]"}
COMMAND: POST /session/f519eddc2ea26d61ca30e526d103b44b/element/f.A346BA6B978C9328C0C2B851E75B8348.d.88E2A92E74E3F8DDBCA0A3FBA68F3CF3.e.5691/click - {}
RESULT: {}
COMMAND: GET /session/f519eddc2ea26d61ca30e526d103b44b/screenshot - {}
RESULT: {}
COMMAND: POST /session/f519eddc2ea26d61ca30e526d103b44b/execute/async - {"script":"<script> [1562 bytes]","args":[{"selector":{"controlType":"sap.m.Input","viewName":"etm.portal.ui.managepartners.view.EditDetail","labelFor":{"text":"Name"},"interaction":{"idSuffix":"inner"}},"wdio_ui5_key":"etmportal.ui.managepartners.view.EditDetailsap.m.Input{\"text\":\"Name\"}"}]}
RESULT: {"script":"<script> [1562 bytes]","args":[{"selector":{"controlType":"sap.m.Input","viewName":"etm.portal.ui.managepartners.view.EditDetail","labelFor":{"text":"Name"},"interaction":{"idSuffix":"inner"}},"wdio_ui5_key":"etmportal.ui.managepartners.view.EditDetailsap.m.Input{\"text\":\"Name\"}"}]}
RESULT: undefined
COMMAND: POST /session/f519eddc2ea26d61ca30e526d103b44b/execute/async - {"script":"<script> [776 bytes]","args":[{"enterText":"Intracompany EDIT","selector":{"controlType":"sap.m.Input","viewName":"etm.portal.ui.managepartners.view.EditDetail","labelFor":{"text":"Name"},"interaction":{"idSuffix":"inner"}},"clearTextFirst":true,"interactionType":"ENTER_TEXT"}]}
RESULT: {"script":"<script> [776 bytes]","args":[{"enterText":"Intracompany EDIT","selector":{"controlType":"sap.m.Input","viewName":"etm.portal.ui.managepartners.view.EditDetail","labelFor":{"text":"Name"},"interaction":{"idSuffix":"inner"}},"clearTextFirst":true,"interactionType":"ENTER_TEXT"}]}
COMMAND: POST /session/f519eddc2ea26d61ca30e526d103b44b/element - {"using":"xpath","value":"(//span[contains(@id,\"addressDetailDetailsLanguage-arrow\")])[1]"}
RESULT: {"using":"xpath","value":"(//span[contains(@id,\"addressDetailDetailsLanguage-arrow\")])[1]"}
COMMAND: POST /session/f519eddc2ea26d61ca30e526d103b44b/element/f.A346BA6B978C9328C0C2B851E75B8348.d.88E2A92E74E3F8DDBCA0A3FBA68F3CF3.e.5776/click - {}
RESULT: {}
COMMAND: POST /session/f519eddc2ea26d61ca30e526d103b44b/element - {"using":"xpath","value":"//span[contains(text(), \"Chinese\")]"}
COMMAND: GET /session/f519eddc2ea26d61ca30e526d103b44b/screenshot - {}
RESULT: {"using":"xpath","value":"//span[contains(text(), \"Chinese\")]"}
COMMAND: POST /session/f519eddc2ea26d61ca30e526d103b44b/element/f.A346BA6B978C9328C0C2B851E75B8348.d.88E2A92E74E3F8DDBCA0A3FBA68F3CF3.e.5777/click - {}
RESULT: {}
RESULT: {}
COMMAND: GET /session/f519eddc2ea26d61ca30e526d103b44b/screenshot - {}
RESULT: {}
COMMAND: POST /session/f519eddc2ea26d61ca30e526d103b44b/execute/async - {"script":"<script> [1562 bytes]","args":[{"selector":{"controlType":"sap.m.Input","viewName":"etm.portal.ui.managepartners.view.EditDetail","labelFor":{"text":"City"},"interaction":{"idSuffix":"inner"}},"wdio_ui5_key":"etmportal.ui.managepartners.view.EditDetailsap.m.Input{\"text\":\"City\"}"}]}
RESULT: {"script":"<script> [1562 bytes]","args":[{"selector":{"controlType":"sap.m.Input","viewName":"etm.portal.ui.managepartners.view.EditDetail","labelFor":{"text":"City"},"interaction":{"idSuffix":"inner"}},"wdio_ui5_key":"etmportal.ui.managepartners.view.EditDetailsap.m.Input{\"text\":\"City\"}"}]}
RESULT: undefined
COMMAND: POST /session/f519eddc2ea26d61ca30e526d103b44b/execute/async - {"script":"<script> [776 bytes]","args":[{"enterText":"Clooj-Napoca","selector":{"controlType":"sap.m.Input","viewName":"etm.portal.ui.managepartners.view.EditDetail","labelFor":{"text":"City"},"interaction":{"idSuffix":"inner"}},"clearTextFirst":true,"interactionType":"ENTER_TEXT"}]}
RESULT: {"script":"<script> [776 bytes]","args":[{"enterText":"Clooj-Napoca","selector":{"controlType":"sap.m.Input","viewName":"etm.portal.ui.managepartners.view.EditDetail","labelFor":{"text":"City"},"interaction":{"idSuffix":"inner"}},"clearTextFirst":true,"interactionType":"ENTER_TEXT"}]}
COMMAND: POST /session/f519eddc2ea26d61ca30e526d103b44b/element - {"using":"xpath","value":"//button[@data-kt=\"saveButton\"]"}
RESULT: {"using":"xpath","value":"//button[@data-kt=\"saveButton\"]"}
COMMAND: POST /session/f519eddc2ea26d61ca30e526d103b44b/element/f.A346BA6B978C9328C0C2B851E75B8348.d.88E2A92E74E3F8DDBCA0A3FBA68F3CF3.e.5753/click - {}
RESULT: {}
COMMAND: GET /session/f519eddc2ea26d61ca30e526d103b44b/screenshot - {}
RESULT: {}
COMMAND: POST /session/f519eddc2ea26d61ca30e526d103b44b/execute/async - {"script":"<script> [1562 bytes]","args":[{"selector":{"id":"application-managepartners-display-component---detailPtm--addressDetailDetailsName1"},"wdio_ui5_key":"applicationmanagepartners-display-component---detailPtm--addressDetailDetailsName1"}]}
RESULT: {"script":"<script> [1562 bytes]","args":[{"selector":{"id":"application-managepartners-display-component---detailPtm--addressDetailDetailsName1"},"wdio_ui5_key":"applicationmanagepartners-display-component---detailPtm--addressDetailDetailsName1"}]}
RESULT: undefined
COMMAND: POST /session/f519eddc2ea26d61ca30e526d103b44b/execute/async - {"script":"<script> [6424 bytes]","args":[{"element-6066-11e4-a52e-4f735466cecf":"f.A346BA6B978C9328C0C2B851E75B8348.d.88E2A92E74E3F8DDBCA0A3FBA68F3CF3.e.5808"},"getValue",[]]}
RESULT: {"script":"<script> [6424 bytes]","args":[{"element-6066-11e4-a52e-4f735466cecf":"f.A346BA6B978C9328C0C2B851E75B8348.d.88E2A92E74E3F8DDBCA0A3FBA68F3CF3.e.5808"},"getValue",[]]}
COMMAND: POST /session/f519eddc2ea26d61ca30e526d103b44b/element - {"using":"xpath","value":"//input[@id = \"application-managepartners-display-component---detailPtm--addressDetailDetailsLanguage-inner\"]"}
RESULT: {"using":"xpath","value":"//input[@id = \"application-managepartners-display-component---detailPtm--addressDetailDetailsLanguage-inner\"]"}
COMMAND: GET /session/f519eddc2ea26d61ca30e526d103b44b/element/f.A346BA6B978C9328C0C2B851E75B8348.d.88E2A92E74E3F8DDBCA0A3FBA68F3CF3.e.5809/property/value - {}
RESULT: {}
COMMAND: POST /session/f519eddc2ea26d61ca30e526d103b44b/execute/async - {"script":"<script> [1562 bytes]","args":[{"selector":{"id":"application-managepartners-display-component---detailPtm--addressDetailDetailsCity1"},"wdio_ui5_key":"applicationmanagepartners-display-component---detailPtm--addressDetailDetailsCity1"}]}
COMMAND: GET /session/f519eddc2ea26d61ca30e526d103b44b/screenshot - {}
RESULT: {"script":"<script> [1562 bytes]","args":[{"selector":{"id":"application-managepartners-display-component---detailPtm--addressDetailDetailsCity1"},"wdio_ui5_key":"applicationmanagepartners-display-component---detailPtm--addressDetailDetailsCity1"}]}
RESULT: undefined
COMMAND: POST /session/f519eddc2ea26d61ca30e526d103b44b/execute/async - {"script":"<script> [6424 bytes]","args":[{"element-6066-11e4-a52e-4f735466cecf":"f.A346BA6B978C9328C0C2B851E75B8348.d.88E2A92E74E3F8DDBCA0A3FBA68F3CF3.e.5810"},"getValue",[]]}
RESULT: {}
RESULT: {"script":"<script> [6424 bytes]","args":[{"element-6066-11e4-a52e-4f735466cecf":"f.A346BA6B978C9328C0C2B851E75B8348.d.88E2A92E74E3F8DDBCA0A3FBA68F3CF3.e.5810"},"getValue",[]]}
COMMAND: POST /session/f519eddc2ea26d61ca30e526d103b44b/element - {"using":"css selector","value":"#shell-header-logo"}
RESULT: {"using":"css selector","value":"#shell-header-logo"}
COMMAND: POST /session/f519eddc2ea26d61ca30e526d103b44b/element/f.A346BA6B978C9328C0C2B851E75B8348.d.88E2A92E74E3F8DDBCA0A3FBA68F3CF3.e.5369/click - {}
RESULT: {}
COMMAND: GET /session/f519eddc2ea26d61ca30e526d103b44b/screenshot - {}
RESULT: {}
]]></system-out>
    </testcase>
    <testcase classname="chrome.135_0_7049_96.windows.Partner_specific_tests_US150819_US151080_US151654_US151176_US103444_US151078_US151079_US151109_US151174_US151175_US151189" name="Should do filtering and navigation tests US151109" time="154.406">
      <system-out><![CDATA[
COMMAND: POST /session/f519eddc2ea26d61ca30e526d103b44b/element - {"using":"xpath","value":"//li[.//span[text()=\"Manage Partners\"]]"}
RESULT: {"using":"xpath","value":"//li[.//span[text()=\"Manage Partners\"]]"}
COMMAND: POST /session/f519eddc2ea26d61ca30e526d103b44b/element - {"using":"xpath","value":"//li[.//span[text()=\"Manage Partners\"]]"}
RESULT: {"using":"xpath","value":"//li[.//span[text()=\"Manage Partners\"]]"}
COMMAND: POST /session/f519eddc2ea26d61ca30e526d103b44b/element - {"using":"css selector","value":"#shell-header-logo"}
RESULT: {"using":"css selector","value":"#shell-header-logo"}
COMMAND: POST /session/f519eddc2ea26d61ca30e526d103b44b/element/f.A346BA6B978C9328C0C2B851E75B8348.d.88E2A92E74E3F8DDBCA0A3FBA68F3CF3.e.5840/click - {}
COMMAND: POST /session/f519eddc2ea26d61ca30e526d103b44b/execute/sync - {"script":"<script> [8489 bytes]","args":[{"element-6066-11e4-a52e-4f735466cecf":"f.A346BA6B978C9328C0C2B851E75B8348.d.88E2A92E74E3F8DDBCA0A3FBA68F3CF3.e.5840","ELEMENT":"f.A346BA6B978C9328C0C2B851E75B8348.d.88E2A92E74E3F8DDBCA0A3FBA68F3CF3.e.5840"}]}
RESULT: {}
COMMAND: GET /session/f519eddc2ea26d61ca30e526d103b44b/screenshot - {}
RESULT: {"script":"<script> [8489 bytes]","args":[{"element-6066-11e4-a52e-4f735466cecf":"f.A346BA6B978C9328C0C2B851E75B8348.d.88E2A92E74E3F8DDBCA0A3FBA68F3CF3.e.5840","ELEMENT":"f.A346BA6B978C9328C0C2B851E75B8348.d.88E2A92E74E3F8DDBCA0A3FBA68F3CF3.e.5840"}]}
COMMAND: POST /session/f519eddc2ea26d61ca30e526d103b44b/execute/sync - {"script":"<script> [5351 bytes]","args":[{"element-6066-11e4-a52e-4f735466cecf":"f.A346BA6B978C9328C0C2B851E75B8348.d.88E2A92E74E3F8DDBCA0A3FBA68F3CF3.e.5840","ELEMENT":"f.A346BA6B978C9328C0C2B851E75B8348.d.88E2A92E74E3F8DDBCA0A3FBA68F3CF3.e.5840"}]}
COMMAND: GET /session/f519eddc2ea26d61ca30e526d103b44b/screenshot - {}
RESULT: {}
RESULT: {"script":"<script> [5351 bytes]","args":[{"element-6066-11e4-a52e-4f735466cecf":"f.A346BA6B978C9328C0C2B851E75B8348.d.88E2A92E74E3F8DDBCA0A3FBA68F3CF3.e.5840","ELEMENT":"f.A346BA6B978C9328C0C2B851E75B8348.d.88E2A92E74E3F8DDBCA0A3FBA68F3CF3.e.5840"}]}
COMMAND: GET /session/f519eddc2ea26d61ca30e526d103b44b/screenshot - {}
RESULT: {}
RESULT: {}
RESULT: undefined
COMMAND: POST /session/f519eddc2ea26d61ca30e526d103b44b/element - {"using":"xpath","value":"//*[@id=\"__tile30\"]"}
RESULT: {"using":"xpath","value":"//*[@id=\"__tile30\"]"}
COMMAND: POST /session/f519eddc2ea26d61ca30e526d103b44b/element/f.A346BA6B978C9328C0C2B851E75B8348.d.88E2A92E74E3F8DDBCA0A3FBA68F3CF3.e.4503/click - {}
RESULT: {}
COMMAND: POST /session/f519eddc2ea26d61ca30e526d103b44b/element - {"using":"xpath","value":"//button[@data-kt=\"addButton\"]"}
COMMAND: GET /session/f519eddc2ea26d61ca30e526d103b44b/screenshot - {}
RESULT: {"using":"xpath","value":"//button[@data-kt=\"addButton\"]"}
COMMAND: POST /session/f519eddc2ea26d61ca30e526d103b44b/elements - {"using":"xpath","value":"//button[@data-kt=\"addButton\"]"}
RESULT: {}
RESULT: {"using":"xpath","value":"//button[@data-kt=\"addButton\"]"}
COMMAND: POST /session/f519eddc2ea26d61ca30e526d103b44b/execute/sync - {"script":"<script> [8489 bytes]","args":[{"element-6066-11e4-a52e-4f735466cecf":"f.A346BA6B978C9328C0C2B851E75B8348.d.88E2A92E74E3F8DDBCA0A3FBA68F3CF3.e.5886","ELEMENT":"f.A346BA6B978C9328C0C2B851E75B8348.d.88E2A92E74E3F8DDBCA0A3FBA68F3CF3.e.5886"}]}
RESULT: {"script":"<script> [8489 bytes]","args":[{"element-6066-11e4-a52e-4f735466cecf":"f.A346BA6B978C9328C0C2B851E75B8348.d.88E2A92E74E3F8DDBCA0A3FBA68F3CF3.e.5886","ELEMENT":"f.A346BA6B978C9328C0C2B851E75B8348.d.88E2A92E74E3F8DDBCA0A3FBA68F3CF3.e.5886"}]}
COMMAND: GET /session/f519eddc2ea26d61ca30e526d103b44b/element/f.A346BA6B978C9328C0C2B851E75B8348.d.88E2A92E74E3F8DDBCA0A3FBA68F3CF3.e.5886/enabled - {}
COMMAND: GET /session/f519eddc2ea26d61ca30e526d103b44b/screenshot - {}
RESULT: {}
COMMAND: POST /session/f519eddc2ea26d61ca30e526d103b44b/execute/sync - {"script":"<script> [8489 bytes]","args":[{"element-6066-11e4-a52e-4f735466cecf":"f.A346BA6B978C9328C0C2B851E75B8348.d.88E2A92E74E3F8DDBCA0A3FBA68F3CF3.e.5886","ELEMENT":"f.A346BA6B978C9328C0C2B851E75B8348.d.88E2A92E74E3F8DDBCA0A3FBA68F3CF3.e.5886"}]}
COMMAND: GET /session/f519eddc2ea26d61ca30e526d103b44b/screenshot - {}
RESULT: {}
RESULT: {"script":"<script> [8489 bytes]","args":[{"element-6066-11e4-a52e-4f735466cecf":"f.A346BA6B978C9328C0C2B851E75B8348.d.88E2A92E74E3F8DDBCA0A3FBA68F3CF3.e.5886","ELEMENT":"f.A346BA6B978C9328C0C2B851E75B8348.d.88E2A92E74E3F8DDBCA0A3FBA68F3CF3.e.5886"}]}
COMMAND: POST /session/f519eddc2ea26d61ca30e526d103b44b/execute/sync - {"script":"<script> [5351 bytes]","args":[{"element-6066-11e4-a52e-4f735466cecf":"f.A346BA6B978C9328C0C2B851E75B8348.d.88E2A92E74E3F8DDBCA0A3FBA68F3CF3.e.5886","ELEMENT":"f.A346BA6B978C9328C0C2B851E75B8348.d.88E2A92E74E3F8DDBCA0A3FBA68F3CF3.e.5886"}]}
COMMAND: GET /session/f519eddc2ea26d61ca30e526d103b44b/screenshot - {}
RESULT: {}
RESULT: {"script":"<script> [5351 bytes]","args":[{"element-6066-11e4-a52e-4f735466cecf":"f.A346BA6B978C9328C0C2B851E75B8348.d.88E2A92E74E3F8DDBCA0A3FBA68F3CF3.e.5886","ELEMENT":"f.A346BA6B978C9328C0C2B851E75B8348.d.88E2A92E74E3F8DDBCA0A3FBA68F3CF3.e.5886"}]}
COMMAND: GET /session/f519eddc2ea26d61ca30e526d103b44b/screenshot - {}
RESULT: {}
RESULT: {}
COMMAND: POST /session/f519eddc2ea26d61ca30e526d103b44b/element - {"using":"xpath","value":"//span[@id=\"application-managepartners-display-component---masterPtm--smartTable-header-inner\"]"}
RESULT: {"using":"xpath","value":"//span[@id=\"application-managepartners-display-component---masterPtm--smartTable-header-inner\"]"}
COMMAND: POST /session/f519eddc2ea26d61ca30e526d103b44b/elements - {"using":"xpath","value":"//span[@id=\"application-managepartners-display-component---masterPtm--smartTable-header-inner\"]"}
RESULT: {"using":"xpath","value":"//span[@id=\"application-managepartners-display-component---masterPtm--smartTable-header-inner\"]"}
COMMAND: POST /session/f519eddc2ea26d61ca30e526d103b44b/execute/sync - {"script":"<script> [56 bytes]","args":[{"element-6066-11e4-a52e-4f735466cecf":"f.A346BA6B978C9328C0C2B851E75B8348.d.88E2A92E74E3F8DDBCA0A3FBA68F3CF3.e.6011","ELEMENT":"f.A346BA6B978C9328C0C2B851E75B8348.d.88E2A92E74E3F8DDBCA0A3FBA68F3CF3.e.6011"}]}
RESULT: {"script":"<script> [56 bytes]","args":[{"element-6066-11e4-a52e-4f735466cecf":"f.A346BA6B978C9328C0C2B851E75B8348.d.88E2A92E74E3F8DDBCA0A3FBA68F3CF3.e.6011","ELEMENT":"f.A346BA6B978C9328C0C2B851E75B8348.d.88E2A92E74E3F8DDBCA0A3FBA68F3CF3.e.6011"}]}
RESULT: undefined
COMMAND: POST /session/f519eddc2ea26d61ca30e526d103b44b/execute/async - {"script":"<script> [776 bytes]","args":[{"enterText":"External Partner WDIO","selector":{"id":"application-managepartners-display-component---masterPtm--smartFilterBar-btnBasicSearch","interaction":{"idSuffix":"I"}},"clearTextFirst":true,"interactionType":"ENTER_TEXT"}]}
COMMAND: GET /session/f519eddc2ea26d61ca30e526d103b44b/screenshot - {}
RESULT: {"script":"<script> [776 bytes]","args":[{"enterText":"External Partner WDIO","selector":{"id":"application-managepartners-display-component---masterPtm--smartFilterBar-btnBasicSearch","interaction":{"idSuffix":"I"}},"clearTextFirst":true,"interactionType":"ENTER_TEXT"}]}
RESULT: {}
COMMAND: POST /session/f519eddc2ea26d61ca30e526d103b44b/actions - {"actions":[{"id":"action17","type":"key","parameters":{},"actions":[{"type":"keyDown","value":"î€‡"},{"type":"pause","duration":10},{"type":"keyUp","value":"î€‡"}]}]}
RESULT: {"actions":[{"id":"action17","type":"key","parameters":{},"actions":[{"type":"keyDown","value":"î€‡"},{"type":"pause","duration":10},{"type":"keyUp","value":"î€‡"}]}]}
COMMAND: GET /session/f519eddc2ea26d61ca30e526d103b44b/screenshot - {}
RESULT: {}
COMMAND: POST /session/f519eddc2ea26d61ca30e526d103b44b/element - {"using":"xpath","value":"//span[@id=\"application-managepartners-display-component---masterPtm--smartTable-header-inner\"]"}
RESULT: {"using":"xpath","value":"//span[@id=\"application-managepartners-display-component---masterPtm--smartTable-header-inner\"]"}
COMMAND: POST /session/f519eddc2ea26d61ca30e526d103b44b/elements - {"using":"xpath","value":"//span[@id=\"application-managepartners-display-component---masterPtm--smartTable-header-inner\"]"}
RESULT: {"using":"xpath","value":"//span[@id=\"application-managepartners-display-component---masterPtm--smartTable-header-inner\"]"}
COMMAND: POST /session/f519eddc2ea26d61ca30e526d103b44b/execute/sync - {"script":"<script> [56 bytes]","args":[{"element-6066-11e4-a52e-4f735466cecf":"f.A346BA6B978C9328C0C2B851E75B8348.d.88E2A92E74E3F8DDBCA0A3FBA68F3CF3.e.6011","ELEMENT":"f.A346BA6B978C9328C0C2B851E75B8348.d.88E2A92E74E3F8DDBCA0A3FBA68F3CF3.e.6011"}]}
RESULT: {"script":"<script> [56 bytes]","args":[{"element-6066-11e4-a52e-4f735466cecf":"f.A346BA6B978C9328C0C2B851E75B8348.d.88E2A92E74E3F8DDBCA0A3FBA68F3CF3.e.6011","ELEMENT":"f.A346BA6B978C9328C0C2B851E75B8348.d.88E2A92E74E3F8DDBCA0A3FBA68F3CF3.e.6011"}]}
COMMAND: POST /session/f519eddc2ea26d61ca30e526d103b44b/element - {"using":"xpath","value":"//div[contains(@id, \"managepartners-display-component---masterPtm--smartFilterBar-btnBasicSearch-reset\")]"}
COMMAND: GET /session/f519eddc2ea26d61ca30e526d103b44b/screenshot - {}
RESULT: {"using":"xpath","value":"//div[contains(@id, \"managepartners-display-component---masterPtm--smartFilterBar-btnBasicSearch-reset\")]"}
COMMAND: POST /session/f519eddc2ea26d61ca30e526d103b44b/element/f.A346BA6B978C9328C0C2B851E75B8348.d.88E2A92E74E3F8DDBCA0A3FBA68F3CF3.e.6043/click - {}
RESULT: {}
RESULT: {}
COMMAND: GET /session/f519eddc2ea26d61ca30e526d103b44b/screenshot - {}
RESULT: {}
COMMAND: POST /session/f519eddc2ea26d61ca30e526d103b44b/execute/async - {"script":"<script> [1562 bytes]","args":[{"selector":{"id":"application-managepartners-display-component---masterPtm--smartFilterBar-filterItemControl_BASIC-MAIN_ADDRESS-vhi"},"wdio_ui5_key":"applicationmanagepartners-display-component---masterPtm--smartFilterBar-filterItemControl_BASIC-MAIN_ADDRESS-vhi"}]}
RESULT: {"script":"<script> [1562 bytes]","args":[{"selector":{"id":"application-managepartners-display-component---masterPtm--smartFilterBar-filterItemControl_BASIC-MAIN_ADDRESS-vhi"},"wdio_ui5_key":"applicationmanagepartners-display-component---masterPtm--smartFilterBar-filterItemControl_BASIC-MAIN_ADDRESS-vhi"}]}
RESULT: undefined
COMMAND: POST /session/f519eddc2ea26d61ca30e526d103b44b/element - {"using":"xpath","value":"//*[@id=\"application-managepartners-display-component---masterPtm--smartFilterBar-filterItemControl_BASIC-MAIN_ADDRESS-vhi\"]"}
RESULT: {"using":"xpath","value":"//*[@id=\"application-managepartners-display-component---masterPtm--smartFilterBar-filterItemControl_BASIC-MAIN_ADDRESS-vhi\"]"}
COMMAND: POST /session/f519eddc2ea26d61ca30e526d103b44b/element/f.A346BA6B978C9328C0C2B851E75B8348.d.88E2A92E74E3F8DDBCA0A3FBA68F3CF3.e.6144/click - {}
RESULT: {}
COMMAND: GET /session/f519eddc2ea26d61ca30e526d103b44b/screenshot - {}
RESULT: {}
COMMAND: POST /session/f519eddc2ea26d61ca30e526d103b44b/execute/async - {"script":"<script> [1562 bytes]","args":[{"selector":{"id":"application-managepartners-display-component---masterPtm--smartFilterBar-filterItemControl_BASIC-MAIN_ADDRESS-valueHelpDialog-smartFilterBar-btnBasicSearch","searchOpenDialogs":true,"interaction":{"idSuffix":"I"}},"wdio_ui5_key":"applicationmanagepartners-display-component---masterPtm--smartFilterBar-filterItemControl_BASIC-MAIN_ADDRESS-valueHelpDialog-smartFilterBar-btnBasicSearch"}]}
RESULT: {"script":"<script> [1562 bytes]","args":[{"selector":{"id":"application-managepartners-display-component---masterPtm--smartFilterBar-filterItemControl_BASIC-MAIN_ADDRESS-valueHelpDialog-smartFilterBar-btnBasicSearch","searchOpenDialogs":true,"interaction":{"idSuffix":"I"}},"wdio_ui5_key":"applicationmanagepartners-display-component---masterPtm--smartFilterBar-filterItemControl_BASIC-MAIN_ADDRESS-valueHelpDialog-smartFilterBar-btnBasicSearch"}]}
RESULT: undefined
COMMAND: POST /session/f519eddc2ea26d61ca30e526d103b44b/execute/async - {"script":"<script> [776 bytes]","args":[{"enterText":"Romania","selector":{"id":"application-managepartners-display-component---masterPtm--smartFilterBar-filterItemControl_BASIC-MAIN_ADDRESS-valueHelpDialog-smartFilterBar-btnBasicSearch","searchOpenDialogs":true,"interaction":{"idSuffix":"I"}},"clearTextFirst":true,"interactionType":"ENTER_TEXT"}]}
RESULT: {"script":"<script> [776 bytes]","args":[{"enterText":"Romania","selector":{"id":"application-managepartners-display-component---masterPtm--smartFilterBar-filterItemControl_BASIC-MAIN_ADDRESS-valueHelpDialog-smartFilterBar-btnBasicSearch","searchOpenDialogs":true,"interaction":{"idSuffix":"I"}},"clearTextFirst":true,"interactionType":"ENTER_TEXT"}]}
COMMAND: POST /session/f519eddc2ea26d61ca30e526d103b44b/actions - {"actions":[{"id":"action18","type":"key","parameters":{},"actions":[{"type":"keyDown","value":"î€‡"},{"type":"pause","duration":10},{"type":"keyUp","value":"î€‡"}]}]}
RESULT: {"actions":[{"id":"action18","type":"key","parameters":{},"actions":[{"type":"keyDown","value":"î€‡"},{"type":"pause","duration":10},{"type":"keyUp","value":"î€‡"}]}]}
COMMAND: POST /session/f519eddc2ea26d61ca30e526d103b44b/elements - {"using":"xpath","value":"//table[contains(@id, \"smartFilterBar-filterItemControl_BASIC-MAIN_ADDRESS-valueHelpDialog-table-table\")]/tbody/tr"}
COMMAND: GET /session/f519eddc2ea26d61ca30e526d103b44b/screenshot - {}
RESULT: {"using":"xpath","value":"//table[contains(@id, \"smartFilterBar-filterItemControl_BASIC-MAIN_ADDRESS-valueHelpDialog-table-table\")]/tbody/tr"}
COMMAND: POST /session/f519eddc2ea26d61ca30e526d103b44b/element - {"using":"xpath","value":"//table[contains(@id, \"smartFilterBar-filterItemControl_BASIC-MAIN_ADDRESS-valueHelpDialog-table-table\")]/tbody/tr[1]/td[1]/div/span"}
RESULT: {}
RESULT: {"using":"xpath","value":"//table[contains(@id, \"smartFilterBar-filterItemControl_BASIC-MAIN_ADDRESS-valueHelpDialog-table-table\")]/tbody/tr[1]/td[1]/div/span"}
COMMAND: POST /session/f519eddc2ea26d61ca30e526d103b44b/elements - {"using":"xpath","value":"//table[contains(@id, \"smartFilterBar-filterItemControl_BASIC-MAIN_ADDRESS-valueHelpDialog-table-table\")]/tbody/tr[1]/td[1]/div/span"}
RESULT: {"using":"xpath","value":"//table[contains(@id, \"smartFilterBar-filterItemControl_BASIC-MAIN_ADDRESS-valueHelpDialog-table-table\")]/tbody/tr[1]/td[1]/div/span"}
COMMAND: POST /session/f519eddc2ea26d61ca30e526d103b44b/execute/sync - {"script":"<script> [56 bytes]","args":[{"element-6066-11e4-a52e-4f735466cecf":"f.A346BA6B978C9328C0C2B851E75B8348.d.88E2A92E74E3F8DDBCA0A3FBA68F3CF3.e.6165","ELEMENT":"f.A346BA6B978C9328C0C2B851E75B8348.d.88E2A92E74E3F8DDBCA0A3FBA68F3CF3.e.6165"}]}
RESULT: {"script":"<script> [56 bytes]","args":[{"element-6066-11e4-a52e-4f735466cecf":"f.A346BA6B978C9328C0C2B851E75B8348.d.88E2A92E74E3F8DDBCA0A3FBA68F3CF3.e.6165","ELEMENT":"f.A346BA6B978C9328C0C2B851E75B8348.d.88E2A92E74E3F8DDBCA0A3FBA68F3CF3.e.6165"}]}
COMMAND: POST /session/f519eddc2ea26d61ca30e526d103b44b/element - {"using":"xpath","value":"//div[contains(@id, \"filterItemControl_BASIC-MAIN_ADDRESS-valueHelpDialog-table-rowsel0\")]"}
COMMAND: GET /session/f519eddc2ea26d61ca30e526d103b44b/screenshot - {}
RESULT: {"using":"xpath","value":"//div[contains(@id, \"filterItemControl_BASIC-MAIN_ADDRESS-valueHelpDialog-table-rowsel0\")]"}
COMMAND: POST /session/f519eddc2ea26d61ca30e526d103b44b/element/f.A346BA6B978C9328C0C2B851E75B8348.d.88E2A92E74E3F8DDBCA0A3FBA68F3CF3.e.6166/click - {}
RESULT: {}
RESULT: {}
COMMAND: GET /session/f519eddc2ea26d61ca30e526d103b44b/screenshot - {}
RESULT: {}
COMMAND: POST /session/f519eddc2ea26d61ca30e526d103b44b/element - {"using":"xpath","value":"(//bdi[contains(text(), \"OK\")])[1]"}
RESULT: {"using":"xpath","value":"(//bdi[contains(text(), \"OK\")])[1]"}
COMMAND: POST /session/f519eddc2ea26d61ca30e526d103b44b/element/f.A346BA6B978C9328C0C2B851E75B8348.d.88E2A92E74E3F8DDBCA0A3FBA68F3CF3.e.6169/click - {}
RESULT: {}
COMMAND: GET /session/f519eddc2ea26d61ca30e526d103b44b/screenshot - {}
RESULT: {}
COMMAND: POST /session/f519eddc2ea26d61ca30e526d103b44b/element - {"using":"xpath","value":"//span[@id=\"application-managepartners-display-component---masterPtm--smartTable-header-inner\"]"}
RESULT: {"using":"xpath","value":"//span[@id=\"application-managepartners-display-component---masterPtm--smartTable-header-inner\"]"}
COMMAND: POST /session/f519eddc2ea26d61ca30e526d103b44b/elements - {"using":"xpath","value":"//span[@id=\"application-managepartners-display-component---masterPtm--smartTable-header-inner\"]"}
RESULT: {"using":"xpath","value":"//span[@id=\"application-managepartners-display-component---masterPtm--smartTable-header-inner\"]"}
COMMAND: POST /session/f519eddc2ea26d61ca30e526d103b44b/execute/sync - {"script":"<script> [56 bytes]","args":[{"element-6066-11e4-a52e-4f735466cecf":"f.A346BA6B978C9328C0C2B851E75B8348.d.88E2A92E74E3F8DDBCA0A3FBA68F3CF3.e.6011","ELEMENT":"f.A346BA6B978C9328C0C2B851E75B8348.d.88E2A92E74E3F8DDBCA0A3FBA68F3CF3.e.6011"}]}
RESULT: {"script":"<script> [56 bytes]","args":[{"element-6066-11e4-a52e-4f735466cecf":"f.A346BA6B978C9328C0C2B851E75B8348.d.88E2A92E74E3F8DDBCA0A3FBA68F3CF3.e.6011","ELEMENT":"f.A346BA6B978C9328C0C2B851E75B8348.d.88E2A92E74E3F8DDBCA0A3FBA68F3CF3.e.6011"}]}
COMMAND: POST /session/f519eddc2ea26d61ca30e526d103b44b/element - {"using":"xpath","value":"//span[contains(@title, \"Remove\")]"}
COMMAND: GET /session/f519eddc2ea26d61ca30e526d103b44b/screenshot - {}
RESULT: {"using":"xpath","value":"//span[contains(@title, \"Remove\")]"}
COMMAND: POST /session/f519eddc2ea26d61ca30e526d103b44b/element/f.A346BA6B978C9328C0C2B851E75B8348.d.88E2A92E74E3F8DDBCA0A3FBA68F3CF3.e.6182/click - {}
RESULT: {}
RESULT: {}
COMMAND: GET /session/f519eddc2ea26d61ca30e526d103b44b/screenshot - {}
RESULT: {}
COMMAND: POST /session/f519eddc2ea26d61ca30e526d103b44b/element - {"using":"xpath","value":"//span[@id=\"application-managepartners-display-component---masterPtm--smartTable-header-inner\"]"}
RESULT: {"using":"xpath","value":"//span[@id=\"application-managepartners-display-component---masterPtm--smartTable-header-inner\"]"}
COMMAND: POST /session/f519eddc2ea26d61ca30e526d103b44b/elements - {"using":"xpath","value":"//span[@id=\"application-managepartners-display-component---masterPtm--smartTable-header-inner\"]"}
RESULT: {"using":"xpath","value":"//span[@id=\"application-managepartners-display-component---masterPtm--smartTable-header-inner\"]"}
COMMAND: POST /session/f519eddc2ea26d61ca30e526d103b44b/execute/sync - {"script":"<script> [56 bytes]","args":[{"element-6066-11e4-a52e-4f735466cecf":"f.A346BA6B978C9328C0C2B851E75B8348.d.88E2A92E74E3F8DDBCA0A3FBA68F3CF3.e.6011","ELEMENT":"f.A346BA6B978C9328C0C2B851E75B8348.d.88E2A92E74E3F8DDBCA0A3FBA68F3CF3.e.6011"}]}
RESULT: {"script":"<script> [56 bytes]","args":[{"element-6066-11e4-a52e-4f735466cecf":"f.A346BA6B978C9328C0C2B851E75B8348.d.88E2A92E74E3F8DDBCA0A3FBA68F3CF3.e.6011","ELEMENT":"f.A346BA6B978C9328C0C2B851E75B8348.d.88E2A92E74E3F8DDBCA0A3FBA68F3CF3.e.6011"}]}
COMMAND: POST /session/f519eddc2ea26d61ca30e526d103b44b/execute/async - {"script":"<script> [1562 bytes]","args":[{"selector":{"id":"application-managepartners-display-component---masterPtm--smartFilterBar-filterItemControl_BASIC-YARD-vhi"},"wdio_ui5_key":"applicationmanagepartners-display-component---masterPtm--smartFilterBar-filterItemControl_BASIC-YARD-vhi"}]}
COMMAND: GET /session/f519eddc2ea26d61ca30e526d103b44b/screenshot - {}
RESULT: {"script":"<script> [1562 bytes]","args":[{"selector":{"id":"application-managepartners-display-component---masterPtm--smartFilterBar-filterItemControl_BASIC-YARD-vhi"},"wdio_ui5_key":"applicationmanagepartners-display-component---masterPtm--smartFilterBar-filterItemControl_BASIC-YARD-vhi"}]}
RESULT: undefined
COMMAND: POST /session/f519eddc2ea26d61ca30e526d103b44b/element - {"using":"xpath","value":"//*[@id=\"application-managepartners-display-component---masterPtm--smartFilterBar-filterItemControl_BASIC-YARD-vhi\"]"}
RESULT: {}
RESULT: {"using":"xpath","value":"//*[@id=\"application-managepartners-display-component---masterPtm--smartFilterBar-filterItemControl_BASIC-YARD-vhi\"]"}
COMMAND: POST /session/f519eddc2ea26d61ca30e526d103b44b/element/f.A346BA6B978C9328C0C2B851E75B8348.d.88E2A92E74E3F8DDBCA0A3FBA68F3CF3.e.6287/click - {}
RESULT: {}
COMMAND: GET /session/f519eddc2ea26d61ca30e526d103b44b/screenshot - {}
RESULT: {}
COMMAND: POST /session/f519eddc2ea26d61ca30e526d103b44b/execute/async - {"script":"<script> [1562 bytes]","args":[{"selector":{"id":"application-managepartners-display-component---masterPtm--smartFilterBar-filterItemControl_BASIC-YARD-valueHelpDialog-smartFilterBar-btnBasicSearch","searchOpenDialogs":true,"interaction":{"idSuffix":"I"}},"wdio_ui5_key":"applicationmanagepartners-display-component---masterPtm--smartFilterBar-filterItemControl_BASIC-YARD-valueHelpDialog-smartFilterBar-btnBasicSearch"}]}
RESULT: {"script":"<script> [1562 bytes]","args":[{"selector":{"id":"application-managepartners-display-component---masterPtm--smartFilterBar-filterItemControl_BASIC-YARD-valueHelpDialog-smartFilterBar-btnBasicSearch","searchOpenDialogs":true,"interaction":{"idSuffix":"I"}},"wdio_ui5_key":"applicationmanagepartners-display-component---masterPtm--smartFilterBar-filterItemControl_BASIC-YARD-valueHelpDialog-smartFilterBar-btnBasicSearch"}]}
RESULT: undefined
COMMAND: POST /session/f519eddc2ea26d61ca30e526d103b44b/execute/async - {"script":"<script> [776 bytes]","args":[{"enterText":"Test","selector":{"id":"application-managepartners-display-component---masterPtm--smartFilterBar-filterItemControl_BASIC-YARD-valueHelpDialog-smartFilterBar-btnBasicSearch","searchOpenDialogs":true,"interaction":{"idSuffix":"I"}},"clearTextFirst":true,"interactionType":"ENTER_TEXT"}]}
RESULT: {"script":"<script> [776 bytes]","args":[{"enterText":"Test","selector":{"id":"application-managepartners-display-component---masterPtm--smartFilterBar-filterItemControl_BASIC-YARD-valueHelpDialog-smartFilterBar-btnBasicSearch","searchOpenDialogs":true,"interaction":{"idSuffix":"I"}},"clearTextFirst":true,"interactionType":"ENTER_TEXT"}]}
COMMAND: POST /session/f519eddc2ea26d61ca30e526d103b44b/actions - {"actions":[{"id":"action19","type":"key","parameters":{},"actions":[{"type":"keyDown","value":"î€‡"},{"type":"pause","duration":10},{"type":"keyUp","value":"î€‡"}]}]}
RESULT: {"actions":[{"id":"action19","type":"key","parameters":{},"actions":[{"type":"keyDown","value":"î€‡"},{"type":"pause","duration":10},{"type":"keyUp","value":"î€‡"}]}]}
COMMAND: POST /session/f519eddc2ea26d61ca30e526d103b44b/elements - {"using":"xpath","value":"//table[contains(@id, \"smartFilterBar-filterItemControl_BASIC-YARD-valueHelpDialog-table-table\")]/tbody/tr"}
COMMAND: GET /session/f519eddc2ea26d61ca30e526d103b44b/screenshot - {}
RESULT: {"using":"xpath","value":"//table[contains(@id, \"smartFilterBar-filterItemControl_BASIC-YARD-valueHelpDialog-table-table\")]/tbody/tr"}
COMMAND: POST /session/f519eddc2ea26d61ca30e526d103b44b/element - {"using":"xpath","value":"//table[contains(@id, \"smartFilterBar-filterItemControl_BASIC-YARD-valueHelpDialog-table-table\")]/tbody/tr[1]/td[1]/div/span"}
RESULT: {}
RESULT: {"using":"xpath","value":"//table[contains(@id, \"smartFilterBar-filterItemControl_BASIC-YARD-valueHelpDialog-table-table\")]/tbody/tr[1]/td[1]/div/span"}
COMMAND: POST /session/f519eddc2ea26d61ca30e526d103b44b/elements - {"using":"xpath","value":"//table[contains(@id, \"smartFilterBar-filterItemControl_BASIC-YARD-valueHelpDialog-table-table\")]/tbody/tr[1]/td[1]/div/span"}
RESULT: {"using":"xpath","value":"//table[contains(@id, \"smartFilterBar-filterItemControl_BASIC-YARD-valueHelpDialog-table-table\")]/tbody/tr[1]/td[1]/div/span"}
COMMAND: POST /session/f519eddc2ea26d61ca30e526d103b44b/execute/sync - {"script":"<script> [56 bytes]","args":[{"element-6066-11e4-a52e-4f735466cecf":"f.A346BA6B978C9328C0C2B851E75B8348.d.88E2A92E74E3F8DDBCA0A3FBA68F3CF3.e.6307","ELEMENT":"f.A346BA6B978C9328C0C2B851E75B8348.d.88E2A92E74E3F8DDBCA0A3FBA68F3CF3.e.6307"}]}
RESULT: {"script":"<script> [56 bytes]","args":[{"element-6066-11e4-a52e-4f735466cecf":"f.A346BA6B978C9328C0C2B851E75B8348.d.88E2A92E74E3F8DDBCA0A3FBA68F3CF3.e.6307","ELEMENT":"f.A346BA6B978C9328C0C2B851E75B8348.d.88E2A92E74E3F8DDBCA0A3FBA68F3CF3.e.6307"}]}
COMMAND: POST /session/f519eddc2ea26d61ca30e526d103b44b/element - {"using":"xpath","value":"//table[contains(@id, \"smartFilterBar-filterItemControl_BASIC-YARD-valueHelpDialog-table-table\")]/tbody/tr[2]/td[1]/div/span"}
COMMAND: GET /session/f519eddc2ea26d61ca30e526d103b44b/screenshot - {}
RESULT: {"using":"xpath","value":"//table[contains(@id, \"smartFilterBar-filterItemControl_BASIC-YARD-valueHelpDialog-table-table\")]/tbody/tr[2]/td[1]/div/span"}
COMMAND: POST /session/f519eddc2ea26d61ca30e526d103b44b/elements - {"using":"xpath","value":"//table[contains(@id, \"smartFilterBar-filterItemControl_BASIC-YARD-valueHelpDialog-table-table\")]/tbody/tr[2]/td[1]/div/span"}
RESULT: {}
RESULT: {"using":"xpath","value":"//table[contains(@id, \"smartFilterBar-filterItemControl_BASIC-YARD-valueHelpDialog-table-table\")]/tbody/tr[2]/td[1]/div/span"}
COMMAND: POST /session/f519eddc2ea26d61ca30e526d103b44b/execute/sync - {"script":"<script> [56 bytes]","args":[{"element-6066-11e4-a52e-4f735466cecf":"f.A346BA6B978C9328C0C2B851E75B8348.d.88E2A92E74E3F8DDBCA0A3FBA68F3CF3.e.6308","ELEMENT":"f.A346BA6B978C9328C0C2B851E75B8348.d.88E2A92E74E3F8DDBCA0A3FBA68F3CF3.e.6308"}]}
RESULT: {"script":"<script> [56 bytes]","args":[{"element-6066-11e4-a52e-4f735466cecf":"f.A346BA6B978C9328C0C2B851E75B8348.d.88E2A92E74E3F8DDBCA0A3FBA68F3CF3.e.6308","ELEMENT":"f.A346BA6B978C9328C0C2B851E75B8348.d.88E2A92E74E3F8DDBCA0A3FBA68F3CF3.e.6308"}]}
COMMAND: POST /session/f519eddc2ea26d61ca30e526d103b44b/element - {"using":"xpath","value":"//table[contains(@id, \"smartFilterBar-filterItemControl_BASIC-YARD-valueHelpDialog-table-table\")]/tbody/tr[3]/td[1]/div/span"}
COMMAND: GET /session/f519eddc2ea26d61ca30e526d103b44b/screenshot - {}
RESULT: {"using":"xpath","value":"//table[contains(@id, \"smartFilterBar-filterItemControl_BASIC-YARD-valueHelpDialog-table-table\")]/tbody/tr[3]/td[1]/div/span"}
COMMAND: POST /session/f519eddc2ea26d61ca30e526d103b44b/elements - {"using":"xpath","value":"//table[contains(@id, \"smartFilterBar-filterItemControl_BASIC-YARD-valueHelpDialog-table-table\")]/tbody/tr[3]/td[1]/div/span"}
RESULT: {}
RESULT: {"using":"xpath","value":"//table[contains(@id, \"smartFilterBar-filterItemControl_BASIC-YARD-valueHelpDialog-table-table\")]/tbody/tr[3]/td[1]/div/span"}
COMMAND: POST /session/f519eddc2ea26d61ca30e526d103b44b/execute/sync - {"script":"<script> [56 bytes]","args":[{"element-6066-11e4-a52e-4f735466cecf":"f.A346BA6B978C9328C0C2B851E75B8348.d.88E2A92E74E3F8DDBCA0A3FBA68F3CF3.e.6309","ELEMENT":"f.A346BA6B978C9328C0C2B851E75B8348.d.88E2A92E74E3F8DDBCA0A3FBA68F3CF3.e.6309"}]}
RESULT: {"script":"<script> [56 bytes]","args":[{"element-6066-11e4-a52e-4f735466cecf":"f.A346BA6B978C9328C0C2B851E75B8348.d.88E2A92E74E3F8DDBCA0A3FBA68F3CF3.e.6309","ELEMENT":"f.A346BA6B978C9328C0C2B851E75B8348.d.88E2A92E74E3F8DDBCA0A3FBA68F3CF3.e.6309"}]}
COMMAND: POST /session/f519eddc2ea26d61ca30e526d103b44b/element - {"using":"xpath","value":"//div[contains(@id, \"filterItemControl_BASIC-YARD-valueHelpDialog-table-rowsel2\")]"}
COMMAND: GET /session/f519eddc2ea26d61ca30e526d103b44b/screenshot - {}
RESULT: {"using":"xpath","value":"//div[contains(@id, \"filterItemControl_BASIC-YARD-valueHelpDialog-table-rowsel2\")]"}
COMMAND: POST /session/f519eddc2ea26d61ca30e526d103b44b/element/f.A346BA6B978C9328C0C2B851E75B8348.d.88E2A92E74E3F8DDBCA0A3FBA68F3CF3.e.6310/click - {}
RESULT: {}
RESULT: {}
COMMAND: GET /session/f519eddc2ea26d61ca30e526d103b44b/screenshot - {}
RESULT: {}
COMMAND: POST /session/f519eddc2ea26d61ca30e526d103b44b/element - {"using":"xpath","value":"(//bdi[contains(text(), \"OK\")])[1]"}
RESULT: {"using":"xpath","value":"(//bdi[contains(text(), \"OK\")])[1]"}
COMMAND: POST /session/f519eddc2ea26d61ca30e526d103b44b/element/f.A346BA6B978C9328C0C2B851E75B8348.d.88E2A92E74E3F8DDBCA0A3FBA68F3CF3.e.6312/click - {}
RESULT: {}
COMMAND: GET /session/f519eddc2ea26d61ca30e526d103b44b/screenshot - {}
RESULT: {}
COMMAND: POST /session/f519eddc2ea26d61ca30e526d103b44b/element - {"using":"xpath","value":"//span[@id=\"application-managepartners-display-component---masterPtm--smartTable-header-inner\"]"}
RESULT: {"using":"xpath","value":"//span[@id=\"application-managepartners-display-component---masterPtm--smartTable-header-inner\"]"}
COMMAND: POST /session/f519eddc2ea26d61ca30e526d103b44b/elements - {"using":"xpath","value":"//span[@id=\"application-managepartners-display-component---masterPtm--smartTable-header-inner\"]"}
RESULT: {"using":"xpath","value":"//span[@id=\"application-managepartners-display-component---masterPtm--smartTable-header-inner\"]"}
COMMAND: POST /session/f519eddc2ea26d61ca30e526d103b44b/execute/sync - {"script":"<script> [56 bytes]","args":[{"element-6066-11e4-a52e-4f735466cecf":"f.A346BA6B978C9328C0C2B851E75B8348.d.88E2A92E74E3F8DDBCA0A3FBA68F3CF3.e.6011","ELEMENT":"f.A346BA6B978C9328C0C2B851E75B8348.d.88E2A92E74E3F8DDBCA0A3FBA68F3CF3.e.6011"}]}
RESULT: {"script":"<script> [56 bytes]","args":[{"element-6066-11e4-a52e-4f735466cecf":"f.A346BA6B978C9328C0C2B851E75B8348.d.88E2A92E74E3F8DDBCA0A3FBA68F3CF3.e.6011","ELEMENT":"f.A346BA6B978C9328C0C2B851E75B8348.d.88E2A92E74E3F8DDBCA0A3FBA68F3CF3.e.6011"}]}
COMMAND: POST /session/f519eddc2ea26d61ca30e526d103b44b/element - {"using":"xpath","value":"//span[contains(@title, \"Remove\")]"}
COMMAND: GET /session/f519eddc2ea26d61ca30e526d103b44b/screenshot - {}
RESULT: {"using":"xpath","value":"//span[contains(@title, \"Remove\")]"}
COMMAND: POST /session/f519eddc2ea26d61ca30e526d103b44b/element/f.A346BA6B978C9328C0C2B851E75B8348.d.88E2A92E74E3F8DDBCA0A3FBA68F3CF3.e.6325/click - {}
RESULT: {}
RESULT: {}
COMMAND: GET /session/f519eddc2ea26d61ca30e526d103b44b/screenshot - {}
RESULT: {}
COMMAND: POST /session/f519eddc2ea26d61ca30e526d103b44b/element - {"using":"xpath","value":"//span[@id=\"application-managepartners-display-component---masterPtm--smartTable-header-inner\"]"}
RESULT: {"using":"xpath","value":"//span[@id=\"application-managepartners-display-component---masterPtm--smartTable-header-inner\"]"}
COMMAND: POST /session/f519eddc2ea26d61ca30e526d103b44b/elements - {"using":"xpath","value":"//span[@id=\"application-managepartners-display-component---masterPtm--smartTable-header-inner\"]"}
RESULT: {"using":"xpath","value":"//span[@id=\"application-managepartners-display-component---masterPtm--smartTable-header-inner\"]"}
COMMAND: POST /session/f519eddc2ea26d61ca30e526d103b44b/execute/sync - {"script":"<script> [56 bytes]","args":[{"element-6066-11e4-a52e-4f735466cecf":"f.A346BA6B978C9328C0C2B851E75B8348.d.88E2A92E74E3F8DDBCA0A3FBA68F3CF3.e.6011","ELEMENT":"f.A346BA6B978C9328C0C2B851E75B8348.d.88E2A92E74E3F8DDBCA0A3FBA68F3CF3.e.6011"}]}
RESULT: {"script":"<script> [56 bytes]","args":[{"element-6066-11e4-a52e-4f735466cecf":"f.A346BA6B978C9328C0C2B851E75B8348.d.88E2A92E74E3F8DDBCA0A3FBA68F3CF3.e.6011","ELEMENT":"f.A346BA6B978C9328C0C2B851E75B8348.d.88E2A92E74E3F8DDBCA0A3FBA68F3CF3.e.6011"}]}
COMMAND: POST /session/f519eddc2ea26d61ca30e526d103b44b/execute/async - {"script":"<script> [1562 bytes]","args":[{"selector":{"id":"application-managepartners-display-component---masterPtm--smartFilterBar-filterItemControl_BASIC-ALL_TAGS-vhi"},"wdio_ui5_key":"applicationmanagepartners-display-component---masterPtm--smartFilterBar-filterItemControl_BASIC-ALL_TAGS-vhi"}]}
COMMAND: GET /session/f519eddc2ea26d61ca30e526d103b44b/screenshot - {}
RESULT: {"script":"<script> [1562 bytes]","args":[{"selector":{"id":"application-managepartners-display-component---masterPtm--smartFilterBar-filterItemControl_BASIC-ALL_TAGS-vhi"},"wdio_ui5_key":"applicationmanagepartners-display-component---masterPtm--smartFilterBar-filterItemControl_BASIC-ALL_TAGS-vhi"}]}
RESULT: undefined
COMMAND: POST /session/f519eddc2ea26d61ca30e526d103b44b/element - {"using":"xpath","value":"//*[@id=\"application-managepartners-display-component---masterPtm--smartFilterBar-filterItemControl_BASIC-ALL_TAGS-vhi\"]"}
RESULT: {}
RESULT: {"using":"xpath","value":"//*[@id=\"application-managepartners-display-component---masterPtm--smartFilterBar-filterItemControl_BASIC-ALL_TAGS-vhi\"]"}
COMMAND: POST /session/f519eddc2ea26d61ca30e526d103b44b/element/f.A346BA6B978C9328C0C2B851E75B8348.d.88E2A92E74E3F8DDBCA0A3FBA68F3CF3.e.6429/click - {}
RESULT: {}
COMMAND: GET /session/f519eddc2ea26d61ca30e526d103b44b/screenshot - {}
RESULT: {}
COMMAND: POST /session/f519eddc2ea26d61ca30e526d103b44b/execute/async - {"script":"<script> [1562 bytes]","args":[{"selector":{"id":"application-managepartners-display-component---masterPtm--smartFilterBar-filterItemControl_BASIC-ALL_TAGS-valueHelpDialog-smartFilterBar-btnBasicSearch","searchOpenDialogs":true,"interaction":{"idSuffix":"I"}},"wdio_ui5_key":"applicationmanagepartners-display-component---masterPtm--smartFilterBar-filterItemControl_BASIC-ALL_TAGS-valueHelpDialog-smartFilterBar-btnBasicSearch"}]}
RESULT: {"script":"<script> [1562 bytes]","args":[{"selector":{"id":"application-managepartners-display-component---masterPtm--smartFilterBar-filterItemControl_BASIC-ALL_TAGS-valueHelpDialog-smartFilterBar-btnBasicSearch","searchOpenDialogs":true,"interaction":{"idSuffix":"I"}},"wdio_ui5_key":"applicationmanagepartners-display-component---masterPtm--smartFilterBar-filterItemControl_BASIC-ALL_TAGS-valueHelpDialog-smartFilterBar-btnBasicSearch"}]}
RESULT: undefined
COMMAND: POST /session/f519eddc2ea26d61ca30e526d103b44b/execute/async - {"script":"<script> [776 bytes]","args":[{"enterText":"test-tag-1","selector":{"id":"application-managepartners-display-component---masterPtm--smartFilterBar-filterItemControl_BASIC-ALL_TAGS-valueHelpDialog-smartFilterBar-btnBasicSearch","searchOpenDialogs":true,"interaction":{"idSuffix":"I"}},"clearTextFirst":true,"interactionType":"ENTER_TEXT"}]}
RESULT: {"script":"<script> [776 bytes]","args":[{"enterText":"test-tag-1","selector":{"id":"application-managepartners-display-component---masterPtm--smartFilterBar-filterItemControl_BASIC-ALL_TAGS-valueHelpDialog-smartFilterBar-btnBasicSearch","searchOpenDialogs":true,"interaction":{"idSuffix":"I"}},"clearTextFirst":true,"interactionType":"ENTER_TEXT"}]}
COMMAND: POST /session/f519eddc2ea26d61ca30e526d103b44b/actions - {"actions":[{"id":"action20","type":"key","parameters":{},"actions":[{"type":"keyDown","value":"î€‡"},{"type":"pause","duration":10},{"type":"keyUp","value":"î€‡"}]}]}
RESULT: {"actions":[{"id":"action20","type":"key","parameters":{},"actions":[{"type":"keyDown","value":"î€‡"},{"type":"pause","duration":10},{"type":"keyUp","value":"î€‡"}]}]}
COMMAND: POST /session/f519eddc2ea26d61ca30e526d103b44b/elements - {"using":"xpath","value":"//table[contains(@id, \"smartFilterBar-filterItemControl_BASIC-ALL_TAGS-valueHelpDialog-table-table\")]/tbody/tr"}
COMMAND: GET /session/f519eddc2ea26d61ca30e526d103b44b/screenshot - {}
RESULT: {}
RESULT: {"using":"xpath","value":"//table[contains(@id, \"smartFilterBar-filterItemControl_BASIC-ALL_TAGS-valueHelpDialog-table-table\")]/tbody/tr"}
COMMAND: POST /session/f519eddc2ea26d61ca30e526d103b44b/element - {"using":"xpath","value":"//table[contains(@id, \"smartFilterBar-filterItemControl_BASIC-ALL_TAGS-valueHelpDialog-table-table\")]/tbody/tr[1]/td[1]/div/span"}
RESULT: {"using":"xpath","value":"//table[contains(@id, \"smartFilterBar-filterItemControl_BASIC-ALL_TAGS-valueHelpDialog-table-table\")]/tbody/tr[1]/td[1]/div/span"}
COMMAND: POST /session/f519eddc2ea26d61ca30e526d103b44b/elements - {"using":"xpath","value":"//table[contains(@id, \"smartFilterBar-filterItemControl_BASIC-ALL_TAGS-valueHelpDialog-table-table\")]/tbody/tr[1]/td[1]/div/span"}
RESULT: {"using":"xpath","value":"//table[contains(@id, \"smartFilterBar-filterItemControl_BASIC-ALL_TAGS-valueHelpDialog-table-table\")]/tbody/tr[1]/td[1]/div/span"}
COMMAND: POST /session/f519eddc2ea26d61ca30e526d103b44b/execute/sync - {"script":"<script> [56 bytes]","args":[{"element-6066-11e4-a52e-4f735466cecf":"f.A346BA6B978C9328C0C2B851E75B8348.d.88E2A92E74E3F8DDBCA0A3FBA68F3CF3.e.6450","ELEMENT":"f.A346BA6B978C9328C0C2B851E75B8348.d.88E2A92E74E3F8DDBCA0A3FBA68F3CF3.e.6450"}]}
RESULT: {"script":"<script> [56 bytes]","args":[{"element-6066-11e4-a52e-4f735466cecf":"f.A346BA6B978C9328C0C2B851E75B8348.d.88E2A92E74E3F8DDBCA0A3FBA68F3CF3.e.6450","ELEMENT":"f.A346BA6B978C9328C0C2B851E75B8348.d.88E2A92E74E3F8DDBCA0A3FBA68F3CF3.e.6450"}]}
COMMAND: POST /session/f519eddc2ea26d61ca30e526d103b44b/element - {"using":"xpath","value":"//div[contains(@id, \"filterItemControl_BASIC-ALL_TAGS-valueHelpDialog-table-rowsel0\")]"}
COMMAND: GET /session/f519eddc2ea26d61ca30e526d103b44b/screenshot - {}
RESULT: {"using":"xpath","value":"//div[contains(@id, \"filterItemControl_BASIC-ALL_TAGS-valueHelpDialog-table-rowsel0\")]"}
COMMAND: POST /session/f519eddc2ea26d61ca30e526d103b44b/element/f.A346BA6B978C9328C0C2B851E75B8348.d.88E2A92E74E3F8DDBCA0A3FBA68F3CF3.e.6451/click - {}
RESULT: {}
RESULT: {}
COMMAND: GET /session/f519eddc2ea26d61ca30e526d103b44b/screenshot - {}
RESULT: {}
COMMAND: POST /session/f519eddc2ea26d61ca30e526d103b44b/element - {"using":"xpath","value":"(//bdi[contains(text(), \"OK\")])[1]"}
RESULT: {"using":"xpath","value":"(//bdi[contains(text(), \"OK\")])[1]"}
COMMAND: POST /session/f519eddc2ea26d61ca30e526d103b44b/element/f.A346BA6B978C9328C0C2B851E75B8348.d.88E2A92E74E3F8DDBCA0A3FBA68F3CF3.e.6453/click - {}
RESULT: {}
COMMAND: GET /session/f519eddc2ea26d61ca30e526d103b44b/screenshot - {}
RESULT: {}
COMMAND: POST /session/f519eddc2ea26d61ca30e526d103b44b/element - {"using":"xpath","value":"//span[@id=\"application-managepartners-display-component---masterPtm--smartTable-header-inner\"]"}
RESULT: {"using":"xpath","value":"//span[@id=\"application-managepartners-display-component---masterPtm--smartTable-header-inner\"]"}
COMMAND: POST /session/f519eddc2ea26d61ca30e526d103b44b/elements - {"using":"xpath","value":"//span[@id=\"application-managepartners-display-component---masterPtm--smartTable-header-inner\"]"}
RESULT: {"using":"xpath","value":"//span[@id=\"application-managepartners-display-component---masterPtm--smartTable-header-inner\"]"}
COMMAND: POST /session/f519eddc2ea26d61ca30e526d103b44b/execute/sync - {"script":"<script> [56 bytes]","args":[{"element-6066-11e4-a52e-4f735466cecf":"f.A346BA6B978C9328C0C2B851E75B8348.d.88E2A92E74E3F8DDBCA0A3FBA68F3CF3.e.6011","ELEMENT":"f.A346BA6B978C9328C0C2B851E75B8348.d.88E2A92E74E3F8DDBCA0A3FBA68F3CF3.e.6011"}]}
RESULT: {"script":"<script> [56 bytes]","args":[{"element-6066-11e4-a52e-4f735466cecf":"f.A346BA6B978C9328C0C2B851E75B8348.d.88E2A92E74E3F8DDBCA0A3FBA68F3CF3.e.6011","ELEMENT":"f.A346BA6B978C9328C0C2B851E75B8348.d.88E2A92E74E3F8DDBCA0A3FBA68F3CF3.e.6011"}]}
COMMAND: POST /session/f519eddc2ea26d61ca30e526d103b44b/element - {"using":"xpath","value":"//span[contains(@title, \"Remove\")]"}
COMMAND: GET /session/f519eddc2ea26d61ca30e526d103b44b/screenshot - {}
RESULT: {"using":"xpath","value":"//span[contains(@title, \"Remove\")]"}
COMMAND: POST /session/f519eddc2ea26d61ca30e526d103b44b/element/f.A346BA6B978C9328C0C2B851E75B8348.d.88E2A92E74E3F8DDBCA0A3FBA68F3CF3.e.6475/click - {}
RESULT: {}
RESULT: {}
COMMAND: GET /session/f519eddc2ea26d61ca30e526d103b44b/screenshot - {}
RESULT: {}
COMMAND: POST /session/f519eddc2ea26d61ca30e526d103b44b/execute/async - {"script":"<script> [1562 bytes]","args":[{"selector":{"id":"application-managepartners-display-component---masterPtm--partnerTypes-arrow"},"wdio_ui5_key":"applicationmanagepartners-display-component---masterPtm--partnerTypes-arrow"}]}
RESULT: {"script":"<script> [1562 bytes]","args":[{"selector":{"id":"application-managepartners-display-component---masterPtm--partnerTypes-arrow"},"wdio_ui5_key":"applicationmanagepartners-display-component---masterPtm--partnerTypes-arrow"}]}
RESULT: undefined
COMMAND: POST /session/f519eddc2ea26d61ca30e526d103b44b/element - {"using":"xpath","value":"//*[@id=\"application-managepartners-display-component---masterPtm--partnerTypes-arrow\"]"}
RESULT: {"using":"xpath","value":"//*[@id=\"application-managepartners-display-component---masterPtm--partnerTypes-arrow\"]"}
COMMAND: POST /session/f519eddc2ea26d61ca30e526d103b44b/element/f.A346BA6B978C9328C0C2B851E75B8348.d.88E2A92E74E3F8DDBCA0A3FBA68F3CF3.e.6580/click - {}
RESULT: {}
COMMAND: GET /session/f519eddc2ea26d61ca30e526d103b44b/screenshot - {}
RESULT: {}
COMMAND: POST /session/f519eddc2ea26d61ca30e526d103b44b/element - {"using":"xpath","value":"//li[.//span[text()=\"External partner\"]]//div[contains(@class,\"sapMCbBg\")]"}
RESULT: {"using":"xpath","value":"//li[.//span[text()=\"External partner\"]]//div[contains(@class,\"sapMCbBg\")]"}
COMMAND: POST /session/f519eddc2ea26d61ca30e526d103b44b/element/f.A346BA6B978C9328C0C2B851E75B8348.d.88E2A92E74E3F8DDBCA0A3FBA68F3CF3.e.6583/click - {}
RESULT: {}
COMMAND: GET /session/f519eddc2ea26d61ca30e526d103b44b/screenshot - {}
RESULT: {}
COMMAND: POST /session/f519eddc2ea26d61ca30e526d103b44b/element - {"using":"xpath","value":"//span[@id=\"application-managepartners-display-component---masterPtm--smartTable-header-inner\"]"}
RESULT: {"using":"xpath","value":"//span[@id=\"application-managepartners-display-component---masterPtm--smartTable-header-inner\"]"}
COMMAND: POST /session/f519eddc2ea26d61ca30e526d103b44b/elements - {"using":"xpath","value":"//span[@id=\"application-managepartners-display-component---masterPtm--smartTable-header-inner\"]"}
RESULT: {"using":"xpath","value":"//span[@id=\"application-managepartners-display-component---masterPtm--smartTable-header-inner\"]"}
COMMAND: POST /session/f519eddc2ea26d61ca30e526d103b44b/execute/sync - {"script":"<script> [56 bytes]","args":[{"element-6066-11e4-a52e-4f735466cecf":"f.A346BA6B978C9328C0C2B851E75B8348.d.88E2A92E74E3F8DDBCA0A3FBA68F3CF3.e.6011","ELEMENT":"f.A346BA6B978C9328C0C2B851E75B8348.d.88E2A92E74E3F8DDBCA0A3FBA68F3CF3.e.6011"}]}
RESULT: {"script":"<script> [56 bytes]","args":[{"element-6066-11e4-a52e-4f735466cecf":"f.A346BA6B978C9328C0C2B851E75B8348.d.88E2A92E74E3F8DDBCA0A3FBA68F3CF3.e.6011","ELEMENT":"f.A346BA6B978C9328C0C2B851E75B8348.d.88E2A92E74E3F8DDBCA0A3FBA68F3CF3.e.6011"}]}
COMMAND: POST /session/f519eddc2ea26d61ca30e526d103b44b/element - {"using":"xpath","value":"//span[contains(@title, \"Remove\")]"}
COMMAND: GET /session/f519eddc2ea26d61ca30e526d103b44b/screenshot - {}
RESULT: {"using":"xpath","value":"//span[contains(@title, \"Remove\")]"}
COMMAND: POST /session/f519eddc2ea26d61ca30e526d103b44b/element/f.A346BA6B978C9328C0C2B851E75B8348.d.88E2A92E74E3F8DDBCA0A3FBA68F3CF3.e.6669/click - {}
RESULT: {}
RESULT: {}
COMMAND: GET /session/f519eddc2ea26d61ca30e526d103b44b/screenshot - {}
RESULT: {}
COMMAND: POST /session/f519eddc2ea26d61ca30e526d103b44b/execute/async - {"script":"<script> [1562 bytes]","args":[{"selector":{"id":"application-managepartners-display-component---masterPtm--smartFilterBar-btnFilters","interaction":{"idSuffix":"BDI-content"}},"wdio_ui5_key":"applicationmanagepartners-display-component---masterPtm--smartFilterBar-btnFilters"}]}
RESULT: {"script":"<script> [1562 bytes]","args":[{"selector":{"id":"application-managepartners-display-component---masterPtm--smartFilterBar-btnFilters","interaction":{"idSuffix":"BDI-content"}},"wdio_ui5_key":"applicationmanagepartners-display-component---masterPtm--smartFilterBar-btnFilters"}]}
RESULT: undefined
COMMAND: POST /session/f519eddc2ea26d61ca30e526d103b44b/element - {"using":"xpath","value":"//*[@id=\"application-managepartners-display-component---masterPtm--smartFilterBar-btnFilters\"]"}
RESULT: {"using":"xpath","value":"//*[@id=\"application-managepartners-display-component---masterPtm--smartFilterBar-btnFilters\"]"}
COMMAND: POST /session/f519eddc2ea26d61ca30e526d103b44b/element/f.A346BA6B978C9328C0C2B851E75B8348.d.88E2A92E74E3F8DDBCA0A3FBA68F3CF3.e.5863/click - {}
RESULT: {}
COMMAND: GET /session/f519eddc2ea26d61ca30e526d103b44b/screenshot - {}
RESULT: {}
COMMAND: POST /session/f519eddc2ea26d61ca30e526d103b44b/elements - {"using":"xpath","value":"//table[contains(@id, \"listView-innerSelectionPanelTable-listUl\")]/tbody/tr"}
RESULT: {"using":"xpath","value":"//table[contains(@id, \"listView-innerSelectionPanelTable-listUl\")]/tbody/tr"}
COMMAND: POST /session/f519eddc2ea26d61ca30e526d103b44b/element - {"using":"xpath","value":"//table[contains(@id, \"listView-innerSelectionPanelTable-listUl\")]/tbody/tr[2]/td[2]/div/div"}
RESULT: {"using":"xpath","value":"//table[contains(@id, \"listView-innerSelectionPanelTable-listUl\")]/tbody/tr[2]/td[2]/div/div"}
COMMAND: POST /session/f519eddc2ea26d61ca30e526d103b44b/element - {"using":"xpath","value":"//table[contains(@id, \"listView-innerSelectionPanelTable-listUl\")]/tbody/tr[2]/td[2]/div"}
RESULT: {"using":"xpath","value":"//table[contains(@id, \"listView-innerSelectionPanelTable-listUl\")]/tbody/tr[2]/td[2]/div"}
COMMAND: POST /session/f519eddc2ea26d61ca30e526d103b44b/element - {"using":"xpath","value":"//table[contains(@id, \"listView-innerSelectionPanelTable-listUl\")]/tbody/tr[2]/td[3]/div/div/span/span[1]/bdi"}
RESULT: {"using":"xpath","value":"//table[contains(@id, \"listView-innerSelectionPanelTable-listUl\")]/tbody/tr[2]/td[3]/div/div/span/span[1]/bdi"}
COMMAND: POST /session/f519eddc2ea26d61ca30e526d103b44b/execute/sync - {"script":"<script> [56 bytes]","args":[{"element-6066-11e4-a52e-4f735466cecf":"f.A346BA6B978C9328C0C2B851E75B8348.d.88E2A92E74E3F8DDBCA0A3FBA68F3CF3.e.6781","ELEMENT":"f.A346BA6B978C9328C0C2B851E75B8348.d.88E2A92E74E3F8DDBCA0A3FBA68F3CF3.e.6781"}]}
RESULT: {"script":"<script> [56 bytes]","args":[{"element-6066-11e4-a52e-4f735466cecf":"f.A346BA6B978C9328C0C2B851E75B8348.d.88E2A92E74E3F8DDBCA0A3FBA68F3CF3.e.6781","ELEMENT":"f.A346BA6B978C9328C0C2B851E75B8348.d.88E2A92E74E3F8DDBCA0A3FBA68F3CF3.e.6781"}]}
COMMAND: GET /session/f519eddc2ea26d61ca30e526d103b44b/element/f.A346BA6B978C9328C0C2B851E75B8348.d.88E2A92E74E3F8DDBCA0A3FBA68F3CF3.e.6780/attribute/aria-checked - {}
COMMAND: GET /session/f519eddc2ea26d61ca30e526d103b44b/screenshot - {}
RESULT: {}
COMMAND: POST /session/f519eddc2ea26d61ca30e526d103b44b/element - {"using":"xpath","value":"//table[contains(@id, \"listView-innerSelectionPanelTable-listUl\")]/tbody/tr[3]/td[2]/div/div"}
RESULT: {}
RESULT: {"using":"xpath","value":"//table[contains(@id, \"listView-innerSelectionPanelTable-listUl\")]/tbody/tr[3]/td[2]/div/div"}
COMMAND: POST /session/f519eddc2ea26d61ca30e526d103b44b/element - {"using":"xpath","value":"//table[contains(@id, \"listView-innerSelectionPanelTable-listUl\")]/tbody/tr[3]/td[2]/div"}
RESULT: {"using":"xpath","value":"//table[contains(@id, \"listView-innerSelectionPanelTable-listUl\")]/tbody/tr[3]/td[2]/div"}
COMMAND: POST /session/f519eddc2ea26d61ca30e526d103b44b/element - {"using":"xpath","value":"//table[contains(@id, \"listView-innerSelectionPanelTable-listUl\")]/tbody/tr[3]/td[3]/div/div/span/span[1]/bdi"}
RESULT: {"using":"xpath","value":"//table[contains(@id, \"listView-innerSelectionPanelTable-listUl\")]/tbody/tr[3]/td[3]/div/div/span/span[1]/bdi"}
COMMAND: POST /session/f519eddc2ea26d61ca30e526d103b44b/execute/sync - {"script":"<script> [56 bytes]","args":[{"element-6066-11e4-a52e-4f735466cecf":"f.A346BA6B978C9328C0C2B851E75B8348.d.88E2A92E74E3F8DDBCA0A3FBA68F3CF3.e.6784","ELEMENT":"f.A346BA6B978C9328C0C2B851E75B8348.d.88E2A92E74E3F8DDBCA0A3FBA68F3CF3.e.6784"}]}
RESULT: {"script":"<script> [56 bytes]","args":[{"element-6066-11e4-a52e-4f735466cecf":"f.A346BA6B978C9328C0C2B851E75B8348.d.88E2A92E74E3F8DDBCA0A3FBA68F3CF3.e.6784","ELEMENT":"f.A346BA6B978C9328C0C2B851E75B8348.d.88E2A92E74E3F8DDBCA0A3FBA68F3CF3.e.6784"}]}
COMMAND: GET /session/f519eddc2ea26d61ca30e526d103b44b/element/f.A346BA6B978C9328C0C2B851E75B8348.d.88E2A92E74E3F8DDBCA0A3FBA68F3CF3.e.6783/attribute/aria-checked - {}
COMMAND: GET /session/f519eddc2ea26d61ca30e526d103b44b/screenshot - {}
RESULT: {}
COMMAND: POST /session/f519eddc2ea26d61ca30e526d103b44b/element - {"using":"xpath","value":"//table[contains(@id, \"listView-innerSelectionPanelTable-listUl\")]/tbody/tr[4]/td[2]/div/div"}
RESULT: {}
RESULT: {"using":"xpath","value":"//table[contains(@id, \"listView-innerSelectionPanelTable-listUl\")]/tbody/tr[4]/td[2]/div/div"}
COMMAND: POST /session/f519eddc2ea26d61ca30e526d103b44b/element - {"using":"xpath","value":"//table[contains(@id, \"listView-innerSelectionPanelTable-listUl\")]/tbody/tr[4]/td[2]/div"}
RESULT: {"using":"xpath","value":"//table[contains(@id, \"listView-innerSelectionPanelTable-listUl\")]/tbody/tr[4]/td[2]/div"}
COMMAND: POST /session/f519eddc2ea26d61ca30e526d103b44b/element - {"using":"xpath","value":"//table[contains(@id, \"listView-innerSelectionPanelTable-listUl\")]/tbody/tr[4]/td[3]/div/div/span/span[1]/bdi"}
RESULT: {"using":"xpath","value":"//table[contains(@id, \"listView-innerSelectionPanelTable-listUl\")]/tbody/tr[4]/td[3]/div/div/span/span[1]/bdi"}
COMMAND: POST /session/f519eddc2ea26d61ca30e526d103b44b/execute/sync - {"script":"<script> [56 bytes]","args":[{"element-6066-11e4-a52e-4f735466cecf":"f.A346BA6B978C9328C0C2B851E75B8348.d.88E2A92E74E3F8DDBCA0A3FBA68F3CF3.e.6787","ELEMENT":"f.A346BA6B978C9328C0C2B851E75B8348.d.88E2A92E74E3F8DDBCA0A3FBA68F3CF3.e.6787"}]}
RESULT: {"script":"<script> [56 bytes]","args":[{"element-6066-11e4-a52e-4f735466cecf":"f.A346BA6B978C9328C0C2B851E75B8348.d.88E2A92E74E3F8DDBCA0A3FBA68F3CF3.e.6787","ELEMENT":"f.A346BA6B978C9328C0C2B851E75B8348.d.88E2A92E74E3F8DDBCA0A3FBA68F3CF3.e.6787"}]}
COMMAND: GET /session/f519eddc2ea26d61ca30e526d103b44b/element/f.A346BA6B978C9328C0C2B851E75B8348.d.88E2A92E74E3F8DDBCA0A3FBA68F3CF3.e.6786/attribute/aria-checked - {}
COMMAND: GET /session/f519eddc2ea26d61ca30e526d103b44b/screenshot - {}
RESULT: {}
COMMAND: POST /session/f519eddc2ea26d61ca30e526d103b44b/element - {"using":"xpath","value":"//table[contains(@id, \"listView-innerSelectionPanelTable-listUl\")]/tbody/tr[5]/td[2]/div/div"}
RESULT: {}
RESULT: {"using":"xpath","value":"//table[contains(@id, \"listView-innerSelectionPanelTable-listUl\")]/tbody/tr[5]/td[2]/div/div"}
COMMAND: POST /session/f519eddc2ea26d61ca30e526d103b44b/element - {"using":"xpath","value":"//table[contains(@id, \"listView-innerSelectionPanelTable-listUl\")]/tbody/tr[5]/td[2]/div"}
RESULT: {"using":"xpath","value":"//table[contains(@id, \"listView-innerSelectionPanelTable-listUl\")]/tbody/tr[5]/td[2]/div"}
COMMAND: POST /session/f519eddc2ea26d61ca30e526d103b44b/element - {"using":"xpath","value":"//table[contains(@id, \"listView-innerSelectionPanelTable-listUl\")]/tbody/tr[5]/td[3]/div/div/span/span[1]/bdi"}
RESULT: {"using":"xpath","value":"//table[contains(@id, \"listView-innerSelectionPanelTable-listUl\")]/tbody/tr[5]/td[3]/div/div/span/span[1]/bdi"}
COMMAND: POST /session/f519eddc2ea26d61ca30e526d103b44b/execute/sync - {"script":"<script> [56 bytes]","args":[{"element-6066-11e4-a52e-4f735466cecf":"f.A346BA6B978C9328C0C2B851E75B8348.d.88E2A92E74E3F8DDBCA0A3FBA68F3CF3.e.6790","ELEMENT":"f.A346BA6B978C9328C0C2B851E75B8348.d.88E2A92E74E3F8DDBCA0A3FBA68F3CF3.e.6790"}]}
RESULT: {"script":"<script> [56 bytes]","args":[{"element-6066-11e4-a52e-4f735466cecf":"f.A346BA6B978C9328C0C2B851E75B8348.d.88E2A92E74E3F8DDBCA0A3FBA68F3CF3.e.6790","ELEMENT":"f.A346BA6B978C9328C0C2B851E75B8348.d.88E2A92E74E3F8DDBCA0A3FBA68F3CF3.e.6790"}]}
COMMAND: GET /session/f519eddc2ea26d61ca30e526d103b44b/element/f.A346BA6B978C9328C0C2B851E75B8348.d.88E2A92E74E3F8DDBCA0A3FBA68F3CF3.e.6789/attribute/aria-checked - {}
COMMAND: GET /session/f519eddc2ea26d61ca30e526d103b44b/screenshot - {}
RESULT: {}
COMMAND: POST /session/f519eddc2ea26d61ca30e526d103b44b/element - {"using":"xpath","value":"//table[contains(@id, \"listView-innerSelectionPanelTable-listUl\")]/tbody/tr[6]/td[2]/div/div"}
RESULT: {}
RESULT: {"using":"xpath","value":"//table[contains(@id, \"listView-innerSelectionPanelTable-listUl\")]/tbody/tr[6]/td[2]/div/div"}
COMMAND: POST /session/f519eddc2ea26d61ca30e526d103b44b/element - {"using":"xpath","value":"//table[contains(@id, \"listView-innerSelectionPanelTable-listUl\")]/tbody/tr[6]/td[2]/div"}
RESULT: {"using":"xpath","value":"//table[contains(@id, \"listView-innerSelectionPanelTable-listUl\")]/tbody/tr[6]/td[2]/div"}
COMMAND: POST /session/f519eddc2ea26d61ca30e526d103b44b/element - {"using":"xpath","value":"//table[contains(@id, \"listView-innerSelectionPanelTable-listUl\")]/tbody/tr[6]/td[3]/div/div/span/span[1]/bdi"}
RESULT: {"using":"xpath","value":"//table[contains(@id, \"listView-innerSelectionPanelTable-listUl\")]/tbody/tr[6]/td[3]/div/div/span/span[1]/bdi"}
COMMAND: POST /session/f519eddc2ea26d61ca30e526d103b44b/execute/sync - {"script":"<script> [56 bytes]","args":[{"element-6066-11e4-a52e-4f735466cecf":"f.A346BA6B978C9328C0C2B851E75B8348.d.88E2A92E74E3F8DDBCA0A3FBA68F3CF3.e.6793","ELEMENT":"f.A346BA6B978C9328C0C2B851E75B8348.d.88E2A92E74E3F8DDBCA0A3FBA68F3CF3.e.6793"}]}
RESULT: {"script":"<script> [56 bytes]","args":[{"element-6066-11e4-a52e-4f735466cecf":"f.A346BA6B978C9328C0C2B851E75B8348.d.88E2A92E74E3F8DDBCA0A3FBA68F3CF3.e.6793","ELEMENT":"f.A346BA6B978C9328C0C2B851E75B8348.d.88E2A92E74E3F8DDBCA0A3FBA68F3CF3.e.6793"}]}
COMMAND: GET /session/f519eddc2ea26d61ca30e526d103b44b/element/f.A346BA6B978C9328C0C2B851E75B8348.d.88E2A92E74E3F8DDBCA0A3FBA68F3CF3.e.6792/attribute/aria-checked - {}
COMMAND: GET /session/f519eddc2ea26d61ca30e526d103b44b/screenshot - {}
RESULT: {}
COMMAND: POST /session/f519eddc2ea26d61ca30e526d103b44b/element - {"using":"xpath","value":"//table[contains(@id, \"listView-innerSelectionPanelTable-listUl\")]/tbody/tr[7]/td[2]/div/div"}
RESULT: {}
RESULT: {"using":"xpath","value":"//table[contains(@id, \"listView-innerSelectionPanelTable-listUl\")]/tbody/tr[7]/td[2]/div/div"}
COMMAND: POST /session/f519eddc2ea26d61ca30e526d103b44b/element - {"using":"xpath","value":"//table[contains(@id, \"listView-innerSelectionPanelTable-listUl\")]/tbody/tr[7]/td[2]/div"}
RESULT: {"using":"xpath","value":"//table[contains(@id, \"listView-innerSelectionPanelTable-listUl\")]/tbody/tr[7]/td[2]/div"}
COMMAND: POST /session/f519eddc2ea26d61ca30e526d103b44b/element - {"using":"xpath","value":"//table[contains(@id, \"listView-innerSelectionPanelTable-listUl\")]/tbody/tr[7]/td[3]/div/div/span/span[1]/bdi"}
RESULT: {"using":"xpath","value":"//table[contains(@id, \"listView-innerSelectionPanelTable-listUl\")]/tbody/tr[7]/td[3]/div/div/span/span[1]/bdi"}
COMMAND: POST /session/f519eddc2ea26d61ca30e526d103b44b/execute/sync - {"script":"<script> [56 bytes]","args":[{"element-6066-11e4-a52e-4f735466cecf":"f.A346BA6B978C9328C0C2B851E75B8348.d.88E2A92E74E3F8DDBCA0A3FBA68F3CF3.e.6796","ELEMENT":"f.A346BA6B978C9328C0C2B851E75B8348.d.88E2A92E74E3F8DDBCA0A3FBA68F3CF3.e.6796"}]}
RESULT: {"script":"<script> [56 bytes]","args":[{"element-6066-11e4-a52e-4f735466cecf":"f.A346BA6B978C9328C0C2B851E75B8348.d.88E2A92E74E3F8DDBCA0A3FBA68F3CF3.e.6796","ELEMENT":"f.A346BA6B978C9328C0C2B851E75B8348.d.88E2A92E74E3F8DDBCA0A3FBA68F3CF3.e.6796"}]}
COMMAND: GET /session/f519eddc2ea26d61ca30e526d103b44b/element/f.A346BA6B978C9328C0C2B851E75B8348.d.88E2A92E74E3F8DDBCA0A3FBA68F3CF3.e.6795/attribute/aria-checked - {}
COMMAND: GET /session/f519eddc2ea26d61ca30e526d103b44b/screenshot - {}
RESULT: {}
COMMAND: POST /session/f519eddc2ea26d61ca30e526d103b44b/element - {"using":"xpath","value":"//table[contains(@id, \"listView-innerSelectionPanelTable-listUl\")]/tbody/tr[8]/td[2]/div/div"}
RESULT: {}
RESULT: {"using":"xpath","value":"//table[contains(@id, \"listView-innerSelectionPanelTable-listUl\")]/tbody/tr[8]/td[2]/div/div"}
COMMAND: POST /session/f519eddc2ea26d61ca30e526d103b44b/element - {"using":"xpath","value":"//table[contains(@id, \"listView-innerSelectionPanelTable-listUl\")]/tbody/tr[8]/td[2]/div"}
RESULT: {"using":"xpath","value":"//table[contains(@id, \"listView-innerSelectionPanelTable-listUl\")]/tbody/tr[8]/td[2]/div"}
COMMAND: POST /session/f519eddc2ea26d61ca30e526d103b44b/element - {"using":"xpath","value":"//table[contains(@id, \"listView-innerSelectionPanelTable-listUl\")]/tbody/tr[8]/td[3]/div/div/span/span[1]/bdi"}
RESULT: {"using":"xpath","value":"//table[contains(@id, \"listView-innerSelectionPanelTable-listUl\")]/tbody/tr[8]/td[3]/div/div/span/span[1]/bdi"}
COMMAND: POST /session/f519eddc2ea26d61ca30e526d103b44b/execute/sync - {"script":"<script> [56 bytes]","args":[{"element-6066-11e4-a52e-4f735466cecf":"f.A346BA6B978C9328C0C2B851E75B8348.d.88E2A92E74E3F8DDBCA0A3FBA68F3CF3.e.6799","ELEMENT":"f.A346BA6B978C9328C0C2B851E75B8348.d.88E2A92E74E3F8DDBCA0A3FBA68F3CF3.e.6799"}]}
RESULT: {"script":"<script> [56 bytes]","args":[{"element-6066-11e4-a52e-4f735466cecf":"f.A346BA6B978C9328C0C2B851E75B8348.d.88E2A92E74E3F8DDBCA0A3FBA68F3CF3.e.6799","ELEMENT":"f.A346BA6B978C9328C0C2B851E75B8348.d.88E2A92E74E3F8DDBCA0A3FBA68F3CF3.e.6799"}]}
COMMAND: GET /session/f519eddc2ea26d61ca30e526d103b44b/element/f.A346BA6B978C9328C0C2B851E75B8348.d.88E2A92E74E3F8DDBCA0A3FBA68F3CF3.e.6798/attribute/aria-checked - {}
COMMAND: GET /session/f519eddc2ea26d61ca30e526d103b44b/screenshot - {}
RESULT: {}
COMMAND: POST /session/f519eddc2ea26d61ca30e526d103b44b/element - {"using":"xpath","value":"//table[contains(@id, \"listView-innerSelectionPanelTable-listUl\")]/tbody/tr[9]/td[2]/div/div"}
RESULT: {}
RESULT: {"using":"xpath","value":"//table[contains(@id, \"listView-innerSelectionPanelTable-listUl\")]/tbody/tr[9]/td[2]/div/div"}
COMMAND: POST /session/f519eddc2ea26d61ca30e526d103b44b/element - {"using":"xpath","value":"//table[contains(@id, \"listView-innerSelectionPanelTable-listUl\")]/tbody/tr[9]/td[2]/div"}
RESULT: {"using":"xpath","value":"//table[contains(@id, \"listView-innerSelectionPanelTable-listUl\")]/tbody/tr[9]/td[2]/div"}
COMMAND: POST /session/f519eddc2ea26d61ca30e526d103b44b/element - {"using":"xpath","value":"//table[contains(@id, \"listView-innerSelectionPanelTable-listUl\")]/tbody/tr[9]/td[3]/div/div/span/span[1]/bdi"}
RESULT: {"using":"xpath","value":"//table[contains(@id, \"listView-innerSelectionPanelTable-listUl\")]/tbody/tr[9]/td[3]/div/div/span/span[1]/bdi"}
COMMAND: POST /session/f519eddc2ea26d61ca30e526d103b44b/execute/sync - {"script":"<script> [56 bytes]","args":[{"element-6066-11e4-a52e-4f735466cecf":"f.A346BA6B978C9328C0C2B851E75B8348.d.88E2A92E74E3F8DDBCA0A3FBA68F3CF3.e.6802","ELEMENT":"f.A346BA6B978C9328C0C2B851E75B8348.d.88E2A92E74E3F8DDBCA0A3FBA68F3CF3.e.6802"}]}
RESULT: {"script":"<script> [56 bytes]","args":[{"element-6066-11e4-a52e-4f735466cecf":"f.A346BA6B978C9328C0C2B851E75B8348.d.88E2A92E74E3F8DDBCA0A3FBA68F3CF3.e.6802","ELEMENT":"f.A346BA6B978C9328C0C2B851E75B8348.d.88E2A92E74E3F8DDBCA0A3FBA68F3CF3.e.6802"}]}
COMMAND: GET /session/f519eddc2ea26d61ca30e526d103b44b/element/f.A346BA6B978C9328C0C2B851E75B8348.d.88E2A92E74E3F8DDBCA0A3FBA68F3CF3.e.6801/attribute/aria-checked - {}
COMMAND: GET /session/f519eddc2ea26d61ca30e526d103b44b/screenshot - {}
RESULT: {}
COMMAND: POST /session/f519eddc2ea26d61ca30e526d103b44b/element - {"using":"xpath","value":"//table[contains(@id, \"listView-innerSelectionPanelTable-listUl\")]/tbody/tr[10]/td[2]/div/div"}
RESULT: {}
RESULT: {"using":"xpath","value":"//table[contains(@id, \"listView-innerSelectionPanelTable-listUl\")]/tbody/tr[10]/td[2]/div/div"}
COMMAND: POST /session/f519eddc2ea26d61ca30e526d103b44b/element - {"using":"xpath","value":"//table[contains(@id, \"listView-innerSelectionPanelTable-listUl\")]/tbody/tr[10]/td[2]/div"}
RESULT: {"using":"xpath","value":"//table[contains(@id, \"listView-innerSelectionPanelTable-listUl\")]/tbody/tr[10]/td[2]/div"}
COMMAND: POST /session/f519eddc2ea26d61ca30e526d103b44b/element - {"using":"xpath","value":"//table[contains(@id, \"listView-innerSelectionPanelTable-listUl\")]/tbody/tr[10]/td[3]/div/div/span/span[1]/bdi"}
RESULT: {"using":"xpath","value":"//table[contains(@id, \"listView-innerSelectionPanelTable-listUl\")]/tbody/tr[10]/td[3]/div/div/span/span[1]/bdi"}
COMMAND: POST /session/f519eddc2ea26d61ca30e526d103b44b/execute/sync - {"script":"<script> [56 bytes]","args":[{"element-6066-11e4-a52e-4f735466cecf":"f.A346BA6B978C9328C0C2B851E75B8348.d.88E2A92E74E3F8DDBCA0A3FBA68F3CF3.e.6805","ELEMENT":"f.A346BA6B978C9328C0C2B851E75B8348.d.88E2A92E74E3F8DDBCA0A3FBA68F3CF3.e.6805"}]}
RESULT: {"script":"<script> [56 bytes]","args":[{"element-6066-11e4-a52e-4f735466cecf":"f.A346BA6B978C9328C0C2B851E75B8348.d.88E2A92E74E3F8DDBCA0A3FBA68F3CF3.e.6805","ELEMENT":"f.A346BA6B978C9328C0C2B851E75B8348.d.88E2A92E74E3F8DDBCA0A3FBA68F3CF3.e.6805"}]}
COMMAND: GET /session/f519eddc2ea26d61ca30e526d103b44b/element/f.A346BA6B978C9328C0C2B851E75B8348.d.88E2A92E74E3F8DDBCA0A3FBA68F3CF3.e.6804/attribute/aria-checked - {}
COMMAND: GET /session/f519eddc2ea26d61ca30e526d103b44b/screenshot - {}
RESULT: {}
COMMAND: POST /session/f519eddc2ea26d61ca30e526d103b44b/element - {"using":"xpath","value":"//table[contains(@id, \"listView-innerSelectionPanelTable-listUl\")]/tbody/tr[11]/td[2]/div/div"}
RESULT: {}
RESULT: {"using":"xpath","value":"//table[contains(@id, \"listView-innerSelectionPanelTable-listUl\")]/tbody/tr[11]/td[2]/div/div"}
COMMAND: POST /session/f519eddc2ea26d61ca30e526d103b44b/element - {"using":"xpath","value":"//table[contains(@id, \"listView-innerSelectionPanelTable-listUl\")]/tbody/tr[11]/td[2]/div"}
RESULT: {"using":"xpath","value":"//table[contains(@id, \"listView-innerSelectionPanelTable-listUl\")]/tbody/tr[11]/td[2]/div"}
COMMAND: POST /session/f519eddc2ea26d61ca30e526d103b44b/element - {"using":"xpath","value":"//table[contains(@id, \"listView-innerSelectionPanelTable-listUl\")]/tbody/tr[11]/td[3]/div/div/span/span[1]/bdi"}
RESULT: {"using":"xpath","value":"//table[contains(@id, \"listView-innerSelectionPanelTable-listUl\")]/tbody/tr[11]/td[3]/div/div/span/span[1]/bdi"}
COMMAND: POST /session/f519eddc2ea26d61ca30e526d103b44b/execute/sync - {"script":"<script> [56 bytes]","args":[{"element-6066-11e4-a52e-4f735466cecf":"f.A346BA6B978C9328C0C2B851E75B8348.d.88E2A92E74E3F8DDBCA0A3FBA68F3CF3.e.6808","ELEMENT":"f.A346BA6B978C9328C0C2B851E75B8348.d.88E2A92E74E3F8DDBCA0A3FBA68F3CF3.e.6808"}]}
RESULT: {"script":"<script> [56 bytes]","args":[{"element-6066-11e4-a52e-4f735466cecf":"f.A346BA6B978C9328C0C2B851E75B8348.d.88E2A92E74E3F8DDBCA0A3FBA68F3CF3.e.6808","ELEMENT":"f.A346BA6B978C9328C0C2B851E75B8348.d.88E2A92E74E3F8DDBCA0A3FBA68F3CF3.e.6808"}]}
COMMAND: GET /session/f519eddc2ea26d61ca30e526d103b44b/element/f.A346BA6B978C9328C0C2B851E75B8348.d.88E2A92E74E3F8DDBCA0A3FBA68F3CF3.e.6807/attribute/aria-checked - {}
COMMAND: GET /session/f519eddc2ea26d61ca30e526d103b44b/screenshot - {}
RESULT: {}
COMMAND: POST /session/f519eddc2ea26d61ca30e526d103b44b/element - {"using":"xpath","value":"//table[contains(@id, \"listView-innerSelectionPanelTable-listUl\")]/tbody/tr[12]/td[2]/div/div"}
RESULT: {}
RESULT: {"using":"xpath","value":"//table[contains(@id, \"listView-innerSelectionPanelTable-listUl\")]/tbody/tr[12]/td[2]/div/div"}
COMMAND: POST /session/f519eddc2ea26d61ca30e526d103b44b/element - {"using":"xpath","value":"//table[contains(@id, \"listView-innerSelectionPanelTable-listUl\")]/tbody/tr[12]/td[2]/div"}
RESULT: {"using":"xpath","value":"//table[contains(@id, \"listView-innerSelectionPanelTable-listUl\")]/tbody/tr[12]/td[2]/div"}
COMMAND: POST /session/f519eddc2ea26d61ca30e526d103b44b/element - {"using":"xpath","value":"//table[contains(@id, \"listView-innerSelectionPanelTable-listUl\")]/tbody/tr[12]/td[3]/div/div/span/span[1]/bdi"}
RESULT: {"using":"xpath","value":"//table[contains(@id, \"listView-innerSelectionPanelTable-listUl\")]/tbody/tr[12]/td[3]/div/div/span/span[1]/bdi"}
COMMAND: POST /session/f519eddc2ea26d61ca30e526d103b44b/execute/sync - {"script":"<script> [56 bytes]","args":[{"element-6066-11e4-a52e-4f735466cecf":"f.A346BA6B978C9328C0C2B851E75B8348.d.88E2A92E74E3F8DDBCA0A3FBA68F3CF3.e.6811","ELEMENT":"f.A346BA6B978C9328C0C2B851E75B8348.d.88E2A92E74E3F8DDBCA0A3FBA68F3CF3.e.6811"}]}
RESULT: {"script":"<script> [56 bytes]","args":[{"element-6066-11e4-a52e-4f735466cecf":"f.A346BA6B978C9328C0C2B851E75B8348.d.88E2A92E74E3F8DDBCA0A3FBA68F3CF3.e.6811","ELEMENT":"f.A346BA6B978C9328C0C2B851E75B8348.d.88E2A92E74E3F8DDBCA0A3FBA68F3CF3.e.6811"}]}
COMMAND: GET /session/f519eddc2ea26d61ca30e526d103b44b/element/f.A346BA6B978C9328C0C2B851E75B8348.d.88E2A92E74E3F8DDBCA0A3FBA68F3CF3.e.6810/attribute/aria-checked - {}
COMMAND: GET /session/f519eddc2ea26d61ca30e526d103b44b/screenshot - {}
RESULT: {}
COMMAND: POST /session/f519eddc2ea26d61ca30e526d103b44b/element - {"using":"xpath","value":"//table[contains(@id, \"listView-innerSelectionPanelTable-listUl\")]/tbody/tr[13]/td[2]/div/div"}
RESULT: {}
RESULT: {"using":"xpath","value":"//table[contains(@id, \"listView-innerSelectionPanelTable-listUl\")]/tbody/tr[13]/td[2]/div/div"}
COMMAND: POST /session/f519eddc2ea26d61ca30e526d103b44b/element - {"using":"xpath","value":"//table[contains(@id, \"listView-innerSelectionPanelTable-listUl\")]/tbody/tr[13]/td[2]/div"}
RESULT: {"using":"xpath","value":"//table[contains(@id, \"listView-innerSelectionPanelTable-listUl\")]/tbody/tr[13]/td[2]/div"}
COMMAND: POST /session/f519eddc2ea26d61ca30e526d103b44b/element - {"using":"xpath","value":"//table[contains(@id, \"listView-innerSelectionPanelTable-listUl\")]/tbody/tr[13]/td[3]/div/div/span/span[1]/bdi"}
RESULT: {"using":"xpath","value":"//table[contains(@id, \"listView-innerSelectionPanelTable-listUl\")]/tbody/tr[13]/td[3]/div/div/span/span[1]/bdi"}
COMMAND: POST /session/f519eddc2ea26d61ca30e526d103b44b/execute/sync - {"script":"<script> [56 bytes]","args":[{"element-6066-11e4-a52e-4f735466cecf":"f.A346BA6B978C9328C0C2B851E75B8348.d.88E2A92E74E3F8DDBCA0A3FBA68F3CF3.e.6814","ELEMENT":"f.A346BA6B978C9328C0C2B851E75B8348.d.88E2A92E74E3F8DDBCA0A3FBA68F3CF3.e.6814"}]}
RESULT: {"script":"<script> [56 bytes]","args":[{"element-6066-11e4-a52e-4f735466cecf":"f.A346BA6B978C9328C0C2B851E75B8348.d.88E2A92E74E3F8DDBCA0A3FBA68F3CF3.e.6814","ELEMENT":"f.A346BA6B978C9328C0C2B851E75B8348.d.88E2A92E74E3F8DDBCA0A3FBA68F3CF3.e.6814"}]}
COMMAND: GET /session/f519eddc2ea26d61ca30e526d103b44b/element/f.A346BA6B978C9328C0C2B851E75B8348.d.88E2A92E74E3F8DDBCA0A3FBA68F3CF3.e.6813/attribute/aria-checked - {}
COMMAND: GET /session/f519eddc2ea26d61ca30e526d103b44b/screenshot - {}
RESULT: {}
COMMAND: POST /session/f519eddc2ea26d61ca30e526d103b44b/element - {"using":"xpath","value":"//table[contains(@id, \"listView-innerSelectionPanelTable-listUl\")]/tbody/tr[14]/td[2]/div/div"}
COMMAND: POST /session/f519eddc2ea26d61ca30e526d103b44b/element/f.A346BA6B978C9328C0C2B851E75B8348.d.88E2A92E74E3F8DDBCA0A3FBA68F3CF3.e.6812/click - {}
RESULT: {}
RESULT: {"using":"xpath","value":"//table[contains(@id, \"listView-innerSelectionPanelTable-listUl\")]/tbody/tr[14]/td[2]/div/div"}
COMMAND: POST /session/f519eddc2ea26d61ca30e526d103b44b/element - {"using":"xpath","value":"//table[contains(@id, \"listView-innerSelectionPanelTable-listUl\")]/tbody/tr[14]/td[2]/div"}
RESULT: {}
COMMAND: GET /session/f519eddc2ea26d61ca30e526d103b44b/screenshot - {}
RESULT: {"using":"xpath","value":"//table[contains(@id, \"listView-innerSelectionPanelTable-listUl\")]/tbody/tr[14]/td[2]/div"}
COMMAND: POST /session/f519eddc2ea26d61ca30e526d103b44b/element - {"using":"xpath","value":"//table[contains(@id, \"listView-innerSelectionPanelTable-listUl\")]/tbody/tr[14]/td[3]/div/div/span/span[1]/bdi"}
RESULT: {}
RESULT: {"using":"xpath","value":"//table[contains(@id, \"listView-innerSelectionPanelTable-listUl\")]/tbody/tr[14]/td[3]/div/div/span/span[1]/bdi"}
COMMAND: POST /session/f519eddc2ea26d61ca30e526d103b44b/execute/sync - {"script":"<script> [56 bytes]","args":[{"element-6066-11e4-a52e-4f735466cecf":"f.A346BA6B978C9328C0C2B851E75B8348.d.88E2A92E74E3F8DDBCA0A3FBA68F3CF3.e.6818","ELEMENT":"f.A346BA6B978C9328C0C2B851E75B8348.d.88E2A92E74E3F8DDBCA0A3FBA68F3CF3.e.6818"}]}
RESULT: {"script":"<script> [56 bytes]","args":[{"element-6066-11e4-a52e-4f735466cecf":"f.A346BA6B978C9328C0C2B851E75B8348.d.88E2A92E74E3F8DDBCA0A3FBA68F3CF3.e.6818","ELEMENT":"f.A346BA6B978C9328C0C2B851E75B8348.d.88E2A92E74E3F8DDBCA0A3FBA68F3CF3.e.6818"}]}
COMMAND: GET /session/f519eddc2ea26d61ca30e526d103b44b/element/f.A346BA6B978C9328C0C2B851E75B8348.d.88E2A92E74E3F8DDBCA0A3FBA68F3CF3.e.6817/attribute/aria-checked - {}
COMMAND: GET /session/f519eddc2ea26d61ca30e526d103b44b/screenshot - {}
RESULT: {}
COMMAND: POST /session/f519eddc2ea26d61ca30e526d103b44b/element - {"using":"xpath","value":"//table[contains(@id, \"listView-innerSelectionPanelTable-listUl\")]/tbody/tr[15]/td[2]/div/div"}
RESULT: {}
RESULT: {"using":"xpath","value":"//table[contains(@id, \"listView-innerSelectionPanelTable-listUl\")]/tbody/tr[15]/td[2]/div/div"}
COMMAND: POST /session/f519eddc2ea26d61ca30e526d103b44b/element - {"using":"xpath","value":"//table[contains(@id, \"listView-innerSelectionPanelTable-listUl\")]/tbody/tr[15]/td[2]/div"}
RESULT: {"using":"xpath","value":"//table[contains(@id, \"listView-innerSelectionPanelTable-listUl\")]/tbody/tr[15]/td[2]/div"}
COMMAND: POST /session/f519eddc2ea26d61ca30e526d103b44b/element - {"using":"xpath","value":"//table[contains(@id, \"listView-innerSelectionPanelTable-listUl\")]/tbody/tr[15]/td[3]/div/div/span/span[1]/bdi"}
RESULT: {"using":"xpath","value":"//table[contains(@id, \"listView-innerSelectionPanelTable-listUl\")]/tbody/tr[15]/td[3]/div/div/span/span[1]/bdi"}
COMMAND: POST /session/f519eddc2ea26d61ca30e526d103b44b/execute/sync - {"script":"<script> [56 bytes]","args":[{"element-6066-11e4-a52e-4f735466cecf":"f.A346BA6B978C9328C0C2B851E75B8348.d.88E2A92E74E3F8DDBCA0A3FBA68F3CF3.e.6821","ELEMENT":"f.A346BA6B978C9328C0C2B851E75B8348.d.88E2A92E74E3F8DDBCA0A3FBA68F3CF3.e.6821"}]}
RESULT: {"script":"<script> [56 bytes]","args":[{"element-6066-11e4-a52e-4f735466cecf":"f.A346BA6B978C9328C0C2B851E75B8348.d.88E2A92E74E3F8DDBCA0A3FBA68F3CF3.e.6821","ELEMENT":"f.A346BA6B978C9328C0C2B851E75B8348.d.88E2A92E74E3F8DDBCA0A3FBA68F3CF3.e.6821"}]}
COMMAND: GET /session/f519eddc2ea26d61ca30e526d103b44b/element/f.A346BA6B978C9328C0C2B851E75B8348.d.88E2A92E74E3F8DDBCA0A3FBA68F3CF3.e.6820/attribute/aria-checked - {}
COMMAND: GET /session/f519eddc2ea26d61ca30e526d103b44b/screenshot - {}
RESULT: {}
COMMAND: POST /session/f519eddc2ea26d61ca30e526d103b44b/element - {"using":"xpath","value":"//table[contains(@id, \"listView-innerSelectionPanelTable-listUl\")]/tbody/tr[16]/td[2]/div/div"}
RESULT: {}
RESULT: {"using":"xpath","value":"//table[contains(@id, \"listView-innerSelectionPanelTable-listUl\")]/tbody/tr[16]/td[2]/div/div"}
COMMAND: POST /session/f519eddc2ea26d61ca30e526d103b44b/element - {"using":"xpath","value":"//table[contains(@id, \"listView-innerSelectionPanelTable-listUl\")]/tbody/tr[16]/td[2]/div"}
RESULT: {"using":"xpath","value":"//table[contains(@id, \"listView-innerSelectionPanelTable-listUl\")]/tbody/tr[16]/td[2]/div"}
COMMAND: POST /session/f519eddc2ea26d61ca30e526d103b44b/element - {"using":"xpath","value":"//table[contains(@id, \"listView-innerSelectionPanelTable-listUl\")]/tbody/tr[16]/td[3]/div/div/span/span[1]/bdi"}
RESULT: {"using":"xpath","value":"//table[contains(@id, \"listView-innerSelectionPanelTable-listUl\")]/tbody/tr[16]/td[3]/div/div/span/span[1]/bdi"}
COMMAND: POST /session/f519eddc2ea26d61ca30e526d103b44b/execute/sync - {"script":"<script> [56 bytes]","args":[{"element-6066-11e4-a52e-4f735466cecf":"f.A346BA6B978C9328C0C2B851E75B8348.d.88E2A92E74E3F8DDBCA0A3FBA68F3CF3.e.6824","ELEMENT":"f.A346BA6B978C9328C0C2B851E75B8348.d.88E2A92E74E3F8DDBCA0A3FBA68F3CF3.e.6824"}]}
RESULT: {"script":"<script> [56 bytes]","args":[{"element-6066-11e4-a52e-4f735466cecf":"f.A346BA6B978C9328C0C2B851E75B8348.d.88E2A92E74E3F8DDBCA0A3FBA68F3CF3.e.6824","ELEMENT":"f.A346BA6B978C9328C0C2B851E75B8348.d.88E2A92E74E3F8DDBCA0A3FBA68F3CF3.e.6824"}]}
COMMAND: GET /session/f519eddc2ea26d61ca30e526d103b44b/element/f.A346BA6B978C9328C0C2B851E75B8348.d.88E2A92E74E3F8DDBCA0A3FBA68F3CF3.e.6823/attribute/aria-checked - {}
COMMAND: GET /session/f519eddc2ea26d61ca30e526d103b44b/screenshot - {}
RESULT: {}
COMMAND: POST /session/f519eddc2ea26d61ca30e526d103b44b/element - {"using":"xpath","value":"//table[contains(@id, \"listView-innerSelectionPanelTable-listUl\")]/tbody/tr[17]/td[2]/div/div"}
RESULT: {}
RESULT: {"using":"xpath","value":"//table[contains(@id, \"listView-innerSelectionPanelTable-listUl\")]/tbody/tr[17]/td[2]/div/div"}
COMMAND: POST /session/f519eddc2ea26d61ca30e526d103b44b/element - {"using":"xpath","value":"//table[contains(@id, \"listView-innerSelectionPanelTable-listUl\")]/tbody/tr[17]/td[2]/div"}
RESULT: {"using":"xpath","value":"//table[contains(@id, \"listView-innerSelectionPanelTable-listUl\")]/tbody/tr[17]/td[2]/div"}
COMMAND: POST /session/f519eddc2ea26d61ca30e526d103b44b/element - {"using":"xpath","value":"//table[contains(@id, \"listView-innerSelectionPanelTable-listUl\")]/tbody/tr[17]/td[3]/div/div/span/span[1]/bdi"}
RESULT: {"using":"xpath","value":"//table[contains(@id, \"listView-innerSelectionPanelTable-listUl\")]/tbody/tr[17]/td[3]/div/div/span/span[1]/bdi"}
COMMAND: POST /session/f519eddc2ea26d61ca30e526d103b44b/execute/sync - {"script":"<script> [56 bytes]","args":[{"element-6066-11e4-a52e-4f735466cecf":"f.A346BA6B978C9328C0C2B851E75B8348.d.88E2A92E74E3F8DDBCA0A3FBA68F3CF3.e.6827","ELEMENT":"f.A346BA6B978C9328C0C2B851E75B8348.d.88E2A92E74E3F8DDBCA0A3FBA68F3CF3.e.6827"}]}
RESULT: {"script":"<script> [56 bytes]","args":[{"element-6066-11e4-a52e-4f735466cecf":"f.A346BA6B978C9328C0C2B851E75B8348.d.88E2A92E74E3F8DDBCA0A3FBA68F3CF3.e.6827","ELEMENT":"f.A346BA6B978C9328C0C2B851E75B8348.d.88E2A92E74E3F8DDBCA0A3FBA68F3CF3.e.6827"}]}
COMMAND: GET /session/f519eddc2ea26d61ca30e526d103b44b/element/f.A346BA6B978C9328C0C2B851E75B8348.d.88E2A92E74E3F8DDBCA0A3FBA68F3CF3.e.6826/attribute/aria-checked - {}
COMMAND: GET /session/f519eddc2ea26d61ca30e526d103b44b/screenshot - {}
RESULT: {}
COMMAND: POST /session/f519eddc2ea26d61ca30e526d103b44b/element - {"using":"xpath","value":"//table[contains(@id, \"listView-innerSelectionPanelTable-listUl\")]/tbody/tr[18]/td[2]/div/div"}
RESULT: {}
RESULT: {"using":"xpath","value":"//table[contains(@id, \"listView-innerSelectionPanelTable-listUl\")]/tbody/tr[18]/td[2]/div/div"}
COMMAND: POST /session/f519eddc2ea26d61ca30e526d103b44b/element - {"using":"xpath","value":"//table[contains(@id, \"listView-innerSelectionPanelTable-listUl\")]/tbody/tr[18]/td[2]/div"}
RESULT: {"using":"xpath","value":"//table[contains(@id, \"listView-innerSelectionPanelTable-listUl\")]/tbody/tr[18]/td[2]/div"}
COMMAND: POST /session/f519eddc2ea26d61ca30e526d103b44b/element - {"using":"xpath","value":"//table[contains(@id, \"listView-innerSelectionPanelTable-listUl\")]/tbody/tr[18]/td[3]/div/div/span/span[1]/bdi"}
RESULT: {"using":"xpath","value":"//table[contains(@id, \"listView-innerSelectionPanelTable-listUl\")]/tbody/tr[18]/td[3]/div/div/span/span[1]/bdi"}
COMMAND: POST /session/f519eddc2ea26d61ca30e526d103b44b/execute/sync - {"script":"<script> [56 bytes]","args":[{"element-6066-11e4-a52e-4f735466cecf":"f.A346BA6B978C9328C0C2B851E75B8348.d.88E2A92E74E3F8DDBCA0A3FBA68F3CF3.e.6830","ELEMENT":"f.A346BA6B978C9328C0C2B851E75B8348.d.88E2A92E74E3F8DDBCA0A3FBA68F3CF3.e.6830"}]}
RESULT: {"script":"<script> [56 bytes]","args":[{"element-6066-11e4-a52e-4f735466cecf":"f.A346BA6B978C9328C0C2B851E75B8348.d.88E2A92E74E3F8DDBCA0A3FBA68F3CF3.e.6830","ELEMENT":"f.A346BA6B978C9328C0C2B851E75B8348.d.88E2A92E74E3F8DDBCA0A3FBA68F3CF3.e.6830"}]}
COMMAND: GET /session/f519eddc2ea26d61ca30e526d103b44b/element/f.A346BA6B978C9328C0C2B851E75B8348.d.88E2A92E74E3F8DDBCA0A3FBA68F3CF3.e.6829/attribute/aria-checked - {}
COMMAND: GET /session/f519eddc2ea26d61ca30e526d103b44b/screenshot - {}
RESULT: {}
COMMAND: POST /session/f519eddc2ea26d61ca30e526d103b44b/element - {"using":"xpath","value":"//table[contains(@id, \"listView-innerSelectionPanelTable-listUl\")]/tbody/tr[19]/td[2]/div/div"}
RESULT: {}
RESULT: {"using":"xpath","value":"//table[contains(@id, \"listView-innerSelectionPanelTable-listUl\")]/tbody/tr[19]/td[2]/div/div"}
COMMAND: POST /session/f519eddc2ea26d61ca30e526d103b44b/element - {"using":"xpath","value":"//table[contains(@id, \"listView-innerSelectionPanelTable-listUl\")]/tbody/tr[19]/td[2]/div"}
RESULT: {"using":"xpath","value":"//table[contains(@id, \"listView-innerSelectionPanelTable-listUl\")]/tbody/tr[19]/td[2]/div"}
COMMAND: POST /session/f519eddc2ea26d61ca30e526d103b44b/element - {"using":"xpath","value":"//table[contains(@id, \"listView-innerSelectionPanelTable-listUl\")]/tbody/tr[19]/td[3]/div/div/span/span[1]/bdi"}
RESULT: {"using":"xpath","value":"//table[contains(@id, \"listView-innerSelectionPanelTable-listUl\")]/tbody/tr[19]/td[3]/div/div/span/span[1]/bdi"}
COMMAND: POST /session/f519eddc2ea26d61ca30e526d103b44b/execute/sync - {"script":"<script> [56 bytes]","args":[{"element-6066-11e4-a52e-4f735466cecf":"f.A346BA6B978C9328C0C2B851E75B8348.d.88E2A92E74E3F8DDBCA0A3FBA68F3CF3.e.6833","ELEMENT":"f.A346BA6B978C9328C0C2B851E75B8348.d.88E2A92E74E3F8DDBCA0A3FBA68F3CF3.e.6833"}]}
RESULT: {"script":"<script> [56 bytes]","args":[{"element-6066-11e4-a52e-4f735466cecf":"f.A346BA6B978C9328C0C2B851E75B8348.d.88E2A92E74E3F8DDBCA0A3FBA68F3CF3.e.6833","ELEMENT":"f.A346BA6B978C9328C0C2B851E75B8348.d.88E2A92E74E3F8DDBCA0A3FBA68F3CF3.e.6833"}]}
COMMAND: GET /session/f519eddc2ea26d61ca30e526d103b44b/element/f.A346BA6B978C9328C0C2B851E75B8348.d.88E2A92E74E3F8DDBCA0A3FBA68F3CF3.e.6832/attribute/aria-checked - {}
COMMAND: GET /session/f519eddc2ea26d61ca30e526d103b44b/screenshot - {}
RESULT: {}
COMMAND: POST /session/f519eddc2ea26d61ca30e526d103b44b/element - {"using":"xpath","value":"//table[contains(@id, \"listView-innerSelectionPanelTable-listUl\")]/tbody/tr[20]/td[2]/div/div"}
RESULT: {}
RESULT: {"using":"xpath","value":"//table[contains(@id, \"listView-innerSelectionPanelTable-listUl\")]/tbody/tr[20]/td[2]/div/div"}
COMMAND: POST /session/f519eddc2ea26d61ca30e526d103b44b/element - {"using":"xpath","value":"//table[contains(@id, \"listView-innerSelectionPanelTable-listUl\")]/tbody/tr[20]/td[2]/div"}
RESULT: {"using":"xpath","value":"//table[contains(@id, \"listView-innerSelectionPanelTable-listUl\")]/tbody/tr[20]/td[2]/div"}
COMMAND: POST /session/f519eddc2ea26d61ca30e526d103b44b/element - {"using":"xpath","value":"//table[contains(@id, \"listView-innerSelectionPanelTable-listUl\")]/tbody/tr[20]/td[3]/div/div/span/span[1]/bdi"}
RESULT: {"using":"xpath","value":"//table[contains(@id, \"listView-innerSelectionPanelTable-listUl\")]/tbody/tr[20]/td[3]/div/div/span/span[1]/bdi"}
COMMAND: POST /session/f519eddc2ea26d61ca30e526d103b44b/execute/sync - {"script":"<script> [56 bytes]","args":[{"element-6066-11e4-a52e-4f735466cecf":"f.A346BA6B978C9328C0C2B851E75B8348.d.88E2A92E74E3F8DDBCA0A3FBA68F3CF3.e.6836","ELEMENT":"f.A346BA6B978C9328C0C2B851E75B8348.d.88E2A92E74E3F8DDBCA0A3FBA68F3CF3.e.6836"}]}
RESULT: {"script":"<script> [56 bytes]","args":[{"element-6066-11e4-a52e-4f735466cecf":"f.A346BA6B978C9328C0C2B851E75B8348.d.88E2A92E74E3F8DDBCA0A3FBA68F3CF3.e.6836","ELEMENT":"f.A346BA6B978C9328C0C2B851E75B8348.d.88E2A92E74E3F8DDBCA0A3FBA68F3CF3.e.6836"}]}
COMMAND: GET /session/f519eddc2ea26d61ca30e526d103b44b/element/f.A346BA6B978C9328C0C2B851E75B8348.d.88E2A92E74E3F8DDBCA0A3FBA68F3CF3.e.6835/attribute/aria-checked - {}
COMMAND: GET /session/f519eddc2ea26d61ca30e526d103b44b/screenshot - {}
RESULT: {}
COMMAND: POST /session/f519eddc2ea26d61ca30e526d103b44b/element - {"using":"xpath","value":"//table[contains(@id, \"listView-innerSelectionPanelTable-listUl\")]/tbody/tr[21]/td[2]/div/div"}
RESULT: {}
RESULT: {"using":"xpath","value":"//table[contains(@id, \"listView-innerSelectionPanelTable-listUl\")]/tbody/tr[21]/td[2]/div/div"}
COMMAND: POST /session/f519eddc2ea26d61ca30e526d103b44b/element - {"using":"xpath","value":"//table[contains(@id, \"listView-innerSelectionPanelTable-listUl\")]/tbody/tr[21]/td[2]/div"}
RESULT: {"using":"xpath","value":"//table[contains(@id, \"listView-innerSelectionPanelTable-listUl\")]/tbody/tr[21]/td[2]/div"}
COMMAND: POST /session/f519eddc2ea26d61ca30e526d103b44b/element - {"using":"xpath","value":"//table[contains(@id, \"listView-innerSelectionPanelTable-listUl\")]/tbody/tr[21]/td[3]/div/div/span/span[1]/bdi"}
RESULT: {"using":"xpath","value":"//table[contains(@id, \"listView-innerSelectionPanelTable-listUl\")]/tbody/tr[21]/td[3]/div/div/span/span[1]/bdi"}
COMMAND: POST /session/f519eddc2ea26d61ca30e526d103b44b/execute/sync - {"script":"<script> [56 bytes]","args":[{"element-6066-11e4-a52e-4f735466cecf":"f.A346BA6B978C9328C0C2B851E75B8348.d.88E2A92E74E3F8DDBCA0A3FBA68F3CF3.e.6839","ELEMENT":"f.A346BA6B978C9328C0C2B851E75B8348.d.88E2A92E74E3F8DDBCA0A3FBA68F3CF3.e.6839"}]}
RESULT: {"script":"<script> [56 bytes]","args":[{"element-6066-11e4-a52e-4f735466cecf":"f.A346BA6B978C9328C0C2B851E75B8348.d.88E2A92E74E3F8DDBCA0A3FBA68F3CF3.e.6839","ELEMENT":"f.A346BA6B978C9328C0C2B851E75B8348.d.88E2A92E74E3F8DDBCA0A3FBA68F3CF3.e.6839"}]}
COMMAND: GET /session/f519eddc2ea26d61ca30e526d103b44b/element/f.A346BA6B978C9328C0C2B851E75B8348.d.88E2A92E74E3F8DDBCA0A3FBA68F3CF3.e.6838/attribute/aria-checked - {}
COMMAND: GET /session/f519eddc2ea26d61ca30e526d103b44b/screenshot - {}
RESULT: {}
COMMAND: POST /session/f519eddc2ea26d61ca30e526d103b44b/element - {"using":"xpath","value":"//table[contains(@id, \"listView-innerSelectionPanelTable-listUl\")]/tbody/tr[22]/td[2]/div/div"}
RESULT: {}
RESULT: {"using":"xpath","value":"//table[contains(@id, \"listView-innerSelectionPanelTable-listUl\")]/tbody/tr[22]/td[2]/div/div"}
COMMAND: POST /session/f519eddc2ea26d61ca30e526d103b44b/element - {"using":"xpath","value":"//table[contains(@id, \"listView-innerSelectionPanelTable-listUl\")]/tbody/tr[22]/td[2]/div"}
RESULT: {"using":"xpath","value":"//table[contains(@id, \"listView-innerSelectionPanelTable-listUl\")]/tbody/tr[22]/td[2]/div"}
COMMAND: POST /session/f519eddc2ea26d61ca30e526d103b44b/element - {"using":"xpath","value":"//table[contains(@id, \"listView-innerSelectionPanelTable-listUl\")]/tbody/tr[22]/td[3]/div/div/span/span[1]/bdi"}
RESULT: {"using":"xpath","value":"//table[contains(@id, \"listView-innerSelectionPanelTable-listUl\")]/tbody/tr[22]/td[3]/div/div/span/span[1]/bdi"}
COMMAND: POST /session/f519eddc2ea26d61ca30e526d103b44b/execute/sync - {"script":"<script> [56 bytes]","args":[{"element-6066-11e4-a52e-4f735466cecf":"f.A346BA6B978C9328C0C2B851E75B8348.d.88E2A92E74E3F8DDBCA0A3FBA68F3CF3.e.6842","ELEMENT":"f.A346BA6B978C9328C0C2B851E75B8348.d.88E2A92E74E3F8DDBCA0A3FBA68F3CF3.e.6842"}]}
RESULT: {"script":"<script> [56 bytes]","args":[{"element-6066-11e4-a52e-4f735466cecf":"f.A346BA6B978C9328C0C2B851E75B8348.d.88E2A92E74E3F8DDBCA0A3FBA68F3CF3.e.6842","ELEMENT":"f.A346BA6B978C9328C0C2B851E75B8348.d.88E2A92E74E3F8DDBCA0A3FBA68F3CF3.e.6842"}]}
COMMAND: GET /session/f519eddc2ea26d61ca30e526d103b44b/element/f.A346BA6B978C9328C0C2B851E75B8348.d.88E2A92E74E3F8DDBCA0A3FBA68F3CF3.e.6841/attribute/aria-checked - {}
COMMAND: GET /session/f519eddc2ea26d61ca30e526d103b44b/screenshot - {}
RESULT: {}
COMMAND: POST /session/f519eddc2ea26d61ca30e526d103b44b/element - {"using":"xpath","value":"//table[contains(@id, \"listView-innerSelectionPanelTable-listUl\")]/tbody/tr[23]/td[2]/div/div"}
RESULT: {}
RESULT: {"using":"xpath","value":"//table[contains(@id, \"listView-innerSelectionPanelTable-listUl\")]/tbody/tr[23]/td[2]/div/div"}
COMMAND: POST /session/f519eddc2ea26d61ca30e526d103b44b/element - {"using":"xpath","value":"//table[contains(@id, \"listView-innerSelectionPanelTable-listUl\")]/tbody/tr[23]/td[2]/div"}
RESULT: {"using":"xpath","value":"//table[contains(@id, \"listView-innerSelectionPanelTable-listUl\")]/tbody/tr[23]/td[2]/div"}
COMMAND: POST /session/f519eddc2ea26d61ca30e526d103b44b/element - {"using":"xpath","value":"//table[contains(@id, \"listView-innerSelectionPanelTable-listUl\")]/tbody/tr[23]/td[3]/div/div/span/span[1]/bdi"}
RESULT: {"using":"xpath","value":"//table[contains(@id, \"listView-innerSelectionPanelTable-listUl\")]/tbody/tr[23]/td[3]/div/div/span/span[1]/bdi"}
COMMAND: POST /session/f519eddc2ea26d61ca30e526d103b44b/execute/sync - {"script":"<script> [56 bytes]","args":[{"element-6066-11e4-a52e-4f735466cecf":"f.A346BA6B978C9328C0C2B851E75B8348.d.88E2A92E74E3F8DDBCA0A3FBA68F3CF3.e.6845","ELEMENT":"f.A346BA6B978C9328C0C2B851E75B8348.d.88E2A92E74E3F8DDBCA0A3FBA68F3CF3.e.6845"}]}
RESULT: {"script":"<script> [56 bytes]","args":[{"element-6066-11e4-a52e-4f735466cecf":"f.A346BA6B978C9328C0C2B851E75B8348.d.88E2A92E74E3F8DDBCA0A3FBA68F3CF3.e.6845","ELEMENT":"f.A346BA6B978C9328C0C2B851E75B8348.d.88E2A92E74E3F8DDBCA0A3FBA68F3CF3.e.6845"}]}
COMMAND: GET /session/f519eddc2ea26d61ca30e526d103b44b/element/f.A346BA6B978C9328C0C2B851E75B8348.d.88E2A92E74E3F8DDBCA0A3FBA68F3CF3.e.6844/attribute/aria-checked - {}
COMMAND: GET /session/f519eddc2ea26d61ca30e526d103b44b/screenshot - {}
RESULT: {}
COMMAND: POST /session/f519eddc2ea26d61ca30e526d103b44b/element - {"using":"xpath","value":"//table[contains(@id, \"listView-innerSelectionPanelTable-listUl\")]/tbody/tr[24]/td[2]/div/div"}
RESULT: {}
RESULT: {"using":"xpath","value":"//table[contains(@id, \"listView-innerSelectionPanelTable-listUl\")]/tbody/tr[24]/td[2]/div/div"}
COMMAND: POST /session/f519eddc2ea26d61ca30e526d103b44b/element - {"using":"xpath","value":"//table[contains(@id, \"listView-innerSelectionPanelTable-listUl\")]/tbody/tr[24]/td[2]/div"}
RESULT: {"using":"xpath","value":"//table[contains(@id, \"listView-innerSelectionPanelTable-listUl\")]/tbody/tr[24]/td[2]/div"}
COMMAND: POST /session/f519eddc2ea26d61ca30e526d103b44b/element - {"using":"xpath","value":"//table[contains(@id, \"listView-innerSelectionPanelTable-listUl\")]/tbody/tr[24]/td[3]/div/div/span/span[1]/bdi"}
RESULT: {"using":"xpath","value":"//table[contains(@id, \"listView-innerSelectionPanelTable-listUl\")]/tbody/tr[24]/td[3]/div/div/span/span[1]/bdi"}
COMMAND: POST /session/f519eddc2ea26d61ca30e526d103b44b/execute/sync - {"script":"<script> [56 bytes]","args":[{"element-6066-11e4-a52e-4f735466cecf":"f.A346BA6B978C9328C0C2B851E75B8348.d.88E2A92E74E3F8DDBCA0A3FBA68F3CF3.e.6848","ELEMENT":"f.A346BA6B978C9328C0C2B851E75B8348.d.88E2A92E74E3F8DDBCA0A3FBA68F3CF3.e.6848"}]}
RESULT: {"script":"<script> [56 bytes]","args":[{"element-6066-11e4-a52e-4f735466cecf":"f.A346BA6B978C9328C0C2B851E75B8348.d.88E2A92E74E3F8DDBCA0A3FBA68F3CF3.e.6848","ELEMENT":"f.A346BA6B978C9328C0C2B851E75B8348.d.88E2A92E74E3F8DDBCA0A3FBA68F3CF3.e.6848"}]}
COMMAND: GET /session/f519eddc2ea26d61ca30e526d103b44b/element/f.A346BA6B978C9328C0C2B851E75B8348.d.88E2A92E74E3F8DDBCA0A3FBA68F3CF3.e.6847/attribute/aria-checked - {}
COMMAND: GET /session/f519eddc2ea26d61ca30e526d103b44b/screenshot - {}
RESULT: {}
COMMAND: POST /session/f519eddc2ea26d61ca30e526d103b44b/element - {"using":"xpath","value":"//table[contains(@id, \"listView-innerSelectionPanelTable-listUl\")]/tbody/tr[25]/td[2]/div/div"}
RESULT: {}
RESULT: {"using":"xpath","value":"//table[contains(@id, \"listView-innerSelectionPanelTable-listUl\")]/tbody/tr[25]/td[2]/div/div"}
COMMAND: POST /session/f519eddc2ea26d61ca30e526d103b44b/element - {"using":"xpath","value":"//table[contains(@id, \"listView-innerSelectionPanelTable-listUl\")]/tbody/tr[25]/td[2]/div"}
RESULT: {"using":"xpath","value":"//table[contains(@id, \"listView-innerSelectionPanelTable-listUl\")]/tbody/tr[25]/td[2]/div"}
COMMAND: POST /session/f519eddc2ea26d61ca30e526d103b44b/element - {"using":"xpath","value":"//table[contains(@id, \"listView-innerSelectionPanelTable-listUl\")]/tbody/tr[25]/td[3]/div/div/span/span[1]/bdi"}
RESULT: {"using":"xpath","value":"//table[contains(@id, \"listView-innerSelectionPanelTable-listUl\")]/tbody/tr[25]/td[3]/div/div/span/span[1]/bdi"}
COMMAND: POST /session/f519eddc2ea26d61ca30e526d103b44b/execute/sync - {"script":"<script> [56 bytes]","args":[{"element-6066-11e4-a52e-4f735466cecf":"f.A346BA6B978C9328C0C2B851E75B8348.d.88E2A92E74E3F8DDBCA0A3FBA68F3CF3.e.6851","ELEMENT":"f.A346BA6B978C9328C0C2B851E75B8348.d.88E2A92E74E3F8DDBCA0A3FBA68F3CF3.e.6851"}]}
RESULT: {"script":"<script> [56 bytes]","args":[{"element-6066-11e4-a52e-4f735466cecf":"f.A346BA6B978C9328C0C2B851E75B8348.d.88E2A92E74E3F8DDBCA0A3FBA68F3CF3.e.6851","ELEMENT":"f.A346BA6B978C9328C0C2B851E75B8348.d.88E2A92E74E3F8DDBCA0A3FBA68F3CF3.e.6851"}]}
COMMAND: GET /session/f519eddc2ea26d61ca30e526d103b44b/element/f.A346BA6B978C9328C0C2B851E75B8348.d.88E2A92E74E3F8DDBCA0A3FBA68F3CF3.e.6850/attribute/aria-checked - {}
COMMAND: GET /session/f519eddc2ea26d61ca30e526d103b44b/screenshot - {}
RESULT: {}
COMMAND: POST /session/f519eddc2ea26d61ca30e526d103b44b/element - {"using":"xpath","value":"//bdi[contains(text(), \"OK\")]"}
RESULT: {}
RESULT: {"using":"xpath","value":"//bdi[contains(text(), \"OK\")]"}
COMMAND: POST /session/f519eddc2ea26d61ca30e526d103b44b/element/f.A346BA6B978C9328C0C2B851E75B8348.d.88E2A92E74E3F8DDBCA0A3FBA68F3CF3.e.6852/click - {}
RESULT: {}
COMMAND: GET /session/f519eddc2ea26d61ca30e526d103b44b/screenshot - {}
RESULT: {}
COMMAND: POST /session/f519eddc2ea26d61ca30e526d103b44b/execute/async - {"script":"<script> [1562 bytes]","args":[{"selector":{"id":"application-managepartners-display-component---masterPtm--smartFilterBar-filterItemControlA_-LINK_TO_ADDRESSES_MAIN.CITY1-vhi"},"wdio_ui5_key":"applicationmanagepartners-display-component---masterPtm--smartFilterBar-filterItemControlA_-LINK_TO_ADDRESSES_MAIN.CITY1-vhi"}]}
RESULT: {"script":"<script> [1562 bytes]","args":[{"selector":{"id":"application-managepartners-display-component---masterPtm--smartFilterBar-filterItemControlA_-LINK_TO_ADDRESSES_MAIN.CITY1-vhi"},"wdio_ui5_key":"applicationmanagepartners-display-component---masterPtm--smartFilterBar-filterItemControlA_-LINK_TO_ADDRESSES_MAIN.CITY1-vhi"}]}
RESULT: undefined
COMMAND: POST /session/f519eddc2ea26d61ca30e526d103b44b/element - {"using":"xpath","value":"//*[@id=\"application-managepartners-display-component---masterPtm--smartFilterBar-filterItemControlA_-LINK_TO_ADDRESSES_MAIN.CITY1-vhi\"]"}
RESULT: {"using":"xpath","value":"//*[@id=\"application-managepartners-display-component---masterPtm--smartFilterBar-filterItemControlA_-LINK_TO_ADDRESSES_MAIN.CITY1-vhi\"]"}
COMMAND: POST /session/f519eddc2ea26d61ca30e526d103b44b/element/f.A346BA6B978C9328C0C2B851E75B8348.d.88E2A92E74E3F8DDBCA0A3FBA68F3CF3.e.6866/click - {}
RESULT: {}
COMMAND: GET /session/f519eddc2ea26d61ca30e526d103b44b/screenshot - {}
RESULT: {}
COMMAND: POST /session/f519eddc2ea26d61ca30e526d103b44b/execute/async - {"script":"<script> [1562 bytes]","args":[{"selector":{"controlType":"sap.m.Input","viewName":"etm.portal.ui.managepartners.view.Master","viewId":"application-managepartners-display-component---masterPtm","properties":{"valueState":"None"},"searchOpenDialogs":true,"interaction":{"idSuffix":"inner"}},"wdio_ui5_key":"etmportal.ui.managepartners.view.Mastersap.m.Input{\"valueState\":\"None\"}"}]}
RESULT: {"script":"<script> [1562 bytes]","args":[{"selector":{"controlType":"sap.m.Input","viewName":"etm.portal.ui.managepartners.view.Master","viewId":"application-managepartners-display-component---masterPtm","properties":{"valueState":"None"},"searchOpenDialogs":true,"interaction":{"idSuffix":"inner"}},"wdio_ui5_key":"etmportal.ui.managepartners.view.Mastersap.m.Input{\"valueState\":\"None\"}"}]}
RESULT: undefined
COMMAND: POST /session/f519eddc2ea26d61ca30e526d103b44b/execute/async - {"script":"<script> [776 bytes]","args":[{"enterText":"Bangalore","selector":{"controlType":"sap.m.Input","viewName":"etm.portal.ui.managepartners.view.Master","viewId":"application-managepartners-display-component---masterPtm","properties":{"valueState":"None"},"searchOpenDialogs":true,"interaction":{"idSuffix":"inner"}},"clearTextFirst":true,"interactionType":"ENTER_TEXT"}]}
RESULT: {"script":"<script> [776 bytes]","args":[{"enterText":"Bangalore","selector":{"controlType":"sap.m.Input","viewName":"etm.portal.ui.managepartners.view.Master","viewId":"application-managepartners-display-component---masterPtm","properties":{"valueState":"None"},"searchOpenDialogs":true,"interaction":{"idSuffix":"inner"}},"clearTextFirst":true,"interactionType":"ENTER_TEXT"}]}
COMMAND: POST /session/f519eddc2ea26d61ca30e526d103b44b/actions - {"actions":[{"id":"action21","type":"key","parameters":{},"actions":[{"type":"keyDown","value":"î€‡"},{"type":"pause","duration":10},{"type":"keyUp","value":"î€‡"}]}]}
RESULT: {"actions":[{"id":"action21","type":"key","parameters":{},"actions":[{"type":"keyDown","value":"î€‡"},{"type":"pause","duration":10},{"type":"keyUp","value":"î€‡"}]}]}
COMMAND: GET /session/f519eddc2ea26d61ca30e526d103b44b/screenshot - {}
RESULT: {}
COMMAND: POST /session/f519eddc2ea26d61ca30e526d103b44b/element - {"using":"xpath","value":"(//bdi[contains(text(), \"OK\")])[1]"}
RESULT: {"using":"xpath","value":"(//bdi[contains(text(), \"OK\")])[1]"}
COMMAND: POST /session/f519eddc2ea26d61ca30e526d103b44b/element/f.A346BA6B978C9328C0C2B851E75B8348.d.88E2A92E74E3F8DDBCA0A3FBA68F3CF3.e.6872/click - {}
RESULT: {}
COMMAND: GET /session/f519eddc2ea26d61ca30e526d103b44b/screenshot - {}
RESULT: {}
COMMAND: POST /session/f519eddc2ea26d61ca30e526d103b44b/element - {"using":"xpath","value":"//span[@id=\"application-managepartners-display-component---masterPtm--smartTable-header-inner\"]"}
RESULT: {"using":"xpath","value":"//span[@id=\"application-managepartners-display-component---masterPtm--smartTable-header-inner\"]"}
COMMAND: POST /session/f519eddc2ea26d61ca30e526d103b44b/elements - {"using":"xpath","value":"//span[@id=\"application-managepartners-display-component---masterPtm--smartTable-header-inner\"]"}
RESULT: {"using":"xpath","value":"//span[@id=\"application-managepartners-display-component---masterPtm--smartTable-header-inner\"]"}
COMMAND: POST /session/f519eddc2ea26d61ca30e526d103b44b/execute/sync - {"script":"<script> [56 bytes]","args":[{"element-6066-11e4-a52e-4f735466cecf":"f.A346BA6B978C9328C0C2B851E75B8348.d.88E2A92E74E3F8DDBCA0A3FBA68F3CF3.e.6011","ELEMENT":"f.A346BA6B978C9328C0C2B851E75B8348.d.88E2A92E74E3F8DDBCA0A3FBA68F3CF3.e.6011"}]}
RESULT: {"script":"<script> [56 bytes]","args":[{"element-6066-11e4-a52e-4f735466cecf":"f.A346BA6B978C9328C0C2B851E75B8348.d.88E2A92E74E3F8DDBCA0A3FBA68F3CF3.e.6011","ELEMENT":"f.A346BA6B978C9328C0C2B851E75B8348.d.88E2A92E74E3F8DDBCA0A3FBA68F3CF3.e.6011"}]}
COMMAND: POST /session/f519eddc2ea26d61ca30e526d103b44b/element - {"using":"xpath","value":"//span[contains(@title, \"Remove\")]"}
COMMAND: GET /session/f519eddc2ea26d61ca30e526d103b44b/screenshot - {}
RESULT: {"using":"xpath","value":"//span[contains(@title, \"Remove\")]"}
COMMAND: POST /session/f519eddc2ea26d61ca30e526d103b44b/element/f.A346BA6B978C9328C0C2B851E75B8348.d.88E2A92E74E3F8DDBCA0A3FBA68F3CF3.e.6975/click - {}
RESULT: {}
RESULT: {}
COMMAND: GET /session/f519eddc2ea26d61ca30e526d103b44b/screenshot - {}
RESULT: {}
COMMAND: POST /session/f519eddc2ea26d61ca30e526d103b44b/element - {"using":"xpath","value":"//span[@id=\"application-managepartners-display-component---masterPtm--smartTable-header-inner\"]"}
RESULT: {"using":"xpath","value":"//span[@id=\"application-managepartners-display-component---masterPtm--smartTable-header-inner\"]"}
COMMAND: POST /session/f519eddc2ea26d61ca30e526d103b44b/elements - {"using":"xpath","value":"//span[@id=\"application-managepartners-display-component---masterPtm--smartTable-header-inner\"]"}
RESULT: {"using":"xpath","value":"//span[@id=\"application-managepartners-display-component---masterPtm--smartTable-header-inner\"]"}
COMMAND: POST /session/f519eddc2ea26d61ca30e526d103b44b/execute/sync - {"script":"<script> [56 bytes]","args":[{"element-6066-11e4-a52e-4f735466cecf":"f.A346BA6B978C9328C0C2B851E75B8348.d.88E2A92E74E3F8DDBCA0A3FBA68F3CF3.e.6011","ELEMENT":"f.A346BA6B978C9328C0C2B851E75B8348.d.88E2A92E74E3F8DDBCA0A3FBA68F3CF3.e.6011"}]}
RESULT: {"script":"<script> [56 bytes]","args":[{"element-6066-11e4-a52e-4f735466cecf":"f.A346BA6B978C9328C0C2B851E75B8348.d.88E2A92E74E3F8DDBCA0A3FBA68F3CF3.e.6011","ELEMENT":"f.A346BA6B978C9328C0C2B851E75B8348.d.88E2A92E74E3F8DDBCA0A3FBA68F3CF3.e.6011"}]}
COMMAND: POST /session/f519eddc2ea26d61ca30e526d103b44b/element - {"using":"css selector","value":"#shell-header-logo"}
COMMAND: GET /session/f519eddc2ea26d61ca30e526d103b44b/screenshot - {}
RESULT: {"using":"css selector","value":"#shell-header-logo"}
COMMAND: POST /session/f519eddc2ea26d61ca30e526d103b44b/element/f.A346BA6B978C9328C0C2B851E75B8348.d.88E2A92E74E3F8DDBCA0A3FBA68F3CF3.e.5840/click - {}
RESULT: {}
RESULT: {}
COMMAND: GET /session/f519eddc2ea26d61ca30e526d103b44b/screenshot - {}
RESULT: {}
]]></system-out>
    </testcase>
    <testcase classname="chrome.135_0_7049_96.windows.Partner_specific_tests_US150819_US151080_US151654_US151176_US103444_US151078_US151079_US151109_US151174_US151175_US151189" name="Should try to save empty partner US151174" time="42.634">
      <system-out><![CDATA[
COMMAND: POST /session/f519eddc2ea26d61ca30e526d103b44b/element - {"using":"xpath","value":"//li[.//span[text()=\"Manage Partners\"]]"}
RESULT: {"using":"xpath","value":"//li[.//span[text()=\"Manage Partners\"]]"}
COMMAND: POST /session/f519eddc2ea26d61ca30e526d103b44b/element - {"using":"xpath","value":"//li[.//span[text()=\"Manage Partners\"]]"}
RESULT: {"using":"xpath","value":"//li[.//span[text()=\"Manage Partners\"]]"}
COMMAND: POST /session/f519eddc2ea26d61ca30e526d103b44b/element - {"using":"css selector","value":"#shell-header-logo"}
RESULT: {"using":"css selector","value":"#shell-header-logo"}
COMMAND: POST /session/f519eddc2ea26d61ca30e526d103b44b/element/f.A346BA6B978C9328C0C2B851E75B8348.d.88E2A92E74E3F8DDBCA0A3FBA68F3CF3.e.7072/click - {}
COMMAND: POST /session/f519eddc2ea26d61ca30e526d103b44b/execute/sync - {"script":"<script> [8489 bytes]","args":[{"element-6066-11e4-a52e-4f735466cecf":"f.A346BA6B978C9328C0C2B851E75B8348.d.88E2A92E74E3F8DDBCA0A3FBA68F3CF3.e.7072","ELEMENT":"f.A346BA6B978C9328C0C2B851E75B8348.d.88E2A92E74E3F8DDBCA0A3FBA68F3CF3.e.7072"}]}
RESULT: {}
COMMAND: GET /session/f519eddc2ea26d61ca30e526d103b44b/screenshot - {}
RESULT: {"script":"<script> [8489 bytes]","args":[{"element-6066-11e4-a52e-4f735466cecf":"f.A346BA6B978C9328C0C2B851E75B8348.d.88E2A92E74E3F8DDBCA0A3FBA68F3CF3.e.7072","ELEMENT":"f.A346BA6B978C9328C0C2B851E75B8348.d.88E2A92E74E3F8DDBCA0A3FBA68F3CF3.e.7072"}]}
COMMAND: POST /session/f519eddc2ea26d61ca30e526d103b44b/execute/sync - {"script":"<script> [5351 bytes]","args":[{"element-6066-11e4-a52e-4f735466cecf":"f.A346BA6B978C9328C0C2B851E75B8348.d.88E2A92E74E3F8DDBCA0A3FBA68F3CF3.e.7072","ELEMENT":"f.A346BA6B978C9328C0C2B851E75B8348.d.88E2A92E74E3F8DDBCA0A3FBA68F3CF3.e.7072"}]}
COMMAND: GET /session/f519eddc2ea26d61ca30e526d103b44b/screenshot - {}
RESULT: {}
RESULT: {"script":"<script> [5351 bytes]","args":[{"element-6066-11e4-a52e-4f735466cecf":"f.A346BA6B978C9328C0C2B851E75B8348.d.88E2A92E74E3F8DDBCA0A3FBA68F3CF3.e.7072","ELEMENT":"f.A346BA6B978C9328C0C2B851E75B8348.d.88E2A92E74E3F8DDBCA0A3FBA68F3CF3.e.7072"}]}
COMMAND: GET /session/f519eddc2ea26d61ca30e526d103b44b/screenshot - {}
RESULT: {}
RESULT: {}
RESULT: undefined
COMMAND: POST /session/f519eddc2ea26d61ca30e526d103b44b/element - {"using":"xpath","value":"//*[@id=\"__tile30\"]"}
RESULT: {"using":"xpath","value":"//*[@id=\"__tile30\"]"}
COMMAND: POST /session/f519eddc2ea26d61ca30e526d103b44b/element/f.A346BA6B978C9328C0C2B851E75B8348.d.88E2A92E74E3F8DDBCA0A3FBA68F3CF3.e.4503/click - {}
RESULT: {}
COMMAND: POST /session/f519eddc2ea26d61ca30e526d103b44b/element - {"using":"xpath","value":"//button[@data-kt=\"addButton\"]"}
COMMAND: GET /session/f519eddc2ea26d61ca30e526d103b44b/screenshot - {}
RESULT: {"using":"xpath","value":"//button[@data-kt=\"addButton\"]"}
COMMAND: POST /session/f519eddc2ea26d61ca30e526d103b44b/elements - {"using":"xpath","value":"//button[@data-kt=\"addButton\"]"}
RESULT: {}
RESULT: {"using":"xpath","value":"//button[@data-kt=\"addButton\"]"}
COMMAND: POST /session/f519eddc2ea26d61ca30e526d103b44b/elements - {"using":"xpath","value":"//button[@data-kt=\"addButton\"]"}
RESULT: {"using":"xpath","value":"//button[@data-kt=\"addButton\"]"}
COMMAND: POST /session/f519eddc2ea26d61ca30e526d103b44b/element - {"using":"xpath","value":"//button[@data-kt=\"addButton\"]"}
RESULT: {"using":"xpath","value":"//button[@data-kt=\"addButton\"]"}
COMMAND: POST /session/f519eddc2ea26d61ca30e526d103b44b/execute/sync - {"script":"<script> [8489 bytes]","args":[{"element-6066-11e4-a52e-4f735466cecf":"f.A346BA6B978C9328C0C2B851E75B8348.d.88E2A92E74E3F8DDBCA0A3FBA68F3CF3.e.7118","ELEMENT":"f.A346BA6B978C9328C0C2B851E75B8348.d.88E2A92E74E3F8DDBCA0A3FBA68F3CF3.e.7118"}]}
RESULT: {"script":"<script> [8489 bytes]","args":[{"element-6066-11e4-a52e-4f735466cecf":"f.A346BA6B978C9328C0C2B851E75B8348.d.88E2A92E74E3F8DDBCA0A3FBA68F3CF3.e.7118","ELEMENT":"f.A346BA6B978C9328C0C2B851E75B8348.d.88E2A92E74E3F8DDBCA0A3FBA68F3CF3.e.7118"}]}
COMMAND: GET /session/f519eddc2ea26d61ca30e526d103b44b/element/f.A346BA6B978C9328C0C2B851E75B8348.d.88E2A92E74E3F8DDBCA0A3FBA68F3CF3.e.7118/enabled - {}
COMMAND: GET /session/f519eddc2ea26d61ca30e526d103b44b/screenshot - {}
RESULT: {}
COMMAND: POST /session/f519eddc2ea26d61ca30e526d103b44b/execute/sync - {"script":"<script> [8489 bytes]","args":[{"element-6066-11e4-a52e-4f735466cecf":"f.A346BA6B978C9328C0C2B851E75B8348.d.88E2A92E74E3F8DDBCA0A3FBA68F3CF3.e.7118","ELEMENT":"f.A346BA6B978C9328C0C2B851E75B8348.d.88E2A92E74E3F8DDBCA0A3FBA68F3CF3.e.7118"}]}
COMMAND: GET /session/f519eddc2ea26d61ca30e526d103b44b/screenshot - {}
RESULT: {}
RESULT: {"script":"<script> [8489 bytes]","args":[{"element-6066-11e4-a52e-4f735466cecf":"f.A346BA6B978C9328C0C2B851E75B8348.d.88E2A92E74E3F8DDBCA0A3FBA68F3CF3.e.7118","ELEMENT":"f.A346BA6B978C9328C0C2B851E75B8348.d.88E2A92E74E3F8DDBCA0A3FBA68F3CF3.e.7118"}]}
COMMAND: POST /session/f519eddc2ea26d61ca30e526d103b44b/execute/sync - {"script":"<script> [5351 bytes]","args":[{"element-6066-11e4-a52e-4f735466cecf":"f.A346BA6B978C9328C0C2B851E75B8348.d.88E2A92E74E3F8DDBCA0A3FBA68F3CF3.e.7118","ELEMENT":"f.A346BA6B978C9328C0C2B851E75B8348.d.88E2A92E74E3F8DDBCA0A3FBA68F3CF3.e.7118"}]}
COMMAND: GET /session/f519eddc2ea26d61ca30e526d103b44b/screenshot - {}
RESULT: {}
RESULT: {"script":"<script> [5351 bytes]","args":[{"element-6066-11e4-a52e-4f735466cecf":"f.A346BA6B978C9328C0C2B851E75B8348.d.88E2A92E74E3F8DDBCA0A3FBA68F3CF3.e.7118","ELEMENT":"f.A346BA6B978C9328C0C2B851E75B8348.d.88E2A92E74E3F8DDBCA0A3FBA68F3CF3.e.7118"}]}
COMMAND: POST /session/f519eddc2ea26d61ca30e526d103b44b/element/f.A346BA6B978C9328C0C2B851E75B8348.d.88E2A92E74E3F8DDBCA0A3FBA68F3CF3.e.7118/click - {}
COMMAND: GET /session/f519eddc2ea26d61ca30e526d103b44b/screenshot - {}
RESULT: {}
RESULT: {}
COMMAND: GET /session/f519eddc2ea26d61ca30e526d103b44b/screenshot - {}
RESULT: {}
COMMAND: POST /session/f519eddc2ea26d61ca30e526d103b44b/element - {"using":"xpath","value":"//button[@data-kt=\"saveButton\"]"}
RESULT: {}
RESULT: {"using":"xpath","value":"//button[@data-kt=\"saveButton\"]"}
COMMAND: POST /session/f519eddc2ea26d61ca30e526d103b44b/element/f.A346BA6B978C9328C0C2B851E75B8348.d.88E2A92E74E3F8DDBCA0A3FBA68F3CF3.e.7485/click - {}
RESULT: {}
COMMAND: GET /session/f519eddc2ea26d61ca30e526d103b44b/screenshot - {}
RESULT: {}
COMMAND: POST /session/f519eddc2ea26d61ca30e526d103b44b/element - {"using":"xpath","value":"//span[contains(@class, \"sapMMsgBoxText\")]"}
RESULT: {"using":"xpath","value":"//span[contains(@class, \"sapMMsgBoxText\")]"}
COMMAND: POST /session/f519eddc2ea26d61ca30e526d103b44b/execute/sync - {"script":"<script> [56 bytes]","args":[{"element-6066-11e4-a52e-4f735466cecf":"f.A346BA6B978C9328C0C2B851E75B8348.d.88E2A92E74E3F8DDBCA0A3FBA68F3CF3.e.7551","ELEMENT":"f.A346BA6B978C9328C0C2B851E75B8348.d.88E2A92E74E3F8DDBCA0A3FBA68F3CF3.e.7551"}]}
RESULT: {"script":"<script> [56 bytes]","args":[{"element-6066-11e4-a52e-4f735466cecf":"f.A346BA6B978C9328C0C2B851E75B8348.d.88E2A92E74E3F8DDBCA0A3FBA68F3CF3.e.7551","ELEMENT":"f.A346BA6B978C9328C0C2B851E75B8348.d.88E2A92E74E3F8DDBCA0A3FBA68F3CF3.e.7551"}]}
COMMAND: POST /session/f519eddc2ea26d61ca30e526d103b44b/element - {"using":"xpath","value":"(//bdi[contains(text(), \"Close\")])[1]"}
COMMAND: POST /session/f519eddc2ea26d61ca30e526d103b44b/elements - {"using":"xpath","value":"//span[contains(@class, \"sapMMsgBoxText\")]"}
COMMAND: GET /session/f519eddc2ea26d61ca30e526d103b44b/screenshot - {}
RESULT: {"using":"xpath","value":"(//bdi[contains(text(), \"Close\")])[1]"}
COMMAND: POST /session/f519eddc2ea26d61ca30e526d103b44b/element/f.A346BA6B978C9328C0C2B851E75B8348.d.88E2A92E74E3F8DDBCA0A3FBA68F3CF3.e.7552/click - {}
RESULT: {"using":"xpath","value":"//span[contains(@class, \"sapMMsgBoxText\")]"}
RESULT: {}
RESULT: {}
COMMAND: GET /session/f519eddc2ea26d61ca30e526d103b44b/screenshot - {}
RESULT: {}
COMMAND: POST /session/f519eddc2ea26d61ca30e526d103b44b/element - {"using":"css selector","value":"#shell-header-logo"}
RESULT: {"using":"css selector","value":"#shell-header-logo"}
COMMAND: POST /session/f519eddc2ea26d61ca30e526d103b44b/element/f.A346BA6B978C9328C0C2B851E75B8348.d.88E2A92E74E3F8DDBCA0A3FBA68F3CF3.e.7072/click - {}
RESULT: {}
COMMAND: GET /session/f519eddc2ea26d61ca30e526d103b44b/screenshot - {}
RESULT: {}
]]></system-out>
    </testcase>
    <testcase classname="chrome.135_0_7049_96.windows.Partner_specific_tests_US150819_US151080_US151654_US151176_US103444_US151078_US151079_US151109_US151174_US151175_US151189" name="Should do various searches US151175" time="119.622">
      <skipped />
      <system-out><![CDATA[
COMMAND: POST /session/f519eddc2ea26d61ca30e526d103b44b/element - {"using":"xpath","value":"//li[.//span[text()=\"Manage Partners\"]]"}
RESULT: {"using":"xpath","value":"//li[.//span[text()=\"Manage Partners\"]]"}
COMMAND: POST /session/f519eddc2ea26d61ca30e526d103b44b/element - {"using":"xpath","value":"//li[.//span[text()=\"Manage Partners\"]]"}
RESULT: {"using":"xpath","value":"//li[.//span[text()=\"Manage Partners\"]]"}
COMMAND: POST /session/f519eddc2ea26d61ca30e526d103b44b/element - {"using":"css selector","value":"#shell-header-logo"}
RESULT: {"using":"css selector","value":"#shell-header-logo"}
COMMAND: POST /session/f519eddc2ea26d61ca30e526d103b44b/element/f.A346BA6B978C9328C0C2B851E75B8348.d.88E2A92E74E3F8DDBCA0A3FBA68F3CF3.e.7554/click - {}
COMMAND: POST /session/f519eddc2ea26d61ca30e526d103b44b/execute/sync - {"script":"<script> [8489 bytes]","args":[{"element-6066-11e4-a52e-4f735466cecf":"f.A346BA6B978C9328C0C2B851E75B8348.d.88E2A92E74E3F8DDBCA0A3FBA68F3CF3.e.7554","ELEMENT":"f.A346BA6B978C9328C0C2B851E75B8348.d.88E2A92E74E3F8DDBCA0A3FBA68F3CF3.e.7554"}]}
RESULT: {}
COMMAND: GET /session/f519eddc2ea26d61ca30e526d103b44b/screenshot - {}
RESULT: {"script":"<script> [8489 bytes]","args":[{"element-6066-11e4-a52e-4f735466cecf":"f.A346BA6B978C9328C0C2B851E75B8348.d.88E2A92E74E3F8DDBCA0A3FBA68F3CF3.e.7554","ELEMENT":"f.A346BA6B978C9328C0C2B851E75B8348.d.88E2A92E74E3F8DDBCA0A3FBA68F3CF3.e.7554"}]}
COMMAND: POST /session/f519eddc2ea26d61ca30e526d103b44b/execute/sync - {"script":"<script> [5351 bytes]","args":[{"element-6066-11e4-a52e-4f735466cecf":"f.A346BA6B978C9328C0C2B851E75B8348.d.88E2A92E74E3F8DDBCA0A3FBA68F3CF3.e.7554","ELEMENT":"f.A346BA6B978C9328C0C2B851E75B8348.d.88E2A92E74E3F8DDBCA0A3FBA68F3CF3.e.7554"}]}
COMMAND: GET /session/f519eddc2ea26d61ca30e526d103b44b/screenshot - {}
RESULT: {}
RESULT: {"script":"<script> [5351 bytes]","args":[{"element-6066-11e4-a52e-4f735466cecf":"f.A346BA6B978C9328C0C2B851E75B8348.d.88E2A92E74E3F8DDBCA0A3FBA68F3CF3.e.7554","ELEMENT":"f.A346BA6B978C9328C0C2B851E75B8348.d.88E2A92E74E3F8DDBCA0A3FBA68F3CF3.e.7554"}]}
COMMAND: GET /session/f519eddc2ea26d61ca30e526d103b44b/screenshot - {}
RESULT: {}
RESULT: {}
RESULT: undefined
COMMAND: POST /session/f519eddc2ea26d61ca30e526d103b44b/element - {"using":"xpath","value":"//*[@id=\"__tile30\"]"}
RESULT: {"using":"xpath","value":"//*[@id=\"__tile30\"]"}
COMMAND: POST /session/f519eddc2ea26d61ca30e526d103b44b/element/f.A346BA6B978C9328C0C2B851E75B8348.d.88E2A92E74E3F8DDBCA0A3FBA68F3CF3.e.4503/click - {}
RESULT: {}
COMMAND: POST /session/f519eddc2ea26d61ca30e526d103b44b/element - {"using":"xpath","value":"//button[@data-kt=\"addButton\"]"}
COMMAND: GET /session/f519eddc2ea26d61ca30e526d103b44b/screenshot - {}
RESULT: {"using":"xpath","value":"//button[@data-kt=\"addButton\"]"}
COMMAND: POST /session/f519eddc2ea26d61ca30e526d103b44b/elements - {"using":"xpath","value":"//button[@data-kt=\"addButton\"]"}
RESULT: {}
RESULT: {"using":"xpath","value":"//button[@data-kt=\"addButton\"]"}
COMMAND: POST /session/f519eddc2ea26d61ca30e526d103b44b/execute/sync - {"script":"<script> [8489 bytes]","args":[{"element-6066-11e4-a52e-4f735466cecf":"f.A346BA6B978C9328C0C2B851E75B8348.d.88E2A92E74E3F8DDBCA0A3FBA68F3CF3.e.7599","ELEMENT":"f.A346BA6B978C9328C0C2B851E75B8348.d.88E2A92E74E3F8DDBCA0A3FBA68F3CF3.e.7599"}]}
RESULT: {"script":"<script> [8489 bytes]","args":[{"element-6066-11e4-a52e-4f735466cecf":"f.A346BA6B978C9328C0C2B851E75B8348.d.88E2A92E74E3F8DDBCA0A3FBA68F3CF3.e.7599","ELEMENT":"f.A346BA6B978C9328C0C2B851E75B8348.d.88E2A92E74E3F8DDBCA0A3FBA68F3CF3.e.7599"}]}
COMMAND: GET /session/f519eddc2ea26d61ca30e526d103b44b/element/f.A346BA6B978C9328C0C2B851E75B8348.d.88E2A92E74E3F8DDBCA0A3FBA68F3CF3.e.7599/enabled - {}
COMMAND: GET /session/f519eddc2ea26d61ca30e526d103b44b/screenshot - {}
RESULT: {}
COMMAND: POST /session/f519eddc2ea26d61ca30e526d103b44b/execute/sync - {"script":"<script> [8489 bytes]","args":[{"element-6066-11e4-a52e-4f735466cecf":"f.A346BA6B978C9328C0C2B851E75B8348.d.88E2A92E74E3F8DDBCA0A3FBA68F3CF3.e.7599","ELEMENT":"f.A346BA6B978C9328C0C2B851E75B8348.d.88E2A92E74E3F8DDBCA0A3FBA68F3CF3.e.7599"}]}
COMMAND: GET /session/f519eddc2ea26d61ca30e526d103b44b/screenshot - {}
RESULT: {}
RESULT: {"script":"<script> [8489 bytes]","args":[{"element-6066-11e4-a52e-4f735466cecf":"f.A346BA6B978C9328C0C2B851E75B8348.d.88E2A92E74E3F8DDBCA0A3FBA68F3CF3.e.7599","ELEMENT":"f.A346BA6B978C9328C0C2B851E75B8348.d.88E2A92E74E3F8DDBCA0A3FBA68F3CF3.e.7599"}]}
COMMAND: POST /session/f519eddc2ea26d61ca30e526d103b44b/execute/sync - {"script":"<script> [5351 bytes]","args":[{"element-6066-11e4-a52e-4f735466cecf":"f.A346BA6B978C9328C0C2B851E75B8348.d.88E2A92E74E3F8DDBCA0A3FBA68F3CF3.e.7599","ELEMENT":"f.A346BA6B978C9328C0C2B851E75B8348.d.88E2A92E74E3F8DDBCA0A3FBA68F3CF3.e.7599"}]}
COMMAND: GET /session/f519eddc2ea26d61ca30e526d103b44b/screenshot - {}
RESULT: {}
RESULT: {"script":"<script> [5351 bytes]","args":[{"element-6066-11e4-a52e-4f735466cecf":"f.A346BA6B978C9328C0C2B851E75B8348.d.88E2A92E74E3F8DDBCA0A3FBA68F3CF3.e.7599","ELEMENT":"f.A346BA6B978C9328C0C2B851E75B8348.d.88E2A92E74E3F8DDBCA0A3FBA68F3CF3.e.7599"}]}
COMMAND: GET /session/f519eddc2ea26d61ca30e526d103b44b/screenshot - {}
RESULT: {}
RESULT: {}
COMMAND: POST /session/f519eddc2ea26d61ca30e526d103b44b/element - {"using":"xpath","value":"//span[@id=\"application-managepartners-display-component---masterPtm--smartTable-header-inner\"]"}
RESULT: {"using":"xpath","value":"//span[@id=\"application-managepartners-display-component---masterPtm--smartTable-header-inner\"]"}
COMMAND: POST /session/f519eddc2ea26d61ca30e526d103b44b/elements - {"using":"xpath","value":"//span[@id=\"application-managepartners-display-component---masterPtm--smartTable-header-inner\"]"}
RESULT: {"using":"xpath","value":"//span[@id=\"application-managepartners-display-component---masterPtm--smartTable-header-inner\"]"}
COMMAND: POST /session/f519eddc2ea26d61ca30e526d103b44b/execute/sync - {"script":"<script> [56 bytes]","args":[{"element-6066-11e4-a52e-4f735466cecf":"f.A346BA6B978C9328C0C2B851E75B8348.d.88E2A92E74E3F8DDBCA0A3FBA68F3CF3.e.7725","ELEMENT":"f.A346BA6B978C9328C0C2B851E75B8348.d.88E2A92E74E3F8DDBCA0A3FBA68F3CF3.e.7725"}]}
RESULT: {"script":"<script> [56 bytes]","args":[{"element-6066-11e4-a52e-4f735466cecf":"f.A346BA6B978C9328C0C2B851E75B8348.d.88E2A92E74E3F8DDBCA0A3FBA68F3CF3.e.7725","ELEMENT":"f.A346BA6B978C9328C0C2B851E75B8348.d.88E2A92E74E3F8DDBCA0A3FBA68F3CF3.e.7725"}]}
RESULT: undefined
COMMAND: POST /session/f519eddc2ea26d61ca30e526d103b44b/element - {"using":"xpath","value":"//*[@id=\"application-managepartners-display-component---masterPtm--smartFilterBar-btnFilters\"]"}
COMMAND: GET /session/f519eddc2ea26d61ca30e526d103b44b/screenshot - {}
RESULT: {"using":"xpath","value":"//*[@id=\"application-managepartners-display-component---masterPtm--smartFilterBar-btnFilters\"]"}
COMMAND: POST /session/f519eddc2ea26d61ca30e526d103b44b/element/f.A346BA6B978C9328C0C2B851E75B8348.d.88E2A92E74E3F8DDBCA0A3FBA68F3CF3.e.7564/click - {}
RESULT: {}
RESULT: {}
COMMAND: GET /session/f519eddc2ea26d61ca30e526d103b44b/screenshot - {}
RESULT: {}
COMMAND: POST /session/f519eddc2ea26d61ca30e526d103b44b/elements - {"using":"xpath","value":"//table[contains(@id, \"listView-innerSelectionPanelTable-listUl\")]/tbody/tr"}
RESULT: {"using":"xpath","value":"//table[contains(@id, \"listView-innerSelectionPanelTable-listUl\")]/tbody/tr"}
COMMAND: POST /session/f519eddc2ea26d61ca30e526d103b44b/element - {"using":"xpath","value":"//table[contains(@id, \"listView-innerSelectionPanelTable-listUl\")]/tbody/tr[2]/td[2]/div/div"}
RESULT: {"using":"xpath","value":"//table[contains(@id, \"listView-innerSelectionPanelTable-listUl\")]/tbody/tr[2]/td[2]/div/div"}
COMMAND: POST /session/f519eddc2ea26d61ca30e526d103b44b/element - {"using":"xpath","value":"//table[contains(@id, \"listView-innerSelectionPanelTable-listUl\")]/tbody/tr[2]/td[2]/div"}
RESULT: {"using":"xpath","value":"//table[contains(@id, \"listView-innerSelectionPanelTable-listUl\")]/tbody/tr[2]/td[2]/div"}
COMMAND: POST /session/f519eddc2ea26d61ca30e526d103b44b/element - {"using":"xpath","value":"//table[contains(@id, \"listView-innerSelectionPanelTable-listUl\")]/tbody/tr[2]/td[3]/div/div/span/span[1]/bdi"}
RESULT: {"using":"xpath","value":"//table[contains(@id, \"listView-innerSelectionPanelTable-listUl\")]/tbody/tr[2]/td[3]/div/div/span/span[1]/bdi"}
COMMAND: POST /session/f519eddc2ea26d61ca30e526d103b44b/execute/sync - {"script":"<script> [56 bytes]","args":[{"element-6066-11e4-a52e-4f735466cecf":"f.A346BA6B978C9328C0C2B851E75B8348.d.88E2A92E74E3F8DDBCA0A3FBA68F3CF3.e.7793","ELEMENT":"f.A346BA6B978C9328C0C2B851E75B8348.d.88E2A92E74E3F8DDBCA0A3FBA68F3CF3.e.7793"}]}
RESULT: {"script":"<script> [56 bytes]","args":[{"element-6066-11e4-a52e-4f735466cecf":"f.A346BA6B978C9328C0C2B851E75B8348.d.88E2A92E74E3F8DDBCA0A3FBA68F3CF3.e.7793","ELEMENT":"f.A346BA6B978C9328C0C2B851E75B8348.d.88E2A92E74E3F8DDBCA0A3FBA68F3CF3.e.7793"}]}
COMMAND: GET /session/f519eddc2ea26d61ca30e526d103b44b/element/f.A346BA6B978C9328C0C2B851E75B8348.d.88E2A92E74E3F8DDBCA0A3FBA68F3CF3.e.7792/attribute/aria-checked - {}
COMMAND: GET /session/f519eddc2ea26d61ca30e526d103b44b/screenshot - {}
RESULT: {}
COMMAND: POST /session/f519eddc2ea26d61ca30e526d103b44b/element - {"using":"xpath","value":"//table[contains(@id, \"listView-innerSelectionPanelTable-listUl\")]/tbody/tr[3]/td[2]/div/div"}
RESULT: {}
RESULT: {"using":"xpath","value":"//table[contains(@id, \"listView-innerSelectionPanelTable-listUl\")]/tbody/tr[3]/td[2]/div/div"}
COMMAND: POST /session/f519eddc2ea26d61ca30e526d103b44b/element - {"using":"xpath","value":"//table[contains(@id, \"listView-innerSelectionPanelTable-listUl\")]/tbody/tr[3]/td[2]/div"}
RESULT: {"using":"xpath","value":"//table[contains(@id, \"listView-innerSelectionPanelTable-listUl\")]/tbody/tr[3]/td[2]/div"}
COMMAND: POST /session/f519eddc2ea26d61ca30e526d103b44b/element - {"using":"xpath","value":"//table[contains(@id, \"listView-innerSelectionPanelTable-listUl\")]/tbody/tr[3]/td[3]/div/div/span/span[1]/bdi"}
RESULT: {"using":"xpath","value":"//table[contains(@id, \"listView-innerSelectionPanelTable-listUl\")]/tbody/tr[3]/td[3]/div/div/span/span[1]/bdi"}
COMMAND: POST /session/f519eddc2ea26d61ca30e526d103b44b/execute/sync - {"script":"<script> [56 bytes]","args":[{"element-6066-11e4-a52e-4f735466cecf":"f.A346BA6B978C9328C0C2B851E75B8348.d.88E2A92E74E3F8DDBCA0A3FBA68F3CF3.e.7796","ELEMENT":"f.A346BA6B978C9328C0C2B851E75B8348.d.88E2A92E74E3F8DDBCA0A3FBA68F3CF3.e.7796"}]}
RESULT: {"script":"<script> [56 bytes]","args":[{"element-6066-11e4-a52e-4f735466cecf":"f.A346BA6B978C9328C0C2B851E75B8348.d.88E2A92E74E3F8DDBCA0A3FBA68F3CF3.e.7796","ELEMENT":"f.A346BA6B978C9328C0C2B851E75B8348.d.88E2A92E74E3F8DDBCA0A3FBA68F3CF3.e.7796"}]}
COMMAND: GET /session/f519eddc2ea26d61ca30e526d103b44b/element/f.A346BA6B978C9328C0C2B851E75B8348.d.88E2A92E74E3F8DDBCA0A3FBA68F3CF3.e.7795/attribute/aria-checked - {}
COMMAND: GET /session/f519eddc2ea26d61ca30e526d103b44b/screenshot - {}
RESULT: {}
COMMAND: POST /session/f519eddc2ea26d61ca30e526d103b44b/element - {"using":"xpath","value":"//table[contains(@id, \"listView-innerSelectionPanelTable-listUl\")]/tbody/tr[4]/td[2]/div/div"}
RESULT: {}
RESULT: {"using":"xpath","value":"//table[contains(@id, \"listView-innerSelectionPanelTable-listUl\")]/tbody/tr[4]/td[2]/div/div"}
COMMAND: POST /session/f519eddc2ea26d61ca30e526d103b44b/element - {"using":"xpath","value":"//table[contains(@id, \"listView-innerSelectionPanelTable-listUl\")]/tbody/tr[4]/td[2]/div"}
RESULT: {"using":"xpath","value":"//table[contains(@id, \"listView-innerSelectionPanelTable-listUl\")]/tbody/tr[4]/td[2]/div"}
COMMAND: POST /session/f519eddc2ea26d61ca30e526d103b44b/element - {"using":"xpath","value":"//table[contains(@id, \"listView-innerSelectionPanelTable-listUl\")]/tbody/tr[4]/td[3]/div/div/span/span[1]/bdi"}
RESULT: {"using":"xpath","value":"//table[contains(@id, \"listView-innerSelectionPanelTable-listUl\")]/tbody/tr[4]/td[3]/div/div/span/span[1]/bdi"}
COMMAND: POST /session/f519eddc2ea26d61ca30e526d103b44b/execute/sync - {"script":"<script> [56 bytes]","args":[{"element-6066-11e4-a52e-4f735466cecf":"f.A346BA6B978C9328C0C2B851E75B8348.d.88E2A92E74E3F8DDBCA0A3FBA68F3CF3.e.7799","ELEMENT":"f.A346BA6B978C9328C0C2B851E75B8348.d.88E2A92E74E3F8DDBCA0A3FBA68F3CF3.e.7799"}]}
RESULT: {"script":"<script> [56 bytes]","args":[{"element-6066-11e4-a52e-4f735466cecf":"f.A346BA6B978C9328C0C2B851E75B8348.d.88E2A92E74E3F8DDBCA0A3FBA68F3CF3.e.7799","ELEMENT":"f.A346BA6B978C9328C0C2B851E75B8348.d.88E2A92E74E3F8DDBCA0A3FBA68F3CF3.e.7799"}]}
COMMAND: GET /session/f519eddc2ea26d61ca30e526d103b44b/element/f.A346BA6B978C9328C0C2B851E75B8348.d.88E2A92E74E3F8DDBCA0A3FBA68F3CF3.e.7798/attribute/aria-checked - {}
COMMAND: GET /session/f519eddc2ea26d61ca30e526d103b44b/screenshot - {}
RESULT: {}
COMMAND: POST /session/f519eddc2ea26d61ca30e526d103b44b/element - {"using":"xpath","value":"//table[contains(@id, \"listView-innerSelectionPanelTable-listUl\")]/tbody/tr[5]/td[2]/div/div"}
RESULT: {}
RESULT: {"using":"xpath","value":"//table[contains(@id, \"listView-innerSelectionPanelTable-listUl\")]/tbody/tr[5]/td[2]/div/div"}
COMMAND: POST /session/f519eddc2ea26d61ca30e526d103b44b/element - {"using":"xpath","value":"//table[contains(@id, \"listView-innerSelectionPanelTable-listUl\")]/tbody/tr[5]/td[2]/div"}
RESULT: {"using":"xpath","value":"//table[contains(@id, \"listView-innerSelectionPanelTable-listUl\")]/tbody/tr[5]/td[2]/div"}
COMMAND: POST /session/f519eddc2ea26d61ca30e526d103b44b/element - {"using":"xpath","value":"//table[contains(@id, \"listView-innerSelectionPanelTable-listUl\")]/tbody/tr[5]/td[3]/div/div/span/span[1]/bdi"}
RESULT: {"using":"xpath","value":"//table[contains(@id, \"listView-innerSelectionPanelTable-listUl\")]/tbody/tr[5]/td[3]/div/div/span/span[1]/bdi"}
COMMAND: POST /session/f519eddc2ea26d61ca30e526d103b44b/execute/sync - {"script":"<script> [56 bytes]","args":[{"element-6066-11e4-a52e-4f735466cecf":"f.A346BA6B978C9328C0C2B851E75B8348.d.88E2A92E74E3F8DDBCA0A3FBA68F3CF3.e.7802","ELEMENT":"f.A346BA6B978C9328C0C2B851E75B8348.d.88E2A92E74E3F8DDBCA0A3FBA68F3CF3.e.7802"}]}
RESULT: {"script":"<script> [56 bytes]","args":[{"element-6066-11e4-a52e-4f735466cecf":"f.A346BA6B978C9328C0C2B851E75B8348.d.88E2A92E74E3F8DDBCA0A3FBA68F3CF3.e.7802","ELEMENT":"f.A346BA6B978C9328C0C2B851E75B8348.d.88E2A92E74E3F8DDBCA0A3FBA68F3CF3.e.7802"}]}
COMMAND: GET /session/f519eddc2ea26d61ca30e526d103b44b/element/f.A346BA6B978C9328C0C2B851E75B8348.d.88E2A92E74E3F8DDBCA0A3FBA68F3CF3.e.7801/attribute/aria-checked - {}
COMMAND: GET /session/f519eddc2ea26d61ca30e526d103b44b/screenshot - {}
RESULT: {}
COMMAND: POST /session/f519eddc2ea26d61ca30e526d103b44b/element - {"using":"xpath","value":"//table[contains(@id, \"listView-innerSelectionPanelTable-listUl\")]/tbody/tr[6]/td[2]/div/div"}
RESULT: {}
RESULT: {"using":"xpath","value":"//table[contains(@id, \"listView-innerSelectionPanelTable-listUl\")]/tbody/tr[6]/td[2]/div/div"}
COMMAND: POST /session/f519eddc2ea26d61ca30e526d103b44b/element - {"using":"xpath","value":"//table[contains(@id, \"listView-innerSelectionPanelTable-listUl\")]/tbody/tr[6]/td[2]/div"}
RESULT: {"using":"xpath","value":"//table[contains(@id, \"listView-innerSelectionPanelTable-listUl\")]/tbody/tr[6]/td[2]/div"}
COMMAND: POST /session/f519eddc2ea26d61ca30e526d103b44b/element - {"using":"xpath","value":"//table[contains(@id, \"listView-innerSelectionPanelTable-listUl\")]/tbody/tr[6]/td[3]/div/div/span/span[1]/bdi"}
RESULT: {"using":"xpath","value":"//table[contains(@id, \"listView-innerSelectionPanelTable-listUl\")]/tbody/tr[6]/td[3]/div/div/span/span[1]/bdi"}
COMMAND: POST /session/f519eddc2ea26d61ca30e526d103b44b/execute/sync - {"script":"<script> [56 bytes]","args":[{"element-6066-11e4-a52e-4f735466cecf":"f.A346BA6B978C9328C0C2B851E75B8348.d.88E2A92E74E3F8DDBCA0A3FBA68F3CF3.e.7805","ELEMENT":"f.A346BA6B978C9328C0C2B851E75B8348.d.88E2A92E74E3F8DDBCA0A3FBA68F3CF3.e.7805"}]}
RESULT: {"script":"<script> [56 bytes]","args":[{"element-6066-11e4-a52e-4f735466cecf":"f.A346BA6B978C9328C0C2B851E75B8348.d.88E2A92E74E3F8DDBCA0A3FBA68F3CF3.e.7805","ELEMENT":"f.A346BA6B978C9328C0C2B851E75B8348.d.88E2A92E74E3F8DDBCA0A3FBA68F3CF3.e.7805"}]}
COMMAND: GET /session/f519eddc2ea26d61ca30e526d103b44b/element/f.A346BA6B978C9328C0C2B851E75B8348.d.88E2A92E74E3F8DDBCA0A3FBA68F3CF3.e.7804/attribute/aria-checked - {}
COMMAND: GET /session/f519eddc2ea26d61ca30e526d103b44b/screenshot - {}
RESULT: {}
COMMAND: POST /session/f519eddc2ea26d61ca30e526d103b44b/element - {"using":"xpath","value":"//table[contains(@id, \"listView-innerSelectionPanelTable-listUl\")]/tbody/tr[7]/td[2]/div/div"}
RESULT: {}
RESULT: {"using":"xpath","value":"//table[contains(@id, \"listView-innerSelectionPanelTable-listUl\")]/tbody/tr[7]/td[2]/div/div"}
COMMAND: POST /session/f519eddc2ea26d61ca30e526d103b44b/element - {"using":"xpath","value":"//table[contains(@id, \"listView-innerSelectionPanelTable-listUl\")]/tbody/tr[7]/td[2]/div"}
RESULT: {"using":"xpath","value":"//table[contains(@id, \"listView-innerSelectionPanelTable-listUl\")]/tbody/tr[7]/td[2]/div"}
COMMAND: POST /session/f519eddc2ea26d61ca30e526d103b44b/element - {"using":"xpath","value":"//table[contains(@id, \"listView-innerSelectionPanelTable-listUl\")]/tbody/tr[7]/td[3]/div/div/span/span[1]/bdi"}
RESULT: {"using":"xpath","value":"//table[contains(@id, \"listView-innerSelectionPanelTable-listUl\")]/tbody/tr[7]/td[3]/div/div/span/span[1]/bdi"}
COMMAND: POST /session/f519eddc2ea26d61ca30e526d103b44b/execute/sync - {"script":"<script> [56 bytes]","args":[{"element-6066-11e4-a52e-4f735466cecf":"f.A346BA6B978C9328C0C2B851E75B8348.d.88E2A92E74E3F8DDBCA0A3FBA68F3CF3.e.7808","ELEMENT":"f.A346BA6B978C9328C0C2B851E75B8348.d.88E2A92E74E3F8DDBCA0A3FBA68F3CF3.e.7808"}]}
RESULT: {"script":"<script> [56 bytes]","args":[{"element-6066-11e4-a52e-4f735466cecf":"f.A346BA6B978C9328C0C2B851E75B8348.d.88E2A92E74E3F8DDBCA0A3FBA68F3CF3.e.7808","ELEMENT":"f.A346BA6B978C9328C0C2B851E75B8348.d.88E2A92E74E3F8DDBCA0A3FBA68F3CF3.e.7808"}]}
COMMAND: GET /session/f519eddc2ea26d61ca30e526d103b44b/element/f.A346BA6B978C9328C0C2B851E75B8348.d.88E2A92E74E3F8DDBCA0A3FBA68F3CF3.e.7807/attribute/aria-checked - {}
COMMAND: GET /session/f519eddc2ea26d61ca30e526d103b44b/screenshot - {}
RESULT: {}
COMMAND: POST /session/f519eddc2ea26d61ca30e526d103b44b/element - {"using":"xpath","value":"//table[contains(@id, \"listView-innerSelectionPanelTable-listUl\")]/tbody/tr[8]/td[2]/div/div"}
RESULT: {}
RESULT: {"using":"xpath","value":"//table[contains(@id, \"listView-innerSelectionPanelTable-listUl\")]/tbody/tr[8]/td[2]/div/div"}
COMMAND: POST /session/f519eddc2ea26d61ca30e526d103b44b/element - {"using":"xpath","value":"//table[contains(@id, \"listView-innerSelectionPanelTable-listUl\")]/tbody/tr[8]/td[2]/div"}
RESULT: {"using":"xpath","value":"//table[contains(@id, \"listView-innerSelectionPanelTable-listUl\")]/tbody/tr[8]/td[2]/div"}
COMMAND: POST /session/f519eddc2ea26d61ca30e526d103b44b/element - {"using":"xpath","value":"//table[contains(@id, \"listView-innerSelectionPanelTable-listUl\")]/tbody/tr[8]/td[3]/div/div/span/span[1]/bdi"}
RESULT: {"using":"xpath","value":"//table[contains(@id, \"listView-innerSelectionPanelTable-listUl\")]/tbody/tr[8]/td[3]/div/div/span/span[1]/bdi"}
COMMAND: POST /session/f519eddc2ea26d61ca30e526d103b44b/execute/sync - {"script":"<script> [56 bytes]","args":[{"element-6066-11e4-a52e-4f735466cecf":"f.A346BA6B978C9328C0C2B851E75B8348.d.88E2A92E74E3F8DDBCA0A3FBA68F3CF3.e.7811","ELEMENT":"f.A346BA6B978C9328C0C2B851E75B8348.d.88E2A92E74E3F8DDBCA0A3FBA68F3CF3.e.7811"}]}
RESULT: {"script":"<script> [56 bytes]","args":[{"element-6066-11e4-a52e-4f735466cecf":"f.A346BA6B978C9328C0C2B851E75B8348.d.88E2A92E74E3F8DDBCA0A3FBA68F3CF3.e.7811","ELEMENT":"f.A346BA6B978C9328C0C2B851E75B8348.d.88E2A92E74E3F8DDBCA0A3FBA68F3CF3.e.7811"}]}
COMMAND: GET /session/f519eddc2ea26d61ca30e526d103b44b/element/f.A346BA6B978C9328C0C2B851E75B8348.d.88E2A92E74E3F8DDBCA0A3FBA68F3CF3.e.7810/attribute/aria-checked - {}
COMMAND: GET /session/f519eddc2ea26d61ca30e526d103b44b/screenshot - {}
RESULT: {}
COMMAND: POST /session/f519eddc2ea26d61ca30e526d103b44b/element - {"using":"xpath","value":"//table[contains(@id, \"listView-innerSelectionPanelTable-listUl\")]/tbody/tr[9]/td[2]/div/div"}
RESULT: {}
RESULT: {"using":"xpath","value":"//table[contains(@id, \"listView-innerSelectionPanelTable-listUl\")]/tbody/tr[9]/td[2]/div/div"}
COMMAND: POST /session/f519eddc2ea26d61ca30e526d103b44b/element - {"using":"xpath","value":"//table[contains(@id, \"listView-innerSelectionPanelTable-listUl\")]/tbody/tr[9]/td[2]/div"}
RESULT: {"using":"xpath","value":"//table[contains(@id, \"listView-innerSelectionPanelTable-listUl\")]/tbody/tr[9]/td[2]/div"}
COMMAND: POST /session/f519eddc2ea26d61ca30e526d103b44b/element - {"using":"xpath","value":"//table[contains(@id, \"listView-innerSelectionPanelTable-listUl\")]/tbody/tr[9]/td[3]/div/div/span/span[1]/bdi"}
RESULT: {"using":"xpath","value":"//table[contains(@id, \"listView-innerSelectionPanelTable-listUl\")]/tbody/tr[9]/td[3]/div/div/span/span[1]/bdi"}
COMMAND: POST /session/f519eddc2ea26d61ca30e526d103b44b/execute/sync - {"script":"<script> [56 bytes]","args":[{"element-6066-11e4-a52e-4f735466cecf":"f.A346BA6B978C9328C0C2B851E75B8348.d.88E2A92E74E3F8DDBCA0A3FBA68F3CF3.e.7814","ELEMENT":"f.A346BA6B978C9328C0C2B851E75B8348.d.88E2A92E74E3F8DDBCA0A3FBA68F3CF3.e.7814"}]}
RESULT: {"script":"<script> [56 bytes]","args":[{"element-6066-11e4-a52e-4f735466cecf":"f.A346BA6B978C9328C0C2B851E75B8348.d.88E2A92E74E3F8DDBCA0A3FBA68F3CF3.e.7814","ELEMENT":"f.A346BA6B978C9328C0C2B851E75B8348.d.88E2A92E74E3F8DDBCA0A3FBA68F3CF3.e.7814"}]}
COMMAND: GET /session/f519eddc2ea26d61ca30e526d103b44b/element/f.A346BA6B978C9328C0C2B851E75B8348.d.88E2A92E74E3F8DDBCA0A3FBA68F3CF3.e.7813/attribute/aria-checked - {}
COMMAND: GET /session/f519eddc2ea26d61ca30e526d103b44b/screenshot - {}
RESULT: {}
COMMAND: POST /session/f519eddc2ea26d61ca30e526d103b44b/element - {"using":"xpath","value":"//table[contains(@id, \"listView-innerSelectionPanelTable-listUl\")]/tbody/tr[10]/td[2]/div/div"}
RESULT: {}
RESULT: {"using":"xpath","value":"//table[contains(@id, \"listView-innerSelectionPanelTable-listUl\")]/tbody/tr[10]/td[2]/div/div"}
COMMAND: POST /session/f519eddc2ea26d61ca30e526d103b44b/element - {"using":"xpath","value":"//table[contains(@id, \"listView-innerSelectionPanelTable-listUl\")]/tbody/tr[10]/td[2]/div"}
RESULT: {"using":"xpath","value":"//table[contains(@id, \"listView-innerSelectionPanelTable-listUl\")]/tbody/tr[10]/td[2]/div"}
COMMAND: POST /session/f519eddc2ea26d61ca30e526d103b44b/element - {"using":"xpath","value":"//table[contains(@id, \"listView-innerSelectionPanelTable-listUl\")]/tbody/tr[10]/td[3]/div/div/span/span[1]/bdi"}
RESULT: {"using":"xpath","value":"//table[contains(@id, \"listView-innerSelectionPanelTable-listUl\")]/tbody/tr[10]/td[3]/div/div/span/span[1]/bdi"}
COMMAND: POST /session/f519eddc2ea26d61ca30e526d103b44b/execute/sync - {"script":"<script> [56 bytes]","args":[{"element-6066-11e4-a52e-4f735466cecf":"f.A346BA6B978C9328C0C2B851E75B8348.d.88E2A92E74E3F8DDBCA0A3FBA68F3CF3.e.7817","ELEMENT":"f.A346BA6B978C9328C0C2B851E75B8348.d.88E2A92E74E3F8DDBCA0A3FBA68F3CF3.e.7817"}]}
RESULT: {"script":"<script> [56 bytes]","args":[{"element-6066-11e4-a52e-4f735466cecf":"f.A346BA6B978C9328C0C2B851E75B8348.d.88E2A92E74E3F8DDBCA0A3FBA68F3CF3.e.7817","ELEMENT":"f.A346BA6B978C9328C0C2B851E75B8348.d.88E2A92E74E3F8DDBCA0A3FBA68F3CF3.e.7817"}]}
COMMAND: GET /session/f519eddc2ea26d61ca30e526d103b44b/element/f.A346BA6B978C9328C0C2B851E75B8348.d.88E2A92E74E3F8DDBCA0A3FBA68F3CF3.e.7816/attribute/aria-checked - {}
COMMAND: GET /session/f519eddc2ea26d61ca30e526d103b44b/screenshot - {}
RESULT: {}
COMMAND: POST /session/f519eddc2ea26d61ca30e526d103b44b/element - {"using":"xpath","value":"//table[contains(@id, \"listView-innerSelectionPanelTable-listUl\")]/tbody/tr[11]/td[2]/div/div"}
RESULT: {}
RESULT: {"using":"xpath","value":"//table[contains(@id, \"listView-innerSelectionPanelTable-listUl\")]/tbody/tr[11]/td[2]/div/div"}
COMMAND: POST /session/f519eddc2ea26d61ca30e526d103b44b/element - {"using":"xpath","value":"//table[contains(@id, \"listView-innerSelectionPanelTable-listUl\")]/tbody/tr[11]/td[2]/div"}
RESULT: {"using":"xpath","value":"//table[contains(@id, \"listView-innerSelectionPanelTable-listUl\")]/tbody/tr[11]/td[2]/div"}
COMMAND: POST /session/f519eddc2ea26d61ca30e526d103b44b/element - {"using":"xpath","value":"//table[contains(@id, \"listView-innerSelectionPanelTable-listUl\")]/tbody/tr[11]/td[3]/div/div/span/span[1]/bdi"}
RESULT: {"using":"xpath","value":"//table[contains(@id, \"listView-innerSelectionPanelTable-listUl\")]/tbody/tr[11]/td[3]/div/div/span/span[1]/bdi"}
COMMAND: POST /session/f519eddc2ea26d61ca30e526d103b44b/execute/sync - {"script":"<script> [56 bytes]","args":[{"element-6066-11e4-a52e-4f735466cecf":"f.A346BA6B978C9328C0C2B851E75B8348.d.88E2A92E74E3F8DDBCA0A3FBA68F3CF3.e.7820","ELEMENT":"f.A346BA6B978C9328C0C2B851E75B8348.d.88E2A92E74E3F8DDBCA0A3FBA68F3CF3.e.7820"}]}
RESULT: {"script":"<script> [56 bytes]","args":[{"element-6066-11e4-a52e-4f735466cecf":"f.A346BA6B978C9328C0C2B851E75B8348.d.88E2A92E74E3F8DDBCA0A3FBA68F3CF3.e.7820","ELEMENT":"f.A346BA6B978C9328C0C2B851E75B8348.d.88E2A92E74E3F8DDBCA0A3FBA68F3CF3.e.7820"}]}
COMMAND: GET /session/f519eddc2ea26d61ca30e526d103b44b/element/f.A346BA6B978C9328C0C2B851E75B8348.d.88E2A92E74E3F8DDBCA0A3FBA68F3CF3.e.7819/attribute/aria-checked - {}
COMMAND: GET /session/f519eddc2ea26d61ca30e526d103b44b/screenshot - {}
RESULT: {}
COMMAND: POST /session/f519eddc2ea26d61ca30e526d103b44b/element - {"using":"xpath","value":"//table[contains(@id, \"listView-innerSelectionPanelTable-listUl\")]/tbody/tr[12]/td[2]/div/div"}
RESULT: {}
RESULT: {"using":"xpath","value":"//table[contains(@id, \"listView-innerSelectionPanelTable-listUl\")]/tbody/tr[12]/td[2]/div/div"}
COMMAND: POST /session/f519eddc2ea26d61ca30e526d103b44b/element - {"using":"xpath","value":"//table[contains(@id, \"listView-innerSelectionPanelTable-listUl\")]/tbody/tr[12]/td[2]/div"}
RESULT: {"using":"xpath","value":"//table[contains(@id, \"listView-innerSelectionPanelTable-listUl\")]/tbody/tr[12]/td[2]/div"}
COMMAND: POST /session/f519eddc2ea26d61ca30e526d103b44b/element - {"using":"xpath","value":"//table[contains(@id, \"listView-innerSelectionPanelTable-listUl\")]/tbody/tr[12]/td[3]/div/div/span/span[1]/bdi"}
RESULT: {"using":"xpath","value":"//table[contains(@id, \"listView-innerSelectionPanelTable-listUl\")]/tbody/tr[12]/td[3]/div/div/span/span[1]/bdi"}
COMMAND: POST /session/f519eddc2ea26d61ca30e526d103b44b/execute/sync - {"script":"<script> [56 bytes]","args":[{"element-6066-11e4-a52e-4f735466cecf":"f.A346BA6B978C9328C0C2B851E75B8348.d.88E2A92E74E3F8DDBCA0A3FBA68F3CF3.e.7823","ELEMENT":"f.A346BA6B978C9328C0C2B851E75B8348.d.88E2A92E74E3F8DDBCA0A3FBA68F3CF3.e.7823"}]}
RESULT: {"script":"<script> [56 bytes]","args":[{"element-6066-11e4-a52e-4f735466cecf":"f.A346BA6B978C9328C0C2B851E75B8348.d.88E2A92E74E3F8DDBCA0A3FBA68F3CF3.e.7823","ELEMENT":"f.A346BA6B978C9328C0C2B851E75B8348.d.88E2A92E74E3F8DDBCA0A3FBA68F3CF3.e.7823"}]}
COMMAND: GET /session/f519eddc2ea26d61ca30e526d103b44b/element/f.A346BA6B978C9328C0C2B851E75B8348.d.88E2A92E74E3F8DDBCA0A3FBA68F3CF3.e.7822/attribute/aria-checked - {}
COMMAND: GET /session/f519eddc2ea26d61ca30e526d103b44b/screenshot - {}
RESULT: {}
COMMAND: POST /session/f519eddc2ea26d61ca30e526d103b44b/element - {"using":"xpath","value":"//table[contains(@id, \"listView-innerSelectionPanelTable-listUl\")]/tbody/tr[13]/td[2]/div/div"}
RESULT: {}
RESULT: {"using":"xpath","value":"//table[contains(@id, \"listView-innerSelectionPanelTable-listUl\")]/tbody/tr[13]/td[2]/div/div"}
COMMAND: POST /session/f519eddc2ea26d61ca30e526d103b44b/element - {"using":"xpath","value":"//table[contains(@id, \"listView-innerSelectionPanelTable-listUl\")]/tbody/tr[13]/td[2]/div"}
RESULT: {"using":"xpath","value":"//table[contains(@id, \"listView-innerSelectionPanelTable-listUl\")]/tbody/tr[13]/td[2]/div"}
COMMAND: POST /session/f519eddc2ea26d61ca30e526d103b44b/element - {"using":"xpath","value":"//table[contains(@id, \"listView-innerSelectionPanelTable-listUl\")]/tbody/tr[13]/td[3]/div/div/span/span[1]/bdi"}
RESULT: {"using":"xpath","value":"//table[contains(@id, \"listView-innerSelectionPanelTable-listUl\")]/tbody/tr[13]/td[3]/div/div/span/span[1]/bdi"}
COMMAND: POST /session/f519eddc2ea26d61ca30e526d103b44b/execute/sync - {"script":"<script> [56 bytes]","args":[{"element-6066-11e4-a52e-4f735466cecf":"f.A346BA6B978C9328C0C2B851E75B8348.d.88E2A92E74E3F8DDBCA0A3FBA68F3CF3.e.7826","ELEMENT":"f.A346BA6B978C9328C0C2B851E75B8348.d.88E2A92E74E3F8DDBCA0A3FBA68F3CF3.e.7826"}]}
RESULT: {"script":"<script> [56 bytes]","args":[{"element-6066-11e4-a52e-4f735466cecf":"f.A346BA6B978C9328C0C2B851E75B8348.d.88E2A92E74E3F8DDBCA0A3FBA68F3CF3.e.7826","ELEMENT":"f.A346BA6B978C9328C0C2B851E75B8348.d.88E2A92E74E3F8DDBCA0A3FBA68F3CF3.e.7826"}]}
COMMAND: GET /session/f519eddc2ea26d61ca30e526d103b44b/element/f.A346BA6B978C9328C0C2B851E75B8348.d.88E2A92E74E3F8DDBCA0A3FBA68F3CF3.e.7825/attribute/aria-checked - {}
COMMAND: GET /session/f519eddc2ea26d61ca30e526d103b44b/screenshot - {}
RESULT: {}
COMMAND: POST /session/f519eddc2ea26d61ca30e526d103b44b/element - {"using":"xpath","value":"//table[contains(@id, \"listView-innerSelectionPanelTable-listUl\")]/tbody/tr[14]/td[2]/div/div"}
RESULT: {}
RESULT: {"using":"xpath","value":"//table[contains(@id, \"listView-innerSelectionPanelTable-listUl\")]/tbody/tr[14]/td[2]/div/div"}
COMMAND: POST /session/f519eddc2ea26d61ca30e526d103b44b/element - {"using":"xpath","value":"//table[contains(@id, \"listView-innerSelectionPanelTable-listUl\")]/tbody/tr[14]/td[2]/div"}
RESULT: {"using":"xpath","value":"//table[contains(@id, \"listView-innerSelectionPanelTable-listUl\")]/tbody/tr[14]/td[2]/div"}
COMMAND: POST /session/f519eddc2ea26d61ca30e526d103b44b/element - {"using":"xpath","value":"//table[contains(@id, \"listView-innerSelectionPanelTable-listUl\")]/tbody/tr[14]/td[3]/div/div/span/span[1]/bdi"}
RESULT: {"using":"xpath","value":"//table[contains(@id, \"listView-innerSelectionPanelTable-listUl\")]/tbody/tr[14]/td[3]/div/div/span/span[1]/bdi"}
COMMAND: POST /session/f519eddc2ea26d61ca30e526d103b44b/execute/sync - {"script":"<script> [56 bytes]","args":[{"element-6066-11e4-a52e-4f735466cecf":"f.A346BA6B978C9328C0C2B851E75B8348.d.88E2A92E74E3F8DDBCA0A3FBA68F3CF3.e.7829","ELEMENT":"f.A346BA6B978C9328C0C2B851E75B8348.d.88E2A92E74E3F8DDBCA0A3FBA68F3CF3.e.7829"}]}
RESULT: {"script":"<script> [56 bytes]","args":[{"element-6066-11e4-a52e-4f735466cecf":"f.A346BA6B978C9328C0C2B851E75B8348.d.88E2A92E74E3F8DDBCA0A3FBA68F3CF3.e.7829","ELEMENT":"f.A346BA6B978C9328C0C2B851E75B8348.d.88E2A92E74E3F8DDBCA0A3FBA68F3CF3.e.7829"}]}
COMMAND: GET /session/f519eddc2ea26d61ca30e526d103b44b/element/f.A346BA6B978C9328C0C2B851E75B8348.d.88E2A92E74E3F8DDBCA0A3FBA68F3CF3.e.7828/attribute/aria-checked - {}
COMMAND: GET /session/f519eddc2ea26d61ca30e526d103b44b/screenshot - {}
RESULT: {}
COMMAND: POST /session/f519eddc2ea26d61ca30e526d103b44b/element - {"using":"xpath","value":"//table[contains(@id, \"listView-innerSelectionPanelTable-listUl\")]/tbody/tr[15]/td[2]/div/div"}
RESULT: {}
RESULT: {"using":"xpath","value":"//table[contains(@id, \"listView-innerSelectionPanelTable-listUl\")]/tbody/tr[15]/td[2]/div/div"}
COMMAND: POST /session/f519eddc2ea26d61ca30e526d103b44b/element - {"using":"xpath","value":"//table[contains(@id, \"listView-innerSelectionPanelTable-listUl\")]/tbody/tr[15]/td[2]/div"}
RESULT: {"using":"xpath","value":"//table[contains(@id, \"listView-innerSelectionPanelTable-listUl\")]/tbody/tr[15]/td[2]/div"}
COMMAND: POST /session/f519eddc2ea26d61ca30e526d103b44b/element - {"using":"xpath","value":"//table[contains(@id, \"listView-innerSelectionPanelTable-listUl\")]/tbody/tr[15]/td[3]/div/div/span/span[1]/bdi"}
RESULT: {"using":"xpath","value":"//table[contains(@id, \"listView-innerSelectionPanelTable-listUl\")]/tbody/tr[15]/td[3]/div/div/span/span[1]/bdi"}
COMMAND: POST /session/f519eddc2ea26d61ca30e526d103b44b/execute/sync - {"script":"<script> [56 bytes]","args":[{"element-6066-11e4-a52e-4f735466cecf":"f.A346BA6B978C9328C0C2B851E75B8348.d.88E2A92E74E3F8DDBCA0A3FBA68F3CF3.e.7832","ELEMENT":"f.A346BA6B978C9328C0C2B851E75B8348.d.88E2A92E74E3F8DDBCA0A3FBA68F3CF3.e.7832"}]}
RESULT: {"script":"<script> [56 bytes]","args":[{"element-6066-11e4-a52e-4f735466cecf":"f.A346BA6B978C9328C0C2B851E75B8348.d.88E2A92E74E3F8DDBCA0A3FBA68F3CF3.e.7832","ELEMENT":"f.A346BA6B978C9328C0C2B851E75B8348.d.88E2A92E74E3F8DDBCA0A3FBA68F3CF3.e.7832"}]}
COMMAND: GET /session/f519eddc2ea26d61ca30e526d103b44b/element/f.A346BA6B978C9328C0C2B851E75B8348.d.88E2A92E74E3F8DDBCA0A3FBA68F3CF3.e.7831/attribute/aria-checked - {}
COMMAND: GET /session/f519eddc2ea26d61ca30e526d103b44b/screenshot - {}
RESULT: {}
COMMAND: POST /session/f519eddc2ea26d61ca30e526d103b44b/element - {"using":"xpath","value":"//table[contains(@id, \"listView-innerSelectionPanelTable-listUl\")]/tbody/tr[16]/td[2]/div/div"}
RESULT: {}
RESULT: {"using":"xpath","value":"//table[contains(@id, \"listView-innerSelectionPanelTable-listUl\")]/tbody/tr[16]/td[2]/div/div"}
COMMAND: POST /session/f519eddc2ea26d61ca30e526d103b44b/element - {"using":"xpath","value":"//table[contains(@id, \"listView-innerSelectionPanelTable-listUl\")]/tbody/tr[16]/td[2]/div"}
RESULT: {"using":"xpath","value":"//table[contains(@id, \"listView-innerSelectionPanelTable-listUl\")]/tbody/tr[16]/td[2]/div"}
COMMAND: POST /session/f519eddc2ea26d61ca30e526d103b44b/element - {"using":"xpath","value":"//table[contains(@id, \"listView-innerSelectionPanelTable-listUl\")]/tbody/tr[16]/td[3]/div/div/span/span[1]/bdi"}
RESULT: {"using":"xpath","value":"//table[contains(@id, \"listView-innerSelectionPanelTable-listUl\")]/tbody/tr[16]/td[3]/div/div/span/span[1]/bdi"}
COMMAND: POST /session/f519eddc2ea26d61ca30e526d103b44b/execute/sync - {"script":"<script> [56 bytes]","args":[{"element-6066-11e4-a52e-4f735466cecf":"f.A346BA6B978C9328C0C2B851E75B8348.d.88E2A92E74E3F8DDBCA0A3FBA68F3CF3.e.7835","ELEMENT":"f.A346BA6B978C9328C0C2B851E75B8348.d.88E2A92E74E3F8DDBCA0A3FBA68F3CF3.e.7835"}]}
RESULT: {"script":"<script> [56 bytes]","args":[{"element-6066-11e4-a52e-4f735466cecf":"f.A346BA6B978C9328C0C2B851E75B8348.d.88E2A92E74E3F8DDBCA0A3FBA68F3CF3.e.7835","ELEMENT":"f.A346BA6B978C9328C0C2B851E75B8348.d.88E2A92E74E3F8DDBCA0A3FBA68F3CF3.e.7835"}]}
COMMAND: GET /session/f519eddc2ea26d61ca30e526d103b44b/element/f.A346BA6B978C9328C0C2B851E75B8348.d.88E2A92E74E3F8DDBCA0A3FBA68F3CF3.e.7834/attribute/aria-checked - {}
COMMAND: GET /session/f519eddc2ea26d61ca30e526d103b44b/screenshot - {}
RESULT: {}
COMMAND: POST /session/f519eddc2ea26d61ca30e526d103b44b/element - {"using":"xpath","value":"//table[contains(@id, \"listView-innerSelectionPanelTable-listUl\")]/tbody/tr[17]/td[2]/div/div"}
RESULT: {}
RESULT: {"using":"xpath","value":"//table[contains(@id, \"listView-innerSelectionPanelTable-listUl\")]/tbody/tr[17]/td[2]/div/div"}
COMMAND: POST /session/f519eddc2ea26d61ca30e526d103b44b/element - {"using":"xpath","value":"//table[contains(@id, \"listView-innerSelectionPanelTable-listUl\")]/tbody/tr[17]/td[2]/div"}
RESULT: {"using":"xpath","value":"//table[contains(@id, \"listView-innerSelectionPanelTable-listUl\")]/tbody/tr[17]/td[2]/div"}
COMMAND: POST /session/f519eddc2ea26d61ca30e526d103b44b/element - {"using":"xpath","value":"//table[contains(@id, \"listView-innerSelectionPanelTable-listUl\")]/tbody/tr[17]/td[3]/div/div/span/span[1]/bdi"}
RESULT: {"using":"xpath","value":"//table[contains(@id, \"listView-innerSelectionPanelTable-listUl\")]/tbody/tr[17]/td[3]/div/div/span/span[1]/bdi"}
COMMAND: POST /session/f519eddc2ea26d61ca30e526d103b44b/execute/sync - {"script":"<script> [56 bytes]","args":[{"element-6066-11e4-a52e-4f735466cecf":"f.A346BA6B978C9328C0C2B851E75B8348.d.88E2A92E74E3F8DDBCA0A3FBA68F3CF3.e.7838","ELEMENT":"f.A346BA6B978C9328C0C2B851E75B8348.d.88E2A92E74E3F8DDBCA0A3FBA68F3CF3.e.7838"}]}
RESULT: {"script":"<script> [56 bytes]","args":[{"element-6066-11e4-a52e-4f735466cecf":"f.A346BA6B978C9328C0C2B851E75B8348.d.88E2A92E74E3F8DDBCA0A3FBA68F3CF3.e.7838","ELEMENT":"f.A346BA6B978C9328C0C2B851E75B8348.d.88E2A92E74E3F8DDBCA0A3FBA68F3CF3.e.7838"}]}
COMMAND: GET /session/f519eddc2ea26d61ca30e526d103b44b/element/f.A346BA6B978C9328C0C2B851E75B8348.d.88E2A92E74E3F8DDBCA0A3FBA68F3CF3.e.7837/attribute/aria-checked - {}
COMMAND: GET /session/f519eddc2ea26d61ca30e526d103b44b/screenshot - {}
RESULT: {}
COMMAND: POST /session/f519eddc2ea26d61ca30e526d103b44b/element - {"using":"xpath","value":"//table[contains(@id, \"listView-innerSelectionPanelTable-listUl\")]/tbody/tr[18]/td[2]/div/div"}
RESULT: {}
RESULT: {"using":"xpath","value":"//table[contains(@id, \"listView-innerSelectionPanelTable-listUl\")]/tbody/tr[18]/td[2]/div/div"}
COMMAND: POST /session/f519eddc2ea26d61ca30e526d103b44b/element - {"using":"xpath","value":"//table[contains(@id, \"listView-innerSelectionPanelTable-listUl\")]/tbody/tr[18]/td[2]/div"}
RESULT: {"using":"xpath","value":"//table[contains(@id, \"listView-innerSelectionPanelTable-listUl\")]/tbody/tr[18]/td[2]/div"}
COMMAND: POST /session/f519eddc2ea26d61ca30e526d103b44b/element - {"using":"xpath","value":"//table[contains(@id, \"listView-innerSelectionPanelTable-listUl\")]/tbody/tr[18]/td[3]/div/div/span/span[1]/bdi"}
RESULT: {"using":"xpath","value":"//table[contains(@id, \"listView-innerSelectionPanelTable-listUl\")]/tbody/tr[18]/td[3]/div/div/span/span[1]/bdi"}
COMMAND: POST /session/f519eddc2ea26d61ca30e526d103b44b/execute/sync - {"script":"<script> [56 bytes]","args":[{"element-6066-11e4-a52e-4f735466cecf":"f.A346BA6B978C9328C0C2B851E75B8348.d.88E2A92E74E3F8DDBCA0A3FBA68F3CF3.e.7841","ELEMENT":"f.A346BA6B978C9328C0C2B851E75B8348.d.88E2A92E74E3F8DDBCA0A3FBA68F3CF3.e.7841"}]}
RESULT: {"script":"<script> [56 bytes]","args":[{"element-6066-11e4-a52e-4f735466cecf":"f.A346BA6B978C9328C0C2B851E75B8348.d.88E2A92E74E3F8DDBCA0A3FBA68F3CF3.e.7841","ELEMENT":"f.A346BA6B978C9328C0C2B851E75B8348.d.88E2A92E74E3F8DDBCA0A3FBA68F3CF3.e.7841"}]}
COMMAND: GET /session/f519eddc2ea26d61ca30e526d103b44b/element/f.A346BA6B978C9328C0C2B851E75B8348.d.88E2A92E74E3F8DDBCA0A3FBA68F3CF3.e.7840/attribute/aria-checked - {}
COMMAND: GET /session/f519eddc2ea26d61ca30e526d103b44b/screenshot - {}
RESULT: {}
COMMAND: POST /session/f519eddc2ea26d61ca30e526d103b44b/element - {"using":"xpath","value":"//table[contains(@id, \"listView-innerSelectionPanelTable-listUl\")]/tbody/tr[19]/td[2]/div/div"}
RESULT: {}
RESULT: {"using":"xpath","value":"//table[contains(@id, \"listView-innerSelectionPanelTable-listUl\")]/tbody/tr[19]/td[2]/div/div"}
COMMAND: POST /session/f519eddc2ea26d61ca30e526d103b44b/element - {"using":"xpath","value":"//table[contains(@id, \"listView-innerSelectionPanelTable-listUl\")]/tbody/tr[19]/td[2]/div"}
RESULT: {"using":"xpath","value":"//table[contains(@id, \"listView-innerSelectionPanelTable-listUl\")]/tbody/tr[19]/td[2]/div"}
COMMAND: POST /session/f519eddc2ea26d61ca30e526d103b44b/element - {"using":"xpath","value":"//table[contains(@id, \"listView-innerSelectionPanelTable-listUl\")]/tbody/tr[19]/td[3]/div/div/span/span[1]/bdi"}
RESULT: {"using":"xpath","value":"//table[contains(@id, \"listView-innerSelectionPanelTable-listUl\")]/tbody/tr[19]/td[3]/div/div/span/span[1]/bdi"}
COMMAND: POST /session/f519eddc2ea26d61ca30e526d103b44b/execute/sync - {"script":"<script> [56 bytes]","args":[{"element-6066-11e4-a52e-4f735466cecf":"f.A346BA6B978C9328C0C2B851E75B8348.d.88E2A92E74E3F8DDBCA0A3FBA68F3CF3.e.7844","ELEMENT":"f.A346BA6B978C9328C0C2B851E75B8348.d.88E2A92E74E3F8DDBCA0A3FBA68F3CF3.e.7844"}]}
RESULT: {"script":"<script> [56 bytes]","args":[{"element-6066-11e4-a52e-4f735466cecf":"f.A346BA6B978C9328C0C2B851E75B8348.d.88E2A92E74E3F8DDBCA0A3FBA68F3CF3.e.7844","ELEMENT":"f.A346BA6B978C9328C0C2B851E75B8348.d.88E2A92E74E3F8DDBCA0A3FBA68F3CF3.e.7844"}]}
COMMAND: GET /session/f519eddc2ea26d61ca30e526d103b44b/element/f.A346BA6B978C9328C0C2B851E75B8348.d.88E2A92E74E3F8DDBCA0A3FBA68F3CF3.e.7843/attribute/aria-checked - {}
COMMAND: GET /session/f519eddc2ea26d61ca30e526d103b44b/screenshot - {}
RESULT: {}
COMMAND: POST /session/f519eddc2ea26d61ca30e526d103b44b/element - {"using":"xpath","value":"//table[contains(@id, \"listView-innerSelectionPanelTable-listUl\")]/tbody/tr[20]/td[2]/div/div"}
RESULT: {}
RESULT: {"using":"xpath","value":"//table[contains(@id, \"listView-innerSelectionPanelTable-listUl\")]/tbody/tr[20]/td[2]/div/div"}
COMMAND: POST /session/f519eddc2ea26d61ca30e526d103b44b/element - {"using":"xpath","value":"//table[contains(@id, \"listView-innerSelectionPanelTable-listUl\")]/tbody/tr[20]/td[2]/div"}
RESULT: {"using":"xpath","value":"//table[contains(@id, \"listView-innerSelectionPanelTable-listUl\")]/tbody/tr[20]/td[2]/div"}
COMMAND: POST /session/f519eddc2ea26d61ca30e526d103b44b/element - {"using":"xpath","value":"//table[contains(@id, \"listView-innerSelectionPanelTable-listUl\")]/tbody/tr[20]/td[3]/div/div/span/span[1]/bdi"}
RESULT: {"using":"xpath","value":"//table[contains(@id, \"listView-innerSelectionPanelTable-listUl\")]/tbody/tr[20]/td[3]/div/div/span/span[1]/bdi"}
COMMAND: POST /session/f519eddc2ea26d61ca30e526d103b44b/execute/sync - {"script":"<script> [56 bytes]","args":[{"element-6066-11e4-a52e-4f735466cecf":"f.A346BA6B978C9328C0C2B851E75B8348.d.88E2A92E74E3F8DDBCA0A3FBA68F3CF3.e.7847","ELEMENT":"f.A346BA6B978C9328C0C2B851E75B8348.d.88E2A92E74E3F8DDBCA0A3FBA68F3CF3.e.7847"}]}
RESULT: {"script":"<script> [56 bytes]","args":[{"element-6066-11e4-a52e-4f735466cecf":"f.A346BA6B978C9328C0C2B851E75B8348.d.88E2A92E74E3F8DDBCA0A3FBA68F3CF3.e.7847","ELEMENT":"f.A346BA6B978C9328C0C2B851E75B8348.d.88E2A92E74E3F8DDBCA0A3FBA68F3CF3.e.7847"}]}
COMMAND: GET /session/f519eddc2ea26d61ca30e526d103b44b/element/f.A346BA6B978C9328C0C2B851E75B8348.d.88E2A92E74E3F8DDBCA0A3FBA68F3CF3.e.7846/attribute/aria-checked - {}
COMMAND: GET /session/f519eddc2ea26d61ca30e526d103b44b/screenshot - {}
RESULT: {}
COMMAND: POST /session/f519eddc2ea26d61ca30e526d103b44b/element - {"using":"xpath","value":"//table[contains(@id, \"listView-innerSelectionPanelTable-listUl\")]/tbody/tr[21]/td[2]/div/div"}
COMMAND: POST /session/f519eddc2ea26d61ca30e526d103b44b/element/f.A346BA6B978C9328C0C2B851E75B8348.d.88E2A92E74E3F8DDBCA0A3FBA68F3CF3.e.7845/click - {}
RESULT: {}
RESULT: {"using":"xpath","value":"//table[contains(@id, \"listView-innerSelectionPanelTable-listUl\")]/tbody/tr[21]/td[2]/div/div"}
COMMAND: POST /session/f519eddc2ea26d61ca30e526d103b44b/element - {"using":"xpath","value":"//table[contains(@id, \"listView-innerSelectionPanelTable-listUl\")]/tbody/tr[21]/td[2]/div"}
RESULT: {}
COMMAND: GET /session/f519eddc2ea26d61ca30e526d103b44b/screenshot - {}
RESULT: {"using":"xpath","value":"//table[contains(@id, \"listView-innerSelectionPanelTable-listUl\")]/tbody/tr[21]/td[2]/div"}
COMMAND: POST /session/f519eddc2ea26d61ca30e526d103b44b/element - {"using":"xpath","value":"//table[contains(@id, \"listView-innerSelectionPanelTable-listUl\")]/tbody/tr[21]/td[3]/div/div/span/span[1]/bdi"}
RESULT: {}
RESULT: {"using":"xpath","value":"//table[contains(@id, \"listView-innerSelectionPanelTable-listUl\")]/tbody/tr[21]/td[3]/div/div/span/span[1]/bdi"}
COMMAND: POST /session/f519eddc2ea26d61ca30e526d103b44b/execute/sync - {"script":"<script> [56 bytes]","args":[{"element-6066-11e4-a52e-4f735466cecf":"f.A346BA6B978C9328C0C2B851E75B8348.d.88E2A92E74E3F8DDBCA0A3FBA68F3CF3.e.7853","ELEMENT":"f.A346BA6B978C9328C0C2B851E75B8348.d.88E2A92E74E3F8DDBCA0A3FBA68F3CF3.e.7853"}]}
RESULT: {"script":"<script> [56 bytes]","args":[{"element-6066-11e4-a52e-4f735466cecf":"f.A346BA6B978C9328C0C2B851E75B8348.d.88E2A92E74E3F8DDBCA0A3FBA68F3CF3.e.7853","ELEMENT":"f.A346BA6B978C9328C0C2B851E75B8348.d.88E2A92E74E3F8DDBCA0A3FBA68F3CF3.e.7853"}]}
COMMAND: GET /session/f519eddc2ea26d61ca30e526d103b44b/element/f.A346BA6B978C9328C0C2B851E75B8348.d.88E2A92E74E3F8DDBCA0A3FBA68F3CF3.e.7852/attribute/aria-checked - {}
COMMAND: GET /session/f519eddc2ea26d61ca30e526d103b44b/screenshot - {}
RESULT: {}
COMMAND: POST /session/f519eddc2ea26d61ca30e526d103b44b/element - {"using":"xpath","value":"//table[contains(@id, \"listView-innerSelectionPanelTable-listUl\")]/tbody/tr[22]/td[2]/div/div"}
COMMAND: POST /session/f519eddc2ea26d61ca30e526d103b44b/element/f.A346BA6B978C9328C0C2B851E75B8348.d.88E2A92E74E3F8DDBCA0A3FBA68F3CF3.e.7848/click - {}
RESULT: {}
RESULT: {"using":"xpath","value":"//table[contains(@id, \"listView-innerSelectionPanelTable-listUl\")]/tbody/tr[22]/td[2]/div/div"}
COMMAND: POST /session/f519eddc2ea26d61ca30e526d103b44b/element - {"using":"xpath","value":"//table[contains(@id, \"listView-innerSelectionPanelTable-listUl\")]/tbody/tr[22]/td[2]/div"}
RESULT: {}
COMMAND: GET /session/f519eddc2ea26d61ca30e526d103b44b/screenshot - {}
RESULT: {"using":"xpath","value":"//table[contains(@id, \"listView-innerSelectionPanelTable-listUl\")]/tbody/tr[22]/td[2]/div"}
COMMAND: POST /session/f519eddc2ea26d61ca30e526d103b44b/element - {"using":"xpath","value":"//table[contains(@id, \"listView-innerSelectionPanelTable-listUl\")]/tbody/tr[22]/td[3]/div/div/span/span[1]/bdi"}
RESULT: {}
RESULT: {"using":"xpath","value":"//table[contains(@id, \"listView-innerSelectionPanelTable-listUl\")]/tbody/tr[22]/td[3]/div/div/span/span[1]/bdi"}
COMMAND: POST /session/f519eddc2ea26d61ca30e526d103b44b/execute/sync - {"script":"<script> [56 bytes]","args":[{"element-6066-11e4-a52e-4f735466cecf":"f.A346BA6B978C9328C0C2B851E75B8348.d.88E2A92E74E3F8DDBCA0A3FBA68F3CF3.e.7857","ELEMENT":"f.A346BA6B978C9328C0C2B851E75B8348.d.88E2A92E74E3F8DDBCA0A3FBA68F3CF3.e.7857"}]}
RESULT: {"script":"<script> [56 bytes]","args":[{"element-6066-11e4-a52e-4f735466cecf":"f.A346BA6B978C9328C0C2B851E75B8348.d.88E2A92E74E3F8DDBCA0A3FBA68F3CF3.e.7857","ELEMENT":"f.A346BA6B978C9328C0C2B851E75B8348.d.88E2A92E74E3F8DDBCA0A3FBA68F3CF3.e.7857"}]}
COMMAND: GET /session/f519eddc2ea26d61ca30e526d103b44b/element/f.A346BA6B978C9328C0C2B851E75B8348.d.88E2A92E74E3F8DDBCA0A3FBA68F3CF3.e.7856/attribute/aria-checked - {}
COMMAND: GET /session/f519eddc2ea26d61ca30e526d103b44b/screenshot - {}
RESULT: {}
COMMAND: POST /session/f519eddc2ea26d61ca30e526d103b44b/element - {"using":"xpath","value":"//table[contains(@id, \"listView-innerSelectionPanelTable-listUl\")]/tbody/tr[23]/td[2]/div/div"}
RESULT: {}
RESULT: {"using":"xpath","value":"//table[contains(@id, \"listView-innerSelectionPanelTable-listUl\")]/tbody/tr[23]/td[2]/div/div"}
COMMAND: POST /session/f519eddc2ea26d61ca30e526d103b44b/element - {"using":"xpath","value":"//table[contains(@id, \"listView-innerSelectionPanelTable-listUl\")]/tbody/tr[23]/td[2]/div"}
RESULT: {"using":"xpath","value":"//table[contains(@id, \"listView-innerSelectionPanelTable-listUl\")]/tbody/tr[23]/td[2]/div"}
COMMAND: POST /session/f519eddc2ea26d61ca30e526d103b44b/element - {"using":"xpath","value":"//table[contains(@id, \"listView-innerSelectionPanelTable-listUl\")]/tbody/tr[23]/td[3]/div/div/span/span[1]/bdi"}
RESULT: {"using":"xpath","value":"//table[contains(@id, \"listView-innerSelectionPanelTable-listUl\")]/tbody/tr[23]/td[3]/div/div/span/span[1]/bdi"}
COMMAND: POST /session/f519eddc2ea26d61ca30e526d103b44b/execute/sync - {"script":"<script> [56 bytes]","args":[{"element-6066-11e4-a52e-4f735466cecf":"f.A346BA6B978C9328C0C2B851E75B8348.d.88E2A92E74E3F8DDBCA0A3FBA68F3CF3.e.7860","ELEMENT":"f.A346BA6B978C9328C0C2B851E75B8348.d.88E2A92E74E3F8DDBCA0A3FBA68F3CF3.e.7860"}]}
RESULT: {"script":"<script> [56 bytes]","args":[{"element-6066-11e4-a52e-4f735466cecf":"f.A346BA6B978C9328C0C2B851E75B8348.d.88E2A92E74E3F8DDBCA0A3FBA68F3CF3.e.7860","ELEMENT":"f.A346BA6B978C9328C0C2B851E75B8348.d.88E2A92E74E3F8DDBCA0A3FBA68F3CF3.e.7860"}]}
COMMAND: GET /session/f519eddc2ea26d61ca30e526d103b44b/element/f.A346BA6B978C9328C0C2B851E75B8348.d.88E2A92E74E3F8DDBCA0A3FBA68F3CF3.e.7859/attribute/aria-checked - {}
COMMAND: GET /session/f519eddc2ea26d61ca30e526d103b44b/screenshot - {}
RESULT: {}
COMMAND: POST /session/f519eddc2ea26d61ca30e526d103b44b/element - {"using":"xpath","value":"//table[contains(@id, \"listView-innerSelectionPanelTable-listUl\")]/tbody/tr[24]/td[2]/div/div"}
RESULT: {}
RESULT: {"using":"xpath","value":"//table[contains(@id, \"listView-innerSelectionPanelTable-listUl\")]/tbody/tr[24]/td[2]/div/div"}
COMMAND: POST /session/f519eddc2ea26d61ca30e526d103b44b/element - {"using":"xpath","value":"//table[contains(@id, \"listView-innerSelectionPanelTable-listUl\")]/tbody/tr[24]/td[2]/div"}
RESULT: {"using":"xpath","value":"//table[contains(@id, \"listView-innerSelectionPanelTable-listUl\")]/tbody/tr[24]/td[2]/div"}
COMMAND: POST /session/f519eddc2ea26d61ca30e526d103b44b/element - {"using":"xpath","value":"//table[contains(@id, \"listView-innerSelectionPanelTable-listUl\")]/tbody/tr[24]/td[3]/div/div/span/span[1]/bdi"}
RESULT: {"using":"xpath","value":"//table[contains(@id, \"listView-innerSelectionPanelTable-listUl\")]/tbody/tr[24]/td[3]/div/div/span/span[1]/bdi"}
COMMAND: POST /session/f519eddc2ea26d61ca30e526d103b44b/execute/sync - {"script":"<script> [56 bytes]","args":[{"element-6066-11e4-a52e-4f735466cecf":"f.A346BA6B978C9328C0C2B851E75B8348.d.88E2A92E74E3F8DDBCA0A3FBA68F3CF3.e.7863","ELEMENT":"f.A346BA6B978C9328C0C2B851E75B8348.d.88E2A92E74E3F8DDBCA0A3FBA68F3CF3.e.7863"}]}
RESULT: {"script":"<script> [56 bytes]","args":[{"element-6066-11e4-a52e-4f735466cecf":"f.A346BA6B978C9328C0C2B851E75B8348.d.88E2A92E74E3F8DDBCA0A3FBA68F3CF3.e.7863","ELEMENT":"f.A346BA6B978C9328C0C2B851E75B8348.d.88E2A92E74E3F8DDBCA0A3FBA68F3CF3.e.7863"}]}
COMMAND: GET /session/f519eddc2ea26d61ca30e526d103b44b/element/f.A346BA6B978C9328C0C2B851E75B8348.d.88E2A92E74E3F8DDBCA0A3FBA68F3CF3.e.7862/attribute/aria-checked - {}
COMMAND: GET /session/f519eddc2ea26d61ca30e526d103b44b/screenshot - {}
RESULT: {}
COMMAND: POST /session/f519eddc2ea26d61ca30e526d103b44b/element - {"using":"xpath","value":"//table[contains(@id, \"listView-innerSelectionPanelTable-listUl\")]/tbody/tr[25]/td[2]/div/div"}
RESULT: {}
RESULT: {"using":"xpath","value":"//table[contains(@id, \"listView-innerSelectionPanelTable-listUl\")]/tbody/tr[25]/td[2]/div/div"}
COMMAND: POST /session/f519eddc2ea26d61ca30e526d103b44b/element - {"using":"xpath","value":"//table[contains(@id, \"listView-innerSelectionPanelTable-listUl\")]/tbody/tr[25]/td[2]/div"}
RESULT: {"using":"xpath","value":"//table[contains(@id, \"listView-innerSelectionPanelTable-listUl\")]/tbody/tr[25]/td[2]/div"}
COMMAND: POST /session/f519eddc2ea26d61ca30e526d103b44b/element - {"using":"xpath","value":"//table[contains(@id, \"listView-innerSelectionPanelTable-listUl\")]/tbody/tr[25]/td[3]/div/div/span/span[1]/bdi"}
RESULT: {"using":"xpath","value":"//table[contains(@id, \"listView-innerSelectionPanelTable-listUl\")]/tbody/tr[25]/td[3]/div/div/span/span[1]/bdi"}
COMMAND: POST /session/f519eddc2ea26d61ca30e526d103b44b/execute/sync - {"script":"<script> [56 bytes]","args":[{"element-6066-11e4-a52e-4f735466cecf":"f.A346BA6B978C9328C0C2B851E75B8348.d.88E2A92E74E3F8DDBCA0A3FBA68F3CF3.e.7866","ELEMENT":"f.A346BA6B978C9328C0C2B851E75B8348.d.88E2A92E74E3F8DDBCA0A3FBA68F3CF3.e.7866"}]}
RESULT: {"script":"<script> [56 bytes]","args":[{"element-6066-11e4-a52e-4f735466cecf":"f.A346BA6B978C9328C0C2B851E75B8348.d.88E2A92E74E3F8DDBCA0A3FBA68F3CF3.e.7866","ELEMENT":"f.A346BA6B978C9328C0C2B851E75B8348.d.88E2A92E74E3F8DDBCA0A3FBA68F3CF3.e.7866"}]}
COMMAND: GET /session/f519eddc2ea26d61ca30e526d103b44b/element/f.A346BA6B978C9328C0C2B851E75B8348.d.88E2A92E74E3F8DDBCA0A3FBA68F3CF3.e.7865/attribute/aria-checked - {}
COMMAND: GET /session/f519eddc2ea26d61ca30e526d103b44b/screenshot - {}
RESULT: {}
COMMAND: POST /session/f519eddc2ea26d61ca30e526d103b44b/element - {"using":"xpath","value":"//bdi[contains(text(), \"OK\")]"}
RESULT: {}
RESULT: {"using":"xpath","value":"//bdi[contains(text(), \"OK\")]"}
COMMAND: POST /session/f519eddc2ea26d61ca30e526d103b44b/element/f.A346BA6B978C9328C0C2B851E75B8348.d.88E2A92E74E3F8DDBCA0A3FBA68F3CF3.e.7867/click - {}
RESULT: {}
COMMAND: GET /session/f519eddc2ea26d61ca30e526d103b44b/screenshot - {}
RESULT: {}
COMMAND: POST /session/f519eddc2ea26d61ca30e526d103b44b/execute/async - {"script":"<script> [1562 bytes]","args":[{"selector":{"id":"application-managepartners-display-component---masterPtm--smartFilterBar-filterItemControlA_-LINK_TO_ADDRESSES_MAIN.ID-vhi"},"wdio_ui5_key":"applicationmanagepartners-display-component---masterPtm--smartFilterBar-filterItemControlA_-LINK_TO_ADDRESSES_MAIN.ID-vhi"}]}
RESULT: {"script":"<script> [1562 bytes]","args":[{"selector":{"id":"application-managepartners-display-component---masterPtm--smartFilterBar-filterItemControlA_-LINK_TO_ADDRESSES_MAIN.ID-vhi"},"wdio_ui5_key":"applicationmanagepartners-display-component---masterPtm--smartFilterBar-filterItemControlA_-LINK_TO_ADDRESSES_MAIN.ID-vhi"}]}
RESULT: undefined
COMMAND: POST /session/f519eddc2ea26d61ca30e526d103b44b/element - {"using":"xpath","value":"//*[@id=\"application-managepartners-display-component---masterPtm--smartFilterBar-filterItemControlA_-LINK_TO_ADDRESSES_MAIN.ID-vhi\"]"}
RESULT: {"using":"xpath","value":"//*[@id=\"application-managepartners-display-component---masterPtm--smartFilterBar-filterItemControlA_-LINK_TO_ADDRESSES_MAIN.ID-vhi\"]"}
COMMAND: POST /session/f519eddc2ea26d61ca30e526d103b44b/element/f.A346BA6B978C9328C0C2B851E75B8348.d.88E2A92E74E3F8DDBCA0A3FBA68F3CF3.e.7880/click - {}
RESULT: {}
COMMAND: GET /session/f519eddc2ea26d61ca30e526d103b44b/screenshot - {}
RESULT: {}
COMMAND: POST /session/f519eddc2ea26d61ca30e526d103b44b/execute/async - {"script":"<script> [1562 bytes]","args":[{"selector":{"controlType":"sap.ui.core.Icon","viewName":"etm.portal.ui.managepartners.view.Master","viewId":"application-managepartners-display-component---masterPtm","properties":{"src":{"regex":{"source":"slim\\-arrow\\-down"}}},"searchOpenDialogs":true},"wdio_ui5_key":"etmportal.ui.managepartners.view.Mastersap.ui.core.Icon{\"src\":{\"regex\":{\"source\":\"slim\\\\-arrow\\\\-down\"}}}"}]}
RESULT: {"script":"<script> [1562 bytes]","args":[{"selector":{"controlType":"sap.ui.core.Icon","viewName":"etm.portal.ui.managepartners.view.Master","viewId":"application-managepartners-display-component---masterPtm","properties":{"src":{"regex":{"source":"slim\\-arrow\\-down"}}},"searchOpenDialogs":true},"wdio_ui5_key":"etmportal.ui.managepartners.view.Mastersap.ui.core.Icon{\"src\":{\"regex\":{\"source\":\"slim\\\\-arrow\\\\-down\"}}}"}]}
RESULT: undefined
COMMAND: POST /session/f519eddc2ea26d61ca30e526d103b44b/element - {"using":"xpath","value":"//*[@id=\"__box77-arrow\"]"}
RESULT: {"using":"xpath","value":"//*[@id=\"__box77-arrow\"]"}
COMMAND: POST /session/f519eddc2ea26d61ca30e526d103b44b/element/f.A346BA6B978C9328C0C2B851E75B8348.d.88E2A92E74E3F8DDBCA0A3FBA68F3CF3.e.7885/click - {}
RESULT: {}
COMMAND: GET /session/f519eddc2ea26d61ca30e526d103b44b/screenshot - {}
RESULT: {}
COMMAND: POST /session/f519eddc2ea26d61ca30e526d103b44b/element - {"using":"xpath","value":"//li[.//span[text()='equal to']]"}
RESULT: {"using":"xpath","value":"//li[.//span[text()='equal to']]"}
COMMAND: POST /session/f519eddc2ea26d61ca30e526d103b44b/element/f.A346BA6B978C9328C0C2B851E75B8348.d.88E2A92E74E3F8DDBCA0A3FBA68F3CF3.e.7886/click - {}
RESULT: {}
COMMAND: GET /session/f519eddc2ea26d61ca30e526d103b44b/screenshot - {}
RESULT: {}
RESULT: undefined
COMMAND: POST /session/f519eddc2ea26d61ca30e526d103b44b/execute/async - {"script":"<script> [776 bytes]","args":[{"enterText":"1006","selector":{"controlType":"sap.m.Input","viewName":"etm.portal.ui.managepartners.view.Master","viewId":"application-managepartners-display-component---masterPtm","properties":{"valueState":"None"},"searchOpenDialogs":true,"interaction":{"idSuffix":"inner"}},"clearTextFirst":true,"interactionType":"ENTER_TEXT"}]}
RESULT: {"script":"<script> [776 bytes]","args":[{"enterText":"1006","selector":{"controlType":"sap.m.Input","viewName":"etm.portal.ui.managepartners.view.Master","viewId":"application-managepartners-display-component---masterPtm","properties":{"valueState":"None"},"searchOpenDialogs":true,"interaction":{"idSuffix":"inner"}},"clearTextFirst":true,"interactionType":"ENTER_TEXT"}]}
COMMAND: POST /session/f519eddc2ea26d61ca30e526d103b44b/actions - {"actions":[{"id":"action22","type":"key","parameters":{},"actions":[{"type":"keyDown","value":"î€‡"},{"type":"pause","duration":10},{"type":"keyUp","value":"î€‡"}]}]}
RESULT: {"actions":[{"id":"action22","type":"key","parameters":{},"actions":[{"type":"keyDown","value":"î€‡"},{"type":"pause","duration":10},{"type":"keyUp","value":"î€‡"}]}]}
COMMAND: GET /session/f519eddc2ea26d61ca30e526d103b44b/screenshot - {}
RESULT: {}
COMMAND: POST /session/f519eddc2ea26d61ca30e526d103b44b/element - {"using":"xpath","value":"(//bdi[contains(text(), \"OK\")])[1]"}
RESULT: {"using":"xpath","value":"(//bdi[contains(text(), \"OK\")])[1]"}
COMMAND: POST /session/f519eddc2ea26d61ca30e526d103b44b/element/f.A346BA6B978C9328C0C2B851E75B8348.d.88E2A92E74E3F8DDBCA0A3FBA68F3CF3.e.7887/click - {}
RESULT: {}
COMMAND: GET /session/f519eddc2ea26d61ca30e526d103b44b/screenshot - {}
RESULT: {}
COMMAND: POST /session/f519eddc2ea26d61ca30e526d103b44b/element - {"using":"xpath","value":"//span[@id=\"application-managepartners-display-component---masterPtm--smartTable-header-inner\"]"}
RESULT: {"using":"xpath","value":"//span[@id=\"application-managepartners-display-component---masterPtm--smartTable-header-inner\"]"}
COMMAND: POST /session/f519eddc2ea26d61ca30e526d103b44b/elements - {"using":"xpath","value":"//span[@id=\"application-managepartners-display-component---masterPtm--smartTable-header-inner\"]"}
RESULT: {"using":"xpath","value":"//span[@id=\"application-managepartners-display-component---masterPtm--smartTable-header-inner\"]"}
COMMAND: POST /session/f519eddc2ea26d61ca30e526d103b44b/execute/sync - {"script":"<script> [56 bytes]","args":[{"element-6066-11e4-a52e-4f735466cecf":"f.A346BA6B978C9328C0C2B851E75B8348.d.88E2A92E74E3F8DDBCA0A3FBA68F3CF3.e.7725","ELEMENT":"f.A346BA6B978C9328C0C2B851E75B8348.d.88E2A92E74E3F8DDBCA0A3FBA68F3CF3.e.7725"}]}
RESULT: {"script":"<script> [56 bytes]","args":[{"element-6066-11e4-a52e-4f735466cecf":"f.A346BA6B978C9328C0C2B851E75B8348.d.88E2A92E74E3F8DDBCA0A3FBA68F3CF3.e.7725","ELEMENT":"f.A346BA6B978C9328C0C2B851E75B8348.d.88E2A92E74E3F8DDBCA0A3FBA68F3CF3.e.7725"}]}
COMMAND: POST /session/f519eddc2ea26d61ca30e526d103b44b/element - {"using":"xpath","value":"//span[contains(@title, \"Remove\")]"}
COMMAND: GET /session/f519eddc2ea26d61ca30e526d103b44b/screenshot - {}
RESULT: {"using":"xpath","value":"//span[contains(@title, \"Remove\")]"}
COMMAND: POST /session/f519eddc2ea26d61ca30e526d103b44b/element/f.A346BA6B978C9328C0C2B851E75B8348.d.88E2A92E74E3F8DDBCA0A3FBA68F3CF3.e.7890/click - {}
RESULT: {}
RESULT: {}
COMMAND: GET /session/f519eddc2ea26d61ca30e526d103b44b/screenshot - {}
RESULT: {}
RESULT: undefined
COMMAND: POST /session/f519eddc2ea26d61ca30e526d103b44b/element - {"using":"xpath","value":"//*[@id=\"application-managepartners-display-component---masterPtm--smartFilterBar-filterItemControl_BASIC-YARD-vhi\"]"}
RESULT: {"using":"xpath","value":"//*[@id=\"application-managepartners-display-component---masterPtm--smartFilterBar-filterItemControl_BASIC-YARD-vhi\"]"}
COMMAND: POST /session/f519eddc2ea26d61ca30e526d103b44b/element/f.A346BA6B978C9328C0C2B851E75B8348.d.88E2A92E74E3F8DDBCA0A3FBA68F3CF3.e.7994/click - {}
RESULT: {}
COMMAND: GET /session/f519eddc2ea26d61ca30e526d103b44b/screenshot - {}
RESULT: {}
RESULT: undefined
COMMAND: POST /session/f519eddc2ea26d61ca30e526d103b44b/execute/async - {"script":"<script> [776 bytes]","args":[{"enterText":"Test","selector":{"id":"application-managepartners-display-component---masterPtm--smartFilterBar-filterItemControl_BASIC-YARD-valueHelpDialog-smartFilterBar-btnBasicSearch","searchOpenDialogs":true,"interaction":{"idSuffix":"I"}},"clearTextFirst":true,"interactionType":"ENTER_TEXT"}]}
RESULT: {"script":"<script> [776 bytes]","args":[{"enterText":"Test","selector":{"id":"application-managepartners-display-component---masterPtm--smartFilterBar-filterItemControl_BASIC-YARD-valueHelpDialog-smartFilterBar-btnBasicSearch","searchOpenDialogs":true,"interaction":{"idSuffix":"I"}},"clearTextFirst":true,"interactionType":"ENTER_TEXT"}]}
COMMAND: POST /session/f519eddc2ea26d61ca30e526d103b44b/actions - {"actions":[{"id":"action23","type":"key","parameters":{},"actions":[{"type":"keyDown","value":"î€‡"},{"type":"pause","duration":10},{"type":"keyUp","value":"î€‡"}]}]}
RESULT: {"actions":[{"id":"action23","type":"key","parameters":{},"actions":[{"type":"keyDown","value":"î€‡"},{"type":"pause","duration":10},{"type":"keyUp","value":"î€‡"}]}]}
COMMAND: POST /session/f519eddc2ea26d61ca30e526d103b44b/elements - {"using":"xpath","value":"//table[contains(@id, \"smartFilterBar-filterItemControl_BASIC-YARD-valueHelpDialog-table-table\")]/tbody/tr"}
COMMAND: GET /session/f519eddc2ea26d61ca30e526d103b44b/screenshot - {}
RESULT: {"using":"xpath","value":"//table[contains(@id, \"smartFilterBar-filterItemControl_BASIC-YARD-valueHelpDialog-table-table\")]/tbody/tr"}
COMMAND: POST /session/f519eddc2ea26d61ca30e526d103b44b/element - {"using":"xpath","value":"//table[contains(@id, \"smartFilterBar-filterItemControl_BASIC-YARD-valueHelpDialog-table-table\")]/tbody/tr[1]/td[1]/div/span"}
RESULT: {}
RESULT: {"using":"xpath","value":"//table[contains(@id, \"smartFilterBar-filterItemControl_BASIC-YARD-valueHelpDialog-table-table\")]/tbody/tr[1]/td[1]/div/span"}
COMMAND: POST /session/f519eddc2ea26d61ca30e526d103b44b/elements - {"using":"xpath","value":"//table[contains(@id, \"smartFilterBar-filterItemControl_BASIC-YARD-valueHelpDialog-table-table\")]/tbody/tr[1]/td[1]/div/span"}
RESULT: {"using":"xpath","value":"//table[contains(@id, \"smartFilterBar-filterItemControl_BASIC-YARD-valueHelpDialog-table-table\")]/tbody/tr[1]/td[1]/div/span"}
COMMAND: POST /session/f519eddc2ea26d61ca30e526d103b44b/execute/sync - {"script":"<script> [56 bytes]","args":[{"element-6066-11e4-a52e-4f735466cecf":"f.A346BA6B978C9328C0C2B851E75B8348.d.88E2A92E74E3F8DDBCA0A3FBA68F3CF3.e.8013","ELEMENT":"f.A346BA6B978C9328C0C2B851E75B8348.d.88E2A92E74E3F8DDBCA0A3FBA68F3CF3.e.8013"}]}
RESULT: {"script":"<script> [56 bytes]","args":[{"element-6066-11e4-a52e-4f735466cecf":"f.A346BA6B978C9328C0C2B851E75B8348.d.88E2A92E74E3F8DDBCA0A3FBA68F3CF3.e.8013","ELEMENT":"f.A346BA6B978C9328C0C2B851E75B8348.d.88E2A92E74E3F8DDBCA0A3FBA68F3CF3.e.8013"}]}
COMMAND: POST /session/f519eddc2ea26d61ca30e526d103b44b/element - {"using":"xpath","value":"//table[contains(@id, \"smartFilterBar-filterItemControl_BASIC-YARD-valueHelpDialog-table-table\")]/tbody/tr[2]/td[1]/div/span"}
COMMAND: GET /session/f519eddc2ea26d61ca30e526d103b44b/screenshot - {}
RESULT: {"using":"xpath","value":"//table[contains(@id, \"smartFilterBar-filterItemControl_BASIC-YARD-valueHelpDialog-table-table\")]/tbody/tr[2]/td[1]/div/span"}
COMMAND: POST /session/f519eddc2ea26d61ca30e526d103b44b/elements - {"using":"xpath","value":"//table[contains(@id, \"smartFilterBar-filterItemControl_BASIC-YARD-valueHelpDialog-table-table\")]/tbody/tr[2]/td[1]/div/span"}
RESULT: {}
RESULT: {"using":"xpath","value":"//table[contains(@id, \"smartFilterBar-filterItemControl_BASIC-YARD-valueHelpDialog-table-table\")]/tbody/tr[2]/td[1]/div/span"}
COMMAND: POST /session/f519eddc2ea26d61ca30e526d103b44b/execute/sync - {"script":"<script> [56 bytes]","args":[{"element-6066-11e4-a52e-4f735466cecf":"f.A346BA6B978C9328C0C2B851E75B8348.d.88E2A92E74E3F8DDBCA0A3FBA68F3CF3.e.8014","ELEMENT":"f.A346BA6B978C9328C0C2B851E75B8348.d.88E2A92E74E3F8DDBCA0A3FBA68F3CF3.e.8014"}]}
RESULT: {"script":"<script> [56 bytes]","args":[{"element-6066-11e4-a52e-4f735466cecf":"f.A346BA6B978C9328C0C2B851E75B8348.d.88E2A92E74E3F8DDBCA0A3FBA68F3CF3.e.8014","ELEMENT":"f.A346BA6B978C9328C0C2B851E75B8348.d.88E2A92E74E3F8DDBCA0A3FBA68F3CF3.e.8014"}]}
COMMAND: POST /session/f519eddc2ea26d61ca30e526d103b44b/element - {"using":"xpath","value":"//table[contains(@id, \"smartFilterBar-filterItemControl_BASIC-YARD-valueHelpDialog-table-table\")]/tbody/tr[3]/td[1]/div/span"}
COMMAND: GET /session/f519eddc2ea26d61ca30e526d103b44b/screenshot - {}
RESULT: {"using":"xpath","value":"//table[contains(@id, \"smartFilterBar-filterItemControl_BASIC-YARD-valueHelpDialog-table-table\")]/tbody/tr[3]/td[1]/div/span"}
COMMAND: POST /session/f519eddc2ea26d61ca30e526d103b44b/elements - {"using":"xpath","value":"//table[contains(@id, \"smartFilterBar-filterItemControl_BASIC-YARD-valueHelpDialog-table-table\")]/tbody/tr[3]/td[1]/div/span"}
RESULT: {}
RESULT: {"using":"xpath","value":"//table[contains(@id, \"smartFilterBar-filterItemControl_BASIC-YARD-valueHelpDialog-table-table\")]/tbody/tr[3]/td[1]/div/span"}
COMMAND: POST /session/f519eddc2ea26d61ca30e526d103b44b/execute/sync - {"script":"<script> [56 bytes]","args":[{"element-6066-11e4-a52e-4f735466cecf":"f.A346BA6B978C9328C0C2B851E75B8348.d.88E2A92E74E3F8DDBCA0A3FBA68F3CF3.e.8015","ELEMENT":"f.A346BA6B978C9328C0C2B851E75B8348.d.88E2A92E74E3F8DDBCA0A3FBA68F3CF3.e.8015"}]}
RESULT: {"script":"<script> [56 bytes]","args":[{"element-6066-11e4-a52e-4f735466cecf":"f.A346BA6B978C9328C0C2B851E75B8348.d.88E2A92E74E3F8DDBCA0A3FBA68F3CF3.e.8015","ELEMENT":"f.A346BA6B978C9328C0C2B851E75B8348.d.88E2A92E74E3F8DDBCA0A3FBA68F3CF3.e.8015"}]}
COMMAND: POST /session/f519eddc2ea26d61ca30e526d103b44b/element - {"using":"xpath","value":"//div[contains(@id, \"filterItemControl_BASIC-YARD-valueHelpDialog-table-rowsel2\")]"}
COMMAND: GET /session/f519eddc2ea26d61ca30e526d103b44b/screenshot - {}
RESULT: {"using":"xpath","value":"//div[contains(@id, \"filterItemControl_BASIC-YARD-valueHelpDialog-table-rowsel2\")]"}
COMMAND: POST /session/f519eddc2ea26d61ca30e526d103b44b/element/f.A346BA6B978C9328C0C2B851E75B8348.d.88E2A92E74E3F8DDBCA0A3FBA68F3CF3.e.8016/click - {}
RESULT: {}
RESULT: {}
COMMAND: GET /session/f519eddc2ea26d61ca30e526d103b44b/screenshot - {}
RESULT: {}
COMMAND: POST /session/f519eddc2ea26d61ca30e526d103b44b/element - {"using":"xpath","value":"(//bdi[contains(text(), \"OK\")])[1]"}
RESULT: {"using":"xpath","value":"(//bdi[contains(text(), \"OK\")])[1]"}
COMMAND: POST /session/f519eddc2ea26d61ca30e526d103b44b/element/f.A346BA6B978C9328C0C2B851E75B8348.d.88E2A92E74E3F8DDBCA0A3FBA68F3CF3.e.8018/click - {}
RESULT: {}
COMMAND: GET /session/f519eddc2ea26d61ca30e526d103b44b/screenshot - {}
RESULT: {}
COMMAND: POST /session/f519eddc2ea26d61ca30e526d103b44b/element - {"using":"xpath","value":"//span[@id=\"application-managepartners-display-component---masterPtm--smartTable-header-inner\"]"}
RESULT: {"using":"xpath","value":"//span[@id=\"application-managepartners-display-component---masterPtm--smartTable-header-inner\"]"}
COMMAND: POST /session/f519eddc2ea26d61ca30e526d103b44b/elements - {"using":"xpath","value":"//span[@id=\"application-managepartners-display-component---masterPtm--smartTable-header-inner\"]"}
RESULT: {"using":"xpath","value":"//span[@id=\"application-managepartners-display-component---masterPtm--smartTable-header-inner\"]"}
COMMAND: POST /session/f519eddc2ea26d61ca30e526d103b44b/execute/sync - {"script":"<script> [56 bytes]","args":[{"element-6066-11e4-a52e-4f735466cecf":"f.A346BA6B978C9328C0C2B851E75B8348.d.88E2A92E74E3F8DDBCA0A3FBA68F3CF3.e.7725","ELEMENT":"f.A346BA6B978C9328C0C2B851E75B8348.d.88E2A92E74E3F8DDBCA0A3FBA68F3CF3.e.7725"}]}
RESULT: {"script":"<script> [56 bytes]","args":[{"element-6066-11e4-a52e-4f735466cecf":"f.A346BA6B978C9328C0C2B851E75B8348.d.88E2A92E74E3F8DDBCA0A3FBA68F3CF3.e.7725","ELEMENT":"f.A346BA6B978C9328C0C2B851E75B8348.d.88E2A92E74E3F8DDBCA0A3FBA68F3CF3.e.7725"}]}
COMMAND: POST /session/f519eddc2ea26d61ca30e526d103b44b/element - {"using":"xpath","value":"//span[contains(@title, \"Remove\")]"}
COMMAND: GET /session/f519eddc2ea26d61ca30e526d103b44b/screenshot - {}
RESULT: {"using":"xpath","value":"//span[contains(@title, \"Remove\")]"}
COMMAND: POST /session/f519eddc2ea26d61ca30e526d103b44b/element/f.A346BA6B978C9328C0C2B851E75B8348.d.88E2A92E74E3F8DDBCA0A3FBA68F3CF3.e.8031/click - {}
RESULT: {}
RESULT: {}
COMMAND: GET /session/f519eddc2ea26d61ca30e526d103b44b/screenshot - {}
RESULT: {}
RESULT: undefined
COMMAND: POST /session/f519eddc2ea26d61ca30e526d103b44b/element - {"using":"xpath","value":"//*[@id=\"application-managepartners-display-component---masterPtm--smartFilterBar-filterItemControl_BASIC-MAIN_ADDRESS-vhi\"]"}
RESULT: {"using":"xpath","value":"//*[@id=\"application-managepartners-display-component---masterPtm--smartFilterBar-filterItemControl_BASIC-MAIN_ADDRESS-vhi\"]"}
COMMAND: POST /session/f519eddc2ea26d61ca30e526d103b44b/element/f.A346BA6B978C9328C0C2B851E75B8348.d.88E2A92E74E3F8DDBCA0A3FBA68F3CF3.e.8137/click - {}
RESULT: {}
COMMAND: GET /session/f519eddc2ea26d61ca30e526d103b44b/screenshot - {}
RESULT: {}
RESULT: undefined
COMMAND: POST /session/f519eddc2ea26d61ca30e526d103b44b/execute/async - {"script":"<script> [776 bytes]","args":[{"enterText":"Romania","selector":{"id":"application-managepartners-display-component---masterPtm--smartFilterBar-filterItemControl_BASIC-MAIN_ADDRESS-valueHelpDialog-smartFilterBar-btnBasicSearch","searchOpenDialogs":true,"interaction":{"idSuffix":"I"}},"clearTextFirst":true,"interactionType":"ENTER_TEXT"}]}
RESULT: {"script":"<script> [776 bytes]","args":[{"enterText":"Romania","selector":{"id":"application-managepartners-display-component---masterPtm--smartFilterBar-filterItemControl_BASIC-MAIN_ADDRESS-valueHelpDialog-smartFilterBar-btnBasicSearch","searchOpenDialogs":true,"interaction":{"idSuffix":"I"}},"clearTextFirst":true,"interactionType":"ENTER_TEXT"}]}
COMMAND: POST /session/f519eddc2ea26d61ca30e526d103b44b/actions - {"actions":[{"id":"action24","type":"key","parameters":{},"actions":[{"type":"keyDown","value":"î€‡"},{"type":"pause","duration":10},{"type":"keyUp","value":"î€‡"}]}]}
RESULT: {"actions":[{"id":"action24","type":"key","parameters":{},"actions":[{"type":"keyDown","value":"î€‡"},{"type":"pause","duration":10},{"type":"keyUp","value":"î€‡"}]}]}
COMMAND: POST /session/f519eddc2ea26d61ca30e526d103b44b/elements - {"using":"xpath","value":"//table[contains(@id, \"smartFilterBar-filterItemControl_BASIC-MAIN_ADDRESS-valueHelpDialog-table-table\")]/tbody/tr"}
COMMAND: GET /session/f519eddc2ea26d61ca30e526d103b44b/screenshot - {}
RESULT: {"using":"xpath","value":"//table[contains(@id, \"smartFilterBar-filterItemControl_BASIC-MAIN_ADDRESS-valueHelpDialog-table-table\")]/tbody/tr"}
COMMAND: POST /session/f519eddc2ea26d61ca30e526d103b44b/element - {"using":"xpath","value":"//table[contains(@id, \"smartFilterBar-filterItemControl_BASIC-MAIN_ADDRESS-valueHelpDialog-table-table\")]/tbody/tr[1]/td[1]/div/span"}
RESULT: {}
RESULT: {"using":"xpath","value":"//table[contains(@id, \"smartFilterBar-filterItemControl_BASIC-MAIN_ADDRESS-valueHelpDialog-table-table\")]/tbody/tr[1]/td[1]/div/span"}
COMMAND: POST /session/f519eddc2ea26d61ca30e526d103b44b/elements - {"using":"xpath","value":"//table[contains(@id, \"smartFilterBar-filterItemControl_BASIC-MAIN_ADDRESS-valueHelpDialog-table-table\")]/tbody/tr[1]/td[1]/div/span"}
RESULT: {"using":"xpath","value":"//table[contains(@id, \"smartFilterBar-filterItemControl_BASIC-MAIN_ADDRESS-valueHelpDialog-table-table\")]/tbody/tr[1]/td[1]/div/span"}
COMMAND: POST /session/f519eddc2ea26d61ca30e526d103b44b/execute/sync - {"script":"<script> [56 bytes]","args":[{"element-6066-11e4-a52e-4f735466cecf":"f.A346BA6B978C9328C0C2B851E75B8348.d.88E2A92E74E3F8DDBCA0A3FBA68F3CF3.e.8158","ELEMENT":"f.A346BA6B978C9328C0C2B851E75B8348.d.88E2A92E74E3F8DDBCA0A3FBA68F3CF3.e.8158"}]}
RESULT: {"script":"<script> [56 bytes]","args":[{"element-6066-11e4-a52e-4f735466cecf":"f.A346BA6B978C9328C0C2B851E75B8348.d.88E2A92E74E3F8DDBCA0A3FBA68F3CF3.e.8158","ELEMENT":"f.A346BA6B978C9328C0C2B851E75B8348.d.88E2A92E74E3F8DDBCA0A3FBA68F3CF3.e.8158"}]}
COMMAND: POST /session/f519eddc2ea26d61ca30e526d103b44b/element - {"using":"xpath","value":"//div[contains(@id, \"filterItemControl_BASIC-MAIN_ADDRESS-valueHelpDialog-table-rowsel0\")]"}
COMMAND: GET /session/f519eddc2ea26d61ca30e526d103b44b/screenshot - {}
RESULT: {"using":"xpath","value":"//div[contains(@id, \"filterItemControl_BASIC-MAIN_ADDRESS-valueHelpDialog-table-rowsel0\")]"}
COMMAND: POST /session/f519eddc2ea26d61ca30e526d103b44b/element/f.A346BA6B978C9328C0C2B851E75B8348.d.88E2A92E74E3F8DDBCA0A3FBA68F3CF3.e.8159/click - {}
RESULT: {}
RESULT: {}
COMMAND: GET /session/f519eddc2ea26d61ca30e526d103b44b/screenshot - {}
RESULT: {}
COMMAND: POST /session/f519eddc2ea26d61ca30e526d103b44b/element - {"using":"xpath","value":"(//bdi[contains(text(), \"OK\")])[1]"}
RESULT: {"using":"xpath","value":"(//bdi[contains(text(), \"OK\")])[1]"}
COMMAND: POST /session/f519eddc2ea26d61ca30e526d103b44b/element/f.A346BA6B978C9328C0C2B851E75B8348.d.88E2A92E74E3F8DDBCA0A3FBA68F3CF3.e.8161/click - {}
RESULT: {}
COMMAND: GET /session/f519eddc2ea26d61ca30e526d103b44b/screenshot - {}
RESULT: {}
COMMAND: POST /session/f519eddc2ea26d61ca30e526d103b44b/element - {"using":"xpath","value":"//span[@id=\"application-managepartners-display-component---masterPtm--smartTable-header-inner\"]"}
RESULT: {"using":"xpath","value":"//span[@id=\"application-managepartners-display-component---masterPtm--smartTable-header-inner\"]"}
COMMAND: POST /session/f519eddc2ea26d61ca30e526d103b44b/elements - {"using":"xpath","value":"//span[@id=\"application-managepartners-display-component---masterPtm--smartTable-header-inner\"]"}
RESULT: {"using":"xpath","value":"//span[@id=\"application-managepartners-display-component---masterPtm--smartTable-header-inner\"]"}
COMMAND: POST /session/f519eddc2ea26d61ca30e526d103b44b/execute/sync - {"script":"<script> [56 bytes]","args":[{"element-6066-11e4-a52e-4f735466cecf":"f.A346BA6B978C9328C0C2B851E75B8348.d.88E2A92E74E3F8DDBCA0A3FBA68F3CF3.e.7725","ELEMENT":"f.A346BA6B978C9328C0C2B851E75B8348.d.88E2A92E74E3F8DDBCA0A3FBA68F3CF3.e.7725"}]}
RESULT: {"script":"<script> [56 bytes]","args":[{"element-6066-11e4-a52e-4f735466cecf":"f.A346BA6B978C9328C0C2B851E75B8348.d.88E2A92E74E3F8DDBCA0A3FBA68F3CF3.e.7725","ELEMENT":"f.A346BA6B978C9328C0C2B851E75B8348.d.88E2A92E74E3F8DDBCA0A3FBA68F3CF3.e.7725"}]}
COMMAND: POST /session/f519eddc2ea26d61ca30e526d103b44b/element - {"using":"xpath","value":"//span[contains(@title, \"Remove\")]"}
COMMAND: GET /session/f519eddc2ea26d61ca30e526d103b44b/screenshot - {}
RESULT: {"using":"xpath","value":"//span[contains(@title, \"Remove\")]"}
COMMAND: POST /session/f519eddc2ea26d61ca30e526d103b44b/element/f.A346BA6B978C9328C0C2B851E75B8348.d.88E2A92E74E3F8DDBCA0A3FBA68F3CF3.e.8174/click - {}
RESULT: {}
RESULT: {}
COMMAND: GET /session/f519eddc2ea26d61ca30e526d103b44b/screenshot - {}
RESULT: {}
COMMAND: POST /session/f519eddc2ea26d61ca30e526d103b44b/execute/async - {"script":"<script> [1562 bytes]","args":[{"selector":{"id":"application-managepartners-display-component---masterPtm--catalogs-arrow"},"wdio_ui5_key":"applicationmanagepartners-display-component---masterPtm--catalogs-arrow"}]}
RESULT: {"script":"<script> [1562 bytes]","args":[{"selector":{"id":"application-managepartners-display-component---masterPtm--catalogs-arrow"},"wdio_ui5_key":"applicationmanagepartners-display-component---masterPtm--catalogs-arrow"}]}
RESULT: undefined
COMMAND: POST /session/f519eddc2ea26d61ca30e526d103b44b/element - {"using":"xpath","value":"//*[@id=\"application-managepartners-display-component---masterPtm--catalogs-arrow\"]"}
RESULT: {"using":"xpath","value":"//*[@id=\"application-managepartners-display-component---masterPtm--catalogs-arrow\"]"}
COMMAND: POST /session/f519eddc2ea26d61ca30e526d103b44b/element/f.A346BA6B978C9328C0C2B851E75B8348.d.88E2A92E74E3F8DDBCA0A3FBA68F3CF3.e.8278/click - {}
RESULT: {}
COMMAND: GET /session/f519eddc2ea26d61ca30e526d103b44b/screenshot - {}
RESULT: {}
COMMAND: POST /session/f519eddc2ea26d61ca30e526d103b44b/element - {"using":"xpath","value":"//li[.//span[text()=\"Webshop Catalog\"]]//div[contains(@class,\"sapMCbBg\")]"}
RESULT: {"using":"xpath","value":"//li[.//span[text()=\"Webshop Catalog\"]]//div[contains(@class,\"sapMCbBg\")]"}
COMMAND: POST /session/f519eddc2ea26d61ca30e526d103b44b/element/f.A346BA6B978C9328C0C2B851E75B8348.d.88E2A92E74E3F8DDBCA0A3FBA68F3CF3.e.8290/click - {}
RESULT: {}
COMMAND: GET /session/f519eddc2ea26d61ca30e526d103b44b/screenshot - {}
RESULT: {}
RESULT: undefined
COMMAND: POST /session/f519eddc2ea26d61ca30e526d103b44b/element - {"using":"xpath","value":"//*[@id=\"application-managepartners-display-component---masterPtm--catalogs-arrow\"]"}
RESULT: {"using":"xpath","value":"//*[@id=\"application-managepartners-display-component---masterPtm--catalogs-arrow\"]"}
COMMAND: POST /session/f519eddc2ea26d61ca30e526d103b44b/element/f.A346BA6B978C9328C0C2B851E75B8348.d.88E2A92E74E3F8DDBCA0A3FBA68F3CF3.e.8278/click - {}
RESULT: {}
COMMAND: POST /session/f519eddc2ea26d61ca30e526d103b44b/element - {"using":"xpath","value":"//span[@id=\"application-managepartners-display-component---masterPtm--smartTable-header-inner\"]"}
COMMAND: GET /session/f519eddc2ea26d61ca30e526d103b44b/screenshot - {}
RESULT: {"using":"xpath","value":"//span[@id=\"application-managepartners-display-component---masterPtm--smartTable-header-inner\"]"}
COMMAND: POST /session/f519eddc2ea26d61ca30e526d103b44b/elements - {"using":"xpath","value":"//span[@id=\"application-managepartners-display-component---masterPtm--smartTable-header-inner\"]"}
RESULT: {}
RESULT: {"using":"xpath","value":"//span[@id=\"application-managepartners-display-component---masterPtm--smartTable-header-inner\"]"}
COMMAND: POST /session/f519eddc2ea26d61ca30e526d103b44b/execute/sync - {"script":"<script> [56 bytes]","args":[{"element-6066-11e4-a52e-4f735466cecf":"f.A346BA6B978C9328C0C2B851E75B8348.d.88E2A92E74E3F8DDBCA0A3FBA68F3CF3.e.7725","ELEMENT":"f.A346BA6B978C9328C0C2B851E75B8348.d.88E2A92E74E3F8DDBCA0A3FBA68F3CF3.e.7725"}]}
RESULT: {"script":"<script> [56 bytes]","args":[{"element-6066-11e4-a52e-4f735466cecf":"f.A346BA6B978C9328C0C2B851E75B8348.d.88E2A92E74E3F8DDBCA0A3FBA68F3CF3.e.7725","ELEMENT":"f.A346BA6B978C9328C0C2B851E75B8348.d.88E2A92E74E3F8DDBCA0A3FBA68F3CF3.e.7725"}]}
COMMAND: GET /session/f519eddc2ea26d61ca30e526d103b44b/screenshot - {}
COMMAND: GET /session/f519eddc2ea26d61ca30e526d103b44b/screenshot - {}
RESULT: {}
]]></system-out>
      <system-err><![CDATA[
TypeError: Cannot read properties of null (reading '0')
    at Context.<anonymous> (D:\a\1\s\test\specs\BTS\manage-partners.spec.js:976:97)
]]></system-err>
    </testcase>
    <testcase classname="chrome.135_0_7049_96.windows.Partner_specific_tests_US150819_US151080_US151654_US151176_US103444_US151078_US151079_US151109_US151174_US151175_US151189" name="Should do various searches US151175" time="173.671">
      <skipped />
      <system-out><![CDATA[
COMMAND: POST /session/f519eddc2ea26d61ca30e526d103b44b/element - {"using":"xpath","value":"//li[.//span[text()=\"Manage Partners\"]]"}
RESULT: {}
RESULT: {"using":"xpath","value":"//li[.//span[text()=\"Manage Partners\"]]"}
COMMAND: POST /session/f519eddc2ea26d61ca30e526d103b44b/element - {"using":"xpath","value":"//li[.//span[text()=\"Manage Partners\"]]"}
RESULT: {"using":"xpath","value":"//li[.//span[text()=\"Manage Partners\"]]"}
COMMAND: POST /session/f519eddc2ea26d61ca30e526d103b44b/element - {"using":"css selector","value":"#shell-header-logo"}
RESULT: {"using":"css selector","value":"#shell-header-logo"}
COMMAND: POST /session/f519eddc2ea26d61ca30e526d103b44b/element/f.A346BA6B978C9328C0C2B851E75B8348.d.88E2A92E74E3F8DDBCA0A3FBA68F3CF3.e.7554/click - {}
COMMAND: POST /session/f519eddc2ea26d61ca30e526d103b44b/execute/sync - {"script":"<script> [8489 bytes]","args":[{"element-6066-11e4-a52e-4f735466cecf":"f.A346BA6B978C9328C0C2B851E75B8348.d.88E2A92E74E3F8DDBCA0A3FBA68F3CF3.e.7554","ELEMENT":"f.A346BA6B978C9328C0C2B851E75B8348.d.88E2A92E74E3F8DDBCA0A3FBA68F3CF3.e.7554"}]}
RESULT: {}
COMMAND: GET /session/f519eddc2ea26d61ca30e526d103b44b/screenshot - {}
COMMAND: POST /session/f519eddc2ea26d61ca30e526d103b44b/element - {"using":"css selector","value":"#shell-header-logo"}
RESULT: {}
RESULT: {"using":"css selector","value":"#shell-header-logo"}
COMMAND: POST /session/f519eddc2ea26d61ca30e526d103b44b/execute/sync - {"script":"<script> [8489 bytes]","args":[{"element-6066-11e4-a52e-4f735466cecf":"f.A346BA6B978C9328C0C2B851E75B8348.d.88E2A92E74E3F8DDBCA0A3FBA68F3CF3.e.8305","ELEMENT":"f.A346BA6B978C9328C0C2B851E75B8348.d.88E2A92E74E3F8DDBCA0A3FBA68F3CF3.e.8305"}]}
RESULT: {"script":"<script> [8489 bytes]","args":[{"element-6066-11e4-a52e-4f735466cecf":"f.A346BA6B978C9328C0C2B851E75B8348.d.88E2A92E74E3F8DDBCA0A3FBA68F3CF3.e.8305","ELEMENT":"f.A346BA6B978C9328C0C2B851E75B8348.d.88E2A92E74E3F8DDBCA0A3FBA68F3CF3.e.8305"}]}
COMMAND: POST /session/f519eddc2ea26d61ca30e526d103b44b/execute/sync - {"script":"<script> [5351 bytes]","args":[{"element-6066-11e4-a52e-4f735466cecf":"f.A346BA6B978C9328C0C2B851E75B8348.d.88E2A92E74E3F8DDBCA0A3FBA68F3CF3.e.8305","ELEMENT":"f.A346BA6B978C9328C0C2B851E75B8348.d.88E2A92E74E3F8DDBCA0A3FBA68F3CF3.e.8305"}]}
COMMAND: GET /session/f519eddc2ea26d61ca30e526d103b44b/screenshot - {}
RESULT: {"script":"<script> [5351 bytes]","args":[{"element-6066-11e4-a52e-4f735466cecf":"f.A346BA6B978C9328C0C2B851E75B8348.d.88E2A92E74E3F8DDBCA0A3FBA68F3CF3.e.8305","ELEMENT":"f.A346BA6B978C9328C0C2B851E75B8348.d.88E2A92E74E3F8DDBCA0A3FBA68F3CF3.e.8305"}]}
COMMAND: GET /session/f519eddc2ea26d61ca30e526d103b44b/screenshot - {}
RESULT: {}
RESULT: {}
RESULT: undefined
COMMAND: POST /session/f519eddc2ea26d61ca30e526d103b44b/element - {"using":"xpath","value":"//*[@id=\"__tile30\"]"}
RESULT: {"using":"xpath","value":"//*[@id=\"__tile30\"]"}
COMMAND: POST /session/f519eddc2ea26d61ca30e526d103b44b/element/f.A346BA6B978C9328C0C2B851E75B8348.d.88E2A92E74E3F8DDBCA0A3FBA68F3CF3.e.4503/click - {}
RESULT: {}
COMMAND: POST /session/f519eddc2ea26d61ca30e526d103b44b/element - {"using":"xpath","value":"//button[@data-kt=\"addButton\"]"}
COMMAND: GET /session/f519eddc2ea26d61ca30e526d103b44b/screenshot - {}
RESULT: {"using":"xpath","value":"//button[@data-kt=\"addButton\"]"}
COMMAND: POST /session/f519eddc2ea26d61ca30e526d103b44b/elements - {"using":"xpath","value":"//button[@data-kt=\"addButton\"]"}
RESULT: {}
RESULT: {"using":"xpath","value":"//button[@data-kt=\"addButton\"]"}
COMMAND: POST /session/f519eddc2ea26d61ca30e526d103b44b/element - {"using":"xpath","value":"//button[@data-kt=\"addButton\"]"}
RESULT: {"using":"xpath","value":"//button[@data-kt=\"addButton\"]"}
COMMAND: POST /session/f519eddc2ea26d61ca30e526d103b44b/execute/sync - {"script":"<script> [8489 bytes]","args":[{"element-6066-11e4-a52e-4f735466cecf":"f.A346BA6B978C9328C0C2B851E75B8348.d.88E2A92E74E3F8DDBCA0A3FBA68F3CF3.e.8350","ELEMENT":"f.A346BA6B978C9328C0C2B851E75B8348.d.88E2A92E74E3F8DDBCA0A3FBA68F3CF3.e.8350"}]}
RESULT: {"script":"<script> [8489 bytes]","args":[{"element-6066-11e4-a52e-4f735466cecf":"f.A346BA6B978C9328C0C2B851E75B8348.d.88E2A92E74E3F8DDBCA0A3FBA68F3CF3.e.8350","ELEMENT":"f.A346BA6B978C9328C0C2B851E75B8348.d.88E2A92E74E3F8DDBCA0A3FBA68F3CF3.e.8350"}]}
COMMAND: GET /session/f519eddc2ea26d61ca30e526d103b44b/element/f.A346BA6B978C9328C0C2B851E75B8348.d.88E2A92E74E3F8DDBCA0A3FBA68F3CF3.e.8350/enabled - {}
COMMAND: GET /session/f519eddc2ea26d61ca30e526d103b44b/screenshot - {}
RESULT: {}
COMMAND: POST /session/f519eddc2ea26d61ca30e526d103b44b/execute/sync - {"script":"<script> [8489 bytes]","args":[{"element-6066-11e4-a52e-4f735466cecf":"f.A346BA6B978C9328C0C2B851E75B8348.d.88E2A92E74E3F8DDBCA0A3FBA68F3CF3.e.8350","ELEMENT":"f.A346BA6B978C9328C0C2B851E75B8348.d.88E2A92E74E3F8DDBCA0A3FBA68F3CF3.e.8350"}]}
COMMAND: GET /session/f519eddc2ea26d61ca30e526d103b44b/screenshot - {}
RESULT: {}
RESULT: {"script":"<script> [8489 bytes]","args":[{"element-6066-11e4-a52e-4f735466cecf":"f.A346BA6B978C9328C0C2B851E75B8348.d.88E2A92E74E3F8DDBCA0A3FBA68F3CF3.e.8350","ELEMENT":"f.A346BA6B978C9328C0C2B851E75B8348.d.88E2A92E74E3F8DDBCA0A3FBA68F3CF3.e.8350"}]}
COMMAND: POST /session/f519eddc2ea26d61ca30e526d103b44b/execute/sync - {"script":"<script> [5351 bytes]","args":[{"element-6066-11e4-a52e-4f735466cecf":"f.A346BA6B978C9328C0C2B851E75B8348.d.88E2A92E74E3F8DDBCA0A3FBA68F3CF3.e.8350","ELEMENT":"f.A346BA6B978C9328C0C2B851E75B8348.d.88E2A92E74E3F8DDBCA0A3FBA68F3CF3.e.8350"}]}
COMMAND: GET /session/f519eddc2ea26d61ca30e526d103b44b/screenshot - {}
RESULT: {}
RESULT: {"script":"<script> [5351 bytes]","args":[{"element-6066-11e4-a52e-4f735466cecf":"f.A346BA6B978C9328C0C2B851E75B8348.d.88E2A92E74E3F8DDBCA0A3FBA68F3CF3.e.8350","ELEMENT":"f.A346BA6B978C9328C0C2B851E75B8348.d.88E2A92E74E3F8DDBCA0A3FBA68F3CF3.e.8350"}]}
COMMAND: GET /session/f519eddc2ea26d61ca30e526d103b44b/screenshot - {}
RESULT: {}
RESULT: {}
COMMAND: POST /session/f519eddc2ea26d61ca30e526d103b44b/element - {"using":"xpath","value":"//span[@id=\"application-managepartners-display-component---masterPtm--smartTable-header-inner\"]"}
RESULT: {"using":"xpath","value":"//span[@id=\"application-managepartners-display-component---masterPtm--smartTable-header-inner\"]"}
COMMAND: POST /session/f519eddc2ea26d61ca30e526d103b44b/elements - {"using":"xpath","value":"//span[@id=\"application-managepartners-display-component---masterPtm--smartTable-header-inner\"]"}
RESULT: {"using":"xpath","value":"//span[@id=\"application-managepartners-display-component---masterPtm--smartTable-header-inner\"]"}
COMMAND: POST /session/f519eddc2ea26d61ca30e526d103b44b/execute/sync - {"script":"<script> [56 bytes]","args":[{"element-6066-11e4-a52e-4f735466cecf":"f.A346BA6B978C9328C0C2B851E75B8348.d.88E2A92E74E3F8DDBCA0A3FBA68F3CF3.e.8476","ELEMENT":"f.A346BA6B978C9328C0C2B851E75B8348.d.88E2A92E74E3F8DDBCA0A3FBA68F3CF3.e.8476"}]}
RESULT: {"script":"<script> [56 bytes]","args":[{"element-6066-11e4-a52e-4f735466cecf":"f.A346BA6B978C9328C0C2B851E75B8348.d.88E2A92E74E3F8DDBCA0A3FBA68F3CF3.e.8476","ELEMENT":"f.A346BA6B978C9328C0C2B851E75B8348.d.88E2A92E74E3F8DDBCA0A3FBA68F3CF3.e.8476"}]}
RESULT: undefined
COMMAND: POST /session/f519eddc2ea26d61ca30e526d103b44b/element - {"using":"xpath","value":"//*[@id=\"application-managepartners-display-component---masterPtm--smartFilterBar-btnFilters\"]"}
COMMAND: GET /session/f519eddc2ea26d61ca30e526d103b44b/screenshot - {}
RESULT: {"using":"xpath","value":"//*[@id=\"application-managepartners-display-component---masterPtm--smartFilterBar-btnFilters\"]"}
COMMAND: POST /session/f519eddc2ea26d61ca30e526d103b44b/element/f.A346BA6B978C9328C0C2B851E75B8348.d.88E2A92E74E3F8DDBCA0A3FBA68F3CF3.e.8315/click - {}
RESULT: {}
RESULT: {}
COMMAND: GET /session/f519eddc2ea26d61ca30e526d103b44b/screenshot - {}
RESULT: {}
COMMAND: POST /session/f519eddc2ea26d61ca30e526d103b44b/elements - {"using":"xpath","value":"//table[contains(@id, \"listView-innerSelectionPanelTable-listUl\")]/tbody/tr"}
RESULT: {"using":"xpath","value":"//table[contains(@id, \"listView-innerSelectionPanelTable-listUl\")]/tbody/tr"}
COMMAND: POST /session/f519eddc2ea26d61ca30e526d103b44b/element - {"using":"xpath","value":"//table[contains(@id, \"listView-innerSelectionPanelTable-listUl\")]/tbody/tr[2]/td[2]/div/div"}
RESULT: {"using":"xpath","value":"//table[contains(@id, \"listView-innerSelectionPanelTable-listUl\")]/tbody/tr[2]/td[2]/div/div"}
COMMAND: POST /session/f519eddc2ea26d61ca30e526d103b44b/element - {"using":"xpath","value":"//table[contains(@id, \"listView-innerSelectionPanelTable-listUl\")]/tbody/tr[2]/td[2]/div"}
RESULT: {"using":"xpath","value":"//table[contains(@id, \"listView-innerSelectionPanelTable-listUl\")]/tbody/tr[2]/td[2]/div"}
COMMAND: POST /session/f519eddc2ea26d61ca30e526d103b44b/element - {"using":"xpath","value":"//table[contains(@id, \"listView-innerSelectionPanelTable-listUl\")]/tbody/tr[2]/td[3]/div/div/span/span[1]/bdi"}
RESULT: {"using":"xpath","value":"//table[contains(@id, \"listView-innerSelectionPanelTable-listUl\")]/tbody/tr[2]/td[3]/div/div/span/span[1]/bdi"}
COMMAND: POST /session/f519eddc2ea26d61ca30e526d103b44b/execute/sync - {"script":"<script> [56 bytes]","args":[{"element-6066-11e4-a52e-4f735466cecf":"f.A346BA6B978C9328C0C2B851E75B8348.d.88E2A92E74E3F8DDBCA0A3FBA68F3CF3.e.8544","ELEMENT":"f.A346BA6B978C9328C0C2B851E75B8348.d.88E2A92E74E3F8DDBCA0A3FBA68F3CF3.e.8544"}]}
RESULT: {"script":"<script> [56 bytes]","args":[{"element-6066-11e4-a52e-4f735466cecf":"f.A346BA6B978C9328C0C2B851E75B8348.d.88E2A92E74E3F8DDBCA0A3FBA68F3CF3.e.8544","ELEMENT":"f.A346BA6B978C9328C0C2B851E75B8348.d.88E2A92E74E3F8DDBCA0A3FBA68F3CF3.e.8544"}]}
COMMAND: GET /session/f519eddc2ea26d61ca30e526d103b44b/element/f.A346BA6B978C9328C0C2B851E75B8348.d.88E2A92E74E3F8DDBCA0A3FBA68F3CF3.e.8543/attribute/aria-checked - {}
COMMAND: GET /session/f519eddc2ea26d61ca30e526d103b44b/screenshot - {}
RESULT: {}
COMMAND: POST /session/f519eddc2ea26d61ca30e526d103b44b/element - {"using":"xpath","value":"//table[contains(@id, \"listView-innerSelectionPanelTable-listUl\")]/tbody/tr[3]/td[2]/div/div"}
RESULT: {}
RESULT: {"using":"xpath","value":"//table[contains(@id, \"listView-innerSelectionPanelTable-listUl\")]/tbody/tr[3]/td[2]/div/div"}
COMMAND: POST /session/f519eddc2ea26d61ca30e526d103b44b/element - {"using":"xpath","value":"//table[contains(@id, \"listView-innerSelectionPanelTable-listUl\")]/tbody/tr[3]/td[2]/div"}
RESULT: {"using":"xpath","value":"//table[contains(@id, \"listView-innerSelectionPanelTable-listUl\")]/tbody/tr[3]/td[2]/div"}
COMMAND: POST /session/f519eddc2ea26d61ca30e526d103b44b/element - {"using":"xpath","value":"//table[contains(@id, \"listView-innerSelectionPanelTable-listUl\")]/tbody/tr[3]/td[3]/div/div/span/span[1]/bdi"}
RESULT: {"using":"xpath","value":"//table[contains(@id, \"listView-innerSelectionPanelTable-listUl\")]/tbody/tr[3]/td[3]/div/div/span/span[1]/bdi"}
COMMAND: POST /session/f519eddc2ea26d61ca30e526d103b44b/execute/sync - {"script":"<script> [56 bytes]","args":[{"element-6066-11e4-a52e-4f735466cecf":"f.A346BA6B978C9328C0C2B851E75B8348.d.88E2A92E74E3F8DDBCA0A3FBA68F3CF3.e.8547","ELEMENT":"f.A346BA6B978C9328C0C2B851E75B8348.d.88E2A92E74E3F8DDBCA0A3FBA68F3CF3.e.8547"}]}
RESULT: {"script":"<script> [56 bytes]","args":[{"element-6066-11e4-a52e-4f735466cecf":"f.A346BA6B978C9328C0C2B851E75B8348.d.88E2A92E74E3F8DDBCA0A3FBA68F3CF3.e.8547","ELEMENT":"f.A346BA6B978C9328C0C2B851E75B8348.d.88E2A92E74E3F8DDBCA0A3FBA68F3CF3.e.8547"}]}
COMMAND: GET /session/f519eddc2ea26d61ca30e526d103b44b/element/f.A346BA6B978C9328C0C2B851E75B8348.d.88E2A92E74E3F8DDBCA0A3FBA68F3CF3.e.8546/attribute/aria-checked - {}
COMMAND: GET /session/f519eddc2ea26d61ca30e526d103b44b/screenshot - {}
RESULT: {}
COMMAND: POST /session/f519eddc2ea26d61ca30e526d103b44b/element - {"using":"xpath","value":"//table[contains(@id, \"listView-innerSelectionPanelTable-listUl\")]/tbody/tr[4]/td[2]/div/div"}
RESULT: {}
RESULT: {"using":"xpath","value":"//table[contains(@id, \"listView-innerSelectionPanelTable-listUl\")]/tbody/tr[4]/td[2]/div/div"}
COMMAND: POST /session/f519eddc2ea26d61ca30e526d103b44b/element - {"using":"xpath","value":"//table[contains(@id, \"listView-innerSelectionPanelTable-listUl\")]/tbody/tr[4]/td[2]/div"}
RESULT: {"using":"xpath","value":"//table[contains(@id, \"listView-innerSelectionPanelTable-listUl\")]/tbody/tr[4]/td[2]/div"}
COMMAND: POST /session/f519eddc2ea26d61ca30e526d103b44b/element - {"using":"xpath","value":"//table[contains(@id, \"listView-innerSelectionPanelTable-listUl\")]/tbody/tr[4]/td[3]/div/div/span/span[1]/bdi"}
RESULT: {"using":"xpath","value":"//table[contains(@id, \"listView-innerSelectionPanelTable-listUl\")]/tbody/tr[4]/td[3]/div/div/span/span[1]/bdi"}
COMMAND: POST /session/f519eddc2ea26d61ca30e526d103b44b/execute/sync - {"script":"<script> [56 bytes]","args":[{"element-6066-11e4-a52e-4f735466cecf":"f.A346BA6B978C9328C0C2B851E75B8348.d.88E2A92E74E3F8DDBCA0A3FBA68F3CF3.e.8550","ELEMENT":"f.A346BA6B978C9328C0C2B851E75B8348.d.88E2A92E74E3F8DDBCA0A3FBA68F3CF3.e.8550"}]}
RESULT: {"script":"<script> [56 bytes]","args":[{"element-6066-11e4-a52e-4f735466cecf":"f.A346BA6B978C9328C0C2B851E75B8348.d.88E2A92E74E3F8DDBCA0A3FBA68F3CF3.e.8550","ELEMENT":"f.A346BA6B978C9328C0C2B851E75B8348.d.88E2A92E74E3F8DDBCA0A3FBA68F3CF3.e.8550"}]}
COMMAND: GET /session/f519eddc2ea26d61ca30e526d103b44b/element/f.A346BA6B978C9328C0C2B851E75B8348.d.88E2A92E74E3F8DDBCA0A3FBA68F3CF3.e.8549/attribute/aria-checked - {}
COMMAND: GET /session/f519eddc2ea26d61ca30e526d103b44b/screenshot - {}
RESULT: {}
COMMAND: POST /session/f519eddc2ea26d61ca30e526d103b44b/element - {"using":"xpath","value":"//table[contains(@id, \"listView-innerSelectionPanelTable-listUl\")]/tbody/tr[5]/td[2]/div/div"}
RESULT: {}
RESULT: {"using":"xpath","value":"//table[contains(@id, \"listView-innerSelectionPanelTable-listUl\")]/tbody/tr[5]/td[2]/div/div"}
COMMAND: POST /session/f519eddc2ea26d61ca30e526d103b44b/element - {"using":"xpath","value":"//table[contains(@id, \"listView-innerSelectionPanelTable-listUl\")]/tbody/tr[5]/td[2]/div"}
RESULT: {"using":"xpath","value":"//table[contains(@id, \"listView-innerSelectionPanelTable-listUl\")]/tbody/tr[5]/td[2]/div"}
COMMAND: POST /session/f519eddc2ea26d61ca30e526d103b44b/element - {"using":"xpath","value":"//table[contains(@id, \"listView-innerSelectionPanelTable-listUl\")]/tbody/tr[5]/td[3]/div/div/span/span[1]/bdi"}
RESULT: {"using":"xpath","value":"//table[contains(@id, \"listView-innerSelectionPanelTable-listUl\")]/tbody/tr[5]/td[3]/div/div/span/span[1]/bdi"}
COMMAND: POST /session/f519eddc2ea26d61ca30e526d103b44b/execute/sync - {"script":"<script> [56 bytes]","args":[{"element-6066-11e4-a52e-4f735466cecf":"f.A346BA6B978C9328C0C2B851E75B8348.d.88E2A92E74E3F8DDBCA0A3FBA68F3CF3.e.8553","ELEMENT":"f.A346BA6B978C9328C0C2B851E75B8348.d.88E2A92E74E3F8DDBCA0A3FBA68F3CF3.e.8553"}]}
RESULT: {"script":"<script> [56 bytes]","args":[{"element-6066-11e4-a52e-4f735466cecf":"f.A346BA6B978C9328C0C2B851E75B8348.d.88E2A92E74E3F8DDBCA0A3FBA68F3CF3.e.8553","ELEMENT":"f.A346BA6B978C9328C0C2B851E75B8348.d.88E2A92E74E3F8DDBCA0A3FBA68F3CF3.e.8553"}]}
COMMAND: GET /session/f519eddc2ea26d61ca30e526d103b44b/element/f.A346BA6B978C9328C0C2B851E75B8348.d.88E2A92E74E3F8DDBCA0A3FBA68F3CF3.e.8552/attribute/aria-checked - {}
COMMAND: GET /session/f519eddc2ea26d61ca30e526d103b44b/screenshot - {}
RESULT: {}
COMMAND: POST /session/f519eddc2ea26d61ca30e526d103b44b/element - {"using":"xpath","value":"//table[contains(@id, \"listView-innerSelectionPanelTable-listUl\")]/tbody/tr[6]/td[2]/div/div"}
RESULT: {}
RESULT: {"using":"xpath","value":"//table[contains(@id, \"listView-innerSelectionPanelTable-listUl\")]/tbody/tr[6]/td[2]/div/div"}
COMMAND: POST /session/f519eddc2ea26d61ca30e526d103b44b/element - {"using":"xpath","value":"//table[contains(@id, \"listView-innerSelectionPanelTable-listUl\")]/tbody/tr[6]/td[2]/div"}
RESULT: {"using":"xpath","value":"//table[contains(@id, \"listView-innerSelectionPanelTable-listUl\")]/tbody/tr[6]/td[2]/div"}
COMMAND: POST /session/f519eddc2ea26d61ca30e526d103b44b/element - {"using":"xpath","value":"//table[contains(@id, \"listView-innerSelectionPanelTable-listUl\")]/tbody/tr[6]/td[3]/div/div/span/span[1]/bdi"}
RESULT: {"using":"xpath","value":"//table[contains(@id, \"listView-innerSelectionPanelTable-listUl\")]/tbody/tr[6]/td[3]/div/div/span/span[1]/bdi"}
COMMAND: POST /session/f519eddc2ea26d61ca30e526d103b44b/execute/sync - {"script":"<script> [56 bytes]","args":[{"element-6066-11e4-a52e-4f735466cecf":"f.A346BA6B978C9328C0C2B851E75B8348.d.88E2A92E74E3F8DDBCA0A3FBA68F3CF3.e.8556","ELEMENT":"f.A346BA6B978C9328C0C2B851E75B8348.d.88E2A92E74E3F8DDBCA0A3FBA68F3CF3.e.8556"}]}
RESULT: {"script":"<script> [56 bytes]","args":[{"element-6066-11e4-a52e-4f735466cecf":"f.A346BA6B978C9328C0C2B851E75B8348.d.88E2A92E74E3F8DDBCA0A3FBA68F3CF3.e.8556","ELEMENT":"f.A346BA6B978C9328C0C2B851E75B8348.d.88E2A92E74E3F8DDBCA0A3FBA68F3CF3.e.8556"}]}
COMMAND: GET /session/f519eddc2ea26d61ca30e526d103b44b/element/f.A346BA6B978C9328C0C2B851E75B8348.d.88E2A92E74E3F8DDBCA0A3FBA68F3CF3.e.8555/attribute/aria-checked - {}
COMMAND: GET /session/f519eddc2ea26d61ca30e526d103b44b/screenshot - {}
RESULT: {}
COMMAND: POST /session/f519eddc2ea26d61ca30e526d103b44b/element - {"using":"xpath","value":"//table[contains(@id, \"listView-innerSelectionPanelTable-listUl\")]/tbody/tr[7]/td[2]/div/div"}
RESULT: {}
RESULT: {"using":"xpath","value":"//table[contains(@id, \"listView-innerSelectionPanelTable-listUl\")]/tbody/tr[7]/td[2]/div/div"}
COMMAND: POST /session/f519eddc2ea26d61ca30e526d103b44b/element - {"using":"xpath","value":"//table[contains(@id, \"listView-innerSelectionPanelTable-listUl\")]/tbody/tr[7]/td[2]/div"}
RESULT: {"using":"xpath","value":"//table[contains(@id, \"listView-innerSelectionPanelTable-listUl\")]/tbody/tr[7]/td[2]/div"}
COMMAND: POST /session/f519eddc2ea26d61ca30e526d103b44b/element - {"using":"xpath","value":"//table[contains(@id, \"listView-innerSelectionPanelTable-listUl\")]/tbody/tr[7]/td[3]/div/div/span/span[1]/bdi"}
RESULT: {"using":"xpath","value":"//table[contains(@id, \"listView-innerSelectionPanelTable-listUl\")]/tbody/tr[7]/td[3]/div/div/span/span[1]/bdi"}
COMMAND: POST /session/f519eddc2ea26d61ca30e526d103b44b/execute/sync - {"script":"<script> [56 bytes]","args":[{"element-6066-11e4-a52e-4f735466cecf":"f.A346BA6B978C9328C0C2B851E75B8348.d.88E2A92E74E3F8DDBCA0A3FBA68F3CF3.e.8559","ELEMENT":"f.A346BA6B978C9328C0C2B851E75B8348.d.88E2A92E74E3F8DDBCA0A3FBA68F3CF3.e.8559"}]}
RESULT: {"script":"<script> [56 bytes]","args":[{"element-6066-11e4-a52e-4f735466cecf":"f.A346BA6B978C9328C0C2B851E75B8348.d.88E2A92E74E3F8DDBCA0A3FBA68F3CF3.e.8559","ELEMENT":"f.A346BA6B978C9328C0C2B851E75B8348.d.88E2A92E74E3F8DDBCA0A3FBA68F3CF3.e.8559"}]}
COMMAND: GET /session/f519eddc2ea26d61ca30e526d103b44b/element/f.A346BA6B978C9328C0C2B851E75B8348.d.88E2A92E74E3F8DDBCA0A3FBA68F3CF3.e.8558/attribute/aria-checked - {}
COMMAND: GET /session/f519eddc2ea26d61ca30e526d103b44b/screenshot - {}
RESULT: {}
COMMAND: POST /session/f519eddc2ea26d61ca30e526d103b44b/element - {"using":"xpath","value":"//table[contains(@id, \"listView-innerSelectionPanelTable-listUl\")]/tbody/tr[8]/td[2]/div/div"}
RESULT: {}
RESULT: {"using":"xpath","value":"//table[contains(@id, \"listView-innerSelectionPanelTable-listUl\")]/tbody/tr[8]/td[2]/div/div"}
COMMAND: POST /session/f519eddc2ea26d61ca30e526d103b44b/element - {"using":"xpath","value":"//table[contains(@id, \"listView-innerSelectionPanelTable-listUl\")]/tbody/tr[8]/td[2]/div"}
RESULT: {"using":"xpath","value":"//table[contains(@id, \"listView-innerSelectionPanelTable-listUl\")]/tbody/tr[8]/td[2]/div"}
COMMAND: POST /session/f519eddc2ea26d61ca30e526d103b44b/element - {"using":"xpath","value":"//table[contains(@id, \"listView-innerSelectionPanelTable-listUl\")]/tbody/tr[8]/td[3]/div/div/span/span[1]/bdi"}
RESULT: {"using":"xpath","value":"//table[contains(@id, \"listView-innerSelectionPanelTable-listUl\")]/tbody/tr[8]/td[3]/div/div/span/span[1]/bdi"}
COMMAND: POST /session/f519eddc2ea26d61ca30e526d103b44b/execute/sync - {"script":"<script> [56 bytes]","args":[{"element-6066-11e4-a52e-4f735466cecf":"f.A346BA6B978C9328C0C2B851E75B8348.d.88E2A92E74E3F8DDBCA0A3FBA68F3CF3.e.8562","ELEMENT":"f.A346BA6B978C9328C0C2B851E75B8348.d.88E2A92E74E3F8DDBCA0A3FBA68F3CF3.e.8562"}]}
RESULT: {"script":"<script> [56 bytes]","args":[{"element-6066-11e4-a52e-4f735466cecf":"f.A346BA6B978C9328C0C2B851E75B8348.d.88E2A92E74E3F8DDBCA0A3FBA68F3CF3.e.8562","ELEMENT":"f.A346BA6B978C9328C0C2B851E75B8348.d.88E2A92E74E3F8DDBCA0A3FBA68F3CF3.e.8562"}]}
COMMAND: GET /session/f519eddc2ea26d61ca30e526d103b44b/element/f.A346BA6B978C9328C0C2B851E75B8348.d.88E2A92E74E3F8DDBCA0A3FBA68F3CF3.e.8561/attribute/aria-checked - {}
COMMAND: GET /session/f519eddc2ea26d61ca30e526d103b44b/screenshot - {}
RESULT: {}
COMMAND: POST /session/f519eddc2ea26d61ca30e526d103b44b/element - {"using":"xpath","value":"//table[contains(@id, \"listView-innerSelectionPanelTable-listUl\")]/tbody/tr[9]/td[2]/div/div"}
RESULT: {}
RESULT: {"using":"xpath","value":"//table[contains(@id, \"listView-innerSelectionPanelTable-listUl\")]/tbody/tr[9]/td[2]/div/div"}
COMMAND: POST /session/f519eddc2ea26d61ca30e526d103b44b/element - {"using":"xpath","value":"//table[contains(@id, \"listView-innerSelectionPanelTable-listUl\")]/tbody/tr[9]/td[2]/div"}
RESULT: {"using":"xpath","value":"//table[contains(@id, \"listView-innerSelectionPanelTable-listUl\")]/tbody/tr[9]/td[2]/div"}
COMMAND: POST /session/f519eddc2ea26d61ca30e526d103b44b/element - {"using":"xpath","value":"//table[contains(@id, \"listView-innerSelectionPanelTable-listUl\")]/tbody/tr[9]/td[3]/div/div/span/span[1]/bdi"}
RESULT: {"using":"xpath","value":"//table[contains(@id, \"listView-innerSelectionPanelTable-listUl\")]/tbody/tr[9]/td[3]/div/div/span/span[1]/bdi"}
COMMAND: POST /session/f519eddc2ea26d61ca30e526d103b44b/execute/sync - {"script":"<script> [56 bytes]","args":[{"element-6066-11e4-a52e-4f735466cecf":"f.A346BA6B978C9328C0C2B851E75B8348.d.88E2A92E74E3F8DDBCA0A3FBA68F3CF3.e.8565","ELEMENT":"f.A346BA6B978C9328C0C2B851E75B8348.d.88E2A92E74E3F8DDBCA0A3FBA68F3CF3.e.8565"}]}
RESULT: {"script":"<script> [56 bytes]","args":[{"element-6066-11e4-a52e-4f735466cecf":"f.A346BA6B978C9328C0C2B851E75B8348.d.88E2A92E74E3F8DDBCA0A3FBA68F3CF3.e.8565","ELEMENT":"f.A346BA6B978C9328C0C2B851E75B8348.d.88E2A92E74E3F8DDBCA0A3FBA68F3CF3.e.8565"}]}
COMMAND: GET /session/f519eddc2ea26d61ca30e526d103b44b/element/f.A346BA6B978C9328C0C2B851E75B8348.d.88E2A92E74E3F8DDBCA0A3FBA68F3CF3.e.8564/attribute/aria-checked - {}
COMMAND: GET /session/f519eddc2ea26d61ca30e526d103b44b/screenshot - {}
RESULT: {}
COMMAND: POST /session/f519eddc2ea26d61ca30e526d103b44b/element - {"using":"xpath","value":"//table[contains(@id, \"listView-innerSelectionPanelTable-listUl\")]/tbody/tr[10]/td[2]/div/div"}
RESULT: {}
RESULT: {"using":"xpath","value":"//table[contains(@id, \"listView-innerSelectionPanelTable-listUl\")]/tbody/tr[10]/td[2]/div/div"}
COMMAND: POST /session/f519eddc2ea26d61ca30e526d103b44b/element - {"using":"xpath","value":"//table[contains(@id, \"listView-innerSelectionPanelTable-listUl\")]/tbody/tr[10]/td[2]/div"}
RESULT: {"using":"xpath","value":"//table[contains(@id, \"listView-innerSelectionPanelTable-listUl\")]/tbody/tr[10]/td[2]/div"}
COMMAND: POST /session/f519eddc2ea26d61ca30e526d103b44b/element - {"using":"xpath","value":"//table[contains(@id, \"listView-innerSelectionPanelTable-listUl\")]/tbody/tr[10]/td[3]/div/div/span/span[1]/bdi"}
RESULT: {"using":"xpath","value":"//table[contains(@id, \"listView-innerSelectionPanelTable-listUl\")]/tbody/tr[10]/td[3]/div/div/span/span[1]/bdi"}
COMMAND: POST /session/f519eddc2ea26d61ca30e526d103b44b/execute/sync - {"script":"<script> [56 bytes]","args":[{"element-6066-11e4-a52e-4f735466cecf":"f.A346BA6B978C9328C0C2B851E75B8348.d.88E2A92E74E3F8DDBCA0A3FBA68F3CF3.e.8568","ELEMENT":"f.A346BA6B978C9328C0C2B851E75B8348.d.88E2A92E74E3F8DDBCA0A3FBA68F3CF3.e.8568"}]}
RESULT: {"script":"<script> [56 bytes]","args":[{"element-6066-11e4-a52e-4f735466cecf":"f.A346BA6B978C9328C0C2B851E75B8348.d.88E2A92E74E3F8DDBCA0A3FBA68F3CF3.e.8568","ELEMENT":"f.A346BA6B978C9328C0C2B851E75B8348.d.88E2A92E74E3F8DDBCA0A3FBA68F3CF3.e.8568"}]}
COMMAND: GET /session/f519eddc2ea26d61ca30e526d103b44b/element/f.A346BA6B978C9328C0C2B851E75B8348.d.88E2A92E74E3F8DDBCA0A3FBA68F3CF3.e.8567/attribute/aria-checked - {}
COMMAND: GET /session/f519eddc2ea26d61ca30e526d103b44b/screenshot - {}
RESULT: {}
COMMAND: POST /session/f519eddc2ea26d61ca30e526d103b44b/element - {"using":"xpath","value":"//table[contains(@id, \"listView-innerSelectionPanelTable-listUl\")]/tbody/tr[11]/td[2]/div/div"}
RESULT: {}
RESULT: {"using":"xpath","value":"//table[contains(@id, \"listView-innerSelectionPanelTable-listUl\")]/tbody/tr[11]/td[2]/div/div"}
COMMAND: POST /session/f519eddc2ea26d61ca30e526d103b44b/element - {"using":"xpath","value":"//table[contains(@id, \"listView-innerSelectionPanelTable-listUl\")]/tbody/tr[11]/td[2]/div"}
RESULT: {"using":"xpath","value":"//table[contains(@id, \"listView-innerSelectionPanelTable-listUl\")]/tbody/tr[11]/td[2]/div"}
COMMAND: POST /session/f519eddc2ea26d61ca30e526d103b44b/element - {"using":"xpath","value":"//table[contains(@id, \"listView-innerSelectionPanelTable-listUl\")]/tbody/tr[11]/td[3]/div/div/span/span[1]/bdi"}
RESULT: {"using":"xpath","value":"//table[contains(@id, \"listView-innerSelectionPanelTable-listUl\")]/tbody/tr[11]/td[3]/div/div/span/span[1]/bdi"}
COMMAND: POST /session/f519eddc2ea26d61ca30e526d103b44b/execute/sync - {"script":"<script> [56 bytes]","args":[{"element-6066-11e4-a52e-4f735466cecf":"f.A346BA6B978C9328C0C2B851E75B8348.d.88E2A92E74E3F8DDBCA0A3FBA68F3CF3.e.8571","ELEMENT":"f.A346BA6B978C9328C0C2B851E75B8348.d.88E2A92E74E3F8DDBCA0A3FBA68F3CF3.e.8571"}]}
RESULT: {"script":"<script> [56 bytes]","args":[{"element-6066-11e4-a52e-4f735466cecf":"f.A346BA6B978C9328C0C2B851E75B8348.d.88E2A92E74E3F8DDBCA0A3FBA68F3CF3.e.8571","ELEMENT":"f.A346BA6B978C9328C0C2B851E75B8348.d.88E2A92E74E3F8DDBCA0A3FBA68F3CF3.e.8571"}]}
COMMAND: GET /session/f519eddc2ea26d61ca30e526d103b44b/element/f.A346BA6B978C9328C0C2B851E75B8348.d.88E2A92E74E3F8DDBCA0A3FBA68F3CF3.e.8570/attribute/aria-checked - {}
COMMAND: GET /session/f519eddc2ea26d61ca30e526d103b44b/screenshot - {}
RESULT: {}
COMMAND: POST /session/f519eddc2ea26d61ca30e526d103b44b/element - {"using":"xpath","value":"//table[contains(@id, \"listView-innerSelectionPanelTable-listUl\")]/tbody/tr[12]/td[2]/div/div"}
RESULT: {}
RESULT: {"using":"xpath","value":"//table[contains(@id, \"listView-innerSelectionPanelTable-listUl\")]/tbody/tr[12]/td[2]/div/div"}
COMMAND: POST /session/f519eddc2ea26d61ca30e526d103b44b/element - {"using":"xpath","value":"//table[contains(@id, \"listView-innerSelectionPanelTable-listUl\")]/tbody/tr[12]/td[2]/div"}
RESULT: {"using":"xpath","value":"//table[contains(@id, \"listView-innerSelectionPanelTable-listUl\")]/tbody/tr[12]/td[2]/div"}
COMMAND: POST /session/f519eddc2ea26d61ca30e526d103b44b/element - {"using":"xpath","value":"//table[contains(@id, \"listView-innerSelectionPanelTable-listUl\")]/tbody/tr[12]/td[3]/div/div/span/span[1]/bdi"}
RESULT: {"using":"xpath","value":"//table[contains(@id, \"listView-innerSelectionPanelTable-listUl\")]/tbody/tr[12]/td[3]/div/div/span/span[1]/bdi"}
COMMAND: POST /session/f519eddc2ea26d61ca30e526d103b44b/execute/sync - {"script":"<script> [56 bytes]","args":[{"element-6066-11e4-a52e-4f735466cecf":"f.A346BA6B978C9328C0C2B851E75B8348.d.88E2A92E74E3F8DDBCA0A3FBA68F3CF3.e.8574","ELEMENT":"f.A346BA6B978C9328C0C2B851E75B8348.d.88E2A92E74E3F8DDBCA0A3FBA68F3CF3.e.8574"}]}
RESULT: {"script":"<script> [56 bytes]","args":[{"element-6066-11e4-a52e-4f735466cecf":"f.A346BA6B978C9328C0C2B851E75B8348.d.88E2A92E74E3F8DDBCA0A3FBA68F3CF3.e.8574","ELEMENT":"f.A346BA6B978C9328C0C2B851E75B8348.d.88E2A92E74E3F8DDBCA0A3FBA68F3CF3.e.8574"}]}
COMMAND: GET /session/f519eddc2ea26d61ca30e526d103b44b/element/f.A346BA6B978C9328C0C2B851E75B8348.d.88E2A92E74E3F8DDBCA0A3FBA68F3CF3.e.8573/attribute/aria-checked - {}
COMMAND: GET /session/f519eddc2ea26d61ca30e526d103b44b/screenshot - {}
RESULT: {}
COMMAND: POST /session/f519eddc2ea26d61ca30e526d103b44b/element - {"using":"xpath","value":"//table[contains(@id, \"listView-innerSelectionPanelTable-listUl\")]/tbody/tr[13]/td[2]/div/div"}
RESULT: {}
RESULT: {"using":"xpath","value":"//table[contains(@id, \"listView-innerSelectionPanelTable-listUl\")]/tbody/tr[13]/td[2]/div/div"}
COMMAND: POST /session/f519eddc2ea26d61ca30e526d103b44b/element - {"using":"xpath","value":"//table[contains(@id, \"listView-innerSelectionPanelTable-listUl\")]/tbody/tr[13]/td[2]/div"}
RESULT: {"using":"xpath","value":"//table[contains(@id, \"listView-innerSelectionPanelTable-listUl\")]/tbody/tr[13]/td[2]/div"}
COMMAND: POST /session/f519eddc2ea26d61ca30e526d103b44b/element - {"using":"xpath","value":"//table[contains(@id, \"listView-innerSelectionPanelTable-listUl\")]/tbody/tr[13]/td[3]/div/div/span/span[1]/bdi"}
RESULT: {"using":"xpath","value":"//table[contains(@id, \"listView-innerSelectionPanelTable-listUl\")]/tbody/tr[13]/td[3]/div/div/span/span[1]/bdi"}
COMMAND: POST /session/f519eddc2ea26d61ca30e526d103b44b/execute/sync - {"script":"<script> [56 bytes]","args":[{"element-6066-11e4-a52e-4f735466cecf":"f.A346BA6B978C9328C0C2B851E75B8348.d.88E2A92E74E3F8DDBCA0A3FBA68F3CF3.e.8577","ELEMENT":"f.A346BA6B978C9328C0C2B851E75B8348.d.88E2A92E74E3F8DDBCA0A3FBA68F3CF3.e.8577"}]}
RESULT: {"script":"<script> [56 bytes]","args":[{"element-6066-11e4-a52e-4f735466cecf":"f.A346BA6B978C9328C0C2B851E75B8348.d.88E2A92E74E3F8DDBCA0A3FBA68F3CF3.e.8577","ELEMENT":"f.A346BA6B978C9328C0C2B851E75B8348.d.88E2A92E74E3F8DDBCA0A3FBA68F3CF3.e.8577"}]}
COMMAND: GET /session/f519eddc2ea26d61ca30e526d103b44b/element/f.A346BA6B978C9328C0C2B851E75B8348.d.88E2A92E74E3F8DDBCA0A3FBA68F3CF3.e.8576/attribute/aria-checked - {}
COMMAND: GET /session/f519eddc2ea26d61ca30e526d103b44b/screenshot - {}
RESULT: {}
COMMAND: POST /session/f519eddc2ea26d61ca30e526d103b44b/element - {"using":"xpath","value":"//table[contains(@id, \"listView-innerSelectionPanelTable-listUl\")]/tbody/tr[14]/td[2]/div/div"}
RESULT: {}
RESULT: {"using":"xpath","value":"//table[contains(@id, \"listView-innerSelectionPanelTable-listUl\")]/tbody/tr[14]/td[2]/div/div"}
COMMAND: POST /session/f519eddc2ea26d61ca30e526d103b44b/element - {"using":"xpath","value":"//table[contains(@id, \"listView-innerSelectionPanelTable-listUl\")]/tbody/tr[14]/td[2]/div"}
RESULT: {"using":"xpath","value":"//table[contains(@id, \"listView-innerSelectionPanelTable-listUl\")]/tbody/tr[14]/td[2]/div"}
COMMAND: POST /session/f519eddc2ea26d61ca30e526d103b44b/element - {"using":"xpath","value":"//table[contains(@id, \"listView-innerSelectionPanelTable-listUl\")]/tbody/tr[14]/td[3]/div/div/span/span[1]/bdi"}
RESULT: {"using":"xpath","value":"//table[contains(@id, \"listView-innerSelectionPanelTable-listUl\")]/tbody/tr[14]/td[3]/div/div/span/span[1]/bdi"}
COMMAND: POST /session/f519eddc2ea26d61ca30e526d103b44b/execute/sync - {"script":"<script> [56 bytes]","args":[{"element-6066-11e4-a52e-4f735466cecf":"f.A346BA6B978C9328C0C2B851E75B8348.d.88E2A92E74E3F8DDBCA0A3FBA68F3CF3.e.8580","ELEMENT":"f.A346BA6B978C9328C0C2B851E75B8348.d.88E2A92E74E3F8DDBCA0A3FBA68F3CF3.e.8580"}]}
RESULT: {"script":"<script> [56 bytes]","args":[{"element-6066-11e4-a52e-4f735466cecf":"f.A346BA6B978C9328C0C2B851E75B8348.d.88E2A92E74E3F8DDBCA0A3FBA68F3CF3.e.8580","ELEMENT":"f.A346BA6B978C9328C0C2B851E75B8348.d.88E2A92E74E3F8DDBCA0A3FBA68F3CF3.e.8580"}]}
COMMAND: GET /session/f519eddc2ea26d61ca30e526d103b44b/element/f.A346BA6B978C9328C0C2B851E75B8348.d.88E2A92E74E3F8DDBCA0A3FBA68F3CF3.e.8579/attribute/aria-checked - {}
COMMAND: GET /session/f519eddc2ea26d61ca30e526d103b44b/screenshot - {}
RESULT: {}
COMMAND: POST /session/f519eddc2ea26d61ca30e526d103b44b/element - {"using":"xpath","value":"//table[contains(@id, \"listView-innerSelectionPanelTable-listUl\")]/tbody/tr[15]/td[2]/div/div"}
RESULT: {}
RESULT: {"using":"xpath","value":"//table[contains(@id, \"listView-innerSelectionPanelTable-listUl\")]/tbody/tr[15]/td[2]/div/div"}
COMMAND: POST /session/f519eddc2ea26d61ca30e526d103b44b/element - {"using":"xpath","value":"//table[contains(@id, \"listView-innerSelectionPanelTable-listUl\")]/tbody/tr[15]/td[2]/div"}
RESULT: {"using":"xpath","value":"//table[contains(@id, \"listView-innerSelectionPanelTable-listUl\")]/tbody/tr[15]/td[2]/div"}
COMMAND: POST /session/f519eddc2ea26d61ca30e526d103b44b/element - {"using":"xpath","value":"//table[contains(@id, \"listView-innerSelectionPanelTable-listUl\")]/tbody/tr[15]/td[3]/div/div/span/span[1]/bdi"}
RESULT: {"using":"xpath","value":"//table[contains(@id, \"listView-innerSelectionPanelTable-listUl\")]/tbody/tr[15]/td[3]/div/div/span/span[1]/bdi"}
COMMAND: POST /session/f519eddc2ea26d61ca30e526d103b44b/execute/sync - {"script":"<script> [56 bytes]","args":[{"element-6066-11e4-a52e-4f735466cecf":"f.A346BA6B978C9328C0C2B851E75B8348.d.88E2A92E74E3F8DDBCA0A3FBA68F3CF3.e.8583","ELEMENT":"f.A346BA6B978C9328C0C2B851E75B8348.d.88E2A92E74E3F8DDBCA0A3FBA68F3CF3.e.8583"}]}
RESULT: {"script":"<script> [56 bytes]","args":[{"element-6066-11e4-a52e-4f735466cecf":"f.A346BA6B978C9328C0C2B851E75B8348.d.88E2A92E74E3F8DDBCA0A3FBA68F3CF3.e.8583","ELEMENT":"f.A346BA6B978C9328C0C2B851E75B8348.d.88E2A92E74E3F8DDBCA0A3FBA68F3CF3.e.8583"}]}
COMMAND: GET /session/f519eddc2ea26d61ca30e526d103b44b/element/f.A346BA6B978C9328C0C2B851E75B8348.d.88E2A92E74E3F8DDBCA0A3FBA68F3CF3.e.8582/attribute/aria-checked - {}
COMMAND: GET /session/f519eddc2ea26d61ca30e526d103b44b/screenshot - {}
RESULT: {}
COMMAND: POST /session/f519eddc2ea26d61ca30e526d103b44b/element - {"using":"xpath","value":"//table[contains(@id, \"listView-innerSelectionPanelTable-listUl\")]/tbody/tr[16]/td[2]/div/div"}
RESULT: {}
RESULT: {"using":"xpath","value":"//table[contains(@id, \"listView-innerSelectionPanelTable-listUl\")]/tbody/tr[16]/td[2]/div/div"}
COMMAND: POST /session/f519eddc2ea26d61ca30e526d103b44b/element - {"using":"xpath","value":"//table[contains(@id, \"listView-innerSelectionPanelTable-listUl\")]/tbody/tr[16]/td[2]/div"}
RESULT: {"using":"xpath","value":"//table[contains(@id, \"listView-innerSelectionPanelTable-listUl\")]/tbody/tr[16]/td[2]/div"}
COMMAND: POST /session/f519eddc2ea26d61ca30e526d103b44b/element - {"using":"xpath","value":"//table[contains(@id, \"listView-innerSelectionPanelTable-listUl\")]/tbody/tr[16]/td[3]/div/div/span/span[1]/bdi"}
RESULT: {"using":"xpath","value":"//table[contains(@id, \"listView-innerSelectionPanelTable-listUl\")]/tbody/tr[16]/td[3]/div/div/span/span[1]/bdi"}
COMMAND: POST /session/f519eddc2ea26d61ca30e526d103b44b/execute/sync - {"script":"<script> [56 bytes]","args":[{"element-6066-11e4-a52e-4f735466cecf":"f.A346BA6B978C9328C0C2B851E75B8348.d.88E2A92E74E3F8DDBCA0A3FBA68F3CF3.e.8586","ELEMENT":"f.A346BA6B978C9328C0C2B851E75B8348.d.88E2A92E74E3F8DDBCA0A3FBA68F3CF3.e.8586"}]}
RESULT: {"script":"<script> [56 bytes]","args":[{"element-6066-11e4-a52e-4f735466cecf":"f.A346BA6B978C9328C0C2B851E75B8348.d.88E2A92E74E3F8DDBCA0A3FBA68F3CF3.e.8586","ELEMENT":"f.A346BA6B978C9328C0C2B851E75B8348.d.88E2A92E74E3F8DDBCA0A3FBA68F3CF3.e.8586"}]}
COMMAND: GET /session/f519eddc2ea26d61ca30e526d103b44b/element/f.A346BA6B978C9328C0C2B851E75B8348.d.88E2A92E74E3F8DDBCA0A3FBA68F3CF3.e.8585/attribute/aria-checked - {}
COMMAND: GET /session/f519eddc2ea26d61ca30e526d103b44b/screenshot - {}
RESULT: {}
COMMAND: POST /session/f519eddc2ea26d61ca30e526d103b44b/element - {"using":"xpath","value":"//table[contains(@id, \"listView-innerSelectionPanelTable-listUl\")]/tbody/tr[17]/td[2]/div/div"}
RESULT: {}
RESULT: {"using":"xpath","value":"//table[contains(@id, \"listView-innerSelectionPanelTable-listUl\")]/tbody/tr[17]/td[2]/div/div"}
COMMAND: POST /session/f519eddc2ea26d61ca30e526d103b44b/element - {"using":"xpath","value":"//table[contains(@id, \"listView-innerSelectionPanelTable-listUl\")]/tbody/tr[17]/td[2]/div"}
RESULT: {"using":"xpath","value":"//table[contains(@id, \"listView-innerSelectionPanelTable-listUl\")]/tbody/tr[17]/td[2]/div"}
COMMAND: POST /session/f519eddc2ea26d61ca30e526d103b44b/element - {"using":"xpath","value":"//table[contains(@id, \"listView-innerSelectionPanelTable-listUl\")]/tbody/tr[17]/td[3]/div/div/span/span[1]/bdi"}
RESULT: {"using":"xpath","value":"//table[contains(@id, \"listView-innerSelectionPanelTable-listUl\")]/tbody/tr[17]/td[3]/div/div/span/span[1]/bdi"}
COMMAND: POST /session/f519eddc2ea26d61ca30e526d103b44b/execute/sync - {"script":"<script> [56 bytes]","args":[{"element-6066-11e4-a52e-4f735466cecf":"f.A346BA6B978C9328C0C2B851E75B8348.d.88E2A92E74E3F8DDBCA0A3FBA68F3CF3.e.8589","ELEMENT":"f.A346BA6B978C9328C0C2B851E75B8348.d.88E2A92E74E3F8DDBCA0A3FBA68F3CF3.e.8589"}]}
RESULT: {"script":"<script> [56 bytes]","args":[{"element-6066-11e4-a52e-4f735466cecf":"f.A346BA6B978C9328C0C2B851E75B8348.d.88E2A92E74E3F8DDBCA0A3FBA68F3CF3.e.8589","ELEMENT":"f.A346BA6B978C9328C0C2B851E75B8348.d.88E2A92E74E3F8DDBCA0A3FBA68F3CF3.e.8589"}]}
COMMAND: GET /session/f519eddc2ea26d61ca30e526d103b44b/element/f.A346BA6B978C9328C0C2B851E75B8348.d.88E2A92E74E3F8DDBCA0A3FBA68F3CF3.e.8588/attribute/aria-checked - {}
COMMAND: GET /session/f519eddc2ea26d61ca30e526d103b44b/screenshot - {}
RESULT: {}
COMMAND: POST /session/f519eddc2ea26d61ca30e526d103b44b/element - {"using":"xpath","value":"//table[contains(@id, \"listView-innerSelectionPanelTable-listUl\")]/tbody/tr[18]/td[2]/div/div"}
RESULT: {}
RESULT: {"using":"xpath","value":"//table[contains(@id, \"listView-innerSelectionPanelTable-listUl\")]/tbody/tr[18]/td[2]/div/div"}
COMMAND: POST /session/f519eddc2ea26d61ca30e526d103b44b/element - {"using":"xpath","value":"//table[contains(@id, \"listView-innerSelectionPanelTable-listUl\")]/tbody/tr[18]/td[2]/div"}
RESULT: {"using":"xpath","value":"//table[contains(@id, \"listView-innerSelectionPanelTable-listUl\")]/tbody/tr[18]/td[2]/div"}
COMMAND: POST /session/f519eddc2ea26d61ca30e526d103b44b/element - {"using":"xpath","value":"//table[contains(@id, \"listView-innerSelectionPanelTable-listUl\")]/tbody/tr[18]/td[3]/div/div/span/span[1]/bdi"}
RESULT: {"using":"xpath","value":"//table[contains(@id, \"listView-innerSelectionPanelTable-listUl\")]/tbody/tr[18]/td[3]/div/div/span/span[1]/bdi"}
COMMAND: POST /session/f519eddc2ea26d61ca30e526d103b44b/execute/sync - {"script":"<script> [56 bytes]","args":[{"element-6066-11e4-a52e-4f735466cecf":"f.A346BA6B978C9328C0C2B851E75B8348.d.88E2A92E74E3F8DDBCA0A3FBA68F3CF3.e.8592","ELEMENT":"f.A346BA6B978C9328C0C2B851E75B8348.d.88E2A92E74E3F8DDBCA0A3FBA68F3CF3.e.8592"}]}
RESULT: {"script":"<script> [56 bytes]","args":[{"element-6066-11e4-a52e-4f735466cecf":"f.A346BA6B978C9328C0C2B851E75B8348.d.88E2A92E74E3F8DDBCA0A3FBA68F3CF3.e.8592","ELEMENT":"f.A346BA6B978C9328C0C2B851E75B8348.d.88E2A92E74E3F8DDBCA0A3FBA68F3CF3.e.8592"}]}
COMMAND: GET /session/f519eddc2ea26d61ca30e526d103b44b/element/f.A346BA6B978C9328C0C2B851E75B8348.d.88E2A92E74E3F8DDBCA0A3FBA68F3CF3.e.8591/attribute/aria-checked - {}
COMMAND: GET /session/f519eddc2ea26d61ca30e526d103b44b/screenshot - {}
RESULT: {}
COMMAND: POST /session/f519eddc2ea26d61ca30e526d103b44b/element - {"using":"xpath","value":"//table[contains(@id, \"listView-innerSelectionPanelTable-listUl\")]/tbody/tr[19]/td[2]/div/div"}
RESULT: {}
RESULT: {"using":"xpath","value":"//table[contains(@id, \"listView-innerSelectionPanelTable-listUl\")]/tbody/tr[19]/td[2]/div/div"}
COMMAND: POST /session/f519eddc2ea26d61ca30e526d103b44b/element - {"using":"xpath","value":"//table[contains(@id, \"listView-innerSelectionPanelTable-listUl\")]/tbody/tr[19]/td[2]/div"}
RESULT: {"using":"xpath","value":"//table[contains(@id, \"listView-innerSelectionPanelTable-listUl\")]/tbody/tr[19]/td[2]/div"}
COMMAND: POST /session/f519eddc2ea26d61ca30e526d103b44b/element - {"using":"xpath","value":"//table[contains(@id, \"listView-innerSelectionPanelTable-listUl\")]/tbody/tr[19]/td[3]/div/div/span/span[1]/bdi"}
RESULT: {"using":"xpath","value":"//table[contains(@id, \"listView-innerSelectionPanelTable-listUl\")]/tbody/tr[19]/td[3]/div/div/span/span[1]/bdi"}
COMMAND: POST /session/f519eddc2ea26d61ca30e526d103b44b/execute/sync - {"script":"<script> [56 bytes]","args":[{"element-6066-11e4-a52e-4f735466cecf":"f.A346BA6B978C9328C0C2B851E75B8348.d.88E2A92E74E3F8DDBCA0A3FBA68F3CF3.e.8595","ELEMENT":"f.A346BA6B978C9328C0C2B851E75B8348.d.88E2A92E74E3F8DDBCA0A3FBA68F3CF3.e.8595"}]}
RESULT: {"script":"<script> [56 bytes]","args":[{"element-6066-11e4-a52e-4f735466cecf":"f.A346BA6B978C9328C0C2B851E75B8348.d.88E2A92E74E3F8DDBCA0A3FBA68F3CF3.e.8595","ELEMENT":"f.A346BA6B978C9328C0C2B851E75B8348.d.88E2A92E74E3F8DDBCA0A3FBA68F3CF3.e.8595"}]}
COMMAND: GET /session/f519eddc2ea26d61ca30e526d103b44b/element/f.A346BA6B978C9328C0C2B851E75B8348.d.88E2A92E74E3F8DDBCA0A3FBA68F3CF3.e.8594/attribute/aria-checked - {}
COMMAND: GET /session/f519eddc2ea26d61ca30e526d103b44b/screenshot - {}
RESULT: {}
COMMAND: POST /session/f519eddc2ea26d61ca30e526d103b44b/element - {"using":"xpath","value":"//table[contains(@id, \"listView-innerSelectionPanelTable-listUl\")]/tbody/tr[20]/td[2]/div/div"}
RESULT: {}
RESULT: {"using":"xpath","value":"//table[contains(@id, \"listView-innerSelectionPanelTable-listUl\")]/tbody/tr[20]/td[2]/div/div"}
COMMAND: POST /session/f519eddc2ea26d61ca30e526d103b44b/element - {"using":"xpath","value":"//table[contains(@id, \"listView-innerSelectionPanelTable-listUl\")]/tbody/tr[20]/td[2]/div"}
RESULT: {"using":"xpath","value":"//table[contains(@id, \"listView-innerSelectionPanelTable-listUl\")]/tbody/tr[20]/td[2]/div"}
COMMAND: POST /session/f519eddc2ea26d61ca30e526d103b44b/element - {"using":"xpath","value":"//table[contains(@id, \"listView-innerSelectionPanelTable-listUl\")]/tbody/tr[20]/td[3]/div/div/span/span[1]/bdi"}
RESULT: {"using":"xpath","value":"//table[contains(@id, \"listView-innerSelectionPanelTable-listUl\")]/tbody/tr[20]/td[3]/div/div/span/span[1]/bdi"}
COMMAND: POST /session/f519eddc2ea26d61ca30e526d103b44b/execute/sync - {"script":"<script> [56 bytes]","args":[{"element-6066-11e4-a52e-4f735466cecf":"f.A346BA6B978C9328C0C2B851E75B8348.d.88E2A92E74E3F8DDBCA0A3FBA68F3CF3.e.8598","ELEMENT":"f.A346BA6B978C9328C0C2B851E75B8348.d.88E2A92E74E3F8DDBCA0A3FBA68F3CF3.e.8598"}]}
RESULT: {"script":"<script> [56 bytes]","args":[{"element-6066-11e4-a52e-4f735466cecf":"f.A346BA6B978C9328C0C2B851E75B8348.d.88E2A92E74E3F8DDBCA0A3FBA68F3CF3.e.8598","ELEMENT":"f.A346BA6B978C9328C0C2B851E75B8348.d.88E2A92E74E3F8DDBCA0A3FBA68F3CF3.e.8598"}]}
COMMAND: GET /session/f519eddc2ea26d61ca30e526d103b44b/element/f.A346BA6B978C9328C0C2B851E75B8348.d.88E2A92E74E3F8DDBCA0A3FBA68F3CF3.e.8597/attribute/aria-checked - {}
COMMAND: GET /session/f519eddc2ea26d61ca30e526d103b44b/screenshot - {}
RESULT: {}
COMMAND: POST /session/f519eddc2ea26d61ca30e526d103b44b/element - {"using":"xpath","value":"//table[contains(@id, \"listView-innerSelectionPanelTable-listUl\")]/tbody/tr[21]/td[2]/div/div"}
COMMAND: POST /session/f519eddc2ea26d61ca30e526d103b44b/element/f.A346BA6B978C9328C0C2B851E75B8348.d.88E2A92E74E3F8DDBCA0A3FBA68F3CF3.e.8596/click - {}
RESULT: {}
RESULT: {"using":"xpath","value":"//table[contains(@id, \"listView-innerSelectionPanelTable-listUl\")]/tbody/tr[21]/td[2]/div/div"}
COMMAND: POST /session/f519eddc2ea26d61ca30e526d103b44b/element - {"using":"xpath","value":"//table[contains(@id, \"listView-innerSelectionPanelTable-listUl\")]/tbody/tr[21]/td[2]/div"}
RESULT: {}
COMMAND: GET /session/f519eddc2ea26d61ca30e526d103b44b/screenshot - {}
RESULT: {"using":"xpath","value":"//table[contains(@id, \"listView-innerSelectionPanelTable-listUl\")]/tbody/tr[21]/td[2]/div"}
COMMAND: POST /session/f519eddc2ea26d61ca30e526d103b44b/element - {"using":"xpath","value":"//table[contains(@id, \"listView-innerSelectionPanelTable-listUl\")]/tbody/tr[21]/td[3]/div/div/span/span[1]/bdi"}
RESULT: {}
RESULT: {"using":"xpath","value":"//table[contains(@id, \"listView-innerSelectionPanelTable-listUl\")]/tbody/tr[21]/td[3]/div/div/span/span[1]/bdi"}
COMMAND: POST /session/f519eddc2ea26d61ca30e526d103b44b/execute/sync - {"script":"<script> [56 bytes]","args":[{"element-6066-11e4-a52e-4f735466cecf":"f.A346BA6B978C9328C0C2B851E75B8348.d.88E2A92E74E3F8DDBCA0A3FBA68F3CF3.e.8604","ELEMENT":"f.A346BA6B978C9328C0C2B851E75B8348.d.88E2A92E74E3F8DDBCA0A3FBA68F3CF3.e.8604"}]}
RESULT: {"script":"<script> [56 bytes]","args":[{"element-6066-11e4-a52e-4f735466cecf":"f.A346BA6B978C9328C0C2B851E75B8348.d.88E2A92E74E3F8DDBCA0A3FBA68F3CF3.e.8604","ELEMENT":"f.A346BA6B978C9328C0C2B851E75B8348.d.88E2A92E74E3F8DDBCA0A3FBA68F3CF3.e.8604"}]}
COMMAND: GET /session/f519eddc2ea26d61ca30e526d103b44b/element/f.A346BA6B978C9328C0C2B851E75B8348.d.88E2A92E74E3F8DDBCA0A3FBA68F3CF3.e.8603/attribute/aria-checked - {}
COMMAND: GET /session/f519eddc2ea26d61ca30e526d103b44b/screenshot - {}
RESULT: {}
COMMAND: POST /session/f519eddc2ea26d61ca30e526d103b44b/element - {"using":"xpath","value":"//table[contains(@id, \"listView-innerSelectionPanelTable-listUl\")]/tbody/tr[22]/td[2]/div/div"}
COMMAND: POST /session/f519eddc2ea26d61ca30e526d103b44b/element/f.A346BA6B978C9328C0C2B851E75B8348.d.88E2A92E74E3F8DDBCA0A3FBA68F3CF3.e.8599/click - {}
RESULT: {}
RESULT: {"using":"xpath","value":"//table[contains(@id, \"listView-innerSelectionPanelTable-listUl\")]/tbody/tr[22]/td[2]/div/div"}
COMMAND: POST /session/f519eddc2ea26d61ca30e526d103b44b/element - {"using":"xpath","value":"//table[contains(@id, \"listView-innerSelectionPanelTable-listUl\")]/tbody/tr[22]/td[2]/div"}
RESULT: {}
COMMAND: GET /session/f519eddc2ea26d61ca30e526d103b44b/screenshot - {}
RESULT: {"using":"xpath","value":"//table[contains(@id, \"listView-innerSelectionPanelTable-listUl\")]/tbody/tr[22]/td[2]/div"}
COMMAND: POST /session/f519eddc2ea26d61ca30e526d103b44b/element - {"using":"xpath","value":"//table[contains(@id, \"listView-innerSelectionPanelTable-listUl\")]/tbody/tr[22]/td[3]/div/div/span/span[1]/bdi"}
RESULT: {}
RESULT: {"using":"xpath","value":"//table[contains(@id, \"listView-innerSelectionPanelTable-listUl\")]/tbody/tr[22]/td[3]/div/div/span/span[1]/bdi"}
COMMAND: POST /session/f519eddc2ea26d61ca30e526d103b44b/execute/sync - {"script":"<script> [56 bytes]","args":[{"element-6066-11e4-a52e-4f735466cecf":"f.A346BA6B978C9328C0C2B851E75B8348.d.88E2A92E74E3F8DDBCA0A3FBA68F3CF3.e.8608","ELEMENT":"f.A346BA6B978C9328C0C2B851E75B8348.d.88E2A92E74E3F8DDBCA0A3FBA68F3CF3.e.8608"}]}
RESULT: {"script":"<script> [56 bytes]","args":[{"element-6066-11e4-a52e-4f735466cecf":"f.A346BA6B978C9328C0C2B851E75B8348.d.88E2A92E74E3F8DDBCA0A3FBA68F3CF3.e.8608","ELEMENT":"f.A346BA6B978C9328C0C2B851E75B8348.d.88E2A92E74E3F8DDBCA0A3FBA68F3CF3.e.8608"}]}
COMMAND: GET /session/f519eddc2ea26d61ca30e526d103b44b/element/f.A346BA6B978C9328C0C2B851E75B8348.d.88E2A92E74E3F8DDBCA0A3FBA68F3CF3.e.8607/attribute/aria-checked - {}
COMMAND: GET /session/f519eddc2ea26d61ca30e526d103b44b/screenshot - {}
RESULT: {}
COMMAND: POST /session/f519eddc2ea26d61ca30e526d103b44b/element - {"using":"xpath","value":"//table[contains(@id, \"listView-innerSelectionPanelTable-listUl\")]/tbody/tr[23]/td[2]/div/div"}
RESULT: {}
RESULT: {"using":"xpath","value":"//table[contains(@id, \"listView-innerSelectionPanelTable-listUl\")]/tbody/tr[23]/td[2]/div/div"}
COMMAND: POST /session/f519eddc2ea26d61ca30e526d103b44b/element - {"using":"xpath","value":"//table[contains(@id, \"listView-innerSelectionPanelTable-listUl\")]/tbody/tr[23]/td[2]/div"}
RESULT: {"using":"xpath","value":"//table[contains(@id, \"listView-innerSelectionPanelTable-listUl\")]/tbody/tr[23]/td[2]/div"}
COMMAND: POST /session/f519eddc2ea26d61ca30e526d103b44b/element - {"using":"xpath","value":"//table[contains(@id, \"listView-innerSelectionPanelTable-listUl\")]/tbody/tr[23]/td[3]/div/div/span/span[1]/bdi"}
RESULT: {"using":"xpath","value":"//table[contains(@id, \"listView-innerSelectionPanelTable-listUl\")]/tbody/tr[23]/td[3]/div/div/span/span[1]/bdi"}
COMMAND: POST /session/f519eddc2ea26d61ca30e526d103b44b/execute/sync - {"script":"<script> [56 bytes]","args":[{"element-6066-11e4-a52e-4f735466cecf":"f.A346BA6B978C9328C0C2B851E75B8348.d.88E2A92E74E3F8DDBCA0A3FBA68F3CF3.e.8611","ELEMENT":"f.A346BA6B978C9328C0C2B851E75B8348.d.88E2A92E74E3F8DDBCA0A3FBA68F3CF3.e.8611"}]}
RESULT: {"script":"<script> [56 bytes]","args":[{"element-6066-11e4-a52e-4f735466cecf":"f.A346BA6B978C9328C0C2B851E75B8348.d.88E2A92E74E3F8DDBCA0A3FBA68F3CF3.e.8611","ELEMENT":"f.A346BA6B978C9328C0C2B851E75B8348.d.88E2A92E74E3F8DDBCA0A3FBA68F3CF3.e.8611"}]}
COMMAND: GET /session/f519eddc2ea26d61ca30e526d103b44b/element/f.A346BA6B978C9328C0C2B851E75B8348.d.88E2A92E74E3F8DDBCA0A3FBA68F3CF3.e.8610/attribute/aria-checked - {}
COMMAND: GET /session/f519eddc2ea26d61ca30e526d103b44b/screenshot - {}
RESULT: {}
COMMAND: POST /session/f519eddc2ea26d61ca30e526d103b44b/element - {"using":"xpath","value":"//table[contains(@id, \"listView-innerSelectionPanelTable-listUl\")]/tbody/tr[24]/td[2]/div/div"}
RESULT: {}
RESULT: {"using":"xpath","value":"//table[contains(@id, \"listView-innerSelectionPanelTable-listUl\")]/tbody/tr[24]/td[2]/div/div"}
COMMAND: POST /session/f519eddc2ea26d61ca30e526d103b44b/element - {"using":"xpath","value":"//table[contains(@id, \"listView-innerSelectionPanelTable-listUl\")]/tbody/tr[24]/td[2]/div"}
RESULT: {"using":"xpath","value":"//table[contains(@id, \"listView-innerSelectionPanelTable-listUl\")]/tbody/tr[24]/td[2]/div"}
COMMAND: POST /session/f519eddc2ea26d61ca30e526d103b44b/element - {"using":"xpath","value":"//table[contains(@id, \"listView-innerSelectionPanelTable-listUl\")]/tbody/tr[24]/td[3]/div/div/span/span[1]/bdi"}
RESULT: {"using":"xpath","value":"//table[contains(@id, \"listView-innerSelectionPanelTable-listUl\")]/tbody/tr[24]/td[3]/div/div/span/span[1]/bdi"}
COMMAND: POST /session/f519eddc2ea26d61ca30e526d103b44b/execute/sync - {"script":"<script> [56 bytes]","args":[{"element-6066-11e4-a52e-4f735466cecf":"f.A346BA6B978C9328C0C2B851E75B8348.d.88E2A92E74E3F8DDBCA0A3FBA68F3CF3.e.8614","ELEMENT":"f.A346BA6B978C9328C0C2B851E75B8348.d.88E2A92E74E3F8DDBCA0A3FBA68F3CF3.e.8614"}]}
RESULT: {"script":"<script> [56 bytes]","args":[{"element-6066-11e4-a52e-4f735466cecf":"f.A346BA6B978C9328C0C2B851E75B8348.d.88E2A92E74E3F8DDBCA0A3FBA68F3CF3.e.8614","ELEMENT":"f.A346BA6B978C9328C0C2B851E75B8348.d.88E2A92E74E3F8DDBCA0A3FBA68F3CF3.e.8614"}]}
COMMAND: GET /session/f519eddc2ea26d61ca30e526d103b44b/element/f.A346BA6B978C9328C0C2B851E75B8348.d.88E2A92E74E3F8DDBCA0A3FBA68F3CF3.e.8613/attribute/aria-checked - {}
COMMAND: GET /session/f519eddc2ea26d61ca30e526d103b44b/screenshot - {}
RESULT: {}
COMMAND: POST /session/f519eddc2ea26d61ca30e526d103b44b/element - {"using":"xpath","value":"//table[contains(@id, \"listView-innerSelectionPanelTable-listUl\")]/tbody/tr[25]/td[2]/div/div"}
RESULT: {}
RESULT: {"using":"xpath","value":"//table[contains(@id, \"listView-innerSelectionPanelTable-listUl\")]/tbody/tr[25]/td[2]/div/div"}
COMMAND: POST /session/f519eddc2ea26d61ca30e526d103b44b/element - {"using":"xpath","value":"//table[contains(@id, \"listView-innerSelectionPanelTable-listUl\")]/tbody/tr[25]/td[2]/div"}
RESULT: {"using":"xpath","value":"//table[contains(@id, \"listView-innerSelectionPanelTable-listUl\")]/tbody/tr[25]/td[2]/div"}
COMMAND: POST /session/f519eddc2ea26d61ca30e526d103b44b/element - {"using":"xpath","value":"//table[contains(@id, \"listView-innerSelectionPanelTable-listUl\")]/tbody/tr[25]/td[3]/div/div/span/span[1]/bdi"}
RESULT: {"using":"xpath","value":"//table[contains(@id, \"listView-innerSelectionPanelTable-listUl\")]/tbody/tr[25]/td[3]/div/div/span/span[1]/bdi"}
COMMAND: POST /session/f519eddc2ea26d61ca30e526d103b44b/execute/sync - {"script":"<script> [56 bytes]","args":[{"element-6066-11e4-a52e-4f735466cecf":"f.A346BA6B978C9328C0C2B851E75B8348.d.88E2A92E74E3F8DDBCA0A3FBA68F3CF3.e.8617","ELEMENT":"f.A346BA6B978C9328C0C2B851E75B8348.d.88E2A92E74E3F8DDBCA0A3FBA68F3CF3.e.8617"}]}
RESULT: {"script":"<script> [56 bytes]","args":[{"element-6066-11e4-a52e-4f735466cecf":"f.A346BA6B978C9328C0C2B851E75B8348.d.88E2A92E74E3F8DDBCA0A3FBA68F3CF3.e.8617","ELEMENT":"f.A346BA6B978C9328C0C2B851E75B8348.d.88E2A92E74E3F8DDBCA0A3FBA68F3CF3.e.8617"}]}
COMMAND: GET /session/f519eddc2ea26d61ca30e526d103b44b/element/f.A346BA6B978C9328C0C2B851E75B8348.d.88E2A92E74E3F8DDBCA0A3FBA68F3CF3.e.8616/attribute/aria-checked - {}
COMMAND: GET /session/f519eddc2ea26d61ca30e526d103b44b/screenshot - {}
RESULT: {}
COMMAND: POST /session/f519eddc2ea26d61ca30e526d103b44b/element - {"using":"xpath","value":"//bdi[contains(text(), \"OK\")]"}
RESULT: {}
RESULT: {"using":"xpath","value":"//bdi[contains(text(), \"OK\")]"}
COMMAND: POST /session/f519eddc2ea26d61ca30e526d103b44b/element/f.A346BA6B978C9328C0C2B851E75B8348.d.88E2A92E74E3F8DDBCA0A3FBA68F3CF3.e.8618/click - {}
RESULT: {}
COMMAND: GET /session/f519eddc2ea26d61ca30e526d103b44b/screenshot - {}
RESULT: {}
RESULT: undefined
COMMAND: POST /session/f519eddc2ea26d61ca30e526d103b44b/element - {"using":"xpath","value":"//*[@id=\"application-managepartners-display-component---masterPtm--smartFilterBar-filterItemControlA_-LINK_TO_ADDRESSES_MAIN.ID-vhi\"]"}
RESULT: {"using":"xpath","value":"//*[@id=\"application-managepartners-display-component---masterPtm--smartFilterBar-filterItemControlA_-LINK_TO_ADDRESSES_MAIN.ID-vhi\"]"}
COMMAND: POST /session/f519eddc2ea26d61ca30e526d103b44b/element/f.A346BA6B978C9328C0C2B851E75B8348.d.88E2A92E74E3F8DDBCA0A3FBA68F3CF3.e.8631/click - {}
RESULT: {}
COMMAND: GET /session/f519eddc2ea26d61ca30e526d103b44b/screenshot - {}
RESULT: {}
RESULT: undefined
COMMAND: POST /session/f519eddc2ea26d61ca30e526d103b44b/element - {"using":"xpath","value":"//*[@id=\"__box77-arrow\"]"}
RESULT: {"using":"xpath","value":"//*[@id=\"__box77-arrow\"]"}
COMMAND: POST /session/f519eddc2ea26d61ca30e526d103b44b/elements - {"using":"xpath","value":"//*[@id=\"__box77-arrow\"]"}
RESULT: {"using":"xpath","value":"//*[@id=\"__box77-arrow\"]"}
COMMAND: POST /session/f519eddc2ea26d61ca30e526d103b44b/elements - {"using":"xpath","value":"//*[@id=\"__box77-arrow\"]"}
RESULT: {"using":"xpath","value":"//*[@id=\"__box77-arrow\"]"}
COMMAND: POST /session/f519eddc2ea26d61ca30e526d103b44b/elements - {"using":"xpath","value":"//*[@id=\"__box77-arrow\"]"}
RESULT: {"using":"xpath","value":"//*[@id=\"__box77-arrow\"]"}
COMMAND: POST /session/f519eddc2ea26d61ca30e526d103b44b/elements - {"using":"xpath","value":"//*[@id=\"__box77-arrow\"]"}
RESULT: {"using":"xpath","value":"//*[@id=\"__box77-arrow\"]"}
COMMAND: POST /session/f519eddc2ea26d61ca30e526d103b44b/elements - {"using":"xpath","value":"//*[@id=\"__box77-arrow\"]"}
RESULT: {"using":"xpath","value":"//*[@id=\"__box77-arrow\"]"}
COMMAND: POST /session/f519eddc2ea26d61ca30e526d103b44b/elements - {"using":"xpath","value":"//*[@id=\"__box77-arrow\"]"}
RESULT: {"using":"xpath","value":"//*[@id=\"__box77-arrow\"]"}
COMMAND: POST /session/f519eddc2ea26d61ca30e526d103b44b/elements - {"using":"xpath","value":"//*[@id=\"__box77-arrow\"]"}
RESULT: {"using":"xpath","value":"//*[@id=\"__box77-arrow\"]"}
COMMAND: POST /session/f519eddc2ea26d61ca30e526d103b44b/elements - {"using":"xpath","value":"//*[@id=\"__box77-arrow\"]"}
RESULT: {"using":"xpath","value":"//*[@id=\"__box77-arrow\"]"}
COMMAND: POST /session/f519eddc2ea26d61ca30e526d103b44b/elements - {"using":"xpath","value":"//*[@id=\"__box77-arrow\"]"}
RESULT: {"using":"xpath","value":"//*[@id=\"__box77-arrow\"]"}
COMMAND: POST /session/f519eddc2ea26d61ca30e526d103b44b/elements - {"using":"xpath","value":"//*[@id=\"__box77-arrow\"]"}
RESULT: {"using":"xpath","value":"//*[@id=\"__box77-arrow\"]"}
COMMAND: POST /session/f519eddc2ea26d61ca30e526d103b44b/elements - {"using":"xpath","value":"//*[@id=\"__box77-arrow\"]"}
RESULT: {"using":"xpath","value":"//*[@id=\"__box77-arrow\"]"}
COMMAND: POST /session/f519eddc2ea26d61ca30e526d103b44b/elements - {"using":"xpath","value":"//*[@id=\"__box77-arrow\"]"}
RESULT: {"using":"xpath","value":"//*[@id=\"__box77-arrow\"]"}
COMMAND: POST /session/f519eddc2ea26d61ca30e526d103b44b/elements - {"using":"xpath","value":"//*[@id=\"__box77-arrow\"]"}
RESULT: {"using":"xpath","value":"//*[@id=\"__box77-arrow\"]"}
COMMAND: POST /session/f519eddc2ea26d61ca30e526d103b44b/elements - {"using":"xpath","value":"//*[@id=\"__box77-arrow\"]"}
RESULT: {"using":"xpath","value":"//*[@id=\"__box77-arrow\"]"}
COMMAND: POST /session/f519eddc2ea26d61ca30e526d103b44b/elements - {"using":"xpath","value":"//*[@id=\"__box77-arrow\"]"}
RESULT: {"using":"xpath","value":"//*[@id=\"__box77-arrow\"]"}
COMMAND: POST /session/f519eddc2ea26d61ca30e526d103b44b/elements - {"using":"xpath","value":"//*[@id=\"__box77-arrow\"]"}
RESULT: {"using":"xpath","value":"//*[@id=\"__box77-arrow\"]"}
COMMAND: POST /session/f519eddc2ea26d61ca30e526d103b44b/elements - {"using":"xpath","value":"//*[@id=\"__box77-arrow\"]"}
RESULT: {"using":"xpath","value":"//*[@id=\"__box77-arrow\"]"}
COMMAND: POST /session/f519eddc2ea26d61ca30e526d103b44b/elements - {"using":"xpath","value":"//*[@id=\"__box77-arrow\"]"}
RESULT: {"using":"xpath","value":"//*[@id=\"__box77-arrow\"]"}
COMMAND: POST /session/f519eddc2ea26d61ca30e526d103b44b/elements - {"using":"xpath","value":"//*[@id=\"__box77-arrow\"]"}
RESULT: {"using":"xpath","value":"//*[@id=\"__box77-arrow\"]"}
COMMAND: POST /session/f519eddc2ea26d61ca30e526d103b44b/elements - {"using":"xpath","value":"//*[@id=\"__box77-arrow\"]"}
RESULT: {"using":"xpath","value":"//*[@id=\"__box77-arrow\"]"}
COMMAND: POST /session/f519eddc2ea26d61ca30e526d103b44b/elements - {"using":"xpath","value":"//*[@id=\"__box77-arrow\"]"}
RESULT: {"using":"xpath","value":"//*[@id=\"__box77-arrow\"]"}
COMMAND: POST /session/f519eddc2ea26d61ca30e526d103b44b/elements - {"using":"xpath","value":"//*[@id=\"__box77-arrow\"]"}
RESULT: {"using":"xpath","value":"//*[@id=\"__box77-arrow\"]"}
COMMAND: POST /session/f519eddc2ea26d61ca30e526d103b44b/elements - {"using":"xpath","value":"//*[@id=\"__box77-arrow\"]"}
RESULT: {"using":"xpath","value":"//*[@id=\"__box77-arrow\"]"}
COMMAND: POST /session/f519eddc2ea26d61ca30e526d103b44b/elements - {"using":"xpath","value":"//*[@id=\"__box77-arrow\"]"}
RESULT: {"using":"xpath","value":"//*[@id=\"__box77-arrow\"]"}
COMMAND: POST /session/f519eddc2ea26d61ca30e526d103b44b/elements - {"using":"xpath","value":"//*[@id=\"__box77-arrow\"]"}
RESULT: {"using":"xpath","value":"//*[@id=\"__box77-arrow\"]"}
COMMAND: POST /session/f519eddc2ea26d61ca30e526d103b44b/elements - {"using":"xpath","value":"//*[@id=\"__box77-arrow\"]"}
RESULT: {"using":"xpath","value":"//*[@id=\"__box77-arrow\"]"}
COMMAND: POST /session/f519eddc2ea26d61ca30e526d103b44b/elements - {"using":"xpath","value":"//*[@id=\"__box77-arrow\"]"}
RESULT: {"using":"xpath","value":"//*[@id=\"__box77-arrow\"]"}
COMMAND: POST /session/f519eddc2ea26d61ca30e526d103b44b/elements - {"using":"xpath","value":"//*[@id=\"__box77-arrow\"]"}
RESULT: {"using":"xpath","value":"//*[@id=\"__box77-arrow\"]"}
COMMAND: POST /session/f519eddc2ea26d61ca30e526d103b44b/elements - {"using":"xpath","value":"//*[@id=\"__box77-arrow\"]"}
RESULT: {"using":"xpath","value":"//*[@id=\"__box77-arrow\"]"}
COMMAND: POST /session/f519eddc2ea26d61ca30e526d103b44b/elements - {"using":"xpath","value":"//*[@id=\"__box77-arrow\"]"}
RESULT: {"using":"xpath","value":"//*[@id=\"__box77-arrow\"]"}
COMMAND: POST /session/f519eddc2ea26d61ca30e526d103b44b/elements - {"using":"xpath","value":"//*[@id=\"__box77-arrow\"]"}
RESULT: {"using":"xpath","value":"//*[@id=\"__box77-arrow\"]"}
COMMAND: POST /session/f519eddc2ea26d61ca30e526d103b44b/elements - {"using":"xpath","value":"//*[@id=\"__box77-arrow\"]"}
RESULT: {"using":"xpath","value":"//*[@id=\"__box77-arrow\"]"}
COMMAND: POST /session/f519eddc2ea26d61ca30e526d103b44b/elements - {"using":"xpath","value":"//*[@id=\"__box77-arrow\"]"}
RESULT: {"using":"xpath","value":"//*[@id=\"__box77-arrow\"]"}
COMMAND: POST /session/f519eddc2ea26d61ca30e526d103b44b/elements - {"using":"xpath","value":"//*[@id=\"__box77-arrow\"]"}
RESULT: {"using":"xpath","value":"//*[@id=\"__box77-arrow\"]"}
COMMAND: POST /session/f519eddc2ea26d61ca30e526d103b44b/elements - {"using":"xpath","value":"//*[@id=\"__box77-arrow\"]"}
RESULT: {"using":"xpath","value":"//*[@id=\"__box77-arrow\"]"}
COMMAND: POST /session/f519eddc2ea26d61ca30e526d103b44b/elements - {"using":"xpath","value":"//*[@id=\"__box77-arrow\"]"}
RESULT: {"using":"xpath","value":"//*[@id=\"__box77-arrow\"]"}
COMMAND: POST /session/f519eddc2ea26d61ca30e526d103b44b/elements - {"using":"xpath","value":"//*[@id=\"__box77-arrow\"]"}
RESULT: {"using":"xpath","value":"//*[@id=\"__box77-arrow\"]"}
COMMAND: POST /session/f519eddc2ea26d61ca30e526d103b44b/elements - {"using":"xpath","value":"//*[@id=\"__box77-arrow\"]"}
RESULT: {"using":"xpath","value":"//*[@id=\"__box77-arrow\"]"}
COMMAND: POST /session/f519eddc2ea26d61ca30e526d103b44b/elements - {"using":"xpath","value":"//*[@id=\"__box77-arrow\"]"}
RESULT: {"using":"xpath","value":"//*[@id=\"__box77-arrow\"]"}
COMMAND: POST /session/f519eddc2ea26d61ca30e526d103b44b/elements - {"using":"xpath","value":"//*[@id=\"__box77-arrow\"]"}
RESULT: {"using":"xpath","value":"//*[@id=\"__box77-arrow\"]"}
COMMAND: POST /session/f519eddc2ea26d61ca30e526d103b44b/elements - {"using":"xpath","value":"//*[@id=\"__box77-arrow\"]"}
RESULT: {"using":"xpath","value":"//*[@id=\"__box77-arrow\"]"}
COMMAND: POST /session/f519eddc2ea26d61ca30e526d103b44b/elements - {"using":"xpath","value":"//*[@id=\"__box77-arrow\"]"}
RESULT: {"using":"xpath","value":"//*[@id=\"__box77-arrow\"]"}
COMMAND: POST /session/f519eddc2ea26d61ca30e526d103b44b/elements - {"using":"xpath","value":"//*[@id=\"__box77-arrow\"]"}
RESULT: {"using":"xpath","value":"//*[@id=\"__box77-arrow\"]"}
COMMAND: POST /session/f519eddc2ea26d61ca30e526d103b44b/elements - {"using":"xpath","value":"//*[@id=\"__box77-arrow\"]"}
RESULT: {"using":"xpath","value":"//*[@id=\"__box77-arrow\"]"}
COMMAND: POST /session/f519eddc2ea26d61ca30e526d103b44b/elements - {"using":"xpath","value":"//*[@id=\"__box77-arrow\"]"}
RESULT: {"using":"xpath","value":"//*[@id=\"__box77-arrow\"]"}
COMMAND: POST /session/f519eddc2ea26d61ca30e526d103b44b/elements - {"using":"xpath","value":"//*[@id=\"__box77-arrow\"]"}
RESULT: {"using":"xpath","value":"//*[@id=\"__box77-arrow\"]"}
COMMAND: POST /session/f519eddc2ea26d61ca30e526d103b44b/elements - {"using":"xpath","value":"//*[@id=\"__box77-arrow\"]"}
RESULT: {"using":"xpath","value":"//*[@id=\"__box77-arrow\"]"}
COMMAND: POST /session/f519eddc2ea26d61ca30e526d103b44b/elements - {"using":"xpath","value":"//*[@id=\"__box77-arrow\"]"}
RESULT: {"using":"xpath","value":"//*[@id=\"__box77-arrow\"]"}
COMMAND: POST /session/f519eddc2ea26d61ca30e526d103b44b/elements - {"using":"xpath","value":"//*[@id=\"__box77-arrow\"]"}
RESULT: {"using":"xpath","value":"//*[@id=\"__box77-arrow\"]"}
COMMAND: POST /session/f519eddc2ea26d61ca30e526d103b44b/elements - {"using":"xpath","value":"//*[@id=\"__box77-arrow\"]"}
RESULT: {"using":"xpath","value":"//*[@id=\"__box77-arrow\"]"}
COMMAND: POST /session/f519eddc2ea26d61ca30e526d103b44b/elements - {"using":"xpath","value":"//*[@id=\"__box77-arrow\"]"}
RESULT: {"using":"xpath","value":"//*[@id=\"__box77-arrow\"]"}
COMMAND: POST /session/f519eddc2ea26d61ca30e526d103b44b/elements - {"using":"xpath","value":"//*[@id=\"__box77-arrow\"]"}
RESULT: {"using":"xpath","value":"//*[@id=\"__box77-arrow\"]"}
COMMAND: POST /session/f519eddc2ea26d61ca30e526d103b44b/elements - {"using":"xpath","value":"//*[@id=\"__box77-arrow\"]"}
RESULT: {"using":"xpath","value":"//*[@id=\"__box77-arrow\"]"}
COMMAND: POST /session/f519eddc2ea26d61ca30e526d103b44b/elements - {"using":"xpath","value":"//*[@id=\"__box77-arrow\"]"}
RESULT: {"using":"xpath","value":"//*[@id=\"__box77-arrow\"]"}
COMMAND: POST /session/f519eddc2ea26d61ca30e526d103b44b/elements - {"using":"xpath","value":"//*[@id=\"__box77-arrow\"]"}
RESULT: {"using":"xpath","value":"//*[@id=\"__box77-arrow\"]"}
COMMAND: POST /session/f519eddc2ea26d61ca30e526d103b44b/elements - {"using":"xpath","value":"//*[@id=\"__box77-arrow\"]"}
RESULT: {"using":"xpath","value":"//*[@id=\"__box77-arrow\"]"}
COMMAND: POST /session/f519eddc2ea26d61ca30e526d103b44b/elements - {"using":"xpath","value":"//*[@id=\"__box77-arrow\"]"}
RESULT: {"using":"xpath","value":"//*[@id=\"__box77-arrow\"]"}
COMMAND: POST /session/f519eddc2ea26d61ca30e526d103b44b/elements - {"using":"xpath","value":"//*[@id=\"__box77-arrow\"]"}
RESULT: {"using":"xpath","value":"//*[@id=\"__box77-arrow\"]"}
COMMAND: POST /session/f519eddc2ea26d61ca30e526d103b44b/elements - {"using":"xpath","value":"//*[@id=\"__box77-arrow\"]"}
RESULT: {"using":"xpath","value":"//*[@id=\"__box77-arrow\"]"}
COMMAND: POST /session/f519eddc2ea26d61ca30e526d103b44b/elements - {"using":"xpath","value":"//*[@id=\"__box77-arrow\"]"}
RESULT: {"using":"xpath","value":"//*[@id=\"__box77-arrow\"]"}
COMMAND: POST /session/f519eddc2ea26d61ca30e526d103b44b/elements - {"using":"xpath","value":"//*[@id=\"__box77-arrow\"]"}
RESULT: {"using":"xpath","value":"//*[@id=\"__box77-arrow\"]"}
COMMAND: POST /session/f519eddc2ea26d61ca30e526d103b44b/elements - {"using":"xpath","value":"//*[@id=\"__box77-arrow\"]"}
RESULT: {"using":"xpath","value":"//*[@id=\"__box77-arrow\"]"}
COMMAND: POST /session/f519eddc2ea26d61ca30e526d103b44b/elements - {"using":"xpath","value":"//*[@id=\"__box77-arrow\"]"}
RESULT: {"using":"xpath","value":"//*[@id=\"__box77-arrow\"]"}
COMMAND: POST /session/f519eddc2ea26d61ca30e526d103b44b/elements - {"using":"xpath","value":"//*[@id=\"__box77-arrow\"]"}
RESULT: {"using":"xpath","value":"//*[@id=\"__box77-arrow\"]"}
COMMAND: POST /session/f519eddc2ea26d61ca30e526d103b44b/elements - {"using":"xpath","value":"//*[@id=\"__box77-arrow\"]"}
RESULT: {"using":"xpath","value":"//*[@id=\"__box77-arrow\"]"}
COMMAND: POST /session/f519eddc2ea26d61ca30e526d103b44b/elements - {"using":"xpath","value":"//*[@id=\"__box77-arrow\"]"}
RESULT: {"using":"xpath","value":"//*[@id=\"__box77-arrow\"]"}
COMMAND: POST /session/f519eddc2ea26d61ca30e526d103b44b/elements - {"using":"xpath","value":"//*[@id=\"__box77-arrow\"]"}
RESULT: {"using":"xpath","value":"//*[@id=\"__box77-arrow\"]"}
COMMAND: POST /session/f519eddc2ea26d61ca30e526d103b44b/elements - {"using":"xpath","value":"//*[@id=\"__box77-arrow\"]"}
RESULT: {"using":"xpath","value":"//*[@id=\"__box77-arrow\"]"}
COMMAND: POST /session/f519eddc2ea26d61ca30e526d103b44b/elements - {"using":"xpath","value":"//*[@id=\"__box77-arrow\"]"}
RESULT: {"using":"xpath","value":"//*[@id=\"__box77-arrow\"]"}
COMMAND: POST /session/f519eddc2ea26d61ca30e526d103b44b/elements - {"using":"xpath","value":"//*[@id=\"__box77-arrow\"]"}
RESULT: {"using":"xpath","value":"//*[@id=\"__box77-arrow\"]"}
COMMAND: POST /session/f519eddc2ea26d61ca30e526d103b44b/elements - {"using":"xpath","value":"//*[@id=\"__box77-arrow\"]"}
RESULT: {"using":"xpath","value":"//*[@id=\"__box77-arrow\"]"}
COMMAND: POST /session/f519eddc2ea26d61ca30e526d103b44b/elements - {"using":"xpath","value":"//*[@id=\"__box77-arrow\"]"}
RESULT: {"using":"xpath","value":"//*[@id=\"__box77-arrow\"]"}
COMMAND: POST /session/f519eddc2ea26d61ca30e526d103b44b/elements - {"using":"xpath","value":"//*[@id=\"__box77-arrow\"]"}
RESULT: {"using":"xpath","value":"//*[@id=\"__box77-arrow\"]"}
COMMAND: POST /session/f519eddc2ea26d61ca30e526d103b44b/elements - {"using":"xpath","value":"//*[@id=\"__box77-arrow\"]"}
RESULT: {"using":"xpath","value":"//*[@id=\"__box77-arrow\"]"}
COMMAND: POST /session/f519eddc2ea26d61ca30e526d103b44b/elements - {"using":"xpath","value":"//*[@id=\"__box77-arrow\"]"}
RESULT: {"using":"xpath","value":"//*[@id=\"__box77-arrow\"]"}
COMMAND: POST /session/f519eddc2ea26d61ca30e526d103b44b/elements - {"using":"xpath","value":"//*[@id=\"__box77-arrow\"]"}
RESULT: {"using":"xpath","value":"//*[@id=\"__box77-arrow\"]"}
COMMAND: POST /session/f519eddc2ea26d61ca30e526d103b44b/elements - {"using":"xpath","value":"//*[@id=\"__box77-arrow\"]"}
RESULT: {"using":"xpath","value":"//*[@id=\"__box77-arrow\"]"}
COMMAND: POST /session/f519eddc2ea26d61ca30e526d103b44b/elements - {"using":"xpath","value":"//*[@id=\"__box77-arrow\"]"}
RESULT: {"using":"xpath","value":"//*[@id=\"__box77-arrow\"]"}
COMMAND: POST /session/f519eddc2ea26d61ca30e526d103b44b/elements - {"using":"xpath","value":"//*[@id=\"__box77-arrow\"]"}
RESULT: {"using":"xpath","value":"//*[@id=\"__box77-arrow\"]"}
COMMAND: POST /session/f519eddc2ea26d61ca30e526d103b44b/elements - {"using":"xpath","value":"//*[@id=\"__box77-arrow\"]"}
RESULT: {"using":"xpath","value":"//*[@id=\"__box77-arrow\"]"}
COMMAND: POST /session/f519eddc2ea26d61ca30e526d103b44b/elements - {"using":"xpath","value":"//*[@id=\"__box77-arrow\"]"}
RESULT: {"using":"xpath","value":"//*[@id=\"__box77-arrow\"]"}
COMMAND: POST /session/f519eddc2ea26d61ca30e526d103b44b/elements - {"using":"xpath","value":"//*[@id=\"__box77-arrow\"]"}
RESULT: {"using":"xpath","value":"//*[@id=\"__box77-arrow\"]"}
COMMAND: POST /session/f519eddc2ea26d61ca30e526d103b44b/elements - {"using":"xpath","value":"//*[@id=\"__box77-arrow\"]"}
RESULT: {"using":"xpath","value":"//*[@id=\"__box77-arrow\"]"}
COMMAND: POST /session/f519eddc2ea26d61ca30e526d103b44b/elements - {"using":"xpath","value":"//*[@id=\"__box77-arrow\"]"}
RESULT: {"using":"xpath","value":"//*[@id=\"__box77-arrow\"]"}
COMMAND: POST /session/f519eddc2ea26d61ca30e526d103b44b/elements - {"using":"xpath","value":"//*[@id=\"__box77-arrow\"]"}
RESULT: {"using":"xpath","value":"//*[@id=\"__box77-arrow\"]"}
COMMAND: POST /session/f519eddc2ea26d61ca30e526d103b44b/elements - {"using":"xpath","value":"//*[@id=\"__box77-arrow\"]"}
RESULT: {"using":"xpath","value":"//*[@id=\"__box77-arrow\"]"}
COMMAND: POST /session/f519eddc2ea26d61ca30e526d103b44b/elements - {"using":"xpath","value":"//*[@id=\"__box77-arrow\"]"}
RESULT: {"using":"xpath","value":"//*[@id=\"__box77-arrow\"]"}
COMMAND: POST /session/f519eddc2ea26d61ca30e526d103b44b/elements - {"using":"xpath","value":"//*[@id=\"__box77-arrow\"]"}
RESULT: {"using":"xpath","value":"//*[@id=\"__box77-arrow\"]"}
COMMAND: POST /session/f519eddc2ea26d61ca30e526d103b44b/elements - {"using":"xpath","value":"//*[@id=\"__box77-arrow\"]"}
RESULT: {"using":"xpath","value":"//*[@id=\"__box77-arrow\"]"}
COMMAND: POST /session/f519eddc2ea26d61ca30e526d103b44b/elements - {"using":"xpath","value":"//*[@id=\"__box77-arrow\"]"}
RESULT: {"using":"xpath","value":"//*[@id=\"__box77-arrow\"]"}
COMMAND: POST /session/f519eddc2ea26d61ca30e526d103b44b/elements - {"using":"xpath","value":"//*[@id=\"__box77-arrow\"]"}
RESULT: {"using":"xpath","value":"//*[@id=\"__box77-arrow\"]"}
COMMAND: POST /session/f519eddc2ea26d61ca30e526d103b44b/elements - {"using":"xpath","value":"//*[@id=\"__box77-arrow\"]"}
RESULT: {"using":"xpath","value":"//*[@id=\"__box77-arrow\"]"}
COMMAND: POST /session/f519eddc2ea26d61ca30e526d103b44b/elements - {"using":"xpath","value":"//*[@id=\"__box77-arrow\"]"}
RESULT: {"using":"xpath","value":"//*[@id=\"__box77-arrow\"]"}
COMMAND: POST /session/f519eddc2ea26d61ca30e526d103b44b/elements - {"using":"xpath","value":"//*[@id=\"__box77-arrow\"]"}
RESULT: {"using":"xpath","value":"//*[@id=\"__box77-arrow\"]"}
COMMAND: POST /session/f519eddc2ea26d61ca30e526d103b44b/elements - {"using":"xpath","value":"//*[@id=\"__box77-arrow\"]"}
RESULT: {"using":"xpath","value":"//*[@id=\"__box77-arrow\"]"}
COMMAND: POST /session/f519eddc2ea26d61ca30e526d103b44b/elements - {"using":"xpath","value":"//*[@id=\"__box77-arrow\"]"}
RESULT: {"using":"xpath","value":"//*[@id=\"__box77-arrow\"]"}
COMMAND: POST /session/f519eddc2ea26d61ca30e526d103b44b/elements - {"using":"xpath","value":"//*[@id=\"__box77-arrow\"]"}
RESULT: {"using":"xpath","value":"//*[@id=\"__box77-arrow\"]"}
COMMAND: POST /session/f519eddc2ea26d61ca30e526d103b44b/elements - {"using":"xpath","value":"//*[@id=\"__box77-arrow\"]"}
RESULT: {"using":"xpath","value":"//*[@id=\"__box77-arrow\"]"}
COMMAND: POST /session/f519eddc2ea26d61ca30e526d103b44b/elements - {"using":"xpath","value":"//*[@id=\"__box77-arrow\"]"}
RESULT: {"using":"xpath","value":"//*[@id=\"__box77-arrow\"]"}
COMMAND: POST /session/f519eddc2ea26d61ca30e526d103b44b/elements - {"using":"xpath","value":"//*[@id=\"__box77-arrow\"]"}
RESULT: {"using":"xpath","value":"//*[@id=\"__box77-arrow\"]"}
COMMAND: POST /session/f519eddc2ea26d61ca30e526d103b44b/elements - {"using":"xpath","value":"//*[@id=\"__box77-arrow\"]"}
RESULT: {"using":"xpath","value":"//*[@id=\"__box77-arrow\"]"}
COMMAND: POST /session/f519eddc2ea26d61ca30e526d103b44b/elements - {"using":"xpath","value":"//*[@id=\"__box77-arrow\"]"}
RESULT: {"using":"xpath","value":"//*[@id=\"__box77-arrow\"]"}
COMMAND: POST /session/f519eddc2ea26d61ca30e526d103b44b/elements - {"using":"xpath","value":"//*[@id=\"__box77-arrow\"]"}
RESULT: {"using":"xpath","value":"//*[@id=\"__box77-arrow\"]"}
COMMAND: POST /session/f519eddc2ea26d61ca30e526d103b44b/elements - {"using":"xpath","value":"//*[@id=\"__box77-arrow\"]"}
RESULT: {"using":"xpath","value":"//*[@id=\"__box77-arrow\"]"}
COMMAND: POST /session/f519eddc2ea26d61ca30e526d103b44b/elements - {"using":"xpath","value":"//*[@id=\"__box77-arrow\"]"}
RESULT: {"using":"xpath","value":"//*[@id=\"__box77-arrow\"]"}
COMMAND: POST /session/f519eddc2ea26d61ca30e526d103b44b/elements - {"using":"xpath","value":"//*[@id=\"__box77-arrow\"]"}
RESULT: {"using":"xpath","value":"//*[@id=\"__box77-arrow\"]"}
COMMAND: POST /session/f519eddc2ea26d61ca30e526d103b44b/elements - {"using":"xpath","value":"//*[@id=\"__box77-arrow\"]"}
RESULT: {"using":"xpath","value":"//*[@id=\"__box77-arrow\"]"}
COMMAND: POST /session/f519eddc2ea26d61ca30e526d103b44b/elements - {"using":"xpath","value":"//*[@id=\"__box77-arrow\"]"}
RESULT: {"using":"xpath","value":"//*[@id=\"__box77-arrow\"]"}
COMMAND: POST /session/f519eddc2ea26d61ca30e526d103b44b/elements - {"using":"xpath","value":"//*[@id=\"__box77-arrow\"]"}
RESULT: {"using":"xpath","value":"//*[@id=\"__box77-arrow\"]"}
COMMAND: POST /session/f519eddc2ea26d61ca30e526d103b44b/elements - {"using":"xpath","value":"//*[@id=\"__box77-arrow\"]"}
RESULT: {"using":"xpath","value":"//*[@id=\"__box77-arrow\"]"}
COMMAND: POST /session/f519eddc2ea26d61ca30e526d103b44b/elements - {"using":"xpath","value":"//*[@id=\"__box77-arrow\"]"}
RESULT: {"using":"xpath","value":"//*[@id=\"__box77-arrow\"]"}
COMMAND: POST /session/f519eddc2ea26d61ca30e526d103b44b/elements - {"using":"xpath","value":"//*[@id=\"__box77-arrow\"]"}
RESULT: {"using":"xpath","value":"//*[@id=\"__box77-arrow\"]"}
COMMAND: POST /session/f519eddc2ea26d61ca30e526d103b44b/elements - {"using":"xpath","value":"//*[@id=\"__box77-arrow\"]"}
RESULT: {"using":"xpath","value":"//*[@id=\"__box77-arrow\"]"}
COMMAND: POST /session/f519eddc2ea26d61ca30e526d103b44b/elements - {"using":"xpath","value":"//*[@id=\"__box77-arrow\"]"}
RESULT: {"using":"xpath","value":"//*[@id=\"__box77-arrow\"]"}
COMMAND: POST /session/f519eddc2ea26d61ca30e526d103b44b/elements - {"using":"xpath","value":"//*[@id=\"__box77-arrow\"]"}
RESULT: {"using":"xpath","value":"//*[@id=\"__box77-arrow\"]"}
COMMAND: POST /session/f519eddc2ea26d61ca30e526d103b44b/elements - {"using":"xpath","value":"//*[@id=\"__box77-arrow\"]"}
RESULT: {"using":"xpath","value":"//*[@id=\"__box77-arrow\"]"}
COMMAND: POST /session/f519eddc2ea26d61ca30e526d103b44b/elements - {"using":"xpath","value":"//*[@id=\"__box77-arrow\"]"}
RESULT: {"using":"xpath","value":"//*[@id=\"__box77-arrow\"]"}
COMMAND: POST /session/f519eddc2ea26d61ca30e526d103b44b/elements - {"using":"xpath","value":"//*[@id=\"__box77-arrow\"]"}
RESULT: {"using":"xpath","value":"//*[@id=\"__box77-arrow\"]"}
COMMAND: POST /session/f519eddc2ea26d61ca30e526d103b44b/elements - {"using":"xpath","value":"//*[@id=\"__box77-arrow\"]"}
RESULT: {"using":"xpath","value":"//*[@id=\"__box77-arrow\"]"}
COMMAND: POST /session/f519eddc2ea26d61ca30e526d103b44b/elements - {"using":"xpath","value":"//*[@id=\"__box77-arrow\"]"}
RESULT: {"using":"xpath","value":"//*[@id=\"__box77-arrow\"]"}
COMMAND: POST /session/f519eddc2ea26d61ca30e526d103b44b/elements - {"using":"xpath","value":"//*[@id=\"__box77-arrow\"]"}
RESULT: {"using":"xpath","value":"//*[@id=\"__box77-arrow\"]"}
COMMAND: POST /session/f519eddc2ea26d61ca30e526d103b44b/element - {"using":"xpath","value":"//li[.//span[text()='equal to']]"}
RESULT: {"using":"xpath","value":"//li[.//span[text()='equal to']]"}
COMMAND: POST /session/f519eddc2ea26d61ca30e526d103b44b/elements - {"using":"xpath","value":"//li[.//span[text()='equal to']]"}
RESULT: {"using":"xpath","value":"//li[.//span[text()='equal to']]"}
COMMAND: POST /session/f519eddc2ea26d61ca30e526d103b44b/elements - {"using":"xpath","value":"//li[.//span[text()='equal to']]"}
RESULT: {"using":"xpath","value":"//li[.//span[text()='equal to']]"}
COMMAND: POST /session/f519eddc2ea26d61ca30e526d103b44b/elements - {"using":"xpath","value":"//li[.//span[text()='equal to']]"}
RESULT: {"using":"xpath","value":"//li[.//span[text()='equal to']]"}
COMMAND: POST /session/f519eddc2ea26d61ca30e526d103b44b/elements - {"using":"xpath","value":"//li[.//span[text()='equal to']]"}
RESULT: {"using":"xpath","value":"//li[.//span[text()='equal to']]"}
COMMAND: POST /session/f519eddc2ea26d61ca30e526d103b44b/elements - {"using":"xpath","value":"//li[.//span[text()='equal to']]"}
RESULT: {"using":"xpath","value":"//li[.//span[text()='equal to']]"}
COMMAND: POST /session/f519eddc2ea26d61ca30e526d103b44b/elements - {"using":"xpath","value":"//li[.//span[text()='equal to']]"}
RESULT: {"using":"xpath","value":"//li[.//span[text()='equal to']]"}
COMMAND: POST /session/f519eddc2ea26d61ca30e526d103b44b/elements - {"using":"xpath","value":"//li[.//span[text()='equal to']]"}
RESULT: {"using":"xpath","value":"//li[.//span[text()='equal to']]"}
COMMAND: POST /session/f519eddc2ea26d61ca30e526d103b44b/elements - {"using":"xpath","value":"//li[.//span[text()='equal to']]"}
RESULT: {"using":"xpath","value":"//li[.//span[text()='equal to']]"}
COMMAND: POST /session/f519eddc2ea26d61ca30e526d103b44b/elements - {"using":"xpath","value":"//li[.//span[text()='equal to']]"}
RESULT: {"using":"xpath","value":"//li[.//span[text()='equal to']]"}
COMMAND: POST /session/f519eddc2ea26d61ca30e526d103b44b/elements - {"using":"xpath","value":"//li[.//span[text()='equal to']]"}
RESULT: {"using":"xpath","value":"//li[.//span[text()='equal to']]"}
COMMAND: POST /session/f519eddc2ea26d61ca30e526d103b44b/elements - {"using":"xpath","value":"//li[.//span[text()='equal to']]"}
RESULT: {"using":"xpath","value":"//li[.//span[text()='equal to']]"}
COMMAND: POST /session/f519eddc2ea26d61ca30e526d103b44b/elements - {"using":"xpath","value":"//li[.//span[text()='equal to']]"}
RESULT: {"using":"xpath","value":"//li[.//span[text()='equal to']]"}
COMMAND: POST /session/f519eddc2ea26d61ca30e526d103b44b/elements - {"using":"xpath","value":"//li[.//span[text()='equal to']]"}
RESULT: {"using":"xpath","value":"//li[.//span[text()='equal to']]"}
COMMAND: POST /session/f519eddc2ea26d61ca30e526d103b44b/elements - {"using":"xpath","value":"//li[.//span[text()='equal to']]"}
RESULT: {"using":"xpath","value":"//li[.//span[text()='equal to']]"}
COMMAND: POST /session/f519eddc2ea26d61ca30e526d103b44b/elements - {"using":"xpath","value":"//li[.//span[text()='equal to']]"}
RESULT: {"using":"xpath","value":"//li[.//span[text()='equal to']]"}
COMMAND: POST /session/f519eddc2ea26d61ca30e526d103b44b/elements - {"using":"xpath","value":"//li[.//span[text()='equal to']]"}
RESULT: {"using":"xpath","value":"//li[.//span[text()='equal to']]"}
COMMAND: POST /session/f519eddc2ea26d61ca30e526d103b44b/elements - {"using":"xpath","value":"//li[.//span[text()='equal to']]"}
RESULT: {"using":"xpath","value":"//li[.//span[text()='equal to']]"}
COMMAND: POST /session/f519eddc2ea26d61ca30e526d103b44b/elements - {"using":"xpath","value":"//li[.//span[text()='equal to']]"}
RESULT: {"using":"xpath","value":"//li[.//span[text()='equal to']]"}
COMMAND: POST /session/f519eddc2ea26d61ca30e526d103b44b/elements - {"using":"xpath","value":"//li[.//span[text()='equal to']]"}
RESULT: {"using":"xpath","value":"//li[.//span[text()='equal to']]"}
COMMAND: POST /session/f519eddc2ea26d61ca30e526d103b44b/elements - {"using":"xpath","value":"//li[.//span[text()='equal to']]"}
RESULT: {"using":"xpath","value":"//li[.//span[text()='equal to']]"}
COMMAND: POST /session/f519eddc2ea26d61ca30e526d103b44b/elements - {"using":"xpath","value":"//li[.//span[text()='equal to']]"}
RESULT: {"using":"xpath","value":"//li[.//span[text()='equal to']]"}
COMMAND: POST /session/f519eddc2ea26d61ca30e526d103b44b/elements - {"using":"xpath","value":"//li[.//span[text()='equal to']]"}
RESULT: {"using":"xpath","value":"//li[.//span[text()='equal to']]"}
COMMAND: POST /session/f519eddc2ea26d61ca30e526d103b44b/elements - {"using":"xpath","value":"//li[.//span[text()='equal to']]"}
RESULT: {"using":"xpath","value":"//li[.//span[text()='equal to']]"}
COMMAND: POST /session/f519eddc2ea26d61ca30e526d103b44b/elements - {"using":"xpath","value":"//li[.//span[text()='equal to']]"}
RESULT: {"using":"xpath","value":"//li[.//span[text()='equal to']]"}
COMMAND: POST /session/f519eddc2ea26d61ca30e526d103b44b/elements - {"using":"xpath","value":"//li[.//span[text()='equal to']]"}
RESULT: {"using":"xpath","value":"//li[.//span[text()='equal to']]"}
COMMAND: POST /session/f519eddc2ea26d61ca30e526d103b44b/elements - {"using":"xpath","value":"//li[.//span[text()='equal to']]"}
RESULT: {"using":"xpath","value":"//li[.//span[text()='equal to']]"}
COMMAND: POST /session/f519eddc2ea26d61ca30e526d103b44b/elements - {"using":"xpath","value":"//li[.//span[text()='equal to']]"}
RESULT: {"using":"xpath","value":"//li[.//span[text()='equal to']]"}
COMMAND: POST /session/f519eddc2ea26d61ca30e526d103b44b/elements - {"using":"xpath","value":"//li[.//span[text()='equal to']]"}
RESULT: {"using":"xpath","value":"//li[.//span[text()='equal to']]"}
COMMAND: POST /session/f519eddc2ea26d61ca30e526d103b44b/elements - {"using":"xpath","value":"//li[.//span[text()='equal to']]"}
RESULT: {"using":"xpath","value":"//li[.//span[text()='equal to']]"}
COMMAND: POST /session/f519eddc2ea26d61ca30e526d103b44b/elements - {"using":"xpath","value":"//li[.//span[text()='equal to']]"}
RESULT: {"using":"xpath","value":"//li[.//span[text()='equal to']]"}
COMMAND: POST /session/f519eddc2ea26d61ca30e526d103b44b/elements - {"using":"xpath","value":"//li[.//span[text()='equal to']]"}
RESULT: {"using":"xpath","value":"//li[.//span[text()='equal to']]"}
COMMAND: POST /session/f519eddc2ea26d61ca30e526d103b44b/elements - {"using":"xpath","value":"//li[.//span[text()='equal to']]"}
RESULT: {"using":"xpath","value":"//li[.//span[text()='equal to']]"}
COMMAND: POST /session/f519eddc2ea26d61ca30e526d103b44b/elements - {"using":"xpath","value":"//li[.//span[text()='equal to']]"}
RESULT: {"using":"xpath","value":"//li[.//span[text()='equal to']]"}
COMMAND: POST /session/f519eddc2ea26d61ca30e526d103b44b/elements - {"using":"xpath","value":"//li[.//span[text()='equal to']]"}
RESULT: {"using":"xpath","value":"//li[.//span[text()='equal to']]"}
COMMAND: POST /session/f519eddc2ea26d61ca30e526d103b44b/elements - {"using":"xpath","value":"//li[.//span[text()='equal to']]"}
RESULT: {"using":"xpath","value":"//li[.//span[text()='equal to']]"}
COMMAND: POST /session/f519eddc2ea26d61ca30e526d103b44b/elements - {"using":"xpath","value":"//li[.//span[text()='equal to']]"}
RESULT: {"using":"xpath","value":"//li[.//span[text()='equal to']]"}
COMMAND: POST /session/f519eddc2ea26d61ca30e526d103b44b/elements - {"using":"xpath","value":"//li[.//span[text()='equal to']]"}
RESULT: {"using":"xpath","value":"//li[.//span[text()='equal to']]"}
COMMAND: POST /session/f519eddc2ea26d61ca30e526d103b44b/elements - {"using":"xpath","value":"//li[.//span[text()='equal to']]"}
RESULT: {"using":"xpath","value":"//li[.//span[text()='equal to']]"}
COMMAND: POST /session/f519eddc2ea26d61ca30e526d103b44b/elements - {"using":"xpath","value":"//li[.//span[text()='equal to']]"}
RESULT: {"using":"xpath","value":"//li[.//span[text()='equal to']]"}
COMMAND: POST /session/f519eddc2ea26d61ca30e526d103b44b/elements - {"using":"xpath","value":"//li[.//span[text()='equal to']]"}
RESULT: {"using":"xpath","value":"//li[.//span[text()='equal to']]"}
COMMAND: POST /session/f519eddc2ea26d61ca30e526d103b44b/elements - {"using":"xpath","value":"//li[.//span[text()='equal to']]"}
RESULT: {"using":"xpath","value":"//li[.//span[text()='equal to']]"}
COMMAND: POST /session/f519eddc2ea26d61ca30e526d103b44b/elements - {"using":"xpath","value":"//li[.//span[text()='equal to']]"}
RESULT: {"using":"xpath","value":"//li[.//span[text()='equal to']]"}
COMMAND: POST /session/f519eddc2ea26d61ca30e526d103b44b/elements - {"using":"xpath","value":"//li[.//span[text()='equal to']]"}
RESULT: {"using":"xpath","value":"//li[.//span[text()='equal to']]"}
COMMAND: POST /session/f519eddc2ea26d61ca30e526d103b44b/elements - {"using":"xpath","value":"//li[.//span[text()='equal to']]"}
RESULT: {"using":"xpath","value":"//li[.//span[text()='equal to']]"}
COMMAND: POST /session/f519eddc2ea26d61ca30e526d103b44b/elements - {"using":"xpath","value":"//li[.//span[text()='equal to']]"}
RESULT: {"using":"xpath","value":"//li[.//span[text()='equal to']]"}
COMMAND: POST /session/f519eddc2ea26d61ca30e526d103b44b/elements - {"using":"xpath","value":"//li[.//span[text()='equal to']]"}
RESULT: {"using":"xpath","value":"//li[.//span[text()='equal to']]"}
COMMAND: POST /session/f519eddc2ea26d61ca30e526d103b44b/elements - {"using":"xpath","value":"//li[.//span[text()='equal to']]"}
RESULT: {"using":"xpath","value":"//li[.//span[text()='equal to']]"}
COMMAND: POST /session/f519eddc2ea26d61ca30e526d103b44b/elements - {"using":"xpath","value":"//li[.//span[text()='equal to']]"}
RESULT: {"using":"xpath","value":"//li[.//span[text()='equal to']]"}
COMMAND: POST /session/f519eddc2ea26d61ca30e526d103b44b/elements - {"using":"xpath","value":"//li[.//span[text()='equal to']]"}
RESULT: {"using":"xpath","value":"//li[.//span[text()='equal to']]"}
COMMAND: POST /session/f519eddc2ea26d61ca30e526d103b44b/elements - {"using":"xpath","value":"//li[.//span[text()='equal to']]"}
RESULT: {"using":"xpath","value":"//li[.//span[text()='equal to']]"}
COMMAND: POST /session/f519eddc2ea26d61ca30e526d103b44b/elements - {"using":"xpath","value":"//li[.//span[text()='equal to']]"}
RESULT: {"using":"xpath","value":"//li[.//span[text()='equal to']]"}
COMMAND: POST /session/f519eddc2ea26d61ca30e526d103b44b/elements - {"using":"xpath","value":"//li[.//span[text()='equal to']]"}
RESULT: {"using":"xpath","value":"//li[.//span[text()='equal to']]"}
COMMAND: POST /session/f519eddc2ea26d61ca30e526d103b44b/elements - {"using":"xpath","value":"//li[.//span[text()='equal to']]"}
RESULT: {"using":"xpath","value":"//li[.//span[text()='equal to']]"}
COMMAND: POST /session/f519eddc2ea26d61ca30e526d103b44b/elements - {"using":"xpath","value":"//li[.//span[text()='equal to']]"}
RESULT: {"using":"xpath","value":"//li[.//span[text()='equal to']]"}
COMMAND: POST /session/f519eddc2ea26d61ca30e526d103b44b/elements - {"using":"xpath","value":"//li[.//span[text()='equal to']]"}
RESULT: {"using":"xpath","value":"//li[.//span[text()='equal to']]"}
COMMAND: POST /session/f519eddc2ea26d61ca30e526d103b44b/elements - {"using":"xpath","value":"//li[.//span[text()='equal to']]"}
RESULT: {"using":"xpath","value":"//li[.//span[text()='equal to']]"}
COMMAND: POST /session/f519eddc2ea26d61ca30e526d103b44b/elements - {"using":"xpath","value":"//li[.//span[text()='equal to']]"}
RESULT: {"using":"xpath","value":"//li[.//span[text()='equal to']]"}
COMMAND: POST /session/f519eddc2ea26d61ca30e526d103b44b/elements - {"using":"xpath","value":"//li[.//span[text()='equal to']]"}
RESULT: {"using":"xpath","value":"//li[.//span[text()='equal to']]"}
COMMAND: POST /session/f519eddc2ea26d61ca30e526d103b44b/elements - {"using":"xpath","value":"//li[.//span[text()='equal to']]"}
RESULT: {"using":"xpath","value":"//li[.//span[text()='equal to']]"}
COMMAND: POST /session/f519eddc2ea26d61ca30e526d103b44b/elements - {"using":"xpath","value":"//li[.//span[text()='equal to']]"}
RESULT: {"using":"xpath","value":"//li[.//span[text()='equal to']]"}
COMMAND: POST /session/f519eddc2ea26d61ca30e526d103b44b/elements - {"using":"xpath","value":"//li[.//span[text()='equal to']]"}
RESULT: {"using":"xpath","value":"//li[.//span[text()='equal to']]"}
COMMAND: POST /session/f519eddc2ea26d61ca30e526d103b44b/elements - {"using":"xpath","value":"//li[.//span[text()='equal to']]"}
RESULT: {"using":"xpath","value":"//li[.//span[text()='equal to']]"}
COMMAND: POST /session/f519eddc2ea26d61ca30e526d103b44b/elements - {"using":"xpath","value":"//li[.//span[text()='equal to']]"}
RESULT: {"using":"xpath","value":"//li[.//span[text()='equal to']]"}
COMMAND: POST /session/f519eddc2ea26d61ca30e526d103b44b/elements - {"using":"xpath","value":"//li[.//span[text()='equal to']]"}
RESULT: {"using":"xpath","value":"//li[.//span[text()='equal to']]"}
COMMAND: POST /session/f519eddc2ea26d61ca30e526d103b44b/elements - {"using":"xpath","value":"//li[.//span[text()='equal to']]"}
RESULT: {"using":"xpath","value":"//li[.//span[text()='equal to']]"}
COMMAND: POST /session/f519eddc2ea26d61ca30e526d103b44b/elements - {"using":"xpath","value":"//li[.//span[text()='equal to']]"}
RESULT: {"using":"xpath","value":"//li[.//span[text()='equal to']]"}
COMMAND: POST /session/f519eddc2ea26d61ca30e526d103b44b/elements - {"using":"xpath","value":"//li[.//span[text()='equal to']]"}
RESULT: {"using":"xpath","value":"//li[.//span[text()='equal to']]"}
COMMAND: POST /session/f519eddc2ea26d61ca30e526d103b44b/elements - {"using":"xpath","value":"//li[.//span[text()='equal to']]"}
RESULT: {"using":"xpath","value":"//li[.//span[text()='equal to']]"}
COMMAND: POST /session/f519eddc2ea26d61ca30e526d103b44b/elements - {"using":"xpath","value":"//li[.//span[text()='equal to']]"}
RESULT: {"using":"xpath","value":"//li[.//span[text()='equal to']]"}
COMMAND: POST /session/f519eddc2ea26d61ca30e526d103b44b/elements - {"using":"xpath","value":"//li[.//span[text()='equal to']]"}
RESULT: {"using":"xpath","value":"//li[.//span[text()='equal to']]"}
COMMAND: POST /session/f519eddc2ea26d61ca30e526d103b44b/elements - {"using":"xpath","value":"//li[.//span[text()='equal to']]"}
RESULT: {"using":"xpath","value":"//li[.//span[text()='equal to']]"}
COMMAND: POST /session/f519eddc2ea26d61ca30e526d103b44b/elements - {"using":"xpath","value":"//li[.//span[text()='equal to']]"}
RESULT: {"using":"xpath","value":"//li[.//span[text()='equal to']]"}
COMMAND: POST /session/f519eddc2ea26d61ca30e526d103b44b/elements - {"using":"xpath","value":"//li[.//span[text()='equal to']]"}
RESULT: {"using":"xpath","value":"//li[.//span[text()='equal to']]"}
COMMAND: POST /session/f519eddc2ea26d61ca30e526d103b44b/elements - {"using":"xpath","value":"//li[.//span[text()='equal to']]"}
RESULT: {"using":"xpath","value":"//li[.//span[text()='equal to']]"}
COMMAND: POST /session/f519eddc2ea26d61ca30e526d103b44b/elements - {"using":"xpath","value":"//li[.//span[text()='equal to']]"}
RESULT: {"using":"xpath","value":"//li[.//span[text()='equal to']]"}
COMMAND: POST /session/f519eddc2ea26d61ca30e526d103b44b/elements - {"using":"xpath","value":"//li[.//span[text()='equal to']]"}
RESULT: {"using":"xpath","value":"//li[.//span[text()='equal to']]"}
COMMAND: POST /session/f519eddc2ea26d61ca30e526d103b44b/elements - {"using":"xpath","value":"//li[.//span[text()='equal to']]"}
RESULT: {"using":"xpath","value":"//li[.//span[text()='equal to']]"}
COMMAND: POST /session/f519eddc2ea26d61ca30e526d103b44b/elements - {"using":"xpath","value":"//li[.//span[text()='equal to']]"}
RESULT: {"using":"xpath","value":"//li[.//span[text()='equal to']]"}
COMMAND: POST /session/f519eddc2ea26d61ca30e526d103b44b/elements - {"using":"xpath","value":"//li[.//span[text()='equal to']]"}
RESULT: {"using":"xpath","value":"//li[.//span[text()='equal to']]"}
COMMAND: POST /session/f519eddc2ea26d61ca30e526d103b44b/elements - {"using":"xpath","value":"//li[.//span[text()='equal to']]"}
RESULT: {"using":"xpath","value":"//li[.//span[text()='equal to']]"}
COMMAND: POST /session/f519eddc2ea26d61ca30e526d103b44b/elements - {"using":"xpath","value":"//li[.//span[text()='equal to']]"}
RESULT: {"using":"xpath","value":"//li[.//span[text()='equal to']]"}
COMMAND: POST /session/f519eddc2ea26d61ca30e526d103b44b/elements - {"using":"xpath","value":"//li[.//span[text()='equal to']]"}
RESULT: {"using":"xpath","value":"//li[.//span[text()='equal to']]"}
COMMAND: POST /session/f519eddc2ea26d61ca30e526d103b44b/elements - {"using":"xpath","value":"//li[.//span[text()='equal to']]"}
RESULT: {"using":"xpath","value":"//li[.//span[text()='equal to']]"}
COMMAND: POST /session/f519eddc2ea26d61ca30e526d103b44b/elements - {"using":"xpath","value":"//li[.//span[text()='equal to']]"}
RESULT: {"using":"xpath","value":"//li[.//span[text()='equal to']]"}
COMMAND: POST /session/f519eddc2ea26d61ca30e526d103b44b/elements - {"using":"xpath","value":"//li[.//span[text()='equal to']]"}
RESULT: {"using":"xpath","value":"//li[.//span[text()='equal to']]"}
COMMAND: POST /session/f519eddc2ea26d61ca30e526d103b44b/elements - {"using":"xpath","value":"//li[.//span[text()='equal to']]"}
RESULT: {"using":"xpath","value":"//li[.//span[text()='equal to']]"}
COMMAND: POST /session/f519eddc2ea26d61ca30e526d103b44b/elements - {"using":"xpath","value":"//li[.//span[text()='equal to']]"}
RESULT: {"using":"xpath","value":"//li[.//span[text()='equal to']]"}
COMMAND: POST /session/f519eddc2ea26d61ca30e526d103b44b/elements - {"using":"xpath","value":"//li[.//span[text()='equal to']]"}
RESULT: {"using":"xpath","value":"//li[.//span[text()='equal to']]"}
COMMAND: POST /session/f519eddc2ea26d61ca30e526d103b44b/elements - {"using":"xpath","value":"//li[.//span[text()='equal to']]"}
RESULT: {"using":"xpath","value":"//li[.//span[text()='equal to']]"}
COMMAND: POST /session/f519eddc2ea26d61ca30e526d103b44b/elements - {"using":"xpath","value":"//li[.//span[text()='equal to']]"}
RESULT: {"using":"xpath","value":"//li[.//span[text()='equal to']]"}
COMMAND: POST /session/f519eddc2ea26d61ca30e526d103b44b/elements - {"using":"xpath","value":"//li[.//span[text()='equal to']]"}
RESULT: {"using":"xpath","value":"//li[.//span[text()='equal to']]"}
COMMAND: POST /session/f519eddc2ea26d61ca30e526d103b44b/elements - {"using":"xpath","value":"//li[.//span[text()='equal to']]"}
RESULT: {"using":"xpath","value":"//li[.//span[text()='equal to']]"}
COMMAND: POST /session/f519eddc2ea26d61ca30e526d103b44b/elements - {"using":"xpath","value":"//li[.//span[text()='equal to']]"}
RESULT: {"using":"xpath","value":"//li[.//span[text()='equal to']]"}
COMMAND: POST /session/f519eddc2ea26d61ca30e526d103b44b/elements - {"using":"xpath","value":"//li[.//span[text()='equal to']]"}
RESULT: {"using":"xpath","value":"//li[.//span[text()='equal to']]"}
COMMAND: POST /session/f519eddc2ea26d61ca30e526d103b44b/elements - {"using":"xpath","value":"//li[.//span[text()='equal to']]"}
RESULT: {"using":"xpath","value":"//li[.//span[text()='equal to']]"}
COMMAND: POST /session/f519eddc2ea26d61ca30e526d103b44b/elements - {"using":"xpath","value":"//li[.//span[text()='equal to']]"}
RESULT: {"using":"xpath","value":"//li[.//span[text()='equal to']]"}
COMMAND: POST /session/f519eddc2ea26d61ca30e526d103b44b/elements - {"using":"xpath","value":"//li[.//span[text()='equal to']]"}
RESULT: {"using":"xpath","value":"//li[.//span[text()='equal to']]"}
COMMAND: POST /session/f519eddc2ea26d61ca30e526d103b44b/elements - {"using":"xpath","value":"//li[.//span[text()='equal to']]"}
RESULT: {"using":"xpath","value":"//li[.//span[text()='equal to']]"}
COMMAND: POST /session/f519eddc2ea26d61ca30e526d103b44b/elements - {"using":"xpath","value":"//li[.//span[text()='equal to']]"}
RESULT: {"using":"xpath","value":"//li[.//span[text()='equal to']]"}
COMMAND: POST /session/f519eddc2ea26d61ca30e526d103b44b/elements - {"using":"xpath","value":"//li[.//span[text()='equal to']]"}
RESULT: {"using":"xpath","value":"//li[.//span[text()='equal to']]"}
COMMAND: POST /session/f519eddc2ea26d61ca30e526d103b44b/elements - {"using":"xpath","value":"//li[.//span[text()='equal to']]"}
RESULT: {"using":"xpath","value":"//li[.//span[text()='equal to']]"}
COMMAND: POST /session/f519eddc2ea26d61ca30e526d103b44b/elements - {"using":"xpath","value":"//li[.//span[text()='equal to']]"}
RESULT: {"using":"xpath","value":"//li[.//span[text()='equal to']]"}
COMMAND: POST /session/f519eddc2ea26d61ca30e526d103b44b/elements - {"using":"xpath","value":"//li[.//span[text()='equal to']]"}
RESULT: {"using":"xpath","value":"//li[.//span[text()='equal to']]"}
COMMAND: POST /session/f519eddc2ea26d61ca30e526d103b44b/elements - {"using":"xpath","value":"//li[.//span[text()='equal to']]"}
RESULT: {"using":"xpath","value":"//li[.//span[text()='equal to']]"}
COMMAND: POST /session/f519eddc2ea26d61ca30e526d103b44b/elements - {"using":"xpath","value":"//li[.//span[text()='equal to']]"}
RESULT: {"using":"xpath","value":"//li[.//span[text()='equal to']]"}
COMMAND: POST /session/f519eddc2ea26d61ca30e526d103b44b/elements - {"using":"xpath","value":"//li[.//span[text()='equal to']]"}
RESULT: {"using":"xpath","value":"//li[.//span[text()='equal to']]"}
COMMAND: POST /session/f519eddc2ea26d61ca30e526d103b44b/elements - {"using":"xpath","value":"//li[.//span[text()='equal to']]"}
RESULT: {"using":"xpath","value":"//li[.//span[text()='equal to']]"}
COMMAND: POST /session/f519eddc2ea26d61ca30e526d103b44b/elements - {"using":"xpath","value":"//li[.//span[text()='equal to']]"}
RESULT: {"using":"xpath","value":"//li[.//span[text()='equal to']]"}
COMMAND: POST /session/f519eddc2ea26d61ca30e526d103b44b/elements - {"using":"xpath","value":"//li[.//span[text()='equal to']]"}
RESULT: {"using":"xpath","value":"//li[.//span[text()='equal to']]"}
COMMAND: POST /session/f519eddc2ea26d61ca30e526d103b44b/elements - {"using":"xpath","value":"//li[.//span[text()='equal to']]"}
RESULT: {"using":"xpath","value":"//li[.//span[text()='equal to']]"}
COMMAND: POST /session/f519eddc2ea26d61ca30e526d103b44b/elements - {"using":"xpath","value":"//li[.//span[text()='equal to']]"}
RESULT: {"using":"xpath","value":"//li[.//span[text()='equal to']]"}
COMMAND: POST /session/f519eddc2ea26d61ca30e526d103b44b/elements - {"using":"xpath","value":"//li[.//span[text()='equal to']]"}
RESULT: {"using":"xpath","value":"//li[.//span[text()='equal to']]"}
COMMAND: POST /session/f519eddc2ea26d61ca30e526d103b44b/elements - {"using":"xpath","value":"//li[.//span[text()='equal to']]"}
RESULT: {"using":"xpath","value":"//li[.//span[text()='equal to']]"}
COMMAND: POST /session/f519eddc2ea26d61ca30e526d103b44b/elements - {"using":"xpath","value":"//li[.//span[text()='equal to']]"}
RESULT: {"using":"xpath","value":"//li[.//span[text()='equal to']]"}
COMMAND: POST /session/f519eddc2ea26d61ca30e526d103b44b/elements - {"using":"xpath","value":"//li[.//span[text()='equal to']]"}
RESULT: {"using":"xpath","value":"//li[.//span[text()='equal to']]"}
COMMAND: POST /session/f519eddc2ea26d61ca30e526d103b44b/elements - {"using":"xpath","value":"//li[.//span[text()='equal to']]"}
RESULT: {"using":"xpath","value":"//li[.//span[text()='equal to']]"}
COMMAND: POST /session/f519eddc2ea26d61ca30e526d103b44b/elements - {"using":"xpath","value":"//li[.//span[text()='equal to']]"}
RESULT: {"using":"xpath","value":"//li[.//span[text()='equal to']]"}
COMMAND: POST /session/f519eddc2ea26d61ca30e526d103b44b/elements - {"using":"xpath","value":"//li[.//span[text()='equal to']]"}
RESULT: {"using":"xpath","value":"//li[.//span[text()='equal to']]"}
COMMAND: POST /session/f519eddc2ea26d61ca30e526d103b44b/elements - {"using":"xpath","value":"//li[.//span[text()='equal to']]"}
RESULT: {"using":"xpath","value":"//li[.//span[text()='equal to']]"}
COMMAND: POST /session/f519eddc2ea26d61ca30e526d103b44b/elements - {"using":"xpath","value":"//li[.//span[text()='equal to']]"}
RESULT: {"using":"xpath","value":"//li[.//span[text()='equal to']]"}
COMMAND: POST /session/f519eddc2ea26d61ca30e526d103b44b/elements - {"using":"xpath","value":"//li[.//span[text()='equal to']]"}
COMMAND: GET /session/f519eddc2ea26d61ca30e526d103b44b/screenshot - {}
RESULT: {"using":"xpath","value":"//li[.//span[text()='equal to']]"}
RESULT: {}
]]></system-out>
      <system-err><![CDATA[
Error: Can't call click on element with selector "//li[.//span[text()='equal to']]" because element wasn't found
    at async Context.<anonymous> (D:\a\1\s\test\specs\BTS\manage-partners.spec.js:805:9)
]]></system-err>
    </testcase>
  </testsuite>
</testsuites>