<?xml version="1.0" encoding="UTF-8"?>
<testsuites tests="17" failures="1" errors="1" skipped="0">
  <testsuite timestamp="2025-06-12T17:27:46" time="1899.489" tests="13" failures="0" errors="0" skipped="0">
    <properties>
      <property name="specId" value="0" />
      <property name="suiteName" value="Partner specific tests US150819 US151080 US151654 US151176 US103444 US151078 US151079 US151109 US151174 US151175 US151189" />
      <property name="capabilities" value="chrome.137_0_7151_69.windows" />
      <property name="file" value="file:///D:/a/1/s/test/specs/BTS/manage-partners.spec.js" />
    </properties>
    <testcase classname="chrome.137_0_7151_69.windows.Partner_specific_tests_US150819_US151080_US151654_US151176_US103444_US151078_US151079_US151109_US151174_US151175_US151189" name="Should create a new yard prerequisite" time="132.809">
      <system-out><![CDATA[
COMMAND: POST /session/b6c10327e85db8e4472cf13987b22354/window/fullscreen - {}
RESULT: {}
COMMAND: POST /session/b6c10327e85db8e4472cf13987b22354/element - {"using":"xpath","value":"//li[.//span[text()=\"Manage Partners\"]]"}
RESULT: {"using":"xpath","value":"//li[.//span[text()=\"Manage Partners\"]]"}
COMMAND: POST /session/b6c10327e85db8e4472cf13987b22354/element - {"using":"xpath","value":"//li[.//span[text()=\"Manage Partners\"]]"}
RESULT: {"using":"xpath","value":"//li[.//span[text()=\"Manage Partners\"]]"}
COMMAND: POST /session/b6c10327e85db8e4472cf13987b22354/element - {"using":"css selector","value":"#shell-header-logo"}
RESULT: {"using":"css selector","value":"#shell-header-logo"}
COMMAND: POST /session/b6c10327e85db8e4472cf13987b22354/element/f.76EFC1153EA5792FD1141D4CA15B46A2.d.33899E6A97F3BC062B6491AA7430C6EE.e.270/click - {}
COMMAND: POST /session/b6c10327e85db8e4472cf13987b22354/execute/sync - {"script":"<script> [8489 bytes]","args":[{"element-6066-11e4-a52e-4f735466cecf":"f.76EFC1153EA5792FD1141D4CA15B46A2.d.33899E6A97F3BC062B6491AA7430C6EE.e.270","ELEMENT":"f.76EFC1153EA5792FD1141D4CA15B46A2.d.33899E6A97F3BC062B6491AA7430C6EE.e.270"}]}
RESULT: {}
COMMAND: GET /session/b6c10327e85db8e4472cf13987b22354/screenshot - {}
RESULT: {"script":"<script> [8489 bytes]","args":[{"element-6066-11e4-a52e-4f735466cecf":"f.76EFC1153EA5792FD1141D4CA15B46A2.d.33899E6A97F3BC062B6491AA7430C6EE.e.270","ELEMENT":"f.76EFC1153EA5792FD1141D4CA15B46A2.d.33899E6A97F3BC062B6491AA7430C6EE.e.270"}]}
COMMAND: POST /session/b6c10327e85db8e4472cf13987b22354/execute/sync - {"script":"<script> [5351 bytes]","args":[{"element-6066-11e4-a52e-4f735466cecf":"f.76EFC1153EA5792FD1141D4CA15B46A2.d.33899E6A97F3BC062B6491AA7430C6EE.e.270","ELEMENT":"f.76EFC1153EA5792FD1141D4CA15B46A2.d.33899E6A97F3BC062B6491AA7430C6EE.e.270"}]}
COMMAND: GET /session/b6c10327e85db8e4472cf13987b22354/screenshot - {}
RESULT: {}
RESULT: {"script":"<script> [5351 bytes]","args":[{"element-6066-11e4-a52e-4f735466cecf":"f.76EFC1153EA5792FD1141D4CA15B46A2.d.33899E6A97F3BC062B6491AA7430C6EE.e.270","ELEMENT":"f.76EFC1153EA5792FD1141D4CA15B46A2.d.33899E6A97F3BC062B6491AA7430C6EE.e.270"}]}
COMMAND: GET /session/b6c10327e85db8e4472cf13987b22354/screenshot - {}
RESULT: {}
RESULT: {}
COMMAND: POST /session/b6c10327e85db8e4472cf13987b22354/execute/async - {"script":"<script> [1562 bytes]","args":[{"selector":{"controlType":"sap.m.GenericTile","properties":{"header":"Manage Yards"}},"wdio_ui5_key":"sapm.GenericTile{\"header\":\"Manage Yards\"}"}]}
RESULT: {"script":"<script> [1562 bytes]","args":[{"selector":{"controlType":"sap.m.GenericTile","properties":{"header":"Manage Yards"}},"wdio_ui5_key":"sapm.GenericTile{\"header\":\"Manage Yards\"}"}]}
RESULT: undefined
COMMAND: POST /session/b6c10327e85db8e4472cf13987b22354/element - {"using":"xpath","value":"//*[@id=\"__tile42\"]"}
RESULT: {"using":"xpath","value":"//*[@id=\"__tile42\"]"}
COMMAND: POST /session/b6c10327e85db8e4472cf13987b22354/element/f.76EFC1153EA5792FD1141D4CA15B46A2.d.33899E6A97F3BC062B6491AA7430C6EE.e.163/click - {}
RESULT: {}
COMMAND: GET /session/b6c10327e85db8e4472cf13987b22354/screenshot - {}
RESULT: {}
COMMAND: POST /session/b6c10327e85db8e4472cf13987b22354/elements - {"using":"xpath","value":"//span[text()='Error']"}
RESULT: {"using":"xpath","value":"//span[text()='Error']"}
COMMAND: POST /session/b6c10327e85db8e4472cf13987b22354/element - {"using":"xpath","value":"//button[@data-kt=\"addNewYardOverflowToolbarButton\"]"}
RESULT: {"using":"xpath","value":"//button[@data-kt=\"addNewYardOverflowToolbarButton\"]"}
COMMAND: POST /session/b6c10327e85db8e4472cf13987b22354/elements - {"using":"xpath","value":"//button[@data-kt=\"addNewYardOverflowToolbarButton\"]"}
RESULT: {"using":"xpath","value":"//button[@data-kt=\"addNewYardOverflowToolbarButton\"]"}
COMMAND: POST /session/b6c10327e85db8e4472cf13987b22354/elements - {"using":"xpath","value":"//button[@data-kt=\"addNewYardOverflowToolbarButton\"]"}
RESULT: {"using":"xpath","value":"//button[@data-kt=\"addNewYardOverflowToolbarButton\"]"}
COMMAND: POST /session/b6c10327e85db8e4472cf13987b22354/elements - {"using":"xpath","value":"//button[@data-kt=\"addNewYardOverflowToolbarButton\"]"}
RESULT: {"using":"xpath","value":"//button[@data-kt=\"addNewYardOverflowToolbarButton\"]"}
COMMAND: POST /session/b6c10327e85db8e4472cf13987b22354/elements - {"using":"xpath","value":"//button[@data-kt=\"addNewYardOverflowToolbarButton\"]"}
RESULT: {"using":"xpath","value":"//button[@data-kt=\"addNewYardOverflowToolbarButton\"]"}
COMMAND: POST /session/b6c10327e85db8e4472cf13987b22354/elements - {"using":"xpath","value":"//button[@data-kt=\"addNewYardOverflowToolbarButton\"]"}
RESULT: {"using":"xpath","value":"//button[@data-kt=\"addNewYardOverflowToolbarButton\"]"}
COMMAND: POST /session/b6c10327e85db8e4472cf13987b22354/elements - {"using":"xpath","value":"//button[@data-kt=\"addNewYardOverflowToolbarButton\"]"}
RESULT: {"using":"xpath","value":"//button[@data-kt=\"addNewYardOverflowToolbarButton\"]"}
COMMAND: POST /session/b6c10327e85db8e4472cf13987b22354/element - {"using":"xpath","value":"//button[@data-kt=\"addNewYardOverflowToolbarButton\"]"}
RESULT: {"using":"xpath","value":"//button[@data-kt=\"addNewYardOverflowToolbarButton\"]"}
COMMAND: POST /session/b6c10327e85db8e4472cf13987b22354/execute/sync - {"script":"<script> [8489 bytes]","args":[{"element-6066-11e4-a52e-4f735466cecf":"f.76EFC1153EA5792FD1141D4CA15B46A2.d.33899E6A97F3BC062B6491AA7430C6EE.e.302","ELEMENT":"f.76EFC1153EA5792FD1141D4CA15B46A2.d.33899E6A97F3BC062B6491AA7430C6EE.e.302"}]}
RESULT: {"script":"<script> [8489 bytes]","args":[{"element-6066-11e4-a52e-4f735466cecf":"f.76EFC1153EA5792FD1141D4CA15B46A2.d.33899E6A97F3BC062B6491AA7430C6EE.e.302","ELEMENT":"f.76EFC1153EA5792FD1141D4CA15B46A2.d.33899E6A97F3BC062B6491AA7430C6EE.e.302"}]}
COMMAND: GET /session/b6c10327e85db8e4472cf13987b22354/element/f.76EFC1153EA5792FD1141D4CA15B46A2.d.33899E6A97F3BC062B6491AA7430C6EE.e.302/enabled - {}
COMMAND: GET /session/b6c10327e85db8e4472cf13987b22354/screenshot - {}
RESULT: {}
COMMAND: POST /session/b6c10327e85db8e4472cf13987b22354/execute/sync - {"script":"<script> [8489 bytes]","args":[{"element-6066-11e4-a52e-4f735466cecf":"f.76EFC1153EA5792FD1141D4CA15B46A2.d.33899E6A97F3BC062B6491AA7430C6EE.e.302","ELEMENT":"f.76EFC1153EA5792FD1141D4CA15B46A2.d.33899E6A97F3BC062B6491AA7430C6EE.e.302"}]}
COMMAND: GET /session/b6c10327e85db8e4472cf13987b22354/screenshot - {}
RESULT: {}
RESULT: {"script":"<script> [8489 bytes]","args":[{"element-6066-11e4-a52e-4f735466cecf":"f.76EFC1153EA5792FD1141D4CA15B46A2.d.33899E6A97F3BC062B6491AA7430C6EE.e.302","ELEMENT":"f.76EFC1153EA5792FD1141D4CA15B46A2.d.33899E6A97F3BC062B6491AA7430C6EE.e.302"}]}
COMMAND: POST /session/b6c10327e85db8e4472cf13987b22354/execute/sync - {"script":"<script> [5351 bytes]","args":[{"element-6066-11e4-a52e-4f735466cecf":"f.76EFC1153EA5792FD1141D4CA15B46A2.d.33899E6A97F3BC062B6491AA7430C6EE.e.302","ELEMENT":"f.76EFC1153EA5792FD1141D4CA15B46A2.d.33899E6A97F3BC062B6491AA7430C6EE.e.302"}]}
COMMAND: GET /session/b6c10327e85db8e4472cf13987b22354/screenshot - {}
RESULT: {}
RESULT: {"script":"<script> [5351 bytes]","args":[{"element-6066-11e4-a52e-4f735466cecf":"f.76EFC1153EA5792FD1141D4CA15B46A2.d.33899E6A97F3BC062B6491AA7430C6EE.e.302","ELEMENT":"f.76EFC1153EA5792FD1141D4CA15B46A2.d.33899E6A97F3BC062B6491AA7430C6EE.e.302"}]}
COMMAND: POST /session/b6c10327e85db8e4472cf13987b22354/element/f.76EFC1153EA5792FD1141D4CA15B46A2.d.33899E6A97F3BC062B6491AA7430C6EE.e.302/click - {}
COMMAND: GET /session/b6c10327e85db8e4472cf13987b22354/screenshot - {}
RESULT: {}
RESULT: {}
COMMAND: GET /session/b6c10327e85db8e4472cf13987b22354/screenshot - {}
COMMAND: POST /session/b6c10327e85db8e4472cf13987b22354/element - {"using":"xpath","value":"//input[@id=\"application-manageyards-display-component---NewYard--yardId-inner\"]"}
RESULT: {}
RESULT: {}
RESULT: {"using":"xpath","value":"//input[@id=\"application-manageyards-display-component---NewYard--yardId-inner\"]"}
COMMAND: POST /session/b6c10327e85db8e4472cf13987b22354/element - {"using":"xpath","value":"//input[@id=\"application-manageyards-display-component---NewYard--yardId-inner\"]"}
RESULT: {"using":"xpath","value":"//input[@id=\"application-manageyards-display-component---NewYard--yardId-inner\"]"}
COMMAND: POST /session/b6c10327e85db8e4472cf13987b22354/execute/async - {"script":"<script> [1562 bytes]","args":[{"selector":{"id":"application-manageyards-display-component---NewYard--addressDetailDetailsName1","interaction":{"idSuffix":"inner"}},"wdio_ui5_key":"applicationmanageyards-display-component---NewYard--addressDetailDetailsName1"}]}
RESULT: {"script":"<script> [1562 bytes]","args":[{"selector":{"id":"application-manageyards-display-component---NewYard--addressDetailDetailsName1","interaction":{"idSuffix":"inner"}},"wdio_ui5_key":"applicationmanageyards-display-component---NewYard--addressDetailDetailsName1"}]}
RESULT: undefined
COMMAND: POST /session/b6c10327e85db8e4472cf13987b22354/execute/async - {"script":"<script> [776 bytes]","args":[{"enterText":"Intracompany Yard wdIO","selector":{"id":"application-manageyards-display-component---NewYard--addressDetailDetailsName1","interaction":{"idSuffix":"inner"}},"clearTextFirst":true,"interactionType":"ENTER_TEXT"}]}
RESULT: {"script":"<script> [776 bytes]","args":[{"enterText":"Intracompany Yard wdIO","selector":{"id":"application-manageyards-display-component---NewYard--addressDetailDetailsName1","interaction":{"idSuffix":"inner"}},"clearTextFirst":true,"interactionType":"ENTER_TEXT"}]}
COMMAND: POST /session/b6c10327e85db8e4472cf13987b22354/execute/async - {"script":"<script> [1562 bytes]","args":[{"selector":{"id":"application-manageyards-display-component---NewYard--addressDetailDetailsLanguage-arrow"},"wdio_ui5_key":"applicationmanageyards-display-component---NewYard--addressDetailDetailsLanguage-arrow"}]}
RESULT: {"script":"<script> [1562 bytes]","args":[{"selector":{"id":"application-manageyards-display-component---NewYard--addressDetailDetailsLanguage-arrow"},"wdio_ui5_key":"applicationmanageyards-display-component---NewYard--addressDetailDetailsLanguage-arrow"}]}
RESULT: undefined
COMMAND: POST /session/b6c10327e85db8e4472cf13987b22354/element - {"using":"xpath","value":"//*[@id=\"application-manageyards-display-component---NewYard--addressDetailDetailsLanguage-arrow\"]"}
RESULT: {"using":"xpath","value":"//*[@id=\"application-manageyards-display-component---NewYard--addressDetailDetailsLanguage-arrow\"]"}
COMMAND: POST /session/b6c10327e85db8e4472cf13987b22354/element/f.76EFC1153EA5792FD1141D4CA15B46A2.d.33899E6A97F3BC062B6491AA7430C6EE.e.713/click - {}
RESULT: {}
COMMAND: POST /session/b6c10327e85db8e4472cf13987b22354/element - {"using":"xpath","value":"//span[contains(text(), \"English\")]"}
COMMAND: GET /session/b6c10327e85db8e4472cf13987b22354/screenshot - {}
RESULT: {"using":"xpath","value":"//span[contains(text(), \"English\")]"}
COMMAND: POST /session/b6c10327e85db8e4472cf13987b22354/element/f.76EFC1153EA5792FD1141D4CA15B46A2.d.33899E6A97F3BC062B6491AA7430C6EE.e.714/click - {}
RESULT: {}
RESULT: {}
COMMAND: POST /session/b6c10327e85db8e4472cf13987b22354/execute/async - {"script":"<script> [1562 bytes]","args":[{"selector":{"id":"application-manageyards-display-component---NewYard--addressDetailDetailsCity1","interaction":{"idSuffix":"inner"}},"wdio_ui5_key":"applicationmanageyards-display-component---NewYard--addressDetailDetailsCity1"}]}
COMMAND: GET /session/b6c10327e85db8e4472cf13987b22354/screenshot - {}
RESULT: {"script":"<script> [1562 bytes]","args":[{"selector":{"id":"application-manageyards-display-component---NewYard--addressDetailDetailsCity1","interaction":{"idSuffix":"inner"}},"wdio_ui5_key":"applicationmanageyards-display-component---NewYard--addressDetailDetailsCity1"}]}
RESULT: undefined
COMMAND: POST /session/b6c10327e85db8e4472cf13987b22354/execute/async - {"script":"<script> [776 bytes]","args":[{"enterText":"Rosario","selector":{"id":"application-manageyards-display-component---NewYard--addressDetailDetailsCity1","interaction":{"idSuffix":"inner"}},"clearTextFirst":true,"interactionType":"ENTER_TEXT"}]}
RESULT: {}
RESULT: {"script":"<script> [776 bytes]","args":[{"enterText":"Rosario","selector":{"id":"application-manageyards-display-component---NewYard--addressDetailDetailsCity1","interaction":{"idSuffix":"inner"}},"clearTextFirst":true,"interactionType":"ENTER_TEXT"}]}
COMMAND: POST /session/b6c10327e85db8e4472cf13987b22354/execute/async - {"script":"<script> [1562 bytes]","args":[{"selector":{"id":"application-manageyards-display-component---NewYard--addressDetailDetailsCountry-arrow"},"wdio_ui5_key":"applicationmanageyards-display-component---NewYard--addressDetailDetailsCountry-arrow"}]}
RESULT: {"script":"<script> [1562 bytes]","args":[{"selector":{"id":"application-manageyards-display-component---NewYard--addressDetailDetailsCountry-arrow"},"wdio_ui5_key":"applicationmanageyards-display-component---NewYard--addressDetailDetailsCountry-arrow"}]}
RESULT: undefined
COMMAND: POST /session/b6c10327e85db8e4472cf13987b22354/element - {"using":"xpath","value":"//*[@id=\"application-manageyards-display-component---NewYard--addressDetailDetailsCountry-arrow\"]"}
RESULT: {"using":"xpath","value":"//*[@id=\"application-manageyards-display-component---NewYard--addressDetailDetailsCountry-arrow\"]"}
COMMAND: POST /session/b6c10327e85db8e4472cf13987b22354/element/f.76EFC1153EA5792FD1141D4CA15B46A2.d.33899E6A97F3BC062B6491AA7430C6EE.e.716/click - {}
RESULT: {}
COMMAND: POST /session/b6c10327e85db8e4472cf13987b22354/element - {"using":"xpath","value":"//span[contains(text(), \"Argentina\")]"}
COMMAND: GET /session/b6c10327e85db8e4472cf13987b22354/screenshot - {}
RESULT: {"using":"xpath","value":"//span[contains(text(), \"Argentina\")]"}
COMMAND: POST /session/b6c10327e85db8e4472cf13987b22354/element/f.76EFC1153EA5792FD1141D4CA15B46A2.d.33899E6A97F3BC062B6491AA7430C6EE.e.717/click - {}
RESULT: {}
RESULT: {}
COMMAND: POST /session/b6c10327e85db8e4472cf13987b22354/execute/async - {"script":"<script> [1562 bytes]","args":[{"selector":{"id":"application-manageyards-display-component---NewYard--addressEditDetailsCostObjectCstType-arrow"},"wdio_ui5_key":"applicationmanageyards-display-component---NewYard--addressEditDetailsCostObjectCstType-arrow"}]}
COMMAND: GET /session/b6c10327e85db8e4472cf13987b22354/screenshot - {}
RESULT: {"script":"<script> [1562 bytes]","args":[{"selector":{"id":"application-manageyards-display-component---NewYard--addressEditDetailsCostObjectCstType-arrow"},"wdio_ui5_key":"applicationmanageyards-display-component---NewYard--addressEditDetailsCostObjectCstType-arrow"}]}
RESULT: undefined
COMMAND: POST /session/b6c10327e85db8e4472cf13987b22354/element - {"using":"xpath","value":"//*[@id=\"application-manageyards-display-component---NewYard--addressEditDetailsCostObjectCstType-arrow\"]"}
RESULT: {}
RESULT: {"using":"xpath","value":"//*[@id=\"application-manageyards-display-component---NewYard--addressEditDetailsCostObjectCstType-arrow\"]"}
COMMAND: POST /session/b6c10327e85db8e4472cf13987b22354/element/f.76EFC1153EA5792FD1141D4CA15B46A2.d.33899E6A97F3BC062B6491AA7430C6EE.e.719/click - {}
RESULT: {}
COMMAND: POST /session/b6c10327e85db8e4472cf13987b22354/element - {"using":"xpath","value":"//span[contains(text(), \"Cost Center\")]"}
COMMAND: GET /session/b6c10327e85db8e4472cf13987b22354/screenshot - {}
RESULT: {"using":"xpath","value":"//span[contains(text(), \"Cost Center\")]"}
COMMAND: POST /session/b6c10327e85db8e4472cf13987b22354/element/f.76EFC1153EA5792FD1141D4CA15B46A2.d.33899E6A97F3BC062B6491AA7430C6EE.e.720/click - {}
RESULT: {}
RESULT: {}
COMMAND: GET /session/b6c10327e85db8e4472cf13987b22354/screenshot - {}
RESULT: {}
COMMAND: POST /session/b6c10327e85db8e4472cf13987b22354/element - {"using":"xpath","value":"//span[@id=\"application-manageyards-display-component---NewYard--addressNewCostObjectCstID-vhi\"]"}
RESULT: {"using":"xpath","value":"//span[@id=\"application-manageyards-display-component---NewYard--addressNewCostObjectCstID-vhi\"]"}
COMMAND: POST /session/b6c10327e85db8e4472cf13987b22354/execute/sync - {"script":"<script> [8489 bytes]","args":[{"element-6066-11e4-a52e-4f735466cecf":"f.76EFC1153EA5792FD1141D4CA15B46A2.d.33899E6A97F3BC062B6491AA7430C6EE.e.724","ELEMENT":"f.76EFC1153EA5792FD1141D4CA15B46A2.d.33899E6A97F3BC062B6491AA7430C6EE.e.724"}]}
RESULT: {"script":"<script> [8489 bytes]","args":[{"element-6066-11e4-a52e-4f735466cecf":"f.76EFC1153EA5792FD1141D4CA15B46A2.d.33899E6A97F3BC062B6491AA7430C6EE.e.724","ELEMENT":"f.76EFC1153EA5792FD1141D4CA15B46A2.d.33899E6A97F3BC062B6491AA7430C6EE.e.724"}]}
COMMAND: POST /session/b6c10327e85db8e4472cf13987b22354/execute/async - {"script":"<script> [1562 bytes]","args":[{"selector":{"id":"application-manageyards-display-component---NewYard--addressNewCostObjectCstID-vhi"},"wdio_ui5_key":"applicationmanageyards-display-component---NewYard--addressNewCostObjectCstID-vhi"}]}
COMMAND: GET /session/b6c10327e85db8e4472cf13987b22354/screenshot - {}
RESULT: {"script":"<script> [1562 bytes]","args":[{"selector":{"id":"application-manageyards-display-component---NewYard--addressNewCostObjectCstID-vhi"},"wdio_ui5_key":"applicationmanageyards-display-component---NewYard--addressNewCostObjectCstID-vhi"}]}
RESULT: undefined
COMMAND: POST /session/b6c10327e85db8e4472cf13987b22354/element - {"using":"xpath","value":"//*[@id=\"application-manageyards-display-component---NewYard--addressNewCostObjectCstID-vhi\"]"}
RESULT: {}
RESULT: {"using":"xpath","value":"//*[@id=\"application-manageyards-display-component---NewYard--addressNewCostObjectCstID-vhi\"]"}
COMMAND: POST /session/b6c10327e85db8e4472cf13987b22354/element/f.76EFC1153EA5792FD1141D4CA15B46A2.d.33899E6A97F3BC062B6491AA7430C6EE.e.724/click - {}
RESULT: {}
COMMAND: GET /session/b6c10327e85db8e4472cf13987b22354/screenshot - {}
RESULT: {}
COMMAND: POST /session/b6c10327e85db8e4472cf13987b22354/execute/async - {"script":"<script> [1562 bytes]","args":[{"selector":{"controlType":"sap.m.SearchField","properties":{"placeholder":"Search"},"searchOpenDialogs":true,"interaction":{"idSuffix":"I"}},"wdio_ui5_key":"sapm.SearchField{\"placeholder\":\"Search\"}"}]}
RESULT: {"script":"<script> [1562 bytes]","args":[{"selector":{"controlType":"sap.m.SearchField","properties":{"placeholder":"Search"},"searchOpenDialogs":true,"interaction":{"idSuffix":"I"}},"wdio_ui5_key":"sapm.SearchField{\"placeholder\":\"Search\"}"}]}
RESULT: undefined
COMMAND: POST /session/b6c10327e85db8e4472cf13987b22354/execute/async - {"script":"<script> [776 bytes]","args":[{"enterText":"bauh_b","selector":{"controlType":"sap.m.SearchField","properties":{"placeholder":"Search"},"searchOpenDialogs":true,"interaction":{"idSuffix":"I"}},"clearTextFirst":true,"interactionType":"ENTER_TEXT"}]}
RESULT: {"script":"<script> [776 bytes]","args":[{"enterText":"bauh_b","selector":{"controlType":"sap.m.SearchField","properties":{"placeholder":"Search"},"searchOpenDialogs":true,"interaction":{"idSuffix":"I"}},"clearTextFirst":true,"interactionType":"ENTER_TEXT"}]}
COMMAND: POST /session/b6c10327e85db8e4472cf13987b22354/actions - {"actions":[{"id":"action1","type":"key","parameters":{},"actions":[{"type":"keyDown","value":"î€‡"},{"type":"pause","duration":10},{"type":"keyUp","value":"î€‡"}]}]}
RESULT: {"actions":[{"id":"action1","type":"key","parameters":{},"actions":[{"type":"keyDown","value":"î€‡"},{"type":"pause","duration":10},{"type":"keyUp","value":"î€‡"}]}]}
COMMAND: GET /session/b6c10327e85db8e4472cf13987b22354/screenshot - {}
RESULT: {}
COMMAND: POST /session/b6c10327e85db8e4472cf13987b22354/element - {"using":"xpath","value":"//span[contains(text(), \"Demo Yard\")]"}
RESULT: {"using":"xpath","value":"//span[contains(text(), \"Demo Yard\")]"}
COMMAND: POST /session/b6c10327e85db8e4472cf13987b22354/element/f.76EFC1153EA5792FD1141D4CA15B46A2.d.33899E6A97F3BC062B6491AA7430C6EE.e.765/click - {}
RESULT: {}
COMMAND: GET /session/b6c10327e85db8e4472cf13987b22354/screenshot - {}
RESULT: {}
COMMAND: POST /session/b6c10327e85db8e4472cf13987b22354/element - {"using":"xpath","value":"//bdi[contains(text(), \"OK\")]"}
RESULT: {"using":"xpath","value":"//bdi[contains(text(), \"OK\")]"}
COMMAND: POST /session/b6c10327e85db8e4472cf13987b22354/element/f.76EFC1153EA5792FD1141D4CA15B46A2.d.33899E6A97F3BC062B6491AA7430C6EE.e.766/click - {}
RESULT: {}
COMMAND: GET /session/b6c10327e85db8e4472cf13987b22354/screenshot - {}
RESULT: {}
COMMAND: POST /session/b6c10327e85db8e4472cf13987b22354/execute/async - {"script":"<script> [1562 bytes]","args":[{"selector":{"id":"application-manageyards-display-component---NewYard--addressEditDetailsCurrency-arrow"},"wdio_ui5_key":"applicationmanageyards-display-component---NewYard--addressEditDetailsCurrency-arrow"}]}
RESULT: {"script":"<script> [1562 bytes]","args":[{"selector":{"id":"application-manageyards-display-component---NewYard--addressEditDetailsCurrency-arrow"},"wdio_ui5_key":"applicationmanageyards-display-component---NewYard--addressEditDetailsCurrency-arrow"}]}
RESULT: undefined
COMMAND: POST /session/b6c10327e85db8e4472cf13987b22354/element - {"using":"xpath","value":"//*[@id=\"application-manageyards-display-component---NewYard--addressEditDetailsCurrency-arrow\"]"}
RESULT: {"using":"xpath","value":"//*[@id=\"application-manageyards-display-component---NewYard--addressEditDetailsCurrency-arrow\"]"}
COMMAND: POST /session/b6c10327e85db8e4472cf13987b22354/element/f.76EFC1153EA5792FD1141D4CA15B46A2.d.33899E6A97F3BC062B6491AA7430C6EE.e.769/click - {}
RESULT: {}
COMMAND: POST /session/b6c10327e85db8e4472cf13987b22354/element - {"using":"xpath","value":"//span[contains(text(), \"Euro\")]"}
COMMAND: GET /session/b6c10327e85db8e4472cf13987b22354/screenshot - {}
RESULT: {"using":"xpath","value":"//span[contains(text(), \"Euro\")]"}
COMMAND: POST /session/b6c10327e85db8e4472cf13987b22354/element/f.76EFC1153EA5792FD1141D4CA15B46A2.d.33899E6A97F3BC062B6491AA7430C6EE.e.770/click - {}
RESULT: {}
RESULT: {}
COMMAND: POST /session/b6c10327e85db8e4472cf13987b22354/execute/async - {"script":"<script> [1562 bytes]","args":[{"selector":{"controlType":"sap.m.Input","viewName":"etm.portal.ui.manageyards.view.New","viewId":"application-manageyards-display-component---NewYard","bindingPath":{"path":"","propertyPath":"/CONTROLLING_AREA","modelName":"NewYardModel"},"interaction":{"idSuffix":"inner"}},"wdio_ui5_key":"etmportal.ui.manageyards.view.Newsap.m.Input{\"path\":\"\",\"propertyPath\":\"/CONTROLLING_AREA\",\"modelName\":\"NewYardModel\"}"}]}
COMMAND: GET /session/b6c10327e85db8e4472cf13987b22354/screenshot - {}
RESULT: {"script":"<script> [1562 bytes]","args":[{"selector":{"controlType":"sap.m.Input","viewName":"etm.portal.ui.manageyards.view.New","viewId":"application-manageyards-display-component---NewYard","bindingPath":{"path":"","propertyPath":"/CONTROLLING_AREA","modelName":"NewYardModel"},"interaction":{"idSuffix":"inner"}},"wdio_ui5_key":"etmportal.ui.manageyards.view.Newsap.m.Input{\"path\":\"\",\"propertyPath\":\"/CONTROLLING_AREA\",\"modelName\":\"NewYardModel\"}"}]}
RESULT: undefined
COMMAND: POST /session/b6c10327e85db8e4472cf13987b22354/execute/async - {"script":"<script> [776 bytes]","args":[{"enterText":"Z001","selector":{"controlType":"sap.m.Input","viewName":"etm.portal.ui.manageyards.view.New","viewId":"application-manageyards-display-component---NewYard","bindingPath":{"path":"","propertyPath":"/CONTROLLING_AREA","modelName":"NewYardModel"},"interaction":{"idSuffix":"inner"}},"clearTextFirst":true,"interactionType":"ENTER_TEXT"}]}
RESULT: {}
RESULT: {"script":"<script> [776 bytes]","args":[{"enterText":"Z001","selector":{"controlType":"sap.m.Input","viewName":"etm.portal.ui.manageyards.view.New","viewId":"application-manageyards-display-component---NewYard","bindingPath":{"path":"","propertyPath":"/CONTROLLING_AREA","modelName":"NewYardModel"},"interaction":{"idSuffix":"inner"}},"clearTextFirst":true,"interactionType":"ENTER_TEXT"}]}
COMMAND: POST /session/b6c10327e85db8e4472cf13987b22354/execute/async - {"script":"<script> [1562 bytes]","args":[{"selector":{"id":"application-manageyards-display-component---NewYard--companyCodeComboBox","interaction":{"idSuffix":"inner"}},"wdio_ui5_key":"applicationmanageyards-display-component---NewYard--companyCodeComboBox"}]}
RESULT: {"script":"<script> [1562 bytes]","args":[{"selector":{"id":"application-manageyards-display-component---NewYard--companyCodeComboBox","interaction":{"idSuffix":"inner"}},"wdio_ui5_key":"applicationmanageyards-display-component---NewYard--companyCodeComboBox"}]}
RESULT: undefined
COMMAND: POST /session/b6c10327e85db8e4472cf13987b22354/execute/async - {"script":"<script> [776 bytes]","args":[{"enterText":"1000","selector":{"id":"application-manageyards-display-component---NewYard--companyCodeComboBox","interaction":{"idSuffix":"inner"}},"clearTextFirst":true,"interactionType":"ENTER_TEXT"}]}
RESULT: {"script":"<script> [776 bytes]","args":[{"enterText":"1000","selector":{"id":"application-manageyards-display-component---NewYard--companyCodeComboBox","interaction":{"idSuffix":"inner"}},"clearTextFirst":true,"interactionType":"ENTER_TEXT"}]}
COMMAND: POST /session/b6c10327e85db8e4472cf13987b22354/execute/async - {"script":"<script> [1562 bytes]","args":[{"selector":{"controlType":"sap.m.Input","viewName":"etm.portal.ui.manageyards.view.New","viewId":"application-manageyards-display-component---NewYard","bindingPath":{"path":"","propertyPath":"/PLANT","modelName":"NewYardModel"},"interaction":{"idSuffix":"inner"}},"wdio_ui5_key":"etmportal.ui.manageyards.view.Newsap.m.Input{\"path\":\"\",\"propertyPath\":\"/PLANT\",\"modelName\":\"NewYardModel\"}"}]}
RESULT: {"script":"<script> [1562 bytes]","args":[{"selector":{"controlType":"sap.m.Input","viewName":"etm.portal.ui.manageyards.view.New","viewId":"application-manageyards-display-component---NewYard","bindingPath":{"path":"","propertyPath":"/PLANT","modelName":"NewYardModel"},"interaction":{"idSuffix":"inner"}},"wdio_ui5_key":"etmportal.ui.manageyards.view.Newsap.m.Input{\"path\":\"\",\"propertyPath\":\"/PLANT\",\"modelName\":\"NewYardModel\"}"}]}
RESULT: undefined
COMMAND: POST /session/b6c10327e85db8e4472cf13987b22354/execute/async - {"script":"<script> [776 bytes]","args":[{"enterText":"1001","selector":{"controlType":"sap.m.Input","viewName":"etm.portal.ui.manageyards.view.New","viewId":"application-manageyards-display-component---NewYard","bindingPath":{"path":"","propertyPath":"/PLANT","modelName":"NewYardModel"},"interaction":{"idSuffix":"inner"}},"clearTextFirst":true,"interactionType":"ENTER_TEXT"}]}
RESULT: {"script":"<script> [776 bytes]","args":[{"enterText":"1001","selector":{"controlType":"sap.m.Input","viewName":"etm.portal.ui.manageyards.view.New","viewId":"application-manageyards-display-component---NewYard","bindingPath":{"path":"","propertyPath":"/PLANT","modelName":"NewYardModel"},"interaction":{"idSuffix":"inner"}},"clearTextFirst":true,"interactionType":"ENTER_TEXT"}]}
COMMAND: POST /session/b6c10327e85db8e4472cf13987b22354/execute/async - {"script":"<script> [1562 bytes]","args":[{"selector":{"controlType":"sap.m.Input","viewName":"etm.portal.ui.manageyards.view.New","viewId":"application-manageyards-display-component---NewYard","bindingPath":{"path":"","propertyPath":"/SALES_AREA_VKORG","modelName":"NewYardModel"},"interaction":{"idSuffix":"inner"}},"wdio_ui5_key":"etmportal.ui.manageyards.view.Newsap.m.Input{\"path\":\"\",\"propertyPath\":\"/SALES_AREA_VKORG\",\"modelName\":\"NewYardModel\"}"}]}
RESULT: {"script":"<script> [1562 bytes]","args":[{"selector":{"controlType":"sap.m.Input","viewName":"etm.portal.ui.manageyards.view.New","viewId":"application-manageyards-display-component---NewYard","bindingPath":{"path":"","propertyPath":"/SALES_AREA_VKORG","modelName":"NewYardModel"},"interaction":{"idSuffix":"inner"}},"wdio_ui5_key":"etmportal.ui.manageyards.view.Newsap.m.Input{\"path\":\"\",\"propertyPath\":\"/SALES_AREA_VKORG\",\"modelName\":\"NewYardModel\"}"}]}
RESULT: undefined
COMMAND: POST /session/b6c10327e85db8e4472cf13987b22354/execute/async - {"script":"<script> [776 bytes]","args":[{"enterText":"C002","selector":{"controlType":"sap.m.Input","viewName":"etm.portal.ui.manageyards.view.New","viewId":"application-manageyards-display-component---NewYard","bindingPath":{"path":"","propertyPath":"/SALES_AREA_VKORG","modelName":"NewYardModel"},"interaction":{"idSuffix":"inner"}},"clearTextFirst":true,"interactionType":"ENTER_TEXT"}]}
RESULT: {"script":"<script> [776 bytes]","args":[{"enterText":"C002","selector":{"controlType":"sap.m.Input","viewName":"etm.portal.ui.manageyards.view.New","viewId":"application-manageyards-display-component---NewYard","bindingPath":{"path":"","propertyPath":"/SALES_AREA_VKORG","modelName":"NewYardModel"},"interaction":{"idSuffix":"inner"}},"clearTextFirst":true,"interactionType":"ENTER_TEXT"}]}
COMMAND: POST /session/b6c10327e85db8e4472cf13987b22354/execute/async - {"script":"<script> [1562 bytes]","args":[{"selector":{"controlType":"sap.m.Input","viewName":"etm.portal.ui.manageyards.view.New","viewId":"application-manageyards-display-component---NewYard","bindingPath":{"path":"","propertyPath":"/SALES_AREA_VTWEG","modelName":"NewYardModel"},"interaction":{"idSuffix":"inner"}},"wdio_ui5_key":"etmportal.ui.manageyards.view.Newsap.m.Input{\"path\":\"\",\"propertyPath\":\"/SALES_AREA_VTWEG\",\"modelName\":\"NewYardModel\"}"}]}
RESULT: {"script":"<script> [1562 bytes]","args":[{"selector":{"controlType":"sap.m.Input","viewName":"etm.portal.ui.manageyards.view.New","viewId":"application-manageyards-display-component---NewYard","bindingPath":{"path":"","propertyPath":"/SALES_AREA_VTWEG","modelName":"NewYardModel"},"interaction":{"idSuffix":"inner"}},"wdio_ui5_key":"etmportal.ui.manageyards.view.Newsap.m.Input{\"path\":\"\",\"propertyPath\":\"/SALES_AREA_VTWEG\",\"modelName\":\"NewYardModel\"}"}]}
RESULT: undefined
COMMAND: POST /session/b6c10327e85db8e4472cf13987b22354/execute/async - {"script":"<script> [776 bytes]","args":[{"enterText":"C2","selector":{"controlType":"sap.m.Input","viewName":"etm.portal.ui.manageyards.view.New","viewId":"application-manageyards-display-component---NewYard","bindingPath":{"path":"","propertyPath":"/SALES_AREA_VTWEG","modelName":"NewYardModel"},"interaction":{"idSuffix":"inner"}},"clearTextFirst":true,"interactionType":"ENTER_TEXT"}]}
RESULT: {"script":"<script> [776 bytes]","args":[{"enterText":"C2","selector":{"controlType":"sap.m.Input","viewName":"etm.portal.ui.manageyards.view.New","viewId":"application-manageyards-display-component---NewYard","bindingPath":{"path":"","propertyPath":"/SALES_AREA_VTWEG","modelName":"NewYardModel"},"interaction":{"idSuffix":"inner"}},"clearTextFirst":true,"interactionType":"ENTER_TEXT"}]}
COMMAND: POST /session/b6c10327e85db8e4472cf13987b22354/execute/async - {"script":"<script> [1562 bytes]","args":[{"selector":{"controlType":"sap.m.Input","viewName":"etm.portal.ui.manageyards.view.New","viewId":"application-manageyards-display-component---NewYard","bindingPath":{"path":"","propertyPath":"/SALES_AREA_SPART","modelName":"NewYardModel"},"interaction":{"idSuffix":"inner"}},"wdio_ui5_key":"etmportal.ui.manageyards.view.Newsap.m.Input{\"path\":\"\",\"propertyPath\":\"/SALES_AREA_SPART\",\"modelName\":\"NewYardModel\"}"}]}
RESULT: {"script":"<script> [1562 bytes]","args":[{"selector":{"controlType":"sap.m.Input","viewName":"etm.portal.ui.manageyards.view.New","viewId":"application-manageyards-display-component---NewYard","bindingPath":{"path":"","propertyPath":"/SALES_AREA_SPART","modelName":"NewYardModel"},"interaction":{"idSuffix":"inner"}},"wdio_ui5_key":"etmportal.ui.manageyards.view.Newsap.m.Input{\"path\":\"\",\"propertyPath\":\"/SALES_AREA_SPART\",\"modelName\":\"NewYardModel\"}"}]}
RESULT: undefined
COMMAND: POST /session/b6c10327e85db8e4472cf13987b22354/execute/async - {"script":"<script> [776 bytes]","args":[{"enterText":"C2","selector":{"controlType":"sap.m.Input","viewName":"etm.portal.ui.manageyards.view.New","viewId":"application-manageyards-display-component---NewYard","bindingPath":{"path":"","propertyPath":"/SALES_AREA_SPART","modelName":"NewYardModel"},"interaction":{"idSuffix":"inner"}},"clearTextFirst":true,"interactionType":"ENTER_TEXT"}]}
RESULT: {"script":"<script> [776 bytes]","args":[{"enterText":"C2","selector":{"controlType":"sap.m.Input","viewName":"etm.portal.ui.manageyards.view.New","viewId":"application-manageyards-display-component---NewYard","bindingPath":{"path":"","propertyPath":"/SALES_AREA_SPART","modelName":"NewYardModel"},"interaction":{"idSuffix":"inner"}},"clearTextFirst":true,"interactionType":"ENTER_TEXT"}]}
COMMAND: POST /session/b6c10327e85db8e4472cf13987b22354/execute/async - {"script":"<script> [1562 bytes]","args":[{"selector":{"controlType":"sap.m.Input","viewName":"etm.portal.ui.manageyards.view.New","viewId":"application-manageyards-display-component---NewYard","bindingPath":{"path":"","propertyPath":"/SHIP_POINT","modelName":"NewYardModel"},"interaction":{"idSuffix":"inner"}},"wdio_ui5_key":"etmportal.ui.manageyards.view.Newsap.m.Input{\"path\":\"\",\"propertyPath\":\"/SHIP_POINT\",\"modelName\":\"NewYardModel\"}"}]}
RESULT: {"script":"<script> [1562 bytes]","args":[{"selector":{"controlType":"sap.m.Input","viewName":"etm.portal.ui.manageyards.view.New","viewId":"application-manageyards-display-component---NewYard","bindingPath":{"path":"","propertyPath":"/SHIP_POINT","modelName":"NewYardModel"},"interaction":{"idSuffix":"inner"}},"wdio_ui5_key":"etmportal.ui.manageyards.view.Newsap.m.Input{\"path\":\"\",\"propertyPath\":\"/SHIP_POINT\",\"modelName\":\"NewYardModel\"}"}]}
RESULT: undefined
COMMAND: POST /session/b6c10327e85db8e4472cf13987b22354/execute/async - {"script":"<script> [776 bytes]","args":[{"enterText":"1710","selector":{"controlType":"sap.m.Input","viewName":"etm.portal.ui.manageyards.view.New","viewId":"application-manageyards-display-component---NewYard","bindingPath":{"path":"","propertyPath":"/SHIP_POINT","modelName":"NewYardModel"},"interaction":{"idSuffix":"inner"}},"clearTextFirst":true,"interactionType":"ENTER_TEXT"}]}
RESULT: {"script":"<script> [776 bytes]","args":[{"enterText":"1710","selector":{"controlType":"sap.m.Input","viewName":"etm.portal.ui.manageyards.view.New","viewId":"application-manageyards-display-component---NewYard","bindingPath":{"path":"","propertyPath":"/SHIP_POINT","modelName":"NewYardModel"},"interaction":{"idSuffix":"inner"}},"clearTextFirst":true,"interactionType":"ENTER_TEXT"}]}
COMMAND: POST /session/b6c10327e85db8e4472cf13987b22354/execute/async - {"script":"<script> [1562 bytes]","args":[{"selector":{"controlType":"sap.m.Input","viewName":"etm.portal.ui.manageyards.view.New","viewId":"application-manageyards-display-component---NewYard","bindingPath":{"path":"","propertyPath":"/DELIVERY_TYPE","modelName":"NewYardModel"},"interaction":{"idSuffix":"inner"}},"wdio_ui5_key":"etmportal.ui.manageyards.view.Newsap.m.Input{\"path\":\"\",\"propertyPath\":\"/DELIVERY_TYPE\",\"modelName\":\"NewYardModel\"}"}]}
RESULT: {"script":"<script> [1562 bytes]","args":[{"selector":{"controlType":"sap.m.Input","viewName":"etm.portal.ui.manageyards.view.New","viewId":"application-manageyards-display-component---NewYard","bindingPath":{"path":"","propertyPath":"/DELIVERY_TYPE","modelName":"NewYardModel"},"interaction":{"idSuffix":"inner"}},"wdio_ui5_key":"etmportal.ui.manageyards.view.Newsap.m.Input{\"path\":\"\",\"propertyPath\":\"/DELIVERY_TYPE\",\"modelName\":\"NewYardModel\"}"}]}
RESULT: undefined
COMMAND: POST /session/b6c10327e85db8e4472cf13987b22354/execute/async - {"script":"<script> [776 bytes]","args":[{"enterText":"ZL01","selector":{"controlType":"sap.m.Input","viewName":"etm.portal.ui.manageyards.view.New","viewId":"application-manageyards-display-component---NewYard","bindingPath":{"path":"","propertyPath":"/DELIVERY_TYPE","modelName":"NewYardModel"},"interaction":{"idSuffix":"inner"}},"clearTextFirst":true,"interactionType":"ENTER_TEXT"}]}
RESULT: {"script":"<script> [776 bytes]","args":[{"enterText":"ZL01","selector":{"controlType":"sap.m.Input","viewName":"etm.portal.ui.manageyards.view.New","viewId":"application-manageyards-display-component---NewYard","bindingPath":{"path":"","propertyPath":"/DELIVERY_TYPE","modelName":"NewYardModel"},"interaction":{"idSuffix":"inner"}},"clearTextFirst":true,"interactionType":"ENTER_TEXT"}]}
COMMAND: POST /session/b6c10327e85db8e4472cf13987b22354/execute/async - {"script":"<script> [1562 bytes]","args":[{"selector":{"controlType":"sap.m.Input","viewName":"etm.portal.ui.manageyards.view.New","viewId":"application-manageyards-display-component---NewYard","bindingPath":{"path":"","propertyPath":"/AUART","modelName":"NewYardModel"},"interaction":{"idSuffix":"inner"}},"wdio_ui5_key":"etmportal.ui.manageyards.view.Newsap.m.Input{\"path\":\"\",\"propertyPath\":\"/AUART\",\"modelName\":\"NewYardModel\"}"}]}
RESULT: {"script":"<script> [1562 bytes]","args":[{"selector":{"controlType":"sap.m.Input","viewName":"etm.portal.ui.manageyards.view.New","viewId":"application-manageyards-display-component---NewYard","bindingPath":{"path":"","propertyPath":"/AUART","modelName":"NewYardModel"},"interaction":{"idSuffix":"inner"}},"wdio_ui5_key":"etmportal.ui.manageyards.view.Newsap.m.Input{\"path\":\"\",\"propertyPath\":\"/AUART\",\"modelName\":\"NewYardModel\"}"}]}
RESULT: undefined
COMMAND: POST /session/b6c10327e85db8e4472cf13987b22354/execute/async - {"script":"<script> [776 bytes]","args":[{"enterText":"TA","selector":{"controlType":"sap.m.Input","viewName":"etm.portal.ui.manageyards.view.New","viewId":"application-manageyards-display-component---NewYard","bindingPath":{"path":"","propertyPath":"/AUART","modelName":"NewYardModel"},"interaction":{"idSuffix":"inner"}},"clearTextFirst":true,"interactionType":"ENTER_TEXT"}]}
RESULT: {"script":"<script> [776 bytes]","args":[{"enterText":"TA","selector":{"controlType":"sap.m.Input","viewName":"etm.portal.ui.manageyards.view.New","viewId":"application-manageyards-display-component---NewYard","bindingPath":{"path":"","propertyPath":"/AUART","modelName":"NewYardModel"},"interaction":{"idSuffix":"inner"}},"clearTextFirst":true,"interactionType":"ENTER_TEXT"}]}
COMMAND: POST /session/b6c10327e85db8e4472cf13987b22354/element - {"using":"xpath","value":"//button[@data-kt=\"newYardSaveButton\"]"}
RESULT: {"using":"xpath","value":"//button[@data-kt=\"newYardSaveButton\"]"}
COMMAND: POST /session/b6c10327e85db8e4472cf13987b22354/element/f.76EFC1153EA5792FD1141D4CA15B46A2.d.33899E6A97F3BC062B6491AA7430C6EE.e.697/click - {}
RESULT: {}
COMMAND: GET /session/b6c10327e85db8e4472cf13987b22354/screenshot - {}
RESULT: {}
COMMAND: POST /session/b6c10327e85db8e4472cf13987b22354/element - {"using":"xpath","value":"//header[contains(@id, 'ObjectPageLayout-headerTitle')]/div[1]/div[2]/div[1]/span[1]"}
RESULT: {"using":"xpath","value":"//header[contains(@id, 'ObjectPageLayout-headerTitle')]/div[1]/div[2]/div[1]/span[1]"}
COMMAND: POST /session/b6c10327e85db8e4472cf13987b22354/elements - {"using":"xpath","value":"//header[contains(@id, 'ObjectPageLayout-headerTitle')]/div[1]/div[2]/div[1]/span[1]"}
RESULT: {"using":"xpath","value":"//header[contains(@id, 'ObjectPageLayout-headerTitle')]/div[1]/div[2]/div[1]/span[1]"}
COMMAND: POST /session/b6c10327e85db8e4472cf13987b22354/execute/sync - {"script":"<script> [56 bytes]","args":[{"element-6066-11e4-a52e-4f735466cecf":"f.76EFC1153EA5792FD1141D4CA15B46A2.d.33899E6A97F3BC062B6491AA7430C6EE.e.989","ELEMENT":"f.76EFC1153EA5792FD1141D4CA15B46A2.d.33899E6A97F3BC062B6491AA7430C6EE.e.989"}]}
RESULT: {"script":"<script> [56 bytes]","args":[{"element-6066-11e4-a52e-4f735466cecf":"f.76EFC1153EA5792FD1141D4CA15B46A2.d.33899E6A97F3BC062B6491AA7430C6EE.e.989","ELEMENT":"f.76EFC1153EA5792FD1141D4CA15B46A2.d.33899E6A97F3BC062B6491AA7430C6EE.e.989"}]}
COMMAND: GET /session/b6c10327e85db8e4472cf13987b22354/screenshot - {}
RESULT: {}
COMMAND: POST /session/b6c10327e85db8e4472cf13987b22354/element - {"using":"css selector","value":"#shell-header-logo"}
RESULT: {"using":"css selector","value":"#shell-header-logo"}
COMMAND: POST /session/b6c10327e85db8e4472cf13987b22354/element/f.76EFC1153EA5792FD1141D4CA15B46A2.d.33899E6A97F3BC062B6491AA7430C6EE.e.270/click - {}
RESULT: {}
COMMAND: GET /session/b6c10327e85db8e4472cf13987b22354/screenshot - {}
RESULT: {}
COMMAND: POST /session/b6c10327e85db8e4472cf13987b22354/execute/sync - {"script":"<script> [299 bytes]","args":[["getModel","getResource"]]}
RESULT: {"script":"<script> [299 bytes]","args":[["getModel","getResource"]]}
]]></system-out>
    </testcase>
    <testcase classname="chrome.137_0_7151_69.windows.Partner_specific_tests_US150819_US151080_US151654_US151176_US103444_US151078_US151079_US151109_US151174_US151175_US151189" name="Should create new external partner US150819" time="115.592">
      <system-out><![CDATA[
COMMAND: GET /session/b6c10327e85db8e4472cf13987b22354/screenshot - {}
COMMAND: POST /session/b6c10327e85db8e4472cf13987b22354/element - {"using":"xpath","value":"//li[.//span[text()=\"Manage Partners\"]]"}
RESULT: {}
RESULT: {"using":"xpath","value":"//li[.//span[text()=\"Manage Partners\"]]"}
COMMAND: POST /session/b6c10327e85db8e4472cf13987b22354/element - {"using":"xpath","value":"//li[.//span[text()=\"Manage Partners\"]]"}
RESULT: {"using":"xpath","value":"//li[.//span[text()=\"Manage Partners\"]]"}
COMMAND: POST /session/b6c10327e85db8e4472cf13987b22354/element - {"using":"css selector","value":"#shell-header-logo"}
RESULT: {"using":"css selector","value":"#shell-header-logo"}
COMMAND: POST /session/b6c10327e85db8e4472cf13987b22354/element/f.76EFC1153EA5792FD1141D4CA15B46A2.d.33899E6A97F3BC062B6491AA7430C6EE.e.991/click - {}
COMMAND: POST /session/b6c10327e85db8e4472cf13987b22354/execute/sync - {"script":"<script> [8489 bytes]","args":[{"element-6066-11e4-a52e-4f735466cecf":"f.76EFC1153EA5792FD1141D4CA15B46A2.d.33899E6A97F3BC062B6491AA7430C6EE.e.991","ELEMENT":"f.76EFC1153EA5792FD1141D4CA15B46A2.d.33899E6A97F3BC062B6491AA7430C6EE.e.991"}]}
RESULT: {"script":"<script> [8489 bytes]","args":[{"element-6066-11e4-a52e-4f735466cecf":"f.76EFC1153EA5792FD1141D4CA15B46A2.d.33899E6A97F3BC062B6491AA7430C6EE.e.991","ELEMENT":"f.76EFC1153EA5792FD1141D4CA15B46A2.d.33899E6A97F3BC062B6491AA7430C6EE.e.991"}]}
COMMAND: POST /session/b6c10327e85db8e4472cf13987b22354/execute/sync - {"script":"<script> [5351 bytes]","args":[{"element-6066-11e4-a52e-4f735466cecf":"f.76EFC1153EA5792FD1141D4CA15B46A2.d.33899E6A97F3BC062B6491AA7430C6EE.e.991","ELEMENT":"f.76EFC1153EA5792FD1141D4CA15B46A2.d.33899E6A97F3BC062B6491AA7430C6EE.e.991"}]}
COMMAND: GET /session/b6c10327e85db8e4472cf13987b22354/screenshot - {}
RESULT: {}
COMMAND: GET /session/b6c10327e85db8e4472cf13987b22354/screenshot - {}
RESULT: {"script":"<script> [5351 bytes]","args":[{"element-6066-11e4-a52e-4f735466cecf":"f.76EFC1153EA5792FD1141D4CA15B46A2.d.33899E6A97F3BC062B6491AA7430C6EE.e.991","ELEMENT":"f.76EFC1153EA5792FD1141D4CA15B46A2.d.33899E6A97F3BC062B6491AA7430C6EE.e.991"}]}
COMMAND: GET /session/b6c10327e85db8e4472cf13987b22354/screenshot - {}
RESULT: {}
RESULT: {}
RESULT: {}
COMMAND: POST /session/b6c10327e85db8e4472cf13987b22354/window/fullscreen - {}
RESULT: {}
COMMAND: POST /session/b6c10327e85db8e4472cf13987b22354/execute/async - {"script":"<script> [1562 bytes]","args":[{"selector":{"controlType":"sap.m.GenericTile","properties":{"header":"Manage Partners"}},"wdio_ui5_key":"sapm.GenericTile{\"header\":\"Manage Partners\"}"}]}
RESULT: {"script":"<script> [1562 bytes]","args":[{"selector":{"controlType":"sap.m.GenericTile","properties":{"header":"Manage Partners"}},"wdio_ui5_key":"sapm.GenericTile{\"header\":\"Manage Partners\"}"}]}
RESULT: undefined
COMMAND: POST /session/b6c10327e85db8e4472cf13987b22354/element - {"using":"xpath","value":"//*[@id=\"__tile39\"]"}
RESULT: {"using":"xpath","value":"//*[@id=\"__tile39\"]"}
COMMAND: POST /session/b6c10327e85db8e4472cf13987b22354/element/f.76EFC1153EA5792FD1141D4CA15B46A2.d.33899E6A97F3BC062B6491AA7430C6EE.e.154/click - {}
RESULT: {}
COMMAND: GET /session/b6c10327e85db8e4472cf13987b22354/screenshot - {}
RESULT: {}
COMMAND: POST /session/b6c10327e85db8e4472cf13987b22354/elements - {"using":"xpath","value":"//span[text()='Error']"}
RESULT: {"using":"xpath","value":"//span[text()='Error']"}
COMMAND: POST /session/b6c10327e85db8e4472cf13987b22354/element - {"using":"xpath","value":"//button[@data-kt=\"addButton\"]"}
RESULT: {"using":"xpath","value":"//button[@data-kt=\"addButton\"]"}
COMMAND: POST /session/b6c10327e85db8e4472cf13987b22354/elements - {"using":"xpath","value":"//button[@data-kt=\"addButton\"]"}
RESULT: {"using":"xpath","value":"//button[@data-kt=\"addButton\"]"}
COMMAND: POST /session/b6c10327e85db8e4472cf13987b22354/execute/sync - {"script":"<script> [8489 bytes]","args":[{"element-6066-11e4-a52e-4f735466cecf":"f.76EFC1153EA5792FD1141D4CA15B46A2.d.33899E6A97F3BC062B6491AA7430C6EE.e.1039","ELEMENT":"f.76EFC1153EA5792FD1141D4CA15B46A2.d.33899E6A97F3BC062B6491AA7430C6EE.e.1039"}]}
RESULT: {"script":"<script> [8489 bytes]","args":[{"element-6066-11e4-a52e-4f735466cecf":"f.76EFC1153EA5792FD1141D4CA15B46A2.d.33899E6A97F3BC062B6491AA7430C6EE.e.1039","ELEMENT":"f.76EFC1153EA5792FD1141D4CA15B46A2.d.33899E6A97F3BC062B6491AA7430C6EE.e.1039"}]}
COMMAND: GET /session/b6c10327e85db8e4472cf13987b22354/element/f.76EFC1153EA5792FD1141D4CA15B46A2.d.33899E6A97F3BC062B6491AA7430C6EE.e.1039/enabled - {}
COMMAND: GET /session/b6c10327e85db8e4472cf13987b22354/screenshot - {}
RESULT: {}
COMMAND: POST /session/b6c10327e85db8e4472cf13987b22354/execute/sync - {"script":"<script> [8489 bytes]","args":[{"element-6066-11e4-a52e-4f735466cecf":"f.76EFC1153EA5792FD1141D4CA15B46A2.d.33899E6A97F3BC062B6491AA7430C6EE.e.1039","ELEMENT":"f.76EFC1153EA5792FD1141D4CA15B46A2.d.33899E6A97F3BC062B6491AA7430C6EE.e.1039"}]}
COMMAND: GET /session/b6c10327e85db8e4472cf13987b22354/screenshot - {}
RESULT: {}
RESULT: {"script":"<script> [8489 bytes]","args":[{"element-6066-11e4-a52e-4f735466cecf":"f.76EFC1153EA5792FD1141D4CA15B46A2.d.33899E6A97F3BC062B6491AA7430C6EE.e.1039","ELEMENT":"f.76EFC1153EA5792FD1141D4CA15B46A2.d.33899E6A97F3BC062B6491AA7430C6EE.e.1039"}]}
COMMAND: POST /session/b6c10327e85db8e4472cf13987b22354/execute/sync - {"script":"<script> [5351 bytes]","args":[{"element-6066-11e4-a52e-4f735466cecf":"f.76EFC1153EA5792FD1141D4CA15B46A2.d.33899E6A97F3BC062B6491AA7430C6EE.e.1039","ELEMENT":"f.76EFC1153EA5792FD1141D4CA15B46A2.d.33899E6A97F3BC062B6491AA7430C6EE.e.1039"}]}
COMMAND: GET /session/b6c10327e85db8e4472cf13987b22354/screenshot - {}
RESULT: {}
RESULT: {"script":"<script> [5351 bytes]","args":[{"element-6066-11e4-a52e-4f735466cecf":"f.76EFC1153EA5792FD1141D4CA15B46A2.d.33899E6A97F3BC062B6491AA7430C6EE.e.1039","ELEMENT":"f.76EFC1153EA5792FD1141D4CA15B46A2.d.33899E6A97F3BC062B6491AA7430C6EE.e.1039"}]}
COMMAND: POST /session/b6c10327e85db8e4472cf13987b22354/element/f.76EFC1153EA5792FD1141D4CA15B46A2.d.33899E6A97F3BC062B6491AA7430C6EE.e.1039/click - {}
COMMAND: GET /session/b6c10327e85db8e4472cf13987b22354/screenshot - {}
RESULT: {}
RESULT: {}
COMMAND: GET /session/b6c10327e85db8e4472cf13987b22354/screenshot - {}
COMMAND: POST /session/b6c10327e85db8e4472cf13987b22354/execute/async - {"script":"<script> [1562 bytes]","args":[{"selector":{"id":"application-managepartners-display-component---NewPartner--addressDetailDetailsName1","interaction":{"idSuffix":"inner"}},"wdio_ui5_key":"applicationmanagepartners-display-component---NewPartner--addressDetailDetailsName1"}]}
RESULT: {}
RESULT: {}
RESULT: {"script":"<script> [1562 bytes]","args":[{"selector":{"id":"application-managepartners-display-component---NewPartner--addressDetailDetailsName1","interaction":{"idSuffix":"inner"}},"wdio_ui5_key":"applicationmanagepartners-display-component---NewPartner--addressDetailDetailsName1"}]}
RESULT: undefined
COMMAND: POST /session/b6c10327e85db8e4472cf13987b22354/execute/async - {"script":"<script> [776 bytes]","args":[{"enterText":"External Partner WDIO","selector":{"id":"application-managepartners-display-component---NewPartner--addressDetailDetailsName1","interaction":{"idSuffix":"inner"}},"clearTextFirst":true,"interactionType":"ENTER_TEXT"}]}
RESULT: {"script":"<script> [776 bytes]","args":[{"enterText":"External Partner WDIO","selector":{"id":"application-managepartners-display-component---NewPartner--addressDetailDetailsName1","interaction":{"idSuffix":"inner"}},"clearTextFirst":true,"interactionType":"ENTER_TEXT"}]}
COMMAND: POST /session/b6c10327e85db8e4472cf13987b22354/execute/async - {"script":"<script> [1562 bytes]","args":[{"selector":{"id":"application-managepartners-display-component---NewPartner--addressDetailDetailsLanguage-arrow"},"wdio_ui5_key":"applicationmanagepartners-display-component---NewPartner--addressDetailDetailsLanguage-arrow"}]}
RESULT: {"script":"<script> [1562 bytes]","args":[{"selector":{"id":"application-managepartners-display-component---NewPartner--addressDetailDetailsLanguage-arrow"},"wdio_ui5_key":"applicationmanagepartners-display-component---NewPartner--addressDetailDetailsLanguage-arrow"}]}
RESULT: undefined
COMMAND: POST /session/b6c10327e85db8e4472cf13987b22354/element - {"using":"xpath","value":"//*[@id=\"application-managepartners-display-component---NewPartner--addressDetailDetailsLanguage-arrow\"]"}
RESULT: {"using":"xpath","value":"//*[@id=\"application-managepartners-display-component---NewPartner--addressDetailDetailsLanguage-arrow\"]"}
COMMAND: POST /session/b6c10327e85db8e4472cf13987b22354/element/f.76EFC1153EA5792FD1141D4CA15B46A2.d.33899E6A97F3BC062B6491AA7430C6EE.e.1530/click - {}
RESULT: {}
COMMAND: POST /session/b6c10327e85db8e4472cf13987b22354/element - {"using":"xpath","value":"//span[contains(text(), \"English\")]"}
COMMAND: GET /session/b6c10327e85db8e4472cf13987b22354/screenshot - {}
RESULT: {"using":"xpath","value":"//span[contains(text(), \"English\")]"}
COMMAND: POST /session/b6c10327e85db8e4472cf13987b22354/element/f.76EFC1153EA5792FD1141D4CA15B46A2.d.33899E6A97F3BC062B6491AA7430C6EE.e.1531/click - {}
RESULT: {}
RESULT: {}
COMMAND: GET /session/b6c10327e85db8e4472cf13987b22354/screenshot - {}
RESULT: {}
COMMAND: POST /session/b6c10327e85db8e4472cf13987b22354/execute/async - {"script":"<script> [1562 bytes]","args":[{"selector":{"id":"application-managepartners-display-component---NewPartner--addressDetailDetailsCity1","interaction":{"idSuffix":"inner"}},"wdio_ui5_key":"applicationmanagepartners-display-component---NewPartner--addressDetailDetailsCity1"}]}
RESULT: {"script":"<script> [1562 bytes]","args":[{"selector":{"id":"application-managepartners-display-component---NewPartner--addressDetailDetailsCity1","interaction":{"idSuffix":"inner"}},"wdio_ui5_key":"applicationmanagepartners-display-component---NewPartner--addressDetailDetailsCity1"}]}
RESULT: undefined
COMMAND: POST /session/b6c10327e85db8e4472cf13987b22354/execute/async - {"script":"<script> [776 bytes]","args":[{"enterText":"Rosario","selector":{"id":"application-managepartners-display-component---NewPartner--addressDetailDetailsCity1","interaction":{"idSuffix":"inner"}},"clearTextFirst":true,"interactionType":"ENTER_TEXT"}]}
RESULT: {"script":"<script> [776 bytes]","args":[{"enterText":"Rosario","selector":{"id":"application-managepartners-display-component---NewPartner--addressDetailDetailsCity1","interaction":{"idSuffix":"inner"}},"clearTextFirst":true,"interactionType":"ENTER_TEXT"}]}
COMMAND: POST /session/b6c10327e85db8e4472cf13987b22354/execute/async - {"script":"<script> [1562 bytes]","args":[{"selector":{"id":"application-managepartners-display-component---NewPartner--addressDetailDetailsCountry-arrow"},"wdio_ui5_key":"applicationmanagepartners-display-component---NewPartner--addressDetailDetailsCountry-arrow"}]}
RESULT: {"script":"<script> [1562 bytes]","args":[{"selector":{"id":"application-managepartners-display-component---NewPartner--addressDetailDetailsCountry-arrow"},"wdio_ui5_key":"applicationmanagepartners-display-component---NewPartner--addressDetailDetailsCountry-arrow"}]}
RESULT: undefined
COMMAND: POST /session/b6c10327e85db8e4472cf13987b22354/element - {"using":"xpath","value":"//*[@id=\"application-managepartners-display-component---NewPartner--addressDetailDetailsCountry-arrow\"]"}
RESULT: {"using":"xpath","value":"//*[@id=\"application-managepartners-display-component---NewPartner--addressDetailDetailsCountry-arrow\"]"}
COMMAND: POST /session/b6c10327e85db8e4472cf13987b22354/element/f.76EFC1153EA5792FD1141D4CA15B46A2.d.33899E6A97F3BC062B6491AA7430C6EE.e.1499/click - {}
RESULT: {}
COMMAND: POST /session/b6c10327e85db8e4472cf13987b22354/element - {"using":"xpath","value":"//span[contains(text(), \"Argentina\")]"}
COMMAND: GET /session/b6c10327e85db8e4472cf13987b22354/screenshot - {}
RESULT: {"using":"xpath","value":"//span[contains(text(), \"Argentina\")]"}
COMMAND: POST /session/b6c10327e85db8e4472cf13987b22354/element/f.76EFC1153EA5792FD1141D4CA15B46A2.d.33899E6A97F3BC062B6491AA7430C6EE.e.1533/click - {}
RESULT: {}
RESULT: {}
COMMAND: GET /session/b6c10327e85db8e4472cf13987b22354/screenshot - {}
RESULT: {}
COMMAND: POST /session/b6c10327e85db8e4472cf13987b22354/element - {"using":"xpath","value":"//bdi[contains(text(), \"Commercial\")]"}
RESULT: {"using":"xpath","value":"//bdi[contains(text(), \"Commercial\")]"}
COMMAND: POST /session/b6c10327e85db8e4472cf13987b22354/element/f.76EFC1153EA5792FD1141D4CA15B46A2.d.33899E6A97F3BC062B6491AA7430C6EE.e.1534/click - {}
RESULT: {}
COMMAND: GET /session/b6c10327e85db8e4472cf13987b22354/screenshot - {}
RESULT: {}
COMMAND: POST /session/b6c10327e85db8e4472cf13987b22354/execute/async - {"script":"<script> [1562 bytes]","args":[{"selector":{"id":"application-managepartners-display-component---NewPartner--partnerDetailInternal-arrow"},"wdio_ui5_key":"applicationmanagepartners-display-component---NewPartner--partnerDetailInternal-arrow"}]}
RESULT: {"script":"<script> [1562 bytes]","args":[{"selector":{"id":"application-managepartners-display-component---NewPartner--partnerDetailInternal-arrow"},"wdio_ui5_key":"applicationmanagepartners-display-component---NewPartner--partnerDetailInternal-arrow"}]}
RESULT: undefined
COMMAND: POST /session/b6c10327e85db8e4472cf13987b22354/element - {"using":"xpath","value":"//*[@id=\"application-managepartners-display-component---NewPartner--partnerDetailInternal-arrow\"]"}
RESULT: {"using":"xpath","value":"//*[@id=\"application-managepartners-display-component---NewPartner--partnerDetailInternal-arrow\"]"}
COMMAND: POST /session/b6c10327e85db8e4472cf13987b22354/element/f.76EFC1153EA5792FD1141D4CA15B46A2.d.33899E6A97F3BC062B6491AA7430C6EE.e.1540/click - {}
RESULT: {}
COMMAND: POST /session/b6c10327e85db8e4472cf13987b22354/element - {"using":"xpath","value":"//span[contains(text(), \"External partner\")]"}
COMMAND: GET /session/b6c10327e85db8e4472cf13987b22354/screenshot - {}
RESULT: {"using":"xpath","value":"//span[contains(text(), \"External partner\")]"}
COMMAND: POST /session/b6c10327e85db8e4472cf13987b22354/element/f.76EFC1153EA5792FD1141D4CA15B46A2.d.33899E6A97F3BC062B6491AA7430C6EE.e.1541/click - {}
RESULT: {}
RESULT: {}
COMMAND: POST /session/b6c10327e85db8e4472cf13987b22354/execute/async - {"script":"<script> [1562 bytes]","args":[{"selector":{"id":"application-managepartners-display-component---NewPartner--partnerDetailsCurrency-arrow"},"wdio_ui5_key":"applicationmanagepartners-display-component---NewPartner--partnerDetailsCurrency-arrow"}]}
COMMAND: GET /session/b6c10327e85db8e4472cf13987b22354/screenshot - {}
RESULT: {"script":"<script> [1562 bytes]","args":[{"selector":{"id":"application-managepartners-display-component---NewPartner--partnerDetailsCurrency-arrow"},"wdio_ui5_key":"applicationmanagepartners-display-component---NewPartner--partnerDetailsCurrency-arrow"}]}
RESULT: undefined
COMMAND: POST /session/b6c10327e85db8e4472cf13987b22354/element - {"using":"xpath","value":"//*[@id=\"application-managepartners-display-component---NewPartner--partnerDetailsCurrency-arrow\"]"}
RESULT: {}
RESULT: {"using":"xpath","value":"//*[@id=\"application-managepartners-display-component---NewPartner--partnerDetailsCurrency-arrow\"]"}
COMMAND: POST /session/b6c10327e85db8e4472cf13987b22354/element/f.76EFC1153EA5792FD1141D4CA15B46A2.d.33899E6A97F3BC062B6491AA7430C6EE.e.1546/click - {}
RESULT: {}
COMMAND: POST /session/b6c10327e85db8e4472cf13987b22354/element - {"using":"xpath","value":"//span[contains(text(), \"US Dollar\")]"}
COMMAND: GET /session/b6c10327e85db8e4472cf13987b22354/screenshot - {}
RESULT: {"using":"xpath","value":"//span[contains(text(), \"US Dollar\")]"}
COMMAND: POST /session/b6c10327e85db8e4472cf13987b22354/element/f.76EFC1153EA5792FD1141D4CA15B46A2.d.33899E6A97F3BC062B6491AA7430C6EE.e.1547/click - {}
RESULT: {}
RESULT: {}
COMMAND: GET /session/b6c10327e85db8e4472cf13987b22354/screenshot - {}
RESULT: {}
COMMAND: POST /session/b6c10327e85db8e4472cf13987b22354/element - {"using":"xpath","value":"//input[@id=\"application-managepartners-display-component---NewPartner--companyCodeComboBox-inner\"]"}
RESULT: {"using":"xpath","value":"//input[@id=\"application-managepartners-display-component---NewPartner--companyCodeComboBox-inner\"]"}
COMMAND: POST /session/b6c10327e85db8e4472cf13987b22354/element/f.76EFC1153EA5792FD1141D4CA15B46A2.d.33899E6A97F3BC062B6491AA7430C6EE.e.1387/clear - {}
RESULT: {}
COMMAND: POST /session/b6c10327e85db8e4472cf13987b22354/element/f.76EFC1153EA5792FD1141D4CA15B46A2.d.33899E6A97F3BC062B6491AA7430C6EE.e.1387/value - {"text":"C002"}
COMMAND: GET /session/b6c10327e85db8e4472cf13987b22354/screenshot - {}
RESULT: {"text":"C002"}
COMMAND: GET /session/b6c10327e85db8e4472cf13987b22354/screenshot - {}
RESULT: {}
RESULT: {}
COMMAND: POST /session/b6c10327e85db8e4472cf13987b22354/element - {"using":"xpath","value":"//li[.//span[text()= \"C002\"]]"}
RESULT: {"using":"xpath","value":"//li[.//span[text()= \"C002\"]]"}
COMMAND: POST /session/b6c10327e85db8e4472cf13987b22354/element/f.76EFC1153EA5792FD1141D4CA15B46A2.d.33899E6A97F3BC062B6491AA7430C6EE.e.1551/click - {}
RESULT: {}
COMMAND: GET /session/b6c10327e85db8e4472cf13987b22354/screenshot - {}
RESULT: {}
COMMAND: POST /session/b6c10327e85db8e4472cf13987b22354/execute/async - {"script":"<script> [1562 bytes]","args":[{"selector":{"controlType":"sap.ui.core.Icon","viewName":"etm.portal.ui.managepartners.view.NewPartner","viewId":"application-managepartners-display-component---NewPartner","properties":{"src":{"regex":{"source":"slim\\-arrow\\-down"}}},"ancestor":{"controlType":"sap.m.ComboBox","viewName":"etm.portal.ui.managepartners.view.NewPartner","viewId":"application-managepartners-display-component---NewPartner","bindingPath":{"path":"","propertyPath":"/CATALOG","modelName":"oNewPartnerModel"}}},"wdio_ui5_key":"etmportal.ui.managepartners.view.NewPartnersap.ui.core.Icon{\"src\":{\"regex\":{\"source\":\"slim\\\\-arrow\\\\-down\"}}}{\"controlType\":\"sap.m.ComboBox\",\"viewName\":\"etm.portal.ui.managepartners.view.NewPartner\",\"viewId\":\"application-managepartners-display-component---NewPartner\",\"bindingPath\":{\"path\":\"\",\"propertyPath\":\"/CATALOG\",\"modelName\":\"oNewPartnerModel\"}}"}]}
RESULT: {"script":"<script> [1562 bytes]","args":[{"selector":{"controlType":"sap.ui.core.Icon","viewName":"etm.portal.ui.managepartners.view.NewPartner","viewId":"application-managepartners-display-component---NewPartner","properties":{"src":{"regex":{"source":"slim\\-arrow\\-down"}}},"ancestor":{"controlType":"sap.m.ComboBox","viewName":"etm.portal.ui.managepartners.view.NewPartner","viewId":"application-managepartners-display-component---NewPartner","bindingPath":{"path":"","propertyPath":"/CATALOG","modelName":"oNewPartnerModel"}}},"wdio_ui5_key":"etmportal.ui.managepartners.view.NewPartnersap.ui.core.Icon{\"src\":{\"regex\":{\"source\":\"slim\\\\-arrow\\\\-down\"}}}{\"controlType\":\"sap.m.ComboBox\",\"viewName\":\"etm.portal.ui.managepartners.view.NewPartner\",\"viewId\":\"application-managepartners-display-component---NewPartner\",\"bindingPath\":{\"path\":\"\",\"propertyPath\":\"/CATALOG\",\"modelName\":\"oNewPartnerModel\"}}"}]}
RESULT: undefined
COMMAND: POST /session/b6c10327e85db8e4472cf13987b22354/element - {"using":"xpath","value":"//*[@id=\"__box22-arrow\"]"}
RESULT: {"using":"xpath","value":"//*[@id=\"__box22-arrow\"]"}
COMMAND: POST /session/b6c10327e85db8e4472cf13987b22354/element/f.76EFC1153EA5792FD1141D4CA15B46A2.d.33899E6A97F3BC062B6491AA7430C6EE.e.1500/click - {}
RESULT: {}
COMMAND: GET /session/b6c10327e85db8e4472cf13987b22354/screenshot - {}
RESULT: {}
COMMAND: POST /session/b6c10327e85db8e4472cf13987b22354/element - {"using":"xpath","value":"//ul[contains(@id,\"popup-list-listUl\")]//li[.//span[text()= \"Webshop Catalog\"]]"}
RESULT: {"using":"xpath","value":"//ul[contains(@id,\"popup-list-listUl\")]//li[.//span[text()= \"Webshop Catalog\"]]"}
COMMAND: POST /session/b6c10327e85db8e4472cf13987b22354/element/f.76EFC1153EA5792FD1141D4CA15B46A2.d.33899E6A97F3BC062B6491AA7430C6EE.e.1553/click - {}
RESULT: {}
COMMAND: GET /session/b6c10327e85db8e4472cf13987b22354/screenshot - {}
RESULT: {}
COMMAND: POST /session/b6c10327e85db8e4472cf13987b22354/execute/async - {"script":"<script> [1562 bytes]","args":[{"selector":{"id":"application-managepartners-display-component---NewPartner--btnAddTableRow-img"},"wdio_ui5_key":"applicationmanagepartners-display-component---NewPartner--btnAddTableRow-img"}]}
RESULT: {"script":"<script> [1562 bytes]","args":[{"selector":{"id":"application-managepartners-display-component---NewPartner--btnAddTableRow-img"},"wdio_ui5_key":"applicationmanagepartners-display-component---NewPartner--btnAddTableRow-img"}]}
RESULT: undefined
COMMAND: POST /session/b6c10327e85db8e4472cf13987b22354/element - {"using":"xpath","value":"//*[@id=\"application-managepartners-display-component---NewPartner--btnAddTableRow-img\"]"}
RESULT: {"using":"xpath","value":"//*[@id=\"application-managepartners-display-component---NewPartner--btnAddTableRow-img\"]"}
COMMAND: POST /session/b6c10327e85db8e4472cf13987b22354/element/f.76EFC1153EA5792FD1141D4CA15B46A2.d.33899E6A97F3BC062B6491AA7430C6EE.e.1554/click - {}
RESULT: {}
COMMAND: GET /session/b6c10327e85db8e4472cf13987b22354/screenshot - {}
RESULT: {}
COMMAND: POST /session/b6c10327e85db8e4472cf13987b22354/element - {"using":"xpath","value":"//input[@id=\"application-managepartners-display-component---NewPartner--assignmentYard-application-managepartners-display-component---NewPartner--assignmentsTable-0-inner\"]"}
RESULT: {"using":"xpath","value":"//input[@id=\"application-managepartners-display-component---NewPartner--assignmentYard-application-managepartners-display-component---NewPartner--assignmentsTable-0-inner\"]"}
COMMAND: POST /session/b6c10327e85db8e4472cf13987b22354/element/f.76EFC1153EA5792FD1141D4CA15B46A2.d.33899E6A97F3BC062B6491AA7430C6EE.e.1557/clear - {}
RESULT: {}
COMMAND: POST /session/b6c10327e85db8e4472cf13987b22354/element/f.76EFC1153EA5792FD1141D4CA15B46A2.d.33899E6A97F3BC062B6491AA7430C6EE.e.1557/value - {"text":"195"}
COMMAND: GET /session/b6c10327e85db8e4472cf13987b22354/screenshot - {}
RESULT: {"text":"195"}
COMMAND: GET /session/b6c10327e85db8e4472cf13987b22354/screenshot - {}
RESULT: {}
RESULT: {}
COMMAND: POST /session/b6c10327e85db8e4472cf13987b22354/element - {"using":"xpath","value":"//li[.//span[text()='195']]"}
RESULT: {"using":"xpath","value":"//li[.//span[text()='195']]"}
COMMAND: POST /session/b6c10327e85db8e4472cf13987b22354/element/f.76EFC1153EA5792FD1141D4CA15B46A2.d.33899E6A97F3BC062B6491AA7430C6EE.e.1565/click - {}
RESULT: {}
COMMAND: GET /session/b6c10327e85db8e4472cf13987b22354/screenshot - {}
RESULT: {}
COMMAND: POST /session/b6c10327e85db8e4472cf13987b22354/actions - {"actions":[{"id":"action2","type":"key","parameters":{},"actions":[{"type":"keyDown","value":"î€‡"},{"type":"pause","duration":10},{"type":"keyUp","value":"î€‡"}]}]}
RESULT: {"actions":[{"id":"action2","type":"key","parameters":{},"actions":[{"type":"keyDown","value":"î€‡"},{"type":"pause","duration":10},{"type":"keyUp","value":"î€‡"}]}]}
COMMAND: POST /session/b6c10327e85db8e4472cf13987b22354/element - {"using":"xpath","value":"//td[contains(@id, \"assignmentsTable-0-cell2\")]/div/div"}
COMMAND: GET /session/b6c10327e85db8e4472cf13987b22354/screenshot - {}
RESULT: {"using":"xpath","value":"//td[contains(@id, \"assignmentsTable-0-cell2\")]/div/div"}
COMMAND: POST /session/b6c10327e85db8e4472cf13987b22354/element/f.76EFC1153EA5792FD1141D4CA15B46A2.d.33899E6A97F3BC062B6491AA7430C6EE.e.1568/click - {}
RESULT: {}
RESULT: {}
COMMAND: GET /session/b6c10327e85db8e4472cf13987b22354/screenshot - {}
RESULT: {}
COMMAND: POST /session/b6c10327e85db8e4472cf13987b22354/element - {"using":"xpath","value":"//button[@data-kt=\"saveButton\"]"}
RESULT: {"using":"xpath","value":"//button[@data-kt=\"saveButton\"]"}
COMMAND: POST /session/b6c10327e85db8e4472cf13987b22354/element/f.76EFC1153EA5792FD1141D4CA15B46A2.d.33899E6A97F3BC062B6491AA7430C6EE.e.1437/click - {}
RESULT: {}
COMMAND: GET /session/b6c10327e85db8e4472cf13987b22354/screenshot - {}
RESULT: {}
COMMAND: POST /session/b6c10327e85db8e4472cf13987b22354/element - {"using":"xpath","value":"//header[contains(@id, 'ObjectPageLayout-headerTitle')]/div[1]/div[2]/div[2]/span[1]"}
RESULT: {"using":"xpath","value":"//header[contains(@id, 'ObjectPageLayout-headerTitle')]/div[1]/div[2]/div[2]/span[1]"}
COMMAND: POST /session/b6c10327e85db8e4472cf13987b22354/elements - {"using":"xpath","value":"//header[contains(@id, 'ObjectPageLayout-headerTitle')]/div[1]/div[2]/div[2]/span[1]"}
RESULT: {"using":"xpath","value":"//header[contains(@id, 'ObjectPageLayout-headerTitle')]/div[1]/div[2]/div[2]/span[1]"}
COMMAND: POST /session/b6c10327e85db8e4472cf13987b22354/execute/sync - {"script":"<script> [56 bytes]","args":[{"element-6066-11e4-a52e-4f735466cecf":"f.76EFC1153EA5792FD1141D4CA15B46A2.d.33899E6A97F3BC062B6491AA7430C6EE.e.1678","ELEMENT":"f.76EFC1153EA5792FD1141D4CA15B46A2.d.33899E6A97F3BC062B6491AA7430C6EE.e.1678"}]}
RESULT: {"script":"<script> [56 bytes]","args":[{"element-6066-11e4-a52e-4f735466cecf":"f.76EFC1153EA5792FD1141D4CA15B46A2.d.33899E6A97F3BC062B6491AA7430C6EE.e.1678","ELEMENT":"f.76EFC1153EA5792FD1141D4CA15B46A2.d.33899E6A97F3BC062B6491AA7430C6EE.e.1678"}]}
COMMAND: POST /session/b6c10327e85db8e4472cf13987b22354/element - {"using":"css selector","value":"#shell-header-logo"}
COMMAND: GET /session/b6c10327e85db8e4472cf13987b22354/screenshot - {}
RESULT: {"using":"css selector","value":"#shell-header-logo"}
COMMAND: POST /session/b6c10327e85db8e4472cf13987b22354/element/f.76EFC1153EA5792FD1141D4CA15B46A2.d.33899E6A97F3BC062B6491AA7430C6EE.e.991/click - {}
RESULT: {}
RESULT: {}
COMMAND: GET /session/b6c10327e85db8e4472cf13987b22354/screenshot - {}
RESULT: {}
COMMAND: POST /session/b6c10327e85db8e4472cf13987b22354/execute/sync - {"script":"<script> [299 bytes]","args":[["getModel","getResource"]]}
RESULT: {"script":"<script> [299 bytes]","args":[["getModel","getResource"]]}
COMMAND: GET /session/b6c10327e85db8e4472cf13987b22354/screenshot - {}
]]></system-out>
    </testcase>
    <testcase classname="chrome.137_0_7151_69.windows.Partner_specific_tests_US150819_US151080_US151654_US151176_US103444_US151078_US151079_US151109_US151174_US151175_US151189" name="Should filter and search partners US151080" time="97.236">
      <system-out><![CDATA[
COMMAND: POST /session/b6c10327e85db8e4472cf13987b22354/element - {"using":"xpath","value":"//li[.//span[text()=\"Manage Partners\"]]"}
RESULT: {"using":"xpath","value":"//li[.//span[text()=\"Manage Partners\"]]"}
COMMAND: POST /session/b6c10327e85db8e4472cf13987b22354/element - {"using":"xpath","value":"//li[.//span[text()=\"Manage Partners\"]]"}
RESULT: {}
RESULT: {"using":"xpath","value":"//li[.//span[text()=\"Manage Partners\"]]"}
COMMAND: POST /session/b6c10327e85db8e4472cf13987b22354/element - {"using":"css selector","value":"#shell-header-logo"}
RESULT: {"using":"css selector","value":"#shell-header-logo"}
COMMAND: POST /session/b6c10327e85db8e4472cf13987b22354/element/f.76EFC1153EA5792FD1141D4CA15B46A2.d.33899E6A97F3BC062B6491AA7430C6EE.e.1680/click - {}
COMMAND: POST /session/b6c10327e85db8e4472cf13987b22354/execute/sync - {"script":"<script> [8489 bytes]","args":[{"element-6066-11e4-a52e-4f735466cecf":"f.76EFC1153EA5792FD1141D4CA15B46A2.d.33899E6A97F3BC062B6491AA7430C6EE.e.1680","ELEMENT":"f.76EFC1153EA5792FD1141D4CA15B46A2.d.33899E6A97F3BC062B6491AA7430C6EE.e.1680"}]}
RESULT: {}
COMMAND: GET /session/b6c10327e85db8e4472cf13987b22354/screenshot - {}
RESULT: {"script":"<script> [8489 bytes]","args":[{"element-6066-11e4-a52e-4f735466cecf":"f.76EFC1153EA5792FD1141D4CA15B46A2.d.33899E6A97F3BC062B6491AA7430C6EE.e.1680","ELEMENT":"f.76EFC1153EA5792FD1141D4CA15B46A2.d.33899E6A97F3BC062B6491AA7430C6EE.e.1680"}]}
COMMAND: POST /session/b6c10327e85db8e4472cf13987b22354/execute/sync - {"script":"<script> [5351 bytes]","args":[{"element-6066-11e4-a52e-4f735466cecf":"f.76EFC1153EA5792FD1141D4CA15B46A2.d.33899E6A97F3BC062B6491AA7430C6EE.e.1680","ELEMENT":"f.76EFC1153EA5792FD1141D4CA15B46A2.d.33899E6A97F3BC062B6491AA7430C6EE.e.1680"}]}
COMMAND: GET /session/b6c10327e85db8e4472cf13987b22354/screenshot - {}
RESULT: {}
RESULT: {"script":"<script> [5351 bytes]","args":[{"element-6066-11e4-a52e-4f735466cecf":"f.76EFC1153EA5792FD1141D4CA15B46A2.d.33899E6A97F3BC062B6491AA7430C6EE.e.1680","ELEMENT":"f.76EFC1153EA5792FD1141D4CA15B46A2.d.33899E6A97F3BC062B6491AA7430C6EE.e.1680"}]}
COMMAND: GET /session/b6c10327e85db8e4472cf13987b22354/screenshot - {}
RESULT: {}
RESULT: {}
RESULT: undefined
COMMAND: POST /session/b6c10327e85db8e4472cf13987b22354/element - {"using":"xpath","value":"//*[@id=\"__tile39\"]"}
RESULT: {"using":"xpath","value":"//*[@id=\"__tile39\"]"}
COMMAND: POST /session/b6c10327e85db8e4472cf13987b22354/element/f.76EFC1153EA5792FD1141D4CA15B46A2.d.33899E6A97F3BC062B6491AA7430C6EE.e.154/click - {}
RESULT: {}
COMMAND: GET /session/b6c10327e85db8e4472cf13987b22354/screenshot - {}
RESULT: {}
COMMAND: POST /session/b6c10327e85db8e4472cf13987b22354/elements - {"using":"xpath","value":"//span[text()='Error']"}
RESULT: {"using":"xpath","value":"//span[text()='Error']"}
COMMAND: POST /session/b6c10327e85db8e4472cf13987b22354/element - {"using":"xpath","value":"//button[@data-kt=\"addButton\"]"}
RESULT: {"using":"xpath","value":"//button[@data-kt=\"addButton\"]"}
COMMAND: POST /session/b6c10327e85db8e4472cf13987b22354/elements - {"using":"xpath","value":"//button[@data-kt=\"addButton\"]"}
RESULT: {"using":"xpath","value":"//button[@data-kt=\"addButton\"]"}
COMMAND: POST /session/b6c10327e85db8e4472cf13987b22354/execute/sync - {"script":"<script> [8489 bytes]","args":[{"element-6066-11e4-a52e-4f735466cecf":"f.76EFC1153EA5792FD1141D4CA15B46A2.d.33899E6A97F3BC062B6491AA7430C6EE.e.1725","ELEMENT":"f.76EFC1153EA5792FD1141D4CA15B46A2.d.33899E6A97F3BC062B6491AA7430C6EE.e.1725"}]}
RESULT: {"script":"<script> [8489 bytes]","args":[{"element-6066-11e4-a52e-4f735466cecf":"f.76EFC1153EA5792FD1141D4CA15B46A2.d.33899E6A97F3BC062B6491AA7430C6EE.e.1725","ELEMENT":"f.76EFC1153EA5792FD1141D4CA15B46A2.d.33899E6A97F3BC062B6491AA7430C6EE.e.1725"}]}
COMMAND: GET /session/b6c10327e85db8e4472cf13987b22354/element/f.76EFC1153EA5792FD1141D4CA15B46A2.d.33899E6A97F3BC062B6491AA7430C6EE.e.1725/enabled - {}
COMMAND: GET /session/b6c10327e85db8e4472cf13987b22354/screenshot - {}
RESULT: {}
COMMAND: POST /session/b6c10327e85db8e4472cf13987b22354/execute/sync - {"script":"<script> [8489 bytes]","args":[{"element-6066-11e4-a52e-4f735466cecf":"f.76EFC1153EA5792FD1141D4CA15B46A2.d.33899E6A97F3BC062B6491AA7430C6EE.e.1725","ELEMENT":"f.76EFC1153EA5792FD1141D4CA15B46A2.d.33899E6A97F3BC062B6491AA7430C6EE.e.1725"}]}
COMMAND: GET /session/b6c10327e85db8e4472cf13987b22354/screenshot - {}
RESULT: {}
RESULT: {"script":"<script> [8489 bytes]","args":[{"element-6066-11e4-a52e-4f735466cecf":"f.76EFC1153EA5792FD1141D4CA15B46A2.d.33899E6A97F3BC062B6491AA7430C6EE.e.1725","ELEMENT":"f.76EFC1153EA5792FD1141D4CA15B46A2.d.33899E6A97F3BC062B6491AA7430C6EE.e.1725"}]}
COMMAND: POST /session/b6c10327e85db8e4472cf13987b22354/execute/sync - {"script":"<script> [5351 bytes]","args":[{"element-6066-11e4-a52e-4f735466cecf":"f.76EFC1153EA5792FD1141D4CA15B46A2.d.33899E6A97F3BC062B6491AA7430C6EE.e.1725","ELEMENT":"f.76EFC1153EA5792FD1141D4CA15B46A2.d.33899E6A97F3BC062B6491AA7430C6EE.e.1725"}]}
COMMAND: GET /session/b6c10327e85db8e4472cf13987b22354/screenshot - {}
RESULT: {}
RESULT: {"script":"<script> [5351 bytes]","args":[{"element-6066-11e4-a52e-4f735466cecf":"f.76EFC1153EA5792FD1141D4CA15B46A2.d.33899E6A97F3BC062B6491AA7430C6EE.e.1725","ELEMENT":"f.76EFC1153EA5792FD1141D4CA15B46A2.d.33899E6A97F3BC062B6491AA7430C6EE.e.1725"}]}
COMMAND: GET /session/b6c10327e85db8e4472cf13987b22354/screenshot - {}
RESULT: {}
RESULT: {}
COMMAND: POST /session/b6c10327e85db8e4472cf13987b22354/execute/async - {"script":"<script> [1562 bytes]","args":[{"selector":{"id":"application-managepartners-display-component---masterPtm--smartTable-btnPersonalisation-img"},"wdio_ui5_key":"applicationmanagepartners-display-component---masterPtm--smartTable-btnPersonalisation-img"}]}
RESULT: {"script":"<script> [1562 bytes]","args":[{"selector":{"id":"application-managepartners-display-component---masterPtm--smartTable-btnPersonalisation-img"},"wdio_ui5_key":"applicationmanagepartners-display-component---masterPtm--smartTable-btnPersonalisation-img"}]}
RESULT: undefined
COMMAND: POST /session/b6c10327e85db8e4472cf13987b22354/element - {"using":"xpath","value":"//*[@id=\"application-managepartners-display-component---masterPtm--smartTable-btnPersonalisation-img\"]"}
RESULT: {"using":"xpath","value":"//*[@id=\"application-managepartners-display-component---masterPtm--smartTable-btnPersonalisation-img\"]"}
COMMAND: POST /session/b6c10327e85db8e4472cf13987b22354/element/f.76EFC1153EA5792FD1141D4CA15B46A2.d.33899E6A97F3BC062B6491AA7430C6EE.e.1730/click - {}
RESULT: {}
COMMAND: GET /session/b6c10327e85db8e4472cf13987b22354/screenshot - {}
RESULT: {}
COMMAND: POST /session/b6c10327e85db8e4472cf13987b22354/execute/async - {"script":"<script> [1562 bytes]","args":[{"selector":{"controlType":"sap.m.IconTabFilter","viewName":"etm.portal.ui.managepartners.view.Master","viewId":"application-managepartners-display-component---masterPtm","properties":{"text":"Sort"},"searchOpenDialogs":true,"interaction":{"idSuffix":"text"}},"wdio_ui5_key":"etmportal.ui.managepartners.view.Mastersap.m.IconTabFilter{\"text\":\"Sort\"}"}]}
RESULT: {"script":"<script> [1562 bytes]","args":[{"selector":{"controlType":"sap.m.IconTabFilter","viewName":"etm.portal.ui.managepartners.view.Master","viewId":"application-managepartners-display-component---masterPtm","properties":{"text":"Sort"},"searchOpenDialogs":true,"interaction":{"idSuffix":"text"}},"wdio_ui5_key":"etmportal.ui.managepartners.view.Mastersap.m.IconTabFilter{\"text\":\"Sort\"}"}]}
RESULT: undefined
COMMAND: POST /session/b6c10327e85db8e4472cf13987b22354/element - {"using":"xpath","value":"//*[@id=\"__filter1\"]"}
RESULT: {"using":"xpath","value":"//*[@id=\"__filter1\"]"}
COMMAND: POST /session/b6c10327e85db8e4472cf13987b22354/element/f.76EFC1153EA5792FD1141D4CA15B46A2.d.33899E6A97F3BC062B6491AA7430C6EE.e.1819/click - {}
RESULT: {}
COMMAND: GET /session/b6c10327e85db8e4472cf13987b22354/screenshot - {}
RESULT: {}
COMMAND: POST /session/b6c10327e85db8e4472cf13987b22354/element - {"using":"xpath","value":"//input[@placeholder=\"Sort by\"]/following-sibling::div//span"}
RESULT: {"using":"xpath","value":"//input[@placeholder=\"Sort by\"]/following-sibling::div//span"}
COMMAND: POST /session/b6c10327e85db8e4472cf13987b22354/element/f.76EFC1153EA5792FD1141D4CA15B46A2.d.33899E6A97F3BC062B6491AA7430C6EE.e.1821/click - {}
RESULT: {}
COMMAND: GET /session/b6c10327e85db8e4472cf13987b22354/screenshot - {}
RESULT: {}
COMMAND: POST /session/b6c10327e85db8e4472cf13987b22354/element - {"using":"xpath","value":"//li[.//span[text()=\"Language\"]]"}
RESULT: {"using":"xpath","value":"//li[.//span[text()=\"Language\"]]"}
COMMAND: POST /session/b6c10327e85db8e4472cf13987b22354/element/f.76EFC1153EA5792FD1141D4CA15B46A2.d.33899E6A97F3BC062B6491AA7430C6EE.e.1822/click - {}
RESULT: {}
COMMAND: GET /session/b6c10327e85db8e4472cf13987b22354/screenshot - {}
RESULT: {}
COMMAND: POST /session/b6c10327e85db8e4472cf13987b22354/element - {"using":"xpath","value":"//bdi[contains(text(), \"OK\")]"}
RESULT: {"using":"xpath","value":"//bdi[contains(text(), \"OK\")]"}
COMMAND: POST /session/b6c10327e85db8e4472cf13987b22354/element/f.76EFC1153EA5792FD1141D4CA15B46A2.d.33899E6A97F3BC062B6491AA7430C6EE.e.1826/click - {}
RESULT: {}
COMMAND: GET /session/b6c10327e85db8e4472cf13987b22354/screenshot - {}
RESULT: {}
COMMAND: POST /session/b6c10327e85db8e4472cf13987b22354/element - {"using":"xpath","value":"//table[contains(@id, \"customPartnersTable\")]//tbody/tr[1]/td[3]/span"}
RESULT: {"using":"xpath","value":"//table[contains(@id, \"customPartnersTable\")]//tbody/tr[1]/td[3]/span"}
COMMAND: POST /session/b6c10327e85db8e4472cf13987b22354/execute/sync - {"script":"<script> [56 bytes]","args":[{"element-6066-11e4-a52e-4f735466cecf":"f.76EFC1153EA5792FD1141D4CA15B46A2.d.33899E6A97F3BC062B6491AA7430C6EE.e.1930","ELEMENT":"f.76EFC1153EA5792FD1141D4CA15B46A2.d.33899E6A97F3BC062B6491AA7430C6EE.e.1930"}]}
RESULT: {"script":"<script> [56 bytes]","args":[{"element-6066-11e4-a52e-4f735466cecf":"f.76EFC1153EA5792FD1141D4CA15B46A2.d.33899E6A97F3BC062B6491AA7430C6EE.e.1930","ELEMENT":"f.76EFC1153EA5792FD1141D4CA15B46A2.d.33899E6A97F3BC062B6491AA7430C6EE.e.1930"}]}
RESULT: undefined
COMMAND: POST /session/b6c10327e85db8e4472cf13987b22354/element - {"using":"xpath","value":"//*[@id=\"application-managepartners-display-component---masterPtm--smartTable-btnPersonalisation-img\"]"}
COMMAND: GET /session/b6c10327e85db8e4472cf13987b22354/screenshot - {}
RESULT: {"using":"xpath","value":"//*[@id=\"application-managepartners-display-component---masterPtm--smartTable-btnPersonalisation-img\"]"}
COMMAND: POST /session/b6c10327e85db8e4472cf13987b22354/element/f.76EFC1153EA5792FD1141D4CA15B46A2.d.33899E6A97F3BC062B6491AA7430C6EE.e.1730/click - {}
RESULT: {}
RESULT: {}
COMMAND: GET /session/b6c10327e85db8e4472cf13987b22354/screenshot - {}
RESULT: {}
COMMAND: POST /session/b6c10327e85db8e4472cf13987b22354/element - {"using":"xpath","value":"//bdi[contains(text(), \"Reset\")]"}
RESULT: {"using":"xpath","value":"//bdi[contains(text(), \"Reset\")]"}
COMMAND: POST /session/b6c10327e85db8e4472cf13987b22354/element/f.76EFC1153EA5792FD1141D4CA15B46A2.d.33899E6A97F3BC062B6491AA7430C6EE.e.1936/click - {}
RESULT: {}
COMMAND: GET /session/b6c10327e85db8e4472cf13987b22354/screenshot - {}
RESULT: {}
COMMAND: POST /session/b6c10327e85db8e4472cf13987b22354/element - {"using":"xpath","value":"(//bdi[contains(text(), \"OK\")])[2]"}
RESULT: {"using":"xpath","value":"(//bdi[contains(text(), \"OK\")])[2]"}
COMMAND: POST /session/b6c10327e85db8e4472cf13987b22354/element/f.76EFC1153EA5792FD1141D4CA15B46A2.d.33899E6A97F3BC062B6491AA7430C6EE.e.1938/click - {}
RESULT: {}
COMMAND: GET /session/b6c10327e85db8e4472cf13987b22354/screenshot - {}
RESULT: {}
COMMAND: POST /session/b6c10327e85db8e4472cf13987b22354/element - {"using":"xpath","value":"//bdi[contains(text(), \"OK\")]"}
RESULT: {"using":"xpath","value":"//bdi[contains(text(), \"OK\")]"}
COMMAND: POST /session/b6c10327e85db8e4472cf13987b22354/element/f.76EFC1153EA5792FD1141D4CA15B46A2.d.33899E6A97F3BC062B6491AA7430C6EE.e.1972/click - {}
RESULT: {}
COMMAND: GET /session/b6c10327e85db8e4472cf13987b22354/screenshot - {}
RESULT: {}
COMMAND: POST /session/b6c10327e85db8e4472cf13987b22354/element - {"using":"xpath","value":"//table[contains(@id, \"customPartnersTable\")]//tbody/tr[1]/td[3]/span"}
RESULT: {"using":"xpath","value":"//table[contains(@id, \"customPartnersTable\")]//tbody/tr[1]/td[3]/span"}
COMMAND: POST /session/b6c10327e85db8e4472cf13987b22354/execute/sync - {"script":"<script> [56 bytes]","args":[{"element-6066-11e4-a52e-4f735466cecf":"f.76EFC1153EA5792FD1141D4CA15B46A2.d.33899E6A97F3BC062B6491AA7430C6EE.e.1975","ELEMENT":"f.76EFC1153EA5792FD1141D4CA15B46A2.d.33899E6A97F3BC062B6491AA7430C6EE.e.1975"}]}
RESULT: {"script":"<script> [56 bytes]","args":[{"element-6066-11e4-a52e-4f735466cecf":"f.76EFC1153EA5792FD1141D4CA15B46A2.d.33899E6A97F3BC062B6491AA7430C6EE.e.1975","ELEMENT":"f.76EFC1153EA5792FD1141D4CA15B46A2.d.33899E6A97F3BC062B6491AA7430C6EE.e.1975"}]}
RESULT: undefined
COMMAND: POST /session/b6c10327e85db8e4472cf13987b22354/element - {"using":"xpath","value":"//*[@id=\"application-managepartners-display-component---masterPtm--smartTable-btnPersonalisation-img\"]"}
COMMAND: GET /session/b6c10327e85db8e4472cf13987b22354/screenshot - {}
RESULT: {"using":"xpath","value":"//*[@id=\"application-managepartners-display-component---masterPtm--smartTable-btnPersonalisation-img\"]"}
COMMAND: POST /session/b6c10327e85db8e4472cf13987b22354/element/f.76EFC1153EA5792FD1141D4CA15B46A2.d.33899E6A97F3BC062B6491AA7430C6EE.e.1730/click - {}
RESULT: {}
RESULT: {}
COMMAND: GET /session/b6c10327e85db8e4472cf13987b22354/screenshot - {}
RESULT: {}
COMMAND: POST /session/b6c10327e85db8e4472cf13987b22354/execute/async - {"script":"<script> [1562 bytes]","args":[{"selector":{"controlType":"sap.m.IconTabFilter","viewName":"etm.portal.ui.managepartners.view.Master","viewId":"application-managepartners-display-component---masterPtm","properties":{"text":"Filter"},"searchOpenDialogs":true,"interaction":{"idSuffix":"text"}},"wdio_ui5_key":"etmportal.ui.managepartners.view.Mastersap.m.IconTabFilter{\"text\":\"Filter\"}"}]}
RESULT: {"script":"<script> [1562 bytes]","args":[{"selector":{"controlType":"sap.m.IconTabFilter","viewName":"etm.portal.ui.managepartners.view.Master","viewId":"application-managepartners-display-component---masterPtm","properties":{"text":"Filter"},"searchOpenDialogs":true,"interaction":{"idSuffix":"text"}},"wdio_ui5_key":"etmportal.ui.managepartners.view.Mastersap.m.IconTabFilter{\"text\":\"Filter\"}"}]}
RESULT: undefined
COMMAND: POST /session/b6c10327e85db8e4472cf13987b22354/element - {"using":"xpath","value":"//*[@id=\"__filter10\"]"}
RESULT: {"using":"xpath","value":"//*[@id=\"__filter10\"]"}
COMMAND: POST /session/b6c10327e85db8e4472cf13987b22354/element/f.76EFC1153EA5792FD1141D4CA15B46A2.d.33899E6A97F3BC062B6491AA7430C6EE.e.1980/click - {}
RESULT: {}
COMMAND: GET /session/b6c10327e85db8e4472cf13987b22354/screenshot - {}
RESULT: {}
COMMAND: POST /session/b6c10327e85db8e4472cf13987b22354/element - {"using":"xpath","value":"//input[@placeholder=\"Filter by\"]/following-sibling::div//span"}
RESULT: {"using":"xpath","value":"//input[@placeholder=\"Filter by\"]/following-sibling::div//span"}
COMMAND: POST /session/b6c10327e85db8e4472cf13987b22354/element/f.76EFC1153EA5792FD1141D4CA15B46A2.d.33899E6A97F3BC062B6491AA7430C6EE.e.1982/click - {}
RESULT: {}
COMMAND: GET /session/b6c10327e85db8e4472cf13987b22354/screenshot - {}
RESULT: {}
COMMAND: POST /session/b6c10327e85db8e4472cf13987b22354/element - {"using":"xpath","value":"//li[.//span[text()=\"Preferred Yard\"]]"}
RESULT: {"using":"xpath","value":"//li[.//span[text()=\"Preferred Yard\"]]"}
COMMAND: POST /session/b6c10327e85db8e4472cf13987b22354/element/f.76EFC1153EA5792FD1141D4CA15B46A2.d.33899E6A97F3BC062B6491AA7430C6EE.e.1983/click - {}
RESULT: {}
COMMAND: GET /session/b6c10327e85db8e4472cf13987b22354/screenshot - {}
RESULT: {}
COMMAND: POST /session/b6c10327e85db8e4472cf13987b22354/execute/async - {"script":"<script> [1562 bytes]","args":[{"selector":{"id":"FilterPanel-filterItemControl_BASIC-application-managepartners-display-component---masterPtm--smartTable-YARDYARD-vhi","searchOpenDialogs":true},"wdio_ui5_key":"FilterPanelfilterItemControl_BASIC-application-managepartners-display-component---masterPtm--smartTable-YARDYARD-vhi"}]}
RESULT: {"script":"<script> [1562 bytes]","args":[{"selector":{"id":"FilterPanel-filterItemControl_BASIC-application-managepartners-display-component---masterPtm--smartTable-YARDYARD-vhi","searchOpenDialogs":true},"wdio_ui5_key":"FilterPanelfilterItemControl_BASIC-application-managepartners-display-component---masterPtm--smartTable-YARDYARD-vhi"}]}
RESULT: undefined
COMMAND: POST /session/b6c10327e85db8e4472cf13987b22354/element - {"using":"xpath","value":"//*[@id=\"FilterPanel-filterItemControl_BASIC-application-managepartners-display-component---masterPtm--smartTable-YARDYARD-vhi\"]"}
RESULT: {"using":"xpath","value":"//*[@id=\"FilterPanel-filterItemControl_BASIC-application-managepartners-display-component---masterPtm--smartTable-YARDYARD-vhi\"]"}
COMMAND: POST /session/b6c10327e85db8e4472cf13987b22354/element/f.76EFC1153EA5792FD1141D4CA15B46A2.d.33899E6A97F3BC062B6491AA7430C6EE.e.1986/click - {}
RESULT: {}
COMMAND: GET /session/b6c10327e85db8e4472cf13987b22354/screenshot - {}
RESULT: {}
COMMAND: POST /session/b6c10327e85db8e4472cf13987b22354/execute/async - {"script":"<script> [1562 bytes]","args":[{"selector":{"id":"FilterPanel-filterItemControl_BASIC-application-managepartners-display-component---masterPtm--smartTable-YARDYARD-valueHelpDialog-smartFilterBar-btnBasicSearch","searchOpenDialogs":true,"interaction":{"idSuffix":"I"}},"wdio_ui5_key":"FilterPanelfilterItemControl_BASIC-application-managepartners-display-component---masterPtm--smartTable-YARDYARD-valueHelpDialog-smartFilterBar-btnBasicSearch"}]}
RESULT: {"script":"<script> [1562 bytes]","args":[{"selector":{"id":"FilterPanel-filterItemControl_BASIC-application-managepartners-display-component---masterPtm--smartTable-YARDYARD-valueHelpDialog-smartFilterBar-btnBasicSearch","searchOpenDialogs":true,"interaction":{"idSuffix":"I"}},"wdio_ui5_key":"FilterPanelfilterItemControl_BASIC-application-managepartners-display-component---masterPtm--smartTable-YARDYARD-valueHelpDialog-smartFilterBar-btnBasicSearch"}]}
RESULT: undefined
COMMAND: POST /session/b6c10327e85db8e4472cf13987b22354/execute/async - {"script":"<script> [776 bytes]","args":[{"enterText":"195","selector":{"id":"FilterPanel-filterItemControl_BASIC-application-managepartners-display-component---masterPtm--smartTable-YARDYARD-valueHelpDialog-smartFilterBar-btnBasicSearch","searchOpenDialogs":true,"interaction":{"idSuffix":"I"}},"clearTextFirst":true,"interactionType":"ENTER_TEXT"}]}
RESULT: {"script":"<script> [776 bytes]","args":[{"enterText":"195","selector":{"id":"FilterPanel-filterItemControl_BASIC-application-managepartners-display-component---masterPtm--smartTable-YARDYARD-valueHelpDialog-smartFilterBar-btnBasicSearch","searchOpenDialogs":true,"interaction":{"idSuffix":"I"}},"clearTextFirst":true,"interactionType":"ENTER_TEXT"}]}
COMMAND: POST /session/b6c10327e85db8e4472cf13987b22354/actions - {"actions":[{"id":"action3","type":"key","parameters":{},"actions":[{"type":"keyDown","value":"î€‡"},{"type":"pause","duration":10},{"type":"keyUp","value":"î€‡"}]}]}
RESULT: {"actions":[{"id":"action3","type":"key","parameters":{},"actions":[{"type":"keyDown","value":"î€‡"},{"type":"pause","duration":10},{"type":"keyUp","value":"î€‡"}]}]}
COMMAND: GET /session/b6c10327e85db8e4472cf13987b22354/screenshot - {}
RESULT: {}
COMMAND: POST /session/b6c10327e85db8e4472cf13987b22354/elements - {"using":"xpath","value":"//table[contains(@id, \"smartTable-YARDYARD-valueHelpDialog-table-table\")]/tbody/tr"}
RESULT: {"using":"xpath","value":"//table[contains(@id, \"smartTable-YARDYARD-valueHelpDialog-table-table\")]/tbody/tr"}
COMMAND: POST /session/b6c10327e85db8e4472cf13987b22354/element - {"using":"xpath","value":"//table[contains(@id, \"smartTable-YARDYARD-valueHelpDialog-table-table\")]/tbody/tr[1]/td[1]/div/span"}
RESULT: {"using":"xpath","value":"//table[contains(@id, \"smartTable-YARDYARD-valueHelpDialog-table-table\")]/tbody/tr[1]/td[1]/div/span"}
COMMAND: POST /session/b6c10327e85db8e4472cf13987b22354/elements - {"using":"xpath","value":"//table[contains(@id, \"smartTable-YARDYARD-valueHelpDialog-table-table\")]/tbody/tr[1]/td[1]/div/span"}
RESULT: {"using":"xpath","value":"//table[contains(@id, \"smartTable-YARDYARD-valueHelpDialog-table-table\")]/tbody/tr[1]/td[1]/div/span"}
COMMAND: POST /session/b6c10327e85db8e4472cf13987b22354/execute/sync - {"script":"<script> [56 bytes]","args":[{"element-6066-11e4-a52e-4f735466cecf":"f.76EFC1153EA5792FD1141D4CA15B46A2.d.33899E6A97F3BC062B6491AA7430C6EE.e.2005","ELEMENT":"f.76EFC1153EA5792FD1141D4CA15B46A2.d.33899E6A97F3BC062B6491AA7430C6EE.e.2005"}]}
RESULT: {"script":"<script> [56 bytes]","args":[{"element-6066-11e4-a52e-4f735466cecf":"f.76EFC1153EA5792FD1141D4CA15B46A2.d.33899E6A97F3BC062B6491AA7430C6EE.e.2005","ELEMENT":"f.76EFC1153EA5792FD1141D4CA15B46A2.d.33899E6A97F3BC062B6491AA7430C6EE.e.2005"}]}
COMMAND: POST /session/b6c10327e85db8e4472cf13987b22354/element - {"using":"xpath","value":"//div[contains(@id, \"YARDYARD-valueHelpDialog-table-rowsel0\")]"}
COMMAND: GET /session/b6c10327e85db8e4472cf13987b22354/screenshot - {}
RESULT: {"using":"xpath","value":"//div[contains(@id, \"YARDYARD-valueHelpDialog-table-rowsel0\")]"}
COMMAND: POST /session/b6c10327e85db8e4472cf13987b22354/element/f.76EFC1153EA5792FD1141D4CA15B46A2.d.33899E6A97F3BC062B6491AA7430C6EE.e.2006/click - {}
RESULT: {}
RESULT: {}
COMMAND: GET /session/b6c10327e85db8e4472cf13987b22354/screenshot - {}
RESULT: {}
COMMAND: POST /session/b6c10327e85db8e4472cf13987b22354/element - {"using":"xpath","value":"(//bdi[contains(text(), \"OK\")])[2]"}
RESULT: {"using":"xpath","value":"(//bdi[contains(text(), \"OK\")])[2]"}
COMMAND: POST /session/b6c10327e85db8e4472cf13987b22354/element/f.76EFC1153EA5792FD1141D4CA15B46A2.d.33899E6A97F3BC062B6491AA7430C6EE.e.2008/click - {}
RESULT: {}
COMMAND: GET /session/b6c10327e85db8e4472cf13987b22354/screenshot - {}
RESULT: {}
COMMAND: POST /session/b6c10327e85db8e4472cf13987b22354/element - {"using":"xpath","value":"//bdi[contains(text(), \"OK\")]"}
RESULT: {"using":"xpath","value":"//bdi[contains(text(), \"OK\")]"}
COMMAND: POST /session/b6c10327e85db8e4472cf13987b22354/element/f.76EFC1153EA5792FD1141D4CA15B46A2.d.33899E6A97F3BC062B6491AA7430C6EE.e.2011/click - {}
RESULT: {}
COMMAND: GET /session/b6c10327e85db8e4472cf13987b22354/screenshot - {}
RESULT: {}
COMMAND: POST /session/b6c10327e85db8e4472cf13987b22354/element - {"using":"xpath","value":"//table[contains(@id, \"customPartnersTable\")]//tbody/tr[1]/td[3]/span"}
RESULT: {"using":"xpath","value":"//table[contains(@id, \"customPartnersTable\")]//tbody/tr[1]/td[3]/span"}
COMMAND: POST /session/b6c10327e85db8e4472cf13987b22354/execute/sync - {"script":"<script> [56 bytes]","args":[{"element-6066-11e4-a52e-4f735466cecf":"f.76EFC1153EA5792FD1141D4CA15B46A2.d.33899E6A97F3BC062B6491AA7430C6EE.e.2063","ELEMENT":"f.76EFC1153EA5792FD1141D4CA15B46A2.d.33899E6A97F3BC062B6491AA7430C6EE.e.2063"}]}
RESULT: {"script":"<script> [56 bytes]","args":[{"element-6066-11e4-a52e-4f735466cecf":"f.76EFC1153EA5792FD1141D4CA15B46A2.d.33899E6A97F3BC062B6491AA7430C6EE.e.2063","ELEMENT":"f.76EFC1153EA5792FD1141D4CA15B46A2.d.33899E6A97F3BC062B6491AA7430C6EE.e.2063"}]}
COMMAND: POST /session/b6c10327e85db8e4472cf13987b22354/element - {"using":"css selector","value":"#shell-header-logo"}
COMMAND: GET /session/b6c10327e85db8e4472cf13987b22354/screenshot - {}
RESULT: {"using":"css selector","value":"#shell-header-logo"}
COMMAND: POST /session/b6c10327e85db8e4472cf13987b22354/element/f.76EFC1153EA5792FD1141D4CA15B46A2.d.33899E6A97F3BC062B6491AA7430C6EE.e.1680/click - {}
RESULT: {}
RESULT: {}
COMMAND: GET /session/b6c10327e85db8e4472cf13987b22354/screenshot - {}
RESULT: {}
]]></system-out>
    </testcase>
    <testcase classname="chrome.137_0_7151_69.windows.Partner_specific_tests_US150819_US151080_US151654_US151176_US103444_US151078_US151079_US151109_US151174_US151175_US151189" name="Should deactivate the created partner in earlier step US151654" time="60.812">
      <system-out><![CDATA[
COMMAND: POST /session/b6c10327e85db8e4472cf13987b22354/element - {"using":"xpath","value":"//li[.//span[text()=\"Manage Partners\"]]"}
RESULT: {"using":"xpath","value":"//li[.//span[text()=\"Manage Partners\"]]"}
COMMAND: POST /session/b6c10327e85db8e4472cf13987b22354/element - {"using":"xpath","value":"//li[.//span[text()=\"Manage Partners\"]]"}
RESULT: {"using":"xpath","value":"//li[.//span[text()=\"Manage Partners\"]]"}
COMMAND: POST /session/b6c10327e85db8e4472cf13987b22354/element - {"using":"css selector","value":"#shell-header-logo"}
RESULT: {"using":"css selector","value":"#shell-header-logo"}
COMMAND: POST /session/b6c10327e85db8e4472cf13987b22354/element/f.76EFC1153EA5792FD1141D4CA15B46A2.d.33899E6A97F3BC062B6491AA7430C6EE.e.2065/click - {}
COMMAND: POST /session/b6c10327e85db8e4472cf13987b22354/execute/sync - {"script":"<script> [8489 bytes]","args":[{"element-6066-11e4-a52e-4f735466cecf":"f.76EFC1153EA5792FD1141D4CA15B46A2.d.33899E6A97F3BC062B6491AA7430C6EE.e.2065","ELEMENT":"f.76EFC1153EA5792FD1141D4CA15B46A2.d.33899E6A97F3BC062B6491AA7430C6EE.e.2065"}]}
RESULT: {"script":"<script> [8489 bytes]","args":[{"element-6066-11e4-a52e-4f735466cecf":"f.76EFC1153EA5792FD1141D4CA15B46A2.d.33899E6A97F3BC062B6491AA7430C6EE.e.2065","ELEMENT":"f.76EFC1153EA5792FD1141D4CA15B46A2.d.33899E6A97F3BC062B6491AA7430C6EE.e.2065"}]}
COMMAND: POST /session/b6c10327e85db8e4472cf13987b22354/execute/sync - {"script":"<script> [5351 bytes]","args":[{"element-6066-11e4-a52e-4f735466cecf":"f.76EFC1153EA5792FD1141D4CA15B46A2.d.33899E6A97F3BC062B6491AA7430C6EE.e.2065","ELEMENT":"f.76EFC1153EA5792FD1141D4CA15B46A2.d.33899E6A97F3BC062B6491AA7430C6EE.e.2065"}]}
COMMAND: GET /session/b6c10327e85db8e4472cf13987b22354/screenshot - {}
RESULT: {}
COMMAND: GET /session/b6c10327e85db8e4472cf13987b22354/screenshot - {}
RESULT: {"script":"<script> [5351 bytes]","args":[{"element-6066-11e4-a52e-4f735466cecf":"f.76EFC1153EA5792FD1141D4CA15B46A2.d.33899E6A97F3BC062B6491AA7430C6EE.e.2065","ELEMENT":"f.76EFC1153EA5792FD1141D4CA15B46A2.d.33899E6A97F3BC062B6491AA7430C6EE.e.2065"}]}
COMMAND: GET /session/b6c10327e85db8e4472cf13987b22354/screenshot - {}
RESULT: {}
RESULT: {}
RESULT: {}
RESULT: undefined
COMMAND: POST /session/b6c10327e85db8e4472cf13987b22354/element - {"using":"xpath","value":"//*[@id=\"__tile39\"]"}
RESULT: {"using":"xpath","value":"//*[@id=\"__tile39\"]"}
COMMAND: POST /session/b6c10327e85db8e4472cf13987b22354/element/f.76EFC1153EA5792FD1141D4CA15B46A2.d.33899E6A97F3BC062B6491AA7430C6EE.e.154/click - {}
RESULT: {}
COMMAND: GET /session/b6c10327e85db8e4472cf13987b22354/screenshot - {}
RESULT: {}
COMMAND: POST /session/b6c10327e85db8e4472cf13987b22354/elements - {"using":"xpath","value":"//span[text()='Error']"}
RESULT: {"using":"xpath","value":"//span[text()='Error']"}
COMMAND: POST /session/b6c10327e85db8e4472cf13987b22354/element - {"using":"xpath","value":"//button[@data-kt=\"addButton\"]"}
RESULT: {"using":"xpath","value":"//button[@data-kt=\"addButton\"]"}
COMMAND: POST /session/b6c10327e85db8e4472cf13987b22354/elements - {"using":"xpath","value":"//button[@data-kt=\"addButton\"]"}
RESULT: {"using":"xpath","value":"//button[@data-kt=\"addButton\"]"}
COMMAND: POST /session/b6c10327e85db8e4472cf13987b22354/execute/sync - {"script":"<script> [8489 bytes]","args":[{"element-6066-11e4-a52e-4f735466cecf":"f.76EFC1153EA5792FD1141D4CA15B46A2.d.33899E6A97F3BC062B6491AA7430C6EE.e.2110","ELEMENT":"f.76EFC1153EA5792FD1141D4CA15B46A2.d.33899E6A97F3BC062B6491AA7430C6EE.e.2110"}]}
RESULT: {"script":"<script> [8489 bytes]","args":[{"element-6066-11e4-a52e-4f735466cecf":"f.76EFC1153EA5792FD1141D4CA15B46A2.d.33899E6A97F3BC062B6491AA7430C6EE.e.2110","ELEMENT":"f.76EFC1153EA5792FD1141D4CA15B46A2.d.33899E6A97F3BC062B6491AA7430C6EE.e.2110"}]}
COMMAND: GET /session/b6c10327e85db8e4472cf13987b22354/element/f.76EFC1153EA5792FD1141D4CA15B46A2.d.33899E6A97F3BC062B6491AA7430C6EE.e.2110/enabled - {}
COMMAND: GET /session/b6c10327e85db8e4472cf13987b22354/screenshot - {}
RESULT: {}
COMMAND: POST /session/b6c10327e85db8e4472cf13987b22354/execute/sync - {"script":"<script> [8489 bytes]","args":[{"element-6066-11e4-a52e-4f735466cecf":"f.76EFC1153EA5792FD1141D4CA15B46A2.d.33899E6A97F3BC062B6491AA7430C6EE.e.2110","ELEMENT":"f.76EFC1153EA5792FD1141D4CA15B46A2.d.33899E6A97F3BC062B6491AA7430C6EE.e.2110"}]}
COMMAND: GET /session/b6c10327e85db8e4472cf13987b22354/screenshot - {}
RESULT: {}
RESULT: {"script":"<script> [8489 bytes]","args":[{"element-6066-11e4-a52e-4f735466cecf":"f.76EFC1153EA5792FD1141D4CA15B46A2.d.33899E6A97F3BC062B6491AA7430C6EE.e.2110","ELEMENT":"f.76EFC1153EA5792FD1141D4CA15B46A2.d.33899E6A97F3BC062B6491AA7430C6EE.e.2110"}]}
COMMAND: POST /session/b6c10327e85db8e4472cf13987b22354/execute/sync - {"script":"<script> [5351 bytes]","args":[{"element-6066-11e4-a52e-4f735466cecf":"f.76EFC1153EA5792FD1141D4CA15B46A2.d.33899E6A97F3BC062B6491AA7430C6EE.e.2110","ELEMENT":"f.76EFC1153EA5792FD1141D4CA15B46A2.d.33899E6A97F3BC062B6491AA7430C6EE.e.2110"}]}
COMMAND: GET /session/b6c10327e85db8e4472cf13987b22354/screenshot - {}
RESULT: {}
RESULT: {"script":"<script> [5351 bytes]","args":[{"element-6066-11e4-a52e-4f735466cecf":"f.76EFC1153EA5792FD1141D4CA15B46A2.d.33899E6A97F3BC062B6491AA7430C6EE.e.2110","ELEMENT":"f.76EFC1153EA5792FD1141D4CA15B46A2.d.33899E6A97F3BC062B6491AA7430C6EE.e.2110"}]}
COMMAND: GET /session/b6c10327e85db8e4472cf13987b22354/screenshot - {}
RESULT: {}
RESULT: {}
COMMAND: POST /session/b6c10327e85db8e4472cf13987b22354/execute/async - {"script":"<script> [1562 bytes]","args":[{"selector":{"id":"application-managepartners-display-component---masterPtm--smartFilterBar-btnBasicSearch","interaction":{"idSuffix":"I"}},"wdio_ui5_key":"applicationmanagepartners-display-component---masterPtm--smartFilterBar-btnBasicSearch"}]}
RESULT: {"script":"<script> [1562 bytes]","args":[{"selector":{"id":"application-managepartners-display-component---masterPtm--smartFilterBar-btnBasicSearch","interaction":{"idSuffix":"I"}},"wdio_ui5_key":"applicationmanagepartners-display-component---masterPtm--smartFilterBar-btnBasicSearch"}]}
RESULT: undefined
COMMAND: POST /session/b6c10327e85db8e4472cf13987b22354/execute/async - {"script":"<script> [776 bytes]","args":[{"enterText":"1056","selector":{"id":"application-managepartners-display-component---masterPtm--smartFilterBar-btnBasicSearch","interaction":{"idSuffix":"I"}},"clearTextFirst":true,"interactionType":"ENTER_TEXT"}]}
RESULT: {"script":"<script> [776 bytes]","args":[{"enterText":"1056","selector":{"id":"application-managepartners-display-component---masterPtm--smartFilterBar-btnBasicSearch","interaction":{"idSuffix":"I"}},"clearTextFirst":true,"interactionType":"ENTER_TEXT"}]}
COMMAND: POST /session/b6c10327e85db8e4472cf13987b22354/actions - {"actions":[{"id":"action4","type":"key","parameters":{},"actions":[{"type":"keyDown","value":"î€‡"},{"type":"pause","duration":10},{"type":"keyUp","value":"î€‡"}]}]}
RESULT: {"actions":[{"id":"action4","type":"key","parameters":{},"actions":[{"type":"keyDown","value":"î€‡"},{"type":"pause","duration":10},{"type":"keyUp","value":"î€‡"}]}]}
COMMAND: GET /session/b6c10327e85db8e4472cf13987b22354/screenshot - {}
RESULT: {}
COMMAND: POST /session/b6c10327e85db8e4472cf13987b22354/elements - {"using":"xpath","value":"//table[contains(@id, \"customPartnersTable-listUl\")]/tbody/tr"}
RESULT: {"using":"xpath","value":"//table[contains(@id, \"customPartnersTable-listUl\")]/tbody/tr"}
COMMAND: POST /session/b6c10327e85db8e4472cf13987b22354/element - {"using":"xpath","value":"//table[contains(@id, \"customPartnersTable-listUl\")]/tbody/tr[1]/td[3]/span"}
RESULT: {"using":"xpath","value":"//table[contains(@id, \"customPartnersTable-listUl\")]/tbody/tr[1]/td[3]/span"}
COMMAND: POST /session/b6c10327e85db8e4472cf13987b22354/elements - {"using":"xpath","value":"//table[contains(@id, \"customPartnersTable-listUl\")]/tbody/tr[1]/td[3]/span"}
RESULT: {"using":"xpath","value":"//table[contains(@id, \"customPartnersTable-listUl\")]/tbody/tr[1]/td[3]/span"}
COMMAND: POST /session/b6c10327e85db8e4472cf13987b22354/execute/sync - {"script":"<script> [56 bytes]","args":[{"element-6066-11e4-a52e-4f735466cecf":"f.76EFC1153EA5792FD1141D4CA15B46A2.d.33899E6A97F3BC062B6491AA7430C6EE.e.2196","ELEMENT":"f.76EFC1153EA5792FD1141D4CA15B46A2.d.33899E6A97F3BC062B6491AA7430C6EE.e.2196"}]}
RESULT: {"script":"<script> [56 bytes]","args":[{"element-6066-11e4-a52e-4f735466cecf":"f.76EFC1153EA5792FD1141D4CA15B46A2.d.33899E6A97F3BC062B6491AA7430C6EE.e.2196","ELEMENT":"f.76EFC1153EA5792FD1141D4CA15B46A2.d.33899E6A97F3BC062B6491AA7430C6EE.e.2196"}]}
COMMAND: POST /session/b6c10327e85db8e4472cf13987b22354/element - {"using":"xpath","value":"//table[contains(@id, \"customPartnersTable-listUl\")]/tbody/tr[1]/td[7]/div/span"}
COMMAND: GET /session/b6c10327e85db8e4472cf13987b22354/screenshot - {}
RESULT: {"using":"xpath","value":"//table[contains(@id, \"customPartnersTable-listUl\")]/tbody/tr[1]/td[7]/div/span"}
COMMAND: POST /session/b6c10327e85db8e4472cf13987b22354/execute/sync - {"script":"<script> [56 bytes]","args":[{"element-6066-11e4-a52e-4f735466cecf":"f.76EFC1153EA5792FD1141D4CA15B46A2.d.33899E6A97F3BC062B6491AA7430C6EE.e.2197","ELEMENT":"f.76EFC1153EA5792FD1141D4CA15B46A2.d.33899E6A97F3BC062B6491AA7430C6EE.e.2197"}]}
RESULT: {}
RESULT: {"script":"<script> [56 bytes]","args":[{"element-6066-11e4-a52e-4f735466cecf":"f.76EFC1153EA5792FD1141D4CA15B46A2.d.33899E6A97F3BC062B6491AA7430C6EE.e.2197","ELEMENT":"f.76EFC1153EA5792FD1141D4CA15B46A2.d.33899E6A97F3BC062B6491AA7430C6EE.e.2197"}]}
COMMAND: POST /session/b6c10327e85db8e4472cf13987b22354/element - {"using":"xpath","value":"//table[contains(@id, \"customPartnersTable-listUl\")]/tbody/tr[1]/td[2]/div/div"}
COMMAND: GET /session/b6c10327e85db8e4472cf13987b22354/screenshot - {}
RESULT: {"using":"xpath","value":"//table[contains(@id, \"customPartnersTable-listUl\")]/tbody/tr[1]/td[2]/div/div"}
COMMAND: POST /session/b6c10327e85db8e4472cf13987b22354/element/f.76EFC1153EA5792FD1141D4CA15B46A2.d.33899E6A97F3BC062B6491AA7430C6EE.e.2188/click - {}
RESULT: {}
RESULT: {}
COMMAND: GET /session/b6c10327e85db8e4472cf13987b22354/screenshot - {}
RESULT: {}
COMMAND: POST /session/b6c10327e85db8e4472cf13987b22354/element - {"using":"xpath","value":"//bdi[contains(text(), \"Deactivate\")]"}
RESULT: {"using":"xpath","value":"//bdi[contains(text(), \"Deactivate\")]"}
COMMAND: POST /session/b6c10327e85db8e4472cf13987b22354/element/f.76EFC1153EA5792FD1141D4CA15B46A2.d.33899E6A97F3BC062B6491AA7430C6EE.e.2198/click - {}
RESULT: {}
COMMAND: GET /session/b6c10327e85db8e4472cf13987b22354/screenshot - {}
RESULT: {}
COMMAND: POST /session/b6c10327e85db8e4472cf13987b22354/element - {"using":"xpath","value":"//bdi[contains(text(), \"Yes\")]"}
RESULT: {"using":"xpath","value":"//bdi[contains(text(), \"Yes\")]"}
COMMAND: POST /session/b6c10327e85db8e4472cf13987b22354/element/f.76EFC1153EA5792FD1141D4CA15B46A2.d.33899E6A97F3BC062B6491AA7430C6EE.e.2200/click - {}
RESULT: {}
COMMAND: GET /session/b6c10327e85db8e4472cf13987b22354/screenshot - {}
RESULT: {}
COMMAND: POST /session/b6c10327e85db8e4472cf13987b22354/element - {"using":"xpath","value":"//table[contains(@id, \"customPartnersTable-listUl\")]/tbody/tr[1]/td[7]/div/span"}
RESULT: {"using":"xpath","value":"//table[contains(@id, \"customPartnersTable-listUl\")]/tbody/tr[1]/td[7]/div/span"}
COMMAND: POST /session/b6c10327e85db8e4472cf13987b22354/execute/sync - {"script":"<script> [56 bytes]","args":[{"element-6066-11e4-a52e-4f735466cecf":"f.76EFC1153EA5792FD1141D4CA15B46A2.d.33899E6A97F3BC062B6491AA7430C6EE.e.2197","ELEMENT":"f.76EFC1153EA5792FD1141D4CA15B46A2.d.33899E6A97F3BC062B6491AA7430C6EE.e.2197"}]}
RESULT: {"script":"<script> [56 bytes]","args":[{"element-6066-11e4-a52e-4f735466cecf":"f.76EFC1153EA5792FD1141D4CA15B46A2.d.33899E6A97F3BC062B6491AA7430C6EE.e.2197","ELEMENT":"f.76EFC1153EA5792FD1141D4CA15B46A2.d.33899E6A97F3BC062B6491AA7430C6EE.e.2197"}]}
COMMAND: GET /session/b6c10327e85db8e4472cf13987b22354/screenshot - {}
RESULT: {}
COMMAND: POST /session/b6c10327e85db8e4472cf13987b22354/element - {"using":"css selector","value":"#shell-header-logo"}
RESULT: {"using":"css selector","value":"#shell-header-logo"}
COMMAND: POST /session/b6c10327e85db8e4472cf13987b22354/element/f.76EFC1153EA5792FD1141D4CA15B46A2.d.33899E6A97F3BC062B6491AA7430C6EE.e.2065/click - {}
RESULT: {}
COMMAND: GET /session/b6c10327e85db8e4472cf13987b22354/screenshot - {}
RESULT: {}
]]></system-out>
    </testcase>
    <testcase classname="chrome.137_0_7151_69.windows.Partner_specific_tests_US150819_US151080_US151654_US151176_US103444_US151078_US151079_US151109_US151174_US151175_US151189" name="Should activate the created partner again US151176" time="60.919">
      <system-out><![CDATA[
COMMAND: POST /session/b6c10327e85db8e4472cf13987b22354/element - {"using":"xpath","value":"//li[.//span[text()=\"Manage Partners\"]]"}
RESULT: {"using":"xpath","value":"//li[.//span[text()=\"Manage Partners\"]]"}
COMMAND: POST /session/b6c10327e85db8e4472cf13987b22354/element - {"using":"xpath","value":"//li[.//span[text()=\"Manage Partners\"]]"}
RESULT: {"using":"xpath","value":"//li[.//span[text()=\"Manage Partners\"]]"}
COMMAND: POST /session/b6c10327e85db8e4472cf13987b22354/element - {"using":"css selector","value":"#shell-header-logo"}
RESULT: {"using":"css selector","value":"#shell-header-logo"}
COMMAND: POST /session/b6c10327e85db8e4472cf13987b22354/element/f.76EFC1153EA5792FD1141D4CA15B46A2.d.33899E6A97F3BC062B6491AA7430C6EE.e.2204/click - {}
COMMAND: POST /session/b6c10327e85db8e4472cf13987b22354/execute/sync - {"script":"<script> [8489 bytes]","args":[{"element-6066-11e4-a52e-4f735466cecf":"f.76EFC1153EA5792FD1141D4CA15B46A2.d.33899E6A97F3BC062B6491AA7430C6EE.e.2204","ELEMENT":"f.76EFC1153EA5792FD1141D4CA15B46A2.d.33899E6A97F3BC062B6491AA7430C6EE.e.2204"}]}
RESULT: {}
COMMAND: GET /session/b6c10327e85db8e4472cf13987b22354/screenshot - {}
RESULT: {"script":"<script> [8489 bytes]","args":[{"element-6066-11e4-a52e-4f735466cecf":"f.76EFC1153EA5792FD1141D4CA15B46A2.d.33899E6A97F3BC062B6491AA7430C6EE.e.2204","ELEMENT":"f.76EFC1153EA5792FD1141D4CA15B46A2.d.33899E6A97F3BC062B6491AA7430C6EE.e.2204"}]}
COMMAND: POST /session/b6c10327e85db8e4472cf13987b22354/execute/sync - {"script":"<script> [5351 bytes]","args":[{"element-6066-11e4-a52e-4f735466cecf":"f.76EFC1153EA5792FD1141D4CA15B46A2.d.33899E6A97F3BC062B6491AA7430C6EE.e.2204","ELEMENT":"f.76EFC1153EA5792FD1141D4CA15B46A2.d.33899E6A97F3BC062B6491AA7430C6EE.e.2204"}]}
COMMAND: GET /session/b6c10327e85db8e4472cf13987b22354/screenshot - {}
RESULT: {}
RESULT: {"script":"<script> [5351 bytes]","args":[{"element-6066-11e4-a52e-4f735466cecf":"f.76EFC1153EA5792FD1141D4CA15B46A2.d.33899E6A97F3BC062B6491AA7430C6EE.e.2204","ELEMENT":"f.76EFC1153EA5792FD1141D4CA15B46A2.d.33899E6A97F3BC062B6491AA7430C6EE.e.2204"}]}
COMMAND: GET /session/b6c10327e85db8e4472cf13987b22354/screenshot - {}
RESULT: {}
RESULT: {}
RESULT: undefined
COMMAND: POST /session/b6c10327e85db8e4472cf13987b22354/element - {"using":"xpath","value":"//*[@id=\"__tile39\"]"}
RESULT: {"using":"xpath","value":"//*[@id=\"__tile39\"]"}
COMMAND: POST /session/b6c10327e85db8e4472cf13987b22354/element/f.76EFC1153EA5792FD1141D4CA15B46A2.d.33899E6A97F3BC062B6491AA7430C6EE.e.154/click - {}
RESULT: {}
COMMAND: GET /session/b6c10327e85db8e4472cf13987b22354/screenshot - {}
RESULT: {}
COMMAND: POST /session/b6c10327e85db8e4472cf13987b22354/elements - {"using":"xpath","value":"//span[text()='Error']"}
RESULT: {"using":"xpath","value":"//span[text()='Error']"}
COMMAND: POST /session/b6c10327e85db8e4472cf13987b22354/element - {"using":"xpath","value":"//button[@data-kt=\"addButton\"]"}
RESULT: {"using":"xpath","value":"//button[@data-kt=\"addButton\"]"}
COMMAND: POST /session/b6c10327e85db8e4472cf13987b22354/elements - {"using":"xpath","value":"//button[@data-kt=\"addButton\"]"}
RESULT: {"using":"xpath","value":"//button[@data-kt=\"addButton\"]"}
COMMAND: POST /session/b6c10327e85db8e4472cf13987b22354/execute/sync - {"script":"<script> [8489 bytes]","args":[{"element-6066-11e4-a52e-4f735466cecf":"f.76EFC1153EA5792FD1141D4CA15B46A2.d.33899E6A97F3BC062B6491AA7430C6EE.e.2250","ELEMENT":"f.76EFC1153EA5792FD1141D4CA15B46A2.d.33899E6A97F3BC062B6491AA7430C6EE.e.2250"}]}
RESULT: {"script":"<script> [8489 bytes]","args":[{"element-6066-11e4-a52e-4f735466cecf":"f.76EFC1153EA5792FD1141D4CA15B46A2.d.33899E6A97F3BC062B6491AA7430C6EE.e.2250","ELEMENT":"f.76EFC1153EA5792FD1141D4CA15B46A2.d.33899E6A97F3BC062B6491AA7430C6EE.e.2250"}]}
COMMAND: GET /session/b6c10327e85db8e4472cf13987b22354/element/f.76EFC1153EA5792FD1141D4CA15B46A2.d.33899E6A97F3BC062B6491AA7430C6EE.e.2250/enabled - {}
COMMAND: GET /session/b6c10327e85db8e4472cf13987b22354/screenshot - {}
RESULT: {}
COMMAND: POST /session/b6c10327e85db8e4472cf13987b22354/execute/sync - {"script":"<script> [8489 bytes]","args":[{"element-6066-11e4-a52e-4f735466cecf":"f.76EFC1153EA5792FD1141D4CA15B46A2.d.33899E6A97F3BC062B6491AA7430C6EE.e.2250","ELEMENT":"f.76EFC1153EA5792FD1141D4CA15B46A2.d.33899E6A97F3BC062B6491AA7430C6EE.e.2250"}]}
COMMAND: GET /session/b6c10327e85db8e4472cf13987b22354/screenshot - {}
RESULT: {}
RESULT: {"script":"<script> [8489 bytes]","args":[{"element-6066-11e4-a52e-4f735466cecf":"f.76EFC1153EA5792FD1141D4CA15B46A2.d.33899E6A97F3BC062B6491AA7430C6EE.e.2250","ELEMENT":"f.76EFC1153EA5792FD1141D4CA15B46A2.d.33899E6A97F3BC062B6491AA7430C6EE.e.2250"}]}
COMMAND: POST /session/b6c10327e85db8e4472cf13987b22354/execute/sync - {"script":"<script> [5351 bytes]","args":[{"element-6066-11e4-a52e-4f735466cecf":"f.76EFC1153EA5792FD1141D4CA15B46A2.d.33899E6A97F3BC062B6491AA7430C6EE.e.2250","ELEMENT":"f.76EFC1153EA5792FD1141D4CA15B46A2.d.33899E6A97F3BC062B6491AA7430C6EE.e.2250"}]}
COMMAND: GET /session/b6c10327e85db8e4472cf13987b22354/screenshot - {}
RESULT: {}
RESULT: {"script":"<script> [5351 bytes]","args":[{"element-6066-11e4-a52e-4f735466cecf":"f.76EFC1153EA5792FD1141D4CA15B46A2.d.33899E6A97F3BC062B6491AA7430C6EE.e.2250","ELEMENT":"f.76EFC1153EA5792FD1141D4CA15B46A2.d.33899E6A97F3BC062B6491AA7430C6EE.e.2250"}]}
COMMAND: GET /session/b6c10327e85db8e4472cf13987b22354/screenshot - {}
RESULT: {}
RESULT: {}
RESULT: undefined
COMMAND: POST /session/b6c10327e85db8e4472cf13987b22354/execute/async - {"script":"<script> [776 bytes]","args":[{"enterText":"1056","selector":{"id":"application-managepartners-display-component---masterPtm--smartFilterBar-btnBasicSearch","interaction":{"idSuffix":"I"}},"clearTextFirst":true,"interactionType":"ENTER_TEXT"}]}
RESULT: {"script":"<script> [776 bytes]","args":[{"enterText":"1056","selector":{"id":"application-managepartners-display-component---masterPtm--smartFilterBar-btnBasicSearch","interaction":{"idSuffix":"I"}},"clearTextFirst":true,"interactionType":"ENTER_TEXT"}]}
COMMAND: POST /session/b6c10327e85db8e4472cf13987b22354/actions - {"actions":[{"id":"action5","type":"key","parameters":{},"actions":[{"type":"keyDown","value":"î€‡"},{"type":"pause","duration":10},{"type":"keyUp","value":"î€‡"}]}]}
RESULT: {"actions":[{"id":"action5","type":"key","parameters":{},"actions":[{"type":"keyDown","value":"î€‡"},{"type":"pause","duration":10},{"type":"keyUp","value":"î€‡"}]}]}
COMMAND: GET /session/b6c10327e85db8e4472cf13987b22354/screenshot - {}
RESULT: {}
COMMAND: POST /session/b6c10327e85db8e4472cf13987b22354/elements - {"using":"xpath","value":"//table[contains(@id, \"customPartnersTable-listUl\")]/tbody/tr"}
RESULT: {"using":"xpath","value":"//table[contains(@id, \"customPartnersTable-listUl\")]/tbody/tr"}
COMMAND: POST /session/b6c10327e85db8e4472cf13987b22354/element - {"using":"xpath","value":"//table[contains(@id, \"customPartnersTable-listUl\")]/tbody/tr[1]/td[3]/span"}
RESULT: {"using":"xpath","value":"//table[contains(@id, \"customPartnersTable-listUl\")]/tbody/tr[1]/td[3]/span"}
COMMAND: POST /session/b6c10327e85db8e4472cf13987b22354/elements - {"using":"xpath","value":"//table[contains(@id, \"customPartnersTable-listUl\")]/tbody/tr[1]/td[3]/span"}
RESULT: {"using":"xpath","value":"//table[contains(@id, \"customPartnersTable-listUl\")]/tbody/tr[1]/td[3]/span"}
COMMAND: POST /session/b6c10327e85db8e4472cf13987b22354/execute/sync - {"script":"<script> [56 bytes]","args":[{"element-6066-11e4-a52e-4f735466cecf":"f.76EFC1153EA5792FD1141D4CA15B46A2.d.33899E6A97F3BC062B6491AA7430C6EE.e.2334","ELEMENT":"f.76EFC1153EA5792FD1141D4CA15B46A2.d.33899E6A97F3BC062B6491AA7430C6EE.e.2334"}]}
RESULT: {"script":"<script> [56 bytes]","args":[{"element-6066-11e4-a52e-4f735466cecf":"f.76EFC1153EA5792FD1141D4CA15B46A2.d.33899E6A97F3BC062B6491AA7430C6EE.e.2334","ELEMENT":"f.76EFC1153EA5792FD1141D4CA15B46A2.d.33899E6A97F3BC062B6491AA7430C6EE.e.2334"}]}
COMMAND: POST /session/b6c10327e85db8e4472cf13987b22354/element - {"using":"xpath","value":"//table[contains(@id, \"customPartnersTable-listUl\")]/tbody/tr[1]/td[7]/div/span"}
COMMAND: GET /session/b6c10327e85db8e4472cf13987b22354/screenshot - {}
RESULT: {"using":"xpath","value":"//table[contains(@id, \"customPartnersTable-listUl\")]/tbody/tr[1]/td[7]/div/span"}
COMMAND: POST /session/b6c10327e85db8e4472cf13987b22354/execute/sync - {"script":"<script> [56 bytes]","args":[{"element-6066-11e4-a52e-4f735466cecf":"f.76EFC1153EA5792FD1141D4CA15B46A2.d.33899E6A97F3BC062B6491AA7430C6EE.e.2335","ELEMENT":"f.76EFC1153EA5792FD1141D4CA15B46A2.d.33899E6A97F3BC062B6491AA7430C6EE.e.2335"}]}
RESULT: {}
RESULT: {"script":"<script> [56 bytes]","args":[{"element-6066-11e4-a52e-4f735466cecf":"f.76EFC1153EA5792FD1141D4CA15B46A2.d.33899E6A97F3BC062B6491AA7430C6EE.e.2335","ELEMENT":"f.76EFC1153EA5792FD1141D4CA15B46A2.d.33899E6A97F3BC062B6491AA7430C6EE.e.2335"}]}
COMMAND: POST /session/b6c10327e85db8e4472cf13987b22354/element - {"using":"xpath","value":"//table[contains(@id, \"customPartnersTable-listUl\")]/tbody/tr[1]/td[2]/div/div"}
COMMAND: GET /session/b6c10327e85db8e4472cf13987b22354/screenshot - {}
RESULT: {"using":"xpath","value":"//table[contains(@id, \"customPartnersTable-listUl\")]/tbody/tr[1]/td[2]/div/div"}
COMMAND: POST /session/b6c10327e85db8e4472cf13987b22354/element/f.76EFC1153EA5792FD1141D4CA15B46A2.d.33899E6A97F3BC062B6491AA7430C6EE.e.2327/click - {}
RESULT: {}
RESULT: {}
COMMAND: GET /session/b6c10327e85db8e4472cf13987b22354/screenshot - {}
RESULT: {}
COMMAND: POST /session/b6c10327e85db8e4472cf13987b22354/element - {"using":"xpath","value":"//bdi[contains(text(), \"Activate\")]"}
RESULT: {"using":"xpath","value":"//bdi[contains(text(), \"Activate\")]"}
COMMAND: POST /session/b6c10327e85db8e4472cf13987b22354/element/f.76EFC1153EA5792FD1141D4CA15B46A2.d.33899E6A97F3BC062B6491AA7430C6EE.e.2336/click - {}
RESULT: {}
COMMAND: GET /session/b6c10327e85db8e4472cf13987b22354/screenshot - {}
RESULT: {}
COMMAND: POST /session/b6c10327e85db8e4472cf13987b22354/element - {"using":"xpath","value":"//bdi[contains(text(), \"Yes\")]"}
RESULT: {"using":"xpath","value":"//bdi[contains(text(), \"Yes\")]"}
COMMAND: POST /session/b6c10327e85db8e4472cf13987b22354/element/f.76EFC1153EA5792FD1141D4CA15B46A2.d.33899E6A97F3BC062B6491AA7430C6EE.e.2338/click - {}
RESULT: {}
COMMAND: GET /session/b6c10327e85db8e4472cf13987b22354/screenshot - {}
RESULT: {}
COMMAND: POST /session/b6c10327e85db8e4472cf13987b22354/element - {"using":"xpath","value":"//table[contains(@id, \"customPartnersTable-listUl\")]/tbody/tr[1]/td[7]/div/span"}
RESULT: {"using":"xpath","value":"//table[contains(@id, \"customPartnersTable-listUl\")]/tbody/tr[1]/td[7]/div/span"}
COMMAND: POST /session/b6c10327e85db8e4472cf13987b22354/execute/sync - {"script":"<script> [56 bytes]","args":[{"element-6066-11e4-a52e-4f735466cecf":"f.76EFC1153EA5792FD1141D4CA15B46A2.d.33899E6A97F3BC062B6491AA7430C6EE.e.2335","ELEMENT":"f.76EFC1153EA5792FD1141D4CA15B46A2.d.33899E6A97F3BC062B6491AA7430C6EE.e.2335"}]}
RESULT: {"script":"<script> [56 bytes]","args":[{"element-6066-11e4-a52e-4f735466cecf":"f.76EFC1153EA5792FD1141D4CA15B46A2.d.33899E6A97F3BC062B6491AA7430C6EE.e.2335","ELEMENT":"f.76EFC1153EA5792FD1141D4CA15B46A2.d.33899E6A97F3BC062B6491AA7430C6EE.e.2335"}]}
COMMAND: GET /session/b6c10327e85db8e4472cf13987b22354/screenshot - {}
RESULT: {}
COMMAND: POST /session/b6c10327e85db8e4472cf13987b22354/element - {"using":"css selector","value":"#shell-header-logo"}
RESULT: {"using":"css selector","value":"#shell-header-logo"}
COMMAND: POST /session/b6c10327e85db8e4472cf13987b22354/element/f.76EFC1153EA5792FD1141D4CA15B46A2.d.33899E6A97F3BC062B6491AA7430C6EE.e.2204/click - {}
RESULT: {}
COMMAND: GET /session/b6c10327e85db8e4472cf13987b22354/screenshot - {}
RESULT: {}
]]></system-out>
    </testcase>
    <testcase classname="chrome.137_0_7151_69.windows.Partner_specific_tests_US150819_US151080_US151654_US151176_US103444_US151078_US151079_US151109_US151174_US151175_US151189" name="Should edit the created external partner and save it and check its content US103444" time="67.054">
      <system-out><![CDATA[
COMMAND: POST /session/b6c10327e85db8e4472cf13987b22354/element - {"using":"xpath","value":"//li[.//span[text()=\"Manage Partners\"]]"}
RESULT: {"using":"xpath","value":"//li[.//span[text()=\"Manage Partners\"]]"}
COMMAND: POST /session/b6c10327e85db8e4472cf13987b22354/element - {"using":"xpath","value":"//li[.//span[text()=\"Manage Partners\"]]"}
RESULT: {"using":"xpath","value":"//li[.//span[text()=\"Manage Partners\"]]"}
COMMAND: POST /session/b6c10327e85db8e4472cf13987b22354/element - {"using":"css selector","value":"#shell-header-logo"}
RESULT: {"using":"css selector","value":"#shell-header-logo"}
COMMAND: POST /session/b6c10327e85db8e4472cf13987b22354/element/f.76EFC1153EA5792FD1141D4CA15B46A2.d.33899E6A97F3BC062B6491AA7430C6EE.e.2342/click - {}
COMMAND: POST /session/b6c10327e85db8e4472cf13987b22354/execute/sync - {"script":"<script> [8489 bytes]","args":[{"element-6066-11e4-a52e-4f735466cecf":"f.76EFC1153EA5792FD1141D4CA15B46A2.d.33899E6A97F3BC062B6491AA7430C6EE.e.2342","ELEMENT":"f.76EFC1153EA5792FD1141D4CA15B46A2.d.33899E6A97F3BC062B6491AA7430C6EE.e.2342"}]}
RESULT: {}
COMMAND: GET /session/b6c10327e85db8e4472cf13987b22354/screenshot - {}
RESULT: {"script":"<script> [8489 bytes]","args":[{"element-6066-11e4-a52e-4f735466cecf":"f.76EFC1153EA5792FD1141D4CA15B46A2.d.33899E6A97F3BC062B6491AA7430C6EE.e.2342","ELEMENT":"f.76EFC1153EA5792FD1141D4CA15B46A2.d.33899E6A97F3BC062B6491AA7430C6EE.e.2342"}]}
COMMAND: POST /session/b6c10327e85db8e4472cf13987b22354/execute/sync - {"script":"<script> [5351 bytes]","args":[{"element-6066-11e4-a52e-4f735466cecf":"f.76EFC1153EA5792FD1141D4CA15B46A2.d.33899E6A97F3BC062B6491AA7430C6EE.e.2342","ELEMENT":"f.76EFC1153EA5792FD1141D4CA15B46A2.d.33899E6A97F3BC062B6491AA7430C6EE.e.2342"}]}
COMMAND: GET /session/b6c10327e85db8e4472cf13987b22354/screenshot - {}
RESULT: {}
RESULT: {"script":"<script> [5351 bytes]","args":[{"element-6066-11e4-a52e-4f735466cecf":"f.76EFC1153EA5792FD1141D4CA15B46A2.d.33899E6A97F3BC062B6491AA7430C6EE.e.2342","ELEMENT":"f.76EFC1153EA5792FD1141D4CA15B46A2.d.33899E6A97F3BC062B6491AA7430C6EE.e.2342"}]}
COMMAND: GET /session/b6c10327e85db8e4472cf13987b22354/screenshot - {}
RESULT: {}
RESULT: {}
RESULT: undefined
COMMAND: POST /session/b6c10327e85db8e4472cf13987b22354/element - {"using":"xpath","value":"//*[@id=\"__tile39\"]"}
RESULT: {"using":"xpath","value":"//*[@id=\"__tile39\"]"}
COMMAND: POST /session/b6c10327e85db8e4472cf13987b22354/element/f.76EFC1153EA5792FD1141D4CA15B46A2.d.33899E6A97F3BC062B6491AA7430C6EE.e.154/click - {}
RESULT: {}
COMMAND: GET /session/b6c10327e85db8e4472cf13987b22354/screenshot - {}
RESULT: {}
COMMAND: POST /session/b6c10327e85db8e4472cf13987b22354/elements - {"using":"xpath","value":"//span[text()='Error']"}
RESULT: {"using":"xpath","value":"//span[text()='Error']"}
COMMAND: POST /session/b6c10327e85db8e4472cf13987b22354/element - {"using":"xpath","value":"//button[@data-kt=\"addButton\"]"}
RESULT: {"using":"xpath","value":"//button[@data-kt=\"addButton\"]"}
COMMAND: POST /session/b6c10327e85db8e4472cf13987b22354/elements - {"using":"xpath","value":"//button[@data-kt=\"addButton\"]"}
RESULT: {"using":"xpath","value":"//button[@data-kt=\"addButton\"]"}
COMMAND: POST /session/b6c10327e85db8e4472cf13987b22354/execute/sync - {"script":"<script> [8489 bytes]","args":[{"element-6066-11e4-a52e-4f735466cecf":"f.76EFC1153EA5792FD1141D4CA15B46A2.d.33899E6A97F3BC062B6491AA7430C6EE.e.2387","ELEMENT":"f.76EFC1153EA5792FD1141D4CA15B46A2.d.33899E6A97F3BC062B6491AA7430C6EE.e.2387"}]}
RESULT: {"script":"<script> [8489 bytes]","args":[{"element-6066-11e4-a52e-4f735466cecf":"f.76EFC1153EA5792FD1141D4CA15B46A2.d.33899E6A97F3BC062B6491AA7430C6EE.e.2387","ELEMENT":"f.76EFC1153EA5792FD1141D4CA15B46A2.d.33899E6A97F3BC062B6491AA7430C6EE.e.2387"}]}
COMMAND: GET /session/b6c10327e85db8e4472cf13987b22354/element/f.76EFC1153EA5792FD1141D4CA15B46A2.d.33899E6A97F3BC062B6491AA7430C6EE.e.2387/enabled - {}
COMMAND: GET /session/b6c10327e85db8e4472cf13987b22354/screenshot - {}
RESULT: {}
COMMAND: POST /session/b6c10327e85db8e4472cf13987b22354/execute/sync - {"script":"<script> [8489 bytes]","args":[{"element-6066-11e4-a52e-4f735466cecf":"f.76EFC1153EA5792FD1141D4CA15B46A2.d.33899E6A97F3BC062B6491AA7430C6EE.e.2387","ELEMENT":"f.76EFC1153EA5792FD1141D4CA15B46A2.d.33899E6A97F3BC062B6491AA7430C6EE.e.2387"}]}
COMMAND: GET /session/b6c10327e85db8e4472cf13987b22354/screenshot - {}
RESULT: {}
RESULT: {"script":"<script> [8489 bytes]","args":[{"element-6066-11e4-a52e-4f735466cecf":"f.76EFC1153EA5792FD1141D4CA15B46A2.d.33899E6A97F3BC062B6491AA7430C6EE.e.2387","ELEMENT":"f.76EFC1153EA5792FD1141D4CA15B46A2.d.33899E6A97F3BC062B6491AA7430C6EE.e.2387"}]}
COMMAND: POST /session/b6c10327e85db8e4472cf13987b22354/execute/sync - {"script":"<script> [5351 bytes]","args":[{"element-6066-11e4-a52e-4f735466cecf":"f.76EFC1153EA5792FD1141D4CA15B46A2.d.33899E6A97F3BC062B6491AA7430C6EE.e.2387","ELEMENT":"f.76EFC1153EA5792FD1141D4CA15B46A2.d.33899E6A97F3BC062B6491AA7430C6EE.e.2387"}]}
COMMAND: GET /session/b6c10327e85db8e4472cf13987b22354/screenshot - {}
RESULT: {}
RESULT: {"script":"<script> [5351 bytes]","args":[{"element-6066-11e4-a52e-4f735466cecf":"f.76EFC1153EA5792FD1141D4CA15B46A2.d.33899E6A97F3BC062B6491AA7430C6EE.e.2387","ELEMENT":"f.76EFC1153EA5792FD1141D4CA15B46A2.d.33899E6A97F3BC062B6491AA7430C6EE.e.2387"}]}
COMMAND: GET /session/b6c10327e85db8e4472cf13987b22354/screenshot - {}
RESULT: {}
RESULT: {}
RESULT: undefined
COMMAND: POST /session/b6c10327e85db8e4472cf13987b22354/execute/async - {"script":"<script> [776 bytes]","args":[{"enterText":"1056","selector":{"id":"application-managepartners-display-component---masterPtm--smartFilterBar-btnBasicSearch","interaction":{"idSuffix":"I"}},"clearTextFirst":true,"interactionType":"ENTER_TEXT"}]}
RESULT: {"script":"<script> [776 bytes]","args":[{"enterText":"1056","selector":{"id":"application-managepartners-display-component---masterPtm--smartFilterBar-btnBasicSearch","interaction":{"idSuffix":"I"}},"clearTextFirst":true,"interactionType":"ENTER_TEXT"}]}
COMMAND: POST /session/b6c10327e85db8e4472cf13987b22354/actions - {"actions":[{"id":"action6","type":"key","parameters":{},"actions":[{"type":"keyDown","value":"î€‡"},{"type":"pause","duration":10},{"type":"keyUp","value":"î€‡"}]}]}
RESULT: {"actions":[{"id":"action6","type":"key","parameters":{},"actions":[{"type":"keyDown","value":"î€‡"},{"type":"pause","duration":10},{"type":"keyUp","value":"î€‡"}]}]}
COMMAND: GET /session/b6c10327e85db8e4472cf13987b22354/screenshot - {}
RESULT: {}
COMMAND: POST /session/b6c10327e85db8e4472cf13987b22354/elements - {"using":"xpath","value":"//table[contains(@id, \"customPartnersTable-listUl\")]/tbody/tr"}
RESULT: {"using":"xpath","value":"//table[contains(@id, \"customPartnersTable-listUl\")]/tbody/tr"}
COMMAND: POST /session/b6c10327e85db8e4472cf13987b22354/element - {"using":"xpath","value":"//table[contains(@id, \"customPartnersTable-listUl\")]/tbody/tr[1]/td[3]/span"}
RESULT: {"using":"xpath","value":"//table[contains(@id, \"customPartnersTable-listUl\")]/tbody/tr[1]/td[3]/span"}
COMMAND: POST /session/b6c10327e85db8e4472cf13987b22354/elements - {"using":"xpath","value":"//table[contains(@id, \"customPartnersTable-listUl\")]/tbody/tr[1]/td[3]/span"}
RESULT: {"using":"xpath","value":"//table[contains(@id, \"customPartnersTable-listUl\")]/tbody/tr[1]/td[3]/span"}
COMMAND: POST /session/b6c10327e85db8e4472cf13987b22354/execute/sync - {"script":"<script> [56 bytes]","args":[{"element-6066-11e4-a52e-4f735466cecf":"f.76EFC1153EA5792FD1141D4CA15B46A2.d.33899E6A97F3BC062B6491AA7430C6EE.e.2473","ELEMENT":"f.76EFC1153EA5792FD1141D4CA15B46A2.d.33899E6A97F3BC062B6491AA7430C6EE.e.2473"}]}
RESULT: {"script":"<script> [56 bytes]","args":[{"element-6066-11e4-a52e-4f735466cecf":"f.76EFC1153EA5792FD1141D4CA15B46A2.d.33899E6A97F3BC062B6491AA7430C6EE.e.2473","ELEMENT":"f.76EFC1153EA5792FD1141D4CA15B46A2.d.33899E6A97F3BC062B6491AA7430C6EE.e.2473"}]}
COMMAND: POST /session/b6c10327e85db8e4472cf13987b22354/element - {"using":"xpath","value":"(//span[contains(@id, \"imgNav\")])[1]"}
COMMAND: GET /session/b6c10327e85db8e4472cf13987b22354/screenshot - {}
RESULT: {"using":"xpath","value":"(//span[contains(@id, \"imgNav\")])[1]"}
COMMAND: POST /session/b6c10327e85db8e4472cf13987b22354/element/f.76EFC1153EA5792FD1141D4CA15B46A2.d.33899E6A97F3BC062B6491AA7430C6EE.e.2472/click - {}
RESULT: {}
RESULT: {}
COMMAND: GET /session/b6c10327e85db8e4472cf13987b22354/screenshot - {}
RESULT: {}
COMMAND: POST /session/b6c10327e85db8e4472cf13987b22354/element - {"using":"xpath","value":"//bdi[contains(text(), \"Edit\")]"}
RESULT: {"using":"xpath","value":"//bdi[contains(text(), \"Edit\")]"}
COMMAND: POST /session/b6c10327e85db8e4472cf13987b22354/element/f.76EFC1153EA5792FD1141D4CA15B46A2.d.33899E6A97F3BC062B6491AA7430C6EE.e.2614/click - {}
RESULT: {}
COMMAND: GET /session/b6c10327e85db8e4472cf13987b22354/screenshot - {}
RESULT: {}
COMMAND: POST /session/b6c10327e85db8e4472cf13987b22354/execute/async - {"script":"<script> [1562 bytes]","args":[{"selector":{"controlType":"sap.m.Input","viewName":"etm.portal.ui.managepartners.view.EditDetail","labelFor":{"text":"Name"},"interaction":{"idSuffix":"inner"}},"wdio_ui5_key":"etmportal.ui.managepartners.view.EditDetailsap.m.Input{\"text\":\"Name\"}"}]}
RESULT: {"script":"<script> [1562 bytes]","args":[{"selector":{"controlType":"sap.m.Input","viewName":"etm.portal.ui.managepartners.view.EditDetail","labelFor":{"text":"Name"},"interaction":{"idSuffix":"inner"}},"wdio_ui5_key":"etmportal.ui.managepartners.view.EditDetailsap.m.Input{\"text\":\"Name\"}"}]}
RESULT: undefined
COMMAND: POST /session/b6c10327e85db8e4472cf13987b22354/execute/async - {"script":"<script> [776 bytes]","args":[{"enterText":"External EDIT","selector":{"controlType":"sap.m.Input","viewName":"etm.portal.ui.managepartners.view.EditDetail","labelFor":{"text":"Name"},"interaction":{"idSuffix":"inner"}},"clearTextFirst":true,"interactionType":"ENTER_TEXT"}]}
RESULT: {"script":"<script> [776 bytes]","args":[{"enterText":"External EDIT","selector":{"controlType":"sap.m.Input","viewName":"etm.portal.ui.managepartners.view.EditDetail","labelFor":{"text":"Name"},"interaction":{"idSuffix":"inner"}},"clearTextFirst":true,"interactionType":"ENTER_TEXT"}]}
COMMAND: POST /session/b6c10327e85db8e4472cf13987b22354/element - {"using":"xpath","value":"(//span[contains(@id,\"addressDetailDetailsLanguage-arrow\")])[1]"}
RESULT: {"using":"xpath","value":"(//span[contains(@id,\"addressDetailDetailsLanguage-arrow\")])[1]"}
COMMAND: POST /session/b6c10327e85db8e4472cf13987b22354/element/f.76EFC1153EA5792FD1141D4CA15B46A2.d.33899E6A97F3BC062B6491AA7430C6EE.e.2691/click - {}
RESULT: {}
COMMAND: POST /session/b6c10327e85db8e4472cf13987b22354/element - {"using":"xpath","value":"//span[contains(text(), \"Chinese\")]"}
COMMAND: GET /session/b6c10327e85db8e4472cf13987b22354/screenshot - {}
RESULT: {"using":"xpath","value":"//span[contains(text(), \"Chinese\")]"}
COMMAND: POST /session/b6c10327e85db8e4472cf13987b22354/element/f.76EFC1153EA5792FD1141D4CA15B46A2.d.33899E6A97F3BC062B6491AA7430C6EE.e.2692/click - {}
RESULT: {}
RESULT: {}
COMMAND: GET /session/b6c10327e85db8e4472cf13987b22354/screenshot - {}
RESULT: {}
COMMAND: POST /session/b6c10327e85db8e4472cf13987b22354/execute/async - {"script":"<script> [1562 bytes]","args":[{"selector":{"controlType":"sap.m.Input","viewName":"etm.portal.ui.managepartners.view.EditDetail","labelFor":{"text":"City"},"interaction":{"idSuffix":"inner"}},"wdio_ui5_key":"etmportal.ui.managepartners.view.EditDetailsap.m.Input{\"text\":\"City\"}"}]}
RESULT: {"script":"<script> [1562 bytes]","args":[{"selector":{"controlType":"sap.m.Input","viewName":"etm.portal.ui.managepartners.view.EditDetail","labelFor":{"text":"City"},"interaction":{"idSuffix":"inner"}},"wdio_ui5_key":"etmportal.ui.managepartners.view.EditDetailsap.m.Input{\"text\":\"City\"}"}]}
RESULT: undefined
COMMAND: POST /session/b6c10327e85db8e4472cf13987b22354/execute/async - {"script":"<script> [776 bytes]","args":[{"enterText":"Clooj-Napoca","selector":{"controlType":"sap.m.Input","viewName":"etm.portal.ui.managepartners.view.EditDetail","labelFor":{"text":"City"},"interaction":{"idSuffix":"inner"}},"clearTextFirst":true,"interactionType":"ENTER_TEXT"}]}
RESULT: {"script":"<script> [776 bytes]","args":[{"enterText":"Clooj-Napoca","selector":{"controlType":"sap.m.Input","viewName":"etm.portal.ui.managepartners.view.EditDetail","labelFor":{"text":"City"},"interaction":{"idSuffix":"inner"}},"clearTextFirst":true,"interactionType":"ENTER_TEXT"}]}
COMMAND: POST /session/b6c10327e85db8e4472cf13987b22354/element - {"using":"xpath","value":"//button[@data-kt=\"saveButton\"]"}
RESULT: {"using":"xpath","value":"//button[@data-kt=\"saveButton\"]"}
COMMAND: POST /session/b6c10327e85db8e4472cf13987b22354/element/f.76EFC1153EA5792FD1141D4CA15B46A2.d.33899E6A97F3BC062B6491AA7430C6EE.e.2677/click - {}
RESULT: {}
COMMAND: GET /session/b6c10327e85db8e4472cf13987b22354/screenshot - {}
RESULT: {}
COMMAND: POST /session/b6c10327e85db8e4472cf13987b22354/execute/async - {"script":"<script> [1562 bytes]","args":[{"selector":{"id":"application-managepartners-display-component---detailPtm--addressDetailDetailsName1"},"wdio_ui5_key":"applicationmanagepartners-display-component---detailPtm--addressDetailDetailsName1"}]}
RESULT: {"script":"<script> [1562 bytes]","args":[{"selector":{"id":"application-managepartners-display-component---detailPtm--addressDetailDetailsName1"},"wdio_ui5_key":"applicationmanagepartners-display-component---detailPtm--addressDetailDetailsName1"}]}
RESULT: undefined
COMMAND: POST /session/b6c10327e85db8e4472cf13987b22354/execute/async - {"script":"<script> [6424 bytes]","args":[{"element-6066-11e4-a52e-4f735466cecf":"f.76EFC1153EA5792FD1141D4CA15B46A2.d.33899E6A97F3BC062B6491AA7430C6EE.e.2723"},"getValue",[]]}
RESULT: {"script":"<script> [6424 bytes]","args":[{"element-6066-11e4-a52e-4f735466cecf":"f.76EFC1153EA5792FD1141D4CA15B46A2.d.33899E6A97F3BC062B6491AA7430C6EE.e.2723"},"getValue",[]]}
COMMAND: POST /session/b6c10327e85db8e4472cf13987b22354/element - {"using":"xpath","value":"//input[@id = \"application-managepartners-display-component---detailPtm--addressDetailDetailsLanguage-inner\"]"}
RESULT: {"using":"xpath","value":"//input[@id = \"application-managepartners-display-component---detailPtm--addressDetailDetailsLanguage-inner\"]"}
COMMAND: GET /session/b6c10327e85db8e4472cf13987b22354/element/f.76EFC1153EA5792FD1141D4CA15B46A2.d.33899E6A97F3BC062B6491AA7430C6EE.e.2724/property/value - {}
RESULT: {}
COMMAND: POST /session/b6c10327e85db8e4472cf13987b22354/execute/async - {"script":"<script> [1562 bytes]","args":[{"selector":{"id":"application-managepartners-display-component---detailPtm--addressDetailDetailsCity1"},"wdio_ui5_key":"applicationmanagepartners-display-component---detailPtm--addressDetailDetailsCity1"}]}
COMMAND: GET /session/b6c10327e85db8e4472cf13987b22354/screenshot - {}
RESULT: {"script":"<script> [1562 bytes]","args":[{"selector":{"id":"application-managepartners-display-component---detailPtm--addressDetailDetailsCity1"},"wdio_ui5_key":"applicationmanagepartners-display-component---detailPtm--addressDetailDetailsCity1"}]}
RESULT: undefined
COMMAND: POST /session/b6c10327e85db8e4472cf13987b22354/execute/async - {"script":"<script> [6424 bytes]","args":[{"element-6066-11e4-a52e-4f735466cecf":"f.76EFC1153EA5792FD1141D4CA15B46A2.d.33899E6A97F3BC062B6491AA7430C6EE.e.2725"},"getValue",[]]}
RESULT: {}
RESULT: {"script":"<script> [6424 bytes]","args":[{"element-6066-11e4-a52e-4f735466cecf":"f.76EFC1153EA5792FD1141D4CA15B46A2.d.33899E6A97F3BC062B6491AA7430C6EE.e.2725"},"getValue",[]]}
COMMAND: POST /session/b6c10327e85db8e4472cf13987b22354/element - {"using":"css selector","value":"#shell-header-logo"}
RESULT: {"using":"css selector","value":"#shell-header-logo"}
COMMAND: POST /session/b6c10327e85db8e4472cf13987b22354/element/f.76EFC1153EA5792FD1141D4CA15B46A2.d.33899E6A97F3BC062B6491AA7430C6EE.e.2342/click - {}
RESULT: {}
COMMAND: GET /session/b6c10327e85db8e4472cf13987b22354/screenshot - {}
RESULT: {}
]]></system-out>
    </testcase>
    <testcase classname="chrome.137_0_7151_69.windows.Partner_specific_tests_US150819_US151080_US151654_US151176_US103444_US151078_US151079_US151109_US151174_US151175_US151189" name="Should create a new intercompany partner edit some of its fields US151078" time="255.205">
      <system-out><![CDATA[
COMMAND: POST /session/b6c10327e85db8e4472cf13987b22354/element - {"using":"xpath","value":"//li[.//span[text()=\"Manage Partners\"]]"}
RESULT: {"using":"xpath","value":"//li[.//span[text()=\"Manage Partners\"]]"}
COMMAND: POST /session/b6c10327e85db8e4472cf13987b22354/element - {"using":"xpath","value":"//li[.//span[text()=\"Manage Partners\"]]"}
RESULT: {"using":"xpath","value":"//li[.//span[text()=\"Manage Partners\"]]"}
COMMAND: POST /session/b6c10327e85db8e4472cf13987b22354/element - {"using":"css selector","value":"#shell-header-logo"}
RESULT: {"using":"css selector","value":"#shell-header-logo"}
COMMAND: POST /session/b6c10327e85db8e4472cf13987b22354/element/f.76EFC1153EA5792FD1141D4CA15B46A2.d.33899E6A97F3BC062B6491AA7430C6EE.e.2755/click - {}
COMMAND: POST /session/b6c10327e85db8e4472cf13987b22354/execute/sync - {"script":"<script> [8489 bytes]","args":[{"element-6066-11e4-a52e-4f735466cecf":"f.76EFC1153EA5792FD1141D4CA15B46A2.d.33899E6A97F3BC062B6491AA7430C6EE.e.2755","ELEMENT":"f.76EFC1153EA5792FD1141D4CA15B46A2.d.33899E6A97F3BC062B6491AA7430C6EE.e.2755"}]}
RESULT: {"script":"<script> [8489 bytes]","args":[{"element-6066-11e4-a52e-4f735466cecf":"f.76EFC1153EA5792FD1141D4CA15B46A2.d.33899E6A97F3BC062B6491AA7430C6EE.e.2755","ELEMENT":"f.76EFC1153EA5792FD1141D4CA15B46A2.d.33899E6A97F3BC062B6491AA7430C6EE.e.2755"}]}
COMMAND: POST /session/b6c10327e85db8e4472cf13987b22354/execute/sync - {"script":"<script> [5351 bytes]","args":[{"element-6066-11e4-a52e-4f735466cecf":"f.76EFC1153EA5792FD1141D4CA15B46A2.d.33899E6A97F3BC062B6491AA7430C6EE.e.2755","ELEMENT":"f.76EFC1153EA5792FD1141D4CA15B46A2.d.33899E6A97F3BC062B6491AA7430C6EE.e.2755"}]}
COMMAND: GET /session/b6c10327e85db8e4472cf13987b22354/screenshot - {}
RESULT: {}
COMMAND: GET /session/b6c10327e85db8e4472cf13987b22354/screenshot - {}
RESULT: {"script":"<script> [5351 bytes]","args":[{"element-6066-11e4-a52e-4f735466cecf":"f.76EFC1153EA5792FD1141D4CA15B46A2.d.33899E6A97F3BC062B6491AA7430C6EE.e.2755","ELEMENT":"f.76EFC1153EA5792FD1141D4CA15B46A2.d.33899E6A97F3BC062B6491AA7430C6EE.e.2755"}]}
COMMAND: GET /session/b6c10327e85db8e4472cf13987b22354/screenshot - {}
RESULT: {}
RESULT: {}
RESULT: {}
COMMAND: POST /session/b6c10327e85db8e4472cf13987b22354/refresh - {}
RESULT: {}
COMMAND: GET /session/b6c10327e85db8e4472cf13987b22354/screenshot - {}
RESULT: {}
COMMAND: POST /session/b6c10327e85db8e4472cf13987b22354/refresh - {}
RESULT: {}
COMMAND: GET /session/b6c10327e85db8e4472cf13987b22354/screenshot - {}
RESULT: {}
COMMAND: POST /session/b6c10327e85db8e4472cf13987b22354/window/fullscreen - {}
RESULT: {}
COMMAND: POST /session/b6c10327e85db8e4472cf13987b22354/execute/async - {"script":"<script> [189 bytes]","args":[]}
RESULT: {"script":"<script> [189 bytes]","args":[]}
COMMAND: POST /session/b6c10327e85db8e4472cf13987b22354/execute/async - {"script":"<script> [123 bytes]","args":[]}
RESULT: {"script":"<script> [123 bytes]","args":[]}
COMMAND: POST /session/b6c10327e85db8e4472cf13987b22354/timeouts - {"script":"<number>"}
RESULT: {"script":"<number>"}
COMMAND: GET /session/b6c10327e85db8e4472cf13987b22354/timeouts - {}
RESULT: {}
RESULT: undefined
COMMAND: POST /session/b6c10327e85db8e4472cf13987b22354/execute/async - {"script":"<script> [2676 bytes]","args":[]}
RESULT: {"script":"<script> [2676 bytes]","args":[]}
COMMAND: POST /session/b6c10327e85db8e4472cf13987b22354/execute/async - {"script":"<script> [2342 bytes]","args":[{"protocol":"http","hostname":"0.0.0.0","path":"/","capabilities":{"browserName":"chrome","goog:chromeOptions":{"binary":"C:\\Program Files\\Google\\Chrome\\Application\\chrome.exe","args":["--start-maximized"]}},"logLevel":"warn","connectionRetryTimeout":120000,"connectionRetryCount":3,"logLevels":{},"enableDirectConnect":true,"strictSSL":true,"_":"65 more keys: [\"cacheDir\",\"port\",\"requestedCapabilities\",\"automationProtocol\",\"baseUrl\",\"waitforInterval\",\"waitforTimeout\",\"onReload\",\"beforeCommand\",\"afterCommand\",\"rootDir\",\"specs\",\"suites\",\"exclude\",\"groupLogsByTestSpec\",\"excludeDriverLogs\",\"bail\",\"framework\",\"reporters\",\"services\",\"maxInstances\",\"maxInstancesPerCapability\",\"injectGlobals\",\"filesToWatch\",\"execArgv\",\"runnerEnv\",\"runner\",\"shard\",\"specFileRetries\",\"specFileRetriesDelay\",\"specFileRetriesDeferred\",\"reporterSyncInterval\",\"reporterSyncTimeout\",\"cucumberFeaturesWithLineNumbers\",\"autoCompileOpts\",\"mochaOpts\",\"jasmineOpts\",\"cucumberOpts\",\"onPrepare\",\"onWorkerStart\",\"onWorkerEnd\",\"before\",\"beforeSession\",\"beforeSuite\",\"beforeHook\",\"beforeTest\",\"afterTest\",\"afterHook\",\"afterSuite\",\"afterSession\",\"after\",\"onComplete\",\"beforeAssertion\",\"afterAssertion\",\"beforeFeature\",\"beforeScenario\",\"beforeStep\",\"afterStep\",\"afterScenario\",\"afterFeature\",\"_\",\"suite\",\"$0\",\"ignoredWorkerServices\",\"wdi5\"]"}]}
RESULT: {"script":"<script> [2342 bytes]","args":[{"protocol":"http","hostname":"0.0.0.0","path":"/","capabilities":{"browserName":"chrome","goog:chromeOptions":{"binary":"C:\\Program Files\\Google\\Chrome\\Application\\chrome.exe","args":["--start-maximized"]}},"logLevel":"warn","connectionRetryTimeout":120000,"connectionRetryCount":3,"logLevels":{},"enableDirectConnect":true,"strictSSL":true,"_":"65 more keys: [\"cacheDir\",\"port\",\"requestedCapabilities\",\"automationProtocol\",\"baseUrl\",\"waitforInterval\",\"waitforTimeout\",\"onReload\",\"beforeCommand\",\"afterCommand\",\"rootDir\",\"specs\",\"suites\",\"exclude\",\"groupLogsByTestSpec\",\"excludeDriverLogs\",\"bail\",\"framework\",\"reporters\",\"services\",\"maxInstances\",\"maxInstancesPerCapability\",\"injectGlobals\",\"filesToWatch\",\"execArgv\",\"runnerEnv\",\"runner\",\"shard\",\"specFileRetries\",\"specFileRetriesDelay\",\"specFileRetriesDeferred\",\"reporterSyncInterval\",\"reporterSyncTimeout\",\"cucumberFeaturesWithLineNumbers\",\"autoCompileOpts\",\"mochaOpts\",\"jasmineOpts\",\"cucumberOpts\",\"onPrepare\",\"onWorkerStart\",\"onWorkerEnd\",\"before\",\"beforeSession\",\"beforeSuite\",\"beforeHook\",\"beforeTest\",\"afterTest\",\"afterHook\",\"afterSuite\",\"afterSession\",\"after\",\"onComplete\",\"beforeAssertion\",\"afterAssertion\",\"beforeFeature\",\"beforeScenario\",\"beforeStep\",\"afterStep\",\"afterScenario\",\"afterFeature\",\"_\",\"suite\",\"$0\",\"ignoredWorkerServices\",\"wdi5\"]"}]}
COMMAND: POST /session/b6c10327e85db8e4472cf13987b22354/execute/async - {"script":"<script> [21126 bytes]","args":[35000]}
RESULT: {"script":"<script> [21126 bytes]","args":[35000]}
COMMAND: POST /session/b6c10327e85db8e4472cf13987b22354/window/fullscreen - {}
RESULT: {}
COMMAND: POST /session/b6c10327e85db8e4472cf13987b22354/window/fullscreen - {}
RESULT: {}
COMMAND: POST /session/b6c10327e85db8e4472cf13987b22354/execute/async - {"script":"<script> [1562 bytes]","args":[{"selector":{"controlType":"sap.m.GenericTile","properties":{"header":"Manage Partners"}},"wdio_ui5_key":"sapm.GenericTile{\"header\":\"Manage Partners\"}"}]}
RESULT: {"script":"<script> [1562 bytes]","args":[{"selector":{"controlType":"sap.m.GenericTile","properties":{"header":"Manage Partners"}},"wdio_ui5_key":"sapm.GenericTile{\"header\":\"Manage Partners\"}"}]}
RESULT: undefined
COMMAND: POST /session/b6c10327e85db8e4472cf13987b22354/element - {"using":"xpath","value":"//*[@id=\"__tile31\"]"}
RESULT: {"using":"xpath","value":"//*[@id=\"__tile31\"]"}
COMMAND: POST /session/b6c10327e85db8e4472cf13987b22354/element/f.76EFC1153EA5792FD1141D4CA15B46A2.d.9E4A55F6F5057A881033C0A9ED20C55C.e.2823/click - {}
RESULT: {}
COMMAND: GET /session/b6c10327e85db8e4472cf13987b22354/screenshot - {}
RESULT: {}
COMMAND: POST /session/b6c10327e85db8e4472cf13987b22354/elements - {"using":"xpath","value":"//span[text()='Error']"}
RESULT: {"using":"xpath","value":"//span[text()='Error']"}
COMMAND: POST /session/b6c10327e85db8e4472cf13987b22354/element - {"using":"xpath","value":"//button[@data-kt=\"addButton\"]"}
RESULT: {"using":"xpath","value":"//button[@data-kt=\"addButton\"]"}
COMMAND: POST /session/b6c10327e85db8e4472cf13987b22354/elements - {"using":"xpath","value":"//button[@data-kt=\"addButton\"]"}
RESULT: {"using":"xpath","value":"//button[@data-kt=\"addButton\"]"}
COMMAND: POST /session/b6c10327e85db8e4472cf13987b22354/execute/sync - {"script":"<script> [8489 bytes]","args":[{"element-6066-11e4-a52e-4f735466cecf":"f.76EFC1153EA5792FD1141D4CA15B46A2.d.9E4A55F6F5057A881033C0A9ED20C55C.e.2952","ELEMENT":"f.76EFC1153EA5792FD1141D4CA15B46A2.d.9E4A55F6F5057A881033C0A9ED20C55C.e.2952"}]}
RESULT: {"script":"<script> [8489 bytes]","args":[{"element-6066-11e4-a52e-4f735466cecf":"f.76EFC1153EA5792FD1141D4CA15B46A2.d.9E4A55F6F5057A881033C0A9ED20C55C.e.2952","ELEMENT":"f.76EFC1153EA5792FD1141D4CA15B46A2.d.9E4A55F6F5057A881033C0A9ED20C55C.e.2952"}]}
COMMAND: GET /session/b6c10327e85db8e4472cf13987b22354/element/f.76EFC1153EA5792FD1141D4CA15B46A2.d.9E4A55F6F5057A881033C0A9ED20C55C.e.2952/enabled - {}
COMMAND: GET /session/b6c10327e85db8e4472cf13987b22354/screenshot - {}
RESULT: {}
COMMAND: POST /session/b6c10327e85db8e4472cf13987b22354/execute/sync - {"script":"<script> [8489 bytes]","args":[{"element-6066-11e4-a52e-4f735466cecf":"f.76EFC1153EA5792FD1141D4CA15B46A2.d.9E4A55F6F5057A881033C0A9ED20C55C.e.2952","ELEMENT":"f.76EFC1153EA5792FD1141D4CA15B46A2.d.9E4A55F6F5057A881033C0A9ED20C55C.e.2952"}]}
COMMAND: GET /session/b6c10327e85db8e4472cf13987b22354/screenshot - {}
RESULT: {}
RESULT: {"script":"<script> [8489 bytes]","args":[{"element-6066-11e4-a52e-4f735466cecf":"f.76EFC1153EA5792FD1141D4CA15B46A2.d.9E4A55F6F5057A881033C0A9ED20C55C.e.2952","ELEMENT":"f.76EFC1153EA5792FD1141D4CA15B46A2.d.9E4A55F6F5057A881033C0A9ED20C55C.e.2952"}]}
COMMAND: POST /session/b6c10327e85db8e4472cf13987b22354/execute/sync - {"script":"<script> [5351 bytes]","args":[{"element-6066-11e4-a52e-4f735466cecf":"f.76EFC1153EA5792FD1141D4CA15B46A2.d.9E4A55F6F5057A881033C0A9ED20C55C.e.2952","ELEMENT":"f.76EFC1153EA5792FD1141D4CA15B46A2.d.9E4A55F6F5057A881033C0A9ED20C55C.e.2952"}]}
COMMAND: GET /session/b6c10327e85db8e4472cf13987b22354/screenshot - {}
RESULT: {}
RESULT: {"script":"<script> [5351 bytes]","args":[{"element-6066-11e4-a52e-4f735466cecf":"f.76EFC1153EA5792FD1141D4CA15B46A2.d.9E4A55F6F5057A881033C0A9ED20C55C.e.2952","ELEMENT":"f.76EFC1153EA5792FD1141D4CA15B46A2.d.9E4A55F6F5057A881033C0A9ED20C55C.e.2952"}]}
COMMAND: POST /session/b6c10327e85db8e4472cf13987b22354/element/f.76EFC1153EA5792FD1141D4CA15B46A2.d.9E4A55F6F5057A881033C0A9ED20C55C.e.2952/click - {}
COMMAND: GET /session/b6c10327e85db8e4472cf13987b22354/screenshot - {}
RESULT: {}
RESULT: {}
COMMAND: GET /session/b6c10327e85db8e4472cf13987b22354/screenshot - {}
COMMAND: POST /session/b6c10327e85db8e4472cf13987b22354/execute/async - {"script":"<script> [1562 bytes]","args":[{"selector":{"id":"application-managepartners-display-component---NewPartner--addressDetailDetailsName1","interaction":{"idSuffix":"inner"}},"wdio_ui5_key":"applicationmanagepartners-display-component---NewPartner--addressDetailDetailsName1"}]}
RESULT: {}
RESULT: {}
RESULT: {"script":"<script> [1562 bytes]","args":[{"selector":{"id":"application-managepartners-display-component---NewPartner--addressDetailDetailsName1","interaction":{"idSuffix":"inner"}},"wdio_ui5_key":"applicationmanagepartners-display-component---NewPartner--addressDetailDetailsName1"}]}
RESULT: undefined
COMMAND: POST /session/b6c10327e85db8e4472cf13987b22354/execute/async - {"script":"<script> [776 bytes]","args":[{"enterText":"Intercompany Partner WDIO","selector":{"id":"application-managepartners-display-component---NewPartner--addressDetailDetailsName1","interaction":{"idSuffix":"inner"}},"clearTextFirst":true,"interactionType":"ENTER_TEXT"}]}
RESULT: {"script":"<script> [776 bytes]","args":[{"enterText":"Intercompany Partner WDIO","selector":{"id":"application-managepartners-display-component---NewPartner--addressDetailDetailsName1","interaction":{"idSuffix":"inner"}},"clearTextFirst":true,"interactionType":"ENTER_TEXT"}]}
COMMAND: POST /session/b6c10327e85db8e4472cf13987b22354/execute/async - {"script":"<script> [1562 bytes]","args":[{"selector":{"id":"application-managepartners-display-component---NewPartner--addressDetailDetailsLanguage-arrow"},"wdio_ui5_key":"applicationmanagepartners-display-component---NewPartner--addressDetailDetailsLanguage-arrow"}]}
RESULT: {"script":"<script> [1562 bytes]","args":[{"selector":{"id":"application-managepartners-display-component---NewPartner--addressDetailDetailsLanguage-arrow"},"wdio_ui5_key":"applicationmanagepartners-display-component---NewPartner--addressDetailDetailsLanguage-arrow"}]}
RESULT: undefined
COMMAND: POST /session/b6c10327e85db8e4472cf13987b22354/element - {"using":"xpath","value":"//*[@id=\"application-managepartners-display-component---NewPartner--addressDetailDetailsLanguage-arrow\"]"}
RESULT: {"using":"xpath","value":"//*[@id=\"application-managepartners-display-component---NewPartner--addressDetailDetailsLanguage-arrow\"]"}
COMMAND: POST /session/b6c10327e85db8e4472cf13987b22354/element/f.76EFC1153EA5792FD1141D4CA15B46A2.d.9E4A55F6F5057A881033C0A9ED20C55C.e.3293/click - {}
RESULT: {}
COMMAND: POST /session/b6c10327e85db8e4472cf13987b22354/element - {"using":"xpath","value":"//span[contains(text(), \"English\")]"}
COMMAND: GET /session/b6c10327e85db8e4472cf13987b22354/screenshot - {}
RESULT: {"using":"xpath","value":"//span[contains(text(), \"English\")]"}
COMMAND: POST /session/b6c10327e85db8e4472cf13987b22354/element/f.76EFC1153EA5792FD1141D4CA15B46A2.d.9E4A55F6F5057A881033C0A9ED20C55C.e.3294/click - {}
RESULT: {}
RESULT: {}
COMMAND: GET /session/b6c10327e85db8e4472cf13987b22354/screenshot - {}
RESULT: {}
COMMAND: POST /session/b6c10327e85db8e4472cf13987b22354/execute/async - {"script":"<script> [1562 bytes]","args":[{"selector":{"id":"application-managepartners-display-component---NewPartner--addressDetailDetailsCity1","interaction":{"idSuffix":"inner"}},"wdio_ui5_key":"applicationmanagepartners-display-component---NewPartner--addressDetailDetailsCity1"}]}
RESULT: {"script":"<script> [1562 bytes]","args":[{"selector":{"id":"application-managepartners-display-component---NewPartner--addressDetailDetailsCity1","interaction":{"idSuffix":"inner"}},"wdio_ui5_key":"applicationmanagepartners-display-component---NewPartner--addressDetailDetailsCity1"}]}
RESULT: undefined
COMMAND: POST /session/b6c10327e85db8e4472cf13987b22354/execute/async - {"script":"<script> [776 bytes]","args":[{"enterText":"Rosario","selector":{"id":"application-managepartners-display-component---NewPartner--addressDetailDetailsCity1","interaction":{"idSuffix":"inner"}},"clearTextFirst":true,"interactionType":"ENTER_TEXT"}]}
RESULT: {"script":"<script> [776 bytes]","args":[{"enterText":"Rosario","selector":{"id":"application-managepartners-display-component---NewPartner--addressDetailDetailsCity1","interaction":{"idSuffix":"inner"}},"clearTextFirst":true,"interactionType":"ENTER_TEXT"}]}
COMMAND: POST /session/b6c10327e85db8e4472cf13987b22354/execute/async - {"script":"<script> [1562 bytes]","args":[{"selector":{"id":"application-managepartners-display-component---NewPartner--addressDetailDetailsCountry-arrow"},"wdio_ui5_key":"applicationmanagepartners-display-component---NewPartner--addressDetailDetailsCountry-arrow"}]}
RESULT: {"script":"<script> [1562 bytes]","args":[{"selector":{"id":"application-managepartners-display-component---NewPartner--addressDetailDetailsCountry-arrow"},"wdio_ui5_key":"applicationmanagepartners-display-component---NewPartner--addressDetailDetailsCountry-arrow"}]}
RESULT: undefined
COMMAND: POST /session/b6c10327e85db8e4472cf13987b22354/element - {"using":"xpath","value":"//*[@id=\"application-managepartners-display-component---NewPartner--addressDetailDetailsCountry-arrow\"]"}
RESULT: {"using":"xpath","value":"//*[@id=\"application-managepartners-display-component---NewPartner--addressDetailDetailsCountry-arrow\"]"}
COMMAND: POST /session/b6c10327e85db8e4472cf13987b22354/element/f.76EFC1153EA5792FD1141D4CA15B46A2.d.9E4A55F6F5057A881033C0A9ED20C55C.e.3280/click - {}
RESULT: {}
COMMAND: POST /session/b6c10327e85db8e4472cf13987b22354/element - {"using":"xpath","value":"//span[contains(text(), \"Argentina\")]"}
COMMAND: GET /session/b6c10327e85db8e4472cf13987b22354/screenshot - {}
RESULT: {"using":"xpath","value":"//span[contains(text(), \"Argentina\")]"}
COMMAND: POST /session/b6c10327e85db8e4472cf13987b22354/element/f.76EFC1153EA5792FD1141D4CA15B46A2.d.9E4A55F6F5057A881033C0A9ED20C55C.e.3296/click - {}
RESULT: {}
RESULT: {}
COMMAND: GET /session/b6c10327e85db8e4472cf13987b22354/screenshot - {}
RESULT: {}
COMMAND: POST /session/b6c10327e85db8e4472cf13987b22354/element - {"using":"xpath","value":"//bdi[contains(text(), \"Commercial\")]"}
RESULT: {"using":"xpath","value":"//bdi[contains(text(), \"Commercial\")]"}
COMMAND: POST /session/b6c10327e85db8e4472cf13987b22354/element/f.76EFC1153EA5792FD1141D4CA15B46A2.d.9E4A55F6F5057A881033C0A9ED20C55C.e.3297/click - {}
RESULT: {}
COMMAND: GET /session/b6c10327e85db8e4472cf13987b22354/screenshot - {}
RESULT: {}
COMMAND: POST /session/b6c10327e85db8e4472cf13987b22354/execute/async - {"script":"<script> [1562 bytes]","args":[{"selector":{"id":"application-managepartners-display-component---NewPartner--partnerDetailInternal-arrow"},"wdio_ui5_key":"applicationmanagepartners-display-component---NewPartner--partnerDetailInternal-arrow"}]}
RESULT: {"script":"<script> [1562 bytes]","args":[{"selector":{"id":"application-managepartners-display-component---NewPartner--partnerDetailInternal-arrow"},"wdio_ui5_key":"applicationmanagepartners-display-component---NewPartner--partnerDetailInternal-arrow"}]}
RESULT: undefined
COMMAND: POST /session/b6c10327e85db8e4472cf13987b22354/element - {"using":"xpath","value":"//*[@id=\"application-managepartners-display-component---NewPartner--partnerDetailInternal-arrow\"]"}
RESULT: {"using":"xpath","value":"//*[@id=\"application-managepartners-display-component---NewPartner--partnerDetailInternal-arrow\"]"}
COMMAND: POST /session/b6c10327e85db8e4472cf13987b22354/element/f.76EFC1153EA5792FD1141D4CA15B46A2.d.9E4A55F6F5057A881033C0A9ED20C55C.e.3303/click - {}
RESULT: {}
COMMAND: POST /session/b6c10327e85db8e4472cf13987b22354/element - {"using":"xpath","value":"//span[contains(text(), \"Affiliated company\")]"}
COMMAND: GET /session/b6c10327e85db8e4472cf13987b22354/screenshot - {}
RESULT: {"using":"xpath","value":"//span[contains(text(), \"Affiliated company\")]"}
COMMAND: POST /session/b6c10327e85db8e4472cf13987b22354/element/f.76EFC1153EA5792FD1141D4CA15B46A2.d.9E4A55F6F5057A881033C0A9ED20C55C.e.3306/click - {}
RESULT: {}
RESULT: {}
COMMAND: POST /session/b6c10327e85db8e4472cf13987b22354/execute/async - {"script":"<script> [1562 bytes]","args":[{"selector":{"id":"application-managepartners-display-component---NewPartner--partnerDetailsCurrency-arrow"},"wdio_ui5_key":"applicationmanagepartners-display-component---NewPartner--partnerDetailsCurrency-arrow"}]}
COMMAND: GET /session/b6c10327e85db8e4472cf13987b22354/screenshot - {}
RESULT: {"script":"<script> [1562 bytes]","args":[{"selector":{"id":"application-managepartners-display-component---NewPartner--partnerDetailsCurrency-arrow"},"wdio_ui5_key":"applicationmanagepartners-display-component---NewPartner--partnerDetailsCurrency-arrow"}]}
RESULT: undefined
COMMAND: POST /session/b6c10327e85db8e4472cf13987b22354/element - {"using":"xpath","value":"//*[@id=\"application-managepartners-display-component---NewPartner--partnerDetailsCurrency-arrow\"]"}
RESULT: {}
RESULT: {"using":"xpath","value":"//*[@id=\"application-managepartners-display-component---NewPartner--partnerDetailsCurrency-arrow\"]"}
COMMAND: POST /session/b6c10327e85db8e4472cf13987b22354/element/f.76EFC1153EA5792FD1141D4CA15B46A2.d.9E4A55F6F5057A881033C0A9ED20C55C.e.3313/click - {}
RESULT: {}
COMMAND: POST /session/b6c10327e85db8e4472cf13987b22354/element - {"using":"xpath","value":"//span[contains(text(), \"Euro\")]"}
COMMAND: GET /session/b6c10327e85db8e4472cf13987b22354/screenshot - {}
RESULT: {"using":"xpath","value":"//span[contains(text(), \"Euro\")]"}
COMMAND: POST /session/b6c10327e85db8e4472cf13987b22354/element/f.76EFC1153EA5792FD1141D4CA15B46A2.d.9E4A55F6F5057A881033C0A9ED20C55C.e.3314/click - {}
RESULT: {}
RESULT: {}
COMMAND: POST /session/b6c10327e85db8e4472cf13987b22354/execute/async - {"script":"<script> [1562 bytes]","args":[{"selector":{"id":"application-managepartners-display-component---NewPartner--addressEditDetailsCostObjectCstType-arrow"},"wdio_ui5_key":"applicationmanagepartners-display-component---NewPartner--addressEditDetailsCostObjectCstType-arrow"}]}
COMMAND: GET /session/b6c10327e85db8e4472cf13987b22354/screenshot - {}
RESULT: {"script":"<script> [1562 bytes]","args":[{"selector":{"id":"application-managepartners-display-component---NewPartner--addressEditDetailsCostObjectCstType-arrow"},"wdio_ui5_key":"applicationmanagepartners-display-component---NewPartner--addressEditDetailsCostObjectCstType-arrow"}]}
RESULT: undefined
COMMAND: POST /session/b6c10327e85db8e4472cf13987b22354/element - {"using":"xpath","value":"//*[@id=\"application-managepartners-display-component---NewPartner--addressEditDetailsCostObjectCstType-arrow\"]"}
RESULT: {}
RESULT: {"using":"xpath","value":"//*[@id=\"application-managepartners-display-component---NewPartner--addressEditDetailsCostObjectCstType-arrow\"]"}
COMMAND: POST /session/b6c10327e85db8e4472cf13987b22354/element/f.76EFC1153EA5792FD1141D4CA15B46A2.d.9E4A55F6F5057A881033C0A9ED20C55C.e.3315/click - {}
RESULT: {}
COMMAND: POST /session/b6c10327e85db8e4472cf13987b22354/element - {"using":"xpath","value":"//span[contains(text(), \"Cost Center\")]"}
COMMAND: GET /session/b6c10327e85db8e4472cf13987b22354/screenshot - {}
RESULT: {"using":"xpath","value":"//span[contains(text(), \"Cost Center\")]"}
COMMAND: POST /session/b6c10327e85db8e4472cf13987b22354/element/f.76EFC1153EA5792FD1141D4CA15B46A2.d.9E4A55F6F5057A881033C0A9ED20C55C.e.3316/click - {}
RESULT: {}
RESULT: {}
COMMAND: GET /session/b6c10327e85db8e4472cf13987b22354/screenshot - {}
RESULT: {}
COMMAND: POST /session/b6c10327e85db8e4472cf13987b22354/element - {"using":"xpath","value":"//span[@id=\"application-managepartners-display-component---NewPartner--addressNewCostObjectCstID-vhi\"]"}
RESULT: {"using":"xpath","value":"//span[@id=\"application-managepartners-display-component---NewPartner--addressNewCostObjectCstID-vhi\"]"}
COMMAND: POST /session/b6c10327e85db8e4472cf13987b22354/execute/sync - {"script":"<script> [8489 bytes]","args":[{"element-6066-11e4-a52e-4f735466cecf":"f.76EFC1153EA5792FD1141D4CA15B46A2.d.9E4A55F6F5057A881033C0A9ED20C55C.e.3320","ELEMENT":"f.76EFC1153EA5792FD1141D4CA15B46A2.d.9E4A55F6F5057A881033C0A9ED20C55C.e.3320"}]}
RESULT: {"script":"<script> [8489 bytes]","args":[{"element-6066-11e4-a52e-4f735466cecf":"f.76EFC1153EA5792FD1141D4CA15B46A2.d.9E4A55F6F5057A881033C0A9ED20C55C.e.3320","ELEMENT":"f.76EFC1153EA5792FD1141D4CA15B46A2.d.9E4A55F6F5057A881033C0A9ED20C55C.e.3320"}]}
COMMAND: POST /session/b6c10327e85db8e4472cf13987b22354/execute/async - {"script":"<script> [1562 bytes]","args":[{"selector":{"id":"application-managepartners-display-component---NewPartner--addressNewCostObjectCstID-vhi"},"wdio_ui5_key":"applicationmanagepartners-display-component---NewPartner--addressNewCostObjectCstID-vhi"}]}
COMMAND: GET /session/b6c10327e85db8e4472cf13987b22354/screenshot - {}
RESULT: {"script":"<script> [1562 bytes]","args":[{"selector":{"id":"application-managepartners-display-component---NewPartner--addressNewCostObjectCstID-vhi"},"wdio_ui5_key":"applicationmanagepartners-display-component---NewPartner--addressNewCostObjectCstID-vhi"}]}
RESULT: undefined
COMMAND: POST /session/b6c10327e85db8e4472cf13987b22354/element - {"using":"xpath","value":"//*[@id=\"application-managepartners-display-component---NewPartner--addressNewCostObjectCstID-vhi\"]"}
RESULT: {}
RESULT: {"using":"xpath","value":"//*[@id=\"application-managepartners-display-component---NewPartner--addressNewCostObjectCstID-vhi\"]"}
COMMAND: POST /session/b6c10327e85db8e4472cf13987b22354/element/f.76EFC1153EA5792FD1141D4CA15B46A2.d.9E4A55F6F5057A881033C0A9ED20C55C.e.3320/click - {}
RESULT: {}
COMMAND: GET /session/b6c10327e85db8e4472cf13987b22354/screenshot - {}
RESULT: {}
COMMAND: POST /session/b6c10327e85db8e4472cf13987b22354/execute/async - {"script":"<script> [1562 bytes]","args":[{"selector":{"controlType":"sap.m.SearchField","properties":{"placeholder":"Search"},"searchOpenDialogs":true,"interaction":{"idSuffix":"I"}},"wdio_ui5_key":"sapm.SearchField{\"placeholder\":\"Search\"}"}]}
RESULT: {"script":"<script> [1562 bytes]","args":[{"selector":{"controlType":"sap.m.SearchField","properties":{"placeholder":"Search"},"searchOpenDialogs":true,"interaction":{"idSuffix":"I"}},"wdio_ui5_key":"sapm.SearchField{\"placeholder\":\"Search\"}"}]}
RESULT: undefined
COMMAND: POST /session/b6c10327e85db8e4472cf13987b22354/execute/async - {"script":"<script> [776 bytes]","args":[{"enterText":"10001013","selector":{"controlType":"sap.m.SearchField","properties":{"placeholder":"Search"},"searchOpenDialogs":true,"interaction":{"idSuffix":"I"}},"clearTextFirst":true,"interactionType":"ENTER_TEXT"}]}
RESULT: {"script":"<script> [776 bytes]","args":[{"enterText":"10001013","selector":{"controlType":"sap.m.SearchField","properties":{"placeholder":"Search"},"searchOpenDialogs":true,"interaction":{"idSuffix":"I"}},"clearTextFirst":true,"interactionType":"ENTER_TEXT"}]}
COMMAND: POST /session/b6c10327e85db8e4472cf13987b22354/actions - {"actions":[{"id":"action7","type":"key","parameters":{},"actions":[{"type":"keyDown","value":"î€‡"},{"type":"pause","duration":10},{"type":"keyUp","value":"î€‡"}]}]}
RESULT: {"actions":[{"id":"action7","type":"key","parameters":{},"actions":[{"type":"keyDown","value":"î€‡"},{"type":"pause","duration":10},{"type":"keyUp","value":"î€‡"}]}]}
COMMAND: GET /session/b6c10327e85db8e4472cf13987b22354/screenshot - {}
RESULT: {}
COMMAND: POST /session/b6c10327e85db8e4472cf13987b22354/element - {"using":"xpath","value":"//span[contains(text(), \"General Management\")]"}
RESULT: {"using":"xpath","value":"//span[contains(text(), \"General Management\")]"}
COMMAND: POST /session/b6c10327e85db8e4472cf13987b22354/element/f.76EFC1153EA5792FD1141D4CA15B46A2.d.9E4A55F6F5057A881033C0A9ED20C55C.e.3362/click - {}
RESULT: {}
COMMAND: GET /session/b6c10327e85db8e4472cf13987b22354/screenshot - {}
RESULT: {}
COMMAND: POST /session/b6c10327e85db8e4472cf13987b22354/element - {"using":"xpath","value":"//bdi[contains(text(), \"OK\")]"}
RESULT: {"using":"xpath","value":"//bdi[contains(text(), \"OK\")]"}
COMMAND: POST /session/b6c10327e85db8e4472cf13987b22354/element/f.76EFC1153EA5792FD1141D4CA15B46A2.d.9E4A55F6F5057A881033C0A9ED20C55C.e.3363/click - {}
RESULT: {}
COMMAND: GET /session/b6c10327e85db8e4472cf13987b22354/screenshot - {}
RESULT: {}
COMMAND: POST /session/b6c10327e85db8e4472cf13987b22354/element - {"using":"xpath","value":"//input[@id=\"application-managepartners-display-component---NewPartner--companyCodeComboBox-inner\"]"}
RESULT: {"using":"xpath","value":"//input[@id=\"application-managepartners-display-component---NewPartner--companyCodeComboBox-inner\"]"}
COMMAND: POST /session/b6c10327e85db8e4472cf13987b22354/element/f.76EFC1153EA5792FD1141D4CA15B46A2.d.9E4A55F6F5057A881033C0A9ED20C55C.e.3148/clear - {}
RESULT: {}
COMMAND: POST /session/b6c10327e85db8e4472cf13987b22354/element/f.76EFC1153EA5792FD1141D4CA15B46A2.d.9E4A55F6F5057A881033C0A9ED20C55C.e.3148/value - {"text":"C002"}
COMMAND: GET /session/b6c10327e85db8e4472cf13987b22354/screenshot - {}
RESULT: {"text":"C002"}
COMMAND: GET /session/b6c10327e85db8e4472cf13987b22354/screenshot - {}
RESULT: {}
RESULT: {}
COMMAND: POST /session/b6c10327e85db8e4472cf13987b22354/element - {"using":"xpath","value":"//li[.//span[text()= \"C002\"]]"}
RESULT: {"using":"xpath","value":"//li[.//span[text()= \"C002\"]]"}
COMMAND: POST /session/b6c10327e85db8e4472cf13987b22354/element/f.76EFC1153EA5792FD1141D4CA15B46A2.d.9E4A55F6F5057A881033C0A9ED20C55C.e.3369/click - {}
RESULT: {}
COMMAND: GET /session/b6c10327e85db8e4472cf13987b22354/screenshot - {}
RESULT: {}
COMMAND: POST /session/b6c10327e85db8e4472cf13987b22354/execute/async - {"script":"<script> [1562 bytes]","args":[{"selector":{"id":"application-managepartners-display-component---NewPartner--btnAddTableRow-img"},"wdio_ui5_key":"applicationmanagepartners-display-component---NewPartner--btnAddTableRow-img"}]}
RESULT: {"script":"<script> [1562 bytes]","args":[{"selector":{"id":"application-managepartners-display-component---NewPartner--btnAddTableRow-img"},"wdio_ui5_key":"applicationmanagepartners-display-component---NewPartner--btnAddTableRow-img"}]}
RESULT: undefined
COMMAND: POST /session/b6c10327e85db8e4472cf13987b22354/element - {"using":"xpath","value":"//*[@id=\"application-managepartners-display-component---NewPartner--btnAddTableRow-img\"]"}
RESULT: {"using":"xpath","value":"//*[@id=\"application-managepartners-display-component---NewPartner--btnAddTableRow-img\"]"}
COMMAND: POST /session/b6c10327e85db8e4472cf13987b22354/element/f.76EFC1153EA5792FD1141D4CA15B46A2.d.9E4A55F6F5057A881033C0A9ED20C55C.e.3370/click - {}
RESULT: {}
COMMAND: GET /session/b6c10327e85db8e4472cf13987b22354/screenshot - {}
RESULT: {}
COMMAND: POST /session/b6c10327e85db8e4472cf13987b22354/element - {"using":"xpath","value":"//input[@id=\"application-managepartners-display-component---NewPartner--assignmentYard-application-managepartners-display-component---NewPartner--assignmentsTable-0-inner\"]"}
RESULT: {"using":"xpath","value":"//input[@id=\"application-managepartners-display-component---NewPartner--assignmentYard-application-managepartners-display-component---NewPartner--assignmentsTable-0-inner\"]"}
COMMAND: POST /session/b6c10327e85db8e4472cf13987b22354/element/f.76EFC1153EA5792FD1141D4CA15B46A2.d.9E4A55F6F5057A881033C0A9ED20C55C.e.3373/clear - {}
RESULT: {}
COMMAND: POST /session/b6c10327e85db8e4472cf13987b22354/element/f.76EFC1153EA5792FD1141D4CA15B46A2.d.9E4A55F6F5057A881033C0A9ED20C55C.e.3373/value - {"text":"195"}
COMMAND: GET /session/b6c10327e85db8e4472cf13987b22354/screenshot - {}
RESULT: {"text":"195"}
COMMAND: GET /session/b6c10327e85db8e4472cf13987b22354/screenshot - {}
RESULT: {}
RESULT: {}
COMMAND: POST /session/b6c10327e85db8e4472cf13987b22354/element - {"using":"xpath","value":"//li[.//span[text()='195']]"}
RESULT: {"using":"xpath","value":"//li[.//span[text()='195']]"}
COMMAND: POST /session/b6c10327e85db8e4472cf13987b22354/element/f.76EFC1153EA5792FD1141D4CA15B46A2.d.9E4A55F6F5057A881033C0A9ED20C55C.e.3382/click - {}
RESULT: {}
COMMAND: GET /session/b6c10327e85db8e4472cf13987b22354/screenshot - {}
RESULT: {}
COMMAND: POST /session/b6c10327e85db8e4472cf13987b22354/actions - {"actions":[{"id":"action8","type":"key","parameters":{},"actions":[{"type":"keyDown","value":"î€‡"},{"type":"pause","duration":10},{"type":"keyUp","value":"î€‡"}]}]}
RESULT: {"actions":[{"id":"action8","type":"key","parameters":{},"actions":[{"type":"keyDown","value":"î€‡"},{"type":"pause","duration":10},{"type":"keyUp","value":"î€‡"}]}]}
COMMAND: POST /session/b6c10327e85db8e4472cf13987b22354/execute/async - {"script":"<script> [1562 bytes]","args":[{"selector":{"id":"application-managepartners-display-component---NewPartner--externalCustomerComboBox-application-managepartners-display-component---NewPartner--assignmentsTable-0-vhi"},"wdio_ui5_key":"applicationmanagepartners-display-component---NewPartner--externalCustomerComboBox-application-managepartners-display-component---NewPartner--assignmentsTable-0-vhi"}]}
COMMAND: GET /session/b6c10327e85db8e4472cf13987b22354/screenshot - {}
RESULT: {"script":"<script> [1562 bytes]","args":[{"selector":{"id":"application-managepartners-display-component---NewPartner--externalCustomerComboBox-application-managepartners-display-component---NewPartner--assignmentsTable-0-vhi"},"wdio_ui5_key":"applicationmanagepartners-display-component---NewPartner--externalCustomerComboBox-application-managepartners-display-component---NewPartner--assignmentsTable-0-vhi"}]}
RESULT: undefined
COMMAND: POST /session/b6c10327e85db8e4472cf13987b22354/element - {"using":"xpath","value":"//*[@id=\"application-managepartners-display-component---NewPartner--externalCustomerComboBox-application-managepartners-display-component---NewPartner--assignmentsTable-0-vhi\"]"}
RESULT: {}
RESULT: {"using":"xpath","value":"//*[@id=\"application-managepartners-display-component---NewPartner--externalCustomerComboBox-application-managepartners-display-component---NewPartner--assignmentsTable-0-vhi\"]"}
COMMAND: POST /session/b6c10327e85db8e4472cf13987b22354/element/f.76EFC1153EA5792FD1141D4CA15B46A2.d.9E4A55F6F5057A881033C0A9ED20C55C.e.3386/click - {}
RESULT: {}
RESULT: undefined
COMMAND: POST /session/b6c10327e85db8e4472cf13987b22354/execute/async - {"script":"<script> [776 bytes]","args":[{"enterText":"300003","selector":{"controlType":"sap.m.SearchField","properties":{"placeholder":"Search"},"searchOpenDialogs":true,"interaction":{"idSuffix":"I"}},"clearTextFirst":true,"interactionType":"ENTER_TEXT"}]}
COMMAND: GET /session/b6c10327e85db8e4472cf13987b22354/screenshot - {}
RESULT: {"script":"<script> [776 bytes]","args":[{"enterText":"300003","selector":{"controlType":"sap.m.SearchField","properties":{"placeholder":"Search"},"searchOpenDialogs":true,"interaction":{"idSuffix":"I"}},"clearTextFirst":true,"interactionType":"ENTER_TEXT"}]}
COMMAND: POST /session/b6c10327e85db8e4472cf13987b22354/actions - {"actions":[{"id":"action9","type":"key","parameters":{},"actions":[{"type":"keyDown","value":"î€‡"},{"type":"pause","duration":10},{"type":"keyUp","value":"î€‡"}]}]}
RESULT: {}
RESULT: {"actions":[{"id":"action9","type":"key","parameters":{},"actions":[{"type":"keyDown","value":"î€‡"},{"type":"pause","duration":10},{"type":"keyUp","value":"î€‡"}]}]}
COMMAND: GET /session/b6c10327e85db8e4472cf13987b22354/screenshot - {}
RESULT: {}
COMMAND: POST /session/b6c10327e85db8e4472cf13987b22354/element - {"using":"xpath","value":"//span[contains(text(), \"300003\")]"}
RESULT: {"using":"xpath","value":"//span[contains(text(), \"300003\")]"}
COMMAND: POST /session/b6c10327e85db8e4472cf13987b22354/element/f.76EFC1153EA5792FD1141D4CA15B46A2.d.9E4A55F6F5057A881033C0A9ED20C55C.e.3434/click - {}
RESULT: {}
COMMAND: GET /session/b6c10327e85db8e4472cf13987b22354/screenshot - {}
RESULT: {}
COMMAND: POST /session/b6c10327e85db8e4472cf13987b22354/element - {"using":"xpath","value":"//bdi[contains(text(), \"OK\")]"}
RESULT: {"using":"xpath","value":"//bdi[contains(text(), \"OK\")]"}
COMMAND: POST /session/b6c10327e85db8e4472cf13987b22354/element/f.76EFC1153EA5792FD1141D4CA15B46A2.d.9E4A55F6F5057A881033C0A9ED20C55C.e.3436/click - {}
RESULT: {}
COMMAND: GET /session/b6c10327e85db8e4472cf13987b22354/screenshot - {}
RESULT: {}
COMMAND: POST /session/b6c10327e85db8e4472cf13987b22354/execute/async - {"script":"<script> [1562 bytes]","args":[{"selector":{"id":"application-managepartners-display-component---NewPartner--intercompVendorComboBox-application-managepartners-display-component---NewPartner--assignmentsTable-0-vhi"},"wdio_ui5_key":"applicationmanagepartners-display-component---NewPartner--intercompVendorComboBox-application-managepartners-display-component---NewPartner--assignmentsTable-0-vhi"}]}
RESULT: {"script":"<script> [1562 bytes]","args":[{"selector":{"id":"application-managepartners-display-component---NewPartner--intercompVendorComboBox-application-managepartners-display-component---NewPartner--assignmentsTable-0-vhi"},"wdio_ui5_key":"applicationmanagepartners-display-component---NewPartner--intercompVendorComboBox-application-managepartners-display-component---NewPartner--assignmentsTable-0-vhi"}]}
RESULT: undefined
COMMAND: POST /session/b6c10327e85db8e4472cf13987b22354/element - {"using":"xpath","value":"//*[@id=\"application-managepartners-display-component---NewPartner--intercompVendorComboBox-application-managepartners-display-component---NewPartner--assignmentsTable-0-vhi\"]"}
RESULT: {"using":"xpath","value":"//*[@id=\"application-managepartners-display-component---NewPartner--intercompVendorComboBox-application-managepartners-display-component---NewPartner--assignmentsTable-0-vhi\"]"}
COMMAND: POST /session/b6c10327e85db8e4472cf13987b22354/element/f.76EFC1153EA5792FD1141D4CA15B46A2.d.9E4A55F6F5057A881033C0A9ED20C55C.e.3439/click - {}
RESULT: {}
RESULT: undefined
COMMAND: POST /session/b6c10327e85db8e4472cf13987b22354/execute/async - {"script":"<script> [776 bytes]","args":[{"enterText":"100005","selector":{"controlType":"sap.m.SearchField","properties":{"placeholder":"Search"},"searchOpenDialogs":true,"interaction":{"idSuffix":"I"}},"clearTextFirst":true,"interactionType":"ENTER_TEXT"}]}
COMMAND: GET /session/b6c10327e85db8e4472cf13987b22354/screenshot - {}
RESULT: {"script":"<script> [776 bytes]","args":[{"enterText":"100005","selector":{"controlType":"sap.m.SearchField","properties":{"placeholder":"Search"},"searchOpenDialogs":true,"interaction":{"idSuffix":"I"}},"clearTextFirst":true,"interactionType":"ENTER_TEXT"}]}
COMMAND: POST /session/b6c10327e85db8e4472cf13987b22354/actions - {"actions":[{"id":"action10","type":"key","parameters":{},"actions":[{"type":"keyDown","value":"î€‡"},{"type":"pause","duration":10},{"type":"keyUp","value":"î€‡"}]}]}
RESULT: {}
RESULT: {"actions":[{"id":"action10","type":"key","parameters":{},"actions":[{"type":"keyDown","value":"î€‡"},{"type":"pause","duration":10},{"type":"keyUp","value":"î€‡"}]}]}
COMMAND: GET /session/b6c10327e85db8e4472cf13987b22354/screenshot - {}
RESULT: {}
COMMAND: POST /session/b6c10327e85db8e4472cf13987b22354/element - {"using":"xpath","value":"//span[contains(text(), \"Penguins - Field/12345 Berlin\")]"}
RESULT: {"using":"xpath","value":"//span[contains(text(), \"Penguins - Field/12345 Berlin\")]"}
COMMAND: POST /session/b6c10327e85db8e4472cf13987b22354/element/f.76EFC1153EA5792FD1141D4CA15B46A2.d.9E4A55F6F5057A881033C0A9ED20C55C.e.3457/click - {}
RESULT: {}
COMMAND: GET /session/b6c10327e85db8e4472cf13987b22354/screenshot - {}
RESULT: {}
COMMAND: POST /session/b6c10327e85db8e4472cf13987b22354/element - {"using":"xpath","value":"//bdi[contains(text(), \"OK\")]"}
RESULT: {"using":"xpath","value":"//bdi[contains(text(), \"OK\")]"}
COMMAND: POST /session/b6c10327e85db8e4472cf13987b22354/element/f.76EFC1153EA5792FD1141D4CA15B46A2.d.9E4A55F6F5057A881033C0A9ED20C55C.e.3458/click - {}
RESULT: {}
COMMAND: GET /session/b6c10327e85db8e4472cf13987b22354/screenshot - {}
RESULT: {}
COMMAND: POST /session/b6c10327e85db8e4472cf13987b22354/element - {"using":"xpath","value":"//button[@data-kt=\"saveButton\"]"}
RESULT: {"using":"xpath","value":"//button[@data-kt=\"saveButton\"]"}
COMMAND: POST /session/b6c10327e85db8e4472cf13987b22354/element/f.76EFC1153EA5792FD1141D4CA15B46A2.d.9E4A55F6F5057A881033C0A9ED20C55C.e.3230/click - {}
RESULT: {}
COMMAND: GET /session/b6c10327e85db8e4472cf13987b22354/screenshot - {}
RESULT: {}
COMMAND: POST /session/b6c10327e85db8e4472cf13987b22354/element - {"using":"xpath","value":"//header[contains(@id, 'ObjectPageLayout-headerTitle')]/div[1]/div[2]/div[2]/span[1]"}
RESULT: {"using":"xpath","value":"//header[contains(@id, 'ObjectPageLayout-headerTitle')]/div[1]/div[2]/div[2]/span[1]"}
COMMAND: POST /session/b6c10327e85db8e4472cf13987b22354/elements - {"using":"xpath","value":"//header[contains(@id, 'ObjectPageLayout-headerTitle')]/div[1]/div[2]/div[2]/span[1]"}
RESULT: {"using":"xpath","value":"//header[contains(@id, 'ObjectPageLayout-headerTitle')]/div[1]/div[2]/div[2]/span[1]"}
COMMAND: POST /session/b6c10327e85db8e4472cf13987b22354/execute/sync - {"script":"<script> [56 bytes]","args":[{"element-6066-11e4-a52e-4f735466cecf":"f.76EFC1153EA5792FD1141D4CA15B46A2.d.9E4A55F6F5057A881033C0A9ED20C55C.e.3571","ELEMENT":"f.76EFC1153EA5792FD1141D4CA15B46A2.d.9E4A55F6F5057A881033C0A9ED20C55C.e.3571"}]}
RESULT: {"script":"<script> [56 bytes]","args":[{"element-6066-11e4-a52e-4f735466cecf":"f.76EFC1153EA5792FD1141D4CA15B46A2.d.9E4A55F6F5057A881033C0A9ED20C55C.e.3571","ELEMENT":"f.76EFC1153EA5792FD1141D4CA15B46A2.d.9E4A55F6F5057A881033C0A9ED20C55C.e.3571"}]}
COMMAND: POST /session/b6c10327e85db8e4472cf13987b22354/element - {"using":"css selector","value":"#shell-header-logo"}
COMMAND: GET /session/b6c10327e85db8e4472cf13987b22354/screenshot - {}
RESULT: {"using":"css selector","value":"#shell-header-logo"}
COMMAND: POST /session/b6c10327e85db8e4472cf13987b22354/element/f.76EFC1153EA5792FD1141D4CA15B46A2.d.9E4A55F6F5057A881033C0A9ED20C55C.e.2906/click - {}
RESULT: {}
RESULT: {}
COMMAND: GET /session/b6c10327e85db8e4472cf13987b22354/screenshot - {}
RESULT: {}
COMMAND: POST /session/b6c10327e85db8e4472cf13987b22354/execute/sync - {"script":"<script> [299 bytes]","args":[["getModel","getResource"]]}
RESULT: {"script":"<script> [299 bytes]","args":[["getModel","getResource"]]}
RESULT: undefined
COMMAND: POST /session/b6c10327e85db8e4472cf13987b22354/element - {"using":"xpath","value":"//*[@id=\"__tile31\"]"}
COMMAND: GET /session/b6c10327e85db8e4472cf13987b22354/screenshot - {}
RESULT: {"using":"xpath","value":"//*[@id=\"__tile31\"]"}
COMMAND: POST /session/b6c10327e85db8e4472cf13987b22354/element/f.76EFC1153EA5792FD1141D4CA15B46A2.d.9E4A55F6F5057A881033C0A9ED20C55C.e.2823/click - {}
RESULT: {}
RESULT: {}
COMMAND: GET /session/b6c10327e85db8e4472cf13987b22354/screenshot - {}
RESULT: {}
COMMAND: POST /session/b6c10327e85db8e4472cf13987b22354/elements - {"using":"xpath","value":"//span[text()='Error']"}
RESULT: {"using":"xpath","value":"//span[text()='Error']"}
COMMAND: POST /session/b6c10327e85db8e4472cf13987b22354/element - {"using":"xpath","value":"//button[@data-kt=\"addButton\"]"}
RESULT: {"using":"xpath","value":"//button[@data-kt=\"addButton\"]"}
COMMAND: POST /session/b6c10327e85db8e4472cf13987b22354/elements - {"using":"xpath","value":"//button[@data-kt=\"addButton\"]"}
RESULT: {"using":"xpath","value":"//button[@data-kt=\"addButton\"]"}
COMMAND: POST /session/b6c10327e85db8e4472cf13987b22354/execute/sync - {"script":"<script> [8489 bytes]","args":[{"element-6066-11e4-a52e-4f735466cecf":"f.76EFC1153EA5792FD1141D4CA15B46A2.d.9E4A55F6F5057A881033C0A9ED20C55C.e.3618","ELEMENT":"f.76EFC1153EA5792FD1141D4CA15B46A2.d.9E4A55F6F5057A881033C0A9ED20C55C.e.3618"}]}
RESULT: {"script":"<script> [8489 bytes]","args":[{"element-6066-11e4-a52e-4f735466cecf":"f.76EFC1153EA5792FD1141D4CA15B46A2.d.9E4A55F6F5057A881033C0A9ED20C55C.e.3618","ELEMENT":"f.76EFC1153EA5792FD1141D4CA15B46A2.d.9E4A55F6F5057A881033C0A9ED20C55C.e.3618"}]}
COMMAND: GET /session/b6c10327e85db8e4472cf13987b22354/element/f.76EFC1153EA5792FD1141D4CA15B46A2.d.9E4A55F6F5057A881033C0A9ED20C55C.e.3618/enabled - {}
COMMAND: GET /session/b6c10327e85db8e4472cf13987b22354/screenshot - {}
RESULT: {}
COMMAND: POST /session/b6c10327e85db8e4472cf13987b22354/execute/sync - {"script":"<script> [8489 bytes]","args":[{"element-6066-11e4-a52e-4f735466cecf":"f.76EFC1153EA5792FD1141D4CA15B46A2.d.9E4A55F6F5057A881033C0A9ED20C55C.e.3618","ELEMENT":"f.76EFC1153EA5792FD1141D4CA15B46A2.d.9E4A55F6F5057A881033C0A9ED20C55C.e.3618"}]}
COMMAND: GET /session/b6c10327e85db8e4472cf13987b22354/screenshot - {}
RESULT: {}
RESULT: {"script":"<script> [8489 bytes]","args":[{"element-6066-11e4-a52e-4f735466cecf":"f.76EFC1153EA5792FD1141D4CA15B46A2.d.9E4A55F6F5057A881033C0A9ED20C55C.e.3618","ELEMENT":"f.76EFC1153EA5792FD1141D4CA15B46A2.d.9E4A55F6F5057A881033C0A9ED20C55C.e.3618"}]}
COMMAND: POST /session/b6c10327e85db8e4472cf13987b22354/execute/sync - {"script":"<script> [5351 bytes]","args":[{"element-6066-11e4-a52e-4f735466cecf":"f.76EFC1153EA5792FD1141D4CA15B46A2.d.9E4A55F6F5057A881033C0A9ED20C55C.e.3618","ELEMENT":"f.76EFC1153EA5792FD1141D4CA15B46A2.d.9E4A55F6F5057A881033C0A9ED20C55C.e.3618"}]}
COMMAND: GET /session/b6c10327e85db8e4472cf13987b22354/screenshot - {}
RESULT: {}
RESULT: {"script":"<script> [5351 bytes]","args":[{"element-6066-11e4-a52e-4f735466cecf":"f.76EFC1153EA5792FD1141D4CA15B46A2.d.9E4A55F6F5057A881033C0A9ED20C55C.e.3618","ELEMENT":"f.76EFC1153EA5792FD1141D4CA15B46A2.d.9E4A55F6F5057A881033C0A9ED20C55C.e.3618"}]}
COMMAND: GET /session/b6c10327e85db8e4472cf13987b22354/screenshot - {}
RESULT: {}
RESULT: {}
COMMAND: POST /session/b6c10327e85db8e4472cf13987b22354/execute/async - {"script":"<script> [1562 bytes]","args":[{"selector":{"id":"application-managepartners-display-component---masterPtm--smartFilterBar-btnBasicSearch","interaction":{"idSuffix":"I"}},"wdio_ui5_key":"applicationmanagepartners-display-component---masterPtm--smartFilterBar-btnBasicSearch"}]}
RESULT: {"script":"<script> [1562 bytes]","args":[{"selector":{"id":"application-managepartners-display-component---masterPtm--smartFilterBar-btnBasicSearch","interaction":{"idSuffix":"I"}},"wdio_ui5_key":"applicationmanagepartners-display-component---masterPtm--smartFilterBar-btnBasicSearch"}]}
RESULT: undefined
COMMAND: POST /session/b6c10327e85db8e4472cf13987b22354/execute/async - {"script":"<script> [776 bytes]","args":[{"enterText":"1057","selector":{"id":"application-managepartners-display-component---masterPtm--smartFilterBar-btnBasicSearch","interaction":{"idSuffix":"I"}},"clearTextFirst":true,"interactionType":"ENTER_TEXT"}]}
RESULT: {"script":"<script> [776 bytes]","args":[{"enterText":"1057","selector":{"id":"application-managepartners-display-component---masterPtm--smartFilterBar-btnBasicSearch","interaction":{"idSuffix":"I"}},"clearTextFirst":true,"interactionType":"ENTER_TEXT"}]}
COMMAND: POST /session/b6c10327e85db8e4472cf13987b22354/actions - {"actions":[{"id":"action11","type":"key","parameters":{},"actions":[{"type":"keyDown","value":"î€‡"},{"type":"pause","duration":10},{"type":"keyUp","value":"î€‡"}]}]}
RESULT: {"actions":[{"id":"action11","type":"key","parameters":{},"actions":[{"type":"keyDown","value":"î€‡"},{"type":"pause","duration":10},{"type":"keyUp","value":"î€‡"}]}]}
COMMAND: GET /session/b6c10327e85db8e4472cf13987b22354/screenshot - {}
RESULT: {}
COMMAND: POST /session/b6c10327e85db8e4472cf13987b22354/elements - {"using":"xpath","value":"//table[contains(@id, \"customPartnersTable-listUl\")]/tbody/tr"}
RESULT: {"using":"xpath","value":"//table[contains(@id, \"customPartnersTable-listUl\")]/tbody/tr"}
COMMAND: POST /session/b6c10327e85db8e4472cf13987b22354/element - {"using":"xpath","value":"//table[contains(@id, \"customPartnersTable-listUl\")]/tbody/tr[1]/td[3]/span"}
RESULT: {"using":"xpath","value":"//table[contains(@id, \"customPartnersTable-listUl\")]/tbody/tr[1]/td[3]/span"}
COMMAND: POST /session/b6c10327e85db8e4472cf13987b22354/elements - {"using":"xpath","value":"//table[contains(@id, \"customPartnersTable-listUl\")]/tbody/tr[1]/td[3]/span"}
RESULT: {"using":"xpath","value":"//table[contains(@id, \"customPartnersTable-listUl\")]/tbody/tr[1]/td[3]/span"}
COMMAND: POST /session/b6c10327e85db8e4472cf13987b22354/execute/sync - {"script":"<script> [56 bytes]","args":[{"element-6066-11e4-a52e-4f735466cecf":"f.76EFC1153EA5792FD1141D4CA15B46A2.d.9E4A55F6F5057A881033C0A9ED20C55C.e.3704","ELEMENT":"f.76EFC1153EA5792FD1141D4CA15B46A2.d.9E4A55F6F5057A881033C0A9ED20C55C.e.3704"}]}
RESULT: {"script":"<script> [56 bytes]","args":[{"element-6066-11e4-a52e-4f735466cecf":"f.76EFC1153EA5792FD1141D4CA15B46A2.d.9E4A55F6F5057A881033C0A9ED20C55C.e.3704","ELEMENT":"f.76EFC1153EA5792FD1141D4CA15B46A2.d.9E4A55F6F5057A881033C0A9ED20C55C.e.3704"}]}
COMMAND: POST /session/b6c10327e85db8e4472cf13987b22354/element - {"using":"xpath","value":"(//span[contains(@id, \"imgNav\")])[1]"}
COMMAND: GET /session/b6c10327e85db8e4472cf13987b22354/screenshot - {}
RESULT: {"using":"xpath","value":"(//span[contains(@id, \"imgNav\")])[1]"}
COMMAND: POST /session/b6c10327e85db8e4472cf13987b22354/element/f.76EFC1153EA5792FD1141D4CA15B46A2.d.9E4A55F6F5057A881033C0A9ED20C55C.e.3702/click - {}
RESULT: {}
RESULT: {}
COMMAND: GET /session/b6c10327e85db8e4472cf13987b22354/screenshot - {}
RESULT: {}
COMMAND: POST /session/b6c10327e85db8e4472cf13987b22354/element - {"using":"xpath","value":"//bdi[contains(text(), \"Edit\")]"}
RESULT: {"using":"xpath","value":"//bdi[contains(text(), \"Edit\")]"}
COMMAND: POST /session/b6c10327e85db8e4472cf13987b22354/element/f.76EFC1153EA5792FD1141D4CA15B46A2.d.9E4A55F6F5057A881033C0A9ED20C55C.e.3848/click - {}
RESULT: {}
COMMAND: GET /session/b6c10327e85db8e4472cf13987b22354/screenshot - {}
RESULT: {}
COMMAND: POST /session/b6c10327e85db8e4472cf13987b22354/execute/async - {"script":"<script> [1562 bytes]","args":[{"selector":{"controlType":"sap.m.Input","viewName":"etm.portal.ui.managepartners.view.EditDetail","labelFor":{"text":"Name"},"interaction":{"idSuffix":"inner"}},"wdio_ui5_key":"etmportal.ui.managepartners.view.EditDetailsap.m.Input{\"text\":\"Name\"}"}]}
RESULT: {"script":"<script> [1562 bytes]","args":[{"selector":{"controlType":"sap.m.Input","viewName":"etm.portal.ui.managepartners.view.EditDetail","labelFor":{"text":"Name"},"interaction":{"idSuffix":"inner"}},"wdio_ui5_key":"etmportal.ui.managepartners.view.EditDetailsap.m.Input{\"text\":\"Name\"}"}]}
RESULT: undefined
COMMAND: POST /session/b6c10327e85db8e4472cf13987b22354/execute/async - {"script":"<script> [776 bytes]","args":[{"enterText":"Intercompany EDIT","selector":{"controlType":"sap.m.Input","viewName":"etm.portal.ui.managepartners.view.EditDetail","labelFor":{"text":"Name"},"interaction":{"idSuffix":"inner"}},"clearTextFirst":true,"interactionType":"ENTER_TEXT"}]}
RESULT: {"script":"<script> [776 bytes]","args":[{"enterText":"Intercompany EDIT","selector":{"controlType":"sap.m.Input","viewName":"etm.portal.ui.managepartners.view.EditDetail","labelFor":{"text":"Name"},"interaction":{"idSuffix":"inner"}},"clearTextFirst":true,"interactionType":"ENTER_TEXT"}]}
COMMAND: POST /session/b6c10327e85db8e4472cf13987b22354/element - {"using":"xpath","value":"(//span[contains(@id,\"addressDetailDetailsLanguage-arrow\")])[1]"}
RESULT: {"using":"xpath","value":"(//span[contains(@id,\"addressDetailDetailsLanguage-arrow\")])[1]"}
COMMAND: POST /session/b6c10327e85db8e4472cf13987b22354/element/f.76EFC1153EA5792FD1141D4CA15B46A2.d.9E4A55F6F5057A881033C0A9ED20C55C.e.3933/click - {}
RESULT: {}
COMMAND: POST /session/b6c10327e85db8e4472cf13987b22354/element - {"using":"xpath","value":"//span[contains(text(), \"Chinese\")]"}
COMMAND: GET /session/b6c10327e85db8e4472cf13987b22354/screenshot - {}
RESULT: {"using":"xpath","value":"//span[contains(text(), \"Chinese\")]"}
COMMAND: POST /session/b6c10327e85db8e4472cf13987b22354/element/f.76EFC1153EA5792FD1141D4CA15B46A2.d.9E4A55F6F5057A881033C0A9ED20C55C.e.3934/click - {}
RESULT: {}
RESULT: {}
COMMAND: GET /session/b6c10327e85db8e4472cf13987b22354/screenshot - {}
RESULT: {}
COMMAND: POST /session/b6c10327e85db8e4472cf13987b22354/execute/async - {"script":"<script> [1562 bytes]","args":[{"selector":{"controlType":"sap.m.Input","viewName":"etm.portal.ui.managepartners.view.EditDetail","labelFor":{"text":"City"},"interaction":{"idSuffix":"inner"}},"wdio_ui5_key":"etmportal.ui.managepartners.view.EditDetailsap.m.Input{\"text\":\"City\"}"}]}
RESULT: {"script":"<script> [1562 bytes]","args":[{"selector":{"controlType":"sap.m.Input","viewName":"etm.portal.ui.managepartners.view.EditDetail","labelFor":{"text":"City"},"interaction":{"idSuffix":"inner"}},"wdio_ui5_key":"etmportal.ui.managepartners.view.EditDetailsap.m.Input{\"text\":\"City\"}"}]}
RESULT: undefined
COMMAND: POST /session/b6c10327e85db8e4472cf13987b22354/execute/async - {"script":"<script> [776 bytes]","args":[{"enterText":"Clooj-Napoca","selector":{"controlType":"sap.m.Input","viewName":"etm.portal.ui.managepartners.view.EditDetail","labelFor":{"text":"City"},"interaction":{"idSuffix":"inner"}},"clearTextFirst":true,"interactionType":"ENTER_TEXT"}]}
RESULT: {"script":"<script> [776 bytes]","args":[{"enterText":"Clooj-Napoca","selector":{"controlType":"sap.m.Input","viewName":"etm.portal.ui.managepartners.view.EditDetail","labelFor":{"text":"City"},"interaction":{"idSuffix":"inner"}},"clearTextFirst":true,"interactionType":"ENTER_TEXT"}]}
COMMAND: POST /session/b6c10327e85db8e4472cf13987b22354/element - {"using":"xpath","value":"//button[@data-kt=\"saveButton\"]"}
RESULT: {"using":"xpath","value":"//button[@data-kt=\"saveButton\"]"}
COMMAND: POST /session/b6c10327e85db8e4472cf13987b22354/element/f.76EFC1153EA5792FD1141D4CA15B46A2.d.9E4A55F6F5057A881033C0A9ED20C55C.e.3911/click - {}
RESULT: {}
COMMAND: GET /session/b6c10327e85db8e4472cf13987b22354/screenshot - {}
RESULT: {}
COMMAND: POST /session/b6c10327e85db8e4472cf13987b22354/execute/async - {"script":"<script> [1562 bytes]","args":[{"selector":{"id":"application-managepartners-display-component---detailPtm--addressDetailDetailsName1"},"wdio_ui5_key":"applicationmanagepartners-display-component---detailPtm--addressDetailDetailsName1"}]}
RESULT: {"script":"<script> [1562 bytes]","args":[{"selector":{"id":"application-managepartners-display-component---detailPtm--addressDetailDetailsName1"},"wdio_ui5_key":"applicationmanagepartners-display-component---detailPtm--addressDetailDetailsName1"}]}
RESULT: undefined
COMMAND: POST /session/b6c10327e85db8e4472cf13987b22354/execute/async - {"script":"<script> [6424 bytes]","args":[{"element-6066-11e4-a52e-4f735466cecf":"f.76EFC1153EA5792FD1141D4CA15B46A2.d.9E4A55F6F5057A881033C0A9ED20C55C.e.3965"},"getValue",[]]}
RESULT: {"script":"<script> [6424 bytes]","args":[{"element-6066-11e4-a52e-4f735466cecf":"f.76EFC1153EA5792FD1141D4CA15B46A2.d.9E4A55F6F5057A881033C0A9ED20C55C.e.3965"},"getValue",[]]}
COMMAND: POST /session/b6c10327e85db8e4472cf13987b22354/element - {"using":"xpath","value":"//input[@id = \"application-managepartners-display-component---detailPtm--addressDetailDetailsLanguage-inner\"]"}
RESULT: {"using":"xpath","value":"//input[@id = \"application-managepartners-display-component---detailPtm--addressDetailDetailsLanguage-inner\"]"}
COMMAND: GET /session/b6c10327e85db8e4472cf13987b22354/element/f.76EFC1153EA5792FD1141D4CA15B46A2.d.9E4A55F6F5057A881033C0A9ED20C55C.e.3966/property/value - {}
RESULT: {}
COMMAND: POST /session/b6c10327e85db8e4472cf13987b22354/execute/async - {"script":"<script> [1562 bytes]","args":[{"selector":{"id":"application-managepartners-display-component---detailPtm--addressDetailDetailsCity1"},"wdio_ui5_key":"applicationmanagepartners-display-component---detailPtm--addressDetailDetailsCity1"}]}
COMMAND: GET /session/b6c10327e85db8e4472cf13987b22354/screenshot - {}
RESULT: {"script":"<script> [1562 bytes]","args":[{"selector":{"id":"application-managepartners-display-component---detailPtm--addressDetailDetailsCity1"},"wdio_ui5_key":"applicationmanagepartners-display-component---detailPtm--addressDetailDetailsCity1"}]}
RESULT: undefined
COMMAND: POST /session/b6c10327e85db8e4472cf13987b22354/execute/async - {"script":"<script> [6424 bytes]","args":[{"element-6066-11e4-a52e-4f735466cecf":"f.76EFC1153EA5792FD1141D4CA15B46A2.d.9E4A55F6F5057A881033C0A9ED20C55C.e.3967"},"getValue",[]]}
RESULT: {}
RESULT: {"script":"<script> [6424 bytes]","args":[{"element-6066-11e4-a52e-4f735466cecf":"f.76EFC1153EA5792FD1141D4CA15B46A2.d.9E4A55F6F5057A881033C0A9ED20C55C.e.3967"},"getValue",[]]}
COMMAND: POST /session/b6c10327e85db8e4472cf13987b22354/element - {"using":"css selector","value":"#shell-header-logo"}
RESULT: {"using":"css selector","value":"#shell-header-logo"}
COMMAND: POST /session/b6c10327e85db8e4472cf13987b22354/element/f.76EFC1153EA5792FD1141D4CA15B46A2.d.9E4A55F6F5057A881033C0A9ED20C55C.e.3574/click - {}
RESULT: {}
COMMAND: GET /session/b6c10327e85db8e4472cf13987b22354/screenshot - {}
RESULT: {}
]]></system-out>
    </testcase>
    <testcase classname="chrome.137_0_7151_69.windows.Partner_specific_tests_US150819_US151080_US151654_US151176_US103444_US151078_US151079_US151109_US151174_US151175_US151189" name="Should create a new intracompany partner edit some of its fields US151079" time="239.659">
      <system-out><![CDATA[
COMMAND: POST /session/b6c10327e85db8e4472cf13987b22354/element - {"using":"xpath","value":"//li[.//span[text()=\"Manage Partners\"]]"}
RESULT: {"using":"xpath","value":"//li[.//span[text()=\"Manage Partners\"]]"}
COMMAND: POST /session/b6c10327e85db8e4472cf13987b22354/element - {"using":"xpath","value":"//li[.//span[text()=\"Manage Partners\"]]"}
RESULT: {"using":"xpath","value":"//li[.//span[text()=\"Manage Partners\"]]"}
COMMAND: POST /session/b6c10327e85db8e4472cf13987b22354/element - {"using":"css selector","value":"#shell-header-logo"}
RESULT: {"using":"css selector","value":"#shell-header-logo"}
COMMAND: POST /session/b6c10327e85db8e4472cf13987b22354/element/f.76EFC1153EA5792FD1141D4CA15B46A2.d.9E4A55F6F5057A881033C0A9ED20C55C.e.3997/click - {}
COMMAND: POST /session/b6c10327e85db8e4472cf13987b22354/execute/sync - {"script":"<script> [8489 bytes]","args":[{"element-6066-11e4-a52e-4f735466cecf":"f.76EFC1153EA5792FD1141D4CA15B46A2.d.9E4A55F6F5057A881033C0A9ED20C55C.e.3997","ELEMENT":"f.76EFC1153EA5792FD1141D4CA15B46A2.d.9E4A55F6F5057A881033C0A9ED20C55C.e.3997"}]}
RESULT: {}
COMMAND: GET /session/b6c10327e85db8e4472cf13987b22354/screenshot - {}
RESULT: {"script":"<script> [8489 bytes]","args":[{"element-6066-11e4-a52e-4f735466cecf":"f.76EFC1153EA5792FD1141D4CA15B46A2.d.9E4A55F6F5057A881033C0A9ED20C55C.e.3997","ELEMENT":"f.76EFC1153EA5792FD1141D4CA15B46A2.d.9E4A55F6F5057A881033C0A9ED20C55C.e.3997"}]}
COMMAND: POST /session/b6c10327e85db8e4472cf13987b22354/execute/sync - {"script":"<script> [5351 bytes]","args":[{"element-6066-11e4-a52e-4f735466cecf":"f.76EFC1153EA5792FD1141D4CA15B46A2.d.9E4A55F6F5057A881033C0A9ED20C55C.e.3997","ELEMENT":"f.76EFC1153EA5792FD1141D4CA15B46A2.d.9E4A55F6F5057A881033C0A9ED20C55C.e.3997"}]}
COMMAND: GET /session/b6c10327e85db8e4472cf13987b22354/screenshot - {}
RESULT: {}
RESULT: {"script":"<script> [5351 bytes]","args":[{"element-6066-11e4-a52e-4f735466cecf":"f.76EFC1153EA5792FD1141D4CA15B46A2.d.9E4A55F6F5057A881033C0A9ED20C55C.e.3997","ELEMENT":"f.76EFC1153EA5792FD1141D4CA15B46A2.d.9E4A55F6F5057A881033C0A9ED20C55C.e.3997"}]}
COMMAND: GET /session/b6c10327e85db8e4472cf13987b22354/screenshot - {}
RESULT: {}
RESULT: {}
COMMAND: POST /session/b6c10327e85db8e4472cf13987b22354/refresh - {}
RESULT: {}
COMMAND: GET /session/b6c10327e85db8e4472cf13987b22354/screenshot - {}
RESULT: {}
COMMAND: POST /session/b6c10327e85db8e4472cf13987b22354/refresh - {}
RESULT: {}
COMMAND: GET /session/b6c10327e85db8e4472cf13987b22354/screenshot - {}
RESULT: {}
COMMAND: POST /session/b6c10327e85db8e4472cf13987b22354/window/fullscreen - {}
RESULT: {}
RESULT: undefined
COMMAND: POST /session/b6c10327e85db8e4472cf13987b22354/execute/async - {"script":"<script> [189 bytes]","args":[]}
RESULT: {"script":"<script> [189 bytes]","args":[]}
COMMAND: POST /session/b6c10327e85db8e4472cf13987b22354/execute/async - {"script":"<script> [123 bytes]","args":[]}
RESULT: {"script":"<script> [123 bytes]","args":[]}
COMMAND: POST /session/b6c10327e85db8e4472cf13987b22354/timeouts - {"script":"<number>"}
RESULT: {"script":"<number>"}
COMMAND: GET /session/b6c10327e85db8e4472cf13987b22354/timeouts - {}
RESULT: {}
RESULT: undefined
COMMAND: POST /session/b6c10327e85db8e4472cf13987b22354/execute/async - {"script":"<script> [2676 bytes]","args":[]}
RESULT: {"script":"<script> [2676 bytes]","args":[]}
COMMAND: POST /session/b6c10327e85db8e4472cf13987b22354/execute/async - {"script":"<script> [2342 bytes]","args":[{"protocol":"http","hostname":"0.0.0.0","path":"/","capabilities":{"browserName":"chrome","goog:chromeOptions":{"binary":"C:\\Program Files\\Google\\Chrome\\Application\\chrome.exe","args":["--start-maximized"]}},"logLevel":"warn","connectionRetryTimeout":120000,"connectionRetryCount":3,"logLevels":{},"enableDirectConnect":true,"strictSSL":true,"_":"65 more keys: [\"cacheDir\",\"port\",\"requestedCapabilities\",\"automationProtocol\",\"baseUrl\",\"waitforInterval\",\"waitforTimeout\",\"onReload\",\"beforeCommand\",\"afterCommand\",\"rootDir\",\"specs\",\"suites\",\"exclude\",\"groupLogsByTestSpec\",\"excludeDriverLogs\",\"bail\",\"framework\",\"reporters\",\"services\",\"maxInstances\",\"maxInstancesPerCapability\",\"injectGlobals\",\"filesToWatch\",\"execArgv\",\"runnerEnv\",\"runner\",\"shard\",\"specFileRetries\",\"specFileRetriesDelay\",\"specFileRetriesDeferred\",\"reporterSyncInterval\",\"reporterSyncTimeout\",\"cucumberFeaturesWithLineNumbers\",\"autoCompileOpts\",\"mochaOpts\",\"jasmineOpts\",\"cucumberOpts\",\"onPrepare\",\"onWorkerStart\",\"onWorkerEnd\",\"before\",\"beforeSession\",\"beforeSuite\",\"beforeHook\",\"beforeTest\",\"afterTest\",\"afterHook\",\"afterSuite\",\"afterSession\",\"after\",\"onComplete\",\"beforeAssertion\",\"afterAssertion\",\"beforeFeature\",\"beforeScenario\",\"beforeStep\",\"afterStep\",\"afterScenario\",\"afterFeature\",\"_\",\"suite\",\"$0\",\"ignoredWorkerServices\",\"wdi5\"]"}]}
RESULT: {"script":"<script> [2342 bytes]","args":[{"protocol":"http","hostname":"0.0.0.0","path":"/","capabilities":{"browserName":"chrome","goog:chromeOptions":{"binary":"C:\\Program Files\\Google\\Chrome\\Application\\chrome.exe","args":["--start-maximized"]}},"logLevel":"warn","connectionRetryTimeout":120000,"connectionRetryCount":3,"logLevels":{},"enableDirectConnect":true,"strictSSL":true,"_":"65 more keys: [\"cacheDir\",\"port\",\"requestedCapabilities\",\"automationProtocol\",\"baseUrl\",\"waitforInterval\",\"waitforTimeout\",\"onReload\",\"beforeCommand\",\"afterCommand\",\"rootDir\",\"specs\",\"suites\",\"exclude\",\"groupLogsByTestSpec\",\"excludeDriverLogs\",\"bail\",\"framework\",\"reporters\",\"services\",\"maxInstances\",\"maxInstancesPerCapability\",\"injectGlobals\",\"filesToWatch\",\"execArgv\",\"runnerEnv\",\"runner\",\"shard\",\"specFileRetries\",\"specFileRetriesDelay\",\"specFileRetriesDeferred\",\"reporterSyncInterval\",\"reporterSyncTimeout\",\"cucumberFeaturesWithLineNumbers\",\"autoCompileOpts\",\"mochaOpts\",\"jasmineOpts\",\"cucumberOpts\",\"onPrepare\",\"onWorkerStart\",\"onWorkerEnd\",\"before\",\"beforeSession\",\"beforeSuite\",\"beforeHook\",\"beforeTest\",\"afterTest\",\"afterHook\",\"afterSuite\",\"afterSession\",\"after\",\"onComplete\",\"beforeAssertion\",\"afterAssertion\",\"beforeFeature\",\"beforeScenario\",\"beforeStep\",\"afterStep\",\"afterScenario\",\"afterFeature\",\"_\",\"suite\",\"$0\",\"ignoredWorkerServices\",\"wdi5\"]"}]}
COMMAND: POST /session/b6c10327e85db8e4472cf13987b22354/execute/async - {"script":"<script> [21126 bytes]","args":[35000]}
RESULT: {"script":"<script> [21126 bytes]","args":[35000]}
COMMAND: POST /session/b6c10327e85db8e4472cf13987b22354/window/fullscreen - {}
RESULT: {}
COMMAND: POST /session/b6c10327e85db8e4472cf13987b22354/window/fullscreen - {}
RESULT: {}
COMMAND: POST /session/b6c10327e85db8e4472cf13987b22354/execute/async - {"script":"<script> [1562 bytes]","args":[{"selector":{"controlType":"sap.m.GenericTile","properties":{"header":"Manage Partners"}},"wdio_ui5_key":"sapm.GenericTile{\"header\":\"Manage Partners\"}"}]}
RESULT: {"script":"<script> [1562 bytes]","args":[{"selector":{"controlType":"sap.m.GenericTile","properties":{"header":"Manage Partners"}},"wdio_ui5_key":"sapm.GenericTile{\"header\":\"Manage Partners\"}"}]}
RESULT: undefined
COMMAND: POST /session/b6c10327e85db8e4472cf13987b22354/element - {"using":"xpath","value":"//*[@id=\"__tile31\"]"}
RESULT: {"using":"xpath","value":"//*[@id=\"__tile31\"]"}
COMMAND: POST /session/b6c10327e85db8e4472cf13987b22354/element/f.76EFC1153EA5792FD1141D4CA15B46A2.d.89395005C82FCF7EF14589457070AC45.e.4062/click - {}
RESULT: {}
COMMAND: GET /session/b6c10327e85db8e4472cf13987b22354/screenshot - {}
RESULT: {}
COMMAND: POST /session/b6c10327e85db8e4472cf13987b22354/elements - {"using":"xpath","value":"//span[text()='Error']"}
RESULT: {"using":"xpath","value":"//span[text()='Error']"}
COMMAND: POST /session/b6c10327e85db8e4472cf13987b22354/element - {"using":"xpath","value":"//button[@data-kt=\"addButton\"]"}
RESULT: {"using":"xpath","value":"//button[@data-kt=\"addButton\"]"}
COMMAND: POST /session/b6c10327e85db8e4472cf13987b22354/elements - {"using":"xpath","value":"//button[@data-kt=\"addButton\"]"}
RESULT: {"using":"xpath","value":"//button[@data-kt=\"addButton\"]"}
COMMAND: POST /session/b6c10327e85db8e4472cf13987b22354/elements - {"using":"xpath","value":"//button[@data-kt=\"addButton\"]"}
RESULT: {"using":"xpath","value":"//button[@data-kt=\"addButton\"]"}
COMMAND: POST /session/b6c10327e85db8e4472cf13987b22354/elements - {"using":"xpath","value":"//button[@data-kt=\"addButton\"]"}
RESULT: {"using":"xpath","value":"//button[@data-kt=\"addButton\"]"}
COMMAND: POST /session/b6c10327e85db8e4472cf13987b22354/elements - {"using":"xpath","value":"//button[@data-kt=\"addButton\"]"}
RESULT: {"using":"xpath","value":"//button[@data-kt=\"addButton\"]"}
COMMAND: POST /session/b6c10327e85db8e4472cf13987b22354/elements - {"using":"xpath","value":"//button[@data-kt=\"addButton\"]"}
RESULT: {"using":"xpath","value":"//button[@data-kt=\"addButton\"]"}
COMMAND: POST /session/b6c10327e85db8e4472cf13987b22354/elements - {"using":"xpath","value":"//button[@data-kt=\"addButton\"]"}
RESULT: {"using":"xpath","value":"//button[@data-kt=\"addButton\"]"}
COMMAND: POST /session/b6c10327e85db8e4472cf13987b22354/element - {"using":"xpath","value":"//button[@data-kt=\"addButton\"]"}
RESULT: {"using":"xpath","value":"//button[@data-kt=\"addButton\"]"}
COMMAND: POST /session/b6c10327e85db8e4472cf13987b22354/execute/sync - {"script":"<script> [8489 bytes]","args":[{"element-6066-11e4-a52e-4f735466cecf":"f.76EFC1153EA5792FD1141D4CA15B46A2.d.89395005C82FCF7EF14589457070AC45.e.4180","ELEMENT":"f.76EFC1153EA5792FD1141D4CA15B46A2.d.89395005C82FCF7EF14589457070AC45.e.4180"}]}
RESULT: {"script":"<script> [8489 bytes]","args":[{"element-6066-11e4-a52e-4f735466cecf":"f.76EFC1153EA5792FD1141D4CA15B46A2.d.89395005C82FCF7EF14589457070AC45.e.4180","ELEMENT":"f.76EFC1153EA5792FD1141D4CA15B46A2.d.89395005C82FCF7EF14589457070AC45.e.4180"}]}
COMMAND: GET /session/b6c10327e85db8e4472cf13987b22354/element/f.76EFC1153EA5792FD1141D4CA15B46A2.d.89395005C82FCF7EF14589457070AC45.e.4180/enabled - {}
COMMAND: GET /session/b6c10327e85db8e4472cf13987b22354/screenshot - {}
RESULT: {}
COMMAND: POST /session/b6c10327e85db8e4472cf13987b22354/execute/sync - {"script":"<script> [8489 bytes]","args":[{"element-6066-11e4-a52e-4f735466cecf":"f.76EFC1153EA5792FD1141D4CA15B46A2.d.89395005C82FCF7EF14589457070AC45.e.4180","ELEMENT":"f.76EFC1153EA5792FD1141D4CA15B46A2.d.89395005C82FCF7EF14589457070AC45.e.4180"}]}
COMMAND: GET /session/b6c10327e85db8e4472cf13987b22354/screenshot - {}
RESULT: {}
RESULT: {"script":"<script> [8489 bytes]","args":[{"element-6066-11e4-a52e-4f735466cecf":"f.76EFC1153EA5792FD1141D4CA15B46A2.d.89395005C82FCF7EF14589457070AC45.e.4180","ELEMENT":"f.76EFC1153EA5792FD1141D4CA15B46A2.d.89395005C82FCF7EF14589457070AC45.e.4180"}]}
COMMAND: POST /session/b6c10327e85db8e4472cf13987b22354/execute/sync - {"script":"<script> [5351 bytes]","args":[{"element-6066-11e4-a52e-4f735466cecf":"f.76EFC1153EA5792FD1141D4CA15B46A2.d.89395005C82FCF7EF14589457070AC45.e.4180","ELEMENT":"f.76EFC1153EA5792FD1141D4CA15B46A2.d.89395005C82FCF7EF14589457070AC45.e.4180"}]}
COMMAND: GET /session/b6c10327e85db8e4472cf13987b22354/screenshot - {}
RESULT: {}
RESULT: {"script":"<script> [5351 bytes]","args":[{"element-6066-11e4-a52e-4f735466cecf":"f.76EFC1153EA5792FD1141D4CA15B46A2.d.89395005C82FCF7EF14589457070AC45.e.4180","ELEMENT":"f.76EFC1153EA5792FD1141D4CA15B46A2.d.89395005C82FCF7EF14589457070AC45.e.4180"}]}
COMMAND: POST /session/b6c10327e85db8e4472cf13987b22354/element/f.76EFC1153EA5792FD1141D4CA15B46A2.d.89395005C82FCF7EF14589457070AC45.e.4180/click - {}
COMMAND: GET /session/b6c10327e85db8e4472cf13987b22354/screenshot - {}
RESULT: {}
RESULT: {}
COMMAND: GET /session/b6c10327e85db8e4472cf13987b22354/screenshot - {}
RESULT: {}
RESULT: {}
COMMAND: POST /session/b6c10327e85db8e4472cf13987b22354/execute/async - {"script":"<script> [1562 bytes]","args":[{"selector":{"id":"application-managepartners-display-component---NewPartner--addressDetailDetailsName1","interaction":{"idSuffix":"inner"}},"wdio_ui5_key":"applicationmanagepartners-display-component---NewPartner--addressDetailDetailsName1"}]}
RESULT: {"script":"<script> [1562 bytes]","args":[{"selector":{"id":"application-managepartners-display-component---NewPartner--addressDetailDetailsName1","interaction":{"idSuffix":"inner"}},"wdio_ui5_key":"applicationmanagepartners-display-component---NewPartner--addressDetailDetailsName1"}]}
RESULT: undefined
COMMAND: POST /session/b6c10327e85db8e4472cf13987b22354/execute/async - {"script":"<script> [776 bytes]","args":[{"enterText":"Intracompany Partner WDIO","selector":{"id":"application-managepartners-display-component---NewPartner--addressDetailDetailsName1","interaction":{"idSuffix":"inner"}},"clearTextFirst":true,"interactionType":"ENTER_TEXT"}]}
RESULT: {"script":"<script> [776 bytes]","args":[{"enterText":"Intracompany Partner WDIO","selector":{"id":"application-managepartners-display-component---NewPartner--addressDetailDetailsName1","interaction":{"idSuffix":"inner"}},"clearTextFirst":true,"interactionType":"ENTER_TEXT"}]}
COMMAND: POST /session/b6c10327e85db8e4472cf13987b22354/execute/async - {"script":"<script> [1562 bytes]","args":[{"selector":{"id":"application-managepartners-display-component---NewPartner--addressDetailDetailsLanguage-arrow"},"wdio_ui5_key":"applicationmanagepartners-display-component---NewPartner--addressDetailDetailsLanguage-arrow"}]}
RESULT: {"script":"<script> [1562 bytes]","args":[{"selector":{"id":"application-managepartners-display-component---NewPartner--addressDetailDetailsLanguage-arrow"},"wdio_ui5_key":"applicationmanagepartners-display-component---NewPartner--addressDetailDetailsLanguage-arrow"}]}
RESULT: undefined
COMMAND: POST /session/b6c10327e85db8e4472cf13987b22354/element - {"using":"xpath","value":"//*[@id=\"application-managepartners-display-component---NewPartner--addressDetailDetailsLanguage-arrow\"]"}
RESULT: {"using":"xpath","value":"//*[@id=\"application-managepartners-display-component---NewPartner--addressDetailDetailsLanguage-arrow\"]"}
COMMAND: POST /session/b6c10327e85db8e4472cf13987b22354/element/f.76EFC1153EA5792FD1141D4CA15B46A2.d.89395005C82FCF7EF14589457070AC45.e.4535/click - {}
RESULT: {}
COMMAND: POST /session/b6c10327e85db8e4472cf13987b22354/element - {"using":"xpath","value":"//span[contains(text(), \"English\")]"}
COMMAND: GET /session/b6c10327e85db8e4472cf13987b22354/screenshot - {}
RESULT: {"using":"xpath","value":"//span[contains(text(), \"English\")]"}
COMMAND: POST /session/b6c10327e85db8e4472cf13987b22354/element/f.76EFC1153EA5792FD1141D4CA15B46A2.d.89395005C82FCF7EF14589457070AC45.e.4536/click - {}
RESULT: {}
RESULT: {}
COMMAND: GET /session/b6c10327e85db8e4472cf13987b22354/screenshot - {}
RESULT: {}
COMMAND: POST /session/b6c10327e85db8e4472cf13987b22354/execute/async - {"script":"<script> [1562 bytes]","args":[{"selector":{"id":"application-managepartners-display-component---NewPartner--addressDetailDetailsCity1","interaction":{"idSuffix":"inner"}},"wdio_ui5_key":"applicationmanagepartners-display-component---NewPartner--addressDetailDetailsCity1"}]}
RESULT: {"script":"<script> [1562 bytes]","args":[{"selector":{"id":"application-managepartners-display-component---NewPartner--addressDetailDetailsCity1","interaction":{"idSuffix":"inner"}},"wdio_ui5_key":"applicationmanagepartners-display-component---NewPartner--addressDetailDetailsCity1"}]}
RESULT: undefined
COMMAND: POST /session/b6c10327e85db8e4472cf13987b22354/execute/async - {"script":"<script> [776 bytes]","args":[{"enterText":"Rosario","selector":{"id":"application-managepartners-display-component---NewPartner--addressDetailDetailsCity1","interaction":{"idSuffix":"inner"}},"clearTextFirst":true,"interactionType":"ENTER_TEXT"}]}
RESULT: {"script":"<script> [776 bytes]","args":[{"enterText":"Rosario","selector":{"id":"application-managepartners-display-component---NewPartner--addressDetailDetailsCity1","interaction":{"idSuffix":"inner"}},"clearTextFirst":true,"interactionType":"ENTER_TEXT"}]}
COMMAND: POST /session/b6c10327e85db8e4472cf13987b22354/execute/async - {"script":"<script> [1562 bytes]","args":[{"selector":{"id":"application-managepartners-display-component---NewPartner--addressDetailDetailsCountry-arrow"},"wdio_ui5_key":"applicationmanagepartners-display-component---NewPartner--addressDetailDetailsCountry-arrow"}]}
RESULT: {"script":"<script> [1562 bytes]","args":[{"selector":{"id":"application-managepartners-display-component---NewPartner--addressDetailDetailsCountry-arrow"},"wdio_ui5_key":"applicationmanagepartners-display-component---NewPartner--addressDetailDetailsCountry-arrow"}]}
RESULT: undefined
COMMAND: POST /session/b6c10327e85db8e4472cf13987b22354/element - {"using":"xpath","value":"//*[@id=\"application-managepartners-display-component---NewPartner--addressDetailDetailsCountry-arrow\"]"}
RESULT: {"using":"xpath","value":"//*[@id=\"application-managepartners-display-component---NewPartner--addressDetailDetailsCountry-arrow\"]"}
COMMAND: POST /session/b6c10327e85db8e4472cf13987b22354/element/f.76EFC1153EA5792FD1141D4CA15B46A2.d.89395005C82FCF7EF14589457070AC45.e.4522/click - {}
RESULT: {}
COMMAND: POST /session/b6c10327e85db8e4472cf13987b22354/element - {"using":"xpath","value":"//span[contains(text(), \"Argentina\")]"}
COMMAND: GET /session/b6c10327e85db8e4472cf13987b22354/screenshot - {}
RESULT: {"using":"xpath","value":"//span[contains(text(), \"Argentina\")]"}
COMMAND: POST /session/b6c10327e85db8e4472cf13987b22354/element/f.76EFC1153EA5792FD1141D4CA15B46A2.d.89395005C82FCF7EF14589457070AC45.e.4538/click - {}
RESULT: {}
RESULT: {}
COMMAND: GET /session/b6c10327e85db8e4472cf13987b22354/screenshot - {}
RESULT: {}
COMMAND: POST /session/b6c10327e85db8e4472cf13987b22354/element - {"using":"xpath","value":"//bdi[contains(text(), \"Commercial\")]"}
RESULT: {"using":"xpath","value":"//bdi[contains(text(), \"Commercial\")]"}
COMMAND: POST /session/b6c10327e85db8e4472cf13987b22354/element/f.76EFC1153EA5792FD1141D4CA15B46A2.d.89395005C82FCF7EF14589457070AC45.e.4539/click - {}
RESULT: {}
COMMAND: GET /session/b6c10327e85db8e4472cf13987b22354/screenshot - {}
RESULT: {}
COMMAND: POST /session/b6c10327e85db8e4472cf13987b22354/execute/async - {"script":"<script> [1562 bytes]","args":[{"selector":{"id":"application-managepartners-display-component---NewPartner--partnerDetailInternal-arrow"},"wdio_ui5_key":"applicationmanagepartners-display-component---NewPartner--partnerDetailInternal-arrow"}]}
RESULT: {"script":"<script> [1562 bytes]","args":[{"selector":{"id":"application-managepartners-display-component---NewPartner--partnerDetailInternal-arrow"},"wdio_ui5_key":"applicationmanagepartners-display-component---NewPartner--partnerDetailInternal-arrow"}]}
RESULT: undefined
COMMAND: POST /session/b6c10327e85db8e4472cf13987b22354/element - {"using":"xpath","value":"//*[@id=\"application-managepartners-display-component---NewPartner--partnerDetailInternal-arrow\"]"}
RESULT: {"using":"xpath","value":"//*[@id=\"application-managepartners-display-component---NewPartner--partnerDetailInternal-arrow\"]"}
COMMAND: POST /session/b6c10327e85db8e4472cf13987b22354/element/f.76EFC1153EA5792FD1141D4CA15B46A2.d.89395005C82FCF7EF14589457070AC45.e.4545/click - {}
RESULT: {}
COMMAND: POST /session/b6c10327e85db8e4472cf13987b22354/element - {"using":"xpath","value":"//span[contains(text(), \"Affiliated company\")]"}
COMMAND: GET /session/b6c10327e85db8e4472cf13987b22354/screenshot - {}
RESULT: {"using":"xpath","value":"//span[contains(text(), \"Affiliated company\")]"}
COMMAND: POST /session/b6c10327e85db8e4472cf13987b22354/element/f.76EFC1153EA5792FD1141D4CA15B46A2.d.89395005C82FCF7EF14589457070AC45.e.4546/click - {}
RESULT: {}
RESULT: {}
COMMAND: POST /session/b6c10327e85db8e4472cf13987b22354/execute/async - {"script":"<script> [1562 bytes]","args":[{"selector":{"id":"application-managepartners-display-component---NewPartner--partnerDetailsCurrency-arrow"},"wdio_ui5_key":"applicationmanagepartners-display-component---NewPartner--partnerDetailsCurrency-arrow"}]}
COMMAND: GET /session/b6c10327e85db8e4472cf13987b22354/screenshot - {}
RESULT: {"script":"<script> [1562 bytes]","args":[{"selector":{"id":"application-managepartners-display-component---NewPartner--partnerDetailsCurrency-arrow"},"wdio_ui5_key":"applicationmanagepartners-display-component---NewPartner--partnerDetailsCurrency-arrow"}]}
RESULT: undefined
COMMAND: POST /session/b6c10327e85db8e4472cf13987b22354/element - {"using":"xpath","value":"//*[@id=\"application-managepartners-display-component---NewPartner--partnerDetailsCurrency-arrow\"]"}
RESULT: {}
RESULT: {"using":"xpath","value":"//*[@id=\"application-managepartners-display-component---NewPartner--partnerDetailsCurrency-arrow\"]"}
COMMAND: POST /session/b6c10327e85db8e4472cf13987b22354/element/f.76EFC1153EA5792FD1141D4CA15B46A2.d.89395005C82FCF7EF14589457070AC45.e.4553/click - {}
RESULT: {}
COMMAND: POST /session/b6c10327e85db8e4472cf13987b22354/element - {"using":"xpath","value":"//span[contains(text(), \"Euro\")]"}
COMMAND: GET /session/b6c10327e85db8e4472cf13987b22354/screenshot - {}
RESULT: {"using":"xpath","value":"//span[contains(text(), \"Euro\")]"}
COMMAND: POST /session/b6c10327e85db8e4472cf13987b22354/element/f.76EFC1153EA5792FD1141D4CA15B46A2.d.89395005C82FCF7EF14589457070AC45.e.4554/click - {}
RESULT: {}
RESULT: {}
COMMAND: POST /session/b6c10327e85db8e4472cf13987b22354/execute/async - {"script":"<script> [1562 bytes]","args":[{"selector":{"id":"application-managepartners-display-component---NewPartner--addressEditDetailsCostObjectCstType-arrow"},"wdio_ui5_key":"applicationmanagepartners-display-component---NewPartner--addressEditDetailsCostObjectCstType-arrow"}]}
COMMAND: GET /session/b6c10327e85db8e4472cf13987b22354/screenshot - {}
RESULT: {"script":"<script> [1562 bytes]","args":[{"selector":{"id":"application-managepartners-display-component---NewPartner--addressEditDetailsCostObjectCstType-arrow"},"wdio_ui5_key":"applicationmanagepartners-display-component---NewPartner--addressEditDetailsCostObjectCstType-arrow"}]}
RESULT: undefined
COMMAND: POST /session/b6c10327e85db8e4472cf13987b22354/element - {"using":"xpath","value":"//*[@id=\"application-managepartners-display-component---NewPartner--addressEditDetailsCostObjectCstType-arrow\"]"}
RESULT: {}
RESULT: {"using":"xpath","value":"//*[@id=\"application-managepartners-display-component---NewPartner--addressEditDetailsCostObjectCstType-arrow\"]"}
COMMAND: POST /session/b6c10327e85db8e4472cf13987b22354/element/f.76EFC1153EA5792FD1141D4CA15B46A2.d.89395005C82FCF7EF14589457070AC45.e.4555/click - {}
RESULT: {}
COMMAND: POST /session/b6c10327e85db8e4472cf13987b22354/element - {"using":"xpath","value":"//span[contains(text(), \"Cost Center\")]"}
COMMAND: GET /session/b6c10327e85db8e4472cf13987b22354/screenshot - {}
RESULT: {"using":"xpath","value":"//span[contains(text(), \"Cost Center\")]"}
COMMAND: POST /session/b6c10327e85db8e4472cf13987b22354/element/f.76EFC1153EA5792FD1141D4CA15B46A2.d.89395005C82FCF7EF14589457070AC45.e.4556/click - {}
RESULT: {}
RESULT: {}
COMMAND: GET /session/b6c10327e85db8e4472cf13987b22354/screenshot - {}
RESULT: {}
COMMAND: POST /session/b6c10327e85db8e4472cf13987b22354/element - {"using":"xpath","value":"//span[@id=\"application-managepartners-display-component---NewPartner--addressNewCostObjectCstID-vhi\"]"}
RESULT: {"using":"xpath","value":"//span[@id=\"application-managepartners-display-component---NewPartner--addressNewCostObjectCstID-vhi\"]"}
COMMAND: POST /session/b6c10327e85db8e4472cf13987b22354/execute/sync - {"script":"<script> [8489 bytes]","args":[{"element-6066-11e4-a52e-4f735466cecf":"f.76EFC1153EA5792FD1141D4CA15B46A2.d.89395005C82FCF7EF14589457070AC45.e.4560","ELEMENT":"f.76EFC1153EA5792FD1141D4CA15B46A2.d.89395005C82FCF7EF14589457070AC45.e.4560"}]}
RESULT: {"script":"<script> [8489 bytes]","args":[{"element-6066-11e4-a52e-4f735466cecf":"f.76EFC1153EA5792FD1141D4CA15B46A2.d.89395005C82FCF7EF14589457070AC45.e.4560","ELEMENT":"f.76EFC1153EA5792FD1141D4CA15B46A2.d.89395005C82FCF7EF14589457070AC45.e.4560"}]}
COMMAND: POST /session/b6c10327e85db8e4472cf13987b22354/execute/async - {"script":"<script> [1562 bytes]","args":[{"selector":{"id":"application-managepartners-display-component---NewPartner--addressNewCostObjectCstID-vhi"},"wdio_ui5_key":"applicationmanagepartners-display-component---NewPartner--addressNewCostObjectCstID-vhi"}]}
COMMAND: GET /session/b6c10327e85db8e4472cf13987b22354/screenshot - {}
RESULT: {"script":"<script> [1562 bytes]","args":[{"selector":{"id":"application-managepartners-display-component---NewPartner--addressNewCostObjectCstID-vhi"},"wdio_ui5_key":"applicationmanagepartners-display-component---NewPartner--addressNewCostObjectCstID-vhi"}]}
RESULT: undefined
COMMAND: POST /session/b6c10327e85db8e4472cf13987b22354/element - {"using":"xpath","value":"//*[@id=\"application-managepartners-display-component---NewPartner--addressNewCostObjectCstID-vhi\"]"}
RESULT: {}
RESULT: {"using":"xpath","value":"//*[@id=\"application-managepartners-display-component---NewPartner--addressNewCostObjectCstID-vhi\"]"}
COMMAND: POST /session/b6c10327e85db8e4472cf13987b22354/element/f.76EFC1153EA5792FD1141D4CA15B46A2.d.89395005C82FCF7EF14589457070AC45.e.4560/click - {}
RESULT: {}
COMMAND: GET /session/b6c10327e85db8e4472cf13987b22354/screenshot - {}
RESULT: {}
COMMAND: POST /session/b6c10327e85db8e4472cf13987b22354/execute/async - {"script":"<script> [1562 bytes]","args":[{"selector":{"controlType":"sap.m.SearchField","properties":{"placeholder":"Search"},"searchOpenDialogs":true,"interaction":{"idSuffix":"I"}},"wdio_ui5_key":"sapm.SearchField{\"placeholder\":\"Search\"}"}]}
RESULT: {"script":"<script> [1562 bytes]","args":[{"selector":{"controlType":"sap.m.SearchField","properties":{"placeholder":"Search"},"searchOpenDialogs":true,"interaction":{"idSuffix":"I"}},"wdio_ui5_key":"sapm.SearchField{\"placeholder\":\"Search\"}"}]}
RESULT: undefined
COMMAND: POST /session/b6c10327e85db8e4472cf13987b22354/execute/async - {"script":"<script> [776 bytes]","args":[{"enterText":"10001013","selector":{"controlType":"sap.m.SearchField","properties":{"placeholder":"Search"},"searchOpenDialogs":true,"interaction":{"idSuffix":"I"}},"clearTextFirst":true,"interactionType":"ENTER_TEXT"}]}
RESULT: {"script":"<script> [776 bytes]","args":[{"enterText":"10001013","selector":{"controlType":"sap.m.SearchField","properties":{"placeholder":"Search"},"searchOpenDialogs":true,"interaction":{"idSuffix":"I"}},"clearTextFirst":true,"interactionType":"ENTER_TEXT"}]}
COMMAND: POST /session/b6c10327e85db8e4472cf13987b22354/actions - {"actions":[{"id":"action12","type":"key","parameters":{},"actions":[{"type":"keyDown","value":"î€‡"},{"type":"pause","duration":10},{"type":"keyUp","value":"î€‡"}]}]}
RESULT: {"actions":[{"id":"action12","type":"key","parameters":{},"actions":[{"type":"keyDown","value":"î€‡"},{"type":"pause","duration":10},{"type":"keyUp","value":"î€‡"}]}]}
COMMAND: GET /session/b6c10327e85db8e4472cf13987b22354/screenshot - {}
RESULT: {}
COMMAND: POST /session/b6c10327e85db8e4472cf13987b22354/element - {"using":"xpath","value":"//span[contains(text(), \"General Management\")]"}
RESULT: {"using":"xpath","value":"//span[contains(text(), \"General Management\")]"}
COMMAND: POST /session/b6c10327e85db8e4472cf13987b22354/element/f.76EFC1153EA5792FD1141D4CA15B46A2.d.89395005C82FCF7EF14589457070AC45.e.4602/click - {}
RESULT: {}
COMMAND: GET /session/b6c10327e85db8e4472cf13987b22354/screenshot - {}
RESULT: {}
COMMAND: POST /session/b6c10327e85db8e4472cf13987b22354/element - {"using":"xpath","value":"//bdi[contains(text(), \"OK\")]"}
RESULT: {"using":"xpath","value":"//bdi[contains(text(), \"OK\")]"}
COMMAND: POST /session/b6c10327e85db8e4472cf13987b22354/element/f.76EFC1153EA5792FD1141D4CA15B46A2.d.89395005C82FCF7EF14589457070AC45.e.4603/click - {}
RESULT: {}
COMMAND: GET /session/b6c10327e85db8e4472cf13987b22354/screenshot - {}
RESULT: {}
COMMAND: POST /session/b6c10327e85db8e4472cf13987b22354/element - {"using":"xpath","value":"//input[@id=\"application-managepartners-display-component---NewPartner--companyCodeComboBox-inner\"]"}
RESULT: {"using":"xpath","value":"//input[@id=\"application-managepartners-display-component---NewPartner--companyCodeComboBox-inner\"]"}
COMMAND: POST /session/b6c10327e85db8e4472cf13987b22354/element/f.76EFC1153EA5792FD1141D4CA15B46A2.d.89395005C82FCF7EF14589457070AC45.e.4390/clear - {}
RESULT: {}
COMMAND: POST /session/b6c10327e85db8e4472cf13987b22354/element/f.76EFC1153EA5792FD1141D4CA15B46A2.d.89395005C82FCF7EF14589457070AC45.e.4390/value - {"text":"1000"}
COMMAND: GET /session/b6c10327e85db8e4472cf13987b22354/screenshot - {}
RESULT: {"text":"1000"}
COMMAND: GET /session/b6c10327e85db8e4472cf13987b22354/screenshot - {}
RESULT: {}
RESULT: {}
COMMAND: POST /session/b6c10327e85db8e4472cf13987b22354/element - {"using":"xpath","value":"//li[.//span[text()= \"1000\"]]"}
RESULT: {"using":"xpath","value":"//li[.//span[text()= \"1000\"]]"}
COMMAND: POST /session/b6c10327e85db8e4472cf13987b22354/element/f.76EFC1153EA5792FD1141D4CA15B46A2.d.89395005C82FCF7EF14589457070AC45.e.4609/click - {}
RESULT: {}
COMMAND: GET /session/b6c10327e85db8e4472cf13987b22354/screenshot - {}
RESULT: {}
COMMAND: POST /session/b6c10327e85db8e4472cf13987b22354/execute/async - {"script":"<script> [1562 bytes]","args":[{"selector":{"id":"application-managepartners-display-component---NewPartner--btnAddTableRow-img"},"wdio_ui5_key":"applicationmanagepartners-display-component---NewPartner--btnAddTableRow-img"}]}
RESULT: {"script":"<script> [1562 bytes]","args":[{"selector":{"id":"application-managepartners-display-component---NewPartner--btnAddTableRow-img"},"wdio_ui5_key":"applicationmanagepartners-display-component---NewPartner--btnAddTableRow-img"}]}
RESULT: undefined
COMMAND: POST /session/b6c10327e85db8e4472cf13987b22354/element - {"using":"xpath","value":"//*[@id=\"application-managepartners-display-component---NewPartner--btnAddTableRow-img\"]"}
RESULT: {"using":"xpath","value":"//*[@id=\"application-managepartners-display-component---NewPartner--btnAddTableRow-img\"]"}
COMMAND: POST /session/b6c10327e85db8e4472cf13987b22354/element/f.76EFC1153EA5792FD1141D4CA15B46A2.d.89395005C82FCF7EF14589457070AC45.e.4610/click - {}
RESULT: {}
COMMAND: GET /session/b6c10327e85db8e4472cf13987b22354/screenshot - {}
RESULT: {}
COMMAND: POST /session/b6c10327e85db8e4472cf13987b22354/element - {"using":"xpath","value":"//input[@id=\"application-managepartners-display-component---NewPartner--assignmentYard-application-managepartners-display-component---NewPartner--assignmentsTable-0-inner\"]"}
RESULT: {"using":"xpath","value":"//input[@id=\"application-managepartners-display-component---NewPartner--assignmentYard-application-managepartners-display-component---NewPartner--assignmentsTable-0-inner\"]"}
COMMAND: POST /session/b6c10327e85db8e4472cf13987b22354/element/f.76EFC1153EA5792FD1141D4CA15B46A2.d.89395005C82FCF7EF14589457070AC45.e.4613/clear - {}
RESULT: {}
COMMAND: POST /session/b6c10327e85db8e4472cf13987b22354/element/f.76EFC1153EA5792FD1141D4CA15B46A2.d.89395005C82FCF7EF14589457070AC45.e.4613/value - {"text":"195"}
COMMAND: GET /session/b6c10327e85db8e4472cf13987b22354/screenshot - {}
RESULT: {"text":"195"}
COMMAND: GET /session/b6c10327e85db8e4472cf13987b22354/screenshot - {}
RESULT: {}
RESULT: {}
COMMAND: POST /session/b6c10327e85db8e4472cf13987b22354/element - {"using":"xpath","value":"//li[.//span[text()='195']]"}
RESULT: {"using":"xpath","value":"//li[.//span[text()='195']]"}
COMMAND: POST /session/b6c10327e85db8e4472cf13987b22354/element/f.76EFC1153EA5792FD1141D4CA15B46A2.d.89395005C82FCF7EF14589457070AC45.e.4623/click - {}
RESULT: {}
COMMAND: GET /session/b6c10327e85db8e4472cf13987b22354/screenshot - {}
RESULT: {}
COMMAND: POST /session/b6c10327e85db8e4472cf13987b22354/actions - {"actions":[{"id":"action13","type":"key","parameters":{},"actions":[{"type":"keyDown","value":"î€‡"},{"type":"pause","duration":10},{"type":"keyUp","value":"î€‡"}]}]}
RESULT: {"actions":[{"id":"action13","type":"key","parameters":{},"actions":[{"type":"keyDown","value":"î€‡"},{"type":"pause","duration":10},{"type":"keyUp","value":"î€‡"}]}]}
COMMAND: POST /session/b6c10327e85db8e4472cf13987b22354/execute/async - {"script":"<script> [1562 bytes]","args":[{"selector":{"id":"application-managepartners-display-component---NewPartner--externalCustomerComboBox-application-managepartners-display-component---NewPartner--assignmentsTable-0-vhi"},"wdio_ui5_key":"applicationmanagepartners-display-component---NewPartner--externalCustomerComboBox-application-managepartners-display-component---NewPartner--assignmentsTable-0-vhi"}]}
COMMAND: GET /session/b6c10327e85db8e4472cf13987b22354/screenshot - {}
RESULT: {"script":"<script> [1562 bytes]","args":[{"selector":{"id":"application-managepartners-display-component---NewPartner--externalCustomerComboBox-application-managepartners-display-component---NewPartner--assignmentsTable-0-vhi"},"wdio_ui5_key":"applicationmanagepartners-display-component---NewPartner--externalCustomerComboBox-application-managepartners-display-component---NewPartner--assignmentsTable-0-vhi"}]}
RESULT: undefined
COMMAND: POST /session/b6c10327e85db8e4472cf13987b22354/element - {"using":"xpath","value":"//*[@id=\"application-managepartners-display-component---NewPartner--externalCustomerComboBox-application-managepartners-display-component---NewPartner--assignmentsTable-0-vhi\"]"}
RESULT: {}
RESULT: {"using":"xpath","value":"//*[@id=\"application-managepartners-display-component---NewPartner--externalCustomerComboBox-application-managepartners-display-component---NewPartner--assignmentsTable-0-vhi\"]"}
COMMAND: POST /session/b6c10327e85db8e4472cf13987b22354/element/f.76EFC1153EA5792FD1141D4CA15B46A2.d.89395005C82FCF7EF14589457070AC45.e.4627/click - {}
RESULT: {}
RESULT: undefined
COMMAND: POST /session/b6c10327e85db8e4472cf13987b22354/execute/async - {"script":"<script> [776 bytes]","args":[{"enterText":"300003","selector":{"controlType":"sap.m.SearchField","properties":{"placeholder":"Search"},"searchOpenDialogs":true,"interaction":{"idSuffix":"I"}},"clearTextFirst":true,"interactionType":"ENTER_TEXT"}]}
COMMAND: GET /session/b6c10327e85db8e4472cf13987b22354/screenshot - {}
RESULT: {"script":"<script> [776 bytes]","args":[{"enterText":"300003","selector":{"controlType":"sap.m.SearchField","properties":{"placeholder":"Search"},"searchOpenDialogs":true,"interaction":{"idSuffix":"I"}},"clearTextFirst":true,"interactionType":"ENTER_TEXT"}]}
COMMAND: POST /session/b6c10327e85db8e4472cf13987b22354/actions - {"actions":[{"id":"action14","type":"key","parameters":{},"actions":[{"type":"keyDown","value":"î€‡"},{"type":"pause","duration":10},{"type":"keyUp","value":"î€‡"}]}]}
RESULT: {}
RESULT: {"actions":[{"id":"action14","type":"key","parameters":{},"actions":[{"type":"keyDown","value":"î€‡"},{"type":"pause","duration":10},{"type":"keyUp","value":"î€‡"}]}]}
COMMAND: GET /session/b6c10327e85db8e4472cf13987b22354/screenshot - {}
RESULT: {}
COMMAND: POST /session/b6c10327e85db8e4472cf13987b22354/element - {"using":"xpath","value":"//span[contains(text(), \"300003\")]"}
RESULT: {"using":"xpath","value":"//span[contains(text(), \"300003\")]"}
COMMAND: POST /session/b6c10327e85db8e4472cf13987b22354/element/f.76EFC1153EA5792FD1141D4CA15B46A2.d.89395005C82FCF7EF14589457070AC45.e.4677/click - {}
RESULT: {}
COMMAND: GET /session/b6c10327e85db8e4472cf13987b22354/screenshot - {}
RESULT: {}
COMMAND: POST /session/b6c10327e85db8e4472cf13987b22354/element - {"using":"xpath","value":"//bdi[contains(text(), \"OK\")]"}
RESULT: {"using":"xpath","value":"//bdi[contains(text(), \"OK\")]"}
COMMAND: POST /session/b6c10327e85db8e4472cf13987b22354/element/f.76EFC1153EA5792FD1141D4CA15B46A2.d.89395005C82FCF7EF14589457070AC45.e.4679/click - {}
RESULT: {}
COMMAND: GET /session/b6c10327e85db8e4472cf13987b22354/screenshot - {}
RESULT: {}
COMMAND: POST /session/b6c10327e85db8e4472cf13987b22354/execute/async - {"script":"<script> [1562 bytes]","args":[{"selector":{"id":"application-managepartners-display-component---NewPartner--intercompVendorComboBox-application-managepartners-display-component---NewPartner--assignmentsTable-0-vhi"},"wdio_ui5_key":"applicationmanagepartners-display-component---NewPartner--intercompVendorComboBox-application-managepartners-display-component---NewPartner--assignmentsTable-0-vhi"}]}
RESULT: {"script":"<script> [1562 bytes]","args":[{"selector":{"id":"application-managepartners-display-component---NewPartner--intercompVendorComboBox-application-managepartners-display-component---NewPartner--assignmentsTable-0-vhi"},"wdio_ui5_key":"applicationmanagepartners-display-component---NewPartner--intercompVendorComboBox-application-managepartners-display-component---NewPartner--assignmentsTable-0-vhi"}]}
RESULT: undefined
COMMAND: POST /session/b6c10327e85db8e4472cf13987b22354/element - {"using":"xpath","value":"//*[@id=\"application-managepartners-display-component---NewPartner--intercompVendorComboBox-application-managepartners-display-component---NewPartner--assignmentsTable-0-vhi\"]"}
RESULT: {"using":"xpath","value":"//*[@id=\"application-managepartners-display-component---NewPartner--intercompVendorComboBox-application-managepartners-display-component---NewPartner--assignmentsTable-0-vhi\"]"}
COMMAND: POST /session/b6c10327e85db8e4472cf13987b22354/element/f.76EFC1153EA5792FD1141D4CA15B46A2.d.89395005C82FCF7EF14589457070AC45.e.4682/click - {}
RESULT: {}
RESULT: undefined
COMMAND: POST /session/b6c10327e85db8e4472cf13987b22354/execute/async - {"script":"<script> [776 bytes]","args":[{"enterText":"100005","selector":{"controlType":"sap.m.SearchField","properties":{"placeholder":"Search"},"searchOpenDialogs":true,"interaction":{"idSuffix":"I"}},"clearTextFirst":true,"interactionType":"ENTER_TEXT"}]}
COMMAND: GET /session/b6c10327e85db8e4472cf13987b22354/screenshot - {}
RESULT: {"script":"<script> [776 bytes]","args":[{"enterText":"100005","selector":{"controlType":"sap.m.SearchField","properties":{"placeholder":"Search"},"searchOpenDialogs":true,"interaction":{"idSuffix":"I"}},"clearTextFirst":true,"interactionType":"ENTER_TEXT"}]}
COMMAND: POST /session/b6c10327e85db8e4472cf13987b22354/actions - {"actions":[{"id":"action15","type":"key","parameters":{},"actions":[{"type":"keyDown","value":"î€‡"},{"type":"pause","duration":10},{"type":"keyUp","value":"î€‡"}]}]}
RESULT: {}
RESULT: {"actions":[{"id":"action15","type":"key","parameters":{},"actions":[{"type":"keyDown","value":"î€‡"},{"type":"pause","duration":10},{"type":"keyUp","value":"î€‡"}]}]}
COMMAND: GET /session/b6c10327e85db8e4472cf13987b22354/screenshot - {}
RESULT: {}
COMMAND: POST /session/b6c10327e85db8e4472cf13987b22354/element - {"using":"xpath","value":"//span[contains(text(), \"Penguins - Field/12345 Berlin\")]"}
RESULT: {"using":"xpath","value":"//span[contains(text(), \"Penguins - Field/12345 Berlin\")]"}
COMMAND: POST /session/b6c10327e85db8e4472cf13987b22354/element/f.76EFC1153EA5792FD1141D4CA15B46A2.d.89395005C82FCF7EF14589457070AC45.e.4701/click - {}
RESULT: {}
COMMAND: GET /session/b6c10327e85db8e4472cf13987b22354/screenshot - {}
RESULT: {}
COMMAND: POST /session/b6c10327e85db8e4472cf13987b22354/element - {"using":"xpath","value":"//bdi[contains(text(), \"OK\")]"}
RESULT: {"using":"xpath","value":"//bdi[contains(text(), \"OK\")]"}
COMMAND: POST /session/b6c10327e85db8e4472cf13987b22354/element/f.76EFC1153EA5792FD1141D4CA15B46A2.d.89395005C82FCF7EF14589457070AC45.e.4702/click - {}
RESULT: {}
COMMAND: GET /session/b6c10327e85db8e4472cf13987b22354/screenshot - {}
RESULT: {}
COMMAND: POST /session/b6c10327e85db8e4472cf13987b22354/element - {"using":"xpath","value":"//button[@data-kt=\"saveButton\"]"}
RESULT: {"using":"xpath","value":"//button[@data-kt=\"saveButton\"]"}
COMMAND: POST /session/b6c10327e85db8e4472cf13987b22354/element/f.76EFC1153EA5792FD1141D4CA15B46A2.d.89395005C82FCF7EF14589457070AC45.e.4440/click - {}
RESULT: {}
COMMAND: GET /session/b6c10327e85db8e4472cf13987b22354/screenshot - {}
RESULT: {}
COMMAND: POST /session/b6c10327e85db8e4472cf13987b22354/element - {"using":"xpath","value":"//header[contains(@id, 'ObjectPageLayout-headerTitle')]/div[1]/div[2]/div[2]/span[1]"}
RESULT: {"using":"xpath","value":"//header[contains(@id, 'ObjectPageLayout-headerTitle')]/div[1]/div[2]/div[2]/span[1]"}
COMMAND: POST /session/b6c10327e85db8e4472cf13987b22354/elements - {"using":"xpath","value":"//header[contains(@id, 'ObjectPageLayout-headerTitle')]/div[1]/div[2]/div[2]/span[1]"}
RESULT: {"using":"xpath","value":"//header[contains(@id, 'ObjectPageLayout-headerTitle')]/div[1]/div[2]/div[2]/span[1]"}
COMMAND: POST /session/b6c10327e85db8e4472cf13987b22354/execute/sync - {"script":"<script> [56 bytes]","args":[{"element-6066-11e4-a52e-4f735466cecf":"f.76EFC1153EA5792FD1141D4CA15B46A2.d.89395005C82FCF7EF14589457070AC45.e.4816","ELEMENT":"f.76EFC1153EA5792FD1141D4CA15B46A2.d.89395005C82FCF7EF14589457070AC45.e.4816"}]}
RESULT: {"script":"<script> [56 bytes]","args":[{"element-6066-11e4-a52e-4f735466cecf":"f.76EFC1153EA5792FD1141D4CA15B46A2.d.89395005C82FCF7EF14589457070AC45.e.4816","ELEMENT":"f.76EFC1153EA5792FD1141D4CA15B46A2.d.89395005C82FCF7EF14589457070AC45.e.4816"}]}
COMMAND: POST /session/b6c10327e85db8e4472cf13987b22354/element - {"using":"css selector","value":"#shell-header-logo"}
COMMAND: GET /session/b6c10327e85db8e4472cf13987b22354/screenshot - {}
RESULT: {"using":"css selector","value":"#shell-header-logo"}
COMMAND: POST /session/b6c10327e85db8e4472cf13987b22354/element/f.76EFC1153EA5792FD1141D4CA15B46A2.d.89395005C82FCF7EF14589457070AC45.e.4145/click - {}
RESULT: {}
RESULT: {}
COMMAND: GET /session/b6c10327e85db8e4472cf13987b22354/screenshot - {}
RESULT: {}
COMMAND: POST /session/b6c10327e85db8e4472cf13987b22354/execute/sync - {"script":"<script> [299 bytes]","args":[["getModel","getResource"]]}
RESULT: {"script":"<script> [299 bytes]","args":[["getModel","getResource"]]}
RESULT: undefined
COMMAND: POST /session/b6c10327e85db8e4472cf13987b22354/element - {"using":"xpath","value":"//*[@id=\"__tile31\"]"}
COMMAND: GET /session/b6c10327e85db8e4472cf13987b22354/screenshot - {}
RESULT: {"using":"xpath","value":"//*[@id=\"__tile31\"]"}
COMMAND: POST /session/b6c10327e85db8e4472cf13987b22354/element/f.76EFC1153EA5792FD1141D4CA15B46A2.d.89395005C82FCF7EF14589457070AC45.e.4062/click - {}
RESULT: {}
RESULT: {}
COMMAND: GET /session/b6c10327e85db8e4472cf13987b22354/screenshot - {}
RESULT: {}
COMMAND: POST /session/b6c10327e85db8e4472cf13987b22354/elements - {"using":"xpath","value":"//span[text()='Error']"}
RESULT: {"using":"xpath","value":"//span[text()='Error']"}
COMMAND: POST /session/b6c10327e85db8e4472cf13987b22354/element - {"using":"xpath","value":"//button[@data-kt=\"addButton\"]"}
RESULT: {"using":"xpath","value":"//button[@data-kt=\"addButton\"]"}
COMMAND: POST /session/b6c10327e85db8e4472cf13987b22354/elements - {"using":"xpath","value":"//button[@data-kt=\"addButton\"]"}
RESULT: {"using":"xpath","value":"//button[@data-kt=\"addButton\"]"}
COMMAND: POST /session/b6c10327e85db8e4472cf13987b22354/execute/sync - {"script":"<script> [8489 bytes]","args":[{"element-6066-11e4-a52e-4f735466cecf":"f.76EFC1153EA5792FD1141D4CA15B46A2.d.89395005C82FCF7EF14589457070AC45.e.4863","ELEMENT":"f.76EFC1153EA5792FD1141D4CA15B46A2.d.89395005C82FCF7EF14589457070AC45.e.4863"}]}
RESULT: {"script":"<script> [8489 bytes]","args":[{"element-6066-11e4-a52e-4f735466cecf":"f.76EFC1153EA5792FD1141D4CA15B46A2.d.89395005C82FCF7EF14589457070AC45.e.4863","ELEMENT":"f.76EFC1153EA5792FD1141D4CA15B46A2.d.89395005C82FCF7EF14589457070AC45.e.4863"}]}
COMMAND: GET /session/b6c10327e85db8e4472cf13987b22354/element/f.76EFC1153EA5792FD1141D4CA15B46A2.d.89395005C82FCF7EF14589457070AC45.e.4863/enabled - {}
COMMAND: GET /session/b6c10327e85db8e4472cf13987b22354/screenshot - {}
RESULT: {}
COMMAND: POST /session/b6c10327e85db8e4472cf13987b22354/execute/sync - {"script":"<script> [8489 bytes]","args":[{"element-6066-11e4-a52e-4f735466cecf":"f.76EFC1153EA5792FD1141D4CA15B46A2.d.89395005C82FCF7EF14589457070AC45.e.4863","ELEMENT":"f.76EFC1153EA5792FD1141D4CA15B46A2.d.89395005C82FCF7EF14589457070AC45.e.4863"}]}
COMMAND: GET /session/b6c10327e85db8e4472cf13987b22354/screenshot - {}
RESULT: {}
RESULT: {"script":"<script> [8489 bytes]","args":[{"element-6066-11e4-a52e-4f735466cecf":"f.76EFC1153EA5792FD1141D4CA15B46A2.d.89395005C82FCF7EF14589457070AC45.e.4863","ELEMENT":"f.76EFC1153EA5792FD1141D4CA15B46A2.d.89395005C82FCF7EF14589457070AC45.e.4863"}]}
COMMAND: POST /session/b6c10327e85db8e4472cf13987b22354/execute/sync - {"script":"<script> [5351 bytes]","args":[{"element-6066-11e4-a52e-4f735466cecf":"f.76EFC1153EA5792FD1141D4CA15B46A2.d.89395005C82FCF7EF14589457070AC45.e.4863","ELEMENT":"f.76EFC1153EA5792FD1141D4CA15B46A2.d.89395005C82FCF7EF14589457070AC45.e.4863"}]}
COMMAND: GET /session/b6c10327e85db8e4472cf13987b22354/screenshot - {}
RESULT: {}
RESULT: {"script":"<script> [5351 bytes]","args":[{"element-6066-11e4-a52e-4f735466cecf":"f.76EFC1153EA5792FD1141D4CA15B46A2.d.89395005C82FCF7EF14589457070AC45.e.4863","ELEMENT":"f.76EFC1153EA5792FD1141D4CA15B46A2.d.89395005C82FCF7EF14589457070AC45.e.4863"}]}
COMMAND: GET /session/b6c10327e85db8e4472cf13987b22354/screenshot - {}
RESULT: {}
RESULT: {}
COMMAND: POST /session/b6c10327e85db8e4472cf13987b22354/execute/async - {"script":"<script> [1562 bytes]","args":[{"selector":{"id":"application-managepartners-display-component---masterPtm--smartFilterBar-btnBasicSearch","interaction":{"idSuffix":"I"}},"wdio_ui5_key":"applicationmanagepartners-display-component---masterPtm--smartFilterBar-btnBasicSearch"}]}
RESULT: {"script":"<script> [1562 bytes]","args":[{"selector":{"id":"application-managepartners-display-component---masterPtm--smartFilterBar-btnBasicSearch","interaction":{"idSuffix":"I"}},"wdio_ui5_key":"applicationmanagepartners-display-component---masterPtm--smartFilterBar-btnBasicSearch"}]}
RESULT: undefined
COMMAND: POST /session/b6c10327e85db8e4472cf13987b22354/execute/async - {"script":"<script> [776 bytes]","args":[{"enterText":"1058","selector":{"id":"application-managepartners-display-component---masterPtm--smartFilterBar-btnBasicSearch","interaction":{"idSuffix":"I"}},"clearTextFirst":true,"interactionType":"ENTER_TEXT"}]}
RESULT: {"script":"<script> [776 bytes]","args":[{"enterText":"1058","selector":{"id":"application-managepartners-display-component---masterPtm--smartFilterBar-btnBasicSearch","interaction":{"idSuffix":"I"}},"clearTextFirst":true,"interactionType":"ENTER_TEXT"}]}
COMMAND: POST /session/b6c10327e85db8e4472cf13987b22354/actions - {"actions":[{"id":"action16","type":"key","parameters":{},"actions":[{"type":"keyDown","value":"î€‡"},{"type":"pause","duration":10},{"type":"keyUp","value":"î€‡"}]}]}
RESULT: {"actions":[{"id":"action16","type":"key","parameters":{},"actions":[{"type":"keyDown","value":"î€‡"},{"type":"pause","duration":10},{"type":"keyUp","value":"î€‡"}]}]}
COMMAND: GET /session/b6c10327e85db8e4472cf13987b22354/screenshot - {}
RESULT: {}
COMMAND: POST /session/b6c10327e85db8e4472cf13987b22354/elements - {"using":"xpath","value":"//table[contains(@id, \"customPartnersTable-listUl\")]/tbody/tr"}
RESULT: {"using":"xpath","value":"//table[contains(@id, \"customPartnersTable-listUl\")]/tbody/tr"}
COMMAND: POST /session/b6c10327e85db8e4472cf13987b22354/element - {"using":"xpath","value":"//table[contains(@id, \"customPartnersTable-listUl\")]/tbody/tr[1]/td[3]/span"}
RESULT: {"using":"xpath","value":"//table[contains(@id, \"customPartnersTable-listUl\")]/tbody/tr[1]/td[3]/span"}
COMMAND: POST /session/b6c10327e85db8e4472cf13987b22354/elements - {"using":"xpath","value":"//table[contains(@id, \"customPartnersTable-listUl\")]/tbody/tr[1]/td[3]/span"}
RESULT: {"using":"xpath","value":"//table[contains(@id, \"customPartnersTable-listUl\")]/tbody/tr[1]/td[3]/span"}
COMMAND: POST /session/b6c10327e85db8e4472cf13987b22354/execute/sync - {"script":"<script> [56 bytes]","args":[{"element-6066-11e4-a52e-4f735466cecf":"f.76EFC1153EA5792FD1141D4CA15B46A2.d.89395005C82FCF7EF14589457070AC45.e.4949","ELEMENT":"f.76EFC1153EA5792FD1141D4CA15B46A2.d.89395005C82FCF7EF14589457070AC45.e.4949"}]}
RESULT: {"script":"<script> [56 bytes]","args":[{"element-6066-11e4-a52e-4f735466cecf":"f.76EFC1153EA5792FD1141D4CA15B46A2.d.89395005C82FCF7EF14589457070AC45.e.4949","ELEMENT":"f.76EFC1153EA5792FD1141D4CA15B46A2.d.89395005C82FCF7EF14589457070AC45.e.4949"}]}
COMMAND: POST /session/b6c10327e85db8e4472cf13987b22354/element - {"using":"xpath","value":"(//span[contains(@id, \"imgNav\")])[1]"}
COMMAND: GET /session/b6c10327e85db8e4472cf13987b22354/screenshot - {}
RESULT: {"using":"xpath","value":"(//span[contains(@id, \"imgNav\")])[1]"}
COMMAND: POST /session/b6c10327e85db8e4472cf13987b22354/element/f.76EFC1153EA5792FD1141D4CA15B46A2.d.89395005C82FCF7EF14589457070AC45.e.4948/click - {}
RESULT: {}
RESULT: {}
COMMAND: GET /session/b6c10327e85db8e4472cf13987b22354/screenshot - {}
RESULT: {}
COMMAND: POST /session/b6c10327e85db8e4472cf13987b22354/element - {"using":"xpath","value":"//bdi[contains(text(), \"Edit\")]"}
RESULT: {"using":"xpath","value":"//bdi[contains(text(), \"Edit\")]"}
COMMAND: POST /session/b6c10327e85db8e4472cf13987b22354/element/f.76EFC1153EA5792FD1141D4CA15B46A2.d.89395005C82FCF7EF14589457070AC45.e.5094/click - {}
RESULT: {}
COMMAND: GET /session/b6c10327e85db8e4472cf13987b22354/screenshot - {}
RESULT: {}
COMMAND: POST /session/b6c10327e85db8e4472cf13987b22354/execute/async - {"script":"<script> [1562 bytes]","args":[{"selector":{"controlType":"sap.m.Input","viewName":"etm.portal.ui.managepartners.view.EditDetail","labelFor":{"text":"Name"},"interaction":{"idSuffix":"inner"}},"wdio_ui5_key":"etmportal.ui.managepartners.view.EditDetailsap.m.Input{\"text\":\"Name\"}"}]}
RESULT: {"script":"<script> [1562 bytes]","args":[{"selector":{"controlType":"sap.m.Input","viewName":"etm.portal.ui.managepartners.view.EditDetail","labelFor":{"text":"Name"},"interaction":{"idSuffix":"inner"}},"wdio_ui5_key":"etmportal.ui.managepartners.view.EditDetailsap.m.Input{\"text\":\"Name\"}"}]}
RESULT: undefined
COMMAND: POST /session/b6c10327e85db8e4472cf13987b22354/execute/async - {"script":"<script> [776 bytes]","args":[{"enterText":"Intracompany EDIT","selector":{"controlType":"sap.m.Input","viewName":"etm.portal.ui.managepartners.view.EditDetail","labelFor":{"text":"Name"},"interaction":{"idSuffix":"inner"}},"clearTextFirst":true,"interactionType":"ENTER_TEXT"}]}
RESULT: {"script":"<script> [776 bytes]","args":[{"enterText":"Intracompany EDIT","selector":{"controlType":"sap.m.Input","viewName":"etm.portal.ui.managepartners.view.EditDetail","labelFor":{"text":"Name"},"interaction":{"idSuffix":"inner"}},"clearTextFirst":true,"interactionType":"ENTER_TEXT"}]}
COMMAND: POST /session/b6c10327e85db8e4472cf13987b22354/element - {"using":"xpath","value":"(//span[contains(@id,\"addressDetailDetailsLanguage-arrow\")])[1]"}
RESULT: {"using":"xpath","value":"(//span[contains(@id,\"addressDetailDetailsLanguage-arrow\")])[1]"}
COMMAND: POST /session/b6c10327e85db8e4472cf13987b22354/element/f.76EFC1153EA5792FD1141D4CA15B46A2.d.89395005C82FCF7EF14589457070AC45.e.5179/click - {}
RESULT: {}
COMMAND: POST /session/b6c10327e85db8e4472cf13987b22354/element - {"using":"xpath","value":"//span[contains(text(), \"Chinese\")]"}
COMMAND: GET /session/b6c10327e85db8e4472cf13987b22354/screenshot - {}
RESULT: {"using":"xpath","value":"//span[contains(text(), \"Chinese\")]"}
COMMAND: POST /session/b6c10327e85db8e4472cf13987b22354/element/f.76EFC1153EA5792FD1141D4CA15B46A2.d.89395005C82FCF7EF14589457070AC45.e.5180/click - {}
RESULT: {}
RESULT: {}
COMMAND: GET /session/b6c10327e85db8e4472cf13987b22354/screenshot - {}
RESULT: {}
COMMAND: POST /session/b6c10327e85db8e4472cf13987b22354/execute/async - {"script":"<script> [1562 bytes]","args":[{"selector":{"controlType":"sap.m.Input","viewName":"etm.portal.ui.managepartners.view.EditDetail","labelFor":{"text":"City"},"interaction":{"idSuffix":"inner"}},"wdio_ui5_key":"etmportal.ui.managepartners.view.EditDetailsap.m.Input{\"text\":\"City\"}"}]}
RESULT: {"script":"<script> [1562 bytes]","args":[{"selector":{"controlType":"sap.m.Input","viewName":"etm.portal.ui.managepartners.view.EditDetail","labelFor":{"text":"City"},"interaction":{"idSuffix":"inner"}},"wdio_ui5_key":"etmportal.ui.managepartners.view.EditDetailsap.m.Input{\"text\":\"City\"}"}]}
RESULT: undefined
COMMAND: POST /session/b6c10327e85db8e4472cf13987b22354/execute/async - {"script":"<script> [776 bytes]","args":[{"enterText":"Clooj-Napoca","selector":{"controlType":"sap.m.Input","viewName":"etm.portal.ui.managepartners.view.EditDetail","labelFor":{"text":"City"},"interaction":{"idSuffix":"inner"}},"clearTextFirst":true,"interactionType":"ENTER_TEXT"}]}
RESULT: {"script":"<script> [776 bytes]","args":[{"enterText":"Clooj-Napoca","selector":{"controlType":"sap.m.Input","viewName":"etm.portal.ui.managepartners.view.EditDetail","labelFor":{"text":"City"},"interaction":{"idSuffix":"inner"}},"clearTextFirst":true,"interactionType":"ENTER_TEXT"}]}
COMMAND: POST /session/b6c10327e85db8e4472cf13987b22354/element - {"using":"xpath","value":"//button[@data-kt=\"saveButton\"]"}
RESULT: {"using":"xpath","value":"//button[@data-kt=\"saveButton\"]"}
COMMAND: POST /session/b6c10327e85db8e4472cf13987b22354/element/f.76EFC1153EA5792FD1141D4CA15B46A2.d.89395005C82FCF7EF14589457070AC45.e.5156/click - {}
RESULT: {}
COMMAND: GET /session/b6c10327e85db8e4472cf13987b22354/screenshot - {}
RESULT: {}
COMMAND: POST /session/b6c10327e85db8e4472cf13987b22354/execute/async - {"script":"<script> [1562 bytes]","args":[{"selector":{"id":"application-managepartners-display-component---detailPtm--addressDetailDetailsName1"},"wdio_ui5_key":"applicationmanagepartners-display-component---detailPtm--addressDetailDetailsName1"}]}
RESULT: {"script":"<script> [1562 bytes]","args":[{"selector":{"id":"application-managepartners-display-component---detailPtm--addressDetailDetailsName1"},"wdio_ui5_key":"applicationmanagepartners-display-component---detailPtm--addressDetailDetailsName1"}]}
RESULT: undefined
COMMAND: POST /session/b6c10327e85db8e4472cf13987b22354/execute/async - {"script":"<script> [6424 bytes]","args":[{"element-6066-11e4-a52e-4f735466cecf":"f.76EFC1153EA5792FD1141D4CA15B46A2.d.89395005C82FCF7EF14589457070AC45.e.5211"},"getValue",[]]}
RESULT: {"script":"<script> [6424 bytes]","args":[{"element-6066-11e4-a52e-4f735466cecf":"f.76EFC1153EA5792FD1141D4CA15B46A2.d.89395005C82FCF7EF14589457070AC45.e.5211"},"getValue",[]]}
COMMAND: POST /session/b6c10327e85db8e4472cf13987b22354/element - {"using":"xpath","value":"//input[@id = \"application-managepartners-display-component---detailPtm--addressDetailDetailsLanguage-inner\"]"}
RESULT: {"using":"xpath","value":"//input[@id = \"application-managepartners-display-component---detailPtm--addressDetailDetailsLanguage-inner\"]"}
COMMAND: GET /session/b6c10327e85db8e4472cf13987b22354/element/f.76EFC1153EA5792FD1141D4CA15B46A2.d.89395005C82FCF7EF14589457070AC45.e.5212/property/value - {}
RESULT: {}
COMMAND: POST /session/b6c10327e85db8e4472cf13987b22354/execute/async - {"script":"<script> [1562 bytes]","args":[{"selector":{"id":"application-managepartners-display-component---detailPtm--addressDetailDetailsCity1"},"wdio_ui5_key":"applicationmanagepartners-display-component---detailPtm--addressDetailDetailsCity1"}]}
COMMAND: GET /session/b6c10327e85db8e4472cf13987b22354/screenshot - {}
RESULT: {"script":"<script> [1562 bytes]","args":[{"selector":{"id":"application-managepartners-display-component---detailPtm--addressDetailDetailsCity1"},"wdio_ui5_key":"applicationmanagepartners-display-component---detailPtm--addressDetailDetailsCity1"}]}
RESULT: undefined
COMMAND: POST /session/b6c10327e85db8e4472cf13987b22354/execute/async - {"script":"<script> [6424 bytes]","args":[{"element-6066-11e4-a52e-4f735466cecf":"f.76EFC1153EA5792FD1141D4CA15B46A2.d.89395005C82FCF7EF14589457070AC45.e.5213"},"getValue",[]]}
RESULT: {}
RESULT: {"script":"<script> [6424 bytes]","args":[{"element-6066-11e4-a52e-4f735466cecf":"f.76EFC1153EA5792FD1141D4CA15B46A2.d.89395005C82FCF7EF14589457070AC45.e.5213"},"getValue",[]]}
COMMAND: POST /session/b6c10327e85db8e4472cf13987b22354/element - {"using":"css selector","value":"#shell-header-logo"}
RESULT: {"using":"css selector","value":"#shell-header-logo"}
COMMAND: POST /session/b6c10327e85db8e4472cf13987b22354/element/f.76EFC1153EA5792FD1141D4CA15B46A2.d.89395005C82FCF7EF14589457070AC45.e.4819/click - {}
RESULT: {}
COMMAND: GET /session/b6c10327e85db8e4472cf13987b22354/screenshot - {}
RESULT: {}
]]></system-out>
    </testcase>
    <testcase classname="chrome.137_0_7151_69.windows.Partner_specific_tests_US150819_US151080_US151654_US151176_US103444_US151078_US151079_US151109_US151174_US151175_US151189" name="Should do filtering and navigation tests US151109" time="152.753">
      <system-out><![CDATA[
COMMAND: POST /session/b6c10327e85db8e4472cf13987b22354/element - {"using":"xpath","value":"//li[.//span[text()=\"Manage Partners\"]]"}
RESULT: {"using":"xpath","value":"//li[.//span[text()=\"Manage Partners\"]]"}
COMMAND: POST /session/b6c10327e85db8e4472cf13987b22354/element - {"using":"xpath","value":"//li[.//span[text()=\"Manage Partners\"]]"}
RESULT: {"using":"xpath","value":"//li[.//span[text()=\"Manage Partners\"]]"}
COMMAND: POST /session/b6c10327e85db8e4472cf13987b22354/element - {"using":"css selector","value":"#shell-header-logo"}
RESULT: {"using":"css selector","value":"#shell-header-logo"}
COMMAND: POST /session/b6c10327e85db8e4472cf13987b22354/element/f.76EFC1153EA5792FD1141D4CA15B46A2.d.89395005C82FCF7EF14589457070AC45.e.5243/click - {}
COMMAND: POST /session/b6c10327e85db8e4472cf13987b22354/execute/sync - {"script":"<script> [8489 bytes]","args":[{"element-6066-11e4-a52e-4f735466cecf":"f.76EFC1153EA5792FD1141D4CA15B46A2.d.89395005C82FCF7EF14589457070AC45.e.5243","ELEMENT":"f.76EFC1153EA5792FD1141D4CA15B46A2.d.89395005C82FCF7EF14589457070AC45.e.5243"}]}
RESULT: {"script":"<script> [8489 bytes]","args":[{"element-6066-11e4-a52e-4f735466cecf":"f.76EFC1153EA5792FD1141D4CA15B46A2.d.89395005C82FCF7EF14589457070AC45.e.5243","ELEMENT":"f.76EFC1153EA5792FD1141D4CA15B46A2.d.89395005C82FCF7EF14589457070AC45.e.5243"}]}
COMMAND: POST /session/b6c10327e85db8e4472cf13987b22354/execute/sync - {"script":"<script> [5351 bytes]","args":[{"element-6066-11e4-a52e-4f735466cecf":"f.76EFC1153EA5792FD1141D4CA15B46A2.d.89395005C82FCF7EF14589457070AC45.e.5243","ELEMENT":"f.76EFC1153EA5792FD1141D4CA15B46A2.d.89395005C82FCF7EF14589457070AC45.e.5243"}]}
COMMAND: GET /session/b6c10327e85db8e4472cf13987b22354/screenshot - {}
RESULT: {}
COMMAND: GET /session/b6c10327e85db8e4472cf13987b22354/screenshot - {}
RESULT: {"script":"<script> [5351 bytes]","args":[{"element-6066-11e4-a52e-4f735466cecf":"f.76EFC1153EA5792FD1141D4CA15B46A2.d.89395005C82FCF7EF14589457070AC45.e.5243","ELEMENT":"f.76EFC1153EA5792FD1141D4CA15B46A2.d.89395005C82FCF7EF14589457070AC45.e.5243"}]}
COMMAND: GET /session/b6c10327e85db8e4472cf13987b22354/screenshot - {}
RESULT: {}
RESULT: {}
RESULT: {}
RESULT: undefined
COMMAND: POST /session/b6c10327e85db8e4472cf13987b22354/element - {"using":"xpath","value":"//*[@id=\"__tile31\"]"}
RESULT: {"using":"xpath","value":"//*[@id=\"__tile31\"]"}
COMMAND: POST /session/b6c10327e85db8e4472cf13987b22354/element/f.76EFC1153EA5792FD1141D4CA15B46A2.d.89395005C82FCF7EF14589457070AC45.e.4062/click - {}
RESULT: {}
COMMAND: GET /session/b6c10327e85db8e4472cf13987b22354/screenshot - {}
RESULT: {}
COMMAND: POST /session/b6c10327e85db8e4472cf13987b22354/elements - {"using":"xpath","value":"//span[text()='Error']"}
RESULT: {"using":"xpath","value":"//span[text()='Error']"}
COMMAND: POST /session/b6c10327e85db8e4472cf13987b22354/element - {"using":"xpath","value":"//button[@data-kt=\"addButton\"]"}
RESULT: {"using":"xpath","value":"//button[@data-kt=\"addButton\"]"}
COMMAND: POST /session/b6c10327e85db8e4472cf13987b22354/elements - {"using":"xpath","value":"//button[@data-kt=\"addButton\"]"}
RESULT: {"using":"xpath","value":"//button[@data-kt=\"addButton\"]"}
COMMAND: POST /session/b6c10327e85db8e4472cf13987b22354/execute/sync - {"script":"<script> [8489 bytes]","args":[{"element-6066-11e4-a52e-4f735466cecf":"f.76EFC1153EA5792FD1141D4CA15B46A2.d.89395005C82FCF7EF14589457070AC45.e.5288","ELEMENT":"f.76EFC1153EA5792FD1141D4CA15B46A2.d.89395005C82FCF7EF14589457070AC45.e.5288"}]}
RESULT: {"script":"<script> [8489 bytes]","args":[{"element-6066-11e4-a52e-4f735466cecf":"f.76EFC1153EA5792FD1141D4CA15B46A2.d.89395005C82FCF7EF14589457070AC45.e.5288","ELEMENT":"f.76EFC1153EA5792FD1141D4CA15B46A2.d.89395005C82FCF7EF14589457070AC45.e.5288"}]}
COMMAND: GET /session/b6c10327e85db8e4472cf13987b22354/element/f.76EFC1153EA5792FD1141D4CA15B46A2.d.89395005C82FCF7EF14589457070AC45.e.5288/enabled - {}
COMMAND: GET /session/b6c10327e85db8e4472cf13987b22354/screenshot - {}
RESULT: {}
COMMAND: POST /session/b6c10327e85db8e4472cf13987b22354/execute/sync - {"script":"<script> [8489 bytes]","args":[{"element-6066-11e4-a52e-4f735466cecf":"f.76EFC1153EA5792FD1141D4CA15B46A2.d.89395005C82FCF7EF14589457070AC45.e.5288","ELEMENT":"f.76EFC1153EA5792FD1141D4CA15B46A2.d.89395005C82FCF7EF14589457070AC45.e.5288"}]}
COMMAND: GET /session/b6c10327e85db8e4472cf13987b22354/screenshot - {}
RESULT: {}
RESULT: {"script":"<script> [8489 bytes]","args":[{"element-6066-11e4-a52e-4f735466cecf":"f.76EFC1153EA5792FD1141D4CA15B46A2.d.89395005C82FCF7EF14589457070AC45.e.5288","ELEMENT":"f.76EFC1153EA5792FD1141D4CA15B46A2.d.89395005C82FCF7EF14589457070AC45.e.5288"}]}
COMMAND: POST /session/b6c10327e85db8e4472cf13987b22354/execute/sync - {"script":"<script> [5351 bytes]","args":[{"element-6066-11e4-a52e-4f735466cecf":"f.76EFC1153EA5792FD1141D4CA15B46A2.d.89395005C82FCF7EF14589457070AC45.e.5288","ELEMENT":"f.76EFC1153EA5792FD1141D4CA15B46A2.d.89395005C82FCF7EF14589457070AC45.e.5288"}]}
COMMAND: GET /session/b6c10327e85db8e4472cf13987b22354/screenshot - {}
RESULT: {}
RESULT: {"script":"<script> [5351 bytes]","args":[{"element-6066-11e4-a52e-4f735466cecf":"f.76EFC1153EA5792FD1141D4CA15B46A2.d.89395005C82FCF7EF14589457070AC45.e.5288","ELEMENT":"f.76EFC1153EA5792FD1141D4CA15B46A2.d.89395005C82FCF7EF14589457070AC45.e.5288"}]}
COMMAND: GET /session/b6c10327e85db8e4472cf13987b22354/screenshot - {}
RESULT: {}
RESULT: {}
COMMAND: POST /session/b6c10327e85db8e4472cf13987b22354/element - {"using":"xpath","value":"//span[@id=\"application-managepartners-display-component---masterPtm--smartTable-header-inner\"]"}
RESULT: {"using":"xpath","value":"//span[@id=\"application-managepartners-display-component---masterPtm--smartTable-header-inner\"]"}
COMMAND: POST /session/b6c10327e85db8e4472cf13987b22354/elements - {"using":"xpath","value":"//span[@id=\"application-managepartners-display-component---masterPtm--smartTable-header-inner\"]"}
RESULT: {"using":"xpath","value":"//span[@id=\"application-managepartners-display-component---masterPtm--smartTable-header-inner\"]"}
COMMAND: POST /session/b6c10327e85db8e4472cf13987b22354/execute/sync - {"script":"<script> [56 bytes]","args":[{"element-6066-11e4-a52e-4f735466cecf":"f.76EFC1153EA5792FD1141D4CA15B46A2.d.89395005C82FCF7EF14589457070AC45.e.5363","ELEMENT":"f.76EFC1153EA5792FD1141D4CA15B46A2.d.89395005C82FCF7EF14589457070AC45.e.5363"}]}
RESULT: {"script":"<script> [56 bytes]","args":[{"element-6066-11e4-a52e-4f735466cecf":"f.76EFC1153EA5792FD1141D4CA15B46A2.d.89395005C82FCF7EF14589457070AC45.e.5363","ELEMENT":"f.76EFC1153EA5792FD1141D4CA15B46A2.d.89395005C82FCF7EF14589457070AC45.e.5363"}]}
RESULT: undefined
COMMAND: POST /session/b6c10327e85db8e4472cf13987b22354/execute/async - {"script":"<script> [776 bytes]","args":[{"enterText":"External Partner WDIO","selector":{"id":"application-managepartners-display-component---masterPtm--smartFilterBar-btnBasicSearch","interaction":{"idSuffix":"I"}},"clearTextFirst":true,"interactionType":"ENTER_TEXT"}]}
COMMAND: GET /session/b6c10327e85db8e4472cf13987b22354/screenshot - {}
RESULT: {"script":"<script> [776 bytes]","args":[{"enterText":"External Partner WDIO","selector":{"id":"application-managepartners-display-component---masterPtm--smartFilterBar-btnBasicSearch","interaction":{"idSuffix":"I"}},"clearTextFirst":true,"interactionType":"ENTER_TEXT"}]}
RESULT: {}
COMMAND: POST /session/b6c10327e85db8e4472cf13987b22354/actions - {"actions":[{"id":"action17","type":"key","parameters":{},"actions":[{"type":"keyDown","value":"î€‡"},{"type":"pause","duration":10},{"type":"keyUp","value":"î€‡"}]}]}
RESULT: {"actions":[{"id":"action17","type":"key","parameters":{},"actions":[{"type":"keyDown","value":"î€‡"},{"type":"pause","duration":10},{"type":"keyUp","value":"î€‡"}]}]}
COMMAND: GET /session/b6c10327e85db8e4472cf13987b22354/screenshot - {}
RESULT: {}
COMMAND: POST /session/b6c10327e85db8e4472cf13987b22354/element - {"using":"xpath","value":"//span[@id=\"application-managepartners-display-component---masterPtm--smartTable-header-inner\"]"}
RESULT: {"using":"xpath","value":"//span[@id=\"application-managepartners-display-component---masterPtm--smartTable-header-inner\"]"}
COMMAND: POST /session/b6c10327e85db8e4472cf13987b22354/elements - {"using":"xpath","value":"//span[@id=\"application-managepartners-display-component---masterPtm--smartTable-header-inner\"]"}
RESULT: {"using":"xpath","value":"//span[@id=\"application-managepartners-display-component---masterPtm--smartTable-header-inner\"]"}
COMMAND: POST /session/b6c10327e85db8e4472cf13987b22354/execute/sync - {"script":"<script> [56 bytes]","args":[{"element-6066-11e4-a52e-4f735466cecf":"f.76EFC1153EA5792FD1141D4CA15B46A2.d.89395005C82FCF7EF14589457070AC45.e.5363","ELEMENT":"f.76EFC1153EA5792FD1141D4CA15B46A2.d.89395005C82FCF7EF14589457070AC45.e.5363"}]}
RESULT: {"script":"<script> [56 bytes]","args":[{"element-6066-11e4-a52e-4f735466cecf":"f.76EFC1153EA5792FD1141D4CA15B46A2.d.89395005C82FCF7EF14589457070AC45.e.5363","ELEMENT":"f.76EFC1153EA5792FD1141D4CA15B46A2.d.89395005C82FCF7EF14589457070AC45.e.5363"}]}
COMMAND: POST /session/b6c10327e85db8e4472cf13987b22354/element - {"using":"xpath","value":"//div[contains(@id, \"managepartners-display-component---masterPtm--smartFilterBar-btnBasicSearch-reset\")]"}
COMMAND: GET /session/b6c10327e85db8e4472cf13987b22354/screenshot - {}
RESULT: {"using":"xpath","value":"//div[contains(@id, \"managepartners-display-component---masterPtm--smartFilterBar-btnBasicSearch-reset\")]"}
COMMAND: POST /session/b6c10327e85db8e4472cf13987b22354/element/f.76EFC1153EA5792FD1141D4CA15B46A2.d.89395005C82FCF7EF14589457070AC45.e.5403/click - {}
RESULT: {}
RESULT: {}
COMMAND: GET /session/b6c10327e85db8e4472cf13987b22354/screenshot - {}
RESULT: {}
COMMAND: POST /session/b6c10327e85db8e4472cf13987b22354/execute/async - {"script":"<script> [1562 bytes]","args":[{"selector":{"id":"application-managepartners-display-component---masterPtm--smartFilterBar-filterItemControl_BASIC-MAIN_ADDRESS-vhi"},"wdio_ui5_key":"applicationmanagepartners-display-component---masterPtm--smartFilterBar-filterItemControl_BASIC-MAIN_ADDRESS-vhi"}]}
RESULT: {"script":"<script> [1562 bytes]","args":[{"selector":{"id":"application-managepartners-display-component---masterPtm--smartFilterBar-filterItemControl_BASIC-MAIN_ADDRESS-vhi"},"wdio_ui5_key":"applicationmanagepartners-display-component---masterPtm--smartFilterBar-filterItemControl_BASIC-MAIN_ADDRESS-vhi"}]}
RESULT: undefined
COMMAND: POST /session/b6c10327e85db8e4472cf13987b22354/element - {"using":"xpath","value":"//*[@id=\"application-managepartners-display-component---masterPtm--smartFilterBar-filterItemControl_BASIC-MAIN_ADDRESS-vhi\"]"}
RESULT: {"using":"xpath","value":"//*[@id=\"application-managepartners-display-component---masterPtm--smartFilterBar-filterItemControl_BASIC-MAIN_ADDRESS-vhi\"]"}
COMMAND: POST /session/b6c10327e85db8e4472cf13987b22354/element/f.76EFC1153EA5792FD1141D4CA15B46A2.d.89395005C82FCF7EF14589457070AC45.e.5456/click - {}
RESULT: {}
COMMAND: GET /session/b6c10327e85db8e4472cf13987b22354/screenshot - {}
RESULT: {}
COMMAND: POST /session/b6c10327e85db8e4472cf13987b22354/execute/async - {"script":"<script> [1562 bytes]","args":[{"selector":{"id":"application-managepartners-display-component---masterPtm--smartFilterBar-filterItemControl_BASIC-MAIN_ADDRESS-valueHelpDialog-smartFilterBar-btnBasicSearch","searchOpenDialogs":true,"interaction":{"idSuffix":"I"}},"wdio_ui5_key":"applicationmanagepartners-display-component---masterPtm--smartFilterBar-filterItemControl_BASIC-MAIN_ADDRESS-valueHelpDialog-smartFilterBar-btnBasicSearch"}]}
RESULT: {"script":"<script> [1562 bytes]","args":[{"selector":{"id":"application-managepartners-display-component---masterPtm--smartFilterBar-filterItemControl_BASIC-MAIN_ADDRESS-valueHelpDialog-smartFilterBar-btnBasicSearch","searchOpenDialogs":true,"interaction":{"idSuffix":"I"}},"wdio_ui5_key":"applicationmanagepartners-display-component---masterPtm--smartFilterBar-filterItemControl_BASIC-MAIN_ADDRESS-valueHelpDialog-smartFilterBar-btnBasicSearch"}]}
RESULT: undefined
COMMAND: POST /session/b6c10327e85db8e4472cf13987b22354/execute/async - {"script":"<script> [776 bytes]","args":[{"enterText":"Romania","selector":{"id":"application-managepartners-display-component---masterPtm--smartFilterBar-filterItemControl_BASIC-MAIN_ADDRESS-valueHelpDialog-smartFilterBar-btnBasicSearch","searchOpenDialogs":true,"interaction":{"idSuffix":"I"}},"clearTextFirst":true,"interactionType":"ENTER_TEXT"}]}
RESULT: {"script":"<script> [776 bytes]","args":[{"enterText":"Romania","selector":{"id":"application-managepartners-display-component---masterPtm--smartFilterBar-filterItemControl_BASIC-MAIN_ADDRESS-valueHelpDialog-smartFilterBar-btnBasicSearch","searchOpenDialogs":true,"interaction":{"idSuffix":"I"}},"clearTextFirst":true,"interactionType":"ENTER_TEXT"}]}
COMMAND: POST /session/b6c10327e85db8e4472cf13987b22354/actions - {"actions":[{"id":"action18","type":"key","parameters":{},"actions":[{"type":"keyDown","value":"î€‡"},{"type":"pause","duration":10},{"type":"keyUp","value":"î€‡"}]}]}
RESULT: {"actions":[{"id":"action18","type":"key","parameters":{},"actions":[{"type":"keyDown","value":"î€‡"},{"type":"pause","duration":10},{"type":"keyUp","value":"î€‡"}]}]}
COMMAND: POST /session/b6c10327e85db8e4472cf13987b22354/elements - {"using":"xpath","value":"//table[contains(@id, \"smartFilterBar-filterItemControl_BASIC-MAIN_ADDRESS-valueHelpDialog-table-table\")]/tbody/tr"}
COMMAND: GET /session/b6c10327e85db8e4472cf13987b22354/screenshot - {}
RESULT: {"using":"xpath","value":"//table[contains(@id, \"smartFilterBar-filterItemControl_BASIC-MAIN_ADDRESS-valueHelpDialog-table-table\")]/tbody/tr"}
COMMAND: POST /session/b6c10327e85db8e4472cf13987b22354/element - {"using":"xpath","value":"//table[contains(@id, \"smartFilterBar-filterItemControl_BASIC-MAIN_ADDRESS-valueHelpDialog-table-table\")]/tbody/tr[1]/td[1]/div/span"}
RESULT: {}
RESULT: {"using":"xpath","value":"//table[contains(@id, \"smartFilterBar-filterItemControl_BASIC-MAIN_ADDRESS-valueHelpDialog-table-table\")]/tbody/tr[1]/td[1]/div/span"}
COMMAND: POST /session/b6c10327e85db8e4472cf13987b22354/elements - {"using":"xpath","value":"//table[contains(@id, \"smartFilterBar-filterItemControl_BASIC-MAIN_ADDRESS-valueHelpDialog-table-table\")]/tbody/tr[1]/td[1]/div/span"}
RESULT: {"using":"xpath","value":"//table[contains(@id, \"smartFilterBar-filterItemControl_BASIC-MAIN_ADDRESS-valueHelpDialog-table-table\")]/tbody/tr[1]/td[1]/div/span"}
COMMAND: POST /session/b6c10327e85db8e4472cf13987b22354/execute/sync - {"script":"<script> [56 bytes]","args":[{"element-6066-11e4-a52e-4f735466cecf":"f.76EFC1153EA5792FD1141D4CA15B46A2.d.89395005C82FCF7EF14589457070AC45.e.5476","ELEMENT":"f.76EFC1153EA5792FD1141D4CA15B46A2.d.89395005C82FCF7EF14589457070AC45.e.5476"}]}
RESULT: {"script":"<script> [56 bytes]","args":[{"element-6066-11e4-a52e-4f735466cecf":"f.76EFC1153EA5792FD1141D4CA15B46A2.d.89395005C82FCF7EF14589457070AC45.e.5476","ELEMENT":"f.76EFC1153EA5792FD1141D4CA15B46A2.d.89395005C82FCF7EF14589457070AC45.e.5476"}]}
COMMAND: POST /session/b6c10327e85db8e4472cf13987b22354/element - {"using":"xpath","value":"//div[contains(@id, \"filterItemControl_BASIC-MAIN_ADDRESS-valueHelpDialog-table-rowsel0\")]"}
COMMAND: GET /session/b6c10327e85db8e4472cf13987b22354/screenshot - {}
RESULT: {"using":"xpath","value":"//div[contains(@id, \"filterItemControl_BASIC-MAIN_ADDRESS-valueHelpDialog-table-rowsel0\")]"}
COMMAND: POST /session/b6c10327e85db8e4472cf13987b22354/element/f.76EFC1153EA5792FD1141D4CA15B46A2.d.89395005C82FCF7EF14589457070AC45.e.5477/click - {}
RESULT: {}
RESULT: {}
COMMAND: GET /session/b6c10327e85db8e4472cf13987b22354/screenshot - {}
RESULT: {}
COMMAND: POST /session/b6c10327e85db8e4472cf13987b22354/element - {"using":"xpath","value":"(//bdi[contains(text(), \"OK\")])[1]"}
RESULT: {"using":"xpath","value":"(//bdi[contains(text(), \"OK\")])[1]"}
COMMAND: POST /session/b6c10327e85db8e4472cf13987b22354/element/f.76EFC1153EA5792FD1141D4CA15B46A2.d.89395005C82FCF7EF14589457070AC45.e.5479/click - {}
RESULT: {}
COMMAND: GET /session/b6c10327e85db8e4472cf13987b22354/screenshot - {}
RESULT: {}
COMMAND: POST /session/b6c10327e85db8e4472cf13987b22354/element - {"using":"xpath","value":"//span[@id=\"application-managepartners-display-component---masterPtm--smartTable-header-inner\"]"}
RESULT: {"using":"xpath","value":"//span[@id=\"application-managepartners-display-component---masterPtm--smartTable-header-inner\"]"}
COMMAND: POST /session/b6c10327e85db8e4472cf13987b22354/elements - {"using":"xpath","value":"//span[@id=\"application-managepartners-display-component---masterPtm--smartTable-header-inner\"]"}
RESULT: {"using":"xpath","value":"//span[@id=\"application-managepartners-display-component---masterPtm--smartTable-header-inner\"]"}
COMMAND: POST /session/b6c10327e85db8e4472cf13987b22354/execute/sync - {"script":"<script> [56 bytes]","args":[{"element-6066-11e4-a52e-4f735466cecf":"f.76EFC1153EA5792FD1141D4CA15B46A2.d.89395005C82FCF7EF14589457070AC45.e.5363","ELEMENT":"f.76EFC1153EA5792FD1141D4CA15B46A2.d.89395005C82FCF7EF14589457070AC45.e.5363"}]}
RESULT: {"script":"<script> [56 bytes]","args":[{"element-6066-11e4-a52e-4f735466cecf":"f.76EFC1153EA5792FD1141D4CA15B46A2.d.89395005C82FCF7EF14589457070AC45.e.5363","ELEMENT":"f.76EFC1153EA5792FD1141D4CA15B46A2.d.89395005C82FCF7EF14589457070AC45.e.5363"}]}
COMMAND: POST /session/b6c10327e85db8e4472cf13987b22354/element - {"using":"xpath","value":"//span[contains(@title, \"Remove\")]"}
COMMAND: GET /session/b6c10327e85db8e4472cf13987b22354/screenshot - {}
RESULT: {"using":"xpath","value":"//span[contains(@title, \"Remove\")]"}
COMMAND: POST /session/b6c10327e85db8e4472cf13987b22354/element/f.76EFC1153EA5792FD1141D4CA15B46A2.d.89395005C82FCF7EF14589457070AC45.e.5492/click - {}
RESULT: {}
RESULT: {}
COMMAND: GET /session/b6c10327e85db8e4472cf13987b22354/screenshot - {}
RESULT: {}
COMMAND: POST /session/b6c10327e85db8e4472cf13987b22354/element - {"using":"xpath","value":"//span[@id=\"application-managepartners-display-component---masterPtm--smartTable-header-inner\"]"}
RESULT: {"using":"xpath","value":"//span[@id=\"application-managepartners-display-component---masterPtm--smartTable-header-inner\"]"}
COMMAND: POST /session/b6c10327e85db8e4472cf13987b22354/elements - {"using":"xpath","value":"//span[@id=\"application-managepartners-display-component---masterPtm--smartTable-header-inner\"]"}
RESULT: {"using":"xpath","value":"//span[@id=\"application-managepartners-display-component---masterPtm--smartTable-header-inner\"]"}
COMMAND: POST /session/b6c10327e85db8e4472cf13987b22354/execute/sync - {"script":"<script> [56 bytes]","args":[{"element-6066-11e4-a52e-4f735466cecf":"f.76EFC1153EA5792FD1141D4CA15B46A2.d.89395005C82FCF7EF14589457070AC45.e.5363","ELEMENT":"f.76EFC1153EA5792FD1141D4CA15B46A2.d.89395005C82FCF7EF14589457070AC45.e.5363"}]}
RESULT: {"script":"<script> [56 bytes]","args":[{"element-6066-11e4-a52e-4f735466cecf":"f.76EFC1153EA5792FD1141D4CA15B46A2.d.89395005C82FCF7EF14589457070AC45.e.5363","ELEMENT":"f.76EFC1153EA5792FD1141D4CA15B46A2.d.89395005C82FCF7EF14589457070AC45.e.5363"}]}
COMMAND: POST /session/b6c10327e85db8e4472cf13987b22354/execute/async - {"script":"<script> [1562 bytes]","args":[{"selector":{"id":"application-managepartners-display-component---masterPtm--smartFilterBar-filterItemControl_BASIC-YARD-vhi"},"wdio_ui5_key":"applicationmanagepartners-display-component---masterPtm--smartFilterBar-filterItemControl_BASIC-YARD-vhi"}]}
COMMAND: GET /session/b6c10327e85db8e4472cf13987b22354/screenshot - {}
RESULT: {"script":"<script> [1562 bytes]","args":[{"selector":{"id":"application-managepartners-display-component---masterPtm--smartFilterBar-filterItemControl_BASIC-YARD-vhi"},"wdio_ui5_key":"applicationmanagepartners-display-component---masterPtm--smartFilterBar-filterItemControl_BASIC-YARD-vhi"}]}
RESULT: undefined
COMMAND: POST /session/b6c10327e85db8e4472cf13987b22354/element - {"using":"xpath","value":"//*[@id=\"application-managepartners-display-component---masterPtm--smartFilterBar-filterItemControl_BASIC-YARD-vhi\"]"}
RESULT: {}
RESULT: {"using":"xpath","value":"//*[@id=\"application-managepartners-display-component---masterPtm--smartFilterBar-filterItemControl_BASIC-YARD-vhi\"]"}
COMMAND: POST /session/b6c10327e85db8e4472cf13987b22354/element/f.76EFC1153EA5792FD1141D4CA15B46A2.d.89395005C82FCF7EF14589457070AC45.e.5549/click - {}
RESULT: {}
COMMAND: GET /session/b6c10327e85db8e4472cf13987b22354/screenshot - {}
RESULT: {}
COMMAND: POST /session/b6c10327e85db8e4472cf13987b22354/execute/async - {"script":"<script> [1562 bytes]","args":[{"selector":{"id":"application-managepartners-display-component---masterPtm--smartFilterBar-filterItemControl_BASIC-YARD-valueHelpDialog-smartFilterBar-btnBasicSearch","searchOpenDialogs":true,"interaction":{"idSuffix":"I"}},"wdio_ui5_key":"applicationmanagepartners-display-component---masterPtm--smartFilterBar-filterItemControl_BASIC-YARD-valueHelpDialog-smartFilterBar-btnBasicSearch"}]}
RESULT: {"script":"<script> [1562 bytes]","args":[{"selector":{"id":"application-managepartners-display-component---masterPtm--smartFilterBar-filterItemControl_BASIC-YARD-valueHelpDialog-smartFilterBar-btnBasicSearch","searchOpenDialogs":true,"interaction":{"idSuffix":"I"}},"wdio_ui5_key":"applicationmanagepartners-display-component---masterPtm--smartFilterBar-filterItemControl_BASIC-YARD-valueHelpDialog-smartFilterBar-btnBasicSearch"}]}
RESULT: undefined
COMMAND: POST /session/b6c10327e85db8e4472cf13987b22354/execute/async - {"script":"<script> [776 bytes]","args":[{"enterText":"Test","selector":{"id":"application-managepartners-display-component---masterPtm--smartFilterBar-filterItemControl_BASIC-YARD-valueHelpDialog-smartFilterBar-btnBasicSearch","searchOpenDialogs":true,"interaction":{"idSuffix":"I"}},"clearTextFirst":true,"interactionType":"ENTER_TEXT"}]}
RESULT: {"script":"<script> [776 bytes]","args":[{"enterText":"Test","selector":{"id":"application-managepartners-display-component---masterPtm--smartFilterBar-filterItemControl_BASIC-YARD-valueHelpDialog-smartFilterBar-btnBasicSearch","searchOpenDialogs":true,"interaction":{"idSuffix":"I"}},"clearTextFirst":true,"interactionType":"ENTER_TEXT"}]}
COMMAND: POST /session/b6c10327e85db8e4472cf13987b22354/actions - {"actions":[{"id":"action19","type":"key","parameters":{},"actions":[{"type":"keyDown","value":"î€‡"},{"type":"pause","duration":10},{"type":"keyUp","value":"î€‡"}]}]}
RESULT: {"actions":[{"id":"action19","type":"key","parameters":{},"actions":[{"type":"keyDown","value":"î€‡"},{"type":"pause","duration":10},{"type":"keyUp","value":"î€‡"}]}]}
COMMAND: POST /session/b6c10327e85db8e4472cf13987b22354/elements - {"using":"xpath","value":"//table[contains(@id, \"smartFilterBar-filterItemControl_BASIC-YARD-valueHelpDialog-table-table\")]/tbody/tr"}
COMMAND: GET /session/b6c10327e85db8e4472cf13987b22354/screenshot - {}
RESULT: {"using":"xpath","value":"//table[contains(@id, \"smartFilterBar-filterItemControl_BASIC-YARD-valueHelpDialog-table-table\")]/tbody/tr"}
COMMAND: POST /session/b6c10327e85db8e4472cf13987b22354/element - {"using":"xpath","value":"//table[contains(@id, \"smartFilterBar-filterItemControl_BASIC-YARD-valueHelpDialog-table-table\")]/tbody/tr[1]/td[1]/div/span"}
RESULT: {}
RESULT: {"using":"xpath","value":"//table[contains(@id, \"smartFilterBar-filterItemControl_BASIC-YARD-valueHelpDialog-table-table\")]/tbody/tr[1]/td[1]/div/span"}
COMMAND: POST /session/b6c10327e85db8e4472cf13987b22354/elements - {"using":"xpath","value":"//table[contains(@id, \"smartFilterBar-filterItemControl_BASIC-YARD-valueHelpDialog-table-table\")]/tbody/tr[1]/td[1]/div/span"}
RESULT: {"using":"xpath","value":"//table[contains(@id, \"smartFilterBar-filterItemControl_BASIC-YARD-valueHelpDialog-table-table\")]/tbody/tr[1]/td[1]/div/span"}
COMMAND: POST /session/b6c10327e85db8e4472cf13987b22354/execute/sync - {"script":"<script> [56 bytes]","args":[{"element-6066-11e4-a52e-4f735466cecf":"f.76EFC1153EA5792FD1141D4CA15B46A2.d.89395005C82FCF7EF14589457070AC45.e.5570","ELEMENT":"f.76EFC1153EA5792FD1141D4CA15B46A2.d.89395005C82FCF7EF14589457070AC45.e.5570"}]}
RESULT: {"script":"<script> [56 bytes]","args":[{"element-6066-11e4-a52e-4f735466cecf":"f.76EFC1153EA5792FD1141D4CA15B46A2.d.89395005C82FCF7EF14589457070AC45.e.5570","ELEMENT":"f.76EFC1153EA5792FD1141D4CA15B46A2.d.89395005C82FCF7EF14589457070AC45.e.5570"}]}
COMMAND: POST /session/b6c10327e85db8e4472cf13987b22354/element - {"using":"xpath","value":"//table[contains(@id, \"smartFilterBar-filterItemControl_BASIC-YARD-valueHelpDialog-table-table\")]/tbody/tr[2]/td[1]/div/span"}
COMMAND: GET /session/b6c10327e85db8e4472cf13987b22354/screenshot - {}
RESULT: {"using":"xpath","value":"//table[contains(@id, \"smartFilterBar-filterItemControl_BASIC-YARD-valueHelpDialog-table-table\")]/tbody/tr[2]/td[1]/div/span"}
COMMAND: POST /session/b6c10327e85db8e4472cf13987b22354/elements - {"using":"xpath","value":"//table[contains(@id, \"smartFilterBar-filterItemControl_BASIC-YARD-valueHelpDialog-table-table\")]/tbody/tr[2]/td[1]/div/span"}
RESULT: {}
RESULT: {"using":"xpath","value":"//table[contains(@id, \"smartFilterBar-filterItemControl_BASIC-YARD-valueHelpDialog-table-table\")]/tbody/tr[2]/td[1]/div/span"}
COMMAND: POST /session/b6c10327e85db8e4472cf13987b22354/execute/sync - {"script":"<script> [56 bytes]","args":[{"element-6066-11e4-a52e-4f735466cecf":"f.76EFC1153EA5792FD1141D4CA15B46A2.d.89395005C82FCF7EF14589457070AC45.e.5571","ELEMENT":"f.76EFC1153EA5792FD1141D4CA15B46A2.d.89395005C82FCF7EF14589457070AC45.e.5571"}]}
RESULT: {"script":"<script> [56 bytes]","args":[{"element-6066-11e4-a52e-4f735466cecf":"f.76EFC1153EA5792FD1141D4CA15B46A2.d.89395005C82FCF7EF14589457070AC45.e.5571","ELEMENT":"f.76EFC1153EA5792FD1141D4CA15B46A2.d.89395005C82FCF7EF14589457070AC45.e.5571"}]}
COMMAND: POST /session/b6c10327e85db8e4472cf13987b22354/element - {"using":"xpath","value":"//table[contains(@id, \"smartFilterBar-filterItemControl_BASIC-YARD-valueHelpDialog-table-table\")]/tbody/tr[3]/td[1]/div/span"}
COMMAND: GET /session/b6c10327e85db8e4472cf13987b22354/screenshot - {}
RESULT: {"using":"xpath","value":"//table[contains(@id, \"smartFilterBar-filterItemControl_BASIC-YARD-valueHelpDialog-table-table\")]/tbody/tr[3]/td[1]/div/span"}
COMMAND: POST /session/b6c10327e85db8e4472cf13987b22354/elements - {"using":"xpath","value":"//table[contains(@id, \"smartFilterBar-filterItemControl_BASIC-YARD-valueHelpDialog-table-table\")]/tbody/tr[3]/td[1]/div/span"}
RESULT: {}
RESULT: {"using":"xpath","value":"//table[contains(@id, \"smartFilterBar-filterItemControl_BASIC-YARD-valueHelpDialog-table-table\")]/tbody/tr[3]/td[1]/div/span"}
COMMAND: POST /session/b6c10327e85db8e4472cf13987b22354/execute/sync - {"script":"<script> [56 bytes]","args":[{"element-6066-11e4-a52e-4f735466cecf":"f.76EFC1153EA5792FD1141D4CA15B46A2.d.89395005C82FCF7EF14589457070AC45.e.5572","ELEMENT":"f.76EFC1153EA5792FD1141D4CA15B46A2.d.89395005C82FCF7EF14589457070AC45.e.5572"}]}
RESULT: {"script":"<script> [56 bytes]","args":[{"element-6066-11e4-a52e-4f735466cecf":"f.76EFC1153EA5792FD1141D4CA15B46A2.d.89395005C82FCF7EF14589457070AC45.e.5572","ELEMENT":"f.76EFC1153EA5792FD1141D4CA15B46A2.d.89395005C82FCF7EF14589457070AC45.e.5572"}]}
COMMAND: POST /session/b6c10327e85db8e4472cf13987b22354/element - {"using":"xpath","value":"//div[contains(@id, \"filterItemControl_BASIC-YARD-valueHelpDialog-table-rowsel2\")]"}
COMMAND: GET /session/b6c10327e85db8e4472cf13987b22354/screenshot - {}
RESULT: {"using":"xpath","value":"//div[contains(@id, \"filterItemControl_BASIC-YARD-valueHelpDialog-table-rowsel2\")]"}
COMMAND: POST /session/b6c10327e85db8e4472cf13987b22354/element/f.76EFC1153EA5792FD1141D4CA15B46A2.d.89395005C82FCF7EF14589457070AC45.e.5573/click - {}
RESULT: {}
RESULT: {}
COMMAND: GET /session/b6c10327e85db8e4472cf13987b22354/screenshot - {}
RESULT: {}
COMMAND: POST /session/b6c10327e85db8e4472cf13987b22354/element - {"using":"xpath","value":"(//bdi[contains(text(), \"OK\")])[1]"}
RESULT: {"using":"xpath","value":"(//bdi[contains(text(), \"OK\")])[1]"}
COMMAND: POST /session/b6c10327e85db8e4472cf13987b22354/element/f.76EFC1153EA5792FD1141D4CA15B46A2.d.89395005C82FCF7EF14589457070AC45.e.5575/click - {}
RESULT: {}
COMMAND: GET /session/b6c10327e85db8e4472cf13987b22354/screenshot - {}
RESULT: {}
COMMAND: POST /session/b6c10327e85db8e4472cf13987b22354/element - {"using":"xpath","value":"//span[@id=\"application-managepartners-display-component---masterPtm--smartTable-header-inner\"]"}
RESULT: {"using":"xpath","value":"//span[@id=\"application-managepartners-display-component---masterPtm--smartTable-header-inner\"]"}
COMMAND: POST /session/b6c10327e85db8e4472cf13987b22354/elements - {"using":"xpath","value":"//span[@id=\"application-managepartners-display-component---masterPtm--smartTable-header-inner\"]"}
RESULT: {"using":"xpath","value":"//span[@id=\"application-managepartners-display-component---masterPtm--smartTable-header-inner\"]"}
COMMAND: POST /session/b6c10327e85db8e4472cf13987b22354/execute/sync - {"script":"<script> [56 bytes]","args":[{"element-6066-11e4-a52e-4f735466cecf":"f.76EFC1153EA5792FD1141D4CA15B46A2.d.89395005C82FCF7EF14589457070AC45.e.5363","ELEMENT":"f.76EFC1153EA5792FD1141D4CA15B46A2.d.89395005C82FCF7EF14589457070AC45.e.5363"}]}
RESULT: {"script":"<script> [56 bytes]","args":[{"element-6066-11e4-a52e-4f735466cecf":"f.76EFC1153EA5792FD1141D4CA15B46A2.d.89395005C82FCF7EF14589457070AC45.e.5363","ELEMENT":"f.76EFC1153EA5792FD1141D4CA15B46A2.d.89395005C82FCF7EF14589457070AC45.e.5363"}]}
COMMAND: POST /session/b6c10327e85db8e4472cf13987b22354/element - {"using":"xpath","value":"//span[contains(@title, \"Remove\")]"}
COMMAND: GET /session/b6c10327e85db8e4472cf13987b22354/screenshot - {}
RESULT: {"using":"xpath","value":"//span[contains(@title, \"Remove\")]"}
COMMAND: POST /session/b6c10327e85db8e4472cf13987b22354/element/f.76EFC1153EA5792FD1141D4CA15B46A2.d.89395005C82FCF7EF14589457070AC45.e.5588/click - {}
RESULT: {}
RESULT: {}
COMMAND: GET /session/b6c10327e85db8e4472cf13987b22354/screenshot - {}
RESULT: {}
COMMAND: POST /session/b6c10327e85db8e4472cf13987b22354/element - {"using":"xpath","value":"//span[@id=\"application-managepartners-display-component---masterPtm--smartTable-header-inner\"]"}
RESULT: {"using":"xpath","value":"//span[@id=\"application-managepartners-display-component---masterPtm--smartTable-header-inner\"]"}
COMMAND: POST /session/b6c10327e85db8e4472cf13987b22354/elements - {"using":"xpath","value":"//span[@id=\"application-managepartners-display-component---masterPtm--smartTable-header-inner\"]"}
RESULT: {"using":"xpath","value":"//span[@id=\"application-managepartners-display-component---masterPtm--smartTable-header-inner\"]"}
COMMAND: POST /session/b6c10327e85db8e4472cf13987b22354/execute/sync - {"script":"<script> [56 bytes]","args":[{"element-6066-11e4-a52e-4f735466cecf":"f.76EFC1153EA5792FD1141D4CA15B46A2.d.89395005C82FCF7EF14589457070AC45.e.5363","ELEMENT":"f.76EFC1153EA5792FD1141D4CA15B46A2.d.89395005C82FCF7EF14589457070AC45.e.5363"}]}
RESULT: {"script":"<script> [56 bytes]","args":[{"element-6066-11e4-a52e-4f735466cecf":"f.76EFC1153EA5792FD1141D4CA15B46A2.d.89395005C82FCF7EF14589457070AC45.e.5363","ELEMENT":"f.76EFC1153EA5792FD1141D4CA15B46A2.d.89395005C82FCF7EF14589457070AC45.e.5363"}]}
COMMAND: POST /session/b6c10327e85db8e4472cf13987b22354/execute/async - {"script":"<script> [1562 bytes]","args":[{"selector":{"id":"application-managepartners-display-component---masterPtm--smartFilterBar-filterItemControl_BASIC-ALL_TAGS-vhi"},"wdio_ui5_key":"applicationmanagepartners-display-component---masterPtm--smartFilterBar-filterItemControl_BASIC-ALL_TAGS-vhi"}]}
COMMAND: GET /session/b6c10327e85db8e4472cf13987b22354/screenshot - {}
RESULT: {"script":"<script> [1562 bytes]","args":[{"selector":{"id":"application-managepartners-display-component---masterPtm--smartFilterBar-filterItemControl_BASIC-ALL_TAGS-vhi"},"wdio_ui5_key":"applicationmanagepartners-display-component---masterPtm--smartFilterBar-filterItemControl_BASIC-ALL_TAGS-vhi"}]}
RESULT: undefined
COMMAND: POST /session/b6c10327e85db8e4472cf13987b22354/element - {"using":"xpath","value":"//*[@id=\"application-managepartners-display-component---masterPtm--smartFilterBar-filterItemControl_BASIC-ALL_TAGS-vhi\"]"}
RESULT: {}
RESULT: {"using":"xpath","value":"//*[@id=\"application-managepartners-display-component---masterPtm--smartFilterBar-filterItemControl_BASIC-ALL_TAGS-vhi\"]"}
COMMAND: POST /session/b6c10327e85db8e4472cf13987b22354/element/f.76EFC1153EA5792FD1141D4CA15B46A2.d.89395005C82FCF7EF14589457070AC45.e.5644/click - {}
RESULT: {}
COMMAND: GET /session/b6c10327e85db8e4472cf13987b22354/screenshot - {}
RESULT: {}
COMMAND: POST /session/b6c10327e85db8e4472cf13987b22354/execute/async - {"script":"<script> [1562 bytes]","args":[{"selector":{"id":"application-managepartners-display-component---masterPtm--smartFilterBar-filterItemControl_BASIC-ALL_TAGS-valueHelpDialog-smartFilterBar-btnBasicSearch","searchOpenDialogs":true,"interaction":{"idSuffix":"I"}},"wdio_ui5_key":"applicationmanagepartners-display-component---masterPtm--smartFilterBar-filterItemControl_BASIC-ALL_TAGS-valueHelpDialog-smartFilterBar-btnBasicSearch"}]}
RESULT: {"script":"<script> [1562 bytes]","args":[{"selector":{"id":"application-managepartners-display-component---masterPtm--smartFilterBar-filterItemControl_BASIC-ALL_TAGS-valueHelpDialog-smartFilterBar-btnBasicSearch","searchOpenDialogs":true,"interaction":{"idSuffix":"I"}},"wdio_ui5_key":"applicationmanagepartners-display-component---masterPtm--smartFilterBar-filterItemControl_BASIC-ALL_TAGS-valueHelpDialog-smartFilterBar-btnBasicSearch"}]}
RESULT: undefined
COMMAND: POST /session/b6c10327e85db8e4472cf13987b22354/execute/async - {"script":"<script> [776 bytes]","args":[{"enterText":"test-tag-1","selector":{"id":"application-managepartners-display-component---masterPtm--smartFilterBar-filterItemControl_BASIC-ALL_TAGS-valueHelpDialog-smartFilterBar-btnBasicSearch","searchOpenDialogs":true,"interaction":{"idSuffix":"I"}},"clearTextFirst":true,"interactionType":"ENTER_TEXT"}]}
RESULT: {"script":"<script> [776 bytes]","args":[{"enterText":"test-tag-1","selector":{"id":"application-managepartners-display-component---masterPtm--smartFilterBar-filterItemControl_BASIC-ALL_TAGS-valueHelpDialog-smartFilterBar-btnBasicSearch","searchOpenDialogs":true,"interaction":{"idSuffix":"I"}},"clearTextFirst":true,"interactionType":"ENTER_TEXT"}]}
COMMAND: POST /session/b6c10327e85db8e4472cf13987b22354/actions - {"actions":[{"id":"action20","type":"key","parameters":{},"actions":[{"type":"keyDown","value":"î€‡"},{"type":"pause","duration":10},{"type":"keyUp","value":"î€‡"}]}]}
RESULT: {"actions":[{"id":"action20","type":"key","parameters":{},"actions":[{"type":"keyDown","value":"î€‡"},{"type":"pause","duration":10},{"type":"keyUp","value":"î€‡"}]}]}
COMMAND: POST /session/b6c10327e85db8e4472cf13987b22354/elements - {"using":"xpath","value":"//table[contains(@id, \"smartFilterBar-filterItemControl_BASIC-ALL_TAGS-valueHelpDialog-table-table\")]/tbody/tr"}
COMMAND: GET /session/b6c10327e85db8e4472cf13987b22354/screenshot - {}
RESULT: {"using":"xpath","value":"//table[contains(@id, \"smartFilterBar-filterItemControl_BASIC-ALL_TAGS-valueHelpDialog-table-table\")]/tbody/tr"}
COMMAND: POST /session/b6c10327e85db8e4472cf13987b22354/element - {"using":"xpath","value":"//table[contains(@id, \"smartFilterBar-filterItemControl_BASIC-ALL_TAGS-valueHelpDialog-table-table\")]/tbody/tr[1]/td[1]/div/span"}
RESULT: {}
RESULT: {"using":"xpath","value":"//table[contains(@id, \"smartFilterBar-filterItemControl_BASIC-ALL_TAGS-valueHelpDialog-table-table\")]/tbody/tr[1]/td[1]/div/span"}
COMMAND: POST /session/b6c10327e85db8e4472cf13987b22354/elements - {"using":"xpath","value":"//table[contains(@id, \"smartFilterBar-filterItemControl_BASIC-ALL_TAGS-valueHelpDialog-table-table\")]/tbody/tr[1]/td[1]/div/span"}
RESULT: {"using":"xpath","value":"//table[contains(@id, \"smartFilterBar-filterItemControl_BASIC-ALL_TAGS-valueHelpDialog-table-table\")]/tbody/tr[1]/td[1]/div/span"}
COMMAND: POST /session/b6c10327e85db8e4472cf13987b22354/execute/sync - {"script":"<script> [56 bytes]","args":[{"element-6066-11e4-a52e-4f735466cecf":"f.76EFC1153EA5792FD1141D4CA15B46A2.d.89395005C82FCF7EF14589457070AC45.e.5663","ELEMENT":"f.76EFC1153EA5792FD1141D4CA15B46A2.d.89395005C82FCF7EF14589457070AC45.e.5663"}]}
RESULT: {"script":"<script> [56 bytes]","args":[{"element-6066-11e4-a52e-4f735466cecf":"f.76EFC1153EA5792FD1141D4CA15B46A2.d.89395005C82FCF7EF14589457070AC45.e.5663","ELEMENT":"f.76EFC1153EA5792FD1141D4CA15B46A2.d.89395005C82FCF7EF14589457070AC45.e.5663"}]}
COMMAND: POST /session/b6c10327e85db8e4472cf13987b22354/element - {"using":"xpath","value":"//div[contains(@id, \"filterItemControl_BASIC-ALL_TAGS-valueHelpDialog-table-rowsel0\")]"}
COMMAND: GET /session/b6c10327e85db8e4472cf13987b22354/screenshot - {}
RESULT: {"using":"xpath","value":"//div[contains(@id, \"filterItemControl_BASIC-ALL_TAGS-valueHelpDialog-table-rowsel0\")]"}
COMMAND: POST /session/b6c10327e85db8e4472cf13987b22354/element/f.76EFC1153EA5792FD1141D4CA15B46A2.d.89395005C82FCF7EF14589457070AC45.e.5664/click - {}
RESULT: {}
RESULT: {}
COMMAND: GET /session/b6c10327e85db8e4472cf13987b22354/screenshot - {}
RESULT: {}
COMMAND: POST /session/b6c10327e85db8e4472cf13987b22354/element - {"using":"xpath","value":"(//bdi[contains(text(), \"OK\")])[1]"}
RESULT: {"using":"xpath","value":"(//bdi[contains(text(), \"OK\")])[1]"}
COMMAND: POST /session/b6c10327e85db8e4472cf13987b22354/element/f.76EFC1153EA5792FD1141D4CA15B46A2.d.89395005C82FCF7EF14589457070AC45.e.5666/click - {}
RESULT: {}
COMMAND: GET /session/b6c10327e85db8e4472cf13987b22354/screenshot - {}
RESULT: {}
COMMAND: POST /session/b6c10327e85db8e4472cf13987b22354/element - {"using":"xpath","value":"//span[@id=\"application-managepartners-display-component---masterPtm--smartTable-header-inner\"]"}
RESULT: {"using":"xpath","value":"//span[@id=\"application-managepartners-display-component---masterPtm--smartTable-header-inner\"]"}
COMMAND: POST /session/b6c10327e85db8e4472cf13987b22354/elements - {"using":"xpath","value":"//span[@id=\"application-managepartners-display-component---masterPtm--smartTable-header-inner\"]"}
RESULT: {"using":"xpath","value":"//span[@id=\"application-managepartners-display-component---masterPtm--smartTable-header-inner\"]"}
COMMAND: POST /session/b6c10327e85db8e4472cf13987b22354/execute/sync - {"script":"<script> [56 bytes]","args":[{"element-6066-11e4-a52e-4f735466cecf":"f.76EFC1153EA5792FD1141D4CA15B46A2.d.89395005C82FCF7EF14589457070AC45.e.5363","ELEMENT":"f.76EFC1153EA5792FD1141D4CA15B46A2.d.89395005C82FCF7EF14589457070AC45.e.5363"}]}
RESULT: {"script":"<script> [56 bytes]","args":[{"element-6066-11e4-a52e-4f735466cecf":"f.76EFC1153EA5792FD1141D4CA15B46A2.d.89395005C82FCF7EF14589457070AC45.e.5363","ELEMENT":"f.76EFC1153EA5792FD1141D4CA15B46A2.d.89395005C82FCF7EF14589457070AC45.e.5363"}]}
COMMAND: POST /session/b6c10327e85db8e4472cf13987b22354/element - {"using":"xpath","value":"//span[contains(@title, \"Remove\")]"}
COMMAND: GET /session/b6c10327e85db8e4472cf13987b22354/screenshot - {}
RESULT: {"using":"xpath","value":"//span[contains(@title, \"Remove\")]"}
COMMAND: POST /session/b6c10327e85db8e4472cf13987b22354/element/f.76EFC1153EA5792FD1141D4CA15B46A2.d.89395005C82FCF7EF14589457070AC45.e.5688/click - {}
RESULT: {}
RESULT: {}
COMMAND: GET /session/b6c10327e85db8e4472cf13987b22354/screenshot - {}
RESULT: {}
COMMAND: POST /session/b6c10327e85db8e4472cf13987b22354/execute/async - {"script":"<script> [1562 bytes]","args":[{"selector":{"id":"application-managepartners-display-component---masterPtm--partnerTypes-arrow"},"wdio_ui5_key":"applicationmanagepartners-display-component---masterPtm--partnerTypes-arrow"}]}
RESULT: {"script":"<script> [1562 bytes]","args":[{"selector":{"id":"application-managepartners-display-component---masterPtm--partnerTypes-arrow"},"wdio_ui5_key":"applicationmanagepartners-display-component---masterPtm--partnerTypes-arrow"}]}
RESULT: undefined
COMMAND: POST /session/b6c10327e85db8e4472cf13987b22354/element - {"using":"xpath","value":"//*[@id=\"application-managepartners-display-component---masterPtm--partnerTypes-arrow\"]"}
RESULT: {"using":"xpath","value":"//*[@id=\"application-managepartners-display-component---masterPtm--partnerTypes-arrow\"]"}
COMMAND: POST /session/b6c10327e85db8e4472cf13987b22354/element/f.76EFC1153EA5792FD1141D4CA15B46A2.d.89395005C82FCF7EF14589457070AC45.e.5743/click - {}
RESULT: {}
COMMAND: GET /session/b6c10327e85db8e4472cf13987b22354/screenshot - {}
RESULT: {}
COMMAND: POST /session/b6c10327e85db8e4472cf13987b22354/element - {"using":"xpath","value":"//li[.//span[text()=\"External partner\"]]//div[contains(@class,\"sapMCbBg\")]"}
RESULT: {"using":"xpath","value":"//li[.//span[text()=\"External partner\"]]//div[contains(@class,\"sapMCbBg\")]"}
COMMAND: POST /session/b6c10327e85db8e4472cf13987b22354/element/f.76EFC1153EA5792FD1141D4CA15B46A2.d.89395005C82FCF7EF14589457070AC45.e.5746/click - {}
RESULT: {}
COMMAND: GET /session/b6c10327e85db8e4472cf13987b22354/screenshot - {}
RESULT: {}
COMMAND: POST /session/b6c10327e85db8e4472cf13987b22354/element - {"using":"xpath","value":"//div[contains(@id,\"application-managepartners-display-component---masterPtm--smartFilterBar-btnBasicSearch-search\")]"}
RESULT: {"using":"xpath","value":"//div[contains(@id,\"application-managepartners-display-component---masterPtm--smartFilterBar-btnBasicSearch-search\")]"}
COMMAND: POST /session/b6c10327e85db8e4472cf13987b22354/element/f.76EFC1153EA5792FD1141D4CA15B46A2.d.89395005C82FCF7EF14589457070AC45.e.5788/click - {}
RESULT: {}
COMMAND: GET /session/b6c10327e85db8e4472cf13987b22354/screenshot - {}
RESULT: {}
COMMAND: POST /session/b6c10327e85db8e4472cf13987b22354/element - {"using":"xpath","value":"//span[@id=\"application-managepartners-display-component---masterPtm--smartTable-header-inner\"]"}
RESULT: {"using":"xpath","value":"//span[@id=\"application-managepartners-display-component---masterPtm--smartTable-header-inner\"]"}
COMMAND: POST /session/b6c10327e85db8e4472cf13987b22354/elements - {"using":"xpath","value":"//span[@id=\"application-managepartners-display-component---masterPtm--smartTable-header-inner\"]"}
RESULT: {"using":"xpath","value":"//span[@id=\"application-managepartners-display-component---masterPtm--smartTable-header-inner\"]"}
COMMAND: POST /session/b6c10327e85db8e4472cf13987b22354/execute/sync - {"script":"<script> [56 bytes]","args":[{"element-6066-11e4-a52e-4f735466cecf":"f.76EFC1153EA5792FD1141D4CA15B46A2.d.89395005C82FCF7EF14589457070AC45.e.5363","ELEMENT":"f.76EFC1153EA5792FD1141D4CA15B46A2.d.89395005C82FCF7EF14589457070AC45.e.5363"}]}
RESULT: {"script":"<script> [56 bytes]","args":[{"element-6066-11e4-a52e-4f735466cecf":"f.76EFC1153EA5792FD1141D4CA15B46A2.d.89395005C82FCF7EF14589457070AC45.e.5363","ELEMENT":"f.76EFC1153EA5792FD1141D4CA15B46A2.d.89395005C82FCF7EF14589457070AC45.e.5363"}]}
COMMAND: POST /session/b6c10327e85db8e4472cf13987b22354/element - {"using":"xpath","value":"//span[contains(@title, \"Remove\")]"}
COMMAND: GET /session/b6c10327e85db8e4472cf13987b22354/screenshot - {}
RESULT: {"using":"xpath","value":"//span[contains(@title, \"Remove\")]"}
COMMAND: POST /session/b6c10327e85db8e4472cf13987b22354/element/f.76EFC1153EA5792FD1141D4CA15B46A2.d.89395005C82FCF7EF14589457070AC45.e.5791/click - {}
RESULT: {}
RESULT: {}
COMMAND: GET /session/b6c10327e85db8e4472cf13987b22354/screenshot - {}
RESULT: {}
COMMAND: POST /session/b6c10327e85db8e4472cf13987b22354/execute/async - {"script":"<script> [1562 bytes]","args":[{"selector":{"id":"application-managepartners-display-component---masterPtm--smartFilterBar-btnFilters","interaction":{"idSuffix":"BDI-content"}},"wdio_ui5_key":"applicationmanagepartners-display-component---masterPtm--smartFilterBar-btnFilters"}]}
RESULT: {"script":"<script> [1562 bytes]","args":[{"selector":{"id":"application-managepartners-display-component---masterPtm--smartFilterBar-btnFilters","interaction":{"idSuffix":"BDI-content"}},"wdio_ui5_key":"applicationmanagepartners-display-component---masterPtm--smartFilterBar-btnFilters"}]}
RESULT: undefined
COMMAND: POST /session/b6c10327e85db8e4472cf13987b22354/element - {"using":"xpath","value":"//*[@id=\"application-managepartners-display-component---masterPtm--smartFilterBar-btnFilters\"]"}
RESULT: {"using":"xpath","value":"//*[@id=\"application-managepartners-display-component---masterPtm--smartFilterBar-btnFilters\"]"}
COMMAND: POST /session/b6c10327e85db8e4472cf13987b22354/element/f.76EFC1153EA5792FD1141D4CA15B46A2.d.89395005C82FCF7EF14589457070AC45.e.5265/click - {}
RESULT: {}
COMMAND: GET /session/b6c10327e85db8e4472cf13987b22354/screenshot - {}
RESULT: {}
COMMAND: POST /session/b6c10327e85db8e4472cf13987b22354/elements - {"using":"xpath","value":"//table[contains(@id, \"listView-innerSelectionPanelTable-listUl\")]/tbody/tr"}
RESULT: {"using":"xpath","value":"//table[contains(@id, \"listView-innerSelectionPanelTable-listUl\")]/tbody/tr"}
COMMAND: POST /session/b6c10327e85db8e4472cf13987b22354/element - {"using":"xpath","value":"//table[contains(@id, \"listView-innerSelectionPanelTable-listUl\")]/tbody/tr[2]/td[2]/div/div"}
RESULT: {"using":"xpath","value":"//table[contains(@id, \"listView-innerSelectionPanelTable-listUl\")]/tbody/tr[2]/td[2]/div/div"}
COMMAND: POST /session/b6c10327e85db8e4472cf13987b22354/element - {"using":"xpath","value":"//table[contains(@id, \"listView-innerSelectionPanelTable-listUl\")]/tbody/tr[2]/td[2]/div"}
RESULT: {"using":"xpath","value":"//table[contains(@id, \"listView-innerSelectionPanelTable-listUl\")]/tbody/tr[2]/td[2]/div"}
COMMAND: POST /session/b6c10327e85db8e4472cf13987b22354/element - {"using":"xpath","value":"//table[contains(@id, \"listView-innerSelectionPanelTable-listUl\")]/tbody/tr[2]/td[3]/div/div/span/span[1]/bdi"}
RESULT: {"using":"xpath","value":"//table[contains(@id, \"listView-innerSelectionPanelTable-listUl\")]/tbody/tr[2]/td[3]/div/div/span/span[1]/bdi"}
COMMAND: POST /session/b6c10327e85db8e4472cf13987b22354/execute/sync - {"script":"<script> [56 bytes]","args":[{"element-6066-11e4-a52e-4f735466cecf":"f.76EFC1153EA5792FD1141D4CA15B46A2.d.89395005C82FCF7EF14589457070AC45.e.5878","ELEMENT":"f.76EFC1153EA5792FD1141D4CA15B46A2.d.89395005C82FCF7EF14589457070AC45.e.5878"}]}
RESULT: {"script":"<script> [56 bytes]","args":[{"element-6066-11e4-a52e-4f735466cecf":"f.76EFC1153EA5792FD1141D4CA15B46A2.d.89395005C82FCF7EF14589457070AC45.e.5878","ELEMENT":"f.76EFC1153EA5792FD1141D4CA15B46A2.d.89395005C82FCF7EF14589457070AC45.e.5878"}]}
COMMAND: GET /session/b6c10327e85db8e4472cf13987b22354/element/f.76EFC1153EA5792FD1141D4CA15B46A2.d.89395005C82FCF7EF14589457070AC45.e.5877/attribute/aria-checked - {}
COMMAND: GET /session/b6c10327e85db8e4472cf13987b22354/screenshot - {}
RESULT: {}
COMMAND: POST /session/b6c10327e85db8e4472cf13987b22354/element - {"using":"xpath","value":"//table[contains(@id, \"listView-innerSelectionPanelTable-listUl\")]/tbody/tr[3]/td[2]/div/div"}
RESULT: {}
RESULT: {"using":"xpath","value":"//table[contains(@id, \"listView-innerSelectionPanelTable-listUl\")]/tbody/tr[3]/td[2]/div/div"}
COMMAND: POST /session/b6c10327e85db8e4472cf13987b22354/element - {"using":"xpath","value":"//table[contains(@id, \"listView-innerSelectionPanelTable-listUl\")]/tbody/tr[3]/td[2]/div"}
RESULT: {"using":"xpath","value":"//table[contains(@id, \"listView-innerSelectionPanelTable-listUl\")]/tbody/tr[3]/td[2]/div"}
COMMAND: POST /session/b6c10327e85db8e4472cf13987b22354/element - {"using":"xpath","value":"//table[contains(@id, \"listView-innerSelectionPanelTable-listUl\")]/tbody/tr[3]/td[3]/div/div/span/span[1]/bdi"}
RESULT: {"using":"xpath","value":"//table[contains(@id, \"listView-innerSelectionPanelTable-listUl\")]/tbody/tr[3]/td[3]/div/div/span/span[1]/bdi"}
COMMAND: POST /session/b6c10327e85db8e4472cf13987b22354/execute/sync - {"script":"<script> [56 bytes]","args":[{"element-6066-11e4-a52e-4f735466cecf":"f.76EFC1153EA5792FD1141D4CA15B46A2.d.89395005C82FCF7EF14589457070AC45.e.5881","ELEMENT":"f.76EFC1153EA5792FD1141D4CA15B46A2.d.89395005C82FCF7EF14589457070AC45.e.5881"}]}
RESULT: {"script":"<script> [56 bytes]","args":[{"element-6066-11e4-a52e-4f735466cecf":"f.76EFC1153EA5792FD1141D4CA15B46A2.d.89395005C82FCF7EF14589457070AC45.e.5881","ELEMENT":"f.76EFC1153EA5792FD1141D4CA15B46A2.d.89395005C82FCF7EF14589457070AC45.e.5881"}]}
COMMAND: GET /session/b6c10327e85db8e4472cf13987b22354/element/f.76EFC1153EA5792FD1141D4CA15B46A2.d.89395005C82FCF7EF14589457070AC45.e.5880/attribute/aria-checked - {}
COMMAND: GET /session/b6c10327e85db8e4472cf13987b22354/screenshot - {}
RESULT: {}
COMMAND: POST /session/b6c10327e85db8e4472cf13987b22354/element - {"using":"xpath","value":"//table[contains(@id, \"listView-innerSelectionPanelTable-listUl\")]/tbody/tr[4]/td[2]/div/div"}
RESULT: {}
RESULT: {"using":"xpath","value":"//table[contains(@id, \"listView-innerSelectionPanelTable-listUl\")]/tbody/tr[4]/td[2]/div/div"}
COMMAND: POST /session/b6c10327e85db8e4472cf13987b22354/element - {"using":"xpath","value":"//table[contains(@id, \"listView-innerSelectionPanelTable-listUl\")]/tbody/tr[4]/td[2]/div"}
RESULT: {"using":"xpath","value":"//table[contains(@id, \"listView-innerSelectionPanelTable-listUl\")]/tbody/tr[4]/td[2]/div"}
COMMAND: POST /session/b6c10327e85db8e4472cf13987b22354/element - {"using":"xpath","value":"//table[contains(@id, \"listView-innerSelectionPanelTable-listUl\")]/tbody/tr[4]/td[3]/div/div/span/span[1]/bdi"}
RESULT: {"using":"xpath","value":"//table[contains(@id, \"listView-innerSelectionPanelTable-listUl\")]/tbody/tr[4]/td[3]/div/div/span/span[1]/bdi"}
COMMAND: POST /session/b6c10327e85db8e4472cf13987b22354/execute/sync - {"script":"<script> [56 bytes]","args":[{"element-6066-11e4-a52e-4f735466cecf":"f.76EFC1153EA5792FD1141D4CA15B46A2.d.89395005C82FCF7EF14589457070AC45.e.5884","ELEMENT":"f.76EFC1153EA5792FD1141D4CA15B46A2.d.89395005C82FCF7EF14589457070AC45.e.5884"}]}
RESULT: {"script":"<script> [56 bytes]","args":[{"element-6066-11e4-a52e-4f735466cecf":"f.76EFC1153EA5792FD1141D4CA15B46A2.d.89395005C82FCF7EF14589457070AC45.e.5884","ELEMENT":"f.76EFC1153EA5792FD1141D4CA15B46A2.d.89395005C82FCF7EF14589457070AC45.e.5884"}]}
COMMAND: GET /session/b6c10327e85db8e4472cf13987b22354/element/f.76EFC1153EA5792FD1141D4CA15B46A2.d.89395005C82FCF7EF14589457070AC45.e.5883/attribute/aria-checked - {}
COMMAND: GET /session/b6c10327e85db8e4472cf13987b22354/screenshot - {}
RESULT: {}
COMMAND: POST /session/b6c10327e85db8e4472cf13987b22354/element - {"using":"xpath","value":"//table[contains(@id, \"listView-innerSelectionPanelTable-listUl\")]/tbody/tr[5]/td[2]/div/div"}
RESULT: {}
RESULT: {"using":"xpath","value":"//table[contains(@id, \"listView-innerSelectionPanelTable-listUl\")]/tbody/tr[5]/td[2]/div/div"}
COMMAND: POST /session/b6c10327e85db8e4472cf13987b22354/element - {"using":"xpath","value":"//table[contains(@id, \"listView-innerSelectionPanelTable-listUl\")]/tbody/tr[5]/td[2]/div"}
RESULT: {"using":"xpath","value":"//table[contains(@id, \"listView-innerSelectionPanelTable-listUl\")]/tbody/tr[5]/td[2]/div"}
COMMAND: POST /session/b6c10327e85db8e4472cf13987b22354/element - {"using":"xpath","value":"//table[contains(@id, \"listView-innerSelectionPanelTable-listUl\")]/tbody/tr[5]/td[3]/div/div/span/span[1]/bdi"}
RESULT: {"using":"xpath","value":"//table[contains(@id, \"listView-innerSelectionPanelTable-listUl\")]/tbody/tr[5]/td[3]/div/div/span/span[1]/bdi"}
COMMAND: POST /session/b6c10327e85db8e4472cf13987b22354/execute/sync - {"script":"<script> [56 bytes]","args":[{"element-6066-11e4-a52e-4f735466cecf":"f.76EFC1153EA5792FD1141D4CA15B46A2.d.89395005C82FCF7EF14589457070AC45.e.5887","ELEMENT":"f.76EFC1153EA5792FD1141D4CA15B46A2.d.89395005C82FCF7EF14589457070AC45.e.5887"}]}
RESULT: {"script":"<script> [56 bytes]","args":[{"element-6066-11e4-a52e-4f735466cecf":"f.76EFC1153EA5792FD1141D4CA15B46A2.d.89395005C82FCF7EF14589457070AC45.e.5887","ELEMENT":"f.76EFC1153EA5792FD1141D4CA15B46A2.d.89395005C82FCF7EF14589457070AC45.e.5887"}]}
COMMAND: GET /session/b6c10327e85db8e4472cf13987b22354/element/f.76EFC1153EA5792FD1141D4CA15B46A2.d.89395005C82FCF7EF14589457070AC45.e.5886/attribute/aria-checked - {}
COMMAND: GET /session/b6c10327e85db8e4472cf13987b22354/screenshot - {}
RESULT: {}
COMMAND: POST /session/b6c10327e85db8e4472cf13987b22354/element - {"using":"xpath","value":"//table[contains(@id, \"listView-innerSelectionPanelTable-listUl\")]/tbody/tr[6]/td[2]/div/div"}
RESULT: {}
RESULT: {"using":"xpath","value":"//table[contains(@id, \"listView-innerSelectionPanelTable-listUl\")]/tbody/tr[6]/td[2]/div/div"}
COMMAND: POST /session/b6c10327e85db8e4472cf13987b22354/element - {"using":"xpath","value":"//table[contains(@id, \"listView-innerSelectionPanelTable-listUl\")]/tbody/tr[6]/td[2]/div"}
RESULT: {"using":"xpath","value":"//table[contains(@id, \"listView-innerSelectionPanelTable-listUl\")]/tbody/tr[6]/td[2]/div"}
COMMAND: POST /session/b6c10327e85db8e4472cf13987b22354/element - {"using":"xpath","value":"//table[contains(@id, \"listView-innerSelectionPanelTable-listUl\")]/tbody/tr[6]/td[3]/div/div/span/span[1]/bdi"}
RESULT: {"using":"xpath","value":"//table[contains(@id, \"listView-innerSelectionPanelTable-listUl\")]/tbody/tr[6]/td[3]/div/div/span/span[1]/bdi"}
COMMAND: POST /session/b6c10327e85db8e4472cf13987b22354/execute/sync - {"script":"<script> [56 bytes]","args":[{"element-6066-11e4-a52e-4f735466cecf":"f.76EFC1153EA5792FD1141D4CA15B46A2.d.89395005C82FCF7EF14589457070AC45.e.5890","ELEMENT":"f.76EFC1153EA5792FD1141D4CA15B46A2.d.89395005C82FCF7EF14589457070AC45.e.5890"}]}
RESULT: {"script":"<script> [56 bytes]","args":[{"element-6066-11e4-a52e-4f735466cecf":"f.76EFC1153EA5792FD1141D4CA15B46A2.d.89395005C82FCF7EF14589457070AC45.e.5890","ELEMENT":"f.76EFC1153EA5792FD1141D4CA15B46A2.d.89395005C82FCF7EF14589457070AC45.e.5890"}]}
COMMAND: GET /session/b6c10327e85db8e4472cf13987b22354/element/f.76EFC1153EA5792FD1141D4CA15B46A2.d.89395005C82FCF7EF14589457070AC45.e.5889/attribute/aria-checked - {}
COMMAND: GET /session/b6c10327e85db8e4472cf13987b22354/screenshot - {}
RESULT: {}
COMMAND: POST /session/b6c10327e85db8e4472cf13987b22354/element - {"using":"xpath","value":"//table[contains(@id, \"listView-innerSelectionPanelTable-listUl\")]/tbody/tr[7]/td[2]/div/div"}
RESULT: {}
RESULT: {"using":"xpath","value":"//table[contains(@id, \"listView-innerSelectionPanelTable-listUl\")]/tbody/tr[7]/td[2]/div/div"}
COMMAND: POST /session/b6c10327e85db8e4472cf13987b22354/element - {"using":"xpath","value":"//table[contains(@id, \"listView-innerSelectionPanelTable-listUl\")]/tbody/tr[7]/td[2]/div"}
RESULT: {"using":"xpath","value":"//table[contains(@id, \"listView-innerSelectionPanelTable-listUl\")]/tbody/tr[7]/td[2]/div"}
COMMAND: POST /session/b6c10327e85db8e4472cf13987b22354/element - {"using":"xpath","value":"//table[contains(@id, \"listView-innerSelectionPanelTable-listUl\")]/tbody/tr[7]/td[3]/div/div/span/span[1]/bdi"}
RESULT: {"using":"xpath","value":"//table[contains(@id, \"listView-innerSelectionPanelTable-listUl\")]/tbody/tr[7]/td[3]/div/div/span/span[1]/bdi"}
COMMAND: POST /session/b6c10327e85db8e4472cf13987b22354/execute/sync - {"script":"<script> [56 bytes]","args":[{"element-6066-11e4-a52e-4f735466cecf":"f.76EFC1153EA5792FD1141D4CA15B46A2.d.89395005C82FCF7EF14589457070AC45.e.5893","ELEMENT":"f.76EFC1153EA5792FD1141D4CA15B46A2.d.89395005C82FCF7EF14589457070AC45.e.5893"}]}
RESULT: {"script":"<script> [56 bytes]","args":[{"element-6066-11e4-a52e-4f735466cecf":"f.76EFC1153EA5792FD1141D4CA15B46A2.d.89395005C82FCF7EF14589457070AC45.e.5893","ELEMENT":"f.76EFC1153EA5792FD1141D4CA15B46A2.d.89395005C82FCF7EF14589457070AC45.e.5893"}]}
COMMAND: GET /session/b6c10327e85db8e4472cf13987b22354/element/f.76EFC1153EA5792FD1141D4CA15B46A2.d.89395005C82FCF7EF14589457070AC45.e.5892/attribute/aria-checked - {}
COMMAND: GET /session/b6c10327e85db8e4472cf13987b22354/screenshot - {}
RESULT: {}
COMMAND: POST /session/b6c10327e85db8e4472cf13987b22354/element - {"using":"xpath","value":"//table[contains(@id, \"listView-innerSelectionPanelTable-listUl\")]/tbody/tr[8]/td[2]/div/div"}
RESULT: {}
RESULT: {"using":"xpath","value":"//table[contains(@id, \"listView-innerSelectionPanelTable-listUl\")]/tbody/tr[8]/td[2]/div/div"}
COMMAND: POST /session/b6c10327e85db8e4472cf13987b22354/element - {"using":"xpath","value":"//table[contains(@id, \"listView-innerSelectionPanelTable-listUl\")]/tbody/tr[8]/td[2]/div"}
RESULT: {"using":"xpath","value":"//table[contains(@id, \"listView-innerSelectionPanelTable-listUl\")]/tbody/tr[8]/td[2]/div"}
COMMAND: POST /session/b6c10327e85db8e4472cf13987b22354/element - {"using":"xpath","value":"//table[contains(@id, \"listView-innerSelectionPanelTable-listUl\")]/tbody/tr[8]/td[3]/div/div/span/span[1]/bdi"}
RESULT: {"using":"xpath","value":"//table[contains(@id, \"listView-innerSelectionPanelTable-listUl\")]/tbody/tr[8]/td[3]/div/div/span/span[1]/bdi"}
COMMAND: POST /session/b6c10327e85db8e4472cf13987b22354/execute/sync - {"script":"<script> [56 bytes]","args":[{"element-6066-11e4-a52e-4f735466cecf":"f.76EFC1153EA5792FD1141D4CA15B46A2.d.89395005C82FCF7EF14589457070AC45.e.5896","ELEMENT":"f.76EFC1153EA5792FD1141D4CA15B46A2.d.89395005C82FCF7EF14589457070AC45.e.5896"}]}
RESULT: {"script":"<script> [56 bytes]","args":[{"element-6066-11e4-a52e-4f735466cecf":"f.76EFC1153EA5792FD1141D4CA15B46A2.d.89395005C82FCF7EF14589457070AC45.e.5896","ELEMENT":"f.76EFC1153EA5792FD1141D4CA15B46A2.d.89395005C82FCF7EF14589457070AC45.e.5896"}]}
COMMAND: GET /session/b6c10327e85db8e4472cf13987b22354/element/f.76EFC1153EA5792FD1141D4CA15B46A2.d.89395005C82FCF7EF14589457070AC45.e.5895/attribute/aria-checked - {}
COMMAND: GET /session/b6c10327e85db8e4472cf13987b22354/screenshot - {}
RESULT: {}
COMMAND: POST /session/b6c10327e85db8e4472cf13987b22354/element - {"using":"xpath","value":"//table[contains(@id, \"listView-innerSelectionPanelTable-listUl\")]/tbody/tr[9]/td[2]/div/div"}
RESULT: {}
RESULT: {"using":"xpath","value":"//table[contains(@id, \"listView-innerSelectionPanelTable-listUl\")]/tbody/tr[9]/td[2]/div/div"}
COMMAND: POST /session/b6c10327e85db8e4472cf13987b22354/element - {"using":"xpath","value":"//table[contains(@id, \"listView-innerSelectionPanelTable-listUl\")]/tbody/tr[9]/td[2]/div"}
RESULT: {"using":"xpath","value":"//table[contains(@id, \"listView-innerSelectionPanelTable-listUl\")]/tbody/tr[9]/td[2]/div"}
COMMAND: POST /session/b6c10327e85db8e4472cf13987b22354/element - {"using":"xpath","value":"//table[contains(@id, \"listView-innerSelectionPanelTable-listUl\")]/tbody/tr[9]/td[3]/div/div/span/span[1]/bdi"}
RESULT: {"using":"xpath","value":"//table[contains(@id, \"listView-innerSelectionPanelTable-listUl\")]/tbody/tr[9]/td[3]/div/div/span/span[1]/bdi"}
COMMAND: POST /session/b6c10327e85db8e4472cf13987b22354/execute/sync - {"script":"<script> [56 bytes]","args":[{"element-6066-11e4-a52e-4f735466cecf":"f.76EFC1153EA5792FD1141D4CA15B46A2.d.89395005C82FCF7EF14589457070AC45.e.5899","ELEMENT":"f.76EFC1153EA5792FD1141D4CA15B46A2.d.89395005C82FCF7EF14589457070AC45.e.5899"}]}
RESULT: {"script":"<script> [56 bytes]","args":[{"element-6066-11e4-a52e-4f735466cecf":"f.76EFC1153EA5792FD1141D4CA15B46A2.d.89395005C82FCF7EF14589457070AC45.e.5899","ELEMENT":"f.76EFC1153EA5792FD1141D4CA15B46A2.d.89395005C82FCF7EF14589457070AC45.e.5899"}]}
COMMAND: GET /session/b6c10327e85db8e4472cf13987b22354/element/f.76EFC1153EA5792FD1141D4CA15B46A2.d.89395005C82FCF7EF14589457070AC45.e.5898/attribute/aria-checked - {}
COMMAND: GET /session/b6c10327e85db8e4472cf13987b22354/screenshot - {}
RESULT: {}
COMMAND: POST /session/b6c10327e85db8e4472cf13987b22354/element - {"using":"xpath","value":"//table[contains(@id, \"listView-innerSelectionPanelTable-listUl\")]/tbody/tr[10]/td[2]/div/div"}
RESULT: {}
RESULT: {"using":"xpath","value":"//table[contains(@id, \"listView-innerSelectionPanelTable-listUl\")]/tbody/tr[10]/td[2]/div/div"}
COMMAND: POST /session/b6c10327e85db8e4472cf13987b22354/element - {"using":"xpath","value":"//table[contains(@id, \"listView-innerSelectionPanelTable-listUl\")]/tbody/tr[10]/td[2]/div"}
RESULT: {"using":"xpath","value":"//table[contains(@id, \"listView-innerSelectionPanelTable-listUl\")]/tbody/tr[10]/td[2]/div"}
COMMAND: POST /session/b6c10327e85db8e4472cf13987b22354/element - {"using":"xpath","value":"//table[contains(@id, \"listView-innerSelectionPanelTable-listUl\")]/tbody/tr[10]/td[3]/div/div/span/span[1]/bdi"}
RESULT: {"using":"xpath","value":"//table[contains(@id, \"listView-innerSelectionPanelTable-listUl\")]/tbody/tr[10]/td[3]/div/div/span/span[1]/bdi"}
COMMAND: POST /session/b6c10327e85db8e4472cf13987b22354/execute/sync - {"script":"<script> [56 bytes]","args":[{"element-6066-11e4-a52e-4f735466cecf":"f.76EFC1153EA5792FD1141D4CA15B46A2.d.89395005C82FCF7EF14589457070AC45.e.5902","ELEMENT":"f.76EFC1153EA5792FD1141D4CA15B46A2.d.89395005C82FCF7EF14589457070AC45.e.5902"}]}
RESULT: {"script":"<script> [56 bytes]","args":[{"element-6066-11e4-a52e-4f735466cecf":"f.76EFC1153EA5792FD1141D4CA15B46A2.d.89395005C82FCF7EF14589457070AC45.e.5902","ELEMENT":"f.76EFC1153EA5792FD1141D4CA15B46A2.d.89395005C82FCF7EF14589457070AC45.e.5902"}]}
COMMAND: GET /session/b6c10327e85db8e4472cf13987b22354/element/f.76EFC1153EA5792FD1141D4CA15B46A2.d.89395005C82FCF7EF14589457070AC45.e.5901/attribute/aria-checked - {}
COMMAND: GET /session/b6c10327e85db8e4472cf13987b22354/screenshot - {}
RESULT: {}
COMMAND: POST /session/b6c10327e85db8e4472cf13987b22354/element - {"using":"xpath","value":"//table[contains(@id, \"listView-innerSelectionPanelTable-listUl\")]/tbody/tr[11]/td[2]/div/div"}
RESULT: {}
RESULT: {"using":"xpath","value":"//table[contains(@id, \"listView-innerSelectionPanelTable-listUl\")]/tbody/tr[11]/td[2]/div/div"}
COMMAND: POST /session/b6c10327e85db8e4472cf13987b22354/element - {"using":"xpath","value":"//table[contains(@id, \"listView-innerSelectionPanelTable-listUl\")]/tbody/tr[11]/td[2]/div"}
RESULT: {"using":"xpath","value":"//table[contains(@id, \"listView-innerSelectionPanelTable-listUl\")]/tbody/tr[11]/td[2]/div"}
COMMAND: POST /session/b6c10327e85db8e4472cf13987b22354/element - {"using":"xpath","value":"//table[contains(@id, \"listView-innerSelectionPanelTable-listUl\")]/tbody/tr[11]/td[3]/div/div/span/span[1]/bdi"}
RESULT: {"using":"xpath","value":"//table[contains(@id, \"listView-innerSelectionPanelTable-listUl\")]/tbody/tr[11]/td[3]/div/div/span/span[1]/bdi"}
COMMAND: POST /session/b6c10327e85db8e4472cf13987b22354/execute/sync - {"script":"<script> [56 bytes]","args":[{"element-6066-11e4-a52e-4f735466cecf":"f.76EFC1153EA5792FD1141D4CA15B46A2.d.89395005C82FCF7EF14589457070AC45.e.5905","ELEMENT":"f.76EFC1153EA5792FD1141D4CA15B46A2.d.89395005C82FCF7EF14589457070AC45.e.5905"}]}
RESULT: {"script":"<script> [56 bytes]","args":[{"element-6066-11e4-a52e-4f735466cecf":"f.76EFC1153EA5792FD1141D4CA15B46A2.d.89395005C82FCF7EF14589457070AC45.e.5905","ELEMENT":"f.76EFC1153EA5792FD1141D4CA15B46A2.d.89395005C82FCF7EF14589457070AC45.e.5905"}]}
COMMAND: GET /session/b6c10327e85db8e4472cf13987b22354/element/f.76EFC1153EA5792FD1141D4CA15B46A2.d.89395005C82FCF7EF14589457070AC45.e.5904/attribute/aria-checked - {}
COMMAND: GET /session/b6c10327e85db8e4472cf13987b22354/screenshot - {}
RESULT: {}
COMMAND: POST /session/b6c10327e85db8e4472cf13987b22354/element - {"using":"xpath","value":"//table[contains(@id, \"listView-innerSelectionPanelTable-listUl\")]/tbody/tr[12]/td[2]/div/div"}
RESULT: {}
RESULT: {"using":"xpath","value":"//table[contains(@id, \"listView-innerSelectionPanelTable-listUl\")]/tbody/tr[12]/td[2]/div/div"}
COMMAND: POST /session/b6c10327e85db8e4472cf13987b22354/element - {"using":"xpath","value":"//table[contains(@id, \"listView-innerSelectionPanelTable-listUl\")]/tbody/tr[12]/td[2]/div"}
RESULT: {"using":"xpath","value":"//table[contains(@id, \"listView-innerSelectionPanelTable-listUl\")]/tbody/tr[12]/td[2]/div"}
COMMAND: POST /session/b6c10327e85db8e4472cf13987b22354/element - {"using":"xpath","value":"//table[contains(@id, \"listView-innerSelectionPanelTable-listUl\")]/tbody/tr[12]/td[3]/div/div/span/span[1]/bdi"}
RESULT: {"using":"xpath","value":"//table[contains(@id, \"listView-innerSelectionPanelTable-listUl\")]/tbody/tr[12]/td[3]/div/div/span/span[1]/bdi"}
COMMAND: POST /session/b6c10327e85db8e4472cf13987b22354/execute/sync - {"script":"<script> [56 bytes]","args":[{"element-6066-11e4-a52e-4f735466cecf":"f.76EFC1153EA5792FD1141D4CA15B46A2.d.89395005C82FCF7EF14589457070AC45.e.5908","ELEMENT":"f.76EFC1153EA5792FD1141D4CA15B46A2.d.89395005C82FCF7EF14589457070AC45.e.5908"}]}
RESULT: {"script":"<script> [56 bytes]","args":[{"element-6066-11e4-a52e-4f735466cecf":"f.76EFC1153EA5792FD1141D4CA15B46A2.d.89395005C82FCF7EF14589457070AC45.e.5908","ELEMENT":"f.76EFC1153EA5792FD1141D4CA15B46A2.d.89395005C82FCF7EF14589457070AC45.e.5908"}]}
COMMAND: GET /session/b6c10327e85db8e4472cf13987b22354/element/f.76EFC1153EA5792FD1141D4CA15B46A2.d.89395005C82FCF7EF14589457070AC45.e.5907/attribute/aria-checked - {}
COMMAND: GET /session/b6c10327e85db8e4472cf13987b22354/screenshot - {}
RESULT: {}
COMMAND: POST /session/b6c10327e85db8e4472cf13987b22354/element - {"using":"xpath","value":"//table[contains(@id, \"listView-innerSelectionPanelTable-listUl\")]/tbody/tr[13]/td[2]/div/div"}
RESULT: {}
RESULT: {"using":"xpath","value":"//table[contains(@id, \"listView-innerSelectionPanelTable-listUl\")]/tbody/tr[13]/td[2]/div/div"}
COMMAND: POST /session/b6c10327e85db8e4472cf13987b22354/element - {"using":"xpath","value":"//table[contains(@id, \"listView-innerSelectionPanelTable-listUl\")]/tbody/tr[13]/td[2]/div"}
RESULT: {"using":"xpath","value":"//table[contains(@id, \"listView-innerSelectionPanelTable-listUl\")]/tbody/tr[13]/td[2]/div"}
COMMAND: POST /session/b6c10327e85db8e4472cf13987b22354/element - {"using":"xpath","value":"//table[contains(@id, \"listView-innerSelectionPanelTable-listUl\")]/tbody/tr[13]/td[3]/div/div/span/span[1]/bdi"}
RESULT: {"using":"xpath","value":"//table[contains(@id, \"listView-innerSelectionPanelTable-listUl\")]/tbody/tr[13]/td[3]/div/div/span/span[1]/bdi"}
COMMAND: POST /session/b6c10327e85db8e4472cf13987b22354/execute/sync - {"script":"<script> [56 bytes]","args":[{"element-6066-11e4-a52e-4f735466cecf":"f.76EFC1153EA5792FD1141D4CA15B46A2.d.89395005C82FCF7EF14589457070AC45.e.5911","ELEMENT":"f.76EFC1153EA5792FD1141D4CA15B46A2.d.89395005C82FCF7EF14589457070AC45.e.5911"}]}
RESULT: {"script":"<script> [56 bytes]","args":[{"element-6066-11e4-a52e-4f735466cecf":"f.76EFC1153EA5792FD1141D4CA15B46A2.d.89395005C82FCF7EF14589457070AC45.e.5911","ELEMENT":"f.76EFC1153EA5792FD1141D4CA15B46A2.d.89395005C82FCF7EF14589457070AC45.e.5911"}]}
COMMAND: GET /session/b6c10327e85db8e4472cf13987b22354/element/f.76EFC1153EA5792FD1141D4CA15B46A2.d.89395005C82FCF7EF14589457070AC45.e.5910/attribute/aria-checked - {}
COMMAND: GET /session/b6c10327e85db8e4472cf13987b22354/screenshot - {}
RESULT: {}
COMMAND: POST /session/b6c10327e85db8e4472cf13987b22354/element - {"using":"xpath","value":"//table[contains(@id, \"listView-innerSelectionPanelTable-listUl\")]/tbody/tr[14]/td[2]/div/div"}
COMMAND: POST /session/b6c10327e85db8e4472cf13987b22354/element/f.76EFC1153EA5792FD1141D4CA15B46A2.d.89395005C82FCF7EF14589457070AC45.e.5909/click - {}
RESULT: {}
RESULT: {"using":"xpath","value":"//table[contains(@id, \"listView-innerSelectionPanelTable-listUl\")]/tbody/tr[14]/td[2]/div/div"}
COMMAND: POST /session/b6c10327e85db8e4472cf13987b22354/element - {"using":"xpath","value":"//table[contains(@id, \"listView-innerSelectionPanelTable-listUl\")]/tbody/tr[14]/td[2]/div"}
RESULT: {}
COMMAND: GET /session/b6c10327e85db8e4472cf13987b22354/screenshot - {}
RESULT: {"using":"xpath","value":"//table[contains(@id, \"listView-innerSelectionPanelTable-listUl\")]/tbody/tr[14]/td[2]/div"}
COMMAND: POST /session/b6c10327e85db8e4472cf13987b22354/element - {"using":"xpath","value":"//table[contains(@id, \"listView-innerSelectionPanelTable-listUl\")]/tbody/tr[14]/td[3]/div/div/span/span[1]/bdi"}
RESULT: {}
RESULT: {"using":"xpath","value":"//table[contains(@id, \"listView-innerSelectionPanelTable-listUl\")]/tbody/tr[14]/td[3]/div/div/span/span[1]/bdi"}
COMMAND: POST /session/b6c10327e85db8e4472cf13987b22354/execute/sync - {"script":"<script> [56 bytes]","args":[{"element-6066-11e4-a52e-4f735466cecf":"f.76EFC1153EA5792FD1141D4CA15B46A2.d.89395005C82FCF7EF14589457070AC45.e.5915","ELEMENT":"f.76EFC1153EA5792FD1141D4CA15B46A2.d.89395005C82FCF7EF14589457070AC45.e.5915"}]}
RESULT: {"script":"<script> [56 bytes]","args":[{"element-6066-11e4-a52e-4f735466cecf":"f.76EFC1153EA5792FD1141D4CA15B46A2.d.89395005C82FCF7EF14589457070AC45.e.5915","ELEMENT":"f.76EFC1153EA5792FD1141D4CA15B46A2.d.89395005C82FCF7EF14589457070AC45.e.5915"}]}
COMMAND: GET /session/b6c10327e85db8e4472cf13987b22354/element/f.76EFC1153EA5792FD1141D4CA15B46A2.d.89395005C82FCF7EF14589457070AC45.e.5914/attribute/aria-checked - {}
COMMAND: GET /session/b6c10327e85db8e4472cf13987b22354/screenshot - {}
RESULT: {}
COMMAND: POST /session/b6c10327e85db8e4472cf13987b22354/element - {"using":"xpath","value":"//table[contains(@id, \"listView-innerSelectionPanelTable-listUl\")]/tbody/tr[15]/td[2]/div/div"}
RESULT: {}
RESULT: {"using":"xpath","value":"//table[contains(@id, \"listView-innerSelectionPanelTable-listUl\")]/tbody/tr[15]/td[2]/div/div"}
COMMAND: POST /session/b6c10327e85db8e4472cf13987b22354/element - {"using":"xpath","value":"//table[contains(@id, \"listView-innerSelectionPanelTable-listUl\")]/tbody/tr[15]/td[2]/div"}
RESULT: {"using":"xpath","value":"//table[contains(@id, \"listView-innerSelectionPanelTable-listUl\")]/tbody/tr[15]/td[2]/div"}
COMMAND: POST /session/b6c10327e85db8e4472cf13987b22354/element - {"using":"xpath","value":"//table[contains(@id, \"listView-innerSelectionPanelTable-listUl\")]/tbody/tr[15]/td[3]/div/div/span/span[1]/bdi"}
RESULT: {"using":"xpath","value":"//table[contains(@id, \"listView-innerSelectionPanelTable-listUl\")]/tbody/tr[15]/td[3]/div/div/span/span[1]/bdi"}
COMMAND: POST /session/b6c10327e85db8e4472cf13987b22354/execute/sync - {"script":"<script> [56 bytes]","args":[{"element-6066-11e4-a52e-4f735466cecf":"f.76EFC1153EA5792FD1141D4CA15B46A2.d.89395005C82FCF7EF14589457070AC45.e.5918","ELEMENT":"f.76EFC1153EA5792FD1141D4CA15B46A2.d.89395005C82FCF7EF14589457070AC45.e.5918"}]}
RESULT: {"script":"<script> [56 bytes]","args":[{"element-6066-11e4-a52e-4f735466cecf":"f.76EFC1153EA5792FD1141D4CA15B46A2.d.89395005C82FCF7EF14589457070AC45.e.5918","ELEMENT":"f.76EFC1153EA5792FD1141D4CA15B46A2.d.89395005C82FCF7EF14589457070AC45.e.5918"}]}
COMMAND: GET /session/b6c10327e85db8e4472cf13987b22354/element/f.76EFC1153EA5792FD1141D4CA15B46A2.d.89395005C82FCF7EF14589457070AC45.e.5917/attribute/aria-checked - {}
COMMAND: GET /session/b6c10327e85db8e4472cf13987b22354/screenshot - {}
RESULT: {}
COMMAND: POST /session/b6c10327e85db8e4472cf13987b22354/element - {"using":"xpath","value":"//table[contains(@id, \"listView-innerSelectionPanelTable-listUl\")]/tbody/tr[16]/td[2]/div/div"}
RESULT: {}
RESULT: {"using":"xpath","value":"//table[contains(@id, \"listView-innerSelectionPanelTable-listUl\")]/tbody/tr[16]/td[2]/div/div"}
COMMAND: POST /session/b6c10327e85db8e4472cf13987b22354/element - {"using":"xpath","value":"//table[contains(@id, \"listView-innerSelectionPanelTable-listUl\")]/tbody/tr[16]/td[2]/div"}
RESULT: {"using":"xpath","value":"//table[contains(@id, \"listView-innerSelectionPanelTable-listUl\")]/tbody/tr[16]/td[2]/div"}
COMMAND: POST /session/b6c10327e85db8e4472cf13987b22354/element - {"using":"xpath","value":"//table[contains(@id, \"listView-innerSelectionPanelTable-listUl\")]/tbody/tr[16]/td[3]/div/div/span/span[1]/bdi"}
RESULT: {"using":"xpath","value":"//table[contains(@id, \"listView-innerSelectionPanelTable-listUl\")]/tbody/tr[16]/td[3]/div/div/span/span[1]/bdi"}
COMMAND: POST /session/b6c10327e85db8e4472cf13987b22354/execute/sync - {"script":"<script> [56 bytes]","args":[{"element-6066-11e4-a52e-4f735466cecf":"f.76EFC1153EA5792FD1141D4CA15B46A2.d.89395005C82FCF7EF14589457070AC45.e.5921","ELEMENT":"f.76EFC1153EA5792FD1141D4CA15B46A2.d.89395005C82FCF7EF14589457070AC45.e.5921"}]}
RESULT: {"script":"<script> [56 bytes]","args":[{"element-6066-11e4-a52e-4f735466cecf":"f.76EFC1153EA5792FD1141D4CA15B46A2.d.89395005C82FCF7EF14589457070AC45.e.5921","ELEMENT":"f.76EFC1153EA5792FD1141D4CA15B46A2.d.89395005C82FCF7EF14589457070AC45.e.5921"}]}
COMMAND: GET /session/b6c10327e85db8e4472cf13987b22354/element/f.76EFC1153EA5792FD1141D4CA15B46A2.d.89395005C82FCF7EF14589457070AC45.e.5920/attribute/aria-checked - {}
COMMAND: GET /session/b6c10327e85db8e4472cf13987b22354/screenshot - {}
RESULT: {}
COMMAND: POST /session/b6c10327e85db8e4472cf13987b22354/element - {"using":"xpath","value":"//table[contains(@id, \"listView-innerSelectionPanelTable-listUl\")]/tbody/tr[17]/td[2]/div/div"}
RESULT: {}
RESULT: {"using":"xpath","value":"//table[contains(@id, \"listView-innerSelectionPanelTable-listUl\")]/tbody/tr[17]/td[2]/div/div"}
COMMAND: POST /session/b6c10327e85db8e4472cf13987b22354/element - {"using":"xpath","value":"//table[contains(@id, \"listView-innerSelectionPanelTable-listUl\")]/tbody/tr[17]/td[2]/div"}
RESULT: {"using":"xpath","value":"//table[contains(@id, \"listView-innerSelectionPanelTable-listUl\")]/tbody/tr[17]/td[2]/div"}
COMMAND: POST /session/b6c10327e85db8e4472cf13987b22354/element - {"using":"xpath","value":"//table[contains(@id, \"listView-innerSelectionPanelTable-listUl\")]/tbody/tr[17]/td[3]/div/div/span/span[1]/bdi"}
RESULT: {"using":"xpath","value":"//table[contains(@id, \"listView-innerSelectionPanelTable-listUl\")]/tbody/tr[17]/td[3]/div/div/span/span[1]/bdi"}
COMMAND: POST /session/b6c10327e85db8e4472cf13987b22354/execute/sync - {"script":"<script> [56 bytes]","args":[{"element-6066-11e4-a52e-4f735466cecf":"f.76EFC1153EA5792FD1141D4CA15B46A2.d.89395005C82FCF7EF14589457070AC45.e.5924","ELEMENT":"f.76EFC1153EA5792FD1141D4CA15B46A2.d.89395005C82FCF7EF14589457070AC45.e.5924"}]}
RESULT: {"script":"<script> [56 bytes]","args":[{"element-6066-11e4-a52e-4f735466cecf":"f.76EFC1153EA5792FD1141D4CA15B46A2.d.89395005C82FCF7EF14589457070AC45.e.5924","ELEMENT":"f.76EFC1153EA5792FD1141D4CA15B46A2.d.89395005C82FCF7EF14589457070AC45.e.5924"}]}
COMMAND: GET /session/b6c10327e85db8e4472cf13987b22354/element/f.76EFC1153EA5792FD1141D4CA15B46A2.d.89395005C82FCF7EF14589457070AC45.e.5923/attribute/aria-checked - {}
COMMAND: GET /session/b6c10327e85db8e4472cf13987b22354/screenshot - {}
RESULT: {}
COMMAND: POST /session/b6c10327e85db8e4472cf13987b22354/element - {"using":"xpath","value":"//table[contains(@id, \"listView-innerSelectionPanelTable-listUl\")]/tbody/tr[18]/td[2]/div/div"}
RESULT: {}
RESULT: {"using":"xpath","value":"//table[contains(@id, \"listView-innerSelectionPanelTable-listUl\")]/tbody/tr[18]/td[2]/div/div"}
COMMAND: POST /session/b6c10327e85db8e4472cf13987b22354/element - {"using":"xpath","value":"//table[contains(@id, \"listView-innerSelectionPanelTable-listUl\")]/tbody/tr[18]/td[2]/div"}
RESULT: {"using":"xpath","value":"//table[contains(@id, \"listView-innerSelectionPanelTable-listUl\")]/tbody/tr[18]/td[2]/div"}
COMMAND: POST /session/b6c10327e85db8e4472cf13987b22354/element - {"using":"xpath","value":"//table[contains(@id, \"listView-innerSelectionPanelTable-listUl\")]/tbody/tr[18]/td[3]/div/div/span/span[1]/bdi"}
RESULT: {"using":"xpath","value":"//table[contains(@id, \"listView-innerSelectionPanelTable-listUl\")]/tbody/tr[18]/td[3]/div/div/span/span[1]/bdi"}
COMMAND: POST /session/b6c10327e85db8e4472cf13987b22354/execute/sync - {"script":"<script> [56 bytes]","args":[{"element-6066-11e4-a52e-4f735466cecf":"f.76EFC1153EA5792FD1141D4CA15B46A2.d.89395005C82FCF7EF14589457070AC45.e.5927","ELEMENT":"f.76EFC1153EA5792FD1141D4CA15B46A2.d.89395005C82FCF7EF14589457070AC45.e.5927"}]}
RESULT: {"script":"<script> [56 bytes]","args":[{"element-6066-11e4-a52e-4f735466cecf":"f.76EFC1153EA5792FD1141D4CA15B46A2.d.89395005C82FCF7EF14589457070AC45.e.5927","ELEMENT":"f.76EFC1153EA5792FD1141D4CA15B46A2.d.89395005C82FCF7EF14589457070AC45.e.5927"}]}
COMMAND: GET /session/b6c10327e85db8e4472cf13987b22354/element/f.76EFC1153EA5792FD1141D4CA15B46A2.d.89395005C82FCF7EF14589457070AC45.e.5926/attribute/aria-checked - {}
COMMAND: GET /session/b6c10327e85db8e4472cf13987b22354/screenshot - {}
RESULT: {}
COMMAND: POST /session/b6c10327e85db8e4472cf13987b22354/element - {"using":"xpath","value":"//table[contains(@id, \"listView-innerSelectionPanelTable-listUl\")]/tbody/tr[19]/td[2]/div/div"}
RESULT: {}
RESULT: {"using":"xpath","value":"//table[contains(@id, \"listView-innerSelectionPanelTable-listUl\")]/tbody/tr[19]/td[2]/div/div"}
COMMAND: POST /session/b6c10327e85db8e4472cf13987b22354/element - {"using":"xpath","value":"//table[contains(@id, \"listView-innerSelectionPanelTable-listUl\")]/tbody/tr[19]/td[2]/div"}
RESULT: {"using":"xpath","value":"//table[contains(@id, \"listView-innerSelectionPanelTable-listUl\")]/tbody/tr[19]/td[2]/div"}
COMMAND: POST /session/b6c10327e85db8e4472cf13987b22354/element - {"using":"xpath","value":"//table[contains(@id, \"listView-innerSelectionPanelTable-listUl\")]/tbody/tr[19]/td[3]/div/div/span/span[1]/bdi"}
RESULT: {"using":"xpath","value":"//table[contains(@id, \"listView-innerSelectionPanelTable-listUl\")]/tbody/tr[19]/td[3]/div/div/span/span[1]/bdi"}
COMMAND: POST /session/b6c10327e85db8e4472cf13987b22354/execute/sync - {"script":"<script> [56 bytes]","args":[{"element-6066-11e4-a52e-4f735466cecf":"f.76EFC1153EA5792FD1141D4CA15B46A2.d.89395005C82FCF7EF14589457070AC45.e.5930","ELEMENT":"f.76EFC1153EA5792FD1141D4CA15B46A2.d.89395005C82FCF7EF14589457070AC45.e.5930"}]}
RESULT: {"script":"<script> [56 bytes]","args":[{"element-6066-11e4-a52e-4f735466cecf":"f.76EFC1153EA5792FD1141D4CA15B46A2.d.89395005C82FCF7EF14589457070AC45.e.5930","ELEMENT":"f.76EFC1153EA5792FD1141D4CA15B46A2.d.89395005C82FCF7EF14589457070AC45.e.5930"}]}
COMMAND: GET /session/b6c10327e85db8e4472cf13987b22354/element/f.76EFC1153EA5792FD1141D4CA15B46A2.d.89395005C82FCF7EF14589457070AC45.e.5929/attribute/aria-checked - {}
COMMAND: GET /session/b6c10327e85db8e4472cf13987b22354/screenshot - {}
RESULT: {}
COMMAND: POST /session/b6c10327e85db8e4472cf13987b22354/element - {"using":"xpath","value":"//table[contains(@id, \"listView-innerSelectionPanelTable-listUl\")]/tbody/tr[20]/td[2]/div/div"}
RESULT: {}
RESULT: {"using":"xpath","value":"//table[contains(@id, \"listView-innerSelectionPanelTable-listUl\")]/tbody/tr[20]/td[2]/div/div"}
COMMAND: POST /session/b6c10327e85db8e4472cf13987b22354/element - {"using":"xpath","value":"//table[contains(@id, \"listView-innerSelectionPanelTable-listUl\")]/tbody/tr[20]/td[2]/div"}
RESULT: {"using":"xpath","value":"//table[contains(@id, \"listView-innerSelectionPanelTable-listUl\")]/tbody/tr[20]/td[2]/div"}
COMMAND: POST /session/b6c10327e85db8e4472cf13987b22354/element - {"using":"xpath","value":"//table[contains(@id, \"listView-innerSelectionPanelTable-listUl\")]/tbody/tr[20]/td[3]/div/div/span/span[1]/bdi"}
RESULT: {"using":"xpath","value":"//table[contains(@id, \"listView-innerSelectionPanelTable-listUl\")]/tbody/tr[20]/td[3]/div/div/span/span[1]/bdi"}
COMMAND: POST /session/b6c10327e85db8e4472cf13987b22354/execute/sync - {"script":"<script> [56 bytes]","args":[{"element-6066-11e4-a52e-4f735466cecf":"f.76EFC1153EA5792FD1141D4CA15B46A2.d.89395005C82FCF7EF14589457070AC45.e.5933","ELEMENT":"f.76EFC1153EA5792FD1141D4CA15B46A2.d.89395005C82FCF7EF14589457070AC45.e.5933"}]}
RESULT: {"script":"<script> [56 bytes]","args":[{"element-6066-11e4-a52e-4f735466cecf":"f.76EFC1153EA5792FD1141D4CA15B46A2.d.89395005C82FCF7EF14589457070AC45.e.5933","ELEMENT":"f.76EFC1153EA5792FD1141D4CA15B46A2.d.89395005C82FCF7EF14589457070AC45.e.5933"}]}
COMMAND: GET /session/b6c10327e85db8e4472cf13987b22354/element/f.76EFC1153EA5792FD1141D4CA15B46A2.d.89395005C82FCF7EF14589457070AC45.e.5932/attribute/aria-checked - {}
COMMAND: GET /session/b6c10327e85db8e4472cf13987b22354/screenshot - {}
RESULT: {}
COMMAND: POST /session/b6c10327e85db8e4472cf13987b22354/element - {"using":"xpath","value":"//table[contains(@id, \"listView-innerSelectionPanelTable-listUl\")]/tbody/tr[21]/td[2]/div/div"}
RESULT: {}
RESULT: {"using":"xpath","value":"//table[contains(@id, \"listView-innerSelectionPanelTable-listUl\")]/tbody/tr[21]/td[2]/div/div"}
COMMAND: POST /session/b6c10327e85db8e4472cf13987b22354/element - {"using":"xpath","value":"//table[contains(@id, \"listView-innerSelectionPanelTable-listUl\")]/tbody/tr[21]/td[2]/div"}
RESULT: {"using":"xpath","value":"//table[contains(@id, \"listView-innerSelectionPanelTable-listUl\")]/tbody/tr[21]/td[2]/div"}
COMMAND: POST /session/b6c10327e85db8e4472cf13987b22354/element - {"using":"xpath","value":"//table[contains(@id, \"listView-innerSelectionPanelTable-listUl\")]/tbody/tr[21]/td[3]/div/div/span/span[1]/bdi"}
RESULT: {"using":"xpath","value":"//table[contains(@id, \"listView-innerSelectionPanelTable-listUl\")]/tbody/tr[21]/td[3]/div/div/span/span[1]/bdi"}
COMMAND: POST /session/b6c10327e85db8e4472cf13987b22354/execute/sync - {"script":"<script> [56 bytes]","args":[{"element-6066-11e4-a52e-4f735466cecf":"f.76EFC1153EA5792FD1141D4CA15B46A2.d.89395005C82FCF7EF14589457070AC45.e.5936","ELEMENT":"f.76EFC1153EA5792FD1141D4CA15B46A2.d.89395005C82FCF7EF14589457070AC45.e.5936"}]}
RESULT: {"script":"<script> [56 bytes]","args":[{"element-6066-11e4-a52e-4f735466cecf":"f.76EFC1153EA5792FD1141D4CA15B46A2.d.89395005C82FCF7EF14589457070AC45.e.5936","ELEMENT":"f.76EFC1153EA5792FD1141D4CA15B46A2.d.89395005C82FCF7EF14589457070AC45.e.5936"}]}
COMMAND: GET /session/b6c10327e85db8e4472cf13987b22354/element/f.76EFC1153EA5792FD1141D4CA15B46A2.d.89395005C82FCF7EF14589457070AC45.e.5935/attribute/aria-checked - {}
COMMAND: GET /session/b6c10327e85db8e4472cf13987b22354/screenshot - {}
RESULT: {}
COMMAND: POST /session/b6c10327e85db8e4472cf13987b22354/element - {"using":"xpath","value":"//table[contains(@id, \"listView-innerSelectionPanelTable-listUl\")]/tbody/tr[22]/td[2]/div/div"}
RESULT: {}
RESULT: {"using":"xpath","value":"//table[contains(@id, \"listView-innerSelectionPanelTable-listUl\")]/tbody/tr[22]/td[2]/div/div"}
COMMAND: POST /session/b6c10327e85db8e4472cf13987b22354/element - {"using":"xpath","value":"//table[contains(@id, \"listView-innerSelectionPanelTable-listUl\")]/tbody/tr[22]/td[2]/div"}
RESULT: {"using":"xpath","value":"//table[contains(@id, \"listView-innerSelectionPanelTable-listUl\")]/tbody/tr[22]/td[2]/div"}
COMMAND: POST /session/b6c10327e85db8e4472cf13987b22354/element - {"using":"xpath","value":"//table[contains(@id, \"listView-innerSelectionPanelTable-listUl\")]/tbody/tr[22]/td[3]/div/div/span/span[1]/bdi"}
RESULT: {"using":"xpath","value":"//table[contains(@id, \"listView-innerSelectionPanelTable-listUl\")]/tbody/tr[22]/td[3]/div/div/span/span[1]/bdi"}
COMMAND: POST /session/b6c10327e85db8e4472cf13987b22354/execute/sync - {"script":"<script> [56 bytes]","args":[{"element-6066-11e4-a52e-4f735466cecf":"f.76EFC1153EA5792FD1141D4CA15B46A2.d.89395005C82FCF7EF14589457070AC45.e.5939","ELEMENT":"f.76EFC1153EA5792FD1141D4CA15B46A2.d.89395005C82FCF7EF14589457070AC45.e.5939"}]}
RESULT: {"script":"<script> [56 bytes]","args":[{"element-6066-11e4-a52e-4f735466cecf":"f.76EFC1153EA5792FD1141D4CA15B46A2.d.89395005C82FCF7EF14589457070AC45.e.5939","ELEMENT":"f.76EFC1153EA5792FD1141D4CA15B46A2.d.89395005C82FCF7EF14589457070AC45.e.5939"}]}
COMMAND: GET /session/b6c10327e85db8e4472cf13987b22354/element/f.76EFC1153EA5792FD1141D4CA15B46A2.d.89395005C82FCF7EF14589457070AC45.e.5938/attribute/aria-checked - {}
COMMAND: GET /session/b6c10327e85db8e4472cf13987b22354/screenshot - {}
RESULT: {}
COMMAND: POST /session/b6c10327e85db8e4472cf13987b22354/element - {"using":"xpath","value":"//table[contains(@id, \"listView-innerSelectionPanelTable-listUl\")]/tbody/tr[23]/td[2]/div/div"}
RESULT: {}
RESULT: {"using":"xpath","value":"//table[contains(@id, \"listView-innerSelectionPanelTable-listUl\")]/tbody/tr[23]/td[2]/div/div"}
COMMAND: POST /session/b6c10327e85db8e4472cf13987b22354/element - {"using":"xpath","value":"//table[contains(@id, \"listView-innerSelectionPanelTable-listUl\")]/tbody/tr[23]/td[2]/div"}
RESULT: {"using":"xpath","value":"//table[contains(@id, \"listView-innerSelectionPanelTable-listUl\")]/tbody/tr[23]/td[2]/div"}
COMMAND: POST /session/b6c10327e85db8e4472cf13987b22354/element - {"using":"xpath","value":"//table[contains(@id, \"listView-innerSelectionPanelTable-listUl\")]/tbody/tr[23]/td[3]/div/div/span/span[1]/bdi"}
RESULT: {"using":"xpath","value":"//table[contains(@id, \"listView-innerSelectionPanelTable-listUl\")]/tbody/tr[23]/td[3]/div/div/span/span[1]/bdi"}
COMMAND: POST /session/b6c10327e85db8e4472cf13987b22354/execute/sync - {"script":"<script> [56 bytes]","args":[{"element-6066-11e4-a52e-4f735466cecf":"f.76EFC1153EA5792FD1141D4CA15B46A2.d.89395005C82FCF7EF14589457070AC45.e.5942","ELEMENT":"f.76EFC1153EA5792FD1141D4CA15B46A2.d.89395005C82FCF7EF14589457070AC45.e.5942"}]}
RESULT: {"script":"<script> [56 bytes]","args":[{"element-6066-11e4-a52e-4f735466cecf":"f.76EFC1153EA5792FD1141D4CA15B46A2.d.89395005C82FCF7EF14589457070AC45.e.5942","ELEMENT":"f.76EFC1153EA5792FD1141D4CA15B46A2.d.89395005C82FCF7EF14589457070AC45.e.5942"}]}
COMMAND: GET /session/b6c10327e85db8e4472cf13987b22354/element/f.76EFC1153EA5792FD1141D4CA15B46A2.d.89395005C82FCF7EF14589457070AC45.e.5941/attribute/aria-checked - {}
COMMAND: GET /session/b6c10327e85db8e4472cf13987b22354/screenshot - {}
RESULT: {}
COMMAND: POST /session/b6c10327e85db8e4472cf13987b22354/element - {"using":"xpath","value":"//table[contains(@id, \"listView-innerSelectionPanelTable-listUl\")]/tbody/tr[24]/td[2]/div/div"}
RESULT: {}
RESULT: {"using":"xpath","value":"//table[contains(@id, \"listView-innerSelectionPanelTable-listUl\")]/tbody/tr[24]/td[2]/div/div"}
COMMAND: POST /session/b6c10327e85db8e4472cf13987b22354/element - {"using":"xpath","value":"//table[contains(@id, \"listView-innerSelectionPanelTable-listUl\")]/tbody/tr[24]/td[2]/div"}
RESULT: {"using":"xpath","value":"//table[contains(@id, \"listView-innerSelectionPanelTable-listUl\")]/tbody/tr[24]/td[2]/div"}
COMMAND: POST /session/b6c10327e85db8e4472cf13987b22354/element - {"using":"xpath","value":"//table[contains(@id, \"listView-innerSelectionPanelTable-listUl\")]/tbody/tr[24]/td[3]/div/div/span/span[1]/bdi"}
RESULT: {"using":"xpath","value":"//table[contains(@id, \"listView-innerSelectionPanelTable-listUl\")]/tbody/tr[24]/td[3]/div/div/span/span[1]/bdi"}
COMMAND: POST /session/b6c10327e85db8e4472cf13987b22354/execute/sync - {"script":"<script> [56 bytes]","args":[{"element-6066-11e4-a52e-4f735466cecf":"f.76EFC1153EA5792FD1141D4CA15B46A2.d.89395005C82FCF7EF14589457070AC45.e.5945","ELEMENT":"f.76EFC1153EA5792FD1141D4CA15B46A2.d.89395005C82FCF7EF14589457070AC45.e.5945"}]}
RESULT: {"script":"<script> [56 bytes]","args":[{"element-6066-11e4-a52e-4f735466cecf":"f.76EFC1153EA5792FD1141D4CA15B46A2.d.89395005C82FCF7EF14589457070AC45.e.5945","ELEMENT":"f.76EFC1153EA5792FD1141D4CA15B46A2.d.89395005C82FCF7EF14589457070AC45.e.5945"}]}
COMMAND: GET /session/b6c10327e85db8e4472cf13987b22354/element/f.76EFC1153EA5792FD1141D4CA15B46A2.d.89395005C82FCF7EF14589457070AC45.e.5944/attribute/aria-checked - {}
COMMAND: GET /session/b6c10327e85db8e4472cf13987b22354/screenshot - {}
RESULT: {}
COMMAND: POST /session/b6c10327e85db8e4472cf13987b22354/element - {"using":"xpath","value":"//table[contains(@id, \"listView-innerSelectionPanelTable-listUl\")]/tbody/tr[25]/td[2]/div/div"}
RESULT: {}
RESULT: {"using":"xpath","value":"//table[contains(@id, \"listView-innerSelectionPanelTable-listUl\")]/tbody/tr[25]/td[2]/div/div"}
COMMAND: POST /session/b6c10327e85db8e4472cf13987b22354/element - {"using":"xpath","value":"//table[contains(@id, \"listView-innerSelectionPanelTable-listUl\")]/tbody/tr[25]/td[2]/div"}
RESULT: {"using":"xpath","value":"//table[contains(@id, \"listView-innerSelectionPanelTable-listUl\")]/tbody/tr[25]/td[2]/div"}
COMMAND: POST /session/b6c10327e85db8e4472cf13987b22354/element - {"using":"xpath","value":"//table[contains(@id, \"listView-innerSelectionPanelTable-listUl\")]/tbody/tr[25]/td[3]/div/div/span/span[1]/bdi"}
RESULT: {"using":"xpath","value":"//table[contains(@id, \"listView-innerSelectionPanelTable-listUl\")]/tbody/tr[25]/td[3]/div/div/span/span[1]/bdi"}
COMMAND: POST /session/b6c10327e85db8e4472cf13987b22354/execute/sync - {"script":"<script> [56 bytes]","args":[{"element-6066-11e4-a52e-4f735466cecf":"f.76EFC1153EA5792FD1141D4CA15B46A2.d.89395005C82FCF7EF14589457070AC45.e.5948","ELEMENT":"f.76EFC1153EA5792FD1141D4CA15B46A2.d.89395005C82FCF7EF14589457070AC45.e.5948"}]}
RESULT: {"script":"<script> [56 bytes]","args":[{"element-6066-11e4-a52e-4f735466cecf":"f.76EFC1153EA5792FD1141D4CA15B46A2.d.89395005C82FCF7EF14589457070AC45.e.5948","ELEMENT":"f.76EFC1153EA5792FD1141D4CA15B46A2.d.89395005C82FCF7EF14589457070AC45.e.5948"}]}
COMMAND: GET /session/b6c10327e85db8e4472cf13987b22354/element/f.76EFC1153EA5792FD1141D4CA15B46A2.d.89395005C82FCF7EF14589457070AC45.e.5947/attribute/aria-checked - {}
COMMAND: GET /session/b6c10327e85db8e4472cf13987b22354/screenshot - {}
RESULT: {}
COMMAND: POST /session/b6c10327e85db8e4472cf13987b22354/element - {"using":"xpath","value":"//bdi[contains(text(), \"OK\")]"}
RESULT: {}
RESULT: {"using":"xpath","value":"//bdi[contains(text(), \"OK\")]"}
COMMAND: POST /session/b6c10327e85db8e4472cf13987b22354/element/f.76EFC1153EA5792FD1141D4CA15B46A2.d.89395005C82FCF7EF14589457070AC45.e.5949/click - {}
RESULT: {}
COMMAND: GET /session/b6c10327e85db8e4472cf13987b22354/screenshot - {}
RESULT: {}
COMMAND: POST /session/b6c10327e85db8e4472cf13987b22354/execute/async - {"script":"<script> [1562 bytes]","args":[{"selector":{"id":"application-managepartners-display-component---masterPtm--smartFilterBar-filterItemControlA_-LINK_TO_ADDRESSES_MAIN.CITY1-vhi"},"wdio_ui5_key":"applicationmanagepartners-display-component---masterPtm--smartFilterBar-filterItemControlA_-LINK_TO_ADDRESSES_MAIN.CITY1-vhi"}]}
RESULT: {"script":"<script> [1562 bytes]","args":[{"selector":{"id":"application-managepartners-display-component---masterPtm--smartFilterBar-filterItemControlA_-LINK_TO_ADDRESSES_MAIN.CITY1-vhi"},"wdio_ui5_key":"applicationmanagepartners-display-component---masterPtm--smartFilterBar-filterItemControlA_-LINK_TO_ADDRESSES_MAIN.CITY1-vhi"}]}
RESULT: undefined
COMMAND: POST /session/b6c10327e85db8e4472cf13987b22354/element - {"using":"xpath","value":"//*[@id=\"application-managepartners-display-component---masterPtm--smartFilterBar-filterItemControlA_-LINK_TO_ADDRESSES_MAIN.CITY1-vhi\"]"}
RESULT: {"using":"xpath","value":"//*[@id=\"application-managepartners-display-component---masterPtm--smartFilterBar-filterItemControlA_-LINK_TO_ADDRESSES_MAIN.CITY1-vhi\"]"}
COMMAND: POST /session/b6c10327e85db8e4472cf13987b22354/element/f.76EFC1153EA5792FD1141D4CA15B46A2.d.89395005C82FCF7EF14589457070AC45.e.5963/click - {}
RESULT: {}
COMMAND: GET /session/b6c10327e85db8e4472cf13987b22354/screenshot - {}
RESULT: {}
COMMAND: POST /session/b6c10327e85db8e4472cf13987b22354/execute/async - {"script":"<script> [1562 bytes]","args":[{"selector":{"controlType":"sap.m.Input","viewName":"etm.portal.ui.managepartners.view.Master","viewId":"application-managepartners-display-component---masterPtm","properties":{"valueState":"None"},"searchOpenDialogs":true,"interaction":{"idSuffix":"inner"}},"wdio_ui5_key":"etmportal.ui.managepartners.view.Mastersap.m.Input{\"valueState\":\"None\"}"}]}
RESULT: {"script":"<script> [1562 bytes]","args":[{"selector":{"controlType":"sap.m.Input","viewName":"etm.portal.ui.managepartners.view.Master","viewId":"application-managepartners-display-component---masterPtm","properties":{"valueState":"None"},"searchOpenDialogs":true,"interaction":{"idSuffix":"inner"}},"wdio_ui5_key":"etmportal.ui.managepartners.view.Mastersap.m.Input{\"valueState\":\"None\"}"}]}
RESULT: undefined
COMMAND: POST /session/b6c10327e85db8e4472cf13987b22354/execute/async - {"script":"<script> [776 bytes]","args":[{"enterText":"Bucure","selector":{"controlType":"sap.m.Input","viewName":"etm.portal.ui.managepartners.view.Master","viewId":"application-managepartners-display-component---masterPtm","properties":{"valueState":"None"},"searchOpenDialogs":true,"interaction":{"idSuffix":"inner"}},"clearTextFirst":true,"interactionType":"ENTER_TEXT"}]}
RESULT: {"script":"<script> [776 bytes]","args":[{"enterText":"Bucure","selector":{"controlType":"sap.m.Input","viewName":"etm.portal.ui.managepartners.view.Master","viewId":"application-managepartners-display-component---masterPtm","properties":{"valueState":"None"},"searchOpenDialogs":true,"interaction":{"idSuffix":"inner"}},"clearTextFirst":true,"interactionType":"ENTER_TEXT"}]}
COMMAND: POST /session/b6c10327e85db8e4472cf13987b22354/actions - {"actions":[{"id":"action21","type":"key","parameters":{},"actions":[{"type":"keyDown","value":"î€‡"},{"type":"pause","duration":10},{"type":"keyUp","value":"î€‡"}]}]}
RESULT: {"actions":[{"id":"action21","type":"key","parameters":{},"actions":[{"type":"keyDown","value":"î€‡"},{"type":"pause","duration":10},{"type":"keyUp","value":"î€‡"}]}]}
COMMAND: GET /session/b6c10327e85db8e4472cf13987b22354/screenshot - {}
RESULT: {}
COMMAND: POST /session/b6c10327e85db8e4472cf13987b22354/element - {"using":"xpath","value":"(//bdi[contains(text(), \"OK\")])[1]"}
RESULT: {"using":"xpath","value":"(//bdi[contains(text(), \"OK\")])[1]"}
COMMAND: POST /session/b6c10327e85db8e4472cf13987b22354/element/f.76EFC1153EA5792FD1141D4CA15B46A2.d.89395005C82FCF7EF14589457070AC45.e.5969/click - {}
RESULT: {}
COMMAND: GET /session/b6c10327e85db8e4472cf13987b22354/screenshot - {}
RESULT: {}
COMMAND: POST /session/b6c10327e85db8e4472cf13987b22354/element - {"using":"xpath","value":"//span[@id=\"application-managepartners-display-component---masterPtm--smartTable-header-inner\"]"}
RESULT: {"using":"xpath","value":"//span[@id=\"application-managepartners-display-component---masterPtm--smartTable-header-inner\"]"}
COMMAND: POST /session/b6c10327e85db8e4472cf13987b22354/elements - {"using":"xpath","value":"//span[@id=\"application-managepartners-display-component---masterPtm--smartTable-header-inner\"]"}
RESULT: {"using":"xpath","value":"//span[@id=\"application-managepartners-display-component---masterPtm--smartTable-header-inner\"]"}
COMMAND: POST /session/b6c10327e85db8e4472cf13987b22354/execute/sync - {"script":"<script> [56 bytes]","args":[{"element-6066-11e4-a52e-4f735466cecf":"f.76EFC1153EA5792FD1141D4CA15B46A2.d.89395005C82FCF7EF14589457070AC45.e.5363","ELEMENT":"f.76EFC1153EA5792FD1141D4CA15B46A2.d.89395005C82FCF7EF14589457070AC45.e.5363"}]}
RESULT: {"script":"<script> [56 bytes]","args":[{"element-6066-11e4-a52e-4f735466cecf":"f.76EFC1153EA5792FD1141D4CA15B46A2.d.89395005C82FCF7EF14589457070AC45.e.5363","ELEMENT":"f.76EFC1153EA5792FD1141D4CA15B46A2.d.89395005C82FCF7EF14589457070AC45.e.5363"}]}
COMMAND: POST /session/b6c10327e85db8e4472cf13987b22354/element - {"using":"xpath","value":"//span[contains(@title, \"Remove\")]"}
COMMAND: GET /session/b6c10327e85db8e4472cf13987b22354/screenshot - {}
RESULT: {"using":"xpath","value":"//span[contains(@title, \"Remove\")]"}
COMMAND: POST /session/b6c10327e85db8e4472cf13987b22354/element/f.76EFC1153EA5792FD1141D4CA15B46A2.d.89395005C82FCF7EF14589457070AC45.e.6044/click - {}
RESULT: {}
RESULT: {}
COMMAND: GET /session/b6c10327e85db8e4472cf13987b22354/screenshot - {}
RESULT: {}
COMMAND: POST /session/b6c10327e85db8e4472cf13987b22354/element - {"using":"xpath","value":"//span[@id=\"application-managepartners-display-component---masterPtm--smartTable-header-inner\"]"}
RESULT: {"using":"xpath","value":"//span[@id=\"application-managepartners-display-component---masterPtm--smartTable-header-inner\"]"}
COMMAND: POST /session/b6c10327e85db8e4472cf13987b22354/elements - {"using":"xpath","value":"//span[@id=\"application-managepartners-display-component---masterPtm--smartTable-header-inner\"]"}
RESULT: {"using":"xpath","value":"//span[@id=\"application-managepartners-display-component---masterPtm--smartTable-header-inner\"]"}
COMMAND: POST /session/b6c10327e85db8e4472cf13987b22354/execute/sync - {"script":"<script> [56 bytes]","args":[{"element-6066-11e4-a52e-4f735466cecf":"f.76EFC1153EA5792FD1141D4CA15B46A2.d.89395005C82FCF7EF14589457070AC45.e.5363","ELEMENT":"f.76EFC1153EA5792FD1141D4CA15B46A2.d.89395005C82FCF7EF14589457070AC45.e.5363"}]}
RESULT: {"script":"<script> [56 bytes]","args":[{"element-6066-11e4-a52e-4f735466cecf":"f.76EFC1153EA5792FD1141D4CA15B46A2.d.89395005C82FCF7EF14589457070AC45.e.5363","ELEMENT":"f.76EFC1153EA5792FD1141D4CA15B46A2.d.89395005C82FCF7EF14589457070AC45.e.5363"}]}
COMMAND: POST /session/b6c10327e85db8e4472cf13987b22354/element - {"using":"css selector","value":"#shell-header-logo"}
COMMAND: GET /session/b6c10327e85db8e4472cf13987b22354/screenshot - {}
RESULT: {"using":"css selector","value":"#shell-header-logo"}
COMMAND: POST /session/b6c10327e85db8e4472cf13987b22354/element/f.76EFC1153EA5792FD1141D4CA15B46A2.d.89395005C82FCF7EF14589457070AC45.e.5243/click - {}
RESULT: {}
RESULT: {}
COMMAND: GET /session/b6c10327e85db8e4472cf13987b22354/screenshot - {}
RESULT: {}
]]></system-out>
    </testcase>
    <testcase classname="chrome.137_0_7151_69.windows.Partner_specific_tests_US150819_US151080_US151654_US151176_US103444_US151078_US151079_US151109_US151174_US151175_US151189" name="Should try to save empty partner US151174" time="45.089">
      <system-out><![CDATA[
COMMAND: POST /session/b6c10327e85db8e4472cf13987b22354/element - {"using":"xpath","value":"//li[.//span[text()=\"Manage Partners\"]]"}
RESULT: {"using":"xpath","value":"//li[.//span[text()=\"Manage Partners\"]]"}
COMMAND: POST /session/b6c10327e85db8e4472cf13987b22354/element - {"using":"xpath","value":"//li[.//span[text()=\"Manage Partners\"]]"}
RESULT: {"using":"xpath","value":"//li[.//span[text()=\"Manage Partners\"]]"}
COMMAND: POST /session/b6c10327e85db8e4472cf13987b22354/element - {"using":"css selector","value":"#shell-header-logo"}
RESULT: {"using":"css selector","value":"#shell-header-logo"}
COMMAND: POST /session/b6c10327e85db8e4472cf13987b22354/element/f.76EFC1153EA5792FD1141D4CA15B46A2.d.89395005C82FCF7EF14589457070AC45.e.6089/click - {}
COMMAND: POST /session/b6c10327e85db8e4472cf13987b22354/execute/sync - {"script":"<script> [8489 bytes]","args":[{"element-6066-11e4-a52e-4f735466cecf":"f.76EFC1153EA5792FD1141D4CA15B46A2.d.89395005C82FCF7EF14589457070AC45.e.6089","ELEMENT":"f.76EFC1153EA5792FD1141D4CA15B46A2.d.89395005C82FCF7EF14589457070AC45.e.6089"}]}
RESULT: {"script":"<script> [8489 bytes]","args":[{"element-6066-11e4-a52e-4f735466cecf":"f.76EFC1153EA5792FD1141D4CA15B46A2.d.89395005C82FCF7EF14589457070AC45.e.6089","ELEMENT":"f.76EFC1153EA5792FD1141D4CA15B46A2.d.89395005C82FCF7EF14589457070AC45.e.6089"}]}
COMMAND: POST /session/b6c10327e85db8e4472cf13987b22354/execute/sync - {"script":"<script> [5351 bytes]","args":[{"element-6066-11e4-a52e-4f735466cecf":"f.76EFC1153EA5792FD1141D4CA15B46A2.d.89395005C82FCF7EF14589457070AC45.e.6089","ELEMENT":"f.76EFC1153EA5792FD1141D4CA15B46A2.d.89395005C82FCF7EF14589457070AC45.e.6089"}]}
COMMAND: GET /session/b6c10327e85db8e4472cf13987b22354/screenshot - {}
RESULT: {}
COMMAND: GET /session/b6c10327e85db8e4472cf13987b22354/screenshot - {}
RESULT: {}
RESULT: {"script":"<script> [5351 bytes]","args":[{"element-6066-11e4-a52e-4f735466cecf":"f.76EFC1153EA5792FD1141D4CA15B46A2.d.89395005C82FCF7EF14589457070AC45.e.6089","ELEMENT":"f.76EFC1153EA5792FD1141D4CA15B46A2.d.89395005C82FCF7EF14589457070AC45.e.6089"}]}
COMMAND: GET /session/b6c10327e85db8e4472cf13987b22354/screenshot - {}
RESULT: {}
RESULT: {}
RESULT: undefined
COMMAND: POST /session/b6c10327e85db8e4472cf13987b22354/element - {"using":"xpath","value":"//*[@id=\"__tile31\"]"}
RESULT: {"using":"xpath","value":"//*[@id=\"__tile31\"]"}
COMMAND: POST /session/b6c10327e85db8e4472cf13987b22354/element/f.76EFC1153EA5792FD1141D4CA15B46A2.d.89395005C82FCF7EF14589457070AC45.e.4062/click - {}
RESULT: {}
COMMAND: GET /session/b6c10327e85db8e4472cf13987b22354/screenshot - {}
RESULT: {}
COMMAND: POST /session/b6c10327e85db8e4472cf13987b22354/elements - {"using":"xpath","value":"//span[text()='Error']"}
RESULT: {"using":"xpath","value":"//span[text()='Error']"}
COMMAND: POST /session/b6c10327e85db8e4472cf13987b22354/element - {"using":"xpath","value":"//button[@data-kt=\"addButton\"]"}
RESULT: {"using":"xpath","value":"//button[@data-kt=\"addButton\"]"}
COMMAND: POST /session/b6c10327e85db8e4472cf13987b22354/elements - {"using":"xpath","value":"//button[@data-kt=\"addButton\"]"}
RESULT: {"using":"xpath","value":"//button[@data-kt=\"addButton\"]"}
COMMAND: POST /session/b6c10327e85db8e4472cf13987b22354/execute/sync - {"script":"<script> [8489 bytes]","args":[{"element-6066-11e4-a52e-4f735466cecf":"f.76EFC1153EA5792FD1141D4CA15B46A2.d.89395005C82FCF7EF14589457070AC45.e.6124","ELEMENT":"f.76EFC1153EA5792FD1141D4CA15B46A2.d.89395005C82FCF7EF14589457070AC45.e.6124"}]}
RESULT: {"script":"<script> [8489 bytes]","args":[{"element-6066-11e4-a52e-4f735466cecf":"f.76EFC1153EA5792FD1141D4CA15B46A2.d.89395005C82FCF7EF14589457070AC45.e.6124","ELEMENT":"f.76EFC1153EA5792FD1141D4CA15B46A2.d.89395005C82FCF7EF14589457070AC45.e.6124"}]}
COMMAND: GET /session/b6c10327e85db8e4472cf13987b22354/element/f.76EFC1153EA5792FD1141D4CA15B46A2.d.89395005C82FCF7EF14589457070AC45.e.6124/enabled - {}
COMMAND: GET /session/b6c10327e85db8e4472cf13987b22354/screenshot - {}
RESULT: {}
COMMAND: POST /session/b6c10327e85db8e4472cf13987b22354/execute/sync - {"script":"<script> [8489 bytes]","args":[{"element-6066-11e4-a52e-4f735466cecf":"f.76EFC1153EA5792FD1141D4CA15B46A2.d.89395005C82FCF7EF14589457070AC45.e.6124","ELEMENT":"f.76EFC1153EA5792FD1141D4CA15B46A2.d.89395005C82FCF7EF14589457070AC45.e.6124"}]}
COMMAND: GET /session/b6c10327e85db8e4472cf13987b22354/screenshot - {}
RESULT: {}
RESULT: {"script":"<script> [8489 bytes]","args":[{"element-6066-11e4-a52e-4f735466cecf":"f.76EFC1153EA5792FD1141D4CA15B46A2.d.89395005C82FCF7EF14589457070AC45.e.6124","ELEMENT":"f.76EFC1153EA5792FD1141D4CA15B46A2.d.89395005C82FCF7EF14589457070AC45.e.6124"}]}
COMMAND: POST /session/b6c10327e85db8e4472cf13987b22354/execute/sync - {"script":"<script> [5351 bytes]","args":[{"element-6066-11e4-a52e-4f735466cecf":"f.76EFC1153EA5792FD1141D4CA15B46A2.d.89395005C82FCF7EF14589457070AC45.e.6124","ELEMENT":"f.76EFC1153EA5792FD1141D4CA15B46A2.d.89395005C82FCF7EF14589457070AC45.e.6124"}]}
COMMAND: GET /session/b6c10327e85db8e4472cf13987b22354/screenshot - {}
RESULT: {}
RESULT: {"script":"<script> [5351 bytes]","args":[{"element-6066-11e4-a52e-4f735466cecf":"f.76EFC1153EA5792FD1141D4CA15B46A2.d.89395005C82FCF7EF14589457070AC45.e.6124","ELEMENT":"f.76EFC1153EA5792FD1141D4CA15B46A2.d.89395005C82FCF7EF14589457070AC45.e.6124"}]}
COMMAND: POST /session/b6c10327e85db8e4472cf13987b22354/element/f.76EFC1153EA5792FD1141D4CA15B46A2.d.89395005C82FCF7EF14589457070AC45.e.6124/click - {}
COMMAND: GET /session/b6c10327e85db8e4472cf13987b22354/screenshot - {}
RESULT: {}
RESULT: {}
COMMAND: GET /session/b6c10327e85db8e4472cf13987b22354/screenshot - {}
RESULT: {}
RESULT: {}
COMMAND: POST /session/b6c10327e85db8e4472cf13987b22354/element - {"using":"xpath","value":"//button[@data-kt=\"saveButton\"]"}
RESULT: {"using":"xpath","value":"//button[@data-kt=\"saveButton\"]"}
COMMAND: POST /session/b6c10327e85db8e4472cf13987b22354/element/f.76EFC1153EA5792FD1141D4CA15B46A2.d.89395005C82FCF7EF14589457070AC45.e.6420/click - {}
RESULT: {}
COMMAND: GET /session/b6c10327e85db8e4472cf13987b22354/screenshot - {}
RESULT: {}
COMMAND: POST /session/b6c10327e85db8e4472cf13987b22354/element - {"using":"xpath","value":"//span[contains(@class, \"sapMMsgBoxText\")]"}
RESULT: {"using":"xpath","value":"//span[contains(@class, \"sapMMsgBoxText\")]"}
COMMAND: POST /session/b6c10327e85db8e4472cf13987b22354/execute/sync - {"script":"<script> [56 bytes]","args":[{"element-6066-11e4-a52e-4f735466cecf":"f.76EFC1153EA5792FD1141D4CA15B46A2.d.89395005C82FCF7EF14589457070AC45.e.6483","ELEMENT":"f.76EFC1153EA5792FD1141D4CA15B46A2.d.89395005C82FCF7EF14589457070AC45.e.6483"}]}
RESULT: {"script":"<script> [56 bytes]","args":[{"element-6066-11e4-a52e-4f735466cecf":"f.76EFC1153EA5792FD1141D4CA15B46A2.d.89395005C82FCF7EF14589457070AC45.e.6483","ELEMENT":"f.76EFC1153EA5792FD1141D4CA15B46A2.d.89395005C82FCF7EF14589457070AC45.e.6483"}]}
COMMAND: POST /session/b6c10327e85db8e4472cf13987b22354/element - {"using":"xpath","value":"(//bdi[contains(text(), \"Close\")])[1]"}
COMMAND: POST /session/b6c10327e85db8e4472cf13987b22354/elements - {"using":"xpath","value":"//span[contains(@class, \"sapMMsgBoxText\")]"}
COMMAND: GET /session/b6c10327e85db8e4472cf13987b22354/screenshot - {}
RESULT: {"using":"xpath","value":"(//bdi[contains(text(), \"Close\")])[1]"}
COMMAND: POST /session/b6c10327e85db8e4472cf13987b22354/element/f.76EFC1153EA5792FD1141D4CA15B46A2.d.89395005C82FCF7EF14589457070AC45.e.6484/click - {}
RESULT: {"using":"xpath","value":"//span[contains(@class, \"sapMMsgBoxText\")]"}
RESULT: {}
RESULT: {}
COMMAND: GET /session/b6c10327e85db8e4472cf13987b22354/screenshot - {}
RESULT: {}
COMMAND: POST /session/b6c10327e85db8e4472cf13987b22354/element - {"using":"css selector","value":"#shell-header-logo"}
RESULT: {"using":"css selector","value":"#shell-header-logo"}
COMMAND: POST /session/b6c10327e85db8e4472cf13987b22354/element/f.76EFC1153EA5792FD1141D4CA15B46A2.d.89395005C82FCF7EF14589457070AC45.e.6089/click - {}
RESULT: {}
COMMAND: GET /session/b6c10327e85db8e4472cf13987b22354/screenshot - {}
RESULT: {}
]]></system-out>
    </testcase>
    <testcase classname="chrome.137_0_7151_69.windows.Partner_specific_tests_US150819_US151080_US151654_US151176_US103444_US151078_US151079_US151109_US151174_US151175_US151189" name="Should do various searches US151175" time="151.444">
      <system-out><![CDATA[
COMMAND: POST /session/b6c10327e85db8e4472cf13987b22354/element - {"using":"xpath","value":"//li[.//span[text()=\"Manage Partners\"]]"}
RESULT: {"using":"xpath","value":"//li[.//span[text()=\"Manage Partners\"]]"}
COMMAND: POST /session/b6c10327e85db8e4472cf13987b22354/element - {"using":"xpath","value":"//li[.//span[text()=\"Manage Partners\"]]"}
RESULT: {"using":"xpath","value":"//li[.//span[text()=\"Manage Partners\"]]"}
COMMAND: POST /session/b6c10327e85db8e4472cf13987b22354/element - {"using":"css selector","value":"#shell-header-logo"}
RESULT: {"using":"css selector","value":"#shell-header-logo"}
COMMAND: POST /session/b6c10327e85db8e4472cf13987b22354/element/f.76EFC1153EA5792FD1141D4CA15B46A2.d.89395005C82FCF7EF14589457070AC45.e.6486/click - {}
COMMAND: POST /session/b6c10327e85db8e4472cf13987b22354/execute/sync - {"script":"<script> [8489 bytes]","args":[{"element-6066-11e4-a52e-4f735466cecf":"f.76EFC1153EA5792FD1141D4CA15B46A2.d.89395005C82FCF7EF14589457070AC45.e.6486","ELEMENT":"f.76EFC1153EA5792FD1141D4CA15B46A2.d.89395005C82FCF7EF14589457070AC45.e.6486"}]}
RESULT: {"script":"<script> [8489 bytes]","args":[{"element-6066-11e4-a52e-4f735466cecf":"f.76EFC1153EA5792FD1141D4CA15B46A2.d.89395005C82FCF7EF14589457070AC45.e.6486","ELEMENT":"f.76EFC1153EA5792FD1141D4CA15B46A2.d.89395005C82FCF7EF14589457070AC45.e.6486"}]}
COMMAND: POST /session/b6c10327e85db8e4472cf13987b22354/execute/sync - {"script":"<script> [5351 bytes]","args":[{"element-6066-11e4-a52e-4f735466cecf":"f.76EFC1153EA5792FD1141D4CA15B46A2.d.89395005C82FCF7EF14589457070AC45.e.6486","ELEMENT":"f.76EFC1153EA5792FD1141D4CA15B46A2.d.89395005C82FCF7EF14589457070AC45.e.6486"}]}
COMMAND: GET /session/b6c10327e85db8e4472cf13987b22354/screenshot - {}
RESULT: {}
COMMAND: GET /session/b6c10327e85db8e4472cf13987b22354/screenshot - {}
RESULT: {"script":"<script> [5351 bytes]","args":[{"element-6066-11e4-a52e-4f735466cecf":"f.76EFC1153EA5792FD1141D4CA15B46A2.d.89395005C82FCF7EF14589457070AC45.e.6486","ELEMENT":"f.76EFC1153EA5792FD1141D4CA15B46A2.d.89395005C82FCF7EF14589457070AC45.e.6486"}]}
COMMAND: GET /session/b6c10327e85db8e4472cf13987b22354/screenshot - {}
RESULT: {}
RESULT: {}
RESULT: {}
RESULT: undefined
COMMAND: POST /session/b6c10327e85db8e4472cf13987b22354/element - {"using":"xpath","value":"//*[@id=\"__tile31\"]"}
RESULT: {"using":"xpath","value":"//*[@id=\"__tile31\"]"}
COMMAND: POST /session/b6c10327e85db8e4472cf13987b22354/element/f.76EFC1153EA5792FD1141D4CA15B46A2.d.89395005C82FCF7EF14589457070AC45.e.4062/click - {}
RESULT: {}
COMMAND: GET /session/b6c10327e85db8e4472cf13987b22354/screenshot - {}
RESULT: {}
COMMAND: POST /session/b6c10327e85db8e4472cf13987b22354/elements - {"using":"xpath","value":"//span[text()='Error']"}
RESULT: {"using":"xpath","value":"//span[text()='Error']"}
COMMAND: POST /session/b6c10327e85db8e4472cf13987b22354/element - {"using":"xpath","value":"//button[@data-kt=\"addButton\"]"}
RESULT: {"using":"xpath","value":"//button[@data-kt=\"addButton\"]"}
COMMAND: POST /session/b6c10327e85db8e4472cf13987b22354/elements - {"using":"xpath","value":"//button[@data-kt=\"addButton\"]"}
RESULT: {"using":"xpath","value":"//button[@data-kt=\"addButton\"]"}
COMMAND: POST /session/b6c10327e85db8e4472cf13987b22354/execute/sync - {"script":"<script> [8489 bytes]","args":[{"element-6066-11e4-a52e-4f735466cecf":"f.76EFC1153EA5792FD1141D4CA15B46A2.d.89395005C82FCF7EF14589457070AC45.e.6532","ELEMENT":"f.76EFC1153EA5792FD1141D4CA15B46A2.d.89395005C82FCF7EF14589457070AC45.e.6532"}]}
RESULT: {"script":"<script> [8489 bytes]","args":[{"element-6066-11e4-a52e-4f735466cecf":"f.76EFC1153EA5792FD1141D4CA15B46A2.d.89395005C82FCF7EF14589457070AC45.e.6532","ELEMENT":"f.76EFC1153EA5792FD1141D4CA15B46A2.d.89395005C82FCF7EF14589457070AC45.e.6532"}]}
COMMAND: GET /session/b6c10327e85db8e4472cf13987b22354/element/f.76EFC1153EA5792FD1141D4CA15B46A2.d.89395005C82FCF7EF14589457070AC45.e.6532/enabled - {}
COMMAND: GET /session/b6c10327e85db8e4472cf13987b22354/screenshot - {}
RESULT: {}
COMMAND: POST /session/b6c10327e85db8e4472cf13987b22354/execute/sync - {"script":"<script> [8489 bytes]","args":[{"element-6066-11e4-a52e-4f735466cecf":"f.76EFC1153EA5792FD1141D4CA15B46A2.d.89395005C82FCF7EF14589457070AC45.e.6532","ELEMENT":"f.76EFC1153EA5792FD1141D4CA15B46A2.d.89395005C82FCF7EF14589457070AC45.e.6532"}]}
COMMAND: GET /session/b6c10327e85db8e4472cf13987b22354/screenshot - {}
RESULT: {}
RESULT: {"script":"<script> [8489 bytes]","args":[{"element-6066-11e4-a52e-4f735466cecf":"f.76EFC1153EA5792FD1141D4CA15B46A2.d.89395005C82FCF7EF14589457070AC45.e.6532","ELEMENT":"f.76EFC1153EA5792FD1141D4CA15B46A2.d.89395005C82FCF7EF14589457070AC45.e.6532"}]}
COMMAND: POST /session/b6c10327e85db8e4472cf13987b22354/execute/sync - {"script":"<script> [5351 bytes]","args":[{"element-6066-11e4-a52e-4f735466cecf":"f.76EFC1153EA5792FD1141D4CA15B46A2.d.89395005C82FCF7EF14589457070AC45.e.6532","ELEMENT":"f.76EFC1153EA5792FD1141D4CA15B46A2.d.89395005C82FCF7EF14589457070AC45.e.6532"}]}
COMMAND: GET /session/b6c10327e85db8e4472cf13987b22354/screenshot - {}
RESULT: {}
RESULT: {"script":"<script> [5351 bytes]","args":[{"element-6066-11e4-a52e-4f735466cecf":"f.76EFC1153EA5792FD1141D4CA15B46A2.d.89395005C82FCF7EF14589457070AC45.e.6532","ELEMENT":"f.76EFC1153EA5792FD1141D4CA15B46A2.d.89395005C82FCF7EF14589457070AC45.e.6532"}]}
COMMAND: GET /session/b6c10327e85db8e4472cf13987b22354/screenshot - {}
RESULT: {}
RESULT: {}
COMMAND: POST /session/b6c10327e85db8e4472cf13987b22354/element - {"using":"xpath","value":"//span[@id=\"application-managepartners-display-component---masterPtm--smartTable-header-inner\"]"}
RESULT: {"using":"xpath","value":"//span[@id=\"application-managepartners-display-component---masterPtm--smartTable-header-inner\"]"}
COMMAND: POST /session/b6c10327e85db8e4472cf13987b22354/elements - {"using":"xpath","value":"//span[@id=\"application-managepartners-display-component---masterPtm--smartTable-header-inner\"]"}
RESULT: {"using":"xpath","value":"//span[@id=\"application-managepartners-display-component---masterPtm--smartTable-header-inner\"]"}
COMMAND: POST /session/b6c10327e85db8e4472cf13987b22354/execute/sync - {"script":"<script> [56 bytes]","args":[{"element-6066-11e4-a52e-4f735466cecf":"f.76EFC1153EA5792FD1141D4CA15B46A2.d.89395005C82FCF7EF14589457070AC45.e.6609","ELEMENT":"f.76EFC1153EA5792FD1141D4CA15B46A2.d.89395005C82FCF7EF14589457070AC45.e.6609"}]}
RESULT: {"script":"<script> [56 bytes]","args":[{"element-6066-11e4-a52e-4f735466cecf":"f.76EFC1153EA5792FD1141D4CA15B46A2.d.89395005C82FCF7EF14589457070AC45.e.6609","ELEMENT":"f.76EFC1153EA5792FD1141D4CA15B46A2.d.89395005C82FCF7EF14589457070AC45.e.6609"}]}
RESULT: undefined
COMMAND: POST /session/b6c10327e85db8e4472cf13987b22354/element - {"using":"xpath","value":"//*[@id=\"application-managepartners-display-component---masterPtm--smartFilterBar-btnFilters\"]"}
COMMAND: GET /session/b6c10327e85db8e4472cf13987b22354/screenshot - {}
RESULT: {"using":"xpath","value":"//*[@id=\"application-managepartners-display-component---masterPtm--smartFilterBar-btnFilters\"]"}
COMMAND: POST /session/b6c10327e85db8e4472cf13987b22354/element/f.76EFC1153EA5792FD1141D4CA15B46A2.d.89395005C82FCF7EF14589457070AC45.e.6508/click - {}
RESULT: {}
RESULT: {}
COMMAND: GET /session/b6c10327e85db8e4472cf13987b22354/screenshot - {}
RESULT: {}
COMMAND: POST /session/b6c10327e85db8e4472cf13987b22354/elements - {"using":"xpath","value":"//table[contains(@id, \"listView-innerSelectionPanelTable-listUl\")]/tbody/tr"}
RESULT: {"using":"xpath","value":"//table[contains(@id, \"listView-innerSelectionPanelTable-listUl\")]/tbody/tr"}
COMMAND: POST /session/b6c10327e85db8e4472cf13987b22354/element - {"using":"xpath","value":"//table[contains(@id, \"listView-innerSelectionPanelTable-listUl\")]/tbody/tr[2]/td[2]/div/div"}
RESULT: {"using":"xpath","value":"//table[contains(@id, \"listView-innerSelectionPanelTable-listUl\")]/tbody/tr[2]/td[2]/div/div"}
COMMAND: POST /session/b6c10327e85db8e4472cf13987b22354/element - {"using":"xpath","value":"//table[contains(@id, \"listView-innerSelectionPanelTable-listUl\")]/tbody/tr[2]/td[2]/div"}
RESULT: {"using":"xpath","value":"//table[contains(@id, \"listView-innerSelectionPanelTable-listUl\")]/tbody/tr[2]/td[2]/div"}
COMMAND: POST /session/b6c10327e85db8e4472cf13987b22354/element - {"using":"xpath","value":"//table[contains(@id, \"listView-innerSelectionPanelTable-listUl\")]/tbody/tr[2]/td[3]/div/div/span/span[1]/bdi"}
RESULT: {"using":"xpath","value":"//table[contains(@id, \"listView-innerSelectionPanelTable-listUl\")]/tbody/tr[2]/td[3]/div/div/span/span[1]/bdi"}
COMMAND: POST /session/b6c10327e85db8e4472cf13987b22354/execute/sync - {"script":"<script> [56 bytes]","args":[{"element-6066-11e4-a52e-4f735466cecf":"f.76EFC1153EA5792FD1141D4CA15B46A2.d.89395005C82FCF7EF14589457070AC45.e.6677","ELEMENT":"f.76EFC1153EA5792FD1141D4CA15B46A2.d.89395005C82FCF7EF14589457070AC45.e.6677"}]}
RESULT: {"script":"<script> [56 bytes]","args":[{"element-6066-11e4-a52e-4f735466cecf":"f.76EFC1153EA5792FD1141D4CA15B46A2.d.89395005C82FCF7EF14589457070AC45.e.6677","ELEMENT":"f.76EFC1153EA5792FD1141D4CA15B46A2.d.89395005C82FCF7EF14589457070AC45.e.6677"}]}
COMMAND: GET /session/b6c10327e85db8e4472cf13987b22354/element/f.76EFC1153EA5792FD1141D4CA15B46A2.d.89395005C82FCF7EF14589457070AC45.e.6676/attribute/aria-checked - {}
COMMAND: GET /session/b6c10327e85db8e4472cf13987b22354/screenshot - {}
RESULT: {}
COMMAND: POST /session/b6c10327e85db8e4472cf13987b22354/element - {"using":"xpath","value":"//table[contains(@id, \"listView-innerSelectionPanelTable-listUl\")]/tbody/tr[3]/td[2]/div/div"}
RESULT: {}
RESULT: {"using":"xpath","value":"//table[contains(@id, \"listView-innerSelectionPanelTable-listUl\")]/tbody/tr[3]/td[2]/div/div"}
COMMAND: POST /session/b6c10327e85db8e4472cf13987b22354/element - {"using":"xpath","value":"//table[contains(@id, \"listView-innerSelectionPanelTable-listUl\")]/tbody/tr[3]/td[2]/div"}
RESULT: {"using":"xpath","value":"//table[contains(@id, \"listView-innerSelectionPanelTable-listUl\")]/tbody/tr[3]/td[2]/div"}
COMMAND: POST /session/b6c10327e85db8e4472cf13987b22354/element - {"using":"xpath","value":"//table[contains(@id, \"listView-innerSelectionPanelTable-listUl\")]/tbody/tr[3]/td[3]/div/div/span/span[1]/bdi"}
RESULT: {"using":"xpath","value":"//table[contains(@id, \"listView-innerSelectionPanelTable-listUl\")]/tbody/tr[3]/td[3]/div/div/span/span[1]/bdi"}
COMMAND: POST /session/b6c10327e85db8e4472cf13987b22354/execute/sync - {"script":"<script> [56 bytes]","args":[{"element-6066-11e4-a52e-4f735466cecf":"f.76EFC1153EA5792FD1141D4CA15B46A2.d.89395005C82FCF7EF14589457070AC45.e.6680","ELEMENT":"f.76EFC1153EA5792FD1141D4CA15B46A2.d.89395005C82FCF7EF14589457070AC45.e.6680"}]}
RESULT: {"script":"<script> [56 bytes]","args":[{"element-6066-11e4-a52e-4f735466cecf":"f.76EFC1153EA5792FD1141D4CA15B46A2.d.89395005C82FCF7EF14589457070AC45.e.6680","ELEMENT":"f.76EFC1153EA5792FD1141D4CA15B46A2.d.89395005C82FCF7EF14589457070AC45.e.6680"}]}
COMMAND: GET /session/b6c10327e85db8e4472cf13987b22354/element/f.76EFC1153EA5792FD1141D4CA15B46A2.d.89395005C82FCF7EF14589457070AC45.e.6679/attribute/aria-checked - {}
COMMAND: GET /session/b6c10327e85db8e4472cf13987b22354/screenshot - {}
RESULT: {}
COMMAND: POST /session/b6c10327e85db8e4472cf13987b22354/element - {"using":"xpath","value":"//table[contains(@id, \"listView-innerSelectionPanelTable-listUl\")]/tbody/tr[4]/td[2]/div/div"}
RESULT: {}
RESULT: {"using":"xpath","value":"//table[contains(@id, \"listView-innerSelectionPanelTable-listUl\")]/tbody/tr[4]/td[2]/div/div"}
COMMAND: POST /session/b6c10327e85db8e4472cf13987b22354/element - {"using":"xpath","value":"//table[contains(@id, \"listView-innerSelectionPanelTable-listUl\")]/tbody/tr[4]/td[2]/div"}
RESULT: {"using":"xpath","value":"//table[contains(@id, \"listView-innerSelectionPanelTable-listUl\")]/tbody/tr[4]/td[2]/div"}
COMMAND: POST /session/b6c10327e85db8e4472cf13987b22354/element - {"using":"xpath","value":"//table[contains(@id, \"listView-innerSelectionPanelTable-listUl\")]/tbody/tr[4]/td[3]/div/div/span/span[1]/bdi"}
RESULT: {"using":"xpath","value":"//table[contains(@id, \"listView-innerSelectionPanelTable-listUl\")]/tbody/tr[4]/td[3]/div/div/span/span[1]/bdi"}
COMMAND: POST /session/b6c10327e85db8e4472cf13987b22354/execute/sync - {"script":"<script> [56 bytes]","args":[{"element-6066-11e4-a52e-4f735466cecf":"f.76EFC1153EA5792FD1141D4CA15B46A2.d.89395005C82FCF7EF14589457070AC45.e.6683","ELEMENT":"f.76EFC1153EA5792FD1141D4CA15B46A2.d.89395005C82FCF7EF14589457070AC45.e.6683"}]}
RESULT: {"script":"<script> [56 bytes]","args":[{"element-6066-11e4-a52e-4f735466cecf":"f.76EFC1153EA5792FD1141D4CA15B46A2.d.89395005C82FCF7EF14589457070AC45.e.6683","ELEMENT":"f.76EFC1153EA5792FD1141D4CA15B46A2.d.89395005C82FCF7EF14589457070AC45.e.6683"}]}
COMMAND: GET /session/b6c10327e85db8e4472cf13987b22354/element/f.76EFC1153EA5792FD1141D4CA15B46A2.d.89395005C82FCF7EF14589457070AC45.e.6682/attribute/aria-checked - {}
COMMAND: GET /session/b6c10327e85db8e4472cf13987b22354/screenshot - {}
RESULT: {}
COMMAND: POST /session/b6c10327e85db8e4472cf13987b22354/element - {"using":"xpath","value":"//table[contains(@id, \"listView-innerSelectionPanelTable-listUl\")]/tbody/tr[5]/td[2]/div/div"}
RESULT: {}
RESULT: {"using":"xpath","value":"//table[contains(@id, \"listView-innerSelectionPanelTable-listUl\")]/tbody/tr[5]/td[2]/div/div"}
COMMAND: POST /session/b6c10327e85db8e4472cf13987b22354/element - {"using":"xpath","value":"//table[contains(@id, \"listView-innerSelectionPanelTable-listUl\")]/tbody/tr[5]/td[2]/div"}
RESULT: {"using":"xpath","value":"//table[contains(@id, \"listView-innerSelectionPanelTable-listUl\")]/tbody/tr[5]/td[2]/div"}
COMMAND: POST /session/b6c10327e85db8e4472cf13987b22354/element - {"using":"xpath","value":"//table[contains(@id, \"listView-innerSelectionPanelTable-listUl\")]/tbody/tr[5]/td[3]/div/div/span/span[1]/bdi"}
RESULT: {"using":"xpath","value":"//table[contains(@id, \"listView-innerSelectionPanelTable-listUl\")]/tbody/tr[5]/td[3]/div/div/span/span[1]/bdi"}
COMMAND: POST /session/b6c10327e85db8e4472cf13987b22354/execute/sync - {"script":"<script> [56 bytes]","args":[{"element-6066-11e4-a52e-4f735466cecf":"f.76EFC1153EA5792FD1141D4CA15B46A2.d.89395005C82FCF7EF14589457070AC45.e.6686","ELEMENT":"f.76EFC1153EA5792FD1141D4CA15B46A2.d.89395005C82FCF7EF14589457070AC45.e.6686"}]}
RESULT: {"script":"<script> [56 bytes]","args":[{"element-6066-11e4-a52e-4f735466cecf":"f.76EFC1153EA5792FD1141D4CA15B46A2.d.89395005C82FCF7EF14589457070AC45.e.6686","ELEMENT":"f.76EFC1153EA5792FD1141D4CA15B46A2.d.89395005C82FCF7EF14589457070AC45.e.6686"}]}
COMMAND: GET /session/b6c10327e85db8e4472cf13987b22354/element/f.76EFC1153EA5792FD1141D4CA15B46A2.d.89395005C82FCF7EF14589457070AC45.e.6685/attribute/aria-checked - {}
COMMAND: GET /session/b6c10327e85db8e4472cf13987b22354/screenshot - {}
RESULT: {}
COMMAND: POST /session/b6c10327e85db8e4472cf13987b22354/element - {"using":"xpath","value":"//table[contains(@id, \"listView-innerSelectionPanelTable-listUl\")]/tbody/tr[6]/td[2]/div/div"}
RESULT: {}
RESULT: {"using":"xpath","value":"//table[contains(@id, \"listView-innerSelectionPanelTable-listUl\")]/tbody/tr[6]/td[2]/div/div"}
COMMAND: POST /session/b6c10327e85db8e4472cf13987b22354/element - {"using":"xpath","value":"//table[contains(@id, \"listView-innerSelectionPanelTable-listUl\")]/tbody/tr[6]/td[2]/div"}
RESULT: {"using":"xpath","value":"//table[contains(@id, \"listView-innerSelectionPanelTable-listUl\")]/tbody/tr[6]/td[2]/div"}
COMMAND: POST /session/b6c10327e85db8e4472cf13987b22354/element - {"using":"xpath","value":"//table[contains(@id, \"listView-innerSelectionPanelTable-listUl\")]/tbody/tr[6]/td[3]/div/div/span/span[1]/bdi"}
RESULT: {"using":"xpath","value":"//table[contains(@id, \"listView-innerSelectionPanelTable-listUl\")]/tbody/tr[6]/td[3]/div/div/span/span[1]/bdi"}
COMMAND: POST /session/b6c10327e85db8e4472cf13987b22354/execute/sync - {"script":"<script> [56 bytes]","args":[{"element-6066-11e4-a52e-4f735466cecf":"f.76EFC1153EA5792FD1141D4CA15B46A2.d.89395005C82FCF7EF14589457070AC45.e.6689","ELEMENT":"f.76EFC1153EA5792FD1141D4CA15B46A2.d.89395005C82FCF7EF14589457070AC45.e.6689"}]}
RESULT: {"script":"<script> [56 bytes]","args":[{"element-6066-11e4-a52e-4f735466cecf":"f.76EFC1153EA5792FD1141D4CA15B46A2.d.89395005C82FCF7EF14589457070AC45.e.6689","ELEMENT":"f.76EFC1153EA5792FD1141D4CA15B46A2.d.89395005C82FCF7EF14589457070AC45.e.6689"}]}
COMMAND: GET /session/b6c10327e85db8e4472cf13987b22354/element/f.76EFC1153EA5792FD1141D4CA15B46A2.d.89395005C82FCF7EF14589457070AC45.e.6688/attribute/aria-checked - {}
COMMAND: GET /session/b6c10327e85db8e4472cf13987b22354/screenshot - {}
RESULT: {}
COMMAND: POST /session/b6c10327e85db8e4472cf13987b22354/element - {"using":"xpath","value":"//table[contains(@id, \"listView-innerSelectionPanelTable-listUl\")]/tbody/tr[7]/td[2]/div/div"}
RESULT: {}
RESULT: {"using":"xpath","value":"//table[contains(@id, \"listView-innerSelectionPanelTable-listUl\")]/tbody/tr[7]/td[2]/div/div"}
COMMAND: POST /session/b6c10327e85db8e4472cf13987b22354/element - {"using":"xpath","value":"//table[contains(@id, \"listView-innerSelectionPanelTable-listUl\")]/tbody/tr[7]/td[2]/div"}
RESULT: {"using":"xpath","value":"//table[contains(@id, \"listView-innerSelectionPanelTable-listUl\")]/tbody/tr[7]/td[2]/div"}
COMMAND: POST /session/b6c10327e85db8e4472cf13987b22354/element - {"using":"xpath","value":"//table[contains(@id, \"listView-innerSelectionPanelTable-listUl\")]/tbody/tr[7]/td[3]/div/div/span/span[1]/bdi"}
RESULT: {"using":"xpath","value":"//table[contains(@id, \"listView-innerSelectionPanelTable-listUl\")]/tbody/tr[7]/td[3]/div/div/span/span[1]/bdi"}
COMMAND: POST /session/b6c10327e85db8e4472cf13987b22354/execute/sync - {"script":"<script> [56 bytes]","args":[{"element-6066-11e4-a52e-4f735466cecf":"f.76EFC1153EA5792FD1141D4CA15B46A2.d.89395005C82FCF7EF14589457070AC45.e.6692","ELEMENT":"f.76EFC1153EA5792FD1141D4CA15B46A2.d.89395005C82FCF7EF14589457070AC45.e.6692"}]}
RESULT: {"script":"<script> [56 bytes]","args":[{"element-6066-11e4-a52e-4f735466cecf":"f.76EFC1153EA5792FD1141D4CA15B46A2.d.89395005C82FCF7EF14589457070AC45.e.6692","ELEMENT":"f.76EFC1153EA5792FD1141D4CA15B46A2.d.89395005C82FCF7EF14589457070AC45.e.6692"}]}
COMMAND: GET /session/b6c10327e85db8e4472cf13987b22354/element/f.76EFC1153EA5792FD1141D4CA15B46A2.d.89395005C82FCF7EF14589457070AC45.e.6691/attribute/aria-checked - {}
COMMAND: GET /session/b6c10327e85db8e4472cf13987b22354/screenshot - {}
RESULT: {}
COMMAND: POST /session/b6c10327e85db8e4472cf13987b22354/element - {"using":"xpath","value":"//table[contains(@id, \"listView-innerSelectionPanelTable-listUl\")]/tbody/tr[8]/td[2]/div/div"}
RESULT: {}
RESULT: {"using":"xpath","value":"//table[contains(@id, \"listView-innerSelectionPanelTable-listUl\")]/tbody/tr[8]/td[2]/div/div"}
COMMAND: POST /session/b6c10327e85db8e4472cf13987b22354/element - {"using":"xpath","value":"//table[contains(@id, \"listView-innerSelectionPanelTable-listUl\")]/tbody/tr[8]/td[2]/div"}
RESULT: {"using":"xpath","value":"//table[contains(@id, \"listView-innerSelectionPanelTable-listUl\")]/tbody/tr[8]/td[2]/div"}
COMMAND: POST /session/b6c10327e85db8e4472cf13987b22354/element - {"using":"xpath","value":"//table[contains(@id, \"listView-innerSelectionPanelTable-listUl\")]/tbody/tr[8]/td[3]/div/div/span/span[1]/bdi"}
RESULT: {"using":"xpath","value":"//table[contains(@id, \"listView-innerSelectionPanelTable-listUl\")]/tbody/tr[8]/td[3]/div/div/span/span[1]/bdi"}
COMMAND: POST /session/b6c10327e85db8e4472cf13987b22354/execute/sync - {"script":"<script> [56 bytes]","args":[{"element-6066-11e4-a52e-4f735466cecf":"f.76EFC1153EA5792FD1141D4CA15B46A2.d.89395005C82FCF7EF14589457070AC45.e.6695","ELEMENT":"f.76EFC1153EA5792FD1141D4CA15B46A2.d.89395005C82FCF7EF14589457070AC45.e.6695"}]}
RESULT: {"script":"<script> [56 bytes]","args":[{"element-6066-11e4-a52e-4f735466cecf":"f.76EFC1153EA5792FD1141D4CA15B46A2.d.89395005C82FCF7EF14589457070AC45.e.6695","ELEMENT":"f.76EFC1153EA5792FD1141D4CA15B46A2.d.89395005C82FCF7EF14589457070AC45.e.6695"}]}
COMMAND: GET /session/b6c10327e85db8e4472cf13987b22354/element/f.76EFC1153EA5792FD1141D4CA15B46A2.d.89395005C82FCF7EF14589457070AC45.e.6694/attribute/aria-checked - {}
COMMAND: GET /session/b6c10327e85db8e4472cf13987b22354/screenshot - {}
RESULT: {}
COMMAND: POST /session/b6c10327e85db8e4472cf13987b22354/element - {"using":"xpath","value":"//table[contains(@id, \"listView-innerSelectionPanelTable-listUl\")]/tbody/tr[9]/td[2]/div/div"}
RESULT: {}
RESULT: {"using":"xpath","value":"//table[contains(@id, \"listView-innerSelectionPanelTable-listUl\")]/tbody/tr[9]/td[2]/div/div"}
COMMAND: POST /session/b6c10327e85db8e4472cf13987b22354/element - {"using":"xpath","value":"//table[contains(@id, \"listView-innerSelectionPanelTable-listUl\")]/tbody/tr[9]/td[2]/div"}
RESULT: {"using":"xpath","value":"//table[contains(@id, \"listView-innerSelectionPanelTable-listUl\")]/tbody/tr[9]/td[2]/div"}
COMMAND: POST /session/b6c10327e85db8e4472cf13987b22354/element - {"using":"xpath","value":"//table[contains(@id, \"listView-innerSelectionPanelTable-listUl\")]/tbody/tr[9]/td[3]/div/div/span/span[1]/bdi"}
RESULT: {"using":"xpath","value":"//table[contains(@id, \"listView-innerSelectionPanelTable-listUl\")]/tbody/tr[9]/td[3]/div/div/span/span[1]/bdi"}
COMMAND: POST /session/b6c10327e85db8e4472cf13987b22354/execute/sync - {"script":"<script> [56 bytes]","args":[{"element-6066-11e4-a52e-4f735466cecf":"f.76EFC1153EA5792FD1141D4CA15B46A2.d.89395005C82FCF7EF14589457070AC45.e.6698","ELEMENT":"f.76EFC1153EA5792FD1141D4CA15B46A2.d.89395005C82FCF7EF14589457070AC45.e.6698"}]}
RESULT: {"script":"<script> [56 bytes]","args":[{"element-6066-11e4-a52e-4f735466cecf":"f.76EFC1153EA5792FD1141D4CA15B46A2.d.89395005C82FCF7EF14589457070AC45.e.6698","ELEMENT":"f.76EFC1153EA5792FD1141D4CA15B46A2.d.89395005C82FCF7EF14589457070AC45.e.6698"}]}
COMMAND: GET /session/b6c10327e85db8e4472cf13987b22354/element/f.76EFC1153EA5792FD1141D4CA15B46A2.d.89395005C82FCF7EF14589457070AC45.e.6697/attribute/aria-checked - {}
COMMAND: GET /session/b6c10327e85db8e4472cf13987b22354/screenshot - {}
RESULT: {}
COMMAND: POST /session/b6c10327e85db8e4472cf13987b22354/element - {"using":"xpath","value":"//table[contains(@id, \"listView-innerSelectionPanelTable-listUl\")]/tbody/tr[10]/td[2]/div/div"}
RESULT: {}
RESULT: {"using":"xpath","value":"//table[contains(@id, \"listView-innerSelectionPanelTable-listUl\")]/tbody/tr[10]/td[2]/div/div"}
COMMAND: POST /session/b6c10327e85db8e4472cf13987b22354/element - {"using":"xpath","value":"//table[contains(@id, \"listView-innerSelectionPanelTable-listUl\")]/tbody/tr[10]/td[2]/div"}
RESULT: {"using":"xpath","value":"//table[contains(@id, \"listView-innerSelectionPanelTable-listUl\")]/tbody/tr[10]/td[2]/div"}
COMMAND: POST /session/b6c10327e85db8e4472cf13987b22354/element - {"using":"xpath","value":"//table[contains(@id, \"listView-innerSelectionPanelTable-listUl\")]/tbody/tr[10]/td[3]/div/div/span/span[1]/bdi"}
RESULT: {"using":"xpath","value":"//table[contains(@id, \"listView-innerSelectionPanelTable-listUl\")]/tbody/tr[10]/td[3]/div/div/span/span[1]/bdi"}
COMMAND: POST /session/b6c10327e85db8e4472cf13987b22354/execute/sync - {"script":"<script> [56 bytes]","args":[{"element-6066-11e4-a52e-4f735466cecf":"f.76EFC1153EA5792FD1141D4CA15B46A2.d.89395005C82FCF7EF14589457070AC45.e.6701","ELEMENT":"f.76EFC1153EA5792FD1141D4CA15B46A2.d.89395005C82FCF7EF14589457070AC45.e.6701"}]}
RESULT: {"script":"<script> [56 bytes]","args":[{"element-6066-11e4-a52e-4f735466cecf":"f.76EFC1153EA5792FD1141D4CA15B46A2.d.89395005C82FCF7EF14589457070AC45.e.6701","ELEMENT":"f.76EFC1153EA5792FD1141D4CA15B46A2.d.89395005C82FCF7EF14589457070AC45.e.6701"}]}
COMMAND: GET /session/b6c10327e85db8e4472cf13987b22354/element/f.76EFC1153EA5792FD1141D4CA15B46A2.d.89395005C82FCF7EF14589457070AC45.e.6700/attribute/aria-checked - {}
COMMAND: GET /session/b6c10327e85db8e4472cf13987b22354/screenshot - {}
RESULT: {}
COMMAND: POST /session/b6c10327e85db8e4472cf13987b22354/element - {"using":"xpath","value":"//table[contains(@id, \"listView-innerSelectionPanelTable-listUl\")]/tbody/tr[11]/td[2]/div/div"}
RESULT: {}
RESULT: {"using":"xpath","value":"//table[contains(@id, \"listView-innerSelectionPanelTable-listUl\")]/tbody/tr[11]/td[2]/div/div"}
COMMAND: POST /session/b6c10327e85db8e4472cf13987b22354/element - {"using":"xpath","value":"//table[contains(@id, \"listView-innerSelectionPanelTable-listUl\")]/tbody/tr[11]/td[2]/div"}
RESULT: {"using":"xpath","value":"//table[contains(@id, \"listView-innerSelectionPanelTable-listUl\")]/tbody/tr[11]/td[2]/div"}
COMMAND: POST /session/b6c10327e85db8e4472cf13987b22354/element - {"using":"xpath","value":"//table[contains(@id, \"listView-innerSelectionPanelTable-listUl\")]/tbody/tr[11]/td[3]/div/div/span/span[1]/bdi"}
RESULT: {"using":"xpath","value":"//table[contains(@id, \"listView-innerSelectionPanelTable-listUl\")]/tbody/tr[11]/td[3]/div/div/span/span[1]/bdi"}
COMMAND: POST /session/b6c10327e85db8e4472cf13987b22354/execute/sync - {"script":"<script> [56 bytes]","args":[{"element-6066-11e4-a52e-4f735466cecf":"f.76EFC1153EA5792FD1141D4CA15B46A2.d.89395005C82FCF7EF14589457070AC45.e.6704","ELEMENT":"f.76EFC1153EA5792FD1141D4CA15B46A2.d.89395005C82FCF7EF14589457070AC45.e.6704"}]}
RESULT: {"script":"<script> [56 bytes]","args":[{"element-6066-11e4-a52e-4f735466cecf":"f.76EFC1153EA5792FD1141D4CA15B46A2.d.89395005C82FCF7EF14589457070AC45.e.6704","ELEMENT":"f.76EFC1153EA5792FD1141D4CA15B46A2.d.89395005C82FCF7EF14589457070AC45.e.6704"}]}
COMMAND: GET /session/b6c10327e85db8e4472cf13987b22354/element/f.76EFC1153EA5792FD1141D4CA15B46A2.d.89395005C82FCF7EF14589457070AC45.e.6703/attribute/aria-checked - {}
COMMAND: GET /session/b6c10327e85db8e4472cf13987b22354/screenshot - {}
RESULT: {}
COMMAND: POST /session/b6c10327e85db8e4472cf13987b22354/element - {"using":"xpath","value":"//table[contains(@id, \"listView-innerSelectionPanelTable-listUl\")]/tbody/tr[12]/td[2]/div/div"}
RESULT: {}
RESULT: {"using":"xpath","value":"//table[contains(@id, \"listView-innerSelectionPanelTable-listUl\")]/tbody/tr[12]/td[2]/div/div"}
COMMAND: POST /session/b6c10327e85db8e4472cf13987b22354/element - {"using":"xpath","value":"//table[contains(@id, \"listView-innerSelectionPanelTable-listUl\")]/tbody/tr[12]/td[2]/div"}
RESULT: {"using":"xpath","value":"//table[contains(@id, \"listView-innerSelectionPanelTable-listUl\")]/tbody/tr[12]/td[2]/div"}
COMMAND: POST /session/b6c10327e85db8e4472cf13987b22354/element - {"using":"xpath","value":"//table[contains(@id, \"listView-innerSelectionPanelTable-listUl\")]/tbody/tr[12]/td[3]/div/div/span/span[1]/bdi"}
RESULT: {"using":"xpath","value":"//table[contains(@id, \"listView-innerSelectionPanelTable-listUl\")]/tbody/tr[12]/td[3]/div/div/span/span[1]/bdi"}
COMMAND: POST /session/b6c10327e85db8e4472cf13987b22354/execute/sync - {"script":"<script> [56 bytes]","args":[{"element-6066-11e4-a52e-4f735466cecf":"f.76EFC1153EA5792FD1141D4CA15B46A2.d.89395005C82FCF7EF14589457070AC45.e.6707","ELEMENT":"f.76EFC1153EA5792FD1141D4CA15B46A2.d.89395005C82FCF7EF14589457070AC45.e.6707"}]}
RESULT: {"script":"<script> [56 bytes]","args":[{"element-6066-11e4-a52e-4f735466cecf":"f.76EFC1153EA5792FD1141D4CA15B46A2.d.89395005C82FCF7EF14589457070AC45.e.6707","ELEMENT":"f.76EFC1153EA5792FD1141D4CA15B46A2.d.89395005C82FCF7EF14589457070AC45.e.6707"}]}
COMMAND: GET /session/b6c10327e85db8e4472cf13987b22354/element/f.76EFC1153EA5792FD1141D4CA15B46A2.d.89395005C82FCF7EF14589457070AC45.e.6706/attribute/aria-checked - {}
COMMAND: GET /session/b6c10327e85db8e4472cf13987b22354/screenshot - {}
RESULT: {}
COMMAND: POST /session/b6c10327e85db8e4472cf13987b22354/element - {"using":"xpath","value":"//table[contains(@id, \"listView-innerSelectionPanelTable-listUl\")]/tbody/tr[13]/td[2]/div/div"}
RESULT: {}
RESULT: {"using":"xpath","value":"//table[contains(@id, \"listView-innerSelectionPanelTable-listUl\")]/tbody/tr[13]/td[2]/div/div"}
COMMAND: POST /session/b6c10327e85db8e4472cf13987b22354/element - {"using":"xpath","value":"//table[contains(@id, \"listView-innerSelectionPanelTable-listUl\")]/tbody/tr[13]/td[2]/div"}
RESULT: {"using":"xpath","value":"//table[contains(@id, \"listView-innerSelectionPanelTable-listUl\")]/tbody/tr[13]/td[2]/div"}
COMMAND: POST /session/b6c10327e85db8e4472cf13987b22354/element - {"using":"xpath","value":"//table[contains(@id, \"listView-innerSelectionPanelTable-listUl\")]/tbody/tr[13]/td[3]/div/div/span/span[1]/bdi"}
RESULT: {"using":"xpath","value":"//table[contains(@id, \"listView-innerSelectionPanelTable-listUl\")]/tbody/tr[13]/td[3]/div/div/span/span[1]/bdi"}
COMMAND: POST /session/b6c10327e85db8e4472cf13987b22354/execute/sync - {"script":"<script> [56 bytes]","args":[{"element-6066-11e4-a52e-4f735466cecf":"f.76EFC1153EA5792FD1141D4CA15B46A2.d.89395005C82FCF7EF14589457070AC45.e.6710","ELEMENT":"f.76EFC1153EA5792FD1141D4CA15B46A2.d.89395005C82FCF7EF14589457070AC45.e.6710"}]}
RESULT: {"script":"<script> [56 bytes]","args":[{"element-6066-11e4-a52e-4f735466cecf":"f.76EFC1153EA5792FD1141D4CA15B46A2.d.89395005C82FCF7EF14589457070AC45.e.6710","ELEMENT":"f.76EFC1153EA5792FD1141D4CA15B46A2.d.89395005C82FCF7EF14589457070AC45.e.6710"}]}
COMMAND: GET /session/b6c10327e85db8e4472cf13987b22354/element/f.76EFC1153EA5792FD1141D4CA15B46A2.d.89395005C82FCF7EF14589457070AC45.e.6709/attribute/aria-checked - {}
COMMAND: GET /session/b6c10327e85db8e4472cf13987b22354/screenshot - {}
RESULT: {}
COMMAND: POST /session/b6c10327e85db8e4472cf13987b22354/element - {"using":"xpath","value":"//table[contains(@id, \"listView-innerSelectionPanelTable-listUl\")]/tbody/tr[14]/td[2]/div/div"}
RESULT: {}
RESULT: {"using":"xpath","value":"//table[contains(@id, \"listView-innerSelectionPanelTable-listUl\")]/tbody/tr[14]/td[2]/div/div"}
COMMAND: POST /session/b6c10327e85db8e4472cf13987b22354/element - {"using":"xpath","value":"//table[contains(@id, \"listView-innerSelectionPanelTable-listUl\")]/tbody/tr[14]/td[2]/div"}
RESULT: {"using":"xpath","value":"//table[contains(@id, \"listView-innerSelectionPanelTable-listUl\")]/tbody/tr[14]/td[2]/div"}
COMMAND: POST /session/b6c10327e85db8e4472cf13987b22354/element - {"using":"xpath","value":"//table[contains(@id, \"listView-innerSelectionPanelTable-listUl\")]/tbody/tr[14]/td[3]/div/div/span/span[1]/bdi"}
RESULT: {"using":"xpath","value":"//table[contains(@id, \"listView-innerSelectionPanelTable-listUl\")]/tbody/tr[14]/td[3]/div/div/span/span[1]/bdi"}
COMMAND: POST /session/b6c10327e85db8e4472cf13987b22354/execute/sync - {"script":"<script> [56 bytes]","args":[{"element-6066-11e4-a52e-4f735466cecf":"f.76EFC1153EA5792FD1141D4CA15B46A2.d.89395005C82FCF7EF14589457070AC45.e.6713","ELEMENT":"f.76EFC1153EA5792FD1141D4CA15B46A2.d.89395005C82FCF7EF14589457070AC45.e.6713"}]}
RESULT: {"script":"<script> [56 bytes]","args":[{"element-6066-11e4-a52e-4f735466cecf":"f.76EFC1153EA5792FD1141D4CA15B46A2.d.89395005C82FCF7EF14589457070AC45.e.6713","ELEMENT":"f.76EFC1153EA5792FD1141D4CA15B46A2.d.89395005C82FCF7EF14589457070AC45.e.6713"}]}
COMMAND: GET /session/b6c10327e85db8e4472cf13987b22354/element/f.76EFC1153EA5792FD1141D4CA15B46A2.d.89395005C82FCF7EF14589457070AC45.e.6712/attribute/aria-checked - {}
COMMAND: GET /session/b6c10327e85db8e4472cf13987b22354/screenshot - {}
RESULT: {}
COMMAND: POST /session/b6c10327e85db8e4472cf13987b22354/element - {"using":"xpath","value":"//table[contains(@id, \"listView-innerSelectionPanelTable-listUl\")]/tbody/tr[15]/td[2]/div/div"}
RESULT: {}
RESULT: {"using":"xpath","value":"//table[contains(@id, \"listView-innerSelectionPanelTable-listUl\")]/tbody/tr[15]/td[2]/div/div"}
COMMAND: POST /session/b6c10327e85db8e4472cf13987b22354/element - {"using":"xpath","value":"//table[contains(@id, \"listView-innerSelectionPanelTable-listUl\")]/tbody/tr[15]/td[2]/div"}
RESULT: {"using":"xpath","value":"//table[contains(@id, \"listView-innerSelectionPanelTable-listUl\")]/tbody/tr[15]/td[2]/div"}
COMMAND: POST /session/b6c10327e85db8e4472cf13987b22354/element - {"using":"xpath","value":"//table[contains(@id, \"listView-innerSelectionPanelTable-listUl\")]/tbody/tr[15]/td[3]/div/div/span/span[1]/bdi"}
RESULT: {"using":"xpath","value":"//table[contains(@id, \"listView-innerSelectionPanelTable-listUl\")]/tbody/tr[15]/td[3]/div/div/span/span[1]/bdi"}
COMMAND: POST /session/b6c10327e85db8e4472cf13987b22354/execute/sync - {"script":"<script> [56 bytes]","args":[{"element-6066-11e4-a52e-4f735466cecf":"f.76EFC1153EA5792FD1141D4CA15B46A2.d.89395005C82FCF7EF14589457070AC45.e.6716","ELEMENT":"f.76EFC1153EA5792FD1141D4CA15B46A2.d.89395005C82FCF7EF14589457070AC45.e.6716"}]}
RESULT: {"script":"<script> [56 bytes]","args":[{"element-6066-11e4-a52e-4f735466cecf":"f.76EFC1153EA5792FD1141D4CA15B46A2.d.89395005C82FCF7EF14589457070AC45.e.6716","ELEMENT":"f.76EFC1153EA5792FD1141D4CA15B46A2.d.89395005C82FCF7EF14589457070AC45.e.6716"}]}
COMMAND: GET /session/b6c10327e85db8e4472cf13987b22354/element/f.76EFC1153EA5792FD1141D4CA15B46A2.d.89395005C82FCF7EF14589457070AC45.e.6715/attribute/aria-checked - {}
COMMAND: GET /session/b6c10327e85db8e4472cf13987b22354/screenshot - {}
RESULT: {}
COMMAND: POST /session/b6c10327e85db8e4472cf13987b22354/element - {"using":"xpath","value":"//table[contains(@id, \"listView-innerSelectionPanelTable-listUl\")]/tbody/tr[16]/td[2]/div/div"}
RESULT: {}
RESULT: {"using":"xpath","value":"//table[contains(@id, \"listView-innerSelectionPanelTable-listUl\")]/tbody/tr[16]/td[2]/div/div"}
COMMAND: POST /session/b6c10327e85db8e4472cf13987b22354/element - {"using":"xpath","value":"//table[contains(@id, \"listView-innerSelectionPanelTable-listUl\")]/tbody/tr[16]/td[2]/div"}
RESULT: {"using":"xpath","value":"//table[contains(@id, \"listView-innerSelectionPanelTable-listUl\")]/tbody/tr[16]/td[2]/div"}
COMMAND: POST /session/b6c10327e85db8e4472cf13987b22354/element - {"using":"xpath","value":"//table[contains(@id, \"listView-innerSelectionPanelTable-listUl\")]/tbody/tr[16]/td[3]/div/div/span/span[1]/bdi"}
RESULT: {"using":"xpath","value":"//table[contains(@id, \"listView-innerSelectionPanelTable-listUl\")]/tbody/tr[16]/td[3]/div/div/span/span[1]/bdi"}
COMMAND: POST /session/b6c10327e85db8e4472cf13987b22354/execute/sync - {"script":"<script> [56 bytes]","args":[{"element-6066-11e4-a52e-4f735466cecf":"f.76EFC1153EA5792FD1141D4CA15B46A2.d.89395005C82FCF7EF14589457070AC45.e.6719","ELEMENT":"f.76EFC1153EA5792FD1141D4CA15B46A2.d.89395005C82FCF7EF14589457070AC45.e.6719"}]}
RESULT: {"script":"<script> [56 bytes]","args":[{"element-6066-11e4-a52e-4f735466cecf":"f.76EFC1153EA5792FD1141D4CA15B46A2.d.89395005C82FCF7EF14589457070AC45.e.6719","ELEMENT":"f.76EFC1153EA5792FD1141D4CA15B46A2.d.89395005C82FCF7EF14589457070AC45.e.6719"}]}
COMMAND: GET /session/b6c10327e85db8e4472cf13987b22354/element/f.76EFC1153EA5792FD1141D4CA15B46A2.d.89395005C82FCF7EF14589457070AC45.e.6718/attribute/aria-checked - {}
COMMAND: GET /session/b6c10327e85db8e4472cf13987b22354/screenshot - {}
RESULT: {}
COMMAND: POST /session/b6c10327e85db8e4472cf13987b22354/element - {"using":"xpath","value":"//table[contains(@id, \"listView-innerSelectionPanelTable-listUl\")]/tbody/tr[17]/td[2]/div/div"}
RESULT: {}
RESULT: {"using":"xpath","value":"//table[contains(@id, \"listView-innerSelectionPanelTable-listUl\")]/tbody/tr[17]/td[2]/div/div"}
COMMAND: POST /session/b6c10327e85db8e4472cf13987b22354/element - {"using":"xpath","value":"//table[contains(@id, \"listView-innerSelectionPanelTable-listUl\")]/tbody/tr[17]/td[2]/div"}
RESULT: {"using":"xpath","value":"//table[contains(@id, \"listView-innerSelectionPanelTable-listUl\")]/tbody/tr[17]/td[2]/div"}
COMMAND: POST /session/b6c10327e85db8e4472cf13987b22354/element - {"using":"xpath","value":"//table[contains(@id, \"listView-innerSelectionPanelTable-listUl\")]/tbody/tr[17]/td[3]/div/div/span/span[1]/bdi"}
RESULT: {"using":"xpath","value":"//table[contains(@id, \"listView-innerSelectionPanelTable-listUl\")]/tbody/tr[17]/td[3]/div/div/span/span[1]/bdi"}
COMMAND: POST /session/b6c10327e85db8e4472cf13987b22354/execute/sync - {"script":"<script> [56 bytes]","args":[{"element-6066-11e4-a52e-4f735466cecf":"f.76EFC1153EA5792FD1141D4CA15B46A2.d.89395005C82FCF7EF14589457070AC45.e.6722","ELEMENT":"f.76EFC1153EA5792FD1141D4CA15B46A2.d.89395005C82FCF7EF14589457070AC45.e.6722"}]}
RESULT: {"script":"<script> [56 bytes]","args":[{"element-6066-11e4-a52e-4f735466cecf":"f.76EFC1153EA5792FD1141D4CA15B46A2.d.89395005C82FCF7EF14589457070AC45.e.6722","ELEMENT":"f.76EFC1153EA5792FD1141D4CA15B46A2.d.89395005C82FCF7EF14589457070AC45.e.6722"}]}
COMMAND: GET /session/b6c10327e85db8e4472cf13987b22354/element/f.76EFC1153EA5792FD1141D4CA15B46A2.d.89395005C82FCF7EF14589457070AC45.e.6721/attribute/aria-checked - {}
COMMAND: GET /session/b6c10327e85db8e4472cf13987b22354/screenshot - {}
RESULT: {}
COMMAND: POST /session/b6c10327e85db8e4472cf13987b22354/element - {"using":"xpath","value":"//table[contains(@id, \"listView-innerSelectionPanelTable-listUl\")]/tbody/tr[18]/td[2]/div/div"}
RESULT: {}
RESULT: {"using":"xpath","value":"//table[contains(@id, \"listView-innerSelectionPanelTable-listUl\")]/tbody/tr[18]/td[2]/div/div"}
COMMAND: POST /session/b6c10327e85db8e4472cf13987b22354/element - {"using":"xpath","value":"//table[contains(@id, \"listView-innerSelectionPanelTable-listUl\")]/tbody/tr[18]/td[2]/div"}
RESULT: {"using":"xpath","value":"//table[contains(@id, \"listView-innerSelectionPanelTable-listUl\")]/tbody/tr[18]/td[2]/div"}
COMMAND: POST /session/b6c10327e85db8e4472cf13987b22354/element - {"using":"xpath","value":"//table[contains(@id, \"listView-innerSelectionPanelTable-listUl\")]/tbody/tr[18]/td[3]/div/div/span/span[1]/bdi"}
RESULT: {"using":"xpath","value":"//table[contains(@id, \"listView-innerSelectionPanelTable-listUl\")]/tbody/tr[18]/td[3]/div/div/span/span[1]/bdi"}
COMMAND: POST /session/b6c10327e85db8e4472cf13987b22354/execute/sync - {"script":"<script> [56 bytes]","args":[{"element-6066-11e4-a52e-4f735466cecf":"f.76EFC1153EA5792FD1141D4CA15B46A2.d.89395005C82FCF7EF14589457070AC45.e.6725","ELEMENT":"f.76EFC1153EA5792FD1141D4CA15B46A2.d.89395005C82FCF7EF14589457070AC45.e.6725"}]}
RESULT: {"script":"<script> [56 bytes]","args":[{"element-6066-11e4-a52e-4f735466cecf":"f.76EFC1153EA5792FD1141D4CA15B46A2.d.89395005C82FCF7EF14589457070AC45.e.6725","ELEMENT":"f.76EFC1153EA5792FD1141D4CA15B46A2.d.89395005C82FCF7EF14589457070AC45.e.6725"}]}
COMMAND: GET /session/b6c10327e85db8e4472cf13987b22354/element/f.76EFC1153EA5792FD1141D4CA15B46A2.d.89395005C82FCF7EF14589457070AC45.e.6724/attribute/aria-checked - {}
COMMAND: GET /session/b6c10327e85db8e4472cf13987b22354/screenshot - {}
RESULT: {}
COMMAND: POST /session/b6c10327e85db8e4472cf13987b22354/element - {"using":"xpath","value":"//table[contains(@id, \"listView-innerSelectionPanelTable-listUl\")]/tbody/tr[19]/td[2]/div/div"}
RESULT: {}
RESULT: {"using":"xpath","value":"//table[contains(@id, \"listView-innerSelectionPanelTable-listUl\")]/tbody/tr[19]/td[2]/div/div"}
COMMAND: POST /session/b6c10327e85db8e4472cf13987b22354/element - {"using":"xpath","value":"//table[contains(@id, \"listView-innerSelectionPanelTable-listUl\")]/tbody/tr[19]/td[2]/div"}
RESULT: {"using":"xpath","value":"//table[contains(@id, \"listView-innerSelectionPanelTable-listUl\")]/tbody/tr[19]/td[2]/div"}
COMMAND: POST /session/b6c10327e85db8e4472cf13987b22354/element - {"using":"xpath","value":"//table[contains(@id, \"listView-innerSelectionPanelTable-listUl\")]/tbody/tr[19]/td[3]/div/div/span/span[1]/bdi"}
RESULT: {"using":"xpath","value":"//table[contains(@id, \"listView-innerSelectionPanelTable-listUl\")]/tbody/tr[19]/td[3]/div/div/span/span[1]/bdi"}
COMMAND: POST /session/b6c10327e85db8e4472cf13987b22354/execute/sync - {"script":"<script> [56 bytes]","args":[{"element-6066-11e4-a52e-4f735466cecf":"f.76EFC1153EA5792FD1141D4CA15B46A2.d.89395005C82FCF7EF14589457070AC45.e.6728","ELEMENT":"f.76EFC1153EA5792FD1141D4CA15B46A2.d.89395005C82FCF7EF14589457070AC45.e.6728"}]}
RESULT: {"script":"<script> [56 bytes]","args":[{"element-6066-11e4-a52e-4f735466cecf":"f.76EFC1153EA5792FD1141D4CA15B46A2.d.89395005C82FCF7EF14589457070AC45.e.6728","ELEMENT":"f.76EFC1153EA5792FD1141D4CA15B46A2.d.89395005C82FCF7EF14589457070AC45.e.6728"}]}
COMMAND: GET /session/b6c10327e85db8e4472cf13987b22354/element/f.76EFC1153EA5792FD1141D4CA15B46A2.d.89395005C82FCF7EF14589457070AC45.e.6727/attribute/aria-checked - {}
COMMAND: GET /session/b6c10327e85db8e4472cf13987b22354/screenshot - {}
RESULT: {}
COMMAND: POST /session/b6c10327e85db8e4472cf13987b22354/element - {"using":"xpath","value":"//table[contains(@id, \"listView-innerSelectionPanelTable-listUl\")]/tbody/tr[20]/td[2]/div/div"}
RESULT: {}
RESULT: {"using":"xpath","value":"//table[contains(@id, \"listView-innerSelectionPanelTable-listUl\")]/tbody/tr[20]/td[2]/div/div"}
COMMAND: POST /session/b6c10327e85db8e4472cf13987b22354/element - {"using":"xpath","value":"//table[contains(@id, \"listView-innerSelectionPanelTable-listUl\")]/tbody/tr[20]/td[2]/div"}
RESULT: {"using":"xpath","value":"//table[contains(@id, \"listView-innerSelectionPanelTable-listUl\")]/tbody/tr[20]/td[2]/div"}
COMMAND: POST /session/b6c10327e85db8e4472cf13987b22354/element - {"using":"xpath","value":"//table[contains(@id, \"listView-innerSelectionPanelTable-listUl\")]/tbody/tr[20]/td[3]/div/div/span/span[1]/bdi"}
RESULT: {"using":"xpath","value":"//table[contains(@id, \"listView-innerSelectionPanelTable-listUl\")]/tbody/tr[20]/td[3]/div/div/span/span[1]/bdi"}
COMMAND: POST /session/b6c10327e85db8e4472cf13987b22354/execute/sync - {"script":"<script> [56 bytes]","args":[{"element-6066-11e4-a52e-4f735466cecf":"f.76EFC1153EA5792FD1141D4CA15B46A2.d.89395005C82FCF7EF14589457070AC45.e.6731","ELEMENT":"f.76EFC1153EA5792FD1141D4CA15B46A2.d.89395005C82FCF7EF14589457070AC45.e.6731"}]}
RESULT: {"script":"<script> [56 bytes]","args":[{"element-6066-11e4-a52e-4f735466cecf":"f.76EFC1153EA5792FD1141D4CA15B46A2.d.89395005C82FCF7EF14589457070AC45.e.6731","ELEMENT":"f.76EFC1153EA5792FD1141D4CA15B46A2.d.89395005C82FCF7EF14589457070AC45.e.6731"}]}
COMMAND: GET /session/b6c10327e85db8e4472cf13987b22354/element/f.76EFC1153EA5792FD1141D4CA15B46A2.d.89395005C82FCF7EF14589457070AC45.e.6730/attribute/aria-checked - {}
COMMAND: GET /session/b6c10327e85db8e4472cf13987b22354/screenshot - {}
RESULT: {}
COMMAND: POST /session/b6c10327e85db8e4472cf13987b22354/element - {"using":"xpath","value":"//table[contains(@id, \"listView-innerSelectionPanelTable-listUl\")]/tbody/tr[21]/td[2]/div/div"}
COMMAND: POST /session/b6c10327e85db8e4472cf13987b22354/element/f.76EFC1153EA5792FD1141D4CA15B46A2.d.89395005C82FCF7EF14589457070AC45.e.6729/click - {}
RESULT: {}
RESULT: {"using":"xpath","value":"//table[contains(@id, \"listView-innerSelectionPanelTable-listUl\")]/tbody/tr[21]/td[2]/div/div"}
COMMAND: POST /session/b6c10327e85db8e4472cf13987b22354/element - {"using":"xpath","value":"//table[contains(@id, \"listView-innerSelectionPanelTable-listUl\")]/tbody/tr[21]/td[2]/div"}
RESULT: {}
COMMAND: GET /session/b6c10327e85db8e4472cf13987b22354/screenshot - {}
RESULT: {"using":"xpath","value":"//table[contains(@id, \"listView-innerSelectionPanelTable-listUl\")]/tbody/tr[21]/td[2]/div"}
COMMAND: POST /session/b6c10327e85db8e4472cf13987b22354/element - {"using":"xpath","value":"//table[contains(@id, \"listView-innerSelectionPanelTable-listUl\")]/tbody/tr[21]/td[3]/div/div/span/span[1]/bdi"}
RESULT: {}
RESULT: {"using":"xpath","value":"//table[contains(@id, \"listView-innerSelectionPanelTable-listUl\")]/tbody/tr[21]/td[3]/div/div/span/span[1]/bdi"}
COMMAND: POST /session/b6c10327e85db8e4472cf13987b22354/execute/sync - {"script":"<script> [56 bytes]","args":[{"element-6066-11e4-a52e-4f735466cecf":"f.76EFC1153EA5792FD1141D4CA15B46A2.d.89395005C82FCF7EF14589457070AC45.e.6737","ELEMENT":"f.76EFC1153EA5792FD1141D4CA15B46A2.d.89395005C82FCF7EF14589457070AC45.e.6737"}]}
RESULT: {"script":"<script> [56 bytes]","args":[{"element-6066-11e4-a52e-4f735466cecf":"f.76EFC1153EA5792FD1141D4CA15B46A2.d.89395005C82FCF7EF14589457070AC45.e.6737","ELEMENT":"f.76EFC1153EA5792FD1141D4CA15B46A2.d.89395005C82FCF7EF14589457070AC45.e.6737"}]}
COMMAND: GET /session/b6c10327e85db8e4472cf13987b22354/element/f.76EFC1153EA5792FD1141D4CA15B46A2.d.89395005C82FCF7EF14589457070AC45.e.6736/attribute/aria-checked - {}
COMMAND: GET /session/b6c10327e85db8e4472cf13987b22354/screenshot - {}
RESULT: {}
COMMAND: POST /session/b6c10327e85db8e4472cf13987b22354/element - {"using":"xpath","value":"//table[contains(@id, \"listView-innerSelectionPanelTable-listUl\")]/tbody/tr[22]/td[2]/div/div"}
COMMAND: POST /session/b6c10327e85db8e4472cf13987b22354/element/f.76EFC1153EA5792FD1141D4CA15B46A2.d.89395005C82FCF7EF14589457070AC45.e.6732/click - {}
RESULT: {}
RESULT: {"using":"xpath","value":"//table[contains(@id, \"listView-innerSelectionPanelTable-listUl\")]/tbody/tr[22]/td[2]/div/div"}
COMMAND: POST /session/b6c10327e85db8e4472cf13987b22354/element - {"using":"xpath","value":"//table[contains(@id, \"listView-innerSelectionPanelTable-listUl\")]/tbody/tr[22]/td[2]/div"}
RESULT: {}
COMMAND: GET /session/b6c10327e85db8e4472cf13987b22354/screenshot - {}
RESULT: {"using":"xpath","value":"//table[contains(@id, \"listView-innerSelectionPanelTable-listUl\")]/tbody/tr[22]/td[2]/div"}
COMMAND: POST /session/b6c10327e85db8e4472cf13987b22354/element - {"using":"xpath","value":"//table[contains(@id, \"listView-innerSelectionPanelTable-listUl\")]/tbody/tr[22]/td[3]/div/div/span/span[1]/bdi"}
RESULT: {}
RESULT: {"using":"xpath","value":"//table[contains(@id, \"listView-innerSelectionPanelTable-listUl\")]/tbody/tr[22]/td[3]/div/div/span/span[1]/bdi"}
COMMAND: POST /session/b6c10327e85db8e4472cf13987b22354/execute/sync - {"script":"<script> [56 bytes]","args":[{"element-6066-11e4-a52e-4f735466cecf":"f.76EFC1153EA5792FD1141D4CA15B46A2.d.89395005C82FCF7EF14589457070AC45.e.6741","ELEMENT":"f.76EFC1153EA5792FD1141D4CA15B46A2.d.89395005C82FCF7EF14589457070AC45.e.6741"}]}
RESULT: {"script":"<script> [56 bytes]","args":[{"element-6066-11e4-a52e-4f735466cecf":"f.76EFC1153EA5792FD1141D4CA15B46A2.d.89395005C82FCF7EF14589457070AC45.e.6741","ELEMENT":"f.76EFC1153EA5792FD1141D4CA15B46A2.d.89395005C82FCF7EF14589457070AC45.e.6741"}]}
COMMAND: GET /session/b6c10327e85db8e4472cf13987b22354/element/f.76EFC1153EA5792FD1141D4CA15B46A2.d.89395005C82FCF7EF14589457070AC45.e.6740/attribute/aria-checked - {}
COMMAND: GET /session/b6c10327e85db8e4472cf13987b22354/screenshot - {}
RESULT: {}
COMMAND: POST /session/b6c10327e85db8e4472cf13987b22354/element - {"using":"xpath","value":"//table[contains(@id, \"listView-innerSelectionPanelTable-listUl\")]/tbody/tr[23]/td[2]/div/div"}
RESULT: {}
RESULT: {"using":"xpath","value":"//table[contains(@id, \"listView-innerSelectionPanelTable-listUl\")]/tbody/tr[23]/td[2]/div/div"}
COMMAND: POST /session/b6c10327e85db8e4472cf13987b22354/element - {"using":"xpath","value":"//table[contains(@id, \"listView-innerSelectionPanelTable-listUl\")]/tbody/tr[23]/td[2]/div"}
RESULT: {"using":"xpath","value":"//table[contains(@id, \"listView-innerSelectionPanelTable-listUl\")]/tbody/tr[23]/td[2]/div"}
COMMAND: POST /session/b6c10327e85db8e4472cf13987b22354/element - {"using":"xpath","value":"//table[contains(@id, \"listView-innerSelectionPanelTable-listUl\")]/tbody/tr[23]/td[3]/div/div/span/span[1]/bdi"}
RESULT: {"using":"xpath","value":"//table[contains(@id, \"listView-innerSelectionPanelTable-listUl\")]/tbody/tr[23]/td[3]/div/div/span/span[1]/bdi"}
COMMAND: POST /session/b6c10327e85db8e4472cf13987b22354/execute/sync - {"script":"<script> [56 bytes]","args":[{"element-6066-11e4-a52e-4f735466cecf":"f.76EFC1153EA5792FD1141D4CA15B46A2.d.89395005C82FCF7EF14589457070AC45.e.6744","ELEMENT":"f.76EFC1153EA5792FD1141D4CA15B46A2.d.89395005C82FCF7EF14589457070AC45.e.6744"}]}
RESULT: {"script":"<script> [56 bytes]","args":[{"element-6066-11e4-a52e-4f735466cecf":"f.76EFC1153EA5792FD1141D4CA15B46A2.d.89395005C82FCF7EF14589457070AC45.e.6744","ELEMENT":"f.76EFC1153EA5792FD1141D4CA15B46A2.d.89395005C82FCF7EF14589457070AC45.e.6744"}]}
COMMAND: GET /session/b6c10327e85db8e4472cf13987b22354/element/f.76EFC1153EA5792FD1141D4CA15B46A2.d.89395005C82FCF7EF14589457070AC45.e.6743/attribute/aria-checked - {}
COMMAND: GET /session/b6c10327e85db8e4472cf13987b22354/screenshot - {}
RESULT: {}
COMMAND: POST /session/b6c10327e85db8e4472cf13987b22354/element - {"using":"xpath","value":"//table[contains(@id, \"listView-innerSelectionPanelTable-listUl\")]/tbody/tr[24]/td[2]/div/div"}
RESULT: {}
RESULT: {"using":"xpath","value":"//table[contains(@id, \"listView-innerSelectionPanelTable-listUl\")]/tbody/tr[24]/td[2]/div/div"}
COMMAND: POST /session/b6c10327e85db8e4472cf13987b22354/element - {"using":"xpath","value":"//table[contains(@id, \"listView-innerSelectionPanelTable-listUl\")]/tbody/tr[24]/td[2]/div"}
RESULT: {"using":"xpath","value":"//table[contains(@id, \"listView-innerSelectionPanelTable-listUl\")]/tbody/tr[24]/td[2]/div"}
COMMAND: POST /session/b6c10327e85db8e4472cf13987b22354/element - {"using":"xpath","value":"//table[contains(@id, \"listView-innerSelectionPanelTable-listUl\")]/tbody/tr[24]/td[3]/div/div/span/span[1]/bdi"}
RESULT: {"using":"xpath","value":"//table[contains(@id, \"listView-innerSelectionPanelTable-listUl\")]/tbody/tr[24]/td[3]/div/div/span/span[1]/bdi"}
COMMAND: POST /session/b6c10327e85db8e4472cf13987b22354/execute/sync - {"script":"<script> [56 bytes]","args":[{"element-6066-11e4-a52e-4f735466cecf":"f.76EFC1153EA5792FD1141D4CA15B46A2.d.89395005C82FCF7EF14589457070AC45.e.6747","ELEMENT":"f.76EFC1153EA5792FD1141D4CA15B46A2.d.89395005C82FCF7EF14589457070AC45.e.6747"}]}
RESULT: {"script":"<script> [56 bytes]","args":[{"element-6066-11e4-a52e-4f735466cecf":"f.76EFC1153EA5792FD1141D4CA15B46A2.d.89395005C82FCF7EF14589457070AC45.e.6747","ELEMENT":"f.76EFC1153EA5792FD1141D4CA15B46A2.d.89395005C82FCF7EF14589457070AC45.e.6747"}]}
COMMAND: GET /session/b6c10327e85db8e4472cf13987b22354/element/f.76EFC1153EA5792FD1141D4CA15B46A2.d.89395005C82FCF7EF14589457070AC45.e.6746/attribute/aria-checked - {}
COMMAND: GET /session/b6c10327e85db8e4472cf13987b22354/screenshot - {}
RESULT: {}
COMMAND: POST /session/b6c10327e85db8e4472cf13987b22354/element - {"using":"xpath","value":"//table[contains(@id, \"listView-innerSelectionPanelTable-listUl\")]/tbody/tr[25]/td[2]/div/div"}
RESULT: {}
RESULT: {"using":"xpath","value":"//table[contains(@id, \"listView-innerSelectionPanelTable-listUl\")]/tbody/tr[25]/td[2]/div/div"}
COMMAND: POST /session/b6c10327e85db8e4472cf13987b22354/element - {"using":"xpath","value":"//table[contains(@id, \"listView-innerSelectionPanelTable-listUl\")]/tbody/tr[25]/td[2]/div"}
RESULT: {"using":"xpath","value":"//table[contains(@id, \"listView-innerSelectionPanelTable-listUl\")]/tbody/tr[25]/td[2]/div"}
COMMAND: POST /session/b6c10327e85db8e4472cf13987b22354/element - {"using":"xpath","value":"//table[contains(@id, \"listView-innerSelectionPanelTable-listUl\")]/tbody/tr[25]/td[3]/div/div/span/span[1]/bdi"}
RESULT: {"using":"xpath","value":"//table[contains(@id, \"listView-innerSelectionPanelTable-listUl\")]/tbody/tr[25]/td[3]/div/div/span/span[1]/bdi"}
COMMAND: POST /session/b6c10327e85db8e4472cf13987b22354/execute/sync - {"script":"<script> [56 bytes]","args":[{"element-6066-11e4-a52e-4f735466cecf":"f.76EFC1153EA5792FD1141D4CA15B46A2.d.89395005C82FCF7EF14589457070AC45.e.6750","ELEMENT":"f.76EFC1153EA5792FD1141D4CA15B46A2.d.89395005C82FCF7EF14589457070AC45.e.6750"}]}
RESULT: {"script":"<script> [56 bytes]","args":[{"element-6066-11e4-a52e-4f735466cecf":"f.76EFC1153EA5792FD1141D4CA15B46A2.d.89395005C82FCF7EF14589457070AC45.e.6750","ELEMENT":"f.76EFC1153EA5792FD1141D4CA15B46A2.d.89395005C82FCF7EF14589457070AC45.e.6750"}]}
COMMAND: GET /session/b6c10327e85db8e4472cf13987b22354/element/f.76EFC1153EA5792FD1141D4CA15B46A2.d.89395005C82FCF7EF14589457070AC45.e.6749/attribute/aria-checked - {}
COMMAND: GET /session/b6c10327e85db8e4472cf13987b22354/screenshot - {}
RESULT: {}
COMMAND: POST /session/b6c10327e85db8e4472cf13987b22354/element - {"using":"xpath","value":"//bdi[contains(text(), \"OK\")]"}
RESULT: {}
RESULT: {"using":"xpath","value":"//bdi[contains(text(), \"OK\")]"}
COMMAND: POST /session/b6c10327e85db8e4472cf13987b22354/element/f.76EFC1153EA5792FD1141D4CA15B46A2.d.89395005C82FCF7EF14589457070AC45.e.6751/click - {}
RESULT: {}
COMMAND: GET /session/b6c10327e85db8e4472cf13987b22354/screenshot - {}
RESULT: {}
COMMAND: POST /session/b6c10327e85db8e4472cf13987b22354/execute/async - {"script":"<script> [1562 bytes]","args":[{"selector":{"id":"application-managepartners-display-component---masterPtm--smartFilterBar-filterItemControlA_-LINK_TO_ADDRESSES_MAIN.ID-vhi"},"wdio_ui5_key":"applicationmanagepartners-display-component---masterPtm--smartFilterBar-filterItemControlA_-LINK_TO_ADDRESSES_MAIN.ID-vhi"}]}
RESULT: {"script":"<script> [1562 bytes]","args":[{"selector":{"id":"application-managepartners-display-component---masterPtm--smartFilterBar-filterItemControlA_-LINK_TO_ADDRESSES_MAIN.ID-vhi"},"wdio_ui5_key":"applicationmanagepartners-display-component---masterPtm--smartFilterBar-filterItemControlA_-LINK_TO_ADDRESSES_MAIN.ID-vhi"}]}
RESULT: undefined
COMMAND: POST /session/b6c10327e85db8e4472cf13987b22354/element - {"using":"xpath","value":"//*[@id=\"application-managepartners-display-component---masterPtm--smartFilterBar-filterItemControlA_-LINK_TO_ADDRESSES_MAIN.ID-vhi\"]"}
RESULT: {"using":"xpath","value":"//*[@id=\"application-managepartners-display-component---masterPtm--smartFilterBar-filterItemControlA_-LINK_TO_ADDRESSES_MAIN.ID-vhi\"]"}
COMMAND: POST /session/b6c10327e85db8e4472cf13987b22354/element/f.76EFC1153EA5792FD1141D4CA15B46A2.d.89395005C82FCF7EF14589457070AC45.e.6764/click - {}
RESULT: {}
COMMAND: GET /session/b6c10327e85db8e4472cf13987b22354/screenshot - {}
RESULT: {}
COMMAND: POST /session/b6c10327e85db8e4472cf13987b22354/element - {"using":"xpath","value":"//div[input[@value=\"contains\"]]//span[contains(@id, \"arrow\")]"}
RESULT: {"using":"xpath","value":"//div[input[@value=\"contains\"]]//span[contains(@id, \"arrow\")]"}
COMMAND: POST /session/b6c10327e85db8e4472cf13987b22354/element/f.76EFC1153EA5792FD1141D4CA15B46A2.d.89395005C82FCF7EF14589457070AC45.e.6769/click - {}
RESULT: {}
COMMAND: GET /session/b6c10327e85db8e4472cf13987b22354/screenshot - {}
RESULT: {}
COMMAND: POST /session/b6c10327e85db8e4472cf13987b22354/element - {"using":"xpath","value":"//li[.//span[text()='equal to']]"}
RESULT: {"using":"xpath","value":"//li[.//span[text()='equal to']]"}
COMMAND: POST /session/b6c10327e85db8e4472cf13987b22354/element/f.76EFC1153EA5792FD1141D4CA15B46A2.d.89395005C82FCF7EF14589457070AC45.e.6770/click - {}
RESULT: {}
COMMAND: GET /session/b6c10327e85db8e4472cf13987b22354/screenshot - {}
RESULT: {}
RESULT: undefined
COMMAND: POST /session/b6c10327e85db8e4472cf13987b22354/execute/async - {"script":"<script> [776 bytes]","args":[{"enterText":"1006","selector":{"controlType":"sap.m.Input","viewName":"etm.portal.ui.managepartners.view.Master","viewId":"application-managepartners-display-component---masterPtm","properties":{"valueState":"None"},"searchOpenDialogs":true,"interaction":{"idSuffix":"inner"}},"clearTextFirst":true,"interactionType":"ENTER_TEXT"}]}
RESULT: {"script":"<script> [776 bytes]","args":[{"enterText":"1006","selector":{"controlType":"sap.m.Input","viewName":"etm.portal.ui.managepartners.view.Master","viewId":"application-managepartners-display-component---masterPtm","properties":{"valueState":"None"},"searchOpenDialogs":true,"interaction":{"idSuffix":"inner"}},"clearTextFirst":true,"interactionType":"ENTER_TEXT"}]}
COMMAND: POST /session/b6c10327e85db8e4472cf13987b22354/actions - {"actions":[{"id":"action22","type":"key","parameters":{},"actions":[{"type":"keyDown","value":"î€‡"},{"type":"pause","duration":10},{"type":"keyUp","value":"î€‡"}]}]}
RESULT: {"actions":[{"id":"action22","type":"key","parameters":{},"actions":[{"type":"keyDown","value":"î€‡"},{"type":"pause","duration":10},{"type":"keyUp","value":"î€‡"}]}]}
COMMAND: GET /session/b6c10327e85db8e4472cf13987b22354/screenshot - {}
RESULT: {}
COMMAND: POST /session/b6c10327e85db8e4472cf13987b22354/element - {"using":"xpath","value":"(//bdi[contains(text(), \"OK\")])[1]"}
RESULT: {"using":"xpath","value":"(//bdi[contains(text(), \"OK\")])[1]"}
COMMAND: POST /session/b6c10327e85db8e4472cf13987b22354/element/f.76EFC1153EA5792FD1141D4CA15B46A2.d.89395005C82FCF7EF14589457070AC45.e.6771/click - {}
RESULT: {}
COMMAND: GET /session/b6c10327e85db8e4472cf13987b22354/screenshot - {}
RESULT: {}
COMMAND: POST /session/b6c10327e85db8e4472cf13987b22354/element - {"using":"xpath","value":"//span[@id=\"application-managepartners-display-component---masterPtm--smartTable-header-inner\"]"}
RESULT: {"using":"xpath","value":"//span[@id=\"application-managepartners-display-component---masterPtm--smartTable-header-inner\"]"}
COMMAND: POST /session/b6c10327e85db8e4472cf13987b22354/elements - {"using":"xpath","value":"//span[@id=\"application-managepartners-display-component---masterPtm--smartTable-header-inner\"]"}
RESULT: {"using":"xpath","value":"//span[@id=\"application-managepartners-display-component---masterPtm--smartTable-header-inner\"]"}
COMMAND: POST /session/b6c10327e85db8e4472cf13987b22354/execute/sync - {"script":"<script> [56 bytes]","args":[{"element-6066-11e4-a52e-4f735466cecf":"f.76EFC1153EA5792FD1141D4CA15B46A2.d.89395005C82FCF7EF14589457070AC45.e.6609","ELEMENT":"f.76EFC1153EA5792FD1141D4CA15B46A2.d.89395005C82FCF7EF14589457070AC45.e.6609"}]}
RESULT: {"script":"<script> [56 bytes]","args":[{"element-6066-11e4-a52e-4f735466cecf":"f.76EFC1153EA5792FD1141D4CA15B46A2.d.89395005C82FCF7EF14589457070AC45.e.6609","ELEMENT":"f.76EFC1153EA5792FD1141D4CA15B46A2.d.89395005C82FCF7EF14589457070AC45.e.6609"}]}
COMMAND: POST /session/b6c10327e85db8e4472cf13987b22354/element - {"using":"xpath","value":"//span[contains(@title, \"Remove\")]"}
COMMAND: GET /session/b6c10327e85db8e4472cf13987b22354/screenshot - {}
RESULT: {"using":"xpath","value":"//span[contains(@title, \"Remove\")]"}
COMMAND: POST /session/b6c10327e85db8e4472cf13987b22354/element/f.76EFC1153EA5792FD1141D4CA15B46A2.d.89395005C82FCF7EF14589457070AC45.e.6775/click - {}
RESULT: {}
RESULT: {}
COMMAND: GET /session/b6c10327e85db8e4472cf13987b22354/screenshot - {}
RESULT: {}
RESULT: undefined
COMMAND: POST /session/b6c10327e85db8e4472cf13987b22354/element - {"using":"xpath","value":"//*[@id=\"application-managepartners-display-component---masterPtm--smartFilterBar-filterItemControl_BASIC-YARD-vhi\"]"}
RESULT: {"using":"xpath","value":"//*[@id=\"application-managepartners-display-component---masterPtm--smartFilterBar-filterItemControl_BASIC-YARD-vhi\"]"}
COMMAND: POST /session/b6c10327e85db8e4472cf13987b22354/element/f.76EFC1153EA5792FD1141D4CA15B46A2.d.89395005C82FCF7EF14589457070AC45.e.6832/click - {}
RESULT: {}
COMMAND: GET /session/b6c10327e85db8e4472cf13987b22354/screenshot - {}
RESULT: {}
RESULT: undefined
COMMAND: POST /session/b6c10327e85db8e4472cf13987b22354/execute/async - {"script":"<script> [776 bytes]","args":[{"enterText":"Test","selector":{"id":"application-managepartners-display-component---masterPtm--smartFilterBar-filterItemControl_BASIC-YARD-valueHelpDialog-smartFilterBar-btnBasicSearch","searchOpenDialogs":true,"interaction":{"idSuffix":"I"}},"clearTextFirst":true,"interactionType":"ENTER_TEXT"}]}
RESULT: {"script":"<script> [776 bytes]","args":[{"enterText":"Test","selector":{"id":"application-managepartners-display-component---masterPtm--smartFilterBar-filterItemControl_BASIC-YARD-valueHelpDialog-smartFilterBar-btnBasicSearch","searchOpenDialogs":true,"interaction":{"idSuffix":"I"}},"clearTextFirst":true,"interactionType":"ENTER_TEXT"}]}
COMMAND: POST /session/b6c10327e85db8e4472cf13987b22354/actions - {"actions":[{"id":"action23","type":"key","parameters":{},"actions":[{"type":"keyDown","value":"î€‡"},{"type":"pause","duration":10},{"type":"keyUp","value":"î€‡"}]}]}
RESULT: {"actions":[{"id":"action23","type":"key","parameters":{},"actions":[{"type":"keyDown","value":"î€‡"},{"type":"pause","duration":10},{"type":"keyUp","value":"î€‡"}]}]}
COMMAND: POST /session/b6c10327e85db8e4472cf13987b22354/elements - {"using":"xpath","value":"//table[contains(@id, \"smartFilterBar-filterItemControl_BASIC-YARD-valueHelpDialog-table-table\")]/tbody/tr"}
COMMAND: GET /session/b6c10327e85db8e4472cf13987b22354/screenshot - {}
RESULT: {"using":"xpath","value":"//table[contains(@id, \"smartFilterBar-filterItemControl_BASIC-YARD-valueHelpDialog-table-table\")]/tbody/tr"}
COMMAND: POST /session/b6c10327e85db8e4472cf13987b22354/element - {"using":"xpath","value":"//table[contains(@id, \"smartFilterBar-filterItemControl_BASIC-YARD-valueHelpDialog-table-table\")]/tbody/tr[1]/td[1]/div/span"}
RESULT: {}
RESULT: {"using":"xpath","value":"//table[contains(@id, \"smartFilterBar-filterItemControl_BASIC-YARD-valueHelpDialog-table-table\")]/tbody/tr[1]/td[1]/div/span"}
COMMAND: POST /session/b6c10327e85db8e4472cf13987b22354/elements - {"using":"xpath","value":"//table[contains(@id, \"smartFilterBar-filterItemControl_BASIC-YARD-valueHelpDialog-table-table\")]/tbody/tr[1]/td[1]/div/span"}
RESULT: {"using":"xpath","value":"//table[contains(@id, \"smartFilterBar-filterItemControl_BASIC-YARD-valueHelpDialog-table-table\")]/tbody/tr[1]/td[1]/div/span"}
COMMAND: POST /session/b6c10327e85db8e4472cf13987b22354/execute/sync - {"script":"<script> [56 bytes]","args":[{"element-6066-11e4-a52e-4f735466cecf":"f.76EFC1153EA5792FD1141D4CA15B46A2.d.89395005C82FCF7EF14589457070AC45.e.6851","ELEMENT":"f.76EFC1153EA5792FD1141D4CA15B46A2.d.89395005C82FCF7EF14589457070AC45.e.6851"}]}
RESULT: {"script":"<script> [56 bytes]","args":[{"element-6066-11e4-a52e-4f735466cecf":"f.76EFC1153EA5792FD1141D4CA15B46A2.d.89395005C82FCF7EF14589457070AC45.e.6851","ELEMENT":"f.76EFC1153EA5792FD1141D4CA15B46A2.d.89395005C82FCF7EF14589457070AC45.e.6851"}]}
COMMAND: POST /session/b6c10327e85db8e4472cf13987b22354/element - {"using":"xpath","value":"//table[contains(@id, \"smartFilterBar-filterItemControl_BASIC-YARD-valueHelpDialog-table-table\")]/tbody/tr[2]/td[1]/div/span"}
COMMAND: GET /session/b6c10327e85db8e4472cf13987b22354/screenshot - {}
RESULT: {"using":"xpath","value":"//table[contains(@id, \"smartFilterBar-filterItemControl_BASIC-YARD-valueHelpDialog-table-table\")]/tbody/tr[2]/td[1]/div/span"}
COMMAND: POST /session/b6c10327e85db8e4472cf13987b22354/elements - {"using":"xpath","value":"//table[contains(@id, \"smartFilterBar-filterItemControl_BASIC-YARD-valueHelpDialog-table-table\")]/tbody/tr[2]/td[1]/div/span"}
RESULT: {}
RESULT: {"using":"xpath","value":"//table[contains(@id, \"smartFilterBar-filterItemControl_BASIC-YARD-valueHelpDialog-table-table\")]/tbody/tr[2]/td[1]/div/span"}
COMMAND: POST /session/b6c10327e85db8e4472cf13987b22354/execute/sync - {"script":"<script> [56 bytes]","args":[{"element-6066-11e4-a52e-4f735466cecf":"f.76EFC1153EA5792FD1141D4CA15B46A2.d.89395005C82FCF7EF14589457070AC45.e.6852","ELEMENT":"f.76EFC1153EA5792FD1141D4CA15B46A2.d.89395005C82FCF7EF14589457070AC45.e.6852"}]}
RESULT: {"script":"<script> [56 bytes]","args":[{"element-6066-11e4-a52e-4f735466cecf":"f.76EFC1153EA5792FD1141D4CA15B46A2.d.89395005C82FCF7EF14589457070AC45.e.6852","ELEMENT":"f.76EFC1153EA5792FD1141D4CA15B46A2.d.89395005C82FCF7EF14589457070AC45.e.6852"}]}
COMMAND: POST /session/b6c10327e85db8e4472cf13987b22354/element - {"using":"xpath","value":"//table[contains(@id, \"smartFilterBar-filterItemControl_BASIC-YARD-valueHelpDialog-table-table\")]/tbody/tr[3]/td[1]/div/span"}
COMMAND: GET /session/b6c10327e85db8e4472cf13987b22354/screenshot - {}
RESULT: {"using":"xpath","value":"//table[contains(@id, \"smartFilterBar-filterItemControl_BASIC-YARD-valueHelpDialog-table-table\")]/tbody/tr[3]/td[1]/div/span"}
COMMAND: POST /session/b6c10327e85db8e4472cf13987b22354/elements - {"using":"xpath","value":"//table[contains(@id, \"smartFilterBar-filterItemControl_BASIC-YARD-valueHelpDialog-table-table\")]/tbody/tr[3]/td[1]/div/span"}
RESULT: {}
RESULT: {"using":"xpath","value":"//table[contains(@id, \"smartFilterBar-filterItemControl_BASIC-YARD-valueHelpDialog-table-table\")]/tbody/tr[3]/td[1]/div/span"}
COMMAND: POST /session/b6c10327e85db8e4472cf13987b22354/execute/sync - {"script":"<script> [56 bytes]","args":[{"element-6066-11e4-a52e-4f735466cecf":"f.76EFC1153EA5792FD1141D4CA15B46A2.d.89395005C82FCF7EF14589457070AC45.e.6853","ELEMENT":"f.76EFC1153EA5792FD1141D4CA15B46A2.d.89395005C82FCF7EF14589457070AC45.e.6853"}]}
RESULT: {"script":"<script> [56 bytes]","args":[{"element-6066-11e4-a52e-4f735466cecf":"f.76EFC1153EA5792FD1141D4CA15B46A2.d.89395005C82FCF7EF14589457070AC45.e.6853","ELEMENT":"f.76EFC1153EA5792FD1141D4CA15B46A2.d.89395005C82FCF7EF14589457070AC45.e.6853"}]}
COMMAND: POST /session/b6c10327e85db8e4472cf13987b22354/element - {"using":"xpath","value":"//div[contains(@id, \"filterItemControl_BASIC-YARD-valueHelpDialog-table-rowsel2\")]"}
COMMAND: GET /session/b6c10327e85db8e4472cf13987b22354/screenshot - {}
RESULT: {"using":"xpath","value":"//div[contains(@id, \"filterItemControl_BASIC-YARD-valueHelpDialog-table-rowsel2\")]"}
COMMAND: POST /session/b6c10327e85db8e4472cf13987b22354/element/f.76EFC1153EA5792FD1141D4CA15B46A2.d.89395005C82FCF7EF14589457070AC45.e.6854/click - {}
RESULT: {}
RESULT: {}
COMMAND: GET /session/b6c10327e85db8e4472cf13987b22354/screenshot - {}
RESULT: {}
COMMAND: POST /session/b6c10327e85db8e4472cf13987b22354/element - {"using":"xpath","value":"(//bdi[contains(text(), \"OK\")])[1]"}
RESULT: {"using":"xpath","value":"(//bdi[contains(text(), \"OK\")])[1]"}
COMMAND: POST /session/b6c10327e85db8e4472cf13987b22354/element/f.76EFC1153EA5792FD1141D4CA15B46A2.d.89395005C82FCF7EF14589457070AC45.e.6856/click - {}
RESULT: {}
COMMAND: GET /session/b6c10327e85db8e4472cf13987b22354/screenshot - {}
RESULT: {}
COMMAND: POST /session/b6c10327e85db8e4472cf13987b22354/element - {"using":"xpath","value":"//span[@id=\"application-managepartners-display-component---masterPtm--smartTable-header-inner\"]"}
RESULT: {"using":"xpath","value":"//span[@id=\"application-managepartners-display-component---masterPtm--smartTable-header-inner\"]"}
COMMAND: POST /session/b6c10327e85db8e4472cf13987b22354/elements - {"using":"xpath","value":"//span[@id=\"application-managepartners-display-component---masterPtm--smartTable-header-inner\"]"}
RESULT: {"using":"xpath","value":"//span[@id=\"application-managepartners-display-component---masterPtm--smartTable-header-inner\"]"}
COMMAND: POST /session/b6c10327e85db8e4472cf13987b22354/execute/sync - {"script":"<script> [56 bytes]","args":[{"element-6066-11e4-a52e-4f735466cecf":"f.76EFC1153EA5792FD1141D4CA15B46A2.d.89395005C82FCF7EF14589457070AC45.e.6609","ELEMENT":"f.76EFC1153EA5792FD1141D4CA15B46A2.d.89395005C82FCF7EF14589457070AC45.e.6609"}]}
RESULT: {"script":"<script> [56 bytes]","args":[{"element-6066-11e4-a52e-4f735466cecf":"f.76EFC1153EA5792FD1141D4CA15B46A2.d.89395005C82FCF7EF14589457070AC45.e.6609","ELEMENT":"f.76EFC1153EA5792FD1141D4CA15B46A2.d.89395005C82FCF7EF14589457070AC45.e.6609"}]}
COMMAND: POST /session/b6c10327e85db8e4472cf13987b22354/element - {"using":"xpath","value":"//span[contains(@title, \"Remove\")]"}
COMMAND: GET /session/b6c10327e85db8e4472cf13987b22354/screenshot - {}
RESULT: {"using":"xpath","value":"//span[contains(@title, \"Remove\")]"}
COMMAND: POST /session/b6c10327e85db8e4472cf13987b22354/element/f.76EFC1153EA5792FD1141D4CA15B46A2.d.89395005C82FCF7EF14589457070AC45.e.6869/click - {}
RESULT: {}
RESULT: {}
COMMAND: GET /session/b6c10327e85db8e4472cf13987b22354/screenshot - {}
RESULT: {}
RESULT: undefined
COMMAND: POST /session/b6c10327e85db8e4472cf13987b22354/element - {"using":"xpath","value":"//*[@id=\"application-managepartners-display-component---masterPtm--smartFilterBar-filterItemControl_BASIC-MAIN_ADDRESS-vhi\"]"}
RESULT: {"using":"xpath","value":"//*[@id=\"application-managepartners-display-component---masterPtm--smartFilterBar-filterItemControl_BASIC-MAIN_ADDRESS-vhi\"]"}
COMMAND: POST /session/b6c10327e85db8e4472cf13987b22354/element/f.76EFC1153EA5792FD1141D4CA15B46A2.d.89395005C82FCF7EF14589457070AC45.e.6925/click - {}
RESULT: {}
COMMAND: GET /session/b6c10327e85db8e4472cf13987b22354/screenshot - {}
RESULT: {}
RESULT: undefined
COMMAND: POST /session/b6c10327e85db8e4472cf13987b22354/execute/async - {"script":"<script> [776 bytes]","args":[{"enterText":"Romania","selector":{"id":"application-managepartners-display-component---masterPtm--smartFilterBar-filterItemControl_BASIC-MAIN_ADDRESS-valueHelpDialog-smartFilterBar-btnBasicSearch","searchOpenDialogs":true,"interaction":{"idSuffix":"I"}},"clearTextFirst":true,"interactionType":"ENTER_TEXT"}]}
RESULT: {"script":"<script> [776 bytes]","args":[{"enterText":"Romania","selector":{"id":"application-managepartners-display-component---masterPtm--smartFilterBar-filterItemControl_BASIC-MAIN_ADDRESS-valueHelpDialog-smartFilterBar-btnBasicSearch","searchOpenDialogs":true,"interaction":{"idSuffix":"I"}},"clearTextFirst":true,"interactionType":"ENTER_TEXT"}]}
COMMAND: POST /session/b6c10327e85db8e4472cf13987b22354/actions - {"actions":[{"id":"action24","type":"key","parameters":{},"actions":[{"type":"keyDown","value":"î€‡"},{"type":"pause","duration":10},{"type":"keyUp","value":"î€‡"}]}]}
RESULT: {"actions":[{"id":"action24","type":"key","parameters":{},"actions":[{"type":"keyDown","value":"î€‡"},{"type":"pause","duration":10},{"type":"keyUp","value":"î€‡"}]}]}
COMMAND: POST /session/b6c10327e85db8e4472cf13987b22354/elements - {"using":"xpath","value":"//table[contains(@id, \"smartFilterBar-filterItemControl_BASIC-MAIN_ADDRESS-valueHelpDialog-table-table\")]/tbody/tr"}
COMMAND: GET /session/b6c10327e85db8e4472cf13987b22354/screenshot - {}
RESULT: {"using":"xpath","value":"//table[contains(@id, \"smartFilterBar-filterItemControl_BASIC-MAIN_ADDRESS-valueHelpDialog-table-table\")]/tbody/tr"}
COMMAND: POST /session/b6c10327e85db8e4472cf13987b22354/element - {"using":"xpath","value":"//table[contains(@id, \"smartFilterBar-filterItemControl_BASIC-MAIN_ADDRESS-valueHelpDialog-table-table\")]/tbody/tr[1]/td[1]/div/span"}
RESULT: {}
RESULT: {"using":"xpath","value":"//table[contains(@id, \"smartFilterBar-filterItemControl_BASIC-MAIN_ADDRESS-valueHelpDialog-table-table\")]/tbody/tr[1]/td[1]/div/span"}
COMMAND: POST /session/b6c10327e85db8e4472cf13987b22354/elements - {"using":"xpath","value":"//table[contains(@id, \"smartFilterBar-filterItemControl_BASIC-MAIN_ADDRESS-valueHelpDialog-table-table\")]/tbody/tr[1]/td[1]/div/span"}
RESULT: {"using":"xpath","value":"//table[contains(@id, \"smartFilterBar-filterItemControl_BASIC-MAIN_ADDRESS-valueHelpDialog-table-table\")]/tbody/tr[1]/td[1]/div/span"}
COMMAND: POST /session/b6c10327e85db8e4472cf13987b22354/execute/sync - {"script":"<script> [56 bytes]","args":[{"element-6066-11e4-a52e-4f735466cecf":"f.76EFC1153EA5792FD1141D4CA15B46A2.d.89395005C82FCF7EF14589457070AC45.e.6944","ELEMENT":"f.76EFC1153EA5792FD1141D4CA15B46A2.d.89395005C82FCF7EF14589457070AC45.e.6944"}]}
RESULT: {"script":"<script> [56 bytes]","args":[{"element-6066-11e4-a52e-4f735466cecf":"f.76EFC1153EA5792FD1141D4CA15B46A2.d.89395005C82FCF7EF14589457070AC45.e.6944","ELEMENT":"f.76EFC1153EA5792FD1141D4CA15B46A2.d.89395005C82FCF7EF14589457070AC45.e.6944"}]}
COMMAND: POST /session/b6c10327e85db8e4472cf13987b22354/element - {"using":"xpath","value":"//div[contains(@id, \"filterItemControl_BASIC-MAIN_ADDRESS-valueHelpDialog-table-rowsel0\")]"}
COMMAND: GET /session/b6c10327e85db8e4472cf13987b22354/screenshot - {}
RESULT: {"using":"xpath","value":"//div[contains(@id, \"filterItemControl_BASIC-MAIN_ADDRESS-valueHelpDialog-table-rowsel0\")]"}
COMMAND: POST /session/b6c10327e85db8e4472cf13987b22354/element/f.76EFC1153EA5792FD1141D4CA15B46A2.d.89395005C82FCF7EF14589457070AC45.e.6945/click - {}
RESULT: {}
RESULT: {}
COMMAND: GET /session/b6c10327e85db8e4472cf13987b22354/screenshot - {}
RESULT: {}
COMMAND: POST /session/b6c10327e85db8e4472cf13987b22354/element - {"using":"xpath","value":"(//bdi[contains(text(), \"OK\")])[1]"}
RESULT: {"using":"xpath","value":"(//bdi[contains(text(), \"OK\")])[1]"}
COMMAND: POST /session/b6c10327e85db8e4472cf13987b22354/element/f.76EFC1153EA5792FD1141D4CA15B46A2.d.89395005C82FCF7EF14589457070AC45.e.6947/click - {}
RESULT: {}
COMMAND: GET /session/b6c10327e85db8e4472cf13987b22354/screenshot - {}
RESULT: {}
COMMAND: POST /session/b6c10327e85db8e4472cf13987b22354/element - {"using":"xpath","value":"//span[@id=\"application-managepartners-display-component---masterPtm--smartTable-header-inner\"]"}
RESULT: {"using":"xpath","value":"//span[@id=\"application-managepartners-display-component---masterPtm--smartTable-header-inner\"]"}
COMMAND: POST /session/b6c10327e85db8e4472cf13987b22354/elements - {"using":"xpath","value":"//span[@id=\"application-managepartners-display-component---masterPtm--smartTable-header-inner\"]"}
RESULT: {"using":"xpath","value":"//span[@id=\"application-managepartners-display-component---masterPtm--smartTable-header-inner\"]"}
COMMAND: POST /session/b6c10327e85db8e4472cf13987b22354/execute/sync - {"script":"<script> [56 bytes]","args":[{"element-6066-11e4-a52e-4f735466cecf":"f.76EFC1153EA5792FD1141D4CA15B46A2.d.89395005C82FCF7EF14589457070AC45.e.6609","ELEMENT":"f.76EFC1153EA5792FD1141D4CA15B46A2.d.89395005C82FCF7EF14589457070AC45.e.6609"}]}
RESULT: {"script":"<script> [56 bytes]","args":[{"element-6066-11e4-a52e-4f735466cecf":"f.76EFC1153EA5792FD1141D4CA15B46A2.d.89395005C82FCF7EF14589457070AC45.e.6609","ELEMENT":"f.76EFC1153EA5792FD1141D4CA15B46A2.d.89395005C82FCF7EF14589457070AC45.e.6609"}]}
COMMAND: POST /session/b6c10327e85db8e4472cf13987b22354/element - {"using":"xpath","value":"//span[contains(@title, \"Remove\")]"}
COMMAND: GET /session/b6c10327e85db8e4472cf13987b22354/screenshot - {}
RESULT: {"using":"xpath","value":"//span[contains(@title, \"Remove\")]"}
COMMAND: POST /session/b6c10327e85db8e4472cf13987b22354/element/f.76EFC1153EA5792FD1141D4CA15B46A2.d.89395005C82FCF7EF14589457070AC45.e.6959/click - {}
RESULT: {}
RESULT: {}
COMMAND: GET /session/b6c10327e85db8e4472cf13987b22354/screenshot - {}
RESULT: {}
COMMAND: POST /session/b6c10327e85db8e4472cf13987b22354/execute/async - {"script":"<script> [1562 bytes]","args":[{"selector":{"id":"application-managepartners-display-component---masterPtm--catalogs-arrow"},"wdio_ui5_key":"applicationmanagepartners-display-component---masterPtm--catalogs-arrow"}]}
RESULT: {"script":"<script> [1562 bytes]","args":[{"selector":{"id":"application-managepartners-display-component---masterPtm--catalogs-arrow"},"wdio_ui5_key":"applicationmanagepartners-display-component---masterPtm--catalogs-arrow"}]}
RESULT: undefined
COMMAND: POST /session/b6c10327e85db8e4472cf13987b22354/element - {"using":"xpath","value":"//*[@id=\"application-managepartners-display-component---masterPtm--catalogs-arrow\"]"}
RESULT: {"using":"xpath","value":"//*[@id=\"application-managepartners-display-component---masterPtm--catalogs-arrow\"]"}
COMMAND: POST /session/b6c10327e85db8e4472cf13987b22354/element/f.76EFC1153EA5792FD1141D4CA15B46A2.d.89395005C82FCF7EF14589457070AC45.e.7016/click - {}
RESULT: {}
COMMAND: GET /session/b6c10327e85db8e4472cf13987b22354/screenshot - {}
RESULT: {}
COMMAND: POST /session/b6c10327e85db8e4472cf13987b22354/element - {"using":"xpath","value":"//li[.//span[text()=\"Webshop Catalog\"]]//div[contains(@class,\"sapMCbBg\")]"}
RESULT: {"using":"xpath","value":"//li[.//span[text()=\"Webshop Catalog\"]]//div[contains(@class,\"sapMCbBg\")]"}
COMMAND: POST /session/b6c10327e85db8e4472cf13987b22354/element/f.76EFC1153EA5792FD1141D4CA15B46A2.d.89395005C82FCF7EF14589457070AC45.e.7028/click - {}
RESULT: {}
COMMAND: GET /session/b6c10327e85db8e4472cf13987b22354/screenshot - {}
RESULT: {}
RESULT: undefined
COMMAND: POST /session/b6c10327e85db8e4472cf13987b22354/element - {"using":"xpath","value":"//*[@id=\"application-managepartners-display-component---masterPtm--catalogs-arrow\"]"}
RESULT: {"using":"xpath","value":"//*[@id=\"application-managepartners-display-component---masterPtm--catalogs-arrow\"]"}
COMMAND: POST /session/b6c10327e85db8e4472cf13987b22354/element/f.76EFC1153EA5792FD1141D4CA15B46A2.d.89395005C82FCF7EF14589457070AC45.e.7016/click - {}
RESULT: {}
COMMAND: POST /session/b6c10327e85db8e4472cf13987b22354/element - {"using":"xpath","value":"//span[@id=\"application-managepartners-display-component---masterPtm--smartTable-header-inner\"]"}
COMMAND: GET /session/b6c10327e85db8e4472cf13987b22354/screenshot - {}
RESULT: {"using":"xpath","value":"//span[@id=\"application-managepartners-display-component---masterPtm--smartTable-header-inner\"]"}
COMMAND: POST /session/b6c10327e85db8e4472cf13987b22354/elements - {"using":"xpath","value":"//span[@id=\"application-managepartners-display-component---masterPtm--smartTable-header-inner\"]"}
RESULT: {}
RESULT: {"using":"xpath","value":"//span[@id=\"application-managepartners-display-component---masterPtm--smartTable-header-inner\"]"}
COMMAND: POST /session/b6c10327e85db8e4472cf13987b22354/execute/sync - {"script":"<script> [56 bytes]","args":[{"element-6066-11e4-a52e-4f735466cecf":"f.76EFC1153EA5792FD1141D4CA15B46A2.d.89395005C82FCF7EF14589457070AC45.e.6609","ELEMENT":"f.76EFC1153EA5792FD1141D4CA15B46A2.d.89395005C82FCF7EF14589457070AC45.e.6609"}]}
RESULT: {"script":"<script> [56 bytes]","args":[{"element-6066-11e4-a52e-4f735466cecf":"f.76EFC1153EA5792FD1141D4CA15B46A2.d.89395005C82FCF7EF14589457070AC45.e.6609","ELEMENT":"f.76EFC1153EA5792FD1141D4CA15B46A2.d.89395005C82FCF7EF14589457070AC45.e.6609"}]}
COMMAND: POST /session/b6c10327e85db8e4472cf13987b22354/element - {"using":"xpath","value":"//span[contains(@title, \"Remove\")]"}
COMMAND: GET /session/b6c10327e85db8e4472cf13987b22354/screenshot - {}
RESULT: {"using":"xpath","value":"//span[contains(@title, \"Remove\")]"}
COMMAND: POST /session/b6c10327e85db8e4472cf13987b22354/element/f.76EFC1153EA5792FD1141D4CA15B46A2.d.89395005C82FCF7EF14589457070AC45.e.7088/click - {}
RESULT: {}
RESULT: {}
COMMAND: GET /session/b6c10327e85db8e4472cf13987b22354/screenshot - {}
RESULT: {}
COMMAND: POST /session/b6c10327e85db8e4472cf13987b22354/execute/async - {"script":"<script> [1562 bytes]","args":[{"selector":{"id":"application-managepartners-display-component---masterPtm--currencies-arrow"},"wdio_ui5_key":"applicationmanagepartners-display-component---masterPtm--currencies-arrow"}]}
RESULT: {"script":"<script> [1562 bytes]","args":[{"selector":{"id":"application-managepartners-display-component---masterPtm--currencies-arrow"},"wdio_ui5_key":"applicationmanagepartners-display-component---masterPtm--currencies-arrow"}]}
RESULT: undefined
COMMAND: POST /session/b6c10327e85db8e4472cf13987b22354/element - {"using":"xpath","value":"//*[@id=\"application-managepartners-display-component---masterPtm--currencies-arrow\"]"}
RESULT: {"using":"xpath","value":"//*[@id=\"application-managepartners-display-component---masterPtm--currencies-arrow\"]"}
COMMAND: POST /session/b6c10327e85db8e4472cf13987b22354/element/f.76EFC1153EA5792FD1141D4CA15B46A2.d.89395005C82FCF7EF14589457070AC45.e.7151/click - {}
RESULT: {}
COMMAND: GET /session/b6c10327e85db8e4472cf13987b22354/screenshot - {}
RESULT: {}
COMMAND: POST /session/b6c10327e85db8e4472cf13987b22354/element - {"using":"xpath","value":"//li[.//span[text()=\"US Dollar\"]]//div[contains(@class,\"sapMCbBg\")]"}
RESULT: {"using":"xpath","value":"//li[.//span[text()=\"US Dollar\"]]//div[contains(@class,\"sapMCbBg\")]"}
COMMAND: POST /session/b6c10327e85db8e4472cf13987b22354/element/f.76EFC1153EA5792FD1141D4CA15B46A2.d.89395005C82FCF7EF14589457070AC45.e.7154/click - {}
RESULT: {}
COMMAND: GET /session/b6c10327e85db8e4472cf13987b22354/screenshot - {}
RESULT: {}
RESULT: undefined
COMMAND: POST /session/b6c10327e85db8e4472cf13987b22354/element - {"using":"xpath","value":"//*[@id=\"application-managepartners-display-component---masterPtm--currencies-arrow\"]"}
RESULT: {"using":"xpath","value":"//*[@id=\"application-managepartners-display-component---masterPtm--currencies-arrow\"]"}
COMMAND: POST /session/b6c10327e85db8e4472cf13987b22354/element/f.76EFC1153EA5792FD1141D4CA15B46A2.d.89395005C82FCF7EF14589457070AC45.e.7151/click - {}
RESULT: {}
COMMAND: POST /session/b6c10327e85db8e4472cf13987b22354/element - {"using":"xpath","value":"//span[@id=\"application-managepartners-display-component---masterPtm--smartTable-header-inner\"]"}
COMMAND: GET /session/b6c10327e85db8e4472cf13987b22354/screenshot - {}
RESULT: {"using":"xpath","value":"//span[@id=\"application-managepartners-display-component---masterPtm--smartTable-header-inner\"]"}
COMMAND: POST /session/b6c10327e85db8e4472cf13987b22354/elements - {"using":"xpath","value":"//span[@id=\"application-managepartners-display-component---masterPtm--smartTable-header-inner\"]"}
RESULT: {}
RESULT: {"using":"xpath","value":"//span[@id=\"application-managepartners-display-component---masterPtm--smartTable-header-inner\"]"}
COMMAND: POST /session/b6c10327e85db8e4472cf13987b22354/execute/sync - {"script":"<script> [56 bytes]","args":[{"element-6066-11e4-a52e-4f735466cecf":"f.76EFC1153EA5792FD1141D4CA15B46A2.d.89395005C82FCF7EF14589457070AC45.e.6609","ELEMENT":"f.76EFC1153EA5792FD1141D4CA15B46A2.d.89395005C82FCF7EF14589457070AC45.e.6609"}]}
RESULT: {"script":"<script> [56 bytes]","args":[{"element-6066-11e4-a52e-4f735466cecf":"f.76EFC1153EA5792FD1141D4CA15B46A2.d.89395005C82FCF7EF14589457070AC45.e.6609","ELEMENT":"f.76EFC1153EA5792FD1141D4CA15B46A2.d.89395005C82FCF7EF14589457070AC45.e.6609"}]}
COMMAND: POST /session/b6c10327e85db8e4472cf13987b22354/element - {"using":"xpath","value":"//span[contains(@title, \"Remove\")]"}
COMMAND: GET /session/b6c10327e85db8e4472cf13987b22354/screenshot - {}
RESULT: {"using":"xpath","value":"//span[contains(@title, \"Remove\")]"}
COMMAND: POST /session/b6c10327e85db8e4472cf13987b22354/element/f.76EFC1153EA5792FD1141D4CA15B46A2.d.89395005C82FCF7EF14589457070AC45.e.7159/click - {}
RESULT: {}
RESULT: {}
COMMAND: GET /session/b6c10327e85db8e4472cf13987b22354/screenshot - {}
RESULT: {}
COMMAND: POST /session/b6c10327e85db8e4472cf13987b22354/execute/async - {"script":"<script> [1562 bytes]","args":[{"selector":{"id":"application-managepartners-display-component---masterPtm--languages-arrow"},"wdio_ui5_key":"applicationmanagepartners-display-component---masterPtm--languages-arrow"}]}
RESULT: {"script":"<script> [1562 bytes]","args":[{"selector":{"id":"application-managepartners-display-component---masterPtm--languages-arrow"},"wdio_ui5_key":"applicationmanagepartners-display-component---masterPtm--languages-arrow"}]}
RESULT: undefined
COMMAND: POST /session/b6c10327e85db8e4472cf13987b22354/element - {"using":"xpath","value":"//*[@id=\"application-managepartners-display-component---masterPtm--languages-arrow\"]"}
RESULT: {"using":"xpath","value":"//*[@id=\"application-managepartners-display-component---masterPtm--languages-arrow\"]"}
COMMAND: POST /session/b6c10327e85db8e4472cf13987b22354/element/f.76EFC1153EA5792FD1141D4CA15B46A2.d.89395005C82FCF7EF14589457070AC45.e.7213/click - {}
RESULT: {}
COMMAND: GET /session/b6c10327e85db8e4472cf13987b22354/screenshot - {}
RESULT: {}
COMMAND: POST /session/b6c10327e85db8e4472cf13987b22354/element - {"using":"xpath","value":"//li[.//span[text()=\"German\"]]//div[contains(@class,\"sapMCbBg\")]"}
RESULT: {"using":"xpath","value":"//li[.//span[text()=\"German\"]]//div[contains(@class,\"sapMCbBg\")]"}
COMMAND: POST /session/b6c10327e85db8e4472cf13987b22354/element/f.76EFC1153EA5792FD1141D4CA15B46A2.d.89395005C82FCF7EF14589457070AC45.e.7257/click - {}
RESULT: {}
COMMAND: GET /session/b6c10327e85db8e4472cf13987b22354/screenshot - {}
RESULT: {}
RESULT: undefined
COMMAND: POST /session/b6c10327e85db8e4472cf13987b22354/element - {"using":"xpath","value":"//*[@id=\"application-managepartners-display-component---masterPtm--languages-arrow\"]"}
RESULT: {"using":"xpath","value":"//*[@id=\"application-managepartners-display-component---masterPtm--languages-arrow\"]"}
COMMAND: POST /session/b6c10327e85db8e4472cf13987b22354/element/f.76EFC1153EA5792FD1141D4CA15B46A2.d.89395005C82FCF7EF14589457070AC45.e.7213/click - {}
RESULT: {}
COMMAND: POST /session/b6c10327e85db8e4472cf13987b22354/element - {"using":"xpath","value":"//span[@id=\"application-managepartners-display-component---masterPtm--smartTable-header-inner\"]"}
COMMAND: GET /session/b6c10327e85db8e4472cf13987b22354/screenshot - {}
RESULT: {"using":"xpath","value":"//span[@id=\"application-managepartners-display-component---masterPtm--smartTable-header-inner\"]"}
COMMAND: POST /session/b6c10327e85db8e4472cf13987b22354/elements - {"using":"xpath","value":"//span[@id=\"application-managepartners-display-component---masterPtm--smartTable-header-inner\"]"}
RESULT: {}
RESULT: {"using":"xpath","value":"//span[@id=\"application-managepartners-display-component---masterPtm--smartTable-header-inner\"]"}
COMMAND: POST /session/b6c10327e85db8e4472cf13987b22354/execute/sync - {"script":"<script> [56 bytes]","args":[{"element-6066-11e4-a52e-4f735466cecf":"f.76EFC1153EA5792FD1141D4CA15B46A2.d.89395005C82FCF7EF14589457070AC45.e.6609","ELEMENT":"f.76EFC1153EA5792FD1141D4CA15B46A2.d.89395005C82FCF7EF14589457070AC45.e.6609"}]}
RESULT: {"script":"<script> [56 bytes]","args":[{"element-6066-11e4-a52e-4f735466cecf":"f.76EFC1153EA5792FD1141D4CA15B46A2.d.89395005C82FCF7EF14589457070AC45.e.6609","ELEMENT":"f.76EFC1153EA5792FD1141D4CA15B46A2.d.89395005C82FCF7EF14589457070AC45.e.6609"}]}
COMMAND: POST /session/b6c10327e85db8e4472cf13987b22354/element - {"using":"css selector","value":"#shell-header-logo"}
COMMAND: GET /session/b6c10327e85db8e4472cf13987b22354/screenshot - {}
RESULT: {"using":"css selector","value":"#shell-header-logo"}
COMMAND: POST /session/b6c10327e85db8e4472cf13987b22354/element/f.76EFC1153EA5792FD1141D4CA15B46A2.d.89395005C82FCF7EF14589457070AC45.e.6486/click - {}
RESULT: {}
RESULT: {}
COMMAND: GET /session/b6c10327e85db8e4472cf13987b22354/screenshot - {}
RESULT: {}
]]></system-out>
    </testcase>
    <testcase classname="chrome.137_0_7151_69.windows.Partner_specific_tests_US150819_US151080_US151654_US151176_US103444_US151078_US151079_US151109_US151174_US151175_US151189" name="Should add a new Business Partner role same role US151541" time="75.032">
      <system-out><![CDATA[
COMMAND: POST /session/b6c10327e85db8e4472cf13987b22354/execute/async - {"script":"<script> [1562 bytes]","args":[{"selector":{"controlType":"sap.m.GenericTile","properties":{"header":"Data Explorer"}},"wdio_ui5_key":"sapm.GenericTile{\"header\":\"Data Explorer\"}"}]}
RESULT: {"script":"<script> [1562 bytes]","args":[{"selector":{"controlType":"sap.m.GenericTile","properties":{"header":"Data Explorer"}},"wdio_ui5_key":"sapm.GenericTile{\"header\":\"Data Explorer\"}"}]}
RESULT: undefined
COMMAND: POST /session/b6c10327e85db8e4472cf13987b22354/element - {"using":"xpath","value":"//*[@id=\"__tile119\"]"}
RESULT: {"using":"xpath","value":"//*[@id=\"__tile119\"]"}
COMMAND: POST /session/b6c10327e85db8e4472cf13987b22354/element/f.76EFC1153EA5792FD1141D4CA15B46A2.d.89395005C82FCF7EF14589457070AC45.e.7323/click - {}
RESULT: {}
COMMAND: GET /session/b6c10327e85db8e4472cf13987b22354/screenshot - {}
RESULT: {}
COMMAND: POST /session/b6c10327e85db8e4472cf13987b22354/elements - {"using":"xpath","value":"//span[text()='Error']"}
RESULT: {"using":"xpath","value":"//span[text()='Error']"}
COMMAND: POST /session/b6c10327e85db8e4472cf13987b22354/window/fullscreen - {}
RESULT: {}
COMMAND: POST /session/b6c10327e85db8e4472cf13987b22354/element - {"using":"xpath","value":"//input[@id=\"application-businessconfigurations-display-component---masterBusinessConfigurations--smartFilterBar-btnBasicSearch-I\"]"}
RESULT: {"using":"xpath","value":"//input[@id=\"application-businessconfigurations-display-component---masterBusinessConfigurations--smartFilterBar-btnBasicSearch-I\"]"}
COMMAND: POST /session/b6c10327e85db8e4472cf13987b22354/elements - {"using":"xpath","value":"//input[@id=\"application-businessconfigurations-display-component---masterBusinessConfigurations--smartFilterBar-btnBasicSearch-I\"]"}
RESULT: {"using":"xpath","value":"//input[@id=\"application-businessconfigurations-display-component---masterBusinessConfigurations--smartFilterBar-btnBasicSearch-I\"]"}
COMMAND: POST /session/b6c10327e85db8e4472cf13987b22354/execute/sync - {"script":"<script> [8489 bytes]","args":[{"element-6066-11e4-a52e-4f735466cecf":"f.76EFC1153EA5792FD1141D4CA15B46A2.d.89395005C82FCF7EF14589457070AC45.e.7342","ELEMENT":"f.76EFC1153EA5792FD1141D4CA15B46A2.d.89395005C82FCF7EF14589457070AC45.e.7342"}]}
RESULT: {"script":"<script> [8489 bytes]","args":[{"element-6066-11e4-a52e-4f735466cecf":"f.76EFC1153EA5792FD1141D4CA15B46A2.d.89395005C82FCF7EF14589457070AC45.e.7342","ELEMENT":"f.76EFC1153EA5792FD1141D4CA15B46A2.d.89395005C82FCF7EF14589457070AC45.e.7342"}]}
COMMAND: GET /session/b6c10327e85db8e4472cf13987b22354/element/f.76EFC1153EA5792FD1141D4CA15B46A2.d.89395005C82FCF7EF14589457070AC45.e.7342/enabled - {}
COMMAND: GET /session/b6c10327e85db8e4472cf13987b22354/screenshot - {}
RESULT: {}
COMMAND: POST /session/b6c10327e85db8e4472cf13987b22354/execute/sync - {"script":"<script> [8489 bytes]","args":[{"element-6066-11e4-a52e-4f735466cecf":"f.76EFC1153EA5792FD1141D4CA15B46A2.d.89395005C82FCF7EF14589457070AC45.e.7342","ELEMENT":"f.76EFC1153EA5792FD1141D4CA15B46A2.d.89395005C82FCF7EF14589457070AC45.e.7342"}]}
COMMAND: GET /session/b6c10327e85db8e4472cf13987b22354/screenshot - {}
RESULT: {}
RESULT: {}
RESULT: {"script":"<script> [8489 bytes]","args":[{"element-6066-11e4-a52e-4f735466cecf":"f.76EFC1153EA5792FD1141D4CA15B46A2.d.89395005C82FCF7EF14589457070AC45.e.7342","ELEMENT":"f.76EFC1153EA5792FD1141D4CA15B46A2.d.89395005C82FCF7EF14589457070AC45.e.7342"}]}
COMMAND: POST /session/b6c10327e85db8e4472cf13987b22354/execute/sync - {"script":"<script> [5351 bytes]","args":[{"element-6066-11e4-a52e-4f735466cecf":"f.76EFC1153EA5792FD1141D4CA15B46A2.d.89395005C82FCF7EF14589457070AC45.e.7342","ELEMENT":"f.76EFC1153EA5792FD1141D4CA15B46A2.d.89395005C82FCF7EF14589457070AC45.e.7342"}]}
COMMAND: GET /session/b6c10327e85db8e4472cf13987b22354/screenshot - {}
RESULT: {"script":"<script> [5351 bytes]","args":[{"element-6066-11e4-a52e-4f735466cecf":"f.76EFC1153EA5792FD1141D4CA15B46A2.d.89395005C82FCF7EF14589457070AC45.e.7342","ELEMENT":"f.76EFC1153EA5792FD1141D4CA15B46A2.d.89395005C82FCF7EF14589457070AC45.e.7342"}]}
COMMAND: GET /session/b6c10327e85db8e4472cf13987b22354/screenshot - {}
RESULT: {}
RESULT: {}
COMMAND: POST /session/b6c10327e85db8e4472cf13987b22354/element - {"using":"xpath","value":"//span[@id=\"application-businessconfigurations-display-component---masterBusinessConfigurations--masterListDataExplorerSmartTable-header-inner\"]"}
RESULT: {"using":"xpath","value":"//span[@id=\"application-businessconfigurations-display-component---masterBusinessConfigurations--masterListDataExplorerSmartTable-header-inner\"]"}
COMMAND: POST /session/b6c10327e85db8e4472cf13987b22354/elements - {"using":"xpath","value":"//span[@id=\"application-businessconfigurations-display-component---masterBusinessConfigurations--masterListDataExplorerSmartTable-header-inner\"]"}
RESULT: {"using":"xpath","value":"//span[@id=\"application-businessconfigurations-display-component---masterBusinessConfigurations--masterListDataExplorerSmartTable-header-inner\"]"}
COMMAND: POST /session/b6c10327e85db8e4472cf13987b22354/execute/sync - {"script":"<script> [56 bytes]","args":[{"element-6066-11e4-a52e-4f735466cecf":"f.76EFC1153EA5792FD1141D4CA15B46A2.d.89395005C82FCF7EF14589457070AC45.e.7480","ELEMENT":"f.76EFC1153EA5792FD1141D4CA15B46A2.d.89395005C82FCF7EF14589457070AC45.e.7480"}]}
RESULT: {"script":"<script> [56 bytes]","args":[{"element-6066-11e4-a52e-4f735466cecf":"f.76EFC1153EA5792FD1141D4CA15B46A2.d.89395005C82FCF7EF14589457070AC45.e.7480","ELEMENT":"f.76EFC1153EA5792FD1141D4CA15B46A2.d.89395005C82FCF7EF14589457070AC45.e.7480"}]}
COMMAND: POST /session/b6c10327e85db8e4472cf13987b22354/element/f.76EFC1153EA5792FD1141D4CA15B46A2.d.89395005C82FCF7EF14589457070AC45.e.7342/clear - {}
COMMAND: GET /session/b6c10327e85db8e4472cf13987b22354/screenshot - {}
RESULT: {}
COMMAND: POST /session/b6c10327e85db8e4472cf13987b22354/element/f.76EFC1153EA5792FD1141D4CA15B46A2.d.89395005C82FCF7EF14589457070AC45.e.7342/value - {"text":"NETM_C_BUSINESS_PARTNER_ROLES"}
COMMAND: GET /session/b6c10327e85db8e4472cf13987b22354/screenshot - {}
RESULT: {}
RESULT: {"text":"NETM_C_BUSINESS_PARTNER_ROLES"}
COMMAND: GET /session/b6c10327e85db8e4472cf13987b22354/screenshot - {}
RESULT: {}
RESULT: {}
COMMAND: POST /session/b6c10327e85db8e4472cf13987b22354/actions - {"actions":[{"id":"action25","type":"key","parameters":{},"actions":[{"type":"keyDown","value":"î€‡"},{"type":"pause","duration":10},{"type":"keyUp","value":"î€‡"}]}]}
RESULT: {"actions":[{"id":"action25","type":"key","parameters":{},"actions":[{"type":"keyDown","value":"î€‡"},{"type":"pause","duration":10},{"type":"keyUp","value":"î€‡"}]}]}
COMMAND: GET /session/b6c10327e85db8e4472cf13987b22354/screenshot - {}
RESULT: {}
COMMAND: POST /session/b6c10327e85db8e4472cf13987b22354/elements - {"using":"xpath","value":"//table[contains(@id, \"masterListDataExplorerTable-listUl\")]/tbody/tr"}
RESULT: {"using":"xpath","value":"//table[contains(@id, \"masterListDataExplorerTable-listUl\")]/tbody/tr"}
COMMAND: POST /session/b6c10327e85db8e4472cf13987b22354/element - {"using":"xpath","value":"//table[contains(@id, \"masterListDataExplorerTable-listUl\")]/tbody/tr[2]/td[4]/span"}
RESULT: {"using":"xpath","value":"//table[contains(@id, \"masterListDataExplorerTable-listUl\")]/tbody/tr[2]/td[4]/span"}
COMMAND: POST /session/b6c10327e85db8e4472cf13987b22354/elements - {"using":"xpath","value":"//table[contains(@id, \"masterListDataExplorerTable-listUl\")]/tbody/tr[2]/td[4]/span"}
RESULT: {"using":"xpath","value":"//table[contains(@id, \"masterListDataExplorerTable-listUl\")]/tbody/tr[2]/td[4]/span"}
COMMAND: POST /session/b6c10327e85db8e4472cf13987b22354/execute/sync - {"script":"<script> [56 bytes]","args":[{"element-6066-11e4-a52e-4f735466cecf":"f.76EFC1153EA5792FD1141D4CA15B46A2.d.89395005C82FCF7EF14589457070AC45.e.7507","ELEMENT":"f.76EFC1153EA5792FD1141D4CA15B46A2.d.89395005C82FCF7EF14589457070AC45.e.7507"}]}
RESULT: {"script":"<script> [56 bytes]","args":[{"element-6066-11e4-a52e-4f735466cecf":"f.76EFC1153EA5792FD1141D4CA15B46A2.d.89395005C82FCF7EF14589457070AC45.e.7507","ELEMENT":"f.76EFC1153EA5792FD1141D4CA15B46A2.d.89395005C82FCF7EF14589457070AC45.e.7507"}]}
COMMAND: POST /session/b6c10327e85db8e4472cf13987b22354/element - {"using":"xpath","value":"(//span[contains(@id, \"imgNav\")])[1]"}
COMMAND: GET /session/b6c10327e85db8e4472cf13987b22354/screenshot - {}
RESULT: {"using":"xpath","value":"(//span[contains(@id, \"imgNav\")])[1]"}
COMMAND: POST /session/b6c10327e85db8e4472cf13987b22354/element/f.76EFC1153EA5792FD1141D4CA15B46A2.d.89395005C82FCF7EF14589457070AC45.e.7508/click - {}
RESULT: {}
RESULT: {}
COMMAND: GET /session/b6c10327e85db8e4472cf13987b22354/screenshot - {}
RESULT: {}
COMMAND: POST /session/b6c10327e85db8e4472cf13987b22354/element - {"using":"xpath","value":"//bdi[contains(text(), \"Edit\")]"}
RESULT: {"using":"xpath","value":"//bdi[contains(text(), \"Edit\")]"}
COMMAND: POST /session/b6c10327e85db8e4472cf13987b22354/element/f.76EFC1153EA5792FD1141D4CA15B46A2.d.89395005C82FCF7EF14589457070AC45.e.7626/click - {}
RESULT: {}
COMMAND: GET /session/b6c10327e85db8e4472cf13987b22354/screenshot - {}
RESULT: {}
COMMAND: POST /session/b6c10327e85db8e4472cf13987b22354/element - {"using":"xpath","value":"//button[contains(@id, \"detailBusinessConfigurations--addButton\")]"}
RESULT: {"using":"xpath","value":"//button[contains(@id, \"detailBusinessConfigurations--addButton\")]"}
COMMAND: POST /session/b6c10327e85db8e4472cf13987b22354/element/f.76EFC1153EA5792FD1141D4CA15B46A2.d.89395005C82FCF7EF14589457070AC45.e.7635/click - {}
RESULT: {}
COMMAND: GET /session/b6c10327e85db8e4472cf13987b22354/screenshot - {}
RESULT: {}
COMMAND: POST /session/b6c10327e85db8e4472cf13987b22354/elements - {"using":"xpath","value":"//table[contains(@id, \"detailBusinessConfigurations--detailsTable-listUl\")]/tbody/tr"}
RESULT: {"using":"xpath","value":"//table[contains(@id, \"detailBusinessConfigurations--detailsTable-listUl\")]/tbody/tr"}
COMMAND: POST /session/b6c10327e85db8e4472cf13987b22354/element - {"using":"xpath","value":"//table[contains(@id, \"detailBusinessConfigurations--detailsTable-listUl\")]/tbody/tr[1]/td[3]/div/div/div/div/input"}
RESULT: {"using":"xpath","value":"//table[contains(@id, \"detailBusinessConfigurations--detailsTable-listUl\")]/tbody/tr[1]/td[3]/div/div/div/div/input"}
COMMAND: POST /session/b6c10327e85db8e4472cf13987b22354/element/f.76EFC1153EA5792FD1141D4CA15B46A2.d.89395005C82FCF7EF14589457070AC45.e.7638/clear - {}
RESULT: {}
COMMAND: POST /session/b6c10327e85db8e4472cf13987b22354/element/f.76EFC1153EA5792FD1141D4CA15B46A2.d.89395005C82FCF7EF14589457070AC45.e.7638/value - {"text":"WebDriver Testy"}
COMMAND: GET /session/b6c10327e85db8e4472cf13987b22354/screenshot - {}
RESULT: {"text":"WebDriver Testy"}
COMMAND: GET /session/b6c10327e85db8e4472cf13987b22354/screenshot - {}
RESULT: {}
RESULT: {}
COMMAND: POST /session/b6c10327e85db8e4472cf13987b22354/element - {"using":"xpath","value":"//button[contains(@id, \"detailBusinessConfigurations--addButton\")]"}
RESULT: {"using":"xpath","value":"//button[contains(@id, \"detailBusinessConfigurations--addButton\")]"}
COMMAND: POST /session/b6c10327e85db8e4472cf13987b22354/element/f.76EFC1153EA5792FD1141D4CA15B46A2.d.89395005C82FCF7EF14589457070AC45.e.7635/click - {}
RESULT: {}
COMMAND: GET /session/b6c10327e85db8e4472cf13987b22354/screenshot - {}
RESULT: {}
COMMAND: POST /session/b6c10327e85db8e4472cf13987b22354/element - {"using":"xpath","value":"//table[contains(@id, \"detailBusinessConfigurations--detailsTable-listUl\")]/tbody/tr[1]/td[3]/div/div/div/div/input"}
RESULT: {"using":"xpath","value":"//table[contains(@id, \"detailBusinessConfigurations--detailsTable-listUl\")]/tbody/tr[1]/td[3]/div/div/div/div/input"}
COMMAND: POST /session/b6c10327e85db8e4472cf13987b22354/element/f.76EFC1153EA5792FD1141D4CA15B46A2.d.89395005C82FCF7EF14589457070AC45.e.7651/clear - {}
RESULT: {}
COMMAND: POST /session/b6c10327e85db8e4472cf13987b22354/element/f.76EFC1153EA5792FD1141D4CA15B46A2.d.89395005C82FCF7EF14589457070AC45.e.7651/value - {"text":"WebDriver Testy"}
COMMAND: GET /session/b6c10327e85db8e4472cf13987b22354/screenshot - {}
RESULT: {"text":"WebDriver Testy"}
COMMAND: GET /session/b6c10327e85db8e4472cf13987b22354/screenshot - {}
RESULT: {}
RESULT: {}
COMMAND: POST /session/b6c10327e85db8e4472cf13987b22354/element - {"using":"xpath","value":"//bdi[text()=\"Save\"]"}
RESULT: {"using":"xpath","value":"//bdi[text()=\"Save\"]"}
COMMAND: POST /session/b6c10327e85db8e4472cf13987b22354/element/f.76EFC1153EA5792FD1141D4CA15B46A2.d.89395005C82FCF7EF14589457070AC45.e.7658/click - {}
RESULT: {}
COMMAND: GET /session/b6c10327e85db8e4472cf13987b22354/screenshot - {}
RESULT: {}
COMMAND: POST /session/b6c10327e85db8e4472cf13987b22354/element - {"using":"xpath","value":"//span[contains(@class, \"sapMMsgBoxText\")]"}
RESULT: {"using":"xpath","value":"//span[contains(@class, \"sapMMsgBoxText\")]"}
COMMAND: POST /session/b6c10327e85db8e4472cf13987b22354/elements - {"using":"xpath","value":"//span[contains(@class, \"sapMMsgBoxText\")]"}
RESULT: {"using":"xpath","value":"//span[contains(@class, \"sapMMsgBoxText\")]"}
COMMAND: POST /session/b6c10327e85db8e4472cf13987b22354/execute/sync - {"script":"<script> [56 bytes]","args":[{"element-6066-11e4-a52e-4f735466cecf":"f.76EFC1153EA5792FD1141D4CA15B46A2.d.89395005C82FCF7EF14589457070AC45.e.7661","ELEMENT":"f.76EFC1153EA5792FD1141D4CA15B46A2.d.89395005C82FCF7EF14589457070AC45.e.7661"}]}
RESULT: {"script":"<script> [56 bytes]","args":[{"element-6066-11e4-a52e-4f735466cecf":"f.76EFC1153EA5792FD1141D4CA15B46A2.d.89395005C82FCF7EF14589457070AC45.e.7661","ELEMENT":"f.76EFC1153EA5792FD1141D4CA15B46A2.d.89395005C82FCF7EF14589457070AC45.e.7661"}]}
COMMAND: POST /session/b6c10327e85db8e4472cf13987b22354/element - {"using":"xpath","value":"//bdi[text()=\"Close\"]"}
COMMAND: GET /session/b6c10327e85db8e4472cf13987b22354/screenshot - {}
RESULT: {"using":"xpath","value":"//bdi[text()=\"Close\"]"}
COMMAND: POST /session/b6c10327e85db8e4472cf13987b22354/element/f.76EFC1153EA5792FD1141D4CA15B46A2.d.89395005C82FCF7EF14589457070AC45.e.7678/click - {}
RESULT: {}
RESULT: {}
COMMAND: GET /session/b6c10327e85db8e4472cf13987b22354/screenshot - {}
RESULT: {}
COMMAND: POST /session/b6c10327e85db8e4472cf13987b22354/element - {"using":"css selector","value":"#shell-header-logo"}
RESULT: {"using":"css selector","value":"#shell-header-logo"}
COMMAND: POST /session/b6c10327e85db8e4472cf13987b22354/element/f.76EFC1153EA5792FD1141D4CA15B46A2.d.89395005C82FCF7EF14589457070AC45.e.7329/click - {}
RESULT: {}
COMMAND: GET /session/b6c10327e85db8e4472cf13987b22354/screenshot - {}
RESULT: {}
]]></system-out>
    </testcase>
    <testcase classname="chrome.137_0_7151_69.windows.Partner_specific_tests_US150819_US151080_US151654_US151176_US103444_US151078_US151079_US151109_US151174_US151175_US151189" name="Should do QC various tests US151189" time="392.186">
      <system-out><![CDATA[
RESULT: undefined
COMMAND: POST /session/b6c10327e85db8e4472cf13987b22354/element - {"using":"xpath","value":"//*[@id=\"__tile31\"]"}
RESULT: {"using":"xpath","value":"//*[@id=\"__tile31\"]"}
COMMAND: POST /session/b6c10327e85db8e4472cf13987b22354/element/f.76EFC1153EA5792FD1141D4CA15B46A2.d.89395005C82FCF7EF14589457070AC45.e.4062/click - {}
RESULT: {}
COMMAND: POST /session/b6c10327e85db8e4472cf13987b22354/element - {"using":"xpath","value":"//button[@data-kt=\"addButton\"]"}
COMMAND: GET /session/b6c10327e85db8e4472cf13987b22354/screenshot - {}
RESULT: {"using":"xpath","value":"//button[@data-kt=\"addButton\"]"}
COMMAND: POST /session/b6c10327e85db8e4472cf13987b22354/elements - {"using":"xpath","value":"//button[@data-kt=\"addButton\"]"}
RESULT: {}
RESULT: {"using":"xpath","value":"//button[@data-kt=\"addButton\"]"}
COMMAND: POST /session/b6c10327e85db8e4472cf13987b22354/elements - {"using":"xpath","value":"//button[@data-kt=\"addButton\"]"}
RESULT: {"using":"xpath","value":"//button[@data-kt=\"addButton\"]"}
COMMAND: POST /session/b6c10327e85db8e4472cf13987b22354/elements - {"using":"xpath","value":"//button[@data-kt=\"addButton\"]"}
RESULT: {"using":"xpath","value":"//button[@data-kt=\"addButton\"]"}
COMMAND: POST /session/b6c10327e85db8e4472cf13987b22354/elements - {"using":"xpath","value":"//button[@data-kt=\"addButton\"]"}
RESULT: {"using":"xpath","value":"//button[@data-kt=\"addButton\"]"}
COMMAND: POST /session/b6c10327e85db8e4472cf13987b22354/element - {"using":"xpath","value":"//button[@data-kt=\"addButton\"]"}
RESULT: {"using":"xpath","value":"//button[@data-kt=\"addButton\"]"}
COMMAND: POST /session/b6c10327e85db8e4472cf13987b22354/execute/sync - {"script":"<script> [8489 bytes]","args":[{"element-6066-11e4-a52e-4f735466cecf":"f.76EFC1153EA5792FD1141D4CA15B46A2.d.89395005C82FCF7EF14589457070AC45.e.7716","ELEMENT":"f.76EFC1153EA5792FD1141D4CA15B46A2.d.89395005C82FCF7EF14589457070AC45.e.7716"}]}
RESULT: {"script":"<script> [8489 bytes]","args":[{"element-6066-11e4-a52e-4f735466cecf":"f.76EFC1153EA5792FD1141D4CA15B46A2.d.89395005C82FCF7EF14589457070AC45.e.7716","ELEMENT":"f.76EFC1153EA5792FD1141D4CA15B46A2.d.89395005C82FCF7EF14589457070AC45.e.7716"}]}
COMMAND: GET /session/b6c10327e85db8e4472cf13987b22354/element/f.76EFC1153EA5792FD1141D4CA15B46A2.d.89395005C82FCF7EF14589457070AC45.e.7716/enabled - {}
COMMAND: GET /session/b6c10327e85db8e4472cf13987b22354/screenshot - {}
RESULT: {}
COMMAND: POST /session/b6c10327e85db8e4472cf13987b22354/execute/sync - {"script":"<script> [8489 bytes]","args":[{"element-6066-11e4-a52e-4f735466cecf":"f.76EFC1153EA5792FD1141D4CA15B46A2.d.89395005C82FCF7EF14589457070AC45.e.7716","ELEMENT":"f.76EFC1153EA5792FD1141D4CA15B46A2.d.89395005C82FCF7EF14589457070AC45.e.7716"}]}
COMMAND: GET /session/b6c10327e85db8e4472cf13987b22354/screenshot - {}
RESULT: {}
RESULT: {"script":"<script> [8489 bytes]","args":[{"element-6066-11e4-a52e-4f735466cecf":"f.76EFC1153EA5792FD1141D4CA15B46A2.d.89395005C82FCF7EF14589457070AC45.e.7716","ELEMENT":"f.76EFC1153EA5792FD1141D4CA15B46A2.d.89395005C82FCF7EF14589457070AC45.e.7716"}]}
COMMAND: POST /session/b6c10327e85db8e4472cf13987b22354/execute/sync - {"script":"<script> [5351 bytes]","args":[{"element-6066-11e4-a52e-4f735466cecf":"f.76EFC1153EA5792FD1141D4CA15B46A2.d.89395005C82FCF7EF14589457070AC45.e.7716","ELEMENT":"f.76EFC1153EA5792FD1141D4CA15B46A2.d.89395005C82FCF7EF14589457070AC45.e.7716"}]}
COMMAND: GET /session/b6c10327e85db8e4472cf13987b22354/screenshot - {}
RESULT: {}
RESULT: {"script":"<script> [5351 bytes]","args":[{"element-6066-11e4-a52e-4f735466cecf":"f.76EFC1153EA5792FD1141D4CA15B46A2.d.89395005C82FCF7EF14589457070AC45.e.7716","ELEMENT":"f.76EFC1153EA5792FD1141D4CA15B46A2.d.89395005C82FCF7EF14589457070AC45.e.7716"}]}
COMMAND: GET /session/b6c10327e85db8e4472cf13987b22354/screenshot - {}
RESULT: {}
RESULT: {}
COMMAND: POST /session/b6c10327e85db8e4472cf13987b22354/element - {"using":"xpath","value":"//span[@id=\"application-managepartners-display-component---masterPtm--smartTable-header-inner\"]"}
RESULT: {"using":"xpath","value":"//span[@id=\"application-managepartners-display-component---masterPtm--smartTable-header-inner\"]"}
COMMAND: POST /session/b6c10327e85db8e4472cf13987b22354/elements - {"using":"xpath","value":"//span[@id=\"application-managepartners-display-component---masterPtm--smartTable-header-inner\"]"}
RESULT: {"using":"xpath","value":"//span[@id=\"application-managepartners-display-component---masterPtm--smartTable-header-inner\"]"}
COMMAND: POST /session/b6c10327e85db8e4472cf13987b22354/execute/sync - {"script":"<script> [56 bytes]","args":[{"element-6066-11e4-a52e-4f735466cecf":"f.76EFC1153EA5792FD1141D4CA15B46A2.d.89395005C82FCF7EF14589457070AC45.e.7802","ELEMENT":"f.76EFC1153EA5792FD1141D4CA15B46A2.d.89395005C82FCF7EF14589457070AC45.e.7802"}]}
RESULT: {"script":"<script> [56 bytes]","args":[{"element-6066-11e4-a52e-4f735466cecf":"f.76EFC1153EA5792FD1141D4CA15B46A2.d.89395005C82FCF7EF14589457070AC45.e.7802","ELEMENT":"f.76EFC1153EA5792FD1141D4CA15B46A2.d.89395005C82FCF7EF14589457070AC45.e.7802"}]}
RESULT: undefined
COMMAND: POST /session/b6c10327e85db8e4472cf13987b22354/execute/async - {"script":"<script> [776 bytes]","args":[{"enterText":"1056","selector":{"id":"application-managepartners-display-component---masterPtm--smartFilterBar-btnBasicSearch","interaction":{"idSuffix":"I"}},"clearTextFirst":true,"interactionType":"ENTER_TEXT"}]}
COMMAND: GET /session/b6c10327e85db8e4472cf13987b22354/screenshot - {}
RESULT: {"script":"<script> [776 bytes]","args":[{"enterText":"1056","selector":{"id":"application-managepartners-display-component---masterPtm--smartFilterBar-btnBasicSearch","interaction":{"idSuffix":"I"}},"clearTextFirst":true,"interactionType":"ENTER_TEXT"}]}
COMMAND: POST /session/b6c10327e85db8e4472cf13987b22354/actions - {"actions":[{"id":"action26","type":"key","parameters":{},"actions":[{"type":"keyDown","value":"î€‡"},{"type":"pause","duration":10},{"type":"keyUp","value":"î€‡"}]}]}
RESULT: {}
RESULT: {"actions":[{"id":"action26","type":"key","parameters":{},"actions":[{"type":"keyDown","value":"î€‡"},{"type":"pause","duration":10},{"type":"keyUp","value":"î€‡"}]}]}
COMMAND: GET /session/b6c10327e85db8e4472cf13987b22354/screenshot - {}
RESULT: {}
COMMAND: POST /session/b6c10327e85db8e4472cf13987b22354/elements - {"using":"xpath","value":"//table[contains(@id, \"customPartnersTable-listUl\")]/tbody/tr"}
RESULT: {"using":"xpath","value":"//table[contains(@id, \"customPartnersTable-listUl\")]/tbody/tr"}
COMMAND: POST /session/b6c10327e85db8e4472cf13987b22354/element - {"using":"xpath","value":"//table[contains(@id, \"customPartnersTable-listUl\")]/tbody/tr[1]/td[3]/span"}
RESULT: {"using":"xpath","value":"//table[contains(@id, \"customPartnersTable-listUl\")]/tbody/tr[1]/td[3]/span"}
COMMAND: POST /session/b6c10327e85db8e4472cf13987b22354/elements - {"using":"xpath","value":"//table[contains(@id, \"customPartnersTable-listUl\")]/tbody/tr[1]/td[3]/span"}
RESULT: {"using":"xpath","value":"//table[contains(@id, \"customPartnersTable-listUl\")]/tbody/tr[1]/td[3]/span"}
COMMAND: POST /session/b6c10327e85db8e4472cf13987b22354/execute/sync - {"script":"<script> [56 bytes]","args":[{"element-6066-11e4-a52e-4f735466cecf":"f.76EFC1153EA5792FD1141D4CA15B46A2.d.89395005C82FCF7EF14589457070AC45.e.7814","ELEMENT":"f.76EFC1153EA5792FD1141D4CA15B46A2.d.89395005C82FCF7EF14589457070AC45.e.7814"}]}
RESULT: {"script":"<script> [56 bytes]","args":[{"element-6066-11e4-a52e-4f735466cecf":"f.76EFC1153EA5792FD1141D4CA15B46A2.d.89395005C82FCF7EF14589457070AC45.e.7814","ELEMENT":"f.76EFC1153EA5792FD1141D4CA15B46A2.d.89395005C82FCF7EF14589457070AC45.e.7814"}]}
COMMAND: POST /session/b6c10327e85db8e4472cf13987b22354/element - {"using":"xpath","value":"//div[contains(@id, \"smartFilterBar-btnBasicSearch-reset\")]"}
COMMAND: GET /session/b6c10327e85db8e4472cf13987b22354/screenshot - {}
RESULT: {"using":"xpath","value":"//div[contains(@id, \"smartFilterBar-btnBasicSearch-reset\")]"}
COMMAND: POST /session/b6c10327e85db8e4472cf13987b22354/element/f.76EFC1153EA5792FD1141D4CA15B46A2.d.89395005C82FCF7EF14589457070AC45.e.7815/click - {}
RESULT: {}
RESULT: {}
COMMAND: GET /session/b6c10327e85db8e4472cf13987b22354/screenshot - {}
RESULT: {}
RESULT: undefined
COMMAND: POST /session/b6c10327e85db8e4472cf13987b22354/element - {"using":"xpath","value":"//*[@id=\"application-managepartners-display-component---masterPtm--smartFilterBar-filterItemControl_BASIC-MAIN_ADDRESS-vhi\"]"}
RESULT: {"using":"xpath","value":"//*[@id=\"application-managepartners-display-component---masterPtm--smartFilterBar-filterItemControl_BASIC-MAIN_ADDRESS-vhi\"]"}
COMMAND: POST /session/b6c10327e85db8e4472cf13987b22354/element/f.76EFC1153EA5792FD1141D4CA15B46A2.d.89395005C82FCF7EF14589457070AC45.e.7873/click - {}
RESULT: {}
COMMAND: GET /session/b6c10327e85db8e4472cf13987b22354/screenshot - {}
RESULT: {}
RESULT: undefined
COMMAND: POST /session/b6c10327e85db8e4472cf13987b22354/execute/async - {"script":"<script> [776 bytes]","args":[{"enterText":"Romania","selector":{"id":"application-managepartners-display-component---masterPtm--smartFilterBar-filterItemControl_BASIC-MAIN_ADDRESS-valueHelpDialog-smartFilterBar-btnBasicSearch","searchOpenDialogs":true,"interaction":{"idSuffix":"I"}},"clearTextFirst":true,"interactionType":"ENTER_TEXT"}]}
RESULT: {"script":"<script> [776 bytes]","args":[{"enterText":"Romania","selector":{"id":"application-managepartners-display-component---masterPtm--smartFilterBar-filterItemControl_BASIC-MAIN_ADDRESS-valueHelpDialog-smartFilterBar-btnBasicSearch","searchOpenDialogs":true,"interaction":{"idSuffix":"I"}},"clearTextFirst":true,"interactionType":"ENTER_TEXT"}]}
COMMAND: POST /session/b6c10327e85db8e4472cf13987b22354/actions - {"actions":[{"id":"action27","type":"key","parameters":{},"actions":[{"type":"keyDown","value":"î€‡"},{"type":"pause","duration":10},{"type":"keyUp","value":"î€‡"}]}]}
RESULT: {"actions":[{"id":"action27","type":"key","parameters":{},"actions":[{"type":"keyDown","value":"î€‡"},{"type":"pause","duration":10},{"type":"keyUp","value":"î€‡"}]}]}
COMMAND: GET /session/b6c10327e85db8e4472cf13987b22354/screenshot - {}
RESULT: {}
COMMAND: POST /session/b6c10327e85db8e4472cf13987b22354/elements - {"using":"xpath","value":"//table[contains(@id, \"smartFilterBar-filterItemControl_BASIC-MAIN_ADDRESS-valueHelpDialog-table-table\")]/tbody/tr"}
RESULT: {"using":"xpath","value":"//table[contains(@id, \"smartFilterBar-filterItemControl_BASIC-MAIN_ADDRESS-valueHelpDialog-table-table\")]/tbody/tr"}
COMMAND: POST /session/b6c10327e85db8e4472cf13987b22354/element - {"using":"xpath","value":"//table[contains(@id, \"smartFilterBar-filterItemControl_BASIC-MAIN_ADDRESS-valueHelpDialog-table-table\")]/tbody/tr[1]/td[1]/div/span"}
RESULT: {"using":"xpath","value":"//table[contains(@id, \"smartFilterBar-filterItemControl_BASIC-MAIN_ADDRESS-valueHelpDialog-table-table\")]/tbody/tr[1]/td[1]/div/span"}
COMMAND: POST /session/b6c10327e85db8e4472cf13987b22354/elements - {"using":"xpath","value":"//table[contains(@id, \"smartFilterBar-filterItemControl_BASIC-MAIN_ADDRESS-valueHelpDialog-table-table\")]/tbody/tr[1]/td[1]/div/span"}
RESULT: {"using":"xpath","value":"//table[contains(@id, \"smartFilterBar-filterItemControl_BASIC-MAIN_ADDRESS-valueHelpDialog-table-table\")]/tbody/tr[1]/td[1]/div/span"}
COMMAND: POST /session/b6c10327e85db8e4472cf13987b22354/execute/sync - {"script":"<script> [56 bytes]","args":[{"element-6066-11e4-a52e-4f735466cecf":"f.76EFC1153EA5792FD1141D4CA15B46A2.d.89395005C82FCF7EF14589457070AC45.e.7892","ELEMENT":"f.76EFC1153EA5792FD1141D4CA15B46A2.d.89395005C82FCF7EF14589457070AC45.e.7892"}]}
RESULT: {"script":"<script> [56 bytes]","args":[{"element-6066-11e4-a52e-4f735466cecf":"f.76EFC1153EA5792FD1141D4CA15B46A2.d.89395005C82FCF7EF14589457070AC45.e.7892","ELEMENT":"f.76EFC1153EA5792FD1141D4CA15B46A2.d.89395005C82FCF7EF14589457070AC45.e.7892"}]}
COMMAND: POST /session/b6c10327e85db8e4472cf13987b22354/element - {"using":"xpath","value":"//div[contains(@id, \"filterItemControl_BASIC-MAIN_ADDRESS-valueHelpDialog-table-rowsel0\")]"}
COMMAND: GET /session/b6c10327e85db8e4472cf13987b22354/screenshot - {}
RESULT: {"using":"xpath","value":"//div[contains(@id, \"filterItemControl_BASIC-MAIN_ADDRESS-valueHelpDialog-table-rowsel0\")]"}
COMMAND: POST /session/b6c10327e85db8e4472cf13987b22354/element/f.76EFC1153EA5792FD1141D4CA15B46A2.d.89395005C82FCF7EF14589457070AC45.e.7893/click - {}
RESULT: {}
RESULT: {}
COMMAND: GET /session/b6c10327e85db8e4472cf13987b22354/screenshot - {}
RESULT: {}
RESULT: undefined
COMMAND: POST /session/b6c10327e85db8e4472cf13987b22354/execute/async - {"script":"<script> [776 bytes]","args":[{"enterText":"Germany","selector":{"id":"application-managepartners-display-component---masterPtm--smartFilterBar-filterItemControl_BASIC-MAIN_ADDRESS-valueHelpDialog-smartFilterBar-btnBasicSearch","searchOpenDialogs":true,"interaction":{"idSuffix":"I"}},"clearTextFirst":true,"interactionType":"ENTER_TEXT"}]}
RESULT: {"script":"<script> [776 bytes]","args":[{"enterText":"Germany","selector":{"id":"application-managepartners-display-component---masterPtm--smartFilterBar-filterItemControl_BASIC-MAIN_ADDRESS-valueHelpDialog-smartFilterBar-btnBasicSearch","searchOpenDialogs":true,"interaction":{"idSuffix":"I"}},"clearTextFirst":true,"interactionType":"ENTER_TEXT"}]}
COMMAND: POST /session/b6c10327e85db8e4472cf13987b22354/actions - {"actions":[{"id":"action28","type":"key","parameters":{},"actions":[{"type":"keyDown","value":"î€‡"},{"type":"pause","duration":10},{"type":"keyUp","value":"î€‡"}]}]}
RESULT: {"actions":[{"id":"action28","type":"key","parameters":{},"actions":[{"type":"keyDown","value":"î€‡"},{"type":"pause","duration":10},{"type":"keyUp","value":"î€‡"}]}]}
COMMAND: GET /session/b6c10327e85db8e4472cf13987b22354/screenshot - {}
RESULT: {}
COMMAND: POST /session/b6c10327e85db8e4472cf13987b22354/elements - {"using":"xpath","value":"//table[contains(@id, \"smartFilterBar-filterItemControl_BASIC-MAIN_ADDRESS-valueHelpDialog-table-table\")]/tbody/tr"}
RESULT: {"using":"xpath","value":"//table[contains(@id, \"smartFilterBar-filterItemControl_BASIC-MAIN_ADDRESS-valueHelpDialog-table-table\")]/tbody/tr"}
COMMAND: POST /session/b6c10327e85db8e4472cf13987b22354/element - {"using":"xpath","value":"//table[contains(@id, \"smartFilterBar-filterItemControl_BASIC-MAIN_ADDRESS-valueHelpDialog-table-table\")]/tbody/tr[1]/td[1]/div/span"}
RESULT: {"using":"xpath","value":"//table[contains(@id, \"smartFilterBar-filterItemControl_BASIC-MAIN_ADDRESS-valueHelpDialog-table-table\")]/tbody/tr[1]/td[1]/div/span"}
COMMAND: POST /session/b6c10327e85db8e4472cf13987b22354/elements - {"using":"xpath","value":"//table[contains(@id, \"smartFilterBar-filterItemControl_BASIC-MAIN_ADDRESS-valueHelpDialog-table-table\")]/tbody/tr[1]/td[1]/div/span"}
RESULT: {"using":"xpath","value":"//table[contains(@id, \"smartFilterBar-filterItemControl_BASIC-MAIN_ADDRESS-valueHelpDialog-table-table\")]/tbody/tr[1]/td[1]/div/span"}
COMMAND: POST /session/b6c10327e85db8e4472cf13987b22354/execute/sync - {"script":"<script> [56 bytes]","args":[{"element-6066-11e4-a52e-4f735466cecf":"f.76EFC1153EA5792FD1141D4CA15B46A2.d.89395005C82FCF7EF14589457070AC45.e.7892","ELEMENT":"f.76EFC1153EA5792FD1141D4CA15B46A2.d.89395005C82FCF7EF14589457070AC45.e.7892"}]}
RESULT: {"script":"<script> [56 bytes]","args":[{"element-6066-11e4-a52e-4f735466cecf":"f.76EFC1153EA5792FD1141D4CA15B46A2.d.89395005C82FCF7EF14589457070AC45.e.7892","ELEMENT":"f.76EFC1153EA5792FD1141D4CA15B46A2.d.89395005C82FCF7EF14589457070AC45.e.7892"}]}
COMMAND: POST /session/b6c10327e85db8e4472cf13987b22354/element - {"using":"xpath","value":"//div[contains(@id, \"filterItemControl_BASIC-MAIN_ADDRESS-valueHelpDialog-table-rowsel0\")]"}
COMMAND: GET /session/b6c10327e85db8e4472cf13987b22354/screenshot - {}
RESULT: {"using":"xpath","value":"//div[contains(@id, \"filterItemControl_BASIC-MAIN_ADDRESS-valueHelpDialog-table-rowsel0\")]"}
COMMAND: POST /session/b6c10327e85db8e4472cf13987b22354/element/f.76EFC1153EA5792FD1141D4CA15B46A2.d.89395005C82FCF7EF14589457070AC45.e.7893/click - {}
RESULT: {}
RESULT: {}
COMMAND: GET /session/b6c10327e85db8e4472cf13987b22354/screenshot - {}
RESULT: {}
RESULT: undefined
COMMAND: POST /session/b6c10327e85db8e4472cf13987b22354/execute/async - {"script":"<script> [776 bytes]","args":[{"enterText":"Argentina","selector":{"id":"application-managepartners-display-component---masterPtm--smartFilterBar-filterItemControl_BASIC-MAIN_ADDRESS-valueHelpDialog-smartFilterBar-btnBasicSearch","searchOpenDialogs":true,"interaction":{"idSuffix":"I"}},"clearTextFirst":true,"interactionType":"ENTER_TEXT"}]}
RESULT: {"script":"<script> [776 bytes]","args":[{"enterText":"Argentina","selector":{"id":"application-managepartners-display-component---masterPtm--smartFilterBar-filterItemControl_BASIC-MAIN_ADDRESS-valueHelpDialog-smartFilterBar-btnBasicSearch","searchOpenDialogs":true,"interaction":{"idSuffix":"I"}},"clearTextFirst":true,"interactionType":"ENTER_TEXT"}]}
COMMAND: POST /session/b6c10327e85db8e4472cf13987b22354/actions - {"actions":[{"id":"action29","type":"key","parameters":{},"actions":[{"type":"keyDown","value":"î€‡"},{"type":"pause","duration":10},{"type":"keyUp","value":"î€‡"}]}]}
RESULT: {"actions":[{"id":"action29","type":"key","parameters":{},"actions":[{"type":"keyDown","value":"î€‡"},{"type":"pause","duration":10},{"type":"keyUp","value":"î€‡"}]}]}
COMMAND: GET /session/b6c10327e85db8e4472cf13987b22354/screenshot - {}
RESULT: {}
COMMAND: POST /session/b6c10327e85db8e4472cf13987b22354/element - {"using":"xpath","value":"//div[contains(@id, \"filterItemControl_BASIC-MAIN_ADDRESS-valueHelpDialog-table-rowsel0\")]"}
RESULT: {"using":"xpath","value":"//div[contains(@id, \"filterItemControl_BASIC-MAIN_ADDRESS-valueHelpDialog-table-rowsel0\")]"}
COMMAND: POST /session/b6c10327e85db8e4472cf13987b22354/element/f.76EFC1153EA5792FD1141D4CA15B46A2.d.89395005C82FCF7EF14589457070AC45.e.7893/click - {}
RESULT: {}
COMMAND: GET /session/b6c10327e85db8e4472cf13987b22354/screenshot - {}
RESULT: {}
COMMAND: POST /session/b6c10327e85db8e4472cf13987b22354/element - {"using":"xpath","value":"(//bdi[contains(text(), \"OK\")])[1]"}
RESULT: {"using":"xpath","value":"(//bdi[contains(text(), \"OK\")])[1]"}
COMMAND: POST /session/b6c10327e85db8e4472cf13987b22354/element/f.76EFC1153EA5792FD1141D4CA15B46A2.d.89395005C82FCF7EF14589457070AC45.e.7896/click - {}
RESULT: {}
COMMAND: GET /session/b6c10327e85db8e4472cf13987b22354/screenshot - {}
RESULT: {}
COMMAND: POST /session/b6c10327e85db8e4472cf13987b22354/element - {"using":"xpath","value":"//span[@id=\"application-managepartners-display-component---masterPtm--smartTable-header-inner\"]"}
RESULT: {"using":"xpath","value":"//span[@id=\"application-managepartners-display-component---masterPtm--smartTable-header-inner\"]"}
COMMAND: POST /session/b6c10327e85db8e4472cf13987b22354/elements - {"using":"xpath","value":"//span[@id=\"application-managepartners-display-component---masterPtm--smartTable-header-inner\"]"}
RESULT: {"using":"xpath","value":"//span[@id=\"application-managepartners-display-component---masterPtm--smartTable-header-inner\"]"}
COMMAND: POST /session/b6c10327e85db8e4472cf13987b22354/execute/sync - {"script":"<script> [56 bytes]","args":[{"element-6066-11e4-a52e-4f735466cecf":"f.76EFC1153EA5792FD1141D4CA15B46A2.d.89395005C82FCF7EF14589457070AC45.e.7802","ELEMENT":"f.76EFC1153EA5792FD1141D4CA15B46A2.d.89395005C82FCF7EF14589457070AC45.e.7802"}]}
RESULT: {"script":"<script> [56 bytes]","args":[{"element-6066-11e4-a52e-4f735466cecf":"f.76EFC1153EA5792FD1141D4CA15B46A2.d.89395005C82FCF7EF14589457070AC45.e.7802","ELEMENT":"f.76EFC1153EA5792FD1141D4CA15B46A2.d.89395005C82FCF7EF14589457070AC45.e.7802"}]}
COMMAND: POST /session/b6c10327e85db8e4472cf13987b22354/element - {"using":"xpath","value":"//span[contains(@title, \"Remove\")]"}
COMMAND: GET /session/b6c10327e85db8e4472cf13987b22354/screenshot - {}
RESULT: {"using":"xpath","value":"//span[contains(@title, \"Remove\")]"}
COMMAND: POST /session/b6c10327e85db8e4472cf13987b22354/element/f.76EFC1153EA5792FD1141D4CA15B46A2.d.89395005C82FCF7EF14589457070AC45.e.7928/click - {}
RESULT: {}
RESULT: {}
COMMAND: GET /session/b6c10327e85db8e4472cf13987b22354/screenshot - {}
RESULT: {}
COMMAND: POST /session/b6c10327e85db8e4472cf13987b22354/element - {"using":"xpath","value":"//span[contains(@title, \"Remove\")]"}
RESULT: {"using":"xpath","value":"//span[contains(@title, \"Remove\")]"}
COMMAND: POST /session/b6c10327e85db8e4472cf13987b22354/element/f.76EFC1153EA5792FD1141D4CA15B46A2.d.89395005C82FCF7EF14589457070AC45.e.7929/click - {}
RESULT: {}
COMMAND: GET /session/b6c10327e85db8e4472cf13987b22354/screenshot - {}
RESULT: {}
COMMAND: POST /session/b6c10327e85db8e4472cf13987b22354/element - {"using":"xpath","value":"//span[contains(@title, \"Remove\")]"}
RESULT: {"using":"xpath","value":"//span[contains(@title, \"Remove\")]"}
COMMAND: POST /session/b6c10327e85db8e4472cf13987b22354/element/f.76EFC1153EA5792FD1141D4CA15B46A2.d.89395005C82FCF7EF14589457070AC45.e.7930/click - {}
RESULT: {}
COMMAND: GET /session/b6c10327e85db8e4472cf13987b22354/screenshot - {}
RESULT: {}
RESULT: undefined
COMMAND: POST /session/b6c10327e85db8e4472cf13987b22354/element - {"using":"xpath","value":"//*[@id=\"application-managepartners-display-component---masterPtm--smartFilterBar-filterItemControl_BASIC-YARD-vhi\"]"}
RESULT: {"using":"xpath","value":"//*[@id=\"application-managepartners-display-component---masterPtm--smartFilterBar-filterItemControl_BASIC-YARD-vhi\"]"}
COMMAND: POST /session/b6c10327e85db8e4472cf13987b22354/element/f.76EFC1153EA5792FD1141D4CA15B46A2.d.89395005C82FCF7EF14589457070AC45.e.7987/click - {}
RESULT: {}
COMMAND: GET /session/b6c10327e85db8e4472cf13987b22354/screenshot - {}
RESULT: {}
RESULT: undefined
COMMAND: POST /session/b6c10327e85db8e4472cf13987b22354/execute/async - {"script":"<script> [776 bytes]","args":[{"enterText":"195","selector":{"id":"application-managepartners-display-component---masterPtm--smartFilterBar-filterItemControl_BASIC-YARD-valueHelpDialog-smartFilterBar-btnBasicSearch","searchOpenDialogs":true,"interaction":{"idSuffix":"I"}},"clearTextFirst":true,"interactionType":"ENTER_TEXT"}]}
RESULT: {"script":"<script> [776 bytes]","args":[{"enterText":"195","selector":{"id":"application-managepartners-display-component---masterPtm--smartFilterBar-filterItemControl_BASIC-YARD-valueHelpDialog-smartFilterBar-btnBasicSearch","searchOpenDialogs":true,"interaction":{"idSuffix":"I"}},"clearTextFirst":true,"interactionType":"ENTER_TEXT"}]}
COMMAND: POST /session/b6c10327e85db8e4472cf13987b22354/actions - {"actions":[{"id":"action30","type":"key","parameters":{},"actions":[{"type":"keyDown","value":"î€‡"},{"type":"pause","duration":10},{"type":"keyUp","value":"î€‡"}]}]}
RESULT: {"actions":[{"id":"action30","type":"key","parameters":{},"actions":[{"type":"keyDown","value":"î€‡"},{"type":"pause","duration":10},{"type":"keyUp","value":"î€‡"}]}]}
COMMAND: GET /session/b6c10327e85db8e4472cf13987b22354/screenshot - {}
RESULT: {}
COMMAND: POST /session/b6c10327e85db8e4472cf13987b22354/elements - {"using":"xpath","value":"//table[contains(@id, \"smartFilterBar-filterItemControl_BASIC-YARD-valueHelpDialog-table-table\")]/tbody/tr"}
RESULT: {"using":"xpath","value":"//table[contains(@id, \"smartFilterBar-filterItemControl_BASIC-YARD-valueHelpDialog-table-table\")]/tbody/tr"}
COMMAND: POST /session/b6c10327e85db8e4472cf13987b22354/element - {"using":"xpath","value":"//table[contains(@id, \"smartFilterBar-filterItemControl_BASIC-YARD-valueHelpDialog-table-table\")]/tbody/tr[1]/td[1]/div/span"}
RESULT: {"using":"xpath","value":"//table[contains(@id, \"smartFilterBar-filterItemControl_BASIC-YARD-valueHelpDialog-table-table\")]/tbody/tr[1]/td[1]/div/span"}
COMMAND: POST /session/b6c10327e85db8e4472cf13987b22354/elements - {"using":"xpath","value":"//table[contains(@id, \"smartFilterBar-filterItemControl_BASIC-YARD-valueHelpDialog-table-table\")]/tbody/tr[1]/td[1]/div/span"}
RESULT: {"using":"xpath","value":"//table[contains(@id, \"smartFilterBar-filterItemControl_BASIC-YARD-valueHelpDialog-table-table\")]/tbody/tr[1]/td[1]/div/span"}
COMMAND: POST /session/b6c10327e85db8e4472cf13987b22354/execute/sync - {"script":"<script> [56 bytes]","args":[{"element-6066-11e4-a52e-4f735466cecf":"f.76EFC1153EA5792FD1141D4CA15B46A2.d.89395005C82FCF7EF14589457070AC45.e.8005","ELEMENT":"f.76EFC1153EA5792FD1141D4CA15B46A2.d.89395005C82FCF7EF14589457070AC45.e.8005"}]}
RESULT: {"script":"<script> [56 bytes]","args":[{"element-6066-11e4-a52e-4f735466cecf":"f.76EFC1153EA5792FD1141D4CA15B46A2.d.89395005C82FCF7EF14589457070AC45.e.8005","ELEMENT":"f.76EFC1153EA5792FD1141D4CA15B46A2.d.89395005C82FCF7EF14589457070AC45.e.8005"}]}
COMMAND: POST /session/b6c10327e85db8e4472cf13987b22354/element - {"using":"xpath","value":"//div[contains(@id, \"filterItemControl_BASIC-YARD-valueHelpDialog-table-rowsel0\")]"}
COMMAND: GET /session/b6c10327e85db8e4472cf13987b22354/screenshot - {}
RESULT: {"using":"xpath","value":"//div[contains(@id, \"filterItemControl_BASIC-YARD-valueHelpDialog-table-rowsel0\")]"}
COMMAND: POST /session/b6c10327e85db8e4472cf13987b22354/element/f.76EFC1153EA5792FD1141D4CA15B46A2.d.89395005C82FCF7EF14589457070AC45.e.8006/click - {}
RESULT: {}
RESULT: {}
COMMAND: GET /session/b6c10327e85db8e4472cf13987b22354/screenshot - {}
RESULT: {}
RESULT: undefined
COMMAND: POST /session/b6c10327e85db8e4472cf13987b22354/execute/async - {"script":"<script> [776 bytes]","args":[{"enterText":"106","selector":{"id":"application-managepartners-display-component---masterPtm--smartFilterBar-filterItemControl_BASIC-YARD-valueHelpDialog-smartFilterBar-btnBasicSearch","searchOpenDialogs":true,"interaction":{"idSuffix":"I"}},"clearTextFirst":true,"interactionType":"ENTER_TEXT"}]}
RESULT: {"script":"<script> [776 bytes]","args":[{"enterText":"106","selector":{"id":"application-managepartners-display-component---masterPtm--smartFilterBar-filterItemControl_BASIC-YARD-valueHelpDialog-smartFilterBar-btnBasicSearch","searchOpenDialogs":true,"interaction":{"idSuffix":"I"}},"clearTextFirst":true,"interactionType":"ENTER_TEXT"}]}
COMMAND: POST /session/b6c10327e85db8e4472cf13987b22354/actions - {"actions":[{"id":"action31","type":"key","parameters":{},"actions":[{"type":"keyDown","value":"î€‡"},{"type":"pause","duration":10},{"type":"keyUp","value":"î€‡"}]}]}
RESULT: {"actions":[{"id":"action31","type":"key","parameters":{},"actions":[{"type":"keyDown","value":"î€‡"},{"type":"pause","duration":10},{"type":"keyUp","value":"î€‡"}]}]}
COMMAND: GET /session/b6c10327e85db8e4472cf13987b22354/screenshot - {}
RESULT: {}
COMMAND: POST /session/b6c10327e85db8e4472cf13987b22354/elements - {"using":"xpath","value":"//table[contains(@id, \"smartFilterBar-filterItemControl_BASIC-YARD-valueHelpDialog-table-table\")]/tbody/tr"}
RESULT: {"using":"xpath","value":"//table[contains(@id, \"smartFilterBar-filterItemControl_BASIC-YARD-valueHelpDialog-table-table\")]/tbody/tr"}
COMMAND: POST /session/b6c10327e85db8e4472cf13987b22354/element - {"using":"xpath","value":"//table[contains(@id, \"smartFilterBar-filterItemControl_BASIC-YARD-valueHelpDialog-table-table\")]/tbody/tr[1]/td[1]/div/span"}
RESULT: {"using":"xpath","value":"//table[contains(@id, \"smartFilterBar-filterItemControl_BASIC-YARD-valueHelpDialog-table-table\")]/tbody/tr[1]/td[1]/div/span"}
COMMAND: POST /session/b6c10327e85db8e4472cf13987b22354/elements - {"using":"xpath","value":"//table[contains(@id, \"smartFilterBar-filterItemControl_BASIC-YARD-valueHelpDialog-table-table\")]/tbody/tr[1]/td[1]/div/span"}
RESULT: {"using":"xpath","value":"//table[contains(@id, \"smartFilterBar-filterItemControl_BASIC-YARD-valueHelpDialog-table-table\")]/tbody/tr[1]/td[1]/div/span"}
COMMAND: POST /session/b6c10327e85db8e4472cf13987b22354/execute/sync - {"script":"<script> [56 bytes]","args":[{"element-6066-11e4-a52e-4f735466cecf":"f.76EFC1153EA5792FD1141D4CA15B46A2.d.89395005C82FCF7EF14589457070AC45.e.8005","ELEMENT":"f.76EFC1153EA5792FD1141D4CA15B46A2.d.89395005C82FCF7EF14589457070AC45.e.8005"}]}
RESULT: {"script":"<script> [56 bytes]","args":[{"element-6066-11e4-a52e-4f735466cecf":"f.76EFC1153EA5792FD1141D4CA15B46A2.d.89395005C82FCF7EF14589457070AC45.e.8005","ELEMENT":"f.76EFC1153EA5792FD1141D4CA15B46A2.d.89395005C82FCF7EF14589457070AC45.e.8005"}]}
COMMAND: POST /session/b6c10327e85db8e4472cf13987b22354/element - {"using":"xpath","value":"//div[contains(@id, \"filterItemControl_BASIC-YARD-valueHelpDialog-table-rowsel0\")]"}
COMMAND: GET /session/b6c10327e85db8e4472cf13987b22354/screenshot - {}
RESULT: {"using":"xpath","value":"//div[contains(@id, \"filterItemControl_BASIC-YARD-valueHelpDialog-table-rowsel0\")]"}
COMMAND: POST /session/b6c10327e85db8e4472cf13987b22354/element/f.76EFC1153EA5792FD1141D4CA15B46A2.d.89395005C82FCF7EF14589457070AC45.e.8006/click - {}
RESULT: {}
RESULT: {}
COMMAND: GET /session/b6c10327e85db8e4472cf13987b22354/screenshot - {}
RESULT: {}
COMMAND: POST /session/b6c10327e85db8e4472cf13987b22354/element - {"using":"xpath","value":"(//bdi[contains(text(), \"OK\")])[1]"}
RESULT: {"using":"xpath","value":"(//bdi[contains(text(), \"OK\")])[1]"}
COMMAND: POST /session/b6c10327e85db8e4472cf13987b22354/element/f.76EFC1153EA5792FD1141D4CA15B46A2.d.89395005C82FCF7EF14589457070AC45.e.8008/click - {}
RESULT: {}
COMMAND: GET /session/b6c10327e85db8e4472cf13987b22354/screenshot - {}
RESULT: {}
COMMAND: POST /session/b6c10327e85db8e4472cf13987b22354/element - {"using":"xpath","value":"//span[@id=\"application-managepartners-display-component---masterPtm--smartTable-header-inner\"]"}
RESULT: {"using":"xpath","value":"//span[@id=\"application-managepartners-display-component---masterPtm--smartTable-header-inner\"]"}
COMMAND: POST /session/b6c10327e85db8e4472cf13987b22354/elements - {"using":"xpath","value":"//span[@id=\"application-managepartners-display-component---masterPtm--smartTable-header-inner\"]"}
RESULT: {"using":"xpath","value":"//span[@id=\"application-managepartners-display-component---masterPtm--smartTable-header-inner\"]"}
COMMAND: POST /session/b6c10327e85db8e4472cf13987b22354/execute/sync - {"script":"<script> [56 bytes]","args":[{"element-6066-11e4-a52e-4f735466cecf":"f.76EFC1153EA5792FD1141D4CA15B46A2.d.89395005C82FCF7EF14589457070AC45.e.7802","ELEMENT":"f.76EFC1153EA5792FD1141D4CA15B46A2.d.89395005C82FCF7EF14589457070AC45.e.7802"}]}
RESULT: {"script":"<script> [56 bytes]","args":[{"element-6066-11e4-a52e-4f735466cecf":"f.76EFC1153EA5792FD1141D4CA15B46A2.d.89395005C82FCF7EF14589457070AC45.e.7802","ELEMENT":"f.76EFC1153EA5792FD1141D4CA15B46A2.d.89395005C82FCF7EF14589457070AC45.e.7802"}]}
COMMAND: POST /session/b6c10327e85db8e4472cf13987b22354/element - {"using":"xpath","value":"//span[contains(@title, \"Remove\")]"}
COMMAND: GET /session/b6c10327e85db8e4472cf13987b22354/screenshot - {}
RESULT: {"using":"xpath","value":"//span[contains(@title, \"Remove\")]"}
COMMAND: POST /session/b6c10327e85db8e4472cf13987b22354/element/f.76EFC1153EA5792FD1141D4CA15B46A2.d.89395005C82FCF7EF14589457070AC45.e.8054/click - {}
RESULT: {}
RESULT: {}
COMMAND: GET /session/b6c10327e85db8e4472cf13987b22354/screenshot - {}
RESULT: {}
COMMAND: POST /session/b6c10327e85db8e4472cf13987b22354/element - {"using":"xpath","value":"//span[contains(@title, \"Remove\")]"}
RESULT: {"using":"xpath","value":"//span[contains(@title, \"Remove\")]"}
COMMAND: POST /session/b6c10327e85db8e4472cf13987b22354/element/f.76EFC1153EA5792FD1141D4CA15B46A2.d.89395005C82FCF7EF14589457070AC45.e.8055/click - {}
RESULT: {}
COMMAND: GET /session/b6c10327e85db8e4472cf13987b22354/screenshot - {}
RESULT: {}
RESULT: undefined
COMMAND: POST /session/b6c10327e85db8e4472cf13987b22354/element - {"using":"xpath","value":"//*[@id=\"application-managepartners-display-component---masterPtm--catalogs-arrow\"]"}
RESULT: {"using":"xpath","value":"//*[@id=\"application-managepartners-display-component---masterPtm--catalogs-arrow\"]"}
COMMAND: POST /session/b6c10327e85db8e4472cf13987b22354/element/f.76EFC1153EA5792FD1141D4CA15B46A2.d.89395005C82FCF7EF14589457070AC45.e.8112/click - {}
RESULT: {}
COMMAND: GET /session/b6c10327e85db8e4472cf13987b22354/screenshot - {}
RESULT: {}
COMMAND: POST /session/b6c10327e85db8e4472cf13987b22354/element - {"using":"xpath","value":"(//li[.//span[contains(text(), \"Webshop Catalog\")]])[1]"}
RESULT: {"using":"xpath","value":"(//li[.//span[contains(text(), \"Webshop Catalog\")]])[1]"}
COMMAND: POST /session/b6c10327e85db8e4472cf13987b22354/element/f.76EFC1153EA5792FD1141D4CA15B46A2.d.89395005C82FCF7EF14589457070AC45.e.8124/click - {}
RESULT: {}
COMMAND: GET /session/b6c10327e85db8e4472cf13987b22354/screenshot - {}
RESULT: {}
COMMAND: POST /session/b6c10327e85db8e4472cf13987b22354/element - {"using":"xpath","value":"//span[@id=\"application-managepartners-display-component---masterPtm--smartTable-header-inner\"]"}
RESULT: {"using":"xpath","value":"//span[@id=\"application-managepartners-display-component---masterPtm--smartTable-header-inner\"]"}
COMMAND: POST /session/b6c10327e85db8e4472cf13987b22354/elements - {"using":"xpath","value":"//span[@id=\"application-managepartners-display-component---masterPtm--smartTable-header-inner\"]"}
RESULT: {"using":"xpath","value":"//span[@id=\"application-managepartners-display-component---masterPtm--smartTable-header-inner\"]"}
COMMAND: POST /session/b6c10327e85db8e4472cf13987b22354/execute/sync - {"script":"<script> [56 bytes]","args":[{"element-6066-11e4-a52e-4f735466cecf":"f.76EFC1153EA5792FD1141D4CA15B46A2.d.89395005C82FCF7EF14589457070AC45.e.7802","ELEMENT":"f.76EFC1153EA5792FD1141D4CA15B46A2.d.89395005C82FCF7EF14589457070AC45.e.7802"}]}
RESULT: {"script":"<script> [56 bytes]","args":[{"element-6066-11e4-a52e-4f735466cecf":"f.76EFC1153EA5792FD1141D4CA15B46A2.d.89395005C82FCF7EF14589457070AC45.e.7802","ELEMENT":"f.76EFC1153EA5792FD1141D4CA15B46A2.d.89395005C82FCF7EF14589457070AC45.e.7802"}]}
COMMAND: POST /session/b6c10327e85db8e4472cf13987b22354/element - {"using":"xpath","value":"//span[contains(@title, \"Remove\")]"}
COMMAND: GET /session/b6c10327e85db8e4472cf13987b22354/screenshot - {}
RESULT: {"using":"xpath","value":"//span[contains(@title, \"Remove\")]"}
COMMAND: POST /session/b6c10327e85db8e4472cf13987b22354/element/f.76EFC1153EA5792FD1141D4CA15B46A2.d.89395005C82FCF7EF14589457070AC45.e.8182/click - {}
RESULT: {}
RESULT: {}
COMMAND: GET /session/b6c10327e85db8e4472cf13987b22354/screenshot - {}
RESULT: {}
RESULT: undefined
COMMAND: POST /session/b6c10327e85db8e4472cf13987b22354/element - {"using":"xpath","value":"//*[@id=\"application-managepartners-display-component---masterPtm--partnerTypes-arrow\"]"}
RESULT: {"using":"xpath","value":"//*[@id=\"application-managepartners-display-component---masterPtm--partnerTypes-arrow\"]"}
COMMAND: POST /session/b6c10327e85db8e4472cf13987b22354/element/f.76EFC1153EA5792FD1141D4CA15B46A2.d.89395005C82FCF7EF14589457070AC45.e.8247/click - {}
RESULT: {}
COMMAND: GET /session/b6c10327e85db8e4472cf13987b22354/screenshot - {}
RESULT: {}
COMMAND: POST /session/b6c10327e85db8e4472cf13987b22354/element - {"using":"xpath","value":"(//li[.//span[contains(text(), \"External partner\")]])[1]"}
RESULT: {"using":"xpath","value":"(//li[.//span[contains(text(), \"External partner\")]])[1]"}
COMMAND: POST /session/b6c10327e85db8e4472cf13987b22354/element/f.76EFC1153EA5792FD1141D4CA15B46A2.d.89395005C82FCF7EF14589457070AC45.e.8250/click - {}
RESULT: {}
COMMAND: GET /session/b6c10327e85db8e4472cf13987b22354/screenshot - {}
RESULT: {}
COMMAND: POST /session/b6c10327e85db8e4472cf13987b22354/element - {"using":"xpath","value":"//span[@id=\"application-managepartners-display-component---masterPtm--smartTable-header-inner\"]"}
RESULT: {"using":"xpath","value":"//span[@id=\"application-managepartners-display-component---masterPtm--smartTable-header-inner\"]"}
COMMAND: POST /session/b6c10327e85db8e4472cf13987b22354/elements - {"using":"xpath","value":"//span[@id=\"application-managepartners-display-component---masterPtm--smartTable-header-inner\"]"}
RESULT: {"using":"xpath","value":"//span[@id=\"application-managepartners-display-component---masterPtm--smartTable-header-inner\"]"}
COMMAND: POST /session/b6c10327e85db8e4472cf13987b22354/execute/sync - {"script":"<script> [56 bytes]","args":[{"element-6066-11e4-a52e-4f735466cecf":"f.76EFC1153EA5792FD1141D4CA15B46A2.d.89395005C82FCF7EF14589457070AC45.e.7802","ELEMENT":"f.76EFC1153EA5792FD1141D4CA15B46A2.d.89395005C82FCF7EF14589457070AC45.e.7802"}]}
RESULT: {"script":"<script> [56 bytes]","args":[{"element-6066-11e4-a52e-4f735466cecf":"f.76EFC1153EA5792FD1141D4CA15B46A2.d.89395005C82FCF7EF14589457070AC45.e.7802","ELEMENT":"f.76EFC1153EA5792FD1141D4CA15B46A2.d.89395005C82FCF7EF14589457070AC45.e.7802"}]}
COMMAND: POST /session/b6c10327e85db8e4472cf13987b22354/element - {"using":"xpath","value":"//span[contains(@title, \"Remove\")]"}
COMMAND: GET /session/b6c10327e85db8e4472cf13987b22354/screenshot - {}
RESULT: {"using":"xpath","value":"//span[contains(@title, \"Remove\")]"}
COMMAND: POST /session/b6c10327e85db8e4472cf13987b22354/element/f.76EFC1153EA5792FD1141D4CA15B46A2.d.89395005C82FCF7EF14589457070AC45.e.8291/click - {}
RESULT: {}
RESULT: {}
COMMAND: GET /session/b6c10327e85db8e4472cf13987b22354/screenshot - {}
RESULT: {}
RESULT: undefined
COMMAND: POST /session/b6c10327e85db8e4472cf13987b22354/element - {"using":"xpath","value":"//*[@id=\"application-managepartners-display-component---masterPtm--currencies-arrow\"]"}
RESULT: {"using":"xpath","value":"//*[@id=\"application-managepartners-display-component---masterPtm--currencies-arrow\"]"}
COMMAND: POST /session/b6c10327e85db8e4472cf13987b22354/element/f.76EFC1153EA5792FD1141D4CA15B46A2.d.89395005C82FCF7EF14589457070AC45.e.8312/click - {}
RESULT: {}
COMMAND: GET /session/b6c10327e85db8e4472cf13987b22354/screenshot - {}
RESULT: {}
COMMAND: POST /session/b6c10327e85db8e4472cf13987b22354/element - {"using":"xpath","value":"(//li[.//span[contains(text(), \"US Dollar\")]])[1]"}
RESULT: {"using":"xpath","value":"(//li[.//span[contains(text(), \"US Dollar\")]])[1]"}
COMMAND: POST /session/b6c10327e85db8e4472cf13987b22354/element/f.76EFC1153EA5792FD1141D4CA15B46A2.d.89395005C82FCF7EF14589457070AC45.e.8315/click - {}
RESULT: {}
COMMAND: GET /session/b6c10327e85db8e4472cf13987b22354/screenshot - {}
RESULT: {}
COMMAND: POST /session/b6c10327e85db8e4472cf13987b22354/element - {"using":"xpath","value":"//span[@id=\"application-managepartners-display-component---masterPtm--smartTable-header-inner\"]"}
RESULT: {"using":"xpath","value":"//span[@id=\"application-managepartners-display-component---masterPtm--smartTable-header-inner\"]"}
COMMAND: POST /session/b6c10327e85db8e4472cf13987b22354/elements - {"using":"xpath","value":"//span[@id=\"application-managepartners-display-component---masterPtm--smartTable-header-inner\"]"}
RESULT: {"using":"xpath","value":"//span[@id=\"application-managepartners-display-component---masterPtm--smartTable-header-inner\"]"}
COMMAND: POST /session/b6c10327e85db8e4472cf13987b22354/execute/sync - {"script":"<script> [56 bytes]","args":[{"element-6066-11e4-a52e-4f735466cecf":"f.76EFC1153EA5792FD1141D4CA15B46A2.d.89395005C82FCF7EF14589457070AC45.e.7802","ELEMENT":"f.76EFC1153EA5792FD1141D4CA15B46A2.d.89395005C82FCF7EF14589457070AC45.e.7802"}]}
RESULT: {"script":"<script> [56 bytes]","args":[{"element-6066-11e4-a52e-4f735466cecf":"f.76EFC1153EA5792FD1141D4CA15B46A2.d.89395005C82FCF7EF14589457070AC45.e.7802","ELEMENT":"f.76EFC1153EA5792FD1141D4CA15B46A2.d.89395005C82FCF7EF14589457070AC45.e.7802"}]}
COMMAND: POST /session/b6c10327e85db8e4472cf13987b22354/element - {"using":"xpath","value":"//span[contains(@title, \"Remove\")]"}
COMMAND: GET /session/b6c10327e85db8e4472cf13987b22354/screenshot - {}
RESULT: {}
RESULT: {"using":"xpath","value":"//span[contains(@title, \"Remove\")]"}
COMMAND: POST /session/b6c10327e85db8e4472cf13987b22354/element/f.76EFC1153EA5792FD1141D4CA15B46A2.d.89395005C82FCF7EF14589457070AC45.e.8319/click - {}
RESULT: {}
COMMAND: GET /session/b6c10327e85db8e4472cf13987b22354/screenshot - {}
RESULT: {}
RESULT: undefined
COMMAND: POST /session/b6c10327e85db8e4472cf13987b22354/element - {"using":"xpath","value":"//*[@id=\"application-managepartners-display-component---masterPtm--languages-arrow\"]"}
RESULT: {"using":"xpath","value":"//*[@id=\"application-managepartners-display-component---masterPtm--languages-arrow\"]"}
COMMAND: POST /session/b6c10327e85db8e4472cf13987b22354/element/f.76EFC1153EA5792FD1141D4CA15B46A2.d.89395005C82FCF7EF14589457070AC45.e.8375/click - {}
RESULT: {}
COMMAND: GET /session/b6c10327e85db8e4472cf13987b22354/screenshot - {}
RESULT: {}
COMMAND: POST /session/b6c10327e85db8e4472cf13987b22354/element - {"using":"xpath","value":"(//li[.//span[contains(text(), \"German\")]])[1]"}
RESULT: {"using":"xpath","value":"(//li[.//span[contains(text(), \"German\")]])[1]"}
COMMAND: POST /session/b6c10327e85db8e4472cf13987b22354/element/f.76EFC1153EA5792FD1141D4CA15B46A2.d.89395005C82FCF7EF14589457070AC45.e.8419/click - {}
RESULT: {}
COMMAND: GET /session/b6c10327e85db8e4472cf13987b22354/screenshot - {}
RESULT: {}
COMMAND: POST /session/b6c10327e85db8e4472cf13987b22354/element - {"using":"xpath","value":"//span[@id=\"application-managepartners-display-component---masterPtm--smartTable-header-inner\"]"}
RESULT: {"using":"xpath","value":"//span[@id=\"application-managepartners-display-component---masterPtm--smartTable-header-inner\"]"}
COMMAND: POST /session/b6c10327e85db8e4472cf13987b22354/elements - {"using":"xpath","value":"//span[@id=\"application-managepartners-display-component---masterPtm--smartTable-header-inner\"]"}
RESULT: {"using":"xpath","value":"//span[@id=\"application-managepartners-display-component---masterPtm--smartTable-header-inner\"]"}
COMMAND: POST /session/b6c10327e85db8e4472cf13987b22354/execute/sync - {"script":"<script> [56 bytes]","args":[{"element-6066-11e4-a52e-4f735466cecf":"f.76EFC1153EA5792FD1141D4CA15B46A2.d.89395005C82FCF7EF14589457070AC45.e.7802","ELEMENT":"f.76EFC1153EA5792FD1141D4CA15B46A2.d.89395005C82FCF7EF14589457070AC45.e.7802"}]}
RESULT: {"script":"<script> [56 bytes]","args":[{"element-6066-11e4-a52e-4f735466cecf":"f.76EFC1153EA5792FD1141D4CA15B46A2.d.89395005C82FCF7EF14589457070AC45.e.7802","ELEMENT":"f.76EFC1153EA5792FD1141D4CA15B46A2.d.89395005C82FCF7EF14589457070AC45.e.7802"}]}
COMMAND: POST /session/b6c10327e85db8e4472cf13987b22354/element - {"using":"xpath","value":"//span[contains(@title, \"Remove\")]"}
COMMAND: GET /session/b6c10327e85db8e4472cf13987b22354/screenshot - {}
RESULT: {"using":"xpath","value":"//span[contains(@title, \"Remove\")]"}
COMMAND: POST /session/b6c10327e85db8e4472cf13987b22354/element/f.76EFC1153EA5792FD1141D4CA15B46A2.d.89395005C82FCF7EF14589457070AC45.e.8483/click - {}
RESULT: {}
RESULT: {}
COMMAND: GET /session/b6c10327e85db8e4472cf13987b22354/screenshot - {}
RESULT: {}
COMMAND: POST /session/b6c10327e85db8e4472cf13987b22354/execute/async - {"script":"<script> [1562 bytes]","args":[{"selector":{"controlType":"sap.ui.core.Icon","viewName":"etm.portal.ui.managepartners.view.Master","viewId":"application-managepartners-display-component---masterPtm","properties":{"src":{"regex":{"source":"slim\\-arrow\\-down"}}},"ancestor":{"controlType":"sap.m.MultiComboBox","viewName":"etm.portal.ui.managepartners.view.Master","viewId":"application-managepartners-display-component---masterPtm","labelFor":{"text":"Status"}}},"wdio_ui5_key":"etmportal.ui.managepartners.view.Mastersap.ui.core.Icon{\"src\":{\"regex\":{\"source\":\"slim\\\\-arrow\\\\-down\"}}}{\"controlType\":\"sap.m.MultiComboBox\",\"viewName\":\"etm.portal.ui.managepartners.view.Master\",\"viewId\":\"application-managepartners-display-component---masterPtm\",\"labelFor\":{\"text\":\"Status\"}}"}]}
RESULT: {"script":"<script> [1562 bytes]","args":[{"selector":{"controlType":"sap.ui.core.Icon","viewName":"etm.portal.ui.managepartners.view.Master","viewId":"application-managepartners-display-component---masterPtm","properties":{"src":{"regex":{"source":"slim\\-arrow\\-down"}}},"ancestor":{"controlType":"sap.m.MultiComboBox","viewName":"etm.portal.ui.managepartners.view.Master","viewId":"application-managepartners-display-component---masterPtm","labelFor":{"text":"Status"}}},"wdio_ui5_key":"etmportal.ui.managepartners.view.Mastersap.ui.core.Icon{\"src\":{\"regex\":{\"source\":\"slim\\\\-arrow\\\\-down\"}}}{\"controlType\":\"sap.m.MultiComboBox\",\"viewName\":\"etm.portal.ui.managepartners.view.Master\",\"viewId\":\"application-managepartners-display-component---masterPtm\",\"labelFor\":{\"text\":\"Status\"}}"}]}
RESULT: undefined
COMMAND: POST /session/b6c10327e85db8e4472cf13987b22354/element - {"using":"xpath","value":"//*[@id=\"__box88-arrow\"]"}
RESULT: {"using":"xpath","value":"//*[@id=\"__box88-arrow\"]"}
COMMAND: POST /session/b6c10327e85db8e4472cf13987b22354/element/f.76EFC1153EA5792FD1141D4CA15B46A2.d.89395005C82FCF7EF14589457070AC45.e.8581/click - {}
RESULT: {}
COMMAND: GET /session/b6c10327e85db8e4472cf13987b22354/screenshot - {}
RESULT: {}
COMMAND: POST /session/b6c10327e85db8e4472cf13987b22354/element - {"using":"xpath","value":"(//li[.//span[contains(text(), \"Inactive\")]])[1]"}
RESULT: {"using":"xpath","value":"(//li[.//span[contains(text(), \"Inactive\")]])[1]"}
COMMAND: POST /session/b6c10327e85db8e4472cf13987b22354/element/f.76EFC1153EA5792FD1141D4CA15B46A2.d.89395005C82FCF7EF14589457070AC45.e.8584/click - {}
RESULT: {}
COMMAND: GET /session/b6c10327e85db8e4472cf13987b22354/screenshot - {}
RESULT: {}
COMMAND: POST /session/b6c10327e85db8e4472cf13987b22354/element - {"using":"xpath","value":"//span[@id=\"application-managepartners-display-component---masterPtm--smartTable-header-inner\"]"}
RESULT: {"using":"xpath","value":"//span[@id=\"application-managepartners-display-component---masterPtm--smartTable-header-inner\"]"}
COMMAND: POST /session/b6c10327e85db8e4472cf13987b22354/elements - {"using":"xpath","value":"//span[@id=\"application-managepartners-display-component---masterPtm--smartTable-header-inner\"]"}
RESULT: {"using":"xpath","value":"//span[@id=\"application-managepartners-display-component---masterPtm--smartTable-header-inner\"]"}
COMMAND: POST /session/b6c10327e85db8e4472cf13987b22354/execute/sync - {"script":"<script> [56 bytes]","args":[{"element-6066-11e4-a52e-4f735466cecf":"f.76EFC1153EA5792FD1141D4CA15B46A2.d.89395005C82FCF7EF14589457070AC45.e.7802","ELEMENT":"f.76EFC1153EA5792FD1141D4CA15B46A2.d.89395005C82FCF7EF14589457070AC45.e.7802"}]}
RESULT: {"script":"<script> [56 bytes]","args":[{"element-6066-11e4-a52e-4f735466cecf":"f.76EFC1153EA5792FD1141D4CA15B46A2.d.89395005C82FCF7EF14589457070AC45.e.7802","ELEMENT":"f.76EFC1153EA5792FD1141D4CA15B46A2.d.89395005C82FCF7EF14589457070AC45.e.7802"}]}
COMMAND: POST /session/b6c10327e85db8e4472cf13987b22354/element - {"using":"xpath","value":"//span[contains(@title, \"Remove\")]"}
COMMAND: GET /session/b6c10327e85db8e4472cf13987b22354/screenshot - {}
RESULT: {"using":"xpath","value":"//span[contains(@title, \"Remove\")]"}
COMMAND: POST /session/b6c10327e85db8e4472cf13987b22354/element/f.76EFC1153EA5792FD1141D4CA15B46A2.d.89395005C82FCF7EF14589457070AC45.e.8590/click - {}
RESULT: {}
RESULT: {}
COMMAND: GET /session/b6c10327e85db8e4472cf13987b22354/screenshot - {}
RESULT: {}
COMMAND: POST /session/b6c10327e85db8e4472cf13987b22354/execute/async - {"script":"<script> [1562 bytes]","args":[{"selector":{"controlType":"sap.ui.core.Icon","viewName":"etm.portal.ui.managepartners.view.Master","viewId":"application-managepartners-display-component---masterPtm","properties":{"src":{"regex":{"source":"slim\\-arrow\\-down"}}},"ancestor":{"controlType":"sap.m.MultiComboBox","viewName":"etm.portal.ui.managepartners.view.Master","viewId":"application-managepartners-display-component---masterPtm","labelFor":{"text":"Joint Venture"}}},"wdio_ui5_key":"etmportal.ui.managepartners.view.Mastersap.ui.core.Icon{\"src\":{\"regex\":{\"source\":\"slim\\\\-arrow\\\\-down\"}}}{\"controlType\":\"sap.m.MultiComboBox\",\"viewName\":\"etm.portal.ui.managepartners.view.Master\",\"viewId\":\"application-managepartners-display-component---masterPtm\",\"labelFor\":{\"text\":\"Joint Venture\"}}"}]}
RESULT: {"script":"<script> [1562 bytes]","args":[{"selector":{"controlType":"sap.ui.core.Icon","viewName":"etm.portal.ui.managepartners.view.Master","viewId":"application-managepartners-display-component---masterPtm","properties":{"src":{"regex":{"source":"slim\\-arrow\\-down"}}},"ancestor":{"controlType":"sap.m.MultiComboBox","viewName":"etm.portal.ui.managepartners.view.Master","viewId":"application-managepartners-display-component---masterPtm","labelFor":{"text":"Joint Venture"}}},"wdio_ui5_key":"etmportal.ui.managepartners.view.Mastersap.ui.core.Icon{\"src\":{\"regex\":{\"source\":\"slim\\\\-arrow\\\\-down\"}}}{\"controlType\":\"sap.m.MultiComboBox\",\"viewName\":\"etm.portal.ui.managepartners.view.Master\",\"viewId\":\"application-managepartners-display-component---masterPtm\",\"labelFor\":{\"text\":\"Joint Venture\"}}"}]}
RESULT: undefined
COMMAND: POST /session/b6c10327e85db8e4472cf13987b22354/element - {"using":"xpath","value":"//*[@id=\"__box89-arrow\"]"}
RESULT: {"using":"xpath","value":"//*[@id=\"__box89-arrow\"]"}
COMMAND: POST /session/b6c10327e85db8e4472cf13987b22354/element/f.76EFC1153EA5792FD1141D4CA15B46A2.d.89395005C82FCF7EF14589457070AC45.e.8648/click - {}
RESULT: {}
COMMAND: GET /session/b6c10327e85db8e4472cf13987b22354/screenshot - {}
RESULT: {}
COMMAND: POST /session/b6c10327e85db8e4472cf13987b22354/element - {"using":"xpath","value":"(//li[.//span[contains(text(), \"Yes\")]])[1]"}
RESULT: {"using":"xpath","value":"(//li[.//span[contains(text(), \"Yes\")]])[1]"}
COMMAND: POST /session/b6c10327e85db8e4472cf13987b22354/element/f.76EFC1153EA5792FD1141D4CA15B46A2.d.89395005C82FCF7EF14589457070AC45.e.8651/click - {}
RESULT: {}
COMMAND: GET /session/b6c10327e85db8e4472cf13987b22354/screenshot - {}
RESULT: {}
COMMAND: POST /session/b6c10327e85db8e4472cf13987b22354/element - {"using":"xpath","value":"//span[@id=\"application-managepartners-display-component---masterPtm--smartTable-header-inner\"]"}
RESULT: {"using":"xpath","value":"//span[@id=\"application-managepartners-display-component---masterPtm--smartTable-header-inner\"]"}
COMMAND: POST /session/b6c10327e85db8e4472cf13987b22354/elements - {"using":"xpath","value":"//span[@id=\"application-managepartners-display-component---masterPtm--smartTable-header-inner\"]"}
RESULT: {"using":"xpath","value":"//span[@id=\"application-managepartners-display-component---masterPtm--smartTable-header-inner\"]"}
COMMAND: POST /session/b6c10327e85db8e4472cf13987b22354/execute/sync - {"script":"<script> [56 bytes]","args":[{"element-6066-11e4-a52e-4f735466cecf":"f.76EFC1153EA5792FD1141D4CA15B46A2.d.89395005C82FCF7EF14589457070AC45.e.7802","ELEMENT":"f.76EFC1153EA5792FD1141D4CA15B46A2.d.89395005C82FCF7EF14589457070AC45.e.7802"}]}
RESULT: {"script":"<script> [56 bytes]","args":[{"element-6066-11e4-a52e-4f735466cecf":"f.76EFC1153EA5792FD1141D4CA15B46A2.d.89395005C82FCF7EF14589457070AC45.e.7802","ELEMENT":"f.76EFC1153EA5792FD1141D4CA15B46A2.d.89395005C82FCF7EF14589457070AC45.e.7802"}]}
COMMAND: POST /session/b6c10327e85db8e4472cf13987b22354/element - {"using":"xpath","value":"//span[contains(@title, \"Remove\")]"}
COMMAND: GET /session/b6c10327e85db8e4472cf13987b22354/screenshot - {}
RESULT: {"using":"xpath","value":"//span[contains(@title, \"Remove\")]"}
COMMAND: POST /session/b6c10327e85db8e4472cf13987b22354/element/f.76EFC1153EA5792FD1141D4CA15B46A2.d.89395005C82FCF7EF14589457070AC45.e.8665/click - {}
RESULT: {}
RESULT: {}
COMMAND: GET /session/b6c10327e85db8e4472cf13987b22354/screenshot - {}
RESULT: {}
RESULT: undefined
COMMAND: POST /session/b6c10327e85db8e4472cf13987b22354/element - {"using":"xpath","value":"//*[@id=\"application-managepartners-display-component---masterPtm--smartFilterBar-filterItemControl_BASIC-ALL_TAGS-vhi\"]"}
RESULT: {"using":"xpath","value":"//*[@id=\"application-managepartners-display-component---masterPtm--smartFilterBar-filterItemControl_BASIC-ALL_TAGS-vhi\"]"}
COMMAND: POST /session/b6c10327e85db8e4472cf13987b22354/element/f.76EFC1153EA5792FD1141D4CA15B46A2.d.89395005C82FCF7EF14589457070AC45.e.8725/click - {}
RESULT: {}
COMMAND: GET /session/b6c10327e85db8e4472cf13987b22354/screenshot - {}
RESULT: {}
RESULT: undefined
COMMAND: POST /session/b6c10327e85db8e4472cf13987b22354/execute/async - {"script":"<script> [776 bytes]","args":[{"enterText":"test-tag-1","selector":{"id":"application-managepartners-display-component---masterPtm--smartFilterBar-filterItemControl_BASIC-ALL_TAGS-valueHelpDialog-smartFilterBar-btnBasicSearch","searchOpenDialogs":true,"interaction":{"idSuffix":"I"}},"clearTextFirst":true,"interactionType":"ENTER_TEXT"}]}
RESULT: {"script":"<script> [776 bytes]","args":[{"enterText":"test-tag-1","selector":{"id":"application-managepartners-display-component---masterPtm--smartFilterBar-filterItemControl_BASIC-ALL_TAGS-valueHelpDialog-smartFilterBar-btnBasicSearch","searchOpenDialogs":true,"interaction":{"idSuffix":"I"}},"clearTextFirst":true,"interactionType":"ENTER_TEXT"}]}
COMMAND: POST /session/b6c10327e85db8e4472cf13987b22354/actions - {"actions":[{"id":"action32","type":"key","parameters":{},"actions":[{"type":"keyDown","value":"î€‡"},{"type":"pause","duration":10},{"type":"keyUp","value":"î€‡"}]}]}
RESULT: {"actions":[{"id":"action32","type":"key","parameters":{},"actions":[{"type":"keyDown","value":"î€‡"},{"type":"pause","duration":10},{"type":"keyUp","value":"î€‡"}]}]}
COMMAND: GET /session/b6c10327e85db8e4472cf13987b22354/screenshot - {}
RESULT: {}
COMMAND: POST /session/b6c10327e85db8e4472cf13987b22354/elements - {"using":"xpath","value":"//table[contains(@id, \"smartFilterBar-filterItemControl_BASIC-ALL_TAGS-valueHelpDialog-table-table\")]/tbody/tr"}
RESULT: {"using":"xpath","value":"//table[contains(@id, \"smartFilterBar-filterItemControl_BASIC-ALL_TAGS-valueHelpDialog-table-table\")]/tbody/tr"}
COMMAND: POST /session/b6c10327e85db8e4472cf13987b22354/element - {"using":"xpath","value":"//table[contains(@id, \"smartFilterBar-filterItemControl_BASIC-ALL_TAGS-valueHelpDialog-table-table\")]/tbody/tr[1]/td[1]/div/span"}
RESULT: {"using":"xpath","value":"//table[contains(@id, \"smartFilterBar-filterItemControl_BASIC-ALL_TAGS-valueHelpDialog-table-table\")]/tbody/tr[1]/td[1]/div/span"}
COMMAND: POST /session/b6c10327e85db8e4472cf13987b22354/elements - {"using":"xpath","value":"//table[contains(@id, \"smartFilterBar-filterItemControl_BASIC-ALL_TAGS-valueHelpDialog-table-table\")]/tbody/tr[1]/td[1]/div/span"}
RESULT: {"using":"xpath","value":"//table[contains(@id, \"smartFilterBar-filterItemControl_BASIC-ALL_TAGS-valueHelpDialog-table-table\")]/tbody/tr[1]/td[1]/div/span"}
COMMAND: POST /session/b6c10327e85db8e4472cf13987b22354/execute/sync - {"script":"<script> [56 bytes]","args":[{"element-6066-11e4-a52e-4f735466cecf":"f.76EFC1153EA5792FD1141D4CA15B46A2.d.89395005C82FCF7EF14589457070AC45.e.8744","ELEMENT":"f.76EFC1153EA5792FD1141D4CA15B46A2.d.89395005C82FCF7EF14589457070AC45.e.8744"}]}
RESULT: {"script":"<script> [56 bytes]","args":[{"element-6066-11e4-a52e-4f735466cecf":"f.76EFC1153EA5792FD1141D4CA15B46A2.d.89395005C82FCF7EF14589457070AC45.e.8744","ELEMENT":"f.76EFC1153EA5792FD1141D4CA15B46A2.d.89395005C82FCF7EF14589457070AC45.e.8744"}]}
COMMAND: POST /session/b6c10327e85db8e4472cf13987b22354/element - {"using":"xpath","value":"//div[contains(@id, \"filterItemControl_BASIC-ALL_TAGS-valueHelpDialog-table-rowsel0\")]"}
COMMAND: GET /session/b6c10327e85db8e4472cf13987b22354/screenshot - {}
RESULT: {"using":"xpath","value":"//div[contains(@id, \"filterItemControl_BASIC-ALL_TAGS-valueHelpDialog-table-rowsel0\")]"}
COMMAND: POST /session/b6c10327e85db8e4472cf13987b22354/element/f.76EFC1153EA5792FD1141D4CA15B46A2.d.89395005C82FCF7EF14589457070AC45.e.8745/click - {}
RESULT: {}
RESULT: {}
COMMAND: GET /session/b6c10327e85db8e4472cf13987b22354/screenshot - {}
RESULT: {}
COMMAND: POST /session/b6c10327e85db8e4472cf13987b22354/element - {"using":"xpath","value":"(//bdi[contains(text(), \"OK\")])[1]"}
RESULT: {"using":"xpath","value":"(//bdi[contains(text(), \"OK\")])[1]"}
COMMAND: POST /session/b6c10327e85db8e4472cf13987b22354/element/f.76EFC1153EA5792FD1141D4CA15B46A2.d.89395005C82FCF7EF14589457070AC45.e.8747/click - {}
RESULT: {}
COMMAND: GET /session/b6c10327e85db8e4472cf13987b22354/screenshot - {}
RESULT: {}
COMMAND: POST /session/b6c10327e85db8e4472cf13987b22354/element - {"using":"xpath","value":"//span[@id=\"application-managepartners-display-component---masterPtm--smartTable-header-inner\"]"}
RESULT: {"using":"xpath","value":"//span[@id=\"application-managepartners-display-component---masterPtm--smartTable-header-inner\"]"}
COMMAND: POST /session/b6c10327e85db8e4472cf13987b22354/elements - {"using":"xpath","value":"//span[@id=\"application-managepartners-display-component---masterPtm--smartTable-header-inner\"]"}
RESULT: {"using":"xpath","value":"//span[@id=\"application-managepartners-display-component---masterPtm--smartTable-header-inner\"]"}
COMMAND: POST /session/b6c10327e85db8e4472cf13987b22354/execute/sync - {"script":"<script> [56 bytes]","args":[{"element-6066-11e4-a52e-4f735466cecf":"f.76EFC1153EA5792FD1141D4CA15B46A2.d.89395005C82FCF7EF14589457070AC45.e.7802","ELEMENT":"f.76EFC1153EA5792FD1141D4CA15B46A2.d.89395005C82FCF7EF14589457070AC45.e.7802"}]}
RESULT: {"script":"<script> [56 bytes]","args":[{"element-6066-11e4-a52e-4f735466cecf":"f.76EFC1153EA5792FD1141D4CA15B46A2.d.89395005C82FCF7EF14589457070AC45.e.7802","ELEMENT":"f.76EFC1153EA5792FD1141D4CA15B46A2.d.89395005C82FCF7EF14589457070AC45.e.7802"}]}
COMMAND: POST /session/b6c10327e85db8e4472cf13987b22354/element - {"using":"xpath","value":"//span[contains(@title, \"Remove\")]"}
COMMAND: GET /session/b6c10327e85db8e4472cf13987b22354/screenshot - {}
RESULT: {"using":"xpath","value":"//span[contains(@title, \"Remove\")]"}
COMMAND: POST /session/b6c10327e85db8e4472cf13987b22354/element/f.76EFC1153EA5792FD1141D4CA15B46A2.d.89395005C82FCF7EF14589457070AC45.e.8769/click - {}
RESULT: {}
RESULT: {}
COMMAND: GET /session/b6c10327e85db8e4472cf13987b22354/screenshot - {}
RESULT: {}
COMMAND: POST /session/b6c10327e85db8e4472cf13987b22354/execute/async - {"script":"<script> [1562 bytes]","args":[{"selector":{"id":"application-managepartners-display-component---masterPtm--smartFilterBar-btnShowHide","interaction":{"idSuffix":"BDI-content"}},"wdio_ui5_key":"applicationmanagepartners-display-component---masterPtm--smartFilterBar-btnShowHide"}]}
RESULT: {"script":"<script> [1562 bytes]","args":[{"selector":{"id":"application-managepartners-display-component---masterPtm--smartFilterBar-btnShowHide","interaction":{"idSuffix":"BDI-content"}},"wdio_ui5_key":"applicationmanagepartners-display-component---masterPtm--smartFilterBar-btnShowHide"}]}
RESULT: undefined
COMMAND: POST /session/b6c10327e85db8e4472cf13987b22354/element - {"using":"xpath","value":"//*[@id=\"application-managepartners-display-component---masterPtm--smartFilterBar-btnShowHide\"]"}
RESULT: {"using":"xpath","value":"//*[@id=\"application-managepartners-display-component---masterPtm--smartFilterBar-btnShowHide\"]"}
COMMAND: POST /session/b6c10327e85db8e4472cf13987b22354/element/f.76EFC1153EA5792FD1141D4CA15B46A2.d.89395005C82FCF7EF14589457070AC45.e.7702/click - {}
RESULT: {}
COMMAND: GET /session/b6c10327e85db8e4472cf13987b22354/screenshot - {}
RESULT: {}
COMMAND: POST /session/b6c10327e85db8e4472cf13987b22354/element - {"using":"xpath","value":"//span[contains(@id,\"smartFilterBar-filterItemControl_BASIC-ALL_TAGS-vhi\")]"}
RESULT: {"using":"xpath","value":"//span[contains(@id,\"smartFilterBar-filterItemControl_BASIC-ALL_TAGS-vhi\")]"}
COMMAND: POST /session/b6c10327e85db8e4472cf13987b22354/elements - {"using":"xpath","value":"//span[contains(@id,\"smartFilterBar-filterItemControl_BASIC-ALL_TAGS-vhi\")]"}
RESULT: {"using":"xpath","value":"//span[contains(@id,\"smartFilterBar-filterItemControl_BASIC-ALL_TAGS-vhi\")]"}
RESULT: undefined
COMMAND: POST /session/b6c10327e85db8e4472cf13987b22354/element - {"using":"xpath","value":"//*[@id=\"application-managepartners-display-component---masterPtm--smartFilterBar-btnShowHide\"]"}
RESULT: {"using":"xpath","value":"//*[@id=\"application-managepartners-display-component---masterPtm--smartFilterBar-btnShowHide\"]"}
COMMAND: POST /session/b6c10327e85db8e4472cf13987b22354/element/f.76EFC1153EA5792FD1141D4CA15B46A2.d.89395005C82FCF7EF14589457070AC45.e.7702/click - {}
RESULT: {}
COMMAND: GET /session/b6c10327e85db8e4472cf13987b22354/screenshot - {}
RESULT: {}
COMMAND: POST /session/b6c10327e85db8e4472cf13987b22354/element - {"using":"xpath","value":"//span[contains(@id,\"smartFilterBar-filterItemControl_BASIC-ALL_TAGS-vhi\")]"}
RESULT: {"using":"xpath","value":"//span[contains(@id,\"smartFilterBar-filterItemControl_BASIC-ALL_TAGS-vhi\")]"}
COMMAND: POST /session/b6c10327e85db8e4472cf13987b22354/elements - {"using":"xpath","value":"//span[contains(@id,\"smartFilterBar-filterItemControl_BASIC-ALL_TAGS-vhi\")]"}
RESULT: {"using":"xpath","value":"//span[contains(@id,\"smartFilterBar-filterItemControl_BASIC-ALL_TAGS-vhi\")]"}
RESULT: undefined
COMMAND: POST /session/b6c10327e85db8e4472cf13987b22354/element - {"using":"xpath","value":"//*[@id=\"application-managepartners-display-component---masterPtm--smartFilterBar-btnFilters\"]"}
RESULT: {"using":"xpath","value":"//*[@id=\"application-managepartners-display-component---masterPtm--smartFilterBar-btnFilters\"]"}
COMMAND: POST /session/b6c10327e85db8e4472cf13987b22354/element/f.76EFC1153EA5792FD1141D4CA15B46A2.d.89395005C82FCF7EF14589457070AC45.e.7704/click - {}
RESULT: {}
COMMAND: GET /session/b6c10327e85db8e4472cf13987b22354/screenshot - {}
RESULT: {}
COMMAND: POST /session/b6c10327e85db8e4472cf13987b22354/elements - {"using":"xpath","value":"//table[contains(@id, \"listView-innerSelectionPanelTable-listUl\")]/tbody/tr"}
RESULT: {"using":"xpath","value":"//table[contains(@id, \"listView-innerSelectionPanelTable-listUl\")]/tbody/tr"}
COMMAND: POST /session/b6c10327e85db8e4472cf13987b22354/element - {"using":"xpath","value":"//table[contains(@id, \"listView-innerSelectionPanelTable-listUl\")]/tbody/tr[2]/td[2]/div/div"}
RESULT: {"using":"xpath","value":"//table[contains(@id, \"listView-innerSelectionPanelTable-listUl\")]/tbody/tr[2]/td[2]/div/div"}
COMMAND: POST /session/b6c10327e85db8e4472cf13987b22354/element - {"using":"xpath","value":"//table[contains(@id, \"listView-innerSelectionPanelTable-listUl\")]/tbody/tr[2]/td[2]/div"}
RESULT: {"using":"xpath","value":"//table[contains(@id, \"listView-innerSelectionPanelTable-listUl\")]/tbody/tr[2]/td[2]/div"}
COMMAND: POST /session/b6c10327e85db8e4472cf13987b22354/element - {"using":"xpath","value":"//table[contains(@id, \"listView-innerSelectionPanelTable-listUl\")]/tbody/tr[2]/td[3]/div/div/span/span[1]/bdi"}
RESULT: {"using":"xpath","value":"//table[contains(@id, \"listView-innerSelectionPanelTable-listUl\")]/tbody/tr[2]/td[3]/div/div/span/span[1]/bdi"}
COMMAND: POST /session/b6c10327e85db8e4472cf13987b22354/execute/sync - {"script":"<script> [56 bytes]","args":[{"element-6066-11e4-a52e-4f735466cecf":"f.76EFC1153EA5792FD1141D4CA15B46A2.d.89395005C82FCF7EF14589457070AC45.e.9032","ELEMENT":"f.76EFC1153EA5792FD1141D4CA15B46A2.d.89395005C82FCF7EF14589457070AC45.e.9032"}]}
RESULT: {"script":"<script> [56 bytes]","args":[{"element-6066-11e4-a52e-4f735466cecf":"f.76EFC1153EA5792FD1141D4CA15B46A2.d.89395005C82FCF7EF14589457070AC45.e.9032","ELEMENT":"f.76EFC1153EA5792FD1141D4CA15B46A2.d.89395005C82FCF7EF14589457070AC45.e.9032"}]}
COMMAND: GET /session/b6c10327e85db8e4472cf13987b22354/element/f.76EFC1153EA5792FD1141D4CA15B46A2.d.89395005C82FCF7EF14589457070AC45.e.9031/attribute/aria-checked - {}
COMMAND: GET /session/b6c10327e85db8e4472cf13987b22354/screenshot - {}
RESULT: {}
COMMAND: POST /session/b6c10327e85db8e4472cf13987b22354/element - {"using":"xpath","value":"//table[contains(@id, \"listView-innerSelectionPanelTable-listUl\")]/tbody/tr[3]/td[2]/div/div"}
RESULT: {}
RESULT: {"using":"xpath","value":"//table[contains(@id, \"listView-innerSelectionPanelTable-listUl\")]/tbody/tr[3]/td[2]/div/div"}
COMMAND: POST /session/b6c10327e85db8e4472cf13987b22354/element - {"using":"xpath","value":"//table[contains(@id, \"listView-innerSelectionPanelTable-listUl\")]/tbody/tr[3]/td[2]/div"}
RESULT: {"using":"xpath","value":"//table[contains(@id, \"listView-innerSelectionPanelTable-listUl\")]/tbody/tr[3]/td[2]/div"}
COMMAND: POST /session/b6c10327e85db8e4472cf13987b22354/element - {"using":"xpath","value":"//table[contains(@id, \"listView-innerSelectionPanelTable-listUl\")]/tbody/tr[3]/td[3]/div/div/span/span[1]/bdi"}
RESULT: {"using":"xpath","value":"//table[contains(@id, \"listView-innerSelectionPanelTable-listUl\")]/tbody/tr[3]/td[3]/div/div/span/span[1]/bdi"}
COMMAND: POST /session/b6c10327e85db8e4472cf13987b22354/execute/sync - {"script":"<script> [56 bytes]","args":[{"element-6066-11e4-a52e-4f735466cecf":"f.76EFC1153EA5792FD1141D4CA15B46A2.d.89395005C82FCF7EF14589457070AC45.e.9035","ELEMENT":"f.76EFC1153EA5792FD1141D4CA15B46A2.d.89395005C82FCF7EF14589457070AC45.e.9035"}]}
RESULT: {"script":"<script> [56 bytes]","args":[{"element-6066-11e4-a52e-4f735466cecf":"f.76EFC1153EA5792FD1141D4CA15B46A2.d.89395005C82FCF7EF14589457070AC45.e.9035","ELEMENT":"f.76EFC1153EA5792FD1141D4CA15B46A2.d.89395005C82FCF7EF14589457070AC45.e.9035"}]}
COMMAND: GET /session/b6c10327e85db8e4472cf13987b22354/element/f.76EFC1153EA5792FD1141D4CA15B46A2.d.89395005C82FCF7EF14589457070AC45.e.9034/attribute/aria-checked - {}
COMMAND: GET /session/b6c10327e85db8e4472cf13987b22354/screenshot - {}
RESULT: {}
COMMAND: POST /session/b6c10327e85db8e4472cf13987b22354/element - {"using":"xpath","value":"//table[contains(@id, \"listView-innerSelectionPanelTable-listUl\")]/tbody/tr[4]/td[2]/div/div"}
RESULT: {}
RESULT: {"using":"xpath","value":"//table[contains(@id, \"listView-innerSelectionPanelTable-listUl\")]/tbody/tr[4]/td[2]/div/div"}
COMMAND: POST /session/b6c10327e85db8e4472cf13987b22354/element - {"using":"xpath","value":"//table[contains(@id, \"listView-innerSelectionPanelTable-listUl\")]/tbody/tr[4]/td[2]/div"}
RESULT: {"using":"xpath","value":"//table[contains(@id, \"listView-innerSelectionPanelTable-listUl\")]/tbody/tr[4]/td[2]/div"}
COMMAND: POST /session/b6c10327e85db8e4472cf13987b22354/element - {"using":"xpath","value":"//table[contains(@id, \"listView-innerSelectionPanelTable-listUl\")]/tbody/tr[4]/td[3]/div/div/span/span[1]/bdi"}
RESULT: {"using":"xpath","value":"//table[contains(@id, \"listView-innerSelectionPanelTable-listUl\")]/tbody/tr[4]/td[3]/div/div/span/span[1]/bdi"}
COMMAND: POST /session/b6c10327e85db8e4472cf13987b22354/execute/sync - {"script":"<script> [56 bytes]","args":[{"element-6066-11e4-a52e-4f735466cecf":"f.76EFC1153EA5792FD1141D4CA15B46A2.d.89395005C82FCF7EF14589457070AC45.e.9038","ELEMENT":"f.76EFC1153EA5792FD1141D4CA15B46A2.d.89395005C82FCF7EF14589457070AC45.e.9038"}]}
RESULT: {"script":"<script> [56 bytes]","args":[{"element-6066-11e4-a52e-4f735466cecf":"f.76EFC1153EA5792FD1141D4CA15B46A2.d.89395005C82FCF7EF14589457070AC45.e.9038","ELEMENT":"f.76EFC1153EA5792FD1141D4CA15B46A2.d.89395005C82FCF7EF14589457070AC45.e.9038"}]}
COMMAND: GET /session/b6c10327e85db8e4472cf13987b22354/element/f.76EFC1153EA5792FD1141D4CA15B46A2.d.89395005C82FCF7EF14589457070AC45.e.9037/attribute/aria-checked - {}
COMMAND: GET /session/b6c10327e85db8e4472cf13987b22354/screenshot - {}
RESULT: {}
COMMAND: POST /session/b6c10327e85db8e4472cf13987b22354/element - {"using":"xpath","value":"//table[contains(@id, \"listView-innerSelectionPanelTable-listUl\")]/tbody/tr[5]/td[2]/div/div"}
RESULT: {}
RESULT: {"using":"xpath","value":"//table[contains(@id, \"listView-innerSelectionPanelTable-listUl\")]/tbody/tr[5]/td[2]/div/div"}
COMMAND: POST /session/b6c10327e85db8e4472cf13987b22354/element - {"using":"xpath","value":"//table[contains(@id, \"listView-innerSelectionPanelTable-listUl\")]/tbody/tr[5]/td[2]/div"}
RESULT: {"using":"xpath","value":"//table[contains(@id, \"listView-innerSelectionPanelTable-listUl\")]/tbody/tr[5]/td[2]/div"}
COMMAND: POST /session/b6c10327e85db8e4472cf13987b22354/element - {"using":"xpath","value":"//table[contains(@id, \"listView-innerSelectionPanelTable-listUl\")]/tbody/tr[5]/td[3]/div/div/span/span[1]/bdi"}
RESULT: {"using":"xpath","value":"//table[contains(@id, \"listView-innerSelectionPanelTable-listUl\")]/tbody/tr[5]/td[3]/div/div/span/span[1]/bdi"}
COMMAND: POST /session/b6c10327e85db8e4472cf13987b22354/execute/sync - {"script":"<script> [56 bytes]","args":[{"element-6066-11e4-a52e-4f735466cecf":"f.76EFC1153EA5792FD1141D4CA15B46A2.d.89395005C82FCF7EF14589457070AC45.e.9041","ELEMENT":"f.76EFC1153EA5792FD1141D4CA15B46A2.d.89395005C82FCF7EF14589457070AC45.e.9041"}]}
RESULT: {"script":"<script> [56 bytes]","args":[{"element-6066-11e4-a52e-4f735466cecf":"f.76EFC1153EA5792FD1141D4CA15B46A2.d.89395005C82FCF7EF14589457070AC45.e.9041","ELEMENT":"f.76EFC1153EA5792FD1141D4CA15B46A2.d.89395005C82FCF7EF14589457070AC45.e.9041"}]}
COMMAND: GET /session/b6c10327e85db8e4472cf13987b22354/element/f.76EFC1153EA5792FD1141D4CA15B46A2.d.89395005C82FCF7EF14589457070AC45.e.9040/attribute/aria-checked - {}
COMMAND: GET /session/b6c10327e85db8e4472cf13987b22354/screenshot - {}
RESULT: {}
COMMAND: POST /session/b6c10327e85db8e4472cf13987b22354/element - {"using":"xpath","value":"//table[contains(@id, \"listView-innerSelectionPanelTable-listUl\")]/tbody/tr[6]/td[2]/div/div"}
RESULT: {}
RESULT: {"using":"xpath","value":"//table[contains(@id, \"listView-innerSelectionPanelTable-listUl\")]/tbody/tr[6]/td[2]/div/div"}
COMMAND: POST /session/b6c10327e85db8e4472cf13987b22354/element - {"using":"xpath","value":"//table[contains(@id, \"listView-innerSelectionPanelTable-listUl\")]/tbody/tr[6]/td[2]/div"}
RESULT: {"using":"xpath","value":"//table[contains(@id, \"listView-innerSelectionPanelTable-listUl\")]/tbody/tr[6]/td[2]/div"}
COMMAND: POST /session/b6c10327e85db8e4472cf13987b22354/element - {"using":"xpath","value":"//table[contains(@id, \"listView-innerSelectionPanelTable-listUl\")]/tbody/tr[6]/td[3]/div/div/span/span[1]/bdi"}
RESULT: {"using":"xpath","value":"//table[contains(@id, \"listView-innerSelectionPanelTable-listUl\")]/tbody/tr[6]/td[3]/div/div/span/span[1]/bdi"}
COMMAND: POST /session/b6c10327e85db8e4472cf13987b22354/execute/sync - {"script":"<script> [56 bytes]","args":[{"element-6066-11e4-a52e-4f735466cecf":"f.76EFC1153EA5792FD1141D4CA15B46A2.d.89395005C82FCF7EF14589457070AC45.e.9044","ELEMENT":"f.76EFC1153EA5792FD1141D4CA15B46A2.d.89395005C82FCF7EF14589457070AC45.e.9044"}]}
RESULT: {"script":"<script> [56 bytes]","args":[{"element-6066-11e4-a52e-4f735466cecf":"f.76EFC1153EA5792FD1141D4CA15B46A2.d.89395005C82FCF7EF14589457070AC45.e.9044","ELEMENT":"f.76EFC1153EA5792FD1141D4CA15B46A2.d.89395005C82FCF7EF14589457070AC45.e.9044"}]}
COMMAND: GET /session/b6c10327e85db8e4472cf13987b22354/element/f.76EFC1153EA5792FD1141D4CA15B46A2.d.89395005C82FCF7EF14589457070AC45.e.9043/attribute/aria-checked - {}
COMMAND: GET /session/b6c10327e85db8e4472cf13987b22354/screenshot - {}
RESULT: {}
COMMAND: POST /session/b6c10327e85db8e4472cf13987b22354/element - {"using":"xpath","value":"//table[contains(@id, \"listView-innerSelectionPanelTable-listUl\")]/tbody/tr[7]/td[2]/div/div"}
RESULT: {}
RESULT: {"using":"xpath","value":"//table[contains(@id, \"listView-innerSelectionPanelTable-listUl\")]/tbody/tr[7]/td[2]/div/div"}
COMMAND: POST /session/b6c10327e85db8e4472cf13987b22354/element - {"using":"xpath","value":"//table[contains(@id, \"listView-innerSelectionPanelTable-listUl\")]/tbody/tr[7]/td[2]/div"}
RESULT: {"using":"xpath","value":"//table[contains(@id, \"listView-innerSelectionPanelTable-listUl\")]/tbody/tr[7]/td[2]/div"}
COMMAND: POST /session/b6c10327e85db8e4472cf13987b22354/element - {"using":"xpath","value":"//table[contains(@id, \"listView-innerSelectionPanelTable-listUl\")]/tbody/tr[7]/td[3]/div/div/span/span[1]/bdi"}
RESULT: {"using":"xpath","value":"//table[contains(@id, \"listView-innerSelectionPanelTable-listUl\")]/tbody/tr[7]/td[3]/div/div/span/span[1]/bdi"}
COMMAND: POST /session/b6c10327e85db8e4472cf13987b22354/execute/sync - {"script":"<script> [56 bytes]","args":[{"element-6066-11e4-a52e-4f735466cecf":"f.76EFC1153EA5792FD1141D4CA15B46A2.d.89395005C82FCF7EF14589457070AC45.e.9047","ELEMENT":"f.76EFC1153EA5792FD1141D4CA15B46A2.d.89395005C82FCF7EF14589457070AC45.e.9047"}]}
RESULT: {"script":"<script> [56 bytes]","args":[{"element-6066-11e4-a52e-4f735466cecf":"f.76EFC1153EA5792FD1141D4CA15B46A2.d.89395005C82FCF7EF14589457070AC45.e.9047","ELEMENT":"f.76EFC1153EA5792FD1141D4CA15B46A2.d.89395005C82FCF7EF14589457070AC45.e.9047"}]}
COMMAND: GET /session/b6c10327e85db8e4472cf13987b22354/element/f.76EFC1153EA5792FD1141D4CA15B46A2.d.89395005C82FCF7EF14589457070AC45.e.9046/attribute/aria-checked - {}
COMMAND: GET /session/b6c10327e85db8e4472cf13987b22354/screenshot - {}
RESULT: {}
COMMAND: POST /session/b6c10327e85db8e4472cf13987b22354/element - {"using":"xpath","value":"//table[contains(@id, \"listView-innerSelectionPanelTable-listUl\")]/tbody/tr[8]/td[2]/div/div"}
RESULT: {}
RESULT: {"using":"xpath","value":"//table[contains(@id, \"listView-innerSelectionPanelTable-listUl\")]/tbody/tr[8]/td[2]/div/div"}
COMMAND: POST /session/b6c10327e85db8e4472cf13987b22354/element - {"using":"xpath","value":"//table[contains(@id, \"listView-innerSelectionPanelTable-listUl\")]/tbody/tr[8]/td[2]/div"}
RESULT: {"using":"xpath","value":"//table[contains(@id, \"listView-innerSelectionPanelTable-listUl\")]/tbody/tr[8]/td[2]/div"}
COMMAND: POST /session/b6c10327e85db8e4472cf13987b22354/element - {"using":"xpath","value":"//table[contains(@id, \"listView-innerSelectionPanelTable-listUl\")]/tbody/tr[8]/td[3]/div/div/span/span[1]/bdi"}
RESULT: {"using":"xpath","value":"//table[contains(@id, \"listView-innerSelectionPanelTable-listUl\")]/tbody/tr[8]/td[3]/div/div/span/span[1]/bdi"}
COMMAND: POST /session/b6c10327e85db8e4472cf13987b22354/execute/sync - {"script":"<script> [56 bytes]","args":[{"element-6066-11e4-a52e-4f735466cecf":"f.76EFC1153EA5792FD1141D4CA15B46A2.d.89395005C82FCF7EF14589457070AC45.e.9050","ELEMENT":"f.76EFC1153EA5792FD1141D4CA15B46A2.d.89395005C82FCF7EF14589457070AC45.e.9050"}]}
RESULT: {"script":"<script> [56 bytes]","args":[{"element-6066-11e4-a52e-4f735466cecf":"f.76EFC1153EA5792FD1141D4CA15B46A2.d.89395005C82FCF7EF14589457070AC45.e.9050","ELEMENT":"f.76EFC1153EA5792FD1141D4CA15B46A2.d.89395005C82FCF7EF14589457070AC45.e.9050"}]}
COMMAND: GET /session/b6c10327e85db8e4472cf13987b22354/element/f.76EFC1153EA5792FD1141D4CA15B46A2.d.89395005C82FCF7EF14589457070AC45.e.9049/attribute/aria-checked - {}
COMMAND: GET /session/b6c10327e85db8e4472cf13987b22354/screenshot - {}
RESULT: {}
COMMAND: POST /session/b6c10327e85db8e4472cf13987b22354/element - {"using":"xpath","value":"//table[contains(@id, \"listView-innerSelectionPanelTable-listUl\")]/tbody/tr[9]/td[2]/div/div"}
RESULT: {}
RESULT: {"using":"xpath","value":"//table[contains(@id, \"listView-innerSelectionPanelTable-listUl\")]/tbody/tr[9]/td[2]/div/div"}
COMMAND: POST /session/b6c10327e85db8e4472cf13987b22354/element - {"using":"xpath","value":"//table[contains(@id, \"listView-innerSelectionPanelTable-listUl\")]/tbody/tr[9]/td[2]/div"}
RESULT: {"using":"xpath","value":"//table[contains(@id, \"listView-innerSelectionPanelTable-listUl\")]/tbody/tr[9]/td[2]/div"}
COMMAND: POST /session/b6c10327e85db8e4472cf13987b22354/element - {"using":"xpath","value":"//table[contains(@id, \"listView-innerSelectionPanelTable-listUl\")]/tbody/tr[9]/td[3]/div/div/span/span[1]/bdi"}
RESULT: {"using":"xpath","value":"//table[contains(@id, \"listView-innerSelectionPanelTable-listUl\")]/tbody/tr[9]/td[3]/div/div/span/span[1]/bdi"}
COMMAND: POST /session/b6c10327e85db8e4472cf13987b22354/execute/sync - {"script":"<script> [56 bytes]","args":[{"element-6066-11e4-a52e-4f735466cecf":"f.76EFC1153EA5792FD1141D4CA15B46A2.d.89395005C82FCF7EF14589457070AC45.e.9053","ELEMENT":"f.76EFC1153EA5792FD1141D4CA15B46A2.d.89395005C82FCF7EF14589457070AC45.e.9053"}]}
RESULT: {"script":"<script> [56 bytes]","args":[{"element-6066-11e4-a52e-4f735466cecf":"f.76EFC1153EA5792FD1141D4CA15B46A2.d.89395005C82FCF7EF14589457070AC45.e.9053","ELEMENT":"f.76EFC1153EA5792FD1141D4CA15B46A2.d.89395005C82FCF7EF14589457070AC45.e.9053"}]}
COMMAND: GET /session/b6c10327e85db8e4472cf13987b22354/element/f.76EFC1153EA5792FD1141D4CA15B46A2.d.89395005C82FCF7EF14589457070AC45.e.9052/attribute/aria-checked - {}
COMMAND: GET /session/b6c10327e85db8e4472cf13987b22354/screenshot - {}
RESULT: {}
COMMAND: POST /session/b6c10327e85db8e4472cf13987b22354/element - {"using":"xpath","value":"//table[contains(@id, \"listView-innerSelectionPanelTable-listUl\")]/tbody/tr[10]/td[2]/div/div"}
RESULT: {}
RESULT: {"using":"xpath","value":"//table[contains(@id, \"listView-innerSelectionPanelTable-listUl\")]/tbody/tr[10]/td[2]/div/div"}
COMMAND: POST /session/b6c10327e85db8e4472cf13987b22354/element - {"using":"xpath","value":"//table[contains(@id, \"listView-innerSelectionPanelTable-listUl\")]/tbody/tr[10]/td[2]/div"}
RESULT: {"using":"xpath","value":"//table[contains(@id, \"listView-innerSelectionPanelTable-listUl\")]/tbody/tr[10]/td[2]/div"}
COMMAND: POST /session/b6c10327e85db8e4472cf13987b22354/element - {"using":"xpath","value":"//table[contains(@id, \"listView-innerSelectionPanelTable-listUl\")]/tbody/tr[10]/td[3]/div/div/span/span[1]/bdi"}
RESULT: {"using":"xpath","value":"//table[contains(@id, \"listView-innerSelectionPanelTable-listUl\")]/tbody/tr[10]/td[3]/div/div/span/span[1]/bdi"}
COMMAND: POST /session/b6c10327e85db8e4472cf13987b22354/execute/sync - {"script":"<script> [56 bytes]","args":[{"element-6066-11e4-a52e-4f735466cecf":"f.76EFC1153EA5792FD1141D4CA15B46A2.d.89395005C82FCF7EF14589457070AC45.e.9056","ELEMENT":"f.76EFC1153EA5792FD1141D4CA15B46A2.d.89395005C82FCF7EF14589457070AC45.e.9056"}]}
RESULT: {"script":"<script> [56 bytes]","args":[{"element-6066-11e4-a52e-4f735466cecf":"f.76EFC1153EA5792FD1141D4CA15B46A2.d.89395005C82FCF7EF14589457070AC45.e.9056","ELEMENT":"f.76EFC1153EA5792FD1141D4CA15B46A2.d.89395005C82FCF7EF14589457070AC45.e.9056"}]}
COMMAND: GET /session/b6c10327e85db8e4472cf13987b22354/element/f.76EFC1153EA5792FD1141D4CA15B46A2.d.89395005C82FCF7EF14589457070AC45.e.9055/attribute/aria-checked - {}
COMMAND: GET /session/b6c10327e85db8e4472cf13987b22354/screenshot - {}
RESULT: {}
COMMAND: POST /session/b6c10327e85db8e4472cf13987b22354/element - {"using":"xpath","value":"//table[contains(@id, \"listView-innerSelectionPanelTable-listUl\")]/tbody/tr[11]/td[2]/div/div"}
RESULT: {}
RESULT: {"using":"xpath","value":"//table[contains(@id, \"listView-innerSelectionPanelTable-listUl\")]/tbody/tr[11]/td[2]/div/div"}
COMMAND: POST /session/b6c10327e85db8e4472cf13987b22354/element - {"using":"xpath","value":"//table[contains(@id, \"listView-innerSelectionPanelTable-listUl\")]/tbody/tr[11]/td[2]/div"}
RESULT: {"using":"xpath","value":"//table[contains(@id, \"listView-innerSelectionPanelTable-listUl\")]/tbody/tr[11]/td[2]/div"}
COMMAND: POST /session/b6c10327e85db8e4472cf13987b22354/element - {"using":"xpath","value":"//table[contains(@id, \"listView-innerSelectionPanelTable-listUl\")]/tbody/tr[11]/td[3]/div/div/span/span[1]/bdi"}
RESULT: {"using":"xpath","value":"//table[contains(@id, \"listView-innerSelectionPanelTable-listUl\")]/tbody/tr[11]/td[3]/div/div/span/span[1]/bdi"}
COMMAND: POST /session/b6c10327e85db8e4472cf13987b22354/execute/sync - {"script":"<script> [56 bytes]","args":[{"element-6066-11e4-a52e-4f735466cecf":"f.76EFC1153EA5792FD1141D4CA15B46A2.d.89395005C82FCF7EF14589457070AC45.e.9059","ELEMENT":"f.76EFC1153EA5792FD1141D4CA15B46A2.d.89395005C82FCF7EF14589457070AC45.e.9059"}]}
RESULT: {"script":"<script> [56 bytes]","args":[{"element-6066-11e4-a52e-4f735466cecf":"f.76EFC1153EA5792FD1141D4CA15B46A2.d.89395005C82FCF7EF14589457070AC45.e.9059","ELEMENT":"f.76EFC1153EA5792FD1141D4CA15B46A2.d.89395005C82FCF7EF14589457070AC45.e.9059"}]}
COMMAND: GET /session/b6c10327e85db8e4472cf13987b22354/element/f.76EFC1153EA5792FD1141D4CA15B46A2.d.89395005C82FCF7EF14589457070AC45.e.9058/attribute/aria-checked - {}
COMMAND: GET /session/b6c10327e85db8e4472cf13987b22354/screenshot - {}
RESULT: {}
COMMAND: POST /session/b6c10327e85db8e4472cf13987b22354/element - {"using":"xpath","value":"//table[contains(@id, \"listView-innerSelectionPanelTable-listUl\")]/tbody/tr[12]/td[2]/div/div"}
RESULT: {}
RESULT: {"using":"xpath","value":"//table[contains(@id, \"listView-innerSelectionPanelTable-listUl\")]/tbody/tr[12]/td[2]/div/div"}
COMMAND: POST /session/b6c10327e85db8e4472cf13987b22354/element - {"using":"xpath","value":"//table[contains(@id, \"listView-innerSelectionPanelTable-listUl\")]/tbody/tr[12]/td[2]/div"}
RESULT: {"using":"xpath","value":"//table[contains(@id, \"listView-innerSelectionPanelTable-listUl\")]/tbody/tr[12]/td[2]/div"}
COMMAND: POST /session/b6c10327e85db8e4472cf13987b22354/element - {"using":"xpath","value":"//table[contains(@id, \"listView-innerSelectionPanelTable-listUl\")]/tbody/tr[12]/td[3]/div/div/span/span[1]/bdi"}
RESULT: {"using":"xpath","value":"//table[contains(@id, \"listView-innerSelectionPanelTable-listUl\")]/tbody/tr[12]/td[3]/div/div/span/span[1]/bdi"}
COMMAND: POST /session/b6c10327e85db8e4472cf13987b22354/execute/sync - {"script":"<script> [56 bytes]","args":[{"element-6066-11e4-a52e-4f735466cecf":"f.76EFC1153EA5792FD1141D4CA15B46A2.d.89395005C82FCF7EF14589457070AC45.e.9062","ELEMENT":"f.76EFC1153EA5792FD1141D4CA15B46A2.d.89395005C82FCF7EF14589457070AC45.e.9062"}]}
RESULT: {"script":"<script> [56 bytes]","args":[{"element-6066-11e4-a52e-4f735466cecf":"f.76EFC1153EA5792FD1141D4CA15B46A2.d.89395005C82FCF7EF14589457070AC45.e.9062","ELEMENT":"f.76EFC1153EA5792FD1141D4CA15B46A2.d.89395005C82FCF7EF14589457070AC45.e.9062"}]}
COMMAND: GET /session/b6c10327e85db8e4472cf13987b22354/element/f.76EFC1153EA5792FD1141D4CA15B46A2.d.89395005C82FCF7EF14589457070AC45.e.9061/attribute/aria-checked - {}
COMMAND: GET /session/b6c10327e85db8e4472cf13987b22354/screenshot - {}
RESULT: {}
COMMAND: POST /session/b6c10327e85db8e4472cf13987b22354/element - {"using":"xpath","value":"//table[contains(@id, \"listView-innerSelectionPanelTable-listUl\")]/tbody/tr[13]/td[2]/div/div"}
RESULT: {}
RESULT: {"using":"xpath","value":"//table[contains(@id, \"listView-innerSelectionPanelTable-listUl\")]/tbody/tr[13]/td[2]/div/div"}
COMMAND: POST /session/b6c10327e85db8e4472cf13987b22354/element - {"using":"xpath","value":"//table[contains(@id, \"listView-innerSelectionPanelTable-listUl\")]/tbody/tr[13]/td[2]/div"}
RESULT: {"using":"xpath","value":"//table[contains(@id, \"listView-innerSelectionPanelTable-listUl\")]/tbody/tr[13]/td[2]/div"}
COMMAND: POST /session/b6c10327e85db8e4472cf13987b22354/element - {"using":"xpath","value":"//table[contains(@id, \"listView-innerSelectionPanelTable-listUl\")]/tbody/tr[13]/td[3]/div/div/span/span[1]/bdi"}
RESULT: {"using":"xpath","value":"//table[contains(@id, \"listView-innerSelectionPanelTable-listUl\")]/tbody/tr[13]/td[3]/div/div/span/span[1]/bdi"}
COMMAND: POST /session/b6c10327e85db8e4472cf13987b22354/execute/sync - {"script":"<script> [56 bytes]","args":[{"element-6066-11e4-a52e-4f735466cecf":"f.76EFC1153EA5792FD1141D4CA15B46A2.d.89395005C82FCF7EF14589457070AC45.e.9065","ELEMENT":"f.76EFC1153EA5792FD1141D4CA15B46A2.d.89395005C82FCF7EF14589457070AC45.e.9065"}]}
RESULT: {"script":"<script> [56 bytes]","args":[{"element-6066-11e4-a52e-4f735466cecf":"f.76EFC1153EA5792FD1141D4CA15B46A2.d.89395005C82FCF7EF14589457070AC45.e.9065","ELEMENT":"f.76EFC1153EA5792FD1141D4CA15B46A2.d.89395005C82FCF7EF14589457070AC45.e.9065"}]}
COMMAND: GET /session/b6c10327e85db8e4472cf13987b22354/element/f.76EFC1153EA5792FD1141D4CA15B46A2.d.89395005C82FCF7EF14589457070AC45.e.9064/attribute/aria-checked - {}
COMMAND: GET /session/b6c10327e85db8e4472cf13987b22354/screenshot - {}
RESULT: {}
COMMAND: POST /session/b6c10327e85db8e4472cf13987b22354/element/f.76EFC1153EA5792FD1141D4CA15B46A2.d.89395005C82FCF7EF14589457070AC45.e.9063/click - {}
RESULT: {}
COMMAND: POST /session/b6c10327e85db8e4472cf13987b22354/element - {"using":"xpath","value":"//table[contains(@id, \"listView-innerSelectionPanelTable-listUl\")]/tbody/tr[14]/td[2]/div/div"}
RESULT: {}
COMMAND: GET /session/b6c10327e85db8e4472cf13987b22354/screenshot - {}
RESULT: {"using":"xpath","value":"//table[contains(@id, \"listView-innerSelectionPanelTable-listUl\")]/tbody/tr[14]/td[2]/div/div"}
COMMAND: POST /session/b6c10327e85db8e4472cf13987b22354/element - {"using":"xpath","value":"//table[contains(@id, \"listView-innerSelectionPanelTable-listUl\")]/tbody/tr[14]/td[2]/div"}
RESULT: {}
RESULT: {"using":"xpath","value":"//table[contains(@id, \"listView-innerSelectionPanelTable-listUl\")]/tbody/tr[14]/td[2]/div"}
COMMAND: POST /session/b6c10327e85db8e4472cf13987b22354/element - {"using":"xpath","value":"//table[contains(@id, \"listView-innerSelectionPanelTable-listUl\")]/tbody/tr[14]/td[3]/div/div/span/span[1]/bdi"}
RESULT: {"using":"xpath","value":"//table[contains(@id, \"listView-innerSelectionPanelTable-listUl\")]/tbody/tr[14]/td[3]/div/div/span/span[1]/bdi"}
COMMAND: POST /session/b6c10327e85db8e4472cf13987b22354/execute/sync - {"script":"<script> [56 bytes]","args":[{"element-6066-11e4-a52e-4f735466cecf":"f.76EFC1153EA5792FD1141D4CA15B46A2.d.89395005C82FCF7EF14589457070AC45.e.9069","ELEMENT":"f.76EFC1153EA5792FD1141D4CA15B46A2.d.89395005C82FCF7EF14589457070AC45.e.9069"}]}
RESULT: {"script":"<script> [56 bytes]","args":[{"element-6066-11e4-a52e-4f735466cecf":"f.76EFC1153EA5792FD1141D4CA15B46A2.d.89395005C82FCF7EF14589457070AC45.e.9069","ELEMENT":"f.76EFC1153EA5792FD1141D4CA15B46A2.d.89395005C82FCF7EF14589457070AC45.e.9069"}]}
COMMAND: GET /session/b6c10327e85db8e4472cf13987b22354/element/f.76EFC1153EA5792FD1141D4CA15B46A2.d.89395005C82FCF7EF14589457070AC45.e.9068/attribute/aria-checked - {}
COMMAND: GET /session/b6c10327e85db8e4472cf13987b22354/screenshot - {}
RESULT: {}
COMMAND: POST /session/b6c10327e85db8e4472cf13987b22354/element/f.76EFC1153EA5792FD1141D4CA15B46A2.d.89395005C82FCF7EF14589457070AC45.e.9067/click - {}
RESULT: {}
RESULT: {}
COMMAND: GET /session/b6c10327e85db8e4472cf13987b22354/screenshot - {}
COMMAND: POST /session/b6c10327e85db8e4472cf13987b22354/element - {"using":"xpath","value":"//table[contains(@id, \"listView-innerSelectionPanelTable-listUl\")]/tbody/tr[15]/td[2]/div/div"}
RESULT: {}
RESULT: {"using":"xpath","value":"//table[contains(@id, \"listView-innerSelectionPanelTable-listUl\")]/tbody/tr[15]/td[2]/div/div"}
COMMAND: POST /session/b6c10327e85db8e4472cf13987b22354/element - {"using":"xpath","value":"//table[contains(@id, \"listView-innerSelectionPanelTable-listUl\")]/tbody/tr[15]/td[2]/div"}
RESULT: {"using":"xpath","value":"//table[contains(@id, \"listView-innerSelectionPanelTable-listUl\")]/tbody/tr[15]/td[2]/div"}
COMMAND: POST /session/b6c10327e85db8e4472cf13987b22354/element - {"using":"xpath","value":"//table[contains(@id, \"listView-innerSelectionPanelTable-listUl\")]/tbody/tr[15]/td[3]/div/div/span/span[1]/bdi"}
RESULT: {"using":"xpath","value":"//table[contains(@id, \"listView-innerSelectionPanelTable-listUl\")]/tbody/tr[15]/td[3]/div/div/span/span[1]/bdi"}
COMMAND: POST /session/b6c10327e85db8e4472cf13987b22354/execute/sync - {"script":"<script> [56 bytes]","args":[{"element-6066-11e4-a52e-4f735466cecf":"f.76EFC1153EA5792FD1141D4CA15B46A2.d.89395005C82FCF7EF14589457070AC45.e.9073","ELEMENT":"f.76EFC1153EA5792FD1141D4CA15B46A2.d.89395005C82FCF7EF14589457070AC45.e.9073"}]}
RESULT: {"script":"<script> [56 bytes]","args":[{"element-6066-11e4-a52e-4f735466cecf":"f.76EFC1153EA5792FD1141D4CA15B46A2.d.89395005C82FCF7EF14589457070AC45.e.9073","ELEMENT":"f.76EFC1153EA5792FD1141D4CA15B46A2.d.89395005C82FCF7EF14589457070AC45.e.9073"}]}
COMMAND: GET /session/b6c10327e85db8e4472cf13987b22354/element/f.76EFC1153EA5792FD1141D4CA15B46A2.d.89395005C82FCF7EF14589457070AC45.e.9072/attribute/aria-checked - {}
COMMAND: GET /session/b6c10327e85db8e4472cf13987b22354/screenshot - {}
RESULT: {}
COMMAND: POST /session/b6c10327e85db8e4472cf13987b22354/element - {"using":"xpath","value":"//table[contains(@id, \"listView-innerSelectionPanelTable-listUl\")]/tbody/tr[16]/td[2]/div/div"}
RESULT: {}
RESULT: {"using":"xpath","value":"//table[contains(@id, \"listView-innerSelectionPanelTable-listUl\")]/tbody/tr[16]/td[2]/div/div"}
COMMAND: POST /session/b6c10327e85db8e4472cf13987b22354/element - {"using":"xpath","value":"//table[contains(@id, \"listView-innerSelectionPanelTable-listUl\")]/tbody/tr[16]/td[2]/div"}
RESULT: {"using":"xpath","value":"//table[contains(@id, \"listView-innerSelectionPanelTable-listUl\")]/tbody/tr[16]/td[2]/div"}
COMMAND: POST /session/b6c10327e85db8e4472cf13987b22354/element - {"using":"xpath","value":"//table[contains(@id, \"listView-innerSelectionPanelTable-listUl\")]/tbody/tr[16]/td[3]/div/div/span/span[1]/bdi"}
RESULT: {"using":"xpath","value":"//table[contains(@id, \"listView-innerSelectionPanelTable-listUl\")]/tbody/tr[16]/td[3]/div/div/span/span[1]/bdi"}
COMMAND: POST /session/b6c10327e85db8e4472cf13987b22354/execute/sync - {"script":"<script> [56 bytes]","args":[{"element-6066-11e4-a52e-4f735466cecf":"f.76EFC1153EA5792FD1141D4CA15B46A2.d.89395005C82FCF7EF14589457070AC45.e.9076","ELEMENT":"f.76EFC1153EA5792FD1141D4CA15B46A2.d.89395005C82FCF7EF14589457070AC45.e.9076"}]}
RESULT: {"script":"<script> [56 bytes]","args":[{"element-6066-11e4-a52e-4f735466cecf":"f.76EFC1153EA5792FD1141D4CA15B46A2.d.89395005C82FCF7EF14589457070AC45.e.9076","ELEMENT":"f.76EFC1153EA5792FD1141D4CA15B46A2.d.89395005C82FCF7EF14589457070AC45.e.9076"}]}
COMMAND: GET /session/b6c10327e85db8e4472cf13987b22354/element/f.76EFC1153EA5792FD1141D4CA15B46A2.d.89395005C82FCF7EF14589457070AC45.e.9075/attribute/aria-checked - {}
COMMAND: GET /session/b6c10327e85db8e4472cf13987b22354/screenshot - {}
RESULT: {}
COMMAND: POST /session/b6c10327e85db8e4472cf13987b22354/element/f.76EFC1153EA5792FD1141D4CA15B46A2.d.89395005C82FCF7EF14589457070AC45.e.9074/click - {}
RESULT: {}
RESULT: {}
COMMAND: GET /session/b6c10327e85db8e4472cf13987b22354/screenshot - {}
COMMAND: POST /session/b6c10327e85db8e4472cf13987b22354/element - {"using":"xpath","value":"//table[contains(@id, \"listView-innerSelectionPanelTable-listUl\")]/tbody/tr[17]/td[2]/div/div"}
RESULT: {}
RESULT: {"using":"xpath","value":"//table[contains(@id, \"listView-innerSelectionPanelTable-listUl\")]/tbody/tr[17]/td[2]/div/div"}
COMMAND: POST /session/b6c10327e85db8e4472cf13987b22354/element - {"using":"xpath","value":"//table[contains(@id, \"listView-innerSelectionPanelTable-listUl\")]/tbody/tr[17]/td[2]/div"}
RESULT: {"using":"xpath","value":"//table[contains(@id, \"listView-innerSelectionPanelTable-listUl\")]/tbody/tr[17]/td[2]/div"}
COMMAND: POST /session/b6c10327e85db8e4472cf13987b22354/element - {"using":"xpath","value":"//table[contains(@id, \"listView-innerSelectionPanelTable-listUl\")]/tbody/tr[17]/td[3]/div/div/span/span[1]/bdi"}
RESULT: {"using":"xpath","value":"//table[contains(@id, \"listView-innerSelectionPanelTable-listUl\")]/tbody/tr[17]/td[3]/div/div/span/span[1]/bdi"}
COMMAND: POST /session/b6c10327e85db8e4472cf13987b22354/execute/sync - {"script":"<script> [56 bytes]","args":[{"element-6066-11e4-a52e-4f735466cecf":"f.76EFC1153EA5792FD1141D4CA15B46A2.d.89395005C82FCF7EF14589457070AC45.e.9080","ELEMENT":"f.76EFC1153EA5792FD1141D4CA15B46A2.d.89395005C82FCF7EF14589457070AC45.e.9080"}]}
RESULT: {"script":"<script> [56 bytes]","args":[{"element-6066-11e4-a52e-4f735466cecf":"f.76EFC1153EA5792FD1141D4CA15B46A2.d.89395005C82FCF7EF14589457070AC45.e.9080","ELEMENT":"f.76EFC1153EA5792FD1141D4CA15B46A2.d.89395005C82FCF7EF14589457070AC45.e.9080"}]}
COMMAND: GET /session/b6c10327e85db8e4472cf13987b22354/element/f.76EFC1153EA5792FD1141D4CA15B46A2.d.89395005C82FCF7EF14589457070AC45.e.9079/attribute/aria-checked - {}
COMMAND: GET /session/b6c10327e85db8e4472cf13987b22354/screenshot - {}
RESULT: {}
COMMAND: POST /session/b6c10327e85db8e4472cf13987b22354/element - {"using":"xpath","value":"//table[contains(@id, \"listView-innerSelectionPanelTable-listUl\")]/tbody/tr[18]/td[2]/div/div"}
RESULT: {}
RESULT: {"using":"xpath","value":"//table[contains(@id, \"listView-innerSelectionPanelTable-listUl\")]/tbody/tr[18]/td[2]/div/div"}
COMMAND: POST /session/b6c10327e85db8e4472cf13987b22354/element - {"using":"xpath","value":"//table[contains(@id, \"listView-innerSelectionPanelTable-listUl\")]/tbody/tr[18]/td[2]/div"}
RESULT: {"using":"xpath","value":"//table[contains(@id, \"listView-innerSelectionPanelTable-listUl\")]/tbody/tr[18]/td[2]/div"}
COMMAND: POST /session/b6c10327e85db8e4472cf13987b22354/element - {"using":"xpath","value":"//table[contains(@id, \"listView-innerSelectionPanelTable-listUl\")]/tbody/tr[18]/td[3]/div/div/span/span[1]/bdi"}
RESULT: {"using":"xpath","value":"//table[contains(@id, \"listView-innerSelectionPanelTable-listUl\")]/tbody/tr[18]/td[3]/div/div/span/span[1]/bdi"}
COMMAND: POST /session/b6c10327e85db8e4472cf13987b22354/execute/sync - {"script":"<script> [56 bytes]","args":[{"element-6066-11e4-a52e-4f735466cecf":"f.76EFC1153EA5792FD1141D4CA15B46A2.d.89395005C82FCF7EF14589457070AC45.e.9083","ELEMENT":"f.76EFC1153EA5792FD1141D4CA15B46A2.d.89395005C82FCF7EF14589457070AC45.e.9083"}]}
RESULT: {"script":"<script> [56 bytes]","args":[{"element-6066-11e4-a52e-4f735466cecf":"f.76EFC1153EA5792FD1141D4CA15B46A2.d.89395005C82FCF7EF14589457070AC45.e.9083","ELEMENT":"f.76EFC1153EA5792FD1141D4CA15B46A2.d.89395005C82FCF7EF14589457070AC45.e.9083"}]}
COMMAND: GET /session/b6c10327e85db8e4472cf13987b22354/element/f.76EFC1153EA5792FD1141D4CA15B46A2.d.89395005C82FCF7EF14589457070AC45.e.9082/attribute/aria-checked - {}
COMMAND: GET /session/b6c10327e85db8e4472cf13987b22354/screenshot - {}
RESULT: {}
COMMAND: POST /session/b6c10327e85db8e4472cf13987b22354/element - {"using":"xpath","value":"//table[contains(@id, \"listView-innerSelectionPanelTable-listUl\")]/tbody/tr[19]/td[2]/div/div"}
RESULT: {}
RESULT: {"using":"xpath","value":"//table[contains(@id, \"listView-innerSelectionPanelTable-listUl\")]/tbody/tr[19]/td[2]/div/div"}
COMMAND: POST /session/b6c10327e85db8e4472cf13987b22354/element - {"using":"xpath","value":"//table[contains(@id, \"listView-innerSelectionPanelTable-listUl\")]/tbody/tr[19]/td[2]/div"}
RESULT: {"using":"xpath","value":"//table[contains(@id, \"listView-innerSelectionPanelTable-listUl\")]/tbody/tr[19]/td[2]/div"}
COMMAND: POST /session/b6c10327e85db8e4472cf13987b22354/element - {"using":"xpath","value":"//table[contains(@id, \"listView-innerSelectionPanelTable-listUl\")]/tbody/tr[19]/td[3]/div/div/span/span[1]/bdi"}
RESULT: {"using":"xpath","value":"//table[contains(@id, \"listView-innerSelectionPanelTable-listUl\")]/tbody/tr[19]/td[3]/div/div/span/span[1]/bdi"}
COMMAND: POST /session/b6c10327e85db8e4472cf13987b22354/execute/sync - {"script":"<script> [56 bytes]","args":[{"element-6066-11e4-a52e-4f735466cecf":"f.76EFC1153EA5792FD1141D4CA15B46A2.d.89395005C82FCF7EF14589457070AC45.e.9086","ELEMENT":"f.76EFC1153EA5792FD1141D4CA15B46A2.d.89395005C82FCF7EF14589457070AC45.e.9086"}]}
RESULT: {"script":"<script> [56 bytes]","args":[{"element-6066-11e4-a52e-4f735466cecf":"f.76EFC1153EA5792FD1141D4CA15B46A2.d.89395005C82FCF7EF14589457070AC45.e.9086","ELEMENT":"f.76EFC1153EA5792FD1141D4CA15B46A2.d.89395005C82FCF7EF14589457070AC45.e.9086"}]}
COMMAND: GET /session/b6c10327e85db8e4472cf13987b22354/element/f.76EFC1153EA5792FD1141D4CA15B46A2.d.89395005C82FCF7EF14589457070AC45.e.9085/attribute/aria-checked - {}
COMMAND: GET /session/b6c10327e85db8e4472cf13987b22354/screenshot - {}
RESULT: {}
COMMAND: POST /session/b6c10327e85db8e4472cf13987b22354/element - {"using":"xpath","value":"//table[contains(@id, \"listView-innerSelectionPanelTable-listUl\")]/tbody/tr[20]/td[2]/div/div"}
RESULT: {}
RESULT: {"using":"xpath","value":"//table[contains(@id, \"listView-innerSelectionPanelTable-listUl\")]/tbody/tr[20]/td[2]/div/div"}
COMMAND: POST /session/b6c10327e85db8e4472cf13987b22354/element - {"using":"xpath","value":"//table[contains(@id, \"listView-innerSelectionPanelTable-listUl\")]/tbody/tr[20]/td[2]/div"}
RESULT: {"using":"xpath","value":"//table[contains(@id, \"listView-innerSelectionPanelTable-listUl\")]/tbody/tr[20]/td[2]/div"}
COMMAND: POST /session/b6c10327e85db8e4472cf13987b22354/element - {"using":"xpath","value":"//table[contains(@id, \"listView-innerSelectionPanelTable-listUl\")]/tbody/tr[20]/td[3]/div/div/span/span[1]/bdi"}
RESULT: {"using":"xpath","value":"//table[contains(@id, \"listView-innerSelectionPanelTable-listUl\")]/tbody/tr[20]/td[3]/div/div/span/span[1]/bdi"}
COMMAND: POST /session/b6c10327e85db8e4472cf13987b22354/execute/sync - {"script":"<script> [56 bytes]","args":[{"element-6066-11e4-a52e-4f735466cecf":"f.76EFC1153EA5792FD1141D4CA15B46A2.d.89395005C82FCF7EF14589457070AC45.e.9089","ELEMENT":"f.76EFC1153EA5792FD1141D4CA15B46A2.d.89395005C82FCF7EF14589457070AC45.e.9089"}]}
RESULT: {"script":"<script> [56 bytes]","args":[{"element-6066-11e4-a52e-4f735466cecf":"f.76EFC1153EA5792FD1141D4CA15B46A2.d.89395005C82FCF7EF14589457070AC45.e.9089","ELEMENT":"f.76EFC1153EA5792FD1141D4CA15B46A2.d.89395005C82FCF7EF14589457070AC45.e.9089"}]}
COMMAND: GET /session/b6c10327e85db8e4472cf13987b22354/element/f.76EFC1153EA5792FD1141D4CA15B46A2.d.89395005C82FCF7EF14589457070AC45.e.9088/attribute/aria-checked - {}
COMMAND: GET /session/b6c10327e85db8e4472cf13987b22354/screenshot - {}
RESULT: {}
COMMAND: POST /session/b6c10327e85db8e4472cf13987b22354/element - {"using":"xpath","value":"//table[contains(@id, \"listView-innerSelectionPanelTable-listUl\")]/tbody/tr[21]/td[2]/div/div"}
RESULT: {}
RESULT: {"using":"xpath","value":"//table[contains(@id, \"listView-innerSelectionPanelTable-listUl\")]/tbody/tr[21]/td[2]/div/div"}
COMMAND: POST /session/b6c10327e85db8e4472cf13987b22354/element - {"using":"xpath","value":"//table[contains(@id, \"listView-innerSelectionPanelTable-listUl\")]/tbody/tr[21]/td[2]/div"}
RESULT: {"using":"xpath","value":"//table[contains(@id, \"listView-innerSelectionPanelTable-listUl\")]/tbody/tr[21]/td[2]/div"}
COMMAND: POST /session/b6c10327e85db8e4472cf13987b22354/element - {"using":"xpath","value":"//table[contains(@id, \"listView-innerSelectionPanelTable-listUl\")]/tbody/tr[21]/td[3]/div/div/span/span[1]/bdi"}
RESULT: {"using":"xpath","value":"//table[contains(@id, \"listView-innerSelectionPanelTable-listUl\")]/tbody/tr[21]/td[3]/div/div/span/span[1]/bdi"}
COMMAND: POST /session/b6c10327e85db8e4472cf13987b22354/execute/sync - {"script":"<script> [56 bytes]","args":[{"element-6066-11e4-a52e-4f735466cecf":"f.76EFC1153EA5792FD1141D4CA15B46A2.d.89395005C82FCF7EF14589457070AC45.e.9092","ELEMENT":"f.76EFC1153EA5792FD1141D4CA15B46A2.d.89395005C82FCF7EF14589457070AC45.e.9092"}]}
RESULT: {"script":"<script> [56 bytes]","args":[{"element-6066-11e4-a52e-4f735466cecf":"f.76EFC1153EA5792FD1141D4CA15B46A2.d.89395005C82FCF7EF14589457070AC45.e.9092","ELEMENT":"f.76EFC1153EA5792FD1141D4CA15B46A2.d.89395005C82FCF7EF14589457070AC45.e.9092"}]}
COMMAND: GET /session/b6c10327e85db8e4472cf13987b22354/element/f.76EFC1153EA5792FD1141D4CA15B46A2.d.89395005C82FCF7EF14589457070AC45.e.9091/attribute/aria-checked - {}
COMMAND: GET /session/b6c10327e85db8e4472cf13987b22354/screenshot - {}
RESULT: {}
COMMAND: POST /session/b6c10327e85db8e4472cf13987b22354/element - {"using":"xpath","value":"//table[contains(@id, \"listView-innerSelectionPanelTable-listUl\")]/tbody/tr[22]/td[2]/div/div"}
RESULT: {}
RESULT: {"using":"xpath","value":"//table[contains(@id, \"listView-innerSelectionPanelTable-listUl\")]/tbody/tr[22]/td[2]/div/div"}
COMMAND: POST /session/b6c10327e85db8e4472cf13987b22354/element - {"using":"xpath","value":"//table[contains(@id, \"listView-innerSelectionPanelTable-listUl\")]/tbody/tr[22]/td[2]/div"}
RESULT: {"using":"xpath","value":"//table[contains(@id, \"listView-innerSelectionPanelTable-listUl\")]/tbody/tr[22]/td[2]/div"}
COMMAND: POST /session/b6c10327e85db8e4472cf13987b22354/element - {"using":"xpath","value":"//table[contains(@id, \"listView-innerSelectionPanelTable-listUl\")]/tbody/tr[22]/td[3]/div/div/span/span[1]/bdi"}
RESULT: {"using":"xpath","value":"//table[contains(@id, \"listView-innerSelectionPanelTable-listUl\")]/tbody/tr[22]/td[3]/div/div/span/span[1]/bdi"}
COMMAND: POST /session/b6c10327e85db8e4472cf13987b22354/execute/sync - {"script":"<script> [56 bytes]","args":[{"element-6066-11e4-a52e-4f735466cecf":"f.76EFC1153EA5792FD1141D4CA15B46A2.d.89395005C82FCF7EF14589457070AC45.e.9095","ELEMENT":"f.76EFC1153EA5792FD1141D4CA15B46A2.d.89395005C82FCF7EF14589457070AC45.e.9095"}]}
RESULT: {"script":"<script> [56 bytes]","args":[{"element-6066-11e4-a52e-4f735466cecf":"f.76EFC1153EA5792FD1141D4CA15B46A2.d.89395005C82FCF7EF14589457070AC45.e.9095","ELEMENT":"f.76EFC1153EA5792FD1141D4CA15B46A2.d.89395005C82FCF7EF14589457070AC45.e.9095"}]}
COMMAND: GET /session/b6c10327e85db8e4472cf13987b22354/element/f.76EFC1153EA5792FD1141D4CA15B46A2.d.89395005C82FCF7EF14589457070AC45.e.9094/attribute/aria-checked - {}
COMMAND: GET /session/b6c10327e85db8e4472cf13987b22354/screenshot - {}
RESULT: {}
COMMAND: POST /session/b6c10327e85db8e4472cf13987b22354/element - {"using":"xpath","value":"//table[contains(@id, \"listView-innerSelectionPanelTable-listUl\")]/tbody/tr[23]/td[2]/div/div"}
RESULT: {}
RESULT: {"using":"xpath","value":"//table[contains(@id, \"listView-innerSelectionPanelTable-listUl\")]/tbody/tr[23]/td[2]/div/div"}
COMMAND: POST /session/b6c10327e85db8e4472cf13987b22354/element - {"using":"xpath","value":"//table[contains(@id, \"listView-innerSelectionPanelTable-listUl\")]/tbody/tr[23]/td[2]/div"}
RESULT: {"using":"xpath","value":"//table[contains(@id, \"listView-innerSelectionPanelTable-listUl\")]/tbody/tr[23]/td[2]/div"}
COMMAND: POST /session/b6c10327e85db8e4472cf13987b22354/element - {"using":"xpath","value":"//table[contains(@id, \"listView-innerSelectionPanelTable-listUl\")]/tbody/tr[23]/td[3]/div/div/span/span[1]/bdi"}
RESULT: {"using":"xpath","value":"//table[contains(@id, \"listView-innerSelectionPanelTable-listUl\")]/tbody/tr[23]/td[3]/div/div/span/span[1]/bdi"}
COMMAND: POST /session/b6c10327e85db8e4472cf13987b22354/execute/sync - {"script":"<script> [56 bytes]","args":[{"element-6066-11e4-a52e-4f735466cecf":"f.76EFC1153EA5792FD1141D4CA15B46A2.d.89395005C82FCF7EF14589457070AC45.e.9098","ELEMENT":"f.76EFC1153EA5792FD1141D4CA15B46A2.d.89395005C82FCF7EF14589457070AC45.e.9098"}]}
RESULT: {"script":"<script> [56 bytes]","args":[{"element-6066-11e4-a52e-4f735466cecf":"f.76EFC1153EA5792FD1141D4CA15B46A2.d.89395005C82FCF7EF14589457070AC45.e.9098","ELEMENT":"f.76EFC1153EA5792FD1141D4CA15B46A2.d.89395005C82FCF7EF14589457070AC45.e.9098"}]}
COMMAND: GET /session/b6c10327e85db8e4472cf13987b22354/element/f.76EFC1153EA5792FD1141D4CA15B46A2.d.89395005C82FCF7EF14589457070AC45.e.9097/attribute/aria-checked - {}
COMMAND: GET /session/b6c10327e85db8e4472cf13987b22354/screenshot - {}
RESULT: {}
COMMAND: POST /session/b6c10327e85db8e4472cf13987b22354/element - {"using":"xpath","value":"//table[contains(@id, \"listView-innerSelectionPanelTable-listUl\")]/tbody/tr[24]/td[2]/div/div"}
RESULT: {}
RESULT: {"using":"xpath","value":"//table[contains(@id, \"listView-innerSelectionPanelTable-listUl\")]/tbody/tr[24]/td[2]/div/div"}
COMMAND: POST /session/b6c10327e85db8e4472cf13987b22354/element - {"using":"xpath","value":"//table[contains(@id, \"listView-innerSelectionPanelTable-listUl\")]/tbody/tr[24]/td[2]/div"}
RESULT: {"using":"xpath","value":"//table[contains(@id, \"listView-innerSelectionPanelTable-listUl\")]/tbody/tr[24]/td[2]/div"}
COMMAND: POST /session/b6c10327e85db8e4472cf13987b22354/element - {"using":"xpath","value":"//table[contains(@id, \"listView-innerSelectionPanelTable-listUl\")]/tbody/tr[24]/td[3]/div/div/span/span[1]/bdi"}
RESULT: {"using":"xpath","value":"//table[contains(@id, \"listView-innerSelectionPanelTable-listUl\")]/tbody/tr[24]/td[3]/div/div/span/span[1]/bdi"}
COMMAND: POST /session/b6c10327e85db8e4472cf13987b22354/execute/sync - {"script":"<script> [56 bytes]","args":[{"element-6066-11e4-a52e-4f735466cecf":"f.76EFC1153EA5792FD1141D4CA15B46A2.d.89395005C82FCF7EF14589457070AC45.e.9101","ELEMENT":"f.76EFC1153EA5792FD1141D4CA15B46A2.d.89395005C82FCF7EF14589457070AC45.e.9101"}]}
RESULT: {"script":"<script> [56 bytes]","args":[{"element-6066-11e4-a52e-4f735466cecf":"f.76EFC1153EA5792FD1141D4CA15B46A2.d.89395005C82FCF7EF14589457070AC45.e.9101","ELEMENT":"f.76EFC1153EA5792FD1141D4CA15B46A2.d.89395005C82FCF7EF14589457070AC45.e.9101"}]}
COMMAND: GET /session/b6c10327e85db8e4472cf13987b22354/element/f.76EFC1153EA5792FD1141D4CA15B46A2.d.89395005C82FCF7EF14589457070AC45.e.9100/attribute/aria-checked - {}
COMMAND: GET /session/b6c10327e85db8e4472cf13987b22354/screenshot - {}
RESULT: {}
COMMAND: POST /session/b6c10327e85db8e4472cf13987b22354/element - {"using":"xpath","value":"//table[contains(@id, \"listView-innerSelectionPanelTable-listUl\")]/tbody/tr[25]/td[2]/div/div"}
RESULT: {}
RESULT: {"using":"xpath","value":"//table[contains(@id, \"listView-innerSelectionPanelTable-listUl\")]/tbody/tr[25]/td[2]/div/div"}
COMMAND: POST /session/b6c10327e85db8e4472cf13987b22354/element - {"using":"xpath","value":"//table[contains(@id, \"listView-innerSelectionPanelTable-listUl\")]/tbody/tr[25]/td[2]/div"}
RESULT: {"using":"xpath","value":"//table[contains(@id, \"listView-innerSelectionPanelTable-listUl\")]/tbody/tr[25]/td[2]/div"}
COMMAND: POST /session/b6c10327e85db8e4472cf13987b22354/element - {"using":"xpath","value":"//table[contains(@id, \"listView-innerSelectionPanelTable-listUl\")]/tbody/tr[25]/td[3]/div/div/span/span[1]/bdi"}
RESULT: {"using":"xpath","value":"//table[contains(@id, \"listView-innerSelectionPanelTable-listUl\")]/tbody/tr[25]/td[3]/div/div/span/span[1]/bdi"}
COMMAND: POST /session/b6c10327e85db8e4472cf13987b22354/execute/sync - {"script":"<script> [56 bytes]","args":[{"element-6066-11e4-a52e-4f735466cecf":"f.76EFC1153EA5792FD1141D4CA15B46A2.d.89395005C82FCF7EF14589457070AC45.e.9104","ELEMENT":"f.76EFC1153EA5792FD1141D4CA15B46A2.d.89395005C82FCF7EF14589457070AC45.e.9104"}]}
RESULT: {"script":"<script> [56 bytes]","args":[{"element-6066-11e4-a52e-4f735466cecf":"f.76EFC1153EA5792FD1141D4CA15B46A2.d.89395005C82FCF7EF14589457070AC45.e.9104","ELEMENT":"f.76EFC1153EA5792FD1141D4CA15B46A2.d.89395005C82FCF7EF14589457070AC45.e.9104"}]}
COMMAND: GET /session/b6c10327e85db8e4472cf13987b22354/element/f.76EFC1153EA5792FD1141D4CA15B46A2.d.89395005C82FCF7EF14589457070AC45.e.9103/attribute/aria-checked - {}
COMMAND: GET /session/b6c10327e85db8e4472cf13987b22354/screenshot - {}
RESULT: {}
COMMAND: POST /session/b6c10327e85db8e4472cf13987b22354/element - {"using":"xpath","value":"//bdi[contains(text(), \"OK\")]"}
RESULT: {}
RESULT: {"using":"xpath","value":"//bdi[contains(text(), \"OK\")]"}
COMMAND: POST /session/b6c10327e85db8e4472cf13987b22354/element/f.76EFC1153EA5792FD1141D4CA15B46A2.d.89395005C82FCF7EF14589457070AC45.e.9105/click - {}
RESULT: {}
COMMAND: GET /session/b6c10327e85db8e4472cf13987b22354/screenshot - {}
RESULT: {}
RESULT: undefined
COMMAND: POST /session/b6c10327e85db8e4472cf13987b22354/element - {"using":"xpath","value":"//*[@id=\"application-managepartners-display-component---masterPtm--smartFilterBar-filterItemControlA_-LINK_TO_ADDRESSES_MAIN.CITY1-vhi\"]"}
RESULT: {"using":"xpath","value":"//*[@id=\"application-managepartners-display-component---masterPtm--smartFilterBar-filterItemControlA_-LINK_TO_ADDRESSES_MAIN.CITY1-vhi\"]"}
COMMAND: POST /session/b6c10327e85db8e4472cf13987b22354/element/f.76EFC1153EA5792FD1141D4CA15B46A2.d.89395005C82FCF7EF14589457070AC45.e.9181/click - {}
RESULT: {}
COMMAND: GET /session/b6c10327e85db8e4472cf13987b22354/screenshot - {}
RESULT: {}
COMMAND: POST /session/b6c10327e85db8e4472cf13987b22354/element - {"using":"xpath","value":"//bdi[contains(text(), \"Cancel\")]"}
RESULT: {"using":"xpath","value":"//bdi[contains(text(), \"Cancel\")]"}
COMMAND: POST /session/b6c10327e85db8e4472cf13987b22354/element/f.76EFC1153EA5792FD1141D4CA15B46A2.d.89395005C82FCF7EF14589457070AC45.e.9186/click - {}
RESULT: {}
COMMAND: GET /session/b6c10327e85db8e4472cf13987b22354/screenshot - {}
RESULT: {}
COMMAND: POST /session/b6c10327e85db8e4472cf13987b22354/execute/async - {"script":"<script> [1562 bytes]","args":[{"selector":{"id":"application-managepartners-display-component---masterPtm--smartFilterBar-filterItemControlA_-LINK_TO_ADDRESSES_MAIN.COUNTRY-vhi"},"wdio_ui5_key":"applicationmanagepartners-display-component---masterPtm--smartFilterBar-filterItemControlA_-LINK_TO_ADDRESSES_MAIN.COUNTRY-vhi"}]}
RESULT: {"script":"<script> [1562 bytes]","args":[{"selector":{"id":"application-managepartners-display-component---masterPtm--smartFilterBar-filterItemControlA_-LINK_TO_ADDRESSES_MAIN.COUNTRY-vhi"},"wdio_ui5_key":"applicationmanagepartners-display-component---masterPtm--smartFilterBar-filterItemControlA_-LINK_TO_ADDRESSES_MAIN.COUNTRY-vhi"}]}
RESULT: undefined
COMMAND: POST /session/b6c10327e85db8e4472cf13987b22354/element - {"using":"xpath","value":"//*[@id=\"application-managepartners-display-component---masterPtm--smartFilterBar-filterItemControlA_-LINK_TO_ADDRESSES_MAIN.COUNTRY-vhi\"]"}
RESULT: {"using":"xpath","value":"//*[@id=\"application-managepartners-display-component---masterPtm--smartFilterBar-filterItemControlA_-LINK_TO_ADDRESSES_MAIN.COUNTRY-vhi\"]"}
COMMAND: POST /session/b6c10327e85db8e4472cf13987b22354/element/f.76EFC1153EA5792FD1141D4CA15B46A2.d.89395005C82FCF7EF14589457070AC45.e.9188/click - {}
RESULT: {}
COMMAND: GET /session/b6c10327e85db8e4472cf13987b22354/screenshot - {}
RESULT: {}
COMMAND: POST /session/b6c10327e85db8e4472cf13987b22354/element - {"using":"xpath","value":"//bdi[contains(text(), \"Cancel\")]"}
RESULT: {"using":"xpath","value":"//bdi[contains(text(), \"Cancel\")]"}
COMMAND: POST /session/b6c10327e85db8e4472cf13987b22354/element/f.76EFC1153EA5792FD1141D4CA15B46A2.d.89395005C82FCF7EF14589457070AC45.e.9195/click - {}
RESULT: {}
COMMAND: GET /session/b6c10327e85db8e4472cf13987b22354/screenshot - {}
RESULT: {}
COMMAND: POST /session/b6c10327e85db8e4472cf13987b22354/execute/async - {"script":"<script> [1562 bytes]","args":[{"selector":{"id":"application-managepartners-display-component---masterPtm--smartFilterBar-filterItemControlA_-COMPANY_CODE-vhi"},"wdio_ui5_key":"applicationmanagepartners-display-component---masterPtm--smartFilterBar-filterItemControlA_-COMPANY_CODE-vhi"}]}
RESULT: {"script":"<script> [1562 bytes]","args":[{"selector":{"id":"application-managepartners-display-component---masterPtm--smartFilterBar-filterItemControlA_-COMPANY_CODE-vhi"},"wdio_ui5_key":"applicationmanagepartners-display-component---masterPtm--smartFilterBar-filterItemControlA_-COMPANY_CODE-vhi"}]}
RESULT: undefined
COMMAND: POST /session/b6c10327e85db8e4472cf13987b22354/element - {"using":"xpath","value":"//*[@id=\"application-managepartners-display-component---masterPtm--smartFilterBar-filterItemControlA_-COMPANY_CODE-vhi\"]"}
RESULT: {"using":"xpath","value":"//*[@id=\"application-managepartners-display-component---masterPtm--smartFilterBar-filterItemControlA_-COMPANY_CODE-vhi\"]"}
COMMAND: POST /session/b6c10327e85db8e4472cf13987b22354/element/f.76EFC1153EA5792FD1141D4CA15B46A2.d.89395005C82FCF7EF14589457070AC45.e.9197/click - {}
RESULT: {}
COMMAND: GET /session/b6c10327e85db8e4472cf13987b22354/screenshot - {}
RESULT: {}
COMMAND: POST /session/b6c10327e85db8e4472cf13987b22354/element - {"using":"xpath","value":"//bdi[contains(text(), \"Cancel\")]"}
RESULT: {"using":"xpath","value":"//bdi[contains(text(), \"Cancel\")]"}
COMMAND: POST /session/b6c10327e85db8e4472cf13987b22354/element/f.76EFC1153EA5792FD1141D4CA15B46A2.d.89395005C82FCF7EF14589457070AC45.e.9203/click - {}
RESULT: {}
COMMAND: GET /session/b6c10327e85db8e4472cf13987b22354/screenshot - {}
RESULT: {}
COMMAND: POST /session/b6c10327e85db8e4472cf13987b22354/execute/async - {"script":"<script> [1562 bytes]","args":[{"selector":{"id":"application-managepartners-display-component---masterPtm--smartTable-btnPersonalisation-img"},"wdio_ui5_key":"applicationmanagepartners-display-component---masterPtm--smartTable-btnPersonalisation-img"}]}
RESULT: {"script":"<script> [1562 bytes]","args":[{"selector":{"id":"application-managepartners-display-component---masterPtm--smartTable-btnPersonalisation-img"},"wdio_ui5_key":"applicationmanagepartners-display-component---masterPtm--smartTable-btnPersonalisation-img"}]}
RESULT: undefined
COMMAND: POST /session/b6c10327e85db8e4472cf13987b22354/element - {"using":"xpath","value":"//*[@id=\"application-managepartners-display-component---masterPtm--smartTable-btnPersonalisation-img\"]"}
RESULT: {"using":"xpath","value":"//*[@id=\"application-managepartners-display-component---masterPtm--smartTable-btnPersonalisation-img\"]"}
COMMAND: POST /session/b6c10327e85db8e4472cf13987b22354/element/f.76EFC1153EA5792FD1141D4CA15B46A2.d.89395005C82FCF7EF14589457070AC45.e.7732/click - {}
RESULT: {}
COMMAND: GET /session/b6c10327e85db8e4472cf13987b22354/screenshot - {}
RESULT: {}
COMMAND: POST /session/b6c10327e85db8e4472cf13987b22354/elements - {"using":"xpath","value":"//table[contains(@id, \"innerSelectionPanelTable-listUl\")]/tbody/tr"}
RESULT: {"using":"xpath","value":"//table[contains(@id, \"innerSelectionPanelTable-listUl\")]/tbody/tr"}
COMMAND: POST /session/b6c10327e85db8e4472cf13987b22354/element - {"using":"xpath","value":"//table[contains(@id, \"innerSelectionPanelTable-listUl\")]/tbody/tr[2]/td[2]/div/div"}
RESULT: {"using":"xpath","value":"//table[contains(@id, \"innerSelectionPanelTable-listUl\")]/tbody/tr[2]/td[2]/div/div"}
COMMAND: POST /session/b6c10327e85db8e4472cf13987b22354/element - {"using":"xpath","value":"//table[contains(@id, \"innerSelectionPanelTable-listUl\")]/tbody/tr[2]/td[3]/div/div/span/span[1]/bdi"}
RESULT: {"using":"xpath","value":"//table[contains(@id, \"innerSelectionPanelTable-listUl\")]/tbody/tr[2]/td[3]/div/div/span/span[1]/bdi"}
COMMAND: POST /session/b6c10327e85db8e4472cf13987b22354/execute/sync - {"script":"<script> [56 bytes]","args":[{"element-6066-11e4-a52e-4f735466cecf":"f.76EFC1153EA5792FD1141D4CA15B46A2.d.89395005C82FCF7EF14589457070AC45.e.9241","ELEMENT":"f.76EFC1153EA5792FD1141D4CA15B46A2.d.89395005C82FCF7EF14589457070AC45.e.9241"}]}
RESULT: {"script":"<script> [56 bytes]","args":[{"element-6066-11e4-a52e-4f735466cecf":"f.76EFC1153EA5792FD1141D4CA15B46A2.d.89395005C82FCF7EF14589457070AC45.e.9241","ELEMENT":"f.76EFC1153EA5792FD1141D4CA15B46A2.d.89395005C82FCF7EF14589457070AC45.e.9241"}]}
COMMAND: POST /session/b6c10327e85db8e4472cf13987b22354/element - {"using":"xpath","value":"//table[contains(@id, \"innerSelectionPanelTable-listUl\")]/tbody/tr[3]/td[2]/div/div"}
COMMAND: GET /session/b6c10327e85db8e4472cf13987b22354/screenshot - {}
RESULT: {"using":"xpath","value":"//table[contains(@id, \"innerSelectionPanelTable-listUl\")]/tbody/tr[3]/td[2]/div/div"}
COMMAND: POST /session/b6c10327e85db8e4472cf13987b22354/element - {"using":"xpath","value":"//table[contains(@id, \"innerSelectionPanelTable-listUl\")]/tbody/tr[3]/td[3]/div/div/span/span[1]/bdi"}
RESULT: {}
RESULT: {"using":"xpath","value":"//table[contains(@id, \"innerSelectionPanelTable-listUl\")]/tbody/tr[3]/td[3]/div/div/span/span[1]/bdi"}
COMMAND: POST /session/b6c10327e85db8e4472cf13987b22354/execute/sync - {"script":"<script> [56 bytes]","args":[{"element-6066-11e4-a52e-4f735466cecf":"f.76EFC1153EA5792FD1141D4CA15B46A2.d.89395005C82FCF7EF14589457070AC45.e.9243","ELEMENT":"f.76EFC1153EA5792FD1141D4CA15B46A2.d.89395005C82FCF7EF14589457070AC45.e.9243"}]}
RESULT: {"script":"<script> [56 bytes]","args":[{"element-6066-11e4-a52e-4f735466cecf":"f.76EFC1153EA5792FD1141D4CA15B46A2.d.89395005C82FCF7EF14589457070AC45.e.9243","ELEMENT":"f.76EFC1153EA5792FD1141D4CA15B46A2.d.89395005C82FCF7EF14589457070AC45.e.9243"}]}
COMMAND: POST /session/b6c10327e85db8e4472cf13987b22354/element - {"using":"xpath","value":"//table[contains(@id, \"innerSelectionPanelTable-listUl\")]/tbody/tr[4]/td[2]/div/div"}
COMMAND: GET /session/b6c10327e85db8e4472cf13987b22354/screenshot - {}
RESULT: {"using":"xpath","value":"//table[contains(@id, \"innerSelectionPanelTable-listUl\")]/tbody/tr[4]/td[2]/div/div"}
COMMAND: POST /session/b6c10327e85db8e4472cf13987b22354/element - {"using":"xpath","value":"//table[contains(@id, \"innerSelectionPanelTable-listUl\")]/tbody/tr[4]/td[3]/div/div/span/span[1]/bdi"}
RESULT: {}
RESULT: {"using":"xpath","value":"//table[contains(@id, \"innerSelectionPanelTable-listUl\")]/tbody/tr[4]/td[3]/div/div/span/span[1]/bdi"}
COMMAND: POST /session/b6c10327e85db8e4472cf13987b22354/execute/sync - {"script":"<script> [56 bytes]","args":[{"element-6066-11e4-a52e-4f735466cecf":"f.76EFC1153EA5792FD1141D4CA15B46A2.d.89395005C82FCF7EF14589457070AC45.e.9245","ELEMENT":"f.76EFC1153EA5792FD1141D4CA15B46A2.d.89395005C82FCF7EF14589457070AC45.e.9245"}]}
RESULT: {"script":"<script> [56 bytes]","args":[{"element-6066-11e4-a52e-4f735466cecf":"f.76EFC1153EA5792FD1141D4CA15B46A2.d.89395005C82FCF7EF14589457070AC45.e.9245","ELEMENT":"f.76EFC1153EA5792FD1141D4CA15B46A2.d.89395005C82FCF7EF14589457070AC45.e.9245"}]}
COMMAND: POST /session/b6c10327e85db8e4472cf13987b22354/element - {"using":"xpath","value":"//table[contains(@id, \"innerSelectionPanelTable-listUl\")]/tbody/tr[5]/td[2]/div/div"}
COMMAND: POST /session/b6c10327e85db8e4472cf13987b22354/element/f.76EFC1153EA5792FD1141D4CA15B46A2.d.89395005C82FCF7EF14589457070AC45.e.9244/click - {}
COMMAND: GET /session/b6c10327e85db8e4472cf13987b22354/screenshot - {}
RESULT: {"using":"xpath","value":"//table[contains(@id, \"innerSelectionPanelTable-listUl\")]/tbody/tr[5]/td[2]/div/div"}
COMMAND: POST /session/b6c10327e85db8e4472cf13987b22354/element - {"using":"xpath","value":"//table[contains(@id, \"innerSelectionPanelTable-listUl\")]/tbody/tr[5]/td[3]/div/div/span/span[1]/bdi"}
RESULT: {}
COMMAND: GET /session/b6c10327e85db8e4472cf13987b22354/screenshot - {}
RESULT: {}
RESULT: {"using":"xpath","value":"//table[contains(@id, \"innerSelectionPanelTable-listUl\")]/tbody/tr[5]/td[3]/div/div/span/span[1]/bdi"}
COMMAND: POST /session/b6c10327e85db8e4472cf13987b22354/execute/sync - {"script":"<script> [56 bytes]","args":[{"element-6066-11e4-a52e-4f735466cecf":"f.76EFC1153EA5792FD1141D4CA15B46A2.d.89395005C82FCF7EF14589457070AC45.e.9249","ELEMENT":"f.76EFC1153EA5792FD1141D4CA15B46A2.d.89395005C82FCF7EF14589457070AC45.e.9249"}]}
RESULT: {}
RESULT: {"script":"<script> [56 bytes]","args":[{"element-6066-11e4-a52e-4f735466cecf":"f.76EFC1153EA5792FD1141D4CA15B46A2.d.89395005C82FCF7EF14589457070AC45.e.9249","ELEMENT":"f.76EFC1153EA5792FD1141D4CA15B46A2.d.89395005C82FCF7EF14589457070AC45.e.9249"}]}
COMMAND: POST /session/b6c10327e85db8e4472cf13987b22354/element - {"using":"xpath","value":"//table[contains(@id, \"innerSelectionPanelTable-listUl\")]/tbody/tr[6]/td[2]/div/div"}
COMMAND: GET /session/b6c10327e85db8e4472cf13987b22354/screenshot - {}
RESULT: {"using":"xpath","value":"//table[contains(@id, \"innerSelectionPanelTable-listUl\")]/tbody/tr[6]/td[2]/div/div"}
COMMAND: POST /session/b6c10327e85db8e4472cf13987b22354/element - {"using":"xpath","value":"//table[contains(@id, \"innerSelectionPanelTable-listUl\")]/tbody/tr[6]/td[3]/div/div/span/span[1]/bdi"}
RESULT: {}
RESULT: {"using":"xpath","value":"//table[contains(@id, \"innerSelectionPanelTable-listUl\")]/tbody/tr[6]/td[3]/div/div/span/span[1]/bdi"}
COMMAND: POST /session/b6c10327e85db8e4472cf13987b22354/execute/sync - {"script":"<script> [56 bytes]","args":[{"element-6066-11e4-a52e-4f735466cecf":"f.76EFC1153EA5792FD1141D4CA15B46A2.d.89395005C82FCF7EF14589457070AC45.e.9251","ELEMENT":"f.76EFC1153EA5792FD1141D4CA15B46A2.d.89395005C82FCF7EF14589457070AC45.e.9251"}]}
RESULT: {"script":"<script> [56 bytes]","args":[{"element-6066-11e4-a52e-4f735466cecf":"f.76EFC1153EA5792FD1141D4CA15B46A2.d.89395005C82FCF7EF14589457070AC45.e.9251","ELEMENT":"f.76EFC1153EA5792FD1141D4CA15B46A2.d.89395005C82FCF7EF14589457070AC45.e.9251"}]}
COMMAND: POST /session/b6c10327e85db8e4472cf13987b22354/element - {"using":"xpath","value":"//table[contains(@id, \"innerSelectionPanelTable-listUl\")]/tbody/tr[7]/td[2]/div/div"}
COMMAND: POST /session/b6c10327e85db8e4472cf13987b22354/element/f.76EFC1153EA5792FD1141D4CA15B46A2.d.89395005C82FCF7EF14589457070AC45.e.9250/click - {}
COMMAND: GET /session/b6c10327e85db8e4472cf13987b22354/screenshot - {}
RESULT: {"using":"xpath","value":"//table[contains(@id, \"innerSelectionPanelTable-listUl\")]/tbody/tr[7]/td[2]/div/div"}
COMMAND: POST /session/b6c10327e85db8e4472cf13987b22354/element - {"using":"xpath","value":"//table[contains(@id, \"innerSelectionPanelTable-listUl\")]/tbody/tr[7]/td[3]/div/div/span/span[1]/bdi"}
RESULT: {}
COMMAND: GET /session/b6c10327e85db8e4472cf13987b22354/screenshot - {}
RESULT: {}
RESULT: {"using":"xpath","value":"//table[contains(@id, \"innerSelectionPanelTable-listUl\")]/tbody/tr[7]/td[3]/div/div/span/span[1]/bdi"}
COMMAND: POST /session/b6c10327e85db8e4472cf13987b22354/execute/sync - {"script":"<script> [56 bytes]","args":[{"element-6066-11e4-a52e-4f735466cecf":"f.76EFC1153EA5792FD1141D4CA15B46A2.d.89395005C82FCF7EF14589457070AC45.e.9255","ELEMENT":"f.76EFC1153EA5792FD1141D4CA15B46A2.d.89395005C82FCF7EF14589457070AC45.e.9255"}]}
RESULT: {}
RESULT: {"script":"<script> [56 bytes]","args":[{"element-6066-11e4-a52e-4f735466cecf":"f.76EFC1153EA5792FD1141D4CA15B46A2.d.89395005C82FCF7EF14589457070AC45.e.9255","ELEMENT":"f.76EFC1153EA5792FD1141D4CA15B46A2.d.89395005C82FCF7EF14589457070AC45.e.9255"}]}
COMMAND: POST /session/b6c10327e85db8e4472cf13987b22354/element - {"using":"xpath","value":"//table[contains(@id, \"innerSelectionPanelTable-listUl\")]/tbody/tr[8]/td[2]/div/div"}
COMMAND: GET /session/b6c10327e85db8e4472cf13987b22354/screenshot - {}
RESULT: {"using":"xpath","value":"//table[contains(@id, \"innerSelectionPanelTable-listUl\")]/tbody/tr[8]/td[2]/div/div"}
COMMAND: POST /session/b6c10327e85db8e4472cf13987b22354/element - {"using":"xpath","value":"//table[contains(@id, \"innerSelectionPanelTable-listUl\")]/tbody/tr[8]/td[3]/div/div/span/span[1]/bdi"}
RESULT: {}
RESULT: {"using":"xpath","value":"//table[contains(@id, \"innerSelectionPanelTable-listUl\")]/tbody/tr[8]/td[3]/div/div/span/span[1]/bdi"}
COMMAND: POST /session/b6c10327e85db8e4472cf13987b22354/execute/sync - {"script":"<script> [56 bytes]","args":[{"element-6066-11e4-a52e-4f735466cecf":"f.76EFC1153EA5792FD1141D4CA15B46A2.d.89395005C82FCF7EF14589457070AC45.e.9257","ELEMENT":"f.76EFC1153EA5792FD1141D4CA15B46A2.d.89395005C82FCF7EF14589457070AC45.e.9257"}]}
RESULT: {"script":"<script> [56 bytes]","args":[{"element-6066-11e4-a52e-4f735466cecf":"f.76EFC1153EA5792FD1141D4CA15B46A2.d.89395005C82FCF7EF14589457070AC45.e.9257","ELEMENT":"f.76EFC1153EA5792FD1141D4CA15B46A2.d.89395005C82FCF7EF14589457070AC45.e.9257"}]}
COMMAND: POST /session/b6c10327e85db8e4472cf13987b22354/element - {"using":"xpath","value":"//table[contains(@id, \"innerSelectionPanelTable-listUl\")]/tbody/tr[9]/td[2]/div/div"}
COMMAND: GET /session/b6c10327e85db8e4472cf13987b22354/screenshot - {}
RESULT: {"using":"xpath","value":"//table[contains(@id, \"innerSelectionPanelTable-listUl\")]/tbody/tr[9]/td[2]/div/div"}
COMMAND: POST /session/b6c10327e85db8e4472cf13987b22354/element - {"using":"xpath","value":"//table[contains(@id, \"innerSelectionPanelTable-listUl\")]/tbody/tr[9]/td[3]/div/div/span/span[1]/bdi"}
RESULT: {}
RESULT: {"using":"xpath","value":"//table[contains(@id, \"innerSelectionPanelTable-listUl\")]/tbody/tr[9]/td[3]/div/div/span/span[1]/bdi"}
COMMAND: POST /session/b6c10327e85db8e4472cf13987b22354/execute/sync - {"script":"<script> [56 bytes]","args":[{"element-6066-11e4-a52e-4f735466cecf":"f.76EFC1153EA5792FD1141D4CA15B46A2.d.89395005C82FCF7EF14589457070AC45.e.9259","ELEMENT":"f.76EFC1153EA5792FD1141D4CA15B46A2.d.89395005C82FCF7EF14589457070AC45.e.9259"}]}
RESULT: {"script":"<script> [56 bytes]","args":[{"element-6066-11e4-a52e-4f735466cecf":"f.76EFC1153EA5792FD1141D4CA15B46A2.d.89395005C82FCF7EF14589457070AC45.e.9259","ELEMENT":"f.76EFC1153EA5792FD1141D4CA15B46A2.d.89395005C82FCF7EF14589457070AC45.e.9259"}]}
COMMAND: POST /session/b6c10327e85db8e4472cf13987b22354/element - {"using":"xpath","value":"//table[contains(@id, \"innerSelectionPanelTable-listUl\")]/tbody/tr[10]/td[2]/div/div"}
COMMAND: GET /session/b6c10327e85db8e4472cf13987b22354/screenshot - {}
RESULT: {"using":"xpath","value":"//table[contains(@id, \"innerSelectionPanelTable-listUl\")]/tbody/tr[10]/td[2]/div/div"}
COMMAND: POST /session/b6c10327e85db8e4472cf13987b22354/element - {"using":"xpath","value":"//table[contains(@id, \"innerSelectionPanelTable-listUl\")]/tbody/tr[10]/td[3]/div/div/span/span[1]/bdi"}
RESULT: {}
RESULT: {"using":"xpath","value":"//table[contains(@id, \"innerSelectionPanelTable-listUl\")]/tbody/tr[10]/td[3]/div/div/span/span[1]/bdi"}
COMMAND: POST /session/b6c10327e85db8e4472cf13987b22354/execute/sync - {"script":"<script> [56 bytes]","args":[{"element-6066-11e4-a52e-4f735466cecf":"f.76EFC1153EA5792FD1141D4CA15B46A2.d.89395005C82FCF7EF14589457070AC45.e.9261","ELEMENT":"f.76EFC1153EA5792FD1141D4CA15B46A2.d.89395005C82FCF7EF14589457070AC45.e.9261"}]}
RESULT: {"script":"<script> [56 bytes]","args":[{"element-6066-11e4-a52e-4f735466cecf":"f.76EFC1153EA5792FD1141D4CA15B46A2.d.89395005C82FCF7EF14589457070AC45.e.9261","ELEMENT":"f.76EFC1153EA5792FD1141D4CA15B46A2.d.89395005C82FCF7EF14589457070AC45.e.9261"}]}
COMMAND: POST /session/b6c10327e85db8e4472cf13987b22354/element - {"using":"xpath","value":"//table[contains(@id, \"innerSelectionPanelTable-listUl\")]/tbody/tr[11]/td[2]/div/div"}
COMMAND: GET /session/b6c10327e85db8e4472cf13987b22354/screenshot - {}
RESULT: {"using":"xpath","value":"//table[contains(@id, \"innerSelectionPanelTable-listUl\")]/tbody/tr[11]/td[2]/div/div"}
COMMAND: POST /session/b6c10327e85db8e4472cf13987b22354/element - {"using":"xpath","value":"//table[contains(@id, \"innerSelectionPanelTable-listUl\")]/tbody/tr[11]/td[3]/div/div/span/span[1]/bdi"}
RESULT: {}
RESULT: {"using":"xpath","value":"//table[contains(@id, \"innerSelectionPanelTable-listUl\")]/tbody/tr[11]/td[3]/div/div/span/span[1]/bdi"}
COMMAND: POST /session/b6c10327e85db8e4472cf13987b22354/execute/sync - {"script":"<script> [56 bytes]","args":[{"element-6066-11e4-a52e-4f735466cecf":"f.76EFC1153EA5792FD1141D4CA15B46A2.d.89395005C82FCF7EF14589457070AC45.e.9263","ELEMENT":"f.76EFC1153EA5792FD1141D4CA15B46A2.d.89395005C82FCF7EF14589457070AC45.e.9263"}]}
RESULT: {"script":"<script> [56 bytes]","args":[{"element-6066-11e4-a52e-4f735466cecf":"f.76EFC1153EA5792FD1141D4CA15B46A2.d.89395005C82FCF7EF14589457070AC45.e.9263","ELEMENT":"f.76EFC1153EA5792FD1141D4CA15B46A2.d.89395005C82FCF7EF14589457070AC45.e.9263"}]}
COMMAND: POST /session/b6c10327e85db8e4472cf13987b22354/element - {"using":"xpath","value":"//table[contains(@id, \"innerSelectionPanelTable-listUl\")]/tbody/tr[12]/td[2]/div/div"}
COMMAND: GET /session/b6c10327e85db8e4472cf13987b22354/screenshot - {}
RESULT: {"using":"xpath","value":"//table[contains(@id, \"innerSelectionPanelTable-listUl\")]/tbody/tr[12]/td[2]/div/div"}
COMMAND: POST /session/b6c10327e85db8e4472cf13987b22354/element - {"using":"xpath","value":"//table[contains(@id, \"innerSelectionPanelTable-listUl\")]/tbody/tr[12]/td[3]/div/div/span/span[1]/bdi"}
RESULT: {}
RESULT: {"using":"xpath","value":"//table[contains(@id, \"innerSelectionPanelTable-listUl\")]/tbody/tr[12]/td[3]/div/div/span/span[1]/bdi"}
COMMAND: POST /session/b6c10327e85db8e4472cf13987b22354/execute/sync - {"script":"<script> [56 bytes]","args":[{"element-6066-11e4-a52e-4f735466cecf":"f.76EFC1153EA5792FD1141D4CA15B46A2.d.89395005C82FCF7EF14589457070AC45.e.9265","ELEMENT":"f.76EFC1153EA5792FD1141D4CA15B46A2.d.89395005C82FCF7EF14589457070AC45.e.9265"}]}
RESULT: {"script":"<script> [56 bytes]","args":[{"element-6066-11e4-a52e-4f735466cecf":"f.76EFC1153EA5792FD1141D4CA15B46A2.d.89395005C82FCF7EF14589457070AC45.e.9265","ELEMENT":"f.76EFC1153EA5792FD1141D4CA15B46A2.d.89395005C82FCF7EF14589457070AC45.e.9265"}]}
COMMAND: POST /session/b6c10327e85db8e4472cf13987b22354/element - {"using":"xpath","value":"//table[contains(@id, \"innerSelectionPanelTable-listUl\")]/tbody/tr[13]/td[2]/div/div"}
COMMAND: POST /session/b6c10327e85db8e4472cf13987b22354/element/f.76EFC1153EA5792FD1141D4CA15B46A2.d.89395005C82FCF7EF14589457070AC45.e.9264/click - {}
COMMAND: GET /session/b6c10327e85db8e4472cf13987b22354/screenshot - {}
RESULT: {}
RESULT: {}
COMMAND: GET /session/b6c10327e85db8e4472cf13987b22354/screenshot - {}
RESULT: {"using":"xpath","value":"//table[contains(@id, \"innerSelectionPanelTable-listUl\")]/tbody/tr[13]/td[2]/div/div"}
COMMAND: POST /session/b6c10327e85db8e4472cf13987b22354/element - {"using":"xpath","value":"//table[contains(@id, \"innerSelectionPanelTable-listUl\")]/tbody/tr[13]/td[3]/div/div/span/span[1]/bdi"}
RESULT: {}
RESULT: {"using":"xpath","value":"//table[contains(@id, \"innerSelectionPanelTable-listUl\")]/tbody/tr[13]/td[3]/div/div/span/span[1]/bdi"}
COMMAND: POST /session/b6c10327e85db8e4472cf13987b22354/execute/sync - {"script":"<script> [56 bytes]","args":[{"element-6066-11e4-a52e-4f735466cecf":"f.76EFC1153EA5792FD1141D4CA15B46A2.d.89395005C82FCF7EF14589457070AC45.e.9269","ELEMENT":"f.76EFC1153EA5792FD1141D4CA15B46A2.d.89395005C82FCF7EF14589457070AC45.e.9269"}]}
RESULT: {"script":"<script> [56 bytes]","args":[{"element-6066-11e4-a52e-4f735466cecf":"f.76EFC1153EA5792FD1141D4CA15B46A2.d.89395005C82FCF7EF14589457070AC45.e.9269","ELEMENT":"f.76EFC1153EA5792FD1141D4CA15B46A2.d.89395005C82FCF7EF14589457070AC45.e.9269"}]}
COMMAND: POST /session/b6c10327e85db8e4472cf13987b22354/element - {"using":"xpath","value":"//table[contains(@id, \"innerSelectionPanelTable-listUl\")]/tbody/tr[14]/td[2]/div/div"}
COMMAND: GET /session/b6c10327e85db8e4472cf13987b22354/screenshot - {}
RESULT: {}
RESULT: {"using":"xpath","value":"//table[contains(@id, \"innerSelectionPanelTable-listUl\")]/tbody/tr[14]/td[2]/div/div"}
COMMAND: POST /session/b6c10327e85db8e4472cf13987b22354/element - {"using":"xpath","value":"//table[contains(@id, \"innerSelectionPanelTable-listUl\")]/tbody/tr[14]/td[3]/div/div/span/span[1]/bdi"}
RESULT: {"using":"xpath","value":"//table[contains(@id, \"innerSelectionPanelTable-listUl\")]/tbody/tr[14]/td[3]/div/div/span/span[1]/bdi"}
COMMAND: POST /session/b6c10327e85db8e4472cf13987b22354/execute/sync - {"script":"<script> [56 bytes]","args":[{"element-6066-11e4-a52e-4f735466cecf":"f.76EFC1153EA5792FD1141D4CA15B46A2.d.89395005C82FCF7EF14589457070AC45.e.9271","ELEMENT":"f.76EFC1153EA5792FD1141D4CA15B46A2.d.89395005C82FCF7EF14589457070AC45.e.9271"}]}
RESULT: {"script":"<script> [56 bytes]","args":[{"element-6066-11e4-a52e-4f735466cecf":"f.76EFC1153EA5792FD1141D4CA15B46A2.d.89395005C82FCF7EF14589457070AC45.e.9271","ELEMENT":"f.76EFC1153EA5792FD1141D4CA15B46A2.d.89395005C82FCF7EF14589457070AC45.e.9271"}]}
COMMAND: POST /session/b6c10327e85db8e4472cf13987b22354/element - {"using":"xpath","value":"//bdi[contains(text(), \"OK\")]"}
COMMAND: GET /session/b6c10327e85db8e4472cf13987b22354/screenshot - {}
RESULT: {"using":"xpath","value":"//bdi[contains(text(), \"OK\")]"}
COMMAND: POST /session/b6c10327e85db8e4472cf13987b22354/element/f.76EFC1153EA5792FD1141D4CA15B46A2.d.89395005C82FCF7EF14589457070AC45.e.9272/click - {}
RESULT: {}
RESULT: {}
COMMAND: GET /session/b6c10327e85db8e4472cf13987b22354/screenshot - {}
RESULT: {}
COMMAND: POST /session/b6c10327e85db8e4472cf13987b22354/element - {"using":"xpath","value":"//table[contains(@id, \"customPartnersTable-listUl\")]/thead/tr[1]/th[contains(., \"Catalog\")]"}
RESULT: {"using":"xpath","value":"//table[contains(@id, \"customPartnersTable-listUl\")]/thead/tr[1]/th[contains(., \"Catalog\")]"}
COMMAND: POST /session/b6c10327e85db8e4472cf13987b22354/elements - {"using":"xpath","value":"//table[contains(@id, \"customPartnersTable-listUl\")]/thead/tr[1]/th[contains(., \"Catalog\")]"}
RESULT: {"using":"xpath","value":"//table[contains(@id, \"customPartnersTable-listUl\")]/thead/tr[1]/th[contains(., \"Catalog\")]"}
COMMAND: POST /session/b6c10327e85db8e4472cf13987b22354/element - {"using":"xpath","value":"//table[contains(@id, \"customPartnersTable-listUl\")]/thead/tr[1]/th[contains(., \"Currency\")]"}
RESULT: {"using":"xpath","value":"//table[contains(@id, \"customPartnersTable-listUl\")]/thead/tr[1]/th[contains(., \"Currency\")]"}
COMMAND: POST /session/b6c10327e85db8e4472cf13987b22354/elements - {"using":"xpath","value":"//table[contains(@id, \"customPartnersTable-listUl\")]/thead/tr[1]/th[contains(., \"Currency\")]"}
RESULT: {"using":"xpath","value":"//table[contains(@id, \"customPartnersTable-listUl\")]/thead/tr[1]/th[contains(., \"Currency\")]"}
COMMAND: POST /session/b6c10327e85db8e4472cf13987b22354/element - {"using":"xpath","value":"//table[contains(@id, \"customPartnersTable-listUl\")]/thead/tr[1]/th[contains(., \"Partner Type\")]"}
RESULT: {"using":"xpath","value":"//table[contains(@id, \"customPartnersTable-listUl\")]/thead/tr[1]/th[contains(., \"Partner Type\")]"}
COMMAND: POST /session/b6c10327e85db8e4472cf13987b22354/elements - {"using":"xpath","value":"//table[contains(@id, \"customPartnersTable-listUl\")]/thead/tr[1]/th[contains(., \"Partner Type\")]"}
RESULT: {"using":"xpath","value":"//table[contains(@id, \"customPartnersTable-listUl\")]/thead/tr[1]/th[contains(., \"Partner Type\")]"}
COMMAND: POST /session/b6c10327e85db8e4472cf13987b22354/execute/async - {"script":"<script> [1562 bytes]","args":[{"selector":{"id":"application-managepartners-display-component---masterPtm--smartTable-btnExcelExport-internalSplitBtn-textButton-img"},"wdio_ui5_key":"applicationmanagepartners-display-component---masterPtm--smartTable-btnExcelExport-internalSplitBtn-textButton-img"}]}
RESULT: {"script":"<script> [1562 bytes]","args":[{"selector":{"id":"application-managepartners-display-component---masterPtm--smartTable-btnExcelExport-internalSplitBtn-textButton-img"},"wdio_ui5_key":"applicationmanagepartners-display-component---masterPtm--smartTable-btnExcelExport-internalSplitBtn-textButton-img"}]}
RESULT: undefined
COMMAND: POST /session/b6c10327e85db8e4472cf13987b22354/element - {"using":"xpath","value":"//*[@id=\"application-managepartners-display-component---masterPtm--smartTable-btnExcelExport-internalSplitBtn-textButton-img\"]"}
RESULT: {"using":"xpath","value":"//*[@id=\"application-managepartners-display-component---masterPtm--smartTable-btnExcelExport-internalSplitBtn-textButton-img\"]"}
COMMAND: POST /session/b6c10327e85db8e4472cf13987b22354/element/f.76EFC1153EA5792FD1141D4CA15B46A2.d.89395005C82FCF7EF14589457070AC45.e.7737/click - {}
RESULT: {}
COMMAND: POST /session/b6c10327e85db8e4472cf13987b22354/element - {"using":"css selector","value":"div.sapMDialog, div.sapMBusyDialog"}
COMMAND: GET /session/b6c10327e85db8e4472cf13987b22354/screenshot - {}
RESULT: {"using":"css selector","value":"div.sapMDialog, div.sapMBusyDialog"}
COMMAND: POST /session/b6c10327e85db8e4472cf13987b22354/execute/sync - {"script":"<script> [8489 bytes]","args":[{"element-6066-11e4-a52e-4f735466cecf":"f.76EFC1153EA5792FD1141D4CA15B46A2.d.89395005C82FCF7EF14589457070AC45.e.9399","ELEMENT":"f.76EFC1153EA5792FD1141D4CA15B46A2.d.89395005C82FCF7EF14589457070AC45.e.9399"}]}
RESULT: {}
RESULT: {"script":"<script> [8489 bytes]","args":[{"element-6066-11e4-a52e-4f735466cecf":"f.76EFC1153EA5792FD1141D4CA15B46A2.d.89395005C82FCF7EF14589457070AC45.e.9399","ELEMENT":"f.76EFC1153EA5792FD1141D4CA15B46A2.d.89395005C82FCF7EF14589457070AC45.e.9399"}]}
COMMAND: POST /session/b6c10327e85db8e4472cf13987b22354/execute/sync - {"script":"<script> [8489 bytes]","args":[{"element-6066-11e4-a52e-4f735466cecf":"f.76EFC1153EA5792FD1141D4CA15B46A2.d.89395005C82FCF7EF14589457070AC45.e.9399","ELEMENT":"f.76EFC1153EA5792FD1141D4CA15B46A2.d.89395005C82FCF7EF14589457070AC45.e.9399"}]}
COMMAND: GET /session/b6c10327e85db8e4472cf13987b22354/screenshot - {}
RESULT: {"script":"<script> [8489 bytes]","args":[{"element-6066-11e4-a52e-4f735466cecf":"f.76EFC1153EA5792FD1141D4CA15B46A2.d.89395005C82FCF7EF14589457070AC45.e.9399","ELEMENT":"f.76EFC1153EA5792FD1141D4CA15B46A2.d.89395005C82FCF7EF14589457070AC45.e.9399"}]}
COMMAND: GET /session/b6c10327e85db8e4472cf13987b22354/screenshot - {}
COMMAND: POST /session/b6c10327e85db8e4472cf13987b22354/execute/sync - {"script":"<script> [8489 bytes]","args":[{"element-6066-11e4-a52e-4f735466cecf":"f.76EFC1153EA5792FD1141D4CA15B46A2.d.89395005C82FCF7EF14589457070AC45.e.9399","ELEMENT":"f.76EFC1153EA5792FD1141D4CA15B46A2.d.89395005C82FCF7EF14589457070AC45.e.9399"}]}
RESULT: {}
RESULT: {}
RESULT: {"script":"<script> [8489 bytes]","args":[{"element-6066-11e4-a52e-4f735466cecf":"f.76EFC1153EA5792FD1141D4CA15B46A2.d.89395005C82FCF7EF14589457070AC45.e.9399","ELEMENT":"f.76EFC1153EA5792FD1141D4CA15B46A2.d.89395005C82FCF7EF14589457070AC45.e.9399"}]}
COMMAND: GET /session/b6c10327e85db8e4472cf13987b22354/screenshot - {}
COMMAND: POST /session/b6c10327e85db8e4472cf13987b22354/execute/sync - {"script":"<script> [8489 bytes]","args":[{"element-6066-11e4-a52e-4f735466cecf":"f.76EFC1153EA5792FD1141D4CA15B46A2.d.89395005C82FCF7EF14589457070AC45.e.9399","ELEMENT":"f.76EFC1153EA5792FD1141D4CA15B46A2.d.89395005C82FCF7EF14589457070AC45.e.9399"}]}
RESULT: {}
COMMAND: POST /session/b6c10327e85db8e4472cf13987b22354/element - {"using":"css selector","value":"div.sapMDialog, div.sapMBusyDialog"}
RESULT: {"using":"css selector","value":"div.sapMDialog, div.sapMBusyDialog"}
COMMAND: POST /session/b6c10327e85db8e4472cf13987b22354/element - {"using":"css selector","value":"div.sapMDialog, div.sapMBusyDialog"}
RESULT: {"using":"css selector","value":"div.sapMDialog, div.sapMBusyDialog"}
COMMAND: POST /session/b6c10327e85db8e4472cf13987b22354/execute/async - {"script":"<script> [1562 bytes]","args":[{"selector":{"id":"application-managepartners-display-component---masterPtm--smartTable-btnExcelExport-internalSplitBtn-arrowButton-img"},"wdio_ui5_key":"applicationmanagepartners-display-component---masterPtm--smartTable-btnExcelExport-internalSplitBtn-arrowButton-img"}]}
RESULT: {"script":"<script> [1562 bytes]","args":[{"selector":{"id":"application-managepartners-display-component---masterPtm--smartTable-btnExcelExport-internalSplitBtn-arrowButton-img"},"wdio_ui5_key":"applicationmanagepartners-display-component---masterPtm--smartTable-btnExcelExport-internalSplitBtn-arrowButton-img"}]}
RESULT: undefined
COMMAND: POST /session/b6c10327e85db8e4472cf13987b22354/element - {"using":"xpath","value":"//*[@id=\"application-managepartners-display-component---masterPtm--smartTable-btnExcelExport-internalSplitBtn-arrowButton-img\"]"}
RESULT: {"using":"xpath","value":"//*[@id=\"application-managepartners-display-component---masterPtm--smartTable-btnExcelExport-internalSplitBtn-arrowButton-img\"]"}
COMMAND: POST /session/b6c10327e85db8e4472cf13987b22354/element/f.76EFC1153EA5792FD1141D4CA15B46A2.d.89395005C82FCF7EF14589457070AC45.e.7740/click - {}
RESULT: {}
COMMAND: GET /session/b6c10327e85db8e4472cf13987b22354/screenshot - {}
RESULT: {}
COMMAND: POST /session/b6c10327e85db8e4472cf13987b22354/actions - {"actions":[{"id":"action33","type":"key","parameters":{},"actions":[{"type":"keyDown","value":"î€•"},{"type":"pause","duration":10},{"type":"keyUp","value":"î€•"}]}]}
RESULT: {"actions":[{"id":"action33","type":"key","parameters":{},"actions":[{"type":"keyDown","value":"î€•"},{"type":"pause","duration":10},{"type":"keyUp","value":"î€•"}]}]}
COMMAND: POST /session/b6c10327e85db8e4472cf13987b22354/actions - {"actions":[{"id":"action34","type":"key","parameters":{},"actions":[{"type":"keyDown","value":"î€‡"},{"type":"pause","duration":10},{"type":"keyUp","value":"î€‡"}]}]}
COMMAND: GET /session/b6c10327e85db8e4472cf13987b22354/screenshot - {}
RESULT: {"actions":[{"id":"action34","type":"key","parameters":{},"actions":[{"type":"keyDown","value":"î€‡"},{"type":"pause","duration":10},{"type":"keyUp","value":"î€‡"}]}]}
COMMAND: GET /session/b6c10327e85db8e4472cf13987b22354/screenshot - {}
RESULT: {}
RESULT: {}
COMMAND: POST /session/b6c10327e85db8e4472cf13987b22354/element - {"using":"xpath","value":"//div[@id=\"exportSettingsDialog\"]"}
RESULT: {"using":"xpath","value":"//div[@id=\"exportSettingsDialog\"]"}
COMMAND: POST /session/b6c10327e85db8e4472cf13987b22354/execute/sync - {"script":"<script> [8489 bytes]","args":[{"element-6066-11e4-a52e-4f735466cecf":"f.76EFC1153EA5792FD1141D4CA15B46A2.d.89395005C82FCF7EF14589457070AC45.e.9406","ELEMENT":"f.76EFC1153EA5792FD1141D4CA15B46A2.d.89395005C82FCF7EF14589457070AC45.e.9406"}]}
RESULT: {"script":"<script> [8489 bytes]","args":[{"element-6066-11e4-a52e-4f735466cecf":"f.76EFC1153EA5792FD1141D4CA15B46A2.d.89395005C82FCF7EF14589457070AC45.e.9406","ELEMENT":"f.76EFC1153EA5792FD1141D4CA15B46A2.d.89395005C82FCF7EF14589457070AC45.e.9406"}]}
COMMAND: GET /session/b6c10327e85db8e4472cf13987b22354/screenshot - {}
RESULT: {}
COMMAND: POST /session/b6c10327e85db8e4472cf13987b22354/element - {"using":"xpath","value":"//button[contains(@id,\"exportSettingsDialog-exportButton\")]"}
RESULT: {"using":"xpath","value":"//button[contains(@id,\"exportSettingsDialog-exportButton\")]"}
COMMAND: POST /session/b6c10327e85db8e4472cf13987b22354/element/f.76EFC1153EA5792FD1141D4CA15B46A2.d.89395005C82FCF7EF14589457070AC45.e.9407/click - {}
RESULT: {}
COMMAND: GET /session/b6c10327e85db8e4472cf13987b22354/screenshot - {}
RESULT: {}
COMMAND: POST /session/b6c10327e85db8e4472cf13987b22354/element - {"using":"css selector","value":"div.sapMDialog, div.sapMBusyDialog"}
RESULT: {"using":"css selector","value":"div.sapMDialog, div.sapMBusyDialog"}
COMMAND: POST /session/b6c10327e85db8e4472cf13987b22354/execute/sync - {"script":"<script> [8489 bytes]","args":[{"element-6066-11e4-a52e-4f735466cecf":"f.76EFC1153EA5792FD1141D4CA15B46A2.d.89395005C82FCF7EF14589457070AC45.e.9410","ELEMENT":"f.76EFC1153EA5792FD1141D4CA15B46A2.d.89395005C82FCF7EF14589457070AC45.e.9410"}]}
RESULT: {"script":"<script> [8489 bytes]","args":[{"element-6066-11e4-a52e-4f735466cecf":"f.76EFC1153EA5792FD1141D4CA15B46A2.d.89395005C82FCF7EF14589457070AC45.e.9410","ELEMENT":"f.76EFC1153EA5792FD1141D4CA15B46A2.d.89395005C82FCF7EF14589457070AC45.e.9410"}]}
COMMAND: POST /session/b6c10327e85db8e4472cf13987b22354/execute/sync - {"script":"<script> [8489 bytes]","args":[{"element-6066-11e4-a52e-4f735466cecf":"f.76EFC1153EA5792FD1141D4CA15B46A2.d.89395005C82FCF7EF14589457070AC45.e.9410","ELEMENT":"f.76EFC1153EA5792FD1141D4CA15B46A2.d.89395005C82FCF7EF14589457070AC45.e.9410"}]}
COMMAND: GET /session/b6c10327e85db8e4472cf13987b22354/screenshot - {}
RESULT: {"script":"<script> [8489 bytes]","args":[{"element-6066-11e4-a52e-4f735466cecf":"f.76EFC1153EA5792FD1141D4CA15B46A2.d.89395005C82FCF7EF14589457070AC45.e.9410","ELEMENT":"f.76EFC1153EA5792FD1141D4CA15B46A2.d.89395005C82FCF7EF14589457070AC45.e.9410"}]}
COMMAND: GET /session/b6c10327e85db8e4472cf13987b22354/screenshot - {}
RESULT: {}
COMMAND: POST /session/b6c10327e85db8e4472cf13987b22354/execute/sync - {"script":"<script> [8489 bytes]","args":[{"element-6066-11e4-a52e-4f735466cecf":"f.76EFC1153EA5792FD1141D4CA15B46A2.d.89395005C82FCF7EF14589457070AC45.e.9410","ELEMENT":"f.76EFC1153EA5792FD1141D4CA15B46A2.d.89395005C82FCF7EF14589457070AC45.e.9410"}]}
RESULT: {}
RESULT: {"script":"<script> [8489 bytes]","args":[{"element-6066-11e4-a52e-4f735466cecf":"f.76EFC1153EA5792FD1141D4CA15B46A2.d.89395005C82FCF7EF14589457070AC45.e.9410","ELEMENT":"f.76EFC1153EA5792FD1141D4CA15B46A2.d.89395005C82FCF7EF14589457070AC45.e.9410"}]}
COMMAND: GET /session/b6c10327e85db8e4472cf13987b22354/screenshot - {}
COMMAND: POST /session/b6c10327e85db8e4472cf13987b22354/execute/sync - {"script":"<script> [8489 bytes]","args":[{"element-6066-11e4-a52e-4f735466cecf":"f.76EFC1153EA5792FD1141D4CA15B46A2.d.89395005C82FCF7EF14589457070AC45.e.9410","ELEMENT":"f.76EFC1153EA5792FD1141D4CA15B46A2.d.89395005C82FCF7EF14589457070AC45.e.9410"}]}
RESULT: {}
RESULT: {"script":"<script> [8489 bytes]","args":[{"element-6066-11e4-a52e-4f735466cecf":"f.76EFC1153EA5792FD1141D4CA15B46A2.d.89395005C82FCF7EF14589457070AC45.e.9410","ELEMENT":"f.76EFC1153EA5792FD1141D4CA15B46A2.d.89395005C82FCF7EF14589457070AC45.e.9410"}]}
COMMAND: GET /session/b6c10327e85db8e4472cf13987b22354/screenshot - {}
COMMAND: POST /session/b6c10327e85db8e4472cf13987b22354/execute/sync - {"script":"<script> [8489 bytes]","args":[{"element-6066-11e4-a52e-4f735466cecf":"f.76EFC1153EA5792FD1141D4CA15B46A2.d.89395005C82FCF7EF14589457070AC45.e.9410","ELEMENT":"f.76EFC1153EA5792FD1141D4CA15B46A2.d.89395005C82FCF7EF14589457070AC45.e.9410"}]}
RESULT: {}
COMMAND: POST /session/b6c10327e85db8e4472cf13987b22354/element - {"using":"css selector","value":"div.sapMDialog, div.sapMBusyDialog"}
RESULT: {"using":"css selector","value":"div.sapMDialog, div.sapMBusyDialog"}
COMMAND: POST /session/b6c10327e85db8e4472cf13987b22354/element - {"using":"css selector","value":"div.sapMDialog, div.sapMBusyDialog"}
RESULT: {"using":"css selector","value":"div.sapMDialog, div.sapMBusyDialog"}
COMMAND: POST /session/b6c10327e85db8e4472cf13987b22354/execute/async - {"script":"<script> [1562 bytes]","args":[{"selector":{"id":"application-managepartners-display-component---masterPtm--smartTable-btnFullScreen-img"},"wdio_ui5_key":"applicationmanagepartners-display-component---masterPtm--smartTable-btnFullScreen-img"}]}
RESULT: {"script":"<script> [1562 bytes]","args":[{"selector":{"id":"application-managepartners-display-component---masterPtm--smartTable-btnFullScreen-img"},"wdio_ui5_key":"applicationmanagepartners-display-component---masterPtm--smartTable-btnFullScreen-img"}]}
RESULT: undefined
COMMAND: POST /session/b6c10327e85db8e4472cf13987b22354/element - {"using":"xpath","value":"//*[@id=\"application-managepartners-display-component---masterPtm--smartTable-btnFullScreen-img\"]"}
RESULT: {"using":"xpath","value":"//*[@id=\"application-managepartners-display-component---masterPtm--smartTable-btnFullScreen-img\"]"}
COMMAND: POST /session/b6c10327e85db8e4472cf13987b22354/element/f.76EFC1153EA5792FD1141D4CA15B46A2.d.89395005C82FCF7EF14589457070AC45.e.7743/click - {}
RESULT: {}
COMMAND: GET /session/b6c10327e85db8e4472cf13987b22354/screenshot - {}
RESULT: {}
COMMAND: POST /session/b6c10327e85db8e4472cf13987b22354/element - {"using":"xpath","value":"//div[contains(@role,\"dialog\") and contains(@id, \"dialog\")]"}
RESULT: {"using":"xpath","value":"//div[contains(@role,\"dialog\") and contains(@id, \"dialog\")]"}
COMMAND: POST /session/b6c10327e85db8e4472cf13987b22354/execute/sync - {"script":"<script> [8489 bytes]","args":[{"element-6066-11e4-a52e-4f735466cecf":"f.76EFC1153EA5792FD1141D4CA15B46A2.d.89395005C82FCF7EF14589457070AC45.e.9411","ELEMENT":"f.76EFC1153EA5792FD1141D4CA15B46A2.d.89395005C82FCF7EF14589457070AC45.e.9411"}]}
RESULT: {"script":"<script> [8489 bytes]","args":[{"element-6066-11e4-a52e-4f735466cecf":"f.76EFC1153EA5792FD1141D4CA15B46A2.d.89395005C82FCF7EF14589457070AC45.e.9411","ELEMENT":"f.76EFC1153EA5792FD1141D4CA15B46A2.d.89395005C82FCF7EF14589457070AC45.e.9411"}]}
COMMAND: GET /session/b6c10327e85db8e4472cf13987b22354/screenshot - {}
RESULT: {}
RESULT: undefined
COMMAND: POST /session/b6c10327e85db8e4472cf13987b22354/element - {"using":"xpath","value":"//*[@id=\"application-managepartners-display-component---masterPtm--smartTable-btnFullScreen-img\"]"}
RESULT: {"using":"xpath","value":"//*[@id=\"application-managepartners-display-component---masterPtm--smartTable-btnFullScreen-img\"]"}
COMMAND: POST /session/b6c10327e85db8e4472cf13987b22354/element/f.76EFC1153EA5792FD1141D4CA15B46A2.d.89395005C82FCF7EF14589457070AC45.e.7743/click - {}
RESULT: {}
COMMAND: GET /session/b6c10327e85db8e4472cf13987b22354/screenshot - {}
RESULT: {}
COMMAND: POST /session/b6c10327e85db8e4472cf13987b22354/element - {"using":"xpath","value":"//div[contains(@role,\"dialog\") and contains(@id, \"dialog\")]"}
RESULT: {"using":"xpath","value":"//div[contains(@role,\"dialog\") and contains(@id, \"dialog\")]"}
COMMAND: POST /session/b6c10327e85db8e4472cf13987b22354/element - {"using":"xpath","value":"//div[contains(@role,\"dialog\") and contains(@id, \"dialog\")]"}
RESULT: {"using":"xpath","value":"//div[contains(@role,\"dialog\") and contains(@id, \"dialog\")]"}
RESULT: undefined
COMMAND: POST /session/b6c10327e85db8e4472cf13987b22354/execute/async - {"script":"<script> [776 bytes]","args":[{"enterText":"1056","selector":{"id":"application-managepartners-display-component---masterPtm--smartFilterBar-btnBasicSearch","interaction":{"idSuffix":"I"}},"clearTextFirst":true,"interactionType":"ENTER_TEXT"}]}
RESULT: {"script":"<script> [776 bytes]","args":[{"enterText":"1056","selector":{"id":"application-managepartners-display-component---masterPtm--smartFilterBar-btnBasicSearch","interaction":{"idSuffix":"I"}},"clearTextFirst":true,"interactionType":"ENTER_TEXT"}]}
COMMAND: POST /session/b6c10327e85db8e4472cf13987b22354/actions - {"actions":[{"id":"action35","type":"key","parameters":{},"actions":[{"type":"keyDown","value":"î€‡"},{"type":"pause","duration":10},{"type":"keyUp","value":"î€‡"}]}]}
RESULT: {"actions":[{"id":"action35","type":"key","parameters":{},"actions":[{"type":"keyDown","value":"î€‡"},{"type":"pause","duration":10},{"type":"keyUp","value":"î€‡"}]}]}
COMMAND: GET /session/b6c10327e85db8e4472cf13987b22354/screenshot - {}
RESULT: {}
COMMAND: POST /session/b6c10327e85db8e4472cf13987b22354/elements - {"using":"xpath","value":"//table[contains(@id, \"customPartnersTable-listUl\")]/tbody/tr"}
RESULT: {"using":"xpath","value":"//table[contains(@id, \"customPartnersTable-listUl\")]/tbody/tr"}
COMMAND: POST /session/b6c10327e85db8e4472cf13987b22354/element - {"using":"xpath","value":"//table[contains(@id, \"customPartnersTable-listUl\")]/tbody/tr[1]/td[3]/span"}
RESULT: {"using":"xpath","value":"//table[contains(@id, \"customPartnersTable-listUl\")]/tbody/tr[1]/td[3]/span"}
COMMAND: POST /session/b6c10327e85db8e4472cf13987b22354/elements - {"using":"xpath","value":"//table[contains(@id, \"customPartnersTable-listUl\")]/tbody/tr[1]/td[3]/span"}
RESULT: {"using":"xpath","value":"//table[contains(@id, \"customPartnersTable-listUl\")]/tbody/tr[1]/td[3]/span"}
COMMAND: POST /session/b6c10327e85db8e4472cf13987b22354/execute/sync - {"script":"<script> [56 bytes]","args":[{"element-6066-11e4-a52e-4f735466cecf":"f.76EFC1153EA5792FD1141D4CA15B46A2.d.89395005C82FCF7EF14589457070AC45.e.9426","ELEMENT":"f.76EFC1153EA5792FD1141D4CA15B46A2.d.89395005C82FCF7EF14589457070AC45.e.9426"}]}
RESULT: {"script":"<script> [56 bytes]","args":[{"element-6066-11e4-a52e-4f735466cecf":"f.76EFC1153EA5792FD1141D4CA15B46A2.d.89395005C82FCF7EF14589457070AC45.e.9426","ELEMENT":"f.76EFC1153EA5792FD1141D4CA15B46A2.d.89395005C82FCF7EF14589457070AC45.e.9426"}]}
COMMAND: POST /session/b6c10327e85db8e4472cf13987b22354/element - {"using":"xpath","value":"(//span[contains(@id, \"imgNav\")])[1]"}
COMMAND: GET /session/b6c10327e85db8e4472cf13987b22354/screenshot - {}
RESULT: {}
RESULT: {"using":"xpath","value":"(//span[contains(@id, \"imgNav\")])[1]"}
COMMAND: POST /session/b6c10327e85db8e4472cf13987b22354/element/f.76EFC1153EA5792FD1141D4CA15B46A2.d.89395005C82FCF7EF14589457070AC45.e.9425/click - {}
RESULT: {}
COMMAND: GET /session/b6c10327e85db8e4472cf13987b22354/screenshot - {}
RESULT: {}
COMMAND: POST /session/b6c10327e85db8e4472cf13987b22354/execute/async - {"script":"<script> [1562 bytes]","args":[{"selector":{"controlType":"sap.m.Text","viewName":"etm.portal.ui.managepartners.view.Detail","viewId":"application-managepartners-display-component---detailPtm","bindingPath":{"path":"/PartnersWithBillingType(ID='1056')","propertyPath":"ID","modelName":"catalogModel"}},"wdio_ui5_key":"etmportal.ui.managepartners.view.Detailsap.m.Text{\"path\":\"/PartnersWithBillingType(ID='1056')\",\"propertyPath\":\"ID\",\"modelName\":\"catalogModel\"}"}]}
RESULT: {"script":"<script> [1562 bytes]","args":[{"selector":{"controlType":"sap.m.Text","viewName":"etm.portal.ui.managepartners.view.Detail","viewId":"application-managepartners-display-component---detailPtm","bindingPath":{"path":"/PartnersWithBillingType(ID='1056')","propertyPath":"ID","modelName":"catalogModel"}},"wdio_ui5_key":"etmportal.ui.managepartners.view.Detailsap.m.Text{\"path\":\"/PartnersWithBillingType(ID='1056')\",\"propertyPath\":\"ID\",\"modelName\":\"catalogModel\"}"}]}
RESULT: undefined
COMMAND: POST /session/b6c10327e85db8e4472cf13987b22354/execute/async - {"script":"<script> [6424 bytes]","args":[{"element-6066-11e4-a52e-4f735466cecf":"f.76EFC1153EA5792FD1141D4CA15B46A2.d.89395005C82FCF7EF14589457070AC45.e.9638"},"getText",[]]}
RESULT: {"script":"<script> [6424 bytes]","args":[{"element-6066-11e4-a52e-4f735466cecf":"f.76EFC1153EA5792FD1141D4CA15B46A2.d.89395005C82FCF7EF14589457070AC45.e.9638"},"getText",[]]}
COMMAND: POST /session/b6c10327e85db8e4472cf13987b22354/element - {"using":"xpath","value":"//bdi[contains(text(), \"Edit\")]"}
RESULT: {"using":"xpath","value":"//bdi[contains(text(), \"Edit\")]"}
COMMAND: POST /session/b6c10327e85db8e4472cf13987b22354/element/f.76EFC1153EA5792FD1141D4CA15B46A2.d.89395005C82FCF7EF14589457070AC45.e.9639/click - {}
RESULT: {}
COMMAND: GET /session/b6c10327e85db8e4472cf13987b22354/screenshot - {}
RESULT: {}
RESULT: undefined
COMMAND: POST /session/b6c10327e85db8e4472cf13987b22354/execute/async - {"script":"<script> [776 bytes]","args":[{"enterText":"EDITED PARTNER","selector":{"controlType":"sap.m.Input","viewName":"etm.portal.ui.managepartners.view.EditDetail","labelFor":{"text":"Name"},"interaction":{"idSuffix":"inner"}},"clearTextFirst":true,"interactionType":"ENTER_TEXT"}]}
RESULT: {"script":"<script> [776 bytes]","args":[{"enterText":"EDITED PARTNER","selector":{"controlType":"sap.m.Input","viewName":"etm.portal.ui.managepartners.view.EditDetail","labelFor":{"text":"Name"},"interaction":{"idSuffix":"inner"}},"clearTextFirst":true,"interactionType":"ENTER_TEXT"}]}
COMMAND: POST /session/b6c10327e85db8e4472cf13987b22354/element - {"using":"xpath","value":"//button[@data-kt=\"saveButton\"]"}
RESULT: {"using":"xpath","value":"//button[@data-kt=\"saveButton\"]"}
COMMAND: POST /session/b6c10327e85db8e4472cf13987b22354/element/f.76EFC1153EA5792FD1141D4CA15B46A2.d.89395005C82FCF7EF14589457070AC45.e.9767/click - {}
RESULT: {}
COMMAND: GET /session/b6c10327e85db8e4472cf13987b22354/screenshot - {}
RESULT: {}
RESULT: undefined
COMMAND: POST /session/b6c10327e85db8e4472cf13987b22354/execute/async - {"script":"<script> [6424 bytes]","args":[{"element-6066-11e4-a52e-4f735466cecf":"f.76EFC1153EA5792FD1141D4CA15B46A2.d.89395005C82FCF7EF14589457070AC45.e.5211"},"getValue",[]]}
COMMAND: POST /session/b6c10327e85db8e4472cf13987b22354/execute/async - {"script":"<script> [1562 bytes]","args":[{"selector":{"id":"application-managepartners-display-component---detailPtm--addressDetailDetailsName1"},"wdio_ui5_key":"applicationmanagepartners-display-component---detailPtm--addressDetailDetailsName1"}]}
RESULT: {"script":"<script> [1562 bytes]","args":[{"selector":{"id":"application-managepartners-display-component---detailPtm--addressDetailDetailsName1"},"wdio_ui5_key":"applicationmanagepartners-display-component---detailPtm--addressDetailDetailsName1"}]}
COMMAND: POST /session/b6c10327e85db8e4472cf13987b22354/execute/async - {"script":"<script> [6424 bytes]","args":[{"element-6066-11e4-a52e-4f735466cecf":"f.76EFC1153EA5792FD1141D4CA15B46A2.d.89395005C82FCF7EF14589457070AC45.e.9813"},"getValue",[]]}
RESULT: {"script":"<script> [6424 bytes]","args":[{"element-6066-11e4-a52e-4f735466cecf":"f.76EFC1153EA5792FD1141D4CA15B46A2.d.89395005C82FCF7EF14589457070AC45.e.9813"},"getValue",[]]}
COMMAND: POST /session/b6c10327e85db8e4472cf13987b22354/execute/async - {"script":"<script> [1562 bytes]","args":[{"selector":{"controlType":"sap.ui.core.Icon","viewName":"etm.portal.ui.managepartners.view.Detail","viewId":"application-managepartners-display-component---detailPtm","properties":{"src":{"regex":{"source":"decline"}}}},"wdio_ui5_key":"etmportal.ui.managepartners.view.Detailsap.ui.core.Icon{\"src\":{\"regex\":{\"source\":\"decline\"}}}"}]}
RESULT: {"script":"<script> [1562 bytes]","args":[{"selector":{"controlType":"sap.ui.core.Icon","viewName":"etm.portal.ui.managepartners.view.Detail","viewId":"application-managepartners-display-component---detailPtm","properties":{"src":{"regex":{"source":"decline"}}}},"wdio_ui5_key":"etmportal.ui.managepartners.view.Detailsap.ui.core.Icon{\"src\":{\"regex\":{\"source\":\"decline\"}}}"}]}
RESULT: undefined
COMMAND: POST /session/b6c10327e85db8e4472cf13987b22354/element - {"using":"xpath","value":"//*[@id=\"__button225-img\"]"}
RESULT: {"using":"xpath","value":"//*[@id=\"__button225-img\"]"}
COMMAND: POST /session/b6c10327e85db8e4472cf13987b22354/element/f.76EFC1153EA5792FD1141D4CA15B46A2.d.89395005C82FCF7EF14589457070AC45.e.9904/click - {}
RESULT: {}
COMMAND: GET /session/b6c10327e85db8e4472cf13987b22354/screenshot - {}
RESULT: {}
COMMAND: POST /session/b6c10327e85db8e4472cf13987b22354/element - {"using":"xpath","value":"//button[@data-kt=\"addButton\"]"}
RESULT: {"using":"xpath","value":"//button[@data-kt=\"addButton\"]"}
COMMAND: GET /session/b6c10327e85db8e4472cf13987b22354/element/f.76EFC1153EA5792FD1141D4CA15B46A2.d.89395005C82FCF7EF14589457070AC45.e.10010/enabled - {}
RESULT: {}
COMMAND: POST /session/b6c10327e85db8e4472cf13987b22354/execute/sync - {"script":"<script> [8489 bytes]","args":[{"element-6066-11e4-a52e-4f735466cecf":"f.76EFC1153EA5792FD1141D4CA15B46A2.d.89395005C82FCF7EF14589457070AC45.e.10010","ELEMENT":"f.76EFC1153EA5792FD1141D4CA15B46A2.d.89395005C82FCF7EF14589457070AC45.e.10010"}]}
COMMAND: GET /session/b6c10327e85db8e4472cf13987b22354/screenshot - {}
RESULT: {"script":"<script> [8489 bytes]","args":[{"element-6066-11e4-a52e-4f735466cecf":"f.76EFC1153EA5792FD1141D4CA15B46A2.d.89395005C82FCF7EF14589457070AC45.e.10010","ELEMENT":"f.76EFC1153EA5792FD1141D4CA15B46A2.d.89395005C82FCF7EF14589457070AC45.e.10010"}]}
COMMAND: POST /session/b6c10327e85db8e4472cf13987b22354/execute/sync - {"script":"<script> [5351 bytes]","args":[{"element-6066-11e4-a52e-4f735466cecf":"f.76EFC1153EA5792FD1141D4CA15B46A2.d.89395005C82FCF7EF14589457070AC45.e.10010","ELEMENT":"f.76EFC1153EA5792FD1141D4CA15B46A2.d.89395005C82FCF7EF14589457070AC45.e.10010"}]}
COMMAND: GET /session/b6c10327e85db8e4472cf13987b22354/screenshot - {}
RESULT: {}
RESULT: {"script":"<script> [5351 bytes]","args":[{"element-6066-11e4-a52e-4f735466cecf":"f.76EFC1153EA5792FD1141D4CA15B46A2.d.89395005C82FCF7EF14589457070AC45.e.10010","ELEMENT":"f.76EFC1153EA5792FD1141D4CA15B46A2.d.89395005C82FCF7EF14589457070AC45.e.10010"}]}
COMMAND: POST /session/b6c10327e85db8e4472cf13987b22354/element/f.76EFC1153EA5792FD1141D4CA15B46A2.d.89395005C82FCF7EF14589457070AC45.e.10010/click - {}
COMMAND: GET /session/b6c10327e85db8e4472cf13987b22354/screenshot - {}
RESULT: {}
RESULT: {}
COMMAND: GET /session/b6c10327e85db8e4472cf13987b22354/screenshot - {}
RESULT: {}
RESULT: {}
RESULT: undefined
COMMAND: POST /session/b6c10327e85db8e4472cf13987b22354/execute/async - {"script":"<script> [776 bytes]","args":[{"enterText":"New Partner WDIO","selector":{"id":"application-managepartners-display-component---NewPartner--addressDetailDetailsName1","interaction":{"idSuffix":"inner"}},"clearTextFirst":true,"interactionType":"ENTER_TEXT"}]}
RESULT: {"script":"<script> [776 bytes]","args":[{"enterText":"New Partner WDIO","selector":{"id":"application-managepartners-display-component---NewPartner--addressDetailDetailsName1","interaction":{"idSuffix":"inner"}},"clearTextFirst":true,"interactionType":"ENTER_TEXT"}]}
RESULT: undefined
COMMAND: POST /session/b6c10327e85db8e4472cf13987b22354/element - {"using":"xpath","value":"//*[@id=\"application-managepartners-display-component---NewPartner--addressDetailDetailsLanguage-arrow\"]"}
RESULT: {"using":"xpath","value":"//*[@id=\"application-managepartners-display-component---NewPartner--addressDetailDetailsLanguage-arrow\"]"}
COMMAND: POST /session/b6c10327e85db8e4472cf13987b22354/element/f.76EFC1153EA5792FD1141D4CA15B46A2.d.89395005C82FCF7EF14589457070AC45.e.10248/click - {}
RESULT: {}
COMMAND: GET /session/b6c10327e85db8e4472cf13987b22354/screenshot - {}
RESULT: {}
COMMAND: POST /session/b6c10327e85db8e4472cf13987b22354/element - {"using":"xpath","value":"//ul[contains(@id,\"DetailDetailsLanguage-popup-list-listUl\")]//li[.//span[contains(text(), \"English\")]]"}
RESULT: {"using":"xpath","value":"//ul[contains(@id,\"DetailDetailsLanguage-popup-list-listUl\")]//li[.//span[contains(text(), \"English\")]]"}
COMMAND: POST /session/b6c10327e85db8e4472cf13987b22354/element/f.76EFC1153EA5792FD1141D4CA15B46A2.d.89395005C82FCF7EF14589457070AC45.e.10249/click - {}
RESULT: {}
COMMAND: GET /session/b6c10327e85db8e4472cf13987b22354/screenshot - {}
RESULT: {}
RESULT: undefined
COMMAND: POST /session/b6c10327e85db8e4472cf13987b22354/execute/async - {"script":"<script> [776 bytes]","args":[{"enterText":"Deva","selector":{"id":"application-managepartners-display-component---NewPartner--addressDetailDetailsCity1","interaction":{"idSuffix":"inner"}},"clearTextFirst":true,"interactionType":"ENTER_TEXT"}]}
RESULT: {"script":"<script> [776 bytes]","args":[{"enterText":"Deva","selector":{"id":"application-managepartners-display-component---NewPartner--addressDetailDetailsCity1","interaction":{"idSuffix":"inner"}},"clearTextFirst":true,"interactionType":"ENTER_TEXT"}]}
RESULT: undefined
COMMAND: POST /session/b6c10327e85db8e4472cf13987b22354/element - {"using":"xpath","value":"//*[@id=\"application-managepartners-display-component---NewPartner--addressDetailDetailsCountry-arrow\"]"}
RESULT: {"using":"xpath","value":"//*[@id=\"application-managepartners-display-component---NewPartner--addressDetailDetailsCountry-arrow\"]"}
COMMAND: POST /session/b6c10327e85db8e4472cf13987b22354/element/f.76EFC1153EA5792FD1141D4CA15B46A2.d.89395005C82FCF7EF14589457070AC45.e.10238/click - {}
RESULT: {}
COMMAND: GET /session/b6c10327e85db8e4472cf13987b22354/screenshot - {}
RESULT: {}
COMMAND: POST /session/b6c10327e85db8e4472cf13987b22354/element - {"using":"xpath","value":"//ul[contains(@id,\"DetailsCountry-popup-list-listUl\")]//li[.//span[contains(text(), \"Armenia\")]]"}
RESULT: {"using":"xpath","value":"//ul[contains(@id,\"DetailsCountry-popup-list-listUl\")]//li[.//span[contains(text(), \"Armenia\")]]"}
COMMAND: POST /session/b6c10327e85db8e4472cf13987b22354/element/f.76EFC1153EA5792FD1141D4CA15B46A2.d.89395005C82FCF7EF14589457070AC45.e.10250/click - {}
RESULT: {}
COMMAND: GET /session/b6c10327e85db8e4472cf13987b22354/screenshot - {}
RESULT: {}
COMMAND: POST /session/b6c10327e85db8e4472cf13987b22354/element - {"using":"xpath","value":"//bdi[contains(text(), \"Commercial\")]"}
RESULT: {"using":"xpath","value":"//bdi[contains(text(), \"Commercial\")]"}
COMMAND: POST /session/b6c10327e85db8e4472cf13987b22354/element/f.76EFC1153EA5792FD1141D4CA15B46A2.d.89395005C82FCF7EF14589457070AC45.e.10251/click - {}
RESULT: {}
COMMAND: GET /session/b6c10327e85db8e4472cf13987b22354/screenshot - {}
RESULT: {}
RESULT: undefined
COMMAND: POST /session/b6c10327e85db8e4472cf13987b22354/element - {"using":"xpath","value":"//*[@id=\"application-managepartners-display-component---NewPartner--partnerDetailInternal-arrow\"]"}
RESULT: {"using":"xpath","value":"//*[@id=\"application-managepartners-display-component---NewPartner--partnerDetailInternal-arrow\"]"}
COMMAND: POST /session/b6c10327e85db8e4472cf13987b22354/element/f.76EFC1153EA5792FD1141D4CA15B46A2.d.89395005C82FCF7EF14589457070AC45.e.10257/click - {}
RESULT: {}
COMMAND: GET /session/b6c10327e85db8e4472cf13987b22354/screenshot - {}
RESULT: {}
COMMAND: POST /session/b6c10327e85db8e4472cf13987b22354/element - {"using":"xpath","value":"//ul[contains(@id,\"partnerDetailInternal-popup-list-listUl\")]//li[.//span[contains(text(), \"External partner\")]]"}
RESULT: {"using":"xpath","value":"//ul[contains(@id,\"partnerDetailInternal-popup-list-listUl\")]//li[.//span[contains(text(), \"External partner\")]]"}
COMMAND: POST /session/b6c10327e85db8e4472cf13987b22354/element/f.76EFC1153EA5792FD1141D4CA15B46A2.d.89395005C82FCF7EF14589457070AC45.e.10258/click - {}
RESULT: {}
RESULT: undefined
COMMAND: POST /session/b6c10327e85db8e4472cf13987b22354/element - {"using":"xpath","value":"//*[@id=\"application-managepartners-display-component---NewPartner--partnerDetailsCurrency-arrow\"]"}
COMMAND: GET /session/b6c10327e85db8e4472cf13987b22354/screenshot - {}
RESULT: {"using":"xpath","value":"//*[@id=\"application-managepartners-display-component---NewPartner--partnerDetailsCurrency-arrow\"]"}
COMMAND: POST /session/b6c10327e85db8e4472cf13987b22354/element/f.76EFC1153EA5792FD1141D4CA15B46A2.d.89395005C82FCF7EF14589457070AC45.e.10263/click - {}
RESULT: {}
RESULT: {}
COMMAND: GET /session/b6c10327e85db8e4472cf13987b22354/screenshot - {}
RESULT: {}
COMMAND: POST /session/b6c10327e85db8e4472cf13987b22354/element - {"using":"xpath","value":"//ul[contains(@id,\"partnerDetailsCurrency-popup-list-listUl\")]//li[.//span[contains(text(), \"US Dollar\")]]"}
RESULT: {"using":"xpath","value":"//ul[contains(@id,\"partnerDetailsCurrency-popup-list-listUl\")]//li[.//span[contains(text(), \"US Dollar\")]]"}
COMMAND: POST /session/b6c10327e85db8e4472cf13987b22354/element/f.76EFC1153EA5792FD1141D4CA15B46A2.d.89395005C82FCF7EF14589457070AC45.e.10264/click - {}
RESULT: {}
COMMAND: GET /session/b6c10327e85db8e4472cf13987b22354/screenshot - {}
RESULT: {}
COMMAND: POST /session/b6c10327e85db8e4472cf13987b22354/element - {"using":"xpath","value":"//input[@id=\"application-managepartners-display-component---NewPartner--companyCodeComboBox-inner\"]"}
RESULT: {"using":"xpath","value":"//input[@id=\"application-managepartners-display-component---NewPartner--companyCodeComboBox-inner\"]"}
COMMAND: POST /session/b6c10327e85db8e4472cf13987b22354/element/f.76EFC1153EA5792FD1141D4CA15B46A2.d.89395005C82FCF7EF14589457070AC45.e.10187/clear - {}
RESULT: {}
COMMAND: POST /session/b6c10327e85db8e4472cf13987b22354/element/f.76EFC1153EA5792FD1141D4CA15B46A2.d.89395005C82FCF7EF14589457070AC45.e.10187/value - {"text":"C002"}
COMMAND: GET /session/b6c10327e85db8e4472cf13987b22354/screenshot - {}
RESULT: {"text":"C002"}
COMMAND: GET /session/b6c10327e85db8e4472cf13987b22354/screenshot - {}
RESULT: {}
RESULT: {}
COMMAND: POST /session/b6c10327e85db8e4472cf13987b22354/element - {"using":"xpath","value":"//ul[contains(@id,\"companyCodeComboBox-popup-list-listUl\")]//li[.//span[text()= \"C002\"]]"}
RESULT: {"using":"xpath","value":"//ul[contains(@id,\"companyCodeComboBox-popup-list-listUl\")]//li[.//span[text()= \"C002\"]]"}
COMMAND: POST /session/b6c10327e85db8e4472cf13987b22354/element/f.76EFC1153EA5792FD1141D4CA15B46A2.d.89395005C82FCF7EF14589457070AC45.e.10268/click - {}
RESULT: {}
COMMAND: GET /session/b6c10327e85db8e4472cf13987b22354/screenshot - {}
RESULT: {}
RESULT: undefined
COMMAND: POST /session/b6c10327e85db8e4472cf13987b22354/element - {"using":"xpath","value":"//*[@id=\"application-managepartners-display-component---NewPartner--btnAddTableRow-img\"]"}
RESULT: {"using":"xpath","value":"//*[@id=\"application-managepartners-display-component---NewPartner--btnAddTableRow-img\"]"}
COMMAND: POST /session/b6c10327e85db8e4472cf13987b22354/element/f.76EFC1153EA5792FD1141D4CA15B46A2.d.89395005C82FCF7EF14589457070AC45.e.10269/click - {}
RESULT: {}
COMMAND: GET /session/b6c10327e85db8e4472cf13987b22354/screenshot - {}
RESULT: {}
COMMAND: POST /session/b6c10327e85db8e4472cf13987b22354/element - {"using":"xpath","value":"//input[@id=\"application-managepartners-display-component---NewPartner--assignmentYard-application-managepartners-display-component---NewPartner--assignmentsTable-0-inner\"]"}
RESULT: {"using":"xpath","value":"//input[@id=\"application-managepartners-display-component---NewPartner--assignmentYard-application-managepartners-display-component---NewPartner--assignmentsTable-0-inner\"]"}
COMMAND: POST /session/b6c10327e85db8e4472cf13987b22354/element/f.76EFC1153EA5792FD1141D4CA15B46A2.d.89395005C82FCF7EF14589457070AC45.e.10272/clear - {}
RESULT: {}
COMMAND: POST /session/b6c10327e85db8e4472cf13987b22354/element/f.76EFC1153EA5792FD1141D4CA15B46A2.d.89395005C82FCF7EF14589457070AC45.e.10272/value - {"text":"195"}
COMMAND: GET /session/b6c10327e85db8e4472cf13987b22354/screenshot - {}
RESULT: {"text":"195"}
COMMAND: GET /session/b6c10327e85db8e4472cf13987b22354/screenshot - {}
RESULT: {}
RESULT: {}
COMMAND: POST /session/b6c10327e85db8e4472cf13987b22354/element - {"using":"xpath","value":"//ul[contains(@id,\"assignmentYard-application-managepartners-display-component---NewPartner--assignmentsTable-0-popup-list-listUl\")]//li[.//span[text()='195']]"}
RESULT: {"using":"xpath","value":"//ul[contains(@id,\"assignmentYard-application-managepartners-display-component---NewPartner--assignmentsTable-0-popup-list-listUl\")]//li[.//span[text()='195']]"}
COMMAND: POST /session/b6c10327e85db8e4472cf13987b22354/element/f.76EFC1153EA5792FD1141D4CA15B46A2.d.89395005C82FCF7EF14589457070AC45.e.10281/click - {}
RESULT: {}
COMMAND: GET /session/b6c10327e85db8e4472cf13987b22354/screenshot - {}
RESULT: {}
COMMAND: POST /session/b6c10327e85db8e4472cf13987b22354/actions - {"actions":[{"id":"action36","type":"key","parameters":{},"actions":[{"type":"keyDown","value":"î€‡"},{"type":"pause","duration":10},{"type":"keyUp","value":"î€‡"}]}]}
RESULT: {"actions":[{"id":"action36","type":"key","parameters":{},"actions":[{"type":"keyDown","value":"î€‡"},{"type":"pause","duration":10},{"type":"keyUp","value":"î€‡"}]}]}
COMMAND: GET /session/b6c10327e85db8e4472cf13987b22354/screenshot - {}
RESULT: {}
COMMAND: POST /session/b6c10327e85db8e4472cf13987b22354/element - {"using":"xpath","value":"//bdi[contains(text(), \"Contacts\")]"}
RESULT: {"using":"xpath","value":"//bdi[contains(text(), \"Contacts\")]"}
COMMAND: POST /session/b6c10327e85db8e4472cf13987b22354/element/f.76EFC1153EA5792FD1141D4CA15B46A2.d.89395005C82FCF7EF14589457070AC45.e.10284/click - {}
RESULT: {}
COMMAND: GET /session/b6c10327e85db8e4472cf13987b22354/screenshot - {}
RESULT: {}
COMMAND: POST /session/b6c10327e85db8e4472cf13987b22354/element - {"using":"xpath","value":"//button[contains(@title,\"Add Contact\")]"}
RESULT: {"using":"xpath","value":"//button[contains(@title,\"Add Contact\")]"}
COMMAND: POST /session/b6c10327e85db8e4472cf13987b22354/element/f.76EFC1153EA5792FD1141D4CA15B46A2.d.89395005C82FCF7EF14589457070AC45.e.10289/click - {}
RESULT: {}
COMMAND: GET /session/b6c10327e85db8e4472cf13987b22354/screenshot - {}
RESULT: {}
COMMAND: POST /session/b6c10327e85db8e4472cf13987b22354/element - {"using":"xpath","value":"//span[contains(@id,\"NewPartner--siteAddresses-0-arrow\")]"}
RESULT: {"using":"xpath","value":"//span[contains(@id,\"NewPartner--siteAddresses-0-arrow\")]"}
COMMAND: POST /session/b6c10327e85db8e4472cf13987b22354/element/f.76EFC1153EA5792FD1141D4CA15B46A2.d.89395005C82FCF7EF14589457070AC45.e.10299/click - {}
RESULT: {}
COMMAND: GET /session/b6c10327e85db8e4472cf13987b22354/screenshot - {}
RESULT: {}
COMMAND: POST /session/b6c10327e85db8e4472cf13987b22354/element - {"using":"xpath","value":"//li[.//span[text()='Mr.']]"}
RESULT: {"using":"xpath","value":"//li[.//span[text()='Mr.']]"}
COMMAND: POST /session/b6c10327e85db8e4472cf13987b22354/element/f.76EFC1153EA5792FD1141D4CA15B46A2.d.89395005C82FCF7EF14589457070AC45.e.10300/click - {}
RESULT: {}
COMMAND: GET /session/b6c10327e85db8e4472cf13987b22354/screenshot - {}
RESULT: {}
COMMAND: POST /session/b6c10327e85db8e4472cf13987b22354/execute/async - {"script":"<script> [1562 bytes]","args":[{"selector":{"controlType":"sap.m.Input","viewName":"etm.portal.ui.managepartners.view.NewPartner","viewId":"application-managepartners-display-component---NewPartner","bindingPath":{"path":"/Addresses/0","propertyPath":"NAME1","modelName":"NewAddresses"},"interaction":{"idSuffix":"inner"}},"wdio_ui5_key":"etmportal.ui.managepartners.view.NewPartnersap.m.Input{\"path\":\"/Addresses/0\",\"propertyPath\":\"NAME1\",\"modelName\":\"NewAddresses\"}"}]}
RESULT: {"script":"<script> [1562 bytes]","args":[{"selector":{"controlType":"sap.m.Input","viewName":"etm.portal.ui.managepartners.view.NewPartner","viewId":"application-managepartners-display-component---NewPartner","bindingPath":{"path":"/Addresses/0","propertyPath":"NAME1","modelName":"NewAddresses"},"interaction":{"idSuffix":"inner"}},"wdio_ui5_key":"etmportal.ui.managepartners.view.NewPartnersap.m.Input{\"path\":\"/Addresses/0\",\"propertyPath\":\"NAME1\",\"modelName\":\"NewAddresses\"}"}]}
RESULT: undefined
COMMAND: POST /session/b6c10327e85db8e4472cf13987b22354/execute/async - {"script":"<script> [776 bytes]","args":[{"enterText":"Johnny","selector":{"controlType":"sap.m.Input","viewName":"etm.portal.ui.managepartners.view.NewPartner","viewId":"application-managepartners-display-component---NewPartner","bindingPath":{"path":"/Addresses/0","propertyPath":"NAME1","modelName":"NewAddresses"},"interaction":{"idSuffix":"inner"}},"clearTextFirst":true,"interactionType":"ENTER_TEXT"}]}
RESULT: {"script":"<script> [776 bytes]","args":[{"enterText":"Johnny","selector":{"controlType":"sap.m.Input","viewName":"etm.portal.ui.managepartners.view.NewPartner","viewId":"application-managepartners-display-component---NewPartner","bindingPath":{"path":"/Addresses/0","propertyPath":"NAME1","modelName":"NewAddresses"},"interaction":{"idSuffix":"inner"}},"clearTextFirst":true,"interactionType":"ENTER_TEXT"}]}
COMMAND: POST /session/b6c10327e85db8e4472cf13987b22354/execute/async - {"script":"<script> [1562 bytes]","args":[{"selector":{"controlType":"sap.m.Input","viewName":"etm.portal.ui.managepartners.view.NewPartner","viewId":"application-managepartners-display-component---NewPartner","bindingPath":{"path":"/Addresses/0","propertyPath":"NAME2","modelName":"NewAddresses"},"interaction":{"idSuffix":"inner"}},"wdio_ui5_key":"etmportal.ui.managepartners.view.NewPartnersap.m.Input{\"path\":\"/Addresses/0\",\"propertyPath\":\"NAME2\",\"modelName\":\"NewAddresses\"}"}]}
RESULT: {"script":"<script> [1562 bytes]","args":[{"selector":{"controlType":"sap.m.Input","viewName":"etm.portal.ui.managepartners.view.NewPartner","viewId":"application-managepartners-display-component---NewPartner","bindingPath":{"path":"/Addresses/0","propertyPath":"NAME2","modelName":"NewAddresses"},"interaction":{"idSuffix":"inner"}},"wdio_ui5_key":"etmportal.ui.managepartners.view.NewPartnersap.m.Input{\"path\":\"/Addresses/0\",\"propertyPath\":\"NAME2\",\"modelName\":\"NewAddresses\"}"}]}
RESULT: undefined
COMMAND: POST /session/b6c10327e85db8e4472cf13987b22354/execute/async - {"script":"<script> [776 bytes]","args":[{"enterText":"Cusca","selector":{"controlType":"sap.m.Input","viewName":"etm.portal.ui.managepartners.view.NewPartner","viewId":"application-managepartners-display-component---NewPartner","bindingPath":{"path":"/Addresses/0","propertyPath":"NAME2","modelName":"NewAddresses"},"interaction":{"idSuffix":"inner"}},"clearTextFirst":true,"interactionType":"ENTER_TEXT"}]}
RESULT: {"script":"<script> [776 bytes]","args":[{"enterText":"Cusca","selector":{"controlType":"sap.m.Input","viewName":"etm.portal.ui.managepartners.view.NewPartner","viewId":"application-managepartners-display-component---NewPartner","bindingPath":{"path":"/Addresses/0","propertyPath":"NAME2","modelName":"NewAddresses"},"interaction":{"idSuffix":"inner"}},"clearTextFirst":true,"interactionType":"ENTER_TEXT"}]}
COMMAND: POST /session/b6c10327e85db8e4472cf13987b22354/execute/async - {"script":"<script> [1562 bytes]","args":[{"selector":{"controlType":"sap.m.Input","viewName":"etm.portal.ui.managepartners.view.NewPartner","viewId":"application-managepartners-display-component---NewPartner","bindingPath":{"path":"/Addresses/0","propertyPath":"JOB_TITLE","modelName":"NewAddresses"},"interaction":{"idSuffix":"inner"}},"wdio_ui5_key":"etmportal.ui.managepartners.view.NewPartnersap.m.Input{\"path\":\"/Addresses/0\",\"propertyPath\":\"JOB_TITLE\",\"modelName\":\"NewAddresses\"}"}]}
RESULT: {"script":"<script> [1562 bytes]","args":[{"selector":{"controlType":"sap.m.Input","viewName":"etm.portal.ui.managepartners.view.NewPartner","viewId":"application-managepartners-display-component---NewPartner","bindingPath":{"path":"/Addresses/0","propertyPath":"JOB_TITLE","modelName":"NewAddresses"},"interaction":{"idSuffix":"inner"}},"wdio_ui5_key":"etmportal.ui.managepartners.view.NewPartnersap.m.Input{\"path\":\"/Addresses/0\",\"propertyPath\":\"JOB_TITLE\",\"modelName\":\"NewAddresses\"}"}]}
RESULT: undefined
COMMAND: POST /session/b6c10327e85db8e4472cf13987b22354/execute/async - {"script":"<script> [776 bytes]","args":[{"enterText":"tester sef","selector":{"controlType":"sap.m.Input","viewName":"etm.portal.ui.managepartners.view.NewPartner","viewId":"application-managepartners-display-component---NewPartner","bindingPath":{"path":"/Addresses/0","propertyPath":"JOB_TITLE","modelName":"NewAddresses"},"interaction":{"idSuffix":"inner"}},"clearTextFirst":true,"interactionType":"ENTER_TEXT"}]}
RESULT: {"script":"<script> [776 bytes]","args":[{"enterText":"tester sef","selector":{"controlType":"sap.m.Input","viewName":"etm.portal.ui.managepartners.view.NewPartner","viewId":"application-managepartners-display-component---NewPartner","bindingPath":{"path":"/Addresses/0","propertyPath":"JOB_TITLE","modelName":"NewAddresses"},"interaction":{"idSuffix":"inner"}},"clearTextFirst":true,"interactionType":"ENTER_TEXT"}]}
COMMAND: POST /session/b6c10327e85db8e4472cf13987b22354/execute/async - {"script":"<script> [1562 bytes]","args":[{"selector":{"controlType":"sap.m.Input","viewName":"etm.portal.ui.managepartners.view.NewPartner","viewId":"application-managepartners-display-component---NewPartner","bindingPath":{"path":"/Addresses/0","propertyPath":"TELEPHONE_NO","modelName":"NewAddresses"},"interaction":{"idSuffix":"inner"}},"wdio_ui5_key":"etmportal.ui.managepartners.view.NewPartnersap.m.Input{\"path\":\"/Addresses/0\",\"propertyPath\":\"TELEPHONE_NO\",\"modelName\":\"NewAddresses\"}"}]}
RESULT: {"script":"<script> [1562 bytes]","args":[{"selector":{"controlType":"sap.m.Input","viewName":"etm.portal.ui.managepartners.view.NewPartner","viewId":"application-managepartners-display-component---NewPartner","bindingPath":{"path":"/Addresses/0","propertyPath":"TELEPHONE_NO","modelName":"NewAddresses"},"interaction":{"idSuffix":"inner"}},"wdio_ui5_key":"etmportal.ui.managepartners.view.NewPartnersap.m.Input{\"path\":\"/Addresses/0\",\"propertyPath\":\"TELEPHONE_NO\",\"modelName\":\"NewAddresses\"}"}]}
RESULT: undefined
COMMAND: POST /session/b6c10327e85db8e4472cf13987b22354/execute/async - {"script":"<script> [776 bytes]","args":[{"enterText":"0782113322","selector":{"controlType":"sap.m.Input","viewName":"etm.portal.ui.managepartners.view.NewPartner","viewId":"application-managepartners-display-component---NewPartner","bindingPath":{"path":"/Addresses/0","propertyPath":"TELEPHONE_NO","modelName":"NewAddresses"},"interaction":{"idSuffix":"inner"}},"clearTextFirst":true,"interactionType":"ENTER_TEXT"}]}
RESULT: {"script":"<script> [776 bytes]","args":[{"enterText":"0782113322","selector":{"controlType":"sap.m.Input","viewName":"etm.portal.ui.managepartners.view.NewPartner","viewId":"application-managepartners-display-component---NewPartner","bindingPath":{"path":"/Addresses/0","propertyPath":"TELEPHONE_NO","modelName":"NewAddresses"},"interaction":{"idSuffix":"inner"}},"clearTextFirst":true,"interactionType":"ENTER_TEXT"}]}
COMMAND: POST /session/b6c10327e85db8e4472cf13987b22354/element - {"using":"xpath","value":"//button[@data-kt=\"saveButton\"]"}
RESULT: {"using":"xpath","value":"//button[@data-kt=\"saveButton\"]"}
COMMAND: POST /session/b6c10327e85db8e4472cf13987b22354/element/f.76EFC1153EA5792FD1141D4CA15B46A2.d.89395005C82FCF7EF14589457070AC45.e.10222/click - {}
RESULT: {}
COMMAND: GET /session/b6c10327e85db8e4472cf13987b22354/screenshot - {}
RESULT: {}
COMMAND: POST /session/b6c10327e85db8e4472cf13987b22354/element - {"using":"xpath","value":"//header[contains(@id, 'ObjectPageLayout-headerTitle')]/div[1]/div[2]/div[2]/span[1]"}
RESULT: {"using":"xpath","value":"//header[contains(@id, 'ObjectPageLayout-headerTitle')]/div[1]/div[2]/div[2]/span[1]"}
COMMAND: POST /session/b6c10327e85db8e4472cf13987b22354/elements - {"using":"xpath","value":"//header[contains(@id, 'ObjectPageLayout-headerTitle')]/div[1]/div[2]/div[2]/span[1]"}
RESULT: {"using":"xpath","value":"//header[contains(@id, 'ObjectPageLayout-headerTitle')]/div[1]/div[2]/div[2]/span[1]"}
COMMAND: POST /session/b6c10327e85db8e4472cf13987b22354/execute/sync - {"script":"<script> [56 bytes]","args":[{"element-6066-11e4-a52e-4f735466cecf":"f.76EFC1153EA5792FD1141D4CA15B46A2.d.89395005C82FCF7EF14589457070AC45.e.10412","ELEMENT":"f.76EFC1153EA5792FD1141D4CA15B46A2.d.89395005C82FCF7EF14589457070AC45.e.10412"}]}
RESULT: {"script":"<script> [56 bytes]","args":[{"element-6066-11e4-a52e-4f735466cecf":"f.76EFC1153EA5792FD1141D4CA15B46A2.d.89395005C82FCF7EF14589457070AC45.e.10412","ELEMENT":"f.76EFC1153EA5792FD1141D4CA15B46A2.d.89395005C82FCF7EF14589457070AC45.e.10412"}]}
COMMAND: POST /session/b6c10327e85db8e4472cf13987b22354/element - {"using":"xpath","value":"//span[contains(@id,\"smartTableAssignmentsDisplay-header-inner\")]"}
COMMAND: GET /session/b6c10327e85db8e4472cf13987b22354/screenshot - {}
RESULT: {"using":"xpath","value":"//span[contains(@id,\"smartTableAssignmentsDisplay-header-inner\")]"}
COMMAND: POST /session/b6c10327e85db8e4472cf13987b22354/elements - {"using":"xpath","value":"//span[contains(@id,\"smartTableAssignmentsDisplay-header-inner\")]"}
RESULT: {}
RESULT: {"using":"xpath","value":"//span[contains(@id,\"smartTableAssignmentsDisplay-header-inner\")]"}
COMMAND: POST /session/b6c10327e85db8e4472cf13987b22354/execute/sync - {"script":"<script> [56 bytes]","args":[{"element-6066-11e4-a52e-4f735466cecf":"f.76EFC1153EA5792FD1141D4CA15B46A2.d.89395005C82FCF7EF14589457070AC45.e.10413","ELEMENT":"f.76EFC1153EA5792FD1141D4CA15B46A2.d.89395005C82FCF7EF14589457070AC45.e.10413"}]}
RESULT: {"script":"<script> [56 bytes]","args":[{"element-6066-11e4-a52e-4f735466cecf":"f.76EFC1153EA5792FD1141D4CA15B46A2.d.89395005C82FCF7EF14589457070AC45.e.10413","ELEMENT":"f.76EFC1153EA5792FD1141D4CA15B46A2.d.89395005C82FCF7EF14589457070AC45.e.10413"}]}
COMMAND: POST /session/b6c10327e85db8e4472cf13987b22354/element - {"using":"xpath","value":"//span[contains(@id,\"smartTableContactsDisplay-header-inner\")]"}
COMMAND: GET /session/b6c10327e85db8e4472cf13987b22354/screenshot - {}
RESULT: {"using":"xpath","value":"//span[contains(@id,\"smartTableContactsDisplay-header-inner\")]"}
COMMAND: POST /session/b6c10327e85db8e4472cf13987b22354/elements - {"using":"xpath","value":"//span[contains(@id,\"smartTableContactsDisplay-header-inner\")]"}
RESULT: {}
RESULT: {"using":"xpath","value":"//span[contains(@id,\"smartTableContactsDisplay-header-inner\")]"}
COMMAND: POST /session/b6c10327e85db8e4472cf13987b22354/execute/sync - {"script":"<script> [56 bytes]","args":[{"element-6066-11e4-a52e-4f735466cecf":"f.76EFC1153EA5792FD1141D4CA15B46A2.d.89395005C82FCF7EF14589457070AC45.e.10414","ELEMENT":"f.76EFC1153EA5792FD1141D4CA15B46A2.d.89395005C82FCF7EF14589457070AC45.e.10414"}]}
RESULT: {"script":"<script> [56 bytes]","args":[{"element-6066-11e4-a52e-4f735466cecf":"f.76EFC1153EA5792FD1141D4CA15B46A2.d.89395005C82FCF7EF14589457070AC45.e.10414","ELEMENT":"f.76EFC1153EA5792FD1141D4CA15B46A2.d.89395005C82FCF7EF14589457070AC45.e.10414"}]}
COMMAND: POST /session/b6c10327e85db8e4472cf13987b22354/element - {"using":"css selector","value":"#shell-header-logo"}
COMMAND: GET /session/b6c10327e85db8e4472cf13987b22354/screenshot - {}
RESULT: {"using":"css selector","value":"#shell-header-logo"}
COMMAND: POST /session/b6c10327e85db8e4472cf13987b22354/element/f.76EFC1153EA5792FD1141D4CA15B46A2.d.89395005C82FCF7EF14589457070AC45.e.7683/click - {}
RESULT: {}
RESULT: {}
COMMAND: GET /session/b6c10327e85db8e4472cf13987b22354/screenshot - {}
RESULT: {}
COMMAND: POST /session/b6c10327e85db8e4472cf13987b22354/element - {"using":"css selector","value":"#j_username"}
COMMAND: POST /session/b6c10327e85db8e4472cf13987b22354/url - {"url":"https://qa-testing-00-live-etm-ui.cfapps.eu10-004.hana.ondemand.com/"}
RESULT: {"using":"css selector","value":"#j_username"}
COMMAND: POST /session/b6c10327e85db8e4472cf13987b22354/element - {"using":"css selector","value":"#j_username"}
RESULT: {"url":"https://qa-testing-00-live-etm-ui.cfapps.eu10-004.hana.ondemand.com/"}
RESULT: undefined
COMMAND: GET /session/b6c10327e85db8e4472cf13987b22354/screenshot - {}
RESULT: {"using":"css selector","value":"#j_username"}
COMMAND: POST /session/b6c10327e85db8e4472cf13987b22354/element - {"using":"css selector","value":"#shell-header-logo"}
RESULT: {}
RESULT: {"using":"css selector","value":"#shell-header-logo"}
COMMAND: POST /session/b6c10327e85db8e4472cf13987b22354/execute/sync - {"script":"<script> [8489 bytes]","args":[{"element-6066-11e4-a52e-4f735466cecf":"f.76EFC1153EA5792FD1141D4CA15B46A2.d.72844F37F71285E11A582ACAA12C31A3.e.10427","ELEMENT":"f.76EFC1153EA5792FD1141D4CA15B46A2.d.72844F37F71285E11A582ACAA12C31A3.e.10427"}]}
RESULT: {"script":"<script> [8489 bytes]","args":[{"element-6066-11e4-a52e-4f735466cecf":"f.76EFC1153EA5792FD1141D4CA15B46A2.d.72844F37F71285E11A582ACAA12C31A3.e.10427","ELEMENT":"f.76EFC1153EA5792FD1141D4CA15B46A2.d.72844F37F71285E11A582ACAA12C31A3.e.10427"}]}
COMMAND: POST /session/b6c10327e85db8e4472cf13987b22354/element - {"using":"css selector","value":"#shell-header-logo"}
COMMAND: GET /session/b6c10327e85db8e4472cf13987b22354/screenshot - {}
RESULT: {"using":"css selector","value":"#shell-header-logo"}
COMMAND: POST /session/b6c10327e85db8e4472cf13987b22354/execute/sync - {"script":"<script> [8489 bytes]","args":[{"element-6066-11e4-a52e-4f735466cecf":"f.76EFC1153EA5792FD1141D4CA15B46A2.d.72844F37F71285E11A582ACAA12C31A3.e.10427","ELEMENT":"f.76EFC1153EA5792FD1141D4CA15B46A2.d.72844F37F71285E11A582ACAA12C31A3.e.10427"}]}
RESULT: {}
RESULT: {"script":"<script> [8489 bytes]","args":[{"element-6066-11e4-a52e-4f735466cecf":"f.76EFC1153EA5792FD1141D4CA15B46A2.d.72844F37F71285E11A582ACAA12C31A3.e.10427","ELEMENT":"f.76EFC1153EA5792FD1141D4CA15B46A2.d.72844F37F71285E11A582ACAA12C31A3.e.10427"}]}
COMMAND: POST /session/b6c10327e85db8e4472cf13987b22354/execute/sync - {"script":"<script> [5351 bytes]","args":[{"element-6066-11e4-a52e-4f735466cecf":"f.76EFC1153EA5792FD1141D4CA15B46A2.d.72844F37F71285E11A582ACAA12C31A3.e.10427","ELEMENT":"f.76EFC1153EA5792FD1141D4CA15B46A2.d.72844F37F71285E11A582ACAA12C31A3.e.10427"}]}
COMMAND: GET /session/b6c10327e85db8e4472cf13987b22354/screenshot - {}
RESULT: {"script":"<script> [5351 bytes]","args":[{"element-6066-11e4-a52e-4f735466cecf":"f.76EFC1153EA5792FD1141D4CA15B46A2.d.72844F37F71285E11A582ACAA12C31A3.e.10427","ELEMENT":"f.76EFC1153EA5792FD1141D4CA15B46A2.d.72844F37F71285E11A582ACAA12C31A3.e.10427"}]}
COMMAND: POST /session/b6c10327e85db8e4472cf13987b22354/element - {"using":"css selector","value":"#shell-header-logo"}
COMMAND: GET /session/b6c10327e85db8e4472cf13987b22354/screenshot - {}
RESULT: {}
RESULT: {"using":"css selector","value":"#shell-header-logo"}
COMMAND: POST /session/b6c10327e85db8e4472cf13987b22354/element/f.76EFC1153EA5792FD1141D4CA15B46A2.d.72844F37F71285E11A582ACAA12C31A3.e.10427/click - {}
RESULT: {}
RESULT: {}
COMMAND: GET /session/b6c10327e85db8e4472cf13987b22354/screenshot - {}
RESULT: {}
COMMAND: POST /session/b6c10327e85db8e4472cf13987b22354/execute/async - {"script":"<script> [189 bytes]","args":[]}
RESULT: {"script":"<script> [189 bytes]","args":[]}
COMMAND: POST /session/b6c10327e85db8e4472cf13987b22354/execute/async - {"script":"<script> [123 bytes]","args":[]}
RESULT: {"script":"<script> [123 bytes]","args":[]}
COMMAND: POST /session/b6c10327e85db8e4472cf13987b22354/timeouts - {"script":"<number>"}
RESULT: {"script":"<number>"}
COMMAND: GET /session/b6c10327e85db8e4472cf13987b22354/timeouts - {}
RESULT: {}
RESULT: undefined
COMMAND: POST /session/b6c10327e85db8e4472cf13987b22354/execute/async - {"script":"<script> [2676 bytes]","args":[]}
RESULT: {"script":"<script> [2676 bytes]","args":[]}
COMMAND: POST /session/b6c10327e85db8e4472cf13987b22354/execute/async - {"script":"<script> [2342 bytes]","args":[{"protocol":"http","hostname":"0.0.0.0","path":"/","capabilities":{"browserName":"chrome","goog:chromeOptions":{"binary":"C:\\Program Files\\Google\\Chrome\\Application\\chrome.exe","args":["--start-maximized"]}},"logLevel":"warn","connectionRetryTimeout":120000,"connectionRetryCount":3,"logLevels":{},"enableDirectConnect":true,"strictSSL":true,"_":"65 more keys: [\"cacheDir\",\"port\",\"requestedCapabilities\",\"automationProtocol\",\"baseUrl\",\"waitforInterval\",\"waitforTimeout\",\"onReload\",\"beforeCommand\",\"afterCommand\",\"rootDir\",\"specs\",\"suites\",\"exclude\",\"groupLogsByTestSpec\",\"excludeDriverLogs\",\"bail\",\"framework\",\"reporters\",\"services\",\"maxInstances\",\"maxInstancesPerCapability\",\"injectGlobals\",\"filesToWatch\",\"execArgv\",\"runnerEnv\",\"runner\",\"shard\",\"specFileRetries\",\"specFileRetriesDelay\",\"specFileRetriesDeferred\",\"reporterSyncInterval\",\"reporterSyncTimeout\",\"cucumberFeaturesWithLineNumbers\",\"autoCompileOpts\",\"mochaOpts\",\"jasmineOpts\",\"cucumberOpts\",\"onPrepare\",\"onWorkerStart\",\"onWorkerEnd\",\"before\",\"beforeSession\",\"beforeSuite\",\"beforeHook\",\"beforeTest\",\"afterTest\",\"afterHook\",\"afterSuite\",\"afterSession\",\"after\",\"onComplete\",\"beforeAssertion\",\"afterAssertion\",\"beforeFeature\",\"beforeScenario\",\"beforeStep\",\"afterStep\",\"afterScenario\",\"afterFeature\",\"_\",\"suite\",\"$0\",\"ignoredWorkerServices\",\"wdi5\"]"}]}
RESULT: {"script":"<script> [2342 bytes]","args":[{"protocol":"http","hostname":"0.0.0.0","path":"/","capabilities":{"browserName":"chrome","goog:chromeOptions":{"binary":"C:\\Program Files\\Google\\Chrome\\Application\\chrome.exe","args":["--start-maximized"]}},"logLevel":"warn","connectionRetryTimeout":120000,"connectionRetryCount":3,"logLevels":{},"enableDirectConnect":true,"strictSSL":true,"_":"65 more keys: [\"cacheDir\",\"port\",\"requestedCapabilities\",\"automationProtocol\",\"baseUrl\",\"waitforInterval\",\"waitforTimeout\",\"onReload\",\"beforeCommand\",\"afterCommand\",\"rootDir\",\"specs\",\"suites\",\"exclude\",\"groupLogsByTestSpec\",\"excludeDriverLogs\",\"bail\",\"framework\",\"reporters\",\"services\",\"maxInstances\",\"maxInstancesPerCapability\",\"injectGlobals\",\"filesToWatch\",\"execArgv\",\"runnerEnv\",\"runner\",\"shard\",\"specFileRetries\",\"specFileRetriesDelay\",\"specFileRetriesDeferred\",\"reporterSyncInterval\",\"reporterSyncTimeout\",\"cucumberFeaturesWithLineNumbers\",\"autoCompileOpts\",\"mochaOpts\",\"jasmineOpts\",\"cucumberOpts\",\"onPrepare\",\"onWorkerStart\",\"onWorkerEnd\",\"before\",\"beforeSession\",\"beforeSuite\",\"beforeHook\",\"beforeTest\",\"afterTest\",\"afterHook\",\"afterSuite\",\"afterSession\",\"after\",\"onComplete\",\"beforeAssertion\",\"afterAssertion\",\"beforeFeature\",\"beforeScenario\",\"beforeStep\",\"afterStep\",\"afterScenario\",\"afterFeature\",\"_\",\"suite\",\"$0\",\"ignoredWorkerServices\",\"wdi5\"]"}]}
COMMAND: POST /session/b6c10327e85db8e4472cf13987b22354/execute/async - {"script":"<script> [21126 bytes]","args":[35000]}
RESULT: {"script":"<script> [21126 bytes]","args":[35000]}
COMMAND: POST /session/b6c10327e85db8e4472cf13987b22354/window/maximize - {}
RESULT: {}
COMMAND: POST /session/b6c10327e85db8e4472cf13987b22354/execute/async - {"script":"<script> [1562 bytes]","args":[{"selector":{"id":"shell-header","interaction":{"idSuffix":"icon"}},"wdio_ui5_key":"shellheader"}]}
COMMAND: GET /session/b6c10327e85db8e4472cf13987b22354/screenshot - {}
RESULT: {"script":"<script> [1562 bytes]","args":[{"selector":{"id":"shell-header","interaction":{"idSuffix":"icon"}},"wdio_ui5_key":"shellheader"}]}
RESULT: undefined
COMMAND: POST /session/b6c10327e85db8e4472cf13987b22354/refresh - {}
RESULT: {}
RESULT: {}
COMMAND: GET /session/b6c10327e85db8e4472cf13987b22354/screenshot - {}
RESULT: {}
COMMAND: POST /session/b6c10327e85db8e4472cf13987b22354/refresh - {}
RESULT: {}
COMMAND: GET /session/b6c10327e85db8e4472cf13987b22354/screenshot - {}
RESULT: {}
COMMAND: POST /session/b6c10327e85db8e4472cf13987b22354/window/fullscreen - {}
RESULT: {}
COMMAND: POST /session/b6c10327e85db8e4472cf13987b22354/execute/async - {"script":"<script> [189 bytes]","args":[]}
RESULT: {"script":"<script> [189 bytes]","args":[]}
COMMAND: POST /session/b6c10327e85db8e4472cf13987b22354/execute/async - {"script":"<script> [123 bytes]","args":[]}
RESULT: {"script":"<script> [123 bytes]","args":[]}
COMMAND: POST /session/b6c10327e85db8e4472cf13987b22354/timeouts - {"script":"<number>"}
RESULT: {"script":"<number>"}
COMMAND: GET /session/b6c10327e85db8e4472cf13987b22354/timeouts - {}
RESULT: {}
RESULT: undefined
COMMAND: POST /session/b6c10327e85db8e4472cf13987b22354/execute/async - {"script":"<script> [2676 bytes]","args":[]}
RESULT: {"script":"<script> [2676 bytes]","args":[]}
COMMAND: POST /session/b6c10327e85db8e4472cf13987b22354/execute/async - {"script":"<script> [2342 bytes]","args":[{"protocol":"http","hostname":"0.0.0.0","path":"/","capabilities":{"browserName":"chrome","goog:chromeOptions":{"binary":"C:\\Program Files\\Google\\Chrome\\Application\\chrome.exe","args":["--start-maximized"]}},"logLevel":"warn","connectionRetryTimeout":120000,"connectionRetryCount":3,"logLevels":{},"enableDirectConnect":true,"strictSSL":true,"_":"65 more keys: [\"cacheDir\",\"port\",\"requestedCapabilities\",\"automationProtocol\",\"baseUrl\",\"waitforInterval\",\"waitforTimeout\",\"onReload\",\"beforeCommand\",\"afterCommand\",\"rootDir\",\"specs\",\"suites\",\"exclude\",\"groupLogsByTestSpec\",\"excludeDriverLogs\",\"bail\",\"framework\",\"reporters\",\"services\",\"maxInstances\",\"maxInstancesPerCapability\",\"injectGlobals\",\"filesToWatch\",\"execArgv\",\"runnerEnv\",\"runner\",\"shard\",\"specFileRetries\",\"specFileRetriesDelay\",\"specFileRetriesDeferred\",\"reporterSyncInterval\",\"reporterSyncTimeout\",\"cucumberFeaturesWithLineNumbers\",\"autoCompileOpts\",\"mochaOpts\",\"jasmineOpts\",\"cucumberOpts\",\"onPrepare\",\"onWorkerStart\",\"onWorkerEnd\",\"before\",\"beforeSession\",\"beforeSuite\",\"beforeHook\",\"beforeTest\",\"afterTest\",\"afterHook\",\"afterSuite\",\"afterSession\",\"after\",\"onComplete\",\"beforeAssertion\",\"afterAssertion\",\"beforeFeature\",\"beforeScenario\",\"beforeStep\",\"afterStep\",\"afterScenario\",\"afterFeature\",\"_\",\"suite\",\"$0\",\"ignoredWorkerServices\",\"wdi5\"]"}]}
RESULT: {"script":"<script> [2342 bytes]","args":[{"protocol":"http","hostname":"0.0.0.0","path":"/","capabilities":{"browserName":"chrome","goog:chromeOptions":{"binary":"C:\\Program Files\\Google\\Chrome\\Application\\chrome.exe","args":["--start-maximized"]}},"logLevel":"warn","connectionRetryTimeout":120000,"connectionRetryCount":3,"logLevels":{},"enableDirectConnect":true,"strictSSL":true,"_":"65 more keys: [\"cacheDir\",\"port\",\"requestedCapabilities\",\"automationProtocol\",\"baseUrl\",\"waitforInterval\",\"waitforTimeout\",\"onReload\",\"beforeCommand\",\"afterCommand\",\"rootDir\",\"specs\",\"suites\",\"exclude\",\"groupLogsByTestSpec\",\"excludeDriverLogs\",\"bail\",\"framework\",\"reporters\",\"services\",\"maxInstances\",\"maxInstancesPerCapability\",\"injectGlobals\",\"filesToWatch\",\"execArgv\",\"runnerEnv\",\"runner\",\"shard\",\"specFileRetries\",\"specFileRetriesDelay\",\"specFileRetriesDeferred\",\"reporterSyncInterval\",\"reporterSyncTimeout\",\"cucumberFeaturesWithLineNumbers\",\"autoCompileOpts\",\"mochaOpts\",\"jasmineOpts\",\"cucumberOpts\",\"onPrepare\",\"onWorkerStart\",\"onWorkerEnd\",\"before\",\"beforeSession\",\"beforeSuite\",\"beforeHook\",\"beforeTest\",\"afterTest\",\"afterHook\",\"afterSuite\",\"afterSession\",\"after\",\"onComplete\",\"beforeAssertion\",\"afterAssertion\",\"beforeFeature\",\"beforeScenario\",\"beforeStep\",\"afterStep\",\"afterScenario\",\"afterFeature\",\"_\",\"suite\",\"$0\",\"ignoredWorkerServices\",\"wdi5\"]"}]}
COMMAND: POST /session/b6c10327e85db8e4472cf13987b22354/execute/async - {"script":"<script> [21126 bytes]","args":[35000]}
RESULT: {"script":"<script> [21126 bytes]","args":[35000]}
]]></system-out>
    </testcase>
  </testsuite>
  <testsuite timestamp="2025-06-12T17:59:25" time="562.91" tests="4" failures="1" errors="1" skipped="0">
    <properties>
      <property name="specId" value="0" />
      <property name="suiteName" value="Create partner US118246" />
      <property name="capabilities" value="chrome.137_0_7151_69.windows" />
      <property name="file" value="file:///D:/a/1/s/test/specs/BTS/create-partner.spec.js" />
    </properties>
    <testcase classname="chrome.137_0_7151_69.windows.Create_partner_US118246" name="Should create a new yard in case create yard failed" time="124.049">
      <system-out><![CDATA[
COMMAND: POST /session/b6c10327e85db8e4472cf13987b22354/window/fullscreen - {}
RESULT: {}
COMMAND: POST /session/b6c10327e85db8e4472cf13987b22354/execute/async - {"script":"<script> [1562 bytes]","args":[{"selector":{"controlType":"sap.m.GenericTile","properties":{"header":"Manage Yards"}},"wdio_ui5_key":"sapm.GenericTile{\"header\":\"Manage Yards\"}"}]}
RESULT: {"script":"<script> [1562 bytes]","args":[{"selector":{"controlType":"sap.m.GenericTile","properties":{"header":"Manage Yards"}},"wdio_ui5_key":"sapm.GenericTile{\"header\":\"Manage Yards\"}"}]}
RESULT: undefined
COMMAND: POST /session/b6c10327e85db8e4472cf13987b22354/element - {"using":"xpath","value":"//*[@id=\"__tile42\"]"}
RESULT: {"using":"xpath","value":"//*[@id=\"__tile42\"]"}
COMMAND: POST /session/b6c10327e85db8e4472cf13987b22354/element/f.76EFC1153EA5792FD1141D4CA15B46A2.d.A4CAC782160B4E2BE2FF7F0A243BF87A.e.10594/click - {}
RESULT: {}
COMMAND: GET /session/b6c10327e85db8e4472cf13987b22354/screenshot - {}
RESULT: {}
COMMAND: POST /session/b6c10327e85db8e4472cf13987b22354/elements - {"using":"xpath","value":"//span[text()='Error']"}
RESULT: {"using":"xpath","value":"//span[text()='Error']"}
COMMAND: POST /session/b6c10327e85db8e4472cf13987b22354/element - {"using":"xpath","value":"//button[@data-kt=\"addNewYardOverflowToolbarButton\"]"}
RESULT: {"using":"xpath","value":"//button[@data-kt=\"addNewYardOverflowToolbarButton\"]"}
COMMAND: POST /session/b6c10327e85db8e4472cf13987b22354/elements - {"using":"xpath","value":"//button[@data-kt=\"addNewYardOverflowToolbarButton\"]"}
RESULT: {"using":"xpath","value":"//button[@data-kt=\"addNewYardOverflowToolbarButton\"]"}
COMMAND: POST /session/b6c10327e85db8e4472cf13987b22354/elements - {"using":"xpath","value":"//button[@data-kt=\"addNewYardOverflowToolbarButton\"]"}
RESULT: {"using":"xpath","value":"//button[@data-kt=\"addNewYardOverflowToolbarButton\"]"}
COMMAND: POST /session/b6c10327e85db8e4472cf13987b22354/element - {"using":"xpath","value":"//button[@data-kt=\"addNewYardOverflowToolbarButton\"]"}
RESULT: {"using":"xpath","value":"//button[@data-kt=\"addNewYardOverflowToolbarButton\"]"}
COMMAND: POST /session/b6c10327e85db8e4472cf13987b22354/execute/sync - {"script":"<script> [8489 bytes]","args":[{"element-6066-11e4-a52e-4f735466cecf":"f.76EFC1153EA5792FD1141D4CA15B46A2.d.A4CAC782160B4E2BE2FF7F0A243BF87A.e.10731","ELEMENT":"f.76EFC1153EA5792FD1141D4CA15B46A2.d.A4CAC782160B4E2BE2FF7F0A243BF87A.e.10731"}]}
RESULT: {"script":"<script> [8489 bytes]","args":[{"element-6066-11e4-a52e-4f735466cecf":"f.76EFC1153EA5792FD1141D4CA15B46A2.d.A4CAC782160B4E2BE2FF7F0A243BF87A.e.10731","ELEMENT":"f.76EFC1153EA5792FD1141D4CA15B46A2.d.A4CAC782160B4E2BE2FF7F0A243BF87A.e.10731"}]}
COMMAND: GET /session/b6c10327e85db8e4472cf13987b22354/element/f.76EFC1153EA5792FD1141D4CA15B46A2.d.A4CAC782160B4E2BE2FF7F0A243BF87A.e.10731/enabled - {}
COMMAND: GET /session/b6c10327e85db8e4472cf13987b22354/screenshot - {}
RESULT: {}
COMMAND: POST /session/b6c10327e85db8e4472cf13987b22354/execute/sync - {"script":"<script> [8489 bytes]","args":[{"element-6066-11e4-a52e-4f735466cecf":"f.76EFC1153EA5792FD1141D4CA15B46A2.d.A4CAC782160B4E2BE2FF7F0A243BF87A.e.10731","ELEMENT":"f.76EFC1153EA5792FD1141D4CA15B46A2.d.A4CAC782160B4E2BE2FF7F0A243BF87A.e.10731"}]}
COMMAND: GET /session/b6c10327e85db8e4472cf13987b22354/screenshot - {}
RESULT: {}
RESULT: {"script":"<script> [8489 bytes]","args":[{"element-6066-11e4-a52e-4f735466cecf":"f.76EFC1153EA5792FD1141D4CA15B46A2.d.A4CAC782160B4E2BE2FF7F0A243BF87A.e.10731","ELEMENT":"f.76EFC1153EA5792FD1141D4CA15B46A2.d.A4CAC782160B4E2BE2FF7F0A243BF87A.e.10731"}]}
COMMAND: POST /session/b6c10327e85db8e4472cf13987b22354/execute/sync - {"script":"<script> [5351 bytes]","args":[{"element-6066-11e4-a52e-4f735466cecf":"f.76EFC1153EA5792FD1141D4CA15B46A2.d.A4CAC782160B4E2BE2FF7F0A243BF87A.e.10731","ELEMENT":"f.76EFC1153EA5792FD1141D4CA15B46A2.d.A4CAC782160B4E2BE2FF7F0A243BF87A.e.10731"}]}
COMMAND: GET /session/b6c10327e85db8e4472cf13987b22354/screenshot - {}
RESULT: {}
RESULT: {"script":"<script> [5351 bytes]","args":[{"element-6066-11e4-a52e-4f735466cecf":"f.76EFC1153EA5792FD1141D4CA15B46A2.d.A4CAC782160B4E2BE2FF7F0A243BF87A.e.10731","ELEMENT":"f.76EFC1153EA5792FD1141D4CA15B46A2.d.A4CAC782160B4E2BE2FF7F0A243BF87A.e.10731"}]}
COMMAND: POST /session/b6c10327e85db8e4472cf13987b22354/element/f.76EFC1153EA5792FD1141D4CA15B46A2.d.A4CAC782160B4E2BE2FF7F0A243BF87A.e.10731/click - {}
COMMAND: GET /session/b6c10327e85db8e4472cf13987b22354/screenshot - {}
RESULT: {}
RESULT: {}
COMMAND: GET /session/b6c10327e85db8e4472cf13987b22354/screenshot - {}
RESULT: {}
RESULT: {}
COMMAND: POST /session/b6c10327e85db8e4472cf13987b22354/element - {"using":"xpath","value":"//input[@id=\"application-manageyards-display-component---NewYard--yardId-inner\"]"}
RESULT: {"using":"xpath","value":"//input[@id=\"application-manageyards-display-component---NewYard--yardId-inner\"]"}
COMMAND: POST /session/b6c10327e85db8e4472cf13987b22354/element - {"using":"xpath","value":"//input[@id=\"application-manageyards-display-component---NewYard--yardId-inner\"]"}
RESULT: {"using":"xpath","value":"//input[@id=\"application-manageyards-display-component---NewYard--yardId-inner\"]"}
COMMAND: POST /session/b6c10327e85db8e4472cf13987b22354/execute/async - {"script":"<script> [1562 bytes]","args":[{"selector":{"id":"application-manageyards-display-component---NewYard--addressDetailDetailsName1","interaction":{"idSuffix":"inner"}},"wdio_ui5_key":"applicationmanageyards-display-component---NewYard--addressDetailDetailsName1"}]}
RESULT: {"script":"<script> [1562 bytes]","args":[{"selector":{"id":"application-manageyards-display-component---NewYard--addressDetailDetailsName1","interaction":{"idSuffix":"inner"}},"wdio_ui5_key":"applicationmanageyards-display-component---NewYard--addressDetailDetailsName1"}]}
RESULT: undefined
COMMAND: POST /session/b6c10327e85db8e4472cf13987b22354/execute/async - {"script":"<script> [776 bytes]","args":[{"enterText":"Intracompany Yard wdIO","selector":{"id":"application-manageyards-display-component---NewYard--addressDetailDetailsName1","interaction":{"idSuffix":"inner"}},"clearTextFirst":true,"interactionType":"ENTER_TEXT"}]}
RESULT: {"script":"<script> [776 bytes]","args":[{"enterText":"Intracompany Yard wdIO","selector":{"id":"application-manageyards-display-component---NewYard--addressDetailDetailsName1","interaction":{"idSuffix":"inner"}},"clearTextFirst":true,"interactionType":"ENTER_TEXT"}]}
COMMAND: POST /session/b6c10327e85db8e4472cf13987b22354/execute/async - {"script":"<script> [1562 bytes]","args":[{"selector":{"id":"application-manageyards-display-component---NewYard--addressDetailDetailsLanguage-arrow"},"wdio_ui5_key":"applicationmanageyards-display-component---NewYard--addressDetailDetailsLanguage-arrow"}]}
RESULT: {"script":"<script> [1562 bytes]","args":[{"selector":{"id":"application-manageyards-display-component---NewYard--addressDetailDetailsLanguage-arrow"},"wdio_ui5_key":"applicationmanageyards-display-component---NewYard--addressDetailDetailsLanguage-arrow"}]}
RESULT: undefined
COMMAND: POST /session/b6c10327e85db8e4472cf13987b22354/element - {"using":"xpath","value":"//*[@id=\"application-manageyards-display-component---NewYard--addressDetailDetailsLanguage-arrow\"]"}
RESULT: {"using":"xpath","value":"//*[@id=\"application-manageyards-display-component---NewYard--addressDetailDetailsLanguage-arrow\"]"}
COMMAND: POST /session/b6c10327e85db8e4472cf13987b22354/element/f.76EFC1153EA5792FD1141D4CA15B46A2.d.A4CAC782160B4E2BE2FF7F0A243BF87A.e.11155/click - {}
RESULT: {}
COMMAND: POST /session/b6c10327e85db8e4472cf13987b22354/element - {"using":"xpath","value":"//span[contains(text(), \"English\")]"}
COMMAND: GET /session/b6c10327e85db8e4472cf13987b22354/screenshot - {}
RESULT: {"using":"xpath","value":"//span[contains(text(), \"English\")]"}
COMMAND: POST /session/b6c10327e85db8e4472cf13987b22354/element/f.76EFC1153EA5792FD1141D4CA15B46A2.d.A4CAC782160B4E2BE2FF7F0A243BF87A.e.11156/click - {}
RESULT: {}
RESULT: {}
COMMAND: POST /session/b6c10327e85db8e4472cf13987b22354/execute/async - {"script":"<script> [1562 bytes]","args":[{"selector":{"id":"application-manageyards-display-component---NewYard--addressDetailDetailsCity1","interaction":{"idSuffix":"inner"}},"wdio_ui5_key":"applicationmanageyards-display-component---NewYard--addressDetailDetailsCity1"}]}
COMMAND: GET /session/b6c10327e85db8e4472cf13987b22354/screenshot - {}
RESULT: {"script":"<script> [1562 bytes]","args":[{"selector":{"id":"application-manageyards-display-component---NewYard--addressDetailDetailsCity1","interaction":{"idSuffix":"inner"}},"wdio_ui5_key":"applicationmanageyards-display-component---NewYard--addressDetailDetailsCity1"}]}
RESULT: undefined
COMMAND: POST /session/b6c10327e85db8e4472cf13987b22354/execute/async - {"script":"<script> [776 bytes]","args":[{"enterText":"Rosario","selector":{"id":"application-manageyards-display-component---NewYard--addressDetailDetailsCity1","interaction":{"idSuffix":"inner"}},"clearTextFirst":true,"interactionType":"ENTER_TEXT"}]}
RESULT: {}
RESULT: {"script":"<script> [776 bytes]","args":[{"enterText":"Rosario","selector":{"id":"application-manageyards-display-component---NewYard--addressDetailDetailsCity1","interaction":{"idSuffix":"inner"}},"clearTextFirst":true,"interactionType":"ENTER_TEXT"}]}
COMMAND: POST /session/b6c10327e85db8e4472cf13987b22354/execute/async - {"script":"<script> [1562 bytes]","args":[{"selector":{"id":"application-manageyards-display-component---NewYard--addressDetailDetailsCountry-arrow"},"wdio_ui5_key":"applicationmanageyards-display-component---NewYard--addressDetailDetailsCountry-arrow"}]}
RESULT: {"script":"<script> [1562 bytes]","args":[{"selector":{"id":"application-manageyards-display-component---NewYard--addressDetailDetailsCountry-arrow"},"wdio_ui5_key":"applicationmanageyards-display-component---NewYard--addressDetailDetailsCountry-arrow"}]}
RESULT: undefined
COMMAND: POST /session/b6c10327e85db8e4472cf13987b22354/element - {"using":"xpath","value":"//*[@id=\"application-manageyards-display-component---NewYard--addressDetailDetailsCountry-arrow\"]"}
RESULT: {"using":"xpath","value":"//*[@id=\"application-manageyards-display-component---NewYard--addressDetailDetailsCountry-arrow\"]"}
COMMAND: POST /session/b6c10327e85db8e4472cf13987b22354/element/f.76EFC1153EA5792FD1141D4CA15B46A2.d.A4CAC782160B4E2BE2FF7F0A243BF87A.e.11158/click - {}
RESULT: {}
COMMAND: POST /session/b6c10327e85db8e4472cf13987b22354/element - {"using":"xpath","value":"//span[contains(text(), \"Argentina\")]"}
COMMAND: GET /session/b6c10327e85db8e4472cf13987b22354/screenshot - {}
RESULT: {"using":"xpath","value":"//span[contains(text(), \"Argentina\")]"}
COMMAND: POST /session/b6c10327e85db8e4472cf13987b22354/element/f.76EFC1153EA5792FD1141D4CA15B46A2.d.A4CAC782160B4E2BE2FF7F0A243BF87A.e.11159/click - {}
RESULT: {}
RESULT: {}
COMMAND: POST /session/b6c10327e85db8e4472cf13987b22354/execute/async - {"script":"<script> [1562 bytes]","args":[{"selector":{"id":"application-manageyards-display-component---NewYard--addressEditDetailsCostObjectCstType-arrow"},"wdio_ui5_key":"applicationmanageyards-display-component---NewYard--addressEditDetailsCostObjectCstType-arrow"}]}
COMMAND: GET /session/b6c10327e85db8e4472cf13987b22354/screenshot - {}
RESULT: {"script":"<script> [1562 bytes]","args":[{"selector":{"id":"application-manageyards-display-component---NewYard--addressEditDetailsCostObjectCstType-arrow"},"wdio_ui5_key":"applicationmanageyards-display-component---NewYard--addressEditDetailsCostObjectCstType-arrow"}]}
RESULT: undefined
COMMAND: POST /session/b6c10327e85db8e4472cf13987b22354/element - {"using":"xpath","value":"//*[@id=\"application-manageyards-display-component---NewYard--addressEditDetailsCostObjectCstType-arrow\"]"}
RESULT: {}
RESULT: {"using":"xpath","value":"//*[@id=\"application-manageyards-display-component---NewYard--addressEditDetailsCostObjectCstType-arrow\"]"}
COMMAND: POST /session/b6c10327e85db8e4472cf13987b22354/element/f.76EFC1153EA5792FD1141D4CA15B46A2.d.A4CAC782160B4E2BE2FF7F0A243BF87A.e.11161/click - {}
RESULT: {}
COMMAND: POST /session/b6c10327e85db8e4472cf13987b22354/element - {"using":"xpath","value":"//span[contains(text(), \"Cost Center\")]"}
COMMAND: GET /session/b6c10327e85db8e4472cf13987b22354/screenshot - {}
RESULT: {"using":"xpath","value":"//span[contains(text(), \"Cost Center\")]"}
COMMAND: POST /session/b6c10327e85db8e4472cf13987b22354/element/f.76EFC1153EA5792FD1141D4CA15B46A2.d.A4CAC782160B4E2BE2FF7F0A243BF87A.e.11162/click - {}
RESULT: {}
RESULT: {}
COMMAND: GET /session/b6c10327e85db8e4472cf13987b22354/screenshot - {}
RESULT: {}
COMMAND: POST /session/b6c10327e85db8e4472cf13987b22354/element - {"using":"xpath","value":"//span[@id=\"application-manageyards-display-component---NewYard--addressNewCostObjectCstID-vhi\"]"}
RESULT: {"using":"xpath","value":"//span[@id=\"application-manageyards-display-component---NewYard--addressNewCostObjectCstID-vhi\"]"}
COMMAND: POST /session/b6c10327e85db8e4472cf13987b22354/execute/sync - {"script":"<script> [8489 bytes]","args":[{"element-6066-11e4-a52e-4f735466cecf":"f.76EFC1153EA5792FD1141D4CA15B46A2.d.A4CAC782160B4E2BE2FF7F0A243BF87A.e.11166","ELEMENT":"f.76EFC1153EA5792FD1141D4CA15B46A2.d.A4CAC782160B4E2BE2FF7F0A243BF87A.e.11166"}]}
RESULT: {"script":"<script> [8489 bytes]","args":[{"element-6066-11e4-a52e-4f735466cecf":"f.76EFC1153EA5792FD1141D4CA15B46A2.d.A4CAC782160B4E2BE2FF7F0A243BF87A.e.11166","ELEMENT":"f.76EFC1153EA5792FD1141D4CA15B46A2.d.A4CAC782160B4E2BE2FF7F0A243BF87A.e.11166"}]}
COMMAND: POST /session/b6c10327e85db8e4472cf13987b22354/execute/async - {"script":"<script> [1562 bytes]","args":[{"selector":{"id":"application-manageyards-display-component---NewYard--addressNewCostObjectCstID-vhi"},"wdio_ui5_key":"applicationmanageyards-display-component---NewYard--addressNewCostObjectCstID-vhi"}]}
COMMAND: GET /session/b6c10327e85db8e4472cf13987b22354/screenshot - {}
RESULT: {"script":"<script> [1562 bytes]","args":[{"selector":{"id":"application-manageyards-display-component---NewYard--addressNewCostObjectCstID-vhi"},"wdio_ui5_key":"applicationmanageyards-display-component---NewYard--addressNewCostObjectCstID-vhi"}]}
RESULT: undefined
COMMAND: POST /session/b6c10327e85db8e4472cf13987b22354/element - {"using":"xpath","value":"//*[@id=\"application-manageyards-display-component---NewYard--addressNewCostObjectCstID-vhi\"]"}
RESULT: {}
RESULT: {"using":"xpath","value":"//*[@id=\"application-manageyards-display-component---NewYard--addressNewCostObjectCstID-vhi\"]"}
COMMAND: POST /session/b6c10327e85db8e4472cf13987b22354/element/f.76EFC1153EA5792FD1141D4CA15B46A2.d.A4CAC782160B4E2BE2FF7F0A243BF87A.e.11166/click - {}
RESULT: {}
COMMAND: GET /session/b6c10327e85db8e4472cf13987b22354/screenshot - {}
RESULT: {}
COMMAND: POST /session/b6c10327e85db8e4472cf13987b22354/execute/async - {"script":"<script> [1562 bytes]","args":[{"selector":{"controlType":"sap.m.SearchField","properties":{"placeholder":"Search"},"searchOpenDialogs":true,"interaction":{"idSuffix":"I"}},"wdio_ui5_key":"sapm.SearchField{\"placeholder\":\"Search\"}"}]}
RESULT: {"script":"<script> [1562 bytes]","args":[{"selector":{"controlType":"sap.m.SearchField","properties":{"placeholder":"Search"},"searchOpenDialogs":true,"interaction":{"idSuffix":"I"}},"wdio_ui5_key":"sapm.SearchField{\"placeholder\":\"Search\"}"}]}
RESULT: undefined
COMMAND: POST /session/b6c10327e85db8e4472cf13987b22354/execute/async - {"script":"<script> [776 bytes]","args":[{"enterText":"bauh_b","selector":{"controlType":"sap.m.SearchField","properties":{"placeholder":"Search"},"searchOpenDialogs":true,"interaction":{"idSuffix":"I"}},"clearTextFirst":true,"interactionType":"ENTER_TEXT"}]}
RESULT: {"script":"<script> [776 bytes]","args":[{"enterText":"bauh_b","selector":{"controlType":"sap.m.SearchField","properties":{"placeholder":"Search"},"searchOpenDialogs":true,"interaction":{"idSuffix":"I"}},"clearTextFirst":true,"interactionType":"ENTER_TEXT"}]}
COMMAND: POST /session/b6c10327e85db8e4472cf13987b22354/actions - {"actions":[{"id":"action37","type":"key","parameters":{},"actions":[{"type":"keyDown","value":"î€‡"},{"type":"pause","duration":10},{"type":"keyUp","value":"î€‡"}]}]}
RESULT: {"actions":[{"id":"action37","type":"key","parameters":{},"actions":[{"type":"keyDown","value":"î€‡"},{"type":"pause","duration":10},{"type":"keyUp","value":"î€‡"}]}]}
COMMAND: GET /session/b6c10327e85db8e4472cf13987b22354/screenshot - {}
RESULT: {}
COMMAND: POST /session/b6c10327e85db8e4472cf13987b22354/element - {"using":"xpath","value":"//span[contains(text(), \"Demo Yard\")]"}
RESULT: {"using":"xpath","value":"//span[contains(text(), \"Demo Yard\")]"}
COMMAND: POST /session/b6c10327e85db8e4472cf13987b22354/element/f.76EFC1153EA5792FD1141D4CA15B46A2.d.A4CAC782160B4E2BE2FF7F0A243BF87A.e.11207/click - {}
RESULT: {}
COMMAND: GET /session/b6c10327e85db8e4472cf13987b22354/screenshot - {}
RESULT: {}
COMMAND: POST /session/b6c10327e85db8e4472cf13987b22354/element - {"using":"xpath","value":"//bdi[contains(text(), \"OK\")]"}
RESULT: {"using":"xpath","value":"//bdi[contains(text(), \"OK\")]"}
COMMAND: POST /session/b6c10327e85db8e4472cf13987b22354/element/f.76EFC1153EA5792FD1141D4CA15B46A2.d.A4CAC782160B4E2BE2FF7F0A243BF87A.e.11208/click - {}
RESULT: {}
COMMAND: GET /session/b6c10327e85db8e4472cf13987b22354/screenshot - {}
RESULT: {}
COMMAND: POST /session/b6c10327e85db8e4472cf13987b22354/execute/async - {"script":"<script> [1562 bytes]","args":[{"selector":{"id":"application-manageyards-display-component---NewYard--addressEditDetailsCurrency-arrow"},"wdio_ui5_key":"applicationmanageyards-display-component---NewYard--addressEditDetailsCurrency-arrow"}]}
RESULT: {"script":"<script> [1562 bytes]","args":[{"selector":{"id":"application-manageyards-display-component---NewYard--addressEditDetailsCurrency-arrow"},"wdio_ui5_key":"applicationmanageyards-display-component---NewYard--addressEditDetailsCurrency-arrow"}]}
RESULT: undefined
COMMAND: POST /session/b6c10327e85db8e4472cf13987b22354/element - {"using":"xpath","value":"//*[@id=\"application-manageyards-display-component---NewYard--addressEditDetailsCurrency-arrow\"]"}
RESULT: {"using":"xpath","value":"//*[@id=\"application-manageyards-display-component---NewYard--addressEditDetailsCurrency-arrow\"]"}
COMMAND: POST /session/b6c10327e85db8e4472cf13987b22354/element/f.76EFC1153EA5792FD1141D4CA15B46A2.d.A4CAC782160B4E2BE2FF7F0A243BF87A.e.11211/click - {}
RESULT: {}
COMMAND: POST /session/b6c10327e85db8e4472cf13987b22354/element - {"using":"xpath","value":"//span[contains(text(), \"Euro\")]"}
COMMAND: GET /session/b6c10327e85db8e4472cf13987b22354/screenshot - {}
RESULT: {"using":"xpath","value":"//span[contains(text(), \"Euro\")]"}
COMMAND: POST /session/b6c10327e85db8e4472cf13987b22354/element/f.76EFC1153EA5792FD1141D4CA15B46A2.d.A4CAC782160B4E2BE2FF7F0A243BF87A.e.11212/click - {}
RESULT: {}
RESULT: {}
COMMAND: POST /session/b6c10327e85db8e4472cf13987b22354/execute/async - {"script":"<script> [1562 bytes]","args":[{"selector":{"controlType":"sap.m.Input","viewName":"etm.portal.ui.manageyards.view.New","viewId":"application-manageyards-display-component---NewYard","bindingPath":{"path":"","propertyPath":"/CONTROLLING_AREA","modelName":"NewYardModel"},"interaction":{"idSuffix":"inner"}},"wdio_ui5_key":"etmportal.ui.manageyards.view.Newsap.m.Input{\"path\":\"\",\"propertyPath\":\"/CONTROLLING_AREA\",\"modelName\":\"NewYardModel\"}"}]}
COMMAND: GET /session/b6c10327e85db8e4472cf13987b22354/screenshot - {}
RESULT: {"script":"<script> [1562 bytes]","args":[{"selector":{"controlType":"sap.m.Input","viewName":"etm.portal.ui.manageyards.view.New","viewId":"application-manageyards-display-component---NewYard","bindingPath":{"path":"","propertyPath":"/CONTROLLING_AREA","modelName":"NewYardModel"},"interaction":{"idSuffix":"inner"}},"wdio_ui5_key":"etmportal.ui.manageyards.view.Newsap.m.Input{\"path\":\"\",\"propertyPath\":\"/CONTROLLING_AREA\",\"modelName\":\"NewYardModel\"}"}]}
RESULT: undefined
COMMAND: POST /session/b6c10327e85db8e4472cf13987b22354/execute/async - {"script":"<script> [776 bytes]","args":[{"enterText":"Z001","selector":{"controlType":"sap.m.Input","viewName":"etm.portal.ui.manageyards.view.New","viewId":"application-manageyards-display-component---NewYard","bindingPath":{"path":"","propertyPath":"/CONTROLLING_AREA","modelName":"NewYardModel"},"interaction":{"idSuffix":"inner"}},"clearTextFirst":true,"interactionType":"ENTER_TEXT"}]}
RESULT: {}
RESULT: {"script":"<script> [776 bytes]","args":[{"enterText":"Z001","selector":{"controlType":"sap.m.Input","viewName":"etm.portal.ui.manageyards.view.New","viewId":"application-manageyards-display-component---NewYard","bindingPath":{"path":"","propertyPath":"/CONTROLLING_AREA","modelName":"NewYardModel"},"interaction":{"idSuffix":"inner"}},"clearTextFirst":true,"interactionType":"ENTER_TEXT"}]}
COMMAND: POST /session/b6c10327e85db8e4472cf13987b22354/execute/async - {"script":"<script> [1562 bytes]","args":[{"selector":{"id":"application-manageyards-display-component---NewYard--companyCodeComboBox","interaction":{"idSuffix":"inner"}},"wdio_ui5_key":"applicationmanageyards-display-component---NewYard--companyCodeComboBox"}]}
RESULT: {"script":"<script> [1562 bytes]","args":[{"selector":{"id":"application-manageyards-display-component---NewYard--companyCodeComboBox","interaction":{"idSuffix":"inner"}},"wdio_ui5_key":"applicationmanageyards-display-component---NewYard--companyCodeComboBox"}]}
RESULT: undefined
COMMAND: POST /session/b6c10327e85db8e4472cf13987b22354/execute/async - {"script":"<script> [776 bytes]","args":[{"enterText":"1000","selector":{"id":"application-manageyards-display-component---NewYard--companyCodeComboBox","interaction":{"idSuffix":"inner"}},"clearTextFirst":true,"interactionType":"ENTER_TEXT"}]}
RESULT: {"script":"<script> [776 bytes]","args":[{"enterText":"1000","selector":{"id":"application-manageyards-display-component---NewYard--companyCodeComboBox","interaction":{"idSuffix":"inner"}},"clearTextFirst":true,"interactionType":"ENTER_TEXT"}]}
COMMAND: POST /session/b6c10327e85db8e4472cf13987b22354/execute/async - {"script":"<script> [1562 bytes]","args":[{"selector":{"controlType":"sap.m.Input","viewName":"etm.portal.ui.manageyards.view.New","viewId":"application-manageyards-display-component---NewYard","bindingPath":{"path":"","propertyPath":"/PLANT","modelName":"NewYardModel"},"interaction":{"idSuffix":"inner"}},"wdio_ui5_key":"etmportal.ui.manageyards.view.Newsap.m.Input{\"path\":\"\",\"propertyPath\":\"/PLANT\",\"modelName\":\"NewYardModel\"}"}]}
RESULT: {"script":"<script> [1562 bytes]","args":[{"selector":{"controlType":"sap.m.Input","viewName":"etm.portal.ui.manageyards.view.New","viewId":"application-manageyards-display-component---NewYard","bindingPath":{"path":"","propertyPath":"/PLANT","modelName":"NewYardModel"},"interaction":{"idSuffix":"inner"}},"wdio_ui5_key":"etmportal.ui.manageyards.view.Newsap.m.Input{\"path\":\"\",\"propertyPath\":\"/PLANT\",\"modelName\":\"NewYardModel\"}"}]}
RESULT: undefined
COMMAND: POST /session/b6c10327e85db8e4472cf13987b22354/execute/async - {"script":"<script> [776 bytes]","args":[{"enterText":"1001","selector":{"controlType":"sap.m.Input","viewName":"etm.portal.ui.manageyards.view.New","viewId":"application-manageyards-display-component---NewYard","bindingPath":{"path":"","propertyPath":"/PLANT","modelName":"NewYardModel"},"interaction":{"idSuffix":"inner"}},"clearTextFirst":true,"interactionType":"ENTER_TEXT"}]}
RESULT: {"script":"<script> [776 bytes]","args":[{"enterText":"1001","selector":{"controlType":"sap.m.Input","viewName":"etm.portal.ui.manageyards.view.New","viewId":"application-manageyards-display-component---NewYard","bindingPath":{"path":"","propertyPath":"/PLANT","modelName":"NewYardModel"},"interaction":{"idSuffix":"inner"}},"clearTextFirst":true,"interactionType":"ENTER_TEXT"}]}
COMMAND: POST /session/b6c10327e85db8e4472cf13987b22354/execute/async - {"script":"<script> [1562 bytes]","args":[{"selector":{"controlType":"sap.m.Input","viewName":"etm.portal.ui.manageyards.view.New","viewId":"application-manageyards-display-component---NewYard","bindingPath":{"path":"","propertyPath":"/SALES_AREA_VKORG","modelName":"NewYardModel"},"interaction":{"idSuffix":"inner"}},"wdio_ui5_key":"etmportal.ui.manageyards.view.Newsap.m.Input{\"path\":\"\",\"propertyPath\":\"/SALES_AREA_VKORG\",\"modelName\":\"NewYardModel\"}"}]}
RESULT: {"script":"<script> [1562 bytes]","args":[{"selector":{"controlType":"sap.m.Input","viewName":"etm.portal.ui.manageyards.view.New","viewId":"application-manageyards-display-component---NewYard","bindingPath":{"path":"","propertyPath":"/SALES_AREA_VKORG","modelName":"NewYardModel"},"interaction":{"idSuffix":"inner"}},"wdio_ui5_key":"etmportal.ui.manageyards.view.Newsap.m.Input{\"path\":\"\",\"propertyPath\":\"/SALES_AREA_VKORG\",\"modelName\":\"NewYardModel\"}"}]}
RESULT: undefined
COMMAND: POST /session/b6c10327e85db8e4472cf13987b22354/execute/async - {"script":"<script> [776 bytes]","args":[{"enterText":"C002","selector":{"controlType":"sap.m.Input","viewName":"etm.portal.ui.manageyards.view.New","viewId":"application-manageyards-display-component---NewYard","bindingPath":{"path":"","propertyPath":"/SALES_AREA_VKORG","modelName":"NewYardModel"},"interaction":{"idSuffix":"inner"}},"clearTextFirst":true,"interactionType":"ENTER_TEXT"}]}
RESULT: {"script":"<script> [776 bytes]","args":[{"enterText":"C002","selector":{"controlType":"sap.m.Input","viewName":"etm.portal.ui.manageyards.view.New","viewId":"application-manageyards-display-component---NewYard","bindingPath":{"path":"","propertyPath":"/SALES_AREA_VKORG","modelName":"NewYardModel"},"interaction":{"idSuffix":"inner"}},"clearTextFirst":true,"interactionType":"ENTER_TEXT"}]}
COMMAND: POST /session/b6c10327e85db8e4472cf13987b22354/execute/async - {"script":"<script> [1562 bytes]","args":[{"selector":{"controlType":"sap.m.Input","viewName":"etm.portal.ui.manageyards.view.New","viewId":"application-manageyards-display-component---NewYard","bindingPath":{"path":"","propertyPath":"/SALES_AREA_VTWEG","modelName":"NewYardModel"},"interaction":{"idSuffix":"inner"}},"wdio_ui5_key":"etmportal.ui.manageyards.view.Newsap.m.Input{\"path\":\"\",\"propertyPath\":\"/SALES_AREA_VTWEG\",\"modelName\":\"NewYardModel\"}"}]}
RESULT: {"script":"<script> [1562 bytes]","args":[{"selector":{"controlType":"sap.m.Input","viewName":"etm.portal.ui.manageyards.view.New","viewId":"application-manageyards-display-component---NewYard","bindingPath":{"path":"","propertyPath":"/SALES_AREA_VTWEG","modelName":"NewYardModel"},"interaction":{"idSuffix":"inner"}},"wdio_ui5_key":"etmportal.ui.manageyards.view.Newsap.m.Input{\"path\":\"\",\"propertyPath\":\"/SALES_AREA_VTWEG\",\"modelName\":\"NewYardModel\"}"}]}
RESULT: undefined
COMMAND: POST /session/b6c10327e85db8e4472cf13987b22354/execute/async - {"script":"<script> [776 bytes]","args":[{"enterText":"C2","selector":{"controlType":"sap.m.Input","viewName":"etm.portal.ui.manageyards.view.New","viewId":"application-manageyards-display-component---NewYard","bindingPath":{"path":"","propertyPath":"/SALES_AREA_VTWEG","modelName":"NewYardModel"},"interaction":{"idSuffix":"inner"}},"clearTextFirst":true,"interactionType":"ENTER_TEXT"}]}
RESULT: {"script":"<script> [776 bytes]","args":[{"enterText":"C2","selector":{"controlType":"sap.m.Input","viewName":"etm.portal.ui.manageyards.view.New","viewId":"application-manageyards-display-component---NewYard","bindingPath":{"path":"","propertyPath":"/SALES_AREA_VTWEG","modelName":"NewYardModel"},"interaction":{"idSuffix":"inner"}},"clearTextFirst":true,"interactionType":"ENTER_TEXT"}]}
COMMAND: POST /session/b6c10327e85db8e4472cf13987b22354/execute/async - {"script":"<script> [1562 bytes]","args":[{"selector":{"controlType":"sap.m.Input","viewName":"etm.portal.ui.manageyards.view.New","viewId":"application-manageyards-display-component---NewYard","bindingPath":{"path":"","propertyPath":"/SALES_AREA_SPART","modelName":"NewYardModel"},"interaction":{"idSuffix":"inner"}},"wdio_ui5_key":"etmportal.ui.manageyards.view.Newsap.m.Input{\"path\":\"\",\"propertyPath\":\"/SALES_AREA_SPART\",\"modelName\":\"NewYardModel\"}"}]}
RESULT: {"script":"<script> [1562 bytes]","args":[{"selector":{"controlType":"sap.m.Input","viewName":"etm.portal.ui.manageyards.view.New","viewId":"application-manageyards-display-component---NewYard","bindingPath":{"path":"","propertyPath":"/SALES_AREA_SPART","modelName":"NewYardModel"},"interaction":{"idSuffix":"inner"}},"wdio_ui5_key":"etmportal.ui.manageyards.view.Newsap.m.Input{\"path\":\"\",\"propertyPath\":\"/SALES_AREA_SPART\",\"modelName\":\"NewYardModel\"}"}]}
RESULT: undefined
COMMAND: POST /session/b6c10327e85db8e4472cf13987b22354/execute/async - {"script":"<script> [776 bytes]","args":[{"enterText":"C2","selector":{"controlType":"sap.m.Input","viewName":"etm.portal.ui.manageyards.view.New","viewId":"application-manageyards-display-component---NewYard","bindingPath":{"path":"","propertyPath":"/SALES_AREA_SPART","modelName":"NewYardModel"},"interaction":{"idSuffix":"inner"}},"clearTextFirst":true,"interactionType":"ENTER_TEXT"}]}
RESULT: {"script":"<script> [776 bytes]","args":[{"enterText":"C2","selector":{"controlType":"sap.m.Input","viewName":"etm.portal.ui.manageyards.view.New","viewId":"application-manageyards-display-component---NewYard","bindingPath":{"path":"","propertyPath":"/SALES_AREA_SPART","modelName":"NewYardModel"},"interaction":{"idSuffix":"inner"}},"clearTextFirst":true,"interactionType":"ENTER_TEXT"}]}
COMMAND: POST /session/b6c10327e85db8e4472cf13987b22354/execute/async - {"script":"<script> [1562 bytes]","args":[{"selector":{"controlType":"sap.m.Input","viewName":"etm.portal.ui.manageyards.view.New","viewId":"application-manageyards-display-component---NewYard","bindingPath":{"path":"","propertyPath":"/SHIP_POINT","modelName":"NewYardModel"},"interaction":{"idSuffix":"inner"}},"wdio_ui5_key":"etmportal.ui.manageyards.view.Newsap.m.Input{\"path\":\"\",\"propertyPath\":\"/SHIP_POINT\",\"modelName\":\"NewYardModel\"}"}]}
RESULT: {"script":"<script> [1562 bytes]","args":[{"selector":{"controlType":"sap.m.Input","viewName":"etm.portal.ui.manageyards.view.New","viewId":"application-manageyards-display-component---NewYard","bindingPath":{"path":"","propertyPath":"/SHIP_POINT","modelName":"NewYardModel"},"interaction":{"idSuffix":"inner"}},"wdio_ui5_key":"etmportal.ui.manageyards.view.Newsap.m.Input{\"path\":\"\",\"propertyPath\":\"/SHIP_POINT\",\"modelName\":\"NewYardModel\"}"}]}
RESULT: undefined
COMMAND: POST /session/b6c10327e85db8e4472cf13987b22354/execute/async - {"script":"<script> [776 bytes]","args":[{"enterText":"1710","selector":{"controlType":"sap.m.Input","viewName":"etm.portal.ui.manageyards.view.New","viewId":"application-manageyards-display-component---NewYard","bindingPath":{"path":"","propertyPath":"/SHIP_POINT","modelName":"NewYardModel"},"interaction":{"idSuffix":"inner"}},"clearTextFirst":true,"interactionType":"ENTER_TEXT"}]}
RESULT: {"script":"<script> [776 bytes]","args":[{"enterText":"1710","selector":{"controlType":"sap.m.Input","viewName":"etm.portal.ui.manageyards.view.New","viewId":"application-manageyards-display-component---NewYard","bindingPath":{"path":"","propertyPath":"/SHIP_POINT","modelName":"NewYardModel"},"interaction":{"idSuffix":"inner"}},"clearTextFirst":true,"interactionType":"ENTER_TEXT"}]}
COMMAND: POST /session/b6c10327e85db8e4472cf13987b22354/execute/async - {"script":"<script> [1562 bytes]","args":[{"selector":{"controlType":"sap.m.Input","viewName":"etm.portal.ui.manageyards.view.New","viewId":"application-manageyards-display-component---NewYard","bindingPath":{"path":"","propertyPath":"/DELIVERY_TYPE","modelName":"NewYardModel"},"interaction":{"idSuffix":"inner"}},"wdio_ui5_key":"etmportal.ui.manageyards.view.Newsap.m.Input{\"path\":\"\",\"propertyPath\":\"/DELIVERY_TYPE\",\"modelName\":\"NewYardModel\"}"}]}
RESULT: {"script":"<script> [1562 bytes]","args":[{"selector":{"controlType":"sap.m.Input","viewName":"etm.portal.ui.manageyards.view.New","viewId":"application-manageyards-display-component---NewYard","bindingPath":{"path":"","propertyPath":"/DELIVERY_TYPE","modelName":"NewYardModel"},"interaction":{"idSuffix":"inner"}},"wdio_ui5_key":"etmportal.ui.manageyards.view.Newsap.m.Input{\"path\":\"\",\"propertyPath\":\"/DELIVERY_TYPE\",\"modelName\":\"NewYardModel\"}"}]}
RESULT: undefined
COMMAND: POST /session/b6c10327e85db8e4472cf13987b22354/execute/async - {"script":"<script> [776 bytes]","args":[{"enterText":"ZL01","selector":{"controlType":"sap.m.Input","viewName":"etm.portal.ui.manageyards.view.New","viewId":"application-manageyards-display-component---NewYard","bindingPath":{"path":"","propertyPath":"/DELIVERY_TYPE","modelName":"NewYardModel"},"interaction":{"idSuffix":"inner"}},"clearTextFirst":true,"interactionType":"ENTER_TEXT"}]}
RESULT: {"script":"<script> [776 bytes]","args":[{"enterText":"ZL01","selector":{"controlType":"sap.m.Input","viewName":"etm.portal.ui.manageyards.view.New","viewId":"application-manageyards-display-component---NewYard","bindingPath":{"path":"","propertyPath":"/DELIVERY_TYPE","modelName":"NewYardModel"},"interaction":{"idSuffix":"inner"}},"clearTextFirst":true,"interactionType":"ENTER_TEXT"}]}
COMMAND: POST /session/b6c10327e85db8e4472cf13987b22354/execute/async - {"script":"<script> [1562 bytes]","args":[{"selector":{"controlType":"sap.m.Input","viewName":"etm.portal.ui.manageyards.view.New","viewId":"application-manageyards-display-component---NewYard","bindingPath":{"path":"","propertyPath":"/AUART","modelName":"NewYardModel"},"interaction":{"idSuffix":"inner"}},"wdio_ui5_key":"etmportal.ui.manageyards.view.Newsap.m.Input{\"path\":\"\",\"propertyPath\":\"/AUART\",\"modelName\":\"NewYardModel\"}"}]}
RESULT: {"script":"<script> [1562 bytes]","args":[{"selector":{"controlType":"sap.m.Input","viewName":"etm.portal.ui.manageyards.view.New","viewId":"application-manageyards-display-component---NewYard","bindingPath":{"path":"","propertyPath":"/AUART","modelName":"NewYardModel"},"interaction":{"idSuffix":"inner"}},"wdio_ui5_key":"etmportal.ui.manageyards.view.Newsap.m.Input{\"path\":\"\",\"propertyPath\":\"/AUART\",\"modelName\":\"NewYardModel\"}"}]}
RESULT: undefined
COMMAND: POST /session/b6c10327e85db8e4472cf13987b22354/execute/async - {"script":"<script> [776 bytes]","args":[{"enterText":"TA","selector":{"controlType":"sap.m.Input","viewName":"etm.portal.ui.manageyards.view.New","viewId":"application-manageyards-display-component---NewYard","bindingPath":{"path":"","propertyPath":"/AUART","modelName":"NewYardModel"},"interaction":{"idSuffix":"inner"}},"clearTextFirst":true,"interactionType":"ENTER_TEXT"}]}
RESULT: {"script":"<script> [776 bytes]","args":[{"enterText":"TA","selector":{"controlType":"sap.m.Input","viewName":"etm.portal.ui.manageyards.view.New","viewId":"application-manageyards-display-component---NewYard","bindingPath":{"path":"","propertyPath":"/AUART","modelName":"NewYardModel"},"interaction":{"idSuffix":"inner"}},"clearTextFirst":true,"interactionType":"ENTER_TEXT"}]}
COMMAND: POST /session/b6c10327e85db8e4472cf13987b22354/element - {"using":"xpath","value":"//button[@data-kt=\"newYardSaveButton\"]"}
RESULT: {"using":"xpath","value":"//button[@data-kt=\"newYardSaveButton\"]"}
COMMAND: POST /session/b6c10327e85db8e4472cf13987b22354/element/f.76EFC1153EA5792FD1141D4CA15B46A2.d.A4CAC782160B4E2BE2FF7F0A243BF87A.e.11136/click - {}
RESULT: {}
COMMAND: GET /session/b6c10327e85db8e4472cf13987b22354/screenshot - {}
RESULT: {}
COMMAND: POST /session/b6c10327e85db8e4472cf13987b22354/element - {"using":"xpath","value":"//header[contains(@id, 'ObjectPageLayout-headerTitle')]/div[1]/div[2]/div[1]/span[1]"}
RESULT: {"using":"xpath","value":"//header[contains(@id, 'ObjectPageLayout-headerTitle')]/div[1]/div[2]/div[1]/span[1]"}
COMMAND: POST /session/b6c10327e85db8e4472cf13987b22354/elements - {"using":"xpath","value":"//header[contains(@id, 'ObjectPageLayout-headerTitle')]/div[1]/div[2]/div[1]/span[1]"}
RESULT: {"using":"xpath","value":"//header[contains(@id, 'ObjectPageLayout-headerTitle')]/div[1]/div[2]/div[1]/span[1]"}
COMMAND: POST /session/b6c10327e85db8e4472cf13987b22354/execute/sync - {"script":"<script> [56 bytes]","args":[{"element-6066-11e4-a52e-4f735466cecf":"f.76EFC1153EA5792FD1141D4CA15B46A2.d.A4CAC782160B4E2BE2FF7F0A243BF87A.e.11441","ELEMENT":"f.76EFC1153EA5792FD1141D4CA15B46A2.d.A4CAC782160B4E2BE2FF7F0A243BF87A.e.11441"}]}
RESULT: {"script":"<script> [56 bytes]","args":[{"element-6066-11e4-a52e-4f735466cecf":"f.76EFC1153EA5792FD1141D4CA15B46A2.d.A4CAC782160B4E2BE2FF7F0A243BF87A.e.11441","ELEMENT":"f.76EFC1153EA5792FD1141D4CA15B46A2.d.A4CAC782160B4E2BE2FF7F0A243BF87A.e.11441"}]}
COMMAND: GET /session/b6c10327e85db8e4472cf13987b22354/screenshot - {}
RESULT: {}
COMMAND: POST /session/b6c10327e85db8e4472cf13987b22354/element - {"using":"css selector","value":"#shell-header-logo"}
RESULT: {"using":"css selector","value":"#shell-header-logo"}
COMMAND: POST /session/b6c10327e85db8e4472cf13987b22354/element/f.76EFC1153EA5792FD1141D4CA15B46A2.d.A4CAC782160B4E2BE2FF7F0A243BF87A.e.10700/click - {}
RESULT: {}
COMMAND: GET /session/b6c10327e85db8e4472cf13987b22354/screenshot - {}
RESULT: {}
COMMAND: POST /session/b6c10327e85db8e4472cf13987b22354/execute/sync - {"script":"<script> [299 bytes]","args":[["getModel","getResource"]]}
RESULT: {"script":"<script> [299 bytes]","args":[["getModel","getResource"]]}
COMMAND: GET /session/b6c10327e85db8e4472cf13987b22354/screenshot - {}
]]></system-out>
    </testcase>
    <testcase classname="chrome.137_0_7151_69.windows.Create_partner_US118246" name="Should create new external partner" time="104.888">
      <system-out><![CDATA[
COMMAND: POST /session/b6c10327e85db8e4472cf13987b22354/window/fullscreen - {}
RESULT: {}
RESULT: {}
COMMAND: POST /session/b6c10327e85db8e4472cf13987b22354/execute/async - {"script":"<script> [1562 bytes]","args":[{"selector":{"controlType":"sap.m.GenericTile","properties":{"header":"Manage Partners"}},"wdio_ui5_key":"sapm.GenericTile{\"header\":\"Manage Partners\"}"}]}
RESULT: {"script":"<script> [1562 bytes]","args":[{"selector":{"controlType":"sap.m.GenericTile","properties":{"header":"Manage Partners"}},"wdio_ui5_key":"sapm.GenericTile{\"header\":\"Manage Partners\"}"}]}
RESULT: undefined
COMMAND: POST /session/b6c10327e85db8e4472cf13987b22354/element - {"using":"xpath","value":"//*[@id=\"__tile39\"]"}
RESULT: {"using":"xpath","value":"//*[@id=\"__tile39\"]"}
COMMAND: POST /session/b6c10327e85db8e4472cf13987b22354/element/f.76EFC1153EA5792FD1141D4CA15B46A2.d.A4CAC782160B4E2BE2FF7F0A243BF87A.e.10585/click - {}
RESULT: {}
COMMAND: GET /session/b6c10327e85db8e4472cf13987b22354/screenshot - {}
RESULT: {}
COMMAND: POST /session/b6c10327e85db8e4472cf13987b22354/elements - {"using":"xpath","value":"//span[text()='Error']"}
RESULT: {"using":"xpath","value":"//span[text()='Error']"}
COMMAND: POST /session/b6c10327e85db8e4472cf13987b22354/element - {"using":"xpath","value":"//button[@data-kt=\"addButton\"]"}
RESULT: {"using":"xpath","value":"//button[@data-kt=\"addButton\"]"}
COMMAND: POST /session/b6c10327e85db8e4472cf13987b22354/elements - {"using":"xpath","value":"//button[@data-kt=\"addButton\"]"}
RESULT: {"using":"xpath","value":"//button[@data-kt=\"addButton\"]"}
COMMAND: POST /session/b6c10327e85db8e4472cf13987b22354/elements - {"using":"xpath","value":"//button[@data-kt=\"addButton\"]"}
RESULT: {"using":"xpath","value":"//button[@data-kt=\"addButton\"]"}
COMMAND: POST /session/b6c10327e85db8e4472cf13987b22354/element - {"using":"xpath","value":"//button[@data-kt=\"addButton\"]"}
RESULT: {"using":"xpath","value":"//button[@data-kt=\"addButton\"]"}
COMMAND: POST /session/b6c10327e85db8e4472cf13987b22354/execute/sync - {"script":"<script> [8489 bytes]","args":[{"element-6066-11e4-a52e-4f735466cecf":"f.76EFC1153EA5792FD1141D4CA15B46A2.d.A4CAC782160B4E2BE2FF7F0A243BF87A.e.11489","ELEMENT":"f.76EFC1153EA5792FD1141D4CA15B46A2.d.A4CAC782160B4E2BE2FF7F0A243BF87A.e.11489"}]}
RESULT: {"script":"<script> [8489 bytes]","args":[{"element-6066-11e4-a52e-4f735466cecf":"f.76EFC1153EA5792FD1141D4CA15B46A2.d.A4CAC782160B4E2BE2FF7F0A243BF87A.e.11489","ELEMENT":"f.76EFC1153EA5792FD1141D4CA15B46A2.d.A4CAC782160B4E2BE2FF7F0A243BF87A.e.11489"}]}
COMMAND: GET /session/b6c10327e85db8e4472cf13987b22354/element/f.76EFC1153EA5792FD1141D4CA15B46A2.d.A4CAC782160B4E2BE2FF7F0A243BF87A.e.11489/enabled - {}
COMMAND: GET /session/b6c10327e85db8e4472cf13987b22354/screenshot - {}
RESULT: {}
COMMAND: POST /session/b6c10327e85db8e4472cf13987b22354/execute/sync - {"script":"<script> [8489 bytes]","args":[{"element-6066-11e4-a52e-4f735466cecf":"f.76EFC1153EA5792FD1141D4CA15B46A2.d.A4CAC782160B4E2BE2FF7F0A243BF87A.e.11489","ELEMENT":"f.76EFC1153EA5792FD1141D4CA15B46A2.d.A4CAC782160B4E2BE2FF7F0A243BF87A.e.11489"}]}
COMMAND: GET /session/b6c10327e85db8e4472cf13987b22354/screenshot - {}
RESULT: {}
RESULT: {"script":"<script> [8489 bytes]","args":[{"element-6066-11e4-a52e-4f735466cecf":"f.76EFC1153EA5792FD1141D4CA15B46A2.d.A4CAC782160B4E2BE2FF7F0A243BF87A.e.11489","ELEMENT":"f.76EFC1153EA5792FD1141D4CA15B46A2.d.A4CAC782160B4E2BE2FF7F0A243BF87A.e.11489"}]}
COMMAND: POST /session/b6c10327e85db8e4472cf13987b22354/execute/sync - {"script":"<script> [5351 bytes]","args":[{"element-6066-11e4-a52e-4f735466cecf":"f.76EFC1153EA5792FD1141D4CA15B46A2.d.A4CAC782160B4E2BE2FF7F0A243BF87A.e.11489","ELEMENT":"f.76EFC1153EA5792FD1141D4CA15B46A2.d.A4CAC782160B4E2BE2FF7F0A243BF87A.e.11489"}]}
COMMAND: GET /session/b6c10327e85db8e4472cf13987b22354/screenshot - {}
RESULT: {}
RESULT: {"script":"<script> [5351 bytes]","args":[{"element-6066-11e4-a52e-4f735466cecf":"f.76EFC1153EA5792FD1141D4CA15B46A2.d.A4CAC782160B4E2BE2FF7F0A243BF87A.e.11489","ELEMENT":"f.76EFC1153EA5792FD1141D4CA15B46A2.d.A4CAC782160B4E2BE2FF7F0A243BF87A.e.11489"}]}
COMMAND: POST /session/b6c10327e85db8e4472cf13987b22354/element/f.76EFC1153EA5792FD1141D4CA15B46A2.d.A4CAC782160B4E2BE2FF7F0A243BF87A.e.11489/click - {}
COMMAND: GET /session/b6c10327e85db8e4472cf13987b22354/screenshot - {}
RESULT: {}
RESULT: {}
COMMAND: GET /session/b6c10327e85db8e4472cf13987b22354/screenshot - {}
COMMAND: POST /session/b6c10327e85db8e4472cf13987b22354/execute/async - {"script":"<script> [1562 bytes]","args":[{"selector":{"id":"application-managepartners-display-component---NewPartner--addressDetailDetailsName1","interaction":{"idSuffix":"inner"}},"wdio_ui5_key":"applicationmanagepartners-display-component---NewPartner--addressDetailDetailsName1"}]}
RESULT: {}
RESULT: {}
RESULT: {"script":"<script> [1562 bytes]","args":[{"selector":{"id":"application-managepartners-display-component---NewPartner--addressDetailDetailsName1","interaction":{"idSuffix":"inner"}},"wdio_ui5_key":"applicationmanagepartners-display-component---NewPartner--addressDetailDetailsName1"}]}
RESULT: undefined
COMMAND: POST /session/b6c10327e85db8e4472cf13987b22354/execute/async - {"script":"<script> [776 bytes]","args":[{"enterText":"External Partner WDIO","selector":{"id":"application-managepartners-display-component---NewPartner--addressDetailDetailsName1","interaction":{"idSuffix":"inner"}},"clearTextFirst":true,"interactionType":"ENTER_TEXT"}]}
RESULT: {"script":"<script> [776 bytes]","args":[{"enterText":"External Partner WDIO","selector":{"id":"application-managepartners-display-component---NewPartner--addressDetailDetailsName1","interaction":{"idSuffix":"inner"}},"clearTextFirst":true,"interactionType":"ENTER_TEXT"}]}
COMMAND: POST /session/b6c10327e85db8e4472cf13987b22354/execute/async - {"script":"<script> [1562 bytes]","args":[{"selector":{"id":"application-managepartners-display-component---NewPartner--addressDetailDetailsLanguage-arrow"},"wdio_ui5_key":"applicationmanagepartners-display-component---NewPartner--addressDetailDetailsLanguage-arrow"}]}
RESULT: {"script":"<script> [1562 bytes]","args":[{"selector":{"id":"application-managepartners-display-component---NewPartner--addressDetailDetailsLanguage-arrow"},"wdio_ui5_key":"applicationmanagepartners-display-component---NewPartner--addressDetailDetailsLanguage-arrow"}]}
RESULT: undefined
COMMAND: POST /session/b6c10327e85db8e4472cf13987b22354/element - {"using":"xpath","value":"//*[@id=\"application-managepartners-display-component---NewPartner--addressDetailDetailsLanguage-arrow\"]"}
RESULT: {"using":"xpath","value":"//*[@id=\"application-managepartners-display-component---NewPartner--addressDetailDetailsLanguage-arrow\"]"}
COMMAND: POST /session/b6c10327e85db8e4472cf13987b22354/element/f.76EFC1153EA5792FD1141D4CA15B46A2.d.A4CAC782160B4E2BE2FF7F0A243BF87A.e.11843/click - {}
RESULT: {}
COMMAND: POST /session/b6c10327e85db8e4472cf13987b22354/element - {"using":"xpath","value":"//span[contains(text(), \"English\")]"}
COMMAND: GET /session/b6c10327e85db8e4472cf13987b22354/screenshot - {}
RESULT: {"using":"xpath","value":"//span[contains(text(), \"English\")]"}
COMMAND: POST /session/b6c10327e85db8e4472cf13987b22354/element/f.76EFC1153EA5792FD1141D4CA15B46A2.d.A4CAC782160B4E2BE2FF7F0A243BF87A.e.11844/click - {}
RESULT: {}
RESULT: {}
COMMAND: GET /session/b6c10327e85db8e4472cf13987b22354/screenshot - {}
RESULT: {}
COMMAND: POST /session/b6c10327e85db8e4472cf13987b22354/execute/async - {"script":"<script> [1562 bytes]","args":[{"selector":{"id":"application-managepartners-display-component---NewPartner--addressDetailDetailsCity1","interaction":{"idSuffix":"inner"}},"wdio_ui5_key":"applicationmanagepartners-display-component---NewPartner--addressDetailDetailsCity1"}]}
RESULT: {"script":"<script> [1562 bytes]","args":[{"selector":{"id":"application-managepartners-display-component---NewPartner--addressDetailDetailsCity1","interaction":{"idSuffix":"inner"}},"wdio_ui5_key":"applicationmanagepartners-display-component---NewPartner--addressDetailDetailsCity1"}]}
RESULT: undefined
COMMAND: POST /session/b6c10327e85db8e4472cf13987b22354/execute/async - {"script":"<script> [776 bytes]","args":[{"enterText":"Rosario","selector":{"id":"application-managepartners-display-component---NewPartner--addressDetailDetailsCity1","interaction":{"idSuffix":"inner"}},"clearTextFirst":true,"interactionType":"ENTER_TEXT"}]}
RESULT: {"script":"<script> [776 bytes]","args":[{"enterText":"Rosario","selector":{"id":"application-managepartners-display-component---NewPartner--addressDetailDetailsCity1","interaction":{"idSuffix":"inner"}},"clearTextFirst":true,"interactionType":"ENTER_TEXT"}]}
COMMAND: POST /session/b6c10327e85db8e4472cf13987b22354/execute/async - {"script":"<script> [1562 bytes]","args":[{"selector":{"id":"application-managepartners-display-component---NewPartner--addressDetailDetailsCountry-arrow"},"wdio_ui5_key":"applicationmanagepartners-display-component---NewPartner--addressDetailDetailsCountry-arrow"}]}
RESULT: {"script":"<script> [1562 bytes]","args":[{"selector":{"id":"application-managepartners-display-component---NewPartner--addressDetailDetailsCountry-arrow"},"wdio_ui5_key":"applicationmanagepartners-display-component---NewPartner--addressDetailDetailsCountry-arrow"}]}
RESULT: undefined
COMMAND: POST /session/b6c10327e85db8e4472cf13987b22354/element - {"using":"xpath","value":"//*[@id=\"application-managepartners-display-component---NewPartner--addressDetailDetailsCountry-arrow\"]"}
RESULT: {"using":"xpath","value":"//*[@id=\"application-managepartners-display-component---NewPartner--addressDetailDetailsCountry-arrow\"]"}
COMMAND: POST /session/b6c10327e85db8e4472cf13987b22354/element/f.76EFC1153EA5792FD1141D4CA15B46A2.d.A4CAC782160B4E2BE2FF7F0A243BF87A.e.11811/click - {}
RESULT: {}
COMMAND: POST /session/b6c10327e85db8e4472cf13987b22354/element - {"using":"xpath","value":"//span[contains(text(), \"Argentina\")]"}
COMMAND: GET /session/b6c10327e85db8e4472cf13987b22354/screenshot - {}
RESULT: {"using":"xpath","value":"//span[contains(text(), \"Argentina\")]"}
COMMAND: POST /session/b6c10327e85db8e4472cf13987b22354/element/f.76EFC1153EA5792FD1141D4CA15B46A2.d.A4CAC782160B4E2BE2FF7F0A243BF87A.e.11846/click - {}
RESULT: {}
RESULT: {}
COMMAND: GET /session/b6c10327e85db8e4472cf13987b22354/screenshot - {}
RESULT: {}
COMMAND: POST /session/b6c10327e85db8e4472cf13987b22354/element - {"using":"xpath","value":"//bdi[contains(text(), \"Commercial\")]"}
RESULT: {"using":"xpath","value":"//bdi[contains(text(), \"Commercial\")]"}
COMMAND: POST /session/b6c10327e85db8e4472cf13987b22354/element/f.76EFC1153EA5792FD1141D4CA15B46A2.d.A4CAC782160B4E2BE2FF7F0A243BF87A.e.11847/click - {}
RESULT: {}
COMMAND: GET /session/b6c10327e85db8e4472cf13987b22354/screenshot - {}
RESULT: {}
COMMAND: POST /session/b6c10327e85db8e4472cf13987b22354/execute/async - {"script":"<script> [1562 bytes]","args":[{"selector":{"id":"application-managepartners-display-component---NewPartner--partnerDetailInternal-arrow"},"wdio_ui5_key":"applicationmanagepartners-display-component---NewPartner--partnerDetailInternal-arrow"}]}
RESULT: {"script":"<script> [1562 bytes]","args":[{"selector":{"id":"application-managepartners-display-component---NewPartner--partnerDetailInternal-arrow"},"wdio_ui5_key":"applicationmanagepartners-display-component---NewPartner--partnerDetailInternal-arrow"}]}
RESULT: undefined
COMMAND: POST /session/b6c10327e85db8e4472cf13987b22354/element - {"using":"xpath","value":"//*[@id=\"application-managepartners-display-component---NewPartner--partnerDetailInternal-arrow\"]"}
RESULT: {"using":"xpath","value":"//*[@id=\"application-managepartners-display-component---NewPartner--partnerDetailInternal-arrow\"]"}
COMMAND: POST /session/b6c10327e85db8e4472cf13987b22354/element/f.76EFC1153EA5792FD1141D4CA15B46A2.d.A4CAC782160B4E2BE2FF7F0A243BF87A.e.11853/click - {}
RESULT: {}
COMMAND: POST /session/b6c10327e85db8e4472cf13987b22354/element - {"using":"xpath","value":"//span[contains(text(), \"External partner\")]"}
COMMAND: GET /session/b6c10327e85db8e4472cf13987b22354/screenshot - {}
RESULT: {"using":"xpath","value":"//span[contains(text(), \"External partner\")]"}
COMMAND: POST /session/b6c10327e85db8e4472cf13987b22354/element/f.76EFC1153EA5792FD1141D4CA15B46A2.d.A4CAC782160B4E2BE2FF7F0A243BF87A.e.11854/click - {}
RESULT: {}
RESULT: {}
COMMAND: POST /session/b6c10327e85db8e4472cf13987b22354/execute/async - {"script":"<script> [1562 bytes]","args":[{"selector":{"id":"application-managepartners-display-component---NewPartner--partnerDetailsCurrency-arrow"},"wdio_ui5_key":"applicationmanagepartners-display-component---NewPartner--partnerDetailsCurrency-arrow"}]}
COMMAND: GET /session/b6c10327e85db8e4472cf13987b22354/screenshot - {}
RESULT: {"script":"<script> [1562 bytes]","args":[{"selector":{"id":"application-managepartners-display-component---NewPartner--partnerDetailsCurrency-arrow"},"wdio_ui5_key":"applicationmanagepartners-display-component---NewPartner--partnerDetailsCurrency-arrow"}]}
RESULT: undefined
COMMAND: POST /session/b6c10327e85db8e4472cf13987b22354/element - {"using":"xpath","value":"//*[@id=\"application-managepartners-display-component---NewPartner--partnerDetailsCurrency-arrow\"]"}
RESULT: {}
RESULT: {"using":"xpath","value":"//*[@id=\"application-managepartners-display-component---NewPartner--partnerDetailsCurrency-arrow\"]"}
COMMAND: POST /session/b6c10327e85db8e4472cf13987b22354/element/f.76EFC1153EA5792FD1141D4CA15B46A2.d.A4CAC782160B4E2BE2FF7F0A243BF87A.e.11859/click - {}
RESULT: {}
COMMAND: POST /session/b6c10327e85db8e4472cf13987b22354/element - {"using":"xpath","value":"//span[contains(text(), \"US Dollar\")]"}
COMMAND: GET /session/b6c10327e85db8e4472cf13987b22354/screenshot - {}
RESULT: {"using":"xpath","value":"//span[contains(text(), \"US Dollar\")]"}
COMMAND: POST /session/b6c10327e85db8e4472cf13987b22354/element/f.76EFC1153EA5792FD1141D4CA15B46A2.d.A4CAC782160B4E2BE2FF7F0A243BF87A.e.11860/click - {}
RESULT: {}
RESULT: {}
COMMAND: GET /session/b6c10327e85db8e4472cf13987b22354/screenshot - {}
RESULT: {}
COMMAND: POST /session/b6c10327e85db8e4472cf13987b22354/element - {"using":"xpath","value":"//input[@id=\"application-managepartners-display-component---NewPartner--companyCodeComboBox-inner\"]"}
RESULT: {"using":"xpath","value":"//input[@id=\"application-managepartners-display-component---NewPartner--companyCodeComboBox-inner\"]"}
COMMAND: POST /session/b6c10327e85db8e4472cf13987b22354/element/f.76EFC1153EA5792FD1141D4CA15B46A2.d.A4CAC782160B4E2BE2FF7F0A243BF87A.e.11700/clear - {}
RESULT: {}
COMMAND: POST /session/b6c10327e85db8e4472cf13987b22354/element/f.76EFC1153EA5792FD1141D4CA15B46A2.d.A4CAC782160B4E2BE2FF7F0A243BF87A.e.11700/value - {"text":"C002"}
COMMAND: GET /session/b6c10327e85db8e4472cf13987b22354/screenshot - {}
RESULT: {"text":"C002"}
COMMAND: GET /session/b6c10327e85db8e4472cf13987b22354/screenshot - {}
RESULT: {}
RESULT: {}
COMMAND: POST /session/b6c10327e85db8e4472cf13987b22354/element - {"using":"xpath","value":"//li[.//span[text()= \"C002\"]]"}
RESULT: {"using":"xpath","value":"//li[.//span[text()= \"C002\"]]"}
COMMAND: POST /session/b6c10327e85db8e4472cf13987b22354/element/f.76EFC1153EA5792FD1141D4CA15B46A2.d.A4CAC782160B4E2BE2FF7F0A243BF87A.e.11864/click - {}
RESULT: {}
COMMAND: GET /session/b6c10327e85db8e4472cf13987b22354/screenshot - {}
RESULT: {}
COMMAND: POST /session/b6c10327e85db8e4472cf13987b22354/execute/async - {"script":"<script> [1562 bytes]","args":[{"selector":{"controlType":"sap.ui.core.Icon","viewName":"etm.portal.ui.managepartners.view.NewPartner","viewId":"application-managepartners-display-component---NewPartner","properties":{"src":{"regex":{"source":"slim\\-arrow\\-down"}}},"ancestor":{"controlType":"sap.m.ComboBox","viewName":"etm.portal.ui.managepartners.view.NewPartner","viewId":"application-managepartners-display-component---NewPartner","bindingPath":{"path":"","propertyPath":"/CATALOG","modelName":"oNewPartnerModel"}}},"wdio_ui5_key":"etmportal.ui.managepartners.view.NewPartnersap.ui.core.Icon{\"src\":{\"regex\":{\"source\":\"slim\\\\-arrow\\\\-down\"}}}{\"controlType\":\"sap.m.ComboBox\",\"viewName\":\"etm.portal.ui.managepartners.view.NewPartner\",\"viewId\":\"application-managepartners-display-component---NewPartner\",\"bindingPath\":{\"path\":\"\",\"propertyPath\":\"/CATALOG\",\"modelName\":\"oNewPartnerModel\"}}"}]}
RESULT: {"script":"<script> [1562 bytes]","args":[{"selector":{"controlType":"sap.ui.core.Icon","viewName":"etm.portal.ui.managepartners.view.NewPartner","viewId":"application-managepartners-display-component---NewPartner","properties":{"src":{"regex":{"source":"slim\\-arrow\\-down"}}},"ancestor":{"controlType":"sap.m.ComboBox","viewName":"etm.portal.ui.managepartners.view.NewPartner","viewId":"application-managepartners-display-component---NewPartner","bindingPath":{"path":"","propertyPath":"/CATALOG","modelName":"oNewPartnerModel"}}},"wdio_ui5_key":"etmportal.ui.managepartners.view.NewPartnersap.ui.core.Icon{\"src\":{\"regex\":{\"source\":\"slim\\\\-arrow\\\\-down\"}}}{\"controlType\":\"sap.m.ComboBox\",\"viewName\":\"etm.portal.ui.managepartners.view.NewPartner\",\"viewId\":\"application-managepartners-display-component---NewPartner\",\"bindingPath\":{\"path\":\"\",\"propertyPath\":\"/CATALOG\",\"modelName\":\"oNewPartnerModel\"}}"}]}
RESULT: undefined
COMMAND: POST /session/b6c10327e85db8e4472cf13987b22354/element - {"using":"xpath","value":"//*[@id=\"__box22-arrow\"]"}
RESULT: {"using":"xpath","value":"//*[@id=\"__box22-arrow\"]"}
COMMAND: POST /session/b6c10327e85db8e4472cf13987b22354/element/f.76EFC1153EA5792FD1141D4CA15B46A2.d.A4CAC782160B4E2BE2FF7F0A243BF87A.e.11812/click - {}
RESULT: {}
COMMAND: GET /session/b6c10327e85db8e4472cf13987b22354/screenshot - {}
RESULT: {}
COMMAND: POST /session/b6c10327e85db8e4472cf13987b22354/element - {"using":"xpath","value":"//ul[contains(@id,\"popup-list-listUl\")]//li[.//span[text()= \"Webshop Catalog\"]]"}
RESULT: {"using":"xpath","value":"//ul[contains(@id,\"popup-list-listUl\")]//li[.//span[text()= \"Webshop Catalog\"]]"}
COMMAND: POST /session/b6c10327e85db8e4472cf13987b22354/element/f.76EFC1153EA5792FD1141D4CA15B46A2.d.A4CAC782160B4E2BE2FF7F0A243BF87A.e.11866/click - {}
RESULT: {}
COMMAND: GET /session/b6c10327e85db8e4472cf13987b22354/screenshot - {}
RESULT: {}
COMMAND: POST /session/b6c10327e85db8e4472cf13987b22354/execute/async - {"script":"<script> [1562 bytes]","args":[{"selector":{"id":"application-managepartners-display-component---NewPartner--btnAddTableRow-img"},"wdio_ui5_key":"applicationmanagepartners-display-component---NewPartner--btnAddTableRow-img"}]}
RESULT: {"script":"<script> [1562 bytes]","args":[{"selector":{"id":"application-managepartners-display-component---NewPartner--btnAddTableRow-img"},"wdio_ui5_key":"applicationmanagepartners-display-component---NewPartner--btnAddTableRow-img"}]}
RESULT: undefined
COMMAND: POST /session/b6c10327e85db8e4472cf13987b22354/element - {"using":"xpath","value":"//*[@id=\"application-managepartners-display-component---NewPartner--btnAddTableRow-img\"]"}
RESULT: {"using":"xpath","value":"//*[@id=\"application-managepartners-display-component---NewPartner--btnAddTableRow-img\"]"}
COMMAND: POST /session/b6c10327e85db8e4472cf13987b22354/element/f.76EFC1153EA5792FD1141D4CA15B46A2.d.A4CAC782160B4E2BE2FF7F0A243BF87A.e.11867/click - {}
RESULT: {}
COMMAND: GET /session/b6c10327e85db8e4472cf13987b22354/screenshot - {}
RESULT: {}
COMMAND: POST /session/b6c10327e85db8e4472cf13987b22354/element - {"using":"xpath","value":"//input[@id=\"application-managepartners-display-component---NewPartner--assignmentYard-application-managepartners-display-component---NewPartner--assignmentsTable-0-inner\"]"}
RESULT: {"using":"xpath","value":"//input[@id=\"application-managepartners-display-component---NewPartner--assignmentYard-application-managepartners-display-component---NewPartner--assignmentsTable-0-inner\"]"}
COMMAND: POST /session/b6c10327e85db8e4472cf13987b22354/element/f.76EFC1153EA5792FD1141D4CA15B46A2.d.A4CAC782160B4E2BE2FF7F0A243BF87A.e.11870/clear - {}
RESULT: {}
COMMAND: POST /session/b6c10327e85db8e4472cf13987b22354/element/f.76EFC1153EA5792FD1141D4CA15B46A2.d.A4CAC782160B4E2BE2FF7F0A243BF87A.e.11870/value - {"text":"200"}
COMMAND: GET /session/b6c10327e85db8e4472cf13987b22354/screenshot - {}
RESULT: {"text":"200"}
COMMAND: GET /session/b6c10327e85db8e4472cf13987b22354/screenshot - {}
RESULT: {}
RESULT: {}
COMMAND: POST /session/b6c10327e85db8e4472cf13987b22354/element - {"using":"xpath","value":"//li[.//span[text()='200']]"}
RESULT: {"using":"xpath","value":"//li[.//span[text()='200']]"}
COMMAND: POST /session/b6c10327e85db8e4472cf13987b22354/element/f.76EFC1153EA5792FD1141D4CA15B46A2.d.A4CAC782160B4E2BE2FF7F0A243BF87A.e.11878/click - {}
RESULT: {}
COMMAND: GET /session/b6c10327e85db8e4472cf13987b22354/screenshot - {}
RESULT: {}
COMMAND: POST /session/b6c10327e85db8e4472cf13987b22354/actions - {"actions":[{"id":"action38","type":"key","parameters":{},"actions":[{"type":"keyDown","value":"î€‡"},{"type":"pause","duration":10},{"type":"keyUp","value":"î€‡"}]}]}
RESULT: {"actions":[{"id":"action38","type":"key","parameters":{},"actions":[{"type":"keyDown","value":"î€‡"},{"type":"pause","duration":10},{"type":"keyUp","value":"î€‡"}]}]}
COMMAND: POST /session/b6c10327e85db8e4472cf13987b22354/element - {"using":"xpath","value":"//td[contains(@id, \"assignmentsTable-0-cell2\")]/div/div"}
COMMAND: GET /session/b6c10327e85db8e4472cf13987b22354/screenshot - {}
RESULT: {"using":"xpath","value":"//td[contains(@id, \"assignmentsTable-0-cell2\")]/div/div"}
COMMAND: POST /session/b6c10327e85db8e4472cf13987b22354/element/f.76EFC1153EA5792FD1141D4CA15B46A2.d.A4CAC782160B4E2BE2FF7F0A243BF87A.e.11881/click - {}
RESULT: {}
RESULT: {}
COMMAND: GET /session/b6c10327e85db8e4472cf13987b22354/screenshot - {}
RESULT: {}
COMMAND: POST /session/b6c10327e85db8e4472cf13987b22354/element - {"using":"xpath","value":"//button[@data-kt=\"saveButton\"]"}
RESULT: {"using":"xpath","value":"//button[@data-kt=\"saveButton\"]"}
COMMAND: POST /session/b6c10327e85db8e4472cf13987b22354/element/f.76EFC1153EA5792FD1141D4CA15B46A2.d.A4CAC782160B4E2BE2FF7F0A243BF87A.e.11780/click - {}
RESULT: {}
COMMAND: GET /session/b6c10327e85db8e4472cf13987b22354/screenshot - {}
RESULT: {}
COMMAND: POST /session/b6c10327e85db8e4472cf13987b22354/element - {"using":"xpath","value":"//header[contains(@id, 'ObjectPageLayout-headerTitle')]/div[1]/div[2]/div[2]/span[1]"}
RESULT: {"using":"xpath","value":"//header[contains(@id, 'ObjectPageLayout-headerTitle')]/div[1]/div[2]/div[2]/span[1]"}
COMMAND: POST /session/b6c10327e85db8e4472cf13987b22354/elements - {"using":"xpath","value":"//header[contains(@id, 'ObjectPageLayout-headerTitle')]/div[1]/div[2]/div[2]/span[1]"}
RESULT: {"using":"xpath","value":"//header[contains(@id, 'ObjectPageLayout-headerTitle')]/div[1]/div[2]/div[2]/span[1]"}
COMMAND: POST /session/b6c10327e85db8e4472cf13987b22354/execute/sync - {"script":"<script> [56 bytes]","args":[{"element-6066-11e4-a52e-4f735466cecf":"f.76EFC1153EA5792FD1141D4CA15B46A2.d.A4CAC782160B4E2BE2FF7F0A243BF87A.e.11997","ELEMENT":"f.76EFC1153EA5792FD1141D4CA15B46A2.d.A4CAC782160B4E2BE2FF7F0A243BF87A.e.11997"}]}
RESULT: {"script":"<script> [56 bytes]","args":[{"element-6066-11e4-a52e-4f735466cecf":"f.76EFC1153EA5792FD1141D4CA15B46A2.d.A4CAC782160B4E2BE2FF7F0A243BF87A.e.11997","ELEMENT":"f.76EFC1153EA5792FD1141D4CA15B46A2.d.A4CAC782160B4E2BE2FF7F0A243BF87A.e.11997"}]}
COMMAND: POST /session/b6c10327e85db8e4472cf13987b22354/element - {"using":"css selector","value":"#shell-header-logo"}
COMMAND: GET /session/b6c10327e85db8e4472cf13987b22354/screenshot - {}
RESULT: {"using":"css selector","value":"#shell-header-logo"}
COMMAND: POST /session/b6c10327e85db8e4472cf13987b22354/element/f.76EFC1153EA5792FD1141D4CA15B46A2.d.A4CAC782160B4E2BE2FF7F0A243BF87A.e.11445/click - {}
RESULT: {}
RESULT: {}
COMMAND: GET /session/b6c10327e85db8e4472cf13987b22354/screenshot - {}
RESULT: {}
COMMAND: POST /session/b6c10327e85db8e4472cf13987b22354/execute/sync - {"script":"<script> [299 bytes]","args":[["getModel","getResource"]]}
RESULT: {"script":"<script> [299 bytes]","args":[["getModel","getResource"]]}
]]></system-out>
    </testcase>
    <testcase classname="chrome.137_0_7151_69.windows.Create_partner_US118246" name="Should create a new yard in case create yard failed" time="109.195">
      <system-out><![CDATA[
COMMAND: GET /session/b6c10327e85db8e4472cf13987b22354/screenshot - {}
RESULT: undefined
COMMAND: POST /session/b6c10327e85db8e4472cf13987b22354/element - {"using":"xpath","value":"//*[@id=\"__tile42\"]"}
RESULT: {}
RESULT: {"using":"xpath","value":"//*[@id=\"__tile42\"]"}
COMMAND: POST /session/b6c10327e85db8e4472cf13987b22354/element/f.76EFC1153EA5792FD1141D4CA15B46A2.d.A4CAC782160B4E2BE2FF7F0A243BF87A.e.10594/click - {}
RESULT: {}
COMMAND: GET /session/b6c10327e85db8e4472cf13987b22354/screenshot - {}
COMMAND: POST /session/b6c10327e85db8e4472cf13987b22354/elements - {"using":"xpath","value":"//span[text()='Error']"}
RESULT: {}
RESULT: {"using":"xpath","value":"//span[text()='Error']"}
COMMAND: POST /session/b6c10327e85db8e4472cf13987b22354/element - {"using":"xpath","value":"//button[@data-kt=\"addNewYardOverflowToolbarButton\"]"}
RESULT: {"using":"xpath","value":"//button[@data-kt=\"addNewYardOverflowToolbarButton\"]"}
COMMAND: POST /session/b6c10327e85db8e4472cf13987b22354/elements - {"using":"xpath","value":"//button[@data-kt=\"addNewYardOverflowToolbarButton\"]"}
RESULT: {"using":"xpath","value":"//button[@data-kt=\"addNewYardOverflowToolbarButton\"]"}
COMMAND: POST /session/b6c10327e85db8e4472cf13987b22354/execute/sync - {"script":"<script> [8489 bytes]","args":[{"element-6066-11e4-a52e-4f735466cecf":"f.76EFC1153EA5792FD1141D4CA15B46A2.d.A4CAC782160B4E2BE2FF7F0A243BF87A.e.12140","ELEMENT":"f.76EFC1153EA5792FD1141D4CA15B46A2.d.A4CAC782160B4E2BE2FF7F0A243BF87A.e.12140"}]}
RESULT: {"script":"<script> [8489 bytes]","args":[{"element-6066-11e4-a52e-4f735466cecf":"f.76EFC1153EA5792FD1141D4CA15B46A2.d.A4CAC782160B4E2BE2FF7F0A243BF87A.e.12140","ELEMENT":"f.76EFC1153EA5792FD1141D4CA15B46A2.d.A4CAC782160B4E2BE2FF7F0A243BF87A.e.12140"}]}
COMMAND: GET /session/b6c10327e85db8e4472cf13987b22354/element/f.76EFC1153EA5792FD1141D4CA15B46A2.d.A4CAC782160B4E2BE2FF7F0A243BF87A.e.12140/enabled - {}
COMMAND: GET /session/b6c10327e85db8e4472cf13987b22354/screenshot - {}
RESULT: {}
COMMAND: POST /session/b6c10327e85db8e4472cf13987b22354/execute/sync - {"script":"<script> [8489 bytes]","args":[{"element-6066-11e4-a52e-4f735466cecf":"f.76EFC1153EA5792FD1141D4CA15B46A2.d.A4CAC782160B4E2BE2FF7F0A243BF87A.e.12140","ELEMENT":"f.76EFC1153EA5792FD1141D4CA15B46A2.d.A4CAC782160B4E2BE2FF7F0A243BF87A.e.12140"}]}
COMMAND: GET /session/b6c10327e85db8e4472cf13987b22354/screenshot - {}
RESULT: {}
RESULT: {"script":"<script> [8489 bytes]","args":[{"element-6066-11e4-a52e-4f735466cecf":"f.76EFC1153EA5792FD1141D4CA15B46A2.d.A4CAC782160B4E2BE2FF7F0A243BF87A.e.12140","ELEMENT":"f.76EFC1153EA5792FD1141D4CA15B46A2.d.A4CAC782160B4E2BE2FF7F0A243BF87A.e.12140"}]}
COMMAND: POST /session/b6c10327e85db8e4472cf13987b22354/execute/sync - {"script":"<script> [5351 bytes]","args":[{"element-6066-11e4-a52e-4f735466cecf":"f.76EFC1153EA5792FD1141D4CA15B46A2.d.A4CAC782160B4E2BE2FF7F0A243BF87A.e.12140","ELEMENT":"f.76EFC1153EA5792FD1141D4CA15B46A2.d.A4CAC782160B4E2BE2FF7F0A243BF87A.e.12140"}]}
COMMAND: GET /session/b6c10327e85db8e4472cf13987b22354/screenshot - {}
RESULT: {}
RESULT: {"script":"<script> [5351 bytes]","args":[{"element-6066-11e4-a52e-4f735466cecf":"f.76EFC1153EA5792FD1141D4CA15B46A2.d.A4CAC782160B4E2BE2FF7F0A243BF87A.e.12140","ELEMENT":"f.76EFC1153EA5792FD1141D4CA15B46A2.d.A4CAC782160B4E2BE2FF7F0A243BF87A.e.12140"}]}
COMMAND: POST /session/b6c10327e85db8e4472cf13987b22354/element/f.76EFC1153EA5792FD1141D4CA15B46A2.d.A4CAC782160B4E2BE2FF7F0A243BF87A.e.12140/click - {}
COMMAND: GET /session/b6c10327e85db8e4472cf13987b22354/screenshot - {}
RESULT: {}
RESULT: {}
COMMAND: GET /session/b6c10327e85db8e4472cf13987b22354/screenshot - {}
RESULT: {}
RESULT: {}
COMMAND: POST /session/b6c10327e85db8e4472cf13987b22354/element - {"using":"xpath","value":"//input[@id=\"application-manageyards-display-component---NewYard--yardId-inner\"]"}
RESULT: {"using":"xpath","value":"//input[@id=\"application-manageyards-display-component---NewYard--yardId-inner\"]"}
COMMAND: POST /session/b6c10327e85db8e4472cf13987b22354/element - {"using":"xpath","value":"//input[@id=\"application-manageyards-display-component---NewYard--yardId-inner\"]"}
RESULT: {"using":"xpath","value":"//input[@id=\"application-manageyards-display-component---NewYard--yardId-inner\"]"}
RESULT: undefined
COMMAND: POST /session/b6c10327e85db8e4472cf13987b22354/execute/async - {"script":"<script> [776 bytes]","args":[{"enterText":"Warehouse Managed WDIO","selector":{"id":"application-manageyards-display-component---NewYard--addressDetailDetailsName1","interaction":{"idSuffix":"inner"}},"clearTextFirst":true,"interactionType":"ENTER_TEXT"}]}
RESULT: {"script":"<script> [776 bytes]","args":[{"enterText":"Warehouse Managed WDIO","selector":{"id":"application-manageyards-display-component---NewYard--addressDetailDetailsName1","interaction":{"idSuffix":"inner"}},"clearTextFirst":true,"interactionType":"ENTER_TEXT"}]}
RESULT: undefined
COMMAND: POST /session/b6c10327e85db8e4472cf13987b22354/element - {"using":"xpath","value":"//*[@id=\"application-manageyards-display-component---NewYard--addressDetailDetailsLanguage-arrow\"]"}
RESULT: {"using":"xpath","value":"//*[@id=\"application-manageyards-display-component---NewYard--addressDetailDetailsLanguage-arrow\"]"}
COMMAND: POST /session/b6c10327e85db8e4472cf13987b22354/element/f.76EFC1153EA5792FD1141D4CA15B46A2.d.A4CAC782160B4E2BE2FF7F0A243BF87A.e.12701/click - {}
RESULT: {}
COMMAND: POST /session/b6c10327e85db8e4472cf13987b22354/element - {"using":"xpath","value":"//span[contains(text(), \"English\")]"}
COMMAND: GET /session/b6c10327e85db8e4472cf13987b22354/screenshot - {}
RESULT: {"using":"xpath","value":"//span[contains(text(), \"English\")]"}
COMMAND: POST /session/b6c10327e85db8e4472cf13987b22354/element/f.76EFC1153EA5792FD1141D4CA15B46A2.d.A4CAC782160B4E2BE2FF7F0A243BF87A.e.12702/click - {}
RESULT: {}
RESULT: {}
RESULT: undefined
COMMAND: POST /session/b6c10327e85db8e4472cf13987b22354/execute/async - {"script":"<script> [776 bytes]","args":[{"enterText":"Rosario","selector":{"id":"application-manageyards-display-component---NewYard--addressDetailDetailsCity1","interaction":{"idSuffix":"inner"}},"clearTextFirst":true,"interactionType":"ENTER_TEXT"}]}
COMMAND: GET /session/b6c10327e85db8e4472cf13987b22354/screenshot - {}
RESULT: {"script":"<script> [776 bytes]","args":[{"enterText":"Rosario","selector":{"id":"application-manageyards-display-component---NewYard--addressDetailDetailsCity1","interaction":{"idSuffix":"inner"}},"clearTextFirst":true,"interactionType":"ENTER_TEXT"}]}
RESULT: undefined
COMMAND: POST /session/b6c10327e85db8e4472cf13987b22354/element - {"using":"xpath","value":"//*[@id=\"application-manageyards-display-component---NewYard--addressDetailDetailsCountry-arrow\"]"}
RESULT: {}
RESULT: {"using":"xpath","value":"//*[@id=\"application-manageyards-display-component---NewYard--addressDetailDetailsCountry-arrow\"]"}
COMMAND: POST /session/b6c10327e85db8e4472cf13987b22354/element/f.76EFC1153EA5792FD1141D4CA15B46A2.d.A4CAC782160B4E2BE2FF7F0A243BF87A.e.12703/click - {}
RESULT: {}
COMMAND: POST /session/b6c10327e85db8e4472cf13987b22354/element - {"using":"xpath","value":"//span[contains(text(), \"Argentina\")]"}
COMMAND: GET /session/b6c10327e85db8e4472cf13987b22354/screenshot - {}
RESULT: {"using":"xpath","value":"//span[contains(text(), \"Argentina\")]"}
COMMAND: POST /session/b6c10327e85db8e4472cf13987b22354/element/f.76EFC1153EA5792FD1141D4CA15B46A2.d.A4CAC782160B4E2BE2FF7F0A243BF87A.e.12705/click - {}
RESULT: {}
RESULT: {}
RESULT: undefined
COMMAND: POST /session/b6c10327e85db8e4472cf13987b22354/element - {"using":"xpath","value":"//*[@id=\"application-manageyards-display-component---NewYard--addressEditDetailsCostObjectCstType-arrow\"]"}
COMMAND: GET /session/b6c10327e85db8e4472cf13987b22354/screenshot - {}
RESULT: {"using":"xpath","value":"//*[@id=\"application-manageyards-display-component---NewYard--addressEditDetailsCostObjectCstType-arrow\"]"}
COMMAND: POST /session/b6c10327e85db8e4472cf13987b22354/element/f.76EFC1153EA5792FD1141D4CA15B46A2.d.A4CAC782160B4E2BE2FF7F0A243BF87A.e.12706/click - {}
RESULT: {}
RESULT: {}
COMMAND: POST /session/b6c10327e85db8e4472cf13987b22354/element - {"using":"xpath","value":"//span[contains(text(), \"Cost Center\")]"}
COMMAND: GET /session/b6c10327e85db8e4472cf13987b22354/screenshot - {}
RESULT: {"using":"xpath","value":"//span[contains(text(), \"Cost Center\")]"}
COMMAND: POST /session/b6c10327e85db8e4472cf13987b22354/element/f.76EFC1153EA5792FD1141D4CA15B46A2.d.A4CAC782160B4E2BE2FF7F0A243BF87A.e.12707/click - {}
RESULT: {}
RESULT: {}
COMMAND: GET /session/b6c10327e85db8e4472cf13987b22354/screenshot - {}
RESULT: {}
COMMAND: POST /session/b6c10327e85db8e4472cf13987b22354/element - {"using":"xpath","value":"//span[@id=\"application-manageyards-display-component---NewYard--addressNewCostObjectCstID-vhi\"]"}
RESULT: {"using":"xpath","value":"//span[@id=\"application-manageyards-display-component---NewYard--addressNewCostObjectCstID-vhi\"]"}
COMMAND: POST /session/b6c10327e85db8e4472cf13987b22354/execute/sync - {"script":"<script> [8489 bytes]","args":[{"element-6066-11e4-a52e-4f735466cecf":"f.76EFC1153EA5792FD1141D4CA15B46A2.d.A4CAC782160B4E2BE2FF7F0A243BF87A.e.12711","ELEMENT":"f.76EFC1153EA5792FD1141D4CA15B46A2.d.A4CAC782160B4E2BE2FF7F0A243BF87A.e.12711"}]}
RESULT: {"script":"<script> [8489 bytes]","args":[{"element-6066-11e4-a52e-4f735466cecf":"f.76EFC1153EA5792FD1141D4CA15B46A2.d.A4CAC782160B4E2BE2FF7F0A243BF87A.e.12711","ELEMENT":"f.76EFC1153EA5792FD1141D4CA15B46A2.d.A4CAC782160B4E2BE2FF7F0A243BF87A.e.12711"}]}
RESULT: undefined
COMMAND: POST /session/b6c10327e85db8e4472cf13987b22354/element - {"using":"xpath","value":"//*[@id=\"application-manageyards-display-component---NewYard--addressNewCostObjectCstID-vhi\"]"}
COMMAND: GET /session/b6c10327e85db8e4472cf13987b22354/screenshot - {}
RESULT: {"using":"xpath","value":"//*[@id=\"application-manageyards-display-component---NewYard--addressNewCostObjectCstID-vhi\"]"}
COMMAND: POST /session/b6c10327e85db8e4472cf13987b22354/element/f.76EFC1153EA5792FD1141D4CA15B46A2.d.A4CAC782160B4E2BE2FF7F0A243BF87A.e.12711/click - {}
RESULT: {}
RESULT: {}
COMMAND: GET /session/b6c10327e85db8e4472cf13987b22354/screenshot - {}
RESULT: {}
RESULT: undefined
COMMAND: POST /session/b6c10327e85db8e4472cf13987b22354/execute/async - {"script":"<script> [776 bytes]","args":[{"enterText":"bauh_b","selector":{"controlType":"sap.m.SearchField","properties":{"placeholder":"Search"},"searchOpenDialogs":true,"interaction":{"idSuffix":"I"}},"clearTextFirst":true,"interactionType":"ENTER_TEXT"}]}
RESULT: {"script":"<script> [776 bytes]","args":[{"enterText":"bauh_b","selector":{"controlType":"sap.m.SearchField","properties":{"placeholder":"Search"},"searchOpenDialogs":true,"interaction":{"idSuffix":"I"}},"clearTextFirst":true,"interactionType":"ENTER_TEXT"}]}
COMMAND: POST /session/b6c10327e85db8e4472cf13987b22354/actions - {"actions":[{"id":"action39","type":"key","parameters":{},"actions":[{"type":"keyDown","value":"î€‡"},{"type":"pause","duration":10},{"type":"keyUp","value":"î€‡"}]}]}
RESULT: {"actions":[{"id":"action39","type":"key","parameters":{},"actions":[{"type":"keyDown","value":"î€‡"},{"type":"pause","duration":10},{"type":"keyUp","value":"î€‡"}]}]}
COMMAND: GET /session/b6c10327e85db8e4472cf13987b22354/screenshot - {}
RESULT: {}
COMMAND: POST /session/b6c10327e85db8e4472cf13987b22354/element - {"using":"xpath","value":"//span[contains(text(), \"Demo Yard\")]"}
RESULT: {"using":"xpath","value":"//span[contains(text(), \"Demo Yard\")]"}
COMMAND: POST /session/b6c10327e85db8e4472cf13987b22354/element/f.76EFC1153EA5792FD1141D4CA15B46A2.d.A4CAC782160B4E2BE2FF7F0A243BF87A.e.12750/click - {}
RESULT: {}
COMMAND: GET /session/b6c10327e85db8e4472cf13987b22354/screenshot - {}
RESULT: {}
COMMAND: POST /session/b6c10327e85db8e4472cf13987b22354/element - {"using":"xpath","value":"//bdi[contains(text(), \"OK\")]"}
RESULT: {"using":"xpath","value":"//bdi[contains(text(), \"OK\")]"}
COMMAND: POST /session/b6c10327e85db8e4472cf13987b22354/element/f.76EFC1153EA5792FD1141D4CA15B46A2.d.A4CAC782160B4E2BE2FF7F0A243BF87A.e.12751/click - {}
RESULT: {}
COMMAND: GET /session/b6c10327e85db8e4472cf13987b22354/screenshot - {}
RESULT: {}
RESULT: undefined
COMMAND: POST /session/b6c10327e85db8e4472cf13987b22354/element - {"using":"xpath","value":"//*[@id=\"application-manageyards-display-component---NewYard--addressEditDetailsCurrency-arrow\"]"}
RESULT: {"using":"xpath","value":"//*[@id=\"application-manageyards-display-component---NewYard--addressEditDetailsCurrency-arrow\"]"}
COMMAND: POST /session/b6c10327e85db8e4472cf13987b22354/element/f.76EFC1153EA5792FD1141D4CA15B46A2.d.A4CAC782160B4E2BE2FF7F0A243BF87A.e.12754/click - {}
RESULT: {}
COMMAND: POST /session/b6c10327e85db8e4472cf13987b22354/element - {"using":"xpath","value":"//span[contains(text(), \"Euro\")]"}
COMMAND: GET /session/b6c10327e85db8e4472cf13987b22354/screenshot - {}
RESULT: {"using":"xpath","value":"//span[contains(text(), \"Euro\")]"}
COMMAND: POST /session/b6c10327e85db8e4472cf13987b22354/element/f.76EFC1153EA5792FD1141D4CA15B46A2.d.A4CAC782160B4E2BE2FF7F0A243BF87A.e.12755/click - {}
RESULT: {}
RESULT: {}
RESULT: undefined
COMMAND: POST /session/b6c10327e85db8e4472cf13987b22354/execute/async - {"script":"<script> [776 bytes]","args":[{"enterText":"Z001","selector":{"controlType":"sap.m.Input","viewName":"etm.portal.ui.manageyards.view.New","viewId":"application-manageyards-display-component---NewYard","bindingPath":{"path":"","propertyPath":"/CONTROLLING_AREA","modelName":"NewYardModel"},"interaction":{"idSuffix":"inner"}},"clearTextFirst":true,"interactionType":"ENTER_TEXT"}]}
COMMAND: GET /session/b6c10327e85db8e4472cf13987b22354/screenshot - {}
RESULT: {"script":"<script> [776 bytes]","args":[{"enterText":"Z001","selector":{"controlType":"sap.m.Input","viewName":"etm.portal.ui.manageyards.view.New","viewId":"application-manageyards-display-component---NewYard","bindingPath":{"path":"","propertyPath":"/CONTROLLING_AREA","modelName":"NewYardModel"},"interaction":{"idSuffix":"inner"}},"clearTextFirst":true,"interactionType":"ENTER_TEXT"}]}
RESULT: undefined
COMMAND: POST /session/b6c10327e85db8e4472cf13987b22354/execute/async - {"script":"<script> [776 bytes]","args":[{"enterText":"1000","selector":{"id":"application-manageyards-display-component---NewYard--companyCodeComboBox","interaction":{"idSuffix":"inner"}},"clearTextFirst":true,"interactionType":"ENTER_TEXT"}]}
RESULT: {}
RESULT: {"script":"<script> [776 bytes]","args":[{"enterText":"1000","selector":{"id":"application-manageyards-display-component---NewYard--companyCodeComboBox","interaction":{"idSuffix":"inner"}},"clearTextFirst":true,"interactionType":"ENTER_TEXT"}]}
RESULT: undefined
COMMAND: POST /session/b6c10327e85db8e4472cf13987b22354/execute/async - {"script":"<script> [776 bytes]","args":[{"enterText":"1001","selector":{"controlType":"sap.m.Input","viewName":"etm.portal.ui.manageyards.view.New","viewId":"application-manageyards-display-component---NewYard","bindingPath":{"path":"","propertyPath":"/PLANT","modelName":"NewYardModel"},"interaction":{"idSuffix":"inner"}},"clearTextFirst":true,"interactionType":"ENTER_TEXT"}]}
RESULT: {"script":"<script> [776 bytes]","args":[{"enterText":"1001","selector":{"controlType":"sap.m.Input","viewName":"etm.portal.ui.manageyards.view.New","viewId":"application-manageyards-display-component---NewYard","bindingPath":{"path":"","propertyPath":"/PLANT","modelName":"NewYardModel"},"interaction":{"idSuffix":"inner"}},"clearTextFirst":true,"interactionType":"ENTER_TEXT"}]}
RESULT: undefined
COMMAND: POST /session/b6c10327e85db8e4472cf13987b22354/execute/async - {"script":"<script> [776 bytes]","args":[{"enterText":"C002","selector":{"controlType":"sap.m.Input","viewName":"etm.portal.ui.manageyards.view.New","viewId":"application-manageyards-display-component---NewYard","bindingPath":{"path":"","propertyPath":"/SALES_AREA_VKORG","modelName":"NewYardModel"},"interaction":{"idSuffix":"inner"}},"clearTextFirst":true,"interactionType":"ENTER_TEXT"}]}
RESULT: {"script":"<script> [776 bytes]","args":[{"enterText":"C002","selector":{"controlType":"sap.m.Input","viewName":"etm.portal.ui.manageyards.view.New","viewId":"application-manageyards-display-component---NewYard","bindingPath":{"path":"","propertyPath":"/SALES_AREA_VKORG","modelName":"NewYardModel"},"interaction":{"idSuffix":"inner"}},"clearTextFirst":true,"interactionType":"ENTER_TEXT"}]}
RESULT: undefined
COMMAND: POST /session/b6c10327e85db8e4472cf13987b22354/execute/async - {"script":"<script> [776 bytes]","args":[{"enterText":"C2","selector":{"controlType":"sap.m.Input","viewName":"etm.portal.ui.manageyards.view.New","viewId":"application-manageyards-display-component---NewYard","bindingPath":{"path":"","propertyPath":"/SALES_AREA_VTWEG","modelName":"NewYardModel"},"interaction":{"idSuffix":"inner"}},"clearTextFirst":true,"interactionType":"ENTER_TEXT"}]}
RESULT: {"script":"<script> [776 bytes]","args":[{"enterText":"C2","selector":{"controlType":"sap.m.Input","viewName":"etm.portal.ui.manageyards.view.New","viewId":"application-manageyards-display-component---NewYard","bindingPath":{"path":"","propertyPath":"/SALES_AREA_VTWEG","modelName":"NewYardModel"},"interaction":{"idSuffix":"inner"}},"clearTextFirst":true,"interactionType":"ENTER_TEXT"}]}
RESULT: undefined
COMMAND: POST /session/b6c10327e85db8e4472cf13987b22354/execute/async - {"script":"<script> [776 bytes]","args":[{"enterText":"C2","selector":{"controlType":"sap.m.Input","viewName":"etm.portal.ui.manageyards.view.New","viewId":"application-manageyards-display-component---NewYard","bindingPath":{"path":"","propertyPath":"/SALES_AREA_SPART","modelName":"NewYardModel"},"interaction":{"idSuffix":"inner"}},"clearTextFirst":true,"interactionType":"ENTER_TEXT"}]}
RESULT: {"script":"<script> [776 bytes]","args":[{"enterText":"C2","selector":{"controlType":"sap.m.Input","viewName":"etm.portal.ui.manageyards.view.New","viewId":"application-manageyards-display-component---NewYard","bindingPath":{"path":"","propertyPath":"/SALES_AREA_SPART","modelName":"NewYardModel"},"interaction":{"idSuffix":"inner"}},"clearTextFirst":true,"interactionType":"ENTER_TEXT"}]}
RESULT: undefined
COMMAND: POST /session/b6c10327e85db8e4472cf13987b22354/execute/async - {"script":"<script> [776 bytes]","args":[{"enterText":"1710","selector":{"controlType":"sap.m.Input","viewName":"etm.portal.ui.manageyards.view.New","viewId":"application-manageyards-display-component---NewYard","bindingPath":{"path":"","propertyPath":"/SHIP_POINT","modelName":"NewYardModel"},"interaction":{"idSuffix":"inner"}},"clearTextFirst":true,"interactionType":"ENTER_TEXT"}]}
RESULT: {"script":"<script> [776 bytes]","args":[{"enterText":"1710","selector":{"controlType":"sap.m.Input","viewName":"etm.portal.ui.manageyards.view.New","viewId":"application-manageyards-display-component---NewYard","bindingPath":{"path":"","propertyPath":"/SHIP_POINT","modelName":"NewYardModel"},"interaction":{"idSuffix":"inner"}},"clearTextFirst":true,"interactionType":"ENTER_TEXT"}]}
RESULT: undefined
COMMAND: POST /session/b6c10327e85db8e4472cf13987b22354/execute/async - {"script":"<script> [776 bytes]","args":[{"enterText":"ZL01","selector":{"controlType":"sap.m.Input","viewName":"etm.portal.ui.manageyards.view.New","viewId":"application-manageyards-display-component---NewYard","bindingPath":{"path":"","propertyPath":"/DELIVERY_TYPE","modelName":"NewYardModel"},"interaction":{"idSuffix":"inner"}},"clearTextFirst":true,"interactionType":"ENTER_TEXT"}]}
RESULT: {"script":"<script> [776 bytes]","args":[{"enterText":"ZL01","selector":{"controlType":"sap.m.Input","viewName":"etm.portal.ui.manageyards.view.New","viewId":"application-manageyards-display-component---NewYard","bindingPath":{"path":"","propertyPath":"/DELIVERY_TYPE","modelName":"NewYardModel"},"interaction":{"idSuffix":"inner"}},"clearTextFirst":true,"interactionType":"ENTER_TEXT"}]}
RESULT: undefined
COMMAND: POST /session/b6c10327e85db8e4472cf13987b22354/execute/async - {"script":"<script> [776 bytes]","args":[{"enterText":"TA","selector":{"controlType":"sap.m.Input","viewName":"etm.portal.ui.manageyards.view.New","viewId":"application-manageyards-display-component---NewYard","bindingPath":{"path":"","propertyPath":"/AUART","modelName":"NewYardModel"},"interaction":{"idSuffix":"inner"}},"clearTextFirst":true,"interactionType":"ENTER_TEXT"}]}
RESULT: {"script":"<script> [776 bytes]","args":[{"enterText":"TA","selector":{"controlType":"sap.m.Input","viewName":"etm.portal.ui.manageyards.view.New","viewId":"application-manageyards-display-component---NewYard","bindingPath":{"path":"","propertyPath":"/AUART","modelName":"NewYardModel"},"interaction":{"idSuffix":"inner"}},"clearTextFirst":true,"interactionType":"ENTER_TEXT"}]}
COMMAND: POST /session/b6c10327e85db8e4472cf13987b22354/execute/async - {"script":"<script> [1562 bytes]","args":[{"selector":{"id":"application-manageyards-display-component---NewYard--whmCheckBox","interaction":{"idSuffix":"CbBg"}},"wdio_ui5_key":"applicationmanageyards-display-component---NewYard--whmCheckBox"}]}
RESULT: {"script":"<script> [1562 bytes]","args":[{"selector":{"id":"application-manageyards-display-component---NewYard--whmCheckBox","interaction":{"idSuffix":"CbBg"}},"wdio_ui5_key":"applicationmanageyards-display-component---NewYard--whmCheckBox"}]}
RESULT: undefined
COMMAND: POST /session/b6c10327e85db8e4472cf13987b22354/element - {"using":"xpath","value":"//*[@id=\"application-manageyards-display-component---NewYard--whmCheckBox\"]"}
RESULT: {"using":"xpath","value":"//*[@id=\"application-manageyards-display-component---NewYard--whmCheckBox\"]"}
COMMAND: POST /session/b6c10327e85db8e4472cf13987b22354/element/f.76EFC1153EA5792FD1141D4CA15B46A2.d.A4CAC782160B4E2BE2FF7F0A243BF87A.e.12765/click - {}
RESULT: {}
COMMAND: GET /session/b6c10327e85db8e4472cf13987b22354/screenshot - {}
RESULT: {}
COMMAND: POST /session/b6c10327e85db8e4472cf13987b22354/element - {"using":"xpath","value":"//button[@data-kt=\"newYardSaveButton\"]"}
RESULT: {"using":"xpath","value":"//button[@data-kt=\"newYardSaveButton\"]"}
COMMAND: POST /session/b6c10327e85db8e4472cf13987b22354/element/f.76EFC1153EA5792FD1141D4CA15B46A2.d.A4CAC782160B4E2BE2FF7F0A243BF87A.e.12685/click - {}
RESULT: {}
COMMAND: GET /session/b6c10327e85db8e4472cf13987b22354/screenshot - {}
RESULT: {}
COMMAND: POST /session/b6c10327e85db8e4472cf13987b22354/element - {"using":"xpath","value":"//header[contains(@id, 'ObjectPageLayout-headerTitle')]/div[1]/div[2]/div[1]/span[1]"}
RESULT: {"using":"xpath","value":"//header[contains(@id, 'ObjectPageLayout-headerTitle')]/div[1]/div[2]/div[1]/span[1]"}
COMMAND: POST /session/b6c10327e85db8e4472cf13987b22354/elements - {"using":"xpath","value":"//header[contains(@id, 'ObjectPageLayout-headerTitle')]/div[1]/div[2]/div[1]/span[1]"}
RESULT: {"using":"xpath","value":"//header[contains(@id, 'ObjectPageLayout-headerTitle')]/div[1]/div[2]/div[1]/span[1]"}
COMMAND: POST /session/b6c10327e85db8e4472cf13987b22354/execute/sync - {"script":"<script> [56 bytes]","args":[{"element-6066-11e4-a52e-4f735466cecf":"f.76EFC1153EA5792FD1141D4CA15B46A2.d.A4CAC782160B4E2BE2FF7F0A243BF87A.e.12971","ELEMENT":"f.76EFC1153EA5792FD1141D4CA15B46A2.d.A4CAC782160B4E2BE2FF7F0A243BF87A.e.12971"}]}
RESULT: {"script":"<script> [56 bytes]","args":[{"element-6066-11e4-a52e-4f735466cecf":"f.76EFC1153EA5792FD1141D4CA15B46A2.d.A4CAC782160B4E2BE2FF7F0A243BF87A.e.12971","ELEMENT":"f.76EFC1153EA5792FD1141D4CA15B46A2.d.A4CAC782160B4E2BE2FF7F0A243BF87A.e.12971"}]}
COMMAND: GET /session/b6c10327e85db8e4472cf13987b22354/screenshot - {}
RESULT: {}
COMMAND: POST /session/b6c10327e85db8e4472cf13987b22354/element - {"using":"css selector","value":"#shell-header-logo"}
RESULT: {"using":"css selector","value":"#shell-header-logo"}
COMMAND: POST /session/b6c10327e85db8e4472cf13987b22354/element/f.76EFC1153EA5792FD1141D4CA15B46A2.d.A4CAC782160B4E2BE2FF7F0A243BF87A.e.12001/click - {}
RESULT: {}
COMMAND: GET /session/b6c10327e85db8e4472cf13987b22354/screenshot - {}
RESULT: {}
COMMAND: POST /session/b6c10327e85db8e4472cf13987b22354/execute/sync - {"script":"<script> [299 bytes]","args":[["getModel","getResource"]]}
RESULT: {"script":"<script> [299 bytes]","args":[["getModel","getResource"]]}
]]></system-out>
    </testcase>
  </testsuite>
</testsuites>