<?xml version="1.0" encoding="UTF-8"?>
<testsuites tests="49" failures="0" errors="0" skipped="0">
  <testsuite timestamp="2025-05-14T15:22:19" time="2075.58" tests="49" failures="0" errors="0" skipped="0">
    <properties>
      <property name="specId" value="0" />
      <property name="suiteName" value="Sanity Tests US104253" />
      <property name="capabilities" value="chrome.136_0_7103_93.windows" />
      <property name="file" value="file:///D:/a/1/s/test/specs/General/sanity.spec.js" />
    </properties>
    <testcase classname="chrome.136_0_7103_93.windows.Sanity_Tests_US104253" name="Should open Manage Partners page" time="50.556">
      <system-out><![CDATA[
COMMAND: POST /session/7321aecb2a857135ec5c3072eb60d4c6/execute/async - {"script":"<script> [1562 bytes]","args":[{"selector":{"controlType":"sap.m.GenericTile","properties":{"header":"Manage Partners"}},"wdio_ui5_key":"sapm.GenericTile{\"header\":\"Manage Partners\"}"}]}
RESULT: {"script":"<script> [1562 bytes]","args":[{"selector":{"controlType":"sap.m.GenericTile","properties":{"header":"Manage Partners"}},"wdio_ui5_key":"sapm.GenericTile{\"header\":\"Manage Partners\"}"}]}
RESULT: undefined
COMMAND: POST /session/7321aecb2a857135ec5c3072eb60d4c6/element - {"using":"xpath","value":"//*[@id=\"__tile38\"]"}
RESULT: {"using":"xpath","value":"//*[@id=\"__tile38\"]"}
COMMAND: POST /session/7321aecb2a857135ec5c3072eb60d4c6/element/f.EB9C1B08A199D375CD0759B34D3D4CE8.d.6D2263C4F7012AEDC4443528AE388441.e.115/click - {}
RESULT: {}
COMMAND: GET /session/7321aecb2a857135ec5c3072eb60d4c6/screenshot - {}
RESULT: {}
COMMAND: POST /session/7321aecb2a857135ec5c3072eb60d4c6/elements - {"using":"xpath","value":"//span[text()='Error']"}
RESULT: {"using":"xpath","value":"//span[text()='Error']"}
RESULT: undefined
COMMAND: POST /session/7321aecb2a857135ec5c3072eb60d4c6/element - {"using":"xpath","value":"//*[@id=\"__tile38\"]"}
RESULT: {"using":"xpath","value":"//*[@id=\"__tile38\"]"}
COMMAND: POST /session/7321aecb2a857135ec5c3072eb60d4c6/element/f.EB9C1B08A199D375CD0759B34D3D4CE8.d.6D2263C4F7012AEDC4443528AE388441.e.115/click - {}
RESULT: undefined
COMMAND: POST /session/7321aecb2a857135ec5c3072eb60d4c6/element - {"using":"xpath","value":"//*[@id=\"__tile38\"]"}
RESULT: {"using":"xpath","value":"//*[@id=\"__tile38\"]"}
COMMAND: POST /session/7321aecb2a857135ec5c3072eb60d4c6/element/f.EB9C1B08A199D375CD0759B34D3D4CE8.d.6D2263C4F7012AEDC4443528AE388441.e.115/click - {}
COMMAND: POST /session/7321aecb2a857135ec5c3072eb60d4c6/execute/async - {"script":"<script> [1562 bytes]","args":[{"selector":{"id":"shellAppTitle"},"wdio_ui5_key":"shellAppTitle"}]}
RESULT: {"script":"<script> [1562 bytes]","args":[{"selector":{"id":"shellAppTitle"},"wdio_ui5_key":"shellAppTitle"}]}
RESULT: undefined
COMMAND: POST /session/7321aecb2a857135ec5c3072eb60d4c6/execute/async - {"script":"<script> [6424 bytes]","args":[{"element-6066-11e4-a52e-4f735466cecf":"f.EB9C1B08A199D375CD0759B34D3D4CE8.d.6D2263C4F7012AEDC4443528AE388441.e.287"},"getTitle",[]]}
RESULT: {"script":"<script> [6424 bytes]","args":[{"element-6066-11e4-a52e-4f735466cecf":"f.EB9C1B08A199D375CD0759B34D3D4CE8.d.6D2263C4F7012AEDC4443528AE388441.e.287"},"getTitle",[]]}
COMMAND: POST /session/7321aecb2a857135ec5c3072eb60d4c6/execute/async - {"script":"<script> [1562 bytes]","args":[{"selector":{"id":"backBtn"},"wdio_ui5_key":"backBtn"}]}
RESULT: {"script":"<script> [1562 bytes]","args":[{"selector":{"id":"backBtn"},"wdio_ui5_key":"backBtn"}]}
RESULT: undefined
COMMAND: POST /session/7321aecb2a857135ec5c3072eb60d4c6/element - {"using":"xpath","value":"//*[@id=\"backBtn\"]"}
RESULT: {"using":"xpath","value":"//*[@id=\"backBtn\"]"}
COMMAND: POST /session/7321aecb2a857135ec5c3072eb60d4c6/element/f.EB9C1B08A199D375CD0759B34D3D4CE8.d.6D2263C4F7012AEDC4443528AE388441.e.288/click - {}
RESULT: {}
COMMAND: GET /session/7321aecb2a857135ec5c3072eb60d4c6/screenshot - {}
RESULT: {}
]]></system-out>
    </testcase>
    <testcase classname="chrome.136_0_7103_93.windows.Sanity_Tests_US104253" name="Should open Manage Sites page" time="38.949">
      <system-out><![CDATA[
COMMAND: POST /session/7321aecb2a857135ec5c3072eb60d4c6/execute/async - {"script":"<script> [1562 bytes]","args":[{"selector":{"controlType":"sap.m.GenericTile","properties":{"header":"Manage Sites"}},"wdio_ui5_key":"sapm.GenericTile{\"header\":\"Manage Sites\"}"}]}
RESULT: {"script":"<script> [1562 bytes]","args":[{"selector":{"controlType":"sap.m.GenericTile","properties":{"header":"Manage Sites"}},"wdio_ui5_key":"sapm.GenericTile{\"header\":\"Manage Sites\"}"}]}
RESULT: undefined
COMMAND: POST /session/7321aecb2a857135ec5c3072eb60d4c6/element - {"using":"xpath","value":"//*[@id=\"__tile40\"]"}
RESULT: {"using":"xpath","value":"//*[@id=\"__tile40\"]"}
COMMAND: POST /session/7321aecb2a857135ec5c3072eb60d4c6/element/f.EB9C1B08A199D375CD0759B34D3D4CE8.d.6D2263C4F7012AEDC4443528AE388441.e.290/click - {}
RESULT: {}
COMMAND: GET /session/7321aecb2a857135ec5c3072eb60d4c6/screenshot - {}
RESULT: {}
COMMAND: POST /session/7321aecb2a857135ec5c3072eb60d4c6/elements - {"using":"xpath","value":"//span[text()='Error']"}
RESULT: {"using":"xpath","value":"//span[text()='Error']"}
RESULT: undefined
COMMAND: POST /session/7321aecb2a857135ec5c3072eb60d4c6/element - {"using":"xpath","value":"//*[@id=\"__tile40\"]"}
RESULT: {"using":"xpath","value":"//*[@id=\"__tile40\"]"}
COMMAND: POST /session/7321aecb2a857135ec5c3072eb60d4c6/element/f.EB9C1B08A199D375CD0759B34D3D4CE8.d.6D2263C4F7012AEDC4443528AE388441.e.290/click - {}
RESULT: undefined
COMMAND: POST /session/7321aecb2a857135ec5c3072eb60d4c6/element - {"using":"xpath","value":"//*[@id=\"__tile40\"]"}
RESULT: {"using":"xpath","value":"//*[@id=\"__tile40\"]"}
COMMAND: POST /session/7321aecb2a857135ec5c3072eb60d4c6/element/f.EB9C1B08A199D375CD0759B34D3D4CE8.d.6D2263C4F7012AEDC4443528AE388441.e.290/click - {}
RESULT: undefined
COMMAND: POST /session/7321aecb2a857135ec5c3072eb60d4c6/execute/async - {"script":"<script> [6424 bytes]","args":[{"element-6066-11e4-a52e-4f735466cecf":"f.EB9C1B08A199D375CD0759B34D3D4CE8.d.6D2263C4F7012AEDC4443528AE388441.e.287"},"getTitle",[]]}
COMMAND: POST /session/7321aecb2a857135ec5c3072eb60d4c6/execute/async - {"script":"<script> [1562 bytes]","args":[{"selector":{"id":"shellAppTitle"},"wdio_ui5_key":"shellAppTitle"}]}
RESULT: {"script":"<script> [1562 bytes]","args":[{"selector":{"id":"shellAppTitle"},"wdio_ui5_key":"shellAppTitle"}]}
COMMAND: POST /session/7321aecb2a857135ec5c3072eb60d4c6/execute/async - {"script":"<script> [6424 bytes]","args":[{"element-6066-11e4-a52e-4f735466cecf":"f.EB9C1B08A199D375CD0759B34D3D4CE8.d.6D2263C4F7012AEDC4443528AE388441.e.478"},"getTitle",[]]}
RESULT: {"script":"<script> [6424 bytes]","args":[{"element-6066-11e4-a52e-4f735466cecf":"f.EB9C1B08A199D375CD0759B34D3D4CE8.d.6D2263C4F7012AEDC4443528AE388441.e.478"},"getTitle",[]]}
RESULT: undefined
COMMAND: POST /session/7321aecb2a857135ec5c3072eb60d4c6/element/f.EB9C1B08A199D375CD0759B34D3D4CE8.d.6D2263C4F7012AEDC4443528AE388441.e.288/click - {}
RESULT: {}
COMMAND: GET /session/7321aecb2a857135ec5c3072eb60d4c6/screenshot - {}
RESULT: {}
]]></system-out>
    </testcase>
    <testcase classname="chrome.136_0_7103_93.windows.Sanity_Tests_US104253" name="Should open Manage Resources page" time="40.877">
      <system-out><![CDATA[
COMMAND: POST /session/7321aecb2a857135ec5c3072eb60d4c6/execute/async - {"script":"<script> [1562 bytes]","args":[{"selector":{"controlType":"sap.m.GenericTile","properties":{"header":"Manage Resources"}},"wdio_ui5_key":"sapm.GenericTile{\"header\":\"Manage Resources\"}"}]}
RESULT: {"script":"<script> [1562 bytes]","args":[{"selector":{"controlType":"sap.m.GenericTile","properties":{"header":"Manage Resources"}},"wdio_ui5_key":"sapm.GenericTile{\"header\":\"Manage Resources\"}"}]}
RESULT: undefined
COMMAND: POST /session/7321aecb2a857135ec5c3072eb60d4c6/element - {"using":"xpath","value":"//*[@id=\"__tile39\"]"}
RESULT: {"using":"xpath","value":"//*[@id=\"__tile39\"]"}
COMMAND: POST /session/7321aecb2a857135ec5c3072eb60d4c6/element/f.EB9C1B08A199D375CD0759B34D3D4CE8.d.6D2263C4F7012AEDC4443528AE388441.e.480/click - {}
RESULT: {}
COMMAND: GET /session/7321aecb2a857135ec5c3072eb60d4c6/screenshot - {}
RESULT: {}
COMMAND: POST /session/7321aecb2a857135ec5c3072eb60d4c6/elements - {"using":"xpath","value":"//span[text()='Error']"}
RESULT: {"using":"xpath","value":"//span[text()='Error']"}
RESULT: undefined
COMMAND: POST /session/7321aecb2a857135ec5c3072eb60d4c6/element - {"using":"xpath","value":"//*[@id=\"__tile39\"]"}
RESULT: {"using":"xpath","value":"//*[@id=\"__tile39\"]"}
COMMAND: POST /session/7321aecb2a857135ec5c3072eb60d4c6/element/f.EB9C1B08A199D375CD0759B34D3D4CE8.d.6D2263C4F7012AEDC4443528AE388441.e.480/click - {}
RESULT: undefined
COMMAND: POST /session/7321aecb2a857135ec5c3072eb60d4c6/element - {"using":"xpath","value":"//*[@id=\"__tile39\"]"}
RESULT: {"using":"xpath","value":"//*[@id=\"__tile39\"]"}
COMMAND: POST /session/7321aecb2a857135ec5c3072eb60d4c6/element/f.EB9C1B08A199D375CD0759B34D3D4CE8.d.6D2263C4F7012AEDC4443528AE388441.e.480/click - {}
RESULT: undefined
COMMAND: POST /session/7321aecb2a857135ec5c3072eb60d4c6/execute/async - {"script":"<script> [6424 bytes]","args":[{"element-6066-11e4-a52e-4f735466cecf":"f.EB9C1B08A199D375CD0759B34D3D4CE8.d.6D2263C4F7012AEDC4443528AE388441.e.287"},"getTitle",[]]}
COMMAND: POST /session/7321aecb2a857135ec5c3072eb60d4c6/execute/async - {"script":"<script> [1562 bytes]","args":[{"selector":{"id":"shellAppTitle"},"wdio_ui5_key":"shellAppTitle"}]}
RESULT: {"script":"<script> [1562 bytes]","args":[{"selector":{"id":"shellAppTitle"},"wdio_ui5_key":"shellAppTitle"}]}
COMMAND: POST /session/7321aecb2a857135ec5c3072eb60d4c6/execute/async - {"script":"<script> [6424 bytes]","args":[{"element-6066-11e4-a52e-4f735466cecf":"f.EB9C1B08A199D375CD0759B34D3D4CE8.d.6D2263C4F7012AEDC4443528AE388441.e.652"},"getTitle",[]]}
RESULT: {"script":"<script> [6424 bytes]","args":[{"element-6066-11e4-a52e-4f735466cecf":"f.EB9C1B08A199D375CD0759B34D3D4CE8.d.6D2263C4F7012AEDC4443528AE388441.e.652"},"getTitle",[]]}
RESULT: undefined
COMMAND: POST /session/7321aecb2a857135ec5c3072eb60d4c6/element/f.EB9C1B08A199D375CD0759B34D3D4CE8.d.6D2263C4F7012AEDC4443528AE388441.e.288/click - {}
COMMAND: POST /session/7321aecb2a857135ec5c3072eb60d4c6/element - {"using":"xpath","value":"//*[@id=\"backBtn\"]"}
RESULT: {"using":"xpath","value":"//*[@id=\"backBtn\"]"}
COMMAND: POST /session/7321aecb2a857135ec5c3072eb60d4c6/element/f.EB9C1B08A199D375CD0759B34D3D4CE8.d.6D2263C4F7012AEDC4443528AE388441.e.288/click - {}
COMMAND: POST /session/7321aecb2a857135ec5c3072eb60d4c6/element - {"using":"xpath","value":"//*[@id=\"backBtn\"]"}
RESULT: {"using":"xpath","value":"//*[@id=\"backBtn\"]"}
COMMAND: POST /session/7321aecb2a857135ec5c3072eb60d4c6/element/f.EB9C1B08A199D375CD0759B34D3D4CE8.d.6D2263C4F7012AEDC4443528AE388441.e.653/click - {}
RESULT: {}
COMMAND: GET /session/7321aecb2a857135ec5c3072eb60d4c6/screenshot - {}
RESULT: {}
]]></system-out>
    </testcase>
    <testcase classname="chrome.136_0_7103_93.windows.Sanity_Tests_US104253" name="Should open Manage Catalogs page" time="37.808">
      <system-out><![CDATA[
COMMAND: POST /session/7321aecb2a857135ec5c3072eb60d4c6/execute/async - {"script":"<script> [1562 bytes]","args":[{"selector":{"controlType":"sap.m.GenericTile","properties":{"header":"Manage Catalogs"}},"wdio_ui5_key":"sapm.GenericTile{\"header\":\"Manage Catalogs\"}"}]}
RESULT: {"script":"<script> [1562 bytes]","args":[{"selector":{"controlType":"sap.m.GenericTile","properties":{"header":"Manage Catalogs"}},"wdio_ui5_key":"sapm.GenericTile{\"header\":\"Manage Catalogs\"}"}]}
RESULT: undefined
COMMAND: POST /session/7321aecb2a857135ec5c3072eb60d4c6/element - {"using":"xpath","value":"//*[@id=\"__tile37\"]"}
RESULT: {"using":"xpath","value":"//*[@id=\"__tile37\"]"}
COMMAND: POST /session/7321aecb2a857135ec5c3072eb60d4c6/element/f.EB9C1B08A199D375CD0759B34D3D4CE8.d.6D2263C4F7012AEDC4443528AE388441.e.655/click - {}
RESULT: {}
COMMAND: GET /session/7321aecb2a857135ec5c3072eb60d4c6/screenshot - {}
RESULT: {}
COMMAND: POST /session/7321aecb2a857135ec5c3072eb60d4c6/elements - {"using":"xpath","value":"//span[text()='Error']"}
RESULT: {"using":"xpath","value":"//span[text()='Error']"}
RESULT: undefined
COMMAND: POST /session/7321aecb2a857135ec5c3072eb60d4c6/element - {"using":"xpath","value":"//*[@id=\"__tile37\"]"}
RESULT: {"using":"xpath","value":"//*[@id=\"__tile37\"]"}
COMMAND: POST /session/7321aecb2a857135ec5c3072eb60d4c6/element/f.EB9C1B08A199D375CD0759B34D3D4CE8.d.6D2263C4F7012AEDC4443528AE388441.e.655/click - {}
RESULT: undefined
COMMAND: POST /session/7321aecb2a857135ec5c3072eb60d4c6/element - {"using":"xpath","value":"//*[@id=\"__tile37\"]"}
RESULT: {"using":"xpath","value":"//*[@id=\"__tile37\"]"}
COMMAND: POST /session/7321aecb2a857135ec5c3072eb60d4c6/element/f.EB9C1B08A199D375CD0759B34D3D4CE8.d.6D2263C4F7012AEDC4443528AE388441.e.655/click - {}
RESULT: undefined
COMMAND: POST /session/7321aecb2a857135ec5c3072eb60d4c6/execute/async - {"script":"<script> [6424 bytes]","args":[{"element-6066-11e4-a52e-4f735466cecf":"f.EB9C1B08A199D375CD0759B34D3D4CE8.d.6D2263C4F7012AEDC4443528AE388441.e.287"},"getTitle",[]]}
COMMAND: POST /session/7321aecb2a857135ec5c3072eb60d4c6/execute/async - {"script":"<script> [1562 bytes]","args":[{"selector":{"id":"shellAppTitle"},"wdio_ui5_key":"shellAppTitle"}]}
RESULT: {"script":"<script> [1562 bytes]","args":[{"selector":{"id":"shellAppTitle"},"wdio_ui5_key":"shellAppTitle"}]}
COMMAND: POST /session/7321aecb2a857135ec5c3072eb60d4c6/execute/async - {"script":"<script> [6424 bytes]","args":[{"element-6066-11e4-a52e-4f735466cecf":"f.EB9C1B08A199D375CD0759B34D3D4CE8.d.6D2263C4F7012AEDC4443528AE388441.e.768"},"getTitle",[]]}
RESULT: {"script":"<script> [6424 bytes]","args":[{"element-6066-11e4-a52e-4f735466cecf":"f.EB9C1B08A199D375CD0759B34D3D4CE8.d.6D2263C4F7012AEDC4443528AE388441.e.768"},"getTitle",[]]}
RESULT: undefined
COMMAND: POST /session/7321aecb2a857135ec5c3072eb60d4c6/element/f.EB9C1B08A199D375CD0759B34D3D4CE8.d.6D2263C4F7012AEDC4443528AE388441.e.653/click - {}
RESULT: {}
COMMAND: GET /session/7321aecb2a857135ec5c3072eb60d4c6/screenshot - {}
RESULT: {}
]]></system-out>
    </testcase>
    <testcase classname="chrome.136_0_7103_93.windows.Sanity_Tests_US104253" name="Should open Manage Calendars page" time="40.122">
      <system-out><![CDATA[
COMMAND: POST /session/7321aecb2a857135ec5c3072eb60d4c6/execute/async - {"script":"<script> [1562 bytes]","args":[{"selector":{"controlType":"sap.m.GenericTile","properties":{"header":"Manage Calendars"}},"wdio_ui5_key":"sapm.GenericTile{\"header\":\"Manage Calendars\"}"}]}
RESULT: {"script":"<script> [1562 bytes]","args":[{"selector":{"controlType":"sap.m.GenericTile","properties":{"header":"Manage Calendars"}},"wdio_ui5_key":"sapm.GenericTile{\"header\":\"Manage Calendars\"}"}]}
RESULT: undefined
COMMAND: POST /session/7321aecb2a857135ec5c3072eb60d4c6/element - {"using":"xpath","value":"//*[@id=\"__tile36\"]"}
RESULT: {"using":"xpath","value":"//*[@id=\"__tile36\"]"}
COMMAND: POST /session/7321aecb2a857135ec5c3072eb60d4c6/element/f.EB9C1B08A199D375CD0759B34D3D4CE8.d.6D2263C4F7012AEDC4443528AE388441.e.770/click - {}
RESULT: {}
COMMAND: GET /session/7321aecb2a857135ec5c3072eb60d4c6/screenshot - {}
RESULT: {}
COMMAND: POST /session/7321aecb2a857135ec5c3072eb60d4c6/elements - {"using":"xpath","value":"//span[text()='Error']"}
RESULT: {"using":"xpath","value":"//span[text()='Error']"}
RESULT: undefined
COMMAND: POST /session/7321aecb2a857135ec5c3072eb60d4c6/element - {"using":"xpath","value":"//*[@id=\"__tile36\"]"}
RESULT: {"using":"xpath","value":"//*[@id=\"__tile36\"]"}
COMMAND: POST /session/7321aecb2a857135ec5c3072eb60d4c6/element/f.EB9C1B08A199D375CD0759B34D3D4CE8.d.6D2263C4F7012AEDC4443528AE388441.e.770/click - {}
RESULT: undefined
COMMAND: POST /session/7321aecb2a857135ec5c3072eb60d4c6/element - {"using":"xpath","value":"//*[@id=\"__tile36\"]"}
RESULT: {"using":"xpath","value":"//*[@id=\"__tile36\"]"}
COMMAND: POST /session/7321aecb2a857135ec5c3072eb60d4c6/element/f.EB9C1B08A199D375CD0759B34D3D4CE8.d.6D2263C4F7012AEDC4443528AE388441.e.770/click - {}
RESULT: undefined
COMMAND: POST /session/7321aecb2a857135ec5c3072eb60d4c6/execute/async - {"script":"<script> [6424 bytes]","args":[{"element-6066-11e4-a52e-4f735466cecf":"f.EB9C1B08A199D375CD0759B34D3D4CE8.d.6D2263C4F7012AEDC4443528AE388441.e.287"},"getTitle",[]]}
COMMAND: POST /session/7321aecb2a857135ec5c3072eb60d4c6/execute/async - {"script":"<script> [1562 bytes]","args":[{"selector":{"id":"shellAppTitle"},"wdio_ui5_key":"shellAppTitle"}]}
RESULT: {"script":"<script> [1562 bytes]","args":[{"selector":{"id":"shellAppTitle"},"wdio_ui5_key":"shellAppTitle"}]}
COMMAND: POST /session/7321aecb2a857135ec5c3072eb60d4c6/execute/async - {"script":"<script> [6424 bytes]","args":[{"element-6066-11e4-a52e-4f735466cecf":"f.EB9C1B08A199D375CD0759B34D3D4CE8.d.6D2263C4F7012AEDC4443528AE388441.e.852"},"getTitle",[]]}
RESULT: {"script":"<script> [6424 bytes]","args":[{"element-6066-11e4-a52e-4f735466cecf":"f.EB9C1B08A199D375CD0759B34D3D4CE8.d.6D2263C4F7012AEDC4443528AE388441.e.852"},"getTitle",[]]}
RESULT: undefined
COMMAND: POST /session/7321aecb2a857135ec5c3072eb60d4c6/element/f.EB9C1B08A199D375CD0759B34D3D4CE8.d.6D2263C4F7012AEDC4443528AE388441.e.653/click - {}
COMMAND: POST /session/7321aecb2a857135ec5c3072eb60d4c6/element - {"using":"xpath","value":"//*[@id=\"backBtn\"]"}
RESULT: {"using":"xpath","value":"//*[@id=\"backBtn\"]"}
COMMAND: POST /session/7321aecb2a857135ec5c3072eb60d4c6/element/f.EB9C1B08A199D375CD0759B34D3D4CE8.d.6D2263C4F7012AEDC4443528AE388441.e.653/click - {}
COMMAND: POST /session/7321aecb2a857135ec5c3072eb60d4c6/element - {"using":"xpath","value":"//*[@id=\"backBtn\"]"}
RESULT: {"using":"xpath","value":"//*[@id=\"backBtn\"]"}
COMMAND: POST /session/7321aecb2a857135ec5c3072eb60d4c6/element/f.EB9C1B08A199D375CD0759B34D3D4CE8.d.6D2263C4F7012AEDC4443528AE388441.e.853/click - {}
RESULT: {}
COMMAND: GET /session/7321aecb2a857135ec5c3072eb60d4c6/screenshot - {}
RESULT: {}
]]></system-out>
    </testcase>
    <testcase classname="chrome.136_0_7103_93.windows.Sanity_Tests_US104253" name="Should open Address Management page" time="46.29">
      <system-out><![CDATA[
COMMAND: POST /session/7321aecb2a857135ec5c3072eb60d4c6/execute/async - {"script":"<script> [1562 bytes]","args":[{"selector":{"controlType":"sap.m.GenericTile","properties":{"header":"Address Management"}},"wdio_ui5_key":"sapm.GenericTile{\"header\":\"Address Management\"}"}]}
RESULT: {"script":"<script> [1562 bytes]","args":[{"selector":{"controlType":"sap.m.GenericTile","properties":{"header":"Address Management"}},"wdio_ui5_key":"sapm.GenericTile{\"header\":\"Address Management\"}"}]}
RESULT: undefined
COMMAND: POST /session/7321aecb2a857135ec5c3072eb60d4c6/element - {"using":"xpath","value":"//*[@id=\"__tile33\"]"}
RESULT: {"using":"xpath","value":"//*[@id=\"__tile33\"]"}
COMMAND: POST /session/7321aecb2a857135ec5c3072eb60d4c6/element/f.EB9C1B08A199D375CD0759B34D3D4CE8.d.6D2263C4F7012AEDC4443528AE388441.e.855/click - {}
RESULT: {}
COMMAND: GET /session/7321aecb2a857135ec5c3072eb60d4c6/screenshot - {}
RESULT: {}
COMMAND: POST /session/7321aecb2a857135ec5c3072eb60d4c6/elements - {"using":"xpath","value":"//span[text()='Error']"}
RESULT: {"using":"xpath","value":"//span[text()='Error']"}
RESULT: undefined
COMMAND: POST /session/7321aecb2a857135ec5c3072eb60d4c6/element - {"using":"xpath","value":"//*[@id=\"__tile33\"]"}
RESULT: {"using":"xpath","value":"//*[@id=\"__tile33\"]"}
COMMAND: POST /session/7321aecb2a857135ec5c3072eb60d4c6/element/f.EB9C1B08A199D375CD0759B34D3D4CE8.d.6D2263C4F7012AEDC4443528AE388441.e.855/click - {}
RESULT: undefined
COMMAND: POST /session/7321aecb2a857135ec5c3072eb60d4c6/element - {"using":"xpath","value":"//*[@id=\"__tile33\"]"}
RESULT: {"using":"xpath","value":"//*[@id=\"__tile33\"]"}
COMMAND: POST /session/7321aecb2a857135ec5c3072eb60d4c6/element/f.EB9C1B08A199D375CD0759B34D3D4CE8.d.6D2263C4F7012AEDC4443528AE388441.e.855/click - {}
RESULT: undefined
COMMAND: POST /session/7321aecb2a857135ec5c3072eb60d4c6/execute/async - {"script":"<script> [6424 bytes]","args":[{"element-6066-11e4-a52e-4f735466cecf":"f.EB9C1B08A199D375CD0759B34D3D4CE8.d.6D2263C4F7012AEDC4443528AE388441.e.287"},"getTitle",[]]}
COMMAND: POST /session/7321aecb2a857135ec5c3072eb60d4c6/execute/async - {"script":"<script> [1562 bytes]","args":[{"selector":{"id":"shellAppTitle"},"wdio_ui5_key":"shellAppTitle"}]}
RESULT: {"script":"<script> [1562 bytes]","args":[{"selector":{"id":"shellAppTitle"},"wdio_ui5_key":"shellAppTitle"}]}
COMMAND: POST /session/7321aecb2a857135ec5c3072eb60d4c6/execute/async - {"script":"<script> [6424 bytes]","args":[{"element-6066-11e4-a52e-4f735466cecf":"f.EB9C1B08A199D375CD0759B34D3D4CE8.d.6D2263C4F7012AEDC4443528AE388441.e.1049"},"getTitle",[]]}
RESULT: {"script":"<script> [6424 bytes]","args":[{"element-6066-11e4-a52e-4f735466cecf":"f.EB9C1B08A199D375CD0759B34D3D4CE8.d.6D2263C4F7012AEDC4443528AE388441.e.1049"},"getTitle",[]]}
RESULT: undefined
COMMAND: POST /session/7321aecb2a857135ec5c3072eb60d4c6/element/f.EB9C1B08A199D375CD0759B34D3D4CE8.d.6D2263C4F7012AEDC4443528AE388441.e.853/click - {}
RESULT: {}
COMMAND: GET /session/7321aecb2a857135ec5c3072eb60d4c6/screenshot - {}
RESULT: {}
]]></system-out>
    </testcase>
    <testcase classname="chrome.136_0_7103_93.windows.Sanity_Tests_US104253" name="Should open Bill Of Resources page" time="38.062">
      <system-out><![CDATA[
COMMAND: POST /session/7321aecb2a857135ec5c3072eb60d4c6/execute/async - {"script":"<script> [1562 bytes]","args":[{"selector":{"controlType":"sap.m.GenericTile","properties":{"header":"Bill Of Resources"}},"wdio_ui5_key":"sapm.GenericTile{\"header\":\"Bill Of Resources\"}"}]}
RESULT: {"script":"<script> [1562 bytes]","args":[{"selector":{"controlType":"sap.m.GenericTile","properties":{"header":"Bill Of Resources"}},"wdio_ui5_key":"sapm.GenericTile{\"header\":\"Bill Of Resources\"}"}]}
RESULT: undefined
COMMAND: POST /session/7321aecb2a857135ec5c3072eb60d4c6/element - {"using":"xpath","value":"//*[@id=\"__tile34\"]"}
RESULT: {"using":"xpath","value":"//*[@id=\"__tile34\"]"}
COMMAND: POST /session/7321aecb2a857135ec5c3072eb60d4c6/element/f.EB9C1B08A199D375CD0759B34D3D4CE8.d.6D2263C4F7012AEDC4443528AE388441.e.1051/click - {}
RESULT: {}
COMMAND: GET /session/7321aecb2a857135ec5c3072eb60d4c6/screenshot - {}
RESULT: {}
COMMAND: POST /session/7321aecb2a857135ec5c3072eb60d4c6/elements - {"using":"xpath","value":"//span[text()='Error']"}
RESULT: {"using":"xpath","value":"//span[text()='Error']"}
RESULT: undefined
COMMAND: POST /session/7321aecb2a857135ec5c3072eb60d4c6/element - {"using":"xpath","value":"//*[@id=\"__tile34\"]"}
RESULT: {"using":"xpath","value":"//*[@id=\"__tile34\"]"}
COMMAND: POST /session/7321aecb2a857135ec5c3072eb60d4c6/element/f.EB9C1B08A199D375CD0759B34D3D4CE8.d.6D2263C4F7012AEDC4443528AE388441.e.1051/click - {}
RESULT: undefined
COMMAND: POST /session/7321aecb2a857135ec5c3072eb60d4c6/element - {"using":"xpath","value":"//*[@id=\"__tile34\"]"}
RESULT: {"using":"xpath","value":"//*[@id=\"__tile34\"]"}
COMMAND: POST /session/7321aecb2a857135ec5c3072eb60d4c6/element/f.EB9C1B08A199D375CD0759B34D3D4CE8.d.6D2263C4F7012AEDC4443528AE388441.e.1051/click - {}
RESULT: undefined
COMMAND: POST /session/7321aecb2a857135ec5c3072eb60d4c6/execute/async - {"script":"<script> [6424 bytes]","args":[{"element-6066-11e4-a52e-4f735466cecf":"f.EB9C1B08A199D375CD0759B34D3D4CE8.d.6D2263C4F7012AEDC4443528AE388441.e.287"},"getTitle",[]]}
COMMAND: POST /session/7321aecb2a857135ec5c3072eb60d4c6/execute/async - {"script":"<script> [1562 bytes]","args":[{"selector":{"id":"shellAppTitle"},"wdio_ui5_key":"shellAppTitle"}]}
RESULT: {"script":"<script> [1562 bytes]","args":[{"selector":{"id":"shellAppTitle"},"wdio_ui5_key":"shellAppTitle"}]}
COMMAND: POST /session/7321aecb2a857135ec5c3072eb60d4c6/execute/async - {"script":"<script> [6424 bytes]","args":[{"element-6066-11e4-a52e-4f735466cecf":"f.EB9C1B08A199D375CD0759B34D3D4CE8.d.6D2263C4F7012AEDC4443528AE388441.e.1131"},"getTitle",[]]}
RESULT: {"script":"<script> [6424 bytes]","args":[{"element-6066-11e4-a52e-4f735466cecf":"f.EB9C1B08A199D375CD0759B34D3D4CE8.d.6D2263C4F7012AEDC4443528AE388441.e.1131"},"getTitle",[]]}
RESULT: undefined
COMMAND: POST /session/7321aecb2a857135ec5c3072eb60d4c6/element/f.EB9C1B08A199D375CD0759B34D3D4CE8.d.6D2263C4F7012AEDC4443528AE388441.e.853/click - {}
COMMAND: POST /session/7321aecb2a857135ec5c3072eb60d4c6/element - {"using":"xpath","value":"//*[@id=\"backBtn\"]"}
RESULT: {"using":"xpath","value":"//*[@id=\"backBtn\"]"}
COMMAND: POST /session/7321aecb2a857135ec5c3072eb60d4c6/element/f.EB9C1B08A199D375CD0759B34D3D4CE8.d.6D2263C4F7012AEDC4443528AE388441.e.853/click - {}
COMMAND: POST /session/7321aecb2a857135ec5c3072eb60d4c6/element - {"using":"xpath","value":"//*[@id=\"backBtn\"]"}
RESULT: {"using":"xpath","value":"//*[@id=\"backBtn\"]"}
COMMAND: POST /session/7321aecb2a857135ec5c3072eb60d4c6/element/f.EB9C1B08A199D375CD0759B34D3D4CE8.d.6D2263C4F7012AEDC4443528AE388441.e.1132/click - {}
RESULT: {}
COMMAND: GET /session/7321aecb2a857135ec5c3072eb60d4c6/screenshot - {}
RESULT: {}
]]></system-out>
    </testcase>
    <testcase classname="chrome.136_0_7103_93.windows.Sanity_Tests_US104253" name="Should open Manage Yards page" time="38.822">
      <system-out><![CDATA[
COMMAND: POST /session/7321aecb2a857135ec5c3072eb60d4c6/execute/async - {"script":"<script> [1562 bytes]","args":[{"selector":{"controlType":"sap.m.GenericTile","properties":{"header":"Manage Yards"}},"wdio_ui5_key":"sapm.GenericTile{\"header\":\"Manage Yards\"}"}]}
RESULT: {"script":"<script> [1562 bytes]","args":[{"selector":{"controlType":"sap.m.GenericTile","properties":{"header":"Manage Yards"}},"wdio_ui5_key":"sapm.GenericTile{\"header\":\"Manage Yards\"}"}]}
RESULT: undefined
COMMAND: POST /session/7321aecb2a857135ec5c3072eb60d4c6/element - {"using":"xpath","value":"//*[@id=\"__tile41\"]"}
RESULT: {"using":"xpath","value":"//*[@id=\"__tile41\"]"}
COMMAND: POST /session/7321aecb2a857135ec5c3072eb60d4c6/element/f.EB9C1B08A199D375CD0759B34D3D4CE8.d.6D2263C4F7012AEDC4443528AE388441.e.1134/click - {}
RESULT: {}
COMMAND: GET /session/7321aecb2a857135ec5c3072eb60d4c6/screenshot - {}
RESULT: {}
COMMAND: POST /session/7321aecb2a857135ec5c3072eb60d4c6/elements - {"using":"xpath","value":"//span[text()='Error']"}
RESULT: {"using":"xpath","value":"//span[text()='Error']"}
RESULT: undefined
COMMAND: POST /session/7321aecb2a857135ec5c3072eb60d4c6/element - {"using":"xpath","value":"//*[@id=\"__tile41\"]"}
RESULT: {"using":"xpath","value":"//*[@id=\"__tile41\"]"}
COMMAND: POST /session/7321aecb2a857135ec5c3072eb60d4c6/element/f.EB9C1B08A199D375CD0759B34D3D4CE8.d.6D2263C4F7012AEDC4443528AE388441.e.1134/click - {}
RESULT: undefined
COMMAND: POST /session/7321aecb2a857135ec5c3072eb60d4c6/element - {"using":"xpath","value":"//*[@id=\"__tile41\"]"}
RESULT: {"using":"xpath","value":"//*[@id=\"__tile41\"]"}
COMMAND: POST /session/7321aecb2a857135ec5c3072eb60d4c6/element/f.EB9C1B08A199D375CD0759B34D3D4CE8.d.6D2263C4F7012AEDC4443528AE388441.e.1134/click - {}
RESULT: undefined
COMMAND: POST /session/7321aecb2a857135ec5c3072eb60d4c6/execute/async - {"script":"<script> [6424 bytes]","args":[{"element-6066-11e4-a52e-4f735466cecf":"f.EB9C1B08A199D375CD0759B34D3D4CE8.d.6D2263C4F7012AEDC4443528AE388441.e.287"},"getTitle",[]]}
COMMAND: POST /session/7321aecb2a857135ec5c3072eb60d4c6/execute/async - {"script":"<script> [1562 bytes]","args":[{"selector":{"id":"shellAppTitle"},"wdio_ui5_key":"shellAppTitle"}]}
RESULT: {"script":"<script> [1562 bytes]","args":[{"selector":{"id":"shellAppTitle"},"wdio_ui5_key":"shellAppTitle"}]}
COMMAND: POST /session/7321aecb2a857135ec5c3072eb60d4c6/execute/async - {"script":"<script> [6424 bytes]","args":[{"element-6066-11e4-a52e-4f735466cecf":"f.EB9C1B08A199D375CD0759B34D3D4CE8.d.6D2263C4F7012AEDC4443528AE388441.e.1312"},"getTitle",[]]}
RESULT: {"script":"<script> [6424 bytes]","args":[{"element-6066-11e4-a52e-4f735466cecf":"f.EB9C1B08A199D375CD0759B34D3D4CE8.d.6D2263C4F7012AEDC4443528AE388441.e.1312"},"getTitle",[]]}
RESULT: undefined
COMMAND: POST /session/7321aecb2a857135ec5c3072eb60d4c6/element/f.EB9C1B08A199D375CD0759B34D3D4CE8.d.6D2263C4F7012AEDC4443528AE388441.e.1132/click - {}
RESULT: {}
COMMAND: GET /session/7321aecb2a857135ec5c3072eb60d4c6/screenshot - {}
RESULT: {}
]]></system-out>
    </testcase>
    <testcase classname="chrome.136_0_7103_93.windows.Sanity_Tests_US104253" name="Should open Manage Requests page" time="39.197">
      <system-out><![CDATA[
COMMAND: POST /session/7321aecb2a857135ec5c3072eb60d4c6/execute/async - {"script":"<script> [1562 bytes]","args":[{"selector":{"controlType":"sap.m.GenericTile","properties":{"header":"Manage Requests"}},"wdio_ui5_key":"sapm.GenericTile{\"header\":\"Manage Requests\"}"}]}
RESULT: {"script":"<script> [1562 bytes]","args":[{"selector":{"controlType":"sap.m.GenericTile","properties":{"header":"Manage Requests"}},"wdio_ui5_key":"sapm.GenericTile{\"header\":\"Manage Requests\"}"}]}
RESULT: undefined
COMMAND: POST /session/7321aecb2a857135ec5c3072eb60d4c6/element - {"using":"xpath","value":"//*[@id=\"__tile47\"]"}
RESULT: {"using":"xpath","value":"//*[@id=\"__tile47\"]"}
COMMAND: POST /session/7321aecb2a857135ec5c3072eb60d4c6/element/f.EB9C1B08A199D375CD0759B34D3D4CE8.d.6D2263C4F7012AEDC4443528AE388441.e.1314/click - {}
RESULT: {}
COMMAND: GET /session/7321aecb2a857135ec5c3072eb60d4c6/screenshot - {}
RESULT: {}
COMMAND: POST /session/7321aecb2a857135ec5c3072eb60d4c6/elements - {"using":"xpath","value":"//span[text()='Error']"}
RESULT: {"using":"xpath","value":"//span[text()='Error']"}
RESULT: undefined
COMMAND: POST /session/7321aecb2a857135ec5c3072eb60d4c6/element - {"using":"xpath","value":"//*[@id=\"__tile47\"]"}
RESULT: {"using":"xpath","value":"//*[@id=\"__tile47\"]"}
COMMAND: POST /session/7321aecb2a857135ec5c3072eb60d4c6/element/f.EB9C1B08A199D375CD0759B34D3D4CE8.d.6D2263C4F7012AEDC4443528AE388441.e.1314/click - {}
RESULT: undefined
COMMAND: POST /session/7321aecb2a857135ec5c3072eb60d4c6/element - {"using":"xpath","value":"//*[@id=\"__tile47\"]"}
RESULT: {"using":"xpath","value":"//*[@id=\"__tile47\"]"}
COMMAND: POST /session/7321aecb2a857135ec5c3072eb60d4c6/element/f.EB9C1B08A199D375CD0759B34D3D4CE8.d.6D2263C4F7012AEDC4443528AE388441.e.1314/click - {}
RESULT: undefined
COMMAND: POST /session/7321aecb2a857135ec5c3072eb60d4c6/execute/async - {"script":"<script> [6424 bytes]","args":[{"element-6066-11e4-a52e-4f735466cecf":"f.EB9C1B08A199D375CD0759B34D3D4CE8.d.6D2263C4F7012AEDC4443528AE388441.e.287"},"getTitle",[]]}
COMMAND: POST /session/7321aecb2a857135ec5c3072eb60d4c6/execute/async - {"script":"<script> [1562 bytes]","args":[{"selector":{"id":"shellAppTitle"},"wdio_ui5_key":"shellAppTitle"}]}
RESULT: {"script":"<script> [1562 bytes]","args":[{"selector":{"id":"shellAppTitle"},"wdio_ui5_key":"shellAppTitle"}]}
COMMAND: POST /session/7321aecb2a857135ec5c3072eb60d4c6/execute/async - {"script":"<script> [6424 bytes]","args":[{"element-6066-11e4-a52e-4f735466cecf":"f.EB9C1B08A199D375CD0759B34D3D4CE8.d.6D2263C4F7012AEDC4443528AE388441.e.1413"},"getTitle",[]]}
RESULT: {"script":"<script> [6424 bytes]","args":[{"element-6066-11e4-a52e-4f735466cecf":"f.EB9C1B08A199D375CD0759B34D3D4CE8.d.6D2263C4F7012AEDC4443528AE388441.e.1413"},"getTitle",[]]}
RESULT: undefined
COMMAND: POST /session/7321aecb2a857135ec5c3072eb60d4c6/element/f.EB9C1B08A199D375CD0759B34D3D4CE8.d.6D2263C4F7012AEDC4443528AE388441.e.1132/click - {}
COMMAND: POST /session/7321aecb2a857135ec5c3072eb60d4c6/element - {"using":"xpath","value":"//*[@id=\"backBtn\"]"}
RESULT: {"using":"xpath","value":"//*[@id=\"backBtn\"]"}
COMMAND: POST /session/7321aecb2a857135ec5c3072eb60d4c6/element/f.EB9C1B08A199D375CD0759B34D3D4CE8.d.6D2263C4F7012AEDC4443528AE388441.e.1132/click - {}
COMMAND: POST /session/7321aecb2a857135ec5c3072eb60d4c6/element - {"using":"xpath","value":"//*[@id=\"backBtn\"]"}
RESULT: {"using":"xpath","value":"//*[@id=\"backBtn\"]"}
COMMAND: POST /session/7321aecb2a857135ec5c3072eb60d4c6/element/f.EB9C1B08A199D375CD0759B34D3D4CE8.d.6D2263C4F7012AEDC4443528AE388441.e.1414/click - {}
RESULT: {}
COMMAND: GET /session/7321aecb2a857135ec5c3072eb60d4c6/screenshot - {}
RESULT: {}
]]></system-out>
    </testcase>
    <testcase classname="chrome.136_0_7103_93.windows.Sanity_Tests_US104253" name="Should open Manage Purchasing page" time="42.421">
      <system-out><![CDATA[
COMMAND: POST /session/7321aecb2a857135ec5c3072eb60d4c6/execute/async - {"script":"<script> [1562 bytes]","args":[{"selector":{"controlType":"sap.m.GenericTile","properties":{"header":"Manage Purchasing"}},"wdio_ui5_key":"sapm.GenericTile{\"header\":\"Manage Purchasing\"}"}]}
RESULT: {"script":"<script> [1562 bytes]","args":[{"selector":{"controlType":"sap.m.GenericTile","properties":{"header":"Manage Purchasing"}},"wdio_ui5_key":"sapm.GenericTile{\"header\":\"Manage Purchasing\"}"}]}
RESULT: undefined
COMMAND: POST /session/7321aecb2a857135ec5c3072eb60d4c6/element - {"using":"xpath","value":"//*[@id=\"__tile46\"]"}
RESULT: {"using":"xpath","value":"//*[@id=\"__tile46\"]"}
COMMAND: POST /session/7321aecb2a857135ec5c3072eb60d4c6/element/f.EB9C1B08A199D375CD0759B34D3D4CE8.d.6D2263C4F7012AEDC4443528AE388441.e.1417/click - {}
RESULT: {}
COMMAND: GET /session/7321aecb2a857135ec5c3072eb60d4c6/screenshot - {}
RESULT: {}
COMMAND: POST /session/7321aecb2a857135ec5c3072eb60d4c6/elements - {"using":"xpath","value":"//span[text()='Error']"}
RESULT: {"using":"xpath","value":"//span[text()='Error']"}
RESULT: undefined
COMMAND: POST /session/7321aecb2a857135ec5c3072eb60d4c6/element - {"using":"xpath","value":"//*[@id=\"__tile46\"]"}
RESULT: {"using":"xpath","value":"//*[@id=\"__tile46\"]"}
COMMAND: POST /session/7321aecb2a857135ec5c3072eb60d4c6/element/f.EB9C1B08A199D375CD0759B34D3D4CE8.d.6D2263C4F7012AEDC4443528AE388441.e.1417/click - {}
RESULT: undefined
COMMAND: POST /session/7321aecb2a857135ec5c3072eb60d4c6/element - {"using":"xpath","value":"//*[@id=\"__tile46\"]"}
RESULT: {"using":"xpath","value":"//*[@id=\"__tile46\"]"}
COMMAND: POST /session/7321aecb2a857135ec5c3072eb60d4c6/element/f.EB9C1B08A199D375CD0759B34D3D4CE8.d.6D2263C4F7012AEDC4443528AE388441.e.1417/click - {}
RESULT: undefined
COMMAND: POST /session/7321aecb2a857135ec5c3072eb60d4c6/execute/async - {"script":"<script> [6424 bytes]","args":[{"element-6066-11e4-a52e-4f735466cecf":"f.EB9C1B08A199D375CD0759B34D3D4CE8.d.6D2263C4F7012AEDC4443528AE388441.e.287"},"getTitle",[]]}
COMMAND: POST /session/7321aecb2a857135ec5c3072eb60d4c6/execute/async - {"script":"<script> [1562 bytes]","args":[{"selector":{"id":"shellAppTitle"},"wdio_ui5_key":"shellAppTitle"}]}
RESULT: {"script":"<script> [1562 bytes]","args":[{"selector":{"id":"shellAppTitle"},"wdio_ui5_key":"shellAppTitle"}]}
COMMAND: POST /session/7321aecb2a857135ec5c3072eb60d4c6/execute/async - {"script":"<script> [6424 bytes]","args":[{"element-6066-11e4-a52e-4f735466cecf":"f.EB9C1B08A199D375CD0759B34D3D4CE8.d.6D2263C4F7012AEDC4443528AE388441.e.1495"},"getTitle",[]]}
RESULT: {"script":"<script> [6424 bytes]","args":[{"element-6066-11e4-a52e-4f735466cecf":"f.EB9C1B08A199D375CD0759B34D3D4CE8.d.6D2263C4F7012AEDC4443528AE388441.e.1495"},"getTitle",[]]}
RESULT: undefined
COMMAND: POST /session/7321aecb2a857135ec5c3072eb60d4c6/element/f.EB9C1B08A199D375CD0759B34D3D4CE8.d.6D2263C4F7012AEDC4443528AE388441.e.1414/click - {}
RESULT: {}
COMMAND: GET /session/7321aecb2a857135ec5c3072eb60d4c6/screenshot - {}
RESULT: {}
]]></system-out>
    </testcase>
    <testcase classname="chrome.136_0_7103_93.windows.Sanity_Tests_US104253" name="Should open Planning Board page" time="39.244">
      <system-out><![CDATA[
COMMAND: POST /session/7321aecb2a857135ec5c3072eb60d4c6/execute/async - {"script":"<script> [1562 bytes]","args":[{"selector":{"controlType":"sap.m.GenericTile","properties":{"header":"Planning Board"}},"wdio_ui5_key":"sapm.GenericTile{\"header\":\"Planning Board\"}"}]}
RESULT: {"script":"<script> [1562 bytes]","args":[{"selector":{"controlType":"sap.m.GenericTile","properties":{"header":"Planning Board"}},"wdio_ui5_key":"sapm.GenericTile{\"header\":\"Planning Board\"}"}]}
RESULT: undefined
COMMAND: POST /session/7321aecb2a857135ec5c3072eb60d4c6/element - {"using":"xpath","value":"//*[@id=\"__tile133\"]"}
RESULT: {"using":"xpath","value":"//*[@id=\"__tile133\"]"}
COMMAND: POST /session/7321aecb2a857135ec5c3072eb60d4c6/element/f.EB9C1B08A199D375CD0759B34D3D4CE8.d.6D2263C4F7012AEDC4443528AE388441.e.1497/click - {}
RESULT: {}
COMMAND: GET /session/7321aecb2a857135ec5c3072eb60d4c6/screenshot - {}
RESULT: {}
COMMAND: POST /session/7321aecb2a857135ec5c3072eb60d4c6/elements - {"using":"xpath","value":"//span[text()='Error']"}
RESULT: {"using":"xpath","value":"//span[text()='Error']"}
RESULT: undefined
COMMAND: POST /session/7321aecb2a857135ec5c3072eb60d4c6/element - {"using":"xpath","value":"//*[@id=\"__tile133\"]"}
RESULT: {"using":"xpath","value":"//*[@id=\"__tile133\"]"}
COMMAND: POST /session/7321aecb2a857135ec5c3072eb60d4c6/element/f.EB9C1B08A199D375CD0759B34D3D4CE8.d.6D2263C4F7012AEDC4443528AE388441.e.1497/click - {}
RESULT: undefined
COMMAND: POST /session/7321aecb2a857135ec5c3072eb60d4c6/element - {"using":"xpath","value":"//*[@id=\"__tile133\"]"}
RESULT: {"using":"xpath","value":"//*[@id=\"__tile133\"]"}
COMMAND: POST /session/7321aecb2a857135ec5c3072eb60d4c6/element/f.EB9C1B08A199D375CD0759B34D3D4CE8.d.6D2263C4F7012AEDC4443528AE388441.e.1497/click - {}
RESULT: undefined
COMMAND: POST /session/7321aecb2a857135ec5c3072eb60d4c6/execute/async - {"script":"<script> [6424 bytes]","args":[{"element-6066-11e4-a52e-4f735466cecf":"f.EB9C1B08A199D375CD0759B34D3D4CE8.d.6D2263C4F7012AEDC4443528AE388441.e.287"},"getTitle",[]]}
COMMAND: POST /session/7321aecb2a857135ec5c3072eb60d4c6/execute/async - {"script":"<script> [1562 bytes]","args":[{"selector":{"id":"shellAppTitle"},"wdio_ui5_key":"shellAppTitle"}]}
RESULT: {"script":"<script> [1562 bytes]","args":[{"selector":{"id":"shellAppTitle"},"wdio_ui5_key":"shellAppTitle"}]}
COMMAND: POST /session/7321aecb2a857135ec5c3072eb60d4c6/execute/async - {"script":"<script> [6424 bytes]","args":[{"element-6066-11e4-a52e-4f735466cecf":"f.EB9C1B08A199D375CD0759B34D3D4CE8.d.6D2263C4F7012AEDC4443528AE388441.e.1544"},"getTitle",[]]}
RESULT: {"script":"<script> [6424 bytes]","args":[{"element-6066-11e4-a52e-4f735466cecf":"f.EB9C1B08A199D375CD0759B34D3D4CE8.d.6D2263C4F7012AEDC4443528AE388441.e.1544"},"getTitle",[]]}
RESULT: undefined
COMMAND: POST /session/7321aecb2a857135ec5c3072eb60d4c6/element/f.EB9C1B08A199D375CD0759B34D3D4CE8.d.6D2263C4F7012AEDC4443528AE388441.e.1414/click - {}
COMMAND: POST /session/7321aecb2a857135ec5c3072eb60d4c6/element/f.EB9C1B08A199D375CD0759B34D3D4CE8.d.6D2263C4F7012AEDC4443528AE388441.e.1414/click - {}
COMMAND: POST /session/7321aecb2a857135ec5c3072eb60d4c6/element - {"using":"xpath","value":"//*[@id=\"backBtn\"]"}
COMMAND: POST /session/7321aecb2a857135ec5c3072eb60d4c6/element - {"using":"xpath","value":"//*[@id=\"backBtn\"]"}
RESULT: {"using":"xpath","value":"//*[@id=\"backBtn\"]"}
COMMAND: POST /session/7321aecb2a857135ec5c3072eb60d4c6/element/f.EB9C1B08A199D375CD0759B34D3D4CE8.d.6D2263C4F7012AEDC4443528AE388441.e.1414/click - {}
RESULT: {"using":"xpath","value":"//*[@id=\"backBtn\"]"}
COMMAND: POST /session/7321aecb2a857135ec5c3072eb60d4c6/element/f.EB9C1B08A199D375CD0759B34D3D4CE8.d.6D2263C4F7012AEDC4443528AE388441.e.1414/click - {}
COMMAND: POST /session/7321aecb2a857135ec5c3072eb60d4c6/element - {"using":"xpath","value":"//*[@id=\"backBtn\"]"}
COMMAND: POST /session/7321aecb2a857135ec5c3072eb60d4c6/element - {"using":"xpath","value":"//*[@id=\"backBtn\"]"}
RESULT: {"using":"xpath","value":"//*[@id=\"backBtn\"]"}
COMMAND: POST /session/7321aecb2a857135ec5c3072eb60d4c6/element/f.EB9C1B08A199D375CD0759B34D3D4CE8.d.6D2263C4F7012AEDC4443528AE388441.e.1545/click - {}
RESULT: {"using":"xpath","value":"//*[@id=\"backBtn\"]"}
COMMAND: POST /session/7321aecb2a857135ec5c3072eb60d4c6/element/f.EB9C1B08A199D375CD0759B34D3D4CE8.d.6D2263C4F7012AEDC4443528AE388441.e.1545/click - {}
RESULT: {}
COMMAND: GET /session/7321aecb2a857135ec5c3072eb60d4c6/screenshot - {}
RESULT: {}
COMMAND: GET /session/7321aecb2a857135ec5c3072eb60d4c6/screenshot - {}
RESULT: {}
RESULT: {}
]]></system-out>
    </testcase>
    <testcase classname="chrome.136_0_7103_93.windows.Sanity_Tests_US104253" name="Should open Manage Contracts page" time="48.355">
      <system-out><![CDATA[
COMMAND: POST /session/7321aecb2a857135ec5c3072eb60d4c6/execute/async - {"script":"<script> [1562 bytes]","args":[{"selector":{"controlType":"sap.m.GenericTile","properties":{"header":"Manage Contracts"}},"wdio_ui5_key":"sapm.GenericTile{\"header\":\"Manage Contracts\"}"}]}
RESULT: {"script":"<script> [1562 bytes]","args":[{"selector":{"controlType":"sap.m.GenericTile","properties":{"header":"Manage Contracts"}},"wdio_ui5_key":"sapm.GenericTile{\"header\":\"Manage Contracts\"}"}]}
RESULT: undefined
COMMAND: POST /session/7321aecb2a857135ec5c3072eb60d4c6/element - {"using":"xpath","value":"//*[@id=\"__tile130\"]"}
RESULT: {"using":"xpath","value":"//*[@id=\"__tile130\"]"}
COMMAND: POST /session/7321aecb2a857135ec5c3072eb60d4c6/element/f.EB9C1B08A199D375CD0759B34D3D4CE8.d.6D2263C4F7012AEDC4443528AE388441.e.1547/click - {}
RESULT: {}
COMMAND: GET /session/7321aecb2a857135ec5c3072eb60d4c6/screenshot - {}
RESULT: {}
COMMAND: POST /session/7321aecb2a857135ec5c3072eb60d4c6/elements - {"using":"xpath","value":"//span[text()='Error']"}
RESULT: {"using":"xpath","value":"//span[text()='Error']"}
RESULT: undefined
COMMAND: POST /session/7321aecb2a857135ec5c3072eb60d4c6/element - {"using":"xpath","value":"//*[@id=\"__tile130\"]"}
RESULT: {"using":"xpath","value":"//*[@id=\"__tile130\"]"}
COMMAND: POST /session/7321aecb2a857135ec5c3072eb60d4c6/element/f.EB9C1B08A199D375CD0759B34D3D4CE8.d.6D2263C4F7012AEDC4443528AE388441.e.1547/click - {}
RESULT: undefined
COMMAND: POST /session/7321aecb2a857135ec5c3072eb60d4c6/element - {"using":"xpath","value":"//*[@id=\"__tile130\"]"}
RESULT: {"using":"xpath","value":"//*[@id=\"__tile130\"]"}
COMMAND: POST /session/7321aecb2a857135ec5c3072eb60d4c6/element/f.EB9C1B08A199D375CD0759B34D3D4CE8.d.6D2263C4F7012AEDC4443528AE388441.e.1547/click - {}
RESULT: undefined
COMMAND: POST /session/7321aecb2a857135ec5c3072eb60d4c6/execute/async - {"script":"<script> [6424 bytes]","args":[{"element-6066-11e4-a52e-4f735466cecf":"f.EB9C1B08A199D375CD0759B34D3D4CE8.d.6D2263C4F7012AEDC4443528AE388441.e.287"},"getTitle",[]]}
COMMAND: POST /session/7321aecb2a857135ec5c3072eb60d4c6/execute/async - {"script":"<script> [1562 bytes]","args":[{"selector":{"id":"shellAppTitle"},"wdio_ui5_key":"shellAppTitle"}]}
RESULT: {"script":"<script> [1562 bytes]","args":[{"selector":{"id":"shellAppTitle"},"wdio_ui5_key":"shellAppTitle"}]}
COMMAND: POST /session/7321aecb2a857135ec5c3072eb60d4c6/execute/async - {"script":"<script> [6424 bytes]","args":[{"element-6066-11e4-a52e-4f735466cecf":"f.EB9C1B08A199D375CD0759B34D3D4CE8.d.6D2263C4F7012AEDC4443528AE388441.e.1622"},"getTitle",[]]}
RESULT: {"script":"<script> [6424 bytes]","args":[{"element-6066-11e4-a52e-4f735466cecf":"f.EB9C1B08A199D375CD0759B34D3D4CE8.d.6D2263C4F7012AEDC4443528AE388441.e.1622"},"getTitle",[]]}
RESULT: undefined
COMMAND: POST /session/7321aecb2a857135ec5c3072eb60d4c6/element/f.EB9C1B08A199D375CD0759B34D3D4CE8.d.6D2263C4F7012AEDC4443528AE388441.e.1545/click - {}
RESULT: {}
COMMAND: GET /session/7321aecb2a857135ec5c3072eb60d4c6/screenshot - {}
RESULT: {}
]]></system-out>
    </testcase>
    <testcase classname="chrome.136_0_7103_93.windows.Sanity_Tests_US104253" name="Should open Manage Quotations page" time="36.271">
      <system-out><![CDATA[
COMMAND: POST /session/7321aecb2a857135ec5c3072eb60d4c6/execute/async - {"script":"<script> [1562 bytes]","args":[{"selector":{"controlType":"sap.m.GenericTile","properties":{"header":"Manage Quotations"}},"wdio_ui5_key":"sapm.GenericTile{\"header\":\"Manage Quotations\"}"}]}
RESULT: {"script":"<script> [1562 bytes]","args":[{"selector":{"controlType":"sap.m.GenericTile","properties":{"header":"Manage Quotations"}},"wdio_ui5_key":"sapm.GenericTile{\"header\":\"Manage Quotations\"}"}]}
RESULT: undefined
COMMAND: POST /session/7321aecb2a857135ec5c3072eb60d4c6/element - {"using":"xpath","value":"//*[@id=\"__tile131\"]"}
RESULT: {"using":"xpath","value":"//*[@id=\"__tile131\"]"}
COMMAND: POST /session/7321aecb2a857135ec5c3072eb60d4c6/element/f.EB9C1B08A199D375CD0759B34D3D4CE8.d.6D2263C4F7012AEDC4443528AE388441.e.1624/click - {}
RESULT: {}
COMMAND: GET /session/7321aecb2a857135ec5c3072eb60d4c6/screenshot - {}
RESULT: {}
COMMAND: POST /session/7321aecb2a857135ec5c3072eb60d4c6/elements - {"using":"xpath","value":"//span[text()='Error']"}
RESULT: {"using":"xpath","value":"//span[text()='Error']"}
RESULT: undefined
COMMAND: POST /session/7321aecb2a857135ec5c3072eb60d4c6/element - {"using":"xpath","value":"//*[@id=\"__tile131\"]"}
RESULT: {"using":"xpath","value":"//*[@id=\"__tile131\"]"}
COMMAND: POST /session/7321aecb2a857135ec5c3072eb60d4c6/element/f.EB9C1B08A199D375CD0759B34D3D4CE8.d.6D2263C4F7012AEDC4443528AE388441.e.1624/click - {}
RESULT: undefined
COMMAND: POST /session/7321aecb2a857135ec5c3072eb60d4c6/element - {"using":"xpath","value":"//*[@id=\"__tile131\"]"}
RESULT: {"using":"xpath","value":"//*[@id=\"__tile131\"]"}
COMMAND: POST /session/7321aecb2a857135ec5c3072eb60d4c6/element/f.EB9C1B08A199D375CD0759B34D3D4CE8.d.6D2263C4F7012AEDC4443528AE388441.e.1624/click - {}
RESULT: undefined
COMMAND: POST /session/7321aecb2a857135ec5c3072eb60d4c6/execute/async - {"script":"<script> [6424 bytes]","args":[{"element-6066-11e4-a52e-4f735466cecf":"f.EB9C1B08A199D375CD0759B34D3D4CE8.d.6D2263C4F7012AEDC4443528AE388441.e.287"},"getTitle",[]]}
COMMAND: POST /session/7321aecb2a857135ec5c3072eb60d4c6/execute/async - {"script":"<script> [1562 bytes]","args":[{"selector":{"id":"shellAppTitle"},"wdio_ui5_key":"shellAppTitle"}]}
RESULT: {"script":"<script> [1562 bytes]","args":[{"selector":{"id":"shellAppTitle"},"wdio_ui5_key":"shellAppTitle"}]}
COMMAND: POST /session/7321aecb2a857135ec5c3072eb60d4c6/execute/async - {"script":"<script> [6424 bytes]","args":[{"element-6066-11e4-a52e-4f735466cecf":"f.EB9C1B08A199D375CD0759B34D3D4CE8.d.6D2263C4F7012AEDC4443528AE388441.e.1708"},"getTitle",[]]}
RESULT: {"script":"<script> [6424 bytes]","args":[{"element-6066-11e4-a52e-4f735466cecf":"f.EB9C1B08A199D375CD0759B34D3D4CE8.d.6D2263C4F7012AEDC4443528AE388441.e.1708"},"getTitle",[]]}
RESULT: undefined
COMMAND: POST /session/7321aecb2a857135ec5c3072eb60d4c6/element/f.EB9C1B08A199D375CD0759B34D3D4CE8.d.6D2263C4F7012AEDC4443528AE388441.e.1545/click - {}
COMMAND: POST /session/7321aecb2a857135ec5c3072eb60d4c6/element - {"using":"xpath","value":"//*[@id=\"backBtn\"]"}
RESULT: {"using":"xpath","value":"//*[@id=\"backBtn\"]"}
COMMAND: POST /session/7321aecb2a857135ec5c3072eb60d4c6/element/f.EB9C1B08A199D375CD0759B34D3D4CE8.d.6D2263C4F7012AEDC4443528AE388441.e.1545/click - {}
COMMAND: POST /session/7321aecb2a857135ec5c3072eb60d4c6/element - {"using":"xpath","value":"//*[@id=\"backBtn\"]"}
RESULT: {"using":"xpath","value":"//*[@id=\"backBtn\"]"}
COMMAND: POST /session/7321aecb2a857135ec5c3072eb60d4c6/element/f.EB9C1B08A199D375CD0759B34D3D4CE8.d.6D2263C4F7012AEDC4443528AE388441.e.1709/click - {}
RESULT: {}
COMMAND: GET /session/7321aecb2a857135ec5c3072eb60d4c6/screenshot - {}
RESULT: {}
]]></system-out>
    </testcase>
    <testcase classname="chrome.136_0_7103_93.windows.Sanity_Tests_US104253" name="Should open Manage Handovers page" time="41.332">
      <system-out><![CDATA[
COMMAND: POST /session/7321aecb2a857135ec5c3072eb60d4c6/execute/async - {"script":"<script> [1562 bytes]","args":[{"selector":{"controlType":"sap.m.GenericTile","properties":{"header":"Manage Handovers"}},"wdio_ui5_key":"sapm.GenericTile{\"header\":\"Manage Handovers\"}"}]}
RESULT: {"script":"<script> [1562 bytes]","args":[{"selector":{"controlType":"sap.m.GenericTile","properties":{"header":"Manage Handovers"}},"wdio_ui5_key":"sapm.GenericTile{\"header\":\"Manage Handovers\"}"}]}
RESULT: undefined
COMMAND: POST /session/7321aecb2a857135ec5c3072eb60d4c6/element - {"using":"xpath","value":"//*[@id=\"__tile132\"]"}
RESULT: {"using":"xpath","value":"//*[@id=\"__tile132\"]"}
COMMAND: POST /session/7321aecb2a857135ec5c3072eb60d4c6/element/f.EB9C1B08A199D375CD0759B34D3D4CE8.d.6D2263C4F7012AEDC4443528AE388441.e.1711/click - {}
RESULT: {}
COMMAND: GET /session/7321aecb2a857135ec5c3072eb60d4c6/screenshot - {}
RESULT: {}
COMMAND: POST /session/7321aecb2a857135ec5c3072eb60d4c6/elements - {"using":"xpath","value":"//span[text()='Error']"}
RESULT: {"using":"xpath","value":"//span[text()='Error']"}
RESULT: undefined
COMMAND: POST /session/7321aecb2a857135ec5c3072eb60d4c6/element - {"using":"xpath","value":"//*[@id=\"__tile132\"]"}
RESULT: {"using":"xpath","value":"//*[@id=\"__tile132\"]"}
COMMAND: POST /session/7321aecb2a857135ec5c3072eb60d4c6/element/f.EB9C1B08A199D375CD0759B34D3D4CE8.d.6D2263C4F7012AEDC4443528AE388441.e.1711/click - {}
RESULT: undefined
COMMAND: POST /session/7321aecb2a857135ec5c3072eb60d4c6/element - {"using":"xpath","value":"//*[@id=\"__tile132\"]"}
RESULT: {"using":"xpath","value":"//*[@id=\"__tile132\"]"}
COMMAND: POST /session/7321aecb2a857135ec5c3072eb60d4c6/element/f.EB9C1B08A199D375CD0759B34D3D4CE8.d.6D2263C4F7012AEDC4443528AE388441.e.1711/click - {}
RESULT: undefined
COMMAND: POST /session/7321aecb2a857135ec5c3072eb60d4c6/execute/async - {"script":"<script> [6424 bytes]","args":[{"element-6066-11e4-a52e-4f735466cecf":"f.EB9C1B08A199D375CD0759B34D3D4CE8.d.6D2263C4F7012AEDC4443528AE388441.e.287"},"getTitle",[]]}
COMMAND: POST /session/7321aecb2a857135ec5c3072eb60d4c6/execute/async - {"script":"<script> [1562 bytes]","args":[{"selector":{"id":"shellAppTitle"},"wdio_ui5_key":"shellAppTitle"}]}
RESULT: {"script":"<script> [1562 bytes]","args":[{"selector":{"id":"shellAppTitle"},"wdio_ui5_key":"shellAppTitle"}]}
COMMAND: POST /session/7321aecb2a857135ec5c3072eb60d4c6/execute/async - {"script":"<script> [6424 bytes]","args":[{"element-6066-11e4-a52e-4f735466cecf":"f.EB9C1B08A199D375CD0759B34D3D4CE8.d.6D2263C4F7012AEDC4443528AE388441.e.1942"},"getTitle",[]]}
RESULT: {"script":"<script> [6424 bytes]","args":[{"element-6066-11e4-a52e-4f735466cecf":"f.EB9C1B08A199D375CD0759B34D3D4CE8.d.6D2263C4F7012AEDC4443528AE388441.e.1942"},"getTitle",[]]}
RESULT: undefined
COMMAND: POST /session/7321aecb2a857135ec5c3072eb60d4c6/element/f.EB9C1B08A199D375CD0759B34D3D4CE8.d.6D2263C4F7012AEDC4443528AE388441.e.1709/click - {}
RESULT: {}
COMMAND: GET /session/7321aecb2a857135ec5c3072eb60d4c6/screenshot - {}
RESULT: {}
]]></system-out>
    </testcase>
    <testcase classname="chrome.136_0_7103_93.windows.Sanity_Tests_US104253" name="Should open Delivery Monitor page" time="39.035">
      <system-out><![CDATA[
COMMAND: POST /session/7321aecb2a857135ec5c3072eb60d4c6/execute/async - {"script":"<script> [1562 bytes]","args":[{"selector":{"controlType":"sap.m.GenericTile","properties":{"header":"Delivery Monitor"}},"wdio_ui5_key":"sapm.GenericTile{\"header\":\"Delivery Monitor\"}"}]}
RESULT: {"script":"<script> [1562 bytes]","args":[{"selector":{"controlType":"sap.m.GenericTile","properties":{"header":"Delivery Monitor"}},"wdio_ui5_key":"sapm.GenericTile{\"header\":\"Delivery Monitor\"}"}]}
RESULT: undefined
COMMAND: POST /session/7321aecb2a857135ec5c3072eb60d4c6/element - {"using":"xpath","value":"//*[@id=\"__tile43\"]"}
RESULT: {"using":"xpath","value":"//*[@id=\"__tile43\"]"}
COMMAND: POST /session/7321aecb2a857135ec5c3072eb60d4c6/element/f.EB9C1B08A199D375CD0759B34D3D4CE8.d.6D2263C4F7012AEDC4443528AE388441.e.1944/click - {}
RESULT: {}
COMMAND: GET /session/7321aecb2a857135ec5c3072eb60d4c6/screenshot - {}
RESULT: {}
COMMAND: POST /session/7321aecb2a857135ec5c3072eb60d4c6/elements - {"using":"xpath","value":"//span[text()='Error']"}
RESULT: {"using":"xpath","value":"//span[text()='Error']"}
RESULT: undefined
COMMAND: POST /session/7321aecb2a857135ec5c3072eb60d4c6/element - {"using":"xpath","value":"//*[@id=\"__tile43\"]"}
RESULT: {"using":"xpath","value":"//*[@id=\"__tile43\"]"}
COMMAND: POST /session/7321aecb2a857135ec5c3072eb60d4c6/element/f.EB9C1B08A199D375CD0759B34D3D4CE8.d.6D2263C4F7012AEDC4443528AE388441.e.1944/click - {}
RESULT: undefined
COMMAND: POST /session/7321aecb2a857135ec5c3072eb60d4c6/element - {"using":"xpath","value":"//*[@id=\"__tile43\"]"}
RESULT: {"using":"xpath","value":"//*[@id=\"__tile43\"]"}
COMMAND: POST /session/7321aecb2a857135ec5c3072eb60d4c6/element/f.EB9C1B08A199D375CD0759B34D3D4CE8.d.6D2263C4F7012AEDC4443528AE388441.e.1944/click - {}
RESULT: undefined
COMMAND: POST /session/7321aecb2a857135ec5c3072eb60d4c6/execute/async - {"script":"<script> [6424 bytes]","args":[{"element-6066-11e4-a52e-4f735466cecf":"f.EB9C1B08A199D375CD0759B34D3D4CE8.d.6D2263C4F7012AEDC4443528AE388441.e.287"},"getTitle",[]]}
COMMAND: POST /session/7321aecb2a857135ec5c3072eb60d4c6/execute/async - {"script":"<script> [1562 bytes]","args":[{"selector":{"id":"shellAppTitle"},"wdio_ui5_key":"shellAppTitle"}]}
RESULT: {"script":"<script> [1562 bytes]","args":[{"selector":{"id":"shellAppTitle"},"wdio_ui5_key":"shellAppTitle"}]}
COMMAND: POST /session/7321aecb2a857135ec5c3072eb60d4c6/execute/async - {"script":"<script> [6424 bytes]","args":[{"element-6066-11e4-a52e-4f735466cecf":"f.EB9C1B08A199D375CD0759B34D3D4CE8.d.6D2263C4F7012AEDC4443528AE388441.e.2127"},"getTitle",[]]}
RESULT: {"script":"<script> [6424 bytes]","args":[{"element-6066-11e4-a52e-4f735466cecf":"f.EB9C1B08A199D375CD0759B34D3D4CE8.d.6D2263C4F7012AEDC4443528AE388441.e.2127"},"getTitle",[]]}
RESULT: undefined
COMMAND: POST /session/7321aecb2a857135ec5c3072eb60d4c6/element/f.EB9C1B08A199D375CD0759B34D3D4CE8.d.6D2263C4F7012AEDC4443528AE388441.e.1709/click - {}
COMMAND: POST /session/7321aecb2a857135ec5c3072eb60d4c6/element - {"using":"xpath","value":"//*[@id=\"backBtn\"]"}
RESULT: {"using":"xpath","value":"//*[@id=\"backBtn\"]"}
COMMAND: POST /session/7321aecb2a857135ec5c3072eb60d4c6/element/f.EB9C1B08A199D375CD0759B34D3D4CE8.d.6D2263C4F7012AEDC4443528AE388441.e.1709/click - {}
COMMAND: POST /session/7321aecb2a857135ec5c3072eb60d4c6/element - {"using":"xpath","value":"//*[@id=\"backBtn\"]"}
RESULT: {"using":"xpath","value":"//*[@id=\"backBtn\"]"}
COMMAND: POST /session/7321aecb2a857135ec5c3072eb60d4c6/element/f.EB9C1B08A199D375CD0759B34D3D4CE8.d.6D2263C4F7012AEDC4443528AE388441.e.2128/click - {}
RESULT: {}
COMMAND: GET /session/7321aecb2a857135ec5c3072eb60d4c6/screenshot - {}
RESULT: {}
]]></system-out>
    </testcase>
    <testcase classname="chrome.136_0_7103_93.windows.Sanity_Tests_US104253" name="Should open Manage Calendar Exceptions page" time="39.349">
      <system-out><![CDATA[
COMMAND: POST /session/7321aecb2a857135ec5c3072eb60d4c6/execute/async - {"script":"<script> [1562 bytes]","args":[{"selector":{"controlType":"sap.m.GenericTile","properties":{"header":"Manage Calendar Exceptions"}},"wdio_ui5_key":"sapm.GenericTile{\"header\":\"Manage Calendar Exceptions\"}"}]}
RESULT: {"script":"<script> [1562 bytes]","args":[{"selector":{"controlType":"sap.m.GenericTile","properties":{"header":"Manage Calendar Exceptions"}},"wdio_ui5_key":"sapm.GenericTile{\"header\":\"Manage Calendar Exceptions\"}"}]}
RESULT: undefined
COMMAND: POST /session/7321aecb2a857135ec5c3072eb60d4c6/element - {"using":"xpath","value":"//*[@id=\"__tile52\"]"}
RESULT: {"using":"xpath","value":"//*[@id=\"__tile52\"]"}
COMMAND: POST /session/7321aecb2a857135ec5c3072eb60d4c6/element/f.EB9C1B08A199D375CD0759B34D3D4CE8.d.6D2263C4F7012AEDC4443528AE388441.e.2130/click - {}
RESULT: {}
COMMAND: GET /session/7321aecb2a857135ec5c3072eb60d4c6/screenshot - {}
RESULT: {}
COMMAND: POST /session/7321aecb2a857135ec5c3072eb60d4c6/elements - {"using":"xpath","value":"//span[text()='Error']"}
RESULT: {"using":"xpath","value":"//span[text()='Error']"}
RESULT: undefined
COMMAND: POST /session/7321aecb2a857135ec5c3072eb60d4c6/element - {"using":"xpath","value":"//*[@id=\"__tile52\"]"}
RESULT: {"using":"xpath","value":"//*[@id=\"__tile52\"]"}
COMMAND: POST /session/7321aecb2a857135ec5c3072eb60d4c6/element/f.EB9C1B08A199D375CD0759B34D3D4CE8.d.6D2263C4F7012AEDC4443528AE388441.e.2130/click - {}
RESULT: undefined
COMMAND: POST /session/7321aecb2a857135ec5c3072eb60d4c6/element - {"using":"xpath","value":"//*[@id=\"__tile52\"]"}
RESULT: {"using":"xpath","value":"//*[@id=\"__tile52\"]"}
COMMAND: POST /session/7321aecb2a857135ec5c3072eb60d4c6/element/f.EB9C1B08A199D375CD0759B34D3D4CE8.d.6D2263C4F7012AEDC4443528AE388441.e.2130/click - {}
RESULT: undefined
COMMAND: POST /session/7321aecb2a857135ec5c3072eb60d4c6/execute/async - {"script":"<script> [6424 bytes]","args":[{"element-6066-11e4-a52e-4f735466cecf":"f.EB9C1B08A199D375CD0759B34D3D4CE8.d.6D2263C4F7012AEDC4443528AE388441.e.287"},"getTitle",[]]}
COMMAND: POST /session/7321aecb2a857135ec5c3072eb60d4c6/execute/async - {"script":"<script> [1562 bytes]","args":[{"selector":{"id":"shellAppTitle"},"wdio_ui5_key":"shellAppTitle"}]}
RESULT: {"script":"<script> [1562 bytes]","args":[{"selector":{"id":"shellAppTitle"},"wdio_ui5_key":"shellAppTitle"}]}
COMMAND: POST /session/7321aecb2a857135ec5c3072eb60d4c6/execute/async - {"script":"<script> [6424 bytes]","args":[{"element-6066-11e4-a52e-4f735466cecf":"f.EB9C1B08A199D375CD0759B34D3D4CE8.d.6D2263C4F7012AEDC4443528AE388441.e.2249"},"getTitle",[]]}
RESULT: {"script":"<script> [6424 bytes]","args":[{"element-6066-11e4-a52e-4f735466cecf":"f.EB9C1B08A199D375CD0759B34D3D4CE8.d.6D2263C4F7012AEDC4443528AE388441.e.2249"},"getTitle",[]]}
RESULT: undefined
COMMAND: POST /session/7321aecb2a857135ec5c3072eb60d4c6/element/f.EB9C1B08A199D375CD0759B34D3D4CE8.d.6D2263C4F7012AEDC4443528AE388441.e.2128/click - {}
RESULT: {}
COMMAND: GET /session/7321aecb2a857135ec5c3072eb60d4c6/screenshot - {}
RESULT: {}
]]></system-out>
    </testcase>
    <testcase classname="chrome.136_0_7103_93.windows.Sanity_Tests_US104253" name="Should open Manage States Performance page" time="41.489">
      <system-out><![CDATA[
COMMAND: POST /session/7321aecb2a857135ec5c3072eb60d4c6/execute/async - {"script":"<script> [1562 bytes]","args":[{"selector":{"controlType":"sap.m.GenericTile","properties":{"header":"Manage States & Performance"}},"wdio_ui5_key":"sapm.GenericTile{\"header\":\"Manage States & Performance\"}"}]}
RESULT: {"script":"<script> [1562 bytes]","args":[{"selector":{"controlType":"sap.m.GenericTile","properties":{"header":"Manage States & Performance"}},"wdio_ui5_key":"sapm.GenericTile{\"header\":\"Manage States & Performance\"}"}]}
RESULT: undefined
COMMAND: POST /session/7321aecb2a857135ec5c3072eb60d4c6/element - {"using":"xpath","value":"//*[@id=\"__tile56\"]"}
RESULT: {"using":"xpath","value":"//*[@id=\"__tile56\"]"}
COMMAND: POST /session/7321aecb2a857135ec5c3072eb60d4c6/element/f.EB9C1B08A199D375CD0759B34D3D4CE8.d.6D2263C4F7012AEDC4443528AE388441.e.2253/click - {}
RESULT: {}
COMMAND: GET /session/7321aecb2a857135ec5c3072eb60d4c6/screenshot - {}
RESULT: {}
COMMAND: POST /session/7321aecb2a857135ec5c3072eb60d4c6/elements - {"using":"xpath","value":"//span[text()='Error']"}
RESULT: {"using":"xpath","value":"//span[text()='Error']"}
RESULT: undefined
COMMAND: POST /session/7321aecb2a857135ec5c3072eb60d4c6/element - {"using":"xpath","value":"//*[@id=\"__tile56\"]"}
RESULT: {"using":"xpath","value":"//*[@id=\"__tile56\"]"}
COMMAND: POST /session/7321aecb2a857135ec5c3072eb60d4c6/element/f.EB9C1B08A199D375CD0759B34D3D4CE8.d.6D2263C4F7012AEDC4443528AE388441.e.2253/click - {}
RESULT: undefined
COMMAND: POST /session/7321aecb2a857135ec5c3072eb60d4c6/element - {"using":"xpath","value":"//*[@id=\"__tile56\"]"}
RESULT: {"using":"xpath","value":"//*[@id=\"__tile56\"]"}
COMMAND: POST /session/7321aecb2a857135ec5c3072eb60d4c6/element/f.EB9C1B08A199D375CD0759B34D3D4CE8.d.6D2263C4F7012AEDC4443528AE388441.e.2253/click - {}
RESULT: undefined
COMMAND: POST /session/7321aecb2a857135ec5c3072eb60d4c6/execute/async - {"script":"<script> [6424 bytes]","args":[{"element-6066-11e4-a52e-4f735466cecf":"f.EB9C1B08A199D375CD0759B34D3D4CE8.d.6D2263C4F7012AEDC4443528AE388441.e.287"},"getTitle",[]]}
COMMAND: POST /session/7321aecb2a857135ec5c3072eb60d4c6/execute/async - {"script":"<script> [1562 bytes]","args":[{"selector":{"id":"shellAppTitle"},"wdio_ui5_key":"shellAppTitle"}]}
RESULT: {"script":"<script> [1562 bytes]","args":[{"selector":{"id":"shellAppTitle"},"wdio_ui5_key":"shellAppTitle"}]}
COMMAND: POST /session/7321aecb2a857135ec5c3072eb60d4c6/execute/async - {"script":"<script> [6424 bytes]","args":[{"element-6066-11e4-a52e-4f735466cecf":"f.EB9C1B08A199D375CD0759B34D3D4CE8.d.6D2263C4F7012AEDC4443528AE388441.e.2345"},"getTitle",[]]}
RESULT: {"script":"<script> [6424 bytes]","args":[{"element-6066-11e4-a52e-4f735466cecf":"f.EB9C1B08A199D375CD0759B34D3D4CE8.d.6D2263C4F7012AEDC4443528AE388441.e.2345"},"getTitle",[]]}
RESULT: undefined
COMMAND: POST /session/7321aecb2a857135ec5c3072eb60d4c6/element/f.EB9C1B08A199D375CD0759B34D3D4CE8.d.6D2263C4F7012AEDC4443528AE388441.e.2128/click - {}
COMMAND: POST /session/7321aecb2a857135ec5c3072eb60d4c6/element - {"using":"xpath","value":"//*[@id=\"backBtn\"]"}
RESULT: {"using":"xpath","value":"//*[@id=\"backBtn\"]"}
COMMAND: POST /session/7321aecb2a857135ec5c3072eb60d4c6/element/f.EB9C1B08A199D375CD0759B34D3D4CE8.d.6D2263C4F7012AEDC4443528AE388441.e.2128/click - {}
COMMAND: POST /session/7321aecb2a857135ec5c3072eb60d4c6/element - {"using":"xpath","value":"//*[@id=\"backBtn\"]"}
RESULT: {"using":"xpath","value":"//*[@id=\"backBtn\"]"}
COMMAND: POST /session/7321aecb2a857135ec5c3072eb60d4c6/element/f.EB9C1B08A199D375CD0759B34D3D4CE8.d.6D2263C4F7012AEDC4443528AE388441.e.2346/click - {}
RESULT: {}
COMMAND: GET /session/7321aecb2a857135ec5c3072eb60d4c6/screenshot - {}
RESULT: {}
]]></system-out>
    </testcase>
    <testcase classname="chrome.136_0_7103_93.windows.Sanity_Tests_US104253" name="Should open Manage Billings page" time="43.204">
      <system-out><![CDATA[
COMMAND: POST /session/7321aecb2a857135ec5c3072eb60d4c6/execute/async - {"script":"<script> [1562 bytes]","args":[{"selector":{"controlType":"sap.m.GenericTile","properties":{"header":"Manage Billings"}},"wdio_ui5_key":"sapm.GenericTile{\"header\":\"Manage Billings\"}"}]}
RESULT: {"script":"<script> [1562 bytes]","args":[{"selector":{"controlType":"sap.m.GenericTile","properties":{"header":"Manage Billings"}},"wdio_ui5_key":"sapm.GenericTile{\"header\":\"Manage Billings\"}"}]}
RESULT: undefined
COMMAND: POST /session/7321aecb2a857135ec5c3072eb60d4c6/element - {"using":"xpath","value":"//*[@id=\"__tile51\"]"}
RESULT: {"using":"xpath","value":"//*[@id=\"__tile51\"]"}
COMMAND: POST /session/7321aecb2a857135ec5c3072eb60d4c6/element/f.EB9C1B08A199D375CD0759B34D3D4CE8.d.6D2263C4F7012AEDC4443528AE388441.e.2348/click - {}
RESULT: {}
COMMAND: GET /session/7321aecb2a857135ec5c3072eb60d4c6/screenshot - {}
RESULT: {}
COMMAND: POST /session/7321aecb2a857135ec5c3072eb60d4c6/elements - {"using":"xpath","value":"//span[text()='Error']"}
RESULT: {"using":"xpath","value":"//span[text()='Error']"}
RESULT: undefined
COMMAND: POST /session/7321aecb2a857135ec5c3072eb60d4c6/element - {"using":"xpath","value":"//*[@id=\"__tile51\"]"}
RESULT: {"using":"xpath","value":"//*[@id=\"__tile51\"]"}
COMMAND: POST /session/7321aecb2a857135ec5c3072eb60d4c6/element/f.EB9C1B08A199D375CD0759B34D3D4CE8.d.6D2263C4F7012AEDC4443528AE388441.e.2348/click - {}
RESULT: undefined
COMMAND: POST /session/7321aecb2a857135ec5c3072eb60d4c6/element - {"using":"xpath","value":"//*[@id=\"__tile51\"]"}
RESULT: {"using":"xpath","value":"//*[@id=\"__tile51\"]"}
COMMAND: POST /session/7321aecb2a857135ec5c3072eb60d4c6/element/f.EB9C1B08A199D375CD0759B34D3D4CE8.d.6D2263C4F7012AEDC4443528AE388441.e.2348/click - {}
RESULT: undefined
COMMAND: POST /session/7321aecb2a857135ec5c3072eb60d4c6/execute/async - {"script":"<script> [6424 bytes]","args":[{"element-6066-11e4-a52e-4f735466cecf":"f.EB9C1B08A199D375CD0759B34D3D4CE8.d.6D2263C4F7012AEDC4443528AE388441.e.287"},"getTitle",[]]}
COMMAND: POST /session/7321aecb2a857135ec5c3072eb60d4c6/execute/async - {"script":"<script> [1562 bytes]","args":[{"selector":{"id":"shellAppTitle"},"wdio_ui5_key":"shellAppTitle"}]}
RESULT: {"script":"<script> [1562 bytes]","args":[{"selector":{"id":"shellAppTitle"},"wdio_ui5_key":"shellAppTitle"}]}
COMMAND: POST /session/7321aecb2a857135ec5c3072eb60d4c6/execute/async - {"script":"<script> [6424 bytes]","args":[{"element-6066-11e4-a52e-4f735466cecf":"f.EB9C1B08A199D375CD0759B34D3D4CE8.d.6D2263C4F7012AEDC4443528AE388441.e.2542"},"getTitle",[]]}
RESULT: {"script":"<script> [6424 bytes]","args":[{"element-6066-11e4-a52e-4f735466cecf":"f.EB9C1B08A199D375CD0759B34D3D4CE8.d.6D2263C4F7012AEDC4443528AE388441.e.2542"},"getTitle",[]]}
RESULT: undefined
COMMAND: POST /session/7321aecb2a857135ec5c3072eb60d4c6/element/f.EB9C1B08A199D375CD0759B34D3D4CE8.d.6D2263C4F7012AEDC4443528AE388441.e.2346/click - {}
COMMAND: POST /session/7321aecb2a857135ec5c3072eb60d4c6/element/f.EB9C1B08A199D375CD0759B34D3D4CE8.d.6D2263C4F7012AEDC4443528AE388441.e.2346/click - {}
RESULT: {}
COMMAND: GET /session/7321aecb2a857135ec5c3072eb60d4c6/screenshot - {}
COMMAND: POST /session/7321aecb2a857135ec5c3072eb60d4c6/element - {"using":"xpath","value":"//*[@id=\"backBtn\"]"}
RESULT: {}
RESULT: {"using":"xpath","value":"//*[@id=\"backBtn\"]"}
COMMAND: POST /session/7321aecb2a857135ec5c3072eb60d4c6/elements - {"using":"xpath","value":"//*[@id=\"backBtn\"]"}
RESULT: {"using":"xpath","value":"//*[@id=\"backBtn\"]"}
COMMAND: POST /session/7321aecb2a857135ec5c3072eb60d4c6/elements - {"using":"xpath","value":"//*[@id=\"backBtn\"]"}
RESULT: {"using":"xpath","value":"//*[@id=\"backBtn\"]"}
COMMAND: POST /session/7321aecb2a857135ec5c3072eb60d4c6/elements - {"using":"xpath","value":"//*[@id=\"backBtn\"]"}
RESULT: {"using":"xpath","value":"//*[@id=\"backBtn\"]"}
COMMAND: POST /session/7321aecb2a857135ec5c3072eb60d4c6/elements - {"using":"xpath","value":"//*[@id=\"backBtn\"]"}
RESULT: {"using":"xpath","value":"//*[@id=\"backBtn\"]"}
COMMAND: POST /session/7321aecb2a857135ec5c3072eb60d4c6/elements - {"using":"xpath","value":"//*[@id=\"backBtn\"]"}
RESULT: {"using":"xpath","value":"//*[@id=\"backBtn\"]"}
COMMAND: POST /session/7321aecb2a857135ec5c3072eb60d4c6/elements - {"using":"xpath","value":"//*[@id=\"backBtn\"]"}
RESULT: {"using":"xpath","value":"//*[@id=\"backBtn\"]"}
COMMAND: POST /session/7321aecb2a857135ec5c3072eb60d4c6/elements - {"using":"xpath","value":"//*[@id=\"backBtn\"]"}
RESULT: {"using":"xpath","value":"//*[@id=\"backBtn\"]"}
COMMAND: POST /session/7321aecb2a857135ec5c3072eb60d4c6/elements - {"using":"xpath","value":"//*[@id=\"backBtn\"]"}
RESULT: {"using":"xpath","value":"//*[@id=\"backBtn\"]"}
COMMAND: POST /session/7321aecb2a857135ec5c3072eb60d4c6/elements - {"using":"xpath","value":"//*[@id=\"backBtn\"]"}
RESULT: {"using":"xpath","value":"//*[@id=\"backBtn\"]"}
COMMAND: POST /session/7321aecb2a857135ec5c3072eb60d4c6/elements - {"using":"xpath","value":"//*[@id=\"backBtn\"]"}
RESULT: {"using":"xpath","value":"//*[@id=\"backBtn\"]"}
COMMAND: POST /session/7321aecb2a857135ec5c3072eb60d4c6/elements - {"using":"xpath","value":"//*[@id=\"backBtn\"]"}
RESULT: {"using":"xpath","value":"//*[@id=\"backBtn\"]"}
COMMAND: POST /session/7321aecb2a857135ec5c3072eb60d4c6/elements - {"using":"xpath","value":"//*[@id=\"backBtn\"]"}
RESULT: {"using":"xpath","value":"//*[@id=\"backBtn\"]"}
COMMAND: POST /session/7321aecb2a857135ec5c3072eb60d4c6/elements - {"using":"xpath","value":"//*[@id=\"backBtn\"]"}
RESULT: {"using":"xpath","value":"//*[@id=\"backBtn\"]"}
COMMAND: POST /session/7321aecb2a857135ec5c3072eb60d4c6/elements - {"using":"xpath","value":"//*[@id=\"backBtn\"]"}
RESULT: {"using":"xpath","value":"//*[@id=\"backBtn\"]"}
COMMAND: POST /session/7321aecb2a857135ec5c3072eb60d4c6/elements - {"using":"xpath","value":"//*[@id=\"backBtn\"]"}
RESULT: {"using":"xpath","value":"//*[@id=\"backBtn\"]"}
COMMAND: POST /session/7321aecb2a857135ec5c3072eb60d4c6/elements - {"using":"xpath","value":"//*[@id=\"backBtn\"]"}
RESULT: {"using":"xpath","value":"//*[@id=\"backBtn\"]"}
]]></system-out>
    </testcase>
    <testcase classname="chrome.136_0_7103_93.windows.Sanity_Tests_US104253" name="Should open Manage Conditions Prices page" time="63.391">
      <system-out><![CDATA[
COMMAND: POST /session/7321aecb2a857135ec5c3072eb60d4c6/execute/async - {"script":"<script> [1562 bytes]","args":[{"selector":{"controlType":"sap.m.GenericTile","properties":{"header":"Manage Conditions & Prices"}},"wdio_ui5_key":"sapm.GenericTile{\"header\":\"Manage Conditions & Prices\"}"}]}
COMMAND: POST /session/7321aecb2a857135ec5c3072eb60d4c6/elements - {"using":"xpath","value":"//*[@id=\"backBtn\"]"}
RESULT: {"script":"<script> [1562 bytes]","args":[{"selector":{"controlType":"sap.m.GenericTile","properties":{"header":"Manage Conditions & Prices"}},"wdio_ui5_key":"sapm.GenericTile{\"header\":\"Manage Conditions & Prices\"}"}]}
RESULT: undefined
COMMAND: POST /session/7321aecb2a857135ec5c3072eb60d4c6/element - {"using":"xpath","value":"//*[@id=\"__tile53\"]"}
RESULT: {"using":"xpath","value":"//*[@id=\"backBtn\"]"}
RESULT: {"using":"xpath","value":"//*[@id=\"__tile53\"]"}
COMMAND: POST /session/7321aecb2a857135ec5c3072eb60d4c6/element/f.EB9C1B08A199D375CD0759B34D3D4CE8.d.6D2263C4F7012AEDC4443528AE388441.e.2544/click - {}
COMMAND: POST /session/7321aecb2a857135ec5c3072eb60d4c6/elements - {"using":"xpath","value":"//*[@id=\"backBtn\"]"}
RESULT: {}
COMMAND: GET /session/7321aecb2a857135ec5c3072eb60d4c6/screenshot - {}
RESULT: {"using":"xpath","value":"//*[@id=\"backBtn\"]"}
COMMAND: POST /session/7321aecb2a857135ec5c3072eb60d4c6/elements - {"using":"xpath","value":"//*[@id=\"backBtn\"]"}
RESULT: {}
RESULT: {"using":"xpath","value":"//*[@id=\"backBtn\"]"}
COMMAND: POST /session/7321aecb2a857135ec5c3072eb60d4c6/elements - {"using":"xpath","value":"//*[@id=\"backBtn\"]"}
RESULT: {"using":"xpath","value":"//*[@id=\"backBtn\"]"}
COMMAND: POST /session/7321aecb2a857135ec5c3072eb60d4c6/elements - {"using":"xpath","value":"//*[@id=\"backBtn\"]"}
RESULT: {"using":"xpath","value":"//*[@id=\"backBtn\"]"}
COMMAND: POST /session/7321aecb2a857135ec5c3072eb60d4c6/elements - {"using":"xpath","value":"//*[@id=\"backBtn\"]"}
COMMAND: POST /session/7321aecb2a857135ec5c3072eb60d4c6/elements - {"using":"xpath","value":"//span[text()='Error']"}
RESULT: {"using":"xpath","value":"//*[@id=\"backBtn\"]"}
COMMAND: POST /session/7321aecb2a857135ec5c3072eb60d4c6/element - {"using":"xpath","value":"//*[@id=\"backBtn\"]"}
RESULT: {"using":"xpath","value":"//span[text()='Error']"}
RESULT: {"using":"xpath","value":"//*[@id=\"backBtn\"]"}
COMMAND: POST /session/7321aecb2a857135ec5c3072eb60d4c6/element/f.EB9C1B08A199D375CD0759B34D3D4CE8.d.6D2263C4F7012AEDC4443528AE388441.e.2346/click - {}
COMMAND: POST /session/7321aecb2a857135ec5c3072eb60d4c6/element - {"using":"xpath","value":"//*[@id=\"backBtn\"]"}
RESULT: {"using":"xpath","value":"//*[@id=\"backBtn\"]"}
COMMAND: POST /session/7321aecb2a857135ec5c3072eb60d4c6/element/f.EB9C1B08A199D375CD0759B34D3D4CE8.d.6D2263C4F7012AEDC4443528AE388441.e.2575/click - {}
RESULT: {}
COMMAND: GET /session/7321aecb2a857135ec5c3072eb60d4c6/screenshot - {}
RESULT: {}
RESULT: undefined
COMMAND: POST /session/7321aecb2a857135ec5c3072eb60d4c6/element - {"using":"xpath","value":"//*[@id=\"__tile53\"]"}
RESULT: {"using":"xpath","value":"//*[@id=\"__tile53\"]"}
COMMAND: POST /session/7321aecb2a857135ec5c3072eb60d4c6/element/f.EB9C1B08A199D375CD0759B34D3D4CE8.d.6D2263C4F7012AEDC4443528AE388441.e.2544/click - {}
RESULT: {}
RESULT: undefined
COMMAND: POST /session/7321aecb2a857135ec5c3072eb60d4c6/element - {"using":"xpath","value":"//*[@id=\"__tile53\"]"}
COMMAND: GET /session/7321aecb2a857135ec5c3072eb60d4c6/screenshot - {}
RESULT: {"using":"xpath","value":"//*[@id=\"__tile53\"]"}
COMMAND: POST /session/7321aecb2a857135ec5c3072eb60d4c6/element/f.EB9C1B08A199D375CD0759B34D3D4CE8.d.6D2263C4F7012AEDC4443528AE388441.e.2544/click - {}
RESULT: {}
RESULT: undefined
COMMAND: POST /session/7321aecb2a857135ec5c3072eb60d4c6/execute/async - {"script":"<script> [6424 bytes]","args":[{"element-6066-11e4-a52e-4f735466cecf":"f.EB9C1B08A199D375CD0759B34D3D4CE8.d.6D2263C4F7012AEDC4443528AE388441.e.287"},"getTitle",[]]}
COMMAND: POST /session/7321aecb2a857135ec5c3072eb60d4c6/execute/async - {"script":"<script> [1562 bytes]","args":[{"selector":{"id":"shellAppTitle"},"wdio_ui5_key":"shellAppTitle"}]}
RESULT: {"script":"<script> [1562 bytes]","args":[{"selector":{"id":"shellAppTitle"},"wdio_ui5_key":"shellAppTitle"}]}
COMMAND: POST /session/7321aecb2a857135ec5c3072eb60d4c6/execute/async - {"script":"<script> [6424 bytes]","args":[{"element-6066-11e4-a52e-4f735466cecf":"f.EB9C1B08A199D375CD0759B34D3D4CE8.d.6D2263C4F7012AEDC4443528AE388441.e.2866"},"getTitle",[]]}
RESULT: {"script":"<script> [6424 bytes]","args":[{"element-6066-11e4-a52e-4f735466cecf":"f.EB9C1B08A199D375CD0759B34D3D4CE8.d.6D2263C4F7012AEDC4443528AE388441.e.2866"},"getTitle",[]]}
RESULT: undefined
COMMAND: POST /session/7321aecb2a857135ec5c3072eb60d4c6/element/f.EB9C1B08A199D375CD0759B34D3D4CE8.d.6D2263C4F7012AEDC4443528AE388441.e.2575/click - {}
RESULT: {}
COMMAND: GET /session/7321aecb2a857135ec5c3072eb60d4c6/screenshot - {}
RESULT: {}
]]></system-out>
    </testcase>
    <testcase classname="chrome.136_0_7103_93.windows.Sanity_Tests_US104253" name="Should open Billing Transfer page" time="47.979">
      <system-out><![CDATA[
COMMAND: POST /session/7321aecb2a857135ec5c3072eb60d4c6/execute/async - {"script":"<script> [1562 bytes]","args":[{"selector":{"controlType":"sap.m.GenericTile","properties":{"header":"Billing Transfer"}},"wdio_ui5_key":"sapm.GenericTile{\"header\":\"Billing Transfer\"}"}]}
RESULT: {"script":"<script> [1562 bytes]","args":[{"selector":{"controlType":"sap.m.GenericTile","properties":{"header":"Billing Transfer"}},"wdio_ui5_key":"sapm.GenericTile{\"header\":\"Billing Transfer\"}"}]}
RESULT: undefined
COMMAND: POST /session/7321aecb2a857135ec5c3072eb60d4c6/element - {"using":"xpath","value":"//*[@id=\"__tile50\"]"}
RESULT: {"using":"xpath","value":"//*[@id=\"__tile50\"]"}
COMMAND: POST /session/7321aecb2a857135ec5c3072eb60d4c6/element/f.EB9C1B08A199D375CD0759B34D3D4CE8.d.6D2263C4F7012AEDC4443528AE388441.e.2868/click - {}
RESULT: {}
COMMAND: GET /session/7321aecb2a857135ec5c3072eb60d4c6/screenshot - {}
RESULT: {}
COMMAND: POST /session/7321aecb2a857135ec5c3072eb60d4c6/elements - {"using":"xpath","value":"//span[text()='Error']"}
RESULT: {"using":"xpath","value":"//span[text()='Error']"}
RESULT: undefined
COMMAND: POST /session/7321aecb2a857135ec5c3072eb60d4c6/element - {"using":"xpath","value":"//*[@id=\"__tile50\"]"}
RESULT: {"using":"xpath","value":"//*[@id=\"__tile50\"]"}
COMMAND: POST /session/7321aecb2a857135ec5c3072eb60d4c6/element/f.EB9C1B08A199D375CD0759B34D3D4CE8.d.6D2263C4F7012AEDC4443528AE388441.e.2868/click - {}
RESULT: undefined
COMMAND: POST /session/7321aecb2a857135ec5c3072eb60d4c6/element - {"using":"xpath","value":"//*[@id=\"__tile50\"]"}
RESULT: {"using":"xpath","value":"//*[@id=\"__tile50\"]"}
COMMAND: POST /session/7321aecb2a857135ec5c3072eb60d4c6/element/f.EB9C1B08A199D375CD0759B34D3D4CE8.d.6D2263C4F7012AEDC4443528AE388441.e.2868/click - {}
RESULT: undefined
COMMAND: POST /session/7321aecb2a857135ec5c3072eb60d4c6/execute/async - {"script":"<script> [6424 bytes]","args":[{"element-6066-11e4-a52e-4f735466cecf":"f.EB9C1B08A199D375CD0759B34D3D4CE8.d.6D2263C4F7012AEDC4443528AE388441.e.287"},"getTitle",[]]}
COMMAND: POST /session/7321aecb2a857135ec5c3072eb60d4c6/execute/async - {"script":"<script> [1562 bytes]","args":[{"selector":{"id":"shellAppTitle"},"wdio_ui5_key":"shellAppTitle"}]}
RESULT: {"script":"<script> [1562 bytes]","args":[{"selector":{"id":"shellAppTitle"},"wdio_ui5_key":"shellAppTitle"}]}
COMMAND: POST /session/7321aecb2a857135ec5c3072eb60d4c6/execute/async - {"script":"<script> [6424 bytes]","args":[{"element-6066-11e4-a52e-4f735466cecf":"f.EB9C1B08A199D375CD0759B34D3D4CE8.d.6D2263C4F7012AEDC4443528AE388441.e.2982"},"getTitle",[]]}
RESULT: {"script":"<script> [6424 bytes]","args":[{"element-6066-11e4-a52e-4f735466cecf":"f.EB9C1B08A199D375CD0759B34D3D4CE8.d.6D2263C4F7012AEDC4443528AE388441.e.2982"},"getTitle",[]]}
RESULT: undefined
COMMAND: POST /session/7321aecb2a857135ec5c3072eb60d4c6/element/f.EB9C1B08A199D375CD0759B34D3D4CE8.d.6D2263C4F7012AEDC4443528AE388441.e.2575/click - {}
COMMAND: POST /session/7321aecb2a857135ec5c3072eb60d4c6/element - {"using":"xpath","value":"//*[@id=\"backBtn\"]"}
RESULT: {"using":"xpath","value":"//*[@id=\"backBtn\"]"}
COMMAND: POST /session/7321aecb2a857135ec5c3072eb60d4c6/element/f.EB9C1B08A199D375CD0759B34D3D4CE8.d.6D2263C4F7012AEDC4443528AE388441.e.2575/click - {}
COMMAND: POST /session/7321aecb2a857135ec5c3072eb60d4c6/element - {"using":"xpath","value":"//*[@id=\"backBtn\"]"}
RESULT: {"using":"xpath","value":"//*[@id=\"backBtn\"]"}
COMMAND: POST /session/7321aecb2a857135ec5c3072eb60d4c6/element/f.EB9C1B08A199D375CD0759B34D3D4CE8.d.6D2263C4F7012AEDC4443528AE388441.e.2983/click - {}
RESULT: {}
COMMAND: GET /session/7321aecb2a857135ec5c3072eb60d4c6/screenshot - {}
RESULT: {}
]]></system-out>
    </testcase>
    <testcase classname="chrome.136_0_7103_93.windows.Sanity_Tests_US104253" name="Should open Manage Pricing Rules page" time="39.73">
      <system-out><![CDATA[
COMMAND: POST /session/7321aecb2a857135ec5c3072eb60d4c6/execute/async - {"script":"<script> [1562 bytes]","args":[{"selector":{"controlType":"sap.m.GenericTile","properties":{"header":"Manage Pricing Rules"}},"wdio_ui5_key":"sapm.GenericTile{\"header\":\"Manage Pricing Rules\"}"}]}
RESULT: {"script":"<script> [1562 bytes]","args":[{"selector":{"controlType":"sap.m.GenericTile","properties":{"header":"Manage Pricing Rules"}},"wdio_ui5_key":"sapm.GenericTile{\"header\":\"Manage Pricing Rules\"}"}]}
RESULT: undefined
COMMAND: POST /session/7321aecb2a857135ec5c3072eb60d4c6/element - {"using":"xpath","value":"//*[@id=\"__tile55\"]"}
RESULT: {"using":"xpath","value":"//*[@id=\"__tile55\"]"}
COMMAND: POST /session/7321aecb2a857135ec5c3072eb60d4c6/element/f.EB9C1B08A199D375CD0759B34D3D4CE8.d.6D2263C4F7012AEDC4443528AE388441.e.2985/click - {}
RESULT: {}
COMMAND: GET /session/7321aecb2a857135ec5c3072eb60d4c6/screenshot - {}
RESULT: {}
COMMAND: POST /session/7321aecb2a857135ec5c3072eb60d4c6/elements - {"using":"xpath","value":"//span[text()='Error']"}
RESULT: {"using":"xpath","value":"//span[text()='Error']"}
RESULT: undefined
COMMAND: POST /session/7321aecb2a857135ec5c3072eb60d4c6/element - {"using":"xpath","value":"//*[@id=\"__tile55\"]"}
RESULT: {"using":"xpath","value":"//*[@id=\"__tile55\"]"}
COMMAND: POST /session/7321aecb2a857135ec5c3072eb60d4c6/element/f.EB9C1B08A199D375CD0759B34D3D4CE8.d.6D2263C4F7012AEDC4443528AE388441.e.2985/click - {}
RESULT: undefined
COMMAND: POST /session/7321aecb2a857135ec5c3072eb60d4c6/element - {"using":"xpath","value":"//*[@id=\"__tile55\"]"}
RESULT: {"using":"xpath","value":"//*[@id=\"__tile55\"]"}
COMMAND: POST /session/7321aecb2a857135ec5c3072eb60d4c6/element/f.EB9C1B08A199D375CD0759B34D3D4CE8.d.6D2263C4F7012AEDC4443528AE388441.e.2985/click - {}
RESULT: undefined
COMMAND: POST /session/7321aecb2a857135ec5c3072eb60d4c6/execute/async - {"script":"<script> [6424 bytes]","args":[{"element-6066-11e4-a52e-4f735466cecf":"f.EB9C1B08A199D375CD0759B34D3D4CE8.d.6D2263C4F7012AEDC4443528AE388441.e.287"},"getTitle",[]]}
COMMAND: POST /session/7321aecb2a857135ec5c3072eb60d4c6/execute/async - {"script":"<script> [1562 bytes]","args":[{"selector":{"id":"shellAppTitle"},"wdio_ui5_key":"shellAppTitle"}]}
RESULT: {"script":"<script> [1562 bytes]","args":[{"selector":{"id":"shellAppTitle"},"wdio_ui5_key":"shellAppTitle"}]}
COMMAND: POST /session/7321aecb2a857135ec5c3072eb60d4c6/execute/async - {"script":"<script> [6424 bytes]","args":[{"element-6066-11e4-a52e-4f735466cecf":"f.EB9C1B08A199D375CD0759B34D3D4CE8.d.6D2263C4F7012AEDC4443528AE388441.e.3033"},"getTitle",[]]}
RESULT: {"script":"<script> [6424 bytes]","args":[{"element-6066-11e4-a52e-4f735466cecf":"f.EB9C1B08A199D375CD0759B34D3D4CE8.d.6D2263C4F7012AEDC4443528AE388441.e.3033"},"getTitle",[]]}
RESULT: undefined
COMMAND: POST /session/7321aecb2a857135ec5c3072eb60d4c6/element/f.EB9C1B08A199D375CD0759B34D3D4CE8.d.6D2263C4F7012AEDC4443528AE388441.e.2983/click - {}
RESULT: {}
COMMAND: GET /session/7321aecb2a857135ec5c3072eb60d4c6/screenshot - {}
RESULT: {}
]]></system-out>
    </testcase>
    <testcase classname="chrome.136_0_7103_93.windows.Sanity_Tests_US104253" name="Should open Manage Price Determination Matrices page" time="38.935">
      <system-out><![CDATA[
COMMAND: POST /session/7321aecb2a857135ec5c3072eb60d4c6/execute/async - {"script":"<script> [1562 bytes]","args":[{"selector":{"controlType":"sap.m.GenericTile","properties":{"header":"Manage Price Determination Matrices"}},"wdio_ui5_key":"sapm.GenericTile{\"header\":\"Manage Price Determination Matrices\"}"}]}
RESULT: {"script":"<script> [1562 bytes]","args":[{"selector":{"controlType":"sap.m.GenericTile","properties":{"header":"Manage Price Determination Matrices"}},"wdio_ui5_key":"sapm.GenericTile{\"header\":\"Manage Price Determination Matrices\"}"}]}
RESULT: undefined
COMMAND: POST /session/7321aecb2a857135ec5c3072eb60d4c6/element - {"using":"xpath","value":"//*[@id=\"__tile54\"]"}
RESULT: {"using":"xpath","value":"//*[@id=\"__tile54\"]"}
COMMAND: POST /session/7321aecb2a857135ec5c3072eb60d4c6/element/f.EB9C1B08A199D375CD0759B34D3D4CE8.d.6D2263C4F7012AEDC4443528AE388441.e.3035/click - {}
RESULT: {}
COMMAND: GET /session/7321aecb2a857135ec5c3072eb60d4c6/screenshot - {}
RESULT: {}
COMMAND: POST /session/7321aecb2a857135ec5c3072eb60d4c6/elements - {"using":"xpath","value":"//span[text()='Error']"}
RESULT: {"using":"xpath","value":"//span[text()='Error']"}
RESULT: undefined
COMMAND: POST /session/7321aecb2a857135ec5c3072eb60d4c6/element - {"using":"xpath","value":"//*[@id=\"__tile54\"]"}
RESULT: {"using":"xpath","value":"//*[@id=\"__tile54\"]"}
COMMAND: POST /session/7321aecb2a857135ec5c3072eb60d4c6/element/f.EB9C1B08A199D375CD0759B34D3D4CE8.d.6D2263C4F7012AEDC4443528AE388441.e.3035/click - {}
RESULT: undefined
COMMAND: POST /session/7321aecb2a857135ec5c3072eb60d4c6/element - {"using":"xpath","value":"//*[@id=\"__tile54\"]"}
RESULT: {"using":"xpath","value":"//*[@id=\"__tile54\"]"}
COMMAND: POST /session/7321aecb2a857135ec5c3072eb60d4c6/element/f.EB9C1B08A199D375CD0759B34D3D4CE8.d.6D2263C4F7012AEDC4443528AE388441.e.3035/click - {}
RESULT: undefined
COMMAND: POST /session/7321aecb2a857135ec5c3072eb60d4c6/execute/async - {"script":"<script> [6424 bytes]","args":[{"element-6066-11e4-a52e-4f735466cecf":"f.EB9C1B08A199D375CD0759B34D3D4CE8.d.6D2263C4F7012AEDC4443528AE388441.e.287"},"getTitle",[]]}
COMMAND: POST /session/7321aecb2a857135ec5c3072eb60d4c6/execute/async - {"script":"<script> [1562 bytes]","args":[{"selector":{"id":"shellAppTitle"},"wdio_ui5_key":"shellAppTitle"}]}
RESULT: {"script":"<script> [1562 bytes]","args":[{"selector":{"id":"shellAppTitle"},"wdio_ui5_key":"shellAppTitle"}]}
COMMAND: POST /session/7321aecb2a857135ec5c3072eb60d4c6/execute/async - {"script":"<script> [6424 bytes]","args":[{"element-6066-11e4-a52e-4f735466cecf":"f.EB9C1B08A199D375CD0759B34D3D4CE8.d.6D2263C4F7012AEDC4443528AE388441.e.3138"},"getTitle",[]]}
RESULT: {"script":"<script> [6424 bytes]","args":[{"element-6066-11e4-a52e-4f735466cecf":"f.EB9C1B08A199D375CD0759B34D3D4CE8.d.6D2263C4F7012AEDC4443528AE388441.e.3138"},"getTitle",[]]}
RESULT: undefined
COMMAND: POST /session/7321aecb2a857135ec5c3072eb60d4c6/element/f.EB9C1B08A199D375CD0759B34D3D4CE8.d.6D2263C4F7012AEDC4443528AE388441.e.2983/click - {}
COMMAND: POST /session/7321aecb2a857135ec5c3072eb60d4c6/element - {"using":"xpath","value":"//*[@id=\"backBtn\"]"}
RESULT: {"using":"xpath","value":"//*[@id=\"backBtn\"]"}
COMMAND: POST /session/7321aecb2a857135ec5c3072eb60d4c6/element/f.EB9C1B08A199D375CD0759B34D3D4CE8.d.6D2263C4F7012AEDC4443528AE388441.e.2983/click - {}
COMMAND: POST /session/7321aecb2a857135ec5c3072eb60d4c6/element - {"using":"xpath","value":"//*[@id=\"backBtn\"]"}
RESULT: {"using":"xpath","value":"//*[@id=\"backBtn\"]"}
COMMAND: POST /session/7321aecb2a857135ec5c3072eb60d4c6/element/f.EB9C1B08A199D375CD0759B34D3D4CE8.d.6D2263C4F7012AEDC4443528AE388441.e.3139/click - {}
RESULT: {}
COMMAND: GET /session/7321aecb2a857135ec5c3072eb60d4c6/screenshot - {}
RESULT: {}
]]></system-out>
    </testcase>
    <testcase classname="chrome.136_0_7103_93.windows.Sanity_Tests_US104253" name="Should open Yard Overview page" time="43.923">
      <system-out><![CDATA[
COMMAND: POST /session/7321aecb2a857135ec5c3072eb60d4c6/execute/async - {"script":"<script> [1562 bytes]","args":[{"selector":{"controlType":"sap.m.GenericTile","properties":{"header":"Yard Overview"}},"wdio_ui5_key":"sapm.GenericTile{\"header\":\"Yard Overview\"}"}]}
RESULT: {"script":"<script> [1562 bytes]","args":[{"selector":{"controlType":"sap.m.GenericTile","properties":{"header":"Yard Overview"}},"wdio_ui5_key":"sapm.GenericTile{\"header\":\"Yard Overview\"}"}]}
RESULT: undefined
COMMAND: POST /session/7321aecb2a857135ec5c3072eb60d4c6/element - {"using":"xpath","value":"//*[@id=\"__tile102\"]"}
RESULT: {"using":"xpath","value":"//*[@id=\"__tile102\"]"}
COMMAND: POST /session/7321aecb2a857135ec5c3072eb60d4c6/element/f.EB9C1B08A199D375CD0759B34D3D4CE8.d.6D2263C4F7012AEDC4443528AE388441.e.3141/click - {}
RESULT: {}
COMMAND: GET /session/7321aecb2a857135ec5c3072eb60d4c6/screenshot - {}
RESULT: {}
COMMAND: POST /session/7321aecb2a857135ec5c3072eb60d4c6/elements - {"using":"xpath","value":"//span[text()='Error']"}
RESULT: {"using":"xpath","value":"//span[text()='Error']"}
RESULT: undefined
COMMAND: POST /session/7321aecb2a857135ec5c3072eb60d4c6/element - {"using":"xpath","value":"//*[@id=\"__tile102\"]"}
RESULT: {"using":"xpath","value":"//*[@id=\"__tile102\"]"}
COMMAND: POST /session/7321aecb2a857135ec5c3072eb60d4c6/element/f.EB9C1B08A199D375CD0759B34D3D4CE8.d.6D2263C4F7012AEDC4443528AE388441.e.3141/click - {}
RESULT: undefined
COMMAND: POST /session/7321aecb2a857135ec5c3072eb60d4c6/element - {"using":"xpath","value":"//*[@id=\"__tile102\"]"}
RESULT: {"using":"xpath","value":"//*[@id=\"__tile102\"]"}
COMMAND: POST /session/7321aecb2a857135ec5c3072eb60d4c6/element/f.EB9C1B08A199D375CD0759B34D3D4CE8.d.6D2263C4F7012AEDC4443528AE388441.e.3141/click - {}
RESULT: undefined
COMMAND: POST /session/7321aecb2a857135ec5c3072eb60d4c6/execute/async - {"script":"<script> [6424 bytes]","args":[{"element-6066-11e4-a52e-4f735466cecf":"f.EB9C1B08A199D375CD0759B34D3D4CE8.d.6D2263C4F7012AEDC4443528AE388441.e.287"},"getTitle",[]]}
COMMAND: POST /session/7321aecb2a857135ec5c3072eb60d4c6/execute/async - {"script":"<script> [1562 bytes]","args":[{"selector":{"id":"shellAppTitle"},"wdio_ui5_key":"shellAppTitle"}]}
RESULT: {"script":"<script> [1562 bytes]","args":[{"selector":{"id":"shellAppTitle"},"wdio_ui5_key":"shellAppTitle"}]}
COMMAND: POST /session/7321aecb2a857135ec5c3072eb60d4c6/execute/async - {"script":"<script> [6424 bytes]","args":[{"element-6066-11e4-a52e-4f735466cecf":"f.EB9C1B08A199D375CD0759B34D3D4CE8.d.6D2263C4F7012AEDC4443528AE388441.e.3200"},"getTitle",[]]}
RESULT: {"script":"<script> [6424 bytes]","args":[{"element-6066-11e4-a52e-4f735466cecf":"f.EB9C1B08A199D375CD0759B34D3D4CE8.d.6D2263C4F7012AEDC4443528AE388441.e.3200"},"getTitle",[]]}
RESULT: undefined
COMMAND: POST /session/7321aecb2a857135ec5c3072eb60d4c6/element/f.EB9C1B08A199D375CD0759B34D3D4CE8.d.6D2263C4F7012AEDC4443528AE388441.e.3139/click - {}
RESULT: {}
COMMAND: GET /session/7321aecb2a857135ec5c3072eb60d4c6/screenshot - {}
RESULT: {}
]]></system-out>
    </testcase>
    <testcase classname="chrome.136_0_7103_93.windows.Sanity_Tests_US104253" name="Should open Site Overview page" time="38.502">
      <system-out><![CDATA[
COMMAND: POST /session/7321aecb2a857135ec5c3072eb60d4c6/execute/async - {"script":"<script> [1562 bytes]","args":[{"selector":{"controlType":"sap.m.GenericTile","properties":{"header":"Site Overview"}},"wdio_ui5_key":"sapm.GenericTile{\"header\":\"Site Overview\"}"}]}
RESULT: {"script":"<script> [1562 bytes]","args":[{"selector":{"controlType":"sap.m.GenericTile","properties":{"header":"Site Overview"}},"wdio_ui5_key":"sapm.GenericTile{\"header\":\"Site Overview\"}"}]}
RESULT: undefined
COMMAND: POST /session/7321aecb2a857135ec5c3072eb60d4c6/element - {"using":"xpath","value":"//*[@id=\"__tile100\"]"}
RESULT: {"using":"xpath","value":"//*[@id=\"__tile100\"]"}
COMMAND: POST /session/7321aecb2a857135ec5c3072eb60d4c6/element/f.EB9C1B08A199D375CD0759B34D3D4CE8.d.6D2263C4F7012AEDC4443528AE388441.e.3203/click - {}
RESULT: {}
COMMAND: GET /session/7321aecb2a857135ec5c3072eb60d4c6/screenshot - {}
RESULT: {}
COMMAND: POST /session/7321aecb2a857135ec5c3072eb60d4c6/elements - {"using":"xpath","value":"//span[text()='Error']"}
RESULT: {"using":"xpath","value":"//span[text()='Error']"}
RESULT: undefined
COMMAND: POST /session/7321aecb2a857135ec5c3072eb60d4c6/element - {"using":"xpath","value":"//*[@id=\"__tile100\"]"}
RESULT: {"using":"xpath","value":"//*[@id=\"__tile100\"]"}
COMMAND: POST /session/7321aecb2a857135ec5c3072eb60d4c6/element/f.EB9C1B08A199D375CD0759B34D3D4CE8.d.6D2263C4F7012AEDC4443528AE388441.e.3203/click - {}
RESULT: undefined
COMMAND: POST /session/7321aecb2a857135ec5c3072eb60d4c6/element - {"using":"xpath","value":"//*[@id=\"__tile100\"]"}
RESULT: {"using":"xpath","value":"//*[@id=\"__tile100\"]"}
COMMAND: POST /session/7321aecb2a857135ec5c3072eb60d4c6/element/f.EB9C1B08A199D375CD0759B34D3D4CE8.d.6D2263C4F7012AEDC4443528AE388441.e.3203/click - {}
RESULT: undefined
COMMAND: POST /session/7321aecb2a857135ec5c3072eb60d4c6/execute/async - {"script":"<script> [6424 bytes]","args":[{"element-6066-11e4-a52e-4f735466cecf":"f.EB9C1B08A199D375CD0759B34D3D4CE8.d.6D2263C4F7012AEDC4443528AE388441.e.287"},"getTitle",[]]}
COMMAND: POST /session/7321aecb2a857135ec5c3072eb60d4c6/execute/async - {"script":"<script> [1562 bytes]","args":[{"selector":{"id":"shellAppTitle"},"wdio_ui5_key":"shellAppTitle"}]}
RESULT: {"script":"<script> [1562 bytes]","args":[{"selector":{"id":"shellAppTitle"},"wdio_ui5_key":"shellAppTitle"}]}
COMMAND: POST /session/7321aecb2a857135ec5c3072eb60d4c6/execute/async - {"script":"<script> [6424 bytes]","args":[{"element-6066-11e4-a52e-4f735466cecf":"f.EB9C1B08A199D375CD0759B34D3D4CE8.d.6D2263C4F7012AEDC4443528AE388441.e.3316"},"getTitle",[]]}
RESULT: {"script":"<script> [6424 bytes]","args":[{"element-6066-11e4-a52e-4f735466cecf":"f.EB9C1B08A199D375CD0759B34D3D4CE8.d.6D2263C4F7012AEDC4443528AE388441.e.3316"},"getTitle",[]]}
RESULT: undefined
COMMAND: POST /session/7321aecb2a857135ec5c3072eb60d4c6/element/f.EB9C1B08A199D375CD0759B34D3D4CE8.d.6D2263C4F7012AEDC4443528AE388441.e.3139/click - {}
COMMAND: POST /session/7321aecb2a857135ec5c3072eb60d4c6/element - {"using":"xpath","value":"//*[@id=\"backBtn\"]"}
RESULT: {"using":"xpath","value":"//*[@id=\"backBtn\"]"}
COMMAND: POST /session/7321aecb2a857135ec5c3072eb60d4c6/element/f.EB9C1B08A199D375CD0759B34D3D4CE8.d.6D2263C4F7012AEDC4443528AE388441.e.3139/click - {}
COMMAND: POST /session/7321aecb2a857135ec5c3072eb60d4c6/element - {"using":"xpath","value":"//*[@id=\"backBtn\"]"}
RESULT: {"using":"xpath","value":"//*[@id=\"backBtn\"]"}
COMMAND: POST /session/7321aecb2a857135ec5c3072eb60d4c6/element/f.EB9C1B08A199D375CD0759B34D3D4CE8.d.6D2263C4F7012AEDC4443528AE388441.e.3317/click - {}
RESULT: {}
COMMAND: GET /session/7321aecb2a857135ec5c3072eb60d4c6/screenshot - {}
RESULT: {}
]]></system-out>
    </testcase>
    <testcase classname="chrome.136_0_7103_93.windows.Sanity_Tests_US104253" name="Should open Trace Track Resources page" time="37.639">
      <system-out><![CDATA[
COMMAND: POST /session/7321aecb2a857135ec5c3072eb60d4c6/execute/async - {"script":"<script> [1562 bytes]","args":[{"selector":{"controlType":"sap.m.GenericTile","properties":{"header":"Trace & Track Resources"}},"wdio_ui5_key":"sapm.GenericTile{\"header\":\"Trace & Track Resources\"}"}]}
RESULT: {"script":"<script> [1562 bytes]","args":[{"selector":{"controlType":"sap.m.GenericTile","properties":{"header":"Trace & Track Resources"}},"wdio_ui5_key":"sapm.GenericTile{\"header\":\"Trace & Track Resources\"}"}]}
RESULT: undefined
COMMAND: POST /session/7321aecb2a857135ec5c3072eb60d4c6/element - {"using":"xpath","value":"//*[@id=\"__tile101\"]"}
RESULT: {"using":"xpath","value":"//*[@id=\"__tile101\"]"}
COMMAND: POST /session/7321aecb2a857135ec5c3072eb60d4c6/element/f.EB9C1B08A199D375CD0759B34D3D4CE8.d.6D2263C4F7012AEDC4443528AE388441.e.3319/click - {}
RESULT: {}
COMMAND: GET /session/7321aecb2a857135ec5c3072eb60d4c6/screenshot - {}
RESULT: {}
COMMAND: POST /session/7321aecb2a857135ec5c3072eb60d4c6/elements - {"using":"xpath","value":"//span[text()='Error']"}
RESULT: {"using":"xpath","value":"//span[text()='Error']"}
RESULT: undefined
COMMAND: POST /session/7321aecb2a857135ec5c3072eb60d4c6/element - {"using":"xpath","value":"//*[@id=\"__tile101\"]"}
RESULT: {"using":"xpath","value":"//*[@id=\"__tile101\"]"}
COMMAND: POST /session/7321aecb2a857135ec5c3072eb60d4c6/element/f.EB9C1B08A199D375CD0759B34D3D4CE8.d.6D2263C4F7012AEDC4443528AE388441.e.3319/click - {}
RESULT: undefined
COMMAND: POST /session/7321aecb2a857135ec5c3072eb60d4c6/element - {"using":"xpath","value":"//*[@id=\"__tile101\"]"}
RESULT: {"using":"xpath","value":"//*[@id=\"__tile101\"]"}
COMMAND: POST /session/7321aecb2a857135ec5c3072eb60d4c6/element/f.EB9C1B08A199D375CD0759B34D3D4CE8.d.6D2263C4F7012AEDC4443528AE388441.e.3319/click - {}
RESULT: undefined
COMMAND: POST /session/7321aecb2a857135ec5c3072eb60d4c6/execute/async - {"script":"<script> [6424 bytes]","args":[{"element-6066-11e4-a52e-4f735466cecf":"f.EB9C1B08A199D375CD0759B34D3D4CE8.d.6D2263C4F7012AEDC4443528AE388441.e.287"},"getTitle",[]]}
COMMAND: POST /session/7321aecb2a857135ec5c3072eb60d4c6/execute/async - {"script":"<script> [1562 bytes]","args":[{"selector":{"id":"shellAppTitle"},"wdio_ui5_key":"shellAppTitle"}]}
RESULT: {"script":"<script> [1562 bytes]","args":[{"selector":{"id":"shellAppTitle"},"wdio_ui5_key":"shellAppTitle"}]}
COMMAND: POST /session/7321aecb2a857135ec5c3072eb60d4c6/execute/async - {"script":"<script> [6424 bytes]","args":[{"element-6066-11e4-a52e-4f735466cecf":"f.EB9C1B08A199D375CD0759B34D3D4CE8.d.6D2263C4F7012AEDC4443528AE388441.e.3348"},"getTitle",[]]}
RESULT: {"script":"<script> [6424 bytes]","args":[{"element-6066-11e4-a52e-4f735466cecf":"f.EB9C1B08A199D375CD0759B34D3D4CE8.d.6D2263C4F7012AEDC4443528AE388441.e.3348"},"getTitle",[]]}
RESULT: undefined
COMMAND: POST /session/7321aecb2a857135ec5c3072eb60d4c6/element/f.EB9C1B08A199D375CD0759B34D3D4CE8.d.6D2263C4F7012AEDC4443528AE388441.e.3317/click - {}
RESULT: {}
COMMAND: GET /session/7321aecb2a857135ec5c3072eb60d4c6/screenshot - {}
RESULT: {}
]]></system-out>
    </testcase>
    <testcase classname="chrome.136_0_7103_93.windows.Sanity_Tests_US104253" name="Should open RU Inventory List page" time="49.552">
      <system-out><![CDATA[
COMMAND: POST /session/7321aecb2a857135ec5c3072eb60d4c6/execute/async - {"script":"<script> [1562 bytes]","args":[{"selector":{"controlType":"sap.m.GenericTile","properties":{"header":"RU Inventory List"}},"wdio_ui5_key":"sapm.GenericTile{\"header\":\"RU Inventory List\"}"}]}
RESULT: {"script":"<script> [1562 bytes]","args":[{"selector":{"controlType":"sap.m.GenericTile","properties":{"header":"RU Inventory List"}},"wdio_ui5_key":"sapm.GenericTile{\"header\":\"RU Inventory List\"}"}]}
RESULT: undefined
COMMAND: POST /session/7321aecb2a857135ec5c3072eb60d4c6/element - {"using":"xpath","value":"//*[@id=\"__tile99\"]"}
RESULT: {"using":"xpath","value":"//*[@id=\"__tile99\"]"}
COMMAND: POST /session/7321aecb2a857135ec5c3072eb60d4c6/element/f.EB9C1B08A199D375CD0759B34D3D4CE8.d.6D2263C4F7012AEDC4443528AE388441.e.3350/click - {}
RESULT: {}
COMMAND: GET /session/7321aecb2a857135ec5c3072eb60d4c6/screenshot - {}
RESULT: {}
COMMAND: POST /session/7321aecb2a857135ec5c3072eb60d4c6/elements - {"using":"xpath","value":"//span[text()='Error']"}
RESULT: {"using":"xpath","value":"//span[text()='Error']"}
RESULT: undefined
COMMAND: POST /session/7321aecb2a857135ec5c3072eb60d4c6/element - {"using":"xpath","value":"//*[@id=\"__tile99\"]"}
RESULT: {"using":"xpath","value":"//*[@id=\"__tile99\"]"}
COMMAND: POST /session/7321aecb2a857135ec5c3072eb60d4c6/element/f.EB9C1B08A199D375CD0759B34D3D4CE8.d.6D2263C4F7012AEDC4443528AE388441.e.3350/click - {}
RESULT: undefined
COMMAND: POST /session/7321aecb2a857135ec5c3072eb60d4c6/element - {"using":"xpath","value":"//*[@id=\"__tile99\"]"}
RESULT: {"using":"xpath","value":"//*[@id=\"__tile99\"]"}
COMMAND: POST /session/7321aecb2a857135ec5c3072eb60d4c6/element/f.EB9C1B08A199D375CD0759B34D3D4CE8.d.6D2263C4F7012AEDC4443528AE388441.e.3350/click - {}
RESULT: undefined
COMMAND: POST /session/7321aecb2a857135ec5c3072eb60d4c6/execute/async - {"script":"<script> [6424 bytes]","args":[{"element-6066-11e4-a52e-4f735466cecf":"f.EB9C1B08A199D375CD0759B34D3D4CE8.d.6D2263C4F7012AEDC4443528AE388441.e.287"},"getTitle",[]]}
COMMAND: POST /session/7321aecb2a857135ec5c3072eb60d4c6/execute/async - {"script":"<script> [1562 bytes]","args":[{"selector":{"id":"shellAppTitle"},"wdio_ui5_key":"shellAppTitle"}]}
RESULT: {"script":"<script> [1562 bytes]","args":[{"selector":{"id":"shellAppTitle"},"wdio_ui5_key":"shellAppTitle"}]}
COMMAND: POST /session/7321aecb2a857135ec5c3072eb60d4c6/execute/async - {"script":"<script> [6424 bytes]","args":[{"element-6066-11e4-a52e-4f735466cecf":"f.EB9C1B08A199D375CD0759B34D3D4CE8.d.6D2263C4F7012AEDC4443528AE388441.e.3544"},"getTitle",[]]}
RESULT: {"script":"<script> [6424 bytes]","args":[{"element-6066-11e4-a52e-4f735466cecf":"f.EB9C1B08A199D375CD0759B34D3D4CE8.d.6D2263C4F7012AEDC4443528AE388441.e.3544"},"getTitle",[]]}
RESULT: undefined
COMMAND: POST /session/7321aecb2a857135ec5c3072eb60d4c6/element/f.EB9C1B08A199D375CD0759B34D3D4CE8.d.6D2263C4F7012AEDC4443528AE388441.e.3317/click - {}
COMMAND: POST /session/7321aecb2a857135ec5c3072eb60d4c6/element - {"using":"xpath","value":"//*[@id=\"backBtn\"]"}
RESULT: {"using":"xpath","value":"//*[@id=\"backBtn\"]"}
COMMAND: POST /session/7321aecb2a857135ec5c3072eb60d4c6/element/f.EB9C1B08A199D375CD0759B34D3D4CE8.d.6D2263C4F7012AEDC4443528AE388441.e.3317/click - {}
COMMAND: POST /session/7321aecb2a857135ec5c3072eb60d4c6/element - {"using":"xpath","value":"//*[@id=\"backBtn\"]"}
RESULT: {"using":"xpath","value":"//*[@id=\"backBtn\"]"}
COMMAND: POST /session/7321aecb2a857135ec5c3072eb60d4c6/element/f.EB9C1B08A199D375CD0759B34D3D4CE8.d.6D2263C4F7012AEDC4443528AE388441.e.3545/click - {}
RESULT: {}
COMMAND: GET /session/7321aecb2a857135ec5c3072eb60d4c6/screenshot - {}
RESULT: {}
]]></system-out>
    </testcase>
    <testcase classname="chrome.136_0_7103_93.windows.Sanity_Tests_US104253" name="Should open Contracts Dashboard page" time="45.251">
      <system-out><![CDATA[
COMMAND: POST /session/7321aecb2a857135ec5c3072eb60d4c6/execute/async - {"script":"<script> [1562 bytes]","args":[{"selector":{"controlType":"sap.m.GenericTile","properties":{"header":"Contracts Dashboard"}},"wdio_ui5_key":"sapm.GenericTile{\"header\":\"Contracts Dashboard\"}"}]}
RESULT: {"script":"<script> [1562 bytes]","args":[{"selector":{"controlType":"sap.m.GenericTile","properties":{"header":"Contracts Dashboard"}},"wdio_ui5_key":"sapm.GenericTile{\"header\":\"Contracts Dashboard\"}"}]}
RESULT: undefined
COMMAND: POST /session/7321aecb2a857135ec5c3072eb60d4c6/element - {"using":"xpath","value":"//*[@id=\"__tile97\"]"}
RESULT: {"using":"xpath","value":"//*[@id=\"__tile97\"]"}
COMMAND: POST /session/7321aecb2a857135ec5c3072eb60d4c6/element/f.EB9C1B08A199D375CD0759B34D3D4CE8.d.6D2263C4F7012AEDC4443528AE388441.e.3547/click - {}
RESULT: {}
COMMAND: GET /session/7321aecb2a857135ec5c3072eb60d4c6/screenshot - {}
RESULT: {}
COMMAND: POST /session/7321aecb2a857135ec5c3072eb60d4c6/elements - {"using":"xpath","value":"//span[text()='Error']"}
RESULT: {"using":"xpath","value":"//span[text()='Error']"}
RESULT: undefined
COMMAND: POST /session/7321aecb2a857135ec5c3072eb60d4c6/element - {"using":"xpath","value":"//*[@id=\"__tile97\"]"}
RESULT: {"using":"xpath","value":"//*[@id=\"__tile97\"]"}
COMMAND: POST /session/7321aecb2a857135ec5c3072eb60d4c6/element/f.EB9C1B08A199D375CD0759B34D3D4CE8.d.6D2263C4F7012AEDC4443528AE388441.e.3547/click - {}
RESULT: undefined
COMMAND: POST /session/7321aecb2a857135ec5c3072eb60d4c6/element - {"using":"xpath","value":"//*[@id=\"__tile97\"]"}
RESULT: {"using":"xpath","value":"//*[@id=\"__tile97\"]"}
COMMAND: POST /session/7321aecb2a857135ec5c3072eb60d4c6/element/f.EB9C1B08A199D375CD0759B34D3D4CE8.d.6D2263C4F7012AEDC4443528AE388441.e.3547/click - {}
RESULT: undefined
COMMAND: POST /session/7321aecb2a857135ec5c3072eb60d4c6/execute/async - {"script":"<script> [6424 bytes]","args":[{"element-6066-11e4-a52e-4f735466cecf":"f.EB9C1B08A199D375CD0759B34D3D4CE8.d.6D2263C4F7012AEDC4443528AE388441.e.287"},"getTitle",[]]}
COMMAND: POST /session/7321aecb2a857135ec5c3072eb60d4c6/execute/async - {"script":"<script> [1562 bytes]","args":[{"selector":{"id":"shellAppTitle"},"wdio_ui5_key":"shellAppTitle"}]}
RESULT: {"script":"<script> [1562 bytes]","args":[{"selector":{"id":"shellAppTitle"},"wdio_ui5_key":"shellAppTitle"}]}
COMMAND: POST /session/7321aecb2a857135ec5c3072eb60d4c6/execute/async - {"script":"<script> [6424 bytes]","args":[{"element-6066-11e4-a52e-4f735466cecf":"f.EB9C1B08A199D375CD0759B34D3D4CE8.d.6D2263C4F7012AEDC4443528AE388441.e.3569"},"getTitle",[]]}
RESULT: {"script":"<script> [6424 bytes]","args":[{"element-6066-11e4-a52e-4f735466cecf":"f.EB9C1B08A199D375CD0759B34D3D4CE8.d.6D2263C4F7012AEDC4443528AE388441.e.3569"},"getTitle",[]]}
RESULT: undefined
COMMAND: POST /session/7321aecb2a857135ec5c3072eb60d4c6/element/f.EB9C1B08A199D375CD0759B34D3D4CE8.d.6D2263C4F7012AEDC4443528AE388441.e.3545/click - {}
RESULT: {}
COMMAND: GET /session/7321aecb2a857135ec5c3072eb60d4c6/screenshot - {}
RESULT: {}
]]></system-out>
    </testcase>
    <testcase classname="chrome.136_0_7103_93.windows.Sanity_Tests_US104253" name="Should open Bin Status Report page" time="40.517">
      <system-out><![CDATA[
COMMAND: POST /session/7321aecb2a857135ec5c3072eb60d4c6/execute/async - {"script":"<script> [1562 bytes]","args":[{"selector":{"controlType":"sap.m.GenericTile","properties":{"header":"Bin Status Report"}},"wdio_ui5_key":"sapm.GenericTile{\"header\":\"Bin Status Report\"}"}]}
RESULT: {"script":"<script> [1562 bytes]","args":[{"selector":{"controlType":"sap.m.GenericTile","properties":{"header":"Bin Status Report"}},"wdio_ui5_key":"sapm.GenericTile{\"header\":\"Bin Status Report\"}"}]}
RESULT: undefined
COMMAND: POST /session/7321aecb2a857135ec5c3072eb60d4c6/element - {"using":"xpath","value":"//*[@id=\"__tile104\"]"}
RESULT: {"using":"xpath","value":"//*[@id=\"__tile104\"]"}
COMMAND: POST /session/7321aecb2a857135ec5c3072eb60d4c6/element/f.EB9C1B08A199D375CD0759B34D3D4CE8.d.6D2263C4F7012AEDC4443528AE388441.e.3571/click - {}
RESULT: {}
COMMAND: GET /session/7321aecb2a857135ec5c3072eb60d4c6/screenshot - {}
RESULT: {}
COMMAND: POST /session/7321aecb2a857135ec5c3072eb60d4c6/elements - {"using":"xpath","value":"//span[text()='Error']"}
RESULT: {"using":"xpath","value":"//span[text()='Error']"}
RESULT: undefined
COMMAND: POST /session/7321aecb2a857135ec5c3072eb60d4c6/element - {"using":"xpath","value":"//*[@id=\"__tile104\"]"}
RESULT: {"using":"xpath","value":"//*[@id=\"__tile104\"]"}
COMMAND: POST /session/7321aecb2a857135ec5c3072eb60d4c6/element/f.EB9C1B08A199D375CD0759B34D3D4CE8.d.6D2263C4F7012AEDC4443528AE388441.e.3571/click - {}
RESULT: undefined
COMMAND: POST /session/7321aecb2a857135ec5c3072eb60d4c6/element - {"using":"xpath","value":"//*[@id=\"__tile104\"]"}
RESULT: {"using":"xpath","value":"//*[@id=\"__tile104\"]"}
COMMAND: POST /session/7321aecb2a857135ec5c3072eb60d4c6/element/f.EB9C1B08A199D375CD0759B34D3D4CE8.d.6D2263C4F7012AEDC4443528AE388441.e.3571/click - {}
RESULT: undefined
COMMAND: POST /session/7321aecb2a857135ec5c3072eb60d4c6/execute/async - {"script":"<script> [6424 bytes]","args":[{"element-6066-11e4-a52e-4f735466cecf":"f.EB9C1B08A199D375CD0759B34D3D4CE8.d.6D2263C4F7012AEDC4443528AE388441.e.287"},"getTitle",[]]}
COMMAND: POST /session/7321aecb2a857135ec5c3072eb60d4c6/execute/async - {"script":"<script> [1562 bytes]","args":[{"selector":{"id":"shellAppTitle"},"wdio_ui5_key":"shellAppTitle"}]}
RESULT: {"script":"<script> [1562 bytes]","args":[{"selector":{"id":"shellAppTitle"},"wdio_ui5_key":"shellAppTitle"}]}
COMMAND: POST /session/7321aecb2a857135ec5c3072eb60d4c6/execute/async - {"script":"<script> [6424 bytes]","args":[{"element-6066-11e4-a52e-4f735466cecf":"f.EB9C1B08A199D375CD0759B34D3D4CE8.d.6D2263C4F7012AEDC4443528AE388441.e.3657"},"getTitle",[]]}
RESULT: {"script":"<script> [6424 bytes]","args":[{"element-6066-11e4-a52e-4f735466cecf":"f.EB9C1B08A199D375CD0759B34D3D4CE8.d.6D2263C4F7012AEDC4443528AE388441.e.3657"},"getTitle",[]]}
RESULT: undefined
COMMAND: POST /session/7321aecb2a857135ec5c3072eb60d4c6/element/f.EB9C1B08A199D375CD0759B34D3D4CE8.d.6D2263C4F7012AEDC4443528AE388441.e.3545/click - {}
COMMAND: POST /session/7321aecb2a857135ec5c3072eb60d4c6/element - {"using":"xpath","value":"//*[@id=\"backBtn\"]"}
RESULT: {"using":"xpath","value":"//*[@id=\"backBtn\"]"}
COMMAND: POST /session/7321aecb2a857135ec5c3072eb60d4c6/element/f.EB9C1B08A199D375CD0759B34D3D4CE8.d.6D2263C4F7012AEDC4443528AE388441.e.3545/click - {}
COMMAND: POST /session/7321aecb2a857135ec5c3072eb60d4c6/element - {"using":"xpath","value":"//*[@id=\"backBtn\"]"}
RESULT: {"using":"xpath","value":"//*[@id=\"backBtn\"]"}
COMMAND: POST /session/7321aecb2a857135ec5c3072eb60d4c6/element/f.EB9C1B08A199D375CD0759B34D3D4CE8.d.6D2263C4F7012AEDC4443528AE388441.e.3658/click - {}
RESULT: {}
COMMAND: GET /session/7321aecb2a857135ec5c3072eb60d4c6/screenshot - {}
RESULT: {}
]]></system-out>
    </testcase>
    <testcase classname="chrome.136_0_7103_93.windows.Sanity_Tests_US104253" name="Should open Manage Warehouse Movements page" time="42.095">
      <system-out><![CDATA[
COMMAND: POST /session/7321aecb2a857135ec5c3072eb60d4c6/execute/async - {"script":"<script> [1562 bytes]","args":[{"selector":{"controlType":"sap.m.GenericTile","properties":{"header":"Manage Warehouse Movements"}},"wdio_ui5_key":"sapm.GenericTile{\"header\":\"Manage Warehouse Movements\"}"}]}
RESULT: {"script":"<script> [1562 bytes]","args":[{"selector":{"controlType":"sap.m.GenericTile","properties":{"header":"Manage Warehouse Movements"}},"wdio_ui5_key":"sapm.GenericTile{\"header\":\"Manage Warehouse Movements\"}"}]}
RESULT: undefined
COMMAND: POST /session/7321aecb2a857135ec5c3072eb60d4c6/element - {"using":"xpath","value":"//*[@id=\"__tile105\"]"}
RESULT: {"using":"xpath","value":"//*[@id=\"__tile105\"]"}
COMMAND: POST /session/7321aecb2a857135ec5c3072eb60d4c6/element/f.EB9C1B08A199D375CD0759B34D3D4CE8.d.6D2263C4F7012AEDC4443528AE388441.e.3662/click - {}
RESULT: {}
COMMAND: GET /session/7321aecb2a857135ec5c3072eb60d4c6/screenshot - {}
RESULT: {}
COMMAND: POST /session/7321aecb2a857135ec5c3072eb60d4c6/elements - {"using":"xpath","value":"//span[text()='Error']"}
RESULT: {"using":"xpath","value":"//span[text()='Error']"}
RESULT: undefined
COMMAND: POST /session/7321aecb2a857135ec5c3072eb60d4c6/element - {"using":"xpath","value":"//*[@id=\"__tile105\"]"}
RESULT: {"using":"xpath","value":"//*[@id=\"__tile105\"]"}
COMMAND: POST /session/7321aecb2a857135ec5c3072eb60d4c6/element/f.EB9C1B08A199D375CD0759B34D3D4CE8.d.6D2263C4F7012AEDC4443528AE388441.e.3662/click - {}
RESULT: undefined
COMMAND: POST /session/7321aecb2a857135ec5c3072eb60d4c6/element - {"using":"xpath","value":"//*[@id=\"__tile105\"]"}
RESULT: {"using":"xpath","value":"//*[@id=\"__tile105\"]"}
COMMAND: POST /session/7321aecb2a857135ec5c3072eb60d4c6/element/f.EB9C1B08A199D375CD0759B34D3D4CE8.d.6D2263C4F7012AEDC4443528AE388441.e.3662/click - {}
RESULT: undefined
COMMAND: POST /session/7321aecb2a857135ec5c3072eb60d4c6/execute/async - {"script":"<script> [6424 bytes]","args":[{"element-6066-11e4-a52e-4f735466cecf":"f.EB9C1B08A199D375CD0759B34D3D4CE8.d.6D2263C4F7012AEDC4443528AE388441.e.287"},"getTitle",[]]}
COMMAND: POST /session/7321aecb2a857135ec5c3072eb60d4c6/execute/async - {"script":"<script> [1562 bytes]","args":[{"selector":{"id":"shellAppTitle"},"wdio_ui5_key":"shellAppTitle"}]}
RESULT: {"script":"<script> [1562 bytes]","args":[{"selector":{"id":"shellAppTitle"},"wdio_ui5_key":"shellAppTitle"}]}
COMMAND: POST /session/7321aecb2a857135ec5c3072eb60d4c6/execute/async - {"script":"<script> [6424 bytes]","args":[{"element-6066-11e4-a52e-4f735466cecf":"f.EB9C1B08A199D375CD0759B34D3D4CE8.d.6D2263C4F7012AEDC4443528AE388441.e.3756"},"getTitle",[]]}
RESULT: {"script":"<script> [6424 bytes]","args":[{"element-6066-11e4-a52e-4f735466cecf":"f.EB9C1B08A199D375CD0759B34D3D4CE8.d.6D2263C4F7012AEDC4443528AE388441.e.3756"},"getTitle",[]]}
RESULT: undefined
COMMAND: POST /session/7321aecb2a857135ec5c3072eb60d4c6/element/f.EB9C1B08A199D375CD0759B34D3D4CE8.d.6D2263C4F7012AEDC4443528AE388441.e.3658/click - {}
RESULT: {}
COMMAND: GET /session/7321aecb2a857135ec5c3072eb60d4c6/screenshot - {}
RESULT: {}
]]></system-out>
    </testcase>
    <testcase classname="chrome.136_0_7103_93.windows.Sanity_Tests_US104253" name="Should open Bin Inventory List page" time="41.799">
      <system-out><![CDATA[
COMMAND: POST /session/7321aecb2a857135ec5c3072eb60d4c6/execute/async - {"script":"<script> [1562 bytes]","args":[{"selector":{"controlType":"sap.m.GenericTile","properties":{"header":"Bin Inventory List"}},"wdio_ui5_key":"sapm.GenericTile{\"header\":\"Bin Inventory List\"}"}]}
RESULT: {"script":"<script> [1562 bytes]","args":[{"selector":{"controlType":"sap.m.GenericTile","properties":{"header":"Bin Inventory List"}},"wdio_ui5_key":"sapm.GenericTile{\"header\":\"Bin Inventory List\"}"}]}
RESULT: undefined
COMMAND: POST /session/7321aecb2a857135ec5c3072eb60d4c6/element - {"using":"xpath","value":"//*[@id=\"__tile103\"]"}
RESULT: {"using":"xpath","value":"//*[@id=\"__tile103\"]"}
COMMAND: POST /session/7321aecb2a857135ec5c3072eb60d4c6/element/f.EB9C1B08A199D375CD0759B34D3D4CE8.d.6D2263C4F7012AEDC4443528AE388441.e.3758/click - {}
RESULT: {}
COMMAND: GET /session/7321aecb2a857135ec5c3072eb60d4c6/screenshot - {}
RESULT: {}
COMMAND: POST /session/7321aecb2a857135ec5c3072eb60d4c6/elements - {"using":"xpath","value":"//span[text()='Error']"}
RESULT: {"using":"xpath","value":"//span[text()='Error']"}
RESULT: undefined
COMMAND: POST /session/7321aecb2a857135ec5c3072eb60d4c6/element - {"using":"xpath","value":"//*[@id=\"__tile103\"]"}
RESULT: {"using":"xpath","value":"//*[@id=\"__tile103\"]"}
COMMAND: POST /session/7321aecb2a857135ec5c3072eb60d4c6/element/f.EB9C1B08A199D375CD0759B34D3D4CE8.d.6D2263C4F7012AEDC4443528AE388441.e.3758/click - {}
RESULT: undefined
COMMAND: POST /session/7321aecb2a857135ec5c3072eb60d4c6/element - {"using":"xpath","value":"//*[@id=\"__tile103\"]"}
RESULT: {"using":"xpath","value":"//*[@id=\"__tile103\"]"}
COMMAND: POST /session/7321aecb2a857135ec5c3072eb60d4c6/element/f.EB9C1B08A199D375CD0759B34D3D4CE8.d.6D2263C4F7012AEDC4443528AE388441.e.3758/click - {}
RESULT: undefined
COMMAND: POST /session/7321aecb2a857135ec5c3072eb60d4c6/execute/async - {"script":"<script> [6424 bytes]","args":[{"element-6066-11e4-a52e-4f735466cecf":"f.EB9C1B08A199D375CD0759B34D3D4CE8.d.6D2263C4F7012AEDC4443528AE388441.e.287"},"getTitle",[]]}
COMMAND: POST /session/7321aecb2a857135ec5c3072eb60d4c6/execute/async - {"script":"<script> [1562 bytes]","args":[{"selector":{"id":"shellAppTitle"},"wdio_ui5_key":"shellAppTitle"}]}
RESULT: {"script":"<script> [1562 bytes]","args":[{"selector":{"id":"shellAppTitle"},"wdio_ui5_key":"shellAppTitle"}]}
COMMAND: POST /session/7321aecb2a857135ec5c3072eb60d4c6/execute/async - {"script":"<script> [6424 bytes]","args":[{"element-6066-11e4-a52e-4f735466cecf":"f.EB9C1B08A199D375CD0759B34D3D4CE8.d.6D2263C4F7012AEDC4443528AE388441.e.3859"},"getTitle",[]]}
RESULT: {"script":"<script> [6424 bytes]","args":[{"element-6066-11e4-a52e-4f735466cecf":"f.EB9C1B08A199D375CD0759B34D3D4CE8.d.6D2263C4F7012AEDC4443528AE388441.e.3859"},"getTitle",[]]}
RESULT: undefined
COMMAND: POST /session/7321aecb2a857135ec5c3072eb60d4c6/element/f.EB9C1B08A199D375CD0759B34D3D4CE8.d.6D2263C4F7012AEDC4443528AE388441.e.3658/click - {}
COMMAND: POST /session/7321aecb2a857135ec5c3072eb60d4c6/element - {"using":"xpath","value":"//*[@id=\"backBtn\"]"}
RESULT: {"using":"xpath","value":"//*[@id=\"backBtn\"]"}
COMMAND: POST /session/7321aecb2a857135ec5c3072eb60d4c6/element/f.EB9C1B08A199D375CD0759B34D3D4CE8.d.6D2263C4F7012AEDC4443528AE388441.e.3658/click - {}
COMMAND: POST /session/7321aecb2a857135ec5c3072eb60d4c6/element - {"using":"xpath","value":"//*[@id=\"backBtn\"]"}
RESULT: {"using":"xpath","value":"//*[@id=\"backBtn\"]"}
COMMAND: POST /session/7321aecb2a857135ec5c3072eb60d4c6/element/f.EB9C1B08A199D375CD0759B34D3D4CE8.d.6D2263C4F7012AEDC4443528AE388441.e.3860/click - {}
RESULT: {}
COMMAND: GET /session/7321aecb2a857135ec5c3072eb60d4c6/screenshot - {}
RESULT: {}
]]></system-out>
    </testcase>
    <testcase classname="chrome.136_0_7103_93.windows.Sanity_Tests_US104253" name="Should open ISC Templates page" time="40.139">
      <system-out><![CDATA[
COMMAND: POST /session/7321aecb2a857135ec5c3072eb60d4c6/execute/async - {"script":"<script> [1562 bytes]","args":[{"selector":{"controlType":"sap.m.GenericTile","properties":{"header":"ISC Templates"}},"wdio_ui5_key":"sapm.GenericTile{\"header\":\"ISC Templates\"}"}]}
RESULT: {"script":"<script> [1562 bytes]","args":[{"selector":{"controlType":"sap.m.GenericTile","properties":{"header":"ISC Templates"}},"wdio_ui5_key":"sapm.GenericTile{\"header\":\"ISC Templates\"}"}]}
RESULT: undefined
COMMAND: POST /session/7321aecb2a857135ec5c3072eb60d4c6/element - {"using":"xpath","value":"//*[@id=\"__tile111\"]"}
RESULT: {"using":"xpath","value":"//*[@id=\"__tile111\"]"}
COMMAND: POST /session/7321aecb2a857135ec5c3072eb60d4c6/element/f.EB9C1B08A199D375CD0759B34D3D4CE8.d.6D2263C4F7012AEDC4443528AE388441.e.3862/click - {}
RESULT: {}
COMMAND: GET /session/7321aecb2a857135ec5c3072eb60d4c6/screenshot - {}
RESULT: {}
COMMAND: POST /session/7321aecb2a857135ec5c3072eb60d4c6/elements - {"using":"xpath","value":"//span[text()='Error']"}
RESULT: {"using":"xpath","value":"//span[text()='Error']"}
RESULT: undefined
COMMAND: POST /session/7321aecb2a857135ec5c3072eb60d4c6/element - {"using":"xpath","value":"//*[@id=\"__tile111\"]"}
RESULT: {"using":"xpath","value":"//*[@id=\"__tile111\"]"}
COMMAND: POST /session/7321aecb2a857135ec5c3072eb60d4c6/element/f.EB9C1B08A199D375CD0759B34D3D4CE8.d.6D2263C4F7012AEDC4443528AE388441.e.3862/click - {}
RESULT: undefined
COMMAND: POST /session/7321aecb2a857135ec5c3072eb60d4c6/element - {"using":"xpath","value":"//*[@id=\"__tile111\"]"}
RESULT: {"using":"xpath","value":"//*[@id=\"__tile111\"]"}
COMMAND: POST /session/7321aecb2a857135ec5c3072eb60d4c6/element/f.EB9C1B08A199D375CD0759B34D3D4CE8.d.6D2263C4F7012AEDC4443528AE388441.e.3862/click - {}
RESULT: undefined
COMMAND: POST /session/7321aecb2a857135ec5c3072eb60d4c6/execute/async - {"script":"<script> [6424 bytes]","args":[{"element-6066-11e4-a52e-4f735466cecf":"f.EB9C1B08A199D375CD0759B34D3D4CE8.d.6D2263C4F7012AEDC4443528AE388441.e.287"},"getTitle",[]]}
COMMAND: POST /session/7321aecb2a857135ec5c3072eb60d4c6/execute/async - {"script":"<script> [1562 bytes]","args":[{"selector":{"id":"shellAppTitle"},"wdio_ui5_key":"shellAppTitle"}]}
RESULT: {"script":"<script> [1562 bytes]","args":[{"selector":{"id":"shellAppTitle"},"wdio_ui5_key":"shellAppTitle"}]}
COMMAND: POST /session/7321aecb2a857135ec5c3072eb60d4c6/execute/async - {"script":"<script> [6424 bytes]","args":[{"element-6066-11e4-a52e-4f735466cecf":"f.EB9C1B08A199D375CD0759B34D3D4CE8.d.6D2263C4F7012AEDC4443528AE388441.e.3929"},"getTitle",[]]}
RESULT: {"script":"<script> [6424 bytes]","args":[{"element-6066-11e4-a52e-4f735466cecf":"f.EB9C1B08A199D375CD0759B34D3D4CE8.d.6D2263C4F7012AEDC4443528AE388441.e.3929"},"getTitle",[]]}
RESULT: undefined
COMMAND: POST /session/7321aecb2a857135ec5c3072eb60d4c6/element/f.EB9C1B08A199D375CD0759B34D3D4CE8.d.6D2263C4F7012AEDC4443528AE388441.e.3860/click - {}
RESULT: {}
COMMAND: GET /session/7321aecb2a857135ec5c3072eb60d4c6/screenshot - {}
RESULT: {}
]]></system-out>
    </testcase>
    <testcase classname="chrome.136_0_7103_93.windows.Sanity_Tests_US104253" name="Should open ISC Schedules page" time="39.862">
      <system-out><![CDATA[
COMMAND: POST /session/7321aecb2a857135ec5c3072eb60d4c6/execute/async - {"script":"<script> [1562 bytes]","args":[{"selector":{"controlType":"sap.m.GenericTile","properties":{"header":"ISC Schedules"}},"wdio_ui5_key":"sapm.GenericTile{\"header\":\"ISC Schedules\"}"}]}
RESULT: {"script":"<script> [1562 bytes]","args":[{"selector":{"controlType":"sap.m.GenericTile","properties":{"header":"ISC Schedules"}},"wdio_ui5_key":"sapm.GenericTile{\"header\":\"ISC Schedules\"}"}]}
RESULT: undefined
COMMAND: POST /session/7321aecb2a857135ec5c3072eb60d4c6/element - {"using":"xpath","value":"//*[@id=\"__tile109\"]"}
RESULT: {"using":"xpath","value":"//*[@id=\"__tile109\"]"}
COMMAND: POST /session/7321aecb2a857135ec5c3072eb60d4c6/element/f.EB9C1B08A199D375CD0759B34D3D4CE8.d.6D2263C4F7012AEDC4443528AE388441.e.3932/click - {}
RESULT: {}
COMMAND: GET /session/7321aecb2a857135ec5c3072eb60d4c6/screenshot - {}
RESULT: {}
COMMAND: POST /session/7321aecb2a857135ec5c3072eb60d4c6/elements - {"using":"xpath","value":"//span[text()='Error']"}
RESULT: {"using":"xpath","value":"//span[text()='Error']"}
RESULT: undefined
COMMAND: POST /session/7321aecb2a857135ec5c3072eb60d4c6/element - {"using":"xpath","value":"//*[@id=\"__tile109\"]"}
RESULT: {"using":"xpath","value":"//*[@id=\"__tile109\"]"}
COMMAND: POST /session/7321aecb2a857135ec5c3072eb60d4c6/element/f.EB9C1B08A199D375CD0759B34D3D4CE8.d.6D2263C4F7012AEDC4443528AE388441.e.3932/click - {}
RESULT: undefined
COMMAND: POST /session/7321aecb2a857135ec5c3072eb60d4c6/element - {"using":"xpath","value":"//*[@id=\"__tile109\"]"}
RESULT: {"using":"xpath","value":"//*[@id=\"__tile109\"]"}
COMMAND: POST /session/7321aecb2a857135ec5c3072eb60d4c6/element/f.EB9C1B08A199D375CD0759B34D3D4CE8.d.6D2263C4F7012AEDC4443528AE388441.e.3932/click - {}
RESULT: undefined
COMMAND: POST /session/7321aecb2a857135ec5c3072eb60d4c6/execute/async - {"script":"<script> [6424 bytes]","args":[{"element-6066-11e4-a52e-4f735466cecf":"f.EB9C1B08A199D375CD0759B34D3D4CE8.d.6D2263C4F7012AEDC4443528AE388441.e.287"},"getTitle",[]]}
COMMAND: POST /session/7321aecb2a857135ec5c3072eb60d4c6/execute/async - {"script":"<script> [1562 bytes]","args":[{"selector":{"id":"shellAppTitle"},"wdio_ui5_key":"shellAppTitle"}]}
RESULT: {"script":"<script> [1562 bytes]","args":[{"selector":{"id":"shellAppTitle"},"wdio_ui5_key":"shellAppTitle"}]}
COMMAND: POST /session/7321aecb2a857135ec5c3072eb60d4c6/execute/async - {"script":"<script> [6424 bytes]","args":[{"element-6066-11e4-a52e-4f735466cecf":"f.EB9C1B08A199D375CD0759B34D3D4CE8.d.6D2263C4F7012AEDC4443528AE388441.e.4016"},"getTitle",[]]}
RESULT: {"script":"<script> [6424 bytes]","args":[{"element-6066-11e4-a52e-4f735466cecf":"f.EB9C1B08A199D375CD0759B34D3D4CE8.d.6D2263C4F7012AEDC4443528AE388441.e.4016"},"getTitle",[]]}
RESULT: undefined
COMMAND: POST /session/7321aecb2a857135ec5c3072eb60d4c6/element/f.EB9C1B08A199D375CD0759B34D3D4CE8.d.6D2263C4F7012AEDC4443528AE388441.e.3860/click - {}
COMMAND: POST /session/7321aecb2a857135ec5c3072eb60d4c6/element - {"using":"xpath","value":"//*[@id=\"backBtn\"]"}
RESULT: {"using":"xpath","value":"//*[@id=\"backBtn\"]"}
COMMAND: POST /session/7321aecb2a857135ec5c3072eb60d4c6/element/f.EB9C1B08A199D375CD0759B34D3D4CE8.d.6D2263C4F7012AEDC4443528AE388441.e.3860/click - {}
COMMAND: POST /session/7321aecb2a857135ec5c3072eb60d4c6/element - {"using":"xpath","value":"//*[@id=\"backBtn\"]"}
RESULT: {"using":"xpath","value":"//*[@id=\"backBtn\"]"}
COMMAND: POST /session/7321aecb2a857135ec5c3072eb60d4c6/element/f.EB9C1B08A199D375CD0759B34D3D4CE8.d.6D2263C4F7012AEDC4443528AE388441.e.4017/click - {}
RESULT: {}
COMMAND: GET /session/7321aecb2a857135ec5c3072eb60d4c6/screenshot - {}
RESULT: {}
]]></system-out>
    </testcase>
    <testcase classname="chrome.136_0_7103_93.windows.Sanity_Tests_US104253" name="Should open ISC Dashboard page" time="40.75">
      <system-out><![CDATA[
COMMAND: POST /session/7321aecb2a857135ec5c3072eb60d4c6/execute/async - {"script":"<script> [1562 bytes]","args":[{"selector":{"controlType":"sap.m.GenericTile","properties":{"header":"ISC Dashboard"}},"wdio_ui5_key":"sapm.GenericTile{\"header\":\"ISC Dashboard\"}"}]}
RESULT: {"script":"<script> [1562 bytes]","args":[{"selector":{"controlType":"sap.m.GenericTile","properties":{"header":"ISC Dashboard"}},"wdio_ui5_key":"sapm.GenericTile{\"header\":\"ISC Dashboard\"}"}]}
RESULT: undefined
COMMAND: POST /session/7321aecb2a857135ec5c3072eb60d4c6/element - {"using":"xpath","value":"//*[@id=\"__tile106\"]"}
RESULT: {"using":"xpath","value":"//*[@id=\"__tile106\"]"}
COMMAND: POST /session/7321aecb2a857135ec5c3072eb60d4c6/element/f.EB9C1B08A199D375CD0759B34D3D4CE8.d.6D2263C4F7012AEDC4443528AE388441.e.4019/click - {}
RESULT: {}
COMMAND: GET /session/7321aecb2a857135ec5c3072eb60d4c6/screenshot - {}
RESULT: {}
COMMAND: POST /session/7321aecb2a857135ec5c3072eb60d4c6/elements - {"using":"xpath","value":"//span[text()='Error']"}
RESULT: {"using":"xpath","value":"//span[text()='Error']"}
RESULT: undefined
COMMAND: POST /session/7321aecb2a857135ec5c3072eb60d4c6/element - {"using":"xpath","value":"//*[@id=\"__tile106\"]"}
RESULT: {"using":"xpath","value":"//*[@id=\"__tile106\"]"}
COMMAND: POST /session/7321aecb2a857135ec5c3072eb60d4c6/element/f.EB9C1B08A199D375CD0759B34D3D4CE8.d.6D2263C4F7012AEDC4443528AE388441.e.4019/click - {}
RESULT: undefined
COMMAND: POST /session/7321aecb2a857135ec5c3072eb60d4c6/element - {"using":"xpath","value":"//*[@id=\"__tile106\"]"}
RESULT: {"using":"xpath","value":"//*[@id=\"__tile106\"]"}
COMMAND: POST /session/7321aecb2a857135ec5c3072eb60d4c6/element/f.EB9C1B08A199D375CD0759B34D3D4CE8.d.6D2263C4F7012AEDC4443528AE388441.e.4019/click - {}
RESULT: undefined
COMMAND: POST /session/7321aecb2a857135ec5c3072eb60d4c6/execute/async - {"script":"<script> [6424 bytes]","args":[{"element-6066-11e4-a52e-4f735466cecf":"f.EB9C1B08A199D375CD0759B34D3D4CE8.d.6D2263C4F7012AEDC4443528AE388441.e.287"},"getTitle",[]]}
COMMAND: POST /session/7321aecb2a857135ec5c3072eb60d4c6/execute/async - {"script":"<script> [1562 bytes]","args":[{"selector":{"id":"shellAppTitle"},"wdio_ui5_key":"shellAppTitle"}]}
RESULT: {"script":"<script> [1562 bytes]","args":[{"selector":{"id":"shellAppTitle"},"wdio_ui5_key":"shellAppTitle"}]}
COMMAND: POST /session/7321aecb2a857135ec5c3072eb60d4c6/execute/async - {"script":"<script> [6424 bytes]","args":[{"element-6066-11e4-a52e-4f735466cecf":"f.EB9C1B08A199D375CD0759B34D3D4CE8.d.6D2263C4F7012AEDC4443528AE388441.e.4118"},"getTitle",[]]}
RESULT: {"script":"<script> [6424 bytes]","args":[{"element-6066-11e4-a52e-4f735466cecf":"f.EB9C1B08A199D375CD0759B34D3D4CE8.d.6D2263C4F7012AEDC4443528AE388441.e.4118"},"getTitle",[]]}
RESULT: undefined
COMMAND: POST /session/7321aecb2a857135ec5c3072eb60d4c6/element/f.EB9C1B08A199D375CD0759B34D3D4CE8.d.6D2263C4F7012AEDC4443528AE388441.e.4017/click - {}
RESULT: {}
COMMAND: GET /session/7321aecb2a857135ec5c3072eb60d4c6/screenshot - {}
RESULT: {}
]]></system-out>
    </testcase>
    <testcase classname="chrome.136_0_7103_93.windows.Sanity_Tests_US104253" name="Should open ISC Orders page" time="49.711">
      <system-out><![CDATA[
COMMAND: POST /session/7321aecb2a857135ec5c3072eb60d4c6/execute/async - {"script":"<script> [1562 bytes]","args":[{"selector":{"controlType":"sap.m.GenericTile","properties":{"header":"ISC Orders"}},"wdio_ui5_key":"sapm.GenericTile{\"header\":\"ISC Orders\"}"}]}
RESULT: {"script":"<script> [1562 bytes]","args":[{"selector":{"controlType":"sap.m.GenericTile","properties":{"header":"ISC Orders"}},"wdio_ui5_key":"sapm.GenericTile{\"header\":\"ISC Orders\"}"}]}
RESULT: undefined
COMMAND: POST /session/7321aecb2a857135ec5c3072eb60d4c6/element - {"using":"xpath","value":"//*[@id=\"__tile108\"]"}
RESULT: {"using":"xpath","value":"//*[@id=\"__tile108\"]"}
COMMAND: POST /session/7321aecb2a857135ec5c3072eb60d4c6/element/f.EB9C1B08A199D375CD0759B34D3D4CE8.d.6D2263C4F7012AEDC4443528AE388441.e.4120/click - {}
RESULT: {}
COMMAND: GET /session/7321aecb2a857135ec5c3072eb60d4c6/screenshot - {}
RESULT: {}
COMMAND: POST /session/7321aecb2a857135ec5c3072eb60d4c6/elements - {"using":"xpath","value":"//span[text()='Error']"}
RESULT: {"using":"xpath","value":"//span[text()='Error']"}
RESULT: undefined
COMMAND: POST /session/7321aecb2a857135ec5c3072eb60d4c6/element - {"using":"xpath","value":"//*[@id=\"__tile108\"]"}
RESULT: {"using":"xpath","value":"//*[@id=\"__tile108\"]"}
COMMAND: POST /session/7321aecb2a857135ec5c3072eb60d4c6/element/f.EB9C1B08A199D375CD0759B34D3D4CE8.d.6D2263C4F7012AEDC4443528AE388441.e.4120/click - {}
RESULT: undefined
COMMAND: POST /session/7321aecb2a857135ec5c3072eb60d4c6/element - {"using":"xpath","value":"//*[@id=\"__tile108\"]"}
RESULT: {"using":"xpath","value":"//*[@id=\"__tile108\"]"}
COMMAND: POST /session/7321aecb2a857135ec5c3072eb60d4c6/element/f.EB9C1B08A199D375CD0759B34D3D4CE8.d.6D2263C4F7012AEDC4443528AE388441.e.4120/click - {}
RESULT: undefined
COMMAND: POST /session/7321aecb2a857135ec5c3072eb60d4c6/execute/async - {"script":"<script> [6424 bytes]","args":[{"element-6066-11e4-a52e-4f735466cecf":"f.EB9C1B08A199D375CD0759B34D3D4CE8.d.6D2263C4F7012AEDC4443528AE388441.e.287"},"getTitle",[]]}
COMMAND: POST /session/7321aecb2a857135ec5c3072eb60d4c6/execute/async - {"script":"<script> [1562 bytes]","args":[{"selector":{"id":"shellAppTitle"},"wdio_ui5_key":"shellAppTitle"}]}
RESULT: {"script":"<script> [1562 bytes]","args":[{"selector":{"id":"shellAppTitle"},"wdio_ui5_key":"shellAppTitle"}]}
COMMAND: POST /session/7321aecb2a857135ec5c3072eb60d4c6/execute/async - {"script":"<script> [6424 bytes]","args":[{"element-6066-11e4-a52e-4f735466cecf":"f.EB9C1B08A199D375CD0759B34D3D4CE8.d.6D2263C4F7012AEDC4443528AE388441.e.4225"},"getTitle",[]]}
RESULT: {"script":"<script> [6424 bytes]","args":[{"element-6066-11e4-a52e-4f735466cecf":"f.EB9C1B08A199D375CD0759B34D3D4CE8.d.6D2263C4F7012AEDC4443528AE388441.e.4225"},"getTitle",[]]}
RESULT: undefined
COMMAND: POST /session/7321aecb2a857135ec5c3072eb60d4c6/element/f.EB9C1B08A199D375CD0759B34D3D4CE8.d.6D2263C4F7012AEDC4443528AE388441.e.4017/click - {}
COMMAND: POST /session/7321aecb2a857135ec5c3072eb60d4c6/element - {"using":"xpath","value":"//*[@id=\"backBtn\"]"}
RESULT: {"using":"xpath","value":"//*[@id=\"backBtn\"]"}
COMMAND: POST /session/7321aecb2a857135ec5c3072eb60d4c6/element/f.EB9C1B08A199D375CD0759B34D3D4CE8.d.6D2263C4F7012AEDC4443528AE388441.e.4017/click - {}
COMMAND: POST /session/7321aecb2a857135ec5c3072eb60d4c6/element - {"using":"xpath","value":"//*[@id=\"backBtn\"]"}
RESULT: {"using":"xpath","value":"//*[@id=\"backBtn\"]"}
COMMAND: POST /session/7321aecb2a857135ec5c3072eb60d4c6/element/f.EB9C1B08A199D375CD0759B34D3D4CE8.d.6D2263C4F7012AEDC4443528AE388441.e.4226/click - {}
RESULT: {}
COMMAND: GET /session/7321aecb2a857135ec5c3072eb60d4c6/screenshot - {}
RESULT: {}
]]></system-out>
    </testcase>
    <testcase classname="chrome.136_0_7103_93.windows.Sanity_Tests_US104253" name="Should open ISC Tasks page" time="41.85">
      <system-out><![CDATA[
COMMAND: POST /session/7321aecb2a857135ec5c3072eb60d4c6/execute/async - {"script":"<script> [1562 bytes]","args":[{"selector":{"controlType":"sap.m.GenericTile","properties":{"header":"ISC Tasks"}},"wdio_ui5_key":"sapm.GenericTile{\"header\":\"ISC Tasks\"}"}]}
RESULT: {"script":"<script> [1562 bytes]","args":[{"selector":{"controlType":"sap.m.GenericTile","properties":{"header":"ISC Tasks"}},"wdio_ui5_key":"sapm.GenericTile{\"header\":\"ISC Tasks\"}"}]}
RESULT: undefined
COMMAND: POST /session/7321aecb2a857135ec5c3072eb60d4c6/element - {"using":"xpath","value":"//*[@id=\"__tile110\"]"}
RESULT: {"using":"xpath","value":"//*[@id=\"__tile110\"]"}
COMMAND: POST /session/7321aecb2a857135ec5c3072eb60d4c6/element/f.EB9C1B08A199D375CD0759B34D3D4CE8.d.6D2263C4F7012AEDC4443528AE388441.e.4228/click - {}
RESULT: {}
COMMAND: GET /session/7321aecb2a857135ec5c3072eb60d4c6/screenshot - {}
RESULT: {}
COMMAND: POST /session/7321aecb2a857135ec5c3072eb60d4c6/elements - {"using":"xpath","value":"//span[text()='Error']"}
RESULT: {"using":"xpath","value":"//span[text()='Error']"}
RESULT: undefined
COMMAND: POST /session/7321aecb2a857135ec5c3072eb60d4c6/element - {"using":"xpath","value":"//*[@id=\"__tile110\"]"}
RESULT: {"using":"xpath","value":"//*[@id=\"__tile110\"]"}
COMMAND: POST /session/7321aecb2a857135ec5c3072eb60d4c6/element/f.EB9C1B08A199D375CD0759B34D3D4CE8.d.6D2263C4F7012AEDC4443528AE388441.e.4228/click - {}
RESULT: undefined
COMMAND: POST /session/7321aecb2a857135ec5c3072eb60d4c6/element - {"using":"xpath","value":"//*[@id=\"__tile110\"]"}
RESULT: {"using":"xpath","value":"//*[@id=\"__tile110\"]"}
COMMAND: POST /session/7321aecb2a857135ec5c3072eb60d4c6/element/f.EB9C1B08A199D375CD0759B34D3D4CE8.d.6D2263C4F7012AEDC4443528AE388441.e.4228/click - {}
RESULT: undefined
COMMAND: POST /session/7321aecb2a857135ec5c3072eb60d4c6/execute/async - {"script":"<script> [6424 bytes]","args":[{"element-6066-11e4-a52e-4f735466cecf":"f.EB9C1B08A199D375CD0759B34D3D4CE8.d.6D2263C4F7012AEDC4443528AE388441.e.287"},"getTitle",[]]}
COMMAND: POST /session/7321aecb2a857135ec5c3072eb60d4c6/execute/async - {"script":"<script> [1562 bytes]","args":[{"selector":{"id":"shellAppTitle"},"wdio_ui5_key":"shellAppTitle"}]}
RESULT: {"script":"<script> [1562 bytes]","args":[{"selector":{"id":"shellAppTitle"},"wdio_ui5_key":"shellAppTitle"}]}
COMMAND: POST /session/7321aecb2a857135ec5c3072eb60d4c6/execute/async - {"script":"<script> [6424 bytes]","args":[{"element-6066-11e4-a52e-4f735466cecf":"f.EB9C1B08A199D375CD0759B34D3D4CE8.d.6D2263C4F7012AEDC4443528AE388441.e.4310"},"getTitle",[]]}
RESULT: {"script":"<script> [6424 bytes]","args":[{"element-6066-11e4-a52e-4f735466cecf":"f.EB9C1B08A199D375CD0759B34D3D4CE8.d.6D2263C4F7012AEDC4443528AE388441.e.4310"},"getTitle",[]]}
RESULT: undefined
COMMAND: POST /session/7321aecb2a857135ec5c3072eb60d4c6/element/f.EB9C1B08A199D375CD0759B34D3D4CE8.d.6D2263C4F7012AEDC4443528AE388441.e.4226/click - {}
RESULT: {}
COMMAND: GET /session/7321aecb2a857135ec5c3072eb60d4c6/screenshot - {}
RESULT: {}
]]></system-out>
    </testcase>
    <testcase classname="chrome.136_0_7103_93.windows.Sanity_Tests_US104253" name="Should open Manage Resource Logbook page" time="38.197">
      <system-out><![CDATA[
COMMAND: POST /session/7321aecb2a857135ec5c3072eb60d4c6/execute/async - {"script":"<script> [1562 bytes]","args":[{"selector":{"controlType":"sap.m.GenericTile","properties":{"header":"Manage Resource Logbook"}},"wdio_ui5_key":"sapm.GenericTile{\"header\":\"Manage Resource Logbook\"}"}]}
RESULT: {"script":"<script> [1562 bytes]","args":[{"selector":{"controlType":"sap.m.GenericTile","properties":{"header":"Manage Resource Logbook"}},"wdio_ui5_key":"sapm.GenericTile{\"header\":\"Manage Resource Logbook\"}"}]}
RESULT: undefined
COMMAND: POST /session/7321aecb2a857135ec5c3072eb60d4c6/element - {"using":"xpath","value":"//*[@id=\"__tile113\"]"}
RESULT: {"using":"xpath","value":"//*[@id=\"__tile113\"]"}
COMMAND: POST /session/7321aecb2a857135ec5c3072eb60d4c6/element/f.EB9C1B08A199D375CD0759B34D3D4CE8.d.6D2263C4F7012AEDC4443528AE388441.e.4312/click - {}
RESULT: {}
COMMAND: GET /session/7321aecb2a857135ec5c3072eb60d4c6/screenshot - {}
RESULT: {}
COMMAND: POST /session/7321aecb2a857135ec5c3072eb60d4c6/elements - {"using":"xpath","value":"//span[text()='Error']"}
RESULT: {"using":"xpath","value":"//span[text()='Error']"}
RESULT: undefined
COMMAND: POST /session/7321aecb2a857135ec5c3072eb60d4c6/element - {"using":"xpath","value":"//*[@id=\"__tile113\"]"}
RESULT: {"using":"xpath","value":"//*[@id=\"__tile113\"]"}
COMMAND: POST /session/7321aecb2a857135ec5c3072eb60d4c6/element/f.EB9C1B08A199D375CD0759B34D3D4CE8.d.6D2263C4F7012AEDC4443528AE388441.e.4312/click - {}
RESULT: undefined
COMMAND: POST /session/7321aecb2a857135ec5c3072eb60d4c6/element - {"using":"xpath","value":"//*[@id=\"__tile113\"]"}
RESULT: {"using":"xpath","value":"//*[@id=\"__tile113\"]"}
COMMAND: POST /session/7321aecb2a857135ec5c3072eb60d4c6/element/f.EB9C1B08A199D375CD0759B34D3D4CE8.d.6D2263C4F7012AEDC4443528AE388441.e.4312/click - {}
RESULT: undefined
COMMAND: POST /session/7321aecb2a857135ec5c3072eb60d4c6/execute/async - {"script":"<script> [6424 bytes]","args":[{"element-6066-11e4-a52e-4f735466cecf":"f.EB9C1B08A199D375CD0759B34D3D4CE8.d.6D2263C4F7012AEDC4443528AE388441.e.287"},"getTitle",[]]}
COMMAND: POST /session/7321aecb2a857135ec5c3072eb60d4c6/execute/async - {"script":"<script> [1562 bytes]","args":[{"selector":{"id":"shellAppTitle"},"wdio_ui5_key":"shellAppTitle"}]}
RESULT: {"script":"<script> [1562 bytes]","args":[{"selector":{"id":"shellAppTitle"},"wdio_ui5_key":"shellAppTitle"}]}
COMMAND: POST /session/7321aecb2a857135ec5c3072eb60d4c6/execute/async - {"script":"<script> [6424 bytes]","args":[{"element-6066-11e4-a52e-4f735466cecf":"f.EB9C1B08A199D375CD0759B34D3D4CE8.d.6D2263C4F7012AEDC4443528AE388441.e.4411"},"getTitle",[]]}
RESULT: {"script":"<script> [6424 bytes]","args":[{"element-6066-11e4-a52e-4f735466cecf":"f.EB9C1B08A199D375CD0759B34D3D4CE8.d.6D2263C4F7012AEDC4443528AE388441.e.4411"},"getTitle",[]]}
RESULT: undefined
COMMAND: POST /session/7321aecb2a857135ec5c3072eb60d4c6/element/f.EB9C1B08A199D375CD0759B34D3D4CE8.d.6D2263C4F7012AEDC4443528AE388441.e.4226/click - {}
COMMAND: POST /session/7321aecb2a857135ec5c3072eb60d4c6/element - {"using":"xpath","value":"//*[@id=\"backBtn\"]"}
RESULT: {"using":"xpath","value":"//*[@id=\"backBtn\"]"}
COMMAND: POST /session/7321aecb2a857135ec5c3072eb60d4c6/element/f.EB9C1B08A199D375CD0759B34D3D4CE8.d.6D2263C4F7012AEDC4443528AE388441.e.4226/click - {}
COMMAND: POST /session/7321aecb2a857135ec5c3072eb60d4c6/element - {"using":"xpath","value":"//*[@id=\"backBtn\"]"}
RESULT: {"using":"xpath","value":"//*[@id=\"backBtn\"]"}
COMMAND: POST /session/7321aecb2a857135ec5c3072eb60d4c6/element/f.EB9C1B08A199D375CD0759B34D3D4CE8.d.6D2263C4F7012AEDC4443528AE388441.e.4412/click - {}
RESULT: {}
COMMAND: GET /session/7321aecb2a857135ec5c3072eb60d4c6/screenshot - {}
RESULT: {}
]]></system-out>
    </testcase>
    <testcase classname="chrome.136_0_7103_93.windows.Sanity_Tests_US104253" name="Should open Manage Logbook page" time="38.612">
      <system-out><![CDATA[
COMMAND: POST /session/7321aecb2a857135ec5c3072eb60d4c6/execute/async - {"script":"<script> [1562 bytes]","args":[{"selector":{"controlType":"sap.m.GenericTile","properties":{"header":"Manage Logbook"}},"wdio_ui5_key":"sapm.GenericTile{\"header\":\"Manage Logbook\"}"}]}
RESULT: {"script":"<script> [1562 bytes]","args":[{"selector":{"controlType":"sap.m.GenericTile","properties":{"header":"Manage Logbook"}},"wdio_ui5_key":"sapm.GenericTile{\"header\":\"Manage Logbook\"}"}]}
RESULT: undefined
COMMAND: POST /session/7321aecb2a857135ec5c3072eb60d4c6/element - {"using":"xpath","value":"//*[@id=\"__tile112\"]"}
RESULT: {"using":"xpath","value":"//*[@id=\"__tile112\"]"}
COMMAND: POST /session/7321aecb2a857135ec5c3072eb60d4c6/element/f.EB9C1B08A199D375CD0759B34D3D4CE8.d.6D2263C4F7012AEDC4443528AE388441.e.4414/click - {}
RESULT: {}
COMMAND: GET /session/7321aecb2a857135ec5c3072eb60d4c6/screenshot - {}
RESULT: {}
COMMAND: POST /session/7321aecb2a857135ec5c3072eb60d4c6/elements - {"using":"xpath","value":"//span[text()='Error']"}
RESULT: {"using":"xpath","value":"//span[text()='Error']"}
RESULT: undefined
COMMAND: POST /session/7321aecb2a857135ec5c3072eb60d4c6/element - {"using":"xpath","value":"//*[@id=\"__tile112\"]"}
RESULT: {"using":"xpath","value":"//*[@id=\"__tile112\"]"}
COMMAND: POST /session/7321aecb2a857135ec5c3072eb60d4c6/element/f.EB9C1B08A199D375CD0759B34D3D4CE8.d.6D2263C4F7012AEDC4443528AE388441.e.4414/click - {}
RESULT: undefined
COMMAND: POST /session/7321aecb2a857135ec5c3072eb60d4c6/element - {"using":"xpath","value":"//*[@id=\"__tile112\"]"}
RESULT: {"using":"xpath","value":"//*[@id=\"__tile112\"]"}
COMMAND: POST /session/7321aecb2a857135ec5c3072eb60d4c6/element/f.EB9C1B08A199D375CD0759B34D3D4CE8.d.6D2263C4F7012AEDC4443528AE388441.e.4414/click - {}
RESULT: undefined
COMMAND: POST /session/7321aecb2a857135ec5c3072eb60d4c6/execute/async - {"script":"<script> [6424 bytes]","args":[{"element-6066-11e4-a52e-4f735466cecf":"f.EB9C1B08A199D375CD0759B34D3D4CE8.d.6D2263C4F7012AEDC4443528AE388441.e.287"},"getTitle",[]]}
COMMAND: POST /session/7321aecb2a857135ec5c3072eb60d4c6/execute/async - {"script":"<script> [1562 bytes]","args":[{"selector":{"id":"shellAppTitle"},"wdio_ui5_key":"shellAppTitle"}]}
RESULT: {"script":"<script> [1562 bytes]","args":[{"selector":{"id":"shellAppTitle"},"wdio_ui5_key":"shellAppTitle"}]}
COMMAND: POST /session/7321aecb2a857135ec5c3072eb60d4c6/execute/async - {"script":"<script> [6424 bytes]","args":[{"element-6066-11e4-a52e-4f735466cecf":"f.EB9C1B08A199D375CD0759B34D3D4CE8.d.6D2263C4F7012AEDC4443528AE388441.e.4492"},"getTitle",[]]}
RESULT: {"script":"<script> [6424 bytes]","args":[{"element-6066-11e4-a52e-4f735466cecf":"f.EB9C1B08A199D375CD0759B34D3D4CE8.d.6D2263C4F7012AEDC4443528AE388441.e.4492"},"getTitle",[]]}
RESULT: undefined
COMMAND: POST /session/7321aecb2a857135ec5c3072eb60d4c6/element/f.EB9C1B08A199D375CD0759B34D3D4CE8.d.6D2263C4F7012AEDC4443528AE388441.e.4412/click - {}
RESULT: {}
COMMAND: GET /session/7321aecb2a857135ec5c3072eb60d4c6/screenshot - {}
RESULT: {}
]]></system-out>
    </testcase>
    <testcase classname="chrome.136_0_7103_93.windows.Sanity_Tests_US104253" name="Should open ISC Orders Calendar page" time="51.356">
      <system-out><![CDATA[
COMMAND: POST /session/7321aecb2a857135ec5c3072eb60d4c6/execute/async - {"script":"<script> [1562 bytes]","args":[{"selector":{"controlType":"sap.m.GenericTile","properties":{"header":"ISC Orders Calendar"}},"wdio_ui5_key":"sapm.GenericTile{\"header\":\"ISC Orders Calendar\"}"}]}
RESULT: {"script":"<script> [1562 bytes]","args":[{"selector":{"controlType":"sap.m.GenericTile","properties":{"header":"ISC Orders Calendar"}},"wdio_ui5_key":"sapm.GenericTile{\"header\":\"ISC Orders Calendar\"}"}]}
RESULT: undefined
COMMAND: POST /session/7321aecb2a857135ec5c3072eb60d4c6/element - {"using":"xpath","value":"//*[@id=\"__tile107\"]"}
RESULT: {"using":"xpath","value":"//*[@id=\"__tile107\"]"}
COMMAND: POST /session/7321aecb2a857135ec5c3072eb60d4c6/element/f.EB9C1B08A199D375CD0759B34D3D4CE8.d.6D2263C4F7012AEDC4443528AE388441.e.4494/click - {}
RESULT: {}
COMMAND: GET /session/7321aecb2a857135ec5c3072eb60d4c6/screenshot - {}
RESULT: {}
COMMAND: POST /session/7321aecb2a857135ec5c3072eb60d4c6/elements - {"using":"xpath","value":"//span[text()='Error']"}
RESULT: {"using":"xpath","value":"//span[text()='Error']"}
RESULT: undefined
COMMAND: POST /session/7321aecb2a857135ec5c3072eb60d4c6/element - {"using":"xpath","value":"//*[@id=\"__tile107\"]"}
RESULT: {"using":"xpath","value":"//*[@id=\"__tile107\"]"}
COMMAND: POST /session/7321aecb2a857135ec5c3072eb60d4c6/element/f.EB9C1B08A199D375CD0759B34D3D4CE8.d.6D2263C4F7012AEDC4443528AE388441.e.4494/click - {}
RESULT: undefined
COMMAND: POST /session/7321aecb2a857135ec5c3072eb60d4c6/element - {"using":"xpath","value":"//*[@id=\"__tile107\"]"}
RESULT: {"using":"xpath","value":"//*[@id=\"__tile107\"]"}
COMMAND: POST /session/7321aecb2a857135ec5c3072eb60d4c6/element/f.EB9C1B08A199D375CD0759B34D3D4CE8.d.6D2263C4F7012AEDC4443528AE388441.e.4494/click - {}
RESULT: undefined
COMMAND: POST /session/7321aecb2a857135ec5c3072eb60d4c6/execute/async - {"script":"<script> [6424 bytes]","args":[{"element-6066-11e4-a52e-4f735466cecf":"f.EB9C1B08A199D375CD0759B34D3D4CE8.d.6D2263C4F7012AEDC4443528AE388441.e.287"},"getTitle",[]]}
COMMAND: POST /session/7321aecb2a857135ec5c3072eb60d4c6/execute/async - {"script":"<script> [1562 bytes]","args":[{"selector":{"id":"shellAppTitle"},"wdio_ui5_key":"shellAppTitle"}]}
RESULT: {"script":"<script> [1562 bytes]","args":[{"selector":{"id":"shellAppTitle"},"wdio_ui5_key":"shellAppTitle"}]}
COMMAND: POST /session/7321aecb2a857135ec5c3072eb60d4c6/execute/async - {"script":"<script> [6424 bytes]","args":[{"element-6066-11e4-a52e-4f735466cecf":"f.EB9C1B08A199D375CD0759B34D3D4CE8.d.6D2263C4F7012AEDC4443528AE388441.e.4703"},"getTitle",[]]}
RESULT: {"script":"<script> [6424 bytes]","args":[{"element-6066-11e4-a52e-4f735466cecf":"f.EB9C1B08A199D375CD0759B34D3D4CE8.d.6D2263C4F7012AEDC4443528AE388441.e.4703"},"getTitle",[]]}
RESULT: undefined
COMMAND: POST /session/7321aecb2a857135ec5c3072eb60d4c6/element/f.EB9C1B08A199D375CD0759B34D3D4CE8.d.6D2263C4F7012AEDC4443528AE388441.e.4412/click - {}
COMMAND: POST /session/7321aecb2a857135ec5c3072eb60d4c6/element - {"using":"xpath","value":"//*[@id=\"backBtn\"]"}
RESULT: {"using":"xpath","value":"//*[@id=\"backBtn\"]"}
COMMAND: POST /session/7321aecb2a857135ec5c3072eb60d4c6/element/f.EB9C1B08A199D375CD0759B34D3D4CE8.d.6D2263C4F7012AEDC4443528AE388441.e.4412/click - {}
COMMAND: POST /session/7321aecb2a857135ec5c3072eb60d4c6/element - {"using":"xpath","value":"//*[@id=\"backBtn\"]"}
RESULT: {"using":"xpath","value":"//*[@id=\"backBtn\"]"}
COMMAND: POST /session/7321aecb2a857135ec5c3072eb60d4c6/element/f.EB9C1B08A199D375CD0759B34D3D4CE8.d.6D2263C4F7012AEDC4443528AE388441.e.4704/click - {}
RESULT: {}
COMMAND: GET /session/7321aecb2a857135ec5c3072eb60d4c6/screenshot - {}
RESULT: {}
]]></system-out>
    </testcase>
    <testcase classname="chrome.136_0_7103_93.windows.Sanity_Tests_US104253" name="Should open Configure System page" time="38.642">
      <system-out><![CDATA[
COMMAND: POST /session/7321aecb2a857135ec5c3072eb60d4c6/execute/async - {"script":"<script> [1562 bytes]","args":[{"selector":{"controlType":"sap.m.GenericTile","properties":{"header":"Configure System"}},"wdio_ui5_key":"sapm.GenericTile{\"header\":\"Configure System\"}"}]}
RESULT: {"script":"<script> [1562 bytes]","args":[{"selector":{"controlType":"sap.m.GenericTile","properties":{"header":"Configure System"}},"wdio_ui5_key":"sapm.GenericTile{\"header\":\"Configure System\"}"}]}
RESULT: undefined
COMMAND: POST /session/7321aecb2a857135ec5c3072eb60d4c6/element - {"using":"xpath","value":"//*[@id=\"__tile114\"]"}
RESULT: {"using":"xpath","value":"//*[@id=\"__tile114\"]"}
COMMAND: POST /session/7321aecb2a857135ec5c3072eb60d4c6/element/f.EB9C1B08A199D375CD0759B34D3D4CE8.d.6D2263C4F7012AEDC4443528AE388441.e.4706/click - {}
RESULT: {}
COMMAND: GET /session/7321aecb2a857135ec5c3072eb60d4c6/screenshot - {}
RESULT: {}
COMMAND: POST /session/7321aecb2a857135ec5c3072eb60d4c6/elements - {"using":"xpath","value":"//span[text()='Error']"}
RESULT: {"using":"xpath","value":"//span[text()='Error']"}
RESULT: undefined
COMMAND: POST /session/7321aecb2a857135ec5c3072eb60d4c6/element - {"using":"xpath","value":"//*[@id=\"__tile114\"]"}
RESULT: {"using":"xpath","value":"//*[@id=\"__tile114\"]"}
COMMAND: POST /session/7321aecb2a857135ec5c3072eb60d4c6/element/f.EB9C1B08A199D375CD0759B34D3D4CE8.d.6D2263C4F7012AEDC4443528AE388441.e.4706/click - {}
RESULT: undefined
COMMAND: POST /session/7321aecb2a857135ec5c3072eb60d4c6/element - {"using":"xpath","value":"//*[@id=\"__tile114\"]"}
RESULT: {"using":"xpath","value":"//*[@id=\"__tile114\"]"}
COMMAND: POST /session/7321aecb2a857135ec5c3072eb60d4c6/element/f.EB9C1B08A199D375CD0759B34D3D4CE8.d.6D2263C4F7012AEDC4443528AE388441.e.4706/click - {}
RESULT: undefined
COMMAND: POST /session/7321aecb2a857135ec5c3072eb60d4c6/execute/async - {"script":"<script> [6424 bytes]","args":[{"element-6066-11e4-a52e-4f735466cecf":"f.EB9C1B08A199D375CD0759B34D3D4CE8.d.6D2263C4F7012AEDC4443528AE388441.e.287"},"getTitle",[]]}
COMMAND: POST /session/7321aecb2a857135ec5c3072eb60d4c6/execute/async - {"script":"<script> [1562 bytes]","args":[{"selector":{"id":"shellAppTitle"},"wdio_ui5_key":"shellAppTitle"}]}
RESULT: {"script":"<script> [1562 bytes]","args":[{"selector":{"id":"shellAppTitle"},"wdio_ui5_key":"shellAppTitle"}]}
COMMAND: POST /session/7321aecb2a857135ec5c3072eb60d4c6/execute/async - {"script":"<script> [6424 bytes]","args":[{"element-6066-11e4-a52e-4f735466cecf":"f.EB9C1B08A199D375CD0759B34D3D4CE8.d.6D2263C4F7012AEDC4443528AE388441.e.4740"},"getTitle",[]]}
RESULT: {"script":"<script> [6424 bytes]","args":[{"element-6066-11e4-a52e-4f735466cecf":"f.EB9C1B08A199D375CD0759B34D3D4CE8.d.6D2263C4F7012AEDC4443528AE388441.e.4740"},"getTitle",[]]}
RESULT: undefined
COMMAND: POST /session/7321aecb2a857135ec5c3072eb60d4c6/element/f.EB9C1B08A199D375CD0759B34D3D4CE8.d.6D2263C4F7012AEDC4443528AE388441.e.4704/click - {}
RESULT: {}
COMMAND: GET /session/7321aecb2a857135ec5c3072eb60d4c6/screenshot - {}
RESULT: {}
]]></system-out>
    </testcase>
    <testcase classname="chrome.136_0_7103_93.windows.Sanity_Tests_US104253" name="Should open Manage Classifications page" time="41.333">
      <system-out><![CDATA[
COMMAND: POST /session/7321aecb2a857135ec5c3072eb60d4c6/execute/async - {"script":"<script> [1562 bytes]","args":[{"selector":{"controlType":"sap.m.GenericTile","properties":{"header":"Manage Classifications"}},"wdio_ui5_key":"sapm.GenericTile{\"header\":\"Manage Classifications\"}"}]}
RESULT: {"script":"<script> [1562 bytes]","args":[{"selector":{"controlType":"sap.m.GenericTile","properties":{"header":"Manage Classifications"}},"wdio_ui5_key":"sapm.GenericTile{\"header\":\"Manage Classifications\"}"}]}
RESULT: undefined
COMMAND: POST /session/7321aecb2a857135ec5c3072eb60d4c6/element - {"using":"xpath","value":"//*[@id=\"__tile115\"]"}
RESULT: {"using":"xpath","value":"//*[@id=\"__tile115\"]"}
COMMAND: POST /session/7321aecb2a857135ec5c3072eb60d4c6/element/f.EB9C1B08A199D375CD0759B34D3D4CE8.d.6D2263C4F7012AEDC4443528AE388441.e.4744/click - {}
RESULT: {}
COMMAND: GET /session/7321aecb2a857135ec5c3072eb60d4c6/screenshot - {}
RESULT: {}
COMMAND: POST /session/7321aecb2a857135ec5c3072eb60d4c6/elements - {"using":"xpath","value":"//span[text()='Error']"}
RESULT: {"using":"xpath","value":"//span[text()='Error']"}
RESULT: undefined
COMMAND: POST /session/7321aecb2a857135ec5c3072eb60d4c6/element - {"using":"xpath","value":"//*[@id=\"__tile115\"]"}
RESULT: {"using":"xpath","value":"//*[@id=\"__tile115\"]"}
COMMAND: POST /session/7321aecb2a857135ec5c3072eb60d4c6/element/f.EB9C1B08A199D375CD0759B34D3D4CE8.d.6D2263C4F7012AEDC4443528AE388441.e.4744/click - {}
RESULT: undefined
COMMAND: POST /session/7321aecb2a857135ec5c3072eb60d4c6/element - {"using":"xpath","value":"//*[@id=\"__tile115\"]"}
RESULT: {"using":"xpath","value":"//*[@id=\"__tile115\"]"}
COMMAND: POST /session/7321aecb2a857135ec5c3072eb60d4c6/element/f.EB9C1B08A199D375CD0759B34D3D4CE8.d.6D2263C4F7012AEDC4443528AE388441.e.4744/click - {}
RESULT: undefined
COMMAND: POST /session/7321aecb2a857135ec5c3072eb60d4c6/execute/async - {"script":"<script> [6424 bytes]","args":[{"element-6066-11e4-a52e-4f735466cecf":"f.EB9C1B08A199D375CD0759B34D3D4CE8.d.6D2263C4F7012AEDC4443528AE388441.e.287"},"getTitle",[]]}
COMMAND: POST /session/7321aecb2a857135ec5c3072eb60d4c6/execute/async - {"script":"<script> [1562 bytes]","args":[{"selector":{"id":"shellAppTitle"},"wdio_ui5_key":"shellAppTitle"}]}
RESULT: {"script":"<script> [1562 bytes]","args":[{"selector":{"id":"shellAppTitle"},"wdio_ui5_key":"shellAppTitle"}]}
COMMAND: POST /session/7321aecb2a857135ec5c3072eb60d4c6/execute/async - {"script":"<script> [6424 bytes]","args":[{"element-6066-11e4-a52e-4f735466cecf":"f.EB9C1B08A199D375CD0759B34D3D4CE8.d.6D2263C4F7012AEDC4443528AE388441.e.4841"},"getTitle",[]]}
RESULT: {"script":"<script> [6424 bytes]","args":[{"element-6066-11e4-a52e-4f735466cecf":"f.EB9C1B08A199D375CD0759B34D3D4CE8.d.6D2263C4F7012AEDC4443528AE388441.e.4841"},"getTitle",[]]}
RESULT: undefined
COMMAND: POST /session/7321aecb2a857135ec5c3072eb60d4c6/element/f.EB9C1B08A199D375CD0759B34D3D4CE8.d.6D2263C4F7012AEDC4443528AE388441.e.4704/click - {}
COMMAND: POST /session/7321aecb2a857135ec5c3072eb60d4c6/element - {"using":"xpath","value":"//*[@id=\"backBtn\"]"}
RESULT: {"using":"xpath","value":"//*[@id=\"backBtn\"]"}
COMMAND: POST /session/7321aecb2a857135ec5c3072eb60d4c6/element/f.EB9C1B08A199D375CD0759B34D3D4CE8.d.6D2263C4F7012AEDC4443528AE388441.e.4704/click - {}
COMMAND: POST /session/7321aecb2a857135ec5c3072eb60d4c6/element - {"using":"xpath","value":"//*[@id=\"backBtn\"]"}
RESULT: {"using":"xpath","value":"//*[@id=\"backBtn\"]"}
COMMAND: POST /session/7321aecb2a857135ec5c3072eb60d4c6/element/f.EB9C1B08A199D375CD0759B34D3D4CE8.d.6D2263C4F7012AEDC4443528AE388441.e.4842/click - {}
RESULT: {}
COMMAND: GET /session/7321aecb2a857135ec5c3072eb60d4c6/screenshot - {}
RESULT: {}
]]></system-out>
    </testcase>
    <testcase classname="chrome.136_0_7103_93.windows.Sanity_Tests_US104253" name="Should open Data Explorer page" time="38.996">
      <system-out><![CDATA[
COMMAND: POST /session/7321aecb2a857135ec5c3072eb60d4c6/execute/async - {"script":"<script> [1562 bytes]","args":[{"selector":{"controlType":"sap.m.GenericTile","properties":{"header":"Data Explorer"}},"wdio_ui5_key":"sapm.GenericTile{\"header\":\"Data Explorer\"}"}]}
RESULT: {"script":"<script> [1562 bytes]","args":[{"selector":{"controlType":"sap.m.GenericTile","properties":{"header":"Data Explorer"}},"wdio_ui5_key":"sapm.GenericTile{\"header\":\"Data Explorer\"}"}]}
RESULT: undefined
COMMAND: POST /session/7321aecb2a857135ec5c3072eb60d4c6/element - {"using":"xpath","value":"//*[@id=\"__tile117\"]"}
RESULT: {"using":"xpath","value":"//*[@id=\"__tile117\"]"}
COMMAND: POST /session/7321aecb2a857135ec5c3072eb60d4c6/element/f.EB9C1B08A199D375CD0759B34D3D4CE8.d.6D2263C4F7012AEDC4443528AE388441.e.4844/click - {}
RESULT: {}
COMMAND: GET /session/7321aecb2a857135ec5c3072eb60d4c6/screenshot - {}
RESULT: {}
COMMAND: POST /session/7321aecb2a857135ec5c3072eb60d4c6/elements - {"using":"xpath","value":"//span[text()='Error']"}
RESULT: {"using":"xpath","value":"//span[text()='Error']"}
RESULT: undefined
COMMAND: POST /session/7321aecb2a857135ec5c3072eb60d4c6/element - {"using":"xpath","value":"//*[@id=\"__tile117\"]"}
RESULT: {"using":"xpath","value":"//*[@id=\"__tile117\"]"}
COMMAND: POST /session/7321aecb2a857135ec5c3072eb60d4c6/element/f.EB9C1B08A199D375CD0759B34D3D4CE8.d.6D2263C4F7012AEDC4443528AE388441.e.4844/click - {}
RESULT: undefined
COMMAND: POST /session/7321aecb2a857135ec5c3072eb60d4c6/element - {"using":"xpath","value":"//*[@id=\"__tile117\"]"}
RESULT: {"using":"xpath","value":"//*[@id=\"__tile117\"]"}
COMMAND: POST /session/7321aecb2a857135ec5c3072eb60d4c6/element/f.EB9C1B08A199D375CD0759B34D3D4CE8.d.6D2263C4F7012AEDC4443528AE388441.e.4844/click - {}
RESULT: undefined
COMMAND: POST /session/7321aecb2a857135ec5c3072eb60d4c6/execute/async - {"script":"<script> [6424 bytes]","args":[{"element-6066-11e4-a52e-4f735466cecf":"f.EB9C1B08A199D375CD0759B34D3D4CE8.d.6D2263C4F7012AEDC4443528AE388441.e.287"},"getTitle",[]]}
COMMAND: POST /session/7321aecb2a857135ec5c3072eb60d4c6/execute/async - {"script":"<script> [1562 bytes]","args":[{"selector":{"id":"shellAppTitle"},"wdio_ui5_key":"shellAppTitle"}]}
RESULT: {"script":"<script> [1562 bytes]","args":[{"selector":{"id":"shellAppTitle"},"wdio_ui5_key":"shellAppTitle"}]}
COMMAND: POST /session/7321aecb2a857135ec5c3072eb60d4c6/execute/async - {"script":"<script> [6424 bytes]","args":[{"element-6066-11e4-a52e-4f735466cecf":"f.EB9C1B08A199D375CD0759B34D3D4CE8.d.6D2263C4F7012AEDC4443528AE388441.e.5177"},"getTitle",[]]}
RESULT: {"script":"<script> [6424 bytes]","args":[{"element-6066-11e4-a52e-4f735466cecf":"f.EB9C1B08A199D375CD0759B34D3D4CE8.d.6D2263C4F7012AEDC4443528AE388441.e.5177"},"getTitle",[]]}
RESULT: undefined
COMMAND: POST /session/7321aecb2a857135ec5c3072eb60d4c6/element/f.EB9C1B08A199D375CD0759B34D3D4CE8.d.6D2263C4F7012AEDC4443528AE388441.e.4842/click - {}
RESULT: {}
COMMAND: GET /session/7321aecb2a857135ec5c3072eb60d4c6/screenshot - {}
RESULT: {}
]]></system-out>
    </testcase>
    <testcase classname="chrome.136_0_7103_93.windows.Sanity_Tests_US104253" name="Should open Performance Monitor page" time="39.115">
      <system-out><![CDATA[
COMMAND: POST /session/7321aecb2a857135ec5c3072eb60d4c6/execute/async - {"script":"<script> [1562 bytes]","args":[{"selector":{"controlType":"sap.m.GenericTile","properties":{"header":"Performance Monitor"}},"wdio_ui5_key":"sapm.GenericTile{\"header\":\"Performance Monitor\"}"}]}
RESULT: {"script":"<script> [1562 bytes]","args":[{"selector":{"controlType":"sap.m.GenericTile","properties":{"header":"Performance Monitor"}},"wdio_ui5_key":"sapm.GenericTile{\"header\":\"Performance Monitor\"}"}]}
RESULT: undefined
COMMAND: POST /session/7321aecb2a857135ec5c3072eb60d4c6/element - {"using":"xpath","value":"//*[@id=\"__tile116\"]"}
RESULT: {"using":"xpath","value":"//*[@id=\"__tile116\"]"}
COMMAND: POST /session/7321aecb2a857135ec5c3072eb60d4c6/element/f.EB9C1B08A199D375CD0759B34D3D4CE8.d.6D2263C4F7012AEDC4443528AE388441.e.5179/click - {}
RESULT: {}
COMMAND: GET /session/7321aecb2a857135ec5c3072eb60d4c6/screenshot - {}
RESULT: {}
COMMAND: POST /session/7321aecb2a857135ec5c3072eb60d4c6/elements - {"using":"xpath","value":"//span[text()='Error']"}
RESULT: {"using":"xpath","value":"//span[text()='Error']"}
RESULT: undefined
COMMAND: POST /session/7321aecb2a857135ec5c3072eb60d4c6/element - {"using":"xpath","value":"//*[@id=\"__tile116\"]"}
RESULT: {"using":"xpath","value":"//*[@id=\"__tile116\"]"}
COMMAND: POST /session/7321aecb2a857135ec5c3072eb60d4c6/element/f.EB9C1B08A199D375CD0759B34D3D4CE8.d.6D2263C4F7012AEDC4443528AE388441.e.5179/click - {}
RESULT: undefined
COMMAND: POST /session/7321aecb2a857135ec5c3072eb60d4c6/element - {"using":"xpath","value":"//*[@id=\"__tile116\"]"}
RESULT: {"using":"xpath","value":"//*[@id=\"__tile116\"]"}
COMMAND: POST /session/7321aecb2a857135ec5c3072eb60d4c6/element/f.EB9C1B08A199D375CD0759B34D3D4CE8.d.6D2263C4F7012AEDC4443528AE388441.e.5179/click - {}
RESULT: undefined
COMMAND: POST /session/7321aecb2a857135ec5c3072eb60d4c6/execute/async - {"script":"<script> [6424 bytes]","args":[{"element-6066-11e4-a52e-4f735466cecf":"f.EB9C1B08A199D375CD0759B34D3D4CE8.d.6D2263C4F7012AEDC4443528AE388441.e.287"},"getTitle",[]]}
COMMAND: POST /session/7321aecb2a857135ec5c3072eb60d4c6/execute/async - {"script":"<script> [1562 bytes]","args":[{"selector":{"id":"shellAppTitle"},"wdio_ui5_key":"shellAppTitle"}]}
RESULT: {"script":"<script> [1562 bytes]","args":[{"selector":{"id":"shellAppTitle"},"wdio_ui5_key":"shellAppTitle"}]}
COMMAND: POST /session/7321aecb2a857135ec5c3072eb60d4c6/execute/async - {"script":"<script> [6424 bytes]","args":[{"element-6066-11e4-a52e-4f735466cecf":"f.EB9C1B08A199D375CD0759B34D3D4CE8.d.6D2263C4F7012AEDC4443528AE388441.e.5221"},"getTitle",[]]}
RESULT: {"script":"<script> [6424 bytes]","args":[{"element-6066-11e4-a52e-4f735466cecf":"f.EB9C1B08A199D375CD0759B34D3D4CE8.d.6D2263C4F7012AEDC4443528AE388441.e.5221"},"getTitle",[]]}
RESULT: undefined
COMMAND: POST /session/7321aecb2a857135ec5c3072eb60d4c6/element/f.EB9C1B08A199D375CD0759B34D3D4CE8.d.6D2263C4F7012AEDC4443528AE388441.e.4842/click - {}
COMMAND: POST /session/7321aecb2a857135ec5c3072eb60d4c6/element - {"using":"xpath","value":"//*[@id=\"backBtn\"]"}
RESULT: {"using":"xpath","value":"//*[@id=\"backBtn\"]"}
COMMAND: POST /session/7321aecb2a857135ec5c3072eb60d4c6/element/f.EB9C1B08A199D375CD0759B34D3D4CE8.d.6D2263C4F7012AEDC4443528AE388441.e.4842/click - {}
COMMAND: POST /session/7321aecb2a857135ec5c3072eb60d4c6/element - {"using":"xpath","value":"//*[@id=\"backBtn\"]"}
RESULT: {"using":"xpath","value":"//*[@id=\"backBtn\"]"}
COMMAND: POST /session/7321aecb2a857135ec5c3072eb60d4c6/element/f.EB9C1B08A199D375CD0759B34D3D4CE8.d.6D2263C4F7012AEDC4443528AE388441.e.5222/click - {}
RESULT: {}
COMMAND: GET /session/7321aecb2a857135ec5c3072eb60d4c6/screenshot - {}
RESULT: {}
]]></system-out>
    </testcase>
    <testcase classname="chrome.136_0_7103_93.windows.Sanity_Tests_US104253" name="Should open Organizational Model page" time="38.16">
      <system-out><![CDATA[
COMMAND: POST /session/7321aecb2a857135ec5c3072eb60d4c6/execute/async - {"script":"<script> [1562 bytes]","args":[{"selector":{"controlType":"sap.m.GenericTile","properties":{"header":"Organizational Model"}},"wdio_ui5_key":"sapm.GenericTile{\"header\":\"Organizational Model\"}"}]}
RESULT: {"script":"<script> [1562 bytes]","args":[{"selector":{"controlType":"sap.m.GenericTile","properties":{"header":"Organizational Model"}},"wdio_ui5_key":"sapm.GenericTile{\"header\":\"Organizational Model\"}"}]}
RESULT: undefined
COMMAND: POST /session/7321aecb2a857135ec5c3072eb60d4c6/element - {"using":"xpath","value":"//*[@id=\"__tile120\"]"}
RESULT: {"using":"xpath","value":"//*[@id=\"__tile120\"]"}
COMMAND: POST /session/7321aecb2a857135ec5c3072eb60d4c6/element/f.EB9C1B08A199D375CD0759B34D3D4CE8.d.6D2263C4F7012AEDC4443528AE388441.e.5224/click - {}
RESULT: {}
COMMAND: GET /session/7321aecb2a857135ec5c3072eb60d4c6/screenshot - {}
RESULT: {}
COMMAND: POST /session/7321aecb2a857135ec5c3072eb60d4c6/elements - {"using":"xpath","value":"//span[text()='Error']"}
RESULT: {"using":"xpath","value":"//span[text()='Error']"}
RESULT: undefined
COMMAND: POST /session/7321aecb2a857135ec5c3072eb60d4c6/element - {"using":"xpath","value":"//*[@id=\"__tile120\"]"}
RESULT: {"using":"xpath","value":"//*[@id=\"__tile120\"]"}
COMMAND: POST /session/7321aecb2a857135ec5c3072eb60d4c6/element/f.EB9C1B08A199D375CD0759B34D3D4CE8.d.6D2263C4F7012AEDC4443528AE388441.e.5224/click - {}
RESULT: undefined
COMMAND: POST /session/7321aecb2a857135ec5c3072eb60d4c6/element - {"using":"xpath","value":"//*[@id=\"__tile120\"]"}
RESULT: {"using":"xpath","value":"//*[@id=\"__tile120\"]"}
COMMAND: POST /session/7321aecb2a857135ec5c3072eb60d4c6/element/f.EB9C1B08A199D375CD0759B34D3D4CE8.d.6D2263C4F7012AEDC4443528AE388441.e.5224/click - {}
RESULT: undefined
COMMAND: POST /session/7321aecb2a857135ec5c3072eb60d4c6/execute/async - {"script":"<script> [6424 bytes]","args":[{"element-6066-11e4-a52e-4f735466cecf":"f.EB9C1B08A199D375CD0759B34D3D4CE8.d.6D2263C4F7012AEDC4443528AE388441.e.287"},"getTitle",[]]}
COMMAND: POST /session/7321aecb2a857135ec5c3072eb60d4c6/execute/async - {"script":"<script> [1562 bytes]","args":[{"selector":{"id":"shellAppTitle"},"wdio_ui5_key":"shellAppTitle"}]}
RESULT: {"script":"<script> [1562 bytes]","args":[{"selector":{"id":"shellAppTitle"},"wdio_ui5_key":"shellAppTitle"}]}
COMMAND: POST /session/7321aecb2a857135ec5c3072eb60d4c6/execute/async - {"script":"<script> [6424 bytes]","args":[{"element-6066-11e4-a52e-4f735466cecf":"f.EB9C1B08A199D375CD0759B34D3D4CE8.d.6D2263C4F7012AEDC4443528AE388441.e.5244"},"getTitle",[]]}
RESULT: {"script":"<script> [6424 bytes]","args":[{"element-6066-11e4-a52e-4f735466cecf":"f.EB9C1B08A199D375CD0759B34D3D4CE8.d.6D2263C4F7012AEDC4443528AE388441.e.5244"},"getTitle",[]]}
RESULT: undefined
COMMAND: POST /session/7321aecb2a857135ec5c3072eb60d4c6/element/f.EB9C1B08A199D375CD0759B34D3D4CE8.d.6D2263C4F7012AEDC4443528AE388441.e.5222/click - {}
RESULT: {}
COMMAND: GET /session/7321aecb2a857135ec5c3072eb60d4c6/screenshot - {}
RESULT: {}
]]></system-out>
    </testcase>
    <testcase classname="chrome.136_0_7103_93.windows.Sanity_Tests_US104253" name="Should open Manage Roles page" time="37.865">
      <system-out><![CDATA[
COMMAND: POST /session/7321aecb2a857135ec5c3072eb60d4c6/execute/async - {"script":"<script> [1562 bytes]","args":[{"selector":{"controlType":"sap.m.GenericTile","properties":{"header":"Manage Roles"}},"wdio_ui5_key":"sapm.GenericTile{\"header\":\"Manage Roles\"}"}]}
RESULT: {"script":"<script> [1562 bytes]","args":[{"selector":{"controlType":"sap.m.GenericTile","properties":{"header":"Manage Roles"}},"wdio_ui5_key":"sapm.GenericTile{\"header\":\"Manage Roles\"}"}]}
RESULT: undefined
COMMAND: POST /session/7321aecb2a857135ec5c3072eb60d4c6/element - {"using":"xpath","value":"//*[@id=\"__tile119\"]"}
RESULT: {"using":"xpath","value":"//*[@id=\"__tile119\"]"}
COMMAND: POST /session/7321aecb2a857135ec5c3072eb60d4c6/element/f.EB9C1B08A199D375CD0759B34D3D4CE8.d.6D2263C4F7012AEDC4443528AE388441.e.5246/click - {}
RESULT: {}
COMMAND: GET /session/7321aecb2a857135ec5c3072eb60d4c6/screenshot - {}
RESULT: {}
COMMAND: POST /session/7321aecb2a857135ec5c3072eb60d4c6/elements - {"using":"xpath","value":"//span[text()='Error']"}
RESULT: {"using":"xpath","value":"//span[text()='Error']"}
RESULT: undefined
COMMAND: POST /session/7321aecb2a857135ec5c3072eb60d4c6/element - {"using":"xpath","value":"//*[@id=\"__tile119\"]"}
RESULT: {"using":"xpath","value":"//*[@id=\"__tile119\"]"}
COMMAND: POST /session/7321aecb2a857135ec5c3072eb60d4c6/element/f.EB9C1B08A199D375CD0759B34D3D4CE8.d.6D2263C4F7012AEDC4443528AE388441.e.5246/click - {}
RESULT: undefined
COMMAND: POST /session/7321aecb2a857135ec5c3072eb60d4c6/element - {"using":"xpath","value":"//*[@id=\"__tile119\"]"}
RESULT: {"using":"xpath","value":"//*[@id=\"__tile119\"]"}
COMMAND: POST /session/7321aecb2a857135ec5c3072eb60d4c6/element/f.EB9C1B08A199D375CD0759B34D3D4CE8.d.6D2263C4F7012AEDC4443528AE388441.e.5246/click - {}
RESULT: undefined
COMMAND: POST /session/7321aecb2a857135ec5c3072eb60d4c6/execute/async - {"script":"<script> [6424 bytes]","args":[{"element-6066-11e4-a52e-4f735466cecf":"f.EB9C1B08A199D375CD0759B34D3D4CE8.d.6D2263C4F7012AEDC4443528AE388441.e.287"},"getTitle",[]]}
COMMAND: POST /session/7321aecb2a857135ec5c3072eb60d4c6/execute/async - {"script":"<script> [1562 bytes]","args":[{"selector":{"id":"shellAppTitle"},"wdio_ui5_key":"shellAppTitle"}]}
RESULT: {"script":"<script> [1562 bytes]","args":[{"selector":{"id":"shellAppTitle"},"wdio_ui5_key":"shellAppTitle"}]}
COMMAND: POST /session/7321aecb2a857135ec5c3072eb60d4c6/execute/async - {"script":"<script> [6424 bytes]","args":[{"element-6066-11e4-a52e-4f735466cecf":"f.EB9C1B08A199D375CD0759B34D3D4CE8.d.6D2263C4F7012AEDC4443528AE388441.e.5346"},"getTitle",[]]}
RESULT: {"script":"<script> [6424 bytes]","args":[{"element-6066-11e4-a52e-4f735466cecf":"f.EB9C1B08A199D375CD0759B34D3D4CE8.d.6D2263C4F7012AEDC4443528AE388441.e.5346"},"getTitle",[]]}
RESULT: undefined
COMMAND: POST /session/7321aecb2a857135ec5c3072eb60d4c6/element/f.EB9C1B08A199D375CD0759B34D3D4CE8.d.6D2263C4F7012AEDC4443528AE388441.e.5222/click - {}
COMMAND: POST /session/7321aecb2a857135ec5c3072eb60d4c6/element - {"using":"xpath","value":"//*[@id=\"backBtn\"]"}
RESULT: {"using":"xpath","value":"//*[@id=\"backBtn\"]"}
COMMAND: POST /session/7321aecb2a857135ec5c3072eb60d4c6/element/f.EB9C1B08A199D375CD0759B34D3D4CE8.d.6D2263C4F7012AEDC4443528AE388441.e.5222/click - {}
COMMAND: POST /session/7321aecb2a857135ec5c3072eb60d4c6/element - {"using":"xpath","value":"//*[@id=\"backBtn\"]"}
RESULT: {"using":"xpath","value":"//*[@id=\"backBtn\"]"}
COMMAND: POST /session/7321aecb2a857135ec5c3072eb60d4c6/element/f.EB9C1B08A199D375CD0759B34D3D4CE8.d.6D2263C4F7012AEDC4443528AE388441.e.5347/click - {}
RESULT: {}
COMMAND: GET /session/7321aecb2a857135ec5c3072eb60d4c6/screenshot - {}
RESULT: {}
]]></system-out>
    </testcase>
    <testcase classname="chrome.136_0_7103_93.windows.Sanity_Tests_US104253" name="Should open Authorization Tables page" time="43.14">
      <system-out><![CDATA[
COMMAND: POST /session/7321aecb2a857135ec5c3072eb60d4c6/execute/async - {"script":"<script> [1562 bytes]","args":[{"selector":{"controlType":"sap.m.GenericTile","properties":{"header":"Authorization Tables"}},"wdio_ui5_key":"sapm.GenericTile{\"header\":\"Authorization Tables\"}"}]}
RESULT: {"script":"<script> [1562 bytes]","args":[{"selector":{"controlType":"sap.m.GenericTile","properties":{"header":"Authorization Tables"}},"wdio_ui5_key":"sapm.GenericTile{\"header\":\"Authorization Tables\"}"}]}
RESULT: undefined
COMMAND: POST /session/7321aecb2a857135ec5c3072eb60d4c6/element - {"using":"xpath","value":"//*[@id=\"__tile118\"]"}
RESULT: {"using":"xpath","value":"//*[@id=\"__tile118\"]"}
COMMAND: POST /session/7321aecb2a857135ec5c3072eb60d4c6/element/f.EB9C1B08A199D375CD0759B34D3D4CE8.d.6D2263C4F7012AEDC4443528AE388441.e.5349/click - {}
RESULT: {}
COMMAND: GET /session/7321aecb2a857135ec5c3072eb60d4c6/screenshot - {}
RESULT: {}
COMMAND: POST /session/7321aecb2a857135ec5c3072eb60d4c6/elements - {"using":"xpath","value":"//span[text()='Error']"}
RESULT: {"using":"xpath","value":"//span[text()='Error']"}
RESULT: undefined
COMMAND: POST /session/7321aecb2a857135ec5c3072eb60d4c6/element - {"using":"xpath","value":"//*[@id=\"__tile118\"]"}
RESULT: {"using":"xpath","value":"//*[@id=\"__tile118\"]"}
COMMAND: POST /session/7321aecb2a857135ec5c3072eb60d4c6/element/f.EB9C1B08A199D375CD0759B34D3D4CE8.d.6D2263C4F7012AEDC4443528AE388441.e.5349/click - {}
RESULT: undefined
COMMAND: POST /session/7321aecb2a857135ec5c3072eb60d4c6/element - {"using":"xpath","value":"//*[@id=\"__tile118\"]"}
RESULT: {"using":"xpath","value":"//*[@id=\"__tile118\"]"}
COMMAND: POST /session/7321aecb2a857135ec5c3072eb60d4c6/element/f.EB9C1B08A199D375CD0759B34D3D4CE8.d.6D2263C4F7012AEDC4443528AE388441.e.5349/click - {}
RESULT: undefined
COMMAND: POST /session/7321aecb2a857135ec5c3072eb60d4c6/execute/async - {"script":"<script> [6424 bytes]","args":[{"element-6066-11e4-a52e-4f735466cecf":"f.EB9C1B08A199D375CD0759B34D3D4CE8.d.6D2263C4F7012AEDC4443528AE388441.e.287"},"getTitle",[]]}
COMMAND: POST /session/7321aecb2a857135ec5c3072eb60d4c6/execute/async - {"script":"<script> [1562 bytes]","args":[{"selector":{"id":"shellAppTitle"},"wdio_ui5_key":"shellAppTitle"}]}
RESULT: {"script":"<script> [1562 bytes]","args":[{"selector":{"id":"shellAppTitle"},"wdio_ui5_key":"shellAppTitle"}]}
COMMAND: POST /session/7321aecb2a857135ec5c3072eb60d4c6/execute/async - {"script":"<script> [6424 bytes]","args":[{"element-6066-11e4-a52e-4f735466cecf":"f.EB9C1B08A199D375CD0759B34D3D4CE8.d.6D2263C4F7012AEDC4443528AE388441.e.5433"},"getTitle",[]]}
RESULT: {"script":"<script> [6424 bytes]","args":[{"element-6066-11e4-a52e-4f735466cecf":"f.EB9C1B08A199D375CD0759B34D3D4CE8.d.6D2263C4F7012AEDC4443528AE388441.e.5433"},"getTitle",[]]}
RESULT: undefined
COMMAND: POST /session/7321aecb2a857135ec5c3072eb60d4c6/element/f.EB9C1B08A199D375CD0759B34D3D4CE8.d.6D2263C4F7012AEDC4443528AE388441.e.5347/click - {}
RESULT: {}
COMMAND: GET /session/7321aecb2a857135ec5c3072eb60d4c6/screenshot - {}
RESULT: {}
]]></system-out>
    </testcase>
    <testcase classname="chrome.136_0_7103_93.windows.Sanity_Tests_US104253" name="Should open User Maintenance page" time="38.483">
      <system-out><![CDATA[
COMMAND: POST /session/7321aecb2a857135ec5c3072eb60d4c6/execute/async - {"script":"<script> [1562 bytes]","args":[{"selector":{"controlType":"sap.m.GenericTile","properties":{"header":"User Maintenance"}},"wdio_ui5_key":"sapm.GenericTile{\"header\":\"User Maintenance\"}"}]}
RESULT: {"script":"<script> [1562 bytes]","args":[{"selector":{"controlType":"sap.m.GenericTile","properties":{"header":"User Maintenance"}},"wdio_ui5_key":"sapm.GenericTile{\"header\":\"User Maintenance\"}"}]}
RESULT: undefined
COMMAND: POST /session/7321aecb2a857135ec5c3072eb60d4c6/element - {"using":"xpath","value":"//*[@id=\"__tile121\"]"}
RESULT: {"using":"xpath","value":"//*[@id=\"__tile121\"]"}
COMMAND: POST /session/7321aecb2a857135ec5c3072eb60d4c6/element/f.EB9C1B08A199D375CD0759B34D3D4CE8.d.6D2263C4F7012AEDC4443528AE388441.e.5435/click - {}
RESULT: {}
COMMAND: GET /session/7321aecb2a857135ec5c3072eb60d4c6/screenshot - {}
RESULT: {}
COMMAND: POST /session/7321aecb2a857135ec5c3072eb60d4c6/elements - {"using":"xpath","value":"//span[text()='Error']"}
RESULT: {"using":"xpath","value":"//span[text()='Error']"}
RESULT: undefined
COMMAND: POST /session/7321aecb2a857135ec5c3072eb60d4c6/element - {"using":"xpath","value":"//*[@id=\"__tile121\"]"}
RESULT: {"using":"xpath","value":"//*[@id=\"__tile121\"]"}
COMMAND: POST /session/7321aecb2a857135ec5c3072eb60d4c6/element/f.EB9C1B08A199D375CD0759B34D3D4CE8.d.6D2263C4F7012AEDC4443528AE388441.e.5435/click - {}
RESULT: undefined
COMMAND: POST /session/7321aecb2a857135ec5c3072eb60d4c6/element - {"using":"xpath","value":"//*[@id=\"__tile121\"]"}
RESULT: {"using":"xpath","value":"//*[@id=\"__tile121\"]"}
COMMAND: POST /session/7321aecb2a857135ec5c3072eb60d4c6/element/f.EB9C1B08A199D375CD0759B34D3D4CE8.d.6D2263C4F7012AEDC4443528AE388441.e.5435/click - {}
RESULT: undefined
COMMAND: POST /session/7321aecb2a857135ec5c3072eb60d4c6/execute/async - {"script":"<script> [6424 bytes]","args":[{"element-6066-11e4-a52e-4f735466cecf":"f.EB9C1B08A199D375CD0759B34D3D4CE8.d.6D2263C4F7012AEDC4443528AE388441.e.287"},"getTitle",[]]}
COMMAND: POST /session/7321aecb2a857135ec5c3072eb60d4c6/execute/async - {"script":"<script> [1562 bytes]","args":[{"selector":{"id":"shellAppTitle"},"wdio_ui5_key":"shellAppTitle"}]}
RESULT: {"script":"<script> [1562 bytes]","args":[{"selector":{"id":"shellAppTitle"},"wdio_ui5_key":"shellAppTitle"}]}
COMMAND: POST /session/7321aecb2a857135ec5c3072eb60d4c6/execute/async - {"script":"<script> [6424 bytes]","args":[{"element-6066-11e4-a52e-4f735466cecf":"f.EB9C1B08A199D375CD0759B34D3D4CE8.d.6D2263C4F7012AEDC4443528AE388441.e.5523"},"getTitle",[]]}
RESULT: {"script":"<script> [6424 bytes]","args":[{"element-6066-11e4-a52e-4f735466cecf":"f.EB9C1B08A199D375CD0759B34D3D4CE8.d.6D2263C4F7012AEDC4443528AE388441.e.5523"},"getTitle",[]]}
RESULT: undefined
COMMAND: POST /session/7321aecb2a857135ec5c3072eb60d4c6/element/f.EB9C1B08A199D375CD0759B34D3D4CE8.d.6D2263C4F7012AEDC4443528AE388441.e.5347/click - {}
COMMAND: POST /session/7321aecb2a857135ec5c3072eb60d4c6/element - {"using":"xpath","value":"//*[@id=\"backBtn\"]"}
RESULT: {"using":"xpath","value":"//*[@id=\"backBtn\"]"}
COMMAND: POST /session/7321aecb2a857135ec5c3072eb60d4c6/element/f.EB9C1B08A199D375CD0759B34D3D4CE8.d.6D2263C4F7012AEDC4443528AE388441.e.5347/click - {}
COMMAND: POST /session/7321aecb2a857135ec5c3072eb60d4c6/element - {"using":"xpath","value":"//*[@id=\"backBtn\"]"}
RESULT: {"using":"xpath","value":"//*[@id=\"backBtn\"]"}
COMMAND: POST /session/7321aecb2a857135ec5c3072eb60d4c6/element/f.EB9C1B08A199D375CD0759B34D3D4CE8.d.6D2263C4F7012AEDC4443528AE388441.e.5524/click - {}
RESULT: {}
COMMAND: GET /session/7321aecb2a857135ec5c3072eb60d4c6/screenshot - {}
RESULT: {}
]]></system-out>
    </testcase>
    <testcase classname="chrome.136_0_7103_93.windows.Sanity_Tests_US104253" name="Should open Schedule Jobs page" time="36.066">
      <system-out><![CDATA[
COMMAND: POST /session/7321aecb2a857135ec5c3072eb60d4c6/execute/async - {"script":"<script> [1562 bytes]","args":[{"selector":{"controlType":"sap.m.GenericTile","properties":{"header":"Schedule Jobs"}},"wdio_ui5_key":"sapm.GenericTile{\"header\":\"Schedule Jobs\"}"}]}
RESULT: {"script":"<script> [1562 bytes]","args":[{"selector":{"controlType":"sap.m.GenericTile","properties":{"header":"Schedule Jobs"}},"wdio_ui5_key":"sapm.GenericTile{\"header\":\"Schedule Jobs\"}"}]}
RESULT: undefined
COMMAND: POST /session/7321aecb2a857135ec5c3072eb60d4c6/element - {"using":"xpath","value":"//*[@id=\"__tile127\"]"}
RESULT: {"using":"xpath","value":"//*[@id=\"__tile127\"]"}
COMMAND: POST /session/7321aecb2a857135ec5c3072eb60d4c6/element/f.EB9C1B08A199D375CD0759B34D3D4CE8.d.6D2263C4F7012AEDC4443528AE388441.e.5527/click - {}
RESULT: {}
COMMAND: GET /session/7321aecb2a857135ec5c3072eb60d4c6/screenshot - {}
RESULT: {}
COMMAND: POST /session/7321aecb2a857135ec5c3072eb60d4c6/elements - {"using":"xpath","value":"//span[text()='Error']"}
RESULT: {"using":"xpath","value":"//span[text()='Error']"}
RESULT: undefined
COMMAND: POST /session/7321aecb2a857135ec5c3072eb60d4c6/element - {"using":"xpath","value":"//*[@id=\"__tile127\"]"}
RESULT: {"using":"xpath","value":"//*[@id=\"__tile127\"]"}
COMMAND: POST /session/7321aecb2a857135ec5c3072eb60d4c6/element/f.EB9C1B08A199D375CD0759B34D3D4CE8.d.6D2263C4F7012AEDC4443528AE388441.e.5527/click - {}
RESULT: undefined
COMMAND: POST /session/7321aecb2a857135ec5c3072eb60d4c6/element - {"using":"xpath","value":"//*[@id=\"__tile127\"]"}
RESULT: {"using":"xpath","value":"//*[@id=\"__tile127\"]"}
COMMAND: POST /session/7321aecb2a857135ec5c3072eb60d4c6/element/f.EB9C1B08A199D375CD0759B34D3D4CE8.d.6D2263C4F7012AEDC4443528AE388441.e.5527/click - {}
RESULT: undefined
COMMAND: POST /session/7321aecb2a857135ec5c3072eb60d4c6/execute/async - {"script":"<script> [6424 bytes]","args":[{"element-6066-11e4-a52e-4f735466cecf":"f.EB9C1B08A199D375CD0759B34D3D4CE8.d.6D2263C4F7012AEDC4443528AE388441.e.287"},"getTitle",[]]}
COMMAND: POST /session/7321aecb2a857135ec5c3072eb60d4c6/execute/async - {"script":"<script> [1562 bytes]","args":[{"selector":{"id":"shellAppTitle"},"wdio_ui5_key":"shellAppTitle"}]}
RESULT: {"script":"<script> [1562 bytes]","args":[{"selector":{"id":"shellAppTitle"},"wdio_ui5_key":"shellAppTitle"}]}
COMMAND: POST /session/7321aecb2a857135ec5c3072eb60d4c6/execute/async - {"script":"<script> [6424 bytes]","args":[{"element-6066-11e4-a52e-4f735466cecf":"f.EB9C1B08A199D375CD0759B34D3D4CE8.d.6D2263C4F7012AEDC4443528AE388441.e.5572"},"getTitle",[]]}
RESULT: {"script":"<script> [6424 bytes]","args":[{"element-6066-11e4-a52e-4f735466cecf":"f.EB9C1B08A199D375CD0759B34D3D4CE8.d.6D2263C4F7012AEDC4443528AE388441.e.5572"},"getTitle",[]]}
RESULT: undefined
COMMAND: POST /session/7321aecb2a857135ec5c3072eb60d4c6/element/f.EB9C1B08A199D375CD0759B34D3D4CE8.d.6D2263C4F7012AEDC4443528AE388441.e.5524/click - {}
COMMAND: POST /session/7321aecb2a857135ec5c3072eb60d4c6/element/f.EB9C1B08A199D375CD0759B34D3D4CE8.d.6D2263C4F7012AEDC4443528AE388441.e.5524/click - {}
RESULT: {}
COMMAND: GET /session/7321aecb2a857135ec5c3072eb60d4c6/screenshot - {}
COMMAND: POST /session/7321aecb2a857135ec5c3072eb60d4c6/element - {"using":"xpath","value":"//*[@id=\"backBtn\"]"}
RESULT: {}
RESULT: {"using":"xpath","value":"//*[@id=\"backBtn\"]"}
COMMAND: POST /session/7321aecb2a857135ec5c3072eb60d4c6/elements - {"using":"xpath","value":"//*[@id=\"backBtn\"]"}
RESULT: {"using":"xpath","value":"//*[@id=\"backBtn\"]"}
COMMAND: POST /session/7321aecb2a857135ec5c3072eb60d4c6/elements - {"using":"xpath","value":"//*[@id=\"backBtn\"]"}
RESULT: {"using":"xpath","value":"//*[@id=\"backBtn\"]"}
COMMAND: POST /session/7321aecb2a857135ec5c3072eb60d4c6/elements - {"using":"xpath","value":"//*[@id=\"backBtn\"]"}
RESULT: {"using":"xpath","value":"//*[@id=\"backBtn\"]"}
COMMAND: POST /session/7321aecb2a857135ec5c3072eb60d4c6/elements - {"using":"xpath","value":"//*[@id=\"backBtn\"]"}
RESULT: {"using":"xpath","value":"//*[@id=\"backBtn\"]"}
COMMAND: POST /session/7321aecb2a857135ec5c3072eb60d4c6/elements - {"using":"xpath","value":"//*[@id=\"backBtn\"]"}
RESULT: {"using":"xpath","value":"//*[@id=\"backBtn\"]"}
COMMAND: POST /session/7321aecb2a857135ec5c3072eb60d4c6/elements - {"using":"xpath","value":"//*[@id=\"backBtn\"]"}
RESULT: {"using":"xpath","value":"//*[@id=\"backBtn\"]"}
COMMAND: POST /session/7321aecb2a857135ec5c3072eb60d4c6/elements - {"using":"xpath","value":"//*[@id=\"backBtn\"]"}
RESULT: {"using":"xpath","value":"//*[@id=\"backBtn\"]"}
COMMAND: POST /session/7321aecb2a857135ec5c3072eb60d4c6/elements - {"using":"xpath","value":"//*[@id=\"backBtn\"]"}
RESULT: {"using":"xpath","value":"//*[@id=\"backBtn\"]"}
COMMAND: POST /session/7321aecb2a857135ec5c3072eb60d4c6/elements - {"using":"xpath","value":"//*[@id=\"backBtn\"]"}
RESULT: {"using":"xpath","value":"//*[@id=\"backBtn\"]"}
COMMAND: POST /session/7321aecb2a857135ec5c3072eb60d4c6/elements - {"using":"xpath","value":"//*[@id=\"backBtn\"]"}
RESULT: {"using":"xpath","value":"//*[@id=\"backBtn\"]"}
COMMAND: POST /session/7321aecb2a857135ec5c3072eb60d4c6/elements - {"using":"xpath","value":"//*[@id=\"backBtn\"]"}
RESULT: {"using":"xpath","value":"//*[@id=\"backBtn\"]"}
COMMAND: POST /session/7321aecb2a857135ec5c3072eb60d4c6/elements - {"using":"xpath","value":"//*[@id=\"backBtn\"]"}
RESULT: {"using":"xpath","value":"//*[@id=\"backBtn\"]"}
COMMAND: POST /session/7321aecb2a857135ec5c3072eb60d4c6/elements - {"using":"xpath","value":"//*[@id=\"backBtn\"]"}
RESULT: {"using":"xpath","value":"//*[@id=\"backBtn\"]"}
COMMAND: POST /session/7321aecb2a857135ec5c3072eb60d4c6/elements - {"using":"xpath","value":"//*[@id=\"backBtn\"]"}
RESULT: {"using":"xpath","value":"//*[@id=\"backBtn\"]"}
COMMAND: POST /session/7321aecb2a857135ec5c3072eb60d4c6/elements - {"using":"xpath","value":"//*[@id=\"backBtn\"]"}
RESULT: {"using":"xpath","value":"//*[@id=\"backBtn\"]"}
COMMAND: POST /session/7321aecb2a857135ec5c3072eb60d4c6/elements - {"using":"xpath","value":"//*[@id=\"backBtn\"]"}
RESULT: {"using":"xpath","value":"//*[@id=\"backBtn\"]"}
COMMAND: POST /session/7321aecb2a857135ec5c3072eb60d4c6/elements - {"using":"xpath","value":"//*[@id=\"backBtn\"]"}
RESULT: {"using":"xpath","value":"//*[@id=\"backBtn\"]"}
COMMAND: POST /session/7321aecb2a857135ec5c3072eb60d4c6/elements - {"using":"xpath","value":"//*[@id=\"backBtn\"]"}
RESULT: {"using":"xpath","value":"//*[@id=\"backBtn\"]"}
COMMAND: POST /session/7321aecb2a857135ec5c3072eb60d4c6/elements - {"using":"xpath","value":"//*[@id=\"backBtn\"]"}
RESULT: {"using":"xpath","value":"//*[@id=\"backBtn\"]"}
]]></system-out>
    </testcase>
    <testcase classname="chrome.136_0_7103_93.windows.Sanity_Tests_US104253" name="Should open Jobs Setup page" time="36.666">
      <system-out><![CDATA[
COMMAND: POST /session/7321aecb2a857135ec5c3072eb60d4c6/execute/async - {"script":"<script> [1562 bytes]","args":[{"selector":{"controlType":"sap.m.GenericTile","properties":{"header":"Jobs Setup"}},"wdio_ui5_key":"sapm.GenericTile{\"header\":\"Jobs Setup\"}"}]}
COMMAND: POST /session/7321aecb2a857135ec5c3072eb60d4c6/elements - {"using":"xpath","value":"//*[@id=\"backBtn\"]"}
RESULT: {"script":"<script> [1562 bytes]","args":[{"selector":{"controlType":"sap.m.GenericTile","properties":{"header":"Jobs Setup"}},"wdio_ui5_key":"sapm.GenericTile{\"header\":\"Jobs Setup\"}"}]}
RESULT: undefined
COMMAND: POST /session/7321aecb2a857135ec5c3072eb60d4c6/element - {"using":"xpath","value":"//*[@id=\"__tile128\"]"}
RESULT: {"using":"xpath","value":"//*[@id=\"backBtn\"]"}
RESULT: {"using":"xpath","value":"//*[@id=\"__tile128\"]"}
COMMAND: POST /session/7321aecb2a857135ec5c3072eb60d4c6/element/f.EB9C1B08A199D375CD0759B34D3D4CE8.d.6D2263C4F7012AEDC4443528AE388441.e.5574/click - {}
COMMAND: POST /session/7321aecb2a857135ec5c3072eb60d4c6/elements - {"using":"xpath","value":"//*[@id=\"backBtn\"]"}
RESULT: {}
COMMAND: GET /session/7321aecb2a857135ec5c3072eb60d4c6/screenshot - {}
RESULT: {"using":"xpath","value":"//*[@id=\"backBtn\"]"}
COMMAND: POST /session/7321aecb2a857135ec5c3072eb60d4c6/elements - {"using":"xpath","value":"//*[@id=\"backBtn\"]"}
RESULT: {}
RESULT: {"using":"xpath","value":"//*[@id=\"backBtn\"]"}
COMMAND: POST /session/7321aecb2a857135ec5c3072eb60d4c6/element - {"using":"xpath","value":"//*[@id=\"backBtn\"]"}
RESULT: {"using":"xpath","value":"//*[@id=\"backBtn\"]"}
COMMAND: POST /session/7321aecb2a857135ec5c3072eb60d4c6/element/f.EB9C1B08A199D375CD0759B34D3D4CE8.d.6D2263C4F7012AEDC4443528AE388441.e.5524/click - {}
COMMAND: POST /session/7321aecb2a857135ec5c3072eb60d4c6/element - {"using":"xpath","value":"//*[@id=\"backBtn\"]"}
RESULT: {"using":"xpath","value":"//*[@id=\"backBtn\"]"}
COMMAND: POST /session/7321aecb2a857135ec5c3072eb60d4c6/element/f.EB9C1B08A199D375CD0759B34D3D4CE8.d.6D2263C4F7012AEDC4443528AE388441.e.5767/click - {}
RESULT: {}
COMMAND: GET /session/7321aecb2a857135ec5c3072eb60d4c6/screenshot - {}
RESULT: {}
COMMAND: POST /session/7321aecb2a857135ec5c3072eb60d4c6/elements - {"using":"xpath","value":"//span[text()='Error']"}
RESULT: {"using":"xpath","value":"//span[text()='Error']"}
RESULT: undefined
COMMAND: POST /session/7321aecb2a857135ec5c3072eb60d4c6/element - {"using":"xpath","value":"//*[@id=\"__tile128\"]"}
RESULT: {"using":"xpath","value":"//*[@id=\"__tile128\"]"}
COMMAND: POST /session/7321aecb2a857135ec5c3072eb60d4c6/element/f.EB9C1B08A199D375CD0759B34D3D4CE8.d.6D2263C4F7012AEDC4443528AE388441.e.5574/click - {}
RESULT: undefined
COMMAND: POST /session/7321aecb2a857135ec5c3072eb60d4c6/element - {"using":"xpath","value":"//*[@id=\"__tile128\"]"}
RESULT: {"using":"xpath","value":"//*[@id=\"__tile128\"]"}
COMMAND: POST /session/7321aecb2a857135ec5c3072eb60d4c6/element/f.EB9C1B08A199D375CD0759B34D3D4CE8.d.6D2263C4F7012AEDC4443528AE388441.e.5574/click - {}
RESULT: undefined
COMMAND: POST /session/7321aecb2a857135ec5c3072eb60d4c6/execute/async - {"script":"<script> [6424 bytes]","args":[{"element-6066-11e4-a52e-4f735466cecf":"f.EB9C1B08A199D375CD0759B34D3D4CE8.d.6D2263C4F7012AEDC4443528AE388441.e.287"},"getTitle",[]]}
COMMAND: POST /session/7321aecb2a857135ec5c3072eb60d4c6/execute/async - {"script":"<script> [1562 bytes]","args":[{"selector":{"id":"shellAppTitle"},"wdio_ui5_key":"shellAppTitle"}]}
RESULT: {"script":"<script> [1562 bytes]","args":[{"selector":{"id":"shellAppTitle"},"wdio_ui5_key":"shellAppTitle"}]}
COMMAND: POST /session/7321aecb2a857135ec5c3072eb60d4c6/execute/async - {"script":"<script> [6424 bytes]","args":[{"element-6066-11e4-a52e-4f735466cecf":"f.EB9C1B08A199D375CD0759B34D3D4CE8.d.6D2263C4F7012AEDC4443528AE388441.e.5768"},"getTitle",[]]}
RESULT: {"script":"<script> [6424 bytes]","args":[{"element-6066-11e4-a52e-4f735466cecf":"f.EB9C1B08A199D375CD0759B34D3D4CE8.d.6D2263C4F7012AEDC4443528AE388441.e.5768"},"getTitle",[]]}
RESULT: undefined
COMMAND: POST /session/7321aecb2a857135ec5c3072eb60d4c6/element/f.EB9C1B08A199D375CD0759B34D3D4CE8.d.6D2263C4F7012AEDC4443528AE388441.e.5767/click - {}
COMMAND: POST /session/7321aecb2a857135ec5c3072eb60d4c6/element/f.EB9C1B08A199D375CD0759B34D3D4CE8.d.6D2263C4F7012AEDC4443528AE388441.e.5767/click - {}
RESULT: {}
COMMAND: GET /session/7321aecb2a857135ec5c3072eb60d4c6/screenshot - {}
RESULT: {}
COMMAND: GET /session/7321aecb2a857135ec5c3072eb60d4c6/screenshot - {}
RESULT: {}
RESULT: {}
]]></system-out>
    </testcase>
    <testcase classname="chrome.136_0_7103_93.windows.Sanity_Tests_US104253" name="Should open Target Systems Configuration page" time="36.235">
      <system-out><![CDATA[
COMMAND: POST /session/7321aecb2a857135ec5c3072eb60d4c6/execute/async - {"script":"<script> [1562 bytes]","args":[{"selector":{"controlType":"sap.m.GenericTile","properties":{"header":"Target Systems Configuration"}},"wdio_ui5_key":"sapm.GenericTile{\"header\":\"Target Systems Configuration\"}"}]}
RESULT: {"script":"<script> [1562 bytes]","args":[{"selector":{"controlType":"sap.m.GenericTile","properties":{"header":"Target Systems Configuration"}},"wdio_ui5_key":"sapm.GenericTile{\"header\":\"Target Systems Configuration\"}"}]}
RESULT: undefined
COMMAND: POST /session/7321aecb2a857135ec5c3072eb60d4c6/element - {"using":"xpath","value":"//*[@id=\"__tile129\"]"}
RESULT: {"using":"xpath","value":"//*[@id=\"__tile129\"]"}
COMMAND: POST /session/7321aecb2a857135ec5c3072eb60d4c6/element/f.EB9C1B08A199D375CD0759B34D3D4CE8.d.6D2263C4F7012AEDC4443528AE388441.e.5770/click - {}
RESULT: {}
COMMAND: GET /session/7321aecb2a857135ec5c3072eb60d4c6/screenshot - {}
RESULT: {}
COMMAND: POST /session/7321aecb2a857135ec5c3072eb60d4c6/elements - {"using":"xpath","value":"//span[text()='Error']"}
RESULT: {"using":"xpath","value":"//span[text()='Error']"}
RESULT: undefined
COMMAND: POST /session/7321aecb2a857135ec5c3072eb60d4c6/element - {"using":"xpath","value":"//*[@id=\"__tile129\"]"}
RESULT: {"using":"xpath","value":"//*[@id=\"__tile129\"]"}
COMMAND: POST /session/7321aecb2a857135ec5c3072eb60d4c6/element/f.EB9C1B08A199D375CD0759B34D3D4CE8.d.6D2263C4F7012AEDC4443528AE388441.e.5770/click - {}
RESULT: undefined
COMMAND: POST /session/7321aecb2a857135ec5c3072eb60d4c6/element - {"using":"xpath","value":"//*[@id=\"__tile129\"]"}
RESULT: {"using":"xpath","value":"//*[@id=\"__tile129\"]"}
COMMAND: POST /session/7321aecb2a857135ec5c3072eb60d4c6/element/f.EB9C1B08A199D375CD0759B34D3D4CE8.d.6D2263C4F7012AEDC4443528AE388441.e.5770/click - {}
RESULT: undefined
COMMAND: POST /session/7321aecb2a857135ec5c3072eb60d4c6/execute/async - {"script":"<script> [6424 bytes]","args":[{"element-6066-11e4-a52e-4f735466cecf":"f.EB9C1B08A199D375CD0759B34D3D4CE8.d.6D2263C4F7012AEDC4443528AE388441.e.287"},"getTitle",[]]}
COMMAND: POST /session/7321aecb2a857135ec5c3072eb60d4c6/execute/async - {"script":"<script> [1562 bytes]","args":[{"selector":{"id":"shellAppTitle"},"wdio_ui5_key":"shellAppTitle"}]}
RESULT: {"script":"<script> [1562 bytes]","args":[{"selector":{"id":"shellAppTitle"},"wdio_ui5_key":"shellAppTitle"}]}
COMMAND: POST /session/7321aecb2a857135ec5c3072eb60d4c6/execute/async - {"script":"<script> [6424 bytes]","args":[{"element-6066-11e4-a52e-4f735466cecf":"f.EB9C1B08A199D375CD0759B34D3D4CE8.d.6D2263C4F7012AEDC4443528AE388441.e.5822"},"getTitle",[]]}
RESULT: {"script":"<script> [6424 bytes]","args":[{"element-6066-11e4-a52e-4f735466cecf":"f.EB9C1B08A199D375CD0759B34D3D4CE8.d.6D2263C4F7012AEDC4443528AE388441.e.5822"},"getTitle",[]]}
RESULT: undefined
COMMAND: POST /session/7321aecb2a857135ec5c3072eb60d4c6/element/f.EB9C1B08A199D375CD0759B34D3D4CE8.d.6D2263C4F7012AEDC4443528AE388441.e.5767/click - {}
COMMAND: POST /session/7321aecb2a857135ec5c3072eb60d4c6/element/f.EB9C1B08A199D375CD0759B34D3D4CE8.d.6D2263C4F7012AEDC4443528AE388441.e.5767/click - {}
RESULT: {}
COMMAND: GET /session/7321aecb2a857135ec5c3072eb60d4c6/screenshot - {}
COMMAND: POST /session/7321aecb2a857135ec5c3072eb60d4c6/element - {"using":"xpath","value":"//*[@id=\"backBtn\"]"}
RESULT: {}
RESULT: {"using":"xpath","value":"//*[@id=\"backBtn\"]"}
COMMAND: POST /session/7321aecb2a857135ec5c3072eb60d4c6/elements - {"using":"xpath","value":"//*[@id=\"backBtn\"]"}
RESULT: {"using":"xpath","value":"//*[@id=\"backBtn\"]"}
COMMAND: POST /session/7321aecb2a857135ec5c3072eb60d4c6/elements - {"using":"xpath","value":"//*[@id=\"backBtn\"]"}
RESULT: {"using":"xpath","value":"//*[@id=\"backBtn\"]"}
COMMAND: POST /session/7321aecb2a857135ec5c3072eb60d4c6/elements - {"using":"xpath","value":"//*[@id=\"backBtn\"]"}
RESULT: {"using":"xpath","value":"//*[@id=\"backBtn\"]"}
COMMAND: POST /session/7321aecb2a857135ec5c3072eb60d4c6/elements - {"using":"xpath","value":"//*[@id=\"backBtn\"]"}
RESULT: {"using":"xpath","value":"//*[@id=\"backBtn\"]"}
COMMAND: POST /session/7321aecb2a857135ec5c3072eb60d4c6/elements - {"using":"xpath","value":"//*[@id=\"backBtn\"]"}
RESULT: {"using":"xpath","value":"//*[@id=\"backBtn\"]"}
COMMAND: POST /session/7321aecb2a857135ec5c3072eb60d4c6/elements - {"using":"xpath","value":"//*[@id=\"backBtn\"]"}
RESULT: {"using":"xpath","value":"//*[@id=\"backBtn\"]"}
COMMAND: POST /session/7321aecb2a857135ec5c3072eb60d4c6/elements - {"using":"xpath","value":"//*[@id=\"backBtn\"]"}
RESULT: {"using":"xpath","value":"//*[@id=\"backBtn\"]"}
COMMAND: POST /session/7321aecb2a857135ec5c3072eb60d4c6/elements - {"using":"xpath","value":"//*[@id=\"backBtn\"]"}
RESULT: {"using":"xpath","value":"//*[@id=\"backBtn\"]"}
COMMAND: POST /session/7321aecb2a857135ec5c3072eb60d4c6/elements - {"using":"xpath","value":"//*[@id=\"backBtn\"]"}
RESULT: {"using":"xpath","value":"//*[@id=\"backBtn\"]"}
COMMAND: POST /session/7321aecb2a857135ec5c3072eb60d4c6/elements - {"using":"xpath","value":"//*[@id=\"backBtn\"]"}
RESULT: {"using":"xpath","value":"//*[@id=\"backBtn\"]"}
COMMAND: POST /session/7321aecb2a857135ec5c3072eb60d4c6/elements - {"using":"xpath","value":"//*[@id=\"backBtn\"]"}
RESULT: {"using":"xpath","value":"//*[@id=\"backBtn\"]"}
COMMAND: POST /session/7321aecb2a857135ec5c3072eb60d4c6/elements - {"using":"xpath","value":"//*[@id=\"backBtn\"]"}
RESULT: {"using":"xpath","value":"//*[@id=\"backBtn\"]"}
COMMAND: POST /session/7321aecb2a857135ec5c3072eb60d4c6/elements - {"using":"xpath","value":"//*[@id=\"backBtn\"]"}
RESULT: {"using":"xpath","value":"//*[@id=\"backBtn\"]"}
COMMAND: POST /session/7321aecb2a857135ec5c3072eb60d4c6/elements - {"using":"xpath","value":"//*[@id=\"backBtn\"]"}
RESULT: {"using":"xpath","value":"//*[@id=\"backBtn\"]"}
COMMAND: POST /session/7321aecb2a857135ec5c3072eb60d4c6/elements - {"using":"xpath","value":"//*[@id=\"backBtn\"]"}
RESULT: {"using":"xpath","value":"//*[@id=\"backBtn\"]"}
COMMAND: POST /session/7321aecb2a857135ec5c3072eb60d4c6/elements - {"using":"xpath","value":"//*[@id=\"backBtn\"]"}
RESULT: {"using":"xpath","value":"//*[@id=\"backBtn\"]"}
COMMAND: POST /session/7321aecb2a857135ec5c3072eb60d4c6/elements - {"using":"xpath","value":"//*[@id=\"backBtn\"]"}
RESULT: {"using":"xpath","value":"//*[@id=\"backBtn\"]"}
COMMAND: POST /session/7321aecb2a857135ec5c3072eb60d4c6/elements - {"using":"xpath","value":"//*[@id=\"backBtn\"]"}
RESULT: {"using":"xpath","value":"//*[@id=\"backBtn\"]"}
COMMAND: POST /session/7321aecb2a857135ec5c3072eb60d4c6/elements - {"using":"xpath","value":"//*[@id=\"backBtn\"]"}
RESULT: {"using":"xpath","value":"//*[@id=\"backBtn\"]"}
COMMAND: POST /session/7321aecb2a857135ec5c3072eb60d4c6/elements - {"using":"xpath","value":"//*[@id=\"backBtn\"]"}
RESULT: {"using":"xpath","value":"//*[@id=\"backBtn\"]"}
COMMAND: POST /session/7321aecb2a857135ec5c3072eb60d4c6/elements - {"using":"xpath","value":"//*[@id=\"backBtn\"]"}
RESULT: {"using":"xpath","value":"//*[@id=\"backBtn\"]"}
COMMAND: POST /session/7321aecb2a857135ec5c3072eb60d4c6/elements - {"using":"xpath","value":"//*[@id=\"backBtn\"]"}
RESULT: {"using":"xpath","value":"//*[@id=\"backBtn\"]"}
COMMAND: POST /session/7321aecb2a857135ec5c3072eb60d4c6/elements - {"using":"xpath","value":"//*[@id=\"backBtn\"]"}
RESULT: {"using":"xpath","value":"//*[@id=\"backBtn\"]"}
COMMAND: POST /session/7321aecb2a857135ec5c3072eb60d4c6/elements - {"using":"xpath","value":"//*[@id=\"backBtn\"]"}
RESULT: {"using":"xpath","value":"//*[@id=\"backBtn\"]"}
COMMAND: POST /session/7321aecb2a857135ec5c3072eb60d4c6/elements - {"using":"xpath","value":"//*[@id=\"backBtn\"]"}
RESULT: {"using":"xpath","value":"//*[@id=\"backBtn\"]"}
COMMAND: POST /session/7321aecb2a857135ec5c3072eb60d4c6/elements - {"using":"xpath","value":"//*[@id=\"backBtn\"]"}
RESULT: {"using":"xpath","value":"//*[@id=\"backBtn\"]"}
COMMAND: POST /session/7321aecb2a857135ec5c3072eb60d4c6/elements - {"using":"xpath","value":"//*[@id=\"backBtn\"]"}
RESULT: {"using":"xpath","value":"//*[@id=\"backBtn\"]"}
COMMAND: POST /session/7321aecb2a857135ec5c3072eb60d4c6/elements - {"using":"xpath","value":"//*[@id=\"backBtn\"]"}
RESULT: {"using":"xpath","value":"//*[@id=\"backBtn\"]"}
COMMAND: POST /session/7321aecb2a857135ec5c3072eb60d4c6/elements - {"using":"xpath","value":"//*[@id=\"backBtn\"]"}
RESULT: {"using":"xpath","value":"//*[@id=\"backBtn\"]"}
COMMAND: POST /session/7321aecb2a857135ec5c3072eb60d4c6/elements - {"using":"xpath","value":"//*[@id=\"backBtn\"]"}
RESULT: {"using":"xpath","value":"//*[@id=\"backBtn\"]"}
COMMAND: POST /session/7321aecb2a857135ec5c3072eb60d4c6/elements - {"using":"xpath","value":"//*[@id=\"backBtn\"]"}
RESULT: {"using":"xpath","value":"//*[@id=\"backBtn\"]"}
COMMAND: POST /session/7321aecb2a857135ec5c3072eb60d4c6/elements - {"using":"xpath","value":"//*[@id=\"backBtn\"]"}
RESULT: {"using":"xpath","value":"//*[@id=\"backBtn\"]"}
COMMAND: POST /session/7321aecb2a857135ec5c3072eb60d4c6/elements - {"using":"xpath","value":"//*[@id=\"backBtn\"]"}
RESULT: {"using":"xpath","value":"//*[@id=\"backBtn\"]"}
COMMAND: POST /session/7321aecb2a857135ec5c3072eb60d4c6/elements - {"using":"xpath","value":"//*[@id=\"backBtn\"]"}
RESULT: {"using":"xpath","value":"//*[@id=\"backBtn\"]"}
COMMAND: POST /session/7321aecb2a857135ec5c3072eb60d4c6/elements - {"using":"xpath","value":"//*[@id=\"backBtn\"]"}
RESULT: {"using":"xpath","value":"//*[@id=\"backBtn\"]"}
COMMAND: POST /session/7321aecb2a857135ec5c3072eb60d4c6/elements - {"using":"xpath","value":"//*[@id=\"backBtn\"]"}
RESULT: {"using":"xpath","value":"//*[@id=\"backBtn\"]"}
COMMAND: POST /session/7321aecb2a857135ec5c3072eb60d4c6/elements - {"using":"xpath","value":"//*[@id=\"backBtn\"]"}
RESULT: {"using":"xpath","value":"//*[@id=\"backBtn\"]"}
COMMAND: POST /session/7321aecb2a857135ec5c3072eb60d4c6/elements - {"using":"xpath","value":"//*[@id=\"backBtn\"]"}
RESULT: {"using":"xpath","value":"//*[@id=\"backBtn\"]"}
COMMAND: POST /session/7321aecb2a857135ec5c3072eb60d4c6/elements - {"using":"xpath","value":"//*[@id=\"backBtn\"]"}
RESULT: {"using":"xpath","value":"//*[@id=\"backBtn\"]"}
COMMAND: DELETE /session/7321aecb2a857135ec5c3072eb60d4c6 - {}
RESULT: {}
]]></system-out>
    </testcase>
  </testsuite>
</testsuites>