<?xml version="1.0" encoding="UTF-8"?>
<testsuites tests="9" failures="6" errors="6" skipped="0">
  <testsuite timestamp="2025-05-11T16:37:48" time="311.468" tests="3" failures="3" errors="3" skipped="0">
    <properties>
      <property name="specId" value="0" />
      <property name="suiteName" value="Create and verify Order without Template US127247" />
      <property name="capabilities" value="chrome.136_0_7103_49.windows" />
      <property name="file" value="file:///D:/a/1/s/test/specs/ISC/create-iscorder.spec.js" />
    </properties>
  </testsuite>
  <testsuite timestamp="2025-05-11T16:43:00" time="344.581" tests="5" failures="2" errors="2" skipped="0">
    <properties>
      <property name="specId" value="0" />
      <property name="suiteName" value="Verify smart filtering on ISC orders US116616" />
      <property name="capabilities" value="chrome.136_0_7103_49.windows" />
      <property name="file" value="file:///D:/a/1/s/test/specs/ISC/filter-iscorder.spec.js" />
    </properties>
    <testcase classname="chrome.136_0_7103_49.windows.Verify_smart_filtering_on_ISC_orders_US116616" name="Should filter usign STATUS confirmed" time="65.653">
      <system-out><![CDATA[
COMMAND: GET /session/eca0d60dc03c887f99ba3203da982833/screenshot - {}
RESULT: undefined
COMMAND: POST /session/eca0d60dc03c887f99ba3203da982833/element - {"using":"xpath","value":"//*[@id=\"__tile108\"]"}
RESULT: {}
RESULT: {"using":"xpath","value":"//*[@id=\"__tile108\"]"}
COMMAND: POST /session/eca0d60dc03c887f99ba3203da982833/element/f.93AC6267D20F2A2D6BB2AFC3BAC460BD.d.E02333FE38BE312AE5A39F9EDEB778E8.e.456/click - {}
COMMAND: POST /session/eca0d60dc03c887f99ba3203da982833/elements - {"using":"xpath","value":"//span[text()='Error']"}
RESULT: {"using":"xpath","value":"//span[text()='Error']"}
COMMAND: POST /session/eca0d60dc03c887f99ba3203da982833/elements - {"using":"xpath","value":"//*[text()='Close']"}
RESULT: {"using":"xpath","value":"//*[text()='Close']"}
COMMAND: GET /session/eca0d60dc03c887f99ba3203da982833/element/f.93AC6267D20F2A2D6BB2AFC3BAC460BD.d.E02333FE38BE312AE5A39F9EDEB778E8.e.556/enabled - {}
RESULT: {}
COMMAND: POST /session/eca0d60dc03c887f99ba3203da982833/execute/sync - {"script":"<script> [8489 bytes]","args":[{"element-6066-11e4-a52e-4f735466cecf":"f.93AC6267D20F2A2D6BB2AFC3BAC460BD.d.E02333FE38BE312AE5A39F9EDEB778E8.e.556","ELEMENT":"f.93AC6267D20F2A2D6BB2AFC3BAC460BD.d.E02333FE38BE312AE5A39F9EDEB778E8.e.556"}]}
COMMAND: GET /session/eca0d60dc03c887f99ba3203da982833/screenshot - {}
RESULT: {"script":"<script> [8489 bytes]","args":[{"element-6066-11e4-a52e-4f735466cecf":"f.93AC6267D20F2A2D6BB2AFC3BAC460BD.d.E02333FE38BE312AE5A39F9EDEB778E8.e.556","ELEMENT":"f.93AC6267D20F2A2D6BB2AFC3BAC460BD.d.E02333FE38BE312AE5A39F9EDEB778E8.e.556"}]}
COMMAND: POST /session/eca0d60dc03c887f99ba3203da982833/execute/sync - {"script":"<script> [5351 bytes]","args":[{"element-6066-11e4-a52e-4f735466cecf":"f.93AC6267D20F2A2D6BB2AFC3BAC460BD.d.E02333FE38BE312AE5A39F9EDEB778E8.e.556","ELEMENT":"f.93AC6267D20F2A2D6BB2AFC3BAC460BD.d.E02333FE38BE312AE5A39F9EDEB778E8.e.556"}]}
COMMAND: GET /session/eca0d60dc03c887f99ba3203da982833/screenshot - {}
RESULT: {}
RESULT: {"script":"<script> [5351 bytes]","args":[{"element-6066-11e4-a52e-4f735466cecf":"f.93AC6267D20F2A2D6BB2AFC3BAC460BD.d.E02333FE38BE312AE5A39F9EDEB778E8.e.556","ELEMENT":"f.93AC6267D20F2A2D6BB2AFC3BAC460BD.d.E02333FE38BE312AE5A39F9EDEB778E8.e.556"}]}
COMMAND: POST /session/eca0d60dc03c887f99ba3203da982833/element/f.93AC6267D20F2A2D6BB2AFC3BAC460BD.d.E02333FE38BE312AE5A39F9EDEB778E8.e.556/click - {}
COMMAND: GET /session/eca0d60dc03c887f99ba3203da982833/screenshot - {}
RESULT: {}
RESULT: {}
COMMAND: POST /session/eca0d60dc03c887f99ba3203da982833/elements - {"using":"xpath","value":"//*[text()='OK']"}
COMMAND: GET /session/eca0d60dc03c887f99ba3203da982833/screenshot - {}
RESULT: {}
RESULT: {"using":"xpath","value":"//*[text()='OK']"}
RESULT: {}
RESULT: undefined
COMMAND: POST /session/eca0d60dc03c887f99ba3203da982833/element - {"using":"xpath","value":"//*[@id=\"__box5-arrow\"]"}
RESULT: {"using":"xpath","value":"//*[@id=\"__box5-arrow\"]"}
COMMAND: POST /session/eca0d60dc03c887f99ba3203da982833/element/f.93AC6267D20F2A2D6BB2AFC3BAC460BD.d.E02333FE38BE312AE5A39F9EDEB778E8.e.552/click - {}
RESULT: {}
COMMAND: POST /session/eca0d60dc03c887f99ba3203da982833/execute/async - {"script":"<script> [1562 bytes]","args":[{"selector":{"controlType":"sap.m.StandardListItem","viewName":"etm.portal.ui.iscorders.view.Master","viewId":"application-iscorders-display-component---orderList","properties":{"title":"confirmed"},"searchOpenDialogs":true,"interaction":{"idSuffix":"titleText"}},"wdio_ui5_key":"etmportal.ui.iscorders.view.Mastersap.m.StandardListItem{\"title\":\"confirmed\"}"}]}
COMMAND: GET /session/eca0d60dc03c887f99ba3203da982833/screenshot - {}
RESULT: {"script":"<script> [1562 bytes]","args":[{"selector":{"controlType":"sap.m.StandardListItem","viewName":"etm.portal.ui.iscorders.view.Master","viewId":"application-iscorders-display-component---orderList","properties":{"title":"confirmed"},"searchOpenDialogs":true,"interaction":{"idSuffix":"titleText"}},"wdio_ui5_key":"etmportal.ui.iscorders.view.Mastersap.m.StandardListItem{\"title\":\"confirmed\"}"}]}
RESULT: undefined
COMMAND: POST /session/eca0d60dc03c887f99ba3203da982833/element - {"using":"xpath","value":"//*[@id=\"__item46\"]"}
RESULT: {}
RESULT: {"using":"xpath","value":"//*[@id=\"__item46\"]"}
COMMAND: POST /session/eca0d60dc03c887f99ba3203da982833/element/f.93AC6267D20F2A2D6BB2AFC3BAC460BD.d.E02333FE38BE312AE5A39F9EDEB778E8.e.566/click - {}
RESULT: {}
COMMAND: GET /session/eca0d60dc03c887f99ba3203da982833/screenshot - {}
RESULT: {}
RESULT: undefined
RESULT: undefined
COMMAND: POST /session/eca0d60dc03c887f99ba3203da982833/execute/async - {"script":"<script> [6424 bytes]","args":[{"element-6066-11e4-a52e-4f735466cecf":"f.93AC6267D20F2A2D6BB2AFC3BAC460BD.d.E02333FE38BE312AE5A39F9EDEB778E8.e.553"},"getItems",[]]}
RESULT: {"script":"<script> [6424 bytes]","args":[{"element-6066-11e4-a52e-4f735466cecf":"f.93AC6267D20F2A2D6BB2AFC3BAC460BD.d.E02333FE38BE312AE5A39F9EDEB778E8.e.553"},"getItems",[]]}
RESULT: undefined
COMMAND: POST /session/eca0d60dc03c887f99ba3203da982833/element - {"using":"css selector","value":"#shell-header-logo"}
RESULT: {"using":"css selector","value":"#shell-header-logo"}
COMMAND: POST /session/eca0d60dc03c887f99ba3203da982833/element/f.93AC6267D20F2A2D6BB2AFC3BAC460BD.d.E02333FE38BE312AE5A39F9EDEB778E8.e.451/click - {}
RESULT: {}
COMMAND: GET /session/eca0d60dc03c887f99ba3203da982833/screenshot - {}
RESULT: {}
COMMAND: POST /session/eca0d60dc03c887f99ba3203da982833/refresh - {}
RESULT: {}
COMMAND: GET /session/eca0d60dc03c887f99ba3203da982833/screenshot - {}
RESULT: {}
COMMAND: POST /session/eca0d60dc03c887f99ba3203da982833/refresh - {}
RESULT: {}
COMMAND: GET /session/eca0d60dc03c887f99ba3203da982833/screenshot - {}
RESULT: {}
COMMAND: POST /session/eca0d60dc03c887f99ba3203da982833/window/fullscreen - {}
RESULT: {}
COMMAND: POST /session/eca0d60dc03c887f99ba3203da982833/execute/async - {"script":"<script> [189 bytes]","args":[]}
RESULT: {"script":"<script> [189 bytes]","args":[]}
COMMAND: POST /session/eca0d60dc03c887f99ba3203da982833/execute/async - {"script":"<script> [123 bytes]","args":[]}
RESULT: {"script":"<script> [123 bytes]","args":[]}
COMMAND: POST /session/eca0d60dc03c887f99ba3203da982833/timeouts - {"script":"<number>"}
RESULT: {"script":"<number>"}
COMMAND: GET /session/eca0d60dc03c887f99ba3203da982833/timeouts - {}
RESULT: {}
RESULT: undefined
COMMAND: POST /session/eca0d60dc03c887f99ba3203da982833/execute/async - {"script":"<script> [2676 bytes]","args":[]}
RESULT: {"script":"<script> [2676 bytes]","args":[]}
COMMAND: POST /session/eca0d60dc03c887f99ba3203da982833/execute/async - {"script":"<script> [2342 bytes]","args":[{"protocol":"http","hostname":"0.0.0.0","path":"/","capabilities":{"browserName":"chrome","goog:chromeOptions":{"binary":"C:\\Program Files\\Google\\Chrome\\Application\\chrome.exe","args":["--start-maximized"]}},"logLevel":"warn","connectionRetryTimeout":120000,"connectionRetryCount":3,"logLevels":{},"enableDirectConnect":true,"strictSSL":true,"_":"65 more keys: [\"cacheDir\",\"port\",\"requestedCapabilities\",\"automationProtocol\",\"baseUrl\",\"waitforInterval\",\"waitforTimeout\",\"onReload\",\"beforeCommand\",\"afterCommand\",\"rootDir\",\"specs\",\"suites\",\"exclude\",\"groupLogsByTestSpec\",\"excludeDriverLogs\",\"bail\",\"framework\",\"reporters\",\"services\",\"maxInstances\",\"maxInstancesPerCapability\",\"injectGlobals\",\"filesToWatch\",\"execArgv\",\"runnerEnv\",\"runner\",\"shard\",\"specFileRetries\",\"specFileRetriesDelay\",\"specFileRetriesDeferred\",\"reporterSyncInterval\",\"reporterSyncTimeout\",\"cucumberFeaturesWithLineNumbers\",\"autoCompileOpts\",\"mochaOpts\",\"jasmineOpts\",\"cucumberOpts\",\"onPrepare\",\"onWorkerStart\",\"onWorkerEnd\",\"before\",\"beforeSession\",\"beforeSuite\",\"beforeHook\",\"beforeTest\",\"afterTest\",\"afterHook\",\"afterSuite\",\"afterSession\",\"after\",\"onComplete\",\"beforeAssertion\",\"afterAssertion\",\"beforeFeature\",\"beforeScenario\",\"beforeStep\",\"afterStep\",\"afterScenario\",\"afterFeature\",\"_\",\"suite\",\"$0\",\"ignoredWorkerServices\",\"wdi5\"]"}]}
RESULT: {"script":"<script> [2342 bytes]","args":[{"protocol":"http","hostname":"0.0.0.0","path":"/","capabilities":{"browserName":"chrome","goog:chromeOptions":{"binary":"C:\\Program Files\\Google\\Chrome\\Application\\chrome.exe","args":["--start-maximized"]}},"logLevel":"warn","connectionRetryTimeout":120000,"connectionRetryCount":3,"logLevels":{},"enableDirectConnect":true,"strictSSL":true,"_":"65 more keys: [\"cacheDir\",\"port\",\"requestedCapabilities\",\"automationProtocol\",\"baseUrl\",\"waitforInterval\",\"waitforTimeout\",\"onReload\",\"beforeCommand\",\"afterCommand\",\"rootDir\",\"specs\",\"suites\",\"exclude\",\"groupLogsByTestSpec\",\"excludeDriverLogs\",\"bail\",\"framework\",\"reporters\",\"services\",\"maxInstances\",\"maxInstancesPerCapability\",\"injectGlobals\",\"filesToWatch\",\"execArgv\",\"runnerEnv\",\"runner\",\"shard\",\"specFileRetries\",\"specFileRetriesDelay\",\"specFileRetriesDeferred\",\"reporterSyncInterval\",\"reporterSyncTimeout\",\"cucumberFeaturesWithLineNumbers\",\"autoCompileOpts\",\"mochaOpts\",\"jasmineOpts\",\"cucumberOpts\",\"onPrepare\",\"onWorkerStart\",\"onWorkerEnd\",\"before\",\"beforeSession\",\"beforeSuite\",\"beforeHook\",\"beforeTest\",\"afterTest\",\"afterHook\",\"afterSuite\",\"afterSession\",\"after\",\"onComplete\",\"beforeAssertion\",\"afterAssertion\",\"beforeFeature\",\"beforeScenario\",\"beforeStep\",\"afterStep\",\"afterScenario\",\"afterFeature\",\"_\",\"suite\",\"$0\",\"ignoredWorkerServices\",\"wdi5\"]"}]}
COMMAND: POST /session/eca0d60dc03c887f99ba3203da982833/execute/async - {"script":"<script> [21126 bytes]","args":[35000]}
RESULT: {"script":"<script> [21126 bytes]","args":[35000]}
]]></system-out>
    </testcase>
    <testcase classname="chrome.136_0_7103_49.windows.Verify_smart_filtering_on_ISC_orders_US116616" name="Should filter usign STATUS confirm not OK" time="66.043">
      <system-out><![CDATA[
COMMAND: POST /session/eca0d60dc03c887f99ba3203da982833/execute/async - {"script":"<script> [1562 bytes]","args":[{"selector":{"controlType":"sap.m.GenericTile","properties":{"header":"ISC Orders"}},"wdio_ui5_key":"sapm.GenericTile{\"header\":\"ISC Orders\"}"}]}
RESULT: {"script":"<script> [1562 bytes]","args":[{"selector":{"controlType":"sap.m.GenericTile","properties":{"header":"ISC Orders"}},"wdio_ui5_key":"sapm.GenericTile{\"header\":\"ISC Orders\"}"}]}
RESULT: undefined
COMMAND: POST /session/eca0d60dc03c887f99ba3203da982833/element - {"using":"xpath","value":"//*[@id=\"__tile108\"]"}
RESULT: {"using":"xpath","value":"//*[@id=\"__tile108\"]"}
COMMAND: POST /session/eca0d60dc03c887f99ba3203da982833/element/f.93AC6267D20F2A2D6BB2AFC3BAC460BD.d.9294934E10B1D62D18859780073CECE6.e.899/click - {}
RESULT: {}
COMMAND: GET /session/eca0d60dc03c887f99ba3203da982833/screenshot - {}
RESULT: {}
COMMAND: POST /session/eca0d60dc03c887f99ba3203da982833/elements - {"using":"xpath","value":"//span[text()='Error']"}
RESULT: {"using":"xpath","value":"//span[text()='Error']"}
COMMAND: POST /session/eca0d60dc03c887f99ba3203da982833/elements - {"using":"xpath","value":"//*[text()='Close']"}
RESULT: {"using":"xpath","value":"//*[text()='Close']"}
COMMAND: GET /session/eca0d60dc03c887f99ba3203da982833/element/f.93AC6267D20F2A2D6BB2AFC3BAC460BD.d.9294934E10B1D62D18859780073CECE6.e.936/enabled - {}
RESULT: {}
COMMAND: POST /session/eca0d60dc03c887f99ba3203da982833/execute/sync - {"script":"<script> [8489 bytes]","args":[{"element-6066-11e4-a52e-4f735466cecf":"f.93AC6267D20F2A2D6BB2AFC3BAC460BD.d.9294934E10B1D62D18859780073CECE6.e.936","ELEMENT":"f.93AC6267D20F2A2D6BB2AFC3BAC460BD.d.9294934E10B1D62D18859780073CECE6.e.936"}]}
COMMAND: GET /session/eca0d60dc03c887f99ba3203da982833/screenshot - {}
RESULT: {"script":"<script> [8489 bytes]","args":[{"element-6066-11e4-a52e-4f735466cecf":"f.93AC6267D20F2A2D6BB2AFC3BAC460BD.d.9294934E10B1D62D18859780073CECE6.e.936","ELEMENT":"f.93AC6267D20F2A2D6BB2AFC3BAC460BD.d.9294934E10B1D62D18859780073CECE6.e.936"}]}
COMMAND: POST /session/eca0d60dc03c887f99ba3203da982833/execute/sync - {"script":"<script> [5351 bytes]","args":[{"element-6066-11e4-a52e-4f735466cecf":"f.93AC6267D20F2A2D6BB2AFC3BAC460BD.d.9294934E10B1D62D18859780073CECE6.e.936","ELEMENT":"f.93AC6267D20F2A2D6BB2AFC3BAC460BD.d.9294934E10B1D62D18859780073CECE6.e.936"}]}
COMMAND: GET /session/eca0d60dc03c887f99ba3203da982833/screenshot - {}
RESULT: {}
RESULT: {"script":"<script> [5351 bytes]","args":[{"element-6066-11e4-a52e-4f735466cecf":"f.93AC6267D20F2A2D6BB2AFC3BAC460BD.d.9294934E10B1D62D18859780073CECE6.e.936","ELEMENT":"f.93AC6267D20F2A2D6BB2AFC3BAC460BD.d.9294934E10B1D62D18859780073CECE6.e.936"}]}
COMMAND: POST /session/eca0d60dc03c887f99ba3203da982833/element/f.93AC6267D20F2A2D6BB2AFC3BAC460BD.d.9294934E10B1D62D18859780073CECE6.e.936/click - {}
COMMAND: GET /session/eca0d60dc03c887f99ba3203da982833/screenshot - {}
RESULT: {}
RESULT: {}
COMMAND: POST /session/eca0d60dc03c887f99ba3203da982833/elements - {"using":"xpath","value":"//*[text()='OK']"}
RESULT: {"using":"xpath","value":"//*[text()='OK']"}
COMMAND: GET /session/eca0d60dc03c887f99ba3203da982833/screenshot - {}
RESULT: {}
RESULT: {}
COMMAND: POST /session/eca0d60dc03c887f99ba3203da982833/execute/async - {"script":"<script> [1562 bytes]","args":[{"selector":{"controlType":"sap.ui.core.Icon","viewName":"etm.portal.ui.iscorders.view.Master","viewId":"application-iscorders-display-component---orderList","properties":{"src":{"regex":{"source":"slim\\-arrow\\-down"}}},"ancestor":{"controlType":"sap.m.MultiComboBox","viewName":"etm.portal.ui.iscorders.view.Master","viewId":"application-iscorders-display-component---orderList","labelFor":{"text":"Status"}}},"wdio_ui5_key":"etmportal.ui.iscorders.view.Mastersap.ui.core.Icon{\"src\":{\"regex\":{\"source\":\"slim\\\\-arrow\\\\-down\"}}}{\"controlType\":\"sap.m.MultiComboBox\",\"viewName\":\"etm.portal.ui.iscorders.view.Master\",\"viewId\":\"application-iscorders-display-component---orderList\",\"labelFor\":{\"text\":\"Status\"}}"}]}
RESULT: {"script":"<script> [1562 bytes]","args":[{"selector":{"controlType":"sap.ui.core.Icon","viewName":"etm.portal.ui.iscorders.view.Master","viewId":"application-iscorders-display-component---orderList","properties":{"src":{"regex":{"source":"slim\\-arrow\\-down"}}},"ancestor":{"controlType":"sap.m.MultiComboBox","viewName":"etm.portal.ui.iscorders.view.Master","viewId":"application-iscorders-display-component---orderList","labelFor":{"text":"Status"}}},"wdio_ui5_key":"etmportal.ui.iscorders.view.Mastersap.ui.core.Icon{\"src\":{\"regex\":{\"source\":\"slim\\\\-arrow\\\\-down\"}}}{\"controlType\":\"sap.m.MultiComboBox\",\"viewName\":\"etm.portal.ui.iscorders.view.Master\",\"viewId\":\"application-iscorders-display-component---orderList\",\"labelFor\":{\"text\":\"Status\"}}"}]}
RESULT: undefined
COMMAND: POST /session/eca0d60dc03c887f99ba3203da982833/element - {"using":"xpath","value":"//*[@id=\"__box4-arrow\"]"}
RESULT: {"using":"xpath","value":"//*[@id=\"__box4-arrow\"]"}
COMMAND: POST /session/eca0d60dc03c887f99ba3203da982833/element/f.93AC6267D20F2A2D6BB2AFC3BAC460BD.d.9294934E10B1D62D18859780073CECE6.e.1004/click - {}
RESULT: {}
COMMAND: POST /session/eca0d60dc03c887f99ba3203da982833/execute/async - {"script":"<script> [1562 bytes]","args":[{"selector":{"controlType":"sap.m.StandardListItem","viewName":"etm.portal.ui.iscorders.view.Master","viewId":"application-iscorders-display-component---orderList","properties":{"title":"confirm - not OK"},"searchOpenDialogs":true,"interaction":{"idSuffix":"titleText"}},"wdio_ui5_key":"etmportal.ui.iscorders.view.Mastersap.m.StandardListItem{\"title\":\"confirm - not OK\"}"}]}
COMMAND: GET /session/eca0d60dc03c887f99ba3203da982833/screenshot - {}
RESULT: {"script":"<script> [1562 bytes]","args":[{"selector":{"controlType":"sap.m.StandardListItem","viewName":"etm.portal.ui.iscorders.view.Master","viewId":"application-iscorders-display-component---orderList","properties":{"title":"confirm - not OK"},"searchOpenDialogs":true,"interaction":{"idSuffix":"titleText"}},"wdio_ui5_key":"etmportal.ui.iscorders.view.Mastersap.m.StandardListItem{\"title\":\"confirm - not OK\"}"}]}
RESULT: undefined
RESULT: {}
COMMAND: POST /session/eca0d60dc03c887f99ba3203da982833/execute/async - {"script":"<script> [1562 bytes]","args":[{"selector":{"controlType":"sap.m.Button","properties":{"text":"OK"},"searchOpenDialogs":true,"ancestor":{"controlType":"sap.m.Dialog","properties":{"icon":"sap-icon://alert"},"searchOpenDialogs":true},"interaction":{"idSuffix":"inner"}},"wdio_ui5_key":"sapm.Button{\"text\":\"OK\"}{\"controlType\":\"sap.m.Dialog\",\"properties\":{\"icon\":\"sap-icon://alert\"},\"searchOpenDialogs\":true}"}]}
RESULT: {"script":"<script> [1562 bytes]","args":[{"selector":{"controlType":"sap.m.Button","properties":{"text":"OK"},"searchOpenDialogs":true,"ancestor":{"controlType":"sap.m.Dialog","properties":{"icon":"sap-icon://alert"},"searchOpenDialogs":true},"interaction":{"idSuffix":"inner"}},"wdio_ui5_key":"sapm.Button{\"text\":\"OK\"}{\"controlType\":\"sap.m.Dialog\",\"properties\":{\"icon\":\"sap-icon://alert\"},\"searchOpenDialogs\":true}"}]}
RESULT: undefined
COMMAND: POST /session/eca0d60dc03c887f99ba3203da982833/execute/async - {"script":"<script> [1562 bytes]","args":[{"selector":{"controlType":"sap.ui.comp.smarttable.SmartTable","viewName":"etm.portal.ui.iscorders.view.Master","id":"application-iscorders-display-component---orderList--smartTable"},"wdio_ui5_key":"applicationiscorders-display-component---orderList--smartTableetm.portal.ui.iscorders.view.Mastersap.ui.comp.smarttable.SmartTable"}]}
RESULT: {"script":"<script> [1562 bytes]","args":[{"selector":{"controlType":"sap.ui.comp.smarttable.SmartTable","viewName":"etm.portal.ui.iscorders.view.Master","id":"application-iscorders-display-component---orderList--smartTable"},"wdio_ui5_key":"applicationiscorders-display-component---orderList--smartTableetm.portal.ui.iscorders.view.Mastersap.ui.comp.smarttable.SmartTable"}]}
RESULT: undefined
COMMAND: POST /session/eca0d60dc03c887f99ba3203da982833/execute/async - {"script":"<script> [6424 bytes]","args":[{"element-6066-11e4-a52e-4f735466cecf":"f.93AC6267D20F2A2D6BB2AFC3BAC460BD.d.9294934E10B1D62D18859780073CECE6.e.1011"},"getItems",[]]}
RESULT: {"script":"<script> [6424 bytes]","args":[{"element-6066-11e4-a52e-4f735466cecf":"f.93AC6267D20F2A2D6BB2AFC3BAC460BD.d.9294934E10B1D62D18859780073CECE6.e.1011"},"getItems",[]]}
COMMAND: POST /session/eca0d60dc03c887f99ba3203da982833/execute/async - {"script":"<script> [1562 bytes]","args":[{"wdio_ui5_key":"application-iscorders-display-component---orderList--customOrdersTable","selector":{"id":"application-iscorders-display-component---orderList--customOrdersTable"}}]}
RESULT: {"script":"<script> [1562 bytes]","args":[{"wdio_ui5_key":"application-iscorders-display-component---orderList--customOrdersTable","selector":{"id":"application-iscorders-display-component---orderList--customOrdersTable"}}]}
RESULT: undefined
COMMAND: POST /session/eca0d60dc03c887f99ba3203da982833/element - {"using":"css selector","value":"#shell-header-logo"}
RESULT: {"using":"css selector","value":"#shell-header-logo"}
COMMAND: POST /session/eca0d60dc03c887f99ba3203da982833/element/f.93AC6267D20F2A2D6BB2AFC3BAC460BD.d.9294934E10B1D62D18859780073CECE6.e.903/click - {}
RESULT: {}
COMMAND: GET /session/eca0d60dc03c887f99ba3203da982833/screenshot - {}
RESULT: {}
COMMAND: POST /session/eca0d60dc03c887f99ba3203da982833/refresh - {}
RESULT: {}
COMMAND: GET /session/eca0d60dc03c887f99ba3203da982833/screenshot - {}
RESULT: {}
COMMAND: POST /session/eca0d60dc03c887f99ba3203da982833/refresh - {}
RESULT: {}
COMMAND: GET /session/eca0d60dc03c887f99ba3203da982833/screenshot - {}
RESULT: {}
COMMAND: POST /session/eca0d60dc03c887f99ba3203da982833/window/fullscreen - {}
RESULT: {}
COMMAND: POST /session/eca0d60dc03c887f99ba3203da982833/execute/async - {"script":"<script> [189 bytes]","args":[]}
RESULT: {"script":"<script> [189 bytes]","args":[]}
COMMAND: POST /session/eca0d60dc03c887f99ba3203da982833/execute/async - {"script":"<script> [123 bytes]","args":[]}
RESULT: {"script":"<script> [123 bytes]","args":[]}
COMMAND: POST /session/eca0d60dc03c887f99ba3203da982833/timeouts - {"script":"<number>"}
RESULT: {"script":"<number>"}
COMMAND: GET /session/eca0d60dc03c887f99ba3203da982833/timeouts - {}
RESULT: {}
RESULT: undefined
COMMAND: POST /session/eca0d60dc03c887f99ba3203da982833/execute/async - {"script":"<script> [2676 bytes]","args":[]}
RESULT: {"script":"<script> [2676 bytes]","args":[]}
COMMAND: POST /session/eca0d60dc03c887f99ba3203da982833/execute/async - {"script":"<script> [2342 bytes]","args":[{"protocol":"http","hostname":"0.0.0.0","path":"/","capabilities":{"browserName":"chrome","goog:chromeOptions":{"binary":"C:\\Program Files\\Google\\Chrome\\Application\\chrome.exe","args":["--start-maximized"]}},"logLevel":"warn","connectionRetryTimeout":120000,"connectionRetryCount":3,"logLevels":{},"enableDirectConnect":true,"strictSSL":true,"_":"65 more keys: [\"cacheDir\",\"port\",\"requestedCapabilities\",\"automationProtocol\",\"baseUrl\",\"waitforInterval\",\"waitforTimeout\",\"onReload\",\"beforeCommand\",\"afterCommand\",\"rootDir\",\"specs\",\"suites\",\"exclude\",\"groupLogsByTestSpec\",\"excludeDriverLogs\",\"bail\",\"framework\",\"reporters\",\"services\",\"maxInstances\",\"maxInstancesPerCapability\",\"injectGlobals\",\"filesToWatch\",\"execArgv\",\"runnerEnv\",\"runner\",\"shard\",\"specFileRetries\",\"specFileRetriesDelay\",\"specFileRetriesDeferred\",\"reporterSyncInterval\",\"reporterSyncTimeout\",\"cucumberFeaturesWithLineNumbers\",\"autoCompileOpts\",\"mochaOpts\",\"jasmineOpts\",\"cucumberOpts\",\"onPrepare\",\"onWorkerStart\",\"onWorkerEnd\",\"before\",\"beforeSession\",\"beforeSuite\",\"beforeHook\",\"beforeTest\",\"afterTest\",\"afterHook\",\"afterSuite\",\"afterSession\",\"after\",\"onComplete\",\"beforeAssertion\",\"afterAssertion\",\"beforeFeature\",\"beforeScenario\",\"beforeStep\",\"afterStep\",\"afterScenario\",\"afterFeature\",\"_\",\"suite\",\"$0\",\"ignoredWorkerServices\",\"wdi5\"]"}]}
RESULT: {"script":"<script> [2342 bytes]","args":[{"protocol":"http","hostname":"0.0.0.0","path":"/","capabilities":{"browserName":"chrome","goog:chromeOptions":{"binary":"C:\\Program Files\\Google\\Chrome\\Application\\chrome.exe","args":["--start-maximized"]}},"logLevel":"warn","connectionRetryTimeout":120000,"connectionRetryCount":3,"logLevels":{},"enableDirectConnect":true,"strictSSL":true,"_":"65 more keys: [\"cacheDir\",\"port\",\"requestedCapabilities\",\"automationProtocol\",\"baseUrl\",\"waitforInterval\",\"waitforTimeout\",\"onReload\",\"beforeCommand\",\"afterCommand\",\"rootDir\",\"specs\",\"suites\",\"exclude\",\"groupLogsByTestSpec\",\"excludeDriverLogs\",\"bail\",\"framework\",\"reporters\",\"services\",\"maxInstances\",\"maxInstancesPerCapability\",\"injectGlobals\",\"filesToWatch\",\"execArgv\",\"runnerEnv\",\"runner\",\"shard\",\"specFileRetries\",\"specFileRetriesDelay\",\"specFileRetriesDeferred\",\"reporterSyncInterval\",\"reporterSyncTimeout\",\"cucumberFeaturesWithLineNumbers\",\"autoCompileOpts\",\"mochaOpts\",\"jasmineOpts\",\"cucumberOpts\",\"onPrepare\",\"onWorkerStart\",\"onWorkerEnd\",\"before\",\"beforeSession\",\"beforeSuite\",\"beforeHook\",\"beforeTest\",\"afterTest\",\"afterHook\",\"afterSuite\",\"afterSession\",\"after\",\"onComplete\",\"beforeAssertion\",\"afterAssertion\",\"beforeFeature\",\"beforeScenario\",\"beforeStep\",\"afterStep\",\"afterScenario\",\"afterFeature\",\"_\",\"suite\",\"$0\",\"ignoredWorkerServices\",\"wdi5\"]"}]}
COMMAND: POST /session/eca0d60dc03c887f99ba3203da982833/execute/async - {"script":"<script> [21126 bytes]","args":[35000]}
RESULT: {"script":"<script> [21126 bytes]","args":[35000]}
]]></system-out>
    </testcase>
    <testcase classname="chrome.136_0_7103_49.windows.Verify_smart_filtering_on_ISC_orders_US116616" name="Should filter usign STATUS canceled" time="69.503">
      <system-out><![CDATA[
COMMAND: POST /session/eca0d60dc03c887f99ba3203da982833/execute/async - {"script":"<script> [1562 bytes]","args":[{"selector":{"controlType":"sap.m.GenericTile","properties":{"header":"ISC Orders"}},"wdio_ui5_key":"sapm.GenericTile{\"header\":\"ISC Orders\"}"}]}
RESULT: {"script":"<script> [1562 bytes]","args":[{"selector":{"controlType":"sap.m.GenericTile","properties":{"header":"ISC Orders"}},"wdio_ui5_key":"sapm.GenericTile{\"header\":\"ISC Orders\"}"}]}
RESULT: undefined
COMMAND: POST /session/eca0d60dc03c887f99ba3203da982833/element - {"using":"xpath","value":"//*[@id=\"__tile108\"]"}
RESULT: {"using":"xpath","value":"//*[@id=\"__tile108\"]"}
COMMAND: POST /session/eca0d60dc03c887f99ba3203da982833/element/f.93AC6267D20F2A2D6BB2AFC3BAC460BD.d.EB5CE390642B338BBE3C58BAA92AD3C8.e.1160/click - {}
RESULT: {}
COMMAND: GET /session/eca0d60dc03c887f99ba3203da982833/screenshot - {}
RESULT: {}
COMMAND: POST /session/eca0d60dc03c887f99ba3203da982833/elements - {"using":"xpath","value":"//span[text()='Error']"}
RESULT: {"using":"xpath","value":"//span[text()='Error']"}
COMMAND: POST /session/eca0d60dc03c887f99ba3203da982833/execute/async - {"script":"<script> [1562 bytes]","args":[{"selector":{"controlType":"sap.ui.core.Icon","viewName":"etm.portal.ui.iscorders.view.Master","viewId":"application-iscorders-display-component---orderList","properties":{"src":{"regex":{"source":"slim\\-arrow\\-down"}}},"ancestor":{"controlType":"sap.m.MultiComboBox","viewName":"etm.portal.ui.iscorders.view.Master","viewId":"application-iscorders-display-component---orderList","labelFor":{"text":"Status"}}},"wdio_ui5_key":"etmportal.ui.iscorders.view.Mastersap.ui.core.Icon{\"src\":{\"regex\":{\"source\":\"slim\\\\-arrow\\\\-down\"}}}{\"controlType\":\"sap.m.MultiComboBox\",\"viewName\":\"etm.portal.ui.iscorders.view.Master\",\"viewId\":\"application-iscorders-display-component---orderList\",\"labelFor\":{\"text\":\"Status\"}}"}]}
RESULT: {"script":"<script> [1562 bytes]","args":[{"selector":{"controlType":"sap.ui.core.Icon","viewName":"etm.portal.ui.iscorders.view.Master","viewId":"application-iscorders-display-component---orderList","properties":{"src":{"regex":{"source":"slim\\-arrow\\-down"}}},"ancestor":{"controlType":"sap.m.MultiComboBox","viewName":"etm.portal.ui.iscorders.view.Master","viewId":"application-iscorders-display-component---orderList","labelFor":{"text":"Status"}}},"wdio_ui5_key":"etmportal.ui.iscorders.view.Mastersap.ui.core.Icon{\"src\":{\"regex\":{\"source\":\"slim\\\\-arrow\\\\-down\"}}}{\"controlType\":\"sap.m.MultiComboBox\",\"viewName\":\"etm.portal.ui.iscorders.view.Master\",\"viewId\":\"application-iscorders-display-component---orderList\",\"labelFor\":{\"text\":\"Status\"}}"}]}
RESULT: undefined
COMMAND: POST /session/eca0d60dc03c887f99ba3203da982833/element - {"using":"xpath","value":"//*[@id=\"__box4-arrow\"]"}
RESULT: {"using":"xpath","value":"//*[@id=\"__box4-arrow\"]"}
COMMAND: POST /session/eca0d60dc03c887f99ba3203da982833/element/f.93AC6267D20F2A2D6BB2AFC3BAC460BD.d.EB5CE390642B338BBE3C58BAA92AD3C8.e.1257/click - {}
RESULT: {}
COMMAND: POST /session/eca0d60dc03c887f99ba3203da982833/execute/async - {"script":"<script> [1562 bytes]","args":[{"selector":{"controlType":"sap.m.StandardListItem","viewName":"etm.portal.ui.iscorders.view.Master","viewId":"application-iscorders-display-component---orderList","properties":{"title":"canceled"},"searchOpenDialogs":true,"interaction":{"idSuffix":"titleText"}},"wdio_ui5_key":"etmportal.ui.iscorders.view.Mastersap.m.StandardListItem{\"title\":\"canceled\"}"}]}
COMMAND: GET /session/eca0d60dc03c887f99ba3203da982833/screenshot - {}
RESULT: {"script":"<script> [1562 bytes]","args":[{"selector":{"controlType":"sap.m.StandardListItem","viewName":"etm.portal.ui.iscorders.view.Master","viewId":"application-iscorders-display-component---orderList","properties":{"title":"canceled"},"searchOpenDialogs":true,"interaction":{"idSuffix":"titleText"}},"wdio_ui5_key":"etmportal.ui.iscorders.view.Mastersap.m.StandardListItem{\"title\":\"canceled\"}"}]}
RESULT: undefined
COMMAND: POST /session/eca0d60dc03c887f99ba3203da982833/element - {"using":"xpath","value":"//*[@id=\"__item46\"]"}
RESULT: {}
RESULT: {"using":"xpath","value":"//*[@id=\"__item46\"]"}
COMMAND: POST /session/eca0d60dc03c887f99ba3203da982833/element/f.93AC6267D20F2A2D6BB2AFC3BAC460BD.d.EB5CE390642B338BBE3C58BAA92AD3C8.e.1267/click - {}
RESULT: {}
COMMAND: GET /session/eca0d60dc03c887f99ba3203da982833/screenshot - {}
RESULT: {}
COMMAND: POST /session/eca0d60dc03c887f99ba3203da982833/execute/async - {"script":"<script> [1562 bytes]","args":[{"selector":{"controlType":"sap.m.Button","properties":{"text":"OK"},"searchOpenDialogs":true,"ancestor":{"controlType":"sap.m.Dialog","properties":{"icon":"sap-icon://alert"},"searchOpenDialogs":true},"interaction":{"idSuffix":"inner"}},"wdio_ui5_key":"sapm.Button{\"text\":\"OK\"}{\"controlType\":\"sap.m.Dialog\",\"properties\":{\"icon\":\"sap-icon://alert\"},\"searchOpenDialogs\":true}"}]}
RESULT: {"script":"<script> [1562 bytes]","args":[{"selector":{"controlType":"sap.m.Button","properties":{"text":"OK"},"searchOpenDialogs":true,"ancestor":{"controlType":"sap.m.Dialog","properties":{"icon":"sap-icon://alert"},"searchOpenDialogs":true},"interaction":{"idSuffix":"inner"}},"wdio_ui5_key":"sapm.Button{\"text\":\"OK\"}{\"controlType\":\"sap.m.Dialog\",\"properties\":{\"icon\":\"sap-icon://alert\"},\"searchOpenDialogs\":true}"}]}
RESULT: undefined
COMMAND: POST /session/eca0d60dc03c887f99ba3203da982833/execute/async - {"script":"<script> [1562 bytes]","args":[{"selector":{"controlType":"sap.ui.comp.smarttable.SmartTable","viewName":"etm.portal.ui.iscorders.view.Master","id":"application-iscorders-display-component---orderList--smartTable"},"wdio_ui5_key":"applicationiscorders-display-component---orderList--smartTableetm.portal.ui.iscorders.view.Mastersap.ui.comp.smarttable.SmartTable"}]}
RESULT: {"script":"<script> [1562 bytes]","args":[{"selector":{"controlType":"sap.ui.comp.smarttable.SmartTable","viewName":"etm.portal.ui.iscorders.view.Master","id":"application-iscorders-display-component---orderList--smartTable"},"wdio_ui5_key":"applicationiscorders-display-component---orderList--smartTableetm.portal.ui.iscorders.view.Mastersap.ui.comp.smarttable.SmartTable"}]}
RESULT: undefined
COMMAND: POST /session/eca0d60dc03c887f99ba3203da982833/execute/async - {"script":"<script> [6424 bytes]","args":[{"element-6066-11e4-a52e-4f735466cecf":"f.93AC6267D20F2A2D6BB2AFC3BAC460BD.d.EB5CE390642B338BBE3C58BAA92AD3C8.e.1307"},"getItems",[]]}
RESULT: {"script":"<script> [6424 bytes]","args":[{"element-6066-11e4-a52e-4f735466cecf":"f.93AC6267D20F2A2D6BB2AFC3BAC460BD.d.EB5CE390642B338BBE3C58BAA92AD3C8.e.1307"},"getItems",[]]}
COMMAND: POST /session/eca0d60dc03c887f99ba3203da982833/execute/async - {"script":"<script> [1562 bytes]","args":[{"wdio_ui5_key":"application-iscorders-display-component---orderList--customOrdersTable","selector":{"id":"application-iscorders-display-component---orderList--customOrdersTable"}}]}
RESULT: {"script":"<script> [1562 bytes]","args":[{"wdio_ui5_key":"application-iscorders-display-component---orderList--customOrdersTable","selector":{"id":"application-iscorders-display-component---orderList--customOrdersTable"}}]}
RESULT: undefined
COMMAND: POST /session/eca0d60dc03c887f99ba3203da982833/element - {"using":"css selector","value":"#shell-header-logo"}
RESULT: {"using":"css selector","value":"#shell-header-logo"}
COMMAND: POST /session/eca0d60dc03c887f99ba3203da982833/element/f.93AC6267D20F2A2D6BB2AFC3BAC460BD.d.EB5CE390642B338BBE3C58BAA92AD3C8.e.1164/click - {}
RESULT: {}
COMMAND: GET /session/eca0d60dc03c887f99ba3203da982833/screenshot - {}
RESULT: {}
COMMAND: POST /session/eca0d60dc03c887f99ba3203da982833/refresh - {}
RESULT: {}
COMMAND: GET /session/eca0d60dc03c887f99ba3203da982833/screenshot - {}
RESULT: {}
COMMAND: POST /session/eca0d60dc03c887f99ba3203da982833/refresh - {}
RESULT: {}
COMMAND: GET /session/eca0d60dc03c887f99ba3203da982833/screenshot - {}
RESULT: {}
COMMAND: POST /session/eca0d60dc03c887f99ba3203da982833/window/fullscreen - {}
RESULT: {}
COMMAND: POST /session/eca0d60dc03c887f99ba3203da982833/execute/async - {"script":"<script> [189 bytes]","args":[]}
RESULT: {"script":"<script> [189 bytes]","args":[]}
COMMAND: POST /session/eca0d60dc03c887f99ba3203da982833/execute/async - {"script":"<script> [123 bytes]","args":[]}
RESULT: {"script":"<script> [123 bytes]","args":[]}
COMMAND: POST /session/eca0d60dc03c887f99ba3203da982833/timeouts - {"script":"<number>"}
RESULT: {"script":"<number>"}
COMMAND: GET /session/eca0d60dc03c887f99ba3203da982833/timeouts - {}
RESULT: {}
RESULT: undefined
COMMAND: POST /session/eca0d60dc03c887f99ba3203da982833/execute/async - {"script":"<script> [2676 bytes]","args":[]}
RESULT: {"script":"<script> [2676 bytes]","args":[]}
COMMAND: POST /session/eca0d60dc03c887f99ba3203da982833/execute/async - {"script":"<script> [2342 bytes]","args":[{"protocol":"http","hostname":"0.0.0.0","path":"/","capabilities":{"browserName":"chrome","goog:chromeOptions":{"binary":"C:\\Program Files\\Google\\Chrome\\Application\\chrome.exe","args":["--start-maximized"]}},"logLevel":"warn","connectionRetryTimeout":120000,"connectionRetryCount":3,"logLevels":{},"enableDirectConnect":true,"strictSSL":true,"_":"65 more keys: [\"cacheDir\",\"port\",\"requestedCapabilities\",\"automationProtocol\",\"baseUrl\",\"waitforInterval\",\"waitforTimeout\",\"onReload\",\"beforeCommand\",\"afterCommand\",\"rootDir\",\"specs\",\"suites\",\"exclude\",\"groupLogsByTestSpec\",\"excludeDriverLogs\",\"bail\",\"framework\",\"reporters\",\"services\",\"maxInstances\",\"maxInstancesPerCapability\",\"injectGlobals\",\"filesToWatch\",\"execArgv\",\"runnerEnv\",\"runner\",\"shard\",\"specFileRetries\",\"specFileRetriesDelay\",\"specFileRetriesDeferred\",\"reporterSyncInterval\",\"reporterSyncTimeout\",\"cucumberFeaturesWithLineNumbers\",\"autoCompileOpts\",\"mochaOpts\",\"jasmineOpts\",\"cucumberOpts\",\"onPrepare\",\"onWorkerStart\",\"onWorkerEnd\",\"before\",\"beforeSession\",\"beforeSuite\",\"beforeHook\",\"beforeTest\",\"afterTest\",\"afterHook\",\"afterSuite\",\"afterSession\",\"after\",\"onComplete\",\"beforeAssertion\",\"afterAssertion\",\"beforeFeature\",\"beforeScenario\",\"beforeStep\",\"afterStep\",\"afterScenario\",\"afterFeature\",\"_\",\"suite\",\"$0\",\"ignoredWorkerServices\",\"wdi5\"]"}]}
RESULT: {"script":"<script> [2342 bytes]","args":[{"protocol":"http","hostname":"0.0.0.0","path":"/","capabilities":{"browserName":"chrome","goog:chromeOptions":{"binary":"C:\\Program Files\\Google\\Chrome\\Application\\chrome.exe","args":["--start-maximized"]}},"logLevel":"warn","connectionRetryTimeout":120000,"connectionRetryCount":3,"logLevels":{},"enableDirectConnect":true,"strictSSL":true,"_":"65 more keys: [\"cacheDir\",\"port\",\"requestedCapabilities\",\"automationProtocol\",\"baseUrl\",\"waitforInterval\",\"waitforTimeout\",\"onReload\",\"beforeCommand\",\"afterCommand\",\"rootDir\",\"specs\",\"suites\",\"exclude\",\"groupLogsByTestSpec\",\"excludeDriverLogs\",\"bail\",\"framework\",\"reporters\",\"services\",\"maxInstances\",\"maxInstancesPerCapability\",\"injectGlobals\",\"filesToWatch\",\"execArgv\",\"runnerEnv\",\"runner\",\"shard\",\"specFileRetries\",\"specFileRetriesDelay\",\"specFileRetriesDeferred\",\"reporterSyncInterval\",\"reporterSyncTimeout\",\"cucumberFeaturesWithLineNumbers\",\"autoCompileOpts\",\"mochaOpts\",\"jasmineOpts\",\"cucumberOpts\",\"onPrepare\",\"onWorkerStart\",\"onWorkerEnd\",\"before\",\"beforeSession\",\"beforeSuite\",\"beforeHook\",\"beforeTest\",\"afterTest\",\"afterHook\",\"afterSuite\",\"afterSession\",\"after\",\"onComplete\",\"beforeAssertion\",\"afterAssertion\",\"beforeFeature\",\"beforeScenario\",\"beforeStep\",\"afterStep\",\"afterScenario\",\"afterFeature\",\"_\",\"suite\",\"$0\",\"ignoredWorkerServices\",\"wdi5\"]"}]}
COMMAND: POST /session/eca0d60dc03c887f99ba3203da982833/execute/async - {"script":"<script> [21126 bytes]","args":[35000]}
RESULT: {"script":"<script> [21126 bytes]","args":[35000]}
]]></system-out>
    </testcase>
  </testsuite>
  <testsuite timestamp="2025-05-11T16:48:44" time="5.753" tests="1" failures="1" errors="1" skipped="0">
    <properties>
      <property name="specId" value="0" />
      <property name="suiteName" value="Create and verify Order using template US151480" />
      <property name="capabilities" value="chrome.136_0_7103_49.windows" />
      <property name="file" value="file:///D:/a/1/s/test/specs/ISC/create-and-verify-order-using-template.spec.js" />
    </properties>
  </testsuite>
</testsuites>