<?xml version="1.0" encoding="UTF-8"?>
<testsuites tests="21" failures="0" errors="0" skipped="0">
  <testsuite timestamp="2025-06-12T16:56:39" time="402.562" tests="3" failures="0" errors="0" skipped="0">
    <properties>
      <property name="specId" value="0" />
      <property name="suiteName" value="Create condition pricing US117289 US134625" />
      <property name="capabilities" value="chrome.137_0_7151_69.windows" />
      <property name="file" value="file:///D:/a/1/s/test/specs/BTS/create-condition-pricing.spec.js" />
    </properties>
    <testcase classname="chrome.137_0_7151_69.windows.Create_condition_pricing_US117289_US134625" name="Should create a new yard used for all following tests" time="129.206">
      <system-out><![CDATA[
COMMAND: POST /session/afa7f6ae888d4a81c33b557753f8bf2b/window/fullscreen - {}
RESULT: {}
COMMAND: POST /session/afa7f6ae888d4a81c33b557753f8bf2b/execute/async - {"script":"<script> [1562 bytes]","args":[{"selector":{"controlType":"sap.m.GenericTile","properties":{"header":"Manage Yards"}},"wdio_ui5_key":"sapm.GenericTile{\"header\":\"Manage Yards\"}"}]}
RESULT: {"script":"<script> [1562 bytes]","args":[{"selector":{"controlType":"sap.m.GenericTile","properties":{"header":"Manage Yards"}},"wdio_ui5_key":"sapm.GenericTile{\"header\":\"Manage Yards\"}"}]}
RESULT: undefined
COMMAND: POST /session/afa7f6ae888d4a81c33b557753f8bf2b/element - {"using":"xpath","value":"//*[@id=\"__tile42\"]"}
RESULT: {"using":"xpath","value":"//*[@id=\"__tile42\"]"}
COMMAND: POST /session/afa7f6ae888d4a81c33b557753f8bf2b/element/f.5D44D27F957A25FA92618EC870C8C5F4.d.1C5E2E54FB9B92907EEBC30E7708A57A.e.171/click - {}
RESULT: {}
COMMAND: GET /session/afa7f6ae888d4a81c33b557753f8bf2b/screenshot - {}
RESULT: {}
COMMAND: POST /session/afa7f6ae888d4a81c33b557753f8bf2b/elements - {"using":"xpath","value":"//span[text()='Error']"}
RESULT: {"using":"xpath","value":"//span[text()='Error']"}
COMMAND: POST /session/afa7f6ae888d4a81c33b557753f8bf2b/element - {"using":"xpath","value":"//button[@data-kt=\"addNewYardOverflowToolbarButton\"]"}
RESULT: {"using":"xpath","value":"//button[@data-kt=\"addNewYardOverflowToolbarButton\"]"}
COMMAND: POST /session/afa7f6ae888d4a81c33b557753f8bf2b/elements - {"using":"xpath","value":"//button[@data-kt=\"addNewYardOverflowToolbarButton\"]"}
RESULT: {"using":"xpath","value":"//button[@data-kt=\"addNewYardOverflowToolbarButton\"]"}
COMMAND: POST /session/afa7f6ae888d4a81c33b557753f8bf2b/elements - {"using":"xpath","value":"//button[@data-kt=\"addNewYardOverflowToolbarButton\"]"}
RESULT: {"using":"xpath","value":"//button[@data-kt=\"addNewYardOverflowToolbarButton\"]"}
COMMAND: POST /session/afa7f6ae888d4a81c33b557753f8bf2b/elements - {"using":"xpath","value":"//button[@data-kt=\"addNewYardOverflowToolbarButton\"]"}
RESULT: {"using":"xpath","value":"//button[@data-kt=\"addNewYardOverflowToolbarButton\"]"}
COMMAND: POST /session/afa7f6ae888d4a81c33b557753f8bf2b/elements - {"using":"xpath","value":"//button[@data-kt=\"addNewYardOverflowToolbarButton\"]"}
RESULT: {"using":"xpath","value":"//button[@data-kt=\"addNewYardOverflowToolbarButton\"]"}
COMMAND: POST /session/afa7f6ae888d4a81c33b557753f8bf2b/elements - {"using":"xpath","value":"//button[@data-kt=\"addNewYardOverflowToolbarButton\"]"}
RESULT: {"using":"xpath","value":"//button[@data-kt=\"addNewYardOverflowToolbarButton\"]"}
COMMAND: POST /session/afa7f6ae888d4a81c33b557753f8bf2b/elements - {"using":"xpath","value":"//button[@data-kt=\"addNewYardOverflowToolbarButton\"]"}
RESULT: {"using":"xpath","value":"//button[@data-kt=\"addNewYardOverflowToolbarButton\"]"}
COMMAND: POST /session/afa7f6ae888d4a81c33b557753f8bf2b/elements - {"using":"xpath","value":"//button[@data-kt=\"addNewYardOverflowToolbarButton\"]"}
RESULT: {"using":"xpath","value":"//button[@data-kt=\"addNewYardOverflowToolbarButton\"]"}
COMMAND: POST /session/afa7f6ae888d4a81c33b557753f8bf2b/elements - {"using":"xpath","value":"//button[@data-kt=\"addNewYardOverflowToolbarButton\"]"}
RESULT: {"using":"xpath","value":"//button[@data-kt=\"addNewYardOverflowToolbarButton\"]"}
COMMAND: POST /session/afa7f6ae888d4a81c33b557753f8bf2b/elements - {"using":"xpath","value":"//button[@data-kt=\"addNewYardOverflowToolbarButton\"]"}
RESULT: {"using":"xpath","value":"//button[@data-kt=\"addNewYardOverflowToolbarButton\"]"}
COMMAND: POST /session/afa7f6ae888d4a81c33b557753f8bf2b/element - {"using":"xpath","value":"//button[@data-kt=\"addNewYardOverflowToolbarButton\"]"}
RESULT: {"using":"xpath","value":"//button[@data-kt=\"addNewYardOverflowToolbarButton\"]"}
COMMAND: POST /session/afa7f6ae888d4a81c33b557753f8bf2b/execute/sync - {"script":"<script> [8489 bytes]","args":[{"element-6066-11e4-a52e-4f735466cecf":"f.5D44D27F957A25FA92618EC870C8C5F4.d.1C5E2E54FB9B92907EEBC30E7708A57A.e.312","ELEMENT":"f.5D44D27F957A25FA92618EC870C8C5F4.d.1C5E2E54FB9B92907EEBC30E7708A57A.e.312"}]}
RESULT: {"script":"<script> [8489 bytes]","args":[{"element-6066-11e4-a52e-4f735466cecf":"f.5D44D27F957A25FA92618EC870C8C5F4.d.1C5E2E54FB9B92907EEBC30E7708A57A.e.312","ELEMENT":"f.5D44D27F957A25FA92618EC870C8C5F4.d.1C5E2E54FB9B92907EEBC30E7708A57A.e.312"}]}
COMMAND: GET /session/afa7f6ae888d4a81c33b557753f8bf2b/element/f.5D44D27F957A25FA92618EC870C8C5F4.d.1C5E2E54FB9B92907EEBC30E7708A57A.e.312/enabled - {}
COMMAND: GET /session/afa7f6ae888d4a81c33b557753f8bf2b/screenshot - {}
RESULT: {}
COMMAND: POST /session/afa7f6ae888d4a81c33b557753f8bf2b/execute/sync - {"script":"<script> [8489 bytes]","args":[{"element-6066-11e4-a52e-4f735466cecf":"f.5D44D27F957A25FA92618EC870C8C5F4.d.1C5E2E54FB9B92907EEBC30E7708A57A.e.312","ELEMENT":"f.5D44D27F957A25FA92618EC870C8C5F4.d.1C5E2E54FB9B92907EEBC30E7708A57A.e.312"}]}
COMMAND: GET /session/afa7f6ae888d4a81c33b557753f8bf2b/screenshot - {}
RESULT: {}
RESULT: {"script":"<script> [8489 bytes]","args":[{"element-6066-11e4-a52e-4f735466cecf":"f.5D44D27F957A25FA92618EC870C8C5F4.d.1C5E2E54FB9B92907EEBC30E7708A57A.e.312","ELEMENT":"f.5D44D27F957A25FA92618EC870C8C5F4.d.1C5E2E54FB9B92907EEBC30E7708A57A.e.312"}]}
COMMAND: POST /session/afa7f6ae888d4a81c33b557753f8bf2b/execute/sync - {"script":"<script> [5351 bytes]","args":[{"element-6066-11e4-a52e-4f735466cecf":"f.5D44D27F957A25FA92618EC870C8C5F4.d.1C5E2E54FB9B92907EEBC30E7708A57A.e.312","ELEMENT":"f.5D44D27F957A25FA92618EC870C8C5F4.d.1C5E2E54FB9B92907EEBC30E7708A57A.e.312"}]}
COMMAND: GET /session/afa7f6ae888d4a81c33b557753f8bf2b/screenshot - {}
RESULT: {}
RESULT: {"script":"<script> [5351 bytes]","args":[{"element-6066-11e4-a52e-4f735466cecf":"f.5D44D27F957A25FA92618EC870C8C5F4.d.1C5E2E54FB9B92907EEBC30E7708A57A.e.312","ELEMENT":"f.5D44D27F957A25FA92618EC870C8C5F4.d.1C5E2E54FB9B92907EEBC30E7708A57A.e.312"}]}
COMMAND: POST /session/afa7f6ae888d4a81c33b557753f8bf2b/element/f.5D44D27F957A25FA92618EC870C8C5F4.d.1C5E2E54FB9B92907EEBC30E7708A57A.e.312/click - {}
COMMAND: GET /session/afa7f6ae888d4a81c33b557753f8bf2b/screenshot - {}
RESULT: {}
RESULT: {}
COMMAND: GET /session/afa7f6ae888d4a81c33b557753f8bf2b/screenshot - {}
RESULT: {}
RESULT: {}
COMMAND: POST /session/afa7f6ae888d4a81c33b557753f8bf2b/element - {"using":"xpath","value":"//input[@id=\"application-manageyards-display-component---NewYard--yardId-inner\"]"}
RESULT: {"using":"xpath","value":"//input[@id=\"application-manageyards-display-component---NewYard--yardId-inner\"]"}
COMMAND: POST /session/afa7f6ae888d4a81c33b557753f8bf2b/element - {"using":"xpath","value":"//input[@id=\"application-manageyards-display-component---NewYard--yardId-inner\"]"}
RESULT: {"using":"xpath","value":"//input[@id=\"application-manageyards-display-component---NewYard--yardId-inner\"]"}
COMMAND: POST /session/afa7f6ae888d4a81c33b557753f8bf2b/execute/async - {"script":"<script> [1562 bytes]","args":[{"selector":{"id":"application-manageyards-display-component---NewYard--addressDetailDetailsName1","interaction":{"idSuffix":"inner"}},"wdio_ui5_key":"applicationmanageyards-display-component---NewYard--addressDetailDetailsName1"}]}
RESULT: {"script":"<script> [1562 bytes]","args":[{"selector":{"id":"application-manageyards-display-component---NewYard--addressDetailDetailsName1","interaction":{"idSuffix":"inner"}},"wdio_ui5_key":"applicationmanageyards-display-component---NewYard--addressDetailDetailsName1"}]}
RESULT: undefined
COMMAND: POST /session/afa7f6ae888d4a81c33b557753f8bf2b/execute/async - {"script":"<script> [776 bytes]","args":[{"enterText":"DailyPrice WDIO","selector":{"id":"application-manageyards-display-component---NewYard--addressDetailDetailsName1","interaction":{"idSuffix":"inner"}},"clearTextFirst":true,"interactionType":"ENTER_TEXT"}]}
RESULT: {"script":"<script> [776 bytes]","args":[{"enterText":"DailyPrice WDIO","selector":{"id":"application-manageyards-display-component---NewYard--addressDetailDetailsName1","interaction":{"idSuffix":"inner"}},"clearTextFirst":true,"interactionType":"ENTER_TEXT"}]}
COMMAND: POST /session/afa7f6ae888d4a81c33b557753f8bf2b/execute/async - {"script":"<script> [1562 bytes]","args":[{"selector":{"id":"application-manageyards-display-component---NewYard--addressDetailDetailsLanguage-arrow"},"wdio_ui5_key":"applicationmanageyards-display-component---NewYard--addressDetailDetailsLanguage-arrow"}]}
RESULT: {"script":"<script> [1562 bytes]","args":[{"selector":{"id":"application-manageyards-display-component---NewYard--addressDetailDetailsLanguage-arrow"},"wdio_ui5_key":"applicationmanageyards-display-component---NewYard--addressDetailDetailsLanguage-arrow"}]}
RESULT: undefined
COMMAND: POST /session/afa7f6ae888d4a81c33b557753f8bf2b/element - {"using":"xpath","value":"//*[@id=\"application-manageyards-display-component---NewYard--addressDetailDetailsLanguage-arrow\"]"}
RESULT: {"using":"xpath","value":"//*[@id=\"application-manageyards-display-component---NewYard--addressDetailDetailsLanguage-arrow\"]"}
COMMAND: POST /session/afa7f6ae888d4a81c33b557753f8bf2b/element/f.5D44D27F957A25FA92618EC870C8C5F4.d.1C5E2E54FB9B92907EEBC30E7708A57A.e.729/click - {}
RESULT: {}
COMMAND: POST /session/afa7f6ae888d4a81c33b557753f8bf2b/element - {"using":"xpath","value":"//span[contains(text(), \"English\")]"}
COMMAND: GET /session/afa7f6ae888d4a81c33b557753f8bf2b/screenshot - {}
RESULT: {"using":"xpath","value":"//span[contains(text(), \"English\")]"}
COMMAND: POST /session/afa7f6ae888d4a81c33b557753f8bf2b/element/f.5D44D27F957A25FA92618EC870C8C5F4.d.1C5E2E54FB9B92907EEBC30E7708A57A.e.730/click - {}
RESULT: {}
RESULT: {}
COMMAND: POST /session/afa7f6ae888d4a81c33b557753f8bf2b/execute/async - {"script":"<script> [1562 bytes]","args":[{"selector":{"id":"application-manageyards-display-component---NewYard--addressDetailDetailsCity1","interaction":{"idSuffix":"inner"}},"wdio_ui5_key":"applicationmanageyards-display-component---NewYard--addressDetailDetailsCity1"}]}
COMMAND: GET /session/afa7f6ae888d4a81c33b557753f8bf2b/screenshot - {}
RESULT: {"script":"<script> [1562 bytes]","args":[{"selector":{"id":"application-manageyards-display-component---NewYard--addressDetailDetailsCity1","interaction":{"idSuffix":"inner"}},"wdio_ui5_key":"applicationmanageyards-display-component---NewYard--addressDetailDetailsCity1"}]}
RESULT: undefined
COMMAND: POST /session/afa7f6ae888d4a81c33b557753f8bf2b/execute/async - {"script":"<script> [776 bytes]","args":[{"enterText":"Rosario","selector":{"id":"application-manageyards-display-component---NewYard--addressDetailDetailsCity1","interaction":{"idSuffix":"inner"}},"clearTextFirst":true,"interactionType":"ENTER_TEXT"}]}
RESULT: {}
RESULT: {"script":"<script> [776 bytes]","args":[{"enterText":"Rosario","selector":{"id":"application-manageyards-display-component---NewYard--addressDetailDetailsCity1","interaction":{"idSuffix":"inner"}},"clearTextFirst":true,"interactionType":"ENTER_TEXT"}]}
COMMAND: POST /session/afa7f6ae888d4a81c33b557753f8bf2b/execute/async - {"script":"<script> [1562 bytes]","args":[{"selector":{"id":"application-manageyards-display-component---NewYard--addressDetailDetailsCountry-arrow"},"wdio_ui5_key":"applicationmanageyards-display-component---NewYard--addressDetailDetailsCountry-arrow"}]}
RESULT: {"script":"<script> [1562 bytes]","args":[{"selector":{"id":"application-manageyards-display-component---NewYard--addressDetailDetailsCountry-arrow"},"wdio_ui5_key":"applicationmanageyards-display-component---NewYard--addressDetailDetailsCountry-arrow"}]}
RESULT: undefined
COMMAND: POST /session/afa7f6ae888d4a81c33b557753f8bf2b/element - {"using":"xpath","value":"//*[@id=\"application-manageyards-display-component---NewYard--addressDetailDetailsCountry-arrow\"]"}
RESULT: {"using":"xpath","value":"//*[@id=\"application-manageyards-display-component---NewYard--addressDetailDetailsCountry-arrow\"]"}
COMMAND: POST /session/afa7f6ae888d4a81c33b557753f8bf2b/element/f.5D44D27F957A25FA92618EC870C8C5F4.d.1C5E2E54FB9B92907EEBC30E7708A57A.e.732/click - {}
RESULT: {}
COMMAND: POST /session/afa7f6ae888d4a81c33b557753f8bf2b/element - {"using":"xpath","value":"//span[contains(text(), \"Argentina\")]"}
COMMAND: GET /session/afa7f6ae888d4a81c33b557753f8bf2b/screenshot - {}
RESULT: {"using":"xpath","value":"//span[contains(text(), \"Argentina\")]"}
COMMAND: POST /session/afa7f6ae888d4a81c33b557753f8bf2b/element/f.5D44D27F957A25FA92618EC870C8C5F4.d.1C5E2E54FB9B92907EEBC30E7708A57A.e.733/click - {}
RESULT: {}
RESULT: {}
COMMAND: POST /session/afa7f6ae888d4a81c33b557753f8bf2b/execute/async - {"script":"<script> [1562 bytes]","args":[{"selector":{"id":"application-manageyards-display-component---NewYard--addressEditDetailsCostObjectCstType-arrow"},"wdio_ui5_key":"applicationmanageyards-display-component---NewYard--addressEditDetailsCostObjectCstType-arrow"}]}
COMMAND: GET /session/afa7f6ae888d4a81c33b557753f8bf2b/screenshot - {}
RESULT: {"script":"<script> [1562 bytes]","args":[{"selector":{"id":"application-manageyards-display-component---NewYard--addressEditDetailsCostObjectCstType-arrow"},"wdio_ui5_key":"applicationmanageyards-display-component---NewYard--addressEditDetailsCostObjectCstType-arrow"}]}
RESULT: undefined
COMMAND: POST /session/afa7f6ae888d4a81c33b557753f8bf2b/element - {"using":"xpath","value":"//*[@id=\"application-manageyards-display-component---NewYard--addressEditDetailsCostObjectCstType-arrow\"]"}
RESULT: {}
RESULT: {"using":"xpath","value":"//*[@id=\"application-manageyards-display-component---NewYard--addressEditDetailsCostObjectCstType-arrow\"]"}
COMMAND: POST /session/afa7f6ae888d4a81c33b557753f8bf2b/element/f.5D44D27F957A25FA92618EC870C8C5F4.d.1C5E2E54FB9B92907EEBC30E7708A57A.e.735/click - {}
RESULT: {}
COMMAND: POST /session/afa7f6ae888d4a81c33b557753f8bf2b/element - {"using":"xpath","value":"//span[contains(text(), \"Cost Center\")]"}
COMMAND: GET /session/afa7f6ae888d4a81c33b557753f8bf2b/screenshot - {}
RESULT: {"using":"xpath","value":"//span[contains(text(), \"Cost Center\")]"}
COMMAND: POST /session/afa7f6ae888d4a81c33b557753f8bf2b/element/f.5D44D27F957A25FA92618EC870C8C5F4.d.1C5E2E54FB9B92907EEBC30E7708A57A.e.736/click - {}
RESULT: {}
RESULT: {}
COMMAND: GET /session/afa7f6ae888d4a81c33b557753f8bf2b/screenshot - {}
RESULT: {}
COMMAND: POST /session/afa7f6ae888d4a81c33b557753f8bf2b/element - {"using":"xpath","value":"//span[@id=\"application-manageyards-display-component---NewYard--addressNewCostObjectCstID-vhi\"]"}
RESULT: {"using":"xpath","value":"//span[@id=\"application-manageyards-display-component---NewYard--addressNewCostObjectCstID-vhi\"]"}
COMMAND: POST /session/afa7f6ae888d4a81c33b557753f8bf2b/execute/sync - {"script":"<script> [8489 bytes]","args":[{"element-6066-11e4-a52e-4f735466cecf":"f.5D44D27F957A25FA92618EC870C8C5F4.d.1C5E2E54FB9B92907EEBC30E7708A57A.e.740","ELEMENT":"f.5D44D27F957A25FA92618EC870C8C5F4.d.1C5E2E54FB9B92907EEBC30E7708A57A.e.740"}]}
RESULT: {"script":"<script> [8489 bytes]","args":[{"element-6066-11e4-a52e-4f735466cecf":"f.5D44D27F957A25FA92618EC870C8C5F4.d.1C5E2E54FB9B92907EEBC30E7708A57A.e.740","ELEMENT":"f.5D44D27F957A25FA92618EC870C8C5F4.d.1C5E2E54FB9B92907EEBC30E7708A57A.e.740"}]}
COMMAND: POST /session/afa7f6ae888d4a81c33b557753f8bf2b/execute/async - {"script":"<script> [1562 bytes]","args":[{"selector":{"id":"application-manageyards-display-component---NewYard--addressNewCostObjectCstID-vhi"},"wdio_ui5_key":"applicationmanageyards-display-component---NewYard--addressNewCostObjectCstID-vhi"}]}
COMMAND: GET /session/afa7f6ae888d4a81c33b557753f8bf2b/screenshot - {}
RESULT: {"script":"<script> [1562 bytes]","args":[{"selector":{"id":"application-manageyards-display-component---NewYard--addressNewCostObjectCstID-vhi"},"wdio_ui5_key":"applicationmanageyards-display-component---NewYard--addressNewCostObjectCstID-vhi"}]}
RESULT: undefined
COMMAND: POST /session/afa7f6ae888d4a81c33b557753f8bf2b/element - {"using":"xpath","value":"//*[@id=\"application-manageyards-display-component---NewYard--addressNewCostObjectCstID-vhi\"]"}
RESULT: {}
RESULT: {"using":"xpath","value":"//*[@id=\"application-manageyards-display-component---NewYard--addressNewCostObjectCstID-vhi\"]"}
COMMAND: POST /session/afa7f6ae888d4a81c33b557753f8bf2b/element/f.5D44D27F957A25FA92618EC870C8C5F4.d.1C5E2E54FB9B92907EEBC30E7708A57A.e.740/click - {}
RESULT: {}
COMMAND: GET /session/afa7f6ae888d4a81c33b557753f8bf2b/screenshot - {}
RESULT: {}
COMMAND: POST /session/afa7f6ae888d4a81c33b557753f8bf2b/execute/async - {"script":"<script> [1562 bytes]","args":[{"selector":{"controlType":"sap.m.SearchField","properties":{"placeholder":"Search"},"searchOpenDialogs":true,"interaction":{"idSuffix":"I"}},"wdio_ui5_key":"sapm.SearchField{\"placeholder\":\"Search\"}"}]}
RESULT: {"script":"<script> [1562 bytes]","args":[{"selector":{"controlType":"sap.m.SearchField","properties":{"placeholder":"Search"},"searchOpenDialogs":true,"interaction":{"idSuffix":"I"}},"wdio_ui5_key":"sapm.SearchField{\"placeholder\":\"Search\"}"}]}
RESULT: undefined
COMMAND: POST /session/afa7f6ae888d4a81c33b557753f8bf2b/execute/async - {"script":"<script> [776 bytes]","args":[{"enterText":"bauh_b","selector":{"controlType":"sap.m.SearchField","properties":{"placeholder":"Search"},"searchOpenDialogs":true,"interaction":{"idSuffix":"I"}},"clearTextFirst":true,"interactionType":"ENTER_TEXT"}]}
RESULT: {"script":"<script> [776 bytes]","args":[{"enterText":"bauh_b","selector":{"controlType":"sap.m.SearchField","properties":{"placeholder":"Search"},"searchOpenDialogs":true,"interaction":{"idSuffix":"I"}},"clearTextFirst":true,"interactionType":"ENTER_TEXT"}]}
COMMAND: POST /session/afa7f6ae888d4a81c33b557753f8bf2b/actions - {"actions":[{"id":"action1","type":"key","parameters":{},"actions":[{"type":"keyDown","value":"î€‡"},{"type":"pause","duration":10},{"type":"keyUp","value":"î€‡"}]}]}
RESULT: {"actions":[{"id":"action1","type":"key","parameters":{},"actions":[{"type":"keyDown","value":"î€‡"},{"type":"pause","duration":10},{"type":"keyUp","value":"î€‡"}]}]}
COMMAND: GET /session/afa7f6ae888d4a81c33b557753f8bf2b/screenshot - {}
RESULT: {}
COMMAND: POST /session/afa7f6ae888d4a81c33b557753f8bf2b/element - {"using":"xpath","value":"//span[contains(text(), \"Demo Yard\")]"}
RESULT: {"using":"xpath","value":"//span[contains(text(), \"Demo Yard\")]"}
COMMAND: POST /session/afa7f6ae888d4a81c33b557753f8bf2b/element/f.5D44D27F957A25FA92618EC870C8C5F4.d.1C5E2E54FB9B92907EEBC30E7708A57A.e.781/click - {}
RESULT: {}
COMMAND: GET /session/afa7f6ae888d4a81c33b557753f8bf2b/screenshot - {}
RESULT: {}
COMMAND: POST /session/afa7f6ae888d4a81c33b557753f8bf2b/element - {"using":"xpath","value":"//bdi[contains(text(), \"OK\")]"}
RESULT: {"using":"xpath","value":"//bdi[contains(text(), \"OK\")]"}
COMMAND: POST /session/afa7f6ae888d4a81c33b557753f8bf2b/element/f.5D44D27F957A25FA92618EC870C8C5F4.d.1C5E2E54FB9B92907EEBC30E7708A57A.e.782/click - {}
RESULT: {}
COMMAND: GET /session/afa7f6ae888d4a81c33b557753f8bf2b/screenshot - {}
RESULT: {}
COMMAND: POST /session/afa7f6ae888d4a81c33b557753f8bf2b/execute/async - {"script":"<script> [1562 bytes]","args":[{"selector":{"id":"application-manageyards-display-component---NewYard--addressEditDetailsCurrency-arrow"},"wdio_ui5_key":"applicationmanageyards-display-component---NewYard--addressEditDetailsCurrency-arrow"}]}
RESULT: {"script":"<script> [1562 bytes]","args":[{"selector":{"id":"application-manageyards-display-component---NewYard--addressEditDetailsCurrency-arrow"},"wdio_ui5_key":"applicationmanageyards-display-component---NewYard--addressEditDetailsCurrency-arrow"}]}
RESULT: undefined
COMMAND: POST /session/afa7f6ae888d4a81c33b557753f8bf2b/element - {"using":"xpath","value":"//*[@id=\"application-manageyards-display-component---NewYard--addressEditDetailsCurrency-arrow\"]"}
RESULT: {"using":"xpath","value":"//*[@id=\"application-manageyards-display-component---NewYard--addressEditDetailsCurrency-arrow\"]"}
COMMAND: POST /session/afa7f6ae888d4a81c33b557753f8bf2b/element/f.5D44D27F957A25FA92618EC870C8C5F4.d.1C5E2E54FB9B92907EEBC30E7708A57A.e.785/click - {}
RESULT: {}
COMMAND: POST /session/afa7f6ae888d4a81c33b557753f8bf2b/element - {"using":"xpath","value":"//span[contains(text(), \"Euro\")]"}
COMMAND: GET /session/afa7f6ae888d4a81c33b557753f8bf2b/screenshot - {}
RESULT: {"using":"xpath","value":"//span[contains(text(), \"Euro\")]"}
COMMAND: POST /session/afa7f6ae888d4a81c33b557753f8bf2b/element/f.5D44D27F957A25FA92618EC870C8C5F4.d.1C5E2E54FB9B92907EEBC30E7708A57A.e.786/click - {}
RESULT: {}
RESULT: {}
COMMAND: POST /session/afa7f6ae888d4a81c33b557753f8bf2b/execute/async - {"script":"<script> [1562 bytes]","args":[{"selector":{"controlType":"sap.m.Input","viewName":"etm.portal.ui.manageyards.view.New","viewId":"application-manageyards-display-component---NewYard","bindingPath":{"path":"","propertyPath":"/CONTROLLING_AREA","modelName":"NewYardModel"},"interaction":{"idSuffix":"inner"}},"wdio_ui5_key":"etmportal.ui.manageyards.view.Newsap.m.Input{\"path\":\"\",\"propertyPath\":\"/CONTROLLING_AREA\",\"modelName\":\"NewYardModel\"}"}]}
COMMAND: GET /session/afa7f6ae888d4a81c33b557753f8bf2b/screenshot - {}
RESULT: {"script":"<script> [1562 bytes]","args":[{"selector":{"controlType":"sap.m.Input","viewName":"etm.portal.ui.manageyards.view.New","viewId":"application-manageyards-display-component---NewYard","bindingPath":{"path":"","propertyPath":"/CONTROLLING_AREA","modelName":"NewYardModel"},"interaction":{"idSuffix":"inner"}},"wdio_ui5_key":"etmportal.ui.manageyards.view.Newsap.m.Input{\"path\":\"\",\"propertyPath\":\"/CONTROLLING_AREA\",\"modelName\":\"NewYardModel\"}"}]}
RESULT: undefined
COMMAND: POST /session/afa7f6ae888d4a81c33b557753f8bf2b/execute/async - {"script":"<script> [776 bytes]","args":[{"enterText":"Z001","selector":{"controlType":"sap.m.Input","viewName":"etm.portal.ui.manageyards.view.New","viewId":"application-manageyards-display-component---NewYard","bindingPath":{"path":"","propertyPath":"/CONTROLLING_AREA","modelName":"NewYardModel"},"interaction":{"idSuffix":"inner"}},"clearTextFirst":true,"interactionType":"ENTER_TEXT"}]}
RESULT: {}
RESULT: {"script":"<script> [776 bytes]","args":[{"enterText":"Z001","selector":{"controlType":"sap.m.Input","viewName":"etm.portal.ui.manageyards.view.New","viewId":"application-manageyards-display-component---NewYard","bindingPath":{"path":"","propertyPath":"/CONTROLLING_AREA","modelName":"NewYardModel"},"interaction":{"idSuffix":"inner"}},"clearTextFirst":true,"interactionType":"ENTER_TEXT"}]}
COMMAND: POST /session/afa7f6ae888d4a81c33b557753f8bf2b/execute/async - {"script":"<script> [1562 bytes]","args":[{"selector":{"id":"application-manageyards-display-component---NewYard--companyCodeComboBox","interaction":{"idSuffix":"inner"}},"wdio_ui5_key":"applicationmanageyards-display-component---NewYard--companyCodeComboBox"}]}
RESULT: {"script":"<script> [1562 bytes]","args":[{"selector":{"id":"application-manageyards-display-component---NewYard--companyCodeComboBox","interaction":{"idSuffix":"inner"}},"wdio_ui5_key":"applicationmanageyards-display-component---NewYard--companyCodeComboBox"}]}
RESULT: undefined
COMMAND: POST /session/afa7f6ae888d4a81c33b557753f8bf2b/execute/async - {"script":"<script> [776 bytes]","args":[{"enterText":"1000","selector":{"id":"application-manageyards-display-component---NewYard--companyCodeComboBox","interaction":{"idSuffix":"inner"}},"clearTextFirst":true,"interactionType":"ENTER_TEXT"}]}
RESULT: {"script":"<script> [776 bytes]","args":[{"enterText":"1000","selector":{"id":"application-manageyards-display-component---NewYard--companyCodeComboBox","interaction":{"idSuffix":"inner"}},"clearTextFirst":true,"interactionType":"ENTER_TEXT"}]}
COMMAND: POST /session/afa7f6ae888d4a81c33b557753f8bf2b/execute/async - {"script":"<script> [1562 bytes]","args":[{"selector":{"controlType":"sap.m.Input","viewName":"etm.portal.ui.manageyards.view.New","viewId":"application-manageyards-display-component---NewYard","bindingPath":{"path":"","propertyPath":"/PLANT","modelName":"NewYardModel"},"interaction":{"idSuffix":"inner"}},"wdio_ui5_key":"etmportal.ui.manageyards.view.Newsap.m.Input{\"path\":\"\",\"propertyPath\":\"/PLANT\",\"modelName\":\"NewYardModel\"}"}]}
RESULT: {"script":"<script> [1562 bytes]","args":[{"selector":{"controlType":"sap.m.Input","viewName":"etm.portal.ui.manageyards.view.New","viewId":"application-manageyards-display-component---NewYard","bindingPath":{"path":"","propertyPath":"/PLANT","modelName":"NewYardModel"},"interaction":{"idSuffix":"inner"}},"wdio_ui5_key":"etmportal.ui.manageyards.view.Newsap.m.Input{\"path\":\"\",\"propertyPath\":\"/PLANT\",\"modelName\":\"NewYardModel\"}"}]}
RESULT: undefined
COMMAND: POST /session/afa7f6ae888d4a81c33b557753f8bf2b/execute/async - {"script":"<script> [776 bytes]","args":[{"enterText":"1001","selector":{"controlType":"sap.m.Input","viewName":"etm.portal.ui.manageyards.view.New","viewId":"application-manageyards-display-component---NewYard","bindingPath":{"path":"","propertyPath":"/PLANT","modelName":"NewYardModel"},"interaction":{"idSuffix":"inner"}},"clearTextFirst":true,"interactionType":"ENTER_TEXT"}]}
RESULT: {"script":"<script> [776 bytes]","args":[{"enterText":"1001","selector":{"controlType":"sap.m.Input","viewName":"etm.portal.ui.manageyards.view.New","viewId":"application-manageyards-display-component---NewYard","bindingPath":{"path":"","propertyPath":"/PLANT","modelName":"NewYardModel"},"interaction":{"idSuffix":"inner"}},"clearTextFirst":true,"interactionType":"ENTER_TEXT"}]}
COMMAND: POST /session/afa7f6ae888d4a81c33b557753f8bf2b/execute/async - {"script":"<script> [1562 bytes]","args":[{"selector":{"controlType":"sap.m.Input","viewName":"etm.portal.ui.manageyards.view.New","viewId":"application-manageyards-display-component---NewYard","bindingPath":{"path":"","propertyPath":"/SALES_AREA_VKORG","modelName":"NewYardModel"},"interaction":{"idSuffix":"inner"}},"wdio_ui5_key":"etmportal.ui.manageyards.view.Newsap.m.Input{\"path\":\"\",\"propertyPath\":\"/SALES_AREA_VKORG\",\"modelName\":\"NewYardModel\"}"}]}
RESULT: {"script":"<script> [1562 bytes]","args":[{"selector":{"controlType":"sap.m.Input","viewName":"etm.portal.ui.manageyards.view.New","viewId":"application-manageyards-display-component---NewYard","bindingPath":{"path":"","propertyPath":"/SALES_AREA_VKORG","modelName":"NewYardModel"},"interaction":{"idSuffix":"inner"}},"wdio_ui5_key":"etmportal.ui.manageyards.view.Newsap.m.Input{\"path\":\"\",\"propertyPath\":\"/SALES_AREA_VKORG\",\"modelName\":\"NewYardModel\"}"}]}
RESULT: undefined
COMMAND: POST /session/afa7f6ae888d4a81c33b557753f8bf2b/execute/async - {"script":"<script> [776 bytes]","args":[{"enterText":"C002","selector":{"controlType":"sap.m.Input","viewName":"etm.portal.ui.manageyards.view.New","viewId":"application-manageyards-display-component---NewYard","bindingPath":{"path":"","propertyPath":"/SALES_AREA_VKORG","modelName":"NewYardModel"},"interaction":{"idSuffix":"inner"}},"clearTextFirst":true,"interactionType":"ENTER_TEXT"}]}
RESULT: {"script":"<script> [776 bytes]","args":[{"enterText":"C002","selector":{"controlType":"sap.m.Input","viewName":"etm.portal.ui.manageyards.view.New","viewId":"application-manageyards-display-component---NewYard","bindingPath":{"path":"","propertyPath":"/SALES_AREA_VKORG","modelName":"NewYardModel"},"interaction":{"idSuffix":"inner"}},"clearTextFirst":true,"interactionType":"ENTER_TEXT"}]}
COMMAND: POST /session/afa7f6ae888d4a81c33b557753f8bf2b/execute/async - {"script":"<script> [1562 bytes]","args":[{"selector":{"controlType":"sap.m.Input","viewName":"etm.portal.ui.manageyards.view.New","viewId":"application-manageyards-display-component---NewYard","bindingPath":{"path":"","propertyPath":"/SALES_AREA_VTWEG","modelName":"NewYardModel"},"interaction":{"idSuffix":"inner"}},"wdio_ui5_key":"etmportal.ui.manageyards.view.Newsap.m.Input{\"path\":\"\",\"propertyPath\":\"/SALES_AREA_VTWEG\",\"modelName\":\"NewYardModel\"}"}]}
RESULT: {"script":"<script> [1562 bytes]","args":[{"selector":{"controlType":"sap.m.Input","viewName":"etm.portal.ui.manageyards.view.New","viewId":"application-manageyards-display-component---NewYard","bindingPath":{"path":"","propertyPath":"/SALES_AREA_VTWEG","modelName":"NewYardModel"},"interaction":{"idSuffix":"inner"}},"wdio_ui5_key":"etmportal.ui.manageyards.view.Newsap.m.Input{\"path\":\"\",\"propertyPath\":\"/SALES_AREA_VTWEG\",\"modelName\":\"NewYardModel\"}"}]}
RESULT: undefined
COMMAND: POST /session/afa7f6ae888d4a81c33b557753f8bf2b/execute/async - {"script":"<script> [776 bytes]","args":[{"enterText":"C2","selector":{"controlType":"sap.m.Input","viewName":"etm.portal.ui.manageyards.view.New","viewId":"application-manageyards-display-component---NewYard","bindingPath":{"path":"","propertyPath":"/SALES_AREA_VTWEG","modelName":"NewYardModel"},"interaction":{"idSuffix":"inner"}},"clearTextFirst":true,"interactionType":"ENTER_TEXT"}]}
RESULT: {"script":"<script> [776 bytes]","args":[{"enterText":"C2","selector":{"controlType":"sap.m.Input","viewName":"etm.portal.ui.manageyards.view.New","viewId":"application-manageyards-display-component---NewYard","bindingPath":{"path":"","propertyPath":"/SALES_AREA_VTWEG","modelName":"NewYardModel"},"interaction":{"idSuffix":"inner"}},"clearTextFirst":true,"interactionType":"ENTER_TEXT"}]}
COMMAND: POST /session/afa7f6ae888d4a81c33b557753f8bf2b/execute/async - {"script":"<script> [1562 bytes]","args":[{"selector":{"controlType":"sap.m.Input","viewName":"etm.portal.ui.manageyards.view.New","viewId":"application-manageyards-display-component---NewYard","bindingPath":{"path":"","propertyPath":"/SALES_AREA_SPART","modelName":"NewYardModel"},"interaction":{"idSuffix":"inner"}},"wdio_ui5_key":"etmportal.ui.manageyards.view.Newsap.m.Input{\"path\":\"\",\"propertyPath\":\"/SALES_AREA_SPART\",\"modelName\":\"NewYardModel\"}"}]}
RESULT: {"script":"<script> [1562 bytes]","args":[{"selector":{"controlType":"sap.m.Input","viewName":"etm.portal.ui.manageyards.view.New","viewId":"application-manageyards-display-component---NewYard","bindingPath":{"path":"","propertyPath":"/SALES_AREA_SPART","modelName":"NewYardModel"},"interaction":{"idSuffix":"inner"}},"wdio_ui5_key":"etmportal.ui.manageyards.view.Newsap.m.Input{\"path\":\"\",\"propertyPath\":\"/SALES_AREA_SPART\",\"modelName\":\"NewYardModel\"}"}]}
RESULT: undefined
COMMAND: POST /session/afa7f6ae888d4a81c33b557753f8bf2b/execute/async - {"script":"<script> [776 bytes]","args":[{"enterText":"C2","selector":{"controlType":"sap.m.Input","viewName":"etm.portal.ui.manageyards.view.New","viewId":"application-manageyards-display-component---NewYard","bindingPath":{"path":"","propertyPath":"/SALES_AREA_SPART","modelName":"NewYardModel"},"interaction":{"idSuffix":"inner"}},"clearTextFirst":true,"interactionType":"ENTER_TEXT"}]}
RESULT: {"script":"<script> [776 bytes]","args":[{"enterText":"C2","selector":{"controlType":"sap.m.Input","viewName":"etm.portal.ui.manageyards.view.New","viewId":"application-manageyards-display-component---NewYard","bindingPath":{"path":"","propertyPath":"/SALES_AREA_SPART","modelName":"NewYardModel"},"interaction":{"idSuffix":"inner"}},"clearTextFirst":true,"interactionType":"ENTER_TEXT"}]}
COMMAND: POST /session/afa7f6ae888d4a81c33b557753f8bf2b/execute/async - {"script":"<script> [1562 bytes]","args":[{"selector":{"controlType":"sap.m.Input","viewName":"etm.portal.ui.manageyards.view.New","viewId":"application-manageyards-display-component---NewYard","bindingPath":{"path":"","propertyPath":"/SHIP_POINT","modelName":"NewYardModel"},"interaction":{"idSuffix":"inner"}},"wdio_ui5_key":"etmportal.ui.manageyards.view.Newsap.m.Input{\"path\":\"\",\"propertyPath\":\"/SHIP_POINT\",\"modelName\":\"NewYardModel\"}"}]}
RESULT: {"script":"<script> [1562 bytes]","args":[{"selector":{"controlType":"sap.m.Input","viewName":"etm.portal.ui.manageyards.view.New","viewId":"application-manageyards-display-component---NewYard","bindingPath":{"path":"","propertyPath":"/SHIP_POINT","modelName":"NewYardModel"},"interaction":{"idSuffix":"inner"}},"wdio_ui5_key":"etmportal.ui.manageyards.view.Newsap.m.Input{\"path\":\"\",\"propertyPath\":\"/SHIP_POINT\",\"modelName\":\"NewYardModel\"}"}]}
RESULT: undefined
COMMAND: POST /session/afa7f6ae888d4a81c33b557753f8bf2b/execute/async - {"script":"<script> [776 bytes]","args":[{"enterText":"1710","selector":{"controlType":"sap.m.Input","viewName":"etm.portal.ui.manageyards.view.New","viewId":"application-manageyards-display-component---NewYard","bindingPath":{"path":"","propertyPath":"/SHIP_POINT","modelName":"NewYardModel"},"interaction":{"idSuffix":"inner"}},"clearTextFirst":true,"interactionType":"ENTER_TEXT"}]}
RESULT: {"script":"<script> [776 bytes]","args":[{"enterText":"1710","selector":{"controlType":"sap.m.Input","viewName":"etm.portal.ui.manageyards.view.New","viewId":"application-manageyards-display-component---NewYard","bindingPath":{"path":"","propertyPath":"/SHIP_POINT","modelName":"NewYardModel"},"interaction":{"idSuffix":"inner"}},"clearTextFirst":true,"interactionType":"ENTER_TEXT"}]}
COMMAND: POST /session/afa7f6ae888d4a81c33b557753f8bf2b/execute/async - {"script":"<script> [1562 bytes]","args":[{"selector":{"controlType":"sap.m.Input","viewName":"etm.portal.ui.manageyards.view.New","viewId":"application-manageyards-display-component---NewYard","bindingPath":{"path":"","propertyPath":"/DELIVERY_TYPE","modelName":"NewYardModel"},"interaction":{"idSuffix":"inner"}},"wdio_ui5_key":"etmportal.ui.manageyards.view.Newsap.m.Input{\"path\":\"\",\"propertyPath\":\"/DELIVERY_TYPE\",\"modelName\":\"NewYardModel\"}"}]}
RESULT: {"script":"<script> [1562 bytes]","args":[{"selector":{"controlType":"sap.m.Input","viewName":"etm.portal.ui.manageyards.view.New","viewId":"application-manageyards-display-component---NewYard","bindingPath":{"path":"","propertyPath":"/DELIVERY_TYPE","modelName":"NewYardModel"},"interaction":{"idSuffix":"inner"}},"wdio_ui5_key":"etmportal.ui.manageyards.view.Newsap.m.Input{\"path\":\"\",\"propertyPath\":\"/DELIVERY_TYPE\",\"modelName\":\"NewYardModel\"}"}]}
RESULT: undefined
COMMAND: POST /session/afa7f6ae888d4a81c33b557753f8bf2b/execute/async - {"script":"<script> [776 bytes]","args":[{"enterText":"ZL01","selector":{"controlType":"sap.m.Input","viewName":"etm.portal.ui.manageyards.view.New","viewId":"application-manageyards-display-component---NewYard","bindingPath":{"path":"","propertyPath":"/DELIVERY_TYPE","modelName":"NewYardModel"},"interaction":{"idSuffix":"inner"}},"clearTextFirst":true,"interactionType":"ENTER_TEXT"}]}
RESULT: {"script":"<script> [776 bytes]","args":[{"enterText":"ZL01","selector":{"controlType":"sap.m.Input","viewName":"etm.portal.ui.manageyards.view.New","viewId":"application-manageyards-display-component---NewYard","bindingPath":{"path":"","propertyPath":"/DELIVERY_TYPE","modelName":"NewYardModel"},"interaction":{"idSuffix":"inner"}},"clearTextFirst":true,"interactionType":"ENTER_TEXT"}]}
COMMAND: POST /session/afa7f6ae888d4a81c33b557753f8bf2b/execute/async - {"script":"<script> [1562 bytes]","args":[{"selector":{"controlType":"sap.m.Input","viewName":"etm.portal.ui.manageyards.view.New","viewId":"application-manageyards-display-component---NewYard","bindingPath":{"path":"","propertyPath":"/AUART","modelName":"NewYardModel"},"interaction":{"idSuffix":"inner"}},"wdio_ui5_key":"etmportal.ui.manageyards.view.Newsap.m.Input{\"path\":\"\",\"propertyPath\":\"/AUART\",\"modelName\":\"NewYardModel\"}"}]}
RESULT: {"script":"<script> [1562 bytes]","args":[{"selector":{"controlType":"sap.m.Input","viewName":"etm.portal.ui.manageyards.view.New","viewId":"application-manageyards-display-component---NewYard","bindingPath":{"path":"","propertyPath":"/AUART","modelName":"NewYardModel"},"interaction":{"idSuffix":"inner"}},"wdio_ui5_key":"etmportal.ui.manageyards.view.Newsap.m.Input{\"path\":\"\",\"propertyPath\":\"/AUART\",\"modelName\":\"NewYardModel\"}"}]}
RESULT: undefined
COMMAND: POST /session/afa7f6ae888d4a81c33b557753f8bf2b/execute/async - {"script":"<script> [776 bytes]","args":[{"enterText":"TA","selector":{"controlType":"sap.m.Input","viewName":"etm.portal.ui.manageyards.view.New","viewId":"application-manageyards-display-component---NewYard","bindingPath":{"path":"","propertyPath":"/AUART","modelName":"NewYardModel"},"interaction":{"idSuffix":"inner"}},"clearTextFirst":true,"interactionType":"ENTER_TEXT"}]}
RESULT: {"script":"<script> [776 bytes]","args":[{"enterText":"TA","selector":{"controlType":"sap.m.Input","viewName":"etm.portal.ui.manageyards.view.New","viewId":"application-manageyards-display-component---NewYard","bindingPath":{"path":"","propertyPath":"/AUART","modelName":"NewYardModel"},"interaction":{"idSuffix":"inner"}},"clearTextFirst":true,"interactionType":"ENTER_TEXT"}]}
COMMAND: POST /session/afa7f6ae888d4a81c33b557753f8bf2b/element - {"using":"xpath","value":"//button[@data-kt=\"newYardSaveButton\"]"}
RESULT: {"using":"xpath","value":"//button[@data-kt=\"newYardSaveButton\"]"}
COMMAND: POST /session/afa7f6ae888d4a81c33b557753f8bf2b/element/f.5D44D27F957A25FA92618EC870C8C5F4.d.1C5E2E54FB9B92907EEBC30E7708A57A.e.712/click - {}
RESULT: {}
COMMAND: GET /session/afa7f6ae888d4a81c33b557753f8bf2b/screenshot - {}
RESULT: {}
COMMAND: POST /session/afa7f6ae888d4a81c33b557753f8bf2b/element - {"using":"xpath","value":"//header[contains(@id, 'ObjectPageLayout-headerTitle')]/div[1]/div[2]/div[1]/span[1]"}
RESULT: {"using":"xpath","value":"//header[contains(@id, 'ObjectPageLayout-headerTitle')]/div[1]/div[2]/div[1]/span[1]"}
COMMAND: POST /session/afa7f6ae888d4a81c33b557753f8bf2b/elements - {"using":"xpath","value":"//header[contains(@id, 'ObjectPageLayout-headerTitle')]/div[1]/div[2]/div[1]/span[1]"}
RESULT: {"using":"xpath","value":"//header[contains(@id, 'ObjectPageLayout-headerTitle')]/div[1]/div[2]/div[1]/span[1]"}
COMMAND: POST /session/afa7f6ae888d4a81c33b557753f8bf2b/execute/sync - {"script":"<script> [56 bytes]","args":[{"element-6066-11e4-a52e-4f735466cecf":"f.5D44D27F957A25FA92618EC870C8C5F4.d.1C5E2E54FB9B92907EEBC30E7708A57A.e.1001","ELEMENT":"f.5D44D27F957A25FA92618EC870C8C5F4.d.1C5E2E54FB9B92907EEBC30E7708A57A.e.1001"}]}
RESULT: {"script":"<script> [56 bytes]","args":[{"element-6066-11e4-a52e-4f735466cecf":"f.5D44D27F957A25FA92618EC870C8C5F4.d.1C5E2E54FB9B92907EEBC30E7708A57A.e.1001","ELEMENT":"f.5D44D27F957A25FA92618EC870C8C5F4.d.1C5E2E54FB9B92907EEBC30E7708A57A.e.1001"}]}
COMMAND: GET /session/afa7f6ae888d4a81c33b557753f8bf2b/screenshot - {}
RESULT: {}
COMMAND: POST /session/afa7f6ae888d4a81c33b557753f8bf2b/element - {"using":"css selector","value":"#shell-header-logo"}
RESULT: {"using":"css selector","value":"#shell-header-logo"}
COMMAND: POST /session/afa7f6ae888d4a81c33b557753f8bf2b/element/f.5D44D27F957A25FA92618EC870C8C5F4.d.1C5E2E54FB9B92907EEBC30E7708A57A.e.280/click - {}
RESULT: {}
COMMAND: GET /session/afa7f6ae888d4a81c33b557753f8bf2b/screenshot - {}
RESULT: {}
COMMAND: POST /session/afa7f6ae888d4a81c33b557753f8bf2b/execute/sync - {"script":"<script> [299 bytes]","args":[["getModel","getResource"]]}
RESULT: {"script":"<script> [299 bytes]","args":[["getModel","getResource"]]}
]]></system-out>
    </testcase>
    <testcase classname="chrome.137_0_7151_69.windows.Create_condition_pricing_US117289_US134625" name="Should create a new equipment used for all following tests" time="147.961">
      <system-out><![CDATA[
COMMAND: GET /session/afa7f6ae888d4a81c33b557753f8bf2b/screenshot - {}
COMMAND: POST /session/afa7f6ae888d4a81c33b557753f8bf2b/execute/async - {"script":"<script> [1562 bytes]","args":[{"selector":{"controlType":"sap.m.GenericTile","properties":{"header":"Manage Resources"}},"wdio_ui5_key":"sapm.GenericTile{\"header\":\"Manage Resources\"}"}]}
RESULT: {}
RESULT: {"script":"<script> [1562 bytes]","args":[{"selector":{"controlType":"sap.m.GenericTile","properties":{"header":"Manage Resources"}},"wdio_ui5_key":"sapm.GenericTile{\"header\":\"Manage Resources\"}"}]}
RESULT: undefined
COMMAND: POST /session/afa7f6ae888d4a81c33b557753f8bf2b/element - {"using":"xpath","value":"//*[@id=\"__tile40\"]"}
RESULT: {"using":"xpath","value":"//*[@id=\"__tile40\"]"}
COMMAND: POST /session/afa7f6ae888d4a81c33b557753f8bf2b/element/f.5D44D27F957A25FA92618EC870C8C5F4.d.1C5E2E54FB9B92907EEBC30E7708A57A.e.165/click - {}
RESULT: {}
COMMAND: GET /session/afa7f6ae888d4a81c33b557753f8bf2b/screenshot - {}
RESULT: {}
COMMAND: POST /session/afa7f6ae888d4a81c33b557753f8bf2b/elements - {"using":"xpath","value":"//span[text()='Error']"}
RESULT: {"using":"xpath","value":"//span[text()='Error']"}
COMMAND: POST /session/afa7f6ae888d4a81c33b557753f8bf2b/element - {"using":"xpath","value":"//button[@data-kt=\"addNewRUOverflowToolbarButton\"]"}
RESULT: {"using":"xpath","value":"//button[@data-kt=\"addNewRUOverflowToolbarButton\"]"}
COMMAND: POST /session/afa7f6ae888d4a81c33b557753f8bf2b/elements - {"using":"xpath","value":"//button[@data-kt=\"addNewRUOverflowToolbarButton\"]"}
RESULT: {"using":"xpath","value":"//button[@data-kt=\"addNewRUOverflowToolbarButton\"]"}
COMMAND: POST /session/afa7f6ae888d4a81c33b557753f8bf2b/elements - {"using":"xpath","value":"//button[@data-kt=\"addNewRUOverflowToolbarButton\"]"}
RESULT: {"using":"xpath","value":"//button[@data-kt=\"addNewRUOverflowToolbarButton\"]"}
COMMAND: POST /session/afa7f6ae888d4a81c33b557753f8bf2b/elements - {"using":"xpath","value":"//button[@data-kt=\"addNewRUOverflowToolbarButton\"]"}
RESULT: {"using":"xpath","value":"//button[@data-kt=\"addNewRUOverflowToolbarButton\"]"}
COMMAND: POST /session/afa7f6ae888d4a81c33b557753f8bf2b/element - {"using":"xpath","value":"//button[@data-kt=\"addNewRUOverflowToolbarButton\"]"}
RESULT: {"using":"xpath","value":"//button[@data-kt=\"addNewRUOverflowToolbarButton\"]"}
COMMAND: POST /session/afa7f6ae888d4a81c33b557753f8bf2b/execute/sync - {"script":"<script> [8489 bytes]","args":[{"element-6066-11e4-a52e-4f735466cecf":"f.5D44D27F957A25FA92618EC870C8C5F4.d.1C5E2E54FB9B92907EEBC30E7708A57A.e.1044","ELEMENT":"f.5D44D27F957A25FA92618EC870C8C5F4.d.1C5E2E54FB9B92907EEBC30E7708A57A.e.1044"}]}
RESULT: {"script":"<script> [8489 bytes]","args":[{"element-6066-11e4-a52e-4f735466cecf":"f.5D44D27F957A25FA92618EC870C8C5F4.d.1C5E2E54FB9B92907EEBC30E7708A57A.e.1044","ELEMENT":"f.5D44D27F957A25FA92618EC870C8C5F4.d.1C5E2E54FB9B92907EEBC30E7708A57A.e.1044"}]}
COMMAND: GET /session/afa7f6ae888d4a81c33b557753f8bf2b/element/f.5D44D27F957A25FA92618EC870C8C5F4.d.1C5E2E54FB9B92907EEBC30E7708A57A.e.1044/enabled - {}
COMMAND: GET /session/afa7f6ae888d4a81c33b557753f8bf2b/screenshot - {}
RESULT: {}
COMMAND: POST /session/afa7f6ae888d4a81c33b557753f8bf2b/execute/sync - {"script":"<script> [8489 bytes]","args":[{"element-6066-11e4-a52e-4f735466cecf":"f.5D44D27F957A25FA92618EC870C8C5F4.d.1C5E2E54FB9B92907EEBC30E7708A57A.e.1044","ELEMENT":"f.5D44D27F957A25FA92618EC870C8C5F4.d.1C5E2E54FB9B92907EEBC30E7708A57A.e.1044"}]}
COMMAND: GET /session/afa7f6ae888d4a81c33b557753f8bf2b/screenshot - {}
RESULT: {}
RESULT: {"script":"<script> [8489 bytes]","args":[{"element-6066-11e4-a52e-4f735466cecf":"f.5D44D27F957A25FA92618EC870C8C5F4.d.1C5E2E54FB9B92907EEBC30E7708A57A.e.1044","ELEMENT":"f.5D44D27F957A25FA92618EC870C8C5F4.d.1C5E2E54FB9B92907EEBC30E7708A57A.e.1044"}]}
COMMAND: POST /session/afa7f6ae888d4a81c33b557753f8bf2b/execute/sync - {"script":"<script> [5351 bytes]","args":[{"element-6066-11e4-a52e-4f735466cecf":"f.5D44D27F957A25FA92618EC870C8C5F4.d.1C5E2E54FB9B92907EEBC30E7708A57A.e.1044","ELEMENT":"f.5D44D27F957A25FA92618EC870C8C5F4.d.1C5E2E54FB9B92907EEBC30E7708A57A.e.1044"}]}
COMMAND: GET /session/afa7f6ae888d4a81c33b557753f8bf2b/screenshot - {}
RESULT: {}
RESULT: {"script":"<script> [5351 bytes]","args":[{"element-6066-11e4-a52e-4f735466cecf":"f.5D44D27F957A25FA92618EC870C8C5F4.d.1C5E2E54FB9B92907EEBC30E7708A57A.e.1044","ELEMENT":"f.5D44D27F957A25FA92618EC870C8C5F4.d.1C5E2E54FB9B92907EEBC30E7708A57A.e.1044"}]}
COMMAND: POST /session/afa7f6ae888d4a81c33b557753f8bf2b/element/f.5D44D27F957A25FA92618EC870C8C5F4.d.1C5E2E54FB9B92907EEBC30E7708A57A.e.1044/click - {}
COMMAND: GET /session/afa7f6ae888d4a81c33b557753f8bf2b/screenshot - {}
RESULT: {}
RESULT: {}
COMMAND: GET /session/afa7f6ae888d4a81c33b557753f8bf2b/screenshot - {}
RESULT: {}
RESULT: {}
COMMAND: POST /session/afa7f6ae888d4a81c33b557753f8bf2b/execute/async - {"script":"<script> [1562 bytes]","args":[{"selector":{"id":"application-manageresources-display-component---newResourceUnit--TYPE-arrow"},"wdio_ui5_key":"applicationmanageresources-display-component---newResourceUnit--TYPE-arrow"}]}
RESULT: {"script":"<script> [1562 bytes]","args":[{"selector":{"id":"application-manageresources-display-component---newResourceUnit--TYPE-arrow"},"wdio_ui5_key":"applicationmanageresources-display-component---newResourceUnit--TYPE-arrow"}]}
RESULT: undefined
COMMAND: POST /session/afa7f6ae888d4a81c33b557753f8bf2b/element - {"using":"xpath","value":"//*[@id=\"application-manageresources-display-component---newResourceUnit--TYPE-arrow\"]"}
RESULT: {"using":"xpath","value":"//*[@id=\"application-manageresources-display-component---newResourceUnit--TYPE-arrow\"]"}
COMMAND: POST /session/afa7f6ae888d4a81c33b557753f8bf2b/element/f.5D44D27F957A25FA92618EC870C8C5F4.d.1C5E2E54FB9B92907EEBC30E7708A57A.e.1390/click - {}
RESULT: {}
COMMAND: POST /session/afa7f6ae888d4a81c33b557753f8bf2b/element - {"using":"xpath","value":"//input[@id=\"application-manageresources-display-component---newResourceUnit--TYPE-inner\"]"}
COMMAND: GET /session/afa7f6ae888d4a81c33b557753f8bf2b/screenshot - {}
RESULT: {"using":"xpath","value":"//input[@id=\"application-manageresources-display-component---newResourceUnit--TYPE-inner\"]"}
COMMAND: POST /session/afa7f6ae888d4a81c33b557753f8bf2b/element/f.5D44D27F957A25FA92618EC870C8C5F4.d.1C5E2E54FB9B92907EEBC30E7708A57A.e.1386/clear - {}
RESULT: {}
RESULT: {}
COMMAND: POST /session/afa7f6ae888d4a81c33b557753f8bf2b/element/f.5D44D27F957A25FA92618EC870C8C5F4.d.1C5E2E54FB9B92907EEBC30E7708A57A.e.1386/value - {"text":"Equipment"}
COMMAND: GET /session/afa7f6ae888d4a81c33b557753f8bf2b/screenshot - {}
RESULT: {"text":"Equipment"}
COMMAND: GET /session/afa7f6ae888d4a81c33b557753f8bf2b/screenshot - {}
RESULT: {}
RESULT: {}
COMMAND: POST /session/afa7f6ae888d4a81c33b557753f8bf2b/actions - {"actions":[{"id":"action2","type":"key","parameters":{},"actions":[{"type":"keyDown","value":"î€‡"},{"type":"pause","duration":10},{"type":"keyUp","value":"î€‡"}]}]}
RESULT: {"actions":[{"id":"action2","type":"key","parameters":{},"actions":[{"type":"keyDown","value":"î€‡"},{"type":"pause","duration":10},{"type":"keyUp","value":"î€‡"}]}]}
COMMAND: POST /session/afa7f6ae888d4a81c33b557753f8bf2b/execute/async - {"script":"<script> [1562 bytes]","args":[{"selector":{"id":"application-manageresources-display-component---newResourceUnit--resourceId","interaction":{"idSuffix":"inner"}},"wdio_ui5_key":"applicationmanageresources-display-component---newResourceUnit--resourceId"}]}
COMMAND: GET /session/afa7f6ae888d4a81c33b557753f8bf2b/screenshot - {}
RESULT: {"script":"<script> [1562 bytes]","args":[{"selector":{"id":"application-manageresources-display-component---newResourceUnit--resourceId","interaction":{"idSuffix":"inner"}},"wdio_ui5_key":"applicationmanageresources-display-component---newResourceUnit--resourceId"}]}
RESULT: undefined
COMMAND: POST /session/afa7f6ae888d4a81c33b557753f8bf2b/execute/async - {"script":"<script> [776 bytes]","args":[{"enterText":"Qj4pgWKGMi","selector":{"id":"application-manageresources-display-component---newResourceUnit--resourceId","interaction":{"idSuffix":"inner"}},"clearTextFirst":true,"interactionType":"ENTER_TEXT"}]}
RESULT: {}
RESULT: {"script":"<script> [776 bytes]","args":[{"enterText":"Qj4pgWKGMi","selector":{"id":"application-manageresources-display-component---newResourceUnit--resourceId","interaction":{"idSuffix":"inner"}},"clearTextFirst":true,"interactionType":"ENTER_TEXT"}]}
COMMAND: POST /session/afa7f6ae888d4a81c33b557753f8bf2b/execute/async - {"script":"<script> [1562 bytes]","args":[{"selector":{"id":"application-manageresources-display-component---newResourceUnit--SHORT_TEXT","interaction":{"idSuffix":"inner"}},"wdio_ui5_key":"applicationmanageresources-display-component---newResourceUnit--SHORT_TEXT"}]}
RESULT: {"script":"<script> [1562 bytes]","args":[{"selector":{"id":"application-manageresources-display-component---newResourceUnit--SHORT_TEXT","interaction":{"idSuffix":"inner"}},"wdio_ui5_key":"applicationmanageresources-display-component---newResourceUnit--SHORT_TEXT"}]}
RESULT: undefined
COMMAND: POST /session/afa7f6ae888d4a81c33b557753f8bf2b/execute/async - {"script":"<script> [776 bytes]","args":[{"enterText":"Intercompany Equipment WDIO","selector":{"id":"application-manageresources-display-component---newResourceUnit--SHORT_TEXT","interaction":{"idSuffix":"inner"}},"clearTextFirst":true,"interactionType":"ENTER_TEXT"}]}
RESULT: {"script":"<script> [776 bytes]","args":[{"enterText":"Intercompany Equipment WDIO","selector":{"id":"application-manageresources-display-component---newResourceUnit--SHORT_TEXT","interaction":{"idSuffix":"inner"}},"clearTextFirst":true,"interactionType":"ENTER_TEXT"}]}
COMMAND: POST /session/afa7f6ae888d4a81c33b557753f8bf2b/execute/async - {"script":"<script> [1562 bytes]","args":[{"selector":{"id":"application-manageresources-display-component---newResourceUnit--BASE_UNIT_OF_MEASURE","interaction":{"idSuffix":"inner"}},"wdio_ui5_key":"applicationmanageresources-display-component---newResourceUnit--BASE_UNIT_OF_MEASURE"}]}
RESULT: {"script":"<script> [1562 bytes]","args":[{"selector":{"id":"application-manageresources-display-component---newResourceUnit--BASE_UNIT_OF_MEASURE","interaction":{"idSuffix":"inner"}},"wdio_ui5_key":"applicationmanageresources-display-component---newResourceUnit--BASE_UNIT_OF_MEASURE"}]}
RESULT: undefined
COMMAND: POST /session/afa7f6ae888d4a81c33b557753f8bf2b/execute/async - {"script":"<script> [776 bytes]","args":[{"enterText":"Piece","selector":{"id":"application-manageresources-display-component---newResourceUnit--BASE_UNIT_OF_MEASURE","interaction":{"idSuffix":"inner"}},"clearTextFirst":true,"interactionType":"ENTER_TEXT"}]}
RESULT: {"script":"<script> [776 bytes]","args":[{"enterText":"Piece","selector":{"id":"application-manageresources-display-component---newResourceUnit--BASE_UNIT_OF_MEASURE","interaction":{"idSuffix":"inner"}},"clearTextFirst":true,"interactionType":"ENTER_TEXT"}]}
COMMAND: POST /session/afa7f6ae888d4a81c33b557753f8bf2b/execute/async - {"script":"<script> [1562 bytes]","args":[{"selector":{"id":"application-manageresources-display-component---newResourceUnit--WEIGHT_UNIT","interaction":{"idSuffix":"inner"}},"wdio_ui5_key":"applicationmanageresources-display-component---newResourceUnit--WEIGHT_UNIT"}]}
RESULT: {"script":"<script> [1562 bytes]","args":[{"selector":{"id":"application-manageresources-display-component---newResourceUnit--WEIGHT_UNIT","interaction":{"idSuffix":"inner"}},"wdio_ui5_key":"applicationmanageresources-display-component---newResourceUnit--WEIGHT_UNIT"}]}
RESULT: undefined
COMMAND: POST /session/afa7f6ae888d4a81c33b557753f8bf2b/execute/async - {"script":"<script> [776 bytes]","args":[{"enterText":"Gram","selector":{"id":"application-manageresources-display-component---newResourceUnit--WEIGHT_UNIT","interaction":{"idSuffix":"inner"}},"clearTextFirst":true,"interactionType":"ENTER_TEXT"}]}
RESULT: {"script":"<script> [776 bytes]","args":[{"enterText":"Gram","selector":{"id":"application-manageresources-display-component---newResourceUnit--WEIGHT_UNIT","interaction":{"idSuffix":"inner"}},"clearTextFirst":true,"interactionType":"ENTER_TEXT"}]}
COMMAND: POST /session/afa7f6ae888d4a81c33b557753f8bf2b/execute/async - {"script":"<script> [1562 bytes]","args":[{"selector":{"id":"application-manageresources-display-component---newResourceUnit--DIMENSION_UNIT","interaction":{"idSuffix":"inner"}},"wdio_ui5_key":"applicationmanageresources-display-component---newResourceUnit--DIMENSION_UNIT"}]}
RESULT: {"script":"<script> [1562 bytes]","args":[{"selector":{"id":"application-manageresources-display-component---newResourceUnit--DIMENSION_UNIT","interaction":{"idSuffix":"inner"}},"wdio_ui5_key":"applicationmanageresources-display-component---newResourceUnit--DIMENSION_UNIT"}]}
RESULT: undefined
COMMAND: POST /session/afa7f6ae888d4a81c33b557753f8bf2b/execute/async - {"script":"<script> [776 bytes]","args":[{"enterText":"Meter","selector":{"id":"application-manageresources-display-component---newResourceUnit--DIMENSION_UNIT","interaction":{"idSuffix":"inner"}},"clearTextFirst":true,"interactionType":"ENTER_TEXT"}]}
RESULT: {"script":"<script> [776 bytes]","args":[{"enterText":"Meter","selector":{"id":"application-manageresources-display-component---newResourceUnit--DIMENSION_UNIT","interaction":{"idSuffix":"inner"}},"clearTextFirst":true,"interactionType":"ENTER_TEXT"}]}
COMMAND: POST /session/afa7f6ae888d4a81c33b557753f8bf2b/execute/async - {"script":"<script> [1562 bytes]","args":[{"selector":{"id":"application-manageresources-display-component---newResourceUnit--newRRUPage-anchBar-application-manageresources-display-component---newResourceUnit--control-anchor","interaction":{"idSuffix":"BDI-content"}},"wdio_ui5_key":"applicationmanageresources-display-component---newResourceUnit--newRRUPage-anchBar-application-manageresources-display-component---newResourceUnit--control-anchor"}]}
RESULT: {"script":"<script> [1562 bytes]","args":[{"selector":{"id":"application-manageresources-display-component---newResourceUnit--newRRUPage-anchBar-application-manageresources-display-component---newResourceUnit--control-anchor","interaction":{"idSuffix":"BDI-content"}},"wdio_ui5_key":"applicationmanageresources-display-component---newResourceUnit--newRRUPage-anchBar-application-manageresources-display-component---newResourceUnit--control-anchor"}]}
RESULT: undefined
COMMAND: POST /session/afa7f6ae888d4a81c33b557753f8bf2b/element - {"using":"xpath","value":"//*[@id=\"application-manageresources-display-component---newResourceUnit--newRRUPage-anchBar-application-manageresources-display-component---newResourceUnit--control-anchor\"]"}
RESULT: {"using":"xpath","value":"//*[@id=\"application-manageresources-display-component---newResourceUnit--newRRUPage-anchBar-application-manageresources-display-component---newResourceUnit--control-anchor\"]"}
COMMAND: POST /session/afa7f6ae888d4a81c33b557753f8bf2b/element/f.5D44D27F957A25FA92618EC870C8C5F4.d.1C5E2E54FB9B92907EEBC30E7708A57A.e.1547/click - {}
RESULT: {}
COMMAND: POST /session/afa7f6ae888d4a81c33b557753f8bf2b/execute/async - {"script":"<script> [1562 bytes]","args":[{"selector":{"id":"application-manageresources-display-component---newResourceUnit--PLANNING_GROUP","interaction":{"idSuffix":"inner"}},"wdio_ui5_key":"applicationmanageresources-display-component---newResourceUnit--PLANNING_GROUP"}]}
COMMAND: GET /session/afa7f6ae888d4a81c33b557753f8bf2b/screenshot - {}
RESULT: {"script":"<script> [1562 bytes]","args":[{"selector":{"id":"application-manageresources-display-component---newResourceUnit--PLANNING_GROUP","interaction":{"idSuffix":"inner"}},"wdio_ui5_key":"applicationmanageresources-display-component---newResourceUnit--PLANNING_GROUP"}]}
RESULT: undefined
COMMAND: POST /session/afa7f6ae888d4a81c33b557753f8bf2b/execute/async - {"script":"<script> [776 bytes]","args":[{"enterText":"Heavy Equi","selector":{"id":"application-manageresources-display-component---newResourceUnit--PLANNING_GROUP","interaction":{"idSuffix":"inner"}},"clearTextFirst":true,"interactionType":"ENTER_TEXT"}]}
RESULT: {}
RESULT: {"script":"<script> [776 bytes]","args":[{"enterText":"Heavy Equi","selector":{"id":"application-manageresources-display-component---newResourceUnit--PLANNING_GROUP","interaction":{"idSuffix":"inner"}},"clearTextFirst":true,"interactionType":"ENTER_TEXT"}]}
COMMAND: POST /session/afa7f6ae888d4a81c33b557753f8bf2b/execute/async - {"script":"<script> [1562 bytes]","args":[{"selector":{"id":"application-manageresources-display-component---newResourceUnit--ITEM_TYPE-arrow"},"wdio_ui5_key":"applicationmanageresources-display-component---newResourceUnit--ITEM_TYPE-arrow"}]}
RESULT: {"script":"<script> [1562 bytes]","args":[{"selector":{"id":"application-manageresources-display-component---newResourceUnit--ITEM_TYPE-arrow"},"wdio_ui5_key":"applicationmanageresources-display-component---newResourceUnit--ITEM_TYPE-arrow"}]}
RESULT: undefined
COMMAND: POST /session/afa7f6ae888d4a81c33b557753f8bf2b/element - {"using":"xpath","value":"//*[@id=\"application-manageresources-display-component---newResourceUnit--ITEM_TYPE-arrow\"]"}
RESULT: {"using":"xpath","value":"//*[@id=\"application-manageresources-display-component---newResourceUnit--ITEM_TYPE-arrow\"]"}
COMMAND: POST /session/afa7f6ae888d4a81c33b557753f8bf2b/element/f.5D44D27F957A25FA92618EC870C8C5F4.d.1C5E2E54FB9B92907EEBC30E7708A57A.e.1554/click - {}
RESULT: {}
COMMAND: POST /session/afa7f6ae888d4a81c33b557753f8bf2b/element - {"using":"xpath","value":"//ul[contains(@id,\"ITEM_TYPE-popup-list-listUl\")]//li[.//span[contains(text(),\"Resource Unit\")]]"}
COMMAND: GET /session/afa7f6ae888d4a81c33b557753f8bf2b/screenshot - {}
RESULT: {"using":"xpath","value":"//ul[contains(@id,\"ITEM_TYPE-popup-list-listUl\")]//li[.//span[contains(text(),\"Resource Unit\")]]"}
COMMAND: POST /session/afa7f6ae888d4a81c33b557753f8bf2b/element/f.5D44D27F957A25FA92618EC870C8C5F4.d.1C5E2E54FB9B92907EEBC30E7708A57A.e.1555/click - {}
RESULT: {}
RESULT: {}
COMMAND: GET /session/afa7f6ae888d4a81c33b557753f8bf2b/screenshot - {}
RESULT: {}
COMMAND: POST /session/afa7f6ae888d4a81c33b557753f8bf2b/element - {"using":"css selector","value":"#application-manageresources-display-component---newResourceUnit--btnAddTimeSegment"}
RESULT: {"using":"css selector","value":"#application-manageresources-display-component---newResourceUnit--btnAddTimeSegment"}
COMMAND: GET /session/afa7f6ae888d4a81c33b557753f8bf2b/element/f.5D44D27F957A25FA92618EC870C8C5F4.d.1C5E2E54FB9B92907EEBC30E7708A57A.e.1563/rect - {}
RESULT: {}
COMMAND: GET /session/afa7f6ae888d4a81c33b557753f8bf2b/window/rect - {}
RESULT: {}
COMMAND: POST /session/afa7f6ae888d4a81c33b557753f8bf2b/execute/sync - {"script":"<script> [92 bytes]","args":[]}
RESULT: {"script":"<script> [92 bytes]","args":[]}
COMMAND: POST /session/afa7f6ae888d4a81c33b557753f8bf2b/actions - {"actions":[{"id":"action3","type":"wheel","parameters":{},"actions":[{"type":"scroll","x":-1888,"y":-32,"deltaX":0,"deltaY":0,"duration":0,"origin":{"element-6066-11e4-a52e-4f735466cecf":"f.5D44D27F957A25FA92618EC870C8C5F4.d.1C5E2E54FB9B92907EEBC30E7708A57A.e.1563"}}]}]}
COMMAND: GET /session/afa7f6ae888d4a81c33b557753f8bf2b/screenshot - {}
RESULT: {}
COMMAND: POST /session/afa7f6ae888d4a81c33b557753f8bf2b/execute/sync - {"script":"<script> [79 bytes]","args":[{"element-6066-11e4-a52e-4f735466cecf":"f.5D44D27F957A25FA92618EC870C8C5F4.d.1C5E2E54FB9B92907EEBC30E7708A57A.e.1563","ELEMENT":"f.5D44D27F957A25FA92618EC870C8C5F4.d.1C5E2E54FB9B92907EEBC30E7708A57A.e.1563"},{"block":"start","inline":"nearest"}]}
RESULT: {"script":"<script> [79 bytes]","args":[{"element-6066-11e4-a52e-4f735466cecf":"f.5D44D27F957A25FA92618EC870C8C5F4.d.1C5E2E54FB9B92907EEBC30E7708A57A.e.1563","ELEMENT":"f.5D44D27F957A25FA92618EC870C8C5F4.d.1C5E2E54FB9B92907EEBC30E7708A57A.e.1563"},{"block":"start","inline":"nearest"}]}
COMMAND: POST /session/afa7f6ae888d4a81c33b557753f8bf2b/execute/async - {"script":"<script> [1562 bytes]","args":[{"selector":{"id":"application-manageresources-display-component---newResourceUnit--btnAddTimeSegment","interaction":{"idSuffix":"inner"}},"wdio_ui5_key":"applicationmanageresources-display-component---newResourceUnit--btnAddTimeSegment"}]}
COMMAND: GET /session/afa7f6ae888d4a81c33b557753f8bf2b/screenshot - {}
RESULT: {"script":"<script> [1562 bytes]","args":[{"selector":{"id":"application-manageresources-display-component---newResourceUnit--btnAddTimeSegment","interaction":{"idSuffix":"inner"}},"wdio_ui5_key":"applicationmanageresources-display-component---newResourceUnit--btnAddTimeSegment"}]}
RESULT: undefined
COMMAND: POST /session/afa7f6ae888d4a81c33b557753f8bf2b/element - {"using":"xpath","value":"//*[@id=\"application-manageresources-display-component---newResourceUnit--btnAddTimeSegment\"]"}
RESULT: {}
RESULT: {"using":"xpath","value":"//*[@id=\"application-manageresources-display-component---newResourceUnit--btnAddTimeSegment\"]"}
COMMAND: POST /session/afa7f6ae888d4a81c33b557753f8bf2b/element/f.5D44D27F957A25FA92618EC870C8C5F4.d.1C5E2E54FB9B92907EEBC30E7708A57A.e.1563/click - {}
RESULT: {}
COMMAND: GET /session/afa7f6ae888d4a81c33b557753f8bf2b/screenshot - {}
RESULT: {}
COMMAND: POST /session/afa7f6ae888d4a81c33b557753f8bf2b/element - {"using":"xpath","value":"//input[@id=\"application-manageresources-display-component---newResourceUnit--idRuTSAdmin-application-manageresources-display-component---newResourceUnit--RUTimeSegment-0-inner\"]"}
RESULT: {"using":"xpath","value":"//input[@id=\"application-manageresources-display-component---newResourceUnit--idRuTSAdmin-application-manageresources-display-component---newResourceUnit--RUTimeSegment-0-inner\"]"}
COMMAND: POST /session/afa7f6ae888d4a81c33b557753f8bf2b/element/f.5D44D27F957A25FA92618EC870C8C5F4.d.1C5E2E54FB9B92907EEBC30E7708A57A.e.1569/clear - {}
RESULT: {}
COMMAND: POST /session/afa7f6ae888d4a81c33b557753f8bf2b/element/f.5D44D27F957A25FA92618EC870C8C5F4.d.1C5E2E54FB9B92907EEBC30E7708A57A.e.1569/value - {"text":"191"}
COMMAND: GET /session/afa7f6ae888d4a81c33b557753f8bf2b/screenshot - {}
RESULT: {"text":"191"}
COMMAND: GET /session/afa7f6ae888d4a81c33b557753f8bf2b/screenshot - {}
RESULT: {}
RESULT: {}
COMMAND: POST /session/afa7f6ae888d4a81c33b557753f8bf2b/element - {"using":"xpath","value":"//li[.//span[text()='191']]"}
RESULT: {"using":"xpath","value":"//li[.//span[text()='191']]"}
COMMAND: POST /session/afa7f6ae888d4a81c33b557753f8bf2b/element/f.5D44D27F957A25FA92618EC870C8C5F4.d.1C5E2E54FB9B92907EEBC30E7708A57A.e.1581/click - {}
RESULT: {}
COMMAND: GET /session/afa7f6ae888d4a81c33b557753f8bf2b/screenshot - {}
RESULT: {}
COMMAND: POST /session/afa7f6ae888d4a81c33b557753f8bf2b/element - {"using":"xpath","value":"(//span[contains(@id, \"-application-manageresources-display-component---newResourceUnit--RUTimeSegment-0-arrow\")])[6]"}
RESULT: {"using":"xpath","value":"(//span[contains(@id, \"-application-manageresources-display-component---newResourceUnit--RUTimeSegment-0-arrow\")])[6]"}
COMMAND: POST /session/afa7f6ae888d4a81c33b557753f8bf2b/element/f.5D44D27F957A25FA92618EC870C8C5F4.d.1C5E2E54FB9B92907EEBC30E7708A57A.e.1582/click - {}
RESULT: {}
COMMAND: GET /session/afa7f6ae888d4a81c33b557753f8bf2b/screenshot - {}
RESULT: {}
COMMAND: POST /session/afa7f6ae888d4a81c33b557753f8bf2b/element - {"using":"xpath","value":"//span[contains(text(), \"PM Order\")]"}
RESULT: {"using":"xpath","value":"//span[contains(text(), \"PM Order\")]"}
COMMAND: POST /session/afa7f6ae888d4a81c33b557753f8bf2b/element/f.5D44D27F957A25FA92618EC870C8C5F4.d.1C5E2E54FB9B92907EEBC30E7708A57A.e.1585/click - {}
RESULT: {}
COMMAND: GET /session/afa7f6ae888d4a81c33b557753f8bf2b/screenshot - {}
RESULT: {}
COMMAND: POST /session/afa7f6ae888d4a81c33b557753f8bf2b/element - {"using":"xpath","value":"(//span[contains(@id ,\"manageresources-display-component---newResourceUnit--RUTimeSegment-0-vhi\")])[1]"}
RESULT: {"using":"xpath","value":"(//span[contains(@id ,\"manageresources-display-component---newResourceUnit--RUTimeSegment-0-vhi\")])[1]"}
COMMAND: GET /session/afa7f6ae888d4a81c33b557753f8bf2b/element/f.5D44D27F957A25FA92618EC870C8C5F4.d.1C5E2E54FB9B92907EEBC30E7708A57A.e.1589/rect - {}
RESULT: {}
COMMAND: GET /session/afa7f6ae888d4a81c33b557753f8bf2b/window/rect - {}
RESULT: {}
COMMAND: POST /session/afa7f6ae888d4a81c33b557753f8bf2b/execute/sync - {"script":"<script> [92 bytes]","args":[]}
RESULT: {"script":"<script> [92 bytes]","args":[]}
COMMAND: POST /session/afa7f6ae888d4a81c33b557753f8bf2b/actions - {"actions":[{"id":"action4","type":"wheel","parameters":{},"actions":[{"type":"scroll","x":-869,"y":-24,"deltaX":0,"deltaY":0,"duration":0,"origin":{"element-6066-11e4-a52e-4f735466cecf":"f.5D44D27F957A25FA92618EC870C8C5F4.d.1C5E2E54FB9B92907EEBC30E7708A57A.e.1589"}}]}]}
COMMAND: GET /session/afa7f6ae888d4a81c33b557753f8bf2b/screenshot - {}
RESULT: {"actions":[{"id":"action4","type":"wheel","parameters":{},"actions":[{"type":"scroll","x":-869,"y":-24,"deltaX":0,"deltaY":0,"duration":0,"origin":{"element-6066-11e4-a52e-4f735466cecf":"f.5D44D27F957A25FA92618EC870C8C5F4.d.1C5E2E54FB9B92907EEBC30E7708A57A.e.1589"}}]}]}
COMMAND: DELETE /session/afa7f6ae888d4a81c33b557753f8bf2b/actions - {}
COMMAND: GET /session/afa7f6ae888d4a81c33b557753f8bf2b/screenshot - {}
RESULT: {}
RESULT: {}
COMMAND: GET /session/afa7f6ae888d4a81c33b557753f8bf2b/screenshot - {}
RESULT: {}
RESULT: {}
COMMAND: POST /session/afa7f6ae888d4a81c33b557753f8bf2b/element/f.5D44D27F957A25FA92618EC870C8C5F4.d.1C5E2E54FB9B92907EEBC30E7708A57A.e.1589/click - {}
RESULT: {}
COMMAND: GET /session/afa7f6ae888d4a81c33b557753f8bf2b/screenshot - {}
RESULT: {}
RESULT: undefined
COMMAND: POST /session/afa7f6ae888d4a81c33b557753f8bf2b/execute/async - {"script":"<script> [776 bytes]","args":[{"enterText":"4000360","selector":{"controlType":"sap.m.SearchField","properties":{"placeholder":"Search"},"searchOpenDialogs":true,"interaction":{"idSuffix":"I"}},"clearTextFirst":true,"interactionType":"ENTER_TEXT"}]}
RESULT: {"script":"<script> [776 bytes]","args":[{"enterText":"4000360","selector":{"controlType":"sap.m.SearchField","properties":{"placeholder":"Search"},"searchOpenDialogs":true,"interaction":{"idSuffix":"I"}},"clearTextFirst":true,"interactionType":"ENTER_TEXT"}]}
COMMAND: POST /session/afa7f6ae888d4a81c33b557753f8bf2b/actions - {"actions":[{"id":"action5","type":"key","parameters":{},"actions":[{"type":"keyDown","value":"î€‡"},{"type":"pause","duration":10},{"type":"keyUp","value":"î€‡"}]}]}
RESULT: {"actions":[{"id":"action5","type":"key","parameters":{},"actions":[{"type":"keyDown","value":"î€‡"},{"type":"pause","duration":10},{"type":"keyUp","value":"î€‡"}]}]}
COMMAND: GET /session/afa7f6ae888d4a81c33b557753f8bf2b/screenshot - {}
RESULT: {}
COMMAND: POST /session/afa7f6ae888d4a81c33b557753f8bf2b/element - {"using":"xpath","value":"//td/div/span[contains(text(), \"BGL Vehicles\")]"}
RESULT: {"using":"xpath","value":"//td/div/span[contains(text(), \"BGL Vehicles\")]"}
COMMAND: POST /session/afa7f6ae888d4a81c33b557753f8bf2b/element/f.5D44D27F957A25FA92618EC870C8C5F4.d.1C5E2E54FB9B92907EEBC30E7708A57A.e.1610/click - {}
RESULT: {}
COMMAND: GET /session/afa7f6ae888d4a81c33b557753f8bf2b/screenshot - {}
RESULT: {}
COMMAND: POST /session/afa7f6ae888d4a81c33b557753f8bf2b/element - {"using":"xpath","value":"//bdi[contains(text(), \"OK\")]"}
RESULT: {"using":"xpath","value":"//bdi[contains(text(), \"OK\")]"}
COMMAND: POST /session/afa7f6ae888d4a81c33b557753f8bf2b/element/f.5D44D27F957A25FA92618EC870C8C5F4.d.1C5E2E54FB9B92907EEBC30E7708A57A.e.1611/click - {}
RESULT: {}
COMMAND: GET /session/afa7f6ae888d4a81c33b557753f8bf2b/screenshot - {}
RESULT: {}
COMMAND: POST /session/afa7f6ae888d4a81c33b557753f8bf2b/execute/async - {"script":"<script> [1562 bytes]","args":[{"selector":{"id":"application-manageresources-display-component---newResourceUnit--newRRUPage-anchBar-application-manageresources-display-component---newResourceUnit--resource-anchor","interaction":{"idSuffix":"BDI-content"}},"wdio_ui5_key":"applicationmanageresources-display-component---newResourceUnit--newRRUPage-anchBar-application-manageresources-display-component---newResourceUnit--resource-anchor"}]}
RESULT: {"script":"<script> [1562 bytes]","args":[{"selector":{"id":"application-manageresources-display-component---newResourceUnit--newRRUPage-anchBar-application-manageresources-display-component---newResourceUnit--resource-anchor","interaction":{"idSuffix":"BDI-content"}},"wdio_ui5_key":"applicationmanageresources-display-component---newResourceUnit--newRRUPage-anchBar-application-manageresources-display-component---newResourceUnit--resource-anchor"}]}
RESULT: undefined
COMMAND: POST /session/afa7f6ae888d4a81c33b557753f8bf2b/element - {"using":"xpath","value":"//*[@id=\"application-manageresources-display-component---newResourceUnit--newRRUPage-anchBar-application-manageresources-display-component---newResourceUnit--resource-anchor\"]"}
RESULT: {"using":"xpath","value":"//*[@id=\"application-manageresources-display-component---newResourceUnit--newRRUPage-anchBar-application-manageresources-display-component---newResourceUnit--resource-anchor\"]"}
COMMAND: POST /session/afa7f6ae888d4a81c33b557753f8bf2b/element/f.5D44D27F957A25FA92618EC870C8C5F4.d.1C5E2E54FB9B92907EEBC30E7708A57A.e.1615/click - {}
RESULT: {}
COMMAND: POST /session/afa7f6ae888d4a81c33b557753f8bf2b/execute/async - {"script":"<script> [1562 bytes]","args":[{"selector":{"id":"application-manageresources-display-component---newResourceUnit--PLANNED_DELIVERY_DATE","interaction":{"idSuffix":"inner"}},"wdio_ui5_key":"applicationmanageresources-display-component---newResourceUnit--PLANNED_DELIVERY_DATE"}]}
COMMAND: GET /session/afa7f6ae888d4a81c33b557753f8bf2b/screenshot - {}
RESULT: {"script":"<script> [1562 bytes]","args":[{"selector":{"id":"application-manageresources-display-component---newResourceUnit--PLANNED_DELIVERY_DATE","interaction":{"idSuffix":"inner"}},"wdio_ui5_key":"applicationmanageresources-display-component---newResourceUnit--PLANNED_DELIVERY_DATE"}]}
RESULT: undefined
COMMAND: POST /session/afa7f6ae888d4a81c33b557753f8bf2b/execute/async - {"script":"<script> [6424 bytes]","args":[{"element-6066-11e4-a52e-4f735466cecf":"f.5D44D27F957A25FA92618EC870C8C5F4.d.1C5E2E54FB9B92907EEBC30E7708A57A.e.1447"},"setValue",["6/12/25"]]}
RESULT: {}
RESULT: {"script":"<script> [6424 bytes]","args":[{"element-6066-11e4-a52e-4f735466cecf":"f.5D44D27F957A25FA92618EC870C8C5F4.d.1C5E2E54FB9B92907EEBC30E7708A57A.e.1447"},"setValue",["6/12/25"]]}
COMMAND: POST /session/afa7f6ae888d4a81c33b557753f8bf2b/element - {"using":"xpath","value":"//label[contains(@class, 'sapMLabelRequired') and .//bdi[contains(text(), 'Planned Retirement')]]"}
RESULT: {"using":"xpath","value":"//label[contains(@class, 'sapMLabelRequired') and .//bdi[contains(text(), 'Planned Retirement')]]"}
COMMAND: POST /session/afa7f6ae888d4a81c33b557753f8bf2b/elements - {"using":"xpath","value":"//label[contains(@class, 'sapMLabelRequired') and .//bdi[contains(text(), 'Planned Retirement')]]"}
RESULT: {"using":"xpath","value":"//label[contains(@class, 'sapMLabelRequired') and .//bdi[contains(text(), 'Planned Retirement')]]"}
COMMAND: POST /session/afa7f6ae888d4a81c33b557753f8bf2b/element - {"using":"xpath","value":"//button[@data-kt=\"resourceUnitSaveButton\"]"}
RESULT: {"using":"xpath","value":"//button[@data-kt=\"resourceUnitSaveButton\"]"}
COMMAND: POST /session/afa7f6ae888d4a81c33b557753f8bf2b/element/f.5D44D27F957A25FA92618EC870C8C5F4.d.1C5E2E54FB9B92907EEBC30E7708A57A.e.1407/click - {}
RESULT: {}
COMMAND: GET /session/afa7f6ae888d4a81c33b557753f8bf2b/screenshot - {}
RESULT: {}
COMMAND: POST /session/afa7f6ae888d4a81c33b557753f8bf2b/element - {"using":"xpath","value":"//bdi[contains(text(), \"Close\")]"}
RESULT: {"using":"xpath","value":"//bdi[contains(text(), \"Close\")]"}
COMMAND: POST /session/afa7f6ae888d4a81c33b557753f8bf2b/element/f.5D44D27F957A25FA92618EC870C8C5F4.d.1C5E2E54FB9B92907EEBC30E7708A57A.e.1624/click - {}
RESULT: {}
COMMAND: GET /session/afa7f6ae888d4a81c33b557753f8bf2b/screenshot - {}
RESULT: {}
COMMAND: POST /session/afa7f6ae888d4a81c33b557753f8bf2b/element - {"using":"xpath","value":"(//button[contains(@id ,\"actionsToolbar-overflowButton\")])[1]"}
RESULT: {"using":"xpath","value":"(//button[contains(@id ,\"actionsToolbar-overflowButton\")])[1]"}
COMMAND: POST /session/afa7f6ae888d4a81c33b557753f8bf2b/element/f.5D44D27F957A25FA92618EC870C8C5F4.d.1C5E2E54FB9B92907EEBC30E7708A57A.e.1692/click - {}
RESULT: {}
COMMAND: GET /session/afa7f6ae888d4a81c33b557753f8bf2b/screenshot - {}
RESULT: {}
COMMAND: POST /session/afa7f6ae888d4a81c33b557753f8bf2b/element - {"using":"xpath","value":"//button[@data-kt=\"priceInfoButton\"]"}
RESULT: {"using":"xpath","value":"//button[@data-kt=\"priceInfoButton\"]"}
COMMAND: POST /session/afa7f6ae888d4a81c33b557753f8bf2b/element/f.5D44D27F957A25FA92618EC870C8C5F4.d.1C5E2E54FB9B92907EEBC30E7708A57A.e.1694/click - {}
RESULT: {}
COMMAND: GET /session/afa7f6ae888d4a81c33b557753f8bf2b/screenshot - {}
RESULT: {}
COMMAND: POST /session/afa7f6ae888d4a81c33b557753f8bf2b/element - {"using":"css selector","value":"#shell-header-logo"}
RESULT: {"using":"css selector","value":"#shell-header-logo"}
COMMAND: POST /session/afa7f6ae888d4a81c33b557753f8bf2b/element/f.5D44D27F957A25FA92618EC870C8C5F4.d.1C5E2E54FB9B92907EEBC30E7708A57A.e.1005/click - {}
RESULT: {}
]]></system-out>
    </testcase>
    <testcase classname="chrome.137_0_7151_69.windows.Create_condition_pricing_US117289_US134625" name="Should create new condition" time="67.77">
      <system-out><![CDATA[
COMMAND: POST /session/afa7f6ae888d4a81c33b557753f8bf2b/execute/async - {"script":"<script> [1562 bytes]","args":[{"selector":{"controlType":"sap.m.GenericTile","properties":{"header":"Manage Conditions & Prices"}},"wdio_ui5_key":"sapm.GenericTile{\"header\":\"Manage Conditions & Prices\"}"}]}
COMMAND: GET /session/afa7f6ae888d4a81c33b557753f8bf2b/screenshot - {}
RESULT: {"script":"<script> [1562 bytes]","args":[{"selector":{"controlType":"sap.m.GenericTile","properties":{"header":"Manage Conditions & Prices"}},"wdio_ui5_key":"sapm.GenericTile{\"header\":\"Manage Conditions & Prices\"}"}]}
RESULT: undefined
COMMAND: POST /session/afa7f6ae888d4a81c33b557753f8bf2b/element - {"using":"xpath","value":"//*[@id=\"__tile55\"]"}
RESULT: {}
RESULT: {"using":"xpath","value":"//*[@id=\"__tile55\"]"}
COMMAND: POST /session/afa7f6ae888d4a81c33b557753f8bf2b/element/f.5D44D27F957A25FA92618EC870C8C5F4.d.1C5E2E54FB9B92907EEBC30E7708A57A.e.215/click - {}
RESULT: {}
COMMAND: GET /session/afa7f6ae888d4a81c33b557753f8bf2b/screenshot - {}
RESULT: {}
COMMAND: POST /session/afa7f6ae888d4a81c33b557753f8bf2b/elements - {"using":"xpath","value":"//span[text()='Error']"}
RESULT: {"using":"xpath","value":"//span[text()='Error']"}
COMMAND: POST /session/afa7f6ae888d4a81c33b557753f8bf2b/element - {"using":"xpath","value":"//button[@aria-label=\"Create\"]"}
RESULT: {"using":"xpath","value":"//button[@aria-label=\"Create\"]"}
COMMAND: POST /session/afa7f6ae888d4a81c33b557753f8bf2b/elements - {"using":"xpath","value":"//button[@aria-label=\"Create\"]"}
RESULT: {"using":"xpath","value":"//button[@aria-label=\"Create\"]"}
COMMAND: POST /session/afa7f6ae888d4a81c33b557753f8bf2b/execute/sync - {"script":"<script> [8489 bytes]","args":[{"element-6066-11e4-a52e-4f735466cecf":"f.5D44D27F957A25FA92618EC870C8C5F4.d.1C5E2E54FB9B92907EEBC30E7708A57A.e.1731","ELEMENT":"f.5D44D27F957A25FA92618EC870C8C5F4.d.1C5E2E54FB9B92907EEBC30E7708A57A.e.1731"}]}
RESULT: {"script":"<script> [8489 bytes]","args":[{"element-6066-11e4-a52e-4f735466cecf":"f.5D44D27F957A25FA92618EC870C8C5F4.d.1C5E2E54FB9B92907EEBC30E7708A57A.e.1731","ELEMENT":"f.5D44D27F957A25FA92618EC870C8C5F4.d.1C5E2E54FB9B92907EEBC30E7708A57A.e.1731"}]}
COMMAND: GET /session/afa7f6ae888d4a81c33b557753f8bf2b/element/f.5D44D27F957A25FA92618EC870C8C5F4.d.1C5E2E54FB9B92907EEBC30E7708A57A.e.1731/enabled - {}
COMMAND: GET /session/afa7f6ae888d4a81c33b557753f8bf2b/screenshot - {}
RESULT: {}
COMMAND: POST /session/afa7f6ae888d4a81c33b557753f8bf2b/execute/sync - {"script":"<script> [8489 bytes]","args":[{"element-6066-11e4-a52e-4f735466cecf":"f.5D44D27F957A25FA92618EC870C8C5F4.d.1C5E2E54FB9B92907EEBC30E7708A57A.e.1731","ELEMENT":"f.5D44D27F957A25FA92618EC870C8C5F4.d.1C5E2E54FB9B92907EEBC30E7708A57A.e.1731"}]}
COMMAND: GET /session/afa7f6ae888d4a81c33b557753f8bf2b/screenshot - {}
RESULT: {}
RESULT: {"script":"<script> [8489 bytes]","args":[{"element-6066-11e4-a52e-4f735466cecf":"f.5D44D27F957A25FA92618EC870C8C5F4.d.1C5E2E54FB9B92907EEBC30E7708A57A.e.1731","ELEMENT":"f.5D44D27F957A25FA92618EC870C8C5F4.d.1C5E2E54FB9B92907EEBC30E7708A57A.e.1731"}]}
COMMAND: POST /session/afa7f6ae888d4a81c33b557753f8bf2b/execute/sync - {"script":"<script> [5351 bytes]","args":[{"element-6066-11e4-a52e-4f735466cecf":"f.5D44D27F957A25FA92618EC870C8C5F4.d.1C5E2E54FB9B92907EEBC30E7708A57A.e.1731","ELEMENT":"f.5D44D27F957A25FA92618EC870C8C5F4.d.1C5E2E54FB9B92907EEBC30E7708A57A.e.1731"}]}
COMMAND: GET /session/afa7f6ae888d4a81c33b557753f8bf2b/screenshot - {}
RESULT: {}
RESULT: {"script":"<script> [5351 bytes]","args":[{"element-6066-11e4-a52e-4f735466cecf":"f.5D44D27F957A25FA92618EC870C8C5F4.d.1C5E2E54FB9B92907EEBC30E7708A57A.e.1731","ELEMENT":"f.5D44D27F957A25FA92618EC870C8C5F4.d.1C5E2E54FB9B92907EEBC30E7708A57A.e.1731"}]}
COMMAND: POST /session/afa7f6ae888d4a81c33b557753f8bf2b/element/f.5D44D27F957A25FA92618EC870C8C5F4.d.1C5E2E54FB9B92907EEBC30E7708A57A.e.1731/click - {}
COMMAND: GET /session/afa7f6ae888d4a81c33b557753f8bf2b/screenshot - {}
RESULT: {}
RESULT: {}
COMMAND: GET /session/afa7f6ae888d4a81c33b557753f8bf2b/screenshot - {}
RESULT: {}
RESULT: {}
COMMAND: POST /session/afa7f6ae888d4a81c33b557753f8bf2b/actions - {"actions":[{"id":"action6","type":"key","parameters":{},"actions":[{"type":"keyDown","value":"î€‡"},{"type":"pause","duration":10},{"type":"keyUp","value":"î€‡"}]}]}
RESULT: {"actions":[{"id":"action6","type":"key","parameters":{},"actions":[{"type":"keyDown","value":"î€‡"},{"type":"pause","duration":10},{"type":"keyUp","value":"î€‡"}]}]}
COMMAND: GET /session/afa7f6ae888d4a81c33b557753f8bf2b/screenshot - {}
RESULT: {}
COMMAND: POST /session/afa7f6ae888d4a81c33b557753f8bf2b/execute/async - {"script":"<script> [1562 bytes]","args":[{"selector":{"id":"application-manageconditionprice-display-component---newCondition--condBillCond-arrow"},"wdio_ui5_key":"applicationmanageconditionprice-display-component---newCondition--condBillCond-arrow"}]}
RESULT: {"script":"<script> [1562 bytes]","args":[{"selector":{"id":"application-manageconditionprice-display-component---newCondition--condBillCond-arrow"},"wdio_ui5_key":"applicationmanageconditionprice-display-component---newCondition--condBillCond-arrow"}]}
RESULT: undefined
COMMAND: POST /session/afa7f6ae888d4a81c33b557753f8bf2b/element - {"using":"xpath","value":"//*[@id=\"application-manageconditionprice-display-component---newCondition--condBillCond-arrow\"]"}
RESULT: {"using":"xpath","value":"//*[@id=\"application-manageconditionprice-display-component---newCondition--condBillCond-arrow\"]"}
COMMAND: POST /session/afa7f6ae888d4a81c33b557753f8bf2b/element/f.5D44D27F957A25FA92618EC870C8C5F4.d.1C5E2E54FB9B92907EEBC30E7708A57A.e.1907/click - {}
RESULT: {}
COMMAND: GET /session/afa7f6ae888d4a81c33b557753f8bf2b/screenshot - {}
RESULT: {}
COMMAND: POST /session/afa7f6ae888d4a81c33b557753f8bf2b/element - {"using":"xpath","value":"//li[.//span[contains(text(), \"SAPR - Sales price\")]]"}
RESULT: {"using":"xpath","value":"//li[.//span[contains(text(), \"SAPR - Sales price\")]]"}
COMMAND: POST /session/afa7f6ae888d4a81c33b557753f8bf2b/element/f.5D44D27F957A25FA92618EC870C8C5F4.d.1C5E2E54FB9B92907EEBC30E7708A57A.e.1910/click - {}
RESULT: {}
COMMAND: GET /session/afa7f6ae888d4a81c33b557753f8bf2b/screenshot - {}
RESULT: {}
COMMAND: POST /session/afa7f6ae888d4a81c33b557753f8bf2b/execute/async - {"script":"<script> [1562 bytes]","args":[{"selector":{"id":"application-manageconditionprice-display-component---newCondition--condValidTo","interaction":{"idSuffix":"inner"}},"wdio_ui5_key":"applicationmanageconditionprice-display-component---newCondition--condValidTo"}]}
RESULT: {"script":"<script> [1562 bytes]","args":[{"selector":{"id":"application-manageconditionprice-display-component---newCondition--condValidTo","interaction":{"idSuffix":"inner"}},"wdio_ui5_key":"applicationmanageconditionprice-display-component---newCondition--condValidTo"}]}
RESULT: undefined
COMMAND: POST /session/afa7f6ae888d4a81c33b557753f8bf2b/execute/async - {"script":"<script> [776 bytes]","args":[{"enterText":"2/12/26","selector":{"id":"application-manageconditionprice-display-component---newCondition--condValidTo","interaction":{"idSuffix":"inner"}},"clearTextFirst":true,"interactionType":"ENTER_TEXT"}]}
RESULT: {"script":"<script> [776 bytes]","args":[{"enterText":"2/12/26","selector":{"id":"application-manageconditionprice-display-component---newCondition--condValidTo","interaction":{"idSuffix":"inner"}},"clearTextFirst":true,"interactionType":"ENTER_TEXT"}]}
COMMAND: POST /session/afa7f6ae888d4a81c33b557753f8bf2b/element - {"using":"xpath","value":"//input[@id=\"application-manageconditionprice-display-component---newCondition--condRU-inner\"]"}
RESULT: {"using":"xpath","value":"//input[@id=\"application-manageconditionprice-display-component---newCondition--condRU-inner\"]"}
COMMAND: POST /session/afa7f6ae888d4a81c33b557753f8bf2b/element/f.5D44D27F957A25FA92618EC870C8C5F4.d.1C5E2E54FB9B92907EEBC30E7708A57A.e.1773/clear - {}
RESULT: {}
COMMAND: POST /session/afa7f6ae888d4a81c33b557753f8bf2b/element/f.5D44D27F957A25FA92618EC870C8C5F4.d.1C5E2E54FB9B92907EEBC30E7708A57A.e.1773/value - {"text":"Qj4pgWKGMi"}
COMMAND: GET /session/afa7f6ae888d4a81c33b557753f8bf2b/screenshot - {}
RESULT: {"text":"Qj4pgWKGMi"}
COMMAND: GET /session/afa7f6ae888d4a81c33b557753f8bf2b/screenshot - {}
RESULT: {}
RESULT: {}
COMMAND: POST /session/afa7f6ae888d4a81c33b557753f8bf2b/actions - {"actions":[{"id":"action7","type":"key","parameters":{},"actions":[{"type":"keyDown","value":"î€‡"},{"type":"pause","duration":10},{"type":"keyUp","value":"î€‡"}]}]}
RESULT: {"actions":[{"id":"action7","type":"key","parameters":{},"actions":[{"type":"keyDown","value":"î€‡"},{"type":"pause","duration":10},{"type":"keyUp","value":"î€‡"}]}]}
COMMAND: POST /session/afa7f6ae888d4a81c33b557753f8bf2b/execute/async - {"script":"<script> [1562 bytes]","args":[{"selector":{"id":"application-manageconditionprice-display-component---newCondition--condBaseQty","interaction":{"idSuffix":"inner"}},"wdio_ui5_key":"applicationmanageconditionprice-display-component---newCondition--condBaseQty"}]}
COMMAND: GET /session/afa7f6ae888d4a81c33b557753f8bf2b/screenshot - {}
RESULT: {"script":"<script> [1562 bytes]","args":[{"selector":{"id":"application-manageconditionprice-display-component---newCondition--condBaseQty","interaction":{"idSuffix":"inner"}},"wdio_ui5_key":"applicationmanageconditionprice-display-component---newCondition--condBaseQty"}]}
RESULT: undefined
COMMAND: POST /session/afa7f6ae888d4a81c33b557753f8bf2b/execute/async - {"script":"<script> [776 bytes]","args":[{"enterText":"1","selector":{"id":"application-manageconditionprice-display-component---newCondition--condBaseQty","interaction":{"idSuffix":"inner"}},"clearTextFirst":true,"interactionType":"ENTER_TEXT"}]}
RESULT: {}
RESULT: {"script":"<script> [776 bytes]","args":[{"enterText":"1","selector":{"id":"application-manageconditionprice-display-component---newCondition--condBaseQty","interaction":{"idSuffix":"inner"}},"clearTextFirst":true,"interactionType":"ENTER_TEXT"}]}
COMMAND: POST /session/afa7f6ae888d4a81c33b557753f8bf2b/execute/async - {"script":"<script> [1562 bytes]","args":[{"selector":{"id":"application-manageconditionprice-display-component---newCondition--condValue","interaction":{"idSuffix":"inner"}},"wdio_ui5_key":"applicationmanageconditionprice-display-component---newCondition--condValue"}]}
RESULT: {"script":"<script> [1562 bytes]","args":[{"selector":{"id":"application-manageconditionprice-display-component---newCondition--condValue","interaction":{"idSuffix":"inner"}},"wdio_ui5_key":"applicationmanageconditionprice-display-component---newCondition--condValue"}]}
RESULT: undefined
COMMAND: POST /session/afa7f6ae888d4a81c33b557753f8bf2b/execute/async - {"script":"<script> [776 bytes]","args":[{"enterText":"200","selector":{"id":"application-manageconditionprice-display-component---newCondition--condValue","interaction":{"idSuffix":"inner"}},"clearTextFirst":true,"interactionType":"ENTER_TEXT"}]}
RESULT: {"script":"<script> [776 bytes]","args":[{"enterText":"200","selector":{"id":"application-manageconditionprice-display-component---newCondition--condValue","interaction":{"idSuffix":"inner"}},"clearTextFirst":true,"interactionType":"ENTER_TEXT"}]}
COMMAND: POST /session/afa7f6ae888d4a81c33b557753f8bf2b/execute/async - {"script":"<script> [1562 bytes]","args":[{"selector":{"id":"application-manageconditionprice-display-component---newCondition--condCurr-arrow"},"wdio_ui5_key":"applicationmanageconditionprice-display-component---newCondition--condCurr-arrow"}]}
RESULT: {"script":"<script> [1562 bytes]","args":[{"selector":{"id":"application-manageconditionprice-display-component---newCondition--condCurr-arrow"},"wdio_ui5_key":"applicationmanageconditionprice-display-component---newCondition--condCurr-arrow"}]}
RESULT: undefined
COMMAND: POST /session/afa7f6ae888d4a81c33b557753f8bf2b/element - {"using":"xpath","value":"//*[@id=\"application-manageconditionprice-display-component---newCondition--condCurr-arrow\"]"}
RESULT: {"using":"xpath","value":"//*[@id=\"application-manageconditionprice-display-component---newCondition--condCurr-arrow\"]"}
COMMAND: POST /session/afa7f6ae888d4a81c33b557753f8bf2b/element/f.5D44D27F957A25FA92618EC870C8C5F4.d.1C5E2E54FB9B92907EEBC30E7708A57A.e.1872/click - {}
RESULT: {}
COMMAND: POST /session/afa7f6ae888d4a81c33b557753f8bf2b/element - {"using":"xpath","value":"//span[contains(text(), \"Euro\")]"}
COMMAND: GET /session/afa7f6ae888d4a81c33b557753f8bf2b/screenshot - {}
RESULT: {}
RESULT: {"using":"xpath","value":"//span[contains(text(), \"Euro\")]"}
COMMAND: POST /session/afa7f6ae888d4a81c33b557753f8bf2b/element/f.5D44D27F957A25FA92618EC870C8C5F4.d.1C5E2E54FB9B92907EEBC30E7708A57A.e.1948/click - {}
RESULT: {}
COMMAND: POST /session/afa7f6ae888d4a81c33b557753f8bf2b/element - {"using":"xpath","value":"//button[@data-kt=\"saveButton\"]"}
COMMAND: GET /session/afa7f6ae888d4a81c33b557753f8bf2b/screenshot - {}
RESULT: {"using":"xpath","value":"//button[@data-kt=\"saveButton\"]"}
COMMAND: POST /session/afa7f6ae888d4a81c33b557753f8bf2b/element/f.5D44D27F957A25FA92618EC870C8C5F4.d.1C5E2E54FB9B92907EEBC30E7708A57A.e.1873/click - {}
RESULT: {}
RESULT: {}
COMMAND: GET /session/afa7f6ae888d4a81c33b557753f8bf2b/screenshot - {}
RESULT: {}
COMMAND: POST /session/afa7f6ae888d4a81c33b557753f8bf2b/execute/async - {"script":"<script> [1562 bytes]","args":[{"selector":{"id":"application-manageconditionprice-display-component---conditions--smartFilterBar-btnBasicSearch","interaction":{"idSuffix":"I"}},"wdio_ui5_key":"applicationmanageconditionprice-display-component---conditions--smartFilterBar-btnBasicSearch"}]}
RESULT: {"script":"<script> [1562 bytes]","args":[{"selector":{"id":"application-manageconditionprice-display-component---conditions--smartFilterBar-btnBasicSearch","interaction":{"idSuffix":"I"}},"wdio_ui5_key":"applicationmanageconditionprice-display-component---conditions--smartFilterBar-btnBasicSearch"}]}
RESULT: undefined
COMMAND: POST /session/afa7f6ae888d4a81c33b557753f8bf2b/execute/async - {"script":"<script> [776 bytes]","args":[{"enterText":"Qj4pgWKGMi","selector":{"id":"application-manageconditionprice-display-component---conditions--smartFilterBar-btnBasicSearch","interaction":{"idSuffix":"I"}},"clearTextFirst":true,"interactionType":"ENTER_TEXT"}]}
RESULT: {"script":"<script> [776 bytes]","args":[{"enterText":"Qj4pgWKGMi","selector":{"id":"application-manageconditionprice-display-component---conditions--smartFilterBar-btnBasicSearch","interaction":{"idSuffix":"I"}},"clearTextFirst":true,"interactionType":"ENTER_TEXT"}]}
COMMAND: POST /session/afa7f6ae888d4a81c33b557753f8bf2b/actions - {"actions":[{"id":"action8","type":"key","parameters":{},"actions":[{"type":"keyDown","value":"î€‡"},{"type":"pause","duration":10},{"type":"keyUp","value":"î€‡"}]}]}
RESULT: {"actions":[{"id":"action8","type":"key","parameters":{},"actions":[{"type":"keyDown","value":"î€‡"},{"type":"pause","duration":10},{"type":"keyUp","value":"î€‡"}]}]}
COMMAND: GET /session/afa7f6ae888d4a81c33b557753f8bf2b/screenshot - {}
RESULT: {}
COMMAND: POST /session/afa7f6ae888d4a81c33b557753f8bf2b/execute/async - {"script":"<script> [1562 bytes]","args":[{"selector":{"id":"application-manageconditionprice-display-component---conditions--smartFilterBar-filterItemControl_BASIC-BILL_TYPES-vhi"},"wdio_ui5_key":"applicationmanageconditionprice-display-component---conditions--smartFilterBar-filterItemControl_BASIC-BILL_TYPES-vhi"}]}
RESULT: {"script":"<script> [1562 bytes]","args":[{"selector":{"id":"application-manageconditionprice-display-component---conditions--smartFilterBar-filterItemControl_BASIC-BILL_TYPES-vhi"},"wdio_ui5_key":"applicationmanageconditionprice-display-component---conditions--smartFilterBar-filterItemControl_BASIC-BILL_TYPES-vhi"}]}
RESULT: undefined
COMMAND: POST /session/afa7f6ae888d4a81c33b557753f8bf2b/element - {"using":"xpath","value":"//*[@id=\"application-manageconditionprice-display-component---conditions--smartFilterBar-filterItemControl_BASIC-BILL_TYPES-vhi\"]"}
RESULT: {"using":"xpath","value":"//*[@id=\"application-manageconditionprice-display-component---conditions--smartFilterBar-filterItemControl_BASIC-BILL_TYPES-vhi\"]"}
COMMAND: POST /session/afa7f6ae888d4a81c33b557753f8bf2b/element/f.5D44D27F957A25FA92618EC870C8C5F4.d.1C5E2E54FB9B92907EEBC30E7708A57A.e.1965/click - {}
RESULT: {}
COMMAND: POST /session/afa7f6ae888d4a81c33b557753f8bf2b/execute/async - {"script":"<script> [1562 bytes]","args":[{"selector":{"id":"application-manageconditionprice-display-component---conditions--smartFilterBar-filterItemControl_BASIC-BILL_TYPES-valueHelpDialog-smartFilterBar-btnBasicSearch","searchOpenDialogs":true,"interaction":{"idSuffix":"I"}},"wdio_ui5_key":"applicationmanageconditionprice-display-component---conditions--smartFilterBar-filterItemControl_BASIC-BILL_TYPES-valueHelpDialog-smartFilterBar-btnBasicSearch"}]}
COMMAND: GET /session/afa7f6ae888d4a81c33b557753f8bf2b/screenshot - {}
RESULT: {"script":"<script> [1562 bytes]","args":[{"selector":{"id":"application-manageconditionprice-display-component---conditions--smartFilterBar-filterItemControl_BASIC-BILL_TYPES-valueHelpDialog-smartFilterBar-btnBasicSearch","searchOpenDialogs":true,"interaction":{"idSuffix":"I"}},"wdio_ui5_key":"applicationmanageconditionprice-display-component---conditions--smartFilterBar-filterItemControl_BASIC-BILL_TYPES-valueHelpDialog-smartFilterBar-btnBasicSearch"}]}
RESULT: undefined
COMMAND: POST /session/afa7f6ae888d4a81c33b557753f8bf2b/execute/async - {"script":"<script> [776 bytes]","args":[{"enterText":"one","selector":{"id":"application-manageconditionprice-display-component---conditions--smartFilterBar-filterItemControl_BASIC-BILL_TYPES-valueHelpDialog-smartFilterBar-btnBasicSearch","searchOpenDialogs":true,"interaction":{"idSuffix":"I"}},"clearTextFirst":true,"interactionType":"ENTER_TEXT"}]}
RESULT: {}
RESULT: {"script":"<script> [776 bytes]","args":[{"enterText":"one","selector":{"id":"application-manageconditionprice-display-component---conditions--smartFilterBar-filterItemControl_BASIC-BILL_TYPES-valueHelpDialog-smartFilterBar-btnBasicSearch","searchOpenDialogs":true,"interaction":{"idSuffix":"I"}},"clearTextFirst":true,"interactionType":"ENTER_TEXT"}]}
COMMAND: POST /session/afa7f6ae888d4a81c33b557753f8bf2b/actions - {"actions":[{"id":"action9","type":"key","parameters":{},"actions":[{"type":"keyDown","value":"î€‡"},{"type":"pause","duration":10},{"type":"keyUp","value":"î€‡"}]}]}
RESULT: {"actions":[{"id":"action9","type":"key","parameters":{},"actions":[{"type":"keyDown","value":"î€‡"},{"type":"pause","duration":10},{"type":"keyUp","value":"î€‡"}]}]}
COMMAND: GET /session/afa7f6ae888d4a81c33b557753f8bf2b/screenshot - {}
RESULT: {}
COMMAND: POST /session/afa7f6ae888d4a81c33b557753f8bf2b/element - {"using":"xpath","value":"//div[contains(@id, 'application-manageconditionprice-display-component---conditions--smartFilterBar-filterItemControl_BASIC-BILL_TYPES-valueHelpDialog-table-rowsel0')]"}
RESULT: {"using":"xpath","value":"//div[contains(@id, 'application-manageconditionprice-display-component---conditions--smartFilterBar-filterItemControl_BASIC-BILL_TYPES-valueHelpDialog-table-rowsel0')]"}
COMMAND: POST /session/afa7f6ae888d4a81c33b557753f8bf2b/element/f.5D44D27F957A25FA92618EC870C8C5F4.d.1C5E2E54FB9B92907EEBC30E7708A57A.e.1974/click - {}
RESULT: {}
COMMAND: GET /session/afa7f6ae888d4a81c33b557753f8bf2b/screenshot - {}
RESULT: {}
COMMAND: POST /session/afa7f6ae888d4a81c33b557753f8bf2b/element - {"using":"xpath","value":"//bdi[contains(text(), \"OK\")]"}
RESULT: {"using":"xpath","value":"//bdi[contains(text(), \"OK\")]"}
COMMAND: POST /session/afa7f6ae888d4a81c33b557753f8bf2b/element/f.5D44D27F957A25FA92618EC870C8C5F4.d.1C5E2E54FB9B92907EEBC30E7708A57A.e.1976/click - {}
RESULT: {}
COMMAND: GET /session/afa7f6ae888d4a81c33b557753f8bf2b/screenshot - {}
RESULT: {}
COMMAND: POST /session/afa7f6ae888d4a81c33b557753f8bf2b/element - {"using":"xpath","value":"//span[@id=\"application-manageconditionprice-display-component---conditions--smartTable-header-inner\"]"}
RESULT: {"using":"xpath","value":"//span[@id=\"application-manageconditionprice-display-component---conditions--smartTable-header-inner\"]"}
COMMAND: POST /session/afa7f6ae888d4a81c33b557753f8bf2b/elements - {"using":"xpath","value":"//span[@id=\"application-manageconditionprice-display-component---conditions--smartTable-header-inner\"]"}
RESULT: {"using":"xpath","value":"//span[@id=\"application-manageconditionprice-display-component---conditions--smartTable-header-inner\"]"}
COMMAND: POST /session/afa7f6ae888d4a81c33b557753f8bf2b/execute/sync - {"script":"<script> [56 bytes]","args":[{"element-6066-11e4-a52e-4f735466cecf":"f.5D44D27F957A25FA92618EC870C8C5F4.d.1C5E2E54FB9B92907EEBC30E7708A57A.e.1979","ELEMENT":"f.5D44D27F957A25FA92618EC870C8C5F4.d.1C5E2E54FB9B92907EEBC30E7708A57A.e.1979"}]}
RESULT: {"script":"<script> [56 bytes]","args":[{"element-6066-11e4-a52e-4f735466cecf":"f.5D44D27F957A25FA92618EC870C8C5F4.d.1C5E2E54FB9B92907EEBC30E7708A57A.e.1979","ELEMENT":"f.5D44D27F957A25FA92618EC870C8C5F4.d.1C5E2E54FB9B92907EEBC30E7708A57A.e.1979"}]}
COMMAND: POST /session/afa7f6ae888d4a81c33b557753f8bf2b/element - {"using":"css selector","value":"#shell-header-logo"}
COMMAND: GET /session/afa7f6ae888d4a81c33b557753f8bf2b/screenshot - {}
RESULT: {"using":"css selector","value":"#shell-header-logo"}
COMMAND: POST /session/afa7f6ae888d4a81c33b557753f8bf2b/element/f.5D44D27F957A25FA92618EC870C8C5F4.d.1C5E2E54FB9B92907EEBC30E7708A57A.e.1699/click - {}
RESULT: {}
RESULT: {}
COMMAND: GET /session/afa7f6ae888d4a81c33b557753f8bf2b/screenshot - {}
RESULT: {}
COMMAND: POST /session/afa7f6ae888d4a81c33b557753f8bf2b/element - {"using":"css selector","value":"#j_username"}
COMMAND: POST /session/afa7f6ae888d4a81c33b557753f8bf2b/url - {"url":"https://qa-testing-00-live-etm-ui.cfapps.eu10-004.hana.ondemand.com/"}
RESULT: {"using":"css selector","value":"#j_username"}
COMMAND: POST /session/afa7f6ae888d4a81c33b557753f8bf2b/element - {"using":"css selector","value":"#j_username"}
RESULT: {"url":"https://qa-testing-00-live-etm-ui.cfapps.eu10-004.hana.ondemand.com/"}
RESULT: undefined
COMMAND: GET /session/afa7f6ae888d4a81c33b557753f8bf2b/screenshot - {}
RESULT: {"using":"css selector","value":"#j_username"}
COMMAND: POST /session/afa7f6ae888d4a81c33b557753f8bf2b/element - {"using":"css selector","value":"#shell-header-logo"}
RESULT: {}
RESULT: {"using":"css selector","value":"#shell-header-logo"}
COMMAND: POST /session/afa7f6ae888d4a81c33b557753f8bf2b/execute/sync - {"script":"<script> [8489 bytes]","args":[{"element-6066-11e4-a52e-4f735466cecf":"f.5D44D27F957A25FA92618EC870C8C5F4.d.FD0EB114EED3C09934A2066BCECC63E1.e.1994","ELEMENT":"f.5D44D27F957A25FA92618EC870C8C5F4.d.FD0EB114EED3C09934A2066BCECC63E1.e.1994"}]}
RESULT: {"script":"<script> [8489 bytes]","args":[{"element-6066-11e4-a52e-4f735466cecf":"f.5D44D27F957A25FA92618EC870C8C5F4.d.FD0EB114EED3C09934A2066BCECC63E1.e.1994","ELEMENT":"f.5D44D27F957A25FA92618EC870C8C5F4.d.FD0EB114EED3C09934A2066BCECC63E1.e.1994"}]}
COMMAND: POST /session/afa7f6ae888d4a81c33b557753f8bf2b/element - {"using":"css selector","value":"#shell-header-logo"}
COMMAND: GET /session/afa7f6ae888d4a81c33b557753f8bf2b/screenshot - {}
RESULT: {"using":"css selector","value":"#shell-header-logo"}
COMMAND: POST /session/afa7f6ae888d4a81c33b557753f8bf2b/execute/sync - {"script":"<script> [8489 bytes]","args":[{"element-6066-11e4-a52e-4f735466cecf":"f.5D44D27F957A25FA92618EC870C8C5F4.d.FD0EB114EED3C09934A2066BCECC63E1.e.1994","ELEMENT":"f.5D44D27F957A25FA92618EC870C8C5F4.d.FD0EB114EED3C09934A2066BCECC63E1.e.1994"}]}
RESULT: {}
RESULT: {"script":"<script> [8489 bytes]","args":[{"element-6066-11e4-a52e-4f735466cecf":"f.5D44D27F957A25FA92618EC870C8C5F4.d.FD0EB114EED3C09934A2066BCECC63E1.e.1994","ELEMENT":"f.5D44D27F957A25FA92618EC870C8C5F4.d.FD0EB114EED3C09934A2066BCECC63E1.e.1994"}]}
COMMAND: POST /session/afa7f6ae888d4a81c33b557753f8bf2b/execute/sync - {"script":"<script> [5351 bytes]","args":[{"element-6066-11e4-a52e-4f735466cecf":"f.5D44D27F957A25FA92618EC870C8C5F4.d.FD0EB114EED3C09934A2066BCECC63E1.e.1994","ELEMENT":"f.5D44D27F957A25FA92618EC870C8C5F4.d.FD0EB114EED3C09934A2066BCECC63E1.e.1994"}]}
COMMAND: GET /session/afa7f6ae888d4a81c33b557753f8bf2b/screenshot - {}
RESULT: {"script":"<script> [5351 bytes]","args":[{"element-6066-11e4-a52e-4f735466cecf":"f.5D44D27F957A25FA92618EC870C8C5F4.d.FD0EB114EED3C09934A2066BCECC63E1.e.1994","ELEMENT":"f.5D44D27F957A25FA92618EC870C8C5F4.d.FD0EB114EED3C09934A2066BCECC63E1.e.1994"}]}
COMMAND: POST /session/afa7f6ae888d4a81c33b557753f8bf2b/element - {"using":"css selector","value":"#shell-header-logo"}
COMMAND: GET /session/afa7f6ae888d4a81c33b557753f8bf2b/screenshot - {}
RESULT: {}
RESULT: {"using":"css selector","value":"#shell-header-logo"}
COMMAND: POST /session/afa7f6ae888d4a81c33b557753f8bf2b/element/f.5D44D27F957A25FA92618EC870C8C5F4.d.FD0EB114EED3C09934A2066BCECC63E1.e.1994/click - {}
RESULT: {}
RESULT: {}
COMMAND: GET /session/afa7f6ae888d4a81c33b557753f8bf2b/screenshot - {}
RESULT: {}
COMMAND: POST /session/afa7f6ae888d4a81c33b557753f8bf2b/execute/async - {"script":"<script> [189 bytes]","args":[]}
RESULT: {"script":"<script> [189 bytes]","args":[]}
COMMAND: POST /session/afa7f6ae888d4a81c33b557753f8bf2b/execute/async - {"script":"<script> [123 bytes]","args":[]}
RESULT: {"script":"<script> [123 bytes]","args":[]}
COMMAND: POST /session/afa7f6ae888d4a81c33b557753f8bf2b/timeouts - {"script":"<number>"}
RESULT: {"script":"<number>"}
COMMAND: GET /session/afa7f6ae888d4a81c33b557753f8bf2b/timeouts - {}
RESULT: {}
RESULT: undefined
COMMAND: POST /session/afa7f6ae888d4a81c33b557753f8bf2b/execute/async - {"script":"<script> [2676 bytes]","args":[]}
RESULT: {"script":"<script> [2676 bytes]","args":[]}
COMMAND: POST /session/afa7f6ae888d4a81c33b557753f8bf2b/execute/async - {"script":"<script> [2342 bytes]","args":[{"protocol":"http","hostname":"0.0.0.0","path":"/","capabilities":{"browserName":"chrome","goog:chromeOptions":{"binary":"C:\\Program Files\\Google\\Chrome\\Application\\chrome.exe","args":["--start-maximized"]}},"logLevel":"warn","connectionRetryTimeout":120000,"connectionRetryCount":3,"logLevels":{},"enableDirectConnect":true,"strictSSL":true,"_":"65 more keys: [\"cacheDir\",\"port\",\"requestedCapabilities\",\"automationProtocol\",\"baseUrl\",\"waitforInterval\",\"waitforTimeout\",\"onReload\",\"beforeCommand\",\"afterCommand\",\"rootDir\",\"specs\",\"suites\",\"exclude\",\"groupLogsByTestSpec\",\"excludeDriverLogs\",\"bail\",\"framework\",\"reporters\",\"services\",\"maxInstances\",\"maxInstancesPerCapability\",\"injectGlobals\",\"filesToWatch\",\"execArgv\",\"runnerEnv\",\"runner\",\"shard\",\"specFileRetries\",\"specFileRetriesDelay\",\"specFileRetriesDeferred\",\"reporterSyncInterval\",\"reporterSyncTimeout\",\"cucumberFeaturesWithLineNumbers\",\"autoCompileOpts\",\"mochaOpts\",\"jasmineOpts\",\"cucumberOpts\",\"onPrepare\",\"onWorkerStart\",\"onWorkerEnd\",\"before\",\"beforeSession\",\"beforeSuite\",\"beforeHook\",\"beforeTest\",\"afterTest\",\"afterHook\",\"afterSuite\",\"afterSession\",\"after\",\"onComplete\",\"beforeAssertion\",\"afterAssertion\",\"beforeFeature\",\"beforeScenario\",\"beforeStep\",\"afterStep\",\"afterScenario\",\"afterFeature\",\"_\",\"suite\",\"$0\",\"ignoredWorkerServices\",\"wdi5\"]"}]}
RESULT: {"script":"<script> [2342 bytes]","args":[{"protocol":"http","hostname":"0.0.0.0","path":"/","capabilities":{"browserName":"chrome","goog:chromeOptions":{"binary":"C:\\Program Files\\Google\\Chrome\\Application\\chrome.exe","args":["--start-maximized"]}},"logLevel":"warn","connectionRetryTimeout":120000,"connectionRetryCount":3,"logLevels":{},"enableDirectConnect":true,"strictSSL":true,"_":"65 more keys: [\"cacheDir\",\"port\",\"requestedCapabilities\",\"automationProtocol\",\"baseUrl\",\"waitforInterval\",\"waitforTimeout\",\"onReload\",\"beforeCommand\",\"afterCommand\",\"rootDir\",\"specs\",\"suites\",\"exclude\",\"groupLogsByTestSpec\",\"excludeDriverLogs\",\"bail\",\"framework\",\"reporters\",\"services\",\"maxInstances\",\"maxInstancesPerCapability\",\"injectGlobals\",\"filesToWatch\",\"execArgv\",\"runnerEnv\",\"runner\",\"shard\",\"specFileRetries\",\"specFileRetriesDelay\",\"specFileRetriesDeferred\",\"reporterSyncInterval\",\"reporterSyncTimeout\",\"cucumberFeaturesWithLineNumbers\",\"autoCompileOpts\",\"mochaOpts\",\"jasmineOpts\",\"cucumberOpts\",\"onPrepare\",\"onWorkerStart\",\"onWorkerEnd\",\"before\",\"beforeSession\",\"beforeSuite\",\"beforeHook\",\"beforeTest\",\"afterTest\",\"afterHook\",\"afterSuite\",\"afterSession\",\"after\",\"onComplete\",\"beforeAssertion\",\"afterAssertion\",\"beforeFeature\",\"beforeScenario\",\"beforeStep\",\"afterStep\",\"afterScenario\",\"afterFeature\",\"_\",\"suite\",\"$0\",\"ignoredWorkerServices\",\"wdi5\"]"}]}
COMMAND: POST /session/afa7f6ae888d4a81c33b557753f8bf2b/execute/async - {"script":"<script> [21126 bytes]","args":[35000]}
RESULT: {"script":"<script> [21126 bytes]","args":[35000]}
COMMAND: POST /session/afa7f6ae888d4a81c33b557753f8bf2b/window/maximize - {}
RESULT: {}
COMMAND: POST /session/afa7f6ae888d4a81c33b557753f8bf2b/execute/async - {"script":"<script> [1562 bytes]","args":[{"selector":{"id":"shell-header","interaction":{"idSuffix":"icon"}},"wdio_ui5_key":"shellheader"}]}
COMMAND: GET /session/afa7f6ae888d4a81c33b557753f8bf2b/screenshot - {}
RESULT: {"script":"<script> [1562 bytes]","args":[{"selector":{"id":"shell-header","interaction":{"idSuffix":"icon"}},"wdio_ui5_key":"shellheader"}]}
RESULT: undefined
COMMAND: POST /session/afa7f6ae888d4a81c33b557753f8bf2b/refresh - {}
RESULT: {}
RESULT: {}
COMMAND: GET /session/afa7f6ae888d4a81c33b557753f8bf2b/screenshot - {}
RESULT: {}
COMMAND: POST /session/afa7f6ae888d4a81c33b557753f8bf2b/refresh - {}
RESULT: {}
COMMAND: GET /session/afa7f6ae888d4a81c33b557753f8bf2b/screenshot - {}
RESULT: {}
COMMAND: POST /session/afa7f6ae888d4a81c33b557753f8bf2b/window/fullscreen - {}
RESULT: {}
COMMAND: POST /session/afa7f6ae888d4a81c33b557753f8bf2b/execute/async - {"script":"<script> [189 bytes]","args":[]}
RESULT: {"script":"<script> [189 bytes]","args":[]}
COMMAND: POST /session/afa7f6ae888d4a81c33b557753f8bf2b/execute/async - {"script":"<script> [123 bytes]","args":[]}
RESULT: {"script":"<script> [123 bytes]","args":[]}
COMMAND: POST /session/afa7f6ae888d4a81c33b557753f8bf2b/timeouts - {"script":"<number>"}
RESULT: {"script":"<number>"}
COMMAND: GET /session/afa7f6ae888d4a81c33b557753f8bf2b/timeouts - {}
RESULT: {}
RESULT: undefined
COMMAND: POST /session/afa7f6ae888d4a81c33b557753f8bf2b/execute/async - {"script":"<script> [2676 bytes]","args":[]}
RESULT: {"script":"<script> [2676 bytes]","args":[]}
COMMAND: POST /session/afa7f6ae888d4a81c33b557753f8bf2b/execute/async - {"script":"<script> [2342 bytes]","args":[{"protocol":"http","hostname":"0.0.0.0","path":"/","capabilities":{"browserName":"chrome","goog:chromeOptions":{"binary":"C:\\Program Files\\Google\\Chrome\\Application\\chrome.exe","args":["--start-maximized"]}},"logLevel":"warn","connectionRetryTimeout":120000,"connectionRetryCount":3,"logLevels":{},"enableDirectConnect":true,"strictSSL":true,"_":"65 more keys: [\"cacheDir\",\"port\",\"requestedCapabilities\",\"automationProtocol\",\"baseUrl\",\"waitforInterval\",\"waitforTimeout\",\"onReload\",\"beforeCommand\",\"afterCommand\",\"rootDir\",\"specs\",\"suites\",\"exclude\",\"groupLogsByTestSpec\",\"excludeDriverLogs\",\"bail\",\"framework\",\"reporters\",\"services\",\"maxInstances\",\"maxInstancesPerCapability\",\"injectGlobals\",\"filesToWatch\",\"execArgv\",\"runnerEnv\",\"runner\",\"shard\",\"specFileRetries\",\"specFileRetriesDelay\",\"specFileRetriesDeferred\",\"reporterSyncInterval\",\"reporterSyncTimeout\",\"cucumberFeaturesWithLineNumbers\",\"autoCompileOpts\",\"mochaOpts\",\"jasmineOpts\",\"cucumberOpts\",\"onPrepare\",\"onWorkerStart\",\"onWorkerEnd\",\"before\",\"beforeSession\",\"beforeSuite\",\"beforeHook\",\"beforeTest\",\"afterTest\",\"afterHook\",\"afterSuite\",\"afterSession\",\"after\",\"onComplete\",\"beforeAssertion\",\"afterAssertion\",\"beforeFeature\",\"beforeScenario\",\"beforeStep\",\"afterStep\",\"afterScenario\",\"afterFeature\",\"_\",\"suite\",\"$0\",\"ignoredWorkerServices\",\"wdi5\"]"}]}
RESULT: {"script":"<script> [2342 bytes]","args":[{"protocol":"http","hostname":"0.0.0.0","path":"/","capabilities":{"browserName":"chrome","goog:chromeOptions":{"binary":"C:\\Program Files\\Google\\Chrome\\Application\\chrome.exe","args":["--start-maximized"]}},"logLevel":"warn","connectionRetryTimeout":120000,"connectionRetryCount":3,"logLevels":{},"enableDirectConnect":true,"strictSSL":true,"_":"65 more keys: [\"cacheDir\",\"port\",\"requestedCapabilities\",\"automationProtocol\",\"baseUrl\",\"waitforInterval\",\"waitforTimeout\",\"onReload\",\"beforeCommand\",\"afterCommand\",\"rootDir\",\"specs\",\"suites\",\"exclude\",\"groupLogsByTestSpec\",\"excludeDriverLogs\",\"bail\",\"framework\",\"reporters\",\"services\",\"maxInstances\",\"maxInstancesPerCapability\",\"injectGlobals\",\"filesToWatch\",\"execArgv\",\"runnerEnv\",\"runner\",\"shard\",\"specFileRetries\",\"specFileRetriesDelay\",\"specFileRetriesDeferred\",\"reporterSyncInterval\",\"reporterSyncTimeout\",\"cucumberFeaturesWithLineNumbers\",\"autoCompileOpts\",\"mochaOpts\",\"jasmineOpts\",\"cucumberOpts\",\"onPrepare\",\"onWorkerStart\",\"onWorkerEnd\",\"before\",\"beforeSession\",\"beforeSuite\",\"beforeHook\",\"beforeTest\",\"afterTest\",\"afterHook\",\"afterSuite\",\"afterSession\",\"after\",\"onComplete\",\"beforeAssertion\",\"afterAssertion\",\"beforeFeature\",\"beforeScenario\",\"beforeStep\",\"afterStep\",\"afterScenario\",\"afterFeature\",\"_\",\"suite\",\"$0\",\"ignoredWorkerServices\",\"wdi5\"]"}]}
COMMAND: POST /session/afa7f6ae888d4a81c33b557753f8bf2b/execute/async - {"script":"<script> [21126 bytes]","args":[35000]}
RESULT: {"script":"<script> [21126 bytes]","args":[35000]}
]]></system-out>
    </testcase>
  </testsuite>
  <testsuite timestamp="2025-06-12T17:03:21" time="128.295" tests="3" failures="0" errors="0" skipped="0">
    <properties>
      <property name="specId" value="0" />
      <property name="suiteName" value="Set up pricing rule(OT) 104624" />
      <property name="capabilities" value="chrome.137_0_7151_69.windows" />
      <property name="file" value="file:///D:/a/1/s/test/specs/BTS/create-pricing-rule.spec.js" />
    </properties>
    <testcase classname="chrome.137_0_7151_69.windows.Set_up_pricing_rule(OT)_104624" name="Should create a new yard used for all following tests" time="0.015">
      <system-out><![CDATA[
COMMAND: POST /session/afa7f6ae888d4a81c33b557753f8bf2b/window/fullscreen - {}
RESULT: {}
]]></system-out>
    </testcase>
    <testcase classname="chrome.137_0_7151_69.windows.Set_up_pricing_rule(OT)_104624" name="Should create a new equipment used for all following tests" time="0.002" />
    <testcase classname="chrome.137_0_7151_69.windows.Set_up_pricing_rule(OT)_104624" name="Should create new pricing rule on the created resource from earlier module or above" time="77.13">
      <system-out><![CDATA[
COMMAND: POST /session/afa7f6ae888d4a81c33b557753f8bf2b/execute/async - {"script":"<script> [1562 bytes]","args":[{"selector":{"controlType":"sap.m.GenericTile","properties":{"header":"Manage Pricing Rules"}},"wdio_ui5_key":"sapm.GenericTile{\"header\":\"Manage Pricing Rules\"}"}]}
RESULT: {"script":"<script> [1562 bytes]","args":[{"selector":{"controlType":"sap.m.GenericTile","properties":{"header":"Manage Pricing Rules"}},"wdio_ui5_key":"sapm.GenericTile{\"header\":\"Manage Pricing Rules\"}"}]}
RESULT: undefined
COMMAND: POST /session/afa7f6ae888d4a81c33b557753f8bf2b/element - {"using":"xpath","value":"//*[@id=\"__tile57\"]"}
RESULT: {"using":"xpath","value":"//*[@id=\"__tile57\"]"}
COMMAND: POST /session/afa7f6ae888d4a81c33b557753f8bf2b/element/f.5D44D27F957A25FA92618EC870C8C5F4.d.1C9A20A034072A8BD1071D9B39FDC8A4.e.2257/click - {}
RESULT: {}
COMMAND: GET /session/afa7f6ae888d4a81c33b557753f8bf2b/screenshot - {}
RESULT: {}
COMMAND: POST /session/afa7f6ae888d4a81c33b557753f8bf2b/elements - {"using":"xpath","value":"//span[text()='Error']"}
RESULT: {"using":"xpath","value":"//span[text()='Error']"}
COMMAND: POST /session/afa7f6ae888d4a81c33b557753f8bf2b/execute/async - {"script":"<script> [1562 bytes]","args":[{"selector":{"controlType":"sap.ui.core.Icon","viewName":"etm.portal.ui.managepricingrules.view.MasterHeader","viewId":"application-managepricingrules-display-component---priceInfoHeader","properties":{"src":{"regex":{"source":"activity\\-items"}}}},"wdio_ui5_key":"etmportal.ui.managepricingrules.view.MasterHeadersap.ui.core.Icon{\"src\":{\"regex\":{\"source\":\"activity\\\\-items\"}}}"}]}
RESULT: {"script":"<script> [1562 bytes]","args":[{"selector":{"controlType":"sap.ui.core.Icon","viewName":"etm.portal.ui.managepricingrules.view.MasterHeader","viewId":"application-managepricingrules-display-component---priceInfoHeader","properties":{"src":{"regex":{"source":"activity\\-items"}}}},"wdio_ui5_key":"etmportal.ui.managepricingrules.view.MasterHeadersap.ui.core.Icon{\"src\":{\"regex\":{\"source\":\"activity\\\\-items\"}}}"}]}
RESULT: undefined
COMMAND: POST /session/afa7f6ae888d4a81c33b557753f8bf2b/element - {"using":"xpath","value":"//*[@id=\"__filter1-icon\"]"}
RESULT: {"using":"xpath","value":"//*[@id=\"__filter1-icon\"]"}
COMMAND: POST /session/afa7f6ae888d4a81c33b557753f8bf2b/element/f.5D44D27F957A25FA92618EC870C8C5F4.d.1C9A20A034072A8BD1071D9B39FDC8A4.e.2314/click - {}
RESULT: {}
COMMAND: GET /session/afa7f6ae888d4a81c33b557753f8bf2b/screenshot - {}
RESULT: {}
COMMAND: POST /session/afa7f6ae888d4a81c33b557753f8bf2b/element - {"using":"xpath","value":"//button[@data-kt=\"addButton\"]"}
RESULT: {"using":"xpath","value":"//button[@data-kt=\"addButton\"]"}
COMMAND: POST /session/afa7f6ae888d4a81c33b557753f8bf2b/elements - {"using":"xpath","value":"//button[@data-kt=\"addButton\"]"}
RESULT: {"using":"xpath","value":"//button[@data-kt=\"addButton\"]"}
COMMAND: POST /session/afa7f6ae888d4a81c33b557753f8bf2b/execute/sync - {"script":"<script> [8489 bytes]","args":[{"element-6066-11e4-a52e-4f735466cecf":"f.5D44D27F957A25FA92618EC870C8C5F4.d.1C9A20A034072A8BD1071D9B39FDC8A4.e.2360","ELEMENT":"f.5D44D27F957A25FA92618EC870C8C5F4.d.1C9A20A034072A8BD1071D9B39FDC8A4.e.2360"}]}
RESULT: {"script":"<script> [8489 bytes]","args":[{"element-6066-11e4-a52e-4f735466cecf":"f.5D44D27F957A25FA92618EC870C8C5F4.d.1C9A20A034072A8BD1071D9B39FDC8A4.e.2360","ELEMENT":"f.5D44D27F957A25FA92618EC870C8C5F4.d.1C9A20A034072A8BD1071D9B39FDC8A4.e.2360"}]}
COMMAND: GET /session/afa7f6ae888d4a81c33b557753f8bf2b/element/f.5D44D27F957A25FA92618EC870C8C5F4.d.1C9A20A034072A8BD1071D9B39FDC8A4.e.2360/enabled - {}
COMMAND: GET /session/afa7f6ae888d4a81c33b557753f8bf2b/screenshot - {}
RESULT: {}
COMMAND: POST /session/afa7f6ae888d4a81c33b557753f8bf2b/execute/sync - {"script":"<script> [8489 bytes]","args":[{"element-6066-11e4-a52e-4f735466cecf":"f.5D44D27F957A25FA92618EC870C8C5F4.d.1C9A20A034072A8BD1071D9B39FDC8A4.e.2360","ELEMENT":"f.5D44D27F957A25FA92618EC870C8C5F4.d.1C9A20A034072A8BD1071D9B39FDC8A4.e.2360"}]}
COMMAND: GET /session/afa7f6ae888d4a81c33b557753f8bf2b/screenshot - {}
RESULT: {}
RESULT: {"script":"<script> [8489 bytes]","args":[{"element-6066-11e4-a52e-4f735466cecf":"f.5D44D27F957A25FA92618EC870C8C5F4.d.1C9A20A034072A8BD1071D9B39FDC8A4.e.2360","ELEMENT":"f.5D44D27F957A25FA92618EC870C8C5F4.d.1C9A20A034072A8BD1071D9B39FDC8A4.e.2360"}]}
COMMAND: POST /session/afa7f6ae888d4a81c33b557753f8bf2b/execute/sync - {"script":"<script> [5351 bytes]","args":[{"element-6066-11e4-a52e-4f735466cecf":"f.5D44D27F957A25FA92618EC870C8C5F4.d.1C9A20A034072A8BD1071D9B39FDC8A4.e.2360","ELEMENT":"f.5D44D27F957A25FA92618EC870C8C5F4.d.1C9A20A034072A8BD1071D9B39FDC8A4.e.2360"}]}
COMMAND: GET /session/afa7f6ae888d4a81c33b557753f8bf2b/screenshot - {}
RESULT: {}
RESULT: {"script":"<script> [5351 bytes]","args":[{"element-6066-11e4-a52e-4f735466cecf":"f.5D44D27F957A25FA92618EC870C8C5F4.d.1C9A20A034072A8BD1071D9B39FDC8A4.e.2360","ELEMENT":"f.5D44D27F957A25FA92618EC870C8C5F4.d.1C9A20A034072A8BD1071D9B39FDC8A4.e.2360"}]}
COMMAND: POST /session/afa7f6ae888d4a81c33b557753f8bf2b/element/f.5D44D27F957A25FA92618EC870C8C5F4.d.1C9A20A034072A8BD1071D9B39FDC8A4.e.2360/click - {}
COMMAND: GET /session/afa7f6ae888d4a81c33b557753f8bf2b/screenshot - {}
RESULT: {}
RESULT: {}
COMMAND: GET /session/afa7f6ae888d4a81c33b557753f8bf2b/screenshot - {}
RESULT: {}
RESULT: {}
COMMAND: POST /session/afa7f6ae888d4a81c33b557753f8bf2b/execute/async - {"script":"<script> [1562 bytes]","args":[{"selector":{"controlType":"sap.m.Title","viewName":"etm.portal.ui.managepricingrules.view.NewItem","viewId":"application-managepricingrules-display-component---newInfoPriceItem","properties":{"text":"New Pricing Rules - Item Level"}},"wdio_ui5_key":"etmportal.ui.managepricingrules.view.NewItemsap.m.Title{\"text\":\"New Pricing Rules - Item Level\"}"}]}
RESULT: {"script":"<script> [1562 bytes]","args":[{"selector":{"controlType":"sap.m.Title","viewName":"etm.portal.ui.managepricingrules.view.NewItem","viewId":"application-managepricingrules-display-component---newInfoPriceItem","properties":{"text":"New Pricing Rules - Item Level"}},"wdio_ui5_key":"etmportal.ui.managepricingrules.view.NewItemsap.m.Title{\"text\":\"New Pricing Rules - Item Level\"}"}]}
RESULT: undefined
COMMAND: POST /session/afa7f6ae888d4a81c33b557753f8bf2b/execute/async - {"script":"<script> [6424 bytes]","args":[{"element-6066-11e4-a52e-4f735466cecf":"f.5D44D27F957A25FA92618EC870C8C5F4.d.1C9A20A034072A8BD1071D9B39FDC8A4.e.2686"},"getText",[]]}
RESULT: {"script":"<script> [6424 bytes]","args":[{"element-6066-11e4-a52e-4f735466cecf":"f.5D44D27F957A25FA92618EC870C8C5F4.d.1C9A20A034072A8BD1071D9B39FDC8A4.e.2686"},"getText",[]]}
COMMAND: POST /session/afa7f6ae888d4a81c33b557753f8bf2b/execute/async - {"script":"<script> [1562 bytes]","args":[{"selector":{"id":"application-managepricingrules-display-component---newInfoPriceItem--condValidTo","interaction":{"idSuffix":"inner"}},"wdio_ui5_key":"applicationmanagepricingrules-display-component---newInfoPriceItem--condValidTo"}]}
RESULT: {"script":"<script> [1562 bytes]","args":[{"selector":{"id":"application-managepricingrules-display-component---newInfoPriceItem--condValidTo","interaction":{"idSuffix":"inner"}},"wdio_ui5_key":"applicationmanagepricingrules-display-component---newInfoPriceItem--condValidTo"}]}
RESULT: undefined
COMMAND: POST /session/afa7f6ae888d4a81c33b557753f8bf2b/execute/async - {"script":"<script> [776 bytes]","args":[{"enterText":"2/12/26","selector":{"id":"application-managepricingrules-display-component---newInfoPriceItem--condValidTo","interaction":{"idSuffix":"inner"}},"clearTextFirst":true,"interactionType":"ENTER_TEXT"}]}
RESULT: {"script":"<script> [776 bytes]","args":[{"enterText":"2/12/26","selector":{"id":"application-managepricingrules-display-component---newInfoPriceItem--condValidTo","interaction":{"idSuffix":"inner"}},"clearTextFirst":true,"interactionType":"ENTER_TEXT"}]}
COMMAND: POST /session/afa7f6ae888d4a81c33b557753f8bf2b/element - {"using":"xpath","value":"//input[@id=\"application-managepricingrules-display-component---newInfoPriceItem--condRU-inner\"]"}
RESULT: {"using":"xpath","value":"//input[@id=\"application-managepricingrules-display-component---newInfoPriceItem--condRU-inner\"]"}
COMMAND: POST /session/afa7f6ae888d4a81c33b557753f8bf2b/element/f.5D44D27F957A25FA92618EC870C8C5F4.d.1C9A20A034072A8BD1071D9B39FDC8A4.e.2649/clear - {}
RESULT: {}
COMMAND: POST /session/afa7f6ae888d4a81c33b557753f8bf2b/element/f.5D44D27F957A25FA92618EC870C8C5F4.d.1C9A20A034072A8BD1071D9B39FDC8A4.e.2649/value - {"text":"Qj4pgWKGMi"}
COMMAND: GET /session/afa7f6ae888d4a81c33b557753f8bf2b/screenshot - {}
RESULT: {"text":"Qj4pgWKGMi"}
COMMAND: GET /session/afa7f6ae888d4a81c33b557753f8bf2b/screenshot - {}
RESULT: {}
RESULT: {}
COMMAND: POST /session/afa7f6ae888d4a81c33b557753f8bf2b/execute/async - {"script":"<script> [1562 bytes]","args":[{"selector":{"id":"application-managepricingrules-display-component---newInfoPriceItem--billType-arrow"},"wdio_ui5_key":"applicationmanagepricingrules-display-component---newInfoPriceItem--billType-arrow"}]}
RESULT: {"script":"<script> [1562 bytes]","args":[{"selector":{"id":"application-managepricingrules-display-component---newInfoPriceItem--billType-arrow"},"wdio_ui5_key":"applicationmanagepricingrules-display-component---newInfoPriceItem--billType-arrow"}]}
RESULT: undefined
COMMAND: POST /session/afa7f6ae888d4a81c33b557753f8bf2b/element - {"using":"xpath","value":"//*[@id=\"application-managepricingrules-display-component---newInfoPriceItem--billType-arrow\"]"}
RESULT: {"using":"xpath","value":"//*[@id=\"application-managepricingrules-display-component---newInfoPriceItem--billType-arrow\"]"}
COMMAND: POST /session/afa7f6ae888d4a81c33b557753f8bf2b/element/f.5D44D27F957A25FA92618EC870C8C5F4.d.1C9A20A034072A8BD1071D9B39FDC8A4.e.2754/click - {}
RESULT: {}
COMMAND: POST /session/afa7f6ae888d4a81c33b557753f8bf2b/element - {"using":"xpath","value":"//span[contains(text(), \"OT - Sales (one-time)\")]"}
COMMAND: GET /session/afa7f6ae888d4a81c33b557753f8bf2b/screenshot - {}
RESULT: {"using":"xpath","value":"//span[contains(text(), \"OT - Sales (one-time)\")]"}
COMMAND: POST /session/afa7f6ae888d4a81c33b557753f8bf2b/element/f.5D44D27F957A25FA92618EC870C8C5F4.d.1C9A20A034072A8BD1071D9B39FDC8A4.e.2804/click - {}
RESULT: {}
RESULT: {}
COMMAND: POST /session/afa7f6ae888d4a81c33b557753f8bf2b/execute/async - {"script":"<script> [1562 bytes]","args":[{"selector":{"id":"application-managepricingrules-display-component---newInfoPriceItem--priceProc-arrow"},"wdio_ui5_key":"applicationmanagepricingrules-display-component---newInfoPriceItem--priceProc-arrow"}]}
COMMAND: GET /session/afa7f6ae888d4a81c33b557753f8bf2b/screenshot - {}
RESULT: {"script":"<script> [1562 bytes]","args":[{"selector":{"id":"application-managepricingrules-display-component---newInfoPriceItem--priceProc-arrow"},"wdio_ui5_key":"applicationmanagepricingrules-display-component---newInfoPriceItem--priceProc-arrow"}]}
RESULT: undefined
COMMAND: POST /session/afa7f6ae888d4a81c33b557753f8bf2b/element - {"using":"xpath","value":"//*[@id=\"application-managepricingrules-display-component---newInfoPriceItem--priceProc-arrow\"]"}
RESULT: {}
RESULT: {"using":"xpath","value":"//*[@id=\"application-managepricingrules-display-component---newInfoPriceItem--priceProc-arrow\"]"}
COMMAND: POST /session/afa7f6ae888d4a81c33b557753f8bf2b/element/f.5D44D27F957A25FA92618EC870C8C5F4.d.1C9A20A034072A8BD1071D9B39FDC8A4.e.2761/click - {}
RESULT: {}
COMMAND: POST /session/afa7f6ae888d4a81c33b557753f8bf2b/element - {"using":"xpath","value":"//span[contains(text(), \"MAT - Material\")]"}
COMMAND: GET /session/afa7f6ae888d4a81c33b557753f8bf2b/screenshot - {}
RESULT: {"using":"xpath","value":"//span[contains(text(), \"MAT - Material\")]"}
COMMAND: POST /session/afa7f6ae888d4a81c33b557753f8bf2b/element/f.5D44D27F957A25FA92618EC870C8C5F4.d.1C9A20A034072A8BD1071D9B39FDC8A4.e.2805/click - {}
RESULT: {}
RESULT: {}
COMMAND: POST /session/afa7f6ae888d4a81c33b557753f8bf2b/execute/async - {"script":"<script> [1562 bytes]","args":[{"selector":{"id":"application-managepricingrules-display-component---newInfoPriceItem--calcBase-arrow"},"wdio_ui5_key":"applicationmanagepricingrules-display-component---newInfoPriceItem--calcBase-arrow"}]}
COMMAND: GET /session/afa7f6ae888d4a81c33b557753f8bf2b/screenshot - {}
RESULT: {"script":"<script> [1562 bytes]","args":[{"selector":{"id":"application-managepricingrules-display-component---newInfoPriceItem--calcBase-arrow"},"wdio_ui5_key":"applicationmanagepricingrules-display-component---newInfoPriceItem--calcBase-arrow"}]}
RESULT: undefined
COMMAND: POST /session/afa7f6ae888d4a81c33b557753f8bf2b/element - {"using":"xpath","value":"//*[@id=\"application-managepricingrules-display-component---newInfoPriceItem--calcBase-arrow\"]"}
RESULT: {}
RESULT: {"using":"xpath","value":"//*[@id=\"application-managepricingrules-display-component---newInfoPriceItem--calcBase-arrow\"]"}
COMMAND: POST /session/afa7f6ae888d4a81c33b557753f8bf2b/element/f.5D44D27F957A25FA92618EC870C8C5F4.d.1C9A20A034072A8BD1071D9B39FDC8A4.e.2768/click - {}
RESULT: {}
COMMAND: GET /session/afa7f6ae888d4a81c33b557753f8bf2b/screenshot - {}
RESULT: {}
COMMAND: POST /session/afa7f6ae888d4a81c33b557753f8bf2b/element - {"using":"xpath","value":"//span[contains(text(), \"0001 - TB(exact month + cal_days)\")]"}
RESULT: {"using":"xpath","value":"//span[contains(text(), \"0001 - TB(exact month + cal_days)\")]"}
COMMAND: POST /session/afa7f6ae888d4a81c33b557753f8bf2b/element/f.5D44D27F957A25FA92618EC870C8C5F4.d.1C9A20A034072A8BD1071D9B39FDC8A4.e.2806/click - {}
RESULT: {}
COMMAND: GET /session/afa7f6ae888d4a81c33b557753f8bf2b/screenshot - {}
RESULT: {}
COMMAND: POST /session/afa7f6ae888d4a81c33b557753f8bf2b/element - {"using":"xpath","value":"//button[@data-kt=\"saveNewRuleButton\"]"}
RESULT: {"using":"xpath","value":"//button[@data-kt=\"saveNewRuleButton\"]"}
COMMAND: POST /session/afa7f6ae888d4a81c33b557753f8bf2b/element/f.5D44D27F957A25FA92618EC870C8C5F4.d.1C9A20A034072A8BD1071D9B39FDC8A4.e.2789/click - {}
RESULT: {}
COMMAND: GET /session/afa7f6ae888d4a81c33b557753f8bf2b/screenshot - {}
RESULT: {}
COMMAND: POST /session/afa7f6ae888d4a81c33b557753f8bf2b/execute/async - {"script":"<script> [1562 bytes]","args":[{"selector":{"id":"application-managepricingrules-display-component---priceInfoItem--smartFilterBar-btnBasicSearch","interaction":{"idSuffix":"I"}},"wdio_ui5_key":"applicationmanagepricingrules-display-component---priceInfoItem--smartFilterBar-btnBasicSearch"}]}
RESULT: {"script":"<script> [1562 bytes]","args":[{"selector":{"id":"application-managepricingrules-display-component---priceInfoItem--smartFilterBar-btnBasicSearch","interaction":{"idSuffix":"I"}},"wdio_ui5_key":"applicationmanagepricingrules-display-component---priceInfoItem--smartFilterBar-btnBasicSearch"}]}
RESULT: undefined
COMMAND: POST /session/afa7f6ae888d4a81c33b557753f8bf2b/execute/async - {"script":"<script> [776 bytes]","args":[{"enterText":"Qj4pgWKGMi","selector":{"id":"application-managepricingrules-display-component---priceInfoItem--smartFilterBar-btnBasicSearch","interaction":{"idSuffix":"I"}},"clearTextFirst":true,"interactionType":"ENTER_TEXT"}]}
RESULT: {"script":"<script> [776 bytes]","args":[{"enterText":"Qj4pgWKGMi","selector":{"id":"application-managepricingrules-display-component---priceInfoItem--smartFilterBar-btnBasicSearch","interaction":{"idSuffix":"I"}},"clearTextFirst":true,"interactionType":"ENTER_TEXT"}]}
COMMAND: POST /session/afa7f6ae888d4a81c33b557753f8bf2b/actions - {"actions":[{"id":"action10","type":"key","parameters":{},"actions":[{"type":"keyDown","value":"î€‡"},{"type":"pause","duration":10},{"type":"keyUp","value":"î€‡"}]}]}
RESULT: {"actions":[{"id":"action10","type":"key","parameters":{},"actions":[{"type":"keyDown","value":"î€‡"},{"type":"pause","duration":10},{"type":"keyUp","value":"î€‡"}]}]}
COMMAND: GET /session/afa7f6ae888d4a81c33b557753f8bf2b/screenshot - {}
RESULT: {}
COMMAND: POST /session/afa7f6ae888d4a81c33b557753f8bf2b/element - {"using":"xpath","value":"//span[@id=\"application-managepricingrules-display-component---priceInfoItem--smartTable-header-inner\"]"}
RESULT: {"using":"xpath","value":"//span[@id=\"application-managepricingrules-display-component---priceInfoItem--smartTable-header-inner\"]"}
COMMAND: POST /session/afa7f6ae888d4a81c33b557753f8bf2b/elements - {"using":"xpath","value":"//span[@id=\"application-managepricingrules-display-component---priceInfoItem--smartTable-header-inner\"]"}
RESULT: {"using":"xpath","value":"//span[@id=\"application-managepricingrules-display-component---priceInfoItem--smartTable-header-inner\"]"}
COMMAND: POST /session/afa7f6ae888d4a81c33b557753f8bf2b/execute/sync - {"script":"<script> [56 bytes]","args":[{"element-6066-11e4-a52e-4f735466cecf":"f.5D44D27F957A25FA92618EC870C8C5F4.d.1C9A20A034072A8BD1071D9B39FDC8A4.e.2839","ELEMENT":"f.5D44D27F957A25FA92618EC870C8C5F4.d.1C9A20A034072A8BD1071D9B39FDC8A4.e.2839"}]}
RESULT: {"script":"<script> [56 bytes]","args":[{"element-6066-11e4-a52e-4f735466cecf":"f.5D44D27F957A25FA92618EC870C8C5F4.d.1C9A20A034072A8BD1071D9B39FDC8A4.e.2839","ELEMENT":"f.5D44D27F957A25FA92618EC870C8C5F4.d.1C9A20A034072A8BD1071D9B39FDC8A4.e.2839"}]}
COMMAND: POST /session/afa7f6ae888d4a81c33b557753f8bf2b/element - {"using":"css selector","value":"#shell-header-logo"}
COMMAND: GET /session/afa7f6ae888d4a81c33b557753f8bf2b/screenshot - {}
RESULT: {}
RESULT: {"using":"css selector","value":"#shell-header-logo"}
COMMAND: POST /session/afa7f6ae888d4a81c33b557753f8bf2b/element/f.5D44D27F957A25FA92618EC870C8C5F4.d.1C9A20A034072A8BD1071D9B39FDC8A4.e.2263/click - {}
RESULT: {}
COMMAND: GET /session/afa7f6ae888d4a81c33b557753f8bf2b/screenshot - {}
RESULT: {}
COMMAND: POST /session/afa7f6ae888d4a81c33b557753f8bf2b/element - {"using":"css selector","value":"#j_username"}
COMMAND: POST /session/afa7f6ae888d4a81c33b557753f8bf2b/url - {"url":"https://qa-testing-00-live-etm-ui.cfapps.eu10-004.hana.ondemand.com/"}
RESULT: {"using":"css selector","value":"#j_username"}
COMMAND: POST /session/afa7f6ae888d4a81c33b557753f8bf2b/element - {"using":"css selector","value":"#j_username"}
RESULT: {"url":"https://qa-testing-00-live-etm-ui.cfapps.eu10-004.hana.ondemand.com/"}
RESULT: undefined
COMMAND: GET /session/afa7f6ae888d4a81c33b557753f8bf2b/screenshot - {}
RESULT: {"using":"css selector","value":"#j_username"}
COMMAND: POST /session/afa7f6ae888d4a81c33b557753f8bf2b/element - {"using":"css selector","value":"#shell-header-logo"}
RESULT: {}
RESULT: {"using":"css selector","value":"#shell-header-logo"}
COMMAND: POST /session/afa7f6ae888d4a81c33b557753f8bf2b/execute/sync - {"script":"<script> [8489 bytes]","args":[{"element-6066-11e4-a52e-4f735466cecf":"f.5D44D27F957A25FA92618EC870C8C5F4.d.1970C51429B5C2F5847B39AE7A1645BA.e.2858","ELEMENT":"f.5D44D27F957A25FA92618EC870C8C5F4.d.1970C51429B5C2F5847B39AE7A1645BA.e.2858"}]}
RESULT: {"script":"<script> [8489 bytes]","args":[{"element-6066-11e4-a52e-4f735466cecf":"f.5D44D27F957A25FA92618EC870C8C5F4.d.1970C51429B5C2F5847B39AE7A1645BA.e.2858","ELEMENT":"f.5D44D27F957A25FA92618EC870C8C5F4.d.1970C51429B5C2F5847B39AE7A1645BA.e.2858"}]}
COMMAND: POST /session/afa7f6ae888d4a81c33b557753f8bf2b/element - {"using":"css selector","value":"#shell-header-logo"}
COMMAND: GET /session/afa7f6ae888d4a81c33b557753f8bf2b/screenshot - {}
RESULT: {"using":"css selector","value":"#shell-header-logo"}
COMMAND: POST /session/afa7f6ae888d4a81c33b557753f8bf2b/execute/sync - {"script":"<script> [8489 bytes]","args":[{"element-6066-11e4-a52e-4f735466cecf":"f.5D44D27F957A25FA92618EC870C8C5F4.d.1970C51429B5C2F5847B39AE7A1645BA.e.2858","ELEMENT":"f.5D44D27F957A25FA92618EC870C8C5F4.d.1970C51429B5C2F5847B39AE7A1645BA.e.2858"}]}
RESULT: {}
RESULT: {"script":"<script> [8489 bytes]","args":[{"element-6066-11e4-a52e-4f735466cecf":"f.5D44D27F957A25FA92618EC870C8C5F4.d.1970C51429B5C2F5847B39AE7A1645BA.e.2858","ELEMENT":"f.5D44D27F957A25FA92618EC870C8C5F4.d.1970C51429B5C2F5847B39AE7A1645BA.e.2858"}]}
COMMAND: POST /session/afa7f6ae888d4a81c33b557753f8bf2b/execute/sync - {"script":"<script> [5351 bytes]","args":[{"element-6066-11e4-a52e-4f735466cecf":"f.5D44D27F957A25FA92618EC870C8C5F4.d.1970C51429B5C2F5847B39AE7A1645BA.e.2858","ELEMENT":"f.5D44D27F957A25FA92618EC870C8C5F4.d.1970C51429B5C2F5847B39AE7A1645BA.e.2858"}]}
COMMAND: GET /session/afa7f6ae888d4a81c33b557753f8bf2b/screenshot - {}
RESULT: {"script":"<script> [5351 bytes]","args":[{"element-6066-11e4-a52e-4f735466cecf":"f.5D44D27F957A25FA92618EC870C8C5F4.d.1970C51429B5C2F5847B39AE7A1645BA.e.2858","ELEMENT":"f.5D44D27F957A25FA92618EC870C8C5F4.d.1970C51429B5C2F5847B39AE7A1645BA.e.2858"}]}
COMMAND: POST /session/afa7f6ae888d4a81c33b557753f8bf2b/element - {"using":"css selector","value":"#shell-header-logo"}
COMMAND: GET /session/afa7f6ae888d4a81c33b557753f8bf2b/screenshot - {}
RESULT: {}
RESULT: {"using":"css selector","value":"#shell-header-logo"}
COMMAND: POST /session/afa7f6ae888d4a81c33b557753f8bf2b/element/f.5D44D27F957A25FA92618EC870C8C5F4.d.1970C51429B5C2F5847B39AE7A1645BA.e.2858/click - {}
RESULT: {}
RESULT: {}
COMMAND: GET /session/afa7f6ae888d4a81c33b557753f8bf2b/screenshot - {}
RESULT: {}
COMMAND: POST /session/afa7f6ae888d4a81c33b557753f8bf2b/execute/async - {"script":"<script> [189 bytes]","args":[]}
RESULT: {"script":"<script> [189 bytes]","args":[]}
COMMAND: POST /session/afa7f6ae888d4a81c33b557753f8bf2b/execute/async - {"script":"<script> [123 bytes]","args":[]}
RESULT: {"script":"<script> [123 bytes]","args":[]}
COMMAND: POST /session/afa7f6ae888d4a81c33b557753f8bf2b/timeouts - {"script":"<number>"}
RESULT: {"script":"<number>"}
COMMAND: GET /session/afa7f6ae888d4a81c33b557753f8bf2b/timeouts - {}
RESULT: {}
RESULT: undefined
COMMAND: POST /session/afa7f6ae888d4a81c33b557753f8bf2b/execute/async - {"script":"<script> [2676 bytes]","args":[]}
RESULT: {"script":"<script> [2676 bytes]","args":[]}
COMMAND: POST /session/afa7f6ae888d4a81c33b557753f8bf2b/execute/async - {"script":"<script> [2342 bytes]","args":[{"protocol":"http","hostname":"0.0.0.0","path":"/","capabilities":{"browserName":"chrome","goog:chromeOptions":{"binary":"C:\\Program Files\\Google\\Chrome\\Application\\chrome.exe","args":["--start-maximized"]}},"logLevel":"warn","connectionRetryTimeout":120000,"connectionRetryCount":3,"logLevels":{},"enableDirectConnect":true,"strictSSL":true,"_":"65 more keys: [\"cacheDir\",\"port\",\"requestedCapabilities\",\"automationProtocol\",\"baseUrl\",\"waitforInterval\",\"waitforTimeout\",\"onReload\",\"beforeCommand\",\"afterCommand\",\"rootDir\",\"specs\",\"suites\",\"exclude\",\"groupLogsByTestSpec\",\"excludeDriverLogs\",\"bail\",\"framework\",\"reporters\",\"services\",\"maxInstances\",\"maxInstancesPerCapability\",\"injectGlobals\",\"filesToWatch\",\"execArgv\",\"runnerEnv\",\"runner\",\"shard\",\"specFileRetries\",\"specFileRetriesDelay\",\"specFileRetriesDeferred\",\"reporterSyncInterval\",\"reporterSyncTimeout\",\"cucumberFeaturesWithLineNumbers\",\"autoCompileOpts\",\"mochaOpts\",\"jasmineOpts\",\"cucumberOpts\",\"onPrepare\",\"onWorkerStart\",\"onWorkerEnd\",\"before\",\"beforeSession\",\"beforeSuite\",\"beforeHook\",\"beforeTest\",\"afterTest\",\"afterHook\",\"afterSuite\",\"afterSession\",\"after\",\"onComplete\",\"beforeAssertion\",\"afterAssertion\",\"beforeFeature\",\"beforeScenario\",\"beforeStep\",\"afterStep\",\"afterScenario\",\"afterFeature\",\"_\",\"suite\",\"$0\",\"ignoredWorkerServices\",\"wdi5\"]"}]}
RESULT: {"script":"<script> [2342 bytes]","args":[{"protocol":"http","hostname":"0.0.0.0","path":"/","capabilities":{"browserName":"chrome","goog:chromeOptions":{"binary":"C:\\Program Files\\Google\\Chrome\\Application\\chrome.exe","args":["--start-maximized"]}},"logLevel":"warn","connectionRetryTimeout":120000,"connectionRetryCount":3,"logLevels":{},"enableDirectConnect":true,"strictSSL":true,"_":"65 more keys: [\"cacheDir\",\"port\",\"requestedCapabilities\",\"automationProtocol\",\"baseUrl\",\"waitforInterval\",\"waitforTimeout\",\"onReload\",\"beforeCommand\",\"afterCommand\",\"rootDir\",\"specs\",\"suites\",\"exclude\",\"groupLogsByTestSpec\",\"excludeDriverLogs\",\"bail\",\"framework\",\"reporters\",\"services\",\"maxInstances\",\"maxInstancesPerCapability\",\"injectGlobals\",\"filesToWatch\",\"execArgv\",\"runnerEnv\",\"runner\",\"shard\",\"specFileRetries\",\"specFileRetriesDelay\",\"specFileRetriesDeferred\",\"reporterSyncInterval\",\"reporterSyncTimeout\",\"cucumberFeaturesWithLineNumbers\",\"autoCompileOpts\",\"mochaOpts\",\"jasmineOpts\",\"cucumberOpts\",\"onPrepare\",\"onWorkerStart\",\"onWorkerEnd\",\"before\",\"beforeSession\",\"beforeSuite\",\"beforeHook\",\"beforeTest\",\"afterTest\",\"afterHook\",\"afterSuite\",\"afterSession\",\"after\",\"onComplete\",\"beforeAssertion\",\"afterAssertion\",\"beforeFeature\",\"beforeScenario\",\"beforeStep\",\"afterStep\",\"afterScenario\",\"afterFeature\",\"_\",\"suite\",\"$0\",\"ignoredWorkerServices\",\"wdi5\"]"}]}
COMMAND: POST /session/afa7f6ae888d4a81c33b557753f8bf2b/execute/async - {"script":"<script> [21126 bytes]","args":[35000]}
RESULT: {"script":"<script> [21126 bytes]","args":[35000]}
COMMAND: POST /session/afa7f6ae888d4a81c33b557753f8bf2b/window/maximize - {}
RESULT: {}
COMMAND: POST /session/afa7f6ae888d4a81c33b557753f8bf2b/execute/async - {"script":"<script> [1562 bytes]","args":[{"selector":{"id":"shell-header","interaction":{"idSuffix":"icon"}},"wdio_ui5_key":"shellheader"}]}
COMMAND: GET /session/afa7f6ae888d4a81c33b557753f8bf2b/screenshot - {}
RESULT: undefined
RESULT: {"script":"<script> [1562 bytes]","args":[{"selector":{"id":"shell-header","interaction":{"idSuffix":"icon"}},"wdio_ui5_key":"shellheader"}]}
RESULT: undefined
COMMAND: POST /session/afa7f6ae888d4a81c33b557753f8bf2b/refresh - {}
RESULT: {}
RESULT: undefined
RESULT: {}
COMMAND: GET /session/afa7f6ae888d4a81c33b557753f8bf2b/screenshot - {}
RESULT: {}
COMMAND: POST /session/afa7f6ae888d4a81c33b557753f8bf2b/refresh - {}
RESULT: undefined
RESULT: {}
COMMAND: GET /session/afa7f6ae888d4a81c33b557753f8bf2b/screenshot - {}
RESULT: {}
COMMAND: POST /session/afa7f6ae888d4a81c33b557753f8bf2b/window/fullscreen - {}
RESULT: {}
COMMAND: POST /session/afa7f6ae888d4a81c33b557753f8bf2b/execute/async - {"script":"<script> [189 bytes]","args":[]}
RESULT: {"script":"<script> [189 bytes]","args":[]}
COMMAND: POST /session/afa7f6ae888d4a81c33b557753f8bf2b/execute/async - {"script":"<script> [123 bytes]","args":[]}
RESULT: {"script":"<script> [123 bytes]","args":[]}
COMMAND: POST /session/afa7f6ae888d4a81c33b557753f8bf2b/timeouts - {"script":"<number>"}
RESULT: {"script":"<number>"}
COMMAND: GET /session/afa7f6ae888d4a81c33b557753f8bf2b/timeouts - {}
RESULT: {}
RESULT: undefined
COMMAND: POST /session/afa7f6ae888d4a81c33b557753f8bf2b/execute/async - {"script":"<script> [2676 bytes]","args":[]}
RESULT: {"script":"<script> [2676 bytes]","args":[]}
COMMAND: POST /session/afa7f6ae888d4a81c33b557753f8bf2b/execute/async - {"script":"<script> [2342 bytes]","args":[{"protocol":"http","hostname":"0.0.0.0","path":"/","capabilities":{"browserName":"chrome","goog:chromeOptions":{"binary":"C:\\Program Files\\Google\\Chrome\\Application\\chrome.exe","args":["--start-maximized"]}},"logLevel":"warn","connectionRetryTimeout":120000,"connectionRetryCount":3,"logLevels":{},"enableDirectConnect":true,"strictSSL":true,"_":"65 more keys: [\"cacheDir\",\"port\",\"requestedCapabilities\",\"automationProtocol\",\"baseUrl\",\"waitforInterval\",\"waitforTimeout\",\"onReload\",\"beforeCommand\",\"afterCommand\",\"rootDir\",\"specs\",\"suites\",\"exclude\",\"groupLogsByTestSpec\",\"excludeDriverLogs\",\"bail\",\"framework\",\"reporters\",\"services\",\"maxInstances\",\"maxInstancesPerCapability\",\"injectGlobals\",\"filesToWatch\",\"execArgv\",\"runnerEnv\",\"runner\",\"shard\",\"specFileRetries\",\"specFileRetriesDelay\",\"specFileRetriesDeferred\",\"reporterSyncInterval\",\"reporterSyncTimeout\",\"cucumberFeaturesWithLineNumbers\",\"autoCompileOpts\",\"mochaOpts\",\"jasmineOpts\",\"cucumberOpts\",\"onPrepare\",\"onWorkerStart\",\"onWorkerEnd\",\"before\",\"beforeSession\",\"beforeSuite\",\"beforeHook\",\"beforeTest\",\"afterTest\",\"afterHook\",\"afterSuite\",\"afterSession\",\"after\",\"onComplete\",\"beforeAssertion\",\"afterAssertion\",\"beforeFeature\",\"beforeScenario\",\"beforeStep\",\"afterStep\",\"afterScenario\",\"afterFeature\",\"_\",\"suite\",\"$0\",\"ignoredWorkerServices\",\"wdi5\"]"}]}
RESULT: {"script":"<script> [2342 bytes]","args":[{"protocol":"http","hostname":"0.0.0.0","path":"/","capabilities":{"browserName":"chrome","goog:chromeOptions":{"binary":"C:\\Program Files\\Google\\Chrome\\Application\\chrome.exe","args":["--start-maximized"]}},"logLevel":"warn","connectionRetryTimeout":120000,"connectionRetryCount":3,"logLevels":{},"enableDirectConnect":true,"strictSSL":true,"_":"65 more keys: [\"cacheDir\",\"port\",\"requestedCapabilities\",\"automationProtocol\",\"baseUrl\",\"waitforInterval\",\"waitforTimeout\",\"onReload\",\"beforeCommand\",\"afterCommand\",\"rootDir\",\"specs\",\"suites\",\"exclude\",\"groupLogsByTestSpec\",\"excludeDriverLogs\",\"bail\",\"framework\",\"reporters\",\"services\",\"maxInstances\",\"maxInstancesPerCapability\",\"injectGlobals\",\"filesToWatch\",\"execArgv\",\"runnerEnv\",\"runner\",\"shard\",\"specFileRetries\",\"specFileRetriesDelay\",\"specFileRetriesDeferred\",\"reporterSyncInterval\",\"reporterSyncTimeout\",\"cucumberFeaturesWithLineNumbers\",\"autoCompileOpts\",\"mochaOpts\",\"jasmineOpts\",\"cucumberOpts\",\"onPrepare\",\"onWorkerStart\",\"onWorkerEnd\",\"before\",\"beforeSession\",\"beforeSuite\",\"beforeHook\",\"beforeTest\",\"afterTest\",\"afterHook\",\"afterSuite\",\"afterSession\",\"after\",\"onComplete\",\"beforeAssertion\",\"afterAssertion\",\"beforeFeature\",\"beforeScenario\",\"beforeStep\",\"afterStep\",\"afterScenario\",\"afterFeature\",\"_\",\"suite\",\"$0\",\"ignoredWorkerServices\",\"wdi5\"]"}]}
COMMAND: POST /session/afa7f6ae888d4a81c33b557753f8bf2b/execute/async - {"script":"<script> [21126 bytes]","args":[35000]}
RESULT: {"script":"<script> [21126 bytes]","args":[35000]}
]]></system-out>
    </testcase>
  </testsuite>
  <testsuite timestamp="2025-06-12T17:05:29" time="409.939" tests="6" failures="0" errors="0" skipped="0">
    <properties>
      <property name="specId" value="0" />
      <property name="suiteName" value="Edit and delete daily price US134629 US134627" />
      <property name="capabilities" value="chrome.137_0_7151_69.windows" />
      <property name="file" value="file:///D:/a/1/s/test/specs/BTS/conditions-prices-daily-price.spec.js" />
    </properties>
    <testcase classname="chrome.137_0_7151_69.windows.Edit_and_delete_daily_price_US134629_US134627" name="Should create a new yard used for all following tests" time="0.028">
      <system-out><![CDATA[
COMMAND: POST /session/afa7f6ae888d4a81c33b557753f8bf2b/window/fullscreen - {}
RESULT: {}
]]></system-out>
    </testcase>
    <testcase classname="chrome.137_0_7151_69.windows.Edit_and_delete_daily_price_US134629_US134627" name="Should create a new partner" time="144.816">
      <system-out><![CDATA[
COMMAND: POST /session/afa7f6ae888d4a81c33b557753f8bf2b/window/fullscreen - {}
RESULT: {}
COMMAND: POST /session/afa7f6ae888d4a81c33b557753f8bf2b/execute/async - {"script":"<script> [1562 bytes]","args":[{"selector":{"controlType":"sap.m.GenericTile","properties":{"header":"Manage Partners"}},"wdio_ui5_key":"sapm.GenericTile{\"header\":\"Manage Partners\"}"}]}
RESULT: {"script":"<script> [1562 bytes]","args":[{"selector":{"controlType":"sap.m.GenericTile","properties":{"header":"Manage Partners"}},"wdio_ui5_key":"sapm.GenericTile{\"header\":\"Manage Partners\"}"}]}
RESULT: undefined
COMMAND: POST /session/afa7f6ae888d4a81c33b557753f8bf2b/element - {"using":"xpath","value":"//*[@id=\"__tile39\"]"}
RESULT: {"using":"xpath","value":"//*[@id=\"__tile39\"]"}
COMMAND: POST /session/afa7f6ae888d4a81c33b557753f8bf2b/element/f.5D44D27F957A25FA92618EC870C8C5F4.d.FECC9BE48FA555301142AF32B5ED1966.e.3018/click - {}
RESULT: {}
COMMAND: GET /session/afa7f6ae888d4a81c33b557753f8bf2b/screenshot - {}
RESULT: {}
COMMAND: POST /session/afa7f6ae888d4a81c33b557753f8bf2b/elements - {"using":"xpath","value":"//span[text()='Error']"}
RESULT: {"using":"xpath","value":"//span[text()='Error']"}
COMMAND: POST /session/afa7f6ae888d4a81c33b557753f8bf2b/element - {"using":"xpath","value":"//button[@data-kt=\"addButton\"]"}
RESULT: {"using":"xpath","value":"//button[@data-kt=\"addButton\"]"}
COMMAND: POST /session/afa7f6ae888d4a81c33b557753f8bf2b/elements - {"using":"xpath","value":"//button[@data-kt=\"addButton\"]"}
RESULT: {"using":"xpath","value":"//button[@data-kt=\"addButton\"]"}
COMMAND: POST /session/afa7f6ae888d4a81c33b557753f8bf2b/elements - {"using":"xpath","value":"//button[@data-kt=\"addButton\"]"}
RESULT: {"using":"xpath","value":"//button[@data-kt=\"addButton\"]"}
COMMAND: POST /session/afa7f6ae888d4a81c33b557753f8bf2b/elements - {"using":"xpath","value":"//button[@data-kt=\"addButton\"]"}
RESULT: {"using":"xpath","value":"//button[@data-kt=\"addButton\"]"}
COMMAND: POST /session/afa7f6ae888d4a81c33b557753f8bf2b/elements - {"using":"xpath","value":"//button[@data-kt=\"addButton\"]"}
RESULT: {"using":"xpath","value":"//button[@data-kt=\"addButton\"]"}
COMMAND: POST /session/afa7f6ae888d4a81c33b557753f8bf2b/element - {"using":"xpath","value":"//button[@data-kt=\"addButton\"]"}
RESULT: {"using":"xpath","value":"//button[@data-kt=\"addButton\"]"}
COMMAND: POST /session/afa7f6ae888d4a81c33b557753f8bf2b/execute/sync - {"script":"<script> [8489 bytes]","args":[{"element-6066-11e4-a52e-4f735466cecf":"f.5D44D27F957A25FA92618EC870C8C5F4.d.FECC9BE48FA555301142AF32B5ED1966.e.3170","ELEMENT":"f.5D44D27F957A25FA92618EC870C8C5F4.d.FECC9BE48FA555301142AF32B5ED1966.e.3170"}]}
RESULT: {"script":"<script> [8489 bytes]","args":[{"element-6066-11e4-a52e-4f735466cecf":"f.5D44D27F957A25FA92618EC870C8C5F4.d.FECC9BE48FA555301142AF32B5ED1966.e.3170","ELEMENT":"f.5D44D27F957A25FA92618EC870C8C5F4.d.FECC9BE48FA555301142AF32B5ED1966.e.3170"}]}
COMMAND: GET /session/afa7f6ae888d4a81c33b557753f8bf2b/element/f.5D44D27F957A25FA92618EC870C8C5F4.d.FECC9BE48FA555301142AF32B5ED1966.e.3170/enabled - {}
COMMAND: GET /session/afa7f6ae888d4a81c33b557753f8bf2b/screenshot - {}
RESULT: {}
COMMAND: POST /session/afa7f6ae888d4a81c33b557753f8bf2b/execute/sync - {"script":"<script> [8489 bytes]","args":[{"element-6066-11e4-a52e-4f735466cecf":"f.5D44D27F957A25FA92618EC870C8C5F4.d.FECC9BE48FA555301142AF32B5ED1966.e.3170","ELEMENT":"f.5D44D27F957A25FA92618EC870C8C5F4.d.FECC9BE48FA555301142AF32B5ED1966.e.3170"}]}
COMMAND: GET /session/afa7f6ae888d4a81c33b557753f8bf2b/screenshot - {}
RESULT: {}
RESULT: {"script":"<script> [8489 bytes]","args":[{"element-6066-11e4-a52e-4f735466cecf":"f.5D44D27F957A25FA92618EC870C8C5F4.d.FECC9BE48FA555301142AF32B5ED1966.e.3170","ELEMENT":"f.5D44D27F957A25FA92618EC870C8C5F4.d.FECC9BE48FA555301142AF32B5ED1966.e.3170"}]}
COMMAND: POST /session/afa7f6ae888d4a81c33b557753f8bf2b/execute/sync - {"script":"<script> [5351 bytes]","args":[{"element-6066-11e4-a52e-4f735466cecf":"f.5D44D27F957A25FA92618EC870C8C5F4.d.FECC9BE48FA555301142AF32B5ED1966.e.3170","ELEMENT":"f.5D44D27F957A25FA92618EC870C8C5F4.d.FECC9BE48FA555301142AF32B5ED1966.e.3170"}]}
COMMAND: GET /session/afa7f6ae888d4a81c33b557753f8bf2b/screenshot - {}
RESULT: {}
RESULT: {"script":"<script> [5351 bytes]","args":[{"element-6066-11e4-a52e-4f735466cecf":"f.5D44D27F957A25FA92618EC870C8C5F4.d.FECC9BE48FA555301142AF32B5ED1966.e.3170","ELEMENT":"f.5D44D27F957A25FA92618EC870C8C5F4.d.FECC9BE48FA555301142AF32B5ED1966.e.3170"}]}
COMMAND: POST /session/afa7f6ae888d4a81c33b557753f8bf2b/element/f.5D44D27F957A25FA92618EC870C8C5F4.d.FECC9BE48FA555301142AF32B5ED1966.e.3170/click - {}
COMMAND: GET /session/afa7f6ae888d4a81c33b557753f8bf2b/screenshot - {}
RESULT: {}
RESULT: {}
COMMAND: GET /session/afa7f6ae888d4a81c33b557753f8bf2b/screenshot - {}
COMMAND: POST /session/afa7f6ae888d4a81c33b557753f8bf2b/execute/async - {"script":"<script> [1562 bytes]","args":[{"selector":{"id":"application-managepartners-display-component---NewPartner--addressDetailDetailsName1","interaction":{"idSuffix":"inner"}},"wdio_ui5_key":"applicationmanagepartners-display-component---NewPartner--addressDetailDetailsName1"}]}
RESULT: {}
RESULT: {}
RESULT: {"script":"<script> [1562 bytes]","args":[{"selector":{"id":"application-managepartners-display-component---NewPartner--addressDetailDetailsName1","interaction":{"idSuffix":"inner"}},"wdio_ui5_key":"applicationmanagepartners-display-component---NewPartner--addressDetailDetailsName1"}]}
RESULT: undefined
COMMAND: POST /session/afa7f6ae888d4a81c33b557753f8bf2b/execute/async - {"script":"<script> [776 bytes]","args":[{"enterText":"DailyPrice Partner WDIO","selector":{"id":"application-managepartners-display-component---NewPartner--addressDetailDetailsName1","interaction":{"idSuffix":"inner"}},"clearTextFirst":true,"interactionType":"ENTER_TEXT"}]}
RESULT: {"script":"<script> [776 bytes]","args":[{"enterText":"DailyPrice Partner WDIO","selector":{"id":"application-managepartners-display-component---NewPartner--addressDetailDetailsName1","interaction":{"idSuffix":"inner"}},"clearTextFirst":true,"interactionType":"ENTER_TEXT"}]}
COMMAND: POST /session/afa7f6ae888d4a81c33b557753f8bf2b/execute/async - {"script":"<script> [1562 bytes]","args":[{"selector":{"id":"application-managepartners-display-component---NewPartner--addressDetailDetailsLanguage-arrow"},"wdio_ui5_key":"applicationmanagepartners-display-component---NewPartner--addressDetailDetailsLanguage-arrow"}]}
RESULT: {"script":"<script> [1562 bytes]","args":[{"selector":{"id":"application-managepartners-display-component---NewPartner--addressDetailDetailsLanguage-arrow"},"wdio_ui5_key":"applicationmanagepartners-display-component---NewPartner--addressDetailDetailsLanguage-arrow"}]}
RESULT: undefined
COMMAND: POST /session/afa7f6ae888d4a81c33b557753f8bf2b/element - {"using":"xpath","value":"//*[@id=\"application-managepartners-display-component---NewPartner--addressDetailDetailsLanguage-arrow\"]"}
RESULT: {"using":"xpath","value":"//*[@id=\"application-managepartners-display-component---NewPartner--addressDetailDetailsLanguage-arrow\"]"}
COMMAND: POST /session/afa7f6ae888d4a81c33b557753f8bf2b/element/f.5D44D27F957A25FA92618EC870C8C5F4.d.FECC9BE48FA555301142AF32B5ED1966.e.3509/click - {}
RESULT: {}
COMMAND: POST /session/afa7f6ae888d4a81c33b557753f8bf2b/element - {"using":"xpath","value":"//span[contains(text(), \"English\")]"}
COMMAND: GET /session/afa7f6ae888d4a81c33b557753f8bf2b/screenshot - {}
RESULT: {}
RESULT: {"using":"xpath","value":"//span[contains(text(), \"English\")]"}
COMMAND: POST /session/afa7f6ae888d4a81c33b557753f8bf2b/element/f.5D44D27F957A25FA92618EC870C8C5F4.d.FECC9BE48FA555301142AF32B5ED1966.e.3510/click - {}
RESULT: {}
COMMAND: GET /session/afa7f6ae888d4a81c33b557753f8bf2b/screenshot - {}
RESULT: {}
COMMAND: POST /session/afa7f6ae888d4a81c33b557753f8bf2b/execute/async - {"script":"<script> [1562 bytes]","args":[{"selector":{"id":"application-managepartners-display-component---NewPartner--addressDetailDetailsCity1","interaction":{"idSuffix":"inner"}},"wdio_ui5_key":"applicationmanagepartners-display-component---NewPartner--addressDetailDetailsCity1"}]}
RESULT: {"script":"<script> [1562 bytes]","args":[{"selector":{"id":"application-managepartners-display-component---NewPartner--addressDetailDetailsCity1","interaction":{"idSuffix":"inner"}},"wdio_ui5_key":"applicationmanagepartners-display-component---NewPartner--addressDetailDetailsCity1"}]}
RESULT: undefined
COMMAND: POST /session/afa7f6ae888d4a81c33b557753f8bf2b/execute/async - {"script":"<script> [776 bytes]","args":[{"enterText":"Rosario","selector":{"id":"application-managepartners-display-component---NewPartner--addressDetailDetailsCity1","interaction":{"idSuffix":"inner"}},"clearTextFirst":true,"interactionType":"ENTER_TEXT"}]}
RESULT: {"script":"<script> [776 bytes]","args":[{"enterText":"Rosario","selector":{"id":"application-managepartners-display-component---NewPartner--addressDetailDetailsCity1","interaction":{"idSuffix":"inner"}},"clearTextFirst":true,"interactionType":"ENTER_TEXT"}]}
COMMAND: POST /session/afa7f6ae888d4a81c33b557753f8bf2b/execute/async - {"script":"<script> [1562 bytes]","args":[{"selector":{"id":"application-managepartners-display-component---NewPartner--addressDetailDetailsCountry-arrow"},"wdio_ui5_key":"applicationmanagepartners-display-component---NewPartner--addressDetailDetailsCountry-arrow"}]}
RESULT: {"script":"<script> [1562 bytes]","args":[{"selector":{"id":"application-managepartners-display-component---NewPartner--addressDetailDetailsCountry-arrow"},"wdio_ui5_key":"applicationmanagepartners-display-component---NewPartner--addressDetailDetailsCountry-arrow"}]}
RESULT: undefined
COMMAND: POST /session/afa7f6ae888d4a81c33b557753f8bf2b/element - {"using":"xpath","value":"//*[@id=\"application-managepartners-display-component---NewPartner--addressDetailDetailsCountry-arrow\"]"}
RESULT: {"using":"xpath","value":"//*[@id=\"application-managepartners-display-component---NewPartner--addressDetailDetailsCountry-arrow\"]"}
COMMAND: POST /session/afa7f6ae888d4a81c33b557753f8bf2b/element/f.5D44D27F957A25FA92618EC870C8C5F4.d.FECC9BE48FA555301142AF32B5ED1966.e.3477/click - {}
RESULT: {}
COMMAND: POST /session/afa7f6ae888d4a81c33b557753f8bf2b/element - {"using":"xpath","value":"//span[contains(text(), \"Argentina\")]"}
COMMAND: GET /session/afa7f6ae888d4a81c33b557753f8bf2b/screenshot - {}
RESULT: {"using":"xpath","value":"//span[contains(text(), \"Argentina\")]"}
COMMAND: POST /session/afa7f6ae888d4a81c33b557753f8bf2b/element/f.5D44D27F957A25FA92618EC870C8C5F4.d.FECC9BE48FA555301142AF32B5ED1966.e.3512/click - {}
RESULT: {}
RESULT: {}
COMMAND: GET /session/afa7f6ae888d4a81c33b557753f8bf2b/screenshot - {}
RESULT: {}
COMMAND: POST /session/afa7f6ae888d4a81c33b557753f8bf2b/element - {"using":"xpath","value":"//bdi[contains(text(), \"Commercial\")]"}
RESULT: {"using":"xpath","value":"//bdi[contains(text(), \"Commercial\")]"}
COMMAND: POST /session/afa7f6ae888d4a81c33b557753f8bf2b/element/f.5D44D27F957A25FA92618EC870C8C5F4.d.FECC9BE48FA555301142AF32B5ED1966.e.3513/click - {}
RESULT: {}
COMMAND: GET /session/afa7f6ae888d4a81c33b557753f8bf2b/screenshot - {}
RESULT: {}
COMMAND: POST /session/afa7f6ae888d4a81c33b557753f8bf2b/execute/async - {"script":"<script> [1562 bytes]","args":[{"selector":{"id":"application-managepartners-display-component---NewPartner--partnerDetailInternal-arrow"},"wdio_ui5_key":"applicationmanagepartners-display-component---NewPartner--partnerDetailInternal-arrow"}]}
RESULT: {"script":"<script> [1562 bytes]","args":[{"selector":{"id":"application-managepartners-display-component---NewPartner--partnerDetailInternal-arrow"},"wdio_ui5_key":"applicationmanagepartners-display-component---NewPartner--partnerDetailInternal-arrow"}]}
RESULT: undefined
COMMAND: POST /session/afa7f6ae888d4a81c33b557753f8bf2b/element - {"using":"xpath","value":"//*[@id=\"application-managepartners-display-component---NewPartner--partnerDetailInternal-arrow\"]"}
RESULT: {"using":"xpath","value":"//*[@id=\"application-managepartners-display-component---NewPartner--partnerDetailInternal-arrow\"]"}
COMMAND: POST /session/afa7f6ae888d4a81c33b557753f8bf2b/element/f.5D44D27F957A25FA92618EC870C8C5F4.d.FECC9BE48FA555301142AF32B5ED1966.e.3519/click - {}
RESULT: {}
COMMAND: POST /session/afa7f6ae888d4a81c33b557753f8bf2b/element - {"using":"xpath","value":"//span[contains(text(), \"Affiliated company\")]"}
COMMAND: GET /session/afa7f6ae888d4a81c33b557753f8bf2b/screenshot - {}
RESULT: {"using":"xpath","value":"//span[contains(text(), \"Affiliated company\")]"}
COMMAND: POST /session/afa7f6ae888d4a81c33b557753f8bf2b/element/f.5D44D27F957A25FA92618EC870C8C5F4.d.FECC9BE48FA555301142AF32B5ED1966.e.3522/click - {}
RESULT: {}
RESULT: {}
COMMAND: POST /session/afa7f6ae888d4a81c33b557753f8bf2b/execute/async - {"script":"<script> [1562 bytes]","args":[{"selector":{"id":"application-managepartners-display-component---NewPartner--partnerDetailsCurrency-arrow"},"wdio_ui5_key":"applicationmanagepartners-display-component---NewPartner--partnerDetailsCurrency-arrow"}]}
COMMAND: GET /session/afa7f6ae888d4a81c33b557753f8bf2b/screenshot - {}
RESULT: {"script":"<script> [1562 bytes]","args":[{"selector":{"id":"application-managepartners-display-component---NewPartner--partnerDetailsCurrency-arrow"},"wdio_ui5_key":"applicationmanagepartners-display-component---NewPartner--partnerDetailsCurrency-arrow"}]}
RESULT: undefined
COMMAND: POST /session/afa7f6ae888d4a81c33b557753f8bf2b/element - {"using":"xpath","value":"//*[@id=\"application-managepartners-display-component---NewPartner--partnerDetailsCurrency-arrow\"]"}
RESULT: {}
RESULT: {"using":"xpath","value":"//*[@id=\"application-managepartners-display-component---NewPartner--partnerDetailsCurrency-arrow\"]"}
COMMAND: POST /session/afa7f6ae888d4a81c33b557753f8bf2b/element/f.5D44D27F957A25FA92618EC870C8C5F4.d.FECC9BE48FA555301142AF32B5ED1966.e.3529/click - {}
RESULT: {}
COMMAND: POST /session/afa7f6ae888d4a81c33b557753f8bf2b/element - {"using":"xpath","value":"//span[contains(text(), \"Euro\")]"}
COMMAND: GET /session/afa7f6ae888d4a81c33b557753f8bf2b/screenshot - {}
RESULT: {}
RESULT: {"using":"xpath","value":"//span[contains(text(), \"Euro\")]"}
COMMAND: POST /session/afa7f6ae888d4a81c33b557753f8bf2b/element/f.5D44D27F957A25FA92618EC870C8C5F4.d.FECC9BE48FA555301142AF32B5ED1966.e.3530/click - {}
RESULT: {}
COMMAND: POST /session/afa7f6ae888d4a81c33b557753f8bf2b/execute/async - {"script":"<script> [1562 bytes]","args":[{"selector":{"id":"application-managepartners-display-component---NewPartner--addressEditDetailsCostObjectCstType-arrow"},"wdio_ui5_key":"applicationmanagepartners-display-component---NewPartner--addressEditDetailsCostObjectCstType-arrow"}]}
COMMAND: GET /session/afa7f6ae888d4a81c33b557753f8bf2b/screenshot - {}
RESULT: {"script":"<script> [1562 bytes]","args":[{"selector":{"id":"application-managepartners-display-component---NewPartner--addressEditDetailsCostObjectCstType-arrow"},"wdio_ui5_key":"applicationmanagepartners-display-component---NewPartner--addressEditDetailsCostObjectCstType-arrow"}]}
RESULT: undefined
COMMAND: POST /session/afa7f6ae888d4a81c33b557753f8bf2b/element - {"using":"xpath","value":"//*[@id=\"application-managepartners-display-component---NewPartner--addressEditDetailsCostObjectCstType-arrow\"]"}
RESULT: {}
RESULT: {"using":"xpath","value":"//*[@id=\"application-managepartners-display-component---NewPartner--addressEditDetailsCostObjectCstType-arrow\"]"}
COMMAND: POST /session/afa7f6ae888d4a81c33b557753f8bf2b/element/f.5D44D27F957A25FA92618EC870C8C5F4.d.FECC9BE48FA555301142AF32B5ED1966.e.3531/click - {}
RESULT: {}
COMMAND: POST /session/afa7f6ae888d4a81c33b557753f8bf2b/element - {"using":"xpath","value":"//span[contains(text(), \"Cost Center\")]"}
COMMAND: GET /session/afa7f6ae888d4a81c33b557753f8bf2b/screenshot - {}
RESULT: {"using":"xpath","value":"//span[contains(text(), \"Cost Center\")]"}
COMMAND: POST /session/afa7f6ae888d4a81c33b557753f8bf2b/element/f.5D44D27F957A25FA92618EC870C8C5F4.d.FECC9BE48FA555301142AF32B5ED1966.e.3532/click - {}
RESULT: {}
RESULT: {}
COMMAND: GET /session/afa7f6ae888d4a81c33b557753f8bf2b/screenshot - {}
RESULT: {}
COMMAND: POST /session/afa7f6ae888d4a81c33b557753f8bf2b/element - {"using":"xpath","value":"//span[@id=\"application-managepartners-display-component---NewPartner--addressNewCostObjectCstID-vhi\"]"}
RESULT: {"using":"xpath","value":"//span[@id=\"application-managepartners-display-component---NewPartner--addressNewCostObjectCstID-vhi\"]"}
COMMAND: POST /session/afa7f6ae888d4a81c33b557753f8bf2b/execute/sync - {"script":"<script> [8489 bytes]","args":[{"element-6066-11e4-a52e-4f735466cecf":"f.5D44D27F957A25FA92618EC870C8C5F4.d.FECC9BE48FA555301142AF32B5ED1966.e.3536","ELEMENT":"f.5D44D27F957A25FA92618EC870C8C5F4.d.FECC9BE48FA555301142AF32B5ED1966.e.3536"}]}
RESULT: {"script":"<script> [8489 bytes]","args":[{"element-6066-11e4-a52e-4f735466cecf":"f.5D44D27F957A25FA92618EC870C8C5F4.d.FECC9BE48FA555301142AF32B5ED1966.e.3536","ELEMENT":"f.5D44D27F957A25FA92618EC870C8C5F4.d.FECC9BE48FA555301142AF32B5ED1966.e.3536"}]}
COMMAND: POST /session/afa7f6ae888d4a81c33b557753f8bf2b/execute/async - {"script":"<script> [1562 bytes]","args":[{"selector":{"id":"application-managepartners-display-component---NewPartner--addressNewCostObjectCstID-vhi"},"wdio_ui5_key":"applicationmanagepartners-display-component---NewPartner--addressNewCostObjectCstID-vhi"}]}
COMMAND: GET /session/afa7f6ae888d4a81c33b557753f8bf2b/screenshot - {}
RESULT: {"script":"<script> [1562 bytes]","args":[{"selector":{"id":"application-managepartners-display-component---NewPartner--addressNewCostObjectCstID-vhi"},"wdio_ui5_key":"applicationmanagepartners-display-component---NewPartner--addressNewCostObjectCstID-vhi"}]}
RESULT: undefined
COMMAND: POST /session/afa7f6ae888d4a81c33b557753f8bf2b/element - {"using":"xpath","value":"//*[@id=\"application-managepartners-display-component---NewPartner--addressNewCostObjectCstID-vhi\"]"}
RESULT: {}
RESULT: {"using":"xpath","value":"//*[@id=\"application-managepartners-display-component---NewPartner--addressNewCostObjectCstID-vhi\"]"}
COMMAND: POST /session/afa7f6ae888d4a81c33b557753f8bf2b/element/f.5D44D27F957A25FA92618EC870C8C5F4.d.FECC9BE48FA555301142AF32B5ED1966.e.3536/click - {}
RESULT: {}
COMMAND: GET /session/afa7f6ae888d4a81c33b557753f8bf2b/screenshot - {}
RESULT: {}
COMMAND: POST /session/afa7f6ae888d4a81c33b557753f8bf2b/execute/async - {"script":"<script> [1562 bytes]","args":[{"selector":{"controlType":"sap.m.SearchField","properties":{"placeholder":"Search"},"searchOpenDialogs":true,"interaction":{"idSuffix":"I"}},"wdio_ui5_key":"sapm.SearchField{\"placeholder\":\"Search\"}"}]}
RESULT: {"script":"<script> [1562 bytes]","args":[{"selector":{"controlType":"sap.m.SearchField","properties":{"placeholder":"Search"},"searchOpenDialogs":true,"interaction":{"idSuffix":"I"}},"wdio_ui5_key":"sapm.SearchField{\"placeholder\":\"Search\"}"}]}
RESULT: undefined
COMMAND: POST /session/afa7f6ae888d4a81c33b557753f8bf2b/execute/async - {"script":"<script> [776 bytes]","args":[{"enterText":"10001013","selector":{"controlType":"sap.m.SearchField","properties":{"placeholder":"Search"},"searchOpenDialogs":true,"interaction":{"idSuffix":"I"}},"clearTextFirst":true,"interactionType":"ENTER_TEXT"}]}
RESULT: {"script":"<script> [776 bytes]","args":[{"enterText":"10001013","selector":{"controlType":"sap.m.SearchField","properties":{"placeholder":"Search"},"searchOpenDialogs":true,"interaction":{"idSuffix":"I"}},"clearTextFirst":true,"interactionType":"ENTER_TEXT"}]}
COMMAND: POST /session/afa7f6ae888d4a81c33b557753f8bf2b/actions - {"actions":[{"id":"action11","type":"key","parameters":{},"actions":[{"type":"keyDown","value":"î€‡"},{"type":"pause","duration":10},{"type":"keyUp","value":"î€‡"}]}]}
RESULT: {"actions":[{"id":"action11","type":"key","parameters":{},"actions":[{"type":"keyDown","value":"î€‡"},{"type":"pause","duration":10},{"type":"keyUp","value":"î€‡"}]}]}
COMMAND: GET /session/afa7f6ae888d4a81c33b557753f8bf2b/screenshot - {}
RESULT: {}
COMMAND: POST /session/afa7f6ae888d4a81c33b557753f8bf2b/element - {"using":"xpath","value":"//span[contains(text(), \"General Management\")]"}
RESULT: {"using":"xpath","value":"//span[contains(text(), \"General Management\")]"}
COMMAND: POST /session/afa7f6ae888d4a81c33b557753f8bf2b/element/f.5D44D27F957A25FA92618EC870C8C5F4.d.FECC9BE48FA555301142AF32B5ED1966.e.3577/click - {}
RESULT: {}
COMMAND: GET /session/afa7f6ae888d4a81c33b557753f8bf2b/screenshot - {}
RESULT: {}
COMMAND: POST /session/afa7f6ae888d4a81c33b557753f8bf2b/element - {"using":"xpath","value":"//bdi[contains(text(), \"OK\")]"}
RESULT: {"using":"xpath","value":"//bdi[contains(text(), \"OK\")]"}
COMMAND: POST /session/afa7f6ae888d4a81c33b557753f8bf2b/element/f.5D44D27F957A25FA92618EC870C8C5F4.d.FECC9BE48FA555301142AF32B5ED1966.e.3578/click - {}
RESULT: {}
COMMAND: GET /session/afa7f6ae888d4a81c33b557753f8bf2b/screenshot - {}
RESULT: {}
COMMAND: POST /session/afa7f6ae888d4a81c33b557753f8bf2b/element - {"using":"xpath","value":"//input[@id=\"application-managepartners-display-component---NewPartner--companyCodeComboBox-inner\"]"}
RESULT: {"using":"xpath","value":"//input[@id=\"application-managepartners-display-component---NewPartner--companyCodeComboBox-inner\"]"}
COMMAND: POST /session/afa7f6ae888d4a81c33b557753f8bf2b/element/f.5D44D27F957A25FA92618EC870C8C5F4.d.FECC9BE48FA555301142AF32B5ED1966.e.3366/clear - {}
RESULT: {}
COMMAND: POST /session/afa7f6ae888d4a81c33b557753f8bf2b/element/f.5D44D27F957A25FA92618EC870C8C5F4.d.FECC9BE48FA555301142AF32B5ED1966.e.3366/value - {"text":"C002"}
COMMAND: GET /session/afa7f6ae888d4a81c33b557753f8bf2b/screenshot - {}
RESULT: {"text":"C002"}
COMMAND: GET /session/afa7f6ae888d4a81c33b557753f8bf2b/screenshot - {}
RESULT: {}
RESULT: {}
COMMAND: POST /session/afa7f6ae888d4a81c33b557753f8bf2b/element - {"using":"xpath","value":"//li[.//span[text()= \"C002\"]]"}
RESULT: {"using":"xpath","value":"//li[.//span[text()= \"C002\"]]"}
COMMAND: POST /session/afa7f6ae888d4a81c33b557753f8bf2b/element/f.5D44D27F957A25FA92618EC870C8C5F4.d.FECC9BE48FA555301142AF32B5ED1966.e.3584/click - {}
RESULT: {}
COMMAND: GET /session/afa7f6ae888d4a81c33b557753f8bf2b/screenshot - {}
RESULT: {}
COMMAND: POST /session/afa7f6ae888d4a81c33b557753f8bf2b/execute/async - {"script":"<script> [1562 bytes]","args":[{"selector":{"id":"application-managepartners-display-component---NewPartner--btnAddTableRow-img"},"wdio_ui5_key":"applicationmanagepartners-display-component---NewPartner--btnAddTableRow-img"}]}
RESULT: {"script":"<script> [1562 bytes]","args":[{"selector":{"id":"application-managepartners-display-component---NewPartner--btnAddTableRow-img"},"wdio_ui5_key":"applicationmanagepartners-display-component---NewPartner--btnAddTableRow-img"}]}
RESULT: undefined
COMMAND: POST /session/afa7f6ae888d4a81c33b557753f8bf2b/element - {"using":"xpath","value":"//*[@id=\"application-managepartners-display-component---NewPartner--btnAddTableRow-img\"]"}
RESULT: {"using":"xpath","value":"//*[@id=\"application-managepartners-display-component---NewPartner--btnAddTableRow-img\"]"}
COMMAND: POST /session/afa7f6ae888d4a81c33b557753f8bf2b/element/f.5D44D27F957A25FA92618EC870C8C5F4.d.FECC9BE48FA555301142AF32B5ED1966.e.3585/click - {}
RESULT: {}
COMMAND: GET /session/afa7f6ae888d4a81c33b557753f8bf2b/screenshot - {}
RESULT: {}
COMMAND: POST /session/afa7f6ae888d4a81c33b557753f8bf2b/element - {"using":"xpath","value":"//input[@id=\"application-managepartners-display-component---NewPartner--assignmentYard-application-managepartners-display-component---NewPartner--assignmentsTable-0-inner\"]"}
RESULT: {"using":"xpath","value":"//input[@id=\"application-managepartners-display-component---NewPartner--assignmentYard-application-managepartners-display-component---NewPartner--assignmentsTable-0-inner\"]"}
COMMAND: POST /session/afa7f6ae888d4a81c33b557753f8bf2b/element/f.5D44D27F957A25FA92618EC870C8C5F4.d.FECC9BE48FA555301142AF32B5ED1966.e.3588/clear - {}
RESULT: {}
COMMAND: POST /session/afa7f6ae888d4a81c33b557753f8bf2b/element/f.5D44D27F957A25FA92618EC870C8C5F4.d.FECC9BE48FA555301142AF32B5ED1966.e.3588/value - {"text":"191"}
COMMAND: GET /session/afa7f6ae888d4a81c33b557753f8bf2b/screenshot - {}
RESULT: {"text":"191"}
COMMAND: GET /session/afa7f6ae888d4a81c33b557753f8bf2b/screenshot - {}
RESULT: {}
RESULT: {}
COMMAND: POST /session/afa7f6ae888d4a81c33b557753f8bf2b/element - {"using":"xpath","value":"//li[.//span[text()='191']]"}
RESULT: {"using":"xpath","value":"//li[.//span[text()='191']]"}
COMMAND: POST /session/afa7f6ae888d4a81c33b557753f8bf2b/element/f.5D44D27F957A25FA92618EC870C8C5F4.d.FECC9BE48FA555301142AF32B5ED1966.e.3598/click - {}
RESULT: {}
COMMAND: GET /session/afa7f6ae888d4a81c33b557753f8bf2b/screenshot - {}
RESULT: {}
COMMAND: POST /session/afa7f6ae888d4a81c33b557753f8bf2b/actions - {"actions":[{"id":"action12","type":"key","parameters":{},"actions":[{"type":"keyDown","value":"î€‡"},{"type":"pause","duration":10},{"type":"keyUp","value":"î€‡"}]}]}
RESULT: {"actions":[{"id":"action12","type":"key","parameters":{},"actions":[{"type":"keyDown","value":"î€‡"},{"type":"pause","duration":10},{"type":"keyUp","value":"î€‡"}]}]}
COMMAND: POST /session/afa7f6ae888d4a81c33b557753f8bf2b/execute/async - {"script":"<script> [1562 bytes]","args":[{"selector":{"id":"application-managepartners-display-component---NewPartner--externalCustomerComboBox-application-managepartners-display-component---NewPartner--assignmentsTable-0-vhi"},"wdio_ui5_key":"applicationmanagepartners-display-component---NewPartner--externalCustomerComboBox-application-managepartners-display-component---NewPartner--assignmentsTable-0-vhi"}]}
COMMAND: GET /session/afa7f6ae888d4a81c33b557753f8bf2b/screenshot - {}
RESULT: {"script":"<script> [1562 bytes]","args":[{"selector":{"id":"application-managepartners-display-component---NewPartner--externalCustomerComboBox-application-managepartners-display-component---NewPartner--assignmentsTable-0-vhi"},"wdio_ui5_key":"applicationmanagepartners-display-component---NewPartner--externalCustomerComboBox-application-managepartners-display-component---NewPartner--assignmentsTable-0-vhi"}]}
RESULT: undefined
COMMAND: POST /session/afa7f6ae888d4a81c33b557753f8bf2b/element - {"using":"xpath","value":"//*[@id=\"application-managepartners-display-component---NewPartner--externalCustomerComboBox-application-managepartners-display-component---NewPartner--assignmentsTable-0-vhi\"]"}
RESULT: {}
RESULT: {"using":"xpath","value":"//*[@id=\"application-managepartners-display-component---NewPartner--externalCustomerComboBox-application-managepartners-display-component---NewPartner--assignmentsTable-0-vhi\"]"}
COMMAND: POST /session/afa7f6ae888d4a81c33b557753f8bf2b/element/f.5D44D27F957A25FA92618EC870C8C5F4.d.FECC9BE48FA555301142AF32B5ED1966.e.3602/click - {}
RESULT: {}
RESULT: undefined
COMMAND: POST /session/afa7f6ae888d4a81c33b557753f8bf2b/execute/async - {"script":"<script> [776 bytes]","args":[{"enterText":"300003","selector":{"controlType":"sap.m.SearchField","properties":{"placeholder":"Search"},"searchOpenDialogs":true,"interaction":{"idSuffix":"I"}},"clearTextFirst":true,"interactionType":"ENTER_TEXT"}]}
COMMAND: GET /session/afa7f6ae888d4a81c33b557753f8bf2b/screenshot - {}
RESULT: {}
RESULT: {"script":"<script> [776 bytes]","args":[{"enterText":"300003","selector":{"controlType":"sap.m.SearchField","properties":{"placeholder":"Search"},"searchOpenDialogs":true,"interaction":{"idSuffix":"I"}},"clearTextFirst":true,"interactionType":"ENTER_TEXT"}]}
COMMAND: POST /session/afa7f6ae888d4a81c33b557753f8bf2b/actions - {"actions":[{"id":"action13","type":"key","parameters":{},"actions":[{"type":"keyDown","value":"î€‡"},{"type":"pause","duration":10},{"type":"keyUp","value":"î€‡"}]}]}
RESULT: {"actions":[{"id":"action13","type":"key","parameters":{},"actions":[{"type":"keyDown","value":"î€‡"},{"type":"pause","duration":10},{"type":"keyUp","value":"î€‡"}]}]}
COMMAND: GET /session/afa7f6ae888d4a81c33b557753f8bf2b/screenshot - {}
RESULT: {}
COMMAND: POST /session/afa7f6ae888d4a81c33b557753f8bf2b/element - {"using":"xpath","value":"//span[contains(text(), \"300003\")]"}
RESULT: {"using":"xpath","value":"//span[contains(text(), \"300003\")]"}
COMMAND: POST /session/afa7f6ae888d4a81c33b557753f8bf2b/element/f.5D44D27F957A25FA92618EC870C8C5F4.d.FECC9BE48FA555301142AF32B5ED1966.e.3653/click - {}
RESULT: {}
COMMAND: GET /session/afa7f6ae888d4a81c33b557753f8bf2b/screenshot - {}
RESULT: {}
COMMAND: POST /session/afa7f6ae888d4a81c33b557753f8bf2b/element - {"using":"xpath","value":"//bdi[contains(text(), \"OK\")]"}
RESULT: {"using":"xpath","value":"//bdi[contains(text(), \"OK\")]"}
COMMAND: POST /session/afa7f6ae888d4a81c33b557753f8bf2b/element/f.5D44D27F957A25FA92618EC870C8C5F4.d.FECC9BE48FA555301142AF32B5ED1966.e.3655/click - {}
RESULT: {}
COMMAND: GET /session/afa7f6ae888d4a81c33b557753f8bf2b/screenshot - {}
RESULT: {}
COMMAND: POST /session/afa7f6ae888d4a81c33b557753f8bf2b/execute/async - {"script":"<script> [1562 bytes]","args":[{"selector":{"id":"application-managepartners-display-component---NewPartner--intercompVendorComboBox-application-managepartners-display-component---NewPartner--assignmentsTable-0-vhi"},"wdio_ui5_key":"applicationmanagepartners-display-component---NewPartner--intercompVendorComboBox-application-managepartners-display-component---NewPartner--assignmentsTable-0-vhi"}]}
RESULT: {"script":"<script> [1562 bytes]","args":[{"selector":{"id":"application-managepartners-display-component---NewPartner--intercompVendorComboBox-application-managepartners-display-component---NewPartner--assignmentsTable-0-vhi"},"wdio_ui5_key":"applicationmanagepartners-display-component---NewPartner--intercompVendorComboBox-application-managepartners-display-component---NewPartner--assignmentsTable-0-vhi"}]}
RESULT: undefined
COMMAND: POST /session/afa7f6ae888d4a81c33b557753f8bf2b/element - {"using":"xpath","value":"//*[@id=\"application-managepartners-display-component---NewPartner--intercompVendorComboBox-application-managepartners-display-component---NewPartner--assignmentsTable-0-vhi\"]"}
RESULT: {"using":"xpath","value":"//*[@id=\"application-managepartners-display-component---NewPartner--intercompVendorComboBox-application-managepartners-display-component---NewPartner--assignmentsTable-0-vhi\"]"}
COMMAND: POST /session/afa7f6ae888d4a81c33b557753f8bf2b/element/f.5D44D27F957A25FA92618EC870C8C5F4.d.FECC9BE48FA555301142AF32B5ED1966.e.3658/click - {}
RESULT: {}
RESULT: undefined
COMMAND: POST /session/afa7f6ae888d4a81c33b557753f8bf2b/execute/async - {"script":"<script> [776 bytes]","args":[{"enterText":"100005","selector":{"controlType":"sap.m.SearchField","properties":{"placeholder":"Search"},"searchOpenDialogs":true,"interaction":{"idSuffix":"I"}},"clearTextFirst":true,"interactionType":"ENTER_TEXT"}]}
COMMAND: GET /session/afa7f6ae888d4a81c33b557753f8bf2b/screenshot - {}
RESULT: {"script":"<script> [776 bytes]","args":[{"enterText":"100005","selector":{"controlType":"sap.m.SearchField","properties":{"placeholder":"Search"},"searchOpenDialogs":true,"interaction":{"idSuffix":"I"}},"clearTextFirst":true,"interactionType":"ENTER_TEXT"}]}
COMMAND: POST /session/afa7f6ae888d4a81c33b557753f8bf2b/actions - {"actions":[{"id":"action14","type":"key","parameters":{},"actions":[{"type":"keyDown","value":"î€‡"},{"type":"pause","duration":10},{"type":"keyUp","value":"î€‡"}]}]}
RESULT: {}
RESULT: {"actions":[{"id":"action14","type":"key","parameters":{},"actions":[{"type":"keyDown","value":"î€‡"},{"type":"pause","duration":10},{"type":"keyUp","value":"î€‡"}]}]}
COMMAND: GET /session/afa7f6ae888d4a81c33b557753f8bf2b/screenshot - {}
RESULT: {}
COMMAND: POST /session/afa7f6ae888d4a81c33b557753f8bf2b/element - {"using":"xpath","value":"//span[contains(text(), \"Penguins - Field/12345 Berlin\")]"}
RESULT: {"using":"xpath","value":"//span[contains(text(), \"Penguins - Field/12345 Berlin\")]"}
COMMAND: POST /session/afa7f6ae888d4a81c33b557753f8bf2b/element/f.5D44D27F957A25FA92618EC870C8C5F4.d.FECC9BE48FA555301142AF32B5ED1966.e.3676/click - {}
RESULT: {}
COMMAND: GET /session/afa7f6ae888d4a81c33b557753f8bf2b/screenshot - {}
RESULT: {}
COMMAND: POST /session/afa7f6ae888d4a81c33b557753f8bf2b/element - {"using":"xpath","value":"//bdi[contains(text(), \"OK\")]"}
RESULT: {"using":"xpath","value":"//bdi[contains(text(), \"OK\")]"}
COMMAND: POST /session/afa7f6ae888d4a81c33b557753f8bf2b/element/f.5D44D27F957A25FA92618EC870C8C5F4.d.FECC9BE48FA555301142AF32B5ED1966.e.3677/click - {}
RESULT: {}
COMMAND: GET /session/afa7f6ae888d4a81c33b557753f8bf2b/screenshot - {}
RESULT: {}
COMMAND: POST /session/afa7f6ae888d4a81c33b557753f8bf2b/element - {"using":"xpath","value":"//button[@data-kt=\"saveButton\"]"}
RESULT: {"using":"xpath","value":"//button[@data-kt=\"saveButton\"]"}
COMMAND: POST /session/afa7f6ae888d4a81c33b557753f8bf2b/element/f.5D44D27F957A25FA92618EC870C8C5F4.d.FECC9BE48FA555301142AF32B5ED1966.e.3416/click - {}
RESULT: {}
COMMAND: GET /session/afa7f6ae888d4a81c33b557753f8bf2b/screenshot - {}
RESULT: {}
COMMAND: POST /session/afa7f6ae888d4a81c33b557753f8bf2b/element - {"using":"xpath","value":"//header[contains(@id, 'ObjectPageLayout-headerTitle')]/div[1]/div[2]/div[2]/span[1]"}
RESULT: {"using":"xpath","value":"//header[contains(@id, 'ObjectPageLayout-headerTitle')]/div[1]/div[2]/div[2]/span[1]"}
COMMAND: POST /session/afa7f6ae888d4a81c33b557753f8bf2b/elements - {"using":"xpath","value":"//header[contains(@id, 'ObjectPageLayout-headerTitle')]/div[1]/div[2]/div[2]/span[1]"}
RESULT: {"using":"xpath","value":"//header[contains(@id, 'ObjectPageLayout-headerTitle')]/div[1]/div[2]/div[2]/span[1]"}
COMMAND: POST /session/afa7f6ae888d4a81c33b557753f8bf2b/execute/sync - {"script":"<script> [56 bytes]","args":[{"element-6066-11e4-a52e-4f735466cecf":"f.5D44D27F957A25FA92618EC870C8C5F4.d.FECC9BE48FA555301142AF32B5ED1966.e.3783","ELEMENT":"f.5D44D27F957A25FA92618EC870C8C5F4.d.FECC9BE48FA555301142AF32B5ED1966.e.3783"}]}
RESULT: {"script":"<script> [56 bytes]","args":[{"element-6066-11e4-a52e-4f735466cecf":"f.5D44D27F957A25FA92618EC870C8C5F4.d.FECC9BE48FA555301142AF32B5ED1966.e.3783","ELEMENT":"f.5D44D27F957A25FA92618EC870C8C5F4.d.FECC9BE48FA555301142AF32B5ED1966.e.3783"}]}
COMMAND: POST /session/afa7f6ae888d4a81c33b557753f8bf2b/element - {"using":"css selector","value":"#shell-header-logo"}
COMMAND: GET /session/afa7f6ae888d4a81c33b557753f8bf2b/screenshot - {}
RESULT: {"using":"css selector","value":"#shell-header-logo"}
COMMAND: POST /session/afa7f6ae888d4a81c33b557753f8bf2b/element/f.5D44D27F957A25FA92618EC870C8C5F4.d.FECC9BE48FA555301142AF32B5ED1966.e.3136/click - {}
RESULT: {}
RESULT: {}
COMMAND: GET /session/afa7f6ae888d4a81c33b557753f8bf2b/screenshot - {}
RESULT: {}
COMMAND: POST /session/afa7f6ae888d4a81c33b557753f8bf2b/execute/sync - {"script":"<script> [299 bytes]","args":[["getModel","getResource"]]}
RESULT: {"script":"<script> [299 bytes]","args":[["getModel","getResource"]]}
]]></system-out>
    </testcase>
    <testcase classname="chrome.137_0_7151_69.windows.Edit_and_delete_daily_price_US134629_US134627" name="Should create a new site used for following tests" time="95.123">
      <system-out><![CDATA[
COMMAND: POST /session/afa7f6ae888d4a81c33b557753f8bf2b/execute/async - {"script":"<script> [1562 bytes]","args":[{"selector":{"controlType":"sap.m.GenericTile","properties":{"header":"Manage Sites"}},"wdio_ui5_key":"sapm.GenericTile{\"header\":\"Manage Sites\"}"}]}
COMMAND: GET /session/afa7f6ae888d4a81c33b557753f8bf2b/screenshot - {}
RESULT: {"script":"<script> [1562 bytes]","args":[{"selector":{"controlType":"sap.m.GenericTile","properties":{"header":"Manage Sites"}},"wdio_ui5_key":"sapm.GenericTile{\"header\":\"Manage Sites\"}"}]}
RESULT: undefined
COMMAND: POST /session/afa7f6ae888d4a81c33b557753f8bf2b/element - {"using":"xpath","value":"//*[@id=\"__tile41\"]"}
RESULT: {}
RESULT: {"using":"xpath","value":"//*[@id=\"__tile41\"]"}
COMMAND: POST /session/afa7f6ae888d4a81c33b557753f8bf2b/element/f.5D44D27F957A25FA92618EC870C8C5F4.d.FECC9BE48FA555301142AF32B5ED1966.e.3023/click - {}
RESULT: {}
COMMAND: GET /session/afa7f6ae888d4a81c33b557753f8bf2b/screenshot - {}
RESULT: {}
COMMAND: POST /session/afa7f6ae888d4a81c33b557753f8bf2b/elements - {"using":"xpath","value":"//span[text()='Error']"}
RESULT: {"using":"xpath","value":"//span[text()='Error']"}
COMMAND: POST /session/afa7f6ae888d4a81c33b557753f8bf2b/element - {"using":"xpath","value":"//button[@data-kt=\"addOverflowToolbarButton\"]"}
RESULT: {"using":"xpath","value":"//button[@data-kt=\"addOverflowToolbarButton\"]"}
COMMAND: POST /session/afa7f6ae888d4a81c33b557753f8bf2b/elements - {"using":"xpath","value":"//button[@data-kt=\"addOverflowToolbarButton\"]"}
RESULT: {"using":"xpath","value":"//button[@data-kt=\"addOverflowToolbarButton\"]"}
COMMAND: POST /session/afa7f6ae888d4a81c33b557753f8bf2b/execute/sync - {"script":"<script> [8489 bytes]","args":[{"element-6066-11e4-a52e-4f735466cecf":"f.5D44D27F957A25FA92618EC870C8C5F4.d.FECC9BE48FA555301142AF32B5ED1966.e.3831","ELEMENT":"f.5D44D27F957A25FA92618EC870C8C5F4.d.FECC9BE48FA555301142AF32B5ED1966.e.3831"}]}
RESULT: {"script":"<script> [8489 bytes]","args":[{"element-6066-11e4-a52e-4f735466cecf":"f.5D44D27F957A25FA92618EC870C8C5F4.d.FECC9BE48FA555301142AF32B5ED1966.e.3831","ELEMENT":"f.5D44D27F957A25FA92618EC870C8C5F4.d.FECC9BE48FA555301142AF32B5ED1966.e.3831"}]}
COMMAND: GET /session/afa7f6ae888d4a81c33b557753f8bf2b/element/f.5D44D27F957A25FA92618EC870C8C5F4.d.FECC9BE48FA555301142AF32B5ED1966.e.3831/enabled - {}
COMMAND: GET /session/afa7f6ae888d4a81c33b557753f8bf2b/screenshot - {}
RESULT: {}
COMMAND: POST /session/afa7f6ae888d4a81c33b557753f8bf2b/execute/sync - {"script":"<script> [8489 bytes]","args":[{"element-6066-11e4-a52e-4f735466cecf":"f.5D44D27F957A25FA92618EC870C8C5F4.d.FECC9BE48FA555301142AF32B5ED1966.e.3831","ELEMENT":"f.5D44D27F957A25FA92618EC870C8C5F4.d.FECC9BE48FA555301142AF32B5ED1966.e.3831"}]}
COMMAND: GET /session/afa7f6ae888d4a81c33b557753f8bf2b/screenshot - {}
RESULT: {}
RESULT: {"script":"<script> [8489 bytes]","args":[{"element-6066-11e4-a52e-4f735466cecf":"f.5D44D27F957A25FA92618EC870C8C5F4.d.FECC9BE48FA555301142AF32B5ED1966.e.3831","ELEMENT":"f.5D44D27F957A25FA92618EC870C8C5F4.d.FECC9BE48FA555301142AF32B5ED1966.e.3831"}]}
COMMAND: POST /session/afa7f6ae888d4a81c33b557753f8bf2b/execute/sync - {"script":"<script> [5351 bytes]","args":[{"element-6066-11e4-a52e-4f735466cecf":"f.5D44D27F957A25FA92618EC870C8C5F4.d.FECC9BE48FA555301142AF32B5ED1966.e.3831","ELEMENT":"f.5D44D27F957A25FA92618EC870C8C5F4.d.FECC9BE48FA555301142AF32B5ED1966.e.3831"}]}
COMMAND: GET /session/afa7f6ae888d4a81c33b557753f8bf2b/screenshot - {}
RESULT: {}
RESULT: {"script":"<script> [5351 bytes]","args":[{"element-6066-11e4-a52e-4f735466cecf":"f.5D44D27F957A25FA92618EC870C8C5F4.d.FECC9BE48FA555301142AF32B5ED1966.e.3831","ELEMENT":"f.5D44D27F957A25FA92618EC870C8C5F4.d.FECC9BE48FA555301142AF32B5ED1966.e.3831"}]}
COMMAND: POST /session/afa7f6ae888d4a81c33b557753f8bf2b/element/f.5D44D27F957A25FA92618EC870C8C5F4.d.FECC9BE48FA555301142AF32B5ED1966.e.3831/click - {}
COMMAND: GET /session/afa7f6ae888d4a81c33b557753f8bf2b/screenshot - {}
RESULT: {}
RESULT: {}
COMMAND: GET /session/afa7f6ae888d4a81c33b557753f8bf2b/screenshot - {}
COMMAND: POST /session/afa7f6ae888d4a81c33b557753f8bf2b/element - {"using":"xpath","value":"//input[@id=\"application-managesites-display-component---NewSite--siteId-inner\"]"}
RESULT: {}
RESULT: {}
RESULT: {"using":"xpath","value":"//input[@id=\"application-managesites-display-component---NewSite--siteId-inner\"]"}
COMMAND: POST /session/afa7f6ae888d4a81c33b557753f8bf2b/element - {"using":"xpath","value":"//input[@id=\"application-managesites-display-component---NewSite--siteId-inner\"]"}
RESULT: {"using":"xpath","value":"//input[@id=\"application-managesites-display-component---NewSite--siteId-inner\"]"}
COMMAND: POST /session/afa7f6ae888d4a81c33b557753f8bf2b/execute/async - {"script":"<script> [1562 bytes]","args":[{"selector":{"id":"application-managesites-display-component---NewSite--addressDetailDetailsName1","interaction":{"idSuffix":"inner"}},"wdio_ui5_key":"applicationmanagesites-display-component---NewSite--addressDetailDetailsName1"}]}
RESULT: {"script":"<script> [1562 bytes]","args":[{"selector":{"id":"application-managesites-display-component---NewSite--addressDetailDetailsName1","interaction":{"idSuffix":"inner"}},"wdio_ui5_key":"applicationmanagesites-display-component---NewSite--addressDetailDetailsName1"}]}
RESULT: undefined
COMMAND: POST /session/afa7f6ae888d4a81c33b557753f8bf2b/execute/async - {"script":"<script> [776 bytes]","args":[{"enterText":"DailyPrice WDIO","selector":{"id":"application-managesites-display-component---NewSite--addressDetailDetailsName1","interaction":{"idSuffix":"inner"}},"clearTextFirst":true,"interactionType":"ENTER_TEXT"}]}
RESULT: {"script":"<script> [776 bytes]","args":[{"enterText":"DailyPrice WDIO","selector":{"id":"application-managesites-display-component---NewSite--addressDetailDetailsName1","interaction":{"idSuffix":"inner"}},"clearTextFirst":true,"interactionType":"ENTER_TEXT"}]}
COMMAND: POST /session/afa7f6ae888d4a81c33b557753f8bf2b/execute/async - {"script":"<script> [1562 bytes]","args":[{"selector":{"id":"application-managesites-display-component---NewSite--addressDetailDetailsLanguage-arrow"},"wdio_ui5_key":"applicationmanagesites-display-component---NewSite--addressDetailDetailsLanguage-arrow"}]}
RESULT: {"script":"<script> [1562 bytes]","args":[{"selector":{"id":"application-managesites-display-component---NewSite--addressDetailDetailsLanguage-arrow"},"wdio_ui5_key":"applicationmanagesites-display-component---NewSite--addressDetailDetailsLanguage-arrow"}]}
RESULT: undefined
COMMAND: POST /session/afa7f6ae888d4a81c33b557753f8bf2b/element - {"using":"xpath","value":"//*[@id=\"application-managesites-display-component---NewSite--addressDetailDetailsLanguage-arrow\"]"}
RESULT: {"using":"xpath","value":"//*[@id=\"application-managesites-display-component---NewSite--addressDetailDetailsLanguage-arrow\"]"}
COMMAND: POST /session/afa7f6ae888d4a81c33b557753f8bf2b/element/f.5D44D27F957A25FA92618EC870C8C5F4.d.FECC9BE48FA555301142AF32B5ED1966.e.4363/click - {}
RESULT: {}
COMMAND: POST /session/afa7f6ae888d4a81c33b557753f8bf2b/element - {"using":"xpath","value":"//span[contains(text(), \"English\")]"}
COMMAND: GET /session/afa7f6ae888d4a81c33b557753f8bf2b/screenshot - {}
RESULT: {"using":"xpath","value":"//span[contains(text(), \"English\")]"}
COMMAND: POST /session/afa7f6ae888d4a81c33b557753f8bf2b/element/f.5D44D27F957A25FA92618EC870C8C5F4.d.FECC9BE48FA555301142AF32B5ED1966.e.4364/click - {}
RESULT: {}
RESULT: {}
COMMAND: POST /session/afa7f6ae888d4a81c33b557753f8bf2b/execute/async - {"script":"<script> [1562 bytes]","args":[{"selector":{"id":"application-managesites-display-component---NewSite--addressDetailDetailsCity1","interaction":{"idSuffix":"inner"}},"wdio_ui5_key":"applicationmanagesites-display-component---NewSite--addressDetailDetailsCity1"}]}
COMMAND: GET /session/afa7f6ae888d4a81c33b557753f8bf2b/screenshot - {}
RESULT: {"script":"<script> [1562 bytes]","args":[{"selector":{"id":"application-managesites-display-component---NewSite--addressDetailDetailsCity1","interaction":{"idSuffix":"inner"}},"wdio_ui5_key":"applicationmanagesites-display-component---NewSite--addressDetailDetailsCity1"}]}
RESULT: undefined
COMMAND: POST /session/afa7f6ae888d4a81c33b557753f8bf2b/execute/async - {"script":"<script> [776 bytes]","args":[{"enterText":"Rosario","selector":{"id":"application-managesites-display-component---NewSite--addressDetailDetailsCity1","interaction":{"idSuffix":"inner"}},"clearTextFirst":true,"interactionType":"ENTER_TEXT"}]}
RESULT: {}
RESULT: {"script":"<script> [776 bytes]","args":[{"enterText":"Rosario","selector":{"id":"application-managesites-display-component---NewSite--addressDetailDetailsCity1","interaction":{"idSuffix":"inner"}},"clearTextFirst":true,"interactionType":"ENTER_TEXT"}]}
COMMAND: POST /session/afa7f6ae888d4a81c33b557753f8bf2b/execute/async - {"script":"<script> [1562 bytes]","args":[{"selector":{"id":"application-managesites-display-component---NewSite--addressDetailDetailsCountry-arrow"},"wdio_ui5_key":"applicationmanagesites-display-component---NewSite--addressDetailDetailsCountry-arrow"}]}
RESULT: {"script":"<script> [1562 bytes]","args":[{"selector":{"id":"application-managesites-display-component---NewSite--addressDetailDetailsCountry-arrow"},"wdio_ui5_key":"applicationmanagesites-display-component---NewSite--addressDetailDetailsCountry-arrow"}]}
RESULT: undefined
COMMAND: POST /session/afa7f6ae888d4a81c33b557753f8bf2b/element - {"using":"xpath","value":"//*[@id=\"application-managesites-display-component---NewSite--addressDetailDetailsCountry-arrow\"]"}
RESULT: {"using":"xpath","value":"//*[@id=\"application-managesites-display-component---NewSite--addressDetailDetailsCountry-arrow\"]"}
COMMAND: POST /session/afa7f6ae888d4a81c33b557753f8bf2b/element/f.5D44D27F957A25FA92618EC870C8C5F4.d.FECC9BE48FA555301142AF32B5ED1966.e.4366/click - {}
RESULT: {}
COMMAND: POST /session/afa7f6ae888d4a81c33b557753f8bf2b/element - {"using":"xpath","value":"//span[contains(text(), \"Argentina\")]"}
COMMAND: GET /session/afa7f6ae888d4a81c33b557753f8bf2b/screenshot - {}
RESULT: {"using":"xpath","value":"//span[contains(text(), \"Argentina\")]"}
COMMAND: POST /session/afa7f6ae888d4a81c33b557753f8bf2b/element/f.5D44D27F957A25FA92618EC870C8C5F4.d.FECC9BE48FA555301142AF32B5ED1966.e.4368/click - {}
RESULT: {}
RESULT: {}
COMMAND: GET /session/afa7f6ae888d4a81c33b557753f8bf2b/screenshot - {}
RESULT: {}
COMMAND: POST /session/afa7f6ae888d4a81c33b557753f8bf2b/execute/async - {"script":"<script> [1562 bytes]","args":[{"selector":{"id":"application-managesites-display-component---NewSite--addressEditDetailsCostObjectCstType-arrow"},"wdio_ui5_key":"applicationmanagesites-display-component---NewSite--addressEditDetailsCostObjectCstType-arrow"}]}
RESULT: {"script":"<script> [1562 bytes]","args":[{"selector":{"id":"application-managesites-display-component---NewSite--addressEditDetailsCostObjectCstType-arrow"},"wdio_ui5_key":"applicationmanagesites-display-component---NewSite--addressEditDetailsCostObjectCstType-arrow"}]}
RESULT: undefined
COMMAND: POST /session/afa7f6ae888d4a81c33b557753f8bf2b/element - {"using":"xpath","value":"//*[@id=\"application-managesites-display-component---NewSite--addressEditDetailsCostObjectCstType-arrow\"]"}
RESULT: {"using":"xpath","value":"//*[@id=\"application-managesites-display-component---NewSite--addressEditDetailsCostObjectCstType-arrow\"]"}
COMMAND: POST /session/afa7f6ae888d4a81c33b557753f8bf2b/element/f.5D44D27F957A25FA92618EC870C8C5F4.d.FECC9BE48FA555301142AF32B5ED1966.e.4369/click - {}
RESULT: {}
COMMAND: POST /session/afa7f6ae888d4a81c33b557753f8bf2b/element - {"using":"xpath","value":"//span[contains(text(), \"Cost Center\")]"}
COMMAND: GET /session/afa7f6ae888d4a81c33b557753f8bf2b/screenshot - {}
RESULT: {"using":"xpath","value":"//span[contains(text(), \"Cost Center\")]"}
COMMAND: POST /session/afa7f6ae888d4a81c33b557753f8bf2b/element/f.5D44D27F957A25FA92618EC870C8C5F4.d.FECC9BE48FA555301142AF32B5ED1966.e.4370/click - {}
RESULT: {}
RESULT: {}
COMMAND: GET /session/afa7f6ae888d4a81c33b557753f8bf2b/screenshot - {}
RESULT: {}
COMMAND: POST /session/afa7f6ae888d4a81c33b557753f8bf2b/element - {"using":"xpath","value":"//span[@id=\"application-managesites-display-component---NewSite--addressNewCostObjectCstID-vhi\"]"}
RESULT: {"using":"xpath","value":"//span[@id=\"application-managesites-display-component---NewSite--addressNewCostObjectCstID-vhi\"]"}
COMMAND: POST /session/afa7f6ae888d4a81c33b557753f8bf2b/execute/sync - {"script":"<script> [8489 bytes]","args":[{"element-6066-11e4-a52e-4f735466cecf":"f.5D44D27F957A25FA92618EC870C8C5F4.d.FECC9BE48FA555301142AF32B5ED1966.e.4375","ELEMENT":"f.5D44D27F957A25FA92618EC870C8C5F4.d.FECC9BE48FA555301142AF32B5ED1966.e.4375"}]}
RESULT: {"script":"<script> [8489 bytes]","args":[{"element-6066-11e4-a52e-4f735466cecf":"f.5D44D27F957A25FA92618EC870C8C5F4.d.FECC9BE48FA555301142AF32B5ED1966.e.4375","ELEMENT":"f.5D44D27F957A25FA92618EC870C8C5F4.d.FECC9BE48FA555301142AF32B5ED1966.e.4375"}]}
COMMAND: POST /session/afa7f6ae888d4a81c33b557753f8bf2b/execute/async - {"script":"<script> [1562 bytes]","args":[{"selector":{"id":"application-managesites-display-component---NewSite--addressNewCostObjectCstID-vhi"},"wdio_ui5_key":"applicationmanagesites-display-component---NewSite--addressNewCostObjectCstID-vhi"}]}
COMMAND: GET /session/afa7f6ae888d4a81c33b557753f8bf2b/screenshot - {}
RESULT: {"script":"<script> [1562 bytes]","args":[{"selector":{"id":"application-managesites-display-component---NewSite--addressNewCostObjectCstID-vhi"},"wdio_ui5_key":"applicationmanagesites-display-component---NewSite--addressNewCostObjectCstID-vhi"}]}
RESULT: undefined
COMMAND: POST /session/afa7f6ae888d4a81c33b557753f8bf2b/element - {"using":"xpath","value":"//*[@id=\"application-managesites-display-component---NewSite--addressNewCostObjectCstID-vhi\"]"}
RESULT: {}
RESULT: {"using":"xpath","value":"//*[@id=\"application-managesites-display-component---NewSite--addressNewCostObjectCstID-vhi\"]"}
COMMAND: POST /session/afa7f6ae888d4a81c33b557753f8bf2b/element/f.5D44D27F957A25FA92618EC870C8C5F4.d.FECC9BE48FA555301142AF32B5ED1966.e.4375/click - {}
RESULT: {}
COMMAND: GET /session/afa7f6ae888d4a81c33b557753f8bf2b/screenshot - {}
RESULT: {}
RESULT: undefined
COMMAND: POST /session/afa7f6ae888d4a81c33b557753f8bf2b/execute/async - {"script":"<script> [776 bytes]","args":[{"enterText":"10001013","selector":{"controlType":"sap.m.SearchField","properties":{"placeholder":"Search"},"searchOpenDialogs":true,"interaction":{"idSuffix":"I"}},"clearTextFirst":true,"interactionType":"ENTER_TEXT"}]}
RESULT: {"script":"<script> [776 bytes]","args":[{"enterText":"10001013","selector":{"controlType":"sap.m.SearchField","properties":{"placeholder":"Search"},"searchOpenDialogs":true,"interaction":{"idSuffix":"I"}},"clearTextFirst":true,"interactionType":"ENTER_TEXT"}]}
COMMAND: POST /session/afa7f6ae888d4a81c33b557753f8bf2b/actions - {"actions":[{"id":"action15","type":"key","parameters":{},"actions":[{"type":"keyDown","value":"î€‡"},{"type":"pause","duration":10},{"type":"keyUp","value":"î€‡"}]}]}
RESULT: {"actions":[{"id":"action15","type":"key","parameters":{},"actions":[{"type":"keyDown","value":"î€‡"},{"type":"pause","duration":10},{"type":"keyUp","value":"î€‡"}]}]}
COMMAND: GET /session/afa7f6ae888d4a81c33b557753f8bf2b/screenshot - {}
RESULT: {}
COMMAND: POST /session/afa7f6ae888d4a81c33b557753f8bf2b/element - {"using":"xpath","value":"//span[contains(text(), \"General Management\")]"}
RESULT: {"using":"xpath","value":"//span[contains(text(), \"General Management\")]"}
COMMAND: POST /session/afa7f6ae888d4a81c33b557753f8bf2b/element/f.5D44D27F957A25FA92618EC870C8C5F4.d.FECC9BE48FA555301142AF32B5ED1966.e.4415/click - {}
RESULT: {}
COMMAND: GET /session/afa7f6ae888d4a81c33b557753f8bf2b/screenshot - {}
RESULT: {}
COMMAND: POST /session/afa7f6ae888d4a81c33b557753f8bf2b/element - {"using":"xpath","value":"//bdi[contains(text(), \"OK\")]"}
RESULT: {"using":"xpath","value":"//bdi[contains(text(), \"OK\")]"}
COMMAND: POST /session/afa7f6ae888d4a81c33b557753f8bf2b/element/f.5D44D27F957A25FA92618EC870C8C5F4.d.FECC9BE48FA555301142AF32B5ED1966.e.4416/click - {}
RESULT: {}
COMMAND: GET /session/afa7f6ae888d4a81c33b557753f8bf2b/screenshot - {}
RESULT: {}
COMMAND: POST /session/afa7f6ae888d4a81c33b557753f8bf2b/element - {"using":"xpath","value":"//input[@id=\"application-managesites-display-component---NewSite--addressDetailDetailsCalendar-inner\"]"}
RESULT: {"using":"xpath","value":"//input[@id=\"application-managesites-display-component---NewSite--addressDetailDetailsCalendar-inner\"]"}
COMMAND: POST /session/afa7f6ae888d4a81c33b557753f8bf2b/element/f.5D44D27F957A25FA92618EC870C8C5F4.d.FECC9BE48FA555301142AF32B5ED1966.e.4206/clear - {}
RESULT: {}
COMMAND: POST /session/afa7f6ae888d4a81c33b557753f8bf2b/element/f.5D44D27F957A25FA92618EC870C8C5F4.d.FECC9BE48FA555301142AF32B5ED1966.e.4206/value - {"text":"Unit"}
COMMAND: GET /session/afa7f6ae888d4a81c33b557753f8bf2b/screenshot - {}
RESULT: {"text":"Unit"}
COMMAND: GET /session/afa7f6ae888d4a81c33b557753f8bf2b/screenshot - {}
RESULT: {}
RESULT: {}
COMMAND: POST /session/afa7f6ae888d4a81c33b557753f8bf2b/actions - {"actions":[{"id":"action16","type":"key","parameters":{},"actions":[{"type":"keyDown","value":"î€‡"},{"type":"pause","duration":10},{"type":"keyUp","value":"î€‡"}]}]}
RESULT: {"actions":[{"id":"action16","type":"key","parameters":{},"actions":[{"type":"keyDown","value":"î€‡"},{"type":"pause","duration":10},{"type":"keyUp","value":"î€‡"}]}]}
COMMAND: POST /session/afa7f6ae888d4a81c33b557753f8bf2b/element - {"using":"xpath","value":"//input[@id=\"application-managesites-display-component---NewSite--addressDetailDetailsYard-inner\"]"}
COMMAND: GET /session/afa7f6ae888d4a81c33b557753f8bf2b/screenshot - {}
RESULT: {"using":"xpath","value":"//input[@id=\"application-managesites-display-component---NewSite--addressDetailDetailsYard-inner\"]"}
COMMAND: POST /session/afa7f6ae888d4a81c33b557753f8bf2b/element/f.5D44D27F957A25FA92618EC870C8C5F4.d.FECC9BE48FA555301142AF32B5ED1966.e.4207/clear - {}
RESULT: {}
RESULT: {}
COMMAND: POST /session/afa7f6ae888d4a81c33b557753f8bf2b/element/f.5D44D27F957A25FA92618EC870C8C5F4.d.FECC9BE48FA555301142AF32B5ED1966.e.4207/value - {"text":"191"}
COMMAND: GET /session/afa7f6ae888d4a81c33b557753f8bf2b/screenshot - {}
RESULT: {"text":"191"}
COMMAND: GET /session/afa7f6ae888d4a81c33b557753f8bf2b/screenshot - {}
RESULT: {}
RESULT: {}
COMMAND: POST /session/afa7f6ae888d4a81c33b557753f8bf2b/element - {"using":"xpath","value":"//li[.//span[text()='191']]"}
RESULT: {"using":"xpath","value":"//li[.//span[text()='191']]"}
COMMAND: POST /session/afa7f6ae888d4a81c33b557753f8bf2b/element/f.5D44D27F957A25FA92618EC870C8C5F4.d.FECC9BE48FA555301142AF32B5ED1966.e.4424/click - {}
RESULT: {}
COMMAND: GET /session/afa7f6ae888d4a81c33b557753f8bf2b/screenshot - {}
RESULT: {}
COMMAND: POST /session/afa7f6ae888d4a81c33b557753f8bf2b/element - {"using":"xpath","value":"//input[@id=\"application-managesites-display-component---NewSite--addressDetailDetailsPartner-inner\"]"}
RESULT: {"using":"xpath","value":"//input[@id=\"application-managesites-display-component---NewSite--addressDetailDetailsPartner-inner\"]"}
COMMAND: POST /session/afa7f6ae888d4a81c33b557753f8bf2b/element - {"using":"xpath","value":"//input[@id=\"application-managesites-display-component---NewSite--addressDetailDetailsPartner-inner\"]"}
RESULT: {"using":"xpath","value":"//input[@id=\"application-managesites-display-component---NewSite--addressDetailDetailsPartner-inner\"]"}
COMMAND: POST /session/afa7f6ae888d4a81c33b557753f8bf2b/element - {"using":"xpath","value":"//button[@data-kt=\"saveButton\"]"}
RESULT: {"using":"xpath","value":"//button[@data-kt=\"saveButton\"]"}
COMMAND: POST /session/afa7f6ae888d4a81c33b557753f8bf2b/element/f.5D44D27F957A25FA92618EC870C8C5F4.d.FECC9BE48FA555301142AF32B5ED1966.e.4318/click - {}
RESULT: {}
COMMAND: GET /session/afa7f6ae888d4a81c33b557753f8bf2b/screenshot - {}
RESULT: {}
COMMAND: POST /session/afa7f6ae888d4a81c33b557753f8bf2b/element - {"using":"xpath","value":"//header[contains(@id, 'ObjectPageLayout-headerTitle')]/div[1]/div[2]/div[2]/span[1]"}
RESULT: {"using":"xpath","value":"//header[contains(@id, 'ObjectPageLayout-headerTitle')]/div[1]/div[2]/div[2]/span[1]"}
COMMAND: POST /session/afa7f6ae888d4a81c33b557753f8bf2b/elements - {"using":"xpath","value":"//header[contains(@id, 'ObjectPageLayout-headerTitle')]/div[1]/div[2]/div[2]/span[1]"}
RESULT: {"using":"xpath","value":"//header[contains(@id, 'ObjectPageLayout-headerTitle')]/div[1]/div[2]/div[2]/span[1]"}
COMMAND: POST /session/afa7f6ae888d4a81c33b557753f8bf2b/execute/sync - {"script":"<script> [56 bytes]","args":[{"element-6066-11e4-a52e-4f735466cecf":"f.5D44D27F957A25FA92618EC870C8C5F4.d.FECC9BE48FA555301142AF32B5ED1966.e.4574","ELEMENT":"f.5D44D27F957A25FA92618EC870C8C5F4.d.FECC9BE48FA555301142AF32B5ED1966.e.4574"}]}
RESULT: {"script":"<script> [56 bytes]","args":[{"element-6066-11e4-a52e-4f735466cecf":"f.5D44D27F957A25FA92618EC870C8C5F4.d.FECC9BE48FA555301142AF32B5ED1966.e.4574","ELEMENT":"f.5D44D27F957A25FA92618EC870C8C5F4.d.FECC9BE48FA555301142AF32B5ED1966.e.4574"}]}
COMMAND: POST /session/afa7f6ae888d4a81c33b557753f8bf2b/element - {"using":"css selector","value":"#shell-header-logo"}
COMMAND: GET /session/afa7f6ae888d4a81c33b557753f8bf2b/screenshot - {}
RESULT: {"using":"css selector","value":"#shell-header-logo"}
COMMAND: POST /session/afa7f6ae888d4a81c33b557753f8bf2b/element/f.5D44D27F957A25FA92618EC870C8C5F4.d.FECC9BE48FA555301142AF32B5ED1966.e.3788/click - {}
RESULT: {}
RESULT: {}
COMMAND: GET /session/afa7f6ae888d4a81c33b557753f8bf2b/screenshot - {}
RESULT: {}
COMMAND: POST /session/afa7f6ae888d4a81c33b557753f8bf2b/execute/sync - {"script":"<script> [299 bytes]","args":[["getModel","getResource"]]}
RESULT: {"script":"<script> [299 bytes]","args":[["getModel","getResource"]]}
]]></system-out>
    </testcase>
    <testcase classname="chrome.137_0_7151_69.windows.Edit_and_delete_daily_price_US134629_US134627" name="Should go to Manage Conditions Daily Price and add the 2 rows one with yard site and one with yard" time="73.386">
      <system-out><![CDATA[
COMMAND: POST /session/afa7f6ae888d4a81c33b557753f8bf2b/execute/async - {"script":"<script> [1562 bytes]","args":[{"selector":{"controlType":"sap.m.GenericTile","properties":{"header":"Manage Conditions & Prices"}},"wdio_ui5_key":"sapm.GenericTile{\"header\":\"Manage Conditions & Prices\"}"}]}
COMMAND: GET /session/afa7f6ae888d4a81c33b557753f8bf2b/screenshot - {}
RESULT: {"script":"<script> [1562 bytes]","args":[{"selector":{"controlType":"sap.m.GenericTile","properties":{"header":"Manage Conditions & Prices"}},"wdio_ui5_key":"sapm.GenericTile{\"header\":\"Manage Conditions & Prices\"}"}]}
RESULT: undefined
COMMAND: POST /session/afa7f6ae888d4a81c33b557753f8bf2b/element - {"using":"xpath","value":"//*[@id=\"__tile55\"]"}
RESULT: {}
RESULT: {"using":"xpath","value":"//*[@id=\"__tile55\"]"}
COMMAND: POST /session/afa7f6ae888d4a81c33b557753f8bf2b/element/f.5D44D27F957A25FA92618EC870C8C5F4.d.FECC9BE48FA555301142AF32B5ED1966.e.3070/click - {}
RESULT: {}
COMMAND: GET /session/afa7f6ae888d4a81c33b557753f8bf2b/screenshot - {}
RESULT: {}
COMMAND: POST /session/afa7f6ae888d4a81c33b557753f8bf2b/elements - {"using":"xpath","value":"//span[text()='Error']"}
RESULT: {"using":"xpath","value":"//span[text()='Error']"}
COMMAND: POST /session/afa7f6ae888d4a81c33b557753f8bf2b/element - {"using":"xpath","value":"//button[@aria-label=\"Create\"]"}
RESULT: {"using":"xpath","value":"//button[@aria-label=\"Create\"]"}
COMMAND: POST /session/afa7f6ae888d4a81c33b557753f8bf2b/element/f.5D44D27F957A25FA92618EC870C8C5F4.d.FECC9BE48FA555301142AF32B5ED1966.e.4605/click - {}
RESULT: {}
COMMAND: GET /session/afa7f6ae888d4a81c33b557753f8bf2b/screenshot - {}
RESULT: {}
COMMAND: POST /session/afa7f6ae888d4a81c33b557753f8bf2b/actions - {"actions":[{"id":"action17","type":"key","parameters":{},"actions":[{"type":"keyDown","value":"î€•"},{"type":"pause","duration":10},{"type":"keyUp","value":"î€•"}]}]}
RESULT: {"actions":[{"id":"action17","type":"key","parameters":{},"actions":[{"type":"keyDown","value":"î€•"},{"type":"pause","duration":10},{"type":"keyUp","value":"î€•"}]}]}
COMMAND: POST /session/afa7f6ae888d4a81c33b557753f8bf2b/actions - {"actions":[{"id":"action18","type":"key","parameters":{},"actions":[{"type":"keyDown","value":"î€‡"},{"type":"pause","duration":10},{"type":"keyUp","value":"î€‡"}]}]}
COMMAND: GET /session/afa7f6ae888d4a81c33b557753f8bf2b/screenshot - {}
RESULT: {"actions":[{"id":"action18","type":"key","parameters":{},"actions":[{"type":"keyDown","value":"î€‡"},{"type":"pause","duration":10},{"type":"keyUp","value":"î€‡"}]}]}
COMMAND: POST /session/afa7f6ae888d4a81c33b557753f8bf2b/execute/async - {"script":"<script> [1562 bytes]","args":[{"selector":{"controlType":"sap.m.Title","viewName":"etm.portal.ui.manageconditionprice.view.DailyPrices","viewId":"application-manageconditionprice-display-component---dailyPrices","i18NText":{"propertyName":"text","key":"dailyPrices"}},"wdio_ui5_key":"etmportal.ui.manageconditionprice.view.DailyPricessap.m.Title{\"propertyName\":\"text\",\"key\":\"dailyPrices\"}"}]}
COMMAND: GET /session/afa7f6ae888d4a81c33b557753f8bf2b/screenshot - {}
RESULT: {}
RESULT: {"script":"<script> [1562 bytes]","args":[{"selector":{"controlType":"sap.m.Title","viewName":"etm.portal.ui.manageconditionprice.view.DailyPrices","viewId":"application-manageconditionprice-display-component---dailyPrices","i18NText":{"propertyName":"text","key":"dailyPrices"}},"wdio_ui5_key":"etmportal.ui.manageconditionprice.view.DailyPricessap.m.Title{\"propertyName\":\"text\",\"key\":\"dailyPrices\"}"}]}
RESULT: undefined
COMMAND: POST /session/afa7f6ae888d4a81c33b557753f8bf2b/execute/async - {"script":"<script> [6424 bytes]","args":[{"element-6066-11e4-a52e-4f735466cecf":"f.5D44D27F957A25FA92618EC870C8C5F4.d.FECC9BE48FA555301142AF32B5ED1966.e.4725"},"getText",[]]}
RESULT: {}
RESULT: {"script":"<script> [6424 bytes]","args":[{"element-6066-11e4-a52e-4f735466cecf":"f.5D44D27F957A25FA92618EC870C8C5F4.d.FECC9BE48FA555301142AF32B5ED1966.e.4725"},"getText",[]]}
COMMAND: POST /session/afa7f6ae888d4a81c33b557753f8bf2b/execute/async - {"script":"<script> [1562 bytes]","args":[{"selector":{"id":"application-manageconditionprice-display-component---dailyPrices--condBillCond","interaction":{"idSuffix":"inner"}},"wdio_ui5_key":"applicationmanageconditionprice-display-component---dailyPrices--condBillCond"}]}
RESULT: {"script":"<script> [1562 bytes]","args":[{"selector":{"id":"application-manageconditionprice-display-component---dailyPrices--condBillCond","interaction":{"idSuffix":"inner"}},"wdio_ui5_key":"applicationmanageconditionprice-display-component---dailyPrices--condBillCond"}]}
RESULT: undefined
COMMAND: POST /session/afa7f6ae888d4a81c33b557753f8bf2b/execute/async - {"script":"<script> [776 bytes]","args":[{"enterText":"Residual Value %","selector":{"id":"application-manageconditionprice-display-component---dailyPrices--condBillCond","interaction":{"idSuffix":"inner"}},"clearTextFirst":true,"interactionType":"ENTER_TEXT"}]}
RESULT: {"script":"<script> [776 bytes]","args":[{"enterText":"Residual Value %","selector":{"id":"application-manageconditionprice-display-component---dailyPrices--condBillCond","interaction":{"idSuffix":"inner"}},"clearTextFirst":true,"interactionType":"ENTER_TEXT"}]}
COMMAND: POST /session/afa7f6ae888d4a81c33b557753f8bf2b/execute/async - {"script":"<script> [1562 bytes]","args":[{"selector":{"controlType":"sap.m.StandardListItem","viewName":"etm.portal.ui.manageconditionprice.view.DailyPrices","viewId":"application-manageconditionprice-display-component---dailyPrices","properties":{"type":"Active"},"searchOpenDialogs":true,"interaction":{"idSuffix":"titleText"}},"wdio_ui5_key":"etmportal.ui.manageconditionprice.view.DailyPricessap.m.StandardListItem{\"type\":\"Active\"}"}]}
RESULT: {"script":"<script> [1562 bytes]","args":[{"selector":{"controlType":"sap.m.StandardListItem","viewName":"etm.portal.ui.manageconditionprice.view.DailyPrices","viewId":"application-manageconditionprice-display-component---dailyPrices","properties":{"type":"Active"},"searchOpenDialogs":true,"interaction":{"idSuffix":"titleText"}},"wdio_ui5_key":"etmportal.ui.manageconditionprice.view.DailyPricessap.m.StandardListItem{\"type\":\"Active\"}"}]}
RESULT: undefined
COMMAND: POST /session/afa7f6ae888d4a81c33b557753f8bf2b/element - {"using":"xpath","value":"//*[@id=\"__item983\"]"}
RESULT: {"using":"xpath","value":"//*[@id=\"__item983\"]"}
COMMAND: POST /session/afa7f6ae888d4a81c33b557753f8bf2b/element/f.5D44D27F957A25FA92618EC870C8C5F4.d.FECC9BE48FA555301142AF32B5ED1966.e.4729/click - {}
RESULT: {}
COMMAND: POST /session/afa7f6ae888d4a81c33b557753f8bf2b/execute/async - {"script":"<script> [1562 bytes]","args":[{"selector":{"id":"application-manageconditionprice-display-component---dailyPrices--editBtn","interaction":{"idSuffix":"BDI-content"}},"wdio_ui5_key":"applicationmanageconditionprice-display-component---dailyPrices--editBtn"}]}
COMMAND: GET /session/afa7f6ae888d4a81c33b557753f8bf2b/screenshot - {}
RESULT: {"script":"<script> [1562 bytes]","args":[{"selector":{"id":"application-manageconditionprice-display-component---dailyPrices--editBtn","interaction":{"idSuffix":"BDI-content"}},"wdio_ui5_key":"applicationmanageconditionprice-display-component---dailyPrices--editBtn"}]}
RESULT: undefined
COMMAND: POST /session/afa7f6ae888d4a81c33b557753f8bf2b/element - {"using":"xpath","value":"//*[@id=\"application-manageconditionprice-display-component---dailyPrices--editBtn\"]"}
RESULT: {}
RESULT: {"using":"xpath","value":"//*[@id=\"application-manageconditionprice-display-component---dailyPrices--editBtn\"]"}
COMMAND: POST /session/afa7f6ae888d4a81c33b557753f8bf2b/element/f.5D44D27F957A25FA92618EC870C8C5F4.d.FECC9BE48FA555301142AF32B5ED1966.e.4727/click - {}
RESULT: {}
COMMAND: POST /session/afa7f6ae888d4a81c33b557753f8bf2b/execute/async - {"script":"<script> [1562 bytes]","args":[{"selector":{"controlType":"sap.m.Button","viewName":"etm.portal.ui.manageconditionprice.view.DailyPrices","viewId":"application-manageconditionprice-display-component---dailyPrices","i18NText":{"propertyName":"text","key":"add"},"interaction":{"idSuffix":"BDI-content"}},"wdio_ui5_key":"etmportal.ui.manageconditionprice.view.DailyPricessap.m.Button{\"propertyName\":\"text\",\"key\":\"add\"}"}]}
COMMAND: GET /session/afa7f6ae888d4a81c33b557753f8bf2b/screenshot - {}
RESULT: {"script":"<script> [1562 bytes]","args":[{"selector":{"controlType":"sap.m.Button","viewName":"etm.portal.ui.manageconditionprice.view.DailyPrices","viewId":"application-manageconditionprice-display-component---dailyPrices","i18NText":{"propertyName":"text","key":"add"},"interaction":{"idSuffix":"BDI-content"}},"wdio_ui5_key":"etmportal.ui.manageconditionprice.view.DailyPricessap.m.Button{\"propertyName\":\"text\",\"key\":\"add\"}"}]}
RESULT: undefined
COMMAND: POST /session/afa7f6ae888d4a81c33b557753f8bf2b/element - {"using":"xpath","value":"//*[@id=\"__button113\"]"}
RESULT: {}
RESULT: {"using":"xpath","value":"//*[@id=\"__button113\"]"}
COMMAND: POST /session/afa7f6ae888d4a81c33b557753f8bf2b/element/f.5D44D27F957A25FA92618EC870C8C5F4.d.FECC9BE48FA555301142AF32B5ED1966.e.4737/click - {}
RESULT: {}
COMMAND: POST /session/afa7f6ae888d4a81c33b557753f8bf2b/elements - {"using":"css selector","value":"table tr"}
COMMAND: GET /session/afa7f6ae888d4a81c33b557753f8bf2b/screenshot - {}
RESULT: {}
RESULT: {"using":"css selector","value":"table tr"}
COMMAND: POST /session/afa7f6ae888d4a81c33b557753f8bf2b/element/f.5D44D27F957A25FA92618EC870C8C5F4.d.FECC9BE48FA555301142AF32B5ED1966.e.4758/elements - {"using":"css selector","value":"input"}
RESULT: {"using":"css selector","value":"input"}
COMMAND: POST /session/afa7f6ae888d4a81c33b557753f8bf2b/element/f.5D44D27F957A25FA92618EC870C8C5F4.d.FECC9BE48FA555301142AF32B5ED1966.e.4741/clear - {}
COMMAND: POST /session/afa7f6ae888d4a81c33b557753f8bf2b/element/f.5D44D27F957A25FA92618EC870C8C5F4.d.FECC9BE48FA555301142AF32B5ED1966.e.4739/clear - {}
COMMAND: POST /session/afa7f6ae888d4a81c33b557753f8bf2b/element/f.5D44D27F957A25FA92618EC870C8C5F4.d.FECC9BE48FA555301142AF32B5ED1966.e.4742/clear - {}
COMMAND: POST /session/afa7f6ae888d4a81c33b557753f8bf2b/element/f.5D44D27F957A25FA92618EC870C8C5F4.d.FECC9BE48FA555301142AF32B5ED1966.e.4740/clear - {}
COMMAND: POST /session/afa7f6ae888d4a81c33b557753f8bf2b/element/f.5D44D27F957A25FA92618EC870C8C5F4.d.FECC9BE48FA555301142AF32B5ED1966.e.4758/elements - {"using":"css selector","value":"td"}
RESULT: {}
COMMAND: POST /session/afa7f6ae888d4a81c33b557753f8bf2b/element/f.5D44D27F957A25FA92618EC870C8C5F4.d.FECC9BE48FA555301142AF32B5ED1966.e.4740/value - {"text":"11/12/25"}
COMMAND: GET /session/afa7f6ae888d4a81c33b557753f8bf2b/screenshot - {}
RESULT: {"using":"css selector","value":"td"}
COMMAND: POST /session/afa7f6ae888d4a81c33b557753f8bf2b/element - {"using":"xpath","value":".//li[contains(., \"2049\") and not(.//li)]"}
COMMAND: POST /session/afa7f6ae888d4a81c33b557753f8bf2b/element/f.5D44D27F957A25FA92618EC870C8C5F4.d.FECC9BE48FA555301142AF32B5ED1966.e.4773/element - {"using":"css selector","value":"input"}
COMMAND: POST /session/afa7f6ae888d4a81c33b557753f8bf2b/element/f.5D44D27F957A25FA92618EC870C8C5F4.d.FECC9BE48FA555301142AF32B5ED1966.e.4773/element - {"using":"css selector","value":"input"}
RESULT: {}
COMMAND: POST /session/afa7f6ae888d4a81c33b557753f8bf2b/element/f.5D44D27F957A25FA92618EC870C8C5F4.d.FECC9BE48FA555301142AF32B5ED1966.e.4742/value - {"text":"Euro"}
COMMAND: GET /session/afa7f6ae888d4a81c33b557753f8bf2b/screenshot - {}
RESULT: {}
COMMAND: POST /session/afa7f6ae888d4a81c33b557753f8bf2b/element/f.5D44D27F957A25FA92618EC870C8C5F4.d.FECC9BE48FA555301142AF32B5ED1966.e.4739/value - {"text":"06/12/25"}
COMMAND: GET /session/afa7f6ae888d4a81c33b557753f8bf2b/screenshot - {}
RESULT: {}
COMMAND: POST /session/afa7f6ae888d4a81c33b557753f8bf2b/element/f.5D44D27F957A25FA92618EC870C8C5F4.d.FECC9BE48FA555301142AF32B5ED1966.e.4741/value - {"text":"705.60"}
COMMAND: GET /session/afa7f6ae888d4a81c33b557753f8bf2b/screenshot - {}
RESULT: {"text":"11/12/25"}
COMMAND: GET /session/afa7f6ae888d4a81c33b557753f8bf2b/screenshot - {}
RESULT: {}
RESULT: {"using":"xpath","value":".//li[contains(., \"2049\") and not(.//li)]"}
RESULT: {"using":"css selector","value":"input"}
COMMAND: POST /session/afa7f6ae888d4a81c33b557753f8bf2b/element/f.5D44D27F957A25FA92618EC870C8C5F4.d.FECC9BE48FA555301142AF32B5ED1966.e.4743/click - {}
RESULT: {"using":"css selector","value":"input"}
COMMAND: POST /session/afa7f6ae888d4a81c33b557753f8bf2b/element/f.5D44D27F957A25FA92618EC870C8C5F4.d.FECC9BE48FA555301142AF32B5ED1966.e.4743/clear - {}
RESULT: {"text":"Euro"}
COMMAND: GET /session/afa7f6ae888d4a81c33b557753f8bf2b/screenshot - {}
RESULT: {}
RESULT: {"text":"06/12/25"}
COMMAND: GET /session/afa7f6ae888d4a81c33b557753f8bf2b/screenshot - {}
COMMAND: POST /session/afa7f6ae888d4a81c33b557753f8bf2b/elements - {"using":"xpath","value":".//li[contains(., \"2049\") and not(.//li)]"}
RESULT: {}
RESULT: {"text":"705.60"}
COMMAND: GET /session/afa7f6ae888d4a81c33b557753f8bf2b/screenshot - {}
RESULT: {}
RESULT: {}
RESULT: {}
COMMAND: GET /session/afa7f6ae888d4a81c33b557753f8bf2b/screenshot - {}
RESULT: {}
COMMAND: POST /session/afa7f6ae888d4a81c33b557753f8bf2b/element/f.5D44D27F957A25FA92618EC870C8C5F4.d.FECC9BE48FA555301142AF32B5ED1966.e.4743/value - {"text":"2049"}
COMMAND: GET /session/afa7f6ae888d4a81c33b557753f8bf2b/screenshot - {}
RESULT: {}
RESULT: {}
RESULT: {"using":"xpath","value":".//li[contains(., \"2049\") and not(.//li)]"}
COMMAND: POST /session/afa7f6ae888d4a81c33b557753f8bf2b/elements - {"using":"xpath","value":".//li[contains(., \"2049\") and not(.//li)]"}
RESULT: {}
RESULT: {}
RESULT: {"text":"2049"}
COMMAND: GET /session/afa7f6ae888d4a81c33b557753f8bf2b/screenshot - {}
RESULT: {}
RESULT: {"using":"xpath","value":".//li[contains(., \"2049\") and not(.//li)]"}
COMMAND: POST /session/afa7f6ae888d4a81c33b557753f8bf2b/element - {"using":"xpath","value":".//li[contains(., \"2049\") and not(.//li)]"}
RESULT: {}
RESULT: {"using":"xpath","value":".//li[contains(., \"2049\") and not(.//li)]"}
COMMAND: POST /session/afa7f6ae888d4a81c33b557753f8bf2b/element/f.5D44D27F957A25FA92618EC870C8C5F4.d.FECC9BE48FA555301142AF32B5ED1966.e.4779/click - {}
RESULT: {}
COMMAND: POST /session/afa7f6ae888d4a81c33b557753f8bf2b/element/f.5D44D27F957A25FA92618EC870C8C5F4.d.FECC9BE48FA555301142AF32B5ED1966.e.4774/element - {"using":"css selector","value":"input"}
COMMAND: GET /session/afa7f6ae888d4a81c33b557753f8bf2b/screenshot - {}
RESULT: {"using":"css selector","value":"input"}
COMMAND: POST /session/afa7f6ae888d4a81c33b557753f8bf2b/element/f.5D44D27F957A25FA92618EC870C8C5F4.d.FECC9BE48FA555301142AF32B5ED1966.e.4744/click - {}
RESULT: {}
RESULT: {}
COMMAND: GET /session/afa7f6ae888d4a81c33b557753f8bf2b/screenshot - {}
RESULT: {}
COMMAND: POST /session/afa7f6ae888d4a81c33b557753f8bf2b/element/f.5D44D27F957A25FA92618EC870C8C5F4.d.FECC9BE48FA555301142AF32B5ED1966.e.4774/element - {"using":"css selector","value":"input"}
RESULT: {"using":"css selector","value":"input"}
COMMAND: POST /session/afa7f6ae888d4a81c33b557753f8bf2b/element/f.5D44D27F957A25FA92618EC870C8C5F4.d.FECC9BE48FA555301142AF32B5ED1966.e.4744/clear - {}
RESULT: {}
COMMAND: POST /session/afa7f6ae888d4a81c33b557753f8bf2b/element/f.5D44D27F957A25FA92618EC870C8C5F4.d.FECC9BE48FA555301142AF32B5ED1966.e.4744/value - {"text":"191"}
COMMAND: GET /session/afa7f6ae888d4a81c33b557753f8bf2b/screenshot - {}
RESULT: {"text":"191"}
COMMAND: GET /session/afa7f6ae888d4a81c33b557753f8bf2b/screenshot - {}
RESULT: {}
RESULT: {}
COMMAND: POST /session/afa7f6ae888d4a81c33b557753f8bf2b/element - {"using":"xpath","value":".//li[contains(., \"191\") and not(.//li)]"}
RESULT: {"using":"xpath","value":".//li[contains(., \"191\") and not(.//li)]"}
COMMAND: POST /session/afa7f6ae888d4a81c33b557753f8bf2b/element/f.5D44D27F957A25FA92618EC870C8C5F4.d.FECC9BE48FA555301142AF32B5ED1966.e.4780/click - {}
RESULT: {}
RESULT: undefined
COMMAND: POST /session/afa7f6ae888d4a81c33b557753f8bf2b/element - {"using":"xpath","value":"//*[@id=\"__button113\"]"}
COMMAND: GET /session/afa7f6ae888d4a81c33b557753f8bf2b/screenshot - {}
RESULT: {"using":"xpath","value":"//*[@id=\"__button113\"]"}
COMMAND: POST /session/afa7f6ae888d4a81c33b557753f8bf2b/element/f.5D44D27F957A25FA92618EC870C8C5F4.d.FECC9BE48FA555301142AF32B5ED1966.e.4737/click - {}
RESULT: {}
RESULT: {}
COMMAND: POST /session/afa7f6ae888d4a81c33b557753f8bf2b/elements - {"using":"css selector","value":"table tr"}
COMMAND: GET /session/afa7f6ae888d4a81c33b557753f8bf2b/screenshot - {}
RESULT: {"using":"css selector","value":"table tr"}
COMMAND: POST /session/afa7f6ae888d4a81c33b557753f8bf2b/element/f.5D44D27F957A25FA92618EC870C8C5F4.d.FECC9BE48FA555301142AF32B5ED1966.e.4789/elements - {"using":"css selector","value":"input"}
RESULT: {}
RESULT: {"using":"css selector","value":"input"}
COMMAND: POST /session/afa7f6ae888d4a81c33b557753f8bf2b/element/f.5D44D27F957A25FA92618EC870C8C5F4.d.FECC9BE48FA555301142AF32B5ED1966.e.4784/clear - {}
COMMAND: POST /session/afa7f6ae888d4a81c33b557753f8bf2b/element/f.5D44D27F957A25FA92618EC870C8C5F4.d.FECC9BE48FA555301142AF32B5ED1966.e.4782/clear - {}
COMMAND: POST /session/afa7f6ae888d4a81c33b557753f8bf2b/element/f.5D44D27F957A25FA92618EC870C8C5F4.d.FECC9BE48FA555301142AF32B5ED1966.e.4785/clear - {}
COMMAND: POST /session/afa7f6ae888d4a81c33b557753f8bf2b/element/f.5D44D27F957A25FA92618EC870C8C5F4.d.FECC9BE48FA555301142AF32B5ED1966.e.4783/clear - {}
RESULT: {}
COMMAND: POST /session/afa7f6ae888d4a81c33b557753f8bf2b/element/f.5D44D27F957A25FA92618EC870C8C5F4.d.FECC9BE48FA555301142AF32B5ED1966.e.4783/value - {"text":"11/12/25"}
COMMAND: GET /session/afa7f6ae888d4a81c33b557753f8bf2b/screenshot - {}
RESULT: {}
COMMAND: POST /session/afa7f6ae888d4a81c33b557753f8bf2b/element/f.5D44D27F957A25FA92618EC870C8C5F4.d.FECC9BE48FA555301142AF32B5ED1966.e.4785/value - {"text":"US Dollar"}
COMMAND: GET /session/afa7f6ae888d4a81c33b557753f8bf2b/screenshot - {}
RESULT: {}
COMMAND: POST /session/afa7f6ae888d4a81c33b557753f8bf2b/element/f.5D44D27F957A25FA92618EC870C8C5F4.d.FECC9BE48FA555301142AF32B5ED1966.e.4782/value - {"text":"06/12/25"}
COMMAND: GET /session/afa7f6ae888d4a81c33b557753f8bf2b/screenshot - {}
RESULT: {}
COMMAND: POST /session/afa7f6ae888d4a81c33b557753f8bf2b/element/f.5D44D27F957A25FA92618EC870C8C5F4.d.FECC9BE48FA555301142AF32B5ED1966.e.4784/value - {"text":"99.5"}
COMMAND: GET /session/afa7f6ae888d4a81c33b557753f8bf2b/screenshot - {}
RESULT: {"text":"11/12/25"}
COMMAND: GET /session/afa7f6ae888d4a81c33b557753f8bf2b/screenshot - {}
RESULT: {}
COMMAND: POST /session/afa7f6ae888d4a81c33b557753f8bf2b/element/f.5D44D27F957A25FA92618EC870C8C5F4.d.FECC9BE48FA555301142AF32B5ED1966.e.4789/elements - {"using":"css selector","value":"td"}
RESULT: {"text":"US Dollar"}
COMMAND: GET /session/afa7f6ae888d4a81c33b557753f8bf2b/screenshot - {}
RESULT: {}
RESULT: {"text":"06/12/25"}
COMMAND: GET /session/afa7f6ae888d4a81c33b557753f8bf2b/screenshot - {}
RESULT: {}
RESULT: {"text":"99.5"}
COMMAND: GET /session/afa7f6ae888d4a81c33b557753f8bf2b/screenshot - {}
RESULT: {}
RESULT: {}
RESULT: {"using":"css selector","value":"td"}
COMMAND: POST /session/afa7f6ae888d4a81c33b557753f8bf2b/element/f.5D44D27F957A25FA92618EC870C8C5F4.d.FECC9BE48FA555301142AF32B5ED1966.e.4804/element - {"using":"css selector","value":"input"}
RESULT: {}
RESULT: {}
RESULT: {}
RESULT: {"using":"css selector","value":"input"}
COMMAND: POST /session/afa7f6ae888d4a81c33b557753f8bf2b/element/f.5D44D27F957A25FA92618EC870C8C5F4.d.FECC9BE48FA555301142AF32B5ED1966.e.4786/click - {}
RESULT: {}
COMMAND: GET /session/afa7f6ae888d4a81c33b557753f8bf2b/screenshot - {}
RESULT: {}
COMMAND: POST /session/afa7f6ae888d4a81c33b557753f8bf2b/element/f.5D44D27F957A25FA92618EC870C8C5F4.d.FECC9BE48FA555301142AF32B5ED1966.e.4804/element - {"using":"css selector","value":"input"}
RESULT: {"using":"css selector","value":"input"}
COMMAND: POST /session/afa7f6ae888d4a81c33b557753f8bf2b/element/f.5D44D27F957A25FA92618EC870C8C5F4.d.FECC9BE48FA555301142AF32B5ED1966.e.4786/clear - {}
RESULT: {}
COMMAND: POST /session/afa7f6ae888d4a81c33b557753f8bf2b/element/f.5D44D27F957A25FA92618EC870C8C5F4.d.FECC9BE48FA555301142AF32B5ED1966.e.4786/value - {"text":"2049"}
COMMAND: GET /session/afa7f6ae888d4a81c33b557753f8bf2b/screenshot - {}
RESULT: {"text":"2049"}
COMMAND: GET /session/afa7f6ae888d4a81c33b557753f8bf2b/screenshot - {}
RESULT: {}
RESULT: {}
COMMAND: POST /session/afa7f6ae888d4a81c33b557753f8bf2b/element - {"using":"xpath","value":"(//li[div//span[contains(text(), '2049')]])[2]"}
RESULT: {"using":"xpath","value":"(//li[div//span[contains(text(), '2049')]])[2]"}
COMMAND: POST /session/afa7f6ae888d4a81c33b557753f8bf2b/element/f.5D44D27F957A25FA92618EC870C8C5F4.d.FECC9BE48FA555301142AF32B5ED1966.e.4810/click - {}
RESULT: {}
COMMAND: POST /session/afa7f6ae888d4a81c33b557753f8bf2b/execute/async - {"script":"<script> [1562 bytes]","args":[{"selector":{"controlType":"sap.m.Button","viewName":"etm.portal.ui.manageconditionprice.view.DailyPrices","viewId":"application-manageconditionprice-display-component---dailyPrices","i18NText":{"propertyName":"tooltip","key":"save"},"interaction":{"idSuffix":"BDI-content"}},"wdio_ui5_key":"etmportal.ui.manageconditionprice.view.DailyPricessap.m.Button{\"propertyName\":\"tooltip\",\"key\":\"save\"}"}]}
COMMAND: GET /session/afa7f6ae888d4a81c33b557753f8bf2b/screenshot - {}
RESULT: {"script":"<script> [1562 bytes]","args":[{"selector":{"controlType":"sap.m.Button","viewName":"etm.portal.ui.manageconditionprice.view.DailyPrices","viewId":"application-manageconditionprice-display-component---dailyPrices","i18NText":{"propertyName":"tooltip","key":"save"},"interaction":{"idSuffix":"BDI-content"}},"wdio_ui5_key":"etmportal.ui.manageconditionprice.view.DailyPricessap.m.Button{\"propertyName\":\"tooltip\",\"key\":\"save\"}"}]}
RESULT: undefined
COMMAND: POST /session/afa7f6ae888d4a81c33b557753f8bf2b/element - {"using":"xpath","value":"//*[@id=\"__button115\"]"}
RESULT: {}
RESULT: {"using":"xpath","value":"//*[@id=\"__button115\"]"}
COMMAND: POST /session/afa7f6ae888d4a81c33b557753f8bf2b/element/f.5D44D27F957A25FA92618EC870C8C5F4.d.FECC9BE48FA555301142AF32B5ED1966.e.4731/click - {}
RESULT: {}
COMMAND: GET /session/afa7f6ae888d4a81c33b557753f8bf2b/screenshot - {}
RESULT: {}
]]></system-out>
    </testcase>
    <testcase classname="chrome.137_0_7151_69.windows.Edit_and_delete_daily_price_US134629_US134627" name="Should check whether the 2 rows have been added then edit one of the rows s currency and value and save and check the edited values" time="11.936">
      <system-out><![CDATA[
COMMAND: POST /session/afa7f6ae888d4a81c33b557753f8bf2b/elements - {"using":"css selector","value":"table tr"}
RESULT: {"using":"css selector","value":"table tr"}
COMMAND: POST /session/afa7f6ae888d4a81c33b557753f8bf2b/element/f.5D44D27F957A25FA92618EC870C8C5F4.d.FECC9BE48FA555301142AF32B5ED1966.e.4789/elements - {"using":"css selector","value":"td"}
RESULT: {"using":"css selector","value":"td"}
COMMAND: POST /session/afa7f6ae888d4a81c33b557753f8bf2b/element/f.5D44D27F957A25FA92618EC870C8C5F4.d.FECC9BE48FA555301142AF32B5ED1966.e.4758/elements - {"using":"css selector","value":"td"}
RESULT: {"using":"css selector","value":"td"}
COMMAND: POST /session/afa7f6ae888d4a81c33b557753f8bf2b/element/f.5D44D27F957A25FA92618EC870C8C5F4.d.FECC9BE48FA555301142AF32B5ED1966.e.4813/element - {"using":"css selector","value":".sapMObjectNumberText"}
RESULT: {"using":"css selector","value":".sapMObjectNumberText"}
COMMAND: GET /session/afa7f6ae888d4a81c33b557753f8bf2b/element/f.5D44D27F957A25FA92618EC870C8C5F4.d.FECC9BE48FA555301142AF32B5ED1966.e.4815/text - {}
RESULT: {}
COMMAND: POST /session/afa7f6ae888d4a81c33b557753f8bf2b/element/f.5D44D27F957A25FA92618EC870C8C5F4.d.FECC9BE48FA555301142AF32B5ED1966.e.4814/element - {"using":"css selector","value":".sapMObjectNumberText"}
RESULT: {"using":"css selector","value":".sapMObjectNumberText"}
COMMAND: GET /session/afa7f6ae888d4a81c33b557753f8bf2b/element/f.5D44D27F957A25FA92618EC870C8C5F4.d.FECC9BE48FA555301142AF32B5ED1966.e.4816/text - {}
RESULT: {}
RESULT: undefined
COMMAND: POST /session/afa7f6ae888d4a81c33b557753f8bf2b/element - {"using":"xpath","value":"//*[@id=\"application-manageconditionprice-display-component---dailyPrices--editBtn\"]"}
RESULT: {"using":"xpath","value":"//*[@id=\"application-manageconditionprice-display-component---dailyPrices--editBtn\"]"}
COMMAND: POST /session/afa7f6ae888d4a81c33b557753f8bf2b/element/f.5D44D27F957A25FA92618EC870C8C5F4.d.FECC9BE48FA555301142AF32B5ED1966.e.4812/click - {}
RESULT: {}
COMMAND: POST /session/afa7f6ae888d4a81c33b557753f8bf2b/elements - {"using":"css selector","value":"table tr"}
COMMAND: GET /session/afa7f6ae888d4a81c33b557753f8bf2b/screenshot - {}
RESULT: {"using":"css selector","value":"table tr"}
COMMAND: POST /session/afa7f6ae888d4a81c33b557753f8bf2b/element/f.5D44D27F957A25FA92618EC870C8C5F4.d.FECC9BE48FA555301142AF32B5ED1966.e.4789/elements - {"using":"css selector","value":"input"}
RESULT: {}
RESULT: {"using":"css selector","value":"input"}
COMMAND: POST /session/afa7f6ae888d4a81c33b557753f8bf2b/element/f.5D44D27F957A25FA92618EC870C8C5F4.d.FECC9BE48FA555301142AF32B5ED1966.e.4831/clear - {}
COMMAND: POST /session/afa7f6ae888d4a81c33b557753f8bf2b/element/f.5D44D27F957A25FA92618EC870C8C5F4.d.FECC9BE48FA555301142AF32B5ED1966.e.4832/clear - {}
RESULT: {}
COMMAND: POST /session/afa7f6ae888d4a81c33b557753f8bf2b/element/f.5D44D27F957A25FA92618EC870C8C5F4.d.FECC9BE48FA555301142AF32B5ED1966.e.4832/value - {"text":"US Dollar"}
COMMAND: GET /session/afa7f6ae888d4a81c33b557753f8bf2b/screenshot - {}
RESULT: {}
COMMAND: POST /session/afa7f6ae888d4a81c33b557753f8bf2b/element/f.5D44D27F957A25FA92618EC870C8C5F4.d.FECC9BE48FA555301142AF32B5ED1966.e.4831/value - {"text":"566.1"}
COMMAND: GET /session/afa7f6ae888d4a81c33b557753f8bf2b/screenshot - {}
RESULT: {"text":"US Dollar"}
COMMAND: GET /session/afa7f6ae888d4a81c33b557753f8bf2b/screenshot - {}
RESULT: {}
RESULT: {"text":"566.1"}
COMMAND: GET /session/afa7f6ae888d4a81c33b557753f8bf2b/screenshot - {}
RESULT: undefined
COMMAND: POST /session/afa7f6ae888d4a81c33b557753f8bf2b/element - {"using":"xpath","value":"//*[@id=\"__button115\"]"}
RESULT: {}
RESULT: {}
RESULT: {}
RESULT: {"using":"xpath","value":"//*[@id=\"__button115\"]"}
COMMAND: POST /session/afa7f6ae888d4a81c33b557753f8bf2b/element/f.5D44D27F957A25FA92618EC870C8C5F4.d.FECC9BE48FA555301142AF32B5ED1966.e.4817/click - {}
RESULT: {}
COMMAND: GET /session/afa7f6ae888d4a81c33b557753f8bf2b/screenshot - {}
RESULT: {}
COMMAND: POST /session/afa7f6ae888d4a81c33b557753f8bf2b/elements - {"using":"css selector","value":"table tr"}
RESULT: {"using":"css selector","value":"table tr"}
COMMAND: POST /session/afa7f6ae888d4a81c33b557753f8bf2b/element/f.5D44D27F957A25FA92618EC870C8C5F4.d.FECC9BE48FA555301142AF32B5ED1966.e.4789/elements - {"using":"css selector","value":"td"}
RESULT: {"using":"css selector","value":"td"}
COMMAND: POST /session/afa7f6ae888d4a81c33b557753f8bf2b/element/f.5D44D27F957A25FA92618EC870C8C5F4.d.FECC9BE48FA555301142AF32B5ED1966.e.4836/element - {"using":"css selector","value":".sapMObjectNumberText"}
RESULT: {"using":"css selector","value":".sapMObjectNumberText"}
COMMAND: GET /session/afa7f6ae888d4a81c33b557753f8bf2b/element/f.5D44D27F957A25FA92618EC870C8C5F4.d.FECC9BE48FA555301142AF32B5ED1966.e.4838/text - {}
RESULT: {}
]]></system-out>
    </testcase>
    <testcase classname="chrome.137_0_7151_69.windows.Edit_and_delete_daily_price_US134629_US134627" name="Should go into edit and delete all the rows that match the yard we have created for this scenario check if all rows deleted" time="19.396">
      <system-out><![CDATA[
RESULT: undefined
COMMAND: POST /session/afa7f6ae888d4a81c33b557753f8bf2b/element - {"using":"xpath","value":"//*[@id=\"application-manageconditionprice-display-component---dailyPrices--editBtn\"]"}
RESULT: {"using":"xpath","value":"//*[@id=\"application-manageconditionprice-display-component---dailyPrices--editBtn\"]"}
COMMAND: POST /session/afa7f6ae888d4a81c33b557753f8bf2b/element/f.5D44D27F957A25FA92618EC870C8C5F4.d.FECC9BE48FA555301142AF32B5ED1966.e.4835/click - {}
RESULT: {}
COMMAND: GET /session/afa7f6ae888d4a81c33b557753f8bf2b/screenshot - {}
RESULT: {}
COMMAND: POST /session/afa7f6ae888d4a81c33b557753f8bf2b/elements - {"using":"css selector","value":"table tr"}
RESULT: {"using":"css selector","value":"table tr"}
COMMAND: POST /session/afa7f6ae888d4a81c33b557753f8bf2b/element/f.5D44D27F957A25FA92618EC870C8C5F4.d.FECC9BE48FA555301142AF32B5ED1966.e.4746/elements - {"using":"css selector","value":"td"}
RESULT: {"using":"css selector","value":"td"}
COMMAND: POST /session/afa7f6ae888d4a81c33b557753f8bf2b/element/f.5D44D27F957A25FA92618EC870C8C5F4.d.FECC9BE48FA555301142AF32B5ED1966.e.4747/elements - {"using":"css selector","value":"td"}
RESULT: {"using":"css selector","value":"td"}
COMMAND: POST /session/afa7f6ae888d4a81c33b557753f8bf2b/element/f.5D44D27F957A25FA92618EC870C8C5F4.d.FECC9BE48FA555301142AF32B5ED1966.e.4748/elements - {"using":"css selector","value":"td"}
RESULT: {"using":"css selector","value":"td"}
COMMAND: POST /session/afa7f6ae888d4a81c33b557753f8bf2b/element/f.5D44D27F957A25FA92618EC870C8C5F4.d.FECC9BE48FA555301142AF32B5ED1966.e.4686/elements - {"using":"css selector","value":"td"}
RESULT: {"using":"css selector","value":"td"}
COMMAND: POST /session/afa7f6ae888d4a81c33b557753f8bf2b/element/f.5D44D27F957A25FA92618EC870C8C5F4.d.FECC9BE48FA555301142AF32B5ED1966.e.4687/elements - {"using":"css selector","value":"td"}
RESULT: {"using":"css selector","value":"td"}
COMMAND: POST /session/afa7f6ae888d4a81c33b557753f8bf2b/element/f.5D44D27F957A25FA92618EC870C8C5F4.d.FECC9BE48FA555301142AF32B5ED1966.e.4695/elements - {"using":"css selector","value":"td"}
RESULT: {"using":"css selector","value":"td"}
COMMAND: POST /session/afa7f6ae888d4a81c33b557753f8bf2b/element/f.5D44D27F957A25FA92618EC870C8C5F4.d.FECC9BE48FA555301142AF32B5ED1966.e.4696/elements - {"using":"css selector","value":"td"}
RESULT: {"using":"css selector","value":"td"}
COMMAND: POST /session/afa7f6ae888d4a81c33b557753f8bf2b/element/f.5D44D27F957A25FA92618EC870C8C5F4.d.FECC9BE48FA555301142AF32B5ED1966.e.4704/elements - {"using":"css selector","value":"td"}
RESULT: {"using":"css selector","value":"td"}
COMMAND: POST /session/afa7f6ae888d4a81c33b557753f8bf2b/element/f.5D44D27F957A25FA92618EC870C8C5F4.d.FECC9BE48FA555301142AF32B5ED1966.e.4705/elements - {"using":"css selector","value":"td"}
RESULT: {"using":"css selector","value":"td"}
COMMAND: POST /session/afa7f6ae888d4a81c33b557753f8bf2b/element/f.5D44D27F957A25FA92618EC870C8C5F4.d.FECC9BE48FA555301142AF32B5ED1966.e.4708/elements - {"using":"css selector","value":"td"}
RESULT: {"using":"css selector","value":"td"}
COMMAND: POST /session/afa7f6ae888d4a81c33b557753f8bf2b/element/f.5D44D27F957A25FA92618EC870C8C5F4.d.FECC9BE48FA555301142AF32B5ED1966.e.4749/elements - {"using":"css selector","value":"td"}
RESULT: {"using":"css selector","value":"td"}
COMMAND: POST /session/afa7f6ae888d4a81c33b557753f8bf2b/element/f.5D44D27F957A25FA92618EC870C8C5F4.d.FECC9BE48FA555301142AF32B5ED1966.e.4750/elements - {"using":"css selector","value":"td"}
RESULT: {"using":"css selector","value":"td"}
COMMAND: POST /session/afa7f6ae888d4a81c33b557753f8bf2b/element/f.5D44D27F957A25FA92618EC870C8C5F4.d.FECC9BE48FA555301142AF32B5ED1966.e.4751/elements - {"using":"css selector","value":"td"}
RESULT: {"using":"css selector","value":"td"}
COMMAND: POST /session/afa7f6ae888d4a81c33b557753f8bf2b/element/f.5D44D27F957A25FA92618EC870C8C5F4.d.FECC9BE48FA555301142AF32B5ED1966.e.4752/elements - {"using":"css selector","value":"td"}
RESULT: {"using":"css selector","value":"td"}
COMMAND: POST /session/afa7f6ae888d4a81c33b557753f8bf2b/element/f.5D44D27F957A25FA92618EC870C8C5F4.d.FECC9BE48FA555301142AF32B5ED1966.e.4753/elements - {"using":"css selector","value":"td"}
RESULT: {"using":"css selector","value":"td"}
COMMAND: POST /session/afa7f6ae888d4a81c33b557753f8bf2b/element/f.5D44D27F957A25FA92618EC870C8C5F4.d.FECC9BE48FA555301142AF32B5ED1966.e.4754/elements - {"using":"css selector","value":"td"}
RESULT: {"using":"css selector","value":"td"}
COMMAND: POST /session/afa7f6ae888d4a81c33b557753f8bf2b/element/f.5D44D27F957A25FA92618EC870C8C5F4.d.FECC9BE48FA555301142AF32B5ED1966.e.4755/elements - {"using":"css selector","value":"td"}
RESULT: {"using":"css selector","value":"td"}
COMMAND: POST /session/afa7f6ae888d4a81c33b557753f8bf2b/element/f.5D44D27F957A25FA92618EC870C8C5F4.d.FECC9BE48FA555301142AF32B5ED1966.e.4756/elements - {"using":"css selector","value":"td"}
RESULT: {"using":"css selector","value":"td"}
COMMAND: POST /session/afa7f6ae888d4a81c33b557753f8bf2b/element/f.5D44D27F957A25FA92618EC870C8C5F4.d.FECC9BE48FA555301142AF32B5ED1966.e.4757/elements - {"using":"css selector","value":"td"}
RESULT: {"using":"css selector","value":"td"}
COMMAND: POST /session/afa7f6ae888d4a81c33b557753f8bf2b/element/f.5D44D27F957A25FA92618EC870C8C5F4.d.FECC9BE48FA555301142AF32B5ED1966.e.4758/elements - {"using":"css selector","value":"td"}
RESULT: {"using":"css selector","value":"td"}
COMMAND: POST /session/afa7f6ae888d4a81c33b557753f8bf2b/element/f.5D44D27F957A25FA92618EC870C8C5F4.d.FECC9BE48FA555301142AF32B5ED1966.e.4773/element - {"using":"css selector","value":"input"}
RESULT: {"using":"css selector","value":"input"}
COMMAND: GET /session/afa7f6ae888d4a81c33b557753f8bf2b/element/f.5D44D27F957A25FA92618EC870C8C5F4.d.FECC9BE48FA555301142AF32B5ED1966.e.4743/property/value - {}
RESULT: {}
COMMAND: POST /session/afa7f6ae888d4a81c33b557753f8bf2b/element/f.5D44D27F957A25FA92618EC870C8C5F4.d.FECC9BE48FA555301142AF32B5ED1966.e.4758/element - {"using":"css selector","value":".sapMCbBg"}
COMMAND: GET /session/afa7f6ae888d4a81c33b557753f8bf2b/screenshot - {}
RESULT: {"using":"css selector","value":".sapMCbBg"}
COMMAND: GET /session/afa7f6ae888d4a81c33b557753f8bf2b/element/f.5D44D27F957A25FA92618EC870C8C5F4.d.FECC9BE48FA555301142AF32B5ED1966.e.4909/selected - {}
RESULT: {}
RESULT: {}
COMMAND: POST /session/afa7f6ae888d4a81c33b557753f8bf2b/element/f.5D44D27F957A25FA92618EC870C8C5F4.d.FECC9BE48FA555301142AF32B5ED1966.e.4909/click - {}
COMMAND: GET /session/afa7f6ae888d4a81c33b557753f8bf2b/screenshot - {}
RESULT: {}
COMMAND: POST /session/afa7f6ae888d4a81c33b557753f8bf2b/element/f.5D44D27F957A25FA92618EC870C8C5F4.d.FECC9BE48FA555301142AF32B5ED1966.e.4789/elements - {"using":"css selector","value":"td"}
COMMAND: GET /session/afa7f6ae888d4a81c33b557753f8bf2b/screenshot - {}
RESULT: {}
RESULT: {"using":"css selector","value":"td"}
COMMAND: POST /session/afa7f6ae888d4a81c33b557753f8bf2b/element/f.5D44D27F957A25FA92618EC870C8C5F4.d.FECC9BE48FA555301142AF32B5ED1966.e.4804/element - {"using":"css selector","value":"input"}
RESULT: {}
RESULT: {"using":"css selector","value":"input"}
COMMAND: GET /session/afa7f6ae888d4a81c33b557753f8bf2b/element/f.5D44D27F957A25FA92618EC870C8C5F4.d.FECC9BE48FA555301142AF32B5ED1966.e.4786/property/value - {}
RESULT: {}
COMMAND: POST /session/afa7f6ae888d4a81c33b557753f8bf2b/element/f.5D44D27F957A25FA92618EC870C8C5F4.d.FECC9BE48FA555301142AF32B5ED1966.e.4789/element - {"using":"css selector","value":".sapMCbBg"}
COMMAND: GET /session/afa7f6ae888d4a81c33b557753f8bf2b/screenshot - {}
RESULT: {}
RESULT: {"using":"css selector","value":".sapMCbBg"}
COMMAND: GET /session/afa7f6ae888d4a81c33b557753f8bf2b/element/f.5D44D27F957A25FA92618EC870C8C5F4.d.FECC9BE48FA555301142AF32B5ED1966.e.4913/selected - {}
RESULT: {}
COMMAND: POST /session/afa7f6ae888d4a81c33b557753f8bf2b/element/f.5D44D27F957A25FA92618EC870C8C5F4.d.FECC9BE48FA555301142AF32B5ED1966.e.4913/click - {}
COMMAND: GET /session/afa7f6ae888d4a81c33b557753f8bf2b/screenshot - {}
RESULT: {}
COMMAND: GET /session/afa7f6ae888d4a81c33b557753f8bf2b/screenshot - {}
RESULT: {}
RESULT: {}
COMMAND: POST /session/afa7f6ae888d4a81c33b557753f8bf2b/execute/async - {"script":"<script> [1562 bytes]","args":[{"selector":{"id":"application-manageconditionprice-display-component---dailyPrices--deleteBtn","interaction":{"idSuffix":"content"}},"wdio_ui5_key":"applicationmanageconditionprice-display-component---dailyPrices--deleteBtn"}]}
RESULT: {"script":"<script> [1562 bytes]","args":[{"selector":{"id":"application-manageconditionprice-display-component---dailyPrices--deleteBtn","interaction":{"idSuffix":"content"}},"wdio_ui5_key":"applicationmanageconditionprice-display-component---dailyPrices--deleteBtn"}]}
RESULT: undefined
COMMAND: POST /session/afa7f6ae888d4a81c33b557753f8bf2b/element - {"using":"xpath","value":"//*[@id=\"application-manageconditionprice-display-component---dailyPrices--deleteBtn\"]"}
RESULT: {"using":"xpath","value":"//*[@id=\"application-manageconditionprice-display-component---dailyPrices--deleteBtn\"]"}
COMMAND: POST /session/afa7f6ae888d4a81c33b557753f8bf2b/element/f.5D44D27F957A25FA92618EC870C8C5F4.d.FECC9BE48FA555301142AF32B5ED1966.e.4915/click - {}
RESULT: {}
COMMAND: POST /session/afa7f6ae888d4a81c33b557753f8bf2b/execute/async - {"script":"<script> [1562 bytes]","args":[{"selector":{"controlType":"sap.m.Button","properties":{"text":"OK"},"searchOpenDialogs":true,"interaction":{"idSuffix":"BDI-content"}},"wdio_ui5_key":"sapm.Button{\"text\":\"OK\"}"}]}
COMMAND: GET /session/afa7f6ae888d4a81c33b557753f8bf2b/screenshot - {}
RESULT: {"script":"<script> [1562 bytes]","args":[{"selector":{"controlType":"sap.m.Button","properties":{"text":"OK"},"searchOpenDialogs":true,"interaction":{"idSuffix":"BDI-content"}},"wdio_ui5_key":"sapm.Button{\"text\":\"OK\"}"}]}
RESULT: undefined
COMMAND: POST /session/afa7f6ae888d4a81c33b557753f8bf2b/element - {"using":"xpath","value":"//*[@id=\"__mbox-btn-0\"]"}
RESULT: {}
RESULT: {"using":"xpath","value":"//*[@id=\"__mbox-btn-0\"]"}
COMMAND: POST /session/afa7f6ae888d4a81c33b557753f8bf2b/element/f.5D44D27F957A25FA92618EC870C8C5F4.d.FECC9BE48FA555301142AF32B5ED1966.e.4916/click - {}
RESULT: {}
COMMAND: GET /session/afa7f6ae888d4a81c33b557753f8bf2b/screenshot - {}
RESULT: {}
RESULT: undefined
COMMAND: POST /session/afa7f6ae888d4a81c33b557753f8bf2b/element - {"using":"xpath","value":"//*[@id=\"__button115\"]"}
RESULT: {"using":"xpath","value":"//*[@id=\"__button115\"]"}
COMMAND: POST /session/afa7f6ae888d4a81c33b557753f8bf2b/element/f.5D44D27F957A25FA92618EC870C8C5F4.d.FECC9BE48FA555301142AF32B5ED1966.e.4839/click - {}
RESULT: {}
COMMAND: GET /session/afa7f6ae888d4a81c33b557753f8bf2b/screenshot - {}
RESULT: {}
COMMAND: POST /session/afa7f6ae888d4a81c33b557753f8bf2b/elements - {"using":"css selector","value":"table tr"}
RESULT: {"using":"css selector","value":"table tr"}
COMMAND: POST /session/afa7f6ae888d4a81c33b557753f8bf2b/element/f.5D44D27F957A25FA92618EC870C8C5F4.d.FECC9BE48FA555301142AF32B5ED1966.e.4746/elements - {"using":"css selector","value":"td"}
RESULT: {"using":"css selector","value":"td"}
COMMAND: POST /session/afa7f6ae888d4a81c33b557753f8bf2b/element/f.5D44D27F957A25FA92618EC870C8C5F4.d.FECC9BE48FA555301142AF32B5ED1966.e.4747/elements - {"using":"css selector","value":"td"}
RESULT: {"using":"css selector","value":"td"}
COMMAND: POST /session/afa7f6ae888d4a81c33b557753f8bf2b/element/f.5D44D27F957A25FA92618EC870C8C5F4.d.FECC9BE48FA555301142AF32B5ED1966.e.4748/elements - {"using":"css selector","value":"td"}
RESULT: {"using":"css selector","value":"td"}
COMMAND: POST /session/afa7f6ae888d4a81c33b557753f8bf2b/element/f.5D44D27F957A25FA92618EC870C8C5F4.d.FECC9BE48FA555301142AF32B5ED1966.e.4686/elements - {"using":"css selector","value":"td"}
RESULT: {"using":"css selector","value":"td"}
COMMAND: POST /session/afa7f6ae888d4a81c33b557753f8bf2b/element/f.5D44D27F957A25FA92618EC870C8C5F4.d.FECC9BE48FA555301142AF32B5ED1966.e.4687/elements - {"using":"css selector","value":"td"}
RESULT: {"using":"css selector","value":"td"}
COMMAND: POST /session/afa7f6ae888d4a81c33b557753f8bf2b/element/f.5D44D27F957A25FA92618EC870C8C5F4.d.FECC9BE48FA555301142AF32B5ED1966.e.4695/elements - {"using":"css selector","value":"td"}
RESULT: {"using":"css selector","value":"td"}
COMMAND: POST /session/afa7f6ae888d4a81c33b557753f8bf2b/element/f.5D44D27F957A25FA92618EC870C8C5F4.d.FECC9BE48FA555301142AF32B5ED1966.e.4696/elements - {"using":"css selector","value":"td"}
RESULT: {"using":"css selector","value":"td"}
COMMAND: POST /session/afa7f6ae888d4a81c33b557753f8bf2b/element/f.5D44D27F957A25FA92618EC870C8C5F4.d.FECC9BE48FA555301142AF32B5ED1966.e.4704/elements - {"using":"css selector","value":"td"}
RESULT: {"using":"css selector","value":"td"}
COMMAND: POST /session/afa7f6ae888d4a81c33b557753f8bf2b/element/f.5D44D27F957A25FA92618EC870C8C5F4.d.FECC9BE48FA555301142AF32B5ED1966.e.4705/elements - {"using":"css selector","value":"td"}
RESULT: {"using":"css selector","value":"td"}
COMMAND: POST /session/afa7f6ae888d4a81c33b557753f8bf2b/element/f.5D44D27F957A25FA92618EC870C8C5F4.d.FECC9BE48FA555301142AF32B5ED1966.e.4708/elements - {"using":"css selector","value":"td"}
RESULT: {"using":"css selector","value":"td"}
COMMAND: POST /session/afa7f6ae888d4a81c33b557753f8bf2b/element/f.5D44D27F957A25FA92618EC870C8C5F4.d.FECC9BE48FA555301142AF32B5ED1966.e.4749/elements - {"using":"css selector","value":"td"}
RESULT: {"using":"css selector","value":"td"}
COMMAND: POST /session/afa7f6ae888d4a81c33b557753f8bf2b/element/f.5D44D27F957A25FA92618EC870C8C5F4.d.FECC9BE48FA555301142AF32B5ED1966.e.4750/elements - {"using":"css selector","value":"td"}
RESULT: {"using":"css selector","value":"td"}
COMMAND: POST /session/afa7f6ae888d4a81c33b557753f8bf2b/element/f.5D44D27F957A25FA92618EC870C8C5F4.d.FECC9BE48FA555301142AF32B5ED1966.e.4751/elements - {"using":"css selector","value":"td"}
RESULT: {"using":"css selector","value":"td"}
COMMAND: POST /session/afa7f6ae888d4a81c33b557753f8bf2b/element/f.5D44D27F957A25FA92618EC870C8C5F4.d.FECC9BE48FA555301142AF32B5ED1966.e.4752/elements - {"using":"css selector","value":"td"}
RESULT: {"using":"css selector","value":"td"}
COMMAND: POST /session/afa7f6ae888d4a81c33b557753f8bf2b/element/f.5D44D27F957A25FA92618EC870C8C5F4.d.FECC9BE48FA555301142AF32B5ED1966.e.4753/elements - {"using":"css selector","value":"td"}
RESULT: {"using":"css selector","value":"td"}
COMMAND: POST /session/afa7f6ae888d4a81c33b557753f8bf2b/element/f.5D44D27F957A25FA92618EC870C8C5F4.d.FECC9BE48FA555301142AF32B5ED1966.e.4754/elements - {"using":"css selector","value":"td"}
RESULT: {"using":"css selector","value":"td"}
COMMAND: POST /session/afa7f6ae888d4a81c33b557753f8bf2b/element/f.5D44D27F957A25FA92618EC870C8C5F4.d.FECC9BE48FA555301142AF32B5ED1966.e.4755/elements - {"using":"css selector","value":"td"}
RESULT: {"using":"css selector","value":"td"}
COMMAND: POST /session/afa7f6ae888d4a81c33b557753f8bf2b/element/f.5D44D27F957A25FA92618EC870C8C5F4.d.FECC9BE48FA555301142AF32B5ED1966.e.4756/elements - {"using":"css selector","value":"td"}
RESULT: {"using":"css selector","value":"td"}
COMMAND: POST /session/afa7f6ae888d4a81c33b557753f8bf2b/element/f.5D44D27F957A25FA92618EC870C8C5F4.d.FECC9BE48FA555301142AF32B5ED1966.e.4757/elements - {"using":"css selector","value":"td"}
RESULT: {"using":"css selector","value":"td"}
COMMAND: POST /session/afa7f6ae888d4a81c33b557753f8bf2b/element/f.5D44D27F957A25FA92618EC870C8C5F4.d.FECC9BE48FA555301142AF32B5ED1966.e.4921/elements - {"using":"css selector","value":"td"}
RESULT: {"using":"css selector","value":"td"}
COMMAND: POST /session/afa7f6ae888d4a81c33b557753f8bf2b/element - {"using":"css selector","value":"#j_username"}
COMMAND: POST /session/afa7f6ae888d4a81c33b557753f8bf2b/url - {"url":"https://qa-testing-00-live-etm-ui.cfapps.eu10-004.hana.ondemand.com/"}
RESULT: {"using":"css selector","value":"#j_username"}
COMMAND: POST /session/afa7f6ae888d4a81c33b557753f8bf2b/element - {"using":"css selector","value":"#j_username"}
RESULT: {"url":"https://qa-testing-00-live-etm-ui.cfapps.eu10-004.hana.ondemand.com/"}
RESULT: undefined
COMMAND: GET /session/afa7f6ae888d4a81c33b557753f8bf2b/screenshot - {}
RESULT: {"using":"css selector","value":"#j_username"}
COMMAND: POST /session/afa7f6ae888d4a81c33b557753f8bf2b/element - {"using":"css selector","value":"#shell-header-logo"}
RESULT: {}
RESULT: {"using":"css selector","value":"#shell-header-logo"}
COMMAND: POST /session/afa7f6ae888d4a81c33b557753f8bf2b/execute/sync - {"script":"<script> [8489 bytes]","args":[{"element-6066-11e4-a52e-4f735466cecf":"f.5D44D27F957A25FA92618EC870C8C5F4.d.200F6C202632D169333403527F0FD792.e.4932","ELEMENT":"f.5D44D27F957A25FA92618EC870C8C5F4.d.200F6C202632D169333403527F0FD792.e.4932"}]}
RESULT: {"script":"<script> [8489 bytes]","args":[{"element-6066-11e4-a52e-4f735466cecf":"f.5D44D27F957A25FA92618EC870C8C5F4.d.200F6C202632D169333403527F0FD792.e.4932","ELEMENT":"f.5D44D27F957A25FA92618EC870C8C5F4.d.200F6C202632D169333403527F0FD792.e.4932"}]}
COMMAND: POST /session/afa7f6ae888d4a81c33b557753f8bf2b/element - {"using":"css selector","value":"#shell-header-logo"}
COMMAND: GET /session/afa7f6ae888d4a81c33b557753f8bf2b/screenshot - {}
RESULT: {"using":"css selector","value":"#shell-header-logo"}
COMMAND: POST /session/afa7f6ae888d4a81c33b557753f8bf2b/execute/sync - {"script":"<script> [8489 bytes]","args":[{"element-6066-11e4-a52e-4f735466cecf":"f.5D44D27F957A25FA92618EC870C8C5F4.d.200F6C202632D169333403527F0FD792.e.4932","ELEMENT":"f.5D44D27F957A25FA92618EC870C8C5F4.d.200F6C202632D169333403527F0FD792.e.4932"}]}
RESULT: {}
RESULT: {"script":"<script> [8489 bytes]","args":[{"element-6066-11e4-a52e-4f735466cecf":"f.5D44D27F957A25FA92618EC870C8C5F4.d.200F6C202632D169333403527F0FD792.e.4932","ELEMENT":"f.5D44D27F957A25FA92618EC870C8C5F4.d.200F6C202632D169333403527F0FD792.e.4932"}]}
COMMAND: POST /session/afa7f6ae888d4a81c33b557753f8bf2b/execute/sync - {"script":"<script> [5351 bytes]","args":[{"element-6066-11e4-a52e-4f735466cecf":"f.5D44D27F957A25FA92618EC870C8C5F4.d.200F6C202632D169333403527F0FD792.e.4932","ELEMENT":"f.5D44D27F957A25FA92618EC870C8C5F4.d.200F6C202632D169333403527F0FD792.e.4932"}]}
COMMAND: GET /session/afa7f6ae888d4a81c33b557753f8bf2b/screenshot - {}
RESULT: {"script":"<script> [5351 bytes]","args":[{"element-6066-11e4-a52e-4f735466cecf":"f.5D44D27F957A25FA92618EC870C8C5F4.d.200F6C202632D169333403527F0FD792.e.4932","ELEMENT":"f.5D44D27F957A25FA92618EC870C8C5F4.d.200F6C202632D169333403527F0FD792.e.4932"}]}
COMMAND: POST /session/afa7f6ae888d4a81c33b557753f8bf2b/element - {"using":"css selector","value":"#shell-header-logo"}
COMMAND: GET /session/afa7f6ae888d4a81c33b557753f8bf2b/screenshot - {}
RESULT: {}
RESULT: {"using":"css selector","value":"#shell-header-logo"}
COMMAND: POST /session/afa7f6ae888d4a81c33b557753f8bf2b/element/f.5D44D27F957A25FA92618EC870C8C5F4.d.200F6C202632D169333403527F0FD792.e.4932/click - {}
RESULT: {}
RESULT: {}
COMMAND: GET /session/afa7f6ae888d4a81c33b557753f8bf2b/screenshot - {}
RESULT: {}
COMMAND: POST /session/afa7f6ae888d4a81c33b557753f8bf2b/execute/async - {"script":"<script> [189 bytes]","args":[]}
RESULT: {"script":"<script> [189 bytes]","args":[]}
COMMAND: POST /session/afa7f6ae888d4a81c33b557753f8bf2b/execute/async - {"script":"<script> [123 bytes]","args":[]}
RESULT: {"script":"<script> [123 bytes]","args":[]}
COMMAND: POST /session/afa7f6ae888d4a81c33b557753f8bf2b/timeouts - {"script":"<number>"}
RESULT: {"script":"<number>"}
COMMAND: GET /session/afa7f6ae888d4a81c33b557753f8bf2b/timeouts - {}
RESULT: {}
RESULT: undefined
COMMAND: POST /session/afa7f6ae888d4a81c33b557753f8bf2b/execute/async - {"script":"<script> [2676 bytes]","args":[]}
RESULT: {"script":"<script> [2676 bytes]","args":[]}
COMMAND: POST /session/afa7f6ae888d4a81c33b557753f8bf2b/execute/async - {"script":"<script> [2342 bytes]","args":[{"protocol":"http","hostname":"0.0.0.0","path":"/","capabilities":{"browserName":"chrome","goog:chromeOptions":{"binary":"C:\\Program Files\\Google\\Chrome\\Application\\chrome.exe","args":["--start-maximized"]}},"logLevel":"warn","connectionRetryTimeout":120000,"connectionRetryCount":3,"logLevels":{},"enableDirectConnect":true,"strictSSL":true,"_":"65 more keys: [\"cacheDir\",\"port\",\"requestedCapabilities\",\"automationProtocol\",\"baseUrl\",\"waitforInterval\",\"waitforTimeout\",\"onReload\",\"beforeCommand\",\"afterCommand\",\"rootDir\",\"specs\",\"suites\",\"exclude\",\"groupLogsByTestSpec\",\"excludeDriverLogs\",\"bail\",\"framework\",\"reporters\",\"services\",\"maxInstances\",\"maxInstancesPerCapability\",\"injectGlobals\",\"filesToWatch\",\"execArgv\",\"runnerEnv\",\"runner\",\"shard\",\"specFileRetries\",\"specFileRetriesDelay\",\"specFileRetriesDeferred\",\"reporterSyncInterval\",\"reporterSyncTimeout\",\"cucumberFeaturesWithLineNumbers\",\"autoCompileOpts\",\"mochaOpts\",\"jasmineOpts\",\"cucumberOpts\",\"onPrepare\",\"onWorkerStart\",\"onWorkerEnd\",\"before\",\"beforeSession\",\"beforeSuite\",\"beforeHook\",\"beforeTest\",\"afterTest\",\"afterHook\",\"afterSuite\",\"afterSession\",\"after\",\"onComplete\",\"beforeAssertion\",\"afterAssertion\",\"beforeFeature\",\"beforeScenario\",\"beforeStep\",\"afterStep\",\"afterScenario\",\"afterFeature\",\"_\",\"suite\",\"$0\",\"ignoredWorkerServices\",\"wdi5\"]"}]}
RESULT: {"script":"<script> [2342 bytes]","args":[{"protocol":"http","hostname":"0.0.0.0","path":"/","capabilities":{"browserName":"chrome","goog:chromeOptions":{"binary":"C:\\Program Files\\Google\\Chrome\\Application\\chrome.exe","args":["--start-maximized"]}},"logLevel":"warn","connectionRetryTimeout":120000,"connectionRetryCount":3,"logLevels":{},"enableDirectConnect":true,"strictSSL":true,"_":"65 more keys: [\"cacheDir\",\"port\",\"requestedCapabilities\",\"automationProtocol\",\"baseUrl\",\"waitforInterval\",\"waitforTimeout\",\"onReload\",\"beforeCommand\",\"afterCommand\",\"rootDir\",\"specs\",\"suites\",\"exclude\",\"groupLogsByTestSpec\",\"excludeDriverLogs\",\"bail\",\"framework\",\"reporters\",\"services\",\"maxInstances\",\"maxInstancesPerCapability\",\"injectGlobals\",\"filesToWatch\",\"execArgv\",\"runnerEnv\",\"runner\",\"shard\",\"specFileRetries\",\"specFileRetriesDelay\",\"specFileRetriesDeferred\",\"reporterSyncInterval\",\"reporterSyncTimeout\",\"cucumberFeaturesWithLineNumbers\",\"autoCompileOpts\",\"mochaOpts\",\"jasmineOpts\",\"cucumberOpts\",\"onPrepare\",\"onWorkerStart\",\"onWorkerEnd\",\"before\",\"beforeSession\",\"beforeSuite\",\"beforeHook\",\"beforeTest\",\"afterTest\",\"afterHook\",\"afterSuite\",\"afterSession\",\"after\",\"onComplete\",\"beforeAssertion\",\"afterAssertion\",\"beforeFeature\",\"beforeScenario\",\"beforeStep\",\"afterStep\",\"afterScenario\",\"afterFeature\",\"_\",\"suite\",\"$0\",\"ignoredWorkerServices\",\"wdi5\"]"}]}
COMMAND: POST /session/afa7f6ae888d4a81c33b557753f8bf2b/execute/async - {"script":"<script> [21126 bytes]","args":[35000]}
RESULT: {"script":"<script> [21126 bytes]","args":[35000]}
COMMAND: POST /session/afa7f6ae888d4a81c33b557753f8bf2b/window/maximize - {}
RESULT: {}
COMMAND: POST /session/afa7f6ae888d4a81c33b557753f8bf2b/execute/async - {"script":"<script> [1562 bytes]","args":[{"selector":{"id":"shell-header","interaction":{"idSuffix":"icon"}},"wdio_ui5_key":"shellheader"}]}
COMMAND: GET /session/afa7f6ae888d4a81c33b557753f8bf2b/screenshot - {}
RESULT: {"script":"<script> [1562 bytes]","args":[{"selector":{"id":"shell-header","interaction":{"idSuffix":"icon"}},"wdio_ui5_key":"shellheader"}]}
RESULT: undefined
COMMAND: POST /session/afa7f6ae888d4a81c33b557753f8bf2b/refresh - {}
RESULT: {}
RESULT: {}
COMMAND: GET /session/afa7f6ae888d4a81c33b557753f8bf2b/screenshot - {}
RESULT: {}
COMMAND: POST /session/afa7f6ae888d4a81c33b557753f8bf2b/refresh - {}
RESULT: {}
COMMAND: GET /session/afa7f6ae888d4a81c33b557753f8bf2b/screenshot - {}
RESULT: {}
COMMAND: POST /session/afa7f6ae888d4a81c33b557753f8bf2b/window/fullscreen - {}
RESULT: {}
COMMAND: POST /session/afa7f6ae888d4a81c33b557753f8bf2b/execute/async - {"script":"<script> [189 bytes]","args":[]}
RESULT: {"script":"<script> [189 bytes]","args":[]}
COMMAND: POST /session/afa7f6ae888d4a81c33b557753f8bf2b/execute/async - {"script":"<script> [123 bytes]","args":[]}
RESULT: {"script":"<script> [123 bytes]","args":[]}
COMMAND: POST /session/afa7f6ae888d4a81c33b557753f8bf2b/timeouts - {"script":"<number>"}
RESULT: {"script":"<number>"}
COMMAND: GET /session/afa7f6ae888d4a81c33b557753f8bf2b/timeouts - {}
RESULT: {}
RESULT: undefined
COMMAND: POST /session/afa7f6ae888d4a81c33b557753f8bf2b/execute/async - {"script":"<script> [2676 bytes]","args":[]}
RESULT: {"script":"<script> [2676 bytes]","args":[]}
COMMAND: POST /session/afa7f6ae888d4a81c33b557753f8bf2b/execute/async - {"script":"<script> [2342 bytes]","args":[{"protocol":"http","hostname":"0.0.0.0","path":"/","capabilities":{"browserName":"chrome","goog:chromeOptions":{"binary":"C:\\Program Files\\Google\\Chrome\\Application\\chrome.exe","args":["--start-maximized"]}},"logLevel":"warn","connectionRetryTimeout":120000,"connectionRetryCount":3,"logLevels":{},"enableDirectConnect":true,"strictSSL":true,"_":"65 more keys: [\"cacheDir\",\"port\",\"requestedCapabilities\",\"automationProtocol\",\"baseUrl\",\"waitforInterval\",\"waitforTimeout\",\"onReload\",\"beforeCommand\",\"afterCommand\",\"rootDir\",\"specs\",\"suites\",\"exclude\",\"groupLogsByTestSpec\",\"excludeDriverLogs\",\"bail\",\"framework\",\"reporters\",\"services\",\"maxInstances\",\"maxInstancesPerCapability\",\"injectGlobals\",\"filesToWatch\",\"execArgv\",\"runnerEnv\",\"runner\",\"shard\",\"specFileRetries\",\"specFileRetriesDelay\",\"specFileRetriesDeferred\",\"reporterSyncInterval\",\"reporterSyncTimeout\",\"cucumberFeaturesWithLineNumbers\",\"autoCompileOpts\",\"mochaOpts\",\"jasmineOpts\",\"cucumberOpts\",\"onPrepare\",\"onWorkerStart\",\"onWorkerEnd\",\"before\",\"beforeSession\",\"beforeSuite\",\"beforeHook\",\"beforeTest\",\"afterTest\",\"afterHook\",\"afterSuite\",\"afterSession\",\"after\",\"onComplete\",\"beforeAssertion\",\"afterAssertion\",\"beforeFeature\",\"beforeScenario\",\"beforeStep\",\"afterStep\",\"afterScenario\",\"afterFeature\",\"_\",\"suite\",\"$0\",\"ignoredWorkerServices\",\"wdi5\"]"}]}
RESULT: {"script":"<script> [2342 bytes]","args":[{"protocol":"http","hostname":"0.0.0.0","path":"/","capabilities":{"browserName":"chrome","goog:chromeOptions":{"binary":"C:\\Program Files\\Google\\Chrome\\Application\\chrome.exe","args":["--start-maximized"]}},"logLevel":"warn","connectionRetryTimeout":120000,"connectionRetryCount":3,"logLevels":{},"enableDirectConnect":true,"strictSSL":true,"_":"65 more keys: [\"cacheDir\",\"port\",\"requestedCapabilities\",\"automationProtocol\",\"baseUrl\",\"waitforInterval\",\"waitforTimeout\",\"onReload\",\"beforeCommand\",\"afterCommand\",\"rootDir\",\"specs\",\"suites\",\"exclude\",\"groupLogsByTestSpec\",\"excludeDriverLogs\",\"bail\",\"framework\",\"reporters\",\"services\",\"maxInstances\",\"maxInstancesPerCapability\",\"injectGlobals\",\"filesToWatch\",\"execArgv\",\"runnerEnv\",\"runner\",\"shard\",\"specFileRetries\",\"specFileRetriesDelay\",\"specFileRetriesDeferred\",\"reporterSyncInterval\",\"reporterSyncTimeout\",\"cucumberFeaturesWithLineNumbers\",\"autoCompileOpts\",\"mochaOpts\",\"jasmineOpts\",\"cucumberOpts\",\"onPrepare\",\"onWorkerStart\",\"onWorkerEnd\",\"before\",\"beforeSession\",\"beforeSuite\",\"beforeHook\",\"beforeTest\",\"afterTest\",\"afterHook\",\"afterSuite\",\"afterSession\",\"after\",\"onComplete\",\"beforeAssertion\",\"afterAssertion\",\"beforeFeature\",\"beforeScenario\",\"beforeStep\",\"afterStep\",\"afterScenario\",\"afterFeature\",\"_\",\"suite\",\"$0\",\"ignoredWorkerServices\",\"wdi5\"]"}]}
COMMAND: POST /session/afa7f6ae888d4a81c33b557753f8bf2b/execute/async - {"script":"<script> [21126 bytes]","args":[35000]}
RESULT: {"script":"<script> [21126 bytes]","args":[35000]}
]]></system-out>
    </testcase>
  </testsuite>
  <testsuite timestamp="2025-06-12T17:12:19" time="430.074" tests="9" failures="0" errors="0" skipped="0">
    <properties>
      <property name="specId" value="0" />
      <property name="suiteName" value="US134625 Set up price condition - one time" />
      <property name="capabilities" value="chrome.137_0_7151_69.windows" />
      <property name="file" value="file:///D:/a/1/s/test/specs/BTS/set-up-price-condition-one-time.spec.js" />
    </properties>
    <testcase classname="chrome.137_0_7151_69.windows.US134625_Set_up_price_condition_-_one_time" name="Should create a new yard used for all following tests" time="0.027">
      <system-out><![CDATA[
COMMAND: POST /session/afa7f6ae888d4a81c33b557753f8bf2b/window/fullscreen - {}
RESULT: {}
]]></system-out>
    </testcase>
    <testcase classname="chrome.137_0_7151_69.windows.US134625_Set_up_price_condition_-_one_time" name="Should create a new partner" time="0.005" />
    <testcase classname="chrome.137_0_7151_69.windows.US134625_Set_up_price_condition_-_one_time" name="Should create a new site used for following tests" time="0.002" />
    <testcase classname="chrome.137_0_7151_69.windows.US134625_Set_up_price_condition_-_one_time" name="Should create a new material for billing type one time" time="122.748">
      <system-out><![CDATA[
COMMAND: POST /session/afa7f6ae888d4a81c33b557753f8bf2b/execute/async - {"script":"<script> [1562 bytes]","args":[{"selector":{"controlType":"sap.m.GenericTile","properties":{"header":"Manage Resources"}},"wdio_ui5_key":"sapm.GenericTile{\"header\":\"Manage Resources\"}"}]}
RESULT: {"script":"<script> [1562 bytes]","args":[{"selector":{"controlType":"sap.m.GenericTile","properties":{"header":"Manage Resources"}},"wdio_ui5_key":"sapm.GenericTile{\"header\":\"Manage Resources\"}"}]}
RESULT: undefined
COMMAND: POST /session/afa7f6ae888d4a81c33b557753f8bf2b/element - {"using":"xpath","value":"//*[@id=\"__tile40\"]"}
RESULT: {"using":"xpath","value":"//*[@id=\"__tile40\"]"}
COMMAND: POST /session/afa7f6ae888d4a81c33b557753f8bf2b/element/f.5D44D27F957A25FA92618EC870C8C5F4.d.13543D046FECCD5B82813E8D6F5F594D.e.5090/click - {}
RESULT: {}
COMMAND: GET /session/afa7f6ae888d4a81c33b557753f8bf2b/screenshot - {}
RESULT: {}
COMMAND: POST /session/afa7f6ae888d4a81c33b557753f8bf2b/elements - {"using":"xpath","value":"//span[text()='Error']"}
RESULT: {"using":"xpath","value":"//span[text()='Error']"}
COMMAND: POST /session/afa7f6ae888d4a81c33b557753f8bf2b/element - {"using":"xpath","value":"//button[@data-kt=\"addNewRUOverflowToolbarButton\"]"}
RESULT: {"using":"xpath","value":"//button[@data-kt=\"addNewRUOverflowToolbarButton\"]"}
COMMAND: POST /session/afa7f6ae888d4a81c33b557753f8bf2b/elements - {"using":"xpath","value":"//button[@data-kt=\"addNewRUOverflowToolbarButton\"]"}
RESULT: {"using":"xpath","value":"//button[@data-kt=\"addNewRUOverflowToolbarButton\"]"}
COMMAND: POST /session/afa7f6ae888d4a81c33b557753f8bf2b/elements - {"using":"xpath","value":"//button[@data-kt=\"addNewRUOverflowToolbarButton\"]"}
RESULT: {"using":"xpath","value":"//button[@data-kt=\"addNewRUOverflowToolbarButton\"]"}
COMMAND: POST /session/afa7f6ae888d4a81c33b557753f8bf2b/elements - {"using":"xpath","value":"//button[@data-kt=\"addNewRUOverflowToolbarButton\"]"}
RESULT: {"using":"xpath","value":"//button[@data-kt=\"addNewRUOverflowToolbarButton\"]"}
COMMAND: POST /session/afa7f6ae888d4a81c33b557753f8bf2b/element - {"using":"xpath","value":"//button[@data-kt=\"addNewRUOverflowToolbarButton\"]"}
RESULT: {"using":"xpath","value":"//button[@data-kt=\"addNewRUOverflowToolbarButton\"]"}
COMMAND: POST /session/afa7f6ae888d4a81c33b557753f8bf2b/execute/sync - {"script":"<script> [8489 bytes]","args":[{"element-6066-11e4-a52e-4f735466cecf":"f.5D44D27F957A25FA92618EC870C8C5F4.d.13543D046FECCD5B82813E8D6F5F594D.e.5244","ELEMENT":"f.5D44D27F957A25FA92618EC870C8C5F4.d.13543D046FECCD5B82813E8D6F5F594D.e.5244"}]}
RESULT: {"script":"<script> [8489 bytes]","args":[{"element-6066-11e4-a52e-4f735466cecf":"f.5D44D27F957A25FA92618EC870C8C5F4.d.13543D046FECCD5B82813E8D6F5F594D.e.5244","ELEMENT":"f.5D44D27F957A25FA92618EC870C8C5F4.d.13543D046FECCD5B82813E8D6F5F594D.e.5244"}]}
COMMAND: GET /session/afa7f6ae888d4a81c33b557753f8bf2b/element/f.5D44D27F957A25FA92618EC870C8C5F4.d.13543D046FECCD5B82813E8D6F5F594D.e.5244/enabled - {}
COMMAND: GET /session/afa7f6ae888d4a81c33b557753f8bf2b/screenshot - {}
RESULT: {}
COMMAND: POST /session/afa7f6ae888d4a81c33b557753f8bf2b/execute/sync - {"script":"<script> [8489 bytes]","args":[{"element-6066-11e4-a52e-4f735466cecf":"f.5D44D27F957A25FA92618EC870C8C5F4.d.13543D046FECCD5B82813E8D6F5F594D.e.5244","ELEMENT":"f.5D44D27F957A25FA92618EC870C8C5F4.d.13543D046FECCD5B82813E8D6F5F594D.e.5244"}]}
COMMAND: GET /session/afa7f6ae888d4a81c33b557753f8bf2b/screenshot - {}
RESULT: {}
RESULT: {"script":"<script> [8489 bytes]","args":[{"element-6066-11e4-a52e-4f735466cecf":"f.5D44D27F957A25FA92618EC870C8C5F4.d.13543D046FECCD5B82813E8D6F5F594D.e.5244","ELEMENT":"f.5D44D27F957A25FA92618EC870C8C5F4.d.13543D046FECCD5B82813E8D6F5F594D.e.5244"}]}
COMMAND: POST /session/afa7f6ae888d4a81c33b557753f8bf2b/execute/sync - {"script":"<script> [5351 bytes]","args":[{"element-6066-11e4-a52e-4f735466cecf":"f.5D44D27F957A25FA92618EC870C8C5F4.d.13543D046FECCD5B82813E8D6F5F594D.e.5244","ELEMENT":"f.5D44D27F957A25FA92618EC870C8C5F4.d.13543D046FECCD5B82813E8D6F5F594D.e.5244"}]}
COMMAND: GET /session/afa7f6ae888d4a81c33b557753f8bf2b/screenshot - {}
RESULT: {}
RESULT: {"script":"<script> [5351 bytes]","args":[{"element-6066-11e4-a52e-4f735466cecf":"f.5D44D27F957A25FA92618EC870C8C5F4.d.13543D046FECCD5B82813E8D6F5F594D.e.5244","ELEMENT":"f.5D44D27F957A25FA92618EC870C8C5F4.d.13543D046FECCD5B82813E8D6F5F594D.e.5244"}]}
COMMAND: POST /session/afa7f6ae888d4a81c33b557753f8bf2b/element/f.5D44D27F957A25FA92618EC870C8C5F4.d.13543D046FECCD5B82813E8D6F5F594D.e.5244/click - {}
COMMAND: GET /session/afa7f6ae888d4a81c33b557753f8bf2b/screenshot - {}
RESULT: {}
RESULT: {}
COMMAND: GET /session/afa7f6ae888d4a81c33b557753f8bf2b/screenshot - {}
RESULT: {}
COMMAND: POST /session/afa7f6ae888d4a81c33b557753f8bf2b/execute/async - {"script":"<script> [1562 bytes]","args":[{"selector":{"id":"application-manageresources-display-component---newResourceUnit--TYPE-arrow"},"wdio_ui5_key":"applicationmanageresources-display-component---newResourceUnit--TYPE-arrow"}]}
RESULT: {}
RESULT: {"script":"<script> [1562 bytes]","args":[{"selector":{"id":"application-manageresources-display-component---newResourceUnit--TYPE-arrow"},"wdio_ui5_key":"applicationmanageresources-display-component---newResourceUnit--TYPE-arrow"}]}
RESULT: undefined
COMMAND: POST /session/afa7f6ae888d4a81c33b557753f8bf2b/element - {"using":"xpath","value":"//*[@id=\"application-manageresources-display-component---newResourceUnit--TYPE-arrow\"]"}
RESULT: {"using":"xpath","value":"//*[@id=\"application-manageresources-display-component---newResourceUnit--TYPE-arrow\"]"}
COMMAND: POST /session/afa7f6ae888d4a81c33b557753f8bf2b/element/f.5D44D27F957A25FA92618EC870C8C5F4.d.13543D046FECCD5B82813E8D6F5F594D.e.5592/click - {}
RESULT: {}
COMMAND: POST /session/afa7f6ae888d4a81c33b557753f8bf2b/element - {"using":"xpath","value":"//input[@id=\"application-manageresources-display-component---newResourceUnit--TYPE-inner\"]"}
COMMAND: GET /session/afa7f6ae888d4a81c33b557753f8bf2b/screenshot - {}
RESULT: {"using":"xpath","value":"//input[@id=\"application-manageresources-display-component---newResourceUnit--TYPE-inner\"]"}
COMMAND: POST /session/afa7f6ae888d4a81c33b557753f8bf2b/element/f.5D44D27F957A25FA92618EC870C8C5F4.d.13543D046FECCD5B82813E8D6F5F594D.e.5586/clear - {}
RESULT: {}
RESULT: {}
COMMAND: POST /session/afa7f6ae888d4a81c33b557753f8bf2b/element/f.5D44D27F957A25FA92618EC870C8C5F4.d.13543D046FECCD5B82813E8D6F5F594D.e.5586/value - {"text":"Material"}
COMMAND: GET /session/afa7f6ae888d4a81c33b557753f8bf2b/screenshot - {}
RESULT: {"text":"Material"}
COMMAND: GET /session/afa7f6ae888d4a81c33b557753f8bf2b/screenshot - {}
RESULT: {}
RESULT: {}
COMMAND: POST /session/afa7f6ae888d4a81c33b557753f8bf2b/actions - {"actions":[{"id":"action19","type":"key","parameters":{},"actions":[{"type":"keyDown","value":"î€‡"},{"type":"pause","duration":10},{"type":"keyUp","value":"î€‡"}]}]}
RESULT: {"actions":[{"id":"action19","type":"key","parameters":{},"actions":[{"type":"keyDown","value":"î€‡"},{"type":"pause","duration":10},{"type":"keyUp","value":"î€‡"}]}]}
COMMAND: POST /session/afa7f6ae888d4a81c33b557753f8bf2b/execute/async - {"script":"<script> [1562 bytes]","args":[{"selector":{"id":"application-manageresources-display-component---newResourceUnit--SHORT_TEXT","interaction":{"idSuffix":"inner"}},"wdio_ui5_key":"applicationmanageresources-display-component---newResourceUnit--SHORT_TEXT"}]}
COMMAND: GET /session/afa7f6ae888d4a81c33b557753f8bf2b/screenshot - {}
RESULT: undefined
RESULT: undefined
RESULT: {"script":"<script> [1562 bytes]","args":[{"selector":{"id":"application-manageresources-display-component---newResourceUnit--SHORT_TEXT","interaction":{"idSuffix":"inner"}},"wdio_ui5_key":"applicationmanageresources-display-component---newResourceUnit--SHORT_TEXT"}]}
RESULT: undefined
COMMAND: POST /session/afa7f6ae888d4a81c33b557753f8bf2b/execute/async - {"script":"<script> [776 bytes]","args":[{"enterText":"Cement WDIO","selector":{"id":"application-manageresources-display-component---newResourceUnit--SHORT_TEXT","interaction":{"idSuffix":"inner"}},"clearTextFirst":true,"interactionType":"ENTER_TEXT"}]}
RESULT: {}
RESULT: {"script":"<script> [776 bytes]","args":[{"enterText":"Cement WDIO","selector":{"id":"application-manageresources-display-component---newResourceUnit--SHORT_TEXT","interaction":{"idSuffix":"inner"}},"clearTextFirst":true,"interactionType":"ENTER_TEXT"}]}
COMMAND: POST /session/afa7f6ae888d4a81c33b557753f8bf2b/execute/async - {"script":"<script> [1562 bytes]","args":[{"selector":{"id":"application-manageresources-display-component---newResourceUnit--BASE_UNIT_OF_MEASURE","interaction":{"idSuffix":"inner"}},"wdio_ui5_key":"applicationmanageresources-display-component---newResourceUnit--BASE_UNIT_OF_MEASURE"}]}
RESULT: {"script":"<script> [1562 bytes]","args":[{"selector":{"id":"application-manageresources-display-component---newResourceUnit--BASE_UNIT_OF_MEASURE","interaction":{"idSuffix":"inner"}},"wdio_ui5_key":"applicationmanageresources-display-component---newResourceUnit--BASE_UNIT_OF_MEASURE"}]}
RESULT: undefined
COMMAND: POST /session/afa7f6ae888d4a81c33b557753f8bf2b/execute/async - {"script":"<script> [776 bytes]","args":[{"enterText":"Piece","selector":{"id":"application-manageresources-display-component---newResourceUnit--BASE_UNIT_OF_MEASURE","interaction":{"idSuffix":"inner"}},"clearTextFirst":true,"interactionType":"ENTER_TEXT"}]}
RESULT: {"script":"<script> [776 bytes]","args":[{"enterText":"Piece","selector":{"id":"application-manageresources-display-component---newResourceUnit--BASE_UNIT_OF_MEASURE","interaction":{"idSuffix":"inner"}},"clearTextFirst":true,"interactionType":"ENTER_TEXT"}]}
COMMAND: POST /session/afa7f6ae888d4a81c33b557753f8bf2b/execute/async - {"script":"<script> [1562 bytes]","args":[{"selector":{"id":"application-manageresources-display-component---newResourceUnit--WEIGHT_UNIT","interaction":{"idSuffix":"inner"}},"wdio_ui5_key":"applicationmanageresources-display-component---newResourceUnit--WEIGHT_UNIT"}]}
RESULT: {"script":"<script> [1562 bytes]","args":[{"selector":{"id":"application-manageresources-display-component---newResourceUnit--WEIGHT_UNIT","interaction":{"idSuffix":"inner"}},"wdio_ui5_key":"applicationmanageresources-display-component---newResourceUnit--WEIGHT_UNIT"}]}
RESULT: undefined
COMMAND: POST /session/afa7f6ae888d4a81c33b557753f8bf2b/execute/async - {"script":"<script> [776 bytes]","args":[{"enterText":"Gram","selector":{"id":"application-manageresources-display-component---newResourceUnit--WEIGHT_UNIT","interaction":{"idSuffix":"inner"}},"clearTextFirst":true,"interactionType":"ENTER_TEXT"}]}
RESULT: {"script":"<script> [776 bytes]","args":[{"enterText":"Gram","selector":{"id":"application-manageresources-display-component---newResourceUnit--WEIGHT_UNIT","interaction":{"idSuffix":"inner"}},"clearTextFirst":true,"interactionType":"ENTER_TEXT"}]}
COMMAND: POST /session/afa7f6ae888d4a81c33b557753f8bf2b/execute/async - {"script":"<script> [1562 bytes]","args":[{"selector":{"id":"application-manageresources-display-component---newResourceUnit--DIMENSION_UNIT","interaction":{"idSuffix":"inner"}},"wdio_ui5_key":"applicationmanageresources-display-component---newResourceUnit--DIMENSION_UNIT"}]}
RESULT: {"script":"<script> [1562 bytes]","args":[{"selector":{"id":"application-manageresources-display-component---newResourceUnit--DIMENSION_UNIT","interaction":{"idSuffix":"inner"}},"wdio_ui5_key":"applicationmanageresources-display-component---newResourceUnit--DIMENSION_UNIT"}]}
RESULT: undefined
COMMAND: POST /session/afa7f6ae888d4a81c33b557753f8bf2b/execute/async - {"script":"<script> [776 bytes]","args":[{"enterText":"Meter","selector":{"id":"application-manageresources-display-component---newResourceUnit--DIMENSION_UNIT","interaction":{"idSuffix":"inner"}},"clearTextFirst":true,"interactionType":"ENTER_TEXT"}]}
RESULT: {"script":"<script> [776 bytes]","args":[{"enterText":"Meter","selector":{"id":"application-manageresources-display-component---newResourceUnit--DIMENSION_UNIT","interaction":{"idSuffix":"inner"}},"clearTextFirst":true,"interactionType":"ENTER_TEXT"}]}
COMMAND: POST /session/afa7f6ae888d4a81c33b557753f8bf2b/execute/async - {"script":"<script> [1562 bytes]","args":[{"selector":{"id":"application-manageresources-display-component---newResourceUnit--newRRUPage-anchBar-application-manageresources-display-component---newResourceUnit--control-anchor","interaction":{"idSuffix":"BDI-content"}},"wdio_ui5_key":"applicationmanageresources-display-component---newResourceUnit--newRRUPage-anchBar-application-manageresources-display-component---newResourceUnit--control-anchor"}]}
RESULT: {"script":"<script> [1562 bytes]","args":[{"selector":{"id":"application-manageresources-display-component---newResourceUnit--newRRUPage-anchBar-application-manageresources-display-component---newResourceUnit--control-anchor","interaction":{"idSuffix":"BDI-content"}},"wdio_ui5_key":"applicationmanageresources-display-component---newResourceUnit--newRRUPage-anchBar-application-manageresources-display-component---newResourceUnit--control-anchor"}]}
RESULT: undefined
COMMAND: POST /session/afa7f6ae888d4a81c33b557753f8bf2b/element - {"using":"xpath","value":"//*[@id=\"application-manageresources-display-component---newResourceUnit--newRRUPage-anchBar-application-manageresources-display-component---newResourceUnit--control-anchor\"]"}
RESULT: {"using":"xpath","value":"//*[@id=\"application-manageresources-display-component---newResourceUnit--newRRUPage-anchBar-application-manageresources-display-component---newResourceUnit--control-anchor\"]"}
COMMAND: POST /session/afa7f6ae888d4a81c33b557753f8bf2b/element/f.5D44D27F957A25FA92618EC870C8C5F4.d.13543D046FECCD5B82813E8D6F5F594D.e.5726/click - {}
RESULT: {}
COMMAND: POST /session/afa7f6ae888d4a81c33b557753f8bf2b/execute/async - {"script":"<script> [1562 bytes]","args":[{"selector":{"id":"application-manageresources-display-component---newResourceUnit--PLANNING_GROUP","interaction":{"idSuffix":"inner"}},"wdio_ui5_key":"applicationmanageresources-display-component---newResourceUnit--PLANNING_GROUP"}]}
COMMAND: GET /session/afa7f6ae888d4a81c33b557753f8bf2b/screenshot - {}
RESULT: {"script":"<script> [1562 bytes]","args":[{"selector":{"id":"application-manageresources-display-component---newResourceUnit--PLANNING_GROUP","interaction":{"idSuffix":"inner"}},"wdio_ui5_key":"applicationmanageresources-display-component---newResourceUnit--PLANNING_GROUP"}]}
RESULT: undefined
COMMAND: POST /session/afa7f6ae888d4a81c33b557753f8bf2b/execute/async - {"script":"<script> [776 bytes]","args":[{"enterText":"Material","selector":{"id":"application-manageresources-display-component---newResourceUnit--PLANNING_GROUP","interaction":{"idSuffix":"inner"}},"clearTextFirst":true,"interactionType":"ENTER_TEXT"}]}
RESULT: {}
RESULT: {"script":"<script> [776 bytes]","args":[{"enterText":"Material","selector":{"id":"application-manageresources-display-component---newResourceUnit--PLANNING_GROUP","interaction":{"idSuffix":"inner"}},"clearTextFirst":true,"interactionType":"ENTER_TEXT"}]}
COMMAND: POST /session/afa7f6ae888d4a81c33b557753f8bf2b/execute/async - {"script":"<script> [1562 bytes]","args":[{"selector":{"id":"application-manageresources-display-component---newResourceUnit--PLANNING_INDICATOR","interaction":{"idSuffix":"inner"}},"wdio_ui5_key":"applicationmanageresources-display-component---newResourceUnit--PLANNING_INDICATOR"}]}
RESULT: {"script":"<script> [1562 bytes]","args":[{"selector":{"id":"application-manageresources-display-component---newResourceUnit--PLANNING_INDICATOR","interaction":{"idSuffix":"inner"}},"wdio_ui5_key":"applicationmanageresources-display-component---newResourceUnit--PLANNING_INDICATOR"}]}
RESULT: undefined
COMMAND: POST /session/afa7f6ae888d4a81c33b557753f8bf2b/execute/async - {"script":"<script> [776 bytes]","args":[{"enterText":"10 - infinite","selector":{"id":"application-manageresources-display-component---newResourceUnit--PLANNING_INDICATOR","interaction":{"idSuffix":"inner"}},"clearTextFirst":true,"interactionType":"ENTER_TEXT"}]}
RESULT: {"script":"<script> [776 bytes]","args":[{"enterText":"10 - infinite","selector":{"id":"application-manageresources-display-component---newResourceUnit--PLANNING_INDICATOR","interaction":{"idSuffix":"inner"}},"clearTextFirst":true,"interactionType":"ENTER_TEXT"}]}
COMMAND: POST /session/afa7f6ae888d4a81c33b557753f8bf2b/element - {"using":"css selector","value":"#application-manageresources-display-component---newResourceUnit--btnAddTimeSegment"}
RESULT: {"using":"css selector","value":"#application-manageresources-display-component---newResourceUnit--btnAddTimeSegment"}
COMMAND: GET /session/afa7f6ae888d4a81c33b557753f8bf2b/element/f.5D44D27F957A25FA92618EC870C8C5F4.d.13543D046FECCD5B82813E8D6F5F594D.e.5736/rect - {}
RESULT: {}
COMMAND: GET /session/afa7f6ae888d4a81c33b557753f8bf2b/window/rect - {}
RESULT: {}
COMMAND: POST /session/afa7f6ae888d4a81c33b557753f8bf2b/execute/sync - {"script":"<script> [92 bytes]","args":[]}
RESULT: {"script":"<script> [92 bytes]","args":[]}
COMMAND: POST /session/afa7f6ae888d4a81c33b557753f8bf2b/actions - {"actions":[{"id":"action20","type":"wheel","parameters":{},"actions":[{"type":"scroll","x":-1888,"y":-32,"deltaX":0,"deltaY":0,"duration":0,"origin":{"element-6066-11e4-a52e-4f735466cecf":"f.5D44D27F957A25FA92618EC870C8C5F4.d.13543D046FECCD5B82813E8D6F5F594D.e.5736"}}]}]}
COMMAND: GET /session/afa7f6ae888d4a81c33b557753f8bf2b/screenshot - {}
RESULT: {}
COMMAND: POST /session/afa7f6ae888d4a81c33b557753f8bf2b/execute/sync - {"script":"<script> [79 bytes]","args":[{"element-6066-11e4-a52e-4f735466cecf":"f.5D44D27F957A25FA92618EC870C8C5F4.d.13543D046FECCD5B82813E8D6F5F594D.e.5736","ELEMENT":"f.5D44D27F957A25FA92618EC870C8C5F4.d.13543D046FECCD5B82813E8D6F5F594D.e.5736"},{"block":"start","inline":"nearest"}]}
RESULT: {"script":"<script> [79 bytes]","args":[{"element-6066-11e4-a52e-4f735466cecf":"f.5D44D27F957A25FA92618EC870C8C5F4.d.13543D046FECCD5B82813E8D6F5F594D.e.5736","ELEMENT":"f.5D44D27F957A25FA92618EC870C8C5F4.d.13543D046FECCD5B82813E8D6F5F594D.e.5736"},{"block":"start","inline":"nearest"}]}
COMMAND: POST /session/afa7f6ae888d4a81c33b557753f8bf2b/execute/async - {"script":"<script> [1562 bytes]","args":[{"selector":{"id":"application-manageresources-display-component---newResourceUnit--btnAddTimeSegment","interaction":{"idSuffix":"inner"}},"wdio_ui5_key":"applicationmanageresources-display-component---newResourceUnit--btnAddTimeSegment"}]}
COMMAND: GET /session/afa7f6ae888d4a81c33b557753f8bf2b/screenshot - {}
RESULT: {"script":"<script> [1562 bytes]","args":[{"selector":{"id":"application-manageresources-display-component---newResourceUnit--btnAddTimeSegment","interaction":{"idSuffix":"inner"}},"wdio_ui5_key":"applicationmanageresources-display-component---newResourceUnit--btnAddTimeSegment"}]}
RESULT: undefined
COMMAND: POST /session/afa7f6ae888d4a81c33b557753f8bf2b/element - {"using":"xpath","value":"//*[@id=\"application-manageresources-display-component---newResourceUnit--btnAddTimeSegment\"]"}
RESULT: {}
RESULT: {"using":"xpath","value":"//*[@id=\"application-manageresources-display-component---newResourceUnit--btnAddTimeSegment\"]"}
COMMAND: POST /session/afa7f6ae888d4a81c33b557753f8bf2b/element/f.5D44D27F957A25FA92618EC870C8C5F4.d.13543D046FECCD5B82813E8D6F5F594D.e.5736/click - {}
RESULT: {}
COMMAND: GET /session/afa7f6ae888d4a81c33b557753f8bf2b/screenshot - {}
RESULT: {}
COMMAND: POST /session/afa7f6ae888d4a81c33b557753f8bf2b/element - {"using":"xpath","value":"//input[@id=\"application-manageresources-display-component---newResourceUnit--idRuTSAdmin-application-manageresources-display-component---newResourceUnit--RUTimeSegment-0-inner\"]"}
RESULT: {"using":"xpath","value":"//input[@id=\"application-manageresources-display-component---newResourceUnit--idRuTSAdmin-application-manageresources-display-component---newResourceUnit--RUTimeSegment-0-inner\"]"}
COMMAND: POST /session/afa7f6ae888d4a81c33b557753f8bf2b/element/f.5D44D27F957A25FA92618EC870C8C5F4.d.13543D046FECCD5B82813E8D6F5F594D.e.5741/clear - {}
RESULT: {}
COMMAND: POST /session/afa7f6ae888d4a81c33b557753f8bf2b/element/f.5D44D27F957A25FA92618EC870C8C5F4.d.13543D046FECCD5B82813E8D6F5F594D.e.5741/value - {"text":"191"}
COMMAND: GET /session/afa7f6ae888d4a81c33b557753f8bf2b/screenshot - {}
RESULT: {"text":"191"}
COMMAND: GET /session/afa7f6ae888d4a81c33b557753f8bf2b/screenshot - {}
RESULT: {}
RESULT: {}
COMMAND: POST /session/afa7f6ae888d4a81c33b557753f8bf2b/element - {"using":"xpath","value":"//li[.//span[text()='191']]"}
RESULT: {"using":"xpath","value":"//li[.//span[text()='191']]"}
COMMAND: POST /session/afa7f6ae888d4a81c33b557753f8bf2b/element/f.5D44D27F957A25FA92618EC870C8C5F4.d.13543D046FECCD5B82813E8D6F5F594D.e.5748/click - {}
RESULT: {}
COMMAND: GET /session/afa7f6ae888d4a81c33b557753f8bf2b/screenshot - {}
RESULT: {}
COMMAND: POST /session/afa7f6ae888d4a81c33b557753f8bf2b/element - {"using":"xpath","value":"(//span[contains(@id, \"-application-manageresources-display-component---newResourceUnit--RUTimeSegment-0-arrow\")])[2]"}
RESULT: {"using":"xpath","value":"(//span[contains(@id, \"-application-manageresources-display-component---newResourceUnit--RUTimeSegment-0-arrow\")])[2]"}
COMMAND: POST /session/afa7f6ae888d4a81c33b557753f8bf2b/element/f.5D44D27F957A25FA92618EC870C8C5F4.d.13543D046FECCD5B82813E8D6F5F594D.e.5749/click - {}
RESULT: {}
COMMAND: POST /session/afa7f6ae888d4a81c33b557753f8bf2b/element - {"using":"xpath","value":"//span[contains(text(), \"PM Order\")]"}
COMMAND: GET /session/afa7f6ae888d4a81c33b557753f8bf2b/screenshot - {}
RESULT: {"using":"xpath","value":"//span[contains(text(), \"PM Order\")]"}
COMMAND: POST /session/afa7f6ae888d4a81c33b557753f8bf2b/element/f.5D44D27F957A25FA92618EC870C8C5F4.d.13543D046FECCD5B82813E8D6F5F594D.e.5750/click - {}
RESULT: {}
RESULT: {}
COMMAND: GET /session/afa7f6ae888d4a81c33b557753f8bf2b/screenshot - {}
RESULT: {}
COMMAND: POST /session/afa7f6ae888d4a81c33b557753f8bf2b/element - {"using":"xpath","value":"//td/div/div/div/span[contains(@id, \"newResourceUnit--RUTimeSegment-0-vhi\")][1]"}
RESULT: {"using":"xpath","value":"//td/div/div/div/span[contains(@id, \"newResourceUnit--RUTimeSegment-0-vhi\")][1]"}
COMMAND: GET /session/afa7f6ae888d4a81c33b557753f8bf2b/element/f.5D44D27F957A25FA92618EC870C8C5F4.d.13543D046FECCD5B82813E8D6F5F594D.e.5754/rect - {}
RESULT: {}
COMMAND: GET /session/afa7f6ae888d4a81c33b557753f8bf2b/window/rect - {}
RESULT: {}
COMMAND: POST /session/afa7f6ae888d4a81c33b557753f8bf2b/execute/sync - {"script":"<script> [92 bytes]","args":[]}
RESULT: {"script":"<script> [92 bytes]","args":[]}
COMMAND: POST /session/afa7f6ae888d4a81c33b557753f8bf2b/actions - {"actions":[{"id":"action21","type":"wheel","parameters":{},"actions":[{"type":"scroll","x":-1888,"y":-24,"deltaX":0,"deltaY":0,"duration":0,"origin":{"element-6066-11e4-a52e-4f735466cecf":"f.5D44D27F957A25FA92618EC870C8C5F4.d.13543D046FECCD5B82813E8D6F5F594D.e.5754"}}]}]}
COMMAND: GET /session/afa7f6ae888d4a81c33b557753f8bf2b/screenshot - {}
RESULT: {}
COMMAND: POST /session/afa7f6ae888d4a81c33b557753f8bf2b/execute/sync - {"script":"<script> [79 bytes]","args":[{"element-6066-11e4-a52e-4f735466cecf":"f.5D44D27F957A25FA92618EC870C8C5F4.d.13543D046FECCD5B82813E8D6F5F594D.e.5754","ELEMENT":"f.5D44D27F957A25FA92618EC870C8C5F4.d.13543D046FECCD5B82813E8D6F5F594D.e.5754"},{"block":"start","inline":"nearest"}]}
RESULT: {"script":"<script> [79 bytes]","args":[{"element-6066-11e4-a52e-4f735466cecf":"f.5D44D27F957A25FA92618EC870C8C5F4.d.13543D046FECCD5B82813E8D6F5F594D.e.5754","ELEMENT":"f.5D44D27F957A25FA92618EC870C8C5F4.d.13543D046FECCD5B82813E8D6F5F594D.e.5754"},{"block":"start","inline":"nearest"}]}
COMMAND: GET /session/afa7f6ae888d4a81c33b557753f8bf2b/screenshot - {}
RESULT: {}
COMMAND: POST /session/afa7f6ae888d4a81c33b557753f8bf2b/element/f.5D44D27F957A25FA92618EC870C8C5F4.d.13543D046FECCD5B82813E8D6F5F594D.e.5754/click - {}
RESULT: {}
COMMAND: GET /session/afa7f6ae888d4a81c33b557753f8bf2b/screenshot - {}
RESULT: {}
COMMAND: POST /session/afa7f6ae888d4a81c33b557753f8bf2b/execute/async - {"script":"<script> [1562 bytes]","args":[{"selector":{"controlType":"sap.m.SearchField","properties":{"placeholder":"Search"},"searchOpenDialogs":true,"interaction":{"idSuffix":"I"}},"wdio_ui5_key":"sapm.SearchField{\"placeholder\":\"Search\"}"}]}
RESULT: {"script":"<script> [1562 bytes]","args":[{"selector":{"controlType":"sap.m.SearchField","properties":{"placeholder":"Search"},"searchOpenDialogs":true,"interaction":{"idSuffix":"I"}},"wdio_ui5_key":"sapm.SearchField{\"placeholder\":\"Search\"}"}]}
RESULT: undefined
COMMAND: POST /session/afa7f6ae888d4a81c33b557753f8bf2b/execute/async - {"script":"<script> [776 bytes]","args":[{"enterText":"4000360","selector":{"controlType":"sap.m.SearchField","properties":{"placeholder":"Search"},"searchOpenDialogs":true,"interaction":{"idSuffix":"I"}},"clearTextFirst":true,"interactionType":"ENTER_TEXT"}]}
RESULT: {"script":"<script> [776 bytes]","args":[{"enterText":"4000360","selector":{"controlType":"sap.m.SearchField","properties":{"placeholder":"Search"},"searchOpenDialogs":true,"interaction":{"idSuffix":"I"}},"clearTextFirst":true,"interactionType":"ENTER_TEXT"}]}
COMMAND: POST /session/afa7f6ae888d4a81c33b557753f8bf2b/actions - {"actions":[{"id":"action22","type":"key","parameters":{},"actions":[{"type":"keyDown","value":"î€‡"},{"type":"pause","duration":10},{"type":"keyUp","value":"î€‡"}]}]}
RESULT: {"actions":[{"id":"action22","type":"key","parameters":{},"actions":[{"type":"keyDown","value":"î€‡"},{"type":"pause","duration":10},{"type":"keyUp","value":"î€‡"}]}]}
COMMAND: GET /session/afa7f6ae888d4a81c33b557753f8bf2b/screenshot - {}
RESULT: {}
COMMAND: POST /session/afa7f6ae888d4a81c33b557753f8bf2b/element - {"using":"xpath","value":"//td/div/span[contains(text(), \"BGL Vehicles\")]"}
RESULT: {"using":"xpath","value":"//td/div/span[contains(text(), \"BGL Vehicles\")]"}
COMMAND: POST /session/afa7f6ae888d4a81c33b557753f8bf2b/element/f.5D44D27F957A25FA92618EC870C8C5F4.d.13543D046FECCD5B82813E8D6F5F594D.e.5777/click - {}
RESULT: {}
COMMAND: GET /session/afa7f6ae888d4a81c33b557753f8bf2b/screenshot - {}
RESULT: {}
COMMAND: POST /session/afa7f6ae888d4a81c33b557753f8bf2b/element - {"using":"xpath","value":"//bdi[contains(text(), \"OK\")]"}
RESULT: {"using":"xpath","value":"//bdi[contains(text(), \"OK\")]"}
COMMAND: POST /session/afa7f6ae888d4a81c33b557753f8bf2b/element/f.5D44D27F957A25FA92618EC870C8C5F4.d.13543D046FECCD5B82813E8D6F5F594D.e.5778/click - {}
RESULT: {}
COMMAND: GET /session/afa7f6ae888d4a81c33b557753f8bf2b/screenshot - {}
RESULT: {}
COMMAND: POST /session/afa7f6ae888d4a81c33b557753f8bf2b/element - {"using":"xpath","value":"//label[contains(@class, 'sapMLabelRequired') and .//bdi[contains(text(), 'Planned Retirement')]]"}
RESULT: {"using":"xpath","value":"//label[contains(@class, 'sapMLabelRequired') and .//bdi[contains(text(), 'Planned Retirement')]]"}
COMMAND: POST /session/afa7f6ae888d4a81c33b557753f8bf2b/elements - {"using":"xpath","value":"//label[contains(@class, 'sapMLabelRequired') and .//bdi[contains(text(), 'Planned Retirement')]]"}
RESULT: {"using":"xpath","value":"//label[contains(@class, 'sapMLabelRequired') and .//bdi[contains(text(), 'Planned Retirement')]]"}
COMMAND: POST /session/afa7f6ae888d4a81c33b557753f8bf2b/element - {"using":"xpath","value":"//button[@data-kt=\"resourceUnitSaveButton\"]"}
RESULT: {"using":"xpath","value":"//button[@data-kt=\"resourceUnitSaveButton\"]"}
COMMAND: POST /session/afa7f6ae888d4a81c33b557753f8bf2b/element/f.5D44D27F957A25FA92618EC870C8C5F4.d.13543D046FECCD5B82813E8D6F5F594D.e.5610/click - {}
RESULT: {}
COMMAND: GET /session/afa7f6ae888d4a81c33b557753f8bf2b/screenshot - {}
RESULT: {}
COMMAND: POST /session/afa7f6ae888d4a81c33b557753f8bf2b/element - {"using":"xpath","value":"//bdi[contains(text(), \"Close\")]"}
RESULT: {"using":"xpath","value":"//bdi[contains(text(), \"Close\")]"}
COMMAND: POST /session/afa7f6ae888d4a81c33b557753f8bf2b/element/f.5D44D27F957A25FA92618EC870C8C5F4.d.13543D046FECCD5B82813E8D6F5F594D.e.5785/click - {}
RESULT: {}
COMMAND: GET /session/afa7f6ae888d4a81c33b557753f8bf2b/screenshot - {}
RESULT: {}
COMMAND: POST /session/afa7f6ae888d4a81c33b557753f8bf2b/element - {"using":"xpath","value":"//header[contains(@id, 'detailRruPage-headerTitle')]/div[1]/div[2]/div[2]/span[1]"}
RESULT: {"using":"xpath","value":"//header[contains(@id, 'detailRruPage-headerTitle')]/div[1]/div[2]/div[2]/span[1]"}
COMMAND: POST /session/afa7f6ae888d4a81c33b557753f8bf2b/elements - {"using":"xpath","value":"//header[contains(@id, 'detailRruPage-headerTitle')]/div[1]/div[2]/div[2]/span[1]"}
RESULT: {"using":"xpath","value":"//header[contains(@id, 'detailRruPage-headerTitle')]/div[1]/div[2]/div[2]/span[1]"}
COMMAND: POST /session/afa7f6ae888d4a81c33b557753f8bf2b/execute/sync - {"script":"<script> [56 bytes]","args":[{"element-6066-11e4-a52e-4f735466cecf":"f.5D44D27F957A25FA92618EC870C8C5F4.d.13543D046FECCD5B82813E8D6F5F594D.e.5820","ELEMENT":"f.5D44D27F957A25FA92618EC870C8C5F4.d.13543D046FECCD5B82813E8D6F5F594D.e.5820"}]}
RESULT: {"script":"<script> [56 bytes]","args":[{"element-6066-11e4-a52e-4f735466cecf":"f.5D44D27F957A25FA92618EC870C8C5F4.d.13543D046FECCD5B82813E8D6F5F594D.e.5820","ELEMENT":"f.5D44D27F957A25FA92618EC870C8C5F4.d.13543D046FECCD5B82813E8D6F5F594D.e.5820"}]}
]]></system-out>
    </testcase>
    <testcase classname="chrome.137_0_7151_69.windows.US134625_Set_up_price_condition_-_one_time" name="Should create new pricing rule one time" time="61.488">
      <system-out><![CDATA[
COMMAND: POST /session/afa7f6ae888d4a81c33b557753f8bf2b/element - {"using":"xpath","value":"(//button[contains(@id ,\"actionsToolbar-overflowButton\")])[1]"}
COMMAND: GET /session/afa7f6ae888d4a81c33b557753f8bf2b/screenshot - {}
RESULT: {"using":"xpath","value":"(//button[contains(@id ,\"actionsToolbar-overflowButton\")])[1]"}
COMMAND: POST /session/afa7f6ae888d4a81c33b557753f8bf2b/element/f.5D44D27F957A25FA92618EC870C8C5F4.d.13543D046FECCD5B82813E8D6F5F594D.e.5821/click - {}
RESULT: {}
RESULT: {}
COMMAND: GET /session/afa7f6ae888d4a81c33b557753f8bf2b/screenshot - {}
RESULT: {}
COMMAND: POST /session/afa7f6ae888d4a81c33b557753f8bf2b/element - {"using":"xpath","value":"//button[@data-kt=\"priceInfoButton\"]"}
RESULT: {"using":"xpath","value":"//button[@data-kt=\"priceInfoButton\"]"}
COMMAND: POST /session/afa7f6ae888d4a81c33b557753f8bf2b/element/f.5D44D27F957A25FA92618EC870C8C5F4.d.13543D046FECCD5B82813E8D6F5F594D.e.5823/click - {}
RESULT: {}
COMMAND: GET /session/afa7f6ae888d4a81c33b557753f8bf2b/screenshot - {}
COMMAND: POST /session/afa7f6ae888d4a81c33b557753f8bf2b/element - {"using":"xpath","value":"//button[@data-kt=\"addButton\"]"}
RESULT: {}
RESULT: {"using":"xpath","value":"//button[@data-kt=\"addButton\"]"}
COMMAND: POST /session/afa7f6ae888d4a81c33b557753f8bf2b/elements - {"using":"xpath","value":"//button[@data-kt=\"addButton\"]"}
RESULT: {"using":"xpath","value":"//button[@data-kt=\"addButton\"]"}
COMMAND: POST /session/afa7f6ae888d4a81c33b557753f8bf2b/execute/sync - {"script":"<script> [8489 bytes]","args":[{"element-6066-11e4-a52e-4f735466cecf":"f.5D44D27F957A25FA92618EC870C8C5F4.d.13543D046FECCD5B82813E8D6F5F594D.e.5869","ELEMENT":"f.5D44D27F957A25FA92618EC870C8C5F4.d.13543D046FECCD5B82813E8D6F5F594D.e.5869"}]}
RESULT: {"script":"<script> [8489 bytes]","args":[{"element-6066-11e4-a52e-4f735466cecf":"f.5D44D27F957A25FA92618EC870C8C5F4.d.13543D046FECCD5B82813E8D6F5F594D.e.5869","ELEMENT":"f.5D44D27F957A25FA92618EC870C8C5F4.d.13543D046FECCD5B82813E8D6F5F594D.e.5869"}]}
COMMAND: GET /session/afa7f6ae888d4a81c33b557753f8bf2b/element/f.5D44D27F957A25FA92618EC870C8C5F4.d.13543D046FECCD5B82813E8D6F5F594D.e.5869/enabled - {}
COMMAND: GET /session/afa7f6ae888d4a81c33b557753f8bf2b/screenshot - {}
RESULT: {}
COMMAND: POST /session/afa7f6ae888d4a81c33b557753f8bf2b/execute/sync - {"script":"<script> [8489 bytes]","args":[{"element-6066-11e4-a52e-4f735466cecf":"f.5D44D27F957A25FA92618EC870C8C5F4.d.13543D046FECCD5B82813E8D6F5F594D.e.5869","ELEMENT":"f.5D44D27F957A25FA92618EC870C8C5F4.d.13543D046FECCD5B82813E8D6F5F594D.e.5869"}]}
COMMAND: GET /session/afa7f6ae888d4a81c33b557753f8bf2b/screenshot - {}
RESULT: {}
RESULT: {"script":"<script> [8489 bytes]","args":[{"element-6066-11e4-a52e-4f735466cecf":"f.5D44D27F957A25FA92618EC870C8C5F4.d.13543D046FECCD5B82813E8D6F5F594D.e.5869","ELEMENT":"f.5D44D27F957A25FA92618EC870C8C5F4.d.13543D046FECCD5B82813E8D6F5F594D.e.5869"}]}
COMMAND: POST /session/afa7f6ae888d4a81c33b557753f8bf2b/execute/sync - {"script":"<script> [5351 bytes]","args":[{"element-6066-11e4-a52e-4f735466cecf":"f.5D44D27F957A25FA92618EC870C8C5F4.d.13543D046FECCD5B82813E8D6F5F594D.e.5869","ELEMENT":"f.5D44D27F957A25FA92618EC870C8C5F4.d.13543D046FECCD5B82813E8D6F5F594D.e.5869"}]}
COMMAND: GET /session/afa7f6ae888d4a81c33b557753f8bf2b/screenshot - {}
RESULT: {}
RESULT: {"script":"<script> [5351 bytes]","args":[{"element-6066-11e4-a52e-4f735466cecf":"f.5D44D27F957A25FA92618EC870C8C5F4.d.13543D046FECCD5B82813E8D6F5F594D.e.5869","ELEMENT":"f.5D44D27F957A25FA92618EC870C8C5F4.d.13543D046FECCD5B82813E8D6F5F594D.e.5869"}]}
COMMAND: POST /session/afa7f6ae888d4a81c33b557753f8bf2b/element/f.5D44D27F957A25FA92618EC870C8C5F4.d.13543D046FECCD5B82813E8D6F5F594D.e.5869/click - {}
COMMAND: GET /session/afa7f6ae888d4a81c33b557753f8bf2b/screenshot - {}
RESULT: {}
RESULT: {}
COMMAND: GET /session/afa7f6ae888d4a81c33b557753f8bf2b/screenshot - {}
RESULT: {}
RESULT: {}
COMMAND: POST /session/afa7f6ae888d4a81c33b557753f8bf2b/execute/async - {"script":"<script> [1562 bytes]","args":[{"selector":{"controlType":"sap.m.Title","viewName":"etm.portal.ui.managepricingrules.view.NewItem","viewId":"application-managepricingrules-display-component---newInfoPriceItem","properties":{"text":"New Pricing Rules - Item Level"}},"wdio_ui5_key":"etmportal.ui.managepricingrules.view.NewItemsap.m.Title{\"text\":\"New Pricing Rules - Item Level\"}"}]}
RESULT: {"script":"<script> [1562 bytes]","args":[{"selector":{"controlType":"sap.m.Title","viewName":"etm.portal.ui.managepricingrules.view.NewItem","viewId":"application-managepricingrules-display-component---newInfoPriceItem","properties":{"text":"New Pricing Rules - Item Level"}},"wdio_ui5_key":"etmportal.ui.managepricingrules.view.NewItemsap.m.Title{\"text\":\"New Pricing Rules - Item Level\"}"}]}
RESULT: undefined
COMMAND: POST /session/afa7f6ae888d4a81c33b557753f8bf2b/execute/async - {"script":"<script> [6424 bytes]","args":[{"element-6066-11e4-a52e-4f735466cecf":"f.5D44D27F957A25FA92618EC870C8C5F4.d.13543D046FECCD5B82813E8D6F5F594D.e.6054"},"getText",[]]}
RESULT: {"script":"<script> [6424 bytes]","args":[{"element-6066-11e4-a52e-4f735466cecf":"f.5D44D27F957A25FA92618EC870C8C5F4.d.13543D046FECCD5B82813E8D6F5F594D.e.6054"},"getText",[]]}
COMMAND: POST /session/afa7f6ae888d4a81c33b557753f8bf2b/execute/async - {"script":"<script> [1562 bytes]","args":[{"selector":{"id":"application-managepricingrules-display-component---newInfoPriceItem--condValidTo","interaction":{"idSuffix":"inner"}},"wdio_ui5_key":"applicationmanagepricingrules-display-component---newInfoPriceItem--condValidTo"}]}
RESULT: {"script":"<script> [1562 bytes]","args":[{"selector":{"id":"application-managepricingrules-display-component---newInfoPriceItem--condValidTo","interaction":{"idSuffix":"inner"}},"wdio_ui5_key":"applicationmanagepricingrules-display-component---newInfoPriceItem--condValidTo"}]}
RESULT: undefined
COMMAND: POST /session/afa7f6ae888d4a81c33b557753f8bf2b/execute/async - {"script":"<script> [776 bytes]","args":[{"enterText":"2/12/26","selector":{"id":"application-managepricingrules-display-component---newInfoPriceItem--condValidTo","interaction":{"idSuffix":"inner"}},"clearTextFirst":true,"interactionType":"ENTER_TEXT"}]}
RESULT: {"script":"<script> [776 bytes]","args":[{"enterText":"2/12/26","selector":{"id":"application-managepricingrules-display-component---newInfoPriceItem--condValidTo","interaction":{"idSuffix":"inner"}},"clearTextFirst":true,"interactionType":"ENTER_TEXT"}]}
COMMAND: POST /session/afa7f6ae888d4a81c33b557753f8bf2b/execute/async - {"script":"<script> [1562 bytes]","args":[{"selector":{"id":"application-managepricingrules-display-component---newInfoPriceItem--billType-arrow"},"wdio_ui5_key":"applicationmanagepricingrules-display-component---newInfoPriceItem--billType-arrow"}]}
RESULT: {"script":"<script> [1562 bytes]","args":[{"selector":{"id":"application-managepricingrules-display-component---newInfoPriceItem--billType-arrow"},"wdio_ui5_key":"applicationmanagepricingrules-display-component---newInfoPriceItem--billType-arrow"}]}
RESULT: undefined
COMMAND: POST /session/afa7f6ae888d4a81c33b557753f8bf2b/element - {"using":"xpath","value":"//*[@id=\"application-managepricingrules-display-component---newInfoPriceItem--billType-arrow\"]"}
RESULT: {"using":"xpath","value":"//*[@id=\"application-managepricingrules-display-component---newInfoPriceItem--billType-arrow\"]"}
COMMAND: POST /session/afa7f6ae888d4a81c33b557753f8bf2b/element/f.5D44D27F957A25FA92618EC870C8C5F4.d.13543D046FECCD5B82813E8D6F5F594D.e.6012/click - {}
RESULT: {}
COMMAND: POST /session/afa7f6ae888d4a81c33b557753f8bf2b/element - {"using":"xpath","value":"//span[contains(text(), \"OT - Sales (one-time)\")]"}
COMMAND: GET /session/afa7f6ae888d4a81c33b557753f8bf2b/screenshot - {}
RESULT: {"using":"xpath","value":"//span[contains(text(), \"OT - Sales (one-time)\")]"}
COMMAND: POST /session/afa7f6ae888d4a81c33b557753f8bf2b/element/f.5D44D27F957A25FA92618EC870C8C5F4.d.13543D046FECCD5B82813E8D6F5F594D.e.6056/click - {}
RESULT: {}
RESULT: {}
COMMAND: POST /session/afa7f6ae888d4a81c33b557753f8bf2b/execute/async - {"script":"<script> [1562 bytes]","args":[{"selector":{"id":"application-managepricingrules-display-component---newInfoPriceItem--priceProc-arrow"},"wdio_ui5_key":"applicationmanagepricingrules-display-component---newInfoPriceItem--priceProc-arrow"}]}
COMMAND: GET /session/afa7f6ae888d4a81c33b557753f8bf2b/screenshot - {}
RESULT: {"script":"<script> [1562 bytes]","args":[{"selector":{"id":"application-managepricingrules-display-component---newInfoPriceItem--priceProc-arrow"},"wdio_ui5_key":"applicationmanagepricingrules-display-component---newInfoPriceItem--priceProc-arrow"}]}
RESULT: undefined
COMMAND: POST /session/afa7f6ae888d4a81c33b557753f8bf2b/element - {"using":"xpath","value":"//*[@id=\"application-managepricingrules-display-component---newInfoPriceItem--priceProc-arrow\"]"}
RESULT: {}
RESULT: {"using":"xpath","value":"//*[@id=\"application-managepricingrules-display-component---newInfoPriceItem--priceProc-arrow\"]"}
COMMAND: POST /session/afa7f6ae888d4a81c33b557753f8bf2b/element/f.5D44D27F957A25FA92618EC870C8C5F4.d.13543D046FECCD5B82813E8D6F5F594D.e.6019/click - {}
RESULT: {}
COMMAND: POST /session/afa7f6ae888d4a81c33b557753f8bf2b/element - {"using":"xpath","value":"//span[contains(text(), \"MAT - Material\")]"}
COMMAND: GET /session/afa7f6ae888d4a81c33b557753f8bf2b/screenshot - {}
RESULT: {"using":"xpath","value":"//span[contains(text(), \"MAT - Material\")]"}
COMMAND: POST /session/afa7f6ae888d4a81c33b557753f8bf2b/element/f.5D44D27F957A25FA92618EC870C8C5F4.d.13543D046FECCD5B82813E8D6F5F594D.e.6057/click - {}
RESULT: {}
RESULT: {}
COMMAND: POST /session/afa7f6ae888d4a81c33b557753f8bf2b/execute/async - {"script":"<script> [1562 bytes]","args":[{"selector":{"id":"application-managepricingrules-display-component---newInfoPriceItem--calcBase-arrow"},"wdio_ui5_key":"applicationmanagepricingrules-display-component---newInfoPriceItem--calcBase-arrow"}]}
COMMAND: GET /session/afa7f6ae888d4a81c33b557753f8bf2b/screenshot - {}
RESULT: {"script":"<script> [1562 bytes]","args":[{"selector":{"id":"application-managepricingrules-display-component---newInfoPriceItem--calcBase-arrow"},"wdio_ui5_key":"applicationmanagepricingrules-display-component---newInfoPriceItem--calcBase-arrow"}]}
RESULT: undefined
COMMAND: POST /session/afa7f6ae888d4a81c33b557753f8bf2b/element - {"using":"xpath","value":"//*[@id=\"application-managepricingrules-display-component---newInfoPriceItem--calcBase-arrow\"]"}
RESULT: {}
RESULT: {"using":"xpath","value":"//*[@id=\"application-managepricingrules-display-component---newInfoPriceItem--calcBase-arrow\"]"}
COMMAND: POST /session/afa7f6ae888d4a81c33b557753f8bf2b/element/f.5D44D27F957A25FA92618EC870C8C5F4.d.13543D046FECCD5B82813E8D6F5F594D.e.6026/click - {}
RESULT: {}
COMMAND: GET /session/afa7f6ae888d4a81c33b557753f8bf2b/screenshot - {}
RESULT: {}
COMMAND: POST /session/afa7f6ae888d4a81c33b557753f8bf2b/element - {"using":"xpath","value":"//span[contains(text(), \"0001 - TB(exact month + cal_days)\")]"}
RESULT: {"using":"xpath","value":"//span[contains(text(), \"0001 - TB(exact month + cal_days)\")]"}
COMMAND: POST /session/afa7f6ae888d4a81c33b557753f8bf2b/element/f.5D44D27F957A25FA92618EC870C8C5F4.d.13543D046FECCD5B82813E8D6F5F594D.e.6058/click - {}
RESULT: {}
COMMAND: GET /session/afa7f6ae888d4a81c33b557753f8bf2b/screenshot - {}
RESULT: {}
COMMAND: POST /session/afa7f6ae888d4a81c33b557753f8bf2b/element - {"using":"xpath","value":"//button[@data-kt=\"saveNewRuleButton\"]"}
RESULT: {"using":"xpath","value":"//button[@data-kt=\"saveNewRuleButton\"]"}
COMMAND: POST /session/afa7f6ae888d4a81c33b557753f8bf2b/element/f.5D44D27F957A25FA92618EC870C8C5F4.d.13543D046FECCD5B82813E8D6F5F594D.e.6046/click - {}
RESULT: {}
COMMAND: GET /session/afa7f6ae888d4a81c33b557753f8bf2b/screenshot - {}
RESULT: {}
COMMAND: POST /session/afa7f6ae888d4a81c33b557753f8bf2b/execute/async - {"script":"<script> [1562 bytes]","args":[{"selector":{"id":"application-managepricingrules-display-component---priceInfoItem--smartFilterBar-btnBasicSearch","interaction":{"idSuffix":"I"}},"wdio_ui5_key":"applicationmanagepricingrules-display-component---priceInfoItem--smartFilterBar-btnBasicSearch"}]}
RESULT: {"script":"<script> [1562 bytes]","args":[{"selector":{"id":"application-managepricingrules-display-component---priceInfoItem--smartFilterBar-btnBasicSearch","interaction":{"idSuffix":"I"}},"wdio_ui5_key":"applicationmanagepricingrules-display-component---priceInfoItem--smartFilterBar-btnBasicSearch"}]}
RESULT: undefined
COMMAND: POST /session/afa7f6ae888d4a81c33b557753f8bf2b/execute/async - {"script":"<script> [776 bytes]","args":[{"enterText":"200077","selector":{"id":"application-managepricingrules-display-component---priceInfoItem--smartFilterBar-btnBasicSearch","interaction":{"idSuffix":"I"}},"clearTextFirst":true,"interactionType":"ENTER_TEXT"}]}
RESULT: {"script":"<script> [776 bytes]","args":[{"enterText":"200077","selector":{"id":"application-managepricingrules-display-component---priceInfoItem--smartFilterBar-btnBasicSearch","interaction":{"idSuffix":"I"}},"clearTextFirst":true,"interactionType":"ENTER_TEXT"}]}
COMMAND: POST /session/afa7f6ae888d4a81c33b557753f8bf2b/actions - {"actions":[{"id":"action23","type":"key","parameters":{},"actions":[{"type":"keyDown","value":"î€‡"},{"type":"pause","duration":10},{"type":"keyUp","value":"î€‡"}]}]}
RESULT: {"actions":[{"id":"action23","type":"key","parameters":{},"actions":[{"type":"keyDown","value":"î€‡"},{"type":"pause","duration":10},{"type":"keyUp","value":"î€‡"}]}]}
COMMAND: GET /session/afa7f6ae888d4a81c33b557753f8bf2b/screenshot - {}
RESULT: {}
COMMAND: POST /session/afa7f6ae888d4a81c33b557753f8bf2b/element - {"using":"xpath","value":"//span[@id=\"application-managepricingrules-display-component---priceInfoItem--smartTable-header-inner\"]"}
RESULT: {"using":"xpath","value":"//span[@id=\"application-managepricingrules-display-component---priceInfoItem--smartTable-header-inner\"]"}
COMMAND: POST /session/afa7f6ae888d4a81c33b557753f8bf2b/elements - {"using":"xpath","value":"//span[@id=\"application-managepricingrules-display-component---priceInfoItem--smartTable-header-inner\"]"}
RESULT: {"using":"xpath","value":"//span[@id=\"application-managepricingrules-display-component---priceInfoItem--smartTable-header-inner\"]"}
COMMAND: POST /session/afa7f6ae888d4a81c33b557753f8bf2b/execute/sync - {"script":"<script> [56 bytes]","args":[{"element-6066-11e4-a52e-4f735466cecf":"f.5D44D27F957A25FA92618EC870C8C5F4.d.13543D046FECCD5B82813E8D6F5F594D.e.6084","ELEMENT":"f.5D44D27F957A25FA92618EC870C8C5F4.d.13543D046FECCD5B82813E8D6F5F594D.e.6084"}]}
RESULT: {"script":"<script> [56 bytes]","args":[{"element-6066-11e4-a52e-4f735466cecf":"f.5D44D27F957A25FA92618EC870C8C5F4.d.13543D046FECCD5B82813E8D6F5F594D.e.6084","ELEMENT":"f.5D44D27F957A25FA92618EC870C8C5F4.d.13543D046FECCD5B82813E8D6F5F594D.e.6084"}]}
COMMAND: POST /session/afa7f6ae888d4a81c33b557753f8bf2b/element - {"using":"css selector","value":"#shell-header-logo"}
COMMAND: GET /session/afa7f6ae888d4a81c33b557753f8bf2b/screenshot - {}
RESULT: {"using":"css selector","value":"#shell-header-logo"}
COMMAND: POST /session/afa7f6ae888d4a81c33b557753f8bf2b/element/f.5D44D27F957A25FA92618EC870C8C5F4.d.13543D046FECCD5B82813E8D6F5F594D.e.5201/click - {}
RESULT: {}
RESULT: {}
COMMAND: GET /session/afa7f6ae888d4a81c33b557753f8bf2b/screenshot - {}
RESULT: {}
]]></system-out>
    </testcase>
    <testcase classname="chrome.137_0_7151_69.windows.US134625_Set_up_price_condition_-_one_time" name="Should create new condition one time" time="67.189">
      <system-out><![CDATA[
COMMAND: POST /session/afa7f6ae888d4a81c33b557753f8bf2b/execute/async - {"script":"<script> [1562 bytes]","args":[{"selector":{"controlType":"sap.m.GenericTile","properties":{"header":"Manage Conditions & Prices"}},"wdio_ui5_key":"sapm.GenericTile{\"header\":\"Manage Conditions & Prices\"}"}]}
RESULT: {"script":"<script> [1562 bytes]","args":[{"selector":{"controlType":"sap.m.GenericTile","properties":{"header":"Manage Conditions & Prices"}},"wdio_ui5_key":"sapm.GenericTile{\"header\":\"Manage Conditions & Prices\"}"}]}
RESULT: undefined
COMMAND: POST /session/afa7f6ae888d4a81c33b557753f8bf2b/element - {"using":"xpath","value":"//*[@id=\"__tile55\"]"}
RESULT: {"using":"xpath","value":"//*[@id=\"__tile55\"]"}
COMMAND: POST /session/afa7f6ae888d4a81c33b557753f8bf2b/element/f.5D44D27F957A25FA92618EC870C8C5F4.d.13543D046FECCD5B82813E8D6F5F594D.e.5139/click - {}
RESULT: {}
COMMAND: GET /session/afa7f6ae888d4a81c33b557753f8bf2b/screenshot - {}
RESULT: {}
COMMAND: POST /session/afa7f6ae888d4a81c33b557753f8bf2b/elements - {"using":"xpath","value":"//span[text()='Error']"}
RESULT: {"using":"xpath","value":"//span[text()='Error']"}
COMMAND: POST /session/afa7f6ae888d4a81c33b557753f8bf2b/element - {"using":"xpath","value":"//button[@aria-label=\"Create\"]"}
RESULT: {"using":"xpath","value":"//button[@aria-label=\"Create\"]"}
COMMAND: POST /session/afa7f6ae888d4a81c33b557753f8bf2b/elements - {"using":"xpath","value":"//button[@aria-label=\"Create\"]"}
RESULT: {"using":"xpath","value":"//button[@aria-label=\"Create\"]"}
COMMAND: POST /session/afa7f6ae888d4a81c33b557753f8bf2b/execute/sync - {"script":"<script> [8489 bytes]","args":[{"element-6066-11e4-a52e-4f735466cecf":"f.5D44D27F957A25FA92618EC870C8C5F4.d.13543D046FECCD5B82813E8D6F5F594D.e.6119","ELEMENT":"f.5D44D27F957A25FA92618EC870C8C5F4.d.13543D046FECCD5B82813E8D6F5F594D.e.6119"}]}
RESULT: {"script":"<script> [8489 bytes]","args":[{"element-6066-11e4-a52e-4f735466cecf":"f.5D44D27F957A25FA92618EC870C8C5F4.d.13543D046FECCD5B82813E8D6F5F594D.e.6119","ELEMENT":"f.5D44D27F957A25FA92618EC870C8C5F4.d.13543D046FECCD5B82813E8D6F5F594D.e.6119"}]}
COMMAND: GET /session/afa7f6ae888d4a81c33b557753f8bf2b/element/f.5D44D27F957A25FA92618EC870C8C5F4.d.13543D046FECCD5B82813E8D6F5F594D.e.6119/enabled - {}
COMMAND: GET /session/afa7f6ae888d4a81c33b557753f8bf2b/screenshot - {}
RESULT: {}
COMMAND: POST /session/afa7f6ae888d4a81c33b557753f8bf2b/execute/sync - {"script":"<script> [8489 bytes]","args":[{"element-6066-11e4-a52e-4f735466cecf":"f.5D44D27F957A25FA92618EC870C8C5F4.d.13543D046FECCD5B82813E8D6F5F594D.e.6119","ELEMENT":"f.5D44D27F957A25FA92618EC870C8C5F4.d.13543D046FECCD5B82813E8D6F5F594D.e.6119"}]}
COMMAND: GET /session/afa7f6ae888d4a81c33b557753f8bf2b/screenshot - {}
RESULT: {}
RESULT: {"script":"<script> [8489 bytes]","args":[{"element-6066-11e4-a52e-4f735466cecf":"f.5D44D27F957A25FA92618EC870C8C5F4.d.13543D046FECCD5B82813E8D6F5F594D.e.6119","ELEMENT":"f.5D44D27F957A25FA92618EC870C8C5F4.d.13543D046FECCD5B82813E8D6F5F594D.e.6119"}]}
COMMAND: POST /session/afa7f6ae888d4a81c33b557753f8bf2b/execute/sync - {"script":"<script> [5351 bytes]","args":[{"element-6066-11e4-a52e-4f735466cecf":"f.5D44D27F957A25FA92618EC870C8C5F4.d.13543D046FECCD5B82813E8D6F5F594D.e.6119","ELEMENT":"f.5D44D27F957A25FA92618EC870C8C5F4.d.13543D046FECCD5B82813E8D6F5F594D.e.6119"}]}
COMMAND: GET /session/afa7f6ae888d4a81c33b557753f8bf2b/screenshot - {}
RESULT: {}
RESULT: {"script":"<script> [5351 bytes]","args":[{"element-6066-11e4-a52e-4f735466cecf":"f.5D44D27F957A25FA92618EC870C8C5F4.d.13543D046FECCD5B82813E8D6F5F594D.e.6119","ELEMENT":"f.5D44D27F957A25FA92618EC870C8C5F4.d.13543D046FECCD5B82813E8D6F5F594D.e.6119"}]}
COMMAND: POST /session/afa7f6ae888d4a81c33b557753f8bf2b/element/f.5D44D27F957A25FA92618EC870C8C5F4.d.13543D046FECCD5B82813E8D6F5F594D.e.6119/click - {}
COMMAND: GET /session/afa7f6ae888d4a81c33b557753f8bf2b/screenshot - {}
RESULT: {}
RESULT: {}
COMMAND: GET /session/afa7f6ae888d4a81c33b557753f8bf2b/screenshot - {}
RESULT: {}
RESULT: {}
COMMAND: POST /session/afa7f6ae888d4a81c33b557753f8bf2b/actions - {"actions":[{"id":"action24","type":"key","parameters":{},"actions":[{"type":"keyDown","value":"î€‡"},{"type":"pause","duration":10},{"type":"keyUp","value":"î€‡"}]}]}
RESULT: {"actions":[{"id":"action24","type":"key","parameters":{},"actions":[{"type":"keyDown","value":"î€‡"},{"type":"pause","duration":10},{"type":"keyUp","value":"î€‡"}]}]}
COMMAND: GET /session/afa7f6ae888d4a81c33b557753f8bf2b/screenshot - {}
RESULT: {}
COMMAND: POST /session/afa7f6ae888d4a81c33b557753f8bf2b/execute/async - {"script":"<script> [1562 bytes]","args":[{"selector":{"id":"application-manageconditionprice-display-component---newCondition--condBillCond-arrow"},"wdio_ui5_key":"applicationmanageconditionprice-display-component---newCondition--condBillCond-arrow"}]}
RESULT: {"script":"<script> [1562 bytes]","args":[{"selector":{"id":"application-manageconditionprice-display-component---newCondition--condBillCond-arrow"},"wdio_ui5_key":"applicationmanageconditionprice-display-component---newCondition--condBillCond-arrow"}]}
RESULT: undefined
COMMAND: POST /session/afa7f6ae888d4a81c33b557753f8bf2b/element - {"using":"xpath","value":"//*[@id=\"application-manageconditionprice-display-component---newCondition--condBillCond-arrow\"]"}
RESULT: {"using":"xpath","value":"//*[@id=\"application-manageconditionprice-display-component---newCondition--condBillCond-arrow\"]"}
COMMAND: POST /session/afa7f6ae888d4a81c33b557753f8bf2b/element/f.5D44D27F957A25FA92618EC870C8C5F4.d.13543D046FECCD5B82813E8D6F5F594D.e.6295/click - {}
RESULT: {}
COMMAND: GET /session/afa7f6ae888d4a81c33b557753f8bf2b/screenshot - {}
RESULT: {}
COMMAND: POST /session/afa7f6ae888d4a81c33b557753f8bf2b/element - {"using":"xpath","value":"//li[.//span[contains(text(), \"SAPR - Sales price\")]]"}
RESULT: {"using":"xpath","value":"//li[.//span[contains(text(), \"SAPR - Sales price\")]]"}
COMMAND: POST /session/afa7f6ae888d4a81c33b557753f8bf2b/element/f.5D44D27F957A25FA92618EC870C8C5F4.d.13543D046FECCD5B82813E8D6F5F594D.e.6298/click - {}
RESULT: {}
COMMAND: GET /session/afa7f6ae888d4a81c33b557753f8bf2b/screenshot - {}
RESULT: {}
COMMAND: POST /session/afa7f6ae888d4a81c33b557753f8bf2b/execute/async - {"script":"<script> [1562 bytes]","args":[{"selector":{"id":"application-manageconditionprice-display-component---newCondition--condValidTo","interaction":{"idSuffix":"inner"}},"wdio_ui5_key":"applicationmanageconditionprice-display-component---newCondition--condValidTo"}]}
RESULT: {"script":"<script> [1562 bytes]","args":[{"selector":{"id":"application-manageconditionprice-display-component---newCondition--condValidTo","interaction":{"idSuffix":"inner"}},"wdio_ui5_key":"applicationmanageconditionprice-display-component---newCondition--condValidTo"}]}
RESULT: undefined
COMMAND: POST /session/afa7f6ae888d4a81c33b557753f8bf2b/execute/async - {"script":"<script> [776 bytes]","args":[{"enterText":"2/12/26","selector":{"id":"application-manageconditionprice-display-component---newCondition--condValidTo","interaction":{"idSuffix":"inner"}},"clearTextFirst":true,"interactionType":"ENTER_TEXT"}]}
RESULT: {"script":"<script> [776 bytes]","args":[{"enterText":"2/12/26","selector":{"id":"application-manageconditionprice-display-component---newCondition--condValidTo","interaction":{"idSuffix":"inner"}},"clearTextFirst":true,"interactionType":"ENTER_TEXT"}]}
COMMAND: POST /session/afa7f6ae888d4a81c33b557753f8bf2b/element - {"using":"xpath","value":"//input[@id=\"application-manageconditionprice-display-component---newCondition--condRU-inner\"]"}
RESULT: {"using":"xpath","value":"//input[@id=\"application-manageconditionprice-display-component---newCondition--condRU-inner\"]"}
COMMAND: POST /session/afa7f6ae888d4a81c33b557753f8bf2b/element/f.5D44D27F957A25FA92618EC870C8C5F4.d.13543D046FECCD5B82813E8D6F5F594D.e.6161/clear - {}
RESULT: {}
COMMAND: POST /session/afa7f6ae888d4a81c33b557753f8bf2b/element/f.5D44D27F957A25FA92618EC870C8C5F4.d.13543D046FECCD5B82813E8D6F5F594D.e.6161/value - {"text":"200077"}
COMMAND: GET /session/afa7f6ae888d4a81c33b557753f8bf2b/screenshot - {}
RESULT: {"text":"200077"}
COMMAND: GET /session/afa7f6ae888d4a81c33b557753f8bf2b/screenshot - {}
RESULT: {}
RESULT: {}
COMMAND: POST /session/afa7f6ae888d4a81c33b557753f8bf2b/actions - {"actions":[{"id":"action25","type":"key","parameters":{},"actions":[{"type":"keyDown","value":"î€‡"},{"type":"pause","duration":10},{"type":"keyUp","value":"î€‡"}]}]}
RESULT: {"actions":[{"id":"action25","type":"key","parameters":{},"actions":[{"type":"keyDown","value":"î€‡"},{"type":"pause","duration":10},{"type":"keyUp","value":"î€‡"}]}]}
COMMAND: POST /session/afa7f6ae888d4a81c33b557753f8bf2b/execute/async - {"script":"<script> [1562 bytes]","args":[{"selector":{"id":"application-manageconditionprice-display-component---newCondition--condBaseQty","interaction":{"idSuffix":"inner"}},"wdio_ui5_key":"applicationmanageconditionprice-display-component---newCondition--condBaseQty"}]}
COMMAND: GET /session/afa7f6ae888d4a81c33b557753f8bf2b/screenshot - {}
RESULT: {"script":"<script> [1562 bytes]","args":[{"selector":{"id":"application-manageconditionprice-display-component---newCondition--condBaseQty","interaction":{"idSuffix":"inner"}},"wdio_ui5_key":"applicationmanageconditionprice-display-component---newCondition--condBaseQty"}]}
RESULT: undefined
COMMAND: POST /session/afa7f6ae888d4a81c33b557753f8bf2b/execute/async - {"script":"<script> [776 bytes]","args":[{"enterText":"1","selector":{"id":"application-manageconditionprice-display-component---newCondition--condBaseQty","interaction":{"idSuffix":"inner"}},"clearTextFirst":true,"interactionType":"ENTER_TEXT"}]}
RESULT: {}
RESULT: {"script":"<script> [776 bytes]","args":[{"enterText":"1","selector":{"id":"application-manageconditionprice-display-component---newCondition--condBaseQty","interaction":{"idSuffix":"inner"}},"clearTextFirst":true,"interactionType":"ENTER_TEXT"}]}
COMMAND: POST /session/afa7f6ae888d4a81c33b557753f8bf2b/execute/async - {"script":"<script> [1562 bytes]","args":[{"selector":{"id":"application-manageconditionprice-display-component---newCondition--condValue","interaction":{"idSuffix":"inner"}},"wdio_ui5_key":"applicationmanageconditionprice-display-component---newCondition--condValue"}]}
RESULT: {"script":"<script> [1562 bytes]","args":[{"selector":{"id":"application-manageconditionprice-display-component---newCondition--condValue","interaction":{"idSuffix":"inner"}},"wdio_ui5_key":"applicationmanageconditionprice-display-component---newCondition--condValue"}]}
RESULT: undefined
COMMAND: POST /session/afa7f6ae888d4a81c33b557753f8bf2b/execute/async - {"script":"<script> [776 bytes]","args":[{"enterText":"100.00","selector":{"id":"application-manageconditionprice-display-component---newCondition--condValue","interaction":{"idSuffix":"inner"}},"clearTextFirst":true,"interactionType":"ENTER_TEXT"}]}
RESULT: {"script":"<script> [776 bytes]","args":[{"enterText":"100.00","selector":{"id":"application-manageconditionprice-display-component---newCondition--condValue","interaction":{"idSuffix":"inner"}},"clearTextFirst":true,"interactionType":"ENTER_TEXT"}]}
COMMAND: POST /session/afa7f6ae888d4a81c33b557753f8bf2b/execute/async - {"script":"<script> [1562 bytes]","args":[{"selector":{"id":"application-manageconditionprice-display-component---newCondition--condCurr-arrow"},"wdio_ui5_key":"applicationmanageconditionprice-display-component---newCondition--condCurr-arrow"}]}
RESULT: {"script":"<script> [1562 bytes]","args":[{"selector":{"id":"application-manageconditionprice-display-component---newCondition--condCurr-arrow"},"wdio_ui5_key":"applicationmanageconditionprice-display-component---newCondition--condCurr-arrow"}]}
RESULT: undefined
COMMAND: POST /session/afa7f6ae888d4a81c33b557753f8bf2b/element - {"using":"xpath","value":"//*[@id=\"application-manageconditionprice-display-component---newCondition--condCurr-arrow\"]"}
RESULT: {"using":"xpath","value":"//*[@id=\"application-manageconditionprice-display-component---newCondition--condCurr-arrow\"]"}
COMMAND: POST /session/afa7f6ae888d4a81c33b557753f8bf2b/element/f.5D44D27F957A25FA92618EC870C8C5F4.d.13543D046FECCD5B82813E8D6F5F594D.e.6277/click - {}
RESULT: {}
COMMAND: POST /session/afa7f6ae888d4a81c33b557753f8bf2b/element - {"using":"xpath","value":"//span[contains(text(), \"Euro\")]"}
COMMAND: GET /session/afa7f6ae888d4a81c33b557753f8bf2b/screenshot - {}
RESULT: {"using":"xpath","value":"//span[contains(text(), \"Euro\")]"}
COMMAND: POST /session/afa7f6ae888d4a81c33b557753f8bf2b/element/f.5D44D27F957A25FA92618EC870C8C5F4.d.13543D046FECCD5B82813E8D6F5F594D.e.6336/click - {}
RESULT: {}
RESULT: {}
COMMAND: POST /session/afa7f6ae888d4a81c33b557753f8bf2b/element - {"using":"xpath","value":"//button[@data-kt=\"saveButton\"]"}
COMMAND: GET /session/afa7f6ae888d4a81c33b557753f8bf2b/screenshot - {}
RESULT: {"using":"xpath","value":"//button[@data-kt=\"saveButton\"]"}
COMMAND: POST /session/afa7f6ae888d4a81c33b557753f8bf2b/element/f.5D44D27F957A25FA92618EC870C8C5F4.d.13543D046FECCD5B82813E8D6F5F594D.e.6278/click - {}
RESULT: {}
RESULT: {}
COMMAND: GET /session/afa7f6ae888d4a81c33b557753f8bf2b/screenshot - {}
RESULT: {}
COMMAND: POST /session/afa7f6ae888d4a81c33b557753f8bf2b/execute/async - {"script":"<script> [1562 bytes]","args":[{"selector":{"id":"application-manageconditionprice-display-component---conditions--smartFilterBar-btnBasicSearch","interaction":{"idSuffix":"I"}},"wdio_ui5_key":"applicationmanageconditionprice-display-component---conditions--smartFilterBar-btnBasicSearch"}]}
RESULT: {"script":"<script> [1562 bytes]","args":[{"selector":{"id":"application-manageconditionprice-display-component---conditions--smartFilterBar-btnBasicSearch","interaction":{"idSuffix":"I"}},"wdio_ui5_key":"applicationmanageconditionprice-display-component---conditions--smartFilterBar-btnBasicSearch"}]}
RESULT: undefined
COMMAND: POST /session/afa7f6ae888d4a81c33b557753f8bf2b/execute/async - {"script":"<script> [776 bytes]","args":[{"enterText":"200077","selector":{"id":"application-manageconditionprice-display-component---conditions--smartFilterBar-btnBasicSearch","interaction":{"idSuffix":"I"}},"clearTextFirst":true,"interactionType":"ENTER_TEXT"}]}
RESULT: {"script":"<script> [776 bytes]","args":[{"enterText":"200077","selector":{"id":"application-manageconditionprice-display-component---conditions--smartFilterBar-btnBasicSearch","interaction":{"idSuffix":"I"}},"clearTextFirst":true,"interactionType":"ENTER_TEXT"}]}
COMMAND: POST /session/afa7f6ae888d4a81c33b557753f8bf2b/actions - {"actions":[{"id":"action26","type":"key","parameters":{},"actions":[{"type":"keyDown","value":"î€‡"},{"type":"pause","duration":10},{"type":"keyUp","value":"î€‡"}]}]}
RESULT: {"actions":[{"id":"action26","type":"key","parameters":{},"actions":[{"type":"keyDown","value":"î€‡"},{"type":"pause","duration":10},{"type":"keyUp","value":"î€‡"}]}]}
COMMAND: GET /session/afa7f6ae888d4a81c33b557753f8bf2b/screenshot - {}
RESULT: {}
COMMAND: POST /session/afa7f6ae888d4a81c33b557753f8bf2b/execute/async - {"script":"<script> [1562 bytes]","args":[{"selector":{"id":"application-manageconditionprice-display-component---conditions--smartFilterBar-filterItemControl_BASIC-BILL_TYPES-vhi"},"wdio_ui5_key":"applicationmanageconditionprice-display-component---conditions--smartFilterBar-filterItemControl_BASIC-BILL_TYPES-vhi"}]}
RESULT: {"script":"<script> [1562 bytes]","args":[{"selector":{"id":"application-manageconditionprice-display-component---conditions--smartFilterBar-filterItemControl_BASIC-BILL_TYPES-vhi"},"wdio_ui5_key":"applicationmanageconditionprice-display-component---conditions--smartFilterBar-filterItemControl_BASIC-BILL_TYPES-vhi"}]}
RESULT: undefined
COMMAND: POST /session/afa7f6ae888d4a81c33b557753f8bf2b/element - {"using":"xpath","value":"//*[@id=\"application-manageconditionprice-display-component---conditions--smartFilterBar-filterItemControl_BASIC-BILL_TYPES-vhi\"]"}
RESULT: {"using":"xpath","value":"//*[@id=\"application-manageconditionprice-display-component---conditions--smartFilterBar-filterItemControl_BASIC-BILL_TYPES-vhi\"]"}
COMMAND: POST /session/afa7f6ae888d4a81c33b557753f8bf2b/element/f.5D44D27F957A25FA92618EC870C8C5F4.d.13543D046FECCD5B82813E8D6F5F594D.e.6442/click - {}
RESULT: {}
COMMAND: POST /session/afa7f6ae888d4a81c33b557753f8bf2b/execute/async - {"script":"<script> [1562 bytes]","args":[{"selector":{"id":"application-manageconditionprice-display-component---conditions--smartFilterBar-filterItemControl_BASIC-BILL_TYPES-valueHelpDialog-smartFilterBar-btnBasicSearch","searchOpenDialogs":true,"interaction":{"idSuffix":"I"}},"wdio_ui5_key":"applicationmanageconditionprice-display-component---conditions--smartFilterBar-filterItemControl_BASIC-BILL_TYPES-valueHelpDialog-smartFilterBar-btnBasicSearch"}]}
COMMAND: GET /session/afa7f6ae888d4a81c33b557753f8bf2b/screenshot - {}
RESULT: {"script":"<script> [1562 bytes]","args":[{"selector":{"id":"application-manageconditionprice-display-component---conditions--smartFilterBar-filterItemControl_BASIC-BILL_TYPES-valueHelpDialog-smartFilterBar-btnBasicSearch","searchOpenDialogs":true,"interaction":{"idSuffix":"I"}},"wdio_ui5_key":"applicationmanageconditionprice-display-component---conditions--smartFilterBar-filterItemControl_BASIC-BILL_TYPES-valueHelpDialog-smartFilterBar-btnBasicSearch"}]}
RESULT: undefined
COMMAND: POST /session/afa7f6ae888d4a81c33b557753f8bf2b/execute/async - {"script":"<script> [776 bytes]","args":[{"enterText":"one","selector":{"id":"application-manageconditionprice-display-component---conditions--smartFilterBar-filterItemControl_BASIC-BILL_TYPES-valueHelpDialog-smartFilterBar-btnBasicSearch","searchOpenDialogs":true,"interaction":{"idSuffix":"I"}},"clearTextFirst":true,"interactionType":"ENTER_TEXT"}]}
RESULT: {}
RESULT: {"script":"<script> [776 bytes]","args":[{"enterText":"one","selector":{"id":"application-manageconditionprice-display-component---conditions--smartFilterBar-filterItemControl_BASIC-BILL_TYPES-valueHelpDialog-smartFilterBar-btnBasicSearch","searchOpenDialogs":true,"interaction":{"idSuffix":"I"}},"clearTextFirst":true,"interactionType":"ENTER_TEXT"}]}
COMMAND: POST /session/afa7f6ae888d4a81c33b557753f8bf2b/actions - {"actions":[{"id":"action27","type":"key","parameters":{},"actions":[{"type":"keyDown","value":"î€‡"},{"type":"pause","duration":10},{"type":"keyUp","value":"î€‡"}]}]}
RESULT: {"actions":[{"id":"action27","type":"key","parameters":{},"actions":[{"type":"keyDown","value":"î€‡"},{"type":"pause","duration":10},{"type":"keyUp","value":"î€‡"}]}]}
COMMAND: GET /session/afa7f6ae888d4a81c33b557753f8bf2b/screenshot - {}
RESULT: {}
COMMAND: POST /session/afa7f6ae888d4a81c33b557753f8bf2b/element - {"using":"xpath","value":"//div[contains(@id, 'application-manageconditionprice-display-component---conditions--smartFilterBar-filterItemControl_BASIC-BILL_TYPES-valueHelpDialog-table-rowsel0')]"}
RESULT: {"using":"xpath","value":"//div[contains(@id, 'application-manageconditionprice-display-component---conditions--smartFilterBar-filterItemControl_BASIC-BILL_TYPES-valueHelpDialog-table-rowsel0')]"}
COMMAND: POST /session/afa7f6ae888d4a81c33b557753f8bf2b/element/f.5D44D27F957A25FA92618EC870C8C5F4.d.13543D046FECCD5B82813E8D6F5F594D.e.6452/click - {}
RESULT: {}
COMMAND: GET /session/afa7f6ae888d4a81c33b557753f8bf2b/screenshot - {}
RESULT: {}
COMMAND: POST /session/afa7f6ae888d4a81c33b557753f8bf2b/element - {"using":"xpath","value":"//bdi[contains(text(), \"OK\")]"}
RESULT: {"using":"xpath","value":"//bdi[contains(text(), \"OK\")]"}
COMMAND: POST /session/afa7f6ae888d4a81c33b557753f8bf2b/element/f.5D44D27F957A25FA92618EC870C8C5F4.d.13543D046FECCD5B82813E8D6F5F594D.e.6454/click - {}
RESULT: {}
COMMAND: GET /session/afa7f6ae888d4a81c33b557753f8bf2b/screenshot - {}
RESULT: {}
COMMAND: POST /session/afa7f6ae888d4a81c33b557753f8bf2b/element - {"using":"xpath","value":"//span[@id=\"application-manageconditionprice-display-component---conditions--smartTable-header-inner\"]"}
RESULT: {"using":"xpath","value":"//span[@id=\"application-manageconditionprice-display-component---conditions--smartTable-header-inner\"]"}
COMMAND: POST /session/afa7f6ae888d4a81c33b557753f8bf2b/elements - {"using":"xpath","value":"//span[@id=\"application-manageconditionprice-display-component---conditions--smartTable-header-inner\"]"}
RESULT: {"using":"xpath","value":"//span[@id=\"application-manageconditionprice-display-component---conditions--smartTable-header-inner\"]"}
COMMAND: POST /session/afa7f6ae888d4a81c33b557753f8bf2b/execute/sync - {"script":"<script> [56 bytes]","args":[{"element-6066-11e4-a52e-4f735466cecf":"f.5D44D27F957A25FA92618EC870C8C5F4.d.13543D046FECCD5B82813E8D6F5F594D.e.6457","ELEMENT":"f.5D44D27F957A25FA92618EC870C8C5F4.d.13543D046FECCD5B82813E8D6F5F594D.e.6457"}]}
RESULT: {"script":"<script> [56 bytes]","args":[{"element-6066-11e4-a52e-4f735466cecf":"f.5D44D27F957A25FA92618EC870C8C5F4.d.13543D046FECCD5B82813E8D6F5F594D.e.6457","ELEMENT":"f.5D44D27F957A25FA92618EC870C8C5F4.d.13543D046FECCD5B82813E8D6F5F594D.e.6457"}]}
COMMAND: POST /session/afa7f6ae888d4a81c33b557753f8bf2b/element - {"using":"css selector","value":"#shell-header-logo"}
COMMAND: GET /session/afa7f6ae888d4a81c33b557753f8bf2b/screenshot - {}
RESULT: {"using":"css selector","value":"#shell-header-logo"}
COMMAND: POST /session/afa7f6ae888d4a81c33b557753f8bf2b/element/f.5D44D27F957A25FA92618EC870C8C5F4.d.13543D046FECCD5B82813E8D6F5F594D.e.6087/click - {}
RESULT: {}
RESULT: {}
COMMAND: GET /session/afa7f6ae888d4a81c33b557753f8bf2b/screenshot - {}
RESULT: {}
]]></system-out>
    </testcase>
    <testcase classname="chrome.137_0_7151_69.windows.US134625_Set_up_price_condition_-_one_time" name="Should create a new contract" time="61.391">
      <system-out><![CDATA[
COMMAND: POST /session/afa7f6ae888d4a81c33b557753f8bf2b/execute/async - {"script":"<script> [1562 bytes]","args":[{"selector":{"controlType":"sap.m.GenericTile","properties":{"header":"Manage Contracts"}},"wdio_ui5_key":"sapm.GenericTile{\"header\":\"Manage Contracts\"}"}]}
RESULT: {"script":"<script> [1562 bytes]","args":[{"selector":{"controlType":"sap.m.GenericTile","properties":{"header":"Manage Contracts"}},"wdio_ui5_key":"sapm.GenericTile{\"header\":\"Manage Contracts\"}"}]}
RESULT: undefined
COMMAND: POST /session/afa7f6ae888d4a81c33b557753f8bf2b/element - {"using":"xpath","value":"//*[@id=\"__tile132\"]"}
RESULT: {"using":"xpath","value":"//*[@id=\"__tile132\"]"}
COMMAND: POST /session/afa7f6ae888d4a81c33b557753f8bf2b/element/f.5D44D27F957A25FA92618EC870C8C5F4.d.13543D046FECCD5B82813E8D6F5F594D.e.5106/click - {}
RESULT: {}
COMMAND: GET /session/afa7f6ae888d4a81c33b557753f8bf2b/screenshot - {}
RESULT: {}
COMMAND: POST /session/afa7f6ae888d4a81c33b557753f8bf2b/elements - {"using":"xpath","value":"//span[text()='Error']"}
RESULT: {"using":"xpath","value":"//span[text()='Error']"}
COMMAND: POST /session/afa7f6ae888d4a81c33b557753f8bf2b/element - {"using":"xpath","value":"//button[@data-kt=\"addButton\"]"}
RESULT: {"using":"xpath","value":"//button[@data-kt=\"addButton\"]"}
COMMAND: POST /session/afa7f6ae888d4a81c33b557753f8bf2b/elements - {"using":"xpath","value":"//button[@data-kt=\"addButton\"]"}
RESULT: {"using":"xpath","value":"//button[@data-kt=\"addButton\"]"}
COMMAND: POST /session/afa7f6ae888d4a81c33b557753f8bf2b/execute/sync - {"script":"<script> [8489 bytes]","args":[{"element-6066-11e4-a52e-4f735466cecf":"f.5D44D27F957A25FA92618EC870C8C5F4.d.13543D046FECCD5B82813E8D6F5F594D.e.6515","ELEMENT":"f.5D44D27F957A25FA92618EC870C8C5F4.d.13543D046FECCD5B82813E8D6F5F594D.e.6515"}]}
RESULT: {"script":"<script> [8489 bytes]","args":[{"element-6066-11e4-a52e-4f735466cecf":"f.5D44D27F957A25FA92618EC870C8C5F4.d.13543D046FECCD5B82813E8D6F5F594D.e.6515","ELEMENT":"f.5D44D27F957A25FA92618EC870C8C5F4.d.13543D046FECCD5B82813E8D6F5F594D.e.6515"}]}
COMMAND: GET /session/afa7f6ae888d4a81c33b557753f8bf2b/element/f.5D44D27F957A25FA92618EC870C8C5F4.d.13543D046FECCD5B82813E8D6F5F594D.e.6515/enabled - {}
COMMAND: GET /session/afa7f6ae888d4a81c33b557753f8bf2b/screenshot - {}
RESULT: {}
COMMAND: POST /session/afa7f6ae888d4a81c33b557753f8bf2b/execute/sync - {"script":"<script> [8489 bytes]","args":[{"element-6066-11e4-a52e-4f735466cecf":"f.5D44D27F957A25FA92618EC870C8C5F4.d.13543D046FECCD5B82813E8D6F5F594D.e.6515","ELEMENT":"f.5D44D27F957A25FA92618EC870C8C5F4.d.13543D046FECCD5B82813E8D6F5F594D.e.6515"}]}
COMMAND: GET /session/afa7f6ae888d4a81c33b557753f8bf2b/screenshot - {}
RESULT: {}
RESULT: {}
RESULT: {"script":"<script> [8489 bytes]","args":[{"element-6066-11e4-a52e-4f735466cecf":"f.5D44D27F957A25FA92618EC870C8C5F4.d.13543D046FECCD5B82813E8D6F5F594D.e.6515","ELEMENT":"f.5D44D27F957A25FA92618EC870C8C5F4.d.13543D046FECCD5B82813E8D6F5F594D.e.6515"}]}
COMMAND: POST /session/afa7f6ae888d4a81c33b557753f8bf2b/execute/sync - {"script":"<script> [5351 bytes]","args":[{"element-6066-11e4-a52e-4f735466cecf":"f.5D44D27F957A25FA92618EC870C8C5F4.d.13543D046FECCD5B82813E8D6F5F594D.e.6515","ELEMENT":"f.5D44D27F957A25FA92618EC870C8C5F4.d.13543D046FECCD5B82813E8D6F5F594D.e.6515"}]}
COMMAND: GET /session/afa7f6ae888d4a81c33b557753f8bf2b/screenshot - {}
RESULT: {"script":"<script> [5351 bytes]","args":[{"element-6066-11e4-a52e-4f735466cecf":"f.5D44D27F957A25FA92618EC870C8C5F4.d.13543D046FECCD5B82813E8D6F5F594D.e.6515","ELEMENT":"f.5D44D27F957A25FA92618EC870C8C5F4.d.13543D046FECCD5B82813E8D6F5F594D.e.6515"}]}
COMMAND: GET /session/afa7f6ae888d4a81c33b557753f8bf2b/screenshot - {}
RESULT: {}
RESULT: {}
COMMAND: POST /session/afa7f6ae888d4a81c33b557753f8bf2b/element/f.5D44D27F957A25FA92618EC870C8C5F4.d.13543D046FECCD5B82813E8D6F5F594D.e.6515/click - {}
RESULT: {}
COMMAND: GET /session/afa7f6ae888d4a81c33b557753f8bf2b/screenshot - {}
RESULT: {}
COMMAND: POST /session/afa7f6ae888d4a81c33b557753f8bf2b/execute/async - {"script":"<script> [1562 bytes]","args":[{"selector":{"id":"application-managecontracts-display-component---AddNewContract--projectDescription","interaction":{"idSuffix":"inner"}},"wdio_ui5_key":"applicationmanagecontracts-display-component---AddNewContract--projectDescription"}]}
RESULT: {"script":"<script> [1562 bytes]","args":[{"selector":{"id":"application-managecontracts-display-component---AddNewContract--projectDescription","interaction":{"idSuffix":"inner"}},"wdio_ui5_key":"applicationmanagecontracts-display-component---AddNewContract--projectDescription"}]}
RESULT: undefined
COMMAND: POST /session/afa7f6ae888d4a81c33b557753f8bf2b/execute/async - {"script":"<script> [776 bytes]","args":[{"enterText":"Intercompany Contract WDIO","selector":{"id":"application-managecontracts-display-component---AddNewContract--projectDescription","interaction":{"idSuffix":"inner"}},"clearTextFirst":true,"interactionType":"ENTER_TEXT"}]}
RESULT: {"script":"<script> [776 bytes]","args":[{"enterText":"Intercompany Contract WDIO","selector":{"id":"application-managecontracts-display-component---AddNewContract--projectDescription","interaction":{"idSuffix":"inner"}},"clearTextFirst":true,"interactionType":"ENTER_TEXT"}]}
COMMAND: POST /session/afa7f6ae888d4a81c33b557753f8bf2b/element - {"using":"xpath","value":"//input[@id=\"application-managecontracts-display-component---AddNewContract--site-inner\"]"}
RESULT: {"using":"xpath","value":"//input[@id=\"application-managecontracts-display-component---AddNewContract--site-inner\"]"}
COMMAND: POST /session/afa7f6ae888d4a81c33b557753f8bf2b/element/f.5D44D27F957A25FA92618EC870C8C5F4.d.13543D046FECCD5B82813E8D6F5F594D.e.6831/clear - {}
RESULT: {}
COMMAND: POST /session/afa7f6ae888d4a81c33b557753f8bf2b/element/f.5D44D27F957A25FA92618EC870C8C5F4.d.13543D046FECCD5B82813E8D6F5F594D.e.6831/value - {"text":"2049"}
COMMAND: GET /session/afa7f6ae888d4a81c33b557753f8bf2b/screenshot - {}
RESULT: {"text":"2049"}
COMMAND: GET /session/afa7f6ae888d4a81c33b557753f8bf2b/screenshot - {}
RESULT: {}
RESULT: {}
COMMAND: POST /session/afa7f6ae888d4a81c33b557753f8bf2b/element - {"using":"xpath","value":"//li[.//span[text()='2049']]"}
RESULT: {"using":"xpath","value":"//li[.//span[text()='2049']]"}
COMMAND: POST /session/afa7f6ae888d4a81c33b557753f8bf2b/element/f.5D44D27F957A25FA92618EC870C8C5F4.d.13543D046FECCD5B82813E8D6F5F594D.e.6914/click - {}
RESULT: {}
COMMAND: GET /session/afa7f6ae888d4a81c33b557753f8bf2b/screenshot - {}
RESULT: {}
COMMAND: POST /session/afa7f6ae888d4a81c33b557753f8bf2b/element - {"using":"xpath","value":"//input[@id=\"application-managecontracts-display-component---AddNewContract--yardId-inner\"]"}
RESULT: {"using":"xpath","value":"//input[@id=\"application-managecontracts-display-component---AddNewContract--yardId-inner\"]"}
COMMAND: GET /session/afa7f6ae888d4a81c33b557753f8bf2b/element/f.5D44D27F957A25FA92618EC870C8C5F4.d.13543D046FECCD5B82813E8D6F5F594D.e.6832/property/value - {}
RESULT: {}
COMMAND: POST /session/afa7f6ae888d4a81c33b557753f8bf2b/element - {"using":"xpath","value":"//input[@id=\"application-managecontracts-display-component---AddNewContract--customerSelect-inner\"]"}
COMMAND: GET /session/afa7f6ae888d4a81c33b557753f8bf2b/screenshot - {}
RESULT: {"using":"xpath","value":"//input[@id=\"application-managecontracts-display-component---AddNewContract--customerSelect-inner\"]"}
COMMAND: POST /session/afa7f6ae888d4a81c33b557753f8bf2b/element/f.5D44D27F957A25FA92618EC870C8C5F4.d.13543D046FECCD5B82813E8D6F5F594D.e.6830/clear - {}
RESULT: {}
RESULT: {}
COMMAND: POST /session/afa7f6ae888d4a81c33b557753f8bf2b/element/f.5D44D27F957A25FA92618EC870C8C5F4.d.13543D046FECCD5B82813E8D6F5F594D.e.6830/value - {"text":"1052"}
COMMAND: GET /session/afa7f6ae888d4a81c33b557753f8bf2b/screenshot - {}
RESULT: {}
RESULT: {"text":"1052"}
COMMAND: GET /session/afa7f6ae888d4a81c33b557753f8bf2b/screenshot - {}
RESULT: {}
COMMAND: POST /session/afa7f6ae888d4a81c33b557753f8bf2b/element - {"using":"xpath","value":"//li[.//span[text()='1052']]"}
RESULT: {"using":"xpath","value":"//li[.//span[text()='1052']]"}
COMMAND: POST /session/afa7f6ae888d4a81c33b557753f8bf2b/element/f.5D44D27F957A25FA92618EC870C8C5F4.d.13543D046FECCD5B82813E8D6F5F594D.e.6917/click - {}
RESULT: {}
COMMAND: GET /session/afa7f6ae888d4a81c33b557753f8bf2b/screenshot - {}
RESULT: {}
COMMAND: POST /session/afa7f6ae888d4a81c33b557753f8bf2b/element - {"using":"xpath","value":"//button[@data-kt=\"saveButton\"]"}
RESULT: {"using":"xpath","value":"//button[@data-kt=\"saveButton\"]"}
COMMAND: POST /session/afa7f6ae888d4a81c33b557753f8bf2b/element/f.5D44D27F957A25FA92618EC870C8C5F4.d.13543D046FECCD5B82813E8D6F5F594D.e.6907/click - {}
RESULT: {}
COMMAND: GET /session/afa7f6ae888d4a81c33b557753f8bf2b/screenshot - {}
RESULT: {}
COMMAND: POST /session/afa7f6ae888d4a81c33b557753f8bf2b/element - {"using":"xpath","value":"//span[contains(@id ,\"contractDetailTitleNoExpanded\")]"}
RESULT: {"using":"xpath","value":"//span[contains(@id ,\"contractDetailTitleNoExpanded\")]"}
COMMAND: POST /session/afa7f6ae888d4a81c33b557753f8bf2b/elements - {"using":"xpath","value":"//span[contains(@id ,\"contractDetailTitleNoExpanded\")]"}
RESULT: {"using":"xpath","value":"//span[contains(@id ,\"contractDetailTitleNoExpanded\")]"}
COMMAND: POST /session/afa7f6ae888d4a81c33b557753f8bf2b/execute/sync - {"script":"<script> [56 bytes]","args":[{"element-6066-11e4-a52e-4f735466cecf":"f.5D44D27F957A25FA92618EC870C8C5F4.d.13543D046FECCD5B82813E8D6F5F594D.e.6988","ELEMENT":"f.5D44D27F957A25FA92618EC870C8C5F4.d.13543D046FECCD5B82813E8D6F5F594D.e.6988"}]}
RESULT: {"script":"<script> [56 bytes]","args":[{"element-6066-11e4-a52e-4f735466cecf":"f.5D44D27F957A25FA92618EC870C8C5F4.d.13543D046FECCD5B82813E8D6F5F594D.e.6988","ELEMENT":"f.5D44D27F957A25FA92618EC870C8C5F4.d.13543D046FECCD5B82813E8D6F5F594D.e.6988"}]}
COMMAND: GET /session/afa7f6ae888d4a81c33b557753f8bf2b/screenshot - {}
RESULT: {}
]]></system-out>
    </testcase>
    <testcase classname="chrome.137_0_7151_69.windows.US134625_Set_up_price_condition_-_one_time" name="Should add the material to the contract" time="56.775">
      <system-out><![CDATA[
COMMAND: POST /session/afa7f6ae888d4a81c33b557753f8bf2b/element - {"using":"xpath","value":"//button[@data-kt=\"contractDetailEditBtnButton\"]"}
RESULT: {"using":"xpath","value":"//button[@data-kt=\"contractDetailEditBtnButton\"]"}
COMMAND: POST /session/afa7f6ae888d4a81c33b557753f8bf2b/element/f.5D44D27F957A25FA92618EC870C8C5F4.d.13543D046FECCD5B82813E8D6F5F594D.e.6990/click - {}
RESULT: {}
COMMAND: GET /session/afa7f6ae888d4a81c33b557753f8bf2b/screenshot - {}
RESULT: {}
COMMAND: POST /session/afa7f6ae888d4a81c33b557753f8bf2b/element - {"using":"xpath","value":"(//span[contains(text(), \"Additional Addresses\")])[2]"}
RESULT: {"using":"xpath","value":"(//span[contains(text(), \"Additional Addresses\")])[2]"}
COMMAND: POST /session/afa7f6ae888d4a81c33b557753f8bf2b/element/f.5D44D27F957A25FA92618EC870C8C5F4.d.13543D046FECCD5B82813E8D6F5F594D.e.7045/click - {}
RESULT: {}
COMMAND: GET /session/afa7f6ae888d4a81c33b557753f8bf2b/screenshot - {}
RESULT: {}
COMMAND: POST /session/afa7f6ae888d4a81c33b557753f8bf2b/element - {"using":"xpath","value":"//button[@data-kt=\"btnAddTableRowOverflowToolbarButton\"]"}
RESULT: {"using":"xpath","value":"//button[@data-kt=\"btnAddTableRowOverflowToolbarButton\"]"}
COMMAND: POST /session/afa7f6ae888d4a81c33b557753f8bf2b/element/f.5D44D27F957A25FA92618EC870C8C5F4.d.13543D046FECCD5B82813E8D6F5F594D.e.7049/click - {}
RESULT: {}
COMMAND: GET /session/afa7f6ae888d4a81c33b557753f8bf2b/screenshot - {}
RESULT: {}
COMMAND: POST /session/afa7f6ae888d4a81c33b557753f8bf2b/element - {"using":"xpath","value":"//div[(text() = 'Standard Entry' or . = 'Standard Entry')]"}
RESULT: {"using":"xpath","value":"//div[(text() = 'Standard Entry' or . = 'Standard Entry')]"}
COMMAND: POST /session/afa7f6ae888d4a81c33b557753f8bf2b/element/f.5D44D27F957A25FA92618EC870C8C5F4.d.13543D046FECCD5B82813E8D6F5F594D.e.7051/click - {}
RESULT: {}
COMMAND: GET /session/afa7f6ae888d4a81c33b557753f8bf2b/screenshot - {}
RESULT: {}
COMMAND: POST /session/afa7f6ae888d4a81c33b557753f8bf2b/element - {"using":"xpath","value":"//td[6]/div/div/div/span"}
RESULT: {"using":"xpath","value":"//td[6]/div/div/div/span"}
COMMAND: POST /session/afa7f6ae888d4a81c33b557753f8bf2b/element/f.5D44D27F957A25FA92618EC870C8C5F4.d.13543D046FECCD5B82813E8D6F5F594D.e.7063/click - {}
RESULT: {}
COMMAND: GET /session/afa7f6ae888d4a81c33b557753f8bf2b/screenshot - {}
RESULT: {}
COMMAND: POST /session/afa7f6ae888d4a81c33b557753f8bf2b/element - {"using":"xpath","value":"(//span[contains(text(), \"Material\")])"}
RESULT: {"using":"xpath","value":"(//span[contains(text(), \"Material\")])"}
COMMAND: POST /session/afa7f6ae888d4a81c33b557753f8bf2b/element/f.5D44D27F957A25FA92618EC870C8C5F4.d.13543D046FECCD5B82813E8D6F5F594D.e.7064/click - {}
RESULT: {}
COMMAND: GET /session/afa7f6ae888d4a81c33b557753f8bf2b/screenshot - {}
RESULT: {}
COMMAND: POST /session/afa7f6ae888d4a81c33b557753f8bf2b/element - {"using":"xpath","value":"//td[7]/div/div/input"}
RESULT: {"using":"xpath","value":"//td[7]/div/div/input"}
COMMAND: POST /session/afa7f6ae888d4a81c33b557753f8bf2b/element/f.5D44D27F957A25FA92618EC870C8C5F4.d.13543D046FECCD5B82813E8D6F5F594D.e.7068/clear - {}
RESULT: {}
COMMAND: POST /session/afa7f6ae888d4a81c33b557753f8bf2b/element/f.5D44D27F957A25FA92618EC870C8C5F4.d.13543D046FECCD5B82813E8D6F5F594D.e.7068/value - {"text":"200077"}
COMMAND: GET /session/afa7f6ae888d4a81c33b557753f8bf2b/screenshot - {}
RESULT: {"text":"200077"}
COMMAND: GET /session/afa7f6ae888d4a81c33b557753f8bf2b/screenshot - {}
RESULT: {}
RESULT: {}
COMMAND: POST /session/afa7f6ae888d4a81c33b557753f8bf2b/actions - {"actions":[{"id":"action28","type":"key","parameters":{},"actions":[{"type":"keyDown","value":"î€‡"},{"type":"pause","duration":10},{"type":"keyUp","value":"î€‡"}]}]}
RESULT: {"actions":[{"id":"action28","type":"key","parameters":{},"actions":[{"type":"keyDown","value":"î€‡"},{"type":"pause","duration":10},{"type":"keyUp","value":"î€‡"}]}]}
COMMAND: GET /session/afa7f6ae888d4a81c33b557753f8bf2b/screenshot - {}
RESULT: {}
COMMAND: POST /session/afa7f6ae888d4a81c33b557753f8bf2b/execute/sync - {"script":"<script> [276 bytes]","args":["No pricing information was found"]}
RESULT: {"script":"<script> [276 bytes]","args":["No pricing information was found"]}
COMMAND: POST /session/afa7f6ae888d4a81c33b557753f8bf2b/element - {"using":"xpath","value":"(//button[@data-kt=\"saveButton\"])[2]"}
COMMAND: GET /session/afa7f6ae888d4a81c33b557753f8bf2b/screenshot - {}
RESULT: {"using":"xpath","value":"(//button[@data-kt=\"saveButton\"])[2]"}
COMMAND: POST /session/afa7f6ae888d4a81c33b557753f8bf2b/element/f.5D44D27F957A25FA92618EC870C8C5F4.d.13543D046FECCD5B82813E8D6F5F594D.e.7091/click - {}
RESULT: {}
RESULT: {}
COMMAND: GET /session/afa7f6ae888d4a81c33b557753f8bf2b/screenshot - {}
RESULT: {}
COMMAND: POST /session/afa7f6ae888d4a81c33b557753f8bf2b/execute/sync - {"script":"<script> [276 bytes]","args":["Some contract items are having rental validity exceeding header rental validity"]}
RESULT: {"script":"<script> [276 bytes]","args":["Some contract items are having rental validity exceeding header rental validity"]}
COMMAND: GET /session/afa7f6ae888d4a81c33b557753f8bf2b/screenshot - {}
RESULT: {}
COMMAND: POST /session/afa7f6ae888d4a81c33b557753f8bf2b/element - {"using":"xpath","value":"//span[contains(@id ,\"contractItemsSmartTable-header-inner\")]"}
RESULT: {"using":"xpath","value":"//span[contains(@id ,\"contractItemsSmartTable-header-inner\")]"}
COMMAND: POST /session/afa7f6ae888d4a81c33b557753f8bf2b/elements - {"using":"xpath","value":"//span[contains(@id ,\"contractItemsSmartTable-header-inner\")]"}
RESULT: {"using":"xpath","value":"//span[contains(@id ,\"contractItemsSmartTable-header-inner\")]"}
COMMAND: POST /session/afa7f6ae888d4a81c33b557753f8bf2b/execute/sync - {"script":"<script> [56 bytes]","args":[{"element-6066-11e4-a52e-4f735466cecf":"f.5D44D27F957A25FA92618EC870C8C5F4.d.13543D046FECCD5B82813E8D6F5F594D.e.7097","ELEMENT":"f.5D44D27F957A25FA92618EC870C8C5F4.d.13543D046FECCD5B82813E8D6F5F594D.e.7097"}]}
RESULT: {"script":"<script> [56 bytes]","args":[{"element-6066-11e4-a52e-4f735466cecf":"f.5D44D27F957A25FA92618EC870C8C5F4.d.13543D046FECCD5B82813E8D6F5F594D.e.7097","ELEMENT":"f.5D44D27F957A25FA92618EC870C8C5F4.d.13543D046FECCD5B82813E8D6F5F594D.e.7097"}]}
]]></system-out>
    </testcase>
    <testcase classname="chrome.137_0_7151_69.windows.US134625_Set_up_price_condition_-_one_time" name="Should verify the bill item creation and pricing condition" time="11.045">
      <system-out><![CDATA[
COMMAND: POST /session/afa7f6ae888d4a81c33b557753f8bf2b/execute/async - {"script":"<script> [1562 bytes]","args":[{"selector":{"controlType":"sap.ui.core.Icon","viewName":"etm.portal.ui.managecontracts.view.Detail","properties":{"src":{"regex":{"source":"slim\\-arrow\\-right"}}}},"wdio_ui5_key":"etmportal.ui.managecontracts.view.Detailsap.ui.core.Icon{\"src\":{\"regex\":{\"source\":\"slim\\\\-arrow\\\\-right\"}}}"}]}
COMMAND: GET /session/afa7f6ae888d4a81c33b557753f8bf2b/screenshot - {}
RESULT: {"script":"<script> [1562 bytes]","args":[{"selector":{"controlType":"sap.ui.core.Icon","viewName":"etm.portal.ui.managecontracts.view.Detail","properties":{"src":{"regex":{"source":"slim\\-arrow\\-right"}}}},"wdio_ui5_key":"etmportal.ui.managecontracts.view.Detailsap.ui.core.Icon{\"src\":{\"regex\":{\"source\":\"slim\\\\-arrow\\\\-right\"}}}"}]}
RESULT: undefined
COMMAND: POST /session/afa7f6ae888d4a81c33b557753f8bf2b/element - {"using":"xpath","value":"//*[@id=\"__item857-__clone2047-imgNav\"]"}
RESULT: {}
RESULT: {"using":"xpath","value":"//*[@id=\"__item857-__clone2047-imgNav\"]"}
COMMAND: POST /session/afa7f6ae888d4a81c33b557753f8bf2b/element/f.5D44D27F957A25FA92618EC870C8C5F4.d.13543D046FECCD5B82813E8D6F5F594D.e.7098/click - {}
RESULT: {}
COMMAND: GET /session/afa7f6ae888d4a81c33b557753f8bf2b/screenshot - {}
COMMAND: POST /session/afa7f6ae888d4a81c33b557753f8bf2b/execute/async - {"script":"<script> [1562 bytes]","args":[{"selector":{"controlType":"sap.m.Text","viewName":"etm.portal.ui.managecontracts.view.BillingItem","viewId":"application-managecontracts-display-component---BillingItem","bindingPath":{"propertyPath":"LINK_TO_C_BILL_TYPES/DESCRIPTION"}},"wdio_ui5_key":"etmportal.ui.managecontracts.view.BillingItemsap.m.Text{\"propertyPath\":\"LINK_TO_C_BILL_TYPES/DESCRIPTION\"}"}]}
RESULT: {}
RESULT: {"script":"<script> [1562 bytes]","args":[{"selector":{"controlType":"sap.m.Text","viewName":"etm.portal.ui.managecontracts.view.BillingItem","viewId":"application-managecontracts-display-component---BillingItem","bindingPath":{"propertyPath":"LINK_TO_C_BILL_TYPES/DESCRIPTION"}},"wdio_ui5_key":"etmportal.ui.managecontracts.view.BillingItemsap.m.Text{\"propertyPath\":\"LINK_TO_C_BILL_TYPES/DESCRIPTION\"}"}]}
RESULT: undefined
COMMAND: POST /session/afa7f6ae888d4a81c33b557753f8bf2b/execute/async - {"script":"<script> [6424 bytes]","args":[{"element-6066-11e4-a52e-4f735466cecf":"f.5D44D27F957A25FA92618EC870C8C5F4.d.13543D046FECCD5B82813E8D6F5F594D.e.7112"},"getText",[]]}
RESULT: {"script":"<script> [6424 bytes]","args":[{"element-6066-11e4-a52e-4f735466cecf":"f.5D44D27F957A25FA92618EC870C8C5F4.d.13543D046FECCD5B82813E8D6F5F594D.e.7112"},"getText",[]]}
COMMAND: POST /session/afa7f6ae888d4a81c33b557753f8bf2b/execute/async - {"script":"<script> [1562 bytes]","args":[{"selector":{"controlType":"sap.m.ObjectNumber","viewName":"etm.portal.ui.managecontracts.view.BillingItem","viewId":"application-managecontracts-display-component---BillingItem","bindingPath":{"propertyPath":"BASE_PRICE"}},"wdio_ui5_key":"etmportal.ui.managecontracts.view.BillingItemsap.m.ObjectNumber{\"propertyPath\":\"BASE_PRICE\"}"}]}
RESULT: {"script":"<script> [1562 bytes]","args":[{"selector":{"controlType":"sap.m.ObjectNumber","viewName":"etm.portal.ui.managecontracts.view.BillingItem","viewId":"application-managecontracts-display-component---BillingItem","bindingPath":{"propertyPath":"BASE_PRICE"}},"wdio_ui5_key":"etmportal.ui.managecontracts.view.BillingItemsap.m.ObjectNumber{\"propertyPath\":\"BASE_PRICE\"}"}]}
RESULT: undefined
COMMAND: POST /session/afa7f6ae888d4a81c33b557753f8bf2b/execute/async - {"script":"<script> [6424 bytes]","args":[{"element-6066-11e4-a52e-4f735466cecf":"f.5D44D27F957A25FA92618EC870C8C5F4.d.13543D046FECCD5B82813E8D6F5F594D.e.7113"},"getNumber",[]]}
RESULT: {"script":"<script> [6424 bytes]","args":[{"element-6066-11e4-a52e-4f735466cecf":"f.5D44D27F957A25FA92618EC870C8C5F4.d.13543D046FECCD5B82813E8D6F5F594D.e.7113"},"getNumber",[]]}
COMMAND: POST /session/afa7f6ae888d4a81c33b557753f8bf2b/execute/async - {"script":"<script> [1562 bytes]","args":[{"selector":{"controlType":"sap.m.ObjectNumber","viewName":"etm.portal.ui.managecontracts.view.BillingItem","viewId":"application-managecontracts-display-component---BillingItem","bindingPath":{"propertyPath":"BASE_QUANTITY"}},"wdio_ui5_key":"etmportal.ui.managecontracts.view.BillingItemsap.m.ObjectNumber{\"propertyPath\":\"BASE_QUANTITY\"}"}]}
RESULT: {"script":"<script> [1562 bytes]","args":[{"selector":{"controlType":"sap.m.ObjectNumber","viewName":"etm.portal.ui.managecontracts.view.BillingItem","viewId":"application-managecontracts-display-component---BillingItem","bindingPath":{"propertyPath":"BASE_QUANTITY"}},"wdio_ui5_key":"etmportal.ui.managecontracts.view.BillingItemsap.m.ObjectNumber{\"propertyPath\":\"BASE_QUANTITY\"}"}]}
RESULT: undefined
COMMAND: POST /session/afa7f6ae888d4a81c33b557753f8bf2b/execute/async - {"script":"<script> [6424 bytes]","args":[{"element-6066-11e4-a52e-4f735466cecf":"f.5D44D27F957A25FA92618EC870C8C5F4.d.13543D046FECCD5B82813E8D6F5F594D.e.7114"},"getNumber",[]]}
RESULT: {"script":"<script> [6424 bytes]","args":[{"element-6066-11e4-a52e-4f735466cecf":"f.5D44D27F957A25FA92618EC870C8C5F4.d.13543D046FECCD5B82813E8D6F5F594D.e.7114"},"getNumber",[]]}
COMMAND: DELETE /session/afa7f6ae888d4a81c33b557753f8bf2b - {}
RESULT: {}
]]></system-out>
    </testcase>
  </testsuite>
</testsuites>