<?xml version="1.0" encoding="UTF-8"?>
<testsuites tests="80" failures="1" errors="1" skipped="0">
  <testsuite timestamp="2025-05-20T05:35:44" time="792.186" tests="8" failures="0" errors="0" skipped="0">
    <properties>
      <property name="specId" value="0" />
      <property name="suiteName" value="Stock increase - with WHM US125587" />
      <property name="capabilities" value="chrome.136_0_7103_93.windows" />
      <property name="file" value="file:///D:/a/1/s/test/specs/HTR/stock-increase.spec.js" />
    </properties>
    <testcase classname="chrome.136_0_7103_93.windows.Stock_increase_-_with_WHM_US125587" name="Should create a new WHM yard" time="125.574">
      <system-out><![CDATA[
COMMAND: POST /session/76bbe7a963ba333ac6e3770165032c4a/window/fullscreen - {}
RESULT: {}
COMMAND: POST /session/76bbe7a963ba333ac6e3770165032c4a/execute/async - {"script":"<script> [1562 bytes]","args":[{"selector":{"controlType":"sap.m.GenericTile","properties":{"header":"Manage Yards"}},"wdio_ui5_key":"sapm.GenericTile{\"header\":\"Manage Yards\"}"}]}
RESULT: {"script":"<script> [1562 bytes]","args":[{"selector":{"controlType":"sap.m.GenericTile","properties":{"header":"Manage Yards"}},"wdio_ui5_key":"sapm.GenericTile{\"header\":\"Manage Yards\"}"}]}
RESULT: undefined
COMMAND: POST /session/76bbe7a963ba333ac6e3770165032c4a/element - {"using":"xpath","value":"//*[@id=\"__tile41\"]"}
RESULT: {"using":"xpath","value":"//*[@id=\"__tile41\"]"}
COMMAND: POST /session/76bbe7a963ba333ac6e3770165032c4a/element/f.37B6A3D8B8D5C040CDE4E4CEB4627624.d.DCDDC6D774DDCAD3D02912F1C5D1D579.e.129/click - {}
RESULT: {}
COMMAND: GET /session/76bbe7a963ba333ac6e3770165032c4a/screenshot - {}
RESULT: {}
COMMAND: POST /session/76bbe7a963ba333ac6e3770165032c4a/elements - {"using":"xpath","value":"//span[text()='Error']"}
RESULT: {"using":"xpath","value":"//span[text()='Error']"}
COMMAND: POST /session/76bbe7a963ba333ac6e3770165032c4a/element - {"using":"xpath","value":"//button[@data-kt=\"addNewYardOverflowToolbarButton\"]"}
RESULT: {"using":"xpath","value":"//button[@data-kt=\"addNewYardOverflowToolbarButton\"]"}
COMMAND: POST /session/76bbe7a963ba333ac6e3770165032c4a/elements - {"using":"xpath","value":"//button[@data-kt=\"addNewYardOverflowToolbarButton\"]"}
RESULT: {"using":"xpath","value":"//button[@data-kt=\"addNewYardOverflowToolbarButton\"]"}
COMMAND: POST /session/76bbe7a963ba333ac6e3770165032c4a/elements - {"using":"xpath","value":"//button[@data-kt=\"addNewYardOverflowToolbarButton\"]"}
RESULT: {"using":"xpath","value":"//button[@data-kt=\"addNewYardOverflowToolbarButton\"]"}
COMMAND: POST /session/76bbe7a963ba333ac6e3770165032c4a/element - {"using":"xpath","value":"//button[@data-kt=\"addNewYardOverflowToolbarButton\"]"}
RESULT: {"using":"xpath","value":"//button[@data-kt=\"addNewYardOverflowToolbarButton\"]"}
COMMAND: POST /session/76bbe7a963ba333ac6e3770165032c4a/execute/sync - {"script":"<script> [8489 bytes]","args":[{"element-6066-11e4-a52e-4f735466cecf":"f.37B6A3D8B8D5C040CDE4E4CEB4627624.d.DCDDC6D774DDCAD3D02912F1C5D1D579.e.264","ELEMENT":"f.37B6A3D8B8D5C040CDE4E4CEB4627624.d.DCDDC6D774DDCAD3D02912F1C5D1D579.e.264"}]}
RESULT: {"script":"<script> [8489 bytes]","args":[{"element-6066-11e4-a52e-4f735466cecf":"f.37B6A3D8B8D5C040CDE4E4CEB4627624.d.DCDDC6D774DDCAD3D02912F1C5D1D579.e.264","ELEMENT":"f.37B6A3D8B8D5C040CDE4E4CEB4627624.d.DCDDC6D774DDCAD3D02912F1C5D1D579.e.264"}]}
COMMAND: GET /session/76bbe7a963ba333ac6e3770165032c4a/element/f.37B6A3D8B8D5C040CDE4E4CEB4627624.d.DCDDC6D774DDCAD3D02912F1C5D1D579.e.264/enabled - {}
COMMAND: GET /session/76bbe7a963ba333ac6e3770165032c4a/screenshot - {}
RESULT: {}
COMMAND: POST /session/76bbe7a963ba333ac6e3770165032c4a/execute/sync - {"script":"<script> [8489 bytes]","args":[{"element-6066-11e4-a52e-4f735466cecf":"f.37B6A3D8B8D5C040CDE4E4CEB4627624.d.DCDDC6D774DDCAD3D02912F1C5D1D579.e.264","ELEMENT":"f.37B6A3D8B8D5C040CDE4E4CEB4627624.d.DCDDC6D774DDCAD3D02912F1C5D1D579.e.264"}]}
COMMAND: GET /session/76bbe7a963ba333ac6e3770165032c4a/screenshot - {}
RESULT: {}
RESULT: {"script":"<script> [8489 bytes]","args":[{"element-6066-11e4-a52e-4f735466cecf":"f.37B6A3D8B8D5C040CDE4E4CEB4627624.d.DCDDC6D774DDCAD3D02912F1C5D1D579.e.264","ELEMENT":"f.37B6A3D8B8D5C040CDE4E4CEB4627624.d.DCDDC6D774DDCAD3D02912F1C5D1D579.e.264"}]}
COMMAND: POST /session/76bbe7a963ba333ac6e3770165032c4a/execute/sync - {"script":"<script> [5351 bytes]","args":[{"element-6066-11e4-a52e-4f735466cecf":"f.37B6A3D8B8D5C040CDE4E4CEB4627624.d.DCDDC6D774DDCAD3D02912F1C5D1D579.e.264","ELEMENT":"f.37B6A3D8B8D5C040CDE4E4CEB4627624.d.DCDDC6D774DDCAD3D02912F1C5D1D579.e.264"}]}
COMMAND: GET /session/76bbe7a963ba333ac6e3770165032c4a/screenshot - {}
RESULT: {}
RESULT: {"script":"<script> [5351 bytes]","args":[{"element-6066-11e4-a52e-4f735466cecf":"f.37B6A3D8B8D5C040CDE4E4CEB4627624.d.DCDDC6D774DDCAD3D02912F1C5D1D579.e.264","ELEMENT":"f.37B6A3D8B8D5C040CDE4E4CEB4627624.d.DCDDC6D774DDCAD3D02912F1C5D1D579.e.264"}]}
COMMAND: POST /session/76bbe7a963ba333ac6e3770165032c4a/element/f.37B6A3D8B8D5C040CDE4E4CEB4627624.d.DCDDC6D774DDCAD3D02912F1C5D1D579.e.264/click - {}
COMMAND: GET /session/76bbe7a963ba333ac6e3770165032c4a/screenshot - {}
RESULT: {}
RESULT: {}
COMMAND: GET /session/76bbe7a963ba333ac6e3770165032c4a/screenshot - {}
RESULT: {}
RESULT: {}
COMMAND: POST /session/76bbe7a963ba333ac6e3770165032c4a/element - {"using":"xpath","value":"//input[@id=\"application-manageyards-display-component---NewYard--yardId-inner\"]"}
RESULT: {"using":"xpath","value":"//input[@id=\"application-manageyards-display-component---NewYard--yardId-inner\"]"}
COMMAND: POST /session/76bbe7a963ba333ac6e3770165032c4a/element - {"using":"xpath","value":"//input[@id=\"application-manageyards-display-component---NewYard--yardId-inner\"]"}
RESULT: {"using":"xpath","value":"//input[@id=\"application-manageyards-display-component---NewYard--yardId-inner\"]"}
COMMAND: POST /session/76bbe7a963ba333ac6e3770165032c4a/execute/async - {"script":"<script> [1562 bytes]","args":[{"selector":{"id":"application-manageyards-display-component---NewYard--addressDetailDetailsName1","interaction":{"idSuffix":"inner"}},"wdio_ui5_key":"applicationmanageyards-display-component---NewYard--addressDetailDetailsName1"}]}
RESULT: {"script":"<script> [1562 bytes]","args":[{"selector":{"id":"application-manageyards-display-component---NewYard--addressDetailDetailsName1","interaction":{"idSuffix":"inner"}},"wdio_ui5_key":"applicationmanageyards-display-component---NewYard--addressDetailDetailsName1"}]}
RESULT: undefined
COMMAND: POST /session/76bbe7a963ba333ac6e3770165032c4a/execute/async - {"script":"<script> [776 bytes]","args":[{"enterText":"Warehouse Managed WDIO","selector":{"id":"application-manageyards-display-component---NewYard--addressDetailDetailsName1","interaction":{"idSuffix":"inner"}},"clearTextFirst":true,"interactionType":"ENTER_TEXT"}]}
RESULT: {"script":"<script> [776 bytes]","args":[{"enterText":"Warehouse Managed WDIO","selector":{"id":"application-manageyards-display-component---NewYard--addressDetailDetailsName1","interaction":{"idSuffix":"inner"}},"clearTextFirst":true,"interactionType":"ENTER_TEXT"}]}
COMMAND: POST /session/76bbe7a963ba333ac6e3770165032c4a/execute/async - {"script":"<script> [1562 bytes]","args":[{"selector":{"id":"application-manageyards-display-component---NewYard--addressDetailDetailsLanguage-arrow"},"wdio_ui5_key":"applicationmanageyards-display-component---NewYard--addressDetailDetailsLanguage-arrow"}]}
RESULT: {"script":"<script> [1562 bytes]","args":[{"selector":{"id":"application-manageyards-display-component---NewYard--addressDetailDetailsLanguage-arrow"},"wdio_ui5_key":"applicationmanageyards-display-component---NewYard--addressDetailDetailsLanguage-arrow"}]}
RESULT: undefined
COMMAND: POST /session/76bbe7a963ba333ac6e3770165032c4a/element - {"using":"xpath","value":"//*[@id=\"application-manageyards-display-component---NewYard--addressDetailDetailsLanguage-arrow\"]"}
RESULT: {"using":"xpath","value":"//*[@id=\"application-manageyards-display-component---NewYard--addressDetailDetailsLanguage-arrow\"]"}
COMMAND: POST /session/76bbe7a963ba333ac6e3770165032c4a/element/f.37B6A3D8B8D5C040CDE4E4CEB4627624.d.DCDDC6D774DDCAD3D02912F1C5D1D579.e.698/click - {}
RESULT: {}
COMMAND: POST /session/76bbe7a963ba333ac6e3770165032c4a/element - {"using":"xpath","value":"//span[contains(text(), \"English\")]"}
COMMAND: GET /session/76bbe7a963ba333ac6e3770165032c4a/screenshot - {}
RESULT: {"using":"xpath","value":"//span[contains(text(), \"English\")]"}
COMMAND: POST /session/76bbe7a963ba333ac6e3770165032c4a/element/f.37B6A3D8B8D5C040CDE4E4CEB4627624.d.DCDDC6D774DDCAD3D02912F1C5D1D579.e.699/click - {}
RESULT: {}
RESULT: {}
COMMAND: POST /session/76bbe7a963ba333ac6e3770165032c4a/execute/async - {"script":"<script> [1562 bytes]","args":[{"selector":{"id":"application-manageyards-display-component---NewYard--addressDetailDetailsCity1","interaction":{"idSuffix":"inner"}},"wdio_ui5_key":"applicationmanageyards-display-component---NewYard--addressDetailDetailsCity1"}]}
COMMAND: GET /session/76bbe7a963ba333ac6e3770165032c4a/screenshot - {}
RESULT: {"script":"<script> [1562 bytes]","args":[{"selector":{"id":"application-manageyards-display-component---NewYard--addressDetailDetailsCity1","interaction":{"idSuffix":"inner"}},"wdio_ui5_key":"applicationmanageyards-display-component---NewYard--addressDetailDetailsCity1"}]}
RESULT: undefined
COMMAND: POST /session/76bbe7a963ba333ac6e3770165032c4a/execute/async - {"script":"<script> [776 bytes]","args":[{"enterText":"Rosario","selector":{"id":"application-manageyards-display-component---NewYard--addressDetailDetailsCity1","interaction":{"idSuffix":"inner"}},"clearTextFirst":true,"interactionType":"ENTER_TEXT"}]}
RESULT: {}
RESULT: {"script":"<script> [776 bytes]","args":[{"enterText":"Rosario","selector":{"id":"application-manageyards-display-component---NewYard--addressDetailDetailsCity1","interaction":{"idSuffix":"inner"}},"clearTextFirst":true,"interactionType":"ENTER_TEXT"}]}
COMMAND: POST /session/76bbe7a963ba333ac6e3770165032c4a/execute/async - {"script":"<script> [1562 bytes]","args":[{"selector":{"id":"application-manageyards-display-component---NewYard--addressDetailDetailsCountry-arrow"},"wdio_ui5_key":"applicationmanageyards-display-component---NewYard--addressDetailDetailsCountry-arrow"}]}
RESULT: {"script":"<script> [1562 bytes]","args":[{"selector":{"id":"application-manageyards-display-component---NewYard--addressDetailDetailsCountry-arrow"},"wdio_ui5_key":"applicationmanageyards-display-component---NewYard--addressDetailDetailsCountry-arrow"}]}
RESULT: undefined
COMMAND: POST /session/76bbe7a963ba333ac6e3770165032c4a/element - {"using":"xpath","value":"//*[@id=\"application-manageyards-display-component---NewYard--addressDetailDetailsCountry-arrow\"]"}
RESULT: {"using":"xpath","value":"//*[@id=\"application-manageyards-display-component---NewYard--addressDetailDetailsCountry-arrow\"]"}
COMMAND: POST /session/76bbe7a963ba333ac6e3770165032c4a/element/f.37B6A3D8B8D5C040CDE4E4CEB4627624.d.DCDDC6D774DDCAD3D02912F1C5D1D579.e.701/click - {}
RESULT: {}
COMMAND: POST /session/76bbe7a963ba333ac6e3770165032c4a/element - {"using":"xpath","value":"//span[contains(text(), \"Argentina\")]"}
COMMAND: GET /session/76bbe7a963ba333ac6e3770165032c4a/screenshot - {}
RESULT: {"using":"xpath","value":"//span[contains(text(), \"Argentina\")]"}
COMMAND: POST /session/76bbe7a963ba333ac6e3770165032c4a/element/f.37B6A3D8B8D5C040CDE4E4CEB4627624.d.DCDDC6D774DDCAD3D02912F1C5D1D579.e.702/click - {}
RESULT: {}
RESULT: {}
COMMAND: POST /session/76bbe7a963ba333ac6e3770165032c4a/execute/async - {"script":"<script> [1562 bytes]","args":[{"selector":{"id":"application-manageyards-display-component---NewYard--addressEditDetailsCostObjectCstType-arrow"},"wdio_ui5_key":"applicationmanageyards-display-component---NewYard--addressEditDetailsCostObjectCstType-arrow"}]}
COMMAND: GET /session/76bbe7a963ba333ac6e3770165032c4a/screenshot - {}
RESULT: {"script":"<script> [1562 bytes]","args":[{"selector":{"id":"application-manageyards-display-component---NewYard--addressEditDetailsCostObjectCstType-arrow"},"wdio_ui5_key":"applicationmanageyards-display-component---NewYard--addressEditDetailsCostObjectCstType-arrow"}]}
RESULT: undefined
COMMAND: POST /session/76bbe7a963ba333ac6e3770165032c4a/element - {"using":"xpath","value":"//*[@id=\"application-manageyards-display-component---NewYard--addressEditDetailsCostObjectCstType-arrow\"]"}
RESULT: {}
RESULT: {"using":"xpath","value":"//*[@id=\"application-manageyards-display-component---NewYard--addressEditDetailsCostObjectCstType-arrow\"]"}
COMMAND: POST /session/76bbe7a963ba333ac6e3770165032c4a/element/f.37B6A3D8B8D5C040CDE4E4CEB4627624.d.DCDDC6D774DDCAD3D02912F1C5D1D579.e.703/click - {}
RESULT: {}
COMMAND: POST /session/76bbe7a963ba333ac6e3770165032c4a/element - {"using":"xpath","value":"//span[contains(text(), \"Cost Center\")]"}
COMMAND: GET /session/76bbe7a963ba333ac6e3770165032c4a/screenshot - {}
RESULT: {"using":"xpath","value":"//span[contains(text(), \"Cost Center\")]"}
COMMAND: POST /session/76bbe7a963ba333ac6e3770165032c4a/element/f.37B6A3D8B8D5C040CDE4E4CEB4627624.d.DCDDC6D774DDCAD3D02912F1C5D1D579.e.704/click - {}
RESULT: {}
RESULT: {}
COMMAND: GET /session/76bbe7a963ba333ac6e3770165032c4a/screenshot - {}
RESULT: {}
COMMAND: POST /session/76bbe7a963ba333ac6e3770165032c4a/element - {"using":"xpath","value":"//span[@id=\"application-manageyards-display-component---NewYard--addressNewCostObjectCstID-vhi\"]"}
RESULT: {"using":"xpath","value":"//span[@id=\"application-manageyards-display-component---NewYard--addressNewCostObjectCstID-vhi\"]"}
COMMAND: POST /session/76bbe7a963ba333ac6e3770165032c4a/execute/sync - {"script":"<script> [8489 bytes]","args":[{"element-6066-11e4-a52e-4f735466cecf":"f.37B6A3D8B8D5C040CDE4E4CEB4627624.d.DCDDC6D774DDCAD3D02912F1C5D1D579.e.708","ELEMENT":"f.37B6A3D8B8D5C040CDE4E4CEB4627624.d.DCDDC6D774DDCAD3D02912F1C5D1D579.e.708"}]}
RESULT: {"script":"<script> [8489 bytes]","args":[{"element-6066-11e4-a52e-4f735466cecf":"f.37B6A3D8B8D5C040CDE4E4CEB4627624.d.DCDDC6D774DDCAD3D02912F1C5D1D579.e.708","ELEMENT":"f.37B6A3D8B8D5C040CDE4E4CEB4627624.d.DCDDC6D774DDCAD3D02912F1C5D1D579.e.708"}]}
COMMAND: POST /session/76bbe7a963ba333ac6e3770165032c4a/execute/async - {"script":"<script> [1562 bytes]","args":[{"selector":{"id":"application-manageyards-display-component---NewYard--addressNewCostObjectCstID-vhi"},"wdio_ui5_key":"applicationmanageyards-display-component---NewYard--addressNewCostObjectCstID-vhi"}]}
COMMAND: GET /session/76bbe7a963ba333ac6e3770165032c4a/screenshot - {}
RESULT: {"script":"<script> [1562 bytes]","args":[{"selector":{"id":"application-manageyards-display-component---NewYard--addressNewCostObjectCstID-vhi"},"wdio_ui5_key":"applicationmanageyards-display-component---NewYard--addressNewCostObjectCstID-vhi"}]}
RESULT: undefined
COMMAND: POST /session/76bbe7a963ba333ac6e3770165032c4a/element - {"using":"xpath","value":"//*[@id=\"application-manageyards-display-component---NewYard--addressNewCostObjectCstID-vhi\"]"}
RESULT: {}
RESULT: {"using":"xpath","value":"//*[@id=\"application-manageyards-display-component---NewYard--addressNewCostObjectCstID-vhi\"]"}
COMMAND: POST /session/76bbe7a963ba333ac6e3770165032c4a/element/f.37B6A3D8B8D5C040CDE4E4CEB4627624.d.DCDDC6D774DDCAD3D02912F1C5D1D579.e.708/click - {}
RESULT: {}
COMMAND: GET /session/76bbe7a963ba333ac6e3770165032c4a/screenshot - {}
RESULT: {}
COMMAND: POST /session/76bbe7a963ba333ac6e3770165032c4a/execute/async - {"script":"<script> [1562 bytes]","args":[{"selector":{"controlType":"sap.m.SearchField","properties":{"placeholder":"Search"},"searchOpenDialogs":true,"interaction":{"idSuffix":"I"}},"wdio_ui5_key":"sapm.SearchField{\"placeholder\":\"Search\"}"}]}
RESULT: {"script":"<script> [1562 bytes]","args":[{"selector":{"controlType":"sap.m.SearchField","properties":{"placeholder":"Search"},"searchOpenDialogs":true,"interaction":{"idSuffix":"I"}},"wdio_ui5_key":"sapm.SearchField{\"placeholder\":\"Search\"}"}]}
RESULT: undefined
COMMAND: POST /session/76bbe7a963ba333ac6e3770165032c4a/execute/async - {"script":"<script> [776 bytes]","args":[{"enterText":"bauh_b","selector":{"controlType":"sap.m.SearchField","properties":{"placeholder":"Search"},"searchOpenDialogs":true,"interaction":{"idSuffix":"I"}},"clearTextFirst":true,"interactionType":"ENTER_TEXT"}]}
RESULT: {"script":"<script> [776 bytes]","args":[{"enterText":"bauh_b","selector":{"controlType":"sap.m.SearchField","properties":{"placeholder":"Search"},"searchOpenDialogs":true,"interaction":{"idSuffix":"I"}},"clearTextFirst":true,"interactionType":"ENTER_TEXT"}]}
COMMAND: POST /session/76bbe7a963ba333ac6e3770165032c4a/actions - {"actions":[{"id":"action1","type":"key","parameters":{},"actions":[{"type":"keyDown","value":"î€‡"},{"type":"pause","duration":10},{"type":"keyUp","value":"î€‡"}]}]}
RESULT: {"actions":[{"id":"action1","type":"key","parameters":{},"actions":[{"type":"keyDown","value":"î€‡"},{"type":"pause","duration":10},{"type":"keyUp","value":"î€‡"}]}]}
COMMAND: GET /session/76bbe7a963ba333ac6e3770165032c4a/screenshot - {}
RESULT: {}
COMMAND: POST /session/76bbe7a963ba333ac6e3770165032c4a/element - {"using":"xpath","value":"//span[contains(text(), \"Demo Yard\")]"}
RESULT: {"using":"xpath","value":"//span[contains(text(), \"Demo Yard\")]"}
COMMAND: POST /session/76bbe7a963ba333ac6e3770165032c4a/element/f.37B6A3D8B8D5C040CDE4E4CEB4627624.d.DCDDC6D774DDCAD3D02912F1C5D1D579.e.749/click - {}
RESULT: {}
COMMAND: GET /session/76bbe7a963ba333ac6e3770165032c4a/screenshot - {}
RESULT: {}
COMMAND: POST /session/76bbe7a963ba333ac6e3770165032c4a/element - {"using":"xpath","value":"//bdi[contains(text(), \"OK\")]"}
RESULT: {"using":"xpath","value":"//bdi[contains(text(), \"OK\")]"}
COMMAND: POST /session/76bbe7a963ba333ac6e3770165032c4a/element/f.37B6A3D8B8D5C040CDE4E4CEB4627624.d.DCDDC6D774DDCAD3D02912F1C5D1D579.e.750/click - {}
RESULT: {}
COMMAND: GET /session/76bbe7a963ba333ac6e3770165032c4a/screenshot - {}
RESULT: {}
COMMAND: POST /session/76bbe7a963ba333ac6e3770165032c4a/execute/async - {"script":"<script> [1562 bytes]","args":[{"selector":{"id":"application-manageyards-display-component---NewYard--addressEditDetailsCurrency-arrow"},"wdio_ui5_key":"applicationmanageyards-display-component---NewYard--addressEditDetailsCurrency-arrow"}]}
RESULT: {"script":"<script> [1562 bytes]","args":[{"selector":{"id":"application-manageyards-display-component---NewYard--addressEditDetailsCurrency-arrow"},"wdio_ui5_key":"applicationmanageyards-display-component---NewYard--addressEditDetailsCurrency-arrow"}]}
RESULT: undefined
COMMAND: POST /session/76bbe7a963ba333ac6e3770165032c4a/element - {"using":"xpath","value":"//*[@id=\"application-manageyards-display-component---NewYard--addressEditDetailsCurrency-arrow\"]"}
RESULT: {"using":"xpath","value":"//*[@id=\"application-manageyards-display-component---NewYard--addressEditDetailsCurrency-arrow\"]"}
COMMAND: POST /session/76bbe7a963ba333ac6e3770165032c4a/element/f.37B6A3D8B8D5C040CDE4E4CEB4627624.d.DCDDC6D774DDCAD3D02912F1C5D1D579.e.753/click - {}
RESULT: {}
COMMAND: POST /session/76bbe7a963ba333ac6e3770165032c4a/element - {"using":"xpath","value":"//span[contains(text(), \"Euro\")]"}
COMMAND: GET /session/76bbe7a963ba333ac6e3770165032c4a/screenshot - {}
RESULT: {"using":"xpath","value":"//span[contains(text(), \"Euro\")]"}
COMMAND: POST /session/76bbe7a963ba333ac6e3770165032c4a/element/f.37B6A3D8B8D5C040CDE4E4CEB4627624.d.DCDDC6D774DDCAD3D02912F1C5D1D579.e.754/click - {}
RESULT: {}
RESULT: {}
COMMAND: POST /session/76bbe7a963ba333ac6e3770165032c4a/execute/async - {"script":"<script> [1562 bytes]","args":[{"selector":{"controlType":"sap.m.Input","viewName":"etm.portal.ui.manageyards.view.New","viewId":"application-manageyards-display-component---NewYard","bindingPath":{"path":"","propertyPath":"/CONTROLLING_AREA","modelName":"NewYardModel"},"interaction":{"idSuffix":"inner"}},"wdio_ui5_key":"etmportal.ui.manageyards.view.Newsap.m.Input{\"path\":\"\",\"propertyPath\":\"/CONTROLLING_AREA\",\"modelName\":\"NewYardModel\"}"}]}
COMMAND: GET /session/76bbe7a963ba333ac6e3770165032c4a/screenshot - {}
RESULT: {"script":"<script> [1562 bytes]","args":[{"selector":{"controlType":"sap.m.Input","viewName":"etm.portal.ui.manageyards.view.New","viewId":"application-manageyards-display-component---NewYard","bindingPath":{"path":"","propertyPath":"/CONTROLLING_AREA","modelName":"NewYardModel"},"interaction":{"idSuffix":"inner"}},"wdio_ui5_key":"etmportal.ui.manageyards.view.Newsap.m.Input{\"path\":\"\",\"propertyPath\":\"/CONTROLLING_AREA\",\"modelName\":\"NewYardModel\"}"}]}
RESULT: undefined
COMMAND: POST /session/76bbe7a963ba333ac6e3770165032c4a/execute/async - {"script":"<script> [776 bytes]","args":[{"enterText":"Z001","selector":{"controlType":"sap.m.Input","viewName":"etm.portal.ui.manageyards.view.New","viewId":"application-manageyards-display-component---NewYard","bindingPath":{"path":"","propertyPath":"/CONTROLLING_AREA","modelName":"NewYardModel"},"interaction":{"idSuffix":"inner"}},"clearTextFirst":true,"interactionType":"ENTER_TEXT"}]}
RESULT: {}
RESULT: {"script":"<script> [776 bytes]","args":[{"enterText":"Z001","selector":{"controlType":"sap.m.Input","viewName":"etm.portal.ui.manageyards.view.New","viewId":"application-manageyards-display-component---NewYard","bindingPath":{"path":"","propertyPath":"/CONTROLLING_AREA","modelName":"NewYardModel"},"interaction":{"idSuffix":"inner"}},"clearTextFirst":true,"interactionType":"ENTER_TEXT"}]}
COMMAND: POST /session/76bbe7a963ba333ac6e3770165032c4a/execute/async - {"script":"<script> [1562 bytes]","args":[{"selector":{"id":"application-manageyards-display-component---NewYard--companyCodeComboBox","interaction":{"idSuffix":"inner"}},"wdio_ui5_key":"applicationmanageyards-display-component---NewYard--companyCodeComboBox"}]}
RESULT: {"script":"<script> [1562 bytes]","args":[{"selector":{"id":"application-manageyards-display-component---NewYard--companyCodeComboBox","interaction":{"idSuffix":"inner"}},"wdio_ui5_key":"applicationmanageyards-display-component---NewYard--companyCodeComboBox"}]}
RESULT: undefined
COMMAND: POST /session/76bbe7a963ba333ac6e3770165032c4a/execute/async - {"script":"<script> [776 bytes]","args":[{"enterText":"1000","selector":{"id":"application-manageyards-display-component---NewYard--companyCodeComboBox","interaction":{"idSuffix":"inner"}},"clearTextFirst":true,"interactionType":"ENTER_TEXT"}]}
RESULT: {"script":"<script> [776 bytes]","args":[{"enterText":"1000","selector":{"id":"application-manageyards-display-component---NewYard--companyCodeComboBox","interaction":{"idSuffix":"inner"}},"clearTextFirst":true,"interactionType":"ENTER_TEXT"}]}
COMMAND: POST /session/76bbe7a963ba333ac6e3770165032c4a/execute/async - {"script":"<script> [1562 bytes]","args":[{"selector":{"controlType":"sap.m.Input","viewName":"etm.portal.ui.manageyards.view.New","viewId":"application-manageyards-display-component---NewYard","bindingPath":{"path":"","propertyPath":"/PLANT","modelName":"NewYardModel"},"interaction":{"idSuffix":"inner"}},"wdio_ui5_key":"etmportal.ui.manageyards.view.Newsap.m.Input{\"path\":\"\",\"propertyPath\":\"/PLANT\",\"modelName\":\"NewYardModel\"}"}]}
RESULT: {"script":"<script> [1562 bytes]","args":[{"selector":{"controlType":"sap.m.Input","viewName":"etm.portal.ui.manageyards.view.New","viewId":"application-manageyards-display-component---NewYard","bindingPath":{"path":"","propertyPath":"/PLANT","modelName":"NewYardModel"},"interaction":{"idSuffix":"inner"}},"wdio_ui5_key":"etmportal.ui.manageyards.view.Newsap.m.Input{\"path\":\"\",\"propertyPath\":\"/PLANT\",\"modelName\":\"NewYardModel\"}"}]}
RESULT: undefined
COMMAND: POST /session/76bbe7a963ba333ac6e3770165032c4a/execute/async - {"script":"<script> [776 bytes]","args":[{"enterText":"1001","selector":{"controlType":"sap.m.Input","viewName":"etm.portal.ui.manageyards.view.New","viewId":"application-manageyards-display-component---NewYard","bindingPath":{"path":"","propertyPath":"/PLANT","modelName":"NewYardModel"},"interaction":{"idSuffix":"inner"}},"clearTextFirst":true,"interactionType":"ENTER_TEXT"}]}
RESULT: {"script":"<script> [776 bytes]","args":[{"enterText":"1001","selector":{"controlType":"sap.m.Input","viewName":"etm.portal.ui.manageyards.view.New","viewId":"application-manageyards-display-component---NewYard","bindingPath":{"path":"","propertyPath":"/PLANT","modelName":"NewYardModel"},"interaction":{"idSuffix":"inner"}},"clearTextFirst":true,"interactionType":"ENTER_TEXT"}]}
COMMAND: POST /session/76bbe7a963ba333ac6e3770165032c4a/execute/async - {"script":"<script> [1562 bytes]","args":[{"selector":{"controlType":"sap.m.Input","viewName":"etm.portal.ui.manageyards.view.New","viewId":"application-manageyards-display-component---NewYard","bindingPath":{"path":"","propertyPath":"/SALES_AREA_VKORG","modelName":"NewYardModel"},"interaction":{"idSuffix":"inner"}},"wdio_ui5_key":"etmportal.ui.manageyards.view.Newsap.m.Input{\"path\":\"\",\"propertyPath\":\"/SALES_AREA_VKORG\",\"modelName\":\"NewYardModel\"}"}]}
RESULT: {"script":"<script> [1562 bytes]","args":[{"selector":{"controlType":"sap.m.Input","viewName":"etm.portal.ui.manageyards.view.New","viewId":"application-manageyards-display-component---NewYard","bindingPath":{"path":"","propertyPath":"/SALES_AREA_VKORG","modelName":"NewYardModel"},"interaction":{"idSuffix":"inner"}},"wdio_ui5_key":"etmportal.ui.manageyards.view.Newsap.m.Input{\"path\":\"\",\"propertyPath\":\"/SALES_AREA_VKORG\",\"modelName\":\"NewYardModel\"}"}]}
RESULT: undefined
COMMAND: POST /session/76bbe7a963ba333ac6e3770165032c4a/execute/async - {"script":"<script> [776 bytes]","args":[{"enterText":"C002","selector":{"controlType":"sap.m.Input","viewName":"etm.portal.ui.manageyards.view.New","viewId":"application-manageyards-display-component---NewYard","bindingPath":{"path":"","propertyPath":"/SALES_AREA_VKORG","modelName":"NewYardModel"},"interaction":{"idSuffix":"inner"}},"clearTextFirst":true,"interactionType":"ENTER_TEXT"}]}
RESULT: {"script":"<script> [776 bytes]","args":[{"enterText":"C002","selector":{"controlType":"sap.m.Input","viewName":"etm.portal.ui.manageyards.view.New","viewId":"application-manageyards-display-component---NewYard","bindingPath":{"path":"","propertyPath":"/SALES_AREA_VKORG","modelName":"NewYardModel"},"interaction":{"idSuffix":"inner"}},"clearTextFirst":true,"interactionType":"ENTER_TEXT"}]}
COMMAND: POST /session/76bbe7a963ba333ac6e3770165032c4a/execute/async - {"script":"<script> [1562 bytes]","args":[{"selector":{"controlType":"sap.m.Input","viewName":"etm.portal.ui.manageyards.view.New","viewId":"application-manageyards-display-component---NewYard","bindingPath":{"path":"","propertyPath":"/SALES_AREA_VTWEG","modelName":"NewYardModel"},"interaction":{"idSuffix":"inner"}},"wdio_ui5_key":"etmportal.ui.manageyards.view.Newsap.m.Input{\"path\":\"\",\"propertyPath\":\"/SALES_AREA_VTWEG\",\"modelName\":\"NewYardModel\"}"}]}
RESULT: {"script":"<script> [1562 bytes]","args":[{"selector":{"controlType":"sap.m.Input","viewName":"etm.portal.ui.manageyards.view.New","viewId":"application-manageyards-display-component---NewYard","bindingPath":{"path":"","propertyPath":"/SALES_AREA_VTWEG","modelName":"NewYardModel"},"interaction":{"idSuffix":"inner"}},"wdio_ui5_key":"etmportal.ui.manageyards.view.Newsap.m.Input{\"path\":\"\",\"propertyPath\":\"/SALES_AREA_VTWEG\",\"modelName\":\"NewYardModel\"}"}]}
RESULT: undefined
COMMAND: POST /session/76bbe7a963ba333ac6e3770165032c4a/execute/async - {"script":"<script> [776 bytes]","args":[{"enterText":"C2","selector":{"controlType":"sap.m.Input","viewName":"etm.portal.ui.manageyards.view.New","viewId":"application-manageyards-display-component---NewYard","bindingPath":{"path":"","propertyPath":"/SALES_AREA_VTWEG","modelName":"NewYardModel"},"interaction":{"idSuffix":"inner"}},"clearTextFirst":true,"interactionType":"ENTER_TEXT"}]}
RESULT: {"script":"<script> [776 bytes]","args":[{"enterText":"C2","selector":{"controlType":"sap.m.Input","viewName":"etm.portal.ui.manageyards.view.New","viewId":"application-manageyards-display-component---NewYard","bindingPath":{"path":"","propertyPath":"/SALES_AREA_VTWEG","modelName":"NewYardModel"},"interaction":{"idSuffix":"inner"}},"clearTextFirst":true,"interactionType":"ENTER_TEXT"}]}
COMMAND: POST /session/76bbe7a963ba333ac6e3770165032c4a/execute/async - {"script":"<script> [1562 bytes]","args":[{"selector":{"controlType":"sap.m.Input","viewName":"etm.portal.ui.manageyards.view.New","viewId":"application-manageyards-display-component---NewYard","bindingPath":{"path":"","propertyPath":"/SALES_AREA_SPART","modelName":"NewYardModel"},"interaction":{"idSuffix":"inner"}},"wdio_ui5_key":"etmportal.ui.manageyards.view.Newsap.m.Input{\"path\":\"\",\"propertyPath\":\"/SALES_AREA_SPART\",\"modelName\":\"NewYardModel\"}"}]}
RESULT: {"script":"<script> [1562 bytes]","args":[{"selector":{"controlType":"sap.m.Input","viewName":"etm.portal.ui.manageyards.view.New","viewId":"application-manageyards-display-component---NewYard","bindingPath":{"path":"","propertyPath":"/SALES_AREA_SPART","modelName":"NewYardModel"},"interaction":{"idSuffix":"inner"}},"wdio_ui5_key":"etmportal.ui.manageyards.view.Newsap.m.Input{\"path\":\"\",\"propertyPath\":\"/SALES_AREA_SPART\",\"modelName\":\"NewYardModel\"}"}]}
RESULT: undefined
COMMAND: POST /session/76bbe7a963ba333ac6e3770165032c4a/execute/async - {"script":"<script> [776 bytes]","args":[{"enterText":"C2","selector":{"controlType":"sap.m.Input","viewName":"etm.portal.ui.manageyards.view.New","viewId":"application-manageyards-display-component---NewYard","bindingPath":{"path":"","propertyPath":"/SALES_AREA_SPART","modelName":"NewYardModel"},"interaction":{"idSuffix":"inner"}},"clearTextFirst":true,"interactionType":"ENTER_TEXT"}]}
RESULT: {"script":"<script> [776 bytes]","args":[{"enterText":"C2","selector":{"controlType":"sap.m.Input","viewName":"etm.portal.ui.manageyards.view.New","viewId":"application-manageyards-display-component---NewYard","bindingPath":{"path":"","propertyPath":"/SALES_AREA_SPART","modelName":"NewYardModel"},"interaction":{"idSuffix":"inner"}},"clearTextFirst":true,"interactionType":"ENTER_TEXT"}]}
COMMAND: POST /session/76bbe7a963ba333ac6e3770165032c4a/execute/async - {"script":"<script> [1562 bytes]","args":[{"selector":{"controlType":"sap.m.Input","viewName":"etm.portal.ui.manageyards.view.New","viewId":"application-manageyards-display-component---NewYard","bindingPath":{"path":"","propertyPath":"/SHIP_POINT","modelName":"NewYardModel"},"interaction":{"idSuffix":"inner"}},"wdio_ui5_key":"etmportal.ui.manageyards.view.Newsap.m.Input{\"path\":\"\",\"propertyPath\":\"/SHIP_POINT\",\"modelName\":\"NewYardModel\"}"}]}
RESULT: {"script":"<script> [1562 bytes]","args":[{"selector":{"controlType":"sap.m.Input","viewName":"etm.portal.ui.manageyards.view.New","viewId":"application-manageyards-display-component---NewYard","bindingPath":{"path":"","propertyPath":"/SHIP_POINT","modelName":"NewYardModel"},"interaction":{"idSuffix":"inner"}},"wdio_ui5_key":"etmportal.ui.manageyards.view.Newsap.m.Input{\"path\":\"\",\"propertyPath\":\"/SHIP_POINT\",\"modelName\":\"NewYardModel\"}"}]}
RESULT: undefined
COMMAND: POST /session/76bbe7a963ba333ac6e3770165032c4a/execute/async - {"script":"<script> [776 bytes]","args":[{"enterText":"1710","selector":{"controlType":"sap.m.Input","viewName":"etm.portal.ui.manageyards.view.New","viewId":"application-manageyards-display-component---NewYard","bindingPath":{"path":"","propertyPath":"/SHIP_POINT","modelName":"NewYardModel"},"interaction":{"idSuffix":"inner"}},"clearTextFirst":true,"interactionType":"ENTER_TEXT"}]}
RESULT: {"script":"<script> [776 bytes]","args":[{"enterText":"1710","selector":{"controlType":"sap.m.Input","viewName":"etm.portal.ui.manageyards.view.New","viewId":"application-manageyards-display-component---NewYard","bindingPath":{"path":"","propertyPath":"/SHIP_POINT","modelName":"NewYardModel"},"interaction":{"idSuffix":"inner"}},"clearTextFirst":true,"interactionType":"ENTER_TEXT"}]}
COMMAND: POST /session/76bbe7a963ba333ac6e3770165032c4a/execute/async - {"script":"<script> [1562 bytes]","args":[{"selector":{"controlType":"sap.m.Input","viewName":"etm.portal.ui.manageyards.view.New","viewId":"application-manageyards-display-component---NewYard","bindingPath":{"path":"","propertyPath":"/DELIVERY_TYPE","modelName":"NewYardModel"},"interaction":{"idSuffix":"inner"}},"wdio_ui5_key":"etmportal.ui.manageyards.view.Newsap.m.Input{\"path\":\"\",\"propertyPath\":\"/DELIVERY_TYPE\",\"modelName\":\"NewYardModel\"}"}]}
RESULT: {"script":"<script> [1562 bytes]","args":[{"selector":{"controlType":"sap.m.Input","viewName":"etm.portal.ui.manageyards.view.New","viewId":"application-manageyards-display-component---NewYard","bindingPath":{"path":"","propertyPath":"/DELIVERY_TYPE","modelName":"NewYardModel"},"interaction":{"idSuffix":"inner"}},"wdio_ui5_key":"etmportal.ui.manageyards.view.Newsap.m.Input{\"path\":\"\",\"propertyPath\":\"/DELIVERY_TYPE\",\"modelName\":\"NewYardModel\"}"}]}
RESULT: undefined
COMMAND: POST /session/76bbe7a963ba333ac6e3770165032c4a/execute/async - {"script":"<script> [776 bytes]","args":[{"enterText":"ZL01","selector":{"controlType":"sap.m.Input","viewName":"etm.portal.ui.manageyards.view.New","viewId":"application-manageyards-display-component---NewYard","bindingPath":{"path":"","propertyPath":"/DELIVERY_TYPE","modelName":"NewYardModel"},"interaction":{"idSuffix":"inner"}},"clearTextFirst":true,"interactionType":"ENTER_TEXT"}]}
RESULT: {"script":"<script> [776 bytes]","args":[{"enterText":"ZL01","selector":{"controlType":"sap.m.Input","viewName":"etm.portal.ui.manageyards.view.New","viewId":"application-manageyards-display-component---NewYard","bindingPath":{"path":"","propertyPath":"/DELIVERY_TYPE","modelName":"NewYardModel"},"interaction":{"idSuffix":"inner"}},"clearTextFirst":true,"interactionType":"ENTER_TEXT"}]}
COMMAND: POST /session/76bbe7a963ba333ac6e3770165032c4a/execute/async - {"script":"<script> [1562 bytes]","args":[{"selector":{"controlType":"sap.m.Input","viewName":"etm.portal.ui.manageyards.view.New","viewId":"application-manageyards-display-component---NewYard","bindingPath":{"path":"","propertyPath":"/AUART","modelName":"NewYardModel"},"interaction":{"idSuffix":"inner"}},"wdio_ui5_key":"etmportal.ui.manageyards.view.Newsap.m.Input{\"path\":\"\",\"propertyPath\":\"/AUART\",\"modelName\":\"NewYardModel\"}"}]}
RESULT: {"script":"<script> [1562 bytes]","args":[{"selector":{"controlType":"sap.m.Input","viewName":"etm.portal.ui.manageyards.view.New","viewId":"application-manageyards-display-component---NewYard","bindingPath":{"path":"","propertyPath":"/AUART","modelName":"NewYardModel"},"interaction":{"idSuffix":"inner"}},"wdio_ui5_key":"etmportal.ui.manageyards.view.Newsap.m.Input{\"path\":\"\",\"propertyPath\":\"/AUART\",\"modelName\":\"NewYardModel\"}"}]}
RESULT: undefined
COMMAND: POST /session/76bbe7a963ba333ac6e3770165032c4a/execute/async - {"script":"<script> [776 bytes]","args":[{"enterText":"TA","selector":{"controlType":"sap.m.Input","viewName":"etm.portal.ui.manageyards.view.New","viewId":"application-manageyards-display-component---NewYard","bindingPath":{"path":"","propertyPath":"/AUART","modelName":"NewYardModel"},"interaction":{"idSuffix":"inner"}},"clearTextFirst":true,"interactionType":"ENTER_TEXT"}]}
RESULT: {"script":"<script> [776 bytes]","args":[{"enterText":"TA","selector":{"controlType":"sap.m.Input","viewName":"etm.portal.ui.manageyards.view.New","viewId":"application-manageyards-display-component---NewYard","bindingPath":{"path":"","propertyPath":"/AUART","modelName":"NewYardModel"},"interaction":{"idSuffix":"inner"}},"clearTextFirst":true,"interactionType":"ENTER_TEXT"}]}
COMMAND: POST /session/76bbe7a963ba333ac6e3770165032c4a/execute/async - {"script":"<script> [1562 bytes]","args":[{"selector":{"id":"application-manageyards-display-component---NewYard--whmCheckBox","interaction":{"idSuffix":"CbBg"}},"wdio_ui5_key":"applicationmanageyards-display-component---NewYard--whmCheckBox"}]}
RESULT: {"script":"<script> [1562 bytes]","args":[{"selector":{"id":"application-manageyards-display-component---NewYard--whmCheckBox","interaction":{"idSuffix":"CbBg"}},"wdio_ui5_key":"applicationmanageyards-display-component---NewYard--whmCheckBox"}]}
RESULT: undefined
COMMAND: POST /session/76bbe7a963ba333ac6e3770165032c4a/element - {"using":"xpath","value":"//*[@id=\"application-manageyards-display-component---NewYard--whmCheckBox\"]"}
RESULT: {"using":"xpath","value":"//*[@id=\"application-manageyards-display-component---NewYard--whmCheckBox\"]"}
COMMAND: POST /session/76bbe7a963ba333ac6e3770165032c4a/element/f.37B6A3D8B8D5C040CDE4E4CEB4627624.d.DCDDC6D774DDCAD3D02912F1C5D1D579.e.776/click - {}
RESULT: {}
COMMAND: GET /session/76bbe7a963ba333ac6e3770165032c4a/screenshot - {}
RESULT: {}
COMMAND: POST /session/76bbe7a963ba333ac6e3770165032c4a/element - {"using":"xpath","value":"//button[@data-kt=\"newYardSaveButton\"]"}
RESULT: {"using":"xpath","value":"//button[@data-kt=\"newYardSaveButton\"]"}
COMMAND: POST /session/76bbe7a963ba333ac6e3770165032c4a/element/f.37B6A3D8B8D5C040CDE4E4CEB4627624.d.DCDDC6D774DDCAD3D02912F1C5D1D579.e.650/click - {}
RESULT: {}
COMMAND: GET /session/76bbe7a963ba333ac6e3770165032c4a/screenshot - {}
RESULT: {}
COMMAND: POST /session/76bbe7a963ba333ac6e3770165032c4a/element - {"using":"xpath","value":"//header[contains(@id, 'ObjectPageLayout-headerTitle')]/div[1]/div[2]/div[1]/span[1]"}
RESULT: {"using":"xpath","value":"//header[contains(@id, 'ObjectPageLayout-headerTitle')]/div[1]/div[2]/div[1]/span[1]"}
COMMAND: POST /session/76bbe7a963ba333ac6e3770165032c4a/elements - {"using":"xpath","value":"//header[contains(@id, 'ObjectPageLayout-headerTitle')]/div[1]/div[2]/div[1]/span[1]"}
RESULT: {"using":"xpath","value":"//header[contains(@id, 'ObjectPageLayout-headerTitle')]/div[1]/div[2]/div[1]/span[1]"}
COMMAND: POST /session/76bbe7a963ba333ac6e3770165032c4a/execute/sync - {"script":"<script> [56 bytes]","args":[{"element-6066-11e4-a52e-4f735466cecf":"f.37B6A3D8B8D5C040CDE4E4CEB4627624.d.DCDDC6D774DDCAD3D02912F1C5D1D579.e.976","ELEMENT":"f.37B6A3D8B8D5C040CDE4E4CEB4627624.d.DCDDC6D774DDCAD3D02912F1C5D1D579.e.976"}]}
RESULT: {"script":"<script> [56 bytes]","args":[{"element-6066-11e4-a52e-4f735466cecf":"f.37B6A3D8B8D5C040CDE4E4CEB4627624.d.DCDDC6D774DDCAD3D02912F1C5D1D579.e.976","ELEMENT":"f.37B6A3D8B8D5C040CDE4E4CEB4627624.d.DCDDC6D774DDCAD3D02912F1C5D1D579.e.976"}]}
COMMAND: GET /session/76bbe7a963ba333ac6e3770165032c4a/screenshot - {}
COMMAND: POST /session/76bbe7a963ba333ac6e3770165032c4a/execute/sync - {"script":"<script> [56 bytes]","args":[{"element-6066-11e4-a52e-4f735466cecf":"f.37B6A3D8B8D5C040CDE4E4CEB4627624.d.DCDDC6D774DDCAD3D02912F1C5D1D579.e.976","ELEMENT":"f.37B6A3D8B8D5C040CDE4E4CEB4627624.d.DCDDC6D774DDCAD3D02912F1C5D1D579.e.976"}]}
RESULT: {}
RESULT: {"script":"<script> [56 bytes]","args":[{"element-6066-11e4-a52e-4f735466cecf":"f.37B6A3D8B8D5C040CDE4E4CEB4627624.d.DCDDC6D774DDCAD3D02912F1C5D1D579.e.976","ELEMENT":"f.37B6A3D8B8D5C040CDE4E4CEB4627624.d.DCDDC6D774DDCAD3D02912F1C5D1D579.e.976"}]}
COMMAND: GET /session/76bbe7a963ba333ac6e3770165032c4a/screenshot - {}
RESULT: {}
COMMAND: POST /session/76bbe7a963ba333ac6e3770165032c4a/element - {"using":"css selector","value":"#shell-header-logo"}
RESULT: {"using":"css selector","value":"#shell-header-logo"}
COMMAND: POST /session/76bbe7a963ba333ac6e3770165032c4a/element/f.37B6A3D8B8D5C040CDE4E4CEB4627624.d.DCDDC6D774DDCAD3D02912F1C5D1D579.e.233/click - {}
RESULT: {}
COMMAND: GET /session/76bbe7a963ba333ac6e3770165032c4a/screenshot - {}
RESULT: {}
COMMAND: POST /session/76bbe7a963ba333ac6e3770165032c4a/execute/sync - {"script":"<script> [299 bytes]","args":[["getModel","getResource"]]}
RESULT: {"script":"<script> [299 bytes]","args":[["getModel","getResource"]]}
]]></system-out>
    </testcase>
    <testcase classname="chrome.136_0_7103_93.windows.Stock_increase_-_with_WHM_US125587" name="Should create a new external WHM partner" time="91.409">
      <system-out><![CDATA[
COMMAND: GET /session/76bbe7a963ba333ac6e3770165032c4a/screenshot - {}
COMMAND: POST /session/76bbe7a963ba333ac6e3770165032c4a/window/fullscreen - {}
RESULT: {}
RESULT: {}
COMMAND: POST /session/76bbe7a963ba333ac6e3770165032c4a/execute/async - {"script":"<script> [1562 bytes]","args":[{"selector":{"controlType":"sap.m.GenericTile","properties":{"header":"Manage Partners"}},"wdio_ui5_key":"sapm.GenericTile{\"header\":\"Manage Partners\"}"}]}
RESULT: {"script":"<script> [1562 bytes]","args":[{"selector":{"controlType":"sap.m.GenericTile","properties":{"header":"Manage Partners"}},"wdio_ui5_key":"sapm.GenericTile{\"header\":\"Manage Partners\"}"}]}
RESULT: undefined
COMMAND: POST /session/76bbe7a963ba333ac6e3770165032c4a/element - {"using":"xpath","value":"//*[@id=\"__tile38\"]"}
RESULT: {"using":"xpath","value":"//*[@id=\"__tile38\"]"}
COMMAND: POST /session/76bbe7a963ba333ac6e3770165032c4a/element/f.37B6A3D8B8D5C040CDE4E4CEB4627624.d.DCDDC6D774DDCAD3D02912F1C5D1D579.e.120/click - {}
RESULT: {}
COMMAND: GET /session/76bbe7a963ba333ac6e3770165032c4a/screenshot - {}
RESULT: {}
COMMAND: POST /session/76bbe7a963ba333ac6e3770165032c4a/elements - {"using":"xpath","value":"//span[text()='Error']"}
RESULT: {"using":"xpath","value":"//span[text()='Error']"}
COMMAND: POST /session/76bbe7a963ba333ac6e3770165032c4a/element - {"using":"xpath","value":"//button[@data-kt=\"addButton\"]"}
RESULT: {"using":"xpath","value":"//button[@data-kt=\"addButton\"]"}
COMMAND: POST /session/76bbe7a963ba333ac6e3770165032c4a/elements - {"using":"xpath","value":"//button[@data-kt=\"addButton\"]"}
RESULT: {"using":"xpath","value":"//button[@data-kt=\"addButton\"]"}
COMMAND: POST /session/76bbe7a963ba333ac6e3770165032c4a/execute/sync - {"script":"<script> [8489 bytes]","args":[{"element-6066-11e4-a52e-4f735466cecf":"f.37B6A3D8B8D5C040CDE4E4CEB4627624.d.DCDDC6D774DDCAD3D02912F1C5D1D579.e.1028","ELEMENT":"f.37B6A3D8B8D5C040CDE4E4CEB4627624.d.DCDDC6D774DDCAD3D02912F1C5D1D579.e.1028"}]}
RESULT: {"script":"<script> [8489 bytes]","args":[{"element-6066-11e4-a52e-4f735466cecf":"f.37B6A3D8B8D5C040CDE4E4CEB4627624.d.DCDDC6D774DDCAD3D02912F1C5D1D579.e.1028","ELEMENT":"f.37B6A3D8B8D5C040CDE4E4CEB4627624.d.DCDDC6D774DDCAD3D02912F1C5D1D579.e.1028"}]}
COMMAND: GET /session/76bbe7a963ba333ac6e3770165032c4a/element/f.37B6A3D8B8D5C040CDE4E4CEB4627624.d.DCDDC6D774DDCAD3D02912F1C5D1D579.e.1028/enabled - {}
COMMAND: GET /session/76bbe7a963ba333ac6e3770165032c4a/screenshot - {}
RESULT: {}
COMMAND: POST /session/76bbe7a963ba333ac6e3770165032c4a/execute/sync - {"script":"<script> [8489 bytes]","args":[{"element-6066-11e4-a52e-4f735466cecf":"f.37B6A3D8B8D5C040CDE4E4CEB4627624.d.DCDDC6D774DDCAD3D02912F1C5D1D579.e.1028","ELEMENT":"f.37B6A3D8B8D5C040CDE4E4CEB4627624.d.DCDDC6D774DDCAD3D02912F1C5D1D579.e.1028"}]}
COMMAND: GET /session/76bbe7a963ba333ac6e3770165032c4a/screenshot - {}
RESULT: {}
RESULT: {"script":"<script> [8489 bytes]","args":[{"element-6066-11e4-a52e-4f735466cecf":"f.37B6A3D8B8D5C040CDE4E4CEB4627624.d.DCDDC6D774DDCAD3D02912F1C5D1D579.e.1028","ELEMENT":"f.37B6A3D8B8D5C040CDE4E4CEB4627624.d.DCDDC6D774DDCAD3D02912F1C5D1D579.e.1028"}]}
COMMAND: POST /session/76bbe7a963ba333ac6e3770165032c4a/execute/sync - {"script":"<script> [5351 bytes]","args":[{"element-6066-11e4-a52e-4f735466cecf":"f.37B6A3D8B8D5C040CDE4E4CEB4627624.d.DCDDC6D774DDCAD3D02912F1C5D1D579.e.1028","ELEMENT":"f.37B6A3D8B8D5C040CDE4E4CEB4627624.d.DCDDC6D774DDCAD3D02912F1C5D1D579.e.1028"}]}
COMMAND: GET /session/76bbe7a963ba333ac6e3770165032c4a/screenshot - {}
RESULT: {}
RESULT: {"script":"<script> [5351 bytes]","args":[{"element-6066-11e4-a52e-4f735466cecf":"f.37B6A3D8B8D5C040CDE4E4CEB4627624.d.DCDDC6D774DDCAD3D02912F1C5D1D579.e.1028","ELEMENT":"f.37B6A3D8B8D5C040CDE4E4CEB4627624.d.DCDDC6D774DDCAD3D02912F1C5D1D579.e.1028"}]}
COMMAND: POST /session/76bbe7a963ba333ac6e3770165032c4a/element/f.37B6A3D8B8D5C040CDE4E4CEB4627624.d.DCDDC6D774DDCAD3D02912F1C5D1D579.e.1028/click - {}
COMMAND: GET /session/76bbe7a963ba333ac6e3770165032c4a/screenshot - {}
RESULT: {}
RESULT: {}
COMMAND: GET /session/76bbe7a963ba333ac6e3770165032c4a/screenshot - {}
COMMAND: POST /session/76bbe7a963ba333ac6e3770165032c4a/execute/async - {"script":"<script> [1562 bytes]","args":[{"selector":{"id":"application-managepartners-display-component---NewPartner--addressDetailDetailsName1","interaction":{"idSuffix":"inner"}},"wdio_ui5_key":"applicationmanagepartners-display-component---NewPartner--addressDetailDetailsName1"}]}
RESULT: {}
RESULT: {}
RESULT: {"script":"<script> [1562 bytes]","args":[{"selector":{"id":"application-managepartners-display-component---NewPartner--addressDetailDetailsName1","interaction":{"idSuffix":"inner"}},"wdio_ui5_key":"applicationmanagepartners-display-component---NewPartner--addressDetailDetailsName1"}]}
RESULT: undefined
COMMAND: POST /session/76bbe7a963ba333ac6e3770165032c4a/execute/async - {"script":"<script> [776 bytes]","args":[{"enterText":"External Partner WDIO","selector":{"id":"application-managepartners-display-component---NewPartner--addressDetailDetailsName1","interaction":{"idSuffix":"inner"}},"clearTextFirst":true,"interactionType":"ENTER_TEXT"}]}
RESULT: {"script":"<script> [776 bytes]","args":[{"enterText":"External Partner WDIO","selector":{"id":"application-managepartners-display-component---NewPartner--addressDetailDetailsName1","interaction":{"idSuffix":"inner"}},"clearTextFirst":true,"interactionType":"ENTER_TEXT"}]}
COMMAND: POST /session/76bbe7a963ba333ac6e3770165032c4a/execute/async - {"script":"<script> [1562 bytes]","args":[{"selector":{"id":"application-managepartners-display-component---NewPartner--addressDetailDetailsLanguage-arrow"},"wdio_ui5_key":"applicationmanagepartners-display-component---NewPartner--addressDetailDetailsLanguage-arrow"}]}
RESULT: {"script":"<script> [1562 bytes]","args":[{"selector":{"id":"application-managepartners-display-component---NewPartner--addressDetailDetailsLanguage-arrow"},"wdio_ui5_key":"applicationmanagepartners-display-component---NewPartner--addressDetailDetailsLanguage-arrow"}]}
RESULT: undefined
COMMAND: POST /session/76bbe7a963ba333ac6e3770165032c4a/element - {"using":"xpath","value":"//*[@id=\"application-managepartners-display-component---NewPartner--addressDetailDetailsLanguage-arrow\"]"}
RESULT: {"using":"xpath","value":"//*[@id=\"application-managepartners-display-component---NewPartner--addressDetailDetailsLanguage-arrow\"]"}
COMMAND: POST /session/76bbe7a963ba333ac6e3770165032c4a/element/f.37B6A3D8B8D5C040CDE4E4CEB4627624.d.DCDDC6D774DDCAD3D02912F1C5D1D579.e.1474/click - {}
RESULT: {}
COMMAND: POST /session/76bbe7a963ba333ac6e3770165032c4a/element - {"using":"xpath","value":"//span[contains(text(), \"English\")]"}
COMMAND: GET /session/76bbe7a963ba333ac6e3770165032c4a/screenshot - {}
RESULT: {"using":"xpath","value":"//span[contains(text(), \"English\")]"}
COMMAND: POST /session/76bbe7a963ba333ac6e3770165032c4a/element/f.37B6A3D8B8D5C040CDE4E4CEB4627624.d.DCDDC6D774DDCAD3D02912F1C5D1D579.e.1475/click - {}
RESULT: {}
RESULT: {}
COMMAND: GET /session/76bbe7a963ba333ac6e3770165032c4a/screenshot - {}
RESULT: {}
COMMAND: POST /session/76bbe7a963ba333ac6e3770165032c4a/execute/async - {"script":"<script> [1562 bytes]","args":[{"selector":{"id":"application-managepartners-display-component---NewPartner--addressDetailDetailsCity1","interaction":{"idSuffix":"inner"}},"wdio_ui5_key":"applicationmanagepartners-display-component---NewPartner--addressDetailDetailsCity1"}]}
RESULT: {"script":"<script> [1562 bytes]","args":[{"selector":{"id":"application-managepartners-display-component---NewPartner--addressDetailDetailsCity1","interaction":{"idSuffix":"inner"}},"wdio_ui5_key":"applicationmanagepartners-display-component---NewPartner--addressDetailDetailsCity1"}]}
RESULT: undefined
COMMAND: POST /session/76bbe7a963ba333ac6e3770165032c4a/execute/async - {"script":"<script> [776 bytes]","args":[{"enterText":"Rosario","selector":{"id":"application-managepartners-display-component---NewPartner--addressDetailDetailsCity1","interaction":{"idSuffix":"inner"}},"clearTextFirst":true,"interactionType":"ENTER_TEXT"}]}
RESULT: {"script":"<script> [776 bytes]","args":[{"enterText":"Rosario","selector":{"id":"application-managepartners-display-component---NewPartner--addressDetailDetailsCity1","interaction":{"idSuffix":"inner"}},"clearTextFirst":true,"interactionType":"ENTER_TEXT"}]}
COMMAND: POST /session/76bbe7a963ba333ac6e3770165032c4a/execute/async - {"script":"<script> [1562 bytes]","args":[{"selector":{"id":"application-managepartners-display-component---NewPartner--addressDetailDetailsCountry-arrow"},"wdio_ui5_key":"applicationmanagepartners-display-component---NewPartner--addressDetailDetailsCountry-arrow"}]}
RESULT: {"script":"<script> [1562 bytes]","args":[{"selector":{"id":"application-managepartners-display-component---NewPartner--addressDetailDetailsCountry-arrow"},"wdio_ui5_key":"applicationmanagepartners-display-component---NewPartner--addressDetailDetailsCountry-arrow"}]}
RESULT: undefined
COMMAND: POST /session/76bbe7a963ba333ac6e3770165032c4a/element - {"using":"xpath","value":"//*[@id=\"application-managepartners-display-component---NewPartner--addressDetailDetailsCountry-arrow\"]"}
RESULT: {"using":"xpath","value":"//*[@id=\"application-managepartners-display-component---NewPartner--addressDetailDetailsCountry-arrow\"]"}
COMMAND: POST /session/76bbe7a963ba333ac6e3770165032c4a/element/f.37B6A3D8B8D5C040CDE4E4CEB4627624.d.DCDDC6D774DDCAD3D02912F1C5D1D579.e.1461/click - {}
RESULT: {}
COMMAND: POST /session/76bbe7a963ba333ac6e3770165032c4a/element - {"using":"xpath","value":"//span[contains(text(), \"Argentina\")]"}
COMMAND: GET /session/76bbe7a963ba333ac6e3770165032c4a/screenshot - {}
RESULT: {"using":"xpath","value":"//span[contains(text(), \"Argentina\")]"}
COMMAND: POST /session/76bbe7a963ba333ac6e3770165032c4a/element/f.37B6A3D8B8D5C040CDE4E4CEB4627624.d.DCDDC6D774DDCAD3D02912F1C5D1D579.e.1477/click - {}
RESULT: {}
RESULT: {}
COMMAND: GET /session/76bbe7a963ba333ac6e3770165032c4a/screenshot - {}
RESULT: {}
COMMAND: POST /session/76bbe7a963ba333ac6e3770165032c4a/element - {"using":"xpath","value":"//bdi[contains(text(), \"Commercial\")]"}
RESULT: {"using":"xpath","value":"//bdi[contains(text(), \"Commercial\")]"}
COMMAND: POST /session/76bbe7a963ba333ac6e3770165032c4a/element/f.37B6A3D8B8D5C040CDE4E4CEB4627624.d.DCDDC6D774DDCAD3D02912F1C5D1D579.e.1478/click - {}
RESULT: {}
COMMAND: GET /session/76bbe7a963ba333ac6e3770165032c4a/screenshot - {}
RESULT: {}
COMMAND: POST /session/76bbe7a963ba333ac6e3770165032c4a/execute/async - {"script":"<script> [1562 bytes]","args":[{"selector":{"id":"application-managepartners-display-component---NewPartner--partnerDetailInternal-arrow"},"wdio_ui5_key":"applicationmanagepartners-display-component---NewPartner--partnerDetailInternal-arrow"}]}
RESULT: {"script":"<script> [1562 bytes]","args":[{"selector":{"id":"application-managepartners-display-component---NewPartner--partnerDetailInternal-arrow"},"wdio_ui5_key":"applicationmanagepartners-display-component---NewPartner--partnerDetailInternal-arrow"}]}
RESULT: undefined
COMMAND: POST /session/76bbe7a963ba333ac6e3770165032c4a/element - {"using":"xpath","value":"//*[@id=\"application-managepartners-display-component---NewPartner--partnerDetailInternal-arrow\"]"}
RESULT: {"using":"xpath","value":"//*[@id=\"application-managepartners-display-component---NewPartner--partnerDetailInternal-arrow\"]"}
COMMAND: POST /session/76bbe7a963ba333ac6e3770165032c4a/element/f.37B6A3D8B8D5C040CDE4E4CEB4627624.d.DCDDC6D774DDCAD3D02912F1C5D1D579.e.1484/click - {}
RESULT: {}
COMMAND: POST /session/76bbe7a963ba333ac6e3770165032c4a/element - {"using":"xpath","value":"//span[contains(text(), \"External partner\")]"}
COMMAND: GET /session/76bbe7a963ba333ac6e3770165032c4a/screenshot - {}
RESULT: {"using":"xpath","value":"//span[contains(text(), \"External partner\")]"}
COMMAND: POST /session/76bbe7a963ba333ac6e3770165032c4a/element/f.37B6A3D8B8D5C040CDE4E4CEB4627624.d.DCDDC6D774DDCAD3D02912F1C5D1D579.e.1485/click - {}
RESULT: {}
RESULT: {}
COMMAND: POST /session/76bbe7a963ba333ac6e3770165032c4a/execute/async - {"script":"<script> [1562 bytes]","args":[{"selector":{"id":"application-managepartners-display-component---NewPartner--partnerDetailsCurrency-arrow"},"wdio_ui5_key":"applicationmanagepartners-display-component---NewPartner--partnerDetailsCurrency-arrow"}]}
COMMAND: GET /session/76bbe7a963ba333ac6e3770165032c4a/screenshot - {}
RESULT: {"script":"<script> [1562 bytes]","args":[{"selector":{"id":"application-managepartners-display-component---NewPartner--partnerDetailsCurrency-arrow"},"wdio_ui5_key":"applicationmanagepartners-display-component---NewPartner--partnerDetailsCurrency-arrow"}]}
RESULT: undefined
COMMAND: POST /session/76bbe7a963ba333ac6e3770165032c4a/element - {"using":"xpath","value":"//*[@id=\"application-managepartners-display-component---NewPartner--partnerDetailsCurrency-arrow\"]"}
RESULT: {}
RESULT: {"using":"xpath","value":"//*[@id=\"application-managepartners-display-component---NewPartner--partnerDetailsCurrency-arrow\"]"}
COMMAND: POST /session/76bbe7a963ba333ac6e3770165032c4a/element/f.37B6A3D8B8D5C040CDE4E4CEB4627624.d.DCDDC6D774DDCAD3D02912F1C5D1D579.e.1490/click - {}
RESULT: {}
COMMAND: POST /session/76bbe7a963ba333ac6e3770165032c4a/element - {"using":"xpath","value":"//span[contains(text(), \"US Dollar\")]"}
COMMAND: GET /session/76bbe7a963ba333ac6e3770165032c4a/screenshot - {}
RESULT: {"using":"xpath","value":"//span[contains(text(), \"US Dollar\")]"}
COMMAND: POST /session/76bbe7a963ba333ac6e3770165032c4a/element/f.37B6A3D8B8D5C040CDE4E4CEB4627624.d.DCDDC6D774DDCAD3D02912F1C5D1D579.e.1491/click - {}
RESULT: {}
RESULT: {}
COMMAND: GET /session/76bbe7a963ba333ac6e3770165032c4a/screenshot - {}
RESULT: {}
COMMAND: POST /session/76bbe7a963ba333ac6e3770165032c4a/element - {"using":"xpath","value":"//input[@id=\"application-managepartners-display-component---NewPartner--companyCodeComboBox-inner\"]"}
RESULT: {"using":"xpath","value":"//input[@id=\"application-managepartners-display-component---NewPartner--companyCodeComboBox-inner\"]"}
COMMAND: POST /session/76bbe7a963ba333ac6e3770165032c4a/element/f.37B6A3D8B8D5C040CDE4E4CEB4627624.d.DCDDC6D774DDCAD3D02912F1C5D1D579.e.1340/clear - {}
RESULT: {}
COMMAND: POST /session/76bbe7a963ba333ac6e3770165032c4a/element/f.37B6A3D8B8D5C040CDE4E4CEB4627624.d.DCDDC6D774DDCAD3D02912F1C5D1D579.e.1340/value - {"text":"C002"}
COMMAND: GET /session/76bbe7a963ba333ac6e3770165032c4a/screenshot - {}
RESULT: {"text":"C002"}
COMMAND: GET /session/76bbe7a963ba333ac6e3770165032c4a/screenshot - {}
RESULT: {}
RESULT: {}
COMMAND: POST /session/76bbe7a963ba333ac6e3770165032c4a/element - {"using":"xpath","value":"//li[.//span[text()= \"C002\"]]"}
RESULT: {"using":"xpath","value":"//li[.//span[text()= \"C002\"]]"}
COMMAND: POST /session/76bbe7a963ba333ac6e3770165032c4a/element/f.37B6A3D8B8D5C040CDE4E4CEB4627624.d.DCDDC6D774DDCAD3D02912F1C5D1D579.e.1495/click - {}
RESULT: {}
COMMAND: GET /session/76bbe7a963ba333ac6e3770165032c4a/screenshot - {}
RESULT: {}
COMMAND: POST /session/76bbe7a963ba333ac6e3770165032c4a/execute/async - {"script":"<script> [1562 bytes]","args":[{"selector":{"id":"application-managepartners-display-component---NewPartner--btnAddTableRow-img"},"wdio_ui5_key":"applicationmanagepartners-display-component---NewPartner--btnAddTableRow-img"}]}
RESULT: {"script":"<script> [1562 bytes]","args":[{"selector":{"id":"application-managepartners-display-component---NewPartner--btnAddTableRow-img"},"wdio_ui5_key":"applicationmanagepartners-display-component---NewPartner--btnAddTableRow-img"}]}
RESULT: undefined
COMMAND: POST /session/76bbe7a963ba333ac6e3770165032c4a/element - {"using":"xpath","value":"//*[@id=\"application-managepartners-display-component---NewPartner--btnAddTableRow-img\"]"}
RESULT: {"using":"xpath","value":"//*[@id=\"application-managepartners-display-component---NewPartner--btnAddTableRow-img\"]"}
COMMAND: POST /session/76bbe7a963ba333ac6e3770165032c4a/element/f.37B6A3D8B8D5C040CDE4E4CEB4627624.d.DCDDC6D774DDCAD3D02912F1C5D1D579.e.1496/click - {}
RESULT: {}
COMMAND: GET /session/76bbe7a963ba333ac6e3770165032c4a/screenshot - {}
RESULT: {}
COMMAND: POST /session/76bbe7a963ba333ac6e3770165032c4a/element - {"using":"xpath","value":"//input[@id=\"application-managepartners-display-component---NewPartner--assignmentYard-application-managepartners-display-component---NewPartner--assignmentsTable-0-inner\"]"}
RESULT: {"using":"xpath","value":"//input[@id=\"application-managepartners-display-component---NewPartner--assignmentYard-application-managepartners-display-component---NewPartner--assignmentsTable-0-inner\"]"}
COMMAND: POST /session/76bbe7a963ba333ac6e3770165032c4a/element/f.37B6A3D8B8D5C040CDE4E4CEB4627624.d.DCDDC6D774DDCAD3D02912F1C5D1D579.e.1499/clear - {}
RESULT: {}
COMMAND: POST /session/76bbe7a963ba333ac6e3770165032c4a/element/f.37B6A3D8B8D5C040CDE4E4CEB4627624.d.DCDDC6D774DDCAD3D02912F1C5D1D579.e.1499/value - {"text":"574"}
COMMAND: GET /session/76bbe7a963ba333ac6e3770165032c4a/screenshot - {}
RESULT: {"text":"574"}
COMMAND: GET /session/76bbe7a963ba333ac6e3770165032c4a/screenshot - {}
RESULT: {}
RESULT: {}
COMMAND: POST /session/76bbe7a963ba333ac6e3770165032c4a/element - {"using":"xpath","value":"//li[.//span[text()='574']]"}
RESULT: {"using":"xpath","value":"//li[.//span[text()='574']]"}
COMMAND: POST /session/76bbe7a963ba333ac6e3770165032c4a/element/f.37B6A3D8B8D5C040CDE4E4CEB4627624.d.DCDDC6D774DDCAD3D02912F1C5D1D579.e.1507/click - {}
RESULT: {}
COMMAND: GET /session/76bbe7a963ba333ac6e3770165032c4a/screenshot - {}
RESULT: {}
COMMAND: POST /session/76bbe7a963ba333ac6e3770165032c4a/actions - {"actions":[{"id":"action2","type":"key","parameters":{},"actions":[{"type":"keyDown","value":"î€‡"},{"type":"pause","duration":10},{"type":"keyUp","value":"î€‡"}]}]}
RESULT: {"actions":[{"id":"action2","type":"key","parameters":{},"actions":[{"type":"keyDown","value":"î€‡"},{"type":"pause","duration":10},{"type":"keyUp","value":"î€‡"}]}]}
COMMAND: POST /session/76bbe7a963ba333ac6e3770165032c4a/element - {"using":"xpath","value":"//td[contains(@id, \"assignmentsTable-0-cell2\")]/div/div"}
COMMAND: GET /session/76bbe7a963ba333ac6e3770165032c4a/screenshot - {}
RESULT: {"using":"xpath","value":"//td[contains(@id, \"assignmentsTable-0-cell2\")]/div/div"}
COMMAND: POST /session/76bbe7a963ba333ac6e3770165032c4a/element/f.37B6A3D8B8D5C040CDE4E4CEB4627624.d.DCDDC6D774DDCAD3D02912F1C5D1D579.e.1510/click - {}
RESULT: {}
RESULT: {}
COMMAND: GET /session/76bbe7a963ba333ac6e3770165032c4a/screenshot - {}
RESULT: {}
COMMAND: POST /session/76bbe7a963ba333ac6e3770165032c4a/element - {"using":"xpath","value":"//button[@data-kt=\"saveButton\"]"}
RESULT: {"using":"xpath","value":"//button[@data-kt=\"saveButton\"]"}
COMMAND: POST /session/76bbe7a963ba333ac6e3770165032c4a/element/f.37B6A3D8B8D5C040CDE4E4CEB4627624.d.DCDDC6D774DDCAD3D02912F1C5D1D579.e.1373/click - {}
RESULT: {}
COMMAND: GET /session/76bbe7a963ba333ac6e3770165032c4a/screenshot - {}
RESULT: {}
COMMAND: POST /session/76bbe7a963ba333ac6e3770165032c4a/element - {"using":"xpath","value":"//header[contains(@id, 'ObjectPageLayout-headerTitle')]/div[1]/div[2]/div[2]/span[1]"}
RESULT: {"using":"xpath","value":"//header[contains(@id, 'ObjectPageLayout-headerTitle')]/div[1]/div[2]/div[2]/span[1]"}
COMMAND: POST /session/76bbe7a963ba333ac6e3770165032c4a/elements - {"using":"xpath","value":"//header[contains(@id, 'ObjectPageLayout-headerTitle')]/div[1]/div[2]/div[2]/span[1]"}
RESULT: {"using":"xpath","value":"//header[contains(@id, 'ObjectPageLayout-headerTitle')]/div[1]/div[2]/div[2]/span[1]"}
COMMAND: POST /session/76bbe7a963ba333ac6e3770165032c4a/execute/sync - {"script":"<script> [56 bytes]","args":[{"element-6066-11e4-a52e-4f735466cecf":"f.37B6A3D8B8D5C040CDE4E4CEB4627624.d.DCDDC6D774DDCAD3D02912F1C5D1D579.e.1672","ELEMENT":"f.37B6A3D8B8D5C040CDE4E4CEB4627624.d.DCDDC6D774DDCAD3D02912F1C5D1D579.e.1672"}]}
RESULT: {"script":"<script> [56 bytes]","args":[{"element-6066-11e4-a52e-4f735466cecf":"f.37B6A3D8B8D5C040CDE4E4CEB4627624.d.DCDDC6D774DDCAD3D02912F1C5D1D579.e.1672","ELEMENT":"f.37B6A3D8B8D5C040CDE4E4CEB4627624.d.DCDDC6D774DDCAD3D02912F1C5D1D579.e.1672"}]}
COMMAND: POST /session/76bbe7a963ba333ac6e3770165032c4a/element - {"using":"css selector","value":"#shell-header-logo"}
COMMAND: GET /session/76bbe7a963ba333ac6e3770165032c4a/screenshot - {}
RESULT: {"using":"css selector","value":"#shell-header-logo"}
COMMAND: POST /session/76bbe7a963ba333ac6e3770165032c4a/element/f.37B6A3D8B8D5C040CDE4E4CEB4627624.d.DCDDC6D774DDCAD3D02912F1C5D1D579.e.983/click - {}
RESULT: {}
RESULT: {}
COMMAND: GET /session/76bbe7a963ba333ac6e3770165032c4a/screenshot - {}
RESULT: {}
COMMAND: POST /session/76bbe7a963ba333ac6e3770165032c4a/execute/sync - {"script":"<script> [299 bytes]","args":[["getModel","getResource"]]}
RESULT: {"script":"<script> [299 bytes]","args":[["getModel","getResource"]]}
]]></system-out>
    </testcase>
    <testcase classname="chrome.136_0_7103_93.windows.Stock_increase_-_with_WHM_US125587" name="Should create a new WHM site" time="155.036">
      <system-out><![CDATA[
COMMAND: POST /session/76bbe7a963ba333ac6e3770165032c4a/execute/async - {"script":"<script> [1562 bytes]","args":[{"selector":{"controlType":"sap.m.GenericTile","properties":{"header":"Manage Sites"}},"wdio_ui5_key":"sapm.GenericTile{\"header\":\"Manage Sites\"}"}]}
COMMAND: GET /session/76bbe7a963ba333ac6e3770165032c4a/screenshot - {}
RESULT: {"script":"<script> [1562 bytes]","args":[{"selector":{"controlType":"sap.m.GenericTile","properties":{"header":"Manage Sites"}},"wdio_ui5_key":"sapm.GenericTile{\"header\":\"Manage Sites\"}"}]}
RESULT: undefined
COMMAND: POST /session/76bbe7a963ba333ac6e3770165032c4a/element - {"using":"xpath","value":"//*[@id=\"__tile40\"]"}
RESULT: {}
RESULT: {"using":"xpath","value":"//*[@id=\"__tile40\"]"}
COMMAND: POST /session/76bbe7a963ba333ac6e3770165032c4a/element/f.37B6A3D8B8D5C040CDE4E4CEB4627624.d.DCDDC6D774DDCAD3D02912F1C5D1D579.e.126/click - {}
RESULT: {}
COMMAND: GET /session/76bbe7a963ba333ac6e3770165032c4a/screenshot - {}
RESULT: {}
COMMAND: POST /session/76bbe7a963ba333ac6e3770165032c4a/elements - {"using":"xpath","value":"//span[text()='Error']"}
RESULT: {"using":"xpath","value":"//span[text()='Error']"}
COMMAND: POST /session/76bbe7a963ba333ac6e3770165032c4a/element - {"using":"xpath","value":"//button[@data-kt=\"addOverflowToolbarButton\"]"}
RESULT: {"using":"xpath","value":"//button[@data-kt=\"addOverflowToolbarButton\"]"}
COMMAND: POST /session/76bbe7a963ba333ac6e3770165032c4a/elements - {"using":"xpath","value":"//button[@data-kt=\"addOverflowToolbarButton\"]"}
RESULT: {"using":"xpath","value":"//button[@data-kt=\"addOverflowToolbarButton\"]"}
COMMAND: POST /session/76bbe7a963ba333ac6e3770165032c4a/execute/sync - {"script":"<script> [8489 bytes]","args":[{"element-6066-11e4-a52e-4f735466cecf":"f.37B6A3D8B8D5C040CDE4E4CEB4627624.d.DCDDC6D774DDCAD3D02912F1C5D1D579.e.1719","ELEMENT":"f.37B6A3D8B8D5C040CDE4E4CEB4627624.d.DCDDC6D774DDCAD3D02912F1C5D1D579.e.1719"}]}
RESULT: {"script":"<script> [8489 bytes]","args":[{"element-6066-11e4-a52e-4f735466cecf":"f.37B6A3D8B8D5C040CDE4E4CEB4627624.d.DCDDC6D774DDCAD3D02912F1C5D1D579.e.1719","ELEMENT":"f.37B6A3D8B8D5C040CDE4E4CEB4627624.d.DCDDC6D774DDCAD3D02912F1C5D1D579.e.1719"}]}
COMMAND: GET /session/76bbe7a963ba333ac6e3770165032c4a/element/f.37B6A3D8B8D5C040CDE4E4CEB4627624.d.DCDDC6D774DDCAD3D02912F1C5D1D579.e.1719/enabled - {}
COMMAND: GET /session/76bbe7a963ba333ac6e3770165032c4a/screenshot - {}
RESULT: {}
COMMAND: POST /session/76bbe7a963ba333ac6e3770165032c4a/execute/sync - {"script":"<script> [8489 bytes]","args":[{"element-6066-11e4-a52e-4f735466cecf":"f.37B6A3D8B8D5C040CDE4E4CEB4627624.d.DCDDC6D774DDCAD3D02912F1C5D1D579.e.1719","ELEMENT":"f.37B6A3D8B8D5C040CDE4E4CEB4627624.d.DCDDC6D774DDCAD3D02912F1C5D1D579.e.1719"}]}
COMMAND: GET /session/76bbe7a963ba333ac6e3770165032c4a/screenshot - {}
RESULT: {}
RESULT: {"script":"<script> [8489 bytes]","args":[{"element-6066-11e4-a52e-4f735466cecf":"f.37B6A3D8B8D5C040CDE4E4CEB4627624.d.DCDDC6D774DDCAD3D02912F1C5D1D579.e.1719","ELEMENT":"f.37B6A3D8B8D5C040CDE4E4CEB4627624.d.DCDDC6D774DDCAD3D02912F1C5D1D579.e.1719"}]}
COMMAND: POST /session/76bbe7a963ba333ac6e3770165032c4a/execute/sync - {"script":"<script> [5351 bytes]","args":[{"element-6066-11e4-a52e-4f735466cecf":"f.37B6A3D8B8D5C040CDE4E4CEB4627624.d.DCDDC6D774DDCAD3D02912F1C5D1D579.e.1719","ELEMENT":"f.37B6A3D8B8D5C040CDE4E4CEB4627624.d.DCDDC6D774DDCAD3D02912F1C5D1D579.e.1719"}]}
COMMAND: GET /session/76bbe7a963ba333ac6e3770165032c4a/screenshot - {}
RESULT: {}
RESULT: {"script":"<script> [5351 bytes]","args":[{"element-6066-11e4-a52e-4f735466cecf":"f.37B6A3D8B8D5C040CDE4E4CEB4627624.d.DCDDC6D774DDCAD3D02912F1C5D1D579.e.1719","ELEMENT":"f.37B6A3D8B8D5C040CDE4E4CEB4627624.d.DCDDC6D774DDCAD3D02912F1C5D1D579.e.1719"}]}
COMMAND: POST /session/76bbe7a963ba333ac6e3770165032c4a/element/f.37B6A3D8B8D5C040CDE4E4CEB4627624.d.DCDDC6D774DDCAD3D02912F1C5D1D579.e.1719/click - {}
COMMAND: GET /session/76bbe7a963ba333ac6e3770165032c4a/screenshot - {}
RESULT: {}
RESULT: {}
COMMAND: GET /session/76bbe7a963ba333ac6e3770165032c4a/screenshot - {}
RESULT: {}
RESULT: {}
COMMAND: POST /session/76bbe7a963ba333ac6e3770165032c4a/element - {"using":"xpath","value":"//input[@id=\"application-managesites-display-component---NewSite--siteId-inner\"]"}
RESULT: {"using":"xpath","value":"//input[@id=\"application-managesites-display-component---NewSite--siteId-inner\"]"}
COMMAND: POST /session/76bbe7a963ba333ac6e3770165032c4a/element - {"using":"xpath","value":"//input[@id=\"application-managesites-display-component---NewSite--siteId-inner\"]"}
RESULT: {"using":"xpath","value":"//input[@id=\"application-managesites-display-component---NewSite--siteId-inner\"]"}
COMMAND: POST /session/76bbe7a963ba333ac6e3770165032c4a/execute/async - {"script":"<script> [1562 bytes]","args":[{"selector":{"id":"application-managesites-display-component---NewSite--addressDetailDetailsName1","interaction":{"idSuffix":"inner"}},"wdio_ui5_key":"applicationmanagesites-display-component---NewSite--addressDetailDetailsName1"}]}
RESULT: {"script":"<script> [1562 bytes]","args":[{"selector":{"id":"application-managesites-display-component---NewSite--addressDetailDetailsName1","interaction":{"idSuffix":"inner"}},"wdio_ui5_key":"applicationmanagesites-display-component---NewSite--addressDetailDetailsName1"}]}
RESULT: undefined
COMMAND: POST /session/76bbe7a963ba333ac6e3770165032c4a/execute/async - {"script":"<script> [776 bytes]","args":[{"enterText":"Warehouse Managed Site WDIO","selector":{"id":"application-managesites-display-component---NewSite--addressDetailDetailsName1","interaction":{"idSuffix":"inner"}},"clearTextFirst":true,"interactionType":"ENTER_TEXT"}]}
RESULT: {"script":"<script> [776 bytes]","args":[{"enterText":"Warehouse Managed Site WDIO","selector":{"id":"application-managesites-display-component---NewSite--addressDetailDetailsName1","interaction":{"idSuffix":"inner"}},"clearTextFirst":true,"interactionType":"ENTER_TEXT"}]}
COMMAND: POST /session/76bbe7a963ba333ac6e3770165032c4a/execute/async - {"script":"<script> [1562 bytes]","args":[{"selector":{"id":"application-managesites-display-component---NewSite--addressDetailDetailsLanguage-arrow"},"wdio_ui5_key":"applicationmanagesites-display-component---NewSite--addressDetailDetailsLanguage-arrow"}]}
RESULT: {"script":"<script> [1562 bytes]","args":[{"selector":{"id":"application-managesites-display-component---NewSite--addressDetailDetailsLanguage-arrow"},"wdio_ui5_key":"applicationmanagesites-display-component---NewSite--addressDetailDetailsLanguage-arrow"}]}
RESULT: undefined
COMMAND: POST /session/76bbe7a963ba333ac6e3770165032c4a/element - {"using":"xpath","value":"//*[@id=\"application-managesites-display-component---NewSite--addressDetailDetailsLanguage-arrow\"]"}
RESULT: {"using":"xpath","value":"//*[@id=\"application-managesites-display-component---NewSite--addressDetailDetailsLanguage-arrow\"]"}
COMMAND: POST /session/76bbe7a963ba333ac6e3770165032c4a/element/f.37B6A3D8B8D5C040CDE4E4CEB4627624.d.DCDDC6D774DDCAD3D02912F1C5D1D579.e.2123/click - {}
RESULT: {}
COMMAND: POST /session/76bbe7a963ba333ac6e3770165032c4a/element - {"using":"xpath","value":"//span[contains(text(), \"English\")]"}
COMMAND: GET /session/76bbe7a963ba333ac6e3770165032c4a/screenshot - {}
RESULT: {"using":"xpath","value":"//span[contains(text(), \"English\")]"}
COMMAND: POST /session/76bbe7a963ba333ac6e3770165032c4a/element/f.37B6A3D8B8D5C040CDE4E4CEB4627624.d.DCDDC6D774DDCAD3D02912F1C5D1D579.e.2124/click - {}
RESULT: {}
RESULT: {}
COMMAND: POST /session/76bbe7a963ba333ac6e3770165032c4a/execute/async - {"script":"<script> [1562 bytes]","args":[{"selector":{"id":"application-managesites-display-component---NewSite--addressDetailDetailsCity1","interaction":{"idSuffix":"inner"}},"wdio_ui5_key":"applicationmanagesites-display-component---NewSite--addressDetailDetailsCity1"}]}
COMMAND: GET /session/76bbe7a963ba333ac6e3770165032c4a/screenshot - {}
RESULT: {"script":"<script> [1562 bytes]","args":[{"selector":{"id":"application-managesites-display-component---NewSite--addressDetailDetailsCity1","interaction":{"idSuffix":"inner"}},"wdio_ui5_key":"applicationmanagesites-display-component---NewSite--addressDetailDetailsCity1"}]}
RESULT: undefined
COMMAND: POST /session/76bbe7a963ba333ac6e3770165032c4a/execute/async - {"script":"<script> [776 bytes]","args":[{"enterText":"Rosario","selector":{"id":"application-managesites-display-component---NewSite--addressDetailDetailsCity1","interaction":{"idSuffix":"inner"}},"clearTextFirst":true,"interactionType":"ENTER_TEXT"}]}
RESULT: {}
RESULT: {"script":"<script> [776 bytes]","args":[{"enterText":"Rosario","selector":{"id":"application-managesites-display-component---NewSite--addressDetailDetailsCity1","interaction":{"idSuffix":"inner"}},"clearTextFirst":true,"interactionType":"ENTER_TEXT"}]}
COMMAND: POST /session/76bbe7a963ba333ac6e3770165032c4a/execute/async - {"script":"<script> [1562 bytes]","args":[{"selector":{"id":"application-managesites-display-component---NewSite--addressDetailDetailsCountry-arrow"},"wdio_ui5_key":"applicationmanagesites-display-component---NewSite--addressDetailDetailsCountry-arrow"}]}
RESULT: {"script":"<script> [1562 bytes]","args":[{"selector":{"id":"application-managesites-display-component---NewSite--addressDetailDetailsCountry-arrow"},"wdio_ui5_key":"applicationmanagesites-display-component---NewSite--addressDetailDetailsCountry-arrow"}]}
RESULT: undefined
COMMAND: POST /session/76bbe7a963ba333ac6e3770165032c4a/element - {"using":"xpath","value":"//*[@id=\"application-managesites-display-component---NewSite--addressDetailDetailsCountry-arrow\"]"}
RESULT: {"using":"xpath","value":"//*[@id=\"application-managesites-display-component---NewSite--addressDetailDetailsCountry-arrow\"]"}
COMMAND: POST /session/76bbe7a963ba333ac6e3770165032c4a/element/f.37B6A3D8B8D5C040CDE4E4CEB4627624.d.DCDDC6D774DDCAD3D02912F1C5D1D579.e.2126/click - {}
RESULT: {}
COMMAND: POST /session/76bbe7a963ba333ac6e3770165032c4a/element - {"using":"xpath","value":"//span[contains(text(), \"Argentina\")]"}
COMMAND: GET /session/76bbe7a963ba333ac6e3770165032c4a/screenshot - {}
RESULT: {"using":"xpath","value":"//span[contains(text(), \"Argentina\")]"}
COMMAND: POST /session/76bbe7a963ba333ac6e3770165032c4a/element/f.37B6A3D8B8D5C040CDE4E4CEB4627624.d.DCDDC6D774DDCAD3D02912F1C5D1D579.e.2127/click - {}
RESULT: {}
RESULT: {}
COMMAND: GET /session/76bbe7a963ba333ac6e3770165032c4a/screenshot - {}
RESULT: {}
COMMAND: POST /session/76bbe7a963ba333ac6e3770165032c4a/execute/async - {"script":"<script> [1562 bytes]","args":[{"selector":{"id":"application-managesites-display-component---NewSite--addressEditDetailsCostObjectCstType-arrow"},"wdio_ui5_key":"applicationmanagesites-display-component---NewSite--addressEditDetailsCostObjectCstType-arrow"}]}
RESULT: {"script":"<script> [1562 bytes]","args":[{"selector":{"id":"application-managesites-display-component---NewSite--addressEditDetailsCostObjectCstType-arrow"},"wdio_ui5_key":"applicationmanagesites-display-component---NewSite--addressEditDetailsCostObjectCstType-arrow"}]}
RESULT: undefined
COMMAND: POST /session/76bbe7a963ba333ac6e3770165032c4a/element - {"using":"xpath","value":"//*[@id=\"application-managesites-display-component---NewSite--addressEditDetailsCostObjectCstType-arrow\"]"}
RESULT: {"using":"xpath","value":"//*[@id=\"application-managesites-display-component---NewSite--addressEditDetailsCostObjectCstType-arrow\"]"}
COMMAND: POST /session/76bbe7a963ba333ac6e3770165032c4a/element/f.37B6A3D8B8D5C040CDE4E4CEB4627624.d.DCDDC6D774DDCAD3D02912F1C5D1D579.e.2128/click - {}
RESULT: {}
COMMAND: POST /session/76bbe7a963ba333ac6e3770165032c4a/element - {"using":"xpath","value":"//span[contains(text(), \"Cost Center\")]"}
COMMAND: GET /session/76bbe7a963ba333ac6e3770165032c4a/screenshot - {}
RESULT: {"using":"xpath","value":"//span[contains(text(), \"Cost Center\")]"}
COMMAND: POST /session/76bbe7a963ba333ac6e3770165032c4a/element/f.37B6A3D8B8D5C040CDE4E4CEB4627624.d.DCDDC6D774DDCAD3D02912F1C5D1D579.e.2129/click - {}
RESULT: {}
RESULT: {}
COMMAND: GET /session/76bbe7a963ba333ac6e3770165032c4a/screenshot - {}
RESULT: {}
COMMAND: POST /session/76bbe7a963ba333ac6e3770165032c4a/element - {"using":"xpath","value":"//span[@id=\"application-managesites-display-component---NewSite--addressNewCostObjectCstID-vhi\"]"}
RESULT: {"using":"xpath","value":"//span[@id=\"application-managesites-display-component---NewSite--addressNewCostObjectCstID-vhi\"]"}
COMMAND: POST /session/76bbe7a963ba333ac6e3770165032c4a/execute/sync - {"script":"<script> [8489 bytes]","args":[{"element-6066-11e4-a52e-4f735466cecf":"f.37B6A3D8B8D5C040CDE4E4CEB4627624.d.DCDDC6D774DDCAD3D02912F1C5D1D579.e.2134","ELEMENT":"f.37B6A3D8B8D5C040CDE4E4CEB4627624.d.DCDDC6D774DDCAD3D02912F1C5D1D579.e.2134"}]}
RESULT: {"script":"<script> [8489 bytes]","args":[{"element-6066-11e4-a52e-4f735466cecf":"f.37B6A3D8B8D5C040CDE4E4CEB4627624.d.DCDDC6D774DDCAD3D02912F1C5D1D579.e.2134","ELEMENT":"f.37B6A3D8B8D5C040CDE4E4CEB4627624.d.DCDDC6D774DDCAD3D02912F1C5D1D579.e.2134"}]}
COMMAND: POST /session/76bbe7a963ba333ac6e3770165032c4a/execute/async - {"script":"<script> [1562 bytes]","args":[{"selector":{"id":"application-managesites-display-component---NewSite--addressNewCostObjectCstID-vhi"},"wdio_ui5_key":"applicationmanagesites-display-component---NewSite--addressNewCostObjectCstID-vhi"}]}
COMMAND: GET /session/76bbe7a963ba333ac6e3770165032c4a/screenshot - {}
RESULT: {"script":"<script> [1562 bytes]","args":[{"selector":{"id":"application-managesites-display-component---NewSite--addressNewCostObjectCstID-vhi"},"wdio_ui5_key":"applicationmanagesites-display-component---NewSite--addressNewCostObjectCstID-vhi"}]}
RESULT: undefined
COMMAND: POST /session/76bbe7a963ba333ac6e3770165032c4a/element - {"using":"xpath","value":"//*[@id=\"application-managesites-display-component---NewSite--addressNewCostObjectCstID-vhi\"]"}
RESULT: {}
RESULT: {"using":"xpath","value":"//*[@id=\"application-managesites-display-component---NewSite--addressNewCostObjectCstID-vhi\"]"}
COMMAND: POST /session/76bbe7a963ba333ac6e3770165032c4a/element/f.37B6A3D8B8D5C040CDE4E4CEB4627624.d.DCDDC6D774DDCAD3D02912F1C5D1D579.e.2134/click - {}
RESULT: {}
COMMAND: GET /session/76bbe7a963ba333ac6e3770165032c4a/screenshot - {}
RESULT: {}
RESULT: undefined
COMMAND: POST /session/76bbe7a963ba333ac6e3770165032c4a/execute/async - {"script":"<script> [776 bytes]","args":[{"enterText":"10001013","selector":{"controlType":"sap.m.SearchField","properties":{"placeholder":"Search"},"searchOpenDialogs":true,"interaction":{"idSuffix":"I"}},"clearTextFirst":true,"interactionType":"ENTER_TEXT"}]}
RESULT: {"script":"<script> [776 bytes]","args":[{"enterText":"10001013","selector":{"controlType":"sap.m.SearchField","properties":{"placeholder":"Search"},"searchOpenDialogs":true,"interaction":{"idSuffix":"I"}},"clearTextFirst":true,"interactionType":"ENTER_TEXT"}]}
COMMAND: POST /session/76bbe7a963ba333ac6e3770165032c4a/actions - {"actions":[{"id":"action3","type":"key","parameters":{},"actions":[{"type":"keyDown","value":"î€‡"},{"type":"pause","duration":10},{"type":"keyUp","value":"î€‡"}]}]}
RESULT: {"actions":[{"id":"action3","type":"key","parameters":{},"actions":[{"type":"keyDown","value":"î€‡"},{"type":"pause","duration":10},{"type":"keyUp","value":"î€‡"}]}]}
COMMAND: GET /session/76bbe7a963ba333ac6e3770165032c4a/screenshot - {}
RESULT: {}
COMMAND: POST /session/76bbe7a963ba333ac6e3770165032c4a/element - {"using":"xpath","value":"//span[contains(text(), \"General Management\")]"}
RESULT: {"using":"xpath","value":"//span[contains(text(), \"General Management\")]"}
COMMAND: POST /session/76bbe7a963ba333ac6e3770165032c4a/element/f.37B6A3D8B8D5C040CDE4E4CEB4627624.d.DCDDC6D774DDCAD3D02912F1C5D1D579.e.2172/click - {}
RESULT: {}
COMMAND: GET /session/76bbe7a963ba333ac6e3770165032c4a/screenshot - {}
RESULT: {}
COMMAND: POST /session/76bbe7a963ba333ac6e3770165032c4a/element - {"using":"xpath","value":"//bdi[contains(text(), \"OK\")]"}
RESULT: {"using":"xpath","value":"//bdi[contains(text(), \"OK\")]"}
COMMAND: POST /session/76bbe7a963ba333ac6e3770165032c4a/element/f.37B6A3D8B8D5C040CDE4E4CEB4627624.d.DCDDC6D774DDCAD3D02912F1C5D1D579.e.2173/click - {}
RESULT: {}
COMMAND: GET /session/76bbe7a963ba333ac6e3770165032c4a/screenshot - {}
RESULT: {}
COMMAND: POST /session/76bbe7a963ba333ac6e3770165032c4a/element - {"using":"xpath","value":"//input[@id=\"application-managesites-display-component---NewSite--addressDetailDetailsCalendar-inner\"]"}
RESULT: {"using":"xpath","value":"//input[@id=\"application-managesites-display-component---NewSite--addressDetailDetailsCalendar-inner\"]"}
COMMAND: POST /session/76bbe7a963ba333ac6e3770165032c4a/element/f.37B6A3D8B8D5C040CDE4E4CEB4627624.d.DCDDC6D774DDCAD3D02912F1C5D1D579.e.1926/clear - {}
RESULT: {}
COMMAND: POST /session/76bbe7a963ba333ac6e3770165032c4a/element/f.37B6A3D8B8D5C040CDE4E4CEB4627624.d.DCDDC6D774DDCAD3D02912F1C5D1D579.e.1926/value - {"text":"Unit"}
COMMAND: GET /session/76bbe7a963ba333ac6e3770165032c4a/screenshot - {}
RESULT: {"text":"Unit"}
COMMAND: GET /session/76bbe7a963ba333ac6e3770165032c4a/screenshot - {}
RESULT: {}
RESULT: {}
COMMAND: POST /session/76bbe7a963ba333ac6e3770165032c4a/actions - {"actions":[{"id":"action4","type":"key","parameters":{},"actions":[{"type":"keyDown","value":"î€‡"},{"type":"pause","duration":10},{"type":"keyUp","value":"î€‡"}]}]}
RESULT: {"actions":[{"id":"action4","type":"key","parameters":{},"actions":[{"type":"keyDown","value":"î€‡"},{"type":"pause","duration":10},{"type":"keyUp","value":"î€‡"}]}]}
COMMAND: POST /session/76bbe7a963ba333ac6e3770165032c4a/element - {"using":"xpath","value":"//input[@id=\"application-managesites-display-component---NewSite--addressDetailDetailsYard-inner\"]"}
COMMAND: GET /session/76bbe7a963ba333ac6e3770165032c4a/screenshot - {}
RESULT: {"using":"xpath","value":"//input[@id=\"application-managesites-display-component---NewSite--addressDetailDetailsYard-inner\"]"}
COMMAND: POST /session/76bbe7a963ba333ac6e3770165032c4a/element/f.37B6A3D8B8D5C040CDE4E4CEB4627624.d.DCDDC6D774DDCAD3D02912F1C5D1D579.e.1927/clear - {}
RESULT: {}
RESULT: {}
COMMAND: POST /session/76bbe7a963ba333ac6e3770165032c4a/element/f.37B6A3D8B8D5C040CDE4E4CEB4627624.d.DCDDC6D774DDCAD3D02912F1C5D1D579.e.1927/value - {"text":"574"}
COMMAND: GET /session/76bbe7a963ba333ac6e3770165032c4a/screenshot - {}
RESULT: {"text":"574"}
COMMAND: GET /session/76bbe7a963ba333ac6e3770165032c4a/screenshot - {}
RESULT: {}
RESULT: {}
COMMAND: POST /session/76bbe7a963ba333ac6e3770165032c4a/element - {"using":"xpath","value":"//li[.//span[text()='574']]"}
RESULT: {"using":"xpath","value":"//li[.//span[text()='574']]"}
COMMAND: POST /session/76bbe7a963ba333ac6e3770165032c4a/element/f.37B6A3D8B8D5C040CDE4E4CEB4627624.d.DCDDC6D774DDCAD3D02912F1C5D1D579.e.2181/click - {}
RESULT: {}
COMMAND: GET /session/76bbe7a963ba333ac6e3770165032c4a/screenshot - {}
RESULT: {}
COMMAND: POST /session/76bbe7a963ba333ac6e3770165032c4a/element - {"using":"xpath","value":"//input[@id=\"application-managesites-display-component---NewSite--addressDetailDetailsPartner-inner\"]"}
RESULT: {"using":"xpath","value":"//input[@id=\"application-managesites-display-component---NewSite--addressDetailDetailsPartner-inner\"]"}
COMMAND: POST /session/76bbe7a963ba333ac6e3770165032c4a/element - {"using":"xpath","value":"//input[@id=\"application-managesites-display-component---NewSite--addressDetailDetailsPartner-inner\"]"}
RESULT: {"using":"xpath","value":"//input[@id=\"application-managesites-display-component---NewSite--addressDetailDetailsPartner-inner\"]"}
COMMAND: POST /session/76bbe7a963ba333ac6e3770165032c4a/execute/async - {"script":"<script> [1562 bytes]","args":[{"selector":{"id":"application-managesites-display-component---NewSite--siteWhmCheckBox-label","interaction":{"idSuffix":"bdi"}},"wdio_ui5_key":"applicationmanagesites-display-component---NewSite--siteWhmCheckBox-label"}]}
RESULT: {"script":"<script> [1562 bytes]","args":[{"selector":{"id":"application-managesites-display-component---NewSite--siteWhmCheckBox-label","interaction":{"idSuffix":"bdi"}},"wdio_ui5_key":"applicationmanagesites-display-component---NewSite--siteWhmCheckBox-label"}]}
RESULT: undefined
COMMAND: POST /session/76bbe7a963ba333ac6e3770165032c4a/element - {"using":"xpath","value":"//*[@id=\"application-managesites-display-component---NewSite--siteWhmCheckBox-label\"]"}
RESULT: {"using":"xpath","value":"//*[@id=\"application-managesites-display-component---NewSite--siteWhmCheckBox-label\"]"}
COMMAND: POST /session/76bbe7a963ba333ac6e3770165032c4a/element/f.37B6A3D8B8D5C040CDE4E4CEB4627624.d.DCDDC6D774DDCAD3D02912F1C5D1D579.e.2183/click - {}
RESULT: {}
COMMAND: GET /session/76bbe7a963ba333ac6e3770165032c4a/screenshot - {}
RESULT: {}
COMMAND: POST /session/76bbe7a963ba333ac6e3770165032c4a/element - {"using":"xpath","value":"//button[@data-kt=\"saveButton\"]"}
RESULT: {"using":"xpath","value":"//button[@data-kt=\"saveButton\"]"}
COMMAND: POST /session/76bbe7a963ba333ac6e3770165032c4a/element/f.37B6A3D8B8D5C040CDE4E4CEB4627624.d.DCDDC6D774DDCAD3D02912F1C5D1D579.e.2060/click - {}
RESULT: {}
COMMAND: GET /session/76bbe7a963ba333ac6e3770165032c4a/screenshot - {}
RESULT: {}
COMMAND: POST /session/76bbe7a963ba333ac6e3770165032c4a/element - {"using":"xpath","value":"//header[contains(@id, 'ObjectPageLayout-headerTitle')]/div[1]/div[2]/div[2]/span[1]"}
RESULT: {"using":"xpath","value":"//header[contains(@id, 'ObjectPageLayout-headerTitle')]/div[1]/div[2]/div[2]/span[1]"}
COMMAND: POST /session/76bbe7a963ba333ac6e3770165032c4a/elements - {"using":"xpath","value":"//header[contains(@id, 'ObjectPageLayout-headerTitle')]/div[1]/div[2]/div[2]/span[1]"}
RESULT: {"using":"xpath","value":"//header[contains(@id, 'ObjectPageLayout-headerTitle')]/div[1]/div[2]/div[2]/span[1]"}
COMMAND: POST /session/76bbe7a963ba333ac6e3770165032c4a/execute/sync - {"script":"<script> [56 bytes]","args":[{"element-6066-11e4-a52e-4f735466cecf":"f.37B6A3D8B8D5C040CDE4E4CEB4627624.d.DCDDC6D774DDCAD3D02912F1C5D1D579.e.2390","ELEMENT":"f.37B6A3D8B8D5C040CDE4E4CEB4627624.d.DCDDC6D774DDCAD3D02912F1C5D1D579.e.2390"}]}
RESULT: {"script":"<script> [56 bytes]","args":[{"element-6066-11e4-a52e-4f735466cecf":"f.37B6A3D8B8D5C040CDE4E4CEB4627624.d.DCDDC6D774DDCAD3D02912F1C5D1D579.e.2390","ELEMENT":"f.37B6A3D8B8D5C040CDE4E4CEB4627624.d.DCDDC6D774DDCAD3D02912F1C5D1D579.e.2390"}]}
COMMAND: POST /session/76bbe7a963ba333ac6e3770165032c4a/element - {"using":"css selector","value":"#shell-header-logo"}
COMMAND: GET /session/76bbe7a963ba333ac6e3770165032c4a/screenshot - {}
RESULT: {"using":"css selector","value":"#shell-header-logo"}
COMMAND: POST /session/76bbe7a963ba333ac6e3770165032c4a/element/f.37B6A3D8B8D5C040CDE4E4CEB4627624.d.DCDDC6D774DDCAD3D02912F1C5D1D579.e.1677/click - {}
RESULT: {}
RESULT: {}
COMMAND: GET /session/76bbe7a963ba333ac6e3770165032c4a/screenshot - {}
RESULT: {}
COMMAND: POST /session/76bbe7a963ba333ac6e3770165032c4a/execute/sync - {"script":"<script> [299 bytes]","args":[["getModel","getResource"]]}
RESULT: {"script":"<script> [299 bytes]","args":[["getModel","getResource"]]}
COMMAND: POST /session/76bbe7a963ba333ac6e3770165032c4a/actions - {"actions":[{"id":"action5","type":"key","parameters":{},"actions":[{"type":"keyDown","value":"î€‡"},{"type":"pause","duration":10},{"type":"keyUp","value":"î€‡"}]}]}
COMMAND: GET /session/76bbe7a963ba333ac6e3770165032c4a/screenshot - {}
RESULT: {"actions":[{"id":"action5","type":"key","parameters":{},"actions":[{"type":"keyDown","value":"î€‡"},{"type":"pause","duration":10},{"type":"keyUp","value":"î€‡"}]}]}
COMMAND: GET /session/76bbe7a963ba333ac6e3770165032c4a/screenshot - {}
RESULT: {}
RESULT: {}
COMMAND: POST /session/76bbe7a963ba333ac6e3770165032c4a/refresh - {}
RESULT: {}
COMMAND: GET /session/76bbe7a963ba333ac6e3770165032c4a/screenshot - {}
RESULT: {}
COMMAND: POST /session/76bbe7a963ba333ac6e3770165032c4a/refresh - {}
RESULT: {}
COMMAND: GET /session/76bbe7a963ba333ac6e3770165032c4a/screenshot - {}
RESULT: {}
COMMAND: POST /session/76bbe7a963ba333ac6e3770165032c4a/window/fullscreen - {}
RESULT: {}
COMMAND: POST /session/76bbe7a963ba333ac6e3770165032c4a/execute/async - {"script":"<script> [189 bytes]","args":[]}
RESULT: {"script":"<script> [189 bytes]","args":[]}
COMMAND: POST /session/76bbe7a963ba333ac6e3770165032c4a/execute/async - {"script":"<script> [123 bytes]","args":[]}
RESULT: {"script":"<script> [123 bytes]","args":[]}
COMMAND: POST /session/76bbe7a963ba333ac6e3770165032c4a/timeouts - {"script":"<number>"}
RESULT: {"script":"<number>"}
COMMAND: GET /session/76bbe7a963ba333ac6e3770165032c4a/timeouts - {}
RESULT: {}
RESULT: undefined
COMMAND: POST /session/76bbe7a963ba333ac6e3770165032c4a/execute/async - {"script":"<script> [2676 bytes]","args":[]}
RESULT: {"script":"<script> [2676 bytes]","args":[]}
COMMAND: POST /session/76bbe7a963ba333ac6e3770165032c4a/execute/async - {"script":"<script> [2342 bytes]","args":[{"protocol":"http","hostname":"0.0.0.0","path":"/","capabilities":{"browserName":"chrome","goog:chromeOptions":{"binary":"C:\\Program Files\\Google\\Chrome\\Application\\chrome.exe","args":["--start-maximized"]}},"logLevel":"warn","connectionRetryTimeout":120000,"connectionRetryCount":3,"logLevels":{},"enableDirectConnect":true,"strictSSL":true,"_":"65 more keys: [\"cacheDir\",\"port\",\"requestedCapabilities\",\"automationProtocol\",\"baseUrl\",\"waitforInterval\",\"waitforTimeout\",\"onReload\",\"beforeCommand\",\"afterCommand\",\"rootDir\",\"specs\",\"suites\",\"exclude\",\"groupLogsByTestSpec\",\"excludeDriverLogs\",\"bail\",\"framework\",\"reporters\",\"services\",\"maxInstances\",\"maxInstancesPerCapability\",\"injectGlobals\",\"filesToWatch\",\"execArgv\",\"runnerEnv\",\"runner\",\"shard\",\"specFileRetries\",\"specFileRetriesDelay\",\"specFileRetriesDeferred\",\"reporterSyncInterval\",\"reporterSyncTimeout\",\"cucumberFeaturesWithLineNumbers\",\"autoCompileOpts\",\"mochaOpts\",\"jasmineOpts\",\"cucumberOpts\",\"onPrepare\",\"onWorkerStart\",\"onWorkerEnd\",\"before\",\"beforeSession\",\"beforeSuite\",\"beforeHook\",\"beforeTest\",\"afterTest\",\"afterHook\",\"afterSuite\",\"afterSession\",\"after\",\"onComplete\",\"beforeAssertion\",\"afterAssertion\",\"beforeFeature\",\"beforeScenario\",\"beforeStep\",\"afterStep\",\"afterScenario\",\"afterFeature\",\"_\",\"suite\",\"$0\",\"ignoredWorkerServices\",\"wdi5\"]"}]}
RESULT: {"script":"<script> [2342 bytes]","args":[{"protocol":"http","hostname":"0.0.0.0","path":"/","capabilities":{"browserName":"chrome","goog:chromeOptions":{"binary":"C:\\Program Files\\Google\\Chrome\\Application\\chrome.exe","args":["--start-maximized"]}},"logLevel":"warn","connectionRetryTimeout":120000,"connectionRetryCount":3,"logLevels":{},"enableDirectConnect":true,"strictSSL":true,"_":"65 more keys: [\"cacheDir\",\"port\",\"requestedCapabilities\",\"automationProtocol\",\"baseUrl\",\"waitforInterval\",\"waitforTimeout\",\"onReload\",\"beforeCommand\",\"afterCommand\",\"rootDir\",\"specs\",\"suites\",\"exclude\",\"groupLogsByTestSpec\",\"excludeDriverLogs\",\"bail\",\"framework\",\"reporters\",\"services\",\"maxInstances\",\"maxInstancesPerCapability\",\"injectGlobals\",\"filesToWatch\",\"execArgv\",\"runnerEnv\",\"runner\",\"shard\",\"specFileRetries\",\"specFileRetriesDelay\",\"specFileRetriesDeferred\",\"reporterSyncInterval\",\"reporterSyncTimeout\",\"cucumberFeaturesWithLineNumbers\",\"autoCompileOpts\",\"mochaOpts\",\"jasmineOpts\",\"cucumberOpts\",\"onPrepare\",\"onWorkerStart\",\"onWorkerEnd\",\"before\",\"beforeSession\",\"beforeSuite\",\"beforeHook\",\"beforeTest\",\"afterTest\",\"afterHook\",\"afterSuite\",\"afterSession\",\"after\",\"onComplete\",\"beforeAssertion\",\"afterAssertion\",\"beforeFeature\",\"beforeScenario\",\"beforeStep\",\"afterStep\",\"afterScenario\",\"afterFeature\",\"_\",\"suite\",\"$0\",\"ignoredWorkerServices\",\"wdi5\"]"}]}
COMMAND: POST /session/76bbe7a963ba333ac6e3770165032c4a/execute/async - {"script":"<script> [21126 bytes]","args":[35000]}
RESULT: {"script":"<script> [21126 bytes]","args":[35000]}
COMMAND: POST /session/76bbe7a963ba333ac6e3770165032c4a/window/fullscreen - {}
RESULT: {}
]]></system-out>
    </testcase>
    <testcase classname="chrome.136_0_7103_93.windows.Stock_increase_-_with_WHM_US125587" name="Should create a new material" time="121.616">
      <system-out><![CDATA[
COMMAND: POST /session/76bbe7a963ba333ac6e3770165032c4a/execute/async - {"script":"<script> [1562 bytes]","args":[{"selector":{"controlType":"sap.m.GenericTile","properties":{"header":"Manage Resources"}},"wdio_ui5_key":"sapm.GenericTile{\"header\":\"Manage Resources\"}"}]}
RESULT: {"script":"<script> [1562 bytes]","args":[{"selector":{"controlType":"sap.m.GenericTile","properties":{"header":"Manage Resources"}},"wdio_ui5_key":"sapm.GenericTile{\"header\":\"Manage Resources\"}"}]}
RESULT: undefined
COMMAND: POST /session/76bbe7a963ba333ac6e3770165032c4a/element - {"using":"xpath","value":"//*[@id=\"__tile31\"]"}
RESULT: {"using":"xpath","value":"//*[@id=\"__tile31\"]"}
COMMAND: POST /session/76bbe7a963ba333ac6e3770165032c4a/element/f.37B6A3D8B8D5C040CDE4E4CEB4627624.d.870C6550857704ED91DFA9880DD39F87.e.2468/click - {}
RESULT: {}
COMMAND: GET /session/76bbe7a963ba333ac6e3770165032c4a/screenshot - {}
RESULT: {}
COMMAND: POST /session/76bbe7a963ba333ac6e3770165032c4a/elements - {"using":"xpath","value":"//span[text()='Error']"}
RESULT: {"using":"xpath","value":"//span[text()='Error']"}
COMMAND: POST /session/76bbe7a963ba333ac6e3770165032c4a/element - {"using":"xpath","value":"//button[@data-kt=\"addNewRUOverflowToolbarButton\"]"}
RESULT: {"using":"xpath","value":"//button[@data-kt=\"addNewRUOverflowToolbarButton\"]"}
COMMAND: POST /session/76bbe7a963ba333ac6e3770165032c4a/elements - {"using":"xpath","value":"//button[@data-kt=\"addNewRUOverflowToolbarButton\"]"}
RESULT: {"using":"xpath","value":"//button[@data-kt=\"addNewRUOverflowToolbarButton\"]"}
COMMAND: POST /session/76bbe7a963ba333ac6e3770165032c4a/execute/sync - {"script":"<script> [8489 bytes]","args":[{"element-6066-11e4-a52e-4f735466cecf":"f.37B6A3D8B8D5C040CDE4E4CEB4627624.d.870C6550857704ED91DFA9880DD39F87.e.2589","ELEMENT":"f.37B6A3D8B8D5C040CDE4E4CEB4627624.d.870C6550857704ED91DFA9880DD39F87.e.2589"}]}
RESULT: {"script":"<script> [8489 bytes]","args":[{"element-6066-11e4-a52e-4f735466cecf":"f.37B6A3D8B8D5C040CDE4E4CEB4627624.d.870C6550857704ED91DFA9880DD39F87.e.2589","ELEMENT":"f.37B6A3D8B8D5C040CDE4E4CEB4627624.d.870C6550857704ED91DFA9880DD39F87.e.2589"}]}
COMMAND: GET /session/76bbe7a963ba333ac6e3770165032c4a/element/f.37B6A3D8B8D5C040CDE4E4CEB4627624.d.870C6550857704ED91DFA9880DD39F87.e.2589/enabled - {}
COMMAND: GET /session/76bbe7a963ba333ac6e3770165032c4a/screenshot - {}
RESULT: {}
COMMAND: POST /session/76bbe7a963ba333ac6e3770165032c4a/execute/sync - {"script":"<script> [8489 bytes]","args":[{"element-6066-11e4-a52e-4f735466cecf":"f.37B6A3D8B8D5C040CDE4E4CEB4627624.d.870C6550857704ED91DFA9880DD39F87.e.2589","ELEMENT":"f.37B6A3D8B8D5C040CDE4E4CEB4627624.d.870C6550857704ED91DFA9880DD39F87.e.2589"}]}
COMMAND: GET /session/76bbe7a963ba333ac6e3770165032c4a/screenshot - {}
RESULT: {}
RESULT: {"script":"<script> [8489 bytes]","args":[{"element-6066-11e4-a52e-4f735466cecf":"f.37B6A3D8B8D5C040CDE4E4CEB4627624.d.870C6550857704ED91DFA9880DD39F87.e.2589","ELEMENT":"f.37B6A3D8B8D5C040CDE4E4CEB4627624.d.870C6550857704ED91DFA9880DD39F87.e.2589"}]}
COMMAND: POST /session/76bbe7a963ba333ac6e3770165032c4a/execute/sync - {"script":"<script> [5351 bytes]","args":[{"element-6066-11e4-a52e-4f735466cecf":"f.37B6A3D8B8D5C040CDE4E4CEB4627624.d.870C6550857704ED91DFA9880DD39F87.e.2589","ELEMENT":"f.37B6A3D8B8D5C040CDE4E4CEB4627624.d.870C6550857704ED91DFA9880DD39F87.e.2589"}]}
COMMAND: GET /session/76bbe7a963ba333ac6e3770165032c4a/screenshot - {}
RESULT: {}
RESULT: {"script":"<script> [5351 bytes]","args":[{"element-6066-11e4-a52e-4f735466cecf":"f.37B6A3D8B8D5C040CDE4E4CEB4627624.d.870C6550857704ED91DFA9880DD39F87.e.2589","ELEMENT":"f.37B6A3D8B8D5C040CDE4E4CEB4627624.d.870C6550857704ED91DFA9880DD39F87.e.2589"}]}
COMMAND: POST /session/76bbe7a963ba333ac6e3770165032c4a/element/f.37B6A3D8B8D5C040CDE4E4CEB4627624.d.870C6550857704ED91DFA9880DD39F87.e.2589/click - {}
COMMAND: GET /session/76bbe7a963ba333ac6e3770165032c4a/screenshot - {}
RESULT: {}
RESULT: {}
COMMAND: GET /session/76bbe7a963ba333ac6e3770165032c4a/screenshot - {}
COMMAND: POST /session/76bbe7a963ba333ac6e3770165032c4a/execute/async - {"script":"<script> [1562 bytes]","args":[{"selector":{"id":"application-manageresources-display-component---newResourceUnit--TYPE-arrow"},"wdio_ui5_key":"applicationmanageresources-display-component---newResourceUnit--TYPE-arrow"}]}
RESULT: {}
RESULT: {}
RESULT: {"script":"<script> [1562 bytes]","args":[{"selector":{"id":"application-manageresources-display-component---newResourceUnit--TYPE-arrow"},"wdio_ui5_key":"applicationmanageresources-display-component---newResourceUnit--TYPE-arrow"}]}
RESULT: undefined
COMMAND: POST /session/76bbe7a963ba333ac6e3770165032c4a/element - {"using":"xpath","value":"//*[@id=\"application-manageresources-display-component---newResourceUnit--TYPE-arrow\"]"}
RESULT: {"using":"xpath","value":"//*[@id=\"application-manageresources-display-component---newResourceUnit--TYPE-arrow\"]"}
COMMAND: POST /session/76bbe7a963ba333ac6e3770165032c4a/element/f.37B6A3D8B8D5C040CDE4E4CEB4627624.d.870C6550857704ED91DFA9880DD39F87.e.2937/click - {}
RESULT: {}
COMMAND: POST /session/76bbe7a963ba333ac6e3770165032c4a/element - {"using":"xpath","value":"//input[@id=\"application-manageresources-display-component---newResourceUnit--TYPE-inner\"]"}
COMMAND: GET /session/76bbe7a963ba333ac6e3770165032c4a/screenshot - {}
RESULT: {"using":"xpath","value":"//input[@id=\"application-manageresources-display-component---newResourceUnit--TYPE-inner\"]"}
COMMAND: POST /session/76bbe7a963ba333ac6e3770165032c4a/element/f.37B6A3D8B8D5C040CDE4E4CEB4627624.d.870C6550857704ED91DFA9880DD39F87.e.2928/clear - {}
RESULT: {}
RESULT: {}
COMMAND: POST /session/76bbe7a963ba333ac6e3770165032c4a/element/f.37B6A3D8B8D5C040CDE4E4CEB4627624.d.870C6550857704ED91DFA9880DD39F87.e.2928/value - {"text":"Material"}
COMMAND: GET /session/76bbe7a963ba333ac6e3770165032c4a/screenshot - {}
RESULT: {"text":"Material"}
COMMAND: GET /session/76bbe7a963ba333ac6e3770165032c4a/screenshot - {}
RESULT: {}
RESULT: {}
COMMAND: POST /session/76bbe7a963ba333ac6e3770165032c4a/actions - {"actions":[{"id":"action6","type":"key","parameters":{},"actions":[{"type":"keyDown","value":"î€‡"},{"type":"pause","duration":10},{"type":"keyUp","value":"î€‡"}]}]}
RESULT: {"actions":[{"id":"action6","type":"key","parameters":{},"actions":[{"type":"keyDown","value":"î€‡"},{"type":"pause","duration":10},{"type":"keyUp","value":"î€‡"}]}]}
COMMAND: POST /session/76bbe7a963ba333ac6e3770165032c4a/execute/async - {"script":"<script> [1562 bytes]","args":[{"selector":{"id":"application-manageresources-display-component---newResourceUnit--SHORT_TEXT","interaction":{"idSuffix":"inner"}},"wdio_ui5_key":"applicationmanageresources-display-component---newResourceUnit--SHORT_TEXT"}]}
COMMAND: GET /session/76bbe7a963ba333ac6e3770165032c4a/screenshot - {}
RESULT: {"script":"<script> [1562 bytes]","args":[{"selector":{"id":"application-manageresources-display-component---newResourceUnit--SHORT_TEXT","interaction":{"idSuffix":"inner"}},"wdio_ui5_key":"applicationmanageresources-display-component---newResourceUnit--SHORT_TEXT"}]}
RESULT: undefined
COMMAND: POST /session/76bbe7a963ba333ac6e3770165032c4a/execute/async - {"script":"<script> [776 bytes]","args":[{"enterText":"Cement WDIO","selector":{"id":"application-manageresources-display-component---newResourceUnit--SHORT_TEXT","interaction":{"idSuffix":"inner"}},"clearTextFirst":true,"interactionType":"ENTER_TEXT"}]}
RESULT: {}
RESULT: {"script":"<script> [776 bytes]","args":[{"enterText":"Cement WDIO","selector":{"id":"application-manageresources-display-component---newResourceUnit--SHORT_TEXT","interaction":{"idSuffix":"inner"}},"clearTextFirst":true,"interactionType":"ENTER_TEXT"}]}
COMMAND: POST /session/76bbe7a963ba333ac6e3770165032c4a/execute/async - {"script":"<script> [1562 bytes]","args":[{"selector":{"id":"application-manageresources-display-component---newResourceUnit--BASE_UNIT_OF_MEASURE","interaction":{"idSuffix":"inner"}},"wdio_ui5_key":"applicationmanageresources-display-component---newResourceUnit--BASE_UNIT_OF_MEASURE"}]}
RESULT: {"script":"<script> [1562 bytes]","args":[{"selector":{"id":"application-manageresources-display-component---newResourceUnit--BASE_UNIT_OF_MEASURE","interaction":{"idSuffix":"inner"}},"wdio_ui5_key":"applicationmanageresources-display-component---newResourceUnit--BASE_UNIT_OF_MEASURE"}]}
RESULT: undefined
COMMAND: POST /session/76bbe7a963ba333ac6e3770165032c4a/execute/async - {"script":"<script> [776 bytes]","args":[{"enterText":"Piece","selector":{"id":"application-manageresources-display-component---newResourceUnit--BASE_UNIT_OF_MEASURE","interaction":{"idSuffix":"inner"}},"clearTextFirst":true,"interactionType":"ENTER_TEXT"}]}
RESULT: {"script":"<script> [776 bytes]","args":[{"enterText":"Piece","selector":{"id":"application-manageresources-display-component---newResourceUnit--BASE_UNIT_OF_MEASURE","interaction":{"idSuffix":"inner"}},"clearTextFirst":true,"interactionType":"ENTER_TEXT"}]}
COMMAND: POST /session/76bbe7a963ba333ac6e3770165032c4a/execute/async - {"script":"<script> [1562 bytes]","args":[{"selector":{"id":"application-manageresources-display-component---newResourceUnit--WEIGHT_UNIT","interaction":{"idSuffix":"inner"}},"wdio_ui5_key":"applicationmanageresources-display-component---newResourceUnit--WEIGHT_UNIT"}]}
RESULT: {"script":"<script> [1562 bytes]","args":[{"selector":{"id":"application-manageresources-display-component---newResourceUnit--WEIGHT_UNIT","interaction":{"idSuffix":"inner"}},"wdio_ui5_key":"applicationmanageresources-display-component---newResourceUnit--WEIGHT_UNIT"}]}
RESULT: undefined
COMMAND: POST /session/76bbe7a963ba333ac6e3770165032c4a/execute/async - {"script":"<script> [776 bytes]","args":[{"enterText":"Gram","selector":{"id":"application-manageresources-display-component---newResourceUnit--WEIGHT_UNIT","interaction":{"idSuffix":"inner"}},"clearTextFirst":true,"interactionType":"ENTER_TEXT"}]}
RESULT: {"script":"<script> [776 bytes]","args":[{"enterText":"Gram","selector":{"id":"application-manageresources-display-component---newResourceUnit--WEIGHT_UNIT","interaction":{"idSuffix":"inner"}},"clearTextFirst":true,"interactionType":"ENTER_TEXT"}]}
COMMAND: POST /session/76bbe7a963ba333ac6e3770165032c4a/execute/async - {"script":"<script> [1562 bytes]","args":[{"selector":{"id":"application-manageresources-display-component---newResourceUnit--DIMENSION_UNIT","interaction":{"idSuffix":"inner"}},"wdio_ui5_key":"applicationmanageresources-display-component---newResourceUnit--DIMENSION_UNIT"}]}
RESULT: {"script":"<script> [1562 bytes]","args":[{"selector":{"id":"application-manageresources-display-component---newResourceUnit--DIMENSION_UNIT","interaction":{"idSuffix":"inner"}},"wdio_ui5_key":"applicationmanageresources-display-component---newResourceUnit--DIMENSION_UNIT"}]}
RESULT: undefined
COMMAND: POST /session/76bbe7a963ba333ac6e3770165032c4a/execute/async - {"script":"<script> [776 bytes]","args":[{"enterText":"Meter","selector":{"id":"application-manageresources-display-component---newResourceUnit--DIMENSION_UNIT","interaction":{"idSuffix":"inner"}},"clearTextFirst":true,"interactionType":"ENTER_TEXT"}]}
RESULT: {"script":"<script> [776 bytes]","args":[{"enterText":"Meter","selector":{"id":"application-manageresources-display-component---newResourceUnit--DIMENSION_UNIT","interaction":{"idSuffix":"inner"}},"clearTextFirst":true,"interactionType":"ENTER_TEXT"}]}
COMMAND: POST /session/76bbe7a963ba333ac6e3770165032c4a/execute/async - {"script":"<script> [1562 bytes]","args":[{"selector":{"id":"application-manageresources-display-component---newResourceUnit--newRRUPage-anchBar-application-manageresources-display-component---newResourceUnit--control-anchor","interaction":{"idSuffix":"BDI-content"}},"wdio_ui5_key":"applicationmanageresources-display-component---newResourceUnit--newRRUPage-anchBar-application-manageresources-display-component---newResourceUnit--control-anchor"}]}
RESULT: {"script":"<script> [1562 bytes]","args":[{"selector":{"id":"application-manageresources-display-component---newResourceUnit--newRRUPage-anchBar-application-manageresources-display-component---newResourceUnit--control-anchor","interaction":{"idSuffix":"BDI-content"}},"wdio_ui5_key":"applicationmanageresources-display-component---newResourceUnit--newRRUPage-anchBar-application-manageresources-display-component---newResourceUnit--control-anchor"}]}
RESULT: undefined
COMMAND: POST /session/76bbe7a963ba333ac6e3770165032c4a/element - {"using":"xpath","value":"//*[@id=\"application-manageresources-display-component---newResourceUnit--newRRUPage-anchBar-application-manageresources-display-component---newResourceUnit--control-anchor\"]"}
RESULT: {"using":"xpath","value":"//*[@id=\"application-manageresources-display-component---newResourceUnit--newRRUPage-anchBar-application-manageresources-display-component---newResourceUnit--control-anchor\"]"}
COMMAND: POST /session/76bbe7a963ba333ac6e3770165032c4a/element/f.37B6A3D8B8D5C040CDE4E4CEB4627624.d.870C6550857704ED91DFA9880DD39F87.e.3003/click - {}
RESULT: {}
COMMAND: POST /session/76bbe7a963ba333ac6e3770165032c4a/execute/async - {"script":"<script> [1562 bytes]","args":[{"selector":{"id":"application-manageresources-display-component---newResourceUnit--PLANNING_GROUP","interaction":{"idSuffix":"inner"}},"wdio_ui5_key":"applicationmanageresources-display-component---newResourceUnit--PLANNING_GROUP"}]}
COMMAND: GET /session/76bbe7a963ba333ac6e3770165032c4a/screenshot - {}
RESULT: {"script":"<script> [1562 bytes]","args":[{"selector":{"id":"application-manageresources-display-component---newResourceUnit--PLANNING_GROUP","interaction":{"idSuffix":"inner"}},"wdio_ui5_key":"applicationmanageresources-display-component---newResourceUnit--PLANNING_GROUP"}]}
RESULT: undefined
COMMAND: POST /session/76bbe7a963ba333ac6e3770165032c4a/execute/async - {"script":"<script> [776 bytes]","args":[{"enterText":"Material","selector":{"id":"application-manageresources-display-component---newResourceUnit--PLANNING_GROUP","interaction":{"idSuffix":"inner"}},"clearTextFirst":true,"interactionType":"ENTER_TEXT"}]}
RESULT: {}
RESULT: {"script":"<script> [776 bytes]","args":[{"enterText":"Material","selector":{"id":"application-manageresources-display-component---newResourceUnit--PLANNING_GROUP","interaction":{"idSuffix":"inner"}},"clearTextFirst":true,"interactionType":"ENTER_TEXT"}]}
COMMAND: POST /session/76bbe7a963ba333ac6e3770165032c4a/execute/async - {"script":"<script> [1562 bytes]","args":[{"selector":{"id":"application-manageresources-display-component---newResourceUnit--PLANNING_INDICATOR","interaction":{"idSuffix":"inner"}},"wdio_ui5_key":"applicationmanageresources-display-component---newResourceUnit--PLANNING_INDICATOR"}]}
RESULT: {"script":"<script> [1562 bytes]","args":[{"selector":{"id":"application-manageresources-display-component---newResourceUnit--PLANNING_INDICATOR","interaction":{"idSuffix":"inner"}},"wdio_ui5_key":"applicationmanageresources-display-component---newResourceUnit--PLANNING_INDICATOR"}]}
RESULT: undefined
COMMAND: POST /session/76bbe7a963ba333ac6e3770165032c4a/execute/async - {"script":"<script> [776 bytes]","args":[{"enterText":"10 - infinite","selector":{"id":"application-manageresources-display-component---newResourceUnit--PLANNING_INDICATOR","interaction":{"idSuffix":"inner"}},"clearTextFirst":true,"interactionType":"ENTER_TEXT"}]}
RESULT: {"script":"<script> [776 bytes]","args":[{"enterText":"10 - infinite","selector":{"id":"application-manageresources-display-component---newResourceUnit--PLANNING_INDICATOR","interaction":{"idSuffix":"inner"}},"clearTextFirst":true,"interactionType":"ENTER_TEXT"}]}
COMMAND: POST /session/76bbe7a963ba333ac6e3770165032c4a/element - {"using":"css selector","value":"#application-manageresources-display-component---newResourceUnit--btnAddTimeSegment"}
RESULT: {"using":"css selector","value":"#application-manageresources-display-component---newResourceUnit--btnAddTimeSegment"}
COMMAND: GET /session/76bbe7a963ba333ac6e3770165032c4a/element/f.37B6A3D8B8D5C040CDE4E4CEB4627624.d.870C6550857704ED91DFA9880DD39F87.e.3013/rect - {}
RESULT: {}
COMMAND: GET /session/76bbe7a963ba333ac6e3770165032c4a/window/rect - {}
RESULT: {}
COMMAND: POST /session/76bbe7a963ba333ac6e3770165032c4a/execute/sync - {"script":"<script> [92 bytes]","args":[]}
RESULT: {"script":"<script> [92 bytes]","args":[]}
COMMAND: POST /session/76bbe7a963ba333ac6e3770165032c4a/actions - {"actions":[{"id":"action7","type":"wheel","parameters":{},"actions":[{"type":"scroll","x":-1888,"y":-32,"deltaX":0,"deltaY":0,"duration":0,"origin":{"element-6066-11e4-a52e-4f735466cecf":"f.37B6A3D8B8D5C040CDE4E4CEB4627624.d.870C6550857704ED91DFA9880DD39F87.e.3013"}}]}]}
COMMAND: GET /session/76bbe7a963ba333ac6e3770165032c4a/screenshot - {}
RESULT: {}
COMMAND: POST /session/76bbe7a963ba333ac6e3770165032c4a/execute/sync - {"script":"<script> [79 bytes]","args":[{"element-6066-11e4-a52e-4f735466cecf":"f.37B6A3D8B8D5C040CDE4E4CEB4627624.d.870C6550857704ED91DFA9880DD39F87.e.3013","ELEMENT":"f.37B6A3D8B8D5C040CDE4E4CEB4627624.d.870C6550857704ED91DFA9880DD39F87.e.3013"},{"block":"start","inline":"nearest"}]}
RESULT: {"script":"<script> [79 bytes]","args":[{"element-6066-11e4-a52e-4f735466cecf":"f.37B6A3D8B8D5C040CDE4E4CEB4627624.d.870C6550857704ED91DFA9880DD39F87.e.3013","ELEMENT":"f.37B6A3D8B8D5C040CDE4E4CEB4627624.d.870C6550857704ED91DFA9880DD39F87.e.3013"},{"block":"start","inline":"nearest"}]}
COMMAND: POST /session/76bbe7a963ba333ac6e3770165032c4a/execute/async - {"script":"<script> [1562 bytes]","args":[{"selector":{"id":"application-manageresources-display-component---newResourceUnit--btnAddTimeSegment","interaction":{"idSuffix":"inner"}},"wdio_ui5_key":"applicationmanageresources-display-component---newResourceUnit--btnAddTimeSegment"}]}
COMMAND: GET /session/76bbe7a963ba333ac6e3770165032c4a/screenshot - {}
RESULT: {"script":"<script> [1562 bytes]","args":[{"selector":{"id":"application-manageresources-display-component---newResourceUnit--btnAddTimeSegment","interaction":{"idSuffix":"inner"}},"wdio_ui5_key":"applicationmanageresources-display-component---newResourceUnit--btnAddTimeSegment"}]}
RESULT: undefined
COMMAND: POST /session/76bbe7a963ba333ac6e3770165032c4a/element - {"using":"xpath","value":"//*[@id=\"application-manageresources-display-component---newResourceUnit--btnAddTimeSegment\"]"}
RESULT: {}
RESULT: {"using":"xpath","value":"//*[@id=\"application-manageresources-display-component---newResourceUnit--btnAddTimeSegment\"]"}
COMMAND: POST /session/76bbe7a963ba333ac6e3770165032c4a/element/f.37B6A3D8B8D5C040CDE4E4CEB4627624.d.870C6550857704ED91DFA9880DD39F87.e.3013/click - {}
RESULT: {}
COMMAND: GET /session/76bbe7a963ba333ac6e3770165032c4a/screenshot - {}
RESULT: {}
COMMAND: POST /session/76bbe7a963ba333ac6e3770165032c4a/element - {"using":"xpath","value":"//input[@id=\"application-manageresources-display-component---newResourceUnit--idRuTSAdmin-application-manageresources-display-component---newResourceUnit--RUTimeSegment-0-inner\"]"}
RESULT: {"using":"xpath","value":"//input[@id=\"application-manageresources-display-component---newResourceUnit--idRuTSAdmin-application-manageresources-display-component---newResourceUnit--RUTimeSegment-0-inner\"]"}
COMMAND: POST /session/76bbe7a963ba333ac6e3770165032c4a/element/f.37B6A3D8B8D5C040CDE4E4CEB4627624.d.870C6550857704ED91DFA9880DD39F87.e.3018/clear - {}
RESULT: {}
COMMAND: POST /session/76bbe7a963ba333ac6e3770165032c4a/element/f.37B6A3D8B8D5C040CDE4E4CEB4627624.d.870C6550857704ED91DFA9880DD39F87.e.3018/value - {"text":"574"}
COMMAND: GET /session/76bbe7a963ba333ac6e3770165032c4a/screenshot - {}
RESULT: {"text":"574"}
COMMAND: GET /session/76bbe7a963ba333ac6e3770165032c4a/screenshot - {}
RESULT: {}
RESULT: {}
COMMAND: POST /session/76bbe7a963ba333ac6e3770165032c4a/element - {"using":"xpath","value":"//li[.//span[text()='574']]"}
RESULT: {"using":"xpath","value":"//li[.//span[text()='574']]"}
COMMAND: POST /session/76bbe7a963ba333ac6e3770165032c4a/element/f.37B6A3D8B8D5C040CDE4E4CEB4627624.d.870C6550857704ED91DFA9880DD39F87.e.3027/click - {}
RESULT: {}
COMMAND: GET /session/76bbe7a963ba333ac6e3770165032c4a/screenshot - {}
RESULT: {}
COMMAND: POST /session/76bbe7a963ba333ac6e3770165032c4a/element - {"using":"xpath","value":"(//span[contains(@id, \"-application-manageresources-display-component---newResourceUnit--RUTimeSegment-0-arrow\")])[2]"}
RESULT: {"using":"xpath","value":"(//span[contains(@id, \"-application-manageresources-display-component---newResourceUnit--RUTimeSegment-0-arrow\")])[2]"}
COMMAND: POST /session/76bbe7a963ba333ac6e3770165032c4a/element/f.37B6A3D8B8D5C040CDE4E4CEB4627624.d.870C6550857704ED91DFA9880DD39F87.e.3028/click - {}
RESULT: {}
COMMAND: POST /session/76bbe7a963ba333ac6e3770165032c4a/element - {"using":"xpath","value":"//span[contains(text(), \"PM Order\")]"}
COMMAND: GET /session/76bbe7a963ba333ac6e3770165032c4a/screenshot - {}
RESULT: {"using":"xpath","value":"//span[contains(text(), \"PM Order\")]"}
COMMAND: POST /session/76bbe7a963ba333ac6e3770165032c4a/element/f.37B6A3D8B8D5C040CDE4E4CEB4627624.d.870C6550857704ED91DFA9880DD39F87.e.3029/click - {}
RESULT: {}
RESULT: {}
COMMAND: GET /session/76bbe7a963ba333ac6e3770165032c4a/screenshot - {}
RESULT: {}
COMMAND: POST /session/76bbe7a963ba333ac6e3770165032c4a/element - {"using":"xpath","value":"//td/div/div/div/span[contains(@id, \"newResourceUnit--RUTimeSegment-0-vhi\")][1]"}
RESULT: {"using":"xpath","value":"//td/div/div/div/span[contains(@id, \"newResourceUnit--RUTimeSegment-0-vhi\")][1]"}
COMMAND: GET /session/76bbe7a963ba333ac6e3770165032c4a/element/f.37B6A3D8B8D5C040CDE4E4CEB4627624.d.870C6550857704ED91DFA9880DD39F87.e.3033/rect - {}
RESULT: {}
COMMAND: GET /session/76bbe7a963ba333ac6e3770165032c4a/window/rect - {}
RESULT: {}
COMMAND: POST /session/76bbe7a963ba333ac6e3770165032c4a/execute/sync - {"script":"<script> [92 bytes]","args":[]}
RESULT: {"script":"<script> [92 bytes]","args":[]}
COMMAND: POST /session/76bbe7a963ba333ac6e3770165032c4a/actions - {"actions":[{"id":"action8","type":"wheel","parameters":{},"actions":[{"type":"scroll","x":-1888,"y":-24,"deltaX":0,"deltaY":0,"duration":0,"origin":{"element-6066-11e4-a52e-4f735466cecf":"f.37B6A3D8B8D5C040CDE4E4CEB4627624.d.870C6550857704ED91DFA9880DD39F87.e.3033"}}]}]}
COMMAND: GET /session/76bbe7a963ba333ac6e3770165032c4a/screenshot - {}
RESULT: {}
COMMAND: POST /session/76bbe7a963ba333ac6e3770165032c4a/execute/sync - {"script":"<script> [79 bytes]","args":[{"element-6066-11e4-a52e-4f735466cecf":"f.37B6A3D8B8D5C040CDE4E4CEB4627624.d.870C6550857704ED91DFA9880DD39F87.e.3033","ELEMENT":"f.37B6A3D8B8D5C040CDE4E4CEB4627624.d.870C6550857704ED91DFA9880DD39F87.e.3033"},{"block":"start","inline":"nearest"}]}
RESULT: {"script":"<script> [79 bytes]","args":[{"element-6066-11e4-a52e-4f735466cecf":"f.37B6A3D8B8D5C040CDE4E4CEB4627624.d.870C6550857704ED91DFA9880DD39F87.e.3033","ELEMENT":"f.37B6A3D8B8D5C040CDE4E4CEB4627624.d.870C6550857704ED91DFA9880DD39F87.e.3033"},{"block":"start","inline":"nearest"}]}
COMMAND: GET /session/76bbe7a963ba333ac6e3770165032c4a/screenshot - {}
RESULT: {}
COMMAND: POST /session/76bbe7a963ba333ac6e3770165032c4a/element/f.37B6A3D8B8D5C040CDE4E4CEB4627624.d.870C6550857704ED91DFA9880DD39F87.e.3033/click - {}
RESULT: {}
COMMAND: GET /session/76bbe7a963ba333ac6e3770165032c4a/screenshot - {}
RESULT: {}
COMMAND: POST /session/76bbe7a963ba333ac6e3770165032c4a/execute/async - {"script":"<script> [1562 bytes]","args":[{"selector":{"controlType":"sap.m.SearchField","properties":{"placeholder":"Search"},"searchOpenDialogs":true,"interaction":{"idSuffix":"I"}},"wdio_ui5_key":"sapm.SearchField{\"placeholder\":\"Search\"}"}]}
RESULT: {"script":"<script> [1562 bytes]","args":[{"selector":{"controlType":"sap.m.SearchField","properties":{"placeholder":"Search"},"searchOpenDialogs":true,"interaction":{"idSuffix":"I"}},"wdio_ui5_key":"sapm.SearchField{\"placeholder\":\"Search\"}"}]}
RESULT: undefined
COMMAND: POST /session/76bbe7a963ba333ac6e3770165032c4a/execute/async - {"script":"<script> [776 bytes]","args":[{"enterText":"4000360","selector":{"controlType":"sap.m.SearchField","properties":{"placeholder":"Search"},"searchOpenDialogs":true,"interaction":{"idSuffix":"I"}},"clearTextFirst":true,"interactionType":"ENTER_TEXT"}]}
RESULT: {"script":"<script> [776 bytes]","args":[{"enterText":"4000360","selector":{"controlType":"sap.m.SearchField","properties":{"placeholder":"Search"},"searchOpenDialogs":true,"interaction":{"idSuffix":"I"}},"clearTextFirst":true,"interactionType":"ENTER_TEXT"}]}
COMMAND: POST /session/76bbe7a963ba333ac6e3770165032c4a/actions - {"actions":[{"id":"action9","type":"key","parameters":{},"actions":[{"type":"keyDown","value":"î€‡"},{"type":"pause","duration":10},{"type":"keyUp","value":"î€‡"}]}]}
RESULT: {"actions":[{"id":"action9","type":"key","parameters":{},"actions":[{"type":"keyDown","value":"î€‡"},{"type":"pause","duration":10},{"type":"keyUp","value":"î€‡"}]}]}
COMMAND: GET /session/76bbe7a963ba333ac6e3770165032c4a/screenshot - {}
RESULT: {}
COMMAND: POST /session/76bbe7a963ba333ac6e3770165032c4a/element - {"using":"xpath","value":"//td/div/span[contains(text(), \"BGL Vehicles\")]"}
RESULT: {"using":"xpath","value":"//td/div/span[contains(text(), \"BGL Vehicles\")]"}
COMMAND: POST /session/76bbe7a963ba333ac6e3770165032c4a/element/f.37B6A3D8B8D5C040CDE4E4CEB4627624.d.870C6550857704ED91DFA9880DD39F87.e.3053/click - {}
RESULT: {}
COMMAND: GET /session/76bbe7a963ba333ac6e3770165032c4a/screenshot - {}
RESULT: {}
COMMAND: POST /session/76bbe7a963ba333ac6e3770165032c4a/element - {"using":"xpath","value":"//bdi[contains(text(), \"OK\")]"}
RESULT: {"using":"xpath","value":"//bdi[contains(text(), \"OK\")]"}
COMMAND: POST /session/76bbe7a963ba333ac6e3770165032c4a/element/f.37B6A3D8B8D5C040CDE4E4CEB4627624.d.870C6550857704ED91DFA9880DD39F87.e.3054/click - {}
RESULT: {}
COMMAND: GET /session/76bbe7a963ba333ac6e3770165032c4a/screenshot - {}
RESULT: {}
COMMAND: POST /session/76bbe7a963ba333ac6e3770165032c4a/element - {"using":"xpath","value":"//label[contains(@class, 'sapMLabelRequired') and .//bdi[contains(text(), 'Planned Retirement')]]"}
RESULT: {"using":"xpath","value":"//label[contains(@class, 'sapMLabelRequired') and .//bdi[contains(text(), 'Planned Retirement')]]"}
COMMAND: POST /session/76bbe7a963ba333ac6e3770165032c4a/elements - {"using":"xpath","value":"//label[contains(@class, 'sapMLabelRequired') and .//bdi[contains(text(), 'Planned Retirement')]]"}
RESULT: {"using":"xpath","value":"//label[contains(@class, 'sapMLabelRequired') and .//bdi[contains(text(), 'Planned Retirement')]]"}
COMMAND: POST /session/76bbe7a963ba333ac6e3770165032c4a/element - {"using":"xpath","value":"//button[@data-kt=\"resourceUnitSaveButton\"]"}
RESULT: {"using":"xpath","value":"//button[@data-kt=\"resourceUnitSaveButton\"]"}
COMMAND: POST /session/76bbe7a963ba333ac6e3770165032c4a/element/f.37B6A3D8B8D5C040CDE4E4CEB4627624.d.870C6550857704ED91DFA9880DD39F87.e.2955/click - {}
RESULT: {}
COMMAND: GET /session/76bbe7a963ba333ac6e3770165032c4a/screenshot - {}
RESULT: {}
COMMAND: POST /session/76bbe7a963ba333ac6e3770165032c4a/element - {"using":"xpath","value":"//bdi[contains(text(), \"Close\")]"}
RESULT: {"using":"xpath","value":"//bdi[contains(text(), \"Close\")]"}
COMMAND: POST /session/76bbe7a963ba333ac6e3770165032c4a/element/f.37B6A3D8B8D5C040CDE4E4CEB4627624.d.870C6550857704ED91DFA9880DD39F87.e.3061/click - {}
RESULT: {}
COMMAND: GET /session/76bbe7a963ba333ac6e3770165032c4a/screenshot - {}
RESULT: {}
COMMAND: POST /session/76bbe7a963ba333ac6e3770165032c4a/element - {"using":"xpath","value":"//header[contains(@id, 'detailRruPage-headerTitle')]/div[1]/div[2]/div[2]/span[1]"}
RESULT: {"using":"xpath","value":"//header[contains(@id, 'detailRruPage-headerTitle')]/div[1]/div[2]/div[2]/span[1]"}
COMMAND: POST /session/76bbe7a963ba333ac6e3770165032c4a/elements - {"using":"xpath","value":"//header[contains(@id, 'detailRruPage-headerTitle')]/div[1]/div[2]/div[2]/span[1]"}
RESULT: {"using":"xpath","value":"//header[contains(@id, 'detailRruPage-headerTitle')]/div[1]/div[2]/div[2]/span[1]"}
COMMAND: POST /session/76bbe7a963ba333ac6e3770165032c4a/execute/sync - {"script":"<script> [56 bytes]","args":[{"element-6066-11e4-a52e-4f735466cecf":"f.37B6A3D8B8D5C040CDE4E4CEB4627624.d.870C6550857704ED91DFA9880DD39F87.e.3094","ELEMENT":"f.37B6A3D8B8D5C040CDE4E4CEB4627624.d.870C6550857704ED91DFA9880DD39F87.e.3094"}]}
RESULT: {"script":"<script> [56 bytes]","args":[{"element-6066-11e4-a52e-4f735466cecf":"f.37B6A3D8B8D5C040CDE4E4CEB4627624.d.870C6550857704ED91DFA9880DD39F87.e.3094","ELEMENT":"f.37B6A3D8B8D5C040CDE4E4CEB4627624.d.870C6550857704ED91DFA9880DD39F87.e.3094"}]}
COMMAND: POST /session/76bbe7a963ba333ac6e3770165032c4a/element - {"using":"css selector","value":"#shell-header-logo"}
COMMAND: GET /session/76bbe7a963ba333ac6e3770165032c4a/screenshot - {}
RESULT: {"using":"css selector","value":"#shell-header-logo"}
COMMAND: POST /session/76bbe7a963ba333ac6e3770165032c4a/element/f.37B6A3D8B8D5C040CDE4E4CEB4627624.d.870C6550857704ED91DFA9880DD39F87.e.2547/click - {}
RESULT: {}
RESULT: {}
COMMAND: GET /session/76bbe7a963ba333ac6e3770165032c4a/screenshot - {}
RESULT: {}
]]></system-out>
    </testcase>
    <testcase classname="chrome.136_0_7103_93.windows.Stock_increase_-_with_WHM_US125587" name="Bin Status Report Should Create New Organization yard" time="81.389">
      <system-out><![CDATA[
COMMAND: POST /session/76bbe7a963ba333ac6e3770165032c4a/execute/async - {"script":"<script> [1562 bytes]","args":[{"selector":{"controlType":"sap.m.GenericTile","properties":{"header":"Bin Status Report"}},"wdio_ui5_key":"sapm.GenericTile{\"header\":\"Bin Status Report\"}"}]}
RESULT: {"script":"<script> [1562 bytes]","args":[{"selector":{"controlType":"sap.m.GenericTile","properties":{"header":"Bin Status Report"}},"wdio_ui5_key":"sapm.GenericTile{\"header\":\"Bin Status Report\"}"}]}
RESULT: undefined
COMMAND: POST /session/76bbe7a963ba333ac6e3770165032c4a/element - {"using":"xpath","value":"//*[@id=\"__tile104\"]"}
RESULT: {"using":"xpath","value":"//*[@id=\"__tile104\"]"}
COMMAND: POST /session/76bbe7a963ba333ac6e3770165032c4a/element/f.37B6A3D8B8D5C040CDE4E4CEB4627624.d.870C6550857704ED91DFA9880DD39F87.e.3096/click - {}
RESULT: {}
COMMAND: GET /session/76bbe7a963ba333ac6e3770165032c4a/screenshot - {}
RESULT: {}
COMMAND: POST /session/76bbe7a963ba333ac6e3770165032c4a/elements - {"using":"xpath","value":"//span[text()='Error']"}
RESULT: {"using":"xpath","value":"//span[text()='Error']"}
COMMAND: POST /session/76bbe7a963ba333ac6e3770165032c4a/element - {"using":"xpath","value":"//button[@id=\"application-binstatusreport-display-component---warehousing--createOrgBtn\"]"}
RESULT: {"using":"xpath","value":"//button[@id=\"application-binstatusreport-display-component---warehousing--createOrgBtn\"]"}
COMMAND: POST /session/76bbe7a963ba333ac6e3770165032c4a/elements - {"using":"xpath","value":"//button[@id=\"application-binstatusreport-display-component---warehousing--createOrgBtn\"]"}
RESULT: {"using":"xpath","value":"//button[@id=\"application-binstatusreport-display-component---warehousing--createOrgBtn\"]"}
COMMAND: POST /session/76bbe7a963ba333ac6e3770165032c4a/execute/sync - {"script":"<script> [8489 bytes]","args":[{"element-6066-11e4-a52e-4f735466cecf":"f.37B6A3D8B8D5C040CDE4E4CEB4627624.d.870C6550857704ED91DFA9880DD39F87.e.3134","ELEMENT":"f.37B6A3D8B8D5C040CDE4E4CEB4627624.d.870C6550857704ED91DFA9880DD39F87.e.3134"}]}
RESULT: {"script":"<script> [8489 bytes]","args":[{"element-6066-11e4-a52e-4f735466cecf":"f.37B6A3D8B8D5C040CDE4E4CEB4627624.d.870C6550857704ED91DFA9880DD39F87.e.3134","ELEMENT":"f.37B6A3D8B8D5C040CDE4E4CEB4627624.d.870C6550857704ED91DFA9880DD39F87.e.3134"}]}
COMMAND: GET /session/76bbe7a963ba333ac6e3770165032c4a/element/f.37B6A3D8B8D5C040CDE4E4CEB4627624.d.870C6550857704ED91DFA9880DD39F87.e.3134/enabled - {}
COMMAND: GET /session/76bbe7a963ba333ac6e3770165032c4a/screenshot - {}
RESULT: {}
COMMAND: POST /session/76bbe7a963ba333ac6e3770165032c4a/execute/sync - {"script":"<script> [8489 bytes]","args":[{"element-6066-11e4-a52e-4f735466cecf":"f.37B6A3D8B8D5C040CDE4E4CEB4627624.d.870C6550857704ED91DFA9880DD39F87.e.3134","ELEMENT":"f.37B6A3D8B8D5C040CDE4E4CEB4627624.d.870C6550857704ED91DFA9880DD39F87.e.3134"}]}
COMMAND: GET /session/76bbe7a963ba333ac6e3770165032c4a/screenshot - {}
RESULT: {}
RESULT: {"script":"<script> [8489 bytes]","args":[{"element-6066-11e4-a52e-4f735466cecf":"f.37B6A3D8B8D5C040CDE4E4CEB4627624.d.870C6550857704ED91DFA9880DD39F87.e.3134","ELEMENT":"f.37B6A3D8B8D5C040CDE4E4CEB4627624.d.870C6550857704ED91DFA9880DD39F87.e.3134"}]}
COMMAND: POST /session/76bbe7a963ba333ac6e3770165032c4a/execute/sync - {"script":"<script> [5351 bytes]","args":[{"element-6066-11e4-a52e-4f735466cecf":"f.37B6A3D8B8D5C040CDE4E4CEB4627624.d.870C6550857704ED91DFA9880DD39F87.e.3134","ELEMENT":"f.37B6A3D8B8D5C040CDE4E4CEB4627624.d.870C6550857704ED91DFA9880DD39F87.e.3134"}]}
COMMAND: GET /session/76bbe7a963ba333ac6e3770165032c4a/screenshot - {}
RESULT: {}
RESULT: {"script":"<script> [5351 bytes]","args":[{"element-6066-11e4-a52e-4f735466cecf":"f.37B6A3D8B8D5C040CDE4E4CEB4627624.d.870C6550857704ED91DFA9880DD39F87.e.3134","ELEMENT":"f.37B6A3D8B8D5C040CDE4E4CEB4627624.d.870C6550857704ED91DFA9880DD39F87.e.3134"}]}
COMMAND: GET /session/76bbe7a963ba333ac6e3770165032c4a/screenshot - {}
RESULT: {}
RESULT: {}
COMMAND: POST /session/76bbe7a963ba333ac6e3770165032c4a/element/f.37B6A3D8B8D5C040CDE4E4CEB4627624.d.870C6550857704ED91DFA9880DD39F87.e.3134/click - {}
RESULT: {}
COMMAND: GET /session/76bbe7a963ba333ac6e3770165032c4a/screenshot - {}
RESULT: {}
COMMAND: POST /session/76bbe7a963ba333ac6e3770165032c4a/execute/async - {"script":"<script> [1562 bytes]","args":[{"selector":{"id":"createOrganizationPop--sectionInput","searchOpenDialogs":true,"interaction":{"idSuffix":"inner"}},"wdio_ui5_key":"createOrganizationPopsectionInput"}]}
RESULT: {"script":"<script> [1562 bytes]","args":[{"selector":{"id":"createOrganizationPop--sectionInput","searchOpenDialogs":true,"interaction":{"idSuffix":"inner"}},"wdio_ui5_key":"createOrganizationPopsectionInput"}]}
RESULT: undefined
COMMAND: POST /session/76bbe7a963ba333ac6e3770165032c4a/execute/async - {"script":"<script> [776 bytes]","args":[{"enterText":"WDIO-574","selector":{"id":"createOrganizationPop--sectionInput","searchOpenDialogs":true,"interaction":{"idSuffix":"inner"}},"clearTextFirst":true,"interactionType":"ENTER_TEXT"}]}
RESULT: {"script":"<script> [776 bytes]","args":[{"enterText":"WDIO-574","selector":{"id":"createOrganizationPop--sectionInput","searchOpenDialogs":true,"interaction":{"idSuffix":"inner"}},"clearTextFirst":true,"interactionType":"ENTER_TEXT"}]}
COMMAND: POST /session/76bbe7a963ba333ac6e3770165032c4a/execute/async - {"script":"<script> [1562 bytes]","args":[{"selector":{"id":"createOrganizationPop--descriptionInput","searchOpenDialogs":true,"interaction":{"idSuffix":"inner"}},"wdio_ui5_key":"createOrganizationPopdescriptionInput"}]}
RESULT: {"script":"<script> [1562 bytes]","args":[{"selector":{"id":"createOrganizationPop--descriptionInput","searchOpenDialogs":true,"interaction":{"idSuffix":"inner"}},"wdio_ui5_key":"createOrganizationPopdescriptionInput"}]}
RESULT: undefined
COMMAND: POST /session/76bbe7a963ba333ac6e3770165032c4a/execute/async - {"script":"<script> [776 bytes]","args":[{"enterText":"Shipping-574","selector":{"id":"createOrganizationPop--descriptionInput","searchOpenDialogs":true,"interaction":{"idSuffix":"inner"}},"clearTextFirst":true,"interactionType":"ENTER_TEXT"}]}
RESULT: {"script":"<script> [776 bytes]","args":[{"enterText":"Shipping-574","selector":{"id":"createOrganizationPop--descriptionInput","searchOpenDialogs":true,"interaction":{"idSuffix":"inner"}},"clearTextFirst":true,"interactionType":"ENTER_TEXT"}]}
COMMAND: POST /session/76bbe7a963ba333ac6e3770165032c4a/element - {"using":"css selector","value":"#createOrganizationPop--yardOrg-inner"}
RESULT: {"using":"css selector","value":"#createOrganizationPop--yardOrg-inner"}
COMMAND: POST /session/76bbe7a963ba333ac6e3770165032c4a/element/f.37B6A3D8B8D5C040CDE4E4CEB4627624.d.870C6550857704ED91DFA9880DD39F87.e.3188/clear - {}
RESULT: {}
COMMAND: POST /session/76bbe7a963ba333ac6e3770165032c4a/element/f.37B6A3D8B8D5C040CDE4E4CEB4627624.d.870C6550857704ED91DFA9880DD39F87.e.3188/value - {"text":"574"}
COMMAND: GET /session/76bbe7a963ba333ac6e3770165032c4a/screenshot - {}
RESULT: {"text":"574"}
COMMAND: GET /session/76bbe7a963ba333ac6e3770165032c4a/screenshot - {}
RESULT: {}
RESULT: {}
COMMAND: POST /session/76bbe7a963ba333ac6e3770165032c4a/actions - {"actions":[{"id":"action10","type":"key","parameters":{},"actions":[{"type":"keyDown","value":"î€‡"},{"type":"pause","duration":10},{"type":"keyUp","value":"î€‡"}]}]}
RESULT: {"actions":[{"id":"action10","type":"key","parameters":{},"actions":[{"type":"keyDown","value":"î€‡"},{"type":"pause","duration":10},{"type":"keyUp","value":"î€‡"}]}]}
COMMAND: POST /session/76bbe7a963ba333ac6e3770165032c4a/execute/async - {"script":"<script> [1562 bytes]","args":[{"selector":{"id":"createOrganizationPop--grZone","searchOpenDialogs":true,"interaction":{"idSuffix":"CbBg"}},"wdio_ui5_key":"createOrganizationPopgrZone"}]}
COMMAND: GET /session/76bbe7a963ba333ac6e3770165032c4a/screenshot - {}
RESULT: {"script":"<script> [1562 bytes]","args":[{"selector":{"id":"createOrganizationPop--grZone","searchOpenDialogs":true,"interaction":{"idSuffix":"CbBg"}},"wdio_ui5_key":"createOrganizationPopgrZone"}]}
RESULT: undefined
COMMAND: POST /session/76bbe7a963ba333ac6e3770165032c4a/element - {"using":"xpath","value":"//*[@id=\"createOrganizationPop--grZone\"]"}
RESULT: {}
RESULT: {"using":"xpath","value":"//*[@id=\"createOrganizationPop--grZone\"]"}
COMMAND: POST /session/76bbe7a963ba333ac6e3770165032c4a/element/f.37B6A3D8B8D5C040CDE4E4CEB4627624.d.870C6550857704ED91DFA9880DD39F87.e.3209/click - {}
RESULT: {}
COMMAND: GET /session/76bbe7a963ba333ac6e3770165032c4a/screenshot - {}
RESULT: {}
COMMAND: POST /session/76bbe7a963ba333ac6e3770165032c4a/execute/async - {"script":"<script> [1562 bytes]","args":[{"selector":{"id":"createOrganizationPop--giZone","searchOpenDialogs":true,"interaction":{"idSuffix":"CbBg"}},"wdio_ui5_key":"createOrganizationPopgiZone"}]}
RESULT: {"script":"<script> [1562 bytes]","args":[{"selector":{"id":"createOrganizationPop--giZone","searchOpenDialogs":true,"interaction":{"idSuffix":"CbBg"}},"wdio_ui5_key":"createOrganizationPopgiZone"}]}
RESULT: undefined
COMMAND: POST /session/76bbe7a963ba333ac6e3770165032c4a/element - {"using":"xpath","value":"//*[@id=\"createOrganizationPop--giZone\"]"}
RESULT: {"using":"xpath","value":"//*[@id=\"createOrganizationPop--giZone\"]"}
COMMAND: POST /session/76bbe7a963ba333ac6e3770165032c4a/element/f.37B6A3D8B8D5C040CDE4E4CEB4627624.d.870C6550857704ED91DFA9880DD39F87.e.3211/click - {}
RESULT: {}
COMMAND: GET /session/76bbe7a963ba333ac6e3770165032c4a/screenshot - {}
RESULT: {}
COMMAND: POST /session/76bbe7a963ba333ac6e3770165032c4a/execute/async - {"script":"<script> [1562 bytes]","args":[{"selector":{"id":"createOrganizationPop--binNoInput","searchOpenDialogs":true,"interaction":{"idSuffix":"inner"}},"wdio_ui5_key":"createOrganizationPopbinNoInput"}]}
RESULT: {"script":"<script> [1562 bytes]","args":[{"selector":{"id":"createOrganizationPop--binNoInput","searchOpenDialogs":true,"interaction":{"idSuffix":"inner"}},"wdio_ui5_key":"createOrganizationPopbinNoInput"}]}
RESULT: undefined
COMMAND: POST /session/76bbe7a963ba333ac6e3770165032c4a/execute/async - {"script":"<script> [776 bytes]","args":[{"enterText":"Bin-Wd","selector":{"id":"createOrganizationPop--binNoInput","searchOpenDialogs":true,"interaction":{"idSuffix":"inner"}},"clearTextFirst":true,"interactionType":"ENTER_TEXT"}]}
RESULT: {"script":"<script> [776 bytes]","args":[{"enterText":"Bin-Wd","selector":{"id":"createOrganizationPop--binNoInput","searchOpenDialogs":true,"interaction":{"idSuffix":"inner"}},"clearTextFirst":true,"interactionType":"ENTER_TEXT"}]}
COMMAND: POST /session/76bbe7a963ba333ac6e3770165032c4a/execute/async - {"script":"<script> [1562 bytes]","args":[{"selector":{"id":"createOrganizationPop--descriptionId","searchOpenDialogs":true,"interaction":{"idSuffix":"inner"}},"wdio_ui5_key":"createOrganizationPopdescriptionId"}]}
RESULT: {"script":"<script> [1562 bytes]","args":[{"selector":{"id":"createOrganizationPop--descriptionId","searchOpenDialogs":true,"interaction":{"idSuffix":"inner"}},"wdio_ui5_key":"createOrganizationPopdescriptionId"}]}
RESULT: undefined
COMMAND: POST /session/76bbe7a963ba333ac6e3770165032c4a/execute/async - {"script":"<script> [776 bytes]","args":[{"enterText":"Shipping-Wd","selector":{"id":"createOrganizationPop--descriptionId","searchOpenDialogs":true,"interaction":{"idSuffix":"inner"}},"clearTextFirst":true,"interactionType":"ENTER_TEXT"}]}
RESULT: {"script":"<script> [776 bytes]","args":[{"enterText":"Shipping-Wd","selector":{"id":"createOrganizationPop--descriptionId","searchOpenDialogs":true,"interaction":{"idSuffix":"inner"}},"clearTextFirst":true,"interactionType":"ENTER_TEXT"}]}
COMMAND: POST /session/76bbe7a963ba333ac6e3770165032c4a/execute/async - {"script":"<script> [1562 bytes]","args":[{"selector":{"controlType":"sap.m.CheckBox","viewName":"etm.portal.ui.binstatusreport.view.MasterWareBins","viewId":"application-binstatusreport-display-component---warehousing","bindingPath":{"path":"","propertyPath":"/ZONE","modelName":"newBin"},"searchOpenDialogs":true,"interaction":{"idSuffix":"CbBg"}},"wdio_ui5_key":"etmportal.ui.binstatusreport.view.MasterWareBinssap.m.CheckBox{\"path\":\"\",\"propertyPath\":\"/ZONE\",\"modelName\":\"newBin\"}"}]}
RESULT: {"script":"<script> [1562 bytes]","args":[{"selector":{"controlType":"sap.m.CheckBox","viewName":"etm.portal.ui.binstatusreport.view.MasterWareBins","viewId":"application-binstatusreport-display-component---warehousing","bindingPath":{"path":"","propertyPath":"/ZONE","modelName":"newBin"},"searchOpenDialogs":true,"interaction":{"idSuffix":"CbBg"}},"wdio_ui5_key":"etmportal.ui.binstatusreport.view.MasterWareBinssap.m.CheckBox{\"path\":\"\",\"propertyPath\":\"/ZONE\",\"modelName\":\"newBin\"}"}]}
RESULT: undefined
COMMAND: POST /session/76bbe7a963ba333ac6e3770165032c4a/element - {"using":"xpath","value":"//*[@id=\"__box16\"]"}
RESULT: {"using":"xpath","value":"//*[@id=\"__box16\"]"}
COMMAND: POST /session/76bbe7a963ba333ac6e3770165032c4a/element/f.37B6A3D8B8D5C040CDE4E4CEB4627624.d.870C6550857704ED91DFA9880DD39F87.e.3215/click - {}
RESULT: {}
COMMAND: GET /session/76bbe7a963ba333ac6e3770165032c4a/screenshot - {}
RESULT: {}
COMMAND: POST /session/76bbe7a963ba333ac6e3770165032c4a/execute/async - {"script":"<script> [1562 bytes]","args":[{"selector":{"id":"createOrganizationPop--binTypesCB","searchOpenDialogs":true,"interaction":{"idSuffix":"inner"}},"wdio_ui5_key":"createOrganizationPopbinTypesCB"}]}
RESULT: {"script":"<script> [1562 bytes]","args":[{"selector":{"id":"createOrganizationPop--binTypesCB","searchOpenDialogs":true,"interaction":{"idSuffix":"inner"}},"wdio_ui5_key":"createOrganizationPopbinTypesCB"}]}
RESULT: undefined
COMMAND: POST /session/76bbe7a963ba333ac6e3770165032c4a/execute/async - {"script":"<script> [776 bytes]","args":[{"enterText":"1 - General / No capacity check","selector":{"id":"createOrganizationPop--binTypesCB","searchOpenDialogs":true,"interaction":{"idSuffix":"inner"}},"clearTextFirst":true,"interactionType":"ENTER_TEXT"}]}
RESULT: {"script":"<script> [776 bytes]","args":[{"enterText":"1 - General / No capacity check","selector":{"id":"createOrganizationPop--binTypesCB","searchOpenDialogs":true,"interaction":{"idSuffix":"inner"}},"clearTextFirst":true,"interactionType":"ENTER_TEXT"}]}
COMMAND: POST /session/76bbe7a963ba333ac6e3770165032c4a/actions - {"actions":[{"id":"action11","type":"key","parameters":{},"actions":[{"type":"keyDown","value":"î€‡"},{"type":"pause","duration":10},{"type":"keyUp","value":"î€‡"}]}]}
RESULT: {"actions":[{"id":"action11","type":"key","parameters":{},"actions":[{"type":"keyDown","value":"î€‡"},{"type":"pause","duration":10},{"type":"keyUp","value":"î€‡"}]}]}
COMMAND: GET /session/76bbe7a963ba333ac6e3770165032c4a/screenshot - {}
RESULT: {}
COMMAND: POST /session/76bbe7a963ba333ac6e3770165032c4a/execute/async - {"script":"<script> [1562 bytes]","args":[{"selector":{"id":"createOrganizationPop--finishBtn","searchOpenDialogs":true,"interaction":{"idSuffix":"BDI-content"}},"wdio_ui5_key":"createOrganizationPopfinishBtn"}]}
RESULT: {"script":"<script> [1562 bytes]","args":[{"selector":{"id":"createOrganizationPop--finishBtn","searchOpenDialogs":true,"interaction":{"idSuffix":"BDI-content"}},"wdio_ui5_key":"createOrganizationPopfinishBtn"}]}
RESULT: undefined
COMMAND: POST /session/76bbe7a963ba333ac6e3770165032c4a/element - {"using":"xpath","value":"//*[@id=\"createOrganizationPop--finishBtn\"]"}
RESULT: {"using":"xpath","value":"//*[@id=\"createOrganizationPop--finishBtn\"]"}
COMMAND: POST /session/76bbe7a963ba333ac6e3770165032c4a/element/f.37B6A3D8B8D5C040CDE4E4CEB4627624.d.870C6550857704ED91DFA9880DD39F87.e.3218/click - {}
RESULT: {}
COMMAND: GET /session/76bbe7a963ba333ac6e3770165032c4a/screenshot - {}
RESULT: {}
COMMAND: POST /session/76bbe7a963ba333ac6e3770165032c4a/element - {"using":"css selector","value":"#shell-header-logo"}
RESULT: {"using":"css selector","value":"#shell-header-logo"}
COMMAND: POST /session/76bbe7a963ba333ac6e3770165032c4a/element/f.37B6A3D8B8D5C040CDE4E4CEB4627624.d.870C6550857704ED91DFA9880DD39F87.e.3102/click - {}
RESULT: {}
COMMAND: GET /session/76bbe7a963ba333ac6e3770165032c4a/screenshot - {}
RESULT: {}
]]></system-out>
    </testcase>
    <testcase classname="chrome.136_0_7103_93.windows.Stock_increase_-_with_WHM_US125587" name="Bin Status Report Should Create New Organization for Site" time="65.516">
      <system-out><![CDATA[
RESULT: undefined
COMMAND: POST /session/76bbe7a963ba333ac6e3770165032c4a/element - {"using":"xpath","value":"//*[@id=\"__tile104\"]"}
RESULT: {"using":"xpath","value":"//*[@id=\"__tile104\"]"}
COMMAND: POST /session/76bbe7a963ba333ac6e3770165032c4a/element/f.37B6A3D8B8D5C040CDE4E4CEB4627624.d.870C6550857704ED91DFA9880DD39F87.e.3096/click - {}
RESULT: {}
COMMAND: GET /session/76bbe7a963ba333ac6e3770165032c4a/screenshot - {}
RESULT: {}
COMMAND: POST /session/76bbe7a963ba333ac6e3770165032c4a/elements - {"using":"xpath","value":"//span[text()='Error']"}
RESULT: {"using":"xpath","value":"//span[text()='Error']"}
COMMAND: POST /session/76bbe7a963ba333ac6e3770165032c4a/element - {"using":"xpath","value":"//button[@id=\"application-binstatusreport-display-component---warehousing--createOrgBtn\"]"}
RESULT: {"using":"xpath","value":"//button[@id=\"application-binstatusreport-display-component---warehousing--createOrgBtn\"]"}
COMMAND: POST /session/76bbe7a963ba333ac6e3770165032c4a/elements - {"using":"xpath","value":"//button[@id=\"application-binstatusreport-display-component---warehousing--createOrgBtn\"]"}
RESULT: {"using":"xpath","value":"//button[@id=\"application-binstatusreport-display-component---warehousing--createOrgBtn\"]"}
COMMAND: POST /session/76bbe7a963ba333ac6e3770165032c4a/execute/sync - {"script":"<script> [8489 bytes]","args":[{"element-6066-11e4-a52e-4f735466cecf":"f.37B6A3D8B8D5C040CDE4E4CEB4627624.d.870C6550857704ED91DFA9880DD39F87.e.3281","ELEMENT":"f.37B6A3D8B8D5C040CDE4E4CEB4627624.d.870C6550857704ED91DFA9880DD39F87.e.3281"}]}
RESULT: {"script":"<script> [8489 bytes]","args":[{"element-6066-11e4-a52e-4f735466cecf":"f.37B6A3D8B8D5C040CDE4E4CEB4627624.d.870C6550857704ED91DFA9880DD39F87.e.3281","ELEMENT":"f.37B6A3D8B8D5C040CDE4E4CEB4627624.d.870C6550857704ED91DFA9880DD39F87.e.3281"}]}
COMMAND: GET /session/76bbe7a963ba333ac6e3770165032c4a/element/f.37B6A3D8B8D5C040CDE4E4CEB4627624.d.870C6550857704ED91DFA9880DD39F87.e.3281/enabled - {}
COMMAND: GET /session/76bbe7a963ba333ac6e3770165032c4a/screenshot - {}
RESULT: {}
COMMAND: POST /session/76bbe7a963ba333ac6e3770165032c4a/execute/sync - {"script":"<script> [8489 bytes]","args":[{"element-6066-11e4-a52e-4f735466cecf":"f.37B6A3D8B8D5C040CDE4E4CEB4627624.d.870C6550857704ED91DFA9880DD39F87.e.3281","ELEMENT":"f.37B6A3D8B8D5C040CDE4E4CEB4627624.d.870C6550857704ED91DFA9880DD39F87.e.3281"}]}
COMMAND: GET /session/76bbe7a963ba333ac6e3770165032c4a/screenshot - {}
RESULT: {}
RESULT: {"script":"<script> [8489 bytes]","args":[{"element-6066-11e4-a52e-4f735466cecf":"f.37B6A3D8B8D5C040CDE4E4CEB4627624.d.870C6550857704ED91DFA9880DD39F87.e.3281","ELEMENT":"f.37B6A3D8B8D5C040CDE4E4CEB4627624.d.870C6550857704ED91DFA9880DD39F87.e.3281"}]}
COMMAND: POST /session/76bbe7a963ba333ac6e3770165032c4a/execute/sync - {"script":"<script> [5351 bytes]","args":[{"element-6066-11e4-a52e-4f735466cecf":"f.37B6A3D8B8D5C040CDE4E4CEB4627624.d.870C6550857704ED91DFA9880DD39F87.e.3281","ELEMENT":"f.37B6A3D8B8D5C040CDE4E4CEB4627624.d.870C6550857704ED91DFA9880DD39F87.e.3281"}]}
COMMAND: GET /session/76bbe7a963ba333ac6e3770165032c4a/screenshot - {}
RESULT: {}
RESULT: {"script":"<script> [5351 bytes]","args":[{"element-6066-11e4-a52e-4f735466cecf":"f.37B6A3D8B8D5C040CDE4E4CEB4627624.d.870C6550857704ED91DFA9880DD39F87.e.3281","ELEMENT":"f.37B6A3D8B8D5C040CDE4E4CEB4627624.d.870C6550857704ED91DFA9880DD39F87.e.3281"}]}
COMMAND: GET /session/76bbe7a963ba333ac6e3770165032c4a/screenshot - {}
RESULT: {}
RESULT: {}
COMMAND: POST /session/76bbe7a963ba333ac6e3770165032c4a/element/f.37B6A3D8B8D5C040CDE4E4CEB4627624.d.870C6550857704ED91DFA9880DD39F87.e.3281/click - {}
RESULT: {}
COMMAND: GET /session/76bbe7a963ba333ac6e3770165032c4a/screenshot - {}
RESULT: {}
RESULT: undefined
COMMAND: POST /session/76bbe7a963ba333ac6e3770165032c4a/execute/async - {"script":"<script> [776 bytes]","args":[{"enterText":"2289","selector":{"id":"createOrganizationPop--sectionInput","searchOpenDialogs":true,"interaction":{"idSuffix":"inner"}},"clearTextFirst":true,"interactionType":"ENTER_TEXT"}]}
RESULT: {"script":"<script> [776 bytes]","args":[{"enterText":"2289","selector":{"id":"createOrganizationPop--sectionInput","searchOpenDialogs":true,"interaction":{"idSuffix":"inner"}},"clearTextFirst":true,"interactionType":"ENTER_TEXT"}]}
RESULT: undefined
COMMAND: POST /session/76bbe7a963ba333ac6e3770165032c4a/execute/async - {"script":"<script> [776 bytes]","args":[{"enterText":"WDIO-2289","selector":{"id":"createOrganizationPop--descriptionInput","searchOpenDialogs":true,"interaction":{"idSuffix":"inner"}},"clearTextFirst":true,"interactionType":"ENTER_TEXT"}]}
RESULT: {"script":"<script> [776 bytes]","args":[{"enterText":"WDIO-2289","selector":{"id":"createOrganizationPop--descriptionInput","searchOpenDialogs":true,"interaction":{"idSuffix":"inner"}},"clearTextFirst":true,"interactionType":"ENTER_TEXT"}]}
COMMAND: POST /session/76bbe7a963ba333ac6e3770165032c4a/element - {"using":"css selector","value":"#createOrganizationPop--siteOrg-inner"}
RESULT: {"using":"css selector","value":"#createOrganizationPop--siteOrg-inner"}
COMMAND: POST /session/76bbe7a963ba333ac6e3770165032c4a/element/f.37B6A3D8B8D5C040CDE4E4CEB4627624.d.870C6550857704ED91DFA9880DD39F87.e.3304/clear - {}
RESULT: {}
COMMAND: POST /session/76bbe7a963ba333ac6e3770165032c4a/element/f.37B6A3D8B8D5C040CDE4E4CEB4627624.d.870C6550857704ED91DFA9880DD39F87.e.3304/value - {"text":"2289"}
COMMAND: GET /session/76bbe7a963ba333ac6e3770165032c4a/screenshot - {}
RESULT: {"text":"2289"}
COMMAND: GET /session/76bbe7a963ba333ac6e3770165032c4a/screenshot - {}
RESULT: {}
RESULT: {}
COMMAND: POST /session/76bbe7a963ba333ac6e3770165032c4a/actions - {"actions":[{"id":"action12","type":"key","parameters":{},"actions":[{"type":"keyDown","value":"î€‡"},{"type":"pause","duration":10},{"type":"keyUp","value":"î€‡"}]}]}
RESULT: {"actions":[{"id":"action12","type":"key","parameters":{},"actions":[{"type":"keyDown","value":"î€‡"},{"type":"pause","duration":10},{"type":"keyUp","value":"î€‡"}]}]}
RESULT: undefined
COMMAND: POST /session/76bbe7a963ba333ac6e3770165032c4a/element - {"using":"xpath","value":"//*[@id=\"createOrganizationPop--giZone\"]"}
COMMAND: GET /session/76bbe7a963ba333ac6e3770165032c4a/screenshot - {}
RESULT: {"using":"xpath","value":"//*[@id=\"createOrganizationPop--giZone\"]"}
COMMAND: POST /session/76bbe7a963ba333ac6e3770165032c4a/element/f.37B6A3D8B8D5C040CDE4E4CEB4627624.d.870C6550857704ED91DFA9880DD39F87.e.3322/click - {}
RESULT: {}
RESULT: {}
COMMAND: GET /session/76bbe7a963ba333ac6e3770165032c4a/screenshot - {}
RESULT: {}
RESULT: undefined
COMMAND: POST /session/76bbe7a963ba333ac6e3770165032c4a/execute/async - {"script":"<script> [776 bytes]","args":[{"enterText":"WD-BIN","selector":{"id":"createOrganizationPop--binNoInput","searchOpenDialogs":true,"interaction":{"idSuffix":"inner"}},"clearTextFirst":true,"interactionType":"ENTER_TEXT"}]}
RESULT: {"script":"<script> [776 bytes]","args":[{"enterText":"WD-BIN","selector":{"id":"createOrganizationPop--binNoInput","searchOpenDialogs":true,"interaction":{"idSuffix":"inner"}},"clearTextFirst":true,"interactionType":"ENTER_TEXT"}]}
RESULT: undefined
COMMAND: POST /session/76bbe7a963ba333ac6e3770165032c4a/execute/async - {"script":"<script> [776 bytes]","args":[{"enterText":"WD-BIN","selector":{"id":"createOrganizationPop--descriptionId","searchOpenDialogs":true,"interaction":{"idSuffix":"inner"}},"clearTextFirst":true,"interactionType":"ENTER_TEXT"}]}
RESULT: {"script":"<script> [776 bytes]","args":[{"enterText":"WD-BIN","selector":{"id":"createOrganizationPop--descriptionId","searchOpenDialogs":true,"interaction":{"idSuffix":"inner"}},"clearTextFirst":true,"interactionType":"ENTER_TEXT"}]}
COMMAND: POST /session/76bbe7a963ba333ac6e3770165032c4a/execute/async - {"script":"<script> [1562 bytes]","args":[{"selector":{"controlType":"sap.m.CheckBox","viewName":"etm.portal.ui.binstatusreport.view.MasterWareBins","viewId":"application-binstatusreport-display-component---warehousing","bindingPath":{"propertyPath":"/ZONE","modelName":"newBin"},"searchOpenDialogs":true,"interaction":{"idSuffix":"CbBg"}},"wdio_ui5_key":"etmportal.ui.binstatusreport.view.MasterWareBinssap.m.CheckBox{\"propertyPath\":\"/ZONE\",\"modelName\":\"newBin\"}"}]}
RESULT: {"script":"<script> [1562 bytes]","args":[{"selector":{"controlType":"sap.m.CheckBox","viewName":"etm.portal.ui.binstatusreport.view.MasterWareBins","viewId":"application-binstatusreport-display-component---warehousing","bindingPath":{"propertyPath":"/ZONE","modelName":"newBin"},"searchOpenDialogs":true,"interaction":{"idSuffix":"CbBg"}},"wdio_ui5_key":"etmportal.ui.binstatusreport.view.MasterWareBinssap.m.CheckBox{\"propertyPath\":\"/ZONE\",\"modelName\":\"newBin\"}"}]}
RESULT: undefined
COMMAND: POST /session/76bbe7a963ba333ac6e3770165032c4a/element - {"using":"xpath","value":"//*[@id=\"__box28\"]"}
RESULT: {"using":"xpath","value":"//*[@id=\"__box28\"]"}
COMMAND: POST /session/76bbe7a963ba333ac6e3770165032c4a/element/f.37B6A3D8B8D5C040CDE4E4CEB4627624.d.870C6550857704ED91DFA9880DD39F87.e.3324/click - {}
RESULT: {}
COMMAND: GET /session/76bbe7a963ba333ac6e3770165032c4a/screenshot - {}
RESULT: {}
RESULT: undefined
COMMAND: POST /session/76bbe7a963ba333ac6e3770165032c4a/execute/async - {"script":"<script> [776 bytes]","args":[{"enterText":"1 - General / No capacity check","selector":{"id":"createOrganizationPop--binTypesCB","searchOpenDialogs":true,"interaction":{"idSuffix":"inner"}},"clearTextFirst":true,"interactionType":"ENTER_TEXT"}]}
RESULT: {"script":"<script> [776 bytes]","args":[{"enterText":"1 - General / No capacity check","selector":{"id":"createOrganizationPop--binTypesCB","searchOpenDialogs":true,"interaction":{"idSuffix":"inner"}},"clearTextFirst":true,"interactionType":"ENTER_TEXT"}]}
COMMAND: POST /session/76bbe7a963ba333ac6e3770165032c4a/execute/async - {"script":"<script> [1562 bytes]","args":[{"selector":{"id":"createOrganizationPop--capacityId","searchOpenDialogs":true,"interaction":{"idSuffix":"inner"}},"wdio_ui5_key":"createOrganizationPopcapacityId"}]}
RESULT: {"script":"<script> [1562 bytes]","args":[{"selector":{"id":"createOrganizationPop--capacityId","searchOpenDialogs":true,"interaction":{"idSuffix":"inner"}},"wdio_ui5_key":"createOrganizationPopcapacityId"}]}
RESULT: undefined
COMMAND: POST /session/76bbe7a963ba333ac6e3770165032c4a/actions - {"actions":[{"id":"action13","type":"key","parameters":{},"actions":[{"type":"keyDown","value":"î€‡"},{"type":"pause","duration":10},{"type":"keyUp","value":"î€‡"}]}]}
RESULT: {"actions":[{"id":"action13","type":"key","parameters":{},"actions":[{"type":"keyDown","value":"î€‡"},{"type":"pause","duration":10},{"type":"keyUp","value":"î€‡"}]}]}
COMMAND: GET /session/76bbe7a963ba333ac6e3770165032c4a/screenshot - {}
RESULT: {}
RESULT: undefined
COMMAND: POST /session/76bbe7a963ba333ac6e3770165032c4a/element - {"using":"xpath","value":"//*[@id=\"createOrganizationPop--finishBtn\"]"}
RESULT: {"using":"xpath","value":"//*[@id=\"createOrganizationPop--finishBtn\"]"}
COMMAND: POST /session/76bbe7a963ba333ac6e3770165032c4a/element/f.37B6A3D8B8D5C040CDE4E4CEB4627624.d.870C6550857704ED91DFA9880DD39F87.e.3331/click - {}
RESULT: {}
COMMAND: GET /session/76bbe7a963ba333ac6e3770165032c4a/screenshot - {}
RESULT: {}
COMMAND: POST /session/76bbe7a963ba333ac6e3770165032c4a/element - {"using":"css selector","value":"#shell-header-logo"}
RESULT: {"using":"css selector","value":"#shell-header-logo"}
COMMAND: POST /session/76bbe7a963ba333ac6e3770165032c4a/element/f.37B6A3D8B8D5C040CDE4E4CEB4627624.d.870C6550857704ED91DFA9880DD39F87.e.3227/click - {}
RESULT: {}
COMMAND: GET /session/76bbe7a963ba333ac6e3770165032c4a/screenshot - {}
RESULT: {}
]]></system-out>
    </testcase>
    <testcase classname="chrome.136_0_7103_93.windows.Stock_increase_-_with_WHM_US125587" name="Create a Warehouse Movement for created yard" time="47.21">
      <system-out><![CDATA[
COMMAND: POST /session/76bbe7a963ba333ac6e3770165032c4a/execute/async - {"script":"<script> [1562 bytes]","args":[{"selector":{"controlType":"sap.m.GenericTile","properties":{"header":"Manage Warehouse Movements"}},"wdio_ui5_key":"sapm.GenericTile{\"header\":\"Manage Warehouse Movements\"}"}]}
RESULT: {"script":"<script> [1562 bytes]","args":[{"selector":{"controlType":"sap.m.GenericTile","properties":{"header":"Manage Warehouse Movements"}},"wdio_ui5_key":"sapm.GenericTile{\"header\":\"Manage Warehouse Movements\"}"}]}
RESULT: undefined
COMMAND: POST /session/76bbe7a963ba333ac6e3770165032c4a/element - {"using":"xpath","value":"//*[@id=\"__tile105\"]"}
RESULT: {"using":"xpath","value":"//*[@id=\"__tile105\"]"}
COMMAND: POST /session/76bbe7a963ba333ac6e3770165032c4a/element/f.37B6A3D8B8D5C040CDE4E4CEB4627624.d.870C6550857704ED91DFA9880DD39F87.e.3335/click - {}
RESULT: {}
COMMAND: GET /session/76bbe7a963ba333ac6e3770165032c4a/screenshot - {}
RESULT: {}
COMMAND: POST /session/76bbe7a963ba333ac6e3770165032c4a/elements - {"using":"xpath","value":"//span[text()='Error']"}
RESULT: {"using":"xpath","value":"//span[text()='Error']"}
COMMAND: POST /session/76bbe7a963ba333ac6e3770165032c4a/element - {"using":"xpath","value":"//input[@id='application-warehousemovements-display-component---warehouseMovements--smartFilterBar-filterItemControl_BASIC-YARD-inner']"}
RESULT: {"using":"xpath","value":"//input[@id='application-warehousemovements-display-component---warehouseMovements--smartFilterBar-filterItemControl_BASIC-YARD-inner']"}
COMMAND: POST /session/76bbe7a963ba333ac6e3770165032c4a/elements - {"using":"xpath","value":"//input[@id='application-warehousemovements-display-component---warehouseMovements--smartFilterBar-filterItemControl_BASIC-YARD-inner']"}
RESULT: {"using":"xpath","value":"//input[@id='application-warehousemovements-display-component---warehouseMovements--smartFilterBar-filterItemControl_BASIC-YARD-inner']"}
COMMAND: POST /session/76bbe7a963ba333ac6e3770165032c4a/execute/sync - {"script":"<script> [8489 bytes]","args":[{"element-6066-11e4-a52e-4f735466cecf":"f.37B6A3D8B8D5C040CDE4E4CEB4627624.d.870C6550857704ED91DFA9880DD39F87.e.3358","ELEMENT":"f.37B6A3D8B8D5C040CDE4E4CEB4627624.d.870C6550857704ED91DFA9880DD39F87.e.3358"}]}
RESULT: {"script":"<script> [8489 bytes]","args":[{"element-6066-11e4-a52e-4f735466cecf":"f.37B6A3D8B8D5C040CDE4E4CEB4627624.d.870C6550857704ED91DFA9880DD39F87.e.3358","ELEMENT":"f.37B6A3D8B8D5C040CDE4E4CEB4627624.d.870C6550857704ED91DFA9880DD39F87.e.3358"}]}
COMMAND: GET /session/76bbe7a963ba333ac6e3770165032c4a/element/f.37B6A3D8B8D5C040CDE4E4CEB4627624.d.870C6550857704ED91DFA9880DD39F87.e.3358/enabled - {}
COMMAND: GET /session/76bbe7a963ba333ac6e3770165032c4a/screenshot - {}
RESULT: {}
COMMAND: POST /session/76bbe7a963ba333ac6e3770165032c4a/execute/sync - {"script":"<script> [8489 bytes]","args":[{"element-6066-11e4-a52e-4f735466cecf":"f.37B6A3D8B8D5C040CDE4E4CEB4627624.d.870C6550857704ED91DFA9880DD39F87.e.3358","ELEMENT":"f.37B6A3D8B8D5C040CDE4E4CEB4627624.d.870C6550857704ED91DFA9880DD39F87.e.3358"}]}
COMMAND: GET /session/76bbe7a963ba333ac6e3770165032c4a/screenshot - {}
RESULT: {}
RESULT: {"script":"<script> [8489 bytes]","args":[{"element-6066-11e4-a52e-4f735466cecf":"f.37B6A3D8B8D5C040CDE4E4CEB4627624.d.870C6550857704ED91DFA9880DD39F87.e.3358","ELEMENT":"f.37B6A3D8B8D5C040CDE4E4CEB4627624.d.870C6550857704ED91DFA9880DD39F87.e.3358"}]}
COMMAND: POST /session/76bbe7a963ba333ac6e3770165032c4a/execute/sync - {"script":"<script> [5351 bytes]","args":[{"element-6066-11e4-a52e-4f735466cecf":"f.37B6A3D8B8D5C040CDE4E4CEB4627624.d.870C6550857704ED91DFA9880DD39F87.e.3358","ELEMENT":"f.37B6A3D8B8D5C040CDE4E4CEB4627624.d.870C6550857704ED91DFA9880DD39F87.e.3358"}]}
COMMAND: GET /session/76bbe7a963ba333ac6e3770165032c4a/screenshot - {}
RESULT: {}
RESULT: {"script":"<script> [5351 bytes]","args":[{"element-6066-11e4-a52e-4f735466cecf":"f.37B6A3D8B8D5C040CDE4E4CEB4627624.d.870C6550857704ED91DFA9880DD39F87.e.3358","ELEMENT":"f.37B6A3D8B8D5C040CDE4E4CEB4627624.d.870C6550857704ED91DFA9880DD39F87.e.3358"}]}
COMMAND: GET /session/76bbe7a963ba333ac6e3770165032c4a/screenshot - {}
RESULT: {}
RESULT: {}
COMMAND: POST /session/76bbe7a963ba333ac6e3770165032c4a/element/f.37B6A3D8B8D5C040CDE4E4CEB4627624.d.870C6550857704ED91DFA9880DD39F87.e.3358/clear - {}
RESULT: {}
COMMAND: POST /session/76bbe7a963ba333ac6e3770165032c4a/element/f.37B6A3D8B8D5C040CDE4E4CEB4627624.d.870C6550857704ED91DFA9880DD39F87.e.3358/value - {"text":"574"}
COMMAND: GET /session/76bbe7a963ba333ac6e3770165032c4a/screenshot - {}
RESULT: {"text":"574"}
COMMAND: POST /session/76bbe7a963ba333ac6e3770165032c4a/actions - {"actions":[{"id":"action14","type":"key","parameters":{},"actions":[{"type":"keyDown","value":"î€‡"},{"type":"pause","duration":10},{"type":"keyUp","value":"î€‡"}]}]}
COMMAND: GET /session/76bbe7a963ba333ac6e3770165032c4a/screenshot - {}
RESULT: {}
RESULT: {"actions":[{"id":"action14","type":"key","parameters":{},"actions":[{"type":"keyDown","value":"î€‡"},{"type":"pause","duration":10},{"type":"keyUp","value":"î€‡"}]}]}
COMMAND: GET /session/76bbe7a963ba333ac6e3770165032c4a/screenshot - {}
RESULT: {}
RESULT: {}
COMMAND: POST /session/76bbe7a963ba333ac6e3770165032c4a/element - {"using":"xpath","value":"//button[contains(@data-kt, \"MasterMovementAddOverflowToolbarButton\")]"}
RESULT: {"using":"xpath","value":"//button[contains(@data-kt, \"MasterMovementAddOverflowToolbarButton\")]"}
COMMAND: POST /session/76bbe7a963ba333ac6e3770165032c4a/element/f.37B6A3D8B8D5C040CDE4E4CEB4627624.d.870C6550857704ED91DFA9880DD39F87.e.3377/click - {}
RESULT: {}
COMMAND: GET /session/76bbe7a963ba333ac6e3770165032c4a/screenshot - {}
RESULT: {}
COMMAND: POST /session/76bbe7a963ba333ac6e3770165032c4a/element - {"using":"xpath","value":"//*[@id=\"application-warehousemovements-display-component---addMovement--sectionsList-arrow\"]"}
RESULT: {"using":"xpath","value":"//*[@id=\"application-warehousemovements-display-component---addMovement--sectionsList-arrow\"]"}
COMMAND: POST /session/76bbe7a963ba333ac6e3770165032c4a/element/f.37B6A3D8B8D5C040CDE4E4CEB4627624.d.870C6550857704ED91DFA9880DD39F87.e.3538/click - {}
RESULT: {}
COMMAND: POST /session/76bbe7a963ba333ac6e3770165032c4a/actions - {"actions":[{"id":"action15","type":"key","parameters":{},"actions":[{"type":"keyDown","value":"î€•"},{"type":"pause","duration":10},{"type":"keyUp","value":"î€•"}]}]}
COMMAND: GET /session/76bbe7a963ba333ac6e3770165032c4a/screenshot - {}
RESULT: {"actions":[{"id":"action15","type":"key","parameters":{},"actions":[{"type":"keyDown","value":"î€•"},{"type":"pause","duration":10},{"type":"keyUp","value":"î€•"}]}]}
COMMAND: GET /session/76bbe7a963ba333ac6e3770165032c4a/screenshot - {}
RESULT: {}
RESULT: {}
COMMAND: POST /session/76bbe7a963ba333ac6e3770165032c4a/actions - {"actions":[{"id":"action16","type":"key","parameters":{},"actions":[{"type":"keyDown","value":"î€‡"},{"type":"pause","duration":10},{"type":"keyUp","value":"î€‡"}]}]}
RESULT: {"actions":[{"id":"action16","type":"key","parameters":{},"actions":[{"type":"keyDown","value":"î€‡"},{"type":"pause","duration":10},{"type":"keyUp","value":"î€‡"}]}]}
COMMAND: GET /session/76bbe7a963ba333ac6e3770165032c4a/screenshot - {}
RESULT: {}
COMMAND: POST /session/76bbe7a963ba333ac6e3770165032c4a/element - {"using":"xpath","value":"//*[@id=\"application-warehousemovements-display-component---addMovement--saveMovementBtn-BDI-content\" and text()=\"Save\"]"}
RESULT: {"using":"xpath","value":"//*[@id=\"application-warehousemovements-display-component---addMovement--saveMovementBtn-BDI-content\" and text()=\"Save\"]"}
COMMAND: POST /session/76bbe7a963ba333ac6e3770165032c4a/element/f.37B6A3D8B8D5C040CDE4E4CEB4627624.d.870C6550857704ED91DFA9880DD39F87.e.3539/click - {}
RESULT: {}
COMMAND: GET /session/76bbe7a963ba333ac6e3770165032c4a/screenshot - {}
RESULT: {}
COMMAND: POST /session/76bbe7a963ba333ac6e3770165032c4a/element - {"using":"css selector","value":"#shell-header-logo"}
RESULT: {"using":"css selector","value":"#shell-header-logo"}
COMMAND: POST /session/76bbe7a963ba333ac6e3770165032c4a/element/f.37B6A3D8B8D5C040CDE4E4CEB4627624.d.870C6550857704ED91DFA9880DD39F87.e.3338/click - {}
RESULT: {}
COMMAND: GET /session/76bbe7a963ba333ac6e3770165032c4a/screenshot - {}
RESULT: {}
]]></system-out>
    </testcase>
    <testcase classname="chrome.136_0_7103_93.windows.Stock_increase_-_with_WHM_US125587" name="Should do a stock increase handover" time="86.077">
      <system-out><![CDATA[
COMMAND: POST /session/76bbe7a963ba333ac6e3770165032c4a/execute/async - {"script":"<script> [1562 bytes]","args":[{"selector":{"controlType":"sap.m.GenericTile","properties":{"header":"Manage Handovers"}},"wdio_ui5_key":"sapm.GenericTile{\"header\":\"Manage Handovers\"}"}]}
RESULT: {"script":"<script> [1562 bytes]","args":[{"selector":{"controlType":"sap.m.GenericTile","properties":{"header":"Manage Handovers"}},"wdio_ui5_key":"sapm.GenericTile{\"header\":\"Manage Handovers\"}"}]}
RESULT: undefined
COMMAND: POST /session/76bbe7a963ba333ac6e3770165032c4a/element - {"using":"xpath","value":"//*[@id=\"__tile132\"]"}
RESULT: {"using":"xpath","value":"//*[@id=\"__tile132\"]"}
COMMAND: POST /session/76bbe7a963ba333ac6e3770165032c4a/element/f.37B6A3D8B8D5C040CDE4E4CEB4627624.d.870C6550857704ED91DFA9880DD39F87.e.2495/click - {}
RESULT: {}
COMMAND: GET /session/76bbe7a963ba333ac6e3770165032c4a/screenshot - {}
RESULT: {}
COMMAND: POST /session/76bbe7a963ba333ac6e3770165032c4a/elements - {"using":"xpath","value":"//span[text()='Error']"}
RESULT: {"using":"xpath","value":"//span[text()='Error']"}
COMMAND: POST /session/76bbe7a963ba333ac6e3770165032c4a/element - {"using":"xpath","value":"//button[@data-kt=\"masterHOAddButton\"]"}
RESULT: {"using":"xpath","value":"//button[@data-kt=\"masterHOAddButton\"]"}
COMMAND: POST /session/76bbe7a963ba333ac6e3770165032c4a/elements - {"using":"xpath","value":"//button[@data-kt=\"masterHOAddButton\"]"}
RESULT: {"using":"xpath","value":"//button[@data-kt=\"masterHOAddButton\"]"}
COMMAND: POST /session/76bbe7a963ba333ac6e3770165032c4a/elements - {"using":"xpath","value":"//button[@data-kt=\"masterHOAddButton\"]"}
RESULT: {"using":"xpath","value":"//button[@data-kt=\"masterHOAddButton\"]"}
COMMAND: POST /session/76bbe7a963ba333ac6e3770165032c4a/element - {"using":"xpath","value":"//button[@data-kt=\"masterHOAddButton\"]"}
RESULT: {"using":"xpath","value":"//button[@data-kt=\"masterHOAddButton\"]"}
COMMAND: POST /session/76bbe7a963ba333ac6e3770165032c4a/execute/sync - {"script":"<script> [8489 bytes]","args":[{"element-6066-11e4-a52e-4f735466cecf":"f.37B6A3D8B8D5C040CDE4E4CEB4627624.d.870C6550857704ED91DFA9880DD39F87.e.3631","ELEMENT":"f.37B6A3D8B8D5C040CDE4E4CEB4627624.d.870C6550857704ED91DFA9880DD39F87.e.3631"}]}
RESULT: {"script":"<script> [8489 bytes]","args":[{"element-6066-11e4-a52e-4f735466cecf":"f.37B6A3D8B8D5C040CDE4E4CEB4627624.d.870C6550857704ED91DFA9880DD39F87.e.3631","ELEMENT":"f.37B6A3D8B8D5C040CDE4E4CEB4627624.d.870C6550857704ED91DFA9880DD39F87.e.3631"}]}
COMMAND: GET /session/76bbe7a963ba333ac6e3770165032c4a/element/f.37B6A3D8B8D5C040CDE4E4CEB4627624.d.870C6550857704ED91DFA9880DD39F87.e.3631/enabled - {}
COMMAND: GET /session/76bbe7a963ba333ac6e3770165032c4a/screenshot - {}
RESULT: {}
COMMAND: POST /session/76bbe7a963ba333ac6e3770165032c4a/execute/sync - {"script":"<script> [8489 bytes]","args":[{"element-6066-11e4-a52e-4f735466cecf":"f.37B6A3D8B8D5C040CDE4E4CEB4627624.d.870C6550857704ED91DFA9880DD39F87.e.3631","ELEMENT":"f.37B6A3D8B8D5C040CDE4E4CEB4627624.d.870C6550857704ED91DFA9880DD39F87.e.3631"}]}
COMMAND: GET /session/76bbe7a963ba333ac6e3770165032c4a/screenshot - {}
RESULT: {}
RESULT: {"script":"<script> [8489 bytes]","args":[{"element-6066-11e4-a52e-4f735466cecf":"f.37B6A3D8B8D5C040CDE4E4CEB4627624.d.870C6550857704ED91DFA9880DD39F87.e.3631","ELEMENT":"f.37B6A3D8B8D5C040CDE4E4CEB4627624.d.870C6550857704ED91DFA9880DD39F87.e.3631"}]}
COMMAND: POST /session/76bbe7a963ba333ac6e3770165032c4a/execute/sync - {"script":"<script> [5351 bytes]","args":[{"element-6066-11e4-a52e-4f735466cecf":"f.37B6A3D8B8D5C040CDE4E4CEB4627624.d.870C6550857704ED91DFA9880DD39F87.e.3631","ELEMENT":"f.37B6A3D8B8D5C040CDE4E4CEB4627624.d.870C6550857704ED91DFA9880DD39F87.e.3631"}]}
COMMAND: GET /session/76bbe7a963ba333ac6e3770165032c4a/screenshot - {}
RESULT: {}
RESULT: {"script":"<script> [5351 bytes]","args":[{"element-6066-11e4-a52e-4f735466cecf":"f.37B6A3D8B8D5C040CDE4E4CEB4627624.d.870C6550857704ED91DFA9880DD39F87.e.3631","ELEMENT":"f.37B6A3D8B8D5C040CDE4E4CEB4627624.d.870C6550857704ED91DFA9880DD39F87.e.3631"}]}
COMMAND: POST /session/76bbe7a963ba333ac6e3770165032c4a/element/f.37B6A3D8B8D5C040CDE4E4CEB4627624.d.870C6550857704ED91DFA9880DD39F87.e.3631/click - {}
COMMAND: GET /session/76bbe7a963ba333ac6e3770165032c4a/screenshot - {}
RESULT: {}
RESULT: {}
COMMAND: GET /session/76bbe7a963ba333ac6e3770165032c4a/screenshot - {}
RESULT: {}
COMMAND: POST /session/76bbe7a963ba333ac6e3770165032c4a/element - {"using":"xpath","value":"//span[contains(@id ,\"AddNewHO--typeSelect-arrow\")]"}
RESULT: {}
RESULT: {"using":"xpath","value":"//span[contains(@id ,\"AddNewHO--typeSelect-arrow\")]"}
COMMAND: POST /session/76bbe7a963ba333ac6e3770165032c4a/element/f.37B6A3D8B8D5C040CDE4E4CEB4627624.d.870C6550857704ED91DFA9880DD39F87.e.4002/click - {}
RESULT: {}
COMMAND: GET /session/76bbe7a963ba333ac6e3770165032c4a/screenshot - {}
RESULT: {}
COMMAND: POST /session/76bbe7a963ba333ac6e3770165032c4a/element - {"using":"xpath","value":"(//li[contains(text(), \"stock increase yard\")])[1]"}
RESULT: {"using":"xpath","value":"(//li[contains(text(), \"stock increase yard\")])[1]"}
COMMAND: POST /session/76bbe7a963ba333ac6e3770165032c4a/element/f.37B6A3D8B8D5C040CDE4E4CEB4627624.d.870C6550857704ED91DFA9880DD39F87.e.4003/click - {}
RESULT: {}
COMMAND: GET /session/76bbe7a963ba333ac6e3770165032c4a/screenshot - {}
RESULT: {}
COMMAND: POST /session/76bbe7a963ba333ac6e3770165032c4a/execute/async - {"script":"<script> [1562 bytes]","args":[{"selector":{"id":"application-managehandovers-display-component---AddNewHO--dueDate","interaction":{"idSuffix":"inner"}},"wdio_ui5_key":"applicationmanagehandovers-display-component---AddNewHO--dueDate"}]}
RESULT: {"script":"<script> [1562 bytes]","args":[{"selector":{"id":"application-managehandovers-display-component---AddNewHO--dueDate","interaction":{"idSuffix":"inner"}},"wdio_ui5_key":"applicationmanagehandovers-display-component---AddNewHO--dueDate"}]}
RESULT: undefined
COMMAND: POST /session/76bbe7a963ba333ac6e3770165032c4a/execute/async - {"script":"<script> [6424 bytes]","args":[{"element-6066-11e4-a52e-4f735466cecf":"f.37B6A3D8B8D5C040CDE4E4CEB4627624.d.870C6550857704ED91DFA9880DD39F87.e.4005"},"setValue",["5/20/25"]]}
RESULT: {"script":"<script> [6424 bytes]","args":[{"element-6066-11e4-a52e-4f735466cecf":"f.37B6A3D8B8D5C040CDE4E4CEB4627624.d.870C6550857704ED91DFA9880DD39F87.e.4005"},"setValue",["5/20/25"]]}
COMMAND: POST /session/76bbe7a963ba333ac6e3770165032c4a/element - {"using":"xpath","value":"//input[@id=\"generalSectionFrg--receiveYard-inner\"]"}
RESULT: {"using":"xpath","value":"//input[@id=\"generalSectionFrg--receiveYard-inner\"]"}
COMMAND: POST /session/76bbe7a963ba333ac6e3770165032c4a/element/f.37B6A3D8B8D5C040CDE4E4CEB4627624.d.870C6550857704ED91DFA9880DD39F87.e.4009/clear - {}
RESULT: {}
COMMAND: POST /session/76bbe7a963ba333ac6e3770165032c4a/element/f.37B6A3D8B8D5C040CDE4E4CEB4627624.d.870C6550857704ED91DFA9880DD39F87.e.4009/value - {"text":"574"}
COMMAND: GET /session/76bbe7a963ba333ac6e3770165032c4a/screenshot - {}
RESULT: {"text":"574"}
COMMAND: GET /session/76bbe7a963ba333ac6e3770165032c4a/screenshot - {}
RESULT: {}
RESULT: {}
COMMAND: POST /session/76bbe7a963ba333ac6e3770165032c4a/element - {"using":"xpath","value":"//li[.//span[text()='574']]"}
RESULT: {"using":"xpath","value":"//li[.//span[text()='574']]"}
COMMAND: POST /session/76bbe7a963ba333ac6e3770165032c4a/element/f.37B6A3D8B8D5C040CDE4E4CEB4627624.d.870C6550857704ED91DFA9880DD39F87.e.4026/click - {}
RESULT: {}
COMMAND: GET /session/76bbe7a963ba333ac6e3770165032c4a/screenshot - {}
RESULT: {}
COMMAND: POST /session/76bbe7a963ba333ac6e3770165032c4a/execute/async - {"script":"<script> [1562 bytes]","args":[{"selector":{"id":"application-managehandovers-display-component---AddNewHO--ObjectPageLayout-anchBar-application-managehandovers-display-component---AddNewHO--section4-anchor","interaction":{"idSuffix":"BDI-content"}},"wdio_ui5_key":"applicationmanagehandovers-display-component---AddNewHO--ObjectPageLayout-anchBar-application-managehandovers-display-component---AddNewHO--section4-anchor"}]}
RESULT: {"script":"<script> [1562 bytes]","args":[{"selector":{"id":"application-managehandovers-display-component---AddNewHO--ObjectPageLayout-anchBar-application-managehandovers-display-component---AddNewHO--section4-anchor","interaction":{"idSuffix":"BDI-content"}},"wdio_ui5_key":"applicationmanagehandovers-display-component---AddNewHO--ObjectPageLayout-anchBar-application-managehandovers-display-component---AddNewHO--section4-anchor"}]}
RESULT: undefined
COMMAND: POST /session/76bbe7a963ba333ac6e3770165032c4a/element - {"using":"xpath","value":"//*[@id=\"application-managehandovers-display-component---AddNewHO--ObjectPageLayout-anchBar-application-managehandovers-display-component---AddNewHO--section4-anchor\"]"}
RESULT: {"using":"xpath","value":"//*[@id=\"application-managehandovers-display-component---AddNewHO--ObjectPageLayout-anchBar-application-managehandovers-display-component---AddNewHO--section4-anchor\"]"}
COMMAND: POST /session/76bbe7a963ba333ac6e3770165032c4a/element/f.37B6A3D8B8D5C040CDE4E4CEB4627624.d.870C6550857704ED91DFA9880DD39F87.e.4028/click - {}
RESULT: {}
COMMAND: POST /session/76bbe7a963ba333ac6e3770165032c4a/element - {"using":"xpath","value":"//button[@aria-label=\"Add\"]"}
COMMAND: GET /session/76bbe7a963ba333ac6e3770165032c4a/screenshot - {}
RESULT: {"using":"xpath","value":"//button[@aria-label=\"Add\"]"}
COMMAND: POST /session/76bbe7a963ba333ac6e3770165032c4a/element/f.37B6A3D8B8D5C040CDE4E4CEB4627624.d.870C6550857704ED91DFA9880DD39F87.e.4030/click - {}
RESULT: {}
RESULT: {}
COMMAND: GET /session/76bbe7a963ba333ac6e3770165032c4a/screenshot - {}
RESULT: {}
COMMAND: POST /session/76bbe7a963ba333ac6e3770165032c4a/execute/async - {"script":"<script> [1562 bytes]","args":[{"selector":{"id":"application-managehandovers-display-component---AddNewHO--smartFilterBar-btnBasicSearch","searchOpenDialogs":true,"interaction":{"idSuffix":"I"}},"wdio_ui5_key":"applicationmanagehandovers-display-component---AddNewHO--smartFilterBar-btnBasicSearch"}]}
RESULT: {"script":"<script> [1562 bytes]","args":[{"selector":{"id":"application-managehandovers-display-component---AddNewHO--smartFilterBar-btnBasicSearch","searchOpenDialogs":true,"interaction":{"idSuffix":"I"}},"wdio_ui5_key":"applicationmanagehandovers-display-component---AddNewHO--smartFilterBar-btnBasicSearch"}]}
RESULT: undefined
COMMAND: POST /session/76bbe7a963ba333ac6e3770165032c4a/execute/async - {"script":"<script> [776 bytes]","args":[{"enterText":"200314","selector":{"id":"application-managehandovers-display-component---AddNewHO--smartFilterBar-btnBasicSearch","searchOpenDialogs":true,"interaction":{"idSuffix":"I"}},"clearTextFirst":true,"interactionType":"ENTER_TEXT"}]}
RESULT: {"script":"<script> [776 bytes]","args":[{"enterText":"200314","selector":{"id":"application-managehandovers-display-component---AddNewHO--smartFilterBar-btnBasicSearch","searchOpenDialogs":true,"interaction":{"idSuffix":"I"}},"clearTextFirst":true,"interactionType":"ENTER_TEXT"}]}
COMMAND: POST /session/76bbe7a963ba333ac6e3770165032c4a/actions - {"actions":[{"id":"action17","type":"key","parameters":{},"actions":[{"type":"keyDown","value":"î€‡"},{"type":"pause","duration":10},{"type":"keyUp","value":"î€‡"}]}]}
RESULT: {"actions":[{"id":"action17","type":"key","parameters":{},"actions":[{"type":"keyDown","value":"î€‡"},{"type":"pause","duration":10},{"type":"keyUp","value":"î€‡"}]}]}
COMMAND: GET /session/76bbe7a963ba333ac6e3770165032c4a/screenshot - {}
RESULT: {}
COMMAND: POST /session/76bbe7a963ba333ac6e3770165032c4a/execute/async - {"script":"<script> [1562 bytes]","args":[{"selector":{"id":"application-managehandovers-display-component---AddNewHO--popup-sa","searchOpenDialogs":true,"interaction":{"idSuffix":"CbBg"}},"wdio_ui5_key":"applicationmanagehandovers-display-component---AddNewHO--popup-sa"}]}
RESULT: {"script":"<script> [1562 bytes]","args":[{"selector":{"id":"application-managehandovers-display-component---AddNewHO--popup-sa","searchOpenDialogs":true,"interaction":{"idSuffix":"CbBg"}},"wdio_ui5_key":"applicationmanagehandovers-display-component---AddNewHO--popup-sa"}]}
RESULT: undefined
COMMAND: POST /session/76bbe7a963ba333ac6e3770165032c4a/element - {"using":"xpath","value":"//*[@id=\"application-managehandovers-display-component---AddNewHO--popup-sa\"]"}
RESULT: {"using":"xpath","value":"//*[@id=\"application-managehandovers-display-component---AddNewHO--popup-sa\"]"}
COMMAND: POST /session/76bbe7a963ba333ac6e3770165032c4a/element/f.37B6A3D8B8D5C040CDE4E4CEB4627624.d.870C6550857704ED91DFA9880DD39F87.e.4183/click - {}
RESULT: {}
COMMAND: GET /session/76bbe7a963ba333ac6e3770165032c4a/screenshot - {}
RESULT: {}
COMMAND: POST /session/76bbe7a963ba333ac6e3770165032c4a/element - {"using":"xpath","value":"//bdi[contains(text(), \"Select\")]"}
RESULT: {"using":"xpath","value":"//bdi[contains(text(), \"Select\")]"}
COMMAND: POST /session/76bbe7a963ba333ac6e3770165032c4a/element/f.37B6A3D8B8D5C040CDE4E4CEB4627624.d.870C6550857704ED91DFA9880DD39F87.e.4184/click - {}
RESULT: {}
COMMAND: GET /session/76bbe7a963ba333ac6e3770165032c4a/screenshot - {}
RESULT: {}
COMMAND: POST /session/76bbe7a963ba333ac6e3770165032c4a/element - {"using":"xpath","value":"//button[@data-kt=\"AddNewHOSaveButton\"]"}
RESULT: {"using":"xpath","value":"//button[@data-kt=\"AddNewHOSaveButton\"]"}
COMMAND: POST /session/76bbe7a963ba333ac6e3770165032c4a/element/f.37B6A3D8B8D5C040CDE4E4CEB4627624.d.870C6550857704ED91DFA9880DD39F87.e.4188/click - {}
RESULT: {}
COMMAND: GET /session/76bbe7a963ba333ac6e3770165032c4a/screenshot - {}
RESULT: {}
COMMAND: POST /session/76bbe7a963ba333ac6e3770165032c4a/execute/async - {"script":"<script> [1562 bytes]","args":[{"selector":{"id":"receiptDatePicker","viewName":"etm.portal.ui.managehandovers.view.DetailExecuteHO","interaction":{"idSuffix":"inner"}},"wdio_ui5_key":"receiptDatePickeretmportal.ui.managehandovers.view.DetailExecuteHO"}]}
RESULT: {"script":"<script> [1562 bytes]","args":[{"selector":{"id":"receiptDatePicker","viewName":"etm.portal.ui.managehandovers.view.DetailExecuteHO","interaction":{"idSuffix":"inner"}},"wdio_ui5_key":"receiptDatePickeretmportal.ui.managehandovers.view.DetailExecuteHO"}]}
RESULT: undefined
COMMAND: POST /session/76bbe7a963ba333ac6e3770165032c4a/execute/async - {"script":"<script> [6424 bytes]","args":[{"element-6066-11e4-a52e-4f735466cecf":"f.37B6A3D8B8D5C040CDE4E4CEB4627624.d.870C6550857704ED91DFA9880DD39F87.e.4209"},"setValue",["5/20/25"]]}
RESULT: {"script":"<script> [6424 bytes]","args":[{"element-6066-11e4-a52e-4f735466cecf":"f.37B6A3D8B8D5C040CDE4E4CEB4627624.d.870C6550857704ED91DFA9880DD39F87.e.4209"},"setValue",["5/20/25"]]}
COMMAND: POST /session/76bbe7a963ba333ac6e3770165032c4a/element - {"using":"xpath","value":"//button[@data-kt=\"PickingTableConfirmAllButton\"]"}
RESULT: {"using":"xpath","value":"//button[@data-kt=\"PickingTableConfirmAllButton\"]"}
COMMAND: POST /session/76bbe7a963ba333ac6e3770165032c4a/element/f.37B6A3D8B8D5C040CDE4E4CEB4627624.d.870C6550857704ED91DFA9880DD39F87.e.4226/click - {}
RESULT: {}
COMMAND: GET /session/76bbe7a963ba333ac6e3770165032c4a/screenshot - {}
RESULT: {}
COMMAND: POST /session/76bbe7a963ba333ac6e3770165032c4a/element - {"using":"xpath","value":"//bdi[contains(text(), \"OK\")]"}
RESULT: {"using":"xpath","value":"//bdi[contains(text(), \"OK\")]"}
COMMAND: POST /session/76bbe7a963ba333ac6e3770165032c4a/element/f.37B6A3D8B8D5C040CDE4E4CEB4627624.d.870C6550857704ED91DFA9880DD39F87.e.4228/click - {}
RESULT: {}
COMMAND: GET /session/76bbe7a963ba333ac6e3770165032c4a/screenshot - {}
RESULT: {}
COMMAND: POST /session/76bbe7a963ba333ac6e3770165032c4a/element - {"using":"xpath","value":"(//bdi[contains(text(), \"Receive\")])[2]"}
RESULT: {"using":"xpath","value":"(//bdi[contains(text(), \"Receive\")])[2]"}
COMMAND: POST /session/76bbe7a963ba333ac6e3770165032c4a/element/f.37B6A3D8B8D5C040CDE4E4CEB4627624.d.870C6550857704ED91DFA9880DD39F87.e.4230/click - {}
RESULT: {}
COMMAND: GET /session/76bbe7a963ba333ac6e3770165032c4a/screenshot - {}
RESULT: {}
COMMAND: POST /session/76bbe7a963ba333ac6e3770165032c4a/element - {"using":"css selector","value":"#shell-header-logo"}
RESULT: {"using":"css selector","value":"#shell-header-logo"}
COMMAND: POST /session/76bbe7a963ba333ac6e3770165032c4a/element/f.37B6A3D8B8D5C040CDE4E4CEB4627624.d.870C6550857704ED91DFA9880DD39F87.e.3607/click - {}
RESULT: {}
COMMAND: GET /session/76bbe7a963ba333ac6e3770165032c4a/screenshot - {}
RESULT: {}
COMMAND: POST /session/76bbe7a963ba333ac6e3770165032c4a/element - {"using":"css selector","value":"#j_username"}
COMMAND: POST /session/76bbe7a963ba333ac6e3770165032c4a/url - {"url":"https://qa-testing-00-live-etm-ui.cfapps.eu10-004.hana.ondemand.com/"}
RESULT: {"using":"css selector","value":"#j_username"}
COMMAND: POST /session/76bbe7a963ba333ac6e3770165032c4a/element - {"using":"css selector","value":"#j_username"}
RESULT: {"url":"https://qa-testing-00-live-etm-ui.cfapps.eu10-004.hana.ondemand.com/"}
RESULT: undefined
COMMAND: GET /session/76bbe7a963ba333ac6e3770165032c4a/screenshot - {}
RESULT: {"using":"css selector","value":"#j_username"}
COMMAND: POST /session/76bbe7a963ba333ac6e3770165032c4a/element - {"using":"css selector","value":"#shell-header-logo"}
RESULT: {}
RESULT: {"using":"css selector","value":"#shell-header-logo"}
COMMAND: POST /session/76bbe7a963ba333ac6e3770165032c4a/execute/sync - {"script":"<script> [8489 bytes]","args":[{"element-6066-11e4-a52e-4f735466cecf":"f.37B6A3D8B8D5C040CDE4E4CEB4627624.d.447AF7AFD743D007AC88C6B43C44EAE9.e.4408","ELEMENT":"f.37B6A3D8B8D5C040CDE4E4CEB4627624.d.447AF7AFD743D007AC88C6B43C44EAE9.e.4408"}]}
RESULT: {"script":"<script> [8489 bytes]","args":[{"element-6066-11e4-a52e-4f735466cecf":"f.37B6A3D8B8D5C040CDE4E4CEB4627624.d.447AF7AFD743D007AC88C6B43C44EAE9.e.4408","ELEMENT":"f.37B6A3D8B8D5C040CDE4E4CEB4627624.d.447AF7AFD743D007AC88C6B43C44EAE9.e.4408"}]}
COMMAND: POST /session/76bbe7a963ba333ac6e3770165032c4a/element - {"using":"css selector","value":"#shell-header-logo"}
COMMAND: GET /session/76bbe7a963ba333ac6e3770165032c4a/screenshot - {}
RESULT: {"using":"css selector","value":"#shell-header-logo"}
COMMAND: POST /session/76bbe7a963ba333ac6e3770165032c4a/execute/sync - {"script":"<script> [8489 bytes]","args":[{"element-6066-11e4-a52e-4f735466cecf":"f.37B6A3D8B8D5C040CDE4E4CEB4627624.d.447AF7AFD743D007AC88C6B43C44EAE9.e.4408","ELEMENT":"f.37B6A3D8B8D5C040CDE4E4CEB4627624.d.447AF7AFD743D007AC88C6B43C44EAE9.e.4408"}]}
RESULT: {}
RESULT: {"script":"<script> [8489 bytes]","args":[{"element-6066-11e4-a52e-4f735466cecf":"f.37B6A3D8B8D5C040CDE4E4CEB4627624.d.447AF7AFD743D007AC88C6B43C44EAE9.e.4408","ELEMENT":"f.37B6A3D8B8D5C040CDE4E4CEB4627624.d.447AF7AFD743D007AC88C6B43C44EAE9.e.4408"}]}
COMMAND: POST /session/76bbe7a963ba333ac6e3770165032c4a/execute/sync - {"script":"<script> [5351 bytes]","args":[{"element-6066-11e4-a52e-4f735466cecf":"f.37B6A3D8B8D5C040CDE4E4CEB4627624.d.447AF7AFD743D007AC88C6B43C44EAE9.e.4408","ELEMENT":"f.37B6A3D8B8D5C040CDE4E4CEB4627624.d.447AF7AFD743D007AC88C6B43C44EAE9.e.4408"}]}
COMMAND: GET /session/76bbe7a963ba333ac6e3770165032c4a/screenshot - {}
RESULT: {}
RESULT: {"script":"<script> [5351 bytes]","args":[{"element-6066-11e4-a52e-4f735466cecf":"f.37B6A3D8B8D5C040CDE4E4CEB4627624.d.447AF7AFD743D007AC88C6B43C44EAE9.e.4408","ELEMENT":"f.37B6A3D8B8D5C040CDE4E4CEB4627624.d.447AF7AFD743D007AC88C6B43C44EAE9.e.4408"}]}
COMMAND: POST /session/76bbe7a963ba333ac6e3770165032c4a/element - {"using":"css selector","value":"#shell-header-logo"}
COMMAND: GET /session/76bbe7a963ba333ac6e3770165032c4a/screenshot - {}
RESULT: {"using":"css selector","value":"#shell-header-logo"}
COMMAND: POST /session/76bbe7a963ba333ac6e3770165032c4a/element/f.37B6A3D8B8D5C040CDE4E4CEB4627624.d.447AF7AFD743D007AC88C6B43C44EAE9.e.4408/click - {}
RESULT: {}
RESULT: {}
COMMAND: GET /session/76bbe7a963ba333ac6e3770165032c4a/screenshot - {}
RESULT: {}
COMMAND: POST /session/76bbe7a963ba333ac6e3770165032c4a/execute/async - {"script":"<script> [189 bytes]","args":[]}
RESULT: {"script":"<script> [189 bytes]","args":[]}
COMMAND: POST /session/76bbe7a963ba333ac6e3770165032c4a/execute/async - {"script":"<script> [123 bytes]","args":[]}
RESULT: {"script":"<script> [123 bytes]","args":[]}
COMMAND: POST /session/76bbe7a963ba333ac6e3770165032c4a/timeouts - {"script":"<number>"}
RESULT: {"script":"<number>"}
COMMAND: GET /session/76bbe7a963ba333ac6e3770165032c4a/timeouts - {}
RESULT: {}
RESULT: undefined
COMMAND: POST /session/76bbe7a963ba333ac6e3770165032c4a/execute/async - {"script":"<script> [2676 bytes]","args":[]}
RESULT: {"script":"<script> [2676 bytes]","args":[]}
COMMAND: POST /session/76bbe7a963ba333ac6e3770165032c4a/execute/async - {"script":"<script> [2342 bytes]","args":[{"protocol":"http","hostname":"0.0.0.0","path":"/","capabilities":{"browserName":"chrome","goog:chromeOptions":{"binary":"C:\\Program Files\\Google\\Chrome\\Application\\chrome.exe","args":["--start-maximized"]}},"logLevel":"warn","connectionRetryTimeout":120000,"connectionRetryCount":3,"logLevels":{},"enableDirectConnect":true,"strictSSL":true,"_":"65 more keys: [\"cacheDir\",\"port\",\"requestedCapabilities\",\"automationProtocol\",\"baseUrl\",\"waitforInterval\",\"waitforTimeout\",\"onReload\",\"beforeCommand\",\"afterCommand\",\"rootDir\",\"specs\",\"suites\",\"exclude\",\"groupLogsByTestSpec\",\"excludeDriverLogs\",\"bail\",\"framework\",\"reporters\",\"services\",\"maxInstances\",\"maxInstancesPerCapability\",\"injectGlobals\",\"filesToWatch\",\"execArgv\",\"runnerEnv\",\"runner\",\"shard\",\"specFileRetries\",\"specFileRetriesDelay\",\"specFileRetriesDeferred\",\"reporterSyncInterval\",\"reporterSyncTimeout\",\"cucumberFeaturesWithLineNumbers\",\"autoCompileOpts\",\"mochaOpts\",\"jasmineOpts\",\"cucumberOpts\",\"onPrepare\",\"onWorkerStart\",\"onWorkerEnd\",\"before\",\"beforeSession\",\"beforeSuite\",\"beforeHook\",\"beforeTest\",\"afterTest\",\"afterHook\",\"afterSuite\",\"afterSession\",\"after\",\"onComplete\",\"beforeAssertion\",\"afterAssertion\",\"beforeFeature\",\"beforeScenario\",\"beforeStep\",\"afterStep\",\"afterScenario\",\"afterFeature\",\"_\",\"suite\",\"$0\",\"ignoredWorkerServices\",\"wdi5\"]"}]}
RESULT: {"script":"<script> [2342 bytes]","args":[{"protocol":"http","hostname":"0.0.0.0","path":"/","capabilities":{"browserName":"chrome","goog:chromeOptions":{"binary":"C:\\Program Files\\Google\\Chrome\\Application\\chrome.exe","args":["--start-maximized"]}},"logLevel":"warn","connectionRetryTimeout":120000,"connectionRetryCount":3,"logLevels":{},"enableDirectConnect":true,"strictSSL":true,"_":"65 more keys: [\"cacheDir\",\"port\",\"requestedCapabilities\",\"automationProtocol\",\"baseUrl\",\"waitforInterval\",\"waitforTimeout\",\"onReload\",\"beforeCommand\",\"afterCommand\",\"rootDir\",\"specs\",\"suites\",\"exclude\",\"groupLogsByTestSpec\",\"excludeDriverLogs\",\"bail\",\"framework\",\"reporters\",\"services\",\"maxInstances\",\"maxInstancesPerCapability\",\"injectGlobals\",\"filesToWatch\",\"execArgv\",\"runnerEnv\",\"runner\",\"shard\",\"specFileRetries\",\"specFileRetriesDelay\",\"specFileRetriesDeferred\",\"reporterSyncInterval\",\"reporterSyncTimeout\",\"cucumberFeaturesWithLineNumbers\",\"autoCompileOpts\",\"mochaOpts\",\"jasmineOpts\",\"cucumberOpts\",\"onPrepare\",\"onWorkerStart\",\"onWorkerEnd\",\"before\",\"beforeSession\",\"beforeSuite\",\"beforeHook\",\"beforeTest\",\"afterTest\",\"afterHook\",\"afterSuite\",\"afterSession\",\"after\",\"onComplete\",\"beforeAssertion\",\"afterAssertion\",\"beforeFeature\",\"beforeScenario\",\"beforeStep\",\"afterStep\",\"afterScenario\",\"afterFeature\",\"_\",\"suite\",\"$0\",\"ignoredWorkerServices\",\"wdi5\"]"}]}
COMMAND: POST /session/76bbe7a963ba333ac6e3770165032c4a/execute/async - {"script":"<script> [21126 bytes]","args":[35000]}
RESULT: {"script":"<script> [21126 bytes]","args":[35000]}
COMMAND: POST /session/76bbe7a963ba333ac6e3770165032c4a/window/maximize - {}
RESULT: {}
COMMAND: POST /session/76bbe7a963ba333ac6e3770165032c4a/execute/async - {"script":"<script> [1562 bytes]","args":[{"selector":{"id":"shell-header","interaction":{"idSuffix":"icon"}},"wdio_ui5_key":"shellheader"}]}
COMMAND: GET /session/76bbe7a963ba333ac6e3770165032c4a/screenshot - {}
RESULT: {"script":"<script> [1562 bytes]","args":[{"selector":{"id":"shell-header","interaction":{"idSuffix":"icon"}},"wdio_ui5_key":"shellheader"}]}
RESULT: undefined
COMMAND: POST /session/76bbe7a963ba333ac6e3770165032c4a/window/fullscreen - {}
RESULT: {}
RESULT: {}
]]></system-out>
    </testcase>
  </testsuite>
  <testsuite timestamp="2025-05-20T05:48:56" time="142.609" tests="6" failures="0" errors="0" skipped="0">
    <properties>
      <property name="specId" value="0" />
      <property name="suiteName" value="Provide to Site w/ warehouse management w/ clarification US115878" />
      <property name="capabilities" value="chrome.136_0_7103_93.windows" />
      <property name="file" value="file:///D:/a/1/s/test/specs/HTR/provide-to-site-w-warehouse-w-clarification.spec.js" />
    </properties>
    <testcase classname="chrome.136_0_7103_93.windows.Provide_to_Site_w/_warehouse_management_w/_clarification_US115878" name="Should create a new WHM yard" time="0.018">
      <system-out><![CDATA[
COMMAND: POST /session/76bbe7a963ba333ac6e3770165032c4a/window/fullscreen - {}
RESULT: {}
]]></system-out>
    </testcase>
    <testcase classname="chrome.136_0_7103_93.windows.Provide_to_Site_w/_warehouse_management_w/_clarification_US115878" name="Should create a new external WHM partner" time="0.006" />
    <testcase classname="chrome.136_0_7103_93.windows.Provide_to_Site_w/_warehouse_management_w/_clarification_US115878" name="Should create a new WHM site" time="0.004" />
    <testcase classname="chrome.136_0_7103_93.windows.Provide_to_Site_w/_warehouse_management_w/_clarification_US115878" name="Should create a new material" time="128.51">
      <system-out><![CDATA[
COMMAND: POST /session/76bbe7a963ba333ac6e3770165032c4a/execute/async - {"script":"<script> [1562 bytes]","args":[{"selector":{"controlType":"sap.m.GenericTile","properties":{"header":"Manage Resources"}},"wdio_ui5_key":"sapm.GenericTile{\"header\":\"Manage Resources\"}"}]}
RESULT: {"script":"<script> [1562 bytes]","args":[{"selector":{"controlType":"sap.m.GenericTile","properties":{"header":"Manage Resources"}},"wdio_ui5_key":"sapm.GenericTile{\"header\":\"Manage Resources\"}"}]}
RESULT: undefined
COMMAND: POST /session/76bbe7a963ba333ac6e3770165032c4a/element - {"using":"xpath","value":"//*[@id=\"__tile31\"]"}
RESULT: {"using":"xpath","value":"//*[@id=\"__tile31\"]"}
COMMAND: POST /session/76bbe7a963ba333ac6e3770165032c4a/element/f.37B6A3D8B8D5C040CDE4E4CEB4627624.d.447AF7AFD743D007AC88C6B43C44EAE9.e.4432/click - {}
RESULT: {}
COMMAND: GET /session/76bbe7a963ba333ac6e3770165032c4a/screenshot - {}
RESULT: {}
COMMAND: POST /session/76bbe7a963ba333ac6e3770165032c4a/elements - {"using":"xpath","value":"//span[text()='Error']"}
RESULT: {"using":"xpath","value":"//span[text()='Error']"}
COMMAND: POST /session/76bbe7a963ba333ac6e3770165032c4a/element - {"using":"xpath","value":"//button[@data-kt=\"addNewRUOverflowToolbarButton\"]"}
RESULT: {"using":"xpath","value":"//button[@data-kt=\"addNewRUOverflowToolbarButton\"]"}
COMMAND: POST /session/76bbe7a963ba333ac6e3770165032c4a/elements - {"using":"xpath","value":"//button[@data-kt=\"addNewRUOverflowToolbarButton\"]"}
RESULT: {"using":"xpath","value":"//button[@data-kt=\"addNewRUOverflowToolbarButton\"]"}
COMMAND: POST /session/76bbe7a963ba333ac6e3770165032c4a/elements - {"using":"xpath","value":"//button[@data-kt=\"addNewRUOverflowToolbarButton\"]"}
RESULT: {"using":"xpath","value":"//button[@data-kt=\"addNewRUOverflowToolbarButton\"]"}
COMMAND: POST /session/76bbe7a963ba333ac6e3770165032c4a/elements - {"using":"xpath","value":"//button[@data-kt=\"addNewRUOverflowToolbarButton\"]"}
RESULT: {"using":"xpath","value":"//button[@data-kt=\"addNewRUOverflowToolbarButton\"]"}
COMMAND: POST /session/76bbe7a963ba333ac6e3770165032c4a/elements - {"using":"xpath","value":"//button[@data-kt=\"addNewRUOverflowToolbarButton\"]"}
RESULT: {"using":"xpath","value":"//button[@data-kt=\"addNewRUOverflowToolbarButton\"]"}
COMMAND: POST /session/76bbe7a963ba333ac6e3770165032c4a/elements - {"using":"xpath","value":"//button[@data-kt=\"addNewRUOverflowToolbarButton\"]"}
RESULT: {"using":"xpath","value":"//button[@data-kt=\"addNewRUOverflowToolbarButton\"]"}
COMMAND: POST /session/76bbe7a963ba333ac6e3770165032c4a/elements - {"using":"xpath","value":"//button[@data-kt=\"addNewRUOverflowToolbarButton\"]"}
RESULT: {"using":"xpath","value":"//button[@data-kt=\"addNewRUOverflowToolbarButton\"]"}
COMMAND: POST /session/76bbe7a963ba333ac6e3770165032c4a/elements - {"using":"xpath","value":"//button[@data-kt=\"addNewRUOverflowToolbarButton\"]"}
RESULT: {"using":"xpath","value":"//button[@data-kt=\"addNewRUOverflowToolbarButton\"]"}
COMMAND: POST /session/76bbe7a963ba333ac6e3770165032c4a/elements - {"using":"xpath","value":"//button[@data-kt=\"addNewRUOverflowToolbarButton\"]"}
RESULT: {"using":"xpath","value":"//button[@data-kt=\"addNewRUOverflowToolbarButton\"]"}
COMMAND: POST /session/76bbe7a963ba333ac6e3770165032c4a/elements - {"using":"xpath","value":"//button[@data-kt=\"addNewRUOverflowToolbarButton\"]"}
RESULT: {"using":"xpath","value":"//button[@data-kt=\"addNewRUOverflowToolbarButton\"]"}
COMMAND: POST /session/76bbe7a963ba333ac6e3770165032c4a/elements - {"using":"xpath","value":"//button[@data-kt=\"addNewRUOverflowToolbarButton\"]"}
RESULT: {"using":"xpath","value":"//button[@data-kt=\"addNewRUOverflowToolbarButton\"]"}
COMMAND: POST /session/76bbe7a963ba333ac6e3770165032c4a/elements - {"using":"xpath","value":"//button[@data-kt=\"addNewRUOverflowToolbarButton\"]"}
RESULT: {"using":"xpath","value":"//button[@data-kt=\"addNewRUOverflowToolbarButton\"]"}
COMMAND: POST /session/76bbe7a963ba333ac6e3770165032c4a/elements - {"using":"xpath","value":"//button[@data-kt=\"addNewRUOverflowToolbarButton\"]"}
RESULT: {"using":"xpath","value":"//button[@data-kt=\"addNewRUOverflowToolbarButton\"]"}
COMMAND: POST /session/76bbe7a963ba333ac6e3770165032c4a/elements - {"using":"xpath","value":"//button[@data-kt=\"addNewRUOverflowToolbarButton\"]"}
RESULT: {"using":"xpath","value":"//button[@data-kt=\"addNewRUOverflowToolbarButton\"]"}
COMMAND: POST /session/76bbe7a963ba333ac6e3770165032c4a/element - {"using":"xpath","value":"//button[@data-kt=\"addNewRUOverflowToolbarButton\"]"}
RESULT: {"using":"xpath","value":"//button[@data-kt=\"addNewRUOverflowToolbarButton\"]"}
COMMAND: POST /session/76bbe7a963ba333ac6e3770165032c4a/execute/sync - {"script":"<script> [8489 bytes]","args":[{"element-6066-11e4-a52e-4f735466cecf":"f.37B6A3D8B8D5C040CDE4E4CEB4627624.d.447AF7AFD743D007AC88C6B43C44EAE9.e.4560","ELEMENT":"f.37B6A3D8B8D5C040CDE4E4CEB4627624.d.447AF7AFD743D007AC88C6B43C44EAE9.e.4560"}]}
RESULT: {"script":"<script> [8489 bytes]","args":[{"element-6066-11e4-a52e-4f735466cecf":"f.37B6A3D8B8D5C040CDE4E4CEB4627624.d.447AF7AFD743D007AC88C6B43C44EAE9.e.4560","ELEMENT":"f.37B6A3D8B8D5C040CDE4E4CEB4627624.d.447AF7AFD743D007AC88C6B43C44EAE9.e.4560"}]}
COMMAND: GET /session/76bbe7a963ba333ac6e3770165032c4a/element/f.37B6A3D8B8D5C040CDE4E4CEB4627624.d.447AF7AFD743D007AC88C6B43C44EAE9.e.4560/enabled - {}
COMMAND: GET /session/76bbe7a963ba333ac6e3770165032c4a/screenshot - {}
RESULT: {}
COMMAND: POST /session/76bbe7a963ba333ac6e3770165032c4a/execute/sync - {"script":"<script> [8489 bytes]","args":[{"element-6066-11e4-a52e-4f735466cecf":"f.37B6A3D8B8D5C040CDE4E4CEB4627624.d.447AF7AFD743D007AC88C6B43C44EAE9.e.4560","ELEMENT":"f.37B6A3D8B8D5C040CDE4E4CEB4627624.d.447AF7AFD743D007AC88C6B43C44EAE9.e.4560"}]}
COMMAND: GET /session/76bbe7a963ba333ac6e3770165032c4a/screenshot - {}
RESULT: {}
RESULT: {"script":"<script> [8489 bytes]","args":[{"element-6066-11e4-a52e-4f735466cecf":"f.37B6A3D8B8D5C040CDE4E4CEB4627624.d.447AF7AFD743D007AC88C6B43C44EAE9.e.4560","ELEMENT":"f.37B6A3D8B8D5C040CDE4E4CEB4627624.d.447AF7AFD743D007AC88C6B43C44EAE9.e.4560"}]}
COMMAND: POST /session/76bbe7a963ba333ac6e3770165032c4a/execute/sync - {"script":"<script> [5351 bytes]","args":[{"element-6066-11e4-a52e-4f735466cecf":"f.37B6A3D8B8D5C040CDE4E4CEB4627624.d.447AF7AFD743D007AC88C6B43C44EAE9.e.4560","ELEMENT":"f.37B6A3D8B8D5C040CDE4E4CEB4627624.d.447AF7AFD743D007AC88C6B43C44EAE9.e.4560"}]}
COMMAND: GET /session/76bbe7a963ba333ac6e3770165032c4a/screenshot - {}
RESULT: {}
RESULT: {"script":"<script> [5351 bytes]","args":[{"element-6066-11e4-a52e-4f735466cecf":"f.37B6A3D8B8D5C040CDE4E4CEB4627624.d.447AF7AFD743D007AC88C6B43C44EAE9.e.4560","ELEMENT":"f.37B6A3D8B8D5C040CDE4E4CEB4627624.d.447AF7AFD743D007AC88C6B43C44EAE9.e.4560"}]}
COMMAND: POST /session/76bbe7a963ba333ac6e3770165032c4a/element/f.37B6A3D8B8D5C040CDE4E4CEB4627624.d.447AF7AFD743D007AC88C6B43C44EAE9.e.4560/click - {}
COMMAND: GET /session/76bbe7a963ba333ac6e3770165032c4a/screenshot - {}
RESULT: {}
RESULT: {}
COMMAND: GET /session/76bbe7a963ba333ac6e3770165032c4a/screenshot - {}
COMMAND: POST /session/76bbe7a963ba333ac6e3770165032c4a/execute/async - {"script":"<script> [1562 bytes]","args":[{"selector":{"id":"application-manageresources-display-component---newResourceUnit--TYPE-arrow"},"wdio_ui5_key":"applicationmanageresources-display-component---newResourceUnit--TYPE-arrow"}]}
RESULT: {}
RESULT: {}
RESULT: {"script":"<script> [1562 bytes]","args":[{"selector":{"id":"application-manageresources-display-component---newResourceUnit--TYPE-arrow"},"wdio_ui5_key":"applicationmanageresources-display-component---newResourceUnit--TYPE-arrow"}]}
RESULT: undefined
COMMAND: POST /session/76bbe7a963ba333ac6e3770165032c4a/element - {"using":"xpath","value":"//*[@id=\"application-manageresources-display-component---newResourceUnit--TYPE-arrow\"]"}
RESULT: {"using":"xpath","value":"//*[@id=\"application-manageresources-display-component---newResourceUnit--TYPE-arrow\"]"}
COMMAND: POST /session/76bbe7a963ba333ac6e3770165032c4a/element/f.37B6A3D8B8D5C040CDE4E4CEB4627624.d.447AF7AFD743D007AC88C6B43C44EAE9.e.4923/click - {}
RESULT: {}
COMMAND: POST /session/76bbe7a963ba333ac6e3770165032c4a/element - {"using":"xpath","value":"//input[@id=\"application-manageresources-display-component---newResourceUnit--TYPE-inner\"]"}
COMMAND: GET /session/76bbe7a963ba333ac6e3770165032c4a/screenshot - {}
RESULT: {"using":"xpath","value":"//input[@id=\"application-manageresources-display-component---newResourceUnit--TYPE-inner\"]"}
COMMAND: POST /session/76bbe7a963ba333ac6e3770165032c4a/element/f.37B6A3D8B8D5C040CDE4E4CEB4627624.d.447AF7AFD743D007AC88C6B43C44EAE9.e.4913/clear - {}
RESULT: {}
RESULT: {}
COMMAND: POST /session/76bbe7a963ba333ac6e3770165032c4a/element/f.37B6A3D8B8D5C040CDE4E4CEB4627624.d.447AF7AFD743D007AC88C6B43C44EAE9.e.4913/value - {"text":"Material"}
COMMAND: GET /session/76bbe7a963ba333ac6e3770165032c4a/screenshot - {}
RESULT: {"text":"Material"}
COMMAND: GET /session/76bbe7a963ba333ac6e3770165032c4a/screenshot - {}
RESULT: {}
RESULT: {}
COMMAND: POST /session/76bbe7a963ba333ac6e3770165032c4a/actions - {"actions":[{"id":"action18","type":"key","parameters":{},"actions":[{"type":"keyDown","value":"î€‡"},{"type":"pause","duration":10},{"type":"keyUp","value":"î€‡"}]}]}
RESULT: {"actions":[{"id":"action18","type":"key","parameters":{},"actions":[{"type":"keyDown","value":"î€‡"},{"type":"pause","duration":10},{"type":"keyUp","value":"î€‡"}]}]}
COMMAND: POST /session/76bbe7a963ba333ac6e3770165032c4a/execute/async - {"script":"<script> [1562 bytes]","args":[{"selector":{"id":"application-manageresources-display-component---newResourceUnit--SHORT_TEXT","interaction":{"idSuffix":"inner"}},"wdio_ui5_key":"applicationmanageresources-display-component---newResourceUnit--SHORT_TEXT"}]}
COMMAND: GET /session/76bbe7a963ba333ac6e3770165032c4a/screenshot - {}
RESULT: {"script":"<script> [1562 bytes]","args":[{"selector":{"id":"application-manageresources-display-component---newResourceUnit--SHORT_TEXT","interaction":{"idSuffix":"inner"}},"wdio_ui5_key":"applicationmanageresources-display-component---newResourceUnit--SHORT_TEXT"}]}
RESULT: undefined
COMMAND: POST /session/76bbe7a963ba333ac6e3770165032c4a/execute/async - {"script":"<script> [776 bytes]","args":[{"enterText":"Cement WDIO","selector":{"id":"application-manageresources-display-component---newResourceUnit--SHORT_TEXT","interaction":{"idSuffix":"inner"}},"clearTextFirst":true,"interactionType":"ENTER_TEXT"}]}
RESULT: {}
RESULT: {"script":"<script> [776 bytes]","args":[{"enterText":"Cement WDIO","selector":{"id":"application-manageresources-display-component---newResourceUnit--SHORT_TEXT","interaction":{"idSuffix":"inner"}},"clearTextFirst":true,"interactionType":"ENTER_TEXT"}]}
COMMAND: POST /session/76bbe7a963ba333ac6e3770165032c4a/execute/async - {"script":"<script> [1562 bytes]","args":[{"selector":{"id":"application-manageresources-display-component---newResourceUnit--BASE_UNIT_OF_MEASURE","interaction":{"idSuffix":"inner"}},"wdio_ui5_key":"applicationmanageresources-display-component---newResourceUnit--BASE_UNIT_OF_MEASURE"}]}
RESULT: {"script":"<script> [1562 bytes]","args":[{"selector":{"id":"application-manageresources-display-component---newResourceUnit--BASE_UNIT_OF_MEASURE","interaction":{"idSuffix":"inner"}},"wdio_ui5_key":"applicationmanageresources-display-component---newResourceUnit--BASE_UNIT_OF_MEASURE"}]}
RESULT: undefined
COMMAND: POST /session/76bbe7a963ba333ac6e3770165032c4a/execute/async - {"script":"<script> [776 bytes]","args":[{"enterText":"Piece","selector":{"id":"application-manageresources-display-component---newResourceUnit--BASE_UNIT_OF_MEASURE","interaction":{"idSuffix":"inner"}},"clearTextFirst":true,"interactionType":"ENTER_TEXT"}]}
RESULT: {"script":"<script> [776 bytes]","args":[{"enterText":"Piece","selector":{"id":"application-manageresources-display-component---newResourceUnit--BASE_UNIT_OF_MEASURE","interaction":{"idSuffix":"inner"}},"clearTextFirst":true,"interactionType":"ENTER_TEXT"}]}
COMMAND: POST /session/76bbe7a963ba333ac6e3770165032c4a/execute/async - {"script":"<script> [1562 bytes]","args":[{"selector":{"id":"application-manageresources-display-component---newResourceUnit--WEIGHT_UNIT","interaction":{"idSuffix":"inner"}},"wdio_ui5_key":"applicationmanageresources-display-component---newResourceUnit--WEIGHT_UNIT"}]}
RESULT: {"script":"<script> [1562 bytes]","args":[{"selector":{"id":"application-manageresources-display-component---newResourceUnit--WEIGHT_UNIT","interaction":{"idSuffix":"inner"}},"wdio_ui5_key":"applicationmanageresources-display-component---newResourceUnit--WEIGHT_UNIT"}]}
RESULT: undefined
COMMAND: POST /session/76bbe7a963ba333ac6e3770165032c4a/execute/async - {"script":"<script> [776 bytes]","args":[{"enterText":"Gram","selector":{"id":"application-manageresources-display-component---newResourceUnit--WEIGHT_UNIT","interaction":{"idSuffix":"inner"}},"clearTextFirst":true,"interactionType":"ENTER_TEXT"}]}
RESULT: {"script":"<script> [776 bytes]","args":[{"enterText":"Gram","selector":{"id":"application-manageresources-display-component---newResourceUnit--WEIGHT_UNIT","interaction":{"idSuffix":"inner"}},"clearTextFirst":true,"interactionType":"ENTER_TEXT"}]}
COMMAND: POST /session/76bbe7a963ba333ac6e3770165032c4a/execute/async - {"script":"<script> [1562 bytes]","args":[{"selector":{"id":"application-manageresources-display-component---newResourceUnit--DIMENSION_UNIT","interaction":{"idSuffix":"inner"}},"wdio_ui5_key":"applicationmanageresources-display-component---newResourceUnit--DIMENSION_UNIT"}]}
RESULT: {"script":"<script> [1562 bytes]","args":[{"selector":{"id":"application-manageresources-display-component---newResourceUnit--DIMENSION_UNIT","interaction":{"idSuffix":"inner"}},"wdio_ui5_key":"applicationmanageresources-display-component---newResourceUnit--DIMENSION_UNIT"}]}
RESULT: undefined
COMMAND: POST /session/76bbe7a963ba333ac6e3770165032c4a/execute/async - {"script":"<script> [776 bytes]","args":[{"enterText":"Meter","selector":{"id":"application-manageresources-display-component---newResourceUnit--DIMENSION_UNIT","interaction":{"idSuffix":"inner"}},"clearTextFirst":true,"interactionType":"ENTER_TEXT"}]}
RESULT: {"script":"<script> [776 bytes]","args":[{"enterText":"Meter","selector":{"id":"application-manageresources-display-component---newResourceUnit--DIMENSION_UNIT","interaction":{"idSuffix":"inner"}},"clearTextFirst":true,"interactionType":"ENTER_TEXT"}]}
COMMAND: POST /session/76bbe7a963ba333ac6e3770165032c4a/execute/async - {"script":"<script> [1562 bytes]","args":[{"selector":{"id":"application-manageresources-display-component---newResourceUnit--newRRUPage-anchBar-application-manageresources-display-component---newResourceUnit--control-anchor","interaction":{"idSuffix":"BDI-content"}},"wdio_ui5_key":"applicationmanageresources-display-component---newResourceUnit--newRRUPage-anchBar-application-manageresources-display-component---newResourceUnit--control-anchor"}]}
RESULT: {"script":"<script> [1562 bytes]","args":[{"selector":{"id":"application-manageresources-display-component---newResourceUnit--newRRUPage-anchBar-application-manageresources-display-component---newResourceUnit--control-anchor","interaction":{"idSuffix":"BDI-content"}},"wdio_ui5_key":"applicationmanageresources-display-component---newResourceUnit--newRRUPage-anchBar-application-manageresources-display-component---newResourceUnit--control-anchor"}]}
RESULT: undefined
COMMAND: POST /session/76bbe7a963ba333ac6e3770165032c4a/element - {"using":"xpath","value":"//*[@id=\"application-manageresources-display-component---newResourceUnit--newRRUPage-anchBar-application-manageresources-display-component---newResourceUnit--control-anchor\"]"}
RESULT: {"using":"xpath","value":"//*[@id=\"application-manageresources-display-component---newResourceUnit--newRRUPage-anchBar-application-manageresources-display-component---newResourceUnit--control-anchor\"]"}
COMMAND: POST /session/76bbe7a963ba333ac6e3770165032c4a/element/f.37B6A3D8B8D5C040CDE4E4CEB4627624.d.447AF7AFD743D007AC88C6B43C44EAE9.e.4988/click - {}
RESULT: {}
COMMAND: POST /session/76bbe7a963ba333ac6e3770165032c4a/execute/async - {"script":"<script> [1562 bytes]","args":[{"selector":{"id":"application-manageresources-display-component---newResourceUnit--PLANNING_GROUP","interaction":{"idSuffix":"inner"}},"wdio_ui5_key":"applicationmanageresources-display-component---newResourceUnit--PLANNING_GROUP"}]}
COMMAND: GET /session/76bbe7a963ba333ac6e3770165032c4a/screenshot - {}
RESULT: {"script":"<script> [1562 bytes]","args":[{"selector":{"id":"application-manageresources-display-component---newResourceUnit--PLANNING_GROUP","interaction":{"idSuffix":"inner"}},"wdio_ui5_key":"applicationmanageresources-display-component---newResourceUnit--PLANNING_GROUP"}]}
RESULT: undefined
COMMAND: POST /session/76bbe7a963ba333ac6e3770165032c4a/execute/async - {"script":"<script> [776 bytes]","args":[{"enterText":"Material","selector":{"id":"application-manageresources-display-component---newResourceUnit--PLANNING_GROUP","interaction":{"idSuffix":"inner"}},"clearTextFirst":true,"interactionType":"ENTER_TEXT"}]}
RESULT: {}
RESULT: {"script":"<script> [776 bytes]","args":[{"enterText":"Material","selector":{"id":"application-manageresources-display-component---newResourceUnit--PLANNING_GROUP","interaction":{"idSuffix":"inner"}},"clearTextFirst":true,"interactionType":"ENTER_TEXT"}]}
COMMAND: POST /session/76bbe7a963ba333ac6e3770165032c4a/execute/async - {"script":"<script> [1562 bytes]","args":[{"selector":{"id":"application-manageresources-display-component---newResourceUnit--PLANNING_INDICATOR","interaction":{"idSuffix":"inner"}},"wdio_ui5_key":"applicationmanageresources-display-component---newResourceUnit--PLANNING_INDICATOR"}]}
RESULT: {"script":"<script> [1562 bytes]","args":[{"selector":{"id":"application-manageresources-display-component---newResourceUnit--PLANNING_INDICATOR","interaction":{"idSuffix":"inner"}},"wdio_ui5_key":"applicationmanageresources-display-component---newResourceUnit--PLANNING_INDICATOR"}]}
RESULT: undefined
COMMAND: POST /session/76bbe7a963ba333ac6e3770165032c4a/execute/async - {"script":"<script> [776 bytes]","args":[{"enterText":"10 - infinite","selector":{"id":"application-manageresources-display-component---newResourceUnit--PLANNING_INDICATOR","interaction":{"idSuffix":"inner"}},"clearTextFirst":true,"interactionType":"ENTER_TEXT"}]}
RESULT: {"script":"<script> [776 bytes]","args":[{"enterText":"10 - infinite","selector":{"id":"application-manageresources-display-component---newResourceUnit--PLANNING_INDICATOR","interaction":{"idSuffix":"inner"}},"clearTextFirst":true,"interactionType":"ENTER_TEXT"}]}
COMMAND: POST /session/76bbe7a963ba333ac6e3770165032c4a/element - {"using":"css selector","value":"#application-manageresources-display-component---newResourceUnit--btnAddTimeSegment"}
RESULT: {"using":"css selector","value":"#application-manageresources-display-component---newResourceUnit--btnAddTimeSegment"}
COMMAND: GET /session/76bbe7a963ba333ac6e3770165032c4a/element/f.37B6A3D8B8D5C040CDE4E4CEB4627624.d.447AF7AFD743D007AC88C6B43C44EAE9.e.4998/rect - {}
RESULT: {}
COMMAND: GET /session/76bbe7a963ba333ac6e3770165032c4a/window/rect - {}
RESULT: {}
COMMAND: POST /session/76bbe7a963ba333ac6e3770165032c4a/execute/sync - {"script":"<script> [92 bytes]","args":[]}
RESULT: {"script":"<script> [92 bytes]","args":[]}
COMMAND: POST /session/76bbe7a963ba333ac6e3770165032c4a/actions - {"actions":[{"id":"action19","type":"wheel","parameters":{},"actions":[{"type":"scroll","x":-1888,"y":-32,"deltaX":0,"deltaY":0,"duration":0,"origin":{"element-6066-11e4-a52e-4f735466cecf":"f.37B6A3D8B8D5C040CDE4E4CEB4627624.d.447AF7AFD743D007AC88C6B43C44EAE9.e.4998"}}]}]}
COMMAND: GET /session/76bbe7a963ba333ac6e3770165032c4a/screenshot - {}
RESULT: {}
COMMAND: POST /session/76bbe7a963ba333ac6e3770165032c4a/execute/sync - {"script":"<script> [79 bytes]","args":[{"element-6066-11e4-a52e-4f735466cecf":"f.37B6A3D8B8D5C040CDE4E4CEB4627624.d.447AF7AFD743D007AC88C6B43C44EAE9.e.4998","ELEMENT":"f.37B6A3D8B8D5C040CDE4E4CEB4627624.d.447AF7AFD743D007AC88C6B43C44EAE9.e.4998"},{"block":"start","inline":"nearest"}]}
RESULT: {"script":"<script> [79 bytes]","args":[{"element-6066-11e4-a52e-4f735466cecf":"f.37B6A3D8B8D5C040CDE4E4CEB4627624.d.447AF7AFD743D007AC88C6B43C44EAE9.e.4998","ELEMENT":"f.37B6A3D8B8D5C040CDE4E4CEB4627624.d.447AF7AFD743D007AC88C6B43C44EAE9.e.4998"},{"block":"start","inline":"nearest"}]}
COMMAND: POST /session/76bbe7a963ba333ac6e3770165032c4a/execute/async - {"script":"<script> [1562 bytes]","args":[{"selector":{"id":"application-manageresources-display-component---newResourceUnit--btnAddTimeSegment","interaction":{"idSuffix":"inner"}},"wdio_ui5_key":"applicationmanageresources-display-component---newResourceUnit--btnAddTimeSegment"}]}
COMMAND: GET /session/76bbe7a963ba333ac6e3770165032c4a/screenshot - {}
RESULT: {"script":"<script> [1562 bytes]","args":[{"selector":{"id":"application-manageresources-display-component---newResourceUnit--btnAddTimeSegment","interaction":{"idSuffix":"inner"}},"wdio_ui5_key":"applicationmanageresources-display-component---newResourceUnit--btnAddTimeSegment"}]}
RESULT: undefined
COMMAND: POST /session/76bbe7a963ba333ac6e3770165032c4a/element - {"using":"xpath","value":"//*[@id=\"application-manageresources-display-component---newResourceUnit--btnAddTimeSegment\"]"}
RESULT: {}
RESULT: {"using":"xpath","value":"//*[@id=\"application-manageresources-display-component---newResourceUnit--btnAddTimeSegment\"]"}
COMMAND: POST /session/76bbe7a963ba333ac6e3770165032c4a/element/f.37B6A3D8B8D5C040CDE4E4CEB4627624.d.447AF7AFD743D007AC88C6B43C44EAE9.e.4998/click - {}
RESULT: {}
COMMAND: GET /session/76bbe7a963ba333ac6e3770165032c4a/screenshot - {}
RESULT: {}
COMMAND: POST /session/76bbe7a963ba333ac6e3770165032c4a/element - {"using":"xpath","value":"//input[@id=\"application-manageresources-display-component---newResourceUnit--idRuTSAdmin-application-manageresources-display-component---newResourceUnit--RUTimeSegment-0-inner\"]"}
RESULT: {"using":"xpath","value":"//input[@id=\"application-manageresources-display-component---newResourceUnit--idRuTSAdmin-application-manageresources-display-component---newResourceUnit--RUTimeSegment-0-inner\"]"}
COMMAND: POST /session/76bbe7a963ba333ac6e3770165032c4a/element/f.37B6A3D8B8D5C040CDE4E4CEB4627624.d.447AF7AFD743D007AC88C6B43C44EAE9.e.5003/clear - {}
RESULT: {}
COMMAND: POST /session/76bbe7a963ba333ac6e3770165032c4a/element/f.37B6A3D8B8D5C040CDE4E4CEB4627624.d.447AF7AFD743D007AC88C6B43C44EAE9.e.5003/value - {"text":"574"}
COMMAND: GET /session/76bbe7a963ba333ac6e3770165032c4a/screenshot - {}
RESULT: {"text":"574"}
COMMAND: GET /session/76bbe7a963ba333ac6e3770165032c4a/screenshot - {}
RESULT: {}
RESULT: {}
COMMAND: POST /session/76bbe7a963ba333ac6e3770165032c4a/element - {"using":"xpath","value":"//li[.//span[text()='574']]"}
RESULT: {"using":"xpath","value":"//li[.//span[text()='574']]"}
COMMAND: POST /session/76bbe7a963ba333ac6e3770165032c4a/element/f.37B6A3D8B8D5C040CDE4E4CEB4627624.d.447AF7AFD743D007AC88C6B43C44EAE9.e.5012/click - {}
RESULT: {}
COMMAND: GET /session/76bbe7a963ba333ac6e3770165032c4a/screenshot - {}
RESULT: {}
COMMAND: POST /session/76bbe7a963ba333ac6e3770165032c4a/element - {"using":"xpath","value":"(//span[contains(@id, \"-application-manageresources-display-component---newResourceUnit--RUTimeSegment-0-arrow\")])[2]"}
RESULT: {"using":"xpath","value":"(//span[contains(@id, \"-application-manageresources-display-component---newResourceUnit--RUTimeSegment-0-arrow\")])[2]"}
COMMAND: POST /session/76bbe7a963ba333ac6e3770165032c4a/element/f.37B6A3D8B8D5C040CDE4E4CEB4627624.d.447AF7AFD743D007AC88C6B43C44EAE9.e.5013/click - {}
RESULT: {}
COMMAND: POST /session/76bbe7a963ba333ac6e3770165032c4a/element - {"using":"xpath","value":"//span[contains(text(), \"PM Order\")]"}
COMMAND: GET /session/76bbe7a963ba333ac6e3770165032c4a/screenshot - {}
RESULT: {"using":"xpath","value":"//span[contains(text(), \"PM Order\")]"}
COMMAND: POST /session/76bbe7a963ba333ac6e3770165032c4a/element/f.37B6A3D8B8D5C040CDE4E4CEB4627624.d.447AF7AFD743D007AC88C6B43C44EAE9.e.5014/click - {}
RESULT: {}
RESULT: {}
COMMAND: GET /session/76bbe7a963ba333ac6e3770165032c4a/screenshot - {}
RESULT: {}
COMMAND: POST /session/76bbe7a963ba333ac6e3770165032c4a/element - {"using":"xpath","value":"//td/div/div/div/span[contains(@id, \"newResourceUnit--RUTimeSegment-0-vhi\")][1]"}
RESULT: {"using":"xpath","value":"//td/div/div/div/span[contains(@id, \"newResourceUnit--RUTimeSegment-0-vhi\")][1]"}
COMMAND: GET /session/76bbe7a963ba333ac6e3770165032c4a/element/f.37B6A3D8B8D5C040CDE4E4CEB4627624.d.447AF7AFD743D007AC88C6B43C44EAE9.e.5018/rect - {}
RESULT: {}
COMMAND: GET /session/76bbe7a963ba333ac6e3770165032c4a/window/rect - {}
RESULT: {}
COMMAND: POST /session/76bbe7a963ba333ac6e3770165032c4a/execute/sync - {"script":"<script> [92 bytes]","args":[]}
RESULT: {"script":"<script> [92 bytes]","args":[]}
COMMAND: POST /session/76bbe7a963ba333ac6e3770165032c4a/actions - {"actions":[{"id":"action20","type":"wheel","parameters":{},"actions":[{"type":"scroll","x":-1888,"y":-24,"deltaX":0,"deltaY":0,"duration":0,"origin":{"element-6066-11e4-a52e-4f735466cecf":"f.37B6A3D8B8D5C040CDE4E4CEB4627624.d.447AF7AFD743D007AC88C6B43C44EAE9.e.5018"}}]}]}
COMMAND: GET /session/76bbe7a963ba333ac6e3770165032c4a/screenshot - {}
RESULT: {}
COMMAND: POST /session/76bbe7a963ba333ac6e3770165032c4a/execute/sync - {"script":"<script> [79 bytes]","args":[{"element-6066-11e4-a52e-4f735466cecf":"f.37B6A3D8B8D5C040CDE4E4CEB4627624.d.447AF7AFD743D007AC88C6B43C44EAE9.e.5018","ELEMENT":"f.37B6A3D8B8D5C040CDE4E4CEB4627624.d.447AF7AFD743D007AC88C6B43C44EAE9.e.5018"},{"block":"start","inline":"nearest"}]}
RESULT: {"script":"<script> [79 bytes]","args":[{"element-6066-11e4-a52e-4f735466cecf":"f.37B6A3D8B8D5C040CDE4E4CEB4627624.d.447AF7AFD743D007AC88C6B43C44EAE9.e.5018","ELEMENT":"f.37B6A3D8B8D5C040CDE4E4CEB4627624.d.447AF7AFD743D007AC88C6B43C44EAE9.e.5018"},{"block":"start","inline":"nearest"}]}
COMMAND: GET /session/76bbe7a963ba333ac6e3770165032c4a/screenshot - {}
RESULT: {}
COMMAND: POST /session/76bbe7a963ba333ac6e3770165032c4a/element/f.37B6A3D8B8D5C040CDE4E4CEB4627624.d.447AF7AFD743D007AC88C6B43C44EAE9.e.5018/click - {}
RESULT: {}
COMMAND: GET /session/76bbe7a963ba333ac6e3770165032c4a/screenshot - {}
RESULT: {}
COMMAND: POST /session/76bbe7a963ba333ac6e3770165032c4a/execute/async - {"script":"<script> [1562 bytes]","args":[{"selector":{"controlType":"sap.m.SearchField","properties":{"placeholder":"Search"},"searchOpenDialogs":true,"interaction":{"idSuffix":"I"}},"wdio_ui5_key":"sapm.SearchField{\"placeholder\":\"Search\"}"}]}
RESULT: {"script":"<script> [1562 bytes]","args":[{"selector":{"controlType":"sap.m.SearchField","properties":{"placeholder":"Search"},"searchOpenDialogs":true,"interaction":{"idSuffix":"I"}},"wdio_ui5_key":"sapm.SearchField{\"placeholder\":\"Search\"}"}]}
RESULT: undefined
COMMAND: POST /session/76bbe7a963ba333ac6e3770165032c4a/execute/async - {"script":"<script> [776 bytes]","args":[{"enterText":"4000360","selector":{"controlType":"sap.m.SearchField","properties":{"placeholder":"Search"},"searchOpenDialogs":true,"interaction":{"idSuffix":"I"}},"clearTextFirst":true,"interactionType":"ENTER_TEXT"}]}
RESULT: {"script":"<script> [776 bytes]","args":[{"enterText":"4000360","selector":{"controlType":"sap.m.SearchField","properties":{"placeholder":"Search"},"searchOpenDialogs":true,"interaction":{"idSuffix":"I"}},"clearTextFirst":true,"interactionType":"ENTER_TEXT"}]}
COMMAND: POST /session/76bbe7a963ba333ac6e3770165032c4a/actions - {"actions":[{"id":"action21","type":"key","parameters":{},"actions":[{"type":"keyDown","value":"î€‡"},{"type":"pause","duration":10},{"type":"keyUp","value":"î€‡"}]}]}
RESULT: {"actions":[{"id":"action21","type":"key","parameters":{},"actions":[{"type":"keyDown","value":"î€‡"},{"type":"pause","duration":10},{"type":"keyUp","value":"î€‡"}]}]}
COMMAND: GET /session/76bbe7a963ba333ac6e3770165032c4a/screenshot - {}
RESULT: {}
COMMAND: POST /session/76bbe7a963ba333ac6e3770165032c4a/element - {"using":"xpath","value":"//td/div/span[contains(text(), \"BGL Vehicles\")]"}
RESULT: {"using":"xpath","value":"//td/div/span[contains(text(), \"BGL Vehicles\")]"}
COMMAND: POST /session/76bbe7a963ba333ac6e3770165032c4a/element/f.37B6A3D8B8D5C040CDE4E4CEB4627624.d.447AF7AFD743D007AC88C6B43C44EAE9.e.5040/click - {}
RESULT: {}
COMMAND: GET /session/76bbe7a963ba333ac6e3770165032c4a/screenshot - {}
RESULT: {}
COMMAND: POST /session/76bbe7a963ba333ac6e3770165032c4a/element - {"using":"xpath","value":"//bdi[contains(text(), \"OK\")]"}
RESULT: {"using":"xpath","value":"//bdi[contains(text(), \"OK\")]"}
COMMAND: POST /session/76bbe7a963ba333ac6e3770165032c4a/element/f.37B6A3D8B8D5C040CDE4E4CEB4627624.d.447AF7AFD743D007AC88C6B43C44EAE9.e.5041/click - {}
RESULT: {}
COMMAND: GET /session/76bbe7a963ba333ac6e3770165032c4a/screenshot - {}
RESULT: {}
COMMAND: POST /session/76bbe7a963ba333ac6e3770165032c4a/element - {"using":"xpath","value":"//label[contains(@class, 'sapMLabelRequired') and .//bdi[contains(text(), 'Planned Retirement')]]"}
RESULT: {"using":"xpath","value":"//label[contains(@class, 'sapMLabelRequired') and .//bdi[contains(text(), 'Planned Retirement')]]"}
COMMAND: POST /session/76bbe7a963ba333ac6e3770165032c4a/elements - {"using":"xpath","value":"//label[contains(@class, 'sapMLabelRequired') and .//bdi[contains(text(), 'Planned Retirement')]]"}
RESULT: {"using":"xpath","value":"//label[contains(@class, 'sapMLabelRequired') and .//bdi[contains(text(), 'Planned Retirement')]]"}
COMMAND: POST /session/76bbe7a963ba333ac6e3770165032c4a/element - {"using":"xpath","value":"//button[@data-kt=\"resourceUnitSaveButton\"]"}
RESULT: {"using":"xpath","value":"//button[@data-kt=\"resourceUnitSaveButton\"]"}
COMMAND: POST /session/76bbe7a963ba333ac6e3770165032c4a/element/f.37B6A3D8B8D5C040CDE4E4CEB4627624.d.447AF7AFD743D007AC88C6B43C44EAE9.e.4940/click - {}
RESULT: {}
COMMAND: GET /session/76bbe7a963ba333ac6e3770165032c4a/screenshot - {}
RESULT: {}
COMMAND: POST /session/76bbe7a963ba333ac6e3770165032c4a/element - {"using":"xpath","value":"//bdi[contains(text(), \"Close\")]"}
RESULT: {"using":"xpath","value":"//bdi[contains(text(), \"Close\")]"}
COMMAND: POST /session/76bbe7a963ba333ac6e3770165032c4a/element/f.37B6A3D8B8D5C040CDE4E4CEB4627624.d.447AF7AFD743D007AC88C6B43C44EAE9.e.5047/click - {}
RESULT: {}
COMMAND: GET /session/76bbe7a963ba333ac6e3770165032c4a/screenshot - {}
RESULT: {}
COMMAND: POST /session/76bbe7a963ba333ac6e3770165032c4a/element - {"using":"xpath","value":"//header[contains(@id, 'detailRruPage-headerTitle')]/div[1]/div[2]/div[2]/span[1]"}
RESULT: {"using":"xpath","value":"//header[contains(@id, 'detailRruPage-headerTitle')]/div[1]/div[2]/div[2]/span[1]"}
COMMAND: POST /session/76bbe7a963ba333ac6e3770165032c4a/elements - {"using":"xpath","value":"//header[contains(@id, 'detailRruPage-headerTitle')]/div[1]/div[2]/div[2]/span[1]"}
RESULT: {"using":"xpath","value":"//header[contains(@id, 'detailRruPage-headerTitle')]/div[1]/div[2]/div[2]/span[1]"}
COMMAND: POST /session/76bbe7a963ba333ac6e3770165032c4a/execute/sync - {"script":"<script> [56 bytes]","args":[{"element-6066-11e4-a52e-4f735466cecf":"f.37B6A3D8B8D5C040CDE4E4CEB4627624.d.447AF7AFD743D007AC88C6B43C44EAE9.e.5077","ELEMENT":"f.37B6A3D8B8D5C040CDE4E4CEB4627624.d.447AF7AFD743D007AC88C6B43C44EAE9.e.5077"}]}
RESULT: {"script":"<script> [56 bytes]","args":[{"element-6066-11e4-a52e-4f735466cecf":"f.37B6A3D8B8D5C040CDE4E4CEB4627624.d.447AF7AFD743D007AC88C6B43C44EAE9.e.5077","ELEMENT":"f.37B6A3D8B8D5C040CDE4E4CEB4627624.d.447AF7AFD743D007AC88C6B43C44EAE9.e.5077"}]}
COMMAND: POST /session/76bbe7a963ba333ac6e3770165032c4a/element - {"using":"css selector","value":"#shell-header-logo"}
COMMAND: GET /session/76bbe7a963ba333ac6e3770165032c4a/screenshot - {}
RESULT: {"using":"css selector","value":"#shell-header-logo"}
COMMAND: POST /session/76bbe7a963ba333ac6e3770165032c4a/element/f.37B6A3D8B8D5C040CDE4E4CEB4627624.d.447AF7AFD743D007AC88C6B43C44EAE9.e.4408/click - {}
RESULT: {}
RESULT: {}
COMMAND: GET /session/76bbe7a963ba333ac6e3770165032c4a/screenshot - {}
RESULT: {}
]]></system-out>
    </testcase>
    <testcase classname="chrome.136_0_7103_93.windows.Provide_to_Site_w/_warehouse_management_w/_clarification_US115878" name="Bin Status Report Should Create New Organization yard" time="0.005" />
    <testcase classname="chrome.136_0_7103_93.windows.Provide_to_Site_w/_warehouse_management_w/_clarification_US115878" name="Bin Status Report Should Create New Organization for Site" time="0.006" />
  </testsuite>
  <testsuite timestamp="2025-05-20T05:51:19" time="461.288" tests="6" failures="0" errors="0" skipped="0">
    <properties>
      <property name="specId" value="0" />
      <property name="suiteName" value="Provide to Site w/ warehouse management w clarification" />
      <property name="capabilities" value="chrome.136_0_7103_93.windows" />
      <property name="file" value="file:///D:/a/1/s/test/specs/HTR/provide-to-site-w-warehouse-w-clarification.spec.js" />
    </properties>
    <testcase classname="chrome.136_0_7103_93.windows.Provide_to_Site_w/_warehouse_management_w_clarification" name="Should do a stock increase handover" time="86.484">
      <system-out><![CDATA[
COMMAND: POST /session/76bbe7a963ba333ac6e3770165032c4a/execute/async - {"script":"<script> [1562 bytes]","args":[{"selector":{"controlType":"sap.m.GenericTile","properties":{"header":"Manage Handovers"}},"wdio_ui5_key":"sapm.GenericTile{\"header\":\"Manage Handovers\"}"}]}
RESULT: {"script":"<script> [1562 bytes]","args":[{"selector":{"controlType":"sap.m.GenericTile","properties":{"header":"Manage Handovers"}},"wdio_ui5_key":"sapm.GenericTile{\"header\":\"Manage Handovers\"}"}]}
RESULT: undefined
COMMAND: POST /session/76bbe7a963ba333ac6e3770165032c4a/element - {"using":"xpath","value":"//*[@id=\"__tile133\"]"}
RESULT: {"using":"xpath","value":"//*[@id=\"__tile133\"]"}
COMMAND: POST /session/76bbe7a963ba333ac6e3770165032c4a/element/f.37B6A3D8B8D5C040CDE4E4CEB4627624.d.447AF7AFD743D007AC88C6B43C44EAE9.e.4459/click - {}
RESULT: {}
COMMAND: GET /session/76bbe7a963ba333ac6e3770165032c4a/screenshot - {}
RESULT: {}
COMMAND: POST /session/76bbe7a963ba333ac6e3770165032c4a/elements - {"using":"xpath","value":"//span[text()='Error']"}
RESULT: {"using":"xpath","value":"//span[text()='Error']"}
COMMAND: POST /session/76bbe7a963ba333ac6e3770165032c4a/element - {"using":"xpath","value":"//button[@data-kt=\"masterHOAddButton\"]"}
RESULT: {"using":"xpath","value":"//button[@data-kt=\"masterHOAddButton\"]"}
COMMAND: POST /session/76bbe7a963ba333ac6e3770165032c4a/elements - {"using":"xpath","value":"//button[@data-kt=\"masterHOAddButton\"]"}
RESULT: {"using":"xpath","value":"//button[@data-kt=\"masterHOAddButton\"]"}
COMMAND: POST /session/76bbe7a963ba333ac6e3770165032c4a/execute/sync - {"script":"<script> [8489 bytes]","args":[{"element-6066-11e4-a52e-4f735466cecf":"f.37B6A3D8B8D5C040CDE4E4CEB4627624.d.447AF7AFD743D007AC88C6B43C44EAE9.e.5117","ELEMENT":"f.37B6A3D8B8D5C040CDE4E4CEB4627624.d.447AF7AFD743D007AC88C6B43C44EAE9.e.5117"}]}
RESULT: {"script":"<script> [8489 bytes]","args":[{"element-6066-11e4-a52e-4f735466cecf":"f.37B6A3D8B8D5C040CDE4E4CEB4627624.d.447AF7AFD743D007AC88C6B43C44EAE9.e.5117","ELEMENT":"f.37B6A3D8B8D5C040CDE4E4CEB4627624.d.447AF7AFD743D007AC88C6B43C44EAE9.e.5117"}]}
COMMAND: GET /session/76bbe7a963ba333ac6e3770165032c4a/element/f.37B6A3D8B8D5C040CDE4E4CEB4627624.d.447AF7AFD743D007AC88C6B43C44EAE9.e.5117/enabled - {}
COMMAND: GET /session/76bbe7a963ba333ac6e3770165032c4a/screenshot - {}
RESULT: {}
COMMAND: POST /session/76bbe7a963ba333ac6e3770165032c4a/execute/sync - {"script":"<script> [8489 bytes]","args":[{"element-6066-11e4-a52e-4f735466cecf":"f.37B6A3D8B8D5C040CDE4E4CEB4627624.d.447AF7AFD743D007AC88C6B43C44EAE9.e.5117","ELEMENT":"f.37B6A3D8B8D5C040CDE4E4CEB4627624.d.447AF7AFD743D007AC88C6B43C44EAE9.e.5117"}]}
COMMAND: GET /session/76bbe7a963ba333ac6e3770165032c4a/screenshot - {}
RESULT: {}
RESULT: {"script":"<script> [8489 bytes]","args":[{"element-6066-11e4-a52e-4f735466cecf":"f.37B6A3D8B8D5C040CDE4E4CEB4627624.d.447AF7AFD743D007AC88C6B43C44EAE9.e.5117","ELEMENT":"f.37B6A3D8B8D5C040CDE4E4CEB4627624.d.447AF7AFD743D007AC88C6B43C44EAE9.e.5117"}]}
COMMAND: POST /session/76bbe7a963ba333ac6e3770165032c4a/execute/sync - {"script":"<script> [5351 bytes]","args":[{"element-6066-11e4-a52e-4f735466cecf":"f.37B6A3D8B8D5C040CDE4E4CEB4627624.d.447AF7AFD743D007AC88C6B43C44EAE9.e.5117","ELEMENT":"f.37B6A3D8B8D5C040CDE4E4CEB4627624.d.447AF7AFD743D007AC88C6B43C44EAE9.e.5117"}]}
COMMAND: GET /session/76bbe7a963ba333ac6e3770165032c4a/screenshot - {}
RESULT: {}
RESULT: {"script":"<script> [5351 bytes]","args":[{"element-6066-11e4-a52e-4f735466cecf":"f.37B6A3D8B8D5C040CDE4E4CEB4627624.d.447AF7AFD743D007AC88C6B43C44EAE9.e.5117","ELEMENT":"f.37B6A3D8B8D5C040CDE4E4CEB4627624.d.447AF7AFD743D007AC88C6B43C44EAE9.e.5117"}]}
COMMAND: POST /session/76bbe7a963ba333ac6e3770165032c4a/element/f.37B6A3D8B8D5C040CDE4E4CEB4627624.d.447AF7AFD743D007AC88C6B43C44EAE9.e.5117/click - {}
COMMAND: GET /session/76bbe7a963ba333ac6e3770165032c4a/screenshot - {}
RESULT: {}
RESULT: {}
COMMAND: GET /session/76bbe7a963ba333ac6e3770165032c4a/screenshot - {}
COMMAND: POST /session/76bbe7a963ba333ac6e3770165032c4a/element - {"using":"xpath","value":"//span[contains(@id ,\"AddNewHO--typeSelect-arrow\")]"}
RESULT: {}
RESULT: {}
RESULT: {"using":"xpath","value":"//span[contains(@id ,\"AddNewHO--typeSelect-arrow\")]"}
COMMAND: POST /session/76bbe7a963ba333ac6e3770165032c4a/element/f.37B6A3D8B8D5C040CDE4E4CEB4627624.d.447AF7AFD743D007AC88C6B43C44EAE9.e.5479/click - {}
RESULT: {}
COMMAND: GET /session/76bbe7a963ba333ac6e3770165032c4a/screenshot - {}
RESULT: {}
COMMAND: POST /session/76bbe7a963ba333ac6e3770165032c4a/element - {"using":"xpath","value":"(//li[contains(text(), \"stock increase yard\")])[1]"}
RESULT: {"using":"xpath","value":"(//li[contains(text(), \"stock increase yard\")])[1]"}
COMMAND: POST /session/76bbe7a963ba333ac6e3770165032c4a/element/f.37B6A3D8B8D5C040CDE4E4CEB4627624.d.447AF7AFD743D007AC88C6B43C44EAE9.e.5480/click - {}
RESULT: {}
COMMAND: GET /session/76bbe7a963ba333ac6e3770165032c4a/screenshot - {}
RESULT: {}
COMMAND: POST /session/76bbe7a963ba333ac6e3770165032c4a/execute/async - {"script":"<script> [1562 bytes]","args":[{"selector":{"id":"application-managehandovers-display-component---AddNewHO--dueDate","interaction":{"idSuffix":"inner"}},"wdio_ui5_key":"applicationmanagehandovers-display-component---AddNewHO--dueDate"}]}
RESULT: {"script":"<script> [1562 bytes]","args":[{"selector":{"id":"application-managehandovers-display-component---AddNewHO--dueDate","interaction":{"idSuffix":"inner"}},"wdio_ui5_key":"applicationmanagehandovers-display-component---AddNewHO--dueDate"}]}
RESULT: undefined
COMMAND: POST /session/76bbe7a963ba333ac6e3770165032c4a/execute/async - {"script":"<script> [6424 bytes]","args":[{"element-6066-11e4-a52e-4f735466cecf":"f.37B6A3D8B8D5C040CDE4E4CEB4627624.d.447AF7AFD743D007AC88C6B43C44EAE9.e.5482"},"setValue",["5/20/25"]]}
RESULT: {"script":"<script> [6424 bytes]","args":[{"element-6066-11e4-a52e-4f735466cecf":"f.37B6A3D8B8D5C040CDE4E4CEB4627624.d.447AF7AFD743D007AC88C6B43C44EAE9.e.5482"},"setValue",["5/20/25"]]}
COMMAND: POST /session/76bbe7a963ba333ac6e3770165032c4a/element - {"using":"xpath","value":"//input[@id=\"generalSectionFrg--receiveYard-inner\"]"}
RESULT: {"using":"xpath","value":"//input[@id=\"generalSectionFrg--receiveYard-inner\"]"}
COMMAND: POST /session/76bbe7a963ba333ac6e3770165032c4a/element/f.37B6A3D8B8D5C040CDE4E4CEB4627624.d.447AF7AFD743D007AC88C6B43C44EAE9.e.5486/clear - {}
RESULT: {}
COMMAND: POST /session/76bbe7a963ba333ac6e3770165032c4a/element/f.37B6A3D8B8D5C040CDE4E4CEB4627624.d.447AF7AFD743D007AC88C6B43C44EAE9.e.5486/value - {"text":"574"}
COMMAND: GET /session/76bbe7a963ba333ac6e3770165032c4a/screenshot - {}
RESULT: {"text":"574"}
COMMAND: GET /session/76bbe7a963ba333ac6e3770165032c4a/screenshot - {}
RESULT: {}
RESULT: {}
COMMAND: POST /session/76bbe7a963ba333ac6e3770165032c4a/element - {"using":"xpath","value":"//li[.//span[text()='574']]"}
RESULT: {"using":"xpath","value":"//li[.//span[text()='574']]"}
COMMAND: POST /session/76bbe7a963ba333ac6e3770165032c4a/element/f.37B6A3D8B8D5C040CDE4E4CEB4627624.d.447AF7AFD743D007AC88C6B43C44EAE9.e.5503/click - {}
RESULT: {}
COMMAND: GET /session/76bbe7a963ba333ac6e3770165032c4a/screenshot - {}
RESULT: {}
COMMAND: POST /session/76bbe7a963ba333ac6e3770165032c4a/execute/async - {"script":"<script> [1562 bytes]","args":[{"selector":{"id":"application-managehandovers-display-component---AddNewHO--ObjectPageLayout-anchBar-application-managehandovers-display-component---AddNewHO--section4-anchor","interaction":{"idSuffix":"BDI-content"}},"wdio_ui5_key":"applicationmanagehandovers-display-component---AddNewHO--ObjectPageLayout-anchBar-application-managehandovers-display-component---AddNewHO--section4-anchor"}]}
RESULT: {"script":"<script> [1562 bytes]","args":[{"selector":{"id":"application-managehandovers-display-component---AddNewHO--ObjectPageLayout-anchBar-application-managehandovers-display-component---AddNewHO--section4-anchor","interaction":{"idSuffix":"BDI-content"}},"wdio_ui5_key":"applicationmanagehandovers-display-component---AddNewHO--ObjectPageLayout-anchBar-application-managehandovers-display-component---AddNewHO--section4-anchor"}]}
RESULT: undefined
COMMAND: POST /session/76bbe7a963ba333ac6e3770165032c4a/element - {"using":"xpath","value":"//*[@id=\"application-managehandovers-display-component---AddNewHO--ObjectPageLayout-anchBar-application-managehandovers-display-component---AddNewHO--section4-anchor\"]"}
RESULT: {"using":"xpath","value":"//*[@id=\"application-managehandovers-display-component---AddNewHO--ObjectPageLayout-anchBar-application-managehandovers-display-component---AddNewHO--section4-anchor\"]"}
COMMAND: POST /session/76bbe7a963ba333ac6e3770165032c4a/element/f.37B6A3D8B8D5C040CDE4E4CEB4627624.d.447AF7AFD743D007AC88C6B43C44EAE9.e.5505/click - {}
RESULT: {}
COMMAND: POST /session/76bbe7a963ba333ac6e3770165032c4a/element - {"using":"xpath","value":"//button[@aria-label=\"Add\"]"}
COMMAND: GET /session/76bbe7a963ba333ac6e3770165032c4a/screenshot - {}
RESULT: {"using":"xpath","value":"//button[@aria-label=\"Add\"]"}
COMMAND: POST /session/76bbe7a963ba333ac6e3770165032c4a/element/f.37B6A3D8B8D5C040CDE4E4CEB4627624.d.447AF7AFD743D007AC88C6B43C44EAE9.e.5507/click - {}
RESULT: {}
RESULT: {}
COMMAND: GET /session/76bbe7a963ba333ac6e3770165032c4a/screenshot - {}
RESULT: {}
COMMAND: POST /session/76bbe7a963ba333ac6e3770165032c4a/execute/async - {"script":"<script> [1562 bytes]","args":[{"selector":{"id":"application-managehandovers-display-component---AddNewHO--smartFilterBar-btnBasicSearch","searchOpenDialogs":true,"interaction":{"idSuffix":"I"}},"wdio_ui5_key":"applicationmanagehandovers-display-component---AddNewHO--smartFilterBar-btnBasicSearch"}]}
RESULT: {"script":"<script> [1562 bytes]","args":[{"selector":{"id":"application-managehandovers-display-component---AddNewHO--smartFilterBar-btnBasicSearch","searchOpenDialogs":true,"interaction":{"idSuffix":"I"}},"wdio_ui5_key":"applicationmanagehandovers-display-component---AddNewHO--smartFilterBar-btnBasicSearch"}]}
RESULT: undefined
COMMAND: POST /session/76bbe7a963ba333ac6e3770165032c4a/execute/async - {"script":"<script> [776 bytes]","args":[{"enterText":"200315","selector":{"id":"application-managehandovers-display-component---AddNewHO--smartFilterBar-btnBasicSearch","searchOpenDialogs":true,"interaction":{"idSuffix":"I"}},"clearTextFirst":true,"interactionType":"ENTER_TEXT"}]}
RESULT: {"script":"<script> [776 bytes]","args":[{"enterText":"200315","selector":{"id":"application-managehandovers-display-component---AddNewHO--smartFilterBar-btnBasicSearch","searchOpenDialogs":true,"interaction":{"idSuffix":"I"}},"clearTextFirst":true,"interactionType":"ENTER_TEXT"}]}
COMMAND: POST /session/76bbe7a963ba333ac6e3770165032c4a/actions - {"actions":[{"id":"action22","type":"key","parameters":{},"actions":[{"type":"keyDown","value":"î€‡"},{"type":"pause","duration":10},{"type":"keyUp","value":"î€‡"}]}]}
RESULT: {"actions":[{"id":"action22","type":"key","parameters":{},"actions":[{"type":"keyDown","value":"î€‡"},{"type":"pause","duration":10},{"type":"keyUp","value":"î€‡"}]}]}
COMMAND: GET /session/76bbe7a963ba333ac6e3770165032c4a/screenshot - {}
RESULT: {}
COMMAND: POST /session/76bbe7a963ba333ac6e3770165032c4a/execute/async - {"script":"<script> [1562 bytes]","args":[{"selector":{"id":"application-managehandovers-display-component---AddNewHO--popup-sa","searchOpenDialogs":true,"interaction":{"idSuffix":"CbBg"}},"wdio_ui5_key":"applicationmanagehandovers-display-component---AddNewHO--popup-sa"}]}
RESULT: {"script":"<script> [1562 bytes]","args":[{"selector":{"id":"application-managehandovers-display-component---AddNewHO--popup-sa","searchOpenDialogs":true,"interaction":{"idSuffix":"CbBg"}},"wdio_ui5_key":"applicationmanagehandovers-display-component---AddNewHO--popup-sa"}]}
RESULT: undefined
COMMAND: POST /session/76bbe7a963ba333ac6e3770165032c4a/element - {"using":"xpath","value":"//*[@id=\"application-managehandovers-display-component---AddNewHO--popup-sa\"]"}
RESULT: {"using":"xpath","value":"//*[@id=\"application-managehandovers-display-component---AddNewHO--popup-sa\"]"}
COMMAND: POST /session/76bbe7a963ba333ac6e3770165032c4a/element/f.37B6A3D8B8D5C040CDE4E4CEB4627624.d.447AF7AFD743D007AC88C6B43C44EAE9.e.5662/click - {}
RESULT: {}
COMMAND: GET /session/76bbe7a963ba333ac6e3770165032c4a/screenshot - {}
RESULT: {}
COMMAND: POST /session/76bbe7a963ba333ac6e3770165032c4a/element - {"using":"xpath","value":"//bdi[contains(text(), \"Select\")]"}
RESULT: {"using":"xpath","value":"//bdi[contains(text(), \"Select\")]"}
COMMAND: POST /session/76bbe7a963ba333ac6e3770165032c4a/element/f.37B6A3D8B8D5C040CDE4E4CEB4627624.d.447AF7AFD743D007AC88C6B43C44EAE9.e.5663/click - {}
RESULT: {}
COMMAND: GET /session/76bbe7a963ba333ac6e3770165032c4a/screenshot - {}
RESULT: {}
COMMAND: POST /session/76bbe7a963ba333ac6e3770165032c4a/element - {"using":"xpath","value":"//button[@data-kt=\"AddNewHOSaveButton\"]"}
RESULT: {"using":"xpath","value":"//button[@data-kt=\"AddNewHOSaveButton\"]"}
COMMAND: POST /session/76bbe7a963ba333ac6e3770165032c4a/element/f.37B6A3D8B8D5C040CDE4E4CEB4627624.d.447AF7AFD743D007AC88C6B43C44EAE9.e.5667/click - {}
RESULT: {}
COMMAND: GET /session/76bbe7a963ba333ac6e3770165032c4a/screenshot - {}
RESULT: {}
COMMAND: POST /session/76bbe7a963ba333ac6e3770165032c4a/execute/async - {"script":"<script> [1562 bytes]","args":[{"selector":{"id":"receiptDatePicker","viewName":"etm.portal.ui.managehandovers.view.DetailExecuteHO","interaction":{"idSuffix":"inner"}},"wdio_ui5_key":"receiptDatePickeretmportal.ui.managehandovers.view.DetailExecuteHO"}]}
RESULT: {"script":"<script> [1562 bytes]","args":[{"selector":{"id":"receiptDatePicker","viewName":"etm.portal.ui.managehandovers.view.DetailExecuteHO","interaction":{"idSuffix":"inner"}},"wdio_ui5_key":"receiptDatePickeretmportal.ui.managehandovers.view.DetailExecuteHO"}]}
RESULT: undefined
COMMAND: POST /session/76bbe7a963ba333ac6e3770165032c4a/execute/async - {"script":"<script> [6424 bytes]","args":[{"element-6066-11e4-a52e-4f735466cecf":"f.37B6A3D8B8D5C040CDE4E4CEB4627624.d.447AF7AFD743D007AC88C6B43C44EAE9.e.5686"},"setValue",["5/20/25"]]}
RESULT: {"script":"<script> [6424 bytes]","args":[{"element-6066-11e4-a52e-4f735466cecf":"f.37B6A3D8B8D5C040CDE4E4CEB4627624.d.447AF7AFD743D007AC88C6B43C44EAE9.e.5686"},"setValue",["5/20/25"]]}
COMMAND: POST /session/76bbe7a963ba333ac6e3770165032c4a/element - {"using":"xpath","value":"//button[@data-kt=\"PickingTableConfirmAllButton\"]"}
RESULT: {"using":"xpath","value":"//button[@data-kt=\"PickingTableConfirmAllButton\"]"}
COMMAND: POST /session/76bbe7a963ba333ac6e3770165032c4a/element/f.37B6A3D8B8D5C040CDE4E4CEB4627624.d.447AF7AFD743D007AC88C6B43C44EAE9.e.5703/click - {}
RESULT: {}
COMMAND: GET /session/76bbe7a963ba333ac6e3770165032c4a/screenshot - {}
RESULT: {}
COMMAND: POST /session/76bbe7a963ba333ac6e3770165032c4a/element - {"using":"xpath","value":"//bdi[contains(text(), \"OK\")]"}
RESULT: {"using":"xpath","value":"//bdi[contains(text(), \"OK\")]"}
COMMAND: POST /session/76bbe7a963ba333ac6e3770165032c4a/element/f.37B6A3D8B8D5C040CDE4E4CEB4627624.d.447AF7AFD743D007AC88C6B43C44EAE9.e.5705/click - {}
RESULT: {}
COMMAND: GET /session/76bbe7a963ba333ac6e3770165032c4a/screenshot - {}
RESULT: {}
COMMAND: POST /session/76bbe7a963ba333ac6e3770165032c4a/element - {"using":"xpath","value":"(//bdi[contains(text(), \"Receive\")])[2]"}
RESULT: {"using":"xpath","value":"(//bdi[contains(text(), \"Receive\")])[2]"}
COMMAND: POST /session/76bbe7a963ba333ac6e3770165032c4a/element/f.37B6A3D8B8D5C040CDE4E4CEB4627624.d.447AF7AFD743D007AC88C6B43C44EAE9.e.5707/click - {}
RESULT: {}
COMMAND: GET /session/76bbe7a963ba333ac6e3770165032c4a/screenshot - {}
RESULT: {}
COMMAND: POST /session/76bbe7a963ba333ac6e3770165032c4a/element - {"using":"css selector","value":"#shell-header-logo"}
RESULT: {"using":"css selector","value":"#shell-header-logo"}
COMMAND: POST /session/76bbe7a963ba333ac6e3770165032c4a/element/f.37B6A3D8B8D5C040CDE4E4CEB4627624.d.447AF7AFD743D007AC88C6B43C44EAE9.e.5082/click - {}
RESULT: {}
COMMAND: GET /session/76bbe7a963ba333ac6e3770165032c4a/screenshot - {}
RESULT: {}
]]></system-out>
    </testcase>
    <testcase classname="chrome.136_0_7103_93.windows.Provide_to_Site_w/_warehouse_management_w_clarification" name="Should create a new contract" time="59.849">
      <system-out><![CDATA[
COMMAND: POST /session/76bbe7a963ba333ac6e3770165032c4a/execute/async - {"script":"<script> [1562 bytes]","args":[{"selector":{"controlType":"sap.m.GenericTile","properties":{"header":"Manage Contracts"}},"wdio_ui5_key":"sapm.GenericTile{\"header\":\"Manage Contracts\"}"}]}
RESULT: {"script":"<script> [1562 bytes]","args":[{"selector":{"controlType":"sap.m.GenericTile","properties":{"header":"Manage Contracts"}},"wdio_ui5_key":"sapm.GenericTile{\"header\":\"Manage Contracts\"}"}]}
RESULT: undefined
COMMAND: POST /session/76bbe7a963ba333ac6e3770165032c4a/element - {"using":"xpath","value":"//*[@id=\"__tile131\"]"}
RESULT: {"using":"xpath","value":"//*[@id=\"__tile131\"]"}
COMMAND: POST /session/76bbe7a963ba333ac6e3770165032c4a/element/f.37B6A3D8B8D5C040CDE4E4CEB4627624.d.447AF7AFD743D007AC88C6B43C44EAE9.e.4448/click - {}
RESULT: {}
COMMAND: GET /session/76bbe7a963ba333ac6e3770165032c4a/screenshot - {}
RESULT: {}
COMMAND: POST /session/76bbe7a963ba333ac6e3770165032c4a/elements - {"using":"xpath","value":"//span[text()='Error']"}
RESULT: {"using":"xpath","value":"//span[text()='Error']"}
COMMAND: POST /session/76bbe7a963ba333ac6e3770165032c4a/element - {"using":"xpath","value":"//button[@data-kt=\"addButton\"]"}
RESULT: {"using":"xpath","value":"//button[@data-kt=\"addButton\"]"}
COMMAND: POST /session/76bbe7a963ba333ac6e3770165032c4a/elements - {"using":"xpath","value":"//button[@data-kt=\"addButton\"]"}
RESULT: {"using":"xpath","value":"//button[@data-kt=\"addButton\"]"}
COMMAND: POST /session/76bbe7a963ba333ac6e3770165032c4a/execute/sync - {"script":"<script> [8489 bytes]","args":[{"element-6066-11e4-a52e-4f735466cecf":"f.37B6A3D8B8D5C040CDE4E4CEB4627624.d.447AF7AFD743D007AC88C6B43C44EAE9.e.6112","ELEMENT":"f.37B6A3D8B8D5C040CDE4E4CEB4627624.d.447AF7AFD743D007AC88C6B43C44EAE9.e.6112"}]}
RESULT: {"script":"<script> [8489 bytes]","args":[{"element-6066-11e4-a52e-4f735466cecf":"f.37B6A3D8B8D5C040CDE4E4CEB4627624.d.447AF7AFD743D007AC88C6B43C44EAE9.e.6112","ELEMENT":"f.37B6A3D8B8D5C040CDE4E4CEB4627624.d.447AF7AFD743D007AC88C6B43C44EAE9.e.6112"}]}
COMMAND: GET /session/76bbe7a963ba333ac6e3770165032c4a/element/f.37B6A3D8B8D5C040CDE4E4CEB4627624.d.447AF7AFD743D007AC88C6B43C44EAE9.e.6112/enabled - {}
COMMAND: GET /session/76bbe7a963ba333ac6e3770165032c4a/screenshot - {}
RESULT: {}
COMMAND: POST /session/76bbe7a963ba333ac6e3770165032c4a/execute/sync - {"script":"<script> [8489 bytes]","args":[{"element-6066-11e4-a52e-4f735466cecf":"f.37B6A3D8B8D5C040CDE4E4CEB4627624.d.447AF7AFD743D007AC88C6B43C44EAE9.e.6112","ELEMENT":"f.37B6A3D8B8D5C040CDE4E4CEB4627624.d.447AF7AFD743D007AC88C6B43C44EAE9.e.6112"}]}
COMMAND: GET /session/76bbe7a963ba333ac6e3770165032c4a/screenshot - {}
RESULT: {}
RESULT: {"script":"<script> [8489 bytes]","args":[{"element-6066-11e4-a52e-4f735466cecf":"f.37B6A3D8B8D5C040CDE4E4CEB4627624.d.447AF7AFD743D007AC88C6B43C44EAE9.e.6112","ELEMENT":"f.37B6A3D8B8D5C040CDE4E4CEB4627624.d.447AF7AFD743D007AC88C6B43C44EAE9.e.6112"}]}
COMMAND: POST /session/76bbe7a963ba333ac6e3770165032c4a/execute/sync - {"script":"<script> [5351 bytes]","args":[{"element-6066-11e4-a52e-4f735466cecf":"f.37B6A3D8B8D5C040CDE4E4CEB4627624.d.447AF7AFD743D007AC88C6B43C44EAE9.e.6112","ELEMENT":"f.37B6A3D8B8D5C040CDE4E4CEB4627624.d.447AF7AFD743D007AC88C6B43C44EAE9.e.6112"}]}
COMMAND: GET /session/76bbe7a963ba333ac6e3770165032c4a/screenshot - {}
RESULT: {}
RESULT: {"script":"<script> [5351 bytes]","args":[{"element-6066-11e4-a52e-4f735466cecf":"f.37B6A3D8B8D5C040CDE4E4CEB4627624.d.447AF7AFD743D007AC88C6B43C44EAE9.e.6112","ELEMENT":"f.37B6A3D8B8D5C040CDE4E4CEB4627624.d.447AF7AFD743D007AC88C6B43C44EAE9.e.6112"}]}
COMMAND: GET /session/76bbe7a963ba333ac6e3770165032c4a/screenshot - {}
RESULT: {}
RESULT: {}
COMMAND: POST /session/76bbe7a963ba333ac6e3770165032c4a/element/f.37B6A3D8B8D5C040CDE4E4CEB4627624.d.447AF7AFD743D007AC88C6B43C44EAE9.e.6112/click - {}
RESULT: {}
COMMAND: GET /session/76bbe7a963ba333ac6e3770165032c4a/screenshot - {}
COMMAND: POST /session/76bbe7a963ba333ac6e3770165032c4a/execute/async - {"script":"<script> [1562 bytes]","args":[{"selector":{"id":"application-managecontracts-display-component---AddNewContract--projectDescription","interaction":{"idSuffix":"inner"}},"wdio_ui5_key":"applicationmanagecontracts-display-component---AddNewContract--projectDescription"}]}
RESULT: {}
RESULT: {"script":"<script> [1562 bytes]","args":[{"selector":{"id":"application-managecontracts-display-component---AddNewContract--projectDescription","interaction":{"idSuffix":"inner"}},"wdio_ui5_key":"applicationmanagecontracts-display-component---AddNewContract--projectDescription"}]}
RESULT: undefined
COMMAND: POST /session/76bbe7a963ba333ac6e3770165032c4a/execute/async - {"script":"<script> [776 bytes]","args":[{"enterText":"Contract WDIO","selector":{"id":"application-managecontracts-display-component---AddNewContract--projectDescription","interaction":{"idSuffix":"inner"}},"clearTextFirst":true,"interactionType":"ENTER_TEXT"}]}
RESULT: {"script":"<script> [776 bytes]","args":[{"enterText":"Contract WDIO","selector":{"id":"application-managecontracts-display-component---AddNewContract--projectDescription","interaction":{"idSuffix":"inner"}},"clearTextFirst":true,"interactionType":"ENTER_TEXT"}]}
COMMAND: POST /session/76bbe7a963ba333ac6e3770165032c4a/element - {"using":"xpath","value":"//input[@id=\"application-managecontracts-display-component---AddNewContract--site-inner\"]"}
RESULT: {"using":"xpath","value":"//input[@id=\"application-managecontracts-display-component---AddNewContract--site-inner\"]"}
COMMAND: POST /session/76bbe7a963ba333ac6e3770165032c4a/element/f.37B6A3D8B8D5C040CDE4E4CEB4627624.d.447AF7AFD743D007AC88C6B43C44EAE9.e.6468/clear - {}
RESULT: {}
COMMAND: POST /session/76bbe7a963ba333ac6e3770165032c4a/element/f.37B6A3D8B8D5C040CDE4E4CEB4627624.d.447AF7AFD743D007AC88C6B43C44EAE9.e.6468/value - {"text":"2289"}
COMMAND: GET /session/76bbe7a963ba333ac6e3770165032c4a/screenshot - {}
RESULT: {"text":"2289"}
COMMAND: GET /session/76bbe7a963ba333ac6e3770165032c4a/screenshot - {}
RESULT: {}
RESULT: {}
COMMAND: POST /session/76bbe7a963ba333ac6e3770165032c4a/element - {"using":"xpath","value":"//li[.//span[text()='2289']]"}
RESULT: {"using":"xpath","value":"//li[.//span[text()='2289']]"}
COMMAND: POST /session/76bbe7a963ba333ac6e3770165032c4a/element/f.37B6A3D8B8D5C040CDE4E4CEB4627624.d.447AF7AFD743D007AC88C6B43C44EAE9.e.6498/click - {}
RESULT: {}
COMMAND: GET /session/76bbe7a963ba333ac6e3770165032c4a/screenshot - {}
RESULT: {}
COMMAND: POST /session/76bbe7a963ba333ac6e3770165032c4a/element - {"using":"xpath","value":"//input[@id=\"application-managecontracts-display-component---AddNewContract--yardId-inner\"]"}
RESULT: {"using":"xpath","value":"//input[@id=\"application-managecontracts-display-component---AddNewContract--yardId-inner\"]"}
COMMAND: GET /session/76bbe7a963ba333ac6e3770165032c4a/element/f.37B6A3D8B8D5C040CDE4E4CEB4627624.d.447AF7AFD743D007AC88C6B43C44EAE9.e.6469/property/value - {}
RESULT: {}
COMMAND: POST /session/76bbe7a963ba333ac6e3770165032c4a/element - {"using":"xpath","value":"//input[@id=\"application-managecontracts-display-component---AddNewContract--customerSelect-inner\"]"}
COMMAND: GET /session/76bbe7a963ba333ac6e3770165032c4a/screenshot - {}
RESULT: {"using":"xpath","value":"//input[@id=\"application-managecontracts-display-component---AddNewContract--customerSelect-inner\"]"}
COMMAND: POST /session/76bbe7a963ba333ac6e3770165032c4a/element/f.37B6A3D8B8D5C040CDE4E4CEB4627624.d.447AF7AFD743D007AC88C6B43C44EAE9.e.6467/clear - {}
RESULT: {}
RESULT: {}
COMMAND: POST /session/76bbe7a963ba333ac6e3770165032c4a/element/f.37B6A3D8B8D5C040CDE4E4CEB4627624.d.447AF7AFD743D007AC88C6B43C44EAE9.e.6467/value - {"text":"1346"}
COMMAND: GET /session/76bbe7a963ba333ac6e3770165032c4a/screenshot - {}
RESULT: {"text":"1346"}
COMMAND: GET /session/76bbe7a963ba333ac6e3770165032c4a/screenshot - {}
RESULT: {}
RESULT: {}
COMMAND: POST /session/76bbe7a963ba333ac6e3770165032c4a/element - {"using":"xpath","value":"//li[.//span[text()='1346']]"}
RESULT: {"using":"xpath","value":"//li[.//span[text()='1346']]"}
COMMAND: POST /session/76bbe7a963ba333ac6e3770165032c4a/element/f.37B6A3D8B8D5C040CDE4E4CEB4627624.d.447AF7AFD743D007AC88C6B43C44EAE9.e.6501/click - {}
RESULT: {}
COMMAND: GET /session/76bbe7a963ba333ac6e3770165032c4a/screenshot - {}
RESULT: {}
COMMAND: POST /session/76bbe7a963ba333ac6e3770165032c4a/element - {"using":"xpath","value":"//button[@data-kt=\"saveButton\"]"}
RESULT: {"using":"xpath","value":"//button[@data-kt=\"saveButton\"]"}
COMMAND: POST /session/76bbe7a963ba333ac6e3770165032c4a/element/f.37B6A3D8B8D5C040CDE4E4CEB4627624.d.447AF7AFD743D007AC88C6B43C44EAE9.e.6502/click - {}
RESULT: {}
COMMAND: GET /session/76bbe7a963ba333ac6e3770165032c4a/screenshot - {}
RESULT: {}
COMMAND: POST /session/76bbe7a963ba333ac6e3770165032c4a/element - {"using":"xpath","value":"//span[contains(@id ,\"contractDetailTitleNoExpanded\")]"}
RESULT: {"using":"xpath","value":"//span[contains(@id ,\"contractDetailTitleNoExpanded\")]"}
COMMAND: POST /session/76bbe7a963ba333ac6e3770165032c4a/elements - {"using":"xpath","value":"//span[contains(@id ,\"contractDetailTitleNoExpanded\")]"}
RESULT: {"using":"xpath","value":"//span[contains(@id ,\"contractDetailTitleNoExpanded\")]"}
COMMAND: POST /session/76bbe7a963ba333ac6e3770165032c4a/execute/sync - {"script":"<script> [56 bytes]","args":[{"element-6066-11e4-a52e-4f735466cecf":"f.37B6A3D8B8D5C040CDE4E4CEB4627624.d.447AF7AFD743D007AC88C6B43C44EAE9.e.6574","ELEMENT":"f.37B6A3D8B8D5C040CDE4E4CEB4627624.d.447AF7AFD743D007AC88C6B43C44EAE9.e.6574"}]}
RESULT: {"script":"<script> [56 bytes]","args":[{"element-6066-11e4-a52e-4f735466cecf":"f.37B6A3D8B8D5C040CDE4E4CEB4627624.d.447AF7AFD743D007AC88C6B43C44EAE9.e.6574","ELEMENT":"f.37B6A3D8B8D5C040CDE4E4CEB4627624.d.447AF7AFD743D007AC88C6B43C44EAE9.e.6574"}]}
COMMAND: GET /session/76bbe7a963ba333ac6e3770165032c4a/screenshot - {}
RESULT: {}
]]></system-out>
    </testcase>
    <testcase classname="chrome.136_0_7103_93.windows.Provide_to_Site_w/_warehouse_management_w_clarification" name="Should add equipment to the contract" time="55.763">
      <system-out><![CDATA[
COMMAND: POST /session/76bbe7a963ba333ac6e3770165032c4a/element - {"using":"xpath","value":"//button[@data-kt=\"contractDetailEditBtnButton\"]"}
RESULT: {"using":"xpath","value":"//button[@data-kt=\"contractDetailEditBtnButton\"]"}
COMMAND: POST /session/76bbe7a963ba333ac6e3770165032c4a/element/f.37B6A3D8B8D5C040CDE4E4CEB4627624.d.447AF7AFD743D007AC88C6B43C44EAE9.e.6576/click - {}
RESULT: {}
COMMAND: GET /session/76bbe7a963ba333ac6e3770165032c4a/screenshot - {}
RESULT: {}
COMMAND: POST /session/76bbe7a963ba333ac6e3770165032c4a/element - {"using":"xpath","value":"(//span[contains(text(), \"Additional Addresses\")])[2]"}
RESULT: {"using":"xpath","value":"(//span[contains(text(), \"Additional Addresses\")])[2]"}
COMMAND: POST /session/76bbe7a963ba333ac6e3770165032c4a/element/f.37B6A3D8B8D5C040CDE4E4CEB4627624.d.447AF7AFD743D007AC88C6B43C44EAE9.e.6633/click - {}
RESULT: {}
COMMAND: GET /session/76bbe7a963ba333ac6e3770165032c4a/screenshot - {}
RESULT: {}
COMMAND: POST /session/76bbe7a963ba333ac6e3770165032c4a/element - {"using":"xpath","value":"//button[@data-kt=\"btnAddTableRowOverflowToolbarButton\"]"}
RESULT: {"using":"xpath","value":"//button[@data-kt=\"btnAddTableRowOverflowToolbarButton\"]"}
COMMAND: POST /session/76bbe7a963ba333ac6e3770165032c4a/element/f.37B6A3D8B8D5C040CDE4E4CEB4627624.d.447AF7AFD743D007AC88C6B43C44EAE9.e.6635/click - {}
RESULT: {}
COMMAND: GET /session/76bbe7a963ba333ac6e3770165032c4a/screenshot - {}
RESULT: {}
COMMAND: POST /session/76bbe7a963ba333ac6e3770165032c4a/element - {"using":"xpath","value":"//div[(text() = 'Standard Entry' or . = 'Standard Entry')]"}
RESULT: {"using":"xpath","value":"//div[(text() = 'Standard Entry' or . = 'Standard Entry')]"}
COMMAND: POST /session/76bbe7a963ba333ac6e3770165032c4a/element/f.37B6A3D8B8D5C040CDE4E4CEB4627624.d.447AF7AFD743D007AC88C6B43C44EAE9.e.6637/click - {}
RESULT: {}
COMMAND: GET /session/76bbe7a963ba333ac6e3770165032c4a/screenshot - {}
RESULT: {}
COMMAND: POST /session/76bbe7a963ba333ac6e3770165032c4a/element - {"using":"xpath","value":"//td[6]/div/div/div/span"}
RESULT: {"using":"xpath","value":"//td[6]/div/div/div/span"}
COMMAND: POST /session/76bbe7a963ba333ac6e3770165032c4a/element/f.37B6A3D8B8D5C040CDE4E4CEB4627624.d.447AF7AFD743D007AC88C6B43C44EAE9.e.6649/click - {}
RESULT: {}
COMMAND: GET /session/76bbe7a963ba333ac6e3770165032c4a/screenshot - {}
RESULT: {}
COMMAND: POST /session/76bbe7a963ba333ac6e3770165032c4a/element - {"using":"xpath","value":"(//span[contains(text(), \"Material\")])"}
RESULT: {"using":"xpath","value":"(//span[contains(text(), \"Material\")])"}
COMMAND: POST /session/76bbe7a963ba333ac6e3770165032c4a/element/f.37B6A3D8B8D5C040CDE4E4CEB4627624.d.447AF7AFD743D007AC88C6B43C44EAE9.e.6650/click - {}
RESULT: {}
COMMAND: GET /session/76bbe7a963ba333ac6e3770165032c4a/screenshot - {}
RESULT: {}
COMMAND: POST /session/76bbe7a963ba333ac6e3770165032c4a/element - {"using":"xpath","value":"//td[7]/div/div/input"}
RESULT: {"using":"xpath","value":"//td[7]/div/div/input"}
COMMAND: POST /session/76bbe7a963ba333ac6e3770165032c4a/element/f.37B6A3D8B8D5C040CDE4E4CEB4627624.d.447AF7AFD743D007AC88C6B43C44EAE9.e.6654/clear - {}
RESULT: {}
COMMAND: POST /session/76bbe7a963ba333ac6e3770165032c4a/element/f.37B6A3D8B8D5C040CDE4E4CEB4627624.d.447AF7AFD743D007AC88C6B43C44EAE9.e.6654/value - {"text":"200315"}
COMMAND: GET /session/76bbe7a963ba333ac6e3770165032c4a/screenshot - {}
RESULT: {"text":"200315"}
COMMAND: GET /session/76bbe7a963ba333ac6e3770165032c4a/screenshot - {}
RESULT: {}
RESULT: {}
COMMAND: POST /session/76bbe7a963ba333ac6e3770165032c4a/actions - {"actions":[{"id":"action23","type":"key","parameters":{},"actions":[{"type":"keyDown","value":"î€‡"},{"type":"pause","duration":10},{"type":"keyUp","value":"î€‡"}]}]}
RESULT: {"actions":[{"id":"action23","type":"key","parameters":{},"actions":[{"type":"keyDown","value":"î€‡"},{"type":"pause","duration":10},{"type":"keyUp","value":"î€‡"}]}]}
COMMAND: GET /session/76bbe7a963ba333ac6e3770165032c4a/screenshot - {}
RESULT: {}
COMMAND: POST /session/76bbe7a963ba333ac6e3770165032c4a/execute/sync - {"script":"<script> [276 bytes]","args":["No pricing information was found"]}
RESULT: {"script":"<script> [276 bytes]","args":["No pricing information was found"]}
COMMAND: POST /session/76bbe7a963ba333ac6e3770165032c4a/element - {"using":"xpath","value":"//bdi[contains(text(), \"OK\")]"}
COMMAND: GET /session/76bbe7a963ba333ac6e3770165032c4a/screenshot - {}
RESULT: {"using":"xpath","value":"//bdi[contains(text(), \"OK\")]"}
COMMAND: POST /session/76bbe7a963ba333ac6e3770165032c4a/element/f.37B6A3D8B8D5C040CDE4E4CEB4627624.d.447AF7AFD743D007AC88C6B43C44EAE9.e.6680/click - {}
RESULT: {}
RESULT: {}
COMMAND: GET /session/76bbe7a963ba333ac6e3770165032c4a/screenshot - {}
RESULT: {}
COMMAND: POST /session/76bbe7a963ba333ac6e3770165032c4a/element - {"using":"xpath","value":"(//button[@data-kt=\"saveButton\"])[2]"}
RESULT: {"using":"xpath","value":"(//button[@data-kt=\"saveButton\"])[2]"}
COMMAND: POST /session/76bbe7a963ba333ac6e3770165032c4a/element/f.37B6A3D8B8D5C040CDE4E4CEB4627624.d.447AF7AFD743D007AC88C6B43C44EAE9.e.6681/click - {}
RESULT: {}
COMMAND: GET /session/76bbe7a963ba333ac6e3770165032c4a/screenshot - {}
RESULT: {}
COMMAND: POST /session/76bbe7a963ba333ac6e3770165032c4a/execute/sync - {"script":"<script> [276 bytes]","args":["Some contract items are having rental validity exceeding header rental validity"]}
RESULT: {"script":"<script> [276 bytes]","args":["Some contract items are having rental validity exceeding header rental validity"]}
COMMAND: GET /session/76bbe7a963ba333ac6e3770165032c4a/screenshot - {}
RESULT: {}
COMMAND: POST /session/76bbe7a963ba333ac6e3770165032c4a/element - {"using":"xpath","value":"//span[contains(@id ,\"contractItemsSmartTable-header-inner\")]"}
RESULT: {"using":"xpath","value":"//span[contains(@id ,\"contractItemsSmartTable-header-inner\")]"}
COMMAND: POST /session/76bbe7a963ba333ac6e3770165032c4a/elements - {"using":"xpath","value":"//span[contains(@id ,\"contractItemsSmartTable-header-inner\")]"}
RESULT: {"using":"xpath","value":"//span[contains(@id ,\"contractItemsSmartTable-header-inner\")]"}
COMMAND: POST /session/76bbe7a963ba333ac6e3770165032c4a/execute/sync - {"script":"<script> [56 bytes]","args":[{"element-6066-11e4-a52e-4f735466cecf":"f.37B6A3D8B8D5C040CDE4E4CEB4627624.d.447AF7AFD743D007AC88C6B43C44EAE9.e.6686","ELEMENT":"f.37B6A3D8B8D5C040CDE4E4CEB4627624.d.447AF7AFD743D007AC88C6B43C44EAE9.e.6686"}]}
RESULT: {"script":"<script> [56 bytes]","args":[{"element-6066-11e4-a52e-4f735466cecf":"f.37B6A3D8B8D5C040CDE4E4CEB4627624.d.447AF7AFD743D007AC88C6B43C44EAE9.e.6686","ELEMENT":"f.37B6A3D8B8D5C040CDE4E4CEB4627624.d.447AF7AFD743D007AC88C6B43C44EAE9.e.6686"}]}
]]></system-out>
    </testcase>
    <testcase classname="chrome.136_0_7103_93.windows.Provide_to_Site_w/_warehouse_management_w_clarification" name="Should provide to site" time="37.939">
      <system-out><![CDATA[
COMMAND: POST /session/76bbe7a963ba333ac6e3770165032c4a/element - {"using":"xpath","value":"//button[@data-kt=\"provideButton\"]"}
COMMAND: GET /session/76bbe7a963ba333ac6e3770165032c4a/screenshot - {}
RESULT: {"using":"xpath","value":"//button[@data-kt=\"provideButton\"]"}
COMMAND: POST /session/76bbe7a963ba333ac6e3770165032c4a/element/f.37B6A3D8B8D5C040CDE4E4CEB4627624.d.447AF7AFD743D007AC88C6B43C44EAE9.e.6687/click - {}
RESULT: {}
RESULT: {}
COMMAND: GET /session/76bbe7a963ba333ac6e3770165032c4a/screenshot - {}
RESULT: undefined
COMMAND: POST /session/76bbe7a963ba333ac6e3770165032c4a/execute/async - {"script":"<script> [6424 bytes]","args":[{"element-6066-11e4-a52e-4f735466cecf":"f.37B6A3D8B8D5C040CDE4E4CEB4627624.d.447AF7AFD743D007AC88C6B43C44EAE9.e.5482"},"setValue",["05/20/25"]]}
RESULT: {}
COMMAND: POST /session/76bbe7a963ba333ac6e3770165032c4a/execute/async - {"script":"<script> [1562 bytes]","args":[{"selector":{"id":"application-managehandovers-display-component---AddNewHO--dueDate","interaction":{"idSuffix":"inner"}},"wdio_ui5_key":"applicationmanagehandovers-display-component---AddNewHO--dueDate"}]}
RESULT: {"script":"<script> [1562 bytes]","args":[{"selector":{"id":"application-managehandovers-display-component---AddNewHO--dueDate","interaction":{"idSuffix":"inner"}},"wdio_ui5_key":"applicationmanagehandovers-display-component---AddNewHO--dueDate"}]}
COMMAND: POST /session/76bbe7a963ba333ac6e3770165032c4a/execute/async - {"script":"<script> [6424 bytes]","args":[{"element-6066-11e4-a52e-4f735466cecf":"f.37B6A3D8B8D5C040CDE4E4CEB4627624.d.447AF7AFD743D007AC88C6B43C44EAE9.e.6777"},"setValue",["05/20/25"]]}
RESULT: {"script":"<script> [6424 bytes]","args":[{"element-6066-11e4-a52e-4f735466cecf":"f.37B6A3D8B8D5C040CDE4E4CEB4627624.d.447AF7AFD743D007AC88C6B43C44EAE9.e.6777"},"setValue",["05/20/25"]]}
COMMAND: POST /session/76bbe7a963ba333ac6e3770165032c4a/element - {"using":"xpath","value":"//bdi[contains(text(), \"Instructions\")]"}
RESULT: {"using":"xpath","value":"//bdi[contains(text(), \"Instructions\")]"}
COMMAND: POST /session/76bbe7a963ba333ac6e3770165032c4a/element/f.37B6A3D8B8D5C040CDE4E4CEB4627624.d.447AF7AFD743D007AC88C6B43C44EAE9.e.6993/click - {}
RESULT: {}
COMMAND: GET /session/76bbe7a963ba333ac6e3770165032c4a/screenshot - {}
RESULT: {}
COMMAND: POST /session/76bbe7a963ba333ac6e3770165032c4a/element - {"using":"xpath","value":"//button[@data-kt=\"AddNewHOProvideAddItemsButton\"]"}
RESULT: {"using":"xpath","value":"//button[@data-kt=\"AddNewHOProvideAddItemsButton\"]"}
COMMAND: POST /session/76bbe7a963ba333ac6e3770165032c4a/element/f.37B6A3D8B8D5C040CDE4E4CEB4627624.d.447AF7AFD743D007AC88C6B43C44EAE9.e.6997/click - {}
RESULT: {}
COMMAND: GET /session/76bbe7a963ba333ac6e3770165032c4a/screenshot - {}
RESULT: {}
RESULT: undefined
COMMAND: POST /session/76bbe7a963ba333ac6e3770165032c4a/element - {"using":"xpath","value":"//*[@id=\"application-managehandovers-display-component---AddNewHO--popup-sa\"]"}
RESULT: {"using":"xpath","value":"//*[@id=\"application-managehandovers-display-component---AddNewHO--popup-sa\"]"}
COMMAND: POST /session/76bbe7a963ba333ac6e3770165032c4a/element/f.37B6A3D8B8D5C040CDE4E4CEB4627624.d.447AF7AFD743D007AC88C6B43C44EAE9.e.7008/click - {}
RESULT: {}
COMMAND: GET /session/76bbe7a963ba333ac6e3770165032c4a/screenshot - {}
RESULT: {}
COMMAND: POST /session/76bbe7a963ba333ac6e3770165032c4a/element - {"using":"xpath","value":"//*[contains(@id ,\"BDI-content\")][contains(text(), \"Select\")]"}
RESULT: {"using":"xpath","value":"//*[contains(@id ,\"BDI-content\")][contains(text(), \"Select\")]"}
COMMAND: POST /session/76bbe7a963ba333ac6e3770165032c4a/element/f.37B6A3D8B8D5C040CDE4E4CEB4627624.d.447AF7AFD743D007AC88C6B43C44EAE9.e.7010/click - {}
RESULT: {}
COMMAND: GET /session/76bbe7a963ba333ac6e3770165032c4a/screenshot - {}
RESULT: {}
COMMAND: POST /session/76bbe7a963ba333ac6e3770165032c4a/element - {"using":"xpath","value":"//bdi[(text() = 'Save' or . = 'Save')]"}
RESULT: {"using":"xpath","value":"//bdi[(text() = 'Save' or . = 'Save')]"}
COMMAND: POST /session/76bbe7a963ba333ac6e3770165032c4a/element/f.37B6A3D8B8D5C040CDE4E4CEB4627624.d.447AF7AFD743D007AC88C6B43C44EAE9.e.7013/click - {}
RESULT: {}
COMMAND: GET /session/76bbe7a963ba333ac6e3770165032c4a/screenshot - {}
RESULT: {}
]]></system-out>
    </testcase>
    <testcase classname="chrome.136_0_7103_93.windows.Provide_to_Site_w/_warehouse_management_w_clarification" name="Should test for Handover Execution" time="152.347">
      <system-out><![CDATA[
COMMAND: POST /session/76bbe7a963ba333ac6e3770165032c4a/execute/async - {"script":"<script> [1562 bytes]","args":[{"selector":{"controlType":"sap.m.Link","viewName":"etm.portal.ui.managehandovers.view.DetailExecuteHO","bindingPath":{"path":"","propertyPath":"/wmDoc","modelName":"warehouseMovModel"}},"wdio_ui5_key":"etmportal.ui.managehandovers.view.DetailExecuteHOsap.m.Link{\"path\":\"\",\"propertyPath\":\"/wmDoc\",\"modelName\":\"warehouseMovModel\"}"}]}
RESULT: {"script":"<script> [1562 bytes]","args":[{"selector":{"controlType":"sap.m.Link","viewName":"etm.portal.ui.managehandovers.view.DetailExecuteHO","bindingPath":{"path":"","propertyPath":"/wmDoc","modelName":"warehouseMovModel"}},"wdio_ui5_key":"etmportal.ui.managehandovers.view.DetailExecuteHOsap.m.Link{\"path\":\"\",\"propertyPath\":\"/wmDoc\",\"modelName\":\"warehouseMovModel\"}"}]}
RESULT: undefined
COMMAND: POST /session/76bbe7a963ba333ac6e3770165032c4a/element - {"using":"xpath","value":"//*[@id=\"__link81\"]"}
RESULT: {"using":"xpath","value":"//*[@id=\"__link81\"]"}
COMMAND: POST /session/76bbe7a963ba333ac6e3770165032c4a/element/f.37B6A3D8B8D5C040CDE4E4CEB4627624.d.447AF7AFD743D007AC88C6B43C44EAE9.e.7046/click - {}
RESULT: {}
COMMAND: GET /session/76bbe7a963ba333ac6e3770165032c4a/screenshot - {}
RESULT: {}
COMMAND: POST /session/76bbe7a963ba333ac6e3770165032c4a/execute/async - {"script":"<script> [1562 bytes]","args":[{"selector":{"controlType":"sap.m.Link","viewName":"etm.portal.ui.managehandovers.view.DetailExecuteHO","properties":{"text":"Warehouse Overview"},"searchOpenDialogs":true},"wdio_ui5_key":"etmportal.ui.managehandovers.view.DetailExecuteHOsap.m.Link{\"text\":\"Warehouse Overview\"}"}]}
RESULT: {"script":"<script> [1562 bytes]","args":[{"selector":{"controlType":"sap.m.Link","viewName":"etm.portal.ui.managehandovers.view.DetailExecuteHO","properties":{"text":"Warehouse Overview"},"searchOpenDialogs":true},"wdio_ui5_key":"etmportal.ui.managehandovers.view.DetailExecuteHOsap.m.Link{\"text\":\"Warehouse Overview\"}"}]}
RESULT: undefined
COMMAND: POST /session/76bbe7a963ba333ac6e3770165032c4a/element - {"using":"xpath","value":"//*[@id=\"__link96\"]"}
RESULT: {"using":"xpath","value":"//*[@id=\"__link96\"]"}
COMMAND: POST /session/76bbe7a963ba333ac6e3770165032c4a/element/f.37B6A3D8B8D5C040CDE4E4CEB4627624.d.447AF7AFD743D007AC88C6B43C44EAE9.e.7050/click - {}
RESULT: {}
COMMAND: GET /session/76bbe7a963ba333ac6e3770165032c4a/screenshot - {}
COMMAND: POST /session/76bbe7a963ba333ac6e3770165032c4a/execute/async - {"script":"<script> [1562 bytes]","args":[{"selector":{"controlType":"sap.m.Button","viewName":"etm.portal.ui.warehousemovements.view.DisplayMovement","viewId":"application-warehousemovements-display-component---displayMovement","i18NText":{"propertyName":"text","key":"execution"},"interaction":{"idSuffix":"BDI-content"}},"wdio_ui5_key":"etmportal.ui.warehousemovements.view.DisplayMovementsap.m.Button{\"propertyName\":\"text\",\"key\":\"execution\"}"}]}
RESULT: {}
RESULT: {"script":"<script> [1562 bytes]","args":[{"selector":{"controlType":"sap.m.Button","viewName":"etm.portal.ui.warehousemovements.view.DisplayMovement","viewId":"application-warehousemovements-display-component---displayMovement","i18NText":{"propertyName":"text","key":"execution"},"interaction":{"idSuffix":"BDI-content"}},"wdio_ui5_key":"etmportal.ui.warehousemovements.view.DisplayMovementsap.m.Button{\"propertyName\":\"text\",\"key\":\"execution\"}"}]}
RESULT: undefined
COMMAND: POST /session/76bbe7a963ba333ac6e3770165032c4a/element - {"using":"xpath","value":"//*[@id=\"__button219\"]"}
RESULT: {"using":"xpath","value":"//*[@id=\"__button219\"]"}
COMMAND: POST /session/76bbe7a963ba333ac6e3770165032c4a/element/f.37B6A3D8B8D5C040CDE4E4CEB4627624.d.447AF7AFD743D007AC88C6B43C44EAE9.e.7179/click - {}
RESULT: {}
COMMAND: GET /session/76bbe7a963ba333ac6e3770165032c4a/screenshot - {}
RESULT: {}
COMMAND: POST /session/76bbe7a963ba333ac6e3770165032c4a/execute/async - {"script":"<script> [1562 bytes]","args":[{"selector":{"controlType":"sap.m.Button","viewName":"etm.portal.ui.warehousemovements.view.ExecuteMovement","viewId":"application-warehousemovements-display-component---executeMovement","properties":{"text":"Items"},"interaction":{"idSuffix":"BDI-content"}},"wdio_ui5_key":"etmportal.ui.warehousemovements.view.ExecuteMovementsap.m.Button{\"text\":\"Items\"}"}]}
RESULT: {"script":"<script> [1562 bytes]","args":[{"selector":{"controlType":"sap.m.Button","viewName":"etm.portal.ui.warehousemovements.view.ExecuteMovement","viewId":"application-warehousemovements-display-component---executeMovement","properties":{"text":"Items"},"interaction":{"idSuffix":"BDI-content"}},"wdio_ui5_key":"etmportal.ui.warehousemovements.view.ExecuteMovementsap.m.Button{\"text\":\"Items\"}"}]}
RESULT: undefined
COMMAND: POST /session/76bbe7a963ba333ac6e3770165032c4a/element - {"using":"xpath","value":"//*[@id=\"__layout353-anchBar-application-warehousemovements-display-component---executeMovement--itemsSection-anchor\"]"}
RESULT: {"using":"xpath","value":"//*[@id=\"__layout353-anchBar-application-warehousemovements-display-component---executeMovement--itemsSection-anchor\"]"}
COMMAND: POST /session/76bbe7a963ba333ac6e3770165032c4a/element/f.37B6A3D8B8D5C040CDE4E4CEB4627624.d.447AF7AFD743D007AC88C6B43C44EAE9.e.7277/click - {}
RESULT: {}
COMMAND: GET /session/76bbe7a963ba333ac6e3770165032c4a/screenshot - {}
RESULT: {}
COMMAND: POST /session/76bbe7a963ba333ac6e3770165032c4a/execute/async - {"script":"<script> [1562 bytes]","args":[{"selector":{"controlType":"sap.m.ToggleButton","viewName":"etm.portal.ui.warehousemovements.view.ExecuteMovement","viewId":"application-warehousemovements-display-component---executeMovement","bindingPath":{"propertyPath":"STATUS","modelName":"catalogModel"},"interaction":{"idSuffix":"BDI-content"}},"wdio_ui5_key":"etmportal.ui.warehousemovements.view.ExecuteMovementsap.m.ToggleButton{\"propertyPath\":\"STATUS\",\"modelName\":\"catalogModel\"}"}]}
RESULT: {"script":"<script> [1562 bytes]","args":[{"selector":{"controlType":"sap.m.ToggleButton","viewName":"etm.portal.ui.warehousemovements.view.ExecuteMovement","viewId":"application-warehousemovements-display-component---executeMovement","bindingPath":{"propertyPath":"STATUS","modelName":"catalogModel"},"interaction":{"idSuffix":"BDI-content"}},"wdio_ui5_key":"etmportal.ui.warehousemovements.view.ExecuteMovementsap.m.ToggleButton{\"propertyPath\":\"STATUS\",\"modelName\":\"catalogModel\"}"}]}
RESULT: undefined
COMMAND: POST /session/76bbe7a963ba333ac6e3770165032c4a/element - {"using":"xpath","value":"//*[@id=\"__button242-__clone3473\"]"}
RESULT: {"using":"xpath","value":"//*[@id=\"__button242-__clone3473\"]"}
COMMAND: POST /session/76bbe7a963ba333ac6e3770165032c4a/element/f.37B6A3D8B8D5C040CDE4E4CEB4627624.d.447AF7AFD743D007AC88C6B43C44EAE9.e.7249/click - {}
RESULT: {}
RESULT: undefined
COMMAND: POST /session/76bbe7a963ba333ac6e3770165032c4a/element - {"using":"xpath","value":"//*[@id=\"__button242-__clone3473\"]"}
COMMAND: GET /session/76bbe7a963ba333ac6e3770165032c4a/screenshot - {}
RESULT: {"using":"xpath","value":"//*[@id=\"__button242-__clone3473\"]"}
COMMAND: POST /session/76bbe7a963ba333ac6e3770165032c4a/element/f.37B6A3D8B8D5C040CDE4E4CEB4627624.d.447AF7AFD743D007AC88C6B43C44EAE9.e.7249/click - {}
RESULT: {}
RESULT: {}
COMMAND: GET /session/76bbe7a963ba333ac6e3770165032c4a/screenshot - {}
RESULT: {}
COMMAND: POST /session/76bbe7a963ba333ac6e3770165032c4a/element - {"using":"xpath","value":"//section[contains(@id,\"FC-NoHead\")]/div[1]/div[5]/div[2]/span"}
RESULT: {"using":"xpath","value":"//section[contains(@id,\"FC-NoHead\")]/div[1]/div[5]/div[2]/span"}
COMMAND: POST /session/76bbe7a963ba333ac6e3770165032c4a/elements - {"using":"xpath","value":"//section[contains(@id,\"FC-NoHead\")]/div[1]/div[5]/div[2]/span"}
RESULT: {"using":"xpath","value":"//section[contains(@id,\"FC-NoHead\")]/div[1]/div[5]/div[2]/span"}
COMMAND: POST /session/76bbe7a963ba333ac6e3770165032c4a/execute/sync - {"script":"<script> [56 bytes]","args":[{"element-6066-11e4-a52e-4f735466cecf":"f.37B6A3D8B8D5C040CDE4E4CEB4627624.d.447AF7AFD743D007AC88C6B43C44EAE9.e.7284","ELEMENT":"f.37B6A3D8B8D5C040CDE4E4CEB4627624.d.447AF7AFD743D007AC88C6B43C44EAE9.e.7284"}]}
RESULT: {"script":"<script> [56 bytes]","args":[{"element-6066-11e4-a52e-4f735466cecf":"f.37B6A3D8B8D5C040CDE4E4CEB4627624.d.447AF7AFD743D007AC88C6B43C44EAE9.e.7284","ELEMENT":"f.37B6A3D8B8D5C040CDE4E4CEB4627624.d.447AF7AFD743D007AC88C6B43C44EAE9.e.7284"}]}
COMMAND: POST /session/76bbe7a963ba333ac6e3770165032c4a/actions - {"actions":[{"id":"action24","type":"key","parameters":{},"actions":[{"type":"keyDown","value":"î€‡"},{"type":"pause","duration":10},{"type":"keyUp","value":"î€‡"}]}]}
COMMAND: GET /session/76bbe7a963ba333ac6e3770165032c4a/screenshot - {}
RESULT: {"actions":[{"id":"action24","type":"key","parameters":{},"actions":[{"type":"keyDown","value":"î€‡"},{"type":"pause","duration":10},{"type":"keyUp","value":"î€‡"}]}]}
COMMAND: POST /session/76bbe7a963ba333ac6e3770165032c4a/execute/async - {"script":"<script> [1562 bytes]","args":[{"selector":{"id":"application-warehousemovements-display-component---executeMovement--executeId","interaction":{"idSuffix":"BDI-content"}},"wdio_ui5_key":"applicationwarehousemovements-display-component---executeMovement--executeId"}]}
COMMAND: GET /session/76bbe7a963ba333ac6e3770165032c4a/screenshot - {}
RESULT: {}
RESULT: {"script":"<script> [1562 bytes]","args":[{"selector":{"id":"application-warehousemovements-display-component---executeMovement--executeId","interaction":{"idSuffix":"BDI-content"}},"wdio_ui5_key":"applicationwarehousemovements-display-component---executeMovement--executeId"}]}
RESULT: undefined
COMMAND: POST /session/76bbe7a963ba333ac6e3770165032c4a/element - {"using":"xpath","value":"//*[@id=\"application-warehousemovements-display-component---executeMovement--executeId\"]"}
RESULT: {}
RESULT: {"using":"xpath","value":"//*[@id=\"application-warehousemovements-display-component---executeMovement--executeId\"]"}
COMMAND: POST /session/76bbe7a963ba333ac6e3770165032c4a/element/f.37B6A3D8B8D5C040CDE4E4CEB4627624.d.447AF7AFD743D007AC88C6B43C44EAE9.e.7243/click - {}
RESULT: {}
COMMAND: GET /session/76bbe7a963ba333ac6e3770165032c4a/screenshot - {}
RESULT: {}
COMMAND: POST /session/76bbe7a963ba333ac6e3770165032c4a/element - {"using":"css selector","value":"#shell-header-logo"}
RESULT: {"using":"css selector","value":"#shell-header-logo"}
COMMAND: POST /session/76bbe7a963ba333ac6e3770165032c4a/element/f.37B6A3D8B8D5C040CDE4E4CEB4627624.d.447AF7AFD743D007AC88C6B43C44EAE9.e.6063/click - {}
RESULT: {}
COMMAND: GET /session/76bbe7a963ba333ac6e3770165032c4a/screenshot - {}
RESULT: {}
RESULT: undefined
COMMAND: POST /session/76bbe7a963ba333ac6e3770165032c4a/element - {"using":"xpath","value":"//*[@id=\"__tile133\"]"}
RESULT: {"using":"xpath","value":"//*[@id=\"__tile133\"]"}
COMMAND: POST /session/76bbe7a963ba333ac6e3770165032c4a/element/f.37B6A3D8B8D5C040CDE4E4CEB4627624.d.447AF7AFD743D007AC88C6B43C44EAE9.e.4459/click - {}
RESULT: {}
COMMAND: GET /session/76bbe7a963ba333ac6e3770165032c4a/screenshot - {}
RESULT: {}
COMMAND: POST /session/76bbe7a963ba333ac6e3770165032c4a/elements - {"using":"xpath","value":"//span[text()='Error']"}
RESULT: {"using":"xpath","value":"//span[text()='Error']"}
COMMAND: POST /session/76bbe7a963ba333ac6e3770165032c4a/execute/async - {"script":"<script> [1562 bytes]","args":[{"selector":{"controlType":"sap.m.SearchField","viewName":"etm.portal.ui.managehandovers.view.MasterHO","bindingPath":{"propertyPath":"/_BASIC_SEARCH_FIELD","modelName":"fi1t3rM0d31"},"interaction":{"idSuffix":"I"}},"wdio_ui5_key":"etmportal.ui.managehandovers.view.MasterHOsap.m.SearchField{\"propertyPath\":\"/_BASIC_SEARCH_FIELD\",\"modelName\":\"fi1t3rM0d31\"}"}]}
RESULT: {"script":"<script> [1562 bytes]","args":[{"selector":{"controlType":"sap.m.SearchField","viewName":"etm.portal.ui.managehandovers.view.MasterHO","bindingPath":{"propertyPath":"/_BASIC_SEARCH_FIELD","modelName":"fi1t3rM0d31"},"interaction":{"idSuffix":"I"}},"wdio_ui5_key":"etmportal.ui.managehandovers.view.MasterHOsap.m.SearchField{\"propertyPath\":\"/_BASIC_SEARCH_FIELD\",\"modelName\":\"fi1t3rM0d31\"}"}]}
RESULT: undefined
COMMAND: POST /session/76bbe7a963ba333ac6e3770165032c4a/execute/async - {"script":"<script> [776 bytes]","args":[{"enterText":"30793","selector":{"controlType":"sap.m.SearchField","viewName":"etm.portal.ui.managehandovers.view.MasterHO","bindingPath":{"propertyPath":"/_BASIC_SEARCH_FIELD","modelName":"fi1t3rM0d31"},"interaction":{"idSuffix":"I"}},"clearTextFirst":true,"interactionType":"ENTER_TEXT"}]}
RESULT: {"script":"<script> [776 bytes]","args":[{"enterText":"30793","selector":{"controlType":"sap.m.SearchField","viewName":"etm.portal.ui.managehandovers.view.MasterHO","bindingPath":{"propertyPath":"/_BASIC_SEARCH_FIELD","modelName":"fi1t3rM0d31"},"interaction":{"idSuffix":"I"}},"clearTextFirst":true,"interactionType":"ENTER_TEXT"}]}
COMMAND: POST /session/76bbe7a963ba333ac6e3770165032c4a/actions - {"actions":[{"id":"action25","type":"key","parameters":{},"actions":[{"type":"keyDown","value":"î€‡"},{"type":"pause","duration":10},{"type":"keyUp","value":"î€‡"}]}]}
RESULT: {"actions":[{"id":"action25","type":"key","parameters":{},"actions":[{"type":"keyDown","value":"î€‡"},{"type":"pause","duration":10},{"type":"keyUp","value":"î€‡"}]}]}
COMMAND: GET /session/76bbe7a963ba333ac6e3770165032c4a/screenshot - {}
RESULT: {}
COMMAND: POST /session/76bbe7a963ba333ac6e3770165032c4a/execute/async - {"script":"<script> [1562 bytes]","args":[{"selector":{"controlType":"sap.ui.core.Icon","viewName":"etm.portal.ui.managehandovers.view.MasterHO","properties":{"src":{"regex":{"source":"slim\\-arrow\\-right"}}}},"wdio_ui5_key":"etmportal.ui.managehandovers.view.MasterHOsap.ui.core.Icon{\"src\":{\"regex\":{\"source\":\"slim\\\\-arrow\\\\-right\"}}}"}]}
RESULT: {"script":"<script> [1562 bytes]","args":[{"selector":{"controlType":"sap.ui.core.Icon","viewName":"etm.portal.ui.managehandovers.view.MasterHO","properties":{"src":{"regex":{"source":"slim\\-arrow\\-right"}}}},"wdio_ui5_key":"etmportal.ui.managehandovers.view.MasterHOsap.ui.core.Icon{\"src\":{\"regex\":{\"source\":\"slim\\\\-arrow\\\\-right\"}}}"}]}
RESULT: undefined
COMMAND: POST /session/76bbe7a963ba333ac6e3770165032c4a/element - {"using":"xpath","value":"//*[@id=\"__item1862-__clone3552-imgNav\"]"}
RESULT: {"using":"xpath","value":"//*[@id=\"__item1862-__clone3552-imgNav\"]"}
COMMAND: POST /session/76bbe7a963ba333ac6e3770165032c4a/element/f.37B6A3D8B8D5C040CDE4E4CEB4627624.d.447AF7AFD743D007AC88C6B43C44EAE9.e.7478/click - {}
RESULT: {}
COMMAND: GET /session/76bbe7a963ba333ac6e3770165032c4a/screenshot - {}
RESULT: {}
COMMAND: POST /session/76bbe7a963ba333ac6e3770165032c4a/execute/async - {"script":"<script> [1562 bytes]","args":[{"selector":{"controlType":"sap.m.Button","viewName":"etm.portal.ui.managehandovers.view.DetailExecuteHO","i18NText":{"propertyName":"text","key":"confirmAll"},"interaction":{"idSuffix":"BDI-content"}},"wdio_ui5_key":"etmportal.ui.managehandovers.view.DetailExecuteHOsap.m.Button{\"propertyName\":\"text\",\"key\":\"confirmAll\"}"}]}
RESULT: {"script":"<script> [1562 bytes]","args":[{"selector":{"controlType":"sap.m.Button","viewName":"etm.portal.ui.managehandovers.view.DetailExecuteHO","i18NText":{"propertyName":"text","key":"confirmAll"},"interaction":{"idSuffix":"BDI-content"}},"wdio_ui5_key":"etmportal.ui.managehandovers.view.DetailExecuteHOsap.m.Button{\"propertyName\":\"text\",\"key\":\"confirmAll\"}"}]}
RESULT: undefined
COMMAND: POST /session/76bbe7a963ba333ac6e3770165032c4a/element - {"using":"xpath","value":"//*[@id=\"__button280\"]"}
RESULT: {"using":"xpath","value":"//*[@id=\"__button280\"]"}
COMMAND: POST /session/76bbe7a963ba333ac6e3770165032c4a/element/f.37B6A3D8B8D5C040CDE4E4CEB4627624.d.447AF7AFD743D007AC88C6B43C44EAE9.e.7562/click - {}
RESULT: {}
COMMAND: GET /session/76bbe7a963ba333ac6e3770165032c4a/screenshot - {}
RESULT: {}
COMMAND: POST /session/76bbe7a963ba333ac6e3770165032c4a/actions - {"actions":[{"id":"action26","type":"key","parameters":{},"actions":[{"type":"keyDown","value":"î€‡"},{"type":"pause","duration":10},{"type":"keyUp","value":"î€‡"}]}]}
RESULT: {"actions":[{"id":"action26","type":"key","parameters":{},"actions":[{"type":"keyDown","value":"î€‡"},{"type":"pause","duration":10},{"type":"keyUp","value":"î€‡"}]}]}
COMMAND: GET /session/76bbe7a963ba333ac6e3770165032c4a/screenshot - {}
RESULT: {}
COMMAND: POST /session/76bbe7a963ba333ac6e3770165032c4a/element - {"using":"xpath","value":"//button[@data-kt=\"execHoIssueButton\"]"}
RESULT: {"using":"xpath","value":"//button[@data-kt=\"execHoIssueButton\"]"}
COMMAND: POST /session/76bbe7a963ba333ac6e3770165032c4a/element/f.37B6A3D8B8D5C040CDE4E4CEB4627624.d.447AF7AFD743D007AC88C6B43C44EAE9.e.7570/click - {}
RESULT: {}
COMMAND: GET /session/76bbe7a963ba333ac6e3770165032c4a/screenshot - {}
RESULT: {}
RESULT: undefined
COMMAND: POST /session/76bbe7a963ba333ac6e3770165032c4a/execute/async - {"script":"<script> [776 bytes]","args":[{"enterText":"30793","selector":{"controlType":"sap.m.SearchField","viewName":"etm.portal.ui.managehandovers.view.MasterHO","bindingPath":{"propertyPath":"/_BASIC_SEARCH_FIELD","modelName":"fi1t3rM0d31"},"interaction":{"idSuffix":"I"}},"clearTextFirst":true,"interactionType":"ENTER_TEXT"}]}
RESULT: {"script":"<script> [776 bytes]","args":[{"enterText":"30793","selector":{"controlType":"sap.m.SearchField","viewName":"etm.portal.ui.managehandovers.view.MasterHO","bindingPath":{"propertyPath":"/_BASIC_SEARCH_FIELD","modelName":"fi1t3rM0d31"},"interaction":{"idSuffix":"I"}},"clearTextFirst":true,"interactionType":"ENTER_TEXT"}]}
COMMAND: POST /session/76bbe7a963ba333ac6e3770165032c4a/actions - {"actions":[{"id":"action27","type":"key","parameters":{},"actions":[{"type":"keyDown","value":"î€‡"},{"type":"pause","duration":10},{"type":"keyUp","value":"î€‡"}]}]}
RESULT: {"actions":[{"id":"action27","type":"key","parameters":{},"actions":[{"type":"keyDown","value":"î€‡"},{"type":"pause","duration":10},{"type":"keyUp","value":"î€‡"}]}]}
COMMAND: GET /session/76bbe7a963ba333ac6e3770165032c4a/screenshot - {}
RESULT: {}
COMMAND: POST /session/76bbe7a963ba333ac6e3770165032c4a/element - {"using":"xpath","value":"//span[(text() = '30793' or . = '30793')]"}
RESULT: {"using":"xpath","value":"//span[(text() = '30793' or . = '30793')]"}
COMMAND: POST /session/76bbe7a963ba333ac6e3770165032c4a/element/f.37B6A3D8B8D5C040CDE4E4CEB4627624.d.447AF7AFD743D007AC88C6B43C44EAE9.e.7618/click - {}
RESULT: {}
COMMAND: GET /session/76bbe7a963ba333ac6e3770165032c4a/screenshot - {}
RESULT: {}
COMMAND: POST /session/76bbe7a963ba333ac6e3770165032c4a/element - {"using":"xpath","value":"//span[contains(text(), \"Instructions\")]"}
RESULT: {"using":"xpath","value":"//span[contains(text(), \"Instructions\")]"}
COMMAND: POST /session/76bbe7a963ba333ac6e3770165032c4a/element/f.37B6A3D8B8D5C040CDE4E4CEB4627624.d.447AF7AFD743D007AC88C6B43C44EAE9.e.7657/click - {}
RESULT: {}
COMMAND: GET /session/76bbe7a963ba333ac6e3770165032c4a/screenshot - {}
RESULT: {}
COMMAND: POST /session/76bbe7a963ba333ac6e3770165032c4a/element - {"using":"xpath","value":"//span[contains(text(), \"Instructions\")]"}
RESULT: {"using":"xpath","value":"//span[contains(text(), \"Instructions\")]"}
COMMAND: POST /session/76bbe7a963ba333ac6e3770165032c4a/element/f.37B6A3D8B8D5C040CDE4E4CEB4627624.d.447AF7AFD743D007AC88C6B43C44EAE9.e.7657/click - {}
RESULT: {}
COMMAND: GET /session/76bbe7a963ba333ac6e3770165032c4a/screenshot - {}
RESULT: {}
COMMAND: POST /session/76bbe7a963ba333ac6e3770165032c4a/execute/async - {"script":"<script> [1562 bytes]","args":[{"selector":{"controlType":"sap.m.ComboBox","viewName":"etm.portal.ui.managehandovers.view.DetailExecuteHO","bindingPath":{"propertyPath":"RECEIVING_SECTION","modelName":"catalogModel"},"interaction":{"idSuffix":"inner"}},"wdio_ui5_key":"etmportal.ui.managehandovers.view.DetailExecuteHOsap.m.ComboBox{\"propertyPath\":\"RECEIVING_SECTION\",\"modelName\":\"catalogModel\"}"}]}
RESULT: {"script":"<script> [1562 bytes]","args":[{"selector":{"controlType":"sap.m.ComboBox","viewName":"etm.portal.ui.managehandovers.view.DetailExecuteHO","bindingPath":{"propertyPath":"RECEIVING_SECTION","modelName":"catalogModel"},"interaction":{"idSuffix":"inner"}},"wdio_ui5_key":"etmportal.ui.managehandovers.view.DetailExecuteHOsap.m.ComboBox{\"propertyPath\":\"RECEIVING_SECTION\",\"modelName\":\"catalogModel\"}"}]}
RESULT: undefined
COMMAND: POST /session/76bbe7a963ba333ac6e3770165032c4a/execute/async - {"script":"<script> [776 bytes]","args":[{"enterText":"WDIO-2289","selector":{"controlType":"sap.m.ComboBox","viewName":"etm.portal.ui.managehandovers.view.DetailExecuteHO","bindingPath":{"propertyPath":"RECEIVING_SECTION","modelName":"catalogModel"},"interaction":{"idSuffix":"inner"}},"clearTextFirst":true,"interactionType":"ENTER_TEXT"}]}
RESULT: {"script":"<script> [776 bytes]","args":[{"enterText":"WDIO-2289","selector":{"controlType":"sap.m.ComboBox","viewName":"etm.portal.ui.managehandovers.view.DetailExecuteHO","bindingPath":{"propertyPath":"RECEIVING_SECTION","modelName":"catalogModel"},"interaction":{"idSuffix":"inner"}},"clearTextFirst":true,"interactionType":"ENTER_TEXT"}]}
COMMAND: POST /session/76bbe7a963ba333ac6e3770165032c4a/actions - {"actions":[{"id":"action28","type":"key","parameters":{},"actions":[{"type":"keyDown","value":"î€‡"},{"type":"pause","duration":10},{"type":"keyUp","value":"î€‡"}]}]}
RESULT: {"actions":[{"id":"action28","type":"key","parameters":{},"actions":[{"type":"keyDown","value":"î€‡"},{"type":"pause","duration":10},{"type":"keyUp","value":"î€‡"}]}]}
COMMAND: GET /session/76bbe7a963ba333ac6e3770165032c4a/screenshot - {}
RESULT: {}
COMMAND: POST /session/76bbe7a963ba333ac6e3770165032c4a/element - {"using":"xpath","value":"//button[@data-kt= \"execHoReceiveButton\"]"}
RESULT: {"using":"xpath","value":"//button[@data-kt= \"execHoReceiveButton\"]"}
COMMAND: POST /session/76bbe7a963ba333ac6e3770165032c4a/element/f.37B6A3D8B8D5C040CDE4E4CEB4627624.d.447AF7AFD743D007AC88C6B43C44EAE9.e.7662/click - {}
RESULT: {}
COMMAND: GET /session/76bbe7a963ba333ac6e3770165032c4a/screenshot - {}
RESULT: {}
COMMAND: POST /session/76bbe7a963ba333ac6e3770165032c4a/execute/async - {"script":"<script> [1562 bytes]","args":[{"selector":{"controlType":"sap.m.Button","properties":{"text":"Continue"},"searchOpenDialogs":true,"interaction":{"idSuffix":"content"}},"wdio_ui5_key":"sapm.Button{\"text\":\"Continue\"}"}]}
RESULT: {"script":"<script> [1562 bytes]","args":[{"selector":{"controlType":"sap.m.Button","properties":{"text":"Continue"},"searchOpenDialogs":true,"interaction":{"idSuffix":"content"}},"wdio_ui5_key":"sapm.Button{\"text\":\"Continue\"}"}]}
RESULT: undefined
COMMAND: POST /session/76bbe7a963ba333ac6e3770165032c4a/element - {"using":"xpath","value":"//*[@id=\"__mbox-btn-6\"]"}
RESULT: {"using":"xpath","value":"//*[@id=\"__mbox-btn-6\"]"}
COMMAND: POST /session/76bbe7a963ba333ac6e3770165032c4a/element/f.37B6A3D8B8D5C040CDE4E4CEB4627624.d.447AF7AFD743D007AC88C6B43C44EAE9.e.7663/click - {}
RESULT: {}
COMMAND: GET /session/76bbe7a963ba333ac6e3770165032c4a/screenshot - {}
RESULT: {}
COMMAND: POST /session/76bbe7a963ba333ac6e3770165032c4a/element - {"using":"css selector","value":"#shell-header-logo"}
RESULT: {"using":"css selector","value":"#shell-header-logo"}
COMMAND: POST /session/76bbe7a963ba333ac6e3770165032c4a/element/f.37B6A3D8B8D5C040CDE4E4CEB4627624.d.447AF7AFD743D007AC88C6B43C44EAE9.e.7365/click - {}
RESULT: {}
COMMAND: GET /session/76bbe7a963ba333ac6e3770165032c4a/screenshot - {}
RESULT: {}
]]></system-out>
    </testcase>
    <testcase classname="chrome.136_0_7103_93.windows.Provide_to_Site_w/_warehouse_management_w_clarification" name="Should test for Clarification" time="68.899">
      <system-out><![CDATA[
RESULT: undefined
COMMAND: POST /session/76bbe7a963ba333ac6e3770165032c4a/element - {"using":"xpath","value":"//*[@id=\"__tile133\"]"}
RESULT: {"using":"xpath","value":"//*[@id=\"__tile133\"]"}
COMMAND: POST /session/76bbe7a963ba333ac6e3770165032c4a/element/f.37B6A3D8B8D5C040CDE4E4CEB4627624.d.447AF7AFD743D007AC88C6B43C44EAE9.e.4459/click - {}
RESULT: {}
COMMAND: GET /session/76bbe7a963ba333ac6e3770165032c4a/screenshot - {}
RESULT: {}
COMMAND: POST /session/76bbe7a963ba333ac6e3770165032c4a/elements - {"using":"xpath","value":"//span[text()='Error']"}
RESULT: {"using":"xpath","value":"//span[text()='Error']"}
RESULT: undefined
COMMAND: POST /session/76bbe7a963ba333ac6e3770165032c4a/execute/async - {"script":"<script> [776 bytes]","args":[{"enterText":"30793","selector":{"controlType":"sap.m.SearchField","viewName":"etm.portal.ui.managehandovers.view.MasterHO","bindingPath":{"propertyPath":"/_BASIC_SEARCH_FIELD","modelName":"fi1t3rM0d31"},"interaction":{"idSuffix":"I"}},"clearTextFirst":true,"interactionType":"ENTER_TEXT"}]}
RESULT: {"script":"<script> [776 bytes]","args":[{"enterText":"30793","selector":{"controlType":"sap.m.SearchField","viewName":"etm.portal.ui.managehandovers.view.MasterHO","bindingPath":{"propertyPath":"/_BASIC_SEARCH_FIELD","modelName":"fi1t3rM0d31"},"interaction":{"idSuffix":"I"}},"clearTextFirst":true,"interactionType":"ENTER_TEXT"}]}
COMMAND: POST /session/76bbe7a963ba333ac6e3770165032c4a/actions - {"actions":[{"id":"action29","type":"key","parameters":{},"actions":[{"type":"keyDown","value":"î€‡"},{"type":"pause","duration":10},{"type":"keyUp","value":"î€‡"}]}]}
RESULT: {"actions":[{"id":"action29","type":"key","parameters":{},"actions":[{"type":"keyDown","value":"î€‡"},{"type":"pause","duration":10},{"type":"keyUp","value":"î€‡"}]}]}
COMMAND: GET /session/76bbe7a963ba333ac6e3770165032c4a/screenshot - {}
RESULT: {}
COMMAND: POST /session/76bbe7a963ba333ac6e3770165032c4a/element - {"using":"xpath","value":"//span[(text() = '30793' or . = '30793')]"}
RESULT: {"using":"xpath","value":"//span[(text() = '30793' or . = '30793')]"}
COMMAND: POST /session/76bbe7a963ba333ac6e3770165032c4a/element/f.37B6A3D8B8D5C040CDE4E4CEB4627624.d.447AF7AFD743D007AC88C6B43C44EAE9.e.7979/click - {}
RESULT: {}
COMMAND: GET /session/76bbe7a963ba333ac6e3770165032c4a/screenshot - {}
RESULT: {}
COMMAND: POST /session/76bbe7a963ba333ac6e3770165032c4a/element - {"using":"xpath","value":"//span[contains(text(), \"Instructions\")]"}
RESULT: {"using":"xpath","value":"//span[contains(text(), \"Instructions\")]"}
COMMAND: POST /session/76bbe7a963ba333ac6e3770165032c4a/element/f.37B6A3D8B8D5C040CDE4E4CEB4627624.d.447AF7AFD743D007AC88C6B43C44EAE9.e.8057/click - {}
RESULT: {}
COMMAND: GET /session/76bbe7a963ba333ac6e3770165032c4a/screenshot - {}
RESULT: {}
COMMAND: POST /session/76bbe7a963ba333ac6e3770165032c4a/element - {"using":"xpath","value":"//span[contains(text(), \"Instructions\")]"}
RESULT: {"using":"xpath","value":"//span[contains(text(), \"Instructions\")]"}
COMMAND: POST /session/76bbe7a963ba333ac6e3770165032c4a/element/f.37B6A3D8B8D5C040CDE4E4CEB4627624.d.447AF7AFD743D007AC88C6B43C44EAE9.e.8057/click - {}
RESULT: {}
COMMAND: GET /session/76bbe7a963ba333ac6e3770165032c4a/screenshot - {}
RESULT: {}
COMMAND: POST /session/76bbe7a963ba333ac6e3770165032c4a/element - {"using":"xpath","value":"//button[.//bdi[text() = \"Refuse\"]]"}
RESULT: {"using":"xpath","value":"//button[.//bdi[text() = \"Refuse\"]]"}
COMMAND: POST /session/76bbe7a963ba333ac6e3770165032c4a/element/f.37B6A3D8B8D5C040CDE4E4CEB4627624.d.447AF7AFD743D007AC88C6B43C44EAE9.e.8062/click - {}
RESULT: {}
COMMAND: GET /session/76bbe7a963ba333ac6e3770165032c4a/screenshot - {}
RESULT: {}
COMMAND: POST /session/76bbe7a963ba333ac6e3770165032c4a/element - {"using":"xpath","value":"//button[@data-kt= \"execHoReceiveRefuseButton\"]"}
RESULT: {"using":"xpath","value":"//button[@data-kt= \"execHoReceiveRefuseButton\"]"}
COMMAND: POST /session/76bbe7a963ba333ac6e3770165032c4a/element/f.37B6A3D8B8D5C040CDE4E4CEB4627624.d.447AF7AFD743D007AC88C6B43C44EAE9.e.8064/click - {}
RESULT: {}
COMMAND: GET /session/76bbe7a963ba333ac6e3770165032c4a/screenshot - {}
RESULT: {}
COMMAND: POST /session/76bbe7a963ba333ac6e3770165032c4a/element - {"using":"css selector","value":"#shell-header-logo"}
RESULT: {"using":"css selector","value":"#shell-header-logo"}
COMMAND: POST /session/76bbe7a963ba333ac6e3770165032c4a/element/f.37B6A3D8B8D5C040CDE4E4CEB4627624.d.447AF7AFD743D007AC88C6B43C44EAE9.e.7706/click - {}
RESULT: {}
COMMAND: GET /session/76bbe7a963ba333ac6e3770165032c4a/screenshot - {}
RESULT: {}
COMMAND: POST /session/76bbe7a963ba333ac6e3770165032c4a/element - {"using":"css selector","value":"#j_username"}
COMMAND: POST /session/76bbe7a963ba333ac6e3770165032c4a/url - {"url":"https://qa-testing-00-live-etm-ui.cfapps.eu10-004.hana.ondemand.com/"}
RESULT: {"using":"css selector","value":"#j_username"}
COMMAND: POST /session/76bbe7a963ba333ac6e3770165032c4a/element - {"using":"css selector","value":"#j_username"}
RESULT: {"url":"https://qa-testing-00-live-etm-ui.cfapps.eu10-004.hana.ondemand.com/"}
RESULT: undefined
COMMAND: GET /session/76bbe7a963ba333ac6e3770165032c4a/screenshot - {}
RESULT: {"using":"css selector","value":"#j_username"}
COMMAND: POST /session/76bbe7a963ba333ac6e3770165032c4a/element - {"using":"css selector","value":"#shell-header-logo"}
RESULT: {}
RESULT: {"using":"css selector","value":"#shell-header-logo"}
COMMAND: POST /session/76bbe7a963ba333ac6e3770165032c4a/execute/sync - {"script":"<script> [8489 bytes]","args":[{"element-6066-11e4-a52e-4f735466cecf":"f.37B6A3D8B8D5C040CDE4E4CEB4627624.d.CD07FB30A3660523CCB5DBAB6C71F7B6.e.8119","ELEMENT":"f.37B6A3D8B8D5C040CDE4E4CEB4627624.d.CD07FB30A3660523CCB5DBAB6C71F7B6.e.8119"}]}
RESULT: {"script":"<script> [8489 bytes]","args":[{"element-6066-11e4-a52e-4f735466cecf":"f.37B6A3D8B8D5C040CDE4E4CEB4627624.d.CD07FB30A3660523CCB5DBAB6C71F7B6.e.8119","ELEMENT":"f.37B6A3D8B8D5C040CDE4E4CEB4627624.d.CD07FB30A3660523CCB5DBAB6C71F7B6.e.8119"}]}
COMMAND: POST /session/76bbe7a963ba333ac6e3770165032c4a/element - {"using":"css selector","value":"#shell-header-logo"}
COMMAND: GET /session/76bbe7a963ba333ac6e3770165032c4a/screenshot - {}
RESULT: {"using":"css selector","value":"#shell-header-logo"}
COMMAND: POST /session/76bbe7a963ba333ac6e3770165032c4a/execute/sync - {"script":"<script> [8489 bytes]","args":[{"element-6066-11e4-a52e-4f735466cecf":"f.37B6A3D8B8D5C040CDE4E4CEB4627624.d.CD07FB30A3660523CCB5DBAB6C71F7B6.e.8119","ELEMENT":"f.37B6A3D8B8D5C040CDE4E4CEB4627624.d.CD07FB30A3660523CCB5DBAB6C71F7B6.e.8119"}]}
RESULT: {}
RESULT: {"script":"<script> [8489 bytes]","args":[{"element-6066-11e4-a52e-4f735466cecf":"f.37B6A3D8B8D5C040CDE4E4CEB4627624.d.CD07FB30A3660523CCB5DBAB6C71F7B6.e.8119","ELEMENT":"f.37B6A3D8B8D5C040CDE4E4CEB4627624.d.CD07FB30A3660523CCB5DBAB6C71F7B6.e.8119"}]}
COMMAND: POST /session/76bbe7a963ba333ac6e3770165032c4a/execute/sync - {"script":"<script> [5351 bytes]","args":[{"element-6066-11e4-a52e-4f735466cecf":"f.37B6A3D8B8D5C040CDE4E4CEB4627624.d.CD07FB30A3660523CCB5DBAB6C71F7B6.e.8119","ELEMENT":"f.37B6A3D8B8D5C040CDE4E4CEB4627624.d.CD07FB30A3660523CCB5DBAB6C71F7B6.e.8119"}]}
COMMAND: GET /session/76bbe7a963ba333ac6e3770165032c4a/screenshot - {}
RESULT: {"script":"<script> [5351 bytes]","args":[{"element-6066-11e4-a52e-4f735466cecf":"f.37B6A3D8B8D5C040CDE4E4CEB4627624.d.CD07FB30A3660523CCB5DBAB6C71F7B6.e.8119","ELEMENT":"f.37B6A3D8B8D5C040CDE4E4CEB4627624.d.CD07FB30A3660523CCB5DBAB6C71F7B6.e.8119"}]}
COMMAND: POST /session/76bbe7a963ba333ac6e3770165032c4a/element - {"using":"css selector","value":"#shell-header-logo"}
COMMAND: GET /session/76bbe7a963ba333ac6e3770165032c4a/screenshot - {}
RESULT: {}
RESULT: {"using":"css selector","value":"#shell-header-logo"}
COMMAND: POST /session/76bbe7a963ba333ac6e3770165032c4a/element/f.37B6A3D8B8D5C040CDE4E4CEB4627624.d.CD07FB30A3660523CCB5DBAB6C71F7B6.e.8119/click - {}
RESULT: {}
RESULT: {}
COMMAND: GET /session/76bbe7a963ba333ac6e3770165032c4a/screenshot - {}
RESULT: {}
COMMAND: POST /session/76bbe7a963ba333ac6e3770165032c4a/execute/async - {"script":"<script> [189 bytes]","args":[]}
RESULT: {"script":"<script> [189 bytes]","args":[]}
COMMAND: POST /session/76bbe7a963ba333ac6e3770165032c4a/execute/async - {"script":"<script> [123 bytes]","args":[]}
RESULT: {"script":"<script> [123 bytes]","args":[]}
COMMAND: POST /session/76bbe7a963ba333ac6e3770165032c4a/timeouts - {"script":"<number>"}
RESULT: {"script":"<number>"}
COMMAND: GET /session/76bbe7a963ba333ac6e3770165032c4a/timeouts - {}
RESULT: {}
RESULT: undefined
COMMAND: POST /session/76bbe7a963ba333ac6e3770165032c4a/execute/async - {"script":"<script> [2676 bytes]","args":[]}
RESULT: {"script":"<script> [2676 bytes]","args":[]}
COMMAND: POST /session/76bbe7a963ba333ac6e3770165032c4a/execute/async - {"script":"<script> [2342 bytes]","args":[{"protocol":"http","hostname":"0.0.0.0","path":"/","capabilities":{"browserName":"chrome","goog:chromeOptions":{"binary":"C:\\Program Files\\Google\\Chrome\\Application\\chrome.exe","args":["--start-maximized"]}},"logLevel":"warn","connectionRetryTimeout":120000,"connectionRetryCount":3,"logLevels":{},"enableDirectConnect":true,"strictSSL":true,"_":"65 more keys: [\"cacheDir\",\"port\",\"requestedCapabilities\",\"automationProtocol\",\"baseUrl\",\"waitforInterval\",\"waitforTimeout\",\"onReload\",\"beforeCommand\",\"afterCommand\",\"rootDir\",\"specs\",\"suites\",\"exclude\",\"groupLogsByTestSpec\",\"excludeDriverLogs\",\"bail\",\"framework\",\"reporters\",\"services\",\"maxInstances\",\"maxInstancesPerCapability\",\"injectGlobals\",\"filesToWatch\",\"execArgv\",\"runnerEnv\",\"runner\",\"shard\",\"specFileRetries\",\"specFileRetriesDelay\",\"specFileRetriesDeferred\",\"reporterSyncInterval\",\"reporterSyncTimeout\",\"cucumberFeaturesWithLineNumbers\",\"autoCompileOpts\",\"mochaOpts\",\"jasmineOpts\",\"cucumberOpts\",\"onPrepare\",\"onWorkerStart\",\"onWorkerEnd\",\"before\",\"beforeSession\",\"beforeSuite\",\"beforeHook\",\"beforeTest\",\"afterTest\",\"afterHook\",\"afterSuite\",\"afterSession\",\"after\",\"onComplete\",\"beforeAssertion\",\"afterAssertion\",\"beforeFeature\",\"beforeScenario\",\"beforeStep\",\"afterStep\",\"afterScenario\",\"afterFeature\",\"_\",\"suite\",\"$0\",\"ignoredWorkerServices\",\"wdi5\"]"}]}
RESULT: {"script":"<script> [2342 bytes]","args":[{"protocol":"http","hostname":"0.0.0.0","path":"/","capabilities":{"browserName":"chrome","goog:chromeOptions":{"binary":"C:\\Program Files\\Google\\Chrome\\Application\\chrome.exe","args":["--start-maximized"]}},"logLevel":"warn","connectionRetryTimeout":120000,"connectionRetryCount":3,"logLevels":{},"enableDirectConnect":true,"strictSSL":true,"_":"65 more keys: [\"cacheDir\",\"port\",\"requestedCapabilities\",\"automationProtocol\",\"baseUrl\",\"waitforInterval\",\"waitforTimeout\",\"onReload\",\"beforeCommand\",\"afterCommand\",\"rootDir\",\"specs\",\"suites\",\"exclude\",\"groupLogsByTestSpec\",\"excludeDriverLogs\",\"bail\",\"framework\",\"reporters\",\"services\",\"maxInstances\",\"maxInstancesPerCapability\",\"injectGlobals\",\"filesToWatch\",\"execArgv\",\"runnerEnv\",\"runner\",\"shard\",\"specFileRetries\",\"specFileRetriesDelay\",\"specFileRetriesDeferred\",\"reporterSyncInterval\",\"reporterSyncTimeout\",\"cucumberFeaturesWithLineNumbers\",\"autoCompileOpts\",\"mochaOpts\",\"jasmineOpts\",\"cucumberOpts\",\"onPrepare\",\"onWorkerStart\",\"onWorkerEnd\",\"before\",\"beforeSession\",\"beforeSuite\",\"beforeHook\",\"beforeTest\",\"afterTest\",\"afterHook\",\"afterSuite\",\"afterSession\",\"after\",\"onComplete\",\"beforeAssertion\",\"afterAssertion\",\"beforeFeature\",\"beforeScenario\",\"beforeStep\",\"afterStep\",\"afterScenario\",\"afterFeature\",\"_\",\"suite\",\"$0\",\"ignoredWorkerServices\",\"wdi5\"]"}]}
COMMAND: POST /session/76bbe7a963ba333ac6e3770165032c4a/execute/async - {"script":"<script> [21126 bytes]","args":[35000]}
RESULT: {"script":"<script> [21126 bytes]","args":[35000]}
COMMAND: POST /session/76bbe7a963ba333ac6e3770165032c4a/window/maximize - {}
RESULT: {}
COMMAND: POST /session/76bbe7a963ba333ac6e3770165032c4a/execute/async - {"script":"<script> [1562 bytes]","args":[{"selector":{"id":"shell-header","interaction":{"idSuffix":"icon"}},"wdio_ui5_key":"shellheader"}]}
COMMAND: GET /session/76bbe7a963ba333ac6e3770165032c4a/screenshot - {}
RESULT: {"script":"<script> [1562 bytes]","args":[{"selector":{"id":"shell-header","interaction":{"idSuffix":"icon"}},"wdio_ui5_key":"shellheader"}]}
RESULT: undefined
COMMAND: POST /session/76bbe7a963ba333ac6e3770165032c4a/window/fullscreen - {}
RESULT: {}
RESULT: {}
]]></system-out>
    </testcase>
  </testsuite>
  <testsuite timestamp="2025-05-20T05:59:00" time="139.527" tests="6" failures="0" errors="0" skipped="0">
    <properties>
      <property name="specId" value="0" />
      <property name="suiteName" value="Provide to Site w/ warehouse management w/o clarification US113782 " />
      <property name="capabilities" value="chrome.136_0_7103_93.windows" />
      <property name="file" value="file:///D:/a/1/s/test/specs/HTR/provide-to-site-w-warehouse-wo-clarification.spec.js" />
    </properties>
    <testcase classname="chrome.136_0_7103_93.windows.Provide_to_Site_w/_warehouse_management_w/o_clarification_US113782_" name="Should create a new WHM yard" time="0.011">
      <system-out><![CDATA[
COMMAND: POST /session/76bbe7a963ba333ac6e3770165032c4a/window/fullscreen - {}
RESULT: {}
]]></system-out>
    </testcase>
    <testcase classname="chrome.136_0_7103_93.windows.Provide_to_Site_w/_warehouse_management_w/o_clarification_US113782_" name="Should create a new external WHM partner" time="0.004" />
    <testcase classname="chrome.136_0_7103_93.windows.Provide_to_Site_w/_warehouse_management_w/o_clarification_US113782_" name="Should create a new WHM site" time="0.004" />
    <testcase classname="chrome.136_0_7103_93.windows.Provide_to_Site_w/_warehouse_management_w/o_clarification_US113782_" name="Should create a new material" time="123.761">
      <system-out><![CDATA[
COMMAND: POST /session/76bbe7a963ba333ac6e3770165032c4a/execute/async - {"script":"<script> [1562 bytes]","args":[{"selector":{"controlType":"sap.m.GenericTile","properties":{"header":"Manage Resources"}},"wdio_ui5_key":"sapm.GenericTile{\"header\":\"Manage Resources\"}"}]}
RESULT: {"script":"<script> [1562 bytes]","args":[{"selector":{"controlType":"sap.m.GenericTile","properties":{"header":"Manage Resources"}},"wdio_ui5_key":"sapm.GenericTile{\"header\":\"Manage Resources\"}"}]}
RESULT: undefined
COMMAND: POST /session/76bbe7a963ba333ac6e3770165032c4a/element - {"using":"xpath","value":"//*[@id=\"__tile31\"]"}
RESULT: {"using":"xpath","value":"//*[@id=\"__tile31\"]"}
COMMAND: POST /session/76bbe7a963ba333ac6e3770165032c4a/element/f.37B6A3D8B8D5C040CDE4E4CEB4627624.d.CD07FB30A3660523CCB5DBAB6C71F7B6.e.8138/click - {}
RESULT: {}
COMMAND: GET /session/76bbe7a963ba333ac6e3770165032c4a/screenshot - {}
RESULT: {}
COMMAND: POST /session/76bbe7a963ba333ac6e3770165032c4a/elements - {"using":"xpath","value":"//span[text()='Error']"}
RESULT: {"using":"xpath","value":"//span[text()='Error']"}
COMMAND: POST /session/76bbe7a963ba333ac6e3770165032c4a/element - {"using":"xpath","value":"//button[@data-kt=\"addNewRUOverflowToolbarButton\"]"}
RESULT: {"using":"xpath","value":"//button[@data-kt=\"addNewRUOverflowToolbarButton\"]"}
COMMAND: POST /session/76bbe7a963ba333ac6e3770165032c4a/elements - {"using":"xpath","value":"//button[@data-kt=\"addNewRUOverflowToolbarButton\"]"}
RESULT: {"using":"xpath","value":"//button[@data-kt=\"addNewRUOverflowToolbarButton\"]"}
COMMAND: POST /session/76bbe7a963ba333ac6e3770165032c4a/elements - {"using":"xpath","value":"//button[@data-kt=\"addNewRUOverflowToolbarButton\"]"}
RESULT: {"using":"xpath","value":"//button[@data-kt=\"addNewRUOverflowToolbarButton\"]"}
COMMAND: POST /session/76bbe7a963ba333ac6e3770165032c4a/elements - {"using":"xpath","value":"//button[@data-kt=\"addNewRUOverflowToolbarButton\"]"}
RESULT: {"using":"xpath","value":"//button[@data-kt=\"addNewRUOverflowToolbarButton\"]"}
COMMAND: POST /session/76bbe7a963ba333ac6e3770165032c4a/elements - {"using":"xpath","value":"//button[@data-kt=\"addNewRUOverflowToolbarButton\"]"}
RESULT: {"using":"xpath","value":"//button[@data-kt=\"addNewRUOverflowToolbarButton\"]"}
COMMAND: POST /session/76bbe7a963ba333ac6e3770165032c4a/elements - {"using":"xpath","value":"//button[@data-kt=\"addNewRUOverflowToolbarButton\"]"}
RESULT: {"using":"xpath","value":"//button[@data-kt=\"addNewRUOverflowToolbarButton\"]"}
COMMAND: POST /session/76bbe7a963ba333ac6e3770165032c4a/elements - {"using":"xpath","value":"//button[@data-kt=\"addNewRUOverflowToolbarButton\"]"}
RESULT: {"using":"xpath","value":"//button[@data-kt=\"addNewRUOverflowToolbarButton\"]"}
COMMAND: POST /session/76bbe7a963ba333ac6e3770165032c4a/elements - {"using":"xpath","value":"//button[@data-kt=\"addNewRUOverflowToolbarButton\"]"}
RESULT: {"using":"xpath","value":"//button[@data-kt=\"addNewRUOverflowToolbarButton\"]"}
COMMAND: POST /session/76bbe7a963ba333ac6e3770165032c4a/elements - {"using":"xpath","value":"//button[@data-kt=\"addNewRUOverflowToolbarButton\"]"}
RESULT: {"using":"xpath","value":"//button[@data-kt=\"addNewRUOverflowToolbarButton\"]"}
COMMAND: POST /session/76bbe7a963ba333ac6e3770165032c4a/elements - {"using":"xpath","value":"//button[@data-kt=\"addNewRUOverflowToolbarButton\"]"}
RESULT: {"using":"xpath","value":"//button[@data-kt=\"addNewRUOverflowToolbarButton\"]"}
COMMAND: POST /session/76bbe7a963ba333ac6e3770165032c4a/elements - {"using":"xpath","value":"//button[@data-kt=\"addNewRUOverflowToolbarButton\"]"}
RESULT: {"using":"xpath","value":"//button[@data-kt=\"addNewRUOverflowToolbarButton\"]"}
COMMAND: POST /session/76bbe7a963ba333ac6e3770165032c4a/elements - {"using":"xpath","value":"//button[@data-kt=\"addNewRUOverflowToolbarButton\"]"}
RESULT: {"using":"xpath","value":"//button[@data-kt=\"addNewRUOverflowToolbarButton\"]"}
COMMAND: POST /session/76bbe7a963ba333ac6e3770165032c4a/elements - {"using":"xpath","value":"//button[@data-kt=\"addNewRUOverflowToolbarButton\"]"}
RESULT: {"using":"xpath","value":"//button[@data-kt=\"addNewRUOverflowToolbarButton\"]"}
COMMAND: POST /session/76bbe7a963ba333ac6e3770165032c4a/elements - {"using":"xpath","value":"//button[@data-kt=\"addNewRUOverflowToolbarButton\"]"}
RESULT: {"using":"xpath","value":"//button[@data-kt=\"addNewRUOverflowToolbarButton\"]"}
COMMAND: POST /session/76bbe7a963ba333ac6e3770165032c4a/elements - {"using":"xpath","value":"//button[@data-kt=\"addNewRUOverflowToolbarButton\"]"}
RESULT: {"using":"xpath","value":"//button[@data-kt=\"addNewRUOverflowToolbarButton\"]"}
COMMAND: POST /session/76bbe7a963ba333ac6e3770165032c4a/elements - {"using":"xpath","value":"//button[@data-kt=\"addNewRUOverflowToolbarButton\"]"}
RESULT: {"using":"xpath","value":"//button[@data-kt=\"addNewRUOverflowToolbarButton\"]"}
COMMAND: POST /session/76bbe7a963ba333ac6e3770165032c4a/elements - {"using":"xpath","value":"//button[@data-kt=\"addNewRUOverflowToolbarButton\"]"}
RESULT: {"using":"xpath","value":"//button[@data-kt=\"addNewRUOverflowToolbarButton\"]"}
COMMAND: POST /session/76bbe7a963ba333ac6e3770165032c4a/elements - {"using":"xpath","value":"//button[@data-kt=\"addNewRUOverflowToolbarButton\"]"}
RESULT: {"using":"xpath","value":"//button[@data-kt=\"addNewRUOverflowToolbarButton\"]"}
COMMAND: POST /session/76bbe7a963ba333ac6e3770165032c4a/elements - {"using":"xpath","value":"//button[@data-kt=\"addNewRUOverflowToolbarButton\"]"}
RESULT: {"using":"xpath","value":"//button[@data-kt=\"addNewRUOverflowToolbarButton\"]"}
COMMAND: POST /session/76bbe7a963ba333ac6e3770165032c4a/elements - {"using":"xpath","value":"//button[@data-kt=\"addNewRUOverflowToolbarButton\"]"}
RESULT: {"using":"xpath","value":"//button[@data-kt=\"addNewRUOverflowToolbarButton\"]"}
COMMAND: POST /session/76bbe7a963ba333ac6e3770165032c4a/elements - {"using":"xpath","value":"//button[@data-kt=\"addNewRUOverflowToolbarButton\"]"}
RESULT: {"using":"xpath","value":"//button[@data-kt=\"addNewRUOverflowToolbarButton\"]"}
COMMAND: POST /session/76bbe7a963ba333ac6e3770165032c4a/element - {"using":"xpath","value":"//button[@data-kt=\"addNewRUOverflowToolbarButton\"]"}
RESULT: {"using":"xpath","value":"//button[@data-kt=\"addNewRUOverflowToolbarButton\"]"}
COMMAND: POST /session/76bbe7a963ba333ac6e3770165032c4a/execute/sync - {"script":"<script> [8489 bytes]","args":[{"element-6066-11e4-a52e-4f735466cecf":"f.37B6A3D8B8D5C040CDE4E4CEB4627624.d.CD07FB30A3660523CCB5DBAB6C71F7B6.e.8268","ELEMENT":"f.37B6A3D8B8D5C040CDE4E4CEB4627624.d.CD07FB30A3660523CCB5DBAB6C71F7B6.e.8268"}]}
RESULT: {"script":"<script> [8489 bytes]","args":[{"element-6066-11e4-a52e-4f735466cecf":"f.37B6A3D8B8D5C040CDE4E4CEB4627624.d.CD07FB30A3660523CCB5DBAB6C71F7B6.e.8268","ELEMENT":"f.37B6A3D8B8D5C040CDE4E4CEB4627624.d.CD07FB30A3660523CCB5DBAB6C71F7B6.e.8268"}]}
COMMAND: GET /session/76bbe7a963ba333ac6e3770165032c4a/element/f.37B6A3D8B8D5C040CDE4E4CEB4627624.d.CD07FB30A3660523CCB5DBAB6C71F7B6.e.8268/enabled - {}
COMMAND: GET /session/76bbe7a963ba333ac6e3770165032c4a/screenshot - {}
RESULT: {}
COMMAND: POST /session/76bbe7a963ba333ac6e3770165032c4a/execute/sync - {"script":"<script> [8489 bytes]","args":[{"element-6066-11e4-a52e-4f735466cecf":"f.37B6A3D8B8D5C040CDE4E4CEB4627624.d.CD07FB30A3660523CCB5DBAB6C71F7B6.e.8268","ELEMENT":"f.37B6A3D8B8D5C040CDE4E4CEB4627624.d.CD07FB30A3660523CCB5DBAB6C71F7B6.e.8268"}]}
COMMAND: GET /session/76bbe7a963ba333ac6e3770165032c4a/screenshot - {}
RESULT: {}
RESULT: {"script":"<script> [8489 bytes]","args":[{"element-6066-11e4-a52e-4f735466cecf":"f.37B6A3D8B8D5C040CDE4E4CEB4627624.d.CD07FB30A3660523CCB5DBAB6C71F7B6.e.8268","ELEMENT":"f.37B6A3D8B8D5C040CDE4E4CEB4627624.d.CD07FB30A3660523CCB5DBAB6C71F7B6.e.8268"}]}
COMMAND: POST /session/76bbe7a963ba333ac6e3770165032c4a/execute/sync - {"script":"<script> [5351 bytes]","args":[{"element-6066-11e4-a52e-4f735466cecf":"f.37B6A3D8B8D5C040CDE4E4CEB4627624.d.CD07FB30A3660523CCB5DBAB6C71F7B6.e.8268","ELEMENT":"f.37B6A3D8B8D5C040CDE4E4CEB4627624.d.CD07FB30A3660523CCB5DBAB6C71F7B6.e.8268"}]}
COMMAND: GET /session/76bbe7a963ba333ac6e3770165032c4a/screenshot - {}
RESULT: {}
RESULT: {"script":"<script> [5351 bytes]","args":[{"element-6066-11e4-a52e-4f735466cecf":"f.37B6A3D8B8D5C040CDE4E4CEB4627624.d.CD07FB30A3660523CCB5DBAB6C71F7B6.e.8268","ELEMENT":"f.37B6A3D8B8D5C040CDE4E4CEB4627624.d.CD07FB30A3660523CCB5DBAB6C71F7B6.e.8268"}]}
COMMAND: POST /session/76bbe7a963ba333ac6e3770165032c4a/element/f.37B6A3D8B8D5C040CDE4E4CEB4627624.d.CD07FB30A3660523CCB5DBAB6C71F7B6.e.8268/click - {}
COMMAND: GET /session/76bbe7a963ba333ac6e3770165032c4a/screenshot - {}
RESULT: {}
RESULT: {}
COMMAND: GET /session/76bbe7a963ba333ac6e3770165032c4a/screenshot - {}
RESULT: {}
COMMAND: POST /session/76bbe7a963ba333ac6e3770165032c4a/execute/async - {"script":"<script> [1562 bytes]","args":[{"selector":{"id":"application-manageresources-display-component---newResourceUnit--TYPE-arrow"},"wdio_ui5_key":"applicationmanageresources-display-component---newResourceUnit--TYPE-arrow"}]}
RESULT: {}
RESULT: {"script":"<script> [1562 bytes]","args":[{"selector":{"id":"application-manageresources-display-component---newResourceUnit--TYPE-arrow"},"wdio_ui5_key":"applicationmanageresources-display-component---newResourceUnit--TYPE-arrow"}]}
RESULT: undefined
COMMAND: POST /session/76bbe7a963ba333ac6e3770165032c4a/element - {"using":"xpath","value":"//*[@id=\"application-manageresources-display-component---newResourceUnit--TYPE-arrow\"]"}
RESULT: {"using":"xpath","value":"//*[@id=\"application-manageresources-display-component---newResourceUnit--TYPE-arrow\"]"}
COMMAND: POST /session/76bbe7a963ba333ac6e3770165032c4a/element/f.37B6A3D8B8D5C040CDE4E4CEB4627624.d.CD07FB30A3660523CCB5DBAB6C71F7B6.e.8436/click - {}
RESULT: {}
COMMAND: POST /session/76bbe7a963ba333ac6e3770165032c4a/element - {"using":"xpath","value":"//input[@id=\"application-manageresources-display-component---newResourceUnit--TYPE-inner\"]"}
COMMAND: GET /session/76bbe7a963ba333ac6e3770165032c4a/screenshot - {}
RESULT: {"using":"xpath","value":"//input[@id=\"application-manageresources-display-component---newResourceUnit--TYPE-inner\"]"}
COMMAND: POST /session/76bbe7a963ba333ac6e3770165032c4a/element/f.37B6A3D8B8D5C040CDE4E4CEB4627624.d.CD07FB30A3660523CCB5DBAB6C71F7B6.e.8322/clear - {}
RESULT: {}
RESULT: {}
COMMAND: POST /session/76bbe7a963ba333ac6e3770165032c4a/element/f.37B6A3D8B8D5C040CDE4E4CEB4627624.d.CD07FB30A3660523CCB5DBAB6C71F7B6.e.8322/value - {"text":"Material"}
COMMAND: GET /session/76bbe7a963ba333ac6e3770165032c4a/screenshot - {}
RESULT: {"text":"Material"}
COMMAND: GET /session/76bbe7a963ba333ac6e3770165032c4a/screenshot - {}
RESULT: {}
RESULT: {}
COMMAND: POST /session/76bbe7a963ba333ac6e3770165032c4a/actions - {"actions":[{"id":"action30","type":"key","parameters":{},"actions":[{"type":"keyDown","value":"î€‡"},{"type":"pause","duration":10},{"type":"keyUp","value":"î€‡"}]}]}
RESULT: {"actions":[{"id":"action30","type":"key","parameters":{},"actions":[{"type":"keyDown","value":"î€‡"},{"type":"pause","duration":10},{"type":"keyUp","value":"î€‡"}]}]}
COMMAND: POST /session/76bbe7a963ba333ac6e3770165032c4a/execute/async - {"script":"<script> [1562 bytes]","args":[{"selector":{"id":"application-manageresources-display-component---newResourceUnit--SHORT_TEXT","interaction":{"idSuffix":"inner"}},"wdio_ui5_key":"applicationmanageresources-display-component---newResourceUnit--SHORT_TEXT"}]}
COMMAND: GET /session/76bbe7a963ba333ac6e3770165032c4a/screenshot - {}
RESULT: {"script":"<script> [1562 bytes]","args":[{"selector":{"id":"application-manageresources-display-component---newResourceUnit--SHORT_TEXT","interaction":{"idSuffix":"inner"}},"wdio_ui5_key":"applicationmanageresources-display-component---newResourceUnit--SHORT_TEXT"}]}
RESULT: undefined
COMMAND: POST /session/76bbe7a963ba333ac6e3770165032c4a/execute/async - {"script":"<script> [776 bytes]","args":[{"enterText":"Cement WDIO","selector":{"id":"application-manageresources-display-component---newResourceUnit--SHORT_TEXT","interaction":{"idSuffix":"inner"}},"clearTextFirst":true,"interactionType":"ENTER_TEXT"}]}
RESULT: {}
RESULT: {"script":"<script> [776 bytes]","args":[{"enterText":"Cement WDIO","selector":{"id":"application-manageresources-display-component---newResourceUnit--SHORT_TEXT","interaction":{"idSuffix":"inner"}},"clearTextFirst":true,"interactionType":"ENTER_TEXT"}]}
COMMAND: POST /session/76bbe7a963ba333ac6e3770165032c4a/execute/async - {"script":"<script> [1562 bytes]","args":[{"selector":{"id":"application-manageresources-display-component---newResourceUnit--BASE_UNIT_OF_MEASURE","interaction":{"idSuffix":"inner"}},"wdio_ui5_key":"applicationmanageresources-display-component---newResourceUnit--BASE_UNIT_OF_MEASURE"}]}
RESULT: {"script":"<script> [1562 bytes]","args":[{"selector":{"id":"application-manageresources-display-component---newResourceUnit--BASE_UNIT_OF_MEASURE","interaction":{"idSuffix":"inner"}},"wdio_ui5_key":"applicationmanageresources-display-component---newResourceUnit--BASE_UNIT_OF_MEASURE"}]}
RESULT: undefined
COMMAND: POST /session/76bbe7a963ba333ac6e3770165032c4a/execute/async - {"script":"<script> [776 bytes]","args":[{"enterText":"Piece","selector":{"id":"application-manageresources-display-component---newResourceUnit--BASE_UNIT_OF_MEASURE","interaction":{"idSuffix":"inner"}},"clearTextFirst":true,"interactionType":"ENTER_TEXT"}]}
RESULT: {"script":"<script> [776 bytes]","args":[{"enterText":"Piece","selector":{"id":"application-manageresources-display-component---newResourceUnit--BASE_UNIT_OF_MEASURE","interaction":{"idSuffix":"inner"}},"clearTextFirst":true,"interactionType":"ENTER_TEXT"}]}
COMMAND: POST /session/76bbe7a963ba333ac6e3770165032c4a/execute/async - {"script":"<script> [1562 bytes]","args":[{"selector":{"id":"application-manageresources-display-component---newResourceUnit--WEIGHT_UNIT","interaction":{"idSuffix":"inner"}},"wdio_ui5_key":"applicationmanageresources-display-component---newResourceUnit--WEIGHT_UNIT"}]}
RESULT: {"script":"<script> [1562 bytes]","args":[{"selector":{"id":"application-manageresources-display-component---newResourceUnit--WEIGHT_UNIT","interaction":{"idSuffix":"inner"}},"wdio_ui5_key":"applicationmanageresources-display-component---newResourceUnit--WEIGHT_UNIT"}]}
RESULT: undefined
COMMAND: POST /session/76bbe7a963ba333ac6e3770165032c4a/execute/async - {"script":"<script> [776 bytes]","args":[{"enterText":"Gram","selector":{"id":"application-manageresources-display-component---newResourceUnit--WEIGHT_UNIT","interaction":{"idSuffix":"inner"}},"clearTextFirst":true,"interactionType":"ENTER_TEXT"}]}
RESULT: {"script":"<script> [776 bytes]","args":[{"enterText":"Gram","selector":{"id":"application-manageresources-display-component---newResourceUnit--WEIGHT_UNIT","interaction":{"idSuffix":"inner"}},"clearTextFirst":true,"interactionType":"ENTER_TEXT"}]}
COMMAND: POST /session/76bbe7a963ba333ac6e3770165032c4a/execute/async - {"script":"<script> [1562 bytes]","args":[{"selector":{"id":"application-manageresources-display-component---newResourceUnit--DIMENSION_UNIT","interaction":{"idSuffix":"inner"}},"wdio_ui5_key":"applicationmanageresources-display-component---newResourceUnit--DIMENSION_UNIT"}]}
RESULT: {"script":"<script> [1562 bytes]","args":[{"selector":{"id":"application-manageresources-display-component---newResourceUnit--DIMENSION_UNIT","interaction":{"idSuffix":"inner"}},"wdio_ui5_key":"applicationmanageresources-display-component---newResourceUnit--DIMENSION_UNIT"}]}
RESULT: undefined
COMMAND: POST /session/76bbe7a963ba333ac6e3770165032c4a/execute/async - {"script":"<script> [776 bytes]","args":[{"enterText":"Meter","selector":{"id":"application-manageresources-display-component---newResourceUnit--DIMENSION_UNIT","interaction":{"idSuffix":"inner"}},"clearTextFirst":true,"interactionType":"ENTER_TEXT"}]}
RESULT: {"script":"<script> [776 bytes]","args":[{"enterText":"Meter","selector":{"id":"application-manageresources-display-component---newResourceUnit--DIMENSION_UNIT","interaction":{"idSuffix":"inner"}},"clearTextFirst":true,"interactionType":"ENTER_TEXT"}]}
COMMAND: POST /session/76bbe7a963ba333ac6e3770165032c4a/execute/async - {"script":"<script> [1562 bytes]","args":[{"selector":{"id":"application-manageresources-display-component---newResourceUnit--newRRUPage-anchBar-application-manageresources-display-component---newResourceUnit--control-anchor","interaction":{"idSuffix":"BDI-content"}},"wdio_ui5_key":"applicationmanageresources-display-component---newResourceUnit--newRRUPage-anchBar-application-manageresources-display-component---newResourceUnit--control-anchor"}]}
RESULT: {"script":"<script> [1562 bytes]","args":[{"selector":{"id":"application-manageresources-display-component---newResourceUnit--newRRUPage-anchBar-application-manageresources-display-component---newResourceUnit--control-anchor","interaction":{"idSuffix":"BDI-content"}},"wdio_ui5_key":"applicationmanageresources-display-component---newResourceUnit--newRRUPage-anchBar-application-manageresources-display-component---newResourceUnit--control-anchor"}]}
RESULT: undefined
COMMAND: POST /session/76bbe7a963ba333ac6e3770165032c4a/element - {"using":"xpath","value":"//*[@id=\"application-manageresources-display-component---newResourceUnit--newRRUPage-anchBar-application-manageresources-display-component---newResourceUnit--control-anchor\"]"}
RESULT: {"using":"xpath","value":"//*[@id=\"application-manageresources-display-component---newResourceUnit--newRRUPage-anchBar-application-manageresources-display-component---newResourceUnit--control-anchor\"]"}
COMMAND: POST /session/76bbe7a963ba333ac6e3770165032c4a/element/f.37B6A3D8B8D5C040CDE4E4CEB4627624.d.CD07FB30A3660523CCB5DBAB6C71F7B6.e.8501/click - {}
RESULT: {}
COMMAND: POST /session/76bbe7a963ba333ac6e3770165032c4a/execute/async - {"script":"<script> [1562 bytes]","args":[{"selector":{"id":"application-manageresources-display-component---newResourceUnit--PLANNING_GROUP","interaction":{"idSuffix":"inner"}},"wdio_ui5_key":"applicationmanageresources-display-component---newResourceUnit--PLANNING_GROUP"}]}
COMMAND: GET /session/76bbe7a963ba333ac6e3770165032c4a/screenshot - {}
RESULT: {"script":"<script> [1562 bytes]","args":[{"selector":{"id":"application-manageresources-display-component---newResourceUnit--PLANNING_GROUP","interaction":{"idSuffix":"inner"}},"wdio_ui5_key":"applicationmanageresources-display-component---newResourceUnit--PLANNING_GROUP"}]}
RESULT: undefined
COMMAND: POST /session/76bbe7a963ba333ac6e3770165032c4a/execute/async - {"script":"<script> [776 bytes]","args":[{"enterText":"Material","selector":{"id":"application-manageresources-display-component---newResourceUnit--PLANNING_GROUP","interaction":{"idSuffix":"inner"}},"clearTextFirst":true,"interactionType":"ENTER_TEXT"}]}
RESULT: {}
RESULT: {"script":"<script> [776 bytes]","args":[{"enterText":"Material","selector":{"id":"application-manageresources-display-component---newResourceUnit--PLANNING_GROUP","interaction":{"idSuffix":"inner"}},"clearTextFirst":true,"interactionType":"ENTER_TEXT"}]}
COMMAND: POST /session/76bbe7a963ba333ac6e3770165032c4a/execute/async - {"script":"<script> [1562 bytes]","args":[{"selector":{"id":"application-manageresources-display-component---newResourceUnit--PLANNING_INDICATOR","interaction":{"idSuffix":"inner"}},"wdio_ui5_key":"applicationmanageresources-display-component---newResourceUnit--PLANNING_INDICATOR"}]}
RESULT: {"script":"<script> [1562 bytes]","args":[{"selector":{"id":"application-manageresources-display-component---newResourceUnit--PLANNING_INDICATOR","interaction":{"idSuffix":"inner"}},"wdio_ui5_key":"applicationmanageresources-display-component---newResourceUnit--PLANNING_INDICATOR"}]}
RESULT: undefined
COMMAND: POST /session/76bbe7a963ba333ac6e3770165032c4a/execute/async - {"script":"<script> [776 bytes]","args":[{"enterText":"10 - infinite","selector":{"id":"application-manageresources-display-component---newResourceUnit--PLANNING_INDICATOR","interaction":{"idSuffix":"inner"}},"clearTextFirst":true,"interactionType":"ENTER_TEXT"}]}
RESULT: {"script":"<script> [776 bytes]","args":[{"enterText":"10 - infinite","selector":{"id":"application-manageresources-display-component---newResourceUnit--PLANNING_INDICATOR","interaction":{"idSuffix":"inner"}},"clearTextFirst":true,"interactionType":"ENTER_TEXT"}]}
COMMAND: POST /session/76bbe7a963ba333ac6e3770165032c4a/element - {"using":"css selector","value":"#application-manageresources-display-component---newResourceUnit--btnAddTimeSegment"}
RESULT: {"using":"css selector","value":"#application-manageresources-display-component---newResourceUnit--btnAddTimeSegment"}
COMMAND: GET /session/76bbe7a963ba333ac6e3770165032c4a/element/f.37B6A3D8B8D5C040CDE4E4CEB4627624.d.CD07FB30A3660523CCB5DBAB6C71F7B6.e.8511/rect - {}
RESULT: {}
COMMAND: GET /session/76bbe7a963ba333ac6e3770165032c4a/window/rect - {}
RESULT: {}
COMMAND: POST /session/76bbe7a963ba333ac6e3770165032c4a/execute/sync - {"script":"<script> [92 bytes]","args":[]}
RESULT: {"script":"<script> [92 bytes]","args":[]}
COMMAND: POST /session/76bbe7a963ba333ac6e3770165032c4a/actions - {"actions":[{"id":"action31","type":"wheel","parameters":{},"actions":[{"type":"scroll","x":-1888,"y":-32,"deltaX":0,"deltaY":0,"duration":0,"origin":{"element-6066-11e4-a52e-4f735466cecf":"f.37B6A3D8B8D5C040CDE4E4CEB4627624.d.CD07FB30A3660523CCB5DBAB6C71F7B6.e.8511"}}]}]}
COMMAND: GET /session/76bbe7a963ba333ac6e3770165032c4a/screenshot - {}
RESULT: {}
COMMAND: POST /session/76bbe7a963ba333ac6e3770165032c4a/execute/sync - {"script":"<script> [79 bytes]","args":[{"element-6066-11e4-a52e-4f735466cecf":"f.37B6A3D8B8D5C040CDE4E4CEB4627624.d.CD07FB30A3660523CCB5DBAB6C71F7B6.e.8511","ELEMENT":"f.37B6A3D8B8D5C040CDE4E4CEB4627624.d.CD07FB30A3660523CCB5DBAB6C71F7B6.e.8511"},{"block":"start","inline":"nearest"}]}
RESULT: {"script":"<script> [79 bytes]","args":[{"element-6066-11e4-a52e-4f735466cecf":"f.37B6A3D8B8D5C040CDE4E4CEB4627624.d.CD07FB30A3660523CCB5DBAB6C71F7B6.e.8511","ELEMENT":"f.37B6A3D8B8D5C040CDE4E4CEB4627624.d.CD07FB30A3660523CCB5DBAB6C71F7B6.e.8511"},{"block":"start","inline":"nearest"}]}
COMMAND: POST /session/76bbe7a963ba333ac6e3770165032c4a/execute/async - {"script":"<script> [1562 bytes]","args":[{"selector":{"id":"application-manageresources-display-component---newResourceUnit--btnAddTimeSegment","interaction":{"idSuffix":"inner"}},"wdio_ui5_key":"applicationmanageresources-display-component---newResourceUnit--btnAddTimeSegment"}]}
COMMAND: GET /session/76bbe7a963ba333ac6e3770165032c4a/screenshot - {}
RESULT: {"script":"<script> [1562 bytes]","args":[{"selector":{"id":"application-manageresources-display-component---newResourceUnit--btnAddTimeSegment","interaction":{"idSuffix":"inner"}},"wdio_ui5_key":"applicationmanageresources-display-component---newResourceUnit--btnAddTimeSegment"}]}
RESULT: undefined
COMMAND: POST /session/76bbe7a963ba333ac6e3770165032c4a/element - {"using":"xpath","value":"//*[@id=\"application-manageresources-display-component---newResourceUnit--btnAddTimeSegment\"]"}
RESULT: {}
RESULT: {"using":"xpath","value":"//*[@id=\"application-manageresources-display-component---newResourceUnit--btnAddTimeSegment\"]"}
COMMAND: POST /session/76bbe7a963ba333ac6e3770165032c4a/element/f.37B6A3D8B8D5C040CDE4E4CEB4627624.d.CD07FB30A3660523CCB5DBAB6C71F7B6.e.8511/click - {}
RESULT: {}
COMMAND: GET /session/76bbe7a963ba333ac6e3770165032c4a/screenshot - {}
RESULT: {}
COMMAND: POST /session/76bbe7a963ba333ac6e3770165032c4a/element - {"using":"xpath","value":"//input[@id=\"application-manageresources-display-component---newResourceUnit--idRuTSAdmin-application-manageresources-display-component---newResourceUnit--RUTimeSegment-0-inner\"]"}
RESULT: {"using":"xpath","value":"//input[@id=\"application-manageresources-display-component---newResourceUnit--idRuTSAdmin-application-manageresources-display-component---newResourceUnit--RUTimeSegment-0-inner\"]"}
COMMAND: POST /session/76bbe7a963ba333ac6e3770165032c4a/element/f.37B6A3D8B8D5C040CDE4E4CEB4627624.d.CD07FB30A3660523CCB5DBAB6C71F7B6.e.8516/clear - {}
RESULT: {}
COMMAND: POST /session/76bbe7a963ba333ac6e3770165032c4a/element/f.37B6A3D8B8D5C040CDE4E4CEB4627624.d.CD07FB30A3660523CCB5DBAB6C71F7B6.e.8516/value - {"text":"574"}
COMMAND: GET /session/76bbe7a963ba333ac6e3770165032c4a/screenshot - {}
RESULT: {"text":"574"}
COMMAND: GET /session/76bbe7a963ba333ac6e3770165032c4a/screenshot - {}
RESULT: {}
RESULT: {}
COMMAND: POST /session/76bbe7a963ba333ac6e3770165032c4a/element - {"using":"xpath","value":"//li[.//span[text()='574']]"}
RESULT: {"using":"xpath","value":"//li[.//span[text()='574']]"}
COMMAND: POST /session/76bbe7a963ba333ac6e3770165032c4a/element/f.37B6A3D8B8D5C040CDE4E4CEB4627624.d.CD07FB30A3660523CCB5DBAB6C71F7B6.e.8525/click - {}
RESULT: {}
COMMAND: GET /session/76bbe7a963ba333ac6e3770165032c4a/screenshot - {}
RESULT: {}
COMMAND: POST /session/76bbe7a963ba333ac6e3770165032c4a/element - {"using":"xpath","value":"(//span[contains(@id, \"-application-manageresources-display-component---newResourceUnit--RUTimeSegment-0-arrow\")])[2]"}
RESULT: {"using":"xpath","value":"(//span[contains(@id, \"-application-manageresources-display-component---newResourceUnit--RUTimeSegment-0-arrow\")])[2]"}
COMMAND: POST /session/76bbe7a963ba333ac6e3770165032c4a/element/f.37B6A3D8B8D5C040CDE4E4CEB4627624.d.CD07FB30A3660523CCB5DBAB6C71F7B6.e.8526/click - {}
RESULT: {}
COMMAND: POST /session/76bbe7a963ba333ac6e3770165032c4a/element - {"using":"xpath","value":"//span[contains(text(), \"PM Order\")]"}
COMMAND: GET /session/76bbe7a963ba333ac6e3770165032c4a/screenshot - {}
RESULT: {"using":"xpath","value":"//span[contains(text(), \"PM Order\")]"}
COMMAND: POST /session/76bbe7a963ba333ac6e3770165032c4a/element/f.37B6A3D8B8D5C040CDE4E4CEB4627624.d.CD07FB30A3660523CCB5DBAB6C71F7B6.e.8527/click - {}
RESULT: {}
RESULT: {}
COMMAND: GET /session/76bbe7a963ba333ac6e3770165032c4a/screenshot - {}
RESULT: {}
COMMAND: POST /session/76bbe7a963ba333ac6e3770165032c4a/element - {"using":"xpath","value":"//td/div/div/div/span[contains(@id, \"newResourceUnit--RUTimeSegment-0-vhi\")][1]"}
RESULT: {"using":"xpath","value":"//td/div/div/div/span[contains(@id, \"newResourceUnit--RUTimeSegment-0-vhi\")][1]"}
COMMAND: GET /session/76bbe7a963ba333ac6e3770165032c4a/element/f.37B6A3D8B8D5C040CDE4E4CEB4627624.d.CD07FB30A3660523CCB5DBAB6C71F7B6.e.8531/rect - {}
RESULT: {}
COMMAND: GET /session/76bbe7a963ba333ac6e3770165032c4a/window/rect - {}
RESULT: {}
COMMAND: POST /session/76bbe7a963ba333ac6e3770165032c4a/execute/sync - {"script":"<script> [92 bytes]","args":[]}
RESULT: {"script":"<script> [92 bytes]","args":[]}
COMMAND: POST /session/76bbe7a963ba333ac6e3770165032c4a/actions - {"actions":[{"id":"action32","type":"wheel","parameters":{},"actions":[{"type":"scroll","x":-1888,"y":-24,"deltaX":0,"deltaY":0,"duration":0,"origin":{"element-6066-11e4-a52e-4f735466cecf":"f.37B6A3D8B8D5C040CDE4E4CEB4627624.d.CD07FB30A3660523CCB5DBAB6C71F7B6.e.8531"}}]}]}
COMMAND: GET /session/76bbe7a963ba333ac6e3770165032c4a/screenshot - {}
RESULT: {}
COMMAND: POST /session/76bbe7a963ba333ac6e3770165032c4a/execute/sync - {"script":"<script> [79 bytes]","args":[{"element-6066-11e4-a52e-4f735466cecf":"f.37B6A3D8B8D5C040CDE4E4CEB4627624.d.CD07FB30A3660523CCB5DBAB6C71F7B6.e.8531","ELEMENT":"f.37B6A3D8B8D5C040CDE4E4CEB4627624.d.CD07FB30A3660523CCB5DBAB6C71F7B6.e.8531"},{"block":"start","inline":"nearest"}]}
RESULT: {"script":"<script> [79 bytes]","args":[{"element-6066-11e4-a52e-4f735466cecf":"f.37B6A3D8B8D5C040CDE4E4CEB4627624.d.CD07FB30A3660523CCB5DBAB6C71F7B6.e.8531","ELEMENT":"f.37B6A3D8B8D5C040CDE4E4CEB4627624.d.CD07FB30A3660523CCB5DBAB6C71F7B6.e.8531"},{"block":"start","inline":"nearest"}]}
COMMAND: GET /session/76bbe7a963ba333ac6e3770165032c4a/screenshot - {}
RESULT: {}
COMMAND: POST /session/76bbe7a963ba333ac6e3770165032c4a/element/f.37B6A3D8B8D5C040CDE4E4CEB4627624.d.CD07FB30A3660523CCB5DBAB6C71F7B6.e.8531/click - {}
RESULT: {}
COMMAND: GET /session/76bbe7a963ba333ac6e3770165032c4a/screenshot - {}
RESULT: {}
COMMAND: POST /session/76bbe7a963ba333ac6e3770165032c4a/execute/async - {"script":"<script> [1562 bytes]","args":[{"selector":{"controlType":"sap.m.SearchField","properties":{"placeholder":"Search"},"searchOpenDialogs":true,"interaction":{"idSuffix":"I"}},"wdio_ui5_key":"sapm.SearchField{\"placeholder\":\"Search\"}"}]}
RESULT: {"script":"<script> [1562 bytes]","args":[{"selector":{"controlType":"sap.m.SearchField","properties":{"placeholder":"Search"},"searchOpenDialogs":true,"interaction":{"idSuffix":"I"}},"wdio_ui5_key":"sapm.SearchField{\"placeholder\":\"Search\"}"}]}
RESULT: undefined
COMMAND: POST /session/76bbe7a963ba333ac6e3770165032c4a/execute/async - {"script":"<script> [776 bytes]","args":[{"enterText":"4000360","selector":{"controlType":"sap.m.SearchField","properties":{"placeholder":"Search"},"searchOpenDialogs":true,"interaction":{"idSuffix":"I"}},"clearTextFirst":true,"interactionType":"ENTER_TEXT"}]}
RESULT: {"script":"<script> [776 bytes]","args":[{"enterText":"4000360","selector":{"controlType":"sap.m.SearchField","properties":{"placeholder":"Search"},"searchOpenDialogs":true,"interaction":{"idSuffix":"I"}},"clearTextFirst":true,"interactionType":"ENTER_TEXT"}]}
COMMAND: POST /session/76bbe7a963ba333ac6e3770165032c4a/actions - {"actions":[{"id":"action33","type":"key","parameters":{},"actions":[{"type":"keyDown","value":"î€‡"},{"type":"pause","duration":10},{"type":"keyUp","value":"î€‡"}]}]}
RESULT: {"actions":[{"id":"action33","type":"key","parameters":{},"actions":[{"type":"keyDown","value":"î€‡"},{"type":"pause","duration":10},{"type":"keyUp","value":"î€‡"}]}]}
COMMAND: GET /session/76bbe7a963ba333ac6e3770165032c4a/screenshot - {}
RESULT: {}
COMMAND: POST /session/76bbe7a963ba333ac6e3770165032c4a/element - {"using":"xpath","value":"//td/div/span[contains(text(), \"BGL Vehicles\")]"}
RESULT: {"using":"xpath","value":"//td/div/span[contains(text(), \"BGL Vehicles\")]"}
COMMAND: POST /session/76bbe7a963ba333ac6e3770165032c4a/element/f.37B6A3D8B8D5C040CDE4E4CEB4627624.d.CD07FB30A3660523CCB5DBAB6C71F7B6.e.8551/click - {}
RESULT: {}
COMMAND: GET /session/76bbe7a963ba333ac6e3770165032c4a/screenshot - {}
RESULT: {}
COMMAND: POST /session/76bbe7a963ba333ac6e3770165032c4a/element - {"using":"xpath","value":"//bdi[contains(text(), \"OK\")]"}
RESULT: {"using":"xpath","value":"//bdi[contains(text(), \"OK\")]"}
COMMAND: POST /session/76bbe7a963ba333ac6e3770165032c4a/element/f.37B6A3D8B8D5C040CDE4E4CEB4627624.d.CD07FB30A3660523CCB5DBAB6C71F7B6.e.8552/click - {}
RESULT: {}
COMMAND: GET /session/76bbe7a963ba333ac6e3770165032c4a/screenshot - {}
RESULT: {}
COMMAND: POST /session/76bbe7a963ba333ac6e3770165032c4a/element - {"using":"xpath","value":"//label[contains(@class, 'sapMLabelRequired') and .//bdi[contains(text(), 'Planned Retirement')]]"}
RESULT: {"using":"xpath","value":"//label[contains(@class, 'sapMLabelRequired') and .//bdi[contains(text(), 'Planned Retirement')]]"}
COMMAND: POST /session/76bbe7a963ba333ac6e3770165032c4a/elements - {"using":"xpath","value":"//label[contains(@class, 'sapMLabelRequired') and .//bdi[contains(text(), 'Planned Retirement')]]"}
RESULT: {"using":"xpath","value":"//label[contains(@class, 'sapMLabelRequired') and .//bdi[contains(text(), 'Planned Retirement')]]"}
COMMAND: POST /session/76bbe7a963ba333ac6e3770165032c4a/element - {"using":"xpath","value":"//button[@data-kt=\"resourceUnitSaveButton\"]"}
RESULT: {"using":"xpath","value":"//button[@data-kt=\"resourceUnitSaveButton\"]"}
COMMAND: POST /session/76bbe7a963ba333ac6e3770165032c4a/element/f.37B6A3D8B8D5C040CDE4E4CEB4627624.d.CD07FB30A3660523CCB5DBAB6C71F7B6.e.8453/click - {}
RESULT: {}
COMMAND: GET /session/76bbe7a963ba333ac6e3770165032c4a/screenshot - {}
RESULT: {}
COMMAND: POST /session/76bbe7a963ba333ac6e3770165032c4a/element - {"using":"xpath","value":"//bdi[contains(text(), \"Close\")]"}
RESULT: {"using":"xpath","value":"//bdi[contains(text(), \"Close\")]"}
COMMAND: POST /session/76bbe7a963ba333ac6e3770165032c4a/element/f.37B6A3D8B8D5C040CDE4E4CEB4627624.d.CD07FB30A3660523CCB5DBAB6C71F7B6.e.8559/click - {}
RESULT: {}
COMMAND: GET /session/76bbe7a963ba333ac6e3770165032c4a/screenshot - {}
RESULT: {}
COMMAND: POST /session/76bbe7a963ba333ac6e3770165032c4a/element - {"using":"xpath","value":"//header[contains(@id, 'detailRruPage-headerTitle')]/div[1]/div[2]/div[2]/span[1]"}
RESULT: {"using":"xpath","value":"//header[contains(@id, 'detailRruPage-headerTitle')]/div[1]/div[2]/div[2]/span[1]"}
COMMAND: POST /session/76bbe7a963ba333ac6e3770165032c4a/elements - {"using":"xpath","value":"//header[contains(@id, 'detailRruPage-headerTitle')]/div[1]/div[2]/div[2]/span[1]"}
RESULT: {"using":"xpath","value":"//header[contains(@id, 'detailRruPage-headerTitle')]/div[1]/div[2]/div[2]/span[1]"}
COMMAND: POST /session/76bbe7a963ba333ac6e3770165032c4a/execute/sync - {"script":"<script> [56 bytes]","args":[{"element-6066-11e4-a52e-4f735466cecf":"f.37B6A3D8B8D5C040CDE4E4CEB4627624.d.CD07FB30A3660523CCB5DBAB6C71F7B6.e.8591","ELEMENT":"f.37B6A3D8B8D5C040CDE4E4CEB4627624.d.CD07FB30A3660523CCB5DBAB6C71F7B6.e.8591"}]}
RESULT: {"script":"<script> [56 bytes]","args":[{"element-6066-11e4-a52e-4f735466cecf":"f.37B6A3D8B8D5C040CDE4E4CEB4627624.d.CD07FB30A3660523CCB5DBAB6C71F7B6.e.8591","ELEMENT":"f.37B6A3D8B8D5C040CDE4E4CEB4627624.d.CD07FB30A3660523CCB5DBAB6C71F7B6.e.8591"}]}
COMMAND: POST /session/76bbe7a963ba333ac6e3770165032c4a/element - {"using":"css selector","value":"#shell-header-logo"}
COMMAND: GET /session/76bbe7a963ba333ac6e3770165032c4a/screenshot - {}
RESULT: {"using":"css selector","value":"#shell-header-logo"}
COMMAND: POST /session/76bbe7a963ba333ac6e3770165032c4a/element/f.37B6A3D8B8D5C040CDE4E4CEB4627624.d.CD07FB30A3660523CCB5DBAB6C71F7B6.e.8119/click - {}
RESULT: {}
RESULT: {}
COMMAND: GET /session/76bbe7a963ba333ac6e3770165032c4a/screenshot - {}
RESULT: {}
]]></system-out>
    </testcase>
    <testcase classname="chrome.136_0_7103_93.windows.Provide_to_Site_w/_warehouse_management_w/o_clarification_US113782_" name="Bin Status Report Should Create New Organization yard" time="0.004" />
    <testcase classname="chrome.136_0_7103_93.windows.Provide_to_Site_w/_warehouse_management_w/o_clarification_US113782_" name="Bin Status Report Should Create New Organization for Site" time="0.004" />
  </testsuite>
  <testsuite timestamp="2025-05-20T06:01:20" time="387.242" tests="5" failures="0" errors="0" skipped="0">
    <properties>
      <property name="specId" value="0" />
      <property name="suiteName" value="Provide to Site w/ warehouse management wo clarification" />
      <property name="capabilities" value="chrome.136_0_7103_93.windows" />
      <property name="file" value="file:///D:/a/1/s/test/specs/HTR/provide-to-site-w-warehouse-wo-clarification.spec.js" />
    </properties>
    <testcase classname="chrome.136_0_7103_93.windows.Provide_to_Site_w/_warehouse_management_wo_clarification" name="Should do a stock increase handover" time="87.848">
      <system-out><![CDATA[
COMMAND: POST /session/76bbe7a963ba333ac6e3770165032c4a/execute/async - {"script":"<script> [1562 bytes]","args":[{"selector":{"controlType":"sap.m.GenericTile","properties":{"header":"Manage Handovers"}},"wdio_ui5_key":"sapm.GenericTile{\"header\":\"Manage Handovers\"}"}]}
RESULT: {"script":"<script> [1562 bytes]","args":[{"selector":{"controlType":"sap.m.GenericTile","properties":{"header":"Manage Handovers"}},"wdio_ui5_key":"sapm.GenericTile{\"header\":\"Manage Handovers\"}"}]}
RESULT: undefined
COMMAND: POST /session/76bbe7a963ba333ac6e3770165032c4a/element - {"using":"xpath","value":"//*[@id=\"__tile132\"]"}
RESULT: {"using":"xpath","value":"//*[@id=\"__tile132\"]"}
COMMAND: POST /session/76bbe7a963ba333ac6e3770165032c4a/element/f.37B6A3D8B8D5C040CDE4E4CEB4627624.d.CD07FB30A3660523CCB5DBAB6C71F7B6.e.8165/click - {}
RESULT: {}
COMMAND: GET /session/76bbe7a963ba333ac6e3770165032c4a/screenshot - {}
RESULT: {}
COMMAND: POST /session/76bbe7a963ba333ac6e3770165032c4a/elements - {"using":"xpath","value":"//span[text()='Error']"}
RESULT: {"using":"xpath","value":"//span[text()='Error']"}
COMMAND: POST /session/76bbe7a963ba333ac6e3770165032c4a/element - {"using":"xpath","value":"//button[@data-kt=\"masterHOAddButton\"]"}
RESULT: {"using":"xpath","value":"//button[@data-kt=\"masterHOAddButton\"]"}
COMMAND: POST /session/76bbe7a963ba333ac6e3770165032c4a/elements - {"using":"xpath","value":"//button[@data-kt=\"masterHOAddButton\"]"}
RESULT: {"using":"xpath","value":"//button[@data-kt=\"masterHOAddButton\"]"}
COMMAND: POST /session/76bbe7a963ba333ac6e3770165032c4a/execute/sync - {"script":"<script> [8489 bytes]","args":[{"element-6066-11e4-a52e-4f735466cecf":"f.37B6A3D8B8D5C040CDE4E4CEB4627624.d.CD07FB30A3660523CCB5DBAB6C71F7B6.e.8631","ELEMENT":"f.37B6A3D8B8D5C040CDE4E4CEB4627624.d.CD07FB30A3660523CCB5DBAB6C71F7B6.e.8631"}]}
RESULT: {"script":"<script> [8489 bytes]","args":[{"element-6066-11e4-a52e-4f735466cecf":"f.37B6A3D8B8D5C040CDE4E4CEB4627624.d.CD07FB30A3660523CCB5DBAB6C71F7B6.e.8631","ELEMENT":"f.37B6A3D8B8D5C040CDE4E4CEB4627624.d.CD07FB30A3660523CCB5DBAB6C71F7B6.e.8631"}]}
COMMAND: GET /session/76bbe7a963ba333ac6e3770165032c4a/element/f.37B6A3D8B8D5C040CDE4E4CEB4627624.d.CD07FB30A3660523CCB5DBAB6C71F7B6.e.8631/enabled - {}
COMMAND: GET /session/76bbe7a963ba333ac6e3770165032c4a/screenshot - {}
RESULT: {}
COMMAND: POST /session/76bbe7a963ba333ac6e3770165032c4a/execute/sync - {"script":"<script> [8489 bytes]","args":[{"element-6066-11e4-a52e-4f735466cecf":"f.37B6A3D8B8D5C040CDE4E4CEB4627624.d.CD07FB30A3660523CCB5DBAB6C71F7B6.e.8631","ELEMENT":"f.37B6A3D8B8D5C040CDE4E4CEB4627624.d.CD07FB30A3660523CCB5DBAB6C71F7B6.e.8631"}]}
COMMAND: GET /session/76bbe7a963ba333ac6e3770165032c4a/screenshot - {}
RESULT: {}
RESULT: {"script":"<script> [8489 bytes]","args":[{"element-6066-11e4-a52e-4f735466cecf":"f.37B6A3D8B8D5C040CDE4E4CEB4627624.d.CD07FB30A3660523CCB5DBAB6C71F7B6.e.8631","ELEMENT":"f.37B6A3D8B8D5C040CDE4E4CEB4627624.d.CD07FB30A3660523CCB5DBAB6C71F7B6.e.8631"}]}
COMMAND: POST /session/76bbe7a963ba333ac6e3770165032c4a/execute/sync - {"script":"<script> [5351 bytes]","args":[{"element-6066-11e4-a52e-4f735466cecf":"f.37B6A3D8B8D5C040CDE4E4CEB4627624.d.CD07FB30A3660523CCB5DBAB6C71F7B6.e.8631","ELEMENT":"f.37B6A3D8B8D5C040CDE4E4CEB4627624.d.CD07FB30A3660523CCB5DBAB6C71F7B6.e.8631"}]}
COMMAND: GET /session/76bbe7a963ba333ac6e3770165032c4a/screenshot - {}
RESULT: {}
RESULT: {"script":"<script> [5351 bytes]","args":[{"element-6066-11e4-a52e-4f735466cecf":"f.37B6A3D8B8D5C040CDE4E4CEB4627624.d.CD07FB30A3660523CCB5DBAB6C71F7B6.e.8631","ELEMENT":"f.37B6A3D8B8D5C040CDE4E4CEB4627624.d.CD07FB30A3660523CCB5DBAB6C71F7B6.e.8631"}]}
COMMAND: POST /session/76bbe7a963ba333ac6e3770165032c4a/element/f.37B6A3D8B8D5C040CDE4E4CEB4627624.d.CD07FB30A3660523CCB5DBAB6C71F7B6.e.8631/click - {}
COMMAND: GET /session/76bbe7a963ba333ac6e3770165032c4a/screenshot - {}
RESULT: {}
RESULT: {}
COMMAND: GET /session/76bbe7a963ba333ac6e3770165032c4a/screenshot - {}
RESULT: {}
COMMAND: POST /session/76bbe7a963ba333ac6e3770165032c4a/element - {"using":"xpath","value":"//span[contains(@id ,\"AddNewHO--typeSelect-arrow\")]"}
RESULT: {}
RESULT: {"using":"xpath","value":"//span[contains(@id ,\"AddNewHO--typeSelect-arrow\")]"}
COMMAND: POST /session/76bbe7a963ba333ac6e3770165032c4a/element/f.37B6A3D8B8D5C040CDE4E4CEB4627624.d.CD07FB30A3660523CCB5DBAB6C71F7B6.e.8993/click - {}
RESULT: {}
COMMAND: GET /session/76bbe7a963ba333ac6e3770165032c4a/screenshot - {}
RESULT: {}
COMMAND: POST /session/76bbe7a963ba333ac6e3770165032c4a/element - {"using":"xpath","value":"(//li[contains(text(), \"stock increase yard\")])[1]"}
RESULT: {"using":"xpath","value":"(//li[contains(text(), \"stock increase yard\")])[1]"}
COMMAND: POST /session/76bbe7a963ba333ac6e3770165032c4a/element/f.37B6A3D8B8D5C040CDE4E4CEB4627624.d.CD07FB30A3660523CCB5DBAB6C71F7B6.e.8994/click - {}
RESULT: {}
COMMAND: GET /session/76bbe7a963ba333ac6e3770165032c4a/screenshot - {}
RESULT: {}
COMMAND: POST /session/76bbe7a963ba333ac6e3770165032c4a/execute/async - {"script":"<script> [1562 bytes]","args":[{"selector":{"id":"application-managehandovers-display-component---AddNewHO--dueDate","interaction":{"idSuffix":"inner"}},"wdio_ui5_key":"applicationmanagehandovers-display-component---AddNewHO--dueDate"}]}
RESULT: {"script":"<script> [1562 bytes]","args":[{"selector":{"id":"application-managehandovers-display-component---AddNewHO--dueDate","interaction":{"idSuffix":"inner"}},"wdio_ui5_key":"applicationmanagehandovers-display-component---AddNewHO--dueDate"}]}
RESULT: undefined
COMMAND: POST /session/76bbe7a963ba333ac6e3770165032c4a/execute/async - {"script":"<script> [6424 bytes]","args":[{"element-6066-11e4-a52e-4f735466cecf":"f.37B6A3D8B8D5C040CDE4E4CEB4627624.d.CD07FB30A3660523CCB5DBAB6C71F7B6.e.8996"},"setValue",["5/20/25"]]}
RESULT: {"script":"<script> [6424 bytes]","args":[{"element-6066-11e4-a52e-4f735466cecf":"f.37B6A3D8B8D5C040CDE4E4CEB4627624.d.CD07FB30A3660523CCB5DBAB6C71F7B6.e.8996"},"setValue",["5/20/25"]]}
COMMAND: POST /session/76bbe7a963ba333ac6e3770165032c4a/element - {"using":"xpath","value":"//input[@id=\"generalSectionFrg--receiveYard-inner\"]"}
RESULT: {"using":"xpath","value":"//input[@id=\"generalSectionFrg--receiveYard-inner\"]"}
COMMAND: POST /session/76bbe7a963ba333ac6e3770165032c4a/element/f.37B6A3D8B8D5C040CDE4E4CEB4627624.d.CD07FB30A3660523CCB5DBAB6C71F7B6.e.9000/clear - {}
RESULT: {}
COMMAND: POST /session/76bbe7a963ba333ac6e3770165032c4a/element/f.37B6A3D8B8D5C040CDE4E4CEB4627624.d.CD07FB30A3660523CCB5DBAB6C71F7B6.e.9000/value - {"text":"574"}
COMMAND: GET /session/76bbe7a963ba333ac6e3770165032c4a/screenshot - {}
RESULT: {"text":"574"}
COMMAND: GET /session/76bbe7a963ba333ac6e3770165032c4a/screenshot - {}
RESULT: {}
RESULT: {}
COMMAND: POST /session/76bbe7a963ba333ac6e3770165032c4a/element - {"using":"xpath","value":"//li[.//span[text()='574']]"}
RESULT: {"using":"xpath","value":"//li[.//span[text()='574']]"}
COMMAND: POST /session/76bbe7a963ba333ac6e3770165032c4a/element/f.37B6A3D8B8D5C040CDE4E4CEB4627624.d.CD07FB30A3660523CCB5DBAB6C71F7B6.e.9018/click - {}
RESULT: {}
COMMAND: GET /session/76bbe7a963ba333ac6e3770165032c4a/screenshot - {}
RESULT: {}
COMMAND: POST /session/76bbe7a963ba333ac6e3770165032c4a/execute/async - {"script":"<script> [1562 bytes]","args":[{"selector":{"id":"application-managehandovers-display-component---AddNewHO--ObjectPageLayout-anchBar-application-managehandovers-display-component---AddNewHO--section4-anchor","interaction":{"idSuffix":"BDI-content"}},"wdio_ui5_key":"applicationmanagehandovers-display-component---AddNewHO--ObjectPageLayout-anchBar-application-managehandovers-display-component---AddNewHO--section4-anchor"}]}
RESULT: {"script":"<script> [1562 bytes]","args":[{"selector":{"id":"application-managehandovers-display-component---AddNewHO--ObjectPageLayout-anchBar-application-managehandovers-display-component---AddNewHO--section4-anchor","interaction":{"idSuffix":"BDI-content"}},"wdio_ui5_key":"applicationmanagehandovers-display-component---AddNewHO--ObjectPageLayout-anchBar-application-managehandovers-display-component---AddNewHO--section4-anchor"}]}
RESULT: undefined
COMMAND: POST /session/76bbe7a963ba333ac6e3770165032c4a/element - {"using":"xpath","value":"//*[@id=\"application-managehandovers-display-component---AddNewHO--ObjectPageLayout-anchBar-application-managehandovers-display-component---AddNewHO--section4-anchor\"]"}
RESULT: {"using":"xpath","value":"//*[@id=\"application-managehandovers-display-component---AddNewHO--ObjectPageLayout-anchBar-application-managehandovers-display-component---AddNewHO--section4-anchor\"]"}
COMMAND: POST /session/76bbe7a963ba333ac6e3770165032c4a/element/f.37B6A3D8B8D5C040CDE4E4CEB4627624.d.CD07FB30A3660523CCB5DBAB6C71F7B6.e.9020/click - {}
RESULT: {}
COMMAND: POST /session/76bbe7a963ba333ac6e3770165032c4a/element - {"using":"xpath","value":"//button[@aria-label=\"Add\"]"}
COMMAND: GET /session/76bbe7a963ba333ac6e3770165032c4a/screenshot - {}
RESULT: {"using":"xpath","value":"//button[@aria-label=\"Add\"]"}
COMMAND: POST /session/76bbe7a963ba333ac6e3770165032c4a/element/f.37B6A3D8B8D5C040CDE4E4CEB4627624.d.CD07FB30A3660523CCB5DBAB6C71F7B6.e.9022/click - {}
RESULT: {}
RESULT: {}
COMMAND: GET /session/76bbe7a963ba333ac6e3770165032c4a/screenshot - {}
RESULT: {}
COMMAND: POST /session/76bbe7a963ba333ac6e3770165032c4a/execute/async - {"script":"<script> [1562 bytes]","args":[{"selector":{"id":"application-managehandovers-display-component---AddNewHO--smartFilterBar-btnBasicSearch","searchOpenDialogs":true,"interaction":{"idSuffix":"I"}},"wdio_ui5_key":"applicationmanagehandovers-display-component---AddNewHO--smartFilterBar-btnBasicSearch"}]}
RESULT: {"script":"<script> [1562 bytes]","args":[{"selector":{"id":"application-managehandovers-display-component---AddNewHO--smartFilterBar-btnBasicSearch","searchOpenDialogs":true,"interaction":{"idSuffix":"I"}},"wdio_ui5_key":"applicationmanagehandovers-display-component---AddNewHO--smartFilterBar-btnBasicSearch"}]}
RESULT: undefined
COMMAND: POST /session/76bbe7a963ba333ac6e3770165032c4a/execute/async - {"script":"<script> [776 bytes]","args":[{"enterText":"200316","selector":{"id":"application-managehandovers-display-component---AddNewHO--smartFilterBar-btnBasicSearch","searchOpenDialogs":true,"interaction":{"idSuffix":"I"}},"clearTextFirst":true,"interactionType":"ENTER_TEXT"}]}
RESULT: {"script":"<script> [776 bytes]","args":[{"enterText":"200316","selector":{"id":"application-managehandovers-display-component---AddNewHO--smartFilterBar-btnBasicSearch","searchOpenDialogs":true,"interaction":{"idSuffix":"I"}},"clearTextFirst":true,"interactionType":"ENTER_TEXT"}]}
COMMAND: POST /session/76bbe7a963ba333ac6e3770165032c4a/actions - {"actions":[{"id":"action34","type":"key","parameters":{},"actions":[{"type":"keyDown","value":"î€‡"},{"type":"pause","duration":10},{"type":"keyUp","value":"î€‡"}]}]}
RESULT: {"actions":[{"id":"action34","type":"key","parameters":{},"actions":[{"type":"keyDown","value":"î€‡"},{"type":"pause","duration":10},{"type":"keyUp","value":"î€‡"}]}]}
COMMAND: GET /session/76bbe7a963ba333ac6e3770165032c4a/screenshot - {}
RESULT: {}
COMMAND: POST /session/76bbe7a963ba333ac6e3770165032c4a/execute/async - {"script":"<script> [1562 bytes]","args":[{"selector":{"id":"application-managehandovers-display-component---AddNewHO--popup-sa","searchOpenDialogs":true,"interaction":{"idSuffix":"CbBg"}},"wdio_ui5_key":"applicationmanagehandovers-display-component---AddNewHO--popup-sa"}]}
RESULT: {"script":"<script> [1562 bytes]","args":[{"selector":{"id":"application-managehandovers-display-component---AddNewHO--popup-sa","searchOpenDialogs":true,"interaction":{"idSuffix":"CbBg"}},"wdio_ui5_key":"applicationmanagehandovers-display-component---AddNewHO--popup-sa"}]}
RESULT: undefined
COMMAND: POST /session/76bbe7a963ba333ac6e3770165032c4a/element - {"using":"xpath","value":"//*[@id=\"application-managehandovers-display-component---AddNewHO--popup-sa\"]"}
RESULT: {"using":"xpath","value":"//*[@id=\"application-managehandovers-display-component---AddNewHO--popup-sa\"]"}
COMMAND: POST /session/76bbe7a963ba333ac6e3770165032c4a/element/f.37B6A3D8B8D5C040CDE4E4CEB4627624.d.CD07FB30A3660523CCB5DBAB6C71F7B6.e.9176/click - {}
RESULT: {}
COMMAND: GET /session/76bbe7a963ba333ac6e3770165032c4a/screenshot - {}
RESULT: {}
COMMAND: POST /session/76bbe7a963ba333ac6e3770165032c4a/element - {"using":"xpath","value":"//bdi[contains(text(), \"Select\")]"}
RESULT: {"using":"xpath","value":"//bdi[contains(text(), \"Select\")]"}
COMMAND: POST /session/76bbe7a963ba333ac6e3770165032c4a/element/f.37B6A3D8B8D5C040CDE4E4CEB4627624.d.CD07FB30A3660523CCB5DBAB6C71F7B6.e.9177/click - {}
RESULT: {}
COMMAND: GET /session/76bbe7a963ba333ac6e3770165032c4a/screenshot - {}
RESULT: {}
COMMAND: POST /session/76bbe7a963ba333ac6e3770165032c4a/element - {"using":"xpath","value":"//button[@data-kt=\"AddNewHOSaveButton\"]"}
RESULT: {"using":"xpath","value":"//button[@data-kt=\"AddNewHOSaveButton\"]"}
COMMAND: POST /session/76bbe7a963ba333ac6e3770165032c4a/element/f.37B6A3D8B8D5C040CDE4E4CEB4627624.d.CD07FB30A3660523CCB5DBAB6C71F7B6.e.9181/click - {}
RESULT: {}
COMMAND: GET /session/76bbe7a963ba333ac6e3770165032c4a/screenshot - {}
RESULT: {}
COMMAND: POST /session/76bbe7a963ba333ac6e3770165032c4a/execute/async - {"script":"<script> [1562 bytes]","args":[{"selector":{"id":"receiptDatePicker","viewName":"etm.portal.ui.managehandovers.view.DetailExecuteHO","interaction":{"idSuffix":"inner"}},"wdio_ui5_key":"receiptDatePickeretmportal.ui.managehandovers.view.DetailExecuteHO"}]}
RESULT: {"script":"<script> [1562 bytes]","args":[{"selector":{"id":"receiptDatePicker","viewName":"etm.portal.ui.managehandovers.view.DetailExecuteHO","interaction":{"idSuffix":"inner"}},"wdio_ui5_key":"receiptDatePickeretmportal.ui.managehandovers.view.DetailExecuteHO"}]}
RESULT: undefined
COMMAND: POST /session/76bbe7a963ba333ac6e3770165032c4a/execute/async - {"script":"<script> [6424 bytes]","args":[{"element-6066-11e4-a52e-4f735466cecf":"f.37B6A3D8B8D5C040CDE4E4CEB4627624.d.CD07FB30A3660523CCB5DBAB6C71F7B6.e.9192"},"setValue",["5/20/25"]]}
RESULT: {"script":"<script> [6424 bytes]","args":[{"element-6066-11e4-a52e-4f735466cecf":"f.37B6A3D8B8D5C040CDE4E4CEB4627624.d.CD07FB30A3660523CCB5DBAB6C71F7B6.e.9192"},"setValue",["5/20/25"]]}
COMMAND: POST /session/76bbe7a963ba333ac6e3770165032c4a/element - {"using":"xpath","value":"//button[@data-kt=\"PickingTableConfirmAllButton\"]"}
RESULT: {"using":"xpath","value":"//button[@data-kt=\"PickingTableConfirmAllButton\"]"}
COMMAND: POST /session/76bbe7a963ba333ac6e3770165032c4a/element/f.37B6A3D8B8D5C040CDE4E4CEB4627624.d.CD07FB30A3660523CCB5DBAB6C71F7B6.e.9217/click - {}
RESULT: {}
COMMAND: GET /session/76bbe7a963ba333ac6e3770165032c4a/screenshot - {}
RESULT: {}
COMMAND: POST /session/76bbe7a963ba333ac6e3770165032c4a/element - {"using":"xpath","value":"//bdi[contains(text(), \"OK\")]"}
RESULT: {"using":"xpath","value":"//bdi[contains(text(), \"OK\")]"}
COMMAND: POST /session/76bbe7a963ba333ac6e3770165032c4a/element/f.37B6A3D8B8D5C040CDE4E4CEB4627624.d.CD07FB30A3660523CCB5DBAB6C71F7B6.e.9219/click - {}
RESULT: {}
COMMAND: GET /session/76bbe7a963ba333ac6e3770165032c4a/screenshot - {}
RESULT: {}
COMMAND: POST /session/76bbe7a963ba333ac6e3770165032c4a/element - {"using":"xpath","value":"(//bdi[contains(text(), \"Receive\")])[2]"}
RESULT: {"using":"xpath","value":"(//bdi[contains(text(), \"Receive\")])[2]"}
COMMAND: POST /session/76bbe7a963ba333ac6e3770165032c4a/element/f.37B6A3D8B8D5C040CDE4E4CEB4627624.d.CD07FB30A3660523CCB5DBAB6C71F7B6.e.9221/click - {}
RESULT: {}
COMMAND: GET /session/76bbe7a963ba333ac6e3770165032c4a/screenshot - {}
RESULT: {}
COMMAND: POST /session/76bbe7a963ba333ac6e3770165032c4a/element - {"using":"css selector","value":"#shell-header-logo"}
RESULT: {"using":"css selector","value":"#shell-header-logo"}
COMMAND: POST /session/76bbe7a963ba333ac6e3770165032c4a/element/f.37B6A3D8B8D5C040CDE4E4CEB4627624.d.CD07FB30A3660523CCB5DBAB6C71F7B6.e.8598/click - {}
RESULT: {}
COMMAND: GET /session/76bbe7a963ba333ac6e3770165032c4a/screenshot - {}
RESULT: {}
]]></system-out>
    </testcase>
    <testcase classname="chrome.136_0_7103_93.windows.Provide_to_Site_w/_warehouse_management_wo_clarification" name="Should create a new contract" time="58.974">
      <system-out><![CDATA[
COMMAND: POST /session/76bbe7a963ba333ac6e3770165032c4a/execute/async - {"script":"<script> [1562 bytes]","args":[{"selector":{"controlType":"sap.m.GenericTile","properties":{"header":"Manage Contracts"}},"wdio_ui5_key":"sapm.GenericTile{\"header\":\"Manage Contracts\"}"}]}
RESULT: {"script":"<script> [1562 bytes]","args":[{"selector":{"controlType":"sap.m.GenericTile","properties":{"header":"Manage Contracts"}},"wdio_ui5_key":"sapm.GenericTile{\"header\":\"Manage Contracts\"}"}]}
RESULT: undefined
COMMAND: POST /session/76bbe7a963ba333ac6e3770165032c4a/element - {"using":"xpath","value":"//*[@id=\"__tile130\"]"}
RESULT: {"using":"xpath","value":"//*[@id=\"__tile130\"]"}
COMMAND: POST /session/76bbe7a963ba333ac6e3770165032c4a/element/f.37B6A3D8B8D5C040CDE4E4CEB4627624.d.CD07FB30A3660523CCB5DBAB6C71F7B6.e.8154/click - {}
RESULT: {}
COMMAND: GET /session/76bbe7a963ba333ac6e3770165032c4a/screenshot - {}
RESULT: {}
COMMAND: POST /session/76bbe7a963ba333ac6e3770165032c4a/elements - {"using":"xpath","value":"//span[text()='Error']"}
RESULT: {"using":"xpath","value":"//span[text()='Error']"}
COMMAND: POST /session/76bbe7a963ba333ac6e3770165032c4a/element - {"using":"xpath","value":"//button[@data-kt=\"addButton\"]"}
RESULT: {"using":"xpath","value":"//button[@data-kt=\"addButton\"]"}
COMMAND: POST /session/76bbe7a963ba333ac6e3770165032c4a/elements - {"using":"xpath","value":"//button[@data-kt=\"addButton\"]"}
RESULT: {"using":"xpath","value":"//button[@data-kt=\"addButton\"]"}
COMMAND: POST /session/76bbe7a963ba333ac6e3770165032c4a/execute/sync - {"script":"<script> [8489 bytes]","args":[{"element-6066-11e4-a52e-4f735466cecf":"f.37B6A3D8B8D5C040CDE4E4CEB4627624.d.CD07FB30A3660523CCB5DBAB6C71F7B6.e.9619","ELEMENT":"f.37B6A3D8B8D5C040CDE4E4CEB4627624.d.CD07FB30A3660523CCB5DBAB6C71F7B6.e.9619"}]}
RESULT: {"script":"<script> [8489 bytes]","args":[{"element-6066-11e4-a52e-4f735466cecf":"f.37B6A3D8B8D5C040CDE4E4CEB4627624.d.CD07FB30A3660523CCB5DBAB6C71F7B6.e.9619","ELEMENT":"f.37B6A3D8B8D5C040CDE4E4CEB4627624.d.CD07FB30A3660523CCB5DBAB6C71F7B6.e.9619"}]}
COMMAND: GET /session/76bbe7a963ba333ac6e3770165032c4a/element/f.37B6A3D8B8D5C040CDE4E4CEB4627624.d.CD07FB30A3660523CCB5DBAB6C71F7B6.e.9619/enabled - {}
COMMAND: GET /session/76bbe7a963ba333ac6e3770165032c4a/screenshot - {}
RESULT: {}
COMMAND: POST /session/76bbe7a963ba333ac6e3770165032c4a/execute/sync - {"script":"<script> [8489 bytes]","args":[{"element-6066-11e4-a52e-4f735466cecf":"f.37B6A3D8B8D5C040CDE4E4CEB4627624.d.CD07FB30A3660523CCB5DBAB6C71F7B6.e.9619","ELEMENT":"f.37B6A3D8B8D5C040CDE4E4CEB4627624.d.CD07FB30A3660523CCB5DBAB6C71F7B6.e.9619"}]}
COMMAND: GET /session/76bbe7a963ba333ac6e3770165032c4a/screenshot - {}
RESULT: {}
RESULT: {"script":"<script> [8489 bytes]","args":[{"element-6066-11e4-a52e-4f735466cecf":"f.37B6A3D8B8D5C040CDE4E4CEB4627624.d.CD07FB30A3660523CCB5DBAB6C71F7B6.e.9619","ELEMENT":"f.37B6A3D8B8D5C040CDE4E4CEB4627624.d.CD07FB30A3660523CCB5DBAB6C71F7B6.e.9619"}]}
COMMAND: POST /session/76bbe7a963ba333ac6e3770165032c4a/execute/sync - {"script":"<script> [5351 bytes]","args":[{"element-6066-11e4-a52e-4f735466cecf":"f.37B6A3D8B8D5C040CDE4E4CEB4627624.d.CD07FB30A3660523CCB5DBAB6C71F7B6.e.9619","ELEMENT":"f.37B6A3D8B8D5C040CDE4E4CEB4627624.d.CD07FB30A3660523CCB5DBAB6C71F7B6.e.9619"}]}
COMMAND: GET /session/76bbe7a963ba333ac6e3770165032c4a/screenshot - {}
RESULT: {}
RESULT: {"script":"<script> [5351 bytes]","args":[{"element-6066-11e4-a52e-4f735466cecf":"f.37B6A3D8B8D5C040CDE4E4CEB4627624.d.CD07FB30A3660523CCB5DBAB6C71F7B6.e.9619","ELEMENT":"f.37B6A3D8B8D5C040CDE4E4CEB4627624.d.CD07FB30A3660523CCB5DBAB6C71F7B6.e.9619"}]}
COMMAND: GET /session/76bbe7a963ba333ac6e3770165032c4a/screenshot - {}
RESULT: {}
RESULT: {}
COMMAND: POST /session/76bbe7a963ba333ac6e3770165032c4a/element/f.37B6A3D8B8D5C040CDE4E4CEB4627624.d.CD07FB30A3660523CCB5DBAB6C71F7B6.e.9619/click - {}
RESULT: {}
COMMAND: GET /session/76bbe7a963ba333ac6e3770165032c4a/screenshot - {}
COMMAND: POST /session/76bbe7a963ba333ac6e3770165032c4a/execute/async - {"script":"<script> [1562 bytes]","args":[{"selector":{"id":"application-managecontracts-display-component---AddNewContract--projectDescription","interaction":{"idSuffix":"inner"}},"wdio_ui5_key":"applicationmanagecontracts-display-component---AddNewContract--projectDescription"}]}
RESULT: {}
RESULT: {"script":"<script> [1562 bytes]","args":[{"selector":{"id":"application-managecontracts-display-component---AddNewContract--projectDescription","interaction":{"idSuffix":"inner"}},"wdio_ui5_key":"applicationmanagecontracts-display-component---AddNewContract--projectDescription"}]}
RESULT: undefined
COMMAND: POST /session/76bbe7a963ba333ac6e3770165032c4a/execute/async - {"script":"<script> [776 bytes]","args":[{"enterText":"Contract WDIO","selector":{"id":"application-managecontracts-display-component---AddNewContract--projectDescription","interaction":{"idSuffix":"inner"}},"clearTextFirst":true,"interactionType":"ENTER_TEXT"}]}
RESULT: {"script":"<script> [776 bytes]","args":[{"enterText":"Contract WDIO","selector":{"id":"application-managecontracts-display-component---AddNewContract--projectDescription","interaction":{"idSuffix":"inner"}},"clearTextFirst":true,"interactionType":"ENTER_TEXT"}]}
COMMAND: POST /session/76bbe7a963ba333ac6e3770165032c4a/element - {"using":"xpath","value":"//input[@id=\"application-managecontracts-display-component---AddNewContract--site-inner\"]"}
RESULT: {"using":"xpath","value":"//input[@id=\"application-managecontracts-display-component---AddNewContract--site-inner\"]"}
COMMAND: POST /session/76bbe7a963ba333ac6e3770165032c4a/element/f.37B6A3D8B8D5C040CDE4E4CEB4627624.d.CD07FB30A3660523CCB5DBAB6C71F7B6.e.9979/clear - {}
RESULT: {}
COMMAND: POST /session/76bbe7a963ba333ac6e3770165032c4a/element/f.37B6A3D8B8D5C040CDE4E4CEB4627624.d.CD07FB30A3660523CCB5DBAB6C71F7B6.e.9979/value - {"text":"2289"}
COMMAND: GET /session/76bbe7a963ba333ac6e3770165032c4a/screenshot - {}
RESULT: {"text":"2289"}
COMMAND: GET /session/76bbe7a963ba333ac6e3770165032c4a/screenshot - {}
RESULT: {}
RESULT: {}
COMMAND: POST /session/76bbe7a963ba333ac6e3770165032c4a/element - {"using":"xpath","value":"//li[.//span[text()='2289']]"}
RESULT: {"using":"xpath","value":"//li[.//span[text()='2289']]"}
COMMAND: POST /session/76bbe7a963ba333ac6e3770165032c4a/element/f.37B6A3D8B8D5C040CDE4E4CEB4627624.d.CD07FB30A3660523CCB5DBAB6C71F7B6.e.10009/click - {}
RESULT: {}
COMMAND: GET /session/76bbe7a963ba333ac6e3770165032c4a/screenshot - {}
RESULT: {}
COMMAND: POST /session/76bbe7a963ba333ac6e3770165032c4a/element - {"using":"xpath","value":"//input[@id=\"application-managecontracts-display-component---AddNewContract--yardId-inner\"]"}
RESULT: {"using":"xpath","value":"//input[@id=\"application-managecontracts-display-component---AddNewContract--yardId-inner\"]"}
COMMAND: GET /session/76bbe7a963ba333ac6e3770165032c4a/element/f.37B6A3D8B8D5C040CDE4E4CEB4627624.d.CD07FB30A3660523CCB5DBAB6C71F7B6.e.9980/property/value - {}
RESULT: {}
COMMAND: POST /session/76bbe7a963ba333ac6e3770165032c4a/element - {"using":"xpath","value":"//input[@id=\"application-managecontracts-display-component---AddNewContract--customerSelect-inner\"]"}
COMMAND: GET /session/76bbe7a963ba333ac6e3770165032c4a/screenshot - {}
RESULT: {"using":"xpath","value":"//input[@id=\"application-managecontracts-display-component---AddNewContract--customerSelect-inner\"]"}
COMMAND: POST /session/76bbe7a963ba333ac6e3770165032c4a/element/f.37B6A3D8B8D5C040CDE4E4CEB4627624.d.CD07FB30A3660523CCB5DBAB6C71F7B6.e.9978/clear - {}
RESULT: {}
RESULT: {}
COMMAND: POST /session/76bbe7a963ba333ac6e3770165032c4a/element/f.37B6A3D8B8D5C040CDE4E4CEB4627624.d.CD07FB30A3660523CCB5DBAB6C71F7B6.e.9978/value - {"text":"1346"}
COMMAND: GET /session/76bbe7a963ba333ac6e3770165032c4a/screenshot - {}
RESULT: {"text":"1346"}
COMMAND: GET /session/76bbe7a963ba333ac6e3770165032c4a/screenshot - {}
RESULT: {}
RESULT: {}
COMMAND: POST /session/76bbe7a963ba333ac6e3770165032c4a/element - {"using":"xpath","value":"//li[.//span[text()='1346']]"}
RESULT: {"using":"xpath","value":"//li[.//span[text()='1346']]"}
COMMAND: POST /session/76bbe7a963ba333ac6e3770165032c4a/element/f.37B6A3D8B8D5C040CDE4E4CEB4627624.d.CD07FB30A3660523CCB5DBAB6C71F7B6.e.10012/click - {}
RESULT: {}
COMMAND: GET /session/76bbe7a963ba333ac6e3770165032c4a/screenshot - {}
RESULT: {}
COMMAND: POST /session/76bbe7a963ba333ac6e3770165032c4a/element - {"using":"xpath","value":"//button[@data-kt=\"saveButton\"]"}
RESULT: {"using":"xpath","value":"//button[@data-kt=\"saveButton\"]"}
COMMAND: POST /session/76bbe7a963ba333ac6e3770165032c4a/element/f.37B6A3D8B8D5C040CDE4E4CEB4627624.d.CD07FB30A3660523CCB5DBAB6C71F7B6.e.10013/click - {}
RESULT: {}
COMMAND: GET /session/76bbe7a963ba333ac6e3770165032c4a/screenshot - {}
RESULT: {}
COMMAND: POST /session/76bbe7a963ba333ac6e3770165032c4a/element - {"using":"xpath","value":"//span[contains(@id ,\"contractDetailTitleNoExpanded\")]"}
RESULT: {"using":"xpath","value":"//span[contains(@id ,\"contractDetailTitleNoExpanded\")]"}
COMMAND: POST /session/76bbe7a963ba333ac6e3770165032c4a/elements - {"using":"xpath","value":"//span[contains(@id ,\"contractDetailTitleNoExpanded\")]"}
RESULT: {"using":"xpath","value":"//span[contains(@id ,\"contractDetailTitleNoExpanded\")]"}
COMMAND: POST /session/76bbe7a963ba333ac6e3770165032c4a/execute/sync - {"script":"<script> [56 bytes]","args":[{"element-6066-11e4-a52e-4f735466cecf":"f.37B6A3D8B8D5C040CDE4E4CEB4627624.d.CD07FB30A3660523CCB5DBAB6C71F7B6.e.10083","ELEMENT":"f.37B6A3D8B8D5C040CDE4E4CEB4627624.d.CD07FB30A3660523CCB5DBAB6C71F7B6.e.10083"}]}
RESULT: {"script":"<script> [56 bytes]","args":[{"element-6066-11e4-a52e-4f735466cecf":"f.37B6A3D8B8D5C040CDE4E4CEB4627624.d.CD07FB30A3660523CCB5DBAB6C71F7B6.e.10083","ELEMENT":"f.37B6A3D8B8D5C040CDE4E4CEB4627624.d.CD07FB30A3660523CCB5DBAB6C71F7B6.e.10083"}]}
COMMAND: GET /session/76bbe7a963ba333ac6e3770165032c4a/screenshot - {}
RESULT: {}
]]></system-out>
    </testcase>
    <testcase classname="chrome.136_0_7103_93.windows.Provide_to_Site_w/_warehouse_management_wo_clarification" name="Should add equipment to the contract" time="57.849">
      <system-out><![CDATA[
COMMAND: POST /session/76bbe7a963ba333ac6e3770165032c4a/element - {"using":"xpath","value":"//button[@data-kt=\"contractDetailEditBtnButton\"]"}
RESULT: {"using":"xpath","value":"//button[@data-kt=\"contractDetailEditBtnButton\"]"}
COMMAND: POST /session/76bbe7a963ba333ac6e3770165032c4a/element/f.37B6A3D8B8D5C040CDE4E4CEB4627624.d.CD07FB30A3660523CCB5DBAB6C71F7B6.e.10086/click - {}
RESULT: {}
COMMAND: GET /session/76bbe7a963ba333ac6e3770165032c4a/screenshot - {}
RESULT: {}
COMMAND: POST /session/76bbe7a963ba333ac6e3770165032c4a/element - {"using":"xpath","value":"(//span[contains(text(), \"Additional Addresses\")])[2]"}
RESULT: {"using":"xpath","value":"(//span[contains(text(), \"Additional Addresses\")])[2]"}
COMMAND: POST /session/76bbe7a963ba333ac6e3770165032c4a/element/f.37B6A3D8B8D5C040CDE4E4CEB4627624.d.CD07FB30A3660523CCB5DBAB6C71F7B6.e.10143/click - {}
RESULT: {}
COMMAND: GET /session/76bbe7a963ba333ac6e3770165032c4a/screenshot - {}
RESULT: {}
COMMAND: POST /session/76bbe7a963ba333ac6e3770165032c4a/element - {"using":"xpath","value":"//button[@data-kt=\"btnAddTableRowOverflowToolbarButton\"]"}
RESULT: {"using":"xpath","value":"//button[@data-kt=\"btnAddTableRowOverflowToolbarButton\"]"}
COMMAND: POST /session/76bbe7a963ba333ac6e3770165032c4a/element/f.37B6A3D8B8D5C040CDE4E4CEB4627624.d.CD07FB30A3660523CCB5DBAB6C71F7B6.e.10145/click - {}
RESULT: {}
COMMAND: GET /session/76bbe7a963ba333ac6e3770165032c4a/screenshot - {}
RESULT: {}
COMMAND: POST /session/76bbe7a963ba333ac6e3770165032c4a/element - {"using":"xpath","value":"//div[(text() = 'Standard Entry' or . = 'Standard Entry')]"}
RESULT: {"using":"xpath","value":"//div[(text() = 'Standard Entry' or . = 'Standard Entry')]"}
COMMAND: POST /session/76bbe7a963ba333ac6e3770165032c4a/element/f.37B6A3D8B8D5C040CDE4E4CEB4627624.d.CD07FB30A3660523CCB5DBAB6C71F7B6.e.10147/click - {}
RESULT: {}
COMMAND: GET /session/76bbe7a963ba333ac6e3770165032c4a/screenshot - {}
RESULT: {}
COMMAND: POST /session/76bbe7a963ba333ac6e3770165032c4a/element - {"using":"xpath","value":"//td[6]/div/div/div/span"}
RESULT: {"using":"xpath","value":"//td[6]/div/div/div/span"}
COMMAND: POST /session/76bbe7a963ba333ac6e3770165032c4a/element/f.37B6A3D8B8D5C040CDE4E4CEB4627624.d.CD07FB30A3660523CCB5DBAB6C71F7B6.e.10159/click - {}
RESULT: {}
COMMAND: GET /session/76bbe7a963ba333ac6e3770165032c4a/screenshot - {}
RESULT: {}
COMMAND: POST /session/76bbe7a963ba333ac6e3770165032c4a/element - {"using":"xpath","value":"(//span[contains(text(), \"Material\")])"}
RESULT: {"using":"xpath","value":"(//span[contains(text(), \"Material\")])"}
COMMAND: POST /session/76bbe7a963ba333ac6e3770165032c4a/element/f.37B6A3D8B8D5C040CDE4E4CEB4627624.d.CD07FB30A3660523CCB5DBAB6C71F7B6.e.10160/click - {}
RESULT: {}
COMMAND: GET /session/76bbe7a963ba333ac6e3770165032c4a/screenshot - {}
RESULT: {}
COMMAND: POST /session/76bbe7a963ba333ac6e3770165032c4a/element - {"using":"xpath","value":"//td[7]/div/div/input"}
RESULT: {"using":"xpath","value":"//td[7]/div/div/input"}
COMMAND: POST /session/76bbe7a963ba333ac6e3770165032c4a/element/f.37B6A3D8B8D5C040CDE4E4CEB4627624.d.CD07FB30A3660523CCB5DBAB6C71F7B6.e.10164/clear - {}
RESULT: {}
COMMAND: POST /session/76bbe7a963ba333ac6e3770165032c4a/element/f.37B6A3D8B8D5C040CDE4E4CEB4627624.d.CD07FB30A3660523CCB5DBAB6C71F7B6.e.10164/value - {"text":"200316"}
COMMAND: GET /session/76bbe7a963ba333ac6e3770165032c4a/screenshot - {}
RESULT: {"text":"200316"}
COMMAND: GET /session/76bbe7a963ba333ac6e3770165032c4a/screenshot - {}
RESULT: {}
RESULT: {}
COMMAND: POST /session/76bbe7a963ba333ac6e3770165032c4a/actions - {"actions":[{"id":"action35","type":"key","parameters":{},"actions":[{"type":"keyDown","value":"î€‡"},{"type":"pause","duration":10},{"type":"keyUp","value":"î€‡"}]}]}
RESULT: {"actions":[{"id":"action35","type":"key","parameters":{},"actions":[{"type":"keyDown","value":"î€‡"},{"type":"pause","duration":10},{"type":"keyUp","value":"î€‡"}]}]}
COMMAND: GET /session/76bbe7a963ba333ac6e3770165032c4a/screenshot - {}
RESULT: {}
COMMAND: POST /session/76bbe7a963ba333ac6e3770165032c4a/execute/sync - {"script":"<script> [276 bytes]","args":["No pricing information was found"]}
RESULT: {"script":"<script> [276 bytes]","args":["No pricing information was found"]}
COMMAND: POST /session/76bbe7a963ba333ac6e3770165032c4a/element - {"using":"xpath","value":"//bdi[contains(text(), \"OK\")]"}
COMMAND: GET /session/76bbe7a963ba333ac6e3770165032c4a/screenshot - {}
RESULT: {"using":"xpath","value":"//bdi[contains(text(), \"OK\")]"}
COMMAND: POST /session/76bbe7a963ba333ac6e3770165032c4a/element/f.37B6A3D8B8D5C040CDE4E4CEB4627624.d.CD07FB30A3660523CCB5DBAB6C71F7B6.e.10190/click - {}
RESULT: {}
RESULT: {}
COMMAND: GET /session/76bbe7a963ba333ac6e3770165032c4a/screenshot - {}
RESULT: {}
COMMAND: POST /session/76bbe7a963ba333ac6e3770165032c4a/element - {"using":"xpath","value":"(//button[@data-kt=\"saveButton\"])[2]"}
RESULT: {"using":"xpath","value":"(//button[@data-kt=\"saveButton\"])[2]"}
COMMAND: POST /session/76bbe7a963ba333ac6e3770165032c4a/element/f.37B6A3D8B8D5C040CDE4E4CEB4627624.d.CD07FB30A3660523CCB5DBAB6C71F7B6.e.10191/click - {}
RESULT: {}
COMMAND: GET /session/76bbe7a963ba333ac6e3770165032c4a/screenshot - {}
RESULT: {}
COMMAND: POST /session/76bbe7a963ba333ac6e3770165032c4a/execute/sync - {"script":"<script> [276 bytes]","args":["Some contract items are having rental validity exceeding header rental validity"]}
RESULT: {"script":"<script> [276 bytes]","args":["Some contract items are having rental validity exceeding header rental validity"]}
COMMAND: GET /session/76bbe7a963ba333ac6e3770165032c4a/screenshot - {}
RESULT: {}
COMMAND: POST /session/76bbe7a963ba333ac6e3770165032c4a/element - {"using":"xpath","value":"//span[contains(@id ,\"contractItemsSmartTable-header-inner\")]"}
RESULT: {"using":"xpath","value":"//span[contains(@id ,\"contractItemsSmartTable-header-inner\")]"}
COMMAND: POST /session/76bbe7a963ba333ac6e3770165032c4a/elements - {"using":"xpath","value":"//span[contains(@id ,\"contractItemsSmartTable-header-inner\")]"}
RESULT: {"using":"xpath","value":"//span[contains(@id ,\"contractItemsSmartTable-header-inner\")]"}
COMMAND: POST /session/76bbe7a963ba333ac6e3770165032c4a/execute/sync - {"script":"<script> [56 bytes]","args":[{"element-6066-11e4-a52e-4f735466cecf":"f.37B6A3D8B8D5C040CDE4E4CEB4627624.d.CD07FB30A3660523CCB5DBAB6C71F7B6.e.10195","ELEMENT":"f.37B6A3D8B8D5C040CDE4E4CEB4627624.d.CD07FB30A3660523CCB5DBAB6C71F7B6.e.10195"}]}
RESULT: {"script":"<script> [56 bytes]","args":[{"element-6066-11e4-a52e-4f735466cecf":"f.37B6A3D8B8D5C040CDE4E4CEB4627624.d.CD07FB30A3660523CCB5DBAB6C71F7B6.e.10195","ELEMENT":"f.37B6A3D8B8D5C040CDE4E4CEB4627624.d.CD07FB30A3660523CCB5DBAB6C71F7B6.e.10195"}]}
COMMAND: GET /session/76bbe7a963ba333ac6e3770165032c4a/screenshot - {}
]]></system-out>
    </testcase>
    <testcase classname="chrome.136_0_7103_93.windows.Provide_to_Site_w/_warehouse_management_wo_clarification" name="Should provide to site" time="38.341">
      <system-out><![CDATA[
COMMAND: POST /session/76bbe7a963ba333ac6e3770165032c4a/element - {"using":"xpath","value":"//button[@data-kt=\"provideButton\"]"}
RESULT: {}
RESULT: {"using":"xpath","value":"//button[@data-kt=\"provideButton\"]"}
COMMAND: POST /session/76bbe7a963ba333ac6e3770165032c4a/element/f.37B6A3D8B8D5C040CDE4E4CEB4627624.d.CD07FB30A3660523CCB5DBAB6C71F7B6.e.10196/click - {}
RESULT: {}
COMMAND: GET /session/76bbe7a963ba333ac6e3770165032c4a/screenshot - {}
RESULT: undefined
COMMAND: POST /session/76bbe7a963ba333ac6e3770165032c4a/execute/async - {"script":"<script> [6424 bytes]","args":[{"element-6066-11e4-a52e-4f735466cecf":"f.37B6A3D8B8D5C040CDE4E4CEB4627624.d.CD07FB30A3660523CCB5DBAB6C71F7B6.e.8996"},"setValue",["05/20/25"]]}
RESULT: {}
COMMAND: POST /session/76bbe7a963ba333ac6e3770165032c4a/execute/async - {"script":"<script> [1562 bytes]","args":[{"selector":{"id":"application-managehandovers-display-component---AddNewHO--dueDate","interaction":{"idSuffix":"inner"}},"wdio_ui5_key":"applicationmanagehandovers-display-component---AddNewHO--dueDate"}]}
RESULT: {"script":"<script> [1562 bytes]","args":[{"selector":{"id":"application-managehandovers-display-component---AddNewHO--dueDate","interaction":{"idSuffix":"inner"}},"wdio_ui5_key":"applicationmanagehandovers-display-component---AddNewHO--dueDate"}]}
COMMAND: POST /session/76bbe7a963ba333ac6e3770165032c4a/execute/async - {"script":"<script> [6424 bytes]","args":[{"element-6066-11e4-a52e-4f735466cecf":"f.37B6A3D8B8D5C040CDE4E4CEB4627624.d.CD07FB30A3660523CCB5DBAB6C71F7B6.e.10253"},"setValue",["05/20/25"]]}
RESULT: {"script":"<script> [6424 bytes]","args":[{"element-6066-11e4-a52e-4f735466cecf":"f.37B6A3D8B8D5C040CDE4E4CEB4627624.d.CD07FB30A3660523CCB5DBAB6C71F7B6.e.10253"},"setValue",["05/20/25"]]}
COMMAND: POST /session/76bbe7a963ba333ac6e3770165032c4a/element - {"using":"xpath","value":"//bdi[contains(text(), \"Instructions\")]"}
RESULT: {"using":"xpath","value":"//bdi[contains(text(), \"Instructions\")]"}
COMMAND: POST /session/76bbe7a963ba333ac6e3770165032c4a/element/f.37B6A3D8B8D5C040CDE4E4CEB4627624.d.CD07FB30A3660523CCB5DBAB6C71F7B6.e.10507/click - {}
RESULT: {}
COMMAND: GET /session/76bbe7a963ba333ac6e3770165032c4a/screenshot - {}
RESULT: {}
COMMAND: POST /session/76bbe7a963ba333ac6e3770165032c4a/element - {"using":"xpath","value":"//button[@data-kt=\"AddNewHOProvideAddItemsButton\"]"}
RESULT: {"using":"xpath","value":"//button[@data-kt=\"AddNewHOProvideAddItemsButton\"]"}
COMMAND: POST /session/76bbe7a963ba333ac6e3770165032c4a/element/f.37B6A3D8B8D5C040CDE4E4CEB4627624.d.CD07FB30A3660523CCB5DBAB6C71F7B6.e.10513/click - {}
RESULT: {}
COMMAND: GET /session/76bbe7a963ba333ac6e3770165032c4a/screenshot - {}
RESULT: {}
RESULT: undefined
COMMAND: POST /session/76bbe7a963ba333ac6e3770165032c4a/element - {"using":"xpath","value":"//*[@id=\"application-managehandovers-display-component---AddNewHO--popup-sa\"]"}
RESULT: {"using":"xpath","value":"//*[@id=\"application-managehandovers-display-component---AddNewHO--popup-sa\"]"}
COMMAND: POST /session/76bbe7a963ba333ac6e3770165032c4a/element/f.37B6A3D8B8D5C040CDE4E4CEB4627624.d.CD07FB30A3660523CCB5DBAB6C71F7B6.e.10522/click - {}
RESULT: {}
COMMAND: GET /session/76bbe7a963ba333ac6e3770165032c4a/screenshot - {}
RESULT: {}
COMMAND: POST /session/76bbe7a963ba333ac6e3770165032c4a/element - {"using":"xpath","value":"//*[contains(@id ,\"BDI-content\")][contains(text(), \"Select\")]"}
RESULT: {"using":"xpath","value":"//*[contains(@id ,\"BDI-content\")][contains(text(), \"Select\")]"}
COMMAND: POST /session/76bbe7a963ba333ac6e3770165032c4a/element/f.37B6A3D8B8D5C040CDE4E4CEB4627624.d.CD07FB30A3660523CCB5DBAB6C71F7B6.e.10524/click - {}
RESULT: {}
COMMAND: GET /session/76bbe7a963ba333ac6e3770165032c4a/screenshot - {}
RESULT: {}
COMMAND: POST /session/76bbe7a963ba333ac6e3770165032c4a/element - {"using":"xpath","value":"//bdi[(text() = 'Save' or . = 'Save')]"}
RESULT: {"using":"xpath","value":"//bdi[(text() = 'Save' or . = 'Save')]"}
COMMAND: POST /session/76bbe7a963ba333ac6e3770165032c4a/element/f.37B6A3D8B8D5C040CDE4E4CEB4627624.d.CD07FB30A3660523CCB5DBAB6C71F7B6.e.10527/click - {}
RESULT: {}
COMMAND: GET /session/76bbe7a963ba333ac6e3770165032c4a/screenshot - {}
RESULT: {}
]]></system-out>
    </testcase>
    <testcase classname="chrome.136_0_7103_93.windows.Provide_to_Site_w/_warehouse_management_wo_clarification" name="Should Test for Handover Execution" time="144.224">
      <system-out><![CDATA[
COMMAND: POST /session/76bbe7a963ba333ac6e3770165032c4a/execute/async - {"script":"<script> [1562 bytes]","args":[{"selector":{"controlType":"sap.m.Link","viewName":"etm.portal.ui.managehandovers.view.DetailExecuteHO","bindingPath":{"path":"","propertyPath":"/wmDoc","modelName":"warehouseMovModel"}},"wdio_ui5_key":"etmportal.ui.managehandovers.view.DetailExecuteHOsap.m.Link{\"path\":\"\",\"propertyPath\":\"/wmDoc\",\"modelName\":\"warehouseMovModel\"}"}]}
RESULT: {"script":"<script> [1562 bytes]","args":[{"selector":{"controlType":"sap.m.Link","viewName":"etm.portal.ui.managehandovers.view.DetailExecuteHO","bindingPath":{"path":"","propertyPath":"/wmDoc","modelName":"warehouseMovModel"}},"wdio_ui5_key":"etmportal.ui.managehandovers.view.DetailExecuteHOsap.m.Link{\"path\":\"\",\"propertyPath\":\"/wmDoc\",\"modelName\":\"warehouseMovModel\"}"}]}
RESULT: undefined
COMMAND: POST /session/76bbe7a963ba333ac6e3770165032c4a/element - {"using":"xpath","value":"//*[@id=\"__link81\"]"}
RESULT: {"using":"xpath","value":"//*[@id=\"__link81\"]"}
COMMAND: POST /session/76bbe7a963ba333ac6e3770165032c4a/element/f.37B6A3D8B8D5C040CDE4E4CEB4627624.d.CD07FB30A3660523CCB5DBAB6C71F7B6.e.10562/click - {}
RESULT: {}
COMMAND: GET /session/76bbe7a963ba333ac6e3770165032c4a/screenshot - {}
RESULT: {}
COMMAND: POST /session/76bbe7a963ba333ac6e3770165032c4a/execute/async - {"script":"<script> [1562 bytes]","args":[{"selector":{"controlType":"sap.m.Link","viewName":"etm.portal.ui.managehandovers.view.DetailExecuteHO","properties":{"text":"Warehouse Overview"},"searchOpenDialogs":true},"wdio_ui5_key":"etmportal.ui.managehandovers.view.DetailExecuteHOsap.m.Link{\"text\":\"Warehouse Overview\"}"}]}
RESULT: {"script":"<script> [1562 bytes]","args":[{"selector":{"controlType":"sap.m.Link","viewName":"etm.portal.ui.managehandovers.view.DetailExecuteHO","properties":{"text":"Warehouse Overview"},"searchOpenDialogs":true},"wdio_ui5_key":"etmportal.ui.managehandovers.view.DetailExecuteHOsap.m.Link{\"text\":\"Warehouse Overview\"}"}]}
RESULT: undefined
COMMAND: POST /session/76bbe7a963ba333ac6e3770165032c4a/element - {"using":"xpath","value":"//*[@id=\"__link96\"]"}
RESULT: {"using":"xpath","value":"//*[@id=\"__link96\"]"}
COMMAND: POST /session/76bbe7a963ba333ac6e3770165032c4a/element/f.37B6A3D8B8D5C040CDE4E4CEB4627624.d.CD07FB30A3660523CCB5DBAB6C71F7B6.e.10564/click - {}
RESULT: {}
COMMAND: GET /session/76bbe7a963ba333ac6e3770165032c4a/screenshot - {}
RESULT: {}
COMMAND: POST /session/76bbe7a963ba333ac6e3770165032c4a/execute/async - {"script":"<script> [1562 bytes]","args":[{"selector":{"controlType":"sap.m.Button","viewName":"etm.portal.ui.warehousemovements.view.DisplayMovement","viewId":"application-warehousemovements-display-component---displayMovement","i18NText":{"propertyName":"text","key":"execution"},"interaction":{"idSuffix":"BDI-content"}},"wdio_ui5_key":"etmportal.ui.warehousemovements.view.DisplayMovementsap.m.Button{\"propertyName\":\"text\",\"key\":\"execution\"}"}]}
RESULT: {"script":"<script> [1562 bytes]","args":[{"selector":{"controlType":"sap.m.Button","viewName":"etm.portal.ui.warehousemovements.view.DisplayMovement","viewId":"application-warehousemovements-display-component---displayMovement","i18NText":{"propertyName":"text","key":"execution"},"interaction":{"idSuffix":"BDI-content"}},"wdio_ui5_key":"etmportal.ui.warehousemovements.view.DisplayMovementsap.m.Button{\"propertyName\":\"text\",\"key\":\"execution\"}"}]}
RESULT: undefined
COMMAND: POST /session/76bbe7a963ba333ac6e3770165032c4a/element - {"using":"xpath","value":"//*[@id=\"__button219\"]"}
RESULT: {"using":"xpath","value":"//*[@id=\"__button219\"]"}
COMMAND: POST /session/76bbe7a963ba333ac6e3770165032c4a/element/f.37B6A3D8B8D5C040CDE4E4CEB4627624.d.CD07FB30A3660523CCB5DBAB6C71F7B6.e.10700/click - {}
RESULT: {}
COMMAND: GET /session/76bbe7a963ba333ac6e3770165032c4a/screenshot - {}
RESULT: {}
COMMAND: POST /session/76bbe7a963ba333ac6e3770165032c4a/execute/async - {"script":"<script> [1562 bytes]","args":[{"selector":{"controlType":"sap.m.Button","viewName":"etm.portal.ui.warehousemovements.view.ExecuteMovement","viewId":"application-warehousemovements-display-component---executeMovement","properties":{"text":"Items"},"interaction":{"idSuffix":"BDI-content"}},"wdio_ui5_key":"etmportal.ui.warehousemovements.view.ExecuteMovementsap.m.Button{\"text\":\"Items\"}"}]}
RESULT: {"script":"<script> [1562 bytes]","args":[{"selector":{"controlType":"sap.m.Button","viewName":"etm.portal.ui.warehousemovements.view.ExecuteMovement","viewId":"application-warehousemovements-display-component---executeMovement","properties":{"text":"Items"},"interaction":{"idSuffix":"BDI-content"}},"wdio_ui5_key":"etmportal.ui.warehousemovements.view.ExecuteMovementsap.m.Button{\"text\":\"Items\"}"}]}
RESULT: undefined
COMMAND: POST /session/76bbe7a963ba333ac6e3770165032c4a/element - {"using":"xpath","value":"//*[@id=\"__layout353-anchBar-application-warehousemovements-display-component---executeMovement--itemsSection-anchor\"]"}
RESULT: {"using":"xpath","value":"//*[@id=\"__layout353-anchBar-application-warehousemovements-display-component---executeMovement--itemsSection-anchor\"]"}
COMMAND: POST /session/76bbe7a963ba333ac6e3770165032c4a/element/f.37B6A3D8B8D5C040CDE4E4CEB4627624.d.CD07FB30A3660523CCB5DBAB6C71F7B6.e.10801/click - {}
RESULT: {}
COMMAND: GET /session/76bbe7a963ba333ac6e3770165032c4a/screenshot - {}
RESULT: {}
COMMAND: POST /session/76bbe7a963ba333ac6e3770165032c4a/execute/async - {"script":"<script> [1562 bytes]","args":[{"selector":{"controlType":"sap.m.ToggleButton","viewName":"etm.portal.ui.warehousemovements.view.ExecuteMovement","viewId":"application-warehousemovements-display-component---executeMovement","bindingPath":{"propertyPath":"STATUS","modelName":"catalogModel"},"interaction":{"idSuffix":"BDI-content"}},"wdio_ui5_key":"etmportal.ui.warehousemovements.view.ExecuteMovementsap.m.ToggleButton{\"propertyPath\":\"STATUS\",\"modelName\":\"catalogModel\"}"}]}
RESULT: {"script":"<script> [1562 bytes]","args":[{"selector":{"controlType":"sap.m.ToggleButton","viewName":"etm.portal.ui.warehousemovements.view.ExecuteMovement","viewId":"application-warehousemovements-display-component---executeMovement","bindingPath":{"propertyPath":"STATUS","modelName":"catalogModel"},"interaction":{"idSuffix":"BDI-content"}},"wdio_ui5_key":"etmportal.ui.warehousemovements.view.ExecuteMovementsap.m.ToggleButton{\"propertyPath\":\"STATUS\",\"modelName\":\"catalogModel\"}"}]}
RESULT: undefined
COMMAND: POST /session/76bbe7a963ba333ac6e3770165032c4a/element - {"using":"xpath","value":"//*[@id=\"__button242-__clone3477\"]"}
RESULT: {"using":"xpath","value":"//*[@id=\"__button242-__clone3477\"]"}
COMMAND: POST /session/76bbe7a963ba333ac6e3770165032c4a/element/f.37B6A3D8B8D5C040CDE4E4CEB4627624.d.CD07FB30A3660523CCB5DBAB6C71F7B6.e.10773/click - {}
RESULT: {}
RESULT: undefined
COMMAND: POST /session/76bbe7a963ba333ac6e3770165032c4a/element - {"using":"xpath","value":"//*[@id=\"__button242-__clone3477\"]"}
COMMAND: GET /session/76bbe7a963ba333ac6e3770165032c4a/screenshot - {}
RESULT: {"using":"xpath","value":"//*[@id=\"__button242-__clone3477\"]"}
COMMAND: POST /session/76bbe7a963ba333ac6e3770165032c4a/element/f.37B6A3D8B8D5C040CDE4E4CEB4627624.d.CD07FB30A3660523CCB5DBAB6C71F7B6.e.10773/click - {}
RESULT: {}
RESULT: {}
COMMAND: GET /session/76bbe7a963ba333ac6e3770165032c4a/screenshot - {}
RESULT: {}
RESULT: undefined
COMMAND: POST /session/76bbe7a963ba333ac6e3770165032c4a/execute/async - {"script":"<script> [6424 bytes]","args":[{"element-6066-11e4-a52e-4f735466cecf":"f.37B6A3D8B8D5C040CDE4E4CEB4627624.d.CD07FB30A3660523CCB5DBAB6C71F7B6.e.10806"},"getText",[]]}
RESULT: {"script":"<script> [6424 bytes]","args":[{"element-6066-11e4-a52e-4f735466cecf":"f.37B6A3D8B8D5C040CDE4E4CEB4627624.d.CD07FB30A3660523CCB5DBAB6C71F7B6.e.10806"},"getText",[]]}
COMMAND: POST /session/76bbe7a963ba333ac6e3770165032c4a/element - {"using":"xpath","value":"//section[contains(@id,\"FC-NoHead\")]/div[1]/div[5]/div[2]/span"}
RESULT: {"using":"xpath","value":"//section[contains(@id,\"FC-NoHead\")]/div[1]/div[5]/div[2]/span"}
COMMAND: POST /session/76bbe7a963ba333ac6e3770165032c4a/elements - {"using":"xpath","value":"//section[contains(@id,\"FC-NoHead\")]/div[1]/div[5]/div[2]/span"}
RESULT: {"using":"xpath","value":"//section[contains(@id,\"FC-NoHead\")]/div[1]/div[5]/div[2]/span"}
COMMAND: POST /session/76bbe7a963ba333ac6e3770165032c4a/execute/sync - {"script":"<script> [56 bytes]","args":[{"element-6066-11e4-a52e-4f735466cecf":"f.37B6A3D8B8D5C040CDE4E4CEB4627624.d.CD07FB30A3660523CCB5DBAB6C71F7B6.e.10808","ELEMENT":"f.37B6A3D8B8D5C040CDE4E4CEB4627624.d.CD07FB30A3660523CCB5DBAB6C71F7B6.e.10808"}]}
RESULT: {"script":"<script> [56 bytes]","args":[{"element-6066-11e4-a52e-4f735466cecf":"f.37B6A3D8B8D5C040CDE4E4CEB4627624.d.CD07FB30A3660523CCB5DBAB6C71F7B6.e.10808","ELEMENT":"f.37B6A3D8B8D5C040CDE4E4CEB4627624.d.CD07FB30A3660523CCB5DBAB6C71F7B6.e.10808"}]}
COMMAND: POST /session/76bbe7a963ba333ac6e3770165032c4a/actions - {"actions":[{"id":"action36","type":"key","parameters":{},"actions":[{"type":"keyDown","value":"î€‡"},{"type":"pause","duration":10},{"type":"keyUp","value":"î€‡"}]}]}
COMMAND: GET /session/76bbe7a963ba333ac6e3770165032c4a/screenshot - {}
RESULT: {"actions":[{"id":"action36","type":"key","parameters":{},"actions":[{"type":"keyDown","value":"î€‡"},{"type":"pause","duration":10},{"type":"keyUp","value":"î€‡"}]}]}
COMMAND: POST /session/76bbe7a963ba333ac6e3770165032c4a/execute/async - {"script":"<script> [1562 bytes]","args":[{"selector":{"id":"application-warehousemovements-display-component---executeMovement--executeId","interaction":{"idSuffix":"BDI-content"}},"wdio_ui5_key":"applicationwarehousemovements-display-component---executeMovement--executeId"}]}
COMMAND: GET /session/76bbe7a963ba333ac6e3770165032c4a/screenshot - {}
RESULT: {}
RESULT: {"script":"<script> [1562 bytes]","args":[{"selector":{"id":"application-warehousemovements-display-component---executeMovement--executeId","interaction":{"idSuffix":"BDI-content"}},"wdio_ui5_key":"applicationwarehousemovements-display-component---executeMovement--executeId"}]}
RESULT: undefined
COMMAND: POST /session/76bbe7a963ba333ac6e3770165032c4a/element - {"using":"xpath","value":"//*[@id=\"application-warehousemovements-display-component---executeMovement--executeId\"]"}
RESULT: {}
RESULT: {"using":"xpath","value":"//*[@id=\"application-warehousemovements-display-component---executeMovement--executeId\"]"}
COMMAND: POST /session/76bbe7a963ba333ac6e3770165032c4a/element/f.37B6A3D8B8D5C040CDE4E4CEB4627624.d.CD07FB30A3660523CCB5DBAB6C71F7B6.e.10765/click - {}
RESULT: {}
COMMAND: GET /session/76bbe7a963ba333ac6e3770165032c4a/screenshot - {}
RESULT: {}
COMMAND: POST /session/76bbe7a963ba333ac6e3770165032c4a/element - {"using":"css selector","value":"#shell-header-logo"}
RESULT: {"using":"css selector","value":"#shell-header-logo"}
COMMAND: POST /session/76bbe7a963ba333ac6e3770165032c4a/element/f.37B6A3D8B8D5C040CDE4E4CEB4627624.d.CD07FB30A3660523CCB5DBAB6C71F7B6.e.9576/click - {}
RESULT: {}
COMMAND: GET /session/76bbe7a963ba333ac6e3770165032c4a/screenshot - {}
RESULT: {}
RESULT: undefined
COMMAND: POST /session/76bbe7a963ba333ac6e3770165032c4a/element - {"using":"xpath","value":"//*[@id=\"__tile132\"]"}
RESULT: {"using":"xpath","value":"//*[@id=\"__tile132\"]"}
COMMAND: POST /session/76bbe7a963ba333ac6e3770165032c4a/element/f.37B6A3D8B8D5C040CDE4E4CEB4627624.d.CD07FB30A3660523CCB5DBAB6C71F7B6.e.8165/click - {}
RESULT: {}
COMMAND: GET /session/76bbe7a963ba333ac6e3770165032c4a/screenshot - {}
RESULT: {}
COMMAND: POST /session/76bbe7a963ba333ac6e3770165032c4a/elements - {"using":"xpath","value":"//span[text()='Error']"}
RESULT: {"using":"xpath","value":"//span[text()='Error']"}
COMMAND: POST /session/76bbe7a963ba333ac6e3770165032c4a/execute/async - {"script":"<script> [1562 bytes]","args":[{"selector":{"controlType":"sap.m.SearchField","viewName":"etm.portal.ui.managehandovers.view.MasterHO","bindingPath":{"propertyPath":"/_BASIC_SEARCH_FIELD","modelName":"fi1t3rM0d31"},"interaction":{"idSuffix":"I"}},"wdio_ui5_key":"etmportal.ui.managehandovers.view.MasterHOsap.m.SearchField{\"propertyPath\":\"/_BASIC_SEARCH_FIELD\",\"modelName\":\"fi1t3rM0d31\"}"}]}
RESULT: {"script":"<script> [1562 bytes]","args":[{"selector":{"controlType":"sap.m.SearchField","viewName":"etm.portal.ui.managehandovers.view.MasterHO","bindingPath":{"propertyPath":"/_BASIC_SEARCH_FIELD","modelName":"fi1t3rM0d31"},"interaction":{"idSuffix":"I"}},"wdio_ui5_key":"etmportal.ui.managehandovers.view.MasterHOsap.m.SearchField{\"propertyPath\":\"/_BASIC_SEARCH_FIELD\",\"modelName\":\"fi1t3rM0d31\"}"}]}
RESULT: undefined
COMMAND: POST /session/76bbe7a963ba333ac6e3770165032c4a/execute/async - {"script":"<script> [776 bytes]","args":[{"enterText":"30795","selector":{"controlType":"sap.m.SearchField","viewName":"etm.portal.ui.managehandovers.view.MasterHO","bindingPath":{"propertyPath":"/_BASIC_SEARCH_FIELD","modelName":"fi1t3rM0d31"},"interaction":{"idSuffix":"I"}},"clearTextFirst":true,"interactionType":"ENTER_TEXT"}]}
RESULT: {"script":"<script> [776 bytes]","args":[{"enterText":"30795","selector":{"controlType":"sap.m.SearchField","viewName":"etm.portal.ui.managehandovers.view.MasterHO","bindingPath":{"propertyPath":"/_BASIC_SEARCH_FIELD","modelName":"fi1t3rM0d31"},"interaction":{"idSuffix":"I"}},"clearTextFirst":true,"interactionType":"ENTER_TEXT"}]}
COMMAND: POST /session/76bbe7a963ba333ac6e3770165032c4a/actions - {"actions":[{"id":"action37","type":"key","parameters":{},"actions":[{"type":"keyDown","value":"î€‡"},{"type":"pause","duration":10},{"type":"keyUp","value":"î€‡"}]}]}
RESULT: {"actions":[{"id":"action37","type":"key","parameters":{},"actions":[{"type":"keyDown","value":"î€‡"},{"type":"pause","duration":10},{"type":"keyUp","value":"î€‡"}]}]}
COMMAND: GET /session/76bbe7a963ba333ac6e3770165032c4a/screenshot - {}
RESULT: {}
COMMAND: POST /session/76bbe7a963ba333ac6e3770165032c4a/execute/async - {"script":"<script> [1562 bytes]","args":[{"selector":{"controlType":"sap.ui.core.Icon","viewName":"etm.portal.ui.managehandovers.view.MasterHO","properties":{"src":{"regex":{"source":"slim\\-arrow\\-right"}}}},"wdio_ui5_key":"etmportal.ui.managehandovers.view.MasterHOsap.ui.core.Icon{\"src\":{\"regex\":{\"source\":\"slim\\\\-arrow\\\\-right\"}}}"}]}
RESULT: {"script":"<script> [1562 bytes]","args":[{"selector":{"controlType":"sap.ui.core.Icon","viewName":"etm.portal.ui.managehandovers.view.MasterHO","properties":{"src":{"regex":{"source":"slim\\-arrow\\-right"}}}},"wdio_ui5_key":"etmportal.ui.managehandovers.view.MasterHOsap.ui.core.Icon{\"src\":{\"regex\":{\"source\":\"slim\\\\-arrow\\\\-right\"}}}"}]}
RESULT: undefined
COMMAND: POST /session/76bbe7a963ba333ac6e3770165032c4a/element - {"using":"xpath","value":"//*[@id=\"__item1861-__clone3556-imgNav\"]"}
RESULT: {"using":"xpath","value":"//*[@id=\"__item1861-__clone3556-imgNav\"]"}
COMMAND: POST /session/76bbe7a963ba333ac6e3770165032c4a/element/f.37B6A3D8B8D5C040CDE4E4CEB4627624.d.CD07FB30A3660523CCB5DBAB6C71F7B6.e.10996/click - {}
RESULT: {}
COMMAND: GET /session/76bbe7a963ba333ac6e3770165032c4a/screenshot - {}
RESULT: {}
COMMAND: POST /session/76bbe7a963ba333ac6e3770165032c4a/execute/async - {"script":"<script> [1562 bytes]","args":[{"selector":{"controlType":"sap.m.Button","viewName":"etm.portal.ui.managehandovers.view.DetailExecuteHO","i18NText":{"propertyName":"text","key":"confirmAll"},"interaction":{"idSuffix":"BDI-content"}},"wdio_ui5_key":"etmportal.ui.managehandovers.view.DetailExecuteHOsap.m.Button{\"propertyName\":\"text\",\"key\":\"confirmAll\"}"}]}
RESULT: {"script":"<script> [1562 bytes]","args":[{"selector":{"controlType":"sap.m.Button","viewName":"etm.portal.ui.managehandovers.view.DetailExecuteHO","i18NText":{"propertyName":"text","key":"confirmAll"},"interaction":{"idSuffix":"BDI-content"}},"wdio_ui5_key":"etmportal.ui.managehandovers.view.DetailExecuteHOsap.m.Button{\"propertyName\":\"text\",\"key\":\"confirmAll\"}"}]}
RESULT: undefined
COMMAND: POST /session/76bbe7a963ba333ac6e3770165032c4a/element - {"using":"xpath","value":"//*[@id=\"__button280\"]"}
RESULT: {"using":"xpath","value":"//*[@id=\"__button280\"]"}
COMMAND: POST /session/76bbe7a963ba333ac6e3770165032c4a/element/f.37B6A3D8B8D5C040CDE4E4CEB4627624.d.CD07FB30A3660523CCB5DBAB6C71F7B6.e.11078/click - {}
RESULT: {}
COMMAND: GET /session/76bbe7a963ba333ac6e3770165032c4a/screenshot - {}
RESULT: {}
COMMAND: POST /session/76bbe7a963ba333ac6e3770165032c4a/actions - {"actions":[{"id":"action38","type":"key","parameters":{},"actions":[{"type":"keyDown","value":"î€‡"},{"type":"pause","duration":10},{"type":"keyUp","value":"î€‡"}]}]}
RESULT: {"actions":[{"id":"action38","type":"key","parameters":{},"actions":[{"type":"keyDown","value":"î€‡"},{"type":"pause","duration":10},{"type":"keyUp","value":"î€‡"}]}]}
COMMAND: GET /session/76bbe7a963ba333ac6e3770165032c4a/screenshot - {}
RESULT: {}
COMMAND: POST /session/76bbe7a963ba333ac6e3770165032c4a/element - {"using":"xpath","value":"//button[@data-kt=\"execHoIssueButton\"]"}
RESULT: {"using":"xpath","value":"//button[@data-kt=\"execHoIssueButton\"]"}
COMMAND: POST /session/76bbe7a963ba333ac6e3770165032c4a/element/f.37B6A3D8B8D5C040CDE4E4CEB4627624.d.CD07FB30A3660523CCB5DBAB6C71F7B6.e.11087/click - {}
RESULT: {}
COMMAND: GET /session/76bbe7a963ba333ac6e3770165032c4a/screenshot - {}
RESULT: {}
RESULT: undefined
COMMAND: POST /session/76bbe7a963ba333ac6e3770165032c4a/execute/async - {"script":"<script> [776 bytes]","args":[{"enterText":"30795","selector":{"controlType":"sap.m.SearchField","viewName":"etm.portal.ui.managehandovers.view.MasterHO","bindingPath":{"propertyPath":"/_BASIC_SEARCH_FIELD","modelName":"fi1t3rM0d31"},"interaction":{"idSuffix":"I"}},"clearTextFirst":true,"interactionType":"ENTER_TEXT"}]}
RESULT: {"script":"<script> [776 bytes]","args":[{"enterText":"30795","selector":{"controlType":"sap.m.SearchField","viewName":"etm.portal.ui.managehandovers.view.MasterHO","bindingPath":{"propertyPath":"/_BASIC_SEARCH_FIELD","modelName":"fi1t3rM0d31"},"interaction":{"idSuffix":"I"}},"clearTextFirst":true,"interactionType":"ENTER_TEXT"}]}
COMMAND: POST /session/76bbe7a963ba333ac6e3770165032c4a/actions - {"actions":[{"id":"action39","type":"key","parameters":{},"actions":[{"type":"keyDown","value":"î€‡"},{"type":"pause","duration":10},{"type":"keyUp","value":"î€‡"}]}]}
RESULT: {"actions":[{"id":"action39","type":"key","parameters":{},"actions":[{"type":"keyDown","value":"î€‡"},{"type":"pause","duration":10},{"type":"keyUp","value":"î€‡"}]}]}
COMMAND: GET /session/76bbe7a963ba333ac6e3770165032c4a/screenshot - {}
RESULT: {}
COMMAND: POST /session/76bbe7a963ba333ac6e3770165032c4a/element - {"using":"xpath","value":"//span[(text() = '30795' or . = '30795')]"}
RESULT: {"using":"xpath","value":"//span[(text() = '30795' or . = '30795')]"}
COMMAND: POST /session/76bbe7a963ba333ac6e3770165032c4a/element/f.37B6A3D8B8D5C040CDE4E4CEB4627624.d.CD07FB30A3660523CCB5DBAB6C71F7B6.e.11126/click - {}
RESULT: {}
COMMAND: GET /session/76bbe7a963ba333ac6e3770165032c4a/screenshot - {}
RESULT: {}
COMMAND: POST /session/76bbe7a963ba333ac6e3770165032c4a/element - {"using":"xpath","value":"//span[contains(text(), \"Instructions\")]"}
RESULT: {"using":"xpath","value":"//span[contains(text(), \"Instructions\")]"}
COMMAND: POST /session/76bbe7a963ba333ac6e3770165032c4a/element/f.37B6A3D8B8D5C040CDE4E4CEB4627624.d.CD07FB30A3660523CCB5DBAB6C71F7B6.e.11166/click - {}
RESULT: {}
COMMAND: GET /session/76bbe7a963ba333ac6e3770165032c4a/screenshot - {}
RESULT: {}
COMMAND: POST /session/76bbe7a963ba333ac6e3770165032c4a/element - {"using":"xpath","value":"//span[contains(text(), \"Instructions\")]"}
RESULT: {"using":"xpath","value":"//span[contains(text(), \"Instructions\")]"}
COMMAND: POST /session/76bbe7a963ba333ac6e3770165032c4a/element/f.37B6A3D8B8D5C040CDE4E4CEB4627624.d.CD07FB30A3660523CCB5DBAB6C71F7B6.e.11166/click - {}
RESULT: {}
COMMAND: GET /session/76bbe7a963ba333ac6e3770165032c4a/screenshot - {}
RESULT: {}
COMMAND: POST /session/76bbe7a963ba333ac6e3770165032c4a/execute/async - {"script":"<script> [1562 bytes]","args":[{"selector":{"controlType":"sap.m.ComboBox","viewName":"etm.portal.ui.managehandovers.view.DetailExecuteHO","bindingPath":{"propertyPath":"RECEIVING_SECTION","modelName":"catalogModel"},"interaction":{"idSuffix":"inner"}},"wdio_ui5_key":"etmportal.ui.managehandovers.view.DetailExecuteHOsap.m.ComboBox{\"propertyPath\":\"RECEIVING_SECTION\",\"modelName\":\"catalogModel\"}"}]}
RESULT: {"script":"<script> [1562 bytes]","args":[{"selector":{"controlType":"sap.m.ComboBox","viewName":"etm.portal.ui.managehandovers.view.DetailExecuteHO","bindingPath":{"propertyPath":"RECEIVING_SECTION","modelName":"catalogModel"},"interaction":{"idSuffix":"inner"}},"wdio_ui5_key":"etmportal.ui.managehandovers.view.DetailExecuteHOsap.m.ComboBox{\"propertyPath\":\"RECEIVING_SECTION\",\"modelName\":\"catalogModel\"}"}]}
RESULT: undefined
COMMAND: POST /session/76bbe7a963ba333ac6e3770165032c4a/execute/async - {"script":"<script> [776 bytes]","args":[{"enterText":"WDIO-2289","selector":{"controlType":"sap.m.ComboBox","viewName":"etm.portal.ui.managehandovers.view.DetailExecuteHO","bindingPath":{"propertyPath":"RECEIVING_SECTION","modelName":"catalogModel"},"interaction":{"idSuffix":"inner"}},"clearTextFirst":true,"interactionType":"ENTER_TEXT"}]}
RESULT: {"script":"<script> [776 bytes]","args":[{"enterText":"WDIO-2289","selector":{"controlType":"sap.m.ComboBox","viewName":"etm.portal.ui.managehandovers.view.DetailExecuteHO","bindingPath":{"propertyPath":"RECEIVING_SECTION","modelName":"catalogModel"},"interaction":{"idSuffix":"inner"}},"clearTextFirst":true,"interactionType":"ENTER_TEXT"}]}
COMMAND: POST /session/76bbe7a963ba333ac6e3770165032c4a/actions - {"actions":[{"id":"action40","type":"key","parameters":{},"actions":[{"type":"keyDown","value":"î€‡"},{"type":"pause","duration":10},{"type":"keyUp","value":"î€‡"}]}]}
RESULT: {"actions":[{"id":"action40","type":"key","parameters":{},"actions":[{"type":"keyDown","value":"î€‡"},{"type":"pause","duration":10},{"type":"keyUp","value":"î€‡"}]}]}
COMMAND: GET /session/76bbe7a963ba333ac6e3770165032c4a/screenshot - {}
RESULT: {}
COMMAND: POST /session/76bbe7a963ba333ac6e3770165032c4a/element - {"using":"xpath","value":"//button[@data-kt= \"execHoReceiveButton\"]"}
RESULT: {"using":"xpath","value":"//button[@data-kt= \"execHoReceiveButton\"]"}
COMMAND: POST /session/76bbe7a963ba333ac6e3770165032c4a/element/f.37B6A3D8B8D5C040CDE4E4CEB4627624.d.CD07FB30A3660523CCB5DBAB6C71F7B6.e.11171/click - {}
RESULT: {}
COMMAND: GET /session/76bbe7a963ba333ac6e3770165032c4a/screenshot - {}
RESULT: {}
COMMAND: POST /session/76bbe7a963ba333ac6e3770165032c4a/execute/async - {"script":"<script> [1562 bytes]","args":[{"selector":{"controlType":"sap.m.Button","properties":{"text":"Continue"},"searchOpenDialogs":true,"interaction":{"idSuffix":"content"}},"wdio_ui5_key":"sapm.Button{\"text\":\"Continue\"}"}]}
RESULT: {"script":"<script> [1562 bytes]","args":[{"selector":{"controlType":"sap.m.Button","properties":{"text":"Continue"},"searchOpenDialogs":true,"interaction":{"idSuffix":"content"}},"wdio_ui5_key":"sapm.Button{\"text\":\"Continue\"}"}]}
RESULT: undefined
COMMAND: POST /session/76bbe7a963ba333ac6e3770165032c4a/element - {"using":"xpath","value":"//*[@id=\"__mbox-btn-6\"]"}
RESULT: {"using":"xpath","value":"//*[@id=\"__mbox-btn-6\"]"}
COMMAND: POST /session/76bbe7a963ba333ac6e3770165032c4a/element/f.37B6A3D8B8D5C040CDE4E4CEB4627624.d.CD07FB30A3660523CCB5DBAB6C71F7B6.e.11172/click - {}
RESULT: {}
COMMAND: GET /session/76bbe7a963ba333ac6e3770165032c4a/screenshot - {}
RESULT: {}
COMMAND: POST /session/76bbe7a963ba333ac6e3770165032c4a/element - {"using":"css selector","value":"#shell-header-logo"}
RESULT: {"using":"css selector","value":"#shell-header-logo"}
COMMAND: POST /session/76bbe7a963ba333ac6e3770165032c4a/element/f.37B6A3D8B8D5C040CDE4E4CEB4627624.d.CD07FB30A3660523CCB5DBAB6C71F7B6.e.10873/click - {}
RESULT: {}
COMMAND: GET /session/76bbe7a963ba333ac6e3770165032c4a/screenshot - {}
RESULT: {}
COMMAND: POST /session/76bbe7a963ba333ac6e3770165032c4a/element - {"using":"css selector","value":"#j_username"}
COMMAND: POST /session/76bbe7a963ba333ac6e3770165032c4a/url - {"url":"https://qa-testing-00-live-etm-ui.cfapps.eu10-004.hana.ondemand.com/"}
RESULT: {"using":"css selector","value":"#j_username"}
COMMAND: POST /session/76bbe7a963ba333ac6e3770165032c4a/element - {"using":"css selector","value":"#j_username"}
RESULT: {"url":"https://qa-testing-00-live-etm-ui.cfapps.eu10-004.hana.ondemand.com/"}
RESULT: undefined
COMMAND: GET /session/76bbe7a963ba333ac6e3770165032c4a/screenshot - {}
RESULT: {"using":"css selector","value":"#j_username"}
COMMAND: POST /session/76bbe7a963ba333ac6e3770165032c4a/element - {"using":"css selector","value":"#shell-header-logo"}
RESULT: {}
RESULT: {"using":"css selector","value":"#shell-header-logo"}
COMMAND: POST /session/76bbe7a963ba333ac6e3770165032c4a/execute/sync - {"script":"<script> [8489 bytes]","args":[{"element-6066-11e4-a52e-4f735466cecf":"f.37B6A3D8B8D5C040CDE4E4CEB4627624.d.DDD2139C3256B74854320C93BE1EB4C2.e.11230","ELEMENT":"f.37B6A3D8B8D5C040CDE4E4CEB4627624.d.DDD2139C3256B74854320C93BE1EB4C2.e.11230"}]}
RESULT: {"script":"<script> [8489 bytes]","args":[{"element-6066-11e4-a52e-4f735466cecf":"f.37B6A3D8B8D5C040CDE4E4CEB4627624.d.DDD2139C3256B74854320C93BE1EB4C2.e.11230","ELEMENT":"f.37B6A3D8B8D5C040CDE4E4CEB4627624.d.DDD2139C3256B74854320C93BE1EB4C2.e.11230"}]}
COMMAND: POST /session/76bbe7a963ba333ac6e3770165032c4a/element - {"using":"css selector","value":"#shell-header-logo"}
COMMAND: GET /session/76bbe7a963ba333ac6e3770165032c4a/screenshot - {}
RESULT: {"using":"css selector","value":"#shell-header-logo"}
COMMAND: POST /session/76bbe7a963ba333ac6e3770165032c4a/execute/sync - {"script":"<script> [8489 bytes]","args":[{"element-6066-11e4-a52e-4f735466cecf":"f.37B6A3D8B8D5C040CDE4E4CEB4627624.d.DDD2139C3256B74854320C93BE1EB4C2.e.11230","ELEMENT":"f.37B6A3D8B8D5C040CDE4E4CEB4627624.d.DDD2139C3256B74854320C93BE1EB4C2.e.11230"}]}
RESULT: {}
RESULT: {"script":"<script> [8489 bytes]","args":[{"element-6066-11e4-a52e-4f735466cecf":"f.37B6A3D8B8D5C040CDE4E4CEB4627624.d.DDD2139C3256B74854320C93BE1EB4C2.e.11230","ELEMENT":"f.37B6A3D8B8D5C040CDE4E4CEB4627624.d.DDD2139C3256B74854320C93BE1EB4C2.e.11230"}]}
COMMAND: POST /session/76bbe7a963ba333ac6e3770165032c4a/execute/sync - {"script":"<script> [5351 bytes]","args":[{"element-6066-11e4-a52e-4f735466cecf":"f.37B6A3D8B8D5C040CDE4E4CEB4627624.d.DDD2139C3256B74854320C93BE1EB4C2.e.11230","ELEMENT":"f.37B6A3D8B8D5C040CDE4E4CEB4627624.d.DDD2139C3256B74854320C93BE1EB4C2.e.11230"}]}
COMMAND: GET /session/76bbe7a963ba333ac6e3770165032c4a/screenshot - {}
RESULT: {"script":"<script> [5351 bytes]","args":[{"element-6066-11e4-a52e-4f735466cecf":"f.37B6A3D8B8D5C040CDE4E4CEB4627624.d.DDD2139C3256B74854320C93BE1EB4C2.e.11230","ELEMENT":"f.37B6A3D8B8D5C040CDE4E4CEB4627624.d.DDD2139C3256B74854320C93BE1EB4C2.e.11230"}]}
COMMAND: POST /session/76bbe7a963ba333ac6e3770165032c4a/element - {"using":"css selector","value":"#shell-header-logo"}
COMMAND: GET /session/76bbe7a963ba333ac6e3770165032c4a/screenshot - {}
RESULT: {}
RESULT: {"using":"css selector","value":"#shell-header-logo"}
COMMAND: POST /session/76bbe7a963ba333ac6e3770165032c4a/element/f.37B6A3D8B8D5C040CDE4E4CEB4627624.d.DDD2139C3256B74854320C93BE1EB4C2.e.11230/click - {}
RESULT: {}
RESULT: {}
COMMAND: GET /session/76bbe7a963ba333ac6e3770165032c4a/screenshot - {}
RESULT: {}
COMMAND: POST /session/76bbe7a963ba333ac6e3770165032c4a/execute/async - {"script":"<script> [189 bytes]","args":[]}
RESULT: {"script":"<script> [189 bytes]","args":[]}
COMMAND: POST /session/76bbe7a963ba333ac6e3770165032c4a/execute/async - {"script":"<script> [123 bytes]","args":[]}
RESULT: {"script":"<script> [123 bytes]","args":[]}
COMMAND: POST /session/76bbe7a963ba333ac6e3770165032c4a/timeouts - {"script":"<number>"}
RESULT: {"script":"<number>"}
COMMAND: GET /session/76bbe7a963ba333ac6e3770165032c4a/timeouts - {}
RESULT: {}
RESULT: undefined
COMMAND: POST /session/76bbe7a963ba333ac6e3770165032c4a/execute/async - {"script":"<script> [2676 bytes]","args":[]}
RESULT: {"script":"<script> [2676 bytes]","args":[]}
COMMAND: POST /session/76bbe7a963ba333ac6e3770165032c4a/execute/async - {"script":"<script> [2342 bytes]","args":[{"protocol":"http","hostname":"0.0.0.0","path":"/","capabilities":{"browserName":"chrome","goog:chromeOptions":{"binary":"C:\\Program Files\\Google\\Chrome\\Application\\chrome.exe","args":["--start-maximized"]}},"logLevel":"warn","connectionRetryTimeout":120000,"connectionRetryCount":3,"logLevels":{},"enableDirectConnect":true,"strictSSL":true,"_":"65 more keys: [\"cacheDir\",\"port\",\"requestedCapabilities\",\"automationProtocol\",\"baseUrl\",\"waitforInterval\",\"waitforTimeout\",\"onReload\",\"beforeCommand\",\"afterCommand\",\"rootDir\",\"specs\",\"suites\",\"exclude\",\"groupLogsByTestSpec\",\"excludeDriverLogs\",\"bail\",\"framework\",\"reporters\",\"services\",\"maxInstances\",\"maxInstancesPerCapability\",\"injectGlobals\",\"filesToWatch\",\"execArgv\",\"runnerEnv\",\"runner\",\"shard\",\"specFileRetries\",\"specFileRetriesDelay\",\"specFileRetriesDeferred\",\"reporterSyncInterval\",\"reporterSyncTimeout\",\"cucumberFeaturesWithLineNumbers\",\"autoCompileOpts\",\"mochaOpts\",\"jasmineOpts\",\"cucumberOpts\",\"onPrepare\",\"onWorkerStart\",\"onWorkerEnd\",\"before\",\"beforeSession\",\"beforeSuite\",\"beforeHook\",\"beforeTest\",\"afterTest\",\"afterHook\",\"afterSuite\",\"afterSession\",\"after\",\"onComplete\",\"beforeAssertion\",\"afterAssertion\",\"beforeFeature\",\"beforeScenario\",\"beforeStep\",\"afterStep\",\"afterScenario\",\"afterFeature\",\"_\",\"suite\",\"$0\",\"ignoredWorkerServices\",\"wdi5\"]"}]}
RESULT: {"script":"<script> [2342 bytes]","args":[{"protocol":"http","hostname":"0.0.0.0","path":"/","capabilities":{"browserName":"chrome","goog:chromeOptions":{"binary":"C:\\Program Files\\Google\\Chrome\\Application\\chrome.exe","args":["--start-maximized"]}},"logLevel":"warn","connectionRetryTimeout":120000,"connectionRetryCount":3,"logLevels":{},"enableDirectConnect":true,"strictSSL":true,"_":"65 more keys: [\"cacheDir\",\"port\",\"requestedCapabilities\",\"automationProtocol\",\"baseUrl\",\"waitforInterval\",\"waitforTimeout\",\"onReload\",\"beforeCommand\",\"afterCommand\",\"rootDir\",\"specs\",\"suites\",\"exclude\",\"groupLogsByTestSpec\",\"excludeDriverLogs\",\"bail\",\"framework\",\"reporters\",\"services\",\"maxInstances\",\"maxInstancesPerCapability\",\"injectGlobals\",\"filesToWatch\",\"execArgv\",\"runnerEnv\",\"runner\",\"shard\",\"specFileRetries\",\"specFileRetriesDelay\",\"specFileRetriesDeferred\",\"reporterSyncInterval\",\"reporterSyncTimeout\",\"cucumberFeaturesWithLineNumbers\",\"autoCompileOpts\",\"mochaOpts\",\"jasmineOpts\",\"cucumberOpts\",\"onPrepare\",\"onWorkerStart\",\"onWorkerEnd\",\"before\",\"beforeSession\",\"beforeSuite\",\"beforeHook\",\"beforeTest\",\"afterTest\",\"afterHook\",\"afterSuite\",\"afterSession\",\"after\",\"onComplete\",\"beforeAssertion\",\"afterAssertion\",\"beforeFeature\",\"beforeScenario\",\"beforeStep\",\"afterStep\",\"afterScenario\",\"afterFeature\",\"_\",\"suite\",\"$0\",\"ignoredWorkerServices\",\"wdi5\"]"}]}
COMMAND: POST /session/76bbe7a963ba333ac6e3770165032c4a/execute/async - {"script":"<script> [21126 bytes]","args":[35000]}
RESULT: {"script":"<script> [21126 bytes]","args":[35000]}
COMMAND: POST /session/76bbe7a963ba333ac6e3770165032c4a/window/maximize - {}
RESULT: {}
COMMAND: POST /session/76bbe7a963ba333ac6e3770165032c4a/execute/async - {"script":"<script> [1562 bytes]","args":[{"selector":{"id":"shell-header","interaction":{"idSuffix":"icon"}},"wdio_ui5_key":"shellheader"}]}
COMMAND: GET /session/76bbe7a963ba333ac6e3770165032c4a/screenshot - {}
RESULT: {"script":"<script> [1562 bytes]","args":[{"selector":{"id":"shell-header","interaction":{"idSuffix":"icon"}},"wdio_ui5_key":"shellheader"}]}
RESULT: undefined
COMMAND: POST /session/76bbe7a963ba333ac6e3770165032c4a/window/fullscreen - {}
RESULT: {}
RESULT: {}
]]></system-out>
    </testcase>
  </testsuite>
  <testsuite timestamp="2025-05-20T06:07:47" time="429.043" tests="4" failures="0" errors="0" skipped="0">
    <properties>
      <property name="specId" value="0" />
      <property name="suiteName" value="Provide to Site w/o warehouse management w/ clarification US116605" />
      <property name="capabilities" value="chrome.136_0_7103_93.windows" />
      <property name="file" value="file:///D:/a/1/s/test/specs/HTR/provide-to-site-wo-warehouse-w-clarification.spec.js" />
    </properties>
    <testcase classname="chrome.136_0_7103_93.windows.Provide_to_Site_w/o_warehouse_management_w/_clarification_US116605" name="Should create a new yard" time="122.247">
      <system-out><![CDATA[
COMMAND: POST /session/76bbe7a963ba333ac6e3770165032c4a/window/fullscreen - {}
RESULT: {}
COMMAND: POST /session/76bbe7a963ba333ac6e3770165032c4a/execute/async - {"script":"<script> [1562 bytes]","args":[{"selector":{"controlType":"sap.m.GenericTile","properties":{"header":"Manage Yards"}},"wdio_ui5_key":"sapm.GenericTile{\"header\":\"Manage Yards\"}"}]}
RESULT: {"script":"<script> [1562 bytes]","args":[{"selector":{"controlType":"sap.m.GenericTile","properties":{"header":"Manage Yards"}},"wdio_ui5_key":"sapm.GenericTile{\"header\":\"Manage Yards\"}"}]}
RESULT: undefined
COMMAND: POST /session/76bbe7a963ba333ac6e3770165032c4a/element - {"using":"xpath","value":"//*[@id=\"__tile33\"]"}
RESULT: {"using":"xpath","value":"//*[@id=\"__tile33\"]"}
COMMAND: POST /session/76bbe7a963ba333ac6e3770165032c4a/element/f.37B6A3D8B8D5C040CDE4E4CEB4627624.d.DDD2139C3256B74854320C93BE1EB4C2.e.11254/click - {}
RESULT: {}
COMMAND: GET /session/76bbe7a963ba333ac6e3770165032c4a/screenshot - {}
RESULT: {}
COMMAND: POST /session/76bbe7a963ba333ac6e3770165032c4a/elements - {"using":"xpath","value":"//span[text()='Error']"}
RESULT: {"using":"xpath","value":"//span[text()='Error']"}
COMMAND: POST /session/76bbe7a963ba333ac6e3770165032c4a/element - {"using":"xpath","value":"//button[@data-kt=\"addNewYardOverflowToolbarButton\"]"}
RESULT: {"using":"xpath","value":"//button[@data-kt=\"addNewYardOverflowToolbarButton\"]"}
COMMAND: POST /session/76bbe7a963ba333ac6e3770165032c4a/elements - {"using":"xpath","value":"//button[@data-kt=\"addNewYardOverflowToolbarButton\"]"}
RESULT: {"using":"xpath","value":"//button[@data-kt=\"addNewYardOverflowToolbarButton\"]"}
COMMAND: POST /session/76bbe7a963ba333ac6e3770165032c4a/elements - {"using":"xpath","value":"//button[@data-kt=\"addNewYardOverflowToolbarButton\"]"}
RESULT: {"using":"xpath","value":"//button[@data-kt=\"addNewYardOverflowToolbarButton\"]"}
COMMAND: POST /session/76bbe7a963ba333ac6e3770165032c4a/element - {"using":"xpath","value":"//button[@data-kt=\"addNewYardOverflowToolbarButton\"]"}
RESULT: {"using":"xpath","value":"//button[@data-kt=\"addNewYardOverflowToolbarButton\"]"}
COMMAND: POST /session/76bbe7a963ba333ac6e3770165032c4a/execute/sync - {"script":"<script> [8489 bytes]","args":[{"element-6066-11e4-a52e-4f735466cecf":"f.37B6A3D8B8D5C040CDE4E4CEB4627624.d.DDD2139C3256B74854320C93BE1EB4C2.e.11378","ELEMENT":"f.37B6A3D8B8D5C040CDE4E4CEB4627624.d.DDD2139C3256B74854320C93BE1EB4C2.e.11378"}]}
RESULT: {"script":"<script> [8489 bytes]","args":[{"element-6066-11e4-a52e-4f735466cecf":"f.37B6A3D8B8D5C040CDE4E4CEB4627624.d.DDD2139C3256B74854320C93BE1EB4C2.e.11378","ELEMENT":"f.37B6A3D8B8D5C040CDE4E4CEB4627624.d.DDD2139C3256B74854320C93BE1EB4C2.e.11378"}]}
COMMAND: GET /session/76bbe7a963ba333ac6e3770165032c4a/element/f.37B6A3D8B8D5C040CDE4E4CEB4627624.d.DDD2139C3256B74854320C93BE1EB4C2.e.11378/enabled - {}
COMMAND: GET /session/76bbe7a963ba333ac6e3770165032c4a/screenshot - {}
RESULT: {}
COMMAND: POST /session/76bbe7a963ba333ac6e3770165032c4a/execute/sync - {"script":"<script> [8489 bytes]","args":[{"element-6066-11e4-a52e-4f735466cecf":"f.37B6A3D8B8D5C040CDE4E4CEB4627624.d.DDD2139C3256B74854320C93BE1EB4C2.e.11378","ELEMENT":"f.37B6A3D8B8D5C040CDE4E4CEB4627624.d.DDD2139C3256B74854320C93BE1EB4C2.e.11378"}]}
COMMAND: GET /session/76bbe7a963ba333ac6e3770165032c4a/screenshot - {}
RESULT: {}
RESULT: {"script":"<script> [8489 bytes]","args":[{"element-6066-11e4-a52e-4f735466cecf":"f.37B6A3D8B8D5C040CDE4E4CEB4627624.d.DDD2139C3256B74854320C93BE1EB4C2.e.11378","ELEMENT":"f.37B6A3D8B8D5C040CDE4E4CEB4627624.d.DDD2139C3256B74854320C93BE1EB4C2.e.11378"}]}
COMMAND: POST /session/76bbe7a963ba333ac6e3770165032c4a/execute/sync - {"script":"<script> [5351 bytes]","args":[{"element-6066-11e4-a52e-4f735466cecf":"f.37B6A3D8B8D5C040CDE4E4CEB4627624.d.DDD2139C3256B74854320C93BE1EB4C2.e.11378","ELEMENT":"f.37B6A3D8B8D5C040CDE4E4CEB4627624.d.DDD2139C3256B74854320C93BE1EB4C2.e.11378"}]}
COMMAND: GET /session/76bbe7a963ba333ac6e3770165032c4a/screenshot - {}
RESULT: {}
RESULT: {"script":"<script> [5351 bytes]","args":[{"element-6066-11e4-a52e-4f735466cecf":"f.37B6A3D8B8D5C040CDE4E4CEB4627624.d.DDD2139C3256B74854320C93BE1EB4C2.e.11378","ELEMENT":"f.37B6A3D8B8D5C040CDE4E4CEB4627624.d.DDD2139C3256B74854320C93BE1EB4C2.e.11378"}]}
COMMAND: POST /session/76bbe7a963ba333ac6e3770165032c4a/element/f.37B6A3D8B8D5C040CDE4E4CEB4627624.d.DDD2139C3256B74854320C93BE1EB4C2.e.11378/click - {}
COMMAND: GET /session/76bbe7a963ba333ac6e3770165032c4a/screenshot - {}
RESULT: {}
RESULT: {}
COMMAND: GET /session/76bbe7a963ba333ac6e3770165032c4a/screenshot - {}
RESULT: {}
RESULT: {}
COMMAND: POST /session/76bbe7a963ba333ac6e3770165032c4a/element - {"using":"xpath","value":"//input[@id=\"application-manageyards-display-component---NewYard--yardId-inner\"]"}
RESULT: {"using":"xpath","value":"//input[@id=\"application-manageyards-display-component---NewYard--yardId-inner\"]"}
COMMAND: POST /session/76bbe7a963ba333ac6e3770165032c4a/element - {"using":"xpath","value":"//input[@id=\"application-manageyards-display-component---NewYard--yardId-inner\"]"}
RESULT: {"using":"xpath","value":"//input[@id=\"application-manageyards-display-component---NewYard--yardId-inner\"]"}
COMMAND: POST /session/76bbe7a963ba333ac6e3770165032c4a/execute/async - {"script":"<script> [1562 bytes]","args":[{"selector":{"id":"application-manageyards-display-component---NewYard--addressDetailDetailsName1","interaction":{"idSuffix":"inner"}},"wdio_ui5_key":"applicationmanageyards-display-component---NewYard--addressDetailDetailsName1"}]}
RESULT: {"script":"<script> [1562 bytes]","args":[{"selector":{"id":"application-manageyards-display-component---NewYard--addressDetailDetailsName1","interaction":{"idSuffix":"inner"}},"wdio_ui5_key":"applicationmanageyards-display-component---NewYard--addressDetailDetailsName1"}]}
RESULT: undefined
COMMAND: POST /session/76bbe7a963ba333ac6e3770165032c4a/execute/async - {"script":"<script> [776 bytes]","args":[{"enterText":"Other Yard WDIO","selector":{"id":"application-manageyards-display-component---NewYard--addressDetailDetailsName1","interaction":{"idSuffix":"inner"}},"clearTextFirst":true,"interactionType":"ENTER_TEXT"}]}
RESULT: {"script":"<script> [776 bytes]","args":[{"enterText":"Other Yard WDIO","selector":{"id":"application-manageyards-display-component---NewYard--addressDetailDetailsName1","interaction":{"idSuffix":"inner"}},"clearTextFirst":true,"interactionType":"ENTER_TEXT"}]}
COMMAND: POST /session/76bbe7a963ba333ac6e3770165032c4a/execute/async - {"script":"<script> [1562 bytes]","args":[{"selector":{"id":"application-manageyards-display-component---NewYard--addressDetailDetailsLanguage-arrow"},"wdio_ui5_key":"applicationmanageyards-display-component---NewYard--addressDetailDetailsLanguage-arrow"}]}
RESULT: {"script":"<script> [1562 bytes]","args":[{"selector":{"id":"application-manageyards-display-component---NewYard--addressDetailDetailsLanguage-arrow"},"wdio_ui5_key":"applicationmanageyards-display-component---NewYard--addressDetailDetailsLanguage-arrow"}]}
RESULT: undefined
COMMAND: POST /session/76bbe7a963ba333ac6e3770165032c4a/element - {"using":"xpath","value":"//*[@id=\"application-manageyards-display-component---NewYard--addressDetailDetailsLanguage-arrow\"]"}
RESULT: {"using":"xpath","value":"//*[@id=\"application-manageyards-display-component---NewYard--addressDetailDetailsLanguage-arrow\"]"}
COMMAND: POST /session/76bbe7a963ba333ac6e3770165032c4a/element/f.37B6A3D8B8D5C040CDE4E4CEB4627624.d.DDD2139C3256B74854320C93BE1EB4C2.e.11821/click - {}
RESULT: {}
COMMAND: POST /session/76bbe7a963ba333ac6e3770165032c4a/element - {"using":"xpath","value":"//span[contains(text(), \"English\")]"}
COMMAND: GET /session/76bbe7a963ba333ac6e3770165032c4a/screenshot - {}
RESULT: {"using":"xpath","value":"//span[contains(text(), \"English\")]"}
COMMAND: POST /session/76bbe7a963ba333ac6e3770165032c4a/element/f.37B6A3D8B8D5C040CDE4E4CEB4627624.d.DDD2139C3256B74854320C93BE1EB4C2.e.11822/click - {}
RESULT: {}
RESULT: {}
COMMAND: POST /session/76bbe7a963ba333ac6e3770165032c4a/execute/async - {"script":"<script> [1562 bytes]","args":[{"selector":{"id":"application-manageyards-display-component---NewYard--addressDetailDetailsCity1","interaction":{"idSuffix":"inner"}},"wdio_ui5_key":"applicationmanageyards-display-component---NewYard--addressDetailDetailsCity1"}]}
COMMAND: GET /session/76bbe7a963ba333ac6e3770165032c4a/screenshot - {}
RESULT: {"script":"<script> [1562 bytes]","args":[{"selector":{"id":"application-manageyards-display-component---NewYard--addressDetailDetailsCity1","interaction":{"idSuffix":"inner"}},"wdio_ui5_key":"applicationmanageyards-display-component---NewYard--addressDetailDetailsCity1"}]}
RESULT: undefined
COMMAND: POST /session/76bbe7a963ba333ac6e3770165032c4a/execute/async - {"script":"<script> [776 bytes]","args":[{"enterText":"Rosario","selector":{"id":"application-manageyards-display-component---NewYard--addressDetailDetailsCity1","interaction":{"idSuffix":"inner"}},"clearTextFirst":true,"interactionType":"ENTER_TEXT"}]}
RESULT: {}
RESULT: {"script":"<script> [776 bytes]","args":[{"enterText":"Rosario","selector":{"id":"application-manageyards-display-component---NewYard--addressDetailDetailsCity1","interaction":{"idSuffix":"inner"}},"clearTextFirst":true,"interactionType":"ENTER_TEXT"}]}
COMMAND: POST /session/76bbe7a963ba333ac6e3770165032c4a/execute/async - {"script":"<script> [1562 bytes]","args":[{"selector":{"id":"application-manageyards-display-component---NewYard--addressDetailDetailsCountry-arrow"},"wdio_ui5_key":"applicationmanageyards-display-component---NewYard--addressDetailDetailsCountry-arrow"}]}
RESULT: {"script":"<script> [1562 bytes]","args":[{"selector":{"id":"application-manageyards-display-component---NewYard--addressDetailDetailsCountry-arrow"},"wdio_ui5_key":"applicationmanageyards-display-component---NewYard--addressDetailDetailsCountry-arrow"}]}
RESULT: undefined
COMMAND: POST /session/76bbe7a963ba333ac6e3770165032c4a/element - {"using":"xpath","value":"//*[@id=\"application-manageyards-display-component---NewYard--addressDetailDetailsCountry-arrow\"]"}
RESULT: {"using":"xpath","value":"//*[@id=\"application-manageyards-display-component---NewYard--addressDetailDetailsCountry-arrow\"]"}
COMMAND: POST /session/76bbe7a963ba333ac6e3770165032c4a/element/f.37B6A3D8B8D5C040CDE4E4CEB4627624.d.DDD2139C3256B74854320C93BE1EB4C2.e.11824/click - {}
RESULT: {}
COMMAND: POST /session/76bbe7a963ba333ac6e3770165032c4a/element - {"using":"xpath","value":"//span[contains(text(), \"Argentina\")]"}
COMMAND: GET /session/76bbe7a963ba333ac6e3770165032c4a/screenshot - {}
RESULT: {"using":"xpath","value":"//span[contains(text(), \"Argentina\")]"}
COMMAND: POST /session/76bbe7a963ba333ac6e3770165032c4a/element/f.37B6A3D8B8D5C040CDE4E4CEB4627624.d.DDD2139C3256B74854320C93BE1EB4C2.e.11825/click - {}
RESULT: {}
RESULT: {}
COMMAND: POST /session/76bbe7a963ba333ac6e3770165032c4a/execute/async - {"script":"<script> [1562 bytes]","args":[{"selector":{"id":"application-manageyards-display-component---NewYard--addressEditDetailsCostObjectCstType-arrow"},"wdio_ui5_key":"applicationmanageyards-display-component---NewYard--addressEditDetailsCostObjectCstType-arrow"}]}
COMMAND: GET /session/76bbe7a963ba333ac6e3770165032c4a/screenshot - {}
RESULT: {"script":"<script> [1562 bytes]","args":[{"selector":{"id":"application-manageyards-display-component---NewYard--addressEditDetailsCostObjectCstType-arrow"},"wdio_ui5_key":"applicationmanageyards-display-component---NewYard--addressEditDetailsCostObjectCstType-arrow"}]}
RESULT: undefined
COMMAND: POST /session/76bbe7a963ba333ac6e3770165032c4a/element - {"using":"xpath","value":"//*[@id=\"application-manageyards-display-component---NewYard--addressEditDetailsCostObjectCstType-arrow\"]"}
RESULT: {}
RESULT: {"using":"xpath","value":"//*[@id=\"application-manageyards-display-component---NewYard--addressEditDetailsCostObjectCstType-arrow\"]"}
COMMAND: POST /session/76bbe7a963ba333ac6e3770165032c4a/element/f.37B6A3D8B8D5C040CDE4E4CEB4627624.d.DDD2139C3256B74854320C93BE1EB4C2.e.11827/click - {}
RESULT: {}
COMMAND: POST /session/76bbe7a963ba333ac6e3770165032c4a/element - {"using":"xpath","value":"//span[contains(text(), \"Cost Center\")]"}
COMMAND: GET /session/76bbe7a963ba333ac6e3770165032c4a/screenshot - {}
RESULT: {"using":"xpath","value":"//span[contains(text(), \"Cost Center\")]"}
COMMAND: POST /session/76bbe7a963ba333ac6e3770165032c4a/element/f.37B6A3D8B8D5C040CDE4E4CEB4627624.d.DDD2139C3256B74854320C93BE1EB4C2.e.11828/click - {}
RESULT: {}
RESULT: {}
COMMAND: GET /session/76bbe7a963ba333ac6e3770165032c4a/screenshot - {}
RESULT: {}
COMMAND: POST /session/76bbe7a963ba333ac6e3770165032c4a/element - {"using":"xpath","value":"//span[@id=\"application-manageyards-display-component---NewYard--addressNewCostObjectCstID-vhi\"]"}
RESULT: {"using":"xpath","value":"//span[@id=\"application-manageyards-display-component---NewYard--addressNewCostObjectCstID-vhi\"]"}
COMMAND: POST /session/76bbe7a963ba333ac6e3770165032c4a/execute/sync - {"script":"<script> [8489 bytes]","args":[{"element-6066-11e4-a52e-4f735466cecf":"f.37B6A3D8B8D5C040CDE4E4CEB4627624.d.DDD2139C3256B74854320C93BE1EB4C2.e.11832","ELEMENT":"f.37B6A3D8B8D5C040CDE4E4CEB4627624.d.DDD2139C3256B74854320C93BE1EB4C2.e.11832"}]}
RESULT: {"script":"<script> [8489 bytes]","args":[{"element-6066-11e4-a52e-4f735466cecf":"f.37B6A3D8B8D5C040CDE4E4CEB4627624.d.DDD2139C3256B74854320C93BE1EB4C2.e.11832","ELEMENT":"f.37B6A3D8B8D5C040CDE4E4CEB4627624.d.DDD2139C3256B74854320C93BE1EB4C2.e.11832"}]}
COMMAND: POST /session/76bbe7a963ba333ac6e3770165032c4a/execute/async - {"script":"<script> [1562 bytes]","args":[{"selector":{"id":"application-manageyards-display-component---NewYard--addressNewCostObjectCstID-vhi"},"wdio_ui5_key":"applicationmanageyards-display-component---NewYard--addressNewCostObjectCstID-vhi"}]}
COMMAND: GET /session/76bbe7a963ba333ac6e3770165032c4a/screenshot - {}
RESULT: {"script":"<script> [1562 bytes]","args":[{"selector":{"id":"application-manageyards-display-component---NewYard--addressNewCostObjectCstID-vhi"},"wdio_ui5_key":"applicationmanageyards-display-component---NewYard--addressNewCostObjectCstID-vhi"}]}
RESULT: undefined
COMMAND: POST /session/76bbe7a963ba333ac6e3770165032c4a/element - {"using":"xpath","value":"//*[@id=\"application-manageyards-display-component---NewYard--addressNewCostObjectCstID-vhi\"]"}
RESULT: {}
RESULT: {"using":"xpath","value":"//*[@id=\"application-manageyards-display-component---NewYard--addressNewCostObjectCstID-vhi\"]"}
COMMAND: POST /session/76bbe7a963ba333ac6e3770165032c4a/element/f.37B6A3D8B8D5C040CDE4E4CEB4627624.d.DDD2139C3256B74854320C93BE1EB4C2.e.11832/click - {}
RESULT: {}
COMMAND: GET /session/76bbe7a963ba333ac6e3770165032c4a/screenshot - {}
RESULT: {}
COMMAND: POST /session/76bbe7a963ba333ac6e3770165032c4a/execute/async - {"script":"<script> [1562 bytes]","args":[{"selector":{"controlType":"sap.m.SearchField","properties":{"placeholder":"Search"},"searchOpenDialogs":true,"interaction":{"idSuffix":"I"}},"wdio_ui5_key":"sapm.SearchField{\"placeholder\":\"Search\"}"}]}
RESULT: {"script":"<script> [1562 bytes]","args":[{"selector":{"controlType":"sap.m.SearchField","properties":{"placeholder":"Search"},"searchOpenDialogs":true,"interaction":{"idSuffix":"I"}},"wdio_ui5_key":"sapm.SearchField{\"placeholder\":\"Search\"}"}]}
RESULT: undefined
COMMAND: POST /session/76bbe7a963ba333ac6e3770165032c4a/execute/async - {"script":"<script> [776 bytes]","args":[{"enterText":"bauh_b","selector":{"controlType":"sap.m.SearchField","properties":{"placeholder":"Search"},"searchOpenDialogs":true,"interaction":{"idSuffix":"I"}},"clearTextFirst":true,"interactionType":"ENTER_TEXT"}]}
RESULT: {"script":"<script> [776 bytes]","args":[{"enterText":"bauh_b","selector":{"controlType":"sap.m.SearchField","properties":{"placeholder":"Search"},"searchOpenDialogs":true,"interaction":{"idSuffix":"I"}},"clearTextFirst":true,"interactionType":"ENTER_TEXT"}]}
COMMAND: POST /session/76bbe7a963ba333ac6e3770165032c4a/actions - {"actions":[{"id":"action41","type":"key","parameters":{},"actions":[{"type":"keyDown","value":"î€‡"},{"type":"pause","duration":10},{"type":"keyUp","value":"î€‡"}]}]}
RESULT: {"actions":[{"id":"action41","type":"key","parameters":{},"actions":[{"type":"keyDown","value":"î€‡"},{"type":"pause","duration":10},{"type":"keyUp","value":"î€‡"}]}]}
COMMAND: GET /session/76bbe7a963ba333ac6e3770165032c4a/screenshot - {}
RESULT: {}
COMMAND: POST /session/76bbe7a963ba333ac6e3770165032c4a/element - {"using":"xpath","value":"//span[contains(text(), \"Demo Yard\")]"}
RESULT: {"using":"xpath","value":"//span[contains(text(), \"Demo Yard\")]"}
COMMAND: POST /session/76bbe7a963ba333ac6e3770165032c4a/element/f.37B6A3D8B8D5C040CDE4E4CEB4627624.d.DDD2139C3256B74854320C93BE1EB4C2.e.11874/click - {}
RESULT: {}
COMMAND: GET /session/76bbe7a963ba333ac6e3770165032c4a/screenshot - {}
RESULT: {}
COMMAND: POST /session/76bbe7a963ba333ac6e3770165032c4a/element - {"using":"xpath","value":"//bdi[contains(text(), \"OK\")]"}
RESULT: {"using":"xpath","value":"//bdi[contains(text(), \"OK\")]"}
COMMAND: POST /session/76bbe7a963ba333ac6e3770165032c4a/element/f.37B6A3D8B8D5C040CDE4E4CEB4627624.d.DDD2139C3256B74854320C93BE1EB4C2.e.11875/click - {}
RESULT: {}
COMMAND: GET /session/76bbe7a963ba333ac6e3770165032c4a/screenshot - {}
RESULT: {}
COMMAND: POST /session/76bbe7a963ba333ac6e3770165032c4a/execute/async - {"script":"<script> [1562 bytes]","args":[{"selector":{"id":"application-manageyards-display-component---NewYard--addressEditDetailsCurrency-arrow"},"wdio_ui5_key":"applicationmanageyards-display-component---NewYard--addressEditDetailsCurrency-arrow"}]}
RESULT: {"script":"<script> [1562 bytes]","args":[{"selector":{"id":"application-manageyards-display-component---NewYard--addressEditDetailsCurrency-arrow"},"wdio_ui5_key":"applicationmanageyards-display-component---NewYard--addressEditDetailsCurrency-arrow"}]}
RESULT: undefined
COMMAND: POST /session/76bbe7a963ba333ac6e3770165032c4a/element - {"using":"xpath","value":"//*[@id=\"application-manageyards-display-component---NewYard--addressEditDetailsCurrency-arrow\"]"}
RESULT: {"using":"xpath","value":"//*[@id=\"application-manageyards-display-component---NewYard--addressEditDetailsCurrency-arrow\"]"}
COMMAND: POST /session/76bbe7a963ba333ac6e3770165032c4a/element/f.37B6A3D8B8D5C040CDE4E4CEB4627624.d.DDD2139C3256B74854320C93BE1EB4C2.e.11878/click - {}
RESULT: {}
COMMAND: POST /session/76bbe7a963ba333ac6e3770165032c4a/element - {"using":"xpath","value":"//span[contains(text(), \"Euro\")]"}
COMMAND: GET /session/76bbe7a963ba333ac6e3770165032c4a/screenshot - {}
RESULT: {"using":"xpath","value":"//span[contains(text(), \"Euro\")]"}
COMMAND: POST /session/76bbe7a963ba333ac6e3770165032c4a/element/f.37B6A3D8B8D5C040CDE4E4CEB4627624.d.DDD2139C3256B74854320C93BE1EB4C2.e.11879/click - {}
RESULT: {}
RESULT: {}
COMMAND: POST /session/76bbe7a963ba333ac6e3770165032c4a/execute/async - {"script":"<script> [1562 bytes]","args":[{"selector":{"controlType":"sap.m.Input","viewName":"etm.portal.ui.manageyards.view.New","viewId":"application-manageyards-display-component---NewYard","bindingPath":{"path":"","propertyPath":"/CONTROLLING_AREA","modelName":"NewYardModel"},"interaction":{"idSuffix":"inner"}},"wdio_ui5_key":"etmportal.ui.manageyards.view.Newsap.m.Input{\"path\":\"\",\"propertyPath\":\"/CONTROLLING_AREA\",\"modelName\":\"NewYardModel\"}"}]}
COMMAND: GET /session/76bbe7a963ba333ac6e3770165032c4a/screenshot - {}
RESULT: {"script":"<script> [1562 bytes]","args":[{"selector":{"controlType":"sap.m.Input","viewName":"etm.portal.ui.manageyards.view.New","viewId":"application-manageyards-display-component---NewYard","bindingPath":{"path":"","propertyPath":"/CONTROLLING_AREA","modelName":"NewYardModel"},"interaction":{"idSuffix":"inner"}},"wdio_ui5_key":"etmportal.ui.manageyards.view.Newsap.m.Input{\"path\":\"\",\"propertyPath\":\"/CONTROLLING_AREA\",\"modelName\":\"NewYardModel\"}"}]}
RESULT: undefined
COMMAND: POST /session/76bbe7a963ba333ac6e3770165032c4a/execute/async - {"script":"<script> [776 bytes]","args":[{"enterText":"Z001","selector":{"controlType":"sap.m.Input","viewName":"etm.portal.ui.manageyards.view.New","viewId":"application-manageyards-display-component---NewYard","bindingPath":{"path":"","propertyPath":"/CONTROLLING_AREA","modelName":"NewYardModel"},"interaction":{"idSuffix":"inner"}},"clearTextFirst":true,"interactionType":"ENTER_TEXT"}]}
RESULT: {}
RESULT: {"script":"<script> [776 bytes]","args":[{"enterText":"Z001","selector":{"controlType":"sap.m.Input","viewName":"etm.portal.ui.manageyards.view.New","viewId":"application-manageyards-display-component---NewYard","bindingPath":{"path":"","propertyPath":"/CONTROLLING_AREA","modelName":"NewYardModel"},"interaction":{"idSuffix":"inner"}},"clearTextFirst":true,"interactionType":"ENTER_TEXT"}]}
COMMAND: POST /session/76bbe7a963ba333ac6e3770165032c4a/execute/async - {"script":"<script> [1562 bytes]","args":[{"selector":{"id":"application-manageyards-display-component---NewYard--companyCodeComboBox","interaction":{"idSuffix":"inner"}},"wdio_ui5_key":"applicationmanageyards-display-component---NewYard--companyCodeComboBox"}]}
RESULT: {"script":"<script> [1562 bytes]","args":[{"selector":{"id":"application-manageyards-display-component---NewYard--companyCodeComboBox","interaction":{"idSuffix":"inner"}},"wdio_ui5_key":"applicationmanageyards-display-component---NewYard--companyCodeComboBox"}]}
RESULT: undefined
COMMAND: POST /session/76bbe7a963ba333ac6e3770165032c4a/execute/async - {"script":"<script> [776 bytes]","args":[{"enterText":"1000","selector":{"id":"application-manageyards-display-component---NewYard--companyCodeComboBox","interaction":{"idSuffix":"inner"}},"clearTextFirst":true,"interactionType":"ENTER_TEXT"}]}
RESULT: {"script":"<script> [776 bytes]","args":[{"enterText":"1000","selector":{"id":"application-manageyards-display-component---NewYard--companyCodeComboBox","interaction":{"idSuffix":"inner"}},"clearTextFirst":true,"interactionType":"ENTER_TEXT"}]}
COMMAND: POST /session/76bbe7a963ba333ac6e3770165032c4a/execute/async - {"script":"<script> [1562 bytes]","args":[{"selector":{"controlType":"sap.m.Input","viewName":"etm.portal.ui.manageyards.view.New","viewId":"application-manageyards-display-component---NewYard","bindingPath":{"path":"","propertyPath":"/PLANT","modelName":"NewYardModel"},"interaction":{"idSuffix":"inner"}},"wdio_ui5_key":"etmportal.ui.manageyards.view.Newsap.m.Input{\"path\":\"\",\"propertyPath\":\"/PLANT\",\"modelName\":\"NewYardModel\"}"}]}
RESULT: {"script":"<script> [1562 bytes]","args":[{"selector":{"controlType":"sap.m.Input","viewName":"etm.portal.ui.manageyards.view.New","viewId":"application-manageyards-display-component---NewYard","bindingPath":{"path":"","propertyPath":"/PLANT","modelName":"NewYardModel"},"interaction":{"idSuffix":"inner"}},"wdio_ui5_key":"etmportal.ui.manageyards.view.Newsap.m.Input{\"path\":\"\",\"propertyPath\":\"/PLANT\",\"modelName\":\"NewYardModel\"}"}]}
RESULT: undefined
COMMAND: POST /session/76bbe7a963ba333ac6e3770165032c4a/execute/async - {"script":"<script> [776 bytes]","args":[{"enterText":"1001","selector":{"controlType":"sap.m.Input","viewName":"etm.portal.ui.manageyards.view.New","viewId":"application-manageyards-display-component---NewYard","bindingPath":{"path":"","propertyPath":"/PLANT","modelName":"NewYardModel"},"interaction":{"idSuffix":"inner"}},"clearTextFirst":true,"interactionType":"ENTER_TEXT"}]}
RESULT: {"script":"<script> [776 bytes]","args":[{"enterText":"1001","selector":{"controlType":"sap.m.Input","viewName":"etm.portal.ui.manageyards.view.New","viewId":"application-manageyards-display-component---NewYard","bindingPath":{"path":"","propertyPath":"/PLANT","modelName":"NewYardModel"},"interaction":{"idSuffix":"inner"}},"clearTextFirst":true,"interactionType":"ENTER_TEXT"}]}
COMMAND: POST /session/76bbe7a963ba333ac6e3770165032c4a/execute/async - {"script":"<script> [1562 bytes]","args":[{"selector":{"controlType":"sap.m.Input","viewName":"etm.portal.ui.manageyards.view.New","viewId":"application-manageyards-display-component---NewYard","bindingPath":{"path":"","propertyPath":"/SALES_AREA_VKORG","modelName":"NewYardModel"},"interaction":{"idSuffix":"inner"}},"wdio_ui5_key":"etmportal.ui.manageyards.view.Newsap.m.Input{\"path\":\"\",\"propertyPath\":\"/SALES_AREA_VKORG\",\"modelName\":\"NewYardModel\"}"}]}
RESULT: {"script":"<script> [1562 bytes]","args":[{"selector":{"controlType":"sap.m.Input","viewName":"etm.portal.ui.manageyards.view.New","viewId":"application-manageyards-display-component---NewYard","bindingPath":{"path":"","propertyPath":"/SALES_AREA_VKORG","modelName":"NewYardModel"},"interaction":{"idSuffix":"inner"}},"wdio_ui5_key":"etmportal.ui.manageyards.view.Newsap.m.Input{\"path\":\"\",\"propertyPath\":\"/SALES_AREA_VKORG\",\"modelName\":\"NewYardModel\"}"}]}
RESULT: undefined
COMMAND: POST /session/76bbe7a963ba333ac6e3770165032c4a/execute/async - {"script":"<script> [776 bytes]","args":[{"enterText":"C002","selector":{"controlType":"sap.m.Input","viewName":"etm.portal.ui.manageyards.view.New","viewId":"application-manageyards-display-component---NewYard","bindingPath":{"path":"","propertyPath":"/SALES_AREA_VKORG","modelName":"NewYardModel"},"interaction":{"idSuffix":"inner"}},"clearTextFirst":true,"interactionType":"ENTER_TEXT"}]}
RESULT: {"script":"<script> [776 bytes]","args":[{"enterText":"C002","selector":{"controlType":"sap.m.Input","viewName":"etm.portal.ui.manageyards.view.New","viewId":"application-manageyards-display-component---NewYard","bindingPath":{"path":"","propertyPath":"/SALES_AREA_VKORG","modelName":"NewYardModel"},"interaction":{"idSuffix":"inner"}},"clearTextFirst":true,"interactionType":"ENTER_TEXT"}]}
COMMAND: POST /session/76bbe7a963ba333ac6e3770165032c4a/execute/async - {"script":"<script> [1562 bytes]","args":[{"selector":{"controlType":"sap.m.Input","viewName":"etm.portal.ui.manageyards.view.New","viewId":"application-manageyards-display-component---NewYard","bindingPath":{"path":"","propertyPath":"/SALES_AREA_VTWEG","modelName":"NewYardModel"},"interaction":{"idSuffix":"inner"}},"wdio_ui5_key":"etmportal.ui.manageyards.view.Newsap.m.Input{\"path\":\"\",\"propertyPath\":\"/SALES_AREA_VTWEG\",\"modelName\":\"NewYardModel\"}"}]}
RESULT: {"script":"<script> [1562 bytes]","args":[{"selector":{"controlType":"sap.m.Input","viewName":"etm.portal.ui.manageyards.view.New","viewId":"application-manageyards-display-component---NewYard","bindingPath":{"path":"","propertyPath":"/SALES_AREA_VTWEG","modelName":"NewYardModel"},"interaction":{"idSuffix":"inner"}},"wdio_ui5_key":"etmportal.ui.manageyards.view.Newsap.m.Input{\"path\":\"\",\"propertyPath\":\"/SALES_AREA_VTWEG\",\"modelName\":\"NewYardModel\"}"}]}
RESULT: undefined
COMMAND: POST /session/76bbe7a963ba333ac6e3770165032c4a/execute/async - {"script":"<script> [776 bytes]","args":[{"enterText":"C2","selector":{"controlType":"sap.m.Input","viewName":"etm.portal.ui.manageyards.view.New","viewId":"application-manageyards-display-component---NewYard","bindingPath":{"path":"","propertyPath":"/SALES_AREA_VTWEG","modelName":"NewYardModel"},"interaction":{"idSuffix":"inner"}},"clearTextFirst":true,"interactionType":"ENTER_TEXT"}]}
RESULT: {"script":"<script> [776 bytes]","args":[{"enterText":"C2","selector":{"controlType":"sap.m.Input","viewName":"etm.portal.ui.manageyards.view.New","viewId":"application-manageyards-display-component---NewYard","bindingPath":{"path":"","propertyPath":"/SALES_AREA_VTWEG","modelName":"NewYardModel"},"interaction":{"idSuffix":"inner"}},"clearTextFirst":true,"interactionType":"ENTER_TEXT"}]}
COMMAND: POST /session/76bbe7a963ba333ac6e3770165032c4a/execute/async - {"script":"<script> [1562 bytes]","args":[{"selector":{"controlType":"sap.m.Input","viewName":"etm.portal.ui.manageyards.view.New","viewId":"application-manageyards-display-component---NewYard","bindingPath":{"path":"","propertyPath":"/SALES_AREA_SPART","modelName":"NewYardModel"},"interaction":{"idSuffix":"inner"}},"wdio_ui5_key":"etmportal.ui.manageyards.view.Newsap.m.Input{\"path\":\"\",\"propertyPath\":\"/SALES_AREA_SPART\",\"modelName\":\"NewYardModel\"}"}]}
RESULT: {"script":"<script> [1562 bytes]","args":[{"selector":{"controlType":"sap.m.Input","viewName":"etm.portal.ui.manageyards.view.New","viewId":"application-manageyards-display-component---NewYard","bindingPath":{"path":"","propertyPath":"/SALES_AREA_SPART","modelName":"NewYardModel"},"interaction":{"idSuffix":"inner"}},"wdio_ui5_key":"etmportal.ui.manageyards.view.Newsap.m.Input{\"path\":\"\",\"propertyPath\":\"/SALES_AREA_SPART\",\"modelName\":\"NewYardModel\"}"}]}
RESULT: undefined
COMMAND: POST /session/76bbe7a963ba333ac6e3770165032c4a/execute/async - {"script":"<script> [776 bytes]","args":[{"enterText":"C2","selector":{"controlType":"sap.m.Input","viewName":"etm.portal.ui.manageyards.view.New","viewId":"application-manageyards-display-component---NewYard","bindingPath":{"path":"","propertyPath":"/SALES_AREA_SPART","modelName":"NewYardModel"},"interaction":{"idSuffix":"inner"}},"clearTextFirst":true,"interactionType":"ENTER_TEXT"}]}
RESULT: {"script":"<script> [776 bytes]","args":[{"enterText":"C2","selector":{"controlType":"sap.m.Input","viewName":"etm.portal.ui.manageyards.view.New","viewId":"application-manageyards-display-component---NewYard","bindingPath":{"path":"","propertyPath":"/SALES_AREA_SPART","modelName":"NewYardModel"},"interaction":{"idSuffix":"inner"}},"clearTextFirst":true,"interactionType":"ENTER_TEXT"}]}
COMMAND: POST /session/76bbe7a963ba333ac6e3770165032c4a/execute/async - {"script":"<script> [1562 bytes]","args":[{"selector":{"controlType":"sap.m.Input","viewName":"etm.portal.ui.manageyards.view.New","viewId":"application-manageyards-display-component---NewYard","bindingPath":{"path":"","propertyPath":"/SHIP_POINT","modelName":"NewYardModel"},"interaction":{"idSuffix":"inner"}},"wdio_ui5_key":"etmportal.ui.manageyards.view.Newsap.m.Input{\"path\":\"\",\"propertyPath\":\"/SHIP_POINT\",\"modelName\":\"NewYardModel\"}"}]}
RESULT: {"script":"<script> [1562 bytes]","args":[{"selector":{"controlType":"sap.m.Input","viewName":"etm.portal.ui.manageyards.view.New","viewId":"application-manageyards-display-component---NewYard","bindingPath":{"path":"","propertyPath":"/SHIP_POINT","modelName":"NewYardModel"},"interaction":{"idSuffix":"inner"}},"wdio_ui5_key":"etmportal.ui.manageyards.view.Newsap.m.Input{\"path\":\"\",\"propertyPath\":\"/SHIP_POINT\",\"modelName\":\"NewYardModel\"}"}]}
RESULT: undefined
COMMAND: POST /session/76bbe7a963ba333ac6e3770165032c4a/execute/async - {"script":"<script> [776 bytes]","args":[{"enterText":"1710","selector":{"controlType":"sap.m.Input","viewName":"etm.portal.ui.manageyards.view.New","viewId":"application-manageyards-display-component---NewYard","bindingPath":{"path":"","propertyPath":"/SHIP_POINT","modelName":"NewYardModel"},"interaction":{"idSuffix":"inner"}},"clearTextFirst":true,"interactionType":"ENTER_TEXT"}]}
RESULT: {"script":"<script> [776 bytes]","args":[{"enterText":"1710","selector":{"controlType":"sap.m.Input","viewName":"etm.portal.ui.manageyards.view.New","viewId":"application-manageyards-display-component---NewYard","bindingPath":{"path":"","propertyPath":"/SHIP_POINT","modelName":"NewYardModel"},"interaction":{"idSuffix":"inner"}},"clearTextFirst":true,"interactionType":"ENTER_TEXT"}]}
COMMAND: POST /session/76bbe7a963ba333ac6e3770165032c4a/execute/async - {"script":"<script> [1562 bytes]","args":[{"selector":{"controlType":"sap.m.Input","viewName":"etm.portal.ui.manageyards.view.New","viewId":"application-manageyards-display-component---NewYard","bindingPath":{"path":"","propertyPath":"/DELIVERY_TYPE","modelName":"NewYardModel"},"interaction":{"idSuffix":"inner"}},"wdio_ui5_key":"etmportal.ui.manageyards.view.Newsap.m.Input{\"path\":\"\",\"propertyPath\":\"/DELIVERY_TYPE\",\"modelName\":\"NewYardModel\"}"}]}
RESULT: {"script":"<script> [1562 bytes]","args":[{"selector":{"controlType":"sap.m.Input","viewName":"etm.portal.ui.manageyards.view.New","viewId":"application-manageyards-display-component---NewYard","bindingPath":{"path":"","propertyPath":"/DELIVERY_TYPE","modelName":"NewYardModel"},"interaction":{"idSuffix":"inner"}},"wdio_ui5_key":"etmportal.ui.manageyards.view.Newsap.m.Input{\"path\":\"\",\"propertyPath\":\"/DELIVERY_TYPE\",\"modelName\":\"NewYardModel\"}"}]}
RESULT: undefined
COMMAND: POST /session/76bbe7a963ba333ac6e3770165032c4a/execute/async - {"script":"<script> [776 bytes]","args":[{"enterText":"ZL01","selector":{"controlType":"sap.m.Input","viewName":"etm.portal.ui.manageyards.view.New","viewId":"application-manageyards-display-component---NewYard","bindingPath":{"path":"","propertyPath":"/DELIVERY_TYPE","modelName":"NewYardModel"},"interaction":{"idSuffix":"inner"}},"clearTextFirst":true,"interactionType":"ENTER_TEXT"}]}
RESULT: {"script":"<script> [776 bytes]","args":[{"enterText":"ZL01","selector":{"controlType":"sap.m.Input","viewName":"etm.portal.ui.manageyards.view.New","viewId":"application-manageyards-display-component---NewYard","bindingPath":{"path":"","propertyPath":"/DELIVERY_TYPE","modelName":"NewYardModel"},"interaction":{"idSuffix":"inner"}},"clearTextFirst":true,"interactionType":"ENTER_TEXT"}]}
COMMAND: POST /session/76bbe7a963ba333ac6e3770165032c4a/execute/async - {"script":"<script> [1562 bytes]","args":[{"selector":{"controlType":"sap.m.Input","viewName":"etm.portal.ui.manageyards.view.New","viewId":"application-manageyards-display-component---NewYard","bindingPath":{"path":"","propertyPath":"/AUART","modelName":"NewYardModel"},"interaction":{"idSuffix":"inner"}},"wdio_ui5_key":"etmportal.ui.manageyards.view.Newsap.m.Input{\"path\":\"\",\"propertyPath\":\"/AUART\",\"modelName\":\"NewYardModel\"}"}]}
RESULT: {"script":"<script> [1562 bytes]","args":[{"selector":{"controlType":"sap.m.Input","viewName":"etm.portal.ui.manageyards.view.New","viewId":"application-manageyards-display-component---NewYard","bindingPath":{"path":"","propertyPath":"/AUART","modelName":"NewYardModel"},"interaction":{"idSuffix":"inner"}},"wdio_ui5_key":"etmportal.ui.manageyards.view.Newsap.m.Input{\"path\":\"\",\"propertyPath\":\"/AUART\",\"modelName\":\"NewYardModel\"}"}]}
RESULT: undefined
COMMAND: POST /session/76bbe7a963ba333ac6e3770165032c4a/execute/async - {"script":"<script> [776 bytes]","args":[{"enterText":"TA","selector":{"controlType":"sap.m.Input","viewName":"etm.portal.ui.manageyards.view.New","viewId":"application-manageyards-display-component---NewYard","bindingPath":{"path":"","propertyPath":"/AUART","modelName":"NewYardModel"},"interaction":{"idSuffix":"inner"}},"clearTextFirst":true,"interactionType":"ENTER_TEXT"}]}
RESULT: {"script":"<script> [776 bytes]","args":[{"enterText":"TA","selector":{"controlType":"sap.m.Input","viewName":"etm.portal.ui.manageyards.view.New","viewId":"application-manageyards-display-component---NewYard","bindingPath":{"path":"","propertyPath":"/AUART","modelName":"NewYardModel"},"interaction":{"idSuffix":"inner"}},"clearTextFirst":true,"interactionType":"ENTER_TEXT"}]}
COMMAND: POST /session/76bbe7a963ba333ac6e3770165032c4a/element - {"using":"xpath","value":"//button[@data-kt=\"newYardSaveButton\"]"}
RESULT: {"using":"xpath","value":"//button[@data-kt=\"newYardSaveButton\"]"}
COMMAND: POST /session/76bbe7a963ba333ac6e3770165032c4a/element/f.37B6A3D8B8D5C040CDE4E4CEB4627624.d.DDD2139C3256B74854320C93BE1EB4C2.e.11773/click - {}
RESULT: {}
COMMAND: GET /session/76bbe7a963ba333ac6e3770165032c4a/screenshot - {}
RESULT: {}
COMMAND: POST /session/76bbe7a963ba333ac6e3770165032c4a/element - {"using":"xpath","value":"//header[contains(@id, 'ObjectPageLayout-headerTitle')]/div[1]/div[2]/div[1]/span[1]"}
RESULT: {"using":"xpath","value":"//header[contains(@id, 'ObjectPageLayout-headerTitle')]/div[1]/div[2]/div[1]/span[1]"}
COMMAND: POST /session/76bbe7a963ba333ac6e3770165032c4a/elements - {"using":"xpath","value":"//header[contains(@id, 'ObjectPageLayout-headerTitle')]/div[1]/div[2]/div[1]/span[1]"}
RESULT: {"using":"xpath","value":"//header[contains(@id, 'ObjectPageLayout-headerTitle')]/div[1]/div[2]/div[1]/span[1]"}
COMMAND: POST /session/76bbe7a963ba333ac6e3770165032c4a/execute/sync - {"script":"<script> [56 bytes]","args":[{"element-6066-11e4-a52e-4f735466cecf":"f.37B6A3D8B8D5C040CDE4E4CEB4627624.d.DDD2139C3256B74854320C93BE1EB4C2.e.12103","ELEMENT":"f.37B6A3D8B8D5C040CDE4E4CEB4627624.d.DDD2139C3256B74854320C93BE1EB4C2.e.12103"}]}
RESULT: {"script":"<script> [56 bytes]","args":[{"element-6066-11e4-a52e-4f735466cecf":"f.37B6A3D8B8D5C040CDE4E4CEB4627624.d.DDD2139C3256B74854320C93BE1EB4C2.e.12103","ELEMENT":"f.37B6A3D8B8D5C040CDE4E4CEB4627624.d.DDD2139C3256B74854320C93BE1EB4C2.e.12103"}]}
COMMAND: GET /session/76bbe7a963ba333ac6e3770165032c4a/screenshot - {}
RESULT: {}
COMMAND: POST /session/76bbe7a963ba333ac6e3770165032c4a/element - {"using":"css selector","value":"#shell-header-logo"}
RESULT: {"using":"css selector","value":"#shell-header-logo"}
COMMAND: POST /session/76bbe7a963ba333ac6e3770165032c4a/element/f.37B6A3D8B8D5C040CDE4E4CEB4627624.d.DDD2139C3256B74854320C93BE1EB4C2.e.11230/click - {}
RESULT: {}
COMMAND: GET /session/76bbe7a963ba333ac6e3770165032c4a/screenshot - {}
RESULT: {}
COMMAND: POST /session/76bbe7a963ba333ac6e3770165032c4a/execute/sync - {"script":"<script> [299 bytes]","args":[["getModel","getResource"]]}
RESULT: {"script":"<script> [299 bytes]","args":[["getModel","getResource"]]}
]]></system-out>
    </testcase>
    <testcase classname="chrome.136_0_7103_93.windows.Provide_to_Site_w/o_warehouse_management_w/_clarification_US116605" name="Should create a new external partner" time="88.554">
      <system-out><![CDATA[
COMMAND: POST /session/76bbe7a963ba333ac6e3770165032c4a/window/fullscreen - {}
COMMAND: GET /session/76bbe7a963ba333ac6e3770165032c4a/screenshot - {}
RESULT: {}
COMMAND: POST /session/76bbe7a963ba333ac6e3770165032c4a/execute/async - {"script":"<script> [1562 bytes]","args":[{"selector":{"controlType":"sap.m.GenericTile","properties":{"header":"Manage Partners"}},"wdio_ui5_key":"sapm.GenericTile{\"header\":\"Manage Partners\"}"}]}
RESULT: {}
RESULT: {"script":"<script> [1562 bytes]","args":[{"selector":{"controlType":"sap.m.GenericTile","properties":{"header":"Manage Partners"}},"wdio_ui5_key":"sapm.GenericTile{\"header\":\"Manage Partners\"}"}]}
RESULT: undefined
COMMAND: POST /session/76bbe7a963ba333ac6e3770165032c4a/element - {"using":"xpath","value":"//*[@id=\"__tile30\"]"}
RESULT: {"using":"xpath","value":"//*[@id=\"__tile30\"]"}
COMMAND: POST /session/76bbe7a963ba333ac6e3770165032c4a/element/f.37B6A3D8B8D5C040CDE4E4CEB4627624.d.DDD2139C3256B74854320C93BE1EB4C2.e.11245/click - {}
RESULT: {}
COMMAND: GET /session/76bbe7a963ba333ac6e3770165032c4a/screenshot - {}
RESULT: {}
COMMAND: POST /session/76bbe7a963ba333ac6e3770165032c4a/elements - {"using":"xpath","value":"//span[text()='Error']"}
RESULT: {"using":"xpath","value":"//span[text()='Error']"}
COMMAND: POST /session/76bbe7a963ba333ac6e3770165032c4a/element - {"using":"xpath","value":"//button[@data-kt=\"addButton\"]"}
RESULT: {"using":"xpath","value":"//button[@data-kt=\"addButton\"]"}
COMMAND: POST /session/76bbe7a963ba333ac6e3770165032c4a/elements - {"using":"xpath","value":"//button[@data-kt=\"addButton\"]"}
RESULT: {"using":"xpath","value":"//button[@data-kt=\"addButton\"]"}
COMMAND: POST /session/76bbe7a963ba333ac6e3770165032c4a/execute/sync - {"script":"<script> [8489 bytes]","args":[{"element-6066-11e4-a52e-4f735466cecf":"f.37B6A3D8B8D5C040CDE4E4CEB4627624.d.DDD2139C3256B74854320C93BE1EB4C2.e.12154","ELEMENT":"f.37B6A3D8B8D5C040CDE4E4CEB4627624.d.DDD2139C3256B74854320C93BE1EB4C2.e.12154"}]}
RESULT: {"script":"<script> [8489 bytes]","args":[{"element-6066-11e4-a52e-4f735466cecf":"f.37B6A3D8B8D5C040CDE4E4CEB4627624.d.DDD2139C3256B74854320C93BE1EB4C2.e.12154","ELEMENT":"f.37B6A3D8B8D5C040CDE4E4CEB4627624.d.DDD2139C3256B74854320C93BE1EB4C2.e.12154"}]}
COMMAND: GET /session/76bbe7a963ba333ac6e3770165032c4a/element/f.37B6A3D8B8D5C040CDE4E4CEB4627624.d.DDD2139C3256B74854320C93BE1EB4C2.e.12154/enabled - {}
COMMAND: GET /session/76bbe7a963ba333ac6e3770165032c4a/screenshot - {}
RESULT: {}
COMMAND: POST /session/76bbe7a963ba333ac6e3770165032c4a/execute/sync - {"script":"<script> [8489 bytes]","args":[{"element-6066-11e4-a52e-4f735466cecf":"f.37B6A3D8B8D5C040CDE4E4CEB4627624.d.DDD2139C3256B74854320C93BE1EB4C2.e.12154","ELEMENT":"f.37B6A3D8B8D5C040CDE4E4CEB4627624.d.DDD2139C3256B74854320C93BE1EB4C2.e.12154"}]}
COMMAND: GET /session/76bbe7a963ba333ac6e3770165032c4a/screenshot - {}
RESULT: {}
RESULT: {"script":"<script> [8489 bytes]","args":[{"element-6066-11e4-a52e-4f735466cecf":"f.37B6A3D8B8D5C040CDE4E4CEB4627624.d.DDD2139C3256B74854320C93BE1EB4C2.e.12154","ELEMENT":"f.37B6A3D8B8D5C040CDE4E4CEB4627624.d.DDD2139C3256B74854320C93BE1EB4C2.e.12154"}]}
COMMAND: POST /session/76bbe7a963ba333ac6e3770165032c4a/execute/sync - {"script":"<script> [5351 bytes]","args":[{"element-6066-11e4-a52e-4f735466cecf":"f.37B6A3D8B8D5C040CDE4E4CEB4627624.d.DDD2139C3256B74854320C93BE1EB4C2.e.12154","ELEMENT":"f.37B6A3D8B8D5C040CDE4E4CEB4627624.d.DDD2139C3256B74854320C93BE1EB4C2.e.12154"}]}
COMMAND: GET /session/76bbe7a963ba333ac6e3770165032c4a/screenshot - {}
RESULT: {}
RESULT: {"script":"<script> [5351 bytes]","args":[{"element-6066-11e4-a52e-4f735466cecf":"f.37B6A3D8B8D5C040CDE4E4CEB4627624.d.DDD2139C3256B74854320C93BE1EB4C2.e.12154","ELEMENT":"f.37B6A3D8B8D5C040CDE4E4CEB4627624.d.DDD2139C3256B74854320C93BE1EB4C2.e.12154"}]}
COMMAND: POST /session/76bbe7a963ba333ac6e3770165032c4a/element/f.37B6A3D8B8D5C040CDE4E4CEB4627624.d.DDD2139C3256B74854320C93BE1EB4C2.e.12154/click - {}
COMMAND: GET /session/76bbe7a963ba333ac6e3770165032c4a/screenshot - {}
RESULT: {}
RESULT: {}
COMMAND: GET /session/76bbe7a963ba333ac6e3770165032c4a/screenshot - {}
COMMAND: POST /session/76bbe7a963ba333ac6e3770165032c4a/execute/async - {"script":"<script> [1562 bytes]","args":[{"selector":{"id":"application-managepartners-display-component---NewPartner--addressDetailDetailsName1","interaction":{"idSuffix":"inner"}},"wdio_ui5_key":"applicationmanagepartners-display-component---NewPartner--addressDetailDetailsName1"}]}
RESULT: {}
RESULT: {}
RESULT: {"script":"<script> [1562 bytes]","args":[{"selector":{"id":"application-managepartners-display-component---NewPartner--addressDetailDetailsName1","interaction":{"idSuffix":"inner"}},"wdio_ui5_key":"applicationmanagepartners-display-component---NewPartner--addressDetailDetailsName1"}]}
RESULT: undefined
COMMAND: POST /session/76bbe7a963ba333ac6e3770165032c4a/execute/async - {"script":"<script> [776 bytes]","args":[{"enterText":"External Partner WDIO","selector":{"id":"application-managepartners-display-component---NewPartner--addressDetailDetailsName1","interaction":{"idSuffix":"inner"}},"clearTextFirst":true,"interactionType":"ENTER_TEXT"}]}
RESULT: {"script":"<script> [776 bytes]","args":[{"enterText":"External Partner WDIO","selector":{"id":"application-managepartners-display-component---NewPartner--addressDetailDetailsName1","interaction":{"idSuffix":"inner"}},"clearTextFirst":true,"interactionType":"ENTER_TEXT"}]}
COMMAND: POST /session/76bbe7a963ba333ac6e3770165032c4a/execute/async - {"script":"<script> [1562 bytes]","args":[{"selector":{"id":"application-managepartners-display-component---NewPartner--addressDetailDetailsLanguage-arrow"},"wdio_ui5_key":"applicationmanagepartners-display-component---NewPartner--addressDetailDetailsLanguage-arrow"}]}
RESULT: {"script":"<script> [1562 bytes]","args":[{"selector":{"id":"application-managepartners-display-component---NewPartner--addressDetailDetailsLanguage-arrow"},"wdio_ui5_key":"applicationmanagepartners-display-component---NewPartner--addressDetailDetailsLanguage-arrow"}]}
RESULT: undefined
COMMAND: POST /session/76bbe7a963ba333ac6e3770165032c4a/element - {"using":"xpath","value":"//*[@id=\"application-managepartners-display-component---NewPartner--addressDetailDetailsLanguage-arrow\"]"}
RESULT: {"using":"xpath","value":"//*[@id=\"application-managepartners-display-component---NewPartner--addressDetailDetailsLanguage-arrow\"]"}
COMMAND: POST /session/76bbe7a963ba333ac6e3770165032c4a/element/f.37B6A3D8B8D5C040CDE4E4CEB4627624.d.DDD2139C3256B74854320C93BE1EB4C2.e.12596/click - {}
RESULT: {}
COMMAND: POST /session/76bbe7a963ba333ac6e3770165032c4a/element - {"using":"xpath","value":"//span[contains(text(), \"English\")]"}
COMMAND: GET /session/76bbe7a963ba333ac6e3770165032c4a/screenshot - {}
RESULT: {"using":"xpath","value":"//span[contains(text(), \"English\")]"}
COMMAND: POST /session/76bbe7a963ba333ac6e3770165032c4a/element/f.37B6A3D8B8D5C040CDE4E4CEB4627624.d.DDD2139C3256B74854320C93BE1EB4C2.e.12597/click - {}
RESULT: {}
RESULT: {}
COMMAND: GET /session/76bbe7a963ba333ac6e3770165032c4a/screenshot - {}
RESULT: {}
COMMAND: POST /session/76bbe7a963ba333ac6e3770165032c4a/execute/async - {"script":"<script> [1562 bytes]","args":[{"selector":{"id":"application-managepartners-display-component---NewPartner--addressDetailDetailsCity1","interaction":{"idSuffix":"inner"}},"wdio_ui5_key":"applicationmanagepartners-display-component---NewPartner--addressDetailDetailsCity1"}]}
RESULT: {"script":"<script> [1562 bytes]","args":[{"selector":{"id":"application-managepartners-display-component---NewPartner--addressDetailDetailsCity1","interaction":{"idSuffix":"inner"}},"wdio_ui5_key":"applicationmanagepartners-display-component---NewPartner--addressDetailDetailsCity1"}]}
RESULT: undefined
COMMAND: POST /session/76bbe7a963ba333ac6e3770165032c4a/execute/async - {"script":"<script> [776 bytes]","args":[{"enterText":"Rosario","selector":{"id":"application-managepartners-display-component---NewPartner--addressDetailDetailsCity1","interaction":{"idSuffix":"inner"}},"clearTextFirst":true,"interactionType":"ENTER_TEXT"}]}
RESULT: {"script":"<script> [776 bytes]","args":[{"enterText":"Rosario","selector":{"id":"application-managepartners-display-component---NewPartner--addressDetailDetailsCity1","interaction":{"idSuffix":"inner"}},"clearTextFirst":true,"interactionType":"ENTER_TEXT"}]}
COMMAND: POST /session/76bbe7a963ba333ac6e3770165032c4a/execute/async - {"script":"<script> [1562 bytes]","args":[{"selector":{"id":"application-managepartners-display-component---NewPartner--addressDetailDetailsCountry-arrow"},"wdio_ui5_key":"applicationmanagepartners-display-component---NewPartner--addressDetailDetailsCountry-arrow"}]}
RESULT: {"script":"<script> [1562 bytes]","args":[{"selector":{"id":"application-managepartners-display-component---NewPartner--addressDetailDetailsCountry-arrow"},"wdio_ui5_key":"applicationmanagepartners-display-component---NewPartner--addressDetailDetailsCountry-arrow"}]}
RESULT: undefined
COMMAND: POST /session/76bbe7a963ba333ac6e3770165032c4a/element - {"using":"xpath","value":"//*[@id=\"application-managepartners-display-component---NewPartner--addressDetailDetailsCountry-arrow\"]"}
RESULT: {"using":"xpath","value":"//*[@id=\"application-managepartners-display-component---NewPartner--addressDetailDetailsCountry-arrow\"]"}
COMMAND: POST /session/76bbe7a963ba333ac6e3770165032c4a/element/f.37B6A3D8B8D5C040CDE4E4CEB4627624.d.DDD2139C3256B74854320C93BE1EB4C2.e.12583/click - {}
RESULT: {}
COMMAND: POST /session/76bbe7a963ba333ac6e3770165032c4a/element - {"using":"xpath","value":"//span[contains(text(), \"Argentina\")]"}
COMMAND: GET /session/76bbe7a963ba333ac6e3770165032c4a/screenshot - {}
RESULT: {"using":"xpath","value":"//span[contains(text(), \"Argentina\")]"}
COMMAND: POST /session/76bbe7a963ba333ac6e3770165032c4a/element/f.37B6A3D8B8D5C040CDE4E4CEB4627624.d.DDD2139C3256B74854320C93BE1EB4C2.e.12599/click - {}
RESULT: {}
RESULT: {}
COMMAND: GET /session/76bbe7a963ba333ac6e3770165032c4a/screenshot - {}
RESULT: {}
COMMAND: POST /session/76bbe7a963ba333ac6e3770165032c4a/element - {"using":"xpath","value":"//bdi[contains(text(), \"Commercial\")]"}
RESULT: {"using":"xpath","value":"//bdi[contains(text(), \"Commercial\")]"}
COMMAND: POST /session/76bbe7a963ba333ac6e3770165032c4a/element/f.37B6A3D8B8D5C040CDE4E4CEB4627624.d.DDD2139C3256B74854320C93BE1EB4C2.e.12600/click - {}
RESULT: {}
COMMAND: GET /session/76bbe7a963ba333ac6e3770165032c4a/screenshot - {}
RESULT: {}
COMMAND: POST /session/76bbe7a963ba333ac6e3770165032c4a/execute/async - {"script":"<script> [1562 bytes]","args":[{"selector":{"id":"application-managepartners-display-component---NewPartner--partnerDetailInternal-arrow"},"wdio_ui5_key":"applicationmanagepartners-display-component---NewPartner--partnerDetailInternal-arrow"}]}
RESULT: {"script":"<script> [1562 bytes]","args":[{"selector":{"id":"application-managepartners-display-component---NewPartner--partnerDetailInternal-arrow"},"wdio_ui5_key":"applicationmanagepartners-display-component---NewPartner--partnerDetailInternal-arrow"}]}
RESULT: undefined
COMMAND: POST /session/76bbe7a963ba333ac6e3770165032c4a/element - {"using":"xpath","value":"//*[@id=\"application-managepartners-display-component---NewPartner--partnerDetailInternal-arrow\"]"}
RESULT: {"using":"xpath","value":"//*[@id=\"application-managepartners-display-component---NewPartner--partnerDetailInternal-arrow\"]"}
COMMAND: POST /session/76bbe7a963ba333ac6e3770165032c4a/element/f.37B6A3D8B8D5C040CDE4E4CEB4627624.d.DDD2139C3256B74854320C93BE1EB4C2.e.12606/click - {}
RESULT: {}
COMMAND: POST /session/76bbe7a963ba333ac6e3770165032c4a/element - {"using":"xpath","value":"//span[contains(text(), \"External partner\")]"}
COMMAND: GET /session/76bbe7a963ba333ac6e3770165032c4a/screenshot - {}
RESULT: {"using":"xpath","value":"//span[contains(text(), \"External partner\")]"}
COMMAND: POST /session/76bbe7a963ba333ac6e3770165032c4a/element/f.37B6A3D8B8D5C040CDE4E4CEB4627624.d.DDD2139C3256B74854320C93BE1EB4C2.e.12607/click - {}
RESULT: {}
RESULT: {}
COMMAND: POST /session/76bbe7a963ba333ac6e3770165032c4a/execute/async - {"script":"<script> [1562 bytes]","args":[{"selector":{"id":"application-managepartners-display-component---NewPartner--partnerDetailsCurrency-arrow"},"wdio_ui5_key":"applicationmanagepartners-display-component---NewPartner--partnerDetailsCurrency-arrow"}]}
COMMAND: GET /session/76bbe7a963ba333ac6e3770165032c4a/screenshot - {}
RESULT: {"script":"<script> [1562 bytes]","args":[{"selector":{"id":"application-managepartners-display-component---NewPartner--partnerDetailsCurrency-arrow"},"wdio_ui5_key":"applicationmanagepartners-display-component---NewPartner--partnerDetailsCurrency-arrow"}]}
RESULT: undefined
COMMAND: POST /session/76bbe7a963ba333ac6e3770165032c4a/element - {"using":"xpath","value":"//*[@id=\"application-managepartners-display-component---NewPartner--partnerDetailsCurrency-arrow\"]"}
RESULT: {}
RESULT: {"using":"xpath","value":"//*[@id=\"application-managepartners-display-component---NewPartner--partnerDetailsCurrency-arrow\"]"}
COMMAND: POST /session/76bbe7a963ba333ac6e3770165032c4a/element/f.37B6A3D8B8D5C040CDE4E4CEB4627624.d.DDD2139C3256B74854320C93BE1EB4C2.e.12612/click - {}
RESULT: {}
COMMAND: POST /session/76bbe7a963ba333ac6e3770165032c4a/element - {"using":"xpath","value":"//span[contains(text(), \"US Dollar\")]"}
COMMAND: GET /session/76bbe7a963ba333ac6e3770165032c4a/screenshot - {}
RESULT: {"using":"xpath","value":"//span[contains(text(), \"US Dollar\")]"}
COMMAND: POST /session/76bbe7a963ba333ac6e3770165032c4a/element/f.37B6A3D8B8D5C040CDE4E4CEB4627624.d.DDD2139C3256B74854320C93BE1EB4C2.e.12613/click - {}
RESULT: {}
RESULT: {}
COMMAND: GET /session/76bbe7a963ba333ac6e3770165032c4a/screenshot - {}
RESULT: {}
COMMAND: POST /session/76bbe7a963ba333ac6e3770165032c4a/element - {"using":"xpath","value":"//input[@id=\"application-managepartners-display-component---NewPartner--companyCodeComboBox-inner\"]"}
RESULT: {"using":"xpath","value":"//input[@id=\"application-managepartners-display-component---NewPartner--companyCodeComboBox-inner\"]"}
COMMAND: POST /session/76bbe7a963ba333ac6e3770165032c4a/element/f.37B6A3D8B8D5C040CDE4E4CEB4627624.d.DDD2139C3256B74854320C93BE1EB4C2.e.12415/clear - {}
RESULT: {}
COMMAND: POST /session/76bbe7a963ba333ac6e3770165032c4a/element/f.37B6A3D8B8D5C040CDE4E4CEB4627624.d.DDD2139C3256B74854320C93BE1EB4C2.e.12415/value - {"text":"C002"}
COMMAND: GET /session/76bbe7a963ba333ac6e3770165032c4a/screenshot - {}
RESULT: {"text":"C002"}
COMMAND: GET /session/76bbe7a963ba333ac6e3770165032c4a/screenshot - {}
RESULT: {}
RESULT: {}
COMMAND: POST /session/76bbe7a963ba333ac6e3770165032c4a/element - {"using":"xpath","value":"//li[.//span[text()= \"C002\"]]"}
RESULT: {"using":"xpath","value":"//li[.//span[text()= \"C002\"]]"}
COMMAND: POST /session/76bbe7a963ba333ac6e3770165032c4a/element/f.37B6A3D8B8D5C040CDE4E4CEB4627624.d.DDD2139C3256B74854320C93BE1EB4C2.e.12617/click - {}
RESULT: {}
COMMAND: GET /session/76bbe7a963ba333ac6e3770165032c4a/screenshot - {}
RESULT: {}
COMMAND: POST /session/76bbe7a963ba333ac6e3770165032c4a/execute/async - {"script":"<script> [1562 bytes]","args":[{"selector":{"id":"application-managepartners-display-component---NewPartner--btnAddTableRow-img"},"wdio_ui5_key":"applicationmanagepartners-display-component---NewPartner--btnAddTableRow-img"}]}
RESULT: {"script":"<script> [1562 bytes]","args":[{"selector":{"id":"application-managepartners-display-component---NewPartner--btnAddTableRow-img"},"wdio_ui5_key":"applicationmanagepartners-display-component---NewPartner--btnAddTableRow-img"}]}
RESULT: undefined
COMMAND: POST /session/76bbe7a963ba333ac6e3770165032c4a/element - {"using":"xpath","value":"//*[@id=\"application-managepartners-display-component---NewPartner--btnAddTableRow-img\"]"}
RESULT: {"using":"xpath","value":"//*[@id=\"application-managepartners-display-component---NewPartner--btnAddTableRow-img\"]"}
COMMAND: POST /session/76bbe7a963ba333ac6e3770165032c4a/element/f.37B6A3D8B8D5C040CDE4E4CEB4627624.d.DDD2139C3256B74854320C93BE1EB4C2.e.12618/click - {}
RESULT: {}
COMMAND: GET /session/76bbe7a963ba333ac6e3770165032c4a/screenshot - {}
RESULT: {}
COMMAND: POST /session/76bbe7a963ba333ac6e3770165032c4a/element - {"using":"xpath","value":"//input[@id=\"application-managepartners-display-component---NewPartner--assignmentYard-application-managepartners-display-component---NewPartner--assignmentsTable-0-inner\"]"}
RESULT: {"using":"xpath","value":"//input[@id=\"application-managepartners-display-component---NewPartner--assignmentYard-application-managepartners-display-component---NewPartner--assignmentsTable-0-inner\"]"}
COMMAND: POST /session/76bbe7a963ba333ac6e3770165032c4a/element/f.37B6A3D8B8D5C040CDE4E4CEB4627624.d.DDD2139C3256B74854320C93BE1EB4C2.e.12621/clear - {}
RESULT: {}
COMMAND: POST /session/76bbe7a963ba333ac6e3770165032c4a/element/f.37B6A3D8B8D5C040CDE4E4CEB4627624.d.DDD2139C3256B74854320C93BE1EB4C2.e.12621/value - {"text":"577"}
COMMAND: GET /session/76bbe7a963ba333ac6e3770165032c4a/screenshot - {}
RESULT: {"text":"577"}
COMMAND: GET /session/76bbe7a963ba333ac6e3770165032c4a/screenshot - {}
RESULT: {}
RESULT: {}
COMMAND: POST /session/76bbe7a963ba333ac6e3770165032c4a/element - {"using":"xpath","value":"//li[.//span[text()='577']]"}
RESULT: {"using":"xpath","value":"//li[.//span[text()='577']]"}
COMMAND: POST /session/76bbe7a963ba333ac6e3770165032c4a/element/f.37B6A3D8B8D5C040CDE4E4CEB4627624.d.DDD2139C3256B74854320C93BE1EB4C2.e.12628/click - {}
RESULT: {}
COMMAND: GET /session/76bbe7a963ba333ac6e3770165032c4a/screenshot - {}
RESULT: {}
COMMAND: POST /session/76bbe7a963ba333ac6e3770165032c4a/actions - {"actions":[{"id":"action42","type":"key","parameters":{},"actions":[{"type":"keyDown","value":"î€‡"},{"type":"pause","duration":10},{"type":"keyUp","value":"î€‡"}]}]}
RESULT: {"actions":[{"id":"action42","type":"key","parameters":{},"actions":[{"type":"keyDown","value":"î€‡"},{"type":"pause","duration":10},{"type":"keyUp","value":"î€‡"}]}]}
COMMAND: POST /session/76bbe7a963ba333ac6e3770165032c4a/element - {"using":"xpath","value":"//td[contains(@id, \"assignmentsTable-0-cell2\")]/div/div"}
COMMAND: GET /session/76bbe7a963ba333ac6e3770165032c4a/screenshot - {}
RESULT: {"using":"xpath","value":"//td[contains(@id, \"assignmentsTable-0-cell2\")]/div/div"}
COMMAND: POST /session/76bbe7a963ba333ac6e3770165032c4a/element/f.37B6A3D8B8D5C040CDE4E4CEB4627624.d.DDD2139C3256B74854320C93BE1EB4C2.e.12631/click - {}
RESULT: {}
RESULT: {}
COMMAND: GET /session/76bbe7a963ba333ac6e3770165032c4a/screenshot - {}
RESULT: {}
COMMAND: POST /session/76bbe7a963ba333ac6e3770165032c4a/element - {"using":"xpath","value":"//button[@data-kt=\"saveButton\"]"}
RESULT: {"using":"xpath","value":"//button[@data-kt=\"saveButton\"]"}
COMMAND: POST /session/76bbe7a963ba333ac6e3770165032c4a/element/f.37B6A3D8B8D5C040CDE4E4CEB4627624.d.DDD2139C3256B74854320C93BE1EB4C2.e.12532/click - {}
RESULT: {}
COMMAND: GET /session/76bbe7a963ba333ac6e3770165032c4a/screenshot - {}
RESULT: {}
COMMAND: POST /session/76bbe7a963ba333ac6e3770165032c4a/element - {"using":"xpath","value":"//header[contains(@id, 'ObjectPageLayout-headerTitle')]/div[1]/div[2]/div[2]/span[1]"}
RESULT: {"using":"xpath","value":"//header[contains(@id, 'ObjectPageLayout-headerTitle')]/div[1]/div[2]/div[2]/span[1]"}
COMMAND: POST /session/76bbe7a963ba333ac6e3770165032c4a/elements - {"using":"xpath","value":"//header[contains(@id, 'ObjectPageLayout-headerTitle')]/div[1]/div[2]/div[2]/span[1]"}
RESULT: {"using":"xpath","value":"//header[contains(@id, 'ObjectPageLayout-headerTitle')]/div[1]/div[2]/div[2]/span[1]"}
COMMAND: POST /session/76bbe7a963ba333ac6e3770165032c4a/execute/sync - {"script":"<script> [56 bytes]","args":[{"element-6066-11e4-a52e-4f735466cecf":"f.37B6A3D8B8D5C040CDE4E4CEB4627624.d.DDD2139C3256B74854320C93BE1EB4C2.e.12793","ELEMENT":"f.37B6A3D8B8D5C040CDE4E4CEB4627624.d.DDD2139C3256B74854320C93BE1EB4C2.e.12793"}]}
RESULT: {"script":"<script> [56 bytes]","args":[{"element-6066-11e4-a52e-4f735466cecf":"f.37B6A3D8B8D5C040CDE4E4CEB4627624.d.DDD2139C3256B74854320C93BE1EB4C2.e.12793","ELEMENT":"f.37B6A3D8B8D5C040CDE4E4CEB4627624.d.DDD2139C3256B74854320C93BE1EB4C2.e.12793"}]}
COMMAND: POST /session/76bbe7a963ba333ac6e3770165032c4a/element - {"using":"css selector","value":"#shell-header-logo"}
COMMAND: GET /session/76bbe7a963ba333ac6e3770165032c4a/screenshot - {}
RESULT: {"using":"css selector","value":"#shell-header-logo"}
COMMAND: POST /session/76bbe7a963ba333ac6e3770165032c4a/element/f.37B6A3D8B8D5C040CDE4E4CEB4627624.d.DDD2139C3256B74854320C93BE1EB4C2.e.12110/click - {}
RESULT: {}
RESULT: {}
COMMAND: GET /session/76bbe7a963ba333ac6e3770165032c4a/screenshot - {}
RESULT: {}
COMMAND: POST /session/76bbe7a963ba333ac6e3770165032c4a/execute/sync - {"script":"<script> [299 bytes]","args":[["getModel","getResource"]]}
RESULT: {"script":"<script> [299 bytes]","args":[["getModel","getResource"]]}
]]></system-out>
    </testcase>
    <testcase classname="chrome.136_0_7103_93.windows.Provide_to_Site_w/o_warehouse_management_w/_clarification_US116605" name="Should create a new site" time="94.024">
      <system-out><![CDATA[
COMMAND: POST /session/76bbe7a963ba333ac6e3770165032c4a/execute/async - {"script":"<script> [1562 bytes]","args":[{"selector":{"controlType":"sap.m.GenericTile","properties":{"header":"Manage Sites"}},"wdio_ui5_key":"sapm.GenericTile{\"header\":\"Manage Sites\"}"}]}
COMMAND: GET /session/76bbe7a963ba333ac6e3770165032c4a/screenshot - {}
RESULT: {"script":"<script> [1562 bytes]","args":[{"selector":{"controlType":"sap.m.GenericTile","properties":{"header":"Manage Sites"}},"wdio_ui5_key":"sapm.GenericTile{\"header\":\"Manage Sites\"}"}]}
RESULT: undefined
COMMAND: POST /session/76bbe7a963ba333ac6e3770165032c4a/element - {"using":"xpath","value":"//*[@id=\"__tile32\"]"}
RESULT: {}
RESULT: {"using":"xpath","value":"//*[@id=\"__tile32\"]"}
COMMAND: POST /session/76bbe7a963ba333ac6e3770165032c4a/element/f.37B6A3D8B8D5C040CDE4E4CEB4627624.d.DDD2139C3256B74854320C93BE1EB4C2.e.11251/click - {}
RESULT: {}
COMMAND: GET /session/76bbe7a963ba333ac6e3770165032c4a/screenshot - {}
RESULT: {}
COMMAND: POST /session/76bbe7a963ba333ac6e3770165032c4a/elements - {"using":"xpath","value":"//span[text()='Error']"}
RESULT: {"using":"xpath","value":"//span[text()='Error']"}
COMMAND: POST /session/76bbe7a963ba333ac6e3770165032c4a/element - {"using":"xpath","value":"//button[@data-kt=\"addOverflowToolbarButton\"]"}
RESULT: {"using":"xpath","value":"//button[@data-kt=\"addOverflowToolbarButton\"]"}
COMMAND: POST /session/76bbe7a963ba333ac6e3770165032c4a/elements - {"using":"xpath","value":"//button[@data-kt=\"addOverflowToolbarButton\"]"}
RESULT: {"using":"xpath","value":"//button[@data-kt=\"addOverflowToolbarButton\"]"}
COMMAND: POST /session/76bbe7a963ba333ac6e3770165032c4a/execute/sync - {"script":"<script> [8489 bytes]","args":[{"element-6066-11e4-a52e-4f735466cecf":"f.37B6A3D8B8D5C040CDE4E4CEB4627624.d.DDD2139C3256B74854320C93BE1EB4C2.e.12840","ELEMENT":"f.37B6A3D8B8D5C040CDE4E4CEB4627624.d.DDD2139C3256B74854320C93BE1EB4C2.e.12840"}]}
RESULT: {"script":"<script> [8489 bytes]","args":[{"element-6066-11e4-a52e-4f735466cecf":"f.37B6A3D8B8D5C040CDE4E4CEB4627624.d.DDD2139C3256B74854320C93BE1EB4C2.e.12840","ELEMENT":"f.37B6A3D8B8D5C040CDE4E4CEB4627624.d.DDD2139C3256B74854320C93BE1EB4C2.e.12840"}]}
COMMAND: GET /session/76bbe7a963ba333ac6e3770165032c4a/element/f.37B6A3D8B8D5C040CDE4E4CEB4627624.d.DDD2139C3256B74854320C93BE1EB4C2.e.12840/enabled - {}
COMMAND: GET /session/76bbe7a963ba333ac6e3770165032c4a/screenshot - {}
RESULT: {}
COMMAND: POST /session/76bbe7a963ba333ac6e3770165032c4a/execute/sync - {"script":"<script> [8489 bytes]","args":[{"element-6066-11e4-a52e-4f735466cecf":"f.37B6A3D8B8D5C040CDE4E4CEB4627624.d.DDD2139C3256B74854320C93BE1EB4C2.e.12840","ELEMENT":"f.37B6A3D8B8D5C040CDE4E4CEB4627624.d.DDD2139C3256B74854320C93BE1EB4C2.e.12840"}]}
COMMAND: GET /session/76bbe7a963ba333ac6e3770165032c4a/screenshot - {}
RESULT: {}
RESULT: {"script":"<script> [8489 bytes]","args":[{"element-6066-11e4-a52e-4f735466cecf":"f.37B6A3D8B8D5C040CDE4E4CEB4627624.d.DDD2139C3256B74854320C93BE1EB4C2.e.12840","ELEMENT":"f.37B6A3D8B8D5C040CDE4E4CEB4627624.d.DDD2139C3256B74854320C93BE1EB4C2.e.12840"}]}
COMMAND: POST /session/76bbe7a963ba333ac6e3770165032c4a/execute/sync - {"script":"<script> [5351 bytes]","args":[{"element-6066-11e4-a52e-4f735466cecf":"f.37B6A3D8B8D5C040CDE4E4CEB4627624.d.DDD2139C3256B74854320C93BE1EB4C2.e.12840","ELEMENT":"f.37B6A3D8B8D5C040CDE4E4CEB4627624.d.DDD2139C3256B74854320C93BE1EB4C2.e.12840"}]}
COMMAND: GET /session/76bbe7a963ba333ac6e3770165032c4a/screenshot - {}
RESULT: {}
RESULT: {"script":"<script> [5351 bytes]","args":[{"element-6066-11e4-a52e-4f735466cecf":"f.37B6A3D8B8D5C040CDE4E4CEB4627624.d.DDD2139C3256B74854320C93BE1EB4C2.e.12840","ELEMENT":"f.37B6A3D8B8D5C040CDE4E4CEB4627624.d.DDD2139C3256B74854320C93BE1EB4C2.e.12840"}]}
COMMAND: POST /session/76bbe7a963ba333ac6e3770165032c4a/element/f.37B6A3D8B8D5C040CDE4E4CEB4627624.d.DDD2139C3256B74854320C93BE1EB4C2.e.12840/click - {}
COMMAND: GET /session/76bbe7a963ba333ac6e3770165032c4a/screenshot - {}
RESULT: {}
RESULT: {}
COMMAND: GET /session/76bbe7a963ba333ac6e3770165032c4a/screenshot - {}
RESULT: {}
RESULT: {}
COMMAND: POST /session/76bbe7a963ba333ac6e3770165032c4a/element - {"using":"xpath","value":"//input[@id=\"application-managesites-display-component---NewSite--siteId-inner\"]"}
RESULT: {"using":"xpath","value":"//input[@id=\"application-managesites-display-component---NewSite--siteId-inner\"]"}
COMMAND: POST /session/76bbe7a963ba333ac6e3770165032c4a/element - {"using":"xpath","value":"//input[@id=\"application-managesites-display-component---NewSite--siteId-inner\"]"}
RESULT: {"using":"xpath","value":"//input[@id=\"application-managesites-display-component---NewSite--siteId-inner\"]"}
COMMAND: POST /session/76bbe7a963ba333ac6e3770165032c4a/execute/async - {"script":"<script> [1562 bytes]","args":[{"selector":{"id":"application-managesites-display-component---NewSite--addressDetailDetailsName1","interaction":{"idSuffix":"inner"}},"wdio_ui5_key":"applicationmanagesites-display-component---NewSite--addressDetailDetailsName1"}]}
RESULT: {"script":"<script> [1562 bytes]","args":[{"selector":{"id":"application-managesites-display-component---NewSite--addressDetailDetailsName1","interaction":{"idSuffix":"inner"}},"wdio_ui5_key":"applicationmanagesites-display-component---NewSite--addressDetailDetailsName1"}]}
RESULT: undefined
COMMAND: POST /session/76bbe7a963ba333ac6e3770165032c4a/execute/async - {"script":"<script> [776 bytes]","args":[{"enterText":"Other Type Site WDIO","selector":{"id":"application-managesites-display-component---NewSite--addressDetailDetailsName1","interaction":{"idSuffix":"inner"}},"clearTextFirst":true,"interactionType":"ENTER_TEXT"}]}
RESULT: {"script":"<script> [776 bytes]","args":[{"enterText":"Other Type Site WDIO","selector":{"id":"application-managesites-display-component---NewSite--addressDetailDetailsName1","interaction":{"idSuffix":"inner"}},"clearTextFirst":true,"interactionType":"ENTER_TEXT"}]}
COMMAND: POST /session/76bbe7a963ba333ac6e3770165032c4a/execute/async - {"script":"<script> [1562 bytes]","args":[{"selector":{"id":"application-managesites-display-component---NewSite--addressDetailDetailsLanguage-arrow"},"wdio_ui5_key":"applicationmanagesites-display-component---NewSite--addressDetailDetailsLanguage-arrow"}]}
RESULT: {"script":"<script> [1562 bytes]","args":[{"selector":{"id":"application-managesites-display-component---NewSite--addressDetailDetailsLanguage-arrow"},"wdio_ui5_key":"applicationmanagesites-display-component---NewSite--addressDetailDetailsLanguage-arrow"}]}
RESULT: undefined
COMMAND: POST /session/76bbe7a963ba333ac6e3770165032c4a/element - {"using":"xpath","value":"//*[@id=\"application-managesites-display-component---NewSite--addressDetailDetailsLanguage-arrow\"]"}
RESULT: {"using":"xpath","value":"//*[@id=\"application-managesites-display-component---NewSite--addressDetailDetailsLanguage-arrow\"]"}
COMMAND: POST /session/76bbe7a963ba333ac6e3770165032c4a/element/f.37B6A3D8B8D5C040CDE4E4CEB4627624.d.DDD2139C3256B74854320C93BE1EB4C2.e.13243/click - {}
RESULT: {}
COMMAND: POST /session/76bbe7a963ba333ac6e3770165032c4a/element - {"using":"xpath","value":"//span[contains(text(), \"English\")]"}
COMMAND: GET /session/76bbe7a963ba333ac6e3770165032c4a/screenshot - {}
RESULT: {"using":"xpath","value":"//span[contains(text(), \"English\")]"}
COMMAND: POST /session/76bbe7a963ba333ac6e3770165032c4a/element/f.37B6A3D8B8D5C040CDE4E4CEB4627624.d.DDD2139C3256B74854320C93BE1EB4C2.e.13244/click - {}
RESULT: {}
RESULT: {}
COMMAND: POST /session/76bbe7a963ba333ac6e3770165032c4a/execute/async - {"script":"<script> [1562 bytes]","args":[{"selector":{"id":"application-managesites-display-component---NewSite--addressDetailDetailsCity1","interaction":{"idSuffix":"inner"}},"wdio_ui5_key":"applicationmanagesites-display-component---NewSite--addressDetailDetailsCity1"}]}
COMMAND: GET /session/76bbe7a963ba333ac6e3770165032c4a/screenshot - {}
RESULT: {"script":"<script> [1562 bytes]","args":[{"selector":{"id":"application-managesites-display-component---NewSite--addressDetailDetailsCity1","interaction":{"idSuffix":"inner"}},"wdio_ui5_key":"applicationmanagesites-display-component---NewSite--addressDetailDetailsCity1"}]}
RESULT: undefined
COMMAND: POST /session/76bbe7a963ba333ac6e3770165032c4a/execute/async - {"script":"<script> [776 bytes]","args":[{"enterText":"Rosario","selector":{"id":"application-managesites-display-component---NewSite--addressDetailDetailsCity1","interaction":{"idSuffix":"inner"}},"clearTextFirst":true,"interactionType":"ENTER_TEXT"}]}
RESULT: {}
RESULT: {"script":"<script> [776 bytes]","args":[{"enterText":"Rosario","selector":{"id":"application-managesites-display-component---NewSite--addressDetailDetailsCity1","interaction":{"idSuffix":"inner"}},"clearTextFirst":true,"interactionType":"ENTER_TEXT"}]}
COMMAND: POST /session/76bbe7a963ba333ac6e3770165032c4a/execute/async - {"script":"<script> [1562 bytes]","args":[{"selector":{"id":"application-managesites-display-component---NewSite--addressDetailDetailsCountry-arrow"},"wdio_ui5_key":"applicationmanagesites-display-component---NewSite--addressDetailDetailsCountry-arrow"}]}
RESULT: {"script":"<script> [1562 bytes]","args":[{"selector":{"id":"application-managesites-display-component---NewSite--addressDetailDetailsCountry-arrow"},"wdio_ui5_key":"applicationmanagesites-display-component---NewSite--addressDetailDetailsCountry-arrow"}]}
RESULT: undefined
COMMAND: POST /session/76bbe7a963ba333ac6e3770165032c4a/element - {"using":"xpath","value":"//*[@id=\"application-managesites-display-component---NewSite--addressDetailDetailsCountry-arrow\"]"}
RESULT: {"using":"xpath","value":"//*[@id=\"application-managesites-display-component---NewSite--addressDetailDetailsCountry-arrow\"]"}
COMMAND: POST /session/76bbe7a963ba333ac6e3770165032c4a/element/f.37B6A3D8B8D5C040CDE4E4CEB4627624.d.DDD2139C3256B74854320C93BE1EB4C2.e.13246/click - {}
RESULT: {}
COMMAND: POST /session/76bbe7a963ba333ac6e3770165032c4a/element - {"using":"xpath","value":"//span[contains(text(), \"Argentina\")]"}
COMMAND: GET /session/76bbe7a963ba333ac6e3770165032c4a/screenshot - {}
RESULT: {"using":"xpath","value":"//span[contains(text(), \"Argentina\")]"}
COMMAND: POST /session/76bbe7a963ba333ac6e3770165032c4a/element/f.37B6A3D8B8D5C040CDE4E4CEB4627624.d.DDD2139C3256B74854320C93BE1EB4C2.e.13247/click - {}
RESULT: {}
RESULT: {}
COMMAND: GET /session/76bbe7a963ba333ac6e3770165032c4a/screenshot - {}
RESULT: {}
COMMAND: POST /session/76bbe7a963ba333ac6e3770165032c4a/execute/async - {"script":"<script> [1562 bytes]","args":[{"selector":{"id":"application-managesites-display-component---NewSite--addressEditDetailsCostObjectCstType-arrow"},"wdio_ui5_key":"applicationmanagesites-display-component---NewSite--addressEditDetailsCostObjectCstType-arrow"}]}
RESULT: {"script":"<script> [1562 bytes]","args":[{"selector":{"id":"application-managesites-display-component---NewSite--addressEditDetailsCostObjectCstType-arrow"},"wdio_ui5_key":"applicationmanagesites-display-component---NewSite--addressEditDetailsCostObjectCstType-arrow"}]}
RESULT: undefined
COMMAND: POST /session/76bbe7a963ba333ac6e3770165032c4a/element - {"using":"xpath","value":"//*[@id=\"application-managesites-display-component---NewSite--addressEditDetailsCostObjectCstType-arrow\"]"}
RESULT: {"using":"xpath","value":"//*[@id=\"application-managesites-display-component---NewSite--addressEditDetailsCostObjectCstType-arrow\"]"}
COMMAND: POST /session/76bbe7a963ba333ac6e3770165032c4a/element/f.37B6A3D8B8D5C040CDE4E4CEB4627624.d.DDD2139C3256B74854320C93BE1EB4C2.e.13249/click - {}
RESULT: {}
COMMAND: POST /session/76bbe7a963ba333ac6e3770165032c4a/element - {"using":"xpath","value":"//span[contains(text(), \"Cost Center\")]"}
COMMAND: GET /session/76bbe7a963ba333ac6e3770165032c4a/screenshot - {}
RESULT: {"using":"xpath","value":"//span[contains(text(), \"Cost Center\")]"}
COMMAND: POST /session/76bbe7a963ba333ac6e3770165032c4a/element/f.37B6A3D8B8D5C040CDE4E4CEB4627624.d.DDD2139C3256B74854320C93BE1EB4C2.e.13250/click - {}
RESULT: {}
RESULT: {}
COMMAND: GET /session/76bbe7a963ba333ac6e3770165032c4a/screenshot - {}
RESULT: {}
COMMAND: POST /session/76bbe7a963ba333ac6e3770165032c4a/element - {"using":"xpath","value":"//span[@id=\"application-managesites-display-component---NewSite--addressNewCostObjectCstID-vhi\"]"}
RESULT: {"using":"xpath","value":"//span[@id=\"application-managesites-display-component---NewSite--addressNewCostObjectCstID-vhi\"]"}
COMMAND: POST /session/76bbe7a963ba333ac6e3770165032c4a/execute/sync - {"script":"<script> [8489 bytes]","args":[{"element-6066-11e4-a52e-4f735466cecf":"f.37B6A3D8B8D5C040CDE4E4CEB4627624.d.DDD2139C3256B74854320C93BE1EB4C2.e.13255","ELEMENT":"f.37B6A3D8B8D5C040CDE4E4CEB4627624.d.DDD2139C3256B74854320C93BE1EB4C2.e.13255"}]}
RESULT: {"script":"<script> [8489 bytes]","args":[{"element-6066-11e4-a52e-4f735466cecf":"f.37B6A3D8B8D5C040CDE4E4CEB4627624.d.DDD2139C3256B74854320C93BE1EB4C2.e.13255","ELEMENT":"f.37B6A3D8B8D5C040CDE4E4CEB4627624.d.DDD2139C3256B74854320C93BE1EB4C2.e.13255"}]}
COMMAND: POST /session/76bbe7a963ba333ac6e3770165032c4a/execute/async - {"script":"<script> [1562 bytes]","args":[{"selector":{"id":"application-managesites-display-component---NewSite--addressNewCostObjectCstID-vhi"},"wdio_ui5_key":"applicationmanagesites-display-component---NewSite--addressNewCostObjectCstID-vhi"}]}
COMMAND: GET /session/76bbe7a963ba333ac6e3770165032c4a/screenshot - {}
RESULT: {"script":"<script> [1562 bytes]","args":[{"selector":{"id":"application-managesites-display-component---NewSite--addressNewCostObjectCstID-vhi"},"wdio_ui5_key":"applicationmanagesites-display-component---NewSite--addressNewCostObjectCstID-vhi"}]}
RESULT: undefined
COMMAND: POST /session/76bbe7a963ba333ac6e3770165032c4a/element - {"using":"xpath","value":"//*[@id=\"application-managesites-display-component---NewSite--addressNewCostObjectCstID-vhi\"]"}
RESULT: {}
RESULT: {"using":"xpath","value":"//*[@id=\"application-managesites-display-component---NewSite--addressNewCostObjectCstID-vhi\"]"}
COMMAND: POST /session/76bbe7a963ba333ac6e3770165032c4a/element/f.37B6A3D8B8D5C040CDE4E4CEB4627624.d.DDD2139C3256B74854320C93BE1EB4C2.e.13255/click - {}
RESULT: {}
COMMAND: GET /session/76bbe7a963ba333ac6e3770165032c4a/screenshot - {}
RESULT: {}
RESULT: undefined
COMMAND: POST /session/76bbe7a963ba333ac6e3770165032c4a/execute/async - {"script":"<script> [776 bytes]","args":[{"enterText":"10001013","selector":{"controlType":"sap.m.SearchField","properties":{"placeholder":"Search"},"searchOpenDialogs":true,"interaction":{"idSuffix":"I"}},"clearTextFirst":true,"interactionType":"ENTER_TEXT"}]}
RESULT: {"script":"<script> [776 bytes]","args":[{"enterText":"10001013","selector":{"controlType":"sap.m.SearchField","properties":{"placeholder":"Search"},"searchOpenDialogs":true,"interaction":{"idSuffix":"I"}},"clearTextFirst":true,"interactionType":"ENTER_TEXT"}]}
COMMAND: POST /session/76bbe7a963ba333ac6e3770165032c4a/actions - {"actions":[{"id":"action43","type":"key","parameters":{},"actions":[{"type":"keyDown","value":"î€‡"},{"type":"pause","duration":10},{"type":"keyUp","value":"î€‡"}]}]}
RESULT: {"actions":[{"id":"action43","type":"key","parameters":{},"actions":[{"type":"keyDown","value":"î€‡"},{"type":"pause","duration":10},{"type":"keyUp","value":"î€‡"}]}]}
COMMAND: GET /session/76bbe7a963ba333ac6e3770165032c4a/screenshot - {}
RESULT: {}
COMMAND: POST /session/76bbe7a963ba333ac6e3770165032c4a/element - {"using":"xpath","value":"//span[contains(text(), \"General Management\")]"}
RESULT: {"using":"xpath","value":"//span[contains(text(), \"General Management\")]"}
COMMAND: POST /session/76bbe7a963ba333ac6e3770165032c4a/element/f.37B6A3D8B8D5C040CDE4E4CEB4627624.d.DDD2139C3256B74854320C93BE1EB4C2.e.13294/click - {}
RESULT: {}
COMMAND: GET /session/76bbe7a963ba333ac6e3770165032c4a/screenshot - {}
RESULT: {}
COMMAND: POST /session/76bbe7a963ba333ac6e3770165032c4a/element - {"using":"xpath","value":"//bdi[contains(text(), \"OK\")]"}
RESULT: {"using":"xpath","value":"//bdi[contains(text(), \"OK\")]"}
COMMAND: POST /session/76bbe7a963ba333ac6e3770165032c4a/element/f.37B6A3D8B8D5C040CDE4E4CEB4627624.d.DDD2139C3256B74854320C93BE1EB4C2.e.13295/click - {}
RESULT: {}
COMMAND: GET /session/76bbe7a963ba333ac6e3770165032c4a/screenshot - {}
RESULT: {}
COMMAND: POST /session/76bbe7a963ba333ac6e3770165032c4a/element - {"using":"xpath","value":"//input[@id=\"application-managesites-display-component---NewSite--addressDetailDetailsCalendar-inner\"]"}
RESULT: {"using":"xpath","value":"//input[@id=\"application-managesites-display-component---NewSite--addressDetailDetailsCalendar-inner\"]"}
COMMAND: POST /session/76bbe7a963ba333ac6e3770165032c4a/element/f.37B6A3D8B8D5C040CDE4E4CEB4627624.d.DDD2139C3256B74854320C93BE1EB4C2.e.13045/clear - {}
RESULT: {}
COMMAND: POST /session/76bbe7a963ba333ac6e3770165032c4a/element/f.37B6A3D8B8D5C040CDE4E4CEB4627624.d.DDD2139C3256B74854320C93BE1EB4C2.e.13045/value - {"text":"Unit"}
COMMAND: GET /session/76bbe7a963ba333ac6e3770165032c4a/screenshot - {}
RESULT: {"text":"Unit"}
COMMAND: GET /session/76bbe7a963ba333ac6e3770165032c4a/screenshot - {}
RESULT: {}
RESULT: {}
COMMAND: POST /session/76bbe7a963ba333ac6e3770165032c4a/actions - {"actions":[{"id":"action44","type":"key","parameters":{},"actions":[{"type":"keyDown","value":"î€‡"},{"type":"pause","duration":10},{"type":"keyUp","value":"î€‡"}]}]}
RESULT: {"actions":[{"id":"action44","type":"key","parameters":{},"actions":[{"type":"keyDown","value":"î€‡"},{"type":"pause","duration":10},{"type":"keyUp","value":"î€‡"}]}]}
COMMAND: POST /session/76bbe7a963ba333ac6e3770165032c4a/element - {"using":"xpath","value":"//input[@id=\"application-managesites-display-component---NewSite--addressDetailDetailsYard-inner\"]"}
COMMAND: GET /session/76bbe7a963ba333ac6e3770165032c4a/screenshot - {}
RESULT: {"using":"xpath","value":"//input[@id=\"application-managesites-display-component---NewSite--addressDetailDetailsYard-inner\"]"}
COMMAND: POST /session/76bbe7a963ba333ac6e3770165032c4a/element/f.37B6A3D8B8D5C040CDE4E4CEB4627624.d.DDD2139C3256B74854320C93BE1EB4C2.e.13046/clear - {}
RESULT: {}
RESULT: {}
COMMAND: POST /session/76bbe7a963ba333ac6e3770165032c4a/element/f.37B6A3D8B8D5C040CDE4E4CEB4627624.d.DDD2139C3256B74854320C93BE1EB4C2.e.13046/value - {"text":"577"}
COMMAND: GET /session/76bbe7a963ba333ac6e3770165032c4a/screenshot - {}
RESULT: {"text":"577"}
COMMAND: GET /session/76bbe7a963ba333ac6e3770165032c4a/screenshot - {}
RESULT: {}
RESULT: {}
COMMAND: POST /session/76bbe7a963ba333ac6e3770165032c4a/element - {"using":"xpath","value":"//li[.//span[text()='577']]"}
RESULT: {"using":"xpath","value":"//li[.//span[text()='577']]"}
COMMAND: POST /session/76bbe7a963ba333ac6e3770165032c4a/element/f.37B6A3D8B8D5C040CDE4E4CEB4627624.d.DDD2139C3256B74854320C93BE1EB4C2.e.13303/click - {}
RESULT: {}
COMMAND: GET /session/76bbe7a963ba333ac6e3770165032c4a/screenshot - {}
RESULT: {}
COMMAND: POST /session/76bbe7a963ba333ac6e3770165032c4a/element - {"using":"xpath","value":"//input[@id=\"application-managesites-display-component---NewSite--addressDetailDetailsPartner-inner\"]"}
RESULT: {"using":"xpath","value":"//input[@id=\"application-managesites-display-component---NewSite--addressDetailDetailsPartner-inner\"]"}
COMMAND: POST /session/76bbe7a963ba333ac6e3770165032c4a/element - {"using":"xpath","value":"//input[@id=\"application-managesites-display-component---NewSite--addressDetailDetailsPartner-inner\"]"}
RESULT: {"using":"xpath","value":"//input[@id=\"application-managesites-display-component---NewSite--addressDetailDetailsPartner-inner\"]"}
COMMAND: POST /session/76bbe7a963ba333ac6e3770165032c4a/element - {"using":"xpath","value":"//button[@data-kt=\"saveButton\"]"}
RESULT: {"using":"xpath","value":"//button[@data-kt=\"saveButton\"]"}
COMMAND: POST /session/76bbe7a963ba333ac6e3770165032c4a/element/f.37B6A3D8B8D5C040CDE4E4CEB4627624.d.DDD2139C3256B74854320C93BE1EB4C2.e.13179/click - {}
RESULT: {}
COMMAND: GET /session/76bbe7a963ba333ac6e3770165032c4a/screenshot - {}
RESULT: {}
COMMAND: POST /session/76bbe7a963ba333ac6e3770165032c4a/element - {"using":"xpath","value":"//header[contains(@id, 'ObjectPageLayout-headerTitle')]/div[1]/div[2]/div[2]/span[1]"}
RESULT: {"using":"xpath","value":"//header[contains(@id, 'ObjectPageLayout-headerTitle')]/div[1]/div[2]/div[2]/span[1]"}
COMMAND: POST /session/76bbe7a963ba333ac6e3770165032c4a/elements - {"using":"xpath","value":"//header[contains(@id, 'ObjectPageLayout-headerTitle')]/div[1]/div[2]/div[2]/span[1]"}
RESULT: {"using":"xpath","value":"//header[contains(@id, 'ObjectPageLayout-headerTitle')]/div[1]/div[2]/div[2]/span[1]"}
COMMAND: POST /session/76bbe7a963ba333ac6e3770165032c4a/execute/sync - {"script":"<script> [56 bytes]","args":[{"element-6066-11e4-a52e-4f735466cecf":"f.37B6A3D8B8D5C040CDE4E4CEB4627624.d.DDD2139C3256B74854320C93BE1EB4C2.e.13505","ELEMENT":"f.37B6A3D8B8D5C040CDE4E4CEB4627624.d.DDD2139C3256B74854320C93BE1EB4C2.e.13505"}]}
RESULT: {"script":"<script> [56 bytes]","args":[{"element-6066-11e4-a52e-4f735466cecf":"f.37B6A3D8B8D5C040CDE4E4CEB4627624.d.DDD2139C3256B74854320C93BE1EB4C2.e.13505","ELEMENT":"f.37B6A3D8B8D5C040CDE4E4CEB4627624.d.DDD2139C3256B74854320C93BE1EB4C2.e.13505"}]}
COMMAND: POST /session/76bbe7a963ba333ac6e3770165032c4a/element - {"using":"css selector","value":"#shell-header-logo"}
COMMAND: GET /session/76bbe7a963ba333ac6e3770165032c4a/screenshot - {}
RESULT: {"using":"css selector","value":"#shell-header-logo"}
COMMAND: POST /session/76bbe7a963ba333ac6e3770165032c4a/element/f.37B6A3D8B8D5C040CDE4E4CEB4627624.d.DDD2139C3256B74854320C93BE1EB4C2.e.12797/click - {}
RESULT: {}
RESULT: {}
COMMAND: GET /session/76bbe7a963ba333ac6e3770165032c4a/screenshot - {}
RESULT: {}
COMMAND: POST /session/76bbe7a963ba333ac6e3770165032c4a/execute/sync - {"script":"<script> [299 bytes]","args":[["getModel","getResource"]]}
RESULT: {"script":"<script> [299 bytes]","args":[["getModel","getResource"]]}
]]></system-out>
    </testcase>
    <testcase classname="chrome.136_0_7103_93.windows.Provide_to_Site_w/o_warehouse_management_w/_clarification_US116605" name="Should create a new material" time="111.276">
      <system-out><![CDATA[
COMMAND: GET /session/76bbe7a963ba333ac6e3770165032c4a/screenshot - {}
COMMAND: POST /session/76bbe7a963ba333ac6e3770165032c4a/execute/async - {"script":"<script> [1562 bytes]","args":[{"selector":{"controlType":"sap.m.GenericTile","properties":{"header":"Manage Resources"}},"wdio_ui5_key":"sapm.GenericTile{\"header\":\"Manage Resources\"}"}]}
RESULT: {}
RESULT: {"script":"<script> [1562 bytes]","args":[{"selector":{"controlType":"sap.m.GenericTile","properties":{"header":"Manage Resources"}},"wdio_ui5_key":"sapm.GenericTile{\"header\":\"Manage Resources\"}"}]}
RESULT: undefined
COMMAND: POST /session/76bbe7a963ba333ac6e3770165032c4a/element - {"using":"xpath","value":"//*[@id=\"__tile31\"]"}
RESULT: {"using":"xpath","value":"//*[@id=\"__tile31\"]"}
COMMAND: POST /session/76bbe7a963ba333ac6e3770165032c4a/element/f.37B6A3D8B8D5C040CDE4E4CEB4627624.d.DDD2139C3256B74854320C93BE1EB4C2.e.11248/click - {}
RESULT: {}
COMMAND: GET /session/76bbe7a963ba333ac6e3770165032c4a/screenshot - {}
RESULT: {}
COMMAND: POST /session/76bbe7a963ba333ac6e3770165032c4a/elements - {"using":"xpath","value":"//span[text()='Error']"}
RESULT: {"using":"xpath","value":"//span[text()='Error']"}
COMMAND: POST /session/76bbe7a963ba333ac6e3770165032c4a/element - {"using":"xpath","value":"//button[@data-kt=\"addNewRUOverflowToolbarButton\"]"}
RESULT: {"using":"xpath","value":"//button[@data-kt=\"addNewRUOverflowToolbarButton\"]"}
COMMAND: POST /session/76bbe7a963ba333ac6e3770165032c4a/elements - {"using":"xpath","value":"//button[@data-kt=\"addNewRUOverflowToolbarButton\"]"}
RESULT: {"using":"xpath","value":"//button[@data-kt=\"addNewRUOverflowToolbarButton\"]"}
COMMAND: POST /session/76bbe7a963ba333ac6e3770165032c4a/execute/sync - {"script":"<script> [8489 bytes]","args":[{"element-6066-11e4-a52e-4f735466cecf":"f.37B6A3D8B8D5C040CDE4E4CEB4627624.d.DDD2139C3256B74854320C93BE1EB4C2.e.13549","ELEMENT":"f.37B6A3D8B8D5C040CDE4E4CEB4627624.d.DDD2139C3256B74854320C93BE1EB4C2.e.13549"}]}
RESULT: {"script":"<script> [8489 bytes]","args":[{"element-6066-11e4-a52e-4f735466cecf":"f.37B6A3D8B8D5C040CDE4E4CEB4627624.d.DDD2139C3256B74854320C93BE1EB4C2.e.13549","ELEMENT":"f.37B6A3D8B8D5C040CDE4E4CEB4627624.d.DDD2139C3256B74854320C93BE1EB4C2.e.13549"}]}
COMMAND: GET /session/76bbe7a963ba333ac6e3770165032c4a/element/f.37B6A3D8B8D5C040CDE4E4CEB4627624.d.DDD2139C3256B74854320C93BE1EB4C2.e.13549/enabled - {}
COMMAND: GET /session/76bbe7a963ba333ac6e3770165032c4a/screenshot - {}
RESULT: {}
COMMAND: POST /session/76bbe7a963ba333ac6e3770165032c4a/execute/sync - {"script":"<script> [8489 bytes]","args":[{"element-6066-11e4-a52e-4f735466cecf":"f.37B6A3D8B8D5C040CDE4E4CEB4627624.d.DDD2139C3256B74854320C93BE1EB4C2.e.13549","ELEMENT":"f.37B6A3D8B8D5C040CDE4E4CEB4627624.d.DDD2139C3256B74854320C93BE1EB4C2.e.13549"}]}
COMMAND: GET /session/76bbe7a963ba333ac6e3770165032c4a/screenshot - {}
RESULT: {}
RESULT: {"script":"<script> [8489 bytes]","args":[{"element-6066-11e4-a52e-4f735466cecf":"f.37B6A3D8B8D5C040CDE4E4CEB4627624.d.DDD2139C3256B74854320C93BE1EB4C2.e.13549","ELEMENT":"f.37B6A3D8B8D5C040CDE4E4CEB4627624.d.DDD2139C3256B74854320C93BE1EB4C2.e.13549"}]}
COMMAND: POST /session/76bbe7a963ba333ac6e3770165032c4a/execute/sync - {"script":"<script> [5351 bytes]","args":[{"element-6066-11e4-a52e-4f735466cecf":"f.37B6A3D8B8D5C040CDE4E4CEB4627624.d.DDD2139C3256B74854320C93BE1EB4C2.e.13549","ELEMENT":"f.37B6A3D8B8D5C040CDE4E4CEB4627624.d.DDD2139C3256B74854320C93BE1EB4C2.e.13549"}]}
COMMAND: GET /session/76bbe7a963ba333ac6e3770165032c4a/screenshot - {}
RESULT: {}
RESULT: {"script":"<script> [5351 bytes]","args":[{"element-6066-11e4-a52e-4f735466cecf":"f.37B6A3D8B8D5C040CDE4E4CEB4627624.d.DDD2139C3256B74854320C93BE1EB4C2.e.13549","ELEMENT":"f.37B6A3D8B8D5C040CDE4E4CEB4627624.d.DDD2139C3256B74854320C93BE1EB4C2.e.13549"}]}
COMMAND: POST /session/76bbe7a963ba333ac6e3770165032c4a/element/f.37B6A3D8B8D5C040CDE4E4CEB4627624.d.DDD2139C3256B74854320C93BE1EB4C2.e.13549/click - {}
COMMAND: GET /session/76bbe7a963ba333ac6e3770165032c4a/screenshot - {}
RESULT: {}
RESULT: {}
COMMAND: GET /session/76bbe7a963ba333ac6e3770165032c4a/screenshot - {}
RESULT: {}
RESULT: {}
COMMAND: POST /session/76bbe7a963ba333ac6e3770165032c4a/execute/async - {"script":"<script> [1562 bytes]","args":[{"selector":{"id":"application-manageresources-display-component---newResourceUnit--TYPE-arrow"},"wdio_ui5_key":"applicationmanageresources-display-component---newResourceUnit--TYPE-arrow"}]}
RESULT: {"script":"<script> [1562 bytes]","args":[{"selector":{"id":"application-manageresources-display-component---newResourceUnit--TYPE-arrow"},"wdio_ui5_key":"applicationmanageresources-display-component---newResourceUnit--TYPE-arrow"}]}
RESULT: undefined
COMMAND: POST /session/76bbe7a963ba333ac6e3770165032c4a/element - {"using":"xpath","value":"//*[@id=\"application-manageresources-display-component---newResourceUnit--TYPE-arrow\"]"}
RESULT: {"using":"xpath","value":"//*[@id=\"application-manageresources-display-component---newResourceUnit--TYPE-arrow\"]"}
COMMAND: POST /session/76bbe7a963ba333ac6e3770165032c4a/element/f.37B6A3D8B8D5C040CDE4E4CEB4627624.d.DDD2139C3256B74854320C93BE1EB4C2.e.13904/click - {}
RESULT: {}
COMMAND: POST /session/76bbe7a963ba333ac6e3770165032c4a/element - {"using":"xpath","value":"//input[@id=\"application-manageresources-display-component---newResourceUnit--TYPE-inner\"]"}
COMMAND: GET /session/76bbe7a963ba333ac6e3770165032c4a/screenshot - {}
RESULT: {"using":"xpath","value":"//input[@id=\"application-manageresources-display-component---newResourceUnit--TYPE-inner\"]"}
COMMAND: POST /session/76bbe7a963ba333ac6e3770165032c4a/element/f.37B6A3D8B8D5C040CDE4E4CEB4627624.d.DDD2139C3256B74854320C93BE1EB4C2.e.13886/clear - {}
RESULT: {}
RESULT: {}
COMMAND: POST /session/76bbe7a963ba333ac6e3770165032c4a/element/f.37B6A3D8B8D5C040CDE4E4CEB4627624.d.DDD2139C3256B74854320C93BE1EB4C2.e.13886/value - {"text":"Material"}
COMMAND: GET /session/76bbe7a963ba333ac6e3770165032c4a/screenshot - {}
RESULT: {"text":"Material"}
COMMAND: GET /session/76bbe7a963ba333ac6e3770165032c4a/screenshot - {}
RESULT: {}
RESULT: {}
COMMAND: POST /session/76bbe7a963ba333ac6e3770165032c4a/actions - {"actions":[{"id":"action45","type":"key","parameters":{},"actions":[{"type":"keyDown","value":"î€‡"},{"type":"pause","duration":10},{"type":"keyUp","value":"î€‡"}]}]}
RESULT: {"actions":[{"id":"action45","type":"key","parameters":{},"actions":[{"type":"keyDown","value":"î€‡"},{"type":"pause","duration":10},{"type":"keyUp","value":"î€‡"}]}]}
COMMAND: POST /session/76bbe7a963ba333ac6e3770165032c4a/execute/async - {"script":"<script> [1562 bytes]","args":[{"selector":{"id":"application-manageresources-display-component---newResourceUnit--SHORT_TEXT","interaction":{"idSuffix":"inner"}},"wdio_ui5_key":"applicationmanageresources-display-component---newResourceUnit--SHORT_TEXT"}]}
COMMAND: GET /session/76bbe7a963ba333ac6e3770165032c4a/screenshot - {}
RESULT: {"script":"<script> [1562 bytes]","args":[{"selector":{"id":"application-manageresources-display-component---newResourceUnit--SHORT_TEXT","interaction":{"idSuffix":"inner"}},"wdio_ui5_key":"applicationmanageresources-display-component---newResourceUnit--SHORT_TEXT"}]}
RESULT: undefined
COMMAND: POST /session/76bbe7a963ba333ac6e3770165032c4a/execute/async - {"script":"<script> [776 bytes]","args":[{"enterText":"Cement WDIO","selector":{"id":"application-manageresources-display-component---newResourceUnit--SHORT_TEXT","interaction":{"idSuffix":"inner"}},"clearTextFirst":true,"interactionType":"ENTER_TEXT"}]}
RESULT: {}
RESULT: {"script":"<script> [776 bytes]","args":[{"enterText":"Cement WDIO","selector":{"id":"application-manageresources-display-component---newResourceUnit--SHORT_TEXT","interaction":{"idSuffix":"inner"}},"clearTextFirst":true,"interactionType":"ENTER_TEXT"}]}
COMMAND: POST /session/76bbe7a963ba333ac6e3770165032c4a/execute/async - {"script":"<script> [1562 bytes]","args":[{"selector":{"id":"application-manageresources-display-component---newResourceUnit--BASE_UNIT_OF_MEASURE","interaction":{"idSuffix":"inner"}},"wdio_ui5_key":"applicationmanageresources-display-component---newResourceUnit--BASE_UNIT_OF_MEASURE"}]}
RESULT: {"script":"<script> [1562 bytes]","args":[{"selector":{"id":"application-manageresources-display-component---newResourceUnit--BASE_UNIT_OF_MEASURE","interaction":{"idSuffix":"inner"}},"wdio_ui5_key":"applicationmanageresources-display-component---newResourceUnit--BASE_UNIT_OF_MEASURE"}]}
RESULT: undefined
COMMAND: POST /session/76bbe7a963ba333ac6e3770165032c4a/execute/async - {"script":"<script> [776 bytes]","args":[{"enterText":"Piece","selector":{"id":"application-manageresources-display-component---newResourceUnit--BASE_UNIT_OF_MEASURE","interaction":{"idSuffix":"inner"}},"clearTextFirst":true,"interactionType":"ENTER_TEXT"}]}
RESULT: {"script":"<script> [776 bytes]","args":[{"enterText":"Piece","selector":{"id":"application-manageresources-display-component---newResourceUnit--BASE_UNIT_OF_MEASURE","interaction":{"idSuffix":"inner"}},"clearTextFirst":true,"interactionType":"ENTER_TEXT"}]}
COMMAND: POST /session/76bbe7a963ba333ac6e3770165032c4a/execute/async - {"script":"<script> [1562 bytes]","args":[{"selector":{"id":"application-manageresources-display-component---newResourceUnit--WEIGHT_UNIT","interaction":{"idSuffix":"inner"}},"wdio_ui5_key":"applicationmanageresources-display-component---newResourceUnit--WEIGHT_UNIT"}]}
RESULT: {"script":"<script> [1562 bytes]","args":[{"selector":{"id":"application-manageresources-display-component---newResourceUnit--WEIGHT_UNIT","interaction":{"idSuffix":"inner"}},"wdio_ui5_key":"applicationmanageresources-display-component---newResourceUnit--WEIGHT_UNIT"}]}
RESULT: undefined
COMMAND: POST /session/76bbe7a963ba333ac6e3770165032c4a/execute/async - {"script":"<script> [776 bytes]","args":[{"enterText":"Gram","selector":{"id":"application-manageresources-display-component---newResourceUnit--WEIGHT_UNIT","interaction":{"idSuffix":"inner"}},"clearTextFirst":true,"interactionType":"ENTER_TEXT"}]}
RESULT: {"script":"<script> [776 bytes]","args":[{"enterText":"Gram","selector":{"id":"application-manageresources-display-component---newResourceUnit--WEIGHT_UNIT","interaction":{"idSuffix":"inner"}},"clearTextFirst":true,"interactionType":"ENTER_TEXT"}]}
COMMAND: POST /session/76bbe7a963ba333ac6e3770165032c4a/execute/async - {"script":"<script> [1562 bytes]","args":[{"selector":{"id":"application-manageresources-display-component---newResourceUnit--DIMENSION_UNIT","interaction":{"idSuffix":"inner"}},"wdio_ui5_key":"applicationmanageresources-display-component---newResourceUnit--DIMENSION_UNIT"}]}
RESULT: {"script":"<script> [1562 bytes]","args":[{"selector":{"id":"application-manageresources-display-component---newResourceUnit--DIMENSION_UNIT","interaction":{"idSuffix":"inner"}},"wdio_ui5_key":"applicationmanageresources-display-component---newResourceUnit--DIMENSION_UNIT"}]}
RESULT: undefined
COMMAND: POST /session/76bbe7a963ba333ac6e3770165032c4a/execute/async - {"script":"<script> [776 bytes]","args":[{"enterText":"Meter","selector":{"id":"application-manageresources-display-component---newResourceUnit--DIMENSION_UNIT","interaction":{"idSuffix":"inner"}},"clearTextFirst":true,"interactionType":"ENTER_TEXT"}]}
RESULT: {"script":"<script> [776 bytes]","args":[{"enterText":"Meter","selector":{"id":"application-manageresources-display-component---newResourceUnit--DIMENSION_UNIT","interaction":{"idSuffix":"inner"}},"clearTextFirst":true,"interactionType":"ENTER_TEXT"}]}
COMMAND: POST /session/76bbe7a963ba333ac6e3770165032c4a/execute/async - {"script":"<script> [1562 bytes]","args":[{"selector":{"id":"application-manageresources-display-component---newResourceUnit--newRRUPage-anchBar-application-manageresources-display-component---newResourceUnit--control-anchor","interaction":{"idSuffix":"BDI-content"}},"wdio_ui5_key":"applicationmanageresources-display-component---newResourceUnit--newRRUPage-anchBar-application-manageresources-display-component---newResourceUnit--control-anchor"}]}
RESULT: {"script":"<script> [1562 bytes]","args":[{"selector":{"id":"application-manageresources-display-component---newResourceUnit--newRRUPage-anchBar-application-manageresources-display-component---newResourceUnit--control-anchor","interaction":{"idSuffix":"BDI-content"}},"wdio_ui5_key":"applicationmanageresources-display-component---newResourceUnit--newRRUPage-anchBar-application-manageresources-display-component---newResourceUnit--control-anchor"}]}
RESULT: undefined
COMMAND: POST /session/76bbe7a963ba333ac6e3770165032c4a/element - {"using":"xpath","value":"//*[@id=\"application-manageresources-display-component---newResourceUnit--newRRUPage-anchBar-application-manageresources-display-component---newResourceUnit--control-anchor\"]"}
RESULT: {"using":"xpath","value":"//*[@id=\"application-manageresources-display-component---newResourceUnit--newRRUPage-anchBar-application-manageresources-display-component---newResourceUnit--control-anchor\"]"}
COMMAND: POST /session/76bbe7a963ba333ac6e3770165032c4a/element/f.37B6A3D8B8D5C040CDE4E4CEB4627624.d.DDD2139C3256B74854320C93BE1EB4C2.e.13968/click - {}
RESULT: {}
COMMAND: POST /session/76bbe7a963ba333ac6e3770165032c4a/execute/async - {"script":"<script> [1562 bytes]","args":[{"selector":{"id":"application-manageresources-display-component---newResourceUnit--PLANNING_GROUP","interaction":{"idSuffix":"inner"}},"wdio_ui5_key":"applicationmanageresources-display-component---newResourceUnit--PLANNING_GROUP"}]}
COMMAND: GET /session/76bbe7a963ba333ac6e3770165032c4a/screenshot - {}
RESULT: {"script":"<script> [1562 bytes]","args":[{"selector":{"id":"application-manageresources-display-component---newResourceUnit--PLANNING_GROUP","interaction":{"idSuffix":"inner"}},"wdio_ui5_key":"applicationmanageresources-display-component---newResourceUnit--PLANNING_GROUP"}]}
RESULT: undefined
COMMAND: POST /session/76bbe7a963ba333ac6e3770165032c4a/execute/async - {"script":"<script> [776 bytes]","args":[{"enterText":"Material","selector":{"id":"application-manageresources-display-component---newResourceUnit--PLANNING_GROUP","interaction":{"idSuffix":"inner"}},"clearTextFirst":true,"interactionType":"ENTER_TEXT"}]}
RESULT: {}
RESULT: {"script":"<script> [776 bytes]","args":[{"enterText":"Material","selector":{"id":"application-manageresources-display-component---newResourceUnit--PLANNING_GROUP","interaction":{"idSuffix":"inner"}},"clearTextFirst":true,"interactionType":"ENTER_TEXT"}]}
COMMAND: POST /session/76bbe7a963ba333ac6e3770165032c4a/execute/async - {"script":"<script> [1562 bytes]","args":[{"selector":{"id":"application-manageresources-display-component---newResourceUnit--PLANNING_INDICATOR","interaction":{"idSuffix":"inner"}},"wdio_ui5_key":"applicationmanageresources-display-component---newResourceUnit--PLANNING_INDICATOR"}]}
RESULT: {"script":"<script> [1562 bytes]","args":[{"selector":{"id":"application-manageresources-display-component---newResourceUnit--PLANNING_INDICATOR","interaction":{"idSuffix":"inner"}},"wdio_ui5_key":"applicationmanageresources-display-component---newResourceUnit--PLANNING_INDICATOR"}]}
RESULT: undefined
COMMAND: POST /session/76bbe7a963ba333ac6e3770165032c4a/execute/async - {"script":"<script> [776 bytes]","args":[{"enterText":"10 - infinite","selector":{"id":"application-manageresources-display-component---newResourceUnit--PLANNING_INDICATOR","interaction":{"idSuffix":"inner"}},"clearTextFirst":true,"interactionType":"ENTER_TEXT"}]}
RESULT: {"script":"<script> [776 bytes]","args":[{"enterText":"10 - infinite","selector":{"id":"application-manageresources-display-component---newResourceUnit--PLANNING_INDICATOR","interaction":{"idSuffix":"inner"}},"clearTextFirst":true,"interactionType":"ENTER_TEXT"}]}
COMMAND: POST /session/76bbe7a963ba333ac6e3770165032c4a/element - {"using":"css selector","value":"#application-manageresources-display-component---newResourceUnit--btnAddTimeSegment"}
RESULT: {"using":"css selector","value":"#application-manageresources-display-component---newResourceUnit--btnAddTimeSegment"}
COMMAND: GET /session/76bbe7a963ba333ac6e3770165032c4a/element/f.37B6A3D8B8D5C040CDE4E4CEB4627624.d.DDD2139C3256B74854320C93BE1EB4C2.e.13976/rect - {}
RESULT: {}
COMMAND: GET /session/76bbe7a963ba333ac6e3770165032c4a/window/rect - {}
RESULT: {}
COMMAND: POST /session/76bbe7a963ba333ac6e3770165032c4a/execute/sync - {"script":"<script> [92 bytes]","args":[]}
RESULT: {"script":"<script> [92 bytes]","args":[]}
COMMAND: POST /session/76bbe7a963ba333ac6e3770165032c4a/actions - {"actions":[{"id":"action46","type":"wheel","parameters":{},"actions":[{"type":"scroll","x":-1888,"y":-32,"deltaX":0,"deltaY":0,"duration":0,"origin":{"element-6066-11e4-a52e-4f735466cecf":"f.37B6A3D8B8D5C040CDE4E4CEB4627624.d.DDD2139C3256B74854320C93BE1EB4C2.e.13976"}}]}]}
COMMAND: GET /session/76bbe7a963ba333ac6e3770165032c4a/screenshot - {}
RESULT: {}
COMMAND: POST /session/76bbe7a963ba333ac6e3770165032c4a/execute/sync - {"script":"<script> [79 bytes]","args":[{"element-6066-11e4-a52e-4f735466cecf":"f.37B6A3D8B8D5C040CDE4E4CEB4627624.d.DDD2139C3256B74854320C93BE1EB4C2.e.13976","ELEMENT":"f.37B6A3D8B8D5C040CDE4E4CEB4627624.d.DDD2139C3256B74854320C93BE1EB4C2.e.13976"},{"block":"start","inline":"nearest"}]}
RESULT: {"script":"<script> [79 bytes]","args":[{"element-6066-11e4-a52e-4f735466cecf":"f.37B6A3D8B8D5C040CDE4E4CEB4627624.d.DDD2139C3256B74854320C93BE1EB4C2.e.13976","ELEMENT":"f.37B6A3D8B8D5C040CDE4E4CEB4627624.d.DDD2139C3256B74854320C93BE1EB4C2.e.13976"},{"block":"start","inline":"nearest"}]}
COMMAND: POST /session/76bbe7a963ba333ac6e3770165032c4a/execute/async - {"script":"<script> [1562 bytes]","args":[{"selector":{"id":"application-manageresources-display-component---newResourceUnit--btnAddTimeSegment","interaction":{"idSuffix":"inner"}},"wdio_ui5_key":"applicationmanageresources-display-component---newResourceUnit--btnAddTimeSegment"}]}
COMMAND: GET /session/76bbe7a963ba333ac6e3770165032c4a/screenshot - {}
RESULT: {"script":"<script> [1562 bytes]","args":[{"selector":{"id":"application-manageresources-display-component---newResourceUnit--btnAddTimeSegment","interaction":{"idSuffix":"inner"}},"wdio_ui5_key":"applicationmanageresources-display-component---newResourceUnit--btnAddTimeSegment"}]}
RESULT: undefined
COMMAND: POST /session/76bbe7a963ba333ac6e3770165032c4a/element - {"using":"xpath","value":"//*[@id=\"application-manageresources-display-component---newResourceUnit--btnAddTimeSegment\"]"}
RESULT: {}
RESULT: {"using":"xpath","value":"//*[@id=\"application-manageresources-display-component---newResourceUnit--btnAddTimeSegment\"]"}
COMMAND: POST /session/76bbe7a963ba333ac6e3770165032c4a/element/f.37B6A3D8B8D5C040CDE4E4CEB4627624.d.DDD2139C3256B74854320C93BE1EB4C2.e.13976/click - {}
RESULT: {}
COMMAND: GET /session/76bbe7a963ba333ac6e3770165032c4a/screenshot - {}
RESULT: {}
COMMAND: POST /session/76bbe7a963ba333ac6e3770165032c4a/element - {"using":"xpath","value":"//input[@id=\"application-manageresources-display-component---newResourceUnit--idRuTSAdmin-application-manageresources-display-component---newResourceUnit--RUTimeSegment-0-inner\"]"}
RESULT: {"using":"xpath","value":"//input[@id=\"application-manageresources-display-component---newResourceUnit--idRuTSAdmin-application-manageresources-display-component---newResourceUnit--RUTimeSegment-0-inner\"]"}
COMMAND: POST /session/76bbe7a963ba333ac6e3770165032c4a/element/f.37B6A3D8B8D5C040CDE4E4CEB4627624.d.DDD2139C3256B74854320C93BE1EB4C2.e.13981/clear - {}
RESULT: {}
COMMAND: POST /session/76bbe7a963ba333ac6e3770165032c4a/element/f.37B6A3D8B8D5C040CDE4E4CEB4627624.d.DDD2139C3256B74854320C93BE1EB4C2.e.13981/value - {"text":"577"}
COMMAND: GET /session/76bbe7a963ba333ac6e3770165032c4a/screenshot - {}
RESULT: {"text":"577"}
COMMAND: GET /session/76bbe7a963ba333ac6e3770165032c4a/screenshot - {}
RESULT: {}
RESULT: {}
COMMAND: POST /session/76bbe7a963ba333ac6e3770165032c4a/element - {"using":"xpath","value":"//li[.//span[text()='577']]"}
RESULT: {"using":"xpath","value":"//li[.//span[text()='577']]"}
COMMAND: POST /session/76bbe7a963ba333ac6e3770165032c4a/element/f.37B6A3D8B8D5C040CDE4E4CEB4627624.d.DDD2139C3256B74854320C93BE1EB4C2.e.13990/click - {}
RESULT: {}
COMMAND: GET /session/76bbe7a963ba333ac6e3770165032c4a/screenshot - {}
RESULT: {}
COMMAND: POST /session/76bbe7a963ba333ac6e3770165032c4a/element - {"using":"xpath","value":"(//span[contains(@id, \"-application-manageresources-display-component---newResourceUnit--RUTimeSegment-0-arrow\")])[2]"}
RESULT: {"using":"xpath","value":"(//span[contains(@id, \"-application-manageresources-display-component---newResourceUnit--RUTimeSegment-0-arrow\")])[2]"}
COMMAND: POST /session/76bbe7a963ba333ac6e3770165032c4a/element/f.37B6A3D8B8D5C040CDE4E4CEB4627624.d.DDD2139C3256B74854320C93BE1EB4C2.e.13991/click - {}
RESULT: {}
COMMAND: POST /session/76bbe7a963ba333ac6e3770165032c4a/element - {"using":"xpath","value":"//span[contains(text(), \"PM Order\")]"}
COMMAND: GET /session/76bbe7a963ba333ac6e3770165032c4a/screenshot - {}
RESULT: {"using":"xpath","value":"//span[contains(text(), \"PM Order\")]"}
COMMAND: POST /session/76bbe7a963ba333ac6e3770165032c4a/element/f.37B6A3D8B8D5C040CDE4E4CEB4627624.d.DDD2139C3256B74854320C93BE1EB4C2.e.13992/click - {}
RESULT: {}
RESULT: {}
COMMAND: GET /session/76bbe7a963ba333ac6e3770165032c4a/screenshot - {}
RESULT: {}
COMMAND: POST /session/76bbe7a963ba333ac6e3770165032c4a/element - {"using":"xpath","value":"//td/div/div/div/span[contains(@id, \"newResourceUnit--RUTimeSegment-0-vhi\")][1]"}
RESULT: {"using":"xpath","value":"//td/div/div/div/span[contains(@id, \"newResourceUnit--RUTimeSegment-0-vhi\")][1]"}
COMMAND: GET /session/76bbe7a963ba333ac6e3770165032c4a/element/f.37B6A3D8B8D5C040CDE4E4CEB4627624.d.DDD2139C3256B74854320C93BE1EB4C2.e.13996/rect - {}
RESULT: {}
COMMAND: GET /session/76bbe7a963ba333ac6e3770165032c4a/window/rect - {}
RESULT: {}
COMMAND: POST /session/76bbe7a963ba333ac6e3770165032c4a/execute/sync - {"script":"<script> [92 bytes]","args":[]}
RESULT: {"script":"<script> [92 bytes]","args":[]}
COMMAND: POST /session/76bbe7a963ba333ac6e3770165032c4a/actions - {"actions":[{"id":"action47","type":"wheel","parameters":{},"actions":[{"type":"scroll","x":-1888,"y":-24,"deltaX":0,"deltaY":0,"duration":0,"origin":{"element-6066-11e4-a52e-4f735466cecf":"f.37B6A3D8B8D5C040CDE4E4CEB4627624.d.DDD2139C3256B74854320C93BE1EB4C2.e.13996"}}]}]}
COMMAND: GET /session/76bbe7a963ba333ac6e3770165032c4a/screenshot - {}
RESULT: {}
COMMAND: POST /session/76bbe7a963ba333ac6e3770165032c4a/execute/sync - {"script":"<script> [79 bytes]","args":[{"element-6066-11e4-a52e-4f735466cecf":"f.37B6A3D8B8D5C040CDE4E4CEB4627624.d.DDD2139C3256B74854320C93BE1EB4C2.e.13996","ELEMENT":"f.37B6A3D8B8D5C040CDE4E4CEB4627624.d.DDD2139C3256B74854320C93BE1EB4C2.e.13996"},{"block":"start","inline":"nearest"}]}
RESULT: {"script":"<script> [79 bytes]","args":[{"element-6066-11e4-a52e-4f735466cecf":"f.37B6A3D8B8D5C040CDE4E4CEB4627624.d.DDD2139C3256B74854320C93BE1EB4C2.e.13996","ELEMENT":"f.37B6A3D8B8D5C040CDE4E4CEB4627624.d.DDD2139C3256B74854320C93BE1EB4C2.e.13996"},{"block":"start","inline":"nearest"}]}
COMMAND: GET /session/76bbe7a963ba333ac6e3770165032c4a/screenshot - {}
RESULT: {}
COMMAND: POST /session/76bbe7a963ba333ac6e3770165032c4a/element/f.37B6A3D8B8D5C040CDE4E4CEB4627624.d.DDD2139C3256B74854320C93BE1EB4C2.e.13996/click - {}
RESULT: {}
COMMAND: GET /session/76bbe7a963ba333ac6e3770165032c4a/screenshot - {}
RESULT: {}
RESULT: undefined
COMMAND: POST /session/76bbe7a963ba333ac6e3770165032c4a/execute/async - {"script":"<script> [776 bytes]","args":[{"enterText":"4000360","selector":{"controlType":"sap.m.SearchField","properties":{"placeholder":"Search"},"searchOpenDialogs":true,"interaction":{"idSuffix":"I"}},"clearTextFirst":true,"interactionType":"ENTER_TEXT"}]}
RESULT: {"script":"<script> [776 bytes]","args":[{"enterText":"4000360","selector":{"controlType":"sap.m.SearchField","properties":{"placeholder":"Search"},"searchOpenDialogs":true,"interaction":{"idSuffix":"I"}},"clearTextFirst":true,"interactionType":"ENTER_TEXT"}]}
COMMAND: POST /session/76bbe7a963ba333ac6e3770165032c4a/actions - {"actions":[{"id":"action48","type":"key","parameters":{},"actions":[{"type":"keyDown","value":"î€‡"},{"type":"pause","duration":10},{"type":"keyUp","value":"î€‡"}]}]}
RESULT: {"actions":[{"id":"action48","type":"key","parameters":{},"actions":[{"type":"keyDown","value":"î€‡"},{"type":"pause","duration":10},{"type":"keyUp","value":"î€‡"}]}]}
COMMAND: GET /session/76bbe7a963ba333ac6e3770165032c4a/screenshot - {}
RESULT: {}
COMMAND: POST /session/76bbe7a963ba333ac6e3770165032c4a/element - {"using":"xpath","value":"//td/div/span[contains(text(), \"BGL Vehicles\")]"}
RESULT: {"using":"xpath","value":"//td/div/span[contains(text(), \"BGL Vehicles\")]"}
COMMAND: POST /session/76bbe7a963ba333ac6e3770165032c4a/element/f.37B6A3D8B8D5C040CDE4E4CEB4627624.d.DDD2139C3256B74854320C93BE1EB4C2.e.14014/click - {}
RESULT: {}
COMMAND: GET /session/76bbe7a963ba333ac6e3770165032c4a/screenshot - {}
RESULT: {}
COMMAND: POST /session/76bbe7a963ba333ac6e3770165032c4a/element - {"using":"xpath","value":"//bdi[contains(text(), \"OK\")]"}
RESULT: {"using":"xpath","value":"//bdi[contains(text(), \"OK\")]"}
COMMAND: POST /session/76bbe7a963ba333ac6e3770165032c4a/element/f.37B6A3D8B8D5C040CDE4E4CEB4627624.d.DDD2139C3256B74854320C93BE1EB4C2.e.14015/click - {}
RESULT: {}
COMMAND: GET /session/76bbe7a963ba333ac6e3770165032c4a/screenshot - {}
RESULT: {}
COMMAND: POST /session/76bbe7a963ba333ac6e3770165032c4a/element - {"using":"xpath","value":"//label[contains(@class, 'sapMLabelRequired') and .//bdi[contains(text(), 'Planned Retirement')]]"}
RESULT: {"using":"xpath","value":"//label[contains(@class, 'sapMLabelRequired') and .//bdi[contains(text(), 'Planned Retirement')]]"}
COMMAND: POST /session/76bbe7a963ba333ac6e3770165032c4a/elements - {"using":"xpath","value":"//label[contains(@class, 'sapMLabelRequired') and .//bdi[contains(text(), 'Planned Retirement')]]"}
RESULT: {"using":"xpath","value":"//label[contains(@class, 'sapMLabelRequired') and .//bdi[contains(text(), 'Planned Retirement')]]"}
COMMAND: POST /session/76bbe7a963ba333ac6e3770165032c4a/element - {"using":"xpath","value":"//button[@data-kt=\"resourceUnitSaveButton\"]"}
RESULT: {"using":"xpath","value":"//button[@data-kt=\"resourceUnitSaveButton\"]"}
COMMAND: POST /session/76bbe7a963ba333ac6e3770165032c4a/element/f.37B6A3D8B8D5C040CDE4E4CEB4627624.d.DDD2139C3256B74854320C93BE1EB4C2.e.13921/click - {}
RESULT: {}
COMMAND: GET /session/76bbe7a963ba333ac6e3770165032c4a/screenshot - {}
RESULT: {}
COMMAND: POST /session/76bbe7a963ba333ac6e3770165032c4a/element - {"using":"xpath","value":"//bdi[contains(text(), \"Close\")]"}
RESULT: {"using":"xpath","value":"//bdi[contains(text(), \"Close\")]"}
COMMAND: POST /session/76bbe7a963ba333ac6e3770165032c4a/element/f.37B6A3D8B8D5C040CDE4E4CEB4627624.d.DDD2139C3256B74854320C93BE1EB4C2.e.14021/click - {}
RESULT: {}
COMMAND: GET /session/76bbe7a963ba333ac6e3770165032c4a/screenshot - {}
RESULT: {}
COMMAND: POST /session/76bbe7a963ba333ac6e3770165032c4a/element - {"using":"xpath","value":"//header[contains(@id, 'detailRruPage-headerTitle')]/div[1]/div[2]/div[2]/span[1]"}
RESULT: {"using":"xpath","value":"//header[contains(@id, 'detailRruPage-headerTitle')]/div[1]/div[2]/div[2]/span[1]"}
COMMAND: POST /session/76bbe7a963ba333ac6e3770165032c4a/elements - {"using":"xpath","value":"//header[contains(@id, 'detailRruPage-headerTitle')]/div[1]/div[2]/div[2]/span[1]"}
RESULT: {"using":"xpath","value":"//header[contains(@id, 'detailRruPage-headerTitle')]/div[1]/div[2]/div[2]/span[1]"}
COMMAND: POST /session/76bbe7a963ba333ac6e3770165032c4a/execute/sync - {"script":"<script> [56 bytes]","args":[{"element-6066-11e4-a52e-4f735466cecf":"f.37B6A3D8B8D5C040CDE4E4CEB4627624.d.DDD2139C3256B74854320C93BE1EB4C2.e.14052","ELEMENT":"f.37B6A3D8B8D5C040CDE4E4CEB4627624.d.DDD2139C3256B74854320C93BE1EB4C2.e.14052"}]}
RESULT: {"script":"<script> [56 bytes]","args":[{"element-6066-11e4-a52e-4f735466cecf":"f.37B6A3D8B8D5C040CDE4E4CEB4627624.d.DDD2139C3256B74854320C93BE1EB4C2.e.14052","ELEMENT":"f.37B6A3D8B8D5C040CDE4E4CEB4627624.d.DDD2139C3256B74854320C93BE1EB4C2.e.14052"}]}
COMMAND: POST /session/76bbe7a963ba333ac6e3770165032c4a/element - {"using":"css selector","value":"#shell-header-logo"}
COMMAND: GET /session/76bbe7a963ba333ac6e3770165032c4a/screenshot - {}
RESULT: {"using":"css selector","value":"#shell-header-logo"}
COMMAND: POST /session/76bbe7a963ba333ac6e3770165032c4a/element/f.37B6A3D8B8D5C040CDE4E4CEB4627624.d.DDD2139C3256B74854320C93BE1EB4C2.e.13508/click - {}
RESULT: {}
RESULT: {}
COMMAND: GET /session/76bbe7a963ba333ac6e3770165032c4a/screenshot - {}
RESULT: {}
]]></system-out>
    </testcase>
  </testsuite>
  <testsuite timestamp="2025-05-20T06:14:56" time="345.494" tests="6" failures="0" errors="0" skipped="0">
    <properties>
      <property name="specId" value="0" />
      <property name="suiteName" value="Provide to Site w/o warehouse management w clarification" />
      <property name="capabilities" value="chrome.136_0_7103_93.windows" />
      <property name="file" value="file:///D:/a/1/s/test/specs/HTR/provide-to-site-wo-warehouse-w-clarification.spec.js" />
    </properties>
    <testcase classname="chrome.136_0_7103_93.windows.Provide_to_Site_w/o_warehouse_management_w_clarification" name="Should do a stock increase handover" time="85.378">
      <system-out><![CDATA[
COMMAND: POST /session/76bbe7a963ba333ac6e3770165032c4a/execute/async - {"script":"<script> [1562 bytes]","args":[{"selector":{"controlType":"sap.m.GenericTile","properties":{"header":"Manage Handovers"}},"wdio_ui5_key":"sapm.GenericTile{\"header\":\"Manage Handovers\"}"}]}
RESULT: {"script":"<script> [1562 bytes]","args":[{"selector":{"controlType":"sap.m.GenericTile","properties":{"header":"Manage Handovers"}},"wdio_ui5_key":"sapm.GenericTile{\"header\":\"Manage Handovers\"}"}]}
RESULT: undefined
COMMAND: POST /session/76bbe7a963ba333ac6e3770165032c4a/element - {"using":"xpath","value":"//*[@id=\"__tile133\"]"}
RESULT: {"using":"xpath","value":"//*[@id=\"__tile133\"]"}
COMMAND: POST /session/76bbe7a963ba333ac6e3770165032c4a/element/f.37B6A3D8B8D5C040CDE4E4CEB4627624.d.DDD2139C3256B74854320C93BE1EB4C2.e.11275/click - {}
RESULT: {}
COMMAND: GET /session/76bbe7a963ba333ac6e3770165032c4a/screenshot - {}
RESULT: {}
COMMAND: POST /session/76bbe7a963ba333ac6e3770165032c4a/elements - {"using":"xpath","value":"//span[text()='Error']"}
RESULT: {"using":"xpath","value":"//span[text()='Error']"}
COMMAND: POST /session/76bbe7a963ba333ac6e3770165032c4a/element - {"using":"xpath","value":"//button[@data-kt=\"masterHOAddButton\"]"}
RESULT: {"using":"xpath","value":"//button[@data-kt=\"masterHOAddButton\"]"}
COMMAND: POST /session/76bbe7a963ba333ac6e3770165032c4a/elements - {"using":"xpath","value":"//button[@data-kt=\"masterHOAddButton\"]"}
RESULT: {"using":"xpath","value":"//button[@data-kt=\"masterHOAddButton\"]"}
COMMAND: POST /session/76bbe7a963ba333ac6e3770165032c4a/execute/sync - {"script":"<script> [8489 bytes]","args":[{"element-6066-11e4-a52e-4f735466cecf":"f.37B6A3D8B8D5C040CDE4E4CEB4627624.d.DDD2139C3256B74854320C93BE1EB4C2.e.14089","ELEMENT":"f.37B6A3D8B8D5C040CDE4E4CEB4627624.d.DDD2139C3256B74854320C93BE1EB4C2.e.14089"}]}
RESULT: {"script":"<script> [8489 bytes]","args":[{"element-6066-11e4-a52e-4f735466cecf":"f.37B6A3D8B8D5C040CDE4E4CEB4627624.d.DDD2139C3256B74854320C93BE1EB4C2.e.14089","ELEMENT":"f.37B6A3D8B8D5C040CDE4E4CEB4627624.d.DDD2139C3256B74854320C93BE1EB4C2.e.14089"}]}
COMMAND: GET /session/76bbe7a963ba333ac6e3770165032c4a/element/f.37B6A3D8B8D5C040CDE4E4CEB4627624.d.DDD2139C3256B74854320C93BE1EB4C2.e.14089/enabled - {}
COMMAND: GET /session/76bbe7a963ba333ac6e3770165032c4a/screenshot - {}
RESULT: {}
COMMAND: POST /session/76bbe7a963ba333ac6e3770165032c4a/execute/sync - {"script":"<script> [8489 bytes]","args":[{"element-6066-11e4-a52e-4f735466cecf":"f.37B6A3D8B8D5C040CDE4E4CEB4627624.d.DDD2139C3256B74854320C93BE1EB4C2.e.14089","ELEMENT":"f.37B6A3D8B8D5C040CDE4E4CEB4627624.d.DDD2139C3256B74854320C93BE1EB4C2.e.14089"}]}
COMMAND: GET /session/76bbe7a963ba333ac6e3770165032c4a/screenshot - {}
RESULT: {}
RESULT: {"script":"<script> [8489 bytes]","args":[{"element-6066-11e4-a52e-4f735466cecf":"f.37B6A3D8B8D5C040CDE4E4CEB4627624.d.DDD2139C3256B74854320C93BE1EB4C2.e.14089","ELEMENT":"f.37B6A3D8B8D5C040CDE4E4CEB4627624.d.DDD2139C3256B74854320C93BE1EB4C2.e.14089"}]}
COMMAND: POST /session/76bbe7a963ba333ac6e3770165032c4a/execute/sync - {"script":"<script> [5351 bytes]","args":[{"element-6066-11e4-a52e-4f735466cecf":"f.37B6A3D8B8D5C040CDE4E4CEB4627624.d.DDD2139C3256B74854320C93BE1EB4C2.e.14089","ELEMENT":"f.37B6A3D8B8D5C040CDE4E4CEB4627624.d.DDD2139C3256B74854320C93BE1EB4C2.e.14089"}]}
COMMAND: GET /session/76bbe7a963ba333ac6e3770165032c4a/screenshot - {}
RESULT: {}
RESULT: {"script":"<script> [5351 bytes]","args":[{"element-6066-11e4-a52e-4f735466cecf":"f.37B6A3D8B8D5C040CDE4E4CEB4627624.d.DDD2139C3256B74854320C93BE1EB4C2.e.14089","ELEMENT":"f.37B6A3D8B8D5C040CDE4E4CEB4627624.d.DDD2139C3256B74854320C93BE1EB4C2.e.14089"}]}
COMMAND: POST /session/76bbe7a963ba333ac6e3770165032c4a/element/f.37B6A3D8B8D5C040CDE4E4CEB4627624.d.DDD2139C3256B74854320C93BE1EB4C2.e.14089/click - {}
COMMAND: GET /session/76bbe7a963ba333ac6e3770165032c4a/screenshot - {}
RESULT: {}
RESULT: {}
COMMAND: GET /session/76bbe7a963ba333ac6e3770165032c4a/screenshot - {}
RESULT: {}
RESULT: {}
COMMAND: POST /session/76bbe7a963ba333ac6e3770165032c4a/element - {"using":"xpath","value":"//span[contains(@id ,\"AddNewHO--typeSelect-arrow\")]"}
RESULT: {"using":"xpath","value":"//span[contains(@id ,\"AddNewHO--typeSelect-arrow\")]"}
COMMAND: POST /session/76bbe7a963ba333ac6e3770165032c4a/element/f.37B6A3D8B8D5C040CDE4E4CEB4627624.d.DDD2139C3256B74854320C93BE1EB4C2.e.14451/click - {}
RESULT: {}
COMMAND: GET /session/76bbe7a963ba333ac6e3770165032c4a/screenshot - {}
RESULT: {}
COMMAND: POST /session/76bbe7a963ba333ac6e3770165032c4a/element - {"using":"xpath","value":"(//li[contains(text(), \"stock increase yard\")])[1]"}
RESULT: {"using":"xpath","value":"(//li[contains(text(), \"stock increase yard\")])[1]"}
COMMAND: POST /session/76bbe7a963ba333ac6e3770165032c4a/element/f.37B6A3D8B8D5C040CDE4E4CEB4627624.d.DDD2139C3256B74854320C93BE1EB4C2.e.14452/click - {}
RESULT: {}
COMMAND: GET /session/76bbe7a963ba333ac6e3770165032c4a/screenshot - {}
RESULT: {}
COMMAND: POST /session/76bbe7a963ba333ac6e3770165032c4a/execute/async - {"script":"<script> [1562 bytes]","args":[{"selector":{"id":"application-managehandovers-display-component---AddNewHO--dueDate","interaction":{"idSuffix":"inner"}},"wdio_ui5_key":"applicationmanagehandovers-display-component---AddNewHO--dueDate"}]}
RESULT: {"script":"<script> [1562 bytes]","args":[{"selector":{"id":"application-managehandovers-display-component---AddNewHO--dueDate","interaction":{"idSuffix":"inner"}},"wdio_ui5_key":"applicationmanagehandovers-display-component---AddNewHO--dueDate"}]}
RESULT: undefined
COMMAND: POST /session/76bbe7a963ba333ac6e3770165032c4a/execute/async - {"script":"<script> [6424 bytes]","args":[{"element-6066-11e4-a52e-4f735466cecf":"f.37B6A3D8B8D5C040CDE4E4CEB4627624.d.DDD2139C3256B74854320C93BE1EB4C2.e.14454"},"setValue",["5/20/25"]]}
RESULT: {"script":"<script> [6424 bytes]","args":[{"element-6066-11e4-a52e-4f735466cecf":"f.37B6A3D8B8D5C040CDE4E4CEB4627624.d.DDD2139C3256B74854320C93BE1EB4C2.e.14454"},"setValue",["5/20/25"]]}
COMMAND: POST /session/76bbe7a963ba333ac6e3770165032c4a/element - {"using":"xpath","value":"//input[@id=\"generalSectionFrg--receiveYard-inner\"]"}
RESULT: {"using":"xpath","value":"//input[@id=\"generalSectionFrg--receiveYard-inner\"]"}
COMMAND: POST /session/76bbe7a963ba333ac6e3770165032c4a/element/f.37B6A3D8B8D5C040CDE4E4CEB4627624.d.DDD2139C3256B74854320C93BE1EB4C2.e.14458/clear - {}
RESULT: {}
COMMAND: POST /session/76bbe7a963ba333ac6e3770165032c4a/element/f.37B6A3D8B8D5C040CDE4E4CEB4627624.d.DDD2139C3256B74854320C93BE1EB4C2.e.14458/value - {"text":"577"}
COMMAND: GET /session/76bbe7a963ba333ac6e3770165032c4a/screenshot - {}
RESULT: {"text":"577"}
COMMAND: GET /session/76bbe7a963ba333ac6e3770165032c4a/screenshot - {}
RESULT: {}
RESULT: {}
COMMAND: POST /session/76bbe7a963ba333ac6e3770165032c4a/element - {"using":"xpath","value":"//li[.//span[text()='577']]"}
RESULT: {"using":"xpath","value":"//li[.//span[text()='577']]"}
COMMAND: POST /session/76bbe7a963ba333ac6e3770165032c4a/element/f.37B6A3D8B8D5C040CDE4E4CEB4627624.d.DDD2139C3256B74854320C93BE1EB4C2.e.14476/click - {}
RESULT: {}
COMMAND: GET /session/76bbe7a963ba333ac6e3770165032c4a/screenshot - {}
RESULT: {}
COMMAND: POST /session/76bbe7a963ba333ac6e3770165032c4a/execute/async - {"script":"<script> [1562 bytes]","args":[{"selector":{"id":"application-managehandovers-display-component---AddNewHO--ObjectPageLayout-anchBar-application-managehandovers-display-component---AddNewHO--section4-anchor","interaction":{"idSuffix":"BDI-content"}},"wdio_ui5_key":"applicationmanagehandovers-display-component---AddNewHO--ObjectPageLayout-anchBar-application-managehandovers-display-component---AddNewHO--section4-anchor"}]}
RESULT: {"script":"<script> [1562 bytes]","args":[{"selector":{"id":"application-managehandovers-display-component---AddNewHO--ObjectPageLayout-anchBar-application-managehandovers-display-component---AddNewHO--section4-anchor","interaction":{"idSuffix":"BDI-content"}},"wdio_ui5_key":"applicationmanagehandovers-display-component---AddNewHO--ObjectPageLayout-anchBar-application-managehandovers-display-component---AddNewHO--section4-anchor"}]}
RESULT: undefined
COMMAND: POST /session/76bbe7a963ba333ac6e3770165032c4a/element - {"using":"xpath","value":"//*[@id=\"application-managehandovers-display-component---AddNewHO--ObjectPageLayout-anchBar-application-managehandovers-display-component---AddNewHO--section4-anchor\"]"}
RESULT: {"using":"xpath","value":"//*[@id=\"application-managehandovers-display-component---AddNewHO--ObjectPageLayout-anchBar-application-managehandovers-display-component---AddNewHO--section4-anchor\"]"}
COMMAND: POST /session/76bbe7a963ba333ac6e3770165032c4a/element/f.37B6A3D8B8D5C040CDE4E4CEB4627624.d.DDD2139C3256B74854320C93BE1EB4C2.e.14478/click - {}
RESULT: {}
COMMAND: POST /session/76bbe7a963ba333ac6e3770165032c4a/element - {"using":"xpath","value":"//button[@aria-label=\"Add\"]"}
COMMAND: GET /session/76bbe7a963ba333ac6e3770165032c4a/screenshot - {}
RESULT: {"using":"xpath","value":"//button[@aria-label=\"Add\"]"}
COMMAND: POST /session/76bbe7a963ba333ac6e3770165032c4a/element/f.37B6A3D8B8D5C040CDE4E4CEB4627624.d.DDD2139C3256B74854320C93BE1EB4C2.e.14480/click - {}
RESULT: {}
RESULT: {}
COMMAND: GET /session/76bbe7a963ba333ac6e3770165032c4a/screenshot - {}
RESULT: {}
COMMAND: POST /session/76bbe7a963ba333ac6e3770165032c4a/execute/async - {"script":"<script> [1562 bytes]","args":[{"selector":{"id":"application-managehandovers-display-component---AddNewHO--smartFilterBar-btnBasicSearch","searchOpenDialogs":true,"interaction":{"idSuffix":"I"}},"wdio_ui5_key":"applicationmanagehandovers-display-component---AddNewHO--smartFilterBar-btnBasicSearch"}]}
RESULT: {"script":"<script> [1562 bytes]","args":[{"selector":{"id":"application-managehandovers-display-component---AddNewHO--smartFilterBar-btnBasicSearch","searchOpenDialogs":true,"interaction":{"idSuffix":"I"}},"wdio_ui5_key":"applicationmanagehandovers-display-component---AddNewHO--smartFilterBar-btnBasicSearch"}]}
RESULT: undefined
COMMAND: POST /session/76bbe7a963ba333ac6e3770165032c4a/execute/async - {"script":"<script> [776 bytes]","args":[{"enterText":"200317","selector":{"id":"application-managehandovers-display-component---AddNewHO--smartFilterBar-btnBasicSearch","searchOpenDialogs":true,"interaction":{"idSuffix":"I"}},"clearTextFirst":true,"interactionType":"ENTER_TEXT"}]}
RESULT: {"script":"<script> [776 bytes]","args":[{"enterText":"200317","selector":{"id":"application-managehandovers-display-component---AddNewHO--smartFilterBar-btnBasicSearch","searchOpenDialogs":true,"interaction":{"idSuffix":"I"}},"clearTextFirst":true,"interactionType":"ENTER_TEXT"}]}
COMMAND: POST /session/76bbe7a963ba333ac6e3770165032c4a/actions - {"actions":[{"id":"action49","type":"key","parameters":{},"actions":[{"type":"keyDown","value":"î€‡"},{"type":"pause","duration":10},{"type":"keyUp","value":"î€‡"}]}]}
RESULT: {"actions":[{"id":"action49","type":"key","parameters":{},"actions":[{"type":"keyDown","value":"î€‡"},{"type":"pause","duration":10},{"type":"keyUp","value":"î€‡"}]}]}
COMMAND: GET /session/76bbe7a963ba333ac6e3770165032c4a/screenshot - {}
RESULT: {}
COMMAND: POST /session/76bbe7a963ba333ac6e3770165032c4a/execute/async - {"script":"<script> [1562 bytes]","args":[{"selector":{"id":"application-managehandovers-display-component---AddNewHO--popup-sa","searchOpenDialogs":true,"interaction":{"idSuffix":"CbBg"}},"wdio_ui5_key":"applicationmanagehandovers-display-component---AddNewHO--popup-sa"}]}
RESULT: {"script":"<script> [1562 bytes]","args":[{"selector":{"id":"application-managehandovers-display-component---AddNewHO--popup-sa","searchOpenDialogs":true,"interaction":{"idSuffix":"CbBg"}},"wdio_ui5_key":"applicationmanagehandovers-display-component---AddNewHO--popup-sa"}]}
RESULT: undefined
COMMAND: POST /session/76bbe7a963ba333ac6e3770165032c4a/element - {"using":"xpath","value":"//*[@id=\"application-managehandovers-display-component---AddNewHO--popup-sa\"]"}
RESULT: {"using":"xpath","value":"//*[@id=\"application-managehandovers-display-component---AddNewHO--popup-sa\"]"}
COMMAND: POST /session/76bbe7a963ba333ac6e3770165032c4a/element/f.37B6A3D8B8D5C040CDE4E4CEB4627624.d.DDD2139C3256B74854320C93BE1EB4C2.e.14634/click - {}
RESULT: {}
COMMAND: GET /session/76bbe7a963ba333ac6e3770165032c4a/screenshot - {}
RESULT: {}
COMMAND: POST /session/76bbe7a963ba333ac6e3770165032c4a/element - {"using":"xpath","value":"//bdi[contains(text(), \"Select\")]"}
RESULT: {"using":"xpath","value":"//bdi[contains(text(), \"Select\")]"}
COMMAND: POST /session/76bbe7a963ba333ac6e3770165032c4a/element/f.37B6A3D8B8D5C040CDE4E4CEB4627624.d.DDD2139C3256B74854320C93BE1EB4C2.e.14635/click - {}
RESULT: {}
COMMAND: GET /session/76bbe7a963ba333ac6e3770165032c4a/screenshot - {}
RESULT: {}
COMMAND: POST /session/76bbe7a963ba333ac6e3770165032c4a/element - {"using":"xpath","value":"//button[@data-kt=\"AddNewHOSaveButton\"]"}
RESULT: {"using":"xpath","value":"//button[@data-kt=\"AddNewHOSaveButton\"]"}
COMMAND: POST /session/76bbe7a963ba333ac6e3770165032c4a/element/f.37B6A3D8B8D5C040CDE4E4CEB4627624.d.DDD2139C3256B74854320C93BE1EB4C2.e.14639/click - {}
RESULT: {}
COMMAND: GET /session/76bbe7a963ba333ac6e3770165032c4a/screenshot - {}
RESULT: {}
COMMAND: POST /session/76bbe7a963ba333ac6e3770165032c4a/execute/async - {"script":"<script> [1562 bytes]","args":[{"selector":{"id":"receiptDatePicker","viewName":"etm.portal.ui.managehandovers.view.DetailExecuteHO","interaction":{"idSuffix":"inner"}},"wdio_ui5_key":"receiptDatePickeretmportal.ui.managehandovers.view.DetailExecuteHO"}]}
RESULT: {"script":"<script> [1562 bytes]","args":[{"selector":{"id":"receiptDatePicker","viewName":"etm.portal.ui.managehandovers.view.DetailExecuteHO","interaction":{"idSuffix":"inner"}},"wdio_ui5_key":"receiptDatePickeretmportal.ui.managehandovers.view.DetailExecuteHO"}]}
RESULT: undefined
COMMAND: POST /session/76bbe7a963ba333ac6e3770165032c4a/execute/async - {"script":"<script> [6424 bytes]","args":[{"element-6066-11e4-a52e-4f735466cecf":"f.37B6A3D8B8D5C040CDE4E4CEB4627624.d.DDD2139C3256B74854320C93BE1EB4C2.e.14659"},"setValue",["5/20/25"]]}
RESULT: {"script":"<script> [6424 bytes]","args":[{"element-6066-11e4-a52e-4f735466cecf":"f.37B6A3D8B8D5C040CDE4E4CEB4627624.d.DDD2139C3256B74854320C93BE1EB4C2.e.14659"},"setValue",["5/20/25"]]}
COMMAND: POST /session/76bbe7a963ba333ac6e3770165032c4a/element - {"using":"xpath","value":"//button[@data-kt=\"PickingTableConfirmAllButton\"]"}
RESULT: {"using":"xpath","value":"//button[@data-kt=\"PickingTableConfirmAllButton\"]"}
COMMAND: POST /session/76bbe7a963ba333ac6e3770165032c4a/element/f.37B6A3D8B8D5C040CDE4E4CEB4627624.d.DDD2139C3256B74854320C93BE1EB4C2.e.14672/click - {}
RESULT: {}
COMMAND: GET /session/76bbe7a963ba333ac6e3770165032c4a/screenshot - {}
RESULT: {}
COMMAND: POST /session/76bbe7a963ba333ac6e3770165032c4a/element - {"using":"xpath","value":"//bdi[contains(text(), \"OK\")]"}
RESULT: {"using":"xpath","value":"//bdi[contains(text(), \"OK\")]"}
COMMAND: POST /session/76bbe7a963ba333ac6e3770165032c4a/element/f.37B6A3D8B8D5C040CDE4E4CEB4627624.d.DDD2139C3256B74854320C93BE1EB4C2.e.14674/click - {}
RESULT: {}
COMMAND: GET /session/76bbe7a963ba333ac6e3770165032c4a/screenshot - {}
RESULT: {}
COMMAND: POST /session/76bbe7a963ba333ac6e3770165032c4a/element - {"using":"xpath","value":"(//bdi[contains(text(), \"Receive\")])[2]"}
RESULT: {"using":"xpath","value":"(//bdi[contains(text(), \"Receive\")])[2]"}
COMMAND: POST /session/76bbe7a963ba333ac6e3770165032c4a/element/f.37B6A3D8B8D5C040CDE4E4CEB4627624.d.DDD2139C3256B74854320C93BE1EB4C2.e.14676/click - {}
RESULT: {}
COMMAND: GET /session/76bbe7a963ba333ac6e3770165032c4a/screenshot - {}
RESULT: {}
COMMAND: POST /session/76bbe7a963ba333ac6e3770165032c4a/element - {"using":"css selector","value":"#shell-header-logo"}
RESULT: {"using":"css selector","value":"#shell-header-logo"}
COMMAND: POST /session/76bbe7a963ba333ac6e3770165032c4a/element/f.37B6A3D8B8D5C040CDE4E4CEB4627624.d.DDD2139C3256B74854320C93BE1EB4C2.e.14055/click - {}
RESULT: {}
COMMAND: GET /session/76bbe7a963ba333ac6e3770165032c4a/screenshot - {}
RESULT: {}
]]></system-out>
    </testcase>
    <testcase classname="chrome.136_0_7103_93.windows.Provide_to_Site_w/o_warehouse_management_w_clarification" name="Should create a new contract" time="61.091">
      <system-out><![CDATA[
COMMAND: POST /session/76bbe7a963ba333ac6e3770165032c4a/execute/async - {"script":"<script> [1562 bytes]","args":[{"selector":{"controlType":"sap.m.GenericTile","properties":{"header":"Manage Contracts"}},"wdio_ui5_key":"sapm.GenericTile{\"header\":\"Manage Contracts\"}"}]}
RESULT: {"script":"<script> [1562 bytes]","args":[{"selector":{"controlType":"sap.m.GenericTile","properties":{"header":"Manage Contracts"}},"wdio_ui5_key":"sapm.GenericTile{\"header\":\"Manage Contracts\"}"}]}
RESULT: undefined
COMMAND: POST /session/76bbe7a963ba333ac6e3770165032c4a/element - {"using":"xpath","value":"//*[@id=\"__tile132\"]"}
RESULT: {"using":"xpath","value":"//*[@id=\"__tile132\"]"}
COMMAND: POST /session/76bbe7a963ba333ac6e3770165032c4a/element/f.37B6A3D8B8D5C040CDE4E4CEB4627624.d.DDD2139C3256B74854320C93BE1EB4C2.e.11264/click - {}
RESULT: {}
COMMAND: GET /session/76bbe7a963ba333ac6e3770165032c4a/screenshot - {}
RESULT: {}
COMMAND: POST /session/76bbe7a963ba333ac6e3770165032c4a/elements - {"using":"xpath","value":"//span[text()='Error']"}
RESULT: {"using":"xpath","value":"//span[text()='Error']"}
COMMAND: POST /session/76bbe7a963ba333ac6e3770165032c4a/element - {"using":"xpath","value":"//button[@data-kt=\"addButton\"]"}
RESULT: {"using":"xpath","value":"//button[@data-kt=\"addButton\"]"}
COMMAND: POST /session/76bbe7a963ba333ac6e3770165032c4a/elements - {"using":"xpath","value":"//button[@data-kt=\"addButton\"]"}
RESULT: {"using":"xpath","value":"//button[@data-kt=\"addButton\"]"}
COMMAND: POST /session/76bbe7a963ba333ac6e3770165032c4a/execute/sync - {"script":"<script> [8489 bytes]","args":[{"element-6066-11e4-a52e-4f735466cecf":"f.37B6A3D8B8D5C040CDE4E4CEB4627624.d.DDD2139C3256B74854320C93BE1EB4C2.e.14896","ELEMENT":"f.37B6A3D8B8D5C040CDE4E4CEB4627624.d.DDD2139C3256B74854320C93BE1EB4C2.e.14896"}]}
RESULT: {"script":"<script> [8489 bytes]","args":[{"element-6066-11e4-a52e-4f735466cecf":"f.37B6A3D8B8D5C040CDE4E4CEB4627624.d.DDD2139C3256B74854320C93BE1EB4C2.e.14896","ELEMENT":"f.37B6A3D8B8D5C040CDE4E4CEB4627624.d.DDD2139C3256B74854320C93BE1EB4C2.e.14896"}]}
COMMAND: GET /session/76bbe7a963ba333ac6e3770165032c4a/element/f.37B6A3D8B8D5C040CDE4E4CEB4627624.d.DDD2139C3256B74854320C93BE1EB4C2.e.14896/enabled - {}
COMMAND: GET /session/76bbe7a963ba333ac6e3770165032c4a/screenshot - {}
RESULT: {}
COMMAND: POST /session/76bbe7a963ba333ac6e3770165032c4a/execute/sync - {"script":"<script> [8489 bytes]","args":[{"element-6066-11e4-a52e-4f735466cecf":"f.37B6A3D8B8D5C040CDE4E4CEB4627624.d.DDD2139C3256B74854320C93BE1EB4C2.e.14896","ELEMENT":"f.37B6A3D8B8D5C040CDE4E4CEB4627624.d.DDD2139C3256B74854320C93BE1EB4C2.e.14896"}]}
COMMAND: GET /session/76bbe7a963ba333ac6e3770165032c4a/screenshot - {}
RESULT: {}
RESULT: {"script":"<script> [8489 bytes]","args":[{"element-6066-11e4-a52e-4f735466cecf":"f.37B6A3D8B8D5C040CDE4E4CEB4627624.d.DDD2139C3256B74854320C93BE1EB4C2.e.14896","ELEMENT":"f.37B6A3D8B8D5C040CDE4E4CEB4627624.d.DDD2139C3256B74854320C93BE1EB4C2.e.14896"}]}
COMMAND: POST /session/76bbe7a963ba333ac6e3770165032c4a/execute/sync - {"script":"<script> [5351 bytes]","args":[{"element-6066-11e4-a52e-4f735466cecf":"f.37B6A3D8B8D5C040CDE4E4CEB4627624.d.DDD2139C3256B74854320C93BE1EB4C2.e.14896","ELEMENT":"f.37B6A3D8B8D5C040CDE4E4CEB4627624.d.DDD2139C3256B74854320C93BE1EB4C2.e.14896"}]}
COMMAND: GET /session/76bbe7a963ba333ac6e3770165032c4a/screenshot - {}
RESULT: {}
RESULT: {"script":"<script> [5351 bytes]","args":[{"element-6066-11e4-a52e-4f735466cecf":"f.37B6A3D8B8D5C040CDE4E4CEB4627624.d.DDD2139C3256B74854320C93BE1EB4C2.e.14896","ELEMENT":"f.37B6A3D8B8D5C040CDE4E4CEB4627624.d.DDD2139C3256B74854320C93BE1EB4C2.e.14896"}]}
COMMAND: GET /session/76bbe7a963ba333ac6e3770165032c4a/screenshot - {}
RESULT: {}
RESULT: {}
COMMAND: POST /session/76bbe7a963ba333ac6e3770165032c4a/element/f.37B6A3D8B8D5C040CDE4E4CEB4627624.d.DDD2139C3256B74854320C93BE1EB4C2.e.14896/click - {}
RESULT: {}
COMMAND: GET /session/76bbe7a963ba333ac6e3770165032c4a/screenshot - {}
RESULT: {}
COMMAND: POST /session/76bbe7a963ba333ac6e3770165032c4a/execute/async - {"script":"<script> [1562 bytes]","args":[{"selector":{"id":"application-managecontracts-display-component---AddNewContract--projectDescription","interaction":{"idSuffix":"inner"}},"wdio_ui5_key":"applicationmanagecontracts-display-component---AddNewContract--projectDescription"}]}
RESULT: {"script":"<script> [1562 bytes]","args":[{"selector":{"id":"application-managecontracts-display-component---AddNewContract--projectDescription","interaction":{"idSuffix":"inner"}},"wdio_ui5_key":"applicationmanagecontracts-display-component---AddNewContract--projectDescription"}]}
RESULT: undefined
COMMAND: POST /session/76bbe7a963ba333ac6e3770165032c4a/execute/async - {"script":"<script> [776 bytes]","args":[{"enterText":"Contract WDIO","selector":{"id":"application-managecontracts-display-component---AddNewContract--projectDescription","interaction":{"idSuffix":"inner"}},"clearTextFirst":true,"interactionType":"ENTER_TEXT"}]}
RESULT: {"script":"<script> [776 bytes]","args":[{"enterText":"Contract WDIO","selector":{"id":"application-managecontracts-display-component---AddNewContract--projectDescription","interaction":{"idSuffix":"inner"}},"clearTextFirst":true,"interactionType":"ENTER_TEXT"}]}
COMMAND: POST /session/76bbe7a963ba333ac6e3770165032c4a/element - {"using":"xpath","value":"//input[@id=\"application-managecontracts-display-component---AddNewContract--site-inner\"]"}
RESULT: {"using":"xpath","value":"//input[@id=\"application-managecontracts-display-component---AddNewContract--site-inner\"]"}
COMMAND: POST /session/76bbe7a963ba333ac6e3770165032c4a/element/f.37B6A3D8B8D5C040CDE4E4CEB4627624.d.DDD2139C3256B74854320C93BE1EB4C2.e.15255/clear - {}
RESULT: {}
COMMAND: POST /session/76bbe7a963ba333ac6e3770165032c4a/element/f.37B6A3D8B8D5C040CDE4E4CEB4627624.d.DDD2139C3256B74854320C93BE1EB4C2.e.15255/value - {"text":"2292"}
COMMAND: GET /session/76bbe7a963ba333ac6e3770165032c4a/screenshot - {}
RESULT: {"text":"2292"}
COMMAND: GET /session/76bbe7a963ba333ac6e3770165032c4a/screenshot - {}
RESULT: {}
RESULT: {}
COMMAND: POST /session/76bbe7a963ba333ac6e3770165032c4a/element - {"using":"xpath","value":"//li[.//span[text()='2292']]"}
RESULT: {"using":"xpath","value":"//li[.//span[text()='2292']]"}
COMMAND: POST /session/76bbe7a963ba333ac6e3770165032c4a/element/f.37B6A3D8B8D5C040CDE4E4CEB4627624.d.DDD2139C3256B74854320C93BE1EB4C2.e.15287/click - {}
RESULT: {}
COMMAND: GET /session/76bbe7a963ba333ac6e3770165032c4a/screenshot - {}
RESULT: {}
COMMAND: POST /session/76bbe7a963ba333ac6e3770165032c4a/element - {"using":"xpath","value":"//input[@id=\"application-managecontracts-display-component---AddNewContract--yardId-inner\"]"}
RESULT: {"using":"xpath","value":"//input[@id=\"application-managecontracts-display-component---AddNewContract--yardId-inner\"]"}
COMMAND: GET /session/76bbe7a963ba333ac6e3770165032c4a/element/f.37B6A3D8B8D5C040CDE4E4CEB4627624.d.DDD2139C3256B74854320C93BE1EB4C2.e.15256/property/value - {}
RESULT: {}
COMMAND: POST /session/76bbe7a963ba333ac6e3770165032c4a/element - {"using":"xpath","value":"//input[@id=\"application-managecontracts-display-component---AddNewContract--customerSelect-inner\"]"}
COMMAND: GET /session/76bbe7a963ba333ac6e3770165032c4a/screenshot - {}
RESULT: {"using":"xpath","value":"//input[@id=\"application-managecontracts-display-component---AddNewContract--customerSelect-inner\"]"}
COMMAND: POST /session/76bbe7a963ba333ac6e3770165032c4a/element/f.37B6A3D8B8D5C040CDE4E4CEB4627624.d.DDD2139C3256B74854320C93BE1EB4C2.e.15254/clear - {}
RESULT: {}
RESULT: {}
COMMAND: POST /session/76bbe7a963ba333ac6e3770165032c4a/element/f.37B6A3D8B8D5C040CDE4E4CEB4627624.d.DDD2139C3256B74854320C93BE1EB4C2.e.15254/value - {"text":"1349"}
COMMAND: GET /session/76bbe7a963ba333ac6e3770165032c4a/screenshot - {}
RESULT: {"text":"1349"}
COMMAND: GET /session/76bbe7a963ba333ac6e3770165032c4a/screenshot - {}
RESULT: {}
RESULT: {}
COMMAND: POST /session/76bbe7a963ba333ac6e3770165032c4a/element - {"using":"xpath","value":"//li[.//span[text()='1349']]"}
RESULT: {"using":"xpath","value":"//li[.//span[text()='1349']]"}
COMMAND: POST /session/76bbe7a963ba333ac6e3770165032c4a/element/f.37B6A3D8B8D5C040CDE4E4CEB4627624.d.DDD2139C3256B74854320C93BE1EB4C2.e.15290/click - {}
RESULT: {}
COMMAND: GET /session/76bbe7a963ba333ac6e3770165032c4a/screenshot - {}
RESULT: {}
COMMAND: POST /session/76bbe7a963ba333ac6e3770165032c4a/element - {"using":"xpath","value":"//button[@data-kt=\"saveButton\"]"}
RESULT: {"using":"xpath","value":"//button[@data-kt=\"saveButton\"]"}
COMMAND: POST /session/76bbe7a963ba333ac6e3770165032c4a/element/f.37B6A3D8B8D5C040CDE4E4CEB4627624.d.DDD2139C3256B74854320C93BE1EB4C2.e.15291/click - {}
RESULT: {}
COMMAND: GET /session/76bbe7a963ba333ac6e3770165032c4a/screenshot - {}
RESULT: {}
COMMAND: POST /session/76bbe7a963ba333ac6e3770165032c4a/element - {"using":"xpath","value":"//span[contains(@id ,\"contractDetailTitleNoExpanded\")]"}
RESULT: {"using":"xpath","value":"//span[contains(@id ,\"contractDetailTitleNoExpanded\")]"}
COMMAND: POST /session/76bbe7a963ba333ac6e3770165032c4a/elements - {"using":"xpath","value":"//span[contains(@id ,\"contractDetailTitleNoExpanded\")]"}
RESULT: {"using":"xpath","value":"//span[contains(@id ,\"contractDetailTitleNoExpanded\")]"}
COMMAND: POST /session/76bbe7a963ba333ac6e3770165032c4a/execute/sync - {"script":"<script> [56 bytes]","args":[{"element-6066-11e4-a52e-4f735466cecf":"f.37B6A3D8B8D5C040CDE4E4CEB4627624.d.DDD2139C3256B74854320C93BE1EB4C2.e.15362","ELEMENT":"f.37B6A3D8B8D5C040CDE4E4CEB4627624.d.DDD2139C3256B74854320C93BE1EB4C2.e.15362"}]}
RESULT: {"script":"<script> [56 bytes]","args":[{"element-6066-11e4-a52e-4f735466cecf":"f.37B6A3D8B8D5C040CDE4E4CEB4627624.d.DDD2139C3256B74854320C93BE1EB4C2.e.15362","ELEMENT":"f.37B6A3D8B8D5C040CDE4E4CEB4627624.d.DDD2139C3256B74854320C93BE1EB4C2.e.15362"}]}
COMMAND: GET /session/76bbe7a963ba333ac6e3770165032c4a/screenshot - {}
RESULT: {}
]]></system-out>
    </testcase>
    <testcase classname="chrome.136_0_7103_93.windows.Provide_to_Site_w/o_warehouse_management_w_clarification" name="Should add equipment to the contract" time="55.943">
      <system-out><![CDATA[
COMMAND: POST /session/76bbe7a963ba333ac6e3770165032c4a/element - {"using":"xpath","value":"//button[@data-kt=\"contractDetailEditBtnButton\"]"}
RESULT: {"using":"xpath","value":"//button[@data-kt=\"contractDetailEditBtnButton\"]"}
COMMAND: POST /session/76bbe7a963ba333ac6e3770165032c4a/element/f.37B6A3D8B8D5C040CDE4E4CEB4627624.d.DDD2139C3256B74854320C93BE1EB4C2.e.15365/click - {}
RESULT: {}
COMMAND: GET /session/76bbe7a963ba333ac6e3770165032c4a/screenshot - {}
RESULT: {}
COMMAND: POST /session/76bbe7a963ba333ac6e3770165032c4a/element - {"using":"xpath","value":"(//span[contains(text(), \"Additional Addresses\")])[2]"}
RESULT: {"using":"xpath","value":"(//span[contains(text(), \"Additional Addresses\")])[2]"}
COMMAND: POST /session/76bbe7a963ba333ac6e3770165032c4a/element/f.37B6A3D8B8D5C040CDE4E4CEB4627624.d.DDD2139C3256B74854320C93BE1EB4C2.e.15419/click - {}
RESULT: {}
COMMAND: GET /session/76bbe7a963ba333ac6e3770165032c4a/screenshot - {}
RESULT: {}
COMMAND: POST /session/76bbe7a963ba333ac6e3770165032c4a/element - {"using":"xpath","value":"//button[@data-kt=\"btnAddTableRowOverflowToolbarButton\"]"}
RESULT: {"using":"xpath","value":"//button[@data-kt=\"btnAddTableRowOverflowToolbarButton\"]"}
COMMAND: POST /session/76bbe7a963ba333ac6e3770165032c4a/element/f.37B6A3D8B8D5C040CDE4E4CEB4627624.d.DDD2139C3256B74854320C93BE1EB4C2.e.15423/click - {}
RESULT: {}
COMMAND: GET /session/76bbe7a963ba333ac6e3770165032c4a/screenshot - {}
RESULT: {}
COMMAND: POST /session/76bbe7a963ba333ac6e3770165032c4a/element - {"using":"xpath","value":"//div[(text() = 'Standard Entry' or . = 'Standard Entry')]"}
RESULT: {"using":"xpath","value":"//div[(text() = 'Standard Entry' or . = 'Standard Entry')]"}
COMMAND: POST /session/76bbe7a963ba333ac6e3770165032c4a/element/f.37B6A3D8B8D5C040CDE4E4CEB4627624.d.DDD2139C3256B74854320C93BE1EB4C2.e.15425/click - {}
RESULT: {}
COMMAND: GET /session/76bbe7a963ba333ac6e3770165032c4a/screenshot - {}
RESULT: {}
COMMAND: POST /session/76bbe7a963ba333ac6e3770165032c4a/element - {"using":"xpath","value":"//td[6]/div/div/div/span"}
RESULT: {"using":"xpath","value":"//td[6]/div/div/div/span"}
COMMAND: POST /session/76bbe7a963ba333ac6e3770165032c4a/element/f.37B6A3D8B8D5C040CDE4E4CEB4627624.d.DDD2139C3256B74854320C93BE1EB4C2.e.15437/click - {}
RESULT: {}
COMMAND: GET /session/76bbe7a963ba333ac6e3770165032c4a/screenshot - {}
RESULT: {}
COMMAND: POST /session/76bbe7a963ba333ac6e3770165032c4a/element - {"using":"xpath","value":"(//span[contains(text(), \"Material\")])"}
RESULT: {"using":"xpath","value":"(//span[contains(text(), \"Material\")])"}
COMMAND: POST /session/76bbe7a963ba333ac6e3770165032c4a/element/f.37B6A3D8B8D5C040CDE4E4CEB4627624.d.DDD2139C3256B74854320C93BE1EB4C2.e.15438/click - {}
RESULT: {}
COMMAND: GET /session/76bbe7a963ba333ac6e3770165032c4a/screenshot - {}
RESULT: {}
COMMAND: POST /session/76bbe7a963ba333ac6e3770165032c4a/element - {"using":"xpath","value":"//td[7]/div/div/input"}
RESULT: {"using":"xpath","value":"//td[7]/div/div/input"}
COMMAND: POST /session/76bbe7a963ba333ac6e3770165032c4a/element/f.37B6A3D8B8D5C040CDE4E4CEB4627624.d.DDD2139C3256B74854320C93BE1EB4C2.e.15442/clear - {}
RESULT: {}
COMMAND: POST /session/76bbe7a963ba333ac6e3770165032c4a/element/f.37B6A3D8B8D5C040CDE4E4CEB4627624.d.DDD2139C3256B74854320C93BE1EB4C2.e.15442/value - {"text":"200317"}
COMMAND: GET /session/76bbe7a963ba333ac6e3770165032c4a/screenshot - {}
RESULT: {"text":"200317"}
COMMAND: GET /session/76bbe7a963ba333ac6e3770165032c4a/screenshot - {}
RESULT: {}
RESULT: {}
COMMAND: POST /session/76bbe7a963ba333ac6e3770165032c4a/actions - {"actions":[{"id":"action50","type":"key","parameters":{},"actions":[{"type":"keyDown","value":"î€‡"},{"type":"pause","duration":10},{"type":"keyUp","value":"î€‡"}]}]}
RESULT: {"actions":[{"id":"action50","type":"key","parameters":{},"actions":[{"type":"keyDown","value":"î€‡"},{"type":"pause","duration":10},{"type":"keyUp","value":"î€‡"}]}]}
COMMAND: GET /session/76bbe7a963ba333ac6e3770165032c4a/screenshot - {}
RESULT: {}
COMMAND: POST /session/76bbe7a963ba333ac6e3770165032c4a/execute/sync - {"script":"<script> [276 bytes]","args":["No pricing information was found"]}
RESULT: {"script":"<script> [276 bytes]","args":["No pricing information was found"]}
COMMAND: POST /session/76bbe7a963ba333ac6e3770165032c4a/element - {"using":"xpath","value":"//bdi[contains(text(), \"OK\")]"}
COMMAND: GET /session/76bbe7a963ba333ac6e3770165032c4a/screenshot - {}
RESULT: {"using":"xpath","value":"//bdi[contains(text(), \"OK\")]"}
COMMAND: POST /session/76bbe7a963ba333ac6e3770165032c4a/element/f.37B6A3D8B8D5C040CDE4E4CEB4627624.d.DDD2139C3256B74854320C93BE1EB4C2.e.15468/click - {}
RESULT: {}
RESULT: {}
COMMAND: GET /session/76bbe7a963ba333ac6e3770165032c4a/screenshot - {}
RESULT: {}
COMMAND: POST /session/76bbe7a963ba333ac6e3770165032c4a/element - {"using":"xpath","value":"(//button[@data-kt=\"saveButton\"])[2]"}
RESULT: {"using":"xpath","value":"(//button[@data-kt=\"saveButton\"])[2]"}
COMMAND: POST /session/76bbe7a963ba333ac6e3770165032c4a/element/f.37B6A3D8B8D5C040CDE4E4CEB4627624.d.DDD2139C3256B74854320C93BE1EB4C2.e.15469/click - {}
RESULT: {}
COMMAND: GET /session/76bbe7a963ba333ac6e3770165032c4a/screenshot - {}
RESULT: {}
COMMAND: POST /session/76bbe7a963ba333ac6e3770165032c4a/execute/sync - {"script":"<script> [276 bytes]","args":["Some contract items are having rental validity exceeding header rental validity"]}
RESULT: {"script":"<script> [276 bytes]","args":["Some contract items are having rental validity exceeding header rental validity"]}
COMMAND: GET /session/76bbe7a963ba333ac6e3770165032c4a/screenshot - {}
RESULT: {}
COMMAND: POST /session/76bbe7a963ba333ac6e3770165032c4a/element - {"using":"xpath","value":"//span[contains(@id ,\"contractItemsSmartTable-header-inner\")]"}
RESULT: {"using":"xpath","value":"//span[contains(@id ,\"contractItemsSmartTable-header-inner\")]"}
COMMAND: POST /session/76bbe7a963ba333ac6e3770165032c4a/elements - {"using":"xpath","value":"//span[contains(@id ,\"contractItemsSmartTable-header-inner\")]"}
RESULT: {"using":"xpath","value":"//span[contains(@id ,\"contractItemsSmartTable-header-inner\")]"}
COMMAND: POST /session/76bbe7a963ba333ac6e3770165032c4a/execute/sync - {"script":"<script> [56 bytes]","args":[{"element-6066-11e4-a52e-4f735466cecf":"f.37B6A3D8B8D5C040CDE4E4CEB4627624.d.DDD2139C3256B74854320C93BE1EB4C2.e.15473","ELEMENT":"f.37B6A3D8B8D5C040CDE4E4CEB4627624.d.DDD2139C3256B74854320C93BE1EB4C2.e.15473"}]}
RESULT: {"script":"<script> [56 bytes]","args":[{"element-6066-11e4-a52e-4f735466cecf":"f.37B6A3D8B8D5C040CDE4E4CEB4627624.d.DDD2139C3256B74854320C93BE1EB4C2.e.15473","ELEMENT":"f.37B6A3D8B8D5C040CDE4E4CEB4627624.d.DDD2139C3256B74854320C93BE1EB4C2.e.15473"}]}
]]></system-out>
    </testcase>
    <testcase classname="chrome.136_0_7103_93.windows.Provide_to_Site_w/o_warehouse_management_w_clarification" name="Should do provide to site" time="130.551">
      <system-out><![CDATA[
COMMAND: POST /session/76bbe7a963ba333ac6e3770165032c4a/element - {"using":"xpath","value":"//button[@data-kt=\"provideButton\"]"}
COMMAND: GET /session/76bbe7a963ba333ac6e3770165032c4a/screenshot - {}
RESULT: {"using":"xpath","value":"//button[@data-kt=\"provideButton\"]"}
COMMAND: POST /session/76bbe7a963ba333ac6e3770165032c4a/element/f.37B6A3D8B8D5C040CDE4E4CEB4627624.d.DDD2139C3256B74854320C93BE1EB4C2.e.15474/click - {}
RESULT: {}
RESULT: {}
COMMAND: GET /session/76bbe7a963ba333ac6e3770165032c4a/screenshot - {}
RESULT: {}
COMMAND: POST /session/76bbe7a963ba333ac6e3770165032c4a/element - {"using":"xpath","value":"(//div[contains(@id, \"application-managehandovers-display-component---AddNewHO--oneStep-CbBg\")])"}
RESULT: {"using":"xpath","value":"(//div[contains(@id, \"application-managehandovers-display-component---AddNewHO--oneStep-CbBg\")])"}
COMMAND: POST /session/76bbe7a963ba333ac6e3770165032c4a/element - {"using":"xpath","value":"(//div[contains(@id, \"application-managehandovers-display-component---AddNewHO--oneStep-CbBg\")])/input"}
RESULT: {"using":"xpath","value":"(//div[contains(@id, \"application-managehandovers-display-component---AddNewHO--oneStep-CbBg\")])/input"}
COMMAND: GET /session/76bbe7a963ba333ac6e3770165032c4a/element/f.37B6A3D8B8D5C040CDE4E4CEB4627624.d.DDD2139C3256B74854320C93BE1EB4C2.e.15533/attribute/checked - {}
RESULT: {}
RESULT: undefined
COMMAND: POST /session/76bbe7a963ba333ac6e3770165032c4a/execute/async - {"script":"<script> [6424 bytes]","args":[{"element-6066-11e4-a52e-4f735466cecf":"f.37B6A3D8B8D5C040CDE4E4CEB4627624.d.DDD2139C3256B74854320C93BE1EB4C2.e.14454"},"setValue",["05/20/25"]]}
COMMAND: POST /session/76bbe7a963ba333ac6e3770165032c4a/element/f.37B6A3D8B8D5C040CDE4E4CEB4627624.d.DDD2139C3256B74854320C93BE1EB4C2.e.15786/click - {}
COMMAND: POST /session/76bbe7a963ba333ac6e3770165032c4a/execute/async - {"script":"<script> [1562 bytes]","args":[{"selector":{"id":"application-managehandovers-display-component---AddNewHO--dueDate","interaction":{"idSuffix":"inner"}},"wdio_ui5_key":"applicationmanagehandovers-display-component---AddNewHO--dueDate"}]}
RESULT: {}
COMMAND: GET /session/76bbe7a963ba333ac6e3770165032c4a/screenshot - {}
RESULT: {"script":"<script> [1562 bytes]","args":[{"selector":{"id":"application-managehandovers-display-component---AddNewHO--dueDate","interaction":{"idSuffix":"inner"}},"wdio_ui5_key":"applicationmanagehandovers-display-component---AddNewHO--dueDate"}]}
COMMAND: POST /session/76bbe7a963ba333ac6e3770165032c4a/execute/async - {"script":"<script> [6424 bytes]","args":[{"element-6066-11e4-a52e-4f735466cecf":"f.37B6A3D8B8D5C040CDE4E4CEB4627624.d.DDD2139C3256B74854320C93BE1EB4C2.e.15531"},"setValue",["05/20/25"]]}
RESULT: {}
RESULT: {"script":"<script> [6424 bytes]","args":[{"element-6066-11e4-a52e-4f735466cecf":"f.37B6A3D8B8D5C040CDE4E4CEB4627624.d.DDD2139C3256B74854320C93BE1EB4C2.e.15531"},"setValue",["05/20/25"]]}
COMMAND: POST /session/76bbe7a963ba333ac6e3770165032c4a/element - {"using":"xpath","value":"//bdi[contains(text(), \"Instructions\")]"}
RESULT: {"using":"xpath","value":"//bdi[contains(text(), \"Instructions\")]"}
COMMAND: POST /session/76bbe7a963ba333ac6e3770165032c4a/element/f.37B6A3D8B8D5C040CDE4E4CEB4627624.d.DDD2139C3256B74854320C93BE1EB4C2.e.15788/click - {}
RESULT: {}
COMMAND: GET /session/76bbe7a963ba333ac6e3770165032c4a/screenshot - {}
RESULT: {}
COMMAND: POST /session/76bbe7a963ba333ac6e3770165032c4a/element - {"using":"xpath","value":"//button[@data-kt=\"AddNewHOProvideAddItemsButton\"]"}
RESULT: {"using":"xpath","value":"//button[@data-kt=\"AddNewHOProvideAddItemsButton\"]"}
COMMAND: POST /session/76bbe7a963ba333ac6e3770165032c4a/element/f.37B6A3D8B8D5C040CDE4E4CEB4627624.d.DDD2139C3256B74854320C93BE1EB4C2.e.15790/click - {}
RESULT: {}
COMMAND: GET /session/76bbe7a963ba333ac6e3770165032c4a/screenshot - {}
RESULT: {}
RESULT: undefined
COMMAND: POST /session/76bbe7a963ba333ac6e3770165032c4a/element - {"using":"xpath","value":"//*[@id=\"application-managehandovers-display-component---AddNewHO--popup-sa\"]"}
RESULT: {"using":"xpath","value":"//*[@id=\"application-managehandovers-display-component---AddNewHO--popup-sa\"]"}
COMMAND: POST /session/76bbe7a963ba333ac6e3770165032c4a/element/f.37B6A3D8B8D5C040CDE4E4CEB4627624.d.DDD2139C3256B74854320C93BE1EB4C2.e.15807/click - {}
RESULT: {}
COMMAND: GET /session/76bbe7a963ba333ac6e3770165032c4a/screenshot - {}
RESULT: {}
COMMAND: POST /session/76bbe7a963ba333ac6e3770165032c4a/element - {"using":"xpath","value":"//*[contains(@id ,\"BDI-content\")][contains(text(), \"Select\")]"}
RESULT: {"using":"xpath","value":"//*[contains(@id ,\"BDI-content\")][contains(text(), \"Select\")]"}
COMMAND: POST /session/76bbe7a963ba333ac6e3770165032c4a/element/f.37B6A3D8B8D5C040CDE4E4CEB4627624.d.DDD2139C3256B74854320C93BE1EB4C2.e.15808/click - {}
RESULT: {}
COMMAND: GET /session/76bbe7a963ba333ac6e3770165032c4a/screenshot - {}
RESULT: {}
COMMAND: POST /session/76bbe7a963ba333ac6e3770165032c4a/execute/async - {"script":"<script> [1562 bytes]","args":[{"selector":{"id":"application-managehandovers-display-component---AddNewHO--confirmCreationButton","interaction":{"idSuffix":"BDI-content"}},"wdio_ui5_key":"applicationmanagehandovers-display-component---AddNewHO--confirmCreationButton"}]}
RESULT: {"script":"<script> [1562 bytes]","args":[{"selector":{"id":"application-managehandovers-display-component---AddNewHO--confirmCreationButton","interaction":{"idSuffix":"BDI-content"}},"wdio_ui5_key":"applicationmanagehandovers-display-component---AddNewHO--confirmCreationButton"}]}
RESULT: undefined
COMMAND: POST /session/76bbe7a963ba333ac6e3770165032c4a/element - {"using":"xpath","value":"//*[@id=\"application-managehandovers-display-component---AddNewHO--confirmCreationButton\"]"}
RESULT: {"using":"xpath","value":"//*[@id=\"application-managehandovers-display-component---AddNewHO--confirmCreationButton\"]"}
COMMAND: POST /session/76bbe7a963ba333ac6e3770165032c4a/element/f.37B6A3D8B8D5C040CDE4E4CEB4627624.d.DDD2139C3256B74854320C93BE1EB4C2.e.15610/click - {}
RESULT: {}
COMMAND: GET /session/76bbe7a963ba333ac6e3770165032c4a/screenshot - {}
RESULT: {}
COMMAND: POST /session/76bbe7a963ba333ac6e3770165032c4a/execute/async - {"script":"<script> [1562 bytes]","args":[{"selector":{"id":"issueDatePicker","viewName":"etm.portal.ui.managehandovers.view.DetailExecuteHO","interaction":{"idSuffix":"inner"}},"wdio_ui5_key":"issueDatePickeretmportal.ui.managehandovers.view.DetailExecuteHO"}]}
RESULT: {"script":"<script> [1562 bytes]","args":[{"selector":{"id":"issueDatePicker","viewName":"etm.portal.ui.managehandovers.view.DetailExecuteHO","interaction":{"idSuffix":"inner"}},"wdio_ui5_key":"issueDatePickeretmportal.ui.managehandovers.view.DetailExecuteHO"}]}
RESULT: undefined
COMMAND: POST /session/76bbe7a963ba333ac6e3770165032c4a/execute/async - {"script":"<script> [776 bytes]","args":[{"enterText":"5/20/25","selector":{"id":"issueDatePicker","viewName":"etm.portal.ui.managehandovers.view.DetailExecuteHO","interaction":{"idSuffix":"inner"}},"clearTextFirst":true,"interactionType":"ENTER_TEXT"}]}
RESULT: {"script":"<script> [776 bytes]","args":[{"enterText":"5/20/25","selector":{"id":"issueDatePicker","viewName":"etm.portal.ui.managehandovers.view.DetailExecuteHO","interaction":{"idSuffix":"inner"}},"clearTextFirst":true,"interactionType":"ENTER_TEXT"}]}
COMMAND: POST /session/76bbe7a963ba333ac6e3770165032c4a/element - {"using":"xpath","value":"//bdi[contains(text(), \"OK\")]"}
RESULT: {"using":"xpath","value":"//bdi[contains(text(), \"OK\")]"}
COMMAND: POST /session/76bbe7a963ba333ac6e3770165032c4a/element/f.37B6A3D8B8D5C040CDE4E4CEB4627624.d.DDD2139C3256B74854320C93BE1EB4C2.e.15866/click - {}
RESULT: {}
COMMAND: GET /session/76bbe7a963ba333ac6e3770165032c4a/screenshot - {}
RESULT: {}
COMMAND: POST /session/76bbe7a963ba333ac6e3770165032c4a/element - {"using":"xpath","value":"//button[@data-kt=\"PickingTableConfirmAllButton\"]"}
RESULT: {"using":"xpath","value":"//button[@data-kt=\"PickingTableConfirmAllButton\"]"}
COMMAND: POST /session/76bbe7a963ba333ac6e3770165032c4a/element/f.37B6A3D8B8D5C040CDE4E4CEB4627624.d.DDD2139C3256B74854320C93BE1EB4C2.e.15874/click - {}
RESULT: {}
COMMAND: GET /session/76bbe7a963ba333ac6e3770165032c4a/screenshot - {}
RESULT: {}
COMMAND: POST /session/76bbe7a963ba333ac6e3770165032c4a/element - {"using":"xpath","value":"//bdi[contains(text(), \"OK\")]"}
RESULT: {"using":"xpath","value":"//bdi[contains(text(), \"OK\")]"}
COMMAND: POST /session/76bbe7a963ba333ac6e3770165032c4a/element/f.37B6A3D8B8D5C040CDE4E4CEB4627624.d.DDD2139C3256B74854320C93BE1EB4C2.e.15878/click - {}
RESULT: {}
COMMAND: GET /session/76bbe7a963ba333ac6e3770165032c4a/screenshot - {}
RESULT: {}
COMMAND: POST /session/76bbe7a963ba333ac6e3770165032c4a/element - {"using":"xpath","value":"//button[@data-kt=\"execHoPickButton\"]"}
RESULT: {"using":"xpath","value":"//button[@data-kt=\"execHoPickButton\"]"}
COMMAND: POST /session/76bbe7a963ba333ac6e3770165032c4a/element/f.37B6A3D8B8D5C040CDE4E4CEB4627624.d.DDD2139C3256B74854320C93BE1EB4C2.e.15879/click - {}
RESULT: {}
COMMAND: GET /session/76bbe7a963ba333ac6e3770165032c4a/screenshot - {}
RESULT: {}
COMMAND: POST /session/76bbe7a963ba333ac6e3770165032c4a/element - {"using":"xpath","value":"//span[contains(@id ,\"filterItemControl_BASIC-RECEIVE_CONTRACT-vhi\")]"}
RESULT: {"using":"xpath","value":"//span[contains(@id ,\"filterItemControl_BASIC-RECEIVE_CONTRACT-vhi\")]"}
COMMAND: POST /session/76bbe7a963ba333ac6e3770165032c4a/element/f.37B6A3D8B8D5C040CDE4E4CEB4627624.d.DDD2139C3256B74854320C93BE1EB4C2.e.16166/click - {}
RESULT: {}
COMMAND: GET /session/76bbe7a963ba333ac6e3770165032c4a/screenshot - {}
RESULT: {}
COMMAND: POST /session/76bbe7a963ba333ac6e3770165032c4a/execute/async - {"script":"<script> [1562 bytes]","args":[{"selector":{"controlType":"sap.m.SearchField","viewName":"etm.portal.ui.managehandovers.view.MasterHO","bindingPath":{"path":"","propertyPath":"/_BASIC_SEARCH_FIELD","modelName":"fi1t3rM0d31"},"searchOpenDialogs":true,"interaction":{"idSuffix":"I"}},"wdio_ui5_key":"etmportal.ui.managehandovers.view.MasterHOsap.m.SearchField{\"path\":\"\",\"propertyPath\":\"/_BASIC_SEARCH_FIELD\",\"modelName\":\"fi1t3rM0d31\"}"}]}
RESULT: {"script":"<script> [1562 bytes]","args":[{"selector":{"controlType":"sap.m.SearchField","viewName":"etm.portal.ui.managehandovers.view.MasterHO","bindingPath":{"path":"","propertyPath":"/_BASIC_SEARCH_FIELD","modelName":"fi1t3rM0d31"},"searchOpenDialogs":true,"interaction":{"idSuffix":"I"}},"wdio_ui5_key":"etmportal.ui.managehandovers.view.MasterHOsap.m.SearchField{\"path\":\"\",\"propertyPath\":\"/_BASIC_SEARCH_FIELD\",\"modelName\":\"fi1t3rM0d31\"}"}]}
RESULT: undefined
COMMAND: POST /session/76bbe7a963ba333ac6e3770165032c4a/execute/async - {"script":"<script> [776 bytes]","args":[{"enterText":"10414","selector":{"controlType":"sap.m.SearchField","viewName":"etm.portal.ui.managehandovers.view.MasterHO","bindingPath":{"path":"","propertyPath":"/_BASIC_SEARCH_FIELD","modelName":"fi1t3rM0d31"},"searchOpenDialogs":true,"interaction":{"idSuffix":"I"}},"clearTextFirst":true,"interactionType":"ENTER_TEXT"}]}
RESULT: {"script":"<script> [776 bytes]","args":[{"enterText":"10414","selector":{"controlType":"sap.m.SearchField","viewName":"etm.portal.ui.managehandovers.view.MasterHO","bindingPath":{"path":"","propertyPath":"/_BASIC_SEARCH_FIELD","modelName":"fi1t3rM0d31"},"searchOpenDialogs":true,"interaction":{"idSuffix":"I"}},"clearTextFirst":true,"interactionType":"ENTER_TEXT"}]}
COMMAND: POST /session/76bbe7a963ba333ac6e3770165032c4a/actions - {"actions":[{"id":"action51","type":"key","parameters":{},"actions":[{"type":"keyDown","value":"î€‡"},{"type":"pause","duration":10},{"type":"keyUp","value":"î€‡"}]}]}
RESULT: {"actions":[{"id":"action51","type":"key","parameters":{},"actions":[{"type":"keyDown","value":"î€‡"},{"type":"pause","duration":10},{"type":"keyUp","value":"î€‡"}]}]}
COMMAND: GET /session/76bbe7a963ba333ac6e3770165032c4a/screenshot - {}
RESULT: {}
COMMAND: POST /session/76bbe7a963ba333ac6e3770165032c4a/element - {"using":"xpath","value":"//div[contains(@id, 'filterItemControl_BASIC-RECEIVE_CONTRACT-valueHelpDialog-table-rowsel0')]"}
RESULT: {"using":"xpath","value":"//div[contains(@id, 'filterItemControl_BASIC-RECEIVE_CONTRACT-valueHelpDialog-table-rowsel0')]"}
COMMAND: POST /session/76bbe7a963ba333ac6e3770165032c4a/element/f.37B6A3D8B8D5C040CDE4E4CEB4627624.d.DDD2139C3256B74854320C93BE1EB4C2.e.16175/click - {}
RESULT: {}
COMMAND: GET /session/76bbe7a963ba333ac6e3770165032c4a/screenshot - {}
RESULT: {}
COMMAND: POST /session/76bbe7a963ba333ac6e3770165032c4a/element - {"using":"xpath","value":"//bdi[contains(text(), \"OK\")]"}
RESULT: {"using":"xpath","value":"//bdi[contains(text(), \"OK\")]"}
COMMAND: POST /session/76bbe7a963ba333ac6e3770165032c4a/element/f.37B6A3D8B8D5C040CDE4E4CEB4627624.d.DDD2139C3256B74854320C93BE1EB4C2.e.16177/click - {}
RESULT: {}
COMMAND: GET /session/76bbe7a963ba333ac6e3770165032c4a/screenshot - {}
RESULT: {}
COMMAND: POST /session/76bbe7a963ba333ac6e3770165032c4a/element - {"using":"xpath","value":"//span[contains(@id, \"smartTable-header-inner\")]"}
RESULT: {"using":"xpath","value":"//span[contains(@id, \"smartTable-header-inner\")]"}
COMMAND: POST /session/76bbe7a963ba333ac6e3770165032c4a/elements - {"using":"xpath","value":"//span[contains(@id, \"smartTable-header-inner\")]"}
RESULT: {"using":"xpath","value":"//span[contains(@id, \"smartTable-header-inner\")]"}
COMMAND: POST /session/76bbe7a963ba333ac6e3770165032c4a/execute/sync - {"script":"<script> [56 bytes]","args":[{"element-6066-11e4-a52e-4f735466cecf":"f.37B6A3D8B8D5C040CDE4E4CEB4627624.d.DDD2139C3256B74854320C93BE1EB4C2.e.16204","ELEMENT":"f.37B6A3D8B8D5C040CDE4E4CEB4627624.d.DDD2139C3256B74854320C93BE1EB4C2.e.16204"}]}
RESULT: {"script":"<script> [56 bytes]","args":[{"element-6066-11e4-a52e-4f735466cecf":"f.37B6A3D8B8D5C040CDE4E4CEB4627624.d.DDD2139C3256B74854320C93BE1EB4C2.e.16204","ELEMENT":"f.37B6A3D8B8D5C040CDE4E4CEB4627624.d.DDD2139C3256B74854320C93BE1EB4C2.e.16204"}]}
COMMAND: POST /session/76bbe7a963ba333ac6e3770165032c4a/element - {"using":"xpath","value":"//table[contains(@id, \"customHandovers\")]//tbody/tr[1]/td[2]/span"}
COMMAND: GET /session/76bbe7a963ba333ac6e3770165032c4a/screenshot - {}
RESULT: {"using":"xpath","value":"//table[contains(@id, \"customHandovers\")]//tbody/tr[1]/td[2]/span"}
COMMAND: POST /session/76bbe7a963ba333ac6e3770165032c4a/execute/sync - {"script":"<script> [56 bytes]","args":[{"element-6066-11e4-a52e-4f735466cecf":"f.37B6A3D8B8D5C040CDE4E4CEB4627624.d.DDD2139C3256B74854320C93BE1EB4C2.e.16205","ELEMENT":"f.37B6A3D8B8D5C040CDE4E4CEB4627624.d.DDD2139C3256B74854320C93BE1EB4C2.e.16205"}]}
RESULT: {}
RESULT: {"script":"<script> [56 bytes]","args":[{"element-6066-11e4-a52e-4f735466cecf":"f.37B6A3D8B8D5C040CDE4E4CEB4627624.d.DDD2139C3256B74854320C93BE1EB4C2.e.16205","ELEMENT":"f.37B6A3D8B8D5C040CDE4E4CEB4627624.d.DDD2139C3256B74854320C93BE1EB4C2.e.16205"}]}
COMMAND: POST /session/76bbe7a963ba333ac6e3770165032c4a/element - {"using":"xpath","value":"(//span[contains(@id, \"imgNav\")])[1]"}
COMMAND: GET /session/76bbe7a963ba333ac6e3770165032c4a/screenshot - {}
RESULT: {"using":"xpath","value":"(//span[contains(@id, \"imgNav\")])[1]"}
COMMAND: POST /session/76bbe7a963ba333ac6e3770165032c4a/element/f.37B6A3D8B8D5C040CDE4E4CEB4627624.d.DDD2139C3256B74854320C93BE1EB4C2.e.16202/click - {}
RESULT: {}
RESULT: {}
COMMAND: GET /session/76bbe7a963ba333ac6e3770165032c4a/screenshot - {}
RESULT: {}
RESULT: undefined
COMMAND: POST /session/76bbe7a963ba333ac6e3770165032c4a/execute/async - {"script":"<script> [776 bytes]","args":[{"enterText":"5/20/25","selector":{"id":"issueDatePicker","viewName":"etm.portal.ui.managehandovers.view.DetailExecuteHO","interaction":{"idSuffix":"inner"}},"clearTextFirst":true,"interactionType":"ENTER_TEXT"}]}
RESULT: {"script":"<script> [776 bytes]","args":[{"enterText":"5/20/25","selector":{"id":"issueDatePicker","viewName":"etm.portal.ui.managehandovers.view.DetailExecuteHO","interaction":{"idSuffix":"inner"}},"clearTextFirst":true,"interactionType":"ENTER_TEXT"}]}
COMMAND: POST /session/76bbe7a963ba333ac6e3770165032c4a/element - {"using":"xpath","value":"//button[@data-kt=\"PickingTableConfirmAllButton\"]"}
RESULT: {"using":"xpath","value":"//button[@data-kt=\"PickingTableConfirmAllButton\"]"}
COMMAND: POST /session/76bbe7a963ba333ac6e3770165032c4a/element/f.37B6A3D8B8D5C040CDE4E4CEB4627624.d.DDD2139C3256B74854320C93BE1EB4C2.e.16222/click - {}
RESULT: {}
COMMAND: GET /session/76bbe7a963ba333ac6e3770165032c4a/screenshot - {}
RESULT: {}
COMMAND: POST /session/76bbe7a963ba333ac6e3770165032c4a/element - {"using":"xpath","value":"//bdi[contains(text(), \"OK\")]"}
RESULT: {"using":"xpath","value":"//bdi[contains(text(), \"OK\")]"}
COMMAND: POST /session/76bbe7a963ba333ac6e3770165032c4a/element/f.37B6A3D8B8D5C040CDE4E4CEB4627624.d.DDD2139C3256B74854320C93BE1EB4C2.e.16236/click - {}
RESULT: {}
COMMAND: GET /session/76bbe7a963ba333ac6e3770165032c4a/screenshot - {}
RESULT: {}
COMMAND: POST /session/76bbe7a963ba333ac6e3770165032c4a/element - {"using":"xpath","value":"//button[@data-kt=\"execHoIssueButton\"]"}
RESULT: {"using":"xpath","value":"//button[@data-kt=\"execHoIssueButton\"]"}
COMMAND: POST /session/76bbe7a963ba333ac6e3770165032c4a/element/f.37B6A3D8B8D5C040CDE4E4CEB4627624.d.DDD2139C3256B74854320C93BE1EB4C2.e.16238/click - {}
RESULT: {}
COMMAND: GET /session/76bbe7a963ba333ac6e3770165032c4a/screenshot - {}
RESULT: {}
COMMAND: POST /session/76bbe7a963ba333ac6e3770165032c4a/element - {"using":"xpath","value":"//input[contains(@id ,\"smartFilterBar-btnBasicSearch-I\")]"}
RESULT: {"using":"xpath","value":"//input[contains(@id ,\"smartFilterBar-btnBasicSearch-I\")]"}
COMMAND: POST /session/76bbe7a963ba333ac6e3770165032c4a/elements - {"using":"xpath","value":"//input[contains(@id ,\"smartFilterBar-btnBasicSearch-I\")]"}
RESULT: {"using":"xpath","value":"//input[contains(@id ,\"smartFilterBar-btnBasicSearch-I\")]"}
COMMAND: POST /session/76bbe7a963ba333ac6e3770165032c4a/execute/sync - {"script":"<script> [8489 bytes]","args":[{"element-6066-11e4-a52e-4f735466cecf":"f.37B6A3D8B8D5C040CDE4E4CEB4627624.d.DDD2139C3256B74854320C93BE1EB4C2.e.15530","ELEMENT":"f.37B6A3D8B8D5C040CDE4E4CEB4627624.d.DDD2139C3256B74854320C93BE1EB4C2.e.15530"}]}
RESULT: {"script":"<script> [8489 bytes]","args":[{"element-6066-11e4-a52e-4f735466cecf":"f.37B6A3D8B8D5C040CDE4E4CEB4627624.d.DDD2139C3256B74854320C93BE1EB4C2.e.15530","ELEMENT":"f.37B6A3D8B8D5C040CDE4E4CEB4627624.d.DDD2139C3256B74854320C93BE1EB4C2.e.15530"}]}
COMMAND: GET /session/76bbe7a963ba333ac6e3770165032c4a/element/f.37B6A3D8B8D5C040CDE4E4CEB4627624.d.DDD2139C3256B74854320C93BE1EB4C2.e.15530/enabled - {}
COMMAND: GET /session/76bbe7a963ba333ac6e3770165032c4a/screenshot - {}
RESULT: {}
COMMAND: POST /session/76bbe7a963ba333ac6e3770165032c4a/element/f.37B6A3D8B8D5C040CDE4E4CEB4627624.d.DDD2139C3256B74854320C93BE1EB4C2.e.15530/clear - {}
COMMAND: GET /session/76bbe7a963ba333ac6e3770165032c4a/screenshot - {}
RESULT: {}
RESULT: {}
COMMAND: POST /session/76bbe7a963ba333ac6e3770165032c4a/element/f.37B6A3D8B8D5C040CDE4E4CEB4627624.d.DDD2139C3256B74854320C93BE1EB4C2.e.15530/value - {"text":"30799"}
COMMAND: GET /session/76bbe7a963ba333ac6e3770165032c4a/screenshot - {}
RESULT: {}
RESULT: {"text":"30799"}
COMMAND: GET /session/76bbe7a963ba333ac6e3770165032c4a/screenshot - {}
RESULT: {}
RESULT: {}
COMMAND: POST /session/76bbe7a963ba333ac6e3770165032c4a/actions - {"actions":[{"id":"action52","type":"key","parameters":{},"actions":[{"type":"keyDown","value":"î€‡"},{"type":"pause","duration":10},{"type":"keyUp","value":"î€‡"}]}]}
RESULT: {"actions":[{"id":"action52","type":"key","parameters":{},"actions":[{"type":"keyDown","value":"î€‡"},{"type":"pause","duration":10},{"type":"keyUp","value":"î€‡"}]}]}
COMMAND: GET /session/76bbe7a963ba333ac6e3770165032c4a/screenshot - {}
RESULT: {}
COMMAND: POST /session/76bbe7a963ba333ac6e3770165032c4a/element - {"using":"xpath","value":"//span[contains(@id, \"smartTable-header-inner\")]"}
RESULT: {"using":"xpath","value":"//span[contains(@id, \"smartTable-header-inner\")]"}
COMMAND: POST /session/76bbe7a963ba333ac6e3770165032c4a/elements - {"using":"xpath","value":"//span[contains(@id, \"smartTable-header-inner\")]"}
RESULT: {"using":"xpath","value":"//span[contains(@id, \"smartTable-header-inner\")]"}
COMMAND: POST /session/76bbe7a963ba333ac6e3770165032c4a/execute/sync - {"script":"<script> [56 bytes]","args":[{"element-6066-11e4-a52e-4f735466cecf":"f.37B6A3D8B8D5C040CDE4E4CEB4627624.d.DDD2139C3256B74854320C93BE1EB4C2.e.16204","ELEMENT":"f.37B6A3D8B8D5C040CDE4E4CEB4627624.d.DDD2139C3256B74854320C93BE1EB4C2.e.16204"}]}
RESULT: {"script":"<script> [56 bytes]","args":[{"element-6066-11e4-a52e-4f735466cecf":"f.37B6A3D8B8D5C040CDE4E4CEB4627624.d.DDD2139C3256B74854320C93BE1EB4C2.e.16204","ELEMENT":"f.37B6A3D8B8D5C040CDE4E4CEB4627624.d.DDD2139C3256B74854320C93BE1EB4C2.e.16204"}]}
COMMAND: POST /session/76bbe7a963ba333ac6e3770165032c4a/elements - {"using":"xpath","value":"//thead[contains(@class, \"sapMTableTH\")]/tr/th"}
COMMAND: GET /session/76bbe7a963ba333ac6e3770165032c4a/screenshot - {}
RESULT: {"using":"xpath","value":"//thead[contains(@class, \"sapMTableTH\")]/tr/th"}
COMMAND: GET /session/76bbe7a963ba333ac6e3770165032c4a/element/f.37B6A3D8B8D5C040CDE4E4CEB4627624.d.DDD2139C3256B74854320C93BE1EB4C2.e.16286/text - {}
RESULT: {}
RESULT: {}
COMMAND: GET /session/76bbe7a963ba333ac6e3770165032c4a/element/f.37B6A3D8B8D5C040CDE4E4CEB4627624.d.DDD2139C3256B74854320C93BE1EB4C2.e.16287/text - {}
RESULT: {}
COMMAND: GET /session/76bbe7a963ba333ac6e3770165032c4a/element/f.37B6A3D8B8D5C040CDE4E4CEB4627624.d.DDD2139C3256B74854320C93BE1EB4C2.e.15575/text - {}
RESULT: {}
COMMAND: GET /session/76bbe7a963ba333ac6e3770165032c4a/element/f.37B6A3D8B8D5C040CDE4E4CEB4627624.d.DDD2139C3256B74854320C93BE1EB4C2.e.15577/text - {}
RESULT: {}
COMMAND: GET /session/76bbe7a963ba333ac6e3770165032c4a/element/f.37B6A3D8B8D5C040CDE4E4CEB4627624.d.DDD2139C3256B74854320C93BE1EB4C2.e.16243/text - {}
RESULT: {}
COMMAND: GET /session/76bbe7a963ba333ac6e3770165032c4a/element/f.37B6A3D8B8D5C040CDE4E4CEB4627624.d.DDD2139C3256B74854320C93BE1EB4C2.e.16244/text - {}
RESULT: {}
COMMAND: GET /session/76bbe7a963ba333ac6e3770165032c4a/element/f.37B6A3D8B8D5C040CDE4E4CEB4627624.d.DDD2139C3256B74854320C93BE1EB4C2.e.16245/text - {}
RESULT: {}
COMMAND: GET /session/76bbe7a963ba333ac6e3770165032c4a/element/f.37B6A3D8B8D5C040CDE4E4CEB4627624.d.DDD2139C3256B74854320C93BE1EB4C2.e.16246/text - {}
RESULT: {}
COMMAND: GET /session/76bbe7a963ba333ac6e3770165032c4a/element/f.37B6A3D8B8D5C040CDE4E4CEB4627624.d.DDD2139C3256B74854320C93BE1EB4C2.e.16247/text - {}
RESULT: {}
COMMAND: GET /session/76bbe7a963ba333ac6e3770165032c4a/element/f.37B6A3D8B8D5C040CDE4E4CEB4627624.d.DDD2139C3256B74854320C93BE1EB4C2.e.16248/text - {}
RESULT: {}
COMMAND: GET /session/76bbe7a963ba333ac6e3770165032c4a/element/f.37B6A3D8B8D5C040CDE4E4CEB4627624.d.DDD2139C3256B74854320C93BE1EB4C2.e.16249/text - {}
RESULT: {}
COMMAND: GET /session/76bbe7a963ba333ac6e3770165032c4a/element/f.37B6A3D8B8D5C040CDE4E4CEB4627624.d.DDD2139C3256B74854320C93BE1EB4C2.e.16250/text - {}
RESULT: {}
COMMAND: GET /session/76bbe7a963ba333ac6e3770165032c4a/element/f.37B6A3D8B8D5C040CDE4E4CEB4627624.d.DDD2139C3256B74854320C93BE1EB4C2.e.16251/text - {}
RESULT: {}
COMMAND: GET /session/76bbe7a963ba333ac6e3770165032c4a/element/f.37B6A3D8B8D5C040CDE4E4CEB4627624.d.DDD2139C3256B74854320C93BE1EB4C2.e.15578/text - {}
RESULT: {}
COMMAND: POST /session/76bbe7a963ba333ac6e3770165032c4a/element - {"using":"xpath","value":"//tbody[contains(@id, \"customHandoversTable-tblBody\")]/tr[1]/td[14]/div/span"}
RESULT: {"using":"xpath","value":"//tbody[contains(@id, \"customHandoversTable-tblBody\")]/tr[1]/td[14]/div/span"}
COMMAND: POST /session/76bbe7a963ba333ac6e3770165032c4a/execute/sync - {"script":"<script> [56 bytes]","args":[{"element-6066-11e4-a52e-4f735466cecf":"f.37B6A3D8B8D5C040CDE4E4CEB4627624.d.DDD2139C3256B74854320C93BE1EB4C2.e.16339","ELEMENT":"f.37B6A3D8B8D5C040CDE4E4CEB4627624.d.DDD2139C3256B74854320C93BE1EB4C2.e.16339"}]}
RESULT: {"script":"<script> [56 bytes]","args":[{"element-6066-11e4-a52e-4f735466cecf":"f.37B6A3D8B8D5C040CDE4E4CEB4627624.d.DDD2139C3256B74854320C93BE1EB4C2.e.16339","ELEMENT":"f.37B6A3D8B8D5C040CDE4E4CEB4627624.d.DDD2139C3256B74854320C93BE1EB4C2.e.16339"}]}
COMMAND: POST /session/76bbe7a963ba333ac6e3770165032c4a/element - {"using":"xpath","value":"(//span[contains(@id, \"imgNav\")])[1]"}
COMMAND: GET /session/76bbe7a963ba333ac6e3770165032c4a/screenshot - {}
RESULT: {"using":"xpath","value":"(//span[contains(@id, \"imgNav\")])[1]"}
COMMAND: POST /session/76bbe7a963ba333ac6e3770165032c4a/element/f.37B6A3D8B8D5C040CDE4E4CEB4627624.d.DDD2139C3256B74854320C93BE1EB4C2.e.16280/click - {}
RESULT: {}
RESULT: {}
COMMAND: GET /session/76bbe7a963ba333ac6e3770165032c4a/screenshot - {}
RESULT: {}
RESULT: undefined
COMMAND: POST /session/76bbe7a963ba333ac6e3770165032c4a/execute/async - {"script":"<script> [776 bytes]","args":[{"enterText":"05/20/25","selector":{"id":"receiptDatePicker","viewName":"etm.portal.ui.managehandovers.view.DetailExecuteHO","interaction":{"idSuffix":"inner"}},"clearTextFirst":true,"interactionType":"ENTER_TEXT"}]}
RESULT: {"script":"<script> [776 bytes]","args":[{"enterText":"05/20/25","selector":{"id":"receiptDatePicker","viewName":"etm.portal.ui.managehandovers.view.DetailExecuteHO","interaction":{"idSuffix":"inner"}},"clearTextFirst":true,"interactionType":"ENTER_TEXT"}]}
COMMAND: POST /session/76bbe7a963ba333ac6e3770165032c4a/element - {"using":"xpath","value":"//bdi[contains(text(), \"OK\")]"}
RESULT: {"using":"xpath","value":"//bdi[contains(text(), \"OK\")]"}
COMMAND: POST /session/76bbe7a963ba333ac6e3770165032c4a/element/f.37B6A3D8B8D5C040CDE4E4CEB4627624.d.DDD2139C3256B74854320C93BE1EB4C2.e.16365/click - {}
RESULT: {}
COMMAND: GET /session/76bbe7a963ba333ac6e3770165032c4a/screenshot - {}
RESULT: {}
COMMAND: POST /session/76bbe7a963ba333ac6e3770165032c4a/element - {"using":"xpath","value":"//button[@data-kt=\"PickingTableConfirmAllButton\"]"}
RESULT: {"using":"xpath","value":"//button[@data-kt=\"PickingTableConfirmAllButton\"]"}
COMMAND: POST /session/76bbe7a963ba333ac6e3770165032c4a/element/f.37B6A3D8B8D5C040CDE4E4CEB4627624.d.DDD2139C3256B74854320C93BE1EB4C2.e.16355/click - {}
RESULT: {}
COMMAND: GET /session/76bbe7a963ba333ac6e3770165032c4a/screenshot - {}
RESULT: {}
COMMAND: POST /session/76bbe7a963ba333ac6e3770165032c4a/element - {"using":"xpath","value":"//bdi[contains(text(), \"OK\")]"}
RESULT: {"using":"xpath","value":"//bdi[contains(text(), \"OK\")]"}
COMMAND: POST /session/76bbe7a963ba333ac6e3770165032c4a/element/f.37B6A3D8B8D5C040CDE4E4CEB4627624.d.DDD2139C3256B74854320C93BE1EB4C2.e.16376/click - {}
RESULT: {}
COMMAND: GET /session/76bbe7a963ba333ac6e3770165032c4a/screenshot - {}
RESULT: {}
COMMAND: POST /session/76bbe7a963ba333ac6e3770165032c4a/element - {"using":"xpath","value":"//button[@data-kt= \"execHoReceiveButton\"]"}
RESULT: {"using":"xpath","value":"//button[@data-kt= \"execHoReceiveButton\"]"}
COMMAND: POST /session/76bbe7a963ba333ac6e3770165032c4a/element/f.37B6A3D8B8D5C040CDE4E4CEB4627624.d.DDD2139C3256B74854320C93BE1EB4C2.e.16377/click - {}
RESULT: {}
COMMAND: GET /session/76bbe7a963ba333ac6e3770165032c4a/screenshot - {}
RESULT: {}
COMMAND: POST /session/76bbe7a963ba333ac6e3770165032c4a/element - {"using":"xpath","value":"//input[contains(@id ,\"smartFilterBar-btnBasicSearch-I\")]"}
RESULT: {"using":"xpath","value":"//input[contains(@id ,\"smartFilterBar-btnBasicSearch-I\")]"}
COMMAND: POST /session/76bbe7a963ba333ac6e3770165032c4a/elements - {"using":"xpath","value":"//input[contains(@id ,\"smartFilterBar-btnBasicSearch-I\")]"}
RESULT: {"using":"xpath","value":"//input[contains(@id ,\"smartFilterBar-btnBasicSearch-I\")]"}
COMMAND: POST /session/76bbe7a963ba333ac6e3770165032c4a/execute/sync - {"script":"<script> [8489 bytes]","args":[{"element-6066-11e4-a52e-4f735466cecf":"f.37B6A3D8B8D5C040CDE4E4CEB4627624.d.DDD2139C3256B74854320C93BE1EB4C2.e.15530","ELEMENT":"f.37B6A3D8B8D5C040CDE4E4CEB4627624.d.DDD2139C3256B74854320C93BE1EB4C2.e.15530"}]}
RESULT: {"script":"<script> [8489 bytes]","args":[{"element-6066-11e4-a52e-4f735466cecf":"f.37B6A3D8B8D5C040CDE4E4CEB4627624.d.DDD2139C3256B74854320C93BE1EB4C2.e.15530","ELEMENT":"f.37B6A3D8B8D5C040CDE4E4CEB4627624.d.DDD2139C3256B74854320C93BE1EB4C2.e.15530"}]}
COMMAND: GET /session/76bbe7a963ba333ac6e3770165032c4a/element/f.37B6A3D8B8D5C040CDE4E4CEB4627624.d.DDD2139C3256B74854320C93BE1EB4C2.e.15530/enabled - {}
COMMAND: GET /session/76bbe7a963ba333ac6e3770165032c4a/screenshot - {}
RESULT: {}
COMMAND: POST /session/76bbe7a963ba333ac6e3770165032c4a/element/f.37B6A3D8B8D5C040CDE4E4CEB4627624.d.DDD2139C3256B74854320C93BE1EB4C2.e.15530/clear - {}
COMMAND: GET /session/76bbe7a963ba333ac6e3770165032c4a/screenshot - {}
RESULT: {}
RESULT: {}
COMMAND: POST /session/76bbe7a963ba333ac6e3770165032c4a/element/f.37B6A3D8B8D5C040CDE4E4CEB4627624.d.DDD2139C3256B74854320C93BE1EB4C2.e.15530/value - {"text":"30799"}
COMMAND: GET /session/76bbe7a963ba333ac6e3770165032c4a/screenshot - {}
RESULT: {}
RESULT: {"text":"30799"}
COMMAND: GET /session/76bbe7a963ba333ac6e3770165032c4a/screenshot - {}
RESULT: {}
RESULT: {}
COMMAND: POST /session/76bbe7a963ba333ac6e3770165032c4a/actions - {"actions":[{"id":"action53","type":"key","parameters":{},"actions":[{"type":"keyDown","value":"î€‡"},{"type":"pause","duration":10},{"type":"keyUp","value":"î€‡"}]}]}
RESULT: {"actions":[{"id":"action53","type":"key","parameters":{},"actions":[{"type":"keyDown","value":"î€‡"},{"type":"pause","duration":10},{"type":"keyUp","value":"î€‡"}]}]}
COMMAND: GET /session/76bbe7a963ba333ac6e3770165032c4a/screenshot - {}
RESULT: {}
COMMAND: POST /session/76bbe7a963ba333ac6e3770165032c4a/element - {"using":"xpath","value":"//span[contains(@id, \"smartTable-header-inner\")]"}
RESULT: {"using":"xpath","value":"//span[contains(@id, \"smartTable-header-inner\")]"}
COMMAND: POST /session/76bbe7a963ba333ac6e3770165032c4a/elements - {"using":"xpath","value":"//span[contains(@id, \"smartTable-header-inner\")]"}
RESULT: {"using":"xpath","value":"//span[contains(@id, \"smartTable-header-inner\")]"}
COMMAND: POST /session/76bbe7a963ba333ac6e3770165032c4a/execute/sync - {"script":"<script> [56 bytes]","args":[{"element-6066-11e4-a52e-4f735466cecf":"f.37B6A3D8B8D5C040CDE4E4CEB4627624.d.DDD2139C3256B74854320C93BE1EB4C2.e.16204","ELEMENT":"f.37B6A3D8B8D5C040CDE4E4CEB4627624.d.DDD2139C3256B74854320C93BE1EB4C2.e.16204"}]}
RESULT: {"script":"<script> [56 bytes]","args":[{"element-6066-11e4-a52e-4f735466cecf":"f.37B6A3D8B8D5C040CDE4E4CEB4627624.d.DDD2139C3256B74854320C93BE1EB4C2.e.16204","ELEMENT":"f.37B6A3D8B8D5C040CDE4E4CEB4627624.d.DDD2139C3256B74854320C93BE1EB4C2.e.16204"}]}
COMMAND: POST /session/76bbe7a963ba333ac6e3770165032c4a/elements - {"using":"xpath","value":"//thead[contains(@class, \"sapMTableTH\")]/tr/th"}
COMMAND: GET /session/76bbe7a963ba333ac6e3770165032c4a/screenshot - {}
RESULT: {"using":"xpath","value":"//thead[contains(@class, \"sapMTableTH\")]/tr/th"}
COMMAND: GET /session/76bbe7a963ba333ac6e3770165032c4a/element/f.37B6A3D8B8D5C040CDE4E4CEB4627624.d.DDD2139C3256B74854320C93BE1EB4C2.e.16286/text - {}
RESULT: {}
RESULT: {}
COMMAND: GET /session/76bbe7a963ba333ac6e3770165032c4a/element/f.37B6A3D8B8D5C040CDE4E4CEB4627624.d.DDD2139C3256B74854320C93BE1EB4C2.e.16287/text - {}
RESULT: {}
COMMAND: GET /session/76bbe7a963ba333ac6e3770165032c4a/element/f.37B6A3D8B8D5C040CDE4E4CEB4627624.d.DDD2139C3256B74854320C93BE1EB4C2.e.15575/text - {}
RESULT: {}
COMMAND: GET /session/76bbe7a963ba333ac6e3770165032c4a/element/f.37B6A3D8B8D5C040CDE4E4CEB4627624.d.DDD2139C3256B74854320C93BE1EB4C2.e.15577/text - {}
RESULT: {}
COMMAND: GET /session/76bbe7a963ba333ac6e3770165032c4a/element/f.37B6A3D8B8D5C040CDE4E4CEB4627624.d.DDD2139C3256B74854320C93BE1EB4C2.e.16382/text - {}
RESULT: {}
COMMAND: GET /session/76bbe7a963ba333ac6e3770165032c4a/element/f.37B6A3D8B8D5C040CDE4E4CEB4627624.d.DDD2139C3256B74854320C93BE1EB4C2.e.16383/text - {}
RESULT: {}
COMMAND: GET /session/76bbe7a963ba333ac6e3770165032c4a/element/f.37B6A3D8B8D5C040CDE4E4CEB4627624.d.DDD2139C3256B74854320C93BE1EB4C2.e.16384/text - {}
RESULT: {}
COMMAND: GET /session/76bbe7a963ba333ac6e3770165032c4a/element/f.37B6A3D8B8D5C040CDE4E4CEB4627624.d.DDD2139C3256B74854320C93BE1EB4C2.e.16385/text - {}
RESULT: {}
COMMAND: GET /session/76bbe7a963ba333ac6e3770165032c4a/element/f.37B6A3D8B8D5C040CDE4E4CEB4627624.d.DDD2139C3256B74854320C93BE1EB4C2.e.16386/text - {}
RESULT: {}
COMMAND: GET /session/76bbe7a963ba333ac6e3770165032c4a/element/f.37B6A3D8B8D5C040CDE4E4CEB4627624.d.DDD2139C3256B74854320C93BE1EB4C2.e.16387/text - {}
RESULT: {}
COMMAND: GET /session/76bbe7a963ba333ac6e3770165032c4a/element/f.37B6A3D8B8D5C040CDE4E4CEB4627624.d.DDD2139C3256B74854320C93BE1EB4C2.e.16388/text - {}
RESULT: {}
COMMAND: GET /session/76bbe7a963ba333ac6e3770165032c4a/element/f.37B6A3D8B8D5C040CDE4E4CEB4627624.d.DDD2139C3256B74854320C93BE1EB4C2.e.16389/text - {}
RESULT: {}
COMMAND: GET /session/76bbe7a963ba333ac6e3770165032c4a/element/f.37B6A3D8B8D5C040CDE4E4CEB4627624.d.DDD2139C3256B74854320C93BE1EB4C2.e.16390/text - {}
RESULT: {}
COMMAND: GET /session/76bbe7a963ba333ac6e3770165032c4a/element/f.37B6A3D8B8D5C040CDE4E4CEB4627624.d.DDD2139C3256B74854320C93BE1EB4C2.e.15578/text - {}
RESULT: {}
COMMAND: POST /session/76bbe7a963ba333ac6e3770165032c4a/element - {"using":"xpath","value":"//tbody[contains(@id, \"customHandoversTable-tblBody\")]/tr[1]/td[14]/div/span"}
RESULT: {"using":"xpath","value":"//tbody[contains(@id, \"customHandoversTable-tblBody\")]/tr[1]/td[14]/div/span"}
COMMAND: POST /session/76bbe7a963ba333ac6e3770165032c4a/execute/sync - {"script":"<script> [56 bytes]","args":[{"element-6066-11e4-a52e-4f735466cecf":"f.37B6A3D8B8D5C040CDE4E4CEB4627624.d.DDD2139C3256B74854320C93BE1EB4C2.e.16432","ELEMENT":"f.37B6A3D8B8D5C040CDE4E4CEB4627624.d.DDD2139C3256B74854320C93BE1EB4C2.e.16432"}]}
RESULT: {"script":"<script> [56 bytes]","args":[{"element-6066-11e4-a52e-4f735466cecf":"f.37B6A3D8B8D5C040CDE4E4CEB4627624.d.DDD2139C3256B74854320C93BE1EB4C2.e.16432","ELEMENT":"f.37B6A3D8B8D5C040CDE4E4CEB4627624.d.DDD2139C3256B74854320C93BE1EB4C2.e.16432"}]}
]]></system-out>
    </testcase>
    <testcase classname="chrome.136_0_7103_93.windows.Provide_to_Site_w/o_warehouse_management_w_clarification" name="Should Test for Handover Execution" time="12.518">
      <system-out><![CDATA[
COMMAND: POST /session/76bbe7a963ba333ac6e3770165032c4a/element - {"using":"xpath","value":"(//span[contains(@id, \"imgNav\")])[1]"}
COMMAND: GET /session/76bbe7a963ba333ac6e3770165032c4a/screenshot - {}
RESULT: {"using":"xpath","value":"(//span[contains(@id, \"imgNav\")])[1]"}
COMMAND: POST /session/76bbe7a963ba333ac6e3770165032c4a/element/f.37B6A3D8B8D5C040CDE4E4CEB4627624.d.DDD2139C3256B74854320C93BE1EB4C2.e.16433/click - {}
RESULT: {}
RESULT: {}
COMMAND: GET /session/76bbe7a963ba333ac6e3770165032c4a/screenshot - {}
RESULT: {}
COMMAND: POST /session/76bbe7a963ba333ac6e3770165032c4a/element - {"using":"css selector","value":"#shell-header-logo"}
RESULT: {"using":"css selector","value":"#shell-header-logo"}
COMMAND: POST /session/76bbe7a963ba333ac6e3770165032c4a/element/f.37B6A3D8B8D5C040CDE4E4CEB4627624.d.DDD2139C3256B74854320C93BE1EB4C2.e.14852/click - {}
RESULT: {}
COMMAND: GET /session/76bbe7a963ba333ac6e3770165032c4a/screenshot - {}
RESULT: {}
]]></system-out>
    </testcase>
    <testcase classname="chrome.136_0_7103_93.windows.Provide_to_Site_w/o_warehouse_management_w_clarification" name="Should test for Clarification" time="0.005">
      <system-out><![CDATA[
COMMAND: POST /session/76bbe7a963ba333ac6e3770165032c4a/element - {"using":"css selector","value":"#j_username"}
COMMAND: POST /session/76bbe7a963ba333ac6e3770165032c4a/url - {"url":"https://qa-testing-00-live-etm-ui.cfapps.eu10-004.hana.ondemand.com/"}
RESULT: {"using":"css selector","value":"#j_username"}
COMMAND: POST /session/76bbe7a963ba333ac6e3770165032c4a/element - {"using":"css selector","value":"#j_username"}
RESULT: {"url":"https://qa-testing-00-live-etm-ui.cfapps.eu10-004.hana.ondemand.com/"}
RESULT: undefined
COMMAND: GET /session/76bbe7a963ba333ac6e3770165032c4a/screenshot - {}
RESULT: {"using":"css selector","value":"#j_username"}
COMMAND: POST /session/76bbe7a963ba333ac6e3770165032c4a/element - {"using":"css selector","value":"#shell-header-logo"}
RESULT: {}
RESULT: {"using":"css selector","value":"#shell-header-logo"}
COMMAND: POST /session/76bbe7a963ba333ac6e3770165032c4a/execute/sync - {"script":"<script> [8489 bytes]","args":[{"element-6066-11e4-a52e-4f735466cecf":"f.37B6A3D8B8D5C040CDE4E4CEB4627624.d.9F1955A2F3A60519405B2EC3AE88E95D.e.16485","ELEMENT":"f.37B6A3D8B8D5C040CDE4E4CEB4627624.d.9F1955A2F3A60519405B2EC3AE88E95D.e.16485"}]}
RESULT: {"script":"<script> [8489 bytes]","args":[{"element-6066-11e4-a52e-4f735466cecf":"f.37B6A3D8B8D5C040CDE4E4CEB4627624.d.9F1955A2F3A60519405B2EC3AE88E95D.e.16485","ELEMENT":"f.37B6A3D8B8D5C040CDE4E4CEB4627624.d.9F1955A2F3A60519405B2EC3AE88E95D.e.16485"}]}
COMMAND: POST /session/76bbe7a963ba333ac6e3770165032c4a/element - {"using":"css selector","value":"#shell-header-logo"}
COMMAND: GET /session/76bbe7a963ba333ac6e3770165032c4a/screenshot - {}
RESULT: {"using":"css selector","value":"#shell-header-logo"}
COMMAND: POST /session/76bbe7a963ba333ac6e3770165032c4a/execute/sync - {"script":"<script> [8489 bytes]","args":[{"element-6066-11e4-a52e-4f735466cecf":"f.37B6A3D8B8D5C040CDE4E4CEB4627624.d.9F1955A2F3A60519405B2EC3AE88E95D.e.16485","ELEMENT":"f.37B6A3D8B8D5C040CDE4E4CEB4627624.d.9F1955A2F3A60519405B2EC3AE88E95D.e.16485"}]}
RESULT: {}
RESULT: {"script":"<script> [8489 bytes]","args":[{"element-6066-11e4-a52e-4f735466cecf":"f.37B6A3D8B8D5C040CDE4E4CEB4627624.d.9F1955A2F3A60519405B2EC3AE88E95D.e.16485","ELEMENT":"f.37B6A3D8B8D5C040CDE4E4CEB4627624.d.9F1955A2F3A60519405B2EC3AE88E95D.e.16485"}]}
COMMAND: POST /session/76bbe7a963ba333ac6e3770165032c4a/execute/sync - {"script":"<script> [5351 bytes]","args":[{"element-6066-11e4-a52e-4f735466cecf":"f.37B6A3D8B8D5C040CDE4E4CEB4627624.d.9F1955A2F3A60519405B2EC3AE88E95D.e.16485","ELEMENT":"f.37B6A3D8B8D5C040CDE4E4CEB4627624.d.9F1955A2F3A60519405B2EC3AE88E95D.e.16485"}]}
COMMAND: GET /session/76bbe7a963ba333ac6e3770165032c4a/screenshot - {}
RESULT: {"script":"<script> [5351 bytes]","args":[{"element-6066-11e4-a52e-4f735466cecf":"f.37B6A3D8B8D5C040CDE4E4CEB4627624.d.9F1955A2F3A60519405B2EC3AE88E95D.e.16485","ELEMENT":"f.37B6A3D8B8D5C040CDE4E4CEB4627624.d.9F1955A2F3A60519405B2EC3AE88E95D.e.16485"}]}
COMMAND: POST /session/76bbe7a963ba333ac6e3770165032c4a/element - {"using":"css selector","value":"#shell-header-logo"}
COMMAND: GET /session/76bbe7a963ba333ac6e3770165032c4a/screenshot - {}
RESULT: {}
RESULT: {"using":"css selector","value":"#shell-header-logo"}
COMMAND: POST /session/76bbe7a963ba333ac6e3770165032c4a/element/f.37B6A3D8B8D5C040CDE4E4CEB4627624.d.9F1955A2F3A60519405B2EC3AE88E95D.e.16485/click - {}
RESULT: {}
RESULT: {}
COMMAND: GET /session/76bbe7a963ba333ac6e3770165032c4a/screenshot - {}
RESULT: {}
COMMAND: POST /session/76bbe7a963ba333ac6e3770165032c4a/execute/async - {"script":"<script> [189 bytes]","args":[]}
RESULT: {"script":"<script> [189 bytes]","args":[]}
COMMAND: POST /session/76bbe7a963ba333ac6e3770165032c4a/execute/async - {"script":"<script> [123 bytes]","args":[]}
RESULT: {"script":"<script> [123 bytes]","args":[]}
COMMAND: POST /session/76bbe7a963ba333ac6e3770165032c4a/timeouts - {"script":"<number>"}
RESULT: {"script":"<number>"}
COMMAND: GET /session/76bbe7a963ba333ac6e3770165032c4a/timeouts - {}
RESULT: {}
RESULT: undefined
COMMAND: POST /session/76bbe7a963ba333ac6e3770165032c4a/execute/async - {"script":"<script> [2676 bytes]","args":[]}
RESULT: {"script":"<script> [2676 bytes]","args":[]}
COMMAND: POST /session/76bbe7a963ba333ac6e3770165032c4a/execute/async - {"script":"<script> [2342 bytes]","args":[{"protocol":"http","hostname":"0.0.0.0","path":"/","capabilities":{"browserName":"chrome","goog:chromeOptions":{"binary":"C:\\Program Files\\Google\\Chrome\\Application\\chrome.exe","args":["--start-maximized"]}},"logLevel":"warn","connectionRetryTimeout":120000,"connectionRetryCount":3,"logLevels":{},"enableDirectConnect":true,"strictSSL":true,"_":"65 more keys: [\"cacheDir\",\"port\",\"requestedCapabilities\",\"automationProtocol\",\"baseUrl\",\"waitforInterval\",\"waitforTimeout\",\"onReload\",\"beforeCommand\",\"afterCommand\",\"rootDir\",\"specs\",\"suites\",\"exclude\",\"groupLogsByTestSpec\",\"excludeDriverLogs\",\"bail\",\"framework\",\"reporters\",\"services\",\"maxInstances\",\"maxInstancesPerCapability\",\"injectGlobals\",\"filesToWatch\",\"execArgv\",\"runnerEnv\",\"runner\",\"shard\",\"specFileRetries\",\"specFileRetriesDelay\",\"specFileRetriesDeferred\",\"reporterSyncInterval\",\"reporterSyncTimeout\",\"cucumberFeaturesWithLineNumbers\",\"autoCompileOpts\",\"mochaOpts\",\"jasmineOpts\",\"cucumberOpts\",\"onPrepare\",\"onWorkerStart\",\"onWorkerEnd\",\"before\",\"beforeSession\",\"beforeSuite\",\"beforeHook\",\"beforeTest\",\"afterTest\",\"afterHook\",\"afterSuite\",\"afterSession\",\"after\",\"onComplete\",\"beforeAssertion\",\"afterAssertion\",\"beforeFeature\",\"beforeScenario\",\"beforeStep\",\"afterStep\",\"afterScenario\",\"afterFeature\",\"_\",\"suite\",\"$0\",\"ignoredWorkerServices\",\"wdi5\"]"}]}
RESULT: {"script":"<script> [2342 bytes]","args":[{"protocol":"http","hostname":"0.0.0.0","path":"/","capabilities":{"browserName":"chrome","goog:chromeOptions":{"binary":"C:\\Program Files\\Google\\Chrome\\Application\\chrome.exe","args":["--start-maximized"]}},"logLevel":"warn","connectionRetryTimeout":120000,"connectionRetryCount":3,"logLevels":{},"enableDirectConnect":true,"strictSSL":true,"_":"65 more keys: [\"cacheDir\",\"port\",\"requestedCapabilities\",\"automationProtocol\",\"baseUrl\",\"waitforInterval\",\"waitforTimeout\",\"onReload\",\"beforeCommand\",\"afterCommand\",\"rootDir\",\"specs\",\"suites\",\"exclude\",\"groupLogsByTestSpec\",\"excludeDriverLogs\",\"bail\",\"framework\",\"reporters\",\"services\",\"maxInstances\",\"maxInstancesPerCapability\",\"injectGlobals\",\"filesToWatch\",\"execArgv\",\"runnerEnv\",\"runner\",\"shard\",\"specFileRetries\",\"specFileRetriesDelay\",\"specFileRetriesDeferred\",\"reporterSyncInterval\",\"reporterSyncTimeout\",\"cucumberFeaturesWithLineNumbers\",\"autoCompileOpts\",\"mochaOpts\",\"jasmineOpts\",\"cucumberOpts\",\"onPrepare\",\"onWorkerStart\",\"onWorkerEnd\",\"before\",\"beforeSession\",\"beforeSuite\",\"beforeHook\",\"beforeTest\",\"afterTest\",\"afterHook\",\"afterSuite\",\"afterSession\",\"after\",\"onComplete\",\"beforeAssertion\",\"afterAssertion\",\"beforeFeature\",\"beforeScenario\",\"beforeStep\",\"afterStep\",\"afterScenario\",\"afterFeature\",\"_\",\"suite\",\"$0\",\"ignoredWorkerServices\",\"wdi5\"]"}]}
COMMAND: POST /session/76bbe7a963ba333ac6e3770165032c4a/execute/async - {"script":"<script> [21126 bytes]","args":[35000]}
RESULT: {"script":"<script> [21126 bytes]","args":[35000]}
COMMAND: POST /session/76bbe7a963ba333ac6e3770165032c4a/window/maximize - {}
RESULT: {}
COMMAND: POST /session/76bbe7a963ba333ac6e3770165032c4a/execute/async - {"script":"<script> [1562 bytes]","args":[{"selector":{"id":"shell-header","interaction":{"idSuffix":"icon"}},"wdio_ui5_key":"shellheader"}]}
COMMAND: GET /session/76bbe7a963ba333ac6e3770165032c4a/screenshot - {}
RESULT: {"script":"<script> [1562 bytes]","args":[{"selector":{"id":"shell-header","interaction":{"idSuffix":"icon"}},"wdio_ui5_key":"shellheader"}]}
RESULT: undefined
COMMAND: POST /session/76bbe7a963ba333ac6e3770165032c4a/window/fullscreen - {}
RESULT: {}
RESULT: {}
]]></system-out>
    </testcase>
  </testsuite>
  <testsuite timestamp="2025-05-20T06:20:41" time="130.315" tests="4" failures="0" errors="0" skipped="0">
    <properties>
      <property name="specId" value="0" />
      <property name="suiteName" value="Provide to Site w/o warehouse management w/o clarification US116612" />
      <property name="capabilities" value="chrome.136_0_7103_93.windows" />
      <property name="file" value="file:///D:/a/1/s/test/specs/HTR/provide-to-site-wo-warehouse-wo-clarification.spec.js" />
    </properties>
    <testcase classname="chrome.136_0_7103_93.windows.Provide_to_Site_w/o_warehouse_management_w/o_clarification_US116612" name="Should create a new yard" time="0.008">
      <system-out><![CDATA[
COMMAND: POST /session/76bbe7a963ba333ac6e3770165032c4a/window/fullscreen - {}
RESULT: {}
]]></system-out>
    </testcase>
    <testcase classname="chrome.136_0_7103_93.windows.Provide_to_Site_w/o_warehouse_management_w/o_clarification_US116612" name="Should create a new external partner" time="0.003" />
    <testcase classname="chrome.136_0_7103_93.windows.Provide_to_Site_w/o_warehouse_management_w/o_clarification_US116612" name="Should create a new site" time="0.003" />
    <testcase classname="chrome.136_0_7103_93.windows.Provide_to_Site_w/o_warehouse_management_w/o_clarification_US116612" name="Should create a new material" time="118.912">
      <system-out><![CDATA[
COMMAND: POST /session/76bbe7a963ba333ac6e3770165032c4a/execute/async - {"script":"<script> [1562 bytes]","args":[{"selector":{"controlType":"sap.m.GenericTile","properties":{"header":"Manage Resources"}},"wdio_ui5_key":"sapm.GenericTile{\"header\":\"Manage Resources\"}"}]}
RESULT: {"script":"<script> [1562 bytes]","args":[{"selector":{"controlType":"sap.m.GenericTile","properties":{"header":"Manage Resources"}},"wdio_ui5_key":"sapm.GenericTile{\"header\":\"Manage Resources\"}"}]}
RESULT: undefined
COMMAND: POST /session/76bbe7a963ba333ac6e3770165032c4a/element - {"using":"xpath","value":"//*[@id=\"__tile31\"]"}
RESULT: {"using":"xpath","value":"//*[@id=\"__tile31\"]"}
COMMAND: POST /session/76bbe7a963ba333ac6e3770165032c4a/element/f.37B6A3D8B8D5C040CDE4E4CEB4627624.d.9F1955A2F3A60519405B2EC3AE88E95D.e.16511/click - {}
RESULT: {}
COMMAND: GET /session/76bbe7a963ba333ac6e3770165032c4a/screenshot - {}
RESULT: {}
COMMAND: POST /session/76bbe7a963ba333ac6e3770165032c4a/elements - {"using":"xpath","value":"//span[text()='Error']"}
RESULT: {"using":"xpath","value":"//span[text()='Error']"}
COMMAND: POST /session/76bbe7a963ba333ac6e3770165032c4a/element - {"using":"xpath","value":"//button[@data-kt=\"addNewRUOverflowToolbarButton\"]"}
RESULT: {"using":"xpath","value":"//button[@data-kt=\"addNewRUOverflowToolbarButton\"]"}
COMMAND: POST /session/76bbe7a963ba333ac6e3770165032c4a/elements - {"using":"xpath","value":"//button[@data-kt=\"addNewRUOverflowToolbarButton\"]"}
RESULT: {"using":"xpath","value":"//button[@data-kt=\"addNewRUOverflowToolbarButton\"]"}
COMMAND: POST /session/76bbe7a963ba333ac6e3770165032c4a/elements - {"using":"xpath","value":"//button[@data-kt=\"addNewRUOverflowToolbarButton\"]"}
RESULT: {"using":"xpath","value":"//button[@data-kt=\"addNewRUOverflowToolbarButton\"]"}
COMMAND: POST /session/76bbe7a963ba333ac6e3770165032c4a/element - {"using":"xpath","value":"//button[@data-kt=\"addNewRUOverflowToolbarButton\"]"}
RESULT: {"using":"xpath","value":"//button[@data-kt=\"addNewRUOverflowToolbarButton\"]"}
COMMAND: POST /session/76bbe7a963ba333ac6e3770165032c4a/execute/sync - {"script":"<script> [8489 bytes]","args":[{"element-6066-11e4-a52e-4f735466cecf":"f.37B6A3D8B8D5C040CDE4E4CEB4627624.d.9F1955A2F3A60519405B2EC3AE88E95D.e.16638","ELEMENT":"f.37B6A3D8B8D5C040CDE4E4CEB4627624.d.9F1955A2F3A60519405B2EC3AE88E95D.e.16638"}]}
RESULT: {"script":"<script> [8489 bytes]","args":[{"element-6066-11e4-a52e-4f735466cecf":"f.37B6A3D8B8D5C040CDE4E4CEB4627624.d.9F1955A2F3A60519405B2EC3AE88E95D.e.16638","ELEMENT":"f.37B6A3D8B8D5C040CDE4E4CEB4627624.d.9F1955A2F3A60519405B2EC3AE88E95D.e.16638"}]}
COMMAND: GET /session/76bbe7a963ba333ac6e3770165032c4a/element/f.37B6A3D8B8D5C040CDE4E4CEB4627624.d.9F1955A2F3A60519405B2EC3AE88E95D.e.16638/enabled - {}
COMMAND: GET /session/76bbe7a963ba333ac6e3770165032c4a/screenshot - {}
RESULT: {}
RESULT: {}
COMMAND: POST /session/76bbe7a963ba333ac6e3770165032c4a/execute/sync - {"script":"<script> [8489 bytes]","args":[{"element-6066-11e4-a52e-4f735466cecf":"f.37B6A3D8B8D5C040CDE4E4CEB4627624.d.9F1955A2F3A60519405B2EC3AE88E95D.e.16638","ELEMENT":"f.37B6A3D8B8D5C040CDE4E4CEB4627624.d.9F1955A2F3A60519405B2EC3AE88E95D.e.16638"}]}
COMMAND: GET /session/76bbe7a963ba333ac6e3770165032c4a/screenshot - {}
RESULT: {"script":"<script> [8489 bytes]","args":[{"element-6066-11e4-a52e-4f735466cecf":"f.37B6A3D8B8D5C040CDE4E4CEB4627624.d.9F1955A2F3A60519405B2EC3AE88E95D.e.16638","ELEMENT":"f.37B6A3D8B8D5C040CDE4E4CEB4627624.d.9F1955A2F3A60519405B2EC3AE88E95D.e.16638"}]}
COMMAND: POST /session/76bbe7a963ba333ac6e3770165032c4a/execute/sync - {"script":"<script> [5351 bytes]","args":[{"element-6066-11e4-a52e-4f735466cecf":"f.37B6A3D8B8D5C040CDE4E4CEB4627624.d.9F1955A2F3A60519405B2EC3AE88E95D.e.16638","ELEMENT":"f.37B6A3D8B8D5C040CDE4E4CEB4627624.d.9F1955A2F3A60519405B2EC3AE88E95D.e.16638"}]}
COMMAND: GET /session/76bbe7a963ba333ac6e3770165032c4a/screenshot - {}
RESULT: {}
RESULT: {"script":"<script> [5351 bytes]","args":[{"element-6066-11e4-a52e-4f735466cecf":"f.37B6A3D8B8D5C040CDE4E4CEB4627624.d.9F1955A2F3A60519405B2EC3AE88E95D.e.16638","ELEMENT":"f.37B6A3D8B8D5C040CDE4E4CEB4627624.d.9F1955A2F3A60519405B2EC3AE88E95D.e.16638"}]}
COMMAND: POST /session/76bbe7a963ba333ac6e3770165032c4a/element/f.37B6A3D8B8D5C040CDE4E4CEB4627624.d.9F1955A2F3A60519405B2EC3AE88E95D.e.16638/click - {}
COMMAND: GET /session/76bbe7a963ba333ac6e3770165032c4a/screenshot - {}
RESULT: {}
RESULT: {}
COMMAND: GET /session/76bbe7a963ba333ac6e3770165032c4a/screenshot - {}
RESULT: {}
COMMAND: POST /session/76bbe7a963ba333ac6e3770165032c4a/execute/async - {"script":"<script> [1562 bytes]","args":[{"selector":{"id":"application-manageresources-display-component---newResourceUnit--TYPE-arrow"},"wdio_ui5_key":"applicationmanageresources-display-component---newResourceUnit--TYPE-arrow"}]}
RESULT: {}
RESULT: {"script":"<script> [1562 bytes]","args":[{"selector":{"id":"application-manageresources-display-component---newResourceUnit--TYPE-arrow"},"wdio_ui5_key":"applicationmanageresources-display-component---newResourceUnit--TYPE-arrow"}]}
RESULT: undefined
COMMAND: POST /session/76bbe7a963ba333ac6e3770165032c4a/element - {"using":"xpath","value":"//*[@id=\"application-manageresources-display-component---newResourceUnit--TYPE-arrow\"]"}
RESULT: {"using":"xpath","value":"//*[@id=\"application-manageresources-display-component---newResourceUnit--TYPE-arrow\"]"}
COMMAND: POST /session/76bbe7a963ba333ac6e3770165032c4a/element/f.37B6A3D8B8D5C040CDE4E4CEB4627624.d.9F1955A2F3A60519405B2EC3AE88E95D.e.17003/click - {}
RESULT: {}
COMMAND: POST /session/76bbe7a963ba333ac6e3770165032c4a/element - {"using":"xpath","value":"//input[@id=\"application-manageresources-display-component---newResourceUnit--TYPE-inner\"]"}
COMMAND: GET /session/76bbe7a963ba333ac6e3770165032c4a/screenshot - {}
RESULT: {"using":"xpath","value":"//input[@id=\"application-manageresources-display-component---newResourceUnit--TYPE-inner\"]"}
COMMAND: POST /session/76bbe7a963ba333ac6e3770165032c4a/element/f.37B6A3D8B8D5C040CDE4E4CEB4627624.d.9F1955A2F3A60519405B2EC3AE88E95D.e.16986/clear - {}
RESULT: {}
RESULT: {}
COMMAND: POST /session/76bbe7a963ba333ac6e3770165032c4a/element/f.37B6A3D8B8D5C040CDE4E4CEB4627624.d.9F1955A2F3A60519405B2EC3AE88E95D.e.16986/value - {"text":"Material"}
COMMAND: GET /session/76bbe7a963ba333ac6e3770165032c4a/screenshot - {}
RESULT: {"text":"Material"}
COMMAND: GET /session/76bbe7a963ba333ac6e3770165032c4a/screenshot - {}
RESULT: {}
RESULT: {}
COMMAND: POST /session/76bbe7a963ba333ac6e3770165032c4a/actions - {"actions":[{"id":"action54","type":"key","parameters":{},"actions":[{"type":"keyDown","value":"î€‡"},{"type":"pause","duration":10},{"type":"keyUp","value":"î€‡"}]}]}
RESULT: {"actions":[{"id":"action54","type":"key","parameters":{},"actions":[{"type":"keyDown","value":"î€‡"},{"type":"pause","duration":10},{"type":"keyUp","value":"î€‡"}]}]}
COMMAND: POST /session/76bbe7a963ba333ac6e3770165032c4a/execute/async - {"script":"<script> [1562 bytes]","args":[{"selector":{"id":"application-manageresources-display-component---newResourceUnit--SHORT_TEXT","interaction":{"idSuffix":"inner"}},"wdio_ui5_key":"applicationmanageresources-display-component---newResourceUnit--SHORT_TEXT"}]}
COMMAND: GET /session/76bbe7a963ba333ac6e3770165032c4a/screenshot - {}
RESULT: {"script":"<script> [1562 bytes]","args":[{"selector":{"id":"application-manageresources-display-component---newResourceUnit--SHORT_TEXT","interaction":{"idSuffix":"inner"}},"wdio_ui5_key":"applicationmanageresources-display-component---newResourceUnit--SHORT_TEXT"}]}
RESULT: undefined
COMMAND: POST /session/76bbe7a963ba333ac6e3770165032c4a/execute/async - {"script":"<script> [776 bytes]","args":[{"enterText":"Cement WDIO","selector":{"id":"application-manageresources-display-component---newResourceUnit--SHORT_TEXT","interaction":{"idSuffix":"inner"}},"clearTextFirst":true,"interactionType":"ENTER_TEXT"}]}
RESULT: {}
RESULT: {"script":"<script> [776 bytes]","args":[{"enterText":"Cement WDIO","selector":{"id":"application-manageresources-display-component---newResourceUnit--SHORT_TEXT","interaction":{"idSuffix":"inner"}},"clearTextFirst":true,"interactionType":"ENTER_TEXT"}]}
COMMAND: POST /session/76bbe7a963ba333ac6e3770165032c4a/execute/async - {"script":"<script> [1562 bytes]","args":[{"selector":{"id":"application-manageresources-display-component---newResourceUnit--BASE_UNIT_OF_MEASURE","interaction":{"idSuffix":"inner"}},"wdio_ui5_key":"applicationmanageresources-display-component---newResourceUnit--BASE_UNIT_OF_MEASURE"}]}
RESULT: {"script":"<script> [1562 bytes]","args":[{"selector":{"id":"application-manageresources-display-component---newResourceUnit--BASE_UNIT_OF_MEASURE","interaction":{"idSuffix":"inner"}},"wdio_ui5_key":"applicationmanageresources-display-component---newResourceUnit--BASE_UNIT_OF_MEASURE"}]}
RESULT: undefined
COMMAND: POST /session/76bbe7a963ba333ac6e3770165032c4a/execute/async - {"script":"<script> [776 bytes]","args":[{"enterText":"Piece","selector":{"id":"application-manageresources-display-component---newResourceUnit--BASE_UNIT_OF_MEASURE","interaction":{"idSuffix":"inner"}},"clearTextFirst":true,"interactionType":"ENTER_TEXT"}]}
RESULT: {"script":"<script> [776 bytes]","args":[{"enterText":"Piece","selector":{"id":"application-manageresources-display-component---newResourceUnit--BASE_UNIT_OF_MEASURE","interaction":{"idSuffix":"inner"}},"clearTextFirst":true,"interactionType":"ENTER_TEXT"}]}
COMMAND: POST /session/76bbe7a963ba333ac6e3770165032c4a/execute/async - {"script":"<script> [1562 bytes]","args":[{"selector":{"id":"application-manageresources-display-component---newResourceUnit--WEIGHT_UNIT","interaction":{"idSuffix":"inner"}},"wdio_ui5_key":"applicationmanageresources-display-component---newResourceUnit--WEIGHT_UNIT"}]}
RESULT: {"script":"<script> [1562 bytes]","args":[{"selector":{"id":"application-manageresources-display-component---newResourceUnit--WEIGHT_UNIT","interaction":{"idSuffix":"inner"}},"wdio_ui5_key":"applicationmanageresources-display-component---newResourceUnit--WEIGHT_UNIT"}]}
RESULT: undefined
COMMAND: POST /session/76bbe7a963ba333ac6e3770165032c4a/execute/async - {"script":"<script> [776 bytes]","args":[{"enterText":"Gram","selector":{"id":"application-manageresources-display-component---newResourceUnit--WEIGHT_UNIT","interaction":{"idSuffix":"inner"}},"clearTextFirst":true,"interactionType":"ENTER_TEXT"}]}
RESULT: {"script":"<script> [776 bytes]","args":[{"enterText":"Gram","selector":{"id":"application-manageresources-display-component---newResourceUnit--WEIGHT_UNIT","interaction":{"idSuffix":"inner"}},"clearTextFirst":true,"interactionType":"ENTER_TEXT"}]}
COMMAND: POST /session/76bbe7a963ba333ac6e3770165032c4a/execute/async - {"script":"<script> [1562 bytes]","args":[{"selector":{"id":"application-manageresources-display-component---newResourceUnit--DIMENSION_UNIT","interaction":{"idSuffix":"inner"}},"wdio_ui5_key":"applicationmanageresources-display-component---newResourceUnit--DIMENSION_UNIT"}]}
RESULT: {"script":"<script> [1562 bytes]","args":[{"selector":{"id":"application-manageresources-display-component---newResourceUnit--DIMENSION_UNIT","interaction":{"idSuffix":"inner"}},"wdio_ui5_key":"applicationmanageresources-display-component---newResourceUnit--DIMENSION_UNIT"}]}
RESULT: undefined
COMMAND: POST /session/76bbe7a963ba333ac6e3770165032c4a/execute/async - {"script":"<script> [776 bytes]","args":[{"enterText":"Meter","selector":{"id":"application-manageresources-display-component---newResourceUnit--DIMENSION_UNIT","interaction":{"idSuffix":"inner"}},"clearTextFirst":true,"interactionType":"ENTER_TEXT"}]}
RESULT: {"script":"<script> [776 bytes]","args":[{"enterText":"Meter","selector":{"id":"application-manageresources-display-component---newResourceUnit--DIMENSION_UNIT","interaction":{"idSuffix":"inner"}},"clearTextFirst":true,"interactionType":"ENTER_TEXT"}]}
COMMAND: POST /session/76bbe7a963ba333ac6e3770165032c4a/execute/async - {"script":"<script> [1562 bytes]","args":[{"selector":{"id":"application-manageresources-display-component---newResourceUnit--newRRUPage-anchBar-application-manageresources-display-component---newResourceUnit--control-anchor","interaction":{"idSuffix":"BDI-content"}},"wdio_ui5_key":"applicationmanageresources-display-component---newResourceUnit--newRRUPage-anchBar-application-manageresources-display-component---newResourceUnit--control-anchor"}]}
RESULT: {"script":"<script> [1562 bytes]","args":[{"selector":{"id":"application-manageresources-display-component---newResourceUnit--newRRUPage-anchBar-application-manageresources-display-component---newResourceUnit--control-anchor","interaction":{"idSuffix":"BDI-content"}},"wdio_ui5_key":"applicationmanageresources-display-component---newResourceUnit--newRRUPage-anchBar-application-manageresources-display-component---newResourceUnit--control-anchor"}]}
RESULT: undefined
COMMAND: POST /session/76bbe7a963ba333ac6e3770165032c4a/element - {"using":"xpath","value":"//*[@id=\"application-manageresources-display-component---newResourceUnit--newRRUPage-anchBar-application-manageresources-display-component---newResourceUnit--control-anchor\"]"}
RESULT: {"using":"xpath","value":"//*[@id=\"application-manageresources-display-component---newResourceUnit--newRRUPage-anchBar-application-manageresources-display-component---newResourceUnit--control-anchor\"]"}
COMMAND: POST /session/76bbe7a963ba333ac6e3770165032c4a/element/f.37B6A3D8B8D5C040CDE4E4CEB4627624.d.9F1955A2F3A60519405B2EC3AE88E95D.e.17068/click - {}
RESULT: {}
COMMAND: POST /session/76bbe7a963ba333ac6e3770165032c4a/execute/async - {"script":"<script> [1562 bytes]","args":[{"selector":{"id":"application-manageresources-display-component---newResourceUnit--PLANNING_GROUP","interaction":{"idSuffix":"inner"}},"wdio_ui5_key":"applicationmanageresources-display-component---newResourceUnit--PLANNING_GROUP"}]}
COMMAND: GET /session/76bbe7a963ba333ac6e3770165032c4a/screenshot - {}
RESULT: {"script":"<script> [1562 bytes]","args":[{"selector":{"id":"application-manageresources-display-component---newResourceUnit--PLANNING_GROUP","interaction":{"idSuffix":"inner"}},"wdio_ui5_key":"applicationmanageresources-display-component---newResourceUnit--PLANNING_GROUP"}]}
RESULT: undefined
COMMAND: POST /session/76bbe7a963ba333ac6e3770165032c4a/execute/async - {"script":"<script> [776 bytes]","args":[{"enterText":"Material","selector":{"id":"application-manageresources-display-component---newResourceUnit--PLANNING_GROUP","interaction":{"idSuffix":"inner"}},"clearTextFirst":true,"interactionType":"ENTER_TEXT"}]}
RESULT: {}
RESULT: {"script":"<script> [776 bytes]","args":[{"enterText":"Material","selector":{"id":"application-manageresources-display-component---newResourceUnit--PLANNING_GROUP","interaction":{"idSuffix":"inner"}},"clearTextFirst":true,"interactionType":"ENTER_TEXT"}]}
COMMAND: POST /session/76bbe7a963ba333ac6e3770165032c4a/execute/async - {"script":"<script> [1562 bytes]","args":[{"selector":{"id":"application-manageresources-display-component---newResourceUnit--PLANNING_INDICATOR","interaction":{"idSuffix":"inner"}},"wdio_ui5_key":"applicationmanageresources-display-component---newResourceUnit--PLANNING_INDICATOR"}]}
RESULT: {"script":"<script> [1562 bytes]","args":[{"selector":{"id":"application-manageresources-display-component---newResourceUnit--PLANNING_INDICATOR","interaction":{"idSuffix":"inner"}},"wdio_ui5_key":"applicationmanageresources-display-component---newResourceUnit--PLANNING_INDICATOR"}]}
RESULT: undefined
COMMAND: POST /session/76bbe7a963ba333ac6e3770165032c4a/execute/async - {"script":"<script> [776 bytes]","args":[{"enterText":"10 - infinite","selector":{"id":"application-manageresources-display-component---newResourceUnit--PLANNING_INDICATOR","interaction":{"idSuffix":"inner"}},"clearTextFirst":true,"interactionType":"ENTER_TEXT"}]}
RESULT: {"script":"<script> [776 bytes]","args":[{"enterText":"10 - infinite","selector":{"id":"application-manageresources-display-component---newResourceUnit--PLANNING_INDICATOR","interaction":{"idSuffix":"inner"}},"clearTextFirst":true,"interactionType":"ENTER_TEXT"}]}
COMMAND: POST /session/76bbe7a963ba333ac6e3770165032c4a/element - {"using":"css selector","value":"#application-manageresources-display-component---newResourceUnit--btnAddTimeSegment"}
RESULT: {"using":"css selector","value":"#application-manageresources-display-component---newResourceUnit--btnAddTimeSegment"}
COMMAND: GET /session/76bbe7a963ba333ac6e3770165032c4a/element/f.37B6A3D8B8D5C040CDE4E4CEB4627624.d.9F1955A2F3A60519405B2EC3AE88E95D.e.17076/rect - {}
RESULT: {}
COMMAND: GET /session/76bbe7a963ba333ac6e3770165032c4a/window/rect - {}
RESULT: {}
COMMAND: POST /session/76bbe7a963ba333ac6e3770165032c4a/execute/sync - {"script":"<script> [92 bytes]","args":[]}
RESULT: {"script":"<script> [92 bytes]","args":[]}
COMMAND: POST /session/76bbe7a963ba333ac6e3770165032c4a/actions - {"actions":[{"id":"action55","type":"wheel","parameters":{},"actions":[{"type":"scroll","x":-1888,"y":-32,"deltaX":0,"deltaY":0,"duration":0,"origin":{"element-6066-11e4-a52e-4f735466cecf":"f.37B6A3D8B8D5C040CDE4E4CEB4627624.d.9F1955A2F3A60519405B2EC3AE88E95D.e.17076"}}]}]}
COMMAND: GET /session/76bbe7a963ba333ac6e3770165032c4a/screenshot - {}
RESULT: {}
COMMAND: POST /session/76bbe7a963ba333ac6e3770165032c4a/execute/sync - {"script":"<script> [79 bytes]","args":[{"element-6066-11e4-a52e-4f735466cecf":"f.37B6A3D8B8D5C040CDE4E4CEB4627624.d.9F1955A2F3A60519405B2EC3AE88E95D.e.17076","ELEMENT":"f.37B6A3D8B8D5C040CDE4E4CEB4627624.d.9F1955A2F3A60519405B2EC3AE88E95D.e.17076"},{"block":"start","inline":"nearest"}]}
RESULT: {"script":"<script> [79 bytes]","args":[{"element-6066-11e4-a52e-4f735466cecf":"f.37B6A3D8B8D5C040CDE4E4CEB4627624.d.9F1955A2F3A60519405B2EC3AE88E95D.e.17076","ELEMENT":"f.37B6A3D8B8D5C040CDE4E4CEB4627624.d.9F1955A2F3A60519405B2EC3AE88E95D.e.17076"},{"block":"start","inline":"nearest"}]}
COMMAND: POST /session/76bbe7a963ba333ac6e3770165032c4a/execute/async - {"script":"<script> [1562 bytes]","args":[{"selector":{"id":"application-manageresources-display-component---newResourceUnit--btnAddTimeSegment","interaction":{"idSuffix":"inner"}},"wdio_ui5_key":"applicationmanageresources-display-component---newResourceUnit--btnAddTimeSegment"}]}
COMMAND: GET /session/76bbe7a963ba333ac6e3770165032c4a/screenshot - {}
RESULT: {"script":"<script> [1562 bytes]","args":[{"selector":{"id":"application-manageresources-display-component---newResourceUnit--btnAddTimeSegment","interaction":{"idSuffix":"inner"}},"wdio_ui5_key":"applicationmanageresources-display-component---newResourceUnit--btnAddTimeSegment"}]}
RESULT: undefined
COMMAND: POST /session/76bbe7a963ba333ac6e3770165032c4a/element - {"using":"xpath","value":"//*[@id=\"application-manageresources-display-component---newResourceUnit--btnAddTimeSegment\"]"}
RESULT: {}
RESULT: {"using":"xpath","value":"//*[@id=\"application-manageresources-display-component---newResourceUnit--btnAddTimeSegment\"]"}
COMMAND: POST /session/76bbe7a963ba333ac6e3770165032c4a/element/f.37B6A3D8B8D5C040CDE4E4CEB4627624.d.9F1955A2F3A60519405B2EC3AE88E95D.e.17076/click - {}
RESULT: {}
COMMAND: GET /session/76bbe7a963ba333ac6e3770165032c4a/screenshot - {}
RESULT: {}
COMMAND: POST /session/76bbe7a963ba333ac6e3770165032c4a/element - {"using":"xpath","value":"//input[@id=\"application-manageresources-display-component---newResourceUnit--idRuTSAdmin-application-manageresources-display-component---newResourceUnit--RUTimeSegment-0-inner\"]"}
RESULT: {"using":"xpath","value":"//input[@id=\"application-manageresources-display-component---newResourceUnit--idRuTSAdmin-application-manageresources-display-component---newResourceUnit--RUTimeSegment-0-inner\"]"}
COMMAND: POST /session/76bbe7a963ba333ac6e3770165032c4a/element/f.37B6A3D8B8D5C040CDE4E4CEB4627624.d.9F1955A2F3A60519405B2EC3AE88E95D.e.17081/clear - {}
RESULT: {}
COMMAND: POST /session/76bbe7a963ba333ac6e3770165032c4a/element/f.37B6A3D8B8D5C040CDE4E4CEB4627624.d.9F1955A2F3A60519405B2EC3AE88E95D.e.17081/value - {"text":"577"}
COMMAND: GET /session/76bbe7a963ba333ac6e3770165032c4a/screenshot - {}
RESULT: {"text":"577"}
COMMAND: GET /session/76bbe7a963ba333ac6e3770165032c4a/screenshot - {}
RESULT: {}
RESULT: {}
COMMAND: POST /session/76bbe7a963ba333ac6e3770165032c4a/element - {"using":"xpath","value":"//li[.//span[text()='577']]"}
RESULT: {"using":"xpath","value":"//li[.//span[text()='577']]"}
COMMAND: POST /session/76bbe7a963ba333ac6e3770165032c4a/element/f.37B6A3D8B8D5C040CDE4E4CEB4627624.d.9F1955A2F3A60519405B2EC3AE88E95D.e.17090/click - {}
RESULT: {}
COMMAND: GET /session/76bbe7a963ba333ac6e3770165032c4a/screenshot - {}
RESULT: {}
COMMAND: POST /session/76bbe7a963ba333ac6e3770165032c4a/element - {"using":"xpath","value":"(//span[contains(@id, \"-application-manageresources-display-component---newResourceUnit--RUTimeSegment-0-arrow\")])[2]"}
RESULT: {"using":"xpath","value":"(//span[contains(@id, \"-application-manageresources-display-component---newResourceUnit--RUTimeSegment-0-arrow\")])[2]"}
COMMAND: POST /session/76bbe7a963ba333ac6e3770165032c4a/element/f.37B6A3D8B8D5C040CDE4E4CEB4627624.d.9F1955A2F3A60519405B2EC3AE88E95D.e.17091/click - {}
RESULT: {}
COMMAND: POST /session/76bbe7a963ba333ac6e3770165032c4a/element - {"using":"xpath","value":"//span[contains(text(), \"PM Order\")]"}
COMMAND: GET /session/76bbe7a963ba333ac6e3770165032c4a/screenshot - {}
RESULT: {"using":"xpath","value":"//span[contains(text(), \"PM Order\")]"}
COMMAND: POST /session/76bbe7a963ba333ac6e3770165032c4a/element/f.37B6A3D8B8D5C040CDE4E4CEB4627624.d.9F1955A2F3A60519405B2EC3AE88E95D.e.17092/click - {}
RESULT: {}
RESULT: {}
COMMAND: GET /session/76bbe7a963ba333ac6e3770165032c4a/screenshot - {}
RESULT: {}
COMMAND: POST /session/76bbe7a963ba333ac6e3770165032c4a/element - {"using":"xpath","value":"//td/div/div/div/span[contains(@id, \"newResourceUnit--RUTimeSegment-0-vhi\")][1]"}
RESULT: {"using":"xpath","value":"//td/div/div/div/span[contains(@id, \"newResourceUnit--RUTimeSegment-0-vhi\")][1]"}
COMMAND: GET /session/76bbe7a963ba333ac6e3770165032c4a/element/f.37B6A3D8B8D5C040CDE4E4CEB4627624.d.9F1955A2F3A60519405B2EC3AE88E95D.e.17096/rect - {}
RESULT: {}
COMMAND: GET /session/76bbe7a963ba333ac6e3770165032c4a/window/rect - {}
RESULT: {}
COMMAND: POST /session/76bbe7a963ba333ac6e3770165032c4a/execute/sync - {"script":"<script> [92 bytes]","args":[]}
RESULT: {"script":"<script> [92 bytes]","args":[]}
COMMAND: POST /session/76bbe7a963ba333ac6e3770165032c4a/actions - {"actions":[{"id":"action56","type":"wheel","parameters":{},"actions":[{"type":"scroll","x":-1888,"y":-24,"deltaX":0,"deltaY":0,"duration":0,"origin":{"element-6066-11e4-a52e-4f735466cecf":"f.37B6A3D8B8D5C040CDE4E4CEB4627624.d.9F1955A2F3A60519405B2EC3AE88E95D.e.17096"}}]}]}
COMMAND: GET /session/76bbe7a963ba333ac6e3770165032c4a/screenshot - {}
RESULT: {}
COMMAND: POST /session/76bbe7a963ba333ac6e3770165032c4a/execute/sync - {"script":"<script> [79 bytes]","args":[{"element-6066-11e4-a52e-4f735466cecf":"f.37B6A3D8B8D5C040CDE4E4CEB4627624.d.9F1955A2F3A60519405B2EC3AE88E95D.e.17096","ELEMENT":"f.37B6A3D8B8D5C040CDE4E4CEB4627624.d.9F1955A2F3A60519405B2EC3AE88E95D.e.17096"},{"block":"start","inline":"nearest"}]}
RESULT: {"script":"<script> [79 bytes]","args":[{"element-6066-11e4-a52e-4f735466cecf":"f.37B6A3D8B8D5C040CDE4E4CEB4627624.d.9F1955A2F3A60519405B2EC3AE88E95D.e.17096","ELEMENT":"f.37B6A3D8B8D5C040CDE4E4CEB4627624.d.9F1955A2F3A60519405B2EC3AE88E95D.e.17096"},{"block":"start","inline":"nearest"}]}
COMMAND: GET /session/76bbe7a963ba333ac6e3770165032c4a/screenshot - {}
RESULT: {}
COMMAND: POST /session/76bbe7a963ba333ac6e3770165032c4a/element/f.37B6A3D8B8D5C040CDE4E4CEB4627624.d.9F1955A2F3A60519405B2EC3AE88E95D.e.17096/click - {}
RESULT: {}
COMMAND: GET /session/76bbe7a963ba333ac6e3770165032c4a/screenshot - {}
RESULT: {}
COMMAND: POST /session/76bbe7a963ba333ac6e3770165032c4a/execute/async - {"script":"<script> [1562 bytes]","args":[{"selector":{"controlType":"sap.m.SearchField","properties":{"placeholder":"Search"},"searchOpenDialogs":true,"interaction":{"idSuffix":"I"}},"wdio_ui5_key":"sapm.SearchField{\"placeholder\":\"Search\"}"}]}
RESULT: {"script":"<script> [1562 bytes]","args":[{"selector":{"controlType":"sap.m.SearchField","properties":{"placeholder":"Search"},"searchOpenDialogs":true,"interaction":{"idSuffix":"I"}},"wdio_ui5_key":"sapm.SearchField{\"placeholder\":\"Search\"}"}]}
RESULT: undefined
COMMAND: POST /session/76bbe7a963ba333ac6e3770165032c4a/execute/async - {"script":"<script> [776 bytes]","args":[{"enterText":"4000360","selector":{"controlType":"sap.m.SearchField","properties":{"placeholder":"Search"},"searchOpenDialogs":true,"interaction":{"idSuffix":"I"}},"clearTextFirst":true,"interactionType":"ENTER_TEXT"}]}
RESULT: {"script":"<script> [776 bytes]","args":[{"enterText":"4000360","selector":{"controlType":"sap.m.SearchField","properties":{"placeholder":"Search"},"searchOpenDialogs":true,"interaction":{"idSuffix":"I"}},"clearTextFirst":true,"interactionType":"ENTER_TEXT"}]}
COMMAND: POST /session/76bbe7a963ba333ac6e3770165032c4a/actions - {"actions":[{"id":"action57","type":"key","parameters":{},"actions":[{"type":"keyDown","value":"î€‡"},{"type":"pause","duration":10},{"type":"keyUp","value":"î€‡"}]}]}
RESULT: {"actions":[{"id":"action57","type":"key","parameters":{},"actions":[{"type":"keyDown","value":"î€‡"},{"type":"pause","duration":10},{"type":"keyUp","value":"î€‡"}]}]}
COMMAND: GET /session/76bbe7a963ba333ac6e3770165032c4a/screenshot - {}
RESULT: {}
COMMAND: POST /session/76bbe7a963ba333ac6e3770165032c4a/element - {"using":"xpath","value":"//td/div/span[contains(text(), \"BGL Vehicles\")]"}
RESULT: {"using":"xpath","value":"//td/div/span[contains(text(), \"BGL Vehicles\")]"}
COMMAND: POST /session/76bbe7a963ba333ac6e3770165032c4a/element/f.37B6A3D8B8D5C040CDE4E4CEB4627624.d.9F1955A2F3A60519405B2EC3AE88E95D.e.17117/click - {}
RESULT: {}
COMMAND: GET /session/76bbe7a963ba333ac6e3770165032c4a/screenshot - {}
RESULT: {}
COMMAND: POST /session/76bbe7a963ba333ac6e3770165032c4a/element - {"using":"xpath","value":"//bdi[contains(text(), \"OK\")]"}
RESULT: {"using":"xpath","value":"//bdi[contains(text(), \"OK\")]"}
COMMAND: POST /session/76bbe7a963ba333ac6e3770165032c4a/element/f.37B6A3D8B8D5C040CDE4E4CEB4627624.d.9F1955A2F3A60519405B2EC3AE88E95D.e.17118/click - {}
RESULT: {}
COMMAND: GET /session/76bbe7a963ba333ac6e3770165032c4a/screenshot - {}
RESULT: {}
COMMAND: POST /session/76bbe7a963ba333ac6e3770165032c4a/element - {"using":"xpath","value":"//label[contains(@class, 'sapMLabelRequired') and .//bdi[contains(text(), 'Planned Retirement')]]"}
RESULT: {"using":"xpath","value":"//label[contains(@class, 'sapMLabelRequired') and .//bdi[contains(text(), 'Planned Retirement')]]"}
COMMAND: POST /session/76bbe7a963ba333ac6e3770165032c4a/elements - {"using":"xpath","value":"//label[contains(@class, 'sapMLabelRequired') and .//bdi[contains(text(), 'Planned Retirement')]]"}
RESULT: {"using":"xpath","value":"//label[contains(@class, 'sapMLabelRequired') and .//bdi[contains(text(), 'Planned Retirement')]]"}
COMMAND: POST /session/76bbe7a963ba333ac6e3770165032c4a/element - {"using":"xpath","value":"//button[@data-kt=\"resourceUnitSaveButton\"]"}
RESULT: {"using":"xpath","value":"//button[@data-kt=\"resourceUnitSaveButton\"]"}
COMMAND: POST /session/76bbe7a963ba333ac6e3770165032c4a/element/f.37B6A3D8B8D5C040CDE4E4CEB4627624.d.9F1955A2F3A60519405B2EC3AE88E95D.e.17020/click - {}
RESULT: {}
COMMAND: GET /session/76bbe7a963ba333ac6e3770165032c4a/screenshot - {}
RESULT: {}
COMMAND: POST /session/76bbe7a963ba333ac6e3770165032c4a/element - {"using":"xpath","value":"//bdi[contains(text(), \"Close\")]"}
RESULT: {"using":"xpath","value":"//bdi[contains(text(), \"Close\")]"}
COMMAND: POST /session/76bbe7a963ba333ac6e3770165032c4a/element/f.37B6A3D8B8D5C040CDE4E4CEB4627624.d.9F1955A2F3A60519405B2EC3AE88E95D.e.17125/click - {}
RESULT: {}
COMMAND: GET /session/76bbe7a963ba333ac6e3770165032c4a/screenshot - {}
RESULT: {}
COMMAND: POST /session/76bbe7a963ba333ac6e3770165032c4a/element - {"using":"xpath","value":"//header[contains(@id, 'detailRruPage-headerTitle')]/div[1]/div[2]/div[2]/span[1]"}
RESULT: {"using":"xpath","value":"//header[contains(@id, 'detailRruPage-headerTitle')]/div[1]/div[2]/div[2]/span[1]"}
COMMAND: POST /session/76bbe7a963ba333ac6e3770165032c4a/elements - {"using":"xpath","value":"//header[contains(@id, 'detailRruPage-headerTitle')]/div[1]/div[2]/div[2]/span[1]"}
RESULT: {"using":"xpath","value":"//header[contains(@id, 'detailRruPage-headerTitle')]/div[1]/div[2]/div[2]/span[1]"}
COMMAND: POST /session/76bbe7a963ba333ac6e3770165032c4a/execute/sync - {"script":"<script> [56 bytes]","args":[{"element-6066-11e4-a52e-4f735466cecf":"f.37B6A3D8B8D5C040CDE4E4CEB4627624.d.9F1955A2F3A60519405B2EC3AE88E95D.e.17158","ELEMENT":"f.37B6A3D8B8D5C040CDE4E4CEB4627624.d.9F1955A2F3A60519405B2EC3AE88E95D.e.17158"}]}
RESULT: {"script":"<script> [56 bytes]","args":[{"element-6066-11e4-a52e-4f735466cecf":"f.37B6A3D8B8D5C040CDE4E4CEB4627624.d.9F1955A2F3A60519405B2EC3AE88E95D.e.17158","ELEMENT":"f.37B6A3D8B8D5C040CDE4E4CEB4627624.d.9F1955A2F3A60519405B2EC3AE88E95D.e.17158"}]}
COMMAND: POST /session/76bbe7a963ba333ac6e3770165032c4a/element - {"using":"css selector","value":"#shell-header-logo"}
COMMAND: GET /session/76bbe7a963ba333ac6e3770165032c4a/screenshot - {}
RESULT: {"using":"css selector","value":"#shell-header-logo"}
COMMAND: POST /session/76bbe7a963ba333ac6e3770165032c4a/element/f.37B6A3D8B8D5C040CDE4E4CEB4627624.d.9F1955A2F3A60519405B2EC3AE88E95D.e.16485/click - {}
RESULT: {}
RESULT: {}
COMMAND: GET /session/76bbe7a963ba333ac6e3770165032c4a/screenshot - {}
RESULT: {}
]]></system-out>
    </testcase>
  </testsuite>
  <testsuite timestamp="2025-05-20T06:22:52" time="338.588" tests="6" failures="0" errors="0" skipped="0">
    <properties>
      <property name="specId" value="0" />
      <property name="suiteName" value="Provide to Site w/o warehouse management w/o clarification" />
      <property name="capabilities" value="chrome.136_0_7103_93.windows" />
      <property name="file" value="file:///D:/a/1/s/test/specs/HTR/provide-to-site-wo-warehouse-wo-clarification.spec.js" />
    </properties>
    <testcase classname="chrome.136_0_7103_93.windows.Provide_to_Site_w/o_warehouse_management_w/o_clarification" name="Should do a stock increase handover" time="83.093">
      <system-out><![CDATA[
COMMAND: POST /session/76bbe7a963ba333ac6e3770165032c4a/execute/async - {"script":"<script> [1562 bytes]","args":[{"selector":{"controlType":"sap.m.GenericTile","properties":{"header":"Manage Handovers"}},"wdio_ui5_key":"sapm.GenericTile{\"header\":\"Manage Handovers\"}"}]}
RESULT: {"script":"<script> [1562 bytes]","args":[{"selector":{"controlType":"sap.m.GenericTile","properties":{"header":"Manage Handovers"}},"wdio_ui5_key":"sapm.GenericTile{\"header\":\"Manage Handovers\"}"}]}
RESULT: undefined
COMMAND: POST /session/76bbe7a963ba333ac6e3770165032c4a/element - {"using":"xpath","value":"//*[@id=\"__tile133\"]"}
RESULT: {"using":"xpath","value":"//*[@id=\"__tile133\"]"}
COMMAND: POST /session/76bbe7a963ba333ac6e3770165032c4a/element/f.37B6A3D8B8D5C040CDE4E4CEB4627624.d.9F1955A2F3A60519405B2EC3AE88E95D.e.16538/click - {}
RESULT: {}
COMMAND: GET /session/76bbe7a963ba333ac6e3770165032c4a/screenshot - {}
RESULT: {}
COMMAND: POST /session/76bbe7a963ba333ac6e3770165032c4a/elements - {"using":"xpath","value":"//span[text()='Error']"}
RESULT: {"using":"xpath","value":"//span[text()='Error']"}
COMMAND: POST /session/76bbe7a963ba333ac6e3770165032c4a/element - {"using":"xpath","value":"//button[@data-kt=\"masterHOAddButton\"]"}
RESULT: {"using":"xpath","value":"//button[@data-kt=\"masterHOAddButton\"]"}
COMMAND: POST /session/76bbe7a963ba333ac6e3770165032c4a/elements - {"using":"xpath","value":"//button[@data-kt=\"masterHOAddButton\"]"}
RESULT: {"using":"xpath","value":"//button[@data-kt=\"masterHOAddButton\"]"}
COMMAND: POST /session/76bbe7a963ba333ac6e3770165032c4a/execute/sync - {"script":"<script> [8489 bytes]","args":[{"element-6066-11e4-a52e-4f735466cecf":"f.37B6A3D8B8D5C040CDE4E4CEB4627624.d.9F1955A2F3A60519405B2EC3AE88E95D.e.17198","ELEMENT":"f.37B6A3D8B8D5C040CDE4E4CEB4627624.d.9F1955A2F3A60519405B2EC3AE88E95D.e.17198"}]}
RESULT: {"script":"<script> [8489 bytes]","args":[{"element-6066-11e4-a52e-4f735466cecf":"f.37B6A3D8B8D5C040CDE4E4CEB4627624.d.9F1955A2F3A60519405B2EC3AE88E95D.e.17198","ELEMENT":"f.37B6A3D8B8D5C040CDE4E4CEB4627624.d.9F1955A2F3A60519405B2EC3AE88E95D.e.17198"}]}
COMMAND: GET /session/76bbe7a963ba333ac6e3770165032c4a/element/f.37B6A3D8B8D5C040CDE4E4CEB4627624.d.9F1955A2F3A60519405B2EC3AE88E95D.e.17198/enabled - {}
COMMAND: GET /session/76bbe7a963ba333ac6e3770165032c4a/screenshot - {}
RESULT: {}
COMMAND: POST /session/76bbe7a963ba333ac6e3770165032c4a/execute/sync - {"script":"<script> [8489 bytes]","args":[{"element-6066-11e4-a52e-4f735466cecf":"f.37B6A3D8B8D5C040CDE4E4CEB4627624.d.9F1955A2F3A60519405B2EC3AE88E95D.e.17198","ELEMENT":"f.37B6A3D8B8D5C040CDE4E4CEB4627624.d.9F1955A2F3A60519405B2EC3AE88E95D.e.17198"}]}
COMMAND: GET /session/76bbe7a963ba333ac6e3770165032c4a/screenshot - {}
RESULT: {}
RESULT: {"script":"<script> [8489 bytes]","args":[{"element-6066-11e4-a52e-4f735466cecf":"f.37B6A3D8B8D5C040CDE4E4CEB4627624.d.9F1955A2F3A60519405B2EC3AE88E95D.e.17198","ELEMENT":"f.37B6A3D8B8D5C040CDE4E4CEB4627624.d.9F1955A2F3A60519405B2EC3AE88E95D.e.17198"}]}
COMMAND: POST /session/76bbe7a963ba333ac6e3770165032c4a/execute/sync - {"script":"<script> [5351 bytes]","args":[{"element-6066-11e4-a52e-4f735466cecf":"f.37B6A3D8B8D5C040CDE4E4CEB4627624.d.9F1955A2F3A60519405B2EC3AE88E95D.e.17198","ELEMENT":"f.37B6A3D8B8D5C040CDE4E4CEB4627624.d.9F1955A2F3A60519405B2EC3AE88E95D.e.17198"}]}
COMMAND: GET /session/76bbe7a963ba333ac6e3770165032c4a/screenshot - {}
RESULT: {}
RESULT: {"script":"<script> [5351 bytes]","args":[{"element-6066-11e4-a52e-4f735466cecf":"f.37B6A3D8B8D5C040CDE4E4CEB4627624.d.9F1955A2F3A60519405B2EC3AE88E95D.e.17198","ELEMENT":"f.37B6A3D8B8D5C040CDE4E4CEB4627624.d.9F1955A2F3A60519405B2EC3AE88E95D.e.17198"}]}
COMMAND: POST /session/76bbe7a963ba333ac6e3770165032c4a/element/f.37B6A3D8B8D5C040CDE4E4CEB4627624.d.9F1955A2F3A60519405B2EC3AE88E95D.e.17198/click - {}
COMMAND: GET /session/76bbe7a963ba333ac6e3770165032c4a/screenshot - {}
RESULT: {}
RESULT: {}
COMMAND: GET /session/76bbe7a963ba333ac6e3770165032c4a/screenshot - {}
RESULT: {}
COMMAND: POST /session/76bbe7a963ba333ac6e3770165032c4a/element - {"using":"xpath","value":"//span[contains(@id ,\"AddNewHO--typeSelect-arrow\")]"}
RESULT: {}
RESULT: {"using":"xpath","value":"//span[contains(@id ,\"AddNewHO--typeSelect-arrow\")]"}
COMMAND: POST /session/76bbe7a963ba333ac6e3770165032c4a/element/f.37B6A3D8B8D5C040CDE4E4CEB4627624.d.9F1955A2F3A60519405B2EC3AE88E95D.e.17554/click - {}
RESULT: {}
COMMAND: GET /session/76bbe7a963ba333ac6e3770165032c4a/screenshot - {}
RESULT: {}
COMMAND: POST /session/76bbe7a963ba333ac6e3770165032c4a/element - {"using":"xpath","value":"(//li[contains(text(), \"stock increase yard\")])[1]"}
RESULT: {"using":"xpath","value":"(//li[contains(text(), \"stock increase yard\")])[1]"}
COMMAND: POST /session/76bbe7a963ba333ac6e3770165032c4a/element/f.37B6A3D8B8D5C040CDE4E4CEB4627624.d.9F1955A2F3A60519405B2EC3AE88E95D.e.17555/click - {}
RESULT: {}
COMMAND: GET /session/76bbe7a963ba333ac6e3770165032c4a/screenshot - {}
RESULT: {}
COMMAND: POST /session/76bbe7a963ba333ac6e3770165032c4a/execute/async - {"script":"<script> [1562 bytes]","args":[{"selector":{"id":"application-managehandovers-display-component---AddNewHO--dueDate","interaction":{"idSuffix":"inner"}},"wdio_ui5_key":"applicationmanagehandovers-display-component---AddNewHO--dueDate"}]}
RESULT: {"script":"<script> [1562 bytes]","args":[{"selector":{"id":"application-managehandovers-display-component---AddNewHO--dueDate","interaction":{"idSuffix":"inner"}},"wdio_ui5_key":"applicationmanagehandovers-display-component---AddNewHO--dueDate"}]}
RESULT: undefined
COMMAND: POST /session/76bbe7a963ba333ac6e3770165032c4a/execute/async - {"script":"<script> [6424 bytes]","args":[{"element-6066-11e4-a52e-4f735466cecf":"f.37B6A3D8B8D5C040CDE4E4CEB4627624.d.9F1955A2F3A60519405B2EC3AE88E95D.e.17557"},"setValue",["5/20/25"]]}
RESULT: {"script":"<script> [6424 bytes]","args":[{"element-6066-11e4-a52e-4f735466cecf":"f.37B6A3D8B8D5C040CDE4E4CEB4627624.d.9F1955A2F3A60519405B2EC3AE88E95D.e.17557"},"setValue",["5/20/25"]]}
COMMAND: POST /session/76bbe7a963ba333ac6e3770165032c4a/element - {"using":"xpath","value":"//input[@id=\"generalSectionFrg--receiveYard-inner\"]"}
RESULT: {"using":"xpath","value":"//input[@id=\"generalSectionFrg--receiveYard-inner\"]"}
COMMAND: POST /session/76bbe7a963ba333ac6e3770165032c4a/element/f.37B6A3D8B8D5C040CDE4E4CEB4627624.d.9F1955A2F3A60519405B2EC3AE88E95D.e.17561/clear - {}
RESULT: {}
COMMAND: POST /session/76bbe7a963ba333ac6e3770165032c4a/element/f.37B6A3D8B8D5C040CDE4E4CEB4627624.d.9F1955A2F3A60519405B2EC3AE88E95D.e.17561/value - {"text":"577"}
COMMAND: GET /session/76bbe7a963ba333ac6e3770165032c4a/screenshot - {}
RESULT: {"text":"577"}
COMMAND: GET /session/76bbe7a963ba333ac6e3770165032c4a/screenshot - {}
RESULT: {}
RESULT: {}
COMMAND: POST /session/76bbe7a963ba333ac6e3770165032c4a/element - {"using":"xpath","value":"//li[.//span[text()='577']]"}
RESULT: {"using":"xpath","value":"//li[.//span[text()='577']]"}
COMMAND: POST /session/76bbe7a963ba333ac6e3770165032c4a/element/f.37B6A3D8B8D5C040CDE4E4CEB4627624.d.9F1955A2F3A60519405B2EC3AE88E95D.e.17579/click - {}
RESULT: {}
COMMAND: GET /session/76bbe7a963ba333ac6e3770165032c4a/screenshot - {}
RESULT: {}
COMMAND: POST /session/76bbe7a963ba333ac6e3770165032c4a/execute/async - {"script":"<script> [1562 bytes]","args":[{"selector":{"id":"application-managehandovers-display-component---AddNewHO--ObjectPageLayout-anchBar-application-managehandovers-display-component---AddNewHO--section4-anchor","interaction":{"idSuffix":"BDI-content"}},"wdio_ui5_key":"applicationmanagehandovers-display-component---AddNewHO--ObjectPageLayout-anchBar-application-managehandovers-display-component---AddNewHO--section4-anchor"}]}
RESULT: {"script":"<script> [1562 bytes]","args":[{"selector":{"id":"application-managehandovers-display-component---AddNewHO--ObjectPageLayout-anchBar-application-managehandovers-display-component---AddNewHO--section4-anchor","interaction":{"idSuffix":"BDI-content"}},"wdio_ui5_key":"applicationmanagehandovers-display-component---AddNewHO--ObjectPageLayout-anchBar-application-managehandovers-display-component---AddNewHO--section4-anchor"}]}
RESULT: undefined
COMMAND: POST /session/76bbe7a963ba333ac6e3770165032c4a/element - {"using":"xpath","value":"//*[@id=\"application-managehandovers-display-component---AddNewHO--ObjectPageLayout-anchBar-application-managehandovers-display-component---AddNewHO--section4-anchor\"]"}
RESULT: {"using":"xpath","value":"//*[@id=\"application-managehandovers-display-component---AddNewHO--ObjectPageLayout-anchBar-application-managehandovers-display-component---AddNewHO--section4-anchor\"]"}
COMMAND: POST /session/76bbe7a963ba333ac6e3770165032c4a/element/f.37B6A3D8B8D5C040CDE4E4CEB4627624.d.9F1955A2F3A60519405B2EC3AE88E95D.e.17581/click - {}
RESULT: {}
COMMAND: POST /session/76bbe7a963ba333ac6e3770165032c4a/element - {"using":"xpath","value":"//button[@aria-label=\"Add\"]"}
COMMAND: GET /session/76bbe7a963ba333ac6e3770165032c4a/screenshot - {}
RESULT: {"using":"xpath","value":"//button[@aria-label=\"Add\"]"}
COMMAND: POST /session/76bbe7a963ba333ac6e3770165032c4a/element/f.37B6A3D8B8D5C040CDE4E4CEB4627624.d.9F1955A2F3A60519405B2EC3AE88E95D.e.17583/click - {}
RESULT: {}
RESULT: {}
COMMAND: GET /session/76bbe7a963ba333ac6e3770165032c4a/screenshot - {}
RESULT: {}
COMMAND: POST /session/76bbe7a963ba333ac6e3770165032c4a/execute/async - {"script":"<script> [1562 bytes]","args":[{"selector":{"id":"application-managehandovers-display-component---AddNewHO--smartFilterBar-btnBasicSearch","searchOpenDialogs":true,"interaction":{"idSuffix":"I"}},"wdio_ui5_key":"applicationmanagehandovers-display-component---AddNewHO--smartFilterBar-btnBasicSearch"}]}
RESULT: {"script":"<script> [1562 bytes]","args":[{"selector":{"id":"application-managehandovers-display-component---AddNewHO--smartFilterBar-btnBasicSearch","searchOpenDialogs":true,"interaction":{"idSuffix":"I"}},"wdio_ui5_key":"applicationmanagehandovers-display-component---AddNewHO--smartFilterBar-btnBasicSearch"}]}
RESULT: undefined
COMMAND: POST /session/76bbe7a963ba333ac6e3770165032c4a/execute/async - {"script":"<script> [776 bytes]","args":[{"enterText":"200318","selector":{"id":"application-managehandovers-display-component---AddNewHO--smartFilterBar-btnBasicSearch","searchOpenDialogs":true,"interaction":{"idSuffix":"I"}},"clearTextFirst":true,"interactionType":"ENTER_TEXT"}]}
RESULT: {"script":"<script> [776 bytes]","args":[{"enterText":"200318","selector":{"id":"application-managehandovers-display-component---AddNewHO--smartFilterBar-btnBasicSearch","searchOpenDialogs":true,"interaction":{"idSuffix":"I"}},"clearTextFirst":true,"interactionType":"ENTER_TEXT"}]}
COMMAND: POST /session/76bbe7a963ba333ac6e3770165032c4a/actions - {"actions":[{"id":"action58","type":"key","parameters":{},"actions":[{"type":"keyDown","value":"î€‡"},{"type":"pause","duration":10},{"type":"keyUp","value":"î€‡"}]}]}
RESULT: {"actions":[{"id":"action58","type":"key","parameters":{},"actions":[{"type":"keyDown","value":"î€‡"},{"type":"pause","duration":10},{"type":"keyUp","value":"î€‡"}]}]}
COMMAND: GET /session/76bbe7a963ba333ac6e3770165032c4a/screenshot - {}
RESULT: {}
COMMAND: POST /session/76bbe7a963ba333ac6e3770165032c4a/execute/async - {"script":"<script> [1562 bytes]","args":[{"selector":{"id":"application-managehandovers-display-component---AddNewHO--popup-sa","searchOpenDialogs":true,"interaction":{"idSuffix":"CbBg"}},"wdio_ui5_key":"applicationmanagehandovers-display-component---AddNewHO--popup-sa"}]}
RESULT: {"script":"<script> [1562 bytes]","args":[{"selector":{"id":"application-managehandovers-display-component---AddNewHO--popup-sa","searchOpenDialogs":true,"interaction":{"idSuffix":"CbBg"}},"wdio_ui5_key":"applicationmanagehandovers-display-component---AddNewHO--popup-sa"}]}
RESULT: undefined
COMMAND: POST /session/76bbe7a963ba333ac6e3770165032c4a/element - {"using":"xpath","value":"//*[@id=\"application-managehandovers-display-component---AddNewHO--popup-sa\"]"}
RESULT: {"using":"xpath","value":"//*[@id=\"application-managehandovers-display-component---AddNewHO--popup-sa\"]"}
COMMAND: POST /session/76bbe7a963ba333ac6e3770165032c4a/element/f.37B6A3D8B8D5C040CDE4E4CEB4627624.d.9F1955A2F3A60519405B2EC3AE88E95D.e.17736/click - {}
RESULT: {}
COMMAND: GET /session/76bbe7a963ba333ac6e3770165032c4a/screenshot - {}
RESULT: {}
COMMAND: POST /session/76bbe7a963ba333ac6e3770165032c4a/element - {"using":"xpath","value":"//bdi[contains(text(), \"Select\")]"}
RESULT: {"using":"xpath","value":"//bdi[contains(text(), \"Select\")]"}
COMMAND: POST /session/76bbe7a963ba333ac6e3770165032c4a/element/f.37B6A3D8B8D5C040CDE4E4CEB4627624.d.9F1955A2F3A60519405B2EC3AE88E95D.e.17737/click - {}
RESULT: {}
COMMAND: GET /session/76bbe7a963ba333ac6e3770165032c4a/screenshot - {}
RESULT: {}
COMMAND: POST /session/76bbe7a963ba333ac6e3770165032c4a/element - {"using":"xpath","value":"//button[@data-kt=\"AddNewHOSaveButton\"]"}
RESULT: {"using":"xpath","value":"//button[@data-kt=\"AddNewHOSaveButton\"]"}
COMMAND: POST /session/76bbe7a963ba333ac6e3770165032c4a/element/f.37B6A3D8B8D5C040CDE4E4CEB4627624.d.9F1955A2F3A60519405B2EC3AE88E95D.e.17741/click - {}
RESULT: {}
COMMAND: GET /session/76bbe7a963ba333ac6e3770165032c4a/screenshot - {}
RESULT: {}
COMMAND: POST /session/76bbe7a963ba333ac6e3770165032c4a/execute/async - {"script":"<script> [1562 bytes]","args":[{"selector":{"id":"receiptDatePicker","viewName":"etm.portal.ui.managehandovers.view.DetailExecuteHO","interaction":{"idSuffix":"inner"}},"wdio_ui5_key":"receiptDatePickeretmportal.ui.managehandovers.view.DetailExecuteHO"}]}
RESULT: {"script":"<script> [1562 bytes]","args":[{"selector":{"id":"receiptDatePicker","viewName":"etm.portal.ui.managehandovers.view.DetailExecuteHO","interaction":{"idSuffix":"inner"}},"wdio_ui5_key":"receiptDatePickeretmportal.ui.managehandovers.view.DetailExecuteHO"}]}
RESULT: undefined
COMMAND: POST /session/76bbe7a963ba333ac6e3770165032c4a/execute/async - {"script":"<script> [6424 bytes]","args":[{"element-6066-11e4-a52e-4f735466cecf":"f.37B6A3D8B8D5C040CDE4E4CEB4627624.d.9F1955A2F3A60519405B2EC3AE88E95D.e.17762"},"setValue",["5/20/25"]]}
RESULT: {"script":"<script> [6424 bytes]","args":[{"element-6066-11e4-a52e-4f735466cecf":"f.37B6A3D8B8D5C040CDE4E4CEB4627624.d.9F1955A2F3A60519405B2EC3AE88E95D.e.17762"},"setValue",["5/20/25"]]}
COMMAND: POST /session/76bbe7a963ba333ac6e3770165032c4a/element - {"using":"xpath","value":"//button[@data-kt=\"PickingTableConfirmAllButton\"]"}
RESULT: {"using":"xpath","value":"//button[@data-kt=\"PickingTableConfirmAllButton\"]"}
COMMAND: POST /session/76bbe7a963ba333ac6e3770165032c4a/element/f.37B6A3D8B8D5C040CDE4E4CEB4627624.d.9F1955A2F3A60519405B2EC3AE88E95D.e.17776/click - {}
RESULT: {}
COMMAND: GET /session/76bbe7a963ba333ac6e3770165032c4a/screenshot - {}
RESULT: {}
COMMAND: POST /session/76bbe7a963ba333ac6e3770165032c4a/element - {"using":"xpath","value":"//bdi[contains(text(), \"OK\")]"}
RESULT: {"using":"xpath","value":"//bdi[contains(text(), \"OK\")]"}
COMMAND: POST /session/76bbe7a963ba333ac6e3770165032c4a/element/f.37B6A3D8B8D5C040CDE4E4CEB4627624.d.9F1955A2F3A60519405B2EC3AE88E95D.e.17778/click - {}
RESULT: {}
COMMAND: GET /session/76bbe7a963ba333ac6e3770165032c4a/screenshot - {}
RESULT: {}
COMMAND: POST /session/76bbe7a963ba333ac6e3770165032c4a/element - {"using":"xpath","value":"(//bdi[contains(text(), \"Receive\")])[2]"}
RESULT: {"using":"xpath","value":"(//bdi[contains(text(), \"Receive\")])[2]"}
COMMAND: POST /session/76bbe7a963ba333ac6e3770165032c4a/element/f.37B6A3D8B8D5C040CDE4E4CEB4627624.d.9F1955A2F3A60519405B2EC3AE88E95D.e.17780/click - {}
RESULT: {}
COMMAND: GET /session/76bbe7a963ba333ac6e3770165032c4a/screenshot - {}
RESULT: {}
COMMAND: POST /session/76bbe7a963ba333ac6e3770165032c4a/element - {"using":"css selector","value":"#shell-header-logo"}
RESULT: {"using":"css selector","value":"#shell-header-logo"}
COMMAND: POST /session/76bbe7a963ba333ac6e3770165032c4a/element/f.37B6A3D8B8D5C040CDE4E4CEB4627624.d.9F1955A2F3A60519405B2EC3AE88E95D.e.17161/click - {}
RESULT: {}
COMMAND: GET /session/76bbe7a963ba333ac6e3770165032c4a/screenshot - {}
RESULT: {}
]]></system-out>
    </testcase>
    <testcase classname="chrome.136_0_7103_93.windows.Provide_to_Site_w/o_warehouse_management_w/o_clarification" name="Should create a new contract" time="57.894">
      <system-out><![CDATA[
COMMAND: POST /session/76bbe7a963ba333ac6e3770165032c4a/execute/async - {"script":"<script> [1562 bytes]","args":[{"selector":{"controlType":"sap.m.GenericTile","properties":{"header":"Manage Contracts"}},"wdio_ui5_key":"sapm.GenericTile{\"header\":\"Manage Contracts\"}"}]}
RESULT: {"script":"<script> [1562 bytes]","args":[{"selector":{"controlType":"sap.m.GenericTile","properties":{"header":"Manage Contracts"}},"wdio_ui5_key":"sapm.GenericTile{\"header\":\"Manage Contracts\"}"}]}
RESULT: undefined
COMMAND: POST /session/76bbe7a963ba333ac6e3770165032c4a/element - {"using":"xpath","value":"//*[@id=\"__tile130\"]"}
RESULT: {"using":"xpath","value":"//*[@id=\"__tile130\"]"}
COMMAND: POST /session/76bbe7a963ba333ac6e3770165032c4a/element/f.37B6A3D8B8D5C040CDE4E4CEB4627624.d.9F1955A2F3A60519405B2EC3AE88E95D.e.16527/click - {}
RESULT: {}
COMMAND: GET /session/76bbe7a963ba333ac6e3770165032c4a/screenshot - {}
RESULT: {}
COMMAND: POST /session/76bbe7a963ba333ac6e3770165032c4a/elements - {"using":"xpath","value":"//span[text()='Error']"}
RESULT: {"using":"xpath","value":"//span[text()='Error']"}
COMMAND: POST /session/76bbe7a963ba333ac6e3770165032c4a/element - {"using":"xpath","value":"//button[@data-kt=\"addButton\"]"}
RESULT: {"using":"xpath","value":"//button[@data-kt=\"addButton\"]"}
COMMAND: POST /session/76bbe7a963ba333ac6e3770165032c4a/elements - {"using":"xpath","value":"//button[@data-kt=\"addButton\"]"}
RESULT: {"using":"xpath","value":"//button[@data-kt=\"addButton\"]"}
COMMAND: POST /session/76bbe7a963ba333ac6e3770165032c4a/execute/sync - {"script":"<script> [8489 bytes]","args":[{"element-6066-11e4-a52e-4f735466cecf":"f.37B6A3D8B8D5C040CDE4E4CEB4627624.d.9F1955A2F3A60519405B2EC3AE88E95D.e.17995","ELEMENT":"f.37B6A3D8B8D5C040CDE4E4CEB4627624.d.9F1955A2F3A60519405B2EC3AE88E95D.e.17995"}]}
RESULT: {"script":"<script> [8489 bytes]","args":[{"element-6066-11e4-a52e-4f735466cecf":"f.37B6A3D8B8D5C040CDE4E4CEB4627624.d.9F1955A2F3A60519405B2EC3AE88E95D.e.17995","ELEMENT":"f.37B6A3D8B8D5C040CDE4E4CEB4627624.d.9F1955A2F3A60519405B2EC3AE88E95D.e.17995"}]}
COMMAND: GET /session/76bbe7a963ba333ac6e3770165032c4a/element/f.37B6A3D8B8D5C040CDE4E4CEB4627624.d.9F1955A2F3A60519405B2EC3AE88E95D.e.17995/enabled - {}
COMMAND: GET /session/76bbe7a963ba333ac6e3770165032c4a/screenshot - {}
RESULT: {}
COMMAND: POST /session/76bbe7a963ba333ac6e3770165032c4a/execute/sync - {"script":"<script> [8489 bytes]","args":[{"element-6066-11e4-a52e-4f735466cecf":"f.37B6A3D8B8D5C040CDE4E4CEB4627624.d.9F1955A2F3A60519405B2EC3AE88E95D.e.17995","ELEMENT":"f.37B6A3D8B8D5C040CDE4E4CEB4627624.d.9F1955A2F3A60519405B2EC3AE88E95D.e.17995"}]}
COMMAND: GET /session/76bbe7a963ba333ac6e3770165032c4a/screenshot - {}
RESULT: {}
RESULT: {"script":"<script> [8489 bytes]","args":[{"element-6066-11e4-a52e-4f735466cecf":"f.37B6A3D8B8D5C040CDE4E4CEB4627624.d.9F1955A2F3A60519405B2EC3AE88E95D.e.17995","ELEMENT":"f.37B6A3D8B8D5C040CDE4E4CEB4627624.d.9F1955A2F3A60519405B2EC3AE88E95D.e.17995"}]}
COMMAND: POST /session/76bbe7a963ba333ac6e3770165032c4a/execute/sync - {"script":"<script> [5351 bytes]","args":[{"element-6066-11e4-a52e-4f735466cecf":"f.37B6A3D8B8D5C040CDE4E4CEB4627624.d.9F1955A2F3A60519405B2EC3AE88E95D.e.17995","ELEMENT":"f.37B6A3D8B8D5C040CDE4E4CEB4627624.d.9F1955A2F3A60519405B2EC3AE88E95D.e.17995"}]}
COMMAND: GET /session/76bbe7a963ba333ac6e3770165032c4a/screenshot - {}
RESULT: {}
RESULT: {"script":"<script> [5351 bytes]","args":[{"element-6066-11e4-a52e-4f735466cecf":"f.37B6A3D8B8D5C040CDE4E4CEB4627624.d.9F1955A2F3A60519405B2EC3AE88E95D.e.17995","ELEMENT":"f.37B6A3D8B8D5C040CDE4E4CEB4627624.d.9F1955A2F3A60519405B2EC3AE88E95D.e.17995"}]}
COMMAND: GET /session/76bbe7a963ba333ac6e3770165032c4a/screenshot - {}
RESULT: {}
RESULT: {}
COMMAND: POST /session/76bbe7a963ba333ac6e3770165032c4a/element/f.37B6A3D8B8D5C040CDE4E4CEB4627624.d.9F1955A2F3A60519405B2EC3AE88E95D.e.17995/click - {}
RESULT: {}
COMMAND: GET /session/76bbe7a963ba333ac6e3770165032c4a/screenshot - {}
COMMAND: POST /session/76bbe7a963ba333ac6e3770165032c4a/execute/async - {"script":"<script> [1562 bytes]","args":[{"selector":{"id":"application-managecontracts-display-component---AddNewContract--projectDescription","interaction":{"idSuffix":"inner"}},"wdio_ui5_key":"applicationmanagecontracts-display-component---AddNewContract--projectDescription"}]}
RESULT: {}
RESULT: {"script":"<script> [1562 bytes]","args":[{"selector":{"id":"application-managecontracts-display-component---AddNewContract--projectDescription","interaction":{"idSuffix":"inner"}},"wdio_ui5_key":"applicationmanagecontracts-display-component---AddNewContract--projectDescription"}]}
RESULT: undefined
COMMAND: POST /session/76bbe7a963ba333ac6e3770165032c4a/execute/async - {"script":"<script> [776 bytes]","args":[{"enterText":"Contract WDIO","selector":{"id":"application-managecontracts-display-component---AddNewContract--projectDescription","interaction":{"idSuffix":"inner"}},"clearTextFirst":true,"interactionType":"ENTER_TEXT"}]}
RESULT: {"script":"<script> [776 bytes]","args":[{"enterText":"Contract WDIO","selector":{"id":"application-managecontracts-display-component---AddNewContract--projectDescription","interaction":{"idSuffix":"inner"}},"clearTextFirst":true,"interactionType":"ENTER_TEXT"}]}
COMMAND: POST /session/76bbe7a963ba333ac6e3770165032c4a/element - {"using":"xpath","value":"//input[@id=\"application-managecontracts-display-component---AddNewContract--site-inner\"]"}
RESULT: {"using":"xpath","value":"//input[@id=\"application-managecontracts-display-component---AddNewContract--site-inner\"]"}
COMMAND: POST /session/76bbe7a963ba333ac6e3770165032c4a/element/f.37B6A3D8B8D5C040CDE4E4CEB4627624.d.9F1955A2F3A60519405B2EC3AE88E95D.e.18359/clear - {}
RESULT: {}
COMMAND: POST /session/76bbe7a963ba333ac6e3770165032c4a/element/f.37B6A3D8B8D5C040CDE4E4CEB4627624.d.9F1955A2F3A60519405B2EC3AE88E95D.e.18359/value - {"text":"2292"}
COMMAND: GET /session/76bbe7a963ba333ac6e3770165032c4a/screenshot - {}
RESULT: {"text":"2292"}
COMMAND: GET /session/76bbe7a963ba333ac6e3770165032c4a/screenshot - {}
RESULT: {}
RESULT: {}
COMMAND: POST /session/76bbe7a963ba333ac6e3770165032c4a/element - {"using":"xpath","value":"//li[.//span[text()='2292']]"}
RESULT: {"using":"xpath","value":"//li[.//span[text()='2292']]"}
COMMAND: POST /session/76bbe7a963ba333ac6e3770165032c4a/element/f.37B6A3D8B8D5C040CDE4E4CEB4627624.d.9F1955A2F3A60519405B2EC3AE88E95D.e.18389/click - {}
RESULT: {}
COMMAND: GET /session/76bbe7a963ba333ac6e3770165032c4a/screenshot - {}
RESULT: {}
COMMAND: POST /session/76bbe7a963ba333ac6e3770165032c4a/element - {"using":"xpath","value":"//input[@id=\"application-managecontracts-display-component---AddNewContract--yardId-inner\"]"}
RESULT: {"using":"xpath","value":"//input[@id=\"application-managecontracts-display-component---AddNewContract--yardId-inner\"]"}
COMMAND: GET /session/76bbe7a963ba333ac6e3770165032c4a/element/f.37B6A3D8B8D5C040CDE4E4CEB4627624.d.9F1955A2F3A60519405B2EC3AE88E95D.e.18360/property/value - {}
RESULT: {}
COMMAND: POST /session/76bbe7a963ba333ac6e3770165032c4a/element - {"using":"xpath","value":"//input[@id=\"application-managecontracts-display-component---AddNewContract--customerSelect-inner\"]"}
COMMAND: GET /session/76bbe7a963ba333ac6e3770165032c4a/screenshot - {}
RESULT: {"using":"xpath","value":"//input[@id=\"application-managecontracts-display-component---AddNewContract--customerSelect-inner\"]"}
COMMAND: POST /session/76bbe7a963ba333ac6e3770165032c4a/element/f.37B6A3D8B8D5C040CDE4E4CEB4627624.d.9F1955A2F3A60519405B2EC3AE88E95D.e.18358/clear - {}
RESULT: {}
RESULT: {}
COMMAND: POST /session/76bbe7a963ba333ac6e3770165032c4a/element/f.37B6A3D8B8D5C040CDE4E4CEB4627624.d.9F1955A2F3A60519405B2EC3AE88E95D.e.18358/value - {"text":"1349"}
COMMAND: GET /session/76bbe7a963ba333ac6e3770165032c4a/screenshot - {}
RESULT: {"text":"1349"}
COMMAND: GET /session/76bbe7a963ba333ac6e3770165032c4a/screenshot - {}
RESULT: {}
RESULT: {}
COMMAND: POST /session/76bbe7a963ba333ac6e3770165032c4a/element - {"using":"xpath","value":"//li[.//span[text()='1349']]"}
RESULT: {"using":"xpath","value":"//li[.//span[text()='1349']]"}
COMMAND: POST /session/76bbe7a963ba333ac6e3770165032c4a/element/f.37B6A3D8B8D5C040CDE4E4CEB4627624.d.9F1955A2F3A60519405B2EC3AE88E95D.e.18392/click - {}
RESULT: {}
COMMAND: GET /session/76bbe7a963ba333ac6e3770165032c4a/screenshot - {}
RESULT: {}
COMMAND: POST /session/76bbe7a963ba333ac6e3770165032c4a/element - {"using":"xpath","value":"//button[@data-kt=\"saveButton\"]"}
RESULT: {"using":"xpath","value":"//button[@data-kt=\"saveButton\"]"}
COMMAND: POST /session/76bbe7a963ba333ac6e3770165032c4a/element/f.37B6A3D8B8D5C040CDE4E4CEB4627624.d.9F1955A2F3A60519405B2EC3AE88E95D.e.18393/click - {}
RESULT: {}
COMMAND: GET /session/76bbe7a963ba333ac6e3770165032c4a/screenshot - {}
RESULT: {}
COMMAND: POST /session/76bbe7a963ba333ac6e3770165032c4a/element - {"using":"xpath","value":"//span[contains(@id ,\"contractDetailTitleNoExpanded\")]"}
RESULT: {"using":"xpath","value":"//span[contains(@id ,\"contractDetailTitleNoExpanded\")]"}
COMMAND: POST /session/76bbe7a963ba333ac6e3770165032c4a/elements - {"using":"xpath","value":"//span[contains(@id ,\"contractDetailTitleNoExpanded\")]"}
RESULT: {"using":"xpath","value":"//span[contains(@id ,\"contractDetailTitleNoExpanded\")]"}
COMMAND: POST /session/76bbe7a963ba333ac6e3770165032c4a/execute/sync - {"script":"<script> [56 bytes]","args":[{"element-6066-11e4-a52e-4f735466cecf":"f.37B6A3D8B8D5C040CDE4E4CEB4627624.d.9F1955A2F3A60519405B2EC3AE88E95D.e.18465","ELEMENT":"f.37B6A3D8B8D5C040CDE4E4CEB4627624.d.9F1955A2F3A60519405B2EC3AE88E95D.e.18465"}]}
RESULT: {"script":"<script> [56 bytes]","args":[{"element-6066-11e4-a52e-4f735466cecf":"f.37B6A3D8B8D5C040CDE4E4CEB4627624.d.9F1955A2F3A60519405B2EC3AE88E95D.e.18465","ELEMENT":"f.37B6A3D8B8D5C040CDE4E4CEB4627624.d.9F1955A2F3A60519405B2EC3AE88E95D.e.18465"}]}
COMMAND: GET /session/76bbe7a963ba333ac6e3770165032c4a/screenshot - {}
RESULT: {}
]]></system-out>
    </testcase>
    <testcase classname="chrome.136_0_7103_93.windows.Provide_to_Site_w/o_warehouse_management_w/o_clarification" name="Should add equipment to the contract" time="54.32">
      <system-out><![CDATA[
COMMAND: POST /session/76bbe7a963ba333ac6e3770165032c4a/element - {"using":"xpath","value":"//button[@data-kt=\"contractDetailEditBtnButton\"]"}
RESULT: {"using":"xpath","value":"//button[@data-kt=\"contractDetailEditBtnButton\"]"}
COMMAND: POST /session/76bbe7a963ba333ac6e3770165032c4a/element/f.37B6A3D8B8D5C040CDE4E4CEB4627624.d.9F1955A2F3A60519405B2EC3AE88E95D.e.18467/click - {}
RESULT: {}
COMMAND: GET /session/76bbe7a963ba333ac6e3770165032c4a/screenshot - {}
RESULT: {}
COMMAND: POST /session/76bbe7a963ba333ac6e3770165032c4a/element - {"using":"xpath","value":"(//span[contains(text(), \"Additional Addresses\")])[2]"}
RESULT: {"using":"xpath","value":"(//span[contains(text(), \"Additional Addresses\")])[2]"}
COMMAND: POST /session/76bbe7a963ba333ac6e3770165032c4a/element/f.37B6A3D8B8D5C040CDE4E4CEB4627624.d.9F1955A2F3A60519405B2EC3AE88E95D.e.18521/click - {}
RESULT: {}
COMMAND: GET /session/76bbe7a963ba333ac6e3770165032c4a/screenshot - {}
RESULT: {}
COMMAND: POST /session/76bbe7a963ba333ac6e3770165032c4a/element - {"using":"xpath","value":"//button[@data-kt=\"btnAddTableRowOverflowToolbarButton\"]"}
RESULT: {"using":"xpath","value":"//button[@data-kt=\"btnAddTableRowOverflowToolbarButton\"]"}
COMMAND: POST /session/76bbe7a963ba333ac6e3770165032c4a/element/f.37B6A3D8B8D5C040CDE4E4CEB4627624.d.9F1955A2F3A60519405B2EC3AE88E95D.e.18525/click - {}
RESULT: {}
COMMAND: GET /session/76bbe7a963ba333ac6e3770165032c4a/screenshot - {}
RESULT: {}
COMMAND: POST /session/76bbe7a963ba333ac6e3770165032c4a/element - {"using":"xpath","value":"//div[(text() = 'Standard Entry' or . = 'Standard Entry')]"}
RESULT: {"using":"xpath","value":"//div[(text() = 'Standard Entry' or . = 'Standard Entry')]"}
COMMAND: POST /session/76bbe7a963ba333ac6e3770165032c4a/element/f.37B6A3D8B8D5C040CDE4E4CEB4627624.d.9F1955A2F3A60519405B2EC3AE88E95D.e.18527/click - {}
RESULT: {}
COMMAND: GET /session/76bbe7a963ba333ac6e3770165032c4a/screenshot - {}
RESULT: {}
COMMAND: POST /session/76bbe7a963ba333ac6e3770165032c4a/element - {"using":"xpath","value":"//td[6]/div/div/div/span"}
RESULT: {"using":"xpath","value":"//td[6]/div/div/div/span"}
COMMAND: POST /session/76bbe7a963ba333ac6e3770165032c4a/element/f.37B6A3D8B8D5C040CDE4E4CEB4627624.d.9F1955A2F3A60519405B2EC3AE88E95D.e.18539/click - {}
RESULT: {}
COMMAND: GET /session/76bbe7a963ba333ac6e3770165032c4a/screenshot - {}
RESULT: {}
COMMAND: POST /session/76bbe7a963ba333ac6e3770165032c4a/element - {"using":"xpath","value":"(//span[contains(text(), \"Material\")])"}
RESULT: {"using":"xpath","value":"(//span[contains(text(), \"Material\")])"}
COMMAND: POST /session/76bbe7a963ba333ac6e3770165032c4a/element/f.37B6A3D8B8D5C040CDE4E4CEB4627624.d.9F1955A2F3A60519405B2EC3AE88E95D.e.18541/click - {}
RESULT: {}
COMMAND: GET /session/76bbe7a963ba333ac6e3770165032c4a/screenshot - {}
RESULT: {}
COMMAND: POST /session/76bbe7a963ba333ac6e3770165032c4a/element - {"using":"xpath","value":"//td[7]/div/div/input"}
RESULT: {"using":"xpath","value":"//td[7]/div/div/input"}
COMMAND: POST /session/76bbe7a963ba333ac6e3770165032c4a/element/f.37B6A3D8B8D5C040CDE4E4CEB4627624.d.9F1955A2F3A60519405B2EC3AE88E95D.e.18544/clear - {}
RESULT: {}
COMMAND: POST /session/76bbe7a963ba333ac6e3770165032c4a/element/f.37B6A3D8B8D5C040CDE4E4CEB4627624.d.9F1955A2F3A60519405B2EC3AE88E95D.e.18544/value - {"text":"200318"}
COMMAND: GET /session/76bbe7a963ba333ac6e3770165032c4a/screenshot - {}
RESULT: {"text":"200318"}
COMMAND: GET /session/76bbe7a963ba333ac6e3770165032c4a/screenshot - {}
RESULT: {}
RESULT: {}
COMMAND: POST /session/76bbe7a963ba333ac6e3770165032c4a/actions - {"actions":[{"id":"action59","type":"key","parameters":{},"actions":[{"type":"keyDown","value":"î€‡"},{"type":"pause","duration":10},{"type":"keyUp","value":"î€‡"}]}]}
RESULT: {"actions":[{"id":"action59","type":"key","parameters":{},"actions":[{"type":"keyDown","value":"î€‡"},{"type":"pause","duration":10},{"type":"keyUp","value":"î€‡"}]}]}
COMMAND: GET /session/76bbe7a963ba333ac6e3770165032c4a/screenshot - {}
RESULT: {}
COMMAND: POST /session/76bbe7a963ba333ac6e3770165032c4a/execute/sync - {"script":"<script> [276 bytes]","args":["No pricing information was found"]}
RESULT: {"script":"<script> [276 bytes]","args":["No pricing information was found"]}
COMMAND: POST /session/76bbe7a963ba333ac6e3770165032c4a/element - {"using":"xpath","value":"//bdi[contains(text(), \"OK\")]"}
COMMAND: GET /session/76bbe7a963ba333ac6e3770165032c4a/screenshot - {}
RESULT: {"using":"xpath","value":"//bdi[contains(text(), \"OK\")]"}
COMMAND: POST /session/76bbe7a963ba333ac6e3770165032c4a/element/f.37B6A3D8B8D5C040CDE4E4CEB4627624.d.9F1955A2F3A60519405B2EC3AE88E95D.e.18570/click - {}
RESULT: {}
RESULT: {}
COMMAND: GET /session/76bbe7a963ba333ac6e3770165032c4a/screenshot - {}
RESULT: {}
COMMAND: POST /session/76bbe7a963ba333ac6e3770165032c4a/element - {"using":"xpath","value":"(//button[@data-kt=\"saveButton\"])[2]"}
RESULT: {"using":"xpath","value":"(//button[@data-kt=\"saveButton\"])[2]"}
COMMAND: POST /session/76bbe7a963ba333ac6e3770165032c4a/element/f.37B6A3D8B8D5C040CDE4E4CEB4627624.d.9F1955A2F3A60519405B2EC3AE88E95D.e.18571/click - {}
RESULT: {}
COMMAND: GET /session/76bbe7a963ba333ac6e3770165032c4a/screenshot - {}
RESULT: {}
COMMAND: POST /session/76bbe7a963ba333ac6e3770165032c4a/execute/sync - {"script":"<script> [276 bytes]","args":["Some contract items are having rental validity exceeding header rental validity"]}
RESULT: {"script":"<script> [276 bytes]","args":["Some contract items are having rental validity exceeding header rental validity"]}
COMMAND: GET /session/76bbe7a963ba333ac6e3770165032c4a/screenshot - {}
RESULT: {}
COMMAND: POST /session/76bbe7a963ba333ac6e3770165032c4a/element - {"using":"xpath","value":"//span[contains(@id ,\"contractItemsSmartTable-header-inner\")]"}
RESULT: {"using":"xpath","value":"//span[contains(@id ,\"contractItemsSmartTable-header-inner\")]"}
COMMAND: POST /session/76bbe7a963ba333ac6e3770165032c4a/elements - {"using":"xpath","value":"//span[contains(@id ,\"contractItemsSmartTable-header-inner\")]"}
RESULT: {"using":"xpath","value":"//span[contains(@id ,\"contractItemsSmartTable-header-inner\")]"}
COMMAND: POST /session/76bbe7a963ba333ac6e3770165032c4a/execute/sync - {"script":"<script> [56 bytes]","args":[{"element-6066-11e4-a52e-4f735466cecf":"f.37B6A3D8B8D5C040CDE4E4CEB4627624.d.9F1955A2F3A60519405B2EC3AE88E95D.e.18575","ELEMENT":"f.37B6A3D8B8D5C040CDE4E4CEB4627624.d.9F1955A2F3A60519405B2EC3AE88E95D.e.18575"}]}
RESULT: {"script":"<script> [56 bytes]","args":[{"element-6066-11e4-a52e-4f735466cecf":"f.37B6A3D8B8D5C040CDE4E4CEB4627624.d.9F1955A2F3A60519405B2EC3AE88E95D.e.18575","ELEMENT":"f.37B6A3D8B8D5C040CDE4E4CEB4627624.d.9F1955A2F3A60519405B2EC3AE88E95D.e.18575"}]}
]]></system-out>
    </testcase>
    <testcase classname="chrome.136_0_7103_93.windows.Provide_to_Site_w/o_warehouse_management_w/o_clarification" name="Should do provide to site" time="130.61">
      <system-out><![CDATA[
COMMAND: POST /session/76bbe7a963ba333ac6e3770165032c4a/element - {"using":"xpath","value":"//button[@data-kt=\"provideButton\"]"}
COMMAND: GET /session/76bbe7a963ba333ac6e3770165032c4a/screenshot - {}
RESULT: {"using":"xpath","value":"//button[@data-kt=\"provideButton\"]"}
COMMAND: POST /session/76bbe7a963ba333ac6e3770165032c4a/element/f.37B6A3D8B8D5C040CDE4E4CEB4627624.d.9F1955A2F3A60519405B2EC3AE88E95D.e.18576/click - {}
RESULT: {}
RESULT: {}
COMMAND: GET /session/76bbe7a963ba333ac6e3770165032c4a/screenshot - {}
RESULT: {}
COMMAND: POST /session/76bbe7a963ba333ac6e3770165032c4a/element - {"using":"xpath","value":"(//div[contains(@id, \"application-managehandovers-display-component---AddNewHO--oneStep-CbBg\")])"}
RESULT: {"using":"xpath","value":"(//div[contains(@id, \"application-managehandovers-display-component---AddNewHO--oneStep-CbBg\")])"}
COMMAND: POST /session/76bbe7a963ba333ac6e3770165032c4a/element - {"using":"xpath","value":"(//div[contains(@id, \"application-managehandovers-display-component---AddNewHO--oneStep-CbBg\")])/input"}
RESULT: {"using":"xpath","value":"(//div[contains(@id, \"application-managehandovers-display-component---AddNewHO--oneStep-CbBg\")])/input"}
COMMAND: GET /session/76bbe7a963ba333ac6e3770165032c4a/element/f.37B6A3D8B8D5C040CDE4E4CEB4627624.d.9F1955A2F3A60519405B2EC3AE88E95D.e.18635/attribute/checked - {}
RESULT: {}
RESULT: undefined
COMMAND: POST /session/76bbe7a963ba333ac6e3770165032c4a/execute/async - {"script":"<script> [6424 bytes]","args":[{"element-6066-11e4-a52e-4f735466cecf":"f.37B6A3D8B8D5C040CDE4E4CEB4627624.d.9F1955A2F3A60519405B2EC3AE88E95D.e.17557"},"setValue",["05/20/25"]]}
COMMAND: POST /session/76bbe7a963ba333ac6e3770165032c4a/element/f.37B6A3D8B8D5C040CDE4E4CEB4627624.d.9F1955A2F3A60519405B2EC3AE88E95D.e.18882/click - {}
COMMAND: POST /session/76bbe7a963ba333ac6e3770165032c4a/execute/async - {"script":"<script> [1562 bytes]","args":[{"selector":{"id":"application-managehandovers-display-component---AddNewHO--dueDate","interaction":{"idSuffix":"inner"}},"wdio_ui5_key":"applicationmanagehandovers-display-component---AddNewHO--dueDate"}]}
RESULT: {}
COMMAND: GET /session/76bbe7a963ba333ac6e3770165032c4a/screenshot - {}
RESULT: {"script":"<script> [1562 bytes]","args":[{"selector":{"id":"application-managehandovers-display-component---AddNewHO--dueDate","interaction":{"idSuffix":"inner"}},"wdio_ui5_key":"applicationmanagehandovers-display-component---AddNewHO--dueDate"}]}
COMMAND: POST /session/76bbe7a963ba333ac6e3770165032c4a/execute/async - {"script":"<script> [6424 bytes]","args":[{"element-6066-11e4-a52e-4f735466cecf":"f.37B6A3D8B8D5C040CDE4E4CEB4627624.d.9F1955A2F3A60519405B2EC3AE88E95D.e.18633"},"setValue",["05/20/25"]]}
RESULT: {}
RESULT: {"script":"<script> [6424 bytes]","args":[{"element-6066-11e4-a52e-4f735466cecf":"f.37B6A3D8B8D5C040CDE4E4CEB4627624.d.9F1955A2F3A60519405B2EC3AE88E95D.e.18633"},"setValue",["05/20/25"]]}
COMMAND: POST /session/76bbe7a963ba333ac6e3770165032c4a/element - {"using":"xpath","value":"//bdi[contains(text(), \"Instructions\")]"}
RESULT: {"using":"xpath","value":"//bdi[contains(text(), \"Instructions\")]"}
COMMAND: POST /session/76bbe7a963ba333ac6e3770165032c4a/element/f.37B6A3D8B8D5C040CDE4E4CEB4627624.d.9F1955A2F3A60519405B2EC3AE88E95D.e.18884/click - {}
RESULT: {}
COMMAND: GET /session/76bbe7a963ba333ac6e3770165032c4a/screenshot - {}
RESULT: {}
COMMAND: POST /session/76bbe7a963ba333ac6e3770165032c4a/element - {"using":"xpath","value":"//button[@data-kt=\"AddNewHOProvideAddItemsButton\"]"}
RESULT: {"using":"xpath","value":"//button[@data-kt=\"AddNewHOProvideAddItemsButton\"]"}
COMMAND: POST /session/76bbe7a963ba333ac6e3770165032c4a/element/f.37B6A3D8B8D5C040CDE4E4CEB4627624.d.9F1955A2F3A60519405B2EC3AE88E95D.e.18886/click - {}
RESULT: {}
COMMAND: GET /session/76bbe7a963ba333ac6e3770165032c4a/screenshot - {}
RESULT: {}
RESULT: undefined
COMMAND: POST /session/76bbe7a963ba333ac6e3770165032c4a/element - {"using":"xpath","value":"//*[@id=\"application-managehandovers-display-component---AddNewHO--popup-sa\"]"}
RESULT: {"using":"xpath","value":"//*[@id=\"application-managehandovers-display-component---AddNewHO--popup-sa\"]"}
COMMAND: POST /session/76bbe7a963ba333ac6e3770165032c4a/element/f.37B6A3D8B8D5C040CDE4E4CEB4627624.d.9F1955A2F3A60519405B2EC3AE88E95D.e.18902/click - {}
RESULT: {}
COMMAND: GET /session/76bbe7a963ba333ac6e3770165032c4a/screenshot - {}
RESULT: {}
COMMAND: POST /session/76bbe7a963ba333ac6e3770165032c4a/element - {"using":"xpath","value":"//*[contains(@id ,\"BDI-content\")][contains(text(), \"Select\")]"}
RESULT: {"using":"xpath","value":"//*[contains(@id ,\"BDI-content\")][contains(text(), \"Select\")]"}
COMMAND: POST /session/76bbe7a963ba333ac6e3770165032c4a/element/f.37B6A3D8B8D5C040CDE4E4CEB4627624.d.9F1955A2F3A60519405B2EC3AE88E95D.e.18903/click - {}
RESULT: {}
COMMAND: GET /session/76bbe7a963ba333ac6e3770165032c4a/screenshot - {}
RESULT: {}
COMMAND: POST /session/76bbe7a963ba333ac6e3770165032c4a/execute/async - {"script":"<script> [1562 bytes]","args":[{"selector":{"id":"application-managehandovers-display-component---AddNewHO--confirmCreationButton","interaction":{"idSuffix":"BDI-content"}},"wdio_ui5_key":"applicationmanagehandovers-display-component---AddNewHO--confirmCreationButton"}]}
RESULT: {"script":"<script> [1562 bytes]","args":[{"selector":{"id":"application-managehandovers-display-component---AddNewHO--confirmCreationButton","interaction":{"idSuffix":"BDI-content"}},"wdio_ui5_key":"applicationmanagehandovers-display-component---AddNewHO--confirmCreationButton"}]}
RESULT: undefined
COMMAND: POST /session/76bbe7a963ba333ac6e3770165032c4a/element - {"using":"xpath","value":"//*[@id=\"application-managehandovers-display-component---AddNewHO--confirmCreationButton\"]"}
RESULT: {"using":"xpath","value":"//*[@id=\"application-managehandovers-display-component---AddNewHO--confirmCreationButton\"]"}
COMMAND: POST /session/76bbe7a963ba333ac6e3770165032c4a/element/f.37B6A3D8B8D5C040CDE4E4CEB4627624.d.9F1955A2F3A60519405B2EC3AE88E95D.e.18697/click - {}
RESULT: {}
COMMAND: GET /session/76bbe7a963ba333ac6e3770165032c4a/screenshot - {}
RESULT: {}
COMMAND: POST /session/76bbe7a963ba333ac6e3770165032c4a/execute/async - {"script":"<script> [1562 bytes]","args":[{"selector":{"id":"issueDatePicker","viewName":"etm.portal.ui.managehandovers.view.DetailExecuteHO","interaction":{"idSuffix":"inner"}},"wdio_ui5_key":"issueDatePickeretmportal.ui.managehandovers.view.DetailExecuteHO"}]}
RESULT: {"script":"<script> [1562 bytes]","args":[{"selector":{"id":"issueDatePicker","viewName":"etm.portal.ui.managehandovers.view.DetailExecuteHO","interaction":{"idSuffix":"inner"}},"wdio_ui5_key":"issueDatePickeretmportal.ui.managehandovers.view.DetailExecuteHO"}]}
RESULT: undefined
COMMAND: POST /session/76bbe7a963ba333ac6e3770165032c4a/execute/async - {"script":"<script> [776 bytes]","args":[{"enterText":"5/20/25","selector":{"id":"issueDatePicker","viewName":"etm.portal.ui.managehandovers.view.DetailExecuteHO","interaction":{"idSuffix":"inner"}},"clearTextFirst":true,"interactionType":"ENTER_TEXT"}]}
RESULT: {"script":"<script> [776 bytes]","args":[{"enterText":"5/20/25","selector":{"id":"issueDatePicker","viewName":"etm.portal.ui.managehandovers.view.DetailExecuteHO","interaction":{"idSuffix":"inner"}},"clearTextFirst":true,"interactionType":"ENTER_TEXT"}]}
COMMAND: POST /session/76bbe7a963ba333ac6e3770165032c4a/element - {"using":"xpath","value":"//bdi[contains(text(), \"OK\")]"}
RESULT: {"using":"xpath","value":"//bdi[contains(text(), \"OK\")]"}
COMMAND: POST /session/76bbe7a963ba333ac6e3770165032c4a/element/f.37B6A3D8B8D5C040CDE4E4CEB4627624.d.9F1955A2F3A60519405B2EC3AE88E95D.e.18963/click - {}
RESULT: {}
COMMAND: GET /session/76bbe7a963ba333ac6e3770165032c4a/screenshot - {}
RESULT: {}
COMMAND: POST /session/76bbe7a963ba333ac6e3770165032c4a/element - {"using":"xpath","value":"//button[@data-kt=\"PickingTableConfirmAllButton\"]"}
RESULT: {"using":"xpath","value":"//button[@data-kt=\"PickingTableConfirmAllButton\"]"}
COMMAND: POST /session/76bbe7a963ba333ac6e3770165032c4a/element/f.37B6A3D8B8D5C040CDE4E4CEB4627624.d.9F1955A2F3A60519405B2EC3AE88E95D.e.18969/click - {}
RESULT: {}
COMMAND: GET /session/76bbe7a963ba333ac6e3770165032c4a/screenshot - {}
RESULT: {}
COMMAND: POST /session/76bbe7a963ba333ac6e3770165032c4a/element - {"using":"xpath","value":"//bdi[contains(text(), \"OK\")]"}
RESULT: {"using":"xpath","value":"//bdi[contains(text(), \"OK\")]"}
COMMAND: POST /session/76bbe7a963ba333ac6e3770165032c4a/element/f.37B6A3D8B8D5C040CDE4E4CEB4627624.d.9F1955A2F3A60519405B2EC3AE88E95D.e.18973/click - {}
RESULT: {}
COMMAND: GET /session/76bbe7a963ba333ac6e3770165032c4a/screenshot - {}
RESULT: {}
COMMAND: POST /session/76bbe7a963ba333ac6e3770165032c4a/element - {"using":"xpath","value":"//button[@data-kt=\"execHoPickButton\"]"}
RESULT: {"using":"xpath","value":"//button[@data-kt=\"execHoPickButton\"]"}
COMMAND: POST /session/76bbe7a963ba333ac6e3770165032c4a/element/f.37B6A3D8B8D5C040CDE4E4CEB4627624.d.9F1955A2F3A60519405B2EC3AE88E95D.e.18974/click - {}
RESULT: {}
COMMAND: GET /session/76bbe7a963ba333ac6e3770165032c4a/screenshot - {}
RESULT: {}
COMMAND: POST /session/76bbe7a963ba333ac6e3770165032c4a/element - {"using":"xpath","value":"//span[contains(@id ,\"filterItemControl_BASIC-RECEIVE_CONTRACT-vhi\")]"}
RESULT: {"using":"xpath","value":"//span[contains(@id ,\"filterItemControl_BASIC-RECEIVE_CONTRACT-vhi\")]"}
COMMAND: POST /session/76bbe7a963ba333ac6e3770165032c4a/element/f.37B6A3D8B8D5C040CDE4E4CEB4627624.d.9F1955A2F3A60519405B2EC3AE88E95D.e.19149/click - {}
RESULT: {}
COMMAND: GET /session/76bbe7a963ba333ac6e3770165032c4a/screenshot - {}
RESULT: {}
COMMAND: POST /session/76bbe7a963ba333ac6e3770165032c4a/execute/async - {"script":"<script> [1562 bytes]","args":[{"selector":{"controlType":"sap.m.SearchField","viewName":"etm.portal.ui.managehandovers.view.MasterHO","bindingPath":{"path":"","propertyPath":"/_BASIC_SEARCH_FIELD","modelName":"fi1t3rM0d31"},"searchOpenDialogs":true,"interaction":{"idSuffix":"I"}},"wdio_ui5_key":"etmportal.ui.managehandovers.view.MasterHOsap.m.SearchField{\"path\":\"\",\"propertyPath\":\"/_BASIC_SEARCH_FIELD\",\"modelName\":\"fi1t3rM0d31\"}"}]}
RESULT: {"script":"<script> [1562 bytes]","args":[{"selector":{"controlType":"sap.m.SearchField","viewName":"etm.portal.ui.managehandovers.view.MasterHO","bindingPath":{"path":"","propertyPath":"/_BASIC_SEARCH_FIELD","modelName":"fi1t3rM0d31"},"searchOpenDialogs":true,"interaction":{"idSuffix":"I"}},"wdio_ui5_key":"etmportal.ui.managehandovers.view.MasterHOsap.m.SearchField{\"path\":\"\",\"propertyPath\":\"/_BASIC_SEARCH_FIELD\",\"modelName\":\"fi1t3rM0d31\"}"}]}
RESULT: undefined
COMMAND: POST /session/76bbe7a963ba333ac6e3770165032c4a/execute/async - {"script":"<script> [776 bytes]","args":[{"enterText":"10416","selector":{"controlType":"sap.m.SearchField","viewName":"etm.portal.ui.managehandovers.view.MasterHO","bindingPath":{"path":"","propertyPath":"/_BASIC_SEARCH_FIELD","modelName":"fi1t3rM0d31"},"searchOpenDialogs":true,"interaction":{"idSuffix":"I"}},"clearTextFirst":true,"interactionType":"ENTER_TEXT"}]}
RESULT: {"script":"<script> [776 bytes]","args":[{"enterText":"10416","selector":{"controlType":"sap.m.SearchField","viewName":"etm.portal.ui.managehandovers.view.MasterHO","bindingPath":{"path":"","propertyPath":"/_BASIC_SEARCH_FIELD","modelName":"fi1t3rM0d31"},"searchOpenDialogs":true,"interaction":{"idSuffix":"I"}},"clearTextFirst":true,"interactionType":"ENTER_TEXT"}]}
COMMAND: POST /session/76bbe7a963ba333ac6e3770165032c4a/actions - {"actions":[{"id":"action60","type":"key","parameters":{},"actions":[{"type":"keyDown","value":"î€‡"},{"type":"pause","duration":10},{"type":"keyUp","value":"î€‡"}]}]}
RESULT: {"actions":[{"id":"action60","type":"key","parameters":{},"actions":[{"type":"keyDown","value":"î€‡"},{"type":"pause","duration":10},{"type":"keyUp","value":"î€‡"}]}]}
COMMAND: GET /session/76bbe7a963ba333ac6e3770165032c4a/screenshot - {}
RESULT: {}
COMMAND: POST /session/76bbe7a963ba333ac6e3770165032c4a/element - {"using":"xpath","value":"//div[contains(@id, 'filterItemControl_BASIC-RECEIVE_CONTRACT-valueHelpDialog-table-rowsel0')]"}
RESULT: {"using":"xpath","value":"//div[contains(@id, 'filterItemControl_BASIC-RECEIVE_CONTRACT-valueHelpDialog-table-rowsel0')]"}
COMMAND: POST /session/76bbe7a963ba333ac6e3770165032c4a/element/f.37B6A3D8B8D5C040CDE4E4CEB4627624.d.9F1955A2F3A60519405B2EC3AE88E95D.e.19158/click - {}
RESULT: {}
COMMAND: GET /session/76bbe7a963ba333ac6e3770165032c4a/screenshot - {}
RESULT: {}
COMMAND: POST /session/76bbe7a963ba333ac6e3770165032c4a/element - {"using":"xpath","value":"//bdi[contains(text(), \"OK\")]"}
RESULT: {"using":"xpath","value":"//bdi[contains(text(), \"OK\")]"}
COMMAND: POST /session/76bbe7a963ba333ac6e3770165032c4a/element/f.37B6A3D8B8D5C040CDE4E4CEB4627624.d.9F1955A2F3A60519405B2EC3AE88E95D.e.19160/click - {}
RESULT: {}
COMMAND: GET /session/76bbe7a963ba333ac6e3770165032c4a/screenshot - {}
RESULT: {}
COMMAND: POST /session/76bbe7a963ba333ac6e3770165032c4a/element - {"using":"xpath","value":"//span[contains(@id, \"smartTable-header-inner\")]"}
RESULT: {"using":"xpath","value":"//span[contains(@id, \"smartTable-header-inner\")]"}
COMMAND: POST /session/76bbe7a963ba333ac6e3770165032c4a/elements - {"using":"xpath","value":"//span[contains(@id, \"smartTable-header-inner\")]"}
RESULT: {"using":"xpath","value":"//span[contains(@id, \"smartTable-header-inner\")]"}
COMMAND: POST /session/76bbe7a963ba333ac6e3770165032c4a/execute/sync - {"script":"<script> [56 bytes]","args":[{"element-6066-11e4-a52e-4f735466cecf":"f.37B6A3D8B8D5C040CDE4E4CEB4627624.d.9F1955A2F3A60519405B2EC3AE88E95D.e.19189","ELEMENT":"f.37B6A3D8B8D5C040CDE4E4CEB4627624.d.9F1955A2F3A60519405B2EC3AE88E95D.e.19189"}]}
RESULT: {"script":"<script> [56 bytes]","args":[{"element-6066-11e4-a52e-4f735466cecf":"f.37B6A3D8B8D5C040CDE4E4CEB4627624.d.9F1955A2F3A60519405B2EC3AE88E95D.e.19189","ELEMENT":"f.37B6A3D8B8D5C040CDE4E4CEB4627624.d.9F1955A2F3A60519405B2EC3AE88E95D.e.19189"}]}
COMMAND: POST /session/76bbe7a963ba333ac6e3770165032c4a/element - {"using":"xpath","value":"//table[contains(@id, \"customHandovers\")]//tbody/tr[1]/td[2]/span"}
COMMAND: GET /session/76bbe7a963ba333ac6e3770165032c4a/screenshot - {}
RESULT: {"using":"xpath","value":"//table[contains(@id, \"customHandovers\")]//tbody/tr[1]/td[2]/span"}
COMMAND: POST /session/76bbe7a963ba333ac6e3770165032c4a/execute/sync - {"script":"<script> [56 bytes]","args":[{"element-6066-11e4-a52e-4f735466cecf":"f.37B6A3D8B8D5C040CDE4E4CEB4627624.d.9F1955A2F3A60519405B2EC3AE88E95D.e.19190","ELEMENT":"f.37B6A3D8B8D5C040CDE4E4CEB4627624.d.9F1955A2F3A60519405B2EC3AE88E95D.e.19190"}]}
RESULT: {}
RESULT: {"script":"<script> [56 bytes]","args":[{"element-6066-11e4-a52e-4f735466cecf":"f.37B6A3D8B8D5C040CDE4E4CEB4627624.d.9F1955A2F3A60519405B2EC3AE88E95D.e.19190","ELEMENT":"f.37B6A3D8B8D5C040CDE4E4CEB4627624.d.9F1955A2F3A60519405B2EC3AE88E95D.e.19190"}]}
COMMAND: POST /session/76bbe7a963ba333ac6e3770165032c4a/element - {"using":"xpath","value":"(//span[contains(@id, \"imgNav\")])[1]"}
COMMAND: GET /session/76bbe7a963ba333ac6e3770165032c4a/screenshot - {}
RESULT: {"using":"xpath","value":"(//span[contains(@id, \"imgNav\")])[1]"}
COMMAND: POST /session/76bbe7a963ba333ac6e3770165032c4a/element/f.37B6A3D8B8D5C040CDE4E4CEB4627624.d.9F1955A2F3A60519405B2EC3AE88E95D.e.19187/click - {}
RESULT: {}
RESULT: {}
COMMAND: GET /session/76bbe7a963ba333ac6e3770165032c4a/screenshot - {}
RESULT: {}
RESULT: undefined
COMMAND: POST /session/76bbe7a963ba333ac6e3770165032c4a/execute/async - {"script":"<script> [776 bytes]","args":[{"enterText":"5/20/25","selector":{"id":"issueDatePicker","viewName":"etm.portal.ui.managehandovers.view.DetailExecuteHO","interaction":{"idSuffix":"inner"}},"clearTextFirst":true,"interactionType":"ENTER_TEXT"}]}
RESULT: {"script":"<script> [776 bytes]","args":[{"enterText":"5/20/25","selector":{"id":"issueDatePicker","viewName":"etm.portal.ui.managehandovers.view.DetailExecuteHO","interaction":{"idSuffix":"inner"}},"clearTextFirst":true,"interactionType":"ENTER_TEXT"}]}
COMMAND: POST /session/76bbe7a963ba333ac6e3770165032c4a/element - {"using":"xpath","value":"//button[@data-kt=\"PickingTableConfirmAllButton\"]"}
RESULT: {"using":"xpath","value":"//button[@data-kt=\"PickingTableConfirmAllButton\"]"}
COMMAND: POST /session/76bbe7a963ba333ac6e3770165032c4a/element/f.37B6A3D8B8D5C040CDE4E4CEB4627624.d.9F1955A2F3A60519405B2EC3AE88E95D.e.19207/click - {}
RESULT: {}
COMMAND: GET /session/76bbe7a963ba333ac6e3770165032c4a/screenshot - {}
RESULT: {}
COMMAND: POST /session/76bbe7a963ba333ac6e3770165032c4a/element - {"using":"xpath","value":"//bdi[contains(text(), \"OK\")]"}
RESULT: {"using":"xpath","value":"//bdi[contains(text(), \"OK\")]"}
COMMAND: POST /session/76bbe7a963ba333ac6e3770165032c4a/element/f.37B6A3D8B8D5C040CDE4E4CEB4627624.d.9F1955A2F3A60519405B2EC3AE88E95D.e.19223/click - {}
RESULT: {}
COMMAND: GET /session/76bbe7a963ba333ac6e3770165032c4a/screenshot - {}
RESULT: {}
COMMAND: POST /session/76bbe7a963ba333ac6e3770165032c4a/element - {"using":"xpath","value":"//button[@data-kt=\"execHoIssueButton\"]"}
RESULT: {"using":"xpath","value":"//button[@data-kt=\"execHoIssueButton\"]"}
COMMAND: POST /session/76bbe7a963ba333ac6e3770165032c4a/element/f.37B6A3D8B8D5C040CDE4E4CEB4627624.d.9F1955A2F3A60519405B2EC3AE88E95D.e.19224/click - {}
RESULT: {}
COMMAND: GET /session/76bbe7a963ba333ac6e3770165032c4a/screenshot - {}
RESULT: {}
COMMAND: POST /session/76bbe7a963ba333ac6e3770165032c4a/element - {"using":"xpath","value":"//input[contains(@id ,\"smartFilterBar-btnBasicSearch-I\")]"}
RESULT: {"using":"xpath","value":"//input[contains(@id ,\"smartFilterBar-btnBasicSearch-I\")]"}
COMMAND: POST /session/76bbe7a963ba333ac6e3770165032c4a/elements - {"using":"xpath","value":"//input[contains(@id ,\"smartFilterBar-btnBasicSearch-I\")]"}
RESULT: {"using":"xpath","value":"//input[contains(@id ,\"smartFilterBar-btnBasicSearch-I\")]"}
COMMAND: POST /session/76bbe7a963ba333ac6e3770165032c4a/execute/sync - {"script":"<script> [8489 bytes]","args":[{"element-6066-11e4-a52e-4f735466cecf":"f.37B6A3D8B8D5C040CDE4E4CEB4627624.d.9F1955A2F3A60519405B2EC3AE88E95D.e.18632","ELEMENT":"f.37B6A3D8B8D5C040CDE4E4CEB4627624.d.9F1955A2F3A60519405B2EC3AE88E95D.e.18632"}]}
RESULT: {"script":"<script> [8489 bytes]","args":[{"element-6066-11e4-a52e-4f735466cecf":"f.37B6A3D8B8D5C040CDE4E4CEB4627624.d.9F1955A2F3A60519405B2EC3AE88E95D.e.18632","ELEMENT":"f.37B6A3D8B8D5C040CDE4E4CEB4627624.d.9F1955A2F3A60519405B2EC3AE88E95D.e.18632"}]}
COMMAND: GET /session/76bbe7a963ba333ac6e3770165032c4a/element/f.37B6A3D8B8D5C040CDE4E4CEB4627624.d.9F1955A2F3A60519405B2EC3AE88E95D.e.18632/enabled - {}
COMMAND: GET /session/76bbe7a963ba333ac6e3770165032c4a/screenshot - {}
RESULT: {}
COMMAND: POST /session/76bbe7a963ba333ac6e3770165032c4a/element/f.37B6A3D8B8D5C040CDE4E4CEB4627624.d.9F1955A2F3A60519405B2EC3AE88E95D.e.18632/clear - {}
COMMAND: GET /session/76bbe7a963ba333ac6e3770165032c4a/screenshot - {}
RESULT: {}
RESULT: {}
COMMAND: POST /session/76bbe7a963ba333ac6e3770165032c4a/element/f.37B6A3D8B8D5C040CDE4E4CEB4627624.d.9F1955A2F3A60519405B2EC3AE88E95D.e.18632/value - {"text":"30803"}
COMMAND: GET /session/76bbe7a963ba333ac6e3770165032c4a/screenshot - {}
RESULT: {}
RESULT: {"text":"30803"}
COMMAND: GET /session/76bbe7a963ba333ac6e3770165032c4a/screenshot - {}
RESULT: {}
RESULT: {}
COMMAND: POST /session/76bbe7a963ba333ac6e3770165032c4a/actions - {"actions":[{"id":"action61","type":"key","parameters":{},"actions":[{"type":"keyDown","value":"î€‡"},{"type":"pause","duration":10},{"type":"keyUp","value":"î€‡"}]}]}
RESULT: {"actions":[{"id":"action61","type":"key","parameters":{},"actions":[{"type":"keyDown","value":"î€‡"},{"type":"pause","duration":10},{"type":"keyUp","value":"î€‡"}]}]}
COMMAND: GET /session/76bbe7a963ba333ac6e3770165032c4a/screenshot - {}
RESULT: {}
COMMAND: POST /session/76bbe7a963ba333ac6e3770165032c4a/element - {"using":"xpath","value":"//span[contains(@id, \"smartTable-header-inner\")]"}
RESULT: {"using":"xpath","value":"//span[contains(@id, \"smartTable-header-inner\")]"}
COMMAND: POST /session/76bbe7a963ba333ac6e3770165032c4a/elements - {"using":"xpath","value":"//span[contains(@id, \"smartTable-header-inner\")]"}
RESULT: {"using":"xpath","value":"//span[contains(@id, \"smartTable-header-inner\")]"}
COMMAND: POST /session/76bbe7a963ba333ac6e3770165032c4a/execute/sync - {"script":"<script> [56 bytes]","args":[{"element-6066-11e4-a52e-4f735466cecf":"f.37B6A3D8B8D5C040CDE4E4CEB4627624.d.9F1955A2F3A60519405B2EC3AE88E95D.e.19189","ELEMENT":"f.37B6A3D8B8D5C040CDE4E4CEB4627624.d.9F1955A2F3A60519405B2EC3AE88E95D.e.19189"}]}
RESULT: {"script":"<script> [56 bytes]","args":[{"element-6066-11e4-a52e-4f735466cecf":"f.37B6A3D8B8D5C040CDE4E4CEB4627624.d.9F1955A2F3A60519405B2EC3AE88E95D.e.19189","ELEMENT":"f.37B6A3D8B8D5C040CDE4E4CEB4627624.d.9F1955A2F3A60519405B2EC3AE88E95D.e.19189"}]}
COMMAND: POST /session/76bbe7a963ba333ac6e3770165032c4a/elements - {"using":"xpath","value":"//thead[contains(@class, \"sapMTableTH\")]/tr/th"}
COMMAND: GET /session/76bbe7a963ba333ac6e3770165032c4a/screenshot - {}
RESULT: {"using":"xpath","value":"//thead[contains(@class, \"sapMTableTH\")]/tr/th"}
COMMAND: GET /session/76bbe7a963ba333ac6e3770165032c4a/element/f.37B6A3D8B8D5C040CDE4E4CEB4627624.d.9F1955A2F3A60519405B2EC3AE88E95D.e.19261/text - {}
RESULT: {}
RESULT: {}
COMMAND: GET /session/76bbe7a963ba333ac6e3770165032c4a/element/f.37B6A3D8B8D5C040CDE4E4CEB4627624.d.9F1955A2F3A60519405B2EC3AE88E95D.e.19262/text - {}
RESULT: {}
COMMAND: GET /session/76bbe7a963ba333ac6e3770165032c4a/element/f.37B6A3D8B8D5C040CDE4E4CEB4627624.d.9F1955A2F3A60519405B2EC3AE88E95D.e.18663/text - {}
RESULT: {}
COMMAND: GET /session/76bbe7a963ba333ac6e3770165032c4a/element/f.37B6A3D8B8D5C040CDE4E4CEB4627624.d.9F1955A2F3A60519405B2EC3AE88E95D.e.18665/text - {}
RESULT: {}
COMMAND: GET /session/76bbe7a963ba333ac6e3770165032c4a/element/f.37B6A3D8B8D5C040CDE4E4CEB4627624.d.9F1955A2F3A60519405B2EC3AE88E95D.e.19229/text - {}
RESULT: {}
COMMAND: GET /session/76bbe7a963ba333ac6e3770165032c4a/element/f.37B6A3D8B8D5C040CDE4E4CEB4627624.d.9F1955A2F3A60519405B2EC3AE88E95D.e.19230/text - {}
RESULT: {}
COMMAND: GET /session/76bbe7a963ba333ac6e3770165032c4a/element/f.37B6A3D8B8D5C040CDE4E4CEB4627624.d.9F1955A2F3A60519405B2EC3AE88E95D.e.19231/text - {}
RESULT: {}
COMMAND: GET /session/76bbe7a963ba333ac6e3770165032c4a/element/f.37B6A3D8B8D5C040CDE4E4CEB4627624.d.9F1955A2F3A60519405B2EC3AE88E95D.e.19232/text - {}
RESULT: {}
COMMAND: GET /session/76bbe7a963ba333ac6e3770165032c4a/element/f.37B6A3D8B8D5C040CDE4E4CEB4627624.d.9F1955A2F3A60519405B2EC3AE88E95D.e.19233/text - {}
RESULT: {}
COMMAND: GET /session/76bbe7a963ba333ac6e3770165032c4a/element/f.37B6A3D8B8D5C040CDE4E4CEB4627624.d.9F1955A2F3A60519405B2EC3AE88E95D.e.19234/text - {}
RESULT: {}
COMMAND: GET /session/76bbe7a963ba333ac6e3770165032c4a/element/f.37B6A3D8B8D5C040CDE4E4CEB4627624.d.9F1955A2F3A60519405B2EC3AE88E95D.e.19235/text - {}
RESULT: {}
COMMAND: GET /session/76bbe7a963ba333ac6e3770165032c4a/element/f.37B6A3D8B8D5C040CDE4E4CEB4627624.d.9F1955A2F3A60519405B2EC3AE88E95D.e.19236/text - {}
RESULT: {}
COMMAND: GET /session/76bbe7a963ba333ac6e3770165032c4a/element/f.37B6A3D8B8D5C040CDE4E4CEB4627624.d.9F1955A2F3A60519405B2EC3AE88E95D.e.19237/text - {}
RESULT: {}
COMMAND: GET /session/76bbe7a963ba333ac6e3770165032c4a/element/f.37B6A3D8B8D5C040CDE4E4CEB4627624.d.9F1955A2F3A60519405B2EC3AE88E95D.e.18666/text - {}
RESULT: {}
COMMAND: POST /session/76bbe7a963ba333ac6e3770165032c4a/element - {"using":"xpath","value":"//tbody[contains(@id, \"customHandoversTable-tblBody\")]/tr[1]/td[14]/div/span"}
RESULT: {"using":"xpath","value":"//tbody[contains(@id, \"customHandoversTable-tblBody\")]/tr[1]/td[14]/div/span"}
COMMAND: POST /session/76bbe7a963ba333ac6e3770165032c4a/execute/sync - {"script":"<script> [56 bytes]","args":[{"element-6066-11e4-a52e-4f735466cecf":"f.37B6A3D8B8D5C040CDE4E4CEB4627624.d.9F1955A2F3A60519405B2EC3AE88E95D.e.19314","ELEMENT":"f.37B6A3D8B8D5C040CDE4E4CEB4627624.d.9F1955A2F3A60519405B2EC3AE88E95D.e.19314"}]}
RESULT: {"script":"<script> [56 bytes]","args":[{"element-6066-11e4-a52e-4f735466cecf":"f.37B6A3D8B8D5C040CDE4E4CEB4627624.d.9F1955A2F3A60519405B2EC3AE88E95D.e.19314","ELEMENT":"f.37B6A3D8B8D5C040CDE4E4CEB4627624.d.9F1955A2F3A60519405B2EC3AE88E95D.e.19314"}]}
COMMAND: POST /session/76bbe7a963ba333ac6e3770165032c4a/element - {"using":"xpath","value":"(//span[contains(@id, \"imgNav\")])[1]"}
COMMAND: GET /session/76bbe7a963ba333ac6e3770165032c4a/screenshot - {}
RESULT: {"using":"xpath","value":"(//span[contains(@id, \"imgNav\")])[1]"}
COMMAND: POST /session/76bbe7a963ba333ac6e3770165032c4a/element/f.37B6A3D8B8D5C040CDE4E4CEB4627624.d.9F1955A2F3A60519405B2EC3AE88E95D.e.19315/click - {}
RESULT: {}
RESULT: {}
COMMAND: GET /session/76bbe7a963ba333ac6e3770165032c4a/screenshot - {}
RESULT: {}
RESULT: undefined
COMMAND: POST /session/76bbe7a963ba333ac6e3770165032c4a/execute/async - {"script":"<script> [776 bytes]","args":[{"enterText":"05/20/25","selector":{"id":"receiptDatePicker","viewName":"etm.portal.ui.managehandovers.view.DetailExecuteHO","interaction":{"idSuffix":"inner"}},"clearTextFirst":true,"interactionType":"ENTER_TEXT"}]}
RESULT: {"script":"<script> [776 bytes]","args":[{"enterText":"05/20/25","selector":{"id":"receiptDatePicker","viewName":"etm.portal.ui.managehandovers.view.DetailExecuteHO","interaction":{"idSuffix":"inner"}},"clearTextFirst":true,"interactionType":"ENTER_TEXT"}]}
COMMAND: POST /session/76bbe7a963ba333ac6e3770165032c4a/element - {"using":"xpath","value":"//bdi[contains(text(), \"OK\")]"}
RESULT: {"using":"xpath","value":"//bdi[contains(text(), \"OK\")]"}
COMMAND: POST /session/76bbe7a963ba333ac6e3770165032c4a/element/f.37B6A3D8B8D5C040CDE4E4CEB4627624.d.9F1955A2F3A60519405B2EC3AE88E95D.e.19348/click - {}
RESULT: {}
COMMAND: GET /session/76bbe7a963ba333ac6e3770165032c4a/screenshot - {}
RESULT: {}
COMMAND: POST /session/76bbe7a963ba333ac6e3770165032c4a/element - {"using":"xpath","value":"//button[@data-kt=\"PickingTableConfirmAllButton\"]"}
RESULT: {"using":"xpath","value":"//button[@data-kt=\"PickingTableConfirmAllButton\"]"}
COMMAND: POST /session/76bbe7a963ba333ac6e3770165032c4a/element/f.37B6A3D8B8D5C040CDE4E4CEB4627624.d.9F1955A2F3A60519405B2EC3AE88E95D.e.19335/click - {}
RESULT: {}
COMMAND: GET /session/76bbe7a963ba333ac6e3770165032c4a/screenshot - {}
RESULT: {}
COMMAND: POST /session/76bbe7a963ba333ac6e3770165032c4a/element - {"using":"xpath","value":"//bdi[contains(text(), \"OK\")]"}
RESULT: {"using":"xpath","value":"//bdi[contains(text(), \"OK\")]"}
COMMAND: POST /session/76bbe7a963ba333ac6e3770165032c4a/element/f.37B6A3D8B8D5C040CDE4E4CEB4627624.d.9F1955A2F3A60519405B2EC3AE88E95D.e.19361/click - {}
RESULT: {}
COMMAND: GET /session/76bbe7a963ba333ac6e3770165032c4a/screenshot - {}
RESULT: {}
COMMAND: POST /session/76bbe7a963ba333ac6e3770165032c4a/element - {"using":"xpath","value":"//button[@data-kt= \"execHoReceiveButton\"]"}
RESULT: {"using":"xpath","value":"//button[@data-kt= \"execHoReceiveButton\"]"}
COMMAND: POST /session/76bbe7a963ba333ac6e3770165032c4a/element/f.37B6A3D8B8D5C040CDE4E4CEB4627624.d.9F1955A2F3A60519405B2EC3AE88E95D.e.19363/click - {}
RESULT: {}
COMMAND: GET /session/76bbe7a963ba333ac6e3770165032c4a/screenshot - {}
RESULT: {}
COMMAND: POST /session/76bbe7a963ba333ac6e3770165032c4a/element - {"using":"xpath","value":"//input[contains(@id ,\"smartFilterBar-btnBasicSearch-I\")]"}
RESULT: {"using":"xpath","value":"//input[contains(@id ,\"smartFilterBar-btnBasicSearch-I\")]"}
COMMAND: POST /session/76bbe7a963ba333ac6e3770165032c4a/elements - {"using":"xpath","value":"//input[contains(@id ,\"smartFilterBar-btnBasicSearch-I\")]"}
RESULT: {"using":"xpath","value":"//input[contains(@id ,\"smartFilterBar-btnBasicSearch-I\")]"}
COMMAND: POST /session/76bbe7a963ba333ac6e3770165032c4a/execute/sync - {"script":"<script> [8489 bytes]","args":[{"element-6066-11e4-a52e-4f735466cecf":"f.37B6A3D8B8D5C040CDE4E4CEB4627624.d.9F1955A2F3A60519405B2EC3AE88E95D.e.18632","ELEMENT":"f.37B6A3D8B8D5C040CDE4E4CEB4627624.d.9F1955A2F3A60519405B2EC3AE88E95D.e.18632"}]}
RESULT: {"script":"<script> [8489 bytes]","args":[{"element-6066-11e4-a52e-4f735466cecf":"f.37B6A3D8B8D5C040CDE4E4CEB4627624.d.9F1955A2F3A60519405B2EC3AE88E95D.e.18632","ELEMENT":"f.37B6A3D8B8D5C040CDE4E4CEB4627624.d.9F1955A2F3A60519405B2EC3AE88E95D.e.18632"}]}
COMMAND: GET /session/76bbe7a963ba333ac6e3770165032c4a/element/f.37B6A3D8B8D5C040CDE4E4CEB4627624.d.9F1955A2F3A60519405B2EC3AE88E95D.e.18632/enabled - {}
COMMAND: GET /session/76bbe7a963ba333ac6e3770165032c4a/screenshot - {}
RESULT: {}
COMMAND: POST /session/76bbe7a963ba333ac6e3770165032c4a/element/f.37B6A3D8B8D5C040CDE4E4CEB4627624.d.9F1955A2F3A60519405B2EC3AE88E95D.e.18632/clear - {}
COMMAND: GET /session/76bbe7a963ba333ac6e3770165032c4a/screenshot - {}
RESULT: {}
RESULT: {}
COMMAND: POST /session/76bbe7a963ba333ac6e3770165032c4a/element/f.37B6A3D8B8D5C040CDE4E4CEB4627624.d.9F1955A2F3A60519405B2EC3AE88E95D.e.18632/value - {"text":"30803"}
COMMAND: GET /session/76bbe7a963ba333ac6e3770165032c4a/screenshot - {}
RESULT: {}
RESULT: {"text":"30803"}
COMMAND: GET /session/76bbe7a963ba333ac6e3770165032c4a/screenshot - {}
RESULT: {}
RESULT: {}
COMMAND: POST /session/76bbe7a963ba333ac6e3770165032c4a/actions - {"actions":[{"id":"action62","type":"key","parameters":{},"actions":[{"type":"keyDown","value":"î€‡"},{"type":"pause","duration":10},{"type":"keyUp","value":"î€‡"}]}]}
RESULT: {"actions":[{"id":"action62","type":"key","parameters":{},"actions":[{"type":"keyDown","value":"î€‡"},{"type":"pause","duration":10},{"type":"keyUp","value":"î€‡"}]}]}
COMMAND: GET /session/76bbe7a963ba333ac6e3770165032c4a/screenshot - {}
RESULT: {}
COMMAND: POST /session/76bbe7a963ba333ac6e3770165032c4a/element - {"using":"xpath","value":"//span[contains(@id, \"smartTable-header-inner\")]"}
RESULT: {"using":"xpath","value":"//span[contains(@id, \"smartTable-header-inner\")]"}
COMMAND: POST /session/76bbe7a963ba333ac6e3770165032c4a/elements - {"using":"xpath","value":"//span[contains(@id, \"smartTable-header-inner\")]"}
RESULT: {"using":"xpath","value":"//span[contains(@id, \"smartTable-header-inner\")]"}
COMMAND: POST /session/76bbe7a963ba333ac6e3770165032c4a/execute/sync - {"script":"<script> [56 bytes]","args":[{"element-6066-11e4-a52e-4f735466cecf":"f.37B6A3D8B8D5C040CDE4E4CEB4627624.d.9F1955A2F3A60519405B2EC3AE88E95D.e.19189","ELEMENT":"f.37B6A3D8B8D5C040CDE4E4CEB4627624.d.9F1955A2F3A60519405B2EC3AE88E95D.e.19189"}]}
RESULT: {"script":"<script> [56 bytes]","args":[{"element-6066-11e4-a52e-4f735466cecf":"f.37B6A3D8B8D5C040CDE4E4CEB4627624.d.9F1955A2F3A60519405B2EC3AE88E95D.e.19189","ELEMENT":"f.37B6A3D8B8D5C040CDE4E4CEB4627624.d.9F1955A2F3A60519405B2EC3AE88E95D.e.19189"}]}
COMMAND: POST /session/76bbe7a963ba333ac6e3770165032c4a/elements - {"using":"xpath","value":"//thead[contains(@class, \"sapMTableTH\")]/tr/th"}
COMMAND: GET /session/76bbe7a963ba333ac6e3770165032c4a/screenshot - {}
RESULT: {"using":"xpath","value":"//thead[contains(@class, \"sapMTableTH\")]/tr/th"}
COMMAND: GET /session/76bbe7a963ba333ac6e3770165032c4a/element/f.37B6A3D8B8D5C040CDE4E4CEB4627624.d.9F1955A2F3A60519405B2EC3AE88E95D.e.19261/text - {}
RESULT: {}
RESULT: {}
COMMAND: GET /session/76bbe7a963ba333ac6e3770165032c4a/element/f.37B6A3D8B8D5C040CDE4E4CEB4627624.d.9F1955A2F3A60519405B2EC3AE88E95D.e.19262/text - {}
RESULT: {}
COMMAND: GET /session/76bbe7a963ba333ac6e3770165032c4a/element/f.37B6A3D8B8D5C040CDE4E4CEB4627624.d.9F1955A2F3A60519405B2EC3AE88E95D.e.18663/text - {}
RESULT: {}
COMMAND: GET /session/76bbe7a963ba333ac6e3770165032c4a/element/f.37B6A3D8B8D5C040CDE4E4CEB4627624.d.9F1955A2F3A60519405B2EC3AE88E95D.e.18665/text - {}
RESULT: {}
COMMAND: GET /session/76bbe7a963ba333ac6e3770165032c4a/element/f.37B6A3D8B8D5C040CDE4E4CEB4627624.d.9F1955A2F3A60519405B2EC3AE88E95D.e.19367/text - {}
RESULT: {}
COMMAND: GET /session/76bbe7a963ba333ac6e3770165032c4a/element/f.37B6A3D8B8D5C040CDE4E4CEB4627624.d.9F1955A2F3A60519405B2EC3AE88E95D.e.19368/text - {}
RESULT: {}
COMMAND: GET /session/76bbe7a963ba333ac6e3770165032c4a/element/f.37B6A3D8B8D5C040CDE4E4CEB4627624.d.9F1955A2F3A60519405B2EC3AE88E95D.e.19369/text - {}
RESULT: {}
COMMAND: GET /session/76bbe7a963ba333ac6e3770165032c4a/element/f.37B6A3D8B8D5C040CDE4E4CEB4627624.d.9F1955A2F3A60519405B2EC3AE88E95D.e.19370/text - {}
RESULT: {}
COMMAND: GET /session/76bbe7a963ba333ac6e3770165032c4a/element/f.37B6A3D8B8D5C040CDE4E4CEB4627624.d.9F1955A2F3A60519405B2EC3AE88E95D.e.19371/text - {}
RESULT: {}
COMMAND: GET /session/76bbe7a963ba333ac6e3770165032c4a/element/f.37B6A3D8B8D5C040CDE4E4CEB4627624.d.9F1955A2F3A60519405B2EC3AE88E95D.e.19372/text - {}
RESULT: {}
COMMAND: GET /session/76bbe7a963ba333ac6e3770165032c4a/element/f.37B6A3D8B8D5C040CDE4E4CEB4627624.d.9F1955A2F3A60519405B2EC3AE88E95D.e.19373/text - {}
RESULT: {}
COMMAND: GET /session/76bbe7a963ba333ac6e3770165032c4a/element/f.37B6A3D8B8D5C040CDE4E4CEB4627624.d.9F1955A2F3A60519405B2EC3AE88E95D.e.19374/text - {}
RESULT: {}
COMMAND: GET /session/76bbe7a963ba333ac6e3770165032c4a/element/f.37B6A3D8B8D5C040CDE4E4CEB4627624.d.9F1955A2F3A60519405B2EC3AE88E95D.e.19375/text - {}
RESULT: {}
COMMAND: GET /session/76bbe7a963ba333ac6e3770165032c4a/element/f.37B6A3D8B8D5C040CDE4E4CEB4627624.d.9F1955A2F3A60519405B2EC3AE88E95D.e.18666/text - {}
RESULT: {}
COMMAND: POST /session/76bbe7a963ba333ac6e3770165032c4a/element - {"using":"xpath","value":"//tbody[contains(@id, \"customHandoversTable-tblBody\")]/tr[1]/td[14]/div/span"}
RESULT: {"using":"xpath","value":"//tbody[contains(@id, \"customHandoversTable-tblBody\")]/tr[1]/td[14]/div/span"}
COMMAND: POST /session/76bbe7a963ba333ac6e3770165032c4a/execute/sync - {"script":"<script> [56 bytes]","args":[{"element-6066-11e4-a52e-4f735466cecf":"f.37B6A3D8B8D5C040CDE4E4CEB4627624.d.9F1955A2F3A60519405B2EC3AE88E95D.e.19417","ELEMENT":"f.37B6A3D8B8D5C040CDE4E4CEB4627624.d.9F1955A2F3A60519405B2EC3AE88E95D.e.19417"}]}
RESULT: {"script":"<script> [56 bytes]","args":[{"element-6066-11e4-a52e-4f735466cecf":"f.37B6A3D8B8D5C040CDE4E4CEB4627624.d.9F1955A2F3A60519405B2EC3AE88E95D.e.19417","ELEMENT":"f.37B6A3D8B8D5C040CDE4E4CEB4627624.d.9F1955A2F3A60519405B2EC3AE88E95D.e.19417"}]}
]]></system-out>
    </testcase>
    <testcase classname="chrome.136_0_7103_93.windows.Provide_to_Site_w/o_warehouse_management_w/o_clarification" name="Should Test for Handover Execution" time="12.653">
      <system-out><![CDATA[
COMMAND: GET /session/76bbe7a963ba333ac6e3770165032c4a/screenshot - {}
COMMAND: POST /session/76bbe7a963ba333ac6e3770165032c4a/element - {"using":"xpath","value":"(//span[contains(@id, \"imgNav\")])[1]"}
RESULT: {}
RESULT: {"using":"xpath","value":"(//span[contains(@id, \"imgNav\")])[1]"}
COMMAND: POST /session/76bbe7a963ba333ac6e3770165032c4a/element/f.37B6A3D8B8D5C040CDE4E4CEB4627624.d.9F1955A2F3A60519405B2EC3AE88E95D.e.19418/click - {}
RESULT: {}
COMMAND: GET /session/76bbe7a963ba333ac6e3770165032c4a/screenshot - {}
RESULT: {}
COMMAND: POST /session/76bbe7a963ba333ac6e3770165032c4a/element - {"using":"css selector","value":"#shell-header-logo"}
RESULT: {"using":"css selector","value":"#shell-header-logo"}
COMMAND: POST /session/76bbe7a963ba333ac6e3770165032c4a/element/f.37B6A3D8B8D5C040CDE4E4CEB4627624.d.9F1955A2F3A60519405B2EC3AE88E95D.e.17952/click - {}
RESULT: {}
COMMAND: GET /session/76bbe7a963ba333ac6e3770165032c4a/screenshot - {}
RESULT: {}
]]></system-out>
    </testcase>
    <testcase classname="chrome.136_0_7103_93.windows.Provide_to_Site_w/o_warehouse_management_w/o_clarification" name="Should test for Clarification" time="0.008">
      <system-out><![CDATA[
COMMAND: POST /session/76bbe7a963ba333ac6e3770165032c4a/element - {"using":"css selector","value":"#j_username"}
COMMAND: POST /session/76bbe7a963ba333ac6e3770165032c4a/url - {"url":"https://qa-testing-00-live-etm-ui.cfapps.eu10-004.hana.ondemand.com/"}
RESULT: {"using":"css selector","value":"#j_username"}
COMMAND: POST /session/76bbe7a963ba333ac6e3770165032c4a/element - {"using":"css selector","value":"#j_username"}
RESULT: {"url":"https://qa-testing-00-live-etm-ui.cfapps.eu10-004.hana.ondemand.com/"}
RESULT: undefined
COMMAND: GET /session/76bbe7a963ba333ac6e3770165032c4a/screenshot - {}
RESULT: {"using":"css selector","value":"#j_username"}
COMMAND: POST /session/76bbe7a963ba333ac6e3770165032c4a/element - {"using":"css selector","value":"#shell-header-logo"}
RESULT: {}
RESULT: {"using":"css selector","value":"#shell-header-logo"}
COMMAND: POST /session/76bbe7a963ba333ac6e3770165032c4a/execute/sync - {"script":"<script> [8489 bytes]","args":[{"element-6066-11e4-a52e-4f735466cecf":"f.37B6A3D8B8D5C040CDE4E4CEB4627624.d.C543B5F703D249BF25DF108F2C247D60.e.19473","ELEMENT":"f.37B6A3D8B8D5C040CDE4E4CEB4627624.d.C543B5F703D249BF25DF108F2C247D60.e.19473"}]}
RESULT: {"script":"<script> [8489 bytes]","args":[{"element-6066-11e4-a52e-4f735466cecf":"f.37B6A3D8B8D5C040CDE4E4CEB4627624.d.C543B5F703D249BF25DF108F2C247D60.e.19473","ELEMENT":"f.37B6A3D8B8D5C040CDE4E4CEB4627624.d.C543B5F703D249BF25DF108F2C247D60.e.19473"}]}
COMMAND: POST /session/76bbe7a963ba333ac6e3770165032c4a/element - {"using":"css selector","value":"#shell-header-logo"}
COMMAND: GET /session/76bbe7a963ba333ac6e3770165032c4a/screenshot - {}
RESULT: {"using":"css selector","value":"#shell-header-logo"}
COMMAND: POST /session/76bbe7a963ba333ac6e3770165032c4a/execute/sync - {"script":"<script> [8489 bytes]","args":[{"element-6066-11e4-a52e-4f735466cecf":"f.37B6A3D8B8D5C040CDE4E4CEB4627624.d.C543B5F703D249BF25DF108F2C247D60.e.19473","ELEMENT":"f.37B6A3D8B8D5C040CDE4E4CEB4627624.d.C543B5F703D249BF25DF108F2C247D60.e.19473"}]}
RESULT: {}
RESULT: {"script":"<script> [8489 bytes]","args":[{"element-6066-11e4-a52e-4f735466cecf":"f.37B6A3D8B8D5C040CDE4E4CEB4627624.d.C543B5F703D249BF25DF108F2C247D60.e.19473","ELEMENT":"f.37B6A3D8B8D5C040CDE4E4CEB4627624.d.C543B5F703D249BF25DF108F2C247D60.e.19473"}]}
COMMAND: POST /session/76bbe7a963ba333ac6e3770165032c4a/execute/sync - {"script":"<script> [5351 bytes]","args":[{"element-6066-11e4-a52e-4f735466cecf":"f.37B6A3D8B8D5C040CDE4E4CEB4627624.d.C543B5F703D249BF25DF108F2C247D60.e.19473","ELEMENT":"f.37B6A3D8B8D5C040CDE4E4CEB4627624.d.C543B5F703D249BF25DF108F2C247D60.e.19473"}]}
COMMAND: GET /session/76bbe7a963ba333ac6e3770165032c4a/screenshot - {}
RESULT: {"script":"<script> [5351 bytes]","args":[{"element-6066-11e4-a52e-4f735466cecf":"f.37B6A3D8B8D5C040CDE4E4CEB4627624.d.C543B5F703D249BF25DF108F2C247D60.e.19473","ELEMENT":"f.37B6A3D8B8D5C040CDE4E4CEB4627624.d.C543B5F703D249BF25DF108F2C247D60.e.19473"}]}
COMMAND: POST /session/76bbe7a963ba333ac6e3770165032c4a/element - {"using":"css selector","value":"#shell-header-logo"}
COMMAND: GET /session/76bbe7a963ba333ac6e3770165032c4a/screenshot - {}
RESULT: {}
RESULT: {"using":"css selector","value":"#shell-header-logo"}
COMMAND: POST /session/76bbe7a963ba333ac6e3770165032c4a/element/f.37B6A3D8B8D5C040CDE4E4CEB4627624.d.C543B5F703D249BF25DF108F2C247D60.e.19473/click - {}
RESULT: {}
RESULT: {}
COMMAND: GET /session/76bbe7a963ba333ac6e3770165032c4a/screenshot - {}
RESULT: {}
COMMAND: POST /session/76bbe7a963ba333ac6e3770165032c4a/execute/async - {"script":"<script> [189 bytes]","args":[]}
RESULT: {"script":"<script> [189 bytes]","args":[]}
COMMAND: POST /session/76bbe7a963ba333ac6e3770165032c4a/execute/async - {"script":"<script> [123 bytes]","args":[]}
RESULT: {"script":"<script> [123 bytes]","args":[]}
COMMAND: POST /session/76bbe7a963ba333ac6e3770165032c4a/timeouts - {"script":"<number>"}
RESULT: {"script":"<number>"}
COMMAND: GET /session/76bbe7a963ba333ac6e3770165032c4a/timeouts - {}
RESULT: {}
RESULT: undefined
COMMAND: POST /session/76bbe7a963ba333ac6e3770165032c4a/execute/async - {"script":"<script> [2676 bytes]","args":[]}
RESULT: {"script":"<script> [2676 bytes]","args":[]}
COMMAND: POST /session/76bbe7a963ba333ac6e3770165032c4a/execute/async - {"script":"<script> [2342 bytes]","args":[{"protocol":"http","hostname":"0.0.0.0","path":"/","capabilities":{"browserName":"chrome","goog:chromeOptions":{"binary":"C:\\Program Files\\Google\\Chrome\\Application\\chrome.exe","args":["--start-maximized"]}},"logLevel":"warn","connectionRetryTimeout":120000,"connectionRetryCount":3,"logLevels":{},"enableDirectConnect":true,"strictSSL":true,"_":"65 more keys: [\"cacheDir\",\"port\",\"requestedCapabilities\",\"automationProtocol\",\"baseUrl\",\"waitforInterval\",\"waitforTimeout\",\"onReload\",\"beforeCommand\",\"afterCommand\",\"rootDir\",\"specs\",\"suites\",\"exclude\",\"groupLogsByTestSpec\",\"excludeDriverLogs\",\"bail\",\"framework\",\"reporters\",\"services\",\"maxInstances\",\"maxInstancesPerCapability\",\"injectGlobals\",\"filesToWatch\",\"execArgv\",\"runnerEnv\",\"runner\",\"shard\",\"specFileRetries\",\"specFileRetriesDelay\",\"specFileRetriesDeferred\",\"reporterSyncInterval\",\"reporterSyncTimeout\",\"cucumberFeaturesWithLineNumbers\",\"autoCompileOpts\",\"mochaOpts\",\"jasmineOpts\",\"cucumberOpts\",\"onPrepare\",\"onWorkerStart\",\"onWorkerEnd\",\"before\",\"beforeSession\",\"beforeSuite\",\"beforeHook\",\"beforeTest\",\"afterTest\",\"afterHook\",\"afterSuite\",\"afterSession\",\"after\",\"onComplete\",\"beforeAssertion\",\"afterAssertion\",\"beforeFeature\",\"beforeScenario\",\"beforeStep\",\"afterStep\",\"afterScenario\",\"afterFeature\",\"_\",\"suite\",\"$0\",\"ignoredWorkerServices\",\"wdi5\"]"}]}
RESULT: {"script":"<script> [2342 bytes]","args":[{"protocol":"http","hostname":"0.0.0.0","path":"/","capabilities":{"browserName":"chrome","goog:chromeOptions":{"binary":"C:\\Program Files\\Google\\Chrome\\Application\\chrome.exe","args":["--start-maximized"]}},"logLevel":"warn","connectionRetryTimeout":120000,"connectionRetryCount":3,"logLevels":{},"enableDirectConnect":true,"strictSSL":true,"_":"65 more keys: [\"cacheDir\",\"port\",\"requestedCapabilities\",\"automationProtocol\",\"baseUrl\",\"waitforInterval\",\"waitforTimeout\",\"onReload\",\"beforeCommand\",\"afterCommand\",\"rootDir\",\"specs\",\"suites\",\"exclude\",\"groupLogsByTestSpec\",\"excludeDriverLogs\",\"bail\",\"framework\",\"reporters\",\"services\",\"maxInstances\",\"maxInstancesPerCapability\",\"injectGlobals\",\"filesToWatch\",\"execArgv\",\"runnerEnv\",\"runner\",\"shard\",\"specFileRetries\",\"specFileRetriesDelay\",\"specFileRetriesDeferred\",\"reporterSyncInterval\",\"reporterSyncTimeout\",\"cucumberFeaturesWithLineNumbers\",\"autoCompileOpts\",\"mochaOpts\",\"jasmineOpts\",\"cucumberOpts\",\"onPrepare\",\"onWorkerStart\",\"onWorkerEnd\",\"before\",\"beforeSession\",\"beforeSuite\",\"beforeHook\",\"beforeTest\",\"afterTest\",\"afterHook\",\"afterSuite\",\"afterSession\",\"after\",\"onComplete\",\"beforeAssertion\",\"afterAssertion\",\"beforeFeature\",\"beforeScenario\",\"beforeStep\",\"afterStep\",\"afterScenario\",\"afterFeature\",\"_\",\"suite\",\"$0\",\"ignoredWorkerServices\",\"wdi5\"]"}]}
COMMAND: POST /session/76bbe7a963ba333ac6e3770165032c4a/execute/async - {"script":"<script> [21126 bytes]","args":[35000]}
RESULT: {"script":"<script> [21126 bytes]","args":[35000]}
COMMAND: POST /session/76bbe7a963ba333ac6e3770165032c4a/window/maximize - {}
RESULT: {}
COMMAND: POST /session/76bbe7a963ba333ac6e3770165032c4a/execute/async - {"script":"<script> [1562 bytes]","args":[{"selector":{"id":"shell-header","interaction":{"idSuffix":"icon"}},"wdio_ui5_key":"shellheader"}]}
COMMAND: GET /session/76bbe7a963ba333ac6e3770165032c4a/screenshot - {}
RESULT: {"script":"<script> [1562 bytes]","args":[{"selector":{"id":"shell-header","interaction":{"idSuffix":"icon"}},"wdio_ui5_key":"shellheader"}]}
RESULT: undefined
COMMAND: POST /session/76bbe7a963ba333ac6e3770165032c4a/refresh - {}
RESULT: {}
RESULT: {}
COMMAND: GET /session/76bbe7a963ba333ac6e3770165032c4a/screenshot - {}
RESULT: {}
COMMAND: POST /session/76bbe7a963ba333ac6e3770165032c4a/refresh - {}
RESULT: {}
COMMAND: GET /session/76bbe7a963ba333ac6e3770165032c4a/screenshot - {}
RESULT: {}
COMMAND: POST /session/76bbe7a963ba333ac6e3770165032c4a/window/fullscreen - {}
RESULT: {}
COMMAND: POST /session/76bbe7a963ba333ac6e3770165032c4a/execute/async - {"script":"<script> [189 bytes]","args":[]}
RESULT: {"script":"<script> [189 bytes]","args":[]}
COMMAND: POST /session/76bbe7a963ba333ac6e3770165032c4a/execute/async - {"script":"<script> [123 bytes]","args":[]}
RESULT: {"script":"<script> [123 bytes]","args":[]}
COMMAND: POST /session/76bbe7a963ba333ac6e3770165032c4a/timeouts - {"script":"<number>"}
RESULT: {"script":"<number>"}
COMMAND: GET /session/76bbe7a963ba333ac6e3770165032c4a/timeouts - {}
RESULT: {}
RESULT: undefined
COMMAND: POST /session/76bbe7a963ba333ac6e3770165032c4a/execute/async - {"script":"<script> [2676 bytes]","args":[]}
RESULT: {"script":"<script> [2676 bytes]","args":[]}
COMMAND: POST /session/76bbe7a963ba333ac6e3770165032c4a/execute/async - {"script":"<script> [2342 bytes]","args":[{"protocol":"http","hostname":"0.0.0.0","path":"/","capabilities":{"browserName":"chrome","goog:chromeOptions":{"binary":"C:\\Program Files\\Google\\Chrome\\Application\\chrome.exe","args":["--start-maximized"]}},"logLevel":"warn","connectionRetryTimeout":120000,"connectionRetryCount":3,"logLevels":{},"enableDirectConnect":true,"strictSSL":true,"_":"65 more keys: [\"cacheDir\",\"port\",\"requestedCapabilities\",\"automationProtocol\",\"baseUrl\",\"waitforInterval\",\"waitforTimeout\",\"onReload\",\"beforeCommand\",\"afterCommand\",\"rootDir\",\"specs\",\"suites\",\"exclude\",\"groupLogsByTestSpec\",\"excludeDriverLogs\",\"bail\",\"framework\",\"reporters\",\"services\",\"maxInstances\",\"maxInstancesPerCapability\",\"injectGlobals\",\"filesToWatch\",\"execArgv\",\"runnerEnv\",\"runner\",\"shard\",\"specFileRetries\",\"specFileRetriesDelay\",\"specFileRetriesDeferred\",\"reporterSyncInterval\",\"reporterSyncTimeout\",\"cucumberFeaturesWithLineNumbers\",\"autoCompileOpts\",\"mochaOpts\",\"jasmineOpts\",\"cucumberOpts\",\"onPrepare\",\"onWorkerStart\",\"onWorkerEnd\",\"before\",\"beforeSession\",\"beforeSuite\",\"beforeHook\",\"beforeTest\",\"afterTest\",\"afterHook\",\"afterSuite\",\"afterSession\",\"after\",\"onComplete\",\"beforeAssertion\",\"afterAssertion\",\"beforeFeature\",\"beforeScenario\",\"beforeStep\",\"afterStep\",\"afterScenario\",\"afterFeature\",\"_\",\"suite\",\"$0\",\"ignoredWorkerServices\",\"wdi5\"]"}]}
RESULT: {"script":"<script> [2342 bytes]","args":[{"protocol":"http","hostname":"0.0.0.0","path":"/","capabilities":{"browserName":"chrome","goog:chromeOptions":{"binary":"C:\\Program Files\\Google\\Chrome\\Application\\chrome.exe","args":["--start-maximized"]}},"logLevel":"warn","connectionRetryTimeout":120000,"connectionRetryCount":3,"logLevels":{},"enableDirectConnect":true,"strictSSL":true,"_":"65 more keys: [\"cacheDir\",\"port\",\"requestedCapabilities\",\"automationProtocol\",\"baseUrl\",\"waitforInterval\",\"waitforTimeout\",\"onReload\",\"beforeCommand\",\"afterCommand\",\"rootDir\",\"specs\",\"suites\",\"exclude\",\"groupLogsByTestSpec\",\"excludeDriverLogs\",\"bail\",\"framework\",\"reporters\",\"services\",\"maxInstances\",\"maxInstancesPerCapability\",\"injectGlobals\",\"filesToWatch\",\"execArgv\",\"runnerEnv\",\"runner\",\"shard\",\"specFileRetries\",\"specFileRetriesDelay\",\"specFileRetriesDeferred\",\"reporterSyncInterval\",\"reporterSyncTimeout\",\"cucumberFeaturesWithLineNumbers\",\"autoCompileOpts\",\"mochaOpts\",\"jasmineOpts\",\"cucumberOpts\",\"onPrepare\",\"onWorkerStart\",\"onWorkerEnd\",\"before\",\"beforeSession\",\"beforeSuite\",\"beforeHook\",\"beforeTest\",\"afterTest\",\"afterHook\",\"afterSuite\",\"afterSession\",\"after\",\"onComplete\",\"beforeAssertion\",\"afterAssertion\",\"beforeFeature\",\"beforeScenario\",\"beforeStep\",\"afterStep\",\"afterScenario\",\"afterFeature\",\"_\",\"suite\",\"$0\",\"ignoredWorkerServices\",\"wdi5\"]"}]}
COMMAND: POST /session/76bbe7a963ba333ac6e3770165032c4a/execute/async - {"script":"<script> [21126 bytes]","args":[35000]}
RESULT: {"script":"<script> [21126 bytes]","args":[35000]}
]]></system-out>
    </testcase>
  </testsuite>
  <testsuite timestamp="2025-05-20T06:28:30" time="154.857" tests="6" failures="0" errors="0" skipped="0">
    <properties>
      <property name="specId" value="0" />
      <property name="suiteName" value="Return from Site w/ warehouse management w/ clarification US125588" />
      <property name="capabilities" value="chrome.136_0_7103_93.windows" />
      <property name="file" value="file:///D:/a/1/s/test/specs/HTR/return-from-site-w-warehouse-management-w-clarification.spec.js" />
    </properties>
    <testcase classname="chrome.136_0_7103_93.windows.Return_from_Site_w/_warehouse_management_w/_clarification_US125588" name="Should create a new WHM yard" time="0.017">
      <system-out><![CDATA[
COMMAND: POST /session/76bbe7a963ba333ac6e3770165032c4a/window/fullscreen - {}
RESULT: {}
]]></system-out>
    </testcase>
    <testcase classname="chrome.136_0_7103_93.windows.Return_from_Site_w/_warehouse_management_w/_clarification_US125588" name="Should create a new external WHM partner" time="0.004" />
    <testcase classname="chrome.136_0_7103_93.windows.Return_from_Site_w/_warehouse_management_w/_clarification_US125588" name="Should create a new WHM site" time="0.003" />
    <testcase classname="chrome.136_0_7103_93.windows.Return_from_Site_w/_warehouse_management_w/_clarification_US125588" name="Should create a new material" time="111.072">
      <system-out><![CDATA[
COMMAND: POST /session/76bbe7a963ba333ac6e3770165032c4a/execute/async - {"script":"<script> [1562 bytes]","args":[{"selector":{"controlType":"sap.m.GenericTile","properties":{"header":"Manage Resources"}},"wdio_ui5_key":"sapm.GenericTile{\"header\":\"Manage Resources\"}"}]}
RESULT: {"script":"<script> [1562 bytes]","args":[{"selector":{"controlType":"sap.m.GenericTile","properties":{"header":"Manage Resources"}},"wdio_ui5_key":"sapm.GenericTile{\"header\":\"Manage Resources\"}"}]}
RESULT: undefined
COMMAND: POST /session/76bbe7a963ba333ac6e3770165032c4a/element - {"using":"xpath","value":"//*[@id=\"__tile39\"]"}
RESULT: {"using":"xpath","value":"//*[@id=\"__tile39\"]"}
COMMAND: POST /session/76bbe7a963ba333ac6e3770165032c4a/element/f.37B6A3D8B8D5C040CDE4E4CEB4627624.d.2A16EA8A9A551F6044704EDEA8FE060C.e.19633/click - {}
RESULT: {}
COMMAND: GET /session/76bbe7a963ba333ac6e3770165032c4a/screenshot - {}
RESULT: {}
COMMAND: POST /session/76bbe7a963ba333ac6e3770165032c4a/elements - {"using":"xpath","value":"//span[text()='Error']"}
RESULT: {"using":"xpath","value":"//span[text()='Error']"}
COMMAND: POST /session/76bbe7a963ba333ac6e3770165032c4a/element - {"using":"xpath","value":"//button[@data-kt=\"addNewRUOverflowToolbarButton\"]"}
RESULT: {"using":"xpath","value":"//button[@data-kt=\"addNewRUOverflowToolbarButton\"]"}
COMMAND: POST /session/76bbe7a963ba333ac6e3770165032c4a/elements - {"using":"xpath","value":"//button[@data-kt=\"addNewRUOverflowToolbarButton\"]"}
RESULT: {"using":"xpath","value":"//button[@data-kt=\"addNewRUOverflowToolbarButton\"]"}
COMMAND: POST /session/76bbe7a963ba333ac6e3770165032c4a/elements - {"using":"xpath","value":"//button[@data-kt=\"addNewRUOverflowToolbarButton\"]"}
RESULT: {"using":"xpath","value":"//button[@data-kt=\"addNewRUOverflowToolbarButton\"]"}
COMMAND: POST /session/76bbe7a963ba333ac6e3770165032c4a/element - {"using":"xpath","value":"//button[@data-kt=\"addNewRUOverflowToolbarButton\"]"}
RESULT: {"using":"xpath","value":"//button[@data-kt=\"addNewRUOverflowToolbarButton\"]"}
COMMAND: POST /session/76bbe7a963ba333ac6e3770165032c4a/execute/sync - {"script":"<script> [8489 bytes]","args":[{"element-6066-11e4-a52e-4f735466cecf":"f.37B6A3D8B8D5C040CDE4E4CEB4627624.d.2A16EA8A9A551F6044704EDEA8FE060C.e.19772","ELEMENT":"f.37B6A3D8B8D5C040CDE4E4CEB4627624.d.2A16EA8A9A551F6044704EDEA8FE060C.e.19772"}]}
RESULT: {"script":"<script> [8489 bytes]","args":[{"element-6066-11e4-a52e-4f735466cecf":"f.37B6A3D8B8D5C040CDE4E4CEB4627624.d.2A16EA8A9A551F6044704EDEA8FE060C.e.19772","ELEMENT":"f.37B6A3D8B8D5C040CDE4E4CEB4627624.d.2A16EA8A9A551F6044704EDEA8FE060C.e.19772"}]}
COMMAND: GET /session/76bbe7a963ba333ac6e3770165032c4a/element/f.37B6A3D8B8D5C040CDE4E4CEB4627624.d.2A16EA8A9A551F6044704EDEA8FE060C.e.19772/enabled - {}
COMMAND: GET /session/76bbe7a963ba333ac6e3770165032c4a/screenshot - {}
RESULT: {}
COMMAND: POST /session/76bbe7a963ba333ac6e3770165032c4a/execute/sync - {"script":"<script> [8489 bytes]","args":[{"element-6066-11e4-a52e-4f735466cecf":"f.37B6A3D8B8D5C040CDE4E4CEB4627624.d.2A16EA8A9A551F6044704EDEA8FE060C.e.19772","ELEMENT":"f.37B6A3D8B8D5C040CDE4E4CEB4627624.d.2A16EA8A9A551F6044704EDEA8FE060C.e.19772"}]}
COMMAND: GET /session/76bbe7a963ba333ac6e3770165032c4a/screenshot - {}
RESULT: {}
RESULT: {"script":"<script> [8489 bytes]","args":[{"element-6066-11e4-a52e-4f735466cecf":"f.37B6A3D8B8D5C040CDE4E4CEB4627624.d.2A16EA8A9A551F6044704EDEA8FE060C.e.19772","ELEMENT":"f.37B6A3D8B8D5C040CDE4E4CEB4627624.d.2A16EA8A9A551F6044704EDEA8FE060C.e.19772"}]}
COMMAND: POST /session/76bbe7a963ba333ac6e3770165032c4a/execute/sync - {"script":"<script> [5351 bytes]","args":[{"element-6066-11e4-a52e-4f735466cecf":"f.37B6A3D8B8D5C040CDE4E4CEB4627624.d.2A16EA8A9A551F6044704EDEA8FE060C.e.19772","ELEMENT":"f.37B6A3D8B8D5C040CDE4E4CEB4627624.d.2A16EA8A9A551F6044704EDEA8FE060C.e.19772"}]}
COMMAND: GET /session/76bbe7a963ba333ac6e3770165032c4a/screenshot - {}
RESULT: {}
RESULT: {"script":"<script> [5351 bytes]","args":[{"element-6066-11e4-a52e-4f735466cecf":"f.37B6A3D8B8D5C040CDE4E4CEB4627624.d.2A16EA8A9A551F6044704EDEA8FE060C.e.19772","ELEMENT":"f.37B6A3D8B8D5C040CDE4E4CEB4627624.d.2A16EA8A9A551F6044704EDEA8FE060C.e.19772"}]}
COMMAND: POST /session/76bbe7a963ba333ac6e3770165032c4a/element/f.37B6A3D8B8D5C040CDE4E4CEB4627624.d.2A16EA8A9A551F6044704EDEA8FE060C.e.19772/click - {}
COMMAND: GET /session/76bbe7a963ba333ac6e3770165032c4a/screenshot - {}
RESULT: {}
RESULT: {}
COMMAND: GET /session/76bbe7a963ba333ac6e3770165032c4a/screenshot - {}
RESULT: {}
RESULT: {}
COMMAND: POST /session/76bbe7a963ba333ac6e3770165032c4a/execute/async - {"script":"<script> [1562 bytes]","args":[{"selector":{"id":"application-manageresources-display-component---newResourceUnit--TYPE-arrow"},"wdio_ui5_key":"applicationmanageresources-display-component---newResourceUnit--TYPE-arrow"}]}
RESULT: {"script":"<script> [1562 bytes]","args":[{"selector":{"id":"application-manageresources-display-component---newResourceUnit--TYPE-arrow"},"wdio_ui5_key":"applicationmanageresources-display-component---newResourceUnit--TYPE-arrow"}]}
RESULT: undefined
COMMAND: POST /session/76bbe7a963ba333ac6e3770165032c4a/element - {"using":"xpath","value":"//*[@id=\"application-manageresources-display-component---newResourceUnit--TYPE-arrow\"]"}
RESULT: {"using":"xpath","value":"//*[@id=\"application-manageresources-display-component---newResourceUnit--TYPE-arrow\"]"}
COMMAND: POST /session/76bbe7a963ba333ac6e3770165032c4a/element/f.37B6A3D8B8D5C040CDE4E4CEB4627624.d.2A16EA8A9A551F6044704EDEA8FE060C.e.20141/click - {}
RESULT: {}
COMMAND: POST /session/76bbe7a963ba333ac6e3770165032c4a/element - {"using":"xpath","value":"//input[@id=\"application-manageresources-display-component---newResourceUnit--TYPE-inner\"]"}
COMMAND: GET /session/76bbe7a963ba333ac6e3770165032c4a/screenshot - {}
RESULT: {"using":"xpath","value":"//input[@id=\"application-manageresources-display-component---newResourceUnit--TYPE-inner\"]"}
COMMAND: POST /session/76bbe7a963ba333ac6e3770165032c4a/element/f.37B6A3D8B8D5C040CDE4E4CEB4627624.d.2A16EA8A9A551F6044704EDEA8FE060C.e.20122/clear - {}
RESULT: {}
RESULT: {}
COMMAND: POST /session/76bbe7a963ba333ac6e3770165032c4a/element/f.37B6A3D8B8D5C040CDE4E4CEB4627624.d.2A16EA8A9A551F6044704EDEA8FE060C.e.20122/value - {"text":"Material"}
COMMAND: GET /session/76bbe7a963ba333ac6e3770165032c4a/screenshot - {}
RESULT: {"text":"Material"}
COMMAND: GET /session/76bbe7a963ba333ac6e3770165032c4a/screenshot - {}
RESULT: {}
RESULT: {}
COMMAND: POST /session/76bbe7a963ba333ac6e3770165032c4a/actions - {"actions":[{"id":"action63","type":"key","parameters":{},"actions":[{"type":"keyDown","value":"î€‡"},{"type":"pause","duration":10},{"type":"keyUp","value":"î€‡"}]}]}
RESULT: {"actions":[{"id":"action63","type":"key","parameters":{},"actions":[{"type":"keyDown","value":"î€‡"},{"type":"pause","duration":10},{"type":"keyUp","value":"î€‡"}]}]}
COMMAND: POST /session/76bbe7a963ba333ac6e3770165032c4a/execute/async - {"script":"<script> [1562 bytes]","args":[{"selector":{"id":"application-manageresources-display-component---newResourceUnit--SHORT_TEXT","interaction":{"idSuffix":"inner"}},"wdio_ui5_key":"applicationmanageresources-display-component---newResourceUnit--SHORT_TEXT"}]}
COMMAND: GET /session/76bbe7a963ba333ac6e3770165032c4a/screenshot - {}
RESULT: {"script":"<script> [1562 bytes]","args":[{"selector":{"id":"application-manageresources-display-component---newResourceUnit--SHORT_TEXT","interaction":{"idSuffix":"inner"}},"wdio_ui5_key":"applicationmanageresources-display-component---newResourceUnit--SHORT_TEXT"}]}
RESULT: undefined
COMMAND: POST /session/76bbe7a963ba333ac6e3770165032c4a/execute/async - {"script":"<script> [776 bytes]","args":[{"enterText":"Cement WDIO","selector":{"id":"application-manageresources-display-component---newResourceUnit--SHORT_TEXT","interaction":{"idSuffix":"inner"}},"clearTextFirst":true,"interactionType":"ENTER_TEXT"}]}
RESULT: {}
RESULT: {"script":"<script> [776 bytes]","args":[{"enterText":"Cement WDIO","selector":{"id":"application-manageresources-display-component---newResourceUnit--SHORT_TEXT","interaction":{"idSuffix":"inner"}},"clearTextFirst":true,"interactionType":"ENTER_TEXT"}]}
COMMAND: POST /session/76bbe7a963ba333ac6e3770165032c4a/execute/async - {"script":"<script> [1562 bytes]","args":[{"selector":{"id":"application-manageresources-display-component---newResourceUnit--BASE_UNIT_OF_MEASURE","interaction":{"idSuffix":"inner"}},"wdio_ui5_key":"applicationmanageresources-display-component---newResourceUnit--BASE_UNIT_OF_MEASURE"}]}
RESULT: {"script":"<script> [1562 bytes]","args":[{"selector":{"id":"application-manageresources-display-component---newResourceUnit--BASE_UNIT_OF_MEASURE","interaction":{"idSuffix":"inner"}},"wdio_ui5_key":"applicationmanageresources-display-component---newResourceUnit--BASE_UNIT_OF_MEASURE"}]}
RESULT: undefined
COMMAND: POST /session/76bbe7a963ba333ac6e3770165032c4a/execute/async - {"script":"<script> [776 bytes]","args":[{"enterText":"Piece","selector":{"id":"application-manageresources-display-component---newResourceUnit--BASE_UNIT_OF_MEASURE","interaction":{"idSuffix":"inner"}},"clearTextFirst":true,"interactionType":"ENTER_TEXT"}]}
RESULT: {"script":"<script> [776 bytes]","args":[{"enterText":"Piece","selector":{"id":"application-manageresources-display-component---newResourceUnit--BASE_UNIT_OF_MEASURE","interaction":{"idSuffix":"inner"}},"clearTextFirst":true,"interactionType":"ENTER_TEXT"}]}
COMMAND: POST /session/76bbe7a963ba333ac6e3770165032c4a/execute/async - {"script":"<script> [1562 bytes]","args":[{"selector":{"id":"application-manageresources-display-component---newResourceUnit--WEIGHT_UNIT","interaction":{"idSuffix":"inner"}},"wdio_ui5_key":"applicationmanageresources-display-component---newResourceUnit--WEIGHT_UNIT"}]}
RESULT: {"script":"<script> [1562 bytes]","args":[{"selector":{"id":"application-manageresources-display-component---newResourceUnit--WEIGHT_UNIT","interaction":{"idSuffix":"inner"}},"wdio_ui5_key":"applicationmanageresources-display-component---newResourceUnit--WEIGHT_UNIT"}]}
RESULT: undefined
COMMAND: POST /session/76bbe7a963ba333ac6e3770165032c4a/execute/async - {"script":"<script> [776 bytes]","args":[{"enterText":"Gram","selector":{"id":"application-manageresources-display-component---newResourceUnit--WEIGHT_UNIT","interaction":{"idSuffix":"inner"}},"clearTextFirst":true,"interactionType":"ENTER_TEXT"}]}
RESULT: {"script":"<script> [776 bytes]","args":[{"enterText":"Gram","selector":{"id":"application-manageresources-display-component---newResourceUnit--WEIGHT_UNIT","interaction":{"idSuffix":"inner"}},"clearTextFirst":true,"interactionType":"ENTER_TEXT"}]}
COMMAND: POST /session/76bbe7a963ba333ac6e3770165032c4a/execute/async - {"script":"<script> [1562 bytes]","args":[{"selector":{"id":"application-manageresources-display-component---newResourceUnit--DIMENSION_UNIT","interaction":{"idSuffix":"inner"}},"wdio_ui5_key":"applicationmanageresources-display-component---newResourceUnit--DIMENSION_UNIT"}]}
RESULT: {"script":"<script> [1562 bytes]","args":[{"selector":{"id":"application-manageresources-display-component---newResourceUnit--DIMENSION_UNIT","interaction":{"idSuffix":"inner"}},"wdio_ui5_key":"applicationmanageresources-display-component---newResourceUnit--DIMENSION_UNIT"}]}
RESULT: undefined
COMMAND: POST /session/76bbe7a963ba333ac6e3770165032c4a/execute/async - {"script":"<script> [776 bytes]","args":[{"enterText":"Meter","selector":{"id":"application-manageresources-display-component---newResourceUnit--DIMENSION_UNIT","interaction":{"idSuffix":"inner"}},"clearTextFirst":true,"interactionType":"ENTER_TEXT"}]}
RESULT: {"script":"<script> [776 bytes]","args":[{"enterText":"Meter","selector":{"id":"application-manageresources-display-component---newResourceUnit--DIMENSION_UNIT","interaction":{"idSuffix":"inner"}},"clearTextFirst":true,"interactionType":"ENTER_TEXT"}]}
COMMAND: POST /session/76bbe7a963ba333ac6e3770165032c4a/execute/async - {"script":"<script> [1562 bytes]","args":[{"selector":{"id":"application-manageresources-display-component---newResourceUnit--newRRUPage-anchBar-application-manageresources-display-component---newResourceUnit--control-anchor","interaction":{"idSuffix":"BDI-content"}},"wdio_ui5_key":"applicationmanageresources-display-component---newResourceUnit--newRRUPage-anchBar-application-manageresources-display-component---newResourceUnit--control-anchor"}]}
RESULT: {"script":"<script> [1562 bytes]","args":[{"selector":{"id":"application-manageresources-display-component---newResourceUnit--newRRUPage-anchBar-application-manageresources-display-component---newResourceUnit--control-anchor","interaction":{"idSuffix":"BDI-content"}},"wdio_ui5_key":"applicationmanageresources-display-component---newResourceUnit--newRRUPage-anchBar-application-manageresources-display-component---newResourceUnit--control-anchor"}]}
RESULT: undefined
COMMAND: POST /session/76bbe7a963ba333ac6e3770165032c4a/element - {"using":"xpath","value":"//*[@id=\"application-manageresources-display-component---newResourceUnit--newRRUPage-anchBar-application-manageresources-display-component---newResourceUnit--control-anchor\"]"}
RESULT: {"using":"xpath","value":"//*[@id=\"application-manageresources-display-component---newResourceUnit--newRRUPage-anchBar-application-manageresources-display-component---newResourceUnit--control-anchor\"]"}
COMMAND: POST /session/76bbe7a963ba333ac6e3770165032c4a/element/f.37B6A3D8B8D5C040CDE4E4CEB4627624.d.2A16EA8A9A551F6044704EDEA8FE060C.e.20207/click - {}
RESULT: {}
COMMAND: POST /session/76bbe7a963ba333ac6e3770165032c4a/execute/async - {"script":"<script> [1562 bytes]","args":[{"selector":{"id":"application-manageresources-display-component---newResourceUnit--PLANNING_GROUP","interaction":{"idSuffix":"inner"}},"wdio_ui5_key":"applicationmanageresources-display-component---newResourceUnit--PLANNING_GROUP"}]}
COMMAND: GET /session/76bbe7a963ba333ac6e3770165032c4a/screenshot - {}
RESULT: {"script":"<script> [1562 bytes]","args":[{"selector":{"id":"application-manageresources-display-component---newResourceUnit--PLANNING_GROUP","interaction":{"idSuffix":"inner"}},"wdio_ui5_key":"applicationmanageresources-display-component---newResourceUnit--PLANNING_GROUP"}]}
RESULT: undefined
COMMAND: POST /session/76bbe7a963ba333ac6e3770165032c4a/execute/async - {"script":"<script> [776 bytes]","args":[{"enterText":"Material","selector":{"id":"application-manageresources-display-component---newResourceUnit--PLANNING_GROUP","interaction":{"idSuffix":"inner"}},"clearTextFirst":true,"interactionType":"ENTER_TEXT"}]}
RESULT: {}
RESULT: {"script":"<script> [776 bytes]","args":[{"enterText":"Material","selector":{"id":"application-manageresources-display-component---newResourceUnit--PLANNING_GROUP","interaction":{"idSuffix":"inner"}},"clearTextFirst":true,"interactionType":"ENTER_TEXT"}]}
COMMAND: POST /session/76bbe7a963ba333ac6e3770165032c4a/execute/async - {"script":"<script> [1562 bytes]","args":[{"selector":{"id":"application-manageresources-display-component---newResourceUnit--PLANNING_INDICATOR","interaction":{"idSuffix":"inner"}},"wdio_ui5_key":"applicationmanageresources-display-component---newResourceUnit--PLANNING_INDICATOR"}]}
RESULT: {"script":"<script> [1562 bytes]","args":[{"selector":{"id":"application-manageresources-display-component---newResourceUnit--PLANNING_INDICATOR","interaction":{"idSuffix":"inner"}},"wdio_ui5_key":"applicationmanageresources-display-component---newResourceUnit--PLANNING_INDICATOR"}]}
RESULT: undefined
COMMAND: POST /session/76bbe7a963ba333ac6e3770165032c4a/execute/async - {"script":"<script> [776 bytes]","args":[{"enterText":"10 - infinite","selector":{"id":"application-manageresources-display-component---newResourceUnit--PLANNING_INDICATOR","interaction":{"idSuffix":"inner"}},"clearTextFirst":true,"interactionType":"ENTER_TEXT"}]}
RESULT: {"script":"<script> [776 bytes]","args":[{"enterText":"10 - infinite","selector":{"id":"application-manageresources-display-component---newResourceUnit--PLANNING_INDICATOR","interaction":{"idSuffix":"inner"}},"clearTextFirst":true,"interactionType":"ENTER_TEXT"}]}
COMMAND: POST /session/76bbe7a963ba333ac6e3770165032c4a/element - {"using":"css selector","value":"#application-manageresources-display-component---newResourceUnit--btnAddTimeSegment"}
RESULT: {"using":"css selector","value":"#application-manageresources-display-component---newResourceUnit--btnAddTimeSegment"}
COMMAND: GET /session/76bbe7a963ba333ac6e3770165032c4a/element/f.37B6A3D8B8D5C040CDE4E4CEB4627624.d.2A16EA8A9A551F6044704EDEA8FE060C.e.20215/rect - {}
RESULT: {}
COMMAND: GET /session/76bbe7a963ba333ac6e3770165032c4a/window/rect - {}
RESULT: {}
COMMAND: POST /session/76bbe7a963ba333ac6e3770165032c4a/execute/sync - {"script":"<script> [92 bytes]","args":[]}
RESULT: {"script":"<script> [92 bytes]","args":[]}
COMMAND: POST /session/76bbe7a963ba333ac6e3770165032c4a/actions - {"actions":[{"id":"action64","type":"wheel","parameters":{},"actions":[{"type":"scroll","x":-1888,"y":-32,"deltaX":0,"deltaY":0,"duration":0,"origin":{"element-6066-11e4-a52e-4f735466cecf":"f.37B6A3D8B8D5C040CDE4E4CEB4627624.d.2A16EA8A9A551F6044704EDEA8FE060C.e.20215"}}]}]}
COMMAND: GET /session/76bbe7a963ba333ac6e3770165032c4a/screenshot - {}
RESULT: {}
COMMAND: POST /session/76bbe7a963ba333ac6e3770165032c4a/execute/sync - {"script":"<script> [79 bytes]","args":[{"element-6066-11e4-a52e-4f735466cecf":"f.37B6A3D8B8D5C040CDE4E4CEB4627624.d.2A16EA8A9A551F6044704EDEA8FE060C.e.20215","ELEMENT":"f.37B6A3D8B8D5C040CDE4E4CEB4627624.d.2A16EA8A9A551F6044704EDEA8FE060C.e.20215"},{"block":"start","inline":"nearest"}]}
RESULT: {"script":"<script> [79 bytes]","args":[{"element-6066-11e4-a52e-4f735466cecf":"f.37B6A3D8B8D5C040CDE4E4CEB4627624.d.2A16EA8A9A551F6044704EDEA8FE060C.e.20215","ELEMENT":"f.37B6A3D8B8D5C040CDE4E4CEB4627624.d.2A16EA8A9A551F6044704EDEA8FE060C.e.20215"},{"block":"start","inline":"nearest"}]}
COMMAND: POST /session/76bbe7a963ba333ac6e3770165032c4a/execute/async - {"script":"<script> [1562 bytes]","args":[{"selector":{"id":"application-manageresources-display-component---newResourceUnit--btnAddTimeSegment","interaction":{"idSuffix":"inner"}},"wdio_ui5_key":"applicationmanageresources-display-component---newResourceUnit--btnAddTimeSegment"}]}
COMMAND: GET /session/76bbe7a963ba333ac6e3770165032c4a/screenshot - {}
RESULT: {"script":"<script> [1562 bytes]","args":[{"selector":{"id":"application-manageresources-display-component---newResourceUnit--btnAddTimeSegment","interaction":{"idSuffix":"inner"}},"wdio_ui5_key":"applicationmanageresources-display-component---newResourceUnit--btnAddTimeSegment"}]}
RESULT: undefined
COMMAND: POST /session/76bbe7a963ba333ac6e3770165032c4a/element - {"using":"xpath","value":"//*[@id=\"application-manageresources-display-component---newResourceUnit--btnAddTimeSegment\"]"}
RESULT: {}
RESULT: {"using":"xpath","value":"//*[@id=\"application-manageresources-display-component---newResourceUnit--btnAddTimeSegment\"]"}
COMMAND: POST /session/76bbe7a963ba333ac6e3770165032c4a/element/f.37B6A3D8B8D5C040CDE4E4CEB4627624.d.2A16EA8A9A551F6044704EDEA8FE060C.e.20215/click - {}
RESULT: {}
COMMAND: GET /session/76bbe7a963ba333ac6e3770165032c4a/screenshot - {}
RESULT: {}
COMMAND: POST /session/76bbe7a963ba333ac6e3770165032c4a/element - {"using":"xpath","value":"//input[@id=\"application-manageresources-display-component---newResourceUnit--idRuTSAdmin-application-manageresources-display-component---newResourceUnit--RUTimeSegment-0-inner\"]"}
RESULT: {"using":"xpath","value":"//input[@id=\"application-manageresources-display-component---newResourceUnit--idRuTSAdmin-application-manageresources-display-component---newResourceUnit--RUTimeSegment-0-inner\"]"}
COMMAND: POST /session/76bbe7a963ba333ac6e3770165032c4a/element/f.37B6A3D8B8D5C040CDE4E4CEB4627624.d.2A16EA8A9A551F6044704EDEA8FE060C.e.20220/clear - {}
RESULT: {}
COMMAND: POST /session/76bbe7a963ba333ac6e3770165032c4a/element/f.37B6A3D8B8D5C040CDE4E4CEB4627624.d.2A16EA8A9A551F6044704EDEA8FE060C.e.20220/value - {"text":"574"}
COMMAND: GET /session/76bbe7a963ba333ac6e3770165032c4a/screenshot - {}
RESULT: {"text":"574"}
COMMAND: GET /session/76bbe7a963ba333ac6e3770165032c4a/screenshot - {}
RESULT: {}
RESULT: {}
COMMAND: POST /session/76bbe7a963ba333ac6e3770165032c4a/element - {"using":"xpath","value":"//li[.//span[text()='574']]"}
RESULT: {"using":"xpath","value":"//li[.//span[text()='574']]"}
COMMAND: POST /session/76bbe7a963ba333ac6e3770165032c4a/element/f.37B6A3D8B8D5C040CDE4E4CEB4627624.d.2A16EA8A9A551F6044704EDEA8FE060C.e.20229/click - {}
RESULT: {}
COMMAND: GET /session/76bbe7a963ba333ac6e3770165032c4a/screenshot - {}
RESULT: {}
COMMAND: POST /session/76bbe7a963ba333ac6e3770165032c4a/element - {"using":"xpath","value":"(//span[contains(@id, \"-application-manageresources-display-component---newResourceUnit--RUTimeSegment-0-arrow\")])[2]"}
RESULT: {"using":"xpath","value":"(//span[contains(@id, \"-application-manageresources-display-component---newResourceUnit--RUTimeSegment-0-arrow\")])[2]"}
COMMAND: POST /session/76bbe7a963ba333ac6e3770165032c4a/element/f.37B6A3D8B8D5C040CDE4E4CEB4627624.d.2A16EA8A9A551F6044704EDEA8FE060C.e.20230/click - {}
RESULT: {}
COMMAND: POST /session/76bbe7a963ba333ac6e3770165032c4a/element - {"using":"xpath","value":"//span[contains(text(), \"PM Order\")]"}
COMMAND: GET /session/76bbe7a963ba333ac6e3770165032c4a/screenshot - {}
RESULT: {"using":"xpath","value":"//span[contains(text(), \"PM Order\")]"}
COMMAND: POST /session/76bbe7a963ba333ac6e3770165032c4a/element/f.37B6A3D8B8D5C040CDE4E4CEB4627624.d.2A16EA8A9A551F6044704EDEA8FE060C.e.20231/click - {}
RESULT: {}
RESULT: {}
COMMAND: GET /session/76bbe7a963ba333ac6e3770165032c4a/screenshot - {}
RESULT: {}
COMMAND: POST /session/76bbe7a963ba333ac6e3770165032c4a/element - {"using":"xpath","value":"//td/div/div/div/span[contains(@id, \"newResourceUnit--RUTimeSegment-0-vhi\")][1]"}
RESULT: {"using":"xpath","value":"//td/div/div/div/span[contains(@id, \"newResourceUnit--RUTimeSegment-0-vhi\")][1]"}
COMMAND: GET /session/76bbe7a963ba333ac6e3770165032c4a/element/f.37B6A3D8B8D5C040CDE4E4CEB4627624.d.2A16EA8A9A551F6044704EDEA8FE060C.e.20235/rect - {}
RESULT: {}
COMMAND: GET /session/76bbe7a963ba333ac6e3770165032c4a/window/rect - {}
RESULT: {}
COMMAND: POST /session/76bbe7a963ba333ac6e3770165032c4a/execute/sync - {"script":"<script> [92 bytes]","args":[]}
RESULT: {"script":"<script> [92 bytes]","args":[]}
COMMAND: POST /session/76bbe7a963ba333ac6e3770165032c4a/actions - {"actions":[{"id":"action65","type":"wheel","parameters":{},"actions":[{"type":"scroll","x":-1888,"y":-24,"deltaX":0,"deltaY":0,"duration":0,"origin":{"element-6066-11e4-a52e-4f735466cecf":"f.37B6A3D8B8D5C040CDE4E4CEB4627624.d.2A16EA8A9A551F6044704EDEA8FE060C.e.20235"}}]}]}
COMMAND: GET /session/76bbe7a963ba333ac6e3770165032c4a/screenshot - {}
RESULT: {}
COMMAND: POST /session/76bbe7a963ba333ac6e3770165032c4a/execute/sync - {"script":"<script> [79 bytes]","args":[{"element-6066-11e4-a52e-4f735466cecf":"f.37B6A3D8B8D5C040CDE4E4CEB4627624.d.2A16EA8A9A551F6044704EDEA8FE060C.e.20235","ELEMENT":"f.37B6A3D8B8D5C040CDE4E4CEB4627624.d.2A16EA8A9A551F6044704EDEA8FE060C.e.20235"},{"block":"start","inline":"nearest"}]}
RESULT: {"script":"<script> [79 bytes]","args":[{"element-6066-11e4-a52e-4f735466cecf":"f.37B6A3D8B8D5C040CDE4E4CEB4627624.d.2A16EA8A9A551F6044704EDEA8FE060C.e.20235","ELEMENT":"f.37B6A3D8B8D5C040CDE4E4CEB4627624.d.2A16EA8A9A551F6044704EDEA8FE060C.e.20235"},{"block":"start","inline":"nearest"}]}
COMMAND: GET /session/76bbe7a963ba333ac6e3770165032c4a/screenshot - {}
RESULT: {}
COMMAND: POST /session/76bbe7a963ba333ac6e3770165032c4a/element/f.37B6A3D8B8D5C040CDE4E4CEB4627624.d.2A16EA8A9A551F6044704EDEA8FE060C.e.20235/click - {}
RESULT: {}
COMMAND: GET /session/76bbe7a963ba333ac6e3770165032c4a/screenshot - {}
RESULT: {}
COMMAND: POST /session/76bbe7a963ba333ac6e3770165032c4a/execute/async - {"script":"<script> [1562 bytes]","args":[{"selector":{"controlType":"sap.m.SearchField","properties":{"placeholder":"Search"},"searchOpenDialogs":true,"interaction":{"idSuffix":"I"}},"wdio_ui5_key":"sapm.SearchField{\"placeholder\":\"Search\"}"}]}
RESULT: {"script":"<script> [1562 bytes]","args":[{"selector":{"controlType":"sap.m.SearchField","properties":{"placeholder":"Search"},"searchOpenDialogs":true,"interaction":{"idSuffix":"I"}},"wdio_ui5_key":"sapm.SearchField{\"placeholder\":\"Search\"}"}]}
RESULT: undefined
COMMAND: POST /session/76bbe7a963ba333ac6e3770165032c4a/execute/async - {"script":"<script> [776 bytes]","args":[{"enterText":"4000360","selector":{"controlType":"sap.m.SearchField","properties":{"placeholder":"Search"},"searchOpenDialogs":true,"interaction":{"idSuffix":"I"}},"clearTextFirst":true,"interactionType":"ENTER_TEXT"}]}
RESULT: {"script":"<script> [776 bytes]","args":[{"enterText":"4000360","selector":{"controlType":"sap.m.SearchField","properties":{"placeholder":"Search"},"searchOpenDialogs":true,"interaction":{"idSuffix":"I"}},"clearTextFirst":true,"interactionType":"ENTER_TEXT"}]}
COMMAND: POST /session/76bbe7a963ba333ac6e3770165032c4a/actions - {"actions":[{"id":"action66","type":"key","parameters":{},"actions":[{"type":"keyDown","value":"î€‡"},{"type":"pause","duration":10},{"type":"keyUp","value":"î€‡"}]}]}
RESULT: {"actions":[{"id":"action66","type":"key","parameters":{},"actions":[{"type":"keyDown","value":"î€‡"},{"type":"pause","duration":10},{"type":"keyUp","value":"î€‡"}]}]}
COMMAND: GET /session/76bbe7a963ba333ac6e3770165032c4a/screenshot - {}
RESULT: {}
COMMAND: POST /session/76bbe7a963ba333ac6e3770165032c4a/element - {"using":"xpath","value":"//td/div/span[contains(text(), \"BGL Vehicles\")]"}
RESULT: {"using":"xpath","value":"//td/div/span[contains(text(), \"BGL Vehicles\")]"}
COMMAND: POST /session/76bbe7a963ba333ac6e3770165032c4a/element/f.37B6A3D8B8D5C040CDE4E4CEB4627624.d.2A16EA8A9A551F6044704EDEA8FE060C.e.20257/click - {}
RESULT: {}
COMMAND: GET /session/76bbe7a963ba333ac6e3770165032c4a/screenshot - {}
RESULT: {}
COMMAND: POST /session/76bbe7a963ba333ac6e3770165032c4a/element - {"using":"xpath","value":"//bdi[contains(text(), \"OK\")]"}
RESULT: {"using":"xpath","value":"//bdi[contains(text(), \"OK\")]"}
COMMAND: POST /session/76bbe7a963ba333ac6e3770165032c4a/element/f.37B6A3D8B8D5C040CDE4E4CEB4627624.d.2A16EA8A9A551F6044704EDEA8FE060C.e.20258/click - {}
RESULT: {}
COMMAND: GET /session/76bbe7a963ba333ac6e3770165032c4a/screenshot - {}
RESULT: {}
COMMAND: POST /session/76bbe7a963ba333ac6e3770165032c4a/element - {"using":"xpath","value":"//label[contains(@class, 'sapMLabelRequired') and .//bdi[contains(text(), 'Planned Retirement')]]"}
RESULT: {"using":"xpath","value":"//label[contains(@class, 'sapMLabelRequired') and .//bdi[contains(text(), 'Planned Retirement')]]"}
COMMAND: POST /session/76bbe7a963ba333ac6e3770165032c4a/elements - {"using":"xpath","value":"//label[contains(@class, 'sapMLabelRequired') and .//bdi[contains(text(), 'Planned Retirement')]]"}
RESULT: {"using":"xpath","value":"//label[contains(@class, 'sapMLabelRequired') and .//bdi[contains(text(), 'Planned Retirement')]]"}
COMMAND: POST /session/76bbe7a963ba333ac6e3770165032c4a/element - {"using":"xpath","value":"//button[@data-kt=\"resourceUnitSaveButton\"]"}
RESULT: {"using":"xpath","value":"//button[@data-kt=\"resourceUnitSaveButton\"]"}
COMMAND: POST /session/76bbe7a963ba333ac6e3770165032c4a/element/f.37B6A3D8B8D5C040CDE4E4CEB4627624.d.2A16EA8A9A551F6044704EDEA8FE060C.e.20159/click - {}
RESULT: {}
COMMAND: GET /session/76bbe7a963ba333ac6e3770165032c4a/screenshot - {}
RESULT: {}
COMMAND: POST /session/76bbe7a963ba333ac6e3770165032c4a/element - {"using":"xpath","value":"//bdi[contains(text(), \"Close\")]"}
RESULT: {"using":"xpath","value":"//bdi[contains(text(), \"Close\")]"}
COMMAND: POST /session/76bbe7a963ba333ac6e3770165032c4a/element/f.37B6A3D8B8D5C040CDE4E4CEB4627624.d.2A16EA8A9A551F6044704EDEA8FE060C.e.20265/click - {}
RESULT: {}
COMMAND: GET /session/76bbe7a963ba333ac6e3770165032c4a/screenshot - {}
RESULT: {}
COMMAND: POST /session/76bbe7a963ba333ac6e3770165032c4a/element - {"using":"xpath","value":"//header[contains(@id, 'detailRruPage-headerTitle')]/div[1]/div[2]/div[2]/span[1]"}
RESULT: {"using":"xpath","value":"//header[contains(@id, 'detailRruPage-headerTitle')]/div[1]/div[2]/div[2]/span[1]"}
COMMAND: POST /session/76bbe7a963ba333ac6e3770165032c4a/elements - {"using":"xpath","value":"//header[contains(@id, 'detailRruPage-headerTitle')]/div[1]/div[2]/div[2]/span[1]"}
RESULT: {"using":"xpath","value":"//header[contains(@id, 'detailRruPage-headerTitle')]/div[1]/div[2]/div[2]/span[1]"}
COMMAND: POST /session/76bbe7a963ba333ac6e3770165032c4a/execute/sync - {"script":"<script> [56 bytes]","args":[{"element-6066-11e4-a52e-4f735466cecf":"f.37B6A3D8B8D5C040CDE4E4CEB4627624.d.2A16EA8A9A551F6044704EDEA8FE060C.e.20294","ELEMENT":"f.37B6A3D8B8D5C040CDE4E4CEB4627624.d.2A16EA8A9A551F6044704EDEA8FE060C.e.20294"}]}
RESULT: {"script":"<script> [56 bytes]","args":[{"element-6066-11e4-a52e-4f735466cecf":"f.37B6A3D8B8D5C040CDE4E4CEB4627624.d.2A16EA8A9A551F6044704EDEA8FE060C.e.20294","ELEMENT":"f.37B6A3D8B8D5C040CDE4E4CEB4627624.d.2A16EA8A9A551F6044704EDEA8FE060C.e.20294"}]}
COMMAND: POST /session/76bbe7a963ba333ac6e3770165032c4a/element - {"using":"css selector","value":"#shell-header-logo"}
COMMAND: GET /session/76bbe7a963ba333ac6e3770165032c4a/screenshot - {}
RESULT: {"using":"css selector","value":"#shell-header-logo"}
COMMAND: POST /session/76bbe7a963ba333ac6e3770165032c4a/element/f.37B6A3D8B8D5C040CDE4E4CEB4627624.d.2A16EA8A9A551F6044704EDEA8FE060C.e.19742/click - {}
RESULT: {}
RESULT: {}
COMMAND: GET /session/76bbe7a963ba333ac6e3770165032c4a/screenshot - {}
RESULT: {}
]]></system-out>
    </testcase>
    <testcase classname="chrome.136_0_7103_93.windows.Return_from_Site_w/_warehouse_management_w/_clarification_US125588" name="Bin Status Report Should Create New Organization yard" time="0.004" />
    <testcase classname="chrome.136_0_7103_93.windows.Return_from_Site_w/_warehouse_management_w/_clarification_US125588" name="Bin Status Report Should Create New Organization for Site" time="0.004" />
  </testsuite>
  <testsuite timestamp="2025-05-20T06:31:05" time="452.753" tests="7" failures="1" errors="1" skipped="0">
    <properties>
      <property name="specId" value="0" />
      <property name="suiteName" value="Return from Site w/ warehouse management w clarification" />
      <property name="capabilities" value="chrome.136_0_7103_93.windows" />
      <property name="file" value="file:///D:/a/1/s/test/specs/HTR/return-from-site-w-warehouse-management-w-clarification.spec.js" />
    </properties>
    <testcase classname="chrome.136_0_7103_93.windows.Return_from_Site_w/_warehouse_management_w_clarification" name="Should do a stock increase handover" time="86.978">
      <system-out><![CDATA[
COMMAND: POST /session/76bbe7a963ba333ac6e3770165032c4a/execute/async - {"script":"<script> [1562 bytes]","args":[{"selector":{"controlType":"sap.m.GenericTile","properties":{"header":"Manage Handovers"}},"wdio_ui5_key":"sapm.GenericTile{\"header\":\"Manage Handovers\"}"}]}
RESULT: {"script":"<script> [1562 bytes]","args":[{"selector":{"controlType":"sap.m.GenericTile","properties":{"header":"Manage Handovers"}},"wdio_ui5_key":"sapm.GenericTile{\"header\":\"Manage Handovers\"}"}]}
RESULT: undefined
COMMAND: POST /session/76bbe7a963ba333ac6e3770165032c4a/element - {"using":"xpath","value":"//*[@id=\"__tile132\"]"}
RESULT: {"using":"xpath","value":"//*[@id=\"__tile132\"]"}
COMMAND: POST /session/76bbe7a963ba333ac6e3770165032c4a/element/f.37B6A3D8B8D5C040CDE4E4CEB4627624.d.2A16EA8A9A551F6044704EDEA8FE060C.e.19718/click - {}
RESULT: {}
COMMAND: GET /session/76bbe7a963ba333ac6e3770165032c4a/screenshot - {}
RESULT: {}
COMMAND: POST /session/76bbe7a963ba333ac6e3770165032c4a/elements - {"using":"xpath","value":"//span[text()='Error']"}
RESULT: {"using":"xpath","value":"//span[text()='Error']"}
COMMAND: POST /session/76bbe7a963ba333ac6e3770165032c4a/element - {"using":"xpath","value":"//button[@data-kt=\"masterHOAddButton\"]"}
RESULT: {"using":"xpath","value":"//button[@data-kt=\"masterHOAddButton\"]"}
COMMAND: POST /session/76bbe7a963ba333ac6e3770165032c4a/elements - {"using":"xpath","value":"//button[@data-kt=\"masterHOAddButton\"]"}
RESULT: {"using":"xpath","value":"//button[@data-kt=\"masterHOAddButton\"]"}
COMMAND: POST /session/76bbe7a963ba333ac6e3770165032c4a/elements - {"using":"xpath","value":"//button[@data-kt=\"masterHOAddButton\"]"}
RESULT: {"using":"xpath","value":"//button[@data-kt=\"masterHOAddButton\"]"}
COMMAND: POST /session/76bbe7a963ba333ac6e3770165032c4a/element - {"using":"xpath","value":"//button[@data-kt=\"masterHOAddButton\"]"}
RESULT: {"using":"xpath","value":"//button[@data-kt=\"masterHOAddButton\"]"}
COMMAND: POST /session/76bbe7a963ba333ac6e3770165032c4a/execute/sync - {"script":"<script> [8489 bytes]","args":[{"element-6066-11e4-a52e-4f735466cecf":"f.37B6A3D8B8D5C040CDE4E4CEB4627624.d.2A16EA8A9A551F6044704EDEA8FE060C.e.20331","ELEMENT":"f.37B6A3D8B8D5C040CDE4E4CEB4627624.d.2A16EA8A9A551F6044704EDEA8FE060C.e.20331"}]}
RESULT: {"script":"<script> [8489 bytes]","args":[{"element-6066-11e4-a52e-4f735466cecf":"f.37B6A3D8B8D5C040CDE4E4CEB4627624.d.2A16EA8A9A551F6044704EDEA8FE060C.e.20331","ELEMENT":"f.37B6A3D8B8D5C040CDE4E4CEB4627624.d.2A16EA8A9A551F6044704EDEA8FE060C.e.20331"}]}
COMMAND: GET /session/76bbe7a963ba333ac6e3770165032c4a/element/f.37B6A3D8B8D5C040CDE4E4CEB4627624.d.2A16EA8A9A551F6044704EDEA8FE060C.e.20331/enabled - {}
COMMAND: GET /session/76bbe7a963ba333ac6e3770165032c4a/screenshot - {}
RESULT: {}
COMMAND: POST /session/76bbe7a963ba333ac6e3770165032c4a/execute/sync - {"script":"<script> [8489 bytes]","args":[{"element-6066-11e4-a52e-4f735466cecf":"f.37B6A3D8B8D5C040CDE4E4CEB4627624.d.2A16EA8A9A551F6044704EDEA8FE060C.e.20331","ELEMENT":"f.37B6A3D8B8D5C040CDE4E4CEB4627624.d.2A16EA8A9A551F6044704EDEA8FE060C.e.20331"}]}
COMMAND: GET /session/76bbe7a963ba333ac6e3770165032c4a/screenshot - {}
RESULT: {}
RESULT: {"script":"<script> [8489 bytes]","args":[{"element-6066-11e4-a52e-4f735466cecf":"f.37B6A3D8B8D5C040CDE4E4CEB4627624.d.2A16EA8A9A551F6044704EDEA8FE060C.e.20331","ELEMENT":"f.37B6A3D8B8D5C040CDE4E4CEB4627624.d.2A16EA8A9A551F6044704EDEA8FE060C.e.20331"}]}
COMMAND: POST /session/76bbe7a963ba333ac6e3770165032c4a/execute/sync - {"script":"<script> [5351 bytes]","args":[{"element-6066-11e4-a52e-4f735466cecf":"f.37B6A3D8B8D5C040CDE4E4CEB4627624.d.2A16EA8A9A551F6044704EDEA8FE060C.e.20331","ELEMENT":"f.37B6A3D8B8D5C040CDE4E4CEB4627624.d.2A16EA8A9A551F6044704EDEA8FE060C.e.20331"}]}
COMMAND: GET /session/76bbe7a963ba333ac6e3770165032c4a/screenshot - {}
RESULT: {}
RESULT: {"script":"<script> [5351 bytes]","args":[{"element-6066-11e4-a52e-4f735466cecf":"f.37B6A3D8B8D5C040CDE4E4CEB4627624.d.2A16EA8A9A551F6044704EDEA8FE060C.e.20331","ELEMENT":"f.37B6A3D8B8D5C040CDE4E4CEB4627624.d.2A16EA8A9A551F6044704EDEA8FE060C.e.20331"}]}
COMMAND: POST /session/76bbe7a963ba333ac6e3770165032c4a/element/f.37B6A3D8B8D5C040CDE4E4CEB4627624.d.2A16EA8A9A551F6044704EDEA8FE060C.e.20331/click - {}
COMMAND: GET /session/76bbe7a963ba333ac6e3770165032c4a/screenshot - {}
RESULT: {}
RESULT: {}
COMMAND: GET /session/76bbe7a963ba333ac6e3770165032c4a/screenshot - {}
RESULT: {}
RESULT: {}
COMMAND: POST /session/76bbe7a963ba333ac6e3770165032c4a/element - {"using":"xpath","value":"//span[contains(@id ,\"AddNewHO--typeSelect-arrow\")]"}
RESULT: {"using":"xpath","value":"//span[contains(@id ,\"AddNewHO--typeSelect-arrow\")]"}
COMMAND: POST /session/76bbe7a963ba333ac6e3770165032c4a/element/f.37B6A3D8B8D5C040CDE4E4CEB4627624.d.2A16EA8A9A551F6044704EDEA8FE060C.e.20696/click - {}
RESULT: {}
COMMAND: GET /session/76bbe7a963ba333ac6e3770165032c4a/screenshot - {}
RESULT: {}
COMMAND: POST /session/76bbe7a963ba333ac6e3770165032c4a/element - {"using":"xpath","value":"(//li[contains(text(), \"stock increase yard\")])[1]"}
RESULT: {"using":"xpath","value":"(//li[contains(text(), \"stock increase yard\")])[1]"}
COMMAND: POST /session/76bbe7a963ba333ac6e3770165032c4a/element/f.37B6A3D8B8D5C040CDE4E4CEB4627624.d.2A16EA8A9A551F6044704EDEA8FE060C.e.20697/click - {}
RESULT: {}
COMMAND: GET /session/76bbe7a963ba333ac6e3770165032c4a/screenshot - {}
RESULT: {}
COMMAND: POST /session/76bbe7a963ba333ac6e3770165032c4a/execute/async - {"script":"<script> [1562 bytes]","args":[{"selector":{"id":"application-managehandovers-display-component---AddNewHO--dueDate","interaction":{"idSuffix":"inner"}},"wdio_ui5_key":"applicationmanagehandovers-display-component---AddNewHO--dueDate"}]}
RESULT: {"script":"<script> [1562 bytes]","args":[{"selector":{"id":"application-managehandovers-display-component---AddNewHO--dueDate","interaction":{"idSuffix":"inner"}},"wdio_ui5_key":"applicationmanagehandovers-display-component---AddNewHO--dueDate"}]}
RESULT: undefined
COMMAND: POST /session/76bbe7a963ba333ac6e3770165032c4a/execute/async - {"script":"<script> [6424 bytes]","args":[{"element-6066-11e4-a52e-4f735466cecf":"f.37B6A3D8B8D5C040CDE4E4CEB4627624.d.2A16EA8A9A551F6044704EDEA8FE060C.e.20699"},"setValue",["5/20/25"]]}
RESULT: {"script":"<script> [6424 bytes]","args":[{"element-6066-11e4-a52e-4f735466cecf":"f.37B6A3D8B8D5C040CDE4E4CEB4627624.d.2A16EA8A9A551F6044704EDEA8FE060C.e.20699"},"setValue",["5/20/25"]]}
COMMAND: POST /session/76bbe7a963ba333ac6e3770165032c4a/element - {"using":"xpath","value":"//input[@id=\"generalSectionFrg--receiveYard-inner\"]"}
RESULT: {"using":"xpath","value":"//input[@id=\"generalSectionFrg--receiveYard-inner\"]"}
COMMAND: POST /session/76bbe7a963ba333ac6e3770165032c4a/element/f.37B6A3D8B8D5C040CDE4E4CEB4627624.d.2A16EA8A9A551F6044704EDEA8FE060C.e.20703/clear - {}
RESULT: {}
COMMAND: POST /session/76bbe7a963ba333ac6e3770165032c4a/element/f.37B6A3D8B8D5C040CDE4E4CEB4627624.d.2A16EA8A9A551F6044704EDEA8FE060C.e.20703/value - {"text":"574"}
COMMAND: GET /session/76bbe7a963ba333ac6e3770165032c4a/screenshot - {}
RESULT: {"text":"574"}
COMMAND: GET /session/76bbe7a963ba333ac6e3770165032c4a/screenshot - {}
RESULT: {}
RESULT: {}
COMMAND: POST /session/76bbe7a963ba333ac6e3770165032c4a/element - {"using":"xpath","value":"//li[.//span[text()='574']]"}
RESULT: {"using":"xpath","value":"//li[.//span[text()='574']]"}
COMMAND: POST /session/76bbe7a963ba333ac6e3770165032c4a/element/f.37B6A3D8B8D5C040CDE4E4CEB4627624.d.2A16EA8A9A551F6044704EDEA8FE060C.e.20720/click - {}
RESULT: {}
COMMAND: GET /session/76bbe7a963ba333ac6e3770165032c4a/screenshot - {}
RESULT: {}
COMMAND: POST /session/76bbe7a963ba333ac6e3770165032c4a/execute/async - {"script":"<script> [1562 bytes]","args":[{"selector":{"id":"application-managehandovers-display-component---AddNewHO--ObjectPageLayout-anchBar-application-managehandovers-display-component---AddNewHO--section4-anchor","interaction":{"idSuffix":"BDI-content"}},"wdio_ui5_key":"applicationmanagehandovers-display-component---AddNewHO--ObjectPageLayout-anchBar-application-managehandovers-display-component---AddNewHO--section4-anchor"}]}
RESULT: {"script":"<script> [1562 bytes]","args":[{"selector":{"id":"application-managehandovers-display-component---AddNewHO--ObjectPageLayout-anchBar-application-managehandovers-display-component---AddNewHO--section4-anchor","interaction":{"idSuffix":"BDI-content"}},"wdio_ui5_key":"applicationmanagehandovers-display-component---AddNewHO--ObjectPageLayout-anchBar-application-managehandovers-display-component---AddNewHO--section4-anchor"}]}
RESULT: undefined
COMMAND: POST /session/76bbe7a963ba333ac6e3770165032c4a/element - {"using":"xpath","value":"//*[@id=\"application-managehandovers-display-component---AddNewHO--ObjectPageLayout-anchBar-application-managehandovers-display-component---AddNewHO--section4-anchor\"]"}
RESULT: {"using":"xpath","value":"//*[@id=\"application-managehandovers-display-component---AddNewHO--ObjectPageLayout-anchBar-application-managehandovers-display-component---AddNewHO--section4-anchor\"]"}
COMMAND: POST /session/76bbe7a963ba333ac6e3770165032c4a/element/f.37B6A3D8B8D5C040CDE4E4CEB4627624.d.2A16EA8A9A551F6044704EDEA8FE060C.e.20722/click - {}
RESULT: {}
COMMAND: POST /session/76bbe7a963ba333ac6e3770165032c4a/element - {"using":"xpath","value":"//button[@aria-label=\"Add\"]"}
COMMAND: GET /session/76bbe7a963ba333ac6e3770165032c4a/screenshot - {}
RESULT: {"using":"xpath","value":"//button[@aria-label=\"Add\"]"}
COMMAND: POST /session/76bbe7a963ba333ac6e3770165032c4a/element/f.37B6A3D8B8D5C040CDE4E4CEB4627624.d.2A16EA8A9A551F6044704EDEA8FE060C.e.20724/click - {}
RESULT: {}
RESULT: {}
COMMAND: GET /session/76bbe7a963ba333ac6e3770165032c4a/screenshot - {}
RESULT: {}
COMMAND: POST /session/76bbe7a963ba333ac6e3770165032c4a/execute/async - {"script":"<script> [1562 bytes]","args":[{"selector":{"id":"application-managehandovers-display-component---AddNewHO--smartFilterBar-btnBasicSearch","searchOpenDialogs":true,"interaction":{"idSuffix":"I"}},"wdio_ui5_key":"applicationmanagehandovers-display-component---AddNewHO--smartFilterBar-btnBasicSearch"}]}
RESULT: {"script":"<script> [1562 bytes]","args":[{"selector":{"id":"application-managehandovers-display-component---AddNewHO--smartFilterBar-btnBasicSearch","searchOpenDialogs":true,"interaction":{"idSuffix":"I"}},"wdio_ui5_key":"applicationmanagehandovers-display-component---AddNewHO--smartFilterBar-btnBasicSearch"}]}
RESULT: undefined
COMMAND: POST /session/76bbe7a963ba333ac6e3770165032c4a/execute/async - {"script":"<script> [776 bytes]","args":[{"enterText":"200319","selector":{"id":"application-managehandovers-display-component---AddNewHO--smartFilterBar-btnBasicSearch","searchOpenDialogs":true,"interaction":{"idSuffix":"I"}},"clearTextFirst":true,"interactionType":"ENTER_TEXT"}]}
RESULT: {"script":"<script> [776 bytes]","args":[{"enterText":"200319","selector":{"id":"application-managehandovers-display-component---AddNewHO--smartFilterBar-btnBasicSearch","searchOpenDialogs":true,"interaction":{"idSuffix":"I"}},"clearTextFirst":true,"interactionType":"ENTER_TEXT"}]}
COMMAND: POST /session/76bbe7a963ba333ac6e3770165032c4a/actions - {"actions":[{"id":"action67","type":"key","parameters":{},"actions":[{"type":"keyDown","value":"î€‡"},{"type":"pause","duration":10},{"type":"keyUp","value":"î€‡"}]}]}
RESULT: {"actions":[{"id":"action67","type":"key","parameters":{},"actions":[{"type":"keyDown","value":"î€‡"},{"type":"pause","duration":10},{"type":"keyUp","value":"î€‡"}]}]}
COMMAND: GET /session/76bbe7a963ba333ac6e3770165032c4a/screenshot - {}
RESULT: {}
COMMAND: POST /session/76bbe7a963ba333ac6e3770165032c4a/execute/async - {"script":"<script> [1562 bytes]","args":[{"selector":{"id":"application-managehandovers-display-component---AddNewHO--popup-sa","searchOpenDialogs":true,"interaction":{"idSuffix":"CbBg"}},"wdio_ui5_key":"applicationmanagehandovers-display-component---AddNewHO--popup-sa"}]}
RESULT: {"script":"<script> [1562 bytes]","args":[{"selector":{"id":"application-managehandovers-display-component---AddNewHO--popup-sa","searchOpenDialogs":true,"interaction":{"idSuffix":"CbBg"}},"wdio_ui5_key":"applicationmanagehandovers-display-component---AddNewHO--popup-sa"}]}
RESULT: undefined
COMMAND: POST /session/76bbe7a963ba333ac6e3770165032c4a/element - {"using":"xpath","value":"//*[@id=\"application-managehandovers-display-component---AddNewHO--popup-sa\"]"}
RESULT: {"using":"xpath","value":"//*[@id=\"application-managehandovers-display-component---AddNewHO--popup-sa\"]"}
COMMAND: POST /session/76bbe7a963ba333ac6e3770165032c4a/element/f.37B6A3D8B8D5C040CDE4E4CEB4627624.d.2A16EA8A9A551F6044704EDEA8FE060C.e.20878/click - {}
RESULT: {}
COMMAND: GET /session/76bbe7a963ba333ac6e3770165032c4a/screenshot - {}
RESULT: {}
COMMAND: POST /session/76bbe7a963ba333ac6e3770165032c4a/element - {"using":"xpath","value":"//bdi[contains(text(), \"Select\")]"}
RESULT: {"using":"xpath","value":"//bdi[contains(text(), \"Select\")]"}
COMMAND: POST /session/76bbe7a963ba333ac6e3770165032c4a/element/f.37B6A3D8B8D5C040CDE4E4CEB4627624.d.2A16EA8A9A551F6044704EDEA8FE060C.e.20879/click - {}
RESULT: {}
COMMAND: GET /session/76bbe7a963ba333ac6e3770165032c4a/screenshot - {}
RESULT: {}
COMMAND: POST /session/76bbe7a963ba333ac6e3770165032c4a/element - {"using":"xpath","value":"//button[@data-kt=\"AddNewHOSaveButton\"]"}
RESULT: {"using":"xpath","value":"//button[@data-kt=\"AddNewHOSaveButton\"]"}
COMMAND: POST /session/76bbe7a963ba333ac6e3770165032c4a/element/f.37B6A3D8B8D5C040CDE4E4CEB4627624.d.2A16EA8A9A551F6044704EDEA8FE060C.e.20883/click - {}
RESULT: {}
COMMAND: GET /session/76bbe7a963ba333ac6e3770165032c4a/screenshot - {}
RESULT: {}
COMMAND: POST /session/76bbe7a963ba333ac6e3770165032c4a/execute/async - {"script":"<script> [1562 bytes]","args":[{"selector":{"id":"receiptDatePicker","viewName":"etm.portal.ui.managehandovers.view.DetailExecuteHO","interaction":{"idSuffix":"inner"}},"wdio_ui5_key":"receiptDatePickeretmportal.ui.managehandovers.view.DetailExecuteHO"}]}
RESULT: {"script":"<script> [1562 bytes]","args":[{"selector":{"id":"receiptDatePicker","viewName":"etm.portal.ui.managehandovers.view.DetailExecuteHO","interaction":{"idSuffix":"inner"}},"wdio_ui5_key":"receiptDatePickeretmportal.ui.managehandovers.view.DetailExecuteHO"}]}
RESULT: undefined
COMMAND: POST /session/76bbe7a963ba333ac6e3770165032c4a/execute/async - {"script":"<script> [6424 bytes]","args":[{"element-6066-11e4-a52e-4f735466cecf":"f.37B6A3D8B8D5C040CDE4E4CEB4627624.d.2A16EA8A9A551F6044704EDEA8FE060C.e.20902"},"setValue",["5/20/25"]]}
RESULT: {"script":"<script> [6424 bytes]","args":[{"element-6066-11e4-a52e-4f735466cecf":"f.37B6A3D8B8D5C040CDE4E4CEB4627624.d.2A16EA8A9A551F6044704EDEA8FE060C.e.20902"},"setValue",["5/20/25"]]}
COMMAND: POST /session/76bbe7a963ba333ac6e3770165032c4a/element - {"using":"xpath","value":"//button[@data-kt=\"PickingTableConfirmAllButton\"]"}
RESULT: {"using":"xpath","value":"//button[@data-kt=\"PickingTableConfirmAllButton\"]"}
COMMAND: POST /session/76bbe7a963ba333ac6e3770165032c4a/element/f.37B6A3D8B8D5C040CDE4E4CEB4627624.d.2A16EA8A9A551F6044704EDEA8FE060C.e.20920/click - {}
RESULT: {}
COMMAND: GET /session/76bbe7a963ba333ac6e3770165032c4a/screenshot - {}
RESULT: {}
COMMAND: POST /session/76bbe7a963ba333ac6e3770165032c4a/element - {"using":"xpath","value":"//bdi[contains(text(), \"OK\")]"}
RESULT: {"using":"xpath","value":"//bdi[contains(text(), \"OK\")]"}
COMMAND: POST /session/76bbe7a963ba333ac6e3770165032c4a/element/f.37B6A3D8B8D5C040CDE4E4CEB4627624.d.2A16EA8A9A551F6044704EDEA8FE060C.e.20922/click - {}
RESULT: {}
COMMAND: GET /session/76bbe7a963ba333ac6e3770165032c4a/screenshot - {}
RESULT: {}
COMMAND: POST /session/76bbe7a963ba333ac6e3770165032c4a/element - {"using":"xpath","value":"(//bdi[contains(text(), \"Receive\")])[2]"}
RESULT: {"using":"xpath","value":"(//bdi[contains(text(), \"Receive\")])[2]"}
COMMAND: POST /session/76bbe7a963ba333ac6e3770165032c4a/element/f.37B6A3D8B8D5C040CDE4E4CEB4627624.d.2A16EA8A9A551F6044704EDEA8FE060C.e.20924/click - {}
RESULT: {}
COMMAND: GET /session/76bbe7a963ba333ac6e3770165032c4a/screenshot - {}
RESULT: {}
COMMAND: POST /session/76bbe7a963ba333ac6e3770165032c4a/element - {"using":"css selector","value":"#shell-header-logo"}
RESULT: {"using":"css selector","value":"#shell-header-logo"}
COMMAND: POST /session/76bbe7a963ba333ac6e3770165032c4a/element/f.37B6A3D8B8D5C040CDE4E4CEB4627624.d.2A16EA8A9A551F6044704EDEA8FE060C.e.20297/click - {}
RESULT: {}
COMMAND: GET /session/76bbe7a963ba333ac6e3770165032c4a/screenshot - {}
RESULT: {}
]]></system-out>
    </testcase>
    <testcase classname="chrome.136_0_7103_93.windows.Return_from_Site_w/_warehouse_management_w_clarification" name="Should create a new contract" time="60.089">
      <system-out><![CDATA[
COMMAND: POST /session/76bbe7a963ba333ac6e3770165032c4a/execute/async - {"script":"<script> [1562 bytes]","args":[{"selector":{"controlType":"sap.m.GenericTile","properties":{"header":"Manage Contracts"}},"wdio_ui5_key":"sapm.GenericTile{\"header\":\"Manage Contracts\"}"}]}
RESULT: {"script":"<script> [1562 bytes]","args":[{"selector":{"controlType":"sap.m.GenericTile","properties":{"header":"Manage Contracts"}},"wdio_ui5_key":"sapm.GenericTile{\"header\":\"Manage Contracts\"}"}]}
RESULT: undefined
COMMAND: POST /session/76bbe7a963ba333ac6e3770165032c4a/element - {"using":"xpath","value":"//*[@id=\"__tile130\"]"}
RESULT: {"using":"xpath","value":"//*[@id=\"__tile130\"]"}
COMMAND: POST /session/76bbe7a963ba333ac6e3770165032c4a/element/f.37B6A3D8B8D5C040CDE4E4CEB4627624.d.2A16EA8A9A551F6044704EDEA8FE060C.e.19649/click - {}
RESULT: {}
COMMAND: GET /session/76bbe7a963ba333ac6e3770165032c4a/screenshot - {}
RESULT: {}
COMMAND: POST /session/76bbe7a963ba333ac6e3770165032c4a/elements - {"using":"xpath","value":"//span[text()='Error']"}
RESULT: {"using":"xpath","value":"//span[text()='Error']"}
COMMAND: POST /session/76bbe7a963ba333ac6e3770165032c4a/element - {"using":"xpath","value":"//button[@data-kt=\"addButton\"]"}
RESULT: {"using":"xpath","value":"//button[@data-kt=\"addButton\"]"}
COMMAND: POST /session/76bbe7a963ba333ac6e3770165032c4a/elements - {"using":"xpath","value":"//button[@data-kt=\"addButton\"]"}
RESULT: {"using":"xpath","value":"//button[@data-kt=\"addButton\"]"}
COMMAND: POST /session/76bbe7a963ba333ac6e3770165032c4a/execute/sync - {"script":"<script> [8489 bytes]","args":[{"element-6066-11e4-a52e-4f735466cecf":"f.37B6A3D8B8D5C040CDE4E4CEB4627624.d.2A16EA8A9A551F6044704EDEA8FE060C.e.21347","ELEMENT":"f.37B6A3D8B8D5C040CDE4E4CEB4627624.d.2A16EA8A9A551F6044704EDEA8FE060C.e.21347"}]}
RESULT: {"script":"<script> [8489 bytes]","args":[{"element-6066-11e4-a52e-4f735466cecf":"f.37B6A3D8B8D5C040CDE4E4CEB4627624.d.2A16EA8A9A551F6044704EDEA8FE060C.e.21347","ELEMENT":"f.37B6A3D8B8D5C040CDE4E4CEB4627624.d.2A16EA8A9A551F6044704EDEA8FE060C.e.21347"}]}
COMMAND: GET /session/76bbe7a963ba333ac6e3770165032c4a/element/f.37B6A3D8B8D5C040CDE4E4CEB4627624.d.2A16EA8A9A551F6044704EDEA8FE060C.e.21347/enabled - {}
COMMAND: GET /session/76bbe7a963ba333ac6e3770165032c4a/screenshot - {}
RESULT: {}
COMMAND: POST /session/76bbe7a963ba333ac6e3770165032c4a/execute/sync - {"script":"<script> [8489 bytes]","args":[{"element-6066-11e4-a52e-4f735466cecf":"f.37B6A3D8B8D5C040CDE4E4CEB4627624.d.2A16EA8A9A551F6044704EDEA8FE060C.e.21347","ELEMENT":"f.37B6A3D8B8D5C040CDE4E4CEB4627624.d.2A16EA8A9A551F6044704EDEA8FE060C.e.21347"}]}
COMMAND: GET /session/76bbe7a963ba333ac6e3770165032c4a/screenshot - {}
RESULT: {}
RESULT: {"script":"<script> [8489 bytes]","args":[{"element-6066-11e4-a52e-4f735466cecf":"f.37B6A3D8B8D5C040CDE4E4CEB4627624.d.2A16EA8A9A551F6044704EDEA8FE060C.e.21347","ELEMENT":"f.37B6A3D8B8D5C040CDE4E4CEB4627624.d.2A16EA8A9A551F6044704EDEA8FE060C.e.21347"}]}
COMMAND: POST /session/76bbe7a963ba333ac6e3770165032c4a/execute/sync - {"script":"<script> [5351 bytes]","args":[{"element-6066-11e4-a52e-4f735466cecf":"f.37B6A3D8B8D5C040CDE4E4CEB4627624.d.2A16EA8A9A551F6044704EDEA8FE060C.e.21347","ELEMENT":"f.37B6A3D8B8D5C040CDE4E4CEB4627624.d.2A16EA8A9A551F6044704EDEA8FE060C.e.21347"}]}
COMMAND: GET /session/76bbe7a963ba333ac6e3770165032c4a/screenshot - {}
RESULT: {}
RESULT: {"script":"<script> [5351 bytes]","args":[{"element-6066-11e4-a52e-4f735466cecf":"f.37B6A3D8B8D5C040CDE4E4CEB4627624.d.2A16EA8A9A551F6044704EDEA8FE060C.e.21347","ELEMENT":"f.37B6A3D8B8D5C040CDE4E4CEB4627624.d.2A16EA8A9A551F6044704EDEA8FE060C.e.21347"}]}
COMMAND: GET /session/76bbe7a963ba333ac6e3770165032c4a/screenshot - {}
RESULT: {}
RESULT: {}
COMMAND: POST /session/76bbe7a963ba333ac6e3770165032c4a/element/f.37B6A3D8B8D5C040CDE4E4CEB4627624.d.2A16EA8A9A551F6044704EDEA8FE060C.e.21347/click - {}
RESULT: {}
COMMAND: GET /session/76bbe7a963ba333ac6e3770165032c4a/screenshot - {}
RESULT: {}
COMMAND: POST /session/76bbe7a963ba333ac6e3770165032c4a/execute/async - {"script":"<script> [1562 bytes]","args":[{"selector":{"id":"application-managecontracts-display-component---AddNewContract--projectDescription","interaction":{"idSuffix":"inner"}},"wdio_ui5_key":"applicationmanagecontracts-display-component---AddNewContract--projectDescription"}]}
RESULT: {"script":"<script> [1562 bytes]","args":[{"selector":{"id":"application-managecontracts-display-component---AddNewContract--projectDescription","interaction":{"idSuffix":"inner"}},"wdio_ui5_key":"applicationmanagecontracts-display-component---AddNewContract--projectDescription"}]}
RESULT: undefined
COMMAND: POST /session/76bbe7a963ba333ac6e3770165032c4a/execute/async - {"script":"<script> [776 bytes]","args":[{"enterText":"Contract WDIO","selector":{"id":"application-managecontracts-display-component---AddNewContract--projectDescription","interaction":{"idSuffix":"inner"}},"clearTextFirst":true,"interactionType":"ENTER_TEXT"}]}
RESULT: {"script":"<script> [776 bytes]","args":[{"enterText":"Contract WDIO","selector":{"id":"application-managecontracts-display-component---AddNewContract--projectDescription","interaction":{"idSuffix":"inner"}},"clearTextFirst":true,"interactionType":"ENTER_TEXT"}]}
COMMAND: POST /session/76bbe7a963ba333ac6e3770165032c4a/element - {"using":"xpath","value":"//input[@id=\"application-managecontracts-display-component---AddNewContract--site-inner\"]"}
RESULT: {"using":"xpath","value":"//input[@id=\"application-managecontracts-display-component---AddNewContract--site-inner\"]"}
COMMAND: POST /session/76bbe7a963ba333ac6e3770165032c4a/element/f.37B6A3D8B8D5C040CDE4E4CEB4627624.d.2A16EA8A9A551F6044704EDEA8FE060C.e.21703/clear - {}
RESULT: {}
COMMAND: POST /session/76bbe7a963ba333ac6e3770165032c4a/element/f.37B6A3D8B8D5C040CDE4E4CEB4627624.d.2A16EA8A9A551F6044704EDEA8FE060C.e.21703/value - {"text":"2289"}
COMMAND: GET /session/76bbe7a963ba333ac6e3770165032c4a/screenshot - {}
RESULT: {"text":"2289"}
COMMAND: GET /session/76bbe7a963ba333ac6e3770165032c4a/screenshot - {}
RESULT: {}
RESULT: {}
COMMAND: POST /session/76bbe7a963ba333ac6e3770165032c4a/element - {"using":"xpath","value":"//li[.//span[text()='2289']]"}
RESULT: {"using":"xpath","value":"//li[.//span[text()='2289']]"}
COMMAND: POST /session/76bbe7a963ba333ac6e3770165032c4a/element/f.37B6A3D8B8D5C040CDE4E4CEB4627624.d.2A16EA8A9A551F6044704EDEA8FE060C.e.21733/click - {}
RESULT: {}
COMMAND: GET /session/76bbe7a963ba333ac6e3770165032c4a/screenshot - {}
RESULT: {}
COMMAND: POST /session/76bbe7a963ba333ac6e3770165032c4a/element - {"using":"xpath","value":"//input[@id=\"application-managecontracts-display-component---AddNewContract--yardId-inner\"]"}
RESULT: {"using":"xpath","value":"//input[@id=\"application-managecontracts-display-component---AddNewContract--yardId-inner\"]"}
COMMAND: GET /session/76bbe7a963ba333ac6e3770165032c4a/element/f.37B6A3D8B8D5C040CDE4E4CEB4627624.d.2A16EA8A9A551F6044704EDEA8FE060C.e.21704/property/value - {}
RESULT: {}
COMMAND: POST /session/76bbe7a963ba333ac6e3770165032c4a/element - {"using":"xpath","value":"//input[@id=\"application-managecontracts-display-component---AddNewContract--customerSelect-inner\"]"}
COMMAND: GET /session/76bbe7a963ba333ac6e3770165032c4a/screenshot - {}
RESULT: {"using":"xpath","value":"//input[@id=\"application-managecontracts-display-component---AddNewContract--customerSelect-inner\"]"}
COMMAND: POST /session/76bbe7a963ba333ac6e3770165032c4a/element/f.37B6A3D8B8D5C040CDE4E4CEB4627624.d.2A16EA8A9A551F6044704EDEA8FE060C.e.21702/clear - {}
RESULT: {}
RESULT: {}
COMMAND: POST /session/76bbe7a963ba333ac6e3770165032c4a/element/f.37B6A3D8B8D5C040CDE4E4CEB4627624.d.2A16EA8A9A551F6044704EDEA8FE060C.e.21702/value - {"text":"1346"}
COMMAND: GET /session/76bbe7a963ba333ac6e3770165032c4a/screenshot - {}
RESULT: {"text":"1346"}
COMMAND: GET /session/76bbe7a963ba333ac6e3770165032c4a/screenshot - {}
RESULT: {}
RESULT: {}
COMMAND: POST /session/76bbe7a963ba333ac6e3770165032c4a/element - {"using":"xpath","value":"//li[.//span[text()='1346']]"}
RESULT: {"using":"xpath","value":"//li[.//span[text()='1346']]"}
COMMAND: POST /session/76bbe7a963ba333ac6e3770165032c4a/element/f.37B6A3D8B8D5C040CDE4E4CEB4627624.d.2A16EA8A9A551F6044704EDEA8FE060C.e.21736/click - {}
RESULT: {}
COMMAND: GET /session/76bbe7a963ba333ac6e3770165032c4a/screenshot - {}
RESULT: {}
COMMAND: POST /session/76bbe7a963ba333ac6e3770165032c4a/element - {"using":"xpath","value":"//button[@data-kt=\"saveButton\"]"}
RESULT: {"using":"xpath","value":"//button[@data-kt=\"saveButton\"]"}
COMMAND: POST /session/76bbe7a963ba333ac6e3770165032c4a/element/f.37B6A3D8B8D5C040CDE4E4CEB4627624.d.2A16EA8A9A551F6044704EDEA8FE060C.e.21737/click - {}
RESULT: {}
COMMAND: GET /session/76bbe7a963ba333ac6e3770165032c4a/screenshot - {}
RESULT: {}
COMMAND: POST /session/76bbe7a963ba333ac6e3770165032c4a/element - {"using":"xpath","value":"//span[contains(@id ,\"contractDetailTitleNoExpanded\")]"}
RESULT: {"using":"xpath","value":"//span[contains(@id ,\"contractDetailTitleNoExpanded\")]"}
COMMAND: POST /session/76bbe7a963ba333ac6e3770165032c4a/elements - {"using":"xpath","value":"//span[contains(@id ,\"contractDetailTitleNoExpanded\")]"}
RESULT: {"using":"xpath","value":"//span[contains(@id ,\"contractDetailTitleNoExpanded\")]"}
COMMAND: POST /session/76bbe7a963ba333ac6e3770165032c4a/execute/sync - {"script":"<script> [56 bytes]","args":[{"element-6066-11e4-a52e-4f735466cecf":"f.37B6A3D8B8D5C040CDE4E4CEB4627624.d.2A16EA8A9A551F6044704EDEA8FE060C.e.21807","ELEMENT":"f.37B6A3D8B8D5C040CDE4E4CEB4627624.d.2A16EA8A9A551F6044704EDEA8FE060C.e.21807"}]}
RESULT: {"script":"<script> [56 bytes]","args":[{"element-6066-11e4-a52e-4f735466cecf":"f.37B6A3D8B8D5C040CDE4E4CEB4627624.d.2A16EA8A9A551F6044704EDEA8FE060C.e.21807","ELEMENT":"f.37B6A3D8B8D5C040CDE4E4CEB4627624.d.2A16EA8A9A551F6044704EDEA8FE060C.e.21807"}]}
COMMAND: GET /session/76bbe7a963ba333ac6e3770165032c4a/screenshot - {}
RESULT: {}
]]></system-out>
    </testcase>
    <testcase classname="chrome.136_0_7103_93.windows.Return_from_Site_w/_warehouse_management_w_clarification" name="Should add equipment to the contract" time="54.558">
      <system-out><![CDATA[
COMMAND: POST /session/76bbe7a963ba333ac6e3770165032c4a/element - {"using":"xpath","value":"//button[@data-kt=\"contractDetailEditBtnButton\"]"}
RESULT: {"using":"xpath","value":"//button[@data-kt=\"contractDetailEditBtnButton\"]"}
COMMAND: POST /session/76bbe7a963ba333ac6e3770165032c4a/element/f.37B6A3D8B8D5C040CDE4E4CEB4627624.d.2A16EA8A9A551F6044704EDEA8FE060C.e.21810/click - {}
RESULT: {}
COMMAND: GET /session/76bbe7a963ba333ac6e3770165032c4a/screenshot - {}
RESULT: {}
COMMAND: POST /session/76bbe7a963ba333ac6e3770165032c4a/element - {"using":"xpath","value":"(//span[contains(text(), \"Additional Addresses\")])[2]"}
RESULT: {"using":"xpath","value":"(//span[contains(text(), \"Additional Addresses\")])[2]"}
COMMAND: POST /session/76bbe7a963ba333ac6e3770165032c4a/element/f.37B6A3D8B8D5C040CDE4E4CEB4627624.d.2A16EA8A9A551F6044704EDEA8FE060C.e.21866/click - {}
RESULT: {}
COMMAND: GET /session/76bbe7a963ba333ac6e3770165032c4a/screenshot - {}
RESULT: {}
COMMAND: POST /session/76bbe7a963ba333ac6e3770165032c4a/element - {"using":"xpath","value":"//button[@data-kt=\"btnAddTableRowOverflowToolbarButton\"]"}
RESULT: {"using":"xpath","value":"//button[@data-kt=\"btnAddTableRowOverflowToolbarButton\"]"}
COMMAND: POST /session/76bbe7a963ba333ac6e3770165032c4a/element/f.37B6A3D8B8D5C040CDE4E4CEB4627624.d.2A16EA8A9A551F6044704EDEA8FE060C.e.21869/click - {}
RESULT: {}
COMMAND: GET /session/76bbe7a963ba333ac6e3770165032c4a/screenshot - {}
RESULT: {}
COMMAND: POST /session/76bbe7a963ba333ac6e3770165032c4a/element - {"using":"xpath","value":"//div[(text() = 'Standard Entry' or . = 'Standard Entry')]"}
RESULT: {"using":"xpath","value":"//div[(text() = 'Standard Entry' or . = 'Standard Entry')]"}
COMMAND: POST /session/76bbe7a963ba333ac6e3770165032c4a/element/f.37B6A3D8B8D5C040CDE4E4CEB4627624.d.2A16EA8A9A551F6044704EDEA8FE060C.e.21871/click - {}
RESULT: {}
COMMAND: GET /session/76bbe7a963ba333ac6e3770165032c4a/screenshot - {}
RESULT: {}
COMMAND: POST /session/76bbe7a963ba333ac6e3770165032c4a/element - {"using":"xpath","value":"//td[6]/div/div/div/span"}
RESULT: {"using":"xpath","value":"//td[6]/div/div/div/span"}
COMMAND: POST /session/76bbe7a963ba333ac6e3770165032c4a/element/f.37B6A3D8B8D5C040CDE4E4CEB4627624.d.2A16EA8A9A551F6044704EDEA8FE060C.e.21883/click - {}
RESULT: {}
COMMAND: GET /session/76bbe7a963ba333ac6e3770165032c4a/screenshot - {}
RESULT: {}
COMMAND: POST /session/76bbe7a963ba333ac6e3770165032c4a/element - {"using":"xpath","value":"(//span[contains(text(), \"Material\")])"}
RESULT: {"using":"xpath","value":"(//span[contains(text(), \"Material\")])"}
COMMAND: POST /session/76bbe7a963ba333ac6e3770165032c4a/element/f.37B6A3D8B8D5C040CDE4E4CEB4627624.d.2A16EA8A9A551F6044704EDEA8FE060C.e.21884/click - {}
RESULT: {}
COMMAND: GET /session/76bbe7a963ba333ac6e3770165032c4a/screenshot - {}
RESULT: {}
COMMAND: POST /session/76bbe7a963ba333ac6e3770165032c4a/element - {"using":"xpath","value":"//td[7]/div/div/input"}
RESULT: {"using":"xpath","value":"//td[7]/div/div/input"}
COMMAND: POST /session/76bbe7a963ba333ac6e3770165032c4a/element/f.37B6A3D8B8D5C040CDE4E4CEB4627624.d.2A16EA8A9A551F6044704EDEA8FE060C.e.21888/clear - {}
RESULT: {}
COMMAND: POST /session/76bbe7a963ba333ac6e3770165032c4a/element/f.37B6A3D8B8D5C040CDE4E4CEB4627624.d.2A16EA8A9A551F6044704EDEA8FE060C.e.21888/value - {"text":"200319"}
COMMAND: GET /session/76bbe7a963ba333ac6e3770165032c4a/screenshot - {}
RESULT: {"text":"200319"}
COMMAND: GET /session/76bbe7a963ba333ac6e3770165032c4a/screenshot - {}
RESULT: {}
RESULT: {}
COMMAND: POST /session/76bbe7a963ba333ac6e3770165032c4a/actions - {"actions":[{"id":"action68","type":"key","parameters":{},"actions":[{"type":"keyDown","value":"î€‡"},{"type":"pause","duration":10},{"type":"keyUp","value":"î€‡"}]}]}
RESULT: {"actions":[{"id":"action68","type":"key","parameters":{},"actions":[{"type":"keyDown","value":"î€‡"},{"type":"pause","duration":10},{"type":"keyUp","value":"î€‡"}]}]}
COMMAND: GET /session/76bbe7a963ba333ac6e3770165032c4a/screenshot - {}
RESULT: {}
COMMAND: POST /session/76bbe7a963ba333ac6e3770165032c4a/execute/sync - {"script":"<script> [276 bytes]","args":["No pricing information was found"]}
RESULT: {"script":"<script> [276 bytes]","args":["No pricing information was found"]}
COMMAND: POST /session/76bbe7a963ba333ac6e3770165032c4a/element - {"using":"xpath","value":"//bdi[contains(text(), \"OK\")]"}
COMMAND: GET /session/76bbe7a963ba333ac6e3770165032c4a/screenshot - {}
RESULT: {"using":"xpath","value":"//bdi[contains(text(), \"OK\")]"}
COMMAND: POST /session/76bbe7a963ba333ac6e3770165032c4a/element/f.37B6A3D8B8D5C040CDE4E4CEB4627624.d.2A16EA8A9A551F6044704EDEA8FE060C.e.21914/click - {}
RESULT: {}
RESULT: {}
COMMAND: GET /session/76bbe7a963ba333ac6e3770165032c4a/screenshot - {}
RESULT: {}
COMMAND: POST /session/76bbe7a963ba333ac6e3770165032c4a/element - {"using":"xpath","value":"(//button[@data-kt=\"saveButton\"])[2]"}
RESULT: {"using":"xpath","value":"(//button[@data-kt=\"saveButton\"])[2]"}
COMMAND: POST /session/76bbe7a963ba333ac6e3770165032c4a/element/f.37B6A3D8B8D5C040CDE4E4CEB4627624.d.2A16EA8A9A551F6044704EDEA8FE060C.e.21915/click - {}
RESULT: {}
COMMAND: GET /session/76bbe7a963ba333ac6e3770165032c4a/screenshot - {}
RESULT: {}
COMMAND: POST /session/76bbe7a963ba333ac6e3770165032c4a/execute/sync - {"script":"<script> [276 bytes]","args":["Some contract items are having rental validity exceeding header rental validity"]}
RESULT: {"script":"<script> [276 bytes]","args":["Some contract items are having rental validity exceeding header rental validity"]}
COMMAND: GET /session/76bbe7a963ba333ac6e3770165032c4a/screenshot - {}
RESULT: {}
COMMAND: POST /session/76bbe7a963ba333ac6e3770165032c4a/element - {"using":"xpath","value":"//span[contains(@id ,\"contractItemsSmartTable-header-inner\")]"}
RESULT: {"using":"xpath","value":"//span[contains(@id ,\"contractItemsSmartTable-header-inner\")]"}
COMMAND: POST /session/76bbe7a963ba333ac6e3770165032c4a/elements - {"using":"xpath","value":"//span[contains(@id ,\"contractItemsSmartTable-header-inner\")]"}
RESULT: {"using":"xpath","value":"//span[contains(@id ,\"contractItemsSmartTable-header-inner\")]"}
COMMAND: POST /session/76bbe7a963ba333ac6e3770165032c4a/execute/sync - {"script":"<script> [56 bytes]","args":[{"element-6066-11e4-a52e-4f735466cecf":"f.37B6A3D8B8D5C040CDE4E4CEB4627624.d.2A16EA8A9A551F6044704EDEA8FE060C.e.21920","ELEMENT":"f.37B6A3D8B8D5C040CDE4E4CEB4627624.d.2A16EA8A9A551F6044704EDEA8FE060C.e.21920"}]}
RESULT: {"script":"<script> [56 bytes]","args":[{"element-6066-11e4-a52e-4f735466cecf":"f.37B6A3D8B8D5C040CDE4E4CEB4627624.d.2A16EA8A9A551F6044704EDEA8FE060C.e.21920","ELEMENT":"f.37B6A3D8B8D5C040CDE4E4CEB4627624.d.2A16EA8A9A551F6044704EDEA8FE060C.e.21920"}]}
COMMAND: GET /session/76bbe7a963ba333ac6e3770165032c4a/screenshot - {}
]]></system-out>
    </testcase>
    <testcase classname="chrome.136_0_7103_93.windows.Return_from_Site_w/_warehouse_management_w_clarification" name="Should provide to site" time="37.315">
      <system-out><![CDATA[
COMMAND: POST /session/76bbe7a963ba333ac6e3770165032c4a/element - {"using":"xpath","value":"//button[@data-kt=\"provideButton\"]"}
RESULT: {}
RESULT: {"using":"xpath","value":"//button[@data-kt=\"provideButton\"]"}
COMMAND: POST /session/76bbe7a963ba333ac6e3770165032c4a/element/f.37B6A3D8B8D5C040CDE4E4CEB4627624.d.2A16EA8A9A551F6044704EDEA8FE060C.e.21921/click - {}
RESULT: {}
COMMAND: GET /session/76bbe7a963ba333ac6e3770165032c4a/screenshot - {}
RESULT: {}
RESULT: undefined
COMMAND: POST /session/76bbe7a963ba333ac6e3770165032c4a/execute/async - {"script":"<script> [6424 bytes]","args":[{"element-6066-11e4-a52e-4f735466cecf":"f.37B6A3D8B8D5C040CDE4E4CEB4627624.d.2A16EA8A9A551F6044704EDEA8FE060C.e.20699"},"setValue",["05/20/25"]]}
COMMAND: POST /session/76bbe7a963ba333ac6e3770165032c4a/execute/async - {"script":"<script> [1562 bytes]","args":[{"selector":{"id":"application-managehandovers-display-component---AddNewHO--dueDate","interaction":{"idSuffix":"inner"}},"wdio_ui5_key":"applicationmanagehandovers-display-component---AddNewHO--dueDate"}]}
RESULT: {"script":"<script> [1562 bytes]","args":[{"selector":{"id":"application-managehandovers-display-component---AddNewHO--dueDate","interaction":{"idSuffix":"inner"}},"wdio_ui5_key":"applicationmanagehandovers-display-component---AddNewHO--dueDate"}]}
COMMAND: POST /session/76bbe7a963ba333ac6e3770165032c4a/execute/async - {"script":"<script> [6424 bytes]","args":[{"element-6066-11e4-a52e-4f735466cecf":"f.37B6A3D8B8D5C040CDE4E4CEB4627624.d.2A16EA8A9A551F6044704EDEA8FE060C.e.21978"},"setValue",["05/20/25"]]}
RESULT: {"script":"<script> [6424 bytes]","args":[{"element-6066-11e4-a52e-4f735466cecf":"f.37B6A3D8B8D5C040CDE4E4CEB4627624.d.2A16EA8A9A551F6044704EDEA8FE060C.e.21978"},"setValue",["05/20/25"]]}
COMMAND: POST /session/76bbe7a963ba333ac6e3770165032c4a/element - {"using":"xpath","value":"//bdi[contains(text(), \"Instructions\")]"}
RESULT: {"using":"xpath","value":"//bdi[contains(text(), \"Instructions\")]"}
COMMAND: POST /session/76bbe7a963ba333ac6e3770165032c4a/element/f.37B6A3D8B8D5C040CDE4E4CEB4627624.d.2A16EA8A9A551F6044704EDEA8FE060C.e.22226/click - {}
RESULT: {}
COMMAND: GET /session/76bbe7a963ba333ac6e3770165032c4a/screenshot - {}
RESULT: {}
COMMAND: POST /session/76bbe7a963ba333ac6e3770165032c4a/element - {"using":"xpath","value":"//button[@data-kt=\"AddNewHOProvideAddItemsButton\"]"}
RESULT: {"using":"xpath","value":"//button[@data-kt=\"AddNewHOProvideAddItemsButton\"]"}
COMMAND: POST /session/76bbe7a963ba333ac6e3770165032c4a/element/f.37B6A3D8B8D5C040CDE4E4CEB4627624.d.2A16EA8A9A551F6044704EDEA8FE060C.e.22230/click - {}
RESULT: {}
COMMAND: GET /session/76bbe7a963ba333ac6e3770165032c4a/screenshot - {}
RESULT: {}
RESULT: undefined
COMMAND: POST /session/76bbe7a963ba333ac6e3770165032c4a/element - {"using":"xpath","value":"//*[@id=\"application-managehandovers-display-component---AddNewHO--popup-sa\"]"}
RESULT: {"using":"xpath","value":"//*[@id=\"application-managehandovers-display-component---AddNewHO--popup-sa\"]"}
COMMAND: POST /session/76bbe7a963ba333ac6e3770165032c4a/element/f.37B6A3D8B8D5C040CDE4E4CEB4627624.d.2A16EA8A9A551F6044704EDEA8FE060C.e.22245/click - {}
RESULT: {}
COMMAND: GET /session/76bbe7a963ba333ac6e3770165032c4a/screenshot - {}
RESULT: {}
COMMAND: POST /session/76bbe7a963ba333ac6e3770165032c4a/element - {"using":"xpath","value":"//*[contains(@id ,\"BDI-content\")][contains(text(), \"Select\")]"}
RESULT: {"using":"xpath","value":"//*[contains(@id ,\"BDI-content\")][contains(text(), \"Select\")]"}
COMMAND: POST /session/76bbe7a963ba333ac6e3770165032c4a/element/f.37B6A3D8B8D5C040CDE4E4CEB4627624.d.2A16EA8A9A551F6044704EDEA8FE060C.e.22246/click - {}
RESULT: {}
COMMAND: GET /session/76bbe7a963ba333ac6e3770165032c4a/screenshot - {}
RESULT: {}
COMMAND: POST /session/76bbe7a963ba333ac6e3770165032c4a/element - {"using":"xpath","value":"//bdi[(text() = 'Save' or . = 'Save')]"}
RESULT: {"using":"xpath","value":"//bdi[(text() = 'Save' or . = 'Save')]"}
COMMAND: POST /session/76bbe7a963ba333ac6e3770165032c4a/element/f.37B6A3D8B8D5C040CDE4E4CEB4627624.d.2A16EA8A9A551F6044704EDEA8FE060C.e.22249/click - {}
RESULT: {}
COMMAND: GET /session/76bbe7a963ba333ac6e3770165032c4a/screenshot - {}
RESULT: {}
]]></system-out>
    </testcase>
    <testcase classname="chrome.136_0_7103_93.windows.Return_from_Site_w/_warehouse_management_w_clarification" name="Should test for Handover Execution" time="148.257">
      <system-out><![CDATA[
COMMAND: POST /session/76bbe7a963ba333ac6e3770165032c4a/execute/async - {"script":"<script> [1562 bytes]","args":[{"selector":{"controlType":"sap.m.Link","viewName":"etm.portal.ui.managehandovers.view.DetailExecuteHO","bindingPath":{"path":"","propertyPath":"/wmDoc","modelName":"warehouseMovModel"}},"wdio_ui5_key":"etmportal.ui.managehandovers.view.DetailExecuteHOsap.m.Link{\"path\":\"\",\"propertyPath\":\"/wmDoc\",\"modelName\":\"warehouseMovModel\"}"}]}
RESULT: {"script":"<script> [1562 bytes]","args":[{"selector":{"controlType":"sap.m.Link","viewName":"etm.portal.ui.managehandovers.view.DetailExecuteHO","bindingPath":{"path":"","propertyPath":"/wmDoc","modelName":"warehouseMovModel"}},"wdio_ui5_key":"etmportal.ui.managehandovers.view.DetailExecuteHOsap.m.Link{\"path\":\"\",\"propertyPath\":\"/wmDoc\",\"modelName\":\"warehouseMovModel\"}"}]}
RESULT: undefined
COMMAND: POST /session/76bbe7a963ba333ac6e3770165032c4a/element - {"using":"xpath","value":"//*[@id=\"__link81\"]"}
RESULT: {"using":"xpath","value":"//*[@id=\"__link81\"]"}
COMMAND: POST /session/76bbe7a963ba333ac6e3770165032c4a/element/f.37B6A3D8B8D5C040CDE4E4CEB4627624.d.2A16EA8A9A551F6044704EDEA8FE060C.e.22274/click - {}
RESULT: {}
COMMAND: GET /session/76bbe7a963ba333ac6e3770165032c4a/screenshot - {}
RESULT: {}
COMMAND: POST /session/76bbe7a963ba333ac6e3770165032c4a/execute/async - {"script":"<script> [1562 bytes]","args":[{"selector":{"controlType":"sap.m.Link","viewName":"etm.portal.ui.managehandovers.view.DetailExecuteHO","properties":{"text":"Warehouse Overview"},"searchOpenDialogs":true},"wdio_ui5_key":"etmportal.ui.managehandovers.view.DetailExecuteHOsap.m.Link{\"text\":\"Warehouse Overview\"}"}]}
RESULT: {"script":"<script> [1562 bytes]","args":[{"selector":{"controlType":"sap.m.Link","viewName":"etm.portal.ui.managehandovers.view.DetailExecuteHO","properties":{"text":"Warehouse Overview"},"searchOpenDialogs":true},"wdio_ui5_key":"etmportal.ui.managehandovers.view.DetailExecuteHOsap.m.Link{\"text\":\"Warehouse Overview\"}"}]}
RESULT: undefined
COMMAND: POST /session/76bbe7a963ba333ac6e3770165032c4a/element - {"using":"xpath","value":"//*[@id=\"__link96\"]"}
RESULT: {"using":"xpath","value":"//*[@id=\"__link96\"]"}
COMMAND: POST /session/76bbe7a963ba333ac6e3770165032c4a/element/f.37B6A3D8B8D5C040CDE4E4CEB4627624.d.2A16EA8A9A551F6044704EDEA8FE060C.e.22278/click - {}
RESULT: {}
COMMAND: GET /session/76bbe7a963ba333ac6e3770165032c4a/screenshot - {}
RESULT: {}
COMMAND: POST /session/76bbe7a963ba333ac6e3770165032c4a/execute/async - {"script":"<script> [1562 bytes]","args":[{"selector":{"controlType":"sap.m.Button","viewName":"etm.portal.ui.warehousemovements.view.DisplayMovement","viewId":"application-warehousemovements-display-component---displayMovement","i18NText":{"propertyName":"text","key":"execution"},"interaction":{"idSuffix":"BDI-content"}},"wdio_ui5_key":"etmportal.ui.warehousemovements.view.DisplayMovementsap.m.Button{\"propertyName\":\"text\",\"key\":\"execution\"}"}]}
RESULT: {"script":"<script> [1562 bytes]","args":[{"selector":{"controlType":"sap.m.Button","viewName":"etm.portal.ui.warehousemovements.view.DisplayMovement","viewId":"application-warehousemovements-display-component---displayMovement","i18NText":{"propertyName":"text","key":"execution"},"interaction":{"idSuffix":"BDI-content"}},"wdio_ui5_key":"etmportal.ui.warehousemovements.view.DisplayMovementsap.m.Button{\"propertyName\":\"text\",\"key\":\"execution\"}"}]}
RESULT: undefined
COMMAND: POST /session/76bbe7a963ba333ac6e3770165032c4a/element - {"using":"xpath","value":"//*[@id=\"__button219\"]"}
RESULT: {"using":"xpath","value":"//*[@id=\"__button219\"]"}
COMMAND: POST /session/76bbe7a963ba333ac6e3770165032c4a/element/f.37B6A3D8B8D5C040CDE4E4CEB4627624.d.2A16EA8A9A551F6044704EDEA8FE060C.e.22398/click - {}
RESULT: {}
COMMAND: GET /session/76bbe7a963ba333ac6e3770165032c4a/screenshot - {}
RESULT: {}
COMMAND: POST /session/76bbe7a963ba333ac6e3770165032c4a/execute/async - {"script":"<script> [1562 bytes]","args":[{"selector":{"controlType":"sap.m.Button","viewName":"etm.portal.ui.warehousemovements.view.ExecuteMovement","viewId":"application-warehousemovements-display-component---executeMovement","properties":{"text":"Items"},"interaction":{"idSuffix":"BDI-content"}},"wdio_ui5_key":"etmportal.ui.warehousemovements.view.ExecuteMovementsap.m.Button{\"text\":\"Items\"}"}]}
RESULT: {"script":"<script> [1562 bytes]","args":[{"selector":{"controlType":"sap.m.Button","viewName":"etm.portal.ui.warehousemovements.view.ExecuteMovement","viewId":"application-warehousemovements-display-component---executeMovement","properties":{"text":"Items"},"interaction":{"idSuffix":"BDI-content"}},"wdio_ui5_key":"etmportal.ui.warehousemovements.view.ExecuteMovementsap.m.Button{\"text\":\"Items\"}"}]}
RESULT: undefined
COMMAND: POST /session/76bbe7a963ba333ac6e3770165032c4a/element - {"using":"xpath","value":"//*[@id=\"__layout353-anchBar-application-warehousemovements-display-component---executeMovement--itemsSection-anchor\"]"}
RESULT: {"using":"xpath","value":"//*[@id=\"__layout353-anchBar-application-warehousemovements-display-component---executeMovement--itemsSection-anchor\"]"}
COMMAND: POST /session/76bbe7a963ba333ac6e3770165032c4a/element/f.37B6A3D8B8D5C040CDE4E4CEB4627624.d.2A16EA8A9A551F6044704EDEA8FE060C.e.22506/click - {}
RESULT: {}
COMMAND: GET /session/76bbe7a963ba333ac6e3770165032c4a/screenshot - {}
RESULT: {}
COMMAND: POST /session/76bbe7a963ba333ac6e3770165032c4a/execute/async - {"script":"<script> [1562 bytes]","args":[{"selector":{"controlType":"sap.m.ToggleButton","viewName":"etm.portal.ui.warehousemovements.view.ExecuteMovement","viewId":"application-warehousemovements-display-component---executeMovement","bindingPath":{"propertyPath":"STATUS","modelName":"catalogModel"},"interaction":{"idSuffix":"BDI-content"}},"wdio_ui5_key":"etmportal.ui.warehousemovements.view.ExecuteMovementsap.m.ToggleButton{\"propertyPath\":\"STATUS\",\"modelName\":\"catalogModel\"}"}]}
RESULT: {"script":"<script> [1562 bytes]","args":[{"selector":{"controlType":"sap.m.ToggleButton","viewName":"etm.portal.ui.warehousemovements.view.ExecuteMovement","viewId":"application-warehousemovements-display-component---executeMovement","bindingPath":{"propertyPath":"STATUS","modelName":"catalogModel"},"interaction":{"idSuffix":"BDI-content"}},"wdio_ui5_key":"etmportal.ui.warehousemovements.view.ExecuteMovementsap.m.ToggleButton{\"propertyPath\":\"STATUS\",\"modelName\":\"catalogModel\"}"}]}
RESULT: undefined
COMMAND: POST /session/76bbe7a963ba333ac6e3770165032c4a/element - {"using":"xpath","value":"//*[@id=\"__button242-__clone3483\"]"}
RESULT: {"using":"xpath","value":"//*[@id=\"__button242-__clone3483\"]"}
COMMAND: POST /session/76bbe7a963ba333ac6e3770165032c4a/element/f.37B6A3D8B8D5C040CDE4E4CEB4627624.d.2A16EA8A9A551F6044704EDEA8FE060C.e.22479/click - {}
RESULT: {}
RESULT: undefined
COMMAND: POST /session/76bbe7a963ba333ac6e3770165032c4a/element - {"using":"xpath","value":"//*[@id=\"__button242-__clone3483\"]"}
COMMAND: GET /session/76bbe7a963ba333ac6e3770165032c4a/screenshot - {}
RESULT: {"using":"xpath","value":"//*[@id=\"__button242-__clone3483\"]"}
COMMAND: POST /session/76bbe7a963ba333ac6e3770165032c4a/element/f.37B6A3D8B8D5C040CDE4E4CEB4627624.d.2A16EA8A9A551F6044704EDEA8FE060C.e.22479/click - {}
RESULT: {}
RESULT: {}
COMMAND: GET /session/76bbe7a963ba333ac6e3770165032c4a/screenshot - {}
RESULT: {}
COMMAND: POST /session/76bbe7a963ba333ac6e3770165032c4a/element - {"using":"xpath","value":"//section[contains(@id,\"FC-NoHead\")]/div[1]/div[5]/div[2]/span"}
RESULT: {"using":"xpath","value":"//section[contains(@id,\"FC-NoHead\")]/div[1]/div[5]/div[2]/span"}
COMMAND: POST /session/76bbe7a963ba333ac6e3770165032c4a/elements - {"using":"xpath","value":"//section[contains(@id,\"FC-NoHead\")]/div[1]/div[5]/div[2]/span"}
RESULT: {"using":"xpath","value":"//section[contains(@id,\"FC-NoHead\")]/div[1]/div[5]/div[2]/span"}
COMMAND: POST /session/76bbe7a963ba333ac6e3770165032c4a/execute/sync - {"script":"<script> [56 bytes]","args":[{"element-6066-11e4-a52e-4f735466cecf":"f.37B6A3D8B8D5C040CDE4E4CEB4627624.d.2A16EA8A9A551F6044704EDEA8FE060C.e.22513","ELEMENT":"f.37B6A3D8B8D5C040CDE4E4CEB4627624.d.2A16EA8A9A551F6044704EDEA8FE060C.e.22513"}]}
RESULT: {"script":"<script> [56 bytes]","args":[{"element-6066-11e4-a52e-4f735466cecf":"f.37B6A3D8B8D5C040CDE4E4CEB4627624.d.2A16EA8A9A551F6044704EDEA8FE060C.e.22513","ELEMENT":"f.37B6A3D8B8D5C040CDE4E4CEB4627624.d.2A16EA8A9A551F6044704EDEA8FE060C.e.22513"}]}
COMMAND: POST /session/76bbe7a963ba333ac6e3770165032c4a/actions - {"actions":[{"id":"action69","type":"key","parameters":{},"actions":[{"type":"keyDown","value":"î€‡"},{"type":"pause","duration":10},{"type":"keyUp","value":"î€‡"}]}]}
COMMAND: GET /session/76bbe7a963ba333ac6e3770165032c4a/screenshot - {}
RESULT: {"actions":[{"id":"action69","type":"key","parameters":{},"actions":[{"type":"keyDown","value":"î€‡"},{"type":"pause","duration":10},{"type":"keyUp","value":"î€‡"}]}]}
COMMAND: POST /session/76bbe7a963ba333ac6e3770165032c4a/execute/async - {"script":"<script> [1562 bytes]","args":[{"selector":{"id":"application-warehousemovements-display-component---executeMovement--executeId","interaction":{"idSuffix":"BDI-content"}},"wdio_ui5_key":"applicationwarehousemovements-display-component---executeMovement--executeId"}]}
COMMAND: GET /session/76bbe7a963ba333ac6e3770165032c4a/screenshot - {}
RESULT: {}
RESULT: {"script":"<script> [1562 bytes]","args":[{"selector":{"id":"application-warehousemovements-display-component---executeMovement--executeId","interaction":{"idSuffix":"BDI-content"}},"wdio_ui5_key":"applicationwarehousemovements-display-component---executeMovement--executeId"}]}
RESULT: undefined
COMMAND: POST /session/76bbe7a963ba333ac6e3770165032c4a/element - {"using":"xpath","value":"//*[@id=\"application-warehousemovements-display-component---executeMovement--executeId\"]"}
RESULT: {}
RESULT: {"using":"xpath","value":"//*[@id=\"application-warehousemovements-display-component---executeMovement--executeId\"]"}
COMMAND: POST /session/76bbe7a963ba333ac6e3770165032c4a/element/f.37B6A3D8B8D5C040CDE4E4CEB4627624.d.2A16EA8A9A551F6044704EDEA8FE060C.e.22469/click - {}
RESULT: {}
COMMAND: GET /session/76bbe7a963ba333ac6e3770165032c4a/screenshot - {}
RESULT: {}
COMMAND: POST /session/76bbe7a963ba333ac6e3770165032c4a/element - {"using":"css selector","value":"#shell-header-logo"}
RESULT: {"using":"css selector","value":"#shell-header-logo"}
COMMAND: POST /session/76bbe7a963ba333ac6e3770165032c4a/element/f.37B6A3D8B8D5C040CDE4E4CEB4627624.d.2A16EA8A9A551F6044704EDEA8FE060C.e.21299/click - {}
RESULT: {}
COMMAND: GET /session/76bbe7a963ba333ac6e3770165032c4a/screenshot - {}
RESULT: {}
RESULT: undefined
COMMAND: POST /session/76bbe7a963ba333ac6e3770165032c4a/element - {"using":"xpath","value":"//*[@id=\"__tile132\"]"}
RESULT: {"using":"xpath","value":"//*[@id=\"__tile132\"]"}
COMMAND: POST /session/76bbe7a963ba333ac6e3770165032c4a/element/f.37B6A3D8B8D5C040CDE4E4CEB4627624.d.2A16EA8A9A551F6044704EDEA8FE060C.e.19718/click - {}
RESULT: {}
COMMAND: GET /session/76bbe7a963ba333ac6e3770165032c4a/screenshot - {}
RESULT: {}
COMMAND: POST /session/76bbe7a963ba333ac6e3770165032c4a/elements - {"using":"xpath","value":"//span[text()='Error']"}
RESULT: {"using":"xpath","value":"//span[text()='Error']"}
COMMAND: POST /session/76bbe7a963ba333ac6e3770165032c4a/execute/async - {"script":"<script> [1562 bytes]","args":[{"selector":{"controlType":"sap.m.SearchField","viewName":"etm.portal.ui.managehandovers.view.MasterHO","bindingPath":{"propertyPath":"/_BASIC_SEARCH_FIELD","modelName":"fi1t3rM0d31"},"interaction":{"idSuffix":"I"}},"wdio_ui5_key":"etmportal.ui.managehandovers.view.MasterHOsap.m.SearchField{\"propertyPath\":\"/_BASIC_SEARCH_FIELD\",\"modelName\":\"fi1t3rM0d31\"}"}]}
RESULT: {"script":"<script> [1562 bytes]","args":[{"selector":{"controlType":"sap.m.SearchField","viewName":"etm.portal.ui.managehandovers.view.MasterHO","bindingPath":{"propertyPath":"/_BASIC_SEARCH_FIELD","modelName":"fi1t3rM0d31"},"interaction":{"idSuffix":"I"}},"wdio_ui5_key":"etmportal.ui.managehandovers.view.MasterHOsap.m.SearchField{\"propertyPath\":\"/_BASIC_SEARCH_FIELD\",\"modelName\":\"fi1t3rM0d31\"}"}]}
RESULT: undefined
COMMAND: POST /session/76bbe7a963ba333ac6e3770165032c4a/execute/async - {"script":"<script> [776 bytes]","args":[{"enterText":"30805","selector":{"controlType":"sap.m.SearchField","viewName":"etm.portal.ui.managehandovers.view.MasterHO","bindingPath":{"propertyPath":"/_BASIC_SEARCH_FIELD","modelName":"fi1t3rM0d31"},"interaction":{"idSuffix":"I"}},"clearTextFirst":true,"interactionType":"ENTER_TEXT"}]}
RESULT: {"script":"<script> [776 bytes]","args":[{"enterText":"30805","selector":{"controlType":"sap.m.SearchField","viewName":"etm.portal.ui.managehandovers.view.MasterHO","bindingPath":{"propertyPath":"/_BASIC_SEARCH_FIELD","modelName":"fi1t3rM0d31"},"interaction":{"idSuffix":"I"}},"clearTextFirst":true,"interactionType":"ENTER_TEXT"}]}
COMMAND: POST /session/76bbe7a963ba333ac6e3770165032c4a/actions - {"actions":[{"id":"action70","type":"key","parameters":{},"actions":[{"type":"keyDown","value":"î€‡"},{"type":"pause","duration":10},{"type":"keyUp","value":"î€‡"}]}]}
RESULT: {"actions":[{"id":"action70","type":"key","parameters":{},"actions":[{"type":"keyDown","value":"î€‡"},{"type":"pause","duration":10},{"type":"keyUp","value":"î€‡"}]}]}
COMMAND: GET /session/76bbe7a963ba333ac6e3770165032c4a/screenshot - {}
RESULT: {}
COMMAND: POST /session/76bbe7a963ba333ac6e3770165032c4a/execute/async - {"script":"<script> [1562 bytes]","args":[{"selector":{"controlType":"sap.ui.core.Icon","viewName":"etm.portal.ui.managehandovers.view.MasterHO","properties":{"src":{"regex":{"source":"slim\\-arrow\\-right"}}}},"wdio_ui5_key":"etmportal.ui.managehandovers.view.MasterHOsap.ui.core.Icon{\"src\":{\"regex\":{\"source\":\"slim\\\\-arrow\\\\-right\"}}}"}]}
RESULT: {"script":"<script> [1562 bytes]","args":[{"selector":{"controlType":"sap.ui.core.Icon","viewName":"etm.portal.ui.managehandovers.view.MasterHO","properties":{"src":{"regex":{"source":"slim\\-arrow\\-right"}}}},"wdio_ui5_key":"etmportal.ui.managehandovers.view.MasterHOsap.ui.core.Icon{\"src\":{\"regex\":{\"source\":\"slim\\\\-arrow\\\\-right\"}}}"}]}
RESULT: undefined
COMMAND: POST /session/76bbe7a963ba333ac6e3770165032c4a/element - {"using":"xpath","value":"//*[@id=\"__item1866-__clone3562-imgNav\"]"}
RESULT: {"using":"xpath","value":"//*[@id=\"__item1866-__clone3562-imgNav\"]"}
COMMAND: POST /session/76bbe7a963ba333ac6e3770165032c4a/element/f.37B6A3D8B8D5C040CDE4E4CEB4627624.d.2A16EA8A9A551F6044704EDEA8FE060C.e.22848/click - {}
RESULT: {}
COMMAND: GET /session/76bbe7a963ba333ac6e3770165032c4a/screenshot - {}
RESULT: {}
COMMAND: POST /session/76bbe7a963ba333ac6e3770165032c4a/execute/async - {"script":"<script> [1562 bytes]","args":[{"selector":{"controlType":"sap.m.Button","viewName":"etm.portal.ui.managehandovers.view.DetailExecuteHO","i18NText":{"propertyName":"text","key":"confirmAll"},"interaction":{"idSuffix":"BDI-content"}},"wdio_ui5_key":"etmportal.ui.managehandovers.view.DetailExecuteHOsap.m.Button{\"propertyName\":\"text\",\"key\":\"confirmAll\"}"}]}
RESULT: {"script":"<script> [1562 bytes]","args":[{"selector":{"controlType":"sap.m.Button","viewName":"etm.portal.ui.managehandovers.view.DetailExecuteHO","i18NText":{"propertyName":"text","key":"confirmAll"},"interaction":{"idSuffix":"BDI-content"}},"wdio_ui5_key":"etmportal.ui.managehandovers.view.DetailExecuteHOsap.m.Button{\"propertyName\":\"text\",\"key\":\"confirmAll\"}"}]}
RESULT: undefined
COMMAND: POST /session/76bbe7a963ba333ac6e3770165032c4a/element - {"using":"xpath","value":"//*[@id=\"__button280\"]"}
RESULT: {"using":"xpath","value":"//*[@id=\"__button280\"]"}
COMMAND: POST /session/76bbe7a963ba333ac6e3770165032c4a/element/f.37B6A3D8B8D5C040CDE4E4CEB4627624.d.2A16EA8A9A551F6044704EDEA8FE060C.e.22929/click - {}
RESULT: {}
COMMAND: GET /session/76bbe7a963ba333ac6e3770165032c4a/screenshot - {}
RESULT: {}
COMMAND: POST /session/76bbe7a963ba333ac6e3770165032c4a/actions - {"actions":[{"id":"action71","type":"key","parameters":{},"actions":[{"type":"keyDown","value":"î€‡"},{"type":"pause","duration":10},{"type":"keyUp","value":"î€‡"}]}]}
RESULT: {"actions":[{"id":"action71","type":"key","parameters":{},"actions":[{"type":"keyDown","value":"î€‡"},{"type":"pause","duration":10},{"type":"keyUp","value":"î€‡"}]}]}
COMMAND: GET /session/76bbe7a963ba333ac6e3770165032c4a/screenshot - {}
RESULT: {}
COMMAND: POST /session/76bbe7a963ba333ac6e3770165032c4a/element - {"using":"xpath","value":"//button[@data-kt=\"execHoIssueButton\"]"}
RESULT: {"using":"xpath","value":"//button[@data-kt=\"execHoIssueButton\"]"}
COMMAND: POST /session/76bbe7a963ba333ac6e3770165032c4a/element/f.37B6A3D8B8D5C040CDE4E4CEB4627624.d.2A16EA8A9A551F6044704EDEA8FE060C.e.22937/click - {}
RESULT: {}
COMMAND: GET /session/76bbe7a963ba333ac6e3770165032c4a/screenshot - {}
RESULT: {}
RESULT: undefined
COMMAND: POST /session/76bbe7a963ba333ac6e3770165032c4a/execute/async - {"script":"<script> [776 bytes]","args":[{"enterText":"30805","selector":{"controlType":"sap.m.SearchField","viewName":"etm.portal.ui.managehandovers.view.MasterHO","bindingPath":{"propertyPath":"/_BASIC_SEARCH_FIELD","modelName":"fi1t3rM0d31"},"interaction":{"idSuffix":"I"}},"clearTextFirst":true,"interactionType":"ENTER_TEXT"}]}
RESULT: {"script":"<script> [776 bytes]","args":[{"enterText":"30805","selector":{"controlType":"sap.m.SearchField","viewName":"etm.portal.ui.managehandovers.view.MasterHO","bindingPath":{"propertyPath":"/_BASIC_SEARCH_FIELD","modelName":"fi1t3rM0d31"},"interaction":{"idSuffix":"I"}},"clearTextFirst":true,"interactionType":"ENTER_TEXT"}]}
COMMAND: POST /session/76bbe7a963ba333ac6e3770165032c4a/actions - {"actions":[{"id":"action72","type":"key","parameters":{},"actions":[{"type":"keyDown","value":"î€‡"},{"type":"pause","duration":10},{"type":"keyUp","value":"î€‡"}]}]}
RESULT: {"actions":[{"id":"action72","type":"key","parameters":{},"actions":[{"type":"keyDown","value":"î€‡"},{"type":"pause","duration":10},{"type":"keyUp","value":"î€‡"}]}]}
COMMAND: GET /session/76bbe7a963ba333ac6e3770165032c4a/screenshot - {}
RESULT: {}
COMMAND: POST /session/76bbe7a963ba333ac6e3770165032c4a/element - {"using":"xpath","value":"//span[(text() = '30805' or . = '30805')]"}
RESULT: {"using":"xpath","value":"//span[(text() = '30805' or . = '30805')]"}
COMMAND: POST /session/76bbe7a963ba333ac6e3770165032c4a/element/f.37B6A3D8B8D5C040CDE4E4CEB4627624.d.2A16EA8A9A551F6044704EDEA8FE060C.e.22984/click - {}
RESULT: {}
COMMAND: GET /session/76bbe7a963ba333ac6e3770165032c4a/screenshot - {}
RESULT: {}
COMMAND: POST /session/76bbe7a963ba333ac6e3770165032c4a/element - {"using":"xpath","value":"//span[contains(text(), \"Instructions\")]"}
RESULT: {"using":"xpath","value":"//span[contains(text(), \"Instructions\")]"}
COMMAND: POST /session/76bbe7a963ba333ac6e3770165032c4a/element/f.37B6A3D8B8D5C040CDE4E4CEB4627624.d.2A16EA8A9A551F6044704EDEA8FE060C.e.23020/click - {}
RESULT: {}
COMMAND: GET /session/76bbe7a963ba333ac6e3770165032c4a/screenshot - {}
RESULT: {}
COMMAND: POST /session/76bbe7a963ba333ac6e3770165032c4a/element - {"using":"xpath","value":"//span[contains(text(), \"Instructions\")]"}
RESULT: {"using":"xpath","value":"//span[contains(text(), \"Instructions\")]"}
COMMAND: POST /session/76bbe7a963ba333ac6e3770165032c4a/element/f.37B6A3D8B8D5C040CDE4E4CEB4627624.d.2A16EA8A9A551F6044704EDEA8FE060C.e.23020/click - {}
RESULT: {}
COMMAND: GET /session/76bbe7a963ba333ac6e3770165032c4a/screenshot - {}
RESULT: {}
COMMAND: POST /session/76bbe7a963ba333ac6e3770165032c4a/execute/async - {"script":"<script> [1562 bytes]","args":[{"selector":{"controlType":"sap.m.ComboBox","viewName":"etm.portal.ui.managehandovers.view.DetailExecuteHO","bindingPath":{"propertyPath":"RECEIVING_SECTION","modelName":"catalogModel"},"interaction":{"idSuffix":"inner"}},"wdio_ui5_key":"etmportal.ui.managehandovers.view.DetailExecuteHOsap.m.ComboBox{\"propertyPath\":\"RECEIVING_SECTION\",\"modelName\":\"catalogModel\"}"}]}
RESULT: {"script":"<script> [1562 bytes]","args":[{"selector":{"controlType":"sap.m.ComboBox","viewName":"etm.portal.ui.managehandovers.view.DetailExecuteHO","bindingPath":{"propertyPath":"RECEIVING_SECTION","modelName":"catalogModel"},"interaction":{"idSuffix":"inner"}},"wdio_ui5_key":"etmportal.ui.managehandovers.view.DetailExecuteHOsap.m.ComboBox{\"propertyPath\":\"RECEIVING_SECTION\",\"modelName\":\"catalogModel\"}"}]}
RESULT: undefined
COMMAND: POST /session/76bbe7a963ba333ac6e3770165032c4a/execute/async - {"script":"<script> [776 bytes]","args":[{"enterText":"WDIO-2289","selector":{"controlType":"sap.m.ComboBox","viewName":"etm.portal.ui.managehandovers.view.DetailExecuteHO","bindingPath":{"propertyPath":"RECEIVING_SECTION","modelName":"catalogModel"},"interaction":{"idSuffix":"inner"}},"clearTextFirst":true,"interactionType":"ENTER_TEXT"}]}
RESULT: {"script":"<script> [776 bytes]","args":[{"enterText":"WDIO-2289","selector":{"controlType":"sap.m.ComboBox","viewName":"etm.portal.ui.managehandovers.view.DetailExecuteHO","bindingPath":{"propertyPath":"RECEIVING_SECTION","modelName":"catalogModel"},"interaction":{"idSuffix":"inner"}},"clearTextFirst":true,"interactionType":"ENTER_TEXT"}]}
COMMAND: POST /session/76bbe7a963ba333ac6e3770165032c4a/actions - {"actions":[{"id":"action73","type":"key","parameters":{},"actions":[{"type":"keyDown","value":"î€‡"},{"type":"pause","duration":10},{"type":"keyUp","value":"î€‡"}]}]}
RESULT: {"actions":[{"id":"action73","type":"key","parameters":{},"actions":[{"type":"keyDown","value":"î€‡"},{"type":"pause","duration":10},{"type":"keyUp","value":"î€‡"}]}]}
COMMAND: GET /session/76bbe7a963ba333ac6e3770165032c4a/screenshot - {}
RESULT: {}
COMMAND: POST /session/76bbe7a963ba333ac6e3770165032c4a/element - {"using":"xpath","value":"//button[@data-kt= \"execHoReceiveButton\"]"}
RESULT: {"using":"xpath","value":"//button[@data-kt= \"execHoReceiveButton\"]"}
COMMAND: POST /session/76bbe7a963ba333ac6e3770165032c4a/element/f.37B6A3D8B8D5C040CDE4E4CEB4627624.d.2A16EA8A9A551F6044704EDEA8FE060C.e.23025/click - {}
RESULT: {}
COMMAND: GET /session/76bbe7a963ba333ac6e3770165032c4a/screenshot - {}
RESULT: {}
COMMAND: POST /session/76bbe7a963ba333ac6e3770165032c4a/execute/async - {"script":"<script> [1562 bytes]","args":[{"selector":{"controlType":"sap.m.Button","properties":{"text":"Continue"},"searchOpenDialogs":true,"interaction":{"idSuffix":"content"}},"wdio_ui5_key":"sapm.Button{\"text\":\"Continue\"}"}]}
RESULT: {"script":"<script> [1562 bytes]","args":[{"selector":{"controlType":"sap.m.Button","properties":{"text":"Continue"},"searchOpenDialogs":true,"interaction":{"idSuffix":"content"}},"wdio_ui5_key":"sapm.Button{\"text\":\"Continue\"}"}]}
RESULT: undefined
COMMAND: POST /session/76bbe7a963ba333ac6e3770165032c4a/element - {"using":"xpath","value":"//*[@id=\"__mbox-btn-6\"]"}
RESULT: {"using":"xpath","value":"//*[@id=\"__mbox-btn-6\"]"}
COMMAND: POST /session/76bbe7a963ba333ac6e3770165032c4a/element/f.37B6A3D8B8D5C040CDE4E4CEB4627624.d.2A16EA8A9A551F6044704EDEA8FE060C.e.23026/click - {}
RESULT: {}
COMMAND: GET /session/76bbe7a963ba333ac6e3770165032c4a/screenshot - {}
RESULT: {}
COMMAND: POST /session/76bbe7a963ba333ac6e3770165032c4a/element - {"using":"css selector","value":"#shell-header-logo"}
RESULT: {"using":"css selector","value":"#shell-header-logo"}
COMMAND: POST /session/76bbe7a963ba333ac6e3770165032c4a/element/f.37B6A3D8B8D5C040CDE4E4CEB4627624.d.2A16EA8A9A551F6044704EDEA8FE060C.e.22579/click - {}
RESULT: {}
COMMAND: GET /session/76bbe7a963ba333ac6e3770165032c4a/screenshot - {}
RESULT: {}
]]></system-out>
    </testcase>
    <testcase classname="chrome.136_0_7103_93.windows.Return_from_Site_w/_warehouse_management_w_clarification" name="Should test for Clarification" time="58.838">
      <system-out><![CDATA[
RESULT: undefined
COMMAND: POST /session/76bbe7a963ba333ac6e3770165032c4a/element - {"using":"xpath","value":"//*[@id=\"__tile132\"]"}
RESULT: {"using":"xpath","value":"//*[@id=\"__tile132\"]"}
COMMAND: POST /session/76bbe7a963ba333ac6e3770165032c4a/element/f.37B6A3D8B8D5C040CDE4E4CEB4627624.d.2A16EA8A9A551F6044704EDEA8FE060C.e.19718/click - {}
RESULT: {}
COMMAND: GET /session/76bbe7a963ba333ac6e3770165032c4a/screenshot - {}
RESULT: {}
COMMAND: POST /session/76bbe7a963ba333ac6e3770165032c4a/elements - {"using":"xpath","value":"//span[text()='Error']"}
RESULT: {"using":"xpath","value":"//span[text()='Error']"}
RESULT: undefined
COMMAND: POST /session/76bbe7a963ba333ac6e3770165032c4a/execute/async - {"script":"<script> [776 bytes]","args":[{"enterText":"30805","selector":{"controlType":"sap.m.SearchField","viewName":"etm.portal.ui.managehandovers.view.MasterHO","bindingPath":{"propertyPath":"/_BASIC_SEARCH_FIELD","modelName":"fi1t3rM0d31"},"interaction":{"idSuffix":"I"}},"clearTextFirst":true,"interactionType":"ENTER_TEXT"}]}
RESULT: {"script":"<script> [776 bytes]","args":[{"enterText":"30805","selector":{"controlType":"sap.m.SearchField","viewName":"etm.portal.ui.managehandovers.view.MasterHO","bindingPath":{"propertyPath":"/_BASIC_SEARCH_FIELD","modelName":"fi1t3rM0d31"},"interaction":{"idSuffix":"I"}},"clearTextFirst":true,"interactionType":"ENTER_TEXT"}]}
COMMAND: POST /session/76bbe7a963ba333ac6e3770165032c4a/actions - {"actions":[{"id":"action74","type":"key","parameters":{},"actions":[{"type":"keyDown","value":"î€‡"},{"type":"pause","duration":10},{"type":"keyUp","value":"î€‡"}]}]}
RESULT: {"actions":[{"id":"action74","type":"key","parameters":{},"actions":[{"type":"keyDown","value":"î€‡"},{"type":"pause","duration":10},{"type":"keyUp","value":"î€‡"}]}]}
COMMAND: GET /session/76bbe7a963ba333ac6e3770165032c4a/screenshot - {}
RESULT: {}
COMMAND: POST /session/76bbe7a963ba333ac6e3770165032c4a/element - {"using":"xpath","value":"//span[(text() = '30805' or . = '30805')]"}
RESULT: {"using":"xpath","value":"//span[(text() = '30805' or . = '30805')]"}
COMMAND: POST /session/76bbe7a963ba333ac6e3770165032c4a/element/f.37B6A3D8B8D5C040CDE4E4CEB4627624.d.2A16EA8A9A551F6044704EDEA8FE060C.e.23184/click - {}
RESULT: {}
COMMAND: GET /session/76bbe7a963ba333ac6e3770165032c4a/screenshot - {}
RESULT: {}
COMMAND: POST /session/76bbe7a963ba333ac6e3770165032c4a/element - {"using":"xpath","value":"//span[contains(text(), \"Instructions\")]"}
RESULT: {"using":"xpath","value":"//span[contains(text(), \"Instructions\")]"}
COMMAND: POST /session/76bbe7a963ba333ac6e3770165032c4a/element/f.37B6A3D8B8D5C040CDE4E4CEB4627624.d.2A16EA8A9A551F6044704EDEA8FE060C.e.23270/click - {}
RESULT: {}
COMMAND: GET /session/76bbe7a963ba333ac6e3770165032c4a/screenshot - {}
RESULT: {}
COMMAND: POST /session/76bbe7a963ba333ac6e3770165032c4a/element - {"using":"xpath","value":"//span[contains(text(), \"Instructions\")]"}
RESULT: {"using":"xpath","value":"//span[contains(text(), \"Instructions\")]"}
COMMAND: POST /session/76bbe7a963ba333ac6e3770165032c4a/element/f.37B6A3D8B8D5C040CDE4E4CEB4627624.d.2A16EA8A9A551F6044704EDEA8FE060C.e.23270/click - {}
RESULT: {}
COMMAND: GET /session/76bbe7a963ba333ac6e3770165032c4a/screenshot - {}
RESULT: {}
COMMAND: POST /session/76bbe7a963ba333ac6e3770165032c4a/element - {"using":"xpath","value":"//button[.//bdi[text() = \"Refuse\"]]"}
RESULT: {"using":"xpath","value":"//button[.//bdi[text() = \"Refuse\"]]"}
COMMAND: POST /session/76bbe7a963ba333ac6e3770165032c4a/element/f.37B6A3D8B8D5C040CDE4E4CEB4627624.d.2A16EA8A9A551F6044704EDEA8FE060C.e.23276/click - {}
RESULT: {}
COMMAND: GET /session/76bbe7a963ba333ac6e3770165032c4a/screenshot - {}
RESULT: {}
COMMAND: POST /session/76bbe7a963ba333ac6e3770165032c4a/element - {"using":"xpath","value":"//button[@data-kt= \"execHoReceiveRefuseButton\"]"}
RESULT: {"using":"xpath","value":"//button[@data-kt= \"execHoReceiveRefuseButton\"]"}
COMMAND: POST /session/76bbe7a963ba333ac6e3770165032c4a/element/f.37B6A3D8B8D5C040CDE4E4CEB4627624.d.2A16EA8A9A551F6044704EDEA8FE060C.e.23278/click - {}
RESULT: {}
COMMAND: GET /session/76bbe7a963ba333ac6e3770165032c4a/screenshot - {}
RESULT: {}
]]></system-out>
    </testcase>
  </testsuite>
  <testsuite timestamp="2025-05-20T06:38:38" time="404.696" tests="9" failures="0" errors="0" skipped="0">
    <properties>
      <property name="specId" value="0" />
      <property name="suiteName" value="Create masterdata for Yard Overview - trigger provide US130988" />
      <property name="capabilities" value="chrome.136_0_7103_93.windows" />
      <property name="file" value="file:///D:/a/1/s/test/specs/HTR/stock-decrease.spec.js" />
    </properties>
    <testcase classname="chrome.136_0_7103_93.windows.Create_masterdata_for_Yard_Overview_-_trigger_provide_US130988" name="Should create a new WHM yard" time="0.021">
      <system-out><![CDATA[
COMMAND: POST /session/76bbe7a963ba333ac6e3770165032c4a/window/fullscreen - {}
RESULT: {}
]]></system-out>
    </testcase>
    <testcase classname="chrome.136_0_7103_93.windows.Create_masterdata_for_Yard_Overview_-_trigger_provide_US130988" name="Should create a new partner" time="0.003" />
    <testcase classname="chrome.136_0_7103_93.windows.Create_masterdata_for_Yard_Overview_-_trigger_provide_US130988" name="Should create a new site" time="0.003" />
    <testcase classname="chrome.136_0_7103_93.windows.Create_masterdata_for_Yard_Overview_-_trigger_provide_US130988" name="Should create a new material" time="109.495">
      <system-out><![CDATA[
COMMAND: POST /session/76bbe7a963ba333ac6e3770165032c4a/execute/async - {"script":"<script> [1562 bytes]","args":[{"selector":{"controlType":"sap.m.GenericTile","properties":{"header":"Manage Resources"}},"wdio_ui5_key":"sapm.GenericTile{\"header\":\"Manage Resources\"}"}]}
RESULT: {"script":"<script> [1562 bytes]","args":[{"selector":{"controlType":"sap.m.GenericTile","properties":{"header":"Manage Resources"}},"wdio_ui5_key":"sapm.GenericTile{\"header\":\"Manage Resources\"}"}]}
RESULT: undefined
COMMAND: POST /session/76bbe7a963ba333ac6e3770165032c4a/element - {"using":"xpath","value":"//*[@id=\"__tile31\"]"}
RESULT: {"using":"xpath","value":"//*[@id=\"__tile31\"]"}
COMMAND: POST /session/76bbe7a963ba333ac6e3770165032c4a/element/f.37B6A3D8B8D5C040CDE4E4CEB4627624.d.2D4890445E9389604870321708500EAE.e.23352/click - {}
RESULT: {}
COMMAND: GET /session/76bbe7a963ba333ac6e3770165032c4a/screenshot - {}
RESULT: {}
COMMAND: POST /session/76bbe7a963ba333ac6e3770165032c4a/elements - {"using":"xpath","value":"//span[text()='Error']"}
RESULT: {"using":"xpath","value":"//span[text()='Error']"}
COMMAND: POST /session/76bbe7a963ba333ac6e3770165032c4a/element - {"using":"xpath","value":"//button[@data-kt=\"addNewRUOverflowToolbarButton\"]"}
RESULT: {"using":"xpath","value":"//button[@data-kt=\"addNewRUOverflowToolbarButton\"]"}
COMMAND: POST /session/76bbe7a963ba333ac6e3770165032c4a/elements - {"using":"xpath","value":"//button[@data-kt=\"addNewRUOverflowToolbarButton\"]"}
RESULT: {"using":"xpath","value":"//button[@data-kt=\"addNewRUOverflowToolbarButton\"]"}
COMMAND: POST /session/76bbe7a963ba333ac6e3770165032c4a/execute/sync - {"script":"<script> [8489 bytes]","args":[{"element-6066-11e4-a52e-4f735466cecf":"f.37B6A3D8B8D5C040CDE4E4CEB4627624.d.2D4890445E9389604870321708500EAE.e.23491","ELEMENT":"f.37B6A3D8B8D5C040CDE4E4CEB4627624.d.2D4890445E9389604870321708500EAE.e.23491"}]}
RESULT: {"script":"<script> [8489 bytes]","args":[{"element-6066-11e4-a52e-4f735466cecf":"f.37B6A3D8B8D5C040CDE4E4CEB4627624.d.2D4890445E9389604870321708500EAE.e.23491","ELEMENT":"f.37B6A3D8B8D5C040CDE4E4CEB4627624.d.2D4890445E9389604870321708500EAE.e.23491"}]}
COMMAND: GET /session/76bbe7a963ba333ac6e3770165032c4a/element/f.37B6A3D8B8D5C040CDE4E4CEB4627624.d.2D4890445E9389604870321708500EAE.e.23491/enabled - {}
COMMAND: GET /session/76bbe7a963ba333ac6e3770165032c4a/screenshot - {}
RESULT: {}
COMMAND: POST /session/76bbe7a963ba333ac6e3770165032c4a/execute/sync - {"script":"<script> [8489 bytes]","args":[{"element-6066-11e4-a52e-4f735466cecf":"f.37B6A3D8B8D5C040CDE4E4CEB4627624.d.2D4890445E9389604870321708500EAE.e.23491","ELEMENT":"f.37B6A3D8B8D5C040CDE4E4CEB4627624.d.2D4890445E9389604870321708500EAE.e.23491"}]}
COMMAND: GET /session/76bbe7a963ba333ac6e3770165032c4a/screenshot - {}
RESULT: {}
RESULT: {"script":"<script> [8489 bytes]","args":[{"element-6066-11e4-a52e-4f735466cecf":"f.37B6A3D8B8D5C040CDE4E4CEB4627624.d.2D4890445E9389604870321708500EAE.e.23491","ELEMENT":"f.37B6A3D8B8D5C040CDE4E4CEB4627624.d.2D4890445E9389604870321708500EAE.e.23491"}]}
COMMAND: POST /session/76bbe7a963ba333ac6e3770165032c4a/execute/sync - {"script":"<script> [5351 bytes]","args":[{"element-6066-11e4-a52e-4f735466cecf":"f.37B6A3D8B8D5C040CDE4E4CEB4627624.d.2D4890445E9389604870321708500EAE.e.23491","ELEMENT":"f.37B6A3D8B8D5C040CDE4E4CEB4627624.d.2D4890445E9389604870321708500EAE.e.23491"}]}
COMMAND: GET /session/76bbe7a963ba333ac6e3770165032c4a/screenshot - {}
RESULT: {}
RESULT: {"script":"<script> [5351 bytes]","args":[{"element-6066-11e4-a52e-4f735466cecf":"f.37B6A3D8B8D5C040CDE4E4CEB4627624.d.2D4890445E9389604870321708500EAE.e.23491","ELEMENT":"f.37B6A3D8B8D5C040CDE4E4CEB4627624.d.2D4890445E9389604870321708500EAE.e.23491"}]}
COMMAND: POST /session/76bbe7a963ba333ac6e3770165032c4a/element/f.37B6A3D8B8D5C040CDE4E4CEB4627624.d.2D4890445E9389604870321708500EAE.e.23491/click - {}
COMMAND: GET /session/76bbe7a963ba333ac6e3770165032c4a/screenshot - {}
RESULT: {}
RESULT: {}
COMMAND: GET /session/76bbe7a963ba333ac6e3770165032c4a/screenshot - {}
RESULT: {}
COMMAND: POST /session/76bbe7a963ba333ac6e3770165032c4a/execute/async - {"script":"<script> [1562 bytes]","args":[{"selector":{"id":"application-manageresources-display-component---newResourceUnit--TYPE-arrow"},"wdio_ui5_key":"applicationmanageresources-display-component---newResourceUnit--TYPE-arrow"}]}
RESULT: {}
RESULT: {"script":"<script> [1562 bytes]","args":[{"selector":{"id":"application-manageresources-display-component---newResourceUnit--TYPE-arrow"},"wdio_ui5_key":"applicationmanageresources-display-component---newResourceUnit--TYPE-arrow"}]}
RESULT: undefined
COMMAND: POST /session/76bbe7a963ba333ac6e3770165032c4a/element - {"using":"xpath","value":"//*[@id=\"application-manageresources-display-component---newResourceUnit--TYPE-arrow\"]"}
RESULT: {"using":"xpath","value":"//*[@id=\"application-manageresources-display-component---newResourceUnit--TYPE-arrow\"]"}
COMMAND: POST /session/76bbe7a963ba333ac6e3770165032c4a/element/f.37B6A3D8B8D5C040CDE4E4CEB4627624.d.2D4890445E9389604870321708500EAE.e.23848/click - {}
RESULT: {}
COMMAND: POST /session/76bbe7a963ba333ac6e3770165032c4a/element - {"using":"xpath","value":"//input[@id=\"application-manageresources-display-component---newResourceUnit--TYPE-inner\"]"}
COMMAND: GET /session/76bbe7a963ba333ac6e3770165032c4a/screenshot - {}
RESULT: {"using":"xpath","value":"//input[@id=\"application-manageresources-display-component---newResourceUnit--TYPE-inner\"]"}
COMMAND: POST /session/76bbe7a963ba333ac6e3770165032c4a/element/f.37B6A3D8B8D5C040CDE4E4CEB4627624.d.2D4890445E9389604870321708500EAE.e.23829/clear - {}
RESULT: {}
RESULT: {}
COMMAND: POST /session/76bbe7a963ba333ac6e3770165032c4a/element/f.37B6A3D8B8D5C040CDE4E4CEB4627624.d.2D4890445E9389604870321708500EAE.e.23829/value - {"text":"Material"}
COMMAND: GET /session/76bbe7a963ba333ac6e3770165032c4a/screenshot - {}
RESULT: {"text":"Material"}
COMMAND: GET /session/76bbe7a963ba333ac6e3770165032c4a/screenshot - {}
RESULT: {}
RESULT: {}
COMMAND: POST /session/76bbe7a963ba333ac6e3770165032c4a/actions - {"actions":[{"id":"action75","type":"key","parameters":{},"actions":[{"type":"keyDown","value":"î€‡"},{"type":"pause","duration":10},{"type":"keyUp","value":"î€‡"}]}]}
RESULT: {"actions":[{"id":"action75","type":"key","parameters":{},"actions":[{"type":"keyDown","value":"î€‡"},{"type":"pause","duration":10},{"type":"keyUp","value":"î€‡"}]}]}
COMMAND: POST /session/76bbe7a963ba333ac6e3770165032c4a/execute/async - {"script":"<script> [1562 bytes]","args":[{"selector":{"id":"application-manageresources-display-component---newResourceUnit--SHORT_TEXT","interaction":{"idSuffix":"inner"}},"wdio_ui5_key":"applicationmanageresources-display-component---newResourceUnit--SHORT_TEXT"}]}
COMMAND: GET /session/76bbe7a963ba333ac6e3770165032c4a/screenshot - {}
RESULT: {"script":"<script> [1562 bytes]","args":[{"selector":{"id":"application-manageresources-display-component---newResourceUnit--SHORT_TEXT","interaction":{"idSuffix":"inner"}},"wdio_ui5_key":"applicationmanageresources-display-component---newResourceUnit--SHORT_TEXT"}]}
RESULT: undefined
COMMAND: POST /session/76bbe7a963ba333ac6e3770165032c4a/execute/async - {"script":"<script> [776 bytes]","args":[{"enterText":"Cement WDIO","selector":{"id":"application-manageresources-display-component---newResourceUnit--SHORT_TEXT","interaction":{"idSuffix":"inner"}},"clearTextFirst":true,"interactionType":"ENTER_TEXT"}]}
RESULT: {}
RESULT: {"script":"<script> [776 bytes]","args":[{"enterText":"Cement WDIO","selector":{"id":"application-manageresources-display-component---newResourceUnit--SHORT_TEXT","interaction":{"idSuffix":"inner"}},"clearTextFirst":true,"interactionType":"ENTER_TEXT"}]}
COMMAND: POST /session/76bbe7a963ba333ac6e3770165032c4a/execute/async - {"script":"<script> [1562 bytes]","args":[{"selector":{"id":"application-manageresources-display-component---newResourceUnit--BASE_UNIT_OF_MEASURE","interaction":{"idSuffix":"inner"}},"wdio_ui5_key":"applicationmanageresources-display-component---newResourceUnit--BASE_UNIT_OF_MEASURE"}]}
RESULT: {"script":"<script> [1562 bytes]","args":[{"selector":{"id":"application-manageresources-display-component---newResourceUnit--BASE_UNIT_OF_MEASURE","interaction":{"idSuffix":"inner"}},"wdio_ui5_key":"applicationmanageresources-display-component---newResourceUnit--BASE_UNIT_OF_MEASURE"}]}
RESULT: undefined
COMMAND: POST /session/76bbe7a963ba333ac6e3770165032c4a/execute/async - {"script":"<script> [776 bytes]","args":[{"enterText":"Piece","selector":{"id":"application-manageresources-display-component---newResourceUnit--BASE_UNIT_OF_MEASURE","interaction":{"idSuffix":"inner"}},"clearTextFirst":true,"interactionType":"ENTER_TEXT"}]}
RESULT: {"script":"<script> [776 bytes]","args":[{"enterText":"Piece","selector":{"id":"application-manageresources-display-component---newResourceUnit--BASE_UNIT_OF_MEASURE","interaction":{"idSuffix":"inner"}},"clearTextFirst":true,"interactionType":"ENTER_TEXT"}]}
COMMAND: POST /session/76bbe7a963ba333ac6e3770165032c4a/execute/async - {"script":"<script> [1562 bytes]","args":[{"selector":{"id":"application-manageresources-display-component---newResourceUnit--WEIGHT_UNIT","interaction":{"idSuffix":"inner"}},"wdio_ui5_key":"applicationmanageresources-display-component---newResourceUnit--WEIGHT_UNIT"}]}
RESULT: {"script":"<script> [1562 bytes]","args":[{"selector":{"id":"application-manageresources-display-component---newResourceUnit--WEIGHT_UNIT","interaction":{"idSuffix":"inner"}},"wdio_ui5_key":"applicationmanageresources-display-component---newResourceUnit--WEIGHT_UNIT"}]}
RESULT: undefined
COMMAND: POST /session/76bbe7a963ba333ac6e3770165032c4a/execute/async - {"script":"<script> [776 bytes]","args":[{"enterText":"Gram","selector":{"id":"application-manageresources-display-component---newResourceUnit--WEIGHT_UNIT","interaction":{"idSuffix":"inner"}},"clearTextFirst":true,"interactionType":"ENTER_TEXT"}]}
RESULT: {"script":"<script> [776 bytes]","args":[{"enterText":"Gram","selector":{"id":"application-manageresources-display-component---newResourceUnit--WEIGHT_UNIT","interaction":{"idSuffix":"inner"}},"clearTextFirst":true,"interactionType":"ENTER_TEXT"}]}
COMMAND: POST /session/76bbe7a963ba333ac6e3770165032c4a/execute/async - {"script":"<script> [1562 bytes]","args":[{"selector":{"id":"application-manageresources-display-component---newResourceUnit--DIMENSION_UNIT","interaction":{"idSuffix":"inner"}},"wdio_ui5_key":"applicationmanageresources-display-component---newResourceUnit--DIMENSION_UNIT"}]}
RESULT: {"script":"<script> [1562 bytes]","args":[{"selector":{"id":"application-manageresources-display-component---newResourceUnit--DIMENSION_UNIT","interaction":{"idSuffix":"inner"}},"wdio_ui5_key":"applicationmanageresources-display-component---newResourceUnit--DIMENSION_UNIT"}]}
RESULT: undefined
COMMAND: POST /session/76bbe7a963ba333ac6e3770165032c4a/execute/async - {"script":"<script> [776 bytes]","args":[{"enterText":"Meter","selector":{"id":"application-manageresources-display-component---newResourceUnit--DIMENSION_UNIT","interaction":{"idSuffix":"inner"}},"clearTextFirst":true,"interactionType":"ENTER_TEXT"}]}
RESULT: {"script":"<script> [776 bytes]","args":[{"enterText":"Meter","selector":{"id":"application-manageresources-display-component---newResourceUnit--DIMENSION_UNIT","interaction":{"idSuffix":"inner"}},"clearTextFirst":true,"interactionType":"ENTER_TEXT"}]}
COMMAND: POST /session/76bbe7a963ba333ac6e3770165032c4a/execute/async - {"script":"<script> [1562 bytes]","args":[{"selector":{"id":"application-manageresources-display-component---newResourceUnit--newRRUPage-anchBar-application-manageresources-display-component---newResourceUnit--control-anchor","interaction":{"idSuffix":"BDI-content"}},"wdio_ui5_key":"applicationmanageresources-display-component---newResourceUnit--newRRUPage-anchBar-application-manageresources-display-component---newResourceUnit--control-anchor"}]}
RESULT: {"script":"<script> [1562 bytes]","args":[{"selector":{"id":"application-manageresources-display-component---newResourceUnit--newRRUPage-anchBar-application-manageresources-display-component---newResourceUnit--control-anchor","interaction":{"idSuffix":"BDI-content"}},"wdio_ui5_key":"applicationmanageresources-display-component---newResourceUnit--newRRUPage-anchBar-application-manageresources-display-component---newResourceUnit--control-anchor"}]}
RESULT: undefined
COMMAND: POST /session/76bbe7a963ba333ac6e3770165032c4a/element - {"using":"xpath","value":"//*[@id=\"application-manageresources-display-component---newResourceUnit--newRRUPage-anchBar-application-manageresources-display-component---newResourceUnit--control-anchor\"]"}
RESULT: {"using":"xpath","value":"//*[@id=\"application-manageresources-display-component---newResourceUnit--newRRUPage-anchBar-application-manageresources-display-component---newResourceUnit--control-anchor\"]"}
COMMAND: POST /session/76bbe7a963ba333ac6e3770165032c4a/element/f.37B6A3D8B8D5C040CDE4E4CEB4627624.d.2D4890445E9389604870321708500EAE.e.23913/click - {}
RESULT: {}
COMMAND: POST /session/76bbe7a963ba333ac6e3770165032c4a/execute/async - {"script":"<script> [1562 bytes]","args":[{"selector":{"id":"application-manageresources-display-component---newResourceUnit--PLANNING_GROUP","interaction":{"idSuffix":"inner"}},"wdio_ui5_key":"applicationmanageresources-display-component---newResourceUnit--PLANNING_GROUP"}]}
COMMAND: GET /session/76bbe7a963ba333ac6e3770165032c4a/screenshot - {}
RESULT: {"script":"<script> [1562 bytes]","args":[{"selector":{"id":"application-manageresources-display-component---newResourceUnit--PLANNING_GROUP","interaction":{"idSuffix":"inner"}},"wdio_ui5_key":"applicationmanageresources-display-component---newResourceUnit--PLANNING_GROUP"}]}
RESULT: undefined
COMMAND: POST /session/76bbe7a963ba333ac6e3770165032c4a/execute/async - {"script":"<script> [776 bytes]","args":[{"enterText":"Material","selector":{"id":"application-manageresources-display-component---newResourceUnit--PLANNING_GROUP","interaction":{"idSuffix":"inner"}},"clearTextFirst":true,"interactionType":"ENTER_TEXT"}]}
RESULT: {}
RESULT: {"script":"<script> [776 bytes]","args":[{"enterText":"Material","selector":{"id":"application-manageresources-display-component---newResourceUnit--PLANNING_GROUP","interaction":{"idSuffix":"inner"}},"clearTextFirst":true,"interactionType":"ENTER_TEXT"}]}
COMMAND: POST /session/76bbe7a963ba333ac6e3770165032c4a/execute/async - {"script":"<script> [1562 bytes]","args":[{"selector":{"id":"application-manageresources-display-component---newResourceUnit--PLANNING_INDICATOR","interaction":{"idSuffix":"inner"}},"wdio_ui5_key":"applicationmanageresources-display-component---newResourceUnit--PLANNING_INDICATOR"}]}
RESULT: {"script":"<script> [1562 bytes]","args":[{"selector":{"id":"application-manageresources-display-component---newResourceUnit--PLANNING_INDICATOR","interaction":{"idSuffix":"inner"}},"wdio_ui5_key":"applicationmanageresources-display-component---newResourceUnit--PLANNING_INDICATOR"}]}
RESULT: undefined
COMMAND: POST /session/76bbe7a963ba333ac6e3770165032c4a/execute/async - {"script":"<script> [776 bytes]","args":[{"enterText":"10 - infinite","selector":{"id":"application-manageresources-display-component---newResourceUnit--PLANNING_INDICATOR","interaction":{"idSuffix":"inner"}},"clearTextFirst":true,"interactionType":"ENTER_TEXT"}]}
RESULT: {"script":"<script> [776 bytes]","args":[{"enterText":"10 - infinite","selector":{"id":"application-manageresources-display-component---newResourceUnit--PLANNING_INDICATOR","interaction":{"idSuffix":"inner"}},"clearTextFirst":true,"interactionType":"ENTER_TEXT"}]}
COMMAND: POST /session/76bbe7a963ba333ac6e3770165032c4a/element - {"using":"css selector","value":"#application-manageresources-display-component---newResourceUnit--btnAddTimeSegment"}
RESULT: {"using":"css selector","value":"#application-manageresources-display-component---newResourceUnit--btnAddTimeSegment"}
COMMAND: GET /session/76bbe7a963ba333ac6e3770165032c4a/element/f.37B6A3D8B8D5C040CDE4E4CEB4627624.d.2D4890445E9389604870321708500EAE.e.23921/rect - {}
RESULT: {}
COMMAND: GET /session/76bbe7a963ba333ac6e3770165032c4a/window/rect - {}
RESULT: {}
COMMAND: POST /session/76bbe7a963ba333ac6e3770165032c4a/execute/sync - {"script":"<script> [92 bytes]","args":[]}
RESULT: {"script":"<script> [92 bytes]","args":[]}
COMMAND: POST /session/76bbe7a963ba333ac6e3770165032c4a/actions - {"actions":[{"id":"action76","type":"wheel","parameters":{},"actions":[{"type":"scroll","x":-1888,"y":-32,"deltaX":0,"deltaY":0,"duration":0,"origin":{"element-6066-11e4-a52e-4f735466cecf":"f.37B6A3D8B8D5C040CDE4E4CEB4627624.d.2D4890445E9389604870321708500EAE.e.23921"}}]}]}
COMMAND: GET /session/76bbe7a963ba333ac6e3770165032c4a/screenshot - {}
RESULT: {}
COMMAND: POST /session/76bbe7a963ba333ac6e3770165032c4a/execute/sync - {"script":"<script> [79 bytes]","args":[{"element-6066-11e4-a52e-4f735466cecf":"f.37B6A3D8B8D5C040CDE4E4CEB4627624.d.2D4890445E9389604870321708500EAE.e.23921","ELEMENT":"f.37B6A3D8B8D5C040CDE4E4CEB4627624.d.2D4890445E9389604870321708500EAE.e.23921"},{"block":"start","inline":"nearest"}]}
RESULT: {"script":"<script> [79 bytes]","args":[{"element-6066-11e4-a52e-4f735466cecf":"f.37B6A3D8B8D5C040CDE4E4CEB4627624.d.2D4890445E9389604870321708500EAE.e.23921","ELEMENT":"f.37B6A3D8B8D5C040CDE4E4CEB4627624.d.2D4890445E9389604870321708500EAE.e.23921"},{"block":"start","inline":"nearest"}]}
COMMAND: POST /session/76bbe7a963ba333ac6e3770165032c4a/execute/async - {"script":"<script> [1562 bytes]","args":[{"selector":{"id":"application-manageresources-display-component---newResourceUnit--btnAddTimeSegment","interaction":{"idSuffix":"inner"}},"wdio_ui5_key":"applicationmanageresources-display-component---newResourceUnit--btnAddTimeSegment"}]}
COMMAND: GET /session/76bbe7a963ba333ac6e3770165032c4a/screenshot - {}
RESULT: {"script":"<script> [1562 bytes]","args":[{"selector":{"id":"application-manageresources-display-component---newResourceUnit--btnAddTimeSegment","interaction":{"idSuffix":"inner"}},"wdio_ui5_key":"applicationmanageresources-display-component---newResourceUnit--btnAddTimeSegment"}]}
RESULT: undefined
COMMAND: POST /session/76bbe7a963ba333ac6e3770165032c4a/element - {"using":"xpath","value":"//*[@id=\"application-manageresources-display-component---newResourceUnit--btnAddTimeSegment\"]"}
RESULT: {}
RESULT: {"using":"xpath","value":"//*[@id=\"application-manageresources-display-component---newResourceUnit--btnAddTimeSegment\"]"}
COMMAND: POST /session/76bbe7a963ba333ac6e3770165032c4a/element/f.37B6A3D8B8D5C040CDE4E4CEB4627624.d.2D4890445E9389604870321708500EAE.e.23921/click - {}
RESULT: {}
COMMAND: GET /session/76bbe7a963ba333ac6e3770165032c4a/screenshot - {}
RESULT: {}
COMMAND: POST /session/76bbe7a963ba333ac6e3770165032c4a/element - {"using":"xpath","value":"//input[@id=\"application-manageresources-display-component---newResourceUnit--idRuTSAdmin-application-manageresources-display-component---newResourceUnit--RUTimeSegment-0-inner\"]"}
RESULT: {"using":"xpath","value":"//input[@id=\"application-manageresources-display-component---newResourceUnit--idRuTSAdmin-application-manageresources-display-component---newResourceUnit--RUTimeSegment-0-inner\"]"}
COMMAND: POST /session/76bbe7a963ba333ac6e3770165032c4a/element/f.37B6A3D8B8D5C040CDE4E4CEB4627624.d.2D4890445E9389604870321708500EAE.e.23926/clear - {}
RESULT: {}
COMMAND: POST /session/76bbe7a963ba333ac6e3770165032c4a/element/f.37B6A3D8B8D5C040CDE4E4CEB4627624.d.2D4890445E9389604870321708500EAE.e.23926/value - {"text":"574"}
COMMAND: GET /session/76bbe7a963ba333ac6e3770165032c4a/screenshot - {}
RESULT: {"text":"574"}
COMMAND: GET /session/76bbe7a963ba333ac6e3770165032c4a/screenshot - {}
RESULT: {}
RESULT: {}
COMMAND: POST /session/76bbe7a963ba333ac6e3770165032c4a/element - {"using":"xpath","value":"//li[.//span[text()='574']]"}
RESULT: {"using":"xpath","value":"//li[.//span[text()='574']]"}
COMMAND: POST /session/76bbe7a963ba333ac6e3770165032c4a/element/f.37B6A3D8B8D5C040CDE4E4CEB4627624.d.2D4890445E9389604870321708500EAE.e.23937/click - {}
RESULT: {}
COMMAND: GET /session/76bbe7a963ba333ac6e3770165032c4a/screenshot - {}
RESULT: {}
COMMAND: POST /session/76bbe7a963ba333ac6e3770165032c4a/element - {"using":"xpath","value":"(//span[contains(@id, \"-application-manageresources-display-component---newResourceUnit--RUTimeSegment-0-arrow\")])[2]"}
RESULT: {"using":"xpath","value":"(//span[contains(@id, \"-application-manageresources-display-component---newResourceUnit--RUTimeSegment-0-arrow\")])[2]"}
COMMAND: POST /session/76bbe7a963ba333ac6e3770165032c4a/element/f.37B6A3D8B8D5C040CDE4E4CEB4627624.d.2D4890445E9389604870321708500EAE.e.23938/click - {}
RESULT: {}
COMMAND: POST /session/76bbe7a963ba333ac6e3770165032c4a/element - {"using":"xpath","value":"//span[contains(text(), \"PM Order\")]"}
COMMAND: GET /session/76bbe7a963ba333ac6e3770165032c4a/screenshot - {}
RESULT: {"using":"xpath","value":"//span[contains(text(), \"PM Order\")]"}
COMMAND: POST /session/76bbe7a963ba333ac6e3770165032c4a/element/f.37B6A3D8B8D5C040CDE4E4CEB4627624.d.2D4890445E9389604870321708500EAE.e.23939/click - {}
RESULT: {}
RESULT: {}
COMMAND: GET /session/76bbe7a963ba333ac6e3770165032c4a/screenshot - {}
RESULT: {}
COMMAND: POST /session/76bbe7a963ba333ac6e3770165032c4a/element - {"using":"xpath","value":"//td/div/div/div/span[contains(@id, \"newResourceUnit--RUTimeSegment-0-vhi\")][1]"}
RESULT: {"using":"xpath","value":"//td/div/div/div/span[contains(@id, \"newResourceUnit--RUTimeSegment-0-vhi\")][1]"}
COMMAND: GET /session/76bbe7a963ba333ac6e3770165032c4a/element/f.37B6A3D8B8D5C040CDE4E4CEB4627624.d.2D4890445E9389604870321708500EAE.e.23943/rect - {}
RESULT: {}
COMMAND: GET /session/76bbe7a963ba333ac6e3770165032c4a/window/rect - {}
RESULT: {}
COMMAND: POST /session/76bbe7a963ba333ac6e3770165032c4a/execute/sync - {"script":"<script> [92 bytes]","args":[]}
RESULT: {"script":"<script> [92 bytes]","args":[]}
COMMAND: POST /session/76bbe7a963ba333ac6e3770165032c4a/actions - {"actions":[{"id":"action77","type":"wheel","parameters":{},"actions":[{"type":"scroll","x":-1888,"y":-24,"deltaX":0,"deltaY":0,"duration":0,"origin":{"element-6066-11e4-a52e-4f735466cecf":"f.37B6A3D8B8D5C040CDE4E4CEB4627624.d.2D4890445E9389604870321708500EAE.e.23943"}}]}]}
COMMAND: GET /session/76bbe7a963ba333ac6e3770165032c4a/screenshot - {}
RESULT: {}
COMMAND: POST /session/76bbe7a963ba333ac6e3770165032c4a/execute/sync - {"script":"<script> [79 bytes]","args":[{"element-6066-11e4-a52e-4f735466cecf":"f.37B6A3D8B8D5C040CDE4E4CEB4627624.d.2D4890445E9389604870321708500EAE.e.23943","ELEMENT":"f.37B6A3D8B8D5C040CDE4E4CEB4627624.d.2D4890445E9389604870321708500EAE.e.23943"},{"block":"start","inline":"nearest"}]}
RESULT: {"script":"<script> [79 bytes]","args":[{"element-6066-11e4-a52e-4f735466cecf":"f.37B6A3D8B8D5C040CDE4E4CEB4627624.d.2D4890445E9389604870321708500EAE.e.23943","ELEMENT":"f.37B6A3D8B8D5C040CDE4E4CEB4627624.d.2D4890445E9389604870321708500EAE.e.23943"},{"block":"start","inline":"nearest"}]}
COMMAND: GET /session/76bbe7a963ba333ac6e3770165032c4a/screenshot - {}
RESULT: {}
COMMAND: POST /session/76bbe7a963ba333ac6e3770165032c4a/element/f.37B6A3D8B8D5C040CDE4E4CEB4627624.d.2D4890445E9389604870321708500EAE.e.23943/click - {}
RESULT: {}
COMMAND: GET /session/76bbe7a963ba333ac6e3770165032c4a/screenshot - {}
RESULT: {}
COMMAND: POST /session/76bbe7a963ba333ac6e3770165032c4a/execute/async - {"script":"<script> [1562 bytes]","args":[{"selector":{"controlType":"sap.m.SearchField","properties":{"placeholder":"Search"},"searchOpenDialogs":true,"interaction":{"idSuffix":"I"}},"wdio_ui5_key":"sapm.SearchField{\"placeholder\":\"Search\"}"}]}
RESULT: {"script":"<script> [1562 bytes]","args":[{"selector":{"controlType":"sap.m.SearchField","properties":{"placeholder":"Search"},"searchOpenDialogs":true,"interaction":{"idSuffix":"I"}},"wdio_ui5_key":"sapm.SearchField{\"placeholder\":\"Search\"}"}]}
RESULT: undefined
COMMAND: POST /session/76bbe7a963ba333ac6e3770165032c4a/execute/async - {"script":"<script> [776 bytes]","args":[{"enterText":"4000360","selector":{"controlType":"sap.m.SearchField","properties":{"placeholder":"Search"},"searchOpenDialogs":true,"interaction":{"idSuffix":"I"}},"clearTextFirst":true,"interactionType":"ENTER_TEXT"}]}
RESULT: {"script":"<script> [776 bytes]","args":[{"enterText":"4000360","selector":{"controlType":"sap.m.SearchField","properties":{"placeholder":"Search"},"searchOpenDialogs":true,"interaction":{"idSuffix":"I"}},"clearTextFirst":true,"interactionType":"ENTER_TEXT"}]}
COMMAND: POST /session/76bbe7a963ba333ac6e3770165032c4a/actions - {"actions":[{"id":"action78","type":"key","parameters":{},"actions":[{"type":"keyDown","value":"î€‡"},{"type":"pause","duration":10},{"type":"keyUp","value":"î€‡"}]}]}
RESULT: {"actions":[{"id":"action78","type":"key","parameters":{},"actions":[{"type":"keyDown","value":"î€‡"},{"type":"pause","duration":10},{"type":"keyUp","value":"î€‡"}]}]}
COMMAND: GET /session/76bbe7a963ba333ac6e3770165032c4a/screenshot - {}
RESULT: {}
COMMAND: POST /session/76bbe7a963ba333ac6e3770165032c4a/element - {"using":"xpath","value":"//td/div/span[contains(text(), \"BGL Vehicles\")]"}
RESULT: {"using":"xpath","value":"//td/div/span[contains(text(), \"BGL Vehicles\")]"}
COMMAND: POST /session/76bbe7a963ba333ac6e3770165032c4a/element/f.37B6A3D8B8D5C040CDE4E4CEB4627624.d.2D4890445E9389604870321708500EAE.e.23963/click - {}
RESULT: {}
COMMAND: GET /session/76bbe7a963ba333ac6e3770165032c4a/screenshot - {}
RESULT: {}
COMMAND: POST /session/76bbe7a963ba333ac6e3770165032c4a/element - {"using":"xpath","value":"//bdi[contains(text(), \"OK\")]"}
RESULT: {"using":"xpath","value":"//bdi[contains(text(), \"OK\")]"}
COMMAND: POST /session/76bbe7a963ba333ac6e3770165032c4a/element/f.37B6A3D8B8D5C040CDE4E4CEB4627624.d.2D4890445E9389604870321708500EAE.e.23964/click - {}
RESULT: {}
COMMAND: GET /session/76bbe7a963ba333ac6e3770165032c4a/screenshot - {}
RESULT: {}
COMMAND: POST /session/76bbe7a963ba333ac6e3770165032c4a/element - {"using":"xpath","value":"//label[contains(@class, 'sapMLabelRequired') and .//bdi[contains(text(), 'Planned Retirement')]]"}
RESULT: {"using":"xpath","value":"//label[contains(@class, 'sapMLabelRequired') and .//bdi[contains(text(), 'Planned Retirement')]]"}
COMMAND: POST /session/76bbe7a963ba333ac6e3770165032c4a/elements - {"using":"xpath","value":"//label[contains(@class, 'sapMLabelRequired') and .//bdi[contains(text(), 'Planned Retirement')]]"}
RESULT: {"using":"xpath","value":"//label[contains(@class, 'sapMLabelRequired') and .//bdi[contains(text(), 'Planned Retirement')]]"}
COMMAND: POST /session/76bbe7a963ba333ac6e3770165032c4a/element - {"using":"xpath","value":"//button[@data-kt=\"resourceUnitSaveButton\"]"}
RESULT: {"using":"xpath","value":"//button[@data-kt=\"resourceUnitSaveButton\"]"}
COMMAND: POST /session/76bbe7a963ba333ac6e3770165032c4a/element/f.37B6A3D8B8D5C040CDE4E4CEB4627624.d.2D4890445E9389604870321708500EAE.e.23865/click - {}
RESULT: {}
COMMAND: GET /session/76bbe7a963ba333ac6e3770165032c4a/screenshot - {}
RESULT: {}
COMMAND: POST /session/76bbe7a963ba333ac6e3770165032c4a/element - {"using":"xpath","value":"//bdi[contains(text(), \"Close\")]"}
RESULT: {"using":"xpath","value":"//bdi[contains(text(), \"Close\")]"}
COMMAND: POST /session/76bbe7a963ba333ac6e3770165032c4a/element/f.37B6A3D8B8D5C040CDE4E4CEB4627624.d.2D4890445E9389604870321708500EAE.e.23970/click - {}
RESULT: {}
COMMAND: GET /session/76bbe7a963ba333ac6e3770165032c4a/screenshot - {}
RESULT: {}
COMMAND: POST /session/76bbe7a963ba333ac6e3770165032c4a/element - {"using":"xpath","value":"//header[contains(@id, 'detailRruPage-headerTitle')]/div[1]/div[2]/div[2]/span[1]"}
RESULT: {"using":"xpath","value":"//header[contains(@id, 'detailRruPage-headerTitle')]/div[1]/div[2]/div[2]/span[1]"}
COMMAND: POST /session/76bbe7a963ba333ac6e3770165032c4a/elements - {"using":"xpath","value":"//header[contains(@id, 'detailRruPage-headerTitle')]/div[1]/div[2]/div[2]/span[1]"}
RESULT: {"using":"xpath","value":"//header[contains(@id, 'detailRruPage-headerTitle')]/div[1]/div[2]/div[2]/span[1]"}
COMMAND: POST /session/76bbe7a963ba333ac6e3770165032c4a/execute/sync - {"script":"<script> [56 bytes]","args":[{"element-6066-11e4-a52e-4f735466cecf":"f.37B6A3D8B8D5C040CDE4E4CEB4627624.d.2D4890445E9389604870321708500EAE.e.23998","ELEMENT":"f.37B6A3D8B8D5C040CDE4E4CEB4627624.d.2D4890445E9389604870321708500EAE.e.23998"}]}
RESULT: {"script":"<script> [56 bytes]","args":[{"element-6066-11e4-a52e-4f735466cecf":"f.37B6A3D8B8D5C040CDE4E4CEB4627624.d.2D4890445E9389604870321708500EAE.e.23998","ELEMENT":"f.37B6A3D8B8D5C040CDE4E4CEB4627624.d.2D4890445E9389604870321708500EAE.e.23998"}]}
COMMAND: POST /session/76bbe7a963ba333ac6e3770165032c4a/element - {"using":"css selector","value":"#shell-header-logo"}
COMMAND: GET /session/76bbe7a963ba333ac6e3770165032c4a/screenshot - {}
RESULT: {"using":"css selector","value":"#shell-header-logo"}
COMMAND: POST /session/76bbe7a963ba333ac6e3770165032c4a/element/f.37B6A3D8B8D5C040CDE4E4CEB4627624.d.2D4890445E9389604870321708500EAE.e.23333/click - {}
RESULT: {}
RESULT: {}
COMMAND: GET /session/76bbe7a963ba333ac6e3770165032c4a/screenshot - {}
RESULT: {}
]]></system-out>
    </testcase>
    <testcase classname="chrome.136_0_7103_93.windows.Create_masterdata_for_Yard_Overview_-_trigger_provide_US130988" name="Bin Status Report Should Create New Organization yard" time="0.004" />
    <testcase classname="chrome.136_0_7103_93.windows.Create_masterdata_for_Yard_Overview_-_trigger_provide_US130988" name="Create a Warehouse Movement for created yard" time="39.739">
      <system-out><![CDATA[
COMMAND: POST /session/76bbe7a963ba333ac6e3770165032c4a/execute/async - {"script":"<script> [1562 bytes]","args":[{"selector":{"controlType":"sap.m.GenericTile","properties":{"header":"Manage Warehouse Movements"}},"wdio_ui5_key":"sapm.GenericTile{\"header\":\"Manage Warehouse Movements\"}"}]}
RESULT: {"script":"<script> [1562 bytes]","args":[{"selector":{"controlType":"sap.m.GenericTile","properties":{"header":"Manage Warehouse Movements"}},"wdio_ui5_key":"sapm.GenericTile{\"header\":\"Manage Warehouse Movements\"}"}]}
RESULT: undefined
COMMAND: POST /session/76bbe7a963ba333ac6e3770165032c4a/element - {"using":"xpath","value":"//*[@id=\"__tile105\"]"}
RESULT: {"using":"xpath","value":"//*[@id=\"__tile105\"]"}
COMMAND: POST /session/76bbe7a963ba333ac6e3770165032c4a/element/f.37B6A3D8B8D5C040CDE4E4CEB4627624.d.2D4890445E9389604870321708500EAE.e.24002/click - {}
RESULT: {}
COMMAND: POST /session/76bbe7a963ba333ac6e3770165032c4a/element - {"using":"xpath","value":"//input[@id='application-warehousemovements-display-component---warehouseMovements--smartFilterBar-filterItemControl_BASIC-YARD-inner']"}
COMMAND: GET /session/76bbe7a963ba333ac6e3770165032c4a/screenshot - {}
RESULT: {"using":"xpath","value":"//input[@id='application-warehousemovements-display-component---warehouseMovements--smartFilterBar-filterItemControl_BASIC-YARD-inner']"}
COMMAND: POST /session/76bbe7a963ba333ac6e3770165032c4a/elements - {"using":"xpath","value":"//input[@id='application-warehousemovements-display-component---warehouseMovements--smartFilterBar-filterItemControl_BASIC-YARD-inner']"}
RESULT: {}
RESULT: {"using":"xpath","value":"//input[@id='application-warehousemovements-display-component---warehouseMovements--smartFilterBar-filterItemControl_BASIC-YARD-inner']"}
COMMAND: POST /session/76bbe7a963ba333ac6e3770165032c4a/element - {"using":"xpath","value":"//input[@id='application-warehousemovements-display-component---warehouseMovements--smartFilterBar-filterItemControl_BASIC-YARD-inner']"}
RESULT: {"using":"xpath","value":"//input[@id='application-warehousemovements-display-component---warehouseMovements--smartFilterBar-filterItemControl_BASIC-YARD-inner']"}
COMMAND: POST /session/76bbe7a963ba333ac6e3770165032c4a/execute/sync - {"script":"<script> [8489 bytes]","args":[{"element-6066-11e4-a52e-4f735466cecf":"f.37B6A3D8B8D5C040CDE4E4CEB4627624.d.2D4890445E9389604870321708500EAE.e.24025","ELEMENT":"f.37B6A3D8B8D5C040CDE4E4CEB4627624.d.2D4890445E9389604870321708500EAE.e.24025"}]}
RESULT: {"script":"<script> [8489 bytes]","args":[{"element-6066-11e4-a52e-4f735466cecf":"f.37B6A3D8B8D5C040CDE4E4CEB4627624.d.2D4890445E9389604870321708500EAE.e.24025","ELEMENT":"f.37B6A3D8B8D5C040CDE4E4CEB4627624.d.2D4890445E9389604870321708500EAE.e.24025"}]}
COMMAND: GET /session/76bbe7a963ba333ac6e3770165032c4a/element/f.37B6A3D8B8D5C040CDE4E4CEB4627624.d.2D4890445E9389604870321708500EAE.e.24025/enabled - {}
COMMAND: GET /session/76bbe7a963ba333ac6e3770165032c4a/screenshot - {}
RESULT: {}
COMMAND: POST /session/76bbe7a963ba333ac6e3770165032c4a/execute/sync - {"script":"<script> [8489 bytes]","args":[{"element-6066-11e4-a52e-4f735466cecf":"f.37B6A3D8B8D5C040CDE4E4CEB4627624.d.2D4890445E9389604870321708500EAE.e.24025","ELEMENT":"f.37B6A3D8B8D5C040CDE4E4CEB4627624.d.2D4890445E9389604870321708500EAE.e.24025"}]}
COMMAND: GET /session/76bbe7a963ba333ac6e3770165032c4a/screenshot - {}
RESULT: {}
RESULT: {"script":"<script> [8489 bytes]","args":[{"element-6066-11e4-a52e-4f735466cecf":"f.37B6A3D8B8D5C040CDE4E4CEB4627624.d.2D4890445E9389604870321708500EAE.e.24025","ELEMENT":"f.37B6A3D8B8D5C040CDE4E4CEB4627624.d.2D4890445E9389604870321708500EAE.e.24025"}]}
COMMAND: POST /session/76bbe7a963ba333ac6e3770165032c4a/execute/sync - {"script":"<script> [5351 bytes]","args":[{"element-6066-11e4-a52e-4f735466cecf":"f.37B6A3D8B8D5C040CDE4E4CEB4627624.d.2D4890445E9389604870321708500EAE.e.24025","ELEMENT":"f.37B6A3D8B8D5C040CDE4E4CEB4627624.d.2D4890445E9389604870321708500EAE.e.24025"}]}
COMMAND: GET /session/76bbe7a963ba333ac6e3770165032c4a/screenshot - {}
RESULT: {}
RESULT: {"script":"<script> [5351 bytes]","args":[{"element-6066-11e4-a52e-4f735466cecf":"f.37B6A3D8B8D5C040CDE4E4CEB4627624.d.2D4890445E9389604870321708500EAE.e.24025","ELEMENT":"f.37B6A3D8B8D5C040CDE4E4CEB4627624.d.2D4890445E9389604870321708500EAE.e.24025"}]}
COMMAND: GET /session/76bbe7a963ba333ac6e3770165032c4a/screenshot - {}
RESULT: {}
RESULT: {}
COMMAND: POST /session/76bbe7a963ba333ac6e3770165032c4a/element/f.37B6A3D8B8D5C040CDE4E4CEB4627624.d.2D4890445E9389604870321708500EAE.e.24025/clear - {}
RESULT: {}
COMMAND: POST /session/76bbe7a963ba333ac6e3770165032c4a/element/f.37B6A3D8B8D5C040CDE4E4CEB4627624.d.2D4890445E9389604870321708500EAE.e.24025/value - {"text":"574"}
COMMAND: GET /session/76bbe7a963ba333ac6e3770165032c4a/screenshot - {}
RESULT: {"text":"574"}
COMMAND: POST /session/76bbe7a963ba333ac6e3770165032c4a/actions - {"actions":[{"id":"action79","type":"key","parameters":{},"actions":[{"type":"keyDown","value":"î€‡"},{"type":"pause","duration":10},{"type":"keyUp","value":"î€‡"}]}]}
COMMAND: GET /session/76bbe7a963ba333ac6e3770165032c4a/screenshot - {}
RESULT: {}
RESULT: {"actions":[{"id":"action79","type":"key","parameters":{},"actions":[{"type":"keyDown","value":"î€‡"},{"type":"pause","duration":10},{"type":"keyUp","value":"î€‡"}]}]}
COMMAND: GET /session/76bbe7a963ba333ac6e3770165032c4a/screenshot - {}
RESULT: {}
RESULT: {}
COMMAND: POST /session/76bbe7a963ba333ac6e3770165032c4a/element - {"using":"xpath","value":"//button[contains(@data-kt, \"MasterMovementAddOverflowToolbarButton\")]"}
RESULT: {"using":"xpath","value":"//button[contains(@data-kt, \"MasterMovementAddOverflowToolbarButton\")]"}
COMMAND: POST /session/76bbe7a963ba333ac6e3770165032c4a/element/f.37B6A3D8B8D5C040CDE4E4CEB4627624.d.2D4890445E9389604870321708500EAE.e.24050/click - {}
RESULT: {}
COMMAND: GET /session/76bbe7a963ba333ac6e3770165032c4a/screenshot - {}
RESULT: {}
COMMAND: POST /session/76bbe7a963ba333ac6e3770165032c4a/element - {"using":"xpath","value":"//*[@id=\"application-warehousemovements-display-component---addMovement--sectionsList-arrow\"]"}
RESULT: {"using":"xpath","value":"//*[@id=\"application-warehousemovements-display-component---addMovement--sectionsList-arrow\"]"}
COMMAND: POST /session/76bbe7a963ba333ac6e3770165032c4a/element/f.37B6A3D8B8D5C040CDE4E4CEB4627624.d.2D4890445E9389604870321708500EAE.e.24247/click - {}
RESULT: {}
COMMAND: POST /session/76bbe7a963ba333ac6e3770165032c4a/actions - {"actions":[{"id":"action80","type":"key","parameters":{},"actions":[{"type":"keyDown","value":"î€•"},{"type":"pause","duration":10},{"type":"keyUp","value":"î€•"}]}]}
COMMAND: GET /session/76bbe7a963ba333ac6e3770165032c4a/screenshot - {}
RESULT: {"actions":[{"id":"action80","type":"key","parameters":{},"actions":[{"type":"keyDown","value":"î€•"},{"type":"pause","duration":10},{"type":"keyUp","value":"î€•"}]}]}
COMMAND: GET /session/76bbe7a963ba333ac6e3770165032c4a/screenshot - {}
RESULT: {}
RESULT: {}
COMMAND: POST /session/76bbe7a963ba333ac6e3770165032c4a/actions - {"actions":[{"id":"action81","type":"key","parameters":{},"actions":[{"type":"keyDown","value":"î€‡"},{"type":"pause","duration":10},{"type":"keyUp","value":"î€‡"}]}]}
RESULT: {"actions":[{"id":"action81","type":"key","parameters":{},"actions":[{"type":"keyDown","value":"î€‡"},{"type":"pause","duration":10},{"type":"keyUp","value":"î€‡"}]}]}
COMMAND: GET /session/76bbe7a963ba333ac6e3770165032c4a/screenshot - {}
RESULT: {}
COMMAND: POST /session/76bbe7a963ba333ac6e3770165032c4a/element - {"using":"xpath","value":"//*[@id=\"application-warehousemovements-display-component---addMovement--saveMovementBtn-BDI-content\" and text()=\"Save\"]"}
RESULT: {"using":"xpath","value":"//*[@id=\"application-warehousemovements-display-component---addMovement--saveMovementBtn-BDI-content\" and text()=\"Save\"]"}
COMMAND: POST /session/76bbe7a963ba333ac6e3770165032c4a/element/f.37B6A3D8B8D5C040CDE4E4CEB4627624.d.2D4890445E9389604870321708500EAE.e.24248/click - {}
RESULT: {}
COMMAND: GET /session/76bbe7a963ba333ac6e3770165032c4a/screenshot - {}
RESULT: {}
COMMAND: POST /session/76bbe7a963ba333ac6e3770165032c4a/element - {"using":"css selector","value":"#shell-header-logo"}
RESULT: {"using":"css selector","value":"#shell-header-logo"}
COMMAND: POST /session/76bbe7a963ba333ac6e3770165032c4a/element/f.37B6A3D8B8D5C040CDE4E4CEB4627624.d.2D4890445E9389604870321708500EAE.e.24006/click - {}
RESULT: {}
COMMAND: GET /session/76bbe7a963ba333ac6e3770165032c4a/screenshot - {}
RESULT: {}
]]></system-out>
    </testcase>
    <testcase classname="chrome.136_0_7103_93.windows.Create_masterdata_for_Yard_Overview_-_trigger_provide_US130988" name="Should do a stock increase handover for equipment" time="83.788">
      <system-out><![CDATA[
COMMAND: POST /session/76bbe7a963ba333ac6e3770165032c4a/execute/async - {"script":"<script> [1562 bytes]","args":[{"selector":{"controlType":"sap.m.GenericTile","properties":{"header":"Manage Handovers"}},"wdio_ui5_key":"sapm.GenericTile{\"header\":\"Manage Handovers\"}"}]}
RESULT: {"script":"<script> [1562 bytes]","args":[{"selector":{"controlType":"sap.m.GenericTile","properties":{"header":"Manage Handovers"}},"wdio_ui5_key":"sapm.GenericTile{\"header\":\"Manage Handovers\"}"}]}
RESULT: undefined
COMMAND: POST /session/76bbe7a963ba333ac6e3770165032c4a/element - {"using":"xpath","value":"//*[@id=\"__tile132\"]"}
RESULT: {"using":"xpath","value":"//*[@id=\"__tile132\"]"}
COMMAND: POST /session/76bbe7a963ba333ac6e3770165032c4a/element/f.37B6A3D8B8D5C040CDE4E4CEB4627624.d.2D4890445E9389604870321708500EAE.e.23379/click - {}
RESULT: {}
COMMAND: GET /session/76bbe7a963ba333ac6e3770165032c4a/screenshot - {}
RESULT: {}
COMMAND: POST /session/76bbe7a963ba333ac6e3770165032c4a/elements - {"using":"xpath","value":"//span[text()='Error']"}
RESULT: {"using":"xpath","value":"//span[text()='Error']"}
COMMAND: POST /session/76bbe7a963ba333ac6e3770165032c4a/element - {"using":"xpath","value":"//button[@data-kt=\"masterHOAddButton\"]"}
RESULT: {"using":"xpath","value":"//button[@data-kt=\"masterHOAddButton\"]"}
COMMAND: POST /session/76bbe7a963ba333ac6e3770165032c4a/elements - {"using":"xpath","value":"//button[@data-kt=\"masterHOAddButton\"]"}
RESULT: {"using":"xpath","value":"//button[@data-kt=\"masterHOAddButton\"]"}
COMMAND: POST /session/76bbe7a963ba333ac6e3770165032c4a/execute/sync - {"script":"<script> [8489 bytes]","args":[{"element-6066-11e4-a52e-4f735466cecf":"f.37B6A3D8B8D5C040CDE4E4CEB4627624.d.2D4890445E9389604870321708500EAE.e.24361","ELEMENT":"f.37B6A3D8B8D5C040CDE4E4CEB4627624.d.2D4890445E9389604870321708500EAE.e.24361"}]}
RESULT: {"script":"<script> [8489 bytes]","args":[{"element-6066-11e4-a52e-4f735466cecf":"f.37B6A3D8B8D5C040CDE4E4CEB4627624.d.2D4890445E9389604870321708500EAE.e.24361","ELEMENT":"f.37B6A3D8B8D5C040CDE4E4CEB4627624.d.2D4890445E9389604870321708500EAE.e.24361"}]}
COMMAND: GET /session/76bbe7a963ba333ac6e3770165032c4a/element/f.37B6A3D8B8D5C040CDE4E4CEB4627624.d.2D4890445E9389604870321708500EAE.e.24361/enabled - {}
COMMAND: GET /session/76bbe7a963ba333ac6e3770165032c4a/screenshot - {}
RESULT: {}
COMMAND: POST /session/76bbe7a963ba333ac6e3770165032c4a/execute/sync - {"script":"<script> [8489 bytes]","args":[{"element-6066-11e4-a52e-4f735466cecf":"f.37B6A3D8B8D5C040CDE4E4CEB4627624.d.2D4890445E9389604870321708500EAE.e.24361","ELEMENT":"f.37B6A3D8B8D5C040CDE4E4CEB4627624.d.2D4890445E9389604870321708500EAE.e.24361"}]}
COMMAND: GET /session/76bbe7a963ba333ac6e3770165032c4a/screenshot - {}
RESULT: {}
RESULT: {"script":"<script> [8489 bytes]","args":[{"element-6066-11e4-a52e-4f735466cecf":"f.37B6A3D8B8D5C040CDE4E4CEB4627624.d.2D4890445E9389604870321708500EAE.e.24361","ELEMENT":"f.37B6A3D8B8D5C040CDE4E4CEB4627624.d.2D4890445E9389604870321708500EAE.e.24361"}]}
COMMAND: POST /session/76bbe7a963ba333ac6e3770165032c4a/execute/sync - {"script":"<script> [5351 bytes]","args":[{"element-6066-11e4-a52e-4f735466cecf":"f.37B6A3D8B8D5C040CDE4E4CEB4627624.d.2D4890445E9389604870321708500EAE.e.24361","ELEMENT":"f.37B6A3D8B8D5C040CDE4E4CEB4627624.d.2D4890445E9389604870321708500EAE.e.24361"}]}
COMMAND: GET /session/76bbe7a963ba333ac6e3770165032c4a/screenshot - {}
RESULT: {}
RESULT: {"script":"<script> [5351 bytes]","args":[{"element-6066-11e4-a52e-4f735466cecf":"f.37B6A3D8B8D5C040CDE4E4CEB4627624.d.2D4890445E9389604870321708500EAE.e.24361","ELEMENT":"f.37B6A3D8B8D5C040CDE4E4CEB4627624.d.2D4890445E9389604870321708500EAE.e.24361"}]}
COMMAND: POST /session/76bbe7a963ba333ac6e3770165032c4a/element/f.37B6A3D8B8D5C040CDE4E4CEB4627624.d.2D4890445E9389604870321708500EAE.e.24361/click - {}
COMMAND: GET /session/76bbe7a963ba333ac6e3770165032c4a/screenshot - {}
RESULT: {}
RESULT: {}
COMMAND: GET /session/76bbe7a963ba333ac6e3770165032c4a/screenshot - {}
RESULT: {}
RESULT: {}
COMMAND: POST /session/76bbe7a963ba333ac6e3770165032c4a/element - {"using":"xpath","value":"//span[contains(@id ,\"AddNewHO--typeSelect-arrow\")]"}
RESULT: {"using":"xpath","value":"//span[contains(@id ,\"AddNewHO--typeSelect-arrow\")]"}
COMMAND: POST /session/76bbe7a963ba333ac6e3770165032c4a/element/f.37B6A3D8B8D5C040CDE4E4CEB4627624.d.2D4890445E9389604870321708500EAE.e.24719/click - {}
RESULT: {}
COMMAND: GET /session/76bbe7a963ba333ac6e3770165032c4a/screenshot - {}
RESULT: {}
COMMAND: POST /session/76bbe7a963ba333ac6e3770165032c4a/element - {"using":"xpath","value":"(//li[contains(text(), \"stock increase yard\")])[1]"}
RESULT: {"using":"xpath","value":"(//li[contains(text(), \"stock increase yard\")])[1]"}
COMMAND: POST /session/76bbe7a963ba333ac6e3770165032c4a/element/f.37B6A3D8B8D5C040CDE4E4CEB4627624.d.2D4890445E9389604870321708500EAE.e.24720/click - {}
RESULT: {}
COMMAND: GET /session/76bbe7a963ba333ac6e3770165032c4a/screenshot - {}
RESULT: {}
COMMAND: POST /session/76bbe7a963ba333ac6e3770165032c4a/execute/async - {"script":"<script> [1562 bytes]","args":[{"selector":{"id":"application-managehandovers-display-component---AddNewHO--dueDate","interaction":{"idSuffix":"inner"}},"wdio_ui5_key":"applicationmanagehandovers-display-component---AddNewHO--dueDate"}]}
RESULT: {"script":"<script> [1562 bytes]","args":[{"selector":{"id":"application-managehandovers-display-component---AddNewHO--dueDate","interaction":{"idSuffix":"inner"}},"wdio_ui5_key":"applicationmanagehandovers-display-component---AddNewHO--dueDate"}]}
RESULT: undefined
COMMAND: POST /session/76bbe7a963ba333ac6e3770165032c4a/execute/async - {"script":"<script> [6424 bytes]","args":[{"element-6066-11e4-a52e-4f735466cecf":"f.37B6A3D8B8D5C040CDE4E4CEB4627624.d.2D4890445E9389604870321708500EAE.e.24722"},"setValue",["5/20/25"]]}
RESULT: {"script":"<script> [6424 bytes]","args":[{"element-6066-11e4-a52e-4f735466cecf":"f.37B6A3D8B8D5C040CDE4E4CEB4627624.d.2D4890445E9389604870321708500EAE.e.24722"},"setValue",["5/20/25"]]}
COMMAND: POST /session/76bbe7a963ba333ac6e3770165032c4a/element - {"using":"xpath","value":"//input[@id=\"generalSectionFrg--receiveYard-inner\"]"}
RESULT: {"using":"xpath","value":"//input[@id=\"generalSectionFrg--receiveYard-inner\"]"}
COMMAND: POST /session/76bbe7a963ba333ac6e3770165032c4a/element/f.37B6A3D8B8D5C040CDE4E4CEB4627624.d.2D4890445E9389604870321708500EAE.e.24726/clear - {}
RESULT: {}
COMMAND: POST /session/76bbe7a963ba333ac6e3770165032c4a/element/f.37B6A3D8B8D5C040CDE4E4CEB4627624.d.2D4890445E9389604870321708500EAE.e.24726/value - {"text":"574"}
COMMAND: GET /session/76bbe7a963ba333ac6e3770165032c4a/screenshot - {}
RESULT: {"text":"574"}
COMMAND: GET /session/76bbe7a963ba333ac6e3770165032c4a/screenshot - {}
RESULT: {}
RESULT: {}
COMMAND: POST /session/76bbe7a963ba333ac6e3770165032c4a/element - {"using":"xpath","value":"//li[.//span[text()='574']]"}
RESULT: {"using":"xpath","value":"//li[.//span[text()='574']]"}
COMMAND: POST /session/76bbe7a963ba333ac6e3770165032c4a/element/f.37B6A3D8B8D5C040CDE4E4CEB4627624.d.2D4890445E9389604870321708500EAE.e.24744/click - {}
RESULT: {}
COMMAND: GET /session/76bbe7a963ba333ac6e3770165032c4a/screenshot - {}
RESULT: {}
COMMAND: POST /session/76bbe7a963ba333ac6e3770165032c4a/execute/async - {"script":"<script> [1562 bytes]","args":[{"selector":{"id":"application-managehandovers-display-component---AddNewHO--ObjectPageLayout-anchBar-application-managehandovers-display-component---AddNewHO--section4-anchor","interaction":{"idSuffix":"BDI-content"}},"wdio_ui5_key":"applicationmanagehandovers-display-component---AddNewHO--ObjectPageLayout-anchBar-application-managehandovers-display-component---AddNewHO--section4-anchor"}]}
RESULT: {"script":"<script> [1562 bytes]","args":[{"selector":{"id":"application-managehandovers-display-component---AddNewHO--ObjectPageLayout-anchBar-application-managehandovers-display-component---AddNewHO--section4-anchor","interaction":{"idSuffix":"BDI-content"}},"wdio_ui5_key":"applicationmanagehandovers-display-component---AddNewHO--ObjectPageLayout-anchBar-application-managehandovers-display-component---AddNewHO--section4-anchor"}]}
RESULT: undefined
COMMAND: POST /session/76bbe7a963ba333ac6e3770165032c4a/element - {"using":"xpath","value":"//*[@id=\"application-managehandovers-display-component---AddNewHO--ObjectPageLayout-anchBar-application-managehandovers-display-component---AddNewHO--section4-anchor\"]"}
RESULT: {"using":"xpath","value":"//*[@id=\"application-managehandovers-display-component---AddNewHO--ObjectPageLayout-anchBar-application-managehandovers-display-component---AddNewHO--section4-anchor\"]"}
COMMAND: POST /session/76bbe7a963ba333ac6e3770165032c4a/element/f.37B6A3D8B8D5C040CDE4E4CEB4627624.d.2D4890445E9389604870321708500EAE.e.24746/click - {}
RESULT: {}
COMMAND: POST /session/76bbe7a963ba333ac6e3770165032c4a/element - {"using":"xpath","value":"//button[@aria-label=\"Add\"]"}
COMMAND: GET /session/76bbe7a963ba333ac6e3770165032c4a/screenshot - {}
RESULT: {"using":"xpath","value":"//button[@aria-label=\"Add\"]"}
COMMAND: POST /session/76bbe7a963ba333ac6e3770165032c4a/element/f.37B6A3D8B8D5C040CDE4E4CEB4627624.d.2D4890445E9389604870321708500EAE.e.24750/click - {}
RESULT: {}
RESULT: {}
COMMAND: GET /session/76bbe7a963ba333ac6e3770165032c4a/screenshot - {}
RESULT: {}
COMMAND: POST /session/76bbe7a963ba333ac6e3770165032c4a/execute/async - {"script":"<script> [1562 bytes]","args":[{"selector":{"id":"application-managehandovers-display-component---AddNewHO--smartFilterBar-btnBasicSearch","searchOpenDialogs":true,"interaction":{"idSuffix":"I"}},"wdio_ui5_key":"applicationmanagehandovers-display-component---AddNewHO--smartFilterBar-btnBasicSearch"}]}
RESULT: {"script":"<script> [1562 bytes]","args":[{"selector":{"id":"application-managehandovers-display-component---AddNewHO--smartFilterBar-btnBasicSearch","searchOpenDialogs":true,"interaction":{"idSuffix":"I"}},"wdio_ui5_key":"applicationmanagehandovers-display-component---AddNewHO--smartFilterBar-btnBasicSearch"}]}
RESULT: undefined
COMMAND: POST /session/76bbe7a963ba333ac6e3770165032c4a/execute/async - {"script":"<script> [776 bytes]","args":[{"enterText":"200320","selector":{"id":"application-managehandovers-display-component---AddNewHO--smartFilterBar-btnBasicSearch","searchOpenDialogs":true,"interaction":{"idSuffix":"I"}},"clearTextFirst":true,"interactionType":"ENTER_TEXT"}]}
RESULT: {"script":"<script> [776 bytes]","args":[{"enterText":"200320","selector":{"id":"application-managehandovers-display-component---AddNewHO--smartFilterBar-btnBasicSearch","searchOpenDialogs":true,"interaction":{"idSuffix":"I"}},"clearTextFirst":true,"interactionType":"ENTER_TEXT"}]}
COMMAND: POST /session/76bbe7a963ba333ac6e3770165032c4a/actions - {"actions":[{"id":"action82","type":"key","parameters":{},"actions":[{"type":"keyDown","value":"î€‡"},{"type":"pause","duration":10},{"type":"keyUp","value":"î€‡"}]}]}
RESULT: {"actions":[{"id":"action82","type":"key","parameters":{},"actions":[{"type":"keyDown","value":"î€‡"},{"type":"pause","duration":10},{"type":"keyUp","value":"î€‡"}]}]}
COMMAND: GET /session/76bbe7a963ba333ac6e3770165032c4a/screenshot - {}
RESULT: {}
COMMAND: POST /session/76bbe7a963ba333ac6e3770165032c4a/execute/async - {"script":"<script> [1562 bytes]","args":[{"selector":{"id":"application-managehandovers-display-component---AddNewHO--popup-sa","searchOpenDialogs":true,"interaction":{"idSuffix":"CbBg"}},"wdio_ui5_key":"applicationmanagehandovers-display-component---AddNewHO--popup-sa"}]}
RESULT: {"script":"<script> [1562 bytes]","args":[{"selector":{"id":"application-managehandovers-display-component---AddNewHO--popup-sa","searchOpenDialogs":true,"interaction":{"idSuffix":"CbBg"}},"wdio_ui5_key":"applicationmanagehandovers-display-component---AddNewHO--popup-sa"}]}
RESULT: undefined
COMMAND: POST /session/76bbe7a963ba333ac6e3770165032c4a/element - {"using":"xpath","value":"//*[@id=\"application-managehandovers-display-component---AddNewHO--popup-sa\"]"}
RESULT: {"using":"xpath","value":"//*[@id=\"application-managehandovers-display-component---AddNewHO--popup-sa\"]"}
COMMAND: POST /session/76bbe7a963ba333ac6e3770165032c4a/element/f.37B6A3D8B8D5C040CDE4E4CEB4627624.d.2D4890445E9389604870321708500EAE.e.24903/click - {}
RESULT: {}
COMMAND: GET /session/76bbe7a963ba333ac6e3770165032c4a/screenshot - {}
RESULT: {}
COMMAND: POST /session/76bbe7a963ba333ac6e3770165032c4a/element - {"using":"xpath","value":"//bdi[contains(text(), \"Select\")]"}
RESULT: {"using":"xpath","value":"//bdi[contains(text(), \"Select\")]"}
COMMAND: POST /session/76bbe7a963ba333ac6e3770165032c4a/element/f.37B6A3D8B8D5C040CDE4E4CEB4627624.d.2D4890445E9389604870321708500EAE.e.24904/click - {}
RESULT: {}
COMMAND: GET /session/76bbe7a963ba333ac6e3770165032c4a/screenshot - {}
RESULT: {}
COMMAND: POST /session/76bbe7a963ba333ac6e3770165032c4a/element - {"using":"xpath","value":"//button[@data-kt=\"AddNewHOSaveButton\"]"}
RESULT: {"using":"xpath","value":"//button[@data-kt=\"AddNewHOSaveButton\"]"}
COMMAND: POST /session/76bbe7a963ba333ac6e3770165032c4a/element/f.37B6A3D8B8D5C040CDE4E4CEB4627624.d.2D4890445E9389604870321708500EAE.e.24908/click - {}
RESULT: {}
COMMAND: GET /session/76bbe7a963ba333ac6e3770165032c4a/screenshot - {}
RESULT: {}
COMMAND: POST /session/76bbe7a963ba333ac6e3770165032c4a/execute/async - {"script":"<script> [1562 bytes]","args":[{"selector":{"id":"receiptDatePicker","viewName":"etm.portal.ui.managehandovers.view.DetailExecuteHO","interaction":{"idSuffix":"inner"}},"wdio_ui5_key":"receiptDatePickeretmportal.ui.managehandovers.view.DetailExecuteHO"}]}
RESULT: {"script":"<script> [1562 bytes]","args":[{"selector":{"id":"receiptDatePicker","viewName":"etm.portal.ui.managehandovers.view.DetailExecuteHO","interaction":{"idSuffix":"inner"}},"wdio_ui5_key":"receiptDatePickeretmportal.ui.managehandovers.view.DetailExecuteHO"}]}
RESULT: undefined
COMMAND: POST /session/76bbe7a963ba333ac6e3770165032c4a/execute/async - {"script":"<script> [6424 bytes]","args":[{"element-6066-11e4-a52e-4f735466cecf":"f.37B6A3D8B8D5C040CDE4E4CEB4627624.d.2D4890445E9389604870321708500EAE.e.24930"},"setValue",["5/20/25"]]}
RESULT: {"script":"<script> [6424 bytes]","args":[{"element-6066-11e4-a52e-4f735466cecf":"f.37B6A3D8B8D5C040CDE4E4CEB4627624.d.2D4890445E9389604870321708500EAE.e.24930"},"setValue",["5/20/25"]]}
COMMAND: POST /session/76bbe7a963ba333ac6e3770165032c4a/element - {"using":"xpath","value":"//button[@data-kt=\"PickingTableConfirmAllButton\"]"}
RESULT: {"using":"xpath","value":"//button[@data-kt=\"PickingTableConfirmAllButton\"]"}
COMMAND: POST /session/76bbe7a963ba333ac6e3770165032c4a/element/f.37B6A3D8B8D5C040CDE4E4CEB4627624.d.2D4890445E9389604870321708500EAE.e.24947/click - {}
RESULT: {}
COMMAND: GET /session/76bbe7a963ba333ac6e3770165032c4a/screenshot - {}
RESULT: {}
COMMAND: POST /session/76bbe7a963ba333ac6e3770165032c4a/element - {"using":"xpath","value":"//bdi[contains(text(), \"OK\")]"}
RESULT: {"using":"xpath","value":"//bdi[contains(text(), \"OK\")]"}
COMMAND: POST /session/76bbe7a963ba333ac6e3770165032c4a/element/f.37B6A3D8B8D5C040CDE4E4CEB4627624.d.2D4890445E9389604870321708500EAE.e.24949/click - {}
RESULT: {}
COMMAND: GET /session/76bbe7a963ba333ac6e3770165032c4a/screenshot - {}
RESULT: {}
COMMAND: POST /session/76bbe7a963ba333ac6e3770165032c4a/element - {"using":"xpath","value":"(//bdi[contains(text(), \"Receive\")])[2]"}
RESULT: {"using":"xpath","value":"(//bdi[contains(text(), \"Receive\")])[2]"}
COMMAND: POST /session/76bbe7a963ba333ac6e3770165032c4a/element/f.37B6A3D8B8D5C040CDE4E4CEB4627624.d.2D4890445E9389604870321708500EAE.e.24951/click - {}
RESULT: {}
COMMAND: GET /session/76bbe7a963ba333ac6e3770165032c4a/screenshot - {}
RESULT: {}
COMMAND: POST /session/76bbe7a963ba333ac6e3770165032c4a/element - {"using":"css selector","value":"#shell-header-logo"}
RESULT: {"using":"css selector","value":"#shell-header-logo"}
COMMAND: POST /session/76bbe7a963ba333ac6e3770165032c4a/element/f.37B6A3D8B8D5C040CDE4E4CEB4627624.d.2D4890445E9389604870321708500EAE.e.24324/click - {}
RESULT: {}
COMMAND: GET /session/76bbe7a963ba333ac6e3770165032c4a/screenshot - {}
RESULT: {}
]]></system-out>
    </testcase>
    <testcase classname="chrome.136_0_7103_93.windows.Create_masterdata_for_Yard_Overview_-_trigger_provide_US130988" name="Set status to defect" time="54.002">
      <system-out><![CDATA[
COMMAND: POST /session/76bbe7a963ba333ac6e3770165032c4a/execute/async - {"script":"<script> [1562 bytes]","args":[{"selector":{"controlType":"sap.m.GenericTile","properties":{"header":"Manage States & Performance"}},"wdio_ui5_key":"sapm.GenericTile{\"header\":\"Manage States & Performance\"}"}]}
RESULT: {"script":"<script> [1562 bytes]","args":[{"selector":{"controlType":"sap.m.GenericTile","properties":{"header":"Manage States & Performance"}},"wdio_ui5_key":"sapm.GenericTile{\"header\":\"Manage States & Performance\"}"}]}
RESULT: undefined
COMMAND: POST /session/76bbe7a963ba333ac6e3770165032c4a/element - {"using":"xpath","value":"//*[@id=\"__tile96\"]"}
RESULT: {"using":"xpath","value":"//*[@id=\"__tile96\"]"}
COMMAND: POST /session/76bbe7a963ba333ac6e3770165032c4a/element/f.37B6A3D8B8D5C040CDE4E4CEB4627624.d.2D4890445E9389604870321708500EAE.e.23424/click - {}
RESULT: {}
COMMAND: GET /session/76bbe7a963ba333ac6e3770165032c4a/screenshot - {}
RESULT: {}
COMMAND: POST /session/76bbe7a963ba333ac6e3770165032c4a/elements - {"using":"xpath","value":"//span[text()='Error']"}
RESULT: {"using":"xpath","value":"//span[text()='Error']"}
COMMAND: POST /session/76bbe7a963ba333ac6e3770165032c4a/execute/async - {"script":"<script> [1562 bytes]","args":[{"selector":{"controlType":"sap.ui.core.Icon","viewName":"etm.portal.ui.managestatesandperformance.view.Master","viewId":"application-managestatesandperformance-display-component---stateAndPerform","properties":{"src":{"regex":{"source":"inventory"}}}},"wdio_ui5_key":"etmportal.ui.managestatesandperformance.view.Mastersap.ui.core.Icon{\"src\":{\"regex\":{\"source\":\"inventory\"}}}"}]}
RESULT: {"script":"<script> [1562 bytes]","args":[{"selector":{"controlType":"sap.ui.core.Icon","viewName":"etm.portal.ui.managestatesandperformance.view.Master","viewId":"application-managestatesandperformance-display-component---stateAndPerform","properties":{"src":{"regex":{"source":"inventory"}}}},"wdio_ui5_key":"etmportal.ui.managestatesandperformance.view.Mastersap.ui.core.Icon{\"src\":{\"regex\":{\"source\":\"inventory\"}}}"}]}
RESULT: undefined
COMMAND: POST /session/76bbe7a963ba333ac6e3770165032c4a/element - {"using":"xpath","value":"//*[@id=\"__filter57-icon\"]"}
RESULT: {"using":"xpath","value":"//*[@id=\"__filter57-icon\"]"}
COMMAND: POST /session/76bbe7a963ba333ac6e3770165032c4a/element/f.37B6A3D8B8D5C040CDE4E4CEB4627624.d.2D4890445E9389604870321708500EAE.e.25328/click - {}
RESULT: {}
COMMAND: POST /session/76bbe7a963ba333ac6e3770165032c4a/execute/async - {"script":"<script> [1562 bytes]","args":[{"selector":{"id":"application-managestatesandperformance-display-component---stateAndPerform--smartFilterBarYard-btnBasicSearch","interaction":{"idSuffix":"I"}},"wdio_ui5_key":"applicationmanagestatesandperformance-display-component---stateAndPerform--smartFilterBarYard-btnBasicSearch"}]}
COMMAND: GET /session/76bbe7a963ba333ac6e3770165032c4a/screenshot - {}
RESULT: {"script":"<script> [1562 bytes]","args":[{"selector":{"id":"application-managestatesandperformance-display-component---stateAndPerform--smartFilterBarYard-btnBasicSearch","interaction":{"idSuffix":"I"}},"wdio_ui5_key":"applicationmanagestatesandperformance-display-component---stateAndPerform--smartFilterBarYard-btnBasicSearch"}]}
RESULT: undefined
COMMAND: POST /session/76bbe7a963ba333ac6e3770165032c4a/execute/async - {"script":"<script> [776 bytes]","args":[{"enterText":"200320","selector":{"id":"application-managestatesandperformance-display-component---stateAndPerform--smartFilterBarYard-btnBasicSearch","interaction":{"idSuffix":"I"}},"clearTextFirst":true,"interactionType":"ENTER_TEXT"}]}
RESULT: {}
RESULT: {"script":"<script> [776 bytes]","args":[{"enterText":"200320","selector":{"id":"application-managestatesandperformance-display-component---stateAndPerform--smartFilterBarYard-btnBasicSearch","interaction":{"idSuffix":"I"}},"clearTextFirst":true,"interactionType":"ENTER_TEXT"}]}
COMMAND: POST /session/76bbe7a963ba333ac6e3770165032c4a/actions - {"actions":[{"id":"action83","type":"key","parameters":{},"actions":[{"type":"keyDown","value":"î€‡"},{"type":"pause","duration":10},{"type":"keyUp","value":"î€‡"}]}]}
RESULT: {"actions":[{"id":"action83","type":"key","parameters":{},"actions":[{"type":"keyDown","value":"î€‡"},{"type":"pause","duration":10},{"type":"keyUp","value":"î€‡"}]}]}
COMMAND: GET /session/76bbe7a963ba333ac6e3770165032c4a/screenshot - {}
RESULT: {}
COMMAND: POST /session/76bbe7a963ba333ac6e3770165032c4a/element - {"using":"xpath","value":"(//span[contains(@id, \"imgNav\")])[1]"}
RESULT: {"using":"xpath","value":"(//span[contains(@id, \"imgNav\")])[1]"}
COMMAND: POST /session/76bbe7a963ba333ac6e3770165032c4a/element/f.37B6A3D8B8D5C040CDE4E4CEB4627624.d.2D4890445E9389604870321708500EAE.e.25407/click - {}
RESULT: {}
COMMAND: GET /session/76bbe7a963ba333ac6e3770165032c4a/screenshot - {}
RESULT: {}
COMMAND: POST /session/76bbe7a963ba333ac6e3770165032c4a/execute/async - {"script":"<script> [1562 bytes]","args":[{"selector":{"controlType":"sap.m.Button","viewName":"etm.portal.ui.managestatesandperformance.view.Detail","viewId":"application-managestatesandperformance-display-component---detailStateAndPerform","i18NText":{"propertyName":"text","key":"createStateChange"},"interaction":{"idSuffix":"content"}},"wdio_ui5_key":"etmportal.ui.managestatesandperformance.view.Detailsap.m.Button{\"propertyName\":\"text\",\"key\":\"createStateChange\"}"}]}
RESULT: {"script":"<script> [1562 bytes]","args":[{"selector":{"controlType":"sap.m.Button","viewName":"etm.portal.ui.managestatesandperformance.view.Detail","viewId":"application-managestatesandperformance-display-component---detailStateAndPerform","i18NText":{"propertyName":"text","key":"createStateChange"},"interaction":{"idSuffix":"content"}},"wdio_ui5_key":"etmportal.ui.managestatesandperformance.view.Detailsap.m.Button{\"propertyName\":\"text\",\"key\":\"createStateChange\"}"}]}
RESULT: undefined
COMMAND: POST /session/76bbe7a963ba333ac6e3770165032c4a/element - {"using":"xpath","value":"//*[@id=\"__button163\"]"}
RESULT: {"using":"xpath","value":"//*[@id=\"__button163\"]"}
COMMAND: POST /session/76bbe7a963ba333ac6e3770165032c4a/element/f.37B6A3D8B8D5C040CDE4E4CEB4627624.d.2D4890445E9389604870321708500EAE.e.25451/click - {}
RESULT: {}
COMMAND: GET /session/76bbe7a963ba333ac6e3770165032c4a/screenshot - {}
RESULT: {}
COMMAND: POST /session/76bbe7a963ba333ac6e3770165032c4a/execute/async - {"script":"<script> [1562 bytes]","args":[{"selector":{"id":"addStateDialog--stateSelect","searchOpenDialogs":true,"interaction":{"idSuffix":"arrow"}},"wdio_ui5_key":"addStateDialogstateSelect"}]}
RESULT: {"script":"<script> [1562 bytes]","args":[{"selector":{"id":"addStateDialog--stateSelect","searchOpenDialogs":true,"interaction":{"idSuffix":"arrow"}},"wdio_ui5_key":"addStateDialogstateSelect"}]}
RESULT: undefined
COMMAND: POST /session/76bbe7a963ba333ac6e3770165032c4a/element - {"using":"xpath","value":"//*[@id=\"addStateDialog--stateSelect\"]"}
RESULT: {"using":"xpath","value":"//*[@id=\"addStateDialog--stateSelect\"]"}
COMMAND: POST /session/76bbe7a963ba333ac6e3770165032c4a/element/f.37B6A3D8B8D5C040CDE4E4CEB4627624.d.2D4890445E9389604870321708500EAE.e.25476/click - {}
RESULT: {}
COMMAND: GET /session/76bbe7a963ba333ac6e3770165032c4a/screenshot - {}
RESULT: {}
COMMAND: POST /session/76bbe7a963ba333ac6e3770165032c4a/element - {"using":"xpath","value":"//li[text()=\"defect\"]"}
RESULT: {"using":"xpath","value":"//li[text()=\"defect\"]"}
COMMAND: POST /session/76bbe7a963ba333ac6e3770165032c4a/element/f.37B6A3D8B8D5C040CDE4E4CEB4627624.d.2D4890445E9389604870321708500EAE.e.25478/click - {}
RESULT: {}
COMMAND: GET /session/76bbe7a963ba333ac6e3770165032c4a/screenshot - {}
RESULT: {}
COMMAND: POST /session/76bbe7a963ba333ac6e3770165032c4a/element - {"using":"xpath","value":"//span[contains(@id,\"incrementBtn\")]"}
RESULT: {"using":"xpath","value":"//span[contains(@id,\"incrementBtn\")]"}
COMMAND: POST /session/76bbe7a963ba333ac6e3770165032c4a/element/f.37B6A3D8B8D5C040CDE4E4CEB4627624.d.2D4890445E9389604870321708500EAE.e.25480/click - {}
RESULT: {}
COMMAND: GET /session/76bbe7a963ba333ac6e3770165032c4a/screenshot - {}
RESULT: {}
COMMAND: POST /session/76bbe7a963ba333ac6e3770165032c4a/element - {"using":"xpath","value":"//button[@data-kt=\"confirmAddStateButton\"]"}
RESULT: {"using":"xpath","value":"//button[@data-kt=\"confirmAddStateButton\"]"}
COMMAND: POST /session/76bbe7a963ba333ac6e3770165032c4a/element/f.37B6A3D8B8D5C040CDE4E4CEB4627624.d.2D4890445E9389604870321708500EAE.e.25481/click - {}
RESULT: {}
COMMAND: GET /session/76bbe7a963ba333ac6e3770165032c4a/screenshot - {}
RESULT: {}
COMMAND: POST /session/76bbe7a963ba333ac6e3770165032c4a/element - {"using":"css selector","value":"#shell-header-logo"}
RESULT: {"using":"css selector","value":"#shell-header-logo"}
COMMAND: POST /session/76bbe7a963ba333ac6e3770165032c4a/element/f.37B6A3D8B8D5C040CDE4E4CEB4627624.d.2D4890445E9389604870321708500EAE.e.25241/click - {}
RESULT: {}
COMMAND: GET /session/76bbe7a963ba333ac6e3770165032c4a/screenshot - {}
RESULT: {}
]]></system-out>
    </testcase>
    <testcase classname="chrome.136_0_7103_93.windows.Create_masterdata_for_Yard_Overview_-_trigger_provide_US130988" name="Should do a Stock Decrease" time="101.817">
      <system-out><![CDATA[
RESULT: undefined
COMMAND: POST /session/76bbe7a963ba333ac6e3770165032c4a/element - {"using":"xpath","value":"//*[@id=\"__tile132\"]"}
RESULT: {"using":"xpath","value":"//*[@id=\"__tile132\"]"}
COMMAND: POST /session/76bbe7a963ba333ac6e3770165032c4a/element/f.37B6A3D8B8D5C040CDE4E4CEB4627624.d.2D4890445E9389604870321708500EAE.e.23379/click - {}
RESULT: {}
COMMAND: GET /session/76bbe7a963ba333ac6e3770165032c4a/screenshot - {}
RESULT: {}
COMMAND: POST /session/76bbe7a963ba333ac6e3770165032c4a/elements - {"using":"xpath","value":"//span[text()='Error']"}
RESULT: {"using":"xpath","value":"//span[text()='Error']"}
COMMAND: POST /session/76bbe7a963ba333ac6e3770165032c4a/element - {"using":"xpath","value":"//button[@data-kt=\"masterHOAddButton\"]"}
RESULT: {"using":"xpath","value":"//button[@data-kt=\"masterHOAddButton\"]"}
COMMAND: POST /session/76bbe7a963ba333ac6e3770165032c4a/elements - {"using":"xpath","value":"//button[@data-kt=\"masterHOAddButton\"]"}
RESULT: {"using":"xpath","value":"//button[@data-kt=\"masterHOAddButton\"]"}
COMMAND: POST /session/76bbe7a963ba333ac6e3770165032c4a/execute/sync - {"script":"<script> [8489 bytes]","args":[{"element-6066-11e4-a52e-4f735466cecf":"f.37B6A3D8B8D5C040CDE4E4CEB4627624.d.2D4890445E9389604870321708500EAE.e.25509","ELEMENT":"f.37B6A3D8B8D5C040CDE4E4CEB4627624.d.2D4890445E9389604870321708500EAE.e.25509"}]}
RESULT: {"script":"<script> [8489 bytes]","args":[{"element-6066-11e4-a52e-4f735466cecf":"f.37B6A3D8B8D5C040CDE4E4CEB4627624.d.2D4890445E9389604870321708500EAE.e.25509","ELEMENT":"f.37B6A3D8B8D5C040CDE4E4CEB4627624.d.2D4890445E9389604870321708500EAE.e.25509"}]}
COMMAND: GET /session/76bbe7a963ba333ac6e3770165032c4a/element/f.37B6A3D8B8D5C040CDE4E4CEB4627624.d.2D4890445E9389604870321708500EAE.e.25509/enabled - {}
COMMAND: GET /session/76bbe7a963ba333ac6e3770165032c4a/screenshot - {}
RESULT: {}
COMMAND: POST /session/76bbe7a963ba333ac6e3770165032c4a/execute/sync - {"script":"<script> [8489 bytes]","args":[{"element-6066-11e4-a52e-4f735466cecf":"f.37B6A3D8B8D5C040CDE4E4CEB4627624.d.2D4890445E9389604870321708500EAE.e.25509","ELEMENT":"f.37B6A3D8B8D5C040CDE4E4CEB4627624.d.2D4890445E9389604870321708500EAE.e.25509"}]}
COMMAND: GET /session/76bbe7a963ba333ac6e3770165032c4a/screenshot - {}
RESULT: {}
RESULT: {"script":"<script> [8489 bytes]","args":[{"element-6066-11e4-a52e-4f735466cecf":"f.37B6A3D8B8D5C040CDE4E4CEB4627624.d.2D4890445E9389604870321708500EAE.e.25509","ELEMENT":"f.37B6A3D8B8D5C040CDE4E4CEB4627624.d.2D4890445E9389604870321708500EAE.e.25509"}]}
COMMAND: POST /session/76bbe7a963ba333ac6e3770165032c4a/execute/sync - {"script":"<script> [5351 bytes]","args":[{"element-6066-11e4-a52e-4f735466cecf":"f.37B6A3D8B8D5C040CDE4E4CEB4627624.d.2D4890445E9389604870321708500EAE.e.25509","ELEMENT":"f.37B6A3D8B8D5C040CDE4E4CEB4627624.d.2D4890445E9389604870321708500EAE.e.25509"}]}
COMMAND: GET /session/76bbe7a963ba333ac6e3770165032c4a/screenshot - {}
RESULT: {}
RESULT: {"script":"<script> [5351 bytes]","args":[{"element-6066-11e4-a52e-4f735466cecf":"f.37B6A3D8B8D5C040CDE4E4CEB4627624.d.2D4890445E9389604870321708500EAE.e.25509","ELEMENT":"f.37B6A3D8B8D5C040CDE4E4CEB4627624.d.2D4890445E9389604870321708500EAE.e.25509"}]}
COMMAND: POST /session/76bbe7a963ba333ac6e3770165032c4a/element/f.37B6A3D8B8D5C040CDE4E4CEB4627624.d.2D4890445E9389604870321708500EAE.e.25509/click - {}
COMMAND: GET /session/76bbe7a963ba333ac6e3770165032c4a/screenshot - {}
RESULT: {}
RESULT: {}
COMMAND: GET /session/76bbe7a963ba333ac6e3770165032c4a/screenshot - {}
RESULT: {}
COMMAND: POST /session/76bbe7a963ba333ac6e3770165032c4a/element - {"using":"xpath","value":"//span[contains(@id ,\"AddNewHO--typeSelect-arrow\")]"}
RESULT: {}
RESULT: {"using":"xpath","value":"//span[contains(@id ,\"AddNewHO--typeSelect-arrow\")]"}
COMMAND: POST /session/76bbe7a963ba333ac6e3770165032c4a/element/f.37B6A3D8B8D5C040CDE4E4CEB4627624.d.2D4890445E9389604870321708500EAE.e.25942/click - {}
RESULT: {}
COMMAND: GET /session/76bbe7a963ba333ac6e3770165032c4a/screenshot - {}
RESULT: {}
COMMAND: POST /session/76bbe7a963ba333ac6e3770165032c4a/element - {"using":"xpath","value":"(//li[contains(text(), \"stock decrease yard\")])[1]"}
RESULT: {"using":"xpath","value":"(//li[contains(text(), \"stock decrease yard\")])[1]"}
COMMAND: POST /session/76bbe7a963ba333ac6e3770165032c4a/element/f.37B6A3D8B8D5C040CDE4E4CEB4627624.d.2D4890445E9389604870321708500EAE.e.25943/click - {}
RESULT: {}
COMMAND: GET /session/76bbe7a963ba333ac6e3770165032c4a/screenshot - {}
RESULT: {}
RESULT: undefined
COMMAND: POST /session/76bbe7a963ba333ac6e3770165032c4a/execute/async - {"script":"<script> [6424 bytes]","args":[{"element-6066-11e4-a52e-4f735466cecf":"f.37B6A3D8B8D5C040CDE4E4CEB4627624.d.2D4890445E9389604870321708500EAE.e.24722"},"setValue",["5/20/25"]]}
COMMAND: POST /session/76bbe7a963ba333ac6e3770165032c4a/execute/async - {"script":"<script> [1562 bytes]","args":[{"selector":{"id":"application-managehandovers-display-component---AddNewHO--dueDate","interaction":{"idSuffix":"inner"}},"wdio_ui5_key":"applicationmanagehandovers-display-component---AddNewHO--dueDate"}]}
RESULT: {"script":"<script> [1562 bytes]","args":[{"selector":{"id":"application-managehandovers-display-component---AddNewHO--dueDate","interaction":{"idSuffix":"inner"}},"wdio_ui5_key":"applicationmanagehandovers-display-component---AddNewHO--dueDate"}]}
COMMAND: POST /session/76bbe7a963ba333ac6e3770165032c4a/execute/async - {"script":"<script> [6424 bytes]","args":[{"element-6066-11e4-a52e-4f735466cecf":"f.37B6A3D8B8D5C040CDE4E4CEB4627624.d.2D4890445E9389604870321708500EAE.e.25957"},"setValue",["5/20/25"]]}
RESULT: {"script":"<script> [6424 bytes]","args":[{"element-6066-11e4-a52e-4f735466cecf":"f.37B6A3D8B8D5C040CDE4E4CEB4627624.d.2D4890445E9389604870321708500EAE.e.25957"},"setValue",["5/20/25"]]}
COMMAND: POST /session/76bbe7a963ba333ac6e3770165032c4a/element - {"using":"xpath","value":"//input[@id=\"generalSectionFrg--sendYard-inner\"]"}
RESULT: {"using":"xpath","value":"//input[@id=\"generalSectionFrg--sendYard-inner\"]"}
COMMAND: POST /session/76bbe7a963ba333ac6e3770165032c4a/element/f.37B6A3D8B8D5C040CDE4E4CEB4627624.d.2D4890445E9389604870321708500EAE.e.25961/clear - {}
RESULT: {}
COMMAND: POST /session/76bbe7a963ba333ac6e3770165032c4a/element/f.37B6A3D8B8D5C040CDE4E4CEB4627624.d.2D4890445E9389604870321708500EAE.e.25961/value - {"text":"574"}
COMMAND: GET /session/76bbe7a963ba333ac6e3770165032c4a/screenshot - {}
RESULT: {"text":"574"}
COMMAND: GET /session/76bbe7a963ba333ac6e3770165032c4a/screenshot - {}
RESULT: {}
RESULT: {}
COMMAND: POST /session/76bbe7a963ba333ac6e3770165032c4a/element - {"using":"xpath","value":"//li[.//span[text()='574']]"}
RESULT: {"using":"xpath","value":"//li[.//span[text()='574']]"}
COMMAND: POST /session/76bbe7a963ba333ac6e3770165032c4a/element/f.37B6A3D8B8D5C040CDE4E4CEB4627624.d.2D4890445E9389604870321708500EAE.e.25977/click - {}
RESULT: {}
COMMAND: GET /session/76bbe7a963ba333ac6e3770165032c4a/screenshot - {}
RESULT: {}
COMMAND: POST /session/76bbe7a963ba333ac6e3770165032c4a/execute/async - {"script":"<script> [1562 bytes]","args":[{"selector":{"controlType":"sap.ui.core.Icon","viewName":"etm.portal.ui.managehandovers.view.AddNewHO","viewId":"application-managehandovers-display-component---AddNewHO","properties":{"src":{"regex":{"source":"slim\\-arrow\\-down"}}},"ancestor":{"controlType":"etm.portal.ui.reusables.customControls.LiveSearchComboBox","viewName":"etm.portal.ui.managehandovers.view.AddNewHO","viewId":"application-managehandovers-display-component---AddNewHO","bindingPath":{"path":"","propertyPath":"/FORWARDER","modelName":"hoItemsModel"}}},"wdio_ui5_key":"etmportal.ui.managehandovers.view.AddNewHOsap.ui.core.Icon{\"src\":{\"regex\":{\"source\":\"slim\\\\-arrow\\\\-down\"}}}{\"controlType\":\"etm.portal.ui.reusables.customControls.LiveSearchComboBox\",\"viewName\":\"etm.portal.ui.managehandovers.view.AddNewHO\",\"viewId\":\"application-managehandovers-display-component---AddNewHO\",\"bindingPath\":{\"path\":\"\",\"propertyPath\":\"/FORWARDER\",\"modelName\":\"hoItemsModel\"}}"}]}
RESULT: {"script":"<script> [1562 bytes]","args":[{"selector":{"controlType":"sap.ui.core.Icon","viewName":"etm.portal.ui.managehandovers.view.AddNewHO","viewId":"application-managehandovers-display-component---AddNewHO","properties":{"src":{"regex":{"source":"slim\\-arrow\\-down"}}},"ancestor":{"controlType":"etm.portal.ui.reusables.customControls.LiveSearchComboBox","viewName":"etm.portal.ui.managehandovers.view.AddNewHO","viewId":"application-managehandovers-display-component---AddNewHO","bindingPath":{"path":"","propertyPath":"/FORWARDER","modelName":"hoItemsModel"}}},"wdio_ui5_key":"etmportal.ui.managehandovers.view.AddNewHOsap.ui.core.Icon{\"src\":{\"regex\":{\"source\":\"slim\\\\-arrow\\\\-down\"}}}{\"controlType\":\"etm.portal.ui.reusables.customControls.LiveSearchComboBox\",\"viewName\":\"etm.portal.ui.managehandovers.view.AddNewHO\",\"viewId\":\"application-managehandovers-display-component---AddNewHO\",\"bindingPath\":{\"path\":\"\",\"propertyPath\":\"/FORWARDER\",\"modelName\":\"hoItemsModel\"}}"}]}
RESULT: undefined
COMMAND: POST /session/76bbe7a963ba333ac6e3770165032c4a/element - {"using":"xpath","value":"//*[@id=\"__box41-arrow\"]"}
RESULT: {"using":"xpath","value":"//*[@id=\"__box41-arrow\"]"}
COMMAND: POST /session/76bbe7a963ba333ac6e3770165032c4a/element/f.37B6A3D8B8D5C040CDE4E4CEB4627624.d.2D4890445E9389604870321708500EAE.e.25978/click - {}
RESULT: {}
COMMAND: GET /session/76bbe7a963ba333ac6e3770165032c4a/screenshot - {}
RESULT: {}
COMMAND: POST /session/76bbe7a963ba333ac6e3770165032c4a/execute/async - {"script":"<script> [1562 bytes]","args":[{"selector":{"controlType":"sap.m.StandardListItem","viewName":"etm.portal.ui.managehandovers.view.AddNewHO","viewId":"application-managehandovers-display-component---AddNewHO","properties":{"title":"1002 - Test "},"searchOpenDialogs":true,"interaction":{"idSuffix":"content"}},"wdio_ui5_key":"etmportal.ui.managehandovers.view.AddNewHOsap.m.StandardListItem{\"title\":\"1002 - Test \"}"}]}
RESULT: {"script":"<script> [1562 bytes]","args":[{"selector":{"controlType":"sap.m.StandardListItem","viewName":"etm.portal.ui.managehandovers.view.AddNewHO","viewId":"application-managehandovers-display-component---AddNewHO","properties":{"title":"1002 - Test "},"searchOpenDialogs":true,"interaction":{"idSuffix":"content"}},"wdio_ui5_key":"etmportal.ui.managehandovers.view.AddNewHOsap.m.StandardListItem{\"title\":\"1002 - Test \"}"}]}
RESULT: undefined
COMMAND: POST /session/76bbe7a963ba333ac6e3770165032c4a/element - {"using":"xpath","value":"//*[@id=\"__item1372\"]"}
RESULT: {"using":"xpath","value":"//*[@id=\"__item1372\"]"}
COMMAND: POST /session/76bbe7a963ba333ac6e3770165032c4a/element/f.37B6A3D8B8D5C040CDE4E4CEB4627624.d.2D4890445E9389604870321708500EAE.e.25981/click - {}
RESULT: {}
COMMAND: GET /session/76bbe7a963ba333ac6e3770165032c4a/screenshot - {}
RESULT: {}
COMMAND: POST /session/76bbe7a963ba333ac6e3770165032c4a/execute/async - {"script":"<script> [1562 bytes]","args":[{"selector":{"controlType":"sap.m.Input","viewName":"etm.portal.ui.managehandovers.view.AddNewHO","viewId":"application-managehandovers-display-component---AddNewHO","bindingPath":{"path":"","propertyPath":"/DRIVER","modelName":"hoItemsModel"},"interaction":{"idSuffix":"inner"}},"wdio_ui5_key":"etmportal.ui.managehandovers.view.AddNewHOsap.m.Input{\"path\":\"\",\"propertyPath\":\"/DRIVER\",\"modelName\":\"hoItemsModel\"}"}]}
RESULT: {"script":"<script> [1562 bytes]","args":[{"selector":{"controlType":"sap.m.Input","viewName":"etm.portal.ui.managehandovers.view.AddNewHO","viewId":"application-managehandovers-display-component---AddNewHO","bindingPath":{"path":"","propertyPath":"/DRIVER","modelName":"hoItemsModel"},"interaction":{"idSuffix":"inner"}},"wdio_ui5_key":"etmportal.ui.managehandovers.view.AddNewHOsap.m.Input{\"path\":\"\",\"propertyPath\":\"/DRIVER\",\"modelName\":\"hoItemsModel\"}"}]}
RESULT: undefined
COMMAND: POST /session/76bbe7a963ba333ac6e3770165032c4a/execute/async - {"script":"<script> [776 bytes]","args":[{"enterText":"StockDecrease Driver","selector":{"controlType":"sap.m.Input","viewName":"etm.portal.ui.managehandovers.view.AddNewHO","viewId":"application-managehandovers-display-component---AddNewHO","bindingPath":{"path":"","propertyPath":"/DRIVER","modelName":"hoItemsModel"},"interaction":{"idSuffix":"inner"}},"clearTextFirst":true,"interactionType":"ENTER_TEXT"}]}
RESULT: {"script":"<script> [776 bytes]","args":[{"enterText":"StockDecrease Driver","selector":{"controlType":"sap.m.Input","viewName":"etm.portal.ui.managehandovers.view.AddNewHO","viewId":"application-managehandovers-display-component---AddNewHO","bindingPath":{"path":"","propertyPath":"/DRIVER","modelName":"hoItemsModel"},"interaction":{"idSuffix":"inner"}},"clearTextFirst":true,"interactionType":"ENTER_TEXT"}]}
COMMAND: POST /session/76bbe7a963ba333ac6e3770165032c4a/execute/async - {"script":"<script> [1562 bytes]","args":[{"selector":{"id":"application-managehandovers-display-component---AddNewHO--responsibleCB-arrow"},"wdio_ui5_key":"applicationmanagehandovers-display-component---AddNewHO--responsibleCB-arrow"}]}
RESULT: {"script":"<script> [1562 bytes]","args":[{"selector":{"id":"application-managehandovers-display-component---AddNewHO--responsibleCB-arrow"},"wdio_ui5_key":"applicationmanagehandovers-display-component---AddNewHO--responsibleCB-arrow"}]}
RESULT: undefined
COMMAND: POST /session/76bbe7a963ba333ac6e3770165032c4a/element - {"using":"xpath","value":"//*[@id=\"application-managehandovers-display-component---AddNewHO--responsibleCB-arrow\"]"}
RESULT: {"using":"xpath","value":"//*[@id=\"application-managehandovers-display-component---AddNewHO--responsibleCB-arrow\"]"}
COMMAND: POST /session/76bbe7a963ba333ac6e3770165032c4a/element/f.37B6A3D8B8D5C040CDE4E4CEB4627624.d.2D4890445E9389604870321708500EAE.e.25983/click - {}
RESULT: {}
COMMAND: GET /session/76bbe7a963ba333ac6e3770165032c4a/screenshot - {}
RESULT: {}
COMMAND: POST /session/76bbe7a963ba333ac6e3770165032c4a/execute/async - {"script":"<script> [1562 bytes]","args":[{"selector":{"controlType":"sap.m.StandardListItem","viewName":"etm.portal.ui.managehandovers.view.AddNewHO","viewId":"application-managehandovers-display-component---AddNewHO","properties":{"title":"1 - Test unit Update "},"searchOpenDialogs":true},"wdio_ui5_key":"etmportal.ui.managehandovers.view.AddNewHOsap.m.StandardListItem{\"title\":\"1 - Test unit Update \"}"}]}
RESULT: {"script":"<script> [1562 bytes]","args":[{"selector":{"controlType":"sap.m.StandardListItem","viewName":"etm.portal.ui.managehandovers.view.AddNewHO","viewId":"application-managehandovers-display-component---AddNewHO","properties":{"title":"1 - Test unit Update "},"searchOpenDialogs":true},"wdio_ui5_key":"etmportal.ui.managehandovers.view.AddNewHOsap.m.StandardListItem{\"title\":\"1 - Test unit Update \"}"}]}
RESULT: undefined
COMMAND: POST /session/76bbe7a963ba333ac6e3770165032c4a/element - {"using":"xpath","value":"//*[@id=\"__item1471\"]"}
RESULT: {"using":"xpath","value":"//*[@id=\"__item1471\"]"}
COMMAND: POST /session/76bbe7a963ba333ac6e3770165032c4a/element/f.37B6A3D8B8D5C040CDE4E4CEB4627624.d.2D4890445E9389604870321708500EAE.e.25984/click - {}
RESULT: {}
COMMAND: GET /session/76bbe7a963ba333ac6e3770165032c4a/screenshot - {}
RESULT: {}
RESULT: undefined
COMMAND: POST /session/76bbe7a963ba333ac6e3770165032c4a/element - {"using":"xpath","value":"//*[@id=\"application-managehandovers-display-component---AddNewHO--ObjectPageLayout-anchBar-application-managehandovers-display-component---AddNewHO--section4-anchor\"]"}
RESULT: {"using":"xpath","value":"//*[@id=\"application-managehandovers-display-component---AddNewHO--ObjectPageLayout-anchBar-application-managehandovers-display-component---AddNewHO--section4-anchor\"]"}
COMMAND: POST /session/76bbe7a963ba333ac6e3770165032c4a/element/f.37B6A3D8B8D5C040CDE4E4CEB4627624.d.2D4890445E9389604870321708500EAE.e.25985/click - {}
RESULT: {}
COMMAND: GET /session/76bbe7a963ba333ac6e3770165032c4a/screenshot - {}
RESULT: {}
COMMAND: POST /session/76bbe7a963ba333ac6e3770165032c4a/execute/async - {"script":"<script> [1562 bytes]","args":[{"selector":{"controlType":"sap.ui.core.Icon","viewName":"etm.portal.ui.managehandovers.view.AddNewHO","viewId":"application-managehandovers-display-component---AddNewHO","properties":{"src":{"regex":{"source":"add"}}}},"wdio_ui5_key":"etmportal.ui.managehandovers.view.AddNewHOsap.ui.core.Icon{\"src\":{\"regex\":{\"source\":\"add\"}}}"}]}
RESULT: {"script":"<script> [1562 bytes]","args":[{"selector":{"controlType":"sap.ui.core.Icon","viewName":"etm.portal.ui.managehandovers.view.AddNewHO","viewId":"application-managehandovers-display-component---AddNewHO","properties":{"src":{"regex":{"source":"add"}}}},"wdio_ui5_key":"etmportal.ui.managehandovers.view.AddNewHOsap.ui.core.Icon{\"src\":{\"regex\":{\"source\":\"add\"}}}"}]}
RESULT: undefined
COMMAND: POST /session/76bbe7a963ba333ac6e3770165032c4a/element - {"using":"xpath","value":"//*[@id=\"__button193-img\"]"}
RESULT: {"using":"xpath","value":"//*[@id=\"__button193-img\"]"}
COMMAND: POST /session/76bbe7a963ba333ac6e3770165032c4a/element/f.37B6A3D8B8D5C040CDE4E4CEB4627624.d.2D4890445E9389604870321708500EAE.e.25989/click - {}
RESULT: {}
RESULT: undefined
COMMAND: POST /session/76bbe7a963ba333ac6e3770165032c4a/execute/async - {"script":"<script> [776 bytes]","args":[{"enterText":"200320","selector":{"id":"application-managehandovers-display-component---AddNewHO--smartFilterBar-btnBasicSearch","searchOpenDialogs":true,"interaction":{"idSuffix":"I"}},"clearTextFirst":true,"interactionType":"ENTER_TEXT"}]}
COMMAND: GET /session/76bbe7a963ba333ac6e3770165032c4a/screenshot - {}
RESULT: {"script":"<script> [776 bytes]","args":[{"enterText":"200320","selector":{"id":"application-managehandovers-display-component---AddNewHO--smartFilterBar-btnBasicSearch","searchOpenDialogs":true,"interaction":{"idSuffix":"I"}},"clearTextFirst":true,"interactionType":"ENTER_TEXT"}]}
RESULT: {}
RESULT: undefined
COMMAND: POST /session/76bbe7a963ba333ac6e3770165032c4a/element - {"using":"xpath","value":"//*[@id=\"application-managehandovers-display-component---AddNewHO--popup-sa\"]"}
RESULT: {"using":"xpath","value":"//*[@id=\"application-managehandovers-display-component---AddNewHO--popup-sa\"]"}
COMMAND: POST /session/76bbe7a963ba333ac6e3770165032c4a/element/f.37B6A3D8B8D5C040CDE4E4CEB4627624.d.2D4890445E9389604870321708500EAE.e.26025/click - {}
RESULT: {}
COMMAND: GET /session/76bbe7a963ba333ac6e3770165032c4a/screenshot - {}
RESULT: {}
COMMAND: POST /session/76bbe7a963ba333ac6e3770165032c4a/element - {"using":"xpath","value":"//*[contains(@id ,\"BDI-content\")][contains(text(), \"Select\")]"}
RESULT: {"using":"xpath","value":"//*[contains(@id ,\"BDI-content\")][contains(text(), \"Select\")]"}
COMMAND: POST /session/76bbe7a963ba333ac6e3770165032c4a/element/f.37B6A3D8B8D5C040CDE4E4CEB4627624.d.2D4890445E9389604870321708500EAE.e.26026/click - {}
RESULT: {}
COMMAND: POST /session/76bbe7a963ba333ac6e3770165032c4a/execute/async - {"script":"<script> [1562 bytes]","args":[{"selector":{"controlType":"sap.m.Button","viewName":"etm.portal.ui.managehandovers.view.AddNewHO","viewId":"application-managehandovers-display-component---AddNewHO","bindingPath":{"path":"/items/0","propertyPath":"QUANTITY","modelName":"hoItemsModel"},"interaction":{"idSuffix":"inner"}},"wdio_ui5_key":"etmportal.ui.managehandovers.view.AddNewHOsap.m.Button{\"path\":\"/items/0\",\"propertyPath\":\"QUANTITY\",\"modelName\":\"hoItemsModel\"}"}]}
COMMAND: GET /session/76bbe7a963ba333ac6e3770165032c4a/screenshot - {}
RESULT: {"script":"<script> [1562 bytes]","args":[{"selector":{"controlType":"sap.m.Button","viewName":"etm.portal.ui.managehandovers.view.AddNewHO","viewId":"application-managehandovers-display-component---AddNewHO","bindingPath":{"path":"/items/0","propertyPath":"QUANTITY","modelName":"hoItemsModel"},"interaction":{"idSuffix":"inner"}},"wdio_ui5_key":"etmportal.ui.managehandovers.view.AddNewHOsap.m.Button{\"path\":\"/items/0\",\"propertyPath\":\"QUANTITY\",\"modelName\":\"hoItemsModel\"}"}]}
RESULT: undefined
COMMAND: POST /session/76bbe7a963ba333ac6e3770165032c4a/element - {"using":"xpath","value":"//*[@id=\"__button194-__clone3214\"]"}
RESULT: {}
RESULT: {"using":"xpath","value":"//*[@id=\"__button194-__clone3214\"]"}
COMMAND: POST /session/76bbe7a963ba333ac6e3770165032c4a/element/f.37B6A3D8B8D5C040CDE4E4CEB4627624.d.2D4890445E9389604870321708500EAE.e.26030/click - {}
RESULT: {}
COMMAND: POST /session/76bbe7a963ba333ac6e3770165032c4a/execute/async - {"script":"<script> [1562 bytes]","args":[{"selector":{"controlType":"sap.m.NumericInput","viewName":"etm.portal.ui.managehandovers.view.AddNewHO","viewId":"application-managehandovers-display-component---AddNewHO","properties":{"value":"0"},"searchOpenDialogs":true,"interaction":{"idSuffix":"inner"}},"wdio_ui5_key":"etmportal.ui.managehandovers.view.AddNewHOsap.m.NumericInput{\"value\":\"0\"}"}]}
COMMAND: GET /session/76bbe7a963ba333ac6e3770165032c4a/screenshot - {}
RESULT: {"script":"<script> [1562 bytes]","args":[{"selector":{"controlType":"sap.m.NumericInput","viewName":"etm.portal.ui.managehandovers.view.AddNewHO","viewId":"application-managehandovers-display-component---AddNewHO","properties":{"value":"0"},"searchOpenDialogs":true,"interaction":{"idSuffix":"inner"}},"wdio_ui5_key":"etmportal.ui.managehandovers.view.AddNewHOsap.m.NumericInput{\"value\":\"0\"}"}]}
RESULT: undefined
COMMAND: POST /session/76bbe7a963ba333ac6e3770165032c4a/execute/async - {"script":"<script> [776 bytes]","args":[{"enterText":"1","selector":{"controlType":"sap.m.NumericInput","viewName":"etm.portal.ui.managehandovers.view.AddNewHO","viewId":"application-managehandovers-display-component---AddNewHO","properties":{"value":"0"},"searchOpenDialogs":true,"interaction":{"idSuffix":"inner"}},"clearTextFirst":true,"interactionType":"ENTER_TEXT"}]}
RESULT: {}
RESULT: {"script":"<script> [776 bytes]","args":[{"enterText":"1","selector":{"controlType":"sap.m.NumericInput","viewName":"etm.portal.ui.managehandovers.view.AddNewHO","viewId":"application-managehandovers-display-component---AddNewHO","properties":{"value":"0"},"searchOpenDialogs":true,"interaction":{"idSuffix":"inner"}},"clearTextFirst":true,"interactionType":"ENTER_TEXT"}]}
COMMAND: POST /session/76bbe7a963ba333ac6e3770165032c4a/execute/async - {"script":"<script> [1562 bytes]","args":[{"selector":{"controlType":"sap.m.Button","viewName":"etm.portal.ui.managehandovers.view.AddNewHO","viewId":"application-managehandovers-display-component---AddNewHO","i18NText":{"propertyName":"text","key":"confirm"},"searchOpenDialogs":true,"interaction":{"idSuffix":"BDI-content"}},"wdio_ui5_key":"etmportal.ui.managehandovers.view.AddNewHOsap.m.Button{\"propertyName\":\"text\",\"key\":\"confirm\"}"}]}
RESULT: {"script":"<script> [1562 bytes]","args":[{"selector":{"controlType":"sap.m.Button","viewName":"etm.portal.ui.managehandovers.view.AddNewHO","viewId":"application-managehandovers-display-component---AddNewHO","i18NText":{"propertyName":"text","key":"confirm"},"searchOpenDialogs":true,"interaction":{"idSuffix":"BDI-content"}},"wdio_ui5_key":"etmportal.ui.managehandovers.view.AddNewHOsap.m.Button{\"propertyName\":\"text\",\"key\":\"confirm\"}"}]}
RESULT: undefined
COMMAND: POST /session/76bbe7a963ba333ac6e3770165032c4a/element - {"using":"xpath","value":"//*[@id=\"__button197\"]"}
RESULT: {"using":"xpath","value":"//*[@id=\"__button197\"]"}
COMMAND: POST /session/76bbe7a963ba333ac6e3770165032c4a/element/f.37B6A3D8B8D5C040CDE4E4CEB4627624.d.2D4890445E9389604870321708500EAE.e.26031/click - {}
RESULT: {}
COMMAND: POST /session/76bbe7a963ba333ac6e3770165032c4a/execute/async - {"script":"<script> [1562 bytes]","args":[{"selector":{"id":"application-managehandovers-display-component---AddNewHO--confirmCreationButton","interaction":{"idSuffix":"inner"}},"wdio_ui5_key":"applicationmanagehandovers-display-component---AddNewHO--confirmCreationButton"}]}
COMMAND: GET /session/76bbe7a963ba333ac6e3770165032c4a/screenshot - {}
RESULT: {"script":"<script> [1562 bytes]","args":[{"selector":{"id":"application-managehandovers-display-component---AddNewHO--confirmCreationButton","interaction":{"idSuffix":"inner"}},"wdio_ui5_key":"applicationmanagehandovers-display-component---AddNewHO--confirmCreationButton"}]}
RESULT: undefined
COMMAND: POST /session/76bbe7a963ba333ac6e3770165032c4a/element - {"using":"xpath","value":"//*[@id=\"application-managehandovers-display-component---AddNewHO--confirmCreationButton\"]"}
RESULT: {}
RESULT: {"using":"xpath","value":"//*[@id=\"application-managehandovers-display-component---AddNewHO--confirmCreationButton\"]"}
COMMAND: POST /session/76bbe7a963ba333ac6e3770165032c4a/element/f.37B6A3D8B8D5C040CDE4E4CEB4627624.d.2D4890445E9389604870321708500EAE.e.26042/click - {}
RESULT: {}
COMMAND: GET /session/76bbe7a963ba333ac6e3770165032c4a/screenshot - {}
RESULT: {}
RESULT: undefined
COMMAND: POST /session/76bbe7a963ba333ac6e3770165032c4a/execute/async - {"script":"<script> [776 bytes]","args":[{"enterText":"5/20/25","selector":{"id":"receiptDatePicker","viewName":"etm.portal.ui.managehandovers.view.DetailExecuteHO","interaction":{"idSuffix":"inner"}},"clearTextFirst":true,"interactionType":"ENTER_TEXT"}]}
RESULT: {"script":"<script> [776 bytes]","args":[{"enterText":"5/20/25","selector":{"id":"receiptDatePicker","viewName":"etm.portal.ui.managehandovers.view.DetailExecuteHO","interaction":{"idSuffix":"inner"}},"clearTextFirst":true,"interactionType":"ENTER_TEXT"}]}
COMMAND: POST /session/76bbe7a963ba333ac6e3770165032c4a/execute/async - {"script":"<script> [1562 bytes]","args":[{"selector":{"controlType":"sap.m.Button","viewName":"etm.portal.ui.managehandovers.view.DetailExecuteHO","i18NText":{"propertyName":"text","key":"confirmAll"},"interaction":{"idSuffix":"BDI-content"}},"wdio_ui5_key":"etmportal.ui.managehandovers.view.DetailExecuteHOsap.m.Button{\"propertyName\":\"text\",\"key\":\"confirmAll\"}"}]}
RESULT: {"script":"<script> [1562 bytes]","args":[{"selector":{"controlType":"sap.m.Button","viewName":"etm.portal.ui.managehandovers.view.DetailExecuteHO","i18NText":{"propertyName":"text","key":"confirmAll"},"interaction":{"idSuffix":"BDI-content"}},"wdio_ui5_key":"etmportal.ui.managehandovers.view.DetailExecuteHOsap.m.Button{\"propertyName\":\"text\",\"key\":\"confirmAll\"}"}]}
RESULT: undefined
COMMAND: POST /session/76bbe7a963ba333ac6e3770165032c4a/element - {"using":"xpath","value":"//*[@id=\"__button225\"]"}
RESULT: {"using":"xpath","value":"//*[@id=\"__button225\"]"}
COMMAND: POST /session/76bbe7a963ba333ac6e3770165032c4a/element/f.37B6A3D8B8D5C040CDE4E4CEB4627624.d.2D4890445E9389604870321708500EAE.e.26072/click - {}
RESULT: {}
COMMAND: GET /session/76bbe7a963ba333ac6e3770165032c4a/screenshot - {}
RESULT: {}
COMMAND: POST /session/76bbe7a963ba333ac6e3770165032c4a/execute/async - {"script":"<script> [1562 bytes]","args":[{"selector":{"controlType":"sap.m.Button","properties":{"text":"OK"},"searchOpenDialogs":true,"interaction":{"idSuffix":"inner"}},"wdio_ui5_key":"sapm.Button{\"text\":\"OK\"}"}]}
RESULT: {"script":"<script> [1562 bytes]","args":[{"selector":{"controlType":"sap.m.Button","properties":{"text":"OK"},"searchOpenDialogs":true,"interaction":{"idSuffix":"inner"}},"wdio_ui5_key":"sapm.Button{\"text\":\"OK\"}"}]}
RESULT: undefined
COMMAND: POST /session/76bbe7a963ba333ac6e3770165032c4a/element - {"using":"xpath","value":"//*[@id=\"__mbox-btn-3\"]"}
RESULT: {"using":"xpath","value":"//*[@id=\"__mbox-btn-3\"]"}
COMMAND: POST /session/76bbe7a963ba333ac6e3770165032c4a/element/f.37B6A3D8B8D5C040CDE4E4CEB4627624.d.2D4890445E9389604870321708500EAE.e.26073/click - {}
RESULT: {}
COMMAND: GET /session/76bbe7a963ba333ac6e3770165032c4a/screenshot - {}
RESULT: {}
COMMAND: POST /session/76bbe7a963ba333ac6e3770165032c4a/element - {"using":"xpath","value":"//bdi[contains(text(), \"Issue\")]"}
RESULT: {"using":"xpath","value":"//bdi[contains(text(), \"Issue\")]"}
COMMAND: POST /session/76bbe7a963ba333ac6e3770165032c4a/element/f.37B6A3D8B8D5C040CDE4E4CEB4627624.d.2D4890445E9389604870321708500EAE.e.26076/click - {}
RESULT: {}
COMMAND: GET /session/76bbe7a963ba333ac6e3770165032c4a/screenshot - {}
RESULT: {}
COMMAND: POST /session/76bbe7a963ba333ac6e3770165032c4a/element - {"using":"css selector","value":"#shell-header-logo"}
RESULT: {"using":"css selector","value":"#shell-header-logo"}
COMMAND: POST /session/76bbe7a963ba333ac6e3770165032c4a/element/f.37B6A3D8B8D5C040CDE4E4CEB4627624.d.2D4890445E9389604870321708500EAE.e.25486/click - {}
RESULT: {}
COMMAND: GET /session/76bbe7a963ba333ac6e3770165032c4a/screenshot - {}
RESULT: {}
COMMAND: POST /session/76bbe7a963ba333ac6e3770165032c4a/element - {"using":"css selector","value":"#j_username"}
COMMAND: POST /session/76bbe7a963ba333ac6e3770165032c4a/url - {"url":"https://qa-testing-00-live-etm-ui.cfapps.eu10-004.hana.ondemand.com/"}
RESULT: {"using":"css selector","value":"#j_username"}
COMMAND: POST /session/76bbe7a963ba333ac6e3770165032c4a/element - {"using":"css selector","value":"#j_username"}
RESULT: {"url":"https://qa-testing-00-live-etm-ui.cfapps.eu10-004.hana.ondemand.com/"}
RESULT: undefined
COMMAND: GET /session/76bbe7a963ba333ac6e3770165032c4a/screenshot - {}
RESULT: {"using":"css selector","value":"#j_username"}
COMMAND: POST /session/76bbe7a963ba333ac6e3770165032c4a/element - {"using":"css selector","value":"#shell-header-logo"}
RESULT: {}
RESULT: {"using":"css selector","value":"#shell-header-logo"}
COMMAND: POST /session/76bbe7a963ba333ac6e3770165032c4a/execute/sync - {"script":"<script> [8489 bytes]","args":[{"element-6066-11e4-a52e-4f735466cecf":"f.37B6A3D8B8D5C040CDE4E4CEB4627624.d.B6BC8F18FAFD2C754502BAEB17C4CFE9.e.26255","ELEMENT":"f.37B6A3D8B8D5C040CDE4E4CEB4627624.d.B6BC8F18FAFD2C754502BAEB17C4CFE9.e.26255"}]}
RESULT: {"script":"<script> [8489 bytes]","args":[{"element-6066-11e4-a52e-4f735466cecf":"f.37B6A3D8B8D5C040CDE4E4CEB4627624.d.B6BC8F18FAFD2C754502BAEB17C4CFE9.e.26255","ELEMENT":"f.37B6A3D8B8D5C040CDE4E4CEB4627624.d.B6BC8F18FAFD2C754502BAEB17C4CFE9.e.26255"}]}
COMMAND: POST /session/76bbe7a963ba333ac6e3770165032c4a/element - {"using":"css selector","value":"#shell-header-logo"}
COMMAND: GET /session/76bbe7a963ba333ac6e3770165032c4a/screenshot - {}
RESULT: {"using":"css selector","value":"#shell-header-logo"}
COMMAND: POST /session/76bbe7a963ba333ac6e3770165032c4a/execute/sync - {"script":"<script> [8489 bytes]","args":[{"element-6066-11e4-a52e-4f735466cecf":"f.37B6A3D8B8D5C040CDE4E4CEB4627624.d.B6BC8F18FAFD2C754502BAEB17C4CFE9.e.26255","ELEMENT":"f.37B6A3D8B8D5C040CDE4E4CEB4627624.d.B6BC8F18FAFD2C754502BAEB17C4CFE9.e.26255"}]}
RESULT: {}
RESULT: {"script":"<script> [8489 bytes]","args":[{"element-6066-11e4-a52e-4f735466cecf":"f.37B6A3D8B8D5C040CDE4E4CEB4627624.d.B6BC8F18FAFD2C754502BAEB17C4CFE9.e.26255","ELEMENT":"f.37B6A3D8B8D5C040CDE4E4CEB4627624.d.B6BC8F18FAFD2C754502BAEB17C4CFE9.e.26255"}]}
COMMAND: POST /session/76bbe7a963ba333ac6e3770165032c4a/execute/sync - {"script":"<script> [5351 bytes]","args":[{"element-6066-11e4-a52e-4f735466cecf":"f.37B6A3D8B8D5C040CDE4E4CEB4627624.d.B6BC8F18FAFD2C754502BAEB17C4CFE9.e.26255","ELEMENT":"f.37B6A3D8B8D5C040CDE4E4CEB4627624.d.B6BC8F18FAFD2C754502BAEB17C4CFE9.e.26255"}]}
COMMAND: GET /session/76bbe7a963ba333ac6e3770165032c4a/screenshot - {}
RESULT: {"script":"<script> [5351 bytes]","args":[{"element-6066-11e4-a52e-4f735466cecf":"f.37B6A3D8B8D5C040CDE4E4CEB4627624.d.B6BC8F18FAFD2C754502BAEB17C4CFE9.e.26255","ELEMENT":"f.37B6A3D8B8D5C040CDE4E4CEB4627624.d.B6BC8F18FAFD2C754502BAEB17C4CFE9.e.26255"}]}
COMMAND: POST /session/76bbe7a963ba333ac6e3770165032c4a/element - {"using":"css selector","value":"#shell-header-logo"}
COMMAND: GET /session/76bbe7a963ba333ac6e3770165032c4a/screenshot - {}
RESULT: {}
RESULT: {"using":"css selector","value":"#shell-header-logo"}
COMMAND: POST /session/76bbe7a963ba333ac6e3770165032c4a/element/f.37B6A3D8B8D5C040CDE4E4CEB4627624.d.B6BC8F18FAFD2C754502BAEB17C4CFE9.e.26255/click - {}
RESULT: {}
RESULT: {}
COMMAND: GET /session/76bbe7a963ba333ac6e3770165032c4a/screenshot - {}
RESULT: {}
COMMAND: POST /session/76bbe7a963ba333ac6e3770165032c4a/execute/async - {"script":"<script> [189 bytes]","args":[]}
RESULT: {"script":"<script> [189 bytes]","args":[]}
COMMAND: POST /session/76bbe7a963ba333ac6e3770165032c4a/execute/async - {"script":"<script> [123 bytes]","args":[]}
RESULT: {"script":"<script> [123 bytes]","args":[]}
COMMAND: POST /session/76bbe7a963ba333ac6e3770165032c4a/timeouts - {"script":"<number>"}
RESULT: {"script":"<number>"}
COMMAND: GET /session/76bbe7a963ba333ac6e3770165032c4a/timeouts - {}
RESULT: {}
RESULT: undefined
COMMAND: POST /session/76bbe7a963ba333ac6e3770165032c4a/execute/async - {"script":"<script> [2676 bytes]","args":[]}
RESULT: {"script":"<script> [2676 bytes]","args":[]}
COMMAND: POST /session/76bbe7a963ba333ac6e3770165032c4a/execute/async - {"script":"<script> [2342 bytes]","args":[{"protocol":"http","hostname":"0.0.0.0","path":"/","capabilities":{"browserName":"chrome","goog:chromeOptions":{"binary":"C:\\Program Files\\Google\\Chrome\\Application\\chrome.exe","args":["--start-maximized"]}},"logLevel":"warn","connectionRetryTimeout":120000,"connectionRetryCount":3,"logLevels":{},"enableDirectConnect":true,"strictSSL":true,"_":"65 more keys: [\"cacheDir\",\"port\",\"requestedCapabilities\",\"automationProtocol\",\"baseUrl\",\"waitforInterval\",\"waitforTimeout\",\"onReload\",\"beforeCommand\",\"afterCommand\",\"rootDir\",\"specs\",\"suites\",\"exclude\",\"groupLogsByTestSpec\",\"excludeDriverLogs\",\"bail\",\"framework\",\"reporters\",\"services\",\"maxInstances\",\"maxInstancesPerCapability\",\"injectGlobals\",\"filesToWatch\",\"execArgv\",\"runnerEnv\",\"runner\",\"shard\",\"specFileRetries\",\"specFileRetriesDelay\",\"specFileRetriesDeferred\",\"reporterSyncInterval\",\"reporterSyncTimeout\",\"cucumberFeaturesWithLineNumbers\",\"autoCompileOpts\",\"mochaOpts\",\"jasmineOpts\",\"cucumberOpts\",\"onPrepare\",\"onWorkerStart\",\"onWorkerEnd\",\"before\",\"beforeSession\",\"beforeSuite\",\"beforeHook\",\"beforeTest\",\"afterTest\",\"afterHook\",\"afterSuite\",\"afterSession\",\"after\",\"onComplete\",\"beforeAssertion\",\"afterAssertion\",\"beforeFeature\",\"beforeScenario\",\"beforeStep\",\"afterStep\",\"afterScenario\",\"afterFeature\",\"_\",\"suite\",\"$0\",\"ignoredWorkerServices\",\"wdi5\"]"}]}
RESULT: {"script":"<script> [2342 bytes]","args":[{"protocol":"http","hostname":"0.0.0.0","path":"/","capabilities":{"browserName":"chrome","goog:chromeOptions":{"binary":"C:\\Program Files\\Google\\Chrome\\Application\\chrome.exe","args":["--start-maximized"]}},"logLevel":"warn","connectionRetryTimeout":120000,"connectionRetryCount":3,"logLevels":{},"enableDirectConnect":true,"strictSSL":true,"_":"65 more keys: [\"cacheDir\",\"port\",\"requestedCapabilities\",\"automationProtocol\",\"baseUrl\",\"waitforInterval\",\"waitforTimeout\",\"onReload\",\"beforeCommand\",\"afterCommand\",\"rootDir\",\"specs\",\"suites\",\"exclude\",\"groupLogsByTestSpec\",\"excludeDriverLogs\",\"bail\",\"framework\",\"reporters\",\"services\",\"maxInstances\",\"maxInstancesPerCapability\",\"injectGlobals\",\"filesToWatch\",\"execArgv\",\"runnerEnv\",\"runner\",\"shard\",\"specFileRetries\",\"specFileRetriesDelay\",\"specFileRetriesDeferred\",\"reporterSyncInterval\",\"reporterSyncTimeout\",\"cucumberFeaturesWithLineNumbers\",\"autoCompileOpts\",\"mochaOpts\",\"jasmineOpts\",\"cucumberOpts\",\"onPrepare\",\"onWorkerStart\",\"onWorkerEnd\",\"before\",\"beforeSession\",\"beforeSuite\",\"beforeHook\",\"beforeTest\",\"afterTest\",\"afterHook\",\"afterSuite\",\"afterSession\",\"after\",\"onComplete\",\"beforeAssertion\",\"afterAssertion\",\"beforeFeature\",\"beforeScenario\",\"beforeStep\",\"afterStep\",\"afterScenario\",\"afterFeature\",\"_\",\"suite\",\"$0\",\"ignoredWorkerServices\",\"wdi5\"]"}]}
COMMAND: POST /session/76bbe7a963ba333ac6e3770165032c4a/execute/async - {"script":"<script> [21126 bytes]","args":[35000]}
RESULT: {"script":"<script> [21126 bytes]","args":[35000]}
COMMAND: POST /session/76bbe7a963ba333ac6e3770165032c4a/window/maximize - {}
RESULT: {}
COMMAND: POST /session/76bbe7a963ba333ac6e3770165032c4a/execute/async - {"script":"<script> [1562 bytes]","args":[{"selector":{"id":"shell-header","interaction":{"idSuffix":"icon"}},"wdio_ui5_key":"shellheader"}]}
COMMAND: GET /session/76bbe7a963ba333ac6e3770165032c4a/screenshot - {}
RESULT: {"script":"<script> [1562 bytes]","args":[{"selector":{"id":"shell-header","interaction":{"idSuffix":"icon"}},"wdio_ui5_key":"shellheader"}]}
RESULT: undefined
COMMAND: POST /session/76bbe7a963ba333ac6e3770165032c4a/window/fullscreen - {}
RESULT: {}
RESULT: {}
]]></system-out>
    </testcase>
  </testsuite>
  <testsuite timestamp="2025-05-20T06:45:23" time="653.723" tests="7" failures="0" errors="0" skipped="0">
    <properties>
      <property name="specId" value="0" />
      <property name="suiteName" value="Transfer Yard to Yard US131076" />
      <property name="capabilities" value="chrome.136_0_7103_93.windows" />
      <property name="file" value="file:///D:/a/1/s/test/specs/HTR/transfer-yard-to-yard.spec.js" />
    </properties>
    <testcase classname="chrome.136_0_7103_93.windows.Transfer_Yard_to_Yard_US131076" name="Should create a new yard" time="0.016">
      <system-out><![CDATA[
COMMAND: POST /session/76bbe7a963ba333ac6e3770165032c4a/window/fullscreen - {}
RESULT: {}
]]></system-out>
    </testcase>
    <testcase classname="chrome.136_0_7103_93.windows.Transfer_Yard_to_Yard_US131076" name="Should create a new 2nd yard" time="110.015">
      <system-out><![CDATA[
COMMAND: POST /session/76bbe7a963ba333ac6e3770165032c4a/window/fullscreen - {}
RESULT: {}
COMMAND: POST /session/76bbe7a963ba333ac6e3770165032c4a/execute/async - {"script":"<script> [1562 bytes]","args":[{"selector":{"controlType":"sap.m.GenericTile","properties":{"header":"Manage Yards"}},"wdio_ui5_key":"sapm.GenericTile{\"header\":\"Manage Yards\"}"}]}
RESULT: {"script":"<script> [1562 bytes]","args":[{"selector":{"controlType":"sap.m.GenericTile","properties":{"header":"Manage Yards"}},"wdio_ui5_key":"sapm.GenericTile{\"header\":\"Manage Yards\"}"}]}
RESULT: undefined
COMMAND: POST /session/76bbe7a963ba333ac6e3770165032c4a/element - {"using":"xpath","value":"//*[@id=\"__tile33\"]"}
RESULT: {"using":"xpath","value":"//*[@id=\"__tile33\"]"}
COMMAND: POST /session/76bbe7a963ba333ac6e3770165032c4a/element/f.37B6A3D8B8D5C040CDE4E4CEB4627624.d.B6BC8F18FAFD2C754502BAEB17C4CFE9.e.26283/click - {}
RESULT: {}
COMMAND: GET /session/76bbe7a963ba333ac6e3770165032c4a/screenshot - {}
RESULT: {}
COMMAND: POST /session/76bbe7a963ba333ac6e3770165032c4a/elements - {"using":"xpath","value":"//span[text()='Error']"}
RESULT: {"using":"xpath","value":"//span[text()='Error']"}
COMMAND: POST /session/76bbe7a963ba333ac6e3770165032c4a/element - {"using":"xpath","value":"//button[@data-kt=\"addNewYardOverflowToolbarButton\"]"}
RESULT: {"using":"xpath","value":"//button[@data-kt=\"addNewYardOverflowToolbarButton\"]"}
COMMAND: POST /session/76bbe7a963ba333ac6e3770165032c4a/elements - {"using":"xpath","value":"//button[@data-kt=\"addNewYardOverflowToolbarButton\"]"}
RESULT: {"using":"xpath","value":"//button[@data-kt=\"addNewYardOverflowToolbarButton\"]"}
COMMAND: POST /session/76bbe7a963ba333ac6e3770165032c4a/execute/sync - {"script":"<script> [8489 bytes]","args":[{"element-6066-11e4-a52e-4f735466cecf":"f.37B6A3D8B8D5C040CDE4E4CEB4627624.d.B6BC8F18FAFD2C754502BAEB17C4CFE9.e.26409","ELEMENT":"f.37B6A3D8B8D5C040CDE4E4CEB4627624.d.B6BC8F18FAFD2C754502BAEB17C4CFE9.e.26409"}]}
RESULT: {"script":"<script> [8489 bytes]","args":[{"element-6066-11e4-a52e-4f735466cecf":"f.37B6A3D8B8D5C040CDE4E4CEB4627624.d.B6BC8F18FAFD2C754502BAEB17C4CFE9.e.26409","ELEMENT":"f.37B6A3D8B8D5C040CDE4E4CEB4627624.d.B6BC8F18FAFD2C754502BAEB17C4CFE9.e.26409"}]}
COMMAND: GET /session/76bbe7a963ba333ac6e3770165032c4a/element/f.37B6A3D8B8D5C040CDE4E4CEB4627624.d.B6BC8F18FAFD2C754502BAEB17C4CFE9.e.26409/enabled - {}
COMMAND: GET /session/76bbe7a963ba333ac6e3770165032c4a/screenshot - {}
RESULT: {}
COMMAND: POST /session/76bbe7a963ba333ac6e3770165032c4a/execute/sync - {"script":"<script> [8489 bytes]","args":[{"element-6066-11e4-a52e-4f735466cecf":"f.37B6A3D8B8D5C040CDE4E4CEB4627624.d.B6BC8F18FAFD2C754502BAEB17C4CFE9.e.26409","ELEMENT":"f.37B6A3D8B8D5C040CDE4E4CEB4627624.d.B6BC8F18FAFD2C754502BAEB17C4CFE9.e.26409"}]}
COMMAND: GET /session/76bbe7a963ba333ac6e3770165032c4a/screenshot - {}
RESULT: {}
RESULT: {"script":"<script> [8489 bytes]","args":[{"element-6066-11e4-a52e-4f735466cecf":"f.37B6A3D8B8D5C040CDE4E4CEB4627624.d.B6BC8F18FAFD2C754502BAEB17C4CFE9.e.26409","ELEMENT":"f.37B6A3D8B8D5C040CDE4E4CEB4627624.d.B6BC8F18FAFD2C754502BAEB17C4CFE9.e.26409"}]}
COMMAND: POST /session/76bbe7a963ba333ac6e3770165032c4a/execute/sync - {"script":"<script> [5351 bytes]","args":[{"element-6066-11e4-a52e-4f735466cecf":"f.37B6A3D8B8D5C040CDE4E4CEB4627624.d.B6BC8F18FAFD2C754502BAEB17C4CFE9.e.26409","ELEMENT":"f.37B6A3D8B8D5C040CDE4E4CEB4627624.d.B6BC8F18FAFD2C754502BAEB17C4CFE9.e.26409"}]}
COMMAND: GET /session/76bbe7a963ba333ac6e3770165032c4a/screenshot - {}
RESULT: {}
RESULT: {"script":"<script> [5351 bytes]","args":[{"element-6066-11e4-a52e-4f735466cecf":"f.37B6A3D8B8D5C040CDE4E4CEB4627624.d.B6BC8F18FAFD2C754502BAEB17C4CFE9.e.26409","ELEMENT":"f.37B6A3D8B8D5C040CDE4E4CEB4627624.d.B6BC8F18FAFD2C754502BAEB17C4CFE9.e.26409"}]}
COMMAND: POST /session/76bbe7a963ba333ac6e3770165032c4a/element/f.37B6A3D8B8D5C040CDE4E4CEB4627624.d.B6BC8F18FAFD2C754502BAEB17C4CFE9.e.26409/click - {}
COMMAND: GET /session/76bbe7a963ba333ac6e3770165032c4a/screenshot - {}
RESULT: {}
RESULT: {}
COMMAND: GET /session/76bbe7a963ba333ac6e3770165032c4a/screenshot - {}
RESULT: {}
RESULT: {}
COMMAND: POST /session/76bbe7a963ba333ac6e3770165032c4a/element - {"using":"xpath","value":"//input[@id=\"application-manageyards-display-component---NewYard--yardId-inner\"]"}
RESULT: {"using":"xpath","value":"//input[@id=\"application-manageyards-display-component---NewYard--yardId-inner\"]"}
COMMAND: POST /session/76bbe7a963ba333ac6e3770165032c4a/element - {"using":"xpath","value":"//input[@id=\"application-manageyards-display-component---NewYard--yardId-inner\"]"}
RESULT: {"using":"xpath","value":"//input[@id=\"application-manageyards-display-component---NewYard--yardId-inner\"]"}
COMMAND: POST /session/76bbe7a963ba333ac6e3770165032c4a/execute/async - {"script":"<script> [1562 bytes]","args":[{"selector":{"id":"application-manageyards-display-component---NewYard--addressDetailDetailsName1","interaction":{"idSuffix":"inner"}},"wdio_ui5_key":"applicationmanageyards-display-component---NewYard--addressDetailDetailsName1"}]}
RESULT: {"script":"<script> [1562 bytes]","args":[{"selector":{"id":"application-manageyards-display-component---NewYard--addressDetailDetailsName1","interaction":{"idSuffix":"inner"}},"wdio_ui5_key":"applicationmanageyards-display-component---NewYard--addressDetailDetailsName1"}]}
RESULT: undefined
COMMAND: POST /session/76bbe7a963ba333ac6e3770165032c4a/execute/async - {"script":"<script> [776 bytes]","args":[{"enterText":"Intracompany Yard wdIO","selector":{"id":"application-manageyards-display-component---NewYard--addressDetailDetailsName1","interaction":{"idSuffix":"inner"}},"clearTextFirst":true,"interactionType":"ENTER_TEXT"}]}
RESULT: {"script":"<script> [776 bytes]","args":[{"enterText":"Intracompany Yard wdIO","selector":{"id":"application-manageyards-display-component---NewYard--addressDetailDetailsName1","interaction":{"idSuffix":"inner"}},"clearTextFirst":true,"interactionType":"ENTER_TEXT"}]}
COMMAND: POST /session/76bbe7a963ba333ac6e3770165032c4a/execute/async - {"script":"<script> [1562 bytes]","args":[{"selector":{"id":"application-manageyards-display-component---NewYard--addressDetailDetailsLanguage-arrow"},"wdio_ui5_key":"applicationmanageyards-display-component---NewYard--addressDetailDetailsLanguage-arrow"}]}
RESULT: {"script":"<script> [1562 bytes]","args":[{"selector":{"id":"application-manageyards-display-component---NewYard--addressDetailDetailsLanguage-arrow"},"wdio_ui5_key":"applicationmanageyards-display-component---NewYard--addressDetailDetailsLanguage-arrow"}]}
RESULT: undefined
COMMAND: POST /session/76bbe7a963ba333ac6e3770165032c4a/element - {"using":"xpath","value":"//*[@id=\"application-manageyards-display-component---NewYard--addressDetailDetailsLanguage-arrow\"]"}
RESULT: {"using":"xpath","value":"//*[@id=\"application-manageyards-display-component---NewYard--addressDetailDetailsLanguage-arrow\"]"}
COMMAND: POST /session/76bbe7a963ba333ac6e3770165032c4a/element/f.37B6A3D8B8D5C040CDE4E4CEB4627624.d.B6BC8F18FAFD2C754502BAEB17C4CFE9.e.26854/click - {}
RESULT: {}
COMMAND: POST /session/76bbe7a963ba333ac6e3770165032c4a/element - {"using":"xpath","value":"//span[contains(text(), \"English\")]"}
COMMAND: GET /session/76bbe7a963ba333ac6e3770165032c4a/screenshot - {}
RESULT: {"using":"xpath","value":"//span[contains(text(), \"English\")]"}
COMMAND: POST /session/76bbe7a963ba333ac6e3770165032c4a/element/f.37B6A3D8B8D5C040CDE4E4CEB4627624.d.B6BC8F18FAFD2C754502BAEB17C4CFE9.e.26855/click - {}
RESULT: {}
RESULT: {}
COMMAND: POST /session/76bbe7a963ba333ac6e3770165032c4a/execute/async - {"script":"<script> [1562 bytes]","args":[{"selector":{"id":"application-manageyards-display-component---NewYard--addressDetailDetailsCity1","interaction":{"idSuffix":"inner"}},"wdio_ui5_key":"applicationmanageyards-display-component---NewYard--addressDetailDetailsCity1"}]}
COMMAND: GET /session/76bbe7a963ba333ac6e3770165032c4a/screenshot - {}
RESULT: {"script":"<script> [1562 bytes]","args":[{"selector":{"id":"application-manageyards-display-component---NewYard--addressDetailDetailsCity1","interaction":{"idSuffix":"inner"}},"wdio_ui5_key":"applicationmanageyards-display-component---NewYard--addressDetailDetailsCity1"}]}
RESULT: undefined
COMMAND: POST /session/76bbe7a963ba333ac6e3770165032c4a/execute/async - {"script":"<script> [776 bytes]","args":[{"enterText":"Rosario","selector":{"id":"application-manageyards-display-component---NewYard--addressDetailDetailsCity1","interaction":{"idSuffix":"inner"}},"clearTextFirst":true,"interactionType":"ENTER_TEXT"}]}
RESULT: {}
RESULT: {"script":"<script> [776 bytes]","args":[{"enterText":"Rosario","selector":{"id":"application-manageyards-display-component---NewYard--addressDetailDetailsCity1","interaction":{"idSuffix":"inner"}},"clearTextFirst":true,"interactionType":"ENTER_TEXT"}]}
COMMAND: POST /session/76bbe7a963ba333ac6e3770165032c4a/execute/async - {"script":"<script> [1562 bytes]","args":[{"selector":{"id":"application-manageyards-display-component---NewYard--addressDetailDetailsCountry-arrow"},"wdio_ui5_key":"applicationmanageyards-display-component---NewYard--addressDetailDetailsCountry-arrow"}]}
RESULT: {"script":"<script> [1562 bytes]","args":[{"selector":{"id":"application-manageyards-display-component---NewYard--addressDetailDetailsCountry-arrow"},"wdio_ui5_key":"applicationmanageyards-display-component---NewYard--addressDetailDetailsCountry-arrow"}]}
RESULT: undefined
COMMAND: POST /session/76bbe7a963ba333ac6e3770165032c4a/element - {"using":"xpath","value":"//*[@id=\"application-manageyards-display-component---NewYard--addressDetailDetailsCountry-arrow\"]"}
RESULT: {"using":"xpath","value":"//*[@id=\"application-manageyards-display-component---NewYard--addressDetailDetailsCountry-arrow\"]"}
COMMAND: POST /session/76bbe7a963ba333ac6e3770165032c4a/element/f.37B6A3D8B8D5C040CDE4E4CEB4627624.d.B6BC8F18FAFD2C754502BAEB17C4CFE9.e.26857/click - {}
RESULT: {}
COMMAND: POST /session/76bbe7a963ba333ac6e3770165032c4a/element - {"using":"xpath","value":"//span[contains(text(), \"Argentina\")]"}
COMMAND: GET /session/76bbe7a963ba333ac6e3770165032c4a/screenshot - {}
RESULT: {"using":"xpath","value":"//span[contains(text(), \"Argentina\")]"}
COMMAND: POST /session/76bbe7a963ba333ac6e3770165032c4a/element/f.37B6A3D8B8D5C040CDE4E4CEB4627624.d.B6BC8F18FAFD2C754502BAEB17C4CFE9.e.26858/click - {}
RESULT: {}
RESULT: {}
COMMAND: POST /session/76bbe7a963ba333ac6e3770165032c4a/execute/async - {"script":"<script> [1562 bytes]","args":[{"selector":{"id":"application-manageyards-display-component---NewYard--addressEditDetailsCostObjectCstType-arrow"},"wdio_ui5_key":"applicationmanageyards-display-component---NewYard--addressEditDetailsCostObjectCstType-arrow"}]}
COMMAND: GET /session/76bbe7a963ba333ac6e3770165032c4a/screenshot - {}
RESULT: {"script":"<script> [1562 bytes]","args":[{"selector":{"id":"application-manageyards-display-component---NewYard--addressEditDetailsCostObjectCstType-arrow"},"wdio_ui5_key":"applicationmanageyards-display-component---NewYard--addressEditDetailsCostObjectCstType-arrow"}]}
RESULT: undefined
COMMAND: POST /session/76bbe7a963ba333ac6e3770165032c4a/element - {"using":"xpath","value":"//*[@id=\"application-manageyards-display-component---NewYard--addressEditDetailsCostObjectCstType-arrow\"]"}
RESULT: {}
RESULT: {"using":"xpath","value":"//*[@id=\"application-manageyards-display-component---NewYard--addressEditDetailsCostObjectCstType-arrow\"]"}
COMMAND: POST /session/76bbe7a963ba333ac6e3770165032c4a/element/f.37B6A3D8B8D5C040CDE4E4CEB4627624.d.B6BC8F18FAFD2C754502BAEB17C4CFE9.e.26860/click - {}
RESULT: {}
COMMAND: POST /session/76bbe7a963ba333ac6e3770165032c4a/element - {"using":"xpath","value":"//span[contains(text(), \"Cost Center\")]"}
COMMAND: GET /session/76bbe7a963ba333ac6e3770165032c4a/screenshot - {}
RESULT: {"using":"xpath","value":"//span[contains(text(), \"Cost Center\")]"}
COMMAND: POST /session/76bbe7a963ba333ac6e3770165032c4a/element/f.37B6A3D8B8D5C040CDE4E4CEB4627624.d.B6BC8F18FAFD2C754502BAEB17C4CFE9.e.26861/click - {}
RESULT: {}
RESULT: {}
COMMAND: GET /session/76bbe7a963ba333ac6e3770165032c4a/screenshot - {}
RESULT: {}
COMMAND: POST /session/76bbe7a963ba333ac6e3770165032c4a/element - {"using":"xpath","value":"//span[@id=\"application-manageyards-display-component---NewYard--addressNewCostObjectCstID-vhi\"]"}
RESULT: {"using":"xpath","value":"//span[@id=\"application-manageyards-display-component---NewYard--addressNewCostObjectCstID-vhi\"]"}
COMMAND: POST /session/76bbe7a963ba333ac6e3770165032c4a/execute/sync - {"script":"<script> [8489 bytes]","args":[{"element-6066-11e4-a52e-4f735466cecf":"f.37B6A3D8B8D5C040CDE4E4CEB4627624.d.B6BC8F18FAFD2C754502BAEB17C4CFE9.e.26865","ELEMENT":"f.37B6A3D8B8D5C040CDE4E4CEB4627624.d.B6BC8F18FAFD2C754502BAEB17C4CFE9.e.26865"}]}
RESULT: {"script":"<script> [8489 bytes]","args":[{"element-6066-11e4-a52e-4f735466cecf":"f.37B6A3D8B8D5C040CDE4E4CEB4627624.d.B6BC8F18FAFD2C754502BAEB17C4CFE9.e.26865","ELEMENT":"f.37B6A3D8B8D5C040CDE4E4CEB4627624.d.B6BC8F18FAFD2C754502BAEB17C4CFE9.e.26865"}]}
COMMAND: POST /session/76bbe7a963ba333ac6e3770165032c4a/execute/async - {"script":"<script> [1562 bytes]","args":[{"selector":{"id":"application-manageyards-display-component---NewYard--addressNewCostObjectCstID-vhi"},"wdio_ui5_key":"applicationmanageyards-display-component---NewYard--addressNewCostObjectCstID-vhi"}]}
COMMAND: GET /session/76bbe7a963ba333ac6e3770165032c4a/screenshot - {}
RESULT: {"script":"<script> [1562 bytes]","args":[{"selector":{"id":"application-manageyards-display-component---NewYard--addressNewCostObjectCstID-vhi"},"wdio_ui5_key":"applicationmanageyards-display-component---NewYard--addressNewCostObjectCstID-vhi"}]}
RESULT: undefined
COMMAND: POST /session/76bbe7a963ba333ac6e3770165032c4a/element - {"using":"xpath","value":"//*[@id=\"application-manageyards-display-component---NewYard--addressNewCostObjectCstID-vhi\"]"}
RESULT: {}
RESULT: {"using":"xpath","value":"//*[@id=\"application-manageyards-display-component---NewYard--addressNewCostObjectCstID-vhi\"]"}
COMMAND: POST /session/76bbe7a963ba333ac6e3770165032c4a/element/f.37B6A3D8B8D5C040CDE4E4CEB4627624.d.B6BC8F18FAFD2C754502BAEB17C4CFE9.e.26865/click - {}
RESULT: {}
COMMAND: GET /session/76bbe7a963ba333ac6e3770165032c4a/screenshot - {}
RESULT: {}
COMMAND: POST /session/76bbe7a963ba333ac6e3770165032c4a/execute/async - {"script":"<script> [1562 bytes]","args":[{"selector":{"controlType":"sap.m.SearchField","properties":{"placeholder":"Search"},"searchOpenDialogs":true,"interaction":{"idSuffix":"I"}},"wdio_ui5_key":"sapm.SearchField{\"placeholder\":\"Search\"}"}]}
RESULT: {"script":"<script> [1562 bytes]","args":[{"selector":{"controlType":"sap.m.SearchField","properties":{"placeholder":"Search"},"searchOpenDialogs":true,"interaction":{"idSuffix":"I"}},"wdio_ui5_key":"sapm.SearchField{\"placeholder\":\"Search\"}"}]}
RESULT: undefined
COMMAND: POST /session/76bbe7a963ba333ac6e3770165032c4a/execute/async - {"script":"<script> [776 bytes]","args":[{"enterText":"bauh_b","selector":{"controlType":"sap.m.SearchField","properties":{"placeholder":"Search"},"searchOpenDialogs":true,"interaction":{"idSuffix":"I"}},"clearTextFirst":true,"interactionType":"ENTER_TEXT"}]}
RESULT: {"script":"<script> [776 bytes]","args":[{"enterText":"bauh_b","selector":{"controlType":"sap.m.SearchField","properties":{"placeholder":"Search"},"searchOpenDialogs":true,"interaction":{"idSuffix":"I"}},"clearTextFirst":true,"interactionType":"ENTER_TEXT"}]}
COMMAND: POST /session/76bbe7a963ba333ac6e3770165032c4a/actions - {"actions":[{"id":"action84","type":"key","parameters":{},"actions":[{"type":"keyDown","value":"î€‡"},{"type":"pause","duration":10},{"type":"keyUp","value":"î€‡"}]}]}
RESULT: {"actions":[{"id":"action84","type":"key","parameters":{},"actions":[{"type":"keyDown","value":"î€‡"},{"type":"pause","duration":10},{"type":"keyUp","value":"î€‡"}]}]}
COMMAND: GET /session/76bbe7a963ba333ac6e3770165032c4a/screenshot - {}
RESULT: {}
COMMAND: POST /session/76bbe7a963ba333ac6e3770165032c4a/element - {"using":"xpath","value":"//span[contains(text(), \"Demo Yard\")]"}
RESULT: {"using":"xpath","value":"//span[contains(text(), \"Demo Yard\")]"}
COMMAND: POST /session/76bbe7a963ba333ac6e3770165032c4a/element/f.37B6A3D8B8D5C040CDE4E4CEB4627624.d.B6BC8F18FAFD2C754502BAEB17C4CFE9.e.26907/click - {}
RESULT: {}
COMMAND: GET /session/76bbe7a963ba333ac6e3770165032c4a/screenshot - {}
RESULT: {}
COMMAND: POST /session/76bbe7a963ba333ac6e3770165032c4a/element - {"using":"xpath","value":"//bdi[contains(text(), \"OK\")]"}
RESULT: {"using":"xpath","value":"//bdi[contains(text(), \"OK\")]"}
COMMAND: POST /session/76bbe7a963ba333ac6e3770165032c4a/element/f.37B6A3D8B8D5C040CDE4E4CEB4627624.d.B6BC8F18FAFD2C754502BAEB17C4CFE9.e.26908/click - {}
RESULT: {}
COMMAND: GET /session/76bbe7a963ba333ac6e3770165032c4a/screenshot - {}
RESULT: {}
COMMAND: POST /session/76bbe7a963ba333ac6e3770165032c4a/execute/async - {"script":"<script> [1562 bytes]","args":[{"selector":{"id":"application-manageyards-display-component---NewYard--addressEditDetailsCurrency-arrow"},"wdio_ui5_key":"applicationmanageyards-display-component---NewYard--addressEditDetailsCurrency-arrow"}]}
RESULT: {"script":"<script> [1562 bytes]","args":[{"selector":{"id":"application-manageyards-display-component---NewYard--addressEditDetailsCurrency-arrow"},"wdio_ui5_key":"applicationmanageyards-display-component---NewYard--addressEditDetailsCurrency-arrow"}]}
RESULT: undefined
COMMAND: POST /session/76bbe7a963ba333ac6e3770165032c4a/element - {"using":"xpath","value":"//*[@id=\"application-manageyards-display-component---NewYard--addressEditDetailsCurrency-arrow\"]"}
RESULT: {"using":"xpath","value":"//*[@id=\"application-manageyards-display-component---NewYard--addressEditDetailsCurrency-arrow\"]"}
COMMAND: POST /session/76bbe7a963ba333ac6e3770165032c4a/element/f.37B6A3D8B8D5C040CDE4E4CEB4627624.d.B6BC8F18FAFD2C754502BAEB17C4CFE9.e.26911/click - {}
RESULT: {}
COMMAND: POST /session/76bbe7a963ba333ac6e3770165032c4a/element - {"using":"xpath","value":"//span[contains(text(), \"Euro\")]"}
COMMAND: GET /session/76bbe7a963ba333ac6e3770165032c4a/screenshot - {}
RESULT: {"using":"xpath","value":"//span[contains(text(), \"Euro\")]"}
COMMAND: POST /session/76bbe7a963ba333ac6e3770165032c4a/element/f.37B6A3D8B8D5C040CDE4E4CEB4627624.d.B6BC8F18FAFD2C754502BAEB17C4CFE9.e.26912/click - {}
RESULT: {}
RESULT: {}
COMMAND: POST /session/76bbe7a963ba333ac6e3770165032c4a/execute/async - {"script":"<script> [1562 bytes]","args":[{"selector":{"controlType":"sap.m.Input","viewName":"etm.portal.ui.manageyards.view.New","viewId":"application-manageyards-display-component---NewYard","bindingPath":{"path":"","propertyPath":"/CONTROLLING_AREA","modelName":"NewYardModel"},"interaction":{"idSuffix":"inner"}},"wdio_ui5_key":"etmportal.ui.manageyards.view.Newsap.m.Input{\"path\":\"\",\"propertyPath\":\"/CONTROLLING_AREA\",\"modelName\":\"NewYardModel\"}"}]}
COMMAND: GET /session/76bbe7a963ba333ac6e3770165032c4a/screenshot - {}
RESULT: {"script":"<script> [1562 bytes]","args":[{"selector":{"controlType":"sap.m.Input","viewName":"etm.portal.ui.manageyards.view.New","viewId":"application-manageyards-display-component---NewYard","bindingPath":{"path":"","propertyPath":"/CONTROLLING_AREA","modelName":"NewYardModel"},"interaction":{"idSuffix":"inner"}},"wdio_ui5_key":"etmportal.ui.manageyards.view.Newsap.m.Input{\"path\":\"\",\"propertyPath\":\"/CONTROLLING_AREA\",\"modelName\":\"NewYardModel\"}"}]}
RESULT: undefined
COMMAND: POST /session/76bbe7a963ba333ac6e3770165032c4a/execute/async - {"script":"<script> [776 bytes]","args":[{"enterText":"Z001","selector":{"controlType":"sap.m.Input","viewName":"etm.portal.ui.manageyards.view.New","viewId":"application-manageyards-display-component---NewYard","bindingPath":{"path":"","propertyPath":"/CONTROLLING_AREA","modelName":"NewYardModel"},"interaction":{"idSuffix":"inner"}},"clearTextFirst":true,"interactionType":"ENTER_TEXT"}]}
RESULT: {}
RESULT: {"script":"<script> [776 bytes]","args":[{"enterText":"Z001","selector":{"controlType":"sap.m.Input","viewName":"etm.portal.ui.manageyards.view.New","viewId":"application-manageyards-display-component---NewYard","bindingPath":{"path":"","propertyPath":"/CONTROLLING_AREA","modelName":"NewYardModel"},"interaction":{"idSuffix":"inner"}},"clearTextFirst":true,"interactionType":"ENTER_TEXT"}]}
COMMAND: POST /session/76bbe7a963ba333ac6e3770165032c4a/execute/async - {"script":"<script> [1562 bytes]","args":[{"selector":{"id":"application-manageyards-display-component---NewYard--companyCodeComboBox","interaction":{"idSuffix":"inner"}},"wdio_ui5_key":"applicationmanageyards-display-component---NewYard--companyCodeComboBox"}]}
RESULT: {"script":"<script> [1562 bytes]","args":[{"selector":{"id":"application-manageyards-display-component---NewYard--companyCodeComboBox","interaction":{"idSuffix":"inner"}},"wdio_ui5_key":"applicationmanageyards-display-component---NewYard--companyCodeComboBox"}]}
RESULT: undefined
COMMAND: POST /session/76bbe7a963ba333ac6e3770165032c4a/execute/async - {"script":"<script> [776 bytes]","args":[{"enterText":"1000","selector":{"id":"application-manageyards-display-component---NewYard--companyCodeComboBox","interaction":{"idSuffix":"inner"}},"clearTextFirst":true,"interactionType":"ENTER_TEXT"}]}
RESULT: {"script":"<script> [776 bytes]","args":[{"enterText":"1000","selector":{"id":"application-manageyards-display-component---NewYard--companyCodeComboBox","interaction":{"idSuffix":"inner"}},"clearTextFirst":true,"interactionType":"ENTER_TEXT"}]}
COMMAND: POST /session/76bbe7a963ba333ac6e3770165032c4a/execute/async - {"script":"<script> [1562 bytes]","args":[{"selector":{"controlType":"sap.m.Input","viewName":"etm.portal.ui.manageyards.view.New","viewId":"application-manageyards-display-component---NewYard","bindingPath":{"path":"","propertyPath":"/PLANT","modelName":"NewYardModel"},"interaction":{"idSuffix":"inner"}},"wdio_ui5_key":"etmportal.ui.manageyards.view.Newsap.m.Input{\"path\":\"\",\"propertyPath\":\"/PLANT\",\"modelName\":\"NewYardModel\"}"}]}
RESULT: {"script":"<script> [1562 bytes]","args":[{"selector":{"controlType":"sap.m.Input","viewName":"etm.portal.ui.manageyards.view.New","viewId":"application-manageyards-display-component---NewYard","bindingPath":{"path":"","propertyPath":"/PLANT","modelName":"NewYardModel"},"interaction":{"idSuffix":"inner"}},"wdio_ui5_key":"etmportal.ui.manageyards.view.Newsap.m.Input{\"path\":\"\",\"propertyPath\":\"/PLANT\",\"modelName\":\"NewYardModel\"}"}]}
RESULT: undefined
COMMAND: POST /session/76bbe7a963ba333ac6e3770165032c4a/execute/async - {"script":"<script> [776 bytes]","args":[{"enterText":"1001","selector":{"controlType":"sap.m.Input","viewName":"etm.portal.ui.manageyards.view.New","viewId":"application-manageyards-display-component---NewYard","bindingPath":{"path":"","propertyPath":"/PLANT","modelName":"NewYardModel"},"interaction":{"idSuffix":"inner"}},"clearTextFirst":true,"interactionType":"ENTER_TEXT"}]}
RESULT: {"script":"<script> [776 bytes]","args":[{"enterText":"1001","selector":{"controlType":"sap.m.Input","viewName":"etm.portal.ui.manageyards.view.New","viewId":"application-manageyards-display-component---NewYard","bindingPath":{"path":"","propertyPath":"/PLANT","modelName":"NewYardModel"},"interaction":{"idSuffix":"inner"}},"clearTextFirst":true,"interactionType":"ENTER_TEXT"}]}
COMMAND: POST /session/76bbe7a963ba333ac6e3770165032c4a/execute/async - {"script":"<script> [1562 bytes]","args":[{"selector":{"controlType":"sap.m.Input","viewName":"etm.portal.ui.manageyards.view.New","viewId":"application-manageyards-display-component---NewYard","bindingPath":{"path":"","propertyPath":"/SALES_AREA_VKORG","modelName":"NewYardModel"},"interaction":{"idSuffix":"inner"}},"wdio_ui5_key":"etmportal.ui.manageyards.view.Newsap.m.Input{\"path\":\"\",\"propertyPath\":\"/SALES_AREA_VKORG\",\"modelName\":\"NewYardModel\"}"}]}
RESULT: {"script":"<script> [1562 bytes]","args":[{"selector":{"controlType":"sap.m.Input","viewName":"etm.portal.ui.manageyards.view.New","viewId":"application-manageyards-display-component---NewYard","bindingPath":{"path":"","propertyPath":"/SALES_AREA_VKORG","modelName":"NewYardModel"},"interaction":{"idSuffix":"inner"}},"wdio_ui5_key":"etmportal.ui.manageyards.view.Newsap.m.Input{\"path\":\"\",\"propertyPath\":\"/SALES_AREA_VKORG\",\"modelName\":\"NewYardModel\"}"}]}
RESULT: undefined
COMMAND: POST /session/76bbe7a963ba333ac6e3770165032c4a/execute/async - {"script":"<script> [776 bytes]","args":[{"enterText":"C002","selector":{"controlType":"sap.m.Input","viewName":"etm.portal.ui.manageyards.view.New","viewId":"application-manageyards-display-component---NewYard","bindingPath":{"path":"","propertyPath":"/SALES_AREA_VKORG","modelName":"NewYardModel"},"interaction":{"idSuffix":"inner"}},"clearTextFirst":true,"interactionType":"ENTER_TEXT"}]}
RESULT: {"script":"<script> [776 bytes]","args":[{"enterText":"C002","selector":{"controlType":"sap.m.Input","viewName":"etm.portal.ui.manageyards.view.New","viewId":"application-manageyards-display-component---NewYard","bindingPath":{"path":"","propertyPath":"/SALES_AREA_VKORG","modelName":"NewYardModel"},"interaction":{"idSuffix":"inner"}},"clearTextFirst":true,"interactionType":"ENTER_TEXT"}]}
COMMAND: POST /session/76bbe7a963ba333ac6e3770165032c4a/execute/async - {"script":"<script> [1562 bytes]","args":[{"selector":{"controlType":"sap.m.Input","viewName":"etm.portal.ui.manageyards.view.New","viewId":"application-manageyards-display-component---NewYard","bindingPath":{"path":"","propertyPath":"/SALES_AREA_VTWEG","modelName":"NewYardModel"},"interaction":{"idSuffix":"inner"}},"wdio_ui5_key":"etmportal.ui.manageyards.view.Newsap.m.Input{\"path\":\"\",\"propertyPath\":\"/SALES_AREA_VTWEG\",\"modelName\":\"NewYardModel\"}"}]}
RESULT: {"script":"<script> [1562 bytes]","args":[{"selector":{"controlType":"sap.m.Input","viewName":"etm.portal.ui.manageyards.view.New","viewId":"application-manageyards-display-component---NewYard","bindingPath":{"path":"","propertyPath":"/SALES_AREA_VTWEG","modelName":"NewYardModel"},"interaction":{"idSuffix":"inner"}},"wdio_ui5_key":"etmportal.ui.manageyards.view.Newsap.m.Input{\"path\":\"\",\"propertyPath\":\"/SALES_AREA_VTWEG\",\"modelName\":\"NewYardModel\"}"}]}
RESULT: undefined
COMMAND: POST /session/76bbe7a963ba333ac6e3770165032c4a/execute/async - {"script":"<script> [776 bytes]","args":[{"enterText":"C2","selector":{"controlType":"sap.m.Input","viewName":"etm.portal.ui.manageyards.view.New","viewId":"application-manageyards-display-component---NewYard","bindingPath":{"path":"","propertyPath":"/SALES_AREA_VTWEG","modelName":"NewYardModel"},"interaction":{"idSuffix":"inner"}},"clearTextFirst":true,"interactionType":"ENTER_TEXT"}]}
RESULT: {"script":"<script> [776 bytes]","args":[{"enterText":"C2","selector":{"controlType":"sap.m.Input","viewName":"etm.portal.ui.manageyards.view.New","viewId":"application-manageyards-display-component---NewYard","bindingPath":{"path":"","propertyPath":"/SALES_AREA_VTWEG","modelName":"NewYardModel"},"interaction":{"idSuffix":"inner"}},"clearTextFirst":true,"interactionType":"ENTER_TEXT"}]}
COMMAND: POST /session/76bbe7a963ba333ac6e3770165032c4a/execute/async - {"script":"<script> [1562 bytes]","args":[{"selector":{"controlType":"sap.m.Input","viewName":"etm.portal.ui.manageyards.view.New","viewId":"application-manageyards-display-component---NewYard","bindingPath":{"path":"","propertyPath":"/SALES_AREA_SPART","modelName":"NewYardModel"},"interaction":{"idSuffix":"inner"}},"wdio_ui5_key":"etmportal.ui.manageyards.view.Newsap.m.Input{\"path\":\"\",\"propertyPath\":\"/SALES_AREA_SPART\",\"modelName\":\"NewYardModel\"}"}]}
RESULT: {"script":"<script> [1562 bytes]","args":[{"selector":{"controlType":"sap.m.Input","viewName":"etm.portal.ui.manageyards.view.New","viewId":"application-manageyards-display-component---NewYard","bindingPath":{"path":"","propertyPath":"/SALES_AREA_SPART","modelName":"NewYardModel"},"interaction":{"idSuffix":"inner"}},"wdio_ui5_key":"etmportal.ui.manageyards.view.Newsap.m.Input{\"path\":\"\",\"propertyPath\":\"/SALES_AREA_SPART\",\"modelName\":\"NewYardModel\"}"}]}
RESULT: undefined
COMMAND: POST /session/76bbe7a963ba333ac6e3770165032c4a/execute/async - {"script":"<script> [776 bytes]","args":[{"enterText":"C2","selector":{"controlType":"sap.m.Input","viewName":"etm.portal.ui.manageyards.view.New","viewId":"application-manageyards-display-component---NewYard","bindingPath":{"path":"","propertyPath":"/SALES_AREA_SPART","modelName":"NewYardModel"},"interaction":{"idSuffix":"inner"}},"clearTextFirst":true,"interactionType":"ENTER_TEXT"}]}
RESULT: {"script":"<script> [776 bytes]","args":[{"enterText":"C2","selector":{"controlType":"sap.m.Input","viewName":"etm.portal.ui.manageyards.view.New","viewId":"application-manageyards-display-component---NewYard","bindingPath":{"path":"","propertyPath":"/SALES_AREA_SPART","modelName":"NewYardModel"},"interaction":{"idSuffix":"inner"}},"clearTextFirst":true,"interactionType":"ENTER_TEXT"}]}
COMMAND: POST /session/76bbe7a963ba333ac6e3770165032c4a/execute/async - {"script":"<script> [1562 bytes]","args":[{"selector":{"controlType":"sap.m.Input","viewName":"etm.portal.ui.manageyards.view.New","viewId":"application-manageyards-display-component---NewYard","bindingPath":{"path":"","propertyPath":"/SHIP_POINT","modelName":"NewYardModel"},"interaction":{"idSuffix":"inner"}},"wdio_ui5_key":"etmportal.ui.manageyards.view.Newsap.m.Input{\"path\":\"\",\"propertyPath\":\"/SHIP_POINT\",\"modelName\":\"NewYardModel\"}"}]}
RESULT: {"script":"<script> [1562 bytes]","args":[{"selector":{"controlType":"sap.m.Input","viewName":"etm.portal.ui.manageyards.view.New","viewId":"application-manageyards-display-component---NewYard","bindingPath":{"path":"","propertyPath":"/SHIP_POINT","modelName":"NewYardModel"},"interaction":{"idSuffix":"inner"}},"wdio_ui5_key":"etmportal.ui.manageyards.view.Newsap.m.Input{\"path\":\"\",\"propertyPath\":\"/SHIP_POINT\",\"modelName\":\"NewYardModel\"}"}]}
RESULT: undefined
COMMAND: POST /session/76bbe7a963ba333ac6e3770165032c4a/execute/async - {"script":"<script> [776 bytes]","args":[{"enterText":"1710","selector":{"controlType":"sap.m.Input","viewName":"etm.portal.ui.manageyards.view.New","viewId":"application-manageyards-display-component---NewYard","bindingPath":{"path":"","propertyPath":"/SHIP_POINT","modelName":"NewYardModel"},"interaction":{"idSuffix":"inner"}},"clearTextFirst":true,"interactionType":"ENTER_TEXT"}]}
RESULT: {"script":"<script> [776 bytes]","args":[{"enterText":"1710","selector":{"controlType":"sap.m.Input","viewName":"etm.portal.ui.manageyards.view.New","viewId":"application-manageyards-display-component---NewYard","bindingPath":{"path":"","propertyPath":"/SHIP_POINT","modelName":"NewYardModel"},"interaction":{"idSuffix":"inner"}},"clearTextFirst":true,"interactionType":"ENTER_TEXT"}]}
COMMAND: POST /session/76bbe7a963ba333ac6e3770165032c4a/execute/async - {"script":"<script> [1562 bytes]","args":[{"selector":{"controlType":"sap.m.Input","viewName":"etm.portal.ui.manageyards.view.New","viewId":"application-manageyards-display-component---NewYard","bindingPath":{"path":"","propertyPath":"/DELIVERY_TYPE","modelName":"NewYardModel"},"interaction":{"idSuffix":"inner"}},"wdio_ui5_key":"etmportal.ui.manageyards.view.Newsap.m.Input{\"path\":\"\",\"propertyPath\":\"/DELIVERY_TYPE\",\"modelName\":\"NewYardModel\"}"}]}
RESULT: {"script":"<script> [1562 bytes]","args":[{"selector":{"controlType":"sap.m.Input","viewName":"etm.portal.ui.manageyards.view.New","viewId":"application-manageyards-display-component---NewYard","bindingPath":{"path":"","propertyPath":"/DELIVERY_TYPE","modelName":"NewYardModel"},"interaction":{"idSuffix":"inner"}},"wdio_ui5_key":"etmportal.ui.manageyards.view.Newsap.m.Input{\"path\":\"\",\"propertyPath\":\"/DELIVERY_TYPE\",\"modelName\":\"NewYardModel\"}"}]}
RESULT: undefined
COMMAND: POST /session/76bbe7a963ba333ac6e3770165032c4a/execute/async - {"script":"<script> [776 bytes]","args":[{"enterText":"ZL01","selector":{"controlType":"sap.m.Input","viewName":"etm.portal.ui.manageyards.view.New","viewId":"application-manageyards-display-component---NewYard","bindingPath":{"path":"","propertyPath":"/DELIVERY_TYPE","modelName":"NewYardModel"},"interaction":{"idSuffix":"inner"}},"clearTextFirst":true,"interactionType":"ENTER_TEXT"}]}
RESULT: {"script":"<script> [776 bytes]","args":[{"enterText":"ZL01","selector":{"controlType":"sap.m.Input","viewName":"etm.portal.ui.manageyards.view.New","viewId":"application-manageyards-display-component---NewYard","bindingPath":{"path":"","propertyPath":"/DELIVERY_TYPE","modelName":"NewYardModel"},"interaction":{"idSuffix":"inner"}},"clearTextFirst":true,"interactionType":"ENTER_TEXT"}]}
COMMAND: POST /session/76bbe7a963ba333ac6e3770165032c4a/execute/async - {"script":"<script> [1562 bytes]","args":[{"selector":{"controlType":"sap.m.Input","viewName":"etm.portal.ui.manageyards.view.New","viewId":"application-manageyards-display-component---NewYard","bindingPath":{"path":"","propertyPath":"/AUART","modelName":"NewYardModel"},"interaction":{"idSuffix":"inner"}},"wdio_ui5_key":"etmportal.ui.manageyards.view.Newsap.m.Input{\"path\":\"\",\"propertyPath\":\"/AUART\",\"modelName\":\"NewYardModel\"}"}]}
RESULT: {"script":"<script> [1562 bytes]","args":[{"selector":{"controlType":"sap.m.Input","viewName":"etm.portal.ui.manageyards.view.New","viewId":"application-manageyards-display-component---NewYard","bindingPath":{"path":"","propertyPath":"/AUART","modelName":"NewYardModel"},"interaction":{"idSuffix":"inner"}},"wdio_ui5_key":"etmportal.ui.manageyards.view.Newsap.m.Input{\"path\":\"\",\"propertyPath\":\"/AUART\",\"modelName\":\"NewYardModel\"}"}]}
RESULT: undefined
COMMAND: POST /session/76bbe7a963ba333ac6e3770165032c4a/execute/async - {"script":"<script> [776 bytes]","args":[{"enterText":"TA","selector":{"controlType":"sap.m.Input","viewName":"etm.portal.ui.manageyards.view.New","viewId":"application-manageyards-display-component---NewYard","bindingPath":{"path":"","propertyPath":"/AUART","modelName":"NewYardModel"},"interaction":{"idSuffix":"inner"}},"clearTextFirst":true,"interactionType":"ENTER_TEXT"}]}
RESULT: {"script":"<script> [776 bytes]","args":[{"enterText":"TA","selector":{"controlType":"sap.m.Input","viewName":"etm.portal.ui.manageyards.view.New","viewId":"application-manageyards-display-component---NewYard","bindingPath":{"path":"","propertyPath":"/AUART","modelName":"NewYardModel"},"interaction":{"idSuffix":"inner"}},"clearTextFirst":true,"interactionType":"ENTER_TEXT"}]}
COMMAND: POST /session/76bbe7a963ba333ac6e3770165032c4a/element - {"using":"xpath","value":"//button[@data-kt=\"newYardSaveButton\"]"}
RESULT: {"using":"xpath","value":"//button[@data-kt=\"newYardSaveButton\"]"}
COMMAND: POST /session/76bbe7a963ba333ac6e3770165032c4a/element/f.37B6A3D8B8D5C040CDE4E4CEB4627624.d.B6BC8F18FAFD2C754502BAEB17C4CFE9.e.26804/click - {}
RESULT: {}
COMMAND: GET /session/76bbe7a963ba333ac6e3770165032c4a/screenshot - {}
RESULT: {}
COMMAND: POST /session/76bbe7a963ba333ac6e3770165032c4a/element - {"using":"xpath","value":"//header[contains(@id, 'ObjectPageLayout-headerTitle')]/div[1]/div[2]/div[1]/span[1]"}
RESULT: {"using":"xpath","value":"//header[contains(@id, 'ObjectPageLayout-headerTitle')]/div[1]/div[2]/div[1]/span[1]"}
COMMAND: POST /session/76bbe7a963ba333ac6e3770165032c4a/elements - {"using":"xpath","value":"//header[contains(@id, 'ObjectPageLayout-headerTitle')]/div[1]/div[2]/div[1]/span[1]"}
RESULT: {"using":"xpath","value":"//header[contains(@id, 'ObjectPageLayout-headerTitle')]/div[1]/div[2]/div[1]/span[1]"}
COMMAND: POST /session/76bbe7a963ba333ac6e3770165032c4a/execute/sync - {"script":"<script> [56 bytes]","args":[{"element-6066-11e4-a52e-4f735466cecf":"f.37B6A3D8B8D5C040CDE4E4CEB4627624.d.B6BC8F18FAFD2C754502BAEB17C4CFE9.e.27137","ELEMENT":"f.37B6A3D8B8D5C040CDE4E4CEB4627624.d.B6BC8F18FAFD2C754502BAEB17C4CFE9.e.27137"}]}
RESULT: {"script":"<script> [56 bytes]","args":[{"element-6066-11e4-a52e-4f735466cecf":"f.37B6A3D8B8D5C040CDE4E4CEB4627624.d.B6BC8F18FAFD2C754502BAEB17C4CFE9.e.27137","ELEMENT":"f.37B6A3D8B8D5C040CDE4E4CEB4627624.d.B6BC8F18FAFD2C754502BAEB17C4CFE9.e.27137"}]}
COMMAND: GET /session/76bbe7a963ba333ac6e3770165032c4a/screenshot - {}
RESULT: {}
COMMAND: POST /session/76bbe7a963ba333ac6e3770165032c4a/element - {"using":"css selector","value":"#shell-header-logo"}
RESULT: {"using":"css selector","value":"#shell-header-logo"}
COMMAND: POST /session/76bbe7a963ba333ac6e3770165032c4a/element/f.37B6A3D8B8D5C040CDE4E4CEB4627624.d.B6BC8F18FAFD2C754502BAEB17C4CFE9.e.26255/click - {}
RESULT: {}
COMMAND: GET /session/76bbe7a963ba333ac6e3770165032c4a/screenshot - {}
RESULT: {}
COMMAND: POST /session/76bbe7a963ba333ac6e3770165032c4a/execute/sync - {"script":"<script> [299 bytes]","args":[["getModel","getResource"]]}
RESULT: {"script":"<script> [299 bytes]","args":[["getModel","getResource"]]}
]]></system-out>
    </testcase>
    <testcase classname="chrome.136_0_7103_93.windows.Transfer_Yard_to_Yard_US131076" name="Should create an equipment" time="134.72">
      <system-out><![CDATA[
COMMAND: GET /session/76bbe7a963ba333ac6e3770165032c4a/screenshot - {}
COMMAND: POST /session/76bbe7a963ba333ac6e3770165032c4a/execute/async - {"script":"<script> [1562 bytes]","args":[{"selector":{"controlType":"sap.m.GenericTile","properties":{"header":"Manage Resources"}},"wdio_ui5_key":"sapm.GenericTile{\"header\":\"Manage Resources\"}"}]}
RESULT: {}
RESULT: {"script":"<script> [1562 bytes]","args":[{"selector":{"controlType":"sap.m.GenericTile","properties":{"header":"Manage Resources"}},"wdio_ui5_key":"sapm.GenericTile{\"header\":\"Manage Resources\"}"}]}
RESULT: undefined
COMMAND: POST /session/76bbe7a963ba333ac6e3770165032c4a/element - {"using":"xpath","value":"//*[@id=\"__tile31\"]"}
RESULT: {"using":"xpath","value":"//*[@id=\"__tile31\"]"}
COMMAND: POST /session/76bbe7a963ba333ac6e3770165032c4a/element/f.37B6A3D8B8D5C040CDE4E4CEB4627624.d.B6BC8F18FAFD2C754502BAEB17C4CFE9.e.26277/click - {}
RESULT: {}
COMMAND: GET /session/76bbe7a963ba333ac6e3770165032c4a/screenshot - {}
RESULT: {}
COMMAND: POST /session/76bbe7a963ba333ac6e3770165032c4a/elements - {"using":"xpath","value":"//span[text()='Error']"}
RESULT: {"using":"xpath","value":"//span[text()='Error']"}
COMMAND: POST /session/76bbe7a963ba333ac6e3770165032c4a/element - {"using":"xpath","value":"//button[@data-kt=\"addNewRUOverflowToolbarButton\"]"}
RESULT: {"using":"xpath","value":"//button[@data-kt=\"addNewRUOverflowToolbarButton\"]"}
COMMAND: POST /session/76bbe7a963ba333ac6e3770165032c4a/elements - {"using":"xpath","value":"//button[@data-kt=\"addNewRUOverflowToolbarButton\"]"}
RESULT: {"using":"xpath","value":"//button[@data-kt=\"addNewRUOverflowToolbarButton\"]"}
COMMAND: POST /session/76bbe7a963ba333ac6e3770165032c4a/execute/sync - {"script":"<script> [8489 bytes]","args":[{"element-6066-11e4-a52e-4f735466cecf":"f.37B6A3D8B8D5C040CDE4E4CEB4627624.d.B6BC8F18FAFD2C754502BAEB17C4CFE9.e.27173","ELEMENT":"f.37B6A3D8B8D5C040CDE4E4CEB4627624.d.B6BC8F18FAFD2C754502BAEB17C4CFE9.e.27173"}]}
RESULT: {"script":"<script> [8489 bytes]","args":[{"element-6066-11e4-a52e-4f735466cecf":"f.37B6A3D8B8D5C040CDE4E4CEB4627624.d.B6BC8F18FAFD2C754502BAEB17C4CFE9.e.27173","ELEMENT":"f.37B6A3D8B8D5C040CDE4E4CEB4627624.d.B6BC8F18FAFD2C754502BAEB17C4CFE9.e.27173"}]}
COMMAND: GET /session/76bbe7a963ba333ac6e3770165032c4a/element/f.37B6A3D8B8D5C040CDE4E4CEB4627624.d.B6BC8F18FAFD2C754502BAEB17C4CFE9.e.27173/enabled - {}
COMMAND: GET /session/76bbe7a963ba333ac6e3770165032c4a/screenshot - {}
RESULT: {}
COMMAND: POST /session/76bbe7a963ba333ac6e3770165032c4a/execute/sync - {"script":"<script> [8489 bytes]","args":[{"element-6066-11e4-a52e-4f735466cecf":"f.37B6A3D8B8D5C040CDE4E4CEB4627624.d.B6BC8F18FAFD2C754502BAEB17C4CFE9.e.27173","ELEMENT":"f.37B6A3D8B8D5C040CDE4E4CEB4627624.d.B6BC8F18FAFD2C754502BAEB17C4CFE9.e.27173"}]}
COMMAND: GET /session/76bbe7a963ba333ac6e3770165032c4a/screenshot - {}
RESULT: {}
RESULT: {"script":"<script> [8489 bytes]","args":[{"element-6066-11e4-a52e-4f735466cecf":"f.37B6A3D8B8D5C040CDE4E4CEB4627624.d.B6BC8F18FAFD2C754502BAEB17C4CFE9.e.27173","ELEMENT":"f.37B6A3D8B8D5C040CDE4E4CEB4627624.d.B6BC8F18FAFD2C754502BAEB17C4CFE9.e.27173"}]}
COMMAND: POST /session/76bbe7a963ba333ac6e3770165032c4a/execute/sync - {"script":"<script> [5351 bytes]","args":[{"element-6066-11e4-a52e-4f735466cecf":"f.37B6A3D8B8D5C040CDE4E4CEB4627624.d.B6BC8F18FAFD2C754502BAEB17C4CFE9.e.27173","ELEMENT":"f.37B6A3D8B8D5C040CDE4E4CEB4627624.d.B6BC8F18FAFD2C754502BAEB17C4CFE9.e.27173"}]}
COMMAND: GET /session/76bbe7a963ba333ac6e3770165032c4a/screenshot - {}
RESULT: {}
RESULT: {"script":"<script> [5351 bytes]","args":[{"element-6066-11e4-a52e-4f735466cecf":"f.37B6A3D8B8D5C040CDE4E4CEB4627624.d.B6BC8F18FAFD2C754502BAEB17C4CFE9.e.27173","ELEMENT":"f.37B6A3D8B8D5C040CDE4E4CEB4627624.d.B6BC8F18FAFD2C754502BAEB17C4CFE9.e.27173"}]}
COMMAND: POST /session/76bbe7a963ba333ac6e3770165032c4a/element/f.37B6A3D8B8D5C040CDE4E4CEB4627624.d.B6BC8F18FAFD2C754502BAEB17C4CFE9.e.27173/click - {}
COMMAND: GET /session/76bbe7a963ba333ac6e3770165032c4a/screenshot - {}
RESULT: {}
RESULT: {}
COMMAND: GET /session/76bbe7a963ba333ac6e3770165032c4a/screenshot - {}
RESULT: {}
RESULT: {}
COMMAND: POST /session/76bbe7a963ba333ac6e3770165032c4a/execute/async - {"script":"<script> [1562 bytes]","args":[{"selector":{"id":"application-manageresources-display-component---newResourceUnit--TYPE-arrow"},"wdio_ui5_key":"applicationmanageresources-display-component---newResourceUnit--TYPE-arrow"}]}
RESULT: {"script":"<script> [1562 bytes]","args":[{"selector":{"id":"application-manageresources-display-component---newResourceUnit--TYPE-arrow"},"wdio_ui5_key":"applicationmanageresources-display-component---newResourceUnit--TYPE-arrow"}]}
RESULT: undefined
COMMAND: POST /session/76bbe7a963ba333ac6e3770165032c4a/element - {"using":"xpath","value":"//*[@id=\"application-manageresources-display-component---newResourceUnit--TYPE-arrow\"]"}
RESULT: {"using":"xpath","value":"//*[@id=\"application-manageresources-display-component---newResourceUnit--TYPE-arrow\"]"}
COMMAND: POST /session/76bbe7a963ba333ac6e3770165032c4a/element/f.37B6A3D8B8D5C040CDE4E4CEB4627624.d.B6BC8F18FAFD2C754502BAEB17C4CFE9.e.27539/click - {}
RESULT: {}
COMMAND: POST /session/76bbe7a963ba333ac6e3770165032c4a/element - {"using":"xpath","value":"//input[@id=\"application-manageresources-display-component---newResourceUnit--TYPE-inner\"]"}
COMMAND: GET /session/76bbe7a963ba333ac6e3770165032c4a/screenshot - {}
RESULT: {"using":"xpath","value":"//input[@id=\"application-manageresources-display-component---newResourceUnit--TYPE-inner\"]"}
COMMAND: POST /session/76bbe7a963ba333ac6e3770165032c4a/element/f.37B6A3D8B8D5C040CDE4E4CEB4627624.d.B6BC8F18FAFD2C754502BAEB17C4CFE9.e.27520/clear - {}
RESULT: {}
RESULT: {}
COMMAND: POST /session/76bbe7a963ba333ac6e3770165032c4a/element/f.37B6A3D8B8D5C040CDE4E4CEB4627624.d.B6BC8F18FAFD2C754502BAEB17C4CFE9.e.27520/value - {"text":"Equipment"}
COMMAND: GET /session/76bbe7a963ba333ac6e3770165032c4a/screenshot - {}
RESULT: {"text":"Equipment"}
COMMAND: GET /session/76bbe7a963ba333ac6e3770165032c4a/screenshot - {}
RESULT: {}
RESULT: {}
COMMAND: POST /session/76bbe7a963ba333ac6e3770165032c4a/actions - {"actions":[{"id":"action85","type":"key","parameters":{},"actions":[{"type":"keyDown","value":"î€‡"},{"type":"pause","duration":10},{"type":"keyUp","value":"î€‡"}]}]}
RESULT: {"actions":[{"id":"action85","type":"key","parameters":{},"actions":[{"type":"keyDown","value":"î€‡"},{"type":"pause","duration":10},{"type":"keyUp","value":"î€‡"}]}]}
COMMAND: POST /session/76bbe7a963ba333ac6e3770165032c4a/execute/async - {"script":"<script> [1562 bytes]","args":[{"selector":{"id":"application-manageresources-display-component---newResourceUnit--resourceId","interaction":{"idSuffix":"inner"}},"wdio_ui5_key":"applicationmanageresources-display-component---newResourceUnit--resourceId"}]}
COMMAND: GET /session/76bbe7a963ba333ac6e3770165032c4a/screenshot - {}
RESULT: {"script":"<script> [1562 bytes]","args":[{"selector":{"id":"application-manageresources-display-component---newResourceUnit--resourceId","interaction":{"idSuffix":"inner"}},"wdio_ui5_key":"applicationmanageresources-display-component---newResourceUnit--resourceId"}]}
RESULT: undefined
COMMAND: POST /session/76bbe7a963ba333ac6e3770165032c4a/execute/async - {"script":"<script> [776 bytes]","args":[{"enterText":"QcxgNOaLQB","selector":{"id":"application-manageresources-display-component---newResourceUnit--resourceId","interaction":{"idSuffix":"inner"}},"clearTextFirst":true,"interactionType":"ENTER_TEXT"}]}
RESULT: {}
RESULT: {"script":"<script> [776 bytes]","args":[{"enterText":"QcxgNOaLQB","selector":{"id":"application-manageresources-display-component---newResourceUnit--resourceId","interaction":{"idSuffix":"inner"}},"clearTextFirst":true,"interactionType":"ENTER_TEXT"}]}
COMMAND: POST /session/76bbe7a963ba333ac6e3770165032c4a/execute/async - {"script":"<script> [1562 bytes]","args":[{"selector":{"id":"application-manageresources-display-component---newResourceUnit--SHORT_TEXT","interaction":{"idSuffix":"inner"}},"wdio_ui5_key":"applicationmanageresources-display-component---newResourceUnit--SHORT_TEXT"}]}
RESULT: {"script":"<script> [1562 bytes]","args":[{"selector":{"id":"application-manageresources-display-component---newResourceUnit--SHORT_TEXT","interaction":{"idSuffix":"inner"}},"wdio_ui5_key":"applicationmanageresources-display-component---newResourceUnit--SHORT_TEXT"}]}
RESULT: undefined
COMMAND: POST /session/76bbe7a963ba333ac6e3770165032c4a/execute/async - {"script":"<script> [776 bytes]","args":[{"enterText":"Intercompany Equipment WDIO","selector":{"id":"application-manageresources-display-component---newResourceUnit--SHORT_TEXT","interaction":{"idSuffix":"inner"}},"clearTextFirst":true,"interactionType":"ENTER_TEXT"}]}
RESULT: {"script":"<script> [776 bytes]","args":[{"enterText":"Intercompany Equipment WDIO","selector":{"id":"application-manageresources-display-component---newResourceUnit--SHORT_TEXT","interaction":{"idSuffix":"inner"}},"clearTextFirst":true,"interactionType":"ENTER_TEXT"}]}
COMMAND: POST /session/76bbe7a963ba333ac6e3770165032c4a/execute/async - {"script":"<script> [1562 bytes]","args":[{"selector":{"id":"application-manageresources-display-component---newResourceUnit--BASE_UNIT_OF_MEASURE","interaction":{"idSuffix":"inner"}},"wdio_ui5_key":"applicationmanageresources-display-component---newResourceUnit--BASE_UNIT_OF_MEASURE"}]}
RESULT: {"script":"<script> [1562 bytes]","args":[{"selector":{"id":"application-manageresources-display-component---newResourceUnit--BASE_UNIT_OF_MEASURE","interaction":{"idSuffix":"inner"}},"wdio_ui5_key":"applicationmanageresources-display-component---newResourceUnit--BASE_UNIT_OF_MEASURE"}]}
RESULT: undefined
COMMAND: POST /session/76bbe7a963ba333ac6e3770165032c4a/execute/async - {"script":"<script> [776 bytes]","args":[{"enterText":"Piece","selector":{"id":"application-manageresources-display-component---newResourceUnit--BASE_UNIT_OF_MEASURE","interaction":{"idSuffix":"inner"}},"clearTextFirst":true,"interactionType":"ENTER_TEXT"}]}
RESULT: {"script":"<script> [776 bytes]","args":[{"enterText":"Piece","selector":{"id":"application-manageresources-display-component---newResourceUnit--BASE_UNIT_OF_MEASURE","interaction":{"idSuffix":"inner"}},"clearTextFirst":true,"interactionType":"ENTER_TEXT"}]}
COMMAND: POST /session/76bbe7a963ba333ac6e3770165032c4a/execute/async - {"script":"<script> [1562 bytes]","args":[{"selector":{"id":"application-manageresources-display-component---newResourceUnit--WEIGHT_UNIT","interaction":{"idSuffix":"inner"}},"wdio_ui5_key":"applicationmanageresources-display-component---newResourceUnit--WEIGHT_UNIT"}]}
RESULT: {"script":"<script> [1562 bytes]","args":[{"selector":{"id":"application-manageresources-display-component---newResourceUnit--WEIGHT_UNIT","interaction":{"idSuffix":"inner"}},"wdio_ui5_key":"applicationmanageresources-display-component---newResourceUnit--WEIGHT_UNIT"}]}
RESULT: undefined
COMMAND: POST /session/76bbe7a963ba333ac6e3770165032c4a/execute/async - {"script":"<script> [776 bytes]","args":[{"enterText":"Gram","selector":{"id":"application-manageresources-display-component---newResourceUnit--WEIGHT_UNIT","interaction":{"idSuffix":"inner"}},"clearTextFirst":true,"interactionType":"ENTER_TEXT"}]}
RESULT: {"script":"<script> [776 bytes]","args":[{"enterText":"Gram","selector":{"id":"application-manageresources-display-component---newResourceUnit--WEIGHT_UNIT","interaction":{"idSuffix":"inner"}},"clearTextFirst":true,"interactionType":"ENTER_TEXT"}]}
COMMAND: POST /session/76bbe7a963ba333ac6e3770165032c4a/execute/async - {"script":"<script> [1562 bytes]","args":[{"selector":{"id":"application-manageresources-display-component---newResourceUnit--DIMENSION_UNIT","interaction":{"idSuffix":"inner"}},"wdio_ui5_key":"applicationmanageresources-display-component---newResourceUnit--DIMENSION_UNIT"}]}
RESULT: {"script":"<script> [1562 bytes]","args":[{"selector":{"id":"application-manageresources-display-component---newResourceUnit--DIMENSION_UNIT","interaction":{"idSuffix":"inner"}},"wdio_ui5_key":"applicationmanageresources-display-component---newResourceUnit--DIMENSION_UNIT"}]}
RESULT: undefined
COMMAND: POST /session/76bbe7a963ba333ac6e3770165032c4a/execute/async - {"script":"<script> [776 bytes]","args":[{"enterText":"Meter","selector":{"id":"application-manageresources-display-component---newResourceUnit--DIMENSION_UNIT","interaction":{"idSuffix":"inner"}},"clearTextFirst":true,"interactionType":"ENTER_TEXT"}]}
RESULT: {"script":"<script> [776 bytes]","args":[{"enterText":"Meter","selector":{"id":"application-manageresources-display-component---newResourceUnit--DIMENSION_UNIT","interaction":{"idSuffix":"inner"}},"clearTextFirst":true,"interactionType":"ENTER_TEXT"}]}
COMMAND: POST /session/76bbe7a963ba333ac6e3770165032c4a/execute/async - {"script":"<script> [1562 bytes]","args":[{"selector":{"id":"application-manageresources-display-component---newResourceUnit--newRRUPage-anchBar-application-manageresources-display-component---newResourceUnit--control-anchor","interaction":{"idSuffix":"BDI-content"}},"wdio_ui5_key":"applicationmanageresources-display-component---newResourceUnit--newRRUPage-anchBar-application-manageresources-display-component---newResourceUnit--control-anchor"}]}
RESULT: {"script":"<script> [1562 bytes]","args":[{"selector":{"id":"application-manageresources-display-component---newResourceUnit--newRRUPage-anchBar-application-manageresources-display-component---newResourceUnit--control-anchor","interaction":{"idSuffix":"BDI-content"}},"wdio_ui5_key":"applicationmanageresources-display-component---newResourceUnit--newRRUPage-anchBar-application-manageresources-display-component---newResourceUnit--control-anchor"}]}
RESULT: undefined
COMMAND: POST /session/76bbe7a963ba333ac6e3770165032c4a/element - {"using":"xpath","value":"//*[@id=\"application-manageresources-display-component---newResourceUnit--newRRUPage-anchBar-application-manageresources-display-component---newResourceUnit--control-anchor\"]"}
RESULT: {"using":"xpath","value":"//*[@id=\"application-manageresources-display-component---newResourceUnit--newRRUPage-anchBar-application-manageresources-display-component---newResourceUnit--control-anchor\"]"}
COMMAND: POST /session/76bbe7a963ba333ac6e3770165032c4a/element/f.37B6A3D8B8D5C040CDE4E4CEB4627624.d.B6BC8F18FAFD2C754502BAEB17C4CFE9.e.27670/click - {}
RESULT: {}
COMMAND: POST /session/76bbe7a963ba333ac6e3770165032c4a/execute/async - {"script":"<script> [1562 bytes]","args":[{"selector":{"id":"application-manageresources-display-component---newResourceUnit--PLANNING_GROUP","interaction":{"idSuffix":"inner"}},"wdio_ui5_key":"applicationmanageresources-display-component---newResourceUnit--PLANNING_GROUP"}]}
COMMAND: GET /session/76bbe7a963ba333ac6e3770165032c4a/screenshot - {}
RESULT: {"script":"<script> [1562 bytes]","args":[{"selector":{"id":"application-manageresources-display-component---newResourceUnit--PLANNING_GROUP","interaction":{"idSuffix":"inner"}},"wdio_ui5_key":"applicationmanageresources-display-component---newResourceUnit--PLANNING_GROUP"}]}
RESULT: undefined
COMMAND: POST /session/76bbe7a963ba333ac6e3770165032c4a/execute/async - {"script":"<script> [776 bytes]","args":[{"enterText":"Heavy Equi","selector":{"id":"application-manageresources-display-component---newResourceUnit--PLANNING_GROUP","interaction":{"idSuffix":"inner"}},"clearTextFirst":true,"interactionType":"ENTER_TEXT"}]}
RESULT: {}
RESULT: {"script":"<script> [776 bytes]","args":[{"enterText":"Heavy Equi","selector":{"id":"application-manageresources-display-component---newResourceUnit--PLANNING_GROUP","interaction":{"idSuffix":"inner"}},"clearTextFirst":true,"interactionType":"ENTER_TEXT"}]}
COMMAND: POST /session/76bbe7a963ba333ac6e3770165032c4a/execute/async - {"script":"<script> [1562 bytes]","args":[{"selector":{"id":"application-manageresources-display-component---newResourceUnit--ITEM_TYPE-arrow"},"wdio_ui5_key":"applicationmanageresources-display-component---newResourceUnit--ITEM_TYPE-arrow"}]}
RESULT: {"script":"<script> [1562 bytes]","args":[{"selector":{"id":"application-manageresources-display-component---newResourceUnit--ITEM_TYPE-arrow"},"wdio_ui5_key":"applicationmanageresources-display-component---newResourceUnit--ITEM_TYPE-arrow"}]}
RESULT: undefined
COMMAND: POST /session/76bbe7a963ba333ac6e3770165032c4a/element - {"using":"xpath","value":"//*[@id=\"application-manageresources-display-component---newResourceUnit--ITEM_TYPE-arrow\"]"}
RESULT: {"using":"xpath","value":"//*[@id=\"application-manageresources-display-component---newResourceUnit--ITEM_TYPE-arrow\"]"}
COMMAND: POST /session/76bbe7a963ba333ac6e3770165032c4a/element/f.37B6A3D8B8D5C040CDE4E4CEB4627624.d.B6BC8F18FAFD2C754502BAEB17C4CFE9.e.27677/click - {}
RESULT: {}
COMMAND: POST /session/76bbe7a963ba333ac6e3770165032c4a/element - {"using":"xpath","value":"(//span[contains(text(), \"Resource Unit\")])[2]"}
COMMAND: GET /session/76bbe7a963ba333ac6e3770165032c4a/screenshot - {}
RESULT: {"using":"xpath","value":"(//span[contains(text(), \"Resource Unit\")])[2]"}
COMMAND: POST /session/76bbe7a963ba333ac6e3770165032c4a/element/f.37B6A3D8B8D5C040CDE4E4CEB4627624.d.B6BC8F18FAFD2C754502BAEB17C4CFE9.e.27678/click - {}
RESULT: {}
RESULT: {}
COMMAND: GET /session/76bbe7a963ba333ac6e3770165032c4a/screenshot - {}
RESULT: {}
COMMAND: POST /session/76bbe7a963ba333ac6e3770165032c4a/element - {"using":"css selector","value":"#application-manageresources-display-component---newResourceUnit--btnAddTimeSegment"}
RESULT: {"using":"css selector","value":"#application-manageresources-display-component---newResourceUnit--btnAddTimeSegment"}
COMMAND: GET /session/76bbe7a963ba333ac6e3770165032c4a/element/f.37B6A3D8B8D5C040CDE4E4CEB4627624.d.B6BC8F18FAFD2C754502BAEB17C4CFE9.e.27679/rect - {}
RESULT: {}
COMMAND: GET /session/76bbe7a963ba333ac6e3770165032c4a/window/rect - {}
RESULT: {}
COMMAND: POST /session/76bbe7a963ba333ac6e3770165032c4a/execute/sync - {"script":"<script> [92 bytes]","args":[]}
RESULT: {"script":"<script> [92 bytes]","args":[]}
COMMAND: POST /session/76bbe7a963ba333ac6e3770165032c4a/actions - {"actions":[{"id":"action86","type":"wheel","parameters":{},"actions":[{"type":"scroll","x":-1888,"y":-32,"deltaX":0,"deltaY":0,"duration":0,"origin":{"element-6066-11e4-a52e-4f735466cecf":"f.37B6A3D8B8D5C040CDE4E4CEB4627624.d.B6BC8F18FAFD2C754502BAEB17C4CFE9.e.27679"}}]}]}
COMMAND: GET /session/76bbe7a963ba333ac6e3770165032c4a/screenshot - {}
RESULT: {}
COMMAND: POST /session/76bbe7a963ba333ac6e3770165032c4a/execute/sync - {"script":"<script> [79 bytes]","args":[{"element-6066-11e4-a52e-4f735466cecf":"f.37B6A3D8B8D5C040CDE4E4CEB4627624.d.B6BC8F18FAFD2C754502BAEB17C4CFE9.e.27679","ELEMENT":"f.37B6A3D8B8D5C040CDE4E4CEB4627624.d.B6BC8F18FAFD2C754502BAEB17C4CFE9.e.27679"},{"block":"start","inline":"nearest"}]}
RESULT: {"script":"<script> [79 bytes]","args":[{"element-6066-11e4-a52e-4f735466cecf":"f.37B6A3D8B8D5C040CDE4E4CEB4627624.d.B6BC8F18FAFD2C754502BAEB17C4CFE9.e.27679","ELEMENT":"f.37B6A3D8B8D5C040CDE4E4CEB4627624.d.B6BC8F18FAFD2C754502BAEB17C4CFE9.e.27679"},{"block":"start","inline":"nearest"}]}
COMMAND: POST /session/76bbe7a963ba333ac6e3770165032c4a/execute/async - {"script":"<script> [1562 bytes]","args":[{"selector":{"id":"application-manageresources-display-component---newResourceUnit--btnAddTimeSegment","interaction":{"idSuffix":"inner"}},"wdio_ui5_key":"applicationmanageresources-display-component---newResourceUnit--btnAddTimeSegment"}]}
COMMAND: GET /session/76bbe7a963ba333ac6e3770165032c4a/screenshot - {}
RESULT: {"script":"<script> [1562 bytes]","args":[{"selector":{"id":"application-manageresources-display-component---newResourceUnit--btnAddTimeSegment","interaction":{"idSuffix":"inner"}},"wdio_ui5_key":"applicationmanageresources-display-component---newResourceUnit--btnAddTimeSegment"}]}
RESULT: undefined
COMMAND: POST /session/76bbe7a963ba333ac6e3770165032c4a/element - {"using":"xpath","value":"//*[@id=\"application-manageresources-display-component---newResourceUnit--btnAddTimeSegment\"]"}
RESULT: {}
RESULT: {"using":"xpath","value":"//*[@id=\"application-manageresources-display-component---newResourceUnit--btnAddTimeSegment\"]"}
COMMAND: POST /session/76bbe7a963ba333ac6e3770165032c4a/element/f.37B6A3D8B8D5C040CDE4E4CEB4627624.d.B6BC8F18FAFD2C754502BAEB17C4CFE9.e.27679/click - {}
RESULT: {}
COMMAND: GET /session/76bbe7a963ba333ac6e3770165032c4a/screenshot - {}
RESULT: {}
COMMAND: POST /session/76bbe7a963ba333ac6e3770165032c4a/element - {"using":"xpath","value":"//input[@id=\"application-manageresources-display-component---newResourceUnit--idRuTSAdmin-application-manageresources-display-component---newResourceUnit--RUTimeSegment-0-inner\"]"}
RESULT: {"using":"xpath","value":"//input[@id=\"application-manageresources-display-component---newResourceUnit--idRuTSAdmin-application-manageresources-display-component---newResourceUnit--RUTimeSegment-0-inner\"]"}
COMMAND: POST /session/76bbe7a963ba333ac6e3770165032c4a/element/f.37B6A3D8B8D5C040CDE4E4CEB4627624.d.B6BC8F18FAFD2C754502BAEB17C4CFE9.e.27685/clear - {}
RESULT: {}
COMMAND: POST /session/76bbe7a963ba333ac6e3770165032c4a/element/f.37B6A3D8B8D5C040CDE4E4CEB4627624.d.B6BC8F18FAFD2C754502BAEB17C4CFE9.e.27685/value - {"text":"577"}
COMMAND: GET /session/76bbe7a963ba333ac6e3770165032c4a/screenshot - {}
RESULT: {"text":"577"}
COMMAND: GET /session/76bbe7a963ba333ac6e3770165032c4a/screenshot - {}
RESULT: {}
RESULT: {}
COMMAND: POST /session/76bbe7a963ba333ac6e3770165032c4a/element - {"using":"xpath","value":"//li[.//span[text()='577']]"}
RESULT: {"using":"xpath","value":"//li[.//span[text()='577']]"}
COMMAND: POST /session/76bbe7a963ba333ac6e3770165032c4a/element/f.37B6A3D8B8D5C040CDE4E4CEB4627624.d.B6BC8F18FAFD2C754502BAEB17C4CFE9.e.27698/click - {}
RESULT: {}
COMMAND: GET /session/76bbe7a963ba333ac6e3770165032c4a/screenshot - {}
RESULT: {}
COMMAND: POST /session/76bbe7a963ba333ac6e3770165032c4a/element - {"using":"xpath","value":"(//span[contains(@id, \"-application-manageresources-display-component---newResourceUnit--RUTimeSegment-0-arrow\")])[6]"}
RESULT: {"using":"xpath","value":"(//span[contains(@id, \"-application-manageresources-display-component---newResourceUnit--RUTimeSegment-0-arrow\")])[6]"}
COMMAND: POST /session/76bbe7a963ba333ac6e3770165032c4a/element/f.37B6A3D8B8D5C040CDE4E4CEB4627624.d.B6BC8F18FAFD2C754502BAEB17C4CFE9.e.27699/click - {}
RESULT: {}
COMMAND: GET /session/76bbe7a963ba333ac6e3770165032c4a/screenshot - {}
RESULT: {}
COMMAND: POST /session/76bbe7a963ba333ac6e3770165032c4a/element - {"using":"xpath","value":"//span[contains(text(), \"PM Order\")]"}
RESULT: {"using":"xpath","value":"//span[contains(text(), \"PM Order\")]"}
COMMAND: POST /session/76bbe7a963ba333ac6e3770165032c4a/element/f.37B6A3D8B8D5C040CDE4E4CEB4627624.d.B6BC8F18FAFD2C754502BAEB17C4CFE9.e.27702/click - {}
RESULT: {}
COMMAND: GET /session/76bbe7a963ba333ac6e3770165032c4a/screenshot - {}
RESULT: {}
COMMAND: POST /session/76bbe7a963ba333ac6e3770165032c4a/element - {"using":"xpath","value":"(//span[contains(@id ,\"manageresources-display-component---newResourceUnit--RUTimeSegment-0-vhi\")])[1]"}
RESULT: {"using":"xpath","value":"(//span[contains(@id ,\"manageresources-display-component---newResourceUnit--RUTimeSegment-0-vhi\")])[1]"}
COMMAND: GET /session/76bbe7a963ba333ac6e3770165032c4a/element/f.37B6A3D8B8D5C040CDE4E4CEB4627624.d.B6BC8F18FAFD2C754502BAEB17C4CFE9.e.27706/rect - {}
RESULT: {}
COMMAND: GET /session/76bbe7a963ba333ac6e3770165032c4a/window/rect - {}
RESULT: {}
COMMAND: POST /session/76bbe7a963ba333ac6e3770165032c4a/execute/sync - {"script":"<script> [92 bytes]","args":[]}
RESULT: {"script":"<script> [92 bytes]","args":[]}
COMMAND: POST /session/76bbe7a963ba333ac6e3770165032c4a/actions - {"actions":[{"id":"action87","type":"wheel","parameters":{},"actions":[{"type":"scroll","x":-869,"y":-24,"deltaX":0,"deltaY":0,"duration":0,"origin":{"element-6066-11e4-a52e-4f735466cecf":"f.37B6A3D8B8D5C040CDE4E4CEB4627624.d.B6BC8F18FAFD2C754502BAEB17C4CFE9.e.27706"}}]}]}
COMMAND: GET /session/76bbe7a963ba333ac6e3770165032c4a/screenshot - {}
RESULT: {"actions":[{"id":"action87","type":"wheel","parameters":{},"actions":[{"type":"scroll","x":-869,"y":-24,"deltaX":0,"deltaY":0,"duration":0,"origin":{"element-6066-11e4-a52e-4f735466cecf":"f.37B6A3D8B8D5C040CDE4E4CEB4627624.d.B6BC8F18FAFD2C754502BAEB17C4CFE9.e.27706"}}]}]}
COMMAND: DELETE /session/76bbe7a963ba333ac6e3770165032c4a/actions - {}
COMMAND: GET /session/76bbe7a963ba333ac6e3770165032c4a/screenshot - {}
RESULT: {}
RESULT: {}
COMMAND: GET /session/76bbe7a963ba333ac6e3770165032c4a/screenshot - {}
RESULT: {}
RESULT: {}
COMMAND: POST /session/76bbe7a963ba333ac6e3770165032c4a/element/f.37B6A3D8B8D5C040CDE4E4CEB4627624.d.B6BC8F18FAFD2C754502BAEB17C4CFE9.e.27706/click - {}
RESULT: {}
COMMAND: GET /session/76bbe7a963ba333ac6e3770165032c4a/screenshot - {}
RESULT: {}
RESULT: undefined
COMMAND: POST /session/76bbe7a963ba333ac6e3770165032c4a/execute/async - {"script":"<script> [776 bytes]","args":[{"enterText":"4000360","selector":{"controlType":"sap.m.SearchField","properties":{"placeholder":"Search"},"searchOpenDialogs":true,"interaction":{"idSuffix":"I"}},"clearTextFirst":true,"interactionType":"ENTER_TEXT"}]}
RESULT: {"script":"<script> [776 bytes]","args":[{"enterText":"4000360","selector":{"controlType":"sap.m.SearchField","properties":{"placeholder":"Search"},"searchOpenDialogs":true,"interaction":{"idSuffix":"I"}},"clearTextFirst":true,"interactionType":"ENTER_TEXT"}]}
COMMAND: POST /session/76bbe7a963ba333ac6e3770165032c4a/actions - {"actions":[{"id":"action88","type":"key","parameters":{},"actions":[{"type":"keyDown","value":"î€‡"},{"type":"pause","duration":10},{"type":"keyUp","value":"î€‡"}]}]}
RESULT: {"actions":[{"id":"action88","type":"key","parameters":{},"actions":[{"type":"keyDown","value":"î€‡"},{"type":"pause","duration":10},{"type":"keyUp","value":"î€‡"}]}]}
COMMAND: GET /session/76bbe7a963ba333ac6e3770165032c4a/screenshot - {}
RESULT: {}
COMMAND: POST /session/76bbe7a963ba333ac6e3770165032c4a/element - {"using":"xpath","value":"//td/div/span[contains(text(), \"BGL Vehicles\")]"}
RESULT: {"using":"xpath","value":"//td/div/span[contains(text(), \"BGL Vehicles\")]"}
COMMAND: POST /session/76bbe7a963ba333ac6e3770165032c4a/element/f.37B6A3D8B8D5C040CDE4E4CEB4627624.d.B6BC8F18FAFD2C754502BAEB17C4CFE9.e.27725/click - {}
RESULT: {}
COMMAND: GET /session/76bbe7a963ba333ac6e3770165032c4a/screenshot - {}
RESULT: {}
COMMAND: POST /session/76bbe7a963ba333ac6e3770165032c4a/element - {"using":"xpath","value":"//bdi[contains(text(), \"OK\")]"}
RESULT: {"using":"xpath","value":"//bdi[contains(text(), \"OK\")]"}
COMMAND: POST /session/76bbe7a963ba333ac6e3770165032c4a/element/f.37B6A3D8B8D5C040CDE4E4CEB4627624.d.B6BC8F18FAFD2C754502BAEB17C4CFE9.e.27726/click - {}
RESULT: {}
COMMAND: GET /session/76bbe7a963ba333ac6e3770165032c4a/screenshot - {}
RESULT: {}
COMMAND: POST /session/76bbe7a963ba333ac6e3770165032c4a/execute/async - {"script":"<script> [1562 bytes]","args":[{"selector":{"id":"application-manageresources-display-component---newResourceUnit--newRRUPage-anchBar-application-manageresources-display-component---newResourceUnit--resource-anchor","interaction":{"idSuffix":"BDI-content"}},"wdio_ui5_key":"applicationmanageresources-display-component---newResourceUnit--newRRUPage-anchBar-application-manageresources-display-component---newResourceUnit--resource-anchor"}]}
RESULT: {"script":"<script> [1562 bytes]","args":[{"selector":{"id":"application-manageresources-display-component---newResourceUnit--newRRUPage-anchBar-application-manageresources-display-component---newResourceUnit--resource-anchor","interaction":{"idSuffix":"BDI-content"}},"wdio_ui5_key":"applicationmanageresources-display-component---newResourceUnit--newRRUPage-anchBar-application-manageresources-display-component---newResourceUnit--resource-anchor"}]}
RESULT: undefined
COMMAND: POST /session/76bbe7a963ba333ac6e3770165032c4a/element - {"using":"xpath","value":"//*[@id=\"application-manageresources-display-component---newResourceUnit--newRRUPage-anchBar-application-manageresources-display-component---newResourceUnit--resource-anchor\"]"}
RESULT: {"using":"xpath","value":"//*[@id=\"application-manageresources-display-component---newResourceUnit--newRRUPage-anchBar-application-manageresources-display-component---newResourceUnit--resource-anchor\"]"}
COMMAND: POST /session/76bbe7a963ba333ac6e3770165032c4a/element/f.37B6A3D8B8D5C040CDE4E4CEB4627624.d.B6BC8F18FAFD2C754502BAEB17C4CFE9.e.27730/click - {}
RESULT: {}
COMMAND: POST /session/76bbe7a963ba333ac6e3770165032c4a/execute/async - {"script":"<script> [1562 bytes]","args":[{"selector":{"id":"application-manageresources-display-component---newResourceUnit--PLANNED_DELIVERY_DATE","interaction":{"idSuffix":"inner"}},"wdio_ui5_key":"applicationmanageresources-display-component---newResourceUnit--PLANNED_DELIVERY_DATE"}]}
COMMAND: GET /session/76bbe7a963ba333ac6e3770165032c4a/screenshot - {}
RESULT: {}
RESULT: {"script":"<script> [1562 bytes]","args":[{"selector":{"id":"application-manageresources-display-component---newResourceUnit--PLANNED_DELIVERY_DATE","interaction":{"idSuffix":"inner"}},"wdio_ui5_key":"applicationmanageresources-display-component---newResourceUnit--PLANNED_DELIVERY_DATE"}]}
RESULT: undefined
COMMAND: POST /session/76bbe7a963ba333ac6e3770165032c4a/execute/async - {"script":"<script> [6424 bytes]","args":[{"element-6066-11e4-a52e-4f735466cecf":"f.37B6A3D8B8D5C040CDE4E4CEB4627624.d.B6BC8F18FAFD2C754502BAEB17C4CFE9.e.27595"},"setValue",["5/20/25"]]}
RESULT: {"script":"<script> [6424 bytes]","args":[{"element-6066-11e4-a52e-4f735466cecf":"f.37B6A3D8B8D5C040CDE4E4CEB4627624.d.B6BC8F18FAFD2C754502BAEB17C4CFE9.e.27595"},"setValue",["5/20/25"]]}
COMMAND: POST /session/76bbe7a963ba333ac6e3770165032c4a/element - {"using":"xpath","value":"//label[contains(@class, 'sapMLabelRequired') and .//bdi[contains(text(), 'Planned Retirement')]]"}
RESULT: {"using":"xpath","value":"//label[contains(@class, 'sapMLabelRequired') and .//bdi[contains(text(), 'Planned Retirement')]]"}
COMMAND: POST /session/76bbe7a963ba333ac6e3770165032c4a/elements - {"using":"xpath","value":"//label[contains(@class, 'sapMLabelRequired') and .//bdi[contains(text(), 'Planned Retirement')]]"}
RESULT: {"using":"xpath","value":"//label[contains(@class, 'sapMLabelRequired') and .//bdi[contains(text(), 'Planned Retirement')]]"}
COMMAND: POST /session/76bbe7a963ba333ac6e3770165032c4a/element - {"using":"xpath","value":"//button[@data-kt=\"resourceUnitSaveButton\"]"}
RESULT: {"using":"xpath","value":"//button[@data-kt=\"resourceUnitSaveButton\"]"}
COMMAND: POST /session/76bbe7a963ba333ac6e3770165032c4a/element/f.37B6A3D8B8D5C040CDE4E4CEB4627624.d.B6BC8F18FAFD2C754502BAEB17C4CFE9.e.27556/click - {}
RESULT: {}
COMMAND: GET /session/76bbe7a963ba333ac6e3770165032c4a/screenshot - {}
RESULT: {}
COMMAND: POST /session/76bbe7a963ba333ac6e3770165032c4a/element - {"using":"xpath","value":"//bdi[contains(text(), \"Close\")]"}
RESULT: {"using":"xpath","value":"//bdi[contains(text(), \"Close\")]"}
COMMAND: POST /session/76bbe7a963ba333ac6e3770165032c4a/element/f.37B6A3D8B8D5C040CDE4E4CEB4627624.d.B6BC8F18FAFD2C754502BAEB17C4CFE9.e.27738/click - {}
RESULT: {}
COMMAND: GET /session/76bbe7a963ba333ac6e3770165032c4a/screenshot - {}
RESULT: {}
COMMAND: POST /session/76bbe7a963ba333ac6e3770165032c4a/element - {"using":"xpath","value":"(//button[contains(@id ,\"actionsToolbar-overflowButton\")])[1]"}
RESULT: {"using":"xpath","value":"(//button[contains(@id ,\"actionsToolbar-overflowButton\")])[1]"}
COMMAND: POST /session/76bbe7a963ba333ac6e3770165032c4a/element/f.37B6A3D8B8D5C040CDE4E4CEB4627624.d.B6BC8F18FAFD2C754502BAEB17C4CFE9.e.27772/click - {}
RESULT: {}
COMMAND: GET /session/76bbe7a963ba333ac6e3770165032c4a/screenshot - {}
RESULT: {}
COMMAND: POST /session/76bbe7a963ba333ac6e3770165032c4a/element - {"using":"xpath","value":"//button[@data-kt=\"priceInfoButton\"]"}
RESULT: {"using":"xpath","value":"//button[@data-kt=\"priceInfoButton\"]"}
COMMAND: POST /session/76bbe7a963ba333ac6e3770165032c4a/element/f.37B6A3D8B8D5C040CDE4E4CEB4627624.d.B6BC8F18FAFD2C754502BAEB17C4CFE9.e.27774/click - {}
RESULT: {}
COMMAND: GET /session/76bbe7a963ba333ac6e3770165032c4a/screenshot - {}
RESULT: {}
COMMAND: POST /session/76bbe7a963ba333ac6e3770165032c4a/element - {"using":"css selector","value":"#shell-header-logo"}
RESULT: {"using":"css selector","value":"#shell-header-logo"}
COMMAND: POST /session/76bbe7a963ba333ac6e3770165032c4a/element/f.37B6A3D8B8D5C040CDE4E4CEB4627624.d.B6BC8F18FAFD2C754502BAEB17C4CFE9.e.27142/click - {}
RESULT: {}
COMMAND: GET /session/76bbe7a963ba333ac6e3770165032c4a/screenshot - {}
RESULT: {}
]]></system-out>
    </testcase>
    <testcase classname="chrome.136_0_7103_93.windows.Transfer_Yard_to_Yard_US131076" name="Prereq Should create a new equipment multipart" time="118.249">
      <system-out><![CDATA[
RESULT: undefined
COMMAND: POST /session/76bbe7a963ba333ac6e3770165032c4a/element - {"using":"xpath","value":"//*[@id=\"__tile31\"]"}
RESULT: {"using":"xpath","value":"//*[@id=\"__tile31\"]"}
COMMAND: POST /session/76bbe7a963ba333ac6e3770165032c4a/element/f.37B6A3D8B8D5C040CDE4E4CEB4627624.d.B6BC8F18FAFD2C754502BAEB17C4CFE9.e.26277/click - {}
RESULT: {}
COMMAND: GET /session/76bbe7a963ba333ac6e3770165032c4a/screenshot - {}
RESULT: {}
COMMAND: POST /session/76bbe7a963ba333ac6e3770165032c4a/elements - {"using":"xpath","value":"//span[text()='Error']"}
RESULT: {"using":"xpath","value":"//span[text()='Error']"}
COMMAND: POST /session/76bbe7a963ba333ac6e3770165032c4a/element - {"using":"xpath","value":"//button[@data-kt=\"addNewRUOverflowToolbarButton\"]"}
RESULT: {"using":"xpath","value":"//button[@data-kt=\"addNewRUOverflowToolbarButton\"]"}
COMMAND: POST /session/76bbe7a963ba333ac6e3770165032c4a/elements - {"using":"xpath","value":"//button[@data-kt=\"addNewRUOverflowToolbarButton\"]"}
RESULT: {"using":"xpath","value":"//button[@data-kt=\"addNewRUOverflowToolbarButton\"]"}
COMMAND: POST /session/76bbe7a963ba333ac6e3770165032c4a/execute/sync - {"script":"<script> [8489 bytes]","args":[{"element-6066-11e4-a52e-4f735466cecf":"f.37B6A3D8B8D5C040CDE4E4CEB4627624.d.B6BC8F18FAFD2C754502BAEB17C4CFE9.e.27819","ELEMENT":"f.37B6A3D8B8D5C040CDE4E4CEB4627624.d.B6BC8F18FAFD2C754502BAEB17C4CFE9.e.27819"}]}
RESULT: {"script":"<script> [8489 bytes]","args":[{"element-6066-11e4-a52e-4f735466cecf":"f.37B6A3D8B8D5C040CDE4E4CEB4627624.d.B6BC8F18FAFD2C754502BAEB17C4CFE9.e.27819","ELEMENT":"f.37B6A3D8B8D5C040CDE4E4CEB4627624.d.B6BC8F18FAFD2C754502BAEB17C4CFE9.e.27819"}]}
COMMAND: GET /session/76bbe7a963ba333ac6e3770165032c4a/element/f.37B6A3D8B8D5C040CDE4E4CEB4627624.d.B6BC8F18FAFD2C754502BAEB17C4CFE9.e.27819/enabled - {}
COMMAND: GET /session/76bbe7a963ba333ac6e3770165032c4a/screenshot - {}
RESULT: {}
COMMAND: POST /session/76bbe7a963ba333ac6e3770165032c4a/execute/sync - {"script":"<script> [8489 bytes]","args":[{"element-6066-11e4-a52e-4f735466cecf":"f.37B6A3D8B8D5C040CDE4E4CEB4627624.d.B6BC8F18FAFD2C754502BAEB17C4CFE9.e.27819","ELEMENT":"f.37B6A3D8B8D5C040CDE4E4CEB4627624.d.B6BC8F18FAFD2C754502BAEB17C4CFE9.e.27819"}]}
COMMAND: GET /session/76bbe7a963ba333ac6e3770165032c4a/screenshot - {}
RESULT: {}
RESULT: {"script":"<script> [8489 bytes]","args":[{"element-6066-11e4-a52e-4f735466cecf":"f.37B6A3D8B8D5C040CDE4E4CEB4627624.d.B6BC8F18FAFD2C754502BAEB17C4CFE9.e.27819","ELEMENT":"f.37B6A3D8B8D5C040CDE4E4CEB4627624.d.B6BC8F18FAFD2C754502BAEB17C4CFE9.e.27819"}]}
COMMAND: POST /session/76bbe7a963ba333ac6e3770165032c4a/execute/sync - {"script":"<script> [5351 bytes]","args":[{"element-6066-11e4-a52e-4f735466cecf":"f.37B6A3D8B8D5C040CDE4E4CEB4627624.d.B6BC8F18FAFD2C754502BAEB17C4CFE9.e.27819","ELEMENT":"f.37B6A3D8B8D5C040CDE4E4CEB4627624.d.B6BC8F18FAFD2C754502BAEB17C4CFE9.e.27819"}]}
COMMAND: GET /session/76bbe7a963ba333ac6e3770165032c4a/screenshot - {}
RESULT: {}
RESULT: {"script":"<script> [5351 bytes]","args":[{"element-6066-11e4-a52e-4f735466cecf":"f.37B6A3D8B8D5C040CDE4E4CEB4627624.d.B6BC8F18FAFD2C754502BAEB17C4CFE9.e.27819","ELEMENT":"f.37B6A3D8B8D5C040CDE4E4CEB4627624.d.B6BC8F18FAFD2C754502BAEB17C4CFE9.e.27819"}]}
COMMAND: POST /session/76bbe7a963ba333ac6e3770165032c4a/element/f.37B6A3D8B8D5C040CDE4E4CEB4627624.d.B6BC8F18FAFD2C754502BAEB17C4CFE9.e.27819/click - {}
COMMAND: GET /session/76bbe7a963ba333ac6e3770165032c4a/screenshot - {}
RESULT: {}
RESULT: {}
COMMAND: GET /session/76bbe7a963ba333ac6e3770165032c4a/screenshot - {}
RESULT: {}
RESULT: {}
RESULT: undefined
COMMAND: POST /session/76bbe7a963ba333ac6e3770165032c4a/element - {"using":"xpath","value":"//*[@id=\"application-manageresources-display-component---newResourceUnit--TYPE-arrow\"]"}
RESULT: {"using":"xpath","value":"//*[@id=\"application-manageresources-display-component---newResourceUnit--TYPE-arrow\"]"}
COMMAND: POST /session/76bbe7a963ba333ac6e3770165032c4a/element/f.37B6A3D8B8D5C040CDE4E4CEB4627624.d.B6BC8F18FAFD2C754502BAEB17C4CFE9.e.28170/click - {}
RESULT: {}
COMMAND: POST /session/76bbe7a963ba333ac6e3770165032c4a/element - {"using":"xpath","value":"//input[@id=\"application-manageresources-display-component---newResourceUnit--TYPE-inner\"]"}
COMMAND: GET /session/76bbe7a963ba333ac6e3770165032c4a/screenshot - {}
RESULT: {"using":"xpath","value":"//input[@id=\"application-manageresources-display-component---newResourceUnit--TYPE-inner\"]"}
COMMAND: POST /session/76bbe7a963ba333ac6e3770165032c4a/element/f.37B6A3D8B8D5C040CDE4E4CEB4627624.d.B6BC8F18FAFD2C754502BAEB17C4CFE9.e.28155/clear - {}
RESULT: {}
RESULT: {}
COMMAND: POST /session/76bbe7a963ba333ac6e3770165032c4a/element/f.37B6A3D8B8D5C040CDE4E4CEB4627624.d.B6BC8F18FAFD2C754502BAEB17C4CFE9.e.28155/value - {"text":"Equi Multipart"}
COMMAND: GET /session/76bbe7a963ba333ac6e3770165032c4a/screenshot - {}
RESULT: {"text":"Equi Multipart"}
COMMAND: GET /session/76bbe7a963ba333ac6e3770165032c4a/screenshot - {}
RESULT: {}
RESULT: {}
COMMAND: POST /session/76bbe7a963ba333ac6e3770165032c4a/actions - {"actions":[{"id":"action89","type":"key","parameters":{},"actions":[{"type":"keyDown","value":"î€‡"},{"type":"pause","duration":10},{"type":"keyUp","value":"î€‡"}]}]}
RESULT: {"actions":[{"id":"action89","type":"key","parameters":{},"actions":[{"type":"keyDown","value":"î€‡"},{"type":"pause","duration":10},{"type":"keyUp","value":"î€‡"}]}]}
RESULT: undefined
COMMAND: POST /session/76bbe7a963ba333ac6e3770165032c4a/execute/async - {"script":"<script> [776 bytes]","args":[{"enterText":"Equipment Multipart WDIO","selector":{"id":"application-manageresources-display-component---newResourceUnit--SHORT_TEXT","interaction":{"idSuffix":"inner"}},"clearTextFirst":true,"interactionType":"ENTER_TEXT"}]}
COMMAND: GET /session/76bbe7a963ba333ac6e3770165032c4a/screenshot - {}
RESULT: {"script":"<script> [776 bytes]","args":[{"enterText":"Equipment Multipart WDIO","selector":{"id":"application-manageresources-display-component---newResourceUnit--SHORT_TEXT","interaction":{"idSuffix":"inner"}},"clearTextFirst":true,"interactionType":"ENTER_TEXT"}]}
RESULT: undefined
COMMAND: POST /session/76bbe7a963ba333ac6e3770165032c4a/execute/async - {"script":"<script> [776 bytes]","args":[{"enterText":"Piece","selector":{"id":"application-manageresources-display-component---newResourceUnit--BASE_UNIT_OF_MEASURE","interaction":{"idSuffix":"inner"}},"clearTextFirst":true,"interactionType":"ENTER_TEXT"}]}
RESULT: {}
RESULT: {"script":"<script> [776 bytes]","args":[{"enterText":"Piece","selector":{"id":"application-manageresources-display-component---newResourceUnit--BASE_UNIT_OF_MEASURE","interaction":{"idSuffix":"inner"}},"clearTextFirst":true,"interactionType":"ENTER_TEXT"}]}
RESULT: undefined
COMMAND: POST /session/76bbe7a963ba333ac6e3770165032c4a/execute/async - {"script":"<script> [776 bytes]","args":[{"enterText":"Gram","selector":{"id":"application-manageresources-display-component---newResourceUnit--WEIGHT_UNIT","interaction":{"idSuffix":"inner"}},"clearTextFirst":true,"interactionType":"ENTER_TEXT"}]}
RESULT: {"script":"<script> [776 bytes]","args":[{"enterText":"Gram","selector":{"id":"application-manageresources-display-component---newResourceUnit--WEIGHT_UNIT","interaction":{"idSuffix":"inner"}},"clearTextFirst":true,"interactionType":"ENTER_TEXT"}]}
RESULT: undefined
COMMAND: POST /session/76bbe7a963ba333ac6e3770165032c4a/execute/async - {"script":"<script> [776 bytes]","args":[{"enterText":"Meter","selector":{"id":"application-manageresources-display-component---newResourceUnit--DIMENSION_UNIT","interaction":{"idSuffix":"inner"}},"clearTextFirst":true,"interactionType":"ENTER_TEXT"}]}
RESULT: {"script":"<script> [776 bytes]","args":[{"enterText":"Meter","selector":{"id":"application-manageresources-display-component---newResourceUnit--DIMENSION_UNIT","interaction":{"idSuffix":"inner"}},"clearTextFirst":true,"interactionType":"ENTER_TEXT"}]}
RESULT: undefined
COMMAND: POST /session/76bbe7a963ba333ac6e3770165032c4a/element - {"using":"xpath","value":"//*[@id=\"application-manageresources-display-component---newResourceUnit--newRRUPage-anchBar-application-manageresources-display-component---newResourceUnit--control-anchor\"]"}
RESULT: {"using":"xpath","value":"//*[@id=\"application-manageresources-display-component---newResourceUnit--newRRUPage-anchBar-application-manageresources-display-component---newResourceUnit--control-anchor\"]"}
COMMAND: POST /session/76bbe7a963ba333ac6e3770165032c4a/element/f.37B6A3D8B8D5C040CDE4E4CEB4627624.d.B6BC8F18FAFD2C754502BAEB17C4CFE9.e.28236/click - {}
RESULT: {}
RESULT: undefined
COMMAND: POST /session/76bbe7a963ba333ac6e3770165032c4a/execute/async - {"script":"<script> [776 bytes]","args":[{"enterText":"Heavy Equi","selector":{"id":"application-manageresources-display-component---newResourceUnit--PLANNING_GROUP","interaction":{"idSuffix":"inner"}},"clearTextFirst":true,"interactionType":"ENTER_TEXT"}]}
COMMAND: GET /session/76bbe7a963ba333ac6e3770165032c4a/screenshot - {}
RESULT: {"script":"<script> [776 bytes]","args":[{"enterText":"Heavy Equi","selector":{"id":"application-manageresources-display-component---newResourceUnit--PLANNING_GROUP","interaction":{"idSuffix":"inner"}},"clearTextFirst":true,"interactionType":"ENTER_TEXT"}]}
RESULT: {}
COMMAND: POST /session/76bbe7a963ba333ac6e3770165032c4a/execute/async - {"script":"<script> [1562 bytes]","args":[{"selector":{"id":"application-manageresources-display-component---newResourceUnit--PLANNING_INDICATOR","interaction":{"idSuffix":"inner"}},"wdio_ui5_key":"applicationmanageresources-display-component---newResourceUnit--PLANNING_INDICATOR"}]}
RESULT: {"script":"<script> [1562 bytes]","args":[{"selector":{"id":"application-manageresources-display-component---newResourceUnit--PLANNING_INDICATOR","interaction":{"idSuffix":"inner"}},"wdio_ui5_key":"applicationmanageresources-display-component---newResourceUnit--PLANNING_INDICATOR"}]}
RESULT: undefined
COMMAND: POST /session/76bbe7a963ba333ac6e3770165032c4a/execute/async - {"script":"<script> [776 bytes]","args":[{"enterText":"10 - infinite","selector":{"id":"application-manageresources-display-component---newResourceUnit--PLANNING_INDICATOR","interaction":{"idSuffix":"inner"}},"clearTextFirst":true,"interactionType":"ENTER_TEXT"}]}
RESULT: {"script":"<script> [776 bytes]","args":[{"enterText":"10 - infinite","selector":{"id":"application-manageresources-display-component---newResourceUnit--PLANNING_INDICATOR","interaction":{"idSuffix":"inner"}},"clearTextFirst":true,"interactionType":"ENTER_TEXT"}]}
RESULT: undefined
COMMAND: POST /session/76bbe7a963ba333ac6e3770165032c4a/element - {"using":"xpath","value":"//*[@id=\"application-manageresources-display-component---newResourceUnit--ITEM_TYPE-arrow\"]"}
RESULT: {"using":"xpath","value":"//*[@id=\"application-manageresources-display-component---newResourceUnit--ITEM_TYPE-arrow\"]"}
COMMAND: POST /session/76bbe7a963ba333ac6e3770165032c4a/element/f.37B6A3D8B8D5C040CDE4E4CEB4627624.d.B6BC8F18FAFD2C754502BAEB17C4CFE9.e.28243/click - {}
RESULT: {}
COMMAND: GET /session/76bbe7a963ba333ac6e3770165032c4a/screenshot - {}
RESULT: {}
COMMAND: POST /session/76bbe7a963ba333ac6e3770165032c4a/execute/async - {"script":"<script> [1562 bytes]","args":[{"selector":{"controlType":"sap.m.StandardListItem","viewName":"reusables.view.manageresources.NewResourceUnit","viewId":"application-manageresources-display-component---newResourceUnit","properties":{"title":"Pool Equipment"},"searchOpenDialogs":true,"interaction":{"idSuffix":"content"}},"wdio_ui5_key":"reusablesview.manageresources.NewResourceUnitsap.m.StandardListItem{\"title\":\"Pool Equipment\"}"}]}
RESULT: {"script":"<script> [1562 bytes]","args":[{"selector":{"controlType":"sap.m.StandardListItem","viewName":"reusables.view.manageresources.NewResourceUnit","viewId":"application-manageresources-display-component---newResourceUnit","properties":{"title":"Pool Equipment"},"searchOpenDialogs":true,"interaction":{"idSuffix":"content"}},"wdio_ui5_key":"reusablesview.manageresources.NewResourceUnitsap.m.StandardListItem{\"title\":\"Pool Equipment\"}"}]}
RESULT: undefined
COMMAND: POST /session/76bbe7a963ba333ac6e3770165032c4a/element - {"using":"xpath","value":"//*[@id=\"__item1290\"]"}
RESULT: {"using":"xpath","value":"//*[@id=\"__item1290\"]"}
COMMAND: POST /session/76bbe7a963ba333ac6e3770165032c4a/element/f.37B6A3D8B8D5C040CDE4E4CEB4627624.d.B6BC8F18FAFD2C754502BAEB17C4CFE9.e.28245/click - {}
RESULT: {}
COMMAND: GET /session/76bbe7a963ba333ac6e3770165032c4a/screenshot - {}
RESULT: {}
COMMAND: POST /session/76bbe7a963ba333ac6e3770165032c4a/element - {"using":"css selector","value":"#application-manageresources-display-component---newResourceUnit--btnAddTimeSegment"}
RESULT: {"using":"css selector","value":"#application-manageresources-display-component---newResourceUnit--btnAddTimeSegment"}
COMMAND: GET /session/76bbe7a963ba333ac6e3770165032c4a/element/f.37B6A3D8B8D5C040CDE4E4CEB4627624.d.B6BC8F18FAFD2C754502BAEB17C4CFE9.e.28246/rect - {}
RESULT: {}
COMMAND: GET /session/76bbe7a963ba333ac6e3770165032c4a/window/rect - {}
RESULT: {}
COMMAND: POST /session/76bbe7a963ba333ac6e3770165032c4a/execute/sync - {"script":"<script> [92 bytes]","args":[]}
RESULT: {"script":"<script> [92 bytes]","args":[]}
COMMAND: POST /session/76bbe7a963ba333ac6e3770165032c4a/actions - {"actions":[{"id":"action90","type":"wheel","parameters":{},"actions":[{"type":"scroll","x":-1888,"y":-32,"deltaX":0,"deltaY":0,"duration":0,"origin":{"element-6066-11e4-a52e-4f735466cecf":"f.37B6A3D8B8D5C040CDE4E4CEB4627624.d.B6BC8F18FAFD2C754502BAEB17C4CFE9.e.28246"}}]}]}
COMMAND: GET /session/76bbe7a963ba333ac6e3770165032c4a/screenshot - {}
RESULT: {}
COMMAND: POST /session/76bbe7a963ba333ac6e3770165032c4a/execute/sync - {"script":"<script> [79 bytes]","args":[{"element-6066-11e4-a52e-4f735466cecf":"f.37B6A3D8B8D5C040CDE4E4CEB4627624.d.B6BC8F18FAFD2C754502BAEB17C4CFE9.e.28246","ELEMENT":"f.37B6A3D8B8D5C040CDE4E4CEB4627624.d.B6BC8F18FAFD2C754502BAEB17C4CFE9.e.28246"},{"block":"start","inline":"nearest"}]}
RESULT: {"script":"<script> [79 bytes]","args":[{"element-6066-11e4-a52e-4f735466cecf":"f.37B6A3D8B8D5C040CDE4E4CEB4627624.d.B6BC8F18FAFD2C754502BAEB17C4CFE9.e.28246","ELEMENT":"f.37B6A3D8B8D5C040CDE4E4CEB4627624.d.B6BC8F18FAFD2C754502BAEB17C4CFE9.e.28246"},{"block":"start","inline":"nearest"}]}
RESULT: undefined
COMMAND: POST /session/76bbe7a963ba333ac6e3770165032c4a/element - {"using":"xpath","value":"//*[@id=\"application-manageresources-display-component---newResourceUnit--btnAddTimeSegment\"]"}
COMMAND: GET /session/76bbe7a963ba333ac6e3770165032c4a/screenshot - {}
RESULT: {"using":"xpath","value":"//*[@id=\"application-manageresources-display-component---newResourceUnit--btnAddTimeSegment\"]"}
COMMAND: POST /session/76bbe7a963ba333ac6e3770165032c4a/element/f.37B6A3D8B8D5C040CDE4E4CEB4627624.d.B6BC8F18FAFD2C754502BAEB17C4CFE9.e.28246/click - {}
RESULT: {}
RESULT: {}
COMMAND: GET /session/76bbe7a963ba333ac6e3770165032c4a/screenshot - {}
RESULT: {}
COMMAND: POST /session/76bbe7a963ba333ac6e3770165032c4a/element - {"using":"xpath","value":"//input[@id=\"application-manageresources-display-component---newResourceUnit--idRuTSAdmin-application-manageresources-display-component---newResourceUnit--RUTimeSegment-0-inner\"]"}
RESULT: {"using":"xpath","value":"//input[@id=\"application-manageresources-display-component---newResourceUnit--idRuTSAdmin-application-manageresources-display-component---newResourceUnit--RUTimeSegment-0-inner\"]"}
COMMAND: POST /session/76bbe7a963ba333ac6e3770165032c4a/element/f.37B6A3D8B8D5C040CDE4E4CEB4627624.d.B6BC8F18FAFD2C754502BAEB17C4CFE9.e.28251/clear - {}
RESULT: {}
COMMAND: POST /session/76bbe7a963ba333ac6e3770165032c4a/element/f.37B6A3D8B8D5C040CDE4E4CEB4627624.d.B6BC8F18FAFD2C754502BAEB17C4CFE9.e.28251/value - {"text":"577"}
COMMAND: GET /session/76bbe7a963ba333ac6e3770165032c4a/screenshot - {}
RESULT: {"text":"577"}
COMMAND: GET /session/76bbe7a963ba333ac6e3770165032c4a/screenshot - {}
RESULT: {}
RESULT: {}
COMMAND: POST /session/76bbe7a963ba333ac6e3770165032c4a/element - {"using":"xpath","value":"//li[.//span[text()='577']]"}
RESULT: {"using":"xpath","value":"//li[.//span[text()='577']]"}
COMMAND: POST /session/76bbe7a963ba333ac6e3770165032c4a/element/f.37B6A3D8B8D5C040CDE4E4CEB4627624.d.B6BC8F18FAFD2C754502BAEB17C4CFE9.e.28264/click - {}
RESULT: {}
COMMAND: GET /session/76bbe7a963ba333ac6e3770165032c4a/screenshot - {}
RESULT: {}
COMMAND: POST /session/76bbe7a963ba333ac6e3770165032c4a/element - {"using":"xpath","value":"(//span[contains(@id, \"-application-manageresources-display-component---newResourceUnit--RUTimeSegment-0-arrow\")])[5]"}
RESULT: {"using":"xpath","value":"(//span[contains(@id, \"-application-manageresources-display-component---newResourceUnit--RUTimeSegment-0-arrow\")])[5]"}
COMMAND: POST /session/76bbe7a963ba333ac6e3770165032c4a/element/f.37B6A3D8B8D5C040CDE4E4CEB4627624.d.B6BC8F18FAFD2C754502BAEB17C4CFE9.e.28265/click - {}
RESULT: {}
COMMAND: GET /session/76bbe7a963ba333ac6e3770165032c4a/screenshot - {}
RESULT: {}
COMMAND: POST /session/76bbe7a963ba333ac6e3770165032c4a/element - {"using":"xpath","value":"//span[contains(text(), \"PM Order\")]"}
RESULT: {"using":"xpath","value":"//span[contains(text(), \"PM Order\")]"}
COMMAND: POST /session/76bbe7a963ba333ac6e3770165032c4a/element/f.37B6A3D8B8D5C040CDE4E4CEB4627624.d.B6BC8F18FAFD2C754502BAEB17C4CFE9.e.28266/click - {}
RESULT: {}
COMMAND: GET /session/76bbe7a963ba333ac6e3770165032c4a/screenshot - {}
RESULT: {}
COMMAND: POST /session/76bbe7a963ba333ac6e3770165032c4a/element - {"using":"xpath","value":"(//span[contains(@id ,\"manageresources-display-component---newResourceUnit--RUTimeSegment-0-vhi\")])[1]"}
RESULT: {"using":"xpath","value":"(//span[contains(@id ,\"manageresources-display-component---newResourceUnit--RUTimeSegment-0-vhi\")])[1]"}
COMMAND: GET /session/76bbe7a963ba333ac6e3770165032c4a/element/f.37B6A3D8B8D5C040CDE4E4CEB4627624.d.B6BC8F18FAFD2C754502BAEB17C4CFE9.e.28270/rect - {}
RESULT: {}
COMMAND: GET /session/76bbe7a963ba333ac6e3770165032c4a/window/rect - {}
RESULT: {}
COMMAND: POST /session/76bbe7a963ba333ac6e3770165032c4a/execute/sync - {"script":"<script> [92 bytes]","args":[]}
RESULT: {"script":"<script> [92 bytes]","args":[]}
COMMAND: POST /session/76bbe7a963ba333ac6e3770165032c4a/actions - {"actions":[{"id":"action91","type":"wheel","parameters":{},"actions":[{"type":"scroll","x":-1888,"y":-24,"deltaX":0,"deltaY":0,"duration":0,"origin":{"element-6066-11e4-a52e-4f735466cecf":"f.37B6A3D8B8D5C040CDE4E4CEB4627624.d.B6BC8F18FAFD2C754502BAEB17C4CFE9.e.28270"}}]}]}
COMMAND: GET /session/76bbe7a963ba333ac6e3770165032c4a/screenshot - {}
RESULT: {}
COMMAND: POST /session/76bbe7a963ba333ac6e3770165032c4a/execute/sync - {"script":"<script> [79 bytes]","args":[{"element-6066-11e4-a52e-4f735466cecf":"f.37B6A3D8B8D5C040CDE4E4CEB4627624.d.B6BC8F18FAFD2C754502BAEB17C4CFE9.e.28270","ELEMENT":"f.37B6A3D8B8D5C040CDE4E4CEB4627624.d.B6BC8F18FAFD2C754502BAEB17C4CFE9.e.28270"},{"block":"start","inline":"nearest"}]}
RESULT: {"script":"<script> [79 bytes]","args":[{"element-6066-11e4-a52e-4f735466cecf":"f.37B6A3D8B8D5C040CDE4E4CEB4627624.d.B6BC8F18FAFD2C754502BAEB17C4CFE9.e.28270","ELEMENT":"f.37B6A3D8B8D5C040CDE4E4CEB4627624.d.B6BC8F18FAFD2C754502BAEB17C4CFE9.e.28270"},{"block":"start","inline":"nearest"}]}
COMMAND: GET /session/76bbe7a963ba333ac6e3770165032c4a/screenshot - {}
RESULT: {}
COMMAND: POST /session/76bbe7a963ba333ac6e3770165032c4a/element/f.37B6A3D8B8D5C040CDE4E4CEB4627624.d.B6BC8F18FAFD2C754502BAEB17C4CFE9.e.28270/click - {}
RESULT: {}
COMMAND: GET /session/76bbe7a963ba333ac6e3770165032c4a/screenshot - {}
RESULT: {}
RESULT: undefined
COMMAND: POST /session/76bbe7a963ba333ac6e3770165032c4a/execute/async - {"script":"<script> [776 bytes]","args":[{"enterText":"4000360","selector":{"controlType":"sap.m.SearchField","properties":{"placeholder":"Search"},"searchOpenDialogs":true,"interaction":{"idSuffix":"I"}},"clearTextFirst":true,"interactionType":"ENTER_TEXT"}]}
RESULT: {"script":"<script> [776 bytes]","args":[{"enterText":"4000360","selector":{"controlType":"sap.m.SearchField","properties":{"placeholder":"Search"},"searchOpenDialogs":true,"interaction":{"idSuffix":"I"}},"clearTextFirst":true,"interactionType":"ENTER_TEXT"}]}
COMMAND: POST /session/76bbe7a963ba333ac6e3770165032c4a/actions - {"actions":[{"id":"action92","type":"key","parameters":{},"actions":[{"type":"keyDown","value":"î€‡"},{"type":"pause","duration":10},{"type":"keyUp","value":"î€‡"}]}]}
RESULT: {"actions":[{"id":"action92","type":"key","parameters":{},"actions":[{"type":"keyDown","value":"î€‡"},{"type":"pause","duration":10},{"type":"keyUp","value":"î€‡"}]}]}
COMMAND: GET /session/76bbe7a963ba333ac6e3770165032c4a/screenshot - {}
RESULT: {}
COMMAND: POST /session/76bbe7a963ba333ac6e3770165032c4a/element - {"using":"xpath","value":"//td/div/span[contains(text(), \"BGL Vehicles\")]"}
RESULT: {"using":"xpath","value":"//td/div/span[contains(text(), \"BGL Vehicles\")]"}
COMMAND: POST /session/76bbe7a963ba333ac6e3770165032c4a/element/f.37B6A3D8B8D5C040CDE4E4CEB4627624.d.B6BC8F18FAFD2C754502BAEB17C4CFE9.e.28290/click - {}
RESULT: {}
COMMAND: GET /session/76bbe7a963ba333ac6e3770165032c4a/screenshot - {}
RESULT: {}
COMMAND: POST /session/76bbe7a963ba333ac6e3770165032c4a/element - {"using":"xpath","value":"//bdi[contains(text(), \"OK\")]"}
RESULT: {"using":"xpath","value":"//bdi[contains(text(), \"OK\")]"}
COMMAND: POST /session/76bbe7a963ba333ac6e3770165032c4a/element/f.37B6A3D8B8D5C040CDE4E4CEB4627624.d.B6BC8F18FAFD2C754502BAEB17C4CFE9.e.28291/click - {}
RESULT: {}
COMMAND: GET /session/76bbe7a963ba333ac6e3770165032c4a/screenshot - {}
RESULT: {}
COMMAND: POST /session/76bbe7a963ba333ac6e3770165032c4a/element - {"using":"xpath","value":"//label[contains(@class, 'sapMLabelRequired') and .//bdi[contains(text(), 'Planned Retirement')]]"}
RESULT: {"using":"xpath","value":"//label[contains(@class, 'sapMLabelRequired') and .//bdi[contains(text(), 'Planned Retirement')]]"}
COMMAND: POST /session/76bbe7a963ba333ac6e3770165032c4a/elements - {"using":"xpath","value":"//label[contains(@class, 'sapMLabelRequired') and .//bdi[contains(text(), 'Planned Retirement')]]"}
RESULT: {"using":"xpath","value":"//label[contains(@class, 'sapMLabelRequired') and .//bdi[contains(text(), 'Planned Retirement')]]"}
COMMAND: POST /session/76bbe7a963ba333ac6e3770165032c4a/element - {"using":"xpath","value":"//button[@data-kt=\"resourceUnitSaveButton\"]"}
RESULT: {"using":"xpath","value":"//button[@data-kt=\"resourceUnitSaveButton\"]"}
COMMAND: POST /session/76bbe7a963ba333ac6e3770165032c4a/element/f.37B6A3D8B8D5C040CDE4E4CEB4627624.d.B6BC8F18FAFD2C754502BAEB17C4CFE9.e.28190/click - {}
RESULT: {}
COMMAND: GET /session/76bbe7a963ba333ac6e3770165032c4a/screenshot - {}
RESULT: {}
COMMAND: POST /session/76bbe7a963ba333ac6e3770165032c4a/element - {"using":"xpath","value":"//bdi[contains(text(), \"Close\")]"}
RESULT: {"using":"xpath","value":"//bdi[contains(text(), \"Close\")]"}
COMMAND: POST /session/76bbe7a963ba333ac6e3770165032c4a/element/f.37B6A3D8B8D5C040CDE4E4CEB4627624.d.B6BC8F18FAFD2C754502BAEB17C4CFE9.e.28298/click - {}
RESULT: {}
COMMAND: GET /session/76bbe7a963ba333ac6e3770165032c4a/screenshot - {}
RESULT: {}
COMMAND: POST /session/76bbe7a963ba333ac6e3770165032c4a/element - {"using":"xpath","value":"//header[contains(@id, 'detailRruPage-headerTitle')]/div[1]/div[2]/div[2]/span[1]"}
RESULT: {"using":"xpath","value":"//header[contains(@id, 'detailRruPage-headerTitle')]/div[1]/div[2]/div[2]/span[1]"}
COMMAND: POST /session/76bbe7a963ba333ac6e3770165032c4a/elements - {"using":"xpath","value":"//header[contains(@id, 'detailRruPage-headerTitle')]/div[1]/div[2]/div[2]/span[1]"}
RESULT: {"using":"xpath","value":"//header[contains(@id, 'detailRruPage-headerTitle')]/div[1]/div[2]/div[2]/span[1]"}
COMMAND: POST /session/76bbe7a963ba333ac6e3770165032c4a/execute/sync - {"script":"<script> [56 bytes]","args":[{"element-6066-11e4-a52e-4f735466cecf":"f.37B6A3D8B8D5C040CDE4E4CEB4627624.d.B6BC8F18FAFD2C754502BAEB17C4CFE9.e.28333","ELEMENT":"f.37B6A3D8B8D5C040CDE4E4CEB4627624.d.B6BC8F18FAFD2C754502BAEB17C4CFE9.e.28333"}]}
RESULT: {"script":"<script> [56 bytes]","args":[{"element-6066-11e4-a52e-4f735466cecf":"f.37B6A3D8B8D5C040CDE4E4CEB4627624.d.B6BC8F18FAFD2C754502BAEB17C4CFE9.e.28333","ELEMENT":"f.37B6A3D8B8D5C040CDE4E4CEB4627624.d.B6BC8F18FAFD2C754502BAEB17C4CFE9.e.28333"}]}
COMMAND: POST /session/76bbe7a963ba333ac6e3770165032c4a/element - {"using":"css selector","value":"#shell-header-logo"}
COMMAND: GET /session/76bbe7a963ba333ac6e3770165032c4a/screenshot - {}
RESULT: {"using":"css selector","value":"#shell-header-logo"}
COMMAND: POST /session/76bbe7a963ba333ac6e3770165032c4a/element/f.37B6A3D8B8D5C040CDE4E4CEB4627624.d.B6BC8F18FAFD2C754502BAEB17C4CFE9.e.27779/click - {}
RESULT: {}
RESULT: {}
COMMAND: GET /session/76bbe7a963ba333ac6e3770165032c4a/screenshot - {}
RESULT: {}
]]></system-out>
    </testcase>
    <testcase classname="chrome.136_0_7103_93.windows.Transfer_Yard_to_Yard_US131076" name="Should do a stock increase handover for equipment" time="85.635">
      <system-out><![CDATA[
COMMAND: POST /session/76bbe7a963ba333ac6e3770165032c4a/execute/async - {"script":"<script> [1562 bytes]","args":[{"selector":{"controlType":"sap.m.GenericTile","properties":{"header":"Manage Handovers"}},"wdio_ui5_key":"sapm.GenericTile{\"header\":\"Manage Handovers\"}"}]}
RESULT: {"script":"<script> [1562 bytes]","args":[{"selector":{"controlType":"sap.m.GenericTile","properties":{"header":"Manage Handovers"}},"wdio_ui5_key":"sapm.GenericTile{\"header\":\"Manage Handovers\"}"}]}
RESULT: undefined
COMMAND: POST /session/76bbe7a963ba333ac6e3770165032c4a/element - {"using":"xpath","value":"//*[@id=\"__tile132\"]"}
RESULT: {"using":"xpath","value":"//*[@id=\"__tile132\"]"}
COMMAND: POST /session/76bbe7a963ba333ac6e3770165032c4a/element/f.37B6A3D8B8D5C040CDE4E4CEB4627624.d.B6BC8F18FAFD2C754502BAEB17C4CFE9.e.26303/click - {}
RESULT: {}
COMMAND: GET /session/76bbe7a963ba333ac6e3770165032c4a/screenshot - {}
RESULT: {}
COMMAND: POST /session/76bbe7a963ba333ac6e3770165032c4a/elements - {"using":"xpath","value":"//span[text()='Error']"}
RESULT: {"using":"xpath","value":"//span[text()='Error']"}
COMMAND: POST /session/76bbe7a963ba333ac6e3770165032c4a/element - {"using":"xpath","value":"//button[@data-kt=\"masterHOAddButton\"]"}
RESULT: {"using":"xpath","value":"//button[@data-kt=\"masterHOAddButton\"]"}
COMMAND: POST /session/76bbe7a963ba333ac6e3770165032c4a/elements - {"using":"xpath","value":"//button[@data-kt=\"masterHOAddButton\"]"}
RESULT: {"using":"xpath","value":"//button[@data-kt=\"masterHOAddButton\"]"}
COMMAND: POST /session/76bbe7a963ba333ac6e3770165032c4a/elements - {"using":"xpath","value":"//button[@data-kt=\"masterHOAddButton\"]"}
RESULT: {"using":"xpath","value":"//button[@data-kt=\"masterHOAddButton\"]"}
COMMAND: POST /session/76bbe7a963ba333ac6e3770165032c4a/elements - {"using":"xpath","value":"//button[@data-kt=\"masterHOAddButton\"]"}
RESULT: {"using":"xpath","value":"//button[@data-kt=\"masterHOAddButton\"]"}
COMMAND: POST /session/76bbe7a963ba333ac6e3770165032c4a/elements - {"using":"xpath","value":"//button[@data-kt=\"masterHOAddButton\"]"}
RESULT: {"using":"xpath","value":"//button[@data-kt=\"masterHOAddButton\"]"}
COMMAND: POST /session/76bbe7a963ba333ac6e3770165032c4a/element - {"using":"xpath","value":"//button[@data-kt=\"masterHOAddButton\"]"}
RESULT: {"using":"xpath","value":"//button[@data-kt=\"masterHOAddButton\"]"}
COMMAND: POST /session/76bbe7a963ba333ac6e3770165032c4a/execute/sync - {"script":"<script> [8489 bytes]","args":[{"element-6066-11e4-a52e-4f735466cecf":"f.37B6A3D8B8D5C040CDE4E4CEB4627624.d.B6BC8F18FAFD2C754502BAEB17C4CFE9.e.28364","ELEMENT":"f.37B6A3D8B8D5C040CDE4E4CEB4627624.d.B6BC8F18FAFD2C754502BAEB17C4CFE9.e.28364"}]}
RESULT: {"script":"<script> [8489 bytes]","args":[{"element-6066-11e4-a52e-4f735466cecf":"f.37B6A3D8B8D5C040CDE4E4CEB4627624.d.B6BC8F18FAFD2C754502BAEB17C4CFE9.e.28364","ELEMENT":"f.37B6A3D8B8D5C040CDE4E4CEB4627624.d.B6BC8F18FAFD2C754502BAEB17C4CFE9.e.28364"}]}
COMMAND: GET /session/76bbe7a963ba333ac6e3770165032c4a/element/f.37B6A3D8B8D5C040CDE4E4CEB4627624.d.B6BC8F18FAFD2C754502BAEB17C4CFE9.e.28364/enabled - {}
COMMAND: GET /session/76bbe7a963ba333ac6e3770165032c4a/screenshot - {}
RESULT: {}
COMMAND: POST /session/76bbe7a963ba333ac6e3770165032c4a/execute/sync - {"script":"<script> [8489 bytes]","args":[{"element-6066-11e4-a52e-4f735466cecf":"f.37B6A3D8B8D5C040CDE4E4CEB4627624.d.B6BC8F18FAFD2C754502BAEB17C4CFE9.e.28364","ELEMENT":"f.37B6A3D8B8D5C040CDE4E4CEB4627624.d.B6BC8F18FAFD2C754502BAEB17C4CFE9.e.28364"}]}
COMMAND: GET /session/76bbe7a963ba333ac6e3770165032c4a/screenshot - {}
RESULT: {}
RESULT: {"script":"<script> [8489 bytes]","args":[{"element-6066-11e4-a52e-4f735466cecf":"f.37B6A3D8B8D5C040CDE4E4CEB4627624.d.B6BC8F18FAFD2C754502BAEB17C4CFE9.e.28364","ELEMENT":"f.37B6A3D8B8D5C040CDE4E4CEB4627624.d.B6BC8F18FAFD2C754502BAEB17C4CFE9.e.28364"}]}
COMMAND: POST /session/76bbe7a963ba333ac6e3770165032c4a/execute/sync - {"script":"<script> [5351 bytes]","args":[{"element-6066-11e4-a52e-4f735466cecf":"f.37B6A3D8B8D5C040CDE4E4CEB4627624.d.B6BC8F18FAFD2C754502BAEB17C4CFE9.e.28364","ELEMENT":"f.37B6A3D8B8D5C040CDE4E4CEB4627624.d.B6BC8F18FAFD2C754502BAEB17C4CFE9.e.28364"}]}
COMMAND: GET /session/76bbe7a963ba333ac6e3770165032c4a/screenshot - {}
RESULT: {}
RESULT: {"script":"<script> [5351 bytes]","args":[{"element-6066-11e4-a52e-4f735466cecf":"f.37B6A3D8B8D5C040CDE4E4CEB4627624.d.B6BC8F18FAFD2C754502BAEB17C4CFE9.e.28364","ELEMENT":"f.37B6A3D8B8D5C040CDE4E4CEB4627624.d.B6BC8F18FAFD2C754502BAEB17C4CFE9.e.28364"}]}
COMMAND: POST /session/76bbe7a963ba333ac6e3770165032c4a/element/f.37B6A3D8B8D5C040CDE4E4CEB4627624.d.B6BC8F18FAFD2C754502BAEB17C4CFE9.e.28364/click - {}
COMMAND: GET /session/76bbe7a963ba333ac6e3770165032c4a/screenshot - {}
RESULT: {}
RESULT: {}
COMMAND: GET /session/76bbe7a963ba333ac6e3770165032c4a/screenshot - {}
RESULT: {}
COMMAND: POST /session/76bbe7a963ba333ac6e3770165032c4a/element - {"using":"xpath","value":"//span[contains(@id ,\"AddNewHO--typeSelect-arrow\")]"}
RESULT: {}
RESULT: {"using":"xpath","value":"//span[contains(@id ,\"AddNewHO--typeSelect-arrow\")]"}
COMMAND: POST /session/76bbe7a963ba333ac6e3770165032c4a/element/f.37B6A3D8B8D5C040CDE4E4CEB4627624.d.B6BC8F18FAFD2C754502BAEB17C4CFE9.e.28737/click - {}
RESULT: {}
COMMAND: GET /session/76bbe7a963ba333ac6e3770165032c4a/screenshot - {}
RESULT: {}
COMMAND: POST /session/76bbe7a963ba333ac6e3770165032c4a/element - {"using":"xpath","value":"(//li[contains(text(), \"stock increase yard\")])[1]"}
RESULT: {"using":"xpath","value":"(//li[contains(text(), \"stock increase yard\")])[1]"}
COMMAND: POST /session/76bbe7a963ba333ac6e3770165032c4a/element/f.37B6A3D8B8D5C040CDE4E4CEB4627624.d.B6BC8F18FAFD2C754502BAEB17C4CFE9.e.28738/click - {}
RESULT: {}
COMMAND: GET /session/76bbe7a963ba333ac6e3770165032c4a/screenshot - {}
RESULT: {}
COMMAND: POST /session/76bbe7a963ba333ac6e3770165032c4a/execute/async - {"script":"<script> [1562 bytes]","args":[{"selector":{"id":"application-managehandovers-display-component---AddNewHO--dueDate","interaction":{"idSuffix":"inner"}},"wdio_ui5_key":"applicationmanagehandovers-display-component---AddNewHO--dueDate"}]}
RESULT: {"script":"<script> [1562 bytes]","args":[{"selector":{"id":"application-managehandovers-display-component---AddNewHO--dueDate","interaction":{"idSuffix":"inner"}},"wdio_ui5_key":"applicationmanagehandovers-display-component---AddNewHO--dueDate"}]}
RESULT: undefined
COMMAND: POST /session/76bbe7a963ba333ac6e3770165032c4a/execute/async - {"script":"<script> [6424 bytes]","args":[{"element-6066-11e4-a52e-4f735466cecf":"f.37B6A3D8B8D5C040CDE4E4CEB4627624.d.B6BC8F18FAFD2C754502BAEB17C4CFE9.e.28740"},"setValue",["5/20/25"]]}
RESULT: {"script":"<script> [6424 bytes]","args":[{"element-6066-11e4-a52e-4f735466cecf":"f.37B6A3D8B8D5C040CDE4E4CEB4627624.d.B6BC8F18FAFD2C754502BAEB17C4CFE9.e.28740"},"setValue",["5/20/25"]]}
COMMAND: POST /session/76bbe7a963ba333ac6e3770165032c4a/element - {"using":"xpath","value":"//input[@id=\"generalSectionFrg--receiveYard-inner\"]"}
RESULT: {"using":"xpath","value":"//input[@id=\"generalSectionFrg--receiveYard-inner\"]"}
COMMAND: POST /session/76bbe7a963ba333ac6e3770165032c4a/element/f.37B6A3D8B8D5C040CDE4E4CEB4627624.d.B6BC8F18FAFD2C754502BAEB17C4CFE9.e.28744/clear - {}
RESULT: {}
COMMAND: POST /session/76bbe7a963ba333ac6e3770165032c4a/element/f.37B6A3D8B8D5C040CDE4E4CEB4627624.d.B6BC8F18FAFD2C754502BAEB17C4CFE9.e.28744/value - {"text":"577"}
COMMAND: GET /session/76bbe7a963ba333ac6e3770165032c4a/screenshot - {}
RESULT: {"text":"577"}
COMMAND: GET /session/76bbe7a963ba333ac6e3770165032c4a/screenshot - {}
RESULT: {}
RESULT: {}
COMMAND: POST /session/76bbe7a963ba333ac6e3770165032c4a/element - {"using":"xpath","value":"//li[.//span[text()='577']]"}
RESULT: {"using":"xpath","value":"//li[.//span[text()='577']]"}
COMMAND: POST /session/76bbe7a963ba333ac6e3770165032c4a/element/f.37B6A3D8B8D5C040CDE4E4CEB4627624.d.B6BC8F18FAFD2C754502BAEB17C4CFE9.e.28762/click - {}
RESULT: {}
COMMAND: GET /session/76bbe7a963ba333ac6e3770165032c4a/screenshot - {}
RESULT: {}
COMMAND: POST /session/76bbe7a963ba333ac6e3770165032c4a/execute/async - {"script":"<script> [1562 bytes]","args":[{"selector":{"id":"application-managehandovers-display-component---AddNewHO--ObjectPageLayout-anchBar-application-managehandovers-display-component---AddNewHO--section4-anchor","interaction":{"idSuffix":"BDI-content"}},"wdio_ui5_key":"applicationmanagehandovers-display-component---AddNewHO--ObjectPageLayout-anchBar-application-managehandovers-display-component---AddNewHO--section4-anchor"}]}
RESULT: {"script":"<script> [1562 bytes]","args":[{"selector":{"id":"application-managehandovers-display-component---AddNewHO--ObjectPageLayout-anchBar-application-managehandovers-display-component---AddNewHO--section4-anchor","interaction":{"idSuffix":"BDI-content"}},"wdio_ui5_key":"applicationmanagehandovers-display-component---AddNewHO--ObjectPageLayout-anchBar-application-managehandovers-display-component---AddNewHO--section4-anchor"}]}
RESULT: undefined
COMMAND: POST /session/76bbe7a963ba333ac6e3770165032c4a/element - {"using":"xpath","value":"//*[@id=\"application-managehandovers-display-component---AddNewHO--ObjectPageLayout-anchBar-application-managehandovers-display-component---AddNewHO--section4-anchor\"]"}
RESULT: {"using":"xpath","value":"//*[@id=\"application-managehandovers-display-component---AddNewHO--ObjectPageLayout-anchBar-application-managehandovers-display-component---AddNewHO--section4-anchor\"]"}
COMMAND: POST /session/76bbe7a963ba333ac6e3770165032c4a/element/f.37B6A3D8B8D5C040CDE4E4CEB4627624.d.B6BC8F18FAFD2C754502BAEB17C4CFE9.e.28764/click - {}
RESULT: {}
COMMAND: POST /session/76bbe7a963ba333ac6e3770165032c4a/element - {"using":"xpath","value":"//button[@aria-label=\"Add\"]"}
COMMAND: GET /session/76bbe7a963ba333ac6e3770165032c4a/screenshot - {}
RESULT: {"using":"xpath","value":"//button[@aria-label=\"Add\"]"}
COMMAND: POST /session/76bbe7a963ba333ac6e3770165032c4a/element/f.37B6A3D8B8D5C040CDE4E4CEB4627624.d.B6BC8F18FAFD2C754502BAEB17C4CFE9.e.28768/click - {}
RESULT: {}
RESULT: {}
COMMAND: GET /session/76bbe7a963ba333ac6e3770165032c4a/screenshot - {}
RESULT: {}
COMMAND: POST /session/76bbe7a963ba333ac6e3770165032c4a/execute/async - {"script":"<script> [1562 bytes]","args":[{"selector":{"id":"application-managehandovers-display-component---AddNewHO--smartFilterBar-btnBasicSearch","searchOpenDialogs":true,"interaction":{"idSuffix":"I"}},"wdio_ui5_key":"applicationmanagehandovers-display-component---AddNewHO--smartFilterBar-btnBasicSearch"}]}
RESULT: {"script":"<script> [1562 bytes]","args":[{"selector":{"id":"application-managehandovers-display-component---AddNewHO--smartFilterBar-btnBasicSearch","searchOpenDialogs":true,"interaction":{"idSuffix":"I"}},"wdio_ui5_key":"applicationmanagehandovers-display-component---AddNewHO--smartFilterBar-btnBasicSearch"}]}
RESULT: undefined
COMMAND: POST /session/76bbe7a963ba333ac6e3770165032c4a/execute/async - {"script":"<script> [776 bytes]","args":[{"enterText":"QcxgNOaLQB","selector":{"id":"application-managehandovers-display-component---AddNewHO--smartFilterBar-btnBasicSearch","searchOpenDialogs":true,"interaction":{"idSuffix":"I"}},"clearTextFirst":true,"interactionType":"ENTER_TEXT"}]}
RESULT: {"script":"<script> [776 bytes]","args":[{"enterText":"QcxgNOaLQB","selector":{"id":"application-managehandovers-display-component---AddNewHO--smartFilterBar-btnBasicSearch","searchOpenDialogs":true,"interaction":{"idSuffix":"I"}},"clearTextFirst":true,"interactionType":"ENTER_TEXT"}]}
COMMAND: POST /session/76bbe7a963ba333ac6e3770165032c4a/actions - {"actions":[{"id":"action93","type":"key","parameters":{},"actions":[{"type":"keyDown","value":"î€‡"},{"type":"pause","duration":10},{"type":"keyUp","value":"î€‡"}]}]}
RESULT: {"actions":[{"id":"action93","type":"key","parameters":{},"actions":[{"type":"keyDown","value":"î€‡"},{"type":"pause","duration":10},{"type":"keyUp","value":"î€‡"}]}]}
COMMAND: GET /session/76bbe7a963ba333ac6e3770165032c4a/screenshot - {}
RESULT: {}
COMMAND: POST /session/76bbe7a963ba333ac6e3770165032c4a/execute/async - {"script":"<script> [1562 bytes]","args":[{"selector":{"id":"application-managehandovers-display-component---AddNewHO--popup-sa","searchOpenDialogs":true,"interaction":{"idSuffix":"CbBg"}},"wdio_ui5_key":"applicationmanagehandovers-display-component---AddNewHO--popup-sa"}]}
RESULT: {"script":"<script> [1562 bytes]","args":[{"selector":{"id":"application-managehandovers-display-component---AddNewHO--popup-sa","searchOpenDialogs":true,"interaction":{"idSuffix":"CbBg"}},"wdio_ui5_key":"applicationmanagehandovers-display-component---AddNewHO--popup-sa"}]}
RESULT: undefined
COMMAND: POST /session/76bbe7a963ba333ac6e3770165032c4a/element - {"using":"xpath","value":"//*[@id=\"application-managehandovers-display-component---AddNewHO--popup-sa\"]"}
RESULT: {"using":"xpath","value":"//*[@id=\"application-managehandovers-display-component---AddNewHO--popup-sa\"]"}
COMMAND: POST /session/76bbe7a963ba333ac6e3770165032c4a/element/f.37B6A3D8B8D5C040CDE4E4CEB4627624.d.B6BC8F18FAFD2C754502BAEB17C4CFE9.e.28921/click - {}
RESULT: {}
COMMAND: GET /session/76bbe7a963ba333ac6e3770165032c4a/screenshot - {}
RESULT: {}
COMMAND: POST /session/76bbe7a963ba333ac6e3770165032c4a/element - {"using":"xpath","value":"//bdi[contains(text(), \"Select\")]"}
RESULT: {"using":"xpath","value":"//bdi[contains(text(), \"Select\")]"}
COMMAND: POST /session/76bbe7a963ba333ac6e3770165032c4a/element/f.37B6A3D8B8D5C040CDE4E4CEB4627624.d.B6BC8F18FAFD2C754502BAEB17C4CFE9.e.28922/click - {}
RESULT: {}
COMMAND: GET /session/76bbe7a963ba333ac6e3770165032c4a/screenshot - {}
RESULT: {}
COMMAND: POST /session/76bbe7a963ba333ac6e3770165032c4a/element - {"using":"xpath","value":"//button[@data-kt=\"AddNewHOSaveButton\"]"}
RESULT: {"using":"xpath","value":"//button[@data-kt=\"AddNewHOSaveButton\"]"}
COMMAND: POST /session/76bbe7a963ba333ac6e3770165032c4a/element/f.37B6A3D8B8D5C040CDE4E4CEB4627624.d.B6BC8F18FAFD2C754502BAEB17C4CFE9.e.28926/click - {}
RESULT: {}
COMMAND: GET /session/76bbe7a963ba333ac6e3770165032c4a/screenshot - {}
RESULT: {}
COMMAND: POST /session/76bbe7a963ba333ac6e3770165032c4a/execute/async - {"script":"<script> [1562 bytes]","args":[{"selector":{"id":"receiptDatePicker","viewName":"etm.portal.ui.managehandovers.view.DetailExecuteHO","interaction":{"idSuffix":"inner"}},"wdio_ui5_key":"receiptDatePickeretmportal.ui.managehandovers.view.DetailExecuteHO"}]}
RESULT: {"script":"<script> [1562 bytes]","args":[{"selector":{"id":"receiptDatePicker","viewName":"etm.portal.ui.managehandovers.view.DetailExecuteHO","interaction":{"idSuffix":"inner"}},"wdio_ui5_key":"receiptDatePickeretmportal.ui.managehandovers.view.DetailExecuteHO"}]}
RESULT: undefined
COMMAND: POST /session/76bbe7a963ba333ac6e3770165032c4a/execute/async - {"script":"<script> [6424 bytes]","args":[{"element-6066-11e4-a52e-4f735466cecf":"f.37B6A3D8B8D5C040CDE4E4CEB4627624.d.B6BC8F18FAFD2C754502BAEB17C4CFE9.e.28962"},"setValue",["5/20/25"]]}
RESULT: {"script":"<script> [6424 bytes]","args":[{"element-6066-11e4-a52e-4f735466cecf":"f.37B6A3D8B8D5C040CDE4E4CEB4627624.d.B6BC8F18FAFD2C754502BAEB17C4CFE9.e.28962"},"setValue",["5/20/25"]]}
COMMAND: POST /session/76bbe7a963ba333ac6e3770165032c4a/element - {"using":"xpath","value":"//button[@data-kt=\"PickingTableConfirmAllButton\"]"}
RESULT: {"using":"xpath","value":"//button[@data-kt=\"PickingTableConfirmAllButton\"]"}
COMMAND: POST /session/76bbe7a963ba333ac6e3770165032c4a/element/f.37B6A3D8B8D5C040CDE4E4CEB4627624.d.B6BC8F18FAFD2C754502BAEB17C4CFE9.e.28976/click - {}
RESULT: {}
COMMAND: GET /session/76bbe7a963ba333ac6e3770165032c4a/screenshot - {}
RESULT: {}
COMMAND: POST /session/76bbe7a963ba333ac6e3770165032c4a/element - {"using":"xpath","value":"//bdi[contains(text(), \"OK\")]"}
RESULT: {"using":"xpath","value":"//bdi[contains(text(), \"OK\")]"}
COMMAND: POST /session/76bbe7a963ba333ac6e3770165032c4a/element/f.37B6A3D8B8D5C040CDE4E4CEB4627624.d.B6BC8F18FAFD2C754502BAEB17C4CFE9.e.28979/click - {}
RESULT: {}
COMMAND: GET /session/76bbe7a963ba333ac6e3770165032c4a/screenshot - {}
RESULT: {}
COMMAND: POST /session/76bbe7a963ba333ac6e3770165032c4a/element - {"using":"xpath","value":"(//bdi[contains(text(), \"Receive\")])[2]"}
RESULT: {"using":"xpath","value":"(//bdi[contains(text(), \"Receive\")])[2]"}
COMMAND: POST /session/76bbe7a963ba333ac6e3770165032c4a/element/f.37B6A3D8B8D5C040CDE4E4CEB4627624.d.B6BC8F18FAFD2C754502BAEB17C4CFE9.e.28980/click - {}
RESULT: {}
COMMAND: GET /session/76bbe7a963ba333ac6e3770165032c4a/screenshot - {}
RESULT: {}
COMMAND: POST /session/76bbe7a963ba333ac6e3770165032c4a/element - {"using":"css selector","value":"#shell-header-logo"}
RESULT: {"using":"css selector","value":"#shell-header-logo"}
COMMAND: POST /session/76bbe7a963ba333ac6e3770165032c4a/element/f.37B6A3D8B8D5C040CDE4E4CEB4627624.d.B6BC8F18FAFD2C754502BAEB17C4CFE9.e.28336/click - {}
RESULT: {}
COMMAND: GET /session/76bbe7a963ba333ac6e3770165032c4a/screenshot - {}
RESULT: {}
]]></system-out>
    </testcase>
    <testcase classname="chrome.136_0_7103_93.windows.Transfer_Yard_to_Yard_US131076" name="Should do a stock increase handover for equipment multipart" time="79.072">
      <system-out><![CDATA[
RESULT: undefined
COMMAND: POST /session/76bbe7a963ba333ac6e3770165032c4a/element - {"using":"xpath","value":"//*[@id=\"__tile132\"]"}
RESULT: {"using":"xpath","value":"//*[@id=\"__tile132\"]"}
COMMAND: POST /session/76bbe7a963ba333ac6e3770165032c4a/element/f.37B6A3D8B8D5C040CDE4E4CEB4627624.d.B6BC8F18FAFD2C754502BAEB17C4CFE9.e.26303/click - {}
RESULT: {}
COMMAND: GET /session/76bbe7a963ba333ac6e3770165032c4a/screenshot - {}
RESULT: {}
COMMAND: POST /session/76bbe7a963ba333ac6e3770165032c4a/elements - {"using":"xpath","value":"//span[text()='Error']"}
RESULT: {"using":"xpath","value":"//span[text()='Error']"}
COMMAND: POST /session/76bbe7a963ba333ac6e3770165032c4a/element - {"using":"xpath","value":"//button[@data-kt=\"masterHOAddButton\"]"}
RESULT: {"using":"xpath","value":"//button[@data-kt=\"masterHOAddButton\"]"}
COMMAND: POST /session/76bbe7a963ba333ac6e3770165032c4a/elements - {"using":"xpath","value":"//button[@data-kt=\"masterHOAddButton\"]"}
RESULT: {"using":"xpath","value":"//button[@data-kt=\"masterHOAddButton\"]"}
COMMAND: POST /session/76bbe7a963ba333ac6e3770165032c4a/execute/sync - {"script":"<script> [8489 bytes]","args":[{"element-6066-11e4-a52e-4f735466cecf":"f.37B6A3D8B8D5C040CDE4E4CEB4627624.d.B6BC8F18FAFD2C754502BAEB17C4CFE9.e.29313","ELEMENT":"f.37B6A3D8B8D5C040CDE4E4CEB4627624.d.B6BC8F18FAFD2C754502BAEB17C4CFE9.e.29313"}]}
RESULT: {"script":"<script> [8489 bytes]","args":[{"element-6066-11e4-a52e-4f735466cecf":"f.37B6A3D8B8D5C040CDE4E4CEB4627624.d.B6BC8F18FAFD2C754502BAEB17C4CFE9.e.29313","ELEMENT":"f.37B6A3D8B8D5C040CDE4E4CEB4627624.d.B6BC8F18FAFD2C754502BAEB17C4CFE9.e.29313"}]}
COMMAND: GET /session/76bbe7a963ba333ac6e3770165032c4a/element/f.37B6A3D8B8D5C040CDE4E4CEB4627624.d.B6BC8F18FAFD2C754502BAEB17C4CFE9.e.29313/enabled - {}
COMMAND: GET /session/76bbe7a963ba333ac6e3770165032c4a/screenshot - {}
RESULT: {}
COMMAND: POST /session/76bbe7a963ba333ac6e3770165032c4a/execute/sync - {"script":"<script> [8489 bytes]","args":[{"element-6066-11e4-a52e-4f735466cecf":"f.37B6A3D8B8D5C040CDE4E4CEB4627624.d.B6BC8F18FAFD2C754502BAEB17C4CFE9.e.29313","ELEMENT":"f.37B6A3D8B8D5C040CDE4E4CEB4627624.d.B6BC8F18FAFD2C754502BAEB17C4CFE9.e.29313"}]}
COMMAND: GET /session/76bbe7a963ba333ac6e3770165032c4a/screenshot - {}
RESULT: {}
RESULT: {"script":"<script> [8489 bytes]","args":[{"element-6066-11e4-a52e-4f735466cecf":"f.37B6A3D8B8D5C040CDE4E4CEB4627624.d.B6BC8F18FAFD2C754502BAEB17C4CFE9.e.29313","ELEMENT":"f.37B6A3D8B8D5C040CDE4E4CEB4627624.d.B6BC8F18FAFD2C754502BAEB17C4CFE9.e.29313"}]}
COMMAND: POST /session/76bbe7a963ba333ac6e3770165032c4a/execute/sync - {"script":"<script> [5351 bytes]","args":[{"element-6066-11e4-a52e-4f735466cecf":"f.37B6A3D8B8D5C040CDE4E4CEB4627624.d.B6BC8F18FAFD2C754502BAEB17C4CFE9.e.29313","ELEMENT":"f.37B6A3D8B8D5C040CDE4E4CEB4627624.d.B6BC8F18FAFD2C754502BAEB17C4CFE9.e.29313"}]}
COMMAND: GET /session/76bbe7a963ba333ac6e3770165032c4a/screenshot - {}
RESULT: {}
RESULT: {"script":"<script> [5351 bytes]","args":[{"element-6066-11e4-a52e-4f735466cecf":"f.37B6A3D8B8D5C040CDE4E4CEB4627624.d.B6BC8F18FAFD2C754502BAEB17C4CFE9.e.29313","ELEMENT":"f.37B6A3D8B8D5C040CDE4E4CEB4627624.d.B6BC8F18FAFD2C754502BAEB17C4CFE9.e.29313"}]}
COMMAND: POST /session/76bbe7a963ba333ac6e3770165032c4a/element/f.37B6A3D8B8D5C040CDE4E4CEB4627624.d.B6BC8F18FAFD2C754502BAEB17C4CFE9.e.29313/click - {}
COMMAND: GET /session/76bbe7a963ba333ac6e3770165032c4a/screenshot - {}
RESULT: {}
RESULT: {}
COMMAND: GET /session/76bbe7a963ba333ac6e3770165032c4a/screenshot - {}
RESULT: {}
RESULT: {}
COMMAND: POST /session/76bbe7a963ba333ac6e3770165032c4a/element - {"using":"xpath","value":"//span[contains(@id ,\"AddNewHO--typeSelect-arrow\")]"}
RESULT: {"using":"xpath","value":"//span[contains(@id ,\"AddNewHO--typeSelect-arrow\")]"}
COMMAND: POST /session/76bbe7a963ba333ac6e3770165032c4a/element/f.37B6A3D8B8D5C040CDE4E4CEB4627624.d.B6BC8F18FAFD2C754502BAEB17C4CFE9.e.29724/click - {}
RESULT: {}
COMMAND: GET /session/76bbe7a963ba333ac6e3770165032c4a/screenshot - {}
RESULT: {}
COMMAND: POST /session/76bbe7a963ba333ac6e3770165032c4a/element - {"using":"xpath","value":"(//li[contains(text(), \"stock increase yard\")])[1]"}
RESULT: {"using":"xpath","value":"(//li[contains(text(), \"stock increase yard\")])[1]"}
COMMAND: POST /session/76bbe7a963ba333ac6e3770165032c4a/element/f.37B6A3D8B8D5C040CDE4E4CEB4627624.d.B6BC8F18FAFD2C754502BAEB17C4CFE9.e.29725/click - {}
RESULT: {}
COMMAND: GET /session/76bbe7a963ba333ac6e3770165032c4a/screenshot - {}
RESULT: {}
RESULT: undefined
COMMAND: POST /session/76bbe7a963ba333ac6e3770165032c4a/execute/async - {"script":"<script> [6424 bytes]","args":[{"element-6066-11e4-a52e-4f735466cecf":"f.37B6A3D8B8D5C040CDE4E4CEB4627624.d.B6BC8F18FAFD2C754502BAEB17C4CFE9.e.28740"},"setValue",["5/20/25"]]}
COMMAND: POST /session/76bbe7a963ba333ac6e3770165032c4a/execute/async - {"script":"<script> [1562 bytes]","args":[{"selector":{"id":"application-managehandovers-display-component---AddNewHO--dueDate","interaction":{"idSuffix":"inner"}},"wdio_ui5_key":"applicationmanagehandovers-display-component---AddNewHO--dueDate"}]}
RESULT: {"script":"<script> [1562 bytes]","args":[{"selector":{"id":"application-managehandovers-display-component---AddNewHO--dueDate","interaction":{"idSuffix":"inner"}},"wdio_ui5_key":"applicationmanagehandovers-display-component---AddNewHO--dueDate"}]}
COMMAND: POST /session/76bbe7a963ba333ac6e3770165032c4a/execute/async - {"script":"<script> [6424 bytes]","args":[{"element-6066-11e4-a52e-4f735466cecf":"f.37B6A3D8B8D5C040CDE4E4CEB4627624.d.B6BC8F18FAFD2C754502BAEB17C4CFE9.e.29727"},"setValue",["5/20/25"]]}
RESULT: {"script":"<script> [6424 bytes]","args":[{"element-6066-11e4-a52e-4f735466cecf":"f.37B6A3D8B8D5C040CDE4E4CEB4627624.d.B6BC8F18FAFD2C754502BAEB17C4CFE9.e.29727"},"setValue",["5/20/25"]]}
COMMAND: POST /session/76bbe7a963ba333ac6e3770165032c4a/element - {"using":"xpath","value":"//input[@id=\"generalSectionFrg--receiveYard-inner\"]"}
RESULT: {"using":"xpath","value":"//input[@id=\"generalSectionFrg--receiveYard-inner\"]"}
COMMAND: POST /session/76bbe7a963ba333ac6e3770165032c4a/element/f.37B6A3D8B8D5C040CDE4E4CEB4627624.d.B6BC8F18FAFD2C754502BAEB17C4CFE9.e.29731/clear - {}
RESULT: {}
COMMAND: POST /session/76bbe7a963ba333ac6e3770165032c4a/element/f.37B6A3D8B8D5C040CDE4E4CEB4627624.d.B6BC8F18FAFD2C754502BAEB17C4CFE9.e.29731/value - {"text":"577"}
COMMAND: GET /session/76bbe7a963ba333ac6e3770165032c4a/screenshot - {}
RESULT: {"text":"577"}
COMMAND: GET /session/76bbe7a963ba333ac6e3770165032c4a/screenshot - {}
RESULT: {}
RESULT: {}
COMMAND: POST /session/76bbe7a963ba333ac6e3770165032c4a/element - {"using":"xpath","value":"//li[.//span[text()='577']]"}
RESULT: {"using":"xpath","value":"//li[.//span[text()='577']]"}
COMMAND: POST /session/76bbe7a963ba333ac6e3770165032c4a/element/f.37B6A3D8B8D5C040CDE4E4CEB4627624.d.B6BC8F18FAFD2C754502BAEB17C4CFE9.e.29748/click - {}
RESULT: {}
COMMAND: GET /session/76bbe7a963ba333ac6e3770165032c4a/screenshot - {}
RESULT: {}
RESULT: undefined
COMMAND: POST /session/76bbe7a963ba333ac6e3770165032c4a/element - {"using":"xpath","value":"//*[@id=\"application-managehandovers-display-component---AddNewHO--ObjectPageLayout-anchBar-application-managehandovers-display-component---AddNewHO--section4-anchor\"]"}
RESULT: {"using":"xpath","value":"//*[@id=\"application-managehandovers-display-component---AddNewHO--ObjectPageLayout-anchBar-application-managehandovers-display-component---AddNewHO--section4-anchor\"]"}
COMMAND: POST /session/76bbe7a963ba333ac6e3770165032c4a/element/f.37B6A3D8B8D5C040CDE4E4CEB4627624.d.B6BC8F18FAFD2C754502BAEB17C4CFE9.e.29749/click - {}
RESULT: {}
COMMAND: POST /session/76bbe7a963ba333ac6e3770165032c4a/element - {"using":"xpath","value":"//button[@aria-label=\"Add\"]"}
COMMAND: GET /session/76bbe7a963ba333ac6e3770165032c4a/screenshot - {}
RESULT: {"using":"xpath","value":"//button[@aria-label=\"Add\"]"}
COMMAND: POST /session/76bbe7a963ba333ac6e3770165032c4a/element/f.37B6A3D8B8D5C040CDE4E4CEB4627624.d.B6BC8F18FAFD2C754502BAEB17C4CFE9.e.29751/click - {}
RESULT: {}
RESULT: {}
COMMAND: GET /session/76bbe7a963ba333ac6e3770165032c4a/screenshot - {}
RESULT: {}
RESULT: undefined
COMMAND: POST /session/76bbe7a963ba333ac6e3770165032c4a/execute/async - {"script":"<script> [776 bytes]","args":[{"enterText":"400047","selector":{"id":"application-managehandovers-display-component---AddNewHO--smartFilterBar-btnBasicSearch","searchOpenDialogs":true,"interaction":{"idSuffix":"I"}},"clearTextFirst":true,"interactionType":"ENTER_TEXT"}]}
RESULT: {"script":"<script> [776 bytes]","args":[{"enterText":"400047","selector":{"id":"application-managehandovers-display-component---AddNewHO--smartFilterBar-btnBasicSearch","searchOpenDialogs":true,"interaction":{"idSuffix":"I"}},"clearTextFirst":true,"interactionType":"ENTER_TEXT"}]}
COMMAND: POST /session/76bbe7a963ba333ac6e3770165032c4a/actions - {"actions":[{"id":"action94","type":"key","parameters":{},"actions":[{"type":"keyDown","value":"î€‡"},{"type":"pause","duration":10},{"type":"keyUp","value":"î€‡"}]}]}
RESULT: {"actions":[{"id":"action94","type":"key","parameters":{},"actions":[{"type":"keyDown","value":"î€‡"},{"type":"pause","duration":10},{"type":"keyUp","value":"î€‡"}]}]}
COMMAND: GET /session/76bbe7a963ba333ac6e3770165032c4a/screenshot - {}
RESULT: {}
RESULT: undefined
COMMAND: POST /session/76bbe7a963ba333ac6e3770165032c4a/element - {"using":"xpath","value":"//*[@id=\"application-managehandovers-display-component---AddNewHO--popup-sa\"]"}
RESULT: {"using":"xpath","value":"//*[@id=\"application-managehandovers-display-component---AddNewHO--popup-sa\"]"}
COMMAND: POST /session/76bbe7a963ba333ac6e3770165032c4a/element/f.37B6A3D8B8D5C040CDE4E4CEB4627624.d.B6BC8F18FAFD2C754502BAEB17C4CFE9.e.29903/click - {}
RESULT: {}
COMMAND: GET /session/76bbe7a963ba333ac6e3770165032c4a/screenshot - {}
RESULT: {}
COMMAND: POST /session/76bbe7a963ba333ac6e3770165032c4a/element - {"using":"xpath","value":"//bdi[contains(text(), \"Select\")]"}
RESULT: {"using":"xpath","value":"//bdi[contains(text(), \"Select\")]"}
COMMAND: POST /session/76bbe7a963ba333ac6e3770165032c4a/element/f.37B6A3D8B8D5C040CDE4E4CEB4627624.d.B6BC8F18FAFD2C754502BAEB17C4CFE9.e.29904/click - {}
RESULT: {}
COMMAND: GET /session/76bbe7a963ba333ac6e3770165032c4a/screenshot - {}
RESULT: {}
COMMAND: POST /session/76bbe7a963ba333ac6e3770165032c4a/element - {"using":"xpath","value":"//button[@data-kt=\"AddNewHOSaveButton\"]"}
RESULT: {"using":"xpath","value":"//button[@data-kt=\"AddNewHOSaveButton\"]"}
COMMAND: POST /session/76bbe7a963ba333ac6e3770165032c4a/element/f.37B6A3D8B8D5C040CDE4E4CEB4627624.d.B6BC8F18FAFD2C754502BAEB17C4CFE9.e.29908/click - {}
RESULT: {}
COMMAND: GET /session/76bbe7a963ba333ac6e3770165032c4a/screenshot - {}
RESULT: {}
RESULT: undefined
COMMAND: POST /session/76bbe7a963ba333ac6e3770165032c4a/execute/async - {"script":"<script> [6424 bytes]","args":[{"element-6066-11e4-a52e-4f735466cecf":"f.37B6A3D8B8D5C040CDE4E4CEB4627624.d.B6BC8F18FAFD2C754502BAEB17C4CFE9.e.28962"},"setValue",["5/20/25"]]}
COMMAND: POST /session/76bbe7a963ba333ac6e3770165032c4a/execute/async - {"script":"<script> [1562 bytes]","args":[{"selector":{"id":"receiptDatePicker","viewName":"etm.portal.ui.managehandovers.view.DetailExecuteHO","interaction":{"idSuffix":"inner"}},"wdio_ui5_key":"receiptDatePickeretmportal.ui.managehandovers.view.DetailExecuteHO"}]}
RESULT: {"script":"<script> [1562 bytes]","args":[{"selector":{"id":"receiptDatePicker","viewName":"etm.portal.ui.managehandovers.view.DetailExecuteHO","interaction":{"idSuffix":"inner"}},"wdio_ui5_key":"receiptDatePickeretmportal.ui.managehandovers.view.DetailExecuteHO"}]}
COMMAND: POST /session/76bbe7a963ba333ac6e3770165032c4a/execute/async - {"script":"<script> [6424 bytes]","args":[{"element-6066-11e4-a52e-4f735466cecf":"f.37B6A3D8B8D5C040CDE4E4CEB4627624.d.B6BC8F18FAFD2C754502BAEB17C4CFE9.e.29920"},"setValue",["5/20/25"]]}
RESULT: {"script":"<script> [6424 bytes]","args":[{"element-6066-11e4-a52e-4f735466cecf":"f.37B6A3D8B8D5C040CDE4E4CEB4627624.d.B6BC8F18FAFD2C754502BAEB17C4CFE9.e.29920"},"setValue",["5/20/25"]]}
COMMAND: POST /session/76bbe7a963ba333ac6e3770165032c4a/element - {"using":"xpath","value":"//button[@data-kt=\"PickingTableConfirmAllButton\"]"}
RESULT: {"using":"xpath","value":"//button[@data-kt=\"PickingTableConfirmAllButton\"]"}
COMMAND: POST /session/76bbe7a963ba333ac6e3770165032c4a/element/f.37B6A3D8B8D5C040CDE4E4CEB4627624.d.B6BC8F18FAFD2C754502BAEB17C4CFE9.e.29942/click - {}
RESULT: {}
COMMAND: GET /session/76bbe7a963ba333ac6e3770165032c4a/screenshot - {}
RESULT: {}
COMMAND: POST /session/76bbe7a963ba333ac6e3770165032c4a/element - {"using":"xpath","value":"//bdi[contains(text(), \"OK\")]"}
RESULT: {"using":"xpath","value":"//bdi[contains(text(), \"OK\")]"}
COMMAND: POST /session/76bbe7a963ba333ac6e3770165032c4a/element/f.37B6A3D8B8D5C040CDE4E4CEB4627624.d.B6BC8F18FAFD2C754502BAEB17C4CFE9.e.29944/click - {}
RESULT: {}
COMMAND: GET /session/76bbe7a963ba333ac6e3770165032c4a/screenshot - {}
RESULT: {}
COMMAND: POST /session/76bbe7a963ba333ac6e3770165032c4a/element - {"using":"xpath","value":"(//bdi[contains(text(), \"Receive\")])[2]"}
RESULT: {"using":"xpath","value":"(//bdi[contains(text(), \"Receive\")])[2]"}
COMMAND: POST /session/76bbe7a963ba333ac6e3770165032c4a/element/f.37B6A3D8B8D5C040CDE4E4CEB4627624.d.B6BC8F18FAFD2C754502BAEB17C4CFE9.e.29946/click - {}
RESULT: {}
COMMAND: GET /session/76bbe7a963ba333ac6e3770165032c4a/screenshot - {}
RESULT: {}
COMMAND: POST /session/76bbe7a963ba333ac6e3770165032c4a/element - {"using":"css selector","value":"#shell-header-logo"}
RESULT: {"using":"css selector","value":"#shell-header-logo"}
COMMAND: POST /session/76bbe7a963ba333ac6e3770165032c4a/element/f.37B6A3D8B8D5C040CDE4E4CEB4627624.d.B6BC8F18FAFD2C754502BAEB17C4CFE9.e.29262/click - {}
RESULT: {}
COMMAND: GET /session/76bbe7a963ba333ac6e3770165032c4a/screenshot - {}
RESULT: {}
]]></system-out>
    </testcase>
    <testcase classname="chrome.136_0_7103_93.windows.Transfer_Yard_to_Yard_US131076" name="Should create a yard to yard transfer handover" time="111.989">
      <system-out><![CDATA[
RESULT: undefined
COMMAND: POST /session/76bbe7a963ba333ac6e3770165032c4a/element - {"using":"xpath","value":"//*[@id=\"__tile132\"]"}
RESULT: {"using":"xpath","value":"//*[@id=\"__tile132\"]"}
COMMAND: POST /session/76bbe7a963ba333ac6e3770165032c4a/element/f.37B6A3D8B8D5C040CDE4E4CEB4627624.d.B6BC8F18FAFD2C754502BAEB17C4CFE9.e.26303/click - {}
RESULT: {}
COMMAND: GET /session/76bbe7a963ba333ac6e3770165032c4a/screenshot - {}
RESULT: {}
COMMAND: POST /session/76bbe7a963ba333ac6e3770165032c4a/elements - {"using":"xpath","value":"//span[text()='Error']"}
RESULT: {"using":"xpath","value":"//span[text()='Error']"}
COMMAND: POST /session/76bbe7a963ba333ac6e3770165032c4a/element - {"using":"xpath","value":"//button[@data-kt=\"masterHOAddButton\"]"}
RESULT: {"using":"xpath","value":"//button[@data-kt=\"masterHOAddButton\"]"}
COMMAND: POST /session/76bbe7a963ba333ac6e3770165032c4a/elements - {"using":"xpath","value":"//button[@data-kt=\"masterHOAddButton\"]"}
RESULT: {"using":"xpath","value":"//button[@data-kt=\"masterHOAddButton\"]"}
COMMAND: POST /session/76bbe7a963ba333ac6e3770165032c4a/execute/sync - {"script":"<script> [8489 bytes]","args":[{"element-6066-11e4-a52e-4f735466cecf":"f.37B6A3D8B8D5C040CDE4E4CEB4627624.d.B6BC8F18FAFD2C754502BAEB17C4CFE9.e.30143","ELEMENT":"f.37B6A3D8B8D5C040CDE4E4CEB4627624.d.B6BC8F18FAFD2C754502BAEB17C4CFE9.e.30143"}]}
RESULT: {"script":"<script> [8489 bytes]","args":[{"element-6066-11e4-a52e-4f735466cecf":"f.37B6A3D8B8D5C040CDE4E4CEB4627624.d.B6BC8F18FAFD2C754502BAEB17C4CFE9.e.30143","ELEMENT":"f.37B6A3D8B8D5C040CDE4E4CEB4627624.d.B6BC8F18FAFD2C754502BAEB17C4CFE9.e.30143"}]}
COMMAND: GET /session/76bbe7a963ba333ac6e3770165032c4a/element/f.37B6A3D8B8D5C040CDE4E4CEB4627624.d.B6BC8F18FAFD2C754502BAEB17C4CFE9.e.30143/enabled - {}
COMMAND: GET /session/76bbe7a963ba333ac6e3770165032c4a/screenshot - {}
RESULT: {}
COMMAND: POST /session/76bbe7a963ba333ac6e3770165032c4a/execute/sync - {"script":"<script> [8489 bytes]","args":[{"element-6066-11e4-a52e-4f735466cecf":"f.37B6A3D8B8D5C040CDE4E4CEB4627624.d.B6BC8F18FAFD2C754502BAEB17C4CFE9.e.30143","ELEMENT":"f.37B6A3D8B8D5C040CDE4E4CEB4627624.d.B6BC8F18FAFD2C754502BAEB17C4CFE9.e.30143"}]}
COMMAND: GET /session/76bbe7a963ba333ac6e3770165032c4a/screenshot - {}
RESULT: {}
RESULT: {"script":"<script> [8489 bytes]","args":[{"element-6066-11e4-a52e-4f735466cecf":"f.37B6A3D8B8D5C040CDE4E4CEB4627624.d.B6BC8F18FAFD2C754502BAEB17C4CFE9.e.30143","ELEMENT":"f.37B6A3D8B8D5C040CDE4E4CEB4627624.d.B6BC8F18FAFD2C754502BAEB17C4CFE9.e.30143"}]}
COMMAND: POST /session/76bbe7a963ba333ac6e3770165032c4a/execute/sync - {"script":"<script> [5351 bytes]","args":[{"element-6066-11e4-a52e-4f735466cecf":"f.37B6A3D8B8D5C040CDE4E4CEB4627624.d.B6BC8F18FAFD2C754502BAEB17C4CFE9.e.30143","ELEMENT":"f.37B6A3D8B8D5C040CDE4E4CEB4627624.d.B6BC8F18FAFD2C754502BAEB17C4CFE9.e.30143"}]}
COMMAND: GET /session/76bbe7a963ba333ac6e3770165032c4a/screenshot - {}
RESULT: {}
RESULT: {"script":"<script> [5351 bytes]","args":[{"element-6066-11e4-a52e-4f735466cecf":"f.37B6A3D8B8D5C040CDE4E4CEB4627624.d.B6BC8F18FAFD2C754502BAEB17C4CFE9.e.30143","ELEMENT":"f.37B6A3D8B8D5C040CDE4E4CEB4627624.d.B6BC8F18FAFD2C754502BAEB17C4CFE9.e.30143"}]}
COMMAND: POST /session/76bbe7a963ba333ac6e3770165032c4a/element/f.37B6A3D8B8D5C040CDE4E4CEB4627624.d.B6BC8F18FAFD2C754502BAEB17C4CFE9.e.30143/click - {}
COMMAND: GET /session/76bbe7a963ba333ac6e3770165032c4a/screenshot - {}
RESULT: {}
RESULT: {}
COMMAND: GET /session/76bbe7a963ba333ac6e3770165032c4a/screenshot - {}
RESULT: {}
RESULT: {}
COMMAND: POST /session/76bbe7a963ba333ac6e3770165032c4a/element - {"using":"xpath","value":"//span[contains(@id ,\"AddNewHO--typeSelect-arrow\")]"}
RESULT: {"using":"xpath","value":"//span[contains(@id ,\"AddNewHO--typeSelect-arrow\")]"}
COMMAND: POST /session/76bbe7a963ba333ac6e3770165032c4a/element/f.37B6A3D8B8D5C040CDE4E4CEB4627624.d.B6BC8F18FAFD2C754502BAEB17C4CFE9.e.30569/click - {}
RESULT: {}
COMMAND: GET /session/76bbe7a963ba333ac6e3770165032c4a/screenshot - {}
RESULT: {}
COMMAND: POST /session/76bbe7a963ba333ac6e3770165032c4a/element - {"using":"xpath","value":"(//li[contains(text(), \"transfer\")])[1]"}
RESULT: {"using":"xpath","value":"(//li[contains(text(), \"transfer\")])[1]"}
COMMAND: POST /session/76bbe7a963ba333ac6e3770165032c4a/element/f.37B6A3D8B8D5C040CDE4E4CEB4627624.d.B6BC8F18FAFD2C754502BAEB17C4CFE9.e.30570/click - {}
RESULT: {}
COMMAND: GET /session/76bbe7a963ba333ac6e3770165032c4a/screenshot - {}
RESULT: {}
RESULT: undefined
COMMAND: POST /session/76bbe7a963ba333ac6e3770165032c4a/execute/async - {"script":"<script> [6424 bytes]","args":[{"element-6066-11e4-a52e-4f735466cecf":"f.37B6A3D8B8D5C040CDE4E4CEB4627624.d.B6BC8F18FAFD2C754502BAEB17C4CFE9.e.28740"},"setValue",["05/20/25"]]}
COMMAND: POST /session/76bbe7a963ba333ac6e3770165032c4a/execute/async - {"script":"<script> [1562 bytes]","args":[{"selector":{"id":"application-managehandovers-display-component---AddNewHO--dueDate","interaction":{"idSuffix":"inner"}},"wdio_ui5_key":"applicationmanagehandovers-display-component---AddNewHO--dueDate"}]}
RESULT: {"script":"<script> [1562 bytes]","args":[{"selector":{"id":"application-managehandovers-display-component---AddNewHO--dueDate","interaction":{"idSuffix":"inner"}},"wdio_ui5_key":"applicationmanagehandovers-display-component---AddNewHO--dueDate"}]}
COMMAND: POST /session/76bbe7a963ba333ac6e3770165032c4a/execute/async - {"script":"<script> [6424 bytes]","args":[{"element-6066-11e4-a52e-4f735466cecf":"f.37B6A3D8B8D5C040CDE4E4CEB4627624.d.B6BC8F18FAFD2C754502BAEB17C4CFE9.e.30572"},"setValue",["05/20/25"]]}
RESULT: {"script":"<script> [6424 bytes]","args":[{"element-6066-11e4-a52e-4f735466cecf":"f.37B6A3D8B8D5C040CDE4E4CEB4627624.d.B6BC8F18FAFD2C754502BAEB17C4CFE9.e.30572"},"setValue",["05/20/25"]]}
COMMAND: POST /session/76bbe7a963ba333ac6e3770165032c4a/element - {"using":"xpath","value":"//input[@id=\"generalSectionFrg--sendYard-inner\"]"}
RESULT: {"using":"xpath","value":"//input[@id=\"generalSectionFrg--sendYard-inner\"]"}
COMMAND: POST /session/76bbe7a963ba333ac6e3770165032c4a/element/f.37B6A3D8B8D5C040CDE4E4CEB4627624.d.B6BC8F18FAFD2C754502BAEB17C4CFE9.e.30576/clear - {}
RESULT: {}
COMMAND: POST /session/76bbe7a963ba333ac6e3770165032c4a/element/f.37B6A3D8B8D5C040CDE4E4CEB4627624.d.B6BC8F18FAFD2C754502BAEB17C4CFE9.e.30576/value - {"text":"577"}
COMMAND: GET /session/76bbe7a963ba333ac6e3770165032c4a/screenshot - {}
RESULT: {"text":"577"}
COMMAND: GET /session/76bbe7a963ba333ac6e3770165032c4a/screenshot - {}
RESULT: {}
RESULT: {}
COMMAND: POST /session/76bbe7a963ba333ac6e3770165032c4a/element - {"using":"xpath","value":"//li[.//span[text()='577']]"}
RESULT: {"using":"xpath","value":"//li[.//span[text()='577']]"}
COMMAND: POST /session/76bbe7a963ba333ac6e3770165032c4a/element/f.37B6A3D8B8D5C040CDE4E4CEB4627624.d.B6BC8F18FAFD2C754502BAEB17C4CFE9.e.30595/click - {}
RESULT: {}
COMMAND: GET /session/76bbe7a963ba333ac6e3770165032c4a/screenshot - {}
RESULT: {}
COMMAND: POST /session/76bbe7a963ba333ac6e3770165032c4a/element - {"using":"xpath","value":"//input[@id=\"generalSectionFrg--receiveYard-inner\"]"}
RESULT: {"using":"xpath","value":"//input[@id=\"generalSectionFrg--receiveYard-inner\"]"}
COMMAND: POST /session/76bbe7a963ba333ac6e3770165032c4a/element/f.37B6A3D8B8D5C040CDE4E4CEB4627624.d.B6BC8F18FAFD2C754502BAEB17C4CFE9.e.30577/clear - {}
RESULT: {}
COMMAND: POST /session/76bbe7a963ba333ac6e3770165032c4a/element/f.37B6A3D8B8D5C040CDE4E4CEB4627624.d.B6BC8F18FAFD2C754502BAEB17C4CFE9.e.30577/value - {"text":"578"}
COMMAND: GET /session/76bbe7a963ba333ac6e3770165032c4a/screenshot - {}
RESULT: {"text":"578"}
COMMAND: GET /session/76bbe7a963ba333ac6e3770165032c4a/screenshot - {}
RESULT: {}
RESULT: {}
COMMAND: POST /session/76bbe7a963ba333ac6e3770165032c4a/element - {"using":"xpath","value":"//li[.//span[text()='578']]"}
RESULT: {"using":"xpath","value":"//li[.//span[text()='578']]"}
COMMAND: POST /session/76bbe7a963ba333ac6e3770165032c4a/element/f.37B6A3D8B8D5C040CDE4E4CEB4627624.d.B6BC8F18FAFD2C754502BAEB17C4CFE9.e.30597/click - {}
RESULT: {}
COMMAND: GET /session/76bbe7a963ba333ac6e3770165032c4a/screenshot - {}
RESULT: {}
RESULT: undefined
COMMAND: POST /session/76bbe7a963ba333ac6e3770165032c4a/element - {"using":"xpath","value":"//*[@id=\"application-managehandovers-display-component---AddNewHO--ObjectPageLayout-anchBar-application-managehandovers-display-component---AddNewHO--section4-anchor\"]"}
RESULT: {"using":"xpath","value":"//*[@id=\"application-managehandovers-display-component---AddNewHO--ObjectPageLayout-anchBar-application-managehandovers-display-component---AddNewHO--section4-anchor\"]"}
COMMAND: POST /session/76bbe7a963ba333ac6e3770165032c4a/element/f.37B6A3D8B8D5C040CDE4E4CEB4627624.d.B6BC8F18FAFD2C754502BAEB17C4CFE9.e.30598/click - {}
RESULT: {}
COMMAND: GET /session/76bbe7a963ba333ac6e3770165032c4a/screenshot - {}
RESULT: {}
COMMAND: POST /session/76bbe7a963ba333ac6e3770165032c4a/element - {"using":"xpath","value":"//button[@data-kt=\"AddNewHOProvideAddItemsButton\"]"}
RESULT: {"using":"xpath","value":"//button[@data-kt=\"AddNewHOProvideAddItemsButton\"]"}
COMMAND: POST /session/76bbe7a963ba333ac6e3770165032c4a/element/f.37B6A3D8B8D5C040CDE4E4CEB4627624.d.B6BC8F18FAFD2C754502BAEB17C4CFE9.e.30601/click - {}
RESULT: {}
COMMAND: GET /session/76bbe7a963ba333ac6e3770165032c4a/screenshot - {}
RESULT: {}
COMMAND: POST /session/76bbe7a963ba333ac6e3770165032c4a/element - {"using":"xpath","value":"//div[contains(@id,\"AddNewHO--TransferHOTypesRuDialogTable-sa-CbBg\")]"}
RESULT: {"using":"xpath","value":"//div[contains(@id,\"AddNewHO--TransferHOTypesRuDialogTable-sa-CbBg\")]"}
COMMAND: POST /session/76bbe7a963ba333ac6e3770165032c4a/element/f.37B6A3D8B8D5C040CDE4E4CEB4627624.d.B6BC8F18FAFD2C754502BAEB17C4CFE9.e.30624/click - {}
RESULT: {}
COMMAND: GET /session/76bbe7a963ba333ac6e3770165032c4a/screenshot - {}
RESULT: {}
COMMAND: POST /session/76bbe7a963ba333ac6e3770165032c4a/element - {"using":"xpath","value":"//table[contains(@id,\"AddNewHO--TransferHOTypesRuDialogTable-listUl\")]/tbody/tr[1]/td[6]/div/div/input"}
RESULT: {"using":"xpath","value":"//table[contains(@id,\"AddNewHO--TransferHOTypesRuDialogTable-listUl\")]/tbody/tr[1]/td[6]/div/div/input"}
COMMAND: POST /session/76bbe7a963ba333ac6e3770165032c4a/element/f.37B6A3D8B8D5C040CDE4E4CEB4627624.d.B6BC8F18FAFD2C754502BAEB17C4CFE9.e.30621/clear - {}
RESULT: {}
COMMAND: POST /session/76bbe7a963ba333ac6e3770165032c4a/element/f.37B6A3D8B8D5C040CDE4E4CEB4627624.d.B6BC8F18FAFD2C754502BAEB17C4CFE9.e.30621/value - {"text":"1"}
COMMAND: GET /session/76bbe7a963ba333ac6e3770165032c4a/screenshot - {}
RESULT: {"text":"1"}
COMMAND: GET /session/76bbe7a963ba333ac6e3770165032c4a/screenshot - {}
RESULT: {}
RESULT: {}
COMMAND: POST /session/76bbe7a963ba333ac6e3770165032c4a/element - {"using":"xpath","value":"//bdi[contains(text(), \"OK\")]"}
RESULT: {"using":"xpath","value":"//bdi[contains(text(), \"OK\")]"}
COMMAND: POST /session/76bbe7a963ba333ac6e3770165032c4a/element/f.37B6A3D8B8D5C040CDE4E4CEB4627624.d.B6BC8F18FAFD2C754502BAEB17C4CFE9.e.30628/click - {}
RESULT: {}
COMMAND: GET /session/76bbe7a963ba333ac6e3770165032c4a/screenshot - {}
RESULT: {}
COMMAND: POST /session/76bbe7a963ba333ac6e3770165032c4a/execute/async - {"script":"<script> [1562 bytes]","args":[{"selector":{"id":"application-managehandovers-display-component---AddNewHO--confirmCreationButton","interaction":{"idSuffix":"BDI-content"}},"wdio_ui5_key":"applicationmanagehandovers-display-component---AddNewHO--confirmCreationButton"}]}
RESULT: {"script":"<script> [1562 bytes]","args":[{"selector":{"id":"application-managehandovers-display-component---AddNewHO--confirmCreationButton","interaction":{"idSuffix":"BDI-content"}},"wdio_ui5_key":"applicationmanagehandovers-display-component---AddNewHO--confirmCreationButton"}]}
RESULT: undefined
COMMAND: POST /session/76bbe7a963ba333ac6e3770165032c4a/element - {"using":"xpath","value":"//*[@id=\"application-managehandovers-display-component---AddNewHO--confirmCreationButton\"]"}
RESULT: {"using":"xpath","value":"//*[@id=\"application-managehandovers-display-component---AddNewHO--confirmCreationButton\"]"}
COMMAND: POST /session/76bbe7a963ba333ac6e3770165032c4a/element/f.37B6A3D8B8D5C040CDE4E4CEB4627624.d.B6BC8F18FAFD2C754502BAEB17C4CFE9.e.30636/click - {}
RESULT: {}
COMMAND: GET /session/76bbe7a963ba333ac6e3770165032c4a/screenshot - {}
RESULT: {}
COMMAND: POST /session/76bbe7a963ba333ac6e3770165032c4a/element - {"using":"xpath","value":"(//section[contains(@id,\"headerContentForm--FC-NoHead\")])[2]/div[1]/div[5]/div[2]/div/span"}
RESULT: {"using":"xpath","value":"(//section[contains(@id,\"headerContentForm--FC-NoHead\")])[2]/div[1]/div[5]/div[2]/div/span"}
COMMAND: POST /session/76bbe7a963ba333ac6e3770165032c4a/execute/sync - {"script":"<script> [56 bytes]","args":[{"element-6066-11e4-a52e-4f735466cecf":"f.37B6A3D8B8D5C040CDE4E4CEB4627624.d.B6BC8F18FAFD2C754502BAEB17C4CFE9.e.30692","ELEMENT":"f.37B6A3D8B8D5C040CDE4E4CEB4627624.d.B6BC8F18FAFD2C754502BAEB17C4CFE9.e.30692"}]}
RESULT: {"script":"<script> [56 bytes]","args":[{"element-6066-11e4-a52e-4f735466cecf":"f.37B6A3D8B8D5C040CDE4E4CEB4627624.d.B6BC8F18FAFD2C754502BAEB17C4CFE9.e.30692","ELEMENT":"f.37B6A3D8B8D5C040CDE4E4CEB4627624.d.B6BC8F18FAFD2C754502BAEB17C4CFE9.e.30692"}]}
COMMAND: POST /session/76bbe7a963ba333ac6e3770165032c4a/execute/async - {"script":"<script> [1562 bytes]","args":[{"selector":{"id":"issueDatePicker","viewName":"etm.portal.ui.managehandovers.view.DetailExecuteHO","interaction":{"idSuffix":"inner"}},"wdio_ui5_key":"issueDatePickeretmportal.ui.managehandovers.view.DetailExecuteHO"}]}
COMMAND: GET /session/76bbe7a963ba333ac6e3770165032c4a/screenshot - {}
RESULT: {"script":"<script> [1562 bytes]","args":[{"selector":{"id":"issueDatePicker","viewName":"etm.portal.ui.managehandovers.view.DetailExecuteHO","interaction":{"idSuffix":"inner"}},"wdio_ui5_key":"issueDatePickeretmportal.ui.managehandovers.view.DetailExecuteHO"}]}
RESULT: undefined
COMMAND: POST /session/76bbe7a963ba333ac6e3770165032c4a/execute/async - {"script":"<script> [776 bytes]","args":[{"enterText":"05/20/25","selector":{"id":"issueDatePicker","viewName":"etm.portal.ui.managehandovers.view.DetailExecuteHO","interaction":{"idSuffix":"inner"}},"clearTextFirst":true,"interactionType":"ENTER_TEXT"}]}
RESULT: {}
RESULT: {"script":"<script> [776 bytes]","args":[{"enterText":"05/20/25","selector":{"id":"issueDatePicker","viewName":"etm.portal.ui.managehandovers.view.DetailExecuteHO","interaction":{"idSuffix":"inner"}},"clearTextFirst":true,"interactionType":"ENTER_TEXT"}]}
COMMAND: POST /session/76bbe7a963ba333ac6e3770165032c4a/element - {"using":"xpath","value":"//bdi[contains(text(), \"OK\")]"}
RESULT: {"using":"xpath","value":"//bdi[contains(text(), \"OK\")]"}
COMMAND: POST /session/76bbe7a963ba333ac6e3770165032c4a/element/f.37B6A3D8B8D5C040CDE4E4CEB4627624.d.B6BC8F18FAFD2C754502BAEB17C4CFE9.e.30697/click - {}
RESULT: {}
COMMAND: GET /session/76bbe7a963ba333ac6e3770165032c4a/screenshot - {}
RESULT: {}
COMMAND: POST /session/76bbe7a963ba333ac6e3770165032c4a/execute/async - {"script":"<script> [1562 bytes]","args":[{"selector":{"controlType":"sap.m.Button","viewName":"etm.portal.ui.managehandovers.view.DetailExecuteHO","i18NText":{"propertyName":"text","key":"pickQty"},"interaction":{"idSuffix":"content"}},"wdio_ui5_key":"etmportal.ui.managehandovers.view.DetailExecuteHOsap.m.Button{\"propertyName\":\"text\",\"key\":\"pickQty\"}"}]}
RESULT: {"script":"<script> [1562 bytes]","args":[{"selector":{"controlType":"sap.m.Button","viewName":"etm.portal.ui.managehandovers.view.DetailExecuteHO","i18NText":{"propertyName":"text","key":"pickQty"},"interaction":{"idSuffix":"content"}},"wdio_ui5_key":"etmportal.ui.managehandovers.view.DetailExecuteHOsap.m.Button{\"propertyName\":\"text\",\"key\":\"pickQty\"}"}]}
RESULT: undefined
COMMAND: POST /session/76bbe7a963ba333ac6e3770165032c4a/element - {"using":"xpath","value":"//*[@id=\"__button380\"]"}
RESULT: {"using":"xpath","value":"//*[@id=\"__button380\"]"}
COMMAND: POST /session/76bbe7a963ba333ac6e3770165032c4a/element/f.37B6A3D8B8D5C040CDE4E4CEB4627624.d.B6BC8F18FAFD2C754502BAEB17C4CFE9.e.30704/click - {}
RESULT: {}
COMMAND: GET /session/76bbe7a963ba333ac6e3770165032c4a/screenshot - {}
RESULT: {}
COMMAND: POST /session/76bbe7a963ba333ac6e3770165032c4a/execute/async - {"script":"<script> [1562 bytes]","args":[{"selector":{"controlType":"sap.m.NumericInput","viewName":"etm.portal.ui.managehandovers.view.DetailExecuteHO","properties":{"value":"0"},"searchOpenDialogs":true,"interaction":{"idSuffix":"inner"}},"wdio_ui5_key":"etmportal.ui.managehandovers.view.DetailExecuteHOsap.m.NumericInput{\"value\":\"0\"}"}]}
RESULT: {"script":"<script> [1562 bytes]","args":[{"selector":{"controlType":"sap.m.NumericInput","viewName":"etm.portal.ui.managehandovers.view.DetailExecuteHO","properties":{"value":"0"},"searchOpenDialogs":true,"interaction":{"idSuffix":"inner"}},"wdio_ui5_key":"etmportal.ui.managehandovers.view.DetailExecuteHOsap.m.NumericInput{\"value\":\"0\"}"}]}
RESULT: undefined
COMMAND: POST /session/76bbe7a963ba333ac6e3770165032c4a/execute/async - {"script":"<script> [1562 bytes]","args":[{"selector":{"id":"statesDialog--okBttnStatesDialog","searchOpenDialogs":true,"interaction":{"idSuffix":"BDI-content"}},"wdio_ui5_key":"statesDialogokBttnStatesDialog"}]}
RESULT: {"script":"<script> [1562 bytes]","args":[{"selector":{"id":"statesDialog--okBttnStatesDialog","searchOpenDialogs":true,"interaction":{"idSuffix":"BDI-content"}},"wdio_ui5_key":"statesDialogokBttnStatesDialog"}]}
RESULT: undefined
COMMAND: POST /session/76bbe7a963ba333ac6e3770165032c4a/element - {"using":"xpath","value":"//*[@id=\"statesDialog--okBttnStatesDialog\"]"}
RESULT: {"using":"xpath","value":"//*[@id=\"statesDialog--okBttnStatesDialog\"]"}
COMMAND: POST /session/76bbe7a963ba333ac6e3770165032c4a/element/f.37B6A3D8B8D5C040CDE4E4CEB4627624.d.B6BC8F18FAFD2C754502BAEB17C4CFE9.e.30710/click - {}
RESULT: {}
COMMAND: GET /session/76bbe7a963ba333ac6e3770165032c4a/screenshot - {}
RESULT: {}
COMMAND: POST /session/76bbe7a963ba333ac6e3770165032c4a/element - {"using":"xpath","value":"//button[@data-kt=\"PickingTableConfirmAllButton\"]"}
RESULT: {"using":"xpath","value":"//button[@data-kt=\"PickingTableConfirmAllButton\"]"}
COMMAND: POST /session/76bbe7a963ba333ac6e3770165032c4a/element/f.37B6A3D8B8D5C040CDE4E4CEB4627624.d.B6BC8F18FAFD2C754502BAEB17C4CFE9.e.30717/click - {}
RESULT: {}
COMMAND: GET /session/76bbe7a963ba333ac6e3770165032c4a/screenshot - {}
RESULT: {}
COMMAND: POST /session/76bbe7a963ba333ac6e3770165032c4a/element - {"using":"xpath","value":"//bdi[contains(text(), \"OK\")]"}
RESULT: {"using":"xpath","value":"//bdi[contains(text(), \"OK\")]"}
COMMAND: POST /session/76bbe7a963ba333ac6e3770165032c4a/element/f.37B6A3D8B8D5C040CDE4E4CEB4627624.d.B6BC8F18FAFD2C754502BAEB17C4CFE9.e.30720/click - {}
RESULT: {}
COMMAND: GET /session/76bbe7a963ba333ac6e3770165032c4a/screenshot - {}
RESULT: {}
COMMAND: POST /session/76bbe7a963ba333ac6e3770165032c4a/element - {"using":"xpath","value":"//header[contains(@id,\"headerTitle\") and @aria-roledescription=\"Object page header\"]/div[1]/div[2]/div[1]/span"}
RESULT: {"using":"xpath","value":"//header[contains(@id,\"headerTitle\") and @aria-roledescription=\"Object page header\"]/div[1]/div[2]/div[1]/span"}
COMMAND: POST /session/76bbe7a963ba333ac6e3770165032c4a/elements - {"using":"xpath","value":"//header[contains(@id,\"headerTitle\") and @aria-roledescription=\"Object page header\"]/div[1]/div[2]/div[1]/span"}
RESULT: {"using":"xpath","value":"//header[contains(@id,\"headerTitle\") and @aria-roledescription=\"Object page header\"]/div[1]/div[2]/div[1]/span"}
COMMAND: POST /session/76bbe7a963ba333ac6e3770165032c4a/execute/sync - {"script":"<script> [56 bytes]","args":[{"element-6066-11e4-a52e-4f735466cecf":"f.37B6A3D8B8D5C040CDE4E4CEB4627624.d.B6BC8F18FAFD2C754502BAEB17C4CFE9.e.30724","ELEMENT":"f.37B6A3D8B8D5C040CDE4E4CEB4627624.d.B6BC8F18FAFD2C754502BAEB17C4CFE9.e.30724"}]}
RESULT: {"script":"<script> [56 bytes]","args":[{"element-6066-11e4-a52e-4f735466cecf":"f.37B6A3D8B8D5C040CDE4E4CEB4627624.d.B6BC8F18FAFD2C754502BAEB17C4CFE9.e.30724","ELEMENT":"f.37B6A3D8B8D5C040CDE4E4CEB4627624.d.B6BC8F18FAFD2C754502BAEB17C4CFE9.e.30724"}]}
COMMAND: POST /session/76bbe7a963ba333ac6e3770165032c4a/element - {"using":"xpath","value":"//bdi[contains(text(), \"Issue\")]"}
COMMAND: GET /session/76bbe7a963ba333ac6e3770165032c4a/screenshot - {}
RESULT: {"using":"xpath","value":"//bdi[contains(text(), \"Issue\")]"}
COMMAND: POST /session/76bbe7a963ba333ac6e3770165032c4a/element/f.37B6A3D8B8D5C040CDE4E4CEB4627624.d.B6BC8F18FAFD2C754502BAEB17C4CFE9.e.30725/click - {}
RESULT: {}
RESULT: {}
COMMAND: GET /session/76bbe7a963ba333ac6e3770165032c4a/screenshot - {}
RESULT: {}
COMMAND: POST /session/76bbe7a963ba333ac6e3770165032c4a/element - {"using":"xpath","value":"//input[contains(@id ,\"smartFilterBar-btnBasicSearch-I\")]"}
RESULT: {"using":"xpath","value":"//input[contains(@id ,\"smartFilterBar-btnBasicSearch-I\")]"}
COMMAND: POST /session/76bbe7a963ba333ac6e3770165032c4a/elements - {"using":"xpath","value":"//input[contains(@id ,\"smartFilterBar-btnBasicSearch-I\")]"}
RESULT: {"using":"xpath","value":"//input[contains(@id ,\"smartFilterBar-btnBasicSearch-I\")]"}
COMMAND: POST /session/76bbe7a963ba333ac6e3770165032c4a/execute/sync - {"script":"<script> [8489 bytes]","args":[{"element-6066-11e4-a52e-4f735466cecf":"f.37B6A3D8B8D5C040CDE4E4CEB4627624.d.B6BC8F18FAFD2C754502BAEB17C4CFE9.e.30117","ELEMENT":"f.37B6A3D8B8D5C040CDE4E4CEB4627624.d.B6BC8F18FAFD2C754502BAEB17C4CFE9.e.30117"}]}
RESULT: {"script":"<script> [8489 bytes]","args":[{"element-6066-11e4-a52e-4f735466cecf":"f.37B6A3D8B8D5C040CDE4E4CEB4627624.d.B6BC8F18FAFD2C754502BAEB17C4CFE9.e.30117","ELEMENT":"f.37B6A3D8B8D5C040CDE4E4CEB4627624.d.B6BC8F18FAFD2C754502BAEB17C4CFE9.e.30117"}]}
COMMAND: GET /session/76bbe7a963ba333ac6e3770165032c4a/element/f.37B6A3D8B8D5C040CDE4E4CEB4627624.d.B6BC8F18FAFD2C754502BAEB17C4CFE9.e.30117/enabled - {}
COMMAND: GET /session/76bbe7a963ba333ac6e3770165032c4a/screenshot - {}
RESULT: {}
COMMAND: POST /session/76bbe7a963ba333ac6e3770165032c4a/element/f.37B6A3D8B8D5C040CDE4E4CEB4627624.d.B6BC8F18FAFD2C754502BAEB17C4CFE9.e.30117/clear - {}
COMMAND: GET /session/76bbe7a963ba333ac6e3770165032c4a/screenshot - {}
RESULT: {}
RESULT: {}
COMMAND: POST /session/76bbe7a963ba333ac6e3770165032c4a/element/f.37B6A3D8B8D5C040CDE4E4CEB4627624.d.B6BC8F18FAFD2C754502BAEB17C4CFE9.e.30117/value - {"text":"30812"}
COMMAND: GET /session/76bbe7a963ba333ac6e3770165032c4a/screenshot - {}
RESULT: {}
RESULT: {"text":"30812"}
COMMAND: GET /session/76bbe7a963ba333ac6e3770165032c4a/screenshot - {}
RESULT: {}
RESULT: {}
COMMAND: POST /session/76bbe7a963ba333ac6e3770165032c4a/actions - {"actions":[{"id":"action95","type":"key","parameters":{},"actions":[{"type":"keyDown","value":"î€‡"},{"type":"pause","duration":10},{"type":"keyUp","value":"î€‡"}]}]}
RESULT: {"actions":[{"id":"action95","type":"key","parameters":{},"actions":[{"type":"keyDown","value":"î€‡"},{"type":"pause","duration":10},{"type":"keyUp","value":"î€‡"}]}]}
COMMAND: GET /session/76bbe7a963ba333ac6e3770165032c4a/screenshot - {}
RESULT: {}
COMMAND: POST /session/76bbe7a963ba333ac6e3770165032c4a/element - {"using":"xpath","value":"//span[contains(@id, \"smartTable-header-inner\")]"}
RESULT: {"using":"xpath","value":"//span[contains(@id, \"smartTable-header-inner\")]"}
COMMAND: POST /session/76bbe7a963ba333ac6e3770165032c4a/elements - {"using":"xpath","value":"//span[contains(@id, \"smartTable-header-inner\")]"}
RESULT: {"using":"xpath","value":"//span[contains(@id, \"smartTable-header-inner\")]"}
COMMAND: POST /session/76bbe7a963ba333ac6e3770165032c4a/execute/sync - {"script":"<script> [56 bytes]","args":[{"element-6066-11e4-a52e-4f735466cecf":"f.37B6A3D8B8D5C040CDE4E4CEB4627624.d.B6BC8F18FAFD2C754502BAEB17C4CFE9.e.30926","ELEMENT":"f.37B6A3D8B8D5C040CDE4E4CEB4627624.d.B6BC8F18FAFD2C754502BAEB17C4CFE9.e.30926"}]}
RESULT: {"script":"<script> [56 bytes]","args":[{"element-6066-11e4-a52e-4f735466cecf":"f.37B6A3D8B8D5C040CDE4E4CEB4627624.d.B6BC8F18FAFD2C754502BAEB17C4CFE9.e.30926","ELEMENT":"f.37B6A3D8B8D5C040CDE4E4CEB4627624.d.B6BC8F18FAFD2C754502BAEB17C4CFE9.e.30926"}]}
COMMAND: POST /session/76bbe7a963ba333ac6e3770165032c4a/element - {"using":"xpath","value":"(//span[contains(@id, \"imgNav\")])[1]"}
COMMAND: GET /session/76bbe7a963ba333ac6e3770165032c4a/screenshot - {}
RESULT: {"using":"xpath","value":"(//span[contains(@id, \"imgNav\")])[1]"}
COMMAND: POST /session/76bbe7a963ba333ac6e3770165032c4a/element/f.37B6A3D8B8D5C040CDE4E4CEB4627624.d.B6BC8F18FAFD2C754502BAEB17C4CFE9.e.30924/click - {}
RESULT: {}
RESULT: {}
COMMAND: GET /session/76bbe7a963ba333ac6e3770165032c4a/screenshot - {}
RESULT: {}
COMMAND: POST /session/76bbe7a963ba333ac6e3770165032c4a/execute/async - {"script":"<script> [1562 bytes]","args":[{"selector":{"controlType":"sap.m.ObjectStatus","viewName":"etm.portal.ui.managehandovers.view.DetailManageHO","viewId":"application-managehandovers-display-component---detailManageHO","bindingPath":{"propertyPath":"LINK_TO_STATUS/DESCRIPTION","modelName":"catalogModel"}},"wdio_ui5_key":"etmportal.ui.managehandovers.view.DetailManageHOsap.m.ObjectStatus{\"propertyPath\":\"LINK_TO_STATUS/DESCRIPTION\",\"modelName\":\"catalogModel\"}"}]}
RESULT: {"script":"<script> [1562 bytes]","args":[{"selector":{"controlType":"sap.m.ObjectStatus","viewName":"etm.portal.ui.managehandovers.view.DetailManageHO","viewId":"application-managehandovers-display-component---detailManageHO","bindingPath":{"propertyPath":"LINK_TO_STATUS/DESCRIPTION","modelName":"catalogModel"}},"wdio_ui5_key":"etmportal.ui.managehandovers.view.DetailManageHOsap.m.ObjectStatus{\"propertyPath\":\"LINK_TO_STATUS/DESCRIPTION\",\"modelName\":\"catalogModel\"}"}]}
RESULT: undefined
COMMAND: POST /session/76bbe7a963ba333ac6e3770165032c4a/execute/async - {"script":"<script> [6424 bytes]","args":[{"element-6066-11e4-a52e-4f735466cecf":"f.37B6A3D8B8D5C040CDE4E4CEB4627624.d.B6BC8F18FAFD2C754502BAEB17C4CFE9.e.30977"},"getText",[]]}
RESULT: {"script":"<script> [6424 bytes]","args":[{"element-6066-11e4-a52e-4f735466cecf":"f.37B6A3D8B8D5C040CDE4E4CEB4627624.d.B6BC8F18FAFD2C754502BAEB17C4CFE9.e.30977"},"getText",[]]}
COMMAND: POST /session/76bbe7a963ba333ac6e3770165032c4a/element - {"using":"xpath","value":"//header[contains(@id ,\"detailManageHO--ObjectPageLayout-headerTitle\")]/div[1]/div[2]/div[1]/div[1]/div[1]/div[2]/div/span"}
RESULT: {"using":"xpath","value":"//header[contains(@id ,\"detailManageHO--ObjectPageLayout-headerTitle\")]/div[1]/div[2]/div[1]/div[1]/div[1]/div[2]/div/span"}
COMMAND: POST /session/76bbe7a963ba333ac6e3770165032c4a/execute/sync - {"script":"<script> [56 bytes]","args":[{"element-6066-11e4-a52e-4f735466cecf":"f.37B6A3D8B8D5C040CDE4E4CEB4627624.d.B6BC8F18FAFD2C754502BAEB17C4CFE9.e.30978","ELEMENT":"f.37B6A3D8B8D5C040CDE4E4CEB4627624.d.B6BC8F18FAFD2C754502BAEB17C4CFE9.e.30978"}]}
RESULT: {"script":"<script> [56 bytes]","args":[{"element-6066-11e4-a52e-4f735466cecf":"f.37B6A3D8B8D5C040CDE4E4CEB4627624.d.B6BC8F18FAFD2C754502BAEB17C4CFE9.e.30978","ELEMENT":"f.37B6A3D8B8D5C040CDE4E4CEB4627624.d.B6BC8F18FAFD2C754502BAEB17C4CFE9.e.30978"}]}
COMMAND: GET /session/76bbe7a963ba333ac6e3770165032c4a/screenshot - {}
RESULT: {}
COMMAND: DELETE /session/76bbe7a963ba333ac6e3770165032c4a - {}
RESULT: {}
]]></system-out>
    </testcase>
  </testsuite>
</testsuites>