<?xml version="1.0" encoding="UTF-8"?>
<testsuites tests="17" failures="1" errors="1" skipped="0">
  <testsuite timestamp="2025-06-14T17:27:02" time="1976.328" tests="13" failures="0" errors="0" skipped="0">
    <properties>
      <property name="specId" value="0"/>
      <property name="suiteName" value="Partner specific tests US150819 US151080 US151654 US151176 US103444 US151078 US151079 US151109 US151174 US151175 US151189"/>
      <property name="capabilities" value="chrome.137_0_7151_69.windows"/>
      <property name="file" value="file:///D:/a/1/s/test/specs/BTS/manage-partners.spec.js"/>
    </properties>
    <testcase classname="chrome.137_0_7151_69.windows.Partner_specific_tests_US150819_US151080_US151654_US151176_US103444_US151078_US151079_US151109_US151174_US151175_US151189" name="Should create a new yard prerequisite" time="156.021">
      <system-out><![CDATA[
COMMAND: POST /session/4a8a75bcbd0d44f703d13edc121f15a8/window/fullscreen - {}
RESULT: {}
COMMAND: POST /session/4a8a75bcbd0d44f703d13edc121f15a8/element - {"using":"xpath","value":"//li[.//span[text()=\"Manage Partners\"]]"}
RESULT: {"using":"xpath","value":"//li[.//span[text()=\"Manage Partners\"]]"}
COMMAND: POST /session/4a8a75bcbd0d44f703d13edc121f15a8/element - {"using":"xpath","value":"//li[.//span[text()=\"Manage Partners\"]]"}
RESULT: {"using":"xpath","value":"//li[.//span[text()=\"Manage Partners\"]]"}
COMMAND: POST /session/4a8a75bcbd0d44f703d13edc121f15a8/element - {"using":"css selector","value":"#shell-header-logo"}
RESULT: {"using":"css selector","value":"#shell-header-logo"}
COMMAND: POST /session/4a8a75bcbd0d44f703d13edc121f15a8/element/f.093A703FE9E59CF09BD9C73E01D6E334.d.B9014F286A5BE11E9F00A83810BB0C59.e.269/click - {}
COMMAND: POST /session/4a8a75bcbd0d44f703d13edc121f15a8/execute/sync - {"script":"<script> [8489 bytes]","args":[{"element-6066-11e4-a52e-4f735466cecf":"f.093A703FE9E59CF09BD9C73E01D6E334.d.B9014F286A5BE11E9F00A83810BB0C59.e.269","ELEMENT":"f.093A703FE9E59CF09BD9C73E01D6E334.d.B9014F286A5BE11E9F00A83810BB0C59.e.269"}]}
RESULT: {}
COMMAND: GET /session/4a8a75bcbd0d44f703d13edc121f15a8/screenshot - {}
RESULT: {"script":"<script> [8489 bytes]","args":[{"element-6066-11e4-a52e-4f735466cecf":"f.093A703FE9E59CF09BD9C73E01D6E334.d.B9014F286A5BE11E9F00A83810BB0C59.e.269","ELEMENT":"f.093A703FE9E59CF09BD9C73E01D6E334.d.B9014F286A5BE11E9F00A83810BB0C59.e.269"}]}
COMMAND: POST /session/4a8a75bcbd0d44f703d13edc121f15a8/execute/sync - {"script":"<script> [5351 bytes]","args":[{"element-6066-11e4-a52e-4f735466cecf":"f.093A703FE9E59CF09BD9C73E01D6E334.d.B9014F286A5BE11E9F00A83810BB0C59.e.269","ELEMENT":"f.093A703FE9E59CF09BD9C73E01D6E334.d.B9014F286A5BE11E9F00A83810BB0C59.e.269"}]}
COMMAND: GET /session/4a8a75bcbd0d44f703d13edc121f15a8/screenshot - {}
RESULT: {}
RESULT: {"script":"<script> [5351 bytes]","args":[{"element-6066-11e4-a52e-4f735466cecf":"f.093A703FE9E59CF09BD9C73E01D6E334.d.B9014F286A5BE11E9F00A83810BB0C59.e.269","ELEMENT":"f.093A703FE9E59CF09BD9C73E01D6E334.d.B9014F286A5BE11E9F00A83810BB0C59.e.269"}]}
COMMAND: GET /session/4a8a75bcbd0d44f703d13edc121f15a8/screenshot - {}
RESULT: {}
RESULT: {}
COMMAND: POST /session/4a8a75bcbd0d44f703d13edc121f15a8/execute/async - {"script":"<script> [1562 bytes]","args":[{"selector":{"controlType":"sap.m.GenericTile","properties":{"header":"Manage Yards"}},"wdio_ui5_key":"sapm.GenericTile{\"header\":\"Manage Yards\"}"}]}
RESULT: {"script":"<script> [1562 bytes]","args":[{"selector":{"controlType":"sap.m.GenericTile","properties":{"header":"Manage Yards"}},"wdio_ui5_key":"sapm.GenericTile{\"header\":\"Manage Yards\"}"}]}
RESULT: undefined
COMMAND: POST /session/4a8a75bcbd0d44f703d13edc121f15a8/element - {"using":"xpath","value":"//*[@id=\"__tile42\"]"}
RESULT: {"using":"xpath","value":"//*[@id=\"__tile42\"]"}
COMMAND: POST /session/4a8a75bcbd0d44f703d13edc121f15a8/element/f.093A703FE9E59CF09BD9C73E01D6E334.d.B9014F286A5BE11E9F00A83810BB0C59.e.161/click - {}
RESULT: {}
COMMAND: GET /session/4a8a75bcbd0d44f703d13edc121f15a8/screenshot - {}
RESULT: {}
COMMAND: POST /session/4a8a75bcbd0d44f703d13edc121f15a8/elements - {"using":"xpath","value":"//span[text()='Error']"}
RESULT: {"using":"xpath","value":"//span[text()='Error']"}
COMMAND: POST /session/4a8a75bcbd0d44f703d13edc121f15a8/element - {"using":"xpath","value":"//button[@data-kt=\"addNewYardOverflowToolbarButton\"]"}
RESULT: {"using":"xpath","value":"//button[@data-kt=\"addNewYardOverflowToolbarButton\"]"}
COMMAND: POST /session/4a8a75bcbd0d44f703d13edc121f15a8/elements - {"using":"xpath","value":"//button[@data-kt=\"addNewYardOverflowToolbarButton\"]"}
RESULT: {"using":"xpath","value":"//button[@data-kt=\"addNewYardOverflowToolbarButton\"]"}
COMMAND: POST /session/4a8a75bcbd0d44f703d13edc121f15a8/elements - {"using":"xpath","value":"//button[@data-kt=\"addNewYardOverflowToolbarButton\"]"}
RESULT: {"using":"xpath","value":"//button[@data-kt=\"addNewYardOverflowToolbarButton\"]"}
COMMAND: POST /session/4a8a75bcbd0d44f703d13edc121f15a8/elements - {"using":"xpath","value":"//button[@data-kt=\"addNewYardOverflowToolbarButton\"]"}
RESULT: {"using":"xpath","value":"//button[@data-kt=\"addNewYardOverflowToolbarButton\"]"}
COMMAND: POST /session/4a8a75bcbd0d44f703d13edc121f15a8/elements - {"using":"xpath","value":"//button[@data-kt=\"addNewYardOverflowToolbarButton\"]"}
RESULT: {"using":"xpath","value":"//button[@data-kt=\"addNewYardOverflowToolbarButton\"]"}
COMMAND: POST /session/4a8a75bcbd0d44f703d13edc121f15a8/elements - {"using":"xpath","value":"//button[@data-kt=\"addNewYardOverflowToolbarButton\"]"}
RESULT: {"using":"xpath","value":"//button[@data-kt=\"addNewYardOverflowToolbarButton\"]"}
COMMAND: POST /session/4a8a75bcbd0d44f703d13edc121f15a8/elements - {"using":"xpath","value":"//button[@data-kt=\"addNewYardOverflowToolbarButton\"]"}
RESULT: {"using":"xpath","value":"//button[@data-kt=\"addNewYardOverflowToolbarButton\"]"}
COMMAND: POST /session/4a8a75bcbd0d44f703d13edc121f15a8/elements - {"using":"xpath","value":"//button[@data-kt=\"addNewYardOverflowToolbarButton\"]"}
RESULT: {"using":"xpath","value":"//button[@data-kt=\"addNewYardOverflowToolbarButton\"]"}
COMMAND: POST /session/4a8a75bcbd0d44f703d13edc121f15a8/elements - {"using":"xpath","value":"//button[@data-kt=\"addNewYardOverflowToolbarButton\"]"}
RESULT: {"using":"xpath","value":"//button[@data-kt=\"addNewYardOverflowToolbarButton\"]"}
COMMAND: POST /session/4a8a75bcbd0d44f703d13edc121f15a8/element - {"using":"xpath","value":"//button[@data-kt=\"addNewYardOverflowToolbarButton\"]"}
RESULT: {"using":"xpath","value":"//button[@data-kt=\"addNewYardOverflowToolbarButton\"]"}
COMMAND: POST /session/4a8a75bcbd0d44f703d13edc121f15a8/execute/sync - {"script":"<script> [8489 bytes]","args":[{"element-6066-11e4-a52e-4f735466cecf":"f.093A703FE9E59CF09BD9C73E01D6E334.d.B9014F286A5BE11E9F00A83810BB0C59.e.312","ELEMENT":"f.093A703FE9E59CF09BD9C73E01D6E334.d.B9014F286A5BE11E9F00A83810BB0C59.e.312"}]}
RESULT: {"script":"<script> [8489 bytes]","args":[{"element-6066-11e4-a52e-4f735466cecf":"f.093A703FE9E59CF09BD9C73E01D6E334.d.B9014F286A5BE11E9F00A83810BB0C59.e.312","ELEMENT":"f.093A703FE9E59CF09BD9C73E01D6E334.d.B9014F286A5BE11E9F00A83810BB0C59.e.312"}]}
COMMAND: GET /session/4a8a75bcbd0d44f703d13edc121f15a8/element/f.093A703FE9E59CF09BD9C73E01D6E334.d.B9014F286A5BE11E9F00A83810BB0C59.e.312/enabled - {}
COMMAND: GET /session/4a8a75bcbd0d44f703d13edc121f15a8/screenshot - {}
RESULT: {}
COMMAND: POST /session/4a8a75bcbd0d44f703d13edc121f15a8/execute/sync - {"script":"<script> [8489 bytes]","args":[{"element-6066-11e4-a52e-4f735466cecf":"f.093A703FE9E59CF09BD9C73E01D6E334.d.B9014F286A5BE11E9F00A83810BB0C59.e.312","ELEMENT":"f.093A703FE9E59CF09BD9C73E01D6E334.d.B9014F286A5BE11E9F00A83810BB0C59.e.312"}]}
COMMAND: GET /session/4a8a75bcbd0d44f703d13edc121f15a8/screenshot - {}
RESULT: {}
RESULT: {"script":"<script> [8489 bytes]","args":[{"element-6066-11e4-a52e-4f735466cecf":"f.093A703FE9E59CF09BD9C73E01D6E334.d.B9014F286A5BE11E9F00A83810BB0C59.e.312","ELEMENT":"f.093A703FE9E59CF09BD9C73E01D6E334.d.B9014F286A5BE11E9F00A83810BB0C59.e.312"}]}
COMMAND: POST /session/4a8a75bcbd0d44f703d13edc121f15a8/execute/sync - {"script":"<script> [5351 bytes]","args":[{"element-6066-11e4-a52e-4f735466cecf":"f.093A703FE9E59CF09BD9C73E01D6E334.d.B9014F286A5BE11E9F00A83810BB0C59.e.312","ELEMENT":"f.093A703FE9E59CF09BD9C73E01D6E334.d.B9014F286A5BE11E9F00A83810BB0C59.e.312"}]}
COMMAND: GET /session/4a8a75bcbd0d44f703d13edc121f15a8/screenshot - {}
RESULT: {}
RESULT: {"script":"<script> [5351 bytes]","args":[{"element-6066-11e4-a52e-4f735466cecf":"f.093A703FE9E59CF09BD9C73E01D6E334.d.B9014F286A5BE11E9F00A83810BB0C59.e.312","ELEMENT":"f.093A703FE9E59CF09BD9C73E01D6E334.d.B9014F286A5BE11E9F00A83810BB0C59.e.312"}]}
COMMAND: POST /session/4a8a75bcbd0d44f703d13edc121f15a8/element/f.093A703FE9E59CF09BD9C73E01D6E334.d.B9014F286A5BE11E9F00A83810BB0C59.e.312/click - {}
COMMAND: GET /session/4a8a75bcbd0d44f703d13edc121f15a8/screenshot - {}
RESULT: {}
RESULT: {}
COMMAND: GET /session/4a8a75bcbd0d44f703d13edc121f15a8/screenshot - {}
RESULT: {}
COMMAND: POST /session/4a8a75bcbd0d44f703d13edc121f15a8/element - {"using":"xpath","value":"//input[@id=\"application-manageyards-display-component---NewYard--yardId-inner\"]"}
RESULT: {}
RESULT: {"using":"xpath","value":"//input[@id=\"application-manageyards-display-component---NewYard--yardId-inner\"]"}
COMMAND: POST /session/4a8a75bcbd0d44f703d13edc121f15a8/element - {"using":"xpath","value":"//input[@id=\"application-manageyards-display-component---NewYard--yardId-inner\"]"}
RESULT: {"using":"xpath","value":"//input[@id=\"application-manageyards-display-component---NewYard--yardId-inner\"]"}
COMMAND: POST /session/4a8a75bcbd0d44f703d13edc121f15a8/execute/async - {"script":"<script> [1562 bytes]","args":[{"selector":{"id":"application-manageyards-display-component---NewYard--addressDetailDetailsName1","interaction":{"idSuffix":"inner"}},"wdio_ui5_key":"applicationmanageyards-display-component---NewYard--addressDetailDetailsName1"}]}
RESULT: {"script":"<script> [1562 bytes]","args":[{"selector":{"id":"application-manageyards-display-component---NewYard--addressDetailDetailsName1","interaction":{"idSuffix":"inner"}},"wdio_ui5_key":"applicationmanageyards-display-component---NewYard--addressDetailDetailsName1"}]}
RESULT: undefined
COMMAND: POST /session/4a8a75bcbd0d44f703d13edc121f15a8/execute/async - {"script":"<script> [776 bytes]","args":[{"enterText":"Intracompany Yard wdIO","selector":{"id":"application-manageyards-display-component---NewYard--addressDetailDetailsName1","interaction":{"idSuffix":"inner"}},"clearTextFirst":true,"interactionType":"ENTER_TEXT"}]}
RESULT: {"script":"<script> [776 bytes]","args":[{"enterText":"Intracompany Yard wdIO","selector":{"id":"application-manageyards-display-component---NewYard--addressDetailDetailsName1","interaction":{"idSuffix":"inner"}},"clearTextFirst":true,"interactionType":"ENTER_TEXT"}]}
COMMAND: POST /session/4a8a75bcbd0d44f703d13edc121f15a8/execute/async - {"script":"<script> [1562 bytes]","args":[{"selector":{"id":"application-manageyards-display-component---NewYard--addressDetailDetailsLanguage-arrow"},"wdio_ui5_key":"applicationmanageyards-display-component---NewYard--addressDetailDetailsLanguage-arrow"}]}
RESULT: {"script":"<script> [1562 bytes]","args":[{"selector":{"id":"application-manageyards-display-component---NewYard--addressDetailDetailsLanguage-arrow"},"wdio_ui5_key":"applicationmanageyards-display-component---NewYard--addressDetailDetailsLanguage-arrow"}]}
RESULT: undefined
COMMAND: POST /session/4a8a75bcbd0d44f703d13edc121f15a8/element - {"using":"xpath","value":"//*[@id=\"application-manageyards-display-component---NewYard--addressDetailDetailsLanguage-arrow\"]"}
RESULT: {"using":"xpath","value":"//*[@id=\"application-manageyards-display-component---NewYard--addressDetailDetailsLanguage-arrow\"]"}
COMMAND: POST /session/4a8a75bcbd0d44f703d13edc121f15a8/element/f.093A703FE9E59CF09BD9C73E01D6E334.d.B9014F286A5BE11E9F00A83810BB0C59.e.733/click - {}
RESULT: {}
COMMAND: POST /session/4a8a75bcbd0d44f703d13edc121f15a8/element - {"using":"xpath","value":"//span[contains(text(), \"English\")]"}
COMMAND: GET /session/4a8a75bcbd0d44f703d13edc121f15a8/screenshot - {}
RESULT: {"using":"xpath","value":"//span[contains(text(), \"English\")]"}
COMMAND: POST /session/4a8a75bcbd0d44f703d13edc121f15a8/element/f.093A703FE9E59CF09BD9C73E01D6E334.d.B9014F286A5BE11E9F00A83810BB0C59.e.734/click - {}
RESULT: {}
RESULT: {}
COMMAND: POST /session/4a8a75bcbd0d44f703d13edc121f15a8/execute/async - {"script":"<script> [1562 bytes]","args":[{"selector":{"id":"application-manageyards-display-component---NewYard--addressDetailDetailsCity1","interaction":{"idSuffix":"inner"}},"wdio_ui5_key":"applicationmanageyards-display-component---NewYard--addressDetailDetailsCity1"}]}
COMMAND: GET /session/4a8a75bcbd0d44f703d13edc121f15a8/screenshot - {}
RESULT: {"script":"<script> [1562 bytes]","args":[{"selector":{"id":"application-manageyards-display-component---NewYard--addressDetailDetailsCity1","interaction":{"idSuffix":"inner"}},"wdio_ui5_key":"applicationmanageyards-display-component---NewYard--addressDetailDetailsCity1"}]}
RESULT: undefined
COMMAND: POST /session/4a8a75bcbd0d44f703d13edc121f15a8/execute/async - {"script":"<script> [776 bytes]","args":[{"enterText":"Rosario","selector":{"id":"application-manageyards-display-component---NewYard--addressDetailDetailsCity1","interaction":{"idSuffix":"inner"}},"clearTextFirst":true,"interactionType":"ENTER_TEXT"}]}
RESULT: {}
RESULT: {"script":"<script> [776 bytes]","args":[{"enterText":"Rosario","selector":{"id":"application-manageyards-display-component---NewYard--addressDetailDetailsCity1","interaction":{"idSuffix":"inner"}},"clearTextFirst":true,"interactionType":"ENTER_TEXT"}]}
COMMAND: POST /session/4a8a75bcbd0d44f703d13edc121f15a8/execute/async - {"script":"<script> [1562 bytes]","args":[{"selector":{"id":"application-manageyards-display-component---NewYard--addressDetailDetailsCountry-arrow"},"wdio_ui5_key":"applicationmanageyards-display-component---NewYard--addressDetailDetailsCountry-arrow"}]}
RESULT: {"script":"<script> [1562 bytes]","args":[{"selector":{"id":"application-manageyards-display-component---NewYard--addressDetailDetailsCountry-arrow"},"wdio_ui5_key":"applicationmanageyards-display-component---NewYard--addressDetailDetailsCountry-arrow"}]}
RESULT: undefined
COMMAND: POST /session/4a8a75bcbd0d44f703d13edc121f15a8/element - {"using":"xpath","value":"//*[@id=\"application-manageyards-display-component---NewYard--addressDetailDetailsCountry-arrow\"]"}
RESULT: {"using":"xpath","value":"//*[@id=\"application-manageyards-display-component---NewYard--addressDetailDetailsCountry-arrow\"]"}
COMMAND: POST /session/4a8a75bcbd0d44f703d13edc121f15a8/element/f.093A703FE9E59CF09BD9C73E01D6E334.d.B9014F286A5BE11E9F00A83810BB0C59.e.736/click - {}
RESULT: {}
COMMAND: POST /session/4a8a75bcbd0d44f703d13edc121f15a8/element - {"using":"xpath","value":"//span[contains(text(), \"Argentina\")]"}
COMMAND: GET /session/4a8a75bcbd0d44f703d13edc121f15a8/screenshot - {}
RESULT: {"using":"xpath","value":"//span[contains(text(), \"Argentina\")]"}
COMMAND: POST /session/4a8a75bcbd0d44f703d13edc121f15a8/element/f.093A703FE9E59CF09BD9C73E01D6E334.d.B9014F286A5BE11E9F00A83810BB0C59.e.737/click - {}
RESULT: {}
RESULT: {}
COMMAND: POST /session/4a8a75bcbd0d44f703d13edc121f15a8/execute/async - {"script":"<script> [1562 bytes]","args":[{"selector":{"id":"application-manageyards-display-component---NewYard--addressEditDetailsCostObjectCstType-arrow"},"wdio_ui5_key":"applicationmanageyards-display-component---NewYard--addressEditDetailsCostObjectCstType-arrow"}]}
COMMAND: GET /session/4a8a75bcbd0d44f703d13edc121f15a8/screenshot - {}
RESULT: {"script":"<script> [1562 bytes]","args":[{"selector":{"id":"application-manageyards-display-component---NewYard--addressEditDetailsCostObjectCstType-arrow"},"wdio_ui5_key":"applicationmanageyards-display-component---NewYard--addressEditDetailsCostObjectCstType-arrow"}]}
RESULT: undefined
COMMAND: POST /session/4a8a75bcbd0d44f703d13edc121f15a8/element - {"using":"xpath","value":"//*[@id=\"application-manageyards-display-component---NewYard--addressEditDetailsCostObjectCstType-arrow\"]"}
RESULT: {}
RESULT: {"using":"xpath","value":"//*[@id=\"application-manageyards-display-component---NewYard--addressEditDetailsCostObjectCstType-arrow\"]"}
COMMAND: POST /session/4a8a75bcbd0d44f703d13edc121f15a8/element/f.093A703FE9E59CF09BD9C73E01D6E334.d.B9014F286A5BE11E9F00A83810BB0C59.e.739/click - {}
RESULT: {}
COMMAND: POST /session/4a8a75bcbd0d44f703d13edc121f15a8/element - {"using":"xpath","value":"//span[contains(text(), \"Cost Center\")]"}
COMMAND: GET /session/4a8a75bcbd0d44f703d13edc121f15a8/screenshot - {}
RESULT: {"using":"xpath","value":"//span[contains(text(), \"Cost Center\")]"}
COMMAND: POST /session/4a8a75bcbd0d44f703d13edc121f15a8/element/f.093A703FE9E59CF09BD9C73E01D6E334.d.B9014F286A5BE11E9F00A83810BB0C59.e.740/click - {}
RESULT: {}
RESULT: {}
COMMAND: GET /session/4a8a75bcbd0d44f703d13edc121f15a8/screenshot - {}
RESULT: {}
COMMAND: POST /session/4a8a75bcbd0d44f703d13edc121f15a8/element - {"using":"xpath","value":"//span[@id=\"application-manageyards-display-component---NewYard--addressNewCostObjectCstID-vhi\"]"}
RESULT: {"using":"xpath","value":"//span[@id=\"application-manageyards-display-component---NewYard--addressNewCostObjectCstID-vhi\"]"}
COMMAND: POST /session/4a8a75bcbd0d44f703d13edc121f15a8/execute/sync - {"script":"<script> [8489 bytes]","args":[{"element-6066-11e4-a52e-4f735466cecf":"f.093A703FE9E59CF09BD9C73E01D6E334.d.B9014F286A5BE11E9F00A83810BB0C59.e.744","ELEMENT":"f.093A703FE9E59CF09BD9C73E01D6E334.d.B9014F286A5BE11E9F00A83810BB0C59.e.744"}]}
RESULT: {"script":"<script> [8489 bytes]","args":[{"element-6066-11e4-a52e-4f735466cecf":"f.093A703FE9E59CF09BD9C73E01D6E334.d.B9014F286A5BE11E9F00A83810BB0C59.e.744","ELEMENT":"f.093A703FE9E59CF09BD9C73E01D6E334.d.B9014F286A5BE11E9F00A83810BB0C59.e.744"}]}
COMMAND: POST /session/4a8a75bcbd0d44f703d13edc121f15a8/execute/async - {"script":"<script> [1562 bytes]","args":[{"selector":{"id":"application-manageyards-display-component---NewYard--addressNewCostObjectCstID-vhi"},"wdio_ui5_key":"applicationmanageyards-display-component---NewYard--addressNewCostObjectCstID-vhi"}]}
COMMAND: GET /session/4a8a75bcbd0d44f703d13edc121f15a8/screenshot - {}
RESULT: {"script":"<script> [1562 bytes]","args":[{"selector":{"id":"application-manageyards-display-component---NewYard--addressNewCostObjectCstID-vhi"},"wdio_ui5_key":"applicationmanageyards-display-component---NewYard--addressNewCostObjectCstID-vhi"}]}
RESULT: undefined
COMMAND: POST /session/4a8a75bcbd0d44f703d13edc121f15a8/element - {"using":"xpath","value":"//*[@id=\"application-manageyards-display-component---NewYard--addressNewCostObjectCstID-vhi\"]"}
RESULT: {}
RESULT: {"using":"xpath","value":"//*[@id=\"application-manageyards-display-component---NewYard--addressNewCostObjectCstID-vhi\"]"}
COMMAND: POST /session/4a8a75bcbd0d44f703d13edc121f15a8/element/f.093A703FE9E59CF09BD9C73E01D6E334.d.B9014F286A5BE11E9F00A83810BB0C59.e.744/click - {}
RESULT: {}
COMMAND: GET /session/4a8a75bcbd0d44f703d13edc121f15a8/screenshot - {}
RESULT: {}
COMMAND: POST /session/4a8a75bcbd0d44f703d13edc121f15a8/execute/async - {"script":"<script> [1562 bytes]","args":[{"selector":{"controlType":"sap.m.SearchField","properties":{"placeholder":"Search"},"searchOpenDialogs":true,"interaction":{"idSuffix":"I"}},"wdio_ui5_key":"sapm.SearchField{\"placeholder\":\"Search\"}"}]}
RESULT: {"script":"<script> [1562 bytes]","args":[{"selector":{"controlType":"sap.m.SearchField","properties":{"placeholder":"Search"},"searchOpenDialogs":true,"interaction":{"idSuffix":"I"}},"wdio_ui5_key":"sapm.SearchField{\"placeholder\":\"Search\"}"}]}
RESULT: undefined
COMMAND: POST /session/4a8a75bcbd0d44f703d13edc121f15a8/execute/async - {"script":"<script> [776 bytes]","args":[{"enterText":"bauh_b","selector":{"controlType":"sap.m.SearchField","properties":{"placeholder":"Search"},"searchOpenDialogs":true,"interaction":{"idSuffix":"I"}},"clearTextFirst":true,"interactionType":"ENTER_TEXT"}]}
RESULT: {"script":"<script> [776 bytes]","args":[{"enterText":"bauh_b","selector":{"controlType":"sap.m.SearchField","properties":{"placeholder":"Search"},"searchOpenDialogs":true,"interaction":{"idSuffix":"I"}},"clearTextFirst":true,"interactionType":"ENTER_TEXT"}]}
COMMAND: POST /session/4a8a75bcbd0d44f703d13edc121f15a8/actions - {"actions":[{"id":"action1","type":"key","parameters":{},"actions":[{"type":"keyDown","value":""},{"type":"pause","duration":10},{"type":"keyUp","value":""}]}]}
RESULT: {"actions":[{"id":"action1","type":"key","parameters":{},"actions":[{"type":"keyDown","value":""},{"type":"pause","duration":10},{"type":"keyUp","value":""}]}]}
COMMAND: GET /session/4a8a75bcbd0d44f703d13edc121f15a8/screenshot - {}
RESULT: {}
COMMAND: POST /session/4a8a75bcbd0d44f703d13edc121f15a8/element - {"using":"xpath","value":"//span[contains(text(), \"Demo Yard\")]"}
RESULT: {"using":"xpath","value":"//span[contains(text(), \"Demo Yard\")]"}
COMMAND: POST /session/4a8a75bcbd0d44f703d13edc121f15a8/element/f.093A703FE9E59CF09BD9C73E01D6E334.d.B9014F286A5BE11E9F00A83810BB0C59.e.785/click - {}
RESULT: {}
COMMAND: GET /session/4a8a75bcbd0d44f703d13edc121f15a8/screenshot - {}
RESULT: {}
COMMAND: POST /session/4a8a75bcbd0d44f703d13edc121f15a8/element - {"using":"xpath","value":"//bdi[contains(text(), \"OK\")]"}
RESULT: {"using":"xpath","value":"//bdi[contains(text(), \"OK\")]"}
COMMAND: POST /session/4a8a75bcbd0d44f703d13edc121f15a8/element/f.093A703FE9E59CF09BD9C73E01D6E334.d.B9014F286A5BE11E9F00A83810BB0C59.e.786/click - {}
RESULT: {}
COMMAND: GET /session/4a8a75bcbd0d44f703d13edc121f15a8/screenshot - {}
RESULT: {}
COMMAND: POST /session/4a8a75bcbd0d44f703d13edc121f15a8/execute/async - {"script":"<script> [1562 bytes]","args":[{"selector":{"id":"application-manageyards-display-component---NewYard--addressEditDetailsCurrency-arrow"},"wdio_ui5_key":"applicationmanageyards-display-component---NewYard--addressEditDetailsCurrency-arrow"}]}
RESULT: {"script":"<script> [1562 bytes]","args":[{"selector":{"id":"application-manageyards-display-component---NewYard--addressEditDetailsCurrency-arrow"},"wdio_ui5_key":"applicationmanageyards-display-component---NewYard--addressEditDetailsCurrency-arrow"}]}
RESULT: undefined
COMMAND: POST /session/4a8a75bcbd0d44f703d13edc121f15a8/element - {"using":"xpath","value":"//*[@id=\"application-manageyards-display-component---NewYard--addressEditDetailsCurrency-arrow\"]"}
RESULT: {"using":"xpath","value":"//*[@id=\"application-manageyards-display-component---NewYard--addressEditDetailsCurrency-arrow\"]"}
COMMAND: POST /session/4a8a75bcbd0d44f703d13edc121f15a8/element/f.093A703FE9E59CF09BD9C73E01D6E334.d.B9014F286A5BE11E9F00A83810BB0C59.e.789/click - {}
RESULT: {}
COMMAND: POST /session/4a8a75bcbd0d44f703d13edc121f15a8/element - {"using":"xpath","value":"//span[contains(text(), \"Euro\")]"}
COMMAND: GET /session/4a8a75bcbd0d44f703d13edc121f15a8/screenshot - {}
RESULT: {"using":"xpath","value":"//span[contains(text(), \"Euro\")]"}
COMMAND: POST /session/4a8a75bcbd0d44f703d13edc121f15a8/element/f.093A703FE9E59CF09BD9C73E01D6E334.d.B9014F286A5BE11E9F00A83810BB0C59.e.790/click - {}
RESULT: {}
RESULT: {}
COMMAND: POST /session/4a8a75bcbd0d44f703d13edc121f15a8/execute/async - {"script":"<script> [1562 bytes]","args":[{"selector":{"controlType":"sap.m.Input","viewName":"etm.portal.ui.manageyards.view.New","viewId":"application-manageyards-display-component---NewYard","bindingPath":{"path":"","propertyPath":"/CONTROLLING_AREA","modelName":"NewYardModel"},"interaction":{"idSuffix":"inner"}},"wdio_ui5_key":"etmportal.ui.manageyards.view.Newsap.m.Input{\"path\":\"\",\"propertyPath\":\"/CONTROLLING_AREA\",\"modelName\":\"NewYardModel\"}"}]}
COMMAND: GET /session/4a8a75bcbd0d44f703d13edc121f15a8/screenshot - {}
RESULT: {"script":"<script> [1562 bytes]","args":[{"selector":{"controlType":"sap.m.Input","viewName":"etm.portal.ui.manageyards.view.New","viewId":"application-manageyards-display-component---NewYard","bindingPath":{"path":"","propertyPath":"/CONTROLLING_AREA","modelName":"NewYardModel"},"interaction":{"idSuffix":"inner"}},"wdio_ui5_key":"etmportal.ui.manageyards.view.Newsap.m.Input{\"path\":\"\",\"propertyPath\":\"/CONTROLLING_AREA\",\"modelName\":\"NewYardModel\"}"}]}
RESULT: undefined
COMMAND: POST /session/4a8a75bcbd0d44f703d13edc121f15a8/execute/async - {"script":"<script> [776 bytes]","args":[{"enterText":"Z001","selector":{"controlType":"sap.m.Input","viewName":"etm.portal.ui.manageyards.view.New","viewId":"application-manageyards-display-component---NewYard","bindingPath":{"path":"","propertyPath":"/CONTROLLING_AREA","modelName":"NewYardModel"},"interaction":{"idSuffix":"inner"}},"clearTextFirst":true,"interactionType":"ENTER_TEXT"}]}
RESULT: {}
RESULT: {"script":"<script> [776 bytes]","args":[{"enterText":"Z001","selector":{"controlType":"sap.m.Input","viewName":"etm.portal.ui.manageyards.view.New","viewId":"application-manageyards-display-component---NewYard","bindingPath":{"path":"","propertyPath":"/CONTROLLING_AREA","modelName":"NewYardModel"},"interaction":{"idSuffix":"inner"}},"clearTextFirst":true,"interactionType":"ENTER_TEXT"}]}
COMMAND: POST /session/4a8a75bcbd0d44f703d13edc121f15a8/execute/async - {"script":"<script> [1562 bytes]","args":[{"selector":{"id":"application-manageyards-display-component---NewYard--companyCodeComboBox","interaction":{"idSuffix":"inner"}},"wdio_ui5_key":"applicationmanageyards-display-component---NewYard--companyCodeComboBox"}]}
RESULT: {"script":"<script> [1562 bytes]","args":[{"selector":{"id":"application-manageyards-display-component---NewYard--companyCodeComboBox","interaction":{"idSuffix":"inner"}},"wdio_ui5_key":"applicationmanageyards-display-component---NewYard--companyCodeComboBox"}]}
RESULT: undefined
COMMAND: POST /session/4a8a75bcbd0d44f703d13edc121f15a8/execute/async - {"script":"<script> [776 bytes]","args":[{"enterText":"1000","selector":{"id":"application-manageyards-display-component---NewYard--companyCodeComboBox","interaction":{"idSuffix":"inner"}},"clearTextFirst":true,"interactionType":"ENTER_TEXT"}]}
RESULT: {"script":"<script> [776 bytes]","args":[{"enterText":"1000","selector":{"id":"application-manageyards-display-component---NewYard--companyCodeComboBox","interaction":{"idSuffix":"inner"}},"clearTextFirst":true,"interactionType":"ENTER_TEXT"}]}
COMMAND: POST /session/4a8a75bcbd0d44f703d13edc121f15a8/execute/async - {"script":"<script> [1562 bytes]","args":[{"selector":{"controlType":"sap.m.Input","viewName":"etm.portal.ui.manageyards.view.New","viewId":"application-manageyards-display-component---NewYard","bindingPath":{"path":"","propertyPath":"/PLANT","modelName":"NewYardModel"},"interaction":{"idSuffix":"inner"}},"wdio_ui5_key":"etmportal.ui.manageyards.view.Newsap.m.Input{\"path\":\"\",\"propertyPath\":\"/PLANT\",\"modelName\":\"NewYardModel\"}"}]}
RESULT: {"script":"<script> [1562 bytes]","args":[{"selector":{"controlType":"sap.m.Input","viewName":"etm.portal.ui.manageyards.view.New","viewId":"application-manageyards-display-component---NewYard","bindingPath":{"path":"","propertyPath":"/PLANT","modelName":"NewYardModel"},"interaction":{"idSuffix":"inner"}},"wdio_ui5_key":"etmportal.ui.manageyards.view.Newsap.m.Input{\"path\":\"\",\"propertyPath\":\"/PLANT\",\"modelName\":\"NewYardModel\"}"}]}
RESULT: undefined
COMMAND: POST /session/4a8a75bcbd0d44f703d13edc121f15a8/execute/async - {"script":"<script> [776 bytes]","args":[{"enterText":"1001","selector":{"controlType":"sap.m.Input","viewName":"etm.portal.ui.manageyards.view.New","viewId":"application-manageyards-display-component---NewYard","bindingPath":{"path":"","propertyPath":"/PLANT","modelName":"NewYardModel"},"interaction":{"idSuffix":"inner"}},"clearTextFirst":true,"interactionType":"ENTER_TEXT"}]}
RESULT: {"script":"<script> [776 bytes]","args":[{"enterText":"1001","selector":{"controlType":"sap.m.Input","viewName":"etm.portal.ui.manageyards.view.New","viewId":"application-manageyards-display-component---NewYard","bindingPath":{"path":"","propertyPath":"/PLANT","modelName":"NewYardModel"},"interaction":{"idSuffix":"inner"}},"clearTextFirst":true,"interactionType":"ENTER_TEXT"}]}
COMMAND: POST /session/4a8a75bcbd0d44f703d13edc121f15a8/execute/async - {"script":"<script> [1562 bytes]","args":[{"selector":{"controlType":"sap.m.Input","viewName":"etm.portal.ui.manageyards.view.New","viewId":"application-manageyards-display-component---NewYard","bindingPath":{"path":"","propertyPath":"/SALES_AREA_VKORG","modelName":"NewYardModel"},"interaction":{"idSuffix":"inner"}},"wdio_ui5_key":"etmportal.ui.manageyards.view.Newsap.m.Input{\"path\":\"\",\"propertyPath\":\"/SALES_AREA_VKORG\",\"modelName\":\"NewYardModel\"}"}]}
RESULT: {"script":"<script> [1562 bytes]","args":[{"selector":{"controlType":"sap.m.Input","viewName":"etm.portal.ui.manageyards.view.New","viewId":"application-manageyards-display-component---NewYard","bindingPath":{"path":"","propertyPath":"/SALES_AREA_VKORG","modelName":"NewYardModel"},"interaction":{"idSuffix":"inner"}},"wdio_ui5_key":"etmportal.ui.manageyards.view.Newsap.m.Input{\"path\":\"\",\"propertyPath\":\"/SALES_AREA_VKORG\",\"modelName\":\"NewYardModel\"}"}]}
RESULT: undefined
COMMAND: POST /session/4a8a75bcbd0d44f703d13edc121f15a8/execute/async - {"script":"<script> [776 bytes]","args":[{"enterText":"C002","selector":{"controlType":"sap.m.Input","viewName":"etm.portal.ui.manageyards.view.New","viewId":"application-manageyards-display-component---NewYard","bindingPath":{"path":"","propertyPath":"/SALES_AREA_VKORG","modelName":"NewYardModel"},"interaction":{"idSuffix":"inner"}},"clearTextFirst":true,"interactionType":"ENTER_TEXT"}]}
RESULT: {"script":"<script> [776 bytes]","args":[{"enterText":"C002","selector":{"controlType":"sap.m.Input","viewName":"etm.portal.ui.manageyards.view.New","viewId":"application-manageyards-display-component---NewYard","bindingPath":{"path":"","propertyPath":"/SALES_AREA_VKORG","modelName":"NewYardModel"},"interaction":{"idSuffix":"inner"}},"clearTextFirst":true,"interactionType":"ENTER_TEXT"}]}
COMMAND: POST /session/4a8a75bcbd0d44f703d13edc121f15a8/execute/async - {"script":"<script> [1562 bytes]","args":[{"selector":{"controlType":"sap.m.Input","viewName":"etm.portal.ui.manageyards.view.New","viewId":"application-manageyards-display-component---NewYard","bindingPath":{"path":"","propertyPath":"/SALES_AREA_VTWEG","modelName":"NewYardModel"},"interaction":{"idSuffix":"inner"}},"wdio_ui5_key":"etmportal.ui.manageyards.view.Newsap.m.Input{\"path\":\"\",\"propertyPath\":\"/SALES_AREA_VTWEG\",\"modelName\":\"NewYardModel\"}"}]}
RESULT: {"script":"<script> [1562 bytes]","args":[{"selector":{"controlType":"sap.m.Input","viewName":"etm.portal.ui.manageyards.view.New","viewId":"application-manageyards-display-component---NewYard","bindingPath":{"path":"","propertyPath":"/SALES_AREA_VTWEG","modelName":"NewYardModel"},"interaction":{"idSuffix":"inner"}},"wdio_ui5_key":"etmportal.ui.manageyards.view.Newsap.m.Input{\"path\":\"\",\"propertyPath\":\"/SALES_AREA_VTWEG\",\"modelName\":\"NewYardModel\"}"}]}
RESULT: undefined
COMMAND: POST /session/4a8a75bcbd0d44f703d13edc121f15a8/execute/async - {"script":"<script> [776 bytes]","args":[{"enterText":"C2","selector":{"controlType":"sap.m.Input","viewName":"etm.portal.ui.manageyards.view.New","viewId":"application-manageyards-display-component---NewYard","bindingPath":{"path":"","propertyPath":"/SALES_AREA_VTWEG","modelName":"NewYardModel"},"interaction":{"idSuffix":"inner"}},"clearTextFirst":true,"interactionType":"ENTER_TEXT"}]}
RESULT: {"script":"<script> [776 bytes]","args":[{"enterText":"C2","selector":{"controlType":"sap.m.Input","viewName":"etm.portal.ui.manageyards.view.New","viewId":"application-manageyards-display-component---NewYard","bindingPath":{"path":"","propertyPath":"/SALES_AREA_VTWEG","modelName":"NewYardModel"},"interaction":{"idSuffix":"inner"}},"clearTextFirst":true,"interactionType":"ENTER_TEXT"}]}
COMMAND: POST /session/4a8a75bcbd0d44f703d13edc121f15a8/execute/async - {"script":"<script> [1562 bytes]","args":[{"selector":{"controlType":"sap.m.Input","viewName":"etm.portal.ui.manageyards.view.New","viewId":"application-manageyards-display-component---NewYard","bindingPath":{"path":"","propertyPath":"/SALES_AREA_SPART","modelName":"NewYardModel"},"interaction":{"idSuffix":"inner"}},"wdio_ui5_key":"etmportal.ui.manageyards.view.Newsap.m.Input{\"path\":\"\",\"propertyPath\":\"/SALES_AREA_SPART\",\"modelName\":\"NewYardModel\"}"}]}
RESULT: {"script":"<script> [1562 bytes]","args":[{"selector":{"controlType":"sap.m.Input","viewName":"etm.portal.ui.manageyards.view.New","viewId":"application-manageyards-display-component---NewYard","bindingPath":{"path":"","propertyPath":"/SALES_AREA_SPART","modelName":"NewYardModel"},"interaction":{"idSuffix":"inner"}},"wdio_ui5_key":"etmportal.ui.manageyards.view.Newsap.m.Input{\"path\":\"\",\"propertyPath\":\"/SALES_AREA_SPART\",\"modelName\":\"NewYardModel\"}"}]}
RESULT: undefined
COMMAND: POST /session/4a8a75bcbd0d44f703d13edc121f15a8/execute/async - {"script":"<script> [776 bytes]","args":[{"enterText":"C2","selector":{"controlType":"sap.m.Input","viewName":"etm.portal.ui.manageyards.view.New","viewId":"application-manageyards-display-component---NewYard","bindingPath":{"path":"","propertyPath":"/SALES_AREA_SPART","modelName":"NewYardModel"},"interaction":{"idSuffix":"inner"}},"clearTextFirst":true,"interactionType":"ENTER_TEXT"}]}
RESULT: {"script":"<script> [776 bytes]","args":[{"enterText":"C2","selector":{"controlType":"sap.m.Input","viewName":"etm.portal.ui.manageyards.view.New","viewId":"application-manageyards-display-component---NewYard","bindingPath":{"path":"","propertyPath":"/SALES_AREA_SPART","modelName":"NewYardModel"},"interaction":{"idSuffix":"inner"}},"clearTextFirst":true,"interactionType":"ENTER_TEXT"}]}
COMMAND: POST /session/4a8a75bcbd0d44f703d13edc121f15a8/execute/async - {"script":"<script> [1562 bytes]","args":[{"selector":{"controlType":"sap.m.Input","viewName":"etm.portal.ui.manageyards.view.New","viewId":"application-manageyards-display-component---NewYard","bindingPath":{"path":"","propertyPath":"/SHIP_POINT","modelName":"NewYardModel"},"interaction":{"idSuffix":"inner"}},"wdio_ui5_key":"etmportal.ui.manageyards.view.Newsap.m.Input{\"path\":\"\",\"propertyPath\":\"/SHIP_POINT\",\"modelName\":\"NewYardModel\"}"}]}
RESULT: {"script":"<script> [1562 bytes]","args":[{"selector":{"controlType":"sap.m.Input","viewName":"etm.portal.ui.manageyards.view.New","viewId":"application-manageyards-display-component---NewYard","bindingPath":{"path":"","propertyPath":"/SHIP_POINT","modelName":"NewYardModel"},"interaction":{"idSuffix":"inner"}},"wdio_ui5_key":"etmportal.ui.manageyards.view.Newsap.m.Input{\"path\":\"\",\"propertyPath\":\"/SHIP_POINT\",\"modelName\":\"NewYardModel\"}"}]}
RESULT: undefined
COMMAND: POST /session/4a8a75bcbd0d44f703d13edc121f15a8/execute/async - {"script":"<script> [776 bytes]","args":[{"enterText":"1710","selector":{"controlType":"sap.m.Input","viewName":"etm.portal.ui.manageyards.view.New","viewId":"application-manageyards-display-component---NewYard","bindingPath":{"path":"","propertyPath":"/SHIP_POINT","modelName":"NewYardModel"},"interaction":{"idSuffix":"inner"}},"clearTextFirst":true,"interactionType":"ENTER_TEXT"}]}
RESULT: {"script":"<script> [776 bytes]","args":[{"enterText":"1710","selector":{"controlType":"sap.m.Input","viewName":"etm.portal.ui.manageyards.view.New","viewId":"application-manageyards-display-component---NewYard","bindingPath":{"path":"","propertyPath":"/SHIP_POINT","modelName":"NewYardModel"},"interaction":{"idSuffix":"inner"}},"clearTextFirst":true,"interactionType":"ENTER_TEXT"}]}
COMMAND: POST /session/4a8a75bcbd0d44f703d13edc121f15a8/execute/async - {"script":"<script> [1562 bytes]","args":[{"selector":{"controlType":"sap.m.Input","viewName":"etm.portal.ui.manageyards.view.New","viewId":"application-manageyards-display-component---NewYard","bindingPath":{"path":"","propertyPath":"/DELIVERY_TYPE","modelName":"NewYardModel"},"interaction":{"idSuffix":"inner"}},"wdio_ui5_key":"etmportal.ui.manageyards.view.Newsap.m.Input{\"path\":\"\",\"propertyPath\":\"/DELIVERY_TYPE\",\"modelName\":\"NewYardModel\"}"}]}
RESULT: {"script":"<script> [1562 bytes]","args":[{"selector":{"controlType":"sap.m.Input","viewName":"etm.portal.ui.manageyards.view.New","viewId":"application-manageyards-display-component---NewYard","bindingPath":{"path":"","propertyPath":"/DELIVERY_TYPE","modelName":"NewYardModel"},"interaction":{"idSuffix":"inner"}},"wdio_ui5_key":"etmportal.ui.manageyards.view.Newsap.m.Input{\"path\":\"\",\"propertyPath\":\"/DELIVERY_TYPE\",\"modelName\":\"NewYardModel\"}"}]}
RESULT: undefined
COMMAND: POST /session/4a8a75bcbd0d44f703d13edc121f15a8/execute/async - {"script":"<script> [776 bytes]","args":[{"enterText":"ZL01","selector":{"controlType":"sap.m.Input","viewName":"etm.portal.ui.manageyards.view.New","viewId":"application-manageyards-display-component---NewYard","bindingPath":{"path":"","propertyPath":"/DELIVERY_TYPE","modelName":"NewYardModel"},"interaction":{"idSuffix":"inner"}},"clearTextFirst":true,"interactionType":"ENTER_TEXT"}]}
RESULT: {"script":"<script> [776 bytes]","args":[{"enterText":"ZL01","selector":{"controlType":"sap.m.Input","viewName":"etm.portal.ui.manageyards.view.New","viewId":"application-manageyards-display-component---NewYard","bindingPath":{"path":"","propertyPath":"/DELIVERY_TYPE","modelName":"NewYardModel"},"interaction":{"idSuffix":"inner"}},"clearTextFirst":true,"interactionType":"ENTER_TEXT"}]}
COMMAND: POST /session/4a8a75bcbd0d44f703d13edc121f15a8/execute/async - {"script":"<script> [1562 bytes]","args":[{"selector":{"controlType":"sap.m.Input","viewName":"etm.portal.ui.manageyards.view.New","viewId":"application-manageyards-display-component---NewYard","bindingPath":{"path":"","propertyPath":"/AUART","modelName":"NewYardModel"},"interaction":{"idSuffix":"inner"}},"wdio_ui5_key":"etmportal.ui.manageyards.view.Newsap.m.Input{\"path\":\"\",\"propertyPath\":\"/AUART\",\"modelName\":\"NewYardModel\"}"}]}
RESULT: {"script":"<script> [1562 bytes]","args":[{"selector":{"controlType":"sap.m.Input","viewName":"etm.portal.ui.manageyards.view.New","viewId":"application-manageyards-display-component---NewYard","bindingPath":{"path":"","propertyPath":"/AUART","modelName":"NewYardModel"},"interaction":{"idSuffix":"inner"}},"wdio_ui5_key":"etmportal.ui.manageyards.view.Newsap.m.Input{\"path\":\"\",\"propertyPath\":\"/AUART\",\"modelName\":\"NewYardModel\"}"}]}
RESULT: undefined
COMMAND: POST /session/4a8a75bcbd0d44f703d13edc121f15a8/execute/async - {"script":"<script> [776 bytes]","args":[{"enterText":"TA","selector":{"controlType":"sap.m.Input","viewName":"etm.portal.ui.manageyards.view.New","viewId":"application-manageyards-display-component---NewYard","bindingPath":{"path":"","propertyPath":"/AUART","modelName":"NewYardModel"},"interaction":{"idSuffix":"inner"}},"clearTextFirst":true,"interactionType":"ENTER_TEXT"}]}
RESULT: {"script":"<script> [776 bytes]","args":[{"enterText":"TA","selector":{"controlType":"sap.m.Input","viewName":"etm.portal.ui.manageyards.view.New","viewId":"application-manageyards-display-component---NewYard","bindingPath":{"path":"","propertyPath":"/AUART","modelName":"NewYardModel"},"interaction":{"idSuffix":"inner"}},"clearTextFirst":true,"interactionType":"ENTER_TEXT"}]}
COMMAND: POST /session/4a8a75bcbd0d44f703d13edc121f15a8/element - {"using":"xpath","value":"//button[@data-kt=\"newYardSaveButton\"]"}
RESULT: {"using":"xpath","value":"//button[@data-kt=\"newYardSaveButton\"]"}
COMMAND: POST /session/4a8a75bcbd0d44f703d13edc121f15a8/element/f.093A703FE9E59CF09BD9C73E01D6E334.d.B9014F286A5BE11E9F00A83810BB0C59.e.718/click - {}
RESULT: {}
COMMAND: GET /session/4a8a75bcbd0d44f703d13edc121f15a8/screenshot - {}
RESULT: {}
COMMAND: POST /session/4a8a75bcbd0d44f703d13edc121f15a8/element - {"using":"xpath","value":"//header[contains(@id, 'ObjectPageLayout-headerTitle')]/div[1]/div[2]/div[1]/span[1]"}
RESULT: {"using":"xpath","value":"//header[contains(@id, 'ObjectPageLayout-headerTitle')]/div[1]/div[2]/div[1]/span[1]"}
COMMAND: POST /session/4a8a75bcbd0d44f703d13edc121f15a8/elements - {"using":"xpath","value":"//header[contains(@id, 'ObjectPageLayout-headerTitle')]/div[1]/div[2]/div[1]/span[1]"}
RESULT: {"using":"xpath","value":"//header[contains(@id, 'ObjectPageLayout-headerTitle')]/div[1]/div[2]/div[1]/span[1]"}
COMMAND: POST /session/4a8a75bcbd0d44f703d13edc121f15a8/execute/sync - {"script":"<script> [56 bytes]","args":[{"element-6066-11e4-a52e-4f735466cecf":"f.093A703FE9E59CF09BD9C73E01D6E334.d.B9014F286A5BE11E9F00A83810BB0C59.e.1014","ELEMENT":"f.093A703FE9E59CF09BD9C73E01D6E334.d.B9014F286A5BE11E9F00A83810BB0C59.e.1014"}]}
RESULT: {"script":"<script> [56 bytes]","args":[{"element-6066-11e4-a52e-4f735466cecf":"f.093A703FE9E59CF09BD9C73E01D6E334.d.B9014F286A5BE11E9F00A83810BB0C59.e.1014","ELEMENT":"f.093A703FE9E59CF09BD9C73E01D6E334.d.B9014F286A5BE11E9F00A83810BB0C59.e.1014"}]}
COMMAND: GET /session/4a8a75bcbd0d44f703d13edc121f15a8/screenshot - {}
COMMAND: POST /session/4a8a75bcbd0d44f703d13edc121f15a8/execute/sync - {"script":"<script> [56 bytes]","args":[{"element-6066-11e4-a52e-4f735466cecf":"f.093A703FE9E59CF09BD9C73E01D6E334.d.B9014F286A5BE11E9F00A83810BB0C59.e.1014","ELEMENT":"f.093A703FE9E59CF09BD9C73E01D6E334.d.B9014F286A5BE11E9F00A83810BB0C59.e.1014"}]}
RESULT: {}
RESULT: {"script":"<script> [56 bytes]","args":[{"element-6066-11e4-a52e-4f735466cecf":"f.093A703FE9E59CF09BD9C73E01D6E334.d.B9014F286A5BE11E9F00A83810BB0C59.e.1014","ELEMENT":"f.093A703FE9E59CF09BD9C73E01D6E334.d.B9014F286A5BE11E9F00A83810BB0C59.e.1014"}]}
COMMAND: POST /session/4a8a75bcbd0d44f703d13edc121f15a8/execute/sync - {"script":"<script> [56 bytes]","args":[{"element-6066-11e4-a52e-4f735466cecf":"f.093A703FE9E59CF09BD9C73E01D6E334.d.B9014F286A5BE11E9F00A83810BB0C59.e.1014","ELEMENT":"f.093A703FE9E59CF09BD9C73E01D6E334.d.B9014F286A5BE11E9F00A83810BB0C59.e.1014"}]}
COMMAND: GET /session/4a8a75bcbd0d44f703d13edc121f15a8/screenshot - {}
RESULT: {"script":"<script> [56 bytes]","args":[{"element-6066-11e4-a52e-4f735466cecf":"f.093A703FE9E59CF09BD9C73E01D6E334.d.B9014F286A5BE11E9F00A83810BB0C59.e.1014","ELEMENT":"f.093A703FE9E59CF09BD9C73E01D6E334.d.B9014F286A5BE11E9F00A83810BB0C59.e.1014"}]}
COMMAND: GET /session/4a8a75bcbd0d44f703d13edc121f15a8/screenshot - {}
RESULT: {}
RESULT: {}
COMMAND: POST /session/4a8a75bcbd0d44f703d13edc121f15a8/element - {"using":"css selector","value":"#shell-header-logo"}
RESULT: {"using":"css selector","value":"#shell-header-logo"}
COMMAND: POST /session/4a8a75bcbd0d44f703d13edc121f15a8/element/f.093A703FE9E59CF09BD9C73E01D6E334.d.B9014F286A5BE11E9F00A83810BB0C59.e.269/click - {}
RESULT: {}
COMMAND: GET /session/4a8a75bcbd0d44f703d13edc121f15a8/screenshot - {}
RESULT: {}
COMMAND: POST /session/4a8a75bcbd0d44f703d13edc121f15a8/execute/sync - {"script":"<script> [299 bytes]","args":[["getModel","getResource"]]}
RESULT: {"script":"<script> [299 bytes]","args":[["getModel","getResource"]]}
COMMAND: GET /session/4a8a75bcbd0d44f703d13edc121f15a8/screenshot - {}
]]></system-out>
    </testcase>
    <testcase classname="chrome.137_0_7151_69.windows.Partner_specific_tests_US150819_US151080_US151654_US151176_US103444_US151078_US151079_US151109_US151174_US151175_US151189" name="Should create new external partner US150819" time="110.794">
      <system-out><![CDATA[
COMMAND: POST /session/4a8a75bcbd0d44f703d13edc121f15a8/element - {"using":"xpath","value":"//li[.//span[text()=\"Manage Partners\"]]"}
RESULT: {"using":"xpath","value":"//li[.//span[text()=\"Manage Partners\"]]"}
COMMAND: POST /session/4a8a75bcbd0d44f703d13edc121f15a8/element - {"using":"xpath","value":"//li[.//span[text()=\"Manage Partners\"]]"}
RESULT: {}
RESULT: {"using":"xpath","value":"//li[.//span[text()=\"Manage Partners\"]]"}
COMMAND: POST /session/4a8a75bcbd0d44f703d13edc121f15a8/element - {"using":"css selector","value":"#shell-header-logo"}
RESULT: {"using":"css selector","value":"#shell-header-logo"}
COMMAND: POST /session/4a8a75bcbd0d44f703d13edc121f15a8/element/f.093A703FE9E59CF09BD9C73E01D6E334.d.B9014F286A5BE11E9F00A83810BB0C59.e.1021/click - {}
COMMAND: POST /session/4a8a75bcbd0d44f703d13edc121f15a8/execute/sync - {"script":"<script> [8489 bytes]","args":[{"element-6066-11e4-a52e-4f735466cecf":"f.093A703FE9E59CF09BD9C73E01D6E334.d.B9014F286A5BE11E9F00A83810BB0C59.e.1021","ELEMENT":"f.093A703FE9E59CF09BD9C73E01D6E334.d.B9014F286A5BE11E9F00A83810BB0C59.e.1021"}]}
RESULT: {}
COMMAND: GET /session/4a8a75bcbd0d44f703d13edc121f15a8/screenshot - {}
RESULT: {"script":"<script> [8489 bytes]","args":[{"element-6066-11e4-a52e-4f735466cecf":"f.093A703FE9E59CF09BD9C73E01D6E334.d.B9014F286A5BE11E9F00A83810BB0C59.e.1021","ELEMENT":"f.093A703FE9E59CF09BD9C73E01D6E334.d.B9014F286A5BE11E9F00A83810BB0C59.e.1021"}]}
COMMAND: POST /session/4a8a75bcbd0d44f703d13edc121f15a8/execute/sync - {"script":"<script> [5351 bytes]","args":[{"element-6066-11e4-a52e-4f735466cecf":"f.093A703FE9E59CF09BD9C73E01D6E334.d.B9014F286A5BE11E9F00A83810BB0C59.e.1021","ELEMENT":"f.093A703FE9E59CF09BD9C73E01D6E334.d.B9014F286A5BE11E9F00A83810BB0C59.e.1021"}]}
COMMAND: GET /session/4a8a75bcbd0d44f703d13edc121f15a8/screenshot - {}
RESULT: {}
RESULT: {"script":"<script> [5351 bytes]","args":[{"element-6066-11e4-a52e-4f735466cecf":"f.093A703FE9E59CF09BD9C73E01D6E334.d.B9014F286A5BE11E9F00A83810BB0C59.e.1021","ELEMENT":"f.093A703FE9E59CF09BD9C73E01D6E334.d.B9014F286A5BE11E9F00A83810BB0C59.e.1021"}]}
COMMAND: GET /session/4a8a75bcbd0d44f703d13edc121f15a8/screenshot - {}
RESULT: {}
RESULT: {}
COMMAND: POST /session/4a8a75bcbd0d44f703d13edc121f15a8/window/fullscreen - {}
RESULT: {}
COMMAND: POST /session/4a8a75bcbd0d44f703d13edc121f15a8/execute/async - {"script":"<script> [1562 bytes]","args":[{"selector":{"controlType":"sap.m.GenericTile","properties":{"header":"Manage Partners"}},"wdio_ui5_key":"sapm.GenericTile{\"header\":\"Manage Partners\"}"}]}
RESULT: {"script":"<script> [1562 bytes]","args":[{"selector":{"controlType":"sap.m.GenericTile","properties":{"header":"Manage Partners"}},"wdio_ui5_key":"sapm.GenericTile{\"header\":\"Manage Partners\"}"}]}
RESULT: undefined
COMMAND: POST /session/4a8a75bcbd0d44f703d13edc121f15a8/element - {"using":"xpath","value":"//*[@id=\"__tile39\"]"}
RESULT: {"using":"xpath","value":"//*[@id=\"__tile39\"]"}
COMMAND: POST /session/4a8a75bcbd0d44f703d13edc121f15a8/element/f.093A703FE9E59CF09BD9C73E01D6E334.d.B9014F286A5BE11E9F00A83810BB0C59.e.152/click - {}
RESULT: {}
COMMAND: GET /session/4a8a75bcbd0d44f703d13edc121f15a8/screenshot - {}
RESULT: {}
COMMAND: POST /session/4a8a75bcbd0d44f703d13edc121f15a8/elements - {"using":"xpath","value":"//span[text()='Error']"}
RESULT: {"using":"xpath","value":"//span[text()='Error']"}
COMMAND: POST /session/4a8a75bcbd0d44f703d13edc121f15a8/element - {"using":"xpath","value":"//button[@data-kt=\"addButton\"]"}
RESULT: {"using":"xpath","value":"//button[@data-kt=\"addButton\"]"}
COMMAND: POST /session/4a8a75bcbd0d44f703d13edc121f15a8/elements - {"using":"xpath","value":"//button[@data-kt=\"addButton\"]"}
RESULT: {"using":"xpath","value":"//button[@data-kt=\"addButton\"]"}
COMMAND: POST /session/4a8a75bcbd0d44f703d13edc121f15a8/execute/sync - {"script":"<script> [8489 bytes]","args":[{"element-6066-11e4-a52e-4f735466cecf":"f.093A703FE9E59CF09BD9C73E01D6E334.d.B9014F286A5BE11E9F00A83810BB0C59.e.1056","ELEMENT":"f.093A703FE9E59CF09BD9C73E01D6E334.d.B9014F286A5BE11E9F00A83810BB0C59.e.1056"}]}
RESULT: {"script":"<script> [8489 bytes]","args":[{"element-6066-11e4-a52e-4f735466cecf":"f.093A703FE9E59CF09BD9C73E01D6E334.d.B9014F286A5BE11E9F00A83810BB0C59.e.1056","ELEMENT":"f.093A703FE9E59CF09BD9C73E01D6E334.d.B9014F286A5BE11E9F00A83810BB0C59.e.1056"}]}
COMMAND: GET /session/4a8a75bcbd0d44f703d13edc121f15a8/element/f.093A703FE9E59CF09BD9C73E01D6E334.d.B9014F286A5BE11E9F00A83810BB0C59.e.1056/enabled - {}
COMMAND: GET /session/4a8a75bcbd0d44f703d13edc121f15a8/screenshot - {}
RESULT: {}
COMMAND: POST /session/4a8a75bcbd0d44f703d13edc121f15a8/execute/sync - {"script":"<script> [8489 bytes]","args":[{"element-6066-11e4-a52e-4f735466cecf":"f.093A703FE9E59CF09BD9C73E01D6E334.d.B9014F286A5BE11E9F00A83810BB0C59.e.1056","ELEMENT":"f.093A703FE9E59CF09BD9C73E01D6E334.d.B9014F286A5BE11E9F00A83810BB0C59.e.1056"}]}
COMMAND: GET /session/4a8a75bcbd0d44f703d13edc121f15a8/screenshot - {}
RESULT: {}
RESULT: {"script":"<script> [8489 bytes]","args":[{"element-6066-11e4-a52e-4f735466cecf":"f.093A703FE9E59CF09BD9C73E01D6E334.d.B9014F286A5BE11E9F00A83810BB0C59.e.1056","ELEMENT":"f.093A703FE9E59CF09BD9C73E01D6E334.d.B9014F286A5BE11E9F00A83810BB0C59.e.1056"}]}
COMMAND: POST /session/4a8a75bcbd0d44f703d13edc121f15a8/execute/sync - {"script":"<script> [5351 bytes]","args":[{"element-6066-11e4-a52e-4f735466cecf":"f.093A703FE9E59CF09BD9C73E01D6E334.d.B9014F286A5BE11E9F00A83810BB0C59.e.1056","ELEMENT":"f.093A703FE9E59CF09BD9C73E01D6E334.d.B9014F286A5BE11E9F00A83810BB0C59.e.1056"}]}
COMMAND: GET /session/4a8a75bcbd0d44f703d13edc121f15a8/screenshot - {}
RESULT: {}
RESULT: {"script":"<script> [5351 bytes]","args":[{"element-6066-11e4-a52e-4f735466cecf":"f.093A703FE9E59CF09BD9C73E01D6E334.d.B9014F286A5BE11E9F00A83810BB0C59.e.1056","ELEMENT":"f.093A703FE9E59CF09BD9C73E01D6E334.d.B9014F286A5BE11E9F00A83810BB0C59.e.1056"}]}
COMMAND: POST /session/4a8a75bcbd0d44f703d13edc121f15a8/element/f.093A703FE9E59CF09BD9C73E01D6E334.d.B9014F286A5BE11E9F00A83810BB0C59.e.1056/click - {}
COMMAND: GET /session/4a8a75bcbd0d44f703d13edc121f15a8/screenshot - {}
RESULT: {}
RESULT: {}
COMMAND: GET /session/4a8a75bcbd0d44f703d13edc121f15a8/screenshot - {}
RESULT: {}
RESULT: {}
COMMAND: POST /session/4a8a75bcbd0d44f703d13edc121f15a8/execute/async - {"script":"<script> [1562 bytes]","args":[{"selector":{"id":"application-managepartners-display-component---NewPartner--addressDetailDetailsName1","interaction":{"idSuffix":"inner"}},"wdio_ui5_key":"applicationmanagepartners-display-component---NewPartner--addressDetailDetailsName1"}]}
RESULT: {"script":"<script> [1562 bytes]","args":[{"selector":{"id":"application-managepartners-display-component---NewPartner--addressDetailDetailsName1","interaction":{"idSuffix":"inner"}},"wdio_ui5_key":"applicationmanagepartners-display-component---NewPartner--addressDetailDetailsName1"}]}
RESULT: undefined
COMMAND: POST /session/4a8a75bcbd0d44f703d13edc121f15a8/execute/async - {"script":"<script> [776 bytes]","args":[{"enterText":"External Partner WDIO","selector":{"id":"application-managepartners-display-component---NewPartner--addressDetailDetailsName1","interaction":{"idSuffix":"inner"}},"clearTextFirst":true,"interactionType":"ENTER_TEXT"}]}
RESULT: {"script":"<script> [776 bytes]","args":[{"enterText":"External Partner WDIO","selector":{"id":"application-managepartners-display-component---NewPartner--addressDetailDetailsName1","interaction":{"idSuffix":"inner"}},"clearTextFirst":true,"interactionType":"ENTER_TEXT"}]}
COMMAND: POST /session/4a8a75bcbd0d44f703d13edc121f15a8/execute/async - {"script":"<script> [1562 bytes]","args":[{"selector":{"id":"application-managepartners-display-component---NewPartner--addressDetailDetailsLanguage-arrow"},"wdio_ui5_key":"applicationmanagepartners-display-component---NewPartner--addressDetailDetailsLanguage-arrow"}]}
RESULT: {"script":"<script> [1562 bytes]","args":[{"selector":{"id":"application-managepartners-display-component---NewPartner--addressDetailDetailsLanguage-arrow"},"wdio_ui5_key":"applicationmanagepartners-display-component---NewPartner--addressDetailDetailsLanguage-arrow"}]}
RESULT: undefined
COMMAND: POST /session/4a8a75bcbd0d44f703d13edc121f15a8/element - {"using":"xpath","value":"//*[@id=\"application-managepartners-display-component---NewPartner--addressDetailDetailsLanguage-arrow\"]"}
RESULT: {"using":"xpath","value":"//*[@id=\"application-managepartners-display-component---NewPartner--addressDetailDetailsLanguage-arrow\"]"}
COMMAND: POST /session/4a8a75bcbd0d44f703d13edc121f15a8/element/f.093A703FE9E59CF09BD9C73E01D6E334.d.B9014F286A5BE11E9F00A83810BB0C59.e.1503/click - {}
RESULT: {}
COMMAND: POST /session/4a8a75bcbd0d44f703d13edc121f15a8/element - {"using":"xpath","value":"//span[contains(text(), \"English\")]"}
COMMAND: GET /session/4a8a75bcbd0d44f703d13edc121f15a8/screenshot - {}
RESULT: {"using":"xpath","value":"//span[contains(text(), \"English\")]"}
COMMAND: POST /session/4a8a75bcbd0d44f703d13edc121f15a8/element/f.093A703FE9E59CF09BD9C73E01D6E334.d.B9014F286A5BE11E9F00A83810BB0C59.e.1504/click - {}
RESULT: {}
RESULT: {}
COMMAND: GET /session/4a8a75bcbd0d44f703d13edc121f15a8/screenshot - {}
RESULT: {}
COMMAND: POST /session/4a8a75bcbd0d44f703d13edc121f15a8/execute/async - {"script":"<script> [1562 bytes]","args":[{"selector":{"id":"application-managepartners-display-component---NewPartner--addressDetailDetailsCity1","interaction":{"idSuffix":"inner"}},"wdio_ui5_key":"applicationmanagepartners-display-component---NewPartner--addressDetailDetailsCity1"}]}
RESULT: {"script":"<script> [1562 bytes]","args":[{"selector":{"id":"application-managepartners-display-component---NewPartner--addressDetailDetailsCity1","interaction":{"idSuffix":"inner"}},"wdio_ui5_key":"applicationmanagepartners-display-component---NewPartner--addressDetailDetailsCity1"}]}
RESULT: undefined
COMMAND: POST /session/4a8a75bcbd0d44f703d13edc121f15a8/execute/async - {"script":"<script> [776 bytes]","args":[{"enterText":"Rosario","selector":{"id":"application-managepartners-display-component---NewPartner--addressDetailDetailsCity1","interaction":{"idSuffix":"inner"}},"clearTextFirst":true,"interactionType":"ENTER_TEXT"}]}
RESULT: {"script":"<script> [776 bytes]","args":[{"enterText":"Rosario","selector":{"id":"application-managepartners-display-component---NewPartner--addressDetailDetailsCity1","interaction":{"idSuffix":"inner"}},"clearTextFirst":true,"interactionType":"ENTER_TEXT"}]}
COMMAND: POST /session/4a8a75bcbd0d44f703d13edc121f15a8/execute/async - {"script":"<script> [1562 bytes]","args":[{"selector":{"id":"application-managepartners-display-component---NewPartner--addressDetailDetailsCountry-arrow"},"wdio_ui5_key":"applicationmanagepartners-display-component---NewPartner--addressDetailDetailsCountry-arrow"}]}
RESULT: {"script":"<script> [1562 bytes]","args":[{"selector":{"id":"application-managepartners-display-component---NewPartner--addressDetailDetailsCountry-arrow"},"wdio_ui5_key":"applicationmanagepartners-display-component---NewPartner--addressDetailDetailsCountry-arrow"}]}
RESULT: undefined
COMMAND: POST /session/4a8a75bcbd0d44f703d13edc121f15a8/element - {"using":"xpath","value":"//*[@id=\"application-managepartners-display-component---NewPartner--addressDetailDetailsCountry-arrow\"]"}
RESULT: {"using":"xpath","value":"//*[@id=\"application-managepartners-display-component---NewPartner--addressDetailDetailsCountry-arrow\"]"}
COMMAND: POST /session/4a8a75bcbd0d44f703d13edc121f15a8/element/f.093A703FE9E59CF09BD9C73E01D6E334.d.B9014F286A5BE11E9F00A83810BB0C59.e.1490/click - {}
RESULT: {}
COMMAND: POST /session/4a8a75bcbd0d44f703d13edc121f15a8/element - {"using":"xpath","value":"//span[contains(text(), \"Argentina\")]"}
COMMAND: GET /session/4a8a75bcbd0d44f703d13edc121f15a8/screenshot - {}
RESULT: {"using":"xpath","value":"//span[contains(text(), \"Argentina\")]"}
COMMAND: POST /session/4a8a75bcbd0d44f703d13edc121f15a8/element/f.093A703FE9E59CF09BD9C73E01D6E334.d.B9014F286A5BE11E9F00A83810BB0C59.e.1506/click - {}
RESULT: {}
RESULT: {}
COMMAND: GET /session/4a8a75bcbd0d44f703d13edc121f15a8/screenshot - {}
RESULT: {}
COMMAND: POST /session/4a8a75bcbd0d44f703d13edc121f15a8/element - {"using":"xpath","value":"//bdi[contains(text(), \"Commercial\")]"}
RESULT: {"using":"xpath","value":"//bdi[contains(text(), \"Commercial\")]"}
COMMAND: POST /session/4a8a75bcbd0d44f703d13edc121f15a8/element/f.093A703FE9E59CF09BD9C73E01D6E334.d.B9014F286A5BE11E9F00A83810BB0C59.e.1507/click - {}
RESULT: {}
COMMAND: GET /session/4a8a75bcbd0d44f703d13edc121f15a8/screenshot - {}
RESULT: {}
COMMAND: POST /session/4a8a75bcbd0d44f703d13edc121f15a8/execute/async - {"script":"<script> [1562 bytes]","args":[{"selector":{"id":"application-managepartners-display-component---NewPartner--partnerDetailInternal-arrow"},"wdio_ui5_key":"applicationmanagepartners-display-component---NewPartner--partnerDetailInternal-arrow"}]}
RESULT: {"script":"<script> [1562 bytes]","args":[{"selector":{"id":"application-managepartners-display-component---NewPartner--partnerDetailInternal-arrow"},"wdio_ui5_key":"applicationmanagepartners-display-component---NewPartner--partnerDetailInternal-arrow"}]}
RESULT: undefined
COMMAND: POST /session/4a8a75bcbd0d44f703d13edc121f15a8/element - {"using":"xpath","value":"//*[@id=\"application-managepartners-display-component---NewPartner--partnerDetailInternal-arrow\"]"}
RESULT: {"using":"xpath","value":"//*[@id=\"application-managepartners-display-component---NewPartner--partnerDetailInternal-arrow\"]"}
COMMAND: POST /session/4a8a75bcbd0d44f703d13edc121f15a8/element/f.093A703FE9E59CF09BD9C73E01D6E334.d.B9014F286A5BE11E9F00A83810BB0C59.e.1513/click - {}
RESULT: {}
COMMAND: POST /session/4a8a75bcbd0d44f703d13edc121f15a8/element - {"using":"xpath","value":"//span[contains(text(), \"External partner\")]"}
COMMAND: GET /session/4a8a75bcbd0d44f703d13edc121f15a8/screenshot - {}
RESULT: {"using":"xpath","value":"//span[contains(text(), \"External partner\")]"}
COMMAND: POST /session/4a8a75bcbd0d44f703d13edc121f15a8/element/f.093A703FE9E59CF09BD9C73E01D6E334.d.B9014F286A5BE11E9F00A83810BB0C59.e.1516/click - {}
RESULT: {}
RESULT: {}
COMMAND: POST /session/4a8a75bcbd0d44f703d13edc121f15a8/execute/async - {"script":"<script> [1562 bytes]","args":[{"selector":{"id":"application-managepartners-display-component---NewPartner--partnerDetailsCurrency-arrow"},"wdio_ui5_key":"applicationmanagepartners-display-component---NewPartner--partnerDetailsCurrency-arrow"}]}
COMMAND: GET /session/4a8a75bcbd0d44f703d13edc121f15a8/screenshot - {}
RESULT: {"script":"<script> [1562 bytes]","args":[{"selector":{"id":"application-managepartners-display-component---NewPartner--partnerDetailsCurrency-arrow"},"wdio_ui5_key":"applicationmanagepartners-display-component---NewPartner--partnerDetailsCurrency-arrow"}]}
RESULT: undefined
COMMAND: POST /session/4a8a75bcbd0d44f703d13edc121f15a8/element - {"using":"xpath","value":"//*[@id=\"application-managepartners-display-component---NewPartner--partnerDetailsCurrency-arrow\"]"}
RESULT: {}
RESULT: {"using":"xpath","value":"//*[@id=\"application-managepartners-display-component---NewPartner--partnerDetailsCurrency-arrow\"]"}
COMMAND: POST /session/4a8a75bcbd0d44f703d13edc121f15a8/element/f.093A703FE9E59CF09BD9C73E01D6E334.d.B9014F286A5BE11E9F00A83810BB0C59.e.1521/click - {}
RESULT: {}
COMMAND: POST /session/4a8a75bcbd0d44f703d13edc121f15a8/element - {"using":"xpath","value":"//span[contains(text(), \"US Dollar\")]"}
COMMAND: GET /session/4a8a75bcbd0d44f703d13edc121f15a8/screenshot - {}
RESULT: {"using":"xpath","value":"//span[contains(text(), \"US Dollar\")]"}
COMMAND: POST /session/4a8a75bcbd0d44f703d13edc121f15a8/element/f.093A703FE9E59CF09BD9C73E01D6E334.d.B9014F286A5BE11E9F00A83810BB0C59.e.1522/click - {}
RESULT: {}
RESULT: {}
COMMAND: GET /session/4a8a75bcbd0d44f703d13edc121f15a8/screenshot - {}
RESULT: {}
COMMAND: POST /session/4a8a75bcbd0d44f703d13edc121f15a8/element - {"using":"xpath","value":"//input[@id=\"application-managepartners-display-component---NewPartner--companyCodeComboBox-inner\"]"}
RESULT: {"using":"xpath","value":"//input[@id=\"application-managepartners-display-component---NewPartner--companyCodeComboBox-inner\"]"}
COMMAND: POST /session/4a8a75bcbd0d44f703d13edc121f15a8/element/f.093A703FE9E59CF09BD9C73E01D6E334.d.B9014F286A5BE11E9F00A83810BB0C59.e.1369/clear - {}
RESULT: {}
COMMAND: POST /session/4a8a75bcbd0d44f703d13edc121f15a8/element/f.093A703FE9E59CF09BD9C73E01D6E334.d.B9014F286A5BE11E9F00A83810BB0C59.e.1369/value - {"text":"C002"}
COMMAND: GET /session/4a8a75bcbd0d44f703d13edc121f15a8/screenshot - {}
RESULT: {"text":"C002"}
COMMAND: GET /session/4a8a75bcbd0d44f703d13edc121f15a8/screenshot - {}
RESULT: {}
RESULT: {}
COMMAND: POST /session/4a8a75bcbd0d44f703d13edc121f15a8/element - {"using":"xpath","value":"//li[.//span[text()= \"C002\"]]"}
RESULT: {"using":"xpath","value":"//li[.//span[text()= \"C002\"]]"}
COMMAND: POST /session/4a8a75bcbd0d44f703d13edc121f15a8/element/f.093A703FE9E59CF09BD9C73E01D6E334.d.B9014F286A5BE11E9F00A83810BB0C59.e.1526/click - {}
RESULT: {}
COMMAND: GET /session/4a8a75bcbd0d44f703d13edc121f15a8/screenshot - {}
RESULT: {}
COMMAND: POST /session/4a8a75bcbd0d44f703d13edc121f15a8/execute/async - {"script":"<script> [1562 bytes]","args":[{"selector":{"controlType":"sap.ui.core.Icon","viewName":"etm.portal.ui.managepartners.view.NewPartner","viewId":"application-managepartners-display-component---NewPartner","properties":{"src":{"regex":{"source":"slim\\-arrow\\-down"}}},"ancestor":{"controlType":"sap.m.ComboBox","viewName":"etm.portal.ui.managepartners.view.NewPartner","viewId":"application-managepartners-display-component---NewPartner","bindingPath":{"path":"","propertyPath":"/CATALOG","modelName":"oNewPartnerModel"}}},"wdio_ui5_key":"etmportal.ui.managepartners.view.NewPartnersap.ui.core.Icon{\"src\":{\"regex\":{\"source\":\"slim\\\\-arrow\\\\-down\"}}}{\"controlType\":\"sap.m.ComboBox\",\"viewName\":\"etm.portal.ui.managepartners.view.NewPartner\",\"viewId\":\"application-managepartners-display-component---NewPartner\",\"bindingPath\":{\"path\":\"\",\"propertyPath\":\"/CATALOG\",\"modelName\":\"oNewPartnerModel\"}}"}]}
RESULT: {"script":"<script> [1562 bytes]","args":[{"selector":{"controlType":"sap.ui.core.Icon","viewName":"etm.portal.ui.managepartners.view.NewPartner","viewId":"application-managepartners-display-component---NewPartner","properties":{"src":{"regex":{"source":"slim\\-arrow\\-down"}}},"ancestor":{"controlType":"sap.m.ComboBox","viewName":"etm.portal.ui.managepartners.view.NewPartner","viewId":"application-managepartners-display-component---NewPartner","bindingPath":{"path":"","propertyPath":"/CATALOG","modelName":"oNewPartnerModel"}}},"wdio_ui5_key":"etmportal.ui.managepartners.view.NewPartnersap.ui.core.Icon{\"src\":{\"regex\":{\"source\":\"slim\\\\-arrow\\\\-down\"}}}{\"controlType\":\"sap.m.ComboBox\",\"viewName\":\"etm.portal.ui.managepartners.view.NewPartner\",\"viewId\":\"application-managepartners-display-component---NewPartner\",\"bindingPath\":{\"path\":\"\",\"propertyPath\":\"/CATALOG\",\"modelName\":\"oNewPartnerModel\"}}"}]}
RESULT: undefined
COMMAND: POST /session/4a8a75bcbd0d44f703d13edc121f15a8/element - {"using":"xpath","value":"//*[@id=\"__box22-arrow\"]"}
RESULT: {"using":"xpath","value":"//*[@id=\"__box22-arrow\"]"}
COMMAND: POST /session/4a8a75bcbd0d44f703d13edc121f15a8/element/f.093A703FE9E59CF09BD9C73E01D6E334.d.B9014F286A5BE11E9F00A83810BB0C59.e.1491/click - {}
RESULT: {}
COMMAND: GET /session/4a8a75bcbd0d44f703d13edc121f15a8/screenshot - {}
RESULT: {}
COMMAND: POST /session/4a8a75bcbd0d44f703d13edc121f15a8/element - {"using":"xpath","value":"//ul[contains(@id,\"popup-list-listUl\")]//li[.//span[text()= \"Webshop Catalog\"]]"}
RESULT: {"using":"xpath","value":"//ul[contains(@id,\"popup-list-listUl\")]//li[.//span[text()= \"Webshop Catalog\"]]"}
COMMAND: POST /session/4a8a75bcbd0d44f703d13edc121f15a8/element/f.093A703FE9E59CF09BD9C73E01D6E334.d.B9014F286A5BE11E9F00A83810BB0C59.e.1528/click - {}
RESULT: {}
COMMAND: GET /session/4a8a75bcbd0d44f703d13edc121f15a8/screenshot - {}
RESULT: {}
COMMAND: POST /session/4a8a75bcbd0d44f703d13edc121f15a8/execute/async - {"script":"<script> [1562 bytes]","args":[{"selector":{"id":"application-managepartners-display-component---NewPartner--btnAddTableRow-img"},"wdio_ui5_key":"applicationmanagepartners-display-component---NewPartner--btnAddTableRow-img"}]}
RESULT: {"script":"<script> [1562 bytes]","args":[{"selector":{"id":"application-managepartners-display-component---NewPartner--btnAddTableRow-img"},"wdio_ui5_key":"applicationmanagepartners-display-component---NewPartner--btnAddTableRow-img"}]}
RESULT: undefined
COMMAND: POST /session/4a8a75bcbd0d44f703d13edc121f15a8/element - {"using":"xpath","value":"//*[@id=\"application-managepartners-display-component---NewPartner--btnAddTableRow-img\"]"}
RESULT: {"using":"xpath","value":"//*[@id=\"application-managepartners-display-component---NewPartner--btnAddTableRow-img\"]"}
COMMAND: POST /session/4a8a75bcbd0d44f703d13edc121f15a8/element/f.093A703FE9E59CF09BD9C73E01D6E334.d.B9014F286A5BE11E9F00A83810BB0C59.e.1529/click - {}
RESULT: {}
COMMAND: GET /session/4a8a75bcbd0d44f703d13edc121f15a8/screenshot - {}
RESULT: {}
COMMAND: POST /session/4a8a75bcbd0d44f703d13edc121f15a8/element - {"using":"xpath","value":"//input[@id=\"application-managepartners-display-component---NewPartner--assignmentYard-application-managepartners-display-component---NewPartner--assignmentsTable-0-inner\"]"}
RESULT: {"using":"xpath","value":"//input[@id=\"application-managepartners-display-component---NewPartner--assignmentYard-application-managepartners-display-component---NewPartner--assignmentsTable-0-inner\"]"}
COMMAND: POST /session/4a8a75bcbd0d44f703d13edc121f15a8/element/f.093A703FE9E59CF09BD9C73E01D6E334.d.B9014F286A5BE11E9F00A83810BB0C59.e.1532/clear - {}
RESULT: {}
COMMAND: POST /session/4a8a75bcbd0d44f703d13edc121f15a8/element/f.093A703FE9E59CF09BD9C73E01D6E334.d.B9014F286A5BE11E9F00A83810BB0C59.e.1532/value - {"text":"271"}
COMMAND: GET /session/4a8a75bcbd0d44f703d13edc121f15a8/screenshot - {}
RESULT: {"text":"271"}
COMMAND: GET /session/4a8a75bcbd0d44f703d13edc121f15a8/screenshot - {}
RESULT: {}
RESULT: {}
COMMAND: POST /session/4a8a75bcbd0d44f703d13edc121f15a8/element - {"using":"xpath","value":"//ul[contains(@id,\"NewPartner--assignmentsTable-0-popup-list-listUl\")]//li[.//span[text()='271']]"}
RESULT: {"using":"xpath","value":"//ul[contains(@id,\"NewPartner--assignmentsTable-0-popup-list-listUl\")]//li[.//span[text()='271']]"}
COMMAND: POST /session/4a8a75bcbd0d44f703d13edc121f15a8/element/f.093A703FE9E59CF09BD9C73E01D6E334.d.B9014F286A5BE11E9F00A83810BB0C59.e.1540/click - {}
RESULT: {}
COMMAND: GET /session/4a8a75bcbd0d44f703d13edc121f15a8/screenshot - {}
RESULT: {}
COMMAND: POST /session/4a8a75bcbd0d44f703d13edc121f15a8/actions - {"actions":[{"id":"action2","type":"key","parameters":{},"actions":[{"type":"keyDown","value":""},{"type":"pause","duration":10},{"type":"keyUp","value":""}]}]}
RESULT: {"actions":[{"id":"action2","type":"key","parameters":{},"actions":[{"type":"keyDown","value":""},{"type":"pause","duration":10},{"type":"keyUp","value":""}]}]}
COMMAND: POST /session/4a8a75bcbd0d44f703d13edc121f15a8/element - {"using":"xpath","value":"//td[contains(@id, \"assignmentsTable-0-cell2\")]/div/div"}
COMMAND: GET /session/4a8a75bcbd0d44f703d13edc121f15a8/screenshot - {}
RESULT: {"using":"xpath","value":"//td[contains(@id, \"assignmentsTable-0-cell2\")]/div/div"}
COMMAND: POST /session/4a8a75bcbd0d44f703d13edc121f15a8/element/f.093A703FE9E59CF09BD9C73E01D6E334.d.B9014F286A5BE11E9F00A83810BB0C59.e.1543/click - {}
RESULT: {}
RESULT: {}
COMMAND: GET /session/4a8a75bcbd0d44f703d13edc121f15a8/screenshot - {}
RESULT: {}
COMMAND: POST /session/4a8a75bcbd0d44f703d13edc121f15a8/element - {"using":"xpath","value":"//button[@data-kt=\"saveButton\"]"}
RESULT: {"using":"xpath","value":"//button[@data-kt=\"saveButton\"]"}
COMMAND: POST /session/4a8a75bcbd0d44f703d13edc121f15a8/element/f.093A703FE9E59CF09BD9C73E01D6E334.d.B9014F286A5BE11E9F00A83810BB0C59.e.1440/click - {}
RESULT: {}
COMMAND: GET /session/4a8a75bcbd0d44f703d13edc121f15a8/screenshot - {}
RESULT: {}
COMMAND: POST /session/4a8a75bcbd0d44f703d13edc121f15a8/element - {"using":"xpath","value":"//header[contains(@id, 'ObjectPageLayout-headerTitle')]/div[1]/div[2]/div[2]/span[1]"}
RESULT: {"using":"xpath","value":"//header[contains(@id, 'ObjectPageLayout-headerTitle')]/div[1]/div[2]/div[2]/span[1]"}
COMMAND: POST /session/4a8a75bcbd0d44f703d13edc121f15a8/elements - {"using":"xpath","value":"//header[contains(@id, 'ObjectPageLayout-headerTitle')]/div[1]/div[2]/div[2]/span[1]"}
RESULT: {"using":"xpath","value":"//header[contains(@id, 'ObjectPageLayout-headerTitle')]/div[1]/div[2]/div[2]/span[1]"}
COMMAND: POST /session/4a8a75bcbd0d44f703d13edc121f15a8/execute/sync - {"script":"<script> [56 bytes]","args":[{"element-6066-11e4-a52e-4f735466cecf":"f.093A703FE9E59CF09BD9C73E01D6E334.d.B9014F286A5BE11E9F00A83810BB0C59.e.1705","ELEMENT":"f.093A703FE9E59CF09BD9C73E01D6E334.d.B9014F286A5BE11E9F00A83810BB0C59.e.1705"}]}
RESULT: {"script":"<script> [56 bytes]","args":[{"element-6066-11e4-a52e-4f735466cecf":"f.093A703FE9E59CF09BD9C73E01D6E334.d.B9014F286A5BE11E9F00A83810BB0C59.e.1705","ELEMENT":"f.093A703FE9E59CF09BD9C73E01D6E334.d.B9014F286A5BE11E9F00A83810BB0C59.e.1705"}]}
COMMAND: POST /session/4a8a75bcbd0d44f703d13edc121f15a8/element - {"using":"css selector","value":"#shell-header-logo"}
COMMAND: GET /session/4a8a75bcbd0d44f703d13edc121f15a8/screenshot - {}
RESULT: {"using":"css selector","value":"#shell-header-logo"}
COMMAND: POST /session/4a8a75bcbd0d44f703d13edc121f15a8/element/f.093A703FE9E59CF09BD9C73E01D6E334.d.B9014F286A5BE11E9F00A83810BB0C59.e.1021/click - {}
RESULT: {}
RESULT: {}
COMMAND: GET /session/4a8a75bcbd0d44f703d13edc121f15a8/screenshot - {}
RESULT: {}
COMMAND: POST /session/4a8a75bcbd0d44f703d13edc121f15a8/execute/sync - {"script":"<script> [299 bytes]","args":[["getModel","getResource"]]}
RESULT: {"script":"<script> [299 bytes]","args":[["getModel","getResource"]]}
]]></system-out>
    </testcase>
    <testcase classname="chrome.137_0_7151_69.windows.Partner_specific_tests_US150819_US151080_US151654_US151176_US103444_US151078_US151079_US151109_US151174_US151175_US151189" name="Should filter and search partners US151080" time="101.332">
      <system-out><![CDATA[
COMMAND: POST /session/4a8a75bcbd0d44f703d13edc121f15a8/element - {"using":"xpath","value":"//li[.//span[text()=\"Manage Partners\"]]"}
COMMAND: GET /session/4a8a75bcbd0d44f703d13edc121f15a8/screenshot - {}
RESULT: {"using":"xpath","value":"//li[.//span[text()=\"Manage Partners\"]]"}
COMMAND: POST /session/4a8a75bcbd0d44f703d13edc121f15a8/element - {"using":"xpath","value":"//li[.//span[text()=\"Manage Partners\"]]"}
RESULT: {}
RESULT: {"using":"xpath","value":"//li[.//span[text()=\"Manage Partners\"]]"}
COMMAND: POST /session/4a8a75bcbd0d44f703d13edc121f15a8/element - {"using":"css selector","value":"#shell-header-logo"}
RESULT: {"using":"css selector","value":"#shell-header-logo"}
COMMAND: POST /session/4a8a75bcbd0d44f703d13edc121f15a8/element/f.093A703FE9E59CF09BD9C73E01D6E334.d.B9014F286A5BE11E9F00A83810BB0C59.e.1707/click - {}
COMMAND: POST /session/4a8a75bcbd0d44f703d13edc121f15a8/execute/sync - {"script":"<script> [8489 bytes]","args":[{"element-6066-11e4-a52e-4f735466cecf":"f.093A703FE9E59CF09BD9C73E01D6E334.d.B9014F286A5BE11E9F00A83810BB0C59.e.1707","ELEMENT":"f.093A703FE9E59CF09BD9C73E01D6E334.d.B9014F286A5BE11E9F00A83810BB0C59.e.1707"}]}
RESULT: {}
COMMAND: GET /session/4a8a75bcbd0d44f703d13edc121f15a8/screenshot - {}
RESULT: {"script":"<script> [8489 bytes]","args":[{"element-6066-11e4-a52e-4f735466cecf":"f.093A703FE9E59CF09BD9C73E01D6E334.d.B9014F286A5BE11E9F00A83810BB0C59.e.1707","ELEMENT":"f.093A703FE9E59CF09BD9C73E01D6E334.d.B9014F286A5BE11E9F00A83810BB0C59.e.1707"}]}
COMMAND: POST /session/4a8a75bcbd0d44f703d13edc121f15a8/execute/sync - {"script":"<script> [5351 bytes]","args":[{"element-6066-11e4-a52e-4f735466cecf":"f.093A703FE9E59CF09BD9C73E01D6E334.d.B9014F286A5BE11E9F00A83810BB0C59.e.1707","ELEMENT":"f.093A703FE9E59CF09BD9C73E01D6E334.d.B9014F286A5BE11E9F00A83810BB0C59.e.1707"}]}
COMMAND: GET /session/4a8a75bcbd0d44f703d13edc121f15a8/screenshot - {}
RESULT: {}
RESULT: {"script":"<script> [5351 bytes]","args":[{"element-6066-11e4-a52e-4f735466cecf":"f.093A703FE9E59CF09BD9C73E01D6E334.d.B9014F286A5BE11E9F00A83810BB0C59.e.1707","ELEMENT":"f.093A703FE9E59CF09BD9C73E01D6E334.d.B9014F286A5BE11E9F00A83810BB0C59.e.1707"}]}
COMMAND: GET /session/4a8a75bcbd0d44f703d13edc121f15a8/screenshot - {}
RESULT: {}
RESULT: {}
RESULT: undefined
COMMAND: POST /session/4a8a75bcbd0d44f703d13edc121f15a8/element - {"using":"xpath","value":"//*[@id=\"__tile39\"]"}
RESULT: {"using":"xpath","value":"//*[@id=\"__tile39\"]"}
COMMAND: POST /session/4a8a75bcbd0d44f703d13edc121f15a8/element/f.093A703FE9E59CF09BD9C73E01D6E334.d.B9014F286A5BE11E9F00A83810BB0C59.e.152/click - {}
RESULT: {}
COMMAND: GET /session/4a8a75bcbd0d44f703d13edc121f15a8/screenshot - {}
RESULT: {}
COMMAND: POST /session/4a8a75bcbd0d44f703d13edc121f15a8/elements - {"using":"xpath","value":"//span[text()='Error']"}
RESULT: {"using":"xpath","value":"//span[text()='Error']"}
COMMAND: POST /session/4a8a75bcbd0d44f703d13edc121f15a8/element - {"using":"xpath","value":"//button[@data-kt=\"addButton\"]"}
RESULT: {"using":"xpath","value":"//button[@data-kt=\"addButton\"]"}
COMMAND: POST /session/4a8a75bcbd0d44f703d13edc121f15a8/elements - {"using":"xpath","value":"//button[@data-kt=\"addButton\"]"}
RESULT: {"using":"xpath","value":"//button[@data-kt=\"addButton\"]"}
COMMAND: POST /session/4a8a75bcbd0d44f703d13edc121f15a8/execute/sync - {"script":"<script> [8489 bytes]","args":[{"element-6066-11e4-a52e-4f735466cecf":"f.093A703FE9E59CF09BD9C73E01D6E334.d.B9014F286A5BE11E9F00A83810BB0C59.e.1753","ELEMENT":"f.093A703FE9E59CF09BD9C73E01D6E334.d.B9014F286A5BE11E9F00A83810BB0C59.e.1753"}]}
RESULT: {"script":"<script> [8489 bytes]","args":[{"element-6066-11e4-a52e-4f735466cecf":"f.093A703FE9E59CF09BD9C73E01D6E334.d.B9014F286A5BE11E9F00A83810BB0C59.e.1753","ELEMENT":"f.093A703FE9E59CF09BD9C73E01D6E334.d.B9014F286A5BE11E9F00A83810BB0C59.e.1753"}]}
COMMAND: GET /session/4a8a75bcbd0d44f703d13edc121f15a8/element/f.093A703FE9E59CF09BD9C73E01D6E334.d.B9014F286A5BE11E9F00A83810BB0C59.e.1753/enabled - {}
COMMAND: GET /session/4a8a75bcbd0d44f703d13edc121f15a8/screenshot - {}
RESULT: {}
COMMAND: POST /session/4a8a75bcbd0d44f703d13edc121f15a8/execute/sync - {"script":"<script> [8489 bytes]","args":[{"element-6066-11e4-a52e-4f735466cecf":"f.093A703FE9E59CF09BD9C73E01D6E334.d.B9014F286A5BE11E9F00A83810BB0C59.e.1753","ELEMENT":"f.093A703FE9E59CF09BD9C73E01D6E334.d.B9014F286A5BE11E9F00A83810BB0C59.e.1753"}]}
COMMAND: GET /session/4a8a75bcbd0d44f703d13edc121f15a8/screenshot - {}
RESULT: {}
RESULT: {"script":"<script> [8489 bytes]","args":[{"element-6066-11e4-a52e-4f735466cecf":"f.093A703FE9E59CF09BD9C73E01D6E334.d.B9014F286A5BE11E9F00A83810BB0C59.e.1753","ELEMENT":"f.093A703FE9E59CF09BD9C73E01D6E334.d.B9014F286A5BE11E9F00A83810BB0C59.e.1753"}]}
COMMAND: POST /session/4a8a75bcbd0d44f703d13edc121f15a8/execute/sync - {"script":"<script> [5351 bytes]","args":[{"element-6066-11e4-a52e-4f735466cecf":"f.093A703FE9E59CF09BD9C73E01D6E334.d.B9014F286A5BE11E9F00A83810BB0C59.e.1753","ELEMENT":"f.093A703FE9E59CF09BD9C73E01D6E334.d.B9014F286A5BE11E9F00A83810BB0C59.e.1753"}]}
COMMAND: GET /session/4a8a75bcbd0d44f703d13edc121f15a8/screenshot - {}
RESULT: {}
RESULT: {"script":"<script> [5351 bytes]","args":[{"element-6066-11e4-a52e-4f735466cecf":"f.093A703FE9E59CF09BD9C73E01D6E334.d.B9014F286A5BE11E9F00A83810BB0C59.e.1753","ELEMENT":"f.093A703FE9E59CF09BD9C73E01D6E334.d.B9014F286A5BE11E9F00A83810BB0C59.e.1753"}]}
COMMAND: GET /session/4a8a75bcbd0d44f703d13edc121f15a8/screenshot - {}
RESULT: {}
RESULT: {}
COMMAND: POST /session/4a8a75bcbd0d44f703d13edc121f15a8/execute/async - {"script":"<script> [1562 bytes]","args":[{"selector":{"id":"application-managepartners-display-component---masterPtm--smartTable-btnPersonalisation-img"},"wdio_ui5_key":"applicationmanagepartners-display-component---masterPtm--smartTable-btnPersonalisation-img"}]}
RESULT: {"script":"<script> [1562 bytes]","args":[{"selector":{"id":"application-managepartners-display-component---masterPtm--smartTable-btnPersonalisation-img"},"wdio_ui5_key":"applicationmanagepartners-display-component---masterPtm--smartTable-btnPersonalisation-img"}]}
RESULT: undefined
COMMAND: POST /session/4a8a75bcbd0d44f703d13edc121f15a8/element - {"using":"xpath","value":"//*[@id=\"application-managepartners-display-component---masterPtm--smartTable-btnPersonalisation-img\"]"}
RESULT: {"using":"xpath","value":"//*[@id=\"application-managepartners-display-component---masterPtm--smartTable-btnPersonalisation-img\"]"}
COMMAND: POST /session/4a8a75bcbd0d44f703d13edc121f15a8/element/f.093A703FE9E59CF09BD9C73E01D6E334.d.B9014F286A5BE11E9F00A83810BB0C59.e.1758/click - {}
RESULT: {}
COMMAND: GET /session/4a8a75bcbd0d44f703d13edc121f15a8/screenshot - {}
RESULT: {}
COMMAND: POST /session/4a8a75bcbd0d44f703d13edc121f15a8/execute/async - {"script":"<script> [1562 bytes]","args":[{"selector":{"controlType":"sap.m.IconTabFilter","viewName":"etm.portal.ui.managepartners.view.Master","viewId":"application-managepartners-display-component---masterPtm","properties":{"text":"Sort"},"searchOpenDialogs":true,"interaction":{"idSuffix":"text"}},"wdio_ui5_key":"etmportal.ui.managepartners.view.Mastersap.m.IconTabFilter{\"text\":\"Sort\"}"}]}
RESULT: {"script":"<script> [1562 bytes]","args":[{"selector":{"controlType":"sap.m.IconTabFilter","viewName":"etm.portal.ui.managepartners.view.Master","viewId":"application-managepartners-display-component---masterPtm","properties":{"text":"Sort"},"searchOpenDialogs":true,"interaction":{"idSuffix":"text"}},"wdio_ui5_key":"etmportal.ui.managepartners.view.Mastersap.m.IconTabFilter{\"text\":\"Sort\"}"}]}
RESULT: undefined
COMMAND: POST /session/4a8a75bcbd0d44f703d13edc121f15a8/element - {"using":"xpath","value":"//*[@id=\"__filter1\"]"}
RESULT: {"using":"xpath","value":"//*[@id=\"__filter1\"]"}
COMMAND: POST /session/4a8a75bcbd0d44f703d13edc121f15a8/element/f.093A703FE9E59CF09BD9C73E01D6E334.d.B9014F286A5BE11E9F00A83810BB0C59.e.1898/click - {}
RESULT: {}
COMMAND: GET /session/4a8a75bcbd0d44f703d13edc121f15a8/screenshot - {}
RESULT: {}
COMMAND: POST /session/4a8a75bcbd0d44f703d13edc121f15a8/element - {"using":"xpath","value":"//input[@placeholder=\"Sort by\"]/following-sibling::div//span"}
RESULT: {"using":"xpath","value":"//input[@placeholder=\"Sort by\"]/following-sibling::div//span"}
COMMAND: POST /session/4a8a75bcbd0d44f703d13edc121f15a8/element/f.093A703FE9E59CF09BD9C73E01D6E334.d.B9014F286A5BE11E9F00A83810BB0C59.e.1900/click - {}
RESULT: {}
COMMAND: GET /session/4a8a75bcbd0d44f703d13edc121f15a8/screenshot - {}
RESULT: {}
COMMAND: POST /session/4a8a75bcbd0d44f703d13edc121f15a8/element - {"using":"xpath","value":"//li[.//span[text()=\"Language\"]]"}
RESULT: {"using":"xpath","value":"//li[.//span[text()=\"Language\"]]"}
COMMAND: POST /session/4a8a75bcbd0d44f703d13edc121f15a8/element/f.093A703FE9E59CF09BD9C73E01D6E334.d.B9014F286A5BE11E9F00A83810BB0C59.e.1901/click - {}
RESULT: {}
COMMAND: GET /session/4a8a75bcbd0d44f703d13edc121f15a8/screenshot - {}
RESULT: {}
COMMAND: POST /session/4a8a75bcbd0d44f703d13edc121f15a8/element - {"using":"xpath","value":"//bdi[contains(text(), \"OK\")]"}
RESULT: {"using":"xpath","value":"//bdi[contains(text(), \"OK\")]"}
COMMAND: POST /session/4a8a75bcbd0d44f703d13edc121f15a8/element/f.093A703FE9E59CF09BD9C73E01D6E334.d.B9014F286A5BE11E9F00A83810BB0C59.e.1905/click - {}
RESULT: {}
COMMAND: GET /session/4a8a75bcbd0d44f703d13edc121f15a8/screenshot - {}
RESULT: {}
COMMAND: POST /session/4a8a75bcbd0d44f703d13edc121f15a8/element - {"using":"xpath","value":"//table[contains(@id, \"customPartnersTable\")]//tbody/tr[1]/td[3]/span"}
RESULT: {"using":"xpath","value":"//table[contains(@id, \"customPartnersTable\")]//tbody/tr[1]/td[3]/span"}
COMMAND: POST /session/4a8a75bcbd0d44f703d13edc121f15a8/execute/sync - {"script":"<script> [56 bytes]","args":[{"element-6066-11e4-a52e-4f735466cecf":"f.093A703FE9E59CF09BD9C73E01D6E334.d.B9014F286A5BE11E9F00A83810BB0C59.e.2022","ELEMENT":"f.093A703FE9E59CF09BD9C73E01D6E334.d.B9014F286A5BE11E9F00A83810BB0C59.e.2022"}]}
RESULT: {"script":"<script> [56 bytes]","args":[{"element-6066-11e4-a52e-4f735466cecf":"f.093A703FE9E59CF09BD9C73E01D6E334.d.B9014F286A5BE11E9F00A83810BB0C59.e.2022","ELEMENT":"f.093A703FE9E59CF09BD9C73E01D6E334.d.B9014F286A5BE11E9F00A83810BB0C59.e.2022"}]}
RESULT: undefined
COMMAND: POST /session/4a8a75bcbd0d44f703d13edc121f15a8/element - {"using":"xpath","value":"//*[@id=\"application-managepartners-display-component---masterPtm--smartTable-btnPersonalisation-img\"]"}
COMMAND: GET /session/4a8a75bcbd0d44f703d13edc121f15a8/screenshot - {}
RESULT: {"using":"xpath","value":"//*[@id=\"application-managepartners-display-component---masterPtm--smartTable-btnPersonalisation-img\"]"}
COMMAND: POST /session/4a8a75bcbd0d44f703d13edc121f15a8/element/f.093A703FE9E59CF09BD9C73E01D6E334.d.B9014F286A5BE11E9F00A83810BB0C59.e.1758/click - {}
RESULT: {}
RESULT: {}
COMMAND: GET /session/4a8a75bcbd0d44f703d13edc121f15a8/screenshot - {}
RESULT: {}
COMMAND: POST /session/4a8a75bcbd0d44f703d13edc121f15a8/element - {"using":"xpath","value":"//bdi[contains(text(), \"Reset\")]"}
RESULT: {"using":"xpath","value":"//bdi[contains(text(), \"Reset\")]"}
COMMAND: POST /session/4a8a75bcbd0d44f703d13edc121f15a8/element/f.093A703FE9E59CF09BD9C73E01D6E334.d.B9014F286A5BE11E9F00A83810BB0C59.e.2026/click - {}
RESULT: {}
COMMAND: GET /session/4a8a75bcbd0d44f703d13edc121f15a8/screenshot - {}
RESULT: {}
COMMAND: POST /session/4a8a75bcbd0d44f703d13edc121f15a8/element - {"using":"xpath","value":"(//bdi[contains(text(), \"OK\")])[2]"}
RESULT: {"using":"xpath","value":"(//bdi[contains(text(), \"OK\")])[2]"}
COMMAND: POST /session/4a8a75bcbd0d44f703d13edc121f15a8/element/f.093A703FE9E59CF09BD9C73E01D6E334.d.B9014F286A5BE11E9F00A83810BB0C59.e.2029/click - {}
RESULT: {}
COMMAND: GET /session/4a8a75bcbd0d44f703d13edc121f15a8/screenshot - {}
RESULT: {}
COMMAND: POST /session/4a8a75bcbd0d44f703d13edc121f15a8/element - {"using":"xpath","value":"//bdi[contains(text(), \"OK\")]"}
RESULT: {"using":"xpath","value":"//bdi[contains(text(), \"OK\")]"}
COMMAND: POST /session/4a8a75bcbd0d44f703d13edc121f15a8/element/f.093A703FE9E59CF09BD9C73E01D6E334.d.B9014F286A5BE11E9F00A83810BB0C59.e.2073/click - {}
RESULT: {}
COMMAND: GET /session/4a8a75bcbd0d44f703d13edc121f15a8/screenshot - {}
RESULT: {}
COMMAND: POST /session/4a8a75bcbd0d44f703d13edc121f15a8/element - {"using":"xpath","value":"//table[contains(@id, \"customPartnersTable\")]//tbody/tr[1]/td[3]/span"}
RESULT: {"using":"xpath","value":"//table[contains(@id, \"customPartnersTable\")]//tbody/tr[1]/td[3]/span"}
COMMAND: POST /session/4a8a75bcbd0d44f703d13edc121f15a8/execute/sync - {"script":"<script> [56 bytes]","args":[{"element-6066-11e4-a52e-4f735466cecf":"f.093A703FE9E59CF09BD9C73E01D6E334.d.B9014F286A5BE11E9F00A83810BB0C59.e.2076","ELEMENT":"f.093A703FE9E59CF09BD9C73E01D6E334.d.B9014F286A5BE11E9F00A83810BB0C59.e.2076"}]}
RESULT: {"script":"<script> [56 bytes]","args":[{"element-6066-11e4-a52e-4f735466cecf":"f.093A703FE9E59CF09BD9C73E01D6E334.d.B9014F286A5BE11E9F00A83810BB0C59.e.2076","ELEMENT":"f.093A703FE9E59CF09BD9C73E01D6E334.d.B9014F286A5BE11E9F00A83810BB0C59.e.2076"}]}
RESULT: undefined
COMMAND: POST /session/4a8a75bcbd0d44f703d13edc121f15a8/element - {"using":"xpath","value":"//*[@id=\"application-managepartners-display-component---masterPtm--smartTable-btnPersonalisation-img\"]"}
COMMAND: GET /session/4a8a75bcbd0d44f703d13edc121f15a8/screenshot - {}
RESULT: {"using":"xpath","value":"//*[@id=\"application-managepartners-display-component---masterPtm--smartTable-btnPersonalisation-img\"]"}
COMMAND: POST /session/4a8a75bcbd0d44f703d13edc121f15a8/element/f.093A703FE9E59CF09BD9C73E01D6E334.d.B9014F286A5BE11E9F00A83810BB0C59.e.1758/click - {}
RESULT: {}
RESULT: {}
COMMAND: GET /session/4a8a75bcbd0d44f703d13edc121f15a8/screenshot - {}
RESULT: {}
COMMAND: POST /session/4a8a75bcbd0d44f703d13edc121f15a8/execute/async - {"script":"<script> [1562 bytes]","args":[{"selector":{"controlType":"sap.m.IconTabFilter","viewName":"etm.portal.ui.managepartners.view.Master","viewId":"application-managepartners-display-component---masterPtm","properties":{"text":"Filter"},"searchOpenDialogs":true,"interaction":{"idSuffix":"text"}},"wdio_ui5_key":"etmportal.ui.managepartners.view.Mastersap.m.IconTabFilter{\"text\":\"Filter\"}"}]}
RESULT: {"script":"<script> [1562 bytes]","args":[{"selector":{"controlType":"sap.m.IconTabFilter","viewName":"etm.portal.ui.managepartners.view.Master","viewId":"application-managepartners-display-component---masterPtm","properties":{"text":"Filter"},"searchOpenDialogs":true,"interaction":{"idSuffix":"text"}},"wdio_ui5_key":"etmportal.ui.managepartners.view.Mastersap.m.IconTabFilter{\"text\":\"Filter\"}"}]}
RESULT: undefined
COMMAND: POST /session/4a8a75bcbd0d44f703d13edc121f15a8/element - {"using":"xpath","value":"//*[@id=\"__filter10\"]"}
RESULT: {"using":"xpath","value":"//*[@id=\"__filter10\"]"}
COMMAND: POST /session/4a8a75bcbd0d44f703d13edc121f15a8/element/f.093A703FE9E59CF09BD9C73E01D6E334.d.B9014F286A5BE11E9F00A83810BB0C59.e.2081/click - {}
RESULT: {}
COMMAND: GET /session/4a8a75bcbd0d44f703d13edc121f15a8/screenshot - {}
RESULT: {}
COMMAND: POST /session/4a8a75bcbd0d44f703d13edc121f15a8/element - {"using":"xpath","value":"//input[@placeholder=\"Filter by\"]/following-sibling::div//span"}
RESULT: {"using":"xpath","value":"//input[@placeholder=\"Filter by\"]/following-sibling::div//span"}
COMMAND: POST /session/4a8a75bcbd0d44f703d13edc121f15a8/element/f.093A703FE9E59CF09BD9C73E01D6E334.d.B9014F286A5BE11E9F00A83810BB0C59.e.2083/click - {}
RESULT: {}
COMMAND: GET /session/4a8a75bcbd0d44f703d13edc121f15a8/screenshot - {}
RESULT: {}
COMMAND: POST /session/4a8a75bcbd0d44f703d13edc121f15a8/element - {"using":"xpath","value":"//li[.//span[text()=\"Preferred Yard\"]]"}
RESULT: {"using":"xpath","value":"//li[.//span[text()=\"Preferred Yard\"]]"}
COMMAND: POST /session/4a8a75bcbd0d44f703d13edc121f15a8/element/f.093A703FE9E59CF09BD9C73E01D6E334.d.B9014F286A5BE11E9F00A83810BB0C59.e.2084/click - {}
RESULT: {}
COMMAND: GET /session/4a8a75bcbd0d44f703d13edc121f15a8/screenshot - {}
RESULT: {}
COMMAND: POST /session/4a8a75bcbd0d44f703d13edc121f15a8/execute/async - {"script":"<script> [1562 bytes]","args":[{"selector":{"id":"FilterPanel-filterItemControl_BASIC-application-managepartners-display-component---masterPtm--smartTable-YARDYARD-vhi","searchOpenDialogs":true},"wdio_ui5_key":"FilterPanelfilterItemControl_BASIC-application-managepartners-display-component---masterPtm--smartTable-YARDYARD-vhi"}]}
RESULT: {"script":"<script> [1562 bytes]","args":[{"selector":{"id":"FilterPanel-filterItemControl_BASIC-application-managepartners-display-component---masterPtm--smartTable-YARDYARD-vhi","searchOpenDialogs":true},"wdio_ui5_key":"FilterPanelfilterItemControl_BASIC-application-managepartners-display-component---masterPtm--smartTable-YARDYARD-vhi"}]}
RESULT: undefined
COMMAND: POST /session/4a8a75bcbd0d44f703d13edc121f15a8/element - {"using":"xpath","value":"//*[@id=\"FilterPanel-filterItemControl_BASIC-application-managepartners-display-component---masterPtm--smartTable-YARDYARD-vhi\"]"}
RESULT: {"using":"xpath","value":"//*[@id=\"FilterPanel-filterItemControl_BASIC-application-managepartners-display-component---masterPtm--smartTable-YARDYARD-vhi\"]"}
COMMAND: POST /session/4a8a75bcbd0d44f703d13edc121f15a8/element/f.093A703FE9E59CF09BD9C73E01D6E334.d.B9014F286A5BE11E9F00A83810BB0C59.e.2087/click - {}
RESULT: {}
COMMAND: GET /session/4a8a75bcbd0d44f703d13edc121f15a8/screenshot - {}
RESULT: {}
COMMAND: POST /session/4a8a75bcbd0d44f703d13edc121f15a8/execute/async - {"script":"<script> [1562 bytes]","args":[{"selector":{"id":"FilterPanel-filterItemControl_BASIC-application-managepartners-display-component---masterPtm--smartTable-YARDYARD-valueHelpDialog-smartFilterBar-btnBasicSearch","searchOpenDialogs":true,"interaction":{"idSuffix":"I"}},"wdio_ui5_key":"FilterPanelfilterItemControl_BASIC-application-managepartners-display-component---masterPtm--smartTable-YARDYARD-valueHelpDialog-smartFilterBar-btnBasicSearch"}]}
RESULT: {"script":"<script> [1562 bytes]","args":[{"selector":{"id":"FilterPanel-filterItemControl_BASIC-application-managepartners-display-component---masterPtm--smartTable-YARDYARD-valueHelpDialog-smartFilterBar-btnBasicSearch","searchOpenDialogs":true,"interaction":{"idSuffix":"I"}},"wdio_ui5_key":"FilterPanelfilterItemControl_BASIC-application-managepartners-display-component---masterPtm--smartTable-YARDYARD-valueHelpDialog-smartFilterBar-btnBasicSearch"}]}
RESULT: undefined
COMMAND: POST /session/4a8a75bcbd0d44f703d13edc121f15a8/execute/async - {"script":"<script> [776 bytes]","args":[{"enterText":"271","selector":{"id":"FilterPanel-filterItemControl_BASIC-application-managepartners-display-component---masterPtm--smartTable-YARDYARD-valueHelpDialog-smartFilterBar-btnBasicSearch","searchOpenDialogs":true,"interaction":{"idSuffix":"I"}},"clearTextFirst":true,"interactionType":"ENTER_TEXT"}]}
RESULT: {"script":"<script> [776 bytes]","args":[{"enterText":"271","selector":{"id":"FilterPanel-filterItemControl_BASIC-application-managepartners-display-component---masterPtm--smartTable-YARDYARD-valueHelpDialog-smartFilterBar-btnBasicSearch","searchOpenDialogs":true,"interaction":{"idSuffix":"I"}},"clearTextFirst":true,"interactionType":"ENTER_TEXT"}]}
COMMAND: POST /session/4a8a75bcbd0d44f703d13edc121f15a8/actions - {"actions":[{"id":"action3","type":"key","parameters":{},"actions":[{"type":"keyDown","value":""},{"type":"pause","duration":10},{"type":"keyUp","value":""}]}]}
RESULT: {"actions":[{"id":"action3","type":"key","parameters":{},"actions":[{"type":"keyDown","value":""},{"type":"pause","duration":10},{"type":"keyUp","value":""}]}]}
COMMAND: GET /session/4a8a75bcbd0d44f703d13edc121f15a8/screenshot - {}
RESULT: {}
COMMAND: POST /session/4a8a75bcbd0d44f703d13edc121f15a8/elements - {"using":"xpath","value":"//table[contains(@id, \"smartTable-YARDYARD-valueHelpDialog-table-table\")]/tbody/tr"}
RESULT: {"using":"xpath","value":"//table[contains(@id, \"smartTable-YARDYARD-valueHelpDialog-table-table\")]/tbody/tr"}
COMMAND: POST /session/4a8a75bcbd0d44f703d13edc121f15a8/element - {"using":"xpath","value":"//table[contains(@id, \"smartTable-YARDYARD-valueHelpDialog-table-table\")]/tbody/tr[1]/td[1]/div/span"}
RESULT: {"using":"xpath","value":"//table[contains(@id, \"smartTable-YARDYARD-valueHelpDialog-table-table\")]/tbody/tr[1]/td[1]/div/span"}
COMMAND: POST /session/4a8a75bcbd0d44f703d13edc121f15a8/elements - {"using":"xpath","value":"//table[contains(@id, \"smartTable-YARDYARD-valueHelpDialog-table-table\")]/tbody/tr[1]/td[1]/div/span"}
RESULT: {"using":"xpath","value":"//table[contains(@id, \"smartTable-YARDYARD-valueHelpDialog-table-table\")]/tbody/tr[1]/td[1]/div/span"}
COMMAND: POST /session/4a8a75bcbd0d44f703d13edc121f15a8/execute/sync - {"script":"<script> [56 bytes]","args":[{"element-6066-11e4-a52e-4f735466cecf":"f.093A703FE9E59CF09BD9C73E01D6E334.d.B9014F286A5BE11E9F00A83810BB0C59.e.2106","ELEMENT":"f.093A703FE9E59CF09BD9C73E01D6E334.d.B9014F286A5BE11E9F00A83810BB0C59.e.2106"}]}
RESULT: {"script":"<script> [56 bytes]","args":[{"element-6066-11e4-a52e-4f735466cecf":"f.093A703FE9E59CF09BD9C73E01D6E334.d.B9014F286A5BE11E9F00A83810BB0C59.e.2106","ELEMENT":"f.093A703FE9E59CF09BD9C73E01D6E334.d.B9014F286A5BE11E9F00A83810BB0C59.e.2106"}]}
COMMAND: POST /session/4a8a75bcbd0d44f703d13edc121f15a8/element - {"using":"xpath","value":"//div[contains(@id, \"YARDYARD-valueHelpDialog-table-rowsel0\")]"}
COMMAND: GET /session/4a8a75bcbd0d44f703d13edc121f15a8/screenshot - {}
RESULT: {"using":"xpath","value":"//div[contains(@id, \"YARDYARD-valueHelpDialog-table-rowsel0\")]"}
COMMAND: POST /session/4a8a75bcbd0d44f703d13edc121f15a8/element/f.093A703FE9E59CF09BD9C73E01D6E334.d.B9014F286A5BE11E9F00A83810BB0C59.e.2107/click - {}
RESULT: {}
RESULT: {}
COMMAND: GET /session/4a8a75bcbd0d44f703d13edc121f15a8/screenshot - {}
RESULT: {}
COMMAND: POST /session/4a8a75bcbd0d44f703d13edc121f15a8/element - {"using":"xpath","value":"(//bdi[contains(text(), \"OK\")])[2]"}
RESULT: {"using":"xpath","value":"(//bdi[contains(text(), \"OK\")])[2]"}
COMMAND: POST /session/4a8a75bcbd0d44f703d13edc121f15a8/element/f.093A703FE9E59CF09BD9C73E01D6E334.d.B9014F286A5BE11E9F00A83810BB0C59.e.2109/click - {}
RESULT: {}
COMMAND: GET /session/4a8a75bcbd0d44f703d13edc121f15a8/screenshot - {}
RESULT: {}
COMMAND: POST /session/4a8a75bcbd0d44f703d13edc121f15a8/element - {"using":"xpath","value":"//bdi[contains(text(), \"OK\")]"}
RESULT: {"using":"xpath","value":"//bdi[contains(text(), \"OK\")]"}
COMMAND: POST /session/4a8a75bcbd0d44f703d13edc121f15a8/element/f.093A703FE9E59CF09BD9C73E01D6E334.d.B9014F286A5BE11E9F00A83810BB0C59.e.2112/click - {}
RESULT: {}
COMMAND: GET /session/4a8a75bcbd0d44f703d13edc121f15a8/screenshot - {}
RESULT: {}
COMMAND: POST /session/4a8a75bcbd0d44f703d13edc121f15a8/element - {"using":"xpath","value":"//table[contains(@id, \"customPartnersTable\")]//tbody/tr[1]/td[3]/span"}
RESULT: {"using":"xpath","value":"//table[contains(@id, \"customPartnersTable\")]//tbody/tr[1]/td[3]/span"}
COMMAND: POST /session/4a8a75bcbd0d44f703d13edc121f15a8/execute/sync - {"script":"<script> [56 bytes]","args":[{"element-6066-11e4-a52e-4f735466cecf":"f.093A703FE9E59CF09BD9C73E01D6E334.d.B9014F286A5BE11E9F00A83810BB0C59.e.2076","ELEMENT":"f.093A703FE9E59CF09BD9C73E01D6E334.d.B9014F286A5BE11E9F00A83810BB0C59.e.2076"}]}
RESULT: {"script":"<script> [56 bytes]","args":[{"element-6066-11e4-a52e-4f735466cecf":"f.093A703FE9E59CF09BD9C73E01D6E334.d.B9014F286A5BE11E9F00A83810BB0C59.e.2076","ELEMENT":"f.093A703FE9E59CF09BD9C73E01D6E334.d.B9014F286A5BE11E9F00A83810BB0C59.e.2076"}]}
COMMAND: POST /session/4a8a75bcbd0d44f703d13edc121f15a8/element - {"using":"css selector","value":"#shell-header-logo"}
COMMAND: GET /session/4a8a75bcbd0d44f703d13edc121f15a8/screenshot - {}
RESULT: {"using":"css selector","value":"#shell-header-logo"}
COMMAND: POST /session/4a8a75bcbd0d44f703d13edc121f15a8/element/f.093A703FE9E59CF09BD9C73E01D6E334.d.B9014F286A5BE11E9F00A83810BB0C59.e.1707/click - {}
RESULT: {}
RESULT: {}
COMMAND: GET /session/4a8a75bcbd0d44f703d13edc121f15a8/screenshot - {}
RESULT: {}
]]></system-out>
    </testcase>
    <testcase classname="chrome.137_0_7151_69.windows.Partner_specific_tests_US150819_US151080_US151654_US151176_US103444_US151078_US151079_US151109_US151174_US151175_US151189" name="Should deactivate the created partner in earlier step US151654" time="61.467">
      <system-out><![CDATA[
COMMAND: POST /session/4a8a75bcbd0d44f703d13edc121f15a8/element - {"using":"xpath","value":"//li[.//span[text()=\"Manage Partners\"]]"}
RESULT: {"using":"xpath","value":"//li[.//span[text()=\"Manage Partners\"]]"}
COMMAND: POST /session/4a8a75bcbd0d44f703d13edc121f15a8/element - {"using":"xpath","value":"//li[.//span[text()=\"Manage Partners\"]]"}
RESULT: {"using":"xpath","value":"//li[.//span[text()=\"Manage Partners\"]]"}
COMMAND: POST /session/4a8a75bcbd0d44f703d13edc121f15a8/element - {"using":"css selector","value":"#shell-header-logo"}
RESULT: {"using":"css selector","value":"#shell-header-logo"}
COMMAND: POST /session/4a8a75bcbd0d44f703d13edc121f15a8/element/f.093A703FE9E59CF09BD9C73E01D6E334.d.B9014F286A5BE11E9F00A83810BB0C59.e.2165/click - {}
COMMAND: POST /session/4a8a75bcbd0d44f703d13edc121f15a8/execute/sync - {"script":"<script> [8489 bytes]","args":[{"element-6066-11e4-a52e-4f735466cecf":"f.093A703FE9E59CF09BD9C73E01D6E334.d.B9014F286A5BE11E9F00A83810BB0C59.e.2165","ELEMENT":"f.093A703FE9E59CF09BD9C73E01D6E334.d.B9014F286A5BE11E9F00A83810BB0C59.e.2165"}]}
RESULT: {"script":"<script> [8489 bytes]","args":[{"element-6066-11e4-a52e-4f735466cecf":"f.093A703FE9E59CF09BD9C73E01D6E334.d.B9014F286A5BE11E9F00A83810BB0C59.e.2165","ELEMENT":"f.093A703FE9E59CF09BD9C73E01D6E334.d.B9014F286A5BE11E9F00A83810BB0C59.e.2165"}]}
COMMAND: POST /session/4a8a75bcbd0d44f703d13edc121f15a8/execute/sync - {"script":"<script> [5351 bytes]","args":[{"element-6066-11e4-a52e-4f735466cecf":"f.093A703FE9E59CF09BD9C73E01D6E334.d.B9014F286A5BE11E9F00A83810BB0C59.e.2165","ELEMENT":"f.093A703FE9E59CF09BD9C73E01D6E334.d.B9014F286A5BE11E9F00A83810BB0C59.e.2165"}]}
COMMAND: GET /session/4a8a75bcbd0d44f703d13edc121f15a8/screenshot - {}
RESULT: {}
COMMAND: GET /session/4a8a75bcbd0d44f703d13edc121f15a8/screenshot - {}
RESULT: {"script":"<script> [5351 bytes]","args":[{"element-6066-11e4-a52e-4f735466cecf":"f.093A703FE9E59CF09BD9C73E01D6E334.d.B9014F286A5BE11E9F00A83810BB0C59.e.2165","ELEMENT":"f.093A703FE9E59CF09BD9C73E01D6E334.d.B9014F286A5BE11E9F00A83810BB0C59.e.2165"}]}
COMMAND: GET /session/4a8a75bcbd0d44f703d13edc121f15a8/screenshot - {}
RESULT: {}
RESULT: {}
RESULT: {}
RESULT: undefined
COMMAND: POST /session/4a8a75bcbd0d44f703d13edc121f15a8/element - {"using":"xpath","value":"//*[@id=\"__tile39\"]"}
RESULT: {"using":"xpath","value":"//*[@id=\"__tile39\"]"}
COMMAND: POST /session/4a8a75bcbd0d44f703d13edc121f15a8/element/f.093A703FE9E59CF09BD9C73E01D6E334.d.B9014F286A5BE11E9F00A83810BB0C59.e.152/click - {}
RESULT: {}
COMMAND: GET /session/4a8a75bcbd0d44f703d13edc121f15a8/screenshot - {}
RESULT: {}
COMMAND: POST /session/4a8a75bcbd0d44f703d13edc121f15a8/elements - {"using":"xpath","value":"//span[text()='Error']"}
RESULT: {"using":"xpath","value":"//span[text()='Error']"}
COMMAND: POST /session/4a8a75bcbd0d44f703d13edc121f15a8/element - {"using":"xpath","value":"//button[@data-kt=\"addButton\"]"}
RESULT: {"using":"xpath","value":"//button[@data-kt=\"addButton\"]"}
COMMAND: POST /session/4a8a75bcbd0d44f703d13edc121f15a8/elements - {"using":"xpath","value":"//button[@data-kt=\"addButton\"]"}
RESULT: {"using":"xpath","value":"//button[@data-kt=\"addButton\"]"}
COMMAND: POST /session/4a8a75bcbd0d44f703d13edc121f15a8/execute/sync - {"script":"<script> [8489 bytes]","args":[{"element-6066-11e4-a52e-4f735466cecf":"f.093A703FE9E59CF09BD9C73E01D6E334.d.B9014F286A5BE11E9F00A83810BB0C59.e.2211","ELEMENT":"f.093A703FE9E59CF09BD9C73E01D6E334.d.B9014F286A5BE11E9F00A83810BB0C59.e.2211"}]}
RESULT: {"script":"<script> [8489 bytes]","args":[{"element-6066-11e4-a52e-4f735466cecf":"f.093A703FE9E59CF09BD9C73E01D6E334.d.B9014F286A5BE11E9F00A83810BB0C59.e.2211","ELEMENT":"f.093A703FE9E59CF09BD9C73E01D6E334.d.B9014F286A5BE11E9F00A83810BB0C59.e.2211"}]}
COMMAND: GET /session/4a8a75bcbd0d44f703d13edc121f15a8/element/f.093A703FE9E59CF09BD9C73E01D6E334.d.B9014F286A5BE11E9F00A83810BB0C59.e.2211/enabled - {}
COMMAND: GET /session/4a8a75bcbd0d44f703d13edc121f15a8/screenshot - {}
RESULT: {}
COMMAND: POST /session/4a8a75bcbd0d44f703d13edc121f15a8/execute/sync - {"script":"<script> [8489 bytes]","args":[{"element-6066-11e4-a52e-4f735466cecf":"f.093A703FE9E59CF09BD9C73E01D6E334.d.B9014F286A5BE11E9F00A83810BB0C59.e.2211","ELEMENT":"f.093A703FE9E59CF09BD9C73E01D6E334.d.B9014F286A5BE11E9F00A83810BB0C59.e.2211"}]}
COMMAND: GET /session/4a8a75bcbd0d44f703d13edc121f15a8/screenshot - {}
RESULT: {}
RESULT: {"script":"<script> [8489 bytes]","args":[{"element-6066-11e4-a52e-4f735466cecf":"f.093A703FE9E59CF09BD9C73E01D6E334.d.B9014F286A5BE11E9F00A83810BB0C59.e.2211","ELEMENT":"f.093A703FE9E59CF09BD9C73E01D6E334.d.B9014F286A5BE11E9F00A83810BB0C59.e.2211"}]}
COMMAND: POST /session/4a8a75bcbd0d44f703d13edc121f15a8/execute/sync - {"script":"<script> [5351 bytes]","args":[{"element-6066-11e4-a52e-4f735466cecf":"f.093A703FE9E59CF09BD9C73E01D6E334.d.B9014F286A5BE11E9F00A83810BB0C59.e.2211","ELEMENT":"f.093A703FE9E59CF09BD9C73E01D6E334.d.B9014F286A5BE11E9F00A83810BB0C59.e.2211"}]}
COMMAND: GET /session/4a8a75bcbd0d44f703d13edc121f15a8/screenshot - {}
RESULT: {}
RESULT: {"script":"<script> [5351 bytes]","args":[{"element-6066-11e4-a52e-4f735466cecf":"f.093A703FE9E59CF09BD9C73E01D6E334.d.B9014F286A5BE11E9F00A83810BB0C59.e.2211","ELEMENT":"f.093A703FE9E59CF09BD9C73E01D6E334.d.B9014F286A5BE11E9F00A83810BB0C59.e.2211"}]}
COMMAND: GET /session/4a8a75bcbd0d44f703d13edc121f15a8/screenshot - {}
RESULT: {}
RESULT: {}
COMMAND: POST /session/4a8a75bcbd0d44f703d13edc121f15a8/execute/async - {"script":"<script> [1562 bytes]","args":[{"selector":{"id":"application-managepartners-display-component---masterPtm--smartFilterBar-btnBasicSearch","interaction":{"idSuffix":"I"}},"wdio_ui5_key":"applicationmanagepartners-display-component---masterPtm--smartFilterBar-btnBasicSearch"}]}
RESULT: {"script":"<script> [1562 bytes]","args":[{"selector":{"id":"application-managepartners-display-component---masterPtm--smartFilterBar-btnBasicSearch","interaction":{"idSuffix":"I"}},"wdio_ui5_key":"applicationmanagepartners-display-component---masterPtm--smartFilterBar-btnBasicSearch"}]}
RESULT: undefined
COMMAND: POST /session/4a8a75bcbd0d44f703d13edc121f15a8/execute/async - {"script":"<script> [776 bytes]","args":[{"enterText":"1119","selector":{"id":"application-managepartners-display-component---masterPtm--smartFilterBar-btnBasicSearch","interaction":{"idSuffix":"I"}},"clearTextFirst":true,"interactionType":"ENTER_TEXT"}]}
RESULT: {"script":"<script> [776 bytes]","args":[{"enterText":"1119","selector":{"id":"application-managepartners-display-component---masterPtm--smartFilterBar-btnBasicSearch","interaction":{"idSuffix":"I"}},"clearTextFirst":true,"interactionType":"ENTER_TEXT"}]}
COMMAND: POST /session/4a8a75bcbd0d44f703d13edc121f15a8/actions - {"actions":[{"id":"action4","type":"key","parameters":{},"actions":[{"type":"keyDown","value":""},{"type":"pause","duration":10},{"type":"keyUp","value":""}]}]}
RESULT: {"actions":[{"id":"action4","type":"key","parameters":{},"actions":[{"type":"keyDown","value":""},{"type":"pause","duration":10},{"type":"keyUp","value":""}]}]}
COMMAND: GET /session/4a8a75bcbd0d44f703d13edc121f15a8/screenshot - {}
RESULT: {}
COMMAND: POST /session/4a8a75bcbd0d44f703d13edc121f15a8/elements - {"using":"xpath","value":"//table[contains(@id, \"customPartnersTable-listUl\")]/tbody/tr"}
RESULT: {"using":"xpath","value":"//table[contains(@id, \"customPartnersTable-listUl\")]/tbody/tr"}
COMMAND: POST /session/4a8a75bcbd0d44f703d13edc121f15a8/element - {"using":"xpath","value":"//table[contains(@id, \"customPartnersTable-listUl\")]/tbody/tr[1]/td[3]/span"}
RESULT: {"using":"xpath","value":"//table[contains(@id, \"customPartnersTable-listUl\")]/tbody/tr[1]/td[3]/span"}
COMMAND: POST /session/4a8a75bcbd0d44f703d13edc121f15a8/elements - {"using":"xpath","value":"//table[contains(@id, \"customPartnersTable-listUl\")]/tbody/tr[1]/td[3]/span"}
RESULT: {"using":"xpath","value":"//table[contains(@id, \"customPartnersTable-listUl\")]/tbody/tr[1]/td[3]/span"}
COMMAND: POST /session/4a8a75bcbd0d44f703d13edc121f15a8/execute/sync - {"script":"<script> [56 bytes]","args":[{"element-6066-11e4-a52e-4f735466cecf":"f.093A703FE9E59CF09BD9C73E01D6E334.d.B9014F286A5BE11E9F00A83810BB0C59.e.2348","ELEMENT":"f.093A703FE9E59CF09BD9C73E01D6E334.d.B9014F286A5BE11E9F00A83810BB0C59.e.2348"}]}
RESULT: {"script":"<script> [56 bytes]","args":[{"element-6066-11e4-a52e-4f735466cecf":"f.093A703FE9E59CF09BD9C73E01D6E334.d.B9014F286A5BE11E9F00A83810BB0C59.e.2348","ELEMENT":"f.093A703FE9E59CF09BD9C73E01D6E334.d.B9014F286A5BE11E9F00A83810BB0C59.e.2348"}]}
COMMAND: POST /session/4a8a75bcbd0d44f703d13edc121f15a8/element - {"using":"xpath","value":"//table[contains(@id, \"customPartnersTable-listUl\")]/tbody/tr[1]/td[7]/div/span"}
COMMAND: GET /session/4a8a75bcbd0d44f703d13edc121f15a8/screenshot - {}
RESULT: {"using":"xpath","value":"//table[contains(@id, \"customPartnersTable-listUl\")]/tbody/tr[1]/td[7]/div/span"}
COMMAND: POST /session/4a8a75bcbd0d44f703d13edc121f15a8/execute/sync - {"script":"<script> [56 bytes]","args":[{"element-6066-11e4-a52e-4f735466cecf":"f.093A703FE9E59CF09BD9C73E01D6E334.d.B9014F286A5BE11E9F00A83810BB0C59.e.2349","ELEMENT":"f.093A703FE9E59CF09BD9C73E01D6E334.d.B9014F286A5BE11E9F00A83810BB0C59.e.2349"}]}
RESULT: {}
RESULT: {"script":"<script> [56 bytes]","args":[{"element-6066-11e4-a52e-4f735466cecf":"f.093A703FE9E59CF09BD9C73E01D6E334.d.B9014F286A5BE11E9F00A83810BB0C59.e.2349","ELEMENT":"f.093A703FE9E59CF09BD9C73E01D6E334.d.B9014F286A5BE11E9F00A83810BB0C59.e.2349"}]}
COMMAND: POST /session/4a8a75bcbd0d44f703d13edc121f15a8/element - {"using":"xpath","value":"//table[contains(@id, \"customPartnersTable-listUl\")]/tbody/tr[1]/td[2]/div/div"}
COMMAND: GET /session/4a8a75bcbd0d44f703d13edc121f15a8/screenshot - {}
RESULT: {"using":"xpath","value":"//table[contains(@id, \"customPartnersTable-listUl\")]/tbody/tr[1]/td[2]/div/div"}
COMMAND: POST /session/4a8a75bcbd0d44f703d13edc121f15a8/element/f.093A703FE9E59CF09BD9C73E01D6E334.d.B9014F286A5BE11E9F00A83810BB0C59.e.2350/click - {}
RESULT: {}
RESULT: {}
COMMAND: GET /session/4a8a75bcbd0d44f703d13edc121f15a8/screenshot - {}
RESULT: {}
COMMAND: POST /session/4a8a75bcbd0d44f703d13edc121f15a8/element - {"using":"xpath","value":"//bdi[contains(text(), \"Deactivate\")]"}
RESULT: {"using":"xpath","value":"//bdi[contains(text(), \"Deactivate\")]"}
COMMAND: POST /session/4a8a75bcbd0d44f703d13edc121f15a8/element/f.093A703FE9E59CF09BD9C73E01D6E334.d.B9014F286A5BE11E9F00A83810BB0C59.e.2351/click - {}
RESULT: {}
COMMAND: GET /session/4a8a75bcbd0d44f703d13edc121f15a8/screenshot - {}
RESULT: {}
COMMAND: POST /session/4a8a75bcbd0d44f703d13edc121f15a8/element - {"using":"xpath","value":"//bdi[contains(text(), \"Yes\")]"}
RESULT: {"using":"xpath","value":"//bdi[contains(text(), \"Yes\")]"}
COMMAND: POST /session/4a8a75bcbd0d44f703d13edc121f15a8/element/f.093A703FE9E59CF09BD9C73E01D6E334.d.B9014F286A5BE11E9F00A83810BB0C59.e.2353/click - {}
RESULT: {}
COMMAND: GET /session/4a8a75bcbd0d44f703d13edc121f15a8/screenshot - {}
RESULT: {}
COMMAND: POST /session/4a8a75bcbd0d44f703d13edc121f15a8/element - {"using":"xpath","value":"//table[contains(@id, \"customPartnersTable-listUl\")]/tbody/tr[1]/td[7]/div/span"}
RESULT: {"using":"xpath","value":"//table[contains(@id, \"customPartnersTable-listUl\")]/tbody/tr[1]/td[7]/div/span"}
COMMAND: POST /session/4a8a75bcbd0d44f703d13edc121f15a8/execute/sync - {"script":"<script> [56 bytes]","args":[{"element-6066-11e4-a52e-4f735466cecf":"f.093A703FE9E59CF09BD9C73E01D6E334.d.B9014F286A5BE11E9F00A83810BB0C59.e.2349","ELEMENT":"f.093A703FE9E59CF09BD9C73E01D6E334.d.B9014F286A5BE11E9F00A83810BB0C59.e.2349"}]}
RESULT: {"script":"<script> [56 bytes]","args":[{"element-6066-11e4-a52e-4f735466cecf":"f.093A703FE9E59CF09BD9C73E01D6E334.d.B9014F286A5BE11E9F00A83810BB0C59.e.2349","ELEMENT":"f.093A703FE9E59CF09BD9C73E01D6E334.d.B9014F286A5BE11E9F00A83810BB0C59.e.2349"}]}
COMMAND: GET /session/4a8a75bcbd0d44f703d13edc121f15a8/screenshot - {}
RESULT: {}
COMMAND: POST /session/4a8a75bcbd0d44f703d13edc121f15a8/element - {"using":"css selector","value":"#shell-header-logo"}
RESULT: {"using":"css selector","value":"#shell-header-logo"}
COMMAND: POST /session/4a8a75bcbd0d44f703d13edc121f15a8/element/f.093A703FE9E59CF09BD9C73E01D6E334.d.B9014F286A5BE11E9F00A83810BB0C59.e.2165/click - {}
RESULT: {}
COMMAND: GET /session/4a8a75bcbd0d44f703d13edc121f15a8/screenshot - {}
RESULT: {}
]]></system-out>
    </testcase>
    <testcase classname="chrome.137_0_7151_69.windows.Partner_specific_tests_US150819_US151080_US151654_US151176_US103444_US151078_US151079_US151109_US151174_US151175_US151189" name="Should activate the created partner again US151176" time="61.609">
      <system-out><![CDATA[
COMMAND: POST /session/4a8a75bcbd0d44f703d13edc121f15a8/element - {"using":"xpath","value":"//li[.//span[text()=\"Manage Partners\"]]"}
RESULT: {"using":"xpath","value":"//li[.//span[text()=\"Manage Partners\"]]"}
COMMAND: POST /session/4a8a75bcbd0d44f703d13edc121f15a8/element - {"using":"xpath","value":"//li[.//span[text()=\"Manage Partners\"]]"}
RESULT: {"using":"xpath","value":"//li[.//span[text()=\"Manage Partners\"]]"}
COMMAND: POST /session/4a8a75bcbd0d44f703d13edc121f15a8/element - {"using":"css selector","value":"#shell-header-logo"}
RESULT: {"using":"css selector","value":"#shell-header-logo"}
COMMAND: POST /session/4a8a75bcbd0d44f703d13edc121f15a8/element/f.093A703FE9E59CF09BD9C73E01D6E334.d.B9014F286A5BE11E9F00A83810BB0C59.e.2357/click - {}
COMMAND: POST /session/4a8a75bcbd0d44f703d13edc121f15a8/execute/sync - {"script":"<script> [8489 bytes]","args":[{"element-6066-11e4-a52e-4f735466cecf":"f.093A703FE9E59CF09BD9C73E01D6E334.d.B9014F286A5BE11E9F00A83810BB0C59.e.2357","ELEMENT":"f.093A703FE9E59CF09BD9C73E01D6E334.d.B9014F286A5BE11E9F00A83810BB0C59.e.2357"}]}
RESULT: {"script":"<script> [8489 bytes]","args":[{"element-6066-11e4-a52e-4f735466cecf":"f.093A703FE9E59CF09BD9C73E01D6E334.d.B9014F286A5BE11E9F00A83810BB0C59.e.2357","ELEMENT":"f.093A703FE9E59CF09BD9C73E01D6E334.d.B9014F286A5BE11E9F00A83810BB0C59.e.2357"}]}
COMMAND: POST /session/4a8a75bcbd0d44f703d13edc121f15a8/execute/sync - {"script":"<script> [5351 bytes]","args":[{"element-6066-11e4-a52e-4f735466cecf":"f.093A703FE9E59CF09BD9C73E01D6E334.d.B9014F286A5BE11E9F00A83810BB0C59.e.2357","ELEMENT":"f.093A703FE9E59CF09BD9C73E01D6E334.d.B9014F286A5BE11E9F00A83810BB0C59.e.2357"}]}
COMMAND: GET /session/4a8a75bcbd0d44f703d13edc121f15a8/screenshot - {}
RESULT: {}
COMMAND: GET /session/4a8a75bcbd0d44f703d13edc121f15a8/screenshot - {}
RESULT: {"script":"<script> [5351 bytes]","args":[{"element-6066-11e4-a52e-4f735466cecf":"f.093A703FE9E59CF09BD9C73E01D6E334.d.B9014F286A5BE11E9F00A83810BB0C59.e.2357","ELEMENT":"f.093A703FE9E59CF09BD9C73E01D6E334.d.B9014F286A5BE11E9F00A83810BB0C59.e.2357"}]}
COMMAND: GET /session/4a8a75bcbd0d44f703d13edc121f15a8/screenshot - {}
RESULT: {}
RESULT: {}
RESULT: {}
RESULT: undefined
COMMAND: POST /session/4a8a75bcbd0d44f703d13edc121f15a8/element - {"using":"xpath","value":"//*[@id=\"__tile39\"]"}
RESULT: {"using":"xpath","value":"//*[@id=\"__tile39\"]"}
COMMAND: POST /session/4a8a75bcbd0d44f703d13edc121f15a8/element/f.093A703FE9E59CF09BD9C73E01D6E334.d.B9014F286A5BE11E9F00A83810BB0C59.e.152/click - {}
RESULT: {}
COMMAND: GET /session/4a8a75bcbd0d44f703d13edc121f15a8/screenshot - {}
RESULT: {}
COMMAND: POST /session/4a8a75bcbd0d44f703d13edc121f15a8/elements - {"using":"xpath","value":"//span[text()='Error']"}
RESULT: {"using":"xpath","value":"//span[text()='Error']"}
COMMAND: POST /session/4a8a75bcbd0d44f703d13edc121f15a8/element - {"using":"xpath","value":"//button[@data-kt=\"addButton\"]"}
RESULT: {"using":"xpath","value":"//button[@data-kt=\"addButton\"]"}
COMMAND: POST /session/4a8a75bcbd0d44f703d13edc121f15a8/elements - {"using":"xpath","value":"//button[@data-kt=\"addButton\"]"}
RESULT: {"using":"xpath","value":"//button[@data-kt=\"addButton\"]"}
COMMAND: POST /session/4a8a75bcbd0d44f703d13edc121f15a8/execute/sync - {"script":"<script> [8489 bytes]","args":[{"element-6066-11e4-a52e-4f735466cecf":"f.093A703FE9E59CF09BD9C73E01D6E334.d.B9014F286A5BE11E9F00A83810BB0C59.e.2403","ELEMENT":"f.093A703FE9E59CF09BD9C73E01D6E334.d.B9014F286A5BE11E9F00A83810BB0C59.e.2403"}]}
RESULT: {"script":"<script> [8489 bytes]","args":[{"element-6066-11e4-a52e-4f735466cecf":"f.093A703FE9E59CF09BD9C73E01D6E334.d.B9014F286A5BE11E9F00A83810BB0C59.e.2403","ELEMENT":"f.093A703FE9E59CF09BD9C73E01D6E334.d.B9014F286A5BE11E9F00A83810BB0C59.e.2403"}]}
COMMAND: GET /session/4a8a75bcbd0d44f703d13edc121f15a8/element/f.093A703FE9E59CF09BD9C73E01D6E334.d.B9014F286A5BE11E9F00A83810BB0C59.e.2403/enabled - {}
COMMAND: GET /session/4a8a75bcbd0d44f703d13edc121f15a8/screenshot - {}
RESULT: {}
COMMAND: POST /session/4a8a75bcbd0d44f703d13edc121f15a8/execute/sync - {"script":"<script> [8489 bytes]","args":[{"element-6066-11e4-a52e-4f735466cecf":"f.093A703FE9E59CF09BD9C73E01D6E334.d.B9014F286A5BE11E9F00A83810BB0C59.e.2403","ELEMENT":"f.093A703FE9E59CF09BD9C73E01D6E334.d.B9014F286A5BE11E9F00A83810BB0C59.e.2403"}]}
COMMAND: GET /session/4a8a75bcbd0d44f703d13edc121f15a8/screenshot - {}
RESULT: {}
RESULT: {}
RESULT: {"script":"<script> [8489 bytes]","args":[{"element-6066-11e4-a52e-4f735466cecf":"f.093A703FE9E59CF09BD9C73E01D6E334.d.B9014F286A5BE11E9F00A83810BB0C59.e.2403","ELEMENT":"f.093A703FE9E59CF09BD9C73E01D6E334.d.B9014F286A5BE11E9F00A83810BB0C59.e.2403"}]}
COMMAND: POST /session/4a8a75bcbd0d44f703d13edc121f15a8/execute/sync - {"script":"<script> [5351 bytes]","args":[{"element-6066-11e4-a52e-4f735466cecf":"f.093A703FE9E59CF09BD9C73E01D6E334.d.B9014F286A5BE11E9F00A83810BB0C59.e.2403","ELEMENT":"f.093A703FE9E59CF09BD9C73E01D6E334.d.B9014F286A5BE11E9F00A83810BB0C59.e.2403"}]}
COMMAND: GET /session/4a8a75bcbd0d44f703d13edc121f15a8/screenshot - {}
RESULT: {"script":"<script> [5351 bytes]","args":[{"element-6066-11e4-a52e-4f735466cecf":"f.093A703FE9E59CF09BD9C73E01D6E334.d.B9014F286A5BE11E9F00A83810BB0C59.e.2403","ELEMENT":"f.093A703FE9E59CF09BD9C73E01D6E334.d.B9014F286A5BE11E9F00A83810BB0C59.e.2403"}]}
COMMAND: GET /session/4a8a75bcbd0d44f703d13edc121f15a8/screenshot - {}
RESULT: {}
RESULT: {}
RESULT: undefined
COMMAND: POST /session/4a8a75bcbd0d44f703d13edc121f15a8/execute/async - {"script":"<script> [776 bytes]","args":[{"enterText":"1119","selector":{"id":"application-managepartners-display-component---masterPtm--smartFilterBar-btnBasicSearch","interaction":{"idSuffix":"I"}},"clearTextFirst":true,"interactionType":"ENTER_TEXT"}]}
RESULT: {"script":"<script> [776 bytes]","args":[{"enterText":"1119","selector":{"id":"application-managepartners-display-component---masterPtm--smartFilterBar-btnBasicSearch","interaction":{"idSuffix":"I"}},"clearTextFirst":true,"interactionType":"ENTER_TEXT"}]}
COMMAND: POST /session/4a8a75bcbd0d44f703d13edc121f15a8/actions - {"actions":[{"id":"action5","type":"key","parameters":{},"actions":[{"type":"keyDown","value":""},{"type":"pause","duration":10},{"type":"keyUp","value":""}]}]}
RESULT: {"actions":[{"id":"action5","type":"key","parameters":{},"actions":[{"type":"keyDown","value":""},{"type":"pause","duration":10},{"type":"keyUp","value":""}]}]}
COMMAND: GET /session/4a8a75bcbd0d44f703d13edc121f15a8/screenshot - {}
RESULT: {}
COMMAND: POST /session/4a8a75bcbd0d44f703d13edc121f15a8/elements - {"using":"xpath","value":"//table[contains(@id, \"customPartnersTable-listUl\")]/tbody/tr"}
RESULT: {"using":"xpath","value":"//table[contains(@id, \"customPartnersTable-listUl\")]/tbody/tr"}
COMMAND: POST /session/4a8a75bcbd0d44f703d13edc121f15a8/element - {"using":"xpath","value":"//table[contains(@id, \"customPartnersTable-listUl\")]/tbody/tr[1]/td[3]/span"}
RESULT: {"using":"xpath","value":"//table[contains(@id, \"customPartnersTable-listUl\")]/tbody/tr[1]/td[3]/span"}
COMMAND: POST /session/4a8a75bcbd0d44f703d13edc121f15a8/elements - {"using":"xpath","value":"//table[contains(@id, \"customPartnersTable-listUl\")]/tbody/tr[1]/td[3]/span"}
RESULT: {"using":"xpath","value":"//table[contains(@id, \"customPartnersTable-listUl\")]/tbody/tr[1]/td[3]/span"}
COMMAND: POST /session/4a8a75bcbd0d44f703d13edc121f15a8/execute/sync - {"script":"<script> [56 bytes]","args":[{"element-6066-11e4-a52e-4f735466cecf":"f.093A703FE9E59CF09BD9C73E01D6E334.d.B9014F286A5BE11E9F00A83810BB0C59.e.2540","ELEMENT":"f.093A703FE9E59CF09BD9C73E01D6E334.d.B9014F286A5BE11E9F00A83810BB0C59.e.2540"}]}
RESULT: {"script":"<script> [56 bytes]","args":[{"element-6066-11e4-a52e-4f735466cecf":"f.093A703FE9E59CF09BD9C73E01D6E334.d.B9014F286A5BE11E9F00A83810BB0C59.e.2540","ELEMENT":"f.093A703FE9E59CF09BD9C73E01D6E334.d.B9014F286A5BE11E9F00A83810BB0C59.e.2540"}]}
COMMAND: POST /session/4a8a75bcbd0d44f703d13edc121f15a8/element - {"using":"xpath","value":"//table[contains(@id, \"customPartnersTable-listUl\")]/tbody/tr[1]/td[7]/div/span"}
COMMAND: GET /session/4a8a75bcbd0d44f703d13edc121f15a8/screenshot - {}
RESULT: {"using":"xpath","value":"//table[contains(@id, \"customPartnersTable-listUl\")]/tbody/tr[1]/td[7]/div/span"}
COMMAND: POST /session/4a8a75bcbd0d44f703d13edc121f15a8/execute/sync - {"script":"<script> [56 bytes]","args":[{"element-6066-11e4-a52e-4f735466cecf":"f.093A703FE9E59CF09BD9C73E01D6E334.d.B9014F286A5BE11E9F00A83810BB0C59.e.2541","ELEMENT":"f.093A703FE9E59CF09BD9C73E01D6E334.d.B9014F286A5BE11E9F00A83810BB0C59.e.2541"}]}
RESULT: {}
RESULT: {"script":"<script> [56 bytes]","args":[{"element-6066-11e4-a52e-4f735466cecf":"f.093A703FE9E59CF09BD9C73E01D6E334.d.B9014F286A5BE11E9F00A83810BB0C59.e.2541","ELEMENT":"f.093A703FE9E59CF09BD9C73E01D6E334.d.B9014F286A5BE11E9F00A83810BB0C59.e.2541"}]}
COMMAND: POST /session/4a8a75bcbd0d44f703d13edc121f15a8/element - {"using":"xpath","value":"//table[contains(@id, \"customPartnersTable-listUl\")]/tbody/tr[1]/td[2]/div/div"}
COMMAND: GET /session/4a8a75bcbd0d44f703d13edc121f15a8/screenshot - {}
RESULT: {"using":"xpath","value":"//table[contains(@id, \"customPartnersTable-listUl\")]/tbody/tr[1]/td[2]/div/div"}
COMMAND: POST /session/4a8a75bcbd0d44f703d13edc121f15a8/element/f.093A703FE9E59CF09BD9C73E01D6E334.d.B9014F286A5BE11E9F00A83810BB0C59.e.2542/click - {}
RESULT: {}
RESULT: {}
COMMAND: GET /session/4a8a75bcbd0d44f703d13edc121f15a8/screenshot - {}
RESULT: {}
COMMAND: POST /session/4a8a75bcbd0d44f703d13edc121f15a8/element - {"using":"xpath","value":"//bdi[contains(text(), \"Activate\")]"}
RESULT: {"using":"xpath","value":"//bdi[contains(text(), \"Activate\")]"}
COMMAND: POST /session/4a8a75bcbd0d44f703d13edc121f15a8/element/f.093A703FE9E59CF09BD9C73E01D6E334.d.B9014F286A5BE11E9F00A83810BB0C59.e.2543/click - {}
RESULT: {}
COMMAND: GET /session/4a8a75bcbd0d44f703d13edc121f15a8/screenshot - {}
RESULT: {}
COMMAND: POST /session/4a8a75bcbd0d44f703d13edc121f15a8/element - {"using":"xpath","value":"//bdi[contains(text(), \"Yes\")]"}
RESULT: {"using":"xpath","value":"//bdi[contains(text(), \"Yes\")]"}
COMMAND: POST /session/4a8a75bcbd0d44f703d13edc121f15a8/element/f.093A703FE9E59CF09BD9C73E01D6E334.d.B9014F286A5BE11E9F00A83810BB0C59.e.2545/click - {}
RESULT: {}
COMMAND: GET /session/4a8a75bcbd0d44f703d13edc121f15a8/screenshot - {}
RESULT: {}
COMMAND: POST /session/4a8a75bcbd0d44f703d13edc121f15a8/element - {"using":"xpath","value":"//table[contains(@id, \"customPartnersTable-listUl\")]/tbody/tr[1]/td[7]/div/span"}
RESULT: {"using":"xpath","value":"//table[contains(@id, \"customPartnersTable-listUl\")]/tbody/tr[1]/td[7]/div/span"}
COMMAND: POST /session/4a8a75bcbd0d44f703d13edc121f15a8/execute/sync - {"script":"<script> [56 bytes]","args":[{"element-6066-11e4-a52e-4f735466cecf":"f.093A703FE9E59CF09BD9C73E01D6E334.d.B9014F286A5BE11E9F00A83810BB0C59.e.2541","ELEMENT":"f.093A703FE9E59CF09BD9C73E01D6E334.d.B9014F286A5BE11E9F00A83810BB0C59.e.2541"}]}
RESULT: {"script":"<script> [56 bytes]","args":[{"element-6066-11e4-a52e-4f735466cecf":"f.093A703FE9E59CF09BD9C73E01D6E334.d.B9014F286A5BE11E9F00A83810BB0C59.e.2541","ELEMENT":"f.093A703FE9E59CF09BD9C73E01D6E334.d.B9014F286A5BE11E9F00A83810BB0C59.e.2541"}]}
COMMAND: GET /session/4a8a75bcbd0d44f703d13edc121f15a8/screenshot - {}
RESULT: {}
COMMAND: POST /session/4a8a75bcbd0d44f703d13edc121f15a8/element - {"using":"css selector","value":"#shell-header-logo"}
RESULT: {"using":"css selector","value":"#shell-header-logo"}
COMMAND: POST /session/4a8a75bcbd0d44f703d13edc121f15a8/element/f.093A703FE9E59CF09BD9C73E01D6E334.d.B9014F286A5BE11E9F00A83810BB0C59.e.2357/click - {}
RESULT: {}
COMMAND: GET /session/4a8a75bcbd0d44f703d13edc121f15a8/screenshot - {}
RESULT: {}
]]></system-out>
    </testcase>
    <testcase classname="chrome.137_0_7151_69.windows.Partner_specific_tests_US150819_US151080_US151654_US151176_US103444_US151078_US151079_US151109_US151174_US151175_US151189" name="Should edit the created external partner and save it and check its content US103444" time="66.767">
      <system-out><![CDATA[
COMMAND: POST /session/4a8a75bcbd0d44f703d13edc121f15a8/element - {"using":"xpath","value":"//li[.//span[text()=\"Manage Partners\"]]"}
RESULT: {"using":"xpath","value":"//li[.//span[text()=\"Manage Partners\"]]"}
COMMAND: POST /session/4a8a75bcbd0d44f703d13edc121f15a8/element - {"using":"xpath","value":"//li[.//span[text()=\"Manage Partners\"]]"}
RESULT: {"using":"xpath","value":"//li[.//span[text()=\"Manage Partners\"]]"}
COMMAND: POST /session/4a8a75bcbd0d44f703d13edc121f15a8/element - {"using":"css selector","value":"#shell-header-logo"}
RESULT: {"using":"css selector","value":"#shell-header-logo"}
COMMAND: POST /session/4a8a75bcbd0d44f703d13edc121f15a8/element/f.093A703FE9E59CF09BD9C73E01D6E334.d.B9014F286A5BE11E9F00A83810BB0C59.e.2549/click - {}
COMMAND: POST /session/4a8a75bcbd0d44f703d13edc121f15a8/execute/sync - {"script":"<script> [8489 bytes]","args":[{"element-6066-11e4-a52e-4f735466cecf":"f.093A703FE9E59CF09BD9C73E01D6E334.d.B9014F286A5BE11E9F00A83810BB0C59.e.2549","ELEMENT":"f.093A703FE9E59CF09BD9C73E01D6E334.d.B9014F286A5BE11E9F00A83810BB0C59.e.2549"}]}
RESULT: {}
COMMAND: GET /session/4a8a75bcbd0d44f703d13edc121f15a8/screenshot - {}
RESULT: {"script":"<script> [8489 bytes]","args":[{"element-6066-11e4-a52e-4f735466cecf":"f.093A703FE9E59CF09BD9C73E01D6E334.d.B9014F286A5BE11E9F00A83810BB0C59.e.2549","ELEMENT":"f.093A703FE9E59CF09BD9C73E01D6E334.d.B9014F286A5BE11E9F00A83810BB0C59.e.2549"}]}
COMMAND: POST /session/4a8a75bcbd0d44f703d13edc121f15a8/execute/sync - {"script":"<script> [5351 bytes]","args":[{"element-6066-11e4-a52e-4f735466cecf":"f.093A703FE9E59CF09BD9C73E01D6E334.d.B9014F286A5BE11E9F00A83810BB0C59.e.2549","ELEMENT":"f.093A703FE9E59CF09BD9C73E01D6E334.d.B9014F286A5BE11E9F00A83810BB0C59.e.2549"}]}
COMMAND: GET /session/4a8a75bcbd0d44f703d13edc121f15a8/screenshot - {}
RESULT: {}
RESULT: {"script":"<script> [5351 bytes]","args":[{"element-6066-11e4-a52e-4f735466cecf":"f.093A703FE9E59CF09BD9C73E01D6E334.d.B9014F286A5BE11E9F00A83810BB0C59.e.2549","ELEMENT":"f.093A703FE9E59CF09BD9C73E01D6E334.d.B9014F286A5BE11E9F00A83810BB0C59.e.2549"}]}
COMMAND: GET /session/4a8a75bcbd0d44f703d13edc121f15a8/screenshot - {}
RESULT: {}
RESULT: {}
RESULT: undefined
COMMAND: POST /session/4a8a75bcbd0d44f703d13edc121f15a8/element - {"using":"xpath","value":"//*[@id=\"__tile39\"]"}
RESULT: {"using":"xpath","value":"//*[@id=\"__tile39\"]"}
COMMAND: POST /session/4a8a75bcbd0d44f703d13edc121f15a8/element/f.093A703FE9E59CF09BD9C73E01D6E334.d.B9014F286A5BE11E9F00A83810BB0C59.e.152/click - {}
RESULT: {}
COMMAND: GET /session/4a8a75bcbd0d44f703d13edc121f15a8/screenshot - {}
RESULT: {}
COMMAND: POST /session/4a8a75bcbd0d44f703d13edc121f15a8/elements - {"using":"xpath","value":"//span[text()='Error']"}
RESULT: {"using":"xpath","value":"//span[text()='Error']"}
COMMAND: POST /session/4a8a75bcbd0d44f703d13edc121f15a8/element - {"using":"xpath","value":"//button[@data-kt=\"addButton\"]"}
RESULT: {"using":"xpath","value":"//button[@data-kt=\"addButton\"]"}
COMMAND: POST /session/4a8a75bcbd0d44f703d13edc121f15a8/elements - {"using":"xpath","value":"//button[@data-kt=\"addButton\"]"}
RESULT: {"using":"xpath","value":"//button[@data-kt=\"addButton\"]"}
COMMAND: POST /session/4a8a75bcbd0d44f703d13edc121f15a8/execute/sync - {"script":"<script> [8489 bytes]","args":[{"element-6066-11e4-a52e-4f735466cecf":"f.093A703FE9E59CF09BD9C73E01D6E334.d.B9014F286A5BE11E9F00A83810BB0C59.e.2594","ELEMENT":"f.093A703FE9E59CF09BD9C73E01D6E334.d.B9014F286A5BE11E9F00A83810BB0C59.e.2594"}]}
RESULT: {"script":"<script> [8489 bytes]","args":[{"element-6066-11e4-a52e-4f735466cecf":"f.093A703FE9E59CF09BD9C73E01D6E334.d.B9014F286A5BE11E9F00A83810BB0C59.e.2594","ELEMENT":"f.093A703FE9E59CF09BD9C73E01D6E334.d.B9014F286A5BE11E9F00A83810BB0C59.e.2594"}]}
COMMAND: GET /session/4a8a75bcbd0d44f703d13edc121f15a8/element/f.093A703FE9E59CF09BD9C73E01D6E334.d.B9014F286A5BE11E9F00A83810BB0C59.e.2594/enabled - {}
COMMAND: GET /session/4a8a75bcbd0d44f703d13edc121f15a8/screenshot - {}
RESULT: {}
COMMAND: POST /session/4a8a75bcbd0d44f703d13edc121f15a8/execute/sync - {"script":"<script> [8489 bytes]","args":[{"element-6066-11e4-a52e-4f735466cecf":"f.093A703FE9E59CF09BD9C73E01D6E334.d.B9014F286A5BE11E9F00A83810BB0C59.e.2594","ELEMENT":"f.093A703FE9E59CF09BD9C73E01D6E334.d.B9014F286A5BE11E9F00A83810BB0C59.e.2594"}]}
COMMAND: GET /session/4a8a75bcbd0d44f703d13edc121f15a8/screenshot - {}
RESULT: {}
RESULT: {"script":"<script> [8489 bytes]","args":[{"element-6066-11e4-a52e-4f735466cecf":"f.093A703FE9E59CF09BD9C73E01D6E334.d.B9014F286A5BE11E9F00A83810BB0C59.e.2594","ELEMENT":"f.093A703FE9E59CF09BD9C73E01D6E334.d.B9014F286A5BE11E9F00A83810BB0C59.e.2594"}]}
COMMAND: POST /session/4a8a75bcbd0d44f703d13edc121f15a8/execute/sync - {"script":"<script> [5351 bytes]","args":[{"element-6066-11e4-a52e-4f735466cecf":"f.093A703FE9E59CF09BD9C73E01D6E334.d.B9014F286A5BE11E9F00A83810BB0C59.e.2594","ELEMENT":"f.093A703FE9E59CF09BD9C73E01D6E334.d.B9014F286A5BE11E9F00A83810BB0C59.e.2594"}]}
COMMAND: GET /session/4a8a75bcbd0d44f703d13edc121f15a8/screenshot - {}
RESULT: {}
RESULT: {"script":"<script> [5351 bytes]","args":[{"element-6066-11e4-a52e-4f735466cecf":"f.093A703FE9E59CF09BD9C73E01D6E334.d.B9014F286A5BE11E9F00A83810BB0C59.e.2594","ELEMENT":"f.093A703FE9E59CF09BD9C73E01D6E334.d.B9014F286A5BE11E9F00A83810BB0C59.e.2594"}]}
COMMAND: GET /session/4a8a75bcbd0d44f703d13edc121f15a8/screenshot - {}
RESULT: {}
RESULT: {}
RESULT: undefined
COMMAND: POST /session/4a8a75bcbd0d44f703d13edc121f15a8/execute/async - {"script":"<script> [776 bytes]","args":[{"enterText":"1119","selector":{"id":"application-managepartners-display-component---masterPtm--smartFilterBar-btnBasicSearch","interaction":{"idSuffix":"I"}},"clearTextFirst":true,"interactionType":"ENTER_TEXT"}]}
RESULT: {"script":"<script> [776 bytes]","args":[{"enterText":"1119","selector":{"id":"application-managepartners-display-component---masterPtm--smartFilterBar-btnBasicSearch","interaction":{"idSuffix":"I"}},"clearTextFirst":true,"interactionType":"ENTER_TEXT"}]}
COMMAND: POST /session/4a8a75bcbd0d44f703d13edc121f15a8/actions - {"actions":[{"id":"action6","type":"key","parameters":{},"actions":[{"type":"keyDown","value":""},{"type":"pause","duration":10},{"type":"keyUp","value":""}]}]}
RESULT: {"actions":[{"id":"action6","type":"key","parameters":{},"actions":[{"type":"keyDown","value":""},{"type":"pause","duration":10},{"type":"keyUp","value":""}]}]}
COMMAND: GET /session/4a8a75bcbd0d44f703d13edc121f15a8/screenshot - {}
RESULT: {}
COMMAND: POST /session/4a8a75bcbd0d44f703d13edc121f15a8/elements - {"using":"xpath","value":"//table[contains(@id, \"customPartnersTable-listUl\")]/tbody/tr"}
RESULT: {"using":"xpath","value":"//table[contains(@id, \"customPartnersTable-listUl\")]/tbody/tr"}
COMMAND: POST /session/4a8a75bcbd0d44f703d13edc121f15a8/element - {"using":"xpath","value":"//table[contains(@id, \"customPartnersTable-listUl\")]/tbody/tr[1]/td[3]/span"}
RESULT: {"using":"xpath","value":"//table[contains(@id, \"customPartnersTable-listUl\")]/tbody/tr[1]/td[3]/span"}
COMMAND: POST /session/4a8a75bcbd0d44f703d13edc121f15a8/elements - {"using":"xpath","value":"//table[contains(@id, \"customPartnersTable-listUl\")]/tbody/tr[1]/td[3]/span"}
RESULT: {"using":"xpath","value":"//table[contains(@id, \"customPartnersTable-listUl\")]/tbody/tr[1]/td[3]/span"}
COMMAND: POST /session/4a8a75bcbd0d44f703d13edc121f15a8/execute/sync - {"script":"<script> [56 bytes]","args":[{"element-6066-11e4-a52e-4f735466cecf":"f.093A703FE9E59CF09BD9C73E01D6E334.d.B9014F286A5BE11E9F00A83810BB0C59.e.2731","ELEMENT":"f.093A703FE9E59CF09BD9C73E01D6E334.d.B9014F286A5BE11E9F00A83810BB0C59.e.2731"}]}
RESULT: {"script":"<script> [56 bytes]","args":[{"element-6066-11e4-a52e-4f735466cecf":"f.093A703FE9E59CF09BD9C73E01D6E334.d.B9014F286A5BE11E9F00A83810BB0C59.e.2731","ELEMENT":"f.093A703FE9E59CF09BD9C73E01D6E334.d.B9014F286A5BE11E9F00A83810BB0C59.e.2731"}]}
COMMAND: POST /session/4a8a75bcbd0d44f703d13edc121f15a8/element - {"using":"xpath","value":"(//span[contains(@id, \"imgNav\")])[1]"}
COMMAND: GET /session/4a8a75bcbd0d44f703d13edc121f15a8/screenshot - {}
RESULT: {"using":"xpath","value":"(//span[contains(@id, \"imgNav\")])[1]"}
COMMAND: POST /session/4a8a75bcbd0d44f703d13edc121f15a8/element/f.093A703FE9E59CF09BD9C73E01D6E334.d.B9014F286A5BE11E9F00A83810BB0C59.e.2729/click - {}
RESULT: {}
RESULT: {}
COMMAND: GET /session/4a8a75bcbd0d44f703d13edc121f15a8/screenshot - {}
RESULT: {}
COMMAND: POST /session/4a8a75bcbd0d44f703d13edc121f15a8/element - {"using":"xpath","value":"//bdi[contains(text(), \"Edit\")]"}
RESULT: {"using":"xpath","value":"//bdi[contains(text(), \"Edit\")]"}
COMMAND: POST /session/4a8a75bcbd0d44f703d13edc121f15a8/element/f.093A703FE9E59CF09BD9C73E01D6E334.d.B9014F286A5BE11E9F00A83810BB0C59.e.2872/click - {}
RESULT: {}
COMMAND: GET /session/4a8a75bcbd0d44f703d13edc121f15a8/screenshot - {}
RESULT: {}
COMMAND: POST /session/4a8a75bcbd0d44f703d13edc121f15a8/execute/async - {"script":"<script> [1562 bytes]","args":[{"selector":{"controlType":"sap.m.Input","viewName":"etm.portal.ui.managepartners.view.EditDetail","labelFor":{"text":"Name"},"interaction":{"idSuffix":"inner"}},"wdio_ui5_key":"etmportal.ui.managepartners.view.EditDetailsap.m.Input{\"text\":\"Name\"}"}]}
RESULT: {"script":"<script> [1562 bytes]","args":[{"selector":{"controlType":"sap.m.Input","viewName":"etm.portal.ui.managepartners.view.EditDetail","labelFor":{"text":"Name"},"interaction":{"idSuffix":"inner"}},"wdio_ui5_key":"etmportal.ui.managepartners.view.EditDetailsap.m.Input{\"text\":\"Name\"}"}]}
RESULT: undefined
COMMAND: POST /session/4a8a75bcbd0d44f703d13edc121f15a8/execute/async - {"script":"<script> [776 bytes]","args":[{"enterText":"External EDIT","selector":{"controlType":"sap.m.Input","viewName":"etm.portal.ui.managepartners.view.EditDetail","labelFor":{"text":"Name"},"interaction":{"idSuffix":"inner"}},"clearTextFirst":true,"interactionType":"ENTER_TEXT"}]}
RESULT: {"script":"<script> [776 bytes]","args":[{"enterText":"External EDIT","selector":{"controlType":"sap.m.Input","viewName":"etm.portal.ui.managepartners.view.EditDetail","labelFor":{"text":"Name"},"interaction":{"idSuffix":"inner"}},"clearTextFirst":true,"interactionType":"ENTER_TEXT"}]}
COMMAND: POST /session/4a8a75bcbd0d44f703d13edc121f15a8/element - {"using":"xpath","value":"(//span[contains(@id,\"addressDetailDetailsLanguage-arrow\")])[1]"}
RESULT: {"using":"xpath","value":"(//span[contains(@id,\"addressDetailDetailsLanguage-arrow\")])[1]"}
COMMAND: POST /session/4a8a75bcbd0d44f703d13edc121f15a8/element/f.093A703FE9E59CF09BD9C73E01D6E334.d.B9014F286A5BE11E9F00A83810BB0C59.e.2950/click - {}
RESULT: {}
COMMAND: POST /session/4a8a75bcbd0d44f703d13edc121f15a8/element - {"using":"xpath","value":"//span[contains(text(), \"Chinese\")]"}
COMMAND: GET /session/4a8a75bcbd0d44f703d13edc121f15a8/screenshot - {}
RESULT: {"using":"xpath","value":"//span[contains(text(), \"Chinese\")]"}
COMMAND: POST /session/4a8a75bcbd0d44f703d13edc121f15a8/element/f.093A703FE9E59CF09BD9C73E01D6E334.d.B9014F286A5BE11E9F00A83810BB0C59.e.2951/click - {}
RESULT: {}
RESULT: {}
COMMAND: GET /session/4a8a75bcbd0d44f703d13edc121f15a8/screenshot - {}
RESULT: {}
COMMAND: POST /session/4a8a75bcbd0d44f703d13edc121f15a8/execute/async - {"script":"<script> [1562 bytes]","args":[{"selector":{"controlType":"sap.m.Input","viewName":"etm.portal.ui.managepartners.view.EditDetail","labelFor":{"text":"City"},"interaction":{"idSuffix":"inner"}},"wdio_ui5_key":"etmportal.ui.managepartners.view.EditDetailsap.m.Input{\"text\":\"City\"}"}]}
RESULT: {"script":"<script> [1562 bytes]","args":[{"selector":{"controlType":"sap.m.Input","viewName":"etm.portal.ui.managepartners.view.EditDetail","labelFor":{"text":"City"},"interaction":{"idSuffix":"inner"}},"wdio_ui5_key":"etmportal.ui.managepartners.view.EditDetailsap.m.Input{\"text\":\"City\"}"}]}
RESULT: undefined
COMMAND: POST /session/4a8a75bcbd0d44f703d13edc121f15a8/execute/async - {"script":"<script> [776 bytes]","args":[{"enterText":"Clooj-Napoca","selector":{"controlType":"sap.m.Input","viewName":"etm.portal.ui.managepartners.view.EditDetail","labelFor":{"text":"City"},"interaction":{"idSuffix":"inner"}},"clearTextFirst":true,"interactionType":"ENTER_TEXT"}]}
RESULT: {"script":"<script> [776 bytes]","args":[{"enterText":"Clooj-Napoca","selector":{"controlType":"sap.m.Input","viewName":"etm.portal.ui.managepartners.view.EditDetail","labelFor":{"text":"City"},"interaction":{"idSuffix":"inner"}},"clearTextFirst":true,"interactionType":"ENTER_TEXT"}]}
COMMAND: POST /session/4a8a75bcbd0d44f703d13edc121f15a8/element - {"using":"xpath","value":"//button[@data-kt=\"saveButton\"]"}
RESULT: {"using":"xpath","value":"//button[@data-kt=\"saveButton\"]"}
COMMAND: POST /session/4a8a75bcbd0d44f703d13edc121f15a8/element/f.093A703FE9E59CF09BD9C73E01D6E334.d.B9014F286A5BE11E9F00A83810BB0C59.e.2935/click - {}
RESULT: {}
COMMAND: GET /session/4a8a75bcbd0d44f703d13edc121f15a8/screenshot - {}
RESULT: {}
COMMAND: POST /session/4a8a75bcbd0d44f703d13edc121f15a8/execute/async - {"script":"<script> [1562 bytes]","args":[{"selector":{"id":"application-managepartners-display-component---detailPtm--addressDetailDetailsName1"},"wdio_ui5_key":"applicationmanagepartners-display-component---detailPtm--addressDetailDetailsName1"}]}
RESULT: {"script":"<script> [1562 bytes]","args":[{"selector":{"id":"application-managepartners-display-component---detailPtm--addressDetailDetailsName1"},"wdio_ui5_key":"applicationmanagepartners-display-component---detailPtm--addressDetailDetailsName1"}]}
RESULT: undefined
COMMAND: POST /session/4a8a75bcbd0d44f703d13edc121f15a8/execute/async - {"script":"<script> [6424 bytes]","args":[{"element-6066-11e4-a52e-4f735466cecf":"f.093A703FE9E59CF09BD9C73E01D6E334.d.B9014F286A5BE11E9F00A83810BB0C59.e.2982"},"getValue",[]]}
RESULT: {"script":"<script> [6424 bytes]","args":[{"element-6066-11e4-a52e-4f735466cecf":"f.093A703FE9E59CF09BD9C73E01D6E334.d.B9014F286A5BE11E9F00A83810BB0C59.e.2982"},"getValue",[]]}
COMMAND: POST /session/4a8a75bcbd0d44f703d13edc121f15a8/element - {"using":"xpath","value":"//input[@id = \"application-managepartners-display-component---detailPtm--addressDetailDetailsLanguage-inner\"]"}
RESULT: {"using":"xpath","value":"//input[@id = \"application-managepartners-display-component---detailPtm--addressDetailDetailsLanguage-inner\"]"}
COMMAND: GET /session/4a8a75bcbd0d44f703d13edc121f15a8/element/f.093A703FE9E59CF09BD9C73E01D6E334.d.B9014F286A5BE11E9F00A83810BB0C59.e.2983/property/value - {}
RESULT: {}
COMMAND: POST /session/4a8a75bcbd0d44f703d13edc121f15a8/execute/async - {"script":"<script> [1562 bytes]","args":[{"selector":{"id":"application-managepartners-display-component---detailPtm--addressDetailDetailsCity1"},"wdio_ui5_key":"applicationmanagepartners-display-component---detailPtm--addressDetailDetailsCity1"}]}
COMMAND: GET /session/4a8a75bcbd0d44f703d13edc121f15a8/screenshot - {}
RESULT: {"script":"<script> [1562 bytes]","args":[{"selector":{"id":"application-managepartners-display-component---detailPtm--addressDetailDetailsCity1"},"wdio_ui5_key":"applicationmanagepartners-display-component---detailPtm--addressDetailDetailsCity1"}]}
RESULT: undefined
COMMAND: POST /session/4a8a75bcbd0d44f703d13edc121f15a8/execute/async - {"script":"<script> [6424 bytes]","args":[{"element-6066-11e4-a52e-4f735466cecf":"f.093A703FE9E59CF09BD9C73E01D6E334.d.B9014F286A5BE11E9F00A83810BB0C59.e.2984"},"getValue",[]]}
RESULT: {}
RESULT: {"script":"<script> [6424 bytes]","args":[{"element-6066-11e4-a52e-4f735466cecf":"f.093A703FE9E59CF09BD9C73E01D6E334.d.B9014F286A5BE11E9F00A83810BB0C59.e.2984"},"getValue",[]]}
COMMAND: POST /session/4a8a75bcbd0d44f703d13edc121f15a8/element - {"using":"css selector","value":"#shell-header-logo"}
RESULT: {"using":"css selector","value":"#shell-header-logo"}
COMMAND: POST /session/4a8a75bcbd0d44f703d13edc121f15a8/element/f.093A703FE9E59CF09BD9C73E01D6E334.d.B9014F286A5BE11E9F00A83810BB0C59.e.2549/click - {}
RESULT: {}
COMMAND: GET /session/4a8a75bcbd0d44f703d13edc121f15a8/screenshot - {}
RESULT: {}
]]></system-out>
    </testcase>
    <testcase classname="chrome.137_0_7151_69.windows.Partner_specific_tests_US150819_US151080_US151654_US151176_US103444_US151078_US151079_US151109_US151174_US151175_US151189" name="Should create a new intercompany partner edit some of its fields US151078" time="248.772">
      <system-out><![CDATA[
COMMAND: POST /session/4a8a75bcbd0d44f703d13edc121f15a8/element - {"using":"xpath","value":"//li[.//span[text()=\"Manage Partners\"]]"}
RESULT: {"using":"xpath","value":"//li[.//span[text()=\"Manage Partners\"]]"}
COMMAND: POST /session/4a8a75bcbd0d44f703d13edc121f15a8/element - {"using":"xpath","value":"//li[.//span[text()=\"Manage Partners\"]]"}
RESULT: {"using":"xpath","value":"//li[.//span[text()=\"Manage Partners\"]]"}
COMMAND: POST /session/4a8a75bcbd0d44f703d13edc121f15a8/element - {"using":"css selector","value":"#shell-header-logo"}
RESULT: {"using":"css selector","value":"#shell-header-logo"}
COMMAND: POST /session/4a8a75bcbd0d44f703d13edc121f15a8/element/f.093A703FE9E59CF09BD9C73E01D6E334.d.B9014F286A5BE11E9F00A83810BB0C59.e.3014/click - {}
COMMAND: POST /session/4a8a75bcbd0d44f703d13edc121f15a8/execute/sync - {"script":"<script> [8489 bytes]","args":[{"element-6066-11e4-a52e-4f735466cecf":"f.093A703FE9E59CF09BD9C73E01D6E334.d.B9014F286A5BE11E9F00A83810BB0C59.e.3014","ELEMENT":"f.093A703FE9E59CF09BD9C73E01D6E334.d.B9014F286A5BE11E9F00A83810BB0C59.e.3014"}]}
RESULT: {}
COMMAND: GET /session/4a8a75bcbd0d44f703d13edc121f15a8/screenshot - {}
RESULT: {"script":"<script> [8489 bytes]","args":[{"element-6066-11e4-a52e-4f735466cecf":"f.093A703FE9E59CF09BD9C73E01D6E334.d.B9014F286A5BE11E9F00A83810BB0C59.e.3014","ELEMENT":"f.093A703FE9E59CF09BD9C73E01D6E334.d.B9014F286A5BE11E9F00A83810BB0C59.e.3014"}]}
COMMAND: POST /session/4a8a75bcbd0d44f703d13edc121f15a8/execute/sync - {"script":"<script> [5351 bytes]","args":[{"element-6066-11e4-a52e-4f735466cecf":"f.093A703FE9E59CF09BD9C73E01D6E334.d.B9014F286A5BE11E9F00A83810BB0C59.e.3014","ELEMENT":"f.093A703FE9E59CF09BD9C73E01D6E334.d.B9014F286A5BE11E9F00A83810BB0C59.e.3014"}]}
COMMAND: GET /session/4a8a75bcbd0d44f703d13edc121f15a8/screenshot - {}
RESULT: {}
RESULT: {"script":"<script> [5351 bytes]","args":[{"element-6066-11e4-a52e-4f735466cecf":"f.093A703FE9E59CF09BD9C73E01D6E334.d.B9014F286A5BE11E9F00A83810BB0C59.e.3014","ELEMENT":"f.093A703FE9E59CF09BD9C73E01D6E334.d.B9014F286A5BE11E9F00A83810BB0C59.e.3014"}]}
COMMAND: GET /session/4a8a75bcbd0d44f703d13edc121f15a8/screenshot - {}
RESULT: {}
RESULT: {}
COMMAND: POST /session/4a8a75bcbd0d44f703d13edc121f15a8/refresh - {}
RESULT: {}
COMMAND: GET /session/4a8a75bcbd0d44f703d13edc121f15a8/screenshot - {}
RESULT: {}
COMMAND: POST /session/4a8a75bcbd0d44f703d13edc121f15a8/refresh - {}
RESULT: {}
COMMAND: GET /session/4a8a75bcbd0d44f703d13edc121f15a8/screenshot - {}
RESULT: {}
COMMAND: POST /session/4a8a75bcbd0d44f703d13edc121f15a8/window/fullscreen - {}
RESULT: {}
COMMAND: POST /session/4a8a75bcbd0d44f703d13edc121f15a8/execute/async - {"script":"<script> [189 bytes]","args":[]}
RESULT: {"script":"<script> [189 bytes]","args":[]}
COMMAND: POST /session/4a8a75bcbd0d44f703d13edc121f15a8/execute/async - {"script":"<script> [123 bytes]","args":[]}
RESULT: {"script":"<script> [123 bytes]","args":[]}
COMMAND: POST /session/4a8a75bcbd0d44f703d13edc121f15a8/timeouts - {"script":"<number>"}
RESULT: {"script":"<number>"}
COMMAND: GET /session/4a8a75bcbd0d44f703d13edc121f15a8/timeouts - {}
RESULT: {}
RESULT: undefined
COMMAND: POST /session/4a8a75bcbd0d44f703d13edc121f15a8/execute/async - {"script":"<script> [2676 bytes]","args":[]}
RESULT: {"script":"<script> [2676 bytes]","args":[]}
COMMAND: POST /session/4a8a75bcbd0d44f703d13edc121f15a8/execute/async - {"script":"<script> [2342 bytes]","args":[{"protocol":"http","hostname":"0.0.0.0","path":"/","capabilities":{"browserName":"chrome","goog:chromeOptions":{"binary":"C:\\Program Files\\Google\\Chrome\\Application\\chrome.exe","args":["--start-maximized"]}},"logLevel":"warn","connectionRetryTimeout":120000,"connectionRetryCount":3,"logLevels":{},"enableDirectConnect":true,"strictSSL":true,"_":"65 more keys: [\"cacheDir\",\"port\",\"requestedCapabilities\",\"automationProtocol\",\"baseUrl\",\"waitforInterval\",\"waitforTimeout\",\"onReload\",\"beforeCommand\",\"afterCommand\",\"rootDir\",\"specs\",\"suites\",\"exclude\",\"groupLogsByTestSpec\",\"excludeDriverLogs\",\"bail\",\"framework\",\"reporters\",\"services\",\"maxInstances\",\"maxInstancesPerCapability\",\"injectGlobals\",\"filesToWatch\",\"execArgv\",\"runnerEnv\",\"runner\",\"shard\",\"specFileRetries\",\"specFileRetriesDelay\",\"specFileRetriesDeferred\",\"reporterSyncInterval\",\"reporterSyncTimeout\",\"cucumberFeaturesWithLineNumbers\",\"autoCompileOpts\",\"mochaOpts\",\"jasmineOpts\",\"cucumberOpts\",\"onPrepare\",\"onWorkerStart\",\"onWorkerEnd\",\"before\",\"beforeSession\",\"beforeSuite\",\"beforeHook\",\"beforeTest\",\"afterTest\",\"afterHook\",\"afterSuite\",\"afterSession\",\"after\",\"onComplete\",\"beforeAssertion\",\"afterAssertion\",\"beforeFeature\",\"beforeScenario\",\"beforeStep\",\"afterStep\",\"afterScenario\",\"afterFeature\",\"_\",\"suite\",\"$0\",\"ignoredWorkerServices\",\"wdi5\"]"}]}
RESULT: {"script":"<script> [2342 bytes]","args":[{"protocol":"http","hostname":"0.0.0.0","path":"/","capabilities":{"browserName":"chrome","goog:chromeOptions":{"binary":"C:\\Program Files\\Google\\Chrome\\Application\\chrome.exe","args":["--start-maximized"]}},"logLevel":"warn","connectionRetryTimeout":120000,"connectionRetryCount":3,"logLevels":{},"enableDirectConnect":true,"strictSSL":true,"_":"65 more keys: [\"cacheDir\",\"port\",\"requestedCapabilities\",\"automationProtocol\",\"baseUrl\",\"waitforInterval\",\"waitforTimeout\",\"onReload\",\"beforeCommand\",\"afterCommand\",\"rootDir\",\"specs\",\"suites\",\"exclude\",\"groupLogsByTestSpec\",\"excludeDriverLogs\",\"bail\",\"framework\",\"reporters\",\"services\",\"maxInstances\",\"maxInstancesPerCapability\",\"injectGlobals\",\"filesToWatch\",\"execArgv\",\"runnerEnv\",\"runner\",\"shard\",\"specFileRetries\",\"specFileRetriesDelay\",\"specFileRetriesDeferred\",\"reporterSyncInterval\",\"reporterSyncTimeout\",\"cucumberFeaturesWithLineNumbers\",\"autoCompileOpts\",\"mochaOpts\",\"jasmineOpts\",\"cucumberOpts\",\"onPrepare\",\"onWorkerStart\",\"onWorkerEnd\",\"before\",\"beforeSession\",\"beforeSuite\",\"beforeHook\",\"beforeTest\",\"afterTest\",\"afterHook\",\"afterSuite\",\"afterSession\",\"after\",\"onComplete\",\"beforeAssertion\",\"afterAssertion\",\"beforeFeature\",\"beforeScenario\",\"beforeStep\",\"afterStep\",\"afterScenario\",\"afterFeature\",\"_\",\"suite\",\"$0\",\"ignoredWorkerServices\",\"wdi5\"]"}]}
COMMAND: POST /session/4a8a75bcbd0d44f703d13edc121f15a8/execute/async - {"script":"<script> [21126 bytes]","args":[35000]}
RESULT: {"script":"<script> [21126 bytes]","args":[35000]}
COMMAND: POST /session/4a8a75bcbd0d44f703d13edc121f15a8/window/fullscreen - {}
RESULT: {}
COMMAND: POST /session/4a8a75bcbd0d44f703d13edc121f15a8/window/fullscreen - {}
RESULT: {}
COMMAND: POST /session/4a8a75bcbd0d44f703d13edc121f15a8/execute/async - {"script":"<script> [1562 bytes]","args":[{"selector":{"controlType":"sap.m.GenericTile","properties":{"header":"Manage Partners"}},"wdio_ui5_key":"sapm.GenericTile{\"header\":\"Manage Partners\"}"}]}
RESULT: {"script":"<script> [1562 bytes]","args":[{"selector":{"controlType":"sap.m.GenericTile","properties":{"header":"Manage Partners"}},"wdio_ui5_key":"sapm.GenericTile{\"header\":\"Manage Partners\"}"}]}
RESULT: undefined
COMMAND: POST /session/4a8a75bcbd0d44f703d13edc121f15a8/element - {"using":"xpath","value":"//*[@id=\"__tile31\"]"}
RESULT: {"using":"xpath","value":"//*[@id=\"__tile31\"]"}
COMMAND: POST /session/4a8a75bcbd0d44f703d13edc121f15a8/element/f.093A703FE9E59CF09BD9C73E01D6E334.d.CBB20B5BDA7471722BEF6DFC745EFDF8.e.3079/click - {}
RESULT: {}
COMMAND: GET /session/4a8a75bcbd0d44f703d13edc121f15a8/screenshot - {}
RESULT: {}
COMMAND: POST /session/4a8a75bcbd0d44f703d13edc121f15a8/elements - {"using":"xpath","value":"//span[text()='Error']"}
RESULT: {"using":"xpath","value":"//span[text()='Error']"}
COMMAND: POST /session/4a8a75bcbd0d44f703d13edc121f15a8/element - {"using":"xpath","value":"//button[@data-kt=\"addButton\"]"}
RESULT: {"using":"xpath","value":"//button[@data-kt=\"addButton\"]"}
COMMAND: POST /session/4a8a75bcbd0d44f703d13edc121f15a8/elements - {"using":"xpath","value":"//button[@data-kt=\"addButton\"]"}
RESULT: {"using":"xpath","value":"//button[@data-kt=\"addButton\"]"}
COMMAND: POST /session/4a8a75bcbd0d44f703d13edc121f15a8/elements - {"using":"xpath","value":"//button[@data-kt=\"addButton\"]"}
RESULT: {"using":"xpath","value":"//button[@data-kt=\"addButton\"]"}
COMMAND: POST /session/4a8a75bcbd0d44f703d13edc121f15a8/elements - {"using":"xpath","value":"//button[@data-kt=\"addButton\"]"}
RESULT: {"using":"xpath","value":"//button[@data-kt=\"addButton\"]"}
COMMAND: POST /session/4a8a75bcbd0d44f703d13edc121f15a8/elements - {"using":"xpath","value":"//button[@data-kt=\"addButton\"]"}
RESULT: {"using":"xpath","value":"//button[@data-kt=\"addButton\"]"}
COMMAND: POST /session/4a8a75bcbd0d44f703d13edc121f15a8/elements - {"using":"xpath","value":"//button[@data-kt=\"addButton\"]"}
RESULT: {"using":"xpath","value":"//button[@data-kt=\"addButton\"]"}
COMMAND: POST /session/4a8a75bcbd0d44f703d13edc121f15a8/element - {"using":"xpath","value":"//button[@data-kt=\"addButton\"]"}
RESULT: {"using":"xpath","value":"//button[@data-kt=\"addButton\"]"}
COMMAND: POST /session/4a8a75bcbd0d44f703d13edc121f15a8/execute/sync - {"script":"<script> [8489 bytes]","args":[{"element-6066-11e4-a52e-4f735466cecf":"f.093A703FE9E59CF09BD9C73E01D6E334.d.CBB20B5BDA7471722BEF6DFC745EFDF8.e.3198","ELEMENT":"f.093A703FE9E59CF09BD9C73E01D6E334.d.CBB20B5BDA7471722BEF6DFC745EFDF8.e.3198"}]}
RESULT: {"script":"<script> [8489 bytes]","args":[{"element-6066-11e4-a52e-4f735466cecf":"f.093A703FE9E59CF09BD9C73E01D6E334.d.CBB20B5BDA7471722BEF6DFC745EFDF8.e.3198","ELEMENT":"f.093A703FE9E59CF09BD9C73E01D6E334.d.CBB20B5BDA7471722BEF6DFC745EFDF8.e.3198"}]}
COMMAND: GET /session/4a8a75bcbd0d44f703d13edc121f15a8/element/f.093A703FE9E59CF09BD9C73E01D6E334.d.CBB20B5BDA7471722BEF6DFC745EFDF8.e.3198/enabled - {}
COMMAND: GET /session/4a8a75bcbd0d44f703d13edc121f15a8/screenshot - {}
RESULT: {}
COMMAND: POST /session/4a8a75bcbd0d44f703d13edc121f15a8/execute/sync - {"script":"<script> [8489 bytes]","args":[{"element-6066-11e4-a52e-4f735466cecf":"f.093A703FE9E59CF09BD9C73E01D6E334.d.CBB20B5BDA7471722BEF6DFC745EFDF8.e.3198","ELEMENT":"f.093A703FE9E59CF09BD9C73E01D6E334.d.CBB20B5BDA7471722BEF6DFC745EFDF8.e.3198"}]}
COMMAND: GET /session/4a8a75bcbd0d44f703d13edc121f15a8/screenshot - {}
RESULT: {}
RESULT: {"script":"<script> [8489 bytes]","args":[{"element-6066-11e4-a52e-4f735466cecf":"f.093A703FE9E59CF09BD9C73E01D6E334.d.CBB20B5BDA7471722BEF6DFC745EFDF8.e.3198","ELEMENT":"f.093A703FE9E59CF09BD9C73E01D6E334.d.CBB20B5BDA7471722BEF6DFC745EFDF8.e.3198"}]}
COMMAND: POST /session/4a8a75bcbd0d44f703d13edc121f15a8/execute/sync - {"script":"<script> [5351 bytes]","args":[{"element-6066-11e4-a52e-4f735466cecf":"f.093A703FE9E59CF09BD9C73E01D6E334.d.CBB20B5BDA7471722BEF6DFC745EFDF8.e.3198","ELEMENT":"f.093A703FE9E59CF09BD9C73E01D6E334.d.CBB20B5BDA7471722BEF6DFC745EFDF8.e.3198"}]}
COMMAND: GET /session/4a8a75bcbd0d44f703d13edc121f15a8/screenshot - {}
RESULT: {}
RESULT: {"script":"<script> [5351 bytes]","args":[{"element-6066-11e4-a52e-4f735466cecf":"f.093A703FE9E59CF09BD9C73E01D6E334.d.CBB20B5BDA7471722BEF6DFC745EFDF8.e.3198","ELEMENT":"f.093A703FE9E59CF09BD9C73E01D6E334.d.CBB20B5BDA7471722BEF6DFC745EFDF8.e.3198"}]}
COMMAND: POST /session/4a8a75bcbd0d44f703d13edc121f15a8/element/f.093A703FE9E59CF09BD9C73E01D6E334.d.CBB20B5BDA7471722BEF6DFC745EFDF8.e.3198/click - {}
COMMAND: GET /session/4a8a75bcbd0d44f703d13edc121f15a8/screenshot - {}
RESULT: {}
RESULT: {}
COMMAND: GET /session/4a8a75bcbd0d44f703d13edc121f15a8/screenshot - {}
RESULT: {}
RESULT: {}
COMMAND: POST /session/4a8a75bcbd0d44f703d13edc121f15a8/execute/async - {"script":"<script> [1562 bytes]","args":[{"selector":{"id":"application-managepartners-display-component---NewPartner--addressDetailDetailsName1","interaction":{"idSuffix":"inner"}},"wdio_ui5_key":"applicationmanagepartners-display-component---NewPartner--addressDetailDetailsName1"}]}
RESULT: {"script":"<script> [1562 bytes]","args":[{"selector":{"id":"application-managepartners-display-component---NewPartner--addressDetailDetailsName1","interaction":{"idSuffix":"inner"}},"wdio_ui5_key":"applicationmanagepartners-display-component---NewPartner--addressDetailDetailsName1"}]}
RESULT: undefined
COMMAND: POST /session/4a8a75bcbd0d44f703d13edc121f15a8/execute/async - {"script":"<script> [776 bytes]","args":[{"enterText":"Intercompany Partner WDIO","selector":{"id":"application-managepartners-display-component---NewPartner--addressDetailDetailsName1","interaction":{"idSuffix":"inner"}},"clearTextFirst":true,"interactionType":"ENTER_TEXT"}]}
RESULT: {"script":"<script> [776 bytes]","args":[{"enterText":"Intercompany Partner WDIO","selector":{"id":"application-managepartners-display-component---NewPartner--addressDetailDetailsName1","interaction":{"idSuffix":"inner"}},"clearTextFirst":true,"interactionType":"ENTER_TEXT"}]}
COMMAND: POST /session/4a8a75bcbd0d44f703d13edc121f15a8/execute/async - {"script":"<script> [1562 bytes]","args":[{"selector":{"id":"application-managepartners-display-component---NewPartner--addressDetailDetailsLanguage-arrow"},"wdio_ui5_key":"applicationmanagepartners-display-component---NewPartner--addressDetailDetailsLanguage-arrow"}]}
RESULT: {"script":"<script> [1562 bytes]","args":[{"selector":{"id":"application-managepartners-display-component---NewPartner--addressDetailDetailsLanguage-arrow"},"wdio_ui5_key":"applicationmanagepartners-display-component---NewPartner--addressDetailDetailsLanguage-arrow"}]}
RESULT: undefined
COMMAND: POST /session/4a8a75bcbd0d44f703d13edc121f15a8/element - {"using":"xpath","value":"//*[@id=\"application-managepartners-display-component---NewPartner--addressDetailDetailsLanguage-arrow\"]"}
RESULT: {"using":"xpath","value":"//*[@id=\"application-managepartners-display-component---NewPartner--addressDetailDetailsLanguage-arrow\"]"}
COMMAND: POST /session/4a8a75bcbd0d44f703d13edc121f15a8/element/f.093A703FE9E59CF09BD9C73E01D6E334.d.CBB20B5BDA7471722BEF6DFC745EFDF8.e.3656/click - {}
RESULT: {}
COMMAND: POST /session/4a8a75bcbd0d44f703d13edc121f15a8/element - {"using":"xpath","value":"//span[contains(text(), \"English\")]"}
COMMAND: GET /session/4a8a75bcbd0d44f703d13edc121f15a8/screenshot - {}
RESULT: {"using":"xpath","value":"//span[contains(text(), \"English\")]"}
COMMAND: POST /session/4a8a75bcbd0d44f703d13edc121f15a8/element/f.093A703FE9E59CF09BD9C73E01D6E334.d.CBB20B5BDA7471722BEF6DFC745EFDF8.e.3657/click - {}
RESULT: {}
RESULT: {}
COMMAND: GET /session/4a8a75bcbd0d44f703d13edc121f15a8/screenshot - {}
RESULT: {}
COMMAND: POST /session/4a8a75bcbd0d44f703d13edc121f15a8/execute/async - {"script":"<script> [1562 bytes]","args":[{"selector":{"id":"application-managepartners-display-component---NewPartner--addressDetailDetailsCity1","interaction":{"idSuffix":"inner"}},"wdio_ui5_key":"applicationmanagepartners-display-component---NewPartner--addressDetailDetailsCity1"}]}
RESULT: {"script":"<script> [1562 bytes]","args":[{"selector":{"id":"application-managepartners-display-component---NewPartner--addressDetailDetailsCity1","interaction":{"idSuffix":"inner"}},"wdio_ui5_key":"applicationmanagepartners-display-component---NewPartner--addressDetailDetailsCity1"}]}
RESULT: undefined
COMMAND: POST /session/4a8a75bcbd0d44f703d13edc121f15a8/execute/async - {"script":"<script> [776 bytes]","args":[{"enterText":"Rosario","selector":{"id":"application-managepartners-display-component---NewPartner--addressDetailDetailsCity1","interaction":{"idSuffix":"inner"}},"clearTextFirst":true,"interactionType":"ENTER_TEXT"}]}
RESULT: {"script":"<script> [776 bytes]","args":[{"enterText":"Rosario","selector":{"id":"application-managepartners-display-component---NewPartner--addressDetailDetailsCity1","interaction":{"idSuffix":"inner"}},"clearTextFirst":true,"interactionType":"ENTER_TEXT"}]}
COMMAND: POST /session/4a8a75bcbd0d44f703d13edc121f15a8/execute/async - {"script":"<script> [1562 bytes]","args":[{"selector":{"id":"application-managepartners-display-component---NewPartner--addressDetailDetailsCountry-arrow"},"wdio_ui5_key":"applicationmanagepartners-display-component---NewPartner--addressDetailDetailsCountry-arrow"}]}
RESULT: {"script":"<script> [1562 bytes]","args":[{"selector":{"id":"application-managepartners-display-component---NewPartner--addressDetailDetailsCountry-arrow"},"wdio_ui5_key":"applicationmanagepartners-display-component---NewPartner--addressDetailDetailsCountry-arrow"}]}
RESULT: undefined
COMMAND: POST /session/4a8a75bcbd0d44f703d13edc121f15a8/element - {"using":"xpath","value":"//*[@id=\"application-managepartners-display-component---NewPartner--addressDetailDetailsCountry-arrow\"]"}
RESULT: {"using":"xpath","value":"//*[@id=\"application-managepartners-display-component---NewPartner--addressDetailDetailsCountry-arrow\"]"}
COMMAND: POST /session/4a8a75bcbd0d44f703d13edc121f15a8/element/f.093A703FE9E59CF09BD9C73E01D6E334.d.CBB20B5BDA7471722BEF6DFC745EFDF8.e.3624/click - {}
RESULT: {}
COMMAND: POST /session/4a8a75bcbd0d44f703d13edc121f15a8/element - {"using":"xpath","value":"//span[contains(text(), \"Argentina\")]"}
COMMAND: GET /session/4a8a75bcbd0d44f703d13edc121f15a8/screenshot - {}
RESULT: {"using":"xpath","value":"//span[contains(text(), \"Argentina\")]"}
COMMAND: POST /session/4a8a75bcbd0d44f703d13edc121f15a8/element/f.093A703FE9E59CF09BD9C73E01D6E334.d.CBB20B5BDA7471722BEF6DFC745EFDF8.e.3659/click - {}
RESULT: {}
RESULT: {}
COMMAND: GET /session/4a8a75bcbd0d44f703d13edc121f15a8/screenshot - {}
RESULT: {}
COMMAND: POST /session/4a8a75bcbd0d44f703d13edc121f15a8/element - {"using":"xpath","value":"//bdi[contains(text(), \"Commercial\")]"}
RESULT: {"using":"xpath","value":"//bdi[contains(text(), \"Commercial\")]"}
COMMAND: POST /session/4a8a75bcbd0d44f703d13edc121f15a8/element/f.093A703FE9E59CF09BD9C73E01D6E334.d.CBB20B5BDA7471722BEF6DFC745EFDF8.e.3660/click - {}
RESULT: {}
COMMAND: GET /session/4a8a75bcbd0d44f703d13edc121f15a8/screenshot - {}
RESULT: {}
COMMAND: POST /session/4a8a75bcbd0d44f703d13edc121f15a8/execute/async - {"script":"<script> [1562 bytes]","args":[{"selector":{"id":"application-managepartners-display-component---NewPartner--partnerDetailInternal-arrow"},"wdio_ui5_key":"applicationmanagepartners-display-component---NewPartner--partnerDetailInternal-arrow"}]}
RESULT: {"script":"<script> [1562 bytes]","args":[{"selector":{"id":"application-managepartners-display-component---NewPartner--partnerDetailInternal-arrow"},"wdio_ui5_key":"applicationmanagepartners-display-component---NewPartner--partnerDetailInternal-arrow"}]}
RESULT: undefined
COMMAND: POST /session/4a8a75bcbd0d44f703d13edc121f15a8/element - {"using":"xpath","value":"//*[@id=\"application-managepartners-display-component---NewPartner--partnerDetailInternal-arrow\"]"}
RESULT: {"using":"xpath","value":"//*[@id=\"application-managepartners-display-component---NewPartner--partnerDetailInternal-arrow\"]"}
COMMAND: POST /session/4a8a75bcbd0d44f703d13edc121f15a8/element/f.093A703FE9E59CF09BD9C73E01D6E334.d.CBB20B5BDA7471722BEF6DFC745EFDF8.e.3666/click - {}
RESULT: {}
COMMAND: POST /session/4a8a75bcbd0d44f703d13edc121f15a8/element - {"using":"xpath","value":"//span[contains(text(), \"Affiliated company\")]"}
COMMAND: GET /session/4a8a75bcbd0d44f703d13edc121f15a8/screenshot - {}
RESULT: {"using":"xpath","value":"//span[contains(text(), \"Affiliated company\")]"}
COMMAND: POST /session/4a8a75bcbd0d44f703d13edc121f15a8/element/f.093A703FE9E59CF09BD9C73E01D6E334.d.CBB20B5BDA7471722BEF6DFC745EFDF8.e.3669/click - {}
RESULT: {}
RESULT: {}
COMMAND: POST /session/4a8a75bcbd0d44f703d13edc121f15a8/execute/async - {"script":"<script> [1562 bytes]","args":[{"selector":{"id":"application-managepartners-display-component---NewPartner--partnerDetailsCurrency-arrow"},"wdio_ui5_key":"applicationmanagepartners-display-component---NewPartner--partnerDetailsCurrency-arrow"}]}
COMMAND: GET /session/4a8a75bcbd0d44f703d13edc121f15a8/screenshot - {}
RESULT: {"script":"<script> [1562 bytes]","args":[{"selector":{"id":"application-managepartners-display-component---NewPartner--partnerDetailsCurrency-arrow"},"wdio_ui5_key":"applicationmanagepartners-display-component---NewPartner--partnerDetailsCurrency-arrow"}]}
RESULT: undefined
COMMAND: POST /session/4a8a75bcbd0d44f703d13edc121f15a8/element - {"using":"xpath","value":"//*[@id=\"application-managepartners-display-component---NewPartner--partnerDetailsCurrency-arrow\"]"}
RESULT: {}
RESULT: {"using":"xpath","value":"//*[@id=\"application-managepartners-display-component---NewPartner--partnerDetailsCurrency-arrow\"]"}
COMMAND: POST /session/4a8a75bcbd0d44f703d13edc121f15a8/element/f.093A703FE9E59CF09BD9C73E01D6E334.d.CBB20B5BDA7471722BEF6DFC745EFDF8.e.3676/click - {}
RESULT: {}
COMMAND: POST /session/4a8a75bcbd0d44f703d13edc121f15a8/element - {"using":"xpath","value":"//span[contains(text(), \"Euro\")]"}
COMMAND: GET /session/4a8a75bcbd0d44f703d13edc121f15a8/screenshot - {}
RESULT: {"using":"xpath","value":"//span[contains(text(), \"Euro\")]"}
COMMAND: POST /session/4a8a75bcbd0d44f703d13edc121f15a8/element/f.093A703FE9E59CF09BD9C73E01D6E334.d.CBB20B5BDA7471722BEF6DFC745EFDF8.e.3677/click - {}
RESULT: {}
RESULT: {}
COMMAND: POST /session/4a8a75bcbd0d44f703d13edc121f15a8/execute/async - {"script":"<script> [1562 bytes]","args":[{"selector":{"id":"application-managepartners-display-component---NewPartner--addressEditDetailsCostObjectCstType-arrow"},"wdio_ui5_key":"applicationmanagepartners-display-component---NewPartner--addressEditDetailsCostObjectCstType-arrow"}]}
COMMAND: GET /session/4a8a75bcbd0d44f703d13edc121f15a8/screenshot - {}
RESULT: {"script":"<script> [1562 bytes]","args":[{"selector":{"id":"application-managepartners-display-component---NewPartner--addressEditDetailsCostObjectCstType-arrow"},"wdio_ui5_key":"applicationmanagepartners-display-component---NewPartner--addressEditDetailsCostObjectCstType-arrow"}]}
RESULT: undefined
COMMAND: POST /session/4a8a75bcbd0d44f703d13edc121f15a8/element - {"using":"xpath","value":"//*[@id=\"application-managepartners-display-component---NewPartner--addressEditDetailsCostObjectCstType-arrow\"]"}
RESULT: {}
RESULT: {"using":"xpath","value":"//*[@id=\"application-managepartners-display-component---NewPartner--addressEditDetailsCostObjectCstType-arrow\"]"}
COMMAND: POST /session/4a8a75bcbd0d44f703d13edc121f15a8/element/f.093A703FE9E59CF09BD9C73E01D6E334.d.CBB20B5BDA7471722BEF6DFC745EFDF8.e.3678/click - {}
RESULT: {}
COMMAND: POST /session/4a8a75bcbd0d44f703d13edc121f15a8/element - {"using":"xpath","value":"//span[contains(text(), \"Cost Center\")]"}
COMMAND: GET /session/4a8a75bcbd0d44f703d13edc121f15a8/screenshot - {}
RESULT: {"using":"xpath","value":"//span[contains(text(), \"Cost Center\")]"}
COMMAND: POST /session/4a8a75bcbd0d44f703d13edc121f15a8/element/f.093A703FE9E59CF09BD9C73E01D6E334.d.CBB20B5BDA7471722BEF6DFC745EFDF8.e.3679/click - {}
RESULT: {}
RESULT: {}
COMMAND: GET /session/4a8a75bcbd0d44f703d13edc121f15a8/screenshot - {}
RESULT: {}
COMMAND: POST /session/4a8a75bcbd0d44f703d13edc121f15a8/element - {"using":"xpath","value":"//span[@id=\"application-managepartners-display-component---NewPartner--addressNewCostObjectCstID-vhi\"]"}
RESULT: {"using":"xpath","value":"//span[@id=\"application-managepartners-display-component---NewPartner--addressNewCostObjectCstID-vhi\"]"}
COMMAND: POST /session/4a8a75bcbd0d44f703d13edc121f15a8/execute/sync - {"script":"<script> [8489 bytes]","args":[{"element-6066-11e4-a52e-4f735466cecf":"f.093A703FE9E59CF09BD9C73E01D6E334.d.CBB20B5BDA7471722BEF6DFC745EFDF8.e.3683","ELEMENT":"f.093A703FE9E59CF09BD9C73E01D6E334.d.CBB20B5BDA7471722BEF6DFC745EFDF8.e.3683"}]}
RESULT: {"script":"<script> [8489 bytes]","args":[{"element-6066-11e4-a52e-4f735466cecf":"f.093A703FE9E59CF09BD9C73E01D6E334.d.CBB20B5BDA7471722BEF6DFC745EFDF8.e.3683","ELEMENT":"f.093A703FE9E59CF09BD9C73E01D6E334.d.CBB20B5BDA7471722BEF6DFC745EFDF8.e.3683"}]}
COMMAND: POST /session/4a8a75bcbd0d44f703d13edc121f15a8/execute/async - {"script":"<script> [1562 bytes]","args":[{"selector":{"id":"application-managepartners-display-component---NewPartner--addressNewCostObjectCstID-vhi"},"wdio_ui5_key":"applicationmanagepartners-display-component---NewPartner--addressNewCostObjectCstID-vhi"}]}
COMMAND: GET /session/4a8a75bcbd0d44f703d13edc121f15a8/screenshot - {}
RESULT: {}
RESULT: {"script":"<script> [1562 bytes]","args":[{"selector":{"id":"application-managepartners-display-component---NewPartner--addressNewCostObjectCstID-vhi"},"wdio_ui5_key":"applicationmanagepartners-display-component---NewPartner--addressNewCostObjectCstID-vhi"}]}
RESULT: undefined
COMMAND: POST /session/4a8a75bcbd0d44f703d13edc121f15a8/element - {"using":"xpath","value":"//*[@id=\"application-managepartners-display-component---NewPartner--addressNewCostObjectCstID-vhi\"]"}
RESULT: {"using":"xpath","value":"//*[@id=\"application-managepartners-display-component---NewPartner--addressNewCostObjectCstID-vhi\"]"}
COMMAND: POST /session/4a8a75bcbd0d44f703d13edc121f15a8/element/f.093A703FE9E59CF09BD9C73E01D6E334.d.CBB20B5BDA7471722BEF6DFC745EFDF8.e.3683/click - {}
RESULT: {}
COMMAND: GET /session/4a8a75bcbd0d44f703d13edc121f15a8/screenshot - {}
RESULT: {}
COMMAND: POST /session/4a8a75bcbd0d44f703d13edc121f15a8/execute/async - {"script":"<script> [1562 bytes]","args":[{"selector":{"controlType":"sap.m.SearchField","properties":{"placeholder":"Search"},"searchOpenDialogs":true,"interaction":{"idSuffix":"I"}},"wdio_ui5_key":"sapm.SearchField{\"placeholder\":\"Search\"}"}]}
RESULT: {"script":"<script> [1562 bytes]","args":[{"selector":{"controlType":"sap.m.SearchField","properties":{"placeholder":"Search"},"searchOpenDialogs":true,"interaction":{"idSuffix":"I"}},"wdio_ui5_key":"sapm.SearchField{\"placeholder\":\"Search\"}"}]}
RESULT: undefined
COMMAND: POST /session/4a8a75bcbd0d44f703d13edc121f15a8/execute/async - {"script":"<script> [776 bytes]","args":[{"enterText":"10001013","selector":{"controlType":"sap.m.SearchField","properties":{"placeholder":"Search"},"searchOpenDialogs":true,"interaction":{"idSuffix":"I"}},"clearTextFirst":true,"interactionType":"ENTER_TEXT"}]}
RESULT: {"script":"<script> [776 bytes]","args":[{"enterText":"10001013","selector":{"controlType":"sap.m.SearchField","properties":{"placeholder":"Search"},"searchOpenDialogs":true,"interaction":{"idSuffix":"I"}},"clearTextFirst":true,"interactionType":"ENTER_TEXT"}]}
COMMAND: POST /session/4a8a75bcbd0d44f703d13edc121f15a8/actions - {"actions":[{"id":"action7","type":"key","parameters":{},"actions":[{"type":"keyDown","value":""},{"type":"pause","duration":10},{"type":"keyUp","value":""}]}]}
RESULT: {"actions":[{"id":"action7","type":"key","parameters":{},"actions":[{"type":"keyDown","value":""},{"type":"pause","duration":10},{"type":"keyUp","value":""}]}]}
COMMAND: GET /session/4a8a75bcbd0d44f703d13edc121f15a8/screenshot - {}
RESULT: {}
COMMAND: POST /session/4a8a75bcbd0d44f703d13edc121f15a8/element - {"using":"xpath","value":"//span[contains(text(), \"General Management\")]"}
RESULT: {"using":"xpath","value":"//span[contains(text(), \"General Management\")]"}
COMMAND: POST /session/4a8a75bcbd0d44f703d13edc121f15a8/element/f.093A703FE9E59CF09BD9C73E01D6E334.d.CBB20B5BDA7471722BEF6DFC745EFDF8.e.3725/click - {}
RESULT: {}
COMMAND: GET /session/4a8a75bcbd0d44f703d13edc121f15a8/screenshot - {}
RESULT: {}
COMMAND: POST /session/4a8a75bcbd0d44f703d13edc121f15a8/element - {"using":"xpath","value":"//bdi[contains(text(), \"OK\")]"}
RESULT: {"using":"xpath","value":"//bdi[contains(text(), \"OK\")]"}
COMMAND: POST /session/4a8a75bcbd0d44f703d13edc121f15a8/element/f.093A703FE9E59CF09BD9C73E01D6E334.d.CBB20B5BDA7471722BEF6DFC745EFDF8.e.3726/click - {}
RESULT: {}
COMMAND: GET /session/4a8a75bcbd0d44f703d13edc121f15a8/screenshot - {}
RESULT: {}
COMMAND: POST /session/4a8a75bcbd0d44f703d13edc121f15a8/element - {"using":"xpath","value":"//input[@id=\"application-managepartners-display-component---NewPartner--companyCodeComboBox-inner\"]"}
RESULT: {"using":"xpath","value":"//input[@id=\"application-managepartners-display-component---NewPartner--companyCodeComboBox-inner\"]"}
COMMAND: POST /session/4a8a75bcbd0d44f703d13edc121f15a8/element/f.093A703FE9E59CF09BD9C73E01D6E334.d.CBB20B5BDA7471722BEF6DFC745EFDF8.e.3511/clear - {}
RESULT: {}
COMMAND: POST /session/4a8a75bcbd0d44f703d13edc121f15a8/element/f.093A703FE9E59CF09BD9C73E01D6E334.d.CBB20B5BDA7471722BEF6DFC745EFDF8.e.3511/value - {"text":"C002"}
COMMAND: GET /session/4a8a75bcbd0d44f703d13edc121f15a8/screenshot - {}
RESULT: {"text":"C002"}
COMMAND: GET /session/4a8a75bcbd0d44f703d13edc121f15a8/screenshot - {}
RESULT: {}
RESULT: {}
COMMAND: POST /session/4a8a75bcbd0d44f703d13edc121f15a8/element - {"using":"xpath","value":"//li[.//span[text()= \"C002\"]]"}
RESULT: {"using":"xpath","value":"//li[.//span[text()= \"C002\"]]"}
COMMAND: POST /session/4a8a75bcbd0d44f703d13edc121f15a8/element/f.093A703FE9E59CF09BD9C73E01D6E334.d.CBB20B5BDA7471722BEF6DFC745EFDF8.e.3732/click - {}
RESULT: {}
COMMAND: GET /session/4a8a75bcbd0d44f703d13edc121f15a8/screenshot - {}
RESULT: {}
COMMAND: POST /session/4a8a75bcbd0d44f703d13edc121f15a8/execute/async - {"script":"<script> [1562 bytes]","args":[{"selector":{"id":"application-managepartners-display-component---NewPartner--btnAddTableRow-img"},"wdio_ui5_key":"applicationmanagepartners-display-component---NewPartner--btnAddTableRow-img"}]}
RESULT: {"script":"<script> [1562 bytes]","args":[{"selector":{"id":"application-managepartners-display-component---NewPartner--btnAddTableRow-img"},"wdio_ui5_key":"applicationmanagepartners-display-component---NewPartner--btnAddTableRow-img"}]}
RESULT: undefined
COMMAND: POST /session/4a8a75bcbd0d44f703d13edc121f15a8/element - {"using":"xpath","value":"//*[@id=\"application-managepartners-display-component---NewPartner--btnAddTableRow-img\"]"}
RESULT: {"using":"xpath","value":"//*[@id=\"application-managepartners-display-component---NewPartner--btnAddTableRow-img\"]"}
COMMAND: POST /session/4a8a75bcbd0d44f703d13edc121f15a8/element/f.093A703FE9E59CF09BD9C73E01D6E334.d.CBB20B5BDA7471722BEF6DFC745EFDF8.e.3733/click - {}
RESULT: {}
COMMAND: GET /session/4a8a75bcbd0d44f703d13edc121f15a8/screenshot - {}
RESULT: {}
COMMAND: POST /session/4a8a75bcbd0d44f703d13edc121f15a8/element - {"using":"xpath","value":"//input[@id=\"application-managepartners-display-component---NewPartner--assignmentYard-application-managepartners-display-component---NewPartner--assignmentsTable-0-inner\"]"}
RESULT: {"using":"xpath","value":"//input[@id=\"application-managepartners-display-component---NewPartner--assignmentYard-application-managepartners-display-component---NewPartner--assignmentsTable-0-inner\"]"}
COMMAND: POST /session/4a8a75bcbd0d44f703d13edc121f15a8/element/f.093A703FE9E59CF09BD9C73E01D6E334.d.CBB20B5BDA7471722BEF6DFC745EFDF8.e.3736/clear - {}
RESULT: {}
COMMAND: POST /session/4a8a75bcbd0d44f703d13edc121f15a8/element/f.093A703FE9E59CF09BD9C73E01D6E334.d.CBB20B5BDA7471722BEF6DFC745EFDF8.e.3736/value - {"text":"271"}
COMMAND: GET /session/4a8a75bcbd0d44f703d13edc121f15a8/screenshot - {}
RESULT: {"text":"271"}
COMMAND: GET /session/4a8a75bcbd0d44f703d13edc121f15a8/screenshot - {}
RESULT: {}
RESULT: {}
COMMAND: POST /session/4a8a75bcbd0d44f703d13edc121f15a8/element - {"using":"xpath","value":"//ul[contains(@id,\"NewPartner--assignmentsTable-0-popup-list-listUl\")]//li[.//span[text()='271']]"}
RESULT: {"using":"xpath","value":"//ul[contains(@id,\"NewPartner--assignmentsTable-0-popup-list-listUl\")]//li[.//span[text()='271']]"}
COMMAND: POST /session/4a8a75bcbd0d44f703d13edc121f15a8/element/f.093A703FE9E59CF09BD9C73E01D6E334.d.CBB20B5BDA7471722BEF6DFC745EFDF8.e.3745/click - {}
RESULT: {}
COMMAND: GET /session/4a8a75bcbd0d44f703d13edc121f15a8/screenshot - {}
RESULT: {}
COMMAND: POST /session/4a8a75bcbd0d44f703d13edc121f15a8/actions - {"actions":[{"id":"action8","type":"key","parameters":{},"actions":[{"type":"keyDown","value":""},{"type":"pause","duration":10},{"type":"keyUp","value":""}]}]}
RESULT: {"actions":[{"id":"action8","type":"key","parameters":{},"actions":[{"type":"keyDown","value":""},{"type":"pause","duration":10},{"type":"keyUp","value":""}]}]}
COMMAND: POST /session/4a8a75bcbd0d44f703d13edc121f15a8/execute/async - {"script":"<script> [1562 bytes]","args":[{"selector":{"id":"application-managepartners-display-component---NewPartner--externalCustomerComboBox-application-managepartners-display-component---NewPartner--assignmentsTable-0-vhi"},"wdio_ui5_key":"applicationmanagepartners-display-component---NewPartner--externalCustomerComboBox-application-managepartners-display-component---NewPartner--assignmentsTable-0-vhi"}]}
COMMAND: GET /session/4a8a75bcbd0d44f703d13edc121f15a8/screenshot - {}
RESULT: {"script":"<script> [1562 bytes]","args":[{"selector":{"id":"application-managepartners-display-component---NewPartner--externalCustomerComboBox-application-managepartners-display-component---NewPartner--assignmentsTable-0-vhi"},"wdio_ui5_key":"applicationmanagepartners-display-component---NewPartner--externalCustomerComboBox-application-managepartners-display-component---NewPartner--assignmentsTable-0-vhi"}]}
RESULT: undefined
COMMAND: POST /session/4a8a75bcbd0d44f703d13edc121f15a8/element - {"using":"xpath","value":"//*[@id=\"application-managepartners-display-component---NewPartner--externalCustomerComboBox-application-managepartners-display-component---NewPartner--assignmentsTable-0-vhi\"]"}
RESULT: {}
RESULT: {"using":"xpath","value":"//*[@id=\"application-managepartners-display-component---NewPartner--externalCustomerComboBox-application-managepartners-display-component---NewPartner--assignmentsTable-0-vhi\"]"}
COMMAND: POST /session/4a8a75bcbd0d44f703d13edc121f15a8/element/f.093A703FE9E59CF09BD9C73E01D6E334.d.CBB20B5BDA7471722BEF6DFC745EFDF8.e.3749/click - {}
RESULT: {}
RESULT: undefined
COMMAND: POST /session/4a8a75bcbd0d44f703d13edc121f15a8/execute/async - {"script":"<script> [776 bytes]","args":[{"enterText":"300003","selector":{"controlType":"sap.m.SearchField","properties":{"placeholder":"Search"},"searchOpenDialogs":true,"interaction":{"idSuffix":"I"}},"clearTextFirst":true,"interactionType":"ENTER_TEXT"}]}
COMMAND: GET /session/4a8a75bcbd0d44f703d13edc121f15a8/screenshot - {}
RESULT: {"script":"<script> [776 bytes]","args":[{"enterText":"300003","selector":{"controlType":"sap.m.SearchField","properties":{"placeholder":"Search"},"searchOpenDialogs":true,"interaction":{"idSuffix":"I"}},"clearTextFirst":true,"interactionType":"ENTER_TEXT"}]}
COMMAND: POST /session/4a8a75bcbd0d44f703d13edc121f15a8/actions - {"actions":[{"id":"action9","type":"key","parameters":{},"actions":[{"type":"keyDown","value":""},{"type":"pause","duration":10},{"type":"keyUp","value":""}]}]}
RESULT: {}
RESULT: {"actions":[{"id":"action9","type":"key","parameters":{},"actions":[{"type":"keyDown","value":""},{"type":"pause","duration":10},{"type":"keyUp","value":""}]}]}
COMMAND: GET /session/4a8a75bcbd0d44f703d13edc121f15a8/screenshot - {}
RESULT: {}
COMMAND: POST /session/4a8a75bcbd0d44f703d13edc121f15a8/element - {"using":"xpath","value":"//span[contains(text(), \"300003\")]"}
RESULT: {"using":"xpath","value":"//span[contains(text(), \"300003\")]"}
COMMAND: POST /session/4a8a75bcbd0d44f703d13edc121f15a8/element/f.093A703FE9E59CF09BD9C73E01D6E334.d.CBB20B5BDA7471722BEF6DFC745EFDF8.e.3798/click - {}
RESULT: {}
COMMAND: GET /session/4a8a75bcbd0d44f703d13edc121f15a8/screenshot - {}
RESULT: {}
COMMAND: POST /session/4a8a75bcbd0d44f703d13edc121f15a8/element - {"using":"xpath","value":"//bdi[contains(text(), \"OK\")]"}
RESULT: {"using":"xpath","value":"//bdi[contains(text(), \"OK\")]"}
COMMAND: POST /session/4a8a75bcbd0d44f703d13edc121f15a8/element/f.093A703FE9E59CF09BD9C73E01D6E334.d.CBB20B5BDA7471722BEF6DFC745EFDF8.e.3800/click - {}
RESULT: {}
COMMAND: GET /session/4a8a75bcbd0d44f703d13edc121f15a8/screenshot - {}
RESULT: {}
COMMAND: POST /session/4a8a75bcbd0d44f703d13edc121f15a8/execute/async - {"script":"<script> [1562 bytes]","args":[{"selector":{"id":"application-managepartners-display-component---NewPartner--intercompVendorComboBox-application-managepartners-display-component---NewPartner--assignmentsTable-0-vhi"},"wdio_ui5_key":"applicationmanagepartners-display-component---NewPartner--intercompVendorComboBox-application-managepartners-display-component---NewPartner--assignmentsTable-0-vhi"}]}
RESULT: {"script":"<script> [1562 bytes]","args":[{"selector":{"id":"application-managepartners-display-component---NewPartner--intercompVendorComboBox-application-managepartners-display-component---NewPartner--assignmentsTable-0-vhi"},"wdio_ui5_key":"applicationmanagepartners-display-component---NewPartner--intercompVendorComboBox-application-managepartners-display-component---NewPartner--assignmentsTable-0-vhi"}]}
RESULT: undefined
COMMAND: POST /session/4a8a75bcbd0d44f703d13edc121f15a8/element - {"using":"xpath","value":"//*[@id=\"application-managepartners-display-component---NewPartner--intercompVendorComboBox-application-managepartners-display-component---NewPartner--assignmentsTable-0-vhi\"]"}
RESULT: {"using":"xpath","value":"//*[@id=\"application-managepartners-display-component---NewPartner--intercompVendorComboBox-application-managepartners-display-component---NewPartner--assignmentsTable-0-vhi\"]"}
COMMAND: POST /session/4a8a75bcbd0d44f703d13edc121f15a8/element/f.093A703FE9E59CF09BD9C73E01D6E334.d.CBB20B5BDA7471722BEF6DFC745EFDF8.e.3803/click - {}
RESULT: {}
RESULT: undefined
COMMAND: POST /session/4a8a75bcbd0d44f703d13edc121f15a8/execute/async - {"script":"<script> [776 bytes]","args":[{"enterText":"100005","selector":{"controlType":"sap.m.SearchField","properties":{"placeholder":"Search"},"searchOpenDialogs":true,"interaction":{"idSuffix":"I"}},"clearTextFirst":true,"interactionType":"ENTER_TEXT"}]}
COMMAND: GET /session/4a8a75bcbd0d44f703d13edc121f15a8/screenshot - {}
RESULT: {"script":"<script> [776 bytes]","args":[{"enterText":"100005","selector":{"controlType":"sap.m.SearchField","properties":{"placeholder":"Search"},"searchOpenDialogs":true,"interaction":{"idSuffix":"I"}},"clearTextFirst":true,"interactionType":"ENTER_TEXT"}]}
COMMAND: POST /session/4a8a75bcbd0d44f703d13edc121f15a8/actions - {"actions":[{"id":"action10","type":"key","parameters":{},"actions":[{"type":"keyDown","value":""},{"type":"pause","duration":10},{"type":"keyUp","value":""}]}]}
RESULT: {}
RESULT: {"actions":[{"id":"action10","type":"key","parameters":{},"actions":[{"type":"keyDown","value":""},{"type":"pause","duration":10},{"type":"keyUp","value":""}]}]}
COMMAND: GET /session/4a8a75bcbd0d44f703d13edc121f15a8/screenshot - {}
RESULT: {}
COMMAND: POST /session/4a8a75bcbd0d44f703d13edc121f15a8/element - {"using":"xpath","value":"//span[contains(text(), \"Penguins - Field/12345 Berlin\")]"}
RESULT: {"using":"xpath","value":"//span[contains(text(), \"Penguins - Field/12345 Berlin\")]"}
COMMAND: POST /session/4a8a75bcbd0d44f703d13edc121f15a8/element/f.093A703FE9E59CF09BD9C73E01D6E334.d.CBB20B5BDA7471722BEF6DFC745EFDF8.e.3820/click - {}
RESULT: {}
COMMAND: GET /session/4a8a75bcbd0d44f703d13edc121f15a8/screenshot - {}
RESULT: {}
COMMAND: POST /session/4a8a75bcbd0d44f703d13edc121f15a8/element - {"using":"xpath","value":"//bdi[contains(text(), \"OK\")]"}
RESULT: {"using":"xpath","value":"//bdi[contains(text(), \"OK\")]"}
COMMAND: POST /session/4a8a75bcbd0d44f703d13edc121f15a8/element/f.093A703FE9E59CF09BD9C73E01D6E334.d.CBB20B5BDA7471722BEF6DFC745EFDF8.e.3821/click - {}
RESULT: {}
COMMAND: GET /session/4a8a75bcbd0d44f703d13edc121f15a8/screenshot - {}
RESULT: {}
COMMAND: POST /session/4a8a75bcbd0d44f703d13edc121f15a8/element - {"using":"xpath","value":"//button[@data-kt=\"saveButton\"]"}
RESULT: {"using":"xpath","value":"//button[@data-kt=\"saveButton\"]"}
COMMAND: POST /session/4a8a75bcbd0d44f703d13edc121f15a8/element/f.093A703FE9E59CF09BD9C73E01D6E334.d.CBB20B5BDA7471722BEF6DFC745EFDF8.e.3593/click - {}
RESULT: {}
COMMAND: GET /session/4a8a75bcbd0d44f703d13edc121f15a8/screenshot - {}
RESULT: {}
COMMAND: POST /session/4a8a75bcbd0d44f703d13edc121f15a8/element - {"using":"xpath","value":"//header[contains(@id, 'ObjectPageLayout-headerTitle')]/div[1]/div[2]/div[2]/span[1]"}
RESULT: {"using":"xpath","value":"//header[contains(@id, 'ObjectPageLayout-headerTitle')]/div[1]/div[2]/div[2]/span[1]"}
COMMAND: POST /session/4a8a75bcbd0d44f703d13edc121f15a8/elements - {"using":"xpath","value":"//header[contains(@id, 'ObjectPageLayout-headerTitle')]/div[1]/div[2]/div[2]/span[1]"}
RESULT: {"using":"xpath","value":"//header[contains(@id, 'ObjectPageLayout-headerTitle')]/div[1]/div[2]/div[2]/span[1]"}
COMMAND: POST /session/4a8a75bcbd0d44f703d13edc121f15a8/execute/sync - {"script":"<script> [56 bytes]","args":[{"element-6066-11e4-a52e-4f735466cecf":"f.093A703FE9E59CF09BD9C73E01D6E334.d.CBB20B5BDA7471722BEF6DFC745EFDF8.e.3985","ELEMENT":"f.093A703FE9E59CF09BD9C73E01D6E334.d.CBB20B5BDA7471722BEF6DFC745EFDF8.e.3985"}]}
RESULT: {"script":"<script> [56 bytes]","args":[{"element-6066-11e4-a52e-4f735466cecf":"f.093A703FE9E59CF09BD9C73E01D6E334.d.CBB20B5BDA7471722BEF6DFC745EFDF8.e.3985","ELEMENT":"f.093A703FE9E59CF09BD9C73E01D6E334.d.CBB20B5BDA7471722BEF6DFC745EFDF8.e.3985"}]}
COMMAND: POST /session/4a8a75bcbd0d44f703d13edc121f15a8/element - {"using":"css selector","value":"#shell-header-logo"}
COMMAND: GET /session/4a8a75bcbd0d44f703d13edc121f15a8/screenshot - {}
RESULT: {"using":"css selector","value":"#shell-header-logo"}
COMMAND: POST /session/4a8a75bcbd0d44f703d13edc121f15a8/element/f.093A703FE9E59CF09BD9C73E01D6E334.d.CBB20B5BDA7471722BEF6DFC745EFDF8.e.3162/click - {}
RESULT: {}
RESULT: {}
COMMAND: GET /session/4a8a75bcbd0d44f703d13edc121f15a8/screenshot - {}
RESULT: {}
COMMAND: POST /session/4a8a75bcbd0d44f703d13edc121f15a8/execute/sync - {"script":"<script> [299 bytes]","args":[["getModel","getResource"]]}
RESULT: {"script":"<script> [299 bytes]","args":[["getModel","getResource"]]}
RESULT: undefined
COMMAND: POST /session/4a8a75bcbd0d44f703d13edc121f15a8/element - {"using":"xpath","value":"//*[@id=\"__tile31\"]"}
COMMAND: GET /session/4a8a75bcbd0d44f703d13edc121f15a8/screenshot - {}
RESULT: {"using":"xpath","value":"//*[@id=\"__tile31\"]"}
COMMAND: POST /session/4a8a75bcbd0d44f703d13edc121f15a8/element/f.093A703FE9E59CF09BD9C73E01D6E334.d.CBB20B5BDA7471722BEF6DFC745EFDF8.e.3079/click - {}
RESULT: {}
RESULT: {}
COMMAND: GET /session/4a8a75bcbd0d44f703d13edc121f15a8/screenshot - {}
RESULT: {}
COMMAND: POST /session/4a8a75bcbd0d44f703d13edc121f15a8/elements - {"using":"xpath","value":"//span[text()='Error']"}
RESULT: {"using":"xpath","value":"//span[text()='Error']"}
COMMAND: POST /session/4a8a75bcbd0d44f703d13edc121f15a8/element - {"using":"xpath","value":"//button[@data-kt=\"addButton\"]"}
RESULT: {"using":"xpath","value":"//button[@data-kt=\"addButton\"]"}
COMMAND: POST /session/4a8a75bcbd0d44f703d13edc121f15a8/elements - {"using":"xpath","value":"//button[@data-kt=\"addButton\"]"}
RESULT: {"using":"xpath","value":"//button[@data-kt=\"addButton\"]"}
COMMAND: POST /session/4a8a75bcbd0d44f703d13edc121f15a8/execute/sync - {"script":"<script> [8489 bytes]","args":[{"element-6066-11e4-a52e-4f735466cecf":"f.093A703FE9E59CF09BD9C73E01D6E334.d.CBB20B5BDA7471722BEF6DFC745EFDF8.e.4033","ELEMENT":"f.093A703FE9E59CF09BD9C73E01D6E334.d.CBB20B5BDA7471722BEF6DFC745EFDF8.e.4033"}]}
RESULT: {"script":"<script> [8489 bytes]","args":[{"element-6066-11e4-a52e-4f735466cecf":"f.093A703FE9E59CF09BD9C73E01D6E334.d.CBB20B5BDA7471722BEF6DFC745EFDF8.e.4033","ELEMENT":"f.093A703FE9E59CF09BD9C73E01D6E334.d.CBB20B5BDA7471722BEF6DFC745EFDF8.e.4033"}]}
COMMAND: GET /session/4a8a75bcbd0d44f703d13edc121f15a8/element/f.093A703FE9E59CF09BD9C73E01D6E334.d.CBB20B5BDA7471722BEF6DFC745EFDF8.e.4033/enabled - {}
COMMAND: GET /session/4a8a75bcbd0d44f703d13edc121f15a8/screenshot - {}
RESULT: {}
COMMAND: POST /session/4a8a75bcbd0d44f703d13edc121f15a8/execute/sync - {"script":"<script> [8489 bytes]","args":[{"element-6066-11e4-a52e-4f735466cecf":"f.093A703FE9E59CF09BD9C73E01D6E334.d.CBB20B5BDA7471722BEF6DFC745EFDF8.e.4033","ELEMENT":"f.093A703FE9E59CF09BD9C73E01D6E334.d.CBB20B5BDA7471722BEF6DFC745EFDF8.e.4033"}]}
COMMAND: GET /session/4a8a75bcbd0d44f703d13edc121f15a8/screenshot - {}
RESULT: {}
RESULT: {"script":"<script> [8489 bytes]","args":[{"element-6066-11e4-a52e-4f735466cecf":"f.093A703FE9E59CF09BD9C73E01D6E334.d.CBB20B5BDA7471722BEF6DFC745EFDF8.e.4033","ELEMENT":"f.093A703FE9E59CF09BD9C73E01D6E334.d.CBB20B5BDA7471722BEF6DFC745EFDF8.e.4033"}]}
COMMAND: POST /session/4a8a75bcbd0d44f703d13edc121f15a8/execute/sync - {"script":"<script> [5351 bytes]","args":[{"element-6066-11e4-a52e-4f735466cecf":"f.093A703FE9E59CF09BD9C73E01D6E334.d.CBB20B5BDA7471722BEF6DFC745EFDF8.e.4033","ELEMENT":"f.093A703FE9E59CF09BD9C73E01D6E334.d.CBB20B5BDA7471722BEF6DFC745EFDF8.e.4033"}]}
COMMAND: GET /session/4a8a75bcbd0d44f703d13edc121f15a8/screenshot - {}
RESULT: {}
RESULT: {"script":"<script> [5351 bytes]","args":[{"element-6066-11e4-a52e-4f735466cecf":"f.093A703FE9E59CF09BD9C73E01D6E334.d.CBB20B5BDA7471722BEF6DFC745EFDF8.e.4033","ELEMENT":"f.093A703FE9E59CF09BD9C73E01D6E334.d.CBB20B5BDA7471722BEF6DFC745EFDF8.e.4033"}]}
COMMAND: GET /session/4a8a75bcbd0d44f703d13edc121f15a8/screenshot - {}
RESULT: {}
RESULT: {}
COMMAND: POST /session/4a8a75bcbd0d44f703d13edc121f15a8/execute/async - {"script":"<script> [1562 bytes]","args":[{"selector":{"id":"application-managepartners-display-component---masterPtm--smartFilterBar-btnBasicSearch","interaction":{"idSuffix":"I"}},"wdio_ui5_key":"applicationmanagepartners-display-component---masterPtm--smartFilterBar-btnBasicSearch"}]}
RESULT: {"script":"<script> [1562 bytes]","args":[{"selector":{"id":"application-managepartners-display-component---masterPtm--smartFilterBar-btnBasicSearch","interaction":{"idSuffix":"I"}},"wdio_ui5_key":"applicationmanagepartners-display-component---masterPtm--smartFilterBar-btnBasicSearch"}]}
RESULT: undefined
COMMAND: POST /session/4a8a75bcbd0d44f703d13edc121f15a8/execute/async - {"script":"<script> [776 bytes]","args":[{"enterText":"1120","selector":{"id":"application-managepartners-display-component---masterPtm--smartFilterBar-btnBasicSearch","interaction":{"idSuffix":"I"}},"clearTextFirst":true,"interactionType":"ENTER_TEXT"}]}
RESULT: {"script":"<script> [776 bytes]","args":[{"enterText":"1120","selector":{"id":"application-managepartners-display-component---masterPtm--smartFilterBar-btnBasicSearch","interaction":{"idSuffix":"I"}},"clearTextFirst":true,"interactionType":"ENTER_TEXT"}]}
COMMAND: POST /session/4a8a75bcbd0d44f703d13edc121f15a8/actions - {"actions":[{"id":"action11","type":"key","parameters":{},"actions":[{"type":"keyDown","value":""},{"type":"pause","duration":10},{"type":"keyUp","value":""}]}]}
RESULT: {"actions":[{"id":"action11","type":"key","parameters":{},"actions":[{"type":"keyDown","value":""},{"type":"pause","duration":10},{"type":"keyUp","value":""}]}]}
COMMAND: GET /session/4a8a75bcbd0d44f703d13edc121f15a8/screenshot - {}
RESULT: {}
COMMAND: POST /session/4a8a75bcbd0d44f703d13edc121f15a8/elements - {"using":"xpath","value":"//table[contains(@id, \"customPartnersTable-listUl\")]/tbody/tr"}
RESULT: {"using":"xpath","value":"//table[contains(@id, \"customPartnersTable-listUl\")]/tbody/tr"}
COMMAND: POST /session/4a8a75bcbd0d44f703d13edc121f15a8/element - {"using":"xpath","value":"//table[contains(@id, \"customPartnersTable-listUl\")]/tbody/tr[1]/td[3]/span"}
RESULT: {"using":"xpath","value":"//table[contains(@id, \"customPartnersTable-listUl\")]/tbody/tr[1]/td[3]/span"}
COMMAND: POST /session/4a8a75bcbd0d44f703d13edc121f15a8/elements - {"using":"xpath","value":"//table[contains(@id, \"customPartnersTable-listUl\")]/tbody/tr[1]/td[3]/span"}
RESULT: {"using":"xpath","value":"//table[contains(@id, \"customPartnersTable-listUl\")]/tbody/tr[1]/td[3]/span"}
COMMAND: POST /session/4a8a75bcbd0d44f703d13edc121f15a8/execute/sync - {"script":"<script> [56 bytes]","args":[{"element-6066-11e4-a52e-4f735466cecf":"f.093A703FE9E59CF09BD9C73E01D6E334.d.CBB20B5BDA7471722BEF6DFC745EFDF8.e.4170","ELEMENT":"f.093A703FE9E59CF09BD9C73E01D6E334.d.CBB20B5BDA7471722BEF6DFC745EFDF8.e.4170"}]}
RESULT: {"script":"<script> [56 bytes]","args":[{"element-6066-11e4-a52e-4f735466cecf":"f.093A703FE9E59CF09BD9C73E01D6E334.d.CBB20B5BDA7471722BEF6DFC745EFDF8.e.4170","ELEMENT":"f.093A703FE9E59CF09BD9C73E01D6E334.d.CBB20B5BDA7471722BEF6DFC745EFDF8.e.4170"}]}
COMMAND: POST /session/4a8a75bcbd0d44f703d13edc121f15a8/element - {"using":"xpath","value":"(//span[contains(@id, \"imgNav\")])[1]"}
COMMAND: GET /session/4a8a75bcbd0d44f703d13edc121f15a8/screenshot - {}
RESULT: {"using":"xpath","value":"(//span[contains(@id, \"imgNav\")])[1]"}
COMMAND: POST /session/4a8a75bcbd0d44f703d13edc121f15a8/element/f.093A703FE9E59CF09BD9C73E01D6E334.d.CBB20B5BDA7471722BEF6DFC745EFDF8.e.4168/click - {}
RESULT: {}
RESULT: {}
COMMAND: GET /session/4a8a75bcbd0d44f703d13edc121f15a8/screenshot - {}
RESULT: {}
COMMAND: POST /session/4a8a75bcbd0d44f703d13edc121f15a8/element - {"using":"xpath","value":"//bdi[contains(text(), \"Edit\")]"}
RESULT: {"using":"xpath","value":"//bdi[contains(text(), \"Edit\")]"}
COMMAND: POST /session/4a8a75bcbd0d44f703d13edc121f15a8/element/f.093A703FE9E59CF09BD9C73E01D6E334.d.CBB20B5BDA7471722BEF6DFC745EFDF8.e.4314/click - {}
RESULT: {}
COMMAND: GET /session/4a8a75bcbd0d44f703d13edc121f15a8/screenshot - {}
RESULT: {}
COMMAND: POST /session/4a8a75bcbd0d44f703d13edc121f15a8/execute/async - {"script":"<script> [1562 bytes]","args":[{"selector":{"controlType":"sap.m.Input","viewName":"etm.portal.ui.managepartners.view.EditDetail","labelFor":{"text":"Name"},"interaction":{"idSuffix":"inner"}},"wdio_ui5_key":"etmportal.ui.managepartners.view.EditDetailsap.m.Input{\"text\":\"Name\"}"}]}
RESULT: {"script":"<script> [1562 bytes]","args":[{"selector":{"controlType":"sap.m.Input","viewName":"etm.portal.ui.managepartners.view.EditDetail","labelFor":{"text":"Name"},"interaction":{"idSuffix":"inner"}},"wdio_ui5_key":"etmportal.ui.managepartners.view.EditDetailsap.m.Input{\"text\":\"Name\"}"}]}
RESULT: undefined
COMMAND: POST /session/4a8a75bcbd0d44f703d13edc121f15a8/execute/async - {"script":"<script> [776 bytes]","args":[{"enterText":"Intercompany EDIT","selector":{"controlType":"sap.m.Input","viewName":"etm.portal.ui.managepartners.view.EditDetail","labelFor":{"text":"Name"},"interaction":{"idSuffix":"inner"}},"clearTextFirst":true,"interactionType":"ENTER_TEXT"}]}
RESULT: {"script":"<script> [776 bytes]","args":[{"enterText":"Intercompany EDIT","selector":{"controlType":"sap.m.Input","viewName":"etm.portal.ui.managepartners.view.EditDetail","labelFor":{"text":"Name"},"interaction":{"idSuffix":"inner"}},"clearTextFirst":true,"interactionType":"ENTER_TEXT"}]}
COMMAND: POST /session/4a8a75bcbd0d44f703d13edc121f15a8/element - {"using":"xpath","value":"(//span[contains(@id,\"addressDetailDetailsLanguage-arrow\")])[1]"}
RESULT: {"using":"xpath","value":"(//span[contains(@id,\"addressDetailDetailsLanguage-arrow\")])[1]"}
COMMAND: POST /session/4a8a75bcbd0d44f703d13edc121f15a8/element/f.093A703FE9E59CF09BD9C73E01D6E334.d.CBB20B5BDA7471722BEF6DFC745EFDF8.e.4398/click - {}
RESULT: {}
COMMAND: POST /session/4a8a75bcbd0d44f703d13edc121f15a8/element - {"using":"xpath","value":"//span[contains(text(), \"Chinese\")]"}
COMMAND: GET /session/4a8a75bcbd0d44f703d13edc121f15a8/screenshot - {}
RESULT: {"using":"xpath","value":"//span[contains(text(), \"Chinese\")]"}
COMMAND: POST /session/4a8a75bcbd0d44f703d13edc121f15a8/element/f.093A703FE9E59CF09BD9C73E01D6E334.d.CBB20B5BDA7471722BEF6DFC745EFDF8.e.4399/click - {}
RESULT: {}
RESULT: {}
COMMAND: GET /session/4a8a75bcbd0d44f703d13edc121f15a8/screenshot - {}
RESULT: {}
COMMAND: POST /session/4a8a75bcbd0d44f703d13edc121f15a8/execute/async - {"script":"<script> [1562 bytes]","args":[{"selector":{"controlType":"sap.m.Input","viewName":"etm.portal.ui.managepartners.view.EditDetail","labelFor":{"text":"City"},"interaction":{"idSuffix":"inner"}},"wdio_ui5_key":"etmportal.ui.managepartners.view.EditDetailsap.m.Input{\"text\":\"City\"}"}]}
RESULT: {"script":"<script> [1562 bytes]","args":[{"selector":{"controlType":"sap.m.Input","viewName":"etm.portal.ui.managepartners.view.EditDetail","labelFor":{"text":"City"},"interaction":{"idSuffix":"inner"}},"wdio_ui5_key":"etmportal.ui.managepartners.view.EditDetailsap.m.Input{\"text\":\"City\"}"}]}
RESULT: undefined
COMMAND: POST /session/4a8a75bcbd0d44f703d13edc121f15a8/execute/async - {"script":"<script> [776 bytes]","args":[{"enterText":"Clooj-Napoca","selector":{"controlType":"sap.m.Input","viewName":"etm.portal.ui.managepartners.view.EditDetail","labelFor":{"text":"City"},"interaction":{"idSuffix":"inner"}},"clearTextFirst":true,"interactionType":"ENTER_TEXT"}]}
RESULT: {"script":"<script> [776 bytes]","args":[{"enterText":"Clooj-Napoca","selector":{"controlType":"sap.m.Input","viewName":"etm.portal.ui.managepartners.view.EditDetail","labelFor":{"text":"City"},"interaction":{"idSuffix":"inner"}},"clearTextFirst":true,"interactionType":"ENTER_TEXT"}]}
COMMAND: POST /session/4a8a75bcbd0d44f703d13edc121f15a8/element - {"using":"xpath","value":"//button[@data-kt=\"saveButton\"]"}
RESULT: {"using":"xpath","value":"//button[@data-kt=\"saveButton\"]"}
COMMAND: POST /session/4a8a75bcbd0d44f703d13edc121f15a8/element/f.093A703FE9E59CF09BD9C73E01D6E334.d.CBB20B5BDA7471722BEF6DFC745EFDF8.e.4377/click - {}
RESULT: {}
COMMAND: GET /session/4a8a75bcbd0d44f703d13edc121f15a8/screenshot - {}
RESULT: {}
COMMAND: POST /session/4a8a75bcbd0d44f703d13edc121f15a8/execute/async - {"script":"<script> [1562 bytes]","args":[{"selector":{"id":"application-managepartners-display-component---detailPtm--addressDetailDetailsName1"},"wdio_ui5_key":"applicationmanagepartners-display-component---detailPtm--addressDetailDetailsName1"}]}
RESULT: {"script":"<script> [1562 bytes]","args":[{"selector":{"id":"application-managepartners-display-component---detailPtm--addressDetailDetailsName1"},"wdio_ui5_key":"applicationmanagepartners-display-component---detailPtm--addressDetailDetailsName1"}]}
RESULT: undefined
COMMAND: POST /session/4a8a75bcbd0d44f703d13edc121f15a8/execute/async - {"script":"<script> [6424 bytes]","args":[{"element-6066-11e4-a52e-4f735466cecf":"f.093A703FE9E59CF09BD9C73E01D6E334.d.CBB20B5BDA7471722BEF6DFC745EFDF8.e.4430"},"getValue",[]]}
RESULT: {"script":"<script> [6424 bytes]","args":[{"element-6066-11e4-a52e-4f735466cecf":"f.093A703FE9E59CF09BD9C73E01D6E334.d.CBB20B5BDA7471722BEF6DFC745EFDF8.e.4430"},"getValue",[]]}
COMMAND: POST /session/4a8a75bcbd0d44f703d13edc121f15a8/element - {"using":"xpath","value":"//input[@id = \"application-managepartners-display-component---detailPtm--addressDetailDetailsLanguage-inner\"]"}
RESULT: {"using":"xpath","value":"//input[@id = \"application-managepartners-display-component---detailPtm--addressDetailDetailsLanguage-inner\"]"}
COMMAND: GET /session/4a8a75bcbd0d44f703d13edc121f15a8/element/f.093A703FE9E59CF09BD9C73E01D6E334.d.CBB20B5BDA7471722BEF6DFC745EFDF8.e.4431/property/value - {}
RESULT: {}
COMMAND: POST /session/4a8a75bcbd0d44f703d13edc121f15a8/execute/async - {"script":"<script> [1562 bytes]","args":[{"selector":{"id":"application-managepartners-display-component---detailPtm--addressDetailDetailsCity1"},"wdio_ui5_key":"applicationmanagepartners-display-component---detailPtm--addressDetailDetailsCity1"}]}
COMMAND: GET /session/4a8a75bcbd0d44f703d13edc121f15a8/screenshot - {}
RESULT: {"script":"<script> [1562 bytes]","args":[{"selector":{"id":"application-managepartners-display-component---detailPtm--addressDetailDetailsCity1"},"wdio_ui5_key":"applicationmanagepartners-display-component---detailPtm--addressDetailDetailsCity1"}]}
RESULT: undefined
COMMAND: POST /session/4a8a75bcbd0d44f703d13edc121f15a8/execute/async - {"script":"<script> [6424 bytes]","args":[{"element-6066-11e4-a52e-4f735466cecf":"f.093A703FE9E59CF09BD9C73E01D6E334.d.CBB20B5BDA7471722BEF6DFC745EFDF8.e.4432"},"getValue",[]]}
RESULT: {}
RESULT: {"script":"<script> [6424 bytes]","args":[{"element-6066-11e4-a52e-4f735466cecf":"f.093A703FE9E59CF09BD9C73E01D6E334.d.CBB20B5BDA7471722BEF6DFC745EFDF8.e.4432"},"getValue",[]]}
COMMAND: POST /session/4a8a75bcbd0d44f703d13edc121f15a8/element - {"using":"css selector","value":"#shell-header-logo"}
RESULT: {"using":"css selector","value":"#shell-header-logo"}
COMMAND: POST /session/4a8a75bcbd0d44f703d13edc121f15a8/element/f.093A703FE9E59CF09BD9C73E01D6E334.d.CBB20B5BDA7471722BEF6DFC745EFDF8.e.3988/click - {}
RESULT: {}
COMMAND: GET /session/4a8a75bcbd0d44f703d13edc121f15a8/screenshot - {}
RESULT: {}
]]></system-out>
    </testcase>
    <testcase classname="chrome.137_0_7151_69.windows.Partner_specific_tests_US150819_US151080_US151654_US151176_US103444_US151078_US151079_US151109_US151174_US151175_US151189" name="Should create a new intracompany partner edit some of its fields US151079" time="256.235">
      <system-out><![CDATA[
COMMAND: POST /session/4a8a75bcbd0d44f703d13edc121f15a8/element - {"using":"xpath","value":"//li[.//span[text()=\"Manage Partners\"]]"}
RESULT: {"using":"xpath","value":"//li[.//span[text()=\"Manage Partners\"]]"}
COMMAND: POST /session/4a8a75bcbd0d44f703d13edc121f15a8/element - {"using":"xpath","value":"//li[.//span[text()=\"Manage Partners\"]]"}
RESULT: {"using":"xpath","value":"//li[.//span[text()=\"Manage Partners\"]]"}
COMMAND: POST /session/4a8a75bcbd0d44f703d13edc121f15a8/element - {"using":"css selector","value":"#shell-header-logo"}
RESULT: {"using":"css selector","value":"#shell-header-logo"}
COMMAND: POST /session/4a8a75bcbd0d44f703d13edc121f15a8/element/f.093A703FE9E59CF09BD9C73E01D6E334.d.CBB20B5BDA7471722BEF6DFC745EFDF8.e.4462/click - {}
COMMAND: POST /session/4a8a75bcbd0d44f703d13edc121f15a8/execute/sync - {"script":"<script> [8489 bytes]","args":[{"element-6066-11e4-a52e-4f735466cecf":"f.093A703FE9E59CF09BD9C73E01D6E334.d.CBB20B5BDA7471722BEF6DFC745EFDF8.e.4462","ELEMENT":"f.093A703FE9E59CF09BD9C73E01D6E334.d.CBB20B5BDA7471722BEF6DFC745EFDF8.e.4462"}]}
RESULT: {}
COMMAND: GET /session/4a8a75bcbd0d44f703d13edc121f15a8/screenshot - {}
RESULT: {"script":"<script> [8489 bytes]","args":[{"element-6066-11e4-a52e-4f735466cecf":"f.093A703FE9E59CF09BD9C73E01D6E334.d.CBB20B5BDA7471722BEF6DFC745EFDF8.e.4462","ELEMENT":"f.093A703FE9E59CF09BD9C73E01D6E334.d.CBB20B5BDA7471722BEF6DFC745EFDF8.e.4462"}]}
COMMAND: POST /session/4a8a75bcbd0d44f703d13edc121f15a8/execute/sync - {"script":"<script> [5351 bytes]","args":[{"element-6066-11e4-a52e-4f735466cecf":"f.093A703FE9E59CF09BD9C73E01D6E334.d.CBB20B5BDA7471722BEF6DFC745EFDF8.e.4462","ELEMENT":"f.093A703FE9E59CF09BD9C73E01D6E334.d.CBB20B5BDA7471722BEF6DFC745EFDF8.e.4462"}]}
COMMAND: GET /session/4a8a75bcbd0d44f703d13edc121f15a8/screenshot - {}
RESULT: {}
RESULT: {"script":"<script> [5351 bytes]","args":[{"element-6066-11e4-a52e-4f735466cecf":"f.093A703FE9E59CF09BD9C73E01D6E334.d.CBB20B5BDA7471722BEF6DFC745EFDF8.e.4462","ELEMENT":"f.093A703FE9E59CF09BD9C73E01D6E334.d.CBB20B5BDA7471722BEF6DFC745EFDF8.e.4462"}]}
COMMAND: GET /session/4a8a75bcbd0d44f703d13edc121f15a8/screenshot - {}
RESULT: {}
RESULT: {}
COMMAND: POST /session/4a8a75bcbd0d44f703d13edc121f15a8/refresh - {}
RESULT: {}
COMMAND: GET /session/4a8a75bcbd0d44f703d13edc121f15a8/screenshot - {}
RESULT: {}
COMMAND: POST /session/4a8a75bcbd0d44f703d13edc121f15a8/refresh - {}
RESULT: {}
COMMAND: GET /session/4a8a75bcbd0d44f703d13edc121f15a8/screenshot - {}
RESULT: {}
COMMAND: POST /session/4a8a75bcbd0d44f703d13edc121f15a8/window/fullscreen - {}
RESULT: {}
COMMAND: POST /session/4a8a75bcbd0d44f703d13edc121f15a8/execute/async - {"script":"<script> [189 bytes]","args":[]}
RESULT: {"script":"<script> [189 bytes]","args":[]}
COMMAND: POST /session/4a8a75bcbd0d44f703d13edc121f15a8/execute/async - {"script":"<script> [123 bytes]","args":[]}
RESULT: {"script":"<script> [123 bytes]","args":[]}
COMMAND: POST /session/4a8a75bcbd0d44f703d13edc121f15a8/timeouts - {"script":"<number>"}
RESULT: {"script":"<number>"}
COMMAND: GET /session/4a8a75bcbd0d44f703d13edc121f15a8/timeouts - {}
RESULT: {}
RESULT: undefined
COMMAND: POST /session/4a8a75bcbd0d44f703d13edc121f15a8/execute/async - {"script":"<script> [2676 bytes]","args":[]}
RESULT: {"script":"<script> [2676 bytes]","args":[]}
COMMAND: POST /session/4a8a75bcbd0d44f703d13edc121f15a8/execute/async - {"script":"<script> [2342 bytes]","args":[{"protocol":"http","hostname":"0.0.0.0","path":"/","capabilities":{"browserName":"chrome","goog:chromeOptions":{"binary":"C:\\Program Files\\Google\\Chrome\\Application\\chrome.exe","args":["--start-maximized"]}},"logLevel":"warn","connectionRetryTimeout":120000,"connectionRetryCount":3,"logLevels":{},"enableDirectConnect":true,"strictSSL":true,"_":"65 more keys: [\"cacheDir\",\"port\",\"requestedCapabilities\",\"automationProtocol\",\"baseUrl\",\"waitforInterval\",\"waitforTimeout\",\"onReload\",\"beforeCommand\",\"afterCommand\",\"rootDir\",\"specs\",\"suites\",\"exclude\",\"groupLogsByTestSpec\",\"excludeDriverLogs\",\"bail\",\"framework\",\"reporters\",\"services\",\"maxInstances\",\"maxInstancesPerCapability\",\"injectGlobals\",\"filesToWatch\",\"execArgv\",\"runnerEnv\",\"runner\",\"shard\",\"specFileRetries\",\"specFileRetriesDelay\",\"specFileRetriesDeferred\",\"reporterSyncInterval\",\"reporterSyncTimeout\",\"cucumberFeaturesWithLineNumbers\",\"autoCompileOpts\",\"mochaOpts\",\"jasmineOpts\",\"cucumberOpts\",\"onPrepare\",\"onWorkerStart\",\"onWorkerEnd\",\"before\",\"beforeSession\",\"beforeSuite\",\"beforeHook\",\"beforeTest\",\"afterTest\",\"afterHook\",\"afterSuite\",\"afterSession\",\"after\",\"onComplete\",\"beforeAssertion\",\"afterAssertion\",\"beforeFeature\",\"beforeScenario\",\"beforeStep\",\"afterStep\",\"afterScenario\",\"afterFeature\",\"_\",\"suite\",\"$0\",\"ignoredWorkerServices\",\"wdi5\"]"}]}
RESULT: {"script":"<script> [2342 bytes]","args":[{"protocol":"http","hostname":"0.0.0.0","path":"/","capabilities":{"browserName":"chrome","goog:chromeOptions":{"binary":"C:\\Program Files\\Google\\Chrome\\Application\\chrome.exe","args":["--start-maximized"]}},"logLevel":"warn","connectionRetryTimeout":120000,"connectionRetryCount":3,"logLevels":{},"enableDirectConnect":true,"strictSSL":true,"_":"65 more keys: [\"cacheDir\",\"port\",\"requestedCapabilities\",\"automationProtocol\",\"baseUrl\",\"waitforInterval\",\"waitforTimeout\",\"onReload\",\"beforeCommand\",\"afterCommand\",\"rootDir\",\"specs\",\"suites\",\"exclude\",\"groupLogsByTestSpec\",\"excludeDriverLogs\",\"bail\",\"framework\",\"reporters\",\"services\",\"maxInstances\",\"maxInstancesPerCapability\",\"injectGlobals\",\"filesToWatch\",\"execArgv\",\"runnerEnv\",\"runner\",\"shard\",\"specFileRetries\",\"specFileRetriesDelay\",\"specFileRetriesDeferred\",\"reporterSyncInterval\",\"reporterSyncTimeout\",\"cucumberFeaturesWithLineNumbers\",\"autoCompileOpts\",\"mochaOpts\",\"jasmineOpts\",\"cucumberOpts\",\"onPrepare\",\"onWorkerStart\",\"onWorkerEnd\",\"before\",\"beforeSession\",\"beforeSuite\",\"beforeHook\",\"beforeTest\",\"afterTest\",\"afterHook\",\"afterSuite\",\"afterSession\",\"after\",\"onComplete\",\"beforeAssertion\",\"afterAssertion\",\"beforeFeature\",\"beforeScenario\",\"beforeStep\",\"afterStep\",\"afterScenario\",\"afterFeature\",\"_\",\"suite\",\"$0\",\"ignoredWorkerServices\",\"wdi5\"]"}]}
COMMAND: POST /session/4a8a75bcbd0d44f703d13edc121f15a8/execute/async - {"script":"<script> [21126 bytes]","args":[35000]}
RESULT: {"script":"<script> [21126 bytes]","args":[35000]}
COMMAND: POST /session/4a8a75bcbd0d44f703d13edc121f15a8/window/fullscreen - {}
RESULT: {}
COMMAND: POST /session/4a8a75bcbd0d44f703d13edc121f15a8/window/fullscreen - {}
RESULT: {}
COMMAND: POST /session/4a8a75bcbd0d44f703d13edc121f15a8/execute/async - {"script":"<script> [1562 bytes]","args":[{"selector":{"controlType":"sap.m.GenericTile","properties":{"header":"Manage Partners"}},"wdio_ui5_key":"sapm.GenericTile{\"header\":\"Manage Partners\"}"}]}
RESULT: {"script":"<script> [1562 bytes]","args":[{"selector":{"controlType":"sap.m.GenericTile","properties":{"header":"Manage Partners"}},"wdio_ui5_key":"sapm.GenericTile{\"header\":\"Manage Partners\"}"}]}
RESULT: undefined
COMMAND: POST /session/4a8a75bcbd0d44f703d13edc121f15a8/element - {"using":"xpath","value":"//*[@id=\"__tile31\"]"}
RESULT: {"using":"xpath","value":"//*[@id=\"__tile31\"]"}
COMMAND: POST /session/4a8a75bcbd0d44f703d13edc121f15a8/element/f.093A703FE9E59CF09BD9C73E01D6E334.d.59E316B297EA93B08C0999C209817127.e.4531/click - {}
RESULT: {}
COMMAND: GET /session/4a8a75bcbd0d44f703d13edc121f15a8/screenshot - {}
RESULT: {}
COMMAND: POST /session/4a8a75bcbd0d44f703d13edc121f15a8/elements - {"using":"xpath","value":"//span[text()='Error']"}
RESULT: {"using":"xpath","value":"//span[text()='Error']"}
COMMAND: POST /session/4a8a75bcbd0d44f703d13edc121f15a8/element - {"using":"xpath","value":"//button[@data-kt=\"addButton\"]"}
RESULT: {"using":"xpath","value":"//button[@data-kt=\"addButton\"]"}
COMMAND: POST /session/4a8a75bcbd0d44f703d13edc121f15a8/elements - {"using":"xpath","value":"//button[@data-kt=\"addButton\"]"}
RESULT: {"using":"xpath","value":"//button[@data-kt=\"addButton\"]"}
COMMAND: POST /session/4a8a75bcbd0d44f703d13edc121f15a8/elements - {"using":"xpath","value":"//button[@data-kt=\"addButton\"]"}
RESULT: {"using":"xpath","value":"//button[@data-kt=\"addButton\"]"}
COMMAND: POST /session/4a8a75bcbd0d44f703d13edc121f15a8/elements - {"using":"xpath","value":"//button[@data-kt=\"addButton\"]"}
RESULT: {"using":"xpath","value":"//button[@data-kt=\"addButton\"]"}
COMMAND: POST /session/4a8a75bcbd0d44f703d13edc121f15a8/elements - {"using":"xpath","value":"//button[@data-kt=\"addButton\"]"}
RESULT: {"using":"xpath","value":"//button[@data-kt=\"addButton\"]"}
COMMAND: POST /session/4a8a75bcbd0d44f703d13edc121f15a8/elements - {"using":"xpath","value":"//button[@data-kt=\"addButton\"]"}
RESULT: {"using":"xpath","value":"//button[@data-kt=\"addButton\"]"}
COMMAND: POST /session/4a8a75bcbd0d44f703d13edc121f15a8/element - {"using":"xpath","value":"//button[@data-kt=\"addButton\"]"}
RESULT: {"using":"xpath","value":"//button[@data-kt=\"addButton\"]"}
COMMAND: POST /session/4a8a75bcbd0d44f703d13edc121f15a8/execute/sync - {"script":"<script> [8489 bytes]","args":[{"element-6066-11e4-a52e-4f735466cecf":"f.093A703FE9E59CF09BD9C73E01D6E334.d.59E316B297EA93B08C0999C209817127.e.4647","ELEMENT":"f.093A703FE9E59CF09BD9C73E01D6E334.d.59E316B297EA93B08C0999C209817127.e.4647"}]}
RESULT: {"script":"<script> [8489 bytes]","args":[{"element-6066-11e4-a52e-4f735466cecf":"f.093A703FE9E59CF09BD9C73E01D6E334.d.59E316B297EA93B08C0999C209817127.e.4647","ELEMENT":"f.093A703FE9E59CF09BD9C73E01D6E334.d.59E316B297EA93B08C0999C209817127.e.4647"}]}
COMMAND: GET /session/4a8a75bcbd0d44f703d13edc121f15a8/element/f.093A703FE9E59CF09BD9C73E01D6E334.d.59E316B297EA93B08C0999C209817127.e.4647/enabled - {}
COMMAND: GET /session/4a8a75bcbd0d44f703d13edc121f15a8/screenshot - {}
RESULT: {}
COMMAND: POST /session/4a8a75bcbd0d44f703d13edc121f15a8/execute/sync - {"script":"<script> [8489 bytes]","args":[{"element-6066-11e4-a52e-4f735466cecf":"f.093A703FE9E59CF09BD9C73E01D6E334.d.59E316B297EA93B08C0999C209817127.e.4647","ELEMENT":"f.093A703FE9E59CF09BD9C73E01D6E334.d.59E316B297EA93B08C0999C209817127.e.4647"}]}
COMMAND: GET /session/4a8a75bcbd0d44f703d13edc121f15a8/screenshot - {}
RESULT: {}
RESULT: {"script":"<script> [8489 bytes]","args":[{"element-6066-11e4-a52e-4f735466cecf":"f.093A703FE9E59CF09BD9C73E01D6E334.d.59E316B297EA93B08C0999C209817127.e.4647","ELEMENT":"f.093A703FE9E59CF09BD9C73E01D6E334.d.59E316B297EA93B08C0999C209817127.e.4647"}]}
COMMAND: POST /session/4a8a75bcbd0d44f703d13edc121f15a8/execute/sync - {"script":"<script> [5351 bytes]","args":[{"element-6066-11e4-a52e-4f735466cecf":"f.093A703FE9E59CF09BD9C73E01D6E334.d.59E316B297EA93B08C0999C209817127.e.4647","ELEMENT":"f.093A703FE9E59CF09BD9C73E01D6E334.d.59E316B297EA93B08C0999C209817127.e.4647"}]}
COMMAND: GET /session/4a8a75bcbd0d44f703d13edc121f15a8/screenshot - {}
RESULT: {}
RESULT: {"script":"<script> [5351 bytes]","args":[{"element-6066-11e4-a52e-4f735466cecf":"f.093A703FE9E59CF09BD9C73E01D6E334.d.59E316B297EA93B08C0999C209817127.e.4647","ELEMENT":"f.093A703FE9E59CF09BD9C73E01D6E334.d.59E316B297EA93B08C0999C209817127.e.4647"}]}
COMMAND: POST /session/4a8a75bcbd0d44f703d13edc121f15a8/element/f.093A703FE9E59CF09BD9C73E01D6E334.d.59E316B297EA93B08C0999C209817127.e.4647/click - {}
COMMAND: GET /session/4a8a75bcbd0d44f703d13edc121f15a8/screenshot - {}
RESULT: {}
RESULT: {}
COMMAND: GET /session/4a8a75bcbd0d44f703d13edc121f15a8/screenshot - {}
RESULT: {}
RESULT: {}
COMMAND: POST /session/4a8a75bcbd0d44f703d13edc121f15a8/execute/async - {"script":"<script> [1562 bytes]","args":[{"selector":{"id":"application-managepartners-display-component---NewPartner--addressDetailDetailsName1","interaction":{"idSuffix":"inner"}},"wdio_ui5_key":"applicationmanagepartners-display-component---NewPartner--addressDetailDetailsName1"}]}
RESULT: {"script":"<script> [1562 bytes]","args":[{"selector":{"id":"application-managepartners-display-component---NewPartner--addressDetailDetailsName1","interaction":{"idSuffix":"inner"}},"wdio_ui5_key":"applicationmanagepartners-display-component---NewPartner--addressDetailDetailsName1"}]}
RESULT: undefined
COMMAND: POST /session/4a8a75bcbd0d44f703d13edc121f15a8/execute/async - {"script":"<script> [776 bytes]","args":[{"enterText":"Intracompany Partner WDIO","selector":{"id":"application-managepartners-display-component---NewPartner--addressDetailDetailsName1","interaction":{"idSuffix":"inner"}},"clearTextFirst":true,"interactionType":"ENTER_TEXT"}]}
RESULT: {"script":"<script> [776 bytes]","args":[{"enterText":"Intracompany Partner WDIO","selector":{"id":"application-managepartners-display-component---NewPartner--addressDetailDetailsName1","interaction":{"idSuffix":"inner"}},"clearTextFirst":true,"interactionType":"ENTER_TEXT"}]}
COMMAND: POST /session/4a8a75bcbd0d44f703d13edc121f15a8/execute/async - {"script":"<script> [1562 bytes]","args":[{"selector":{"id":"application-managepartners-display-component---NewPartner--addressDetailDetailsLanguage-arrow"},"wdio_ui5_key":"applicationmanagepartners-display-component---NewPartner--addressDetailDetailsLanguage-arrow"}]}
RESULT: {"script":"<script> [1562 bytes]","args":[{"selector":{"id":"application-managepartners-display-component---NewPartner--addressDetailDetailsLanguage-arrow"},"wdio_ui5_key":"applicationmanagepartners-display-component---NewPartner--addressDetailDetailsLanguage-arrow"}]}
RESULT: undefined
COMMAND: POST /session/4a8a75bcbd0d44f703d13edc121f15a8/element - {"using":"xpath","value":"//*[@id=\"application-managepartners-display-component---NewPartner--addressDetailDetailsLanguage-arrow\"]"}
RESULT: {"using":"xpath","value":"//*[@id=\"application-managepartners-display-component---NewPartner--addressDetailDetailsLanguage-arrow\"]"}
COMMAND: POST /session/4a8a75bcbd0d44f703d13edc121f15a8/element/f.093A703FE9E59CF09BD9C73E01D6E334.d.59E316B297EA93B08C0999C209817127.e.5092/click - {}
RESULT: {}
COMMAND: POST /session/4a8a75bcbd0d44f703d13edc121f15a8/element - {"using":"xpath","value":"//span[contains(text(), \"English\")]"}
COMMAND: GET /session/4a8a75bcbd0d44f703d13edc121f15a8/screenshot - {}
RESULT: {"using":"xpath","value":"//span[contains(text(), \"English\")]"}
COMMAND: POST /session/4a8a75bcbd0d44f703d13edc121f15a8/element/f.093A703FE9E59CF09BD9C73E01D6E334.d.59E316B297EA93B08C0999C209817127.e.5093/click - {}
RESULT: {}
RESULT: {}
COMMAND: GET /session/4a8a75bcbd0d44f703d13edc121f15a8/screenshot - {}
RESULT: {}
COMMAND: POST /session/4a8a75bcbd0d44f703d13edc121f15a8/execute/async - {"script":"<script> [1562 bytes]","args":[{"selector":{"id":"application-managepartners-display-component---NewPartner--addressDetailDetailsCity1","interaction":{"idSuffix":"inner"}},"wdio_ui5_key":"applicationmanagepartners-display-component---NewPartner--addressDetailDetailsCity1"}]}
RESULT: {"script":"<script> [1562 bytes]","args":[{"selector":{"id":"application-managepartners-display-component---NewPartner--addressDetailDetailsCity1","interaction":{"idSuffix":"inner"}},"wdio_ui5_key":"applicationmanagepartners-display-component---NewPartner--addressDetailDetailsCity1"}]}
RESULT: undefined
COMMAND: POST /session/4a8a75bcbd0d44f703d13edc121f15a8/execute/async - {"script":"<script> [776 bytes]","args":[{"enterText":"Rosario","selector":{"id":"application-managepartners-display-component---NewPartner--addressDetailDetailsCity1","interaction":{"idSuffix":"inner"}},"clearTextFirst":true,"interactionType":"ENTER_TEXT"}]}
RESULT: {"script":"<script> [776 bytes]","args":[{"enterText":"Rosario","selector":{"id":"application-managepartners-display-component---NewPartner--addressDetailDetailsCity1","interaction":{"idSuffix":"inner"}},"clearTextFirst":true,"interactionType":"ENTER_TEXT"}]}
COMMAND: POST /session/4a8a75bcbd0d44f703d13edc121f15a8/execute/async - {"script":"<script> [1562 bytes]","args":[{"selector":{"id":"application-managepartners-display-component---NewPartner--addressDetailDetailsCountry-arrow"},"wdio_ui5_key":"applicationmanagepartners-display-component---NewPartner--addressDetailDetailsCountry-arrow"}]}
RESULT: {"script":"<script> [1562 bytes]","args":[{"selector":{"id":"application-managepartners-display-component---NewPartner--addressDetailDetailsCountry-arrow"},"wdio_ui5_key":"applicationmanagepartners-display-component---NewPartner--addressDetailDetailsCountry-arrow"}]}
RESULT: undefined
COMMAND: POST /session/4a8a75bcbd0d44f703d13edc121f15a8/element - {"using":"xpath","value":"//*[@id=\"application-managepartners-display-component---NewPartner--addressDetailDetailsCountry-arrow\"]"}
RESULT: {"using":"xpath","value":"//*[@id=\"application-managepartners-display-component---NewPartner--addressDetailDetailsCountry-arrow\"]"}
COMMAND: POST /session/4a8a75bcbd0d44f703d13edc121f15a8/element/f.093A703FE9E59CF09BD9C73E01D6E334.d.59E316B297EA93B08C0999C209817127.e.5079/click - {}
RESULT: {}
COMMAND: POST /session/4a8a75bcbd0d44f703d13edc121f15a8/element - {"using":"xpath","value":"//span[contains(text(), \"Argentina\")]"}
COMMAND: GET /session/4a8a75bcbd0d44f703d13edc121f15a8/screenshot - {}
RESULT: {"using":"xpath","value":"//span[contains(text(), \"Argentina\")]"}
COMMAND: POST /session/4a8a75bcbd0d44f703d13edc121f15a8/element/f.093A703FE9E59CF09BD9C73E01D6E334.d.59E316B297EA93B08C0999C209817127.e.5095/click - {}
RESULT: {}
RESULT: {}
COMMAND: GET /session/4a8a75bcbd0d44f703d13edc121f15a8/screenshot - {}
RESULT: {}
COMMAND: POST /session/4a8a75bcbd0d44f703d13edc121f15a8/element - {"using":"xpath","value":"//bdi[contains(text(), \"Commercial\")]"}
RESULT: {"using":"xpath","value":"//bdi[contains(text(), \"Commercial\")]"}
COMMAND: POST /session/4a8a75bcbd0d44f703d13edc121f15a8/element/f.093A703FE9E59CF09BD9C73E01D6E334.d.59E316B297EA93B08C0999C209817127.e.5096/click - {}
RESULT: {}
COMMAND: GET /session/4a8a75bcbd0d44f703d13edc121f15a8/screenshot - {}
RESULT: {}
COMMAND: POST /session/4a8a75bcbd0d44f703d13edc121f15a8/execute/async - {"script":"<script> [1562 bytes]","args":[{"selector":{"id":"application-managepartners-display-component---NewPartner--partnerDetailInternal-arrow"},"wdio_ui5_key":"applicationmanagepartners-display-component---NewPartner--partnerDetailInternal-arrow"}]}
RESULT: {"script":"<script> [1562 bytes]","args":[{"selector":{"id":"application-managepartners-display-component---NewPartner--partnerDetailInternal-arrow"},"wdio_ui5_key":"applicationmanagepartners-display-component---NewPartner--partnerDetailInternal-arrow"}]}
RESULT: undefined
COMMAND: POST /session/4a8a75bcbd0d44f703d13edc121f15a8/element - {"using":"xpath","value":"//*[@id=\"application-managepartners-display-component---NewPartner--partnerDetailInternal-arrow\"]"}
RESULT: {"using":"xpath","value":"//*[@id=\"application-managepartners-display-component---NewPartner--partnerDetailInternal-arrow\"]"}
COMMAND: POST /session/4a8a75bcbd0d44f703d13edc121f15a8/element/f.093A703FE9E59CF09BD9C73E01D6E334.d.59E316B297EA93B08C0999C209817127.e.5102/click - {}
RESULT: {}
COMMAND: POST /session/4a8a75bcbd0d44f703d13edc121f15a8/element - {"using":"xpath","value":"//span[contains(text(), \"Affiliated company\")]"}
COMMAND: GET /session/4a8a75bcbd0d44f703d13edc121f15a8/screenshot - {}
RESULT: {"using":"xpath","value":"//span[contains(text(), \"Affiliated company\")]"}
COMMAND: POST /session/4a8a75bcbd0d44f703d13edc121f15a8/element/f.093A703FE9E59CF09BD9C73E01D6E334.d.59E316B297EA93B08C0999C209817127.e.5104/click - {}
RESULT: {}
RESULT: {}
COMMAND: POST /session/4a8a75bcbd0d44f703d13edc121f15a8/execute/async - {"script":"<script> [1562 bytes]","args":[{"selector":{"id":"application-managepartners-display-component---NewPartner--partnerDetailsCurrency-arrow"},"wdio_ui5_key":"applicationmanagepartners-display-component---NewPartner--partnerDetailsCurrency-arrow"}]}
COMMAND: GET /session/4a8a75bcbd0d44f703d13edc121f15a8/screenshot - {}
RESULT: {"script":"<script> [1562 bytes]","args":[{"selector":{"id":"application-managepartners-display-component---NewPartner--partnerDetailsCurrency-arrow"},"wdio_ui5_key":"applicationmanagepartners-display-component---NewPartner--partnerDetailsCurrency-arrow"}]}
RESULT: undefined
COMMAND: POST /session/4a8a75bcbd0d44f703d13edc121f15a8/element - {"using":"xpath","value":"//*[@id=\"application-managepartners-display-component---NewPartner--partnerDetailsCurrency-arrow\"]"}
RESULT: {}
RESULT: {"using":"xpath","value":"//*[@id=\"application-managepartners-display-component---NewPartner--partnerDetailsCurrency-arrow\"]"}
COMMAND: POST /session/4a8a75bcbd0d44f703d13edc121f15a8/element/f.093A703FE9E59CF09BD9C73E01D6E334.d.59E316B297EA93B08C0999C209817127.e.5111/click - {}
RESULT: {}
COMMAND: POST /session/4a8a75bcbd0d44f703d13edc121f15a8/element - {"using":"xpath","value":"//span[contains(text(), \"Euro\")]"}
RESULT: {"using":"xpath","value":"//span[contains(text(), \"Euro\")]"}
COMMAND: POST /session/4a8a75bcbd0d44f703d13edc121f15a8/element/f.093A703FE9E59CF09BD9C73E01D6E334.d.59E316B297EA93B08C0999C209817127.e.5112/click - {}
COMMAND: GET /session/4a8a75bcbd0d44f703d13edc121f15a8/screenshot - {}
RESULT: {}
COMMAND: POST /session/4a8a75bcbd0d44f703d13edc121f15a8/execute/async - {"script":"<script> [1562 bytes]","args":[{"selector":{"id":"application-managepartners-display-component---NewPartner--addressEditDetailsCostObjectCstType-arrow"},"wdio_ui5_key":"applicationmanagepartners-display-component---NewPartner--addressEditDetailsCostObjectCstType-arrow"}]}
COMMAND: GET /session/4a8a75bcbd0d44f703d13edc121f15a8/screenshot - {}
RESULT: {}
RESULT: {"script":"<script> [1562 bytes]","args":[{"selector":{"id":"application-managepartners-display-component---NewPartner--addressEditDetailsCostObjectCstType-arrow"},"wdio_ui5_key":"applicationmanagepartners-display-component---NewPartner--addressEditDetailsCostObjectCstType-arrow"}]}
RESULT: undefined
COMMAND: POST /session/4a8a75bcbd0d44f703d13edc121f15a8/element - {"using":"xpath","value":"//*[@id=\"application-managepartners-display-component---NewPartner--addressEditDetailsCostObjectCstType-arrow\"]"}
RESULT: {}
RESULT: {"using":"xpath","value":"//*[@id=\"application-managepartners-display-component---NewPartner--addressEditDetailsCostObjectCstType-arrow\"]"}
COMMAND: POST /session/4a8a75bcbd0d44f703d13edc121f15a8/element/f.093A703FE9E59CF09BD9C73E01D6E334.d.59E316B297EA93B08C0999C209817127.e.5113/click - {}
RESULT: {}
COMMAND: POST /session/4a8a75bcbd0d44f703d13edc121f15a8/element - {"using":"xpath","value":"//span[contains(text(), \"Cost Center\")]"}
COMMAND: GET /session/4a8a75bcbd0d44f703d13edc121f15a8/screenshot - {}
RESULT: {"using":"xpath","value":"//span[contains(text(), \"Cost Center\")]"}
COMMAND: POST /session/4a8a75bcbd0d44f703d13edc121f15a8/element/f.093A703FE9E59CF09BD9C73E01D6E334.d.59E316B297EA93B08C0999C209817127.e.5114/click - {}
RESULT: {}
RESULT: {}
COMMAND: GET /session/4a8a75bcbd0d44f703d13edc121f15a8/screenshot - {}
RESULT: {}
COMMAND: POST /session/4a8a75bcbd0d44f703d13edc121f15a8/element - {"using":"xpath","value":"//span[@id=\"application-managepartners-display-component---NewPartner--addressNewCostObjectCstID-vhi\"]"}
RESULT: {"using":"xpath","value":"//span[@id=\"application-managepartners-display-component---NewPartner--addressNewCostObjectCstID-vhi\"]"}
COMMAND: POST /session/4a8a75bcbd0d44f703d13edc121f15a8/execute/sync - {"script":"<script> [8489 bytes]","args":[{"element-6066-11e4-a52e-4f735466cecf":"f.093A703FE9E59CF09BD9C73E01D6E334.d.59E316B297EA93B08C0999C209817127.e.5118","ELEMENT":"f.093A703FE9E59CF09BD9C73E01D6E334.d.59E316B297EA93B08C0999C209817127.e.5118"}]}
RESULT: {"script":"<script> [8489 bytes]","args":[{"element-6066-11e4-a52e-4f735466cecf":"f.093A703FE9E59CF09BD9C73E01D6E334.d.59E316B297EA93B08C0999C209817127.e.5118","ELEMENT":"f.093A703FE9E59CF09BD9C73E01D6E334.d.59E316B297EA93B08C0999C209817127.e.5118"}]}
COMMAND: POST /session/4a8a75bcbd0d44f703d13edc121f15a8/execute/async - {"script":"<script> [1562 bytes]","args":[{"selector":{"id":"application-managepartners-display-component---NewPartner--addressNewCostObjectCstID-vhi"},"wdio_ui5_key":"applicationmanagepartners-display-component---NewPartner--addressNewCostObjectCstID-vhi"}]}
COMMAND: GET /session/4a8a75bcbd0d44f703d13edc121f15a8/screenshot - {}
RESULT: {"script":"<script> [1562 bytes]","args":[{"selector":{"id":"application-managepartners-display-component---NewPartner--addressNewCostObjectCstID-vhi"},"wdio_ui5_key":"applicationmanagepartners-display-component---NewPartner--addressNewCostObjectCstID-vhi"}]}
RESULT: undefined
COMMAND: POST /session/4a8a75bcbd0d44f703d13edc121f15a8/element - {"using":"xpath","value":"//*[@id=\"application-managepartners-display-component---NewPartner--addressNewCostObjectCstID-vhi\"]"}
RESULT: {}
RESULT: {"using":"xpath","value":"//*[@id=\"application-managepartners-display-component---NewPartner--addressNewCostObjectCstID-vhi\"]"}
COMMAND: POST /session/4a8a75bcbd0d44f703d13edc121f15a8/element/f.093A703FE9E59CF09BD9C73E01D6E334.d.59E316B297EA93B08C0999C209817127.e.5118/click - {}
RESULT: {}
COMMAND: GET /session/4a8a75bcbd0d44f703d13edc121f15a8/screenshot - {}
RESULT: {}
COMMAND: POST /session/4a8a75bcbd0d44f703d13edc121f15a8/execute/async - {"script":"<script> [1562 bytes]","args":[{"selector":{"controlType":"sap.m.SearchField","properties":{"placeholder":"Search"},"searchOpenDialogs":true,"interaction":{"idSuffix":"I"}},"wdio_ui5_key":"sapm.SearchField{\"placeholder\":\"Search\"}"}]}
RESULT: {"script":"<script> [1562 bytes]","args":[{"selector":{"controlType":"sap.m.SearchField","properties":{"placeholder":"Search"},"searchOpenDialogs":true,"interaction":{"idSuffix":"I"}},"wdio_ui5_key":"sapm.SearchField{\"placeholder\":\"Search\"}"}]}
RESULT: undefined
COMMAND: POST /session/4a8a75bcbd0d44f703d13edc121f15a8/execute/async - {"script":"<script> [776 bytes]","args":[{"enterText":"10001013","selector":{"controlType":"sap.m.SearchField","properties":{"placeholder":"Search"},"searchOpenDialogs":true,"interaction":{"idSuffix":"I"}},"clearTextFirst":true,"interactionType":"ENTER_TEXT"}]}
RESULT: {"script":"<script> [776 bytes]","args":[{"enterText":"10001013","selector":{"controlType":"sap.m.SearchField","properties":{"placeholder":"Search"},"searchOpenDialogs":true,"interaction":{"idSuffix":"I"}},"clearTextFirst":true,"interactionType":"ENTER_TEXT"}]}
COMMAND: POST /session/4a8a75bcbd0d44f703d13edc121f15a8/actions - {"actions":[{"id":"action12","type":"key","parameters":{},"actions":[{"type":"keyDown","value":""},{"type":"pause","duration":10},{"type":"keyUp","value":""}]}]}
RESULT: {"actions":[{"id":"action12","type":"key","parameters":{},"actions":[{"type":"keyDown","value":""},{"type":"pause","duration":10},{"type":"keyUp","value":""}]}]}
COMMAND: GET /session/4a8a75bcbd0d44f703d13edc121f15a8/screenshot - {}
RESULT: {}
COMMAND: POST /session/4a8a75bcbd0d44f703d13edc121f15a8/element - {"using":"xpath","value":"//span[contains(text(), \"General Management\")]"}
RESULT: {"using":"xpath","value":"//span[contains(text(), \"General Management\")]"}
COMMAND: POST /session/4a8a75bcbd0d44f703d13edc121f15a8/element/f.093A703FE9E59CF09BD9C73E01D6E334.d.59E316B297EA93B08C0999C209817127.e.5161/click - {}
RESULT: {}
COMMAND: GET /session/4a8a75bcbd0d44f703d13edc121f15a8/screenshot - {}
RESULT: {}
COMMAND: POST /session/4a8a75bcbd0d44f703d13edc121f15a8/element - {"using":"xpath","value":"//bdi[contains(text(), \"OK\")]"}
RESULT: {"using":"xpath","value":"//bdi[contains(text(), \"OK\")]"}
COMMAND: POST /session/4a8a75bcbd0d44f703d13edc121f15a8/element/f.093A703FE9E59CF09BD9C73E01D6E334.d.59E316B297EA93B08C0999C209817127.e.5162/click - {}
RESULT: {}
COMMAND: GET /session/4a8a75bcbd0d44f703d13edc121f15a8/screenshot - {}
RESULT: {}
COMMAND: POST /session/4a8a75bcbd0d44f703d13edc121f15a8/element - {"using":"xpath","value":"//input[@id=\"application-managepartners-display-component---NewPartner--companyCodeComboBox-inner\"]"}
RESULT: {"using":"xpath","value":"//input[@id=\"application-managepartners-display-component---NewPartner--companyCodeComboBox-inner\"]"}
COMMAND: POST /session/4a8a75bcbd0d44f703d13edc121f15a8/element/f.093A703FE9E59CF09BD9C73E01D6E334.d.59E316B297EA93B08C0999C209817127.e.4958/clear - {}
RESULT: {}
COMMAND: POST /session/4a8a75bcbd0d44f703d13edc121f15a8/element/f.093A703FE9E59CF09BD9C73E01D6E334.d.59E316B297EA93B08C0999C209817127.e.4958/value - {"text":"1000"}
COMMAND: GET /session/4a8a75bcbd0d44f703d13edc121f15a8/screenshot - {}
RESULT: {"text":"1000"}
COMMAND: GET /session/4a8a75bcbd0d44f703d13edc121f15a8/screenshot - {}
RESULT: {}
RESULT: {}
COMMAND: POST /session/4a8a75bcbd0d44f703d13edc121f15a8/element - {"using":"xpath","value":"//li[.//span[text()= \"1000\"]]"}
RESULT: {"using":"xpath","value":"//li[.//span[text()= \"1000\"]]"}
COMMAND: POST /session/4a8a75bcbd0d44f703d13edc121f15a8/element/f.093A703FE9E59CF09BD9C73E01D6E334.d.59E316B297EA93B08C0999C209817127.e.5168/click - {}
RESULT: {}
COMMAND: GET /session/4a8a75bcbd0d44f703d13edc121f15a8/screenshot - {}
RESULT: {}
COMMAND: POST /session/4a8a75bcbd0d44f703d13edc121f15a8/execute/async - {"script":"<script> [1562 bytes]","args":[{"selector":{"id":"application-managepartners-display-component---NewPartner--btnAddTableRow-img"},"wdio_ui5_key":"applicationmanagepartners-display-component---NewPartner--btnAddTableRow-img"}]}
RESULT: {"script":"<script> [1562 bytes]","args":[{"selector":{"id":"application-managepartners-display-component---NewPartner--btnAddTableRow-img"},"wdio_ui5_key":"applicationmanagepartners-display-component---NewPartner--btnAddTableRow-img"}]}
RESULT: undefined
COMMAND: POST /session/4a8a75bcbd0d44f703d13edc121f15a8/element - {"using":"xpath","value":"//*[@id=\"application-managepartners-display-component---NewPartner--btnAddTableRow-img\"]"}
RESULT: {"using":"xpath","value":"//*[@id=\"application-managepartners-display-component---NewPartner--btnAddTableRow-img\"]"}
COMMAND: POST /session/4a8a75bcbd0d44f703d13edc121f15a8/element/f.093A703FE9E59CF09BD9C73E01D6E334.d.59E316B297EA93B08C0999C209817127.e.5169/click - {}
RESULT: {}
COMMAND: GET /session/4a8a75bcbd0d44f703d13edc121f15a8/screenshot - {}
RESULT: {}
COMMAND: POST /session/4a8a75bcbd0d44f703d13edc121f15a8/element - {"using":"xpath","value":"//input[@id=\"application-managepartners-display-component---NewPartner--assignmentYard-application-managepartners-display-component---NewPartner--assignmentsTable-0-inner\"]"}
RESULT: {"using":"xpath","value":"//input[@id=\"application-managepartners-display-component---NewPartner--assignmentYard-application-managepartners-display-component---NewPartner--assignmentsTable-0-inner\"]"}
COMMAND: POST /session/4a8a75bcbd0d44f703d13edc121f15a8/element/f.093A703FE9E59CF09BD9C73E01D6E334.d.59E316B297EA93B08C0999C209817127.e.5172/clear - {}
RESULT: {}
COMMAND: POST /session/4a8a75bcbd0d44f703d13edc121f15a8/element/f.093A703FE9E59CF09BD9C73E01D6E334.d.59E316B297EA93B08C0999C209817127.e.5172/value - {"text":"271"}
COMMAND: GET /session/4a8a75bcbd0d44f703d13edc121f15a8/screenshot - {}
RESULT: {"text":"271"}
COMMAND: GET /session/4a8a75bcbd0d44f703d13edc121f15a8/screenshot - {}
RESULT: {}
RESULT: {}
COMMAND: POST /session/4a8a75bcbd0d44f703d13edc121f15a8/element - {"using":"xpath","value":"//ul[contains(@id,\"NewPartner--assignmentsTable-0-popup-list-listUl\")]//li[.//span[text()='271']]"}
RESULT: {"using":"xpath","value":"//ul[contains(@id,\"NewPartner--assignmentsTable-0-popup-list-listUl\")]//li[.//span[text()='271']]"}
COMMAND: POST /session/4a8a75bcbd0d44f703d13edc121f15a8/element/f.093A703FE9E59CF09BD9C73E01D6E334.d.59E316B297EA93B08C0999C209817127.e.5181/click - {}
RESULT: {}
COMMAND: GET /session/4a8a75bcbd0d44f703d13edc121f15a8/screenshot - {}
RESULT: {}
COMMAND: POST /session/4a8a75bcbd0d44f703d13edc121f15a8/actions - {"actions":[{"id":"action13","type":"key","parameters":{},"actions":[{"type":"keyDown","value":""},{"type":"pause","duration":10},{"type":"keyUp","value":""}]}]}
RESULT: {"actions":[{"id":"action13","type":"key","parameters":{},"actions":[{"type":"keyDown","value":""},{"type":"pause","duration":10},{"type":"keyUp","value":""}]}]}
COMMAND: POST /session/4a8a75bcbd0d44f703d13edc121f15a8/execute/async - {"script":"<script> [1562 bytes]","args":[{"selector":{"id":"application-managepartners-display-component---NewPartner--externalCustomerComboBox-application-managepartners-display-component---NewPartner--assignmentsTable-0-vhi"},"wdio_ui5_key":"applicationmanagepartners-display-component---NewPartner--externalCustomerComboBox-application-managepartners-display-component---NewPartner--assignmentsTable-0-vhi"}]}
COMMAND: GET /session/4a8a75bcbd0d44f703d13edc121f15a8/screenshot - {}
RESULT: {"script":"<script> [1562 bytes]","args":[{"selector":{"id":"application-managepartners-display-component---NewPartner--externalCustomerComboBox-application-managepartners-display-component---NewPartner--assignmentsTable-0-vhi"},"wdio_ui5_key":"applicationmanagepartners-display-component---NewPartner--externalCustomerComboBox-application-managepartners-display-component---NewPartner--assignmentsTable-0-vhi"}]}
RESULT: undefined
COMMAND: POST /session/4a8a75bcbd0d44f703d13edc121f15a8/element - {"using":"xpath","value":"//*[@id=\"application-managepartners-display-component---NewPartner--externalCustomerComboBox-application-managepartners-display-component---NewPartner--assignmentsTable-0-vhi\"]"}
RESULT: {}
RESULT: {"using":"xpath","value":"//*[@id=\"application-managepartners-display-component---NewPartner--externalCustomerComboBox-application-managepartners-display-component---NewPartner--assignmentsTable-0-vhi\"]"}
COMMAND: POST /session/4a8a75bcbd0d44f703d13edc121f15a8/element/f.093A703FE9E59CF09BD9C73E01D6E334.d.59E316B297EA93B08C0999C209817127.e.5185/click - {}
RESULT: {}
RESULT: undefined
COMMAND: POST /session/4a8a75bcbd0d44f703d13edc121f15a8/execute/async - {"script":"<script> [776 bytes]","args":[{"enterText":"300003","selector":{"controlType":"sap.m.SearchField","properties":{"placeholder":"Search"},"searchOpenDialogs":true,"interaction":{"idSuffix":"I"}},"clearTextFirst":true,"interactionType":"ENTER_TEXT"}]}
COMMAND: GET /session/4a8a75bcbd0d44f703d13edc121f15a8/screenshot - {}
RESULT: {"script":"<script> [776 bytes]","args":[{"enterText":"300003","selector":{"controlType":"sap.m.SearchField","properties":{"placeholder":"Search"},"searchOpenDialogs":true,"interaction":{"idSuffix":"I"}},"clearTextFirst":true,"interactionType":"ENTER_TEXT"}]}
COMMAND: POST /session/4a8a75bcbd0d44f703d13edc121f15a8/actions - {"actions":[{"id":"action14","type":"key","parameters":{},"actions":[{"type":"keyDown","value":""},{"type":"pause","duration":10},{"type":"keyUp","value":""}]}]}
RESULT: {}
RESULT: {"actions":[{"id":"action14","type":"key","parameters":{},"actions":[{"type":"keyDown","value":""},{"type":"pause","duration":10},{"type":"keyUp","value":""}]}]}
COMMAND: GET /session/4a8a75bcbd0d44f703d13edc121f15a8/screenshot - {}
RESULT: {}
COMMAND: POST /session/4a8a75bcbd0d44f703d13edc121f15a8/element - {"using":"xpath","value":"//span[contains(text(), \"300003\")]"}
RESULT: {"using":"xpath","value":"//span[contains(text(), \"300003\")]"}
COMMAND: POST /session/4a8a75bcbd0d44f703d13edc121f15a8/element/f.093A703FE9E59CF09BD9C73E01D6E334.d.59E316B297EA93B08C0999C209817127.e.5235/click - {}
RESULT: {}
COMMAND: GET /session/4a8a75bcbd0d44f703d13edc121f15a8/screenshot - {}
RESULT: {}
COMMAND: POST /session/4a8a75bcbd0d44f703d13edc121f15a8/element - {"using":"xpath","value":"//bdi[contains(text(), \"OK\")]"}
RESULT: {"using":"xpath","value":"//bdi[contains(text(), \"OK\")]"}
COMMAND: POST /session/4a8a75bcbd0d44f703d13edc121f15a8/element/f.093A703FE9E59CF09BD9C73E01D6E334.d.59E316B297EA93B08C0999C209817127.e.5237/click - {}
RESULT: {}
COMMAND: GET /session/4a8a75bcbd0d44f703d13edc121f15a8/screenshot - {}
RESULT: {}
COMMAND: POST /session/4a8a75bcbd0d44f703d13edc121f15a8/execute/async - {"script":"<script> [1562 bytes]","args":[{"selector":{"id":"application-managepartners-display-component---NewPartner--intercompVendorComboBox-application-managepartners-display-component---NewPartner--assignmentsTable-0-vhi"},"wdio_ui5_key":"applicationmanagepartners-display-component---NewPartner--intercompVendorComboBox-application-managepartners-display-component---NewPartner--assignmentsTable-0-vhi"}]}
RESULT: {"script":"<script> [1562 bytes]","args":[{"selector":{"id":"application-managepartners-display-component---NewPartner--intercompVendorComboBox-application-managepartners-display-component---NewPartner--assignmentsTable-0-vhi"},"wdio_ui5_key":"applicationmanagepartners-display-component---NewPartner--intercompVendorComboBox-application-managepartners-display-component---NewPartner--assignmentsTable-0-vhi"}]}
RESULT: undefined
COMMAND: POST /session/4a8a75bcbd0d44f703d13edc121f15a8/element - {"using":"xpath","value":"//*[@id=\"application-managepartners-display-component---NewPartner--intercompVendorComboBox-application-managepartners-display-component---NewPartner--assignmentsTable-0-vhi\"]"}
RESULT: {"using":"xpath","value":"//*[@id=\"application-managepartners-display-component---NewPartner--intercompVendorComboBox-application-managepartners-display-component---NewPartner--assignmentsTable-0-vhi\"]"}
COMMAND: POST /session/4a8a75bcbd0d44f703d13edc121f15a8/element/f.093A703FE9E59CF09BD9C73E01D6E334.d.59E316B297EA93B08C0999C209817127.e.5240/click - {}
RESULT: {}
RESULT: undefined
COMMAND: POST /session/4a8a75bcbd0d44f703d13edc121f15a8/execute/async - {"script":"<script> [776 bytes]","args":[{"enterText":"100005","selector":{"controlType":"sap.m.SearchField","properties":{"placeholder":"Search"},"searchOpenDialogs":true,"interaction":{"idSuffix":"I"}},"clearTextFirst":true,"interactionType":"ENTER_TEXT"}]}
COMMAND: GET /session/4a8a75bcbd0d44f703d13edc121f15a8/screenshot - {}
RESULT: {"script":"<script> [776 bytes]","args":[{"enterText":"100005","selector":{"controlType":"sap.m.SearchField","properties":{"placeholder":"Search"},"searchOpenDialogs":true,"interaction":{"idSuffix":"I"}},"clearTextFirst":true,"interactionType":"ENTER_TEXT"}]}
COMMAND: POST /session/4a8a75bcbd0d44f703d13edc121f15a8/actions - {"actions":[{"id":"action15","type":"key","parameters":{},"actions":[{"type":"keyDown","value":""},{"type":"pause","duration":10},{"type":"keyUp","value":""}]}]}
RESULT: {}
RESULT: {"actions":[{"id":"action15","type":"key","parameters":{},"actions":[{"type":"keyDown","value":""},{"type":"pause","duration":10},{"type":"keyUp","value":""}]}]}
COMMAND: GET /session/4a8a75bcbd0d44f703d13edc121f15a8/screenshot - {}
RESULT: {}
COMMAND: POST /session/4a8a75bcbd0d44f703d13edc121f15a8/element - {"using":"xpath","value":"//span[contains(text(), \"Penguins - Field/12345 Berlin\")]"}
RESULT: {"using":"xpath","value":"//span[contains(text(), \"Penguins - Field/12345 Berlin\")]"}
COMMAND: POST /session/4a8a75bcbd0d44f703d13edc121f15a8/element/f.093A703FE9E59CF09BD9C73E01D6E334.d.59E316B297EA93B08C0999C209817127.e.5258/click - {}
RESULT: {}
COMMAND: GET /session/4a8a75bcbd0d44f703d13edc121f15a8/screenshot - {}
RESULT: {}
COMMAND: POST /session/4a8a75bcbd0d44f703d13edc121f15a8/element - {"using":"xpath","value":"//bdi[contains(text(), \"OK\")]"}
RESULT: {"using":"xpath","value":"//bdi[contains(text(), \"OK\")]"}
COMMAND: POST /session/4a8a75bcbd0d44f703d13edc121f15a8/element/f.093A703FE9E59CF09BD9C73E01D6E334.d.59E316B297EA93B08C0999C209817127.e.5259/click - {}
RESULT: {}
COMMAND: GET /session/4a8a75bcbd0d44f703d13edc121f15a8/screenshot - {}
RESULT: {}
COMMAND: POST /session/4a8a75bcbd0d44f703d13edc121f15a8/element - {"using":"xpath","value":"//button[@data-kt=\"saveButton\"]"}
RESULT: {"using":"xpath","value":"//button[@data-kt=\"saveButton\"]"}
COMMAND: POST /session/4a8a75bcbd0d44f703d13edc121f15a8/element/f.093A703FE9E59CF09BD9C73E01D6E334.d.59E316B297EA93B08C0999C209817127.e.5026/click - {}
RESULT: {}
COMMAND: GET /session/4a8a75bcbd0d44f703d13edc121f15a8/screenshot - {}
RESULT: {}
COMMAND: POST /session/4a8a75bcbd0d44f703d13edc121f15a8/element - {"using":"xpath","value":"//header[contains(@id, 'ObjectPageLayout-headerTitle')]/div[1]/div[2]/div[2]/span[1]"}
RESULT: {"using":"xpath","value":"//header[contains(@id, 'ObjectPageLayout-headerTitle')]/div[1]/div[2]/div[2]/span[1]"}
COMMAND: POST /session/4a8a75bcbd0d44f703d13edc121f15a8/elements - {"using":"xpath","value":"//header[contains(@id, 'ObjectPageLayout-headerTitle')]/div[1]/div[2]/div[2]/span[1]"}
RESULT: {"using":"xpath","value":"//header[contains(@id, 'ObjectPageLayout-headerTitle')]/div[1]/div[2]/div[2]/span[1]"}
COMMAND: POST /session/4a8a75bcbd0d44f703d13edc121f15a8/execute/sync - {"script":"<script> [56 bytes]","args":[{"element-6066-11e4-a52e-4f735466cecf":"f.093A703FE9E59CF09BD9C73E01D6E334.d.59E316B297EA93B08C0999C209817127.e.5421","ELEMENT":"f.093A703FE9E59CF09BD9C73E01D6E334.d.59E316B297EA93B08C0999C209817127.e.5421"}]}
RESULT: {"script":"<script> [56 bytes]","args":[{"element-6066-11e4-a52e-4f735466cecf":"f.093A703FE9E59CF09BD9C73E01D6E334.d.59E316B297EA93B08C0999C209817127.e.5421","ELEMENT":"f.093A703FE9E59CF09BD9C73E01D6E334.d.59E316B297EA93B08C0999C209817127.e.5421"}]}
COMMAND: POST /session/4a8a75bcbd0d44f703d13edc121f15a8/element - {"using":"css selector","value":"#shell-header-logo"}
COMMAND: GET /session/4a8a75bcbd0d44f703d13edc121f15a8/screenshot - {}
RESULT: {"using":"css selector","value":"#shell-header-logo"}
COMMAND: POST /session/4a8a75bcbd0d44f703d13edc121f15a8/element/f.093A703FE9E59CF09BD9C73E01D6E334.d.59E316B297EA93B08C0999C209817127.e.4612/click - {}
RESULT: {}
RESULT: {}
COMMAND: GET /session/4a8a75bcbd0d44f703d13edc121f15a8/screenshot - {}
RESULT: {}
COMMAND: POST /session/4a8a75bcbd0d44f703d13edc121f15a8/execute/sync - {"script":"<script> [299 bytes]","args":[["getModel","getResource"]]}
RESULT: {"script":"<script> [299 bytes]","args":[["getModel","getResource"]]}
RESULT: undefined
COMMAND: POST /session/4a8a75bcbd0d44f703d13edc121f15a8/element - {"using":"xpath","value":"//*[@id=\"__tile31\"]"}
COMMAND: GET /session/4a8a75bcbd0d44f703d13edc121f15a8/screenshot - {}
RESULT: {"using":"xpath","value":"//*[@id=\"__tile31\"]"}
COMMAND: POST /session/4a8a75bcbd0d44f703d13edc121f15a8/element/f.093A703FE9E59CF09BD9C73E01D6E334.d.59E316B297EA93B08C0999C209817127.e.4531/click - {}
RESULT: {}
RESULT: {}
COMMAND: GET /session/4a8a75bcbd0d44f703d13edc121f15a8/screenshot - {}
RESULT: {}
COMMAND: POST /session/4a8a75bcbd0d44f703d13edc121f15a8/elements - {"using":"xpath","value":"//span[text()='Error']"}
RESULT: {"using":"xpath","value":"//span[text()='Error']"}
COMMAND: POST /session/4a8a75bcbd0d44f703d13edc121f15a8/element - {"using":"xpath","value":"//button[@data-kt=\"addButton\"]"}
RESULT: {"using":"xpath","value":"//button[@data-kt=\"addButton\"]"}
COMMAND: POST /session/4a8a75bcbd0d44f703d13edc121f15a8/elements - {"using":"xpath","value":"//button[@data-kt=\"addButton\"]"}
RESULT: {"using":"xpath","value":"//button[@data-kt=\"addButton\"]"}
COMMAND: POST /session/4a8a75bcbd0d44f703d13edc121f15a8/execute/sync - {"script":"<script> [8489 bytes]","args":[{"element-6066-11e4-a52e-4f735466cecf":"f.093A703FE9E59CF09BD9C73E01D6E334.d.59E316B297EA93B08C0999C209817127.e.5468","ELEMENT":"f.093A703FE9E59CF09BD9C73E01D6E334.d.59E316B297EA93B08C0999C209817127.e.5468"}]}
RESULT: {"script":"<script> [8489 bytes]","args":[{"element-6066-11e4-a52e-4f735466cecf":"f.093A703FE9E59CF09BD9C73E01D6E334.d.59E316B297EA93B08C0999C209817127.e.5468","ELEMENT":"f.093A703FE9E59CF09BD9C73E01D6E334.d.59E316B297EA93B08C0999C209817127.e.5468"}]}
COMMAND: GET /session/4a8a75bcbd0d44f703d13edc121f15a8/element/f.093A703FE9E59CF09BD9C73E01D6E334.d.59E316B297EA93B08C0999C209817127.e.5468/enabled - {}
COMMAND: GET /session/4a8a75bcbd0d44f703d13edc121f15a8/screenshot - {}
RESULT: {}
COMMAND: POST /session/4a8a75bcbd0d44f703d13edc121f15a8/execute/sync - {"script":"<script> [8489 bytes]","args":[{"element-6066-11e4-a52e-4f735466cecf":"f.093A703FE9E59CF09BD9C73E01D6E334.d.59E316B297EA93B08C0999C209817127.e.5468","ELEMENT":"f.093A703FE9E59CF09BD9C73E01D6E334.d.59E316B297EA93B08C0999C209817127.e.5468"}]}
COMMAND: GET /session/4a8a75bcbd0d44f703d13edc121f15a8/screenshot - {}
RESULT: {}
RESULT: {"script":"<script> [8489 bytes]","args":[{"element-6066-11e4-a52e-4f735466cecf":"f.093A703FE9E59CF09BD9C73E01D6E334.d.59E316B297EA93B08C0999C209817127.e.5468","ELEMENT":"f.093A703FE9E59CF09BD9C73E01D6E334.d.59E316B297EA93B08C0999C209817127.e.5468"}]}
COMMAND: POST /session/4a8a75bcbd0d44f703d13edc121f15a8/execute/sync - {"script":"<script> [5351 bytes]","args":[{"element-6066-11e4-a52e-4f735466cecf":"f.093A703FE9E59CF09BD9C73E01D6E334.d.59E316B297EA93B08C0999C209817127.e.5468","ELEMENT":"f.093A703FE9E59CF09BD9C73E01D6E334.d.59E316B297EA93B08C0999C209817127.e.5468"}]}
COMMAND: GET /session/4a8a75bcbd0d44f703d13edc121f15a8/screenshot - {}
RESULT: {}
RESULT: {"script":"<script> [5351 bytes]","args":[{"element-6066-11e4-a52e-4f735466cecf":"f.093A703FE9E59CF09BD9C73E01D6E334.d.59E316B297EA93B08C0999C209817127.e.5468","ELEMENT":"f.093A703FE9E59CF09BD9C73E01D6E334.d.59E316B297EA93B08C0999C209817127.e.5468"}]}
COMMAND: GET /session/4a8a75bcbd0d44f703d13edc121f15a8/screenshot - {}
RESULT: {}
RESULT: {}
COMMAND: POST /session/4a8a75bcbd0d44f703d13edc121f15a8/execute/async - {"script":"<script> [1562 bytes]","args":[{"selector":{"id":"application-managepartners-display-component---masterPtm--smartFilterBar-btnBasicSearch","interaction":{"idSuffix":"I"}},"wdio_ui5_key":"applicationmanagepartners-display-component---masterPtm--smartFilterBar-btnBasicSearch"}]}
RESULT: {"script":"<script> [1562 bytes]","args":[{"selector":{"id":"application-managepartners-display-component---masterPtm--smartFilterBar-btnBasicSearch","interaction":{"idSuffix":"I"}},"wdio_ui5_key":"applicationmanagepartners-display-component---masterPtm--smartFilterBar-btnBasicSearch"}]}
RESULT: undefined
COMMAND: POST /session/4a8a75bcbd0d44f703d13edc121f15a8/execute/async - {"script":"<script> [776 bytes]","args":[{"enterText":"1121","selector":{"id":"application-managepartners-display-component---masterPtm--smartFilterBar-btnBasicSearch","interaction":{"idSuffix":"I"}},"clearTextFirst":true,"interactionType":"ENTER_TEXT"}]}
RESULT: {"script":"<script> [776 bytes]","args":[{"enterText":"1121","selector":{"id":"application-managepartners-display-component---masterPtm--smartFilterBar-btnBasicSearch","interaction":{"idSuffix":"I"}},"clearTextFirst":true,"interactionType":"ENTER_TEXT"}]}
COMMAND: POST /session/4a8a75bcbd0d44f703d13edc121f15a8/actions - {"actions":[{"id":"action16","type":"key","parameters":{},"actions":[{"type":"keyDown","value":""},{"type":"pause","duration":10},{"type":"keyUp","value":""}]}]}
RESULT: {"actions":[{"id":"action16","type":"key","parameters":{},"actions":[{"type":"keyDown","value":""},{"type":"pause","duration":10},{"type":"keyUp","value":""}]}]}
COMMAND: GET /session/4a8a75bcbd0d44f703d13edc121f15a8/screenshot - {}
RESULT: {}
COMMAND: POST /session/4a8a75bcbd0d44f703d13edc121f15a8/elements - {"using":"xpath","value":"//table[contains(@id, \"customPartnersTable-listUl\")]/tbody/tr"}
RESULT: {"using":"xpath","value":"//table[contains(@id, \"customPartnersTable-listUl\")]/tbody/tr"}
COMMAND: POST /session/4a8a75bcbd0d44f703d13edc121f15a8/element - {"using":"xpath","value":"//table[contains(@id, \"customPartnersTable-listUl\")]/tbody/tr[1]/td[3]/span"}
RESULT: {"using":"xpath","value":"//table[contains(@id, \"customPartnersTable-listUl\")]/tbody/tr[1]/td[3]/span"}
COMMAND: POST /session/4a8a75bcbd0d44f703d13edc121f15a8/elements - {"using":"xpath","value":"//table[contains(@id, \"customPartnersTable-listUl\")]/tbody/tr[1]/td[3]/span"}
RESULT: {"using":"xpath","value":"//table[contains(@id, \"customPartnersTable-listUl\")]/tbody/tr[1]/td[3]/span"}
COMMAND: POST /session/4a8a75bcbd0d44f703d13edc121f15a8/execute/sync - {"script":"<script> [56 bytes]","args":[{"element-6066-11e4-a52e-4f735466cecf":"f.093A703FE9E59CF09BD9C73E01D6E334.d.59E316B297EA93B08C0999C209817127.e.5603","ELEMENT":"f.093A703FE9E59CF09BD9C73E01D6E334.d.59E316B297EA93B08C0999C209817127.e.5603"}]}
RESULT: {"script":"<script> [56 bytes]","args":[{"element-6066-11e4-a52e-4f735466cecf":"f.093A703FE9E59CF09BD9C73E01D6E334.d.59E316B297EA93B08C0999C209817127.e.5603","ELEMENT":"f.093A703FE9E59CF09BD9C73E01D6E334.d.59E316B297EA93B08C0999C209817127.e.5603"}]}
COMMAND: POST /session/4a8a75bcbd0d44f703d13edc121f15a8/element - {"using":"xpath","value":"(//span[contains(@id, \"imgNav\")])[1]"}
COMMAND: GET /session/4a8a75bcbd0d44f703d13edc121f15a8/screenshot - {}
RESULT: {}
RESULT: {"using":"xpath","value":"(//span[contains(@id, \"imgNav\")])[1]"}
COMMAND: POST /session/4a8a75bcbd0d44f703d13edc121f15a8/element/f.093A703FE9E59CF09BD9C73E01D6E334.d.59E316B297EA93B08C0999C209817127.e.5601/click - {}
RESULT: {}
COMMAND: GET /session/4a8a75bcbd0d44f703d13edc121f15a8/screenshot - {}
RESULT: {}
COMMAND: POST /session/4a8a75bcbd0d44f703d13edc121f15a8/element - {"using":"xpath","value":"//bdi[contains(text(), \"Edit\")]"}
RESULT: {"using":"xpath","value":"//bdi[contains(text(), \"Edit\")]"}
COMMAND: POST /session/4a8a75bcbd0d44f703d13edc121f15a8/element/f.093A703FE9E59CF09BD9C73E01D6E334.d.59E316B297EA93B08C0999C209817127.e.5747/click - {}
RESULT: {}
COMMAND: GET /session/4a8a75bcbd0d44f703d13edc121f15a8/screenshot - {}
RESULT: {}
COMMAND: POST /session/4a8a75bcbd0d44f703d13edc121f15a8/execute/async - {"script":"<script> [1562 bytes]","args":[{"selector":{"controlType":"sap.m.Input","viewName":"etm.portal.ui.managepartners.view.EditDetail","labelFor":{"text":"Name"},"interaction":{"idSuffix":"inner"}},"wdio_ui5_key":"etmportal.ui.managepartners.view.EditDetailsap.m.Input{\"text\":\"Name\"}"}]}
RESULT: {"script":"<script> [1562 bytes]","args":[{"selector":{"controlType":"sap.m.Input","viewName":"etm.portal.ui.managepartners.view.EditDetail","labelFor":{"text":"Name"},"interaction":{"idSuffix":"inner"}},"wdio_ui5_key":"etmportal.ui.managepartners.view.EditDetailsap.m.Input{\"text\":\"Name\"}"}]}
RESULT: undefined
COMMAND: POST /session/4a8a75bcbd0d44f703d13edc121f15a8/execute/async - {"script":"<script> [776 bytes]","args":[{"enterText":"Intracompany EDIT","selector":{"controlType":"sap.m.Input","viewName":"etm.portal.ui.managepartners.view.EditDetail","labelFor":{"text":"Name"},"interaction":{"idSuffix":"inner"}},"clearTextFirst":true,"interactionType":"ENTER_TEXT"}]}
RESULT: {"script":"<script> [776 bytes]","args":[{"enterText":"Intracompany EDIT","selector":{"controlType":"sap.m.Input","viewName":"etm.portal.ui.managepartners.view.EditDetail","labelFor":{"text":"Name"},"interaction":{"idSuffix":"inner"}},"clearTextFirst":true,"interactionType":"ENTER_TEXT"}]}
COMMAND: POST /session/4a8a75bcbd0d44f703d13edc121f15a8/element - {"using":"xpath","value":"(//span[contains(@id,\"addressDetailDetailsLanguage-arrow\")])[1]"}
RESULT: {"using":"xpath","value":"(//span[contains(@id,\"addressDetailDetailsLanguage-arrow\")])[1]"}
COMMAND: POST /session/4a8a75bcbd0d44f703d13edc121f15a8/element/f.093A703FE9E59CF09BD9C73E01D6E334.d.59E316B297EA93B08C0999C209817127.e.5831/click - {}
RESULT: {}
COMMAND: POST /session/4a8a75bcbd0d44f703d13edc121f15a8/element - {"using":"xpath","value":"//span[contains(text(), \"Chinese\")]"}
COMMAND: GET /session/4a8a75bcbd0d44f703d13edc121f15a8/screenshot - {}
RESULT: {"using":"xpath","value":"//span[contains(text(), \"Chinese\")]"}
COMMAND: POST /session/4a8a75bcbd0d44f703d13edc121f15a8/element/f.093A703FE9E59CF09BD9C73E01D6E334.d.59E316B297EA93B08C0999C209817127.e.5832/click - {}
RESULT: {}
RESULT: {}
COMMAND: GET /session/4a8a75bcbd0d44f703d13edc121f15a8/screenshot - {}
RESULT: {}
COMMAND: POST /session/4a8a75bcbd0d44f703d13edc121f15a8/execute/async - {"script":"<script> [1562 bytes]","args":[{"selector":{"controlType":"sap.m.Input","viewName":"etm.portal.ui.managepartners.view.EditDetail","labelFor":{"text":"City"},"interaction":{"idSuffix":"inner"}},"wdio_ui5_key":"etmportal.ui.managepartners.view.EditDetailsap.m.Input{\"text\":\"City\"}"}]}
RESULT: {"script":"<script> [1562 bytes]","args":[{"selector":{"controlType":"sap.m.Input","viewName":"etm.portal.ui.managepartners.view.EditDetail","labelFor":{"text":"City"},"interaction":{"idSuffix":"inner"}},"wdio_ui5_key":"etmportal.ui.managepartners.view.EditDetailsap.m.Input{\"text\":\"City\"}"}]}
RESULT: undefined
COMMAND: POST /session/4a8a75bcbd0d44f703d13edc121f15a8/execute/async - {"script":"<script> [776 bytes]","args":[{"enterText":"Clooj-Napoca","selector":{"controlType":"sap.m.Input","viewName":"etm.portal.ui.managepartners.view.EditDetail","labelFor":{"text":"City"},"interaction":{"idSuffix":"inner"}},"clearTextFirst":true,"interactionType":"ENTER_TEXT"}]}
RESULT: {"script":"<script> [776 bytes]","args":[{"enterText":"Clooj-Napoca","selector":{"controlType":"sap.m.Input","viewName":"etm.portal.ui.managepartners.view.EditDetail","labelFor":{"text":"City"},"interaction":{"idSuffix":"inner"}},"clearTextFirst":true,"interactionType":"ENTER_TEXT"}]}
COMMAND: POST /session/4a8a75bcbd0d44f703d13edc121f15a8/element - {"using":"xpath","value":"//button[@data-kt=\"saveButton\"]"}
RESULT: {"using":"xpath","value":"//button[@data-kt=\"saveButton\"]"}
COMMAND: POST /session/4a8a75bcbd0d44f703d13edc121f15a8/element/f.093A703FE9E59CF09BD9C73E01D6E334.d.59E316B297EA93B08C0999C209817127.e.5810/click - {}
RESULT: {}
COMMAND: GET /session/4a8a75bcbd0d44f703d13edc121f15a8/screenshot - {}
RESULT: {}
COMMAND: POST /session/4a8a75bcbd0d44f703d13edc121f15a8/execute/async - {"script":"<script> [1562 bytes]","args":[{"selector":{"id":"application-managepartners-display-component---detailPtm--addressDetailDetailsName1"},"wdio_ui5_key":"applicationmanagepartners-display-component---detailPtm--addressDetailDetailsName1"}]}
RESULT: {"script":"<script> [1562 bytes]","args":[{"selector":{"id":"application-managepartners-display-component---detailPtm--addressDetailDetailsName1"},"wdio_ui5_key":"applicationmanagepartners-display-component---detailPtm--addressDetailDetailsName1"}]}
RESULT: undefined
COMMAND: POST /session/4a8a75bcbd0d44f703d13edc121f15a8/execute/async - {"script":"<script> [6424 bytes]","args":[{"element-6066-11e4-a52e-4f735466cecf":"f.093A703FE9E59CF09BD9C73E01D6E334.d.59E316B297EA93B08C0999C209817127.e.5863"},"getValue",[]]}
RESULT: {"script":"<script> [6424 bytes]","args":[{"element-6066-11e4-a52e-4f735466cecf":"f.093A703FE9E59CF09BD9C73E01D6E334.d.59E316B297EA93B08C0999C209817127.e.5863"},"getValue",[]]}
COMMAND: POST /session/4a8a75bcbd0d44f703d13edc121f15a8/element - {"using":"xpath","value":"//input[@id = \"application-managepartners-display-component---detailPtm--addressDetailDetailsLanguage-inner\"]"}
RESULT: {"using":"xpath","value":"//input[@id = \"application-managepartners-display-component---detailPtm--addressDetailDetailsLanguage-inner\"]"}
COMMAND: GET /session/4a8a75bcbd0d44f703d13edc121f15a8/element/f.093A703FE9E59CF09BD9C73E01D6E334.d.59E316B297EA93B08C0999C209817127.e.5864/property/value - {}
RESULT: {}
COMMAND: POST /session/4a8a75bcbd0d44f703d13edc121f15a8/execute/async - {"script":"<script> [1562 bytes]","args":[{"selector":{"id":"application-managepartners-display-component---detailPtm--addressDetailDetailsCity1"},"wdio_ui5_key":"applicationmanagepartners-display-component---detailPtm--addressDetailDetailsCity1"}]}
COMMAND: GET /session/4a8a75bcbd0d44f703d13edc121f15a8/screenshot - {}
RESULT: {"script":"<script> [1562 bytes]","args":[{"selector":{"id":"application-managepartners-display-component---detailPtm--addressDetailDetailsCity1"},"wdio_ui5_key":"applicationmanagepartners-display-component---detailPtm--addressDetailDetailsCity1"}]}
RESULT: undefined
COMMAND: POST /session/4a8a75bcbd0d44f703d13edc121f15a8/execute/async - {"script":"<script> [6424 bytes]","args":[{"element-6066-11e4-a52e-4f735466cecf":"f.093A703FE9E59CF09BD9C73E01D6E334.d.59E316B297EA93B08C0999C209817127.e.5865"},"getValue",[]]}
RESULT: {}
RESULT: {"script":"<script> [6424 bytes]","args":[{"element-6066-11e4-a52e-4f735466cecf":"f.093A703FE9E59CF09BD9C73E01D6E334.d.59E316B297EA93B08C0999C209817127.e.5865"},"getValue",[]]}
COMMAND: POST /session/4a8a75bcbd0d44f703d13edc121f15a8/element - {"using":"css selector","value":"#shell-header-logo"}
RESULT: {"using":"css selector","value":"#shell-header-logo"}
COMMAND: POST /session/4a8a75bcbd0d44f703d13edc121f15a8/element/f.093A703FE9E59CF09BD9C73E01D6E334.d.59E316B297EA93B08C0999C209817127.e.5424/click - {}
RESULT: {}
COMMAND: GET /session/4a8a75bcbd0d44f703d13edc121f15a8/screenshot - {}
RESULT: {}
]]></system-out>
    </testcase>
    <testcase classname="chrome.137_0_7151_69.windows.Partner_specific_tests_US150819_US151080_US151654_US151176_US103444_US151078_US151079_US151109_US151174_US151175_US151189" name="Should do filtering and navigation tests US151109" time="163.043">
      <system-out><![CDATA[
COMMAND: POST /session/4a8a75bcbd0d44f703d13edc121f15a8/element - {"using":"xpath","value":"//li[.//span[text()=\"Manage Partners\"]]"}
RESULT: {"using":"xpath","value":"//li[.//span[text()=\"Manage Partners\"]]"}
COMMAND: POST /session/4a8a75bcbd0d44f703d13edc121f15a8/element - {"using":"xpath","value":"//li[.//span[text()=\"Manage Partners\"]]"}
RESULT: {"using":"xpath","value":"//li[.//span[text()=\"Manage Partners\"]]"}
COMMAND: POST /session/4a8a75bcbd0d44f703d13edc121f15a8/element - {"using":"css selector","value":"#shell-header-logo"}
RESULT: {"using":"css selector","value":"#shell-header-logo"}
COMMAND: POST /session/4a8a75bcbd0d44f703d13edc121f15a8/element/f.093A703FE9E59CF09BD9C73E01D6E334.d.59E316B297EA93B08C0999C209817127.e.5895/click - {}
COMMAND: POST /session/4a8a75bcbd0d44f703d13edc121f15a8/execute/sync - {"script":"<script> [8489 bytes]","args":[{"element-6066-11e4-a52e-4f735466cecf":"f.093A703FE9E59CF09BD9C73E01D6E334.d.59E316B297EA93B08C0999C209817127.e.5895","ELEMENT":"f.093A703FE9E59CF09BD9C73E01D6E334.d.59E316B297EA93B08C0999C209817127.e.5895"}]}
RESULT: {}
COMMAND: GET /session/4a8a75bcbd0d44f703d13edc121f15a8/screenshot - {}
RESULT: {"script":"<script> [8489 bytes]","args":[{"element-6066-11e4-a52e-4f735466cecf":"f.093A703FE9E59CF09BD9C73E01D6E334.d.59E316B297EA93B08C0999C209817127.e.5895","ELEMENT":"f.093A703FE9E59CF09BD9C73E01D6E334.d.59E316B297EA93B08C0999C209817127.e.5895"}]}
COMMAND: POST /session/4a8a75bcbd0d44f703d13edc121f15a8/execute/sync - {"script":"<script> [5351 bytes]","args":[{"element-6066-11e4-a52e-4f735466cecf":"f.093A703FE9E59CF09BD9C73E01D6E334.d.59E316B297EA93B08C0999C209817127.e.5895","ELEMENT":"f.093A703FE9E59CF09BD9C73E01D6E334.d.59E316B297EA93B08C0999C209817127.e.5895"}]}
COMMAND: GET /session/4a8a75bcbd0d44f703d13edc121f15a8/screenshot - {}
RESULT: {}
RESULT: {"script":"<script> [5351 bytes]","args":[{"element-6066-11e4-a52e-4f735466cecf":"f.093A703FE9E59CF09BD9C73E01D6E334.d.59E316B297EA93B08C0999C209817127.e.5895","ELEMENT":"f.093A703FE9E59CF09BD9C73E01D6E334.d.59E316B297EA93B08C0999C209817127.e.5895"}]}
COMMAND: GET /session/4a8a75bcbd0d44f703d13edc121f15a8/screenshot - {}
RESULT: {}
RESULT: {}
RESULT: undefined
COMMAND: POST /session/4a8a75bcbd0d44f703d13edc121f15a8/element - {"using":"xpath","value":"//*[@id=\"__tile31\"]"}
RESULT: {"using":"xpath","value":"//*[@id=\"__tile31\"]"}
COMMAND: POST /session/4a8a75bcbd0d44f703d13edc121f15a8/element/f.093A703FE9E59CF09BD9C73E01D6E334.d.59E316B297EA93B08C0999C209817127.e.4531/click - {}
RESULT: {}
COMMAND: GET /session/4a8a75bcbd0d44f703d13edc121f15a8/screenshot - {}
RESULT: {}
COMMAND: POST /session/4a8a75bcbd0d44f703d13edc121f15a8/elements - {"using":"xpath","value":"//span[text()='Error']"}
RESULT: {"using":"xpath","value":"//span[text()='Error']"}
COMMAND: POST /session/4a8a75bcbd0d44f703d13edc121f15a8/element - {"using":"xpath","value":"//button[@data-kt=\"addButton\"]"}
RESULT: {"using":"xpath","value":"//button[@data-kt=\"addButton\"]"}
COMMAND: POST /session/4a8a75bcbd0d44f703d13edc121f15a8/elements - {"using":"xpath","value":"//button[@data-kt=\"addButton\"]"}
RESULT: {"using":"xpath","value":"//button[@data-kt=\"addButton\"]"}
COMMAND: POST /session/4a8a75bcbd0d44f703d13edc121f15a8/execute/sync - {"script":"<script> [8489 bytes]","args":[{"element-6066-11e4-a52e-4f735466cecf":"f.093A703FE9E59CF09BD9C73E01D6E334.d.59E316B297EA93B08C0999C209817127.e.5942","ELEMENT":"f.093A703FE9E59CF09BD9C73E01D6E334.d.59E316B297EA93B08C0999C209817127.e.5942"}]}
RESULT: {"script":"<script> [8489 bytes]","args":[{"element-6066-11e4-a52e-4f735466cecf":"f.093A703FE9E59CF09BD9C73E01D6E334.d.59E316B297EA93B08C0999C209817127.e.5942","ELEMENT":"f.093A703FE9E59CF09BD9C73E01D6E334.d.59E316B297EA93B08C0999C209817127.e.5942"}]}
COMMAND: GET /session/4a8a75bcbd0d44f703d13edc121f15a8/element/f.093A703FE9E59CF09BD9C73E01D6E334.d.59E316B297EA93B08C0999C209817127.e.5942/enabled - {}
COMMAND: GET /session/4a8a75bcbd0d44f703d13edc121f15a8/screenshot - {}
RESULT: {}
COMMAND: POST /session/4a8a75bcbd0d44f703d13edc121f15a8/execute/sync - {"script":"<script> [8489 bytes]","args":[{"element-6066-11e4-a52e-4f735466cecf":"f.093A703FE9E59CF09BD9C73E01D6E334.d.59E316B297EA93B08C0999C209817127.e.5942","ELEMENT":"f.093A703FE9E59CF09BD9C73E01D6E334.d.59E316B297EA93B08C0999C209817127.e.5942"}]}
COMMAND: GET /session/4a8a75bcbd0d44f703d13edc121f15a8/screenshot - {}
RESULT: {}
RESULT: {"script":"<script> [8489 bytes]","args":[{"element-6066-11e4-a52e-4f735466cecf":"f.093A703FE9E59CF09BD9C73E01D6E334.d.59E316B297EA93B08C0999C209817127.e.5942","ELEMENT":"f.093A703FE9E59CF09BD9C73E01D6E334.d.59E316B297EA93B08C0999C209817127.e.5942"}]}
COMMAND: POST /session/4a8a75bcbd0d44f703d13edc121f15a8/execute/sync - {"script":"<script> [5351 bytes]","args":[{"element-6066-11e4-a52e-4f735466cecf":"f.093A703FE9E59CF09BD9C73E01D6E334.d.59E316B297EA93B08C0999C209817127.e.5942","ELEMENT":"f.093A703FE9E59CF09BD9C73E01D6E334.d.59E316B297EA93B08C0999C209817127.e.5942"}]}
COMMAND: GET /session/4a8a75bcbd0d44f703d13edc121f15a8/screenshot - {}
RESULT: {}
RESULT: {"script":"<script> [5351 bytes]","args":[{"element-6066-11e4-a52e-4f735466cecf":"f.093A703FE9E59CF09BD9C73E01D6E334.d.59E316B297EA93B08C0999C209817127.e.5942","ELEMENT":"f.093A703FE9E59CF09BD9C73E01D6E334.d.59E316B297EA93B08C0999C209817127.e.5942"}]}
COMMAND: GET /session/4a8a75bcbd0d44f703d13edc121f15a8/screenshot - {}
RESULT: {}
RESULT: {}
COMMAND: POST /session/4a8a75bcbd0d44f703d13edc121f15a8/element - {"using":"xpath","value":"//span[@id=\"application-managepartners-display-component---masterPtm--smartTable-header-inner\"]"}
RESULT: {"using":"xpath","value":"//span[@id=\"application-managepartners-display-component---masterPtm--smartTable-header-inner\"]"}
COMMAND: POST /session/4a8a75bcbd0d44f703d13edc121f15a8/elements - {"using":"xpath","value":"//span[@id=\"application-managepartners-display-component---masterPtm--smartTable-header-inner\"]"}
RESULT: {"using":"xpath","value":"//span[@id=\"application-managepartners-display-component---masterPtm--smartTable-header-inner\"]"}
COMMAND: POST /session/4a8a75bcbd0d44f703d13edc121f15a8/execute/sync - {"script":"<script> [56 bytes]","args":[{"element-6066-11e4-a52e-4f735466cecf":"f.093A703FE9E59CF09BD9C73E01D6E334.d.59E316B297EA93B08C0999C209817127.e.6067","ELEMENT":"f.093A703FE9E59CF09BD9C73E01D6E334.d.59E316B297EA93B08C0999C209817127.e.6067"}]}
RESULT: {"script":"<script> [56 bytes]","args":[{"element-6066-11e4-a52e-4f735466cecf":"f.093A703FE9E59CF09BD9C73E01D6E334.d.59E316B297EA93B08C0999C209817127.e.6067","ELEMENT":"f.093A703FE9E59CF09BD9C73E01D6E334.d.59E316B297EA93B08C0999C209817127.e.6067"}]}
RESULT: undefined
COMMAND: POST /session/4a8a75bcbd0d44f703d13edc121f15a8/execute/async - {"script":"<script> [776 bytes]","args":[{"enterText":"External Partner WDIO","selector":{"id":"application-managepartners-display-component---masterPtm--smartFilterBar-btnBasicSearch","interaction":{"idSuffix":"I"}},"clearTextFirst":true,"interactionType":"ENTER_TEXT"}]}
COMMAND: GET /session/4a8a75bcbd0d44f703d13edc121f15a8/screenshot - {}
RESULT: {"script":"<script> [776 bytes]","args":[{"enterText":"External Partner WDIO","selector":{"id":"application-managepartners-display-component---masterPtm--smartFilterBar-btnBasicSearch","interaction":{"idSuffix":"I"}},"clearTextFirst":true,"interactionType":"ENTER_TEXT"}]}
RESULT: {}
COMMAND: POST /session/4a8a75bcbd0d44f703d13edc121f15a8/actions - {"actions":[{"id":"action17","type":"key","parameters":{},"actions":[{"type":"keyDown","value":""},{"type":"pause","duration":10},{"type":"keyUp","value":""}]}]}
RESULT: {"actions":[{"id":"action17","type":"key","parameters":{},"actions":[{"type":"keyDown","value":""},{"type":"pause","duration":10},{"type":"keyUp","value":""}]}]}
COMMAND: GET /session/4a8a75bcbd0d44f703d13edc121f15a8/screenshot - {}
RESULT: {}
COMMAND: POST /session/4a8a75bcbd0d44f703d13edc121f15a8/element - {"using":"xpath","value":"//span[@id=\"application-managepartners-display-component---masterPtm--smartTable-header-inner\"]"}
RESULT: {"using":"xpath","value":"//span[@id=\"application-managepartners-display-component---masterPtm--smartTable-header-inner\"]"}
COMMAND: POST /session/4a8a75bcbd0d44f703d13edc121f15a8/elements - {"using":"xpath","value":"//span[@id=\"application-managepartners-display-component---masterPtm--smartTable-header-inner\"]"}
RESULT: {"using":"xpath","value":"//span[@id=\"application-managepartners-display-component---masterPtm--smartTable-header-inner\"]"}
COMMAND: POST /session/4a8a75bcbd0d44f703d13edc121f15a8/execute/sync - {"script":"<script> [56 bytes]","args":[{"element-6066-11e4-a52e-4f735466cecf":"f.093A703FE9E59CF09BD9C73E01D6E334.d.59E316B297EA93B08C0999C209817127.e.6067","ELEMENT":"f.093A703FE9E59CF09BD9C73E01D6E334.d.59E316B297EA93B08C0999C209817127.e.6067"}]}
RESULT: {"script":"<script> [56 bytes]","args":[{"element-6066-11e4-a52e-4f735466cecf":"f.093A703FE9E59CF09BD9C73E01D6E334.d.59E316B297EA93B08C0999C209817127.e.6067","ELEMENT":"f.093A703FE9E59CF09BD9C73E01D6E334.d.59E316B297EA93B08C0999C209817127.e.6067"}]}
COMMAND: POST /session/4a8a75bcbd0d44f703d13edc121f15a8/element - {"using":"xpath","value":"//div[contains(@id, \"managepartners-display-component---masterPtm--smartFilterBar-btnBasicSearch-reset\")]"}
COMMAND: GET /session/4a8a75bcbd0d44f703d13edc121f15a8/screenshot - {}
RESULT: {"using":"xpath","value":"//div[contains(@id, \"managepartners-display-component---masterPtm--smartFilterBar-btnBasicSearch-reset\")]"}
COMMAND: POST /session/4a8a75bcbd0d44f703d13edc121f15a8/element/f.093A703FE9E59CF09BD9C73E01D6E334.d.59E316B297EA93B08C0999C209817127.e.6151/click - {}
RESULT: {}
RESULT: {}
COMMAND: GET /session/4a8a75bcbd0d44f703d13edc121f15a8/screenshot - {}
RESULT: {}
COMMAND: POST /session/4a8a75bcbd0d44f703d13edc121f15a8/execute/async - {"script":"<script> [1562 bytes]","args":[{"selector":{"id":"application-managepartners-display-component---masterPtm--smartFilterBar-filterItemControl_BASIC-MAIN_ADDRESS-vhi"},"wdio_ui5_key":"applicationmanagepartners-display-component---masterPtm--smartFilterBar-filterItemControl_BASIC-MAIN_ADDRESS-vhi"}]}
RESULT: {"script":"<script> [1562 bytes]","args":[{"selector":{"id":"application-managepartners-display-component---masterPtm--smartFilterBar-filterItemControl_BASIC-MAIN_ADDRESS-vhi"},"wdio_ui5_key":"applicationmanagepartners-display-component---masterPtm--smartFilterBar-filterItemControl_BASIC-MAIN_ADDRESS-vhi"}]}
RESULT: undefined
COMMAND: POST /session/4a8a75bcbd0d44f703d13edc121f15a8/element - {"using":"xpath","value":"//*[@id=\"application-managepartners-display-component---masterPtm--smartFilterBar-filterItemControl_BASIC-MAIN_ADDRESS-vhi\"]"}
RESULT: {"using":"xpath","value":"//*[@id=\"application-managepartners-display-component---masterPtm--smartFilterBar-filterItemControl_BASIC-MAIN_ADDRESS-vhi\"]"}
COMMAND: POST /session/4a8a75bcbd0d44f703d13edc121f15a8/element/f.093A703FE9E59CF09BD9C73E01D6E334.d.59E316B297EA93B08C0999C209817127.e.6234/click - {}
RESULT: {}
COMMAND: GET /session/4a8a75bcbd0d44f703d13edc121f15a8/screenshot - {}
RESULT: {}
COMMAND: POST /session/4a8a75bcbd0d44f703d13edc121f15a8/execute/async - {"script":"<script> [1562 bytes]","args":[{"selector":{"id":"application-managepartners-display-component---masterPtm--smartFilterBar-filterItemControl_BASIC-MAIN_ADDRESS-valueHelpDialog-smartFilterBar-btnBasicSearch","searchOpenDialogs":true,"interaction":{"idSuffix":"I"}},"wdio_ui5_key":"applicationmanagepartners-display-component---masterPtm--smartFilterBar-filterItemControl_BASIC-MAIN_ADDRESS-valueHelpDialog-smartFilterBar-btnBasicSearch"}]}
RESULT: {"script":"<script> [1562 bytes]","args":[{"selector":{"id":"application-managepartners-display-component---masterPtm--smartFilterBar-filterItemControl_BASIC-MAIN_ADDRESS-valueHelpDialog-smartFilterBar-btnBasicSearch","searchOpenDialogs":true,"interaction":{"idSuffix":"I"}},"wdio_ui5_key":"applicationmanagepartners-display-component---masterPtm--smartFilterBar-filterItemControl_BASIC-MAIN_ADDRESS-valueHelpDialog-smartFilterBar-btnBasicSearch"}]}
RESULT: undefined
COMMAND: POST /session/4a8a75bcbd0d44f703d13edc121f15a8/execute/async - {"script":"<script> [776 bytes]","args":[{"enterText":"Romania","selector":{"id":"application-managepartners-display-component---masterPtm--smartFilterBar-filterItemControl_BASIC-MAIN_ADDRESS-valueHelpDialog-smartFilterBar-btnBasicSearch","searchOpenDialogs":true,"interaction":{"idSuffix":"I"}},"clearTextFirst":true,"interactionType":"ENTER_TEXT"}]}
RESULT: {"script":"<script> [776 bytes]","args":[{"enterText":"Romania","selector":{"id":"application-managepartners-display-component---masterPtm--smartFilterBar-filterItemControl_BASIC-MAIN_ADDRESS-valueHelpDialog-smartFilterBar-btnBasicSearch","searchOpenDialogs":true,"interaction":{"idSuffix":"I"}},"clearTextFirst":true,"interactionType":"ENTER_TEXT"}]}
COMMAND: POST /session/4a8a75bcbd0d44f703d13edc121f15a8/actions - {"actions":[{"id":"action18","type":"key","parameters":{},"actions":[{"type":"keyDown","value":""},{"type":"pause","duration":10},{"type":"keyUp","value":""}]}]}
RESULT: {"actions":[{"id":"action18","type":"key","parameters":{},"actions":[{"type":"keyDown","value":""},{"type":"pause","duration":10},{"type":"keyUp","value":""}]}]}
COMMAND: POST /session/4a8a75bcbd0d44f703d13edc121f15a8/elements - {"using":"xpath","value":"//table[contains(@id, \"smartFilterBar-filterItemControl_BASIC-MAIN_ADDRESS-valueHelpDialog-table-table\")]/tbody/tr"}
COMMAND: GET /session/4a8a75bcbd0d44f703d13edc121f15a8/screenshot - {}
RESULT: {"using":"xpath","value":"//table[contains(@id, \"smartFilterBar-filterItemControl_BASIC-MAIN_ADDRESS-valueHelpDialog-table-table\")]/tbody/tr"}
COMMAND: POST /session/4a8a75bcbd0d44f703d13edc121f15a8/element - {"using":"xpath","value":"//table[contains(@id, \"smartFilterBar-filterItemControl_BASIC-MAIN_ADDRESS-valueHelpDialog-table-table\")]/tbody/tr[1]/td[1]/div/span"}
RESULT: {}
RESULT: {"using":"xpath","value":"//table[contains(@id, \"smartFilterBar-filterItemControl_BASIC-MAIN_ADDRESS-valueHelpDialog-table-table\")]/tbody/tr[1]/td[1]/div/span"}
COMMAND: POST /session/4a8a75bcbd0d44f703d13edc121f15a8/elements - {"using":"xpath","value":"//table[contains(@id, \"smartFilterBar-filterItemControl_BASIC-MAIN_ADDRESS-valueHelpDialog-table-table\")]/tbody/tr[1]/td[1]/div/span"}
RESULT: {"using":"xpath","value":"//table[contains(@id, \"smartFilterBar-filterItemControl_BASIC-MAIN_ADDRESS-valueHelpDialog-table-table\")]/tbody/tr[1]/td[1]/div/span"}
COMMAND: POST /session/4a8a75bcbd0d44f703d13edc121f15a8/execute/sync - {"script":"<script> [56 bytes]","args":[{"element-6066-11e4-a52e-4f735466cecf":"f.093A703FE9E59CF09BD9C73E01D6E334.d.59E316B297EA93B08C0999C209817127.e.6255","ELEMENT":"f.093A703FE9E59CF09BD9C73E01D6E334.d.59E316B297EA93B08C0999C209817127.e.6255"}]}
RESULT: {"script":"<script> [56 bytes]","args":[{"element-6066-11e4-a52e-4f735466cecf":"f.093A703FE9E59CF09BD9C73E01D6E334.d.59E316B297EA93B08C0999C209817127.e.6255","ELEMENT":"f.093A703FE9E59CF09BD9C73E01D6E334.d.59E316B297EA93B08C0999C209817127.e.6255"}]}
COMMAND: POST /session/4a8a75bcbd0d44f703d13edc121f15a8/element - {"using":"xpath","value":"//div[contains(@id, \"filterItemControl_BASIC-MAIN_ADDRESS-valueHelpDialog-table-rowsel0\")]"}
COMMAND: GET /session/4a8a75bcbd0d44f703d13edc121f15a8/screenshot - {}
RESULT: {"using":"xpath","value":"//div[contains(@id, \"filterItemControl_BASIC-MAIN_ADDRESS-valueHelpDialog-table-rowsel0\")]"}
COMMAND: POST /session/4a8a75bcbd0d44f703d13edc121f15a8/element/f.093A703FE9E59CF09BD9C73E01D6E334.d.59E316B297EA93B08C0999C209817127.e.6256/click - {}
RESULT: {}
RESULT: {}
COMMAND: GET /session/4a8a75bcbd0d44f703d13edc121f15a8/screenshot - {}
RESULT: {}
COMMAND: POST /session/4a8a75bcbd0d44f703d13edc121f15a8/element - {"using":"xpath","value":"(//bdi[contains(text(), \"OK\")])[1]"}
RESULT: {"using":"xpath","value":"(//bdi[contains(text(), \"OK\")])[1]"}
COMMAND: POST /session/4a8a75bcbd0d44f703d13edc121f15a8/element/f.093A703FE9E59CF09BD9C73E01D6E334.d.59E316B297EA93B08C0999C209817127.e.6258/click - {}
RESULT: {}
COMMAND: GET /session/4a8a75bcbd0d44f703d13edc121f15a8/screenshot - {}
RESULT: {}
COMMAND: POST /session/4a8a75bcbd0d44f703d13edc121f15a8/element - {"using":"xpath","value":"//span[@id=\"application-managepartners-display-component---masterPtm--smartTable-header-inner\"]"}
RESULT: {"using":"xpath","value":"//span[@id=\"application-managepartners-display-component---masterPtm--smartTable-header-inner\"]"}
COMMAND: POST /session/4a8a75bcbd0d44f703d13edc121f15a8/elements - {"using":"xpath","value":"//span[@id=\"application-managepartners-display-component---masterPtm--smartTable-header-inner\"]"}
RESULT: {"using":"xpath","value":"//span[@id=\"application-managepartners-display-component---masterPtm--smartTable-header-inner\"]"}
COMMAND: POST /session/4a8a75bcbd0d44f703d13edc121f15a8/execute/sync - {"script":"<script> [56 bytes]","args":[{"element-6066-11e4-a52e-4f735466cecf":"f.093A703FE9E59CF09BD9C73E01D6E334.d.59E316B297EA93B08C0999C209817127.e.6067","ELEMENT":"f.093A703FE9E59CF09BD9C73E01D6E334.d.59E316B297EA93B08C0999C209817127.e.6067"}]}
RESULT: {"script":"<script> [56 bytes]","args":[{"element-6066-11e4-a52e-4f735466cecf":"f.093A703FE9E59CF09BD9C73E01D6E334.d.59E316B297EA93B08C0999C209817127.e.6067","ELEMENT":"f.093A703FE9E59CF09BD9C73E01D6E334.d.59E316B297EA93B08C0999C209817127.e.6067"}]}
COMMAND: POST /session/4a8a75bcbd0d44f703d13edc121f15a8/element - {"using":"xpath","value":"//span[contains(@title, \"Remove\")]"}
COMMAND: GET /session/4a8a75bcbd0d44f703d13edc121f15a8/screenshot - {}
RESULT: {}
RESULT: {"using":"xpath","value":"//span[contains(@title, \"Remove\")]"}
COMMAND: POST /session/4a8a75bcbd0d44f703d13edc121f15a8/element/f.093A703FE9E59CF09BD9C73E01D6E334.d.59E316B297EA93B08C0999C209817127.e.6271/click - {}
RESULT: {}
COMMAND: GET /session/4a8a75bcbd0d44f703d13edc121f15a8/screenshot - {}
RESULT: {}
COMMAND: POST /session/4a8a75bcbd0d44f703d13edc121f15a8/element - {"using":"xpath","value":"//span[@id=\"application-managepartners-display-component---masterPtm--smartTable-header-inner\"]"}
RESULT: {"using":"xpath","value":"//span[@id=\"application-managepartners-display-component---masterPtm--smartTable-header-inner\"]"}
COMMAND: POST /session/4a8a75bcbd0d44f703d13edc121f15a8/elements - {"using":"xpath","value":"//span[@id=\"application-managepartners-display-component---masterPtm--smartTable-header-inner\"]"}
RESULT: {"using":"xpath","value":"//span[@id=\"application-managepartners-display-component---masterPtm--smartTable-header-inner\"]"}
COMMAND: POST /session/4a8a75bcbd0d44f703d13edc121f15a8/execute/sync - {"script":"<script> [56 bytes]","args":[{"element-6066-11e4-a52e-4f735466cecf":"f.093A703FE9E59CF09BD9C73E01D6E334.d.59E316B297EA93B08C0999C209817127.e.6067","ELEMENT":"f.093A703FE9E59CF09BD9C73E01D6E334.d.59E316B297EA93B08C0999C209817127.e.6067"}]}
RESULT: {"script":"<script> [56 bytes]","args":[{"element-6066-11e4-a52e-4f735466cecf":"f.093A703FE9E59CF09BD9C73E01D6E334.d.59E316B297EA93B08C0999C209817127.e.6067","ELEMENT":"f.093A703FE9E59CF09BD9C73E01D6E334.d.59E316B297EA93B08C0999C209817127.e.6067"}]}
COMMAND: POST /session/4a8a75bcbd0d44f703d13edc121f15a8/execute/async - {"script":"<script> [1562 bytes]","args":[{"selector":{"id":"application-managepartners-display-component---masterPtm--smartFilterBar-filterItemControl_BASIC-YARD-vhi"},"wdio_ui5_key":"applicationmanagepartners-display-component---masterPtm--smartFilterBar-filterItemControl_BASIC-YARD-vhi"}]}
COMMAND: GET /session/4a8a75bcbd0d44f703d13edc121f15a8/screenshot - {}
RESULT: {"script":"<script> [1562 bytes]","args":[{"selector":{"id":"application-managepartners-display-component---masterPtm--smartFilterBar-filterItemControl_BASIC-YARD-vhi"},"wdio_ui5_key":"applicationmanagepartners-display-component---masterPtm--smartFilterBar-filterItemControl_BASIC-YARD-vhi"}]}
RESULT: undefined
COMMAND: POST /session/4a8a75bcbd0d44f703d13edc121f15a8/element - {"using":"xpath","value":"//*[@id=\"application-managepartners-display-component---masterPtm--smartFilterBar-filterItemControl_BASIC-YARD-vhi\"]"}
RESULT: {}
RESULT: {"using":"xpath","value":"//*[@id=\"application-managepartners-display-component---masterPtm--smartFilterBar-filterItemControl_BASIC-YARD-vhi\"]"}
COMMAND: POST /session/4a8a75bcbd0d44f703d13edc121f15a8/element/f.093A703FE9E59CF09BD9C73E01D6E334.d.59E316B297EA93B08C0999C209817127.e.6376/click - {}
RESULT: {}
COMMAND: GET /session/4a8a75bcbd0d44f703d13edc121f15a8/screenshot - {}
RESULT: {}
COMMAND: POST /session/4a8a75bcbd0d44f703d13edc121f15a8/execute/async - {"script":"<script> [1562 bytes]","args":[{"selector":{"id":"application-managepartners-display-component---masterPtm--smartFilterBar-filterItemControl_BASIC-YARD-valueHelpDialog-smartFilterBar-btnBasicSearch","searchOpenDialogs":true,"interaction":{"idSuffix":"I"}},"wdio_ui5_key":"applicationmanagepartners-display-component---masterPtm--smartFilterBar-filterItemControl_BASIC-YARD-valueHelpDialog-smartFilterBar-btnBasicSearch"}]}
RESULT: {"script":"<script> [1562 bytes]","args":[{"selector":{"id":"application-managepartners-display-component---masterPtm--smartFilterBar-filterItemControl_BASIC-YARD-valueHelpDialog-smartFilterBar-btnBasicSearch","searchOpenDialogs":true,"interaction":{"idSuffix":"I"}},"wdio_ui5_key":"applicationmanagepartners-display-component---masterPtm--smartFilterBar-filterItemControl_BASIC-YARD-valueHelpDialog-smartFilterBar-btnBasicSearch"}]}
RESULT: undefined
COMMAND: POST /session/4a8a75bcbd0d44f703d13edc121f15a8/execute/async - {"script":"<script> [776 bytes]","args":[{"enterText":"Test","selector":{"id":"application-managepartners-display-component---masterPtm--smartFilterBar-filterItemControl_BASIC-YARD-valueHelpDialog-smartFilterBar-btnBasicSearch","searchOpenDialogs":true,"interaction":{"idSuffix":"I"}},"clearTextFirst":true,"interactionType":"ENTER_TEXT"}]}
RESULT: {"script":"<script> [776 bytes]","args":[{"enterText":"Test","selector":{"id":"application-managepartners-display-component---masterPtm--smartFilterBar-filterItemControl_BASIC-YARD-valueHelpDialog-smartFilterBar-btnBasicSearch","searchOpenDialogs":true,"interaction":{"idSuffix":"I"}},"clearTextFirst":true,"interactionType":"ENTER_TEXT"}]}
COMMAND: POST /session/4a8a75bcbd0d44f703d13edc121f15a8/actions - {"actions":[{"id":"action19","type":"key","parameters":{},"actions":[{"type":"keyDown","value":""},{"type":"pause","duration":10},{"type":"keyUp","value":""}]}]}
RESULT: {"actions":[{"id":"action19","type":"key","parameters":{},"actions":[{"type":"keyDown","value":""},{"type":"pause","duration":10},{"type":"keyUp","value":""}]}]}
COMMAND: POST /session/4a8a75bcbd0d44f703d13edc121f15a8/elements - {"using":"xpath","value":"//table[contains(@id, \"smartFilterBar-filterItemControl_BASIC-YARD-valueHelpDialog-table-table\")]/tbody/tr"}
COMMAND: GET /session/4a8a75bcbd0d44f703d13edc121f15a8/screenshot - {}
RESULT: {"using":"xpath","value":"//table[contains(@id, \"smartFilterBar-filterItemControl_BASIC-YARD-valueHelpDialog-table-table\")]/tbody/tr"}
COMMAND: POST /session/4a8a75bcbd0d44f703d13edc121f15a8/element - {"using":"xpath","value":"//table[contains(@id, \"smartFilterBar-filterItemControl_BASIC-YARD-valueHelpDialog-table-table\")]/tbody/tr[1]/td[1]/div/span"}
RESULT: {}
RESULT: {"using":"xpath","value":"//table[contains(@id, \"smartFilterBar-filterItemControl_BASIC-YARD-valueHelpDialog-table-table\")]/tbody/tr[1]/td[1]/div/span"}
COMMAND: POST /session/4a8a75bcbd0d44f703d13edc121f15a8/elements - {"using":"xpath","value":"//table[contains(@id, \"smartFilterBar-filterItemControl_BASIC-YARD-valueHelpDialog-table-table\")]/tbody/tr[1]/td[1]/div/span"}
RESULT: {"using":"xpath","value":"//table[contains(@id, \"smartFilterBar-filterItemControl_BASIC-YARD-valueHelpDialog-table-table\")]/tbody/tr[1]/td[1]/div/span"}
COMMAND: POST /session/4a8a75bcbd0d44f703d13edc121f15a8/execute/sync - {"script":"<script> [56 bytes]","args":[{"element-6066-11e4-a52e-4f735466cecf":"f.093A703FE9E59CF09BD9C73E01D6E334.d.59E316B297EA93B08C0999C209817127.e.6398","ELEMENT":"f.093A703FE9E59CF09BD9C73E01D6E334.d.59E316B297EA93B08C0999C209817127.e.6398"}]}
RESULT: {"script":"<script> [56 bytes]","args":[{"element-6066-11e4-a52e-4f735466cecf":"f.093A703FE9E59CF09BD9C73E01D6E334.d.59E316B297EA93B08C0999C209817127.e.6398","ELEMENT":"f.093A703FE9E59CF09BD9C73E01D6E334.d.59E316B297EA93B08C0999C209817127.e.6398"}]}
COMMAND: POST /session/4a8a75bcbd0d44f703d13edc121f15a8/element - {"using":"xpath","value":"//table[contains(@id, \"smartFilterBar-filterItemControl_BASIC-YARD-valueHelpDialog-table-table\")]/tbody/tr[2]/td[1]/div/span"}
COMMAND: GET /session/4a8a75bcbd0d44f703d13edc121f15a8/screenshot - {}
RESULT: {"using":"xpath","value":"//table[contains(@id, \"smartFilterBar-filterItemControl_BASIC-YARD-valueHelpDialog-table-table\")]/tbody/tr[2]/td[1]/div/span"}
COMMAND: POST /session/4a8a75bcbd0d44f703d13edc121f15a8/elements - {"using":"xpath","value":"//table[contains(@id, \"smartFilterBar-filterItemControl_BASIC-YARD-valueHelpDialog-table-table\")]/tbody/tr[2]/td[1]/div/span"}
RESULT: {}
RESULT: {"using":"xpath","value":"//table[contains(@id, \"smartFilterBar-filterItemControl_BASIC-YARD-valueHelpDialog-table-table\")]/tbody/tr[2]/td[1]/div/span"}
COMMAND: POST /session/4a8a75bcbd0d44f703d13edc121f15a8/execute/sync - {"script":"<script> [56 bytes]","args":[{"element-6066-11e4-a52e-4f735466cecf":"f.093A703FE9E59CF09BD9C73E01D6E334.d.59E316B297EA93B08C0999C209817127.e.6399","ELEMENT":"f.093A703FE9E59CF09BD9C73E01D6E334.d.59E316B297EA93B08C0999C209817127.e.6399"}]}
RESULT: {"script":"<script> [56 bytes]","args":[{"element-6066-11e4-a52e-4f735466cecf":"f.093A703FE9E59CF09BD9C73E01D6E334.d.59E316B297EA93B08C0999C209817127.e.6399","ELEMENT":"f.093A703FE9E59CF09BD9C73E01D6E334.d.59E316B297EA93B08C0999C209817127.e.6399"}]}
COMMAND: POST /session/4a8a75bcbd0d44f703d13edc121f15a8/element - {"using":"xpath","value":"//table[contains(@id, \"smartFilterBar-filterItemControl_BASIC-YARD-valueHelpDialog-table-table\")]/tbody/tr[3]/td[1]/div/span"}
COMMAND: GET /session/4a8a75bcbd0d44f703d13edc121f15a8/screenshot - {}
RESULT: {"using":"xpath","value":"//table[contains(@id, \"smartFilterBar-filterItemControl_BASIC-YARD-valueHelpDialog-table-table\")]/tbody/tr[3]/td[1]/div/span"}
COMMAND: POST /session/4a8a75bcbd0d44f703d13edc121f15a8/elements - {"using":"xpath","value":"//table[contains(@id, \"smartFilterBar-filterItemControl_BASIC-YARD-valueHelpDialog-table-table\")]/tbody/tr[3]/td[1]/div/span"}
RESULT: {}
RESULT: {"using":"xpath","value":"//table[contains(@id, \"smartFilterBar-filterItemControl_BASIC-YARD-valueHelpDialog-table-table\")]/tbody/tr[3]/td[1]/div/span"}
COMMAND: POST /session/4a8a75bcbd0d44f703d13edc121f15a8/execute/sync - {"script":"<script> [56 bytes]","args":[{"element-6066-11e4-a52e-4f735466cecf":"f.093A703FE9E59CF09BD9C73E01D6E334.d.59E316B297EA93B08C0999C209817127.e.6400","ELEMENT":"f.093A703FE9E59CF09BD9C73E01D6E334.d.59E316B297EA93B08C0999C209817127.e.6400"}]}
RESULT: {"script":"<script> [56 bytes]","args":[{"element-6066-11e4-a52e-4f735466cecf":"f.093A703FE9E59CF09BD9C73E01D6E334.d.59E316B297EA93B08C0999C209817127.e.6400","ELEMENT":"f.093A703FE9E59CF09BD9C73E01D6E334.d.59E316B297EA93B08C0999C209817127.e.6400"}]}
COMMAND: POST /session/4a8a75bcbd0d44f703d13edc121f15a8/element - {"using":"xpath","value":"//div[contains(@id, \"filterItemControl_BASIC-YARD-valueHelpDialog-table-rowsel2\")]"}
COMMAND: GET /session/4a8a75bcbd0d44f703d13edc121f15a8/screenshot - {}
RESULT: {"using":"xpath","value":"//div[contains(@id, \"filterItemControl_BASIC-YARD-valueHelpDialog-table-rowsel2\")]"}
COMMAND: POST /session/4a8a75bcbd0d44f703d13edc121f15a8/element/f.093A703FE9E59CF09BD9C73E01D6E334.d.59E316B297EA93B08C0999C209817127.e.6401/click - {}
RESULT: {}
RESULT: {}
COMMAND: GET /session/4a8a75bcbd0d44f703d13edc121f15a8/screenshot - {}
RESULT: {}
COMMAND: POST /session/4a8a75bcbd0d44f703d13edc121f15a8/element - {"using":"xpath","value":"(//bdi[contains(text(), \"OK\")])[1]"}
RESULT: {"using":"xpath","value":"(//bdi[contains(text(), \"OK\")])[1]"}
COMMAND: POST /session/4a8a75bcbd0d44f703d13edc121f15a8/element/f.093A703FE9E59CF09BD9C73E01D6E334.d.59E316B297EA93B08C0999C209817127.e.6403/click - {}
RESULT: {}
COMMAND: GET /session/4a8a75bcbd0d44f703d13edc121f15a8/screenshot - {}
RESULT: {}
COMMAND: POST /session/4a8a75bcbd0d44f703d13edc121f15a8/element - {"using":"xpath","value":"//span[@id=\"application-managepartners-display-component---masterPtm--smartTable-header-inner\"]"}
RESULT: {"using":"xpath","value":"//span[@id=\"application-managepartners-display-component---masterPtm--smartTable-header-inner\"]"}
COMMAND: POST /session/4a8a75bcbd0d44f703d13edc121f15a8/elements - {"using":"xpath","value":"//span[@id=\"application-managepartners-display-component---masterPtm--smartTable-header-inner\"]"}
RESULT: {"using":"xpath","value":"//span[@id=\"application-managepartners-display-component---masterPtm--smartTable-header-inner\"]"}
COMMAND: POST /session/4a8a75bcbd0d44f703d13edc121f15a8/execute/sync - {"script":"<script> [56 bytes]","args":[{"element-6066-11e4-a52e-4f735466cecf":"f.093A703FE9E59CF09BD9C73E01D6E334.d.59E316B297EA93B08C0999C209817127.e.6067","ELEMENT":"f.093A703FE9E59CF09BD9C73E01D6E334.d.59E316B297EA93B08C0999C209817127.e.6067"}]}
RESULT: {"script":"<script> [56 bytes]","args":[{"element-6066-11e4-a52e-4f735466cecf":"f.093A703FE9E59CF09BD9C73E01D6E334.d.59E316B297EA93B08C0999C209817127.e.6067","ELEMENT":"f.093A703FE9E59CF09BD9C73E01D6E334.d.59E316B297EA93B08C0999C209817127.e.6067"}]}
COMMAND: POST /session/4a8a75bcbd0d44f703d13edc121f15a8/element - {"using":"xpath","value":"//span[contains(@title, \"Remove\")]"}
COMMAND: GET /session/4a8a75bcbd0d44f703d13edc121f15a8/screenshot - {}
RESULT: {"using":"xpath","value":"//span[contains(@title, \"Remove\")]"}
COMMAND: POST /session/4a8a75bcbd0d44f703d13edc121f15a8/element/f.093A703FE9E59CF09BD9C73E01D6E334.d.59E316B297EA93B08C0999C209817127.e.6417/click - {}
RESULT: {}
RESULT: {}
COMMAND: GET /session/4a8a75bcbd0d44f703d13edc121f15a8/screenshot - {}
RESULT: {}
COMMAND: POST /session/4a8a75bcbd0d44f703d13edc121f15a8/element - {"using":"xpath","value":"//span[@id=\"application-managepartners-display-component---masterPtm--smartTable-header-inner\"]"}
RESULT: {"using":"xpath","value":"//span[@id=\"application-managepartners-display-component---masterPtm--smartTable-header-inner\"]"}
COMMAND: POST /session/4a8a75bcbd0d44f703d13edc121f15a8/elements - {"using":"xpath","value":"//span[@id=\"application-managepartners-display-component---masterPtm--smartTable-header-inner\"]"}
RESULT: {"using":"xpath","value":"//span[@id=\"application-managepartners-display-component---masterPtm--smartTable-header-inner\"]"}
COMMAND: POST /session/4a8a75bcbd0d44f703d13edc121f15a8/execute/sync - {"script":"<script> [56 bytes]","args":[{"element-6066-11e4-a52e-4f735466cecf":"f.093A703FE9E59CF09BD9C73E01D6E334.d.59E316B297EA93B08C0999C209817127.e.6067","ELEMENT":"f.093A703FE9E59CF09BD9C73E01D6E334.d.59E316B297EA93B08C0999C209817127.e.6067"}]}
RESULT: {"script":"<script> [56 bytes]","args":[{"element-6066-11e4-a52e-4f735466cecf":"f.093A703FE9E59CF09BD9C73E01D6E334.d.59E316B297EA93B08C0999C209817127.e.6067","ELEMENT":"f.093A703FE9E59CF09BD9C73E01D6E334.d.59E316B297EA93B08C0999C209817127.e.6067"}]}
COMMAND: POST /session/4a8a75bcbd0d44f703d13edc121f15a8/execute/async - {"script":"<script> [1562 bytes]","args":[{"selector":{"id":"application-managepartners-display-component---masterPtm--smartFilterBar-filterItemControl_BASIC-ALL_TAGS-vhi"},"wdio_ui5_key":"applicationmanagepartners-display-component---masterPtm--smartFilterBar-filterItemControl_BASIC-ALL_TAGS-vhi"}]}
COMMAND: GET /session/4a8a75bcbd0d44f703d13edc121f15a8/screenshot - {}
RESULT: {"script":"<script> [1562 bytes]","args":[{"selector":{"id":"application-managepartners-display-component---masterPtm--smartFilterBar-filterItemControl_BASIC-ALL_TAGS-vhi"},"wdio_ui5_key":"applicationmanagepartners-display-component---masterPtm--smartFilterBar-filterItemControl_BASIC-ALL_TAGS-vhi"}]}
RESULT: undefined
COMMAND: POST /session/4a8a75bcbd0d44f703d13edc121f15a8/element - {"using":"xpath","value":"//*[@id=\"application-managepartners-display-component---masterPtm--smartFilterBar-filterItemControl_BASIC-ALL_TAGS-vhi\"]"}
RESULT: {}
RESULT: {"using":"xpath","value":"//*[@id=\"application-managepartners-display-component---masterPtm--smartFilterBar-filterItemControl_BASIC-ALL_TAGS-vhi\"]"}
COMMAND: POST /session/4a8a75bcbd0d44f703d13edc121f15a8/element/f.093A703FE9E59CF09BD9C73E01D6E334.d.59E316B297EA93B08C0999C209817127.e.6519/click - {}
RESULT: {}
COMMAND: GET /session/4a8a75bcbd0d44f703d13edc121f15a8/screenshot - {}
RESULT: {}
COMMAND: POST /session/4a8a75bcbd0d44f703d13edc121f15a8/execute/async - {"script":"<script> [1562 bytes]","args":[{"selector":{"id":"application-managepartners-display-component---masterPtm--smartFilterBar-filterItemControl_BASIC-ALL_TAGS-valueHelpDialog-smartFilterBar-btnBasicSearch","searchOpenDialogs":true,"interaction":{"idSuffix":"I"}},"wdio_ui5_key":"applicationmanagepartners-display-component---masterPtm--smartFilterBar-filterItemControl_BASIC-ALL_TAGS-valueHelpDialog-smartFilterBar-btnBasicSearch"}]}
RESULT: {"script":"<script> [1562 bytes]","args":[{"selector":{"id":"application-managepartners-display-component---masterPtm--smartFilterBar-filterItemControl_BASIC-ALL_TAGS-valueHelpDialog-smartFilterBar-btnBasicSearch","searchOpenDialogs":true,"interaction":{"idSuffix":"I"}},"wdio_ui5_key":"applicationmanagepartners-display-component---masterPtm--smartFilterBar-filterItemControl_BASIC-ALL_TAGS-valueHelpDialog-smartFilterBar-btnBasicSearch"}]}
RESULT: undefined
COMMAND: POST /session/4a8a75bcbd0d44f703d13edc121f15a8/execute/async - {"script":"<script> [776 bytes]","args":[{"enterText":"test-tag-1","selector":{"id":"application-managepartners-display-component---masterPtm--smartFilterBar-filterItemControl_BASIC-ALL_TAGS-valueHelpDialog-smartFilterBar-btnBasicSearch","searchOpenDialogs":true,"interaction":{"idSuffix":"I"}},"clearTextFirst":true,"interactionType":"ENTER_TEXT"}]}
RESULT: {"script":"<script> [776 bytes]","args":[{"enterText":"test-tag-1","selector":{"id":"application-managepartners-display-component---masterPtm--smartFilterBar-filterItemControl_BASIC-ALL_TAGS-valueHelpDialog-smartFilterBar-btnBasicSearch","searchOpenDialogs":true,"interaction":{"idSuffix":"I"}},"clearTextFirst":true,"interactionType":"ENTER_TEXT"}]}
COMMAND: POST /session/4a8a75bcbd0d44f703d13edc121f15a8/actions - {"actions":[{"id":"action20","type":"key","parameters":{},"actions":[{"type":"keyDown","value":""},{"type":"pause","duration":10},{"type":"keyUp","value":""}]}]}
RESULT: {"actions":[{"id":"action20","type":"key","parameters":{},"actions":[{"type":"keyDown","value":""},{"type":"pause","duration":10},{"type":"keyUp","value":""}]}]}
COMMAND: POST /session/4a8a75bcbd0d44f703d13edc121f15a8/elements - {"using":"xpath","value":"//table[contains(@id, \"smartFilterBar-filterItemControl_BASIC-ALL_TAGS-valueHelpDialog-table-table\")]/tbody/tr"}
COMMAND: GET /session/4a8a75bcbd0d44f703d13edc121f15a8/screenshot - {}
RESULT: {"using":"xpath","value":"//table[contains(@id, \"smartFilterBar-filterItemControl_BASIC-ALL_TAGS-valueHelpDialog-table-table\")]/tbody/tr"}
COMMAND: POST /session/4a8a75bcbd0d44f703d13edc121f15a8/element - {"using":"xpath","value":"//table[contains(@id, \"smartFilterBar-filterItemControl_BASIC-ALL_TAGS-valueHelpDialog-table-table\")]/tbody/tr[1]/td[1]/div/span"}
RESULT: {}
RESULT: {"using":"xpath","value":"//table[contains(@id, \"smartFilterBar-filterItemControl_BASIC-ALL_TAGS-valueHelpDialog-table-table\")]/tbody/tr[1]/td[1]/div/span"}
COMMAND: POST /session/4a8a75bcbd0d44f703d13edc121f15a8/elements - {"using":"xpath","value":"//table[contains(@id, \"smartFilterBar-filterItemControl_BASIC-ALL_TAGS-valueHelpDialog-table-table\")]/tbody/tr[1]/td[1]/div/span"}
RESULT: {"using":"xpath","value":"//table[contains(@id, \"smartFilterBar-filterItemControl_BASIC-ALL_TAGS-valueHelpDialog-table-table\")]/tbody/tr[1]/td[1]/div/span"}
COMMAND: POST /session/4a8a75bcbd0d44f703d13edc121f15a8/execute/sync - {"script":"<script> [56 bytes]","args":[{"element-6066-11e4-a52e-4f735466cecf":"f.093A703FE9E59CF09BD9C73E01D6E334.d.59E316B297EA93B08C0999C209817127.e.6541","ELEMENT":"f.093A703FE9E59CF09BD9C73E01D6E334.d.59E316B297EA93B08C0999C209817127.e.6541"}]}
RESULT: {"script":"<script> [56 bytes]","args":[{"element-6066-11e4-a52e-4f735466cecf":"f.093A703FE9E59CF09BD9C73E01D6E334.d.59E316B297EA93B08C0999C209817127.e.6541","ELEMENT":"f.093A703FE9E59CF09BD9C73E01D6E334.d.59E316B297EA93B08C0999C209817127.e.6541"}]}
COMMAND: POST /session/4a8a75bcbd0d44f703d13edc121f15a8/element - {"using":"xpath","value":"//div[contains(@id, \"filterItemControl_BASIC-ALL_TAGS-valueHelpDialog-table-rowsel0\")]"}
COMMAND: GET /session/4a8a75bcbd0d44f703d13edc121f15a8/screenshot - {}
RESULT: {"using":"xpath","value":"//div[contains(@id, \"filterItemControl_BASIC-ALL_TAGS-valueHelpDialog-table-rowsel0\")]"}
COMMAND: POST /session/4a8a75bcbd0d44f703d13edc121f15a8/element/f.093A703FE9E59CF09BD9C73E01D6E334.d.59E316B297EA93B08C0999C209817127.e.6542/click - {}
RESULT: {}
RESULT: {}
COMMAND: GET /session/4a8a75bcbd0d44f703d13edc121f15a8/screenshot - {}
RESULT: {}
COMMAND: POST /session/4a8a75bcbd0d44f703d13edc121f15a8/element - {"using":"xpath","value":"(//bdi[contains(text(), \"OK\")])[1]"}
RESULT: {"using":"xpath","value":"(//bdi[contains(text(), \"OK\")])[1]"}
COMMAND: POST /session/4a8a75bcbd0d44f703d13edc121f15a8/element/f.093A703FE9E59CF09BD9C73E01D6E334.d.59E316B297EA93B08C0999C209817127.e.6544/click - {}
RESULT: {}
COMMAND: GET /session/4a8a75bcbd0d44f703d13edc121f15a8/screenshot - {}
RESULT: {}
COMMAND: POST /session/4a8a75bcbd0d44f703d13edc121f15a8/element - {"using":"xpath","value":"//span[@id=\"application-managepartners-display-component---masterPtm--smartTable-header-inner\"]"}
RESULT: {"using":"xpath","value":"//span[@id=\"application-managepartners-display-component---masterPtm--smartTable-header-inner\"]"}
COMMAND: POST /session/4a8a75bcbd0d44f703d13edc121f15a8/elements - {"using":"xpath","value":"//span[@id=\"application-managepartners-display-component---masterPtm--smartTable-header-inner\"]"}
RESULT: {"using":"xpath","value":"//span[@id=\"application-managepartners-display-component---masterPtm--smartTable-header-inner\"]"}
COMMAND: POST /session/4a8a75bcbd0d44f703d13edc121f15a8/execute/sync - {"script":"<script> [56 bytes]","args":[{"element-6066-11e4-a52e-4f735466cecf":"f.093A703FE9E59CF09BD9C73E01D6E334.d.59E316B297EA93B08C0999C209817127.e.6067","ELEMENT":"f.093A703FE9E59CF09BD9C73E01D6E334.d.59E316B297EA93B08C0999C209817127.e.6067"}]}
RESULT: {"script":"<script> [56 bytes]","args":[{"element-6066-11e4-a52e-4f735466cecf":"f.093A703FE9E59CF09BD9C73E01D6E334.d.59E316B297EA93B08C0999C209817127.e.6067","ELEMENT":"f.093A703FE9E59CF09BD9C73E01D6E334.d.59E316B297EA93B08C0999C209817127.e.6067"}]}
COMMAND: POST /session/4a8a75bcbd0d44f703d13edc121f15a8/element - {"using":"xpath","value":"//span[contains(@title, \"Remove\")]"}
COMMAND: GET /session/4a8a75bcbd0d44f703d13edc121f15a8/screenshot - {}
RESULT: {"using":"xpath","value":"//span[contains(@title, \"Remove\")]"}
COMMAND: POST /session/4a8a75bcbd0d44f703d13edc121f15a8/element/f.093A703FE9E59CF09BD9C73E01D6E334.d.59E316B297EA93B08C0999C209817127.e.6566/click - {}
RESULT: {}
RESULT: {}
COMMAND: GET /session/4a8a75bcbd0d44f703d13edc121f15a8/screenshot - {}
RESULT: {}
COMMAND: POST /session/4a8a75bcbd0d44f703d13edc121f15a8/execute/async - {"script":"<script> [1562 bytes]","args":[{"selector":{"id":"application-managepartners-display-component---masterPtm--partnerTypes-arrow"},"wdio_ui5_key":"applicationmanagepartners-display-component---masterPtm--partnerTypes-arrow"}]}
RESULT: {"script":"<script> [1562 bytes]","args":[{"selector":{"id":"application-managepartners-display-component---masterPtm--partnerTypes-arrow"},"wdio_ui5_key":"applicationmanagepartners-display-component---masterPtm--partnerTypes-arrow"}]}
RESULT: undefined
COMMAND: POST /session/4a8a75bcbd0d44f703d13edc121f15a8/element - {"using":"xpath","value":"//*[@id=\"application-managepartners-display-component---masterPtm--partnerTypes-arrow\"]"}
RESULT: {"using":"xpath","value":"//*[@id=\"application-managepartners-display-component---masterPtm--partnerTypes-arrow\"]"}
COMMAND: POST /session/4a8a75bcbd0d44f703d13edc121f15a8/element/f.093A703FE9E59CF09BD9C73E01D6E334.d.59E316B297EA93B08C0999C209817127.e.6668/click - {}
RESULT: {}
COMMAND: GET /session/4a8a75bcbd0d44f703d13edc121f15a8/screenshot - {}
RESULT: {}
COMMAND: POST /session/4a8a75bcbd0d44f703d13edc121f15a8/element - {"using":"xpath","value":"//li[.//span[text()=\"External partner\"]]//div[contains(@class,\"sapMCbBg\")]"}
RESULT: {"using":"xpath","value":"//li[.//span[text()=\"External partner\"]]//div[contains(@class,\"sapMCbBg\")]"}
COMMAND: POST /session/4a8a75bcbd0d44f703d13edc121f15a8/element/f.093A703FE9E59CF09BD9C73E01D6E334.d.59E316B297EA93B08C0999C209817127.e.6673/click - {}
RESULT: {}
COMMAND: GET /session/4a8a75bcbd0d44f703d13edc121f15a8/screenshot - {}
RESULT: {}
COMMAND: POST /session/4a8a75bcbd0d44f703d13edc121f15a8/element - {"using":"xpath","value":"//div[contains(@id,\"application-managepartners-display-component---masterPtm--smartFilterBar-btnBasicSearch-search\")]"}
RESULT: {"using":"xpath","value":"//div[contains(@id,\"application-managepartners-display-component---masterPtm--smartFilterBar-btnBasicSearch-search\")]"}
COMMAND: POST /session/4a8a75bcbd0d44f703d13edc121f15a8/element/f.093A703FE9E59CF09BD9C73E01D6E334.d.59E316B297EA93B08C0999C209817127.e.6723/click - {}
RESULT: {}
COMMAND: GET /session/4a8a75bcbd0d44f703d13edc121f15a8/screenshot - {}
RESULT: {}
COMMAND: POST /session/4a8a75bcbd0d44f703d13edc121f15a8/element - {"using":"xpath","value":"//span[@id=\"application-managepartners-display-component---masterPtm--smartTable-header-inner\"]"}
RESULT: {"using":"xpath","value":"//span[@id=\"application-managepartners-display-component---masterPtm--smartTable-header-inner\"]"}
COMMAND: POST /session/4a8a75bcbd0d44f703d13edc121f15a8/elements - {"using":"xpath","value":"//span[@id=\"application-managepartners-display-component---masterPtm--smartTable-header-inner\"]"}
RESULT: {"using":"xpath","value":"//span[@id=\"application-managepartners-display-component---masterPtm--smartTable-header-inner\"]"}
COMMAND: POST /session/4a8a75bcbd0d44f703d13edc121f15a8/execute/sync - {"script":"<script> [56 bytes]","args":[{"element-6066-11e4-a52e-4f735466cecf":"f.093A703FE9E59CF09BD9C73E01D6E334.d.59E316B297EA93B08C0999C209817127.e.6067","ELEMENT":"f.093A703FE9E59CF09BD9C73E01D6E334.d.59E316B297EA93B08C0999C209817127.e.6067"}]}
RESULT: {"script":"<script> [56 bytes]","args":[{"element-6066-11e4-a52e-4f735466cecf":"f.093A703FE9E59CF09BD9C73E01D6E334.d.59E316B297EA93B08C0999C209817127.e.6067","ELEMENT":"f.093A703FE9E59CF09BD9C73E01D6E334.d.59E316B297EA93B08C0999C209817127.e.6067"}]}
COMMAND: POST /session/4a8a75bcbd0d44f703d13edc121f15a8/element - {"using":"xpath","value":"//span[contains(@title, \"Remove\")]"}
COMMAND: GET /session/4a8a75bcbd0d44f703d13edc121f15a8/screenshot - {}
RESULT: {"using":"xpath","value":"//span[contains(@title, \"Remove\")]"}
COMMAND: POST /session/4a8a75bcbd0d44f703d13edc121f15a8/element/f.093A703FE9E59CF09BD9C73E01D6E334.d.59E316B297EA93B08C0999C209817127.e.6727/click - {}
RESULT: {}
RESULT: {}
COMMAND: GET /session/4a8a75bcbd0d44f703d13edc121f15a8/screenshot - {}
RESULT: {}
COMMAND: POST /session/4a8a75bcbd0d44f703d13edc121f15a8/execute/async - {"script":"<script> [1562 bytes]","args":[{"selector":{"id":"application-managepartners-display-component---masterPtm--smartFilterBar-btnFilters","interaction":{"idSuffix":"BDI-content"}},"wdio_ui5_key":"applicationmanagepartners-display-component---masterPtm--smartFilterBar-btnFilters"}]}
RESULT: {"script":"<script> [1562 bytes]","args":[{"selector":{"id":"application-managepartners-display-component---masterPtm--smartFilterBar-btnFilters","interaction":{"idSuffix":"BDI-content"}},"wdio_ui5_key":"applicationmanagepartners-display-component---masterPtm--smartFilterBar-btnFilters"}]}
RESULT: undefined
COMMAND: POST /session/4a8a75bcbd0d44f703d13edc121f15a8/element - {"using":"xpath","value":"//*[@id=\"application-managepartners-display-component---masterPtm--smartFilterBar-btnFilters\"]"}
RESULT: {"using":"xpath","value":"//*[@id=\"application-managepartners-display-component---masterPtm--smartFilterBar-btnFilters\"]"}
COMMAND: POST /session/4a8a75bcbd0d44f703d13edc121f15a8/element/f.093A703FE9E59CF09BD9C73E01D6E334.d.59E316B297EA93B08C0999C209817127.e.5918/click - {}
RESULT: {}
COMMAND: GET /session/4a8a75bcbd0d44f703d13edc121f15a8/screenshot - {}
RESULT: {}
COMMAND: POST /session/4a8a75bcbd0d44f703d13edc121f15a8/elements - {"using":"xpath","value":"//table[contains(@id, \"listView-innerSelectionPanelTable-listUl\")]/tbody/tr"}
RESULT: {"using":"xpath","value":"//table[contains(@id, \"listView-innerSelectionPanelTable-listUl\")]/tbody/tr"}
COMMAND: POST /session/4a8a75bcbd0d44f703d13edc121f15a8/element - {"using":"xpath","value":"//table[contains(@id, \"listView-innerSelectionPanelTable-listUl\")]/tbody/tr[2]/td[2]/div/div"}
RESULT: {"using":"xpath","value":"//table[contains(@id, \"listView-innerSelectionPanelTable-listUl\")]/tbody/tr[2]/td[2]/div/div"}
COMMAND: POST /session/4a8a75bcbd0d44f703d13edc121f15a8/element - {"using":"xpath","value":"//table[contains(@id, \"listView-innerSelectionPanelTable-listUl\")]/tbody/tr[2]/td[2]/div"}
RESULT: {"using":"xpath","value":"//table[contains(@id, \"listView-innerSelectionPanelTable-listUl\")]/tbody/tr[2]/td[2]/div"}
COMMAND: POST /session/4a8a75bcbd0d44f703d13edc121f15a8/element - {"using":"xpath","value":"//table[contains(@id, \"listView-innerSelectionPanelTable-listUl\")]/tbody/tr[2]/td[3]/div/div/span/span[1]/bdi"}
RESULT: {"using":"xpath","value":"//table[contains(@id, \"listView-innerSelectionPanelTable-listUl\")]/tbody/tr[2]/td[3]/div/div/span/span[1]/bdi"}
COMMAND: POST /session/4a8a75bcbd0d44f703d13edc121f15a8/execute/sync - {"script":"<script> [56 bytes]","args":[{"element-6066-11e4-a52e-4f735466cecf":"f.093A703FE9E59CF09BD9C73E01D6E334.d.59E316B297EA93B08C0999C209817127.e.6839","ELEMENT":"f.093A703FE9E59CF09BD9C73E01D6E334.d.59E316B297EA93B08C0999C209817127.e.6839"}]}
RESULT: {"script":"<script> [56 bytes]","args":[{"element-6066-11e4-a52e-4f735466cecf":"f.093A703FE9E59CF09BD9C73E01D6E334.d.59E316B297EA93B08C0999C209817127.e.6839","ELEMENT":"f.093A703FE9E59CF09BD9C73E01D6E334.d.59E316B297EA93B08C0999C209817127.e.6839"}]}
COMMAND: GET /session/4a8a75bcbd0d44f703d13edc121f15a8/element/f.093A703FE9E59CF09BD9C73E01D6E334.d.59E316B297EA93B08C0999C209817127.e.6838/attribute/aria-checked - {}
COMMAND: GET /session/4a8a75bcbd0d44f703d13edc121f15a8/screenshot - {}
RESULT: {}
COMMAND: POST /session/4a8a75bcbd0d44f703d13edc121f15a8/element - {"using":"xpath","value":"//table[contains(@id, \"listView-innerSelectionPanelTable-listUl\")]/tbody/tr[3]/td[2]/div/div"}
RESULT: {}
RESULT: {"using":"xpath","value":"//table[contains(@id, \"listView-innerSelectionPanelTable-listUl\")]/tbody/tr[3]/td[2]/div/div"}
COMMAND: POST /session/4a8a75bcbd0d44f703d13edc121f15a8/element - {"using":"xpath","value":"//table[contains(@id, \"listView-innerSelectionPanelTable-listUl\")]/tbody/tr[3]/td[2]/div"}
RESULT: {"using":"xpath","value":"//table[contains(@id, \"listView-innerSelectionPanelTable-listUl\")]/tbody/tr[3]/td[2]/div"}
COMMAND: POST /session/4a8a75bcbd0d44f703d13edc121f15a8/element - {"using":"xpath","value":"//table[contains(@id, \"listView-innerSelectionPanelTable-listUl\")]/tbody/tr[3]/td[3]/div/div/span/span[1]/bdi"}
RESULT: {"using":"xpath","value":"//table[contains(@id, \"listView-innerSelectionPanelTable-listUl\")]/tbody/tr[3]/td[3]/div/div/span/span[1]/bdi"}
COMMAND: POST /session/4a8a75bcbd0d44f703d13edc121f15a8/execute/sync - {"script":"<script> [56 bytes]","args":[{"element-6066-11e4-a52e-4f735466cecf":"f.093A703FE9E59CF09BD9C73E01D6E334.d.59E316B297EA93B08C0999C209817127.e.6842","ELEMENT":"f.093A703FE9E59CF09BD9C73E01D6E334.d.59E316B297EA93B08C0999C209817127.e.6842"}]}
RESULT: {"script":"<script> [56 bytes]","args":[{"element-6066-11e4-a52e-4f735466cecf":"f.093A703FE9E59CF09BD9C73E01D6E334.d.59E316B297EA93B08C0999C209817127.e.6842","ELEMENT":"f.093A703FE9E59CF09BD9C73E01D6E334.d.59E316B297EA93B08C0999C209817127.e.6842"}]}
COMMAND: GET /session/4a8a75bcbd0d44f703d13edc121f15a8/element/f.093A703FE9E59CF09BD9C73E01D6E334.d.59E316B297EA93B08C0999C209817127.e.6841/attribute/aria-checked - {}
COMMAND: GET /session/4a8a75bcbd0d44f703d13edc121f15a8/screenshot - {}
RESULT: {}
COMMAND: POST /session/4a8a75bcbd0d44f703d13edc121f15a8/element - {"using":"xpath","value":"//table[contains(@id, \"listView-innerSelectionPanelTable-listUl\")]/tbody/tr[4]/td[2]/div/div"}
RESULT: {}
RESULT: {"using":"xpath","value":"//table[contains(@id, \"listView-innerSelectionPanelTable-listUl\")]/tbody/tr[4]/td[2]/div/div"}
COMMAND: POST /session/4a8a75bcbd0d44f703d13edc121f15a8/element - {"using":"xpath","value":"//table[contains(@id, \"listView-innerSelectionPanelTable-listUl\")]/tbody/tr[4]/td[2]/div"}
RESULT: {"using":"xpath","value":"//table[contains(@id, \"listView-innerSelectionPanelTable-listUl\")]/tbody/tr[4]/td[2]/div"}
COMMAND: POST /session/4a8a75bcbd0d44f703d13edc121f15a8/element - {"using":"xpath","value":"//table[contains(@id, \"listView-innerSelectionPanelTable-listUl\")]/tbody/tr[4]/td[3]/div/div/span/span[1]/bdi"}
RESULT: {"using":"xpath","value":"//table[contains(@id, \"listView-innerSelectionPanelTable-listUl\")]/tbody/tr[4]/td[3]/div/div/span/span[1]/bdi"}
COMMAND: POST /session/4a8a75bcbd0d44f703d13edc121f15a8/execute/sync - {"script":"<script> [56 bytes]","args":[{"element-6066-11e4-a52e-4f735466cecf":"f.093A703FE9E59CF09BD9C73E01D6E334.d.59E316B297EA93B08C0999C209817127.e.6845","ELEMENT":"f.093A703FE9E59CF09BD9C73E01D6E334.d.59E316B297EA93B08C0999C209817127.e.6845"}]}
RESULT: {"script":"<script> [56 bytes]","args":[{"element-6066-11e4-a52e-4f735466cecf":"f.093A703FE9E59CF09BD9C73E01D6E334.d.59E316B297EA93B08C0999C209817127.e.6845","ELEMENT":"f.093A703FE9E59CF09BD9C73E01D6E334.d.59E316B297EA93B08C0999C209817127.e.6845"}]}
COMMAND: GET /session/4a8a75bcbd0d44f703d13edc121f15a8/element/f.093A703FE9E59CF09BD9C73E01D6E334.d.59E316B297EA93B08C0999C209817127.e.6844/attribute/aria-checked - {}
COMMAND: GET /session/4a8a75bcbd0d44f703d13edc121f15a8/screenshot - {}
RESULT: {}
COMMAND: POST /session/4a8a75bcbd0d44f703d13edc121f15a8/element - {"using":"xpath","value":"//table[contains(@id, \"listView-innerSelectionPanelTable-listUl\")]/tbody/tr[5]/td[2]/div/div"}
RESULT: {}
RESULT: {"using":"xpath","value":"//table[contains(@id, \"listView-innerSelectionPanelTable-listUl\")]/tbody/tr[5]/td[2]/div/div"}
COMMAND: POST /session/4a8a75bcbd0d44f703d13edc121f15a8/element - {"using":"xpath","value":"//table[contains(@id, \"listView-innerSelectionPanelTable-listUl\")]/tbody/tr[5]/td[2]/div"}
RESULT: {"using":"xpath","value":"//table[contains(@id, \"listView-innerSelectionPanelTable-listUl\")]/tbody/tr[5]/td[2]/div"}
COMMAND: POST /session/4a8a75bcbd0d44f703d13edc121f15a8/element - {"using":"xpath","value":"//table[contains(@id, \"listView-innerSelectionPanelTable-listUl\")]/tbody/tr[5]/td[3]/div/div/span/span[1]/bdi"}
RESULT: {"using":"xpath","value":"//table[contains(@id, \"listView-innerSelectionPanelTable-listUl\")]/tbody/tr[5]/td[3]/div/div/span/span[1]/bdi"}
COMMAND: POST /session/4a8a75bcbd0d44f703d13edc121f15a8/execute/sync - {"script":"<script> [56 bytes]","args":[{"element-6066-11e4-a52e-4f735466cecf":"f.093A703FE9E59CF09BD9C73E01D6E334.d.59E316B297EA93B08C0999C209817127.e.6848","ELEMENT":"f.093A703FE9E59CF09BD9C73E01D6E334.d.59E316B297EA93B08C0999C209817127.e.6848"}]}
RESULT: {"script":"<script> [56 bytes]","args":[{"element-6066-11e4-a52e-4f735466cecf":"f.093A703FE9E59CF09BD9C73E01D6E334.d.59E316B297EA93B08C0999C209817127.e.6848","ELEMENT":"f.093A703FE9E59CF09BD9C73E01D6E334.d.59E316B297EA93B08C0999C209817127.e.6848"}]}
COMMAND: GET /session/4a8a75bcbd0d44f703d13edc121f15a8/element/f.093A703FE9E59CF09BD9C73E01D6E334.d.59E316B297EA93B08C0999C209817127.e.6847/attribute/aria-checked - {}
COMMAND: GET /session/4a8a75bcbd0d44f703d13edc121f15a8/screenshot - {}
RESULT: {}
COMMAND: POST /session/4a8a75bcbd0d44f703d13edc121f15a8/element - {"using":"xpath","value":"//table[contains(@id, \"listView-innerSelectionPanelTable-listUl\")]/tbody/tr[6]/td[2]/div/div"}
RESULT: {}
RESULT: {"using":"xpath","value":"//table[contains(@id, \"listView-innerSelectionPanelTable-listUl\")]/tbody/tr[6]/td[2]/div/div"}
COMMAND: POST /session/4a8a75bcbd0d44f703d13edc121f15a8/element - {"using":"xpath","value":"//table[contains(@id, \"listView-innerSelectionPanelTable-listUl\")]/tbody/tr[6]/td[2]/div"}
RESULT: {"using":"xpath","value":"//table[contains(@id, \"listView-innerSelectionPanelTable-listUl\")]/tbody/tr[6]/td[2]/div"}
COMMAND: POST /session/4a8a75bcbd0d44f703d13edc121f15a8/element - {"using":"xpath","value":"//table[contains(@id, \"listView-innerSelectionPanelTable-listUl\")]/tbody/tr[6]/td[3]/div/div/span/span[1]/bdi"}
RESULT: {"using":"xpath","value":"//table[contains(@id, \"listView-innerSelectionPanelTable-listUl\")]/tbody/tr[6]/td[3]/div/div/span/span[1]/bdi"}
COMMAND: POST /session/4a8a75bcbd0d44f703d13edc121f15a8/execute/sync - {"script":"<script> [56 bytes]","args":[{"element-6066-11e4-a52e-4f735466cecf":"f.093A703FE9E59CF09BD9C73E01D6E334.d.59E316B297EA93B08C0999C209817127.e.6851","ELEMENT":"f.093A703FE9E59CF09BD9C73E01D6E334.d.59E316B297EA93B08C0999C209817127.e.6851"}]}
RESULT: {"script":"<script> [56 bytes]","args":[{"element-6066-11e4-a52e-4f735466cecf":"f.093A703FE9E59CF09BD9C73E01D6E334.d.59E316B297EA93B08C0999C209817127.e.6851","ELEMENT":"f.093A703FE9E59CF09BD9C73E01D6E334.d.59E316B297EA93B08C0999C209817127.e.6851"}]}
COMMAND: GET /session/4a8a75bcbd0d44f703d13edc121f15a8/element/f.093A703FE9E59CF09BD9C73E01D6E334.d.59E316B297EA93B08C0999C209817127.e.6850/attribute/aria-checked - {}
COMMAND: GET /session/4a8a75bcbd0d44f703d13edc121f15a8/screenshot - {}
RESULT: {}
COMMAND: POST /session/4a8a75bcbd0d44f703d13edc121f15a8/element - {"using":"xpath","value":"//table[contains(@id, \"listView-innerSelectionPanelTable-listUl\")]/tbody/tr[7]/td[2]/div/div"}
RESULT: {}
RESULT: {"using":"xpath","value":"//table[contains(@id, \"listView-innerSelectionPanelTable-listUl\")]/tbody/tr[7]/td[2]/div/div"}
COMMAND: POST /session/4a8a75bcbd0d44f703d13edc121f15a8/element - {"using":"xpath","value":"//table[contains(@id, \"listView-innerSelectionPanelTable-listUl\")]/tbody/tr[7]/td[2]/div"}
RESULT: {"using":"xpath","value":"//table[contains(@id, \"listView-innerSelectionPanelTable-listUl\")]/tbody/tr[7]/td[2]/div"}
COMMAND: POST /session/4a8a75bcbd0d44f703d13edc121f15a8/element - {"using":"xpath","value":"//table[contains(@id, \"listView-innerSelectionPanelTable-listUl\")]/tbody/tr[7]/td[3]/div/div/span/span[1]/bdi"}
RESULT: {"using":"xpath","value":"//table[contains(@id, \"listView-innerSelectionPanelTable-listUl\")]/tbody/tr[7]/td[3]/div/div/span/span[1]/bdi"}
COMMAND: POST /session/4a8a75bcbd0d44f703d13edc121f15a8/execute/sync - {"script":"<script> [56 bytes]","args":[{"element-6066-11e4-a52e-4f735466cecf":"f.093A703FE9E59CF09BD9C73E01D6E334.d.59E316B297EA93B08C0999C209817127.e.6854","ELEMENT":"f.093A703FE9E59CF09BD9C73E01D6E334.d.59E316B297EA93B08C0999C209817127.e.6854"}]}
RESULT: {"script":"<script> [56 bytes]","args":[{"element-6066-11e4-a52e-4f735466cecf":"f.093A703FE9E59CF09BD9C73E01D6E334.d.59E316B297EA93B08C0999C209817127.e.6854","ELEMENT":"f.093A703FE9E59CF09BD9C73E01D6E334.d.59E316B297EA93B08C0999C209817127.e.6854"}]}
COMMAND: GET /session/4a8a75bcbd0d44f703d13edc121f15a8/element/f.093A703FE9E59CF09BD9C73E01D6E334.d.59E316B297EA93B08C0999C209817127.e.6853/attribute/aria-checked - {}
COMMAND: GET /session/4a8a75bcbd0d44f703d13edc121f15a8/screenshot - {}
RESULT: {}
COMMAND: POST /session/4a8a75bcbd0d44f703d13edc121f15a8/element - {"using":"xpath","value":"//table[contains(@id, \"listView-innerSelectionPanelTable-listUl\")]/tbody/tr[8]/td[2]/div/div"}
RESULT: {}
RESULT: {"using":"xpath","value":"//table[contains(@id, \"listView-innerSelectionPanelTable-listUl\")]/tbody/tr[8]/td[2]/div/div"}
COMMAND: POST /session/4a8a75bcbd0d44f703d13edc121f15a8/element - {"using":"xpath","value":"//table[contains(@id, \"listView-innerSelectionPanelTable-listUl\")]/tbody/tr[8]/td[2]/div"}
RESULT: {"using":"xpath","value":"//table[contains(@id, \"listView-innerSelectionPanelTable-listUl\")]/tbody/tr[8]/td[2]/div"}
COMMAND: POST /session/4a8a75bcbd0d44f703d13edc121f15a8/element - {"using":"xpath","value":"//table[contains(@id, \"listView-innerSelectionPanelTable-listUl\")]/tbody/tr[8]/td[3]/div/div/span/span[1]/bdi"}
RESULT: {"using":"xpath","value":"//table[contains(@id, \"listView-innerSelectionPanelTable-listUl\")]/tbody/tr[8]/td[3]/div/div/span/span[1]/bdi"}
COMMAND: POST /session/4a8a75bcbd0d44f703d13edc121f15a8/execute/sync - {"script":"<script> [56 bytes]","args":[{"element-6066-11e4-a52e-4f735466cecf":"f.093A703FE9E59CF09BD9C73E01D6E334.d.59E316B297EA93B08C0999C209817127.e.6857","ELEMENT":"f.093A703FE9E59CF09BD9C73E01D6E334.d.59E316B297EA93B08C0999C209817127.e.6857"}]}
RESULT: {"script":"<script> [56 bytes]","args":[{"element-6066-11e4-a52e-4f735466cecf":"f.093A703FE9E59CF09BD9C73E01D6E334.d.59E316B297EA93B08C0999C209817127.e.6857","ELEMENT":"f.093A703FE9E59CF09BD9C73E01D6E334.d.59E316B297EA93B08C0999C209817127.e.6857"}]}
COMMAND: GET /session/4a8a75bcbd0d44f703d13edc121f15a8/element/f.093A703FE9E59CF09BD9C73E01D6E334.d.59E316B297EA93B08C0999C209817127.e.6856/attribute/aria-checked - {}
COMMAND: GET /session/4a8a75bcbd0d44f703d13edc121f15a8/screenshot - {}
RESULT: {}
COMMAND: POST /session/4a8a75bcbd0d44f703d13edc121f15a8/element - {"using":"xpath","value":"//table[contains(@id, \"listView-innerSelectionPanelTable-listUl\")]/tbody/tr[9]/td[2]/div/div"}
RESULT: {}
RESULT: {"using":"xpath","value":"//table[contains(@id, \"listView-innerSelectionPanelTable-listUl\")]/tbody/tr[9]/td[2]/div/div"}
COMMAND: POST /session/4a8a75bcbd0d44f703d13edc121f15a8/element - {"using":"xpath","value":"//table[contains(@id, \"listView-innerSelectionPanelTable-listUl\")]/tbody/tr[9]/td[2]/div"}
RESULT: {"using":"xpath","value":"//table[contains(@id, \"listView-innerSelectionPanelTable-listUl\")]/tbody/tr[9]/td[2]/div"}
COMMAND: POST /session/4a8a75bcbd0d44f703d13edc121f15a8/element - {"using":"xpath","value":"//table[contains(@id, \"listView-innerSelectionPanelTable-listUl\")]/tbody/tr[9]/td[3]/div/div/span/span[1]/bdi"}
RESULT: {"using":"xpath","value":"//table[contains(@id, \"listView-innerSelectionPanelTable-listUl\")]/tbody/tr[9]/td[3]/div/div/span/span[1]/bdi"}
COMMAND: POST /session/4a8a75bcbd0d44f703d13edc121f15a8/execute/sync - {"script":"<script> [56 bytes]","args":[{"element-6066-11e4-a52e-4f735466cecf":"f.093A703FE9E59CF09BD9C73E01D6E334.d.59E316B297EA93B08C0999C209817127.e.6860","ELEMENT":"f.093A703FE9E59CF09BD9C73E01D6E334.d.59E316B297EA93B08C0999C209817127.e.6860"}]}
RESULT: {"script":"<script> [56 bytes]","args":[{"element-6066-11e4-a52e-4f735466cecf":"f.093A703FE9E59CF09BD9C73E01D6E334.d.59E316B297EA93B08C0999C209817127.e.6860","ELEMENT":"f.093A703FE9E59CF09BD9C73E01D6E334.d.59E316B297EA93B08C0999C209817127.e.6860"}]}
COMMAND: GET /session/4a8a75bcbd0d44f703d13edc121f15a8/element/f.093A703FE9E59CF09BD9C73E01D6E334.d.59E316B297EA93B08C0999C209817127.e.6859/attribute/aria-checked - {}
COMMAND: GET /session/4a8a75bcbd0d44f703d13edc121f15a8/screenshot - {}
RESULT: {}
COMMAND: POST /session/4a8a75bcbd0d44f703d13edc121f15a8/element - {"using":"xpath","value":"//table[contains(@id, \"listView-innerSelectionPanelTable-listUl\")]/tbody/tr[10]/td[2]/div/div"}
RESULT: {}
RESULT: {"using":"xpath","value":"//table[contains(@id, \"listView-innerSelectionPanelTable-listUl\")]/tbody/tr[10]/td[2]/div/div"}
COMMAND: POST /session/4a8a75bcbd0d44f703d13edc121f15a8/element - {"using":"xpath","value":"//table[contains(@id, \"listView-innerSelectionPanelTable-listUl\")]/tbody/tr[10]/td[2]/div"}
RESULT: {"using":"xpath","value":"//table[contains(@id, \"listView-innerSelectionPanelTable-listUl\")]/tbody/tr[10]/td[2]/div"}
COMMAND: POST /session/4a8a75bcbd0d44f703d13edc121f15a8/element - {"using":"xpath","value":"//table[contains(@id, \"listView-innerSelectionPanelTable-listUl\")]/tbody/tr[10]/td[3]/div/div/span/span[1]/bdi"}
RESULT: {"using":"xpath","value":"//table[contains(@id, \"listView-innerSelectionPanelTable-listUl\")]/tbody/tr[10]/td[3]/div/div/span/span[1]/bdi"}
COMMAND: POST /session/4a8a75bcbd0d44f703d13edc121f15a8/execute/sync - {"script":"<script> [56 bytes]","args":[{"element-6066-11e4-a52e-4f735466cecf":"f.093A703FE9E59CF09BD9C73E01D6E334.d.59E316B297EA93B08C0999C209817127.e.6863","ELEMENT":"f.093A703FE9E59CF09BD9C73E01D6E334.d.59E316B297EA93B08C0999C209817127.e.6863"}]}
RESULT: {"script":"<script> [56 bytes]","args":[{"element-6066-11e4-a52e-4f735466cecf":"f.093A703FE9E59CF09BD9C73E01D6E334.d.59E316B297EA93B08C0999C209817127.e.6863","ELEMENT":"f.093A703FE9E59CF09BD9C73E01D6E334.d.59E316B297EA93B08C0999C209817127.e.6863"}]}
COMMAND: GET /session/4a8a75bcbd0d44f703d13edc121f15a8/element/f.093A703FE9E59CF09BD9C73E01D6E334.d.59E316B297EA93B08C0999C209817127.e.6862/attribute/aria-checked - {}
COMMAND: GET /session/4a8a75bcbd0d44f703d13edc121f15a8/screenshot - {}
RESULT: {}
COMMAND: POST /session/4a8a75bcbd0d44f703d13edc121f15a8/element - {"using":"xpath","value":"//table[contains(@id, \"listView-innerSelectionPanelTable-listUl\")]/tbody/tr[11]/td[2]/div/div"}
RESULT: {}
RESULT: {"using":"xpath","value":"//table[contains(@id, \"listView-innerSelectionPanelTable-listUl\")]/tbody/tr[11]/td[2]/div/div"}
COMMAND: POST /session/4a8a75bcbd0d44f703d13edc121f15a8/element - {"using":"xpath","value":"//table[contains(@id, \"listView-innerSelectionPanelTable-listUl\")]/tbody/tr[11]/td[2]/div"}
RESULT: {"using":"xpath","value":"//table[contains(@id, \"listView-innerSelectionPanelTable-listUl\")]/tbody/tr[11]/td[2]/div"}
COMMAND: POST /session/4a8a75bcbd0d44f703d13edc121f15a8/element - {"using":"xpath","value":"//table[contains(@id, \"listView-innerSelectionPanelTable-listUl\")]/tbody/tr[11]/td[3]/div/div/span/span[1]/bdi"}
RESULT: {"using":"xpath","value":"//table[contains(@id, \"listView-innerSelectionPanelTable-listUl\")]/tbody/tr[11]/td[3]/div/div/span/span[1]/bdi"}
COMMAND: POST /session/4a8a75bcbd0d44f703d13edc121f15a8/execute/sync - {"script":"<script> [56 bytes]","args":[{"element-6066-11e4-a52e-4f735466cecf":"f.093A703FE9E59CF09BD9C73E01D6E334.d.59E316B297EA93B08C0999C209817127.e.6866","ELEMENT":"f.093A703FE9E59CF09BD9C73E01D6E334.d.59E316B297EA93B08C0999C209817127.e.6866"}]}
RESULT: {"script":"<script> [56 bytes]","args":[{"element-6066-11e4-a52e-4f735466cecf":"f.093A703FE9E59CF09BD9C73E01D6E334.d.59E316B297EA93B08C0999C209817127.e.6866","ELEMENT":"f.093A703FE9E59CF09BD9C73E01D6E334.d.59E316B297EA93B08C0999C209817127.e.6866"}]}
COMMAND: GET /session/4a8a75bcbd0d44f703d13edc121f15a8/element/f.093A703FE9E59CF09BD9C73E01D6E334.d.59E316B297EA93B08C0999C209817127.e.6865/attribute/aria-checked - {}
COMMAND: GET /session/4a8a75bcbd0d44f703d13edc121f15a8/screenshot - {}
RESULT: {}
COMMAND: POST /session/4a8a75bcbd0d44f703d13edc121f15a8/element - {"using":"xpath","value":"//table[contains(@id, \"listView-innerSelectionPanelTable-listUl\")]/tbody/tr[12]/td[2]/div/div"}
RESULT: {}
RESULT: {"using":"xpath","value":"//table[contains(@id, \"listView-innerSelectionPanelTable-listUl\")]/tbody/tr[12]/td[2]/div/div"}
COMMAND: POST /session/4a8a75bcbd0d44f703d13edc121f15a8/element - {"using":"xpath","value":"//table[contains(@id, \"listView-innerSelectionPanelTable-listUl\")]/tbody/tr[12]/td[2]/div"}
RESULT: {"using":"xpath","value":"//table[contains(@id, \"listView-innerSelectionPanelTable-listUl\")]/tbody/tr[12]/td[2]/div"}
COMMAND: POST /session/4a8a75bcbd0d44f703d13edc121f15a8/element - {"using":"xpath","value":"//table[contains(@id, \"listView-innerSelectionPanelTable-listUl\")]/tbody/tr[12]/td[3]/div/div/span/span[1]/bdi"}
RESULT: {"using":"xpath","value":"//table[contains(@id, \"listView-innerSelectionPanelTable-listUl\")]/tbody/tr[12]/td[3]/div/div/span/span[1]/bdi"}
COMMAND: POST /session/4a8a75bcbd0d44f703d13edc121f15a8/execute/sync - {"script":"<script> [56 bytes]","args":[{"element-6066-11e4-a52e-4f735466cecf":"f.093A703FE9E59CF09BD9C73E01D6E334.d.59E316B297EA93B08C0999C209817127.e.6869","ELEMENT":"f.093A703FE9E59CF09BD9C73E01D6E334.d.59E316B297EA93B08C0999C209817127.e.6869"}]}
RESULT: {"script":"<script> [56 bytes]","args":[{"element-6066-11e4-a52e-4f735466cecf":"f.093A703FE9E59CF09BD9C73E01D6E334.d.59E316B297EA93B08C0999C209817127.e.6869","ELEMENT":"f.093A703FE9E59CF09BD9C73E01D6E334.d.59E316B297EA93B08C0999C209817127.e.6869"}]}
COMMAND: GET /session/4a8a75bcbd0d44f703d13edc121f15a8/element/f.093A703FE9E59CF09BD9C73E01D6E334.d.59E316B297EA93B08C0999C209817127.e.6868/attribute/aria-checked - {}
COMMAND: GET /session/4a8a75bcbd0d44f703d13edc121f15a8/screenshot - {}
RESULT: {}
COMMAND: POST /session/4a8a75bcbd0d44f703d13edc121f15a8/element - {"using":"xpath","value":"//table[contains(@id, \"listView-innerSelectionPanelTable-listUl\")]/tbody/tr[13]/td[2]/div/div"}
RESULT: {}
RESULT: {"using":"xpath","value":"//table[contains(@id, \"listView-innerSelectionPanelTable-listUl\")]/tbody/tr[13]/td[2]/div/div"}
COMMAND: POST /session/4a8a75bcbd0d44f703d13edc121f15a8/element - {"using":"xpath","value":"//table[contains(@id, \"listView-innerSelectionPanelTable-listUl\")]/tbody/tr[13]/td[2]/div"}
RESULT: {"using":"xpath","value":"//table[contains(@id, \"listView-innerSelectionPanelTable-listUl\")]/tbody/tr[13]/td[2]/div"}
COMMAND: POST /session/4a8a75bcbd0d44f703d13edc121f15a8/element - {"using":"xpath","value":"//table[contains(@id, \"listView-innerSelectionPanelTable-listUl\")]/tbody/tr[13]/td[3]/div/div/span/span[1]/bdi"}
RESULT: {"using":"xpath","value":"//table[contains(@id, \"listView-innerSelectionPanelTable-listUl\")]/tbody/tr[13]/td[3]/div/div/span/span[1]/bdi"}
COMMAND: POST /session/4a8a75bcbd0d44f703d13edc121f15a8/execute/sync - {"script":"<script> [56 bytes]","args":[{"element-6066-11e4-a52e-4f735466cecf":"f.093A703FE9E59CF09BD9C73E01D6E334.d.59E316B297EA93B08C0999C209817127.e.6872","ELEMENT":"f.093A703FE9E59CF09BD9C73E01D6E334.d.59E316B297EA93B08C0999C209817127.e.6872"}]}
RESULT: {"script":"<script> [56 bytes]","args":[{"element-6066-11e4-a52e-4f735466cecf":"f.093A703FE9E59CF09BD9C73E01D6E334.d.59E316B297EA93B08C0999C209817127.e.6872","ELEMENT":"f.093A703FE9E59CF09BD9C73E01D6E334.d.59E316B297EA93B08C0999C209817127.e.6872"}]}
COMMAND: GET /session/4a8a75bcbd0d44f703d13edc121f15a8/element/f.093A703FE9E59CF09BD9C73E01D6E334.d.59E316B297EA93B08C0999C209817127.e.6871/attribute/aria-checked - {}
COMMAND: GET /session/4a8a75bcbd0d44f703d13edc121f15a8/screenshot - {}
RESULT: {}
COMMAND: POST /session/4a8a75bcbd0d44f703d13edc121f15a8/element - {"using":"xpath","value":"//table[contains(@id, \"listView-innerSelectionPanelTable-listUl\")]/tbody/tr[14]/td[2]/div/div"}
COMMAND: POST /session/4a8a75bcbd0d44f703d13edc121f15a8/element/f.093A703FE9E59CF09BD9C73E01D6E334.d.59E316B297EA93B08C0999C209817127.e.6870/click - {}
RESULT: {}
RESULT: {"using":"xpath","value":"//table[contains(@id, \"listView-innerSelectionPanelTable-listUl\")]/tbody/tr[14]/td[2]/div/div"}
COMMAND: POST /session/4a8a75bcbd0d44f703d13edc121f15a8/element - {"using":"xpath","value":"//table[contains(@id, \"listView-innerSelectionPanelTable-listUl\")]/tbody/tr[14]/td[2]/div"}
RESULT: {}
COMMAND: GET /session/4a8a75bcbd0d44f703d13edc121f15a8/screenshot - {}
RESULT: {"using":"xpath","value":"//table[contains(@id, \"listView-innerSelectionPanelTable-listUl\")]/tbody/tr[14]/td[2]/div"}
COMMAND: POST /session/4a8a75bcbd0d44f703d13edc121f15a8/element - {"using":"xpath","value":"//table[contains(@id, \"listView-innerSelectionPanelTable-listUl\")]/tbody/tr[14]/td[3]/div/div/span/span[1]/bdi"}
RESULT: {}
RESULT: {"using":"xpath","value":"//table[contains(@id, \"listView-innerSelectionPanelTable-listUl\")]/tbody/tr[14]/td[3]/div/div/span/span[1]/bdi"}
COMMAND: POST /session/4a8a75bcbd0d44f703d13edc121f15a8/execute/sync - {"script":"<script> [56 bytes]","args":[{"element-6066-11e4-a52e-4f735466cecf":"f.093A703FE9E59CF09BD9C73E01D6E334.d.59E316B297EA93B08C0999C209817127.e.6876","ELEMENT":"f.093A703FE9E59CF09BD9C73E01D6E334.d.59E316B297EA93B08C0999C209817127.e.6876"}]}
RESULT: {"script":"<script> [56 bytes]","args":[{"element-6066-11e4-a52e-4f735466cecf":"f.093A703FE9E59CF09BD9C73E01D6E334.d.59E316B297EA93B08C0999C209817127.e.6876","ELEMENT":"f.093A703FE9E59CF09BD9C73E01D6E334.d.59E316B297EA93B08C0999C209817127.e.6876"}]}
COMMAND: GET /session/4a8a75bcbd0d44f703d13edc121f15a8/element/f.093A703FE9E59CF09BD9C73E01D6E334.d.59E316B297EA93B08C0999C209817127.e.6875/attribute/aria-checked - {}
COMMAND: GET /session/4a8a75bcbd0d44f703d13edc121f15a8/screenshot - {}
RESULT: {}
COMMAND: POST /session/4a8a75bcbd0d44f703d13edc121f15a8/element - {"using":"xpath","value":"//table[contains(@id, \"listView-innerSelectionPanelTable-listUl\")]/tbody/tr[15]/td[2]/div/div"}
RESULT: {}
RESULT: {"using":"xpath","value":"//table[contains(@id, \"listView-innerSelectionPanelTable-listUl\")]/tbody/tr[15]/td[2]/div/div"}
COMMAND: POST /session/4a8a75bcbd0d44f703d13edc121f15a8/element - {"using":"xpath","value":"//table[contains(@id, \"listView-innerSelectionPanelTable-listUl\")]/tbody/tr[15]/td[2]/div"}
RESULT: {"using":"xpath","value":"//table[contains(@id, \"listView-innerSelectionPanelTable-listUl\")]/tbody/tr[15]/td[2]/div"}
COMMAND: POST /session/4a8a75bcbd0d44f703d13edc121f15a8/element - {"using":"xpath","value":"//table[contains(@id, \"listView-innerSelectionPanelTable-listUl\")]/tbody/tr[15]/td[3]/div/div/span/span[1]/bdi"}
RESULT: {"using":"xpath","value":"//table[contains(@id, \"listView-innerSelectionPanelTable-listUl\")]/tbody/tr[15]/td[3]/div/div/span/span[1]/bdi"}
COMMAND: POST /session/4a8a75bcbd0d44f703d13edc121f15a8/execute/sync - {"script":"<script> [56 bytes]","args":[{"element-6066-11e4-a52e-4f735466cecf":"f.093A703FE9E59CF09BD9C73E01D6E334.d.59E316B297EA93B08C0999C209817127.e.6879","ELEMENT":"f.093A703FE9E59CF09BD9C73E01D6E334.d.59E316B297EA93B08C0999C209817127.e.6879"}]}
RESULT: {"script":"<script> [56 bytes]","args":[{"element-6066-11e4-a52e-4f735466cecf":"f.093A703FE9E59CF09BD9C73E01D6E334.d.59E316B297EA93B08C0999C209817127.e.6879","ELEMENT":"f.093A703FE9E59CF09BD9C73E01D6E334.d.59E316B297EA93B08C0999C209817127.e.6879"}]}
COMMAND: GET /session/4a8a75bcbd0d44f703d13edc121f15a8/element/f.093A703FE9E59CF09BD9C73E01D6E334.d.59E316B297EA93B08C0999C209817127.e.6878/attribute/aria-checked - {}
COMMAND: GET /session/4a8a75bcbd0d44f703d13edc121f15a8/screenshot - {}
RESULT: {}
COMMAND: POST /session/4a8a75bcbd0d44f703d13edc121f15a8/element - {"using":"xpath","value":"//table[contains(@id, \"listView-innerSelectionPanelTable-listUl\")]/tbody/tr[16]/td[2]/div/div"}
RESULT: {}
RESULT: {"using":"xpath","value":"//table[contains(@id, \"listView-innerSelectionPanelTable-listUl\")]/tbody/tr[16]/td[2]/div/div"}
COMMAND: POST /session/4a8a75bcbd0d44f703d13edc121f15a8/element - {"using":"xpath","value":"//table[contains(@id, \"listView-innerSelectionPanelTable-listUl\")]/tbody/tr[16]/td[2]/div"}
RESULT: {"using":"xpath","value":"//table[contains(@id, \"listView-innerSelectionPanelTable-listUl\")]/tbody/tr[16]/td[2]/div"}
COMMAND: POST /session/4a8a75bcbd0d44f703d13edc121f15a8/element - {"using":"xpath","value":"//table[contains(@id, \"listView-innerSelectionPanelTable-listUl\")]/tbody/tr[16]/td[3]/div/div/span/span[1]/bdi"}
RESULT: {"using":"xpath","value":"//table[contains(@id, \"listView-innerSelectionPanelTable-listUl\")]/tbody/tr[16]/td[3]/div/div/span/span[1]/bdi"}
COMMAND: POST /session/4a8a75bcbd0d44f703d13edc121f15a8/execute/sync - {"script":"<script> [56 bytes]","args":[{"element-6066-11e4-a52e-4f735466cecf":"f.093A703FE9E59CF09BD9C73E01D6E334.d.59E316B297EA93B08C0999C209817127.e.6882","ELEMENT":"f.093A703FE9E59CF09BD9C73E01D6E334.d.59E316B297EA93B08C0999C209817127.e.6882"}]}
RESULT: {"script":"<script> [56 bytes]","args":[{"element-6066-11e4-a52e-4f735466cecf":"f.093A703FE9E59CF09BD9C73E01D6E334.d.59E316B297EA93B08C0999C209817127.e.6882","ELEMENT":"f.093A703FE9E59CF09BD9C73E01D6E334.d.59E316B297EA93B08C0999C209817127.e.6882"}]}
COMMAND: GET /session/4a8a75bcbd0d44f703d13edc121f15a8/element/f.093A703FE9E59CF09BD9C73E01D6E334.d.59E316B297EA93B08C0999C209817127.e.6881/attribute/aria-checked - {}
COMMAND: GET /session/4a8a75bcbd0d44f703d13edc121f15a8/screenshot - {}
RESULT: {}
COMMAND: POST /session/4a8a75bcbd0d44f703d13edc121f15a8/element - {"using":"xpath","value":"//table[contains(@id, \"listView-innerSelectionPanelTable-listUl\")]/tbody/tr[17]/td[2]/div/div"}
RESULT: {}
RESULT: {"using":"xpath","value":"//table[contains(@id, \"listView-innerSelectionPanelTable-listUl\")]/tbody/tr[17]/td[2]/div/div"}
COMMAND: POST /session/4a8a75bcbd0d44f703d13edc121f15a8/element - {"using":"xpath","value":"//table[contains(@id, \"listView-innerSelectionPanelTable-listUl\")]/tbody/tr[17]/td[2]/div"}
RESULT: {"using":"xpath","value":"//table[contains(@id, \"listView-innerSelectionPanelTable-listUl\")]/tbody/tr[17]/td[2]/div"}
COMMAND: POST /session/4a8a75bcbd0d44f703d13edc121f15a8/element - {"using":"xpath","value":"//table[contains(@id, \"listView-innerSelectionPanelTable-listUl\")]/tbody/tr[17]/td[3]/div/div/span/span[1]/bdi"}
RESULT: {"using":"xpath","value":"//table[contains(@id, \"listView-innerSelectionPanelTable-listUl\")]/tbody/tr[17]/td[3]/div/div/span/span[1]/bdi"}
COMMAND: POST /session/4a8a75bcbd0d44f703d13edc121f15a8/execute/sync - {"script":"<script> [56 bytes]","args":[{"element-6066-11e4-a52e-4f735466cecf":"f.093A703FE9E59CF09BD9C73E01D6E334.d.59E316B297EA93B08C0999C209817127.e.6885","ELEMENT":"f.093A703FE9E59CF09BD9C73E01D6E334.d.59E316B297EA93B08C0999C209817127.e.6885"}]}
RESULT: {"script":"<script> [56 bytes]","args":[{"element-6066-11e4-a52e-4f735466cecf":"f.093A703FE9E59CF09BD9C73E01D6E334.d.59E316B297EA93B08C0999C209817127.e.6885","ELEMENT":"f.093A703FE9E59CF09BD9C73E01D6E334.d.59E316B297EA93B08C0999C209817127.e.6885"}]}
COMMAND: GET /session/4a8a75bcbd0d44f703d13edc121f15a8/element/f.093A703FE9E59CF09BD9C73E01D6E334.d.59E316B297EA93B08C0999C209817127.e.6884/attribute/aria-checked - {}
COMMAND: GET /session/4a8a75bcbd0d44f703d13edc121f15a8/screenshot - {}
RESULT: {}
COMMAND: POST /session/4a8a75bcbd0d44f703d13edc121f15a8/element - {"using":"xpath","value":"//table[contains(@id, \"listView-innerSelectionPanelTable-listUl\")]/tbody/tr[18]/td[2]/div/div"}
RESULT: {}
RESULT: {"using":"xpath","value":"//table[contains(@id, \"listView-innerSelectionPanelTable-listUl\")]/tbody/tr[18]/td[2]/div/div"}
COMMAND: POST /session/4a8a75bcbd0d44f703d13edc121f15a8/element - {"using":"xpath","value":"//table[contains(@id, \"listView-innerSelectionPanelTable-listUl\")]/tbody/tr[18]/td[2]/div"}
RESULT: {"using":"xpath","value":"//table[contains(@id, \"listView-innerSelectionPanelTable-listUl\")]/tbody/tr[18]/td[2]/div"}
COMMAND: POST /session/4a8a75bcbd0d44f703d13edc121f15a8/element - {"using":"xpath","value":"//table[contains(@id, \"listView-innerSelectionPanelTable-listUl\")]/tbody/tr[18]/td[3]/div/div/span/span[1]/bdi"}
RESULT: {"using":"xpath","value":"//table[contains(@id, \"listView-innerSelectionPanelTable-listUl\")]/tbody/tr[18]/td[3]/div/div/span/span[1]/bdi"}
COMMAND: POST /session/4a8a75bcbd0d44f703d13edc121f15a8/execute/sync - {"script":"<script> [56 bytes]","args":[{"element-6066-11e4-a52e-4f735466cecf":"f.093A703FE9E59CF09BD9C73E01D6E334.d.59E316B297EA93B08C0999C209817127.e.6888","ELEMENT":"f.093A703FE9E59CF09BD9C73E01D6E334.d.59E316B297EA93B08C0999C209817127.e.6888"}]}
RESULT: {"script":"<script> [56 bytes]","args":[{"element-6066-11e4-a52e-4f735466cecf":"f.093A703FE9E59CF09BD9C73E01D6E334.d.59E316B297EA93B08C0999C209817127.e.6888","ELEMENT":"f.093A703FE9E59CF09BD9C73E01D6E334.d.59E316B297EA93B08C0999C209817127.e.6888"}]}
COMMAND: GET /session/4a8a75bcbd0d44f703d13edc121f15a8/element/f.093A703FE9E59CF09BD9C73E01D6E334.d.59E316B297EA93B08C0999C209817127.e.6887/attribute/aria-checked - {}
COMMAND: GET /session/4a8a75bcbd0d44f703d13edc121f15a8/screenshot - {}
RESULT: {}
COMMAND: POST /session/4a8a75bcbd0d44f703d13edc121f15a8/element - {"using":"xpath","value":"//table[contains(@id, \"listView-innerSelectionPanelTable-listUl\")]/tbody/tr[19]/td[2]/div/div"}
RESULT: {}
RESULT: {"using":"xpath","value":"//table[contains(@id, \"listView-innerSelectionPanelTable-listUl\")]/tbody/tr[19]/td[2]/div/div"}
COMMAND: POST /session/4a8a75bcbd0d44f703d13edc121f15a8/element - {"using":"xpath","value":"//table[contains(@id, \"listView-innerSelectionPanelTable-listUl\")]/tbody/tr[19]/td[2]/div"}
RESULT: {"using":"xpath","value":"//table[contains(@id, \"listView-innerSelectionPanelTable-listUl\")]/tbody/tr[19]/td[2]/div"}
COMMAND: POST /session/4a8a75bcbd0d44f703d13edc121f15a8/element - {"using":"xpath","value":"//table[contains(@id, \"listView-innerSelectionPanelTable-listUl\")]/tbody/tr[19]/td[3]/div/div/span/span[1]/bdi"}
RESULT: {"using":"xpath","value":"//table[contains(@id, \"listView-innerSelectionPanelTable-listUl\")]/tbody/tr[19]/td[3]/div/div/span/span[1]/bdi"}
COMMAND: POST /session/4a8a75bcbd0d44f703d13edc121f15a8/execute/sync - {"script":"<script> [56 bytes]","args":[{"element-6066-11e4-a52e-4f735466cecf":"f.093A703FE9E59CF09BD9C73E01D6E334.d.59E316B297EA93B08C0999C209817127.e.6891","ELEMENT":"f.093A703FE9E59CF09BD9C73E01D6E334.d.59E316B297EA93B08C0999C209817127.e.6891"}]}
RESULT: {"script":"<script> [56 bytes]","args":[{"element-6066-11e4-a52e-4f735466cecf":"f.093A703FE9E59CF09BD9C73E01D6E334.d.59E316B297EA93B08C0999C209817127.e.6891","ELEMENT":"f.093A703FE9E59CF09BD9C73E01D6E334.d.59E316B297EA93B08C0999C209817127.e.6891"}]}
COMMAND: GET /session/4a8a75bcbd0d44f703d13edc121f15a8/element/f.093A703FE9E59CF09BD9C73E01D6E334.d.59E316B297EA93B08C0999C209817127.e.6890/attribute/aria-checked - {}
COMMAND: GET /session/4a8a75bcbd0d44f703d13edc121f15a8/screenshot - {}
RESULT: {}
COMMAND: POST /session/4a8a75bcbd0d44f703d13edc121f15a8/element - {"using":"xpath","value":"//table[contains(@id, \"listView-innerSelectionPanelTable-listUl\")]/tbody/tr[20]/td[2]/div/div"}
RESULT: {}
RESULT: {"using":"xpath","value":"//table[contains(@id, \"listView-innerSelectionPanelTable-listUl\")]/tbody/tr[20]/td[2]/div/div"}
COMMAND: POST /session/4a8a75bcbd0d44f703d13edc121f15a8/element - {"using":"xpath","value":"//table[contains(@id, \"listView-innerSelectionPanelTable-listUl\")]/tbody/tr[20]/td[2]/div"}
RESULT: {"using":"xpath","value":"//table[contains(@id, \"listView-innerSelectionPanelTable-listUl\")]/tbody/tr[20]/td[2]/div"}
COMMAND: POST /session/4a8a75bcbd0d44f703d13edc121f15a8/element - {"using":"xpath","value":"//table[contains(@id, \"listView-innerSelectionPanelTable-listUl\")]/tbody/tr[20]/td[3]/div/div/span/span[1]/bdi"}
RESULT: {"using":"xpath","value":"//table[contains(@id, \"listView-innerSelectionPanelTable-listUl\")]/tbody/tr[20]/td[3]/div/div/span/span[1]/bdi"}
COMMAND: POST /session/4a8a75bcbd0d44f703d13edc121f15a8/execute/sync - {"script":"<script> [56 bytes]","args":[{"element-6066-11e4-a52e-4f735466cecf":"f.093A703FE9E59CF09BD9C73E01D6E334.d.59E316B297EA93B08C0999C209817127.e.6894","ELEMENT":"f.093A703FE9E59CF09BD9C73E01D6E334.d.59E316B297EA93B08C0999C209817127.e.6894"}]}
RESULT: {"script":"<script> [56 bytes]","args":[{"element-6066-11e4-a52e-4f735466cecf":"f.093A703FE9E59CF09BD9C73E01D6E334.d.59E316B297EA93B08C0999C209817127.e.6894","ELEMENT":"f.093A703FE9E59CF09BD9C73E01D6E334.d.59E316B297EA93B08C0999C209817127.e.6894"}]}
COMMAND: GET /session/4a8a75bcbd0d44f703d13edc121f15a8/element/f.093A703FE9E59CF09BD9C73E01D6E334.d.59E316B297EA93B08C0999C209817127.e.6893/attribute/aria-checked - {}
COMMAND: GET /session/4a8a75bcbd0d44f703d13edc121f15a8/screenshot - {}
RESULT: {}
COMMAND: POST /session/4a8a75bcbd0d44f703d13edc121f15a8/element - {"using":"xpath","value":"//table[contains(@id, \"listView-innerSelectionPanelTable-listUl\")]/tbody/tr[21]/td[2]/div/div"}
RESULT: {}
RESULT: {"using":"xpath","value":"//table[contains(@id, \"listView-innerSelectionPanelTable-listUl\")]/tbody/tr[21]/td[2]/div/div"}
COMMAND: POST /session/4a8a75bcbd0d44f703d13edc121f15a8/element - {"using":"xpath","value":"//table[contains(@id, \"listView-innerSelectionPanelTable-listUl\")]/tbody/tr[21]/td[2]/div"}
RESULT: {"using":"xpath","value":"//table[contains(@id, \"listView-innerSelectionPanelTable-listUl\")]/tbody/tr[21]/td[2]/div"}
COMMAND: POST /session/4a8a75bcbd0d44f703d13edc121f15a8/element - {"using":"xpath","value":"//table[contains(@id, \"listView-innerSelectionPanelTable-listUl\")]/tbody/tr[21]/td[3]/div/div/span/span[1]/bdi"}
RESULT: {"using":"xpath","value":"//table[contains(@id, \"listView-innerSelectionPanelTable-listUl\")]/tbody/tr[21]/td[3]/div/div/span/span[1]/bdi"}
COMMAND: POST /session/4a8a75bcbd0d44f703d13edc121f15a8/execute/sync - {"script":"<script> [56 bytes]","args":[{"element-6066-11e4-a52e-4f735466cecf":"f.093A703FE9E59CF09BD9C73E01D6E334.d.59E316B297EA93B08C0999C209817127.e.6897","ELEMENT":"f.093A703FE9E59CF09BD9C73E01D6E334.d.59E316B297EA93B08C0999C209817127.e.6897"}]}
RESULT: {"script":"<script> [56 bytes]","args":[{"element-6066-11e4-a52e-4f735466cecf":"f.093A703FE9E59CF09BD9C73E01D6E334.d.59E316B297EA93B08C0999C209817127.e.6897","ELEMENT":"f.093A703FE9E59CF09BD9C73E01D6E334.d.59E316B297EA93B08C0999C209817127.e.6897"}]}
COMMAND: GET /session/4a8a75bcbd0d44f703d13edc121f15a8/element/f.093A703FE9E59CF09BD9C73E01D6E334.d.59E316B297EA93B08C0999C209817127.e.6896/attribute/aria-checked - {}
COMMAND: GET /session/4a8a75bcbd0d44f703d13edc121f15a8/screenshot - {}
RESULT: {}
COMMAND: POST /session/4a8a75bcbd0d44f703d13edc121f15a8/element - {"using":"xpath","value":"//table[contains(@id, \"listView-innerSelectionPanelTable-listUl\")]/tbody/tr[22]/td[2]/div/div"}
RESULT: {}
RESULT: {"using":"xpath","value":"//table[contains(@id, \"listView-innerSelectionPanelTable-listUl\")]/tbody/tr[22]/td[2]/div/div"}
COMMAND: POST /session/4a8a75bcbd0d44f703d13edc121f15a8/element - {"using":"xpath","value":"//table[contains(@id, \"listView-innerSelectionPanelTable-listUl\")]/tbody/tr[22]/td[2]/div"}
RESULT: {"using":"xpath","value":"//table[contains(@id, \"listView-innerSelectionPanelTable-listUl\")]/tbody/tr[22]/td[2]/div"}
COMMAND: POST /session/4a8a75bcbd0d44f703d13edc121f15a8/element - {"using":"xpath","value":"//table[contains(@id, \"listView-innerSelectionPanelTable-listUl\")]/tbody/tr[22]/td[3]/div/div/span/span[1]/bdi"}
RESULT: {"using":"xpath","value":"//table[contains(@id, \"listView-innerSelectionPanelTable-listUl\")]/tbody/tr[22]/td[3]/div/div/span/span[1]/bdi"}
COMMAND: POST /session/4a8a75bcbd0d44f703d13edc121f15a8/execute/sync - {"script":"<script> [56 bytes]","args":[{"element-6066-11e4-a52e-4f735466cecf":"f.093A703FE9E59CF09BD9C73E01D6E334.d.59E316B297EA93B08C0999C209817127.e.6900","ELEMENT":"f.093A703FE9E59CF09BD9C73E01D6E334.d.59E316B297EA93B08C0999C209817127.e.6900"}]}
RESULT: {"script":"<script> [56 bytes]","args":[{"element-6066-11e4-a52e-4f735466cecf":"f.093A703FE9E59CF09BD9C73E01D6E334.d.59E316B297EA93B08C0999C209817127.e.6900","ELEMENT":"f.093A703FE9E59CF09BD9C73E01D6E334.d.59E316B297EA93B08C0999C209817127.e.6900"}]}
COMMAND: GET /session/4a8a75bcbd0d44f703d13edc121f15a8/element/f.093A703FE9E59CF09BD9C73E01D6E334.d.59E316B297EA93B08C0999C209817127.e.6899/attribute/aria-checked - {}
COMMAND: GET /session/4a8a75bcbd0d44f703d13edc121f15a8/screenshot - {}
RESULT: {}
COMMAND: POST /session/4a8a75bcbd0d44f703d13edc121f15a8/element - {"using":"xpath","value":"//table[contains(@id, \"listView-innerSelectionPanelTable-listUl\")]/tbody/tr[23]/td[2]/div/div"}
RESULT: {}
RESULT: {"using":"xpath","value":"//table[contains(@id, \"listView-innerSelectionPanelTable-listUl\")]/tbody/tr[23]/td[2]/div/div"}
COMMAND: POST /session/4a8a75bcbd0d44f703d13edc121f15a8/element - {"using":"xpath","value":"//table[contains(@id, \"listView-innerSelectionPanelTable-listUl\")]/tbody/tr[23]/td[2]/div"}
RESULT: {"using":"xpath","value":"//table[contains(@id, \"listView-innerSelectionPanelTable-listUl\")]/tbody/tr[23]/td[2]/div"}
COMMAND: POST /session/4a8a75bcbd0d44f703d13edc121f15a8/element - {"using":"xpath","value":"//table[contains(@id, \"listView-innerSelectionPanelTable-listUl\")]/tbody/tr[23]/td[3]/div/div/span/span[1]/bdi"}
RESULT: {"using":"xpath","value":"//table[contains(@id, \"listView-innerSelectionPanelTable-listUl\")]/tbody/tr[23]/td[3]/div/div/span/span[1]/bdi"}
COMMAND: POST /session/4a8a75bcbd0d44f703d13edc121f15a8/execute/sync - {"script":"<script> [56 bytes]","args":[{"element-6066-11e4-a52e-4f735466cecf":"f.093A703FE9E59CF09BD9C73E01D6E334.d.59E316B297EA93B08C0999C209817127.e.6903","ELEMENT":"f.093A703FE9E59CF09BD9C73E01D6E334.d.59E316B297EA93B08C0999C209817127.e.6903"}]}
RESULT: {"script":"<script> [56 bytes]","args":[{"element-6066-11e4-a52e-4f735466cecf":"f.093A703FE9E59CF09BD9C73E01D6E334.d.59E316B297EA93B08C0999C209817127.e.6903","ELEMENT":"f.093A703FE9E59CF09BD9C73E01D6E334.d.59E316B297EA93B08C0999C209817127.e.6903"}]}
COMMAND: GET /session/4a8a75bcbd0d44f703d13edc121f15a8/element/f.093A703FE9E59CF09BD9C73E01D6E334.d.59E316B297EA93B08C0999C209817127.e.6902/attribute/aria-checked - {}
COMMAND: GET /session/4a8a75bcbd0d44f703d13edc121f15a8/screenshot - {}
RESULT: {}
COMMAND: POST /session/4a8a75bcbd0d44f703d13edc121f15a8/element - {"using":"xpath","value":"//table[contains(@id, \"listView-innerSelectionPanelTable-listUl\")]/tbody/tr[24]/td[2]/div/div"}
RESULT: {}
RESULT: {"using":"xpath","value":"//table[contains(@id, \"listView-innerSelectionPanelTable-listUl\")]/tbody/tr[24]/td[2]/div/div"}
COMMAND: POST /session/4a8a75bcbd0d44f703d13edc121f15a8/element - {"using":"xpath","value":"//table[contains(@id, \"listView-innerSelectionPanelTable-listUl\")]/tbody/tr[24]/td[2]/div"}
RESULT: {"using":"xpath","value":"//table[contains(@id, \"listView-innerSelectionPanelTable-listUl\")]/tbody/tr[24]/td[2]/div"}
COMMAND: POST /session/4a8a75bcbd0d44f703d13edc121f15a8/element - {"using":"xpath","value":"//table[contains(@id, \"listView-innerSelectionPanelTable-listUl\")]/tbody/tr[24]/td[3]/div/div/span/span[1]/bdi"}
RESULT: {"using":"xpath","value":"//table[contains(@id, \"listView-innerSelectionPanelTable-listUl\")]/tbody/tr[24]/td[3]/div/div/span/span[1]/bdi"}
COMMAND: POST /session/4a8a75bcbd0d44f703d13edc121f15a8/execute/sync - {"script":"<script> [56 bytes]","args":[{"element-6066-11e4-a52e-4f735466cecf":"f.093A703FE9E59CF09BD9C73E01D6E334.d.59E316B297EA93B08C0999C209817127.e.6906","ELEMENT":"f.093A703FE9E59CF09BD9C73E01D6E334.d.59E316B297EA93B08C0999C209817127.e.6906"}]}
RESULT: {"script":"<script> [56 bytes]","args":[{"element-6066-11e4-a52e-4f735466cecf":"f.093A703FE9E59CF09BD9C73E01D6E334.d.59E316B297EA93B08C0999C209817127.e.6906","ELEMENT":"f.093A703FE9E59CF09BD9C73E01D6E334.d.59E316B297EA93B08C0999C209817127.e.6906"}]}
COMMAND: GET /session/4a8a75bcbd0d44f703d13edc121f15a8/element/f.093A703FE9E59CF09BD9C73E01D6E334.d.59E316B297EA93B08C0999C209817127.e.6905/attribute/aria-checked - {}
COMMAND: GET /session/4a8a75bcbd0d44f703d13edc121f15a8/screenshot - {}
RESULT: {}
COMMAND: POST /session/4a8a75bcbd0d44f703d13edc121f15a8/element - {"using":"xpath","value":"//table[contains(@id, \"listView-innerSelectionPanelTable-listUl\")]/tbody/tr[25]/td[2]/div/div"}
RESULT: {}
RESULT: {"using":"xpath","value":"//table[contains(@id, \"listView-innerSelectionPanelTable-listUl\")]/tbody/tr[25]/td[2]/div/div"}
COMMAND: POST /session/4a8a75bcbd0d44f703d13edc121f15a8/element - {"using":"xpath","value":"//table[contains(@id, \"listView-innerSelectionPanelTable-listUl\")]/tbody/tr[25]/td[2]/div"}
RESULT: {"using":"xpath","value":"//table[contains(@id, \"listView-innerSelectionPanelTable-listUl\")]/tbody/tr[25]/td[2]/div"}
COMMAND: POST /session/4a8a75bcbd0d44f703d13edc121f15a8/element - {"using":"xpath","value":"//table[contains(@id, \"listView-innerSelectionPanelTable-listUl\")]/tbody/tr[25]/td[3]/div/div/span/span[1]/bdi"}
RESULT: {"using":"xpath","value":"//table[contains(@id, \"listView-innerSelectionPanelTable-listUl\")]/tbody/tr[25]/td[3]/div/div/span/span[1]/bdi"}
COMMAND: POST /session/4a8a75bcbd0d44f703d13edc121f15a8/execute/sync - {"script":"<script> [56 bytes]","args":[{"element-6066-11e4-a52e-4f735466cecf":"f.093A703FE9E59CF09BD9C73E01D6E334.d.59E316B297EA93B08C0999C209817127.e.6909","ELEMENT":"f.093A703FE9E59CF09BD9C73E01D6E334.d.59E316B297EA93B08C0999C209817127.e.6909"}]}
RESULT: {"script":"<script> [56 bytes]","args":[{"element-6066-11e4-a52e-4f735466cecf":"f.093A703FE9E59CF09BD9C73E01D6E334.d.59E316B297EA93B08C0999C209817127.e.6909","ELEMENT":"f.093A703FE9E59CF09BD9C73E01D6E334.d.59E316B297EA93B08C0999C209817127.e.6909"}]}
COMMAND: GET /session/4a8a75bcbd0d44f703d13edc121f15a8/element/f.093A703FE9E59CF09BD9C73E01D6E334.d.59E316B297EA93B08C0999C209817127.e.6908/attribute/aria-checked - {}
COMMAND: GET /session/4a8a75bcbd0d44f703d13edc121f15a8/screenshot - {}
RESULT: {}
COMMAND: POST /session/4a8a75bcbd0d44f703d13edc121f15a8/element - {"using":"xpath","value":"//bdi[contains(text(), \"OK\")]"}
RESULT: {}
RESULT: {"using":"xpath","value":"//bdi[contains(text(), \"OK\")]"}
COMMAND: POST /session/4a8a75bcbd0d44f703d13edc121f15a8/element/f.093A703FE9E59CF09BD9C73E01D6E334.d.59E316B297EA93B08C0999C209817127.e.6910/click - {}
RESULT: {}
COMMAND: GET /session/4a8a75bcbd0d44f703d13edc121f15a8/screenshot - {}
RESULT: {}
COMMAND: POST /session/4a8a75bcbd0d44f703d13edc121f15a8/execute/async - {"script":"<script> [1562 bytes]","args":[{"selector":{"id":"application-managepartners-display-component---masterPtm--smartFilterBar-filterItemControlA_-LINK_TO_ADDRESSES_MAIN.CITY1-vhi"},"wdio_ui5_key":"applicationmanagepartners-display-component---masterPtm--smartFilterBar-filterItemControlA_-LINK_TO_ADDRESSES_MAIN.CITY1-vhi"}]}
RESULT: {"script":"<script> [1562 bytes]","args":[{"selector":{"id":"application-managepartners-display-component---masterPtm--smartFilterBar-filterItemControlA_-LINK_TO_ADDRESSES_MAIN.CITY1-vhi"},"wdio_ui5_key":"applicationmanagepartners-display-component---masterPtm--smartFilterBar-filterItemControlA_-LINK_TO_ADDRESSES_MAIN.CITY1-vhi"}]}
RESULT: undefined
COMMAND: POST /session/4a8a75bcbd0d44f703d13edc121f15a8/element - {"using":"xpath","value":"//*[@id=\"application-managepartners-display-component---masterPtm--smartFilterBar-filterItemControlA_-LINK_TO_ADDRESSES_MAIN.CITY1-vhi\"]"}
RESULT: {"using":"xpath","value":"//*[@id=\"application-managepartners-display-component---masterPtm--smartFilterBar-filterItemControlA_-LINK_TO_ADDRESSES_MAIN.CITY1-vhi\"]"}
COMMAND: POST /session/4a8a75bcbd0d44f703d13edc121f15a8/element/f.093A703FE9E59CF09BD9C73E01D6E334.d.59E316B297EA93B08C0999C209817127.e.6924/click - {}
RESULT: {}
COMMAND: GET /session/4a8a75bcbd0d44f703d13edc121f15a8/screenshot - {}
RESULT: {}
COMMAND: POST /session/4a8a75bcbd0d44f703d13edc121f15a8/execute/async - {"script":"<script> [1562 bytes]","args":[{"selector":{"controlType":"sap.m.Input","viewName":"etm.portal.ui.managepartners.view.Master","viewId":"application-managepartners-display-component---masterPtm","properties":{"valueState":"None"},"searchOpenDialogs":true,"interaction":{"idSuffix":"inner"}},"wdio_ui5_key":"etmportal.ui.managepartners.view.Mastersap.m.Input{\"valueState\":\"None\"}"}]}
RESULT: {"script":"<script> [1562 bytes]","args":[{"selector":{"controlType":"sap.m.Input","viewName":"etm.portal.ui.managepartners.view.Master","viewId":"application-managepartners-display-component---masterPtm","properties":{"valueState":"None"},"searchOpenDialogs":true,"interaction":{"idSuffix":"inner"}},"wdio_ui5_key":"etmportal.ui.managepartners.view.Mastersap.m.Input{\"valueState\":\"None\"}"}]}
RESULT: undefined
COMMAND: POST /session/4a8a75bcbd0d44f703d13edc121f15a8/execute/async - {"script":"<script> [776 bytes]","args":[{"enterText":"Bucure","selector":{"controlType":"sap.m.Input","viewName":"etm.portal.ui.managepartners.view.Master","viewId":"application-managepartners-display-component---masterPtm","properties":{"valueState":"None"},"searchOpenDialogs":true,"interaction":{"idSuffix":"inner"}},"clearTextFirst":true,"interactionType":"ENTER_TEXT"}]}
RESULT: {"script":"<script> [776 bytes]","args":[{"enterText":"Bucure","selector":{"controlType":"sap.m.Input","viewName":"etm.portal.ui.managepartners.view.Master","viewId":"application-managepartners-display-component---masterPtm","properties":{"valueState":"None"},"searchOpenDialogs":true,"interaction":{"idSuffix":"inner"}},"clearTextFirst":true,"interactionType":"ENTER_TEXT"}]}
COMMAND: POST /session/4a8a75bcbd0d44f703d13edc121f15a8/actions - {"actions":[{"id":"action21","type":"key","parameters":{},"actions":[{"type":"keyDown","value":""},{"type":"pause","duration":10},{"type":"keyUp","value":""}]}]}
RESULT: {"actions":[{"id":"action21","type":"key","parameters":{},"actions":[{"type":"keyDown","value":""},{"type":"pause","duration":10},{"type":"keyUp","value":""}]}]}
COMMAND: GET /session/4a8a75bcbd0d44f703d13edc121f15a8/screenshot - {}
RESULT: {}
COMMAND: POST /session/4a8a75bcbd0d44f703d13edc121f15a8/element - {"using":"xpath","value":"(//bdi[contains(text(), \"OK\")])[1]"}
RESULT: {"using":"xpath","value":"(//bdi[contains(text(), \"OK\")])[1]"}
COMMAND: POST /session/4a8a75bcbd0d44f703d13edc121f15a8/element/f.093A703FE9E59CF09BD9C73E01D6E334.d.59E316B297EA93B08C0999C209817127.e.6930/click - {}
RESULT: {}
COMMAND: GET /session/4a8a75bcbd0d44f703d13edc121f15a8/screenshot - {}
RESULT: {}
COMMAND: POST /session/4a8a75bcbd0d44f703d13edc121f15a8/element - {"using":"xpath","value":"//span[@id=\"application-managepartners-display-component---masterPtm--smartTable-header-inner\"]"}
RESULT: {"using":"xpath","value":"//span[@id=\"application-managepartners-display-component---masterPtm--smartTable-header-inner\"]"}
COMMAND: POST /session/4a8a75bcbd0d44f703d13edc121f15a8/elements - {"using":"xpath","value":"//span[@id=\"application-managepartners-display-component---masterPtm--smartTable-header-inner\"]"}
RESULT: {"using":"xpath","value":"//span[@id=\"application-managepartners-display-component---masterPtm--smartTable-header-inner\"]"}
COMMAND: POST /session/4a8a75bcbd0d44f703d13edc121f15a8/execute/sync - {"script":"<script> [56 bytes]","args":[{"element-6066-11e4-a52e-4f735466cecf":"f.093A703FE9E59CF09BD9C73E01D6E334.d.59E316B297EA93B08C0999C209817127.e.6067","ELEMENT":"f.093A703FE9E59CF09BD9C73E01D6E334.d.59E316B297EA93B08C0999C209817127.e.6067"}]}
RESULT: {"script":"<script> [56 bytes]","args":[{"element-6066-11e4-a52e-4f735466cecf":"f.093A703FE9E59CF09BD9C73E01D6E334.d.59E316B297EA93B08C0999C209817127.e.6067","ELEMENT":"f.093A703FE9E59CF09BD9C73E01D6E334.d.59E316B297EA93B08C0999C209817127.e.6067"}]}
COMMAND: POST /session/4a8a75bcbd0d44f703d13edc121f15a8/element - {"using":"xpath","value":"//span[contains(@title, \"Remove\")]"}
COMMAND: GET /session/4a8a75bcbd0d44f703d13edc121f15a8/screenshot - {}
RESULT: {"using":"xpath","value":"//span[contains(@title, \"Remove\")]"}
COMMAND: POST /session/4a8a75bcbd0d44f703d13edc121f15a8/element/f.093A703FE9E59CF09BD9C73E01D6E334.d.59E316B297EA93B08C0999C209817127.e.7006/click - {}
RESULT: {}
RESULT: {}
COMMAND: GET /session/4a8a75bcbd0d44f703d13edc121f15a8/screenshot - {}
RESULT: {}
COMMAND: POST /session/4a8a75bcbd0d44f703d13edc121f15a8/element - {"using":"xpath","value":"//span[@id=\"application-managepartners-display-component---masterPtm--smartTable-header-inner\"]"}
RESULT: {"using":"xpath","value":"//span[@id=\"application-managepartners-display-component---masterPtm--smartTable-header-inner\"]"}
COMMAND: POST /session/4a8a75bcbd0d44f703d13edc121f15a8/elements - {"using":"xpath","value":"//span[@id=\"application-managepartners-display-component---masterPtm--smartTable-header-inner\"]"}
RESULT: {"using":"xpath","value":"//span[@id=\"application-managepartners-display-component---masterPtm--smartTable-header-inner\"]"}
COMMAND: POST /session/4a8a75bcbd0d44f703d13edc121f15a8/execute/sync - {"script":"<script> [56 bytes]","args":[{"element-6066-11e4-a52e-4f735466cecf":"f.093A703FE9E59CF09BD9C73E01D6E334.d.59E316B297EA93B08C0999C209817127.e.6067","ELEMENT":"f.093A703FE9E59CF09BD9C73E01D6E334.d.59E316B297EA93B08C0999C209817127.e.6067"}]}
RESULT: {"script":"<script> [56 bytes]","args":[{"element-6066-11e4-a52e-4f735466cecf":"f.093A703FE9E59CF09BD9C73E01D6E334.d.59E316B297EA93B08C0999C209817127.e.6067","ELEMENT":"f.093A703FE9E59CF09BD9C73E01D6E334.d.59E316B297EA93B08C0999C209817127.e.6067"}]}
COMMAND: POST /session/4a8a75bcbd0d44f703d13edc121f15a8/element - {"using":"css selector","value":"#shell-header-logo"}
COMMAND: GET /session/4a8a75bcbd0d44f703d13edc121f15a8/screenshot - {}
RESULT: {"using":"css selector","value":"#shell-header-logo"}
COMMAND: POST /session/4a8a75bcbd0d44f703d13edc121f15a8/element/f.093A703FE9E59CF09BD9C73E01D6E334.d.59E316B297EA93B08C0999C209817127.e.5895/click - {}
RESULT: {}
RESULT: {}
COMMAND: GET /session/4a8a75bcbd0d44f703d13edc121f15a8/screenshot - {}
RESULT: {}
]]></system-out>
    </testcase>
    <testcase classname="chrome.137_0_7151_69.windows.Partner_specific_tests_US150819_US151080_US151654_US151176_US103444_US151078_US151079_US151109_US151174_US151175_US151189" name="Should try to save empty partner US151174" time="56.48">
      <system-out><![CDATA[
COMMAND: POST /session/4a8a75bcbd0d44f703d13edc121f15a8/element - {"using":"xpath","value":"//li[.//span[text()=\"Manage Partners\"]]"}
RESULT: {"using":"xpath","value":"//li[.//span[text()=\"Manage Partners\"]]"}
COMMAND: POST /session/4a8a75bcbd0d44f703d13edc121f15a8/element - {"using":"xpath","value":"//li[.//span[text()=\"Manage Partners\"]]"}
RESULT: {"using":"xpath","value":"//li[.//span[text()=\"Manage Partners\"]]"}
COMMAND: POST /session/4a8a75bcbd0d44f703d13edc121f15a8/element - {"using":"css selector","value":"#shell-header-logo"}
RESULT: {"using":"css selector","value":"#shell-header-logo"}
COMMAND: POST /session/4a8a75bcbd0d44f703d13edc121f15a8/element/f.093A703FE9E59CF09BD9C73E01D6E334.d.59E316B297EA93B08C0999C209817127.e.7101/click - {}
COMMAND: POST /session/4a8a75bcbd0d44f703d13edc121f15a8/execute/sync - {"script":"<script> [8489 bytes]","args":[{"element-6066-11e4-a52e-4f735466cecf":"f.093A703FE9E59CF09BD9C73E01D6E334.d.59E316B297EA93B08C0999C209817127.e.7101","ELEMENT":"f.093A703FE9E59CF09BD9C73E01D6E334.d.59E316B297EA93B08C0999C209817127.e.7101"}]}
RESULT: {}
COMMAND: GET /session/4a8a75bcbd0d44f703d13edc121f15a8/screenshot - {}
RESULT: {"script":"<script> [8489 bytes]","args":[{"element-6066-11e4-a52e-4f735466cecf":"f.093A703FE9E59CF09BD9C73E01D6E334.d.59E316B297EA93B08C0999C209817127.e.7101","ELEMENT":"f.093A703FE9E59CF09BD9C73E01D6E334.d.59E316B297EA93B08C0999C209817127.e.7101"}]}
COMMAND: POST /session/4a8a75bcbd0d44f703d13edc121f15a8/execute/sync - {"script":"<script> [5351 bytes]","args":[{"element-6066-11e4-a52e-4f735466cecf":"f.093A703FE9E59CF09BD9C73E01D6E334.d.59E316B297EA93B08C0999C209817127.e.7101","ELEMENT":"f.093A703FE9E59CF09BD9C73E01D6E334.d.59E316B297EA93B08C0999C209817127.e.7101"}]}
COMMAND: GET /session/4a8a75bcbd0d44f703d13edc121f15a8/screenshot - {}
RESULT: {}
RESULT: {"script":"<script> [5351 bytes]","args":[{"element-6066-11e4-a52e-4f735466cecf":"f.093A703FE9E59CF09BD9C73E01D6E334.d.59E316B297EA93B08C0999C209817127.e.7101","ELEMENT":"f.093A703FE9E59CF09BD9C73E01D6E334.d.59E316B297EA93B08C0999C209817127.e.7101"}]}
COMMAND: GET /session/4a8a75bcbd0d44f703d13edc121f15a8/screenshot - {}
RESULT: {}
RESULT: {}
RESULT: undefined
COMMAND: POST /session/4a8a75bcbd0d44f703d13edc121f15a8/element - {"using":"xpath","value":"//*[@id=\"__tile31\"]"}
RESULT: {"using":"xpath","value":"//*[@id=\"__tile31\"]"}
COMMAND: POST /session/4a8a75bcbd0d44f703d13edc121f15a8/element/f.093A703FE9E59CF09BD9C73E01D6E334.d.59E316B297EA93B08C0999C209817127.e.4531/click - {}
RESULT: {}
COMMAND: GET /session/4a8a75bcbd0d44f703d13edc121f15a8/screenshot - {}
RESULT: {}
COMMAND: POST /session/4a8a75bcbd0d44f703d13edc121f15a8/elements - {"using":"xpath","value":"//span[text()='Error']"}
RESULT: {"using":"xpath","value":"//span[text()='Error']"}
COMMAND: POST /session/4a8a75bcbd0d44f703d13edc121f15a8/element - {"using":"xpath","value":"//button[@data-kt=\"addButton\"]"}
RESULT: {"using":"xpath","value":"//button[@data-kt=\"addButton\"]"}
COMMAND: POST /session/4a8a75bcbd0d44f703d13edc121f15a8/elements - {"using":"xpath","value":"//button[@data-kt=\"addButton\"]"}
RESULT: {"using":"xpath","value":"//button[@data-kt=\"addButton\"]"}
COMMAND: POST /session/4a8a75bcbd0d44f703d13edc121f15a8/execute/sync - {"script":"<script> [8489 bytes]","args":[{"element-6066-11e4-a52e-4f735466cecf":"f.093A703FE9E59CF09BD9C73E01D6E334.d.59E316B297EA93B08C0999C209817127.e.7147","ELEMENT":"f.093A703FE9E59CF09BD9C73E01D6E334.d.59E316B297EA93B08C0999C209817127.e.7147"}]}
RESULT: {"script":"<script> [8489 bytes]","args":[{"element-6066-11e4-a52e-4f735466cecf":"f.093A703FE9E59CF09BD9C73E01D6E334.d.59E316B297EA93B08C0999C209817127.e.7147","ELEMENT":"f.093A703FE9E59CF09BD9C73E01D6E334.d.59E316B297EA93B08C0999C209817127.e.7147"}]}
COMMAND: GET /session/4a8a75bcbd0d44f703d13edc121f15a8/element/f.093A703FE9E59CF09BD9C73E01D6E334.d.59E316B297EA93B08C0999C209817127.e.7147/enabled - {}
COMMAND: GET /session/4a8a75bcbd0d44f703d13edc121f15a8/screenshot - {}
RESULT: {}
COMMAND: POST /session/4a8a75bcbd0d44f703d13edc121f15a8/execute/sync - {"script":"<script> [8489 bytes]","args":[{"element-6066-11e4-a52e-4f735466cecf":"f.093A703FE9E59CF09BD9C73E01D6E334.d.59E316B297EA93B08C0999C209817127.e.7147","ELEMENT":"f.093A703FE9E59CF09BD9C73E01D6E334.d.59E316B297EA93B08C0999C209817127.e.7147"}]}
COMMAND: GET /session/4a8a75bcbd0d44f703d13edc121f15a8/screenshot - {}
RESULT: {}
RESULT: {"script":"<script> [8489 bytes]","args":[{"element-6066-11e4-a52e-4f735466cecf":"f.093A703FE9E59CF09BD9C73E01D6E334.d.59E316B297EA93B08C0999C209817127.e.7147","ELEMENT":"f.093A703FE9E59CF09BD9C73E01D6E334.d.59E316B297EA93B08C0999C209817127.e.7147"}]}
COMMAND: POST /session/4a8a75bcbd0d44f703d13edc121f15a8/execute/sync - {"script":"<script> [5351 bytes]","args":[{"element-6066-11e4-a52e-4f735466cecf":"f.093A703FE9E59CF09BD9C73E01D6E334.d.59E316B297EA93B08C0999C209817127.e.7147","ELEMENT":"f.093A703FE9E59CF09BD9C73E01D6E334.d.59E316B297EA93B08C0999C209817127.e.7147"}]}
COMMAND: GET /session/4a8a75bcbd0d44f703d13edc121f15a8/screenshot - {}
RESULT: {}
RESULT: {"script":"<script> [5351 bytes]","args":[{"element-6066-11e4-a52e-4f735466cecf":"f.093A703FE9E59CF09BD9C73E01D6E334.d.59E316B297EA93B08C0999C209817127.e.7147","ELEMENT":"f.093A703FE9E59CF09BD9C73E01D6E334.d.59E316B297EA93B08C0999C209817127.e.7147"}]}
COMMAND: POST /session/4a8a75bcbd0d44f703d13edc121f15a8/element/f.093A703FE9E59CF09BD9C73E01D6E334.d.59E316B297EA93B08C0999C209817127.e.7147/click - {}
COMMAND: GET /session/4a8a75bcbd0d44f703d13edc121f15a8/screenshot - {}
RESULT: {}
RESULT: {}
COMMAND: GET /session/4a8a75bcbd0d44f703d13edc121f15a8/screenshot - {}
RESULT: {}
RESULT: {}
COMMAND: POST /session/4a8a75bcbd0d44f703d13edc121f15a8/element - {"using":"xpath","value":"//button[@data-kt=\"saveButton\"]"}
RESULT: {"using":"xpath","value":"//button[@data-kt=\"saveButton\"]"}
COMMAND: POST /session/4a8a75bcbd0d44f703d13edc121f15a8/element/f.093A703FE9E59CF09BD9C73E01D6E334.d.59E316B297EA93B08C0999C209817127.e.7540/click - {}
RESULT: {}
COMMAND: GET /session/4a8a75bcbd0d44f703d13edc121f15a8/screenshot - {}
RESULT: {}
COMMAND: POST /session/4a8a75bcbd0d44f703d13edc121f15a8/element - {"using":"xpath","value":"//span[contains(@class, \"sapMMsgBoxText\")]"}
RESULT: {"using":"xpath","value":"//span[contains(@class, \"sapMMsgBoxText\")]"}
COMMAND: POST /session/4a8a75bcbd0d44f703d13edc121f15a8/execute/sync - {"script":"<script> [56 bytes]","args":[{"element-6066-11e4-a52e-4f735466cecf":"f.093A703FE9E59CF09BD9C73E01D6E334.d.59E316B297EA93B08C0999C209817127.e.7579","ELEMENT":"f.093A703FE9E59CF09BD9C73E01D6E334.d.59E316B297EA93B08C0999C209817127.e.7579"}]}
RESULT: {"script":"<script> [56 bytes]","args":[{"element-6066-11e4-a52e-4f735466cecf":"f.093A703FE9E59CF09BD9C73E01D6E334.d.59E316B297EA93B08C0999C209817127.e.7579","ELEMENT":"f.093A703FE9E59CF09BD9C73E01D6E334.d.59E316B297EA93B08C0999C209817127.e.7579"}]}
COMMAND: POST /session/4a8a75bcbd0d44f703d13edc121f15a8/element - {"using":"xpath","value":"(//bdi[contains(text(), \"Close\")])[1]"}
COMMAND: POST /session/4a8a75bcbd0d44f703d13edc121f15a8/elements - {"using":"xpath","value":"//span[contains(@class, \"sapMMsgBoxText\")]"}
COMMAND: GET /session/4a8a75bcbd0d44f703d13edc121f15a8/screenshot - {}
RESULT: {"using":"xpath","value":"(//bdi[contains(text(), \"Close\")])[1]"}
COMMAND: POST /session/4a8a75bcbd0d44f703d13edc121f15a8/element/f.093A703FE9E59CF09BD9C73E01D6E334.d.59E316B297EA93B08C0999C209817127.e.7580/click - {}
RESULT: {"using":"xpath","value":"//span[contains(@class, \"sapMMsgBoxText\")]"}
RESULT: {}
RESULT: {}
COMMAND: GET /session/4a8a75bcbd0d44f703d13edc121f15a8/screenshot - {}
RESULT: {}
COMMAND: POST /session/4a8a75bcbd0d44f703d13edc121f15a8/element - {"using":"css selector","value":"#shell-header-logo"}
RESULT: {"using":"css selector","value":"#shell-header-logo"}
COMMAND: POST /session/4a8a75bcbd0d44f703d13edc121f15a8/element/f.093A703FE9E59CF09BD9C73E01D6E334.d.59E316B297EA93B08C0999C209817127.e.7101/click - {}
RESULT: {}
COMMAND: GET /session/4a8a75bcbd0d44f703d13edc121f15a8/screenshot - {}
RESULT: {}
]]></system-out>
    </testcase>
    <testcase classname="chrome.137_0_7151_69.windows.Partner_specific_tests_US150819_US151080_US151654_US151176_US103444_US151078_US151079_US151109_US151174_US151175_US151189" name="Should do various searches US151175" time="156.083">
      <system-out><![CDATA[
COMMAND: POST /session/4a8a75bcbd0d44f703d13edc121f15a8/element - {"using":"xpath","value":"//li[.//span[text()=\"Manage Partners\"]]"}
RESULT: {"using":"xpath","value":"//li[.//span[text()=\"Manage Partners\"]]"}
COMMAND: POST /session/4a8a75bcbd0d44f703d13edc121f15a8/element - {"using":"xpath","value":"//li[.//span[text()=\"Manage Partners\"]]"}
RESULT: {"using":"xpath","value":"//li[.//span[text()=\"Manage Partners\"]]"}
COMMAND: POST /session/4a8a75bcbd0d44f703d13edc121f15a8/element - {"using":"css selector","value":"#shell-header-logo"}
RESULT: {"using":"css selector","value":"#shell-header-logo"}
COMMAND: POST /session/4a8a75bcbd0d44f703d13edc121f15a8/element/f.093A703FE9E59CF09BD9C73E01D6E334.d.59E316B297EA93B08C0999C209817127.e.7582/click - {}
COMMAND: POST /session/4a8a75bcbd0d44f703d13edc121f15a8/execute/sync - {"script":"<script> [8489 bytes]","args":[{"element-6066-11e4-a52e-4f735466cecf":"f.093A703FE9E59CF09BD9C73E01D6E334.d.59E316B297EA93B08C0999C209817127.e.7582","ELEMENT":"f.093A703FE9E59CF09BD9C73E01D6E334.d.59E316B297EA93B08C0999C209817127.e.7582"}]}
RESULT: {}
COMMAND: GET /session/4a8a75bcbd0d44f703d13edc121f15a8/screenshot - {}
RESULT: {"script":"<script> [8489 bytes]","args":[{"element-6066-11e4-a52e-4f735466cecf":"f.093A703FE9E59CF09BD9C73E01D6E334.d.59E316B297EA93B08C0999C209817127.e.7582","ELEMENT":"f.093A703FE9E59CF09BD9C73E01D6E334.d.59E316B297EA93B08C0999C209817127.e.7582"}]}
COMMAND: POST /session/4a8a75bcbd0d44f703d13edc121f15a8/execute/sync - {"script":"<script> [5351 bytes]","args":[{"element-6066-11e4-a52e-4f735466cecf":"f.093A703FE9E59CF09BD9C73E01D6E334.d.59E316B297EA93B08C0999C209817127.e.7582","ELEMENT":"f.093A703FE9E59CF09BD9C73E01D6E334.d.59E316B297EA93B08C0999C209817127.e.7582"}]}
COMMAND: GET /session/4a8a75bcbd0d44f703d13edc121f15a8/screenshot - {}
RESULT: {}
RESULT: {"script":"<script> [5351 bytes]","args":[{"element-6066-11e4-a52e-4f735466cecf":"f.093A703FE9E59CF09BD9C73E01D6E334.d.59E316B297EA93B08C0999C209817127.e.7582","ELEMENT":"f.093A703FE9E59CF09BD9C73E01D6E334.d.59E316B297EA93B08C0999C209817127.e.7582"}]}
COMMAND: GET /session/4a8a75bcbd0d44f703d13edc121f15a8/screenshot - {}
RESULT: {}
RESULT: {}
RESULT: undefined
COMMAND: POST /session/4a8a75bcbd0d44f703d13edc121f15a8/element - {"using":"xpath","value":"//*[@id=\"__tile31\"]"}
RESULT: {"using":"xpath","value":"//*[@id=\"__tile31\"]"}
COMMAND: POST /session/4a8a75bcbd0d44f703d13edc121f15a8/element/f.093A703FE9E59CF09BD9C73E01D6E334.d.59E316B297EA93B08C0999C209817127.e.4531/click - {}
RESULT: {}
COMMAND: GET /session/4a8a75bcbd0d44f703d13edc121f15a8/screenshot - {}
RESULT: {}
COMMAND: POST /session/4a8a75bcbd0d44f703d13edc121f15a8/elements - {"using":"xpath","value":"//span[text()='Error']"}
RESULT: {"using":"xpath","value":"//span[text()='Error']"}
COMMAND: POST /session/4a8a75bcbd0d44f703d13edc121f15a8/element - {"using":"xpath","value":"//button[@data-kt=\"addButton\"]"}
RESULT: {"using":"xpath","value":"//button[@data-kt=\"addButton\"]"}
COMMAND: POST /session/4a8a75bcbd0d44f703d13edc121f15a8/elements - {"using":"xpath","value":"//button[@data-kt=\"addButton\"]"}
RESULT: {"using":"xpath","value":"//button[@data-kt=\"addButton\"]"}
COMMAND: POST /session/4a8a75bcbd0d44f703d13edc121f15a8/execute/sync - {"script":"<script> [8489 bytes]","args":[{"element-6066-11e4-a52e-4f735466cecf":"f.093A703FE9E59CF09BD9C73E01D6E334.d.59E316B297EA93B08C0999C209817127.e.7628","ELEMENT":"f.093A703FE9E59CF09BD9C73E01D6E334.d.59E316B297EA93B08C0999C209817127.e.7628"}]}
RESULT: {"script":"<script> [8489 bytes]","args":[{"element-6066-11e4-a52e-4f735466cecf":"f.093A703FE9E59CF09BD9C73E01D6E334.d.59E316B297EA93B08C0999C209817127.e.7628","ELEMENT":"f.093A703FE9E59CF09BD9C73E01D6E334.d.59E316B297EA93B08C0999C209817127.e.7628"}]}
COMMAND: GET /session/4a8a75bcbd0d44f703d13edc121f15a8/element/f.093A703FE9E59CF09BD9C73E01D6E334.d.59E316B297EA93B08C0999C209817127.e.7628/enabled - {}
COMMAND: GET /session/4a8a75bcbd0d44f703d13edc121f15a8/screenshot - {}
RESULT: {}
COMMAND: POST /session/4a8a75bcbd0d44f703d13edc121f15a8/execute/sync - {"script":"<script> [8489 bytes]","args":[{"element-6066-11e4-a52e-4f735466cecf":"f.093A703FE9E59CF09BD9C73E01D6E334.d.59E316B297EA93B08C0999C209817127.e.7628","ELEMENT":"f.093A703FE9E59CF09BD9C73E01D6E334.d.59E316B297EA93B08C0999C209817127.e.7628"}]}
COMMAND: GET /session/4a8a75bcbd0d44f703d13edc121f15a8/screenshot - {}
RESULT: {}
RESULT: {"script":"<script> [8489 bytes]","args":[{"element-6066-11e4-a52e-4f735466cecf":"f.093A703FE9E59CF09BD9C73E01D6E334.d.59E316B297EA93B08C0999C209817127.e.7628","ELEMENT":"f.093A703FE9E59CF09BD9C73E01D6E334.d.59E316B297EA93B08C0999C209817127.e.7628"}]}
COMMAND: POST /session/4a8a75bcbd0d44f703d13edc121f15a8/execute/sync - {"script":"<script> [5351 bytes]","args":[{"element-6066-11e4-a52e-4f735466cecf":"f.093A703FE9E59CF09BD9C73E01D6E334.d.59E316B297EA93B08C0999C209817127.e.7628","ELEMENT":"f.093A703FE9E59CF09BD9C73E01D6E334.d.59E316B297EA93B08C0999C209817127.e.7628"}]}
COMMAND: GET /session/4a8a75bcbd0d44f703d13edc121f15a8/screenshot - {}
RESULT: {}
RESULT: {"script":"<script> [5351 bytes]","args":[{"element-6066-11e4-a52e-4f735466cecf":"f.093A703FE9E59CF09BD9C73E01D6E334.d.59E316B297EA93B08C0999C209817127.e.7628","ELEMENT":"f.093A703FE9E59CF09BD9C73E01D6E334.d.59E316B297EA93B08C0999C209817127.e.7628"}]}
COMMAND: GET /session/4a8a75bcbd0d44f703d13edc121f15a8/screenshot - {}
COMMAND: POST /session/4a8a75bcbd0d44f703d13edc121f15a8/element - {"using":"xpath","value":"//span[@id=\"application-managepartners-display-component---masterPtm--smartTable-header-inner\"]"}
RESULT: {}
RESULT: {}
RESULT: {"using":"xpath","value":"//span[@id=\"application-managepartners-display-component---masterPtm--smartTable-header-inner\"]"}
COMMAND: POST /session/4a8a75bcbd0d44f703d13edc121f15a8/elements - {"using":"xpath","value":"//span[@id=\"application-managepartners-display-component---masterPtm--smartTable-header-inner\"]"}
RESULT: {"using":"xpath","value":"//span[@id=\"application-managepartners-display-component---masterPtm--smartTable-header-inner\"]"}
COMMAND: POST /session/4a8a75bcbd0d44f703d13edc121f15a8/execute/sync - {"script":"<script> [56 bytes]","args":[{"element-6066-11e4-a52e-4f735466cecf":"f.093A703FE9E59CF09BD9C73E01D6E334.d.59E316B297EA93B08C0999C209817127.e.7751","ELEMENT":"f.093A703FE9E59CF09BD9C73E01D6E334.d.59E316B297EA93B08C0999C209817127.e.7751"}]}
RESULT: {"script":"<script> [56 bytes]","args":[{"element-6066-11e4-a52e-4f735466cecf":"f.093A703FE9E59CF09BD9C73E01D6E334.d.59E316B297EA93B08C0999C209817127.e.7751","ELEMENT":"f.093A703FE9E59CF09BD9C73E01D6E334.d.59E316B297EA93B08C0999C209817127.e.7751"}]}
RESULT: undefined
COMMAND: POST /session/4a8a75bcbd0d44f703d13edc121f15a8/element - {"using":"xpath","value":"//*[@id=\"application-managepartners-display-component---masterPtm--smartFilterBar-btnFilters\"]"}
COMMAND: GET /session/4a8a75bcbd0d44f703d13edc121f15a8/screenshot - {}
RESULT: {"using":"xpath","value":"//*[@id=\"application-managepartners-display-component---masterPtm--smartFilterBar-btnFilters\"]"}
COMMAND: POST /session/4a8a75bcbd0d44f703d13edc121f15a8/element/f.093A703FE9E59CF09BD9C73E01D6E334.d.59E316B297EA93B08C0999C209817127.e.7604/click - {}
RESULT: {}
RESULT: {}
COMMAND: GET /session/4a8a75bcbd0d44f703d13edc121f15a8/screenshot - {}
RESULT: {}
COMMAND: POST /session/4a8a75bcbd0d44f703d13edc121f15a8/elements - {"using":"xpath","value":"//table[contains(@id, \"listView-innerSelectionPanelTable-listUl\")]/tbody/tr"}
RESULT: {"using":"xpath","value":"//table[contains(@id, \"listView-innerSelectionPanelTable-listUl\")]/tbody/tr"}
COMMAND: POST /session/4a8a75bcbd0d44f703d13edc121f15a8/element - {"using":"xpath","value":"//table[contains(@id, \"listView-innerSelectionPanelTable-listUl\")]/tbody/tr[2]/td[2]/div/div"}
RESULT: {"using":"xpath","value":"//table[contains(@id, \"listView-innerSelectionPanelTable-listUl\")]/tbody/tr[2]/td[2]/div/div"}
COMMAND: POST /session/4a8a75bcbd0d44f703d13edc121f15a8/element - {"using":"xpath","value":"//table[contains(@id, \"listView-innerSelectionPanelTable-listUl\")]/tbody/tr[2]/td[2]/div"}
RESULT: {"using":"xpath","value":"//table[contains(@id, \"listView-innerSelectionPanelTable-listUl\")]/tbody/tr[2]/td[2]/div"}
COMMAND: POST /session/4a8a75bcbd0d44f703d13edc121f15a8/element - {"using":"xpath","value":"//table[contains(@id, \"listView-innerSelectionPanelTable-listUl\")]/tbody/tr[2]/td[3]/div/div/span/span[1]/bdi"}
RESULT: {"using":"xpath","value":"//table[contains(@id, \"listView-innerSelectionPanelTable-listUl\")]/tbody/tr[2]/td[3]/div/div/span/span[1]/bdi"}
COMMAND: POST /session/4a8a75bcbd0d44f703d13edc121f15a8/execute/sync - {"script":"<script> [56 bytes]","args":[{"element-6066-11e4-a52e-4f735466cecf":"f.093A703FE9E59CF09BD9C73E01D6E334.d.59E316B297EA93B08C0999C209817127.e.7819","ELEMENT":"f.093A703FE9E59CF09BD9C73E01D6E334.d.59E316B297EA93B08C0999C209817127.e.7819"}]}
RESULT: {"script":"<script> [56 bytes]","args":[{"element-6066-11e4-a52e-4f735466cecf":"f.093A703FE9E59CF09BD9C73E01D6E334.d.59E316B297EA93B08C0999C209817127.e.7819","ELEMENT":"f.093A703FE9E59CF09BD9C73E01D6E334.d.59E316B297EA93B08C0999C209817127.e.7819"}]}
COMMAND: GET /session/4a8a75bcbd0d44f703d13edc121f15a8/element/f.093A703FE9E59CF09BD9C73E01D6E334.d.59E316B297EA93B08C0999C209817127.e.7818/attribute/aria-checked - {}
COMMAND: GET /session/4a8a75bcbd0d44f703d13edc121f15a8/screenshot - {}
RESULT: {}
COMMAND: POST /session/4a8a75bcbd0d44f703d13edc121f15a8/element - {"using":"xpath","value":"//table[contains(@id, \"listView-innerSelectionPanelTable-listUl\")]/tbody/tr[3]/td[2]/div/div"}
RESULT: {}
RESULT: {"using":"xpath","value":"//table[contains(@id, \"listView-innerSelectionPanelTable-listUl\")]/tbody/tr[3]/td[2]/div/div"}
COMMAND: POST /session/4a8a75bcbd0d44f703d13edc121f15a8/element - {"using":"xpath","value":"//table[contains(@id, \"listView-innerSelectionPanelTable-listUl\")]/tbody/tr[3]/td[2]/div"}
RESULT: {"using":"xpath","value":"//table[contains(@id, \"listView-innerSelectionPanelTable-listUl\")]/tbody/tr[3]/td[2]/div"}
COMMAND: POST /session/4a8a75bcbd0d44f703d13edc121f15a8/element - {"using":"xpath","value":"//table[contains(@id, \"listView-innerSelectionPanelTable-listUl\")]/tbody/tr[3]/td[3]/div/div/span/span[1]/bdi"}
RESULT: {"using":"xpath","value":"//table[contains(@id, \"listView-innerSelectionPanelTable-listUl\")]/tbody/tr[3]/td[3]/div/div/span/span[1]/bdi"}
COMMAND: POST /session/4a8a75bcbd0d44f703d13edc121f15a8/execute/sync - {"script":"<script> [56 bytes]","args":[{"element-6066-11e4-a52e-4f735466cecf":"f.093A703FE9E59CF09BD9C73E01D6E334.d.59E316B297EA93B08C0999C209817127.e.7822","ELEMENT":"f.093A703FE9E59CF09BD9C73E01D6E334.d.59E316B297EA93B08C0999C209817127.e.7822"}]}
RESULT: {"script":"<script> [56 bytes]","args":[{"element-6066-11e4-a52e-4f735466cecf":"f.093A703FE9E59CF09BD9C73E01D6E334.d.59E316B297EA93B08C0999C209817127.e.7822","ELEMENT":"f.093A703FE9E59CF09BD9C73E01D6E334.d.59E316B297EA93B08C0999C209817127.e.7822"}]}
COMMAND: GET /session/4a8a75bcbd0d44f703d13edc121f15a8/element/f.093A703FE9E59CF09BD9C73E01D6E334.d.59E316B297EA93B08C0999C209817127.e.7821/attribute/aria-checked - {}
COMMAND: GET /session/4a8a75bcbd0d44f703d13edc121f15a8/screenshot - {}
RESULT: {}
COMMAND: POST /session/4a8a75bcbd0d44f703d13edc121f15a8/element - {"using":"xpath","value":"//table[contains(@id, \"listView-innerSelectionPanelTable-listUl\")]/tbody/tr[4]/td[2]/div/div"}
RESULT: {}
RESULT: {"using":"xpath","value":"//table[contains(@id, \"listView-innerSelectionPanelTable-listUl\")]/tbody/tr[4]/td[2]/div/div"}
COMMAND: POST /session/4a8a75bcbd0d44f703d13edc121f15a8/element - {"using":"xpath","value":"//table[contains(@id, \"listView-innerSelectionPanelTable-listUl\")]/tbody/tr[4]/td[2]/div"}
RESULT: {"using":"xpath","value":"//table[contains(@id, \"listView-innerSelectionPanelTable-listUl\")]/tbody/tr[4]/td[2]/div"}
COMMAND: POST /session/4a8a75bcbd0d44f703d13edc121f15a8/element - {"using":"xpath","value":"//table[contains(@id, \"listView-innerSelectionPanelTable-listUl\")]/tbody/tr[4]/td[3]/div/div/span/span[1]/bdi"}
RESULT: {"using":"xpath","value":"//table[contains(@id, \"listView-innerSelectionPanelTable-listUl\")]/tbody/tr[4]/td[3]/div/div/span/span[1]/bdi"}
COMMAND: POST /session/4a8a75bcbd0d44f703d13edc121f15a8/execute/sync - {"script":"<script> [56 bytes]","args":[{"element-6066-11e4-a52e-4f735466cecf":"f.093A703FE9E59CF09BD9C73E01D6E334.d.59E316B297EA93B08C0999C209817127.e.7825","ELEMENT":"f.093A703FE9E59CF09BD9C73E01D6E334.d.59E316B297EA93B08C0999C209817127.e.7825"}]}
RESULT: {"script":"<script> [56 bytes]","args":[{"element-6066-11e4-a52e-4f735466cecf":"f.093A703FE9E59CF09BD9C73E01D6E334.d.59E316B297EA93B08C0999C209817127.e.7825","ELEMENT":"f.093A703FE9E59CF09BD9C73E01D6E334.d.59E316B297EA93B08C0999C209817127.e.7825"}]}
COMMAND: GET /session/4a8a75bcbd0d44f703d13edc121f15a8/element/f.093A703FE9E59CF09BD9C73E01D6E334.d.59E316B297EA93B08C0999C209817127.e.7824/attribute/aria-checked - {}
COMMAND: GET /session/4a8a75bcbd0d44f703d13edc121f15a8/screenshot - {}
RESULT: {}
COMMAND: POST /session/4a8a75bcbd0d44f703d13edc121f15a8/element - {"using":"xpath","value":"//table[contains(@id, \"listView-innerSelectionPanelTable-listUl\")]/tbody/tr[5]/td[2]/div/div"}
RESULT: {}
RESULT: {"using":"xpath","value":"//table[contains(@id, \"listView-innerSelectionPanelTable-listUl\")]/tbody/tr[5]/td[2]/div/div"}
COMMAND: POST /session/4a8a75bcbd0d44f703d13edc121f15a8/element - {"using":"xpath","value":"//table[contains(@id, \"listView-innerSelectionPanelTable-listUl\")]/tbody/tr[5]/td[2]/div"}
RESULT: {"using":"xpath","value":"//table[contains(@id, \"listView-innerSelectionPanelTable-listUl\")]/tbody/tr[5]/td[2]/div"}
COMMAND: POST /session/4a8a75bcbd0d44f703d13edc121f15a8/element - {"using":"xpath","value":"//table[contains(@id, \"listView-innerSelectionPanelTable-listUl\")]/tbody/tr[5]/td[3]/div/div/span/span[1]/bdi"}
RESULT: {"using":"xpath","value":"//table[contains(@id, \"listView-innerSelectionPanelTable-listUl\")]/tbody/tr[5]/td[3]/div/div/span/span[1]/bdi"}
COMMAND: POST /session/4a8a75bcbd0d44f703d13edc121f15a8/execute/sync - {"script":"<script> [56 bytes]","args":[{"element-6066-11e4-a52e-4f735466cecf":"f.093A703FE9E59CF09BD9C73E01D6E334.d.59E316B297EA93B08C0999C209817127.e.7828","ELEMENT":"f.093A703FE9E59CF09BD9C73E01D6E334.d.59E316B297EA93B08C0999C209817127.e.7828"}]}
RESULT: {"script":"<script> [56 bytes]","args":[{"element-6066-11e4-a52e-4f735466cecf":"f.093A703FE9E59CF09BD9C73E01D6E334.d.59E316B297EA93B08C0999C209817127.e.7828","ELEMENT":"f.093A703FE9E59CF09BD9C73E01D6E334.d.59E316B297EA93B08C0999C209817127.e.7828"}]}
COMMAND: GET /session/4a8a75bcbd0d44f703d13edc121f15a8/element/f.093A703FE9E59CF09BD9C73E01D6E334.d.59E316B297EA93B08C0999C209817127.e.7827/attribute/aria-checked - {}
COMMAND: GET /session/4a8a75bcbd0d44f703d13edc121f15a8/screenshot - {}
RESULT: {}
COMMAND: POST /session/4a8a75bcbd0d44f703d13edc121f15a8/element - {"using":"xpath","value":"//table[contains(@id, \"listView-innerSelectionPanelTable-listUl\")]/tbody/tr[6]/td[2]/div/div"}
RESULT: {}
RESULT: {"using":"xpath","value":"//table[contains(@id, \"listView-innerSelectionPanelTable-listUl\")]/tbody/tr[6]/td[2]/div/div"}
COMMAND: POST /session/4a8a75bcbd0d44f703d13edc121f15a8/element - {"using":"xpath","value":"//table[contains(@id, \"listView-innerSelectionPanelTable-listUl\")]/tbody/tr[6]/td[2]/div"}
RESULT: {"using":"xpath","value":"//table[contains(@id, \"listView-innerSelectionPanelTable-listUl\")]/tbody/tr[6]/td[2]/div"}
COMMAND: POST /session/4a8a75bcbd0d44f703d13edc121f15a8/element - {"using":"xpath","value":"//table[contains(@id, \"listView-innerSelectionPanelTable-listUl\")]/tbody/tr[6]/td[3]/div/div/span/span[1]/bdi"}
RESULT: {"using":"xpath","value":"//table[contains(@id, \"listView-innerSelectionPanelTable-listUl\")]/tbody/tr[6]/td[3]/div/div/span/span[1]/bdi"}
COMMAND: POST /session/4a8a75bcbd0d44f703d13edc121f15a8/execute/sync - {"script":"<script> [56 bytes]","args":[{"element-6066-11e4-a52e-4f735466cecf":"f.093A703FE9E59CF09BD9C73E01D6E334.d.59E316B297EA93B08C0999C209817127.e.7831","ELEMENT":"f.093A703FE9E59CF09BD9C73E01D6E334.d.59E316B297EA93B08C0999C209817127.e.7831"}]}
RESULT: {"script":"<script> [56 bytes]","args":[{"element-6066-11e4-a52e-4f735466cecf":"f.093A703FE9E59CF09BD9C73E01D6E334.d.59E316B297EA93B08C0999C209817127.e.7831","ELEMENT":"f.093A703FE9E59CF09BD9C73E01D6E334.d.59E316B297EA93B08C0999C209817127.e.7831"}]}
COMMAND: GET /session/4a8a75bcbd0d44f703d13edc121f15a8/element/f.093A703FE9E59CF09BD9C73E01D6E334.d.59E316B297EA93B08C0999C209817127.e.7830/attribute/aria-checked - {}
COMMAND: GET /session/4a8a75bcbd0d44f703d13edc121f15a8/screenshot - {}
RESULT: {}
COMMAND: POST /session/4a8a75bcbd0d44f703d13edc121f15a8/element - {"using":"xpath","value":"//table[contains(@id, \"listView-innerSelectionPanelTable-listUl\")]/tbody/tr[7]/td[2]/div/div"}
RESULT: {}
RESULT: {"using":"xpath","value":"//table[contains(@id, \"listView-innerSelectionPanelTable-listUl\")]/tbody/tr[7]/td[2]/div/div"}
COMMAND: POST /session/4a8a75bcbd0d44f703d13edc121f15a8/element - {"using":"xpath","value":"//table[contains(@id, \"listView-innerSelectionPanelTable-listUl\")]/tbody/tr[7]/td[2]/div"}
RESULT: {"using":"xpath","value":"//table[contains(@id, \"listView-innerSelectionPanelTable-listUl\")]/tbody/tr[7]/td[2]/div"}
COMMAND: POST /session/4a8a75bcbd0d44f703d13edc121f15a8/element - {"using":"xpath","value":"//table[contains(@id, \"listView-innerSelectionPanelTable-listUl\")]/tbody/tr[7]/td[3]/div/div/span/span[1]/bdi"}
RESULT: {"using":"xpath","value":"//table[contains(@id, \"listView-innerSelectionPanelTable-listUl\")]/tbody/tr[7]/td[3]/div/div/span/span[1]/bdi"}
COMMAND: POST /session/4a8a75bcbd0d44f703d13edc121f15a8/execute/sync - {"script":"<script> [56 bytes]","args":[{"element-6066-11e4-a52e-4f735466cecf":"f.093A703FE9E59CF09BD9C73E01D6E334.d.59E316B297EA93B08C0999C209817127.e.7834","ELEMENT":"f.093A703FE9E59CF09BD9C73E01D6E334.d.59E316B297EA93B08C0999C209817127.e.7834"}]}
RESULT: {"script":"<script> [56 bytes]","args":[{"element-6066-11e4-a52e-4f735466cecf":"f.093A703FE9E59CF09BD9C73E01D6E334.d.59E316B297EA93B08C0999C209817127.e.7834","ELEMENT":"f.093A703FE9E59CF09BD9C73E01D6E334.d.59E316B297EA93B08C0999C209817127.e.7834"}]}
COMMAND: GET /session/4a8a75bcbd0d44f703d13edc121f15a8/element/f.093A703FE9E59CF09BD9C73E01D6E334.d.59E316B297EA93B08C0999C209817127.e.7833/attribute/aria-checked - {}
COMMAND: GET /session/4a8a75bcbd0d44f703d13edc121f15a8/screenshot - {}
RESULT: {}
COMMAND: POST /session/4a8a75bcbd0d44f703d13edc121f15a8/element - {"using":"xpath","value":"//table[contains(@id, \"listView-innerSelectionPanelTable-listUl\")]/tbody/tr[8]/td[2]/div/div"}
RESULT: {}
RESULT: {"using":"xpath","value":"//table[contains(@id, \"listView-innerSelectionPanelTable-listUl\")]/tbody/tr[8]/td[2]/div/div"}
COMMAND: POST /session/4a8a75bcbd0d44f703d13edc121f15a8/element - {"using":"xpath","value":"//table[contains(@id, \"listView-innerSelectionPanelTable-listUl\")]/tbody/tr[8]/td[2]/div"}
RESULT: {"using":"xpath","value":"//table[contains(@id, \"listView-innerSelectionPanelTable-listUl\")]/tbody/tr[8]/td[2]/div"}
COMMAND: POST /session/4a8a75bcbd0d44f703d13edc121f15a8/element - {"using":"xpath","value":"//table[contains(@id, \"listView-innerSelectionPanelTable-listUl\")]/tbody/tr[8]/td[3]/div/div/span/span[1]/bdi"}
RESULT: {"using":"xpath","value":"//table[contains(@id, \"listView-innerSelectionPanelTable-listUl\")]/tbody/tr[8]/td[3]/div/div/span/span[1]/bdi"}
COMMAND: POST /session/4a8a75bcbd0d44f703d13edc121f15a8/execute/sync - {"script":"<script> [56 bytes]","args":[{"element-6066-11e4-a52e-4f735466cecf":"f.093A703FE9E59CF09BD9C73E01D6E334.d.59E316B297EA93B08C0999C209817127.e.7837","ELEMENT":"f.093A703FE9E59CF09BD9C73E01D6E334.d.59E316B297EA93B08C0999C209817127.e.7837"}]}
RESULT: {"script":"<script> [56 bytes]","args":[{"element-6066-11e4-a52e-4f735466cecf":"f.093A703FE9E59CF09BD9C73E01D6E334.d.59E316B297EA93B08C0999C209817127.e.7837","ELEMENT":"f.093A703FE9E59CF09BD9C73E01D6E334.d.59E316B297EA93B08C0999C209817127.e.7837"}]}
COMMAND: GET /session/4a8a75bcbd0d44f703d13edc121f15a8/element/f.093A703FE9E59CF09BD9C73E01D6E334.d.59E316B297EA93B08C0999C209817127.e.7836/attribute/aria-checked - {}
COMMAND: GET /session/4a8a75bcbd0d44f703d13edc121f15a8/screenshot - {}
RESULT: {}
COMMAND: POST /session/4a8a75bcbd0d44f703d13edc121f15a8/element - {"using":"xpath","value":"//table[contains(@id, \"listView-innerSelectionPanelTable-listUl\")]/tbody/tr[9]/td[2]/div/div"}
RESULT: {}
RESULT: {"using":"xpath","value":"//table[contains(@id, \"listView-innerSelectionPanelTable-listUl\")]/tbody/tr[9]/td[2]/div/div"}
COMMAND: POST /session/4a8a75bcbd0d44f703d13edc121f15a8/element - {"using":"xpath","value":"//table[contains(@id, \"listView-innerSelectionPanelTable-listUl\")]/tbody/tr[9]/td[2]/div"}
RESULT: {"using":"xpath","value":"//table[contains(@id, \"listView-innerSelectionPanelTable-listUl\")]/tbody/tr[9]/td[2]/div"}
COMMAND: POST /session/4a8a75bcbd0d44f703d13edc121f15a8/element - {"using":"xpath","value":"//table[contains(@id, \"listView-innerSelectionPanelTable-listUl\")]/tbody/tr[9]/td[3]/div/div/span/span[1]/bdi"}
RESULT: {"using":"xpath","value":"//table[contains(@id, \"listView-innerSelectionPanelTable-listUl\")]/tbody/tr[9]/td[3]/div/div/span/span[1]/bdi"}
COMMAND: POST /session/4a8a75bcbd0d44f703d13edc121f15a8/execute/sync - {"script":"<script> [56 bytes]","args":[{"element-6066-11e4-a52e-4f735466cecf":"f.093A703FE9E59CF09BD9C73E01D6E334.d.59E316B297EA93B08C0999C209817127.e.7840","ELEMENT":"f.093A703FE9E59CF09BD9C73E01D6E334.d.59E316B297EA93B08C0999C209817127.e.7840"}]}
RESULT: {"script":"<script> [56 bytes]","args":[{"element-6066-11e4-a52e-4f735466cecf":"f.093A703FE9E59CF09BD9C73E01D6E334.d.59E316B297EA93B08C0999C209817127.e.7840","ELEMENT":"f.093A703FE9E59CF09BD9C73E01D6E334.d.59E316B297EA93B08C0999C209817127.e.7840"}]}
COMMAND: GET /session/4a8a75bcbd0d44f703d13edc121f15a8/element/f.093A703FE9E59CF09BD9C73E01D6E334.d.59E316B297EA93B08C0999C209817127.e.7839/attribute/aria-checked - {}
COMMAND: GET /session/4a8a75bcbd0d44f703d13edc121f15a8/screenshot - {}
RESULT: {}
COMMAND: POST /session/4a8a75bcbd0d44f703d13edc121f15a8/element - {"using":"xpath","value":"//table[contains(@id, \"listView-innerSelectionPanelTable-listUl\")]/tbody/tr[10]/td[2]/div/div"}
RESULT: {}
RESULT: {"using":"xpath","value":"//table[contains(@id, \"listView-innerSelectionPanelTable-listUl\")]/tbody/tr[10]/td[2]/div/div"}
COMMAND: POST /session/4a8a75bcbd0d44f703d13edc121f15a8/element - {"using":"xpath","value":"//table[contains(@id, \"listView-innerSelectionPanelTable-listUl\")]/tbody/tr[10]/td[2]/div"}
RESULT: {"using":"xpath","value":"//table[contains(@id, \"listView-innerSelectionPanelTable-listUl\")]/tbody/tr[10]/td[2]/div"}
COMMAND: POST /session/4a8a75bcbd0d44f703d13edc121f15a8/element - {"using":"xpath","value":"//table[contains(@id, \"listView-innerSelectionPanelTable-listUl\")]/tbody/tr[10]/td[3]/div/div/span/span[1]/bdi"}
RESULT: {"using":"xpath","value":"//table[contains(@id, \"listView-innerSelectionPanelTable-listUl\")]/tbody/tr[10]/td[3]/div/div/span/span[1]/bdi"}
COMMAND: POST /session/4a8a75bcbd0d44f703d13edc121f15a8/execute/sync - {"script":"<script> [56 bytes]","args":[{"element-6066-11e4-a52e-4f735466cecf":"f.093A703FE9E59CF09BD9C73E01D6E334.d.59E316B297EA93B08C0999C209817127.e.7843","ELEMENT":"f.093A703FE9E59CF09BD9C73E01D6E334.d.59E316B297EA93B08C0999C209817127.e.7843"}]}
RESULT: {"script":"<script> [56 bytes]","args":[{"element-6066-11e4-a52e-4f735466cecf":"f.093A703FE9E59CF09BD9C73E01D6E334.d.59E316B297EA93B08C0999C209817127.e.7843","ELEMENT":"f.093A703FE9E59CF09BD9C73E01D6E334.d.59E316B297EA93B08C0999C209817127.e.7843"}]}
COMMAND: GET /session/4a8a75bcbd0d44f703d13edc121f15a8/element/f.093A703FE9E59CF09BD9C73E01D6E334.d.59E316B297EA93B08C0999C209817127.e.7842/attribute/aria-checked - {}
COMMAND: GET /session/4a8a75bcbd0d44f703d13edc121f15a8/screenshot - {}
RESULT: {}
COMMAND: POST /session/4a8a75bcbd0d44f703d13edc121f15a8/element - {"using":"xpath","value":"//table[contains(@id, \"listView-innerSelectionPanelTable-listUl\")]/tbody/tr[11]/td[2]/div/div"}
RESULT: {}
RESULT: {"using":"xpath","value":"//table[contains(@id, \"listView-innerSelectionPanelTable-listUl\")]/tbody/tr[11]/td[2]/div/div"}
COMMAND: POST /session/4a8a75bcbd0d44f703d13edc121f15a8/element - {"using":"xpath","value":"//table[contains(@id, \"listView-innerSelectionPanelTable-listUl\")]/tbody/tr[11]/td[2]/div"}
RESULT: {"using":"xpath","value":"//table[contains(@id, \"listView-innerSelectionPanelTable-listUl\")]/tbody/tr[11]/td[2]/div"}
COMMAND: POST /session/4a8a75bcbd0d44f703d13edc121f15a8/element - {"using":"xpath","value":"//table[contains(@id, \"listView-innerSelectionPanelTable-listUl\")]/tbody/tr[11]/td[3]/div/div/span/span[1]/bdi"}
RESULT: {"using":"xpath","value":"//table[contains(@id, \"listView-innerSelectionPanelTable-listUl\")]/tbody/tr[11]/td[3]/div/div/span/span[1]/bdi"}
COMMAND: POST /session/4a8a75bcbd0d44f703d13edc121f15a8/execute/sync - {"script":"<script> [56 bytes]","args":[{"element-6066-11e4-a52e-4f735466cecf":"f.093A703FE9E59CF09BD9C73E01D6E334.d.59E316B297EA93B08C0999C209817127.e.7846","ELEMENT":"f.093A703FE9E59CF09BD9C73E01D6E334.d.59E316B297EA93B08C0999C209817127.e.7846"}]}
RESULT: {"script":"<script> [56 bytes]","args":[{"element-6066-11e4-a52e-4f735466cecf":"f.093A703FE9E59CF09BD9C73E01D6E334.d.59E316B297EA93B08C0999C209817127.e.7846","ELEMENT":"f.093A703FE9E59CF09BD9C73E01D6E334.d.59E316B297EA93B08C0999C209817127.e.7846"}]}
COMMAND: GET /session/4a8a75bcbd0d44f703d13edc121f15a8/element/f.093A703FE9E59CF09BD9C73E01D6E334.d.59E316B297EA93B08C0999C209817127.e.7845/attribute/aria-checked - {}
COMMAND: GET /session/4a8a75bcbd0d44f703d13edc121f15a8/screenshot - {}
RESULT: {}
COMMAND: POST /session/4a8a75bcbd0d44f703d13edc121f15a8/element - {"using":"xpath","value":"//table[contains(@id, \"listView-innerSelectionPanelTable-listUl\")]/tbody/tr[12]/td[2]/div/div"}
RESULT: {}
RESULT: {"using":"xpath","value":"//table[contains(@id, \"listView-innerSelectionPanelTable-listUl\")]/tbody/tr[12]/td[2]/div/div"}
COMMAND: POST /session/4a8a75bcbd0d44f703d13edc121f15a8/element - {"using":"xpath","value":"//table[contains(@id, \"listView-innerSelectionPanelTable-listUl\")]/tbody/tr[12]/td[2]/div"}
RESULT: {"using":"xpath","value":"//table[contains(@id, \"listView-innerSelectionPanelTable-listUl\")]/tbody/tr[12]/td[2]/div"}
COMMAND: POST /session/4a8a75bcbd0d44f703d13edc121f15a8/element - {"using":"xpath","value":"//table[contains(@id, \"listView-innerSelectionPanelTable-listUl\")]/tbody/tr[12]/td[3]/div/div/span/span[1]/bdi"}
RESULT: {"using":"xpath","value":"//table[contains(@id, \"listView-innerSelectionPanelTable-listUl\")]/tbody/tr[12]/td[3]/div/div/span/span[1]/bdi"}
COMMAND: POST /session/4a8a75bcbd0d44f703d13edc121f15a8/execute/sync - {"script":"<script> [56 bytes]","args":[{"element-6066-11e4-a52e-4f735466cecf":"f.093A703FE9E59CF09BD9C73E01D6E334.d.59E316B297EA93B08C0999C209817127.e.7849","ELEMENT":"f.093A703FE9E59CF09BD9C73E01D6E334.d.59E316B297EA93B08C0999C209817127.e.7849"}]}
RESULT: {"script":"<script> [56 bytes]","args":[{"element-6066-11e4-a52e-4f735466cecf":"f.093A703FE9E59CF09BD9C73E01D6E334.d.59E316B297EA93B08C0999C209817127.e.7849","ELEMENT":"f.093A703FE9E59CF09BD9C73E01D6E334.d.59E316B297EA93B08C0999C209817127.e.7849"}]}
COMMAND: GET /session/4a8a75bcbd0d44f703d13edc121f15a8/element/f.093A703FE9E59CF09BD9C73E01D6E334.d.59E316B297EA93B08C0999C209817127.e.7848/attribute/aria-checked - {}
COMMAND: GET /session/4a8a75bcbd0d44f703d13edc121f15a8/screenshot - {}
RESULT: {}
COMMAND: POST /session/4a8a75bcbd0d44f703d13edc121f15a8/element - {"using":"xpath","value":"//table[contains(@id, \"listView-innerSelectionPanelTable-listUl\")]/tbody/tr[13]/td[2]/div/div"}
RESULT: {}
RESULT: {"using":"xpath","value":"//table[contains(@id, \"listView-innerSelectionPanelTable-listUl\")]/tbody/tr[13]/td[2]/div/div"}
COMMAND: POST /session/4a8a75bcbd0d44f703d13edc121f15a8/element - {"using":"xpath","value":"//table[contains(@id, \"listView-innerSelectionPanelTable-listUl\")]/tbody/tr[13]/td[2]/div"}
RESULT: {"using":"xpath","value":"//table[contains(@id, \"listView-innerSelectionPanelTable-listUl\")]/tbody/tr[13]/td[2]/div"}
COMMAND: POST /session/4a8a75bcbd0d44f703d13edc121f15a8/element - {"using":"xpath","value":"//table[contains(@id, \"listView-innerSelectionPanelTable-listUl\")]/tbody/tr[13]/td[3]/div/div/span/span[1]/bdi"}
RESULT: {"using":"xpath","value":"//table[contains(@id, \"listView-innerSelectionPanelTable-listUl\")]/tbody/tr[13]/td[3]/div/div/span/span[1]/bdi"}
COMMAND: POST /session/4a8a75bcbd0d44f703d13edc121f15a8/execute/sync - {"script":"<script> [56 bytes]","args":[{"element-6066-11e4-a52e-4f735466cecf":"f.093A703FE9E59CF09BD9C73E01D6E334.d.59E316B297EA93B08C0999C209817127.e.7852","ELEMENT":"f.093A703FE9E59CF09BD9C73E01D6E334.d.59E316B297EA93B08C0999C209817127.e.7852"}]}
RESULT: {"script":"<script> [56 bytes]","args":[{"element-6066-11e4-a52e-4f735466cecf":"f.093A703FE9E59CF09BD9C73E01D6E334.d.59E316B297EA93B08C0999C209817127.e.7852","ELEMENT":"f.093A703FE9E59CF09BD9C73E01D6E334.d.59E316B297EA93B08C0999C209817127.e.7852"}]}
COMMAND: GET /session/4a8a75bcbd0d44f703d13edc121f15a8/element/f.093A703FE9E59CF09BD9C73E01D6E334.d.59E316B297EA93B08C0999C209817127.e.7851/attribute/aria-checked - {}
COMMAND: GET /session/4a8a75bcbd0d44f703d13edc121f15a8/screenshot - {}
RESULT: {}
COMMAND: POST /session/4a8a75bcbd0d44f703d13edc121f15a8/element - {"using":"xpath","value":"//table[contains(@id, \"listView-innerSelectionPanelTable-listUl\")]/tbody/tr[14]/td[2]/div/div"}
RESULT: {}
RESULT: {"using":"xpath","value":"//table[contains(@id, \"listView-innerSelectionPanelTable-listUl\")]/tbody/tr[14]/td[2]/div/div"}
COMMAND: POST /session/4a8a75bcbd0d44f703d13edc121f15a8/element - {"using":"xpath","value":"//table[contains(@id, \"listView-innerSelectionPanelTable-listUl\")]/tbody/tr[14]/td[2]/div"}
RESULT: {"using":"xpath","value":"//table[contains(@id, \"listView-innerSelectionPanelTable-listUl\")]/tbody/tr[14]/td[2]/div"}
COMMAND: POST /session/4a8a75bcbd0d44f703d13edc121f15a8/element - {"using":"xpath","value":"//table[contains(@id, \"listView-innerSelectionPanelTable-listUl\")]/tbody/tr[14]/td[3]/div/div/span/span[1]/bdi"}
RESULT: {"using":"xpath","value":"//table[contains(@id, \"listView-innerSelectionPanelTable-listUl\")]/tbody/tr[14]/td[3]/div/div/span/span[1]/bdi"}
COMMAND: POST /session/4a8a75bcbd0d44f703d13edc121f15a8/execute/sync - {"script":"<script> [56 bytes]","args":[{"element-6066-11e4-a52e-4f735466cecf":"f.093A703FE9E59CF09BD9C73E01D6E334.d.59E316B297EA93B08C0999C209817127.e.7855","ELEMENT":"f.093A703FE9E59CF09BD9C73E01D6E334.d.59E316B297EA93B08C0999C209817127.e.7855"}]}
RESULT: {"script":"<script> [56 bytes]","args":[{"element-6066-11e4-a52e-4f735466cecf":"f.093A703FE9E59CF09BD9C73E01D6E334.d.59E316B297EA93B08C0999C209817127.e.7855","ELEMENT":"f.093A703FE9E59CF09BD9C73E01D6E334.d.59E316B297EA93B08C0999C209817127.e.7855"}]}
COMMAND: GET /session/4a8a75bcbd0d44f703d13edc121f15a8/element/f.093A703FE9E59CF09BD9C73E01D6E334.d.59E316B297EA93B08C0999C209817127.e.7854/attribute/aria-checked - {}
COMMAND: GET /session/4a8a75bcbd0d44f703d13edc121f15a8/screenshot - {}
RESULT: {}
COMMAND: POST /session/4a8a75bcbd0d44f703d13edc121f15a8/element - {"using":"xpath","value":"//table[contains(@id, \"listView-innerSelectionPanelTable-listUl\")]/tbody/tr[15]/td[2]/div/div"}
RESULT: {}
RESULT: {"using":"xpath","value":"//table[contains(@id, \"listView-innerSelectionPanelTable-listUl\")]/tbody/tr[15]/td[2]/div/div"}
COMMAND: POST /session/4a8a75bcbd0d44f703d13edc121f15a8/element - {"using":"xpath","value":"//table[contains(@id, \"listView-innerSelectionPanelTable-listUl\")]/tbody/tr[15]/td[2]/div"}
RESULT: {"using":"xpath","value":"//table[contains(@id, \"listView-innerSelectionPanelTable-listUl\")]/tbody/tr[15]/td[2]/div"}
COMMAND: POST /session/4a8a75bcbd0d44f703d13edc121f15a8/element - {"using":"xpath","value":"//table[contains(@id, \"listView-innerSelectionPanelTable-listUl\")]/tbody/tr[15]/td[3]/div/div/span/span[1]/bdi"}
RESULT: {"using":"xpath","value":"//table[contains(@id, \"listView-innerSelectionPanelTable-listUl\")]/tbody/tr[15]/td[3]/div/div/span/span[1]/bdi"}
COMMAND: POST /session/4a8a75bcbd0d44f703d13edc121f15a8/execute/sync - {"script":"<script> [56 bytes]","args":[{"element-6066-11e4-a52e-4f735466cecf":"f.093A703FE9E59CF09BD9C73E01D6E334.d.59E316B297EA93B08C0999C209817127.e.7858","ELEMENT":"f.093A703FE9E59CF09BD9C73E01D6E334.d.59E316B297EA93B08C0999C209817127.e.7858"}]}
RESULT: {"script":"<script> [56 bytes]","args":[{"element-6066-11e4-a52e-4f735466cecf":"f.093A703FE9E59CF09BD9C73E01D6E334.d.59E316B297EA93B08C0999C209817127.e.7858","ELEMENT":"f.093A703FE9E59CF09BD9C73E01D6E334.d.59E316B297EA93B08C0999C209817127.e.7858"}]}
COMMAND: GET /session/4a8a75bcbd0d44f703d13edc121f15a8/element/f.093A703FE9E59CF09BD9C73E01D6E334.d.59E316B297EA93B08C0999C209817127.e.7857/attribute/aria-checked - {}
COMMAND: GET /session/4a8a75bcbd0d44f703d13edc121f15a8/screenshot - {}
RESULT: {}
COMMAND: POST /session/4a8a75bcbd0d44f703d13edc121f15a8/element - {"using":"xpath","value":"//table[contains(@id, \"listView-innerSelectionPanelTable-listUl\")]/tbody/tr[16]/td[2]/div/div"}
RESULT: {}
RESULT: {"using":"xpath","value":"//table[contains(@id, \"listView-innerSelectionPanelTable-listUl\")]/tbody/tr[16]/td[2]/div/div"}
COMMAND: POST /session/4a8a75bcbd0d44f703d13edc121f15a8/element - {"using":"xpath","value":"//table[contains(@id, \"listView-innerSelectionPanelTable-listUl\")]/tbody/tr[16]/td[2]/div"}
RESULT: {"using":"xpath","value":"//table[contains(@id, \"listView-innerSelectionPanelTable-listUl\")]/tbody/tr[16]/td[2]/div"}
COMMAND: POST /session/4a8a75bcbd0d44f703d13edc121f15a8/element - {"using":"xpath","value":"//table[contains(@id, \"listView-innerSelectionPanelTable-listUl\")]/tbody/tr[16]/td[3]/div/div/span/span[1]/bdi"}
RESULT: {"using":"xpath","value":"//table[contains(@id, \"listView-innerSelectionPanelTable-listUl\")]/tbody/tr[16]/td[3]/div/div/span/span[1]/bdi"}
COMMAND: POST /session/4a8a75bcbd0d44f703d13edc121f15a8/execute/sync - {"script":"<script> [56 bytes]","args":[{"element-6066-11e4-a52e-4f735466cecf":"f.093A703FE9E59CF09BD9C73E01D6E334.d.59E316B297EA93B08C0999C209817127.e.7861","ELEMENT":"f.093A703FE9E59CF09BD9C73E01D6E334.d.59E316B297EA93B08C0999C209817127.e.7861"}]}
RESULT: {"script":"<script> [56 bytes]","args":[{"element-6066-11e4-a52e-4f735466cecf":"f.093A703FE9E59CF09BD9C73E01D6E334.d.59E316B297EA93B08C0999C209817127.e.7861","ELEMENT":"f.093A703FE9E59CF09BD9C73E01D6E334.d.59E316B297EA93B08C0999C209817127.e.7861"}]}
COMMAND: GET /session/4a8a75bcbd0d44f703d13edc121f15a8/element/f.093A703FE9E59CF09BD9C73E01D6E334.d.59E316B297EA93B08C0999C209817127.e.7860/attribute/aria-checked - {}
COMMAND: GET /session/4a8a75bcbd0d44f703d13edc121f15a8/screenshot - {}
RESULT: {}
COMMAND: POST /session/4a8a75bcbd0d44f703d13edc121f15a8/element - {"using":"xpath","value":"//table[contains(@id, \"listView-innerSelectionPanelTable-listUl\")]/tbody/tr[17]/td[2]/div/div"}
RESULT: {}
RESULT: {"using":"xpath","value":"//table[contains(@id, \"listView-innerSelectionPanelTable-listUl\")]/tbody/tr[17]/td[2]/div/div"}
COMMAND: POST /session/4a8a75bcbd0d44f703d13edc121f15a8/element - {"using":"xpath","value":"//table[contains(@id, \"listView-innerSelectionPanelTable-listUl\")]/tbody/tr[17]/td[2]/div"}
RESULT: {"using":"xpath","value":"//table[contains(@id, \"listView-innerSelectionPanelTable-listUl\")]/tbody/tr[17]/td[2]/div"}
COMMAND: POST /session/4a8a75bcbd0d44f703d13edc121f15a8/element - {"using":"xpath","value":"//table[contains(@id, \"listView-innerSelectionPanelTable-listUl\")]/tbody/tr[17]/td[3]/div/div/span/span[1]/bdi"}
RESULT: {"using":"xpath","value":"//table[contains(@id, \"listView-innerSelectionPanelTable-listUl\")]/tbody/tr[17]/td[3]/div/div/span/span[1]/bdi"}
COMMAND: POST /session/4a8a75bcbd0d44f703d13edc121f15a8/execute/sync - {"script":"<script> [56 bytes]","args":[{"element-6066-11e4-a52e-4f735466cecf":"f.093A703FE9E59CF09BD9C73E01D6E334.d.59E316B297EA93B08C0999C209817127.e.7864","ELEMENT":"f.093A703FE9E59CF09BD9C73E01D6E334.d.59E316B297EA93B08C0999C209817127.e.7864"}]}
RESULT: {"script":"<script> [56 bytes]","args":[{"element-6066-11e4-a52e-4f735466cecf":"f.093A703FE9E59CF09BD9C73E01D6E334.d.59E316B297EA93B08C0999C209817127.e.7864","ELEMENT":"f.093A703FE9E59CF09BD9C73E01D6E334.d.59E316B297EA93B08C0999C209817127.e.7864"}]}
COMMAND: GET /session/4a8a75bcbd0d44f703d13edc121f15a8/element/f.093A703FE9E59CF09BD9C73E01D6E334.d.59E316B297EA93B08C0999C209817127.e.7863/attribute/aria-checked - {}
COMMAND: GET /session/4a8a75bcbd0d44f703d13edc121f15a8/screenshot - {}
RESULT: {}
COMMAND: POST /session/4a8a75bcbd0d44f703d13edc121f15a8/element - {"using":"xpath","value":"//table[contains(@id, \"listView-innerSelectionPanelTable-listUl\")]/tbody/tr[18]/td[2]/div/div"}
RESULT: {}
RESULT: {"using":"xpath","value":"//table[contains(@id, \"listView-innerSelectionPanelTable-listUl\")]/tbody/tr[18]/td[2]/div/div"}
COMMAND: POST /session/4a8a75bcbd0d44f703d13edc121f15a8/element - {"using":"xpath","value":"//table[contains(@id, \"listView-innerSelectionPanelTable-listUl\")]/tbody/tr[18]/td[2]/div"}
RESULT: {"using":"xpath","value":"//table[contains(@id, \"listView-innerSelectionPanelTable-listUl\")]/tbody/tr[18]/td[2]/div"}
COMMAND: POST /session/4a8a75bcbd0d44f703d13edc121f15a8/element - {"using":"xpath","value":"//table[contains(@id, \"listView-innerSelectionPanelTable-listUl\")]/tbody/tr[18]/td[3]/div/div/span/span[1]/bdi"}
RESULT: {"using":"xpath","value":"//table[contains(@id, \"listView-innerSelectionPanelTable-listUl\")]/tbody/tr[18]/td[3]/div/div/span/span[1]/bdi"}
COMMAND: POST /session/4a8a75bcbd0d44f703d13edc121f15a8/execute/sync - {"script":"<script> [56 bytes]","args":[{"element-6066-11e4-a52e-4f735466cecf":"f.093A703FE9E59CF09BD9C73E01D6E334.d.59E316B297EA93B08C0999C209817127.e.7867","ELEMENT":"f.093A703FE9E59CF09BD9C73E01D6E334.d.59E316B297EA93B08C0999C209817127.e.7867"}]}
RESULT: {"script":"<script> [56 bytes]","args":[{"element-6066-11e4-a52e-4f735466cecf":"f.093A703FE9E59CF09BD9C73E01D6E334.d.59E316B297EA93B08C0999C209817127.e.7867","ELEMENT":"f.093A703FE9E59CF09BD9C73E01D6E334.d.59E316B297EA93B08C0999C209817127.e.7867"}]}
COMMAND: GET /session/4a8a75bcbd0d44f703d13edc121f15a8/element/f.093A703FE9E59CF09BD9C73E01D6E334.d.59E316B297EA93B08C0999C209817127.e.7866/attribute/aria-checked - {}
COMMAND: GET /session/4a8a75bcbd0d44f703d13edc121f15a8/screenshot - {}
RESULT: {}
COMMAND: POST /session/4a8a75bcbd0d44f703d13edc121f15a8/element - {"using":"xpath","value":"//table[contains(@id, \"listView-innerSelectionPanelTable-listUl\")]/tbody/tr[19]/td[2]/div/div"}
RESULT: {}
RESULT: {"using":"xpath","value":"//table[contains(@id, \"listView-innerSelectionPanelTable-listUl\")]/tbody/tr[19]/td[2]/div/div"}
COMMAND: POST /session/4a8a75bcbd0d44f703d13edc121f15a8/element - {"using":"xpath","value":"//table[contains(@id, \"listView-innerSelectionPanelTable-listUl\")]/tbody/tr[19]/td[2]/div"}
RESULT: {"using":"xpath","value":"//table[contains(@id, \"listView-innerSelectionPanelTable-listUl\")]/tbody/tr[19]/td[2]/div"}
COMMAND: POST /session/4a8a75bcbd0d44f703d13edc121f15a8/element - {"using":"xpath","value":"//table[contains(@id, \"listView-innerSelectionPanelTable-listUl\")]/tbody/tr[19]/td[3]/div/div/span/span[1]/bdi"}
RESULT: {"using":"xpath","value":"//table[contains(@id, \"listView-innerSelectionPanelTable-listUl\")]/tbody/tr[19]/td[3]/div/div/span/span[1]/bdi"}
COMMAND: POST /session/4a8a75bcbd0d44f703d13edc121f15a8/execute/sync - {"script":"<script> [56 bytes]","args":[{"element-6066-11e4-a52e-4f735466cecf":"f.093A703FE9E59CF09BD9C73E01D6E334.d.59E316B297EA93B08C0999C209817127.e.7870","ELEMENT":"f.093A703FE9E59CF09BD9C73E01D6E334.d.59E316B297EA93B08C0999C209817127.e.7870"}]}
RESULT: {"script":"<script> [56 bytes]","args":[{"element-6066-11e4-a52e-4f735466cecf":"f.093A703FE9E59CF09BD9C73E01D6E334.d.59E316B297EA93B08C0999C209817127.e.7870","ELEMENT":"f.093A703FE9E59CF09BD9C73E01D6E334.d.59E316B297EA93B08C0999C209817127.e.7870"}]}
COMMAND: GET /session/4a8a75bcbd0d44f703d13edc121f15a8/element/f.093A703FE9E59CF09BD9C73E01D6E334.d.59E316B297EA93B08C0999C209817127.e.7869/attribute/aria-checked - {}
COMMAND: GET /session/4a8a75bcbd0d44f703d13edc121f15a8/screenshot - {}
RESULT: {}
COMMAND: POST /session/4a8a75bcbd0d44f703d13edc121f15a8/element - {"using":"xpath","value":"//table[contains(@id, \"listView-innerSelectionPanelTable-listUl\")]/tbody/tr[20]/td[2]/div/div"}
RESULT: {}
RESULT: {"using":"xpath","value":"//table[contains(@id, \"listView-innerSelectionPanelTable-listUl\")]/tbody/tr[20]/td[2]/div/div"}
COMMAND: POST /session/4a8a75bcbd0d44f703d13edc121f15a8/element - {"using":"xpath","value":"//table[contains(@id, \"listView-innerSelectionPanelTable-listUl\")]/tbody/tr[20]/td[2]/div"}
RESULT: {"using":"xpath","value":"//table[contains(@id, \"listView-innerSelectionPanelTable-listUl\")]/tbody/tr[20]/td[2]/div"}
COMMAND: POST /session/4a8a75bcbd0d44f703d13edc121f15a8/element - {"using":"xpath","value":"//table[contains(@id, \"listView-innerSelectionPanelTable-listUl\")]/tbody/tr[20]/td[3]/div/div/span/span[1]/bdi"}
RESULT: {"using":"xpath","value":"//table[contains(@id, \"listView-innerSelectionPanelTable-listUl\")]/tbody/tr[20]/td[3]/div/div/span/span[1]/bdi"}
COMMAND: POST /session/4a8a75bcbd0d44f703d13edc121f15a8/execute/sync - {"script":"<script> [56 bytes]","args":[{"element-6066-11e4-a52e-4f735466cecf":"f.093A703FE9E59CF09BD9C73E01D6E334.d.59E316B297EA93B08C0999C209817127.e.7873","ELEMENT":"f.093A703FE9E59CF09BD9C73E01D6E334.d.59E316B297EA93B08C0999C209817127.e.7873"}]}
RESULT: {"script":"<script> [56 bytes]","args":[{"element-6066-11e4-a52e-4f735466cecf":"f.093A703FE9E59CF09BD9C73E01D6E334.d.59E316B297EA93B08C0999C209817127.e.7873","ELEMENT":"f.093A703FE9E59CF09BD9C73E01D6E334.d.59E316B297EA93B08C0999C209817127.e.7873"}]}
COMMAND: GET /session/4a8a75bcbd0d44f703d13edc121f15a8/element/f.093A703FE9E59CF09BD9C73E01D6E334.d.59E316B297EA93B08C0999C209817127.e.7872/attribute/aria-checked - {}
COMMAND: GET /session/4a8a75bcbd0d44f703d13edc121f15a8/screenshot - {}
RESULT: {}
COMMAND: POST /session/4a8a75bcbd0d44f703d13edc121f15a8/element - {"using":"xpath","value":"//table[contains(@id, \"listView-innerSelectionPanelTable-listUl\")]/tbody/tr[21]/td[2]/div/div"}
COMMAND: POST /session/4a8a75bcbd0d44f703d13edc121f15a8/element/f.093A703FE9E59CF09BD9C73E01D6E334.d.59E316B297EA93B08C0999C209817127.e.7871/click - {}
RESULT: {}
RESULT: {"using":"xpath","value":"//table[contains(@id, \"listView-innerSelectionPanelTable-listUl\")]/tbody/tr[21]/td[2]/div/div"}
COMMAND: POST /session/4a8a75bcbd0d44f703d13edc121f15a8/element - {"using":"xpath","value":"//table[contains(@id, \"listView-innerSelectionPanelTable-listUl\")]/tbody/tr[21]/td[2]/div"}
RESULT: {}
COMMAND: GET /session/4a8a75bcbd0d44f703d13edc121f15a8/screenshot - {}
RESULT: {"using":"xpath","value":"//table[contains(@id, \"listView-innerSelectionPanelTable-listUl\")]/tbody/tr[21]/td[2]/div"}
COMMAND: POST /session/4a8a75bcbd0d44f703d13edc121f15a8/element - {"using":"xpath","value":"//table[contains(@id, \"listView-innerSelectionPanelTable-listUl\")]/tbody/tr[21]/td[3]/div/div/span/span[1]/bdi"}
RESULT: {}
RESULT: {"using":"xpath","value":"//table[contains(@id, \"listView-innerSelectionPanelTable-listUl\")]/tbody/tr[21]/td[3]/div/div/span/span[1]/bdi"}
COMMAND: POST /session/4a8a75bcbd0d44f703d13edc121f15a8/execute/sync - {"script":"<script> [56 bytes]","args":[{"element-6066-11e4-a52e-4f735466cecf":"f.093A703FE9E59CF09BD9C73E01D6E334.d.59E316B297EA93B08C0999C209817127.e.7879","ELEMENT":"f.093A703FE9E59CF09BD9C73E01D6E334.d.59E316B297EA93B08C0999C209817127.e.7879"}]}
RESULT: {"script":"<script> [56 bytes]","args":[{"element-6066-11e4-a52e-4f735466cecf":"f.093A703FE9E59CF09BD9C73E01D6E334.d.59E316B297EA93B08C0999C209817127.e.7879","ELEMENT":"f.093A703FE9E59CF09BD9C73E01D6E334.d.59E316B297EA93B08C0999C209817127.e.7879"}]}
COMMAND: GET /session/4a8a75bcbd0d44f703d13edc121f15a8/element/f.093A703FE9E59CF09BD9C73E01D6E334.d.59E316B297EA93B08C0999C209817127.e.7878/attribute/aria-checked - {}
COMMAND: GET /session/4a8a75bcbd0d44f703d13edc121f15a8/screenshot - {}
RESULT: {}
COMMAND: POST /session/4a8a75bcbd0d44f703d13edc121f15a8/element - {"using":"xpath","value":"//table[contains(@id, \"listView-innerSelectionPanelTable-listUl\")]/tbody/tr[22]/td[2]/div/div"}
COMMAND: POST /session/4a8a75bcbd0d44f703d13edc121f15a8/element/f.093A703FE9E59CF09BD9C73E01D6E334.d.59E316B297EA93B08C0999C209817127.e.7874/click - {}
RESULT: {}
RESULT: {"using":"xpath","value":"//table[contains(@id, \"listView-innerSelectionPanelTable-listUl\")]/tbody/tr[22]/td[2]/div/div"}
COMMAND: POST /session/4a8a75bcbd0d44f703d13edc121f15a8/element - {"using":"xpath","value":"//table[contains(@id, \"listView-innerSelectionPanelTable-listUl\")]/tbody/tr[22]/td[2]/div"}
RESULT: {}
COMMAND: GET /session/4a8a75bcbd0d44f703d13edc121f15a8/screenshot - {}
RESULT: {"using":"xpath","value":"//table[contains(@id, \"listView-innerSelectionPanelTable-listUl\")]/tbody/tr[22]/td[2]/div"}
COMMAND: POST /session/4a8a75bcbd0d44f703d13edc121f15a8/element - {"using":"xpath","value":"//table[contains(@id, \"listView-innerSelectionPanelTable-listUl\")]/tbody/tr[22]/td[3]/div/div/span/span[1]/bdi"}
RESULT: {}
RESULT: {"using":"xpath","value":"//table[contains(@id, \"listView-innerSelectionPanelTable-listUl\")]/tbody/tr[22]/td[3]/div/div/span/span[1]/bdi"}
COMMAND: POST /session/4a8a75bcbd0d44f703d13edc121f15a8/execute/sync - {"script":"<script> [56 bytes]","args":[{"element-6066-11e4-a52e-4f735466cecf":"f.093A703FE9E59CF09BD9C73E01D6E334.d.59E316B297EA93B08C0999C209817127.e.7883","ELEMENT":"f.093A703FE9E59CF09BD9C73E01D6E334.d.59E316B297EA93B08C0999C209817127.e.7883"}]}
RESULT: {"script":"<script> [56 bytes]","args":[{"element-6066-11e4-a52e-4f735466cecf":"f.093A703FE9E59CF09BD9C73E01D6E334.d.59E316B297EA93B08C0999C209817127.e.7883","ELEMENT":"f.093A703FE9E59CF09BD9C73E01D6E334.d.59E316B297EA93B08C0999C209817127.e.7883"}]}
COMMAND: GET /session/4a8a75bcbd0d44f703d13edc121f15a8/element/f.093A703FE9E59CF09BD9C73E01D6E334.d.59E316B297EA93B08C0999C209817127.e.7882/attribute/aria-checked - {}
COMMAND: GET /session/4a8a75bcbd0d44f703d13edc121f15a8/screenshot - {}
RESULT: {}
COMMAND: POST /session/4a8a75bcbd0d44f703d13edc121f15a8/element - {"using":"xpath","value":"//table[contains(@id, \"listView-innerSelectionPanelTable-listUl\")]/tbody/tr[23]/td[2]/div/div"}
RESULT: {}
RESULT: {"using":"xpath","value":"//table[contains(@id, \"listView-innerSelectionPanelTable-listUl\")]/tbody/tr[23]/td[2]/div/div"}
COMMAND: POST /session/4a8a75bcbd0d44f703d13edc121f15a8/element - {"using":"xpath","value":"//table[contains(@id, \"listView-innerSelectionPanelTable-listUl\")]/tbody/tr[23]/td[2]/div"}
RESULT: {"using":"xpath","value":"//table[contains(@id, \"listView-innerSelectionPanelTable-listUl\")]/tbody/tr[23]/td[2]/div"}
COMMAND: POST /session/4a8a75bcbd0d44f703d13edc121f15a8/element - {"using":"xpath","value":"//table[contains(@id, \"listView-innerSelectionPanelTable-listUl\")]/tbody/tr[23]/td[3]/div/div/span/span[1]/bdi"}
RESULT: {"using":"xpath","value":"//table[contains(@id, \"listView-innerSelectionPanelTable-listUl\")]/tbody/tr[23]/td[3]/div/div/span/span[1]/bdi"}
COMMAND: POST /session/4a8a75bcbd0d44f703d13edc121f15a8/execute/sync - {"script":"<script> [56 bytes]","args":[{"element-6066-11e4-a52e-4f735466cecf":"f.093A703FE9E59CF09BD9C73E01D6E334.d.59E316B297EA93B08C0999C209817127.e.7886","ELEMENT":"f.093A703FE9E59CF09BD9C73E01D6E334.d.59E316B297EA93B08C0999C209817127.e.7886"}]}
RESULT: {"script":"<script> [56 bytes]","args":[{"element-6066-11e4-a52e-4f735466cecf":"f.093A703FE9E59CF09BD9C73E01D6E334.d.59E316B297EA93B08C0999C209817127.e.7886","ELEMENT":"f.093A703FE9E59CF09BD9C73E01D6E334.d.59E316B297EA93B08C0999C209817127.e.7886"}]}
COMMAND: GET /session/4a8a75bcbd0d44f703d13edc121f15a8/element/f.093A703FE9E59CF09BD9C73E01D6E334.d.59E316B297EA93B08C0999C209817127.e.7885/attribute/aria-checked - {}
COMMAND: GET /session/4a8a75bcbd0d44f703d13edc121f15a8/screenshot - {}
RESULT: {}
COMMAND: POST /session/4a8a75bcbd0d44f703d13edc121f15a8/element - {"using":"xpath","value":"//table[contains(@id, \"listView-innerSelectionPanelTable-listUl\")]/tbody/tr[24]/td[2]/div/div"}
RESULT: {}
RESULT: {"using":"xpath","value":"//table[contains(@id, \"listView-innerSelectionPanelTable-listUl\")]/tbody/tr[24]/td[2]/div/div"}
COMMAND: POST /session/4a8a75bcbd0d44f703d13edc121f15a8/element - {"using":"xpath","value":"//table[contains(@id, \"listView-innerSelectionPanelTable-listUl\")]/tbody/tr[24]/td[2]/div"}
RESULT: {"using":"xpath","value":"//table[contains(@id, \"listView-innerSelectionPanelTable-listUl\")]/tbody/tr[24]/td[2]/div"}
COMMAND: POST /session/4a8a75bcbd0d44f703d13edc121f15a8/element - {"using":"xpath","value":"//table[contains(@id, \"listView-innerSelectionPanelTable-listUl\")]/tbody/tr[24]/td[3]/div/div/span/span[1]/bdi"}
RESULT: {"using":"xpath","value":"//table[contains(@id, \"listView-innerSelectionPanelTable-listUl\")]/tbody/tr[24]/td[3]/div/div/span/span[1]/bdi"}
COMMAND: POST /session/4a8a75bcbd0d44f703d13edc121f15a8/execute/sync - {"script":"<script> [56 bytes]","args":[{"element-6066-11e4-a52e-4f735466cecf":"f.093A703FE9E59CF09BD9C73E01D6E334.d.59E316B297EA93B08C0999C209817127.e.7889","ELEMENT":"f.093A703FE9E59CF09BD9C73E01D6E334.d.59E316B297EA93B08C0999C209817127.e.7889"}]}
RESULT: {"script":"<script> [56 bytes]","args":[{"element-6066-11e4-a52e-4f735466cecf":"f.093A703FE9E59CF09BD9C73E01D6E334.d.59E316B297EA93B08C0999C209817127.e.7889","ELEMENT":"f.093A703FE9E59CF09BD9C73E01D6E334.d.59E316B297EA93B08C0999C209817127.e.7889"}]}
COMMAND: GET /session/4a8a75bcbd0d44f703d13edc121f15a8/element/f.093A703FE9E59CF09BD9C73E01D6E334.d.59E316B297EA93B08C0999C209817127.e.7888/attribute/aria-checked - {}
COMMAND: GET /session/4a8a75bcbd0d44f703d13edc121f15a8/screenshot - {}
RESULT: {}
COMMAND: POST /session/4a8a75bcbd0d44f703d13edc121f15a8/element - {"using":"xpath","value":"//table[contains(@id, \"listView-innerSelectionPanelTable-listUl\")]/tbody/tr[25]/td[2]/div/div"}
RESULT: {}
RESULT: {"using":"xpath","value":"//table[contains(@id, \"listView-innerSelectionPanelTable-listUl\")]/tbody/tr[25]/td[2]/div/div"}
COMMAND: POST /session/4a8a75bcbd0d44f703d13edc121f15a8/element - {"using":"xpath","value":"//table[contains(@id, \"listView-innerSelectionPanelTable-listUl\")]/tbody/tr[25]/td[2]/div"}
RESULT: {"using":"xpath","value":"//table[contains(@id, \"listView-innerSelectionPanelTable-listUl\")]/tbody/tr[25]/td[2]/div"}
COMMAND: POST /session/4a8a75bcbd0d44f703d13edc121f15a8/element - {"using":"xpath","value":"//table[contains(@id, \"listView-innerSelectionPanelTable-listUl\")]/tbody/tr[25]/td[3]/div/div/span/span[1]/bdi"}
RESULT: {"using":"xpath","value":"//table[contains(@id, \"listView-innerSelectionPanelTable-listUl\")]/tbody/tr[25]/td[3]/div/div/span/span[1]/bdi"}
COMMAND: POST /session/4a8a75bcbd0d44f703d13edc121f15a8/execute/sync - {"script":"<script> [56 bytes]","args":[{"element-6066-11e4-a52e-4f735466cecf":"f.093A703FE9E59CF09BD9C73E01D6E334.d.59E316B297EA93B08C0999C209817127.e.7892","ELEMENT":"f.093A703FE9E59CF09BD9C73E01D6E334.d.59E316B297EA93B08C0999C209817127.e.7892"}]}
RESULT: {"script":"<script> [56 bytes]","args":[{"element-6066-11e4-a52e-4f735466cecf":"f.093A703FE9E59CF09BD9C73E01D6E334.d.59E316B297EA93B08C0999C209817127.e.7892","ELEMENT":"f.093A703FE9E59CF09BD9C73E01D6E334.d.59E316B297EA93B08C0999C209817127.e.7892"}]}
COMMAND: GET /session/4a8a75bcbd0d44f703d13edc121f15a8/element/f.093A703FE9E59CF09BD9C73E01D6E334.d.59E316B297EA93B08C0999C209817127.e.7891/attribute/aria-checked - {}
COMMAND: GET /session/4a8a75bcbd0d44f703d13edc121f15a8/screenshot - {}
RESULT: {}
COMMAND: POST /session/4a8a75bcbd0d44f703d13edc121f15a8/element - {"using":"xpath","value":"//bdi[contains(text(), \"OK\")]"}
RESULT: {}
RESULT: {"using":"xpath","value":"//bdi[contains(text(), \"OK\")]"}
COMMAND: POST /session/4a8a75bcbd0d44f703d13edc121f15a8/element/f.093A703FE9E59CF09BD9C73E01D6E334.d.59E316B297EA93B08C0999C209817127.e.7893/click - {}
RESULT: {}
COMMAND: GET /session/4a8a75bcbd0d44f703d13edc121f15a8/screenshot - {}
RESULT: {}
COMMAND: POST /session/4a8a75bcbd0d44f703d13edc121f15a8/execute/async - {"script":"<script> [1562 bytes]","args":[{"selector":{"id":"application-managepartners-display-component---masterPtm--smartFilterBar-filterItemControlA_-LINK_TO_ADDRESSES_MAIN.ID-vhi"},"wdio_ui5_key":"applicationmanagepartners-display-component---masterPtm--smartFilterBar-filterItemControlA_-LINK_TO_ADDRESSES_MAIN.ID-vhi"}]}
RESULT: {"script":"<script> [1562 bytes]","args":[{"selector":{"id":"application-managepartners-display-component---masterPtm--smartFilterBar-filterItemControlA_-LINK_TO_ADDRESSES_MAIN.ID-vhi"},"wdio_ui5_key":"applicationmanagepartners-display-component---masterPtm--smartFilterBar-filterItemControlA_-LINK_TO_ADDRESSES_MAIN.ID-vhi"}]}
RESULT: undefined
COMMAND: POST /session/4a8a75bcbd0d44f703d13edc121f15a8/element - {"using":"xpath","value":"//*[@id=\"application-managepartners-display-component---masterPtm--smartFilterBar-filterItemControlA_-LINK_TO_ADDRESSES_MAIN.ID-vhi\"]"}
RESULT: {"using":"xpath","value":"//*[@id=\"application-managepartners-display-component---masterPtm--smartFilterBar-filterItemControlA_-LINK_TO_ADDRESSES_MAIN.ID-vhi\"]"}
COMMAND: POST /session/4a8a75bcbd0d44f703d13edc121f15a8/element/f.093A703FE9E59CF09BD9C73E01D6E334.d.59E316B297EA93B08C0999C209817127.e.7906/click - {}
RESULT: {}
COMMAND: GET /session/4a8a75bcbd0d44f703d13edc121f15a8/screenshot - {}
RESULT: {}
COMMAND: POST /session/4a8a75bcbd0d44f703d13edc121f15a8/element - {"using":"xpath","value":"//div[input[@value=\"contains\"]]//span[contains(@id, \"arrow\")]"}
RESULT: {"using":"xpath","value":"//div[input[@value=\"contains\"]]//span[contains(@id, \"arrow\")]"}
COMMAND: POST /session/4a8a75bcbd0d44f703d13edc121f15a8/element/f.093A703FE9E59CF09BD9C73E01D6E334.d.59E316B297EA93B08C0999C209817127.e.7911/click - {}
RESULT: {}
COMMAND: GET /session/4a8a75bcbd0d44f703d13edc121f15a8/screenshot - {}
RESULT: {}
COMMAND: POST /session/4a8a75bcbd0d44f703d13edc121f15a8/element - {"using":"xpath","value":"//li[.//span[text()='equal to']]"}
RESULT: {"using":"xpath","value":"//li[.//span[text()='equal to']]"}
COMMAND: POST /session/4a8a75bcbd0d44f703d13edc121f15a8/element/f.093A703FE9E59CF09BD9C73E01D6E334.d.59E316B297EA93B08C0999C209817127.e.7912/click - {}
RESULT: {}
COMMAND: GET /session/4a8a75bcbd0d44f703d13edc121f15a8/screenshot - {}
RESULT: {}
RESULT: undefined
COMMAND: POST /session/4a8a75bcbd0d44f703d13edc121f15a8/execute/async - {"script":"<script> [776 bytes]","args":[{"enterText":"1006","selector":{"controlType":"sap.m.Input","viewName":"etm.portal.ui.managepartners.view.Master","viewId":"application-managepartners-display-component---masterPtm","properties":{"valueState":"None"},"searchOpenDialogs":true,"interaction":{"idSuffix":"inner"}},"clearTextFirst":true,"interactionType":"ENTER_TEXT"}]}
RESULT: {"script":"<script> [776 bytes]","args":[{"enterText":"1006","selector":{"controlType":"sap.m.Input","viewName":"etm.portal.ui.managepartners.view.Master","viewId":"application-managepartners-display-component---masterPtm","properties":{"valueState":"None"},"searchOpenDialogs":true,"interaction":{"idSuffix":"inner"}},"clearTextFirst":true,"interactionType":"ENTER_TEXT"}]}
COMMAND: POST /session/4a8a75bcbd0d44f703d13edc121f15a8/actions - {"actions":[{"id":"action22","type":"key","parameters":{},"actions":[{"type":"keyDown","value":""},{"type":"pause","duration":10},{"type":"keyUp","value":""}]}]}
RESULT: {"actions":[{"id":"action22","type":"key","parameters":{},"actions":[{"type":"keyDown","value":""},{"type":"pause","duration":10},{"type":"keyUp","value":""}]}]}
COMMAND: GET /session/4a8a75bcbd0d44f703d13edc121f15a8/screenshot - {}
RESULT: {}
COMMAND: POST /session/4a8a75bcbd0d44f703d13edc121f15a8/element - {"using":"xpath","value":"(//bdi[contains(text(), \"OK\")])[1]"}
RESULT: {"using":"xpath","value":"(//bdi[contains(text(), \"OK\")])[1]"}
COMMAND: POST /session/4a8a75bcbd0d44f703d13edc121f15a8/element/f.093A703FE9E59CF09BD9C73E01D6E334.d.59E316B297EA93B08C0999C209817127.e.7913/click - {}
RESULT: {}
COMMAND: GET /session/4a8a75bcbd0d44f703d13edc121f15a8/screenshot - {}
RESULT: {}
COMMAND: POST /session/4a8a75bcbd0d44f703d13edc121f15a8/element - {"using":"xpath","value":"//span[@id=\"application-managepartners-display-component---masterPtm--smartTable-header-inner\"]"}
RESULT: {"using":"xpath","value":"//span[@id=\"application-managepartners-display-component---masterPtm--smartTable-header-inner\"]"}
COMMAND: POST /session/4a8a75bcbd0d44f703d13edc121f15a8/elements - {"using":"xpath","value":"//span[@id=\"application-managepartners-display-component---masterPtm--smartTable-header-inner\"]"}
RESULT: {"using":"xpath","value":"//span[@id=\"application-managepartners-display-component---masterPtm--smartTable-header-inner\"]"}
COMMAND: POST /session/4a8a75bcbd0d44f703d13edc121f15a8/execute/sync - {"script":"<script> [56 bytes]","args":[{"element-6066-11e4-a52e-4f735466cecf":"f.093A703FE9E59CF09BD9C73E01D6E334.d.59E316B297EA93B08C0999C209817127.e.7751","ELEMENT":"f.093A703FE9E59CF09BD9C73E01D6E334.d.59E316B297EA93B08C0999C209817127.e.7751"}]}
RESULT: {"script":"<script> [56 bytes]","args":[{"element-6066-11e4-a52e-4f735466cecf":"f.093A703FE9E59CF09BD9C73E01D6E334.d.59E316B297EA93B08C0999C209817127.e.7751","ELEMENT":"f.093A703FE9E59CF09BD9C73E01D6E334.d.59E316B297EA93B08C0999C209817127.e.7751"}]}
COMMAND: POST /session/4a8a75bcbd0d44f703d13edc121f15a8/element - {"using":"xpath","value":"//span[contains(@title, \"Remove\")]"}
COMMAND: GET /session/4a8a75bcbd0d44f703d13edc121f15a8/screenshot - {}
RESULT: {"using":"xpath","value":"//span[contains(@title, \"Remove\")]"}
COMMAND: POST /session/4a8a75bcbd0d44f703d13edc121f15a8/element/f.093A703FE9E59CF09BD9C73E01D6E334.d.59E316B297EA93B08C0999C209817127.e.7917/click - {}
RESULT: {}
RESULT: {}
COMMAND: GET /session/4a8a75bcbd0d44f703d13edc121f15a8/screenshot - {}
RESULT: {}
RESULT: undefined
COMMAND: POST /session/4a8a75bcbd0d44f703d13edc121f15a8/element - {"using":"xpath","value":"//*[@id=\"application-managepartners-display-component---masterPtm--smartFilterBar-filterItemControl_BASIC-YARD-vhi\"]"}
RESULT: {"using":"xpath","value":"//*[@id=\"application-managepartners-display-component---masterPtm--smartFilterBar-filterItemControl_BASIC-YARD-vhi\"]"}
COMMAND: POST /session/4a8a75bcbd0d44f703d13edc121f15a8/element/f.093A703FE9E59CF09BD9C73E01D6E334.d.59E316B297EA93B08C0999C209817127.e.8021/click - {}
RESULT: {}
COMMAND: GET /session/4a8a75bcbd0d44f703d13edc121f15a8/screenshot - {}
RESULT: {}
RESULT: undefined
COMMAND: POST /session/4a8a75bcbd0d44f703d13edc121f15a8/execute/async - {"script":"<script> [776 bytes]","args":[{"enterText":"Test","selector":{"id":"application-managepartners-display-component---masterPtm--smartFilterBar-filterItemControl_BASIC-YARD-valueHelpDialog-smartFilterBar-btnBasicSearch","searchOpenDialogs":true,"interaction":{"idSuffix":"I"}},"clearTextFirst":true,"interactionType":"ENTER_TEXT"}]}
RESULT: {"script":"<script> [776 bytes]","args":[{"enterText":"Test","selector":{"id":"application-managepartners-display-component---masterPtm--smartFilterBar-filterItemControl_BASIC-YARD-valueHelpDialog-smartFilterBar-btnBasicSearch","searchOpenDialogs":true,"interaction":{"idSuffix":"I"}},"clearTextFirst":true,"interactionType":"ENTER_TEXT"}]}
COMMAND: POST /session/4a8a75bcbd0d44f703d13edc121f15a8/actions - {"actions":[{"id":"action23","type":"key","parameters":{},"actions":[{"type":"keyDown","value":""},{"type":"pause","duration":10},{"type":"keyUp","value":""}]}]}
RESULT: {"actions":[{"id":"action23","type":"key","parameters":{},"actions":[{"type":"keyDown","value":""},{"type":"pause","duration":10},{"type":"keyUp","value":""}]}]}
COMMAND: POST /session/4a8a75bcbd0d44f703d13edc121f15a8/elements - {"using":"xpath","value":"//table[contains(@id, \"smartFilterBar-filterItemControl_BASIC-YARD-valueHelpDialog-table-table\")]/tbody/tr"}
COMMAND: GET /session/4a8a75bcbd0d44f703d13edc121f15a8/screenshot - {}
RESULT: {"using":"xpath","value":"//table[contains(@id, \"smartFilterBar-filterItemControl_BASIC-YARD-valueHelpDialog-table-table\")]/tbody/tr"}
COMMAND: POST /session/4a8a75bcbd0d44f703d13edc121f15a8/element - {"using":"xpath","value":"//table[contains(@id, \"smartFilterBar-filterItemControl_BASIC-YARD-valueHelpDialog-table-table\")]/tbody/tr[1]/td[1]/div/span"}
RESULT: {}
RESULT: {"using":"xpath","value":"//table[contains(@id, \"smartFilterBar-filterItemControl_BASIC-YARD-valueHelpDialog-table-table\")]/tbody/tr[1]/td[1]/div/span"}
COMMAND: POST /session/4a8a75bcbd0d44f703d13edc121f15a8/elements - {"using":"xpath","value":"//table[contains(@id, \"smartFilterBar-filterItemControl_BASIC-YARD-valueHelpDialog-table-table\")]/tbody/tr[1]/td[1]/div/span"}
RESULT: {"using":"xpath","value":"//table[contains(@id, \"smartFilterBar-filterItemControl_BASIC-YARD-valueHelpDialog-table-table\")]/tbody/tr[1]/td[1]/div/span"}
COMMAND: POST /session/4a8a75bcbd0d44f703d13edc121f15a8/execute/sync - {"script":"<script> [56 bytes]","args":[{"element-6066-11e4-a52e-4f735466cecf":"f.093A703FE9E59CF09BD9C73E01D6E334.d.59E316B297EA93B08C0999C209817127.e.8040","ELEMENT":"f.093A703FE9E59CF09BD9C73E01D6E334.d.59E316B297EA93B08C0999C209817127.e.8040"}]}
RESULT: {"script":"<script> [56 bytes]","args":[{"element-6066-11e4-a52e-4f735466cecf":"f.093A703FE9E59CF09BD9C73E01D6E334.d.59E316B297EA93B08C0999C209817127.e.8040","ELEMENT":"f.093A703FE9E59CF09BD9C73E01D6E334.d.59E316B297EA93B08C0999C209817127.e.8040"}]}
COMMAND: POST /session/4a8a75bcbd0d44f703d13edc121f15a8/element - {"using":"xpath","value":"//table[contains(@id, \"smartFilterBar-filterItemControl_BASIC-YARD-valueHelpDialog-table-table\")]/tbody/tr[2]/td[1]/div/span"}
COMMAND: GET /session/4a8a75bcbd0d44f703d13edc121f15a8/screenshot - {}
RESULT: {"using":"xpath","value":"//table[contains(@id, \"smartFilterBar-filterItemControl_BASIC-YARD-valueHelpDialog-table-table\")]/tbody/tr[2]/td[1]/div/span"}
COMMAND: POST /session/4a8a75bcbd0d44f703d13edc121f15a8/elements - {"using":"xpath","value":"//table[contains(@id, \"smartFilterBar-filterItemControl_BASIC-YARD-valueHelpDialog-table-table\")]/tbody/tr[2]/td[1]/div/span"}
RESULT: {}
RESULT: {"using":"xpath","value":"//table[contains(@id, \"smartFilterBar-filterItemControl_BASIC-YARD-valueHelpDialog-table-table\")]/tbody/tr[2]/td[1]/div/span"}
COMMAND: POST /session/4a8a75bcbd0d44f703d13edc121f15a8/execute/sync - {"script":"<script> [56 bytes]","args":[{"element-6066-11e4-a52e-4f735466cecf":"f.093A703FE9E59CF09BD9C73E01D6E334.d.59E316B297EA93B08C0999C209817127.e.8041","ELEMENT":"f.093A703FE9E59CF09BD9C73E01D6E334.d.59E316B297EA93B08C0999C209817127.e.8041"}]}
RESULT: {"script":"<script> [56 bytes]","args":[{"element-6066-11e4-a52e-4f735466cecf":"f.093A703FE9E59CF09BD9C73E01D6E334.d.59E316B297EA93B08C0999C209817127.e.8041","ELEMENT":"f.093A703FE9E59CF09BD9C73E01D6E334.d.59E316B297EA93B08C0999C209817127.e.8041"}]}
COMMAND: POST /session/4a8a75bcbd0d44f703d13edc121f15a8/element - {"using":"xpath","value":"//table[contains(@id, \"smartFilterBar-filterItemControl_BASIC-YARD-valueHelpDialog-table-table\")]/tbody/tr[3]/td[1]/div/span"}
COMMAND: GET /session/4a8a75bcbd0d44f703d13edc121f15a8/screenshot - {}
RESULT: {"using":"xpath","value":"//table[contains(@id, \"smartFilterBar-filterItemControl_BASIC-YARD-valueHelpDialog-table-table\")]/tbody/tr[3]/td[1]/div/span"}
COMMAND: POST /session/4a8a75bcbd0d44f703d13edc121f15a8/elements - {"using":"xpath","value":"//table[contains(@id, \"smartFilterBar-filterItemControl_BASIC-YARD-valueHelpDialog-table-table\")]/tbody/tr[3]/td[1]/div/span"}
RESULT: {}
RESULT: {"using":"xpath","value":"//table[contains(@id, \"smartFilterBar-filterItemControl_BASIC-YARD-valueHelpDialog-table-table\")]/tbody/tr[3]/td[1]/div/span"}
COMMAND: POST /session/4a8a75bcbd0d44f703d13edc121f15a8/execute/sync - {"script":"<script> [56 bytes]","args":[{"element-6066-11e4-a52e-4f735466cecf":"f.093A703FE9E59CF09BD9C73E01D6E334.d.59E316B297EA93B08C0999C209817127.e.8042","ELEMENT":"f.093A703FE9E59CF09BD9C73E01D6E334.d.59E316B297EA93B08C0999C209817127.e.8042"}]}
RESULT: {"script":"<script> [56 bytes]","args":[{"element-6066-11e4-a52e-4f735466cecf":"f.093A703FE9E59CF09BD9C73E01D6E334.d.59E316B297EA93B08C0999C209817127.e.8042","ELEMENT":"f.093A703FE9E59CF09BD9C73E01D6E334.d.59E316B297EA93B08C0999C209817127.e.8042"}]}
COMMAND: POST /session/4a8a75bcbd0d44f703d13edc121f15a8/element - {"using":"xpath","value":"//div[contains(@id, \"filterItemControl_BASIC-YARD-valueHelpDialog-table-rowsel2\")]"}
COMMAND: GET /session/4a8a75bcbd0d44f703d13edc121f15a8/screenshot - {}
RESULT: {"using":"xpath","value":"//div[contains(@id, \"filterItemControl_BASIC-YARD-valueHelpDialog-table-rowsel2\")]"}
COMMAND: POST /session/4a8a75bcbd0d44f703d13edc121f15a8/element/f.093A703FE9E59CF09BD9C73E01D6E334.d.59E316B297EA93B08C0999C209817127.e.8043/click - {}
RESULT: {}
RESULT: {}
COMMAND: GET /session/4a8a75bcbd0d44f703d13edc121f15a8/screenshot - {}
RESULT: {}
COMMAND: POST /session/4a8a75bcbd0d44f703d13edc121f15a8/element - {"using":"xpath","value":"(//bdi[contains(text(), \"OK\")])[1]"}
RESULT: {"using":"xpath","value":"(//bdi[contains(text(), \"OK\")])[1]"}
COMMAND: POST /session/4a8a75bcbd0d44f703d13edc121f15a8/element/f.093A703FE9E59CF09BD9C73E01D6E334.d.59E316B297EA93B08C0999C209817127.e.8045/click - {}
RESULT: {}
COMMAND: GET /session/4a8a75bcbd0d44f703d13edc121f15a8/screenshot - {}
RESULT: {}
COMMAND: POST /session/4a8a75bcbd0d44f703d13edc121f15a8/element - {"using":"xpath","value":"//span[@id=\"application-managepartners-display-component---masterPtm--smartTable-header-inner\"]"}
RESULT: {"using":"xpath","value":"//span[@id=\"application-managepartners-display-component---masterPtm--smartTable-header-inner\"]"}
COMMAND: POST /session/4a8a75bcbd0d44f703d13edc121f15a8/elements - {"using":"xpath","value":"//span[@id=\"application-managepartners-display-component---masterPtm--smartTable-header-inner\"]"}
RESULT: {"using":"xpath","value":"//span[@id=\"application-managepartners-display-component---masterPtm--smartTable-header-inner\"]"}
COMMAND: POST /session/4a8a75bcbd0d44f703d13edc121f15a8/execute/sync - {"script":"<script> [56 bytes]","args":[{"element-6066-11e4-a52e-4f735466cecf":"f.093A703FE9E59CF09BD9C73E01D6E334.d.59E316B297EA93B08C0999C209817127.e.7751","ELEMENT":"f.093A703FE9E59CF09BD9C73E01D6E334.d.59E316B297EA93B08C0999C209817127.e.7751"}]}
RESULT: {"script":"<script> [56 bytes]","args":[{"element-6066-11e4-a52e-4f735466cecf":"f.093A703FE9E59CF09BD9C73E01D6E334.d.59E316B297EA93B08C0999C209817127.e.7751","ELEMENT":"f.093A703FE9E59CF09BD9C73E01D6E334.d.59E316B297EA93B08C0999C209817127.e.7751"}]}
COMMAND: POST /session/4a8a75bcbd0d44f703d13edc121f15a8/element - {"using":"xpath","value":"//span[contains(@title, \"Remove\")]"}
COMMAND: GET /session/4a8a75bcbd0d44f703d13edc121f15a8/screenshot - {}
RESULT: {"using":"xpath","value":"//span[contains(@title, \"Remove\")]"}
COMMAND: POST /session/4a8a75bcbd0d44f703d13edc121f15a8/element/f.093A703FE9E59CF09BD9C73E01D6E334.d.59E316B297EA93B08C0999C209817127.e.8058/click - {}
RESULT: {}
RESULT: {}
COMMAND: GET /session/4a8a75bcbd0d44f703d13edc121f15a8/screenshot - {}
RESULT: {}
RESULT: undefined
COMMAND: POST /session/4a8a75bcbd0d44f703d13edc121f15a8/element - {"using":"xpath","value":"//*[@id=\"application-managepartners-display-component---masterPtm--smartFilterBar-filterItemControl_BASIC-MAIN_ADDRESS-vhi\"]"}
RESULT: {"using":"xpath","value":"//*[@id=\"application-managepartners-display-component---masterPtm--smartFilterBar-filterItemControl_BASIC-MAIN_ADDRESS-vhi\"]"}
COMMAND: POST /session/4a8a75bcbd0d44f703d13edc121f15a8/element/f.093A703FE9E59CF09BD9C73E01D6E334.d.59E316B297EA93B08C0999C209817127.e.8165/click - {}
RESULT: {}
COMMAND: GET /session/4a8a75bcbd0d44f703d13edc121f15a8/screenshot - {}
RESULT: {}
RESULT: undefined
COMMAND: POST /session/4a8a75bcbd0d44f703d13edc121f15a8/execute/async - {"script":"<script> [776 bytes]","args":[{"enterText":"Romania","selector":{"id":"application-managepartners-display-component---masterPtm--smartFilterBar-filterItemControl_BASIC-MAIN_ADDRESS-valueHelpDialog-smartFilterBar-btnBasicSearch","searchOpenDialogs":true,"interaction":{"idSuffix":"I"}},"clearTextFirst":true,"interactionType":"ENTER_TEXT"}]}
RESULT: {"script":"<script> [776 bytes]","args":[{"enterText":"Romania","selector":{"id":"application-managepartners-display-component---masterPtm--smartFilterBar-filterItemControl_BASIC-MAIN_ADDRESS-valueHelpDialog-smartFilterBar-btnBasicSearch","searchOpenDialogs":true,"interaction":{"idSuffix":"I"}},"clearTextFirst":true,"interactionType":"ENTER_TEXT"}]}
COMMAND: POST /session/4a8a75bcbd0d44f703d13edc121f15a8/actions - {"actions":[{"id":"action24","type":"key","parameters":{},"actions":[{"type":"keyDown","value":""},{"type":"pause","duration":10},{"type":"keyUp","value":""}]}]}
RESULT: {"actions":[{"id":"action24","type":"key","parameters":{},"actions":[{"type":"keyDown","value":""},{"type":"pause","duration":10},{"type":"keyUp","value":""}]}]}
COMMAND: POST /session/4a8a75bcbd0d44f703d13edc121f15a8/elements - {"using":"xpath","value":"//table[contains(@id, \"smartFilterBar-filterItemControl_BASIC-MAIN_ADDRESS-valueHelpDialog-table-table\")]/tbody/tr"}
COMMAND: GET /session/4a8a75bcbd0d44f703d13edc121f15a8/screenshot - {}
RESULT: {"using":"xpath","value":"//table[contains(@id, \"smartFilterBar-filterItemControl_BASIC-MAIN_ADDRESS-valueHelpDialog-table-table\")]/tbody/tr"}
COMMAND: POST /session/4a8a75bcbd0d44f703d13edc121f15a8/element - {"using":"xpath","value":"//table[contains(@id, \"smartFilterBar-filterItemControl_BASIC-MAIN_ADDRESS-valueHelpDialog-table-table\")]/tbody/tr[1]/td[1]/div/span"}
RESULT: {}
RESULT: {"using":"xpath","value":"//table[contains(@id, \"smartFilterBar-filterItemControl_BASIC-MAIN_ADDRESS-valueHelpDialog-table-table\")]/tbody/tr[1]/td[1]/div/span"}
COMMAND: POST /session/4a8a75bcbd0d44f703d13edc121f15a8/elements - {"using":"xpath","value":"//table[contains(@id, \"smartFilterBar-filterItemControl_BASIC-MAIN_ADDRESS-valueHelpDialog-table-table\")]/tbody/tr[1]/td[1]/div/span"}
RESULT: {"using":"xpath","value":"//table[contains(@id, \"smartFilterBar-filterItemControl_BASIC-MAIN_ADDRESS-valueHelpDialog-table-table\")]/tbody/tr[1]/td[1]/div/span"}
COMMAND: POST /session/4a8a75bcbd0d44f703d13edc121f15a8/execute/sync - {"script":"<script> [56 bytes]","args":[{"element-6066-11e4-a52e-4f735466cecf":"f.093A703FE9E59CF09BD9C73E01D6E334.d.59E316B297EA93B08C0999C209817127.e.8184","ELEMENT":"f.093A703FE9E59CF09BD9C73E01D6E334.d.59E316B297EA93B08C0999C209817127.e.8184"}]}
RESULT: {"script":"<script> [56 bytes]","args":[{"element-6066-11e4-a52e-4f735466cecf":"f.093A703FE9E59CF09BD9C73E01D6E334.d.59E316B297EA93B08C0999C209817127.e.8184","ELEMENT":"f.093A703FE9E59CF09BD9C73E01D6E334.d.59E316B297EA93B08C0999C209817127.e.8184"}]}
COMMAND: POST /session/4a8a75bcbd0d44f703d13edc121f15a8/element - {"using":"xpath","value":"//div[contains(@id, \"filterItemControl_BASIC-MAIN_ADDRESS-valueHelpDialog-table-rowsel0\")]"}
COMMAND: GET /session/4a8a75bcbd0d44f703d13edc121f15a8/screenshot - {}
RESULT: {"using":"xpath","value":"//div[contains(@id, \"filterItemControl_BASIC-MAIN_ADDRESS-valueHelpDialog-table-rowsel0\")]"}
COMMAND: POST /session/4a8a75bcbd0d44f703d13edc121f15a8/element/f.093A703FE9E59CF09BD9C73E01D6E334.d.59E316B297EA93B08C0999C209817127.e.8185/click - {}
RESULT: {}
RESULT: {}
COMMAND: GET /session/4a8a75bcbd0d44f703d13edc121f15a8/screenshot - {}
RESULT: {}
COMMAND: POST /session/4a8a75bcbd0d44f703d13edc121f15a8/element - {"using":"xpath","value":"(//bdi[contains(text(), \"OK\")])[1]"}
RESULT: {"using":"xpath","value":"(//bdi[contains(text(), \"OK\")])[1]"}
COMMAND: POST /session/4a8a75bcbd0d44f703d13edc121f15a8/element/f.093A703FE9E59CF09BD9C73E01D6E334.d.59E316B297EA93B08C0999C209817127.e.8187/click - {}
RESULT: {}
COMMAND: GET /session/4a8a75bcbd0d44f703d13edc121f15a8/screenshot - {}
RESULT: {}
COMMAND: POST /session/4a8a75bcbd0d44f703d13edc121f15a8/element - {"using":"xpath","value":"//span[@id=\"application-managepartners-display-component---masterPtm--smartTable-header-inner\"]"}
RESULT: {"using":"xpath","value":"//span[@id=\"application-managepartners-display-component---masterPtm--smartTable-header-inner\"]"}
COMMAND: POST /session/4a8a75bcbd0d44f703d13edc121f15a8/elements - {"using":"xpath","value":"//span[@id=\"application-managepartners-display-component---masterPtm--smartTable-header-inner\"]"}
RESULT: {"using":"xpath","value":"//span[@id=\"application-managepartners-display-component---masterPtm--smartTable-header-inner\"]"}
COMMAND: POST /session/4a8a75bcbd0d44f703d13edc121f15a8/execute/sync - {"script":"<script> [56 bytes]","args":[{"element-6066-11e4-a52e-4f735466cecf":"f.093A703FE9E59CF09BD9C73E01D6E334.d.59E316B297EA93B08C0999C209817127.e.7751","ELEMENT":"f.093A703FE9E59CF09BD9C73E01D6E334.d.59E316B297EA93B08C0999C209817127.e.7751"}]}
RESULT: {"script":"<script> [56 bytes]","args":[{"element-6066-11e4-a52e-4f735466cecf":"f.093A703FE9E59CF09BD9C73E01D6E334.d.59E316B297EA93B08C0999C209817127.e.7751","ELEMENT":"f.093A703FE9E59CF09BD9C73E01D6E334.d.59E316B297EA93B08C0999C209817127.e.7751"}]}
COMMAND: POST /session/4a8a75bcbd0d44f703d13edc121f15a8/element - {"using":"xpath","value":"//span[contains(@title, \"Remove\")]"}
COMMAND: GET /session/4a8a75bcbd0d44f703d13edc121f15a8/screenshot - {}
RESULT: {"using":"xpath","value":"//span[contains(@title, \"Remove\")]"}
COMMAND: POST /session/4a8a75bcbd0d44f703d13edc121f15a8/element/f.093A703FE9E59CF09BD9C73E01D6E334.d.59E316B297EA93B08C0999C209817127.e.8200/click - {}
RESULT: {}
RESULT: {}
COMMAND: GET /session/4a8a75bcbd0d44f703d13edc121f15a8/screenshot - {}
RESULT: {}
COMMAND: POST /session/4a8a75bcbd0d44f703d13edc121f15a8/execute/async - {"script":"<script> [1562 bytes]","args":[{"selector":{"id":"application-managepartners-display-component---masterPtm--catalogs-arrow"},"wdio_ui5_key":"applicationmanagepartners-display-component---masterPtm--catalogs-arrow"}]}
RESULT: {"script":"<script> [1562 bytes]","args":[{"selector":{"id":"application-managepartners-display-component---masterPtm--catalogs-arrow"},"wdio_ui5_key":"applicationmanagepartners-display-component---masterPtm--catalogs-arrow"}]}
RESULT: undefined
COMMAND: POST /session/4a8a75bcbd0d44f703d13edc121f15a8/element - {"using":"xpath","value":"//*[@id=\"application-managepartners-display-component---masterPtm--catalogs-arrow\"]"}
RESULT: {"using":"xpath","value":"//*[@id=\"application-managepartners-display-component---masterPtm--catalogs-arrow\"]"}
COMMAND: POST /session/4a8a75bcbd0d44f703d13edc121f15a8/element/f.093A703FE9E59CF09BD9C73E01D6E334.d.59E316B297EA93B08C0999C209817127.e.8307/click - {}
RESULT: {}
COMMAND: GET /session/4a8a75bcbd0d44f703d13edc121f15a8/screenshot - {}
RESULT: {}
COMMAND: POST /session/4a8a75bcbd0d44f703d13edc121f15a8/element - {"using":"xpath","value":"//li[.//span[text()=\"Webshop Catalog\"]]//div[contains(@class,\"sapMCbBg\")]"}
RESULT: {"using":"xpath","value":"//li[.//span[text()=\"Webshop Catalog\"]]//div[contains(@class,\"sapMCbBg\")]"}
COMMAND: POST /session/4a8a75bcbd0d44f703d13edc121f15a8/element/f.093A703FE9E59CF09BD9C73E01D6E334.d.59E316B297EA93B08C0999C209817127.e.8319/click - {}
RESULT: {}
COMMAND: GET /session/4a8a75bcbd0d44f703d13edc121f15a8/screenshot - {}
RESULT: {}
RESULT: undefined
COMMAND: POST /session/4a8a75bcbd0d44f703d13edc121f15a8/element - {"using":"xpath","value":"//*[@id=\"application-managepartners-display-component---masterPtm--catalogs-arrow\"]"}
RESULT: {"using":"xpath","value":"//*[@id=\"application-managepartners-display-component---masterPtm--catalogs-arrow\"]"}
COMMAND: POST /session/4a8a75bcbd0d44f703d13edc121f15a8/element/f.093A703FE9E59CF09BD9C73E01D6E334.d.59E316B297EA93B08C0999C209817127.e.8307/click - {}
RESULT: {}
COMMAND: POST /session/4a8a75bcbd0d44f703d13edc121f15a8/element - {"using":"xpath","value":"//span[@id=\"application-managepartners-display-component---masterPtm--smartTable-header-inner\"]"}
COMMAND: GET /session/4a8a75bcbd0d44f703d13edc121f15a8/screenshot - {}
RESULT: {"using":"xpath","value":"//span[@id=\"application-managepartners-display-component---masterPtm--smartTable-header-inner\"]"}
COMMAND: POST /session/4a8a75bcbd0d44f703d13edc121f15a8/elements - {"using":"xpath","value":"//span[@id=\"application-managepartners-display-component---masterPtm--smartTable-header-inner\"]"}
RESULT: {}
RESULT: {"using":"xpath","value":"//span[@id=\"application-managepartners-display-component---masterPtm--smartTable-header-inner\"]"}
COMMAND: POST /session/4a8a75bcbd0d44f703d13edc121f15a8/execute/sync - {"script":"<script> [56 bytes]","args":[{"element-6066-11e4-a52e-4f735466cecf":"f.093A703FE9E59CF09BD9C73E01D6E334.d.59E316B297EA93B08C0999C209817127.e.7751","ELEMENT":"f.093A703FE9E59CF09BD9C73E01D6E334.d.59E316B297EA93B08C0999C209817127.e.7751"}]}
RESULT: {"script":"<script> [56 bytes]","args":[{"element-6066-11e4-a52e-4f735466cecf":"f.093A703FE9E59CF09BD9C73E01D6E334.d.59E316B297EA93B08C0999C209817127.e.7751","ELEMENT":"f.093A703FE9E59CF09BD9C73E01D6E334.d.59E316B297EA93B08C0999C209817127.e.7751"}]}
COMMAND: POST /session/4a8a75bcbd0d44f703d13edc121f15a8/element - {"using":"xpath","value":"//span[contains(@title, \"Remove\")]"}
COMMAND: GET /session/4a8a75bcbd0d44f703d13edc121f15a8/screenshot - {}
RESULT: {"using":"xpath","value":"//span[contains(@title, \"Remove\")]"}
COMMAND: POST /session/4a8a75bcbd0d44f703d13edc121f15a8/element/f.093A703FE9E59CF09BD9C73E01D6E334.d.59E316B297EA93B08C0999C209817127.e.8415/click - {}
RESULT: {}
RESULT: {}
COMMAND: GET /session/4a8a75bcbd0d44f703d13edc121f15a8/screenshot - {}
RESULT: {}
COMMAND: POST /session/4a8a75bcbd0d44f703d13edc121f15a8/execute/async - {"script":"<script> [1562 bytes]","args":[{"selector":{"id":"application-managepartners-display-component---masterPtm--currencies-arrow"},"wdio_ui5_key":"applicationmanagepartners-display-component---masterPtm--currencies-arrow"}]}
RESULT: {"script":"<script> [1562 bytes]","args":[{"selector":{"id":"application-managepartners-display-component---masterPtm--currencies-arrow"},"wdio_ui5_key":"applicationmanagepartners-display-component---masterPtm--currencies-arrow"}]}
RESULT: undefined
COMMAND: POST /session/4a8a75bcbd0d44f703d13edc121f15a8/element - {"using":"xpath","value":"//*[@id=\"application-managepartners-display-component---masterPtm--currencies-arrow\"]"}
RESULT: {"using":"xpath","value":"//*[@id=\"application-managepartners-display-component---masterPtm--currencies-arrow\"]"}
COMMAND: POST /session/4a8a75bcbd0d44f703d13edc121f15a8/element/f.093A703FE9E59CF09BD9C73E01D6E334.d.59E316B297EA93B08C0999C209817127.e.8509/click - {}
RESULT: {}
COMMAND: GET /session/4a8a75bcbd0d44f703d13edc121f15a8/screenshot - {}
RESULT: {}
COMMAND: POST /session/4a8a75bcbd0d44f703d13edc121f15a8/element - {"using":"xpath","value":"//li[.//span[text()=\"US Dollar\"]]//div[contains(@class,\"sapMCbBg\")]"}
RESULT: {"using":"xpath","value":"//li[.//span[text()=\"US Dollar\"]]//div[contains(@class,\"sapMCbBg\")]"}
COMMAND: POST /session/4a8a75bcbd0d44f703d13edc121f15a8/element/f.093A703FE9E59CF09BD9C73E01D6E334.d.59E316B297EA93B08C0999C209817127.e.8512/click - {}
RESULT: {}
COMMAND: GET /session/4a8a75bcbd0d44f703d13edc121f15a8/screenshot - {}
RESULT: {}
RESULT: undefined
COMMAND: POST /session/4a8a75bcbd0d44f703d13edc121f15a8/element - {"using":"xpath","value":"//*[@id=\"application-managepartners-display-component---masterPtm--currencies-arrow\"]"}
RESULT: {"using":"xpath","value":"//*[@id=\"application-managepartners-display-component---masterPtm--currencies-arrow\"]"}
COMMAND: POST /session/4a8a75bcbd0d44f703d13edc121f15a8/element/f.093A703FE9E59CF09BD9C73E01D6E334.d.59E316B297EA93B08C0999C209817127.e.8509/click - {}
RESULT: {}
COMMAND: POST /session/4a8a75bcbd0d44f703d13edc121f15a8/element - {"using":"xpath","value":"//span[@id=\"application-managepartners-display-component---masterPtm--smartTable-header-inner\"]"}
COMMAND: GET /session/4a8a75bcbd0d44f703d13edc121f15a8/screenshot - {}
RESULT: {"using":"xpath","value":"//span[@id=\"application-managepartners-display-component---masterPtm--smartTable-header-inner\"]"}
COMMAND: POST /session/4a8a75bcbd0d44f703d13edc121f15a8/elements - {"using":"xpath","value":"//span[@id=\"application-managepartners-display-component---masterPtm--smartTable-header-inner\"]"}
RESULT: {}
RESULT: {"using":"xpath","value":"//span[@id=\"application-managepartners-display-component---masterPtm--smartTable-header-inner\"]"}
COMMAND: POST /session/4a8a75bcbd0d44f703d13edc121f15a8/execute/sync - {"script":"<script> [56 bytes]","args":[{"element-6066-11e4-a52e-4f735466cecf":"f.093A703FE9E59CF09BD9C73E01D6E334.d.59E316B297EA93B08C0999C209817127.e.7751","ELEMENT":"f.093A703FE9E59CF09BD9C73E01D6E334.d.59E316B297EA93B08C0999C209817127.e.7751"}]}
RESULT: {"script":"<script> [56 bytes]","args":[{"element-6066-11e4-a52e-4f735466cecf":"f.093A703FE9E59CF09BD9C73E01D6E334.d.59E316B297EA93B08C0999C209817127.e.7751","ELEMENT":"f.093A703FE9E59CF09BD9C73E01D6E334.d.59E316B297EA93B08C0999C209817127.e.7751"}]}
COMMAND: POST /session/4a8a75bcbd0d44f703d13edc121f15a8/element - {"using":"xpath","value":"//span[contains(@title, \"Remove\")]"}
COMMAND: GET /session/4a8a75bcbd0d44f703d13edc121f15a8/screenshot - {}
RESULT: {"using":"xpath","value":"//span[contains(@title, \"Remove\")]"}
COMMAND: POST /session/4a8a75bcbd0d44f703d13edc121f15a8/element/f.093A703FE9E59CF09BD9C73E01D6E334.d.59E316B297EA93B08C0999C209817127.e.8526/click - {}
RESULT: {}
RESULT: {}
COMMAND: GET /session/4a8a75bcbd0d44f703d13edc121f15a8/screenshot - {}
RESULT: {}
COMMAND: POST /session/4a8a75bcbd0d44f703d13edc121f15a8/execute/async - {"script":"<script> [1562 bytes]","args":[{"selector":{"id":"application-managepartners-display-component---masterPtm--languages-arrow"},"wdio_ui5_key":"applicationmanagepartners-display-component---masterPtm--languages-arrow"}]}
RESULT: {"script":"<script> [1562 bytes]","args":[{"selector":{"id":"application-managepartners-display-component---masterPtm--languages-arrow"},"wdio_ui5_key":"applicationmanagepartners-display-component---masterPtm--languages-arrow"}]}
RESULT: undefined
COMMAND: POST /session/4a8a75bcbd0d44f703d13edc121f15a8/element - {"using":"xpath","value":"//*[@id=\"application-managepartners-display-component---masterPtm--languages-arrow\"]"}
RESULT: {"using":"xpath","value":"//*[@id=\"application-managepartners-display-component---masterPtm--languages-arrow\"]"}
COMMAND: POST /session/4a8a75bcbd0d44f703d13edc121f15a8/element/f.093A703FE9E59CF09BD9C73E01D6E334.d.59E316B297EA93B08C0999C209817127.e.8607/click - {}
RESULT: {}
COMMAND: GET /session/4a8a75bcbd0d44f703d13edc121f15a8/screenshot - {}
RESULT: {}
COMMAND: POST /session/4a8a75bcbd0d44f703d13edc121f15a8/element - {"using":"xpath","value":"//li[.//span[text()=\"German\"]]//div[contains(@class,\"sapMCbBg\")]"}
RESULT: {"using":"xpath","value":"//li[.//span[text()=\"German\"]]//div[contains(@class,\"sapMCbBg\")]"}
COMMAND: POST /session/4a8a75bcbd0d44f703d13edc121f15a8/element/f.093A703FE9E59CF09BD9C73E01D6E334.d.59E316B297EA93B08C0999C209817127.e.8651/click - {}
RESULT: {}
COMMAND: GET /session/4a8a75bcbd0d44f703d13edc121f15a8/screenshot - {}
RESULT: {}
RESULT: undefined
COMMAND: POST /session/4a8a75bcbd0d44f703d13edc121f15a8/element - {"using":"xpath","value":"//*[@id=\"application-managepartners-display-component---masterPtm--languages-arrow\"]"}
RESULT: {"using":"xpath","value":"//*[@id=\"application-managepartners-display-component---masterPtm--languages-arrow\"]"}
COMMAND: POST /session/4a8a75bcbd0d44f703d13edc121f15a8/element/f.093A703FE9E59CF09BD9C73E01D6E334.d.59E316B297EA93B08C0999C209817127.e.8607/click - {}
RESULT: {}
COMMAND: POST /session/4a8a75bcbd0d44f703d13edc121f15a8/element - {"using":"xpath","value":"//span[@id=\"application-managepartners-display-component---masterPtm--smartTable-header-inner\"]"}
COMMAND: GET /session/4a8a75bcbd0d44f703d13edc121f15a8/screenshot - {}
RESULT: {"using":"xpath","value":"//span[@id=\"application-managepartners-display-component---masterPtm--smartTable-header-inner\"]"}
COMMAND: POST /session/4a8a75bcbd0d44f703d13edc121f15a8/elements - {"using":"xpath","value":"//span[@id=\"application-managepartners-display-component---masterPtm--smartTable-header-inner\"]"}
RESULT: {}
RESULT: {"using":"xpath","value":"//span[@id=\"application-managepartners-display-component---masterPtm--smartTable-header-inner\"]"}
COMMAND: POST /session/4a8a75bcbd0d44f703d13edc121f15a8/execute/sync - {"script":"<script> [56 bytes]","args":[{"element-6066-11e4-a52e-4f735466cecf":"f.093A703FE9E59CF09BD9C73E01D6E334.d.59E316B297EA93B08C0999C209817127.e.7751","ELEMENT":"f.093A703FE9E59CF09BD9C73E01D6E334.d.59E316B297EA93B08C0999C209817127.e.7751"}]}
RESULT: {"script":"<script> [56 bytes]","args":[{"element-6066-11e4-a52e-4f735466cecf":"f.093A703FE9E59CF09BD9C73E01D6E334.d.59E316B297EA93B08C0999C209817127.e.7751","ELEMENT":"f.093A703FE9E59CF09BD9C73E01D6E334.d.59E316B297EA93B08C0999C209817127.e.7751"}]}
COMMAND: POST /session/4a8a75bcbd0d44f703d13edc121f15a8/element - {"using":"css selector","value":"#shell-header-logo"}
COMMAND: GET /session/4a8a75bcbd0d44f703d13edc121f15a8/screenshot - {}
RESULT: {"using":"css selector","value":"#shell-header-logo"}
COMMAND: POST /session/4a8a75bcbd0d44f703d13edc121f15a8/element/f.093A703FE9E59CF09BD9C73E01D6E334.d.59E316B297EA93B08C0999C209817127.e.7582/click - {}
RESULT: {}
RESULT: {}
COMMAND: GET /session/4a8a75bcbd0d44f703d13edc121f15a8/screenshot - {}
RESULT: {}
]]></system-out>
    </testcase>
    <testcase classname="chrome.137_0_7151_69.windows.Partner_specific_tests_US150819_US151080_US151654_US151176_US103444_US151078_US151079_US151109_US151174_US151175_US151189" name="Should add a new Business Partner role same role US151541" time="78.112">
      <system-out><![CDATA[
COMMAND: POST /session/4a8a75bcbd0d44f703d13edc121f15a8/execute/async - {"script":"<script> [1562 bytes]","args":[{"selector":{"controlType":"sap.m.GenericTile","properties":{"header":"Data Explorer"}},"wdio_ui5_key":"sapm.GenericTile{\"header\":\"Data Explorer\"}"}]}
RESULT: {"script":"<script> [1562 bytes]","args":[{"selector":{"controlType":"sap.m.GenericTile","properties":{"header":"Data Explorer"}},"wdio_ui5_key":"sapm.GenericTile{\"header\":\"Data Explorer\"}"}]}
RESULT: undefined
COMMAND: POST /session/4a8a75bcbd0d44f703d13edc121f15a8/element - {"using":"xpath","value":"//*[@id=\"__tile119\"]"}
RESULT: {"using":"xpath","value":"//*[@id=\"__tile119\"]"}
COMMAND: POST /session/4a8a75bcbd0d44f703d13edc121f15a8/element/f.093A703FE9E59CF09BD9C73E01D6E334.d.59E316B297EA93B08C0999C209817127.e.8715/click - {}
RESULT: {}
COMMAND: GET /session/4a8a75bcbd0d44f703d13edc121f15a8/screenshot - {}
RESULT: {}
COMMAND: POST /session/4a8a75bcbd0d44f703d13edc121f15a8/elements - {"using":"xpath","value":"//span[text()='Error']"}
RESULT: {"using":"xpath","value":"//span[text()='Error']"}
COMMAND: POST /session/4a8a75bcbd0d44f703d13edc121f15a8/window/fullscreen - {}
RESULT: {}
COMMAND: POST /session/4a8a75bcbd0d44f703d13edc121f15a8/element - {"using":"xpath","value":"//input[@id=\"application-businessconfigurations-display-component---masterBusinessConfigurations--smartFilterBar-btnBasicSearch-I\"]"}
RESULT: {"using":"xpath","value":"//input[@id=\"application-businessconfigurations-display-component---masterBusinessConfigurations--smartFilterBar-btnBasicSearch-I\"]"}
COMMAND: POST /session/4a8a75bcbd0d44f703d13edc121f15a8/elements - {"using":"xpath","value":"//input[@id=\"application-businessconfigurations-display-component---masterBusinessConfigurations--smartFilterBar-btnBasicSearch-I\"]"}
RESULT: {"using":"xpath","value":"//input[@id=\"application-businessconfigurations-display-component---masterBusinessConfigurations--smartFilterBar-btnBasicSearch-I\"]"}
COMMAND: POST /session/4a8a75bcbd0d44f703d13edc121f15a8/execute/sync - {"script":"<script> [8489 bytes]","args":[{"element-6066-11e4-a52e-4f735466cecf":"f.093A703FE9E59CF09BD9C73E01D6E334.d.59E316B297EA93B08C0999C209817127.e.8739","ELEMENT":"f.093A703FE9E59CF09BD9C73E01D6E334.d.59E316B297EA93B08C0999C209817127.e.8739"}]}
RESULT: {"script":"<script> [8489 bytes]","args":[{"element-6066-11e4-a52e-4f735466cecf":"f.093A703FE9E59CF09BD9C73E01D6E334.d.59E316B297EA93B08C0999C209817127.e.8739","ELEMENT":"f.093A703FE9E59CF09BD9C73E01D6E334.d.59E316B297EA93B08C0999C209817127.e.8739"}]}
COMMAND: GET /session/4a8a75bcbd0d44f703d13edc121f15a8/element/f.093A703FE9E59CF09BD9C73E01D6E334.d.59E316B297EA93B08C0999C209817127.e.8739/enabled - {}
COMMAND: GET /session/4a8a75bcbd0d44f703d13edc121f15a8/screenshot - {}
RESULT: {}
COMMAND: POST /session/4a8a75bcbd0d44f703d13edc121f15a8/execute/sync - {"script":"<script> [8489 bytes]","args":[{"element-6066-11e4-a52e-4f735466cecf":"f.093A703FE9E59CF09BD9C73E01D6E334.d.59E316B297EA93B08C0999C209817127.e.8739","ELEMENT":"f.093A703FE9E59CF09BD9C73E01D6E334.d.59E316B297EA93B08C0999C209817127.e.8739"}]}
COMMAND: GET /session/4a8a75bcbd0d44f703d13edc121f15a8/screenshot - {}
RESULT: {}
RESULT: {"script":"<script> [8489 bytes]","args":[{"element-6066-11e4-a52e-4f735466cecf":"f.093A703FE9E59CF09BD9C73E01D6E334.d.59E316B297EA93B08C0999C209817127.e.8739","ELEMENT":"f.093A703FE9E59CF09BD9C73E01D6E334.d.59E316B297EA93B08C0999C209817127.e.8739"}]}
COMMAND: POST /session/4a8a75bcbd0d44f703d13edc121f15a8/execute/sync - {"script":"<script> [5351 bytes]","args":[{"element-6066-11e4-a52e-4f735466cecf":"f.093A703FE9E59CF09BD9C73E01D6E334.d.59E316B297EA93B08C0999C209817127.e.8739","ELEMENT":"f.093A703FE9E59CF09BD9C73E01D6E334.d.59E316B297EA93B08C0999C209817127.e.8739"}]}
COMMAND: GET /session/4a8a75bcbd0d44f703d13edc121f15a8/screenshot - {}
RESULT: {}
RESULT: {"script":"<script> [5351 bytes]","args":[{"element-6066-11e4-a52e-4f735466cecf":"f.093A703FE9E59CF09BD9C73E01D6E334.d.59E316B297EA93B08C0999C209817127.e.8739","ELEMENT":"f.093A703FE9E59CF09BD9C73E01D6E334.d.59E316B297EA93B08C0999C209817127.e.8739"}]}
COMMAND: GET /session/4a8a75bcbd0d44f703d13edc121f15a8/screenshot - {}
RESULT: {}
RESULT: {}
COMMAND: POST /session/4a8a75bcbd0d44f703d13edc121f15a8/element - {"using":"xpath","value":"//span[@id=\"application-businessconfigurations-display-component---masterBusinessConfigurations--masterListDataExplorerSmartTable-header-inner\"]"}
RESULT: {"using":"xpath","value":"//span[@id=\"application-businessconfigurations-display-component---masterBusinessConfigurations--masterListDataExplorerSmartTable-header-inner\"]"}
COMMAND: POST /session/4a8a75bcbd0d44f703d13edc121f15a8/elements - {"using":"xpath","value":"//span[@id=\"application-businessconfigurations-display-component---masterBusinessConfigurations--masterListDataExplorerSmartTable-header-inner\"]"}
RESULT: {"using":"xpath","value":"//span[@id=\"application-businessconfigurations-display-component---masterBusinessConfigurations--masterListDataExplorerSmartTable-header-inner\"]"}
COMMAND: POST /session/4a8a75bcbd0d44f703d13edc121f15a8/execute/sync - {"script":"<script> [56 bytes]","args":[{"element-6066-11e4-a52e-4f735466cecf":"f.093A703FE9E59CF09BD9C73E01D6E334.d.59E316B297EA93B08C0999C209817127.e.9094","ELEMENT":"f.093A703FE9E59CF09BD9C73E01D6E334.d.59E316B297EA93B08C0999C209817127.e.9094"}]}
RESULT: {"script":"<script> [56 bytes]","args":[{"element-6066-11e4-a52e-4f735466cecf":"f.093A703FE9E59CF09BD9C73E01D6E334.d.59E316B297EA93B08C0999C209817127.e.9094","ELEMENT":"f.093A703FE9E59CF09BD9C73E01D6E334.d.59E316B297EA93B08C0999C209817127.e.9094"}]}
COMMAND: POST /session/4a8a75bcbd0d44f703d13edc121f15a8/element/f.093A703FE9E59CF09BD9C73E01D6E334.d.59E316B297EA93B08C0999C209817127.e.8739/clear - {}
COMMAND: GET /session/4a8a75bcbd0d44f703d13edc121f15a8/screenshot - {}
RESULT: {}
COMMAND: POST /session/4a8a75bcbd0d44f703d13edc121f15a8/element/f.093A703FE9E59CF09BD9C73E01D6E334.d.59E316B297EA93B08C0999C209817127.e.8739/value - {"text":"NETM_C_BUSINESS_PARTNER_ROLES"}
COMMAND: GET /session/4a8a75bcbd0d44f703d13edc121f15a8/screenshot - {}
RESULT: {}
RESULT: {"text":"NETM_C_BUSINESS_PARTNER_ROLES"}
COMMAND: GET /session/4a8a75bcbd0d44f703d13edc121f15a8/screenshot - {}
RESULT: {}
RESULT: {}
COMMAND: POST /session/4a8a75bcbd0d44f703d13edc121f15a8/actions - {"actions":[{"id":"action25","type":"key","parameters":{},"actions":[{"type":"keyDown","value":""},{"type":"pause","duration":10},{"type":"keyUp","value":""}]}]}
RESULT: {"actions":[{"id":"action25","type":"key","parameters":{},"actions":[{"type":"keyDown","value":""},{"type":"pause","duration":10},{"type":"keyUp","value":""}]}]}
COMMAND: GET /session/4a8a75bcbd0d44f703d13edc121f15a8/screenshot - {}
RESULT: {}
COMMAND: POST /session/4a8a75bcbd0d44f703d13edc121f15a8/elements - {"using":"xpath","value":"//table[contains(@id, \"masterListDataExplorerTable-listUl\")]/tbody/tr"}
RESULT: {"using":"xpath","value":"//table[contains(@id, \"masterListDataExplorerTable-listUl\")]/tbody/tr"}
COMMAND: POST /session/4a8a75bcbd0d44f703d13edc121f15a8/element - {"using":"xpath","value":"//table[contains(@id, \"masterListDataExplorerTable-listUl\")]/tbody/tr[2]/td[4]/span"}
RESULT: {"using":"xpath","value":"//table[contains(@id, \"masterListDataExplorerTable-listUl\")]/tbody/tr[2]/td[4]/span"}
COMMAND: POST /session/4a8a75bcbd0d44f703d13edc121f15a8/elements - {"using":"xpath","value":"//table[contains(@id, \"masterListDataExplorerTable-listUl\")]/tbody/tr[2]/td[4]/span"}
RESULT: {"using":"xpath","value":"//table[contains(@id, \"masterListDataExplorerTable-listUl\")]/tbody/tr[2]/td[4]/span"}
COMMAND: POST /session/4a8a75bcbd0d44f703d13edc121f15a8/execute/sync - {"script":"<script> [56 bytes]","args":[{"element-6066-11e4-a52e-4f735466cecf":"f.093A703FE9E59CF09BD9C73E01D6E334.d.59E316B297EA93B08C0999C209817127.e.9101","ELEMENT":"f.093A703FE9E59CF09BD9C73E01D6E334.d.59E316B297EA93B08C0999C209817127.e.9101"}]}
RESULT: {"script":"<script> [56 bytes]","args":[{"element-6066-11e4-a52e-4f735466cecf":"f.093A703FE9E59CF09BD9C73E01D6E334.d.59E316B297EA93B08C0999C209817127.e.9101","ELEMENT":"f.093A703FE9E59CF09BD9C73E01D6E334.d.59E316B297EA93B08C0999C209817127.e.9101"}]}
COMMAND: POST /session/4a8a75bcbd0d44f703d13edc121f15a8/element - {"using":"xpath","value":"(//span[contains(@id, \"imgNav\")])[1]"}
COMMAND: GET /session/4a8a75bcbd0d44f703d13edc121f15a8/screenshot - {}
RESULT: {"using":"xpath","value":"(//span[contains(@id, \"imgNav\")])[1]"}
COMMAND: POST /session/4a8a75bcbd0d44f703d13edc121f15a8/element/f.093A703FE9E59CF09BD9C73E01D6E334.d.59E316B297EA93B08C0999C209817127.e.9102/click - {}
RESULT: {}
RESULT: {}
COMMAND: GET /session/4a8a75bcbd0d44f703d13edc121f15a8/screenshot - {}
RESULT: {}
COMMAND: POST /session/4a8a75bcbd0d44f703d13edc121f15a8/element - {"using":"xpath","value":"//bdi[contains(text(), \"Edit\")]"}
RESULT: {"using":"xpath","value":"//bdi[contains(text(), \"Edit\")]"}
COMMAND: POST /session/4a8a75bcbd0d44f703d13edc121f15a8/element/f.093A703FE9E59CF09BD9C73E01D6E334.d.59E316B297EA93B08C0999C209817127.e.9243/click - {}
RESULT: {}
COMMAND: GET /session/4a8a75bcbd0d44f703d13edc121f15a8/screenshot - {}
RESULT: {}
COMMAND: POST /session/4a8a75bcbd0d44f703d13edc121f15a8/element - {"using":"xpath","value":"//button[contains(@id, \"detailBusinessConfigurations--addButton\")]"}
RESULT: {"using":"xpath","value":"//button[contains(@id, \"detailBusinessConfigurations--addButton\")]"}
COMMAND: POST /session/4a8a75bcbd0d44f703d13edc121f15a8/element/f.093A703FE9E59CF09BD9C73E01D6E334.d.59E316B297EA93B08C0999C209817127.e.9252/click - {}
RESULT: {}
COMMAND: GET /session/4a8a75bcbd0d44f703d13edc121f15a8/screenshot - {}
RESULT: {}
COMMAND: POST /session/4a8a75bcbd0d44f703d13edc121f15a8/elements - {"using":"xpath","value":"//table[contains(@id, \"detailBusinessConfigurations--detailsTable-listUl\")]/tbody/tr"}
RESULT: {"using":"xpath","value":"//table[contains(@id, \"detailBusinessConfigurations--detailsTable-listUl\")]/tbody/tr"}
COMMAND: POST /session/4a8a75bcbd0d44f703d13edc121f15a8/element - {"using":"xpath","value":"//table[contains(@id, \"detailBusinessConfigurations--detailsTable-listUl\")]/tbody/tr[1]/td[3]/div/div/div/div/input"}
RESULT: {"using":"xpath","value":"//table[contains(@id, \"detailBusinessConfigurations--detailsTable-listUl\")]/tbody/tr[1]/td[3]/div/div/div/div/input"}
COMMAND: POST /session/4a8a75bcbd0d44f703d13edc121f15a8/element/f.093A703FE9E59CF09BD9C73E01D6E334.d.59E316B297EA93B08C0999C209817127.e.9255/clear - {}
RESULT: {}
COMMAND: POST /session/4a8a75bcbd0d44f703d13edc121f15a8/element/f.093A703FE9E59CF09BD9C73E01D6E334.d.59E316B297EA93B08C0999C209817127.e.9255/value - {"text":"WebDriver Testy"}
COMMAND: GET /session/4a8a75bcbd0d44f703d13edc121f15a8/screenshot - {}
RESULT: {"text":"WebDriver Testy"}
COMMAND: GET /session/4a8a75bcbd0d44f703d13edc121f15a8/screenshot - {}
RESULT: {}
RESULT: {}
COMMAND: POST /session/4a8a75bcbd0d44f703d13edc121f15a8/element - {"using":"xpath","value":"//button[contains(@id, \"detailBusinessConfigurations--addButton\")]"}
RESULT: {"using":"xpath","value":"//button[contains(@id, \"detailBusinessConfigurations--addButton\")]"}
COMMAND: POST /session/4a8a75bcbd0d44f703d13edc121f15a8/element/f.093A703FE9E59CF09BD9C73E01D6E334.d.59E316B297EA93B08C0999C209817127.e.9252/click - {}
RESULT: {}
COMMAND: GET /session/4a8a75bcbd0d44f703d13edc121f15a8/screenshot - {}
RESULT: {}
COMMAND: POST /session/4a8a75bcbd0d44f703d13edc121f15a8/element - {"using":"xpath","value":"//table[contains(@id, \"detailBusinessConfigurations--detailsTable-listUl\")]/tbody/tr[1]/td[3]/div/div/div/div/input"}
RESULT: {"using":"xpath","value":"//table[contains(@id, \"detailBusinessConfigurations--detailsTable-listUl\")]/tbody/tr[1]/td[3]/div/div/div/div/input"}
COMMAND: POST /session/4a8a75bcbd0d44f703d13edc121f15a8/element/f.093A703FE9E59CF09BD9C73E01D6E334.d.59E316B297EA93B08C0999C209817127.e.9268/clear - {}
RESULT: {}
COMMAND: POST /session/4a8a75bcbd0d44f703d13edc121f15a8/element/f.093A703FE9E59CF09BD9C73E01D6E334.d.59E316B297EA93B08C0999C209817127.e.9268/value - {"text":"WebDriver Testy"}
COMMAND: GET /session/4a8a75bcbd0d44f703d13edc121f15a8/screenshot - {}
RESULT: {"text":"WebDriver Testy"}
COMMAND: GET /session/4a8a75bcbd0d44f703d13edc121f15a8/screenshot - {}
RESULT: {}
RESULT: {}
COMMAND: POST /session/4a8a75bcbd0d44f703d13edc121f15a8/element - {"using":"xpath","value":"//bdi[text()=\"Save\"]"}
RESULT: {"using":"xpath","value":"//bdi[text()=\"Save\"]"}
COMMAND: POST /session/4a8a75bcbd0d44f703d13edc121f15a8/element/f.093A703FE9E59CF09BD9C73E01D6E334.d.59E316B297EA93B08C0999C209817127.e.9275/click - {}
RESULT: {}
COMMAND: GET /session/4a8a75bcbd0d44f703d13edc121f15a8/screenshot - {}
RESULT: {}
COMMAND: POST /session/4a8a75bcbd0d44f703d13edc121f15a8/element - {"using":"xpath","value":"//span[contains(@class, \"sapMMsgBoxText\")]"}
RESULT: {"using":"xpath","value":"//span[contains(@class, \"sapMMsgBoxText\")]"}
COMMAND: POST /session/4a8a75bcbd0d44f703d13edc121f15a8/elements - {"using":"xpath","value":"//span[contains(@class, \"sapMMsgBoxText\")]"}
RESULT: {"using":"xpath","value":"//span[contains(@class, \"sapMMsgBoxText\")]"}
COMMAND: POST /session/4a8a75bcbd0d44f703d13edc121f15a8/execute/sync - {"script":"<script> [56 bytes]","args":[{"element-6066-11e4-a52e-4f735466cecf":"f.093A703FE9E59CF09BD9C73E01D6E334.d.59E316B297EA93B08C0999C209817127.e.9278","ELEMENT":"f.093A703FE9E59CF09BD9C73E01D6E334.d.59E316B297EA93B08C0999C209817127.e.9278"}]}
RESULT: {"script":"<script> [56 bytes]","args":[{"element-6066-11e4-a52e-4f735466cecf":"f.093A703FE9E59CF09BD9C73E01D6E334.d.59E316B297EA93B08C0999C209817127.e.9278","ELEMENT":"f.093A703FE9E59CF09BD9C73E01D6E334.d.59E316B297EA93B08C0999C209817127.e.9278"}]}
COMMAND: POST /session/4a8a75bcbd0d44f703d13edc121f15a8/element - {"using":"xpath","value":"//bdi[text()=\"Close\"]"}
COMMAND: GET /session/4a8a75bcbd0d44f703d13edc121f15a8/screenshot - {}
RESULT: {"using":"xpath","value":"//bdi[text()=\"Close\"]"}
COMMAND: POST /session/4a8a75bcbd0d44f703d13edc121f15a8/element/f.093A703FE9E59CF09BD9C73E01D6E334.d.59E316B297EA93B08C0999C209817127.e.9295/click - {}
RESULT: {}
RESULT: {}
COMMAND: GET /session/4a8a75bcbd0d44f703d13edc121f15a8/screenshot - {}
RESULT: {}
COMMAND: POST /session/4a8a75bcbd0d44f703d13edc121f15a8/element - {"using":"css selector","value":"#shell-header-logo"}
RESULT: {"using":"css selector","value":"#shell-header-logo"}
COMMAND: POST /session/4a8a75bcbd0d44f703d13edc121f15a8/element/f.093A703FE9E59CF09BD9C73E01D6E334.d.59E316B297EA93B08C0999C209817127.e.8722/click - {}
RESULT: {}
COMMAND: GET /session/4a8a75bcbd0d44f703d13edc121f15a8/screenshot - {}
RESULT: {}
]]></system-out>
    </testcase>
    <testcase classname="chrome.137_0_7151_69.windows.Partner_specific_tests_US150819_US151080_US151654_US151176_US103444_US151078_US151079_US151109_US151174_US151175_US151189" name="Should do QC various tests US151189" time="405.253">
      <system-out><![CDATA[
RESULT: undefined
COMMAND: POST /session/4a8a75bcbd0d44f703d13edc121f15a8/element - {"using":"xpath","value":"//*[@id=\"__tile31\"]"}
RESULT: {"using":"xpath","value":"//*[@id=\"__tile31\"]"}
COMMAND: POST /session/4a8a75bcbd0d44f703d13edc121f15a8/element/f.093A703FE9E59CF09BD9C73E01D6E334.d.59E316B297EA93B08C0999C209817127.e.4531/click - {}
RESULT: {}
COMMAND: POST /session/4a8a75bcbd0d44f703d13edc121f15a8/element - {"using":"xpath","value":"//button[@data-kt=\"addButton\"]"}
COMMAND: GET /session/4a8a75bcbd0d44f703d13edc121f15a8/screenshot - {}
RESULT: {"using":"xpath","value":"//button[@data-kt=\"addButton\"]"}
COMMAND: POST /session/4a8a75bcbd0d44f703d13edc121f15a8/elements - {"using":"xpath","value":"//button[@data-kt=\"addButton\"]"}
RESULT: {}
RESULT: {"using":"xpath","value":"//button[@data-kt=\"addButton\"]"}
COMMAND: POST /session/4a8a75bcbd0d44f703d13edc121f15a8/element - {"using":"xpath","value":"//button[@data-kt=\"addButton\"]"}
RESULT: {"using":"xpath","value":"//button[@data-kt=\"addButton\"]"}
COMMAND: POST /session/4a8a75bcbd0d44f703d13edc121f15a8/execute/sync - {"script":"<script> [8489 bytes]","args":[{"element-6066-11e4-a52e-4f735466cecf":"f.093A703FE9E59CF09BD9C73E01D6E334.d.59E316B297EA93B08C0999C209817127.e.9344","ELEMENT":"f.093A703FE9E59CF09BD9C73E01D6E334.d.59E316B297EA93B08C0999C209817127.e.9344"}]}
RESULT: {"script":"<script> [8489 bytes]","args":[{"element-6066-11e4-a52e-4f735466cecf":"f.093A703FE9E59CF09BD9C73E01D6E334.d.59E316B297EA93B08C0999C209817127.e.9344","ELEMENT":"f.093A703FE9E59CF09BD9C73E01D6E334.d.59E316B297EA93B08C0999C209817127.e.9344"}]}
COMMAND: GET /session/4a8a75bcbd0d44f703d13edc121f15a8/element/f.093A703FE9E59CF09BD9C73E01D6E334.d.59E316B297EA93B08C0999C209817127.e.9344/enabled - {}
COMMAND: GET /session/4a8a75bcbd0d44f703d13edc121f15a8/screenshot - {}
RESULT: {}
COMMAND: POST /session/4a8a75bcbd0d44f703d13edc121f15a8/execute/sync - {"script":"<script> [8489 bytes]","args":[{"element-6066-11e4-a52e-4f735466cecf":"f.093A703FE9E59CF09BD9C73E01D6E334.d.59E316B297EA93B08C0999C209817127.e.9344","ELEMENT":"f.093A703FE9E59CF09BD9C73E01D6E334.d.59E316B297EA93B08C0999C209817127.e.9344"}]}
COMMAND: GET /session/4a8a75bcbd0d44f703d13edc121f15a8/screenshot - {}
RESULT: {}
RESULT: {"script":"<script> [8489 bytes]","args":[{"element-6066-11e4-a52e-4f735466cecf":"f.093A703FE9E59CF09BD9C73E01D6E334.d.59E316B297EA93B08C0999C209817127.e.9344","ELEMENT":"f.093A703FE9E59CF09BD9C73E01D6E334.d.59E316B297EA93B08C0999C209817127.e.9344"}]}
COMMAND: POST /session/4a8a75bcbd0d44f703d13edc121f15a8/execute/sync - {"script":"<script> [5351 bytes]","args":[{"element-6066-11e4-a52e-4f735466cecf":"f.093A703FE9E59CF09BD9C73E01D6E334.d.59E316B297EA93B08C0999C209817127.e.9344","ELEMENT":"f.093A703FE9E59CF09BD9C73E01D6E334.d.59E316B297EA93B08C0999C209817127.e.9344"}]}
COMMAND: GET /session/4a8a75bcbd0d44f703d13edc121f15a8/screenshot - {}
RESULT: {}
RESULT: {"script":"<script> [5351 bytes]","args":[{"element-6066-11e4-a52e-4f735466cecf":"f.093A703FE9E59CF09BD9C73E01D6E334.d.59E316B297EA93B08C0999C209817127.e.9344","ELEMENT":"f.093A703FE9E59CF09BD9C73E01D6E334.d.59E316B297EA93B08C0999C209817127.e.9344"}]}
COMMAND: GET /session/4a8a75bcbd0d44f703d13edc121f15a8/screenshot - {}
RESULT: {}
RESULT: {}
COMMAND: POST /session/4a8a75bcbd0d44f703d13edc121f15a8/element - {"using":"xpath","value":"//span[@id=\"application-managepartners-display-component---masterPtm--smartTable-header-inner\"]"}
RESULT: {"using":"xpath","value":"//span[@id=\"application-managepartners-display-component---masterPtm--smartTable-header-inner\"]"}
COMMAND: POST /session/4a8a75bcbd0d44f703d13edc121f15a8/elements - {"using":"xpath","value":"//span[@id=\"application-managepartners-display-component---masterPtm--smartTable-header-inner\"]"}
RESULT: {"using":"xpath","value":"//span[@id=\"application-managepartners-display-component---masterPtm--smartTable-header-inner\"]"}
COMMAND: POST /session/4a8a75bcbd0d44f703d13edc121f15a8/execute/sync - {"script":"<script> [56 bytes]","args":[{"element-6066-11e4-a52e-4f735466cecf":"f.093A703FE9E59CF09BD9C73E01D6E334.d.59E316B297EA93B08C0999C209817127.e.9470","ELEMENT":"f.093A703FE9E59CF09BD9C73E01D6E334.d.59E316B297EA93B08C0999C209817127.e.9470"}]}
RESULT: {"script":"<script> [56 bytes]","args":[{"element-6066-11e4-a52e-4f735466cecf":"f.093A703FE9E59CF09BD9C73E01D6E334.d.59E316B297EA93B08C0999C209817127.e.9470","ELEMENT":"f.093A703FE9E59CF09BD9C73E01D6E334.d.59E316B297EA93B08C0999C209817127.e.9470"}]}
RESULT: undefined
COMMAND: POST /session/4a8a75bcbd0d44f703d13edc121f15a8/execute/async - {"script":"<script> [776 bytes]","args":[{"enterText":"1119","selector":{"id":"application-managepartners-display-component---masterPtm--smartFilterBar-btnBasicSearch","interaction":{"idSuffix":"I"}},"clearTextFirst":true,"interactionType":"ENTER_TEXT"}]}
COMMAND: GET /session/4a8a75bcbd0d44f703d13edc121f15a8/screenshot - {}
RESULT: {"script":"<script> [776 bytes]","args":[{"enterText":"1119","selector":{"id":"application-managepartners-display-component---masterPtm--smartFilterBar-btnBasicSearch","interaction":{"idSuffix":"I"}},"clearTextFirst":true,"interactionType":"ENTER_TEXT"}]}
COMMAND: POST /session/4a8a75bcbd0d44f703d13edc121f15a8/actions - {"actions":[{"id":"action26","type":"key","parameters":{},"actions":[{"type":"keyDown","value":""},{"type":"pause","duration":10},{"type":"keyUp","value":""}]}]}
RESULT: {}
RESULT: {"actions":[{"id":"action26","type":"key","parameters":{},"actions":[{"type":"keyDown","value":""},{"type":"pause","duration":10},{"type":"keyUp","value":""}]}]}
COMMAND: GET /session/4a8a75bcbd0d44f703d13edc121f15a8/screenshot - {}
RESULT: {}
COMMAND: POST /session/4a8a75bcbd0d44f703d13edc121f15a8/elements - {"using":"xpath","value":"//table[contains(@id, \"customPartnersTable-listUl\")]/tbody/tr"}
RESULT: {"using":"xpath","value":"//table[contains(@id, \"customPartnersTable-listUl\")]/tbody/tr"}
COMMAND: POST /session/4a8a75bcbd0d44f703d13edc121f15a8/element - {"using":"xpath","value":"//table[contains(@id, \"customPartnersTable-listUl\")]/tbody/tr[1]/td[3]/span"}
RESULT: {"using":"xpath","value":"//table[contains(@id, \"customPartnersTable-listUl\")]/tbody/tr[1]/td[3]/span"}
COMMAND: POST /session/4a8a75bcbd0d44f703d13edc121f15a8/elements - {"using":"xpath","value":"//table[contains(@id, \"customPartnersTable-listUl\")]/tbody/tr[1]/td[3]/span"}
RESULT: {"using":"xpath","value":"//table[contains(@id, \"customPartnersTable-listUl\")]/tbody/tr[1]/td[3]/span"}
COMMAND: POST /session/4a8a75bcbd0d44f703d13edc121f15a8/execute/sync - {"script":"<script> [56 bytes]","args":[{"element-6066-11e4-a52e-4f735466cecf":"f.093A703FE9E59CF09BD9C73E01D6E334.d.59E316B297EA93B08C0999C209817127.e.9481","ELEMENT":"f.093A703FE9E59CF09BD9C73E01D6E334.d.59E316B297EA93B08C0999C209817127.e.9481"}]}
RESULT: {"script":"<script> [56 bytes]","args":[{"element-6066-11e4-a52e-4f735466cecf":"f.093A703FE9E59CF09BD9C73E01D6E334.d.59E316B297EA93B08C0999C209817127.e.9481","ELEMENT":"f.093A703FE9E59CF09BD9C73E01D6E334.d.59E316B297EA93B08C0999C209817127.e.9481"}]}
COMMAND: POST /session/4a8a75bcbd0d44f703d13edc121f15a8/element - {"using":"xpath","value":"//div[contains(@id, \"smartFilterBar-btnBasicSearch-reset\")]"}
COMMAND: GET /session/4a8a75bcbd0d44f703d13edc121f15a8/screenshot - {}
RESULT: {"using":"xpath","value":"//div[contains(@id, \"smartFilterBar-btnBasicSearch-reset\")]"}
COMMAND: POST /session/4a8a75bcbd0d44f703d13edc121f15a8/element/f.093A703FE9E59CF09BD9C73E01D6E334.d.59E316B297EA93B08C0999C209817127.e.9482/click - {}
RESULT: {}
RESULT: {}
COMMAND: GET /session/4a8a75bcbd0d44f703d13edc121f15a8/screenshot - {}
RESULT: undefined
COMMAND: POST /session/4a8a75bcbd0d44f703d13edc121f15a8/element - {"using":"xpath","value":"//*[@id=\"application-managepartners-display-component---masterPtm--smartFilterBar-filterItemControl_BASIC-MAIN_ADDRESS-vhi\"]"}
RESULT: {}
RESULT: {"using":"xpath","value":"//*[@id=\"application-managepartners-display-component---masterPtm--smartFilterBar-filterItemControl_BASIC-MAIN_ADDRESS-vhi\"]"}
COMMAND: POST /session/4a8a75bcbd0d44f703d13edc121f15a8/element/f.093A703FE9E59CF09BD9C73E01D6E334.d.59E316B297EA93B08C0999C209817127.e.9586/click - {}
RESULT: {}
COMMAND: GET /session/4a8a75bcbd0d44f703d13edc121f15a8/screenshot - {}
RESULT: {}
RESULT: undefined
COMMAND: POST /session/4a8a75bcbd0d44f703d13edc121f15a8/execute/async - {"script":"<script> [776 bytes]","args":[{"enterText":"Romania","selector":{"id":"application-managepartners-display-component---masterPtm--smartFilterBar-filterItemControl_BASIC-MAIN_ADDRESS-valueHelpDialog-smartFilterBar-btnBasicSearch","searchOpenDialogs":true,"interaction":{"idSuffix":"I"}},"clearTextFirst":true,"interactionType":"ENTER_TEXT"}]}
RESULT: {"script":"<script> [776 bytes]","args":[{"enterText":"Romania","selector":{"id":"application-managepartners-display-component---masterPtm--smartFilterBar-filterItemControl_BASIC-MAIN_ADDRESS-valueHelpDialog-smartFilterBar-btnBasicSearch","searchOpenDialogs":true,"interaction":{"idSuffix":"I"}},"clearTextFirst":true,"interactionType":"ENTER_TEXT"}]}
COMMAND: POST /session/4a8a75bcbd0d44f703d13edc121f15a8/actions - {"actions":[{"id":"action27","type":"key","parameters":{},"actions":[{"type":"keyDown","value":""},{"type":"pause","duration":10},{"type":"keyUp","value":""}]}]}
RESULT: {"actions":[{"id":"action27","type":"key","parameters":{},"actions":[{"type":"keyDown","value":""},{"type":"pause","duration":10},{"type":"keyUp","value":""}]}]}
COMMAND: GET /session/4a8a75bcbd0d44f703d13edc121f15a8/screenshot - {}
RESULT: {}
COMMAND: POST /session/4a8a75bcbd0d44f703d13edc121f15a8/elements - {"using":"xpath","value":"//table[contains(@id, \"smartFilterBar-filterItemControl_BASIC-MAIN_ADDRESS-valueHelpDialog-table-table\")]/tbody/tr"}
RESULT: {"using":"xpath","value":"//table[contains(@id, \"smartFilterBar-filterItemControl_BASIC-MAIN_ADDRESS-valueHelpDialog-table-table\")]/tbody/tr"}
COMMAND: POST /session/4a8a75bcbd0d44f703d13edc121f15a8/element - {"using":"xpath","value":"//table[contains(@id, \"smartFilterBar-filterItemControl_BASIC-MAIN_ADDRESS-valueHelpDialog-table-table\")]/tbody/tr[1]/td[1]/div/span"}
RESULT: {"using":"xpath","value":"//table[contains(@id, \"smartFilterBar-filterItemControl_BASIC-MAIN_ADDRESS-valueHelpDialog-table-table\")]/tbody/tr[1]/td[1]/div/span"}
COMMAND: POST /session/4a8a75bcbd0d44f703d13edc121f15a8/elements - {"using":"xpath","value":"//table[contains(@id, \"smartFilterBar-filterItemControl_BASIC-MAIN_ADDRESS-valueHelpDialog-table-table\")]/tbody/tr[1]/td[1]/div/span"}
RESULT: {"using":"xpath","value":"//table[contains(@id, \"smartFilterBar-filterItemControl_BASIC-MAIN_ADDRESS-valueHelpDialog-table-table\")]/tbody/tr[1]/td[1]/div/span"}
COMMAND: POST /session/4a8a75bcbd0d44f703d13edc121f15a8/execute/sync - {"script":"<script> [56 bytes]","args":[{"element-6066-11e4-a52e-4f735466cecf":"f.093A703FE9E59CF09BD9C73E01D6E334.d.59E316B297EA93B08C0999C209817127.e.9605","ELEMENT":"f.093A703FE9E59CF09BD9C73E01D6E334.d.59E316B297EA93B08C0999C209817127.e.9605"}]}
RESULT: {"script":"<script> [56 bytes]","args":[{"element-6066-11e4-a52e-4f735466cecf":"f.093A703FE9E59CF09BD9C73E01D6E334.d.59E316B297EA93B08C0999C209817127.e.9605","ELEMENT":"f.093A703FE9E59CF09BD9C73E01D6E334.d.59E316B297EA93B08C0999C209817127.e.9605"}]}
COMMAND: POST /session/4a8a75bcbd0d44f703d13edc121f15a8/element - {"using":"xpath","value":"//div[contains(@id, \"filterItemControl_BASIC-MAIN_ADDRESS-valueHelpDialog-table-rowsel0\")]"}
COMMAND: GET /session/4a8a75bcbd0d44f703d13edc121f15a8/screenshot - {}
RESULT: {"using":"xpath","value":"//div[contains(@id, \"filterItemControl_BASIC-MAIN_ADDRESS-valueHelpDialog-table-rowsel0\")]"}
COMMAND: POST /session/4a8a75bcbd0d44f703d13edc121f15a8/element/f.093A703FE9E59CF09BD9C73E01D6E334.d.59E316B297EA93B08C0999C209817127.e.9606/click - {}
RESULT: {}
RESULT: {}
COMMAND: GET /session/4a8a75bcbd0d44f703d13edc121f15a8/screenshot - {}
RESULT: {}
RESULT: undefined
COMMAND: POST /session/4a8a75bcbd0d44f703d13edc121f15a8/execute/async - {"script":"<script> [776 bytes]","args":[{"enterText":"Germany","selector":{"id":"application-managepartners-display-component---masterPtm--smartFilterBar-filterItemControl_BASIC-MAIN_ADDRESS-valueHelpDialog-smartFilterBar-btnBasicSearch","searchOpenDialogs":true,"interaction":{"idSuffix":"I"}},"clearTextFirst":true,"interactionType":"ENTER_TEXT"}]}
RESULT: {"script":"<script> [776 bytes]","args":[{"enterText":"Germany","selector":{"id":"application-managepartners-display-component---masterPtm--smartFilterBar-filterItemControl_BASIC-MAIN_ADDRESS-valueHelpDialog-smartFilterBar-btnBasicSearch","searchOpenDialogs":true,"interaction":{"idSuffix":"I"}},"clearTextFirst":true,"interactionType":"ENTER_TEXT"}]}
COMMAND: POST /session/4a8a75bcbd0d44f703d13edc121f15a8/actions - {"actions":[{"id":"action28","type":"key","parameters":{},"actions":[{"type":"keyDown","value":""},{"type":"pause","duration":10},{"type":"keyUp","value":""}]}]}
RESULT: {"actions":[{"id":"action28","type":"key","parameters":{},"actions":[{"type":"keyDown","value":""},{"type":"pause","duration":10},{"type":"keyUp","value":""}]}]}
COMMAND: GET /session/4a8a75bcbd0d44f703d13edc121f15a8/screenshot - {}
RESULT: {}
COMMAND: POST /session/4a8a75bcbd0d44f703d13edc121f15a8/elements - {"using":"xpath","value":"//table[contains(@id, \"smartFilterBar-filterItemControl_BASIC-MAIN_ADDRESS-valueHelpDialog-table-table\")]/tbody/tr"}
RESULT: {"using":"xpath","value":"//table[contains(@id, \"smartFilterBar-filterItemControl_BASIC-MAIN_ADDRESS-valueHelpDialog-table-table\")]/tbody/tr"}
COMMAND: POST /session/4a8a75bcbd0d44f703d13edc121f15a8/element - {"using":"xpath","value":"//table[contains(@id, \"smartFilterBar-filterItemControl_BASIC-MAIN_ADDRESS-valueHelpDialog-table-table\")]/tbody/tr[1]/td[1]/div/span"}
RESULT: {"using":"xpath","value":"//table[contains(@id, \"smartFilterBar-filterItemControl_BASIC-MAIN_ADDRESS-valueHelpDialog-table-table\")]/tbody/tr[1]/td[1]/div/span"}
COMMAND: POST /session/4a8a75bcbd0d44f703d13edc121f15a8/elements - {"using":"xpath","value":"//table[contains(@id, \"smartFilterBar-filterItemControl_BASIC-MAIN_ADDRESS-valueHelpDialog-table-table\")]/tbody/tr[1]/td[1]/div/span"}
RESULT: {"using":"xpath","value":"//table[contains(@id, \"smartFilterBar-filterItemControl_BASIC-MAIN_ADDRESS-valueHelpDialog-table-table\")]/tbody/tr[1]/td[1]/div/span"}
COMMAND: POST /session/4a8a75bcbd0d44f703d13edc121f15a8/execute/sync - {"script":"<script> [56 bytes]","args":[{"element-6066-11e4-a52e-4f735466cecf":"f.093A703FE9E59CF09BD9C73E01D6E334.d.59E316B297EA93B08C0999C209817127.e.9605","ELEMENT":"f.093A703FE9E59CF09BD9C73E01D6E334.d.59E316B297EA93B08C0999C209817127.e.9605"}]}
RESULT: {"script":"<script> [56 bytes]","args":[{"element-6066-11e4-a52e-4f735466cecf":"f.093A703FE9E59CF09BD9C73E01D6E334.d.59E316B297EA93B08C0999C209817127.e.9605","ELEMENT":"f.093A703FE9E59CF09BD9C73E01D6E334.d.59E316B297EA93B08C0999C209817127.e.9605"}]}
COMMAND: POST /session/4a8a75bcbd0d44f703d13edc121f15a8/element - {"using":"xpath","value":"//div[contains(@id, \"filterItemControl_BASIC-MAIN_ADDRESS-valueHelpDialog-table-rowsel0\")]"}
COMMAND: GET /session/4a8a75bcbd0d44f703d13edc121f15a8/screenshot - {}
RESULT: {"using":"xpath","value":"//div[contains(@id, \"filterItemControl_BASIC-MAIN_ADDRESS-valueHelpDialog-table-rowsel0\")]"}
COMMAND: POST /session/4a8a75bcbd0d44f703d13edc121f15a8/element/f.093A703FE9E59CF09BD9C73E01D6E334.d.59E316B297EA93B08C0999C209817127.e.9606/click - {}
RESULT: {}
RESULT: {}
COMMAND: GET /session/4a8a75bcbd0d44f703d13edc121f15a8/screenshot - {}
RESULT: {}
RESULT: undefined
COMMAND: POST /session/4a8a75bcbd0d44f703d13edc121f15a8/execute/async - {"script":"<script> [776 bytes]","args":[{"enterText":"Argentina","selector":{"id":"application-managepartners-display-component---masterPtm--smartFilterBar-filterItemControl_BASIC-MAIN_ADDRESS-valueHelpDialog-smartFilterBar-btnBasicSearch","searchOpenDialogs":true,"interaction":{"idSuffix":"I"}},"clearTextFirst":true,"interactionType":"ENTER_TEXT"}]}
RESULT: {"script":"<script> [776 bytes]","args":[{"enterText":"Argentina","selector":{"id":"application-managepartners-display-component---masterPtm--smartFilterBar-filterItemControl_BASIC-MAIN_ADDRESS-valueHelpDialog-smartFilterBar-btnBasicSearch","searchOpenDialogs":true,"interaction":{"idSuffix":"I"}},"clearTextFirst":true,"interactionType":"ENTER_TEXT"}]}
COMMAND: POST /session/4a8a75bcbd0d44f703d13edc121f15a8/actions - {"actions":[{"id":"action29","type":"key","parameters":{},"actions":[{"type":"keyDown","value":""},{"type":"pause","duration":10},{"type":"keyUp","value":""}]}]}
RESULT: {"actions":[{"id":"action29","type":"key","parameters":{},"actions":[{"type":"keyDown","value":""},{"type":"pause","duration":10},{"type":"keyUp","value":""}]}]}
COMMAND: GET /session/4a8a75bcbd0d44f703d13edc121f15a8/screenshot - {}
RESULT: {}
COMMAND: POST /session/4a8a75bcbd0d44f703d13edc121f15a8/element - {"using":"xpath","value":"//div[contains(@id, \"filterItemControl_BASIC-MAIN_ADDRESS-valueHelpDialog-table-rowsel0\")]"}
RESULT: {"using":"xpath","value":"//div[contains(@id, \"filterItemControl_BASIC-MAIN_ADDRESS-valueHelpDialog-table-rowsel0\")]"}
COMMAND: POST /session/4a8a75bcbd0d44f703d13edc121f15a8/element/f.093A703FE9E59CF09BD9C73E01D6E334.d.59E316B297EA93B08C0999C209817127.e.9606/click - {}
RESULT: {}
COMMAND: GET /session/4a8a75bcbd0d44f703d13edc121f15a8/screenshot - {}
RESULT: {}
COMMAND: POST /session/4a8a75bcbd0d44f703d13edc121f15a8/element - {"using":"xpath","value":"(//bdi[contains(text(), \"OK\")])[1]"}
RESULT: {"using":"xpath","value":"(//bdi[contains(text(), \"OK\")])[1]"}
COMMAND: POST /session/4a8a75bcbd0d44f703d13edc121f15a8/element/f.093A703FE9E59CF09BD9C73E01D6E334.d.59E316B297EA93B08C0999C209817127.e.9609/click - {}
RESULT: {}
COMMAND: GET /session/4a8a75bcbd0d44f703d13edc121f15a8/screenshot - {}
RESULT: {}
COMMAND: POST /session/4a8a75bcbd0d44f703d13edc121f15a8/element - {"using":"xpath","value":"//span[@id=\"application-managepartners-display-component---masterPtm--smartTable-header-inner\"]"}
RESULT: {"using":"xpath","value":"//span[@id=\"application-managepartners-display-component---masterPtm--smartTable-header-inner\"]"}
COMMAND: POST /session/4a8a75bcbd0d44f703d13edc121f15a8/elements - {"using":"xpath","value":"//span[@id=\"application-managepartners-display-component---masterPtm--smartTable-header-inner\"]"}
RESULT: {"using":"xpath","value":"//span[@id=\"application-managepartners-display-component---masterPtm--smartTable-header-inner\"]"}
COMMAND: POST /session/4a8a75bcbd0d44f703d13edc121f15a8/execute/sync - {"script":"<script> [56 bytes]","args":[{"element-6066-11e4-a52e-4f735466cecf":"f.093A703FE9E59CF09BD9C73E01D6E334.d.59E316B297EA93B08C0999C209817127.e.9470","ELEMENT":"f.093A703FE9E59CF09BD9C73E01D6E334.d.59E316B297EA93B08C0999C209817127.e.9470"}]}
RESULT: {"script":"<script> [56 bytes]","args":[{"element-6066-11e4-a52e-4f735466cecf":"f.093A703FE9E59CF09BD9C73E01D6E334.d.59E316B297EA93B08C0999C209817127.e.9470","ELEMENT":"f.093A703FE9E59CF09BD9C73E01D6E334.d.59E316B297EA93B08C0999C209817127.e.9470"}]}
COMMAND: POST /session/4a8a75bcbd0d44f703d13edc121f15a8/element - {"using":"xpath","value":"//span[contains(@title, \"Remove\")]"}
COMMAND: GET /session/4a8a75bcbd0d44f703d13edc121f15a8/screenshot - {}
RESULT: {"using":"xpath","value":"//span[contains(@title, \"Remove\")]"}
COMMAND: POST /session/4a8a75bcbd0d44f703d13edc121f15a8/element/f.093A703FE9E59CF09BD9C73E01D6E334.d.59E316B297EA93B08C0999C209817127.e.9641/click - {}
RESULT: {}
RESULT: {}
COMMAND: GET /session/4a8a75bcbd0d44f703d13edc121f15a8/screenshot - {}
RESULT: {}
COMMAND: POST /session/4a8a75bcbd0d44f703d13edc121f15a8/element - {"using":"xpath","value":"//span[contains(@title, \"Remove\")]"}
RESULT: {"using":"xpath","value":"//span[contains(@title, \"Remove\")]"}
COMMAND: POST /session/4a8a75bcbd0d44f703d13edc121f15a8/element/f.093A703FE9E59CF09BD9C73E01D6E334.d.59E316B297EA93B08C0999C209817127.e.9643/click - {}
RESULT: {}
COMMAND: GET /session/4a8a75bcbd0d44f703d13edc121f15a8/screenshot - {}
RESULT: {}
COMMAND: POST /session/4a8a75bcbd0d44f703d13edc121f15a8/element - {"using":"xpath","value":"//span[contains(@title, \"Remove\")]"}
RESULT: {"using":"xpath","value":"//span[contains(@title, \"Remove\")]"}
COMMAND: POST /session/4a8a75bcbd0d44f703d13edc121f15a8/element/f.093A703FE9E59CF09BD9C73E01D6E334.d.59E316B297EA93B08C0999C209817127.e.9644/click - {}
RESULT: {}
COMMAND: GET /session/4a8a75bcbd0d44f703d13edc121f15a8/screenshot - {}
RESULT: undefined
COMMAND: POST /session/4a8a75bcbd0d44f703d13edc121f15a8/element - {"using":"xpath","value":"//*[@id=\"application-managepartners-display-component---masterPtm--smartFilterBar-filterItemControl_BASIC-YARD-vhi\"]"}
RESULT: {}
RESULT: {"using":"xpath","value":"//*[@id=\"application-managepartners-display-component---masterPtm--smartFilterBar-filterItemControl_BASIC-YARD-vhi\"]"}
COMMAND: POST /session/4a8a75bcbd0d44f703d13edc121f15a8/element/f.093A703FE9E59CF09BD9C73E01D6E334.d.59E316B297EA93B08C0999C209817127.e.9748/click - {}
RESULT: {}
COMMAND: GET /session/4a8a75bcbd0d44f703d13edc121f15a8/screenshot - {}
RESULT: {}
RESULT: undefined
COMMAND: POST /session/4a8a75bcbd0d44f703d13edc121f15a8/execute/async - {"script":"<script> [776 bytes]","args":[{"enterText":"271","selector":{"id":"application-managepartners-display-component---masterPtm--smartFilterBar-filterItemControl_BASIC-YARD-valueHelpDialog-smartFilterBar-btnBasicSearch","searchOpenDialogs":true,"interaction":{"idSuffix":"I"}},"clearTextFirst":true,"interactionType":"ENTER_TEXT"}]}
RESULT: {"script":"<script> [776 bytes]","args":[{"enterText":"271","selector":{"id":"application-managepartners-display-component---masterPtm--smartFilterBar-filterItemControl_BASIC-YARD-valueHelpDialog-smartFilterBar-btnBasicSearch","searchOpenDialogs":true,"interaction":{"idSuffix":"I"}},"clearTextFirst":true,"interactionType":"ENTER_TEXT"}]}
COMMAND: POST /session/4a8a75bcbd0d44f703d13edc121f15a8/actions - {"actions":[{"id":"action30","type":"key","parameters":{},"actions":[{"type":"keyDown","value":""},{"type":"pause","duration":10},{"type":"keyUp","value":""}]}]}
RESULT: {"actions":[{"id":"action30","type":"key","parameters":{},"actions":[{"type":"keyDown","value":""},{"type":"pause","duration":10},{"type":"keyUp","value":""}]}]}
COMMAND: GET /session/4a8a75bcbd0d44f703d13edc121f15a8/screenshot - {}
RESULT: {}
COMMAND: POST /session/4a8a75bcbd0d44f703d13edc121f15a8/elements - {"using":"xpath","value":"//table[contains(@id, \"smartFilterBar-filterItemControl_BASIC-YARD-valueHelpDialog-table-table\")]/tbody/tr"}
RESULT: {"using":"xpath","value":"//table[contains(@id, \"smartFilterBar-filterItemControl_BASIC-YARD-valueHelpDialog-table-table\")]/tbody/tr"}
COMMAND: POST /session/4a8a75bcbd0d44f703d13edc121f15a8/element - {"using":"xpath","value":"//table[contains(@id, \"smartFilterBar-filterItemControl_BASIC-YARD-valueHelpDialog-table-table\")]/tbody/tr[1]/td[1]/div/span"}
RESULT: {"using":"xpath","value":"//table[contains(@id, \"smartFilterBar-filterItemControl_BASIC-YARD-valueHelpDialog-table-table\")]/tbody/tr[1]/td[1]/div/span"}
COMMAND: POST /session/4a8a75bcbd0d44f703d13edc121f15a8/elements - {"using":"xpath","value":"//table[contains(@id, \"smartFilterBar-filterItemControl_BASIC-YARD-valueHelpDialog-table-table\")]/tbody/tr[1]/td[1]/div/span"}
RESULT: {"using":"xpath","value":"//table[contains(@id, \"smartFilterBar-filterItemControl_BASIC-YARD-valueHelpDialog-table-table\")]/tbody/tr[1]/td[1]/div/span"}
COMMAND: POST /session/4a8a75bcbd0d44f703d13edc121f15a8/execute/sync - {"script":"<script> [56 bytes]","args":[{"element-6066-11e4-a52e-4f735466cecf":"f.093A703FE9E59CF09BD9C73E01D6E334.d.59E316B297EA93B08C0999C209817127.e.9767","ELEMENT":"f.093A703FE9E59CF09BD9C73E01D6E334.d.59E316B297EA93B08C0999C209817127.e.9767"}]}
RESULT: {"script":"<script> [56 bytes]","args":[{"element-6066-11e4-a52e-4f735466cecf":"f.093A703FE9E59CF09BD9C73E01D6E334.d.59E316B297EA93B08C0999C209817127.e.9767","ELEMENT":"f.093A703FE9E59CF09BD9C73E01D6E334.d.59E316B297EA93B08C0999C209817127.e.9767"}]}
COMMAND: POST /session/4a8a75bcbd0d44f703d13edc121f15a8/element - {"using":"xpath","value":"//div[contains(@id, \"filterItemControl_BASIC-YARD-valueHelpDialog-table-rowsel0\")]"}
COMMAND: GET /session/4a8a75bcbd0d44f703d13edc121f15a8/screenshot - {}
RESULT: {"using":"xpath","value":"//div[contains(@id, \"filterItemControl_BASIC-YARD-valueHelpDialog-table-rowsel0\")]"}
COMMAND: POST /session/4a8a75bcbd0d44f703d13edc121f15a8/element/f.093A703FE9E59CF09BD9C73E01D6E334.d.59E316B297EA93B08C0999C209817127.e.9768/click - {}
RESULT: {}
RESULT: {}
COMMAND: GET /session/4a8a75bcbd0d44f703d13edc121f15a8/screenshot - {}
RESULT: {}
RESULT: undefined
COMMAND: POST /session/4a8a75bcbd0d44f703d13edc121f15a8/execute/async - {"script":"<script> [776 bytes]","args":[{"enterText":"106","selector":{"id":"application-managepartners-display-component---masterPtm--smartFilterBar-filterItemControl_BASIC-YARD-valueHelpDialog-smartFilterBar-btnBasicSearch","searchOpenDialogs":true,"interaction":{"idSuffix":"I"}},"clearTextFirst":true,"interactionType":"ENTER_TEXT"}]}
RESULT: {"script":"<script> [776 bytes]","args":[{"enterText":"106","selector":{"id":"application-managepartners-display-component---masterPtm--smartFilterBar-filterItemControl_BASIC-YARD-valueHelpDialog-smartFilterBar-btnBasicSearch","searchOpenDialogs":true,"interaction":{"idSuffix":"I"}},"clearTextFirst":true,"interactionType":"ENTER_TEXT"}]}
COMMAND: POST /session/4a8a75bcbd0d44f703d13edc121f15a8/actions - {"actions":[{"id":"action31","type":"key","parameters":{},"actions":[{"type":"keyDown","value":""},{"type":"pause","duration":10},{"type":"keyUp","value":""}]}]}
RESULT: {"actions":[{"id":"action31","type":"key","parameters":{},"actions":[{"type":"keyDown","value":""},{"type":"pause","duration":10},{"type":"keyUp","value":""}]}]}
COMMAND: GET /session/4a8a75bcbd0d44f703d13edc121f15a8/screenshot - {}
RESULT: {}
COMMAND: POST /session/4a8a75bcbd0d44f703d13edc121f15a8/elements - {"using":"xpath","value":"//table[contains(@id, \"smartFilterBar-filterItemControl_BASIC-YARD-valueHelpDialog-table-table\")]/tbody/tr"}
RESULT: {"using":"xpath","value":"//table[contains(@id, \"smartFilterBar-filterItemControl_BASIC-YARD-valueHelpDialog-table-table\")]/tbody/tr"}
COMMAND: POST /session/4a8a75bcbd0d44f703d13edc121f15a8/element - {"using":"xpath","value":"//table[contains(@id, \"smartFilterBar-filterItemControl_BASIC-YARD-valueHelpDialog-table-table\")]/tbody/tr[1]/td[1]/div/span"}
RESULT: {"using":"xpath","value":"//table[contains(@id, \"smartFilterBar-filterItemControl_BASIC-YARD-valueHelpDialog-table-table\")]/tbody/tr[1]/td[1]/div/span"}
COMMAND: POST /session/4a8a75bcbd0d44f703d13edc121f15a8/elements - {"using":"xpath","value":"//table[contains(@id, \"smartFilterBar-filterItemControl_BASIC-YARD-valueHelpDialog-table-table\")]/tbody/tr[1]/td[1]/div/span"}
RESULT: {"using":"xpath","value":"//table[contains(@id, \"smartFilterBar-filterItemControl_BASIC-YARD-valueHelpDialog-table-table\")]/tbody/tr[1]/td[1]/div/span"}
COMMAND: POST /session/4a8a75bcbd0d44f703d13edc121f15a8/execute/sync - {"script":"<script> [56 bytes]","args":[{"element-6066-11e4-a52e-4f735466cecf":"f.093A703FE9E59CF09BD9C73E01D6E334.d.59E316B297EA93B08C0999C209817127.e.9767","ELEMENT":"f.093A703FE9E59CF09BD9C73E01D6E334.d.59E316B297EA93B08C0999C209817127.e.9767"}]}
RESULT: {"script":"<script> [56 bytes]","args":[{"element-6066-11e4-a52e-4f735466cecf":"f.093A703FE9E59CF09BD9C73E01D6E334.d.59E316B297EA93B08C0999C209817127.e.9767","ELEMENT":"f.093A703FE9E59CF09BD9C73E01D6E334.d.59E316B297EA93B08C0999C209817127.e.9767"}]}
COMMAND: POST /session/4a8a75bcbd0d44f703d13edc121f15a8/element - {"using":"xpath","value":"//div[contains(@id, \"filterItemControl_BASIC-YARD-valueHelpDialog-table-rowsel0\")]"}
COMMAND: GET /session/4a8a75bcbd0d44f703d13edc121f15a8/screenshot - {}
RESULT: {"using":"xpath","value":"//div[contains(@id, \"filterItemControl_BASIC-YARD-valueHelpDialog-table-rowsel0\")]"}
COMMAND: POST /session/4a8a75bcbd0d44f703d13edc121f15a8/element/f.093A703FE9E59CF09BD9C73E01D6E334.d.59E316B297EA93B08C0999C209817127.e.9768/click - {}
RESULT: {}
RESULT: {}
COMMAND: GET /session/4a8a75bcbd0d44f703d13edc121f15a8/screenshot - {}
RESULT: {}
COMMAND: POST /session/4a8a75bcbd0d44f703d13edc121f15a8/element - {"using":"xpath","value":"(//bdi[contains(text(), \"OK\")])[1]"}
RESULT: {"using":"xpath","value":"(//bdi[contains(text(), \"OK\")])[1]"}
COMMAND: POST /session/4a8a75bcbd0d44f703d13edc121f15a8/element/f.093A703FE9E59CF09BD9C73E01D6E334.d.59E316B297EA93B08C0999C209817127.e.9770/click - {}
RESULT: {}
COMMAND: GET /session/4a8a75bcbd0d44f703d13edc121f15a8/screenshot - {}
RESULT: {}
COMMAND: POST /session/4a8a75bcbd0d44f703d13edc121f15a8/element - {"using":"xpath","value":"//span[@id=\"application-managepartners-display-component---masterPtm--smartTable-header-inner\"]"}
RESULT: {"using":"xpath","value":"//span[@id=\"application-managepartners-display-component---masterPtm--smartTable-header-inner\"]"}
COMMAND: POST /session/4a8a75bcbd0d44f703d13edc121f15a8/elements - {"using":"xpath","value":"//span[@id=\"application-managepartners-display-component---masterPtm--smartTable-header-inner\"]"}
RESULT: {"using":"xpath","value":"//span[@id=\"application-managepartners-display-component---masterPtm--smartTable-header-inner\"]"}
COMMAND: POST /session/4a8a75bcbd0d44f703d13edc121f15a8/execute/sync - {"script":"<script> [56 bytes]","args":[{"element-6066-11e4-a52e-4f735466cecf":"f.093A703FE9E59CF09BD9C73E01D6E334.d.59E316B297EA93B08C0999C209817127.e.9470","ELEMENT":"f.093A703FE9E59CF09BD9C73E01D6E334.d.59E316B297EA93B08C0999C209817127.e.9470"}]}
RESULT: {"script":"<script> [56 bytes]","args":[{"element-6066-11e4-a52e-4f735466cecf":"f.093A703FE9E59CF09BD9C73E01D6E334.d.59E316B297EA93B08C0999C209817127.e.9470","ELEMENT":"f.093A703FE9E59CF09BD9C73E01D6E334.d.59E316B297EA93B08C0999C209817127.e.9470"}]}
COMMAND: POST /session/4a8a75bcbd0d44f703d13edc121f15a8/element - {"using":"xpath","value":"//span[contains(@title, \"Remove\")]"}
COMMAND: GET /session/4a8a75bcbd0d44f703d13edc121f15a8/screenshot - {}
RESULT: {"using":"xpath","value":"//span[contains(@title, \"Remove\")]"}
COMMAND: POST /session/4a8a75bcbd0d44f703d13edc121f15a8/element/f.093A703FE9E59CF09BD9C73E01D6E334.d.59E316B297EA93B08C0999C209817127.e.9817/click - {}
RESULT: {}
RESULT: {}
COMMAND: GET /session/4a8a75bcbd0d44f703d13edc121f15a8/screenshot - {}
RESULT: {}
COMMAND: POST /session/4a8a75bcbd0d44f703d13edc121f15a8/element - {"using":"xpath","value":"//span[contains(@title, \"Remove\")]"}
RESULT: {"using":"xpath","value":"//span[contains(@title, \"Remove\")]"}
COMMAND: POST /session/4a8a75bcbd0d44f703d13edc121f15a8/element/f.093A703FE9E59CF09BD9C73E01D6E334.d.59E316B297EA93B08C0999C209817127.e.9819/click - {}
RESULT: {}
COMMAND: GET /session/4a8a75bcbd0d44f703d13edc121f15a8/screenshot - {}
RESULT: undefined
COMMAND: POST /session/4a8a75bcbd0d44f703d13edc121f15a8/element - {"using":"xpath","value":"//*[@id=\"application-managepartners-display-component---masterPtm--catalogs-arrow\"]"}
RESULT: {}
RESULT: {"using":"xpath","value":"//*[@id=\"application-managepartners-display-component---masterPtm--catalogs-arrow\"]"}
COMMAND: POST /session/4a8a75bcbd0d44f703d13edc121f15a8/element/f.093A703FE9E59CF09BD9C73E01D6E334.d.59E316B297EA93B08C0999C209817127.e.9922/click - {}
RESULT: {}
COMMAND: GET /session/4a8a75bcbd0d44f703d13edc121f15a8/screenshot - {}
RESULT: {}
COMMAND: POST /session/4a8a75bcbd0d44f703d13edc121f15a8/element - {"using":"xpath","value":"(//li[.//span[contains(text(), \"Webshop Catalog\")]])[1]"}
RESULT: {"using":"xpath","value":"(//li[.//span[contains(text(), \"Webshop Catalog\")]])[1]"}
COMMAND: POST /session/4a8a75bcbd0d44f703d13edc121f15a8/element/f.093A703FE9E59CF09BD9C73E01D6E334.d.59E316B297EA93B08C0999C209817127.e.9936/click - {}
RESULT: {}
COMMAND: GET /session/4a8a75bcbd0d44f703d13edc121f15a8/screenshot - {}
RESULT: {}
COMMAND: POST /session/4a8a75bcbd0d44f703d13edc121f15a8/element - {"using":"xpath","value":"//span[@id=\"application-managepartners-display-component---masterPtm--smartTable-header-inner\"]"}
RESULT: {"using":"xpath","value":"//span[@id=\"application-managepartners-display-component---masterPtm--smartTable-header-inner\"]"}
COMMAND: POST /session/4a8a75bcbd0d44f703d13edc121f15a8/elements - {"using":"xpath","value":"//span[@id=\"application-managepartners-display-component---masterPtm--smartTable-header-inner\"]"}
RESULT: {"using":"xpath","value":"//span[@id=\"application-managepartners-display-component---masterPtm--smartTable-header-inner\"]"}
COMMAND: POST /session/4a8a75bcbd0d44f703d13edc121f15a8/execute/sync - {"script":"<script> [56 bytes]","args":[{"element-6066-11e4-a52e-4f735466cecf":"f.093A703FE9E59CF09BD9C73E01D6E334.d.59E316B297EA93B08C0999C209817127.e.9470","ELEMENT":"f.093A703FE9E59CF09BD9C73E01D6E334.d.59E316B297EA93B08C0999C209817127.e.9470"}]}
RESULT: {"script":"<script> [56 bytes]","args":[{"element-6066-11e4-a52e-4f735466cecf":"f.093A703FE9E59CF09BD9C73E01D6E334.d.59E316B297EA93B08C0999C209817127.e.9470","ELEMENT":"f.093A703FE9E59CF09BD9C73E01D6E334.d.59E316B297EA93B08C0999C209817127.e.9470"}]}
COMMAND: POST /session/4a8a75bcbd0d44f703d13edc121f15a8/element - {"using":"xpath","value":"//span[contains(@title, \"Remove\")]"}
COMMAND: GET /session/4a8a75bcbd0d44f703d13edc121f15a8/screenshot - {}
RESULT: {"using":"xpath","value":"//span[contains(@title, \"Remove\")]"}
COMMAND: POST /session/4a8a75bcbd0d44f703d13edc121f15a8/element/f.093A703FE9E59CF09BD9C73E01D6E334.d.59E316B297EA93B08C0999C209817127.e.10030/click - {}
RESULT: {}
RESULT: {}
COMMAND: GET /session/4a8a75bcbd0d44f703d13edc121f15a8/screenshot - {}
RESULT: undefined
COMMAND: POST /session/4a8a75bcbd0d44f703d13edc121f15a8/element - {"using":"xpath","value":"//*[@id=\"application-managepartners-display-component---masterPtm--partnerTypes-arrow\"]"}
RESULT: {}
RESULT: {"using":"xpath","value":"//*[@id=\"application-managepartners-display-component---masterPtm--partnerTypes-arrow\"]"}
COMMAND: POST /session/4a8a75bcbd0d44f703d13edc121f15a8/element/f.093A703FE9E59CF09BD9C73E01D6E334.d.59E316B297EA93B08C0999C209817127.e.10123/click - {}
RESULT: {}
COMMAND: GET /session/4a8a75bcbd0d44f703d13edc121f15a8/screenshot - {}
RESULT: {}
COMMAND: POST /session/4a8a75bcbd0d44f703d13edc121f15a8/element - {"using":"xpath","value":"(//li[.//span[contains(text(), \"External partner\")]])[1]"}
RESULT: {"using":"xpath","value":"(//li[.//span[contains(text(), \"External partner\")]])[1]"}
COMMAND: POST /session/4a8a75bcbd0d44f703d13edc121f15a8/element/f.093A703FE9E59CF09BD9C73E01D6E334.d.59E316B297EA93B08C0999C209817127.e.10128/click - {}
RESULT: {}
COMMAND: GET /session/4a8a75bcbd0d44f703d13edc121f15a8/screenshot - {}
RESULT: {}
COMMAND: POST /session/4a8a75bcbd0d44f703d13edc121f15a8/element - {"using":"xpath","value":"//span[@id=\"application-managepartners-display-component---masterPtm--smartTable-header-inner\"]"}
RESULT: {"using":"xpath","value":"//span[@id=\"application-managepartners-display-component---masterPtm--smartTable-header-inner\"]"}
COMMAND: POST /session/4a8a75bcbd0d44f703d13edc121f15a8/elements - {"using":"xpath","value":"//span[@id=\"application-managepartners-display-component---masterPtm--smartTable-header-inner\"]"}
RESULT: {"using":"xpath","value":"//span[@id=\"application-managepartners-display-component---masterPtm--smartTable-header-inner\"]"}
COMMAND: POST /session/4a8a75bcbd0d44f703d13edc121f15a8/execute/sync - {"script":"<script> [56 bytes]","args":[{"element-6066-11e4-a52e-4f735466cecf":"f.093A703FE9E59CF09BD9C73E01D6E334.d.59E316B297EA93B08C0999C209817127.e.9470","ELEMENT":"f.093A703FE9E59CF09BD9C73E01D6E334.d.59E316B297EA93B08C0999C209817127.e.9470"}]}
RESULT: {"script":"<script> [56 bytes]","args":[{"element-6066-11e4-a52e-4f735466cecf":"f.093A703FE9E59CF09BD9C73E01D6E334.d.59E316B297EA93B08C0999C209817127.e.9470","ELEMENT":"f.093A703FE9E59CF09BD9C73E01D6E334.d.59E316B297EA93B08C0999C209817127.e.9470"}]}
COMMAND: POST /session/4a8a75bcbd0d44f703d13edc121f15a8/element - {"using":"xpath","value":"//span[contains(@title, \"Remove\")]"}
COMMAND: GET /session/4a8a75bcbd0d44f703d13edc121f15a8/screenshot - {}
RESULT: {"using":"xpath","value":"//span[contains(@title, \"Remove\")]"}
COMMAND: POST /session/4a8a75bcbd0d44f703d13edc121f15a8/element/f.093A703FE9E59CF09BD9C73E01D6E334.d.59E316B297EA93B08C0999C209817127.e.10178/click - {}
RESULT: {}
RESULT: {}
COMMAND: GET /session/4a8a75bcbd0d44f703d13edc121f15a8/screenshot - {}
RESULT: {}
RESULT: undefined
COMMAND: POST /session/4a8a75bcbd0d44f703d13edc121f15a8/element - {"using":"xpath","value":"//*[@id=\"application-managepartners-display-component---masterPtm--currencies-arrow\"]"}
RESULT: {"using":"xpath","value":"//*[@id=\"application-managepartners-display-component---masterPtm--currencies-arrow\"]"}
COMMAND: POST /session/4a8a75bcbd0d44f703d13edc121f15a8/element/f.093A703FE9E59CF09BD9C73E01D6E334.d.59E316B297EA93B08C0999C209817127.e.10222/click - {}
RESULT: {}
COMMAND: GET /session/4a8a75bcbd0d44f703d13edc121f15a8/screenshot - {}
RESULT: {}
COMMAND: POST /session/4a8a75bcbd0d44f703d13edc121f15a8/element - {"using":"xpath","value":"(//li[.//span[contains(text(), \"US Dollar\")]])[1]"}
RESULT: {"using":"xpath","value":"(//li[.//span[contains(text(), \"US Dollar\")]])[1]"}
COMMAND: POST /session/4a8a75bcbd0d44f703d13edc121f15a8/element/f.093A703FE9E59CF09BD9C73E01D6E334.d.59E316B297EA93B08C0999C209817127.e.10225/click - {}
RESULT: {}
COMMAND: GET /session/4a8a75bcbd0d44f703d13edc121f15a8/screenshot - {}
RESULT: {}
COMMAND: POST /session/4a8a75bcbd0d44f703d13edc121f15a8/element - {"using":"xpath","value":"//span[@id=\"application-managepartners-display-component---masterPtm--smartTable-header-inner\"]"}
RESULT: {"using":"xpath","value":"//span[@id=\"application-managepartners-display-component---masterPtm--smartTable-header-inner\"]"}
COMMAND: POST /session/4a8a75bcbd0d44f703d13edc121f15a8/elements - {"using":"xpath","value":"//span[@id=\"application-managepartners-display-component---masterPtm--smartTable-header-inner\"]"}
RESULT: {"using":"xpath","value":"//span[@id=\"application-managepartners-display-component---masterPtm--smartTable-header-inner\"]"}
COMMAND: POST /session/4a8a75bcbd0d44f703d13edc121f15a8/execute/sync - {"script":"<script> [56 bytes]","args":[{"element-6066-11e4-a52e-4f735466cecf":"f.093A703FE9E59CF09BD9C73E01D6E334.d.59E316B297EA93B08C0999C209817127.e.9470","ELEMENT":"f.093A703FE9E59CF09BD9C73E01D6E334.d.59E316B297EA93B08C0999C209817127.e.9470"}]}
RESULT: {"script":"<script> [56 bytes]","args":[{"element-6066-11e4-a52e-4f735466cecf":"f.093A703FE9E59CF09BD9C73E01D6E334.d.59E316B297EA93B08C0999C209817127.e.9470","ELEMENT":"f.093A703FE9E59CF09BD9C73E01D6E334.d.59E316B297EA93B08C0999C209817127.e.9470"}]}
COMMAND: POST /session/4a8a75bcbd0d44f703d13edc121f15a8/element - {"using":"xpath","value":"//span[contains(@title, \"Remove\")]"}
COMMAND: GET /session/4a8a75bcbd0d44f703d13edc121f15a8/screenshot - {}
RESULT: {"using":"xpath","value":"//span[contains(@title, \"Remove\")]"}
COMMAND: POST /session/4a8a75bcbd0d44f703d13edc121f15a8/element/f.093A703FE9E59CF09BD9C73E01D6E334.d.59E316B297EA93B08C0999C209817127.e.10237/click - {}
RESULT: {}
RESULT: {}
COMMAND: GET /session/4a8a75bcbd0d44f703d13edc121f15a8/screenshot - {}
RESULT: {}
RESULT: undefined
COMMAND: POST /session/4a8a75bcbd0d44f703d13edc121f15a8/element - {"using":"xpath","value":"//*[@id=\"application-managepartners-display-component---masterPtm--languages-arrow\"]"}
RESULT: {"using":"xpath","value":"//*[@id=\"application-managepartners-display-component---masterPtm--languages-arrow\"]"}
COMMAND: POST /session/4a8a75bcbd0d44f703d13edc121f15a8/element/f.093A703FE9E59CF09BD9C73E01D6E334.d.59E316B297EA93B08C0999C209817127.e.10319/click - {}
RESULT: {}
COMMAND: GET /session/4a8a75bcbd0d44f703d13edc121f15a8/screenshot - {}
RESULT: {}
COMMAND: POST /session/4a8a75bcbd0d44f703d13edc121f15a8/element - {"using":"xpath","value":"(//li[.//span[contains(text(), \"German\")]])[1]"}
RESULT: {"using":"xpath","value":"(//li[.//span[contains(text(), \"German\")]])[1]"}
COMMAND: POST /session/4a8a75bcbd0d44f703d13edc121f15a8/element/f.093A703FE9E59CF09BD9C73E01D6E334.d.59E316B297EA93B08C0999C209817127.e.10363/click - {}
RESULT: {}
COMMAND: GET /session/4a8a75bcbd0d44f703d13edc121f15a8/screenshot - {}
RESULT: {}
COMMAND: POST /session/4a8a75bcbd0d44f703d13edc121f15a8/element - {"using":"xpath","value":"//span[@id=\"application-managepartners-display-component---masterPtm--smartTable-header-inner\"]"}
RESULT: {"using":"xpath","value":"//span[@id=\"application-managepartners-display-component---masterPtm--smartTable-header-inner\"]"}
COMMAND: POST /session/4a8a75bcbd0d44f703d13edc121f15a8/elements - {"using":"xpath","value":"//span[@id=\"application-managepartners-display-component---masterPtm--smartTable-header-inner\"]"}
RESULT: {"using":"xpath","value":"//span[@id=\"application-managepartners-display-component---masterPtm--smartTable-header-inner\"]"}
COMMAND: POST /session/4a8a75bcbd0d44f703d13edc121f15a8/execute/sync - {"script":"<script> [56 bytes]","args":[{"element-6066-11e4-a52e-4f735466cecf":"f.093A703FE9E59CF09BD9C73E01D6E334.d.59E316B297EA93B08C0999C209817127.e.9470","ELEMENT":"f.093A703FE9E59CF09BD9C73E01D6E334.d.59E316B297EA93B08C0999C209817127.e.9470"}]}
RESULT: {"script":"<script> [56 bytes]","args":[{"element-6066-11e4-a52e-4f735466cecf":"f.093A703FE9E59CF09BD9C73E01D6E334.d.59E316B297EA93B08C0999C209817127.e.9470","ELEMENT":"f.093A703FE9E59CF09BD9C73E01D6E334.d.59E316B297EA93B08C0999C209817127.e.9470"}]}
COMMAND: POST /session/4a8a75bcbd0d44f703d13edc121f15a8/element - {"using":"xpath","value":"//span[contains(@title, \"Remove\")]"}
COMMAND: GET /session/4a8a75bcbd0d44f703d13edc121f15a8/screenshot - {}
RESULT: {"using":"xpath","value":"//span[contains(@title, \"Remove\")]"}
COMMAND: POST /session/4a8a75bcbd0d44f703d13edc121f15a8/element/f.093A703FE9E59CF09BD9C73E01D6E334.d.59E316B297EA93B08C0999C209817127.e.10427/click - {}
RESULT: {}
RESULT: {}
COMMAND: GET /session/4a8a75bcbd0d44f703d13edc121f15a8/screenshot - {}
RESULT: {}
COMMAND: POST /session/4a8a75bcbd0d44f703d13edc121f15a8/execute/async - {"script":"<script> [1562 bytes]","args":[{"selector":{"controlType":"sap.ui.core.Icon","viewName":"etm.portal.ui.managepartners.view.Master","viewId":"application-managepartners-display-component---masterPtm","properties":{"src":{"regex":{"source":"slim\\-arrow\\-down"}}},"ancestor":{"controlType":"sap.m.MultiComboBox","viewName":"etm.portal.ui.managepartners.view.Master","viewId":"application-managepartners-display-component---masterPtm","labelFor":{"text":"Status"}}},"wdio_ui5_key":"etmportal.ui.managepartners.view.Mastersap.ui.core.Icon{\"src\":{\"regex\":{\"source\":\"slim\\\\-arrow\\\\-down\"}}}{\"controlType\":\"sap.m.MultiComboBox\",\"viewName\":\"etm.portal.ui.managepartners.view.Master\",\"viewId\":\"application-managepartners-display-component---masterPtm\",\"labelFor\":{\"text\":\"Status\"}}"}]}
RESULT: {"script":"<script> [1562 bytes]","args":[{"selector":{"controlType":"sap.ui.core.Icon","viewName":"etm.portal.ui.managepartners.view.Master","viewId":"application-managepartners-display-component---masterPtm","properties":{"src":{"regex":{"source":"slim\\-arrow\\-down"}}},"ancestor":{"controlType":"sap.m.MultiComboBox","viewName":"etm.portal.ui.managepartners.view.Master","viewId":"application-managepartners-display-component---masterPtm","labelFor":{"text":"Status"}}},"wdio_ui5_key":"etmportal.ui.managepartners.view.Mastersap.ui.core.Icon{\"src\":{\"regex\":{\"source\":\"slim\\\\-arrow\\\\-down\"}}}{\"controlType\":\"sap.m.MultiComboBox\",\"viewName\":\"etm.portal.ui.managepartners.view.Master\",\"viewId\":\"application-managepartners-display-component---masterPtm\",\"labelFor\":{\"text\":\"Status\"}}"}]}
RESULT: undefined
COMMAND: POST /session/4a8a75bcbd0d44f703d13edc121f15a8/element - {"using":"xpath","value":"//*[@id=\"__box88-arrow\"]"}
RESULT: {"using":"xpath","value":"//*[@id=\"__box88-arrow\"]"}
COMMAND: POST /session/4a8a75bcbd0d44f703d13edc121f15a8/element/f.093A703FE9E59CF09BD9C73E01D6E334.d.59E316B297EA93B08C0999C209817127.e.10573/click - {}
RESULT: {}
COMMAND: GET /session/4a8a75bcbd0d44f703d13edc121f15a8/screenshot - {}
RESULT: {}
COMMAND: POST /session/4a8a75bcbd0d44f703d13edc121f15a8/element - {"using":"xpath","value":"(//li[.//span[contains(text(), \"Inactive\")]])[1]"}
RESULT: {"using":"xpath","value":"(//li[.//span[contains(text(), \"Inactive\")]])[1]"}
COMMAND: POST /session/4a8a75bcbd0d44f703d13edc121f15a8/element/f.093A703FE9E59CF09BD9C73E01D6E334.d.59E316B297EA93B08C0999C209817127.e.10576/click - {}
RESULT: {}
COMMAND: GET /session/4a8a75bcbd0d44f703d13edc121f15a8/screenshot - {}
RESULT: {}
COMMAND: POST /session/4a8a75bcbd0d44f703d13edc121f15a8/element - {"using":"xpath","value":"//span[@id=\"application-managepartners-display-component---masterPtm--smartTable-header-inner\"]"}
RESULT: {"using":"xpath","value":"//span[@id=\"application-managepartners-display-component---masterPtm--smartTable-header-inner\"]"}
COMMAND: POST /session/4a8a75bcbd0d44f703d13edc121f15a8/elements - {"using":"xpath","value":"//span[@id=\"application-managepartners-display-component---masterPtm--smartTable-header-inner\"]"}
RESULT: {"using":"xpath","value":"//span[@id=\"application-managepartners-display-component---masterPtm--smartTable-header-inner\"]"}
COMMAND: POST /session/4a8a75bcbd0d44f703d13edc121f15a8/execute/sync - {"script":"<script> [56 bytes]","args":[{"element-6066-11e4-a52e-4f735466cecf":"f.093A703FE9E59CF09BD9C73E01D6E334.d.59E316B297EA93B08C0999C209817127.e.9470","ELEMENT":"f.093A703FE9E59CF09BD9C73E01D6E334.d.59E316B297EA93B08C0999C209817127.e.9470"}]}
RESULT: {"script":"<script> [56 bytes]","args":[{"element-6066-11e4-a52e-4f735466cecf":"f.093A703FE9E59CF09BD9C73E01D6E334.d.59E316B297EA93B08C0999C209817127.e.9470","ELEMENT":"f.093A703FE9E59CF09BD9C73E01D6E334.d.59E316B297EA93B08C0999C209817127.e.9470"}]}
COMMAND: POST /session/4a8a75bcbd0d44f703d13edc121f15a8/element - {"using":"xpath","value":"//span[contains(@title, \"Remove\")]"}
COMMAND: GET /session/4a8a75bcbd0d44f703d13edc121f15a8/screenshot - {}
RESULT: {"using":"xpath","value":"//span[contains(@title, \"Remove\")]"}
COMMAND: POST /session/4a8a75bcbd0d44f703d13edc121f15a8/element/f.093A703FE9E59CF09BD9C73E01D6E334.d.59E316B297EA93B08C0999C209817127.e.10582/click - {}
RESULT: {}
RESULT: {}
COMMAND: GET /session/4a8a75bcbd0d44f703d13edc121f15a8/screenshot - {}
RESULT: {}
COMMAND: POST /session/4a8a75bcbd0d44f703d13edc121f15a8/execute/async - {"script":"<script> [1562 bytes]","args":[{"selector":{"controlType":"sap.ui.core.Icon","viewName":"etm.portal.ui.managepartners.view.Master","viewId":"application-managepartners-display-component---masterPtm","properties":{"src":{"regex":{"source":"slim\\-arrow\\-down"}}},"ancestor":{"controlType":"sap.m.MultiComboBox","viewName":"etm.portal.ui.managepartners.view.Master","viewId":"application-managepartners-display-component---masterPtm","labelFor":{"text":"Joint Venture"}}},"wdio_ui5_key":"etmportal.ui.managepartners.view.Mastersap.ui.core.Icon{\"src\":{\"regex\":{\"source\":\"slim\\\\-arrow\\\\-down\"}}}{\"controlType\":\"sap.m.MultiComboBox\",\"viewName\":\"etm.portal.ui.managepartners.view.Master\",\"viewId\":\"application-managepartners-display-component---masterPtm\",\"labelFor\":{\"text\":\"Joint Venture\"}}"}]}
RESULT: {"script":"<script> [1562 bytes]","args":[{"selector":{"controlType":"sap.ui.core.Icon","viewName":"etm.portal.ui.managepartners.view.Master","viewId":"application-managepartners-display-component---masterPtm","properties":{"src":{"regex":{"source":"slim\\-arrow\\-down"}}},"ancestor":{"controlType":"sap.m.MultiComboBox","viewName":"etm.portal.ui.managepartners.view.Master","viewId":"application-managepartners-display-component---masterPtm","labelFor":{"text":"Joint Venture"}}},"wdio_ui5_key":"etmportal.ui.managepartners.view.Mastersap.ui.core.Icon{\"src\":{\"regex\":{\"source\":\"slim\\\\-arrow\\\\-down\"}}}{\"controlType\":\"sap.m.MultiComboBox\",\"viewName\":\"etm.portal.ui.managepartners.view.Master\",\"viewId\":\"application-managepartners-display-component---masterPtm\",\"labelFor\":{\"text\":\"Joint Venture\"}}"}]}
RESULT: undefined
COMMAND: POST /session/4a8a75bcbd0d44f703d13edc121f15a8/element - {"using":"xpath","value":"//*[@id=\"__box89-arrow\"]"}
RESULT: {"using":"xpath","value":"//*[@id=\"__box89-arrow\"]"}
COMMAND: POST /session/4a8a75bcbd0d44f703d13edc121f15a8/element/f.093A703FE9E59CF09BD9C73E01D6E334.d.59E316B297EA93B08C0999C209817127.e.10688/click - {}
RESULT: {}
COMMAND: GET /session/4a8a75bcbd0d44f703d13edc121f15a8/screenshot - {}
RESULT: {}
COMMAND: POST /session/4a8a75bcbd0d44f703d13edc121f15a8/element - {"using":"xpath","value":"(//li[.//span[contains(text(), \"Yes\")]])[1]"}
RESULT: {"using":"xpath","value":"(//li[.//span[contains(text(), \"Yes\")]])[1]"}
COMMAND: POST /session/4a8a75bcbd0d44f703d13edc121f15a8/element/f.093A703FE9E59CF09BD9C73E01D6E334.d.59E316B297EA93B08C0999C209817127.e.10691/click - {}
RESULT: {}
COMMAND: GET /session/4a8a75bcbd0d44f703d13edc121f15a8/screenshot - {}
RESULT: {}
COMMAND: POST /session/4a8a75bcbd0d44f703d13edc121f15a8/element - {"using":"xpath","value":"//span[@id=\"application-managepartners-display-component---masterPtm--smartTable-header-inner\"]"}
RESULT: {"using":"xpath","value":"//span[@id=\"application-managepartners-display-component---masterPtm--smartTable-header-inner\"]"}
COMMAND: POST /session/4a8a75bcbd0d44f703d13edc121f15a8/elements - {"using":"xpath","value":"//span[@id=\"application-managepartners-display-component---masterPtm--smartTable-header-inner\"]"}
RESULT: {"using":"xpath","value":"//span[@id=\"application-managepartners-display-component---masterPtm--smartTable-header-inner\"]"}
COMMAND: POST /session/4a8a75bcbd0d44f703d13edc121f15a8/execute/sync - {"script":"<script> [56 bytes]","args":[{"element-6066-11e4-a52e-4f735466cecf":"f.093A703FE9E59CF09BD9C73E01D6E334.d.59E316B297EA93B08C0999C209817127.e.9470","ELEMENT":"f.093A703FE9E59CF09BD9C73E01D6E334.d.59E316B297EA93B08C0999C209817127.e.9470"}]}
RESULT: {"script":"<script> [56 bytes]","args":[{"element-6066-11e4-a52e-4f735466cecf":"f.093A703FE9E59CF09BD9C73E01D6E334.d.59E316B297EA93B08C0999C209817127.e.9470","ELEMENT":"f.093A703FE9E59CF09BD9C73E01D6E334.d.59E316B297EA93B08C0999C209817127.e.9470"}]}
COMMAND: POST /session/4a8a75bcbd0d44f703d13edc121f15a8/element - {"using":"xpath","value":"//span[contains(@title, \"Remove\")]"}
COMMAND: GET /session/4a8a75bcbd0d44f703d13edc121f15a8/screenshot - {}
RESULT: {"using":"xpath","value":"//span[contains(@title, \"Remove\")]"}
COMMAND: POST /session/4a8a75bcbd0d44f703d13edc121f15a8/element/f.093A703FE9E59CF09BD9C73E01D6E334.d.59E316B297EA93B08C0999C209817127.e.10703/click - {}
RESULT: {}
RESULT: {}
COMMAND: GET /session/4a8a75bcbd0d44f703d13edc121f15a8/screenshot - {}
RESULT: {}
RESULT: undefined
COMMAND: POST /session/4a8a75bcbd0d44f703d13edc121f15a8/element - {"using":"xpath","value":"//*[@id=\"application-managepartners-display-component---masterPtm--smartFilterBar-filterItemControl_BASIC-ALL_TAGS-vhi\"]"}
RESULT: {"using":"xpath","value":"//*[@id=\"application-managepartners-display-component---masterPtm--smartFilterBar-filterItemControl_BASIC-ALL_TAGS-vhi\"]"}
COMMAND: POST /session/4a8a75bcbd0d44f703d13edc121f15a8/element/f.093A703FE9E59CF09BD9C73E01D6E334.d.59E316B297EA93B08C0999C209817127.e.10811/click - {}
RESULT: {}
COMMAND: GET /session/4a8a75bcbd0d44f703d13edc121f15a8/screenshot - {}
RESULT: {}
RESULT: undefined
COMMAND: POST /session/4a8a75bcbd0d44f703d13edc121f15a8/execute/async - {"script":"<script> [776 bytes]","args":[{"enterText":"test-tag-1","selector":{"id":"application-managepartners-display-component---masterPtm--smartFilterBar-filterItemControl_BASIC-ALL_TAGS-valueHelpDialog-smartFilterBar-btnBasicSearch","searchOpenDialogs":true,"interaction":{"idSuffix":"I"}},"clearTextFirst":true,"interactionType":"ENTER_TEXT"}]}
RESULT: {"script":"<script> [776 bytes]","args":[{"enterText":"test-tag-1","selector":{"id":"application-managepartners-display-component---masterPtm--smartFilterBar-filterItemControl_BASIC-ALL_TAGS-valueHelpDialog-smartFilterBar-btnBasicSearch","searchOpenDialogs":true,"interaction":{"idSuffix":"I"}},"clearTextFirst":true,"interactionType":"ENTER_TEXT"}]}
COMMAND: POST /session/4a8a75bcbd0d44f703d13edc121f15a8/actions - {"actions":[{"id":"action32","type":"key","parameters":{},"actions":[{"type":"keyDown","value":""},{"type":"pause","duration":10},{"type":"keyUp","value":""}]}]}
RESULT: {"actions":[{"id":"action32","type":"key","parameters":{},"actions":[{"type":"keyDown","value":""},{"type":"pause","duration":10},{"type":"keyUp","value":""}]}]}
COMMAND: GET /session/4a8a75bcbd0d44f703d13edc121f15a8/screenshot - {}
RESULT: {}
COMMAND: POST /session/4a8a75bcbd0d44f703d13edc121f15a8/elements - {"using":"xpath","value":"//table[contains(@id, \"smartFilterBar-filterItemControl_BASIC-ALL_TAGS-valueHelpDialog-table-table\")]/tbody/tr"}
RESULT: {"using":"xpath","value":"//table[contains(@id, \"smartFilterBar-filterItemControl_BASIC-ALL_TAGS-valueHelpDialog-table-table\")]/tbody/tr"}
COMMAND: POST /session/4a8a75bcbd0d44f703d13edc121f15a8/element - {"using":"xpath","value":"//table[contains(@id, \"smartFilterBar-filterItemControl_BASIC-ALL_TAGS-valueHelpDialog-table-table\")]/tbody/tr[1]/td[1]/div/span"}
RESULT: {"using":"xpath","value":"//table[contains(@id, \"smartFilterBar-filterItemControl_BASIC-ALL_TAGS-valueHelpDialog-table-table\")]/tbody/tr[1]/td[1]/div/span"}
COMMAND: POST /session/4a8a75bcbd0d44f703d13edc121f15a8/elements - {"using":"xpath","value":"//table[contains(@id, \"smartFilterBar-filterItemControl_BASIC-ALL_TAGS-valueHelpDialog-table-table\")]/tbody/tr[1]/td[1]/div/span"}
RESULT: {"using":"xpath","value":"//table[contains(@id, \"smartFilterBar-filterItemControl_BASIC-ALL_TAGS-valueHelpDialog-table-table\")]/tbody/tr[1]/td[1]/div/span"}
COMMAND: POST /session/4a8a75bcbd0d44f703d13edc121f15a8/execute/sync - {"script":"<script> [56 bytes]","args":[{"element-6066-11e4-a52e-4f735466cecf":"f.093A703FE9E59CF09BD9C73E01D6E334.d.59E316B297EA93B08C0999C209817127.e.10831","ELEMENT":"f.093A703FE9E59CF09BD9C73E01D6E334.d.59E316B297EA93B08C0999C209817127.e.10831"}]}
RESULT: {"script":"<script> [56 bytes]","args":[{"element-6066-11e4-a52e-4f735466cecf":"f.093A703FE9E59CF09BD9C73E01D6E334.d.59E316B297EA93B08C0999C209817127.e.10831","ELEMENT":"f.093A703FE9E59CF09BD9C73E01D6E334.d.59E316B297EA93B08C0999C209817127.e.10831"}]}
COMMAND: POST /session/4a8a75bcbd0d44f703d13edc121f15a8/element - {"using":"xpath","value":"//div[contains(@id, \"filterItemControl_BASIC-ALL_TAGS-valueHelpDialog-table-rowsel0\")]"}
COMMAND: GET /session/4a8a75bcbd0d44f703d13edc121f15a8/screenshot - {}
RESULT: {"using":"xpath","value":"//div[contains(@id, \"filterItemControl_BASIC-ALL_TAGS-valueHelpDialog-table-rowsel0\")]"}
COMMAND: POST /session/4a8a75bcbd0d44f703d13edc121f15a8/element/f.093A703FE9E59CF09BD9C73E01D6E334.d.59E316B297EA93B08C0999C209817127.e.10832/click - {}
RESULT: {}
RESULT: {}
COMMAND: GET /session/4a8a75bcbd0d44f703d13edc121f15a8/screenshot - {}
RESULT: {}
COMMAND: POST /session/4a8a75bcbd0d44f703d13edc121f15a8/element - {"using":"xpath","value":"(//bdi[contains(text(), \"OK\")])[1]"}
RESULT: {"using":"xpath","value":"(//bdi[contains(text(), \"OK\")])[1]"}
COMMAND: POST /session/4a8a75bcbd0d44f703d13edc121f15a8/element/f.093A703FE9E59CF09BD9C73E01D6E334.d.59E316B297EA93B08C0999C209817127.e.10834/click - {}
RESULT: {}
COMMAND: GET /session/4a8a75bcbd0d44f703d13edc121f15a8/screenshot - {}
RESULT: {}
COMMAND: POST /session/4a8a75bcbd0d44f703d13edc121f15a8/element - {"using":"xpath","value":"//span[@id=\"application-managepartners-display-component---masterPtm--smartTable-header-inner\"]"}
RESULT: {"using":"xpath","value":"//span[@id=\"application-managepartners-display-component---masterPtm--smartTable-header-inner\"]"}
COMMAND: POST /session/4a8a75bcbd0d44f703d13edc121f15a8/elements - {"using":"xpath","value":"//span[@id=\"application-managepartners-display-component---masterPtm--smartTable-header-inner\"]"}
RESULT: {"using":"xpath","value":"//span[@id=\"application-managepartners-display-component---masterPtm--smartTable-header-inner\"]"}
COMMAND: POST /session/4a8a75bcbd0d44f703d13edc121f15a8/execute/sync - {"script":"<script> [56 bytes]","args":[{"element-6066-11e4-a52e-4f735466cecf":"f.093A703FE9E59CF09BD9C73E01D6E334.d.59E316B297EA93B08C0999C209817127.e.9470","ELEMENT":"f.093A703FE9E59CF09BD9C73E01D6E334.d.59E316B297EA93B08C0999C209817127.e.9470"}]}
RESULT: {"script":"<script> [56 bytes]","args":[{"element-6066-11e4-a52e-4f735466cecf":"f.093A703FE9E59CF09BD9C73E01D6E334.d.59E316B297EA93B08C0999C209817127.e.9470","ELEMENT":"f.093A703FE9E59CF09BD9C73E01D6E334.d.59E316B297EA93B08C0999C209817127.e.9470"}]}
COMMAND: POST /session/4a8a75bcbd0d44f703d13edc121f15a8/element - {"using":"xpath","value":"//span[contains(@title, \"Remove\")]"}
COMMAND: GET /session/4a8a75bcbd0d44f703d13edc121f15a8/screenshot - {}
RESULT: {"using":"xpath","value":"//span[contains(@title, \"Remove\")]"}
COMMAND: POST /session/4a8a75bcbd0d44f703d13edc121f15a8/element/f.093A703FE9E59CF09BD9C73E01D6E334.d.59E316B297EA93B08C0999C209817127.e.10856/click - {}
RESULT: {}
RESULT: {}
COMMAND: GET /session/4a8a75bcbd0d44f703d13edc121f15a8/screenshot - {}
RESULT: {}
COMMAND: POST /session/4a8a75bcbd0d44f703d13edc121f15a8/execute/async - {"script":"<script> [1562 bytes]","args":[{"selector":{"id":"application-managepartners-display-component---masterPtm--smartFilterBar-btnShowHide","interaction":{"idSuffix":"BDI-content"}},"wdio_ui5_key":"applicationmanagepartners-display-component---masterPtm--smartFilterBar-btnShowHide"}]}
RESULT: {"script":"<script> [1562 bytes]","args":[{"selector":{"id":"application-managepartners-display-component---masterPtm--smartFilterBar-btnShowHide","interaction":{"idSuffix":"BDI-content"}},"wdio_ui5_key":"applicationmanagepartners-display-component---masterPtm--smartFilterBar-btnShowHide"}]}
RESULT: undefined
COMMAND: POST /session/4a8a75bcbd0d44f703d13edc121f15a8/element - {"using":"xpath","value":"//*[@id=\"application-managepartners-display-component---masterPtm--smartFilterBar-btnShowHide\"]"}
RESULT: {"using":"xpath","value":"//*[@id=\"application-managepartners-display-component---masterPtm--smartFilterBar-btnShowHide\"]"}
COMMAND: POST /session/4a8a75bcbd0d44f703d13edc121f15a8/element/f.093A703FE9E59CF09BD9C73E01D6E334.d.59E316B297EA93B08C0999C209817127.e.9318/click - {}
RESULT: {}
COMMAND: GET /session/4a8a75bcbd0d44f703d13edc121f15a8/screenshot - {}
RESULT: {}
COMMAND: POST /session/4a8a75bcbd0d44f703d13edc121f15a8/element - {"using":"xpath","value":"//span[contains(@id,\"smartFilterBar-filterItemControl_BASIC-ALL_TAGS-vhi\")]"}
RESULT: {"using":"xpath","value":"//span[contains(@id,\"smartFilterBar-filterItemControl_BASIC-ALL_TAGS-vhi\")]"}
COMMAND: POST /session/4a8a75bcbd0d44f703d13edc121f15a8/elements - {"using":"xpath","value":"//span[contains(@id,\"smartFilterBar-filterItemControl_BASIC-ALL_TAGS-vhi\")]"}
RESULT: {"using":"xpath","value":"//span[contains(@id,\"smartFilterBar-filterItemControl_BASIC-ALL_TAGS-vhi\")]"}
RESULT: undefined
COMMAND: POST /session/4a8a75bcbd0d44f703d13edc121f15a8/element - {"using":"xpath","value":"//*[@id=\"application-managepartners-display-component---masterPtm--smartFilterBar-btnShowHide\"]"}
RESULT: {"using":"xpath","value":"//*[@id=\"application-managepartners-display-component---masterPtm--smartFilterBar-btnShowHide\"]"}
COMMAND: POST /session/4a8a75bcbd0d44f703d13edc121f15a8/element/f.093A703FE9E59CF09BD9C73E01D6E334.d.59E316B297EA93B08C0999C209817127.e.9318/click - {}
RESULT: {}
COMMAND: GET /session/4a8a75bcbd0d44f703d13edc121f15a8/screenshot - {}
RESULT: {}
COMMAND: POST /session/4a8a75bcbd0d44f703d13edc121f15a8/element - {"using":"xpath","value":"//span[contains(@id,\"smartFilterBar-filterItemControl_BASIC-ALL_TAGS-vhi\")]"}
RESULT: {"using":"xpath","value":"//span[contains(@id,\"smartFilterBar-filterItemControl_BASIC-ALL_TAGS-vhi\")]"}
COMMAND: POST /session/4a8a75bcbd0d44f703d13edc121f15a8/elements - {"using":"xpath","value":"//span[contains(@id,\"smartFilterBar-filterItemControl_BASIC-ALL_TAGS-vhi\")]"}
RESULT: {"using":"xpath","value":"//span[contains(@id,\"smartFilterBar-filterItemControl_BASIC-ALL_TAGS-vhi\")]"}
RESULT: undefined
COMMAND: POST /session/4a8a75bcbd0d44f703d13edc121f15a8/element - {"using":"xpath","value":"//*[@id=\"application-managepartners-display-component---masterPtm--smartFilterBar-btnFilters\"]"}
RESULT: {"using":"xpath","value":"//*[@id=\"application-managepartners-display-component---masterPtm--smartFilterBar-btnFilters\"]"}
COMMAND: POST /session/4a8a75bcbd0d44f703d13edc121f15a8/element/f.093A703FE9E59CF09BD9C73E01D6E334.d.59E316B297EA93B08C0999C209817127.e.9320/click - {}
RESULT: {}
COMMAND: GET /session/4a8a75bcbd0d44f703d13edc121f15a8/screenshot - {}
RESULT: {}
COMMAND: POST /session/4a8a75bcbd0d44f703d13edc121f15a8/elements - {"using":"xpath","value":"//table[contains(@id, \"listView-innerSelectionPanelTable-listUl\")]/tbody/tr"}
RESULT: {"using":"xpath","value":"//table[contains(@id, \"listView-innerSelectionPanelTable-listUl\")]/tbody/tr"}
COMMAND: POST /session/4a8a75bcbd0d44f703d13edc121f15a8/element - {"using":"xpath","value":"//table[contains(@id, \"listView-innerSelectionPanelTable-listUl\")]/tbody/tr[2]/td[2]/div/div"}
RESULT: {"using":"xpath","value":"//table[contains(@id, \"listView-innerSelectionPanelTable-listUl\")]/tbody/tr[2]/td[2]/div/div"}
COMMAND: POST /session/4a8a75bcbd0d44f703d13edc121f15a8/element - {"using":"xpath","value":"//table[contains(@id, \"listView-innerSelectionPanelTable-listUl\")]/tbody/tr[2]/td[2]/div"}
RESULT: {"using":"xpath","value":"//table[contains(@id, \"listView-innerSelectionPanelTable-listUl\")]/tbody/tr[2]/td[2]/div"}
COMMAND: POST /session/4a8a75bcbd0d44f703d13edc121f15a8/element - {"using":"xpath","value":"//table[contains(@id, \"listView-innerSelectionPanelTable-listUl\")]/tbody/tr[2]/td[3]/div/div/span/span[1]/bdi"}
RESULT: {"using":"xpath","value":"//table[contains(@id, \"listView-innerSelectionPanelTable-listUl\")]/tbody/tr[2]/td[3]/div/div/span/span[1]/bdi"}
COMMAND: POST /session/4a8a75bcbd0d44f703d13edc121f15a8/execute/sync - {"script":"<script> [56 bytes]","args":[{"element-6066-11e4-a52e-4f735466cecf":"f.093A703FE9E59CF09BD9C73E01D6E334.d.59E316B297EA93B08C0999C209817127.e.11168","ELEMENT":"f.093A703FE9E59CF09BD9C73E01D6E334.d.59E316B297EA93B08C0999C209817127.e.11168"}]}
RESULT: {"script":"<script> [56 bytes]","args":[{"element-6066-11e4-a52e-4f735466cecf":"f.093A703FE9E59CF09BD9C73E01D6E334.d.59E316B297EA93B08C0999C209817127.e.11168","ELEMENT":"f.093A703FE9E59CF09BD9C73E01D6E334.d.59E316B297EA93B08C0999C209817127.e.11168"}]}
COMMAND: GET /session/4a8a75bcbd0d44f703d13edc121f15a8/element/f.093A703FE9E59CF09BD9C73E01D6E334.d.59E316B297EA93B08C0999C209817127.e.11167/attribute/aria-checked - {}
COMMAND: GET /session/4a8a75bcbd0d44f703d13edc121f15a8/screenshot - {}
RESULT: {}
COMMAND: POST /session/4a8a75bcbd0d44f703d13edc121f15a8/element - {"using":"xpath","value":"//table[contains(@id, \"listView-innerSelectionPanelTable-listUl\")]/tbody/tr[3]/td[2]/div/div"}
RESULT: {}
RESULT: {"using":"xpath","value":"//table[contains(@id, \"listView-innerSelectionPanelTable-listUl\")]/tbody/tr[3]/td[2]/div/div"}
COMMAND: POST /session/4a8a75bcbd0d44f703d13edc121f15a8/element - {"using":"xpath","value":"//table[contains(@id, \"listView-innerSelectionPanelTable-listUl\")]/tbody/tr[3]/td[2]/div"}
RESULT: {"using":"xpath","value":"//table[contains(@id, \"listView-innerSelectionPanelTable-listUl\")]/tbody/tr[3]/td[2]/div"}
COMMAND: POST /session/4a8a75bcbd0d44f703d13edc121f15a8/element - {"using":"xpath","value":"//table[contains(@id, \"listView-innerSelectionPanelTable-listUl\")]/tbody/tr[3]/td[3]/div/div/span/span[1]/bdi"}
RESULT: {"using":"xpath","value":"//table[contains(@id, \"listView-innerSelectionPanelTable-listUl\")]/tbody/tr[3]/td[3]/div/div/span/span[1]/bdi"}
COMMAND: POST /session/4a8a75bcbd0d44f703d13edc121f15a8/execute/sync - {"script":"<script> [56 bytes]","args":[{"element-6066-11e4-a52e-4f735466cecf":"f.093A703FE9E59CF09BD9C73E01D6E334.d.59E316B297EA93B08C0999C209817127.e.11171","ELEMENT":"f.093A703FE9E59CF09BD9C73E01D6E334.d.59E316B297EA93B08C0999C209817127.e.11171"}]}
RESULT: {"script":"<script> [56 bytes]","args":[{"element-6066-11e4-a52e-4f735466cecf":"f.093A703FE9E59CF09BD9C73E01D6E334.d.59E316B297EA93B08C0999C209817127.e.11171","ELEMENT":"f.093A703FE9E59CF09BD9C73E01D6E334.d.59E316B297EA93B08C0999C209817127.e.11171"}]}
COMMAND: GET /session/4a8a75bcbd0d44f703d13edc121f15a8/element/f.093A703FE9E59CF09BD9C73E01D6E334.d.59E316B297EA93B08C0999C209817127.e.11170/attribute/aria-checked - {}
COMMAND: GET /session/4a8a75bcbd0d44f703d13edc121f15a8/screenshot - {}
RESULT: {}
COMMAND: POST /session/4a8a75bcbd0d44f703d13edc121f15a8/element - {"using":"xpath","value":"//table[contains(@id, \"listView-innerSelectionPanelTable-listUl\")]/tbody/tr[4]/td[2]/div/div"}
RESULT: {}
RESULT: {"using":"xpath","value":"//table[contains(@id, \"listView-innerSelectionPanelTable-listUl\")]/tbody/tr[4]/td[2]/div/div"}
COMMAND: POST /session/4a8a75bcbd0d44f703d13edc121f15a8/element - {"using":"xpath","value":"//table[contains(@id, \"listView-innerSelectionPanelTable-listUl\")]/tbody/tr[4]/td[2]/div"}
RESULT: {"using":"xpath","value":"//table[contains(@id, \"listView-innerSelectionPanelTable-listUl\")]/tbody/tr[4]/td[2]/div"}
COMMAND: POST /session/4a8a75bcbd0d44f703d13edc121f15a8/element - {"using":"xpath","value":"//table[contains(@id, \"listView-innerSelectionPanelTable-listUl\")]/tbody/tr[4]/td[3]/div/div/span/span[1]/bdi"}
RESULT: {"using":"xpath","value":"//table[contains(@id, \"listView-innerSelectionPanelTable-listUl\")]/tbody/tr[4]/td[3]/div/div/span/span[1]/bdi"}
COMMAND: POST /session/4a8a75bcbd0d44f703d13edc121f15a8/execute/sync - {"script":"<script> [56 bytes]","args":[{"element-6066-11e4-a52e-4f735466cecf":"f.093A703FE9E59CF09BD9C73E01D6E334.d.59E316B297EA93B08C0999C209817127.e.11174","ELEMENT":"f.093A703FE9E59CF09BD9C73E01D6E334.d.59E316B297EA93B08C0999C209817127.e.11174"}]}
RESULT: {"script":"<script> [56 bytes]","args":[{"element-6066-11e4-a52e-4f735466cecf":"f.093A703FE9E59CF09BD9C73E01D6E334.d.59E316B297EA93B08C0999C209817127.e.11174","ELEMENT":"f.093A703FE9E59CF09BD9C73E01D6E334.d.59E316B297EA93B08C0999C209817127.e.11174"}]}
COMMAND: GET /session/4a8a75bcbd0d44f703d13edc121f15a8/element/f.093A703FE9E59CF09BD9C73E01D6E334.d.59E316B297EA93B08C0999C209817127.e.11173/attribute/aria-checked - {}
COMMAND: GET /session/4a8a75bcbd0d44f703d13edc121f15a8/screenshot - {}
RESULT: {}
COMMAND: POST /session/4a8a75bcbd0d44f703d13edc121f15a8/element - {"using":"xpath","value":"//table[contains(@id, \"listView-innerSelectionPanelTable-listUl\")]/tbody/tr[5]/td[2]/div/div"}
RESULT: {}
RESULT: {"using":"xpath","value":"//table[contains(@id, \"listView-innerSelectionPanelTable-listUl\")]/tbody/tr[5]/td[2]/div/div"}
COMMAND: POST /session/4a8a75bcbd0d44f703d13edc121f15a8/element - {"using":"xpath","value":"//table[contains(@id, \"listView-innerSelectionPanelTable-listUl\")]/tbody/tr[5]/td[2]/div"}
RESULT: {"using":"xpath","value":"//table[contains(@id, \"listView-innerSelectionPanelTable-listUl\")]/tbody/tr[5]/td[2]/div"}
COMMAND: POST /session/4a8a75bcbd0d44f703d13edc121f15a8/element - {"using":"xpath","value":"//table[contains(@id, \"listView-innerSelectionPanelTable-listUl\")]/tbody/tr[5]/td[3]/div/div/span/span[1]/bdi"}
RESULT: {"using":"xpath","value":"//table[contains(@id, \"listView-innerSelectionPanelTable-listUl\")]/tbody/tr[5]/td[3]/div/div/span/span[1]/bdi"}
COMMAND: POST /session/4a8a75bcbd0d44f703d13edc121f15a8/execute/sync - {"script":"<script> [56 bytes]","args":[{"element-6066-11e4-a52e-4f735466cecf":"f.093A703FE9E59CF09BD9C73E01D6E334.d.59E316B297EA93B08C0999C209817127.e.11177","ELEMENT":"f.093A703FE9E59CF09BD9C73E01D6E334.d.59E316B297EA93B08C0999C209817127.e.11177"}]}
RESULT: {"script":"<script> [56 bytes]","args":[{"element-6066-11e4-a52e-4f735466cecf":"f.093A703FE9E59CF09BD9C73E01D6E334.d.59E316B297EA93B08C0999C209817127.e.11177","ELEMENT":"f.093A703FE9E59CF09BD9C73E01D6E334.d.59E316B297EA93B08C0999C209817127.e.11177"}]}
COMMAND: GET /session/4a8a75bcbd0d44f703d13edc121f15a8/element/f.093A703FE9E59CF09BD9C73E01D6E334.d.59E316B297EA93B08C0999C209817127.e.11176/attribute/aria-checked - {}
COMMAND: GET /session/4a8a75bcbd0d44f703d13edc121f15a8/screenshot - {}
RESULT: {}
COMMAND: POST /session/4a8a75bcbd0d44f703d13edc121f15a8/element - {"using":"xpath","value":"//table[contains(@id, \"listView-innerSelectionPanelTable-listUl\")]/tbody/tr[6]/td[2]/div/div"}
RESULT: {}
RESULT: {"using":"xpath","value":"//table[contains(@id, \"listView-innerSelectionPanelTable-listUl\")]/tbody/tr[6]/td[2]/div/div"}
COMMAND: POST /session/4a8a75bcbd0d44f703d13edc121f15a8/element - {"using":"xpath","value":"//table[contains(@id, \"listView-innerSelectionPanelTable-listUl\")]/tbody/tr[6]/td[2]/div"}
RESULT: {"using":"xpath","value":"//table[contains(@id, \"listView-innerSelectionPanelTable-listUl\")]/tbody/tr[6]/td[2]/div"}
COMMAND: POST /session/4a8a75bcbd0d44f703d13edc121f15a8/element - {"using":"xpath","value":"//table[contains(@id, \"listView-innerSelectionPanelTable-listUl\")]/tbody/tr[6]/td[3]/div/div/span/span[1]/bdi"}
RESULT: {"using":"xpath","value":"//table[contains(@id, \"listView-innerSelectionPanelTable-listUl\")]/tbody/tr[6]/td[3]/div/div/span/span[1]/bdi"}
COMMAND: POST /session/4a8a75bcbd0d44f703d13edc121f15a8/execute/sync - {"script":"<script> [56 bytes]","args":[{"element-6066-11e4-a52e-4f735466cecf":"f.093A703FE9E59CF09BD9C73E01D6E334.d.59E316B297EA93B08C0999C209817127.e.11180","ELEMENT":"f.093A703FE9E59CF09BD9C73E01D6E334.d.59E316B297EA93B08C0999C209817127.e.11180"}]}
RESULT: {"script":"<script> [56 bytes]","args":[{"element-6066-11e4-a52e-4f735466cecf":"f.093A703FE9E59CF09BD9C73E01D6E334.d.59E316B297EA93B08C0999C209817127.e.11180","ELEMENT":"f.093A703FE9E59CF09BD9C73E01D6E334.d.59E316B297EA93B08C0999C209817127.e.11180"}]}
COMMAND: GET /session/4a8a75bcbd0d44f703d13edc121f15a8/element/f.093A703FE9E59CF09BD9C73E01D6E334.d.59E316B297EA93B08C0999C209817127.e.11179/attribute/aria-checked - {}
COMMAND: GET /session/4a8a75bcbd0d44f703d13edc121f15a8/screenshot - {}
RESULT: {}
COMMAND: POST /session/4a8a75bcbd0d44f703d13edc121f15a8/element - {"using":"xpath","value":"//table[contains(@id, \"listView-innerSelectionPanelTable-listUl\")]/tbody/tr[7]/td[2]/div/div"}
RESULT: {}
RESULT: {"using":"xpath","value":"//table[contains(@id, \"listView-innerSelectionPanelTable-listUl\")]/tbody/tr[7]/td[2]/div/div"}
COMMAND: POST /session/4a8a75bcbd0d44f703d13edc121f15a8/element - {"using":"xpath","value":"//table[contains(@id, \"listView-innerSelectionPanelTable-listUl\")]/tbody/tr[7]/td[2]/div"}
RESULT: {"using":"xpath","value":"//table[contains(@id, \"listView-innerSelectionPanelTable-listUl\")]/tbody/tr[7]/td[2]/div"}
COMMAND: POST /session/4a8a75bcbd0d44f703d13edc121f15a8/element - {"using":"xpath","value":"//table[contains(@id, \"listView-innerSelectionPanelTable-listUl\")]/tbody/tr[7]/td[3]/div/div/span/span[1]/bdi"}
RESULT: {"using":"xpath","value":"//table[contains(@id, \"listView-innerSelectionPanelTable-listUl\")]/tbody/tr[7]/td[3]/div/div/span/span[1]/bdi"}
COMMAND: POST /session/4a8a75bcbd0d44f703d13edc121f15a8/execute/sync - {"script":"<script> [56 bytes]","args":[{"element-6066-11e4-a52e-4f735466cecf":"f.093A703FE9E59CF09BD9C73E01D6E334.d.59E316B297EA93B08C0999C209817127.e.11183","ELEMENT":"f.093A703FE9E59CF09BD9C73E01D6E334.d.59E316B297EA93B08C0999C209817127.e.11183"}]}
RESULT: {"script":"<script> [56 bytes]","args":[{"element-6066-11e4-a52e-4f735466cecf":"f.093A703FE9E59CF09BD9C73E01D6E334.d.59E316B297EA93B08C0999C209817127.e.11183","ELEMENT":"f.093A703FE9E59CF09BD9C73E01D6E334.d.59E316B297EA93B08C0999C209817127.e.11183"}]}
COMMAND: GET /session/4a8a75bcbd0d44f703d13edc121f15a8/element/f.093A703FE9E59CF09BD9C73E01D6E334.d.59E316B297EA93B08C0999C209817127.e.11182/attribute/aria-checked - {}
COMMAND: GET /session/4a8a75bcbd0d44f703d13edc121f15a8/screenshot - {}
RESULT: {}
COMMAND: POST /session/4a8a75bcbd0d44f703d13edc121f15a8/element - {"using":"xpath","value":"//table[contains(@id, \"listView-innerSelectionPanelTable-listUl\")]/tbody/tr[8]/td[2]/div/div"}
RESULT: {}
RESULT: {"using":"xpath","value":"//table[contains(@id, \"listView-innerSelectionPanelTable-listUl\")]/tbody/tr[8]/td[2]/div/div"}
COMMAND: POST /session/4a8a75bcbd0d44f703d13edc121f15a8/element - {"using":"xpath","value":"//table[contains(@id, \"listView-innerSelectionPanelTable-listUl\")]/tbody/tr[8]/td[2]/div"}
RESULT: {"using":"xpath","value":"//table[contains(@id, \"listView-innerSelectionPanelTable-listUl\")]/tbody/tr[8]/td[2]/div"}
COMMAND: POST /session/4a8a75bcbd0d44f703d13edc121f15a8/element - {"using":"xpath","value":"//table[contains(@id, \"listView-innerSelectionPanelTable-listUl\")]/tbody/tr[8]/td[3]/div/div/span/span[1]/bdi"}
RESULT: {"using":"xpath","value":"//table[contains(@id, \"listView-innerSelectionPanelTable-listUl\")]/tbody/tr[8]/td[3]/div/div/span/span[1]/bdi"}
COMMAND: POST /session/4a8a75bcbd0d44f703d13edc121f15a8/execute/sync - {"script":"<script> [56 bytes]","args":[{"element-6066-11e4-a52e-4f735466cecf":"f.093A703FE9E59CF09BD9C73E01D6E334.d.59E316B297EA93B08C0999C209817127.e.11186","ELEMENT":"f.093A703FE9E59CF09BD9C73E01D6E334.d.59E316B297EA93B08C0999C209817127.e.11186"}]}
RESULT: {"script":"<script> [56 bytes]","args":[{"element-6066-11e4-a52e-4f735466cecf":"f.093A703FE9E59CF09BD9C73E01D6E334.d.59E316B297EA93B08C0999C209817127.e.11186","ELEMENT":"f.093A703FE9E59CF09BD9C73E01D6E334.d.59E316B297EA93B08C0999C209817127.e.11186"}]}
COMMAND: GET /session/4a8a75bcbd0d44f703d13edc121f15a8/element/f.093A703FE9E59CF09BD9C73E01D6E334.d.59E316B297EA93B08C0999C209817127.e.11185/attribute/aria-checked - {}
COMMAND: GET /session/4a8a75bcbd0d44f703d13edc121f15a8/screenshot - {}
RESULT: {}
COMMAND: POST /session/4a8a75bcbd0d44f703d13edc121f15a8/element - {"using":"xpath","value":"//table[contains(@id, \"listView-innerSelectionPanelTable-listUl\")]/tbody/tr[9]/td[2]/div/div"}
RESULT: {}
RESULT: {"using":"xpath","value":"//table[contains(@id, \"listView-innerSelectionPanelTable-listUl\")]/tbody/tr[9]/td[2]/div/div"}
COMMAND: POST /session/4a8a75bcbd0d44f703d13edc121f15a8/element - {"using":"xpath","value":"//table[contains(@id, \"listView-innerSelectionPanelTable-listUl\")]/tbody/tr[9]/td[2]/div"}
RESULT: {"using":"xpath","value":"//table[contains(@id, \"listView-innerSelectionPanelTable-listUl\")]/tbody/tr[9]/td[2]/div"}
COMMAND: POST /session/4a8a75bcbd0d44f703d13edc121f15a8/element - {"using":"xpath","value":"//table[contains(@id, \"listView-innerSelectionPanelTable-listUl\")]/tbody/tr[9]/td[3]/div/div/span/span[1]/bdi"}
RESULT: {"using":"xpath","value":"//table[contains(@id, \"listView-innerSelectionPanelTable-listUl\")]/tbody/tr[9]/td[3]/div/div/span/span[1]/bdi"}
COMMAND: POST /session/4a8a75bcbd0d44f703d13edc121f15a8/execute/sync - {"script":"<script> [56 bytes]","args":[{"element-6066-11e4-a52e-4f735466cecf":"f.093A703FE9E59CF09BD9C73E01D6E334.d.59E316B297EA93B08C0999C209817127.e.11189","ELEMENT":"f.093A703FE9E59CF09BD9C73E01D6E334.d.59E316B297EA93B08C0999C209817127.e.11189"}]}
RESULT: {"script":"<script> [56 bytes]","args":[{"element-6066-11e4-a52e-4f735466cecf":"f.093A703FE9E59CF09BD9C73E01D6E334.d.59E316B297EA93B08C0999C209817127.e.11189","ELEMENT":"f.093A703FE9E59CF09BD9C73E01D6E334.d.59E316B297EA93B08C0999C209817127.e.11189"}]}
COMMAND: GET /session/4a8a75bcbd0d44f703d13edc121f15a8/element/f.093A703FE9E59CF09BD9C73E01D6E334.d.59E316B297EA93B08C0999C209817127.e.11188/attribute/aria-checked - {}
COMMAND: GET /session/4a8a75bcbd0d44f703d13edc121f15a8/screenshot - {}
RESULT: {}
COMMAND: POST /session/4a8a75bcbd0d44f703d13edc121f15a8/element - {"using":"xpath","value":"//table[contains(@id, \"listView-innerSelectionPanelTable-listUl\")]/tbody/tr[10]/td[2]/div/div"}
RESULT: {}
RESULT: {"using":"xpath","value":"//table[contains(@id, \"listView-innerSelectionPanelTable-listUl\")]/tbody/tr[10]/td[2]/div/div"}
COMMAND: POST /session/4a8a75bcbd0d44f703d13edc121f15a8/element - {"using":"xpath","value":"//table[contains(@id, \"listView-innerSelectionPanelTable-listUl\")]/tbody/tr[10]/td[2]/div"}
RESULT: {"using":"xpath","value":"//table[contains(@id, \"listView-innerSelectionPanelTable-listUl\")]/tbody/tr[10]/td[2]/div"}
COMMAND: POST /session/4a8a75bcbd0d44f703d13edc121f15a8/element - {"using":"xpath","value":"//table[contains(@id, \"listView-innerSelectionPanelTable-listUl\")]/tbody/tr[10]/td[3]/div/div/span/span[1]/bdi"}
RESULT: {"using":"xpath","value":"//table[contains(@id, \"listView-innerSelectionPanelTable-listUl\")]/tbody/tr[10]/td[3]/div/div/span/span[1]/bdi"}
COMMAND: POST /session/4a8a75bcbd0d44f703d13edc121f15a8/execute/sync - {"script":"<script> [56 bytes]","args":[{"element-6066-11e4-a52e-4f735466cecf":"f.093A703FE9E59CF09BD9C73E01D6E334.d.59E316B297EA93B08C0999C209817127.e.11192","ELEMENT":"f.093A703FE9E59CF09BD9C73E01D6E334.d.59E316B297EA93B08C0999C209817127.e.11192"}]}
RESULT: {"script":"<script> [56 bytes]","args":[{"element-6066-11e4-a52e-4f735466cecf":"f.093A703FE9E59CF09BD9C73E01D6E334.d.59E316B297EA93B08C0999C209817127.e.11192","ELEMENT":"f.093A703FE9E59CF09BD9C73E01D6E334.d.59E316B297EA93B08C0999C209817127.e.11192"}]}
COMMAND: GET /session/4a8a75bcbd0d44f703d13edc121f15a8/element/f.093A703FE9E59CF09BD9C73E01D6E334.d.59E316B297EA93B08C0999C209817127.e.11191/attribute/aria-checked - {}
COMMAND: GET /session/4a8a75bcbd0d44f703d13edc121f15a8/screenshot - {}
RESULT: {}
COMMAND: POST /session/4a8a75bcbd0d44f703d13edc121f15a8/element - {"using":"xpath","value":"//table[contains(@id, \"listView-innerSelectionPanelTable-listUl\")]/tbody/tr[11]/td[2]/div/div"}
RESULT: {}
RESULT: {"using":"xpath","value":"//table[contains(@id, \"listView-innerSelectionPanelTable-listUl\")]/tbody/tr[11]/td[2]/div/div"}
COMMAND: POST /session/4a8a75bcbd0d44f703d13edc121f15a8/element - {"using":"xpath","value":"//table[contains(@id, \"listView-innerSelectionPanelTable-listUl\")]/tbody/tr[11]/td[2]/div"}
RESULT: {"using":"xpath","value":"//table[contains(@id, \"listView-innerSelectionPanelTable-listUl\")]/tbody/tr[11]/td[2]/div"}
COMMAND: POST /session/4a8a75bcbd0d44f703d13edc121f15a8/element - {"using":"xpath","value":"//table[contains(@id, \"listView-innerSelectionPanelTable-listUl\")]/tbody/tr[11]/td[3]/div/div/span/span[1]/bdi"}
RESULT: {"using":"xpath","value":"//table[contains(@id, \"listView-innerSelectionPanelTable-listUl\")]/tbody/tr[11]/td[3]/div/div/span/span[1]/bdi"}
COMMAND: POST /session/4a8a75bcbd0d44f703d13edc121f15a8/execute/sync - {"script":"<script> [56 bytes]","args":[{"element-6066-11e4-a52e-4f735466cecf":"f.093A703FE9E59CF09BD9C73E01D6E334.d.59E316B297EA93B08C0999C209817127.e.11195","ELEMENT":"f.093A703FE9E59CF09BD9C73E01D6E334.d.59E316B297EA93B08C0999C209817127.e.11195"}]}
RESULT: {"script":"<script> [56 bytes]","args":[{"element-6066-11e4-a52e-4f735466cecf":"f.093A703FE9E59CF09BD9C73E01D6E334.d.59E316B297EA93B08C0999C209817127.e.11195","ELEMENT":"f.093A703FE9E59CF09BD9C73E01D6E334.d.59E316B297EA93B08C0999C209817127.e.11195"}]}
COMMAND: GET /session/4a8a75bcbd0d44f703d13edc121f15a8/element/f.093A703FE9E59CF09BD9C73E01D6E334.d.59E316B297EA93B08C0999C209817127.e.11194/attribute/aria-checked - {}
COMMAND: GET /session/4a8a75bcbd0d44f703d13edc121f15a8/screenshot - {}
RESULT: {}
COMMAND: POST /session/4a8a75bcbd0d44f703d13edc121f15a8/element - {"using":"xpath","value":"//table[contains(@id, \"listView-innerSelectionPanelTable-listUl\")]/tbody/tr[12]/td[2]/div/div"}
RESULT: {}
RESULT: {"using":"xpath","value":"//table[contains(@id, \"listView-innerSelectionPanelTable-listUl\")]/tbody/tr[12]/td[2]/div/div"}
COMMAND: POST /session/4a8a75bcbd0d44f703d13edc121f15a8/element - {"using":"xpath","value":"//table[contains(@id, \"listView-innerSelectionPanelTable-listUl\")]/tbody/tr[12]/td[2]/div"}
RESULT: {"using":"xpath","value":"//table[contains(@id, \"listView-innerSelectionPanelTable-listUl\")]/tbody/tr[12]/td[2]/div"}
COMMAND: POST /session/4a8a75bcbd0d44f703d13edc121f15a8/element - {"using":"xpath","value":"//table[contains(@id, \"listView-innerSelectionPanelTable-listUl\")]/tbody/tr[12]/td[3]/div/div/span/span[1]/bdi"}
RESULT: {"using":"xpath","value":"//table[contains(@id, \"listView-innerSelectionPanelTable-listUl\")]/tbody/tr[12]/td[3]/div/div/span/span[1]/bdi"}
COMMAND: POST /session/4a8a75bcbd0d44f703d13edc121f15a8/execute/sync - {"script":"<script> [56 bytes]","args":[{"element-6066-11e4-a52e-4f735466cecf":"f.093A703FE9E59CF09BD9C73E01D6E334.d.59E316B297EA93B08C0999C209817127.e.11198","ELEMENT":"f.093A703FE9E59CF09BD9C73E01D6E334.d.59E316B297EA93B08C0999C209817127.e.11198"}]}
RESULT: {"script":"<script> [56 bytes]","args":[{"element-6066-11e4-a52e-4f735466cecf":"f.093A703FE9E59CF09BD9C73E01D6E334.d.59E316B297EA93B08C0999C209817127.e.11198","ELEMENT":"f.093A703FE9E59CF09BD9C73E01D6E334.d.59E316B297EA93B08C0999C209817127.e.11198"}]}
COMMAND: GET /session/4a8a75bcbd0d44f703d13edc121f15a8/element/f.093A703FE9E59CF09BD9C73E01D6E334.d.59E316B297EA93B08C0999C209817127.e.11197/attribute/aria-checked - {}
COMMAND: GET /session/4a8a75bcbd0d44f703d13edc121f15a8/screenshot - {}
RESULT: {}
COMMAND: POST /session/4a8a75bcbd0d44f703d13edc121f15a8/element - {"using":"xpath","value":"//table[contains(@id, \"listView-innerSelectionPanelTable-listUl\")]/tbody/tr[13]/td[2]/div/div"}
RESULT: {}
RESULT: {"using":"xpath","value":"//table[contains(@id, \"listView-innerSelectionPanelTable-listUl\")]/tbody/tr[13]/td[2]/div/div"}
COMMAND: POST /session/4a8a75bcbd0d44f703d13edc121f15a8/element - {"using":"xpath","value":"//table[contains(@id, \"listView-innerSelectionPanelTable-listUl\")]/tbody/tr[13]/td[2]/div"}
RESULT: {"using":"xpath","value":"//table[contains(@id, \"listView-innerSelectionPanelTable-listUl\")]/tbody/tr[13]/td[2]/div"}
COMMAND: POST /session/4a8a75bcbd0d44f703d13edc121f15a8/element - {"using":"xpath","value":"//table[contains(@id, \"listView-innerSelectionPanelTable-listUl\")]/tbody/tr[13]/td[3]/div/div/span/span[1]/bdi"}
RESULT: {"using":"xpath","value":"//table[contains(@id, \"listView-innerSelectionPanelTable-listUl\")]/tbody/tr[13]/td[3]/div/div/span/span[1]/bdi"}
COMMAND: POST /session/4a8a75bcbd0d44f703d13edc121f15a8/execute/sync - {"script":"<script> [56 bytes]","args":[{"element-6066-11e4-a52e-4f735466cecf":"f.093A703FE9E59CF09BD9C73E01D6E334.d.59E316B297EA93B08C0999C209817127.e.11201","ELEMENT":"f.093A703FE9E59CF09BD9C73E01D6E334.d.59E316B297EA93B08C0999C209817127.e.11201"}]}
RESULT: {"script":"<script> [56 bytes]","args":[{"element-6066-11e4-a52e-4f735466cecf":"f.093A703FE9E59CF09BD9C73E01D6E334.d.59E316B297EA93B08C0999C209817127.e.11201","ELEMENT":"f.093A703FE9E59CF09BD9C73E01D6E334.d.59E316B297EA93B08C0999C209817127.e.11201"}]}
COMMAND: GET /session/4a8a75bcbd0d44f703d13edc121f15a8/element/f.093A703FE9E59CF09BD9C73E01D6E334.d.59E316B297EA93B08C0999C209817127.e.11200/attribute/aria-checked - {}
COMMAND: GET /session/4a8a75bcbd0d44f703d13edc121f15a8/screenshot - {}
RESULT: {}
COMMAND: POST /session/4a8a75bcbd0d44f703d13edc121f15a8/element/f.093A703FE9E59CF09BD9C73E01D6E334.d.59E316B297EA93B08C0999C209817127.e.11199/click - {}
RESULT: {}
RESULT: {}
COMMAND: GET /session/4a8a75bcbd0d44f703d13edc121f15a8/screenshot - {}
COMMAND: POST /session/4a8a75bcbd0d44f703d13edc121f15a8/element - {"using":"xpath","value":"//table[contains(@id, \"listView-innerSelectionPanelTable-listUl\")]/tbody/tr[14]/td[2]/div/div"}
RESULT: {}
RESULT: {"using":"xpath","value":"//table[contains(@id, \"listView-innerSelectionPanelTable-listUl\")]/tbody/tr[14]/td[2]/div/div"}
COMMAND: POST /session/4a8a75bcbd0d44f703d13edc121f15a8/element - {"using":"xpath","value":"//table[contains(@id, \"listView-innerSelectionPanelTable-listUl\")]/tbody/tr[14]/td[2]/div"}
RESULT: {"using":"xpath","value":"//table[contains(@id, \"listView-innerSelectionPanelTable-listUl\")]/tbody/tr[14]/td[2]/div"}
COMMAND: POST /session/4a8a75bcbd0d44f703d13edc121f15a8/element - {"using":"xpath","value":"//table[contains(@id, \"listView-innerSelectionPanelTable-listUl\")]/tbody/tr[14]/td[3]/div/div/span/span[1]/bdi"}
RESULT: {"using":"xpath","value":"//table[contains(@id, \"listView-innerSelectionPanelTable-listUl\")]/tbody/tr[14]/td[3]/div/div/span/span[1]/bdi"}
COMMAND: POST /session/4a8a75bcbd0d44f703d13edc121f15a8/execute/sync - {"script":"<script> [56 bytes]","args":[{"element-6066-11e4-a52e-4f735466cecf":"f.093A703FE9E59CF09BD9C73E01D6E334.d.59E316B297EA93B08C0999C209817127.e.11205","ELEMENT":"f.093A703FE9E59CF09BD9C73E01D6E334.d.59E316B297EA93B08C0999C209817127.e.11205"}]}
RESULT: {"script":"<script> [56 bytes]","args":[{"element-6066-11e4-a52e-4f735466cecf":"f.093A703FE9E59CF09BD9C73E01D6E334.d.59E316B297EA93B08C0999C209817127.e.11205","ELEMENT":"f.093A703FE9E59CF09BD9C73E01D6E334.d.59E316B297EA93B08C0999C209817127.e.11205"}]}
COMMAND: GET /session/4a8a75bcbd0d44f703d13edc121f15a8/element/f.093A703FE9E59CF09BD9C73E01D6E334.d.59E316B297EA93B08C0999C209817127.e.11204/attribute/aria-checked - {}
COMMAND: GET /session/4a8a75bcbd0d44f703d13edc121f15a8/screenshot - {}
RESULT: {}
COMMAND: POST /session/4a8a75bcbd0d44f703d13edc121f15a8/element/f.093A703FE9E59CF09BD9C73E01D6E334.d.59E316B297EA93B08C0999C209817127.e.11203/click - {}
RESULT: {}
COMMAND: POST /session/4a8a75bcbd0d44f703d13edc121f15a8/element - {"using":"xpath","value":"//table[contains(@id, \"listView-innerSelectionPanelTable-listUl\")]/tbody/tr[15]/td[2]/div/div"}
RESULT: {}
COMMAND: GET /session/4a8a75bcbd0d44f703d13edc121f15a8/screenshot - {}
RESULT: {"using":"xpath","value":"//table[contains(@id, \"listView-innerSelectionPanelTable-listUl\")]/tbody/tr[15]/td[2]/div/div"}
COMMAND: POST /session/4a8a75bcbd0d44f703d13edc121f15a8/element - {"using":"xpath","value":"//table[contains(@id, \"listView-innerSelectionPanelTable-listUl\")]/tbody/tr[15]/td[2]/div"}
RESULT: {}
RESULT: {"using":"xpath","value":"//table[contains(@id, \"listView-innerSelectionPanelTable-listUl\")]/tbody/tr[15]/td[2]/div"}
COMMAND: POST /session/4a8a75bcbd0d44f703d13edc121f15a8/element - {"using":"xpath","value":"//table[contains(@id, \"listView-innerSelectionPanelTable-listUl\")]/tbody/tr[15]/td[3]/div/div/span/span[1]/bdi"}
RESULT: {"using":"xpath","value":"//table[contains(@id, \"listView-innerSelectionPanelTable-listUl\")]/tbody/tr[15]/td[3]/div/div/span/span[1]/bdi"}
COMMAND: POST /session/4a8a75bcbd0d44f703d13edc121f15a8/execute/sync - {"script":"<script> [56 bytes]","args":[{"element-6066-11e4-a52e-4f735466cecf":"f.093A703FE9E59CF09BD9C73E01D6E334.d.59E316B297EA93B08C0999C209817127.e.11209","ELEMENT":"f.093A703FE9E59CF09BD9C73E01D6E334.d.59E316B297EA93B08C0999C209817127.e.11209"}]}
RESULT: {"script":"<script> [56 bytes]","args":[{"element-6066-11e4-a52e-4f735466cecf":"f.093A703FE9E59CF09BD9C73E01D6E334.d.59E316B297EA93B08C0999C209817127.e.11209","ELEMENT":"f.093A703FE9E59CF09BD9C73E01D6E334.d.59E316B297EA93B08C0999C209817127.e.11209"}]}
COMMAND: GET /session/4a8a75bcbd0d44f703d13edc121f15a8/element/f.093A703FE9E59CF09BD9C73E01D6E334.d.59E316B297EA93B08C0999C209817127.e.11208/attribute/aria-checked - {}
COMMAND: GET /session/4a8a75bcbd0d44f703d13edc121f15a8/screenshot - {}
RESULT: {}
COMMAND: POST /session/4a8a75bcbd0d44f703d13edc121f15a8/element - {"using":"xpath","value":"//table[contains(@id, \"listView-innerSelectionPanelTable-listUl\")]/tbody/tr[16]/td[2]/div/div"}
RESULT: {}
RESULT: {"using":"xpath","value":"//table[contains(@id, \"listView-innerSelectionPanelTable-listUl\")]/tbody/tr[16]/td[2]/div/div"}
COMMAND: POST /session/4a8a75bcbd0d44f703d13edc121f15a8/element - {"using":"xpath","value":"//table[contains(@id, \"listView-innerSelectionPanelTable-listUl\")]/tbody/tr[16]/td[2]/div"}
RESULT: {"using":"xpath","value":"//table[contains(@id, \"listView-innerSelectionPanelTable-listUl\")]/tbody/tr[16]/td[2]/div"}
COMMAND: POST /session/4a8a75bcbd0d44f703d13edc121f15a8/element - {"using":"xpath","value":"//table[contains(@id, \"listView-innerSelectionPanelTable-listUl\")]/tbody/tr[16]/td[3]/div/div/span/span[1]/bdi"}
RESULT: {"using":"xpath","value":"//table[contains(@id, \"listView-innerSelectionPanelTable-listUl\")]/tbody/tr[16]/td[3]/div/div/span/span[1]/bdi"}
COMMAND: POST /session/4a8a75bcbd0d44f703d13edc121f15a8/execute/sync - {"script":"<script> [56 bytes]","args":[{"element-6066-11e4-a52e-4f735466cecf":"f.093A703FE9E59CF09BD9C73E01D6E334.d.59E316B297EA93B08C0999C209817127.e.11212","ELEMENT":"f.093A703FE9E59CF09BD9C73E01D6E334.d.59E316B297EA93B08C0999C209817127.e.11212"}]}
RESULT: {"script":"<script> [56 bytes]","args":[{"element-6066-11e4-a52e-4f735466cecf":"f.093A703FE9E59CF09BD9C73E01D6E334.d.59E316B297EA93B08C0999C209817127.e.11212","ELEMENT":"f.093A703FE9E59CF09BD9C73E01D6E334.d.59E316B297EA93B08C0999C209817127.e.11212"}]}
COMMAND: GET /session/4a8a75bcbd0d44f703d13edc121f15a8/element/f.093A703FE9E59CF09BD9C73E01D6E334.d.59E316B297EA93B08C0999C209817127.e.11211/attribute/aria-checked - {}
COMMAND: GET /session/4a8a75bcbd0d44f703d13edc121f15a8/screenshot - {}
RESULT: {}
COMMAND: POST /session/4a8a75bcbd0d44f703d13edc121f15a8/element/f.093A703FE9E59CF09BD9C73E01D6E334.d.59E316B297EA93B08C0999C209817127.e.11210/click - {}
RESULT: {}
RESULT: {}
COMMAND: GET /session/4a8a75bcbd0d44f703d13edc121f15a8/screenshot - {}
COMMAND: POST /session/4a8a75bcbd0d44f703d13edc121f15a8/element - {"using":"xpath","value":"//table[contains(@id, \"listView-innerSelectionPanelTable-listUl\")]/tbody/tr[17]/td[2]/div/div"}
RESULT: {}
RESULT: {"using":"xpath","value":"//table[contains(@id, \"listView-innerSelectionPanelTable-listUl\")]/tbody/tr[17]/td[2]/div/div"}
COMMAND: POST /session/4a8a75bcbd0d44f703d13edc121f15a8/element - {"using":"xpath","value":"//table[contains(@id, \"listView-innerSelectionPanelTable-listUl\")]/tbody/tr[17]/td[2]/div"}
RESULT: {"using":"xpath","value":"//table[contains(@id, \"listView-innerSelectionPanelTable-listUl\")]/tbody/tr[17]/td[2]/div"}
COMMAND: POST /session/4a8a75bcbd0d44f703d13edc121f15a8/element - {"using":"xpath","value":"//table[contains(@id, \"listView-innerSelectionPanelTable-listUl\")]/tbody/tr[17]/td[3]/div/div/span/span[1]/bdi"}
RESULT: {"using":"xpath","value":"//table[contains(@id, \"listView-innerSelectionPanelTable-listUl\")]/tbody/tr[17]/td[3]/div/div/span/span[1]/bdi"}
COMMAND: POST /session/4a8a75bcbd0d44f703d13edc121f15a8/execute/sync - {"script":"<script> [56 bytes]","args":[{"element-6066-11e4-a52e-4f735466cecf":"f.093A703FE9E59CF09BD9C73E01D6E334.d.59E316B297EA93B08C0999C209817127.e.11216","ELEMENT":"f.093A703FE9E59CF09BD9C73E01D6E334.d.59E316B297EA93B08C0999C209817127.e.11216"}]}
RESULT: {"script":"<script> [56 bytes]","args":[{"element-6066-11e4-a52e-4f735466cecf":"f.093A703FE9E59CF09BD9C73E01D6E334.d.59E316B297EA93B08C0999C209817127.e.11216","ELEMENT":"f.093A703FE9E59CF09BD9C73E01D6E334.d.59E316B297EA93B08C0999C209817127.e.11216"}]}
COMMAND: GET /session/4a8a75bcbd0d44f703d13edc121f15a8/element/f.093A703FE9E59CF09BD9C73E01D6E334.d.59E316B297EA93B08C0999C209817127.e.11215/attribute/aria-checked - {}
COMMAND: GET /session/4a8a75bcbd0d44f703d13edc121f15a8/screenshot - {}
RESULT: {}
COMMAND: POST /session/4a8a75bcbd0d44f703d13edc121f15a8/element - {"using":"xpath","value":"//table[contains(@id, \"listView-innerSelectionPanelTable-listUl\")]/tbody/tr[18]/td[2]/div/div"}
RESULT: {}
RESULT: {"using":"xpath","value":"//table[contains(@id, \"listView-innerSelectionPanelTable-listUl\")]/tbody/tr[18]/td[2]/div/div"}
COMMAND: POST /session/4a8a75bcbd0d44f703d13edc121f15a8/element - {"using":"xpath","value":"//table[contains(@id, \"listView-innerSelectionPanelTable-listUl\")]/tbody/tr[18]/td[2]/div"}
RESULT: {"using":"xpath","value":"//table[contains(@id, \"listView-innerSelectionPanelTable-listUl\")]/tbody/tr[18]/td[2]/div"}
COMMAND: POST /session/4a8a75bcbd0d44f703d13edc121f15a8/element - {"using":"xpath","value":"//table[contains(@id, \"listView-innerSelectionPanelTable-listUl\")]/tbody/tr[18]/td[3]/div/div/span/span[1]/bdi"}
RESULT: {"using":"xpath","value":"//table[contains(@id, \"listView-innerSelectionPanelTable-listUl\")]/tbody/tr[18]/td[3]/div/div/span/span[1]/bdi"}
COMMAND: POST /session/4a8a75bcbd0d44f703d13edc121f15a8/execute/sync - {"script":"<script> [56 bytes]","args":[{"element-6066-11e4-a52e-4f735466cecf":"f.093A703FE9E59CF09BD9C73E01D6E334.d.59E316B297EA93B08C0999C209817127.e.11219","ELEMENT":"f.093A703FE9E59CF09BD9C73E01D6E334.d.59E316B297EA93B08C0999C209817127.e.11219"}]}
RESULT: {"script":"<script> [56 bytes]","args":[{"element-6066-11e4-a52e-4f735466cecf":"f.093A703FE9E59CF09BD9C73E01D6E334.d.59E316B297EA93B08C0999C209817127.e.11219","ELEMENT":"f.093A703FE9E59CF09BD9C73E01D6E334.d.59E316B297EA93B08C0999C209817127.e.11219"}]}
COMMAND: GET /session/4a8a75bcbd0d44f703d13edc121f15a8/element/f.093A703FE9E59CF09BD9C73E01D6E334.d.59E316B297EA93B08C0999C209817127.e.11218/attribute/aria-checked - {}
COMMAND: GET /session/4a8a75bcbd0d44f703d13edc121f15a8/screenshot - {}
RESULT: {}
COMMAND: POST /session/4a8a75bcbd0d44f703d13edc121f15a8/element - {"using":"xpath","value":"//table[contains(@id, \"listView-innerSelectionPanelTable-listUl\")]/tbody/tr[19]/td[2]/div/div"}
RESULT: {}
RESULT: {"using":"xpath","value":"//table[contains(@id, \"listView-innerSelectionPanelTable-listUl\")]/tbody/tr[19]/td[2]/div/div"}
COMMAND: POST /session/4a8a75bcbd0d44f703d13edc121f15a8/element - {"using":"xpath","value":"//table[contains(@id, \"listView-innerSelectionPanelTable-listUl\")]/tbody/tr[19]/td[2]/div"}
RESULT: {"using":"xpath","value":"//table[contains(@id, \"listView-innerSelectionPanelTable-listUl\")]/tbody/tr[19]/td[2]/div"}
COMMAND: POST /session/4a8a75bcbd0d44f703d13edc121f15a8/element - {"using":"xpath","value":"//table[contains(@id, \"listView-innerSelectionPanelTable-listUl\")]/tbody/tr[19]/td[3]/div/div/span/span[1]/bdi"}
RESULT: {"using":"xpath","value":"//table[contains(@id, \"listView-innerSelectionPanelTable-listUl\")]/tbody/tr[19]/td[3]/div/div/span/span[1]/bdi"}
COMMAND: POST /session/4a8a75bcbd0d44f703d13edc121f15a8/execute/sync - {"script":"<script> [56 bytes]","args":[{"element-6066-11e4-a52e-4f735466cecf":"f.093A703FE9E59CF09BD9C73E01D6E334.d.59E316B297EA93B08C0999C209817127.e.11222","ELEMENT":"f.093A703FE9E59CF09BD9C73E01D6E334.d.59E316B297EA93B08C0999C209817127.e.11222"}]}
RESULT: {"script":"<script> [56 bytes]","args":[{"element-6066-11e4-a52e-4f735466cecf":"f.093A703FE9E59CF09BD9C73E01D6E334.d.59E316B297EA93B08C0999C209817127.e.11222","ELEMENT":"f.093A703FE9E59CF09BD9C73E01D6E334.d.59E316B297EA93B08C0999C209817127.e.11222"}]}
COMMAND: GET /session/4a8a75bcbd0d44f703d13edc121f15a8/element/f.093A703FE9E59CF09BD9C73E01D6E334.d.59E316B297EA93B08C0999C209817127.e.11221/attribute/aria-checked - {}
COMMAND: GET /session/4a8a75bcbd0d44f703d13edc121f15a8/screenshot - {}
RESULT: {}
COMMAND: POST /session/4a8a75bcbd0d44f703d13edc121f15a8/element - {"using":"xpath","value":"//table[contains(@id, \"listView-innerSelectionPanelTable-listUl\")]/tbody/tr[20]/td[2]/div/div"}
RESULT: {}
RESULT: {"using":"xpath","value":"//table[contains(@id, \"listView-innerSelectionPanelTable-listUl\")]/tbody/tr[20]/td[2]/div/div"}
COMMAND: POST /session/4a8a75bcbd0d44f703d13edc121f15a8/element - {"using":"xpath","value":"//table[contains(@id, \"listView-innerSelectionPanelTable-listUl\")]/tbody/tr[20]/td[2]/div"}
RESULT: {"using":"xpath","value":"//table[contains(@id, \"listView-innerSelectionPanelTable-listUl\")]/tbody/tr[20]/td[2]/div"}
COMMAND: POST /session/4a8a75bcbd0d44f703d13edc121f15a8/element - {"using":"xpath","value":"//table[contains(@id, \"listView-innerSelectionPanelTable-listUl\")]/tbody/tr[20]/td[3]/div/div/span/span[1]/bdi"}
RESULT: {"using":"xpath","value":"//table[contains(@id, \"listView-innerSelectionPanelTable-listUl\")]/tbody/tr[20]/td[3]/div/div/span/span[1]/bdi"}
COMMAND: POST /session/4a8a75bcbd0d44f703d13edc121f15a8/execute/sync - {"script":"<script> [56 bytes]","args":[{"element-6066-11e4-a52e-4f735466cecf":"f.093A703FE9E59CF09BD9C73E01D6E334.d.59E316B297EA93B08C0999C209817127.e.11225","ELEMENT":"f.093A703FE9E59CF09BD9C73E01D6E334.d.59E316B297EA93B08C0999C209817127.e.11225"}]}
RESULT: {"script":"<script> [56 bytes]","args":[{"element-6066-11e4-a52e-4f735466cecf":"f.093A703FE9E59CF09BD9C73E01D6E334.d.59E316B297EA93B08C0999C209817127.e.11225","ELEMENT":"f.093A703FE9E59CF09BD9C73E01D6E334.d.59E316B297EA93B08C0999C209817127.e.11225"}]}
COMMAND: GET /session/4a8a75bcbd0d44f703d13edc121f15a8/element/f.093A703FE9E59CF09BD9C73E01D6E334.d.59E316B297EA93B08C0999C209817127.e.11224/attribute/aria-checked - {}
COMMAND: GET /session/4a8a75bcbd0d44f703d13edc121f15a8/screenshot - {}
RESULT: {}
COMMAND: POST /session/4a8a75bcbd0d44f703d13edc121f15a8/element - {"using":"xpath","value":"//table[contains(@id, \"listView-innerSelectionPanelTable-listUl\")]/tbody/tr[21]/td[2]/div/div"}
RESULT: {}
RESULT: {"using":"xpath","value":"//table[contains(@id, \"listView-innerSelectionPanelTable-listUl\")]/tbody/tr[21]/td[2]/div/div"}
COMMAND: POST /session/4a8a75bcbd0d44f703d13edc121f15a8/element - {"using":"xpath","value":"//table[contains(@id, \"listView-innerSelectionPanelTable-listUl\")]/tbody/tr[21]/td[2]/div"}
RESULT: {"using":"xpath","value":"//table[contains(@id, \"listView-innerSelectionPanelTable-listUl\")]/tbody/tr[21]/td[2]/div"}
COMMAND: POST /session/4a8a75bcbd0d44f703d13edc121f15a8/element - {"using":"xpath","value":"//table[contains(@id, \"listView-innerSelectionPanelTable-listUl\")]/tbody/tr[21]/td[3]/div/div/span/span[1]/bdi"}
RESULT: {"using":"xpath","value":"//table[contains(@id, \"listView-innerSelectionPanelTable-listUl\")]/tbody/tr[21]/td[3]/div/div/span/span[1]/bdi"}
COMMAND: POST /session/4a8a75bcbd0d44f703d13edc121f15a8/execute/sync - {"script":"<script> [56 bytes]","args":[{"element-6066-11e4-a52e-4f735466cecf":"f.093A703FE9E59CF09BD9C73E01D6E334.d.59E316B297EA93B08C0999C209817127.e.11228","ELEMENT":"f.093A703FE9E59CF09BD9C73E01D6E334.d.59E316B297EA93B08C0999C209817127.e.11228"}]}
RESULT: {"script":"<script> [56 bytes]","args":[{"element-6066-11e4-a52e-4f735466cecf":"f.093A703FE9E59CF09BD9C73E01D6E334.d.59E316B297EA93B08C0999C209817127.e.11228","ELEMENT":"f.093A703FE9E59CF09BD9C73E01D6E334.d.59E316B297EA93B08C0999C209817127.e.11228"}]}
COMMAND: GET /session/4a8a75bcbd0d44f703d13edc121f15a8/element/f.093A703FE9E59CF09BD9C73E01D6E334.d.59E316B297EA93B08C0999C209817127.e.11227/attribute/aria-checked - {}
COMMAND: GET /session/4a8a75bcbd0d44f703d13edc121f15a8/screenshot - {}
RESULT: {}
COMMAND: POST /session/4a8a75bcbd0d44f703d13edc121f15a8/element - {"using":"xpath","value":"//table[contains(@id, \"listView-innerSelectionPanelTable-listUl\")]/tbody/tr[22]/td[2]/div/div"}
RESULT: {}
RESULT: {"using":"xpath","value":"//table[contains(@id, \"listView-innerSelectionPanelTable-listUl\")]/tbody/tr[22]/td[2]/div/div"}
COMMAND: POST /session/4a8a75bcbd0d44f703d13edc121f15a8/element - {"using":"xpath","value":"//table[contains(@id, \"listView-innerSelectionPanelTable-listUl\")]/tbody/tr[22]/td[2]/div"}
RESULT: {"using":"xpath","value":"//table[contains(@id, \"listView-innerSelectionPanelTable-listUl\")]/tbody/tr[22]/td[2]/div"}
COMMAND: POST /session/4a8a75bcbd0d44f703d13edc121f15a8/element - {"using":"xpath","value":"//table[contains(@id, \"listView-innerSelectionPanelTable-listUl\")]/tbody/tr[22]/td[3]/div/div/span/span[1]/bdi"}
RESULT: {"using":"xpath","value":"//table[contains(@id, \"listView-innerSelectionPanelTable-listUl\")]/tbody/tr[22]/td[3]/div/div/span/span[1]/bdi"}
COMMAND: POST /session/4a8a75bcbd0d44f703d13edc121f15a8/execute/sync - {"script":"<script> [56 bytes]","args":[{"element-6066-11e4-a52e-4f735466cecf":"f.093A703FE9E59CF09BD9C73E01D6E334.d.59E316B297EA93B08C0999C209817127.e.11231","ELEMENT":"f.093A703FE9E59CF09BD9C73E01D6E334.d.59E316B297EA93B08C0999C209817127.e.11231"}]}
RESULT: {"script":"<script> [56 bytes]","args":[{"element-6066-11e4-a52e-4f735466cecf":"f.093A703FE9E59CF09BD9C73E01D6E334.d.59E316B297EA93B08C0999C209817127.e.11231","ELEMENT":"f.093A703FE9E59CF09BD9C73E01D6E334.d.59E316B297EA93B08C0999C209817127.e.11231"}]}
COMMAND: GET /session/4a8a75bcbd0d44f703d13edc121f15a8/element/f.093A703FE9E59CF09BD9C73E01D6E334.d.59E316B297EA93B08C0999C209817127.e.11230/attribute/aria-checked - {}
COMMAND: GET /session/4a8a75bcbd0d44f703d13edc121f15a8/screenshot - {}
RESULT: {}
COMMAND: POST /session/4a8a75bcbd0d44f703d13edc121f15a8/element - {"using":"xpath","value":"//table[contains(@id, \"listView-innerSelectionPanelTable-listUl\")]/tbody/tr[23]/td[2]/div/div"}
RESULT: {}
RESULT: {"using":"xpath","value":"//table[contains(@id, \"listView-innerSelectionPanelTable-listUl\")]/tbody/tr[23]/td[2]/div/div"}
COMMAND: POST /session/4a8a75bcbd0d44f703d13edc121f15a8/element - {"using":"xpath","value":"//table[contains(@id, \"listView-innerSelectionPanelTable-listUl\")]/tbody/tr[23]/td[2]/div"}
RESULT: {"using":"xpath","value":"//table[contains(@id, \"listView-innerSelectionPanelTable-listUl\")]/tbody/tr[23]/td[2]/div"}
COMMAND: POST /session/4a8a75bcbd0d44f703d13edc121f15a8/element - {"using":"xpath","value":"//table[contains(@id, \"listView-innerSelectionPanelTable-listUl\")]/tbody/tr[23]/td[3]/div/div/span/span[1]/bdi"}
RESULT: {"using":"xpath","value":"//table[contains(@id, \"listView-innerSelectionPanelTable-listUl\")]/tbody/tr[23]/td[3]/div/div/span/span[1]/bdi"}
COMMAND: POST /session/4a8a75bcbd0d44f703d13edc121f15a8/execute/sync - {"script":"<script> [56 bytes]","args":[{"element-6066-11e4-a52e-4f735466cecf":"f.093A703FE9E59CF09BD9C73E01D6E334.d.59E316B297EA93B08C0999C209817127.e.11234","ELEMENT":"f.093A703FE9E59CF09BD9C73E01D6E334.d.59E316B297EA93B08C0999C209817127.e.11234"}]}
RESULT: {"script":"<script> [56 bytes]","args":[{"element-6066-11e4-a52e-4f735466cecf":"f.093A703FE9E59CF09BD9C73E01D6E334.d.59E316B297EA93B08C0999C209817127.e.11234","ELEMENT":"f.093A703FE9E59CF09BD9C73E01D6E334.d.59E316B297EA93B08C0999C209817127.e.11234"}]}
COMMAND: GET /session/4a8a75bcbd0d44f703d13edc121f15a8/element/f.093A703FE9E59CF09BD9C73E01D6E334.d.59E316B297EA93B08C0999C209817127.e.11233/attribute/aria-checked - {}
COMMAND: GET /session/4a8a75bcbd0d44f703d13edc121f15a8/screenshot - {}
RESULT: {}
COMMAND: POST /session/4a8a75bcbd0d44f703d13edc121f15a8/element - {"using":"xpath","value":"//table[contains(@id, \"listView-innerSelectionPanelTable-listUl\")]/tbody/tr[24]/td[2]/div/div"}
RESULT: {}
RESULT: {"using":"xpath","value":"//table[contains(@id, \"listView-innerSelectionPanelTable-listUl\")]/tbody/tr[24]/td[2]/div/div"}
COMMAND: POST /session/4a8a75bcbd0d44f703d13edc121f15a8/element - {"using":"xpath","value":"//table[contains(@id, \"listView-innerSelectionPanelTable-listUl\")]/tbody/tr[24]/td[2]/div"}
RESULT: {"using":"xpath","value":"//table[contains(@id, \"listView-innerSelectionPanelTable-listUl\")]/tbody/tr[24]/td[2]/div"}
COMMAND: POST /session/4a8a75bcbd0d44f703d13edc121f15a8/element - {"using":"xpath","value":"//table[contains(@id, \"listView-innerSelectionPanelTable-listUl\")]/tbody/tr[24]/td[3]/div/div/span/span[1]/bdi"}
RESULT: {"using":"xpath","value":"//table[contains(@id, \"listView-innerSelectionPanelTable-listUl\")]/tbody/tr[24]/td[3]/div/div/span/span[1]/bdi"}
COMMAND: POST /session/4a8a75bcbd0d44f703d13edc121f15a8/execute/sync - {"script":"<script> [56 bytes]","args":[{"element-6066-11e4-a52e-4f735466cecf":"f.093A703FE9E59CF09BD9C73E01D6E334.d.59E316B297EA93B08C0999C209817127.e.11237","ELEMENT":"f.093A703FE9E59CF09BD9C73E01D6E334.d.59E316B297EA93B08C0999C209817127.e.11237"}]}
RESULT: {"script":"<script> [56 bytes]","args":[{"element-6066-11e4-a52e-4f735466cecf":"f.093A703FE9E59CF09BD9C73E01D6E334.d.59E316B297EA93B08C0999C209817127.e.11237","ELEMENT":"f.093A703FE9E59CF09BD9C73E01D6E334.d.59E316B297EA93B08C0999C209817127.e.11237"}]}
COMMAND: GET /session/4a8a75bcbd0d44f703d13edc121f15a8/element/f.093A703FE9E59CF09BD9C73E01D6E334.d.59E316B297EA93B08C0999C209817127.e.11236/attribute/aria-checked - {}
COMMAND: GET /session/4a8a75bcbd0d44f703d13edc121f15a8/screenshot - {}
RESULT: {}
COMMAND: POST /session/4a8a75bcbd0d44f703d13edc121f15a8/element - {"using":"xpath","value":"//table[contains(@id, \"listView-innerSelectionPanelTable-listUl\")]/tbody/tr[25]/td[2]/div/div"}
RESULT: {}
RESULT: {"using":"xpath","value":"//table[contains(@id, \"listView-innerSelectionPanelTable-listUl\")]/tbody/tr[25]/td[2]/div/div"}
COMMAND: POST /session/4a8a75bcbd0d44f703d13edc121f15a8/element - {"using":"xpath","value":"//table[contains(@id, \"listView-innerSelectionPanelTable-listUl\")]/tbody/tr[25]/td[2]/div"}
RESULT: {"using":"xpath","value":"//table[contains(@id, \"listView-innerSelectionPanelTable-listUl\")]/tbody/tr[25]/td[2]/div"}
COMMAND: POST /session/4a8a75bcbd0d44f703d13edc121f15a8/element - {"using":"xpath","value":"//table[contains(@id, \"listView-innerSelectionPanelTable-listUl\")]/tbody/tr[25]/td[3]/div/div/span/span[1]/bdi"}
RESULT: {"using":"xpath","value":"//table[contains(@id, \"listView-innerSelectionPanelTable-listUl\")]/tbody/tr[25]/td[3]/div/div/span/span[1]/bdi"}
COMMAND: POST /session/4a8a75bcbd0d44f703d13edc121f15a8/execute/sync - {"script":"<script> [56 bytes]","args":[{"element-6066-11e4-a52e-4f735466cecf":"f.093A703FE9E59CF09BD9C73E01D6E334.d.59E316B297EA93B08C0999C209817127.e.11240","ELEMENT":"f.093A703FE9E59CF09BD9C73E01D6E334.d.59E316B297EA93B08C0999C209817127.e.11240"}]}
RESULT: {"script":"<script> [56 bytes]","args":[{"element-6066-11e4-a52e-4f735466cecf":"f.093A703FE9E59CF09BD9C73E01D6E334.d.59E316B297EA93B08C0999C209817127.e.11240","ELEMENT":"f.093A703FE9E59CF09BD9C73E01D6E334.d.59E316B297EA93B08C0999C209817127.e.11240"}]}
COMMAND: GET /session/4a8a75bcbd0d44f703d13edc121f15a8/element/f.093A703FE9E59CF09BD9C73E01D6E334.d.59E316B297EA93B08C0999C209817127.e.11239/attribute/aria-checked - {}
COMMAND: GET /session/4a8a75bcbd0d44f703d13edc121f15a8/screenshot - {}
RESULT: {}
COMMAND: POST /session/4a8a75bcbd0d44f703d13edc121f15a8/element - {"using":"xpath","value":"//bdi[contains(text(), \"OK\")]"}
RESULT: {}
RESULT: {"using":"xpath","value":"//bdi[contains(text(), \"OK\")]"}
COMMAND: POST /session/4a8a75bcbd0d44f703d13edc121f15a8/element/f.093A703FE9E59CF09BD9C73E01D6E334.d.59E316B297EA93B08C0999C209817127.e.11241/click - {}
RESULT: {}
COMMAND: GET /session/4a8a75bcbd0d44f703d13edc121f15a8/screenshot - {}
RESULT: {}
RESULT: undefined
COMMAND: POST /session/4a8a75bcbd0d44f703d13edc121f15a8/element - {"using":"xpath","value":"//*[@id=\"application-managepartners-display-component---masterPtm--smartFilterBar-filterItemControlA_-LINK_TO_ADDRESSES_MAIN.CITY1-vhi\"]"}
RESULT: {"using":"xpath","value":"//*[@id=\"application-managepartners-display-component---masterPtm--smartFilterBar-filterItemControlA_-LINK_TO_ADDRESSES_MAIN.CITY1-vhi\"]"}
COMMAND: POST /session/4a8a75bcbd0d44f703d13edc121f15a8/element/f.093A703FE9E59CF09BD9C73E01D6E334.d.59E316B297EA93B08C0999C209817127.e.11317/click - {}
RESULT: {}
COMMAND: GET /session/4a8a75bcbd0d44f703d13edc121f15a8/screenshot - {}
RESULT: {}
COMMAND: POST /session/4a8a75bcbd0d44f703d13edc121f15a8/element - {"using":"xpath","value":"//bdi[contains(text(), \"Cancel\")]"}
RESULT: {"using":"xpath","value":"//bdi[contains(text(), \"Cancel\")]"}
COMMAND: POST /session/4a8a75bcbd0d44f703d13edc121f15a8/element/f.093A703FE9E59CF09BD9C73E01D6E334.d.59E316B297EA93B08C0999C209817127.e.11322/click - {}
RESULT: {}
COMMAND: GET /session/4a8a75bcbd0d44f703d13edc121f15a8/screenshot - {}
RESULT: {}
COMMAND: POST /session/4a8a75bcbd0d44f703d13edc121f15a8/execute/async - {"script":"<script> [1562 bytes]","args":[{"selector":{"id":"application-managepartners-display-component---masterPtm--smartFilterBar-filterItemControlA_-LINK_TO_ADDRESSES_MAIN.COUNTRY-vhi"},"wdio_ui5_key":"applicationmanagepartners-display-component---masterPtm--smartFilterBar-filterItemControlA_-LINK_TO_ADDRESSES_MAIN.COUNTRY-vhi"}]}
RESULT: {"script":"<script> [1562 bytes]","args":[{"selector":{"id":"application-managepartners-display-component---masterPtm--smartFilterBar-filterItemControlA_-LINK_TO_ADDRESSES_MAIN.COUNTRY-vhi"},"wdio_ui5_key":"applicationmanagepartners-display-component---masterPtm--smartFilterBar-filterItemControlA_-LINK_TO_ADDRESSES_MAIN.COUNTRY-vhi"}]}
RESULT: undefined
COMMAND: POST /session/4a8a75bcbd0d44f703d13edc121f15a8/element - {"using":"xpath","value":"//*[@id=\"application-managepartners-display-component---masterPtm--smartFilterBar-filterItemControlA_-LINK_TO_ADDRESSES_MAIN.COUNTRY-vhi\"]"}
RESULT: {"using":"xpath","value":"//*[@id=\"application-managepartners-display-component---masterPtm--smartFilterBar-filterItemControlA_-LINK_TO_ADDRESSES_MAIN.COUNTRY-vhi\"]"}
COMMAND: POST /session/4a8a75bcbd0d44f703d13edc121f15a8/element/f.093A703FE9E59CF09BD9C73E01D6E334.d.59E316B297EA93B08C0999C209817127.e.11324/click - {}
RESULT: {}
COMMAND: GET /session/4a8a75bcbd0d44f703d13edc121f15a8/screenshot - {}
RESULT: {}
COMMAND: POST /session/4a8a75bcbd0d44f703d13edc121f15a8/element - {"using":"xpath","value":"//bdi[contains(text(), \"Cancel\")]"}
RESULT: {"using":"xpath","value":"//bdi[contains(text(), \"Cancel\")]"}
COMMAND: POST /session/4a8a75bcbd0d44f703d13edc121f15a8/element/f.093A703FE9E59CF09BD9C73E01D6E334.d.59E316B297EA93B08C0999C209817127.e.11332/click - {}
RESULT: {}
COMMAND: GET /session/4a8a75bcbd0d44f703d13edc121f15a8/screenshot - {}
RESULT: {}
COMMAND: POST /session/4a8a75bcbd0d44f703d13edc121f15a8/execute/async - {"script":"<script> [1562 bytes]","args":[{"selector":{"id":"application-managepartners-display-component---masterPtm--smartFilterBar-filterItemControlA_-COMPANY_CODE-vhi"},"wdio_ui5_key":"applicationmanagepartners-display-component---masterPtm--smartFilterBar-filterItemControlA_-COMPANY_CODE-vhi"}]}
RESULT: {"script":"<script> [1562 bytes]","args":[{"selector":{"id":"application-managepartners-display-component---masterPtm--smartFilterBar-filterItemControlA_-COMPANY_CODE-vhi"},"wdio_ui5_key":"applicationmanagepartners-display-component---masterPtm--smartFilterBar-filterItemControlA_-COMPANY_CODE-vhi"}]}
RESULT: undefined
COMMAND: POST /session/4a8a75bcbd0d44f703d13edc121f15a8/element - {"using":"xpath","value":"//*[@id=\"application-managepartners-display-component---masterPtm--smartFilterBar-filterItemControlA_-COMPANY_CODE-vhi\"]"}
RESULT: {"using":"xpath","value":"//*[@id=\"application-managepartners-display-component---masterPtm--smartFilterBar-filterItemControlA_-COMPANY_CODE-vhi\"]"}
COMMAND: POST /session/4a8a75bcbd0d44f703d13edc121f15a8/element/f.093A703FE9E59CF09BD9C73E01D6E334.d.59E316B297EA93B08C0999C209817127.e.11335/click - {}
RESULT: {}
COMMAND: GET /session/4a8a75bcbd0d44f703d13edc121f15a8/screenshot - {}
RESULT: {}
COMMAND: POST /session/4a8a75bcbd0d44f703d13edc121f15a8/element - {"using":"xpath","value":"//bdi[contains(text(), \"Cancel\")]"}
RESULT: {"using":"xpath","value":"//bdi[contains(text(), \"Cancel\")]"}
COMMAND: POST /session/4a8a75bcbd0d44f703d13edc121f15a8/element/f.093A703FE9E59CF09BD9C73E01D6E334.d.59E316B297EA93B08C0999C209817127.e.11340/click - {}
RESULT: {}
COMMAND: GET /session/4a8a75bcbd0d44f703d13edc121f15a8/screenshot - {}
RESULT: {}
COMMAND: POST /session/4a8a75bcbd0d44f703d13edc121f15a8/execute/async - {"script":"<script> [1562 bytes]","args":[{"selector":{"id":"application-managepartners-display-component---masterPtm--smartTable-btnPersonalisation-img"},"wdio_ui5_key":"applicationmanagepartners-display-component---masterPtm--smartTable-btnPersonalisation-img"}]}
RESULT: {"script":"<script> [1562 bytes]","args":[{"selector":{"id":"application-managepartners-display-component---masterPtm--smartTable-btnPersonalisation-img"},"wdio_ui5_key":"applicationmanagepartners-display-component---masterPtm--smartTable-btnPersonalisation-img"}]}
RESULT: undefined
COMMAND: POST /session/4a8a75bcbd0d44f703d13edc121f15a8/element - {"using":"xpath","value":"//*[@id=\"application-managepartners-display-component---masterPtm--smartTable-btnPersonalisation-img\"]"}
RESULT: {"using":"xpath","value":"//*[@id=\"application-managepartners-display-component---masterPtm--smartTable-btnPersonalisation-img\"]"}
COMMAND: POST /session/4a8a75bcbd0d44f703d13edc121f15a8/element/f.093A703FE9E59CF09BD9C73E01D6E334.d.59E316B297EA93B08C0999C209817127.e.9349/click - {}
RESULT: {}
COMMAND: GET /session/4a8a75bcbd0d44f703d13edc121f15a8/screenshot - {}
RESULT: {}
COMMAND: POST /session/4a8a75bcbd0d44f703d13edc121f15a8/elements - {"using":"xpath","value":"//table[contains(@id, \"innerSelectionPanelTable-listUl\")]/tbody/tr"}
RESULT: {"using":"xpath","value":"//table[contains(@id, \"innerSelectionPanelTable-listUl\")]/tbody/tr"}
COMMAND: POST /session/4a8a75bcbd0d44f703d13edc121f15a8/element - {"using":"xpath","value":"//table[contains(@id, \"innerSelectionPanelTable-listUl\")]/tbody/tr[2]/td[2]/div/div"}
RESULT: {"using":"xpath","value":"//table[contains(@id, \"innerSelectionPanelTable-listUl\")]/tbody/tr[2]/td[2]/div/div"}
COMMAND: POST /session/4a8a75bcbd0d44f703d13edc121f15a8/element - {"using":"xpath","value":"//table[contains(@id, \"innerSelectionPanelTable-listUl\")]/tbody/tr[2]/td[3]/div/div/span/span[1]/bdi"}
RESULT: {"using":"xpath","value":"//table[contains(@id, \"innerSelectionPanelTable-listUl\")]/tbody/tr[2]/td[3]/div/div/span/span[1]/bdi"}
COMMAND: POST /session/4a8a75bcbd0d44f703d13edc121f15a8/execute/sync - {"script":"<script> [56 bytes]","args":[{"element-6066-11e4-a52e-4f735466cecf":"f.093A703FE9E59CF09BD9C73E01D6E334.d.59E316B297EA93B08C0999C209817127.e.11378","ELEMENT":"f.093A703FE9E59CF09BD9C73E01D6E334.d.59E316B297EA93B08C0999C209817127.e.11378"}]}
RESULT: {"script":"<script> [56 bytes]","args":[{"element-6066-11e4-a52e-4f735466cecf":"f.093A703FE9E59CF09BD9C73E01D6E334.d.59E316B297EA93B08C0999C209817127.e.11378","ELEMENT":"f.093A703FE9E59CF09BD9C73E01D6E334.d.59E316B297EA93B08C0999C209817127.e.11378"}]}
COMMAND: POST /session/4a8a75bcbd0d44f703d13edc121f15a8/element - {"using":"xpath","value":"//table[contains(@id, \"innerSelectionPanelTable-listUl\")]/tbody/tr[3]/td[2]/div/div"}
COMMAND: GET /session/4a8a75bcbd0d44f703d13edc121f15a8/screenshot - {}
RESULT: {"using":"xpath","value":"//table[contains(@id, \"innerSelectionPanelTable-listUl\")]/tbody/tr[3]/td[2]/div/div"}
COMMAND: POST /session/4a8a75bcbd0d44f703d13edc121f15a8/element - {"using":"xpath","value":"//table[contains(@id, \"innerSelectionPanelTable-listUl\")]/tbody/tr[3]/td[3]/div/div/span/span[1]/bdi"}
RESULT: {}
RESULT: {"using":"xpath","value":"//table[contains(@id, \"innerSelectionPanelTable-listUl\")]/tbody/tr[3]/td[3]/div/div/span/span[1]/bdi"}
COMMAND: POST /session/4a8a75bcbd0d44f703d13edc121f15a8/execute/sync - {"script":"<script> [56 bytes]","args":[{"element-6066-11e4-a52e-4f735466cecf":"f.093A703FE9E59CF09BD9C73E01D6E334.d.59E316B297EA93B08C0999C209817127.e.11380","ELEMENT":"f.093A703FE9E59CF09BD9C73E01D6E334.d.59E316B297EA93B08C0999C209817127.e.11380"}]}
RESULT: {"script":"<script> [56 bytes]","args":[{"element-6066-11e4-a52e-4f735466cecf":"f.093A703FE9E59CF09BD9C73E01D6E334.d.59E316B297EA93B08C0999C209817127.e.11380","ELEMENT":"f.093A703FE9E59CF09BD9C73E01D6E334.d.59E316B297EA93B08C0999C209817127.e.11380"}]}
COMMAND: POST /session/4a8a75bcbd0d44f703d13edc121f15a8/element - {"using":"xpath","value":"//table[contains(@id, \"innerSelectionPanelTable-listUl\")]/tbody/tr[4]/td[2]/div/div"}
COMMAND: GET /session/4a8a75bcbd0d44f703d13edc121f15a8/screenshot - {}
RESULT: {"using":"xpath","value":"//table[contains(@id, \"innerSelectionPanelTable-listUl\")]/tbody/tr[4]/td[2]/div/div"}
COMMAND: POST /session/4a8a75bcbd0d44f703d13edc121f15a8/element - {"using":"xpath","value":"//table[contains(@id, \"innerSelectionPanelTable-listUl\")]/tbody/tr[4]/td[3]/div/div/span/span[1]/bdi"}
RESULT: {}
RESULT: {"using":"xpath","value":"//table[contains(@id, \"innerSelectionPanelTable-listUl\")]/tbody/tr[4]/td[3]/div/div/span/span[1]/bdi"}
COMMAND: POST /session/4a8a75bcbd0d44f703d13edc121f15a8/execute/sync - {"script":"<script> [56 bytes]","args":[{"element-6066-11e4-a52e-4f735466cecf":"f.093A703FE9E59CF09BD9C73E01D6E334.d.59E316B297EA93B08C0999C209817127.e.11382","ELEMENT":"f.093A703FE9E59CF09BD9C73E01D6E334.d.59E316B297EA93B08C0999C209817127.e.11382"}]}
RESULT: {"script":"<script> [56 bytes]","args":[{"element-6066-11e4-a52e-4f735466cecf":"f.093A703FE9E59CF09BD9C73E01D6E334.d.59E316B297EA93B08C0999C209817127.e.11382","ELEMENT":"f.093A703FE9E59CF09BD9C73E01D6E334.d.59E316B297EA93B08C0999C209817127.e.11382"}]}
COMMAND: POST /session/4a8a75bcbd0d44f703d13edc121f15a8/element - {"using":"xpath","value":"//table[contains(@id, \"innerSelectionPanelTable-listUl\")]/tbody/tr[5]/td[2]/div/div"}
COMMAND: POST /session/4a8a75bcbd0d44f703d13edc121f15a8/element/f.093A703FE9E59CF09BD9C73E01D6E334.d.59E316B297EA93B08C0999C209817127.e.11381/click - {}
COMMAND: GET /session/4a8a75bcbd0d44f703d13edc121f15a8/screenshot - {}
RESULT: {}
COMMAND: GET /session/4a8a75bcbd0d44f703d13edc121f15a8/screenshot - {}
RESULT: {"using":"xpath","value":"//table[contains(@id, \"innerSelectionPanelTable-listUl\")]/tbody/tr[5]/td[2]/div/div"}
COMMAND: POST /session/4a8a75bcbd0d44f703d13edc121f15a8/element - {"using":"xpath","value":"//table[contains(@id, \"innerSelectionPanelTable-listUl\")]/tbody/tr[5]/td[3]/div/div/span/span[1]/bdi"}
RESULT: {}
RESULT: {}
RESULT: {"using":"xpath","value":"//table[contains(@id, \"innerSelectionPanelTable-listUl\")]/tbody/tr[5]/td[3]/div/div/span/span[1]/bdi"}
COMMAND: POST /session/4a8a75bcbd0d44f703d13edc121f15a8/execute/sync - {"script":"<script> [56 bytes]","args":[{"element-6066-11e4-a52e-4f735466cecf":"f.093A703FE9E59CF09BD9C73E01D6E334.d.59E316B297EA93B08C0999C209817127.e.11386","ELEMENT":"f.093A703FE9E59CF09BD9C73E01D6E334.d.59E316B297EA93B08C0999C209817127.e.11386"}]}
RESULT: {"script":"<script> [56 bytes]","args":[{"element-6066-11e4-a52e-4f735466cecf":"f.093A703FE9E59CF09BD9C73E01D6E334.d.59E316B297EA93B08C0999C209817127.e.11386","ELEMENT":"f.093A703FE9E59CF09BD9C73E01D6E334.d.59E316B297EA93B08C0999C209817127.e.11386"}]}
COMMAND: POST /session/4a8a75bcbd0d44f703d13edc121f15a8/element - {"using":"xpath","value":"//table[contains(@id, \"innerSelectionPanelTable-listUl\")]/tbody/tr[6]/td[2]/div/div"}
COMMAND: GET /session/4a8a75bcbd0d44f703d13edc121f15a8/screenshot - {}
RESULT: {"using":"xpath","value":"//table[contains(@id, \"innerSelectionPanelTable-listUl\")]/tbody/tr[6]/td[2]/div/div"}
COMMAND: POST /session/4a8a75bcbd0d44f703d13edc121f15a8/element - {"using":"xpath","value":"//table[contains(@id, \"innerSelectionPanelTable-listUl\")]/tbody/tr[6]/td[3]/div/div/span/span[1]/bdi"}
RESULT: {}
RESULT: {"using":"xpath","value":"//table[contains(@id, \"innerSelectionPanelTable-listUl\")]/tbody/tr[6]/td[3]/div/div/span/span[1]/bdi"}
COMMAND: POST /session/4a8a75bcbd0d44f703d13edc121f15a8/execute/sync - {"script":"<script> [56 bytes]","args":[{"element-6066-11e4-a52e-4f735466cecf":"f.093A703FE9E59CF09BD9C73E01D6E334.d.59E316B297EA93B08C0999C209817127.e.11388","ELEMENT":"f.093A703FE9E59CF09BD9C73E01D6E334.d.59E316B297EA93B08C0999C209817127.e.11388"}]}
RESULT: {"script":"<script> [56 bytes]","args":[{"element-6066-11e4-a52e-4f735466cecf":"f.093A703FE9E59CF09BD9C73E01D6E334.d.59E316B297EA93B08C0999C209817127.e.11388","ELEMENT":"f.093A703FE9E59CF09BD9C73E01D6E334.d.59E316B297EA93B08C0999C209817127.e.11388"}]}
COMMAND: POST /session/4a8a75bcbd0d44f703d13edc121f15a8/element - {"using":"xpath","value":"//table[contains(@id, \"innerSelectionPanelTable-listUl\")]/tbody/tr[7]/td[2]/div/div"}
COMMAND: POST /session/4a8a75bcbd0d44f703d13edc121f15a8/element/f.093A703FE9E59CF09BD9C73E01D6E334.d.59E316B297EA93B08C0999C209817127.e.11387/click - {}
COMMAND: GET /session/4a8a75bcbd0d44f703d13edc121f15a8/screenshot - {}
RESULT: {"using":"xpath","value":"//table[contains(@id, \"innerSelectionPanelTable-listUl\")]/tbody/tr[7]/td[2]/div/div"}
COMMAND: POST /session/4a8a75bcbd0d44f703d13edc121f15a8/element - {"using":"xpath","value":"//table[contains(@id, \"innerSelectionPanelTable-listUl\")]/tbody/tr[7]/td[3]/div/div/span/span[1]/bdi"}
RESULT: {}
COMMAND: GET /session/4a8a75bcbd0d44f703d13edc121f15a8/screenshot - {}
RESULT: {}
RESULT: {"using":"xpath","value":"//table[contains(@id, \"innerSelectionPanelTable-listUl\")]/tbody/tr[7]/td[3]/div/div/span/span[1]/bdi"}
COMMAND: POST /session/4a8a75bcbd0d44f703d13edc121f15a8/execute/sync - {"script":"<script> [56 bytes]","args":[{"element-6066-11e4-a52e-4f735466cecf":"f.093A703FE9E59CF09BD9C73E01D6E334.d.59E316B297EA93B08C0999C209817127.e.11391","ELEMENT":"f.093A703FE9E59CF09BD9C73E01D6E334.d.59E316B297EA93B08C0999C209817127.e.11391"}]}
RESULT: {}
RESULT: {"script":"<script> [56 bytes]","args":[{"element-6066-11e4-a52e-4f735466cecf":"f.093A703FE9E59CF09BD9C73E01D6E334.d.59E316B297EA93B08C0999C209817127.e.11391","ELEMENT":"f.093A703FE9E59CF09BD9C73E01D6E334.d.59E316B297EA93B08C0999C209817127.e.11391"}]}
COMMAND: POST /session/4a8a75bcbd0d44f703d13edc121f15a8/element - {"using":"xpath","value":"//table[contains(@id, \"innerSelectionPanelTable-listUl\")]/tbody/tr[8]/td[2]/div/div"}
COMMAND: GET /session/4a8a75bcbd0d44f703d13edc121f15a8/screenshot - {}
RESULT: {"using":"xpath","value":"//table[contains(@id, \"innerSelectionPanelTable-listUl\")]/tbody/tr[8]/td[2]/div/div"}
COMMAND: POST /session/4a8a75bcbd0d44f703d13edc121f15a8/element - {"using":"xpath","value":"//table[contains(@id, \"innerSelectionPanelTable-listUl\")]/tbody/tr[8]/td[3]/div/div/span/span[1]/bdi"}
RESULT: {}
RESULT: {"using":"xpath","value":"//table[contains(@id, \"innerSelectionPanelTable-listUl\")]/tbody/tr[8]/td[3]/div/div/span/span[1]/bdi"}
COMMAND: POST /session/4a8a75bcbd0d44f703d13edc121f15a8/execute/sync - {"script":"<script> [56 bytes]","args":[{"element-6066-11e4-a52e-4f735466cecf":"f.093A703FE9E59CF09BD9C73E01D6E334.d.59E316B297EA93B08C0999C209817127.e.11393","ELEMENT":"f.093A703FE9E59CF09BD9C73E01D6E334.d.59E316B297EA93B08C0999C209817127.e.11393"}]}
RESULT: {"script":"<script> [56 bytes]","args":[{"element-6066-11e4-a52e-4f735466cecf":"f.093A703FE9E59CF09BD9C73E01D6E334.d.59E316B297EA93B08C0999C209817127.e.11393","ELEMENT":"f.093A703FE9E59CF09BD9C73E01D6E334.d.59E316B297EA93B08C0999C209817127.e.11393"}]}
COMMAND: POST /session/4a8a75bcbd0d44f703d13edc121f15a8/element - {"using":"xpath","value":"//table[contains(@id, \"innerSelectionPanelTable-listUl\")]/tbody/tr[9]/td[2]/div/div"}
COMMAND: GET /session/4a8a75bcbd0d44f703d13edc121f15a8/screenshot - {}
RESULT: {"using":"xpath","value":"//table[contains(@id, \"innerSelectionPanelTable-listUl\")]/tbody/tr[9]/td[2]/div/div"}
COMMAND: POST /session/4a8a75bcbd0d44f703d13edc121f15a8/element - {"using":"xpath","value":"//table[contains(@id, \"innerSelectionPanelTable-listUl\")]/tbody/tr[9]/td[3]/div/div/span/span[1]/bdi"}
RESULT: {}
RESULT: {"using":"xpath","value":"//table[contains(@id, \"innerSelectionPanelTable-listUl\")]/tbody/tr[9]/td[3]/div/div/span/span[1]/bdi"}
COMMAND: POST /session/4a8a75bcbd0d44f703d13edc121f15a8/execute/sync - {"script":"<script> [56 bytes]","args":[{"element-6066-11e4-a52e-4f735466cecf":"f.093A703FE9E59CF09BD9C73E01D6E334.d.59E316B297EA93B08C0999C209817127.e.11395","ELEMENT":"f.093A703FE9E59CF09BD9C73E01D6E334.d.59E316B297EA93B08C0999C209817127.e.11395"}]}
RESULT: {"script":"<script> [56 bytes]","args":[{"element-6066-11e4-a52e-4f735466cecf":"f.093A703FE9E59CF09BD9C73E01D6E334.d.59E316B297EA93B08C0999C209817127.e.11395","ELEMENT":"f.093A703FE9E59CF09BD9C73E01D6E334.d.59E316B297EA93B08C0999C209817127.e.11395"}]}
COMMAND: POST /session/4a8a75bcbd0d44f703d13edc121f15a8/element - {"using":"xpath","value":"//table[contains(@id, \"innerSelectionPanelTable-listUl\")]/tbody/tr[10]/td[2]/div/div"}
COMMAND: GET /session/4a8a75bcbd0d44f703d13edc121f15a8/screenshot - {}
RESULT: {"using":"xpath","value":"//table[contains(@id, \"innerSelectionPanelTable-listUl\")]/tbody/tr[10]/td[2]/div/div"}
COMMAND: POST /session/4a8a75bcbd0d44f703d13edc121f15a8/element - {"using":"xpath","value":"//table[contains(@id, \"innerSelectionPanelTable-listUl\")]/tbody/tr[10]/td[3]/div/div/span/span[1]/bdi"}
RESULT: {}
RESULT: {"using":"xpath","value":"//table[contains(@id, \"innerSelectionPanelTable-listUl\")]/tbody/tr[10]/td[3]/div/div/span/span[1]/bdi"}
COMMAND: POST /session/4a8a75bcbd0d44f703d13edc121f15a8/execute/sync - {"script":"<script> [56 bytes]","args":[{"element-6066-11e4-a52e-4f735466cecf":"f.093A703FE9E59CF09BD9C73E01D6E334.d.59E316B297EA93B08C0999C209817127.e.11397","ELEMENT":"f.093A703FE9E59CF09BD9C73E01D6E334.d.59E316B297EA93B08C0999C209817127.e.11397"}]}
RESULT: {"script":"<script> [56 bytes]","args":[{"element-6066-11e4-a52e-4f735466cecf":"f.093A703FE9E59CF09BD9C73E01D6E334.d.59E316B297EA93B08C0999C209817127.e.11397","ELEMENT":"f.093A703FE9E59CF09BD9C73E01D6E334.d.59E316B297EA93B08C0999C209817127.e.11397"}]}
COMMAND: POST /session/4a8a75bcbd0d44f703d13edc121f15a8/element - {"using":"xpath","value":"//table[contains(@id, \"innerSelectionPanelTable-listUl\")]/tbody/tr[11]/td[2]/div/div"}
COMMAND: GET /session/4a8a75bcbd0d44f703d13edc121f15a8/screenshot - {}
RESULT: {"using":"xpath","value":"//table[contains(@id, \"innerSelectionPanelTable-listUl\")]/tbody/tr[11]/td[2]/div/div"}
COMMAND: POST /session/4a8a75bcbd0d44f703d13edc121f15a8/element - {"using":"xpath","value":"//table[contains(@id, \"innerSelectionPanelTable-listUl\")]/tbody/tr[11]/td[3]/div/div/span/span[1]/bdi"}
RESULT: {}
RESULT: {"using":"xpath","value":"//table[contains(@id, \"innerSelectionPanelTable-listUl\")]/tbody/tr[11]/td[3]/div/div/span/span[1]/bdi"}
COMMAND: POST /session/4a8a75bcbd0d44f703d13edc121f15a8/execute/sync - {"script":"<script> [56 bytes]","args":[{"element-6066-11e4-a52e-4f735466cecf":"f.093A703FE9E59CF09BD9C73E01D6E334.d.59E316B297EA93B08C0999C209817127.e.11399","ELEMENT":"f.093A703FE9E59CF09BD9C73E01D6E334.d.59E316B297EA93B08C0999C209817127.e.11399"}]}
RESULT: {"script":"<script> [56 bytes]","args":[{"element-6066-11e4-a52e-4f735466cecf":"f.093A703FE9E59CF09BD9C73E01D6E334.d.59E316B297EA93B08C0999C209817127.e.11399","ELEMENT":"f.093A703FE9E59CF09BD9C73E01D6E334.d.59E316B297EA93B08C0999C209817127.e.11399"}]}
COMMAND: POST /session/4a8a75bcbd0d44f703d13edc121f15a8/element - {"using":"xpath","value":"//table[contains(@id, \"innerSelectionPanelTable-listUl\")]/tbody/tr[12]/td[2]/div/div"}
COMMAND: GET /session/4a8a75bcbd0d44f703d13edc121f15a8/screenshot - {}
RESULT: {"using":"xpath","value":"//table[contains(@id, \"innerSelectionPanelTable-listUl\")]/tbody/tr[12]/td[2]/div/div"}
COMMAND: POST /session/4a8a75bcbd0d44f703d13edc121f15a8/element - {"using":"xpath","value":"//table[contains(@id, \"innerSelectionPanelTable-listUl\")]/tbody/tr[12]/td[3]/div/div/span/span[1]/bdi"}
RESULT: {}
RESULT: {"using":"xpath","value":"//table[contains(@id, \"innerSelectionPanelTable-listUl\")]/tbody/tr[12]/td[3]/div/div/span/span[1]/bdi"}
COMMAND: POST /session/4a8a75bcbd0d44f703d13edc121f15a8/execute/sync - {"script":"<script> [56 bytes]","args":[{"element-6066-11e4-a52e-4f735466cecf":"f.093A703FE9E59CF09BD9C73E01D6E334.d.59E316B297EA93B08C0999C209817127.e.11401","ELEMENT":"f.093A703FE9E59CF09BD9C73E01D6E334.d.59E316B297EA93B08C0999C209817127.e.11401"}]}
RESULT: {"script":"<script> [56 bytes]","args":[{"element-6066-11e4-a52e-4f735466cecf":"f.093A703FE9E59CF09BD9C73E01D6E334.d.59E316B297EA93B08C0999C209817127.e.11401","ELEMENT":"f.093A703FE9E59CF09BD9C73E01D6E334.d.59E316B297EA93B08C0999C209817127.e.11401"}]}
COMMAND: POST /session/4a8a75bcbd0d44f703d13edc121f15a8/element - {"using":"xpath","value":"//table[contains(@id, \"innerSelectionPanelTable-listUl\")]/tbody/tr[13]/td[2]/div/div"}
COMMAND: POST /session/4a8a75bcbd0d44f703d13edc121f15a8/element/f.093A703FE9E59CF09BD9C73E01D6E334.d.59E316B297EA93B08C0999C209817127.e.11400/click - {}
COMMAND: GET /session/4a8a75bcbd0d44f703d13edc121f15a8/screenshot - {}
RESULT: {}
COMMAND: GET /session/4a8a75bcbd0d44f703d13edc121f15a8/screenshot - {}
RESULT: {"using":"xpath","value":"//table[contains(@id, \"innerSelectionPanelTable-listUl\")]/tbody/tr[13]/td[2]/div/div"}
COMMAND: POST /session/4a8a75bcbd0d44f703d13edc121f15a8/element - {"using":"xpath","value":"//table[contains(@id, \"innerSelectionPanelTable-listUl\")]/tbody/tr[13]/td[3]/div/div/span/span[1]/bdi"}
RESULT: {}
RESULT: {}
RESULT: {"using":"xpath","value":"//table[contains(@id, \"innerSelectionPanelTable-listUl\")]/tbody/tr[13]/td[3]/div/div/span/span[1]/bdi"}
COMMAND: POST /session/4a8a75bcbd0d44f703d13edc121f15a8/execute/sync - {"script":"<script> [56 bytes]","args":[{"element-6066-11e4-a52e-4f735466cecf":"f.093A703FE9E59CF09BD9C73E01D6E334.d.59E316B297EA93B08C0999C209817127.e.11404","ELEMENT":"f.093A703FE9E59CF09BD9C73E01D6E334.d.59E316B297EA93B08C0999C209817127.e.11404"}]}
RESULT: {"script":"<script> [56 bytes]","args":[{"element-6066-11e4-a52e-4f735466cecf":"f.093A703FE9E59CF09BD9C73E01D6E334.d.59E316B297EA93B08C0999C209817127.e.11404","ELEMENT":"f.093A703FE9E59CF09BD9C73E01D6E334.d.59E316B297EA93B08C0999C209817127.e.11404"}]}
COMMAND: POST /session/4a8a75bcbd0d44f703d13edc121f15a8/element - {"using":"xpath","value":"//table[contains(@id, \"innerSelectionPanelTable-listUl\")]/tbody/tr[14]/td[2]/div/div"}
COMMAND: GET /session/4a8a75bcbd0d44f703d13edc121f15a8/screenshot - {}
RESULT: {"using":"xpath","value":"//table[contains(@id, \"innerSelectionPanelTable-listUl\")]/tbody/tr[14]/td[2]/div/div"}
COMMAND: POST /session/4a8a75bcbd0d44f703d13edc121f15a8/element - {"using":"xpath","value":"//table[contains(@id, \"innerSelectionPanelTable-listUl\")]/tbody/tr[14]/td[3]/div/div/span/span[1]/bdi"}
RESULT: {}
RESULT: {"using":"xpath","value":"//table[contains(@id, \"innerSelectionPanelTable-listUl\")]/tbody/tr[14]/td[3]/div/div/span/span[1]/bdi"}
COMMAND: POST /session/4a8a75bcbd0d44f703d13edc121f15a8/execute/sync - {"script":"<script> [56 bytes]","args":[{"element-6066-11e4-a52e-4f735466cecf":"f.093A703FE9E59CF09BD9C73E01D6E334.d.59E316B297EA93B08C0999C209817127.e.11406","ELEMENT":"f.093A703FE9E59CF09BD9C73E01D6E334.d.59E316B297EA93B08C0999C209817127.e.11406"}]}
RESULT: {"script":"<script> [56 bytes]","args":[{"element-6066-11e4-a52e-4f735466cecf":"f.093A703FE9E59CF09BD9C73E01D6E334.d.59E316B297EA93B08C0999C209817127.e.11406","ELEMENT":"f.093A703FE9E59CF09BD9C73E01D6E334.d.59E316B297EA93B08C0999C209817127.e.11406"}]}
COMMAND: POST /session/4a8a75bcbd0d44f703d13edc121f15a8/element - {"using":"xpath","value":"//bdi[contains(text(), \"OK\")]"}
COMMAND: GET /session/4a8a75bcbd0d44f703d13edc121f15a8/screenshot - {}
RESULT: {"using":"xpath","value":"//bdi[contains(text(), \"OK\")]"}
COMMAND: POST /session/4a8a75bcbd0d44f703d13edc121f15a8/element/f.093A703FE9E59CF09BD9C73E01D6E334.d.59E316B297EA93B08C0999C209817127.e.11407/click - {}
RESULT: {}
RESULT: {}
COMMAND: GET /session/4a8a75bcbd0d44f703d13edc121f15a8/screenshot - {}
RESULT: {}
COMMAND: POST /session/4a8a75bcbd0d44f703d13edc121f15a8/element - {"using":"xpath","value":"//table[contains(@id, \"customPartnersTable-listUl\")]/thead/tr[1]/th[contains(., \"Catalog\")]"}
RESULT: {"using":"xpath","value":"//table[contains(@id, \"customPartnersTable-listUl\")]/thead/tr[1]/th[contains(., \"Catalog\")]"}
COMMAND: POST /session/4a8a75bcbd0d44f703d13edc121f15a8/elements - {"using":"xpath","value":"//table[contains(@id, \"customPartnersTable-listUl\")]/thead/tr[1]/th[contains(., \"Catalog\")]"}
RESULT: {"using":"xpath","value":"//table[contains(@id, \"customPartnersTable-listUl\")]/thead/tr[1]/th[contains(., \"Catalog\")]"}
COMMAND: POST /session/4a8a75bcbd0d44f703d13edc121f15a8/element - {"using":"xpath","value":"//table[contains(@id, \"customPartnersTable-listUl\")]/thead/tr[1]/th[contains(., \"Currency\")]"}
RESULT: {"using":"xpath","value":"//table[contains(@id, \"customPartnersTable-listUl\")]/thead/tr[1]/th[contains(., \"Currency\")]"}
COMMAND: POST /session/4a8a75bcbd0d44f703d13edc121f15a8/elements - {"using":"xpath","value":"//table[contains(@id, \"customPartnersTable-listUl\")]/thead/tr[1]/th[contains(., \"Currency\")]"}
RESULT: {"using":"xpath","value":"//table[contains(@id, \"customPartnersTable-listUl\")]/thead/tr[1]/th[contains(., \"Currency\")]"}
COMMAND: POST /session/4a8a75bcbd0d44f703d13edc121f15a8/element - {"using":"xpath","value":"//table[contains(@id, \"customPartnersTable-listUl\")]/thead/tr[1]/th[contains(., \"Partner Type\")]"}
RESULT: {"using":"xpath","value":"//table[contains(@id, \"customPartnersTable-listUl\")]/thead/tr[1]/th[contains(., \"Partner Type\")]"}
COMMAND: POST /session/4a8a75bcbd0d44f703d13edc121f15a8/elements - {"using":"xpath","value":"//table[contains(@id, \"customPartnersTable-listUl\")]/thead/tr[1]/th[contains(., \"Partner Type\")]"}
RESULT: {"using":"xpath","value":"//table[contains(@id, \"customPartnersTable-listUl\")]/thead/tr[1]/th[contains(., \"Partner Type\")]"}
COMMAND: POST /session/4a8a75bcbd0d44f703d13edc121f15a8/execute/async - {"script":"<script> [1562 bytes]","args":[{"selector":{"id":"application-managepartners-display-component---masterPtm--smartTable-btnExcelExport-internalSplitBtn-textButton-img"},"wdio_ui5_key":"applicationmanagepartners-display-component---masterPtm--smartTable-btnExcelExport-internalSplitBtn-textButton-img"}]}
RESULT: {"script":"<script> [1562 bytes]","args":[{"selector":{"id":"application-managepartners-display-component---masterPtm--smartTable-btnExcelExport-internalSplitBtn-textButton-img"},"wdio_ui5_key":"applicationmanagepartners-display-component---masterPtm--smartTable-btnExcelExport-internalSplitBtn-textButton-img"}]}
RESULT: undefined
COMMAND: POST /session/4a8a75bcbd0d44f703d13edc121f15a8/element - {"using":"xpath","value":"//*[@id=\"application-managepartners-display-component---masterPtm--smartTable-btnExcelExport-internalSplitBtn-textButton-img\"]"}
RESULT: {"using":"xpath","value":"//*[@id=\"application-managepartners-display-component---masterPtm--smartTable-btnExcelExport-internalSplitBtn-textButton-img\"]"}
COMMAND: POST /session/4a8a75bcbd0d44f703d13edc121f15a8/element/f.093A703FE9E59CF09BD9C73E01D6E334.d.59E316B297EA93B08C0999C209817127.e.9354/click - {}
RESULT: {}
COMMAND: POST /session/4a8a75bcbd0d44f703d13edc121f15a8/element - {"using":"css selector","value":"div.sapMDialog, div.sapMBusyDialog"}
COMMAND: GET /session/4a8a75bcbd0d44f703d13edc121f15a8/screenshot - {}
RESULT: {"using":"css selector","value":"div.sapMDialog, div.sapMBusyDialog"}
COMMAND: POST /session/4a8a75bcbd0d44f703d13edc121f15a8/execute/sync - {"script":"<script> [8489 bytes]","args":[{"element-6066-11e4-a52e-4f735466cecf":"f.093A703FE9E59CF09BD9C73E01D6E334.d.59E316B297EA93B08C0999C209817127.e.11584","ELEMENT":"f.093A703FE9E59CF09BD9C73E01D6E334.d.59E316B297EA93B08C0999C209817127.e.11584"}]}
RESULT: {}
RESULT: {"script":"<script> [8489 bytes]","args":[{"element-6066-11e4-a52e-4f735466cecf":"f.093A703FE9E59CF09BD9C73E01D6E334.d.59E316B297EA93B08C0999C209817127.e.11584","ELEMENT":"f.093A703FE9E59CF09BD9C73E01D6E334.d.59E316B297EA93B08C0999C209817127.e.11584"}]}
COMMAND: POST /session/4a8a75bcbd0d44f703d13edc121f15a8/execute/sync - {"script":"<script> [8489 bytes]","args":[{"element-6066-11e4-a52e-4f735466cecf":"f.093A703FE9E59CF09BD9C73E01D6E334.d.59E316B297EA93B08C0999C209817127.e.11584","ELEMENT":"f.093A703FE9E59CF09BD9C73E01D6E334.d.59E316B297EA93B08C0999C209817127.e.11584"}]}
COMMAND: GET /session/4a8a75bcbd0d44f703d13edc121f15a8/screenshot - {}
RESULT: {"script":"<script> [8489 bytes]","args":[{"element-6066-11e4-a52e-4f735466cecf":"f.093A703FE9E59CF09BD9C73E01D6E334.d.59E316B297EA93B08C0999C209817127.e.11584","ELEMENT":"f.093A703FE9E59CF09BD9C73E01D6E334.d.59E316B297EA93B08C0999C209817127.e.11584"}]}
COMMAND: GET /session/4a8a75bcbd0d44f703d13edc121f15a8/screenshot - {}
RESULT: {}
COMMAND: POST /session/4a8a75bcbd0d44f703d13edc121f15a8/execute/sync - {"script":"<script> [8489 bytes]","args":[{"element-6066-11e4-a52e-4f735466cecf":"f.093A703FE9E59CF09BD9C73E01D6E334.d.59E316B297EA93B08C0999C209817127.e.11584","ELEMENT":"f.093A703FE9E59CF09BD9C73E01D6E334.d.59E316B297EA93B08C0999C209817127.e.11584"}]}
RESULT: {}
RESULT: {"script":"<script> [8489 bytes]","args":[{"element-6066-11e4-a52e-4f735466cecf":"f.093A703FE9E59CF09BD9C73E01D6E334.d.59E316B297EA93B08C0999C209817127.e.11584","ELEMENT":"f.093A703FE9E59CF09BD9C73E01D6E334.d.59E316B297EA93B08C0999C209817127.e.11584"}]}
COMMAND: GET /session/4a8a75bcbd0d44f703d13edc121f15a8/screenshot - {}
COMMAND: POST /session/4a8a75bcbd0d44f703d13edc121f15a8/execute/sync - {"script":"<script> [8489 bytes]","args":[{"element-6066-11e4-a52e-4f735466cecf":"f.093A703FE9E59CF09BD9C73E01D6E334.d.59E316B297EA93B08C0999C209817127.e.11584","ELEMENT":"f.093A703FE9E59CF09BD9C73E01D6E334.d.59E316B297EA93B08C0999C209817127.e.11584"}]}
RESULT: {}
COMMAND: POST /session/4a8a75bcbd0d44f703d13edc121f15a8/element - {"using":"css selector","value":"div.sapMDialog, div.sapMBusyDialog"}
RESULT: {"using":"css selector","value":"div.sapMDialog, div.sapMBusyDialog"}
COMMAND: POST /session/4a8a75bcbd0d44f703d13edc121f15a8/element - {"using":"css selector","value":"div.sapMDialog, div.sapMBusyDialog"}
RESULT: {"using":"css selector","value":"div.sapMDialog, div.sapMBusyDialog"}
COMMAND: POST /session/4a8a75bcbd0d44f703d13edc121f15a8/execute/async - {"script":"<script> [1562 bytes]","args":[{"selector":{"id":"application-managepartners-display-component---masterPtm--smartTable-btnExcelExport-internalSplitBtn-arrowButton-img"},"wdio_ui5_key":"applicationmanagepartners-display-component---masterPtm--smartTable-btnExcelExport-internalSplitBtn-arrowButton-img"}]}
RESULT: {"script":"<script> [1562 bytes]","args":[{"selector":{"id":"application-managepartners-display-component---masterPtm--smartTable-btnExcelExport-internalSplitBtn-arrowButton-img"},"wdio_ui5_key":"applicationmanagepartners-display-component---masterPtm--smartTable-btnExcelExport-internalSplitBtn-arrowButton-img"}]}
RESULT: undefined
COMMAND: POST /session/4a8a75bcbd0d44f703d13edc121f15a8/element - {"using":"xpath","value":"//*[@id=\"application-managepartners-display-component---masterPtm--smartTable-btnExcelExport-internalSplitBtn-arrowButton-img\"]"}
RESULT: {"using":"xpath","value":"//*[@id=\"application-managepartners-display-component---masterPtm--smartTable-btnExcelExport-internalSplitBtn-arrowButton-img\"]"}
COMMAND: POST /session/4a8a75bcbd0d44f703d13edc121f15a8/element/f.093A703FE9E59CF09BD9C73E01D6E334.d.59E316B297EA93B08C0999C209817127.e.9357/click - {}
RESULT: {}
COMMAND: GET /session/4a8a75bcbd0d44f703d13edc121f15a8/screenshot - {}
RESULT: {}
COMMAND: POST /session/4a8a75bcbd0d44f703d13edc121f15a8/actions - {"actions":[{"id":"action33","type":"key","parameters":{},"actions":[{"type":"keyDown","value":""},{"type":"pause","duration":10},{"type":"keyUp","value":""}]}]}
RESULT: {"actions":[{"id":"action33","type":"key","parameters":{},"actions":[{"type":"keyDown","value":""},{"type":"pause","duration":10},{"type":"keyUp","value":""}]}]}
COMMAND: POST /session/4a8a75bcbd0d44f703d13edc121f15a8/actions - {"actions":[{"id":"action34","type":"key","parameters":{},"actions":[{"type":"keyDown","value":""},{"type":"pause","duration":10},{"type":"keyUp","value":""}]}]}
COMMAND: GET /session/4a8a75bcbd0d44f703d13edc121f15a8/screenshot - {}
RESULT: {"actions":[{"id":"action34","type":"key","parameters":{},"actions":[{"type":"keyDown","value":""},{"type":"pause","duration":10},{"type":"keyUp","value":""}]}]}
COMMAND: GET /session/4a8a75bcbd0d44f703d13edc121f15a8/screenshot - {}
RESULT: {}
RESULT: {}
COMMAND: POST /session/4a8a75bcbd0d44f703d13edc121f15a8/element - {"using":"xpath","value":"//div[@id=\"exportSettingsDialog\"]"}
RESULT: {"using":"xpath","value":"//div[@id=\"exportSettingsDialog\"]"}
COMMAND: POST /session/4a8a75bcbd0d44f703d13edc121f15a8/execute/sync - {"script":"<script> [8489 bytes]","args":[{"element-6066-11e4-a52e-4f735466cecf":"f.093A703FE9E59CF09BD9C73E01D6E334.d.59E316B297EA93B08C0999C209817127.e.11591","ELEMENT":"f.093A703FE9E59CF09BD9C73E01D6E334.d.59E316B297EA93B08C0999C209817127.e.11591"}]}
RESULT: {"script":"<script> [8489 bytes]","args":[{"element-6066-11e4-a52e-4f735466cecf":"f.093A703FE9E59CF09BD9C73E01D6E334.d.59E316B297EA93B08C0999C209817127.e.11591","ELEMENT":"f.093A703FE9E59CF09BD9C73E01D6E334.d.59E316B297EA93B08C0999C209817127.e.11591"}]}
COMMAND: GET /session/4a8a75bcbd0d44f703d13edc121f15a8/screenshot - {}
RESULT: {}
COMMAND: POST /session/4a8a75bcbd0d44f703d13edc121f15a8/element - {"using":"xpath","value":"//button[contains(@id,\"exportSettingsDialog-exportButton\")]"}
RESULT: {"using":"xpath","value":"//button[contains(@id,\"exportSettingsDialog-exportButton\")]"}
COMMAND: POST /session/4a8a75bcbd0d44f703d13edc121f15a8/element/f.093A703FE9E59CF09BD9C73E01D6E334.d.59E316B297EA93B08C0999C209817127.e.11592/click - {}
RESULT: {}
COMMAND: GET /session/4a8a75bcbd0d44f703d13edc121f15a8/screenshot - {}
RESULT: {}
COMMAND: POST /session/4a8a75bcbd0d44f703d13edc121f15a8/element - {"using":"css selector","value":"div.sapMDialog, div.sapMBusyDialog"}
RESULT: {"using":"css selector","value":"div.sapMDialog, div.sapMBusyDialog"}
COMMAND: POST /session/4a8a75bcbd0d44f703d13edc121f15a8/execute/sync - {"script":"<script> [8489 bytes]","args":[{"element-6066-11e4-a52e-4f735466cecf":"f.093A703FE9E59CF09BD9C73E01D6E334.d.59E316B297EA93B08C0999C209817127.e.11595","ELEMENT":"f.093A703FE9E59CF09BD9C73E01D6E334.d.59E316B297EA93B08C0999C209817127.e.11595"}]}
RESULT: {"script":"<script> [8489 bytes]","args":[{"element-6066-11e4-a52e-4f735466cecf":"f.093A703FE9E59CF09BD9C73E01D6E334.d.59E316B297EA93B08C0999C209817127.e.11595","ELEMENT":"f.093A703FE9E59CF09BD9C73E01D6E334.d.59E316B297EA93B08C0999C209817127.e.11595"}]}
COMMAND: POST /session/4a8a75bcbd0d44f703d13edc121f15a8/execute/sync - {"script":"<script> [8489 bytes]","args":[{"element-6066-11e4-a52e-4f735466cecf":"f.093A703FE9E59CF09BD9C73E01D6E334.d.59E316B297EA93B08C0999C209817127.e.11595","ELEMENT":"f.093A703FE9E59CF09BD9C73E01D6E334.d.59E316B297EA93B08C0999C209817127.e.11595"}]}
COMMAND: GET /session/4a8a75bcbd0d44f703d13edc121f15a8/screenshot - {}
RESULT: {"script":"<script> [8489 bytes]","args":[{"element-6066-11e4-a52e-4f735466cecf":"f.093A703FE9E59CF09BD9C73E01D6E334.d.59E316B297EA93B08C0999C209817127.e.11595","ELEMENT":"f.093A703FE9E59CF09BD9C73E01D6E334.d.59E316B297EA93B08C0999C209817127.e.11595"}]}
COMMAND: GET /session/4a8a75bcbd0d44f703d13edc121f15a8/screenshot - {}
RESULT: {}
COMMAND: POST /session/4a8a75bcbd0d44f703d13edc121f15a8/execute/sync - {"script":"<script> [8489 bytes]","args":[{"element-6066-11e4-a52e-4f735466cecf":"f.093A703FE9E59CF09BD9C73E01D6E334.d.59E316B297EA93B08C0999C209817127.e.11595","ELEMENT":"f.093A703FE9E59CF09BD9C73E01D6E334.d.59E316B297EA93B08C0999C209817127.e.11595"}]}
RESULT: {}
RESULT: {"script":"<script> [8489 bytes]","args":[{"element-6066-11e4-a52e-4f735466cecf":"f.093A703FE9E59CF09BD9C73E01D6E334.d.59E316B297EA93B08C0999C209817127.e.11595","ELEMENT":"f.093A703FE9E59CF09BD9C73E01D6E334.d.59E316B297EA93B08C0999C209817127.e.11595"}]}
COMMAND: GET /session/4a8a75bcbd0d44f703d13edc121f15a8/screenshot - {}
COMMAND: POST /session/4a8a75bcbd0d44f703d13edc121f15a8/execute/sync - {"script":"<script> [8489 bytes]","args":[{"element-6066-11e4-a52e-4f735466cecf":"f.093A703FE9E59CF09BD9C73E01D6E334.d.59E316B297EA93B08C0999C209817127.e.11595","ELEMENT":"f.093A703FE9E59CF09BD9C73E01D6E334.d.59E316B297EA93B08C0999C209817127.e.11595"}]}
RESULT: {}
RESULT: {"script":"<script> [8489 bytes]","args":[{"element-6066-11e4-a52e-4f735466cecf":"f.093A703FE9E59CF09BD9C73E01D6E334.d.59E316B297EA93B08C0999C209817127.e.11595","ELEMENT":"f.093A703FE9E59CF09BD9C73E01D6E334.d.59E316B297EA93B08C0999C209817127.e.11595"}]}
COMMAND: GET /session/4a8a75bcbd0d44f703d13edc121f15a8/screenshot - {}
COMMAND: POST /session/4a8a75bcbd0d44f703d13edc121f15a8/execute/sync - {"script":"<script> [8489 bytes]","args":[{"element-6066-11e4-a52e-4f735466cecf":"f.093A703FE9E59CF09BD9C73E01D6E334.d.59E316B297EA93B08C0999C209817127.e.11595","ELEMENT":"f.093A703FE9E59CF09BD9C73E01D6E334.d.59E316B297EA93B08C0999C209817127.e.11595"}]}
RESULT: {}
COMMAND: POST /session/4a8a75bcbd0d44f703d13edc121f15a8/element - {"using":"css selector","value":"div.sapMDialog, div.sapMBusyDialog"}
RESULT: {"using":"css selector","value":"div.sapMDialog, div.sapMBusyDialog"}
COMMAND: POST /session/4a8a75bcbd0d44f703d13edc121f15a8/element - {"using":"css selector","value":"div.sapMDialog, div.sapMBusyDialog"}
RESULT: {"using":"css selector","value":"div.sapMDialog, div.sapMBusyDialog"}
COMMAND: POST /session/4a8a75bcbd0d44f703d13edc121f15a8/execute/async - {"script":"<script> [1562 bytes]","args":[{"selector":{"id":"application-managepartners-display-component---masterPtm--smartTable-btnFullScreen-img"},"wdio_ui5_key":"applicationmanagepartners-display-component---masterPtm--smartTable-btnFullScreen-img"}]}
RESULT: {"script":"<script> [1562 bytes]","args":[{"selector":{"id":"application-managepartners-display-component---masterPtm--smartTable-btnFullScreen-img"},"wdio_ui5_key":"applicationmanagepartners-display-component---masterPtm--smartTable-btnFullScreen-img"}]}
RESULT: undefined
COMMAND: POST /session/4a8a75bcbd0d44f703d13edc121f15a8/element - {"using":"xpath","value":"//*[@id=\"application-managepartners-display-component---masterPtm--smartTable-btnFullScreen-img\"]"}
RESULT: {"using":"xpath","value":"//*[@id=\"application-managepartners-display-component---masterPtm--smartTable-btnFullScreen-img\"]"}
COMMAND: POST /session/4a8a75bcbd0d44f703d13edc121f15a8/element/f.093A703FE9E59CF09BD9C73E01D6E334.d.59E316B297EA93B08C0999C209817127.e.9360/click - {}
RESULT: {}
COMMAND: GET /session/4a8a75bcbd0d44f703d13edc121f15a8/screenshot - {}
RESULT: {}
COMMAND: POST /session/4a8a75bcbd0d44f703d13edc121f15a8/element - {"using":"xpath","value":"//div[contains(@role,\"dialog\") and contains(@id, \"dialog\")]"}
RESULT: {"using":"xpath","value":"//div[contains(@role,\"dialog\") and contains(@id, \"dialog\")]"}
COMMAND: POST /session/4a8a75bcbd0d44f703d13edc121f15a8/execute/sync - {"script":"<script> [8489 bytes]","args":[{"element-6066-11e4-a52e-4f735466cecf":"f.093A703FE9E59CF09BD9C73E01D6E334.d.59E316B297EA93B08C0999C209817127.e.11597","ELEMENT":"f.093A703FE9E59CF09BD9C73E01D6E334.d.59E316B297EA93B08C0999C209817127.e.11597"}]}
RESULT: {"script":"<script> [8489 bytes]","args":[{"element-6066-11e4-a52e-4f735466cecf":"f.093A703FE9E59CF09BD9C73E01D6E334.d.59E316B297EA93B08C0999C209817127.e.11597","ELEMENT":"f.093A703FE9E59CF09BD9C73E01D6E334.d.59E316B297EA93B08C0999C209817127.e.11597"}]}
COMMAND: GET /session/4a8a75bcbd0d44f703d13edc121f15a8/screenshot - {}
RESULT: {}
RESULT: undefined
COMMAND: POST /session/4a8a75bcbd0d44f703d13edc121f15a8/element - {"using":"xpath","value":"//*[@id=\"application-managepartners-display-component---masterPtm--smartTable-btnFullScreen-img\"]"}
RESULT: {"using":"xpath","value":"//*[@id=\"application-managepartners-display-component---masterPtm--smartTable-btnFullScreen-img\"]"}
COMMAND: POST /session/4a8a75bcbd0d44f703d13edc121f15a8/element/f.093A703FE9E59CF09BD9C73E01D6E334.d.59E316B297EA93B08C0999C209817127.e.9360/click - {}
RESULT: {}
COMMAND: GET /session/4a8a75bcbd0d44f703d13edc121f15a8/screenshot - {}
RESULT: {}
COMMAND: POST /session/4a8a75bcbd0d44f703d13edc121f15a8/element - {"using":"xpath","value":"//div[contains(@role,\"dialog\") and contains(@id, \"dialog\")]"}
RESULT: {"using":"xpath","value":"//div[contains(@role,\"dialog\") and contains(@id, \"dialog\")]"}
COMMAND: POST /session/4a8a75bcbd0d44f703d13edc121f15a8/element - {"using":"xpath","value":"//div[contains(@role,\"dialog\") and contains(@id, \"dialog\")]"}
RESULT: {"using":"xpath","value":"//div[contains(@role,\"dialog\") and contains(@id, \"dialog\")]"}
RESULT: undefined
COMMAND: POST /session/4a8a75bcbd0d44f703d13edc121f15a8/execute/async - {"script":"<script> [776 bytes]","args":[{"enterText":"1119","selector":{"id":"application-managepartners-display-component---masterPtm--smartFilterBar-btnBasicSearch","interaction":{"idSuffix":"I"}},"clearTextFirst":true,"interactionType":"ENTER_TEXT"}]}
RESULT: {"script":"<script> [776 bytes]","args":[{"enterText":"1119","selector":{"id":"application-managepartners-display-component---masterPtm--smartFilterBar-btnBasicSearch","interaction":{"idSuffix":"I"}},"clearTextFirst":true,"interactionType":"ENTER_TEXT"}]}
COMMAND: POST /session/4a8a75bcbd0d44f703d13edc121f15a8/actions - {"actions":[{"id":"action35","type":"key","parameters":{},"actions":[{"type":"keyDown","value":""},{"type":"pause","duration":10},{"type":"keyUp","value":""}]}]}
RESULT: {"actions":[{"id":"action35","type":"key","parameters":{},"actions":[{"type":"keyDown","value":""},{"type":"pause","duration":10},{"type":"keyUp","value":""}]}]}
COMMAND: GET /session/4a8a75bcbd0d44f703d13edc121f15a8/screenshot - {}
RESULT: {}
COMMAND: POST /session/4a8a75bcbd0d44f703d13edc121f15a8/elements - {"using":"xpath","value":"//table[contains(@id, \"customPartnersTable-listUl\")]/tbody/tr"}
RESULT: {"using":"xpath","value":"//table[contains(@id, \"customPartnersTable-listUl\")]/tbody/tr"}
COMMAND: POST /session/4a8a75bcbd0d44f703d13edc121f15a8/element - {"using":"xpath","value":"//table[contains(@id, \"customPartnersTable-listUl\")]/tbody/tr[1]/td[3]/span"}
RESULT: {"using":"xpath","value":"//table[contains(@id, \"customPartnersTable-listUl\")]/tbody/tr[1]/td[3]/span"}
COMMAND: POST /session/4a8a75bcbd0d44f703d13edc121f15a8/elements - {"using":"xpath","value":"//table[contains(@id, \"customPartnersTable-listUl\")]/tbody/tr[1]/td[3]/span"}
RESULT: {"using":"xpath","value":"//table[contains(@id, \"customPartnersTable-listUl\")]/tbody/tr[1]/td[3]/span"}
COMMAND: POST /session/4a8a75bcbd0d44f703d13edc121f15a8/execute/sync - {"script":"<script> [56 bytes]","args":[{"element-6066-11e4-a52e-4f735466cecf":"f.093A703FE9E59CF09BD9C73E01D6E334.d.59E316B297EA93B08C0999C209817127.e.11609","ELEMENT":"f.093A703FE9E59CF09BD9C73E01D6E334.d.59E316B297EA93B08C0999C209817127.e.11609"}]}
RESULT: {"script":"<script> [56 bytes]","args":[{"element-6066-11e4-a52e-4f735466cecf":"f.093A703FE9E59CF09BD9C73E01D6E334.d.59E316B297EA93B08C0999C209817127.e.11609","ELEMENT":"f.093A703FE9E59CF09BD9C73E01D6E334.d.59E316B297EA93B08C0999C209817127.e.11609"}]}
COMMAND: POST /session/4a8a75bcbd0d44f703d13edc121f15a8/element - {"using":"xpath","value":"(//span[contains(@id, \"imgNav\")])[1]"}
COMMAND: GET /session/4a8a75bcbd0d44f703d13edc121f15a8/screenshot - {}
RESULT: {"using":"xpath","value":"(//span[contains(@id, \"imgNav\")])[1]"}
COMMAND: POST /session/4a8a75bcbd0d44f703d13edc121f15a8/element/f.093A703FE9E59CF09BD9C73E01D6E334.d.59E316B297EA93B08C0999C209817127.e.11607/click - {}
RESULT: {}
RESULT: {}
COMMAND: GET /session/4a8a75bcbd0d44f703d13edc121f15a8/screenshot - {}
RESULT: {}
COMMAND: POST /session/4a8a75bcbd0d44f703d13edc121f15a8/execute/async - {"script":"<script> [1562 bytes]","args":[{"selector":{"controlType":"sap.m.Text","viewName":"etm.portal.ui.managepartners.view.Detail","viewId":"application-managepartners-display-component---detailPtm","bindingPath":{"path":"/PartnersWithBillingType(ID='1119')","propertyPath":"ID","modelName":"catalogModel"}},"wdio_ui5_key":"etmportal.ui.managepartners.view.Detailsap.m.Text{\"path\":\"/PartnersWithBillingType(ID='1119')\",\"propertyPath\":\"ID\",\"modelName\":\"catalogModel\"}"}]}
RESULT: {"script":"<script> [1562 bytes]","args":[{"selector":{"controlType":"sap.m.Text","viewName":"etm.portal.ui.managepartners.view.Detail","viewId":"application-managepartners-display-component---detailPtm","bindingPath":{"path":"/PartnersWithBillingType(ID='1119')","propertyPath":"ID","modelName":"catalogModel"}},"wdio_ui5_key":"etmportal.ui.managepartners.view.Detailsap.m.Text{\"path\":\"/PartnersWithBillingType(ID='1119')\",\"propertyPath\":\"ID\",\"modelName\":\"catalogModel\"}"}]}
RESULT: undefined
COMMAND: POST /session/4a8a75bcbd0d44f703d13edc121f15a8/execute/async - {"script":"<script> [6424 bytes]","args":[{"element-6066-11e4-a52e-4f735466cecf":"f.093A703FE9E59CF09BD9C73E01D6E334.d.59E316B297EA93B08C0999C209817127.e.11822"},"getText",[]]}
RESULT: {"script":"<script> [6424 bytes]","args":[{"element-6066-11e4-a52e-4f735466cecf":"f.093A703FE9E59CF09BD9C73E01D6E334.d.59E316B297EA93B08C0999C209817127.e.11822"},"getText",[]]}
COMMAND: POST /session/4a8a75bcbd0d44f703d13edc121f15a8/element - {"using":"xpath","value":"//bdi[contains(text(), \"Edit\")]"}
RESULT: {"using":"xpath","value":"//bdi[contains(text(), \"Edit\")]"}
COMMAND: POST /session/4a8a75bcbd0d44f703d13edc121f15a8/element/f.093A703FE9E59CF09BD9C73E01D6E334.d.59E316B297EA93B08C0999C209817127.e.11823/click - {}
RESULT: {}
COMMAND: GET /session/4a8a75bcbd0d44f703d13edc121f15a8/screenshot - {}
RESULT: {}
RESULT: undefined
COMMAND: POST /session/4a8a75bcbd0d44f703d13edc121f15a8/execute/async - {"script":"<script> [776 bytes]","args":[{"enterText":"EDITED PARTNER","selector":{"controlType":"sap.m.Input","viewName":"etm.portal.ui.managepartners.view.EditDetail","labelFor":{"text":"Name"},"interaction":{"idSuffix":"inner"}},"clearTextFirst":true,"interactionType":"ENTER_TEXT"}]}
RESULT: {"script":"<script> [776 bytes]","args":[{"enterText":"EDITED PARTNER","selector":{"controlType":"sap.m.Input","viewName":"etm.portal.ui.managepartners.view.EditDetail","labelFor":{"text":"Name"},"interaction":{"idSuffix":"inner"}},"clearTextFirst":true,"interactionType":"ENTER_TEXT"}]}
COMMAND: POST /session/4a8a75bcbd0d44f703d13edc121f15a8/element - {"using":"xpath","value":"//button[@data-kt=\"saveButton\"]"}
RESULT: {"using":"xpath","value":"//button[@data-kt=\"saveButton\"]"}
COMMAND: POST /session/4a8a75bcbd0d44f703d13edc121f15a8/element/f.093A703FE9E59CF09BD9C73E01D6E334.d.59E316B297EA93B08C0999C209817127.e.11950/click - {}
RESULT: {}
COMMAND: GET /session/4a8a75bcbd0d44f703d13edc121f15a8/screenshot - {}
RESULT: {}
RESULT: undefined
COMMAND: POST /session/4a8a75bcbd0d44f703d13edc121f15a8/execute/async - {"script":"<script> [6424 bytes]","args":[{"element-6066-11e4-a52e-4f735466cecf":"f.093A703FE9E59CF09BD9C73E01D6E334.d.59E316B297EA93B08C0999C209817127.e.5863"},"getValue",[]]}
COMMAND: POST /session/4a8a75bcbd0d44f703d13edc121f15a8/execute/async - {"script":"<script> [1562 bytes]","args":[{"selector":{"id":"application-managepartners-display-component---detailPtm--addressDetailDetailsName1"},"wdio_ui5_key":"applicationmanagepartners-display-component---detailPtm--addressDetailDetailsName1"}]}
RESULT: {"script":"<script> [1562 bytes]","args":[{"selector":{"id":"application-managepartners-display-component---detailPtm--addressDetailDetailsName1"},"wdio_ui5_key":"applicationmanagepartners-display-component---detailPtm--addressDetailDetailsName1"}]}
COMMAND: POST /session/4a8a75bcbd0d44f703d13edc121f15a8/execute/async - {"script":"<script> [6424 bytes]","args":[{"element-6066-11e4-a52e-4f735466cecf":"f.093A703FE9E59CF09BD9C73E01D6E334.d.59E316B297EA93B08C0999C209817127.e.11997"},"getValue",[]]}
RESULT: {"script":"<script> [6424 bytes]","args":[{"element-6066-11e4-a52e-4f735466cecf":"f.093A703FE9E59CF09BD9C73E01D6E334.d.59E316B297EA93B08C0999C209817127.e.11997"},"getValue",[]]}
COMMAND: POST /session/4a8a75bcbd0d44f703d13edc121f15a8/execute/async - {"script":"<script> [1562 bytes]","args":[{"selector":{"controlType":"sap.ui.core.Icon","viewName":"etm.portal.ui.managepartners.view.Detail","viewId":"application-managepartners-display-component---detailPtm","properties":{"src":{"regex":{"source":"decline"}}}},"wdio_ui5_key":"etmportal.ui.managepartners.view.Detailsap.ui.core.Icon{\"src\":{\"regex\":{\"source\":\"decline\"}}}"}]}
RESULT: {"script":"<script> [1562 bytes]","args":[{"selector":{"controlType":"sap.ui.core.Icon","viewName":"etm.portal.ui.managepartners.view.Detail","viewId":"application-managepartners-display-component---detailPtm","properties":{"src":{"regex":{"source":"decline"}}}},"wdio_ui5_key":"etmportal.ui.managepartners.view.Detailsap.ui.core.Icon{\"src\":{\"regex\":{\"source\":\"decline\"}}}"}]}
RESULT: undefined
COMMAND: POST /session/4a8a75bcbd0d44f703d13edc121f15a8/element - {"using":"xpath","value":"//*[@id=\"__button225-img\"]"}
RESULT: {"using":"xpath","value":"//*[@id=\"__button225-img\"]"}
COMMAND: POST /session/4a8a75bcbd0d44f703d13edc121f15a8/element/f.093A703FE9E59CF09BD9C73E01D6E334.d.59E316B297EA93B08C0999C209817127.e.12087/click - {}
RESULT: {}
COMMAND: GET /session/4a8a75bcbd0d44f703d13edc121f15a8/screenshot - {}
RESULT: {}
COMMAND: POST /session/4a8a75bcbd0d44f703d13edc121f15a8/element - {"using":"xpath","value":"//button[@data-kt=\"addButton\"]"}
RESULT: {"using":"xpath","value":"//button[@data-kt=\"addButton\"]"}
COMMAND: GET /session/4a8a75bcbd0d44f703d13edc121f15a8/element/f.093A703FE9E59CF09BD9C73E01D6E334.d.59E316B297EA93B08C0999C209817127.e.12116/enabled - {}
RESULT: {}
COMMAND: POST /session/4a8a75bcbd0d44f703d13edc121f15a8/execute/sync - {"script":"<script> [8489 bytes]","args":[{"element-6066-11e4-a52e-4f735466cecf":"f.093A703FE9E59CF09BD9C73E01D6E334.d.59E316B297EA93B08C0999C209817127.e.12116","ELEMENT":"f.093A703FE9E59CF09BD9C73E01D6E334.d.59E316B297EA93B08C0999C209817127.e.12116"}]}
COMMAND: GET /session/4a8a75bcbd0d44f703d13edc121f15a8/screenshot - {}
RESULT: {"script":"<script> [8489 bytes]","args":[{"element-6066-11e4-a52e-4f735466cecf":"f.093A703FE9E59CF09BD9C73E01D6E334.d.59E316B297EA93B08C0999C209817127.e.12116","ELEMENT":"f.093A703FE9E59CF09BD9C73E01D6E334.d.59E316B297EA93B08C0999C209817127.e.12116"}]}
COMMAND: POST /session/4a8a75bcbd0d44f703d13edc121f15a8/execute/sync - {"script":"<script> [5351 bytes]","args":[{"element-6066-11e4-a52e-4f735466cecf":"f.093A703FE9E59CF09BD9C73E01D6E334.d.59E316B297EA93B08C0999C209817127.e.12116","ELEMENT":"f.093A703FE9E59CF09BD9C73E01D6E334.d.59E316B297EA93B08C0999C209817127.e.12116"}]}
COMMAND: GET /session/4a8a75bcbd0d44f703d13edc121f15a8/screenshot - {}
RESULT: {}
RESULT: {"script":"<script> [5351 bytes]","args":[{"element-6066-11e4-a52e-4f735466cecf":"f.093A703FE9E59CF09BD9C73E01D6E334.d.59E316B297EA93B08C0999C209817127.e.12116","ELEMENT":"f.093A703FE9E59CF09BD9C73E01D6E334.d.59E316B297EA93B08C0999C209817127.e.12116"}]}
COMMAND: POST /session/4a8a75bcbd0d44f703d13edc121f15a8/element/f.093A703FE9E59CF09BD9C73E01D6E334.d.59E316B297EA93B08C0999C209817127.e.12116/click - {}
COMMAND: GET /session/4a8a75bcbd0d44f703d13edc121f15a8/screenshot - {}
RESULT: {}
RESULT: {}
COMMAND: GET /session/4a8a75bcbd0d44f703d13edc121f15a8/screenshot - {}
RESULT: {}
RESULT: {}
RESULT: undefined
COMMAND: POST /session/4a8a75bcbd0d44f703d13edc121f15a8/execute/async - {"script":"<script> [776 bytes]","args":[{"enterText":"New Partner WDIO","selector":{"id":"application-managepartners-display-component---NewPartner--addressDetailDetailsName1","interaction":{"idSuffix":"inner"}},"clearTextFirst":true,"interactionType":"ENTER_TEXT"}]}
RESULT: {"script":"<script> [776 bytes]","args":[{"enterText":"New Partner WDIO","selector":{"id":"application-managepartners-display-component---NewPartner--addressDetailDetailsName1","interaction":{"idSuffix":"inner"}},"clearTextFirst":true,"interactionType":"ENTER_TEXT"}]}
RESULT: undefined
COMMAND: POST /session/4a8a75bcbd0d44f703d13edc121f15a8/element - {"using":"xpath","value":"//*[@id=\"application-managepartners-display-component---NewPartner--addressDetailDetailsLanguage-arrow\"]"}
RESULT: {"using":"xpath","value":"//*[@id=\"application-managepartners-display-component---NewPartner--addressDetailDetailsLanguage-arrow\"]"}
COMMAND: POST /session/4a8a75bcbd0d44f703d13edc121f15a8/element/f.093A703FE9E59CF09BD9C73E01D6E334.d.59E316B297EA93B08C0999C209817127.e.12428/click - {}
RESULT: {}
COMMAND: GET /session/4a8a75bcbd0d44f703d13edc121f15a8/screenshot - {}
RESULT: {}
COMMAND: POST /session/4a8a75bcbd0d44f703d13edc121f15a8/element - {"using":"xpath","value":"//ul[contains(@id,\"DetailDetailsLanguage-popup-list-listUl\")]//li[.//span[contains(text(), \"English\")]]"}
RESULT: {"using":"xpath","value":"//ul[contains(@id,\"DetailDetailsLanguage-popup-list-listUl\")]//li[.//span[contains(text(), \"English\")]]"}
COMMAND: POST /session/4a8a75bcbd0d44f703d13edc121f15a8/element/f.093A703FE9E59CF09BD9C73E01D6E334.d.59E316B297EA93B08C0999C209817127.e.12429/click - {}
RESULT: {}
COMMAND: GET /session/4a8a75bcbd0d44f703d13edc121f15a8/screenshot - {}
RESULT: {}
RESULT: undefined
COMMAND: POST /session/4a8a75bcbd0d44f703d13edc121f15a8/execute/async - {"script":"<script> [776 bytes]","args":[{"enterText":"Deva","selector":{"id":"application-managepartners-display-component---NewPartner--addressDetailDetailsCity1","interaction":{"idSuffix":"inner"}},"clearTextFirst":true,"interactionType":"ENTER_TEXT"}]}
RESULT: {"script":"<script> [776 bytes]","args":[{"enterText":"Deva","selector":{"id":"application-managepartners-display-component---NewPartner--addressDetailDetailsCity1","interaction":{"idSuffix":"inner"}},"clearTextFirst":true,"interactionType":"ENTER_TEXT"}]}
RESULT: undefined
COMMAND: POST /session/4a8a75bcbd0d44f703d13edc121f15a8/element - {"using":"xpath","value":"//*[@id=\"application-managepartners-display-component---NewPartner--addressDetailDetailsCountry-arrow\"]"}
RESULT: {"using":"xpath","value":"//*[@id=\"application-managepartners-display-component---NewPartner--addressDetailDetailsCountry-arrow\"]"}
COMMAND: POST /session/4a8a75bcbd0d44f703d13edc121f15a8/element/f.093A703FE9E59CF09BD9C73E01D6E334.d.59E316B297EA93B08C0999C209817127.e.12425/click - {}
RESULT: {}
COMMAND: GET /session/4a8a75bcbd0d44f703d13edc121f15a8/screenshot - {}
RESULT: {}
COMMAND: POST /session/4a8a75bcbd0d44f703d13edc121f15a8/element - {"using":"xpath","value":"//ul[contains(@id,\"DetailsCountry-popup-list-listUl\")]//li[.//span[contains(text(), \"Armenia\")]]"}
RESULT: {"using":"xpath","value":"//ul[contains(@id,\"DetailsCountry-popup-list-listUl\")]//li[.//span[contains(text(), \"Armenia\")]]"}
COMMAND: POST /session/4a8a75bcbd0d44f703d13edc121f15a8/element/f.093A703FE9E59CF09BD9C73E01D6E334.d.59E316B297EA93B08C0999C209817127.e.12430/click - {}
RESULT: {}
COMMAND: GET /session/4a8a75bcbd0d44f703d13edc121f15a8/screenshot - {}
RESULT: {}
COMMAND: POST /session/4a8a75bcbd0d44f703d13edc121f15a8/element - {"using":"xpath","value":"//bdi[contains(text(), \"Commercial\")]"}
RESULT: {"using":"xpath","value":"//bdi[contains(text(), \"Commercial\")]"}
COMMAND: POST /session/4a8a75bcbd0d44f703d13edc121f15a8/element/f.093A703FE9E59CF09BD9C73E01D6E334.d.59E316B297EA93B08C0999C209817127.e.12431/click - {}
RESULT: {}
COMMAND: GET /session/4a8a75bcbd0d44f703d13edc121f15a8/screenshot - {}
RESULT: {}
RESULT: undefined
COMMAND: POST /session/4a8a75bcbd0d44f703d13edc121f15a8/element - {"using":"xpath","value":"//*[@id=\"application-managepartners-display-component---NewPartner--partnerDetailInternal-arrow\"]"}
RESULT: {"using":"xpath","value":"//*[@id=\"application-managepartners-display-component---NewPartner--partnerDetailInternal-arrow\"]"}
COMMAND: POST /session/4a8a75bcbd0d44f703d13edc121f15a8/element/f.093A703FE9E59CF09BD9C73E01D6E334.d.59E316B297EA93B08C0999C209817127.e.12437/click - {}
RESULT: {}
COMMAND: GET /session/4a8a75bcbd0d44f703d13edc121f15a8/screenshot - {}
RESULT: {}
COMMAND: POST /session/4a8a75bcbd0d44f703d13edc121f15a8/element - {"using":"xpath","value":"//ul[contains(@id,\"partnerDetailInternal-popup-list-listUl\")]//li[.//span[contains(text(), \"External partner\")]]"}
RESULT: {"using":"xpath","value":"//ul[contains(@id,\"partnerDetailInternal-popup-list-listUl\")]//li[.//span[contains(text(), \"External partner\")]]"}
COMMAND: POST /session/4a8a75bcbd0d44f703d13edc121f15a8/element/f.093A703FE9E59CF09BD9C73E01D6E334.d.59E316B297EA93B08C0999C209817127.e.12440/click - {}
RESULT: {}
RESULT: undefined
COMMAND: POST /session/4a8a75bcbd0d44f703d13edc121f15a8/element - {"using":"xpath","value":"//*[@id=\"application-managepartners-display-component---NewPartner--partnerDetailsCurrency-arrow\"]"}
COMMAND: GET /session/4a8a75bcbd0d44f703d13edc121f15a8/screenshot - {}
RESULT: {"using":"xpath","value":"//*[@id=\"application-managepartners-display-component---NewPartner--partnerDetailsCurrency-arrow\"]"}
COMMAND: POST /session/4a8a75bcbd0d44f703d13edc121f15a8/element/f.093A703FE9E59CF09BD9C73E01D6E334.d.59E316B297EA93B08C0999C209817127.e.12445/click - {}
RESULT: {}
RESULT: {}
COMMAND: GET /session/4a8a75bcbd0d44f703d13edc121f15a8/screenshot - {}
RESULT: {}
COMMAND: POST /session/4a8a75bcbd0d44f703d13edc121f15a8/element - {"using":"xpath","value":"//ul[contains(@id,\"partnerDetailsCurrency-popup-list-listUl\")]//li[.//span[contains(text(), \"US Dollar\")]]"}
RESULT: {"using":"xpath","value":"//ul[contains(@id,\"partnerDetailsCurrency-popup-list-listUl\")]//li[.//span[contains(text(), \"US Dollar\")]]"}
COMMAND: POST /session/4a8a75bcbd0d44f703d13edc121f15a8/element/f.093A703FE9E59CF09BD9C73E01D6E334.d.59E316B297EA93B08C0999C209817127.e.12446/click - {}
RESULT: {}
COMMAND: GET /session/4a8a75bcbd0d44f703d13edc121f15a8/screenshot - {}
RESULT: {}
COMMAND: POST /session/4a8a75bcbd0d44f703d13edc121f15a8/element - {"using":"xpath","value":"//input[@id=\"application-managepartners-display-component---NewPartner--companyCodeComboBox-inner\"]"}
RESULT: {"using":"xpath","value":"//input[@id=\"application-managepartners-display-component---NewPartner--companyCodeComboBox-inner\"]"}
COMMAND: POST /session/4a8a75bcbd0d44f703d13edc121f15a8/element/f.093A703FE9E59CF09BD9C73E01D6E334.d.59E316B297EA93B08C0999C209817127.e.12369/clear - {}
RESULT: {}
COMMAND: POST /session/4a8a75bcbd0d44f703d13edc121f15a8/element/f.093A703FE9E59CF09BD9C73E01D6E334.d.59E316B297EA93B08C0999C209817127.e.12369/value - {"text":"C002"}
COMMAND: GET /session/4a8a75bcbd0d44f703d13edc121f15a8/screenshot - {}
RESULT: {"text":"C002"}
COMMAND: GET /session/4a8a75bcbd0d44f703d13edc121f15a8/screenshot - {}
RESULT: {}
RESULT: {}
COMMAND: POST /session/4a8a75bcbd0d44f703d13edc121f15a8/element - {"using":"xpath","value":"//ul[contains(@id,\"companyCodeComboBox-popup-list-listUl\")]//li[.//span[text()= \"C002\"]]"}
RESULT: {"using":"xpath","value":"//ul[contains(@id,\"companyCodeComboBox-popup-list-listUl\")]//li[.//span[text()= \"C002\"]]"}
COMMAND: POST /session/4a8a75bcbd0d44f703d13edc121f15a8/element/f.093A703FE9E59CF09BD9C73E01D6E334.d.59E316B297EA93B08C0999C209817127.e.12450/click - {}
RESULT: {}
COMMAND: GET /session/4a8a75bcbd0d44f703d13edc121f15a8/screenshot - {}
RESULT: {}
RESULT: undefined
COMMAND: POST /session/4a8a75bcbd0d44f703d13edc121f15a8/element - {"using":"xpath","value":"//*[@id=\"application-managepartners-display-component---NewPartner--btnAddTableRow-img\"]"}
RESULT: {"using":"xpath","value":"//*[@id=\"application-managepartners-display-component---NewPartner--btnAddTableRow-img\"]"}
COMMAND: POST /session/4a8a75bcbd0d44f703d13edc121f15a8/element/f.093A703FE9E59CF09BD9C73E01D6E334.d.59E316B297EA93B08C0999C209817127.e.12451/click - {}
RESULT: {}
COMMAND: GET /session/4a8a75bcbd0d44f703d13edc121f15a8/screenshot - {}
RESULT: {}
COMMAND: POST /session/4a8a75bcbd0d44f703d13edc121f15a8/element - {"using":"xpath","value":"//input[@id=\"application-managepartners-display-component---NewPartner--assignmentYard-application-managepartners-display-component---NewPartner--assignmentsTable-0-inner\"]"}
RESULT: {"using":"xpath","value":"//input[@id=\"application-managepartners-display-component---NewPartner--assignmentYard-application-managepartners-display-component---NewPartner--assignmentsTable-0-inner\"]"}
COMMAND: POST /session/4a8a75bcbd0d44f703d13edc121f15a8/element/f.093A703FE9E59CF09BD9C73E01D6E334.d.59E316B297EA93B08C0999C209817127.e.12454/clear - {}
RESULT: {}
COMMAND: POST /session/4a8a75bcbd0d44f703d13edc121f15a8/element/f.093A703FE9E59CF09BD9C73E01D6E334.d.59E316B297EA93B08C0999C209817127.e.12454/value - {"text":"271"}
COMMAND: GET /session/4a8a75bcbd0d44f703d13edc121f15a8/screenshot - {}
RESULT: {}
RESULT: {"text":"271"}
COMMAND: GET /session/4a8a75bcbd0d44f703d13edc121f15a8/screenshot - {}
RESULT: {}
COMMAND: POST /session/4a8a75bcbd0d44f703d13edc121f15a8/element - {"using":"xpath","value":"//ul[contains(@id,\"assignmentYard-application-managepartners-display-component---NewPartner--assignmentsTable-0-popup-list-listUl\")]//li[.//span[text()='271']]"}
RESULT: {"using":"xpath","value":"//ul[contains(@id,\"assignmentYard-application-managepartners-display-component---NewPartner--assignmentsTable-0-popup-list-listUl\")]//li[.//span[text()='271']]"}
COMMAND: POST /session/4a8a75bcbd0d44f703d13edc121f15a8/element/f.093A703FE9E59CF09BD9C73E01D6E334.d.59E316B297EA93B08C0999C209817127.e.12462/click - {}
RESULT: {}
COMMAND: GET /session/4a8a75bcbd0d44f703d13edc121f15a8/screenshot - {}
RESULT: {}
COMMAND: POST /session/4a8a75bcbd0d44f703d13edc121f15a8/actions - {"actions":[{"id":"action36","type":"key","parameters":{},"actions":[{"type":"keyDown","value":""},{"type":"pause","duration":10},{"type":"keyUp","value":""}]}]}
RESULT: {"actions":[{"id":"action36","type":"key","parameters":{},"actions":[{"type":"keyDown","value":""},{"type":"pause","duration":10},{"type":"keyUp","value":""}]}]}
COMMAND: GET /session/4a8a75bcbd0d44f703d13edc121f15a8/screenshot - {}
RESULT: {}
COMMAND: POST /session/4a8a75bcbd0d44f703d13edc121f15a8/element - {"using":"xpath","value":"//bdi[contains(text(), \"Contacts\")]"}
RESULT: {"using":"xpath","value":"//bdi[contains(text(), \"Contacts\")]"}
COMMAND: POST /session/4a8a75bcbd0d44f703d13edc121f15a8/element/f.093A703FE9E59CF09BD9C73E01D6E334.d.59E316B297EA93B08C0999C209817127.e.12465/click - {}
RESULT: {}
COMMAND: GET /session/4a8a75bcbd0d44f703d13edc121f15a8/screenshot - {}
RESULT: {}
COMMAND: POST /session/4a8a75bcbd0d44f703d13edc121f15a8/element - {"using":"xpath","value":"//button[contains(@title,\"Add Contact\")]"}
RESULT: {"using":"xpath","value":"//button[contains(@title,\"Add Contact\")]"}
COMMAND: POST /session/4a8a75bcbd0d44f703d13edc121f15a8/element/f.093A703FE9E59CF09BD9C73E01D6E334.d.59E316B297EA93B08C0999C209817127.e.12470/click - {}
RESULT: {}
COMMAND: GET /session/4a8a75bcbd0d44f703d13edc121f15a8/screenshot - {}
RESULT: {}
COMMAND: POST /session/4a8a75bcbd0d44f703d13edc121f15a8/element - {"using":"xpath","value":"//span[contains(@id,\"NewPartner--siteAddresses-0-arrow\")]"}
RESULT: {"using":"xpath","value":"//span[contains(@id,\"NewPartner--siteAddresses-0-arrow\")]"}
COMMAND: POST /session/4a8a75bcbd0d44f703d13edc121f15a8/element/f.093A703FE9E59CF09BD9C73E01D6E334.d.59E316B297EA93B08C0999C209817127.e.12480/click - {}
RESULT: {}
COMMAND: GET /session/4a8a75bcbd0d44f703d13edc121f15a8/screenshot - {}
RESULT: {}
COMMAND: POST /session/4a8a75bcbd0d44f703d13edc121f15a8/element - {"using":"xpath","value":"//li[.//span[text()='Mr.']]"}
RESULT: {"using":"xpath","value":"//li[.//span[text()='Mr.']]"}
COMMAND: POST /session/4a8a75bcbd0d44f703d13edc121f15a8/element/f.093A703FE9E59CF09BD9C73E01D6E334.d.59E316B297EA93B08C0999C209817127.e.12481/click - {}
RESULT: {}
COMMAND: GET /session/4a8a75bcbd0d44f703d13edc121f15a8/screenshot - {}
RESULT: {}
COMMAND: POST /session/4a8a75bcbd0d44f703d13edc121f15a8/execute/async - {"script":"<script> [1562 bytes]","args":[{"selector":{"controlType":"sap.m.Input","viewName":"etm.portal.ui.managepartners.view.NewPartner","viewId":"application-managepartners-display-component---NewPartner","bindingPath":{"path":"/Addresses/0","propertyPath":"NAME1","modelName":"NewAddresses"},"interaction":{"idSuffix":"inner"}},"wdio_ui5_key":"etmportal.ui.managepartners.view.NewPartnersap.m.Input{\"path\":\"/Addresses/0\",\"propertyPath\":\"NAME1\",\"modelName\":\"NewAddresses\"}"}]}
RESULT: {"script":"<script> [1562 bytes]","args":[{"selector":{"controlType":"sap.m.Input","viewName":"etm.portal.ui.managepartners.view.NewPartner","viewId":"application-managepartners-display-component---NewPartner","bindingPath":{"path":"/Addresses/0","propertyPath":"NAME1","modelName":"NewAddresses"},"interaction":{"idSuffix":"inner"}},"wdio_ui5_key":"etmportal.ui.managepartners.view.NewPartnersap.m.Input{\"path\":\"/Addresses/0\",\"propertyPath\":\"NAME1\",\"modelName\":\"NewAddresses\"}"}]}
RESULT: undefined
COMMAND: POST /session/4a8a75bcbd0d44f703d13edc121f15a8/execute/async - {"script":"<script> [776 bytes]","args":[{"enterText":"Johnny","selector":{"controlType":"sap.m.Input","viewName":"etm.portal.ui.managepartners.view.NewPartner","viewId":"application-managepartners-display-component---NewPartner","bindingPath":{"path":"/Addresses/0","propertyPath":"NAME1","modelName":"NewAddresses"},"interaction":{"idSuffix":"inner"}},"clearTextFirst":true,"interactionType":"ENTER_TEXT"}]}
RESULT: {"script":"<script> [776 bytes]","args":[{"enterText":"Johnny","selector":{"controlType":"sap.m.Input","viewName":"etm.portal.ui.managepartners.view.NewPartner","viewId":"application-managepartners-display-component---NewPartner","bindingPath":{"path":"/Addresses/0","propertyPath":"NAME1","modelName":"NewAddresses"},"interaction":{"idSuffix":"inner"}},"clearTextFirst":true,"interactionType":"ENTER_TEXT"}]}
COMMAND: POST /session/4a8a75bcbd0d44f703d13edc121f15a8/execute/async - {"script":"<script> [1562 bytes]","args":[{"selector":{"controlType":"sap.m.Input","viewName":"etm.portal.ui.managepartners.view.NewPartner","viewId":"application-managepartners-display-component---NewPartner","bindingPath":{"path":"/Addresses/0","propertyPath":"NAME2","modelName":"NewAddresses"},"interaction":{"idSuffix":"inner"}},"wdio_ui5_key":"etmportal.ui.managepartners.view.NewPartnersap.m.Input{\"path\":\"/Addresses/0\",\"propertyPath\":\"NAME2\",\"modelName\":\"NewAddresses\"}"}]}
RESULT: {"script":"<script> [1562 bytes]","args":[{"selector":{"controlType":"sap.m.Input","viewName":"etm.portal.ui.managepartners.view.NewPartner","viewId":"application-managepartners-display-component---NewPartner","bindingPath":{"path":"/Addresses/0","propertyPath":"NAME2","modelName":"NewAddresses"},"interaction":{"idSuffix":"inner"}},"wdio_ui5_key":"etmportal.ui.managepartners.view.NewPartnersap.m.Input{\"path\":\"/Addresses/0\",\"propertyPath\":\"NAME2\",\"modelName\":\"NewAddresses\"}"}]}
RESULT: undefined
COMMAND: POST /session/4a8a75bcbd0d44f703d13edc121f15a8/execute/async - {"script":"<script> [776 bytes]","args":[{"enterText":"Cusca","selector":{"controlType":"sap.m.Input","viewName":"etm.portal.ui.managepartners.view.NewPartner","viewId":"application-managepartners-display-component---NewPartner","bindingPath":{"path":"/Addresses/0","propertyPath":"NAME2","modelName":"NewAddresses"},"interaction":{"idSuffix":"inner"}},"clearTextFirst":true,"interactionType":"ENTER_TEXT"}]}
RESULT: {"script":"<script> [776 bytes]","args":[{"enterText":"Cusca","selector":{"controlType":"sap.m.Input","viewName":"etm.portal.ui.managepartners.view.NewPartner","viewId":"application-managepartners-display-component---NewPartner","bindingPath":{"path":"/Addresses/0","propertyPath":"NAME2","modelName":"NewAddresses"},"interaction":{"idSuffix":"inner"}},"clearTextFirst":true,"interactionType":"ENTER_TEXT"}]}
COMMAND: POST /session/4a8a75bcbd0d44f703d13edc121f15a8/execute/async - {"script":"<script> [1562 bytes]","args":[{"selector":{"controlType":"sap.m.Input","viewName":"etm.portal.ui.managepartners.view.NewPartner","viewId":"application-managepartners-display-component---NewPartner","bindingPath":{"path":"/Addresses/0","propertyPath":"JOB_TITLE","modelName":"NewAddresses"},"interaction":{"idSuffix":"inner"}},"wdio_ui5_key":"etmportal.ui.managepartners.view.NewPartnersap.m.Input{\"path\":\"/Addresses/0\",\"propertyPath\":\"JOB_TITLE\",\"modelName\":\"NewAddresses\"}"}]}
RESULT: {"script":"<script> [1562 bytes]","args":[{"selector":{"controlType":"sap.m.Input","viewName":"etm.portal.ui.managepartners.view.NewPartner","viewId":"application-managepartners-display-component---NewPartner","bindingPath":{"path":"/Addresses/0","propertyPath":"JOB_TITLE","modelName":"NewAddresses"},"interaction":{"idSuffix":"inner"}},"wdio_ui5_key":"etmportal.ui.managepartners.view.NewPartnersap.m.Input{\"path\":\"/Addresses/0\",\"propertyPath\":\"JOB_TITLE\",\"modelName\":\"NewAddresses\"}"}]}
RESULT: undefined
COMMAND: POST /session/4a8a75bcbd0d44f703d13edc121f15a8/execute/async - {"script":"<script> [776 bytes]","args":[{"enterText":"tester sef","selector":{"controlType":"sap.m.Input","viewName":"etm.portal.ui.managepartners.view.NewPartner","viewId":"application-managepartners-display-component---NewPartner","bindingPath":{"path":"/Addresses/0","propertyPath":"JOB_TITLE","modelName":"NewAddresses"},"interaction":{"idSuffix":"inner"}},"clearTextFirst":true,"interactionType":"ENTER_TEXT"}]}
RESULT: {"script":"<script> [776 bytes]","args":[{"enterText":"tester sef","selector":{"controlType":"sap.m.Input","viewName":"etm.portal.ui.managepartners.view.NewPartner","viewId":"application-managepartners-display-component---NewPartner","bindingPath":{"path":"/Addresses/0","propertyPath":"JOB_TITLE","modelName":"NewAddresses"},"interaction":{"idSuffix":"inner"}},"clearTextFirst":true,"interactionType":"ENTER_TEXT"}]}
COMMAND: POST /session/4a8a75bcbd0d44f703d13edc121f15a8/execute/async - {"script":"<script> [1562 bytes]","args":[{"selector":{"controlType":"sap.m.Input","viewName":"etm.portal.ui.managepartners.view.NewPartner","viewId":"application-managepartners-display-component---NewPartner","bindingPath":{"path":"/Addresses/0","propertyPath":"TELEPHONE_NO","modelName":"NewAddresses"},"interaction":{"idSuffix":"inner"}},"wdio_ui5_key":"etmportal.ui.managepartners.view.NewPartnersap.m.Input{\"path\":\"/Addresses/0\",\"propertyPath\":\"TELEPHONE_NO\",\"modelName\":\"NewAddresses\"}"}]}
RESULT: {"script":"<script> [1562 bytes]","args":[{"selector":{"controlType":"sap.m.Input","viewName":"etm.portal.ui.managepartners.view.NewPartner","viewId":"application-managepartners-display-component---NewPartner","bindingPath":{"path":"/Addresses/0","propertyPath":"TELEPHONE_NO","modelName":"NewAddresses"},"interaction":{"idSuffix":"inner"}},"wdio_ui5_key":"etmportal.ui.managepartners.view.NewPartnersap.m.Input{\"path\":\"/Addresses/0\",\"propertyPath\":\"TELEPHONE_NO\",\"modelName\":\"NewAddresses\"}"}]}
RESULT: undefined
COMMAND: POST /session/4a8a75bcbd0d44f703d13edc121f15a8/execute/async - {"script":"<script> [776 bytes]","args":[{"enterText":"0782113322","selector":{"controlType":"sap.m.Input","viewName":"etm.portal.ui.managepartners.view.NewPartner","viewId":"application-managepartners-display-component---NewPartner","bindingPath":{"path":"/Addresses/0","propertyPath":"TELEPHONE_NO","modelName":"NewAddresses"},"interaction":{"idSuffix":"inner"}},"clearTextFirst":true,"interactionType":"ENTER_TEXT"}]}
RESULT: {"script":"<script> [776 bytes]","args":[{"enterText":"0782113322","selector":{"controlType":"sap.m.Input","viewName":"etm.portal.ui.managepartners.view.NewPartner","viewId":"application-managepartners-display-component---NewPartner","bindingPath":{"path":"/Addresses/0","propertyPath":"TELEPHONE_NO","modelName":"NewAddresses"},"interaction":{"idSuffix":"inner"}},"clearTextFirst":true,"interactionType":"ENTER_TEXT"}]}
COMMAND: POST /session/4a8a75bcbd0d44f703d13edc121f15a8/element - {"using":"xpath","value":"//button[@data-kt=\"saveButton\"]"}
RESULT: {"using":"xpath","value":"//button[@data-kt=\"saveButton\"]"}
COMMAND: POST /session/4a8a75bcbd0d44f703d13edc121f15a8/element/f.093A703FE9E59CF09BD9C73E01D6E334.d.59E316B297EA93B08C0999C209817127.e.12406/click - {}
RESULT: {}
COMMAND: GET /session/4a8a75bcbd0d44f703d13edc121f15a8/screenshot - {}
RESULT: {}
COMMAND: POST /session/4a8a75bcbd0d44f703d13edc121f15a8/element - {"using":"xpath","value":"//header[contains(@id, 'ObjectPageLayout-headerTitle')]/div[1]/div[2]/div[2]/span[1]"}
RESULT: {"using":"xpath","value":"//header[contains(@id, 'ObjectPageLayout-headerTitle')]/div[1]/div[2]/div[2]/span[1]"}
COMMAND: POST /session/4a8a75bcbd0d44f703d13edc121f15a8/elements - {"using":"xpath","value":"//header[contains(@id, 'ObjectPageLayout-headerTitle')]/div[1]/div[2]/div[2]/span[1]"}
RESULT: {"using":"xpath","value":"//header[contains(@id, 'ObjectPageLayout-headerTitle')]/div[1]/div[2]/div[2]/span[1]"}
COMMAND: POST /session/4a8a75bcbd0d44f703d13edc121f15a8/execute/sync - {"script":"<script> [56 bytes]","args":[{"element-6066-11e4-a52e-4f735466cecf":"f.093A703FE9E59CF09BD9C73E01D6E334.d.59E316B297EA93B08C0999C209817127.e.12594","ELEMENT":"f.093A703FE9E59CF09BD9C73E01D6E334.d.59E316B297EA93B08C0999C209817127.e.12594"}]}
RESULT: {"script":"<script> [56 bytes]","args":[{"element-6066-11e4-a52e-4f735466cecf":"f.093A703FE9E59CF09BD9C73E01D6E334.d.59E316B297EA93B08C0999C209817127.e.12594","ELEMENT":"f.093A703FE9E59CF09BD9C73E01D6E334.d.59E316B297EA93B08C0999C209817127.e.12594"}]}
COMMAND: POST /session/4a8a75bcbd0d44f703d13edc121f15a8/element - {"using":"xpath","value":"//span[contains(@id,\"smartTableAssignmentsDisplay-header-inner\")]"}
COMMAND: GET /session/4a8a75bcbd0d44f703d13edc121f15a8/screenshot - {}
RESULT: {"using":"xpath","value":"//span[contains(@id,\"smartTableAssignmentsDisplay-header-inner\")]"}
COMMAND: POST /session/4a8a75bcbd0d44f703d13edc121f15a8/elements - {"using":"xpath","value":"//span[contains(@id,\"smartTableAssignmentsDisplay-header-inner\")]"}
RESULT: {}
RESULT: {"using":"xpath","value":"//span[contains(@id,\"smartTableAssignmentsDisplay-header-inner\")]"}
COMMAND: POST /session/4a8a75bcbd0d44f703d13edc121f15a8/execute/sync - {"script":"<script> [56 bytes]","args":[{"element-6066-11e4-a52e-4f735466cecf":"f.093A703FE9E59CF09BD9C73E01D6E334.d.59E316B297EA93B08C0999C209817127.e.12595","ELEMENT":"f.093A703FE9E59CF09BD9C73E01D6E334.d.59E316B297EA93B08C0999C209817127.e.12595"}]}
RESULT: {"script":"<script> [56 bytes]","args":[{"element-6066-11e4-a52e-4f735466cecf":"f.093A703FE9E59CF09BD9C73E01D6E334.d.59E316B297EA93B08C0999C209817127.e.12595","ELEMENT":"f.093A703FE9E59CF09BD9C73E01D6E334.d.59E316B297EA93B08C0999C209817127.e.12595"}]}
COMMAND: POST /session/4a8a75bcbd0d44f703d13edc121f15a8/element - {"using":"xpath","value":"//span[contains(@id,\"smartTableContactsDisplay-header-inner\")]"}
COMMAND: GET /session/4a8a75bcbd0d44f703d13edc121f15a8/screenshot - {}
RESULT: {"using":"xpath","value":"//span[contains(@id,\"smartTableContactsDisplay-header-inner\")]"}
COMMAND: POST /session/4a8a75bcbd0d44f703d13edc121f15a8/elements - {"using":"xpath","value":"//span[contains(@id,\"smartTableContactsDisplay-header-inner\")]"}
RESULT: {}
RESULT: {"using":"xpath","value":"//span[contains(@id,\"smartTableContactsDisplay-header-inner\")]"}
COMMAND: POST /session/4a8a75bcbd0d44f703d13edc121f15a8/execute/sync - {"script":"<script> [56 bytes]","args":[{"element-6066-11e4-a52e-4f735466cecf":"f.093A703FE9E59CF09BD9C73E01D6E334.d.59E316B297EA93B08C0999C209817127.e.12596","ELEMENT":"f.093A703FE9E59CF09BD9C73E01D6E334.d.59E316B297EA93B08C0999C209817127.e.12596"}]}
RESULT: {"script":"<script> [56 bytes]","args":[{"element-6066-11e4-a52e-4f735466cecf":"f.093A703FE9E59CF09BD9C73E01D6E334.d.59E316B297EA93B08C0999C209817127.e.12596","ELEMENT":"f.093A703FE9E59CF09BD9C73E01D6E334.d.59E316B297EA93B08C0999C209817127.e.12596"}]}
COMMAND: POST /session/4a8a75bcbd0d44f703d13edc121f15a8/element - {"using":"css selector","value":"#shell-header-logo"}
COMMAND: GET /session/4a8a75bcbd0d44f703d13edc121f15a8/screenshot - {}
RESULT: {"using":"css selector","value":"#shell-header-logo"}
COMMAND: POST /session/4a8a75bcbd0d44f703d13edc121f15a8/element/f.093A703FE9E59CF09BD9C73E01D6E334.d.59E316B297EA93B08C0999C209817127.e.9299/click - {}
RESULT: {}
RESULT: {}
COMMAND: GET /session/4a8a75bcbd0d44f703d13edc121f15a8/screenshot - {}
RESULT: {}
COMMAND: POST /session/4a8a75bcbd0d44f703d13edc121f15a8/element - {"using":"css selector","value":"#j_username"}
COMMAND: POST /session/4a8a75bcbd0d44f703d13edc121f15a8/url - {"url":"https://qa-testing-00-live-etm-ui.cfapps.eu10-004.hana.ondemand.com/"}
RESULT: {"using":"css selector","value":"#j_username"}
COMMAND: POST /session/4a8a75bcbd0d44f703d13edc121f15a8/element - {"using":"css selector","value":"#j_username"}
RESULT: {"url":"https://qa-testing-00-live-etm-ui.cfapps.eu10-004.hana.ondemand.com/"}
RESULT: undefined
COMMAND: GET /session/4a8a75bcbd0d44f703d13edc121f15a8/screenshot - {}
RESULT: {"using":"css selector","value":"#j_username"}
COMMAND: POST /session/4a8a75bcbd0d44f703d13edc121f15a8/element - {"using":"css selector","value":"#shell-header-logo"}
RESULT: {}
RESULT: {"using":"css selector","value":"#shell-header-logo"}
COMMAND: POST /session/4a8a75bcbd0d44f703d13edc121f15a8/execute/sync - {"script":"<script> [8489 bytes]","args":[{"element-6066-11e4-a52e-4f735466cecf":"f.093A703FE9E59CF09BD9C73E01D6E334.d.94757561066465149483EC3A958FD1E6.e.12612","ELEMENT":"f.093A703FE9E59CF09BD9C73E01D6E334.d.94757561066465149483EC3A958FD1E6.e.12612"}]}
RESULT: {"script":"<script> [8489 bytes]","args":[{"element-6066-11e4-a52e-4f735466cecf":"f.093A703FE9E59CF09BD9C73E01D6E334.d.94757561066465149483EC3A958FD1E6.e.12612","ELEMENT":"f.093A703FE9E59CF09BD9C73E01D6E334.d.94757561066465149483EC3A958FD1E6.e.12612"}]}
COMMAND: POST /session/4a8a75bcbd0d44f703d13edc121f15a8/element - {"using":"css selector","value":"#shell-header-logo"}
COMMAND: GET /session/4a8a75bcbd0d44f703d13edc121f15a8/screenshot - {}
RESULT: {"using":"css selector","value":"#shell-header-logo"}
COMMAND: POST /session/4a8a75bcbd0d44f703d13edc121f15a8/execute/sync - {"script":"<script> [8489 bytes]","args":[{"element-6066-11e4-a52e-4f735466cecf":"f.093A703FE9E59CF09BD9C73E01D6E334.d.94757561066465149483EC3A958FD1E6.e.12612","ELEMENT":"f.093A703FE9E59CF09BD9C73E01D6E334.d.94757561066465149483EC3A958FD1E6.e.12612"}]}
RESULT: {}
RESULT: {"script":"<script> [8489 bytes]","args":[{"element-6066-11e4-a52e-4f735466cecf":"f.093A703FE9E59CF09BD9C73E01D6E334.d.94757561066465149483EC3A958FD1E6.e.12612","ELEMENT":"f.093A703FE9E59CF09BD9C73E01D6E334.d.94757561066465149483EC3A958FD1E6.e.12612"}]}
COMMAND: POST /session/4a8a75bcbd0d44f703d13edc121f15a8/execute/sync - {"script":"<script> [5351 bytes]","args":[{"element-6066-11e4-a52e-4f735466cecf":"f.093A703FE9E59CF09BD9C73E01D6E334.d.94757561066465149483EC3A958FD1E6.e.12612","ELEMENT":"f.093A703FE9E59CF09BD9C73E01D6E334.d.94757561066465149483EC3A958FD1E6.e.12612"}]}
COMMAND: GET /session/4a8a75bcbd0d44f703d13edc121f15a8/screenshot - {}
RESULT: {"script":"<script> [5351 bytes]","args":[{"element-6066-11e4-a52e-4f735466cecf":"f.093A703FE9E59CF09BD9C73E01D6E334.d.94757561066465149483EC3A958FD1E6.e.12612","ELEMENT":"f.093A703FE9E59CF09BD9C73E01D6E334.d.94757561066465149483EC3A958FD1E6.e.12612"}]}
COMMAND: POST /session/4a8a75bcbd0d44f703d13edc121f15a8/element - {"using":"css selector","value":"#shell-header-logo"}
COMMAND: GET /session/4a8a75bcbd0d44f703d13edc121f15a8/screenshot - {}
RESULT: {}
RESULT: {"using":"css selector","value":"#shell-header-logo"}
COMMAND: POST /session/4a8a75bcbd0d44f703d13edc121f15a8/element/f.093A703FE9E59CF09BD9C73E01D6E334.d.94757561066465149483EC3A958FD1E6.e.12612/click - {}
RESULT: {}
RESULT: {}
COMMAND: GET /session/4a8a75bcbd0d44f703d13edc121f15a8/screenshot - {}
RESULT: {}
COMMAND: POST /session/4a8a75bcbd0d44f703d13edc121f15a8/execute/async - {"script":"<script> [189 bytes]","args":[]}
RESULT: {"script":"<script> [189 bytes]","args":[]}
COMMAND: POST /session/4a8a75bcbd0d44f703d13edc121f15a8/execute/async - {"script":"<script> [123 bytes]","args":[]}
RESULT: {"script":"<script> [123 bytes]","args":[]}
COMMAND: POST /session/4a8a75bcbd0d44f703d13edc121f15a8/timeouts - {"script":"<number>"}
RESULT: {"script":"<number>"}
COMMAND: GET /session/4a8a75bcbd0d44f703d13edc121f15a8/timeouts - {}
RESULT: {}
RESULT: undefined
COMMAND: POST /session/4a8a75bcbd0d44f703d13edc121f15a8/execute/async - {"script":"<script> [2676 bytes]","args":[]}
RESULT: {"script":"<script> [2676 bytes]","args":[]}
COMMAND: POST /session/4a8a75bcbd0d44f703d13edc121f15a8/execute/async - {"script":"<script> [2342 bytes]","args":[{"protocol":"http","hostname":"0.0.0.0","path":"/","capabilities":{"browserName":"chrome","goog:chromeOptions":{"binary":"C:\\Program Files\\Google\\Chrome\\Application\\chrome.exe","args":["--start-maximized"]}},"logLevel":"warn","connectionRetryTimeout":120000,"connectionRetryCount":3,"logLevels":{},"enableDirectConnect":true,"strictSSL":true,"_":"65 more keys: [\"cacheDir\",\"port\",\"requestedCapabilities\",\"automationProtocol\",\"baseUrl\",\"waitforInterval\",\"waitforTimeout\",\"onReload\",\"beforeCommand\",\"afterCommand\",\"rootDir\",\"specs\",\"suites\",\"exclude\",\"groupLogsByTestSpec\",\"excludeDriverLogs\",\"bail\",\"framework\",\"reporters\",\"services\",\"maxInstances\",\"maxInstancesPerCapability\",\"injectGlobals\",\"filesToWatch\",\"execArgv\",\"runnerEnv\",\"runner\",\"shard\",\"specFileRetries\",\"specFileRetriesDelay\",\"specFileRetriesDeferred\",\"reporterSyncInterval\",\"reporterSyncTimeout\",\"cucumberFeaturesWithLineNumbers\",\"autoCompileOpts\",\"mochaOpts\",\"jasmineOpts\",\"cucumberOpts\",\"onPrepare\",\"onWorkerStart\",\"onWorkerEnd\",\"before\",\"beforeSession\",\"beforeSuite\",\"beforeHook\",\"beforeTest\",\"afterTest\",\"afterHook\",\"afterSuite\",\"afterSession\",\"after\",\"onComplete\",\"beforeAssertion\",\"afterAssertion\",\"beforeFeature\",\"beforeScenario\",\"beforeStep\",\"afterStep\",\"afterScenario\",\"afterFeature\",\"_\",\"suite\",\"$0\",\"ignoredWorkerServices\",\"wdi5\"]"}]}
RESULT: {"script":"<script> [2342 bytes]","args":[{"protocol":"http","hostname":"0.0.0.0","path":"/","capabilities":{"browserName":"chrome","goog:chromeOptions":{"binary":"C:\\Program Files\\Google\\Chrome\\Application\\chrome.exe","args":["--start-maximized"]}},"logLevel":"warn","connectionRetryTimeout":120000,"connectionRetryCount":3,"logLevels":{},"enableDirectConnect":true,"strictSSL":true,"_":"65 more keys: [\"cacheDir\",\"port\",\"requestedCapabilities\",\"automationProtocol\",\"baseUrl\",\"waitforInterval\",\"waitforTimeout\",\"onReload\",\"beforeCommand\",\"afterCommand\",\"rootDir\",\"specs\",\"suites\",\"exclude\",\"groupLogsByTestSpec\",\"excludeDriverLogs\",\"bail\",\"framework\",\"reporters\",\"services\",\"maxInstances\",\"maxInstancesPerCapability\",\"injectGlobals\",\"filesToWatch\",\"execArgv\",\"runnerEnv\",\"runner\",\"shard\",\"specFileRetries\",\"specFileRetriesDelay\",\"specFileRetriesDeferred\",\"reporterSyncInterval\",\"reporterSyncTimeout\",\"cucumberFeaturesWithLineNumbers\",\"autoCompileOpts\",\"mochaOpts\",\"jasmineOpts\",\"cucumberOpts\",\"onPrepare\",\"onWorkerStart\",\"onWorkerEnd\",\"before\",\"beforeSession\",\"beforeSuite\",\"beforeHook\",\"beforeTest\",\"afterTest\",\"afterHook\",\"afterSuite\",\"afterSession\",\"after\",\"onComplete\",\"beforeAssertion\",\"afterAssertion\",\"beforeFeature\",\"beforeScenario\",\"beforeStep\",\"afterStep\",\"afterScenario\",\"afterFeature\",\"_\",\"suite\",\"$0\",\"ignoredWorkerServices\",\"wdi5\"]"}]}
COMMAND: POST /session/4a8a75bcbd0d44f703d13edc121f15a8/execute/async - {"script":"<script> [21126 bytes]","args":[35000]}
RESULT: {"script":"<script> [21126 bytes]","args":[35000]}
COMMAND: POST /session/4a8a75bcbd0d44f703d13edc121f15a8/window/maximize - {}
RESULT: {}
COMMAND: POST /session/4a8a75bcbd0d44f703d13edc121f15a8/execute/async - {"script":"<script> [1562 bytes]","args":[{"selector":{"id":"shell-header","interaction":{"idSuffix":"icon"}},"wdio_ui5_key":"shellheader"}]}
COMMAND: GET /session/4a8a75bcbd0d44f703d13edc121f15a8/screenshot - {}
RESULT: undefined
RESULT: {"script":"<script> [1562 bytes]","args":[{"selector":{"id":"shell-header","interaction":{"idSuffix":"icon"}},"wdio_ui5_key":"shellheader"}]}
RESULT: undefined
COMMAND: POST /session/4a8a75bcbd0d44f703d13edc121f15a8/refresh - {}
RESULT: {}
RESULT: {}
COMMAND: GET /session/4a8a75bcbd0d44f703d13edc121f15a8/screenshot - {}
RESULT: {}
COMMAND: POST /session/4a8a75bcbd0d44f703d13edc121f15a8/refresh - {}
RESULT: {}
COMMAND: GET /session/4a8a75bcbd0d44f703d13edc121f15a8/screenshot - {}
RESULT: {}
COMMAND: POST /session/4a8a75bcbd0d44f703d13edc121f15a8/window/fullscreen - {}
RESULT: {}
COMMAND: POST /session/4a8a75bcbd0d44f703d13edc121f15a8/execute/async - {"script":"<script> [189 bytes]","args":[]}
RESULT: {"script":"<script> [189 bytes]","args":[]}
COMMAND: POST /session/4a8a75bcbd0d44f703d13edc121f15a8/execute/async - {"script":"<script> [123 bytes]","args":[]}
RESULT: {"script":"<script> [123 bytes]","args":[]}
COMMAND: POST /session/4a8a75bcbd0d44f703d13edc121f15a8/timeouts - {"script":"<number>"}
RESULT: {"script":"<number>"}
COMMAND: GET /session/4a8a75bcbd0d44f703d13edc121f15a8/timeouts - {}
RESULT: {}
RESULT: undefined
COMMAND: POST /session/4a8a75bcbd0d44f703d13edc121f15a8/execute/async - {"script":"<script> [2676 bytes]","args":[]}
RESULT: {"script":"<script> [2676 bytes]","args":[]}
COMMAND: POST /session/4a8a75bcbd0d44f703d13edc121f15a8/execute/async - {"script":"<script> [2342 bytes]","args":[{"protocol":"http","hostname":"0.0.0.0","path":"/","capabilities":{"browserName":"chrome","goog:chromeOptions":{"binary":"C:\\Program Files\\Google\\Chrome\\Application\\chrome.exe","args":["--start-maximized"]}},"logLevel":"warn","connectionRetryTimeout":120000,"connectionRetryCount":3,"logLevels":{},"enableDirectConnect":true,"strictSSL":true,"_":"65 more keys: [\"cacheDir\",\"port\",\"requestedCapabilities\",\"automationProtocol\",\"baseUrl\",\"waitforInterval\",\"waitforTimeout\",\"onReload\",\"beforeCommand\",\"afterCommand\",\"rootDir\",\"specs\",\"suites\",\"exclude\",\"groupLogsByTestSpec\",\"excludeDriverLogs\",\"bail\",\"framework\",\"reporters\",\"services\",\"maxInstances\",\"maxInstancesPerCapability\",\"injectGlobals\",\"filesToWatch\",\"execArgv\",\"runnerEnv\",\"runner\",\"shard\",\"specFileRetries\",\"specFileRetriesDelay\",\"specFileRetriesDeferred\",\"reporterSyncInterval\",\"reporterSyncTimeout\",\"cucumberFeaturesWithLineNumbers\",\"autoCompileOpts\",\"mochaOpts\",\"jasmineOpts\",\"cucumberOpts\",\"onPrepare\",\"onWorkerStart\",\"onWorkerEnd\",\"before\",\"beforeSession\",\"beforeSuite\",\"beforeHook\",\"beforeTest\",\"afterTest\",\"afterHook\",\"afterSuite\",\"afterSession\",\"after\",\"onComplete\",\"beforeAssertion\",\"afterAssertion\",\"beforeFeature\",\"beforeScenario\",\"beforeStep\",\"afterStep\",\"afterScenario\",\"afterFeature\",\"_\",\"suite\",\"$0\",\"ignoredWorkerServices\",\"wdi5\"]"}]}
RESULT: {"script":"<script> [2342 bytes]","args":[{"protocol":"http","hostname":"0.0.0.0","path":"/","capabilities":{"browserName":"chrome","goog:chromeOptions":{"binary":"C:\\Program Files\\Google\\Chrome\\Application\\chrome.exe","args":["--start-maximized"]}},"logLevel":"warn","connectionRetryTimeout":120000,"connectionRetryCount":3,"logLevels":{},"enableDirectConnect":true,"strictSSL":true,"_":"65 more keys: [\"cacheDir\",\"port\",\"requestedCapabilities\",\"automationProtocol\",\"baseUrl\",\"waitforInterval\",\"waitforTimeout\",\"onReload\",\"beforeCommand\",\"afterCommand\",\"rootDir\",\"specs\",\"suites\",\"exclude\",\"groupLogsByTestSpec\",\"excludeDriverLogs\",\"bail\",\"framework\",\"reporters\",\"services\",\"maxInstances\",\"maxInstancesPerCapability\",\"injectGlobals\",\"filesToWatch\",\"execArgv\",\"runnerEnv\",\"runner\",\"shard\",\"specFileRetries\",\"specFileRetriesDelay\",\"specFileRetriesDeferred\",\"reporterSyncInterval\",\"reporterSyncTimeout\",\"cucumberFeaturesWithLineNumbers\",\"autoCompileOpts\",\"mochaOpts\",\"jasmineOpts\",\"cucumberOpts\",\"onPrepare\",\"onWorkerStart\",\"onWorkerEnd\",\"before\",\"beforeSession\",\"beforeSuite\",\"beforeHook\",\"beforeTest\",\"afterTest\",\"afterHook\",\"afterSuite\",\"afterSession\",\"after\",\"onComplete\",\"beforeAssertion\",\"afterAssertion\",\"beforeFeature\",\"beforeScenario\",\"beforeStep\",\"afterStep\",\"afterScenario\",\"afterFeature\",\"_\",\"suite\",\"$0\",\"ignoredWorkerServices\",\"wdi5\"]"}]}
COMMAND: POST /session/4a8a75bcbd0d44f703d13edc121f15a8/execute/async - {"script":"<script> [21126 bytes]","args":[35000]}
RESULT: {"script":"<script> [21126 bytes]","args":[35000]}
]]></system-out>
    </testcase>
  </testsuite>
  <testsuite timestamp="2025-06-14T17:59:58" time="576.348" tests="4" failures="1" errors="1" skipped="0">
    <properties>
      <property name="specId" value="0"/>
      <property name="suiteName" value="Create partner US118246"/>
      <property name="capabilities" value="chrome.137_0_7151_69.windows"/>
      <property name="file" value="file:///D:/a/1/s/test/specs/BTS/create-partner.spec.js"/>
    </properties>
    <testcase classname="chrome.137_0_7151_69.windows.Create_partner_US118246" name="Should create a new yard in case create yard failed" time="127.596">
      <system-out><![CDATA[
COMMAND: POST /session/4a8a75bcbd0d44f703d13edc121f15a8/window/fullscreen - {}
RESULT: {}
COMMAND: POST /session/4a8a75bcbd0d44f703d13edc121f15a8/execute/async - {"script":"<script> [1562 bytes]","args":[{"selector":{"controlType":"sap.m.GenericTile","properties":{"header":"Manage Yards"}},"wdio_ui5_key":"sapm.GenericTile{\"header\":\"Manage Yards\"}"}]}
RESULT: {"script":"<script> [1562 bytes]","args":[{"selector":{"controlType":"sap.m.GenericTile","properties":{"header":"Manage Yards"}},"wdio_ui5_key":"sapm.GenericTile{\"header\":\"Manage Yards\"}"}]}
RESULT: undefined
COMMAND: POST /session/4a8a75bcbd0d44f703d13edc121f15a8/element - {"using":"xpath","value":"//*[@id=\"__tile42\"]"}
RESULT: {"using":"xpath","value":"//*[@id=\"__tile42\"]"}
COMMAND: POST /session/4a8a75bcbd0d44f703d13edc121f15a8/element/f.093A703FE9E59CF09BD9C73E01D6E334.d.7BDA6DF0DB9936C19C79CFC7E483A1E7.e.12784/click - {}
RESULT: {}
COMMAND: GET /session/4a8a75bcbd0d44f703d13edc121f15a8/screenshot - {}
RESULT: {}
COMMAND: POST /session/4a8a75bcbd0d44f703d13edc121f15a8/elements - {"using":"xpath","value":"//span[text()='Error']"}
RESULT: {"using":"xpath","value":"//span[text()='Error']"}
COMMAND: POST /session/4a8a75bcbd0d44f703d13edc121f15a8/element - {"using":"xpath","value":"//button[@data-kt=\"addNewYardOverflowToolbarButton\"]"}
RESULT: {"using":"xpath","value":"//button[@data-kt=\"addNewYardOverflowToolbarButton\"]"}
COMMAND: POST /session/4a8a75bcbd0d44f703d13edc121f15a8/elements - {"using":"xpath","value":"//button[@data-kt=\"addNewYardOverflowToolbarButton\"]"}
RESULT: {"using":"xpath","value":"//button[@data-kt=\"addNewYardOverflowToolbarButton\"]"}
COMMAND: POST /session/4a8a75bcbd0d44f703d13edc121f15a8/elements - {"using":"xpath","value":"//button[@data-kt=\"addNewYardOverflowToolbarButton\"]"}
RESULT: {"using":"xpath","value":"//button[@data-kt=\"addNewYardOverflowToolbarButton\"]"}
COMMAND: POST /session/4a8a75bcbd0d44f703d13edc121f15a8/elements - {"using":"xpath","value":"//button[@data-kt=\"addNewYardOverflowToolbarButton\"]"}
RESULT: {"using":"xpath","value":"//button[@data-kt=\"addNewYardOverflowToolbarButton\"]"}
COMMAND: POST /session/4a8a75bcbd0d44f703d13edc121f15a8/elements - {"using":"xpath","value":"//button[@data-kt=\"addNewYardOverflowToolbarButton\"]"}
RESULT: {"using":"xpath","value":"//button[@data-kt=\"addNewYardOverflowToolbarButton\"]"}
COMMAND: POST /session/4a8a75bcbd0d44f703d13edc121f15a8/elements - {"using":"xpath","value":"//button[@data-kt=\"addNewYardOverflowToolbarButton\"]"}
RESULT: {"using":"xpath","value":"//button[@data-kt=\"addNewYardOverflowToolbarButton\"]"}
COMMAND: POST /session/4a8a75bcbd0d44f703d13edc121f15a8/element - {"using":"xpath","value":"//button[@data-kt=\"addNewYardOverflowToolbarButton\"]"}
RESULT: {"using":"xpath","value":"//button[@data-kt=\"addNewYardOverflowToolbarButton\"]"}
COMMAND: POST /session/4a8a75bcbd0d44f703d13edc121f15a8/execute/sync - {"script":"<script> [8489 bytes]","args":[{"element-6066-11e4-a52e-4f735466cecf":"f.093A703FE9E59CF09BD9C73E01D6E334.d.7BDA6DF0DB9936C19C79CFC7E483A1E7.e.12921","ELEMENT":"f.093A703FE9E59CF09BD9C73E01D6E334.d.7BDA6DF0DB9936C19C79CFC7E483A1E7.e.12921"}]}
RESULT: {"script":"<script> [8489 bytes]","args":[{"element-6066-11e4-a52e-4f735466cecf":"f.093A703FE9E59CF09BD9C73E01D6E334.d.7BDA6DF0DB9936C19C79CFC7E483A1E7.e.12921","ELEMENT":"f.093A703FE9E59CF09BD9C73E01D6E334.d.7BDA6DF0DB9936C19C79CFC7E483A1E7.e.12921"}]}
COMMAND: GET /session/4a8a75bcbd0d44f703d13edc121f15a8/element/f.093A703FE9E59CF09BD9C73E01D6E334.d.7BDA6DF0DB9936C19C79CFC7E483A1E7.e.12921/enabled - {}
COMMAND: GET /session/4a8a75bcbd0d44f703d13edc121f15a8/screenshot - {}
RESULT: {}
COMMAND: POST /session/4a8a75bcbd0d44f703d13edc121f15a8/execute/sync - {"script":"<script> [8489 bytes]","args":[{"element-6066-11e4-a52e-4f735466cecf":"f.093A703FE9E59CF09BD9C73E01D6E334.d.7BDA6DF0DB9936C19C79CFC7E483A1E7.e.12921","ELEMENT":"f.093A703FE9E59CF09BD9C73E01D6E334.d.7BDA6DF0DB9936C19C79CFC7E483A1E7.e.12921"}]}
COMMAND: GET /session/4a8a75bcbd0d44f703d13edc121f15a8/screenshot - {}
RESULT: {}
RESULT: {"script":"<script> [8489 bytes]","args":[{"element-6066-11e4-a52e-4f735466cecf":"f.093A703FE9E59CF09BD9C73E01D6E334.d.7BDA6DF0DB9936C19C79CFC7E483A1E7.e.12921","ELEMENT":"f.093A703FE9E59CF09BD9C73E01D6E334.d.7BDA6DF0DB9936C19C79CFC7E483A1E7.e.12921"}]}
COMMAND: POST /session/4a8a75bcbd0d44f703d13edc121f15a8/execute/sync - {"script":"<script> [5351 bytes]","args":[{"element-6066-11e4-a52e-4f735466cecf":"f.093A703FE9E59CF09BD9C73E01D6E334.d.7BDA6DF0DB9936C19C79CFC7E483A1E7.e.12921","ELEMENT":"f.093A703FE9E59CF09BD9C73E01D6E334.d.7BDA6DF0DB9936C19C79CFC7E483A1E7.e.12921"}]}
COMMAND: GET /session/4a8a75bcbd0d44f703d13edc121f15a8/screenshot - {}
RESULT: {}
RESULT: {"script":"<script> [5351 bytes]","args":[{"element-6066-11e4-a52e-4f735466cecf":"f.093A703FE9E59CF09BD9C73E01D6E334.d.7BDA6DF0DB9936C19C79CFC7E483A1E7.e.12921","ELEMENT":"f.093A703FE9E59CF09BD9C73E01D6E334.d.7BDA6DF0DB9936C19C79CFC7E483A1E7.e.12921"}]}
COMMAND: POST /session/4a8a75bcbd0d44f703d13edc121f15a8/element/f.093A703FE9E59CF09BD9C73E01D6E334.d.7BDA6DF0DB9936C19C79CFC7E483A1E7.e.12921/click - {}
COMMAND: GET /session/4a8a75bcbd0d44f703d13edc121f15a8/screenshot - {}
RESULT: {}
RESULT: {}
COMMAND: GET /session/4a8a75bcbd0d44f703d13edc121f15a8/screenshot - {}
RESULT: {}
COMMAND: POST /session/4a8a75bcbd0d44f703d13edc121f15a8/element - {"using":"xpath","value":"//input[@id=\"application-manageyards-display-component---NewYard--yardId-inner\"]"}
RESULT: {}
RESULT: {"using":"xpath","value":"//input[@id=\"application-manageyards-display-component---NewYard--yardId-inner\"]"}
COMMAND: POST /session/4a8a75bcbd0d44f703d13edc121f15a8/element - {"using":"xpath","value":"//input[@id=\"application-manageyards-display-component---NewYard--yardId-inner\"]"}
RESULT: {"using":"xpath","value":"//input[@id=\"application-manageyards-display-component---NewYard--yardId-inner\"]"}
COMMAND: POST /session/4a8a75bcbd0d44f703d13edc121f15a8/execute/async - {"script":"<script> [1562 bytes]","args":[{"selector":{"id":"application-manageyards-display-component---NewYard--addressDetailDetailsName1","interaction":{"idSuffix":"inner"}},"wdio_ui5_key":"applicationmanageyards-display-component---NewYard--addressDetailDetailsName1"}]}
RESULT: {"script":"<script> [1562 bytes]","args":[{"selector":{"id":"application-manageyards-display-component---NewYard--addressDetailDetailsName1","interaction":{"idSuffix":"inner"}},"wdio_ui5_key":"applicationmanageyards-display-component---NewYard--addressDetailDetailsName1"}]}
RESULT: undefined
COMMAND: POST /session/4a8a75bcbd0d44f703d13edc121f15a8/execute/async - {"script":"<script> [776 bytes]","args":[{"enterText":"Intracompany Yard wdIO","selector":{"id":"application-manageyards-display-component---NewYard--addressDetailDetailsName1","interaction":{"idSuffix":"inner"}},"clearTextFirst":true,"interactionType":"ENTER_TEXT"}]}
RESULT: {"script":"<script> [776 bytes]","args":[{"enterText":"Intracompany Yard wdIO","selector":{"id":"application-manageyards-display-component---NewYard--addressDetailDetailsName1","interaction":{"idSuffix":"inner"}},"clearTextFirst":true,"interactionType":"ENTER_TEXT"}]}
COMMAND: POST /session/4a8a75bcbd0d44f703d13edc121f15a8/execute/async - {"script":"<script> [1562 bytes]","args":[{"selector":{"id":"application-manageyards-display-component---NewYard--addressDetailDetailsLanguage-arrow"},"wdio_ui5_key":"applicationmanageyards-display-component---NewYard--addressDetailDetailsLanguage-arrow"}]}
RESULT: {"script":"<script> [1562 bytes]","args":[{"selector":{"id":"application-manageyards-display-component---NewYard--addressDetailDetailsLanguage-arrow"},"wdio_ui5_key":"applicationmanageyards-display-component---NewYard--addressDetailDetailsLanguage-arrow"}]}
RESULT: undefined
COMMAND: POST /session/4a8a75bcbd0d44f703d13edc121f15a8/element - {"using":"xpath","value":"//*[@id=\"application-manageyards-display-component---NewYard--addressDetailDetailsLanguage-arrow\"]"}
RESULT: {"using":"xpath","value":"//*[@id=\"application-manageyards-display-component---NewYard--addressDetailDetailsLanguage-arrow\"]"}
COMMAND: POST /session/4a8a75bcbd0d44f703d13edc121f15a8/element/f.093A703FE9E59CF09BD9C73E01D6E334.d.7BDA6DF0DB9936C19C79CFC7E483A1E7.e.13352/click - {}
RESULT: {}
COMMAND: POST /session/4a8a75bcbd0d44f703d13edc121f15a8/element - {"using":"xpath","value":"//span[contains(text(), \"English\")]"}
COMMAND: GET /session/4a8a75bcbd0d44f703d13edc121f15a8/screenshot - {}
RESULT: {"using":"xpath","value":"//span[contains(text(), \"English\")]"}
COMMAND: POST /session/4a8a75bcbd0d44f703d13edc121f15a8/element/f.093A703FE9E59CF09BD9C73E01D6E334.d.7BDA6DF0DB9936C19C79CFC7E483A1E7.e.13353/click - {}
RESULT: {}
RESULT: {}
COMMAND: POST /session/4a8a75bcbd0d44f703d13edc121f15a8/execute/async - {"script":"<script> [1562 bytes]","args":[{"selector":{"id":"application-manageyards-display-component---NewYard--addressDetailDetailsCity1","interaction":{"idSuffix":"inner"}},"wdio_ui5_key":"applicationmanageyards-display-component---NewYard--addressDetailDetailsCity1"}]}
COMMAND: GET /session/4a8a75bcbd0d44f703d13edc121f15a8/screenshot - {}
RESULT: {"script":"<script> [1562 bytes]","args":[{"selector":{"id":"application-manageyards-display-component---NewYard--addressDetailDetailsCity1","interaction":{"idSuffix":"inner"}},"wdio_ui5_key":"applicationmanageyards-display-component---NewYard--addressDetailDetailsCity1"}]}
RESULT: undefined
COMMAND: POST /session/4a8a75bcbd0d44f703d13edc121f15a8/execute/async - {"script":"<script> [776 bytes]","args":[{"enterText":"Rosario","selector":{"id":"application-manageyards-display-component---NewYard--addressDetailDetailsCity1","interaction":{"idSuffix":"inner"}},"clearTextFirst":true,"interactionType":"ENTER_TEXT"}]}
RESULT: {}
RESULT: {"script":"<script> [776 bytes]","args":[{"enterText":"Rosario","selector":{"id":"application-manageyards-display-component---NewYard--addressDetailDetailsCity1","interaction":{"idSuffix":"inner"}},"clearTextFirst":true,"interactionType":"ENTER_TEXT"}]}
COMMAND: POST /session/4a8a75bcbd0d44f703d13edc121f15a8/execute/async - {"script":"<script> [1562 bytes]","args":[{"selector":{"id":"application-manageyards-display-component---NewYard--addressDetailDetailsCountry-arrow"},"wdio_ui5_key":"applicationmanageyards-display-component---NewYard--addressDetailDetailsCountry-arrow"}]}
RESULT: {"script":"<script> [1562 bytes]","args":[{"selector":{"id":"application-manageyards-display-component---NewYard--addressDetailDetailsCountry-arrow"},"wdio_ui5_key":"applicationmanageyards-display-component---NewYard--addressDetailDetailsCountry-arrow"}]}
RESULT: undefined
COMMAND: POST /session/4a8a75bcbd0d44f703d13edc121f15a8/element - {"using":"xpath","value":"//*[@id=\"application-manageyards-display-component---NewYard--addressDetailDetailsCountry-arrow\"]"}
RESULT: {"using":"xpath","value":"//*[@id=\"application-manageyards-display-component---NewYard--addressDetailDetailsCountry-arrow\"]"}
COMMAND: POST /session/4a8a75bcbd0d44f703d13edc121f15a8/element/f.093A703FE9E59CF09BD9C73E01D6E334.d.7BDA6DF0DB9936C19C79CFC7E483A1E7.e.13355/click - {}
RESULT: {}
COMMAND: POST /session/4a8a75bcbd0d44f703d13edc121f15a8/element - {"using":"xpath","value":"//span[contains(text(), \"Argentina\")]"}
COMMAND: GET /session/4a8a75bcbd0d44f703d13edc121f15a8/screenshot - {}
RESULT: {"using":"xpath","value":"//span[contains(text(), \"Argentina\")]"}
COMMAND: POST /session/4a8a75bcbd0d44f703d13edc121f15a8/element/f.093A703FE9E59CF09BD9C73E01D6E334.d.7BDA6DF0DB9936C19C79CFC7E483A1E7.e.13356/click - {}
RESULT: {}
RESULT: {}
COMMAND: POST /session/4a8a75bcbd0d44f703d13edc121f15a8/execute/async - {"script":"<script> [1562 bytes]","args":[{"selector":{"id":"application-manageyards-display-component---NewYard--addressEditDetailsCostObjectCstType-arrow"},"wdio_ui5_key":"applicationmanageyards-display-component---NewYard--addressEditDetailsCostObjectCstType-arrow"}]}
COMMAND: GET /session/4a8a75bcbd0d44f703d13edc121f15a8/screenshot - {}
RESULT: {"script":"<script> [1562 bytes]","args":[{"selector":{"id":"application-manageyards-display-component---NewYard--addressEditDetailsCostObjectCstType-arrow"},"wdio_ui5_key":"applicationmanageyards-display-component---NewYard--addressEditDetailsCostObjectCstType-arrow"}]}
RESULT: undefined
COMMAND: POST /session/4a8a75bcbd0d44f703d13edc121f15a8/element - {"using":"xpath","value":"//*[@id=\"application-manageyards-display-component---NewYard--addressEditDetailsCostObjectCstType-arrow\"]"}
RESULT: {}
RESULT: {"using":"xpath","value":"//*[@id=\"application-manageyards-display-component---NewYard--addressEditDetailsCostObjectCstType-arrow\"]"}
COMMAND: POST /session/4a8a75bcbd0d44f703d13edc121f15a8/element/f.093A703FE9E59CF09BD9C73E01D6E334.d.7BDA6DF0DB9936C19C79CFC7E483A1E7.e.13358/click - {}
RESULT: {}
COMMAND: POST /session/4a8a75bcbd0d44f703d13edc121f15a8/element - {"using":"xpath","value":"//span[contains(text(), \"Cost Center\")]"}
COMMAND: GET /session/4a8a75bcbd0d44f703d13edc121f15a8/screenshot - {}
RESULT: {"using":"xpath","value":"//span[contains(text(), \"Cost Center\")]"}
COMMAND: POST /session/4a8a75bcbd0d44f703d13edc121f15a8/element/f.093A703FE9E59CF09BD9C73E01D6E334.d.7BDA6DF0DB9936C19C79CFC7E483A1E7.e.13359/click - {}
RESULT: {}
RESULT: {}
COMMAND: GET /session/4a8a75bcbd0d44f703d13edc121f15a8/screenshot - {}
RESULT: {}
COMMAND: POST /session/4a8a75bcbd0d44f703d13edc121f15a8/element - {"using":"xpath","value":"//span[@id=\"application-manageyards-display-component---NewYard--addressNewCostObjectCstID-vhi\"]"}
RESULT: {"using":"xpath","value":"//span[@id=\"application-manageyards-display-component---NewYard--addressNewCostObjectCstID-vhi\"]"}
COMMAND: POST /session/4a8a75bcbd0d44f703d13edc121f15a8/execute/sync - {"script":"<script> [8489 bytes]","args":[{"element-6066-11e4-a52e-4f735466cecf":"f.093A703FE9E59CF09BD9C73E01D6E334.d.7BDA6DF0DB9936C19C79CFC7E483A1E7.e.13363","ELEMENT":"f.093A703FE9E59CF09BD9C73E01D6E334.d.7BDA6DF0DB9936C19C79CFC7E483A1E7.e.13363"}]}
RESULT: {"script":"<script> [8489 bytes]","args":[{"element-6066-11e4-a52e-4f735466cecf":"f.093A703FE9E59CF09BD9C73E01D6E334.d.7BDA6DF0DB9936C19C79CFC7E483A1E7.e.13363","ELEMENT":"f.093A703FE9E59CF09BD9C73E01D6E334.d.7BDA6DF0DB9936C19C79CFC7E483A1E7.e.13363"}]}
COMMAND: POST /session/4a8a75bcbd0d44f703d13edc121f15a8/execute/async - {"script":"<script> [1562 bytes]","args":[{"selector":{"id":"application-manageyards-display-component---NewYard--addressNewCostObjectCstID-vhi"},"wdio_ui5_key":"applicationmanageyards-display-component---NewYard--addressNewCostObjectCstID-vhi"}]}
COMMAND: GET /session/4a8a75bcbd0d44f703d13edc121f15a8/screenshot - {}
RESULT: {"script":"<script> [1562 bytes]","args":[{"selector":{"id":"application-manageyards-display-component---NewYard--addressNewCostObjectCstID-vhi"},"wdio_ui5_key":"applicationmanageyards-display-component---NewYard--addressNewCostObjectCstID-vhi"}]}
RESULT: undefined
COMMAND: POST /session/4a8a75bcbd0d44f703d13edc121f15a8/element - {"using":"xpath","value":"//*[@id=\"application-manageyards-display-component---NewYard--addressNewCostObjectCstID-vhi\"]"}
RESULT: {}
RESULT: {"using":"xpath","value":"//*[@id=\"application-manageyards-display-component---NewYard--addressNewCostObjectCstID-vhi\"]"}
COMMAND: POST /session/4a8a75bcbd0d44f703d13edc121f15a8/element/f.093A703FE9E59CF09BD9C73E01D6E334.d.7BDA6DF0DB9936C19C79CFC7E483A1E7.e.13363/click - {}
RESULT: {}
COMMAND: GET /session/4a8a75bcbd0d44f703d13edc121f15a8/screenshot - {}
RESULT: {}
COMMAND: POST /session/4a8a75bcbd0d44f703d13edc121f15a8/execute/async - {"script":"<script> [1562 bytes]","args":[{"selector":{"controlType":"sap.m.SearchField","properties":{"placeholder":"Search"},"searchOpenDialogs":true,"interaction":{"idSuffix":"I"}},"wdio_ui5_key":"sapm.SearchField{\"placeholder\":\"Search\"}"}]}
RESULT: {"script":"<script> [1562 bytes]","args":[{"selector":{"controlType":"sap.m.SearchField","properties":{"placeholder":"Search"},"searchOpenDialogs":true,"interaction":{"idSuffix":"I"}},"wdio_ui5_key":"sapm.SearchField{\"placeholder\":\"Search\"}"}]}
RESULT: undefined
COMMAND: POST /session/4a8a75bcbd0d44f703d13edc121f15a8/execute/async - {"script":"<script> [776 bytes]","args":[{"enterText":"bauh_b","selector":{"controlType":"sap.m.SearchField","properties":{"placeholder":"Search"},"searchOpenDialogs":true,"interaction":{"idSuffix":"I"}},"clearTextFirst":true,"interactionType":"ENTER_TEXT"}]}
RESULT: {"script":"<script> [776 bytes]","args":[{"enterText":"bauh_b","selector":{"controlType":"sap.m.SearchField","properties":{"placeholder":"Search"},"searchOpenDialogs":true,"interaction":{"idSuffix":"I"}},"clearTextFirst":true,"interactionType":"ENTER_TEXT"}]}
COMMAND: POST /session/4a8a75bcbd0d44f703d13edc121f15a8/actions - {"actions":[{"id":"action37","type":"key","parameters":{},"actions":[{"type":"keyDown","value":""},{"type":"pause","duration":10},{"type":"keyUp","value":""}]}]}
RESULT: {"actions":[{"id":"action37","type":"key","parameters":{},"actions":[{"type":"keyDown","value":""},{"type":"pause","duration":10},{"type":"keyUp","value":""}]}]}
COMMAND: GET /session/4a8a75bcbd0d44f703d13edc121f15a8/screenshot - {}
RESULT: {}
COMMAND: POST /session/4a8a75bcbd0d44f703d13edc121f15a8/element - {"using":"xpath","value":"//span[contains(text(), \"Demo Yard\")]"}
RESULT: {"using":"xpath","value":"//span[contains(text(), \"Demo Yard\")]"}
COMMAND: POST /session/4a8a75bcbd0d44f703d13edc121f15a8/element/f.093A703FE9E59CF09BD9C73E01D6E334.d.7BDA6DF0DB9936C19C79CFC7E483A1E7.e.13404/click - {}
RESULT: {}
COMMAND: GET /session/4a8a75bcbd0d44f703d13edc121f15a8/screenshot - {}
RESULT: {}
COMMAND: POST /session/4a8a75bcbd0d44f703d13edc121f15a8/element - {"using":"xpath","value":"//bdi[contains(text(), \"OK\")]"}
RESULT: {"using":"xpath","value":"//bdi[contains(text(), \"OK\")]"}
COMMAND: POST /session/4a8a75bcbd0d44f703d13edc121f15a8/element/f.093A703FE9E59CF09BD9C73E01D6E334.d.7BDA6DF0DB9936C19C79CFC7E483A1E7.e.13405/click - {}
RESULT: {}
COMMAND: GET /session/4a8a75bcbd0d44f703d13edc121f15a8/screenshot - {}
RESULT: {}
COMMAND: POST /session/4a8a75bcbd0d44f703d13edc121f15a8/execute/async - {"script":"<script> [1562 bytes]","args":[{"selector":{"id":"application-manageyards-display-component---NewYard--addressEditDetailsCurrency-arrow"},"wdio_ui5_key":"applicationmanageyards-display-component---NewYard--addressEditDetailsCurrency-arrow"}]}
RESULT: {"script":"<script> [1562 bytes]","args":[{"selector":{"id":"application-manageyards-display-component---NewYard--addressEditDetailsCurrency-arrow"},"wdio_ui5_key":"applicationmanageyards-display-component---NewYard--addressEditDetailsCurrency-arrow"}]}
RESULT: undefined
COMMAND: POST /session/4a8a75bcbd0d44f703d13edc121f15a8/element - {"using":"xpath","value":"//*[@id=\"application-manageyards-display-component---NewYard--addressEditDetailsCurrency-arrow\"]"}
RESULT: {"using":"xpath","value":"//*[@id=\"application-manageyards-display-component---NewYard--addressEditDetailsCurrency-arrow\"]"}
COMMAND: POST /session/4a8a75bcbd0d44f703d13edc121f15a8/element/f.093A703FE9E59CF09BD9C73E01D6E334.d.7BDA6DF0DB9936C19C79CFC7E483A1E7.e.13408/click - {}
RESULT: {}
COMMAND: POST /session/4a8a75bcbd0d44f703d13edc121f15a8/element - {"using":"xpath","value":"//span[contains(text(), \"Euro\")]"}
COMMAND: GET /session/4a8a75bcbd0d44f703d13edc121f15a8/screenshot - {}
RESULT: {"using":"xpath","value":"//span[contains(text(), \"Euro\")]"}
COMMAND: POST /session/4a8a75bcbd0d44f703d13edc121f15a8/element/f.093A703FE9E59CF09BD9C73E01D6E334.d.7BDA6DF0DB9936C19C79CFC7E483A1E7.e.13409/click - {}
RESULT: {}
RESULT: {}
COMMAND: POST /session/4a8a75bcbd0d44f703d13edc121f15a8/execute/async - {"script":"<script> [1562 bytes]","args":[{"selector":{"controlType":"sap.m.Input","viewName":"etm.portal.ui.manageyards.view.New","viewId":"application-manageyards-display-component---NewYard","bindingPath":{"path":"","propertyPath":"/CONTROLLING_AREA","modelName":"NewYardModel"},"interaction":{"idSuffix":"inner"}},"wdio_ui5_key":"etmportal.ui.manageyards.view.Newsap.m.Input{\"path\":\"\",\"propertyPath\":\"/CONTROLLING_AREA\",\"modelName\":\"NewYardModel\"}"}]}
COMMAND: GET /session/4a8a75bcbd0d44f703d13edc121f15a8/screenshot - {}
RESULT: {"script":"<script> [1562 bytes]","args":[{"selector":{"controlType":"sap.m.Input","viewName":"etm.portal.ui.manageyards.view.New","viewId":"application-manageyards-display-component---NewYard","bindingPath":{"path":"","propertyPath":"/CONTROLLING_AREA","modelName":"NewYardModel"},"interaction":{"idSuffix":"inner"}},"wdio_ui5_key":"etmportal.ui.manageyards.view.Newsap.m.Input{\"path\":\"\",\"propertyPath\":\"/CONTROLLING_AREA\",\"modelName\":\"NewYardModel\"}"}]}
RESULT: undefined
COMMAND: POST /session/4a8a75bcbd0d44f703d13edc121f15a8/execute/async - {"script":"<script> [776 bytes]","args":[{"enterText":"Z001","selector":{"controlType":"sap.m.Input","viewName":"etm.portal.ui.manageyards.view.New","viewId":"application-manageyards-display-component---NewYard","bindingPath":{"path":"","propertyPath":"/CONTROLLING_AREA","modelName":"NewYardModel"},"interaction":{"idSuffix":"inner"}},"clearTextFirst":true,"interactionType":"ENTER_TEXT"}]}
RESULT: {}
RESULT: {"script":"<script> [776 bytes]","args":[{"enterText":"Z001","selector":{"controlType":"sap.m.Input","viewName":"etm.portal.ui.manageyards.view.New","viewId":"application-manageyards-display-component---NewYard","bindingPath":{"path":"","propertyPath":"/CONTROLLING_AREA","modelName":"NewYardModel"},"interaction":{"idSuffix":"inner"}},"clearTextFirst":true,"interactionType":"ENTER_TEXT"}]}
COMMAND: POST /session/4a8a75bcbd0d44f703d13edc121f15a8/execute/async - {"script":"<script> [1562 bytes]","args":[{"selector":{"id":"application-manageyards-display-component---NewYard--companyCodeComboBox","interaction":{"idSuffix":"inner"}},"wdio_ui5_key":"applicationmanageyards-display-component---NewYard--companyCodeComboBox"}]}
RESULT: {"script":"<script> [1562 bytes]","args":[{"selector":{"id":"application-manageyards-display-component---NewYard--companyCodeComboBox","interaction":{"idSuffix":"inner"}},"wdio_ui5_key":"applicationmanageyards-display-component---NewYard--companyCodeComboBox"}]}
RESULT: undefined
COMMAND: POST /session/4a8a75bcbd0d44f703d13edc121f15a8/execute/async - {"script":"<script> [776 bytes]","args":[{"enterText":"1000","selector":{"id":"application-manageyards-display-component---NewYard--companyCodeComboBox","interaction":{"idSuffix":"inner"}},"clearTextFirst":true,"interactionType":"ENTER_TEXT"}]}
RESULT: {"script":"<script> [776 bytes]","args":[{"enterText":"1000","selector":{"id":"application-manageyards-display-component---NewYard--companyCodeComboBox","interaction":{"idSuffix":"inner"}},"clearTextFirst":true,"interactionType":"ENTER_TEXT"}]}
COMMAND: POST /session/4a8a75bcbd0d44f703d13edc121f15a8/execute/async - {"script":"<script> [1562 bytes]","args":[{"selector":{"controlType":"sap.m.Input","viewName":"etm.portal.ui.manageyards.view.New","viewId":"application-manageyards-display-component---NewYard","bindingPath":{"path":"","propertyPath":"/PLANT","modelName":"NewYardModel"},"interaction":{"idSuffix":"inner"}},"wdio_ui5_key":"etmportal.ui.manageyards.view.Newsap.m.Input{\"path\":\"\",\"propertyPath\":\"/PLANT\",\"modelName\":\"NewYardModel\"}"}]}
RESULT: {"script":"<script> [1562 bytes]","args":[{"selector":{"controlType":"sap.m.Input","viewName":"etm.portal.ui.manageyards.view.New","viewId":"application-manageyards-display-component---NewYard","bindingPath":{"path":"","propertyPath":"/PLANT","modelName":"NewYardModel"},"interaction":{"idSuffix":"inner"}},"wdio_ui5_key":"etmportal.ui.manageyards.view.Newsap.m.Input{\"path\":\"\",\"propertyPath\":\"/PLANT\",\"modelName\":\"NewYardModel\"}"}]}
RESULT: undefined
COMMAND: POST /session/4a8a75bcbd0d44f703d13edc121f15a8/execute/async - {"script":"<script> [776 bytes]","args":[{"enterText":"1001","selector":{"controlType":"sap.m.Input","viewName":"etm.portal.ui.manageyards.view.New","viewId":"application-manageyards-display-component---NewYard","bindingPath":{"path":"","propertyPath":"/PLANT","modelName":"NewYardModel"},"interaction":{"idSuffix":"inner"}},"clearTextFirst":true,"interactionType":"ENTER_TEXT"}]}
RESULT: {"script":"<script> [776 bytes]","args":[{"enterText":"1001","selector":{"controlType":"sap.m.Input","viewName":"etm.portal.ui.manageyards.view.New","viewId":"application-manageyards-display-component---NewYard","bindingPath":{"path":"","propertyPath":"/PLANT","modelName":"NewYardModel"},"interaction":{"idSuffix":"inner"}},"clearTextFirst":true,"interactionType":"ENTER_TEXT"}]}
COMMAND: POST /session/4a8a75bcbd0d44f703d13edc121f15a8/execute/async - {"script":"<script> [1562 bytes]","args":[{"selector":{"controlType":"sap.m.Input","viewName":"etm.portal.ui.manageyards.view.New","viewId":"application-manageyards-display-component---NewYard","bindingPath":{"path":"","propertyPath":"/SALES_AREA_VKORG","modelName":"NewYardModel"},"interaction":{"idSuffix":"inner"}},"wdio_ui5_key":"etmportal.ui.manageyards.view.Newsap.m.Input{\"path\":\"\",\"propertyPath\":\"/SALES_AREA_VKORG\",\"modelName\":\"NewYardModel\"}"}]}
RESULT: {"script":"<script> [1562 bytes]","args":[{"selector":{"controlType":"sap.m.Input","viewName":"etm.portal.ui.manageyards.view.New","viewId":"application-manageyards-display-component---NewYard","bindingPath":{"path":"","propertyPath":"/SALES_AREA_VKORG","modelName":"NewYardModel"},"interaction":{"idSuffix":"inner"}},"wdio_ui5_key":"etmportal.ui.manageyards.view.Newsap.m.Input{\"path\":\"\",\"propertyPath\":\"/SALES_AREA_VKORG\",\"modelName\":\"NewYardModel\"}"}]}
RESULT: undefined
COMMAND: POST /session/4a8a75bcbd0d44f703d13edc121f15a8/execute/async - {"script":"<script> [776 bytes]","args":[{"enterText":"C002","selector":{"controlType":"sap.m.Input","viewName":"etm.portal.ui.manageyards.view.New","viewId":"application-manageyards-display-component---NewYard","bindingPath":{"path":"","propertyPath":"/SALES_AREA_VKORG","modelName":"NewYardModel"},"interaction":{"idSuffix":"inner"}},"clearTextFirst":true,"interactionType":"ENTER_TEXT"}]}
RESULT: {"script":"<script> [776 bytes]","args":[{"enterText":"C002","selector":{"controlType":"sap.m.Input","viewName":"etm.portal.ui.manageyards.view.New","viewId":"application-manageyards-display-component---NewYard","bindingPath":{"path":"","propertyPath":"/SALES_AREA_VKORG","modelName":"NewYardModel"},"interaction":{"idSuffix":"inner"}},"clearTextFirst":true,"interactionType":"ENTER_TEXT"}]}
COMMAND: POST /session/4a8a75bcbd0d44f703d13edc121f15a8/execute/async - {"script":"<script> [1562 bytes]","args":[{"selector":{"controlType":"sap.m.Input","viewName":"etm.portal.ui.manageyards.view.New","viewId":"application-manageyards-display-component---NewYard","bindingPath":{"path":"","propertyPath":"/SALES_AREA_VTWEG","modelName":"NewYardModel"},"interaction":{"idSuffix":"inner"}},"wdio_ui5_key":"etmportal.ui.manageyards.view.Newsap.m.Input{\"path\":\"\",\"propertyPath\":\"/SALES_AREA_VTWEG\",\"modelName\":\"NewYardModel\"}"}]}
RESULT: {"script":"<script> [1562 bytes]","args":[{"selector":{"controlType":"sap.m.Input","viewName":"etm.portal.ui.manageyards.view.New","viewId":"application-manageyards-display-component---NewYard","bindingPath":{"path":"","propertyPath":"/SALES_AREA_VTWEG","modelName":"NewYardModel"},"interaction":{"idSuffix":"inner"}},"wdio_ui5_key":"etmportal.ui.manageyards.view.Newsap.m.Input{\"path\":\"\",\"propertyPath\":\"/SALES_AREA_VTWEG\",\"modelName\":\"NewYardModel\"}"}]}
RESULT: undefined
COMMAND: POST /session/4a8a75bcbd0d44f703d13edc121f15a8/execute/async - {"script":"<script> [776 bytes]","args":[{"enterText":"C2","selector":{"controlType":"sap.m.Input","viewName":"etm.portal.ui.manageyards.view.New","viewId":"application-manageyards-display-component---NewYard","bindingPath":{"path":"","propertyPath":"/SALES_AREA_VTWEG","modelName":"NewYardModel"},"interaction":{"idSuffix":"inner"}},"clearTextFirst":true,"interactionType":"ENTER_TEXT"}]}
RESULT: {"script":"<script> [776 bytes]","args":[{"enterText":"C2","selector":{"controlType":"sap.m.Input","viewName":"etm.portal.ui.manageyards.view.New","viewId":"application-manageyards-display-component---NewYard","bindingPath":{"path":"","propertyPath":"/SALES_AREA_VTWEG","modelName":"NewYardModel"},"interaction":{"idSuffix":"inner"}},"clearTextFirst":true,"interactionType":"ENTER_TEXT"}]}
COMMAND: POST /session/4a8a75bcbd0d44f703d13edc121f15a8/execute/async - {"script":"<script> [1562 bytes]","args":[{"selector":{"controlType":"sap.m.Input","viewName":"etm.portal.ui.manageyards.view.New","viewId":"application-manageyards-display-component---NewYard","bindingPath":{"path":"","propertyPath":"/SALES_AREA_SPART","modelName":"NewYardModel"},"interaction":{"idSuffix":"inner"}},"wdio_ui5_key":"etmportal.ui.manageyards.view.Newsap.m.Input{\"path\":\"\",\"propertyPath\":\"/SALES_AREA_SPART\",\"modelName\":\"NewYardModel\"}"}]}
RESULT: {"script":"<script> [1562 bytes]","args":[{"selector":{"controlType":"sap.m.Input","viewName":"etm.portal.ui.manageyards.view.New","viewId":"application-manageyards-display-component---NewYard","bindingPath":{"path":"","propertyPath":"/SALES_AREA_SPART","modelName":"NewYardModel"},"interaction":{"idSuffix":"inner"}},"wdio_ui5_key":"etmportal.ui.manageyards.view.Newsap.m.Input{\"path\":\"\",\"propertyPath\":\"/SALES_AREA_SPART\",\"modelName\":\"NewYardModel\"}"}]}
RESULT: undefined
COMMAND: POST /session/4a8a75bcbd0d44f703d13edc121f15a8/execute/async - {"script":"<script> [776 bytes]","args":[{"enterText":"C2","selector":{"controlType":"sap.m.Input","viewName":"etm.portal.ui.manageyards.view.New","viewId":"application-manageyards-display-component---NewYard","bindingPath":{"path":"","propertyPath":"/SALES_AREA_SPART","modelName":"NewYardModel"},"interaction":{"idSuffix":"inner"}},"clearTextFirst":true,"interactionType":"ENTER_TEXT"}]}
RESULT: {"script":"<script> [776 bytes]","args":[{"enterText":"C2","selector":{"controlType":"sap.m.Input","viewName":"etm.portal.ui.manageyards.view.New","viewId":"application-manageyards-display-component---NewYard","bindingPath":{"path":"","propertyPath":"/SALES_AREA_SPART","modelName":"NewYardModel"},"interaction":{"idSuffix":"inner"}},"clearTextFirst":true,"interactionType":"ENTER_TEXT"}]}
COMMAND: POST /session/4a8a75bcbd0d44f703d13edc121f15a8/execute/async - {"script":"<script> [1562 bytes]","args":[{"selector":{"controlType":"sap.m.Input","viewName":"etm.portal.ui.manageyards.view.New","viewId":"application-manageyards-display-component---NewYard","bindingPath":{"path":"","propertyPath":"/SHIP_POINT","modelName":"NewYardModel"},"interaction":{"idSuffix":"inner"}},"wdio_ui5_key":"etmportal.ui.manageyards.view.Newsap.m.Input{\"path\":\"\",\"propertyPath\":\"/SHIP_POINT\",\"modelName\":\"NewYardModel\"}"}]}
RESULT: {"script":"<script> [1562 bytes]","args":[{"selector":{"controlType":"sap.m.Input","viewName":"etm.portal.ui.manageyards.view.New","viewId":"application-manageyards-display-component---NewYard","bindingPath":{"path":"","propertyPath":"/SHIP_POINT","modelName":"NewYardModel"},"interaction":{"idSuffix":"inner"}},"wdio_ui5_key":"etmportal.ui.manageyards.view.Newsap.m.Input{\"path\":\"\",\"propertyPath\":\"/SHIP_POINT\",\"modelName\":\"NewYardModel\"}"}]}
RESULT: undefined
COMMAND: POST /session/4a8a75bcbd0d44f703d13edc121f15a8/execute/async - {"script":"<script> [776 bytes]","args":[{"enterText":"1710","selector":{"controlType":"sap.m.Input","viewName":"etm.portal.ui.manageyards.view.New","viewId":"application-manageyards-display-component---NewYard","bindingPath":{"path":"","propertyPath":"/SHIP_POINT","modelName":"NewYardModel"},"interaction":{"idSuffix":"inner"}},"clearTextFirst":true,"interactionType":"ENTER_TEXT"}]}
RESULT: {"script":"<script> [776 bytes]","args":[{"enterText":"1710","selector":{"controlType":"sap.m.Input","viewName":"etm.portal.ui.manageyards.view.New","viewId":"application-manageyards-display-component---NewYard","bindingPath":{"path":"","propertyPath":"/SHIP_POINT","modelName":"NewYardModel"},"interaction":{"idSuffix":"inner"}},"clearTextFirst":true,"interactionType":"ENTER_TEXT"}]}
COMMAND: POST /session/4a8a75bcbd0d44f703d13edc121f15a8/execute/async - {"script":"<script> [1562 bytes]","args":[{"selector":{"controlType":"sap.m.Input","viewName":"etm.portal.ui.manageyards.view.New","viewId":"application-manageyards-display-component---NewYard","bindingPath":{"path":"","propertyPath":"/DELIVERY_TYPE","modelName":"NewYardModel"},"interaction":{"idSuffix":"inner"}},"wdio_ui5_key":"etmportal.ui.manageyards.view.Newsap.m.Input{\"path\":\"\",\"propertyPath\":\"/DELIVERY_TYPE\",\"modelName\":\"NewYardModel\"}"}]}
RESULT: {"script":"<script> [1562 bytes]","args":[{"selector":{"controlType":"sap.m.Input","viewName":"etm.portal.ui.manageyards.view.New","viewId":"application-manageyards-display-component---NewYard","bindingPath":{"path":"","propertyPath":"/DELIVERY_TYPE","modelName":"NewYardModel"},"interaction":{"idSuffix":"inner"}},"wdio_ui5_key":"etmportal.ui.manageyards.view.Newsap.m.Input{\"path\":\"\",\"propertyPath\":\"/DELIVERY_TYPE\",\"modelName\":\"NewYardModel\"}"}]}
RESULT: undefined
COMMAND: POST /session/4a8a75bcbd0d44f703d13edc121f15a8/execute/async - {"script":"<script> [776 bytes]","args":[{"enterText":"ZL01","selector":{"controlType":"sap.m.Input","viewName":"etm.portal.ui.manageyards.view.New","viewId":"application-manageyards-display-component---NewYard","bindingPath":{"path":"","propertyPath":"/DELIVERY_TYPE","modelName":"NewYardModel"},"interaction":{"idSuffix":"inner"}},"clearTextFirst":true,"interactionType":"ENTER_TEXT"}]}
RESULT: {"script":"<script> [776 bytes]","args":[{"enterText":"ZL01","selector":{"controlType":"sap.m.Input","viewName":"etm.portal.ui.manageyards.view.New","viewId":"application-manageyards-display-component---NewYard","bindingPath":{"path":"","propertyPath":"/DELIVERY_TYPE","modelName":"NewYardModel"},"interaction":{"idSuffix":"inner"}},"clearTextFirst":true,"interactionType":"ENTER_TEXT"}]}
COMMAND: POST /session/4a8a75bcbd0d44f703d13edc121f15a8/execute/async - {"script":"<script> [1562 bytes]","args":[{"selector":{"controlType":"sap.m.Input","viewName":"etm.portal.ui.manageyards.view.New","viewId":"application-manageyards-display-component---NewYard","bindingPath":{"path":"","propertyPath":"/AUART","modelName":"NewYardModel"},"interaction":{"idSuffix":"inner"}},"wdio_ui5_key":"etmportal.ui.manageyards.view.Newsap.m.Input{\"path\":\"\",\"propertyPath\":\"/AUART\",\"modelName\":\"NewYardModel\"}"}]}
RESULT: {"script":"<script> [1562 bytes]","args":[{"selector":{"controlType":"sap.m.Input","viewName":"etm.portal.ui.manageyards.view.New","viewId":"application-manageyards-display-component---NewYard","bindingPath":{"path":"","propertyPath":"/AUART","modelName":"NewYardModel"},"interaction":{"idSuffix":"inner"}},"wdio_ui5_key":"etmportal.ui.manageyards.view.Newsap.m.Input{\"path\":\"\",\"propertyPath\":\"/AUART\",\"modelName\":\"NewYardModel\"}"}]}
RESULT: undefined
COMMAND: POST /session/4a8a75bcbd0d44f703d13edc121f15a8/execute/async - {"script":"<script> [776 bytes]","args":[{"enterText":"TA","selector":{"controlType":"sap.m.Input","viewName":"etm.portal.ui.manageyards.view.New","viewId":"application-manageyards-display-component---NewYard","bindingPath":{"path":"","propertyPath":"/AUART","modelName":"NewYardModel"},"interaction":{"idSuffix":"inner"}},"clearTextFirst":true,"interactionType":"ENTER_TEXT"}]}
RESULT: {"script":"<script> [776 bytes]","args":[{"enterText":"TA","selector":{"controlType":"sap.m.Input","viewName":"etm.portal.ui.manageyards.view.New","viewId":"application-manageyards-display-component---NewYard","bindingPath":{"path":"","propertyPath":"/AUART","modelName":"NewYardModel"},"interaction":{"idSuffix":"inner"}},"clearTextFirst":true,"interactionType":"ENTER_TEXT"}]}
COMMAND: POST /session/4a8a75bcbd0d44f703d13edc121f15a8/element - {"using":"xpath","value":"//button[@data-kt=\"newYardSaveButton\"]"}
RESULT: {"using":"xpath","value":"//button[@data-kt=\"newYardSaveButton\"]"}
COMMAND: POST /session/4a8a75bcbd0d44f703d13edc121f15a8/element/f.093A703FE9E59CF09BD9C73E01D6E334.d.7BDA6DF0DB9936C19C79CFC7E483A1E7.e.13337/click - {}
RESULT: {}
COMMAND: GET /session/4a8a75bcbd0d44f703d13edc121f15a8/screenshot - {}
RESULT: {}
COMMAND: POST /session/4a8a75bcbd0d44f703d13edc121f15a8/element - {"using":"xpath","value":"//header[contains(@id, 'ObjectPageLayout-headerTitle')]/div[1]/div[2]/div[1]/span[1]"}
RESULT: {"using":"xpath","value":"//header[contains(@id, 'ObjectPageLayout-headerTitle')]/div[1]/div[2]/div[1]/span[1]"}
COMMAND: POST /session/4a8a75bcbd0d44f703d13edc121f15a8/elements - {"using":"xpath","value":"//header[contains(@id, 'ObjectPageLayout-headerTitle')]/div[1]/div[2]/div[1]/span[1]"}
RESULT: {"using":"xpath","value":"//header[contains(@id, 'ObjectPageLayout-headerTitle')]/div[1]/div[2]/div[1]/span[1]"}
COMMAND: POST /session/4a8a75bcbd0d44f703d13edc121f15a8/execute/sync - {"script":"<script> [56 bytes]","args":[{"element-6066-11e4-a52e-4f735466cecf":"f.093A703FE9E59CF09BD9C73E01D6E334.d.7BDA6DF0DB9936C19C79CFC7E483A1E7.e.13633","ELEMENT":"f.093A703FE9E59CF09BD9C73E01D6E334.d.7BDA6DF0DB9936C19C79CFC7E483A1E7.e.13633"}]}
RESULT: {"script":"<script> [56 bytes]","args":[{"element-6066-11e4-a52e-4f735466cecf":"f.093A703FE9E59CF09BD9C73E01D6E334.d.7BDA6DF0DB9936C19C79CFC7E483A1E7.e.13633","ELEMENT":"f.093A703FE9E59CF09BD9C73E01D6E334.d.7BDA6DF0DB9936C19C79CFC7E483A1E7.e.13633"}]}
COMMAND: GET /session/4a8a75bcbd0d44f703d13edc121f15a8/screenshot - {}
RESULT: {}
COMMAND: POST /session/4a8a75bcbd0d44f703d13edc121f15a8/element - {"using":"css selector","value":"#shell-header-logo"}
RESULT: {"using":"css selector","value":"#shell-header-logo"}
COMMAND: POST /session/4a8a75bcbd0d44f703d13edc121f15a8/element/f.093A703FE9E59CF09BD9C73E01D6E334.d.7BDA6DF0DB9936C19C79CFC7E483A1E7.e.12890/click - {}
RESULT: {}
COMMAND: GET /session/4a8a75bcbd0d44f703d13edc121f15a8/screenshot - {}
RESULT: {}
COMMAND: POST /session/4a8a75bcbd0d44f703d13edc121f15a8/execute/sync - {"script":"<script> [299 bytes]","args":[["getModel","getResource"]]}
RESULT: {"script":"<script> [299 bytes]","args":[["getModel","getResource"]]}
COMMAND: GET /session/4a8a75bcbd0d44f703d13edc121f15a8/screenshot - {}
]]></system-out>
    </testcase>
    <testcase classname="chrome.137_0_7151_69.windows.Create_partner_US118246" name="Should create new external partner" time="100.662">
      <system-out><![CDATA[
COMMAND: POST /session/4a8a75bcbd0d44f703d13edc121f15a8/window/fullscreen - {}
RESULT: {}
RESULT: {}
COMMAND: POST /session/4a8a75bcbd0d44f703d13edc121f15a8/execute/async - {"script":"<script> [1562 bytes]","args":[{"selector":{"controlType":"sap.m.GenericTile","properties":{"header":"Manage Partners"}},"wdio_ui5_key":"sapm.GenericTile{\"header\":\"Manage Partners\"}"}]}
RESULT: {"script":"<script> [1562 bytes]","args":[{"selector":{"controlType":"sap.m.GenericTile","properties":{"header":"Manage Partners"}},"wdio_ui5_key":"sapm.GenericTile{\"header\":\"Manage Partners\"}"}]}
RESULT: undefined
COMMAND: POST /session/4a8a75bcbd0d44f703d13edc121f15a8/element - {"using":"xpath","value":"//*[@id=\"__tile39\"]"}
RESULT: {"using":"xpath","value":"//*[@id=\"__tile39\"]"}
COMMAND: POST /session/4a8a75bcbd0d44f703d13edc121f15a8/element/f.093A703FE9E59CF09BD9C73E01D6E334.d.7BDA6DF0DB9936C19C79CFC7E483A1E7.e.12775/click - {}
RESULT: {}
COMMAND: GET /session/4a8a75bcbd0d44f703d13edc121f15a8/screenshot - {}
RESULT: {}
COMMAND: POST /session/4a8a75bcbd0d44f703d13edc121f15a8/elements - {"using":"xpath","value":"//span[text()='Error']"}
RESULT: {"using":"xpath","value":"//span[text()='Error']"}
COMMAND: POST /session/4a8a75bcbd0d44f703d13edc121f15a8/element - {"using":"xpath","value":"//button[@data-kt=\"addButton\"]"}
RESULT: {"using":"xpath","value":"//button[@data-kt=\"addButton\"]"}
COMMAND: POST /session/4a8a75bcbd0d44f703d13edc121f15a8/elements - {"using":"xpath","value":"//button[@data-kt=\"addButton\"]"}
RESULT: {"using":"xpath","value":"//button[@data-kt=\"addButton\"]"}
COMMAND: POST /session/4a8a75bcbd0d44f703d13edc121f15a8/execute/sync - {"script":"<script> [8489 bytes]","args":[{"element-6066-11e4-a52e-4f735466cecf":"f.093A703FE9E59CF09BD9C73E01D6E334.d.7BDA6DF0DB9936C19C79CFC7E483A1E7.e.13671","ELEMENT":"f.093A703FE9E59CF09BD9C73E01D6E334.d.7BDA6DF0DB9936C19C79CFC7E483A1E7.e.13671"}]}
RESULT: {"script":"<script> [8489 bytes]","args":[{"element-6066-11e4-a52e-4f735466cecf":"f.093A703FE9E59CF09BD9C73E01D6E334.d.7BDA6DF0DB9936C19C79CFC7E483A1E7.e.13671","ELEMENT":"f.093A703FE9E59CF09BD9C73E01D6E334.d.7BDA6DF0DB9936C19C79CFC7E483A1E7.e.13671"}]}
COMMAND: GET /session/4a8a75bcbd0d44f703d13edc121f15a8/element/f.093A703FE9E59CF09BD9C73E01D6E334.d.7BDA6DF0DB9936C19C79CFC7E483A1E7.e.13671/enabled - {}
COMMAND: GET /session/4a8a75bcbd0d44f703d13edc121f15a8/screenshot - {}
RESULT: {}
COMMAND: POST /session/4a8a75bcbd0d44f703d13edc121f15a8/execute/sync - {"script":"<script> [8489 bytes]","args":[{"element-6066-11e4-a52e-4f735466cecf":"f.093A703FE9E59CF09BD9C73E01D6E334.d.7BDA6DF0DB9936C19C79CFC7E483A1E7.e.13671","ELEMENT":"f.093A703FE9E59CF09BD9C73E01D6E334.d.7BDA6DF0DB9936C19C79CFC7E483A1E7.e.13671"}]}
COMMAND: GET /session/4a8a75bcbd0d44f703d13edc121f15a8/screenshot - {}
RESULT: {}
RESULT: {"script":"<script> [8489 bytes]","args":[{"element-6066-11e4-a52e-4f735466cecf":"f.093A703FE9E59CF09BD9C73E01D6E334.d.7BDA6DF0DB9936C19C79CFC7E483A1E7.e.13671","ELEMENT":"f.093A703FE9E59CF09BD9C73E01D6E334.d.7BDA6DF0DB9936C19C79CFC7E483A1E7.e.13671"}]}
COMMAND: POST /session/4a8a75bcbd0d44f703d13edc121f15a8/execute/sync - {"script":"<script> [5351 bytes]","args":[{"element-6066-11e4-a52e-4f735466cecf":"f.093A703FE9E59CF09BD9C73E01D6E334.d.7BDA6DF0DB9936C19C79CFC7E483A1E7.e.13671","ELEMENT":"f.093A703FE9E59CF09BD9C73E01D6E334.d.7BDA6DF0DB9936C19C79CFC7E483A1E7.e.13671"}]}
COMMAND: GET /session/4a8a75bcbd0d44f703d13edc121f15a8/screenshot - {}
RESULT: {}
RESULT: {"script":"<script> [5351 bytes]","args":[{"element-6066-11e4-a52e-4f735466cecf":"f.093A703FE9E59CF09BD9C73E01D6E334.d.7BDA6DF0DB9936C19C79CFC7E483A1E7.e.13671","ELEMENT":"f.093A703FE9E59CF09BD9C73E01D6E334.d.7BDA6DF0DB9936C19C79CFC7E483A1E7.e.13671"}]}
COMMAND: POST /session/4a8a75bcbd0d44f703d13edc121f15a8/element/f.093A703FE9E59CF09BD9C73E01D6E334.d.7BDA6DF0DB9936C19C79CFC7E483A1E7.e.13671/click - {}
COMMAND: GET /session/4a8a75bcbd0d44f703d13edc121f15a8/screenshot - {}
RESULT: {}
RESULT: {}
COMMAND: GET /session/4a8a75bcbd0d44f703d13edc121f15a8/screenshot - {}
RESULT: {}
RESULT: {}
COMMAND: POST /session/4a8a75bcbd0d44f703d13edc121f15a8/execute/async - {"script":"<script> [1562 bytes]","args":[{"selector":{"id":"application-managepartners-display-component---NewPartner--addressDetailDetailsName1","interaction":{"idSuffix":"inner"}},"wdio_ui5_key":"applicationmanagepartners-display-component---NewPartner--addressDetailDetailsName1"}]}
RESULT: {"script":"<script> [1562 bytes]","args":[{"selector":{"id":"application-managepartners-display-component---NewPartner--addressDetailDetailsName1","interaction":{"idSuffix":"inner"}},"wdio_ui5_key":"applicationmanagepartners-display-component---NewPartner--addressDetailDetailsName1"}]}
RESULT: undefined
COMMAND: POST /session/4a8a75bcbd0d44f703d13edc121f15a8/execute/async - {"script":"<script> [776 bytes]","args":[{"enterText":"External Partner WDIO","selector":{"id":"application-managepartners-display-component---NewPartner--addressDetailDetailsName1","interaction":{"idSuffix":"inner"}},"clearTextFirst":true,"interactionType":"ENTER_TEXT"}]}
RESULT: {"script":"<script> [776 bytes]","args":[{"enterText":"External Partner WDIO","selector":{"id":"application-managepartners-display-component---NewPartner--addressDetailDetailsName1","interaction":{"idSuffix":"inner"}},"clearTextFirst":true,"interactionType":"ENTER_TEXT"}]}
COMMAND: POST /session/4a8a75bcbd0d44f703d13edc121f15a8/execute/async - {"script":"<script> [1562 bytes]","args":[{"selector":{"id":"application-managepartners-display-component---NewPartner--addressDetailDetailsLanguage-arrow"},"wdio_ui5_key":"applicationmanagepartners-display-component---NewPartner--addressDetailDetailsLanguage-arrow"}]}
RESULT: {"script":"<script> [1562 bytes]","args":[{"selector":{"id":"application-managepartners-display-component---NewPartner--addressDetailDetailsLanguage-arrow"},"wdio_ui5_key":"applicationmanagepartners-display-component---NewPartner--addressDetailDetailsLanguage-arrow"}]}
RESULT: undefined
COMMAND: POST /session/4a8a75bcbd0d44f703d13edc121f15a8/element - {"using":"xpath","value":"//*[@id=\"application-managepartners-display-component---NewPartner--addressDetailDetailsLanguage-arrow\"]"}
RESULT: {"using":"xpath","value":"//*[@id=\"application-managepartners-display-component---NewPartner--addressDetailDetailsLanguage-arrow\"]"}
COMMAND: POST /session/4a8a75bcbd0d44f703d13edc121f15a8/element/f.093A703FE9E59CF09BD9C73E01D6E334.d.7BDA6DF0DB9936C19C79CFC7E483A1E7.e.14124/click - {}
RESULT: {}
COMMAND: POST /session/4a8a75bcbd0d44f703d13edc121f15a8/element - {"using":"xpath","value":"//span[contains(text(), \"English\")]"}
COMMAND: GET /session/4a8a75bcbd0d44f703d13edc121f15a8/screenshot - {}
RESULT: {"using":"xpath","value":"//span[contains(text(), \"English\")]"}
COMMAND: POST /session/4a8a75bcbd0d44f703d13edc121f15a8/element/f.093A703FE9E59CF09BD9C73E01D6E334.d.7BDA6DF0DB9936C19C79CFC7E483A1E7.e.14125/click - {}
RESULT: {}
RESULT: {}
COMMAND: GET /session/4a8a75bcbd0d44f703d13edc121f15a8/screenshot - {}
RESULT: {}
COMMAND: POST /session/4a8a75bcbd0d44f703d13edc121f15a8/execute/async - {"script":"<script> [1562 bytes]","args":[{"selector":{"id":"application-managepartners-display-component---NewPartner--addressDetailDetailsCity1","interaction":{"idSuffix":"inner"}},"wdio_ui5_key":"applicationmanagepartners-display-component---NewPartner--addressDetailDetailsCity1"}]}
RESULT: {"script":"<script> [1562 bytes]","args":[{"selector":{"id":"application-managepartners-display-component---NewPartner--addressDetailDetailsCity1","interaction":{"idSuffix":"inner"}},"wdio_ui5_key":"applicationmanagepartners-display-component---NewPartner--addressDetailDetailsCity1"}]}
RESULT: undefined
COMMAND: POST /session/4a8a75bcbd0d44f703d13edc121f15a8/execute/async - {"script":"<script> [776 bytes]","args":[{"enterText":"Rosario","selector":{"id":"application-managepartners-display-component---NewPartner--addressDetailDetailsCity1","interaction":{"idSuffix":"inner"}},"clearTextFirst":true,"interactionType":"ENTER_TEXT"}]}
RESULT: {"script":"<script> [776 bytes]","args":[{"enterText":"Rosario","selector":{"id":"application-managepartners-display-component---NewPartner--addressDetailDetailsCity1","interaction":{"idSuffix":"inner"}},"clearTextFirst":true,"interactionType":"ENTER_TEXT"}]}
COMMAND: POST /session/4a8a75bcbd0d44f703d13edc121f15a8/execute/async - {"script":"<script> [1562 bytes]","args":[{"selector":{"id":"application-managepartners-display-component---NewPartner--addressDetailDetailsCountry-arrow"},"wdio_ui5_key":"applicationmanagepartners-display-component---NewPartner--addressDetailDetailsCountry-arrow"}]}
RESULT: {"script":"<script> [1562 bytes]","args":[{"selector":{"id":"application-managepartners-display-component---NewPartner--addressDetailDetailsCountry-arrow"},"wdio_ui5_key":"applicationmanagepartners-display-component---NewPartner--addressDetailDetailsCountry-arrow"}]}
RESULT: undefined
COMMAND: POST /session/4a8a75bcbd0d44f703d13edc121f15a8/element - {"using":"xpath","value":"//*[@id=\"application-managepartners-display-component---NewPartner--addressDetailDetailsCountry-arrow\"]"}
RESULT: {"using":"xpath","value":"//*[@id=\"application-managepartners-display-component---NewPartner--addressDetailDetailsCountry-arrow\"]"}
COMMAND: POST /session/4a8a75bcbd0d44f703d13edc121f15a8/element/f.093A703FE9E59CF09BD9C73E01D6E334.d.7BDA6DF0DB9936C19C79CFC7E483A1E7.e.14092/click - {}
RESULT: {}
COMMAND: POST /session/4a8a75bcbd0d44f703d13edc121f15a8/element - {"using":"xpath","value":"//span[contains(text(), \"Argentina\")]"}
COMMAND: GET /session/4a8a75bcbd0d44f703d13edc121f15a8/screenshot - {}
RESULT: {"using":"xpath","value":"//span[contains(text(), \"Argentina\")]"}
COMMAND: POST /session/4a8a75bcbd0d44f703d13edc121f15a8/element/f.093A703FE9E59CF09BD9C73E01D6E334.d.7BDA6DF0DB9936C19C79CFC7E483A1E7.e.14127/click - {}
RESULT: {}
RESULT: {}
COMMAND: GET /session/4a8a75bcbd0d44f703d13edc121f15a8/screenshot - {}
RESULT: {}
COMMAND: POST /session/4a8a75bcbd0d44f703d13edc121f15a8/element - {"using":"xpath","value":"//bdi[contains(text(), \"Commercial\")]"}
RESULT: {"using":"xpath","value":"//bdi[contains(text(), \"Commercial\")]"}
COMMAND: POST /session/4a8a75bcbd0d44f703d13edc121f15a8/element/f.093A703FE9E59CF09BD9C73E01D6E334.d.7BDA6DF0DB9936C19C79CFC7E483A1E7.e.14128/click - {}
RESULT: {}
COMMAND: GET /session/4a8a75bcbd0d44f703d13edc121f15a8/screenshot - {}
RESULT: {}
COMMAND: POST /session/4a8a75bcbd0d44f703d13edc121f15a8/execute/async - {"script":"<script> [1562 bytes]","args":[{"selector":{"id":"application-managepartners-display-component---NewPartner--partnerDetailInternal-arrow"},"wdio_ui5_key":"applicationmanagepartners-display-component---NewPartner--partnerDetailInternal-arrow"}]}
RESULT: {"script":"<script> [1562 bytes]","args":[{"selector":{"id":"application-managepartners-display-component---NewPartner--partnerDetailInternal-arrow"},"wdio_ui5_key":"applicationmanagepartners-display-component---NewPartner--partnerDetailInternal-arrow"}]}
RESULT: undefined
COMMAND: POST /session/4a8a75bcbd0d44f703d13edc121f15a8/element - {"using":"xpath","value":"//*[@id=\"application-managepartners-display-component---NewPartner--partnerDetailInternal-arrow\"]"}
RESULT: {"using":"xpath","value":"//*[@id=\"application-managepartners-display-component---NewPartner--partnerDetailInternal-arrow\"]"}
COMMAND: POST /session/4a8a75bcbd0d44f703d13edc121f15a8/element/f.093A703FE9E59CF09BD9C73E01D6E334.d.7BDA6DF0DB9936C19C79CFC7E483A1E7.e.14134/click - {}
RESULT: {}
COMMAND: POST /session/4a8a75bcbd0d44f703d13edc121f15a8/element - {"using":"xpath","value":"//span[contains(text(), \"External partner\")]"}
COMMAND: GET /session/4a8a75bcbd0d44f703d13edc121f15a8/screenshot - {}
RESULT: {"using":"xpath","value":"//span[contains(text(), \"External partner\")]"}
COMMAND: POST /session/4a8a75bcbd0d44f703d13edc121f15a8/element/f.093A703FE9E59CF09BD9C73E01D6E334.d.7BDA6DF0DB9936C19C79CFC7E483A1E7.e.14137/click - {}
RESULT: {}
RESULT: {}
COMMAND: POST /session/4a8a75bcbd0d44f703d13edc121f15a8/execute/async - {"script":"<script> [1562 bytes]","args":[{"selector":{"id":"application-managepartners-display-component---NewPartner--partnerDetailsCurrency-arrow"},"wdio_ui5_key":"applicationmanagepartners-display-component---NewPartner--partnerDetailsCurrency-arrow"}]}
COMMAND: GET /session/4a8a75bcbd0d44f703d13edc121f15a8/screenshot - {}
RESULT: {"script":"<script> [1562 bytes]","args":[{"selector":{"id":"application-managepartners-display-component---NewPartner--partnerDetailsCurrency-arrow"},"wdio_ui5_key":"applicationmanagepartners-display-component---NewPartner--partnerDetailsCurrency-arrow"}]}
RESULT: undefined
COMMAND: POST /session/4a8a75bcbd0d44f703d13edc121f15a8/element - {"using":"xpath","value":"//*[@id=\"application-managepartners-display-component---NewPartner--partnerDetailsCurrency-arrow\"]"}
RESULT: {}
RESULT: {"using":"xpath","value":"//*[@id=\"application-managepartners-display-component---NewPartner--partnerDetailsCurrency-arrow\"]"}
COMMAND: POST /session/4a8a75bcbd0d44f703d13edc121f15a8/element/f.093A703FE9E59CF09BD9C73E01D6E334.d.7BDA6DF0DB9936C19C79CFC7E483A1E7.e.14142/click - {}
RESULT: {}
COMMAND: POST /session/4a8a75bcbd0d44f703d13edc121f15a8/element - {"using":"xpath","value":"//span[contains(text(), \"US Dollar\")]"}
COMMAND: GET /session/4a8a75bcbd0d44f703d13edc121f15a8/screenshot - {}
RESULT: {"using":"xpath","value":"//span[contains(text(), \"US Dollar\")]"}
COMMAND: POST /session/4a8a75bcbd0d44f703d13edc121f15a8/element/f.093A703FE9E59CF09BD9C73E01D6E334.d.7BDA6DF0DB9936C19C79CFC7E483A1E7.e.14143/click - {}
RESULT: {}
RESULT: {}
COMMAND: GET /session/4a8a75bcbd0d44f703d13edc121f15a8/screenshot - {}
RESULT: {}
COMMAND: POST /session/4a8a75bcbd0d44f703d13edc121f15a8/element - {"using":"xpath","value":"//input[@id=\"application-managepartners-display-component---NewPartner--companyCodeComboBox-inner\"]"}
RESULT: {"using":"xpath","value":"//input[@id=\"application-managepartners-display-component---NewPartner--companyCodeComboBox-inner\"]"}
COMMAND: POST /session/4a8a75bcbd0d44f703d13edc121f15a8/element/f.093A703FE9E59CF09BD9C73E01D6E334.d.7BDA6DF0DB9936C19C79CFC7E483A1E7.e.13985/clear - {}
RESULT: {}
COMMAND: POST /session/4a8a75bcbd0d44f703d13edc121f15a8/element/f.093A703FE9E59CF09BD9C73E01D6E334.d.7BDA6DF0DB9936C19C79CFC7E483A1E7.e.13985/value - {"text":"C002"}
COMMAND: GET /session/4a8a75bcbd0d44f703d13edc121f15a8/screenshot - {}
RESULT: {"text":"C002"}
COMMAND: GET /session/4a8a75bcbd0d44f703d13edc121f15a8/screenshot - {}
RESULT: {}
RESULT: {}
COMMAND: POST /session/4a8a75bcbd0d44f703d13edc121f15a8/element - {"using":"xpath","value":"//li[.//span[text()= \"C002\"]]"}
RESULT: {"using":"xpath","value":"//li[.//span[text()= \"C002\"]]"}
COMMAND: POST /session/4a8a75bcbd0d44f703d13edc121f15a8/element/f.093A703FE9E59CF09BD9C73E01D6E334.d.7BDA6DF0DB9936C19C79CFC7E483A1E7.e.14147/click - {}
RESULT: {}
COMMAND: GET /session/4a8a75bcbd0d44f703d13edc121f15a8/screenshot - {}
RESULT: {}
COMMAND: POST /session/4a8a75bcbd0d44f703d13edc121f15a8/execute/async - {"script":"<script> [1562 bytes]","args":[{"selector":{"controlType":"sap.ui.core.Icon","viewName":"etm.portal.ui.managepartners.view.NewPartner","viewId":"application-managepartners-display-component---NewPartner","properties":{"src":{"regex":{"source":"slim\\-arrow\\-down"}}},"ancestor":{"controlType":"sap.m.ComboBox","viewName":"etm.portal.ui.managepartners.view.NewPartner","viewId":"application-managepartners-display-component---NewPartner","bindingPath":{"path":"","propertyPath":"/CATALOG","modelName":"oNewPartnerModel"}}},"wdio_ui5_key":"etmportal.ui.managepartners.view.NewPartnersap.ui.core.Icon{\"src\":{\"regex\":{\"source\":\"slim\\\\-arrow\\\\-down\"}}}{\"controlType\":\"sap.m.ComboBox\",\"viewName\":\"etm.portal.ui.managepartners.view.NewPartner\",\"viewId\":\"application-managepartners-display-component---NewPartner\",\"bindingPath\":{\"path\":\"\",\"propertyPath\":\"/CATALOG\",\"modelName\":\"oNewPartnerModel\"}}"}]}
RESULT: {"script":"<script> [1562 bytes]","args":[{"selector":{"controlType":"sap.ui.core.Icon","viewName":"etm.portal.ui.managepartners.view.NewPartner","viewId":"application-managepartners-display-component---NewPartner","properties":{"src":{"regex":{"source":"slim\\-arrow\\-down"}}},"ancestor":{"controlType":"sap.m.ComboBox","viewName":"etm.portal.ui.managepartners.view.NewPartner","viewId":"application-managepartners-display-component---NewPartner","bindingPath":{"path":"","propertyPath":"/CATALOG","modelName":"oNewPartnerModel"}}},"wdio_ui5_key":"etmportal.ui.managepartners.view.NewPartnersap.ui.core.Icon{\"src\":{\"regex\":{\"source\":\"slim\\\\-arrow\\\\-down\"}}}{\"controlType\":\"sap.m.ComboBox\",\"viewName\":\"etm.portal.ui.managepartners.view.NewPartner\",\"viewId\":\"application-managepartners-display-component---NewPartner\",\"bindingPath\":{\"path\":\"\",\"propertyPath\":\"/CATALOG\",\"modelName\":\"oNewPartnerModel\"}}"}]}
RESULT: undefined
COMMAND: POST /session/4a8a75bcbd0d44f703d13edc121f15a8/element - {"using":"xpath","value":"//*[@id=\"__box22-arrow\"]"}
RESULT: {"using":"xpath","value":"//*[@id=\"__box22-arrow\"]"}
COMMAND: POST /session/4a8a75bcbd0d44f703d13edc121f15a8/element/f.093A703FE9E59CF09BD9C73E01D6E334.d.7BDA6DF0DB9936C19C79CFC7E483A1E7.e.14093/click - {}
RESULT: {}
COMMAND: GET /session/4a8a75bcbd0d44f703d13edc121f15a8/screenshot - {}
RESULT: {}
COMMAND: POST /session/4a8a75bcbd0d44f703d13edc121f15a8/element - {"using":"xpath","value":"//ul[contains(@id,\"popup-list-listUl\")]//li[.//span[text()= \"Webshop Catalog\"]]"}
RESULT: {"using":"xpath","value":"//ul[contains(@id,\"popup-list-listUl\")]//li[.//span[text()= \"Webshop Catalog\"]]"}
COMMAND: POST /session/4a8a75bcbd0d44f703d13edc121f15a8/element/f.093A703FE9E59CF09BD9C73E01D6E334.d.7BDA6DF0DB9936C19C79CFC7E483A1E7.e.14149/click - {}
RESULT: {}
COMMAND: GET /session/4a8a75bcbd0d44f703d13edc121f15a8/screenshot - {}
RESULT: {}
COMMAND: POST /session/4a8a75bcbd0d44f703d13edc121f15a8/execute/async - {"script":"<script> [1562 bytes]","args":[{"selector":{"id":"application-managepartners-display-component---NewPartner--btnAddTableRow-img"},"wdio_ui5_key":"applicationmanagepartners-display-component---NewPartner--btnAddTableRow-img"}]}
RESULT: {"script":"<script> [1562 bytes]","args":[{"selector":{"id":"application-managepartners-display-component---NewPartner--btnAddTableRow-img"},"wdio_ui5_key":"applicationmanagepartners-display-component---NewPartner--btnAddTableRow-img"}]}
RESULT: undefined
COMMAND: POST /session/4a8a75bcbd0d44f703d13edc121f15a8/element - {"using":"xpath","value":"//*[@id=\"application-managepartners-display-component---NewPartner--btnAddTableRow-img\"]"}
RESULT: {"using":"xpath","value":"//*[@id=\"application-managepartners-display-component---NewPartner--btnAddTableRow-img\"]"}
COMMAND: POST /session/4a8a75bcbd0d44f703d13edc121f15a8/element/f.093A703FE9E59CF09BD9C73E01D6E334.d.7BDA6DF0DB9936C19C79CFC7E483A1E7.e.14150/click - {}
RESULT: {}
COMMAND: GET /session/4a8a75bcbd0d44f703d13edc121f15a8/screenshot - {}
RESULT: {}
COMMAND: POST /session/4a8a75bcbd0d44f703d13edc121f15a8/element - {"using":"xpath","value":"//input[@id=\"application-managepartners-display-component---NewPartner--assignmentYard-application-managepartners-display-component---NewPartner--assignmentsTable-0-inner\"]"}
RESULT: {"using":"xpath","value":"//input[@id=\"application-managepartners-display-component---NewPartner--assignmentYard-application-managepartners-display-component---NewPartner--assignmentsTable-0-inner\"]"}
COMMAND: POST /session/4a8a75bcbd0d44f703d13edc121f15a8/element/f.093A703FE9E59CF09BD9C73E01D6E334.d.7BDA6DF0DB9936C19C79CFC7E483A1E7.e.14153/clear - {}
RESULT: {}
COMMAND: POST /session/4a8a75bcbd0d44f703d13edc121f15a8/element/f.093A703FE9E59CF09BD9C73E01D6E334.d.7BDA6DF0DB9936C19C79CFC7E483A1E7.e.14153/value - {"text":"276"}
COMMAND: GET /session/4a8a75bcbd0d44f703d13edc121f15a8/screenshot - {}
RESULT: {"text":"276"}
COMMAND: GET /session/4a8a75bcbd0d44f703d13edc121f15a8/screenshot - {}
RESULT: {}
RESULT: {}
COMMAND: POST /session/4a8a75bcbd0d44f703d13edc121f15a8/element - {"using":"xpath","value":"//ul[contains(@id,\"NewPartner--assignmentsTable-0-popup-list-listUl\")]//li[.//span[text()='276']]"}
RESULT: {"using":"xpath","value":"//ul[contains(@id,\"NewPartner--assignmentsTable-0-popup-list-listUl\")]//li[.//span[text()='276']]"}
COMMAND: POST /session/4a8a75bcbd0d44f703d13edc121f15a8/element/f.093A703FE9E59CF09BD9C73E01D6E334.d.7BDA6DF0DB9936C19C79CFC7E483A1E7.e.14161/click - {}
RESULT: {}
COMMAND: GET /session/4a8a75bcbd0d44f703d13edc121f15a8/screenshot - {}
RESULT: {}
COMMAND: POST /session/4a8a75bcbd0d44f703d13edc121f15a8/actions - {"actions":[{"id":"action38","type":"key","parameters":{},"actions":[{"type":"keyDown","value":""},{"type":"pause","duration":10},{"type":"keyUp","value":""}]}]}
RESULT: {"actions":[{"id":"action38","type":"key","parameters":{},"actions":[{"type":"keyDown","value":""},{"type":"pause","duration":10},{"type":"keyUp","value":""}]}]}
COMMAND: POST /session/4a8a75bcbd0d44f703d13edc121f15a8/element - {"using":"xpath","value":"//td[contains(@id, \"assignmentsTable-0-cell2\")]/div/div"}
COMMAND: GET /session/4a8a75bcbd0d44f703d13edc121f15a8/screenshot - {}
RESULT: {"using":"xpath","value":"//td[contains(@id, \"assignmentsTable-0-cell2\")]/div/div"}
COMMAND: POST /session/4a8a75bcbd0d44f703d13edc121f15a8/element/f.093A703FE9E59CF09BD9C73E01D6E334.d.7BDA6DF0DB9936C19C79CFC7E483A1E7.e.14164/click - {}
RESULT: {}
RESULT: {}
COMMAND: GET /session/4a8a75bcbd0d44f703d13edc121f15a8/screenshot - {}
RESULT: {}
COMMAND: POST /session/4a8a75bcbd0d44f703d13edc121f15a8/element - {"using":"xpath","value":"//button[@data-kt=\"saveButton\"]"}
RESULT: {"using":"xpath","value":"//button[@data-kt=\"saveButton\"]"}
COMMAND: POST /session/4a8a75bcbd0d44f703d13edc121f15a8/element/f.093A703FE9E59CF09BD9C73E01D6E334.d.7BDA6DF0DB9936C19C79CFC7E483A1E7.e.14061/click - {}
RESULT: {}
COMMAND: GET /session/4a8a75bcbd0d44f703d13edc121f15a8/screenshot - {}
RESULT: {}
COMMAND: POST /session/4a8a75bcbd0d44f703d13edc121f15a8/element - {"using":"xpath","value":"//header[contains(@id, 'ObjectPageLayout-headerTitle')]/div[1]/div[2]/div[2]/span[1]"}
RESULT: {"using":"xpath","value":"//header[contains(@id, 'ObjectPageLayout-headerTitle')]/div[1]/div[2]/div[2]/span[1]"}
COMMAND: POST /session/4a8a75bcbd0d44f703d13edc121f15a8/elements - {"using":"xpath","value":"//header[contains(@id, 'ObjectPageLayout-headerTitle')]/div[1]/div[2]/div[2]/span[1]"}
RESULT: {"using":"xpath","value":"//header[contains(@id, 'ObjectPageLayout-headerTitle')]/div[1]/div[2]/div[2]/span[1]"}
COMMAND: POST /session/4a8a75bcbd0d44f703d13edc121f15a8/execute/sync - {"script":"<script> [56 bytes]","args":[{"element-6066-11e4-a52e-4f735466cecf":"f.093A703FE9E59CF09BD9C73E01D6E334.d.7BDA6DF0DB9936C19C79CFC7E483A1E7.e.14329","ELEMENT":"f.093A703FE9E59CF09BD9C73E01D6E334.d.7BDA6DF0DB9936C19C79CFC7E483A1E7.e.14329"}]}
RESULT: {"script":"<script> [56 bytes]","args":[{"element-6066-11e4-a52e-4f735466cecf":"f.093A703FE9E59CF09BD9C73E01D6E334.d.7BDA6DF0DB9936C19C79CFC7E483A1E7.e.14329","ELEMENT":"f.093A703FE9E59CF09BD9C73E01D6E334.d.7BDA6DF0DB9936C19C79CFC7E483A1E7.e.14329"}]}
COMMAND: POST /session/4a8a75bcbd0d44f703d13edc121f15a8/element - {"using":"css selector","value":"#shell-header-logo"}
COMMAND: GET /session/4a8a75bcbd0d44f703d13edc121f15a8/screenshot - {}
RESULT: {"using":"css selector","value":"#shell-header-logo"}
COMMAND: POST /session/4a8a75bcbd0d44f703d13edc121f15a8/element/f.093A703FE9E59CF09BD9C73E01D6E334.d.7BDA6DF0DB9936C19C79CFC7E483A1E7.e.13637/click - {}
RESULT: {}
RESULT: {}
COMMAND: GET /session/4a8a75bcbd0d44f703d13edc121f15a8/screenshot - {}
RESULT: {}
COMMAND: POST /session/4a8a75bcbd0d44f703d13edc121f15a8/execute/sync - {"script":"<script> [299 bytes]","args":[["getModel","getResource"]]}
RESULT: {"script":"<script> [299 bytes]","args":[["getModel","getResource"]]}
COMMAND: GET /session/4a8a75bcbd0d44f703d13edc121f15a8/screenshot - {}
]]></system-out>
    </testcase>
    <testcase classname="chrome.137_0_7151_69.windows.Create_partner_US118246" name="Should create a new yard in case create yard failed" time="116.016">
      <system-out><![CDATA[
RESULT: undefined
COMMAND: POST /session/4a8a75bcbd0d44f703d13edc121f15a8/element - {"using":"xpath","value":"//*[@id=\"__tile42\"]"}
RESULT: {}
RESULT: {"using":"xpath","value":"//*[@id=\"__tile42\"]"}
COMMAND: POST /session/4a8a75bcbd0d44f703d13edc121f15a8/element/f.093A703FE9E59CF09BD9C73E01D6E334.d.7BDA6DF0DB9936C19C79CFC7E483A1E7.e.12784/click - {}
RESULT: {}
COMMAND: GET /session/4a8a75bcbd0d44f703d13edc121f15a8/screenshot - {}
RESULT: {}
COMMAND: POST /session/4a8a75bcbd0d44f703d13edc121f15a8/elements - {"using":"xpath","value":"//span[text()='Error']"}
RESULT: {"using":"xpath","value":"//span[text()='Error']"}
COMMAND: POST /session/4a8a75bcbd0d44f703d13edc121f15a8/element - {"using":"xpath","value":"//button[@data-kt=\"addNewYardOverflowToolbarButton\"]"}
RESULT: {"using":"xpath","value":"//button[@data-kt=\"addNewYardOverflowToolbarButton\"]"}
COMMAND: POST /session/4a8a75bcbd0d44f703d13edc121f15a8/elements - {"using":"xpath","value":"//button[@data-kt=\"addNewYardOverflowToolbarButton\"]"}
RESULT: {"using":"xpath","value":"//button[@data-kt=\"addNewYardOverflowToolbarButton\"]"}
COMMAND: POST /session/4a8a75bcbd0d44f703d13edc121f15a8/execute/sync - {"script":"<script> [8489 bytes]","args":[{"element-6066-11e4-a52e-4f735466cecf":"f.093A703FE9E59CF09BD9C73E01D6E334.d.7BDA6DF0DB9936C19C79CFC7E483A1E7.e.14365","ELEMENT":"f.093A703FE9E59CF09BD9C73E01D6E334.d.7BDA6DF0DB9936C19C79CFC7E483A1E7.e.14365"}]}
RESULT: {"script":"<script> [8489 bytes]","args":[{"element-6066-11e4-a52e-4f735466cecf":"f.093A703FE9E59CF09BD9C73E01D6E334.d.7BDA6DF0DB9936C19C79CFC7E483A1E7.e.14365","ELEMENT":"f.093A703FE9E59CF09BD9C73E01D6E334.d.7BDA6DF0DB9936C19C79CFC7E483A1E7.e.14365"}]}
COMMAND: GET /session/4a8a75bcbd0d44f703d13edc121f15a8/element/f.093A703FE9E59CF09BD9C73E01D6E334.d.7BDA6DF0DB9936C19C79CFC7E483A1E7.e.14365/enabled - {}
COMMAND: GET /session/4a8a75bcbd0d44f703d13edc121f15a8/screenshot - {}
RESULT: {}
COMMAND: POST /session/4a8a75bcbd0d44f703d13edc121f15a8/execute/sync - {"script":"<script> [8489 bytes]","args":[{"element-6066-11e4-a52e-4f735466cecf":"f.093A703FE9E59CF09BD9C73E01D6E334.d.7BDA6DF0DB9936C19C79CFC7E483A1E7.e.14365","ELEMENT":"f.093A703FE9E59CF09BD9C73E01D6E334.d.7BDA6DF0DB9936C19C79CFC7E483A1E7.e.14365"}]}
COMMAND: GET /session/4a8a75bcbd0d44f703d13edc121f15a8/screenshot - {}
RESULT: {}
RESULT: {}
RESULT: {"script":"<script> [8489 bytes]","args":[{"element-6066-11e4-a52e-4f735466cecf":"f.093A703FE9E59CF09BD9C73E01D6E334.d.7BDA6DF0DB9936C19C79CFC7E483A1E7.e.14365","ELEMENT":"f.093A703FE9E59CF09BD9C73E01D6E334.d.7BDA6DF0DB9936C19C79CFC7E483A1E7.e.14365"}]}
COMMAND: POST /session/4a8a75bcbd0d44f703d13edc121f15a8/execute/sync - {"script":"<script> [5351 bytes]","args":[{"element-6066-11e4-a52e-4f735466cecf":"f.093A703FE9E59CF09BD9C73E01D6E334.d.7BDA6DF0DB9936C19C79CFC7E483A1E7.e.14365","ELEMENT":"f.093A703FE9E59CF09BD9C73E01D6E334.d.7BDA6DF0DB9936C19C79CFC7E483A1E7.e.14365"}]}
COMMAND: GET /session/4a8a75bcbd0d44f703d13edc121f15a8/screenshot - {}
RESULT: {"script":"<script> [5351 bytes]","args":[{"element-6066-11e4-a52e-4f735466cecf":"f.093A703FE9E59CF09BD9C73E01D6E334.d.7BDA6DF0DB9936C19C79CFC7E483A1E7.e.14365","ELEMENT":"f.093A703FE9E59CF09BD9C73E01D6E334.d.7BDA6DF0DB9936C19C79CFC7E483A1E7.e.14365"}]}
COMMAND: POST /session/4a8a75bcbd0d44f703d13edc121f15a8/element/f.093A703FE9E59CF09BD9C73E01D6E334.d.7BDA6DF0DB9936C19C79CFC7E483A1E7.e.14365/click - {}
COMMAND: GET /session/4a8a75bcbd0d44f703d13edc121f15a8/screenshot - {}
RESULT: {}
RESULT: {}
COMMAND: GET /session/4a8a75bcbd0d44f703d13edc121f15a8/screenshot - {}
COMMAND: POST /session/4a8a75bcbd0d44f703d13edc121f15a8/element - {"using":"xpath","value":"//input[@id=\"application-manageyards-display-component---NewYard--yardId-inner\"]"}
RESULT: {}
RESULT: {}
RESULT: {"using":"xpath","value":"//input[@id=\"application-manageyards-display-component---NewYard--yardId-inner\"]"}
COMMAND: POST /session/4a8a75bcbd0d44f703d13edc121f15a8/element - {"using":"xpath","value":"//input[@id=\"application-manageyards-display-component---NewYard--yardId-inner\"]"}
RESULT: {"using":"xpath","value":"//input[@id=\"application-manageyards-display-component---NewYard--yardId-inner\"]"}
RESULT: undefined
COMMAND: POST /session/4a8a75bcbd0d44f703d13edc121f15a8/execute/async - {"script":"<script> [776 bytes]","args":[{"enterText":"Warehouse Managed WDIO","selector":{"id":"application-manageyards-display-component---NewYard--addressDetailDetailsName1","interaction":{"idSuffix":"inner"}},"clearTextFirst":true,"interactionType":"ENTER_TEXT"}]}
RESULT: {"script":"<script> [776 bytes]","args":[{"enterText":"Warehouse Managed WDIO","selector":{"id":"application-manageyards-display-component---NewYard--addressDetailDetailsName1","interaction":{"idSuffix":"inner"}},"clearTextFirst":true,"interactionType":"ENTER_TEXT"}]}
RESULT: undefined
COMMAND: POST /session/4a8a75bcbd0d44f703d13edc121f15a8/element - {"using":"xpath","value":"//*[@id=\"application-manageyards-display-component---NewYard--addressDetailDetailsLanguage-arrow\"]"}
RESULT: {"using":"xpath","value":"//*[@id=\"application-manageyards-display-component---NewYard--addressDetailDetailsLanguage-arrow\"]"}
COMMAND: POST /session/4a8a75bcbd0d44f703d13edc121f15a8/element/f.093A703FE9E59CF09BD9C73E01D6E334.d.7BDA6DF0DB9936C19C79CFC7E483A1E7.e.14976/click - {}
RESULT: {}
COMMAND: POST /session/4a8a75bcbd0d44f703d13edc121f15a8/element - {"using":"xpath","value":"//span[contains(text(), \"English\")]"}
COMMAND: GET /session/4a8a75bcbd0d44f703d13edc121f15a8/screenshot - {}
RESULT: {"using":"xpath","value":"//span[contains(text(), \"English\")]"}
COMMAND: POST /session/4a8a75bcbd0d44f703d13edc121f15a8/element/f.093A703FE9E59CF09BD9C73E01D6E334.d.7BDA6DF0DB9936C19C79CFC7E483A1E7.e.14977/click - {}
RESULT: {}
RESULT: {}
RESULT: undefined
COMMAND: POST /session/4a8a75bcbd0d44f703d13edc121f15a8/execute/async - {"script":"<script> [776 bytes]","args":[{"enterText":"Rosario","selector":{"id":"application-manageyards-display-component---NewYard--addressDetailDetailsCity1","interaction":{"idSuffix":"inner"}},"clearTextFirst":true,"interactionType":"ENTER_TEXT"}]}
COMMAND: GET /session/4a8a75bcbd0d44f703d13edc121f15a8/screenshot - {}
RESULT: {"script":"<script> [776 bytes]","args":[{"enterText":"Rosario","selector":{"id":"application-manageyards-display-component---NewYard--addressDetailDetailsCity1","interaction":{"idSuffix":"inner"}},"clearTextFirst":true,"interactionType":"ENTER_TEXT"}]}
RESULT: undefined
COMMAND: POST /session/4a8a75bcbd0d44f703d13edc121f15a8/element - {"using":"xpath","value":"//*[@id=\"application-manageyards-display-component---NewYard--addressDetailDetailsCountry-arrow\"]"}
RESULT: {}
RESULT: {"using":"xpath","value":"//*[@id=\"application-manageyards-display-component---NewYard--addressDetailDetailsCountry-arrow\"]"}
COMMAND: POST /session/4a8a75bcbd0d44f703d13edc121f15a8/element/f.093A703FE9E59CF09BD9C73E01D6E334.d.7BDA6DF0DB9936C19C79CFC7E483A1E7.e.14978/click - {}
RESULT: {}
COMMAND: POST /session/4a8a75bcbd0d44f703d13edc121f15a8/element - {"using":"xpath","value":"//span[contains(text(), \"Argentina\")]"}
COMMAND: GET /session/4a8a75bcbd0d44f703d13edc121f15a8/screenshot - {}
RESULT: {"using":"xpath","value":"//span[contains(text(), \"Argentina\")]"}
COMMAND: POST /session/4a8a75bcbd0d44f703d13edc121f15a8/element/f.093A703FE9E59CF09BD9C73E01D6E334.d.7BDA6DF0DB9936C19C79CFC7E483A1E7.e.14980/click - {}
RESULT: {}
RESULT: {}
RESULT: undefined
COMMAND: POST /session/4a8a75bcbd0d44f703d13edc121f15a8/element - {"using":"xpath","value":"//*[@id=\"application-manageyards-display-component---NewYard--addressEditDetailsCostObjectCstType-arrow\"]"}
COMMAND: GET /session/4a8a75bcbd0d44f703d13edc121f15a8/screenshot - {}
RESULT: {"using":"xpath","value":"//*[@id=\"application-manageyards-display-component---NewYard--addressEditDetailsCostObjectCstType-arrow\"]"}
COMMAND: POST /session/4a8a75bcbd0d44f703d13edc121f15a8/element/f.093A703FE9E59CF09BD9C73E01D6E334.d.7BDA6DF0DB9936C19C79CFC7E483A1E7.e.14981/click - {}
RESULT: {}
RESULT: {}
COMMAND: POST /session/4a8a75bcbd0d44f703d13edc121f15a8/element - {"using":"xpath","value":"//span[contains(text(), \"Cost Center\")]"}
COMMAND: GET /session/4a8a75bcbd0d44f703d13edc121f15a8/screenshot - {}
RESULT: {"using":"xpath","value":"//span[contains(text(), \"Cost Center\")]"}
COMMAND: POST /session/4a8a75bcbd0d44f703d13edc121f15a8/element/f.093A703FE9E59CF09BD9C73E01D6E334.d.7BDA6DF0DB9936C19C79CFC7E483A1E7.e.14982/click - {}
RESULT: {}
RESULT: {}
COMMAND: GET /session/4a8a75bcbd0d44f703d13edc121f15a8/screenshot - {}
RESULT: {}
COMMAND: POST /session/4a8a75bcbd0d44f703d13edc121f15a8/element - {"using":"xpath","value":"//span[@id=\"application-manageyards-display-component---NewYard--addressNewCostObjectCstID-vhi\"]"}
RESULT: {"using":"xpath","value":"//span[@id=\"application-manageyards-display-component---NewYard--addressNewCostObjectCstID-vhi\"]"}
COMMAND: POST /session/4a8a75bcbd0d44f703d13edc121f15a8/execute/sync - {"script":"<script> [8489 bytes]","args":[{"element-6066-11e4-a52e-4f735466cecf":"f.093A703FE9E59CF09BD9C73E01D6E334.d.7BDA6DF0DB9936C19C79CFC7E483A1E7.e.14986","ELEMENT":"f.093A703FE9E59CF09BD9C73E01D6E334.d.7BDA6DF0DB9936C19C79CFC7E483A1E7.e.14986"}]}
RESULT: {"script":"<script> [8489 bytes]","args":[{"element-6066-11e4-a52e-4f735466cecf":"f.093A703FE9E59CF09BD9C73E01D6E334.d.7BDA6DF0DB9936C19C79CFC7E483A1E7.e.14986","ELEMENT":"f.093A703FE9E59CF09BD9C73E01D6E334.d.7BDA6DF0DB9936C19C79CFC7E483A1E7.e.14986"}]}
RESULT: undefined
COMMAND: POST /session/4a8a75bcbd0d44f703d13edc121f15a8/element - {"using":"xpath","value":"//*[@id=\"application-manageyards-display-component---NewYard--addressNewCostObjectCstID-vhi\"]"}
COMMAND: GET /session/4a8a75bcbd0d44f703d13edc121f15a8/screenshot - {}
RESULT: {"using":"xpath","value":"//*[@id=\"application-manageyards-display-component---NewYard--addressNewCostObjectCstID-vhi\"]"}
COMMAND: POST /session/4a8a75bcbd0d44f703d13edc121f15a8/element/f.093A703FE9E59CF09BD9C73E01D6E334.d.7BDA6DF0DB9936C19C79CFC7E483A1E7.e.14986/click - {}
RESULT: {}
RESULT: {}
COMMAND: GET /session/4a8a75bcbd0d44f703d13edc121f15a8/screenshot - {}
RESULT: {}
RESULT: undefined
COMMAND: POST /session/4a8a75bcbd0d44f703d13edc121f15a8/execute/async - {"script":"<script> [776 bytes]","args":[{"enterText":"bauh_b","selector":{"controlType":"sap.m.SearchField","properties":{"placeholder":"Search"},"searchOpenDialogs":true,"interaction":{"idSuffix":"I"}},"clearTextFirst":true,"interactionType":"ENTER_TEXT"}]}
RESULT: {"script":"<script> [776 bytes]","args":[{"enterText":"bauh_b","selector":{"controlType":"sap.m.SearchField","properties":{"placeholder":"Search"},"searchOpenDialogs":true,"interaction":{"idSuffix":"I"}},"clearTextFirst":true,"interactionType":"ENTER_TEXT"}]}
COMMAND: POST /session/4a8a75bcbd0d44f703d13edc121f15a8/actions - {"actions":[{"id":"action39","type":"key","parameters":{},"actions":[{"type":"keyDown","value":""},{"type":"pause","duration":10},{"type":"keyUp","value":""}]}]}
RESULT: {"actions":[{"id":"action39","type":"key","parameters":{},"actions":[{"type":"keyDown","value":""},{"type":"pause","duration":10},{"type":"keyUp","value":""}]}]}
COMMAND: GET /session/4a8a75bcbd0d44f703d13edc121f15a8/screenshot - {}
RESULT: {}
COMMAND: POST /session/4a8a75bcbd0d44f703d13edc121f15a8/element - {"using":"xpath","value":"//span[contains(text(), \"Demo Yard\")]"}
RESULT: {"using":"xpath","value":"//span[contains(text(), \"Demo Yard\")]"}
COMMAND: POST /session/4a8a75bcbd0d44f703d13edc121f15a8/element/f.093A703FE9E59CF09BD9C73E01D6E334.d.7BDA6DF0DB9936C19C79CFC7E483A1E7.e.15026/click - {}
RESULT: {}
COMMAND: GET /session/4a8a75bcbd0d44f703d13edc121f15a8/screenshot - {}
RESULT: {}
COMMAND: POST /session/4a8a75bcbd0d44f703d13edc121f15a8/element - {"using":"xpath","value":"//bdi[contains(text(), \"OK\")]"}
RESULT: {"using":"xpath","value":"//bdi[contains(text(), \"OK\")]"}
COMMAND: POST /session/4a8a75bcbd0d44f703d13edc121f15a8/element/f.093A703FE9E59CF09BD9C73E01D6E334.d.7BDA6DF0DB9936C19C79CFC7E483A1E7.e.15027/click - {}
RESULT: {}
COMMAND: GET /session/4a8a75bcbd0d44f703d13edc121f15a8/screenshot - {}
RESULT: {}
RESULT: undefined
COMMAND: POST /session/4a8a75bcbd0d44f703d13edc121f15a8/element - {"using":"xpath","value":"//*[@id=\"application-manageyards-display-component---NewYard--addressEditDetailsCurrency-arrow\"]"}
RESULT: {"using":"xpath","value":"//*[@id=\"application-manageyards-display-component---NewYard--addressEditDetailsCurrency-arrow\"]"}
COMMAND: POST /session/4a8a75bcbd0d44f703d13edc121f15a8/element/f.093A703FE9E59CF09BD9C73E01D6E334.d.7BDA6DF0DB9936C19C79CFC7E483A1E7.e.15030/click - {}
RESULT: {}
COMMAND: POST /session/4a8a75bcbd0d44f703d13edc121f15a8/element - {"using":"xpath","value":"//span[contains(text(), \"Euro\")]"}
COMMAND: GET /session/4a8a75bcbd0d44f703d13edc121f15a8/screenshot - {}
RESULT: {"using":"xpath","value":"//span[contains(text(), \"Euro\")]"}
COMMAND: POST /session/4a8a75bcbd0d44f703d13edc121f15a8/element/f.093A703FE9E59CF09BD9C73E01D6E334.d.7BDA6DF0DB9936C19C79CFC7E483A1E7.e.15031/click - {}
RESULT: {}
RESULT: {}
RESULT: undefined
COMMAND: POST /session/4a8a75bcbd0d44f703d13edc121f15a8/execute/async - {"script":"<script> [776 bytes]","args":[{"enterText":"Z001","selector":{"controlType":"sap.m.Input","viewName":"etm.portal.ui.manageyards.view.New","viewId":"application-manageyards-display-component---NewYard","bindingPath":{"path":"","propertyPath":"/CONTROLLING_AREA","modelName":"NewYardModel"},"interaction":{"idSuffix":"inner"}},"clearTextFirst":true,"interactionType":"ENTER_TEXT"}]}
COMMAND: GET /session/4a8a75bcbd0d44f703d13edc121f15a8/screenshot - {}
RESULT: {"script":"<script> [776 bytes]","args":[{"enterText":"Z001","selector":{"controlType":"sap.m.Input","viewName":"etm.portal.ui.manageyards.view.New","viewId":"application-manageyards-display-component---NewYard","bindingPath":{"path":"","propertyPath":"/CONTROLLING_AREA","modelName":"NewYardModel"},"interaction":{"idSuffix":"inner"}},"clearTextFirst":true,"interactionType":"ENTER_TEXT"}]}
RESULT: undefined
COMMAND: POST /session/4a8a75bcbd0d44f703d13edc121f15a8/execute/async - {"script":"<script> [776 bytes]","args":[{"enterText":"1000","selector":{"id":"application-manageyards-display-component---NewYard--companyCodeComboBox","interaction":{"idSuffix":"inner"}},"clearTextFirst":true,"interactionType":"ENTER_TEXT"}]}
RESULT: {}
RESULT: {"script":"<script> [776 bytes]","args":[{"enterText":"1000","selector":{"id":"application-manageyards-display-component---NewYard--companyCodeComboBox","interaction":{"idSuffix":"inner"}},"clearTextFirst":true,"interactionType":"ENTER_TEXT"}]}
RESULT: undefined
COMMAND: POST /session/4a8a75bcbd0d44f703d13edc121f15a8/execute/async - {"script":"<script> [776 bytes]","args":[{"enterText":"1001","selector":{"controlType":"sap.m.Input","viewName":"etm.portal.ui.manageyards.view.New","viewId":"application-manageyards-display-component---NewYard","bindingPath":{"path":"","propertyPath":"/PLANT","modelName":"NewYardModel"},"interaction":{"idSuffix":"inner"}},"clearTextFirst":true,"interactionType":"ENTER_TEXT"}]}
RESULT: {"script":"<script> [776 bytes]","args":[{"enterText":"1001","selector":{"controlType":"sap.m.Input","viewName":"etm.portal.ui.manageyards.view.New","viewId":"application-manageyards-display-component---NewYard","bindingPath":{"path":"","propertyPath":"/PLANT","modelName":"NewYardModel"},"interaction":{"idSuffix":"inner"}},"clearTextFirst":true,"interactionType":"ENTER_TEXT"}]}
RESULT: undefined
COMMAND: POST /session/4a8a75bcbd0d44f703d13edc121f15a8/execute/async - {"script":"<script> [776 bytes]","args":[{"enterText":"C002","selector":{"controlType":"sap.m.Input","viewName":"etm.portal.ui.manageyards.view.New","viewId":"application-manageyards-display-component---NewYard","bindingPath":{"path":"","propertyPath":"/SALES_AREA_VKORG","modelName":"NewYardModel"},"interaction":{"idSuffix":"inner"}},"clearTextFirst":true,"interactionType":"ENTER_TEXT"}]}
RESULT: {"script":"<script> [776 bytes]","args":[{"enterText":"C002","selector":{"controlType":"sap.m.Input","viewName":"etm.portal.ui.manageyards.view.New","viewId":"application-manageyards-display-component---NewYard","bindingPath":{"path":"","propertyPath":"/SALES_AREA_VKORG","modelName":"NewYardModel"},"interaction":{"idSuffix":"inner"}},"clearTextFirst":true,"interactionType":"ENTER_TEXT"}]}
RESULT: undefined
COMMAND: POST /session/4a8a75bcbd0d44f703d13edc121f15a8/execute/async - {"script":"<script> [776 bytes]","args":[{"enterText":"C2","selector":{"controlType":"sap.m.Input","viewName":"etm.portal.ui.manageyards.view.New","viewId":"application-manageyards-display-component---NewYard","bindingPath":{"path":"","propertyPath":"/SALES_AREA_VTWEG","modelName":"NewYardModel"},"interaction":{"idSuffix":"inner"}},"clearTextFirst":true,"interactionType":"ENTER_TEXT"}]}
RESULT: {"script":"<script> [776 bytes]","args":[{"enterText":"C2","selector":{"controlType":"sap.m.Input","viewName":"etm.portal.ui.manageyards.view.New","viewId":"application-manageyards-display-component---NewYard","bindingPath":{"path":"","propertyPath":"/SALES_AREA_VTWEG","modelName":"NewYardModel"},"interaction":{"idSuffix":"inner"}},"clearTextFirst":true,"interactionType":"ENTER_TEXT"}]}
RESULT: undefined
COMMAND: POST /session/4a8a75bcbd0d44f703d13edc121f15a8/execute/async - {"script":"<script> [776 bytes]","args":[{"enterText":"C2","selector":{"controlType":"sap.m.Input","viewName":"etm.portal.ui.manageyards.view.New","viewId":"application-manageyards-display-component---NewYard","bindingPath":{"path":"","propertyPath":"/SALES_AREA_SPART","modelName":"NewYardModel"},"interaction":{"idSuffix":"inner"}},"clearTextFirst":true,"interactionType":"ENTER_TEXT"}]}
RESULT: {"script":"<script> [776 bytes]","args":[{"enterText":"C2","selector":{"controlType":"sap.m.Input","viewName":"etm.portal.ui.manageyards.view.New","viewId":"application-manageyards-display-component---NewYard","bindingPath":{"path":"","propertyPath":"/SALES_AREA_SPART","modelName":"NewYardModel"},"interaction":{"idSuffix":"inner"}},"clearTextFirst":true,"interactionType":"ENTER_TEXT"}]}
RESULT: undefined
COMMAND: POST /session/4a8a75bcbd0d44f703d13edc121f15a8/execute/async - {"script":"<script> [776 bytes]","args":[{"enterText":"1710","selector":{"controlType":"sap.m.Input","viewName":"etm.portal.ui.manageyards.view.New","viewId":"application-manageyards-display-component---NewYard","bindingPath":{"path":"","propertyPath":"/SHIP_POINT","modelName":"NewYardModel"},"interaction":{"idSuffix":"inner"}},"clearTextFirst":true,"interactionType":"ENTER_TEXT"}]}
RESULT: {"script":"<script> [776 bytes]","args":[{"enterText":"1710","selector":{"controlType":"sap.m.Input","viewName":"etm.portal.ui.manageyards.view.New","viewId":"application-manageyards-display-component---NewYard","bindingPath":{"path":"","propertyPath":"/SHIP_POINT","modelName":"NewYardModel"},"interaction":{"idSuffix":"inner"}},"clearTextFirst":true,"interactionType":"ENTER_TEXT"}]}
RESULT: undefined
COMMAND: POST /session/4a8a75bcbd0d44f703d13edc121f15a8/execute/async - {"script":"<script> [776 bytes]","args":[{"enterText":"ZL01","selector":{"controlType":"sap.m.Input","viewName":"etm.portal.ui.manageyards.view.New","viewId":"application-manageyards-display-component---NewYard","bindingPath":{"path":"","propertyPath":"/DELIVERY_TYPE","modelName":"NewYardModel"},"interaction":{"idSuffix":"inner"}},"clearTextFirst":true,"interactionType":"ENTER_TEXT"}]}
RESULT: {"script":"<script> [776 bytes]","args":[{"enterText":"ZL01","selector":{"controlType":"sap.m.Input","viewName":"etm.portal.ui.manageyards.view.New","viewId":"application-manageyards-display-component---NewYard","bindingPath":{"path":"","propertyPath":"/DELIVERY_TYPE","modelName":"NewYardModel"},"interaction":{"idSuffix":"inner"}},"clearTextFirst":true,"interactionType":"ENTER_TEXT"}]}
RESULT: undefined
COMMAND: POST /session/4a8a75bcbd0d44f703d13edc121f15a8/execute/async - {"script":"<script> [776 bytes]","args":[{"enterText":"TA","selector":{"controlType":"sap.m.Input","viewName":"etm.portal.ui.manageyards.view.New","viewId":"application-manageyards-display-component---NewYard","bindingPath":{"path":"","propertyPath":"/AUART","modelName":"NewYardModel"},"interaction":{"idSuffix":"inner"}},"clearTextFirst":true,"interactionType":"ENTER_TEXT"}]}
RESULT: {"script":"<script> [776 bytes]","args":[{"enterText":"TA","selector":{"controlType":"sap.m.Input","viewName":"etm.portal.ui.manageyards.view.New","viewId":"application-manageyards-display-component---NewYard","bindingPath":{"path":"","propertyPath":"/AUART","modelName":"NewYardModel"},"interaction":{"idSuffix":"inner"}},"clearTextFirst":true,"interactionType":"ENTER_TEXT"}]}
COMMAND: POST /session/4a8a75bcbd0d44f703d13edc121f15a8/execute/async - {"script":"<script> [1562 bytes]","args":[{"selector":{"id":"application-manageyards-display-component---NewYard--whmCheckBox","interaction":{"idSuffix":"CbBg"}},"wdio_ui5_key":"applicationmanageyards-display-component---NewYard--whmCheckBox"}]}
RESULT: {"script":"<script> [1562 bytes]","args":[{"selector":{"id":"application-manageyards-display-component---NewYard--whmCheckBox","interaction":{"idSuffix":"CbBg"}},"wdio_ui5_key":"applicationmanageyards-display-component---NewYard--whmCheckBox"}]}
RESULT: undefined
COMMAND: POST /session/4a8a75bcbd0d44f703d13edc121f15a8/element - {"using":"xpath","value":"//*[@id=\"application-manageyards-display-component---NewYard--whmCheckBox\"]"}
RESULT: {"using":"xpath","value":"//*[@id=\"application-manageyards-display-component---NewYard--whmCheckBox\"]"}
COMMAND: POST /session/4a8a75bcbd0d44f703d13edc121f15a8/element/f.093A703FE9E59CF09BD9C73E01D6E334.d.7BDA6DF0DB9936C19C79CFC7E483A1E7.e.15042/click - {}
RESULT: {}
COMMAND: GET /session/4a8a75bcbd0d44f703d13edc121f15a8/screenshot - {}
RESULT: {}
COMMAND: POST /session/4a8a75bcbd0d44f703d13edc121f15a8/element - {"using":"xpath","value":"//button[@data-kt=\"newYardSaveButton\"]"}
RESULT: {"using":"xpath","value":"//button[@data-kt=\"newYardSaveButton\"]"}
COMMAND: POST /session/4a8a75bcbd0d44f703d13edc121f15a8/element/f.093A703FE9E59CF09BD9C73E01D6E334.d.7BDA6DF0DB9936C19C79CFC7E483A1E7.e.14958/click - {}
RESULT: {}
COMMAND: GET /session/4a8a75bcbd0d44f703d13edc121f15a8/screenshot - {}
RESULT: {}
COMMAND: POST /session/4a8a75bcbd0d44f703d13edc121f15a8/element - {"using":"xpath","value":"//header[contains(@id, 'ObjectPageLayout-headerTitle')]/div[1]/div[2]/div[1]/span[1]"}
RESULT: {"using":"xpath","value":"//header[contains(@id, 'ObjectPageLayout-headerTitle')]/div[1]/div[2]/div[1]/span[1]"}
COMMAND: POST /session/4a8a75bcbd0d44f703d13edc121f15a8/elements - {"using":"xpath","value":"//header[contains(@id, 'ObjectPageLayout-headerTitle')]/div[1]/div[2]/div[1]/span[1]"}
RESULT: {"using":"xpath","value":"//header[contains(@id, 'ObjectPageLayout-headerTitle')]/div[1]/div[2]/div[1]/span[1]"}
COMMAND: POST /session/4a8a75bcbd0d44f703d13edc121f15a8/execute/sync - {"script":"<script> [56 bytes]","args":[{"element-6066-11e4-a52e-4f735466cecf":"f.093A703FE9E59CF09BD9C73E01D6E334.d.7BDA6DF0DB9936C19C79CFC7E483A1E7.e.15246","ELEMENT":"f.093A703FE9E59CF09BD9C73E01D6E334.d.7BDA6DF0DB9936C19C79CFC7E483A1E7.e.15246"}]}
RESULT: {"script":"<script> [56 bytes]","args":[{"element-6066-11e4-a52e-4f735466cecf":"f.093A703FE9E59CF09BD9C73E01D6E334.d.7BDA6DF0DB9936C19C79CFC7E483A1E7.e.15246","ELEMENT":"f.093A703FE9E59CF09BD9C73E01D6E334.d.7BDA6DF0DB9936C19C79CFC7E483A1E7.e.15246"}]}
COMMAND: GET /session/4a8a75bcbd0d44f703d13edc121f15a8/screenshot - {}
RESULT: {}
COMMAND: POST /session/4a8a75bcbd0d44f703d13edc121f15a8/element - {"using":"css selector","value":"#shell-header-logo"}
RESULT: {"using":"css selector","value":"#shell-header-logo"}
COMMAND: POST /session/4a8a75bcbd0d44f703d13edc121f15a8/element/f.093A703FE9E59CF09BD9C73E01D6E334.d.7BDA6DF0DB9936C19C79CFC7E483A1E7.e.14333/click - {}
RESULT: {}
COMMAND: GET /session/4a8a75bcbd0d44f703d13edc121f15a8/screenshot - {}
RESULT: {}
COMMAND: POST /session/4a8a75bcbd0d44f703d13edc121f15a8/execute/sync - {"script":"<script> [299 bytes]","args":[["getModel","getResource"]]}
RESULT: {"script":"<script> [299 bytes]","args":[["getModel","getResource"]]}
]]></system-out>
    </testcase>
    <testcase classname="chrome.137_0_7151_69.windows.Create_partner_US118246" name="Should create new external WHM partner" time="178.449">
      <failure/>
      <error message="Can't call click on element with selector &quot;//ul[contains(@id,&quot;popup-list-listUl&quot;)]//li[.//span[text()= &quot;Webshop Catalog&quot;]]&quot; because element wasn't found"/>
      <system-out><![CDATA[
COMMAND: POST /session/4a8a75bcbd0d44f703d13edc121f15a8/window/fullscreen - {}
COMMAND: GET /session/4a8a75bcbd0d44f703d13edc121f15a8/screenshot - {}
RESULT: {}
RESULT: undefined
COMMAND: POST /session/4a8a75bcbd0d44f703d13edc121f15a8/element - {"using":"xpath","value":"//*[@id=\"__tile39\"]"}
RESULT: {}
RESULT: {"using":"xpath","value":"//*[@id=\"__tile39\"]"}
COMMAND: POST /session/4a8a75bcbd0d44f703d13edc121f15a8/element/f.093A703FE9E59CF09BD9C73E01D6E334.d.7BDA6DF0DB9936C19C79CFC7E483A1E7.e.12775/click - {}
RESULT: {}
COMMAND: GET /session/4a8a75bcbd0d44f703d13edc121f15a8/screenshot - {}
RESULT: {}
COMMAND: POST /session/4a8a75bcbd0d44f703d13edc121f15a8/elements - {"using":"xpath","value":"//span[text()='Error']"}
RESULT: {"using":"xpath","value":"//span[text()='Error']"}
COMMAND: POST /session/4a8a75bcbd0d44f703d13edc121f15a8/element - {"using":"xpath","value":"//button[@data-kt=\"addButton\"]"}
RESULT: {"using":"xpath","value":"//button[@data-kt=\"addButton\"]"}
COMMAND: POST /session/4a8a75bcbd0d44f703d13edc121f15a8/elements - {"using":"xpath","value":"//button[@data-kt=\"addButton\"]"}
RESULT: {"using":"xpath","value":"//button[@data-kt=\"addButton\"]"}
COMMAND: POST /session/4a8a75bcbd0d44f703d13edc121f15a8/execute/sync - {"script":"<script> [8489 bytes]","args":[{"element-6066-11e4-a52e-4f735466cecf":"f.093A703FE9E59CF09BD9C73E01D6E334.d.7BDA6DF0DB9936C19C79CFC7E483A1E7.e.15294","ELEMENT":"f.093A703FE9E59CF09BD9C73E01D6E334.d.7BDA6DF0DB9936C19C79CFC7E483A1E7.e.15294"}]}
RESULT: {"script":"<script> [8489 bytes]","args":[{"element-6066-11e4-a52e-4f735466cecf":"f.093A703FE9E59CF09BD9C73E01D6E334.d.7BDA6DF0DB9936C19C79CFC7E483A1E7.e.15294","ELEMENT":"f.093A703FE9E59CF09BD9C73E01D6E334.d.7BDA6DF0DB9936C19C79CFC7E483A1E7.e.15294"}]}
COMMAND: GET /session/4a8a75bcbd0d44f703d13edc121f15a8/element/f.093A703FE9E59CF09BD9C73E01D6E334.d.7BDA6DF0DB9936C19C79CFC7E483A1E7.e.15294/enabled - {}
COMMAND: GET /session/4a8a75bcbd0d44f703d13edc121f15a8/screenshot - {}
RESULT: {}
COMMAND: POST /session/4a8a75bcbd0d44f703d13edc121f15a8/execute/sync - {"script":"<script> [8489 bytes]","args":[{"element-6066-11e4-a52e-4f735466cecf":"f.093A703FE9E59CF09BD9C73E01D6E334.d.7BDA6DF0DB9936C19C79CFC7E483A1E7.e.15294","ELEMENT":"f.093A703FE9E59CF09BD9C73E01D6E334.d.7BDA6DF0DB9936C19C79CFC7E483A1E7.e.15294"}]}
COMMAND: GET /session/4a8a75bcbd0d44f703d13edc121f15a8/screenshot - {}
RESULT: {}
RESULT: {"script":"<script> [8489 bytes]","args":[{"element-6066-11e4-a52e-4f735466cecf":"f.093A703FE9E59CF09BD9C73E01D6E334.d.7BDA6DF0DB9936C19C79CFC7E483A1E7.e.15294","ELEMENT":"f.093A703FE9E59CF09BD9C73E01D6E334.d.7BDA6DF0DB9936C19C79CFC7E483A1E7.e.15294"}]}
COMMAND: POST /session/4a8a75bcbd0d44f703d13edc121f15a8/execute/sync - {"script":"<script> [5351 bytes]","args":[{"element-6066-11e4-a52e-4f735466cecf":"f.093A703FE9E59CF09BD9C73E01D6E334.d.7BDA6DF0DB9936C19C79CFC7E483A1E7.e.15294","ELEMENT":"f.093A703FE9E59CF09BD9C73E01D6E334.d.7BDA6DF0DB9936C19C79CFC7E483A1E7.e.15294"}]}
COMMAND: GET /session/4a8a75bcbd0d44f703d13edc121f15a8/screenshot - {}
RESULT: {}
RESULT: {"script":"<script> [5351 bytes]","args":[{"element-6066-11e4-a52e-4f735466cecf":"f.093A703FE9E59CF09BD9C73E01D6E334.d.7BDA6DF0DB9936C19C79CFC7E483A1E7.e.15294","ELEMENT":"f.093A703FE9E59CF09BD9C73E01D6E334.d.7BDA6DF0DB9936C19C79CFC7E483A1E7.e.15294"}]}
COMMAND: POST /session/4a8a75bcbd0d44f703d13edc121f15a8/element/f.093A703FE9E59CF09BD9C73E01D6E334.d.7BDA6DF0DB9936C19C79CFC7E483A1E7.e.15294/click - {}
COMMAND: GET /session/4a8a75bcbd0d44f703d13edc121f15a8/screenshot - {}
RESULT: {}
RESULT: {}
COMMAND: GET /session/4a8a75bcbd0d44f703d13edc121f15a8/screenshot - {}
RESULT: undefined
COMMAND: POST /session/4a8a75bcbd0d44f703d13edc121f15a8/execute/async - {"script":"<script> [776 bytes]","args":[{"enterText":"External Partner WDIO","selector":{"id":"application-managepartners-display-component---NewPartner--addressDetailDetailsName1","interaction":{"idSuffix":"inner"}},"clearTextFirst":true,"interactionType":"ENTER_TEXT"}]}
RESULT: {}
RESULT: {}
RESULT: {"script":"<script> [776 bytes]","args":[{"enterText":"External Partner WDIO","selector":{"id":"application-managepartners-display-component---NewPartner--addressDetailDetailsName1","interaction":{"idSuffix":"inner"}},"clearTextFirst":true,"interactionType":"ENTER_TEXT"}]}
RESULT: undefined
COMMAND: POST /session/4a8a75bcbd0d44f703d13edc121f15a8/element - {"using":"xpath","value":"//*[@id=\"application-managepartners-display-component---NewPartner--addressDetailDetailsLanguage-arrow\"]"}
RESULT: {"using":"xpath","value":"//*[@id=\"application-managepartners-display-component---NewPartner--addressDetailDetailsLanguage-arrow\"]"}
COMMAND: POST /session/4a8a75bcbd0d44f703d13edc121f15a8/element/f.093A703FE9E59CF09BD9C73E01D6E334.d.7BDA6DF0DB9936C19C79CFC7E483A1E7.e.15733/click - {}
RESULT: {}
COMMAND: POST /session/4a8a75bcbd0d44f703d13edc121f15a8/element - {"using":"xpath","value":"//span[contains(text(), \"English\")]"}
COMMAND: GET /session/4a8a75bcbd0d44f703d13edc121f15a8/screenshot - {}
RESULT: {"using":"xpath","value":"//span[contains(text(), \"English\")]"}
COMMAND: POST /session/4a8a75bcbd0d44f703d13edc121f15a8/element/f.093A703FE9E59CF09BD9C73E01D6E334.d.7BDA6DF0DB9936C19C79CFC7E483A1E7.e.15734/click - {}
RESULT: {}
RESULT: {}
COMMAND: GET /session/4a8a75bcbd0d44f703d13edc121f15a8/screenshot - {}
RESULT: {}
RESULT: undefined
COMMAND: POST /session/4a8a75bcbd0d44f703d13edc121f15a8/execute/async - {"script":"<script> [776 bytes]","args":[{"enterText":"Rosario","selector":{"id":"application-managepartners-display-component---NewPartner--addressDetailDetailsCity1","interaction":{"idSuffix":"inner"}},"clearTextFirst":true,"interactionType":"ENTER_TEXT"}]}
RESULT: {"script":"<script> [776 bytes]","args":[{"enterText":"Rosario","selector":{"id":"application-managepartners-display-component---NewPartner--addressDetailDetailsCity1","interaction":{"idSuffix":"inner"}},"clearTextFirst":true,"interactionType":"ENTER_TEXT"}]}
RESULT: undefined
COMMAND: POST /session/4a8a75bcbd0d44f703d13edc121f15a8/element - {"using":"xpath","value":"//*[@id=\"application-managepartners-display-component---NewPartner--addressDetailDetailsCountry-arrow\"]"}
RESULT: {"using":"xpath","value":"//*[@id=\"application-managepartners-display-component---NewPartner--addressDetailDetailsCountry-arrow\"]"}
COMMAND: POST /session/4a8a75bcbd0d44f703d13edc121f15a8/element/f.093A703FE9E59CF09BD9C73E01D6E334.d.7BDA6DF0DB9936C19C79CFC7E483A1E7.e.15720/click - {}
RESULT: {}
COMMAND: POST /session/4a8a75bcbd0d44f703d13edc121f15a8/element - {"using":"xpath","value":"//span[contains(text(), \"Argentina\")]"}
COMMAND: GET /session/4a8a75bcbd0d44f703d13edc121f15a8/screenshot - {}
RESULT: {"using":"xpath","value":"//span[contains(text(), \"Argentina\")]"}
COMMAND: POST /session/4a8a75bcbd0d44f703d13edc121f15a8/element/f.093A703FE9E59CF09BD9C73E01D6E334.d.7BDA6DF0DB9936C19C79CFC7E483A1E7.e.15735/click - {}
RESULT: {}
RESULT: {}
COMMAND: GET /session/4a8a75bcbd0d44f703d13edc121f15a8/screenshot - {}
RESULT: {}
COMMAND: POST /session/4a8a75bcbd0d44f703d13edc121f15a8/element - {"using":"xpath","value":"//bdi[contains(text(), \"Commercial\")]"}
RESULT: {"using":"xpath","value":"//bdi[contains(text(), \"Commercial\")]"}
COMMAND: POST /session/4a8a75bcbd0d44f703d13edc121f15a8/element/f.093A703FE9E59CF09BD9C73E01D6E334.d.7BDA6DF0DB9936C19C79CFC7E483A1E7.e.15736/click - {}
RESULT: {}
COMMAND: GET /session/4a8a75bcbd0d44f703d13edc121f15a8/screenshot - {}
RESULT: {}
RESULT: undefined
COMMAND: POST /session/4a8a75bcbd0d44f703d13edc121f15a8/element - {"using":"xpath","value":"//*[@id=\"application-managepartners-display-component---NewPartner--partnerDetailInternal-arrow\"]"}
RESULT: {"using":"xpath","value":"//*[@id=\"application-managepartners-display-component---NewPartner--partnerDetailInternal-arrow\"]"}
COMMAND: POST /session/4a8a75bcbd0d44f703d13edc121f15a8/element/f.093A703FE9E59CF09BD9C73E01D6E334.d.7BDA6DF0DB9936C19C79CFC7E483A1E7.e.15743/click - {}
RESULT: {}
COMMAND: POST /session/4a8a75bcbd0d44f703d13edc121f15a8/element - {"using":"xpath","value":"//span[contains(text(), \"External partner\")]"}
COMMAND: GET /session/4a8a75bcbd0d44f703d13edc121f15a8/screenshot - {}
RESULT: {"using":"xpath","value":"//span[contains(text(), \"External partner\")]"}
COMMAND: POST /session/4a8a75bcbd0d44f703d13edc121f15a8/element/f.093A703FE9E59CF09BD9C73E01D6E334.d.7BDA6DF0DB9936C19C79CFC7E483A1E7.e.15744/click - {}
RESULT: {}
RESULT: {}
RESULT: undefined
COMMAND: POST /session/4a8a75bcbd0d44f703d13edc121f15a8/element - {"using":"xpath","value":"//*[@id=\"application-managepartners-display-component---NewPartner--partnerDetailsCurrency-arrow\"]"}
COMMAND: GET /session/4a8a75bcbd0d44f703d13edc121f15a8/screenshot - {}
RESULT: {"using":"xpath","value":"//*[@id=\"application-managepartners-display-component---NewPartner--partnerDetailsCurrency-arrow\"]"}
COMMAND: POST /session/4a8a75bcbd0d44f703d13edc121f15a8/element/f.093A703FE9E59CF09BD9C73E01D6E334.d.7BDA6DF0DB9936C19C79CFC7E483A1E7.e.15749/click - {}
RESULT: {}
RESULT: {}
COMMAND: POST /session/4a8a75bcbd0d44f703d13edc121f15a8/element - {"using":"xpath","value":"//span[contains(text(), \"US Dollar\")]"}
COMMAND: GET /session/4a8a75bcbd0d44f703d13edc121f15a8/screenshot - {}
RESULT: {"using":"xpath","value":"//span[contains(text(), \"US Dollar\")]"}
COMMAND: POST /session/4a8a75bcbd0d44f703d13edc121f15a8/element/f.093A703FE9E59CF09BD9C73E01D6E334.d.7BDA6DF0DB9936C19C79CFC7E483A1E7.e.15750/click - {}
RESULT: {}
RESULT: {}
COMMAND: GET /session/4a8a75bcbd0d44f703d13edc121f15a8/screenshot - {}
RESULT: {}
COMMAND: POST /session/4a8a75bcbd0d44f703d13edc121f15a8/element - {"using":"xpath","value":"//input[@id=\"application-managepartners-display-component---NewPartner--companyCodeComboBox-inner\"]"}
RESULT: {"using":"xpath","value":"//input[@id=\"application-managepartners-display-component---NewPartner--companyCodeComboBox-inner\"]"}
COMMAND: POST /session/4a8a75bcbd0d44f703d13edc121f15a8/element/f.093A703FE9E59CF09BD9C73E01D6E334.d.7BDA6DF0DB9936C19C79CFC7E483A1E7.e.15596/clear - {}
RESULT: {}
COMMAND: POST /session/4a8a75bcbd0d44f703d13edc121f15a8/element/f.093A703FE9E59CF09BD9C73E01D6E334.d.7BDA6DF0DB9936C19C79CFC7E483A1E7.e.15596/value - {"text":"C002"}
COMMAND: GET /session/4a8a75bcbd0d44f703d13edc121f15a8/screenshot - {}
RESULT: {"text":"C002"}
COMMAND: GET /session/4a8a75bcbd0d44f703d13edc121f15a8/screenshot - {}
RESULT: {}
RESULT: {}
COMMAND: POST /session/4a8a75bcbd0d44f703d13edc121f15a8/element - {"using":"xpath","value":"//li[.//span[text()= \"C002\"]]"}
RESULT: {"using":"xpath","value":"//li[.//span[text()= \"C002\"]]"}
COMMAND: POST /session/4a8a75bcbd0d44f703d13edc121f15a8/element/f.093A703FE9E59CF09BD9C73E01D6E334.d.7BDA6DF0DB9936C19C79CFC7E483A1E7.e.15754/click - {}
RESULT: {}
COMMAND: GET /session/4a8a75bcbd0d44f703d13edc121f15a8/screenshot - {}
RESULT: {}
RESULT: undefined
COMMAND: POST /session/4a8a75bcbd0d44f703d13edc121f15a8/element - {"using":"xpath","value":"//*[@id=\"__box22-arrow\"]"}
RESULT: {"using":"xpath","value":"//*[@id=\"__box22-arrow\"]"}
COMMAND: POST /session/4a8a75bcbd0d44f703d13edc121f15a8/elements - {"using":"xpath","value":"//*[@id=\"__box22-arrow\"]"}
RESULT: {"using":"xpath","value":"//*[@id=\"__box22-arrow\"]"}
COMMAND: POST /session/4a8a75bcbd0d44f703d13edc121f15a8/elements - {"using":"xpath","value":"//*[@id=\"__box22-arrow\"]"}
RESULT: {"using":"xpath","value":"//*[@id=\"__box22-arrow\"]"}
COMMAND: POST /session/4a8a75bcbd0d44f703d13edc121f15a8/elements - {"using":"xpath","value":"//*[@id=\"__box22-arrow\"]"}
RESULT: {"using":"xpath","value":"//*[@id=\"__box22-arrow\"]"}
COMMAND: POST /session/4a8a75bcbd0d44f703d13edc121f15a8/elements - {"using":"xpath","value":"//*[@id=\"__box22-arrow\"]"}
RESULT: {"using":"xpath","value":"//*[@id=\"__box22-arrow\"]"}
COMMAND: POST /session/4a8a75bcbd0d44f703d13edc121f15a8/elements - {"using":"xpath","value":"//*[@id=\"__box22-arrow\"]"}
RESULT: {"using":"xpath","value":"//*[@id=\"__box22-arrow\"]"}
COMMAND: POST /session/4a8a75bcbd0d44f703d13edc121f15a8/elements - {"using":"xpath","value":"//*[@id=\"__box22-arrow\"]"}
RESULT: {"using":"xpath","value":"//*[@id=\"__box22-arrow\"]"}
COMMAND: POST /session/4a8a75bcbd0d44f703d13edc121f15a8/elements - {"using":"xpath","value":"//*[@id=\"__box22-arrow\"]"}
RESULT: {"using":"xpath","value":"//*[@id=\"__box22-arrow\"]"}
COMMAND: POST /session/4a8a75bcbd0d44f703d13edc121f15a8/elements - {"using":"xpath","value":"//*[@id=\"__box22-arrow\"]"}
RESULT: {"using":"xpath","value":"//*[@id=\"__box22-arrow\"]"}
COMMAND: POST /session/4a8a75bcbd0d44f703d13edc121f15a8/elements - {"using":"xpath","value":"//*[@id=\"__box22-arrow\"]"}
RESULT: {"using":"xpath","value":"//*[@id=\"__box22-arrow\"]"}
COMMAND: POST /session/4a8a75bcbd0d44f703d13edc121f15a8/elements - {"using":"xpath","value":"//*[@id=\"__box22-arrow\"]"}
RESULT: {"using":"xpath","value":"//*[@id=\"__box22-arrow\"]"}
COMMAND: POST /session/4a8a75bcbd0d44f703d13edc121f15a8/elements - {"using":"xpath","value":"//*[@id=\"__box22-arrow\"]"}
RESULT: {"using":"xpath","value":"//*[@id=\"__box22-arrow\"]"}
COMMAND: POST /session/4a8a75bcbd0d44f703d13edc121f15a8/elements - {"using":"xpath","value":"//*[@id=\"__box22-arrow\"]"}
RESULT: {"using":"xpath","value":"//*[@id=\"__box22-arrow\"]"}
COMMAND: POST /session/4a8a75bcbd0d44f703d13edc121f15a8/elements - {"using":"xpath","value":"//*[@id=\"__box22-arrow\"]"}
RESULT: {"using":"xpath","value":"//*[@id=\"__box22-arrow\"]"}
COMMAND: POST /session/4a8a75bcbd0d44f703d13edc121f15a8/elements - {"using":"xpath","value":"//*[@id=\"__box22-arrow\"]"}
RESULT: {"using":"xpath","value":"//*[@id=\"__box22-arrow\"]"}
COMMAND: POST /session/4a8a75bcbd0d44f703d13edc121f15a8/elements - {"using":"xpath","value":"//*[@id=\"__box22-arrow\"]"}
RESULT: {"using":"xpath","value":"//*[@id=\"__box22-arrow\"]"}
COMMAND: POST /session/4a8a75bcbd0d44f703d13edc121f15a8/elements - {"using":"xpath","value":"//*[@id=\"__box22-arrow\"]"}
RESULT: {"using":"xpath","value":"//*[@id=\"__box22-arrow\"]"}
COMMAND: POST /session/4a8a75bcbd0d44f703d13edc121f15a8/elements - {"using":"xpath","value":"//*[@id=\"__box22-arrow\"]"}
RESULT: {"using":"xpath","value":"//*[@id=\"__box22-arrow\"]"}
COMMAND: POST /session/4a8a75bcbd0d44f703d13edc121f15a8/elements - {"using":"xpath","value":"//*[@id=\"__box22-arrow\"]"}
RESULT: {"using":"xpath","value":"//*[@id=\"__box22-arrow\"]"}
COMMAND: POST /session/4a8a75bcbd0d44f703d13edc121f15a8/elements - {"using":"xpath","value":"//*[@id=\"__box22-arrow\"]"}
RESULT: {"using":"xpath","value":"//*[@id=\"__box22-arrow\"]"}
COMMAND: POST /session/4a8a75bcbd0d44f703d13edc121f15a8/elements - {"using":"xpath","value":"//*[@id=\"__box22-arrow\"]"}
RESULT: {"using":"xpath","value":"//*[@id=\"__box22-arrow\"]"}
COMMAND: POST /session/4a8a75bcbd0d44f703d13edc121f15a8/elements - {"using":"xpath","value":"//*[@id=\"__box22-arrow\"]"}
RESULT: {"using":"xpath","value":"//*[@id=\"__box22-arrow\"]"}
COMMAND: POST /session/4a8a75bcbd0d44f703d13edc121f15a8/elements - {"using":"xpath","value":"//*[@id=\"__box22-arrow\"]"}
RESULT: {"using":"xpath","value":"//*[@id=\"__box22-arrow\"]"}
COMMAND: POST /session/4a8a75bcbd0d44f703d13edc121f15a8/elements - {"using":"xpath","value":"//*[@id=\"__box22-arrow\"]"}
RESULT: {"using":"xpath","value":"//*[@id=\"__box22-arrow\"]"}
COMMAND: POST /session/4a8a75bcbd0d44f703d13edc121f15a8/elements - {"using":"xpath","value":"//*[@id=\"__box22-arrow\"]"}
RESULT: {"using":"xpath","value":"//*[@id=\"__box22-arrow\"]"}
COMMAND: POST /session/4a8a75bcbd0d44f703d13edc121f15a8/elements - {"using":"xpath","value":"//*[@id=\"__box22-arrow\"]"}
RESULT: {"using":"xpath","value":"//*[@id=\"__box22-arrow\"]"}
COMMAND: POST /session/4a8a75bcbd0d44f703d13edc121f15a8/elements - {"using":"xpath","value":"//*[@id=\"__box22-arrow\"]"}
RESULT: {"using":"xpath","value":"//*[@id=\"__box22-arrow\"]"}
COMMAND: POST /session/4a8a75bcbd0d44f703d13edc121f15a8/elements - {"using":"xpath","value":"//*[@id=\"__box22-arrow\"]"}
RESULT: {"using":"xpath","value":"//*[@id=\"__box22-arrow\"]"}
COMMAND: POST /session/4a8a75bcbd0d44f703d13edc121f15a8/elements - {"using":"xpath","value":"//*[@id=\"__box22-arrow\"]"}
RESULT: {"using":"xpath","value":"//*[@id=\"__box22-arrow\"]"}
COMMAND: POST /session/4a8a75bcbd0d44f703d13edc121f15a8/elements - {"using":"xpath","value":"//*[@id=\"__box22-arrow\"]"}
RESULT: {"using":"xpath","value":"//*[@id=\"__box22-arrow\"]"}
COMMAND: POST /session/4a8a75bcbd0d44f703d13edc121f15a8/elements - {"using":"xpath","value":"//*[@id=\"__box22-arrow\"]"}
RESULT: {"using":"xpath","value":"//*[@id=\"__box22-arrow\"]"}
COMMAND: POST /session/4a8a75bcbd0d44f703d13edc121f15a8/elements - {"using":"xpath","value":"//*[@id=\"__box22-arrow\"]"}
RESULT: {"using":"xpath","value":"//*[@id=\"__box22-arrow\"]"}
COMMAND: POST /session/4a8a75bcbd0d44f703d13edc121f15a8/elements - {"using":"xpath","value":"//*[@id=\"__box22-arrow\"]"}
RESULT: {"using":"xpath","value":"//*[@id=\"__box22-arrow\"]"}
COMMAND: POST /session/4a8a75bcbd0d44f703d13edc121f15a8/elements - {"using":"xpath","value":"//*[@id=\"__box22-arrow\"]"}
RESULT: {"using":"xpath","value":"//*[@id=\"__box22-arrow\"]"}
COMMAND: POST /session/4a8a75bcbd0d44f703d13edc121f15a8/elements - {"using":"xpath","value":"//*[@id=\"__box22-arrow\"]"}
RESULT: {"using":"xpath","value":"//*[@id=\"__box22-arrow\"]"}
COMMAND: POST /session/4a8a75bcbd0d44f703d13edc121f15a8/elements - {"using":"xpath","value":"//*[@id=\"__box22-arrow\"]"}
RESULT: {"using":"xpath","value":"//*[@id=\"__box22-arrow\"]"}
COMMAND: POST /session/4a8a75bcbd0d44f703d13edc121f15a8/elements - {"using":"xpath","value":"//*[@id=\"__box22-arrow\"]"}
RESULT: {"using":"xpath","value":"//*[@id=\"__box22-arrow\"]"}
COMMAND: POST /session/4a8a75bcbd0d44f703d13edc121f15a8/elements - {"using":"xpath","value":"//*[@id=\"__box22-arrow\"]"}
RESULT: {"using":"xpath","value":"//*[@id=\"__box22-arrow\"]"}
COMMAND: POST /session/4a8a75bcbd0d44f703d13edc121f15a8/elements - {"using":"xpath","value":"//*[@id=\"__box22-arrow\"]"}
RESULT: {"using":"xpath","value":"//*[@id=\"__box22-arrow\"]"}
COMMAND: POST /session/4a8a75bcbd0d44f703d13edc121f15a8/elements - {"using":"xpath","value":"//*[@id=\"__box22-arrow\"]"}
RESULT: {"using":"xpath","value":"//*[@id=\"__box22-arrow\"]"}
COMMAND: POST /session/4a8a75bcbd0d44f703d13edc121f15a8/elements - {"using":"xpath","value":"//*[@id=\"__box22-arrow\"]"}
RESULT: {"using":"xpath","value":"//*[@id=\"__box22-arrow\"]"}
COMMAND: POST /session/4a8a75bcbd0d44f703d13edc121f15a8/elements - {"using":"xpath","value":"//*[@id=\"__box22-arrow\"]"}
RESULT: {"using":"xpath","value":"//*[@id=\"__box22-arrow\"]"}
COMMAND: POST /session/4a8a75bcbd0d44f703d13edc121f15a8/elements - {"using":"xpath","value":"//*[@id=\"__box22-arrow\"]"}
RESULT: {"using":"xpath","value":"//*[@id=\"__box22-arrow\"]"}
COMMAND: POST /session/4a8a75bcbd0d44f703d13edc121f15a8/elements - {"using":"xpath","value":"//*[@id=\"__box22-arrow\"]"}
RESULT: {"using":"xpath","value":"//*[@id=\"__box22-arrow\"]"}
COMMAND: POST /session/4a8a75bcbd0d44f703d13edc121f15a8/elements - {"using":"xpath","value":"//*[@id=\"__box22-arrow\"]"}
RESULT: {"using":"xpath","value":"//*[@id=\"__box22-arrow\"]"}
COMMAND: POST /session/4a8a75bcbd0d44f703d13edc121f15a8/elements - {"using":"xpath","value":"//*[@id=\"__box22-arrow\"]"}
RESULT: {"using":"xpath","value":"//*[@id=\"__box22-arrow\"]"}
COMMAND: POST /session/4a8a75bcbd0d44f703d13edc121f15a8/elements - {"using":"xpath","value":"//*[@id=\"__box22-arrow\"]"}
RESULT: {"using":"xpath","value":"//*[@id=\"__box22-arrow\"]"}
COMMAND: POST /session/4a8a75bcbd0d44f703d13edc121f15a8/elements - {"using":"xpath","value":"//*[@id=\"__box22-arrow\"]"}
RESULT: {"using":"xpath","value":"//*[@id=\"__box22-arrow\"]"}
COMMAND: POST /session/4a8a75bcbd0d44f703d13edc121f15a8/elements - {"using":"xpath","value":"//*[@id=\"__box22-arrow\"]"}
RESULT: {"using":"xpath","value":"//*[@id=\"__box22-arrow\"]"}
COMMAND: POST /session/4a8a75bcbd0d44f703d13edc121f15a8/elements - {"using":"xpath","value":"//*[@id=\"__box22-arrow\"]"}
RESULT: {"using":"xpath","value":"//*[@id=\"__box22-arrow\"]"}
COMMAND: POST /session/4a8a75bcbd0d44f703d13edc121f15a8/elements - {"using":"xpath","value":"//*[@id=\"__box22-arrow\"]"}
RESULT: {"using":"xpath","value":"//*[@id=\"__box22-arrow\"]"}
COMMAND: POST /session/4a8a75bcbd0d44f703d13edc121f15a8/elements - {"using":"xpath","value":"//*[@id=\"__box22-arrow\"]"}
RESULT: {"using":"xpath","value":"//*[@id=\"__box22-arrow\"]"}
COMMAND: POST /session/4a8a75bcbd0d44f703d13edc121f15a8/elements - {"using":"xpath","value":"//*[@id=\"__box22-arrow\"]"}
RESULT: {"using":"xpath","value":"//*[@id=\"__box22-arrow\"]"}
COMMAND: POST /session/4a8a75bcbd0d44f703d13edc121f15a8/elements - {"using":"xpath","value":"//*[@id=\"__box22-arrow\"]"}
RESULT: {"using":"xpath","value":"//*[@id=\"__box22-arrow\"]"}
COMMAND: POST /session/4a8a75bcbd0d44f703d13edc121f15a8/elements - {"using":"xpath","value":"//*[@id=\"__box22-arrow\"]"}
RESULT: {"using":"xpath","value":"//*[@id=\"__box22-arrow\"]"}
COMMAND: POST /session/4a8a75bcbd0d44f703d13edc121f15a8/elements - {"using":"xpath","value":"//*[@id=\"__box22-arrow\"]"}
RESULT: {"using":"xpath","value":"//*[@id=\"__box22-arrow\"]"}
COMMAND: POST /session/4a8a75bcbd0d44f703d13edc121f15a8/elements - {"using":"xpath","value":"//*[@id=\"__box22-arrow\"]"}
RESULT: {"using":"xpath","value":"//*[@id=\"__box22-arrow\"]"}
COMMAND: POST /session/4a8a75bcbd0d44f703d13edc121f15a8/elements - {"using":"xpath","value":"//*[@id=\"__box22-arrow\"]"}
RESULT: {"using":"xpath","value":"//*[@id=\"__box22-arrow\"]"}
COMMAND: POST /session/4a8a75bcbd0d44f703d13edc121f15a8/elements - {"using":"xpath","value":"//*[@id=\"__box22-arrow\"]"}
RESULT: {"using":"xpath","value":"//*[@id=\"__box22-arrow\"]"}
COMMAND: POST /session/4a8a75bcbd0d44f703d13edc121f15a8/elements - {"using":"xpath","value":"//*[@id=\"__box22-arrow\"]"}
RESULT: {"using":"xpath","value":"//*[@id=\"__box22-arrow\"]"}
COMMAND: POST /session/4a8a75bcbd0d44f703d13edc121f15a8/elements - {"using":"xpath","value":"//*[@id=\"__box22-arrow\"]"}
RESULT: {"using":"xpath","value":"//*[@id=\"__box22-arrow\"]"}
COMMAND: POST /session/4a8a75bcbd0d44f703d13edc121f15a8/elements - {"using":"xpath","value":"//*[@id=\"__box22-arrow\"]"}
RESULT: {"using":"xpath","value":"//*[@id=\"__box22-arrow\"]"}
COMMAND: POST /session/4a8a75bcbd0d44f703d13edc121f15a8/elements - {"using":"xpath","value":"//*[@id=\"__box22-arrow\"]"}
RESULT: {"using":"xpath","value":"//*[@id=\"__box22-arrow\"]"}
COMMAND: POST /session/4a8a75bcbd0d44f703d13edc121f15a8/elements - {"using":"xpath","value":"//*[@id=\"__box22-arrow\"]"}
RESULT: {"using":"xpath","value":"//*[@id=\"__box22-arrow\"]"}
COMMAND: POST /session/4a8a75bcbd0d44f703d13edc121f15a8/elements - {"using":"xpath","value":"//*[@id=\"__box22-arrow\"]"}
RESULT: {"using":"xpath","value":"//*[@id=\"__box22-arrow\"]"}
COMMAND: POST /session/4a8a75bcbd0d44f703d13edc121f15a8/elements - {"using":"xpath","value":"//*[@id=\"__box22-arrow\"]"}
RESULT: {"using":"xpath","value":"//*[@id=\"__box22-arrow\"]"}
COMMAND: POST /session/4a8a75bcbd0d44f703d13edc121f15a8/elements - {"using":"xpath","value":"//*[@id=\"__box22-arrow\"]"}
RESULT: {"using":"xpath","value":"//*[@id=\"__box22-arrow\"]"}
COMMAND: POST /session/4a8a75bcbd0d44f703d13edc121f15a8/elements - {"using":"xpath","value":"//*[@id=\"__box22-arrow\"]"}
RESULT: {"using":"xpath","value":"//*[@id=\"__box22-arrow\"]"}
COMMAND: POST /session/4a8a75bcbd0d44f703d13edc121f15a8/elements - {"using":"xpath","value":"//*[@id=\"__box22-arrow\"]"}
RESULT: {"using":"xpath","value":"//*[@id=\"__box22-arrow\"]"}
COMMAND: POST /session/4a8a75bcbd0d44f703d13edc121f15a8/elements - {"using":"xpath","value":"//*[@id=\"__box22-arrow\"]"}
RESULT: {"using":"xpath","value":"//*[@id=\"__box22-arrow\"]"}
COMMAND: POST /session/4a8a75bcbd0d44f703d13edc121f15a8/elements - {"using":"xpath","value":"//*[@id=\"__box22-arrow\"]"}
RESULT: {"using":"xpath","value":"//*[@id=\"__box22-arrow\"]"}
COMMAND: POST /session/4a8a75bcbd0d44f703d13edc121f15a8/elements - {"using":"xpath","value":"//*[@id=\"__box22-arrow\"]"}
RESULT: {"using":"xpath","value":"//*[@id=\"__box22-arrow\"]"}
COMMAND: POST /session/4a8a75bcbd0d44f703d13edc121f15a8/elements - {"using":"xpath","value":"//*[@id=\"__box22-arrow\"]"}
RESULT: {"using":"xpath","value":"//*[@id=\"__box22-arrow\"]"}
COMMAND: POST /session/4a8a75bcbd0d44f703d13edc121f15a8/elements - {"using":"xpath","value":"//*[@id=\"__box22-arrow\"]"}
RESULT: {"using":"xpath","value":"//*[@id=\"__box22-arrow\"]"}
COMMAND: POST /session/4a8a75bcbd0d44f703d13edc121f15a8/elements - {"using":"xpath","value":"//*[@id=\"__box22-arrow\"]"}
RESULT: {"using":"xpath","value":"//*[@id=\"__box22-arrow\"]"}
COMMAND: POST /session/4a8a75bcbd0d44f703d13edc121f15a8/elements - {"using":"xpath","value":"//*[@id=\"__box22-arrow\"]"}
RESULT: {"using":"xpath","value":"//*[@id=\"__box22-arrow\"]"}
COMMAND: POST /session/4a8a75bcbd0d44f703d13edc121f15a8/elements - {"using":"xpath","value":"//*[@id=\"__box22-arrow\"]"}
RESULT: {"using":"xpath","value":"//*[@id=\"__box22-arrow\"]"}
COMMAND: POST /session/4a8a75bcbd0d44f703d13edc121f15a8/elements - {"using":"xpath","value":"//*[@id=\"__box22-arrow\"]"}
RESULT: {"using":"xpath","value":"//*[@id=\"__box22-arrow\"]"}
COMMAND: POST /session/4a8a75bcbd0d44f703d13edc121f15a8/elements - {"using":"xpath","value":"//*[@id=\"__box22-arrow\"]"}
RESULT: {"using":"xpath","value":"//*[@id=\"__box22-arrow\"]"}
COMMAND: POST /session/4a8a75bcbd0d44f703d13edc121f15a8/elements - {"using":"xpath","value":"//*[@id=\"__box22-arrow\"]"}
RESULT: {"using":"xpath","value":"//*[@id=\"__box22-arrow\"]"}
COMMAND: POST /session/4a8a75bcbd0d44f703d13edc121f15a8/elements - {"using":"xpath","value":"//*[@id=\"__box22-arrow\"]"}
RESULT: {"using":"xpath","value":"//*[@id=\"__box22-arrow\"]"}
COMMAND: POST /session/4a8a75bcbd0d44f703d13edc121f15a8/elements - {"using":"xpath","value":"//*[@id=\"__box22-arrow\"]"}
RESULT: {"using":"xpath","value":"//*[@id=\"__box22-arrow\"]"}
COMMAND: POST /session/4a8a75bcbd0d44f703d13edc121f15a8/elements - {"using":"xpath","value":"//*[@id=\"__box22-arrow\"]"}
RESULT: {"using":"xpath","value":"//*[@id=\"__box22-arrow\"]"}
COMMAND: POST /session/4a8a75bcbd0d44f703d13edc121f15a8/elements - {"using":"xpath","value":"//*[@id=\"__box22-arrow\"]"}
RESULT: {"using":"xpath","value":"//*[@id=\"__box22-arrow\"]"}
COMMAND: POST /session/4a8a75bcbd0d44f703d13edc121f15a8/elements - {"using":"xpath","value":"//*[@id=\"__box22-arrow\"]"}
RESULT: {"using":"xpath","value":"//*[@id=\"__box22-arrow\"]"}
COMMAND: POST /session/4a8a75bcbd0d44f703d13edc121f15a8/elements - {"using":"xpath","value":"//*[@id=\"__box22-arrow\"]"}
RESULT: {"using":"xpath","value":"//*[@id=\"__box22-arrow\"]"}
COMMAND: POST /session/4a8a75bcbd0d44f703d13edc121f15a8/elements - {"using":"xpath","value":"//*[@id=\"__box22-arrow\"]"}
RESULT: {"using":"xpath","value":"//*[@id=\"__box22-arrow\"]"}
COMMAND: POST /session/4a8a75bcbd0d44f703d13edc121f15a8/elements - {"using":"xpath","value":"//*[@id=\"__box22-arrow\"]"}
RESULT: {"using":"xpath","value":"//*[@id=\"__box22-arrow\"]"}
COMMAND: POST /session/4a8a75bcbd0d44f703d13edc121f15a8/elements - {"using":"xpath","value":"//*[@id=\"__box22-arrow\"]"}
RESULT: {"using":"xpath","value":"//*[@id=\"__box22-arrow\"]"}
COMMAND: POST /session/4a8a75bcbd0d44f703d13edc121f15a8/elements - {"using":"xpath","value":"//*[@id=\"__box22-arrow\"]"}
RESULT: {"using":"xpath","value":"//*[@id=\"__box22-arrow\"]"}
COMMAND: POST /session/4a8a75bcbd0d44f703d13edc121f15a8/elements - {"using":"xpath","value":"//*[@id=\"__box22-arrow\"]"}
RESULT: {"using":"xpath","value":"//*[@id=\"__box22-arrow\"]"}
COMMAND: POST /session/4a8a75bcbd0d44f703d13edc121f15a8/elements - {"using":"xpath","value":"//*[@id=\"__box22-arrow\"]"}
RESULT: {"using":"xpath","value":"//*[@id=\"__box22-arrow\"]"}
COMMAND: POST /session/4a8a75bcbd0d44f703d13edc121f15a8/elements - {"using":"xpath","value":"//*[@id=\"__box22-arrow\"]"}
RESULT: {"using":"xpath","value":"//*[@id=\"__box22-arrow\"]"}
COMMAND: POST /session/4a8a75bcbd0d44f703d13edc121f15a8/elements - {"using":"xpath","value":"//*[@id=\"__box22-arrow\"]"}
RESULT: {"using":"xpath","value":"//*[@id=\"__box22-arrow\"]"}
COMMAND: POST /session/4a8a75bcbd0d44f703d13edc121f15a8/elements - {"using":"xpath","value":"//*[@id=\"__box22-arrow\"]"}
RESULT: {"using":"xpath","value":"//*[@id=\"__box22-arrow\"]"}
COMMAND: POST /session/4a8a75bcbd0d44f703d13edc121f15a8/elements - {"using":"xpath","value":"//*[@id=\"__box22-arrow\"]"}
RESULT: {"using":"xpath","value":"//*[@id=\"__box22-arrow\"]"}
COMMAND: POST /session/4a8a75bcbd0d44f703d13edc121f15a8/elements - {"using":"xpath","value":"//*[@id=\"__box22-arrow\"]"}
RESULT: {"using":"xpath","value":"//*[@id=\"__box22-arrow\"]"}
COMMAND: POST /session/4a8a75bcbd0d44f703d13edc121f15a8/elements - {"using":"xpath","value":"//*[@id=\"__box22-arrow\"]"}
RESULT: {"using":"xpath","value":"//*[@id=\"__box22-arrow\"]"}
COMMAND: POST /session/4a8a75bcbd0d44f703d13edc121f15a8/elements - {"using":"xpath","value":"//*[@id=\"__box22-arrow\"]"}
RESULT: {"using":"xpath","value":"//*[@id=\"__box22-arrow\"]"}
COMMAND: POST /session/4a8a75bcbd0d44f703d13edc121f15a8/elements - {"using":"xpath","value":"//*[@id=\"__box22-arrow\"]"}
RESULT: {"using":"xpath","value":"//*[@id=\"__box22-arrow\"]"}
COMMAND: POST /session/4a8a75bcbd0d44f703d13edc121f15a8/elements - {"using":"xpath","value":"//*[@id=\"__box22-arrow\"]"}
RESULT: {"using":"xpath","value":"//*[@id=\"__box22-arrow\"]"}
COMMAND: POST /session/4a8a75bcbd0d44f703d13edc121f15a8/elements - {"using":"xpath","value":"//*[@id=\"__box22-arrow\"]"}
RESULT: {"using":"xpath","value":"//*[@id=\"__box22-arrow\"]"}
COMMAND: POST /session/4a8a75bcbd0d44f703d13edc121f15a8/elements - {"using":"xpath","value":"//*[@id=\"__box22-arrow\"]"}
RESULT: {"using":"xpath","value":"//*[@id=\"__box22-arrow\"]"}
COMMAND: POST /session/4a8a75bcbd0d44f703d13edc121f15a8/elements - {"using":"xpath","value":"//*[@id=\"__box22-arrow\"]"}
RESULT: {"using":"xpath","value":"//*[@id=\"__box22-arrow\"]"}
COMMAND: POST /session/4a8a75bcbd0d44f703d13edc121f15a8/elements - {"using":"xpath","value":"//*[@id=\"__box22-arrow\"]"}
RESULT: {"using":"xpath","value":"//*[@id=\"__box22-arrow\"]"}
COMMAND: POST /session/4a8a75bcbd0d44f703d13edc121f15a8/elements - {"using":"xpath","value":"//*[@id=\"__box22-arrow\"]"}
RESULT: {"using":"xpath","value":"//*[@id=\"__box22-arrow\"]"}
COMMAND: POST /session/4a8a75bcbd0d44f703d13edc121f15a8/elements - {"using":"xpath","value":"//*[@id=\"__box22-arrow\"]"}
RESULT: {"using":"xpath","value":"//*[@id=\"__box22-arrow\"]"}
COMMAND: POST /session/4a8a75bcbd0d44f703d13edc121f15a8/elements - {"using":"xpath","value":"//*[@id=\"__box22-arrow\"]"}
RESULT: {"using":"xpath","value":"//*[@id=\"__box22-arrow\"]"}
COMMAND: POST /session/4a8a75bcbd0d44f703d13edc121f15a8/elements - {"using":"xpath","value":"//*[@id=\"__box22-arrow\"]"}
RESULT: {"using":"xpath","value":"//*[@id=\"__box22-arrow\"]"}
COMMAND: POST /session/4a8a75bcbd0d44f703d13edc121f15a8/elements - {"using":"xpath","value":"//*[@id=\"__box22-arrow\"]"}
RESULT: {"using":"xpath","value":"//*[@id=\"__box22-arrow\"]"}
COMMAND: POST /session/4a8a75bcbd0d44f703d13edc121f15a8/elements - {"using":"xpath","value":"//*[@id=\"__box22-arrow\"]"}
RESULT: {"using":"xpath","value":"//*[@id=\"__box22-arrow\"]"}
COMMAND: POST /session/4a8a75bcbd0d44f703d13edc121f15a8/elements - {"using":"xpath","value":"//*[@id=\"__box22-arrow\"]"}
RESULT: {"using":"xpath","value":"//*[@id=\"__box22-arrow\"]"}
COMMAND: POST /session/4a8a75bcbd0d44f703d13edc121f15a8/elements - {"using":"xpath","value":"//*[@id=\"__box22-arrow\"]"}
RESULT: {"using":"xpath","value":"//*[@id=\"__box22-arrow\"]"}
COMMAND: POST /session/4a8a75bcbd0d44f703d13edc121f15a8/elements - {"using":"xpath","value":"//*[@id=\"__box22-arrow\"]"}
RESULT: {"using":"xpath","value":"//*[@id=\"__box22-arrow\"]"}
COMMAND: POST /session/4a8a75bcbd0d44f703d13edc121f15a8/elements - {"using":"xpath","value":"//*[@id=\"__box22-arrow\"]"}
RESULT: {"using":"xpath","value":"//*[@id=\"__box22-arrow\"]"}
COMMAND: POST /session/4a8a75bcbd0d44f703d13edc121f15a8/elements - {"using":"xpath","value":"//*[@id=\"__box22-arrow\"]"}
RESULT: {"using":"xpath","value":"//*[@id=\"__box22-arrow\"]"}
COMMAND: POST /session/4a8a75bcbd0d44f703d13edc121f15a8/elements - {"using":"xpath","value":"//*[@id=\"__box22-arrow\"]"}
RESULT: {"using":"xpath","value":"//*[@id=\"__box22-arrow\"]"}
COMMAND: POST /session/4a8a75bcbd0d44f703d13edc121f15a8/elements - {"using":"xpath","value":"//*[@id=\"__box22-arrow\"]"}
RESULT: {"using":"xpath","value":"//*[@id=\"__box22-arrow\"]"}
COMMAND: POST /session/4a8a75bcbd0d44f703d13edc121f15a8/elements - {"using":"xpath","value":"//*[@id=\"__box22-arrow\"]"}
RESULT: {"using":"xpath","value":"//*[@id=\"__box22-arrow\"]"}
COMMAND: POST /session/4a8a75bcbd0d44f703d13edc121f15a8/element - {"using":"xpath","value":"//ul[contains(@id,\"popup-list-listUl\")]//li[.//span[text()= \"Webshop Catalog\"]]"}
RESULT: {"using":"xpath","value":"//ul[contains(@id,\"popup-list-listUl\")]//li[.//span[text()= \"Webshop Catalog\"]]"}
COMMAND: POST /session/4a8a75bcbd0d44f703d13edc121f15a8/elements - {"using":"xpath","value":"//ul[contains(@id,\"popup-list-listUl\")]//li[.//span[text()= \"Webshop Catalog\"]]"}
RESULT: {"using":"xpath","value":"//ul[contains(@id,\"popup-list-listUl\")]//li[.//span[text()= \"Webshop Catalog\"]]"}
COMMAND: POST /session/4a8a75bcbd0d44f703d13edc121f15a8/elements - {"using":"xpath","value":"//ul[contains(@id,\"popup-list-listUl\")]//li[.//span[text()= \"Webshop Catalog\"]]"}
RESULT: {"using":"xpath","value":"//ul[contains(@id,\"popup-list-listUl\")]//li[.//span[text()= \"Webshop Catalog\"]]"}
COMMAND: POST /session/4a8a75bcbd0d44f703d13edc121f15a8/elements - {"using":"xpath","value":"//ul[contains(@id,\"popup-list-listUl\")]//li[.//span[text()= \"Webshop Catalog\"]]"}
RESULT: {"using":"xpath","value":"//ul[contains(@id,\"popup-list-listUl\")]//li[.//span[text()= \"Webshop Catalog\"]]"}
COMMAND: POST /session/4a8a75bcbd0d44f703d13edc121f15a8/elements - {"using":"xpath","value":"//ul[contains(@id,\"popup-list-listUl\")]//li[.//span[text()= \"Webshop Catalog\"]]"}
RESULT: {"using":"xpath","value":"//ul[contains(@id,\"popup-list-listUl\")]//li[.//span[text()= \"Webshop Catalog\"]]"}
COMMAND: POST /session/4a8a75bcbd0d44f703d13edc121f15a8/elements - {"using":"xpath","value":"//ul[contains(@id,\"popup-list-listUl\")]//li[.//span[text()= \"Webshop Catalog\"]]"}
RESULT: {"using":"xpath","value":"//ul[contains(@id,\"popup-list-listUl\")]//li[.//span[text()= \"Webshop Catalog\"]]"}
COMMAND: POST /session/4a8a75bcbd0d44f703d13edc121f15a8/elements - {"using":"xpath","value":"//ul[contains(@id,\"popup-list-listUl\")]//li[.//span[text()= \"Webshop Catalog\"]]"}
RESULT: {"using":"xpath","value":"//ul[contains(@id,\"popup-list-listUl\")]//li[.//span[text()= \"Webshop Catalog\"]]"}
COMMAND: POST /session/4a8a75bcbd0d44f703d13edc121f15a8/elements - {"using":"xpath","value":"//ul[contains(@id,\"popup-list-listUl\")]//li[.//span[text()= \"Webshop Catalog\"]]"}
RESULT: {"using":"xpath","value":"//ul[contains(@id,\"popup-list-listUl\")]//li[.//span[text()= \"Webshop Catalog\"]]"}
COMMAND: POST /session/4a8a75bcbd0d44f703d13edc121f15a8/elements - {"using":"xpath","value":"//ul[contains(@id,\"popup-list-listUl\")]//li[.//span[text()= \"Webshop Catalog\"]]"}
RESULT: {"using":"xpath","value":"//ul[contains(@id,\"popup-list-listUl\")]//li[.//span[text()= \"Webshop Catalog\"]]"}
COMMAND: POST /session/4a8a75bcbd0d44f703d13edc121f15a8/elements - {"using":"xpath","value":"//ul[contains(@id,\"popup-list-listUl\")]//li[.//span[text()= \"Webshop Catalog\"]]"}
RESULT: {"using":"xpath","value":"//ul[contains(@id,\"popup-list-listUl\")]//li[.//span[text()= \"Webshop Catalog\"]]"}
COMMAND: POST /session/4a8a75bcbd0d44f703d13edc121f15a8/elements - {"using":"xpath","value":"//ul[contains(@id,\"popup-list-listUl\")]//li[.//span[text()= \"Webshop Catalog\"]]"}
RESULT: {"using":"xpath","value":"//ul[contains(@id,\"popup-list-listUl\")]//li[.//span[text()= \"Webshop Catalog\"]]"}
COMMAND: POST /session/4a8a75bcbd0d44f703d13edc121f15a8/elements - {"using":"xpath","value":"//ul[contains(@id,\"popup-list-listUl\")]//li[.//span[text()= \"Webshop Catalog\"]]"}
RESULT: {"using":"xpath","value":"//ul[contains(@id,\"popup-list-listUl\")]//li[.//span[text()= \"Webshop Catalog\"]]"}
COMMAND: POST /session/4a8a75bcbd0d44f703d13edc121f15a8/elements - {"using":"xpath","value":"//ul[contains(@id,\"popup-list-listUl\")]//li[.//span[text()= \"Webshop Catalog\"]]"}
RESULT: {"using":"xpath","value":"//ul[contains(@id,\"popup-list-listUl\")]//li[.//span[text()= \"Webshop Catalog\"]]"}
COMMAND: POST /session/4a8a75bcbd0d44f703d13edc121f15a8/elements - {"using":"xpath","value":"//ul[contains(@id,\"popup-list-listUl\")]//li[.//span[text()= \"Webshop Catalog\"]]"}
RESULT: {"using":"xpath","value":"//ul[contains(@id,\"popup-list-listUl\")]//li[.//span[text()= \"Webshop Catalog\"]]"}
COMMAND: POST /session/4a8a75bcbd0d44f703d13edc121f15a8/elements - {"using":"xpath","value":"//ul[contains(@id,\"popup-list-listUl\")]//li[.//span[text()= \"Webshop Catalog\"]]"}
RESULT: {"using":"xpath","value":"//ul[contains(@id,\"popup-list-listUl\")]//li[.//span[text()= \"Webshop Catalog\"]]"}
COMMAND: POST /session/4a8a75bcbd0d44f703d13edc121f15a8/elements - {"using":"xpath","value":"//ul[contains(@id,\"popup-list-listUl\")]//li[.//span[text()= \"Webshop Catalog\"]]"}
RESULT: {"using":"xpath","value":"//ul[contains(@id,\"popup-list-listUl\")]//li[.//span[text()= \"Webshop Catalog\"]]"}
COMMAND: POST /session/4a8a75bcbd0d44f703d13edc121f15a8/elements - {"using":"xpath","value":"//ul[contains(@id,\"popup-list-listUl\")]//li[.//span[text()= \"Webshop Catalog\"]]"}
RESULT: {"using":"xpath","value":"//ul[contains(@id,\"popup-list-listUl\")]//li[.//span[text()= \"Webshop Catalog\"]]"}
COMMAND: POST /session/4a8a75bcbd0d44f703d13edc121f15a8/elements - {"using":"xpath","value":"//ul[contains(@id,\"popup-list-listUl\")]//li[.//span[text()= \"Webshop Catalog\"]]"}
RESULT: {"using":"xpath","value":"//ul[contains(@id,\"popup-list-listUl\")]//li[.//span[text()= \"Webshop Catalog\"]]"}
COMMAND: POST /session/4a8a75bcbd0d44f703d13edc121f15a8/elements - {"using":"xpath","value":"//ul[contains(@id,\"popup-list-listUl\")]//li[.//span[text()= \"Webshop Catalog\"]]"}
RESULT: {"using":"xpath","value":"//ul[contains(@id,\"popup-list-listUl\")]//li[.//span[text()= \"Webshop Catalog\"]]"}
COMMAND: POST /session/4a8a75bcbd0d44f703d13edc121f15a8/elements - {"using":"xpath","value":"//ul[contains(@id,\"popup-list-listUl\")]//li[.//span[text()= \"Webshop Catalog\"]]"}
RESULT: {"using":"xpath","value":"//ul[contains(@id,\"popup-list-listUl\")]//li[.//span[text()= \"Webshop Catalog\"]]"}
COMMAND: POST /session/4a8a75bcbd0d44f703d13edc121f15a8/elements - {"using":"xpath","value":"//ul[contains(@id,\"popup-list-listUl\")]//li[.//span[text()= \"Webshop Catalog\"]]"}
RESULT: {"using":"xpath","value":"//ul[contains(@id,\"popup-list-listUl\")]//li[.//span[text()= \"Webshop Catalog\"]]"}
COMMAND: POST /session/4a8a75bcbd0d44f703d13edc121f15a8/elements - {"using":"xpath","value":"//ul[contains(@id,\"popup-list-listUl\")]//li[.//span[text()= \"Webshop Catalog\"]]"}
RESULT: {"using":"xpath","value":"//ul[contains(@id,\"popup-list-listUl\")]//li[.//span[text()= \"Webshop Catalog\"]]"}
COMMAND: POST /session/4a8a75bcbd0d44f703d13edc121f15a8/elements - {"using":"xpath","value":"//ul[contains(@id,\"popup-list-listUl\")]//li[.//span[text()= \"Webshop Catalog\"]]"}
RESULT: {"using":"xpath","value":"//ul[contains(@id,\"popup-list-listUl\")]//li[.//span[text()= \"Webshop Catalog\"]]"}
COMMAND: POST /session/4a8a75bcbd0d44f703d13edc121f15a8/elements - {"using":"xpath","value":"//ul[contains(@id,\"popup-list-listUl\")]//li[.//span[text()= \"Webshop Catalog\"]]"}
RESULT: {"using":"xpath","value":"//ul[contains(@id,\"popup-list-listUl\")]//li[.//span[text()= \"Webshop Catalog\"]]"}
COMMAND: POST /session/4a8a75bcbd0d44f703d13edc121f15a8/elements - {"using":"xpath","value":"//ul[contains(@id,\"popup-list-listUl\")]//li[.//span[text()= \"Webshop Catalog\"]]"}
RESULT: {"using":"xpath","value":"//ul[contains(@id,\"popup-list-listUl\")]//li[.//span[text()= \"Webshop Catalog\"]]"}
COMMAND: POST /session/4a8a75bcbd0d44f703d13edc121f15a8/elements - {"using":"xpath","value":"//ul[contains(@id,\"popup-list-listUl\")]//li[.//span[text()= \"Webshop Catalog\"]]"}
RESULT: {"using":"xpath","value":"//ul[contains(@id,\"popup-list-listUl\")]//li[.//span[text()= \"Webshop Catalog\"]]"}
COMMAND: POST /session/4a8a75bcbd0d44f703d13edc121f15a8/elements - {"using":"xpath","value":"//ul[contains(@id,\"popup-list-listUl\")]//li[.//span[text()= \"Webshop Catalog\"]]"}
RESULT: {"using":"xpath","value":"//ul[contains(@id,\"popup-list-listUl\")]//li[.//span[text()= \"Webshop Catalog\"]]"}
COMMAND: POST /session/4a8a75bcbd0d44f703d13edc121f15a8/elements - {"using":"xpath","value":"//ul[contains(@id,\"popup-list-listUl\")]//li[.//span[text()= \"Webshop Catalog\"]]"}
RESULT: {"using":"xpath","value":"//ul[contains(@id,\"popup-list-listUl\")]//li[.//span[text()= \"Webshop Catalog\"]]"}
COMMAND: POST /session/4a8a75bcbd0d44f703d13edc121f15a8/elements - {"using":"xpath","value":"//ul[contains(@id,\"popup-list-listUl\")]//li[.//span[text()= \"Webshop Catalog\"]]"}
RESULT: {"using":"xpath","value":"//ul[contains(@id,\"popup-list-listUl\")]//li[.//span[text()= \"Webshop Catalog\"]]"}
COMMAND: POST /session/4a8a75bcbd0d44f703d13edc121f15a8/elements - {"using":"xpath","value":"//ul[contains(@id,\"popup-list-listUl\")]//li[.//span[text()= \"Webshop Catalog\"]]"}
RESULT: {"using":"xpath","value":"//ul[contains(@id,\"popup-list-listUl\")]//li[.//span[text()= \"Webshop Catalog\"]]"}
COMMAND: POST /session/4a8a75bcbd0d44f703d13edc121f15a8/elements - {"using":"xpath","value":"//ul[contains(@id,\"popup-list-listUl\")]//li[.//span[text()= \"Webshop Catalog\"]]"}
RESULT: {"using":"xpath","value":"//ul[contains(@id,\"popup-list-listUl\")]//li[.//span[text()= \"Webshop Catalog\"]]"}
COMMAND: POST /session/4a8a75bcbd0d44f703d13edc121f15a8/elements - {"using":"xpath","value":"//ul[contains(@id,\"popup-list-listUl\")]//li[.//span[text()= \"Webshop Catalog\"]]"}
RESULT: {"using":"xpath","value":"//ul[contains(@id,\"popup-list-listUl\")]//li[.//span[text()= \"Webshop Catalog\"]]"}
COMMAND: POST /session/4a8a75bcbd0d44f703d13edc121f15a8/elements - {"using":"xpath","value":"//ul[contains(@id,\"popup-list-listUl\")]//li[.//span[text()= \"Webshop Catalog\"]]"}
RESULT: {"using":"xpath","value":"//ul[contains(@id,\"popup-list-listUl\")]//li[.//span[text()= \"Webshop Catalog\"]]"}
COMMAND: POST /session/4a8a75bcbd0d44f703d13edc121f15a8/elements - {"using":"xpath","value":"//ul[contains(@id,\"popup-list-listUl\")]//li[.//span[text()= \"Webshop Catalog\"]]"}
RESULT: {"using":"xpath","value":"//ul[contains(@id,\"popup-list-listUl\")]//li[.//span[text()= \"Webshop Catalog\"]]"}
COMMAND: POST /session/4a8a75bcbd0d44f703d13edc121f15a8/elements - {"using":"xpath","value":"//ul[contains(@id,\"popup-list-listUl\")]//li[.//span[text()= \"Webshop Catalog\"]]"}
RESULT: {"using":"xpath","value":"//ul[contains(@id,\"popup-list-listUl\")]//li[.//span[text()= \"Webshop Catalog\"]]"}
COMMAND: POST /session/4a8a75bcbd0d44f703d13edc121f15a8/elements - {"using":"xpath","value":"//ul[contains(@id,\"popup-list-listUl\")]//li[.//span[text()= \"Webshop Catalog\"]]"}
RESULT: {"using":"xpath","value":"//ul[contains(@id,\"popup-list-listUl\")]//li[.//span[text()= \"Webshop Catalog\"]]"}
COMMAND: POST /session/4a8a75bcbd0d44f703d13edc121f15a8/elements - {"using":"xpath","value":"//ul[contains(@id,\"popup-list-listUl\")]//li[.//span[text()= \"Webshop Catalog\"]]"}
RESULT: {"using":"xpath","value":"//ul[contains(@id,\"popup-list-listUl\")]//li[.//span[text()= \"Webshop Catalog\"]]"}
COMMAND: POST /session/4a8a75bcbd0d44f703d13edc121f15a8/elements - {"using":"xpath","value":"//ul[contains(@id,\"popup-list-listUl\")]//li[.//span[text()= \"Webshop Catalog\"]]"}
RESULT: {"using":"xpath","value":"//ul[contains(@id,\"popup-list-listUl\")]//li[.//span[text()= \"Webshop Catalog\"]]"}
COMMAND: POST /session/4a8a75bcbd0d44f703d13edc121f15a8/elements - {"using":"xpath","value":"//ul[contains(@id,\"popup-list-listUl\")]//li[.//span[text()= \"Webshop Catalog\"]]"}
RESULT: {"using":"xpath","value":"//ul[contains(@id,\"popup-list-listUl\")]//li[.//span[text()= \"Webshop Catalog\"]]"}
COMMAND: POST /session/4a8a75bcbd0d44f703d13edc121f15a8/elements - {"using":"xpath","value":"//ul[contains(@id,\"popup-list-listUl\")]//li[.//span[text()= \"Webshop Catalog\"]]"}
RESULT: {"using":"xpath","value":"//ul[contains(@id,\"popup-list-listUl\")]//li[.//span[text()= \"Webshop Catalog\"]]"}
COMMAND: POST /session/4a8a75bcbd0d44f703d13edc121f15a8/elements - {"using":"xpath","value":"//ul[contains(@id,\"popup-list-listUl\")]//li[.//span[text()= \"Webshop Catalog\"]]"}
RESULT: {"using":"xpath","value":"//ul[contains(@id,\"popup-list-listUl\")]//li[.//span[text()= \"Webshop Catalog\"]]"}
COMMAND: POST /session/4a8a75bcbd0d44f703d13edc121f15a8/elements - {"using":"xpath","value":"//ul[contains(@id,\"popup-list-listUl\")]//li[.//span[text()= \"Webshop Catalog\"]]"}
RESULT: {"using":"xpath","value":"//ul[contains(@id,\"popup-list-listUl\")]//li[.//span[text()= \"Webshop Catalog\"]]"}
COMMAND: POST /session/4a8a75bcbd0d44f703d13edc121f15a8/elements - {"using":"xpath","value":"//ul[contains(@id,\"popup-list-listUl\")]//li[.//span[text()= \"Webshop Catalog\"]]"}
RESULT: {"using":"xpath","value":"//ul[contains(@id,\"popup-list-listUl\")]//li[.//span[text()= \"Webshop Catalog\"]]"}
COMMAND: POST /session/4a8a75bcbd0d44f703d13edc121f15a8/elements - {"using":"xpath","value":"//ul[contains(@id,\"popup-list-listUl\")]//li[.//span[text()= \"Webshop Catalog\"]]"}
RESULT: {"using":"xpath","value":"//ul[contains(@id,\"popup-list-listUl\")]//li[.//span[text()= \"Webshop Catalog\"]]"}
COMMAND: POST /session/4a8a75bcbd0d44f703d13edc121f15a8/elements - {"using":"xpath","value":"//ul[contains(@id,\"popup-list-listUl\")]//li[.//span[text()= \"Webshop Catalog\"]]"}
RESULT: {"using":"xpath","value":"//ul[contains(@id,\"popup-list-listUl\")]//li[.//span[text()= \"Webshop Catalog\"]]"}
COMMAND: POST /session/4a8a75bcbd0d44f703d13edc121f15a8/elements - {"using":"xpath","value":"//ul[contains(@id,\"popup-list-listUl\")]//li[.//span[text()= \"Webshop Catalog\"]]"}
RESULT: {"using":"xpath","value":"//ul[contains(@id,\"popup-list-listUl\")]//li[.//span[text()= \"Webshop Catalog\"]]"}
COMMAND: POST /session/4a8a75bcbd0d44f703d13edc121f15a8/elements - {"using":"xpath","value":"//ul[contains(@id,\"popup-list-listUl\")]//li[.//span[text()= \"Webshop Catalog\"]]"}
RESULT: {"using":"xpath","value":"//ul[contains(@id,\"popup-list-listUl\")]//li[.//span[text()= \"Webshop Catalog\"]]"}
COMMAND: POST /session/4a8a75bcbd0d44f703d13edc121f15a8/elements - {"using":"xpath","value":"//ul[contains(@id,\"popup-list-listUl\")]//li[.//span[text()= \"Webshop Catalog\"]]"}
RESULT: {"using":"xpath","value":"//ul[contains(@id,\"popup-list-listUl\")]//li[.//span[text()= \"Webshop Catalog\"]]"}
COMMAND: POST /session/4a8a75bcbd0d44f703d13edc121f15a8/elements - {"using":"xpath","value":"//ul[contains(@id,\"popup-list-listUl\")]//li[.//span[text()= \"Webshop Catalog\"]]"}
RESULT: {"using":"xpath","value":"//ul[contains(@id,\"popup-list-listUl\")]//li[.//span[text()= \"Webshop Catalog\"]]"}
COMMAND: POST /session/4a8a75bcbd0d44f703d13edc121f15a8/elements - {"using":"xpath","value":"//ul[contains(@id,\"popup-list-listUl\")]//li[.//span[text()= \"Webshop Catalog\"]]"}
RESULT: {"using":"xpath","value":"//ul[contains(@id,\"popup-list-listUl\")]//li[.//span[text()= \"Webshop Catalog\"]]"}
COMMAND: POST /session/4a8a75bcbd0d44f703d13edc121f15a8/elements - {"using":"xpath","value":"//ul[contains(@id,\"popup-list-listUl\")]//li[.//span[text()= \"Webshop Catalog\"]]"}
RESULT: {"using":"xpath","value":"//ul[contains(@id,\"popup-list-listUl\")]//li[.//span[text()= \"Webshop Catalog\"]]"}
COMMAND: POST /session/4a8a75bcbd0d44f703d13edc121f15a8/elements - {"using":"xpath","value":"//ul[contains(@id,\"popup-list-listUl\")]//li[.//span[text()= \"Webshop Catalog\"]]"}
RESULT: {"using":"xpath","value":"//ul[contains(@id,\"popup-list-listUl\")]//li[.//span[text()= \"Webshop Catalog\"]]"}
COMMAND: POST /session/4a8a75bcbd0d44f703d13edc121f15a8/elements - {"using":"xpath","value":"//ul[contains(@id,\"popup-list-listUl\")]//li[.//span[text()= \"Webshop Catalog\"]]"}
RESULT: {"using":"xpath","value":"//ul[contains(@id,\"popup-list-listUl\")]//li[.//span[text()= \"Webshop Catalog\"]]"}
COMMAND: POST /session/4a8a75bcbd0d44f703d13edc121f15a8/elements - {"using":"xpath","value":"//ul[contains(@id,\"popup-list-listUl\")]//li[.//span[text()= \"Webshop Catalog\"]]"}
RESULT: {"using":"xpath","value":"//ul[contains(@id,\"popup-list-listUl\")]//li[.//span[text()= \"Webshop Catalog\"]]"}
COMMAND: POST /session/4a8a75bcbd0d44f703d13edc121f15a8/elements - {"using":"xpath","value":"//ul[contains(@id,\"popup-list-listUl\")]//li[.//span[text()= \"Webshop Catalog\"]]"}
RESULT: {"using":"xpath","value":"//ul[contains(@id,\"popup-list-listUl\")]//li[.//span[text()= \"Webshop Catalog\"]]"}
COMMAND: POST /session/4a8a75bcbd0d44f703d13edc121f15a8/elements - {"using":"xpath","value":"//ul[contains(@id,\"popup-list-listUl\")]//li[.//span[text()= \"Webshop Catalog\"]]"}
RESULT: {"using":"xpath","value":"//ul[contains(@id,\"popup-list-listUl\")]//li[.//span[text()= \"Webshop Catalog\"]]"}
COMMAND: POST /session/4a8a75bcbd0d44f703d13edc121f15a8/elements - {"using":"xpath","value":"//ul[contains(@id,\"popup-list-listUl\")]//li[.//span[text()= \"Webshop Catalog\"]]"}
RESULT: {"using":"xpath","value":"//ul[contains(@id,\"popup-list-listUl\")]//li[.//span[text()= \"Webshop Catalog\"]]"}
COMMAND: POST /session/4a8a75bcbd0d44f703d13edc121f15a8/elements - {"using":"xpath","value":"//ul[contains(@id,\"popup-list-listUl\")]//li[.//span[text()= \"Webshop Catalog\"]]"}
RESULT: {"using":"xpath","value":"//ul[contains(@id,\"popup-list-listUl\")]//li[.//span[text()= \"Webshop Catalog\"]]"}
COMMAND: POST /session/4a8a75bcbd0d44f703d13edc121f15a8/elements - {"using":"xpath","value":"//ul[contains(@id,\"popup-list-listUl\")]//li[.//span[text()= \"Webshop Catalog\"]]"}
RESULT: {"using":"xpath","value":"//ul[contains(@id,\"popup-list-listUl\")]//li[.//span[text()= \"Webshop Catalog\"]]"}
COMMAND: POST /session/4a8a75bcbd0d44f703d13edc121f15a8/elements - {"using":"xpath","value":"//ul[contains(@id,\"popup-list-listUl\")]//li[.//span[text()= \"Webshop Catalog\"]]"}
RESULT: {"using":"xpath","value":"//ul[contains(@id,\"popup-list-listUl\")]//li[.//span[text()= \"Webshop Catalog\"]]"}
COMMAND: POST /session/4a8a75bcbd0d44f703d13edc121f15a8/elements - {"using":"xpath","value":"//ul[contains(@id,\"popup-list-listUl\")]//li[.//span[text()= \"Webshop Catalog\"]]"}
RESULT: {"using":"xpath","value":"//ul[contains(@id,\"popup-list-listUl\")]//li[.//span[text()= \"Webshop Catalog\"]]"}
COMMAND: POST /session/4a8a75bcbd0d44f703d13edc121f15a8/elements - {"using":"xpath","value":"//ul[contains(@id,\"popup-list-listUl\")]//li[.//span[text()= \"Webshop Catalog\"]]"}
RESULT: {"using":"xpath","value":"//ul[contains(@id,\"popup-list-listUl\")]//li[.//span[text()= \"Webshop Catalog\"]]"}
COMMAND: POST /session/4a8a75bcbd0d44f703d13edc121f15a8/elements - {"using":"xpath","value":"//ul[contains(@id,\"popup-list-listUl\")]//li[.//span[text()= \"Webshop Catalog\"]]"}
RESULT: {"using":"xpath","value":"//ul[contains(@id,\"popup-list-listUl\")]//li[.//span[text()= \"Webshop Catalog\"]]"}
COMMAND: POST /session/4a8a75bcbd0d44f703d13edc121f15a8/elements - {"using":"xpath","value":"//ul[contains(@id,\"popup-list-listUl\")]//li[.//span[text()= \"Webshop Catalog\"]]"}
RESULT: {"using":"xpath","value":"//ul[contains(@id,\"popup-list-listUl\")]//li[.//span[text()= \"Webshop Catalog\"]]"}
COMMAND: POST /session/4a8a75bcbd0d44f703d13edc121f15a8/elements - {"using":"xpath","value":"//ul[contains(@id,\"popup-list-listUl\")]//li[.//span[text()= \"Webshop Catalog\"]]"}
RESULT: {"using":"xpath","value":"//ul[contains(@id,\"popup-list-listUl\")]//li[.//span[text()= \"Webshop Catalog\"]]"}
COMMAND: POST /session/4a8a75bcbd0d44f703d13edc121f15a8/elements - {"using":"xpath","value":"//ul[contains(@id,\"popup-list-listUl\")]//li[.//span[text()= \"Webshop Catalog\"]]"}
RESULT: {"using":"xpath","value":"//ul[contains(@id,\"popup-list-listUl\")]//li[.//span[text()= \"Webshop Catalog\"]]"}
COMMAND: POST /session/4a8a75bcbd0d44f703d13edc121f15a8/elements - {"using":"xpath","value":"//ul[contains(@id,\"popup-list-listUl\")]//li[.//span[text()= \"Webshop Catalog\"]]"}
RESULT: {"using":"xpath","value":"//ul[contains(@id,\"popup-list-listUl\")]//li[.//span[text()= \"Webshop Catalog\"]]"}
COMMAND: POST /session/4a8a75bcbd0d44f703d13edc121f15a8/elements - {"using":"xpath","value":"//ul[contains(@id,\"popup-list-listUl\")]//li[.//span[text()= \"Webshop Catalog\"]]"}
RESULT: {"using":"xpath","value":"//ul[contains(@id,\"popup-list-listUl\")]//li[.//span[text()= \"Webshop Catalog\"]]"}
COMMAND: POST /session/4a8a75bcbd0d44f703d13edc121f15a8/elements - {"using":"xpath","value":"//ul[contains(@id,\"popup-list-listUl\")]//li[.//span[text()= \"Webshop Catalog\"]]"}
RESULT: {"using":"xpath","value":"//ul[contains(@id,\"popup-list-listUl\")]//li[.//span[text()= \"Webshop Catalog\"]]"}
COMMAND: POST /session/4a8a75bcbd0d44f703d13edc121f15a8/elements - {"using":"xpath","value":"//ul[contains(@id,\"popup-list-listUl\")]//li[.//span[text()= \"Webshop Catalog\"]]"}
RESULT: {"using":"xpath","value":"//ul[contains(@id,\"popup-list-listUl\")]//li[.//span[text()= \"Webshop Catalog\"]]"}
COMMAND: POST /session/4a8a75bcbd0d44f703d13edc121f15a8/elements - {"using":"xpath","value":"//ul[contains(@id,\"popup-list-listUl\")]//li[.//span[text()= \"Webshop Catalog\"]]"}
RESULT: {"using":"xpath","value":"//ul[contains(@id,\"popup-list-listUl\")]//li[.//span[text()= \"Webshop Catalog\"]]"}
COMMAND: POST /session/4a8a75bcbd0d44f703d13edc121f15a8/elements - {"using":"xpath","value":"//ul[contains(@id,\"popup-list-listUl\")]//li[.//span[text()= \"Webshop Catalog\"]]"}
RESULT: {"using":"xpath","value":"//ul[contains(@id,\"popup-list-listUl\")]//li[.//span[text()= \"Webshop Catalog\"]]"}
COMMAND: POST /session/4a8a75bcbd0d44f703d13edc121f15a8/elements - {"using":"xpath","value":"//ul[contains(@id,\"popup-list-listUl\")]//li[.//span[text()= \"Webshop Catalog\"]]"}
RESULT: {"using":"xpath","value":"//ul[contains(@id,\"popup-list-listUl\")]//li[.//span[text()= \"Webshop Catalog\"]]"}
COMMAND: POST /session/4a8a75bcbd0d44f703d13edc121f15a8/elements - {"using":"xpath","value":"//ul[contains(@id,\"popup-list-listUl\")]//li[.//span[text()= \"Webshop Catalog\"]]"}
RESULT: {"using":"xpath","value":"//ul[contains(@id,\"popup-list-listUl\")]//li[.//span[text()= \"Webshop Catalog\"]]"}
COMMAND: POST /session/4a8a75bcbd0d44f703d13edc121f15a8/elements - {"using":"xpath","value":"//ul[contains(@id,\"popup-list-listUl\")]//li[.//span[text()= \"Webshop Catalog\"]]"}
RESULT: {"using":"xpath","value":"//ul[contains(@id,\"popup-list-listUl\")]//li[.//span[text()= \"Webshop Catalog\"]]"}
COMMAND: POST /session/4a8a75bcbd0d44f703d13edc121f15a8/elements - {"using":"xpath","value":"//ul[contains(@id,\"popup-list-listUl\")]//li[.//span[text()= \"Webshop Catalog\"]]"}
RESULT: {"using":"xpath","value":"//ul[contains(@id,\"popup-list-listUl\")]//li[.//span[text()= \"Webshop Catalog\"]]"}
COMMAND: POST /session/4a8a75bcbd0d44f703d13edc121f15a8/elements - {"using":"xpath","value":"//ul[contains(@id,\"popup-list-listUl\")]//li[.//span[text()= \"Webshop Catalog\"]]"}
RESULT: {"using":"xpath","value":"//ul[contains(@id,\"popup-list-listUl\")]//li[.//span[text()= \"Webshop Catalog\"]]"}
COMMAND: POST /session/4a8a75bcbd0d44f703d13edc121f15a8/elements - {"using":"xpath","value":"//ul[contains(@id,\"popup-list-listUl\")]//li[.//span[text()= \"Webshop Catalog\"]]"}
RESULT: {"using":"xpath","value":"//ul[contains(@id,\"popup-list-listUl\")]//li[.//span[text()= \"Webshop Catalog\"]]"}
COMMAND: POST /session/4a8a75bcbd0d44f703d13edc121f15a8/elements - {"using":"xpath","value":"//ul[contains(@id,\"popup-list-listUl\")]//li[.//span[text()= \"Webshop Catalog\"]]"}
RESULT: {"using":"xpath","value":"//ul[contains(@id,\"popup-list-listUl\")]//li[.//span[text()= \"Webshop Catalog\"]]"}
COMMAND: POST /session/4a8a75bcbd0d44f703d13edc121f15a8/elements - {"using":"xpath","value":"//ul[contains(@id,\"popup-list-listUl\")]//li[.//span[text()= \"Webshop Catalog\"]]"}
RESULT: {"using":"xpath","value":"//ul[contains(@id,\"popup-list-listUl\")]//li[.//span[text()= \"Webshop Catalog\"]]"}
COMMAND: POST /session/4a8a75bcbd0d44f703d13edc121f15a8/elements - {"using":"xpath","value":"//ul[contains(@id,\"popup-list-listUl\")]//li[.//span[text()= \"Webshop Catalog\"]]"}
RESULT: {"using":"xpath","value":"//ul[contains(@id,\"popup-list-listUl\")]//li[.//span[text()= \"Webshop Catalog\"]]"}
COMMAND: POST /session/4a8a75bcbd0d44f703d13edc121f15a8/elements - {"using":"xpath","value":"//ul[contains(@id,\"popup-list-listUl\")]//li[.//span[text()= \"Webshop Catalog\"]]"}
RESULT: {"using":"xpath","value":"//ul[contains(@id,\"popup-list-listUl\")]//li[.//span[text()= \"Webshop Catalog\"]]"}
COMMAND: POST /session/4a8a75bcbd0d44f703d13edc121f15a8/elements - {"using":"xpath","value":"//ul[contains(@id,\"popup-list-listUl\")]//li[.//span[text()= \"Webshop Catalog\"]]"}
RESULT: {"using":"xpath","value":"//ul[contains(@id,\"popup-list-listUl\")]//li[.//span[text()= \"Webshop Catalog\"]]"}
COMMAND: POST /session/4a8a75bcbd0d44f703d13edc121f15a8/elements - {"using":"xpath","value":"//ul[contains(@id,\"popup-list-listUl\")]//li[.//span[text()= \"Webshop Catalog\"]]"}
RESULT: {"using":"xpath","value":"//ul[contains(@id,\"popup-list-listUl\")]//li[.//span[text()= \"Webshop Catalog\"]]"}
COMMAND: POST /session/4a8a75bcbd0d44f703d13edc121f15a8/elements - {"using":"xpath","value":"//ul[contains(@id,\"popup-list-listUl\")]//li[.//span[text()= \"Webshop Catalog\"]]"}
RESULT: {"using":"xpath","value":"//ul[contains(@id,\"popup-list-listUl\")]//li[.//span[text()= \"Webshop Catalog\"]]"}
COMMAND: POST /session/4a8a75bcbd0d44f703d13edc121f15a8/elements - {"using":"xpath","value":"//ul[contains(@id,\"popup-list-listUl\")]//li[.//span[text()= \"Webshop Catalog\"]]"}
RESULT: {"using":"xpath","value":"//ul[contains(@id,\"popup-list-listUl\")]//li[.//span[text()= \"Webshop Catalog\"]]"}
COMMAND: POST /session/4a8a75bcbd0d44f703d13edc121f15a8/elements - {"using":"xpath","value":"//ul[contains(@id,\"popup-list-listUl\")]//li[.//span[text()= \"Webshop Catalog\"]]"}
RESULT: {"using":"xpath","value":"//ul[contains(@id,\"popup-list-listUl\")]//li[.//span[text()= \"Webshop Catalog\"]]"}
COMMAND: POST /session/4a8a75bcbd0d44f703d13edc121f15a8/elements - {"using":"xpath","value":"//ul[contains(@id,\"popup-list-listUl\")]//li[.//span[text()= \"Webshop Catalog\"]]"}
RESULT: {"using":"xpath","value":"//ul[contains(@id,\"popup-list-listUl\")]//li[.//span[text()= \"Webshop Catalog\"]]"}
COMMAND: POST /session/4a8a75bcbd0d44f703d13edc121f15a8/elements - {"using":"xpath","value":"//ul[contains(@id,\"popup-list-listUl\")]//li[.//span[text()= \"Webshop Catalog\"]]"}
RESULT: {"using":"xpath","value":"//ul[contains(@id,\"popup-list-listUl\")]//li[.//span[text()= \"Webshop Catalog\"]]"}
COMMAND: POST /session/4a8a75bcbd0d44f703d13edc121f15a8/elements - {"using":"xpath","value":"//ul[contains(@id,\"popup-list-listUl\")]//li[.//span[text()= \"Webshop Catalog\"]]"}
RESULT: {"using":"xpath","value":"//ul[contains(@id,\"popup-list-listUl\")]//li[.//span[text()= \"Webshop Catalog\"]]"}
COMMAND: POST /session/4a8a75bcbd0d44f703d13edc121f15a8/elements - {"using":"xpath","value":"//ul[contains(@id,\"popup-list-listUl\")]//li[.//span[text()= \"Webshop Catalog\"]]"}
RESULT: {"using":"xpath","value":"//ul[contains(@id,\"popup-list-listUl\")]//li[.//span[text()= \"Webshop Catalog\"]]"}
COMMAND: POST /session/4a8a75bcbd0d44f703d13edc121f15a8/elements - {"using":"xpath","value":"//ul[contains(@id,\"popup-list-listUl\")]//li[.//span[text()= \"Webshop Catalog\"]]"}
RESULT: {"using":"xpath","value":"//ul[contains(@id,\"popup-list-listUl\")]//li[.//span[text()= \"Webshop Catalog\"]]"}
COMMAND: POST /session/4a8a75bcbd0d44f703d13edc121f15a8/elements - {"using":"xpath","value":"//ul[contains(@id,\"popup-list-listUl\")]//li[.//span[text()= \"Webshop Catalog\"]]"}
RESULT: {"using":"xpath","value":"//ul[contains(@id,\"popup-list-listUl\")]//li[.//span[text()= \"Webshop Catalog\"]]"}
COMMAND: POST /session/4a8a75bcbd0d44f703d13edc121f15a8/elements - {"using":"xpath","value":"//ul[contains(@id,\"popup-list-listUl\")]//li[.//span[text()= \"Webshop Catalog\"]]"}
RESULT: {"using":"xpath","value":"//ul[contains(@id,\"popup-list-listUl\")]//li[.//span[text()= \"Webshop Catalog\"]]"}
COMMAND: POST /session/4a8a75bcbd0d44f703d13edc121f15a8/elements - {"using":"xpath","value":"//ul[contains(@id,\"popup-list-listUl\")]//li[.//span[text()= \"Webshop Catalog\"]]"}
RESULT: {"using":"xpath","value":"//ul[contains(@id,\"popup-list-listUl\")]//li[.//span[text()= \"Webshop Catalog\"]]"}
COMMAND: POST /session/4a8a75bcbd0d44f703d13edc121f15a8/elements - {"using":"xpath","value":"//ul[contains(@id,\"popup-list-listUl\")]//li[.//span[text()= \"Webshop Catalog\"]]"}
RESULT: {"using":"xpath","value":"//ul[contains(@id,\"popup-list-listUl\")]//li[.//span[text()= \"Webshop Catalog\"]]"}
COMMAND: POST /session/4a8a75bcbd0d44f703d13edc121f15a8/elements - {"using":"xpath","value":"//ul[contains(@id,\"popup-list-listUl\")]//li[.//span[text()= \"Webshop Catalog\"]]"}
RESULT: {"using":"xpath","value":"//ul[contains(@id,\"popup-list-listUl\")]//li[.//span[text()= \"Webshop Catalog\"]]"}
COMMAND: POST /session/4a8a75bcbd0d44f703d13edc121f15a8/elements - {"using":"xpath","value":"//ul[contains(@id,\"popup-list-listUl\")]//li[.//span[text()= \"Webshop Catalog\"]]"}
RESULT: {"using":"xpath","value":"//ul[contains(@id,\"popup-list-listUl\")]//li[.//span[text()= \"Webshop Catalog\"]]"}
COMMAND: POST /session/4a8a75bcbd0d44f703d13edc121f15a8/elements - {"using":"xpath","value":"//ul[contains(@id,\"popup-list-listUl\")]//li[.//span[text()= \"Webshop Catalog\"]]"}
RESULT: {"using":"xpath","value":"//ul[contains(@id,\"popup-list-listUl\")]//li[.//span[text()= \"Webshop Catalog\"]]"}
COMMAND: POST /session/4a8a75bcbd0d44f703d13edc121f15a8/elements - {"using":"xpath","value":"//ul[contains(@id,\"popup-list-listUl\")]//li[.//span[text()= \"Webshop Catalog\"]]"}
RESULT: {"using":"xpath","value":"//ul[contains(@id,\"popup-list-listUl\")]//li[.//span[text()= \"Webshop Catalog\"]]"}
COMMAND: POST /session/4a8a75bcbd0d44f703d13edc121f15a8/elements - {"using":"xpath","value":"//ul[contains(@id,\"popup-list-listUl\")]//li[.//span[text()= \"Webshop Catalog\"]]"}
RESULT: {"using":"xpath","value":"//ul[contains(@id,\"popup-list-listUl\")]//li[.//span[text()= \"Webshop Catalog\"]]"}
COMMAND: POST /session/4a8a75bcbd0d44f703d13edc121f15a8/elements - {"using":"xpath","value":"//ul[contains(@id,\"popup-list-listUl\")]//li[.//span[text()= \"Webshop Catalog\"]]"}
RESULT: {"using":"xpath","value":"//ul[contains(@id,\"popup-list-listUl\")]//li[.//span[text()= \"Webshop Catalog\"]]"}
COMMAND: POST /session/4a8a75bcbd0d44f703d13edc121f15a8/elements - {"using":"xpath","value":"//ul[contains(@id,\"popup-list-listUl\")]//li[.//span[text()= \"Webshop Catalog\"]]"}
RESULT: {"using":"xpath","value":"//ul[contains(@id,\"popup-list-listUl\")]//li[.//span[text()= \"Webshop Catalog\"]]"}
COMMAND: POST /session/4a8a75bcbd0d44f703d13edc121f15a8/elements - {"using":"xpath","value":"//ul[contains(@id,\"popup-list-listUl\")]//li[.//span[text()= \"Webshop Catalog\"]]"}
RESULT: {"using":"xpath","value":"//ul[contains(@id,\"popup-list-listUl\")]//li[.//span[text()= \"Webshop Catalog\"]]"}
COMMAND: POST /session/4a8a75bcbd0d44f703d13edc121f15a8/elements - {"using":"xpath","value":"//ul[contains(@id,\"popup-list-listUl\")]//li[.//span[text()= \"Webshop Catalog\"]]"}
RESULT: {"using":"xpath","value":"//ul[contains(@id,\"popup-list-listUl\")]//li[.//span[text()= \"Webshop Catalog\"]]"}
COMMAND: POST /session/4a8a75bcbd0d44f703d13edc121f15a8/elements - {"using":"xpath","value":"//ul[contains(@id,\"popup-list-listUl\")]//li[.//span[text()= \"Webshop Catalog\"]]"}
RESULT: {"using":"xpath","value":"//ul[contains(@id,\"popup-list-listUl\")]//li[.//span[text()= \"Webshop Catalog\"]]"}
COMMAND: POST /session/4a8a75bcbd0d44f703d13edc121f15a8/elements - {"using":"xpath","value":"//ul[contains(@id,\"popup-list-listUl\")]//li[.//span[text()= \"Webshop Catalog\"]]"}
RESULT: {"using":"xpath","value":"//ul[contains(@id,\"popup-list-listUl\")]//li[.//span[text()= \"Webshop Catalog\"]]"}
COMMAND: POST /session/4a8a75bcbd0d44f703d13edc121f15a8/elements - {"using":"xpath","value":"//ul[contains(@id,\"popup-list-listUl\")]//li[.//span[text()= \"Webshop Catalog\"]]"}
RESULT: {"using":"xpath","value":"//ul[contains(@id,\"popup-list-listUl\")]//li[.//span[text()= \"Webshop Catalog\"]]"}
COMMAND: POST /session/4a8a75bcbd0d44f703d13edc121f15a8/elements - {"using":"xpath","value":"//ul[contains(@id,\"popup-list-listUl\")]//li[.//span[text()= \"Webshop Catalog\"]]"}
RESULT: {"using":"xpath","value":"//ul[contains(@id,\"popup-list-listUl\")]//li[.//span[text()= \"Webshop Catalog\"]]"}
COMMAND: POST /session/4a8a75bcbd0d44f703d13edc121f15a8/elements - {"using":"xpath","value":"//ul[contains(@id,\"popup-list-listUl\")]//li[.//span[text()= \"Webshop Catalog\"]]"}
RESULT: {"using":"xpath","value":"//ul[contains(@id,\"popup-list-listUl\")]//li[.//span[text()= \"Webshop Catalog\"]]"}
COMMAND: POST /session/4a8a75bcbd0d44f703d13edc121f15a8/elements - {"using":"xpath","value":"//ul[contains(@id,\"popup-list-listUl\")]//li[.//span[text()= \"Webshop Catalog\"]]"}
RESULT: {"using":"xpath","value":"//ul[contains(@id,\"popup-list-listUl\")]//li[.//span[text()= \"Webshop Catalog\"]]"}
COMMAND: POST /session/4a8a75bcbd0d44f703d13edc121f15a8/elements - {"using":"xpath","value":"//ul[contains(@id,\"popup-list-listUl\")]//li[.//span[text()= \"Webshop Catalog\"]]"}
RESULT: {"using":"xpath","value":"//ul[contains(@id,\"popup-list-listUl\")]//li[.//span[text()= \"Webshop Catalog\"]]"}
COMMAND: POST /session/4a8a75bcbd0d44f703d13edc121f15a8/elements - {"using":"xpath","value":"//ul[contains(@id,\"popup-list-listUl\")]//li[.//span[text()= \"Webshop Catalog\"]]"}
RESULT: {"using":"xpath","value":"//ul[contains(@id,\"popup-list-listUl\")]//li[.//span[text()= \"Webshop Catalog\"]]"}
COMMAND: POST /session/4a8a75bcbd0d44f703d13edc121f15a8/elements - {"using":"xpath","value":"//ul[contains(@id,\"popup-list-listUl\")]//li[.//span[text()= \"Webshop Catalog\"]]"}
RESULT: {"using":"xpath","value":"//ul[contains(@id,\"popup-list-listUl\")]//li[.//span[text()= \"Webshop Catalog\"]]"}
COMMAND: POST /session/4a8a75bcbd0d44f703d13edc121f15a8/elements - {"using":"xpath","value":"//ul[contains(@id,\"popup-list-listUl\")]//li[.//span[text()= \"Webshop Catalog\"]]"}
RESULT: {"using":"xpath","value":"//ul[contains(@id,\"popup-list-listUl\")]//li[.//span[text()= \"Webshop Catalog\"]]"}
COMMAND: POST /session/4a8a75bcbd0d44f703d13edc121f15a8/elements - {"using":"xpath","value":"//ul[contains(@id,\"popup-list-listUl\")]//li[.//span[text()= \"Webshop Catalog\"]]"}
RESULT: {"using":"xpath","value":"//ul[contains(@id,\"popup-list-listUl\")]//li[.//span[text()= \"Webshop Catalog\"]]"}
COMMAND: POST /session/4a8a75bcbd0d44f703d13edc121f15a8/elements - {"using":"xpath","value":"//ul[contains(@id,\"popup-list-listUl\")]//li[.//span[text()= \"Webshop Catalog\"]]"}
RESULT: {"using":"xpath","value":"//ul[contains(@id,\"popup-list-listUl\")]//li[.//span[text()= \"Webshop Catalog\"]]"}
COMMAND: POST /session/4a8a75bcbd0d44f703d13edc121f15a8/elements - {"using":"xpath","value":"//ul[contains(@id,\"popup-list-listUl\")]//li[.//span[text()= \"Webshop Catalog\"]]"}
RESULT: {"using":"xpath","value":"//ul[contains(@id,\"popup-list-listUl\")]//li[.//span[text()= \"Webshop Catalog\"]]"}
COMMAND: POST /session/4a8a75bcbd0d44f703d13edc121f15a8/elements - {"using":"xpath","value":"//ul[contains(@id,\"popup-list-listUl\")]//li[.//span[text()= \"Webshop Catalog\"]]"}
RESULT: {"using":"xpath","value":"//ul[contains(@id,\"popup-list-listUl\")]//li[.//span[text()= \"Webshop Catalog\"]]"}
COMMAND: POST /session/4a8a75bcbd0d44f703d13edc121f15a8/elements - {"using":"xpath","value":"//ul[contains(@id,\"popup-list-listUl\")]//li[.//span[text()= \"Webshop Catalog\"]]"}
RESULT: {"using":"xpath","value":"//ul[contains(@id,\"popup-list-listUl\")]//li[.//span[text()= \"Webshop Catalog\"]]"}
COMMAND: POST /session/4a8a75bcbd0d44f703d13edc121f15a8/elements - {"using":"xpath","value":"//ul[contains(@id,\"popup-list-listUl\")]//li[.//span[text()= \"Webshop Catalog\"]]"}
RESULT: {"using":"xpath","value":"//ul[contains(@id,\"popup-list-listUl\")]//li[.//span[text()= \"Webshop Catalog\"]]"}
COMMAND: POST /session/4a8a75bcbd0d44f703d13edc121f15a8/elements - {"using":"xpath","value":"//ul[contains(@id,\"popup-list-listUl\")]//li[.//span[text()= \"Webshop Catalog\"]]"}
COMMAND: GET /session/4a8a75bcbd0d44f703d13edc121f15a8/screenshot - {}
RESULT: {"using":"xpath","value":"//ul[contains(@id,\"popup-list-listUl\")]//li[.//span[text()= \"Webshop Catalog\"]]"}
RESULT: {}
COMMAND: GET /session/4a8a75bcbd0d44f703d13edc121f15a8/screenshot - {}
COMMAND: GET /session/4a8a75bcbd0d44f703d13edc121f15a8/screenshot - {}
RESULT: {}
RESULT: {}
COMMAND: DELETE /session/4a8a75bcbd0d44f703d13edc121f15a8 - {}
RESULT: {}
]]></system-out>
      <system-err><![CDATA[
Error: Can't call click on element with selector "//ul[contains(@id,"popup-list-listUl")]//li[.//span[text()= "Webshop Catalog"]]" because element wasn't found
    at async UtilsPrerequisites.partnerCreation (D:\a\1\s\test\specs\BTS\prerequisites-and-utils-functions.js:518:13)
    at async Context.<anonymous> (D:\a\1\s\test\specs\BTS\create-partner.spec.js:43:47)
]]></system-err>
    </testcase>
  </testsuite>
</testsuites>