<?xml version="1.0" encoding="UTF-8"?>
<testsuites tests="23" failures="0" errors="0" skipped="0">
  <testsuite timestamp="2025-05-28T17:48:04" time="1082.066" tests="6" failures="0" errors="0" skipped="0">
    <properties>
      <property name="specId" value="0"/>
      <property name="suiteName" value="Standard contract - add contract items by Insert Request US118222"/>
      <property name="capabilities" value="chrome.136_0_7103_93.windows"/>
      <property name="file" value="file:///D:/a/1/s/test/specs/R2C/standard-contract-add-contract-items-by-insert-request.spec.js"/>
    </properties>
    <testcase classname="chrome.136_0_7103_93.windows.Standard_contract_-_add_contract_items_by_Insert_Request_US118222" name="Should create prerequisites yard partner site material and equipment" time="295.751">
      <system-out><![CDATA[
COMMAND: POST /session/eec783fecbf0a41fe1bd0e21c7a60bf8/execute/async - {"script":"<script> [1562 bytes]","args":[{"selector":{"controlType":"sap.m.GenericTile","properties":{"header":"Manage Yards"}},"wdio_ui5_key":"sapm.GenericTile{\"header\":\"Manage Yards\"}"}]}
RESULT: {"script":"<script> [1562 bytes]","args":[{"selector":{"controlType":"sap.m.GenericTile","properties":{"header":"Manage Yards"}},"wdio_ui5_key":"sapm.GenericTile{\"header\":\"Manage Yards\"}"}]}
RESULT: undefined
COMMAND: POST /session/eec783fecbf0a41fe1bd0e21c7a60bf8/element - {"using":"xpath","value":"//*[@id=\"__tile41\"]"}
RESULT: {"using":"xpath","value":"//*[@id=\"__tile41\"]"}
COMMAND: POST /session/eec783fecbf0a41fe1bd0e21c7a60bf8/element/f.C6480B129F3E0D11095D72FF7684A092.d.B30311B4981CBE8011B9F60DE53DE6B5.e.114/click - {}
RESULT: {}
COMMAND: GET /session/eec783fecbf0a41fe1bd0e21c7a60bf8/screenshot - {}
RESULT: {}
COMMAND: POST /session/eec783fecbf0a41fe1bd0e21c7a60bf8/elements - {"using":"xpath","value":"//span[text()='Error']"}
RESULT: {"using":"xpath","value":"//span[text()='Error']"}
COMMAND: POST /session/eec783fecbf0a41fe1bd0e21c7a60bf8/execute/async - {"script":"<script> [1562 bytes]","args":[{"selector":{"controlType":"sap.ui.core.Icon","viewName":"etm.portal.ui.manageyards.view.Master","viewId":"application-manageyards-display-component---masterYard","properties":{"src":{"regex":{"source":"add"}}}},"wdio_ui5_key":"etmportal.ui.manageyards.view.Mastersap.ui.core.Icon{\"src\":{\"regex\":{\"source\":\"add\"}}}"}]}
RESULT: {"script":"<script> [1562 bytes]","args":[{"selector":{"controlType":"sap.ui.core.Icon","viewName":"etm.portal.ui.manageyards.view.Master","viewId":"application-manageyards-display-component---masterYard","properties":{"src":{"regex":{"source":"add"}}}},"wdio_ui5_key":"etmportal.ui.manageyards.view.Mastersap.ui.core.Icon{\"src\":{\"regex\":{\"source\":\"add\"}}}"}]}
RESULT: undefined
COMMAND: POST /session/eec783fecbf0a41fe1bd0e21c7a60bf8/element - {"using":"xpath","value":"//*[@id=\"__button4-img\"]"}
RESULT: {"using":"xpath","value":"//*[@id=\"__button4-img\"]"}
COMMAND: POST /session/eec783fecbf0a41fe1bd0e21c7a60bf8/element/f.C6480B129F3E0D11095D72FF7684A092.d.B30311B4981CBE8011B9F60DE53DE6B5.e.163/click - {}
RESULT: {}
COMMAND: GET /session/eec783fecbf0a41fe1bd0e21c7a60bf8/screenshot - {}
RESULT: {}
COMMAND: POST /session/eec783fecbf0a41fe1bd0e21c7a60bf8/execute/async - {"script":"<script> [1562 bytes]","args":[{"selector":{"id":"application-manageyards-display-component---NewYard--yardId","interaction":{"idSuffix":"inner"}},"wdio_ui5_key":"applicationmanageyards-display-component---NewYard--yardId"}]}
RESULT: {"script":"<script> [1562 bytes]","args":[{"selector":{"id":"application-manageyards-display-component---NewYard--yardId","interaction":{"idSuffix":"inner"}},"wdio_ui5_key":"applicationmanageyards-display-component---NewYard--yardId"}]}
RESULT: undefined
COMMAND: POST /session/eec783fecbf0a41fe1bd0e21c7a60bf8/element - {"using":"xpath","value":"//*[@id=\"application-manageyards-display-component---NewYard--addressDetailDetailsName1-inner\"]"}
RESULT: {"using":"xpath","value":"//*[@id=\"application-manageyards-display-component---NewYard--addressDetailDetailsName1-inner\"]"}
COMMAND: POST /session/eec783fecbf0a41fe1bd0e21c7a60bf8/element/f.C6480B129F3E0D11095D72FF7684A092.d.B30311B4981CBE8011B9F60DE53DE6B5.e.373/clear - {}
RESULT: {}
COMMAND: POST /session/eec783fecbf0a41fe1bd0e21c7a60bf8/element/f.C6480B129F3E0D11095D72FF7684A092.d.B30311B4981CBE8011B9F60DE53DE6B5.e.373/value - {"text":"WebdriverYardbtbkq"}
COMMAND: GET /session/eec783fecbf0a41fe1bd0e21c7a60bf8/screenshot - {}
RESULT: {"text":"WebdriverYardbtbkq"}
COMMAND: POST /session/eec783fecbf0a41fe1bd0e21c7a60bf8/element - {"using":"xpath","value":"//*[@id=\"application-manageyards-display-component---NewYard--addressDetailDetailsLanguage-inner\"]"}
COMMAND: GET /session/eec783fecbf0a41fe1bd0e21c7a60bf8/screenshot - {}
RESULT: {}
RESULT: {"using":"xpath","value":"//*[@id=\"application-manageyards-display-component---NewYard--addressDetailDetailsLanguage-inner\"]"}
COMMAND: POST /session/eec783fecbf0a41fe1bd0e21c7a60bf8/element/f.C6480B129F3E0D11095D72FF7684A092.d.B30311B4981CBE8011B9F60DE53DE6B5.e.374/clear - {}
RESULT: {}
RESULT: {}
COMMAND: POST /session/eec783fecbf0a41fe1bd0e21c7a60bf8/element/f.C6480B129F3E0D11095D72FF7684A092.d.B30311B4981CBE8011B9F60DE53DE6B5.e.374/value - {"text":"Romanian"}
COMMAND: GET /session/eec783fecbf0a41fe1bd0e21c7a60bf8/screenshot - {}
RESULT: {"text":"Romanian"}
COMMAND: POST /session/eec783fecbf0a41fe1bd0e21c7a60bf8/element - {"using":"xpath","value":"//input[contains(@id ,\"application-manageyards-display-component---NewYard--addressDetailDetailsName1-inner\")]"}
COMMAND: GET /session/eec783fecbf0a41fe1bd0e21c7a60bf8/screenshot - {}
RESULT: {}
RESULT: {"using":"xpath","value":"//input[contains(@id ,\"application-manageyards-display-component---NewYard--addressDetailDetailsName1-inner\")]"}
COMMAND: GET /session/eec783fecbf0a41fe1bd0e21c7a60bf8/element/f.C6480B129F3E0D11095D72FF7684A092.d.B30311B4981CBE8011B9F60DE53DE6B5.e.373/property/value - {}
RESULT: {}
RESULT: {}
COMMAND: GET /session/eec783fecbf0a41fe1bd0e21c7a60bf8/screenshot - {}
RESULT: {}
COMMAND: POST /session/eec783fecbf0a41fe1bd0e21c7a60bf8/element - {"using":"xpath","value":"//*[@id=\"application-manageyards-display-component---NewYard--addressDetailDetailsCity1-inner\"]"}
RESULT: {"using":"xpath","value":"//*[@id=\"application-manageyards-display-component---NewYard--addressDetailDetailsCity1-inner\"]"}
COMMAND: POST /session/eec783fecbf0a41fe1bd0e21c7a60bf8/element/f.C6480B129F3E0D11095D72FF7684A092.d.B30311B4981CBE8011B9F60DE53DE6B5.e.376/clear - {}
RESULT: {}
COMMAND: POST /session/eec783fecbf0a41fe1bd0e21c7a60bf8/element/f.C6480B129F3E0D11095D72FF7684A092.d.B30311B4981CBE8011B9F60DE53DE6B5.e.376/value - {"text":"Bucuresti"}
COMMAND: GET /session/eec783fecbf0a41fe1bd0e21c7a60bf8/screenshot - {}
RESULT: {"text":"Bucuresti"}
COMMAND: GET /session/eec783fecbf0a41fe1bd0e21c7a60bf8/screenshot - {}
RESULT: {}
RESULT: {}
COMMAND: POST /session/eec783fecbf0a41fe1bd0e21c7a60bf8/element - {"using":"xpath","value":"//*[@id=\"application-manageyards-display-component---NewYard--addressDetailDetailsCountry-inner\"]"}
RESULT: {"using":"xpath","value":"//*[@id=\"application-manageyards-display-component---NewYard--addressDetailDetailsCountry-inner\"]"}
COMMAND: POST /session/eec783fecbf0a41fe1bd0e21c7a60bf8/element/f.C6480B129F3E0D11095D72FF7684A092.d.B30311B4981CBE8011B9F60DE53DE6B5.e.380/clear - {}
RESULT: {}
COMMAND: POST /session/eec783fecbf0a41fe1bd0e21c7a60bf8/element/f.C6480B129F3E0D11095D72FF7684A092.d.B30311B4981CBE8011B9F60DE53DE6B5.e.380/value - {"text":"Romania"}
COMMAND: GET /session/eec783fecbf0a41fe1bd0e21c7a60bf8/screenshot - {}
RESULT: {"text":"Romania"}
COMMAND: GET /session/eec783fecbf0a41fe1bd0e21c7a60bf8/screenshot - {}
RESULT: {}
RESULT: {}
COMMAND: POST /session/eec783fecbf0a41fe1bd0e21c7a60bf8/element - {"using":"xpath","value":"//div[contains(text(), \"Commercial\")]"}
RESULT: {"using":"xpath","value":"//div[contains(text(), \"Commercial\")]"}
COMMAND: GET /session/eec783fecbf0a41fe1bd0e21c7a60bf8/element/f.C6480B129F3E0D11095D72FF7684A092.d.B30311B4981CBE8011B9F60DE53DE6B5.e.570/rect - {}
RESULT: {}
COMMAND: GET /session/eec783fecbf0a41fe1bd0e21c7a60bf8/window/rect - {}
RESULT: {}
COMMAND: POST /session/eec783fecbf0a41fe1bd0e21c7a60bf8/execute/sync - {"script":"<script> [92 bytes]","args":[]}
RESULT: {"script":"<script> [92 bytes]","args":[]}
COMMAND: POST /session/eec783fecbf0a41fe1bd0e21c7a60bf8/actions - {"actions":[{"id":"action1","type":"wheel","parameters":{},"actions":[{"type":"scroll","x":-1841,"y":-44,"deltaX":0,"deltaY":0,"duration":0,"origin":{"element-6066-11e4-a52e-4f735466cecf":"f.C6480B129F3E0D11095D72FF7684A092.d.B30311B4981CBE8011B9F60DE53DE6B5.e.570"}}]}]}
COMMAND: GET /session/eec783fecbf0a41fe1bd0e21c7a60bf8/screenshot - {}
RESULT: {}
COMMAND: POST /session/eec783fecbf0a41fe1bd0e21c7a60bf8/execute/sync - {"script":"<script> [79 bytes]","args":[{"element-6066-11e4-a52e-4f735466cecf":"f.C6480B129F3E0D11095D72FF7684A092.d.B30311B4981CBE8011B9F60DE53DE6B5.e.570","ELEMENT":"f.C6480B129F3E0D11095D72FF7684A092.d.B30311B4981CBE8011B9F60DE53DE6B5.e.570"},{"block":"start","inline":"nearest"}]}
RESULT: {"script":"<script> [79 bytes]","args":[{"element-6066-11e4-a52e-4f735466cecf":"f.C6480B129F3E0D11095D72FF7684A092.d.B30311B4981CBE8011B9F60DE53DE6B5.e.570","ELEMENT":"f.C6480B129F3E0D11095D72FF7684A092.d.B30311B4981CBE8011B9F60DE53DE6B5.e.570"},{"block":"start","inline":"nearest"}]}
COMMAND: GET /session/eec783fecbf0a41fe1bd0e21c7a60bf8/screenshot - {}
RESULT: {}
COMMAND: POST /session/eec783fecbf0a41fe1bd0e21c7a60bf8/execute/async - {"script":"<script> [1562 bytes]","args":[{"selector":{"id":"application-manageyards-display-component---NewYard--addressEditDetailsCostObjectCstType-arrow"},"wdio_ui5_key":"applicationmanageyards-display-component---NewYard--addressEditDetailsCostObjectCstType-arrow"}]}
RESULT: {"script":"<script> [1562 bytes]","args":[{"selector":{"id":"application-manageyards-display-component---NewYard--addressEditDetailsCostObjectCstType-arrow"},"wdio_ui5_key":"applicationmanageyards-display-component---NewYard--addressEditDetailsCostObjectCstType-arrow"}]}
RESULT: undefined
COMMAND: POST /session/eec783fecbf0a41fe1bd0e21c7a60bf8/element - {"using":"xpath","value":"//*[@id=\"application-manageyards-display-component---NewYard--addressEditDetailsCostObjectCstType-arrow\"]"}
RESULT: {"using":"xpath","value":"//*[@id=\"application-manageyards-display-component---NewYard--addressEditDetailsCostObjectCstType-arrow\"]"}
COMMAND: POST /session/eec783fecbf0a41fe1bd0e21c7a60bf8/element/f.C6480B129F3E0D11095D72FF7684A092.d.B30311B4981CBE8011B9F60DE53DE6B5.e.578/click - {}
RESULT: {}
COMMAND: POST /session/eec783fecbf0a41fe1bd0e21c7a60bf8/element - {"using":"xpath","value":"//span[contains(text(), \"Cost Center\")]"}
COMMAND: GET /session/eec783fecbf0a41fe1bd0e21c7a60bf8/screenshot - {}
RESULT: {"using":"xpath","value":"//span[contains(text(), \"Cost Center\")]"}
COMMAND: POST /session/eec783fecbf0a41fe1bd0e21c7a60bf8/element/f.C6480B129F3E0D11095D72FF7684A092.d.B30311B4981CBE8011B9F60DE53DE6B5.e.579/click - {}
RESULT: {}
RESULT: {}
COMMAND: GET /session/eec783fecbf0a41fe1bd0e21c7a60bf8/screenshot - {}
RESULT: {}
COMMAND: POST /session/eec783fecbf0a41fe1bd0e21c7a60bf8/execute/async - {"script":"<script> [1562 bytes]","args":[{"selector":{"id":"application-manageyards-display-component---NewYard--addressNewCostObjectCstID-vhi"},"wdio_ui5_key":"applicationmanageyards-display-component---NewYard--addressNewCostObjectCstID-vhi"}]}
RESULT: {"script":"<script> [1562 bytes]","args":[{"selector":{"id":"application-manageyards-display-component---NewYard--addressNewCostObjectCstID-vhi"},"wdio_ui5_key":"applicationmanageyards-display-component---NewYard--addressNewCostObjectCstID-vhi"}]}
RESULT: undefined
COMMAND: POST /session/eec783fecbf0a41fe1bd0e21c7a60bf8/element - {"using":"xpath","value":"//*[@id=\"application-manageyards-display-component---NewYard--addressNewCostObjectCstID-vhi\"]"}
RESULT: {"using":"xpath","value":"//*[@id=\"application-manageyards-display-component---NewYard--addressNewCostObjectCstID-vhi\"]"}
COMMAND: POST /session/eec783fecbf0a41fe1bd0e21c7a60bf8/element/f.C6480B129F3E0D11095D72FF7684A092.d.B30311B4981CBE8011B9F60DE53DE6B5.e.583/click - {}
RESULT: {}
COMMAND: GET /session/eec783fecbf0a41fe1bd0e21c7a60bf8/screenshot - {}
RESULT: {}
COMMAND: POST /session/eec783fecbf0a41fe1bd0e21c7a60bf8/execute/async - {"script":"<script> [1562 bytes]","args":[{"selector":{"controlType":"sap.m.SearchField","properties":{"placeholder":"Search"},"searchOpenDialogs":true,"interaction":{"idSuffix":"I"}},"wdio_ui5_key":"sapm.SearchField{\"placeholder\":\"Search\"}"}]}
RESULT: {"script":"<script> [1562 bytes]","args":[{"selector":{"controlType":"sap.m.SearchField","properties":{"placeholder":"Search"},"searchOpenDialogs":true,"interaction":{"idSuffix":"I"}},"wdio_ui5_key":"sapm.SearchField{\"placeholder\":\"Search\"}"}]}
RESULT: undefined
COMMAND: POST /session/eec783fecbf0a41fe1bd0e21c7a60bf8/execute/async - {"script":"<script> [776 bytes]","args":[{"enterText":"10001013","selector":{"controlType":"sap.m.SearchField","properties":{"placeholder":"Search"},"searchOpenDialogs":true,"interaction":{"idSuffix":"I"}},"clearTextFirst":true,"interactionType":"ENTER_TEXT"}]}
RESULT: {"script":"<script> [776 bytes]","args":[{"enterText":"10001013","selector":{"controlType":"sap.m.SearchField","properties":{"placeholder":"Search"},"searchOpenDialogs":true,"interaction":{"idSuffix":"I"}},"clearTextFirst":true,"interactionType":"ENTER_TEXT"}]}
COMMAND: POST /session/eec783fecbf0a41fe1bd0e21c7a60bf8/actions - {"actions":[{"id":"action2","type":"key","parameters":{},"actions":[{"type":"keyDown","value":""},{"type":"pause","duration":10},{"type":"keyUp","value":""}]}]}
RESULT: {"actions":[{"id":"action2","type":"key","parameters":{},"actions":[{"type":"keyDown","value":""},{"type":"pause","duration":10},{"type":"keyUp","value":""}]}]}
COMMAND: GET /session/eec783fecbf0a41fe1bd0e21c7a60bf8/screenshot - {}
RESULT: {}
COMMAND: POST /session/eec783fecbf0a41fe1bd0e21c7a60bf8/element - {"using":"xpath","value":"//span[contains(text(), \"General Management\")]"}
RESULT: {"using":"xpath","value":"//span[contains(text(), \"General Management\")]"}
COMMAND: POST /session/eec783fecbf0a41fe1bd0e21c7a60bf8/element/f.C6480B129F3E0D11095D72FF7684A092.d.B30311B4981CBE8011B9F60DE53DE6B5.e.624/click - {}
RESULT: {}
COMMAND: GET /session/eec783fecbf0a41fe1bd0e21c7a60bf8/screenshot - {}
RESULT: {}
COMMAND: POST /session/eec783fecbf0a41fe1bd0e21c7a60bf8/element - {"using":"xpath","value":"//bdi[contains(text(), \"OK\")]"}
RESULT: {"using":"xpath","value":"//bdi[contains(text(), \"OK\")]"}
COMMAND: POST /session/eec783fecbf0a41fe1bd0e21c7a60bf8/element/f.C6480B129F3E0D11095D72FF7684A092.d.B30311B4981CBE8011B9F60DE53DE6B5.e.625/click - {}
RESULT: {}
COMMAND: GET /session/eec783fecbf0a41fe1bd0e21c7a60bf8/screenshot - {}
RESULT: {}
COMMAND: POST /session/eec783fecbf0a41fe1bd0e21c7a60bf8/execute/async - {"script":"<script> [1562 bytes]","args":[{"selector":{"controlType":"sap.m.Button","viewName":"etm.portal.ui.manageyards.view.New","viewId":"application-manageyards-display-component---NewYard","i18NText":{"propertyName":"text","key":"save"},"interaction":{"idSuffix":"inner"}},"wdio_ui5_key":"etmportal.ui.manageyards.view.Newsap.m.Button{\"propertyName\":\"text\",\"key\":\"save\"}"}]}
RESULT: {"script":"<script> [1562 bytes]","args":[{"selector":{"controlType":"sap.m.Button","viewName":"etm.portal.ui.manageyards.view.New","viewId":"application-manageyards-display-component---NewYard","i18NText":{"propertyName":"text","key":"save"},"interaction":{"idSuffix":"inner"}},"wdio_ui5_key":"etmportal.ui.manageyards.view.Newsap.m.Button{\"propertyName\":\"text\",\"key\":\"save\"}"}]}
RESULT: undefined
COMMAND: POST /session/eec783fecbf0a41fe1bd0e21c7a60bf8/element - {"using":"xpath","value":"//*[@id=\"__button18\"]"}
RESULT: {"using":"xpath","value":"//*[@id=\"__button18\"]"}
COMMAND: POST /session/eec783fecbf0a41fe1bd0e21c7a60bf8/element/f.C6480B129F3E0D11095D72FF7684A092.d.B30311B4981CBE8011B9F60DE53DE6B5.e.535/click - {}
RESULT: {}
COMMAND: GET /session/eec783fecbf0a41fe1bd0e21c7a60bf8/screenshot - {}
RESULT: {}
COMMAND: POST /session/eec783fecbf0a41fe1bd0e21c7a60bf8/element - {"using":"xpath","value":"//header/div/div[2]/div[2]/span"}
RESULT: {"using":"xpath","value":"//header/div/div[2]/div[2]/span"}
COMMAND: GET /session/eec783fecbf0a41fe1bd0e21c7a60bf8/element/f.C6480B129F3E0D11095D72FF7684A092.d.B30311B4981CBE8011B9F60DE53DE6B5.e.822/text - {}
RESULT: {}
COMMAND: POST /session/eec783fecbf0a41fe1bd0e21c7a60bf8/execute/async - {"script":"<script> [1562 bytes]","args":[{"selector":{"controlType":"sap.m.OverflowToolbarButton","viewName":"etm.portal.ui.manageyards.view.Detail","viewId":"application-manageyards-display-component---detailYard","i18NText":{"propertyName":"tooltip","key":"closeColumn"},"interaction":{"idSuffix":"inner"}},"wdio_ui5_key":"etmportal.ui.manageyards.view.Detailsap.m.OverflowToolbarButton{\"propertyName\":\"tooltip\",\"key\":\"closeColumn\"}"}]}
RESULT: {"script":"<script> [1562 bytes]","args":[{"selector":{"controlType":"sap.m.OverflowToolbarButton","viewName":"etm.portal.ui.manageyards.view.Detail","viewId":"application-manageyards-display-component---detailYard","i18NText":{"propertyName":"tooltip","key":"closeColumn"},"interaction":{"idSuffix":"inner"}},"wdio_ui5_key":"etmportal.ui.manageyards.view.Detailsap.m.OverflowToolbarButton{\"propertyName\":\"tooltip\",\"key\":\"closeColumn\"}"}]}
RESULT: undefined
COMMAND: POST /session/eec783fecbf0a41fe1bd0e21c7a60bf8/element - {"using":"xpath","value":"//*[@id=\"__button42\"]"}
RESULT: {"using":"xpath","value":"//*[@id=\"__button42\"]"}
COMMAND: POST /session/eec783fecbf0a41fe1bd0e21c7a60bf8/element/f.C6480B129F3E0D11095D72FF7684A092.d.B30311B4981CBE8011B9F60DE53DE6B5.e.824/click - {}
RESULT: {}
COMMAND: GET /session/eec783fecbf0a41fe1bd0e21c7a60bf8/screenshot - {}
RESULT: {}
COMMAND: POST /session/eec783fecbf0a41fe1bd0e21c7a60bf8/element - {"using":"css selector","value":"#shell-header-logo"}
RESULT: {"using":"css selector","value":"#shell-header-logo"}
COMMAND: POST /session/eec783fecbf0a41fe1bd0e21c7a60bf8/element/f.C6480B129F3E0D11095D72FF7684A092.d.B30311B4981CBE8011B9F60DE53DE6B5.e.117/click - {}
RESULT: {}
COMMAND: GET /session/eec783fecbf0a41fe1bd0e21c7a60bf8/screenshot - {}
RESULT: {}
COMMAND: POST /session/eec783fecbf0a41fe1bd0e21c7a60bf8/refresh - {}
RESULT: {}
COMMAND: GET /session/eec783fecbf0a41fe1bd0e21c7a60bf8/screenshot - {}
RESULT: {}
COMMAND: POST /session/eec783fecbf0a41fe1bd0e21c7a60bf8/execute/async - {"script":"<script> [189 bytes]","args":[]}
RESULT: {"script":"<script> [189 bytes]","args":[]}
COMMAND: POST /session/eec783fecbf0a41fe1bd0e21c7a60bf8/execute/async - {"script":"<script> [123 bytes]","args":[]}
RESULT: {"script":"<script> [123 bytes]","args":[]}
COMMAND: POST /session/eec783fecbf0a41fe1bd0e21c7a60bf8/timeouts - {"script":"<number>"}
RESULT: {"script":"<number>"}
COMMAND: GET /session/eec783fecbf0a41fe1bd0e21c7a60bf8/timeouts - {}
RESULT: {}
RESULT: undefined
COMMAND: POST /session/eec783fecbf0a41fe1bd0e21c7a60bf8/execute/async - {"script":"<script> [2676 bytes]","args":[]}
RESULT: {"script":"<script> [2676 bytes]","args":[]}
COMMAND: POST /session/eec783fecbf0a41fe1bd0e21c7a60bf8/execute/async - {"script":"<script> [2342 bytes]","args":[{"protocol":"http","hostname":"0.0.0.0","path":"/","capabilities":{"browserName":"chrome","goog:chromeOptions":{"binary":"C:\\Program Files\\Google\\Chrome\\Application\\chrome.exe","args":["--start-maximized"]}},"logLevel":"warn","connectionRetryTimeout":120000,"connectionRetryCount":3,"logLevels":{},"enableDirectConnect":true,"strictSSL":true,"_":"65 more keys: [\"cacheDir\",\"port\",\"requestedCapabilities\",\"automationProtocol\",\"baseUrl\",\"waitforInterval\",\"waitforTimeout\",\"onReload\",\"beforeCommand\",\"afterCommand\",\"rootDir\",\"specs\",\"suites\",\"exclude\",\"groupLogsByTestSpec\",\"excludeDriverLogs\",\"bail\",\"framework\",\"reporters\",\"services\",\"maxInstances\",\"maxInstancesPerCapability\",\"injectGlobals\",\"filesToWatch\",\"execArgv\",\"runnerEnv\",\"runner\",\"shard\",\"specFileRetries\",\"specFileRetriesDelay\",\"specFileRetriesDeferred\",\"reporterSyncInterval\",\"reporterSyncTimeout\",\"cucumberFeaturesWithLineNumbers\",\"autoCompileOpts\",\"mochaOpts\",\"jasmineOpts\",\"cucumberOpts\",\"onPrepare\",\"onWorkerStart\",\"onWorkerEnd\",\"before\",\"beforeSession\",\"beforeSuite\",\"beforeHook\",\"beforeTest\",\"afterTest\",\"afterHook\",\"afterSuite\",\"afterSession\",\"after\",\"onComplete\",\"beforeAssertion\",\"afterAssertion\",\"beforeFeature\",\"beforeScenario\",\"beforeStep\",\"afterStep\",\"afterScenario\",\"afterFeature\",\"_\",\"suite\",\"$0\",\"ignoredWorkerServices\",\"wdi5\"]"}]}
RESULT: {"script":"<script> [2342 bytes]","args":[{"protocol":"http","hostname":"0.0.0.0","path":"/","capabilities":{"browserName":"chrome","goog:chromeOptions":{"binary":"C:\\Program Files\\Google\\Chrome\\Application\\chrome.exe","args":["--start-maximized"]}},"logLevel":"warn","connectionRetryTimeout":120000,"connectionRetryCount":3,"logLevels":{},"enableDirectConnect":true,"strictSSL":true,"_":"65 more keys: [\"cacheDir\",\"port\",\"requestedCapabilities\",\"automationProtocol\",\"baseUrl\",\"waitforInterval\",\"waitforTimeout\",\"onReload\",\"beforeCommand\",\"afterCommand\",\"rootDir\",\"specs\",\"suites\",\"exclude\",\"groupLogsByTestSpec\",\"excludeDriverLogs\",\"bail\",\"framework\",\"reporters\",\"services\",\"maxInstances\",\"maxInstancesPerCapability\",\"injectGlobals\",\"filesToWatch\",\"execArgv\",\"runnerEnv\",\"runner\",\"shard\",\"specFileRetries\",\"specFileRetriesDelay\",\"specFileRetriesDeferred\",\"reporterSyncInterval\",\"reporterSyncTimeout\",\"cucumberFeaturesWithLineNumbers\",\"autoCompileOpts\",\"mochaOpts\",\"jasmineOpts\",\"cucumberOpts\",\"onPrepare\",\"onWorkerStart\",\"onWorkerEnd\",\"before\",\"beforeSession\",\"beforeSuite\",\"beforeHook\",\"beforeTest\",\"afterTest\",\"afterHook\",\"afterSuite\",\"afterSession\",\"after\",\"onComplete\",\"beforeAssertion\",\"afterAssertion\",\"beforeFeature\",\"beforeScenario\",\"beforeStep\",\"afterStep\",\"afterScenario\",\"afterFeature\",\"_\",\"suite\",\"$0\",\"ignoredWorkerServices\",\"wdi5\"]"}]}
COMMAND: POST /session/eec783fecbf0a41fe1bd0e21c7a60bf8/execute/async - {"script":"<script> [21126 bytes]","args":[35000]}
RESULT: {"script":"<script> [21126 bytes]","args":[35000]}
COMMAND: POST /session/eec783fecbf0a41fe1bd0e21c7a60bf8/execute/async - {"script":"<script> [1562 bytes]","args":[{"selector":{"controlType":"sap.m.GenericTile","properties":{"header":"Manage Partners"}},"wdio_ui5_key":"sapm.GenericTile{\"header\":\"Manage Partners\"}"}]}
RESULT: {"script":"<script> [1562 bytes]","args":[{"selector":{"controlType":"sap.m.GenericTile","properties":{"header":"Manage Partners"}},"wdio_ui5_key":"sapm.GenericTile{\"header\":\"Manage Partners\"}"}]}
RESULT: undefined
COMMAND: POST /session/eec783fecbf0a41fe1bd0e21c7a60bf8/element - {"using":"xpath","value":"//*[@id=\"__tile38\"]"}
RESULT: {"using":"xpath","value":"//*[@id=\"__tile38\"]"}
COMMAND: POST /session/eec783fecbf0a41fe1bd0e21c7a60bf8/element/f.C6480B129F3E0D11095D72FF7684A092.d.4B52D6D557ADC76C319353EE3710D7E0.e.1174/click - {}
RESULT: {}
COMMAND: GET /session/eec783fecbf0a41fe1bd0e21c7a60bf8/screenshot - {}
RESULT: {}
COMMAND: POST /session/eec783fecbf0a41fe1bd0e21c7a60bf8/elements - {"using":"xpath","value":"//span[text()='Error']"}
RESULT: {"using":"xpath","value":"//span[text()='Error']"}
COMMAND: POST /session/eec783fecbf0a41fe1bd0e21c7a60bf8/execute/async - {"script":"<script> [1562 bytes]","args":[{"selector":{"controlType":"sap.ui.core.Icon","viewName":"etm.portal.ui.managepartners.view.Master","viewId":"application-managepartners-display-component---masterPtm","properties":{"src":{"regex":{"source":"add"}}}},"wdio_ui5_key":"etmportal.ui.managepartners.view.Mastersap.ui.core.Icon{\"src\":{\"regex\":{\"source\":\"add\"}}}"}]}
RESULT: {"script":"<script> [1562 bytes]","args":[{"selector":{"controlType":"sap.ui.core.Icon","viewName":"etm.portal.ui.managepartners.view.Master","viewId":"application-managepartners-display-component---masterPtm","properties":{"src":{"regex":{"source":"add"}}}},"wdio_ui5_key":"etmportal.ui.managepartners.view.Mastersap.ui.core.Icon{\"src\":{\"regex\":{\"source\":\"add\"}}}"}]}
RESULT: undefined
COMMAND: POST /session/eec783fecbf0a41fe1bd0e21c7a60bf8/element - {"using":"xpath","value":"//*[@id=\"__button4-img\"]"}
RESULT: {"using":"xpath","value":"//*[@id=\"__button4-img\"]"}
COMMAND: POST /session/eec783fecbf0a41fe1bd0e21c7a60bf8/element/f.C6480B129F3E0D11095D72FF7684A092.d.4B52D6D557ADC76C319353EE3710D7E0.e.1225/click - {}
RESULT: {}
COMMAND: GET /session/eec783fecbf0a41fe1bd0e21c7a60bf8/screenshot - {}
RESULT: {}
COMMAND: POST /session/eec783fecbf0a41fe1bd0e21c7a60bf8/execute/async - {"script":"<script> [1562 bytes]","args":[{"selector":{"id":"application-managepartners-display-component---NewPartner--partnerId","interaction":{"idSuffix":"inner"}},"wdio_ui5_key":"applicationmanagepartners-display-component---NewPartner--partnerId"}]}
RESULT: {"script":"<script> [1562 bytes]","args":[{"selector":{"id":"application-managepartners-display-component---NewPartner--partnerId","interaction":{"idSuffix":"inner"}},"wdio_ui5_key":"applicationmanagepartners-display-component---NewPartner--partnerId"}]}
RESULT: undefined
COMMAND: POST /session/eec783fecbf0a41fe1bd0e21c7a60bf8/execute/async - {"script":"<script> [1562 bytes]","args":[{"selector":{"id":"application-managepartners-display-component---NewPartner--addressDetailDetailsName1","interaction":{"idSuffix":"inner"}},"wdio_ui5_key":"applicationmanagepartners-display-component---NewPartner--addressDetailDetailsName1"}]}
RESULT: {"script":"<script> [1562 bytes]","args":[{"selector":{"id":"application-managepartners-display-component---NewPartner--addressDetailDetailsName1","interaction":{"idSuffix":"inner"}},"wdio_ui5_key":"applicationmanagepartners-display-component---NewPartner--addressDetailDetailsName1"}]}
RESULT: undefined
COMMAND: POST /session/eec783fecbf0a41fe1bd0e21c7a60bf8/execute/async - {"script":"<script> [776 bytes]","args":[{"enterText":"WebdriverPartner8kjg2","selector":{"id":"application-managepartners-display-component---NewPartner--addressDetailDetailsName1","interaction":{"idSuffix":"inner"}},"clearTextFirst":true,"interactionType":"ENTER_TEXT"}]}
RESULT: {"script":"<script> [776 bytes]","args":[{"enterText":"WebdriverPartner8kjg2","selector":{"id":"application-managepartners-display-component---NewPartner--addressDetailDetailsName1","interaction":{"idSuffix":"inner"}},"clearTextFirst":true,"interactionType":"ENTER_TEXT"}]}
COMMAND: POST /session/eec783fecbf0a41fe1bd0e21c7a60bf8/execute/async - {"script":"<script> [1562 bytes]","args":[{"selector":{"id":"application-managepartners-display-component---NewPartner--addressDetailDetailsLanguage","interaction":{"idSuffix":"inner"}},"wdio_ui5_key":"applicationmanagepartners-display-component---NewPartner--addressDetailDetailsLanguage"}]}
RESULT: {"script":"<script> [1562 bytes]","args":[{"selector":{"id":"application-managepartners-display-component---NewPartner--addressDetailDetailsLanguage","interaction":{"idSuffix":"inner"}},"wdio_ui5_key":"applicationmanagepartners-display-component---NewPartner--addressDetailDetailsLanguage"}]}
RESULT: undefined
COMMAND: POST /session/eec783fecbf0a41fe1bd0e21c7a60bf8/execute/async - {"script":"<script> [776 bytes]","args":[{"enterText":"Romanian","selector":{"id":"application-managepartners-display-component---NewPartner--addressDetailDetailsLanguage","interaction":{"idSuffix":"inner"}},"clearTextFirst":true,"interactionType":"ENTER_TEXT"}]}
RESULT: {"script":"<script> [776 bytes]","args":[{"enterText":"Romanian","selector":{"id":"application-managepartners-display-component---NewPartner--addressDetailDetailsLanguage","interaction":{"idSuffix":"inner"}},"clearTextFirst":true,"interactionType":"ENTER_TEXT"}]}
COMMAND: POST /session/eec783fecbf0a41fe1bd0e21c7a60bf8/element - {"using":"xpath","value":"//input[contains(@id ,\"application-managepartners-display-component---NewPartner--addressDetailDetailsName1-inner\")]"}
RESULT: {"using":"xpath","value":"//input[contains(@id ,\"application-managepartners-display-component---NewPartner--addressDetailDetailsName1-inner\")]"}
COMMAND: GET /session/eec783fecbf0a41fe1bd0e21c7a60bf8/element/f.C6480B129F3E0D11095D72FF7684A092.d.4B52D6D557ADC76C319353EE3710D7E0.e.1396/property/value - {}
RESULT: {}
COMMAND: POST /session/eec783fecbf0a41fe1bd0e21c7a60bf8/execute/async - {"script":"<script> [1562 bytes]","args":[{"selector":{"id":"application-managepartners-display-component---NewPartner--addressDetailDetailsCity1","interaction":{"idSuffix":"inner"}},"wdio_ui5_key":"applicationmanagepartners-display-component---NewPartner--addressDetailDetailsCity1"}]}
COMMAND: GET /session/eec783fecbf0a41fe1bd0e21c7a60bf8/screenshot - {}
RESULT: {"script":"<script> [1562 bytes]","args":[{"selector":{"id":"application-managepartners-display-component---NewPartner--addressDetailDetailsCity1","interaction":{"idSuffix":"inner"}},"wdio_ui5_key":"applicationmanagepartners-display-component---NewPartner--addressDetailDetailsCity1"}]}
RESULT: undefined
COMMAND: POST /session/eec783fecbf0a41fe1bd0e21c7a60bf8/execute/async - {"script":"<script> [776 bytes]","args":[{"enterText":"Bucharest","selector":{"id":"application-managepartners-display-component---NewPartner--addressDetailDetailsCity1","interaction":{"idSuffix":"inner"}},"clearTextFirst":true,"interactionType":"ENTER_TEXT"}]}
RESULT: {}
RESULT: {"script":"<script> [776 bytes]","args":[{"enterText":"Bucharest","selector":{"id":"application-managepartners-display-component---NewPartner--addressDetailDetailsCity1","interaction":{"idSuffix":"inner"}},"clearTextFirst":true,"interactionType":"ENTER_TEXT"}]}
COMMAND: POST /session/eec783fecbf0a41fe1bd0e21c7a60bf8/execute/async - {"script":"<script> [1562 bytes]","args":[{"selector":{"id":"application-managepartners-display-component---NewPartner--addressDetailDetailsCountry","interaction":{"idSuffix":"inner"}},"wdio_ui5_key":"applicationmanagepartners-display-component---NewPartner--addressDetailDetailsCountry"}]}
RESULT: {"script":"<script> [1562 bytes]","args":[{"selector":{"id":"application-managepartners-display-component---NewPartner--addressDetailDetailsCountry","interaction":{"idSuffix":"inner"}},"wdio_ui5_key":"applicationmanagepartners-display-component---NewPartner--addressDetailDetailsCountry"}]}
RESULT: undefined
COMMAND: POST /session/eec783fecbf0a41fe1bd0e21c7a60bf8/execute/async - {"script":"<script> [6424 bytes]","args":[{"element-6066-11e4-a52e-4f735466cecf":"f.C6480B129F3E0D11095D72FF7684A092.d.4B52D6D557ADC76C319353EE3710D7E0.e.1403"},"setValue",["Romania"]]}
RESULT: {"script":"<script> [6424 bytes]","args":[{"element-6066-11e4-a52e-4f735466cecf":"f.C6480B129F3E0D11095D72FF7684A092.d.4B52D6D557ADC76C319353EE3710D7E0.e.1403"},"setValue",["Romania"]]}
COMMAND: POST /session/eec783fecbf0a41fe1bd0e21c7a60bf8/execute/async - {"script":"<script> [1562 bytes]","args":[{"selector":{"id":"application-managepartners-display-component---NewPartner--partnerDetailInternal","interaction":{"idSuffix":"inner"}},"wdio_ui5_key":"applicationmanagepartners-display-component---NewPartner--partnerDetailInternal"}]}
RESULT: {"script":"<script> [1562 bytes]","args":[{"selector":{"id":"application-managepartners-display-component---NewPartner--partnerDetailInternal","interaction":{"idSuffix":"inner"}},"wdio_ui5_key":"applicationmanagepartners-display-component---NewPartner--partnerDetailInternal"}]}
RESULT: undefined
COMMAND: POST /session/eec783fecbf0a41fe1bd0e21c7a60bf8/execute/async - {"script":"<script> [776 bytes]","args":[{"enterText":"External partner","selector":{"id":"application-managepartners-display-component---NewPartner--partnerDetailInternal","interaction":{"idSuffix":"inner"}},"clearTextFirst":true,"interactionType":"ENTER_TEXT"}]}
RESULT: {"script":"<script> [776 bytes]","args":[{"enterText":"External partner","selector":{"id":"application-managepartners-display-component---NewPartner--partnerDetailInternal","interaction":{"idSuffix":"inner"}},"clearTextFirst":true,"interactionType":"ENTER_TEXT"}]}
COMMAND: POST /session/eec783fecbf0a41fe1bd0e21c7a60bf8/execute/async - {"script":"<script> [1562 bytes]","args":[{"selector":{"id":"application-managepartners-display-component---NewPartner--partnerDetailsCurrency","interaction":{"idSuffix":"inner"}},"wdio_ui5_key":"applicationmanagepartners-display-component---NewPartner--partnerDetailsCurrency"}]}
RESULT: {"script":"<script> [1562 bytes]","args":[{"selector":{"id":"application-managepartners-display-component---NewPartner--partnerDetailsCurrency","interaction":{"idSuffix":"inner"}},"wdio_ui5_key":"applicationmanagepartners-display-component---NewPartner--partnerDetailsCurrency"}]}
RESULT: undefined
COMMAND: POST /session/eec783fecbf0a41fe1bd0e21c7a60bf8/execute/async - {"script":"<script> [776 bytes]","args":[{"enterText":"Euro","selector":{"id":"application-managepartners-display-component---NewPartner--partnerDetailsCurrency","interaction":{"idSuffix":"inner"}},"clearTextFirst":true,"interactionType":"ENTER_TEXT"}]}
RESULT: {"script":"<script> [776 bytes]","args":[{"enterText":"Euro","selector":{"id":"application-managepartners-display-component---NewPartner--partnerDetailsCurrency","interaction":{"idSuffix":"inner"}},"clearTextFirst":true,"interactionType":"ENTER_TEXT"}]}
COMMAND: POST /session/eec783fecbf0a41fe1bd0e21c7a60bf8/execute/async - {"script":"<script> [1562 bytes]","args":[{"selector":{"controlType":"sap.m.Button","viewName":"etm.portal.ui.managepartners.view.NewPartner","viewId":"application-managepartners-display-component---NewPartner","properties":{"text":"Commercial"},"interaction":{"idSuffix":"BDI-content"}},"wdio_ui5_key":"etmportal.ui.managepartners.view.NewPartnersap.m.Button{\"text\":\"Commercial\"}"}]}
RESULT: {"script":"<script> [1562 bytes]","args":[{"selector":{"controlType":"sap.m.Button","viewName":"etm.portal.ui.managepartners.view.NewPartner","viewId":"application-managepartners-display-component---NewPartner","properties":{"text":"Commercial"},"interaction":{"idSuffix":"BDI-content"}},"wdio_ui5_key":"etmportal.ui.managepartners.view.NewPartnersap.m.Button{\"text\":\"Commercial\"}"}]}
RESULT: undefined
COMMAND: POST /session/eec783fecbf0a41fe1bd0e21c7a60bf8/element - {"using":"xpath","value":"//*[@id=\"application-managepartners-display-component---NewPartner--ObjectPageLayout-anchBar-__section5-anchor\"]"}
RESULT: {"using":"xpath","value":"//*[@id=\"application-managepartners-display-component---NewPartner--ObjectPageLayout-anchBar-__section5-anchor\"]"}
COMMAND: POST /session/eec783fecbf0a41fe1bd0e21c7a60bf8/element/f.C6480B129F3E0D11095D72FF7684A092.d.4B52D6D557ADC76C319353EE3710D7E0.e.1642/click - {}
RESULT: {}
COMMAND: GET /session/eec783fecbf0a41fe1bd0e21c7a60bf8/screenshot - {}
RESULT: {}
COMMAND: POST /session/eec783fecbf0a41fe1bd0e21c7a60bf8/execute/async - {"script":"<script> [1562 bytes]","args":[{"selector":{"id":"application-managepartners-display-component---NewPartner--btnAddTableRow-img"},"wdio_ui5_key":"applicationmanagepartners-display-component---NewPartner--btnAddTableRow-img"}]}
RESULT: {"script":"<script> [1562 bytes]","args":[{"selector":{"id":"application-managepartners-display-component---NewPartner--btnAddTableRow-img"},"wdio_ui5_key":"applicationmanagepartners-display-component---NewPartner--btnAddTableRow-img"}]}
RESULT: undefined
COMMAND: POST /session/eec783fecbf0a41fe1bd0e21c7a60bf8/element - {"using":"xpath","value":"//*[@id=\"application-managepartners-display-component---NewPartner--btnAddTableRow-img\"]"}
RESULT: {"using":"xpath","value":"//*[@id=\"application-managepartners-display-component---NewPartner--btnAddTableRow-img\"]"}
COMMAND: POST /session/eec783fecbf0a41fe1bd0e21c7a60bf8/element/f.C6480B129F3E0D11095D72FF7684A092.d.4B52D6D557ADC76C319353EE3710D7E0.e.1648/click - {}
RESULT: {}
COMMAND: POST /session/eec783fecbf0a41fe1bd0e21c7a60bf8/element - {"using":"xpath","value":"//input[contains(@id ,\"application-managepartners-display-component---NewPartner--assignmentYard-application-managepartners-display-component---NewPartner\")]"}
COMMAND: GET /session/eec783fecbf0a41fe1bd0e21c7a60bf8/screenshot - {}
RESULT: {"using":"xpath","value":"//input[contains(@id ,\"application-managepartners-display-component---NewPartner--assignmentYard-application-managepartners-display-component---NewPartner\")]"}
COMMAND: POST /session/eec783fecbf0a41fe1bd0e21c7a60bf8/element/f.C6480B129F3E0D11095D72FF7684A092.d.4B52D6D557ADC76C319353EE3710D7E0.e.1652/clear - {}
RESULT: {}
RESULT: {}
COMMAND: POST /session/eec783fecbf0a41fe1bd0e21c7a60bf8/element/f.C6480B129F3E0D11095D72FF7684A092.d.4B52D6D557ADC76C319353EE3710D7E0.e.1652/value - {"text":"WebdriverYardbtbkq"}
COMMAND: GET /session/eec783fecbf0a41fe1bd0e21c7a60bf8/screenshot - {}
RESULT: {"text":"WebdriverYardbtbkq"}
COMMAND: GET /session/eec783fecbf0a41fe1bd0e21c7a60bf8/screenshot - {}
RESULT: {}
RESULT: {}
COMMAND: POST /session/eec783fecbf0a41fe1bd0e21c7a60bf8/execute/async - {"script":"<script> [1562 bytes]","args":[{"selector":{"controlType":"sap.m.Button","viewName":"etm.portal.ui.managepartners.view.NewPartner","viewId":"application-managepartners-display-component---NewPartner","i18NText":{"propertyName":"text","key":"save"},"interaction":{"idSuffix":"BDI-content"}},"wdio_ui5_key":"etmportal.ui.managepartners.view.NewPartnersap.m.Button{\"propertyName\":\"text\",\"key\":\"save\"}"}]}
RESULT: {"script":"<script> [1562 bytes]","args":[{"selector":{"controlType":"sap.m.Button","viewName":"etm.portal.ui.managepartners.view.NewPartner","viewId":"application-managepartners-display-component---NewPartner","i18NText":{"propertyName":"text","key":"save"},"interaction":{"idSuffix":"BDI-content"}},"wdio_ui5_key":"etmportal.ui.managepartners.view.NewPartnersap.m.Button{\"propertyName\":\"text\",\"key\":\"save\"}"}]}
RESULT: undefined
COMMAND: POST /session/eec783fecbf0a41fe1bd0e21c7a60bf8/element - {"using":"xpath","value":"//*[@id=\"__button12\"]"}
RESULT: {"using":"xpath","value":"//*[@id=\"__button12\"]"}
COMMAND: POST /session/eec783fecbf0a41fe1bd0e21c7a60bf8/element/f.C6480B129F3E0D11095D72FF7684A092.d.4B52D6D557ADC76C319353EE3710D7E0.e.1620/click - {}
RESULT: {}
COMMAND: GET /session/eec783fecbf0a41fe1bd0e21c7a60bf8/screenshot - {}
RESULT: {}
COMMAND: POST /session/eec783fecbf0a41fe1bd0e21c7a60bf8/element - {"using":"xpath","value":"//header/div/div[2]/div[2]/span"}
RESULT: {"using":"xpath","value":"//header/div/div[2]/div[2]/span"}
COMMAND: GET /session/eec783fecbf0a41fe1bd0e21c7a60bf8/element/f.C6480B129F3E0D11095D72FF7684A092.d.4B52D6D557ADC76C319353EE3710D7E0.e.1822/text - {}
RESULT: {}
COMMAND: POST /session/eec783fecbf0a41fe1bd0e21c7a60bf8/element - {"using":"xpath","value":"//header/div/div/div/div/div/div[2]/div/span"}
RESULT: {"using":"xpath","value":"//header/div/div/div/div/div/div[2]/div/span"}
COMMAND: GET /session/eec783fecbf0a41fe1bd0e21c7a60bf8/element/f.C6480B129F3E0D11095D72FF7684A092.d.4B52D6D557ADC76C319353EE3710D7E0.e.1823/text - {}
RESULT: {}
COMMAND: POST /session/eec783fecbf0a41fe1bd0e21c7a60bf8/execute/async - {"script":"<script> [1562 bytes]","args":[{"selector":{"id":"application-managepartners-display-component---detailPtm--partnerType"},"wdio_ui5_key":"applicationmanagepartners-display-component---detailPtm--partnerType"}]}
RESULT: {"script":"<script> [1562 bytes]","args":[{"selector":{"id":"application-managepartners-display-component---detailPtm--partnerType"},"wdio_ui5_key":"applicationmanagepartners-display-component---detailPtm--partnerType"}]}
RESULT: undefined
COMMAND: POST /session/eec783fecbf0a41fe1bd0e21c7a60bf8/execute/async - {"script":"<script> [6424 bytes]","args":[{"element-6066-11e4-a52e-4f735466cecf":"f.C6480B129F3E0D11095D72FF7684A092.d.4B52D6D557ADC76C319353EE3710D7E0.e.1824"},"getText",[]]}
RESULT: {"script":"<script> [6424 bytes]","args":[{"element-6066-11e4-a52e-4f735466cecf":"f.C6480B129F3E0D11095D72FF7684A092.d.4B52D6D557ADC76C319353EE3710D7E0.e.1824"},"getText",[]]}
COMMAND: POST /session/eec783fecbf0a41fe1bd0e21c7a60bf8/element - {"using":"css selector","value":"#shell-header-logo"}
RESULT: {"using":"css selector","value":"#shell-header-logo"}
COMMAND: POST /session/eec783fecbf0a41fe1bd0e21c7a60bf8/element/f.C6480B129F3E0D11095D72FF7684A092.d.4B52D6D557ADC76C319353EE3710D7E0.e.1177/click - {}
RESULT: {}
COMMAND: GET /session/eec783fecbf0a41fe1bd0e21c7a60bf8/screenshot - {}
RESULT: {}
COMMAND: POST /session/eec783fecbf0a41fe1bd0e21c7a60bf8/execute/async - {"script":"<script> [1562 bytes]","args":[{"selector":{"controlType":"sap.m.GenericTile","properties":{"header":"Manage Sites"}},"wdio_ui5_key":"sapm.GenericTile{\"header\":\"Manage Sites\"}"}]}
RESULT: {"script":"<script> [1562 bytes]","args":[{"selector":{"controlType":"sap.m.GenericTile","properties":{"header":"Manage Sites"}},"wdio_ui5_key":"sapm.GenericTile{\"header\":\"Manage Sites\"}"}]}
RESULT: undefined
COMMAND: POST /session/eec783fecbf0a41fe1bd0e21c7a60bf8/element - {"using":"xpath","value":"//*[@id=\"__tile40\"]"}
RESULT: {"using":"xpath","value":"//*[@id=\"__tile40\"]"}
COMMAND: POST /session/eec783fecbf0a41fe1bd0e21c7a60bf8/element/f.C6480B129F3E0D11095D72FF7684A092.d.4B52D6D557ADC76C319353EE3710D7E0.e.1826/click - {}
RESULT: {}
COMMAND: GET /session/eec783fecbf0a41fe1bd0e21c7a60bf8/screenshot - {}
RESULT: {}
COMMAND: POST /session/eec783fecbf0a41fe1bd0e21c7a60bf8/elements - {"using":"xpath","value":"//span[text()='Error']"}
RESULT: {"using":"xpath","value":"//span[text()='Error']"}
COMMAND: POST /session/eec783fecbf0a41fe1bd0e21c7a60bf8/execute/async - {"script":"<script> [1562 bytes]","args":[{"selector":{"controlType":"sap.ui.core.Icon","viewName":"etm.portal.ui.managesites.view.Master","viewId":"application-managesites-display-component---masterSite","properties":{"src":{"regex":{"source":"add"}}}},"wdio_ui5_key":"etmportal.ui.managesites.view.Mastersap.ui.core.Icon{\"src\":{\"regex\":{\"source\":\"add\"}}}"}]}
RESULT: {"script":"<script> [1562 bytes]","args":[{"selector":{"controlType":"sap.ui.core.Icon","viewName":"etm.portal.ui.managesites.view.Master","viewId":"application-managesites-display-component---masterSite","properties":{"src":{"regex":{"source":"add"}}}},"wdio_ui5_key":"etmportal.ui.managesites.view.Mastersap.ui.core.Icon{\"src\":{\"regex\":{\"source\":\"add\"}}}"}]}
RESULT: undefined
COMMAND: POST /session/eec783fecbf0a41fe1bd0e21c7a60bf8/element - {"using":"xpath","value":"//*[@id=\"__button52-img\"]"}
RESULT: {"using":"xpath","value":"//*[@id=\"__button52-img\"]"}
COMMAND: POST /session/eec783fecbf0a41fe1bd0e21c7a60bf8/element/f.C6480B129F3E0D11095D72FF7684A092.d.4B52D6D557ADC76C319353EE3710D7E0.e.1873/click - {}
RESULT: {}
COMMAND: POST /session/eec783fecbf0a41fe1bd0e21c7a60bf8/execute/async - {"script":"<script> [1562 bytes]","args":[{"selector":{"id":"application-managesites-display-component---NewSite--siteId","interaction":{"idSuffix":"inner"}},"wdio_ui5_key":"applicationmanagesites-display-component---NewSite--siteId"}]}
COMMAND: GET /session/eec783fecbf0a41fe1bd0e21c7a60bf8/screenshot - {}
RESULT: {"script":"<script> [1562 bytes]","args":[{"selector":{"id":"application-managesites-display-component---NewSite--siteId","interaction":{"idSuffix":"inner"}},"wdio_ui5_key":"applicationmanagesites-display-component---NewSite--siteId"}]}
RESULT: undefined
COMMAND: POST /session/eec783fecbf0a41fe1bd0e21c7a60bf8/execute/async - {"script":"<script> [1562 bytes]","args":[{"selector":{"id":"application-managesites-display-component---NewSite--addressDetailDetailsName1","interaction":{"idSuffix":"inner"}},"wdio_ui5_key":"applicationmanagesites-display-component---NewSite--addressDetailDetailsName1"}]}
RESULT: {}
RESULT: {"script":"<script> [1562 bytes]","args":[{"selector":{"id":"application-managesites-display-component---NewSite--addressDetailDetailsName1","interaction":{"idSuffix":"inner"}},"wdio_ui5_key":"applicationmanagesites-display-component---NewSite--addressDetailDetailsName1"}]}
RESULT: undefined
COMMAND: POST /session/eec783fecbf0a41fe1bd0e21c7a60bf8/execute/async - {"script":"<script> [776 bytes]","args":[{"enterText":"WebdriverSite6fr0y","selector":{"id":"application-managesites-display-component---NewSite--addressDetailDetailsName1","interaction":{"idSuffix":"inner"}},"clearTextFirst":true,"interactionType":"ENTER_TEXT"}]}
RESULT: {"script":"<script> [776 bytes]","args":[{"enterText":"WebdriverSite6fr0y","selector":{"id":"application-managesites-display-component---NewSite--addressDetailDetailsName1","interaction":{"idSuffix":"inner"}},"clearTextFirst":true,"interactionType":"ENTER_TEXT"}]}
COMMAND: POST /session/eec783fecbf0a41fe1bd0e21c7a60bf8/execute/async - {"script":"<script> [1562 bytes]","args":[{"selector":{"id":"application-managesites-display-component---NewSite--addressDetailDetailsLanguage","interaction":{"idSuffix":"inner"}},"wdio_ui5_key":"applicationmanagesites-display-component---NewSite--addressDetailDetailsLanguage"}]}
RESULT: {"script":"<script> [1562 bytes]","args":[{"selector":{"id":"application-managesites-display-component---NewSite--addressDetailDetailsLanguage","interaction":{"idSuffix":"inner"}},"wdio_ui5_key":"applicationmanagesites-display-component---NewSite--addressDetailDetailsLanguage"}]}
RESULT: undefined
COMMAND: POST /session/eec783fecbf0a41fe1bd0e21c7a60bf8/execute/async - {"script":"<script> [776 bytes]","args":[{"enterText":"Romanian","selector":{"id":"application-managesites-display-component---NewSite--addressDetailDetailsLanguage","interaction":{"idSuffix":"inner"}},"clearTextFirst":true,"interactionType":"ENTER_TEXT"}]}
RESULT: {"script":"<script> [776 bytes]","args":[{"enterText":"Romanian","selector":{"id":"application-managesites-display-component---NewSite--addressDetailDetailsLanguage","interaction":{"idSuffix":"inner"}},"clearTextFirst":true,"interactionType":"ENTER_TEXT"}]}
COMMAND: POST /session/eec783fecbf0a41fe1bd0e21c7a60bf8/execute/async - {"script":"<script> [1562 bytes]","args":[{"selector":{"id":"application-managesites-display-component---NewSite--addressDetailDetailsCity1","interaction":{"idSuffix":"inner"}},"wdio_ui5_key":"applicationmanagesites-display-component---NewSite--addressDetailDetailsCity1"}]}
RESULT: {"script":"<script> [1562 bytes]","args":[{"selector":{"id":"application-managesites-display-component---NewSite--addressDetailDetailsCity1","interaction":{"idSuffix":"inner"}},"wdio_ui5_key":"applicationmanagesites-display-component---NewSite--addressDetailDetailsCity1"}]}
RESULT: undefined
COMMAND: POST /session/eec783fecbf0a41fe1bd0e21c7a60bf8/execute/async - {"script":"<script> [776 bytes]","args":[{"enterText":"Bucharest","selector":{"id":"application-managesites-display-component---NewSite--addressDetailDetailsCity1","interaction":{"idSuffix":"inner"}},"clearTextFirst":true,"interactionType":"ENTER_TEXT"}]}
RESULT: {"script":"<script> [776 bytes]","args":[{"enterText":"Bucharest","selector":{"id":"application-managesites-display-component---NewSite--addressDetailDetailsCity1","interaction":{"idSuffix":"inner"}},"clearTextFirst":true,"interactionType":"ENTER_TEXT"}]}
COMMAND: POST /session/eec783fecbf0a41fe1bd0e21c7a60bf8/execute/async - {"script":"<script> [1562 bytes]","args":[{"selector":{"id":"application-managesites-display-component---NewSite--addressDetailDetailsCountry","interaction":{"idSuffix":"inner"}},"wdio_ui5_key":"applicationmanagesites-display-component---NewSite--addressDetailDetailsCountry"}]}
RESULT: {"script":"<script> [1562 bytes]","args":[{"selector":{"id":"application-managesites-display-component---NewSite--addressDetailDetailsCountry","interaction":{"idSuffix":"inner"}},"wdio_ui5_key":"applicationmanagesites-display-component---NewSite--addressDetailDetailsCountry"}]}
RESULT: undefined
COMMAND: POST /session/eec783fecbf0a41fe1bd0e21c7a60bf8/execute/async - {"script":"<script> [776 bytes]","args":[{"enterText":"Romania","selector":{"id":"application-managesites-display-component---NewSite--addressDetailDetailsCountry","interaction":{"idSuffix":"inner"}},"clearTextFirst":true,"interactionType":"ENTER_TEXT"}]}
RESULT: {"script":"<script> [776 bytes]","args":[{"enterText":"Romania","selector":{"id":"application-managesites-display-component---NewSite--addressDetailDetailsCountry","interaction":{"idSuffix":"inner"}},"clearTextFirst":true,"interactionType":"ENTER_TEXT"}]}
COMMAND: POST /session/eec783fecbf0a41fe1bd0e21c7a60bf8/element - {"using":"css selector","value":"#application-managesites-display-component---NewSite--addressDetailDetailsCalendar-inner"}
RESULT: {"using":"css selector","value":"#application-managesites-display-component---NewSite--addressDetailDetailsCalendar-inner"}
COMMAND: POST /session/eec783fecbf0a41fe1bd0e21c7a60bf8/element/f.C6480B129F3E0D11095D72FF7684A092.d.4B52D6D557ADC76C319353EE3710D7E0.e.2073/clear - {}
RESULT: {}
COMMAND: POST /session/eec783fecbf0a41fe1bd0e21c7a60bf8/element/f.C6480B129F3E0D11095D72FF7684A092.d.4B52D6D557ADC76C319353EE3710D7E0.e.2073/value - {"text":"Germany"}
COMMAND: GET /session/eec783fecbf0a41fe1bd0e21c7a60bf8/screenshot - {}
RESULT: {"text":"Germany"}
COMMAND: POST /session/eec783fecbf0a41fe1bd0e21c7a60bf8/execute/async - {"script":"<script> [1562 bytes]","args":[{"selector":{"id":"application-managesites-display-component---NewSite--addressEditDetailsCostObjectCstType-arrow"},"wdio_ui5_key":"applicationmanagesites-display-component---NewSite--addressEditDetailsCostObjectCstType-arrow"}]}
COMMAND: GET /session/eec783fecbf0a41fe1bd0e21c7a60bf8/screenshot - {}
RESULT: {}
RESULT: {"script":"<script> [1562 bytes]","args":[{"selector":{"id":"application-managesites-display-component---NewSite--addressEditDetailsCostObjectCstType-arrow"},"wdio_ui5_key":"applicationmanagesites-display-component---NewSite--addressEditDetailsCostObjectCstType-arrow"}]}
RESULT: undefined
COMMAND: POST /session/eec783fecbf0a41fe1bd0e21c7a60bf8/element - {"using":"xpath","value":"//*[@id=\"application-managesites-display-component---NewSite--addressEditDetailsCostObjectCstType-arrow\"]"}
RESULT: {}
RESULT: {"using":"xpath","value":"//*[@id=\"application-managesites-display-component---NewSite--addressEditDetailsCostObjectCstType-arrow\"]"}
COMMAND: POST /session/eec783fecbf0a41fe1bd0e21c7a60bf8/element/f.C6480B129F3E0D11095D72FF7684A092.d.4B52D6D557ADC76C319353EE3710D7E0.e.2272/click - {}
RESULT: {}
COMMAND: POST /session/eec783fecbf0a41fe1bd0e21c7a60bf8/element - {"using":"xpath","value":"//span[contains(text(), \"Work Breakdown Structure\")]"}
COMMAND: GET /session/eec783fecbf0a41fe1bd0e21c7a60bf8/screenshot - {}
RESULT: {"using":"xpath","value":"//span[contains(text(), \"Work Breakdown Structure\")]"}
COMMAND: POST /session/eec783fecbf0a41fe1bd0e21c7a60bf8/element/f.C6480B129F3E0D11095D72FF7684A092.d.4B52D6D557ADC76C319353EE3710D7E0.e.2273/click - {}
RESULT: {}
RESULT: {}
COMMAND: GET /session/eec783fecbf0a41fe1bd0e21c7a60bf8/screenshot - {}
RESULT: {}
COMMAND: POST /session/eec783fecbf0a41fe1bd0e21c7a60bf8/execute/async - {"script":"<script> [1562 bytes]","args":[{"selector":{"id":"application-managesites-display-component---NewSite--addressNewCostObjectCstID-vhi"},"wdio_ui5_key":"applicationmanagesites-display-component---NewSite--addressNewCostObjectCstID-vhi"}]}
RESULT: {"script":"<script> [1562 bytes]","args":[{"selector":{"id":"application-managesites-display-component---NewSite--addressNewCostObjectCstID-vhi"},"wdio_ui5_key":"applicationmanagesites-display-component---NewSite--addressNewCostObjectCstID-vhi"}]}
RESULT: undefined
COMMAND: POST /session/eec783fecbf0a41fe1bd0e21c7a60bf8/element - {"using":"xpath","value":"//*[@id=\"application-managesites-display-component---NewSite--addressNewCostObjectCstID-vhi\"]"}
RESULT: {"using":"xpath","value":"//*[@id=\"application-managesites-display-component---NewSite--addressNewCostObjectCstID-vhi\"]"}
COMMAND: POST /session/eec783fecbf0a41fe1bd0e21c7a60bf8/element/f.C6480B129F3E0D11095D72FF7684A092.d.4B52D6D557ADC76C319353EE3710D7E0.e.2277/click - {}
RESULT: {}
COMMAND: GET /session/eec783fecbf0a41fe1bd0e21c7a60bf8/screenshot - {}
RESULT: {}
COMMAND: POST /session/eec783fecbf0a41fe1bd0e21c7a60bf8/execute/async - {"script":"<script> [1562 bytes]","args":[{"selector":{"controlType":"sap.m.SearchField","properties":{"placeholder":"Search"},"searchOpenDialogs":true,"interaction":{"idSuffix":"I"}},"wdio_ui5_key":"sapm.SearchField{\"placeholder\":\"Search\"}"}]}
RESULT: {"script":"<script> [1562 bytes]","args":[{"selector":{"controlType":"sap.m.SearchField","properties":{"placeholder":"Search"},"searchOpenDialogs":true,"interaction":{"idSuffix":"I"}},"wdio_ui5_key":"sapm.SearchField{\"placeholder\":\"Search\"}"}]}
RESULT: undefined
COMMAND: POST /session/eec783fecbf0a41fe1bd0e21c7a60bf8/execute/async - {"script":"<script> [776 bytes]","args":[{"enterText":"A1-000100-01","selector":{"controlType":"sap.m.SearchField","properties":{"placeholder":"Search"},"searchOpenDialogs":true,"interaction":{"idSuffix":"I"}},"clearTextFirst":true,"interactionType":"ENTER_TEXT"}]}
RESULT: {"script":"<script> [776 bytes]","args":[{"enterText":"A1-000100-01","selector":{"controlType":"sap.m.SearchField","properties":{"placeholder":"Search"},"searchOpenDialogs":true,"interaction":{"idSuffix":"I"}},"clearTextFirst":true,"interactionType":"ENTER_TEXT"}]}
COMMAND: POST /session/eec783fecbf0a41fe1bd0e21c7a60bf8/actions - {"actions":[{"id":"action3","type":"key","parameters":{},"actions":[{"type":"keyDown","value":""},{"type":"pause","duration":10},{"type":"keyUp","value":""}]}]}
RESULT: {"actions":[{"id":"action3","type":"key","parameters":{},"actions":[{"type":"keyDown","value":""},{"type":"pause","duration":10},{"type":"keyUp","value":""}]}]}
COMMAND: GET /session/eec783fecbf0a41fe1bd0e21c7a60bf8/screenshot - {}
RESULT: {}
COMMAND: POST /session/eec783fecbf0a41fe1bd0e21c7a60bf8/element - {"using":"xpath","value":"//span[contains(text(), \"Template for ETO-Process\")]"}
RESULT: {"using":"xpath","value":"//span[contains(text(), \"Template for ETO-Process\")]"}
COMMAND: POST /session/eec783fecbf0a41fe1bd0e21c7a60bf8/element/f.C6480B129F3E0D11095D72FF7684A092.d.4B52D6D557ADC76C319353EE3710D7E0.e.2297/click - {}
RESULT: {}
COMMAND: GET /session/eec783fecbf0a41fe1bd0e21c7a60bf8/screenshot - {}
RESULT: {}
COMMAND: POST /session/eec783fecbf0a41fe1bd0e21c7a60bf8/element - {"using":"xpath","value":"//bdi[contains(text(), \"OK\")]"}
RESULT: {"using":"xpath","value":"//bdi[contains(text(), \"OK\")]"}
COMMAND: POST /session/eec783fecbf0a41fe1bd0e21c7a60bf8/element/f.C6480B129F3E0D11095D72FF7684A092.d.4B52D6D557ADC76C319353EE3710D7E0.e.2298/click - {}
RESULT: {}
COMMAND: GET /session/eec783fecbf0a41fe1bd0e21c7a60bf8/screenshot - {}
RESULT: {}
COMMAND: POST /session/eec783fecbf0a41fe1bd0e21c7a60bf8/element - {"using":"xpath","value":"//input[@id=\"application-managesites-display-component---NewSite--addressDetailDetailsYard-inner\"]"}
RESULT: {"using":"xpath","value":"//input[@id=\"application-managesites-display-component---NewSite--addressDetailDetailsYard-inner\"]"}
COMMAND: POST /session/eec783fecbf0a41fe1bd0e21c7a60bf8/element/f.C6480B129F3E0D11095D72FF7684A092.d.4B52D6D557ADC76C319353EE3710D7E0.e.2074/value - {"text":"WebdriverYardbtbkq"}
RESULT: {"text":"WebdriverYardbtbkq"}
COMMAND: GET /session/eec783fecbf0a41fe1bd0e21c7a60bf8/screenshot - {}
RESULT: {}
COMMAND: POST /session/eec783fecbf0a41fe1bd0e21c7a60bf8/actions - {"actions":[{"id":"action4","type":"key","parameters":{},"actions":[{"type":"keyDown","value":""},{"type":"pause","duration":10},{"type":"keyUp","value":""}]}]}
RESULT: {"actions":[{"id":"action4","type":"key","parameters":{},"actions":[{"type":"keyDown","value":""},{"type":"pause","duration":10},{"type":"keyUp","value":""}]}]}
COMMAND: GET /session/eec783fecbf0a41fe1bd0e21c7a60bf8/screenshot - {}
RESULT: {}
COMMAND: POST /session/eec783fecbf0a41fe1bd0e21c7a60bf8/element - {"using":"xpath","value":"//input[@id=\"application-managesites-display-component---NewSite--addressDetailDetailsPartner-inner\"]"}
RESULT: {"using":"xpath","value":"//input[@id=\"application-managesites-display-component---NewSite--addressDetailDetailsPartner-inner\"]"}
COMMAND: POST /session/eec783fecbf0a41fe1bd0e21c7a60bf8/elements - {"using":"xpath","value":"//input[@id=\"application-managesites-display-component---NewSite--addressDetailDetailsPartner-inner\"]"}
RESULT: {"using":"xpath","value":"//input[@id=\"application-managesites-display-component---NewSite--addressDetailDetailsPartner-inner\"]"}
COMMAND: POST /session/eec783fecbf0a41fe1bd0e21c7a60bf8/execute/async - {"script":"<script> [1562 bytes]","args":[{"selector":{"controlType":"sap.m.Button","viewName":"etm.portal.ui.managesites.view.NewSmartSite","viewId":"application-managesites-display-component---NewSite","properties":{"text":"Commercial"},"interaction":{"idSuffix":"BDI-content"}},"wdio_ui5_key":"etmportal.ui.managesites.view.NewSmartSitesap.m.Button{\"text\":\"Commercial\"}"}]}
RESULT: {"script":"<script> [1562 bytes]","args":[{"selector":{"controlType":"sap.m.Button","viewName":"etm.portal.ui.managesites.view.NewSmartSite","viewId":"application-managesites-display-component---NewSite","properties":{"text":"Commercial"},"interaction":{"idSuffix":"BDI-content"}},"wdio_ui5_key":"etmportal.ui.managesites.view.NewSmartSitesap.m.Button{\"text\":\"Commercial\"}"}]}
RESULT: undefined
COMMAND: POST /session/eec783fecbf0a41fe1bd0e21c7a60bf8/element - {"using":"xpath","value":"//*[@id=\"application-managesites-display-component---NewSite--ObjectPageLayout-anchBar-__section31-anchor\"]"}
RESULT: {"using":"xpath","value":"//*[@id=\"application-managesites-display-component---NewSite--ObjectPageLayout-anchBar-__section31-anchor\"]"}
COMMAND: POST /session/eec783fecbf0a41fe1bd0e21c7a60bf8/element/f.C6480B129F3E0D11095D72FF7684A092.d.4B52D6D557ADC76C319353EE3710D7E0.e.2305/click - {}
RESULT: {}
COMMAND: POST /session/eec783fecbf0a41fe1bd0e21c7a60bf8/execute/async - {"script":"<script> [1562 bytes]","args":[{"selector":{"controlType":"sap.m.Button","viewName":"etm.portal.ui.managesites.view.NewSmartSite","viewId":"application-managesites-display-component---NewSite","i18NText":{"propertyName":"text","key":"save"},"interaction":{"idSuffix":"BDI-content"}},"wdio_ui5_key":"etmportal.ui.managesites.view.NewSmartSitesap.m.Button{\"propertyName\":\"text\",\"key\":\"save\"}"}]}
COMMAND: GET /session/eec783fecbf0a41fe1bd0e21c7a60bf8/screenshot - {}
RESULT: {"script":"<script> [1562 bytes]","args":[{"selector":{"controlType":"sap.m.Button","viewName":"etm.portal.ui.managesites.view.NewSmartSite","viewId":"application-managesites-display-component---NewSite","i18NText":{"propertyName":"text","key":"save"},"interaction":{"idSuffix":"BDI-content"}},"wdio_ui5_key":"etmportal.ui.managesites.view.NewSmartSitesap.m.Button{\"propertyName\":\"text\",\"key\":\"save\"}"}]}
RESULT: undefined
COMMAND: POST /session/eec783fecbf0a41fe1bd0e21c7a60bf8/element - {"using":"xpath","value":"//*[@id=\"__button64\"]"}
RESULT: {}
RESULT: {"using":"xpath","value":"//*[@id=\"__button64\"]"}
COMMAND: POST /session/eec783fecbf0a41fe1bd0e21c7a60bf8/element/f.C6480B129F3E0D11095D72FF7684A092.d.4B52D6D557ADC76C319353EE3710D7E0.e.2251/click - {}
RESULT: {}
COMMAND: GET /session/eec783fecbf0a41fe1bd0e21c7a60bf8/screenshot - {}
RESULT: {}
COMMAND: POST /session/eec783fecbf0a41fe1bd0e21c7a60bf8/execute/async - {"script":"<script> [1562 bytes]","args":[{"selector":{"id":"application-managesites-display-component---detailSite--addressDetailDetailsYardText"},"wdio_ui5_key":"applicationmanagesites-display-component---detailSite--addressDetailDetailsYardText"}]}
RESULT: {"script":"<script> [1562 bytes]","args":[{"selector":{"id":"application-managesites-display-component---detailSite--addressDetailDetailsYardText"},"wdio_ui5_key":"applicationmanagesites-display-component---detailSite--addressDetailDetailsYardText"}]}
RESULT: undefined
COMMAND: POST /session/eec783fecbf0a41fe1bd0e21c7a60bf8/element - {"using":"xpath","value":"//header/div/div[2]/div[2]/span"}
RESULT: {"using":"xpath","value":"//header/div/div[2]/div[2]/span"}
COMMAND: GET /session/eec783fecbf0a41fe1bd0e21c7a60bf8/element/f.C6480B129F3E0D11095D72FF7684A092.d.4B52D6D557ADC76C319353EE3710D7E0.e.2506/text - {}
RESULT: {}
COMMAND: POST /session/eec783fecbf0a41fe1bd0e21c7a60bf8/element - {"using":"xpath","value":"//header/div/div/div/div/div/div[2]/div/span"}
RESULT: {"using":"xpath","value":"//header/div/div/div/div/div/div[2]/div/span"}
COMMAND: GET /session/eec783fecbf0a41fe1bd0e21c7a60bf8/element/f.C6480B129F3E0D11095D72FF7684A092.d.4B52D6D557ADC76C319353EE3710D7E0.e.2507/text - {}
RESULT: {}
COMMAND: POST /session/eec783fecbf0a41fe1bd0e21c7a60bf8/element - {"using":"css selector","value":"#shell-header-logo"}
RESULT: {"using":"css selector","value":"#shell-header-logo"}
COMMAND: POST /session/eec783fecbf0a41fe1bd0e21c7a60bf8/element/f.C6480B129F3E0D11095D72FF7684A092.d.4B52D6D557ADC76C319353EE3710D7E0.e.1829/click - {}
RESULT: {}
COMMAND: GET /session/eec783fecbf0a41fe1bd0e21c7a60bf8/screenshot - {}
RESULT: {}
]]></system-out>
    </testcase>
    <testcase classname="chrome.136_0_7103_93.windows.Standard_contract_-_add_contract_items_by_Insert_Request_US118222" name="Should create 2 new resources and a catalog item" time="387.233">
      <system-out><![CDATA[
COMMAND: POST /session/eec783fecbf0a41fe1bd0e21c7a60bf8/execute/async - {"script":"<script> [1562 bytes]","args":[{"selector":{"controlType":"sap.m.GenericTile","properties":{"header":"Manage Resources"}},"wdio_ui5_key":"sapm.GenericTile{\"header\":\"Manage Resources\"}"}]}
RESULT: {"script":"<script> [1562 bytes]","args":[{"selector":{"controlType":"sap.m.GenericTile","properties":{"header":"Manage Resources"}},"wdio_ui5_key":"sapm.GenericTile{\"header\":\"Manage Resources\"}"}]}
RESULT: undefined
COMMAND: POST /session/eec783fecbf0a41fe1bd0e21c7a60bf8/element - {"using":"xpath","value":"//*[@id=\"__tile39\"]"}
RESULT: {"using":"xpath","value":"//*[@id=\"__tile39\"]"}
COMMAND: POST /session/eec783fecbf0a41fe1bd0e21c7a60bf8/element/f.C6480B129F3E0D11095D72FF7684A092.d.4B52D6D557ADC76C319353EE3710D7E0.e.2509/click - {}
RESULT: {}
COMMAND: GET /session/eec783fecbf0a41fe1bd0e21c7a60bf8/screenshot - {}
RESULT: {}
COMMAND: POST /session/eec783fecbf0a41fe1bd0e21c7a60bf8/elements - {"using":"xpath","value":"//span[text()='Error']"}
RESULT: {"using":"xpath","value":"//span[text()='Error']"}
COMMAND: POST /session/eec783fecbf0a41fe1bd0e21c7a60bf8/element - {"using":"xpath","value":"//button[@data-kt=\"addNewRUOverflowToolbarButton\"]"}
RESULT: {"using":"xpath","value":"//button[@data-kt=\"addNewRUOverflowToolbarButton\"]"}
COMMAND: POST /session/eec783fecbf0a41fe1bd0e21c7a60bf8/execute/sync - {"script":"<script> [8489 bytes]","args":[{"element-6066-11e4-a52e-4f735466cecf":"f.C6480B129F3E0D11095D72FF7684A092.d.4B52D6D557ADC76C319353EE3710D7E0.e.2552","ELEMENT":"f.C6480B129F3E0D11095D72FF7684A092.d.4B52D6D557ADC76C319353EE3710D7E0.e.2552"}]}
RESULT: {"script":"<script> [8489 bytes]","args":[{"element-6066-11e4-a52e-4f735466cecf":"f.C6480B129F3E0D11095D72FF7684A092.d.4B52D6D557ADC76C319353EE3710D7E0.e.2552","ELEMENT":"f.C6480B129F3E0D11095D72FF7684A092.d.4B52D6D557ADC76C319353EE3710D7E0.e.2552"}]}
COMMAND: POST /session/eec783fecbf0a41fe1bd0e21c7a60bf8/element/f.C6480B129F3E0D11095D72FF7684A092.d.4B52D6D557ADC76C319353EE3710D7E0.e.2552/click - {}
COMMAND: GET /session/eec783fecbf0a41fe1bd0e21c7a60bf8/screenshot - {}
RESULT: {}
COMMAND: POST /session/eec783fecbf0a41fe1bd0e21c7a60bf8/execute/async - {"script":"<script> [1562 bytes]","args":[{"selector":{"id":"application-manageresources-display-component---newResourceUnit--TYPE-arrow"},"wdio_ui5_key":"applicationmanageresources-display-component---newResourceUnit--TYPE-arrow"}]}
COMMAND: GET /session/eec783fecbf0a41fe1bd0e21c7a60bf8/screenshot - {}
RESULT: {}
RESULT: {"script":"<script> [1562 bytes]","args":[{"selector":{"id":"application-manageresources-display-component---newResourceUnit--TYPE-arrow"},"wdio_ui5_key":"applicationmanageresources-display-component---newResourceUnit--TYPE-arrow"}]}
RESULT: undefined
COMMAND: POST /session/eec783fecbf0a41fe1bd0e21c7a60bf8/element - {"using":"xpath","value":"//*[@id=\"application-manageresources-display-component---newResourceUnit--TYPE-arrow\"]"}
RESULT: {}
RESULT: {"using":"xpath","value":"//*[@id=\"application-manageresources-display-component---newResourceUnit--TYPE-arrow\"]"}
COMMAND: POST /session/eec783fecbf0a41fe1bd0e21c7a60bf8/element/f.C6480B129F3E0D11095D72FF7684A092.d.4B52D6D557ADC76C319353EE3710D7E0.e.2879/click - {}
RESULT: {}
COMMAND: POST /session/eec783fecbf0a41fe1bd0e21c7a60bf8/execute/async - {"script":"<script> [1562 bytes]","args":[{"selector":{"controlType":"sap.m.StandardListItem","viewName":"reusables.view.manageresources.NewResourceUnit","viewId":"application-manageresources-display-component---newResourceUnit","properties":{"title":"Material"},"searchOpenDialogs":true,"interaction":{"idSuffix":"titleText"}},"wdio_ui5_key":"reusablesview.manageresources.NewResourceUnitsap.m.StandardListItem{\"title\":\"Material\"}"}]}
COMMAND: GET /session/eec783fecbf0a41fe1bd0e21c7a60bf8/screenshot - {}
RESULT: {"script":"<script> [1562 bytes]","args":[{"selector":{"controlType":"sap.m.StandardListItem","viewName":"reusables.view.manageresources.NewResourceUnit","viewId":"application-manageresources-display-component---newResourceUnit","properties":{"title":"Material"},"searchOpenDialogs":true,"interaction":{"idSuffix":"titleText"}},"wdio_ui5_key":"reusablesview.manageresources.NewResourceUnitsap.m.StandardListItem{\"title\":\"Material\"}"}]}
RESULT: undefined
COMMAND: POST /session/eec783fecbf0a41fe1bd0e21c7a60bf8/element - {"using":"xpath","value":"//*[@id=\"__item1042\"]"}
RESULT: {}
RESULT: {"using":"xpath","value":"//*[@id=\"__item1042\"]"}
COMMAND: POST /session/eec783fecbf0a41fe1bd0e21c7a60bf8/element/f.C6480B129F3E0D11095D72FF7684A092.d.4B52D6D557ADC76C319353EE3710D7E0.e.2882/click - {}
RESULT: {}
COMMAND: POST /session/eec783fecbf0a41fe1bd0e21c7a60bf8/execute/async - {"script":"<script> [1562 bytes]","args":[{"selector":{"id":"application-manageresources-display-component---newResourceUnit--SHORT_TEXT","interaction":{"idSuffix":"inner"}},"wdio_ui5_key":"applicationmanageresources-display-component---newResourceUnit--SHORT_TEXT"}]}
COMMAND: GET /session/eec783fecbf0a41fe1bd0e21c7a60bf8/screenshot - {}
RESULT: {"script":"<script> [1562 bytes]","args":[{"selector":{"id":"application-manageresources-display-component---newResourceUnit--SHORT_TEXT","interaction":{"idSuffix":"inner"}},"wdio_ui5_key":"applicationmanageresources-display-component---newResourceUnit--SHORT_TEXT"}]}
RESULT: undefined
COMMAND: POST /session/eec783fecbf0a41fe1bd0e21c7a60bf8/execute/async - {"script":"<script> [776 bytes]","args":[{"enterText":"WebdriverMatTest7r9di","selector":{"id":"application-manageresources-display-component---newResourceUnit--SHORT_TEXT","interaction":{"idSuffix":"inner"}},"clearTextFirst":true,"interactionType":"ENTER_TEXT"}]}
RESULT: {}
RESULT: {"script":"<script> [776 bytes]","args":[{"enterText":"WebdriverMatTest7r9di","selector":{"id":"application-manageresources-display-component---newResourceUnit--SHORT_TEXT","interaction":{"idSuffix":"inner"}},"clearTextFirst":true,"interactionType":"ENTER_TEXT"}]}
COMMAND: POST /session/eec783fecbf0a41fe1bd0e21c7a60bf8/execute/async - {"script":"<script> [1562 bytes]","args":[{"selector":{"id":"application-manageresources-display-component---newResourceUnit--BASE_UNIT_OF_MEASURE-arrow"},"wdio_ui5_key":"applicationmanageresources-display-component---newResourceUnit--BASE_UNIT_OF_MEASURE-arrow"}]}
RESULT: {"script":"<script> [1562 bytes]","args":[{"selector":{"id":"application-manageresources-display-component---newResourceUnit--BASE_UNIT_OF_MEASURE-arrow"},"wdio_ui5_key":"applicationmanageresources-display-component---newResourceUnit--BASE_UNIT_OF_MEASURE-arrow"}]}
RESULT: undefined
COMMAND: POST /session/eec783fecbf0a41fe1bd0e21c7a60bf8/element - {"using":"xpath","value":"//*[@id=\"application-manageresources-display-component---newResourceUnit--BASE_UNIT_OF_MEASURE-arrow\"]"}
RESULT: {"using":"xpath","value":"//*[@id=\"application-manageresources-display-component---newResourceUnit--BASE_UNIT_OF_MEASURE-arrow\"]"}
COMMAND: POST /session/eec783fecbf0a41fe1bd0e21c7a60bf8/element/f.C6480B129F3E0D11095D72FF7684A092.d.4B52D6D557ADC76C319353EE3710D7E0.e.3002/click - {}
RESULT: {}
COMMAND: POST /session/eec783fecbf0a41fe1bd0e21c7a60bf8/execute/async - {"script":"<script> [1562 bytes]","args":[{"selector":{"controlType":"sap.m.StandardListItem","viewName":"reusables.view.manageresources.NewResourceUnit","viewId":"application-manageresources-display-component---newResourceUnit","properties":{"title":"Piece"},"searchOpenDialogs":true,"interaction":{"idSuffix":"titleText"}},"wdio_ui5_key":"reusablesview.manageresources.NewResourceUnitsap.m.StandardListItem{\"title\":\"Piece\"}"}]}
COMMAND: GET /session/eec783fecbf0a41fe1bd0e21c7a60bf8/screenshot - {}
RESULT: {"script":"<script> [1562 bytes]","args":[{"selector":{"controlType":"sap.m.StandardListItem","viewName":"reusables.view.manageresources.NewResourceUnit","viewId":"application-manageresources-display-component---newResourceUnit","properties":{"title":"Piece"},"searchOpenDialogs":true,"interaction":{"idSuffix":"titleText"}},"wdio_ui5_key":"reusablesview.manageresources.NewResourceUnitsap.m.StandardListItem{\"title\":\"Piece\"}"}]}
RESULT: undefined
COMMAND: POST /session/eec783fecbf0a41fe1bd0e21c7a60bf8/element - {"using":"xpath","value":"//*[@id=\"__item1095\"]"}
RESULT: {}
RESULT: {"using":"xpath","value":"//*[@id=\"__item1095\"]"}
COMMAND: POST /session/eec783fecbf0a41fe1bd0e21c7a60bf8/element/f.C6480B129F3E0D11095D72FF7684A092.d.4B52D6D557ADC76C319353EE3710D7E0.e.3004/click - {}
RESULT: {}
COMMAND: POST /session/eec783fecbf0a41fe1bd0e21c7a60bf8/element - {"using":"xpath","value":"//input[contains(@id ,\"application-manageresources-display-component---newResourceUnit--SHORT_TEXT-inner\")]"}
COMMAND: GET /session/eec783fecbf0a41fe1bd0e21c7a60bf8/screenshot - {}
RESULT: {"using":"xpath","value":"//input[contains(@id ,\"application-manageresources-display-component---newResourceUnit--SHORT_TEXT-inner\")]"}
COMMAND: GET /session/eec783fecbf0a41fe1bd0e21c7a60bf8/element/f.C6480B129F3E0D11095D72FF7684A092.d.4B52D6D557ADC76C319353EE3710D7E0.e.2899/property/value - {}
RESULT: {}
RESULT: {}
COMMAND: POST /session/eec783fecbf0a41fe1bd0e21c7a60bf8/execute/async - {"script":"<script> [1562 bytes]","args":[{"selector":{"id":"application-manageresources-display-component---newResourceUnit--WEIGHT_UNIT-arrow"},"wdio_ui5_key":"applicationmanageresources-display-component---newResourceUnit--WEIGHT_UNIT-arrow"}]}
COMMAND: GET /session/eec783fecbf0a41fe1bd0e21c7a60bf8/screenshot - {}
RESULT: {"script":"<script> [1562 bytes]","args":[{"selector":{"id":"application-manageresources-display-component---newResourceUnit--WEIGHT_UNIT-arrow"},"wdio_ui5_key":"applicationmanageresources-display-component---newResourceUnit--WEIGHT_UNIT-arrow"}]}
RESULT: undefined
COMMAND: POST /session/eec783fecbf0a41fe1bd0e21c7a60bf8/element - {"using":"xpath","value":"//*[@id=\"application-manageresources-display-component---newResourceUnit--WEIGHT_UNIT-arrow\"]"}
RESULT: {}
RESULT: {"using":"xpath","value":"//*[@id=\"application-manageresources-display-component---newResourceUnit--WEIGHT_UNIT-arrow\"]"}
COMMAND: POST /session/eec783fecbf0a41fe1bd0e21c7a60bf8/element/f.C6480B129F3E0D11095D72FF7684A092.d.4B52D6D557ADC76C319353EE3710D7E0.e.3005/click - {}
RESULT: {}
COMMAND: POST /session/eec783fecbf0a41fe1bd0e21c7a60bf8/execute/async - {"script":"<script> [1562 bytes]","args":[{"selector":{"controlType":"sap.m.StandardListItem","viewName":"reusables.view.manageresources.NewResourceUnit","viewId":"application-manageresources-display-component---newResourceUnit","properties":{"title":"Gram"},"searchOpenDialogs":true,"interaction":{"idSuffix":"content"}},"wdio_ui5_key":"reusablesview.manageresources.NewResourceUnitsap.m.StandardListItem{\"title\":\"Gram\"}"}]}
COMMAND: GET /session/eec783fecbf0a41fe1bd0e21c7a60bf8/screenshot - {}
RESULT: {"script":"<script> [1562 bytes]","args":[{"selector":{"controlType":"sap.m.StandardListItem","viewName":"reusables.view.manageresources.NewResourceUnit","viewId":"application-manageresources-display-component---newResourceUnit","properties":{"title":"Gram"},"searchOpenDialogs":true,"interaction":{"idSuffix":"content"}},"wdio_ui5_key":"reusablesview.manageresources.NewResourceUnitsap.m.StandardListItem{\"title\":\"Gram\"}"}]}
RESULT: undefined
COMMAND: POST /session/eec783fecbf0a41fe1bd0e21c7a60bf8/element - {"using":"xpath","value":"//*[@id=\"__item1160\"]"}
RESULT: {}
RESULT: {"using":"xpath","value":"//*[@id=\"__item1160\"]"}
COMMAND: POST /session/eec783fecbf0a41fe1bd0e21c7a60bf8/element/f.C6480B129F3E0D11095D72FF7684A092.d.4B52D6D557ADC76C319353EE3710D7E0.e.3007/click - {}
RESULT: {}
COMMAND: POST /session/eec783fecbf0a41fe1bd0e21c7a60bf8/execute/async - {"script":"<script> [1562 bytes]","args":[{"selector":{"id":"application-manageresources-display-component---newResourceUnit--newRRUPage-OPHeaderContent-collapseBtn-img"},"wdio_ui5_key":"applicationmanageresources-display-component---newResourceUnit--newRRUPage-OPHeaderContent-collapseBtn-img"}]}
COMMAND: GET /session/eec783fecbf0a41fe1bd0e21c7a60bf8/screenshot - {}
RESULT: {"script":"<script> [1562 bytes]","args":[{"selector":{"id":"application-manageresources-display-component---newResourceUnit--newRRUPage-OPHeaderContent-collapseBtn-img"},"wdio_ui5_key":"applicationmanageresources-display-component---newResourceUnit--newRRUPage-OPHeaderContent-collapseBtn-img"}]}
RESULT: undefined
COMMAND: POST /session/eec783fecbf0a41fe1bd0e21c7a60bf8/element - {"using":"xpath","value":"//*[@id=\"application-manageresources-display-component---newResourceUnit--newRRUPage-OPHeaderContent-collapseBtn-img\"]"}
RESULT: {}
RESULT: {"using":"xpath","value":"//*[@id=\"application-manageresources-display-component---newResourceUnit--newRRUPage-OPHeaderContent-collapseBtn-img\"]"}
COMMAND: POST /session/eec783fecbf0a41fe1bd0e21c7a60bf8/element/f.C6480B129F3E0D11095D72FF7684A092.d.4B52D6D557ADC76C319353EE3710D7E0.e.2889/click - {}
RESULT: {}
COMMAND: GET /session/eec783fecbf0a41fe1bd0e21c7a60bf8/screenshot - {}
RESULT: {}
COMMAND: POST /session/eec783fecbf0a41fe1bd0e21c7a60bf8/element - {"using":"xpath","value":"(//span[contains(@id ,\"application-manageresources-display-component---newResourceUnit--DIMENSION_UNIT-arrow\")])[1]"}
RESULT: {"using":"xpath","value":"(//span[contains(@id ,\"application-manageresources-display-component---newResourceUnit--DIMENSION_UNIT-arrow\")])[1]"}
COMMAND: POST /session/eec783fecbf0a41fe1bd0e21c7a60bf8/element/f.C6480B129F3E0D11095D72FF7684A092.d.4B52D6D557ADC76C319353EE3710D7E0.e.3011/click - {}
RESULT: {}
COMMAND: GET /session/eec783fecbf0a41fe1bd0e21c7a60bf8/screenshot - {}
RESULT: {}
COMMAND: POST /session/eec783fecbf0a41fe1bd0e21c7a60bf8/execute/async - {"script":"<script> [1562 bytes]","args":[{"selector":{"controlType":"sap.m.StandardListItem","viewName":"reusables.view.manageresources.NewResourceUnit","viewId":"application-manageresources-display-component---newResourceUnit","properties":{"title":"Centimeter"},"searchOpenDialogs":true,"interaction":{"idSuffix":"titleText"}},"wdio_ui5_key":"reusablesview.manageresources.NewResourceUnitsap.m.StandardListItem{\"title\":\"Centimeter\"}"}]}
RESULT: {"script":"<script> [1562 bytes]","args":[{"selector":{"controlType":"sap.m.StandardListItem","viewName":"reusables.view.manageresources.NewResourceUnit","viewId":"application-manageresources-display-component---newResourceUnit","properties":{"title":"Centimeter"},"searchOpenDialogs":true,"interaction":{"idSuffix":"titleText"}},"wdio_ui5_key":"reusablesview.manageresources.NewResourceUnitsap.m.StandardListItem{\"title\":\"Centimeter\"}"}]}
RESULT: undefined
COMMAND: POST /session/eec783fecbf0a41fe1bd0e21c7a60bf8/element - {"using":"xpath","value":"//*[@id=\"__item1163\"]"}
RESULT: {"using":"xpath","value":"//*[@id=\"__item1163\"]"}
COMMAND: POST /session/eec783fecbf0a41fe1bd0e21c7a60bf8/element/f.C6480B129F3E0D11095D72FF7684A092.d.4B52D6D557ADC76C319353EE3710D7E0.e.3015/click - {}
RESULT: {}
COMMAND: POST /session/eec783fecbf0a41fe1bd0e21c7a60bf8/execute/async - {"script":"<script> [1562 bytes]","args":[{"selector":{"id":"application-manageresources-display-component---newResourceUnit--newRRUPage-anchBar-application-manageresources-display-component---newResourceUnit--reference-anchor","interaction":{"idSuffix":"BDI-content"}},"wdio_ui5_key":"applicationmanageresources-display-component---newResourceUnit--newRRUPage-anchBar-application-manageresources-display-component---newResourceUnit--reference-anchor"}]}
COMMAND: GET /session/eec783fecbf0a41fe1bd0e21c7a60bf8/screenshot - {}
RESULT: {"script":"<script> [1562 bytes]","args":[{"selector":{"id":"application-manageresources-display-component---newResourceUnit--newRRUPage-anchBar-application-manageresources-display-component---newResourceUnit--reference-anchor","interaction":{"idSuffix":"BDI-content"}},"wdio_ui5_key":"applicationmanageresources-display-component---newResourceUnit--newRRUPage-anchBar-application-manageresources-display-component---newResourceUnit--reference-anchor"}]}
RESULT: undefined
COMMAND: POST /session/eec783fecbf0a41fe1bd0e21c7a60bf8/element - {"using":"xpath","value":"//*[@id=\"application-manageresources-display-component---newResourceUnit--newRRUPage-anchBar-application-manageresources-display-component---newResourceUnit--reference-anchor\"]"}
RESULT: {}
RESULT: {"using":"xpath","value":"//*[@id=\"application-manageresources-display-component---newResourceUnit--newRRUPage-anchBar-application-manageresources-display-component---newResourceUnit--reference-anchor\"]"}
COMMAND: POST /session/eec783fecbf0a41fe1bd0e21c7a60bf8/element/f.C6480B129F3E0D11095D72FF7684A092.d.4B52D6D557ADC76C319353EE3710D7E0.e.3017/click - {}
RESULT: {}
COMMAND: POST /session/eec783fecbf0a41fe1bd0e21c7a60bf8/execute/async - {"script":"<script> [1562 bytes]","args":[{"selector":{"id":"application-manageresources-display-component---newResourceUnit--PLANNING_GROUP-arrow"},"wdio_ui5_key":"applicationmanageresources-display-component---newResourceUnit--PLANNING_GROUP-arrow"}]}
COMMAND: GET /session/eec783fecbf0a41fe1bd0e21c7a60bf8/screenshot - {}
RESULT: {"script":"<script> [1562 bytes]","args":[{"selector":{"id":"application-manageresources-display-component---newResourceUnit--PLANNING_GROUP-arrow"},"wdio_ui5_key":"applicationmanageresources-display-component---newResourceUnit--PLANNING_GROUP-arrow"}]}
RESULT: undefined
COMMAND: POST /session/eec783fecbf0a41fe1bd0e21c7a60bf8/element - {"using":"xpath","value":"//*[@id=\"application-manageresources-display-component---newResourceUnit--PLANNING_GROUP-arrow\"]"}
RESULT: {}
RESULT: {"using":"xpath","value":"//*[@id=\"application-manageresources-display-component---newResourceUnit--PLANNING_GROUP-arrow\"]"}
COMMAND: POST /session/eec783fecbf0a41fe1bd0e21c7a60bf8/element/f.C6480B129F3E0D11095D72FF7684A092.d.4B52D6D557ADC76C319353EE3710D7E0.e.3023/click - {}
RESULT: {}
COMMAND: POST /session/eec783fecbf0a41fe1bd0e21c7a60bf8/execute/async - {"script":"<script> [1562 bytes]","args":[{"selector":{"controlType":"sap.m.StandardListItem","viewName":"reusables.view.manageresources.NewResourceUnit","viewId":"application-manageresources-display-component---newResourceUnit","properties":{"title":"Heavy Equi"},"searchOpenDialogs":true,"interaction":{"idSuffix":"content"}},"wdio_ui5_key":"reusablesview.manageresources.NewResourceUnitsap.m.StandardListItem{\"title\":\"Heavy Equi\"}"}]}
COMMAND: GET /session/eec783fecbf0a41fe1bd0e21c7a60bf8/screenshot - {}
RESULT: {"script":"<script> [1562 bytes]","args":[{"selector":{"controlType":"sap.m.StandardListItem","viewName":"reusables.view.manageresources.NewResourceUnit","viewId":"application-manageresources-display-component---newResourceUnit","properties":{"title":"Heavy Equi"},"searchOpenDialogs":true,"interaction":{"idSuffix":"content"}},"wdio_ui5_key":"reusablesview.manageresources.NewResourceUnitsap.m.StandardListItem{\"title\":\"Heavy Equi\"}"}]}
RESULT: undefined
COMMAND: POST /session/eec783fecbf0a41fe1bd0e21c7a60bf8/element - {"using":"xpath","value":"//*[@id=\"__item1171\"]"}
RESULT: {}
RESULT: {"using":"xpath","value":"//*[@id=\"__item1171\"]"}
COMMAND: POST /session/eec783fecbf0a41fe1bd0e21c7a60bf8/element/f.C6480B129F3E0D11095D72FF7684A092.d.4B52D6D557ADC76C319353EE3710D7E0.e.3025/click - {}
RESULT: {}
COMMAND: GET /session/eec783fecbf0a41fe1bd0e21c7a60bf8/screenshot - {}
RESULT: {}
COMMAND: POST /session/eec783fecbf0a41fe1bd0e21c7a60bf8/execute/async - {"script":"<script> [1562 bytes]","args":[{"selector":{"id":"application-manageresources-display-component---newResourceUnit--PLANNING_INDICATOR-arrow"},"wdio_ui5_key":"applicationmanageresources-display-component---newResourceUnit--PLANNING_INDICATOR-arrow"}]}
RESULT: {"script":"<script> [1562 bytes]","args":[{"selector":{"id":"application-manageresources-display-component---newResourceUnit--PLANNING_INDICATOR-arrow"},"wdio_ui5_key":"applicationmanageresources-display-component---newResourceUnit--PLANNING_INDICATOR-arrow"}]}
RESULT: undefined
COMMAND: POST /session/eec783fecbf0a41fe1bd0e21c7a60bf8/element - {"using":"xpath","value":"//*[@id=\"application-manageresources-display-component---newResourceUnit--PLANNING_INDICATOR-arrow\"]"}
RESULT: {"using":"xpath","value":"//*[@id=\"application-manageresources-display-component---newResourceUnit--PLANNING_INDICATOR-arrow\"]"}
COMMAND: POST /session/eec783fecbf0a41fe1bd0e21c7a60bf8/element/f.C6480B129F3E0D11095D72FF7684A092.d.4B52D6D557ADC76C319353EE3710D7E0.e.3026/click - {}
RESULT: {}
COMMAND: POST /session/eec783fecbf0a41fe1bd0e21c7a60bf8/execute/async - {"script":"<script> [1562 bytes]","args":[{"selector":{"controlType":"sap.m.StandardListItem","viewName":"reusables.view.manageresources.NewResourceUnit","viewId":"application-manageresources-display-component---newResourceUnit","properties":{"title":"10 - infinite"},"searchOpenDialogs":true,"interaction":{"idSuffix":"content"}},"wdio_ui5_key":"reusablesview.manageresources.NewResourceUnitsap.m.StandardListItem{\"title\":\"10 - infinite\"}"}]}
COMMAND: GET /session/eec783fecbf0a41fe1bd0e21c7a60bf8/screenshot - {}
RESULT: {"script":"<script> [1562 bytes]","args":[{"selector":{"controlType":"sap.m.StandardListItem","viewName":"reusables.view.manageresources.NewResourceUnit","viewId":"application-manageresources-display-component---newResourceUnit","properties":{"title":"10 - infinite"},"searchOpenDialogs":true,"interaction":{"idSuffix":"content"}},"wdio_ui5_key":"reusablesview.manageresources.NewResourceUnitsap.m.StandardListItem{\"title\":\"10 - infinite\"}"}]}
RESULT: undefined
COMMAND: POST /session/eec783fecbf0a41fe1bd0e21c7a60bf8/element - {"using":"xpath","value":"//*[@id=\"__item1181\"]"}
RESULT: {}
RESULT: {"using":"xpath","value":"//*[@id=\"__item1181\"]"}
COMMAND: POST /session/eec783fecbf0a41fe1bd0e21c7a60bf8/element/f.C6480B129F3E0D11095D72FF7684A092.d.4B52D6D557ADC76C319353EE3710D7E0.e.3028/click - {}
RESULT: {}
COMMAND: GET /session/eec783fecbf0a41fe1bd0e21c7a60bf8/screenshot - {}
RESULT: {}
COMMAND: POST /session/eec783fecbf0a41fe1bd0e21c7a60bf8/element - {"using":"xpath","value":"//bdi[contains(text(), \"Time Segment\")]"}
RESULT: {"using":"xpath","value":"//bdi[contains(text(), \"Time Segment\")]"}
COMMAND: GET /session/eec783fecbf0a41fe1bd0e21c7a60bf8/element/f.C6480B129F3E0D11095D72FF7684A092.d.4B52D6D557ADC76C319353EE3710D7E0.e.3029/rect - {}
RESULT: {}
COMMAND: GET /session/eec783fecbf0a41fe1bd0e21c7a60bf8/window/rect - {}
RESULT: {}
COMMAND: POST /session/eec783fecbf0a41fe1bd0e21c7a60bf8/execute/sync - {"script":"<script> [92 bytes]","args":[]}
RESULT: {"script":"<script> [92 bytes]","args":[]}
COMMAND: POST /session/eec783fecbf0a41fe1bd0e21c7a60bf8/actions - {"actions":[{"id":"action5","type":"wheel","parameters":{},"actions":[{"type":"scroll","x":-1820,"y":-21,"deltaX":0,"deltaY":0,"duration":0,"origin":{"element-6066-11e4-a52e-4f735466cecf":"f.C6480B129F3E0D11095D72FF7684A092.d.4B52D6D557ADC76C319353EE3710D7E0.e.3029"}}]}]}
COMMAND: GET /session/eec783fecbf0a41fe1bd0e21c7a60bf8/screenshot - {}
RESULT: {}
COMMAND: POST /session/eec783fecbf0a41fe1bd0e21c7a60bf8/execute/sync - {"script":"<script> [79 bytes]","args":[{"element-6066-11e4-a52e-4f735466cecf":"f.C6480B129F3E0D11095D72FF7684A092.d.4B52D6D557ADC76C319353EE3710D7E0.e.3029","ELEMENT":"f.C6480B129F3E0D11095D72FF7684A092.d.4B52D6D557ADC76C319353EE3710D7E0.e.3029"},{"block":"start","inline":"nearest"}]}
RESULT: {"script":"<script> [79 bytes]","args":[{"element-6066-11e4-a52e-4f735466cecf":"f.C6480B129F3E0D11095D72FF7684A092.d.4B52D6D557ADC76C319353EE3710D7E0.e.3029","ELEMENT":"f.C6480B129F3E0D11095D72FF7684A092.d.4B52D6D557ADC76C319353EE3710D7E0.e.3029"},{"block":"start","inline":"nearest"}]}
COMMAND: GET /session/eec783fecbf0a41fe1bd0e21c7a60bf8/screenshot - {}
RESULT: {}
COMMAND: POST /session/eec783fecbf0a41fe1bd0e21c7a60bf8/element - {"using":"xpath","value":"//span[@id=\"application-manageresources-display-component---newResourceUnit--btnAddTimeSegment-img\"]"}
RESULT: {"using":"xpath","value":"//span[@id=\"application-manageresources-display-component---newResourceUnit--btnAddTimeSegment-img\"]"}
COMMAND: POST /session/eec783fecbf0a41fe1bd0e21c7a60bf8/execute/sync - {"script":"<script> [8489 bytes]","args":[{"element-6066-11e4-a52e-4f735466cecf":"f.C6480B129F3E0D11095D72FF7684A092.d.4B52D6D557ADC76C319353EE3710D7E0.e.3032","ELEMENT":"f.C6480B129F3E0D11095D72FF7684A092.d.4B52D6D557ADC76C319353EE3710D7E0.e.3032"}]}
RESULT: {"script":"<script> [8489 bytes]","args":[{"element-6066-11e4-a52e-4f735466cecf":"f.C6480B129F3E0D11095D72FF7684A092.d.4B52D6D557ADC76C319353EE3710D7E0.e.3032","ELEMENT":"f.C6480B129F3E0D11095D72FF7684A092.d.4B52D6D557ADC76C319353EE3710D7E0.e.3032"}]}
COMMAND: POST /session/eec783fecbf0a41fe1bd0e21c7a60bf8/element/f.C6480B129F3E0D11095D72FF7684A092.d.4B52D6D557ADC76C319353EE3710D7E0.e.3032/click - {}
COMMAND: GET /session/eec783fecbf0a41fe1bd0e21c7a60bf8/screenshot - {}
RESULT: {}
COMMAND: GET /session/eec783fecbf0a41fe1bd0e21c7a60bf8/screenshot - {}
COMMAND: POST /session/eec783fecbf0a41fe1bd0e21c7a60bf8/element - {"using":"xpath","value":"//input[@id=\"application-manageresources-display-component---newResourceUnit--idRuTSAdmin-application-manageresources-display-component---newResourceUnit--RUTimeSegment-0-inner\"]"}
RESULT: {}
RESULT: {}
RESULT: {"using":"xpath","value":"//input[@id=\"application-manageresources-display-component---newResourceUnit--idRuTSAdmin-application-manageresources-display-component---newResourceUnit--RUTimeSegment-0-inner\"]"}
COMMAND: POST /session/eec783fecbf0a41fe1bd0e21c7a60bf8/element/f.C6480B129F3E0D11095D72FF7684A092.d.4B52D6D557ADC76C319353EE3710D7E0.e.3035/clear - {}
RESULT: {}
COMMAND: POST /session/eec783fecbf0a41fe1bd0e21c7a60bf8/element/f.C6480B129F3E0D11095D72FF7684A092.d.4B52D6D557ADC76C319353EE3710D7E0.e.3035/value - {"text":"WebdriverYardbtbkq"}
COMMAND: GET /session/eec783fecbf0a41fe1bd0e21c7a60bf8/screenshot - {}
RESULT: {"text":"WebdriverYardbtbkq"}
COMMAND: GET /session/eec783fecbf0a41fe1bd0e21c7a60bf8/screenshot - {}
RESULT: {}
RESULT: {}
COMMAND: POST /session/eec783fecbf0a41fe1bd0e21c7a60bf8/actions - {"actions":[{"id":"action6","type":"key","parameters":{},"actions":[{"type":"keyDown","value":""},{"type":"pause","duration":10},{"type":"keyUp","value":""}]}]}
RESULT: {"actions":[{"id":"action6","type":"key","parameters":{},"actions":[{"type":"keyDown","value":""},{"type":"pause","duration":10},{"type":"keyUp","value":""}]}]}
COMMAND: GET /session/eec783fecbf0a41fe1bd0e21c7a60bf8/screenshot - {}
RESULT: {}
COMMAND: POST /session/eec783fecbf0a41fe1bd0e21c7a60bf8/execute/async - {"script":"<script> [1562 bytes]","args":[{"selector":{"controlType":"sap.m.Button","viewName":"reusables.view.manageresources.NewResourceUnit","viewId":"application-manageresources-display-component---newResourceUnit","i18NText":{"propertyName":"tooltip","key":"save"},"interaction":{"idSuffix":"BDI-content"}},"wdio_ui5_key":"reusablesview.manageresources.NewResourceUnitsap.m.Button{\"propertyName\":\"tooltip\",\"key\":\"save\"}"}]}
RESULT: {"script":"<script> [1562 bytes]","args":[{"selector":{"controlType":"sap.m.Button","viewName":"reusables.view.manageresources.NewResourceUnit","viewId":"application-manageresources-display-component---newResourceUnit","i18NText":{"propertyName":"tooltip","key":"save"},"interaction":{"idSuffix":"BDI-content"}},"wdio_ui5_key":"reusablesview.manageresources.NewResourceUnitsap.m.Button{\"propertyName\":\"tooltip\",\"key\":\"save\"}"}]}
RESULT: undefined
COMMAND: POST /session/eec783fecbf0a41fe1bd0e21c7a60bf8/element - {"using":"xpath","value":"//*[@id=\"application-manageresources-display-component---newResourceUnit--createRuButton\"]"}
RESULT: {"using":"xpath","value":"//*[@id=\"application-manageresources-display-component---newResourceUnit--createRuButton\"]"}
COMMAND: POST /session/eec783fecbf0a41fe1bd0e21c7a60bf8/element/f.C6480B129F3E0D11095D72FF7684A092.d.4B52D6D557ADC76C319353EE3710D7E0.e.2895/click - {}
RESULT: {}
COMMAND: GET /session/eec783fecbf0a41fe1bd0e21c7a60bf8/screenshot - {}
RESULT: {}
COMMAND: POST /session/eec783fecbf0a41fe1bd0e21c7a60bf8/execute/async - {"script":"<script> [1562 bytes]","args":[{"selector":{"controlType":"sap.m.Title","properties":{"text":"Success"},"searchOpenDialogs":true},"wdio_ui5_key":"sapm.Title{\"text\":\"Success\"}"}]}
RESULT: {"script":"<script> [1562 bytes]","args":[{"selector":{"controlType":"sap.m.Title","properties":{"text":"Success"},"searchOpenDialogs":true},"wdio_ui5_key":"sapm.Title{\"text\":\"Success\"}"}]}
RESULT: undefined
COMMAND: POST /session/eec783fecbf0a41fe1bd0e21c7a60bf8/execute/async - {"script":"<script> [6424 bytes]","args":[{"element-6066-11e4-a52e-4f735466cecf":"f.C6480B129F3E0D11095D72FF7684A092.d.4B52D6D557ADC76C319353EE3710D7E0.e.3049"},"getText",[]]}
RESULT: {"script":"<script> [6424 bytes]","args":[{"element-6066-11e4-a52e-4f735466cecf":"f.C6480B129F3E0D11095D72FF7684A092.d.4B52D6D557ADC76C319353EE3710D7E0.e.3049"},"getText",[]]}
COMMAND: POST /session/eec783fecbf0a41fe1bd0e21c7a60bf8/element - {"using":"xpath","value":"//*[contains(@id, '__text') and (contains(text(), 'successfully created') or contains(., 'successfully created'))]"}
RESULT: {"using":"xpath","value":"//*[contains(@id, '__text') and (contains(text(), 'successfully created') or contains(., 'successfully created'))]"}
COMMAND: GET /session/eec783fecbf0a41fe1bd0e21c7a60bf8/element/f.C6480B129F3E0D11095D72FF7684A092.d.4B52D6D557ADC76C319353EE3710D7E0.e.3048/text - {}
RESULT: {}
COMMAND: POST /session/eec783fecbf0a41fe1bd0e21c7a60bf8/execute/async - {"script":"<script> [1562 bytes]","args":[{"selector":{"controlType":"sap.m.Button","properties":{"text":"Close"},"searchOpenDialogs":true,"interaction":{"idSuffix":"BDI-content"}},"wdio_ui5_key":"sapm.Button{\"text\":\"Close\"}"}]}
RESULT: {"script":"<script> [1562 bytes]","args":[{"selector":{"controlType":"sap.m.Button","properties":{"text":"Close"},"searchOpenDialogs":true,"interaction":{"idSuffix":"BDI-content"}},"wdio_ui5_key":"sapm.Button{\"text\":\"Close\"}"}]}
RESULT: undefined
COMMAND: POST /session/eec783fecbf0a41fe1bd0e21c7a60bf8/element - {"using":"xpath","value":"//*[@id=\"__mbox-btn-0\"]"}
RESULT: {"using":"xpath","value":"//*[@id=\"__mbox-btn-0\"]"}
COMMAND: POST /session/eec783fecbf0a41fe1bd0e21c7a60bf8/element/f.C6480B129F3E0D11095D72FF7684A092.d.4B52D6D557ADC76C319353EE3710D7E0.e.3046/click - {}
RESULT: {}
COMMAND: GET /session/eec783fecbf0a41fe1bd0e21c7a60bf8/screenshot - {}
RESULT: {}
COMMAND: POST /session/eec783fecbf0a41fe1bd0e21c7a60bf8/execute/async - {"script":"<script> [1562 bytes]","args":[{"selector":{"controlType":"sap.ui.core.Icon","viewName":"etm.portal.ui.manageresources.view.Detail","viewId":"application-manageresources-display-component---detailRU","properties":{"src":{"regex":{"source":"overflow"}}}},"wdio_ui5_key":"etmportal.ui.manageresources.view.Detailsap.ui.core.Icon{\"src\":{\"regex\":{\"source\":\"overflow\"}}}"}]}
RESULT: {"script":"<script> [1562 bytes]","args":[{"selector":{"controlType":"sap.ui.core.Icon","viewName":"etm.portal.ui.manageresources.view.Detail","viewId":"application-manageresources-display-component---detailRU","properties":{"src":{"regex":{"source":"overflow"}}}},"wdio_ui5_key":"etmportal.ui.manageresources.view.Detailsap.ui.core.Icon{\"src\":{\"regex\":{\"source\":\"overflow\"}}}"}]}
RESULT: undefined
COMMAND: POST /session/eec783fecbf0a41fe1bd0e21c7a60bf8/element - {"using":"xpath","value":"//*[@id=\"__title36-_actionsToolbar-overflowButton-img\"]"}
RESULT: {"using":"xpath","value":"//*[@id=\"__title36-_actionsToolbar-overflowButton-img\"]"}
COMMAND: POST /session/eec783fecbf0a41fe1bd0e21c7a60bf8/element/f.C6480B129F3E0D11095D72FF7684A092.d.4B52D6D557ADC76C319353EE3710D7E0.e.3083/click - {}
RESULT: {}
COMMAND: POST /session/eec783fecbf0a41fe1bd0e21c7a60bf8/execute/async - {"script":"<script> [1562 bytes]","args":[{"selector":{"controlType":"sap.m.Button","viewName":"etm.portal.ui.manageresources.view.Detail","viewId":"application-manageresources-display-component---detailRU","i18NText":{"propertyName":"tooltip","key":"closeColumn"},"searchOpenDialogs":true,"interaction":{"idSuffix":"inner"}},"wdio_ui5_key":"etmportal.ui.manageresources.view.Detailsap.m.Button{\"propertyName\":\"tooltip\",\"key\":\"closeColumn\"}"}]}
COMMAND: GET /session/eec783fecbf0a41fe1bd0e21c7a60bf8/screenshot - {}
RESULT: {"script":"<script> [1562 bytes]","args":[{"selector":{"controlType":"sap.m.Button","viewName":"etm.portal.ui.manageresources.view.Detail","viewId":"application-manageresources-display-component---detailRU","i18NText":{"propertyName":"tooltip","key":"closeColumn"},"searchOpenDialogs":true,"interaction":{"idSuffix":"inner"}},"wdio_ui5_key":"etmportal.ui.manageresources.view.Detailsap.m.Button{\"propertyName\":\"tooltip\",\"key\":\"closeColumn\"}"}]}
RESULT: undefined
COMMAND: POST /session/eec783fecbf0a41fe1bd0e21c7a60bf8/element - {"using":"xpath","value":"//*[@id=\"__button151\"]"}
RESULT: {}
RESULT: {"using":"xpath","value":"//*[@id=\"__button151\"]"}
COMMAND: POST /session/eec783fecbf0a41fe1bd0e21c7a60bf8/element/f.C6480B129F3E0D11095D72FF7684A092.d.4B52D6D557ADC76C319353EE3710D7E0.e.3085/click - {}
RESULT: {}
COMMAND: GET /session/eec783fecbf0a41fe1bd0e21c7a60bf8/screenshot - {}
RESULT: {}
COMMAND: POST /session/eec783fecbf0a41fe1bd0e21c7a60bf8/refresh - {}
RESULT: {}
COMMAND: GET /session/eec783fecbf0a41fe1bd0e21c7a60bf8/screenshot - {}
RESULT: {}
COMMAND: POST /session/eec783fecbf0a41fe1bd0e21c7a60bf8/execute/async - {"script":"<script> [189 bytes]","args":[]}
RESULT: {"script":"<script> [189 bytes]","args":[]}
COMMAND: POST /session/eec783fecbf0a41fe1bd0e21c7a60bf8/execute/async - {"script":"<script> [123 bytes]","args":[]}
RESULT: {"script":"<script> [123 bytes]","args":[]}
COMMAND: POST /session/eec783fecbf0a41fe1bd0e21c7a60bf8/timeouts - {"script":"<number>"}
RESULT: {"script":"<number>"}
COMMAND: GET /session/eec783fecbf0a41fe1bd0e21c7a60bf8/timeouts - {}
RESULT: {}
RESULT: undefined
COMMAND: POST /session/eec783fecbf0a41fe1bd0e21c7a60bf8/execute/async - {"script":"<script> [2676 bytes]","args":[]}
RESULT: {"script":"<script> [2676 bytes]","args":[]}
COMMAND: POST /session/eec783fecbf0a41fe1bd0e21c7a60bf8/execute/async - {"script":"<script> [2342 bytes]","args":[{"protocol":"http","hostname":"0.0.0.0","path":"/","capabilities":{"browserName":"chrome","goog:chromeOptions":{"binary":"C:\\Program Files\\Google\\Chrome\\Application\\chrome.exe","args":["--start-maximized"]}},"logLevel":"warn","connectionRetryTimeout":120000,"connectionRetryCount":3,"logLevels":{},"enableDirectConnect":true,"strictSSL":true,"_":"65 more keys: [\"cacheDir\",\"port\",\"requestedCapabilities\",\"automationProtocol\",\"baseUrl\",\"waitforInterval\",\"waitforTimeout\",\"onReload\",\"beforeCommand\",\"afterCommand\",\"rootDir\",\"specs\",\"suites\",\"exclude\",\"groupLogsByTestSpec\",\"excludeDriverLogs\",\"bail\",\"framework\",\"reporters\",\"services\",\"maxInstances\",\"maxInstancesPerCapability\",\"injectGlobals\",\"filesToWatch\",\"execArgv\",\"runnerEnv\",\"runner\",\"shard\",\"specFileRetries\",\"specFileRetriesDelay\",\"specFileRetriesDeferred\",\"reporterSyncInterval\",\"reporterSyncTimeout\",\"cucumberFeaturesWithLineNumbers\",\"autoCompileOpts\",\"mochaOpts\",\"jasmineOpts\",\"cucumberOpts\",\"onPrepare\",\"onWorkerStart\",\"onWorkerEnd\",\"before\",\"beforeSession\",\"beforeSuite\",\"beforeHook\",\"beforeTest\",\"afterTest\",\"afterHook\",\"afterSuite\",\"afterSession\",\"after\",\"onComplete\",\"beforeAssertion\",\"afterAssertion\",\"beforeFeature\",\"beforeScenario\",\"beforeStep\",\"afterStep\",\"afterScenario\",\"afterFeature\",\"_\",\"suite\",\"$0\",\"ignoredWorkerServices\",\"wdi5\"]"}]}
RESULT: {"script":"<script> [2342 bytes]","args":[{"protocol":"http","hostname":"0.0.0.0","path":"/","capabilities":{"browserName":"chrome","goog:chromeOptions":{"binary":"C:\\Program Files\\Google\\Chrome\\Application\\chrome.exe","args":["--start-maximized"]}},"logLevel":"warn","connectionRetryTimeout":120000,"connectionRetryCount":3,"logLevels":{},"enableDirectConnect":true,"strictSSL":true,"_":"65 more keys: [\"cacheDir\",\"port\",\"requestedCapabilities\",\"automationProtocol\",\"baseUrl\",\"waitforInterval\",\"waitforTimeout\",\"onReload\",\"beforeCommand\",\"afterCommand\",\"rootDir\",\"specs\",\"suites\",\"exclude\",\"groupLogsByTestSpec\",\"excludeDriverLogs\",\"bail\",\"framework\",\"reporters\",\"services\",\"maxInstances\",\"maxInstancesPerCapability\",\"injectGlobals\",\"filesToWatch\",\"execArgv\",\"runnerEnv\",\"runner\",\"shard\",\"specFileRetries\",\"specFileRetriesDelay\",\"specFileRetriesDeferred\",\"reporterSyncInterval\",\"reporterSyncTimeout\",\"cucumberFeaturesWithLineNumbers\",\"autoCompileOpts\",\"mochaOpts\",\"jasmineOpts\",\"cucumberOpts\",\"onPrepare\",\"onWorkerStart\",\"onWorkerEnd\",\"before\",\"beforeSession\",\"beforeSuite\",\"beforeHook\",\"beforeTest\",\"afterTest\",\"afterHook\",\"afterSuite\",\"afterSession\",\"after\",\"onComplete\",\"beforeAssertion\",\"afterAssertion\",\"beforeFeature\",\"beforeScenario\",\"beforeStep\",\"afterStep\",\"afterScenario\",\"afterFeature\",\"_\",\"suite\",\"$0\",\"ignoredWorkerServices\",\"wdi5\"]"}]}
COMMAND: POST /session/eec783fecbf0a41fe1bd0e21c7a60bf8/execute/async - {"script":"<script> [21126 bytes]","args":[35000]}
RESULT: {"script":"<script> [21126 bytes]","args":[35000]}
COMMAND: POST /session/eec783fecbf0a41fe1bd0e21c7a60bf8/element - {"using":"css selector","value":"#shell-header-logo"}
RESULT: {"using":"css selector","value":"#shell-header-logo"}
COMMAND: POST /session/eec783fecbf0a41fe1bd0e21c7a60bf8/element/f.C6480B129F3E0D11095D72FF7684A092.d.0A61553A524CB0931B0F5272A32FDFB4.e.3175/click - {}
RESULT: {}
COMMAND: GET /session/eec783fecbf0a41fe1bd0e21c7a60bf8/screenshot - {}
RESULT: {}
COMMAND: POST /session/eec783fecbf0a41fe1bd0e21c7a60bf8/execute/async - {"script":"<script> [1562 bytes]","args":[{"selector":{"controlType":"sap.m.GenericTile","properties":{"header":"Manage Resources"}},"wdio_ui5_key":"sapm.GenericTile{\"header\":\"Manage Resources\"}"}]}
RESULT: {"script":"<script> [1562 bytes]","args":[{"selector":{"controlType":"sap.m.GenericTile","properties":{"header":"Manage Resources"}},"wdio_ui5_key":"sapm.GenericTile{\"header\":\"Manage Resources\"}"}]}
RESULT: undefined
COMMAND: POST /session/eec783fecbf0a41fe1bd0e21c7a60bf8/element - {"using":"xpath","value":"//*[@id=\"__tile39\"]"}
RESULT: {"using":"xpath","value":"//*[@id=\"__tile39\"]"}
COMMAND: POST /session/eec783fecbf0a41fe1bd0e21c7a60bf8/element/f.C6480B129F3E0D11095D72FF7684A092.d.0A61553A524CB0931B0F5272A32FDFB4.e.3363/click - {}
RESULT: {}
COMMAND: GET /session/eec783fecbf0a41fe1bd0e21c7a60bf8/screenshot - {}
COMMAND: POST /session/eec783fecbf0a41fe1bd0e21c7a60bf8/elements - {"using":"xpath","value":"//span[text()='Error']"}
RESULT: {}
RESULT: {"using":"xpath","value":"//span[text()='Error']"}
COMMAND: POST /session/eec783fecbf0a41fe1bd0e21c7a60bf8/element - {"using":"xpath","value":"//button[@data-kt=\"addNewRUOverflowToolbarButton\"]"}
RESULT: {"using":"xpath","value":"//button[@data-kt=\"addNewRUOverflowToolbarButton\"]"}
COMMAND: POST /session/eec783fecbf0a41fe1bd0e21c7a60bf8/execute/sync - {"script":"<script> [8489 bytes]","args":[{"element-6066-11e4-a52e-4f735466cecf":"f.C6480B129F3E0D11095D72FF7684A092.d.0A61553A524CB0931B0F5272A32FDFB4.e.3403","ELEMENT":"f.C6480B129F3E0D11095D72FF7684A092.d.0A61553A524CB0931B0F5272A32FDFB4.e.3403"}]}
RESULT: {"script":"<script> [8489 bytes]","args":[{"element-6066-11e4-a52e-4f735466cecf":"f.C6480B129F3E0D11095D72FF7684A092.d.0A61553A524CB0931B0F5272A32FDFB4.e.3403","ELEMENT":"f.C6480B129F3E0D11095D72FF7684A092.d.0A61553A524CB0931B0F5272A32FDFB4.e.3403"}]}
COMMAND: POST /session/eec783fecbf0a41fe1bd0e21c7a60bf8/element/f.C6480B129F3E0D11095D72FF7684A092.d.0A61553A524CB0931B0F5272A32FDFB4.e.3403/click - {}
COMMAND: GET /session/eec783fecbf0a41fe1bd0e21c7a60bf8/screenshot - {}
RESULT: {}
COMMAND: GET /session/eec783fecbf0a41fe1bd0e21c7a60bf8/screenshot - {}
COMMAND: POST /session/eec783fecbf0a41fe1bd0e21c7a60bf8/execute/async - {"script":"<script> [1562 bytes]","args":[{"selector":{"id":"application-manageresources-display-component---newResourceUnit--TYPE-arrow"},"wdio_ui5_key":"applicationmanageresources-display-component---newResourceUnit--TYPE-arrow"}]}
RESULT: {}
RESULT: {}
RESULT: {"script":"<script> [1562 bytes]","args":[{"selector":{"id":"application-manageresources-display-component---newResourceUnit--TYPE-arrow"},"wdio_ui5_key":"applicationmanageresources-display-component---newResourceUnit--TYPE-arrow"}]}
RESULT: undefined
COMMAND: POST /session/eec783fecbf0a41fe1bd0e21c7a60bf8/element - {"using":"xpath","value":"//*[@id=\"application-manageresources-display-component---newResourceUnit--TYPE-arrow\"]"}
RESULT: {"using":"xpath","value":"//*[@id=\"application-manageresources-display-component---newResourceUnit--TYPE-arrow\"]"}
COMMAND: POST /session/eec783fecbf0a41fe1bd0e21c7a60bf8/element/f.C6480B129F3E0D11095D72FF7684A092.d.0A61553A524CB0931B0F5272A32FDFB4.e.3731/click - {}
RESULT: {}
COMMAND: POST /session/eec783fecbf0a41fe1bd0e21c7a60bf8/execute/async - {"script":"<script> [1562 bytes]","args":[{"selector":{"controlType":"sap.m.StandardListItem","viewName":"reusables.view.manageresources.NewResourceUnit","viewId":"application-manageresources-display-component---newResourceUnit","properties":{"title":"Equipment"},"searchOpenDialogs":true,"interaction":{"idSuffix":"content"}},"wdio_ui5_key":"reusablesview.manageresources.NewResourceUnitsap.m.StandardListItem{\"title\":\"Equipment\"}"}]}
COMMAND: GET /session/eec783fecbf0a41fe1bd0e21c7a60bf8/screenshot - {}
RESULT: {"script":"<script> [1562 bytes]","args":[{"selector":{"controlType":"sap.m.StandardListItem","viewName":"reusables.view.manageresources.NewResourceUnit","viewId":"application-manageresources-display-component---newResourceUnit","properties":{"title":"Equipment"},"searchOpenDialogs":true,"interaction":{"idSuffix":"content"}},"wdio_ui5_key":"reusablesview.manageresources.NewResourceUnitsap.m.StandardListItem{\"title\":\"Equipment\"}"}]}
RESULT: undefined
COMMAND: POST /session/eec783fecbf0a41fe1bd0e21c7a60bf8/element - {"using":"xpath","value":"//*[@id=\"__item185\"]"}
RESULT: {}
RESULT: {"using":"xpath","value":"//*[@id=\"__item185\"]"}
COMMAND: POST /session/eec783fecbf0a41fe1bd0e21c7a60bf8/element/f.C6480B129F3E0D11095D72FF7684A092.d.0A61553A524CB0931B0F5272A32FDFB4.e.3734/click - {}
RESULT: {}
COMMAND: POST /session/eec783fecbf0a41fe1bd0e21c7a60bf8/execute/async - {"script":"<script> [1562 bytes]","args":[{"selector":{"id":"application-manageresources-display-component---newResourceUnit--resourceId","interaction":{"idSuffix":"inner"}},"wdio_ui5_key":"applicationmanageresources-display-component---newResourceUnit--resourceId"}]}
COMMAND: GET /session/eec783fecbf0a41fe1bd0e21c7a60bf8/screenshot - {}
RESULT: {"script":"<script> [1562 bytes]","args":[{"selector":{"id":"application-manageresources-display-component---newResourceUnit--resourceId","interaction":{"idSuffix":"inner"}},"wdio_ui5_key":"applicationmanageresources-display-component---newResourceUnit--resourceId"}]}
RESULT: undefined
COMMAND: POST /session/eec783fecbf0a41fe1bd0e21c7a60bf8/execute/async - {"script":"<script> [776 bytes]","args":[{"enterText":"WdIOTestEquipwrn3j","selector":{"id":"application-manageresources-display-component---newResourceUnit--resourceId","interaction":{"idSuffix":"inner"}},"clearTextFirst":true,"interactionType":"ENTER_TEXT"}]}
RESULT: {}
RESULT: {"script":"<script> [776 bytes]","args":[{"enterText":"WdIOTestEquipwrn3j","selector":{"id":"application-manageresources-display-component---newResourceUnit--resourceId","interaction":{"idSuffix":"inner"}},"clearTextFirst":true,"interactionType":"ENTER_TEXT"}]}
COMMAND: POST /session/eec783fecbf0a41fe1bd0e21c7a60bf8/execute/async - {"script":"<script> [1562 bytes]","args":[{"selector":{"id":"application-manageresources-display-component---newResourceUnit--SHORT_TEXT","interaction":{"idSuffix":"inner"}},"wdio_ui5_key":"applicationmanageresources-display-component---newResourceUnit--SHORT_TEXT"}]}
RESULT: {"script":"<script> [1562 bytes]","args":[{"selector":{"id":"application-manageresources-display-component---newResourceUnit--SHORT_TEXT","interaction":{"idSuffix":"inner"}},"wdio_ui5_key":"applicationmanageresources-display-component---newResourceUnit--SHORT_TEXT"}]}
RESULT: undefined
COMMAND: POST /session/eec783fecbf0a41fe1bd0e21c7a60bf8/execute/async - {"script":"<script> [776 bytes]","args":[{"enterText":"WdIOTestEquipwrn3j","selector":{"id":"application-manageresources-display-component---newResourceUnit--SHORT_TEXT","interaction":{"idSuffix":"inner"}},"clearTextFirst":true,"interactionType":"ENTER_TEXT"}]}
RESULT: {"script":"<script> [776 bytes]","args":[{"enterText":"WdIOTestEquipwrn3j","selector":{"id":"application-manageresources-display-component---newResourceUnit--SHORT_TEXT","interaction":{"idSuffix":"inner"}},"clearTextFirst":true,"interactionType":"ENTER_TEXT"}]}
COMMAND: POST /session/eec783fecbf0a41fe1bd0e21c7a60bf8/execute/async - {"script":"<script> [1562 bytes]","args":[{"selector":{"id":"application-manageresources-display-component---newResourceUnit--BASE_UNIT_OF_MEASURE","interaction":{"idSuffix":"inner"}},"wdio_ui5_key":"applicationmanageresources-display-component---newResourceUnit--BASE_UNIT_OF_MEASURE"}]}
RESULT: {"script":"<script> [1562 bytes]","args":[{"selector":{"id":"application-manageresources-display-component---newResourceUnit--BASE_UNIT_OF_MEASURE","interaction":{"idSuffix":"inner"}},"wdio_ui5_key":"applicationmanageresources-display-component---newResourceUnit--BASE_UNIT_OF_MEASURE"}]}
RESULT: undefined
COMMAND: POST /session/eec783fecbf0a41fe1bd0e21c7a60bf8/execute/async - {"script":"<script> [776 bytes]","args":[{"enterText":"Piece","selector":{"id":"application-manageresources-display-component---newResourceUnit--BASE_UNIT_OF_MEASURE","interaction":{"idSuffix":"inner"}},"clearTextFirst":true,"interactionType":"ENTER_TEXT"}]}
RESULT: {"script":"<script> [776 bytes]","args":[{"enterText":"Piece","selector":{"id":"application-manageresources-display-component---newResourceUnit--BASE_UNIT_OF_MEASURE","interaction":{"idSuffix":"inner"}},"clearTextFirst":true,"interactionType":"ENTER_TEXT"}]}
COMMAND: POST /session/eec783fecbf0a41fe1bd0e21c7a60bf8/execute/async - {"script":"<script> [1562 bytes]","args":[{"selector":{"id":"application-manageresources-display-component---newResourceUnit--WEIGHT_UNIT","interaction":{"idSuffix":"inner"}},"wdio_ui5_key":"applicationmanageresources-display-component---newResourceUnit--WEIGHT_UNIT"}]}
RESULT: {"script":"<script> [1562 bytes]","args":[{"selector":{"id":"application-manageresources-display-component---newResourceUnit--WEIGHT_UNIT","interaction":{"idSuffix":"inner"}},"wdio_ui5_key":"applicationmanageresources-display-component---newResourceUnit--WEIGHT_UNIT"}]}
RESULT: undefined
COMMAND: POST /session/eec783fecbf0a41fe1bd0e21c7a60bf8/execute/async - {"script":"<script> [776 bytes]","args":[{"enterText":"Gram","selector":{"id":"application-manageresources-display-component---newResourceUnit--WEIGHT_UNIT","interaction":{"idSuffix":"inner"}},"clearTextFirst":true,"interactionType":"ENTER_TEXT"}]}
RESULT: {"script":"<script> [776 bytes]","args":[{"enterText":"Gram","selector":{"id":"application-manageresources-display-component---newResourceUnit--WEIGHT_UNIT","interaction":{"idSuffix":"inner"}},"clearTextFirst":true,"interactionType":"ENTER_TEXT"}]}
COMMAND: POST /session/eec783fecbf0a41fe1bd0e21c7a60bf8/execute/async - {"script":"<script> [1562 bytes]","args":[{"selector":{"id":"application-manageresources-display-component---newResourceUnit--newRRUPage-OPHeaderContent-collapseBtn-img"},"wdio_ui5_key":"applicationmanageresources-display-component---newResourceUnit--newRRUPage-OPHeaderContent-collapseBtn-img"}]}
RESULT: {"script":"<script> [1562 bytes]","args":[{"selector":{"id":"application-manageresources-display-component---newResourceUnit--newRRUPage-OPHeaderContent-collapseBtn-img"},"wdio_ui5_key":"applicationmanageresources-display-component---newResourceUnit--newRRUPage-OPHeaderContent-collapseBtn-img"}]}
RESULT: undefined
COMMAND: POST /session/eec783fecbf0a41fe1bd0e21c7a60bf8/element - {"using":"xpath","value":"//*[@id=\"application-manageresources-display-component---newResourceUnit--newRRUPage-OPHeaderContent-collapseBtn-img\"]"}
RESULT: {"using":"xpath","value":"//*[@id=\"application-manageresources-display-component---newResourceUnit--newRRUPage-OPHeaderContent-collapseBtn-img\"]"}
COMMAND: POST /session/eec783fecbf0a41fe1bd0e21c7a60bf8/element/f.C6480B129F3E0D11095D72FF7684A092.d.0A61553A524CB0931B0F5272A32FDFB4.e.3742/click - {}
RESULT: {}
COMMAND: GET /session/eec783fecbf0a41fe1bd0e21c7a60bf8/screenshot - {}
RESULT: {}
COMMAND: POST /session/eec783fecbf0a41fe1bd0e21c7a60bf8/element - {"using":"xpath","value":"(//span[contains(@id ,\"application-manageresources-display-component---newResourceUnit--DIMENSION_UNIT-arrow\")])[1]"}
RESULT: {"using":"xpath","value":"(//span[contains(@id ,\"application-manageresources-display-component---newResourceUnit--DIMENSION_UNIT-arrow\")])[1]"}
COMMAND: POST /session/eec783fecbf0a41fe1bd0e21c7a60bf8/element/f.C6480B129F3E0D11095D72FF7684A092.d.0A61553A524CB0931B0F5272A32FDFB4.e.3890/click - {}
RESULT: {}
COMMAND: GET /session/eec783fecbf0a41fe1bd0e21c7a60bf8/screenshot - {}
RESULT: {}
COMMAND: POST /session/eec783fecbf0a41fe1bd0e21c7a60bf8/execute/async - {"script":"<script> [1562 bytes]","args":[{"selector":{"controlType":"sap.m.StandardListItem","viewName":"reusables.view.manageresources.NewResourceUnit","viewId":"application-manageresources-display-component---newResourceUnit","properties":{"title":"Centimeter"},"searchOpenDialogs":true,"interaction":{"idSuffix":"titleText"}},"wdio_ui5_key":"reusablesview.manageresources.NewResourceUnitsap.m.StandardListItem{\"title\":\"Centimeter\"}"}]}
RESULT: {"script":"<script> [1562 bytes]","args":[{"selector":{"controlType":"sap.m.StandardListItem","viewName":"reusables.view.manageresources.NewResourceUnit","viewId":"application-manageresources-display-component---newResourceUnit","properties":{"title":"Centimeter"},"searchOpenDialogs":true,"interaction":{"idSuffix":"titleText"}},"wdio_ui5_key":"reusablesview.manageresources.NewResourceUnitsap.m.StandardListItem{\"title\":\"Centimeter\"}"}]}
RESULT: undefined
COMMAND: POST /session/eec783fecbf0a41fe1bd0e21c7a60bf8/element - {"using":"xpath","value":"//*[@id=\"__item245\"]"}
RESULT: {"using":"xpath","value":"//*[@id=\"__item245\"]"}
COMMAND: POST /session/eec783fecbf0a41fe1bd0e21c7a60bf8/element/f.C6480B129F3E0D11095D72FF7684A092.d.0A61553A524CB0931B0F5272A32FDFB4.e.3894/click - {}
RESULT: {}
COMMAND: GET /session/eec783fecbf0a41fe1bd0e21c7a60bf8/screenshot - {}
RESULT: {}
COMMAND: POST /session/eec783fecbf0a41fe1bd0e21c7a60bf8/execute/async - {"script":"<script> [1562 bytes]","args":[{"selector":{"id":"application-manageresources-display-component---newResourceUnit--newRRUPage-anchBar-application-manageresources-display-component---newResourceUnit--control-anchor","interaction":{"idSuffix":"BDI-content"}},"wdio_ui5_key":"applicationmanageresources-display-component---newResourceUnit--newRRUPage-anchBar-application-manageresources-display-component---newResourceUnit--control-anchor"}]}
RESULT: {"script":"<script> [1562 bytes]","args":[{"selector":{"id":"application-manageresources-display-component---newResourceUnit--newRRUPage-anchBar-application-manageresources-display-component---newResourceUnit--control-anchor","interaction":{"idSuffix":"BDI-content"}},"wdio_ui5_key":"applicationmanageresources-display-component---newResourceUnit--newRRUPage-anchBar-application-manageresources-display-component---newResourceUnit--control-anchor"}]}
RESULT: undefined
COMMAND: POST /session/eec783fecbf0a41fe1bd0e21c7a60bf8/element - {"using":"xpath","value":"//*[@id=\"application-manageresources-display-component---newResourceUnit--newRRUPage-anchBar-application-manageresources-display-component---newResourceUnit--control-anchor\"]"}
RESULT: {"using":"xpath","value":"//*[@id=\"application-manageresources-display-component---newResourceUnit--newRRUPage-anchBar-application-manageresources-display-component---newResourceUnit--control-anchor\"]"}
COMMAND: POST /session/eec783fecbf0a41fe1bd0e21c7a60bf8/element/f.C6480B129F3E0D11095D72FF7684A092.d.0A61553A524CB0931B0F5272A32FDFB4.e.3896/click - {}
RESULT: {}
COMMAND: POST /session/eec783fecbf0a41fe1bd0e21c7a60bf8/execute/async - {"script":"<script> [1562 bytes]","args":[{"selector":{"id":"application-manageresources-display-component---newResourceUnit--PLANNING_GROUP","interaction":{"idSuffix":"inner"}},"wdio_ui5_key":"applicationmanageresources-display-component---newResourceUnit--PLANNING_GROUP"}]}
COMMAND: GET /session/eec783fecbf0a41fe1bd0e21c7a60bf8/screenshot - {}
RESULT: {"script":"<script> [1562 bytes]","args":[{"selector":{"id":"application-manageresources-display-component---newResourceUnit--PLANNING_GROUP","interaction":{"idSuffix":"inner"}},"wdio_ui5_key":"applicationmanageresources-display-component---newResourceUnit--PLANNING_GROUP"}]}
RESULT: undefined
COMMAND: POST /session/eec783fecbf0a41fe1bd0e21c7a60bf8/execute/async - {"script":"<script> [776 bytes]","args":[{"enterText":"Heavy Equi","selector":{"id":"application-manageresources-display-component---newResourceUnit--PLANNING_GROUP","interaction":{"idSuffix":"inner"}},"clearTextFirst":true,"interactionType":"ENTER_TEXT"}]}
RESULT: {}
RESULT: {"script":"<script> [776 bytes]","args":[{"enterText":"Heavy Equi","selector":{"id":"application-manageresources-display-component---newResourceUnit--PLANNING_GROUP","interaction":{"idSuffix":"inner"}},"clearTextFirst":true,"interactionType":"ENTER_TEXT"}]}
COMMAND: POST /session/eec783fecbf0a41fe1bd0e21c7a60bf8/execute/async - {"script":"<script> [1562 bytes]","args":[{"selector":{"id":"application-manageresources-display-component---newResourceUnit--ITEM_TYPE-arrow"},"wdio_ui5_key":"applicationmanageresources-display-component---newResourceUnit--ITEM_TYPE-arrow"}]}
RESULT: {"script":"<script> [1562 bytes]","args":[{"selector":{"id":"application-manageresources-display-component---newResourceUnit--ITEM_TYPE-arrow"},"wdio_ui5_key":"applicationmanageresources-display-component---newResourceUnit--ITEM_TYPE-arrow"}]}
RESULT: undefined
COMMAND: POST /session/eec783fecbf0a41fe1bd0e21c7a60bf8/element - {"using":"xpath","value":"//*[@id=\"application-manageresources-display-component---newResourceUnit--ITEM_TYPE-arrow\"]"}
RESULT: {"using":"xpath","value":"//*[@id=\"application-manageresources-display-component---newResourceUnit--ITEM_TYPE-arrow\"]"}
COMMAND: POST /session/eec783fecbf0a41fe1bd0e21c7a60bf8/element/f.C6480B129F3E0D11095D72FF7684A092.d.0A61553A524CB0931B0F5272A32FDFB4.e.3901/click - {}
RESULT: {}
COMMAND: POST /session/eec783fecbf0a41fe1bd0e21c7a60bf8/execute/async - {"script":"<script> [1562 bytes]","args":[{"selector":{"controlType":"sap.m.StandardListItem","viewName":"reusables.view.manageresources.NewResourceUnit","viewId":"application-manageresources-display-component---newResourceUnit","properties":{"title":"Resource Unit"},"searchOpenDialogs":true,"interaction":{"idSuffix":"titleText"}},"wdio_ui5_key":"reusablesview.manageresources.NewResourceUnitsap.m.StandardListItem{\"title\":\"Resource Unit\"}"}]}
COMMAND: GET /session/eec783fecbf0a41fe1bd0e21c7a60bf8/screenshot - {}
RESULT: {"script":"<script> [1562 bytes]","args":[{"selector":{"controlType":"sap.m.StandardListItem","viewName":"reusables.view.manageresources.NewResourceUnit","viewId":"application-manageresources-display-component---newResourceUnit","properties":{"title":"Resource Unit"},"searchOpenDialogs":true,"interaction":{"idSuffix":"titleText"}},"wdio_ui5_key":"reusablesview.manageresources.NewResourceUnitsap.m.StandardListItem{\"title\":\"Resource Unit\"}"}]}
RESULT: undefined
COMMAND: POST /session/eec783fecbf0a41fe1bd0e21c7a60bf8/element - {"using":"xpath","value":"//*[@id=\"__item267\"]"}
RESULT: {}
RESULT: {"using":"xpath","value":"//*[@id=\"__item267\"]"}
COMMAND: POST /session/eec783fecbf0a41fe1bd0e21c7a60bf8/element/f.C6480B129F3E0D11095D72FF7684A092.d.0A61553A524CB0931B0F5272A32FDFB4.e.3903/click - {}
RESULT: {}
COMMAND: POST /session/eec783fecbf0a41fe1bd0e21c7a60bf8/element - {"using":"xpath","value":"//bdi[contains(text(), \"Time Segment\")]"}
COMMAND: GET /session/eec783fecbf0a41fe1bd0e21c7a60bf8/screenshot - {}
RESULT: {"using":"xpath","value":"//bdi[contains(text(), \"Time Segment\")]"}
COMMAND: GET /session/eec783fecbf0a41fe1bd0e21c7a60bf8/element/f.C6480B129F3E0D11095D72FF7684A092.d.0A61553A524CB0931B0F5272A32FDFB4.e.3910/rect - {}
RESULT: {}
RESULT: {}
COMMAND: GET /session/eec783fecbf0a41fe1bd0e21c7a60bf8/window/rect - {}
RESULT: {}
COMMAND: POST /session/eec783fecbf0a41fe1bd0e21c7a60bf8/execute/sync - {"script":"<script> [92 bytes]","args":[]}
RESULT: {"script":"<script> [92 bytes]","args":[]}
COMMAND: POST /session/eec783fecbf0a41fe1bd0e21c7a60bf8/actions - {"actions":[{"id":"action7","type":"wheel","parameters":{},"actions":[{"type":"scroll","x":-1820,"y":-21,"deltaX":0,"deltaY":0,"duration":0,"origin":{"element-6066-11e4-a52e-4f735466cecf":"f.C6480B129F3E0D11095D72FF7684A092.d.0A61553A524CB0931B0F5272A32FDFB4.e.3910"}}]}]}
COMMAND: GET /session/eec783fecbf0a41fe1bd0e21c7a60bf8/screenshot - {}
RESULT: {}
COMMAND: POST /session/eec783fecbf0a41fe1bd0e21c7a60bf8/execute/sync - {"script":"<script> [79 bytes]","args":[{"element-6066-11e4-a52e-4f735466cecf":"f.C6480B129F3E0D11095D72FF7684A092.d.0A61553A524CB0931B0F5272A32FDFB4.e.3910","ELEMENT":"f.C6480B129F3E0D11095D72FF7684A092.d.0A61553A524CB0931B0F5272A32FDFB4.e.3910"},{"block":"start","inline":"nearest"}]}
RESULT: {"script":"<script> [79 bytes]","args":[{"element-6066-11e4-a52e-4f735466cecf":"f.C6480B129F3E0D11095D72FF7684A092.d.0A61553A524CB0931B0F5272A32FDFB4.e.3910","ELEMENT":"f.C6480B129F3E0D11095D72FF7684A092.d.0A61553A524CB0931B0F5272A32FDFB4.e.3910"},{"block":"start","inline":"nearest"}]}
COMMAND: POST /session/eec783fecbf0a41fe1bd0e21c7a60bf8/execute/async - {"script":"<script> [1562 bytes]","args":[{"selector":{"id":"application-manageresources-display-component---newResourceUnit--btnAddTimeSegment-img"},"wdio_ui5_key":"applicationmanageresources-display-component---newResourceUnit--btnAddTimeSegment-img"}]}
COMMAND: GET /session/eec783fecbf0a41fe1bd0e21c7a60bf8/screenshot - {}
RESULT: {"script":"<script> [1562 bytes]","args":[{"selector":{"id":"application-manageresources-display-component---newResourceUnit--btnAddTimeSegment-img"},"wdio_ui5_key":"applicationmanageresources-display-component---newResourceUnit--btnAddTimeSegment-img"}]}
RESULT: undefined
COMMAND: POST /session/eec783fecbf0a41fe1bd0e21c7a60bf8/element - {"using":"xpath","value":"//*[@id=\"application-manageresources-display-component---newResourceUnit--btnAddTimeSegment-img\"]"}
RESULT: {}
RESULT: {"using":"xpath","value":"//*[@id=\"application-manageresources-display-component---newResourceUnit--btnAddTimeSegment-img\"]"}
COMMAND: POST /session/eec783fecbf0a41fe1bd0e21c7a60bf8/element/f.C6480B129F3E0D11095D72FF7684A092.d.0A61553A524CB0931B0F5272A32FDFB4.e.3913/click - {}
RESULT: {}
COMMAND: GET /session/eec783fecbf0a41fe1bd0e21c7a60bf8/screenshot - {}
RESULT: {}
COMMAND: POST /session/eec783fecbf0a41fe1bd0e21c7a60bf8/element - {"using":"xpath","value":"//input[@id=\"application-manageresources-display-component---newResourceUnit--idRuTSAdmin-application-manageresources-display-component---newResourceUnit--RUTimeSegment-0-inner\"]"}
RESULT: {"using":"xpath","value":"//input[@id=\"application-manageresources-display-component---newResourceUnit--idRuTSAdmin-application-manageresources-display-component---newResourceUnit--RUTimeSegment-0-inner\"]"}
COMMAND: POST /session/eec783fecbf0a41fe1bd0e21c7a60bf8/element/f.C6480B129F3E0D11095D72FF7684A092.d.0A61553A524CB0931B0F5272A32FDFB4.e.3917/clear - {}
RESULT: {}
COMMAND: POST /session/eec783fecbf0a41fe1bd0e21c7a60bf8/element/f.C6480B129F3E0D11095D72FF7684A092.d.0A61553A524CB0931B0F5272A32FDFB4.e.3917/value - {"text":"WebdriverYardbtbkq"}
COMMAND: GET /session/eec783fecbf0a41fe1bd0e21c7a60bf8/screenshot - {}
RESULT: {"text":"WebdriverYardbtbkq"}
COMMAND: GET /session/eec783fecbf0a41fe1bd0e21c7a60bf8/screenshot - {}
RESULT: {}
RESULT: {}
COMMAND: POST /session/eec783fecbf0a41fe1bd0e21c7a60bf8/actions - {"actions":[{"id":"action8","type":"key","parameters":{},"actions":[{"type":"keyDown","value":""},{"type":"pause","duration":10},{"type":"keyUp","value":""}]}]}
RESULT: {"actions":[{"id":"action8","type":"key","parameters":{},"actions":[{"type":"keyDown","value":""},{"type":"pause","duration":10},{"type":"keyUp","value":""}]}]}
COMMAND: POST /session/eec783fecbf0a41fe1bd0e21c7a60bf8/execute/async - {"script":"<script> [1562 bytes]","args":[{"selector":{"controlType":"sap.ui.core.Icon","viewName":"reusables.view.manageresources.NewResourceUnit","viewId":"application-manageresources-display-component---newResourceUnit","properties":{"src":{"regex":{"source":"slim\\-arrow\\-down"}}},"ancestor":{"controlType":"sap.m.ComboBox","viewName":"reusables.view.manageresources.NewResourceUnit","viewId":"application-manageresources-display-component---newResourceUnit","bindingPath":{"path":"/RESOURCE_UNIT_TIME_SEQUENCES/0","propertyPath":"COST_OBJECT_ADMIN_CST_TYPE","modelName":"oNewRruModel"}}},"wdio_ui5_key":"reusablesview.manageresources.NewResourceUnitsap.ui.core.Icon{\"src\":{\"regex\":{\"source\":\"slim\\\\-arrow\\\\-down\"}}}{\"controlType\":\"sap.m.ComboBox\",\"viewName\":\"reusables.view.manageresources.NewResourceUnit\",\"viewId\":\"application-manageresources-display-component---newResourceUnit\",\"bindingPath\":{\"path\":\"/RESOURCE_UNIT_TIME_SEQUENCES/0\",\"propertyPath\":\"COST_OBJECT_ADMIN_CST_TYPE\",\"modelName\":\"oNewRruModel\"}}"}]}
COMMAND: GET /session/eec783fecbf0a41fe1bd0e21c7a60bf8/screenshot - {}
RESULT: {"script":"<script> [1562 bytes]","args":[{"selector":{"controlType":"sap.ui.core.Icon","viewName":"reusables.view.manageresources.NewResourceUnit","viewId":"application-manageresources-display-component---newResourceUnit","properties":{"src":{"regex":{"source":"slim\\-arrow\\-down"}}},"ancestor":{"controlType":"sap.m.ComboBox","viewName":"reusables.view.manageresources.NewResourceUnit","viewId":"application-manageresources-display-component---newResourceUnit","bindingPath":{"path":"/RESOURCE_UNIT_TIME_SEQUENCES/0","propertyPath":"COST_OBJECT_ADMIN_CST_TYPE","modelName":"oNewRruModel"}}},"wdio_ui5_key":"reusablesview.manageresources.NewResourceUnitsap.ui.core.Icon{\"src\":{\"regex\":{\"source\":\"slim\\\\-arrow\\\\-down\"}}}{\"controlType\":\"sap.m.ComboBox\",\"viewName\":\"reusables.view.manageresources.NewResourceUnit\",\"viewId\":\"application-manageresources-display-component---newResourceUnit\",\"bindingPath\":{\"path\":\"/RESOURCE_UNIT_TIME_SEQUENCES/0\",\"propertyPath\":\"COST_OBJECT_ADMIN_CST_TYPE\",\"modelName\":\"oNewRruModel\"}}"}]}
RESULT: undefined
COMMAND: POST /session/eec783fecbf0a41fe1bd0e21c7a60bf8/element - {"using":"xpath","value":"//*[@id=\"__box7-application-manageresources-display-component---newResourceUnit--RUTimeSegment-0-arrow\"]"}
RESULT: {}
RESULT: {"using":"xpath","value":"//*[@id=\"__box7-application-manageresources-display-component---newResourceUnit--RUTimeSegment-0-arrow\"]"}
COMMAND: POST /session/eec783fecbf0a41fe1bd0e21c7a60bf8/element/f.C6480B129F3E0D11095D72FF7684A092.d.0A61553A524CB0931B0F5272A32FDFB4.e.3929/click - {}
RESULT: {}
COMMAND: POST /session/eec783fecbf0a41fe1bd0e21c7a60bf8/execute/async - {"script":"<script> [1562 bytes]","args":[{"selector":{"controlType":"sap.m.StandardListItem","viewName":"reusables.view.manageresources.NewResourceUnit","viewId":"application-manageresources-display-component---newResourceUnit","properties":{"title":"PM Order"},"searchOpenDialogs":true,"interaction":{"idSuffix":"titleText"}},"wdio_ui5_key":"reusablesview.manageresources.NewResourceUnitsap.m.StandardListItem{\"title\":\"PM Order\"}"}]}
COMMAND: GET /session/eec783fecbf0a41fe1bd0e21c7a60bf8/screenshot - {}
RESULT: {"script":"<script> [1562 bytes]","args":[{"selector":{"controlType":"sap.m.StandardListItem","viewName":"reusables.view.manageresources.NewResourceUnit","viewId":"application-manageresources-display-component---newResourceUnit","properties":{"title":"PM Order"},"searchOpenDialogs":true,"interaction":{"idSuffix":"titleText"}},"wdio_ui5_key":"reusablesview.manageresources.NewResourceUnitsap.m.StandardListItem{\"title\":\"PM Order\"}"}]}
RESULT: undefined
COMMAND: POST /session/eec783fecbf0a41fe1bd0e21c7a60bf8/element - {"using":"xpath","value":"//*[@id=\"__item615\"]"}
RESULT: {}
RESULT: {"using":"xpath","value":"//*[@id=\"__item615\"]"}
COMMAND: POST /session/eec783fecbf0a41fe1bd0e21c7a60bf8/element/f.C6480B129F3E0D11095D72FF7684A092.d.0A61553A524CB0931B0F5272A32FDFB4.e.3933/click - {}
RESULT: {}
COMMAND: GET /session/eec783fecbf0a41fe1bd0e21c7a60bf8/screenshot - {}
RESULT: {}
COMMAND: POST /session/eec783fecbf0a41fe1bd0e21c7a60bf8/element - {"using":"xpath","value":"(//input[contains(@id ,\"-application-manageresources-display-component---newResourceUnit--RUTimeSegment-0-inner\")])[8]"}
RESULT: {"using":"xpath","value":"(//input[contains(@id ,\"-application-manageresources-display-component---newResourceUnit--RUTimeSegment-0-inner\")])[8]"}
COMMAND: POST /session/eec783fecbf0a41fe1bd0e21c7a60bf8/element/f.C6480B129F3E0D11095D72FF7684A092.d.0A61553A524CB0931B0F5272A32FDFB4.e.3936/clear - {}
RESULT: {}
COMMAND: POST /session/eec783fecbf0a41fe1bd0e21c7a60bf8/element/f.C6480B129F3E0D11095D72FF7684A092.d.0A61553A524CB0931B0F5272A32FDFB4.e.3936/value - {"text":"4000360"}
COMMAND: GET /session/eec783fecbf0a41fe1bd0e21c7a60bf8/screenshot - {}
RESULT: {"text":"4000360"}
COMMAND: GET /session/eec783fecbf0a41fe1bd0e21c7a60bf8/screenshot - {}
RESULT: {}
RESULT: {}
COMMAND: POST /session/eec783fecbf0a41fe1bd0e21c7a60bf8/actions - {"actions":[{"id":"action9","type":"key","parameters":{},"actions":[{"type":"keyDown","value":""},{"type":"pause","duration":10},{"type":"keyUp","value":""}]}]}
RESULT: {"actions":[{"id":"action9","type":"key","parameters":{},"actions":[{"type":"keyDown","value":""},{"type":"pause","duration":10},{"type":"keyUp","value":""}]}]}
COMMAND: GET /session/eec783fecbf0a41fe1bd0e21c7a60bf8/screenshot - {}
RESULT: {}
COMMAND: POST /session/eec783fecbf0a41fe1bd0e21c7a60bf8/element - {"using":"xpath","value":"//input[contains(@id ,\"application-manageresources-display-component---newResourceUnit--newTimeSegmentFromDatePicker-application-manageresources-display-component---newResourceUnit--RUTimeSegment-0-inner\")]"}
RESULT: {"using":"xpath","value":"//input[contains(@id ,\"application-manageresources-display-component---newResourceUnit--newTimeSegmentFromDatePicker-application-manageresources-display-component---newResourceUnit--RUTimeSegment-0-inner\")]"}
COMMAND: POST /session/eec783fecbf0a41fe1bd0e21c7a60bf8/element/f.C6480B129F3E0D11095D72FF7684A092.d.0A61553A524CB0931B0F5272A32FDFB4.e.3924/clear - {}
RESULT: {}
COMMAND: POST /session/eec783fecbf0a41fe1bd0e21c7a60bf8/element/f.C6480B129F3E0D11095D72FF7684A092.d.0A61553A524CB0931B0F5272A32FDFB4.e.3924/clear - {}
COMMAND: GET /session/eec783fecbf0a41fe1bd0e21c7a60bf8/screenshot - {}
RESULT: {}
COMMAND: POST /session/eec783fecbf0a41fe1bd0e21c7a60bf8/element/f.C6480B129F3E0D11095D72FF7684A092.d.0A61553A524CB0931B0F5272A32FDFB4.e.3924/value - {"text":"06/28/24"}
COMMAND: GET /session/eec783fecbf0a41fe1bd0e21c7a60bf8/screenshot - {}
RESULT: {}
RESULT: {"text":"06/28/24"}
COMMAND: POST /session/eec783fecbf0a41fe1bd0e21c7a60bf8/execute/async - {"script":"<script> [1562 bytes]","args":[{"selector":{"id":"application-manageresources-display-component---newResourceUnit--newRRUPage-anchBar-application-manageresources-display-component---newResourceUnit--resource-anchor","interaction":{"idSuffix":"BDI-content"}},"wdio_ui5_key":"applicationmanageresources-display-component---newResourceUnit--newRRUPage-anchBar-application-manageresources-display-component---newResourceUnit--resource-anchor"}]}
COMMAND: GET /session/eec783fecbf0a41fe1bd0e21c7a60bf8/screenshot - {}
RESULT: {}
RESULT: {"script":"<script> [1562 bytes]","args":[{"selector":{"id":"application-manageresources-display-component---newResourceUnit--newRRUPage-anchBar-application-manageresources-display-component---newResourceUnit--resource-anchor","interaction":{"idSuffix":"BDI-content"}},"wdio_ui5_key":"applicationmanageresources-display-component---newResourceUnit--newRRUPage-anchBar-application-manageresources-display-component---newResourceUnit--resource-anchor"}]}
RESULT: undefined
COMMAND: POST /session/eec783fecbf0a41fe1bd0e21c7a60bf8/element - {"using":"xpath","value":"//*[@id=\"application-manageresources-display-component---newResourceUnit--newRRUPage-anchBar-application-manageresources-display-component---newResourceUnit--resource-anchor\"]"}
RESULT: {}
RESULT: {"using":"xpath","value":"//*[@id=\"application-manageresources-display-component---newResourceUnit--newRRUPage-anchBar-application-manageresources-display-component---newResourceUnit--resource-anchor\"]"}
COMMAND: POST /session/eec783fecbf0a41fe1bd0e21c7a60bf8/element/f.C6480B129F3E0D11095D72FF7684A092.d.0A61553A524CB0931B0F5272A32FDFB4.e.3943/click - {}
RESULT: {}
COMMAND: POST /session/eec783fecbf0a41fe1bd0e21c7a60bf8/execute/async - {"script":"<script> [1562 bytes]","args":[{"selector":{"id":"application-manageresources-display-component---newResourceUnit--PLANNED_DELIVERY_DATE","interaction":{"idSuffix":"inner"}},"wdio_ui5_key":"applicationmanageresources-display-component---newResourceUnit--PLANNED_DELIVERY_DATE"}]}
COMMAND: GET /session/eec783fecbf0a41fe1bd0e21c7a60bf8/screenshot - {}
RESULT: {"script":"<script> [1562 bytes]","args":[{"selector":{"id":"application-manageresources-display-component---newResourceUnit--PLANNED_DELIVERY_DATE","interaction":{"idSuffix":"inner"}},"wdio_ui5_key":"applicationmanageresources-display-component---newResourceUnit--PLANNED_DELIVERY_DATE"}]}
RESULT: undefined
COMMAND: POST /session/eec783fecbf0a41fe1bd0e21c7a60bf8/execute/async - {"script":"<script> [6424 bytes]","args":[{"element-6066-11e4-a52e-4f735466cecf":"f.C6480B129F3E0D11095D72FF7684A092.d.0A61553A524CB0931B0F5272A32FDFB4.e.3789"},"setValue",["06/28/24"]]}
RESULT: {}
RESULT: {"script":"<script> [6424 bytes]","args":[{"element-6066-11e4-a52e-4f735466cecf":"f.C6480B129F3E0D11095D72FF7684A092.d.0A61553A524CB0931B0F5272A32FDFB4.e.3789"},"setValue",["06/28/24"]]}
COMMAND: POST /session/eec783fecbf0a41fe1bd0e21c7a60bf8/execute/async - {"script":"<script> [1562 bytes]","args":[{"selector":{"id":"application-manageresources-display-component---newResourceUnit--RETIRE_PLANNED_DATE","interaction":{"idSuffix":"inner"}},"wdio_ui5_key":"applicationmanageresources-display-component---newResourceUnit--RETIRE_PLANNED_DATE"}]}
RESULT: {"script":"<script> [1562 bytes]","args":[{"selector":{"id":"application-manageresources-display-component---newResourceUnit--RETIRE_PLANNED_DATE","interaction":{"idSuffix":"inner"}},"wdio_ui5_key":"applicationmanageresources-display-component---newResourceUnit--RETIRE_PLANNED_DATE"}]}
RESULT: undefined
COMMAND: POST /session/eec783fecbf0a41fe1bd0e21c7a60bf8/execute/async - {"script":"<script> [776 bytes]","args":[{"enterText":"3/14/29","selector":{"id":"application-manageresources-display-component---newResourceUnit--RETIRE_PLANNED_DATE","interaction":{"idSuffix":"inner"}},"clearTextFirst":true,"interactionType":"ENTER_TEXT"}]}
RESULT: {"script":"<script> [776 bytes]","args":[{"enterText":"3/14/29","selector":{"id":"application-manageresources-display-component---newResourceUnit--RETIRE_PLANNED_DATE","interaction":{"idSuffix":"inner"}},"clearTextFirst":true,"interactionType":"ENTER_TEXT"}]}
COMMAND: POST /session/eec783fecbf0a41fe1bd0e21c7a60bf8/execute/async - {"script":"<script> [1562 bytes]","args":[{"selector":{"controlType":"sap.m.Button","viewName":"reusables.view.manageresources.NewResourceUnit","viewId":"application-manageresources-display-component---newResourceUnit","i18NText":{"propertyName":"tooltip","key":"save"},"interaction":{"idSuffix":"BDI-content"}},"wdio_ui5_key":"reusablesview.manageresources.NewResourceUnitsap.m.Button{\"propertyName\":\"tooltip\",\"key\":\"save\"}"}]}
RESULT: {"script":"<script> [1562 bytes]","args":[{"selector":{"controlType":"sap.m.Button","viewName":"reusables.view.manageresources.NewResourceUnit","viewId":"application-manageresources-display-component---newResourceUnit","i18NText":{"propertyName":"tooltip","key":"save"},"interaction":{"idSuffix":"BDI-content"}},"wdio_ui5_key":"reusablesview.manageresources.NewResourceUnitsap.m.Button{\"propertyName\":\"tooltip\",\"key\":\"save\"}"}]}
RESULT: undefined
COMMAND: POST /session/eec783fecbf0a41fe1bd0e21c7a60bf8/element - {"using":"xpath","value":"//*[@id=\"application-manageresources-display-component---newResourceUnit--createRuButton\"]"}
RESULT: {"using":"xpath","value":"//*[@id=\"application-manageresources-display-component---newResourceUnit--createRuButton\"]"}
COMMAND: POST /session/eec783fecbf0a41fe1bd0e21c7a60bf8/element/f.C6480B129F3E0D11095D72FF7684A092.d.0A61553A524CB0931B0F5272A32FDFB4.e.3748/click - {}
RESULT: {}
COMMAND: GET /session/eec783fecbf0a41fe1bd0e21c7a60bf8/screenshot - {}
COMMAND: POST /session/eec783fecbf0a41fe1bd0e21c7a60bf8/execute/async - {"script":"<script> [1562 bytes]","args":[{"selector":{"controlType":"sap.m.Button","properties":{"text":"Close"},"searchOpenDialogs":true,"interaction":{"idSuffix":"inner"}},"wdio_ui5_key":"sapm.Button{\"text\":\"Close\"}"}]}
RESULT: {}
RESULT: {"script":"<script> [1562 bytes]","args":[{"selector":{"controlType":"sap.m.Button","properties":{"text":"Close"},"searchOpenDialogs":true,"interaction":{"idSuffix":"inner"}},"wdio_ui5_key":"sapm.Button{\"text\":\"Close\"}"}]}
RESULT: undefined
COMMAND: POST /session/eec783fecbf0a41fe1bd0e21c7a60bf8/element - {"using":"xpath","value":"//*[@id=\"__mbox-btn-0\"]"}
RESULT: {"using":"xpath","value":"//*[@id=\"__mbox-btn-0\"]"}
COMMAND: POST /session/eec783fecbf0a41fe1bd0e21c7a60bf8/element/f.C6480B129F3E0D11095D72FF7684A092.d.0A61553A524CB0931B0F5272A32FDFB4.e.3951/click - {}
RESULT: {}
COMMAND: GET /session/eec783fecbf0a41fe1bd0e21c7a60bf8/screenshot - {}
RESULT: {}
COMMAND: POST /session/eec783fecbf0a41fe1bd0e21c7a60bf8/execute/async - {"script":"<script> [1562 bytes]","args":[{"selector":{"controlType":"sap.m.Text","viewName":"etm.portal.ui.manageresources.view.Detail","viewId":"application-manageresources-display-component---detailRU","bindingPath":{"propertyPath":"ID","modelName":"catalogModel"}},"wdio_ui5_key":"etmportal.ui.manageresources.view.Detailsap.m.Text{\"propertyPath\":\"ID\",\"modelName\":\"catalogModel\"}"}]}
RESULT: {"script":"<script> [1562 bytes]","args":[{"selector":{"controlType":"sap.m.Text","viewName":"etm.portal.ui.manageresources.view.Detail","viewId":"application-manageresources-display-component---detailRU","bindingPath":{"propertyPath":"ID","modelName":"catalogModel"}},"wdio_ui5_key":"etmportal.ui.manageresources.view.Detailsap.m.Text{\"propertyPath\":\"ID\",\"modelName\":\"catalogModel\"}"}]}
RESULT: undefined
COMMAND: POST /session/eec783fecbf0a41fe1bd0e21c7a60bf8/execute/async - {"script":"<script> [6424 bytes]","args":[{"element-6066-11e4-a52e-4f735466cecf":"f.C6480B129F3E0D11095D72FF7684A092.d.0A61553A524CB0931B0F5272A32FDFB4.e.3983"},"getText",[]]}
RESULT: {"script":"<script> [6424 bytes]","args":[{"element-6066-11e4-a52e-4f735466cecf":"f.C6480B129F3E0D11095D72FF7684A092.d.0A61553A524CB0931B0F5272A32FDFB4.e.3983"},"getText",[]]}
COMMAND: POST /session/eec783fecbf0a41fe1bd0e21c7a60bf8/element - {"using":"css selector","value":"#shell-header-logo"}
RESULT: {"using":"css selector","value":"#shell-header-logo"}
COMMAND: POST /session/eec783fecbf0a41fe1bd0e21c7a60bf8/element/f.C6480B129F3E0D11095D72FF7684A092.d.0A61553A524CB0931B0F5272A32FDFB4.e.3365/click - {}
RESULT: {}
COMMAND: GET /session/eec783fecbf0a41fe1bd0e21c7a60bf8/screenshot - {}
RESULT: {}
COMMAND: POST /session/eec783fecbf0a41fe1bd0e21c7a60bf8/execute/async - {"script":"<script> [1562 bytes]","args":[{"selector":{"controlType":"sap.m.GenericTile","properties":{"header":"Manage Catalogs"}},"wdio_ui5_key":"sapm.GenericTile{\"header\":\"Manage Catalogs\"}"}]}
RESULT: {"script":"<script> [1562 bytes]","args":[{"selector":{"controlType":"sap.m.GenericTile","properties":{"header":"Manage Catalogs"}},"wdio_ui5_key":"sapm.GenericTile{\"header\":\"Manage Catalogs\"}"}]}
RESULT: undefined
COMMAND: POST /session/eec783fecbf0a41fe1bd0e21c7a60bf8/element - {"using":"xpath","value":"//*[@id=\"__tile37\"]"}
RESULT: {"using":"xpath","value":"//*[@id=\"__tile37\"]"}
COMMAND: POST /session/eec783fecbf0a41fe1bd0e21c7a60bf8/element/f.C6480B129F3E0D11095D72FF7684A092.d.0A61553A524CB0931B0F5272A32FDFB4.e.3985/click - {}
RESULT: {}
COMMAND: GET /session/eec783fecbf0a41fe1bd0e21c7a60bf8/screenshot - {}
RESULT: {}
COMMAND: POST /session/eec783fecbf0a41fe1bd0e21c7a60bf8/elements - {"using":"xpath","value":"//span[text()='Error']"}
RESULT: {"using":"xpath","value":"//span[text()='Error']"}
COMMAND: POST /session/eec783fecbf0a41fe1bd0e21c7a60bf8/execute/async - {"script":"<script> [1562 bytes]","args":[{"selector":{"controlType":"sap.m.Text","viewName":"etm.portal.ui.managecatalogs.view.MasterCatalogs","viewId":"application-managecatalogs-display-component---masterCatalogs","bindingPath":{"path":"/Catalogs('0D7502D073D53A0F1700BE067B89AFF9')","propertyPath":"DESCRIPTION","modelName":"catalogModel"}},"wdio_ui5_key":"etmportal.ui.managecatalogs.view.MasterCatalogssap.m.Text{\"path\":\"/Catalogs('0D7502D073D53A0F1700BE067B89AFF9')\",\"propertyPath\":\"DESCRIPTION\",\"modelName\":\"catalogModel\"}"}]}
RESULT: {"script":"<script> [1562 bytes]","args":[{"selector":{"controlType":"sap.m.Text","viewName":"etm.portal.ui.managecatalogs.view.MasterCatalogs","viewId":"application-managecatalogs-display-component---masterCatalogs","bindingPath":{"path":"/Catalogs('0D7502D073D53A0F1700BE067B89AFF9')","propertyPath":"DESCRIPTION","modelName":"catalogModel"}},"wdio_ui5_key":"etmportal.ui.managecatalogs.view.MasterCatalogssap.m.Text{\"path\":\"/Catalogs('0D7502D073D53A0F1700BE067B89AFF9')\",\"propertyPath\":\"DESCRIPTION\",\"modelName\":\"catalogModel\"}"}]}
RESULT: undefined
COMMAND: POST /session/eec783fecbf0a41fe1bd0e21c7a60bf8/element - {"using":"xpath","value":"//*[@id=\"__text1058-application-managecatalogs-display-component---masterCatalogs--CatalogsTable-11\"]"}
RESULT: {"using":"xpath","value":"//*[@id=\"__text1058-application-managecatalogs-display-component---masterCatalogs--CatalogsTable-11\"]"}
COMMAND: POST /session/eec783fecbf0a41fe1bd0e21c7a60bf8/element/f.C6480B129F3E0D11095D72FF7684A092.d.0A61553A524CB0931B0F5272A32FDFB4.e.4100/click - {}
RESULT: {}
COMMAND: POST /session/eec783fecbf0a41fe1bd0e21c7a60bf8/execute/async - {"script":"<script> [1562 bytes]","args":[{"selector":{"controlType":"sap.ui.layout.HorizontalLayout","viewName":"etm.portal.ui.managecatalogs.view.MasterItems","viewId":"application-managecatalogs-display-component---masterCatalogItems","ancestor":{"id":"application-managecatalogs-display-component---masterCatalogItems--idCatalogItemsTree-rows-row0"}},"wdio_ui5_key":"etmportal.ui.managecatalogs.view.MasterItemssap.ui.layout.HorizontalLayout{\"id\":\"application-managecatalogs-display-component---masterCatalogItems--idCatalogItemsTree-rows-row0\"}"}]}
COMMAND: GET /session/eec783fecbf0a41fe1bd0e21c7a60bf8/screenshot - {}
RESULT: {"script":"<script> [1562 bytes]","args":[{"selector":{"controlType":"sap.ui.layout.HorizontalLayout","viewName":"etm.portal.ui.managecatalogs.view.MasterItems","viewId":"application-managecatalogs-display-component---masterCatalogItems","ancestor":{"id":"application-managecatalogs-display-component---masterCatalogItems--idCatalogItemsTree-rows-row0"}},"wdio_ui5_key":"etmportal.ui.managecatalogs.view.MasterItemssap.ui.layout.HorizontalLayout{\"id\":\"application-managecatalogs-display-component---masterCatalogItems--idCatalogItemsTree-rows-row0\"}"}]}
RESULT: undefined
COMMAND: POST /session/eec783fecbf0a41fe1bd0e21c7a60bf8/element - {"using":"xpath","value":"//*[@id=\"__layout302-__clone1815\"]"}
RESULT: {}
RESULT: {"using":"xpath","value":"//*[@id=\"__layout302-__clone1815\"]"}
COMMAND: POST /session/eec783fecbf0a41fe1bd0e21c7a60bf8/element/f.C6480B129F3E0D11095D72FF7684A092.d.0A61553A524CB0931B0F5272A32FDFB4.e.4134/click - {}
RESULT: {}
COMMAND: GET /session/eec783fecbf0a41fe1bd0e21c7a60bf8/screenshot - {}
COMMAND: POST /session/eec783fecbf0a41fe1bd0e21c7a60bf8/execute/async - {"script":"<script> [1562 bytes]","args":[{"selector":{"controlType":"sap.m.Button","viewName":"etm.portal.ui.managecatalogs.view.Detail","viewId":"application-managecatalogs-display-component---detailCatalog","i18NText":{"propertyName":"text","key":"edit"},"interaction":{"idSuffix":"BDI-content"}},"wdio_ui5_key":"etmportal.ui.managecatalogs.view.Detailsap.m.Button{\"propertyName\":\"text\",\"key\":\"edit\"}"}]}
RESULT: {}
RESULT: {"script":"<script> [1562 bytes]","args":[{"selector":{"controlType":"sap.m.Button","viewName":"etm.portal.ui.managecatalogs.view.Detail","viewId":"application-managecatalogs-display-component---detailCatalog","i18NText":{"propertyName":"text","key":"edit"},"interaction":{"idSuffix":"BDI-content"}},"wdio_ui5_key":"etmportal.ui.managecatalogs.view.Detailsap.m.Button{\"propertyName\":\"text\",\"key\":\"edit\"}"}]}
RESULT: undefined
COMMAND: POST /session/eec783fecbf0a41fe1bd0e21c7a60bf8/element - {"using":"xpath","value":"//*[@id=\"__button134\"]"}
RESULT: {"using":"xpath","value":"//*[@id=\"__button134\"]"}
COMMAND: POST /session/eec783fecbf0a41fe1bd0e21c7a60bf8/element/f.C6480B129F3E0D11095D72FF7684A092.d.0A61553A524CB0931B0F5272A32FDFB4.e.4252/click - {}
RESULT: {}
COMMAND: GET /session/eec783fecbf0a41fe1bd0e21c7a60bf8/screenshot - {}
RESULT: {}
COMMAND: POST /session/eec783fecbf0a41fe1bd0e21c7a60bf8/element - {"using":"xpath","value":"//bdi[contains(text(), \"Unlock\")]"}
RESULT: {"using":"xpath","value":"//bdi[contains(text(), \"Unlock\")]"}
COMMAND: POST /session/eec783fecbf0a41fe1bd0e21c7a60bf8/elements - {"using":"xpath","value":"//bdi[contains(text(), \"Unlock\")]"}
RESULT: {"using":"xpath","value":"//bdi[contains(text(), \"Unlock\")]"}
COMMAND: POST /session/eec783fecbf0a41fe1bd0e21c7a60bf8/execute/async - {"script":"<script> [1562 bytes]","args":[{"selector":{"controlType":"sap.ui.core.Icon","viewName":"etm.portal.ui.managecatalogs.view.Detail","viewId":"application-managecatalogs-display-component---detailCatalog","properties":{"src":{"regex":{"source":"add\\-folder"}}}},"wdio_ui5_key":"etmportal.ui.managecatalogs.view.Detailsap.ui.core.Icon{\"src\":{\"regex\":{\"source\":\"add\\\\-folder\"}}}"}]}
RESULT: {"script":"<script> [1562 bytes]","args":[{"selector":{"controlType":"sap.ui.core.Icon","viewName":"etm.portal.ui.managecatalogs.view.Detail","viewId":"application-managecatalogs-display-component---detailCatalog","properties":{"src":{"regex":{"source":"add\\-folder"}}}},"wdio_ui5_key":"etmportal.ui.managecatalogs.view.Detailsap.ui.core.Icon{\"src\":{\"regex\":{\"source\":\"add\\\\-folder\"}}}"}]}
RESULT: undefined
COMMAND: POST /session/eec783fecbf0a41fe1bd0e21c7a60bf8/element - {"using":"xpath","value":"//*[@id=\"__button142-img\"]"}
RESULT: {"using":"xpath","value":"//*[@id=\"__button142-img\"]"}
COMMAND: POST /session/eec783fecbf0a41fe1bd0e21c7a60bf8/element/f.C6480B129F3E0D11095D72FF7684A092.d.0A61553A524CB0931B0F5272A32FDFB4.e.4260/click - {}
RESULT: {}
COMMAND: GET /session/eec783fecbf0a41fe1bd0e21c7a60bf8/screenshot - {}
RESULT: {}
COMMAND: POST /session/eec783fecbf0a41fe1bd0e21c7a60bf8/execute/async - {"script":"<script> [1562 bytes]","args":[{"selector":{"id":"application-managecatalogs-display-component---detailCatalog--numberInput","searchOpenDialogs":true,"interaction":{"idSuffix":"inner"}},"wdio_ui5_key":"applicationmanagecatalogs-display-component---detailCatalog--numberInput"}]}
RESULT: {"script":"<script> [1562 bytes]","args":[{"selector":{"id":"application-managecatalogs-display-component---detailCatalog--numberInput","searchOpenDialogs":true,"interaction":{"idSuffix":"inner"}},"wdio_ui5_key":"applicationmanagecatalogs-display-component---detailCatalog--numberInput"}]}
RESULT: undefined
COMMAND: POST /session/eec783fecbf0a41fe1bd0e21c7a60bf8/execute/async - {"script":"<script> [776 bytes]","args":[{"enterText":"Sectiontfyvr","selector":{"id":"application-managecatalogs-display-component---detailCatalog--numberInput","searchOpenDialogs":true,"interaction":{"idSuffix":"inner"}},"clearTextFirst":true,"interactionType":"ENTER_TEXT"}]}
RESULT: {"script":"<script> [776 bytes]","args":[{"enterText":"Sectiontfyvr","selector":{"id":"application-managecatalogs-display-component---detailCatalog--numberInput","searchOpenDialogs":true,"interaction":{"idSuffix":"inner"}},"clearTextFirst":true,"interactionType":"ENTER_TEXT"}]}
COMMAND: POST /session/eec783fecbf0a41fe1bd0e21c7a60bf8/element - {"using":"css selector","value":"#application-managecatalogs-display-component---detailCatalog--nameInput-inner"}
RESULT: {"using":"css selector","value":"#application-managecatalogs-display-component---detailCatalog--nameInput-inner"}
COMMAND: POST /session/eec783fecbf0a41fe1bd0e21c7a60bf8/elements - {"using":"css selector","value":"#application-managecatalogs-display-component---detailCatalog--nameInput-inner"}
RESULT: {"using":"css selector","value":"#application-managecatalogs-display-component---detailCatalog--nameInput-inner"}
COMMAND: POST /session/eec783fecbf0a41fe1bd0e21c7a60bf8/element/f.C6480B129F3E0D11095D72FF7684A092.d.0A61553A524CB0931B0F5272A32FDFB4.e.4264/clear - {}
RESULT: {}
COMMAND: POST /session/eec783fecbf0a41fe1bd0e21c7a60bf8/element/f.C6480B129F3E0D11095D72FF7684A092.d.0A61553A524CB0931B0F5272A32FDFB4.e.4264/value - {"text":"Webdrivergi652"}
COMMAND: GET /session/eec783fecbf0a41fe1bd0e21c7a60bf8/screenshot - {}
RESULT: {"text":"Webdrivergi652"}
COMMAND: POST /session/eec783fecbf0a41fe1bd0e21c7a60bf8/execute/async - {"script":"<script> [1562 bytes]","args":[{"selector":{"controlType":"sap.m.Button","viewName":"etm.portal.ui.managecatalogs.view.Detail","viewId":"application-managecatalogs-display-component---detailCatalog","i18NText":{"propertyName":"text","key":"create"},"searchOpenDialogs":true,"interaction":{"idSuffix":"BDI-content"}},"wdio_ui5_key":"etmportal.ui.managecatalogs.view.Detailsap.m.Button{\"propertyName\":\"text\",\"key\":\"create\"}"}]}
COMMAND: GET /session/eec783fecbf0a41fe1bd0e21c7a60bf8/screenshot - {}
RESULT: {}
RESULT: {"script":"<script> [1562 bytes]","args":[{"selector":{"controlType":"sap.m.Button","viewName":"etm.portal.ui.managecatalogs.view.Detail","viewId":"application-managecatalogs-display-component---detailCatalog","i18NText":{"propertyName":"text","key":"create"},"searchOpenDialogs":true,"interaction":{"idSuffix":"BDI-content"}},"wdio_ui5_key":"etmportal.ui.managecatalogs.view.Detailsap.m.Button{\"propertyName\":\"text\",\"key\":\"create\"}"}]}
RESULT: undefined
COMMAND: POST /session/eec783fecbf0a41fe1bd0e21c7a60bf8/element - {"using":"xpath","value":"//*[@id=\"__button112\"]"}
RESULT: {}
RESULT: {"using":"xpath","value":"//*[@id=\"__button112\"]"}
COMMAND: POST /session/eec783fecbf0a41fe1bd0e21c7a60bf8/element/f.C6480B129F3E0D11095D72FF7684A092.d.0A61553A524CB0931B0F5272A32FDFB4.e.4269/click - {}
RESULT: {}
COMMAND: GET /session/eec783fecbf0a41fe1bd0e21c7a60bf8/screenshot - {}
RESULT: {}
COMMAND: POST /session/eec783fecbf0a41fe1bd0e21c7a60bf8/element - {"using":"xpath","value":"//button[@title=\"Save\"]"}
RESULT: {"using":"xpath","value":"//button[@title=\"Save\"]"}
COMMAND: POST /session/eec783fecbf0a41fe1bd0e21c7a60bf8/element/f.C6480B129F3E0D11095D72FF7684A092.d.0A61553A524CB0931B0F5272A32FDFB4.e.4270/click - {}
RESULT: {}
COMMAND: POST /session/eec783fecbf0a41fe1bd0e21c7a60bf8/execute/async - {"script":"<script> [1562 bytes]","args":[{"selector":{"controlType":"sap.ui.core.Icon","viewName":"etm.portal.ui.managecatalogs.view.Detail","viewId":"application-managecatalogs-display-component---detailCatalog","properties":{"src":{"regex":{"source":"decline"}}}},"wdio_ui5_key":"etmportal.ui.managecatalogs.view.Detailsap.ui.core.Icon{\"src\":{\"regex\":{\"source\":\"decline\"}}}"}]}
COMMAND: GET /session/eec783fecbf0a41fe1bd0e21c7a60bf8/screenshot - {}
RESULT: {"script":"<script> [1562 bytes]","args":[{"selector":{"controlType":"sap.ui.core.Icon","viewName":"etm.portal.ui.managecatalogs.view.Detail","viewId":"application-managecatalogs-display-component---detailCatalog","properties":{"src":{"regex":{"source":"decline"}}}},"wdio_ui5_key":"etmportal.ui.managecatalogs.view.Detailsap.ui.core.Icon{\"src\":{\"regex\":{\"source\":\"decline\"}}}"}]}
RESULT: undefined
COMMAND: POST /session/eec783fecbf0a41fe1bd0e21c7a60bf8/element - {"using":"xpath","value":"//*[@id=\"__button137-img\"]"}
RESULT: {}
RESULT: {"using":"xpath","value":"//*[@id=\"__button137-img\"]"}
COMMAND: POST /session/eec783fecbf0a41fe1bd0e21c7a60bf8/element/f.C6480B129F3E0D11095D72FF7684A092.d.0A61553A524CB0931B0F5272A32FDFB4.e.4276/click - {}
RESULT: {}
COMMAND: GET /session/eec783fecbf0a41fe1bd0e21c7a60bf8/screenshot - {}
RESULT: {}
COMMAND: POST /session/eec783fecbf0a41fe1bd0e21c7a60bf8/execute/async - {"script":"<script> [1562 bytes]","args":[{"selector":{"controlType":"sap.ui.core.Icon","viewName":"etm.portal.ui.managecatalogs.view.MasterItems","viewId":"application-managecatalogs-display-component---masterCatalogItems","properties":{"src":{"regex":{"source":"refresh"}}}},"wdio_ui5_key":"etmportal.ui.managecatalogs.view.MasterItemssap.ui.core.Icon{\"src\":{\"regex\":{\"source\":\"refresh\"}}}"}]}
RESULT: {"script":"<script> [1562 bytes]","args":[{"selector":{"controlType":"sap.ui.core.Icon","viewName":"etm.portal.ui.managecatalogs.view.MasterItems","viewId":"application-managecatalogs-display-component---masterCatalogItems","properties":{"src":{"regex":{"source":"refresh"}}}},"wdio_ui5_key":"etmportal.ui.managecatalogs.view.MasterItemssap.ui.core.Icon{\"src\":{\"regex\":{\"source\":\"refresh\"}}}"}]}
RESULT: undefined
COMMAND: POST /session/eec783fecbf0a41fe1bd0e21c7a60bf8/element - {"using":"xpath","value":"//*[@id=\"__button110-img\"]"}
RESULT: {"using":"xpath","value":"//*[@id=\"__button110-img\"]"}
COMMAND: POST /session/eec783fecbf0a41fe1bd0e21c7a60bf8/element/f.C6480B129F3E0D11095D72FF7684A092.d.0A61553A524CB0931B0F5272A32FDFB4.e.4310/click - {}
RESULT: {}
COMMAND: POST /session/eec783fecbf0a41fe1bd0e21c7a60bf8/execute/async - {"script":"<script> [1562 bytes]","args":[{"selector":{"id":"application-managecatalogs-display-component---masterCatalogItems--searchItemsField","interaction":{"idSuffix":"I"}},"wdio_ui5_key":"applicationmanagecatalogs-display-component---masterCatalogItems--searchItemsField"}]}
COMMAND: GET /session/eec783fecbf0a41fe1bd0e21c7a60bf8/screenshot - {}
RESULT: {"script":"<script> [1562 bytes]","args":[{"selector":{"id":"application-managecatalogs-display-component---masterCatalogItems--searchItemsField","interaction":{"idSuffix":"I"}},"wdio_ui5_key":"applicationmanagecatalogs-display-component---masterCatalogItems--searchItemsField"}]}
RESULT: undefined
COMMAND: POST /session/eec783fecbf0a41fe1bd0e21c7a60bf8/execute/async - {"script":"<script> [776 bytes]","args":[{"enterText":"Webdrivergi652","selector":{"id":"application-managecatalogs-display-component---masterCatalogItems--searchItemsField","interaction":{"idSuffix":"I"}},"clearTextFirst":true,"interactionType":"ENTER_TEXT"}]}
RESULT: {}
RESULT: {"script":"<script> [776 bytes]","args":[{"enterText":"Webdrivergi652","selector":{"id":"application-managecatalogs-display-component---masterCatalogItems--searchItemsField","interaction":{"idSuffix":"I"}},"clearTextFirst":true,"interactionType":"ENTER_TEXT"}]}
COMMAND: POST /session/eec783fecbf0a41fe1bd0e21c7a60bf8/actions - {"actions":[{"id":"action10","type":"key","parameters":{},"actions":[{"type":"keyDown","value":""},{"type":"pause","duration":10},{"type":"keyUp","value":""}]}]}
RESULT: {"actions":[{"id":"action10","type":"key","parameters":{},"actions":[{"type":"keyDown","value":""},{"type":"pause","duration":10},{"type":"keyUp","value":""}]}]}
COMMAND: POST /session/eec783fecbf0a41fe1bd0e21c7a60bf8/element - {"using":"xpath","value":"(//span[contains(text(), \"Webdrivergi652\")])[1]"}
COMMAND: GET /session/eec783fecbf0a41fe1bd0e21c7a60bf8/screenshot - {}
RESULT: {"using":"xpath","value":"(//span[contains(text(), \"Webdrivergi652\")])[1]"}
COMMAND: POST /session/eec783fecbf0a41fe1bd0e21c7a60bf8/element/f.C6480B129F3E0D11095D72FF7684A092.d.0A61553A524CB0931B0F5272A32FDFB4.e.4313/click - {}
RESULT: {}
RESULT: {}
COMMAND: GET /session/eec783fecbf0a41fe1bd0e21c7a60bf8/screenshot - {}
RESULT: {}
RESULT: undefined
COMMAND: POST /session/eec783fecbf0a41fe1bd0e21c7a60bf8/element - {"using":"xpath","value":"//*[@id=\"__button134\"]"}
RESULT: {"using":"xpath","value":"//*[@id=\"__button134\"]"}
COMMAND: POST /session/eec783fecbf0a41fe1bd0e21c7a60bf8/element/f.C6480B129F3E0D11095D72FF7684A092.d.0A61553A524CB0931B0F5272A32FDFB4.e.4346/click - {}
RESULT: {}
COMMAND: GET /session/eec783fecbf0a41fe1bd0e21c7a60bf8/screenshot - {}
RESULT: {}
RESULT: undefined
COMMAND: POST /session/eec783fecbf0a41fe1bd0e21c7a60bf8/element - {"using":"xpath","value":"//*[@id=\"__button142-img\"]"}
RESULT: {"using":"xpath","value":"//*[@id=\"__button142-img\"]"}
COMMAND: POST /session/eec783fecbf0a41fe1bd0e21c7a60bf8/element/f.C6480B129F3E0D11095D72FF7684A092.d.0A61553A524CB0931B0F5272A32FDFB4.e.4398/click - {}
RESULT: {}
COMMAND: GET /session/eec783fecbf0a41fe1bd0e21c7a60bf8/screenshot - {}
RESULT: {}
RESULT: undefined
COMMAND: POST /session/eec783fecbf0a41fe1bd0e21c7a60bf8/execute/async - {"script":"<script> [776 bytes]","args":[{"enterText":"SecondSectiontwq6mh","selector":{"id":"application-managecatalogs-display-component---detailCatalog--numberInput","searchOpenDialogs":true,"interaction":{"idSuffix":"inner"}},"clearTextFirst":true,"interactionType":"ENTER_TEXT"}]}
RESULT: {"script":"<script> [776 bytes]","args":[{"enterText":"SecondSectiontwq6mh","selector":{"id":"application-managecatalogs-display-component---detailCatalog--numberInput","searchOpenDialogs":true,"interaction":{"idSuffix":"inner"}},"clearTextFirst":true,"interactionType":"ENTER_TEXT"}]}
COMMAND: POST /session/eec783fecbf0a41fe1bd0e21c7a60bf8/element - {"using":"xpath","value":"//input[contains(@id ,\"application-managecatalogs-display-component---detailCatalog--nameInput-inner\")]"}
RESULT: {"using":"xpath","value":"//input[contains(@id ,\"application-managecatalogs-display-component---detailCatalog--nameInput-inner\")]"}
COMMAND: POST /session/eec783fecbf0a41fe1bd0e21c7a60bf8/elements - {"using":"xpath","value":"//input[contains(@id ,\"application-managecatalogs-display-component---detailCatalog--nameInput-inner\")]"}
RESULT: {"using":"xpath","value":"//input[contains(@id ,\"application-managecatalogs-display-component---detailCatalog--nameInput-inner\")]"}
COMMAND: POST /session/eec783fecbf0a41fe1bd0e21c7a60bf8/element/f.C6480B129F3E0D11095D72FF7684A092.d.0A61553A524CB0931B0F5272A32FDFB4.e.4402/clear - {}
RESULT: {}
COMMAND: POST /session/eec783fecbf0a41fe1bd0e21c7a60bf8/element/f.C6480B129F3E0D11095D72FF7684A092.d.0A61553A524CB0931B0F5272A32FDFB4.e.4402/value - {"text":"webdriversecond22uzz"}
COMMAND: GET /session/eec783fecbf0a41fe1bd0e21c7a60bf8/screenshot - {}
RESULT: {"text":"webdriversecond22uzz"}
RESULT: undefined
COMMAND: POST /session/eec783fecbf0a41fe1bd0e21c7a60bf8/element - {"using":"xpath","value":"//*[@id=\"__button112\"]"}
COMMAND: GET /session/eec783fecbf0a41fe1bd0e21c7a60bf8/screenshot - {}
RESULT: {}
RESULT: {"using":"xpath","value":"//*[@id=\"__button112\"]"}
COMMAND: POST /session/eec783fecbf0a41fe1bd0e21c7a60bf8/element/f.C6480B129F3E0D11095D72FF7684A092.d.0A61553A524CB0931B0F5272A32FDFB4.e.4406/click - {}
RESULT: {}
RESULT: {}
COMMAND: GET /session/eec783fecbf0a41fe1bd0e21c7a60bf8/screenshot - {}
RESULT: {}
COMMAND: POST /session/eec783fecbf0a41fe1bd0e21c7a60bf8/element - {"using":"xpath","value":"//button[@title=\"Save\"]"}
RESULT: {"using":"xpath","value":"//button[@title=\"Save\"]"}
COMMAND: POST /session/eec783fecbf0a41fe1bd0e21c7a60bf8/element/f.C6480B129F3E0D11095D72FF7684A092.d.0A61553A524CB0931B0F5272A32FDFB4.e.4384/click - {}
RESULT: {}
COMMAND: GET /session/eec783fecbf0a41fe1bd0e21c7a60bf8/screenshot - {}
RESULT: {}
RESULT: undefined
COMMAND: POST /session/eec783fecbf0a41fe1bd0e21c7a60bf8/element - {"using":"xpath","value":"//*[@id=\"__button137-img\"]"}
RESULT: {"using":"xpath","value":"//*[@id=\"__button137-img\"]"}
COMMAND: POST /session/eec783fecbf0a41fe1bd0e21c7a60bf8/element/f.C6480B129F3E0D11095D72FF7684A092.d.0A61553A524CB0931B0F5272A32FDFB4.e.4353/click - {}
RESULT: {}
COMMAND: GET /session/eec783fecbf0a41fe1bd0e21c7a60bf8/screenshot - {}
RESULT: {}
RESULT: undefined
COMMAND: POST /session/eec783fecbf0a41fe1bd0e21c7a60bf8/element - {"using":"xpath","value":"//*[@id=\"__button110-img\"]"}
RESULT: {"using":"xpath","value":"//*[@id=\"__button110-img\"]"}
COMMAND: POST /session/eec783fecbf0a41fe1bd0e21c7a60bf8/element/f.C6480B129F3E0D11095D72FF7684A092.d.0A61553A524CB0931B0F5272A32FDFB4.e.4448/click - {}
RESULT: {}
COMMAND: GET /session/eec783fecbf0a41fe1bd0e21c7a60bf8/screenshot - {}
RESULT: {}
RESULT: undefined
COMMAND: POST /session/eec783fecbf0a41fe1bd0e21c7a60bf8/execute/async - {"script":"<script> [776 bytes]","args":[{"enterText":"SecondSectiontwq6mh","selector":{"id":"application-managecatalogs-display-component---masterCatalogItems--searchItemsField","interaction":{"idSuffix":"I"}},"clearTextFirst":true,"interactionType":"ENTER_TEXT"}]}
RESULT: {"script":"<script> [776 bytes]","args":[{"enterText":"SecondSectiontwq6mh","selector":{"id":"application-managecatalogs-display-component---masterCatalogItems--searchItemsField","interaction":{"idSuffix":"I"}},"clearTextFirst":true,"interactionType":"ENTER_TEXT"}]}
COMMAND: POST /session/eec783fecbf0a41fe1bd0e21c7a60bf8/actions - {"actions":[{"id":"action11","type":"key","parameters":{},"actions":[{"type":"keyDown","value":""},{"type":"pause","duration":10},{"type":"keyUp","value":""}]}]}
RESULT: {"actions":[{"id":"action11","type":"key","parameters":{},"actions":[{"type":"keyDown","value":""},{"type":"pause","duration":10},{"type":"keyUp","value":""}]}]}
COMMAND: POST /session/eec783fecbf0a41fe1bd0e21c7a60bf8/element - {"using":"xpath","value":"(//span[contains(text(), \"SecondSectiontwq6mh\")])[1]"}
COMMAND: GET /session/eec783fecbf0a41fe1bd0e21c7a60bf8/screenshot - {}
RESULT: {"using":"xpath","value":"(//span[contains(text(), \"SecondSectiontwq6mh\")])[1]"}
COMMAND: POST /session/eec783fecbf0a41fe1bd0e21c7a60bf8/element/f.C6480B129F3E0D11095D72FF7684A092.d.0A61553A524CB0931B0F5272A32FDFB4.e.4451/click - {}
RESULT: {}
RESULT: {}
COMMAND: POST /session/eec783fecbf0a41fe1bd0e21c7a60bf8/element - {"using":"xpath","value":"(//span[contains(text(), \"SecondSectiontwq6mh\")])[1]"}
COMMAND: GET /session/eec783fecbf0a41fe1bd0e21c7a60bf8/screenshot - {}
RESULT: {"using":"xpath","value":"(//span[contains(text(), \"SecondSectiontwq6mh\")])[1]"}
COMMAND: GET /session/eec783fecbf0a41fe1bd0e21c7a60bf8/element/f.C6480B129F3E0D11095D72FF7684A092.d.0A61553A524CB0931B0F5272A32FDFB4.e.4451/text - {}
RESULT: {}
COMMAND: POST /session/eec783fecbf0a41fe1bd0e21c7a60bf8/element - {"using":"xpath","value":"(//span[contains(text(), \"SecondSectiontwq6mh\")])[1]"}
RESULT: {"using":"xpath","value":"(//span[contains(text(), \"SecondSectiontwq6mh\")])[1]"}
COMMAND: GET /session/eec783fecbf0a41fe1bd0e21c7a60bf8/element/f.C6480B129F3E0D11095D72FF7684A092.d.0A61553A524CB0931B0F5272A32FDFB4.e.4451/text - {}
COMMAND: POST /session/eec783fecbf0a41fe1bd0e21c7a60bf8/element - {"using":"xpath","value":"(//span[contains(text(), \"SecondSectiontwq6mh\")])[1]"}
RESULT: {"using":"xpath","value":"(//span[contains(text(), \"SecondSectiontwq6mh\")])[1]"}
COMMAND: GET /session/eec783fecbf0a41fe1bd0e21c7a60bf8/element/f.C6480B129F3E0D11095D72FF7684A092.d.0A61553A524CB0931B0F5272A32FDFB4.e.4502/text - {}
RESULT: {}
COMMAND: POST /session/eec783fecbf0a41fe1bd0e21c7a60bf8/refresh - {}
RESULT: {}
COMMAND: GET /session/eec783fecbf0a41fe1bd0e21c7a60bf8/screenshot - {}
RESULT: {}
COMMAND: POST /session/eec783fecbf0a41fe1bd0e21c7a60bf8/execute/async - {"script":"<script> [189 bytes]","args":[]}
RESULT: {"script":"<script> [189 bytes]","args":[]}
COMMAND: POST /session/eec783fecbf0a41fe1bd0e21c7a60bf8/execute/async - {"script":"<script> [123 bytes]","args":[]}
RESULT: {"script":"<script> [123 bytes]","args":[]}
COMMAND: POST /session/eec783fecbf0a41fe1bd0e21c7a60bf8/timeouts - {"script":"<number>"}
RESULT: {"script":"<number>"}
COMMAND: GET /session/eec783fecbf0a41fe1bd0e21c7a60bf8/timeouts - {}
RESULT: {}
RESULT: undefined
COMMAND: POST /session/eec783fecbf0a41fe1bd0e21c7a60bf8/execute/async - {"script":"<script> [2676 bytes]","args":[]}
RESULT: {"script":"<script> [2676 bytes]","args":[]}
COMMAND: POST /session/eec783fecbf0a41fe1bd0e21c7a60bf8/execute/async - {"script":"<script> [2342 bytes]","args":[{"protocol":"http","hostname":"0.0.0.0","path":"/","capabilities":{"browserName":"chrome","goog:chromeOptions":{"binary":"C:\\Program Files\\Google\\Chrome\\Application\\chrome.exe","args":["--start-maximized"]}},"logLevel":"warn","connectionRetryTimeout":120000,"connectionRetryCount":3,"logLevels":{},"enableDirectConnect":true,"strictSSL":true,"_":"65 more keys: [\"cacheDir\",\"port\",\"requestedCapabilities\",\"automationProtocol\",\"baseUrl\",\"waitforInterval\",\"waitforTimeout\",\"onReload\",\"beforeCommand\",\"afterCommand\",\"rootDir\",\"specs\",\"suites\",\"exclude\",\"groupLogsByTestSpec\",\"excludeDriverLogs\",\"bail\",\"framework\",\"reporters\",\"services\",\"maxInstances\",\"maxInstancesPerCapability\",\"injectGlobals\",\"filesToWatch\",\"execArgv\",\"runnerEnv\",\"runner\",\"shard\",\"specFileRetries\",\"specFileRetriesDelay\",\"specFileRetriesDeferred\",\"reporterSyncInterval\",\"reporterSyncTimeout\",\"cucumberFeaturesWithLineNumbers\",\"autoCompileOpts\",\"mochaOpts\",\"jasmineOpts\",\"cucumberOpts\",\"onPrepare\",\"onWorkerStart\",\"onWorkerEnd\",\"before\",\"beforeSession\",\"beforeSuite\",\"beforeHook\",\"beforeTest\",\"afterTest\",\"afterHook\",\"afterSuite\",\"afterSession\",\"after\",\"onComplete\",\"beforeAssertion\",\"afterAssertion\",\"beforeFeature\",\"beforeScenario\",\"beforeStep\",\"afterStep\",\"afterScenario\",\"afterFeature\",\"_\",\"suite\",\"$0\",\"ignoredWorkerServices\",\"wdi5\"]"}]}
RESULT: {"script":"<script> [2342 bytes]","args":[{"protocol":"http","hostname":"0.0.0.0","path":"/","capabilities":{"browserName":"chrome","goog:chromeOptions":{"binary":"C:\\Program Files\\Google\\Chrome\\Application\\chrome.exe","args":["--start-maximized"]}},"logLevel":"warn","connectionRetryTimeout":120000,"connectionRetryCount":3,"logLevels":{},"enableDirectConnect":true,"strictSSL":true,"_":"65 more keys: [\"cacheDir\",\"port\",\"requestedCapabilities\",\"automationProtocol\",\"baseUrl\",\"waitforInterval\",\"waitforTimeout\",\"onReload\",\"beforeCommand\",\"afterCommand\",\"rootDir\",\"specs\",\"suites\",\"exclude\",\"groupLogsByTestSpec\",\"excludeDriverLogs\",\"bail\",\"framework\",\"reporters\",\"services\",\"maxInstances\",\"maxInstancesPerCapability\",\"injectGlobals\",\"filesToWatch\",\"execArgv\",\"runnerEnv\",\"runner\",\"shard\",\"specFileRetries\",\"specFileRetriesDelay\",\"specFileRetriesDeferred\",\"reporterSyncInterval\",\"reporterSyncTimeout\",\"cucumberFeaturesWithLineNumbers\",\"autoCompileOpts\",\"mochaOpts\",\"jasmineOpts\",\"cucumberOpts\",\"onPrepare\",\"onWorkerStart\",\"onWorkerEnd\",\"before\",\"beforeSession\",\"beforeSuite\",\"beforeHook\",\"beforeTest\",\"afterTest\",\"afterHook\",\"afterSuite\",\"afterSession\",\"after\",\"onComplete\",\"beforeAssertion\",\"afterAssertion\",\"beforeFeature\",\"beforeScenario\",\"beforeStep\",\"afterStep\",\"afterScenario\",\"afterFeature\",\"_\",\"suite\",\"$0\",\"ignoredWorkerServices\",\"wdi5\"]"}]}
COMMAND: POST /session/eec783fecbf0a41fe1bd0e21c7a60bf8/execute/async - {"script":"<script> [21126 bytes]","args":[35000]}
RESULT: {"script":"<script> [21126 bytes]","args":[35000]}
COMMAND: POST /session/eec783fecbf0a41fe1bd0e21c7a60bf8/execute/async - {"script":"<script> [1562 bytes]","args":[{"selector":{"controlType":"sap.m.Button","viewName":"etm.portal.ui.managecatalogs.view.Detail","viewId":"application-managecatalogs-display-component---detailCatalog","i18NText":{"propertyName":"text","key":"edit"},"interaction":{"idSuffix":"BDI-content"}},"wdio_ui5_key":"etmportal.ui.managecatalogs.view.Detailsap.m.Button{\"propertyName\":\"text\",\"key\":\"edit\"}"}]}
RESULT: {"script":"<script> [1562 bytes]","args":[{"selector":{"controlType":"sap.m.Button","viewName":"etm.portal.ui.managecatalogs.view.Detail","viewId":"application-managecatalogs-display-component---detailCatalog","i18NText":{"propertyName":"text","key":"edit"},"interaction":{"idSuffix":"BDI-content"}},"wdio_ui5_key":"etmportal.ui.managecatalogs.view.Detailsap.m.Button{\"propertyName\":\"text\",\"key\":\"edit\"}"}]}
RESULT: undefined
COMMAND: POST /session/eec783fecbf0a41fe1bd0e21c7a60bf8/element - {"using":"xpath","value":"//*[@id=\"__button25\"]"}
RESULT: {"using":"xpath","value":"//*[@id=\"__button25\"]"}
COMMAND: POST /session/eec783fecbf0a41fe1bd0e21c7a60bf8/element/f.C6480B129F3E0D11095D72FF7684A092.d.E257BCCAAE8B4E50CA0D772B0EB380BA.e.4563/click - {}
RESULT: {}
COMMAND: GET /session/eec783fecbf0a41fe1bd0e21c7a60bf8/screenshot - {}
RESULT: {}
COMMAND: POST /session/eec783fecbf0a41fe1bd0e21c7a60bf8/element - {"using":"xpath","value":"//button[contains(@title ,\"Create Catalog Item\")]"}
RESULT: {"using":"xpath","value":"//button[contains(@title ,\"Create Catalog Item\")]"}
COMMAND: POST /session/eec783fecbf0a41fe1bd0e21c7a60bf8/element/f.C6480B129F3E0D11095D72FF7684A092.d.E257BCCAAE8B4E50CA0D772B0EB380BA.e.4569/click - {}
RESULT: {}
COMMAND: POST /session/eec783fecbf0a41fe1bd0e21c7a60bf8/execute/async - {"script":"<script> [1562 bytes]","args":[{"selector":{"id":"application-managecatalogs-display-component---detailCatalog--newItemNumberInput","searchOpenDialogs":true,"interaction":{"idSuffix":"inner"}},"wdio_ui5_key":"applicationmanagecatalogs-display-component---detailCatalog--newItemNumberInput"}]}
COMMAND: GET /session/eec783fecbf0a41fe1bd0e21c7a60bf8/screenshot - {}
RESULT: {"script":"<script> [1562 bytes]","args":[{"selector":{"id":"application-managecatalogs-display-component---detailCatalog--newItemNumberInput","searchOpenDialogs":true,"interaction":{"idSuffix":"inner"}},"wdio_ui5_key":"applicationmanagecatalogs-display-component---detailCatalog--newItemNumberInput"}]}
RESULT: undefined
COMMAND: POST /session/eec783fecbf0a41fe1bd0e21c7a60bf8/execute/async - {"script":"<script> [776 bytes]","args":[{"enterText":"catalogItemk8gb6","selector":{"id":"application-managecatalogs-display-component---detailCatalog--newItemNumberInput","searchOpenDialogs":true,"interaction":{"idSuffix":"inner"}},"clearTextFirst":true,"interactionType":"ENTER_TEXT"}]}
RESULT: {}
RESULT: {"script":"<script> [776 bytes]","args":[{"enterText":"catalogItemk8gb6","selector":{"id":"application-managecatalogs-display-component---detailCatalog--newItemNumberInput","searchOpenDialogs":true,"interaction":{"idSuffix":"inner"}},"clearTextFirst":true,"interactionType":"ENTER_TEXT"}]}
COMMAND: POST /session/eec783fecbf0a41fe1bd0e21c7a60bf8/execute/async - {"script":"<script> [1562 bytes]","args":[{"selector":{"controlType":"sap.m.Input","viewName":"etm.portal.ui.managecatalogs.view.Detail","viewId":"application-managecatalogs-display-component---detailCatalog","bindingPath":{"path":"","propertyPath":"/DESCRIPTION"},"searchOpenDialogs":true,"interaction":{"idSuffix":"inner"}},"wdio_ui5_key":"etmportal.ui.managecatalogs.view.Detailsap.m.Input{\"path\":\"\",\"propertyPath\":\"/DESCRIPTION\"}"}]}
RESULT: {"script":"<script> [1562 bytes]","args":[{"selector":{"controlType":"sap.m.Input","viewName":"etm.portal.ui.managecatalogs.view.Detail","viewId":"application-managecatalogs-display-component---detailCatalog","bindingPath":{"path":"","propertyPath":"/DESCRIPTION"},"searchOpenDialogs":true,"interaction":{"idSuffix":"inner"}},"wdio_ui5_key":"etmportal.ui.managecatalogs.view.Detailsap.m.Input{\"path\":\"\",\"propertyPath\":\"/DESCRIPTION\"}"}]}
RESULT: undefined
COMMAND: POST /session/eec783fecbf0a41fe1bd0e21c7a60bf8/execute/async - {"script":"<script> [776 bytes]","args":[{"enterText":"catalogItemNamepw1xjj","selector":{"controlType":"sap.m.Input","viewName":"etm.portal.ui.managecatalogs.view.Detail","viewId":"application-managecatalogs-display-component---detailCatalog","bindingPath":{"path":"","propertyPath":"/DESCRIPTION"},"searchOpenDialogs":true,"interaction":{"idSuffix":"inner"}},"clearTextFirst":true,"interactionType":"ENTER_TEXT"}]}
RESULT: {"script":"<script> [776 bytes]","args":[{"enterText":"catalogItemNamepw1xjj","selector":{"controlType":"sap.m.Input","viewName":"etm.portal.ui.managecatalogs.view.Detail","viewId":"application-managecatalogs-display-component---detailCatalog","bindingPath":{"path":"","propertyPath":"/DESCRIPTION"},"searchOpenDialogs":true,"interaction":{"idSuffix":"inner"}},"clearTextFirst":true,"interactionType":"ENTER_TEXT"}]}
COMMAND: POST /session/eec783fecbf0a41fe1bd0e21c7a60bf8/actions - {"actions":[{"id":"action12","type":"key","parameters":{},"actions":[{"type":"keyDown","value":""},{"type":"pause","duration":10},{"type":"keyUp","value":""}]}]}
RESULT: {"actions":[{"id":"action12","type":"key","parameters":{},"actions":[{"type":"keyDown","value":""},{"type":"pause","duration":10},{"type":"keyUp","value":""}]}]}
COMMAND: GET /session/eec783fecbf0a41fe1bd0e21c7a60bf8/screenshot - {}
RESULT: {}
COMMAND: POST /session/eec783fecbf0a41fe1bd0e21c7a60bf8/actions - {"actions":[{"id":"action13","type":"key","parameters":{},"actions":[{"type":"keyDown","value":""},{"type":"pause","duration":10},{"type":"keyUp","value":""}]}]}
RESULT: {"actions":[{"id":"action13","type":"key","parameters":{},"actions":[{"type":"keyDown","value":""},{"type":"pause","duration":10},{"type":"keyUp","value":""}]}]}
COMMAND: GET /session/eec783fecbf0a41fe1bd0e21c7a60bf8/screenshot - {}
RESULT: {}
COMMAND: POST /session/eec783fecbf0a41fe1bd0e21c7a60bf8/element - {"using":"xpath","value":"//button[@title=\"Save\"]"}
RESULT: {"using":"xpath","value":"//button[@title=\"Save\"]"}
COMMAND: POST /session/eec783fecbf0a41fe1bd0e21c7a60bf8/element/f.C6480B129F3E0D11095D72FF7684A092.d.E257BCCAAE8B4E50CA0D772B0EB380BA.e.4578/click - {}
RESULT: {}
COMMAND: GET /session/eec783fecbf0a41fe1bd0e21c7a60bf8/screenshot - {}
RESULT: {}
COMMAND: POST /session/eec783fecbf0a41fe1bd0e21c7a60bf8/execute/async - {"script":"<script> [1562 bytes]","args":[{"selector":{"controlType":"sap.ui.core.Icon","viewName":"etm.portal.ui.managecatalogs.view.Detail","viewId":"application-managecatalogs-display-component---detailCatalog","properties":{"src":{"regex":{"source":"decline"}}}},"wdio_ui5_key":"etmportal.ui.managecatalogs.view.Detailsap.ui.core.Icon{\"src\":{\"regex\":{\"source\":\"decline\"}}}"}]}
RESULT: {"script":"<script> [1562 bytes]","args":[{"selector":{"controlType":"sap.ui.core.Icon","viewName":"etm.portal.ui.managecatalogs.view.Detail","viewId":"application-managecatalogs-display-component---detailCatalog","properties":{"src":{"regex":{"source":"decline"}}}},"wdio_ui5_key":"etmportal.ui.managecatalogs.view.Detailsap.ui.core.Icon{\"src\":{\"regex\":{\"source\":\"decline\"}}}"}]}
RESULT: undefined
COMMAND: POST /session/eec783fecbf0a41fe1bd0e21c7a60bf8/element - {"using":"xpath","value":"//*[@id=\"__button28-img\"]"}
RESULT: {"using":"xpath","value":"//*[@id=\"__button28-img\"]"}
COMMAND: POST /session/eec783fecbf0a41fe1bd0e21c7a60bf8/element/f.C6480B129F3E0D11095D72FF7684A092.d.E257BCCAAE8B4E50CA0D772B0EB380BA.e.4583/click - {}
RESULT: {}
COMMAND: GET /session/eec783fecbf0a41fe1bd0e21c7a60bf8/screenshot - {}
RESULT: {}
COMMAND: POST /session/eec783fecbf0a41fe1bd0e21c7a60bf8/execute/async - {"script":"<script> [1562 bytes]","args":[{"selector":{"controlType":"sap.ui.core.Icon","viewName":"etm.portal.ui.managecatalogs.view.MasterItems","viewId":"application-managecatalogs-display-component---masterCatalogItems","properties":{"src":{"regex":{"source":"refresh"}}}},"wdio_ui5_key":"etmportal.ui.managecatalogs.view.MasterItemssap.ui.core.Icon{\"src\":{\"regex\":{\"source\":\"refresh\"}}}"}]}
RESULT: {"script":"<script> [1562 bytes]","args":[{"selector":{"controlType":"sap.ui.core.Icon","viewName":"etm.portal.ui.managecatalogs.view.MasterItems","viewId":"application-managecatalogs-display-component---masterCatalogItems","properties":{"src":{"regex":{"source":"refresh"}}}},"wdio_ui5_key":"etmportal.ui.managecatalogs.view.MasterItemssap.ui.core.Icon{\"src\":{\"regex\":{\"source\":\"refresh\"}}}"}]}
RESULT: undefined
COMMAND: POST /session/eec783fecbf0a41fe1bd0e21c7a60bf8/element - {"using":"xpath","value":"//*[@id=\"__button1-img\"]"}
RESULT: {"using":"xpath","value":"//*[@id=\"__button1-img\"]"}
COMMAND: POST /session/eec783fecbf0a41fe1bd0e21c7a60bf8/element/f.C6480B129F3E0D11095D72FF7684A092.d.E257BCCAAE8B4E50CA0D772B0EB380BA.e.4592/click - {}
RESULT: {}
COMMAND: GET /session/eec783fecbf0a41fe1bd0e21c7a60bf8/screenshot - {}
RESULT: {}
COMMAND: POST /session/eec783fecbf0a41fe1bd0e21c7a60bf8/execute/async - {"script":"<script> [1562 bytes]","args":[{"selector":{"id":"application-managecatalogs-display-component---masterCatalogItems--searchItemsField","interaction":{"idSuffix":"I"}},"wdio_ui5_key":"applicationmanagecatalogs-display-component---masterCatalogItems--searchItemsField"}]}
RESULT: {"script":"<script> [1562 bytes]","args":[{"selector":{"id":"application-managecatalogs-display-component---masterCatalogItems--searchItemsField","interaction":{"idSuffix":"I"}},"wdio_ui5_key":"applicationmanagecatalogs-display-component---masterCatalogItems--searchItemsField"}]}
RESULT: undefined
COMMAND: POST /session/eec783fecbf0a41fe1bd0e21c7a60bf8/execute/async - {"script":"<script> [776 bytes]","args":[{"enterText":"catalogItemNamepw1xjj","selector":{"id":"application-managecatalogs-display-component---masterCatalogItems--searchItemsField","interaction":{"idSuffix":"I"}},"clearTextFirst":true,"interactionType":"ENTER_TEXT"}]}
RESULT: {"script":"<script> [776 bytes]","args":[{"enterText":"catalogItemNamepw1xjj","selector":{"id":"application-managecatalogs-display-component---masterCatalogItems--searchItemsField","interaction":{"idSuffix":"I"}},"clearTextFirst":true,"interactionType":"ENTER_TEXT"}]}
COMMAND: POST /session/eec783fecbf0a41fe1bd0e21c7a60bf8/actions - {"actions":[{"id":"action14","type":"key","parameters":{},"actions":[{"type":"keyDown","value":""},{"type":"pause","duration":10},{"type":"keyUp","value":""}]}]}
RESULT: {"actions":[{"id":"action14","type":"key","parameters":{},"actions":[{"type":"keyDown","value":""},{"type":"pause","duration":10},{"type":"keyUp","value":""}]}]}
COMMAND: POST /session/eec783fecbf0a41fe1bd0e21c7a60bf8/element - {"using":"xpath","value":"(//span[contains(text(), \"catalogItemNamepw1xjj\")])[1]"}
COMMAND: GET /session/eec783fecbf0a41fe1bd0e21c7a60bf8/screenshot - {}
RESULT: {"using":"xpath","value":"(//span[contains(text(), \"catalogItemNamepw1xjj\")])[1]"}
COMMAND: POST /session/eec783fecbf0a41fe1bd0e21c7a60bf8/element/f.C6480B129F3E0D11095D72FF7684A092.d.E257BCCAAE8B4E50CA0D772B0EB380BA.e.4629/click - {}
RESULT: {}
RESULT: {}
COMMAND: GET /session/eec783fecbf0a41fe1bd0e21c7a60bf8/screenshot - {}
RESULT: {}
COMMAND: POST /session/eec783fecbf0a41fe1bd0e21c7a60bf8/element - {"using":"xpath","value":"//span[contains(text(), \"catalogItemk8gb6\")]"}
RESULT: {"using":"xpath","value":"//span[contains(text(), \"catalogItemk8gb6\")]"}
COMMAND: GET /session/eec783fecbf0a41fe1bd0e21c7a60bf8/element/f.C6480B129F3E0D11095D72FF7684A092.d.E257BCCAAE8B4E50CA0D772B0EB380BA.e.4691/text - {}
RESULT: {}
]]></system-out>
    </testcase>
    <testcase classname="chrome.136_0_7103_93.windows.Standard_contract_-_add_contract_items_by_Insert_Request_US118222" name="Should assign resources to the catalog item" time="52.917">
      <system-out><![CDATA[
RESULT: undefined
COMMAND: POST /session/eec783fecbf0a41fe1bd0e21c7a60bf8/element - {"using":"xpath","value":"//*[@id=\"__button25\"]"}
RESULT: {"using":"xpath","value":"//*[@id=\"__button25\"]"}
COMMAND: POST /session/eec783fecbf0a41fe1bd0e21c7a60bf8/element/f.C6480B129F3E0D11095D72FF7684A092.d.E257BCCAAE8B4E50CA0D772B0EB380BA.e.4692/click - {}
RESULT: {}
COMMAND: GET /session/eec783fecbf0a41fe1bd0e21c7a60bf8/screenshot - {}
RESULT: {}
COMMAND: POST /session/eec783fecbf0a41fe1bd0e21c7a60bf8/execute/async - {"script":"<script> [1562 bytes]","args":[{"selector":{"id":"application-managecatalogs-display-component---detailCatalog--BASE_UNIT_OF_MEASURE-arrow"},"wdio_ui5_key":"applicationmanagecatalogs-display-component---detailCatalog--BASE_UNIT_OF_MEASURE-arrow"}]}
RESULT: {"script":"<script> [1562 bytes]","args":[{"selector":{"id":"application-managecatalogs-display-component---detailCatalog--BASE_UNIT_OF_MEASURE-arrow"},"wdio_ui5_key":"applicationmanagecatalogs-display-component---detailCatalog--BASE_UNIT_OF_MEASURE-arrow"}]}
RESULT: undefined
COMMAND: POST /session/eec783fecbf0a41fe1bd0e21c7a60bf8/element - {"using":"xpath","value":"//*[@id=\"application-managecatalogs-display-component---detailCatalog--BASE_UNIT_OF_MEASURE-arrow\"]"}
RESULT: {"using":"xpath","value":"//*[@id=\"application-managecatalogs-display-component---detailCatalog--BASE_UNIT_OF_MEASURE-arrow\"]"}
COMMAND: POST /session/eec783fecbf0a41fe1bd0e21c7a60bf8/element/f.C6480B129F3E0D11095D72FF7684A092.d.E257BCCAAE8B4E50CA0D772B0EB380BA.e.4722/click - {}
RESULT: {}
COMMAND: POST /session/eec783fecbf0a41fe1bd0e21c7a60bf8/execute/async - {"script":"<script> [1562 bytes]","args":[{"selector":{"controlType":"sap.m.StandardListItem","viewName":"etm.portal.ui.managecatalogs.view.Detail","viewId":"application-managecatalogs-display-component---detailCatalog","properties":{"title":"Piece"},"searchOpenDialogs":true,"interaction":{"idSuffix":"titleText"}},"wdio_ui5_key":"etmportal.ui.managecatalogs.view.Detailsap.m.StandardListItem{\"title\":\"Piece\"}"}]}
COMMAND: GET /session/eec783fecbf0a41fe1bd0e21c7a60bf8/screenshot - {}
RESULT: {"script":"<script> [1562 bytes]","args":[{"selector":{"controlType":"sap.m.StandardListItem","viewName":"etm.portal.ui.managecatalogs.view.Detail","viewId":"application-managecatalogs-display-component---detailCatalog","properties":{"title":"Piece"},"searchOpenDialogs":true,"interaction":{"idSuffix":"titleText"}},"wdio_ui5_key":"etmportal.ui.managecatalogs.view.Detailsap.m.StandardListItem{\"title\":\"Piece\"}"}]}
RESULT: undefined
COMMAND: POST /session/eec783fecbf0a41fe1bd0e21c7a60bf8/element - {"using":"xpath","value":"//*[@id=\"__item218\"]"}
RESULT: {}
RESULT: {"using":"xpath","value":"//*[@id=\"__item218\"]"}
COMMAND: POST /session/eec783fecbf0a41fe1bd0e21c7a60bf8/element/f.C6480B129F3E0D11095D72FF7684A092.d.E257BCCAAE8B4E50CA0D772B0EB380BA.e.4724/click - {}
RESULT: {}
COMMAND: POST /session/eec783fecbf0a41fe1bd0e21c7a60bf8/execute/async - {"script":"<script> [1562 bytes]","args":[{"selector":{"id":"application-managecatalogs-display-component---detailCatalog--ObjectPageLayout-anchBar-application-managecatalogs-display-component---detailCatalog--sectionRUs-anchor","interaction":{"idSuffix":"BDI-content"}},"wdio_ui5_key":"applicationmanagecatalogs-display-component---detailCatalog--ObjectPageLayout-anchBar-application-managecatalogs-display-component---detailCatalog--sectionRUs-anchor"}]}
COMMAND: GET /session/eec783fecbf0a41fe1bd0e21c7a60bf8/screenshot - {}
RESULT: {"script":"<script> [1562 bytes]","args":[{"selector":{"id":"application-managecatalogs-display-component---detailCatalog--ObjectPageLayout-anchBar-application-managecatalogs-display-component---detailCatalog--sectionRUs-anchor","interaction":{"idSuffix":"BDI-content"}},"wdio_ui5_key":"applicationmanagecatalogs-display-component---detailCatalog--ObjectPageLayout-anchBar-application-managecatalogs-display-component---detailCatalog--sectionRUs-anchor"}]}
RESULT: undefined
COMMAND: POST /session/eec783fecbf0a41fe1bd0e21c7a60bf8/element - {"using":"xpath","value":"//*[@id=\"application-managecatalogs-display-component---detailCatalog--ObjectPageLayout-anchBar-application-managecatalogs-display-component---detailCatalog--sectionRUs-anchor\"]"}
RESULT: {}
RESULT: {"using":"xpath","value":"//*[@id=\"application-managecatalogs-display-component---detailCatalog--ObjectPageLayout-anchBar-application-managecatalogs-display-component---detailCatalog--sectionRUs-anchor\"]"}
COMMAND: POST /session/eec783fecbf0a41fe1bd0e21c7a60bf8/element/f.C6480B129F3E0D11095D72FF7684A092.d.E257BCCAAE8B4E50CA0D772B0EB380BA.e.4726/click - {}
RESULT: {}
COMMAND: POST /session/eec783fecbf0a41fe1bd0e21c7a60bf8/element - {"using":"xpath","value":"//button[contains(@data-kt ,\"catalogItemAssignRuButton\")]"}
COMMAND: GET /session/eec783fecbf0a41fe1bd0e21c7a60bf8/screenshot - {}
RESULT: {"using":"xpath","value":"//button[contains(@data-kt ,\"catalogItemAssignRuButton\")]"}
COMMAND: POST /session/eec783fecbf0a41fe1bd0e21c7a60bf8/element/f.C6480B129F3E0D11095D72FF7684A092.d.E257BCCAAE8B4E50CA0D772B0EB380BA.e.4732/click - {}
RESULT: {}
RESULT: {}
COMMAND: GET /session/eec783fecbf0a41fe1bd0e21c7a60bf8/screenshot - {}
RESULT: {}
COMMAND: POST /session/eec783fecbf0a41fe1bd0e21c7a60bf8/actions - {"actions":[{"id":"action15","type":"key","parameters":{},"actions":[{"type":"keyDown","value":""},{"type":"pause","duration":10},{"type":"keyUp","value":""}]}]}
RESULT: {"actions":[{"id":"action15","type":"key","parameters":{},"actions":[{"type":"keyDown","value":""},{"type":"pause","duration":10},{"type":"keyUp","value":""}]}]}
COMMAND: POST /session/eec783fecbf0a41fe1bd0e21c7a60bf8/execute/async - {"script":"<script> [1562 bytes]","args":[{"selector":{"id":"application-managecatalogs-display-component---detailCatalog--assignRUSearchField-vhi","searchOpenDialogs":true},"wdio_ui5_key":"applicationmanagecatalogs-display-component---detailCatalog--assignRUSearchField-vhi"}]}
COMMAND: GET /session/eec783fecbf0a41fe1bd0e21c7a60bf8/screenshot - {}
RESULT: {}
RESULT: {"script":"<script> [1562 bytes]","args":[{"selector":{"id":"application-managecatalogs-display-component---detailCatalog--assignRUSearchField-vhi","searchOpenDialogs":true},"wdio_ui5_key":"applicationmanagecatalogs-display-component---detailCatalog--assignRUSearchField-vhi"}]}
RESULT: undefined
COMMAND: POST /session/eec783fecbf0a41fe1bd0e21c7a60bf8/element - {"using":"xpath","value":"//*[@id=\"application-managecatalogs-display-component---detailCatalog--assignRUSearchField-vhi\"]"}
RESULT: {"using":"xpath","value":"//*[@id=\"application-managecatalogs-display-component---detailCatalog--assignRUSearchField-vhi\"]"}
COMMAND: POST /session/eec783fecbf0a41fe1bd0e21c7a60bf8/element/f.C6480B129F3E0D11095D72FF7684A092.d.E257BCCAAE8B4E50CA0D772B0EB380BA.e.4751/click - {}
RESULT: {}
COMMAND: GET /session/eec783fecbf0a41fe1bd0e21c7a60bf8/screenshot - {}
RESULT: {}
COMMAND: POST /session/eec783fecbf0a41fe1bd0e21c7a60bf8/element - {"using":"xpath","value":"//input[contains(@id ,\"searchField-I\")]"}
RESULT: {"using":"xpath","value":"//input[contains(@id ,\"searchField-I\")]"}
COMMAND: POST /session/eec783fecbf0a41fe1bd0e21c7a60bf8/element/f.C6480B129F3E0D11095D72FF7684A092.d.E257BCCAAE8B4E50CA0D772B0EB380BA.e.4755/clear - {}
RESULT: {}
COMMAND: POST /session/eec783fecbf0a41fe1bd0e21c7a60bf8/element/f.C6480B129F3E0D11095D72FF7684A092.d.E257BCCAAE8B4E50CA0D772B0EB380BA.e.4755/value - {"text":"WdIOTestEquipwrn3j"}
COMMAND: GET /session/eec783fecbf0a41fe1bd0e21c7a60bf8/screenshot - {}
RESULT: {"text":"WdIOTestEquipwrn3j"}
COMMAND: GET /session/eec783fecbf0a41fe1bd0e21c7a60bf8/screenshot - {}
RESULT: {}
RESULT: {}
COMMAND: POST /session/eec783fecbf0a41fe1bd0e21c7a60bf8/actions - {"actions":[{"id":"action16","type":"key","parameters":{},"actions":[{"type":"keyDown","value":""},{"type":"pause","duration":10},{"type":"keyUp","value":""}]}]}
RESULT: {"actions":[{"id":"action16","type":"key","parameters":{},"actions":[{"type":"keyDown","value":""},{"type":"pause","duration":10},{"type":"keyUp","value":""}]}]}
COMMAND: GET /session/eec783fecbf0a41fe1bd0e21c7a60bf8/screenshot - {}
RESULT: {}
COMMAND: POST /session/eec783fecbf0a41fe1bd0e21c7a60bf8/actions - {"actions":[{"id":"action17","type":"key","parameters":{},"actions":[{"type":"keyDown","value":""},{"type":"pause","duration":10},{"type":"keyUp","value":""}]}]}
RESULT: {"actions":[{"id":"action17","type":"key","parameters":{},"actions":[{"type":"keyDown","value":""},{"type":"pause","duration":10},{"type":"keyUp","value":""}]}]}
COMMAND: GET /session/eec783fecbf0a41fe1bd0e21c7a60bf8/screenshot - {}
RESULT: {}
COMMAND: POST /session/eec783fecbf0a41fe1bd0e21c7a60bf8/actions - {"actions":[{"id":"action18","type":"key","parameters":{},"actions":[{"type":"keyDown","value":""},{"type":"pause","duration":10},{"type":"keyUp","value":""}]}]}
RESULT: {"actions":[{"id":"action18","type":"key","parameters":{},"actions":[{"type":"keyDown","value":""},{"type":"pause","duration":10},{"type":"keyUp","value":""}]}]}
COMMAND: GET /session/eec783fecbf0a41fe1bd0e21c7a60bf8/screenshot - {}
RESULT: {}
COMMAND: POST /session/eec783fecbf0a41fe1bd0e21c7a60bf8/element - {"using":"xpath","value":"//bdi[contains(@id ,\"application-managecatalogs-display-component---detailCatalog--RUAssignmentSaveButton-BDI-content\")]"}
RESULT: {"using":"xpath","value":"//bdi[contains(@id ,\"application-managecatalogs-display-component---detailCatalog--RUAssignmentSaveButton-BDI-content\")]"}
COMMAND: POST /session/eec783fecbf0a41fe1bd0e21c7a60bf8/element/f.C6480B129F3E0D11095D72FF7684A092.d.E257BCCAAE8B4E50CA0D772B0EB380BA.e.4774/click - {}
RESULT: {}
COMMAND: GET /session/eec783fecbf0a41fe1bd0e21c7a60bf8/screenshot - {}
RESULT: {}
COMMAND: POST /session/eec783fecbf0a41fe1bd0e21c7a60bf8/element - {"using":"xpath","value":"//bdi[contains(@id ,\"application-managecatalogs-display-component---detailCatalog--ObjectPageLayout-anchBar-application-managecatalogs-display-component---detailCatalog--sectionRUs-anchor-BDI-content\")]"}
RESULT: {"using":"xpath","value":"//bdi[contains(@id ,\"application-managecatalogs-display-component---detailCatalog--ObjectPageLayout-anchBar-application-managecatalogs-display-component---detailCatalog--sectionRUs-anchor-BDI-content\")]"}
COMMAND: POST /session/eec783fecbf0a41fe1bd0e21c7a60bf8/element/f.C6480B129F3E0D11095D72FF7684A092.d.E257BCCAAE8B4E50CA0D772B0EB380BA.e.4792/click - {}
RESULT: {}
COMMAND: GET /session/eec783fecbf0a41fe1bd0e21c7a60bf8/screenshot - {}
RESULT: {}
COMMAND: POST /session/eec783fecbf0a41fe1bd0e21c7a60bf8/element - {"using":"xpath","value":"//button[contains(@data-kt ,\"catalogItemAssignRuButton\")]"}
RESULT: {"using":"xpath","value":"//button[contains(@data-kt ,\"catalogItemAssignRuButton\")]"}
COMMAND: POST /session/eec783fecbf0a41fe1bd0e21c7a60bf8/element/f.C6480B129F3E0D11095D72FF7684A092.d.E257BCCAAE8B4E50CA0D772B0EB380BA.e.4732/click - {}
RESULT: {}
COMMAND: GET /session/eec783fecbf0a41fe1bd0e21c7a60bf8/screenshot - {}
RESULT: {}
COMMAND: POST /session/eec783fecbf0a41fe1bd0e21c7a60bf8/actions - {"actions":[{"id":"action19","type":"key","parameters":{},"actions":[{"type":"keyDown","value":""},{"type":"pause","duration":10},{"type":"keyUp","value":""}]}]}
RESULT: {"actions":[{"id":"action19","type":"key","parameters":{},"actions":[{"type":"keyDown","value":""},{"type":"pause","duration":10},{"type":"keyUp","value":""}]}]}
RESULT: undefined
COMMAND: POST /session/eec783fecbf0a41fe1bd0e21c7a60bf8/element - {"using":"xpath","value":"//*[@id=\"application-managecatalogs-display-component---detailCatalog--assignRUSearchField-vhi\"]"}
COMMAND: GET /session/eec783fecbf0a41fe1bd0e21c7a60bf8/screenshot - {}
RESULT: {"using":"xpath","value":"//*[@id=\"application-managecatalogs-display-component---detailCatalog--assignRUSearchField-vhi\"]"}
COMMAND: POST /session/eec783fecbf0a41fe1bd0e21c7a60bf8/elements - {"using":"xpath","value":"//*[@id=\"application-managecatalogs-display-component---detailCatalog--assignRUSearchField-vhi\"]"}
RESULT: {}
RESULT: {"using":"xpath","value":"//*[@id=\"application-managecatalogs-display-component---detailCatalog--assignRUSearchField-vhi\"]"}
COMMAND: POST /session/eec783fecbf0a41fe1bd0e21c7a60bf8/element - {"using":"xpath","value":"//*[@id=\"application-managecatalogs-display-component---detailCatalog--assignRUSearchField-vhi\"]"}
RESULT: {"using":"xpath","value":"//*[@id=\"application-managecatalogs-display-component---detailCatalog--assignRUSearchField-vhi\"]"}
COMMAND: POST /session/eec783fecbf0a41fe1bd0e21c7a60bf8/element/f.C6480B129F3E0D11095D72FF7684A092.d.E257BCCAAE8B4E50CA0D772B0EB380BA.e.4809/click - {}
RESULT: {}
COMMAND: POST /session/eec783fecbf0a41fe1bd0e21c7a60bf8/execute/async - {"script":"<script> [1562 bytes]","args":[{"selector":{"controlType":"sap.m.SearchField","viewName":"etm.portal.ui.managecatalogs.view.Detail","viewId":"application-managecatalogs-display-component---detailCatalog","searchOpenDialogs":true,"interaction":{"idSuffix":"I"}},"wdio_ui5_key":"etmportal.ui.managecatalogs.view.Detailsap.m.SearchField"}]}
COMMAND: GET /session/eec783fecbf0a41fe1bd0e21c7a60bf8/screenshot - {}
RESULT: {"script":"<script> [1562 bytes]","args":[{"selector":{"controlType":"sap.m.SearchField","viewName":"etm.portal.ui.managecatalogs.view.Detail","viewId":"application-managecatalogs-display-component---detailCatalog","searchOpenDialogs":true,"interaction":{"idSuffix":"I"}},"wdio_ui5_key":"etmportal.ui.managecatalogs.view.Detailsap.m.SearchField"}]}
RESULT: undefined
COMMAND: POST /session/eec783fecbf0a41fe1bd0e21c7a60bf8/execute/async - {"script":"<script> [776 bytes]","args":[{"enterText":"WebdriverMatTest7r9di","selector":{"controlType":"sap.m.SearchField","viewName":"etm.portal.ui.managecatalogs.view.Detail","viewId":"application-managecatalogs-display-component---detailCatalog","searchOpenDialogs":true,"interaction":{"idSuffix":"I"}},"clearTextFirst":true,"interactionType":"ENTER_TEXT"}]}
RESULT: {}
RESULT: {"script":"<script> [776 bytes]","args":[{"enterText":"WebdriverMatTest7r9di","selector":{"controlType":"sap.m.SearchField","viewName":"etm.portal.ui.managecatalogs.view.Detail","viewId":"application-managecatalogs-display-component---detailCatalog","searchOpenDialogs":true,"interaction":{"idSuffix":"I"}},"clearTextFirst":true,"interactionType":"ENTER_TEXT"}]}
COMMAND: POST /session/eec783fecbf0a41fe1bd0e21c7a60bf8/actions - {"actions":[{"id":"action20","type":"key","parameters":{},"actions":[{"type":"keyDown","value":""},{"type":"pause","duration":10},{"type":"keyUp","value":""}]}]}
RESULT: {"actions":[{"id":"action20","type":"key","parameters":{},"actions":[{"type":"keyDown","value":""},{"type":"pause","duration":10},{"type":"keyUp","value":""}]}]}
COMMAND: GET /session/eec783fecbf0a41fe1bd0e21c7a60bf8/screenshot - {}
RESULT: {}
COMMAND: POST /session/eec783fecbf0a41fe1bd0e21c7a60bf8/element - {"using":"xpath","value":"(//span[contains(text(), \"WebdriverMatTest7r9di\")])[1]"}
RESULT: {"using":"xpath","value":"(//span[contains(text(), \"WebdriverMatTest7r9di\")])[1]"}
COMMAND: POST /session/eec783fecbf0a41fe1bd0e21c7a60bf8/element/f.C6480B129F3E0D11095D72FF7684A092.d.E257BCCAAE8B4E50CA0D772B0EB380BA.e.4827/click - {}
RESULT: {}
COMMAND: POST /session/eec783fecbf0a41fe1bd0e21c7a60bf8/execute/async - {"script":"<script> [1562 bytes]","args":[{"selector":{"id":"application-managecatalogs-display-component---detailCatalog--RUAssignmentSaveButton","searchOpenDialogs":true,"interaction":{"idSuffix":"BDI-content"}},"wdio_ui5_key":"applicationmanagecatalogs-display-component---detailCatalog--RUAssignmentSaveButton"}]}
COMMAND: GET /session/eec783fecbf0a41fe1bd0e21c7a60bf8/screenshot - {}
RESULT: {"script":"<script> [1562 bytes]","args":[{"selector":{"id":"application-managecatalogs-display-component---detailCatalog--RUAssignmentSaveButton","searchOpenDialogs":true,"interaction":{"idSuffix":"BDI-content"}},"wdio_ui5_key":"applicationmanagecatalogs-display-component---detailCatalog--RUAssignmentSaveButton"}]}
RESULT: undefined
COMMAND: POST /session/eec783fecbf0a41fe1bd0e21c7a60bf8/element - {"using":"xpath","value":"//*[@id=\"application-managecatalogs-display-component---detailCatalog--RUAssignmentSaveButton\"]"}
RESULT: {}
RESULT: {"using":"xpath","value":"//*[@id=\"application-managecatalogs-display-component---detailCatalog--RUAssignmentSaveButton\"]"}
COMMAND: POST /session/eec783fecbf0a41fe1bd0e21c7a60bf8/element/f.C6480B129F3E0D11095D72FF7684A092.d.E257BCCAAE8B4E50CA0D772B0EB380BA.e.4830/click - {}
RESULT: {}
COMMAND: GET /session/eec783fecbf0a41fe1bd0e21c7a60bf8/screenshot - {}
RESULT: {}
COMMAND: POST /session/eec783fecbf0a41fe1bd0e21c7a60bf8/element - {"using":"xpath","value":"//bdi[contains(text(), \"Save\")]"}
RESULT: {"using":"xpath","value":"//bdi[contains(text(), \"Save\")]"}
COMMAND: POST /session/eec783fecbf0a41fe1bd0e21c7a60bf8/element/f.C6480B129F3E0D11095D72FF7684A092.d.E257BCCAAE8B4E50CA0D772B0EB380BA.e.4854/click - {}
RESULT: {}
COMMAND: GET /session/eec783fecbf0a41fe1bd0e21c7a60bf8/screenshot - {}
RESULT: {}
COMMAND: POST /session/eec783fecbf0a41fe1bd0e21c7a60bf8/element - {"using":"css selector","value":"#shell-header-logo"}
RESULT: {"using":"css selector","value":"#shell-header-logo"}
COMMAND: POST /session/eec783fecbf0a41fe1bd0e21c7a60bf8/element/f.C6480B129F3E0D11095D72FF7684A092.d.E257BCCAAE8B4E50CA0D772B0EB380BA.e.4550/click - {}
RESULT: {}
COMMAND: GET /session/eec783fecbf0a41fe1bd0e21c7a60bf8/screenshot - {}
RESULT: {}
]]></system-out>
    </testcase>
    <testcase classname="chrome.136_0_7103_93.windows.Standard_contract_-_add_contract_items_by_Insert_Request_US118222" name="Should create a new contract" time="88.578">
      <system-out><![CDATA[
COMMAND: POST /session/eec783fecbf0a41fe1bd0e21c7a60bf8/execute/async - {"script":"<script> [1562 bytes]","args":[{"selector":{"controlType":"sap.m.GenericTile","properties":{"header":"Manage Contracts"}},"wdio_ui5_key":"sapm.GenericTile{\"header\":\"Manage Contracts\"}"}]}
RESULT: {"script":"<script> [1562 bytes]","args":[{"selector":{"controlType":"sap.m.GenericTile","properties":{"header":"Manage Contracts"}},"wdio_ui5_key":"sapm.GenericTile{\"header\":\"Manage Contracts\"}"}]}
RESULT: undefined
COMMAND: POST /session/eec783fecbf0a41fe1bd0e21c7a60bf8/element - {"using":"xpath","value":"//*[@id=\"__tile132\"]"}
RESULT: {"using":"xpath","value":"//*[@id=\"__tile132\"]"}
COMMAND: POST /session/eec783fecbf0a41fe1bd0e21c7a60bf8/element/f.C6480B129F3E0D11095D72FF7684A092.d.E257BCCAAE8B4E50CA0D772B0EB380BA.e.4887/click - {}
RESULT: {}
COMMAND: GET /session/eec783fecbf0a41fe1bd0e21c7a60bf8/screenshot - {}
RESULT: {}
COMMAND: POST /session/eec783fecbf0a41fe1bd0e21c7a60bf8/elements - {"using":"xpath","value":"//span[text()='Error']"}
RESULT: {"using":"xpath","value":"//span[text()='Error']"}
COMMAND: POST /session/eec783fecbf0a41fe1bd0e21c7a60bf8/element - {"using":"xpath","value":"//button[@data-kt=\"addButton\"]"}
RESULT: {"using":"xpath","value":"//button[@data-kt=\"addButton\"]"}
COMMAND: POST /session/eec783fecbf0a41fe1bd0e21c7a60bf8/element/f.C6480B129F3E0D11095D72FF7684A092.d.E257BCCAAE8B4E50CA0D772B0EB380BA.e.4931/click - {}
RESULT: {}
COMMAND: GET /session/eec783fecbf0a41fe1bd0e21c7a60bf8/screenshot - {}
RESULT: {}
COMMAND: POST /session/eec783fecbf0a41fe1bd0e21c7a60bf8/execute/async - {"script":"<script> [1562 bytes]","args":[{"selector":{"id":"application-managecontracts-display-component---AddNewContract--projectDescription","interaction":{"idSuffix":"inner"}},"wdio_ui5_key":"applicationmanagecontracts-display-component---AddNewContract--projectDescription"}]}
RESULT: {"script":"<script> [1562 bytes]","args":[{"selector":{"id":"application-managecontracts-display-component---AddNewContract--projectDescription","interaction":{"idSuffix":"inner"}},"wdio_ui5_key":"applicationmanagecontracts-display-component---AddNewContract--projectDescription"}]}
RESULT: undefined
COMMAND: POST /session/eec783fecbf0a41fe1bd0e21c7a60bf8/execute/async - {"script":"<script> [776 bytes]","args":[{"enterText":"WdIOTestns4jql","selector":{"id":"application-managecontracts-display-component---AddNewContract--projectDescription","interaction":{"idSuffix":"inner"}},"clearTextFirst":true,"interactionType":"ENTER_TEXT"}]}
RESULT: {"script":"<script> [776 bytes]","args":[{"enterText":"WdIOTestns4jql","selector":{"id":"application-managecontracts-display-component---AddNewContract--projectDescription","interaction":{"idSuffix":"inner"}},"clearTextFirst":true,"interactionType":"ENTER_TEXT"}]}
COMMAND: POST /session/eec783fecbf0a41fe1bd0e21c7a60bf8/element - {"using":"xpath","value":"//input[@id=\"application-managecontracts-display-component---AddNewContract--yardId-inner\"]"}
RESULT: {"using":"xpath","value":"//input[@id=\"application-managecontracts-display-component---AddNewContract--yardId-inner\"]"}
COMMAND: POST /session/eec783fecbf0a41fe1bd0e21c7a60bf8/element/f.C6480B129F3E0D11095D72FF7684A092.d.E257BCCAAE8B4E50CA0D772B0EB380BA.e.5198/clear - {}
RESULT: {}
COMMAND: POST /session/eec783fecbf0a41fe1bd0e21c7a60bf8/element/f.C6480B129F3E0D11095D72FF7684A092.d.E257BCCAAE8B4E50CA0D772B0EB380BA.e.5198/value - {"text":"WebdriverYardbtbkq"}
COMMAND: GET /session/eec783fecbf0a41fe1bd0e21c7a60bf8/screenshot - {}
RESULT: {"text":"WebdriverYardbtbkq"}
COMMAND: GET /session/eec783fecbf0a41fe1bd0e21c7a60bf8/screenshot - {}
RESULT: {}
RESULT: {}
COMMAND: POST /session/eec783fecbf0a41fe1bd0e21c7a60bf8/actions - {"actions":[{"id":"action21","type":"key","parameters":{},"actions":[{"type":"keyDown","value":""},{"type":"pause","duration":10},{"type":"keyUp","value":""}]}]}
RESULT: {"actions":[{"id":"action21","type":"key","parameters":{},"actions":[{"type":"keyDown","value":""},{"type":"pause","duration":10},{"type":"keyUp","value":""}]}]}
COMMAND: GET /session/eec783fecbf0a41fe1bd0e21c7a60bf8/screenshot - {}
RESULT: {}
COMMAND: POST /session/eec783fecbf0a41fe1bd0e21c7a60bf8/element - {"using":"xpath","value":"//input[@id=\"application-managecontracts-display-component---AddNewContract--customerSelect-inner\"]"}
RESULT: {"using":"xpath","value":"//input[@id=\"application-managecontracts-display-component---AddNewContract--customerSelect-inner\"]"}
COMMAND: POST /session/eec783fecbf0a41fe1bd0e21c7a60bf8/element/f.C6480B129F3E0D11095D72FF7684A092.d.E257BCCAAE8B4E50CA0D772B0EB380BA.e.5196/clear - {}
RESULT: {}
COMMAND: POST /session/eec783fecbf0a41fe1bd0e21c7a60bf8/element/f.C6480B129F3E0D11095D72FF7684A092.d.E257BCCAAE8B4E50CA0D772B0EB380BA.e.5196/value - {"text":"WebdriverPartner8kjg2"}
COMMAND: GET /session/eec783fecbf0a41fe1bd0e21c7a60bf8/screenshot - {}
RESULT: {"text":"WebdriverPartner8kjg2"}
COMMAND: GET /session/eec783fecbf0a41fe1bd0e21c7a60bf8/screenshot - {}
RESULT: {}
RESULT: {}
COMMAND: POST /session/eec783fecbf0a41fe1bd0e21c7a60bf8/actions - {"actions":[{"id":"action22","type":"key","parameters":{},"actions":[{"type":"keyDown","value":""},{"type":"pause","duration":10},{"type":"keyUp","value":""}]}]}
RESULT: {"actions":[{"id":"action22","type":"key","parameters":{},"actions":[{"type":"keyDown","value":""},{"type":"pause","duration":10},{"type":"keyUp","value":""}]}]}
COMMAND: GET /session/eec783fecbf0a41fe1bd0e21c7a60bf8/screenshot - {}
RESULT: {}
COMMAND: POST /session/eec783fecbf0a41fe1bd0e21c7a60bf8/element - {"using":"xpath","value":"//input[@id=\"application-managecontracts-display-component---AddNewContract--site-inner\"]"}
RESULT: {"using":"xpath","value":"//input[@id=\"application-managecontracts-display-component---AddNewContract--site-inner\"]"}
COMMAND: POST /session/eec783fecbf0a41fe1bd0e21c7a60bf8/element/f.C6480B129F3E0D11095D72FF7684A092.d.E257BCCAAE8B4E50CA0D772B0EB380BA.e.5197/clear - {}
RESULT: {}
COMMAND: POST /session/eec783fecbf0a41fe1bd0e21c7a60bf8/element/f.C6480B129F3E0D11095D72FF7684A092.d.E257BCCAAE8B4E50CA0D772B0EB380BA.e.5197/value - {"text":"WebdriverSite6fr0y"}
COMMAND: GET /session/eec783fecbf0a41fe1bd0e21c7a60bf8/screenshot - {}
RESULT: {"text":"WebdriverSite6fr0y"}
COMMAND: GET /session/eec783fecbf0a41fe1bd0e21c7a60bf8/screenshot - {}
RESULT: {}
RESULT: {}
COMMAND: POST /session/eec783fecbf0a41fe1bd0e21c7a60bf8/actions - {"actions":[{"id":"action23","type":"key","parameters":{},"actions":[{"type":"keyDown","value":""},{"type":"pause","duration":10},{"type":"keyUp","value":""}]}]}
RESULT: {"actions":[{"id":"action23","type":"key","parameters":{},"actions":[{"type":"keyDown","value":""},{"type":"pause","duration":10},{"type":"keyUp","value":""}]}]}
COMMAND: GET /session/eec783fecbf0a41fe1bd0e21c7a60bf8/screenshot - {}
RESULT: {}
COMMAND: POST /session/eec783fecbf0a41fe1bd0e21c7a60bf8/element - {"using":"xpath","value":"//button[@data-kt=\"saveButton\"]"}
RESULT: {"using":"xpath","value":"//button[@data-kt=\"saveButton\"]"}
COMMAND: POST /session/eec783fecbf0a41fe1bd0e21c7a60bf8/element/f.C6480B129F3E0D11095D72FF7684A092.d.E257BCCAAE8B4E50CA0D772B0EB380BA.e.5276/click - {}
RESULT: {}
COMMAND: GET /session/eec783fecbf0a41fe1bd0e21c7a60bf8/screenshot - {}
RESULT: {}
COMMAND: POST /session/eec783fecbf0a41fe1bd0e21c7a60bf8/execute/async - {"script":"<script> [1562 bytes]","args":[{"selector":{"id":"contractDetailTitleNoExpanded","viewName":"etm.portal.ui.managecontracts.view.Detail"},"wdio_ui5_key":"contractDetailTitleNoExpandedetmportal.ui.managecontracts.view.Detail"}]}
RESULT: {"script":"<script> [1562 bytes]","args":[{"selector":{"id":"contractDetailTitleNoExpanded","viewName":"etm.portal.ui.managecontracts.view.Detail"},"wdio_ui5_key":"contractDetailTitleNoExpandedetmportal.ui.managecontracts.view.Detail"}]}
RESULT: undefined
COMMAND: POST /session/eec783fecbf0a41fe1bd0e21c7a60bf8/execute/async - {"script":"<script> [6424 bytes]","args":[{"element-6066-11e4-a52e-4f735466cecf":"f.C6480B129F3E0D11095D72FF7684A092.d.E257BCCAAE8B4E50CA0D772B0EB380BA.e.5324"},"getText",[]]}
RESULT: {"script":"<script> [6424 bytes]","args":[{"element-6066-11e4-a52e-4f735466cecf":"f.C6480B129F3E0D11095D72FF7684A092.d.E257BCCAAE8B4E50CA0D772B0EB380BA.e.5324"},"getText",[]]}
]]></system-out>
    </testcase>
    <testcase classname="chrome.136_0_7103_93.windows.Standard_contract_-_add_contract_items_by_Insert_Request_US118222" name="Should create a new request and plan it" time="162.853">
      <system-out><![CDATA[
COMMAND: POST /session/eec783fecbf0a41fe1bd0e21c7a60bf8/element - {"using":"css selector","value":"#shell-header-logo"}
RESULT: {"using":"css selector","value":"#shell-header-logo"}
COMMAND: POST /session/eec783fecbf0a41fe1bd0e21c7a60bf8/element/f.C6480B129F3E0D11095D72FF7684A092.d.E257BCCAAE8B4E50CA0D772B0EB380BA.e.4890/click - {}
RESULT: {}
COMMAND: GET /session/eec783fecbf0a41fe1bd0e21c7a60bf8/screenshot - {}
RESULT: {}
COMMAND: POST /session/eec783fecbf0a41fe1bd0e21c7a60bf8/execute/async - {"script":"<script> [1562 bytes]","args":[{"selector":{"controlType":"sap.m.GenericTile","properties":{"header":"Manage Requests"}},"wdio_ui5_key":"sapm.GenericTile{\"header\":\"Manage Requests\"}"}]}
RESULT: {"script":"<script> [1562 bytes]","args":[{"selector":{"controlType":"sap.m.GenericTile","properties":{"header":"Manage Requests"}},"wdio_ui5_key":"sapm.GenericTile{\"header\":\"Manage Requests\"}"}]}
RESULT: undefined
COMMAND: POST /session/eec783fecbf0a41fe1bd0e21c7a60bf8/element - {"using":"xpath","value":"//*[@id=\"__tile47\"]"}
RESULT: {"using":"xpath","value":"//*[@id=\"__tile47\"]"}
COMMAND: POST /session/eec783fecbf0a41fe1bd0e21c7a60bf8/element/f.C6480B129F3E0D11095D72FF7684A092.d.E257BCCAAE8B4E50CA0D772B0EB380BA.e.5329/click - {}
RESULT: {}
COMMAND: GET /session/eec783fecbf0a41fe1bd0e21c7a60bf8/screenshot - {}
RESULT: {}
COMMAND: POST /session/eec783fecbf0a41fe1bd0e21c7a60bf8/elements - {"using":"xpath","value":"//span[text()='Error']"}
RESULT: {"using":"xpath","value":"//span[text()='Error']"}
COMMAND: POST /session/eec783fecbf0a41fe1bd0e21c7a60bf8/element - {"using":"xpath","value":"//button[contains(@data-kt ,\"btnCreateNewOverflowToolbarButton\")]"}
COMMAND: POST /session/eec783fecbf0a41fe1bd0e21c7a60bf8/element - {"using":"xpath","value":"(//span[contains(@class ,\"sapMObjStatusText\")])[1]"}
RESULT: {"using":"xpath","value":"//button[contains(@data-kt ,\"btnCreateNewOverflowToolbarButton\")]"}
COMMAND: POST /session/eec783fecbf0a41fe1bd0e21c7a60bf8/element/f.C6480B129F3E0D11095D72FF7684A092.d.E257BCCAAE8B4E50CA0D772B0EB380BA.e.5401/click - {}
RESULT: {"using":"xpath","value":"(//span[contains(@class ,\"sapMObjStatusText\")])[1]"}
COMMAND: POST /session/eec783fecbf0a41fe1bd0e21c7a60bf8/execute/sync - {"script":"<script> [8489 bytes]","args":[{"element-6066-11e4-a52e-4f735466cecf":"f.C6480B129F3E0D11095D72FF7684A092.d.E257BCCAAE8B4E50CA0D772B0EB380BA.e.5444","ELEMENT":"f.C6480B129F3E0D11095D72FF7684A092.d.E257BCCAAE8B4E50CA0D772B0EB380BA.e.5444"}]}
RESULT: {}
COMMAND: GET /session/eec783fecbf0a41fe1bd0e21c7a60bf8/screenshot - {}
RESULT: {"script":"<script> [8489 bytes]","args":[{"element-6066-11e4-a52e-4f735466cecf":"f.C6480B129F3E0D11095D72FF7684A092.d.E257BCCAAE8B4E50CA0D772B0EB380BA.e.5444","ELEMENT":"f.C6480B129F3E0D11095D72FF7684A092.d.E257BCCAAE8B4E50CA0D772B0EB380BA.e.5444"}]}
COMMAND: GET /session/eec783fecbf0a41fe1bd0e21c7a60bf8/screenshot - {}
RESULT: {}
RESULT: {}
COMMAND: POST /session/eec783fecbf0a41fe1bd0e21c7a60bf8/element - {"using":"xpath","value":"//input[contains(@id ,\"yardId-inner\")]"}
RESULT: {"using":"xpath","value":"//input[contains(@id ,\"yardId-inner\")]"}
COMMAND: POST /session/eec783fecbf0a41fe1bd0e21c7a60bf8/execute/sync - {"script":"<script> [8489 bytes]","args":[{"element-6066-11e4-a52e-4f735466cecf":"f.C6480B129F3E0D11095D72FF7684A092.d.E257BCCAAE8B4E50CA0D772B0EB380BA.e.5536","ELEMENT":"f.C6480B129F3E0D11095D72FF7684A092.d.E257BCCAAE8B4E50CA0D772B0EB380BA.e.5536"}]}
RESULT: {"script":"<script> [8489 bytes]","args":[{"element-6066-11e4-a52e-4f735466cecf":"f.C6480B129F3E0D11095D72FF7684A092.d.E257BCCAAE8B4E50CA0D772B0EB380BA.e.5536","ELEMENT":"f.C6480B129F3E0D11095D72FF7684A092.d.E257BCCAAE8B4E50CA0D772B0EB380BA.e.5536"}]}
COMMAND: POST /session/eec783fecbf0a41fe1bd0e21c7a60bf8/element - {"using":"xpath","value":"//input[contains(@id ,\"requestContractNo-inner\")]"}
COMMAND: POST /session/eec783fecbf0a41fe1bd0e21c7a60bf8/element - {"using":"xpath","value":"//input[contains(@id ,\"requestContractNo-inner\")]"}
COMMAND: GET /session/eec783fecbf0a41fe1bd0e21c7a60bf8/screenshot - {}
RESULT: {"using":"xpath","value":"//input[contains(@id ,\"requestContractNo-inner\")]"}
COMMAND: POST /session/eec783fecbf0a41fe1bd0e21c7a60bf8/element/f.C6480B129F3E0D11095D72FF7684A092.d.E257BCCAAE8B4E50CA0D772B0EB380BA.e.5531/value - {"text":"10351"}
RESULT: {"using":"xpath","value":"//input[contains(@id ,\"requestContractNo-inner\")]"}
COMMAND: GET /session/eec783fecbf0a41fe1bd0e21c7a60bf8/element/f.C6480B129F3E0D11095D72FF7684A092.d.E257BCCAAE8B4E50CA0D772B0EB380BA.e.5531/enabled - {}
RESULT: {}
RESULT: {"text":"10351"}
COMMAND: GET /session/eec783fecbf0a41fe1bd0e21c7a60bf8/screenshot - {}
RESULT: {}
COMMAND: GET /session/eec783fecbf0a41fe1bd0e21c7a60bf8/screenshot - {}
RESULT: {}
RESULT: {}
COMMAND: POST /session/eec783fecbf0a41fe1bd0e21c7a60bf8/actions - {"actions":[{"id":"action24","type":"key","parameters":{},"actions":[{"type":"keyDown","value":""},{"type":"pause","duration":10},{"type":"keyUp","value":""}]}]}
RESULT: {"actions":[{"id":"action24","type":"key","parameters":{},"actions":[{"type":"keyDown","value":""},{"type":"pause","duration":10},{"type":"keyUp","value":""}]}]}
COMMAND: GET /session/eec783fecbf0a41fe1bd0e21c7a60bf8/screenshot - {}
RESULT: {}
COMMAND: POST /session/eec783fecbf0a41fe1bd0e21c7a60bf8/execute/async - {"script":"<script> [1562 bytes]","args":[{"selector":{"controlType":"sap.ui.core.Icon","viewName":"etm.portal.ui.managerequests.view.NewRequest","properties":{"src":{"regex":{"source":"add"}}}},"wdio_ui5_key":"etmportal.ui.managerequests.view.NewRequestsap.ui.core.Icon{\"src\":{\"regex\":{\"source\":\"add\"}}}"}]}
RESULT: {"script":"<script> [1562 bytes]","args":[{"selector":{"controlType":"sap.ui.core.Icon","viewName":"etm.portal.ui.managerequests.view.NewRequest","properties":{"src":{"regex":{"source":"add"}}}},"wdio_ui5_key":"etmportal.ui.managerequests.view.NewRequestsap.ui.core.Icon{\"src\":{\"regex\":{\"source\":\"add\"}}}"}]}
RESULT: undefined
COMMAND: POST /session/eec783fecbf0a41fe1bd0e21c7a60bf8/element - {"using":"xpath","value":"//*[@id=\"__xmlview61--btnAddTableRow-img\"]"}
RESULT: {"using":"xpath","value":"//*[@id=\"__xmlview61--btnAddTableRow-img\"]"}
COMMAND: POST /session/eec783fecbf0a41fe1bd0e21c7a60bf8/element/f.C6480B129F3E0D11095D72FF7684A092.d.E257BCCAAE8B4E50CA0D772B0EB380BA.e.5693/click - {}
RESULT: {}
COMMAND: GET /session/eec783fecbf0a41fe1bd0e21c7a60bf8/screenshot - {}
RESULT: {}
COMMAND: POST /session/eec783fecbf0a41fe1bd0e21c7a60bf8/execute/async - {"script":"<script> [1562 bytes]","args":[{"selector":{"controlType":"sap.ui.unified.MenuItem","viewName":"etm.portal.ui.managerequests.view.NewRequest","i18NText":{"propertyName":"text","key":"standardEntry"},"searchOpenDialogs":true,"interaction":{"idSuffix":"txt"}},"wdio_ui5_key":"etmportal.ui.managerequests.view.NewRequestsap.ui.unified.MenuItem{\"propertyName\":\"text\",\"key\":\"standardEntry\"}"}]}
RESULT: {"script":"<script> [1562 bytes]","args":[{"selector":{"controlType":"sap.ui.unified.MenuItem","viewName":"etm.portal.ui.managerequests.view.NewRequest","i18NText":{"propertyName":"text","key":"standardEntry"},"searchOpenDialogs":true,"interaction":{"idSuffix":"txt"}},"wdio_ui5_key":"etmportal.ui.managerequests.view.NewRequestsap.ui.unified.MenuItem{\"propertyName\":\"text\",\"key\":\"standardEntry\"}"}]}
RESULT: undefined
COMMAND: POST /session/eec783fecbf0a41fe1bd0e21c7a60bf8/element - {"using":"xpath","value":"//*[@id=\"__item1681\"]"}
RESULT: {"using":"xpath","value":"//*[@id=\"__item1681\"]"}
COMMAND: POST /session/eec783fecbf0a41fe1bd0e21c7a60bf8/element/f.C6480B129F3E0D11095D72FF7684A092.d.E257BCCAAE8B4E50CA0D772B0EB380BA.e.5697/click - {}
RESULT: {}
COMMAND: GET /session/eec783fecbf0a41fe1bd0e21c7a60bf8/screenshot - {}
RESULT: {}
RESULT: undefined
COMMAND: POST /session/eec783fecbf0a41fe1bd0e21c7a60bf8/element - {"using":"xpath","value":"//*[@id=\"__xmlview61--btnAddTableRow-img\"]"}
RESULT: {"using":"xpath","value":"//*[@id=\"__xmlview61--btnAddTableRow-img\"]"}
COMMAND: POST /session/eec783fecbf0a41fe1bd0e21c7a60bf8/element/f.C6480B129F3E0D11095D72FF7684A092.d.E257BCCAAE8B4E50CA0D772B0EB380BA.e.5693/click - {}
RESULT: {}
COMMAND: GET /session/eec783fecbf0a41fe1bd0e21c7a60bf8/screenshot - {}
RESULT: {}
RESULT: undefined
COMMAND: POST /session/eec783fecbf0a41fe1bd0e21c7a60bf8/element - {"using":"xpath","value":"//*[@id=\"__item1681\"]"}
RESULT: {"using":"xpath","value":"//*[@id=\"__item1681\"]"}
COMMAND: POST /session/eec783fecbf0a41fe1bd0e21c7a60bf8/element/f.C6480B129F3E0D11095D72FF7684A092.d.E257BCCAAE8B4E50CA0D772B0EB380BA.e.5709/click - {}
RESULT: {}
COMMAND: GET /session/eec783fecbf0a41fe1bd0e21c7a60bf8/screenshot - {}
RESULT: {}
COMMAND: POST /session/eec783fecbf0a41fe1bd0e21c7a60bf8/element - {"using":"xpath","value":"(//input[contains(@id ,\"requestItemsTable-0-inner\")])[1]"}
RESULT: {"using":"xpath","value":"(//input[contains(@id ,\"requestItemsTable-0-inner\")])[1]"}
COMMAND: POST /session/eec783fecbf0a41fe1bd0e21c7a60bf8/element/f.C6480B129F3E0D11095D72FF7684A092.d.E257BCCAAE8B4E50CA0D772B0EB380BA.e.5699/clear - {}
RESULT: {}
COMMAND: POST /session/eec783fecbf0a41fe1bd0e21c7a60bf8/element/f.C6480B129F3E0D11095D72FF7684A092.d.E257BCCAAE8B4E50CA0D772B0EB380BA.e.5699/value - {"text":"catalogItemk8gb6"}
COMMAND: GET /session/eec783fecbf0a41fe1bd0e21c7a60bf8/screenshot - {}
RESULT: {"text":"catalogItemk8gb6"}
COMMAND: GET /session/eec783fecbf0a41fe1bd0e21c7a60bf8/screenshot - {}
RESULT: {}
RESULT: {}
COMMAND: POST /session/eec783fecbf0a41fe1bd0e21c7a60bf8/actions - {"actions":[{"id":"action25","type":"key","parameters":{},"actions":[{"type":"keyDown","value":""},{"type":"pause","duration":10},{"type":"keyUp","value":""}]}]}
RESULT: {"actions":[{"id":"action25","type":"key","parameters":{},"actions":[{"type":"keyDown","value":""},{"type":"pause","duration":10},{"type":"keyUp","value":""}]}]}
COMMAND: POST /session/eec783fecbf0a41fe1bd0e21c7a60bf8/element - {"using":"xpath","value":"(//input[contains(@id ,\"requestItemsTable-1-inner\")])[1]"}
COMMAND: GET /session/eec783fecbf0a41fe1bd0e21c7a60bf8/screenshot - {}
RESULT: {"using":"xpath","value":"(//input[contains(@id ,\"requestItemsTable-1-inner\")])[1]"}
COMMAND: POST /session/eec783fecbf0a41fe1bd0e21c7a60bf8/element/f.C6480B129F3E0D11095D72FF7684A092.d.E257BCCAAE8B4E50CA0D772B0EB380BA.e.5711/clear - {}
RESULT: {}
RESULT: {}
COMMAND: POST /session/eec783fecbf0a41fe1bd0e21c7a60bf8/element/f.C6480B129F3E0D11095D72FF7684A092.d.E257BCCAAE8B4E50CA0D772B0EB380BA.e.5711/value - {"text":"catalogItemk8gb6"}
COMMAND: GET /session/eec783fecbf0a41fe1bd0e21c7a60bf8/screenshot - {}
RESULT: {"text":"catalogItemk8gb6"}
COMMAND: GET /session/eec783fecbf0a41fe1bd0e21c7a60bf8/screenshot - {}
RESULT: {}
RESULT: {}
COMMAND: POST /session/eec783fecbf0a41fe1bd0e21c7a60bf8/actions - {"actions":[{"id":"action26","type":"key","parameters":{},"actions":[{"type":"keyDown","value":""},{"type":"pause","duration":10},{"type":"keyUp","value":""}]}]}
RESULT: {"actions":[{"id":"action26","type":"key","parameters":{},"actions":[{"type":"keyDown","value":""},{"type":"pause","duration":10},{"type":"keyUp","value":""}]}]}
COMMAND: GET /session/eec783fecbf0a41fe1bd0e21c7a60bf8/screenshot - {}
RESULT: {}
COMMAND: POST /session/eec783fecbf0a41fe1bd0e21c7a60bf8/execute/async - {"script":"<script> [1562 bytes]","args":[{"selector":{"controlType":"sap.ui.core.Icon","viewName":"etm.portal.ui.managerequests.view.NewRequest","properties":{"src":{"regex":{"source":"slim\\-arrow\\-down"}}},"ancestor":{"controlType":"sap.m.Button","viewName":"etm.portal.ui.managerequests.view.NewRequest","properties":{"icon":"sap-icon://slim-arrow-down"}}},"wdio_ui5_key":"etmportal.ui.managerequests.view.NewRequestsap.ui.core.Icon{\"src\":{\"regex\":{\"source\":\"slim\\\\-arrow\\\\-down\"}}}{\"controlType\":\"sap.m.Button\",\"viewName\":\"etm.portal.ui.managerequests.view.NewRequest\",\"properties\":{\"icon\":\"sap-icon://slim-arrow-down\"}}"}]}
RESULT: {"script":"<script> [1562 bytes]","args":[{"selector":{"controlType":"sap.ui.core.Icon","viewName":"etm.portal.ui.managerequests.view.NewRequest","properties":{"src":{"regex":{"source":"slim\\-arrow\\-down"}}},"ancestor":{"controlType":"sap.m.Button","viewName":"etm.portal.ui.managerequests.view.NewRequest","properties":{"icon":"sap-icon://slim-arrow-down"}}},"wdio_ui5_key":"etmportal.ui.managerequests.view.NewRequestsap.ui.core.Icon{\"src\":{\"regex\":{\"source\":\"slim\\\\-arrow\\\\-down\"}}}{\"controlType\":\"sap.m.Button\",\"viewName\":\"etm.portal.ui.managerequests.view.NewRequest\",\"properties\":{\"icon\":\"sap-icon://slim-arrow-down\"}}"}]}
RESULT: undefined
COMMAND: POST /session/eec783fecbf0a41fe1bd0e21c7a60bf8/element - {"using":"xpath","value":"//*[@id=\"__title47-expandBtn-img\"]"}
RESULT: {"using":"xpath","value":"//*[@id=\"__title47-expandBtn-img\"]"}
COMMAND: POST /session/eec783fecbf0a41fe1bd0e21c7a60bf8/element/f.C6480B129F3E0D11095D72FF7684A092.d.E257BCCAAE8B4E50CA0D772B0EB380BA.e.5731/click - {}
RESULT: {}
COMMAND: POST /session/eec783fecbf0a41fe1bd0e21c7a60bf8/element - {"using":"xpath","value":"//div[contains(@data-kt ,\"splitAllocationObjectStatus\")]"}
COMMAND: GET /session/eec783fecbf0a41fe1bd0e21c7a60bf8/screenshot - {}
RESULT: {"using":"xpath","value":"//div[contains(@data-kt ,\"splitAllocationObjectStatus\")]"}
COMMAND: POST /session/eec783fecbf0a41fe1bd0e21c7a60bf8/elements - {"using":"xpath","value":"//div[contains(@data-kt ,\"splitAllocationObjectStatus\")]"}
RESULT: {}
RESULT: {"using":"xpath","value":"//div[contains(@data-kt ,\"splitAllocationObjectStatus\")]"}
COMMAND: POST /session/eec783fecbf0a41fe1bd0e21c7a60bf8/execute/async - {"script":"<script> [1562 bytes]","args":[{"selector":{"controlType":"sap.ui.core.Icon","viewName":"etm.portal.ui.managerequests.view.NewRequest","properties":{"src":{"regex":{"source":"message\\-error"}}},"ancestor":{"controlType":"sap.m.ColumnListItem","viewName":"etm.portal.ui.managerequests.view.NewRequest","bindingPath":{"modelName":"newRequestItems","path":"/RequestItems/0"},"ancestor":{"id":"requestItemsTable","viewName":"etm.portal.ui.managerequests.view.NewRequest"}}},"wdio_ui5_key":"etmportal.ui.managerequests.view.NewRequestsap.ui.core.Icon{\"src\":{\"regex\":{\"source\":\"message\\\\-error\"}}}{\"controlType\":\"sap.m.ColumnListItem\",\"viewName\":\"etm.portal.ui.managerequests.view.NewRequest\",\"bindingPath\":{\"modelName\":\"newRequestItems\",\"path\":\"/RequestItems/0\"},\"ancestor\":{\"id\":\"requestItemsTable\",\"viewName\":\"etm.portal.ui.managerequests.view.NewRequest\"}}"}]}
RESULT: {"script":"<script> [1562 bytes]","args":[{"selector":{"controlType":"sap.ui.core.Icon","viewName":"etm.portal.ui.managerequests.view.NewRequest","properties":{"src":{"regex":{"source":"message\\-error"}}},"ancestor":{"controlType":"sap.m.ColumnListItem","viewName":"etm.portal.ui.managerequests.view.NewRequest","bindingPath":{"modelName":"newRequestItems","path":"/RequestItems/0"},"ancestor":{"id":"requestItemsTable","viewName":"etm.portal.ui.managerequests.view.NewRequest"}}},"wdio_ui5_key":"etmportal.ui.managerequests.view.NewRequestsap.ui.core.Icon{\"src\":{\"regex\":{\"source\":\"message\\\\-error\"}}}{\"controlType\":\"sap.m.ColumnListItem\",\"viewName\":\"etm.portal.ui.managerequests.view.NewRequest\",\"bindingPath\":{\"modelName\":\"newRequestItems\",\"path\":\"/RequestItems/0\"},\"ancestor\":{\"id\":\"requestItemsTable\",\"viewName\":\"etm.portal.ui.managerequests.view.NewRequest\"}}"}]}
RESULT: undefined
COMMAND: POST /session/eec783fecbf0a41fe1bd0e21c7a60bf8/element - {"using":"xpath","value":"//*[@id=\"__status15-__xmlview61--requestItemsTable-0-icon\"]"}
RESULT: {"using":"xpath","value":"//*[@id=\"__status15-__xmlview61--requestItemsTable-0-icon\"]"}
COMMAND: POST /session/eec783fecbf0a41fe1bd0e21c7a60bf8/element/f.C6480B129F3E0D11095D72FF7684A092.d.E257BCCAAE8B4E50CA0D772B0EB380BA.e.5736/click - {}
RESULT: {}
COMMAND: GET /session/eec783fecbf0a41fe1bd0e21c7a60bf8/screenshot - {}
RESULT: {}
COMMAND: POST /session/eec783fecbf0a41fe1bd0e21c7a60bf8/execute/async - {"script":"<script> [1562 bytes]","args":[{"selector":{"id":"costObjectAdminTypeComboBox","viewName":"etm.portal.ui.managerequests.view.NewRequest","searchOpenDialogs":true,"interaction":{"idSuffix":"inner"}},"wdio_ui5_key":"costObjectAdminTypeComboBoxetmportal.ui.managerequests.view.NewRequest"}]}
RESULT: {"script":"<script> [1562 bytes]","args":[{"selector":{"id":"costObjectAdminTypeComboBox","viewName":"etm.portal.ui.managerequests.view.NewRequest","searchOpenDialogs":true,"interaction":{"idSuffix":"inner"}},"wdio_ui5_key":"costObjectAdminTypeComboBoxetmportal.ui.managerequests.view.NewRequest"}]}
RESULT: undefined
COMMAND: POST /session/eec783fecbf0a41fe1bd0e21c7a60bf8/execute/async - {"script":"<script> [776 bytes]","args":[{"enterText":"Cost Center","selector":{"id":"costObjectAdminTypeComboBox","viewName":"etm.portal.ui.managerequests.view.NewRequest","searchOpenDialogs":true,"interaction":{"idSuffix":"inner"}},"clearTextFirst":true,"interactionType":"ENTER_TEXT"}]}
RESULT: {"script":"<script> [776 bytes]","args":[{"enterText":"Cost Center","selector":{"id":"costObjectAdminTypeComboBox","viewName":"etm.portal.ui.managerequests.view.NewRequest","searchOpenDialogs":true,"interaction":{"idSuffix":"inner"}},"clearTextFirst":true,"interactionType":"ENTER_TEXT"}]}
COMMAND: POST /session/eec783fecbf0a41fe1bd0e21c7a60bf8/actions - {"actions":[{"id":"action27","type":"key","parameters":{},"actions":[{"type":"keyDown","value":""},{"type":"pause","duration":10},{"type":"keyUp","value":""}]}]}
RESULT: {"actions":[{"id":"action27","type":"key","parameters":{},"actions":[{"type":"keyDown","value":""},{"type":"pause","duration":10},{"type":"keyUp","value":""}]}]}
COMMAND: GET /session/eec783fecbf0a41fe1bd0e21c7a60bf8/screenshot - {}
RESULT: {}
COMMAND: POST /session/eec783fecbf0a41fe1bd0e21c7a60bf8/execute/async - {"script":"<script> [1562 bytes]","args":[{"selector":{"controlType":"sap.ui.core.Icon","viewName":"etm.portal.ui.managerequests.view.NewRequest","properties":{"src":{"regex":{"source":"value\\-help"}}},"searchOpenDialogs":true},"wdio_ui5_key":"etmportal.ui.managerequests.view.NewRequestsap.ui.core.Icon{\"src\":{\"regex\":{\"source\":\"value\\\\-help\"}}}"}]}
RESULT: {"script":"<script> [1562 bytes]","args":[{"selector":{"controlType":"sap.ui.core.Icon","viewName":"etm.portal.ui.managerequests.view.NewRequest","properties":{"src":{"regex":{"source":"value\\-help"}}},"searchOpenDialogs":true},"wdio_ui5_key":"etmportal.ui.managerequests.view.NewRequestsap.ui.core.Icon{\"src\":{\"regex\":{\"source\":\"value\\\\-help\"}}}"}]}
RESULT: undefined
COMMAND: POST /session/eec783fecbf0a41fe1bd0e21c7a60bf8/element - {"using":"xpath","value":"//*[@id=\"__xmlview61--costObjectIdComboBox-vhi\"]"}
RESULT: {"using":"xpath","value":"//*[@id=\"__xmlview61--costObjectIdComboBox-vhi\"]"}
COMMAND: POST /session/eec783fecbf0a41fe1bd0e21c7a60bf8/element/f.C6480B129F3E0D11095D72FF7684A092.d.E257BCCAAE8B4E50CA0D772B0EB380BA.e.5750/click - {}
RESULT: {}
COMMAND: POST /session/eec783fecbf0a41fe1bd0e21c7a60bf8/execute/async - {"script":"<script> [1562 bytes]","args":[{"selector":{"controlType":"sap.m.SearchField","properties":{"placeholder":"Search"},"searchOpenDialogs":true,"interaction":{"idSuffix":"I"}},"wdio_ui5_key":"sapm.SearchField{\"placeholder\":\"Search\"}"}]}
COMMAND: GET /session/eec783fecbf0a41fe1bd0e21c7a60bf8/screenshot - {}
RESULT: {"script":"<script> [1562 bytes]","args":[{"selector":{"controlType":"sap.m.SearchField","properties":{"placeholder":"Search"},"searchOpenDialogs":true,"interaction":{"idSuffix":"I"}},"wdio_ui5_key":"sapm.SearchField{\"placeholder\":\"Search\"}"}]}
RESULT: undefined
COMMAND: POST /session/eec783fecbf0a41fe1bd0e21c7a60bf8/execute/async - {"script":"<script> [776 bytes]","args":[{"enterText":"10001013","selector":{"controlType":"sap.m.SearchField","properties":{"placeholder":"Search"},"searchOpenDialogs":true,"interaction":{"idSuffix":"I"}},"clearTextFirst":true,"interactionType":"ENTER_TEXT"}]}
RESULT: {}
RESULT: {"script":"<script> [776 bytes]","args":[{"enterText":"10001013","selector":{"controlType":"sap.m.SearchField","properties":{"placeholder":"Search"},"searchOpenDialogs":true,"interaction":{"idSuffix":"I"}},"clearTextFirst":true,"interactionType":"ENTER_TEXT"}]}
COMMAND: POST /session/eec783fecbf0a41fe1bd0e21c7a60bf8/actions - {"actions":[{"id":"action28","type":"key","parameters":{},"actions":[{"type":"keyDown","value":""},{"type":"pause","duration":10},{"type":"keyUp","value":""}]}]}
RESULT: {"actions":[{"id":"action28","type":"key","parameters":{},"actions":[{"type":"keyDown","value":""},{"type":"pause","duration":10},{"type":"keyUp","value":""}]}]}
COMMAND: GET /session/eec783fecbf0a41fe1bd0e21c7a60bf8/screenshot - {}
RESULT: {}
COMMAND: POST /session/eec783fecbf0a41fe1bd0e21c7a60bf8/element - {"using":"xpath","value":"//span[contains(text(), \"General Management\")]"}
RESULT: {"using":"xpath","value":"//span[contains(text(), \"General Management\")]"}
COMMAND: POST /session/eec783fecbf0a41fe1bd0e21c7a60bf8/element/f.C6480B129F3E0D11095D72FF7684A092.d.E257BCCAAE8B4E50CA0D772B0EB380BA.e.5789/click - {}
RESULT: {}
COMMAND: GET /session/eec783fecbf0a41fe1bd0e21c7a60bf8/screenshot - {}
RESULT: {}
COMMAND: POST /session/eec783fecbf0a41fe1bd0e21c7a60bf8/element - {"using":"xpath","value":"//bdi[contains(text(), \"OK\")]"}
RESULT: {"using":"xpath","value":"//bdi[contains(text(), \"OK\")]"}
COMMAND: POST /session/eec783fecbf0a41fe1bd0e21c7a60bf8/element/f.C6480B129F3E0D11095D72FF7684A092.d.E257BCCAAE8B4E50CA0D772B0EB380BA.e.5790/click - {}
RESULT: {}
COMMAND: GET /session/eec783fecbf0a41fe1bd0e21c7a60bf8/screenshot - {}
RESULT: {}
COMMAND: POST /session/eec783fecbf0a41fe1bd0e21c7a60bf8/element - {"using":"xpath","value":"(//bdi[contains(@id ,\"BDI-content\")][contains(text(), \"Save\")])[1]"}
RESULT: {"using":"xpath","value":"(//bdi[contains(@id ,\"BDI-content\")][contains(text(), \"Save\")])[1]"}
COMMAND: POST /session/eec783fecbf0a41fe1bd0e21c7a60bf8/element/f.C6480B129F3E0D11095D72FF7684A092.d.E257BCCAAE8B4E50CA0D772B0EB380BA.e.5794/click - {}
RESULT: {}
COMMAND: GET /session/eec783fecbf0a41fe1bd0e21c7a60bf8/screenshot - {}
RESULT: {}
COMMAND: POST /session/eec783fecbf0a41fe1bd0e21c7a60bf8/execute/async - {"script":"<script> [1562 bytes]","args":[{"selector":{"controlType":"sap.ui.core.Icon","viewName":"etm.portal.ui.managerequests.view.NewRequest","properties":{"src":{"regex":{"source":"message\\-error"}}},"ancestor":{"controlType":"sap.m.ColumnListItem","viewName":"etm.portal.ui.managerequests.view.NewRequest","bindingPath":{"modelName":"newRequestItems","path":"/RequestItems/1"},"ancestor":{"id":"requestItemsTable","viewName":"etm.portal.ui.managerequests.view.NewRequest"}}},"wdio_ui5_key":"etmportal.ui.managerequests.view.NewRequestsap.ui.core.Icon{\"src\":{\"regex\":{\"source\":\"message\\\\-error\"}}}{\"controlType\":\"sap.m.ColumnListItem\",\"viewName\":\"etm.portal.ui.managerequests.view.NewRequest\",\"bindingPath\":{\"modelName\":\"newRequestItems\",\"path\":\"/RequestItems/1\"},\"ancestor\":{\"id\":\"requestItemsTable\",\"viewName\":\"etm.portal.ui.managerequests.view.NewRequest\"}}"}]}
RESULT: {"script":"<script> [1562 bytes]","args":[{"selector":{"controlType":"sap.ui.core.Icon","viewName":"etm.portal.ui.managerequests.view.NewRequest","properties":{"src":{"regex":{"source":"message\\-error"}}},"ancestor":{"controlType":"sap.m.ColumnListItem","viewName":"etm.portal.ui.managerequests.view.NewRequest","bindingPath":{"modelName":"newRequestItems","path":"/RequestItems/1"},"ancestor":{"id":"requestItemsTable","viewName":"etm.portal.ui.managerequests.view.NewRequest"}}},"wdio_ui5_key":"etmportal.ui.managerequests.view.NewRequestsap.ui.core.Icon{\"src\":{\"regex\":{\"source\":\"message\\\\-error\"}}}{\"controlType\":\"sap.m.ColumnListItem\",\"viewName\":\"etm.portal.ui.managerequests.view.NewRequest\",\"bindingPath\":{\"modelName\":\"newRequestItems\",\"path\":\"/RequestItems/1\"},\"ancestor\":{\"id\":\"requestItemsTable\",\"viewName\":\"etm.portal.ui.managerequests.view.NewRequest\"}}"}]}
RESULT: undefined
COMMAND: POST /session/eec783fecbf0a41fe1bd0e21c7a60bf8/element - {"using":"xpath","value":"//*[@id=\"__status15-__xmlview61--requestItemsTable-1-icon\"]"}
RESULT: {"using":"xpath","value":"//*[@id=\"__status15-__xmlview61--requestItemsTable-1-icon\"]"}
COMMAND: POST /session/eec783fecbf0a41fe1bd0e21c7a60bf8/element/f.C6480B129F3E0D11095D72FF7684A092.d.E257BCCAAE8B4E50CA0D772B0EB380BA.e.5797/click - {}
RESULT: {}
COMMAND: GET /session/eec783fecbf0a41fe1bd0e21c7a60bf8/screenshot - {}
RESULT: {}
RESULT: undefined
COMMAND: POST /session/eec783fecbf0a41fe1bd0e21c7a60bf8/execute/async - {"script":"<script> [776 bytes]","args":[{"enterText":"Cost Center","selector":{"id":"costObjectAdminTypeComboBox","viewName":"etm.portal.ui.managerequests.view.NewRequest","searchOpenDialogs":true,"interaction":{"idSuffix":"inner"}},"clearTextFirst":true,"interactionType":"ENTER_TEXT"}]}
RESULT: {"script":"<script> [776 bytes]","args":[{"enterText":"Cost Center","selector":{"id":"costObjectAdminTypeComboBox","viewName":"etm.portal.ui.managerequests.view.NewRequest","searchOpenDialogs":true,"interaction":{"idSuffix":"inner"}},"clearTextFirst":true,"interactionType":"ENTER_TEXT"}]}
COMMAND: POST /session/eec783fecbf0a41fe1bd0e21c7a60bf8/actions - {"actions":[{"id":"action29","type":"key","parameters":{},"actions":[{"type":"keyDown","value":""},{"type":"pause","duration":10},{"type":"keyUp","value":""}]}]}
RESULT: {"actions":[{"id":"action29","type":"key","parameters":{},"actions":[{"type":"keyDown","value":""},{"type":"pause","duration":10},{"type":"keyUp","value":""}]}]}
COMMAND: GET /session/eec783fecbf0a41fe1bd0e21c7a60bf8/screenshot - {}
RESULT: {}
RESULT: undefined
COMMAND: POST /session/eec783fecbf0a41fe1bd0e21c7a60bf8/element - {"using":"xpath","value":"//*[@id=\"__xmlview61--costObjectIdComboBox-vhi\"]"}
RESULT: {"using":"xpath","value":"//*[@id=\"__xmlview61--costObjectIdComboBox-vhi\"]"}
COMMAND: POST /session/eec783fecbf0a41fe1bd0e21c7a60bf8/element/f.C6480B129F3E0D11095D72FF7684A092.d.E257BCCAAE8B4E50CA0D772B0EB380BA.e.5807/click - {}
RESULT: {}
RESULT: undefined
COMMAND: POST /session/eec783fecbf0a41fe1bd0e21c7a60bf8/execute/async - {"script":"<script> [776 bytes]","args":[{"enterText":"10001013","selector":{"controlType":"sap.m.SearchField","properties":{"placeholder":"Search"},"searchOpenDialogs":true,"interaction":{"idSuffix":"I"}},"clearTextFirst":true,"interactionType":"ENTER_TEXT"}]}
COMMAND: GET /session/eec783fecbf0a41fe1bd0e21c7a60bf8/screenshot - {}
RESULT: {"script":"<script> [776 bytes]","args":[{"enterText":"10001013","selector":{"controlType":"sap.m.SearchField","properties":{"placeholder":"Search"},"searchOpenDialogs":true,"interaction":{"idSuffix":"I"}},"clearTextFirst":true,"interactionType":"ENTER_TEXT"}]}
COMMAND: POST /session/eec783fecbf0a41fe1bd0e21c7a60bf8/actions - {"actions":[{"id":"action30","type":"key","parameters":{},"actions":[{"type":"keyDown","value":""},{"type":"pause","duration":10},{"type":"keyUp","value":""}]}]}
RESULT: {}
RESULT: {"actions":[{"id":"action30","type":"key","parameters":{},"actions":[{"type":"keyDown","value":""},{"type":"pause","duration":10},{"type":"keyUp","value":""}]}]}
COMMAND: GET /session/eec783fecbf0a41fe1bd0e21c7a60bf8/screenshot - {}
RESULT: {}
COMMAND: POST /session/eec783fecbf0a41fe1bd0e21c7a60bf8/element - {"using":"xpath","value":"//span[contains(text(), \"General Management\")]"}
RESULT: {"using":"xpath","value":"//span[contains(text(), \"General Management\")]"}
COMMAND: POST /session/eec783fecbf0a41fe1bd0e21c7a60bf8/element/f.C6480B129F3E0D11095D72FF7684A092.d.E257BCCAAE8B4E50CA0D772B0EB380BA.e.5846/click - {}
RESULT: {}
COMMAND: GET /session/eec783fecbf0a41fe1bd0e21c7a60bf8/screenshot - {}
RESULT: {}
COMMAND: POST /session/eec783fecbf0a41fe1bd0e21c7a60bf8/element - {"using":"xpath","value":"//bdi[contains(text(), \"OK\")]"}
RESULT: {"using":"xpath","value":"//bdi[contains(text(), \"OK\")]"}
COMMAND: POST /session/eec783fecbf0a41fe1bd0e21c7a60bf8/element/f.C6480B129F3E0D11095D72FF7684A092.d.E257BCCAAE8B4E50CA0D772B0EB380BA.e.5847/click - {}
RESULT: {}
COMMAND: GET /session/eec783fecbf0a41fe1bd0e21c7a60bf8/screenshot - {}
RESULT: {}
COMMAND: POST /session/eec783fecbf0a41fe1bd0e21c7a60bf8/element - {"using":"xpath","value":"(//bdi[contains(@id ,\"BDI-content\")][contains(text(), \"Save\")])[1]"}
RESULT: {"using":"xpath","value":"(//bdi[contains(@id ,\"BDI-content\")][contains(text(), \"Save\")])[1]"}
COMMAND: POST /session/eec783fecbf0a41fe1bd0e21c7a60bf8/element/f.C6480B129F3E0D11095D72FF7684A092.d.E257BCCAAE8B4E50CA0D772B0EB380BA.e.5851/click - {}
RESULT: {}
COMMAND: GET /session/eec783fecbf0a41fe1bd0e21c7a60bf8/screenshot - {}
RESULT: {}
COMMAND: POST /session/eec783fecbf0a41fe1bd0e21c7a60bf8/execute/async - {"script":"<script> [1562 bytes]","args":[{"selector":{"controlType":"sap.m.Button","viewName":"etm.portal.ui.managerequests.view.NewRequest","i18NText":{"propertyName":"tooltip","key":"save"},"interaction":{"idSuffix":"content"}},"wdio_ui5_key":"etmportal.ui.managerequests.view.NewRequestsap.m.Button{\"propertyName\":\"tooltip\",\"key\":\"save\"}"}]}
RESULT: {"script":"<script> [1562 bytes]","args":[{"selector":{"controlType":"sap.m.Button","viewName":"etm.portal.ui.managerequests.view.NewRequest","i18NText":{"propertyName":"tooltip","key":"save"},"interaction":{"idSuffix":"content"}},"wdio_ui5_key":"etmportal.ui.managerequests.view.NewRequestsap.m.Button{\"propertyName\":\"tooltip\",\"key\":\"save\"}"}]}
RESULT: undefined
COMMAND: POST /session/eec783fecbf0a41fe1bd0e21c7a60bf8/element - {"using":"xpath","value":"//*[@id=\"__button107\"]"}
RESULT: {"using":"xpath","value":"//*[@id=\"__button107\"]"}
COMMAND: POST /session/eec783fecbf0a41fe1bd0e21c7a60bf8/element/f.C6480B129F3E0D11095D72FF7684A092.d.E257BCCAAE8B4E50CA0D772B0EB380BA.e.5618/click - {}
RESULT: {}
COMMAND: GET /session/eec783fecbf0a41fe1bd0e21c7a60bf8/screenshot - {}
RESULT: {}
COMMAND: POST /session/eec783fecbf0a41fe1bd0e21c7a60bf8/execute/async - {"script":"<script> [1562 bytes]","args":[{"selector":{"controlType":"sap.m.Title","properties":{"text":"Success"},"searchOpenDialogs":true},"wdio_ui5_key":"sapm.Title{\"text\":\"Success\"}"}]}
RESULT: {"script":"<script> [1562 bytes]","args":[{"selector":{"controlType":"sap.m.Title","properties":{"text":"Success"},"searchOpenDialogs":true},"wdio_ui5_key":"sapm.Title{\"text\":\"Success\"}"}]}
RESULT: undefined
COMMAND: POST /session/eec783fecbf0a41fe1bd0e21c7a60bf8/execute/async - {"script":"<script> [6424 bytes]","args":[{"element-6066-11e4-a52e-4f735466cecf":"f.C6480B129F3E0D11095D72FF7684A092.d.E257BCCAAE8B4E50CA0D772B0EB380BA.e.5857"},"getText",[]]}
RESULT: {"script":"<script> [6424 bytes]","args":[{"element-6066-11e4-a52e-4f735466cecf":"f.C6480B129F3E0D11095D72FF7684A092.d.E257BCCAAE8B4E50CA0D772B0EB380BA.e.5857"},"getText",[]]}
COMMAND: POST /session/eec783fecbf0a41fe1bd0e21c7a60bf8/execute/async - {"script":"<script> [1562 bytes]","args":[{"selector":{"controlType":"sap.m.Button","properties":{"text":"Close"},"searchOpenDialogs":true,"interaction":{"idSuffix":"BDI-content"}},"wdio_ui5_key":"sapm.Button{\"text\":\"Close\"}"}]}
RESULT: {"script":"<script> [1562 bytes]","args":[{"selector":{"controlType":"sap.m.Button","properties":{"text":"Close"},"searchOpenDialogs":true,"interaction":{"idSuffix":"BDI-content"}},"wdio_ui5_key":"sapm.Button{\"text\":\"Close\"}"}]}
RESULT: undefined
COMMAND: POST /session/eec783fecbf0a41fe1bd0e21c7a60bf8/element - {"using":"xpath","value":"//*[@id=\"__mbox-btn-4\"]"}
RESULT: {"using":"xpath","value":"//*[@id=\"__mbox-btn-4\"]"}
COMMAND: POST /session/eec783fecbf0a41fe1bd0e21c7a60bf8/element/f.C6480B129F3E0D11095D72FF7684A092.d.E257BCCAAE8B4E50CA0D772B0EB380BA.e.5856/click - {}
RESULT: {}
COMMAND: GET /session/eec783fecbf0a41fe1bd0e21c7a60bf8/screenshot - {}
RESULT: {}
COMMAND: POST /session/eec783fecbf0a41fe1bd0e21c7a60bf8/execute/async - {"script":"<script> [1562 bytes]","args":[{"selector":{"controlType":"sap.m.Text","viewName":"etm.portal.ui.managerequests.view.Detail","bindingPath":{"propertyPath":"NO","modelName":"catalogModel"}},"wdio_ui5_key":"etmportal.ui.managerequests.view.Detailsap.m.Text{\"propertyPath\":\"NO\",\"modelName\":\"catalogModel\"}"}]}
RESULT: {"script":"<script> [1562 bytes]","args":[{"selector":{"controlType":"sap.m.Text","viewName":"etm.portal.ui.managerequests.view.Detail","bindingPath":{"propertyPath":"NO","modelName":"catalogModel"}},"wdio_ui5_key":"etmportal.ui.managerequests.view.Detailsap.m.Text{\"propertyPath\":\"NO\",\"modelName\":\"catalogModel\"}"}]}
RESULT: undefined
COMMAND: POST /session/eec783fecbf0a41fe1bd0e21c7a60bf8/execute/async - {"script":"<script> [6424 bytes]","args":[{"element-6066-11e4-a52e-4f735466cecf":"f.C6480B129F3E0D11095D72FF7684A092.d.E257BCCAAE8B4E50CA0D772B0EB380BA.e.5985"},"getText",[]]}
RESULT: {"script":"<script> [6424 bytes]","args":[{"element-6066-11e4-a52e-4f735466cecf":"f.C6480B129F3E0D11095D72FF7684A092.d.E257BCCAAE8B4E50CA0D772B0EB380BA.e.5985"},"getText",[]]}
COMMAND: POST /session/eec783fecbf0a41fe1bd0e21c7a60bf8/execute/async - {"script":"<script> [1562 bytes]","args":[{"selector":{"controlType":"sap.ui.core.Icon","viewName":"etm.portal.ui.managerequests.view.Detail","properties":{"src":{"regex":{"source":"date\\-time"}}},"ancestor":{"controlType":"sap.m.ColumnListItem","viewName":"etm.portal.ui.managerequests.view.Detail","bindingPath":{"path":"/SmartRequestItemsPlanningBoard(ITEM=10m,REQUEST='20159')"},"ancestor":{"id":"requestItemsTable","viewName":"etm.portal.ui.managerequests.view.Detail"}}},"wdio_ui5_key":"etmportal.ui.managerequests.view.Detailsap.ui.core.Icon{\"src\":{\"regex\":{\"source\":\"date\\\\-time\"}}}{\"controlType\":\"sap.m.ColumnListItem\",\"viewName\":\"etm.portal.ui.managerequests.view.Detail\",\"bindingPath\":{\"path\":\"/SmartRequestItemsPlanningBoard(ITEM=10m,REQUEST='20159')\"},\"ancestor\":{\"id\":\"requestItemsTable\",\"viewName\":\"etm.portal.ui.managerequests.view.Detail\"}}"}]}
RESULT: {"script":"<script> [1562 bytes]","args":[{"selector":{"controlType":"sap.ui.core.Icon","viewName":"etm.portal.ui.managerequests.view.Detail","properties":{"src":{"regex":{"source":"date\\-time"}}},"ancestor":{"controlType":"sap.m.ColumnListItem","viewName":"etm.portal.ui.managerequests.view.Detail","bindingPath":{"path":"/SmartRequestItemsPlanningBoard(ITEM=10m,REQUEST='20159')"},"ancestor":{"id":"requestItemsTable","viewName":"etm.portal.ui.managerequests.view.Detail"}}},"wdio_ui5_key":"etmportal.ui.managerequests.view.Detailsap.ui.core.Icon{\"src\":{\"regex\":{\"source\":\"date\\\\-time\"}}}{\"controlType\":\"sap.m.ColumnListItem\",\"viewName\":\"etm.portal.ui.managerequests.view.Detail\",\"bindingPath\":{\"path\":\"/SmartRequestItemsPlanningBoard(ITEM=10m,REQUEST='20159')\"},\"ancestor\":{\"id\":\"requestItemsTable\",\"viewName\":\"etm.portal.ui.managerequests.view.Detail\"}}"}]}
RESULT: undefined
COMMAND: POST /session/eec783fecbf0a41fe1bd0e21c7a60bf8/element - {"using":"xpath","value":"//*[@id=\"__button137-__clone6604-img\"]"}
RESULT: {"using":"xpath","value":"//*[@id=\"__button137-__clone6604-img\"]"}
COMMAND: POST /session/eec783fecbf0a41fe1bd0e21c7a60bf8/element/f.C6480B129F3E0D11095D72FF7684A092.d.E257BCCAAE8B4E50CA0D772B0EB380BA.e.5986/click - {}
RESULT: {}
COMMAND: POST /session/eec783fecbf0a41fe1bd0e21c7a60bf8/execute/async - {"script":"<script> [1562 bytes]","args":[{"selector":{"controlType":"sap.m.Button","viewName":"etm.portal.ui.managerequests.view.Detail","properties":{"text":"Close"},"searchOpenDialogs":true,"interaction":{"idSuffix":"BDI-content"}},"wdio_ui5_key":"etmportal.ui.managerequests.view.Detailsap.m.Button{\"text\":\"Close\"}"}]}
COMMAND: GET /session/eec783fecbf0a41fe1bd0e21c7a60bf8/screenshot - {}
RESULT: {"script":"<script> [1562 bytes]","args":[{"selector":{"controlType":"sap.m.Button","viewName":"etm.portal.ui.managerequests.view.Detail","properties":{"text":"Close"},"searchOpenDialogs":true,"interaction":{"idSuffix":"BDI-content"}},"wdio_ui5_key":"etmportal.ui.managerequests.view.Detailsap.m.Button{\"text\":\"Close\"}"}]}
RESULT: undefined
COMMAND: POST /session/eec783fecbf0a41fe1bd0e21c7a60bf8/element - {"using":"xpath","value":"//*[@id=\"__button147\"]"}
RESULT: {}
RESULT: {"using":"xpath","value":"//*[@id=\"__button147\"]"}
COMMAND: POST /session/eec783fecbf0a41fe1bd0e21c7a60bf8/element/f.C6480B129F3E0D11095D72FF7684A092.d.E257BCCAAE8B4E50CA0D772B0EB380BA.e.5988/click - {}
RESULT: {}
COMMAND: POST /session/eec783fecbf0a41fe1bd0e21c7a60bf8/execute/async - {"script":"<script> [1562 bytes]","args":[{"selector":{"controlType":"sap.ui.core.Icon","viewName":"etm.portal.ui.managerequests.view.Detail","properties":{"src":{"regex":{"source":"date\\-time"}}},"ancestor":{"controlType":"sap.m.ColumnListItem","viewName":"etm.portal.ui.managerequests.view.Detail","bindingPath":{"path":"/SmartRequestItemsPlanningBoard(ITEM=20m,REQUEST='20159')"},"ancestor":{"id":"requestItemsTable","viewName":"etm.portal.ui.managerequests.view.Detail"}}},"wdio_ui5_key":"etmportal.ui.managerequests.view.Detailsap.ui.core.Icon{\"src\":{\"regex\":{\"source\":\"date\\\\-time\"}}}{\"controlType\":\"sap.m.ColumnListItem\",\"viewName\":\"etm.portal.ui.managerequests.view.Detail\",\"bindingPath\":{\"path\":\"/SmartRequestItemsPlanningBoard(ITEM=20m,REQUEST='20159')\"},\"ancestor\":{\"id\":\"requestItemsTable\",\"viewName\":\"etm.portal.ui.managerequests.view.Detail\"}}"}]}
COMMAND: GET /session/eec783fecbf0a41fe1bd0e21c7a60bf8/screenshot - {}
RESULT: {"script":"<script> [1562 bytes]","args":[{"selector":{"controlType":"sap.ui.core.Icon","viewName":"etm.portal.ui.managerequests.view.Detail","properties":{"src":{"regex":{"source":"date\\-time"}}},"ancestor":{"controlType":"sap.m.ColumnListItem","viewName":"etm.portal.ui.managerequests.view.Detail","bindingPath":{"path":"/SmartRequestItemsPlanningBoard(ITEM=20m,REQUEST='20159')"},"ancestor":{"id":"requestItemsTable","viewName":"etm.portal.ui.managerequests.view.Detail"}}},"wdio_ui5_key":"etmportal.ui.managerequests.view.Detailsap.ui.core.Icon{\"src\":{\"regex\":{\"source\":\"date\\\\-time\"}}}{\"controlType\":\"sap.m.ColumnListItem\",\"viewName\":\"etm.portal.ui.managerequests.view.Detail\",\"bindingPath\":{\"path\":\"/SmartRequestItemsPlanningBoard(ITEM=20m,REQUEST='20159')\"},\"ancestor\":{\"id\":\"requestItemsTable\",\"viewName\":\"etm.portal.ui.managerequests.view.Detail\"}}"}]}
RESULT: undefined
COMMAND: POST /session/eec783fecbf0a41fe1bd0e21c7a60bf8/element - {"using":"xpath","value":"//*[@id=\"__button137-__clone6605-img\"]"}
RESULT: {}
RESULT: {"using":"xpath","value":"//*[@id=\"__button137-__clone6605-img\"]"}
COMMAND: POST /session/eec783fecbf0a41fe1bd0e21c7a60bf8/element/f.C6480B129F3E0D11095D72FF7684A092.d.E257BCCAAE8B4E50CA0D772B0EB380BA.e.5995/click - {}
RESULT: {}
RESULT: undefined
COMMAND: POST /session/eec783fecbf0a41fe1bd0e21c7a60bf8/element - {"using":"xpath","value":"//*[@id=\"__button147\"]"}
COMMAND: GET /session/eec783fecbf0a41fe1bd0e21c7a60bf8/screenshot - {}
RESULT: {"using":"xpath","value":"//*[@id=\"__button147\"]"}
COMMAND: POST /session/eec783fecbf0a41fe1bd0e21c7a60bf8/elements - {"using":"xpath","value":"//*[@id=\"__button147\"]"}
RESULT: {}
RESULT: {"using":"xpath","value":"//*[@id=\"__button147\"]"}
COMMAND: POST /session/eec783fecbf0a41fe1bd0e21c7a60bf8/elements - {"using":"xpath","value":"//*[@id=\"__button147\"]"}
RESULT: {"using":"xpath","value":"//*[@id=\"__button147\"]"}
COMMAND: POST /session/eec783fecbf0a41fe1bd0e21c7a60bf8/element - {"using":"xpath","value":"//*[@id=\"__button147\"]"}
RESULT: {"using":"xpath","value":"//*[@id=\"__button147\"]"}
COMMAND: POST /session/eec783fecbf0a41fe1bd0e21c7a60bf8/element/f.C6480B129F3E0D11095D72FF7684A092.d.E257BCCAAE8B4E50CA0D772B0EB380BA.e.6001/click - {}
RESULT: {}
COMMAND: POST /session/eec783fecbf0a41fe1bd0e21c7a60bf8/element - {"using":"css selector","value":"#shell-header-logo"}
COMMAND: GET /session/eec783fecbf0a41fe1bd0e21c7a60bf8/screenshot - {}
RESULT: {"using":"css selector","value":"#shell-header-logo"}
COMMAND: POST /session/eec783fecbf0a41fe1bd0e21c7a60bf8/element/f.C6480B129F3E0D11095D72FF7684A092.d.E257BCCAAE8B4E50CA0D772B0EB380BA.e.5334/click - {}
RESULT: {}
RESULT: {}
COMMAND: GET /session/eec783fecbf0a41fe1bd0e21c7a60bf8/screenshot - {}
RESULT: {}
]]></system-out>
    </testcase>
    <testcase classname="chrome.136_0_7103_93.windows.Standard_contract_-_add_contract_items_by_Insert_Request_US118222" name="Should insert the request into the contract" time="64.017">
      <system-out><![CDATA[
RESULT: undefined
COMMAND: POST /session/eec783fecbf0a41fe1bd0e21c7a60bf8/element - {"using":"xpath","value":"//*[@id=\"__tile132\"]"}
RESULT: {"using":"xpath","value":"//*[@id=\"__tile132\"]"}
COMMAND: POST /session/eec783fecbf0a41fe1bd0e21c7a60bf8/element/f.C6480B129F3E0D11095D72FF7684A092.d.E257BCCAAE8B4E50CA0D772B0EB380BA.e.4887/click - {}
RESULT: {}
COMMAND: GET /session/eec783fecbf0a41fe1bd0e21c7a60bf8/screenshot - {}
RESULT: {}
COMMAND: POST /session/eec783fecbf0a41fe1bd0e21c7a60bf8/elements - {"using":"xpath","value":"//span[text()='Error']"}
RESULT: {"using":"xpath","value":"//span[text()='Error']"}
COMMAND: POST /session/eec783fecbf0a41fe1bd0e21c7a60bf8/execute/async - {"script":"<script> [1562 bytes]","args":[{"selector":{"controlType":"sap.m.SearchField","viewName":"etm.portal.ui.managecontracts.view.Master","bindingPath":{"path":"","propertyPath":"/_BASIC_SEARCH_FIELD","modelName":"fi1t3rM0d31"},"interaction":{"idSuffix":"I"}},"wdio_ui5_key":"etmportal.ui.managecontracts.view.Mastersap.m.SearchField{\"path\":\"\",\"propertyPath\":\"/_BASIC_SEARCH_FIELD\",\"modelName\":\"fi1t3rM0d31\"}"}]}
RESULT: {"script":"<script> [1562 bytes]","args":[{"selector":{"controlType":"sap.m.SearchField","viewName":"etm.portal.ui.managecontracts.view.Master","bindingPath":{"path":"","propertyPath":"/_BASIC_SEARCH_FIELD","modelName":"fi1t3rM0d31"},"interaction":{"idSuffix":"I"}},"wdio_ui5_key":"etmportal.ui.managecontracts.view.Mastersap.m.SearchField{\"path\":\"\",\"propertyPath\":\"/_BASIC_SEARCH_FIELD\",\"modelName\":\"fi1t3rM0d31\"}"}]}
RESULT: undefined
COMMAND: POST /session/eec783fecbf0a41fe1bd0e21c7a60bf8/execute/async - {"script":"<script> [776 bytes]","args":[{"enterText":"10351","selector":{"controlType":"sap.m.SearchField","viewName":"etm.portal.ui.managecontracts.view.Master","bindingPath":{"path":"","propertyPath":"/_BASIC_SEARCH_FIELD","modelName":"fi1t3rM0d31"},"interaction":{"idSuffix":"I"}},"clearTextFirst":true,"interactionType":"ENTER_TEXT"}]}
RESULT: {"script":"<script> [776 bytes]","args":[{"enterText":"10351","selector":{"controlType":"sap.m.SearchField","viewName":"etm.portal.ui.managecontracts.view.Master","bindingPath":{"path":"","propertyPath":"/_BASIC_SEARCH_FIELD","modelName":"fi1t3rM0d31"},"interaction":{"idSuffix":"I"}},"clearTextFirst":true,"interactionType":"ENTER_TEXT"}]}
COMMAND: POST /session/eec783fecbf0a41fe1bd0e21c7a60bf8/actions - {"actions":[{"id":"action31","type":"key","parameters":{},"actions":[{"type":"keyDown","value":""},{"type":"pause","duration":10},{"type":"keyUp","value":""}]}]}
RESULT: {"actions":[{"id":"action31","type":"key","parameters":{},"actions":[{"type":"keyDown","value":""},{"type":"pause","duration":10},{"type":"keyUp","value":""}]}]}
COMMAND: GET /session/eec783fecbf0a41fe1bd0e21c7a60bf8/screenshot - {}
RESULT: {}
COMMAND: POST /session/eec783fecbf0a41fe1bd0e21c7a60bf8/execute/async - {"script":"<script> [1562 bytes]","args":[{"selector":{"controlType":"sap.ui.core.Icon","viewName":"etm.portal.ui.managecontracts.view.Master","properties":{"src":{"regex":{"source":"slim\\-arrow\\-right"}}}},"wdio_ui5_key":"etmportal.ui.managecontracts.view.Mastersap.ui.core.Icon{\"src\":{\"regex\":{\"source\":\"slim\\\\-arrow\\\\-right\"}}}"}]}
RESULT: {"script":"<script> [1562 bytes]","args":[{"selector":{"controlType":"sap.ui.core.Icon","viewName":"etm.portal.ui.managecontracts.view.Master","properties":{"src":{"regex":{"source":"slim\\-arrow\\-right"}}}},"wdio_ui5_key":"etmportal.ui.managecontracts.view.Mastersap.ui.core.Icon{\"src\":{\"regex\":{\"source\":\"slim\\\\-arrow\\\\-right\"}}}"}]}
RESULT: undefined
COMMAND: POST /session/eec783fecbf0a41fe1bd0e21c7a60bf8/element - {"using":"xpath","value":"//*[@id=\"__item1969-__clone6717-imgNav\"]"}
RESULT: {"using":"xpath","value":"//*[@id=\"__item1969-__clone6717-imgNav\"]"}
COMMAND: POST /session/eec783fecbf0a41fe1bd0e21c7a60bf8/element/f.C6480B129F3E0D11095D72FF7684A092.d.E257BCCAAE8B4E50CA0D772B0EB380BA.e.6114/click - {}
RESULT: {}
COMMAND: POST /session/eec783fecbf0a41fe1bd0e21c7a60bf8/execute/async - {"script":"<script> [1562 bytes]","args":[{"selector":{"id":"addRequestItemBtn","viewName":"etm.portal.ui.managecontracts.view.Detail","interaction":{"idSuffix":"BDI-content"}},"wdio_ui5_key":"addRequestItemBtnetmportal.ui.managecontracts.view.Detail"}]}
COMMAND: GET /session/eec783fecbf0a41fe1bd0e21c7a60bf8/screenshot - {}
RESULT: {"script":"<script> [1562 bytes]","args":[{"selector":{"id":"addRequestItemBtn","viewName":"etm.portal.ui.managecontracts.view.Detail","interaction":{"idSuffix":"BDI-content"}},"wdio_ui5_key":"addRequestItemBtnetmportal.ui.managecontracts.view.Detail"}]}
RESULT: undefined
COMMAND: POST /session/eec783fecbf0a41fe1bd0e21c7a60bf8/element - {"using":"xpath","value":"//*[@id=\"__xmlview64--addRequestItemBtn\"]"}
RESULT: {}
RESULT: {"using":"xpath","value":"//*[@id=\"__xmlview64--addRequestItemBtn\"]"}
COMMAND: POST /session/eec783fecbf0a41fe1bd0e21c7a60bf8/element/f.C6480B129F3E0D11095D72FF7684A092.d.E257BCCAAE8B4E50CA0D772B0EB380BA.e.6186/click - {}
RESULT: {}
COMMAND: GET /session/eec783fecbf0a41fe1bd0e21c7a60bf8/screenshot - {}
RESULT: {}
COMMAND: POST /session/eec783fecbf0a41fe1bd0e21c7a60bf8/element - {"using":"xpath","value":"//div[contains(@id ,\"popupRequestTable-sa-CbBg\")]"}
RESULT: {"using":"xpath","value":"//div[contains(@id ,\"popupRequestTable-sa-CbBg\")]"}
COMMAND: POST /session/eec783fecbf0a41fe1bd0e21c7a60bf8/element/f.C6480B129F3E0D11095D72FF7684A092.d.E257BCCAAE8B4E50CA0D772B0EB380BA.e.6304/click - {}
RESULT: {}
COMMAND: GET /session/eec783fecbf0a41fe1bd0e21c7a60bf8/screenshot - {}
RESULT: {}
COMMAND: POST /session/eec783fecbf0a41fe1bd0e21c7a60bf8/execute/async - {"script":"<script> [1562 bytes]","args":[{"selector":{"controlType":"sap.m.Button","viewName":"etm.portal.ui.managecontracts.view.Detail","i18NText":{"propertyName":"text","key":"selectionDone"},"searchOpenDialogs":true,"interaction":{"idSuffix":"BDI-content"}},"wdio_ui5_key":"etmportal.ui.managecontracts.view.Detailsap.m.Button{\"propertyName\":\"text\",\"key\":\"selectionDone\"}"}]}
RESULT: {"script":"<script> [1562 bytes]","args":[{"selector":{"controlType":"sap.m.Button","viewName":"etm.portal.ui.managecontracts.view.Detail","i18NText":{"propertyName":"text","key":"selectionDone"},"searchOpenDialogs":true,"interaction":{"idSuffix":"BDI-content"}},"wdio_ui5_key":"etmportal.ui.managecontracts.view.Detailsap.m.Button{\"propertyName\":\"text\",\"key\":\"selectionDone\"}"}]}
RESULT: undefined
COMMAND: POST /session/eec783fecbf0a41fe1bd0e21c7a60bf8/element - {"using":"xpath","value":"//*[@id=\"__button158\"]"}
RESULT: {"using":"xpath","value":"//*[@id=\"__button158\"]"}
COMMAND: POST /session/eec783fecbf0a41fe1bd0e21c7a60bf8/element/f.C6480B129F3E0D11095D72FF7684A092.d.E257BCCAAE8B4E50CA0D772B0EB380BA.e.6306/click - {}
RESULT: {}
COMMAND: POST /session/eec783fecbf0a41fe1bd0e21c7a60bf8/execute/async - {"script":"<script> [1562 bytes]","args":[{"selector":{"controlType":"sap.m.Text","properties":{"text":"Started processing request items into the contract."},"searchOpenDialogs":true},"wdio_ui5_key":"sapm.Text{\"text\":\"Started processing request items into the contract.\"}"}]}
COMMAND: GET /session/eec783fecbf0a41fe1bd0e21c7a60bf8/screenshot - {}
RESULT: {"script":"<script> [1562 bytes]","args":[{"selector":{"controlType":"sap.m.Text","properties":{"text":"Started processing request items into the contract."},"searchOpenDialogs":true},"wdio_ui5_key":"sapm.Text{\"text\":\"Started processing request items into the contract.\"}"}]}
RESULT: undefined
COMMAND: POST /session/eec783fecbf0a41fe1bd0e21c7a60bf8/execute/async - {"script":"<script> [6424 bytes]","args":[{"element-6066-11e4-a52e-4f735466cecf":"f.C6480B129F3E0D11095D72FF7684A092.d.E257BCCAAE8B4E50CA0D772B0EB380BA.e.6308"},"getText",[]]}
RESULT: {}
RESULT: {"script":"<script> [6424 bytes]","args":[{"element-6066-11e4-a52e-4f735466cecf":"f.C6480B129F3E0D11095D72FF7684A092.d.E257BCCAAE8B4E50CA0D772B0EB380BA.e.6308"},"getText",[]]}
COMMAND: POST /session/eec783fecbf0a41fe1bd0e21c7a60bf8/execute/async - {"script":"<script> [1562 bytes]","args":[{"selector":{"controlType":"sap.m.Button","properties":{"text":"OK"},"searchOpenDialogs":true,"interaction":{"idSuffix":"inner"}},"wdio_ui5_key":"sapm.Button{\"text\":\"OK\"}"}]}
RESULT: {"script":"<script> [1562 bytes]","args":[{"selector":{"controlType":"sap.m.Button","properties":{"text":"OK"},"searchOpenDialogs":true,"interaction":{"idSuffix":"inner"}},"wdio_ui5_key":"sapm.Button{\"text\":\"OK\"}"}]}
RESULT: undefined
COMMAND: POST /session/eec783fecbf0a41fe1bd0e21c7a60bf8/element - {"using":"xpath","value":"//*[@id=\"__mbox-btn-5\"]"}
RESULT: {"using":"xpath","value":"//*[@id=\"__mbox-btn-5\"]"}
COMMAND: POST /session/eec783fecbf0a41fe1bd0e21c7a60bf8/element/f.C6480B129F3E0D11095D72FF7684A092.d.E257BCCAAE8B4E50CA0D772B0EB380BA.e.6307/click - {}
RESULT: {}
COMMAND: POST /session/eec783fecbf0a41fe1bd0e21c7a60bf8/execute/async - {"script":"<script> [1562 bytes]","args":[{"selector":{"id":"headerBillingItemsTabFilter","viewName":"etm.portal.ui.managecontracts.view.Detail","interaction":{"idSuffix":"text"}},"wdio_ui5_key":"headerBillingItemsTabFilteretmportal.ui.managecontracts.view.Detail"}]}
COMMAND: GET /session/eec783fecbf0a41fe1bd0e21c7a60bf8/screenshot - {}
RESULT: {"script":"<script> [1562 bytes]","args":[{"selector":{"id":"headerBillingItemsTabFilter","viewName":"etm.portal.ui.managecontracts.view.Detail","interaction":{"idSuffix":"text"}},"wdio_ui5_key":"headerBillingItemsTabFilteretmportal.ui.managecontracts.view.Detail"}]}
RESULT: undefined
COMMAND: POST /session/eec783fecbf0a41fe1bd0e21c7a60bf8/element - {"using":"xpath","value":"//*[@id=\"__xmlview64--headerBillingItemsTabFilter\"]"}
RESULT: {}
RESULT: {"using":"xpath","value":"//*[@id=\"__xmlview64--headerBillingItemsTabFilter\"]"}
COMMAND: POST /session/eec783fecbf0a41fe1bd0e21c7a60bf8/element/f.C6480B129F3E0D11095D72FF7684A092.d.E257BCCAAE8B4E50CA0D772B0EB380BA.e.6318/click - {}
RESULT: {}
COMMAND: GET /session/eec783fecbf0a41fe1bd0e21c7a60bf8/screenshot - {}
RESULT: {}
COMMAND: POST /session/eec783fecbf0a41fe1bd0e21c7a60bf8/execute/async - {"script":"<script> [1562 bytes]","args":[{"selector":{"controlType":"sap.ui.core.Icon","viewName":"etm.portal.ui.managecontracts.view.Detail","properties":{"src":{"regex":{"source":"synchronize"}}}},"wdio_ui5_key":"etmportal.ui.managecontracts.view.Detailsap.ui.core.Icon{\"src\":{\"regex\":{\"source\":\"synchronize\"}}}"}]}
RESULT: {"script":"<script> [1562 bytes]","args":[{"selector":{"controlType":"sap.ui.core.Icon","viewName":"etm.portal.ui.managecontracts.view.Detail","properties":{"src":{"regex":{"source":"synchronize"}}}},"wdio_ui5_key":"etmportal.ui.managecontracts.view.Detailsap.ui.core.Icon{\"src\":{\"regex\":{\"source\":\"synchronize\"}}}"}]}
RESULT: undefined
COMMAND: POST /session/eec783fecbf0a41fe1bd0e21c7a60bf8/element - {"using":"xpath","value":"//*[@id=\"__xmlview64--btnToggleUpdate-img\"]"}
RESULT: {"using":"xpath","value":"//*[@id=\"__xmlview64--btnToggleUpdate-img\"]"}
COMMAND: POST /session/eec783fecbf0a41fe1bd0e21c7a60bf8/element/f.C6480B129F3E0D11095D72FF7684A092.d.E257BCCAAE8B4E50CA0D772B0EB380BA.e.6185/click - {}
RESULT: {}
COMMAND: GET /session/eec783fecbf0a41fe1bd0e21c7a60bf8/screenshot - {}
RESULT: {}
RESULT: undefined
COMMAND: POST /session/eec783fecbf0a41fe1bd0e21c7a60bf8/element - {"using":"xpath","value":"//*[@id=\"__xmlview64--headerBillingItemsTabFilter\"]"}
RESULT: {"using":"xpath","value":"//*[@id=\"__xmlview64--headerBillingItemsTabFilter\"]"}
COMMAND: POST /session/eec783fecbf0a41fe1bd0e21c7a60bf8/element/f.C6480B129F3E0D11095D72FF7684A092.d.E257BCCAAE8B4E50CA0D772B0EB380BA.e.6318/click - {}
RESULT: {}
COMMAND: POST /session/eec783fecbf0a41fe1bd0e21c7a60bf8/execute/async - {"script":"<script> [1562 bytes]","args":[{"selector":{"controlType":"sap.m.Title","viewName":"etm.portal.ui.managecontracts.view.Detail","properties":{"text":"Contract Items (2)"}},"wdio_ui5_key":"etmportal.ui.managecontracts.view.Detailsap.m.Title{\"text\":\"Contract Items (2)\"}"}]}
COMMAND: GET /session/eec783fecbf0a41fe1bd0e21c7a60bf8/screenshot - {}
RESULT: {"script":"<script> [1562 bytes]","args":[{"selector":{"controlType":"sap.m.Title","viewName":"etm.portal.ui.managecontracts.view.Detail","properties":{"text":"Contract Items (2)"}},"wdio_ui5_key":"etmportal.ui.managecontracts.view.Detailsap.m.Title{\"text\":\"Contract Items (2)\"}"}]}
RESULT: undefined
COMMAND: POST /session/eec783fecbf0a41fe1bd0e21c7a60bf8/execute/async - {"script":"<script> [6424 bytes]","args":[{"element-6066-11e4-a52e-4f735466cecf":"f.C6480B129F3E0D11095D72FF7684A092.d.E257BCCAAE8B4E50CA0D772B0EB380BA.e.6326"},"getText",[]]}
RESULT: {}
RESULT: {"script":"<script> [6424 bytes]","args":[{"element-6066-11e4-a52e-4f735466cecf":"f.C6480B129F3E0D11095D72FF7684A092.d.E257BCCAAE8B4E50CA0D772B0EB380BA.e.6326"},"getText",[]]}
COMMAND: POST /session/eec783fecbf0a41fe1bd0e21c7a60bf8/execute/async - {"script":"<script> [1562 bytes]","args":[{"selector":{"controlType":"sap.m.ObjectStatus","viewName":"etm.portal.ui.managecontracts.view.Detail","bindingPath":{"path":"/SmartContractItems(CONTRACT='10351',ITEM=10m,SUB_ITEM=0m)","propertyPath":"STATUS"}},"wdio_ui5_key":"etmportal.ui.managecontracts.view.Detailsap.m.ObjectStatus{\"path\":\"/SmartContractItems(CONTRACT='10351',ITEM=10m,SUB_ITEM=0m)\",\"propertyPath\":\"STATUS\"}"}]}
RESULT: {"script":"<script> [1562 bytes]","args":[{"selector":{"controlType":"sap.m.ObjectStatus","viewName":"etm.portal.ui.managecontracts.view.Detail","bindingPath":{"path":"/SmartContractItems(CONTRACT='10351',ITEM=10m,SUB_ITEM=0m)","propertyPath":"STATUS"}},"wdio_ui5_key":"etmportal.ui.managecontracts.view.Detailsap.m.ObjectStatus{\"path\":\"/SmartContractItems(CONTRACT='10351',ITEM=10m,SUB_ITEM=0m)\",\"propertyPath\":\"STATUS\"}"}]}
RESULT: undefined
COMMAND: POST /session/eec783fecbf0a41fe1bd0e21c7a60bf8/execute/async - {"script":"<script> [6424 bytes]","args":[{"element-6066-11e4-a52e-4f735466cecf":"f.C6480B129F3E0D11095D72FF7684A092.d.E257BCCAAE8B4E50CA0D772B0EB380BA.e.6328"},"getText",[]]}
RESULT: {"script":"<script> [6424 bytes]","args":[{"element-6066-11e4-a52e-4f735466cecf":"f.C6480B129F3E0D11095D72FF7684A092.d.E257BCCAAE8B4E50CA0D772B0EB380BA.e.6328"},"getText",[]]}
COMMAND: POST /session/eec783fecbf0a41fe1bd0e21c7a60bf8/execute/async - {"script":"<script> [1562 bytes]","args":[{"selector":{"controlType":"sap.m.ObjectStatus","viewName":"etm.portal.ui.managecontracts.view.Detail","bindingPath":{"path":"/SmartContractItems(CONTRACT='10351',ITEM=20m,SUB_ITEM=0m)","propertyPath":"STATUS"}},"wdio_ui5_key":"etmportal.ui.managecontracts.view.Detailsap.m.ObjectStatus{\"path\":\"/SmartContractItems(CONTRACT='10351',ITEM=20m,SUB_ITEM=0m)\",\"propertyPath\":\"STATUS\"}"}]}
RESULT: {"script":"<script> [1562 bytes]","args":[{"selector":{"controlType":"sap.m.ObjectStatus","viewName":"etm.portal.ui.managecontracts.view.Detail","bindingPath":{"path":"/SmartContractItems(CONTRACT='10351',ITEM=20m,SUB_ITEM=0m)","propertyPath":"STATUS"}},"wdio_ui5_key":"etmportal.ui.managecontracts.view.Detailsap.m.ObjectStatus{\"path\":\"/SmartContractItems(CONTRACT='10351',ITEM=20m,SUB_ITEM=0m)\",\"propertyPath\":\"STATUS\"}"}]}
RESULT: undefined
COMMAND: POST /session/eec783fecbf0a41fe1bd0e21c7a60bf8/execute/async - {"script":"<script> [6424 bytes]","args":[{"element-6066-11e4-a52e-4f735466cecf":"f.C6480B129F3E0D11095D72FF7684A092.d.E257BCCAAE8B4E50CA0D772B0EB380BA.e.6329"},"getText",[]]}
RESULT: {"script":"<script> [6424 bytes]","args":[{"element-6066-11e4-a52e-4f735466cecf":"f.C6480B129F3E0D11095D72FF7684A092.d.E257BCCAAE8B4E50CA0D772B0EB380BA.e.6329"},"getText",[]]}
]]></system-out>
    </testcase>
  </testsuite>
  <testsuite timestamp="2025-05-28T18:06:06" time="81.296" tests="1" failures="0" errors="0" skipped="0">
    <properties>
      <property name="specId" value="0"/>
      <property name="suiteName" value="Manage contracts - revert request US152962"/>
      <property name="capabilities" value="chrome.136_0_7103_93.windows"/>
      <property name="file" value="file:///D:/a/1/s/test/specs/R2C/manage-contracts-revert-request.spec.js"/>
    </properties>
    <testcase classname="chrome.136_0_7103_93.windows.Manage_contracts_-_revert_request_US152962" name="Should revert the request" time="81.295">
      <system-out><![CDATA[
COMMAND: POST /session/eec783fecbf0a41fe1bd0e21c7a60bf8/execute/async - {"script":"<script> [1562 bytes]","args":[{"selector":{"id":"revertPlanningBtn","viewName":"etm.portal.ui.managecontracts.view.Detail","interaction":{"idSuffix":"BDI-content"}},"wdio_ui5_key":"revertPlanningBtnetmportal.ui.managecontracts.view.Detail"}]}
RESULT: {"script":"<script> [1562 bytes]","args":[{"selector":{"id":"revertPlanningBtn","viewName":"etm.portal.ui.managecontracts.view.Detail","interaction":{"idSuffix":"BDI-content"}},"wdio_ui5_key":"revertPlanningBtnetmportal.ui.managecontracts.view.Detail"}]}
RESULT: undefined
COMMAND: POST /session/eec783fecbf0a41fe1bd0e21c7a60bf8/element - {"using":"xpath","value":"//*[@id=\"__xmlview64--revertPlanningBtn\"]"}
RESULT: {"using":"xpath","value":"//*[@id=\"__xmlview64--revertPlanningBtn\"]"}
COMMAND: POST /session/eec783fecbf0a41fe1bd0e21c7a60bf8/element/f.C6480B129F3E0D11095D72FF7684A092.d.E257BCCAAE8B4E50CA0D772B0EB380BA.e.6189/click - {}
RESULT: {}
COMMAND: POST /session/eec783fecbf0a41fe1bd0e21c7a60bf8/element - {"using":"xpath","value":"(//div[contains(@id ,\"selectMulti-CbBg\")])[2]"}
COMMAND: GET /session/eec783fecbf0a41fe1bd0e21c7a60bf8/screenshot - {}
RESULT: {"using":"xpath","value":"(//div[contains(@id ,\"selectMulti-CbBg\")])[2]"}
COMMAND: POST /session/eec783fecbf0a41fe1bd0e21c7a60bf8/element/f.C6480B129F3E0D11095D72FF7684A092.d.E257BCCAAE8B4E50CA0D772B0EB380BA.e.6375/click - {}
RESULT: {}
RESULT: {}
COMMAND: GET /session/eec783fecbf0a41fe1bd0e21c7a60bf8/screenshot - {}
RESULT: {}
COMMAND: POST /session/eec783fecbf0a41fe1bd0e21c7a60bf8/element - {"using":"xpath","value":"//span[contains(@id ,\"executeRevertPlanningBtn-content\")]"}
RESULT: {"using":"xpath","value":"//span[contains(@id ,\"executeRevertPlanningBtn-content\")]"}
COMMAND: POST /session/eec783fecbf0a41fe1bd0e21c7a60bf8/element/f.C6480B129F3E0D11095D72FF7684A092.d.E257BCCAAE8B4E50CA0D772B0EB380BA.e.6377/click - {}
RESULT: {}
COMMAND: GET /session/eec783fecbf0a41fe1bd0e21c7a60bf8/screenshot - {}
RESULT: {}
COMMAND: POST /session/eec783fecbf0a41fe1bd0e21c7a60bf8/actions - {"actions":[{"id":"action32","type":"key","parameters":{},"actions":[{"type":"keyDown","value":""},{"type":"pause","duration":10},{"type":"keyUp","value":""}]}]}
RESULT: {"actions":[{"id":"action32","type":"key","parameters":{},"actions":[{"type":"keyDown","value":""},{"type":"pause","duration":10},{"type":"keyUp","value":""}]}]}
COMMAND: GET /session/eec783fecbf0a41fe1bd0e21c7a60bf8/screenshot - {}
RESULT: {}
COMMAND: POST /session/eec783fecbf0a41fe1bd0e21c7a60bf8/refresh - {}
RESULT: {}
COMMAND: GET /session/eec783fecbf0a41fe1bd0e21c7a60bf8/screenshot - {}
RESULT: {}
COMMAND: POST /session/eec783fecbf0a41fe1bd0e21c7a60bf8/execute/async - {"script":"<script> [189 bytes]","args":[]}
RESULT: {"script":"<script> [189 bytes]","args":[]}
COMMAND: POST /session/eec783fecbf0a41fe1bd0e21c7a60bf8/execute/async - {"script":"<script> [123 bytes]","args":[]}
RESULT: {"script":"<script> [123 bytes]","args":[]}
COMMAND: POST /session/eec783fecbf0a41fe1bd0e21c7a60bf8/timeouts - {"script":"<number>"}
RESULT: {"script":"<number>"}
COMMAND: GET /session/eec783fecbf0a41fe1bd0e21c7a60bf8/timeouts - {}
RESULT: {}
RESULT: undefined
COMMAND: POST /session/eec783fecbf0a41fe1bd0e21c7a60bf8/execute/async - {"script":"<script> [2676 bytes]","args":[]}
RESULT: {"script":"<script> [2676 bytes]","args":[]}
COMMAND: POST /session/eec783fecbf0a41fe1bd0e21c7a60bf8/execute/async - {"script":"<script> [2342 bytes]","args":[{"protocol":"http","hostname":"0.0.0.0","path":"/","capabilities":{"browserName":"chrome","goog:chromeOptions":{"binary":"C:\\Program Files\\Google\\Chrome\\Application\\chrome.exe","args":["--start-maximized"]}},"logLevel":"warn","connectionRetryTimeout":120000,"connectionRetryCount":3,"logLevels":{},"enableDirectConnect":true,"strictSSL":true,"_":"65 more keys: [\"cacheDir\",\"port\",\"requestedCapabilities\",\"automationProtocol\",\"baseUrl\",\"waitforInterval\",\"waitforTimeout\",\"onReload\",\"beforeCommand\",\"afterCommand\",\"rootDir\",\"specs\",\"suites\",\"exclude\",\"groupLogsByTestSpec\",\"excludeDriverLogs\",\"bail\",\"framework\",\"reporters\",\"services\",\"maxInstances\",\"maxInstancesPerCapability\",\"injectGlobals\",\"filesToWatch\",\"execArgv\",\"runnerEnv\",\"runner\",\"shard\",\"specFileRetries\",\"specFileRetriesDelay\",\"specFileRetriesDeferred\",\"reporterSyncInterval\",\"reporterSyncTimeout\",\"cucumberFeaturesWithLineNumbers\",\"autoCompileOpts\",\"mochaOpts\",\"jasmineOpts\",\"cucumberOpts\",\"onPrepare\",\"onWorkerStart\",\"onWorkerEnd\",\"before\",\"beforeSession\",\"beforeSuite\",\"beforeHook\",\"beforeTest\",\"afterTest\",\"afterHook\",\"afterSuite\",\"afterSession\",\"after\",\"onComplete\",\"beforeAssertion\",\"afterAssertion\",\"beforeFeature\",\"beforeScenario\",\"beforeStep\",\"afterStep\",\"afterScenario\",\"afterFeature\",\"_\",\"suite\",\"$0\",\"ignoredWorkerServices\",\"wdi5\"]"}]}
RESULT: {"script":"<script> [2342 bytes]","args":[{"protocol":"http","hostname":"0.0.0.0","path":"/","capabilities":{"browserName":"chrome","goog:chromeOptions":{"binary":"C:\\Program Files\\Google\\Chrome\\Application\\chrome.exe","args":["--start-maximized"]}},"logLevel":"warn","connectionRetryTimeout":120000,"connectionRetryCount":3,"logLevels":{},"enableDirectConnect":true,"strictSSL":true,"_":"65 more keys: [\"cacheDir\",\"port\",\"requestedCapabilities\",\"automationProtocol\",\"baseUrl\",\"waitforInterval\",\"waitforTimeout\",\"onReload\",\"beforeCommand\",\"afterCommand\",\"rootDir\",\"specs\",\"suites\",\"exclude\",\"groupLogsByTestSpec\",\"excludeDriverLogs\",\"bail\",\"framework\",\"reporters\",\"services\",\"maxInstances\",\"maxInstancesPerCapability\",\"injectGlobals\",\"filesToWatch\",\"execArgv\",\"runnerEnv\",\"runner\",\"shard\",\"specFileRetries\",\"specFileRetriesDelay\",\"specFileRetriesDeferred\",\"reporterSyncInterval\",\"reporterSyncTimeout\",\"cucumberFeaturesWithLineNumbers\",\"autoCompileOpts\",\"mochaOpts\",\"jasmineOpts\",\"cucumberOpts\",\"onPrepare\",\"onWorkerStart\",\"onWorkerEnd\",\"before\",\"beforeSession\",\"beforeSuite\",\"beforeHook\",\"beforeTest\",\"afterTest\",\"afterHook\",\"afterSuite\",\"afterSession\",\"after\",\"onComplete\",\"beforeAssertion\",\"afterAssertion\",\"beforeFeature\",\"beforeScenario\",\"beforeStep\",\"afterStep\",\"afterScenario\",\"afterFeature\",\"_\",\"suite\",\"$0\",\"ignoredWorkerServices\",\"wdi5\"]"}]}
COMMAND: POST /session/eec783fecbf0a41fe1bd0e21c7a60bf8/execute/async - {"script":"<script> [21126 bytes]","args":[35000]}
RESULT: {"script":"<script> [21126 bytes]","args":[35000]}
COMMAND: POST /session/eec783fecbf0a41fe1bd0e21c7a60bf8/execute/async - {"script":"<script> [1562 bytes]","args":[{"selector":{"controlType":"sap.m.Title","viewName":"etm.portal.ui.managecontracts.view.Detail","properties":{"text":"Contract Items (1)"}},"wdio_ui5_key":"etmportal.ui.managecontracts.view.Detailsap.m.Title{\"text\":\"Contract Items (1)\"}"}]}
RESULT: {"script":"<script> [1562 bytes]","args":[{"selector":{"controlType":"sap.m.Title","viewName":"etm.portal.ui.managecontracts.view.Detail","properties":{"text":"Contract Items (1)"}},"wdio_ui5_key":"etmportal.ui.managecontracts.view.Detailsap.m.Title{\"text\":\"Contract Items (1)\"}"}]}
RESULT: undefined
COMMAND: POST /session/eec783fecbf0a41fe1bd0e21c7a60bf8/execute/async - {"script":"<script> [6424 bytes]","args":[{"element-6066-11e4-a52e-4f735466cecf":"f.C6480B129F3E0D11095D72FF7684A092.d.3DE81D875008483A0E5FA8BB7B536222.e.6652"},"getText",[]]}
RESULT: {"script":"<script> [6424 bytes]","args":[{"element-6066-11e4-a52e-4f735466cecf":"f.C6480B129F3E0D11095D72FF7684A092.d.3DE81D875008483A0E5FA8BB7B536222.e.6652"},"getText",[]]}
COMMAND: POST /session/eec783fecbf0a41fe1bd0e21c7a60bf8/execute/async - {"script":"<script> [1562 bytes]","args":[{"selector":{"id":"contractDetailEditBtn","viewName":"etm.portal.ui.managecontracts.view.Detail","interaction":{"idSuffix":"inner"}},"wdio_ui5_key":"contractDetailEditBtnetmportal.ui.managecontracts.view.Detail"}]}
RESULT: {"script":"<script> [1562 bytes]","args":[{"selector":{"id":"contractDetailEditBtn","viewName":"etm.portal.ui.managecontracts.view.Detail","interaction":{"idSuffix":"inner"}},"wdio_ui5_key":"contractDetailEditBtnetmportal.ui.managecontracts.view.Detail"}]}
RESULT: undefined
COMMAND: POST /session/eec783fecbf0a41fe1bd0e21c7a60bf8/element - {"using":"xpath","value":"//*[@id=\"__xmlview1--contractDetailEditBtn\"]"}
RESULT: {"using":"xpath","value":"//*[@id=\"__xmlview1--contractDetailEditBtn\"]"}
COMMAND: POST /session/eec783fecbf0a41fe1bd0e21c7a60bf8/element/f.C6480B129F3E0D11095D72FF7684A092.d.3DE81D875008483A0E5FA8BB7B536222.e.6451/click - {}
RESULT: {}
COMMAND: GET /session/eec783fecbf0a41fe1bd0e21c7a60bf8/screenshot - {}
RESULT: {}
COMMAND: POST /session/eec783fecbf0a41fe1bd0e21c7a60bf8/element - {"using":"xpath","value":"(//span[contains(text(), \"Header Billing Items\")])[2]"}
RESULT: {"using":"xpath","value":"(//span[contains(text(), \"Header Billing Items\")])[2]"}
COMMAND: POST /session/eec783fecbf0a41fe1bd0e21c7a60bf8/element/f.C6480B129F3E0D11095D72FF7684A092.d.3DE81D875008483A0E5FA8BB7B536222.e.6717/click - {}
RESULT: {}
COMMAND: GET /session/eec783fecbf0a41fe1bd0e21c7a60bf8/screenshot - {}
RESULT: {}
COMMAND: POST /session/eec783fecbf0a41fe1bd0e21c7a60bf8/element - {"using":"xpath","value":"//div[contains(@id ,\"ProductsTable-sa-CbBg\")]"}
RESULT: {"using":"xpath","value":"//div[contains(@id ,\"ProductsTable-sa-CbBg\")]"}
COMMAND: POST /session/eec783fecbf0a41fe1bd0e21c7a60bf8/element/f.C6480B129F3E0D11095D72FF7684A092.d.3DE81D875008483A0E5FA8BB7B536222.e.6720/click - {}
RESULT: {}
COMMAND: GET /session/eec783fecbf0a41fe1bd0e21c7a60bf8/screenshot - {}
RESULT: {}
COMMAND: POST /session/eec783fecbf0a41fe1bd0e21c7a60bf8/execute/async - {"script":"<script> [1562 bytes]","args":[{"selector":{"id":"deleteBtn","viewName":"etm.portal.ui.managecontracts.view.EditContract","interaction":{"idSuffix":"BDI-content"}},"wdio_ui5_key":"deleteBtnetmportal.ui.managecontracts.view.EditContract"}]}
RESULT: {"script":"<script> [1562 bytes]","args":[{"selector":{"id":"deleteBtn","viewName":"etm.portal.ui.managecontracts.view.EditContract","interaction":{"idSuffix":"BDI-content"}},"wdio_ui5_key":"deleteBtnetmportal.ui.managecontracts.view.EditContract"}]}
RESULT: undefined
COMMAND: POST /session/eec783fecbf0a41fe1bd0e21c7a60bf8/element - {"using":"xpath","value":"//*[@id=\"__xmlview2--deleteBtn\"]"}
RESULT: {"using":"xpath","value":"//*[@id=\"__xmlview2--deleteBtn\"]"}
COMMAND: POST /session/eec783fecbf0a41fe1bd0e21c7a60bf8/element/f.C6480B129F3E0D11095D72FF7684A092.d.3DE81D875008483A0E5FA8BB7B536222.e.6723/click - {}
RESULT: {}
COMMAND: POST /session/eec783fecbf0a41fe1bd0e21c7a60bf8/element - {"using":"xpath","value":"//bdi[contains(@id ,\"BDI-content\")][contains(text(), \"OK\")]"}
COMMAND: GET /session/eec783fecbf0a41fe1bd0e21c7a60bf8/screenshot - {}
RESULT: {"using":"xpath","value":"//bdi[contains(@id ,\"BDI-content\")][contains(text(), \"OK\")]"}
COMMAND: POST /session/eec783fecbf0a41fe1bd0e21c7a60bf8/element/f.C6480B129F3E0D11095D72FF7684A092.d.3DE81D875008483A0E5FA8BB7B536222.e.6725/click - {}
RESULT: {}
RESULT: {}
COMMAND: GET /session/eec783fecbf0a41fe1bd0e21c7a60bf8/screenshot - {}
RESULT: {}
COMMAND: POST /session/eec783fecbf0a41fe1bd0e21c7a60bf8/element - {"using":"xpath","value":"//bdi[contains(@id ,\"BDI-content\")][contains(text(), \"Save\")]"}
RESULT: {"using":"xpath","value":"//bdi[contains(@id ,\"BDI-content\")][contains(text(), \"Save\")]"}
COMMAND: POST /session/eec783fecbf0a41fe1bd0e21c7a60bf8/element/f.C6480B129F3E0D11095D72FF7684A092.d.3DE81D875008483A0E5FA8BB7B536222.e.6726/click - {}
RESULT: {}
COMMAND: GET /session/eec783fecbf0a41fe1bd0e21c7a60bf8/screenshot - {}
RESULT: {}
COMMAND: POST /session/eec783fecbf0a41fe1bd0e21c7a60bf8/element - {"using":"xpath","value":"(//span[contains(text(), \"Header Billing Items\")])[1]"}
RESULT: {"using":"xpath","value":"(//span[contains(text(), \"Header Billing Items\")])[1]"}
COMMAND: POST /session/eec783fecbf0a41fe1bd0e21c7a60bf8/element/f.C6480B129F3E0D11095D72FF7684A092.d.3DE81D875008483A0E5FA8BB7B536222.e.6729/click - {}
RESULT: {}
COMMAND: GET /session/eec783fecbf0a41fe1bd0e21c7a60bf8/screenshot - {}
RESULT: {}
COMMAND: POST /session/eec783fecbf0a41fe1bd0e21c7a60bf8/execute/async - {"script":"<script> [1562 bytes]","args":[{"selector":{"controlType":"sap.m.ObjectStatus","viewName":"etm.portal.ui.managecontracts.view.Detail","bindingPath":{"path":"/SmartContractItems(CONTRACT='10351',ITEM=10m,SUB_ITEM=0m)","propertyPath":"STATUS"}},"wdio_ui5_key":"etmportal.ui.managecontracts.view.Detailsap.m.ObjectStatus{\"path\":\"/SmartContractItems(CONTRACT='10351',ITEM=10m,SUB_ITEM=0m)\",\"propertyPath\":\"STATUS\"}"}]}
RESULT: {"script":"<script> [1562 bytes]","args":[{"selector":{"controlType":"sap.m.ObjectStatus","viewName":"etm.portal.ui.managecontracts.view.Detail","bindingPath":{"path":"/SmartContractItems(CONTRACT='10351',ITEM=10m,SUB_ITEM=0m)","propertyPath":"STATUS"}},"wdio_ui5_key":"etmportal.ui.managecontracts.view.Detailsap.m.ObjectStatus{\"path\":\"/SmartContractItems(CONTRACT='10351',ITEM=10m,SUB_ITEM=0m)\",\"propertyPath\":\"STATUS\"}"}]}
RESULT: undefined
COMMAND: POST /session/eec783fecbf0a41fe1bd0e21c7a60bf8/execute/async - {"script":"<script> [6424 bytes]","args":[{"element-6066-11e4-a52e-4f735466cecf":"f.C6480B129F3E0D11095D72FF7684A092.d.3DE81D875008483A0E5FA8BB7B536222.e.6731"},"getText",[]]}
RESULT: {"script":"<script> [6424 bytes]","args":[{"element-6066-11e4-a52e-4f735466cecf":"f.C6480B129F3E0D11095D72FF7684A092.d.3DE81D875008483A0E5FA8BB7B536222.e.6731"},"getText",[]]}
COMMAND: POST /session/eec783fecbf0a41fe1bd0e21c7a60bf8/element - {"using":"css selector","value":"#shell-header-logo"}
RESULT: {"using":"css selector","value":"#shell-header-logo"}
COMMAND: POST /session/eec783fecbf0a41fe1bd0e21c7a60bf8/element/f.C6480B129F3E0D11095D72FF7684A092.d.3DE81D875008483A0E5FA8BB7B536222.e.6392/click - {}
RESULT: {}
COMMAND: GET /session/eec783fecbf0a41fe1bd0e21c7a60bf8/screenshot - {}
RESULT: {}
COMMAND: POST /session/eec783fecbf0a41fe1bd0e21c7a60bf8/execute/async - {"script":"<script> [1562 bytes]","args":[{"selector":{"controlType":"sap.m.GenericTile","properties":{"header":"Manage Requests"}},"wdio_ui5_key":"sapm.GenericTile{\"header\":\"Manage Requests\"}"}]}
RESULT: {"script":"<script> [1562 bytes]","args":[{"selector":{"controlType":"sap.m.GenericTile","properties":{"header":"Manage Requests"}},"wdio_ui5_key":"sapm.GenericTile{\"header\":\"Manage Requests\"}"}]}
RESULT: undefined
COMMAND: POST /session/eec783fecbf0a41fe1bd0e21c7a60bf8/element - {"using":"xpath","value":"//*[@id=\"__tile47\"]"}
RESULT: {"using":"xpath","value":"//*[@id=\"__tile47\"]"}
COMMAND: POST /session/eec783fecbf0a41fe1bd0e21c7a60bf8/element/f.C6480B129F3E0D11095D72FF7684A092.d.3DE81D875008483A0E5FA8BB7B536222.e.6746/click - {}
RESULT: {}
COMMAND: GET /session/eec783fecbf0a41fe1bd0e21c7a60bf8/screenshot - {}
RESULT: {}
COMMAND: POST /session/eec783fecbf0a41fe1bd0e21c7a60bf8/elements - {"using":"xpath","value":"//span[text()='Error']"}
RESULT: {"using":"xpath","value":"//span[text()='Error']"}
COMMAND: POST /session/eec783fecbf0a41fe1bd0e21c7a60bf8/execute/async - {"script":"<script> [1562 bytes]","args":[{"selector":{"controlType":"sap.m.SearchField","viewName":"etm.portal.ui.managerequests.view.Master","bindingPath":{"path":"","propertyPath":"/_BASIC_SEARCH_FIELD","modelName":"fi1t3rM0d31"},"interaction":{"idSuffix":"I"}},"wdio_ui5_key":"etmportal.ui.managerequests.view.Mastersap.m.SearchField{\"path\":\"\",\"propertyPath\":\"/_BASIC_SEARCH_FIELD\",\"modelName\":\"fi1t3rM0d31\"}"}]}
RESULT: {"script":"<script> [1562 bytes]","args":[{"selector":{"controlType":"sap.m.SearchField","viewName":"etm.portal.ui.managerequests.view.Master","bindingPath":{"path":"","propertyPath":"/_BASIC_SEARCH_FIELD","modelName":"fi1t3rM0d31"},"interaction":{"idSuffix":"I"}},"wdio_ui5_key":"etmportal.ui.managerequests.view.Mastersap.m.SearchField{\"path\":\"\",\"propertyPath\":\"/_BASIC_SEARCH_FIELD\",\"modelName\":\"fi1t3rM0d31\"}"}]}
RESULT: undefined
COMMAND: POST /session/eec783fecbf0a41fe1bd0e21c7a60bf8/execute/async - {"script":"<script> [776 bytes]","args":[{"enterText":"20159","selector":{"controlType":"sap.m.SearchField","viewName":"etm.portal.ui.managerequests.view.Master","bindingPath":{"path":"","propertyPath":"/_BASIC_SEARCH_FIELD","modelName":"fi1t3rM0d31"},"interaction":{"idSuffix":"I"}},"clearTextFirst":true,"interactionType":"ENTER_TEXT"}]}
RESULT: {"script":"<script> [776 bytes]","args":[{"enterText":"20159","selector":{"controlType":"sap.m.SearchField","viewName":"etm.portal.ui.managerequests.view.Master","bindingPath":{"path":"","propertyPath":"/_BASIC_SEARCH_FIELD","modelName":"fi1t3rM0d31"},"interaction":{"idSuffix":"I"}},"clearTextFirst":true,"interactionType":"ENTER_TEXT"}]}
COMMAND: POST /session/eec783fecbf0a41fe1bd0e21c7a60bf8/actions - {"actions":[{"id":"action33","type":"key","parameters":{},"actions":[{"type":"keyDown","value":""},{"type":"pause","duration":10},{"type":"keyUp","value":""}]}]}
RESULT: {"actions":[{"id":"action33","type":"key","parameters":{},"actions":[{"type":"keyDown","value":""},{"type":"pause","duration":10},{"type":"keyUp","value":""}]}]}
COMMAND: GET /session/eec783fecbf0a41fe1bd0e21c7a60bf8/screenshot - {}
RESULT: {}
COMMAND: POST /session/eec783fecbf0a41fe1bd0e21c7a60bf8/execute/async - {"script":"<script> [1562 bytes]","args":[{"selector":{"controlType":"sap.m.Text","viewName":"etm.portal.ui.managerequests.view.Master","bindingPath":{"path":"/SmartManageRequests('20159')","propertyPath":"NO"}},"wdio_ui5_key":"etmportal.ui.managerequests.view.Mastersap.m.Text{\"path\":\"/SmartManageRequests('20159')\",\"propertyPath\":\"NO\"}"}]}
RESULT: {"script":"<script> [1562 bytes]","args":[{"selector":{"controlType":"sap.m.Text","viewName":"etm.portal.ui.managerequests.view.Master","bindingPath":{"path":"/SmartManageRequests('20159')","propertyPath":"NO"}},"wdio_ui5_key":"etmportal.ui.managerequests.view.Mastersap.m.Text{\"path\":\"/SmartManageRequests('20159')\",\"propertyPath\":\"NO\"}"}]}
RESULT: undefined
COMMAND: POST /session/eec783fecbf0a41fe1bd0e21c7a60bf8/element - {"using":"xpath","value":"//*[@id=\"__text463-__clone168\"]"}
RESULT: {"using":"xpath","value":"//*[@id=\"__text463-__clone168\"]"}
COMMAND: POST /session/eec783fecbf0a41fe1bd0e21c7a60bf8/element/f.C6480B129F3E0D11095D72FF7684A092.d.3DE81D875008483A0E5FA8BB7B536222.e.6873/click - {}
RESULT: {}
COMMAND: GET /session/eec783fecbf0a41fe1bd0e21c7a60bf8/screenshot - {}
RESULT: {}
COMMAND: POST /session/eec783fecbf0a41fe1bd0e21c7a60bf8/execute/async - {"script":"<script> [1562 bytes]","args":[{"selector":{"controlType":"sap.ui.core.Icon","viewName":"etm.portal.ui.managerequests.view.Detail","properties":{"src":{"regex":{"source":"slim\\-arrow\\-up"}}}},"wdio_ui5_key":"etmportal.ui.managerequests.view.Detailsap.ui.core.Icon{\"src\":{\"regex\":{\"source\":\"slim\\\\-arrow\\\\-up\"}}}"}]}
RESULT: {"script":"<script> [1562 bytes]","args":[{"selector":{"controlType":"sap.ui.core.Icon","viewName":"etm.portal.ui.managerequests.view.Detail","properties":{"src":{"regex":{"source":"slim\\-arrow\\-up"}}}},"wdio_ui5_key":"etmportal.ui.managerequests.view.Detailsap.ui.core.Icon{\"src\":{\"regex\":{\"source\":\"slim\\\\-arrow\\\\-up\"}}}"}]}
RESULT: undefined
COMMAND: POST /session/eec783fecbf0a41fe1bd0e21c7a60bf8/element - {"using":"xpath","value":"//*[@id=\"__xmlview62--detailRequestPage-OPHeaderContent-collapseBtn-img\"]"}
RESULT: {"using":"xpath","value":"//*[@id=\"__xmlview62--detailRequestPage-OPHeaderContent-collapseBtn-img\"]"}
COMMAND: POST /session/eec783fecbf0a41fe1bd0e21c7a60bf8/element/f.C6480B129F3E0D11095D72FF7684A092.d.3DE81D875008483A0E5FA8BB7B536222.e.7017/click - {}
RESULT: {}
COMMAND: GET /session/eec783fecbf0a41fe1bd0e21c7a60bf8/screenshot - {}
RESULT: {}
COMMAND: POST /session/eec783fecbf0a41fe1bd0e21c7a60bf8/execute/async - {"script":"<script> [1562 bytes]","args":[{"selector":{"controlType":"sap.m.Text","viewName":"etm.portal.ui.managerequests.view.Detail","bindingPath":{"path":"/SmartRequestItemsPlanningBoard(ITEM=20m,REQUEST='20159')","propertyPath":"STATUS_DESC"}},"wdio_ui5_key":"etmportal.ui.managerequests.view.Detailsap.m.Text{\"path\":\"/SmartRequestItemsPlanningBoard(ITEM=20m,REQUEST='20159')\",\"propertyPath\":\"STATUS_DESC\"}"}]}
RESULT: {"script":"<script> [1562 bytes]","args":[{"selector":{"controlType":"sap.m.Text","viewName":"etm.portal.ui.managerequests.view.Detail","bindingPath":{"path":"/SmartRequestItemsPlanningBoard(ITEM=20m,REQUEST='20159')","propertyPath":"STATUS_DESC"}},"wdio_ui5_key":"etmportal.ui.managerequests.view.Detailsap.m.Text{\"path\":\"/SmartRequestItemsPlanningBoard(ITEM=20m,REQUEST='20159')\",\"propertyPath\":\"STATUS_DESC\"}"}]}
RESULT: undefined
COMMAND: POST /session/eec783fecbf0a41fe1bd0e21c7a60bf8/execute/async - {"script":"<script> [6424 bytes]","args":[{"element-6066-11e4-a52e-4f735466cecf":"f.C6480B129F3E0D11095D72FF7684A092.d.3DE81D875008483A0E5FA8BB7B536222.e.7078"},"getText",[]]}
RESULT: {"script":"<script> [6424 bytes]","args":[{"element-6066-11e4-a52e-4f735466cecf":"f.C6480B129F3E0D11095D72FF7684A092.d.3DE81D875008483A0E5FA8BB7B536222.e.7078"},"getText",[]]}
COMMAND: POST /session/eec783fecbf0a41fe1bd0e21c7a60bf8/element - {"using":"css selector","value":"#shell-header-logo"}
RESULT: {"using":"css selector","value":"#shell-header-logo"}
COMMAND: POST /session/eec783fecbf0a41fe1bd0e21c7a60bf8/element/f.C6480B129F3E0D11095D72FF7684A092.d.3DE81D875008483A0E5FA8BB7B536222.e.6750/click - {}
RESULT: {}
COMMAND: GET /session/eec783fecbf0a41fe1bd0e21c7a60bf8/screenshot - {}
RESULT: {}
]]></system-out>
    </testcase>
  </testsuite>
  <testsuite timestamp="2025-05-28T18:07:27" time="241.913" tests="4" failures="0" errors="0" skipped="0">
    <properties>
      <property name="specId" value="0"/>
      <property name="suiteName" value="Standard contract close-reopen US111278"/>
      <property name="capabilities" value="chrome.136_0_7103_93.windows"/>
      <property name="file" value="file:///D:/a/1/s/test/specs/R2C/standard-contract-close-reopen.spec.js"/>
    </properties>
    <testcase classname="chrome.136_0_7103_93.windows.Standard_contract_close-reopen_US111278" name="Should create a new contract and add an item" time="133.72">
      <system-out><![CDATA[
COMMAND: POST /session/eec783fecbf0a41fe1bd0e21c7a60bf8/execute/async - {"script":"<script> [1562 bytes]","args":[{"selector":{"controlType":"sap.m.GenericTile","properties":{"header":"Manage Contracts"}},"wdio_ui5_key":"sapm.GenericTile{\"header\":\"Manage Contracts\"}"}]}
RESULT: {"script":"<script> [1562 bytes]","args":[{"selector":{"controlType":"sap.m.GenericTile","properties":{"header":"Manage Contracts"}},"wdio_ui5_key":"sapm.GenericTile{\"header\":\"Manage Contracts\"}"}]}
RESULT: undefined
COMMAND: POST /session/eec783fecbf0a41fe1bd0e21c7a60bf8/element - {"using":"xpath","value":"//*[@id=\"__tile132\"]"}
RESULT: {"using":"xpath","value":"//*[@id=\"__tile132\"]"}
COMMAND: POST /session/eec783fecbf0a41fe1bd0e21c7a60bf8/element/f.C6480B129F3E0D11095D72FF7684A092.d.3DE81D875008483A0E5FA8BB7B536222.e.7081/click - {}
RESULT: {}
COMMAND: GET /session/eec783fecbf0a41fe1bd0e21c7a60bf8/screenshot - {}
RESULT: {}
COMMAND: POST /session/eec783fecbf0a41fe1bd0e21c7a60bf8/elements - {"using":"xpath","value":"//span[text()='Error']"}
RESULT: {"using":"xpath","value":"//span[text()='Error']"}
COMMAND: POST /session/eec783fecbf0a41fe1bd0e21c7a60bf8/element - {"using":"xpath","value":"//button[@data-kt=\"addButton\"]"}
RESULT: {"using":"xpath","value":"//button[@data-kt=\"addButton\"]"}
COMMAND: POST /session/eec783fecbf0a41fe1bd0e21c7a60bf8/element/f.C6480B129F3E0D11095D72FF7684A092.d.3DE81D875008483A0E5FA8BB7B536222.e.7125/click - {}
RESULT: {}
COMMAND: GET /session/eec783fecbf0a41fe1bd0e21c7a60bf8/screenshot - {}
RESULT: {}
COMMAND: POST /session/eec783fecbf0a41fe1bd0e21c7a60bf8/execute/async - {"script":"<script> [1562 bytes]","args":[{"selector":{"id":"application-managecontracts-display-component---AddNewContract--projectDescription","interaction":{"idSuffix":"inner"}},"wdio_ui5_key":"applicationmanagecontracts-display-component---AddNewContract--projectDescription"}]}
RESULT: {"script":"<script> [1562 bytes]","args":[{"selector":{"id":"application-managecontracts-display-component---AddNewContract--projectDescription","interaction":{"idSuffix":"inner"}},"wdio_ui5_key":"applicationmanagecontracts-display-component---AddNewContract--projectDescription"}]}
RESULT: undefined
COMMAND: POST /session/eec783fecbf0a41fe1bd0e21c7a60bf8/execute/async - {"script":"<script> [776 bytes]","args":[{"enterText":"WdIOTest4tr8o","selector":{"id":"application-managecontracts-display-component---AddNewContract--projectDescription","interaction":{"idSuffix":"inner"}},"clearTextFirst":true,"interactionType":"ENTER_TEXT"}]}
RESULT: {"script":"<script> [776 bytes]","args":[{"enterText":"WdIOTest4tr8o","selector":{"id":"application-managecontracts-display-component---AddNewContract--projectDescription","interaction":{"idSuffix":"inner"}},"clearTextFirst":true,"interactionType":"ENTER_TEXT"}]}
COMMAND: POST /session/eec783fecbf0a41fe1bd0e21c7a60bf8/element - {"using":"xpath","value":"//input[@id=\"application-managecontracts-display-component---AddNewContract--yardId-inner\"]"}
RESULT: {"using":"xpath","value":"//input[@id=\"application-managecontracts-display-component---AddNewContract--yardId-inner\"]"}
COMMAND: POST /session/eec783fecbf0a41fe1bd0e21c7a60bf8/element/f.C6480B129F3E0D11095D72FF7684A092.d.3DE81D875008483A0E5FA8BB7B536222.e.7395/clear - {}
RESULT: {}
COMMAND: POST /session/eec783fecbf0a41fe1bd0e21c7a60bf8/element/f.C6480B129F3E0D11095D72FF7684A092.d.3DE81D875008483A0E5FA8BB7B536222.e.7395/value - {"text":"WebdriverYardbtbkq"}
COMMAND: GET /session/eec783fecbf0a41fe1bd0e21c7a60bf8/screenshot - {}
RESULT: {"text":"WebdriverYardbtbkq"}
COMMAND: GET /session/eec783fecbf0a41fe1bd0e21c7a60bf8/screenshot - {}
RESULT: {}
RESULT: {}
COMMAND: POST /session/eec783fecbf0a41fe1bd0e21c7a60bf8/actions - {"actions":[{"id":"action34","type":"key","parameters":{},"actions":[{"type":"keyDown","value":""},{"type":"pause","duration":10},{"type":"keyUp","value":""}]}]}
RESULT: {"actions":[{"id":"action34","type":"key","parameters":{},"actions":[{"type":"keyDown","value":""},{"type":"pause","duration":10},{"type":"keyUp","value":""}]}]}
COMMAND: GET /session/eec783fecbf0a41fe1bd0e21c7a60bf8/screenshot - {}
RESULT: {}
COMMAND: POST /session/eec783fecbf0a41fe1bd0e21c7a60bf8/element - {"using":"xpath","value":"//input[@id=\"application-managecontracts-display-component---AddNewContract--customerSelect-inner\"]"}
RESULT: {"using":"xpath","value":"//input[@id=\"application-managecontracts-display-component---AddNewContract--customerSelect-inner\"]"}
COMMAND: POST /session/eec783fecbf0a41fe1bd0e21c7a60bf8/element/f.C6480B129F3E0D11095D72FF7684A092.d.3DE81D875008483A0E5FA8BB7B536222.e.7393/clear - {}
RESULT: {}
COMMAND: POST /session/eec783fecbf0a41fe1bd0e21c7a60bf8/element/f.C6480B129F3E0D11095D72FF7684A092.d.3DE81D875008483A0E5FA8BB7B536222.e.7393/value - {"text":"WebdriverPartner8kjg2"}
COMMAND: GET /session/eec783fecbf0a41fe1bd0e21c7a60bf8/screenshot - {}
RESULT: {"text":"WebdriverPartner8kjg2"}
COMMAND: GET /session/eec783fecbf0a41fe1bd0e21c7a60bf8/screenshot - {}
RESULT: {}
RESULT: {}
COMMAND: POST /session/eec783fecbf0a41fe1bd0e21c7a60bf8/actions - {"actions":[{"id":"action35","type":"key","parameters":{},"actions":[{"type":"keyDown","value":""},{"type":"pause","duration":10},{"type":"keyUp","value":""}]}]}
RESULT: {"actions":[{"id":"action35","type":"key","parameters":{},"actions":[{"type":"keyDown","value":""},{"type":"pause","duration":10},{"type":"keyUp","value":""}]}]}
COMMAND: GET /session/eec783fecbf0a41fe1bd0e21c7a60bf8/screenshot - {}
RESULT: {}
COMMAND: POST /session/eec783fecbf0a41fe1bd0e21c7a60bf8/element - {"using":"xpath","value":"//input[@id=\"application-managecontracts-display-component---AddNewContract--site-inner\"]"}
RESULT: {"using":"xpath","value":"//input[@id=\"application-managecontracts-display-component---AddNewContract--site-inner\"]"}
COMMAND: POST /session/eec783fecbf0a41fe1bd0e21c7a60bf8/element/f.C6480B129F3E0D11095D72FF7684A092.d.3DE81D875008483A0E5FA8BB7B536222.e.7394/clear - {}
RESULT: {}
COMMAND: POST /session/eec783fecbf0a41fe1bd0e21c7a60bf8/element/f.C6480B129F3E0D11095D72FF7684A092.d.3DE81D875008483A0E5FA8BB7B536222.e.7394/value - {"text":"WebdriverSite6fr0y"}
COMMAND: GET /session/eec783fecbf0a41fe1bd0e21c7a60bf8/screenshot - {}
RESULT: {"text":"WebdriverSite6fr0y"}
COMMAND: GET /session/eec783fecbf0a41fe1bd0e21c7a60bf8/screenshot - {}
RESULT: {}
RESULT: {}
COMMAND: POST /session/eec783fecbf0a41fe1bd0e21c7a60bf8/actions - {"actions":[{"id":"action36","type":"key","parameters":{},"actions":[{"type":"keyDown","value":""},{"type":"pause","duration":10},{"type":"keyUp","value":""}]}]}
RESULT: {"actions":[{"id":"action36","type":"key","parameters":{},"actions":[{"type":"keyDown","value":""},{"type":"pause","duration":10},{"type":"keyUp","value":""}]}]}
COMMAND: GET /session/eec783fecbf0a41fe1bd0e21c7a60bf8/screenshot - {}
RESULT: {}
COMMAND: POST /session/eec783fecbf0a41fe1bd0e21c7a60bf8/element - {"using":"xpath","value":"//button[@data-kt=\"saveButton\"]"}
RESULT: {"using":"xpath","value":"//button[@data-kt=\"saveButton\"]"}
COMMAND: POST /session/eec783fecbf0a41fe1bd0e21c7a60bf8/element/f.C6480B129F3E0D11095D72FF7684A092.d.3DE81D875008483A0E5FA8BB7B536222.e.7467/click - {}
RESULT: {}
COMMAND: GET /session/eec783fecbf0a41fe1bd0e21c7a60bf8/screenshot - {}
RESULT: {}
COMMAND: POST /session/eec783fecbf0a41fe1bd0e21c7a60bf8/execute/async - {"script":"<script> [1562 bytes]","args":[{"selector":{"id":"contractDetailTitleNoExpanded","viewName":"etm.portal.ui.managecontracts.view.Detail"},"wdio_ui5_key":"contractDetailTitleNoExpandedetmportal.ui.managecontracts.view.Detail"}]}
RESULT: {"script":"<script> [1562 bytes]","args":[{"selector":{"id":"contractDetailTitleNoExpanded","viewName":"etm.portal.ui.managecontracts.view.Detail"},"wdio_ui5_key":"contractDetailTitleNoExpandedetmportal.ui.managecontracts.view.Detail"}]}
RESULT: undefined
COMMAND: POST /session/eec783fecbf0a41fe1bd0e21c7a60bf8/execute/async - {"script":"<script> [6424 bytes]","args":[{"element-6066-11e4-a52e-4f735466cecf":"f.C6480B129F3E0D11095D72FF7684A092.d.3DE81D875008483A0E5FA8BB7B536222.e.7508"},"getText",[]]}
RESULT: {"script":"<script> [6424 bytes]","args":[{"element-6066-11e4-a52e-4f735466cecf":"f.C6480B129F3E0D11095D72FF7684A092.d.3DE81D875008483A0E5FA8BB7B536222.e.7508"},"getText",[]]}
COMMAND: POST /session/eec783fecbf0a41fe1bd0e21c7a60bf8/execute/async - {"script":"<script> [1562 bytes]","args":[{"selector":{"id":"closeContractBtn","viewName":"etm.portal.ui.managecontracts.view.Detail"},"wdio_ui5_key":"closeContractBtnetmportal.ui.managecontracts.view.Detail"}]}
RESULT: {"script":"<script> [1562 bytes]","args":[{"selector":{"id":"closeContractBtn","viewName":"etm.portal.ui.managecontracts.view.Detail"},"wdio_ui5_key":"closeContractBtnetmportal.ui.managecontracts.view.Detail"}]}
RESULT: undefined
COMMAND: POST /session/eec783fecbf0a41fe1bd0e21c7a60bf8/execute/async - {"script":"<script> [6424 bytes]","args":[{"element-6066-11e4-a52e-4f735466cecf":"f.C6480B129F3E0D11095D72FF7684A092.d.3DE81D875008483A0E5FA8BB7B536222.e.7509"},"getEnabled",[]]}
RESULT: {"script":"<script> [6424 bytes]","args":[{"element-6066-11e4-a52e-4f735466cecf":"f.C6480B129F3E0D11095D72FF7684A092.d.3DE81D875008483A0E5FA8BB7B536222.e.7509"},"getEnabled",[]]}
COMMAND: POST /session/eec783fecbf0a41fe1bd0e21c7a60bf8/element - {"using":"xpath","value":"//button[@data-kt=\"contractDetailEditBtnButton\"]"}
RESULT: {"using":"xpath","value":"//button[@data-kt=\"contractDetailEditBtnButton\"]"}
COMMAND: POST /session/eec783fecbf0a41fe1bd0e21c7a60bf8/element/f.C6480B129F3E0D11095D72FF7684A092.d.3DE81D875008483A0E5FA8BB7B536222.e.7510/click - {}
RESULT: {}
COMMAND: GET /session/eec783fecbf0a41fe1bd0e21c7a60bf8/screenshot - {}
RESULT: {}
COMMAND: POST /session/eec783fecbf0a41fe1bd0e21c7a60bf8/element - {"using":"xpath","value":"(//span[contains(text(), \"Additional Addresses\")])[2]"}
RESULT: {"using":"xpath","value":"(//span[contains(text(), \"Additional Addresses\")])[2]"}
COMMAND: POST /session/eec783fecbf0a41fe1bd0e21c7a60bf8/element/f.C6480B129F3E0D11095D72FF7684A092.d.3DE81D875008483A0E5FA8BB7B536222.e.7567/click - {}
RESULT: {}
COMMAND: GET /session/eec783fecbf0a41fe1bd0e21c7a60bf8/screenshot - {}
RESULT: {}
COMMAND: POST /session/eec783fecbf0a41fe1bd0e21c7a60bf8/element - {"using":"xpath","value":"//button[@data-kt=\"btnAddTableRowOverflowToolbarButton\"]"}
RESULT: {"using":"xpath","value":"//button[@data-kt=\"btnAddTableRowOverflowToolbarButton\"]"}
COMMAND: POST /session/eec783fecbf0a41fe1bd0e21c7a60bf8/element/f.C6480B129F3E0D11095D72FF7684A092.d.3DE81D875008483A0E5FA8BB7B536222.e.7571/click - {}
RESULT: {}
COMMAND: GET /session/eec783fecbf0a41fe1bd0e21c7a60bf8/screenshot - {}
RESULT: {}
COMMAND: POST /session/eec783fecbf0a41fe1bd0e21c7a60bf8/element - {"using":"xpath","value":"//div[(text() = 'Standard Entry' or . = 'Standard Entry')]"}
RESULT: {"using":"xpath","value":"//div[(text() = 'Standard Entry' or . = 'Standard Entry')]"}
COMMAND: POST /session/eec783fecbf0a41fe1bd0e21c7a60bf8/element/f.C6480B129F3E0D11095D72FF7684A092.d.3DE81D875008483A0E5FA8BB7B536222.e.7573/click - {}
RESULT: {}
COMMAND: POST /session/eec783fecbf0a41fe1bd0e21c7a60bf8/element - {"using":"xpath","value":"//td[6]/div/div/input[1]"}
COMMAND: GET /session/eec783fecbf0a41fe1bd0e21c7a60bf8/screenshot - {}
RESULT: {"using":"xpath","value":"//td[6]/div/div/input[1]"}
COMMAND: POST /session/eec783fecbf0a41fe1bd0e21c7a60bf8/element/f.C6480B129F3E0D11095D72FF7684A092.d.3DE81D875008483A0E5FA8BB7B536222.e.7575/click - {}
RESULT: {}
RESULT: {}
COMMAND: POST /session/eec783fecbf0a41fe1bd0e21c7a60bf8/actions - {"actions":[{"id":"action37","type":"key","parameters":{},"actions":[{"type":"keyDown","value":""},{"type":"pause","duration":10},{"type":"keyUp","value":""}]}]}
COMMAND: GET /session/eec783fecbf0a41fe1bd0e21c7a60bf8/screenshot - {}
RESULT: {"actions":[{"id":"action37","type":"key","parameters":{},"actions":[{"type":"keyDown","value":""},{"type":"pause","duration":10},{"type":"keyUp","value":""}]}]}
COMMAND: POST /session/eec783fecbf0a41fe1bd0e21c7a60bf8/element - {"using":"xpath","value":"//td[6]/div/div/input[1]"}
COMMAND: GET /session/eec783fecbf0a41fe1bd0e21c7a60bf8/screenshot - {}
RESULT: {}
RESULT: {"using":"xpath","value":"//td[6]/div/div/input[1]"}
COMMAND: POST /session/eec783fecbf0a41fe1bd0e21c7a60bf8/element/f.C6480B129F3E0D11095D72FF7684A092.d.3DE81D875008483A0E5FA8BB7B536222.e.7575/clear - {}
RESULT: {}
RESULT: {}
COMMAND: POST /session/eec783fecbf0a41fe1bd0e21c7a60bf8/element/f.C6480B129F3E0D11095D72FF7684A092.d.3DE81D875008483A0E5FA8BB7B536222.e.7575/value - {"text":"Material"}
COMMAND: GET /session/eec783fecbf0a41fe1bd0e21c7a60bf8/screenshot - {}
RESULT: {"text":"Material"}
COMMAND: GET /session/eec783fecbf0a41fe1bd0e21c7a60bf8/screenshot - {}
RESULT: {}
RESULT: {}
COMMAND: POST /session/eec783fecbf0a41fe1bd0e21c7a60bf8/actions - {"actions":[{"id":"action38","type":"key","parameters":{},"actions":[{"type":"keyDown","value":""},{"type":"pause","duration":10},{"type":"keyUp","value":""}]}]}
RESULT: {"actions":[{"id":"action38","type":"key","parameters":{},"actions":[{"type":"keyDown","value":""},{"type":"pause","duration":10},{"type":"keyUp","value":""}]}]}
COMMAND: GET /session/eec783fecbf0a41fe1bd0e21c7a60bf8/screenshot - {}
RESULT: {}
COMMAND: POST /session/eec783fecbf0a41fe1bd0e21c7a60bf8/actions - {"actions":[{"id":"action39","type":"key","parameters":{},"actions":[{"type":"keyDown","value":""},{"type":"pause","duration":10},{"type":"keyUp","value":""}]}]}
RESULT: {"actions":[{"id":"action39","type":"key","parameters":{},"actions":[{"type":"keyDown","value":""},{"type":"pause","duration":10},{"type":"keyUp","value":""}]}]}
COMMAND: POST /session/eec783fecbf0a41fe1bd0e21c7a60bf8/element - {"using":"xpath","value":"//td[7]/div/div/input"}
COMMAND: GET /session/eec783fecbf0a41fe1bd0e21c7a60bf8/screenshot - {}
RESULT: {"using":"xpath","value":"//td[7]/div/div/input"}
COMMAND: POST /session/eec783fecbf0a41fe1bd0e21c7a60bf8/element/f.C6480B129F3E0D11095D72FF7684A092.d.3DE81D875008483A0E5FA8BB7B536222.e.7588/clear - {}
RESULT: {}
RESULT: {}
COMMAND: POST /session/eec783fecbf0a41fe1bd0e21c7a60bf8/element/f.C6480B129F3E0D11095D72FF7684A092.d.3DE81D875008483A0E5FA8BB7B536222.e.7588/value - {"text":"WebdriverMatTest7r9di"}
COMMAND: GET /session/eec783fecbf0a41fe1bd0e21c7a60bf8/screenshot - {}
RESULT: {"text":"WebdriverMatTest7r9di"}
COMMAND: GET /session/eec783fecbf0a41fe1bd0e21c7a60bf8/screenshot - {}
RESULT: {}
RESULT: {}
COMMAND: POST /session/eec783fecbf0a41fe1bd0e21c7a60bf8/actions - {"actions":[{"id":"action40","type":"key","parameters":{},"actions":[{"type":"keyDown","value":""},{"type":"pause","duration":10},{"type":"keyUp","value":""}]}]}
RESULT: {"actions":[{"id":"action40","type":"key","parameters":{},"actions":[{"type":"keyDown","value":""},{"type":"pause","duration":10},{"type":"keyUp","value":""}]}]}
COMMAND: GET /session/eec783fecbf0a41fe1bd0e21c7a60bf8/screenshot - {}
RESULT: {}
COMMAND: POST /session/eec783fecbf0a41fe1bd0e21c7a60bf8/actions - {"actions":[{"id":"action41","type":"key","parameters":{},"actions":[{"type":"keyDown","value":""},{"type":"pause","duration":10},{"type":"keyUp","value":""}]}]}
RESULT: {"actions":[{"id":"action41","type":"key","parameters":{},"actions":[{"type":"keyDown","value":""},{"type":"pause","duration":10},{"type":"keyUp","value":""}]}]}
COMMAND: GET /session/eec783fecbf0a41fe1bd0e21c7a60bf8/screenshot - {}
RESULT: {}
COMMAND: POST /session/eec783fecbf0a41fe1bd0e21c7a60bf8/element - {"using":"xpath","value":"(//button[@data-kt=\"saveButton\"])[2]"}
RESULT: {"using":"xpath","value":"(//button[@data-kt=\"saveButton\"])[2]"}
COMMAND: POST /session/eec783fecbf0a41fe1bd0e21c7a60bf8/element/f.C6480B129F3E0D11095D72FF7684A092.d.3DE81D875008483A0E5FA8BB7B536222.e.7614/click - {}
RESULT: {}
COMMAND: GET /session/eec783fecbf0a41fe1bd0e21c7a60bf8/screenshot - {}
RESULT: {}
]]></system-out>
    </testcase>
    <testcase classname="chrome.136_0_7103_93.windows.Standard_contract_close-reopen_US111278" name="It should close the contract" time="20.633">
      <system-out><![CDATA[
RESULT: undefined
COMMAND: POST /session/eec783fecbf0a41fe1bd0e21c7a60bf8/element - {"using":"xpath","value":"//*[@id=\"__xmlview64--closeContractBtn\"]"}
RESULT: {"using":"xpath","value":"//*[@id=\"__xmlview64--closeContractBtn\"]"}
COMMAND: POST /session/eec783fecbf0a41fe1bd0e21c7a60bf8/element/f.C6480B129F3E0D11095D72FF7684A092.d.3DE81D875008483A0E5FA8BB7B536222.e.7509/click - {}
RESULT: {}
COMMAND: GET /session/eec783fecbf0a41fe1bd0e21c7a60bf8/screenshot - {}
RESULT: {}
COMMAND: POST /session/eec783fecbf0a41fe1bd0e21c7a60bf8/element - {"using":"xpath","value":"//span[contains(text(), \"Do you want to close the whole contract?\")]"}
RESULT: {"using":"xpath","value":"//span[contains(text(), \"Do you want to close the whole contract?\")]"}
COMMAND: POST /session/eec783fecbf0a41fe1bd0e21c7a60bf8/execute/sync - {"script":"<script> [8489 bytes]","args":[{"element-6066-11e4-a52e-4f735466cecf":"f.C6480B129F3E0D11095D72FF7684A092.d.3DE81D875008483A0E5FA8BB7B536222.e.7618","ELEMENT":"f.C6480B129F3E0D11095D72FF7684A092.d.3DE81D875008483A0E5FA8BB7B536222.e.7618"}]}
RESULT: {"script":"<script> [8489 bytes]","args":[{"element-6066-11e4-a52e-4f735466cecf":"f.C6480B129F3E0D11095D72FF7684A092.d.3DE81D875008483A0E5FA8BB7B536222.e.7618","ELEMENT":"f.C6480B129F3E0D11095D72FF7684A092.d.3DE81D875008483A0E5FA8BB7B536222.e.7618"}]}
COMMAND: POST /session/eec783fecbf0a41fe1bd0e21c7a60bf8/element - {"using":"xpath","value":"//bdi[contains(text(), \"OK\")]"}
COMMAND: GET /session/eec783fecbf0a41fe1bd0e21c7a60bf8/screenshot - {}
RESULT: {"using":"xpath","value":"//bdi[contains(text(), \"OK\")]"}
COMMAND: POST /session/eec783fecbf0a41fe1bd0e21c7a60bf8/element/f.C6480B129F3E0D11095D72FF7684A092.d.3DE81D875008483A0E5FA8BB7B536222.e.7619/click - {}
RESULT: {}
RESULT: {}
COMMAND: GET /session/eec783fecbf0a41fe1bd0e21c7a60bf8/screenshot - {}
RESULT: {}
COMMAND: POST /session/eec783fecbf0a41fe1bd0e21c7a60bf8/element - {"using":"xpath","value":"//input[contains(@id ,\"smartContractFilterBar-btnBasicSearch-I\")]"}
RESULT: {"using":"xpath","value":"//input[contains(@id ,\"smartContractFilterBar-btnBasicSearch-I\")]"}
COMMAND: POST /session/eec783fecbf0a41fe1bd0e21c7a60bf8/element/f.C6480B129F3E0D11095D72FF7684A092.d.3DE81D875008483A0E5FA8BB7B536222.e.7087/clear - {}
RESULT: {}
COMMAND: POST /session/eec783fecbf0a41fe1bd0e21c7a60bf8/element/f.C6480B129F3E0D11095D72FF7684A092.d.3DE81D875008483A0E5FA8BB7B536222.e.7087/value - {"text":"10352"}
COMMAND: GET /session/eec783fecbf0a41fe1bd0e21c7a60bf8/screenshot - {}
RESULT: {"text":"10352"}
COMMAND: POST /session/eec783fecbf0a41fe1bd0e21c7a60bf8/actions - {"actions":[{"id":"action42","type":"key","parameters":{},"actions":[{"type":"keyDown","value":""},{"type":"pause","duration":10},{"type":"keyUp","value":""}]}]}
COMMAND: GET /session/eec783fecbf0a41fe1bd0e21c7a60bf8/screenshot - {}
RESULT: {}
RESULT: {"actions":[{"id":"action42","type":"key","parameters":{},"actions":[{"type":"keyDown","value":""},{"type":"pause","duration":10},{"type":"keyUp","value":""}]}]}
COMMAND: GET /session/eec783fecbf0a41fe1bd0e21c7a60bf8/screenshot - {}
RESULT: {}
RESULT: {}
COMMAND: POST /session/eec783fecbf0a41fe1bd0e21c7a60bf8/execute/async - {"script":"<script> [1562 bytes]","args":[{"selector":{"controlType":"sap.ui.core.Icon","viewName":"etm.portal.ui.managecontracts.view.Master","properties":{"src":{"regex":{"source":"slim\\-arrow\\-right"}}}},"wdio_ui5_key":"etmportal.ui.managecontracts.view.Mastersap.ui.core.Icon{\"src\":{\"regex\":{\"source\":\"slim\\\\-arrow\\\\-right\"}}}"}]}
RESULT: {"script":"<script> [1562 bytes]","args":[{"selector":{"controlType":"sap.ui.core.Icon","viewName":"etm.portal.ui.managecontracts.view.Master","properties":{"src":{"regex":{"source":"slim\\-arrow\\-right"}}}},"wdio_ui5_key":"etmportal.ui.managecontracts.view.Mastersap.ui.core.Icon{\"src\":{\"regex\":{\"source\":\"slim\\\\-arrow\\\\-right\"}}}"}]}
RESULT: undefined
COMMAND: POST /session/eec783fecbf0a41fe1bd0e21c7a60bf8/element - {"using":"xpath","value":"//*[@id=\"__item129-__clone4309-imgNav\"]"}
RESULT: {"using":"xpath","value":"//*[@id=\"__item129-__clone4309-imgNav\"]"}
COMMAND: POST /session/eec783fecbf0a41fe1bd0e21c7a60bf8/element/f.C6480B129F3E0D11095D72FF7684A092.d.3DE81D875008483A0E5FA8BB7B536222.e.7813/click - {}
RESULT: {}
COMMAND: POST /session/eec783fecbf0a41fe1bd0e21c7a60bf8/execute/async - {"script":"<script> [1562 bytes]","args":[{"selector":{"controlType":"sap.m.ObjectStatus","viewName":"etm.portal.ui.managecontracts.view.Detail","bindingPath":{"propertyPath":"LINK_TO_LOGISTICAL_STATUS/DESCRIPTION","modelName":"catalogModel"}},"wdio_ui5_key":"etmportal.ui.managecontracts.view.Detailsap.m.ObjectStatus{\"propertyPath\":\"LINK_TO_LOGISTICAL_STATUS/DESCRIPTION\",\"modelName\":\"catalogModel\"}"}]}
COMMAND: GET /session/eec783fecbf0a41fe1bd0e21c7a60bf8/screenshot - {}
RESULT: {"script":"<script> [1562 bytes]","args":[{"selector":{"controlType":"sap.m.ObjectStatus","viewName":"etm.portal.ui.managecontracts.view.Detail","bindingPath":{"propertyPath":"LINK_TO_LOGISTICAL_STATUS/DESCRIPTION","modelName":"catalogModel"}},"wdio_ui5_key":"etmportal.ui.managecontracts.view.Detailsap.m.ObjectStatus{\"propertyPath\":\"LINK_TO_LOGISTICAL_STATUS/DESCRIPTION\",\"modelName\":\"catalogModel\"}"}]}
RESULT: undefined
COMMAND: POST /session/eec783fecbf0a41fe1bd0e21c7a60bf8/execute/async - {"script":"<script> [6424 bytes]","args":[{"element-6066-11e4-a52e-4f735466cecf":"f.C6480B129F3E0D11095D72FF7684A092.d.3DE81D875008483A0E5FA8BB7B536222.e.7855"},"getText",[]]}
RESULT: {}
RESULT: {"script":"<script> [6424 bytes]","args":[{"element-6066-11e4-a52e-4f735466cecf":"f.C6480B129F3E0D11095D72FF7684A092.d.3DE81D875008483A0E5FA8BB7B536222.e.7855"},"getText",[]]}
]]></system-out>
    </testcase>
    <testcase classname="chrome.136_0_7103_93.windows.Standard_contract_close-reopen_US111278" name="Should reopen the contract" time="9.878">
      <system-out><![CDATA[
COMMAND: POST /session/eec783fecbf0a41fe1bd0e21c7a60bf8/execute/async - {"script":"<script> [1562 bytes]","args":[{"selector":{"id":"openContractBtn","viewName":"etm.portal.ui.managecontracts.view.Detail"},"wdio_ui5_key":"openContractBtnetmportal.ui.managecontracts.view.Detail"}]}
RESULT: {"script":"<script> [1562 bytes]","args":[{"selector":{"id":"openContractBtn","viewName":"etm.portal.ui.managecontracts.view.Detail"},"wdio_ui5_key":"openContractBtnetmportal.ui.managecontracts.view.Detail"}]}
RESULT: undefined
COMMAND: POST /session/eec783fecbf0a41fe1bd0e21c7a60bf8/execute/async - {"script":"<script> [6424 bytes]","args":[{"element-6066-11e4-a52e-4f735466cecf":"f.C6480B129F3E0D11095D72FF7684A092.d.3DE81D875008483A0E5FA8BB7B536222.e.7834"},"getEnabled",[]]}
RESULT: {"script":"<script> [6424 bytes]","args":[{"element-6066-11e4-a52e-4f735466cecf":"f.C6480B129F3E0D11095D72FF7684A092.d.3DE81D875008483A0E5FA8BB7B536222.e.7834"},"getEnabled",[]]}
COMMAND: POST /session/eec783fecbf0a41fe1bd0e21c7a60bf8/element - {"using":"xpath","value":"//bdi[contains(text(), \"Edit\")]"}
RESULT: {"using":"xpath","value":"//bdi[contains(text(), \"Edit\")]"}
COMMAND: POST /session/eec783fecbf0a41fe1bd0e21c7a60bf8/element - {"using":"xpath","value":"//bdi[contains(text(), \"Edit\")]"}
RESULT: undefined
COMMAND: POST /session/eec783fecbf0a41fe1bd0e21c7a60bf8/element - {"using":"xpath","value":"//*[@id=\"__xmlview64--openContractBtn\"]"}
RESULT: {"using":"xpath","value":"//*[@id=\"__xmlview64--openContractBtn\"]"}
COMMAND: POST /session/eec783fecbf0a41fe1bd0e21c7a60bf8/element/f.C6480B129F3E0D11095D72FF7684A092.d.3DE81D875008483A0E5FA8BB7B536222.e.7834/click - {}
RESULT: {"using":"xpath","value":"//bdi[contains(text(), \"Edit\")]"}
RESULT: {}
COMMAND: POST /session/eec783fecbf0a41fe1bd0e21c7a60bf8/execute/async - {"script":"<script> [1562 bytes]","args":[{"selector":{"controlType":"sap.m.Text","properties":{"text":"Contract has been reopened successfully"},"searchOpenDialogs":true},"wdio_ui5_key":"sapm.Text{\"text\":\"Contract has been reopened successfully\"}"}]}
COMMAND: GET /session/eec783fecbf0a41fe1bd0e21c7a60bf8/screenshot - {}
RESULT: {"script":"<script> [1562 bytes]","args":[{"selector":{"controlType":"sap.m.Text","properties":{"text":"Contract has been reopened successfully"},"searchOpenDialogs":true},"wdio_ui5_key":"sapm.Text{\"text\":\"Contract has been reopened successfully\"}"}]}
RESULT: undefined
COMMAND: POST /session/eec783fecbf0a41fe1bd0e21c7a60bf8/execute/async - {"script":"<script> [6424 bytes]","args":[{"element-6066-11e4-a52e-4f735466cecf":"f.C6480B129F3E0D11095D72FF7684A092.d.3DE81D875008483A0E5FA8BB7B536222.e.7858"},"getText",[]]}
RESULT: {}
RESULT: {"script":"<script> [6424 bytes]","args":[{"element-6066-11e4-a52e-4f735466cecf":"f.C6480B129F3E0D11095D72FF7684A092.d.3DE81D875008483A0E5FA8BB7B536222.e.7858"},"getText",[]]}
COMMAND: POST /session/eec783fecbf0a41fe1bd0e21c7a60bf8/element - {"using":"xpath","value":"//bdi[contains(text(), \"OK\")]"}
RESULT: {"using":"xpath","value":"//bdi[contains(text(), \"OK\")]"}
COMMAND: POST /session/eec783fecbf0a41fe1bd0e21c7a60bf8/element/f.C6480B129F3E0D11095D72FF7684A092.d.3DE81D875008483A0E5FA8BB7B536222.e.7859/click - {}
RESULT: {}
COMMAND: GET /session/eec783fecbf0a41fe1bd0e21c7a60bf8/screenshot - {}
RESULT: {}
COMMAND: POST /session/eec783fecbf0a41fe1bd0e21c7a60bf8/element - {"using":"xpath","value":"//bdi[contains(text(), \"Edit\")]"}
RESULT: undefined
COMMAND: POST /session/eec783fecbf0a41fe1bd0e21c7a60bf8/execute/async - {"script":"<script> [6424 bytes]","args":[{"element-6066-11e4-a52e-4f735466cecf":"f.C6480B129F3E0D11095D72FF7684A092.d.3DE81D875008483A0E5FA8BB7B536222.e.7509"},"getEnabled",[]]}
RESULT: {"using":"xpath","value":"//bdi[contains(text(), \"Edit\")]"}
COMMAND: POST /session/eec783fecbf0a41fe1bd0e21c7a60bf8/execute/sync - {"script":"<script> [8489 bytes]","args":[{"element-6066-11e4-a52e-4f735466cecf":"f.C6480B129F3E0D11095D72FF7684A092.d.3DE81D875008483A0E5FA8BB7B536222.e.7860","ELEMENT":"f.C6480B129F3E0D11095D72FF7684A092.d.3DE81D875008483A0E5FA8BB7B536222.e.7860"}]}
COMMAND: POST /session/eec783fecbf0a41fe1bd0e21c7a60bf8/execute/async - {"script":"<script> [1562 bytes]","args":[{"selector":{"id":"closeContractBtn","viewName":"etm.portal.ui.managecontracts.view.Detail"},"wdio_ui5_key":"closeContractBtnetmportal.ui.managecontracts.view.Detail"}]}
RESULT: {"script":"<script> [8489 bytes]","args":[{"element-6066-11e4-a52e-4f735466cecf":"f.C6480B129F3E0D11095D72FF7684A092.d.3DE81D875008483A0E5FA8BB7B536222.e.7860","ELEMENT":"f.C6480B129F3E0D11095D72FF7684A092.d.3DE81D875008483A0E5FA8BB7B536222.e.7860"}]}
COMMAND: GET /session/eec783fecbf0a41fe1bd0e21c7a60bf8/screenshot - {}
RESULT: {"script":"<script> [1562 bytes]","args":[{"selector":{"id":"closeContractBtn","viewName":"etm.portal.ui.managecontracts.view.Detail"},"wdio_ui5_key":"closeContractBtnetmportal.ui.managecontracts.view.Detail"}]}
COMMAND: POST /session/eec783fecbf0a41fe1bd0e21c7a60bf8/execute/async - {"script":"<script> [6424 bytes]","args":[{"element-6066-11e4-a52e-4f735466cecf":"f.C6480B129F3E0D11095D72FF7684A092.d.3DE81D875008483A0E5FA8BB7B536222.e.7861"},"getEnabled",[]]}
RESULT: {}
RESULT: {"script":"<script> [6424 bytes]","args":[{"element-6066-11e4-a52e-4f735466cecf":"f.C6480B129F3E0D11095D72FF7684A092.d.3DE81D875008483A0E5FA8BB7B536222.e.7861"},"getEnabled",[]]}
]]></system-out>
    </testcase>
    <testcase classname="chrome.136_0_7103_93.windows.Standard_contract_close-reopen_US111278" name="Should verify for multiple statuses that open button is not visible" time="74.241">
      <system-out><![CDATA[
COMMAND: POST /session/eec783fecbf0a41fe1bd0e21c7a60bf8/execute/async - {"script":"<script> [1562 bytes]","args":[{"selector":{"controlType":"sap.ui.core.Icon","viewName":"etm.portal.ui.managecontracts.view.Detail","properties":{"src":{"regex":{"source":"decline"}}}},"wdio_ui5_key":"etmportal.ui.managecontracts.view.Detailsap.ui.core.Icon{\"src\":{\"regex\":{\"source\":\"decline\"}}}"}]}
RESULT: {"script":"<script> [1562 bytes]","args":[{"selector":{"controlType":"sap.ui.core.Icon","viewName":"etm.portal.ui.managecontracts.view.Detail","properties":{"src":{"regex":{"source":"decline"}}}},"wdio_ui5_key":"etmportal.ui.managecontracts.view.Detailsap.ui.core.Icon{\"src\":{\"regex\":{\"source\":\"decline\"}}}"}]}
RESULT: undefined
COMMAND: POST /session/eec783fecbf0a41fe1bd0e21c7a60bf8/element - {"using":"xpath","value":"//*[@id=\"__xmlview64--closeColumnBtn-img\"]"}
RESULT: {"using":"xpath","value":"//*[@id=\"__xmlview64--closeColumnBtn-img\"]"}
COMMAND: POST /session/eec783fecbf0a41fe1bd0e21c7a60bf8/element/f.C6480B129F3E0D11095D72FF7684A092.d.3DE81D875008483A0E5FA8BB7B536222.e.7830/click - {}
RESULT: {}
COMMAND: GET /session/eec783fecbf0a41fe1bd0e21c7a60bf8/screenshot - {}
COMMAND: POST /session/eec783fecbf0a41fe1bd0e21c7a60bf8/element - {"using":"xpath","value":"//div[contains(@id ,\"smartContractFilterBar-btnBasicSearch-reset\")]"}
RESULT: {}
RESULT: {"using":"xpath","value":"//div[contains(@id ,\"smartContractFilterBar-btnBasicSearch-reset\")]"}
COMMAND: POST /session/eec783fecbf0a41fe1bd0e21c7a60bf8/element/f.C6480B129F3E0D11095D72FF7684A092.d.3DE81D875008483A0E5FA8BB7B536222.e.7832/click - {}
RESULT: {}
COMMAND: GET /session/eec783fecbf0a41fe1bd0e21c7a60bf8/screenshot - {}
COMMAND: POST /session/eec783fecbf0a41fe1bd0e21c7a60bf8/execute/async - {"script":"<script> [1562 bytes]","args":[{"selector":{"controlType":"sap.ui.core.Icon","viewName":"etm.portal.ui.managecontracts.view.Master","properties":{"src":{"regex":{"source":"slim\\-arrow\\-down"}}},"ancestor":{"id":"smartContractStatusFilter","viewName":"etm.portal.ui.managecontracts.view.Master"}},"wdio_ui5_key":"etmportal.ui.managecontracts.view.Mastersap.ui.core.Icon{\"src\":{\"regex\":{\"source\":\"slim\\\\-arrow\\\\-down\"}}}{\"id\":\"smartContractStatusFilter\",\"viewName\":\"etm.portal.ui.managecontracts.view.Master\"}"}]}
RESULT: {}
RESULT: {"script":"<script> [1562 bytes]","args":[{"selector":{"controlType":"sap.ui.core.Icon","viewName":"etm.portal.ui.managecontracts.view.Master","properties":{"src":{"regex":{"source":"slim\\-arrow\\-down"}}},"ancestor":{"id":"smartContractStatusFilter","viewName":"etm.portal.ui.managecontracts.view.Master"}},"wdio_ui5_key":"etmportal.ui.managecontracts.view.Mastersap.ui.core.Icon{\"src\":{\"regex\":{\"source\":\"slim\\\\-arrow\\\\-down\"}}}{\"id\":\"smartContractStatusFilter\",\"viewName\":\"etm.portal.ui.managecontracts.view.Master\"}"}]}
RESULT: undefined
COMMAND: POST /session/eec783fecbf0a41fe1bd0e21c7a60bf8/element - {"using":"xpath","value":"//*[@id=\"__xmlview63--smartContractStatusFilter-arrow\"]"}
RESULT: {"using":"xpath","value":"//*[@id=\"__xmlview63--smartContractStatusFilter-arrow\"]"}
COMMAND: POST /session/eec783fecbf0a41fe1bd0e21c7a60bf8/element/f.C6480B129F3E0D11095D72FF7684A092.d.3DE81D875008483A0E5FA8BB7B536222.e.7908/click - {}
RESULT: {}
COMMAND: POST /session/eec783fecbf0a41fe1bd0e21c7a60bf8/execute/async - {"script":"<script> [1562 bytes]","args":[{"selector":{"controlType":"sap.m.CheckBox","viewName":"etm.portal.ui.managecontracts.view.Master","properties":{"editable":true},"searchOpenDialogs":true,"ancestor":{"controlType":"sap.m.StandardListItem","viewName":"etm.portal.ui.managecontracts.view.Master","properties":{"title":"partial provided"},"searchOpenDialogs":true},"interaction":{"idSuffix":"CbBg"}},"wdio_ui5_key":"etmportal.ui.managecontracts.view.Mastersap.m.CheckBox{\"editable\":true}{\"controlType\":\"sap.m.StandardListItem\",\"viewName\":\"etm.portal.ui.managecontracts.view.Master\",\"properties\":{\"title\":\"partial provided\"},\"searchOpenDialogs\":true}"}]}
COMMAND: GET /session/eec783fecbf0a41fe1bd0e21c7a60bf8/screenshot - {}
RESULT: {"script":"<script> [1562 bytes]","args":[{"selector":{"controlType":"sap.m.CheckBox","viewName":"etm.portal.ui.managecontracts.view.Master","properties":{"editable":true},"searchOpenDialogs":true,"ancestor":{"controlType":"sap.m.StandardListItem","viewName":"etm.portal.ui.managecontracts.view.Master","properties":{"title":"partial provided"},"searchOpenDialogs":true},"interaction":{"idSuffix":"CbBg"}},"wdio_ui5_key":"etmportal.ui.managecontracts.view.Mastersap.m.CheckBox{\"editable\":true}{\"controlType\":\"sap.m.StandardListItem\",\"viewName\":\"etm.portal.ui.managecontracts.view.Master\",\"properties\":{\"title\":\"partial provided\"},\"searchOpenDialogs\":true}"}]}
RESULT: undefined
COMMAND: POST /session/eec783fecbf0a41fe1bd0e21c7a60bf8/element - {"using":"xpath","value":"//*[@id=\"__item1414-selectMulti\"]"}
RESULT: {}
RESULT: {"using":"xpath","value":"//*[@id=\"__item1414-selectMulti\"]"}
COMMAND: POST /session/eec783fecbf0a41fe1bd0e21c7a60bf8/element/f.C6480B129F3E0D11095D72FF7684A092.d.3DE81D875008483A0E5FA8BB7B536222.e.7918/click - {}
RESULT: {}
COMMAND: GET /session/eec783fecbf0a41fe1bd0e21c7a60bf8/screenshot - {}
RESULT: {}
COMMAND: POST /session/eec783fecbf0a41fe1bd0e21c7a60bf8/element - {"using":"xpath","value":"(//span[contains(@title ,\"Navigation\")])[2]"}
RESULT: {"using":"xpath","value":"(//span[contains(@title ,\"Navigation\")])[2]"}
COMMAND: POST /session/eec783fecbf0a41fe1bd0e21c7a60bf8/element/f.C6480B129F3E0D11095D72FF7684A092.d.3DE81D875008483A0E5FA8BB7B536222.e.7948/click - {}
RESULT: {}
COMMAND: GET /session/eec783fecbf0a41fe1bd0e21c7a60bf8/screenshot - {}
RESULT: {}
COMMAND: POST /session/eec783fecbf0a41fe1bd0e21c7a60bf8/element - {"using":"xpath","value":"//bdi[contains(@id ,\"closeContractBtn-BDI-content\")]"}
RESULT: {"using":"xpath","value":"//bdi[contains(@id ,\"closeContractBtn-BDI-content\")]"}
COMMAND: POST /session/eec783fecbf0a41fe1bd0e21c7a60bf8/execute/sync - {"script":"<script> [8489 bytes]","args":[{"element-6066-11e4-a52e-4f735466cecf":"f.C6480B129F3E0D11095D72FF7684A092.d.3DE81D875008483A0E5FA8BB7B536222.e.8138","ELEMENT":"f.C6480B129F3E0D11095D72FF7684A092.d.3DE81D875008483A0E5FA8BB7B536222.e.8138"}]}
RESULT: undefined
COMMAND: POST /session/eec783fecbf0a41fe1bd0e21c7a60bf8/element - {"using":"xpath","value":"//*[@id=\"__xmlview64--closeColumnBtn-img\"]"}
RESULT: {"using":"xpath","value":"//*[@id=\"__xmlview64--closeColumnBtn-img\"]"}
COMMAND: POST /session/eec783fecbf0a41fe1bd0e21c7a60bf8/element/f.C6480B129F3E0D11095D72FF7684A092.d.3DE81D875008483A0E5FA8BB7B536222.e.7830/click - {}
RESULT: {"script":"<script> [8489 bytes]","args":[{"element-6066-11e4-a52e-4f735466cecf":"f.C6480B129F3E0D11095D72FF7684A092.d.3DE81D875008483A0E5FA8BB7B536222.e.8138","ELEMENT":"f.C6480B129F3E0D11095D72FF7684A092.d.3DE81D875008483A0E5FA8BB7B536222.e.8138"}]}
COMMAND: GET /session/eec783fecbf0a41fe1bd0e21c7a60bf8/screenshot - {}
COMMAND: POST /session/eec783fecbf0a41fe1bd0e21c7a60bf8/execute/sync - {"script":"<script> [8489 bytes]","args":[{"element-6066-11e4-a52e-4f735466cecf":"f.C6480B129F3E0D11095D72FF7684A092.d.3DE81D875008483A0E5FA8BB7B536222.e.8138","ELEMENT":"f.C6480B129F3E0D11095D72FF7684A092.d.3DE81D875008483A0E5FA8BB7B536222.e.8138"}]}
RESULT: {}
COMMAND: GET /session/eec783fecbf0a41fe1bd0e21c7a60bf8/screenshot - {}
RESULT: {}
RESULT: {"script":"<script> [8489 bytes]","args":[{"element-6066-11e4-a52e-4f735466cecf":"f.C6480B129F3E0D11095D72FF7684A092.d.3DE81D875008483A0E5FA8BB7B536222.e.8138","ELEMENT":"f.C6480B129F3E0D11095D72FF7684A092.d.3DE81D875008483A0E5FA8BB7B536222.e.8138"}]}
COMMAND: GET /session/eec783fecbf0a41fe1bd0e21c7a60bf8/screenshot - {}
RESULT: {}
RESULT: {}
COMMAND: POST /session/eec783fecbf0a41fe1bd0e21c7a60bf8/refresh - {}
RESULT: {}
COMMAND: GET /session/eec783fecbf0a41fe1bd0e21c7a60bf8/screenshot - {}
RESULT: {}
COMMAND: POST /session/eec783fecbf0a41fe1bd0e21c7a60bf8/execute/async - {"script":"<script> [189 bytes]","args":[]}
RESULT: {"script":"<script> [189 bytes]","args":[]}
COMMAND: POST /session/eec783fecbf0a41fe1bd0e21c7a60bf8/execute/async - {"script":"<script> [123 bytes]","args":[]}
RESULT: {"script":"<script> [123 bytes]","args":[]}
COMMAND: POST /session/eec783fecbf0a41fe1bd0e21c7a60bf8/timeouts - {"script":"<number>"}
RESULT: {"script":"<number>"}
COMMAND: GET /session/eec783fecbf0a41fe1bd0e21c7a60bf8/timeouts - {}
RESULT: {}
RESULT: undefined
COMMAND: POST /session/eec783fecbf0a41fe1bd0e21c7a60bf8/execute/async - {"script":"<script> [2676 bytes]","args":[]}
RESULT: {"script":"<script> [2676 bytes]","args":[]}
COMMAND: POST /session/eec783fecbf0a41fe1bd0e21c7a60bf8/execute/async - {"script":"<script> [2342 bytes]","args":[{"protocol":"http","hostname":"0.0.0.0","path":"/","capabilities":{"browserName":"chrome","goog:chromeOptions":{"binary":"C:\\Program Files\\Google\\Chrome\\Application\\chrome.exe","args":["--start-maximized"]}},"logLevel":"warn","connectionRetryTimeout":120000,"connectionRetryCount":3,"logLevels":{},"enableDirectConnect":true,"strictSSL":true,"_":"65 more keys: [\"cacheDir\",\"port\",\"requestedCapabilities\",\"automationProtocol\",\"baseUrl\",\"waitforInterval\",\"waitforTimeout\",\"onReload\",\"beforeCommand\",\"afterCommand\",\"rootDir\",\"specs\",\"suites\",\"exclude\",\"groupLogsByTestSpec\",\"excludeDriverLogs\",\"bail\",\"framework\",\"reporters\",\"services\",\"maxInstances\",\"maxInstancesPerCapability\",\"injectGlobals\",\"filesToWatch\",\"execArgv\",\"runnerEnv\",\"runner\",\"shard\",\"specFileRetries\",\"specFileRetriesDelay\",\"specFileRetriesDeferred\",\"reporterSyncInterval\",\"reporterSyncTimeout\",\"cucumberFeaturesWithLineNumbers\",\"autoCompileOpts\",\"mochaOpts\",\"jasmineOpts\",\"cucumberOpts\",\"onPrepare\",\"onWorkerStart\",\"onWorkerEnd\",\"before\",\"beforeSession\",\"beforeSuite\",\"beforeHook\",\"beforeTest\",\"afterTest\",\"afterHook\",\"afterSuite\",\"afterSession\",\"after\",\"onComplete\",\"beforeAssertion\",\"afterAssertion\",\"beforeFeature\",\"beforeScenario\",\"beforeStep\",\"afterStep\",\"afterScenario\",\"afterFeature\",\"_\",\"suite\",\"$0\",\"ignoredWorkerServices\",\"wdi5\"]"}]}
RESULT: {"script":"<script> [2342 bytes]","args":[{"protocol":"http","hostname":"0.0.0.0","path":"/","capabilities":{"browserName":"chrome","goog:chromeOptions":{"binary":"C:\\Program Files\\Google\\Chrome\\Application\\chrome.exe","args":["--start-maximized"]}},"logLevel":"warn","connectionRetryTimeout":120000,"connectionRetryCount":3,"logLevels":{},"enableDirectConnect":true,"strictSSL":true,"_":"65 more keys: [\"cacheDir\",\"port\",\"requestedCapabilities\",\"automationProtocol\",\"baseUrl\",\"waitforInterval\",\"waitforTimeout\",\"onReload\",\"beforeCommand\",\"afterCommand\",\"rootDir\",\"specs\",\"suites\",\"exclude\",\"groupLogsByTestSpec\",\"excludeDriverLogs\",\"bail\",\"framework\",\"reporters\",\"services\",\"maxInstances\",\"maxInstancesPerCapability\",\"injectGlobals\",\"filesToWatch\",\"execArgv\",\"runnerEnv\",\"runner\",\"shard\",\"specFileRetries\",\"specFileRetriesDelay\",\"specFileRetriesDeferred\",\"reporterSyncInterval\",\"reporterSyncTimeout\",\"cucumberFeaturesWithLineNumbers\",\"autoCompileOpts\",\"mochaOpts\",\"jasmineOpts\",\"cucumberOpts\",\"onPrepare\",\"onWorkerStart\",\"onWorkerEnd\",\"before\",\"beforeSession\",\"beforeSuite\",\"beforeHook\",\"beforeTest\",\"afterTest\",\"afterHook\",\"afterSuite\",\"afterSession\",\"after\",\"onComplete\",\"beforeAssertion\",\"afterAssertion\",\"beforeFeature\",\"beforeScenario\",\"beforeStep\",\"afterStep\",\"afterScenario\",\"afterFeature\",\"_\",\"suite\",\"$0\",\"ignoredWorkerServices\",\"wdi5\"]"}]}
COMMAND: POST /session/eec783fecbf0a41fe1bd0e21c7a60bf8/execute/async - {"script":"<script> [21126 bytes]","args":[35000]}
RESULT: {"script":"<script> [21126 bytes]","args":[35000]}
COMMAND: POST /session/eec783fecbf0a41fe1bd0e21c7a60bf8/execute/async - {"script":"<script> [1562 bytes]","args":[{"selector":{"controlType":"sap.ui.core.Icon","viewName":"etm.portal.ui.managecontracts.view.Master","properties":{"src":{"regex":{"source":"slim\\-arrow\\-down"}}},"ancestor":{"id":"smartContractStatusFilter","viewName":"etm.portal.ui.managecontracts.view.Master"}},"wdio_ui5_key":"etmportal.ui.managecontracts.view.Mastersap.ui.core.Icon{\"src\":{\"regex\":{\"source\":\"slim\\\\-arrow\\\\-down\"}}}{\"id\":\"smartContractStatusFilter\",\"viewName\":\"etm.portal.ui.managecontracts.view.Master\"}"}]}
RESULT: {"script":"<script> [1562 bytes]","args":[{"selector":{"controlType":"sap.ui.core.Icon","viewName":"etm.portal.ui.managecontracts.view.Master","properties":{"src":{"regex":{"source":"slim\\-arrow\\-down"}}},"ancestor":{"id":"smartContractStatusFilter","viewName":"etm.portal.ui.managecontracts.view.Master"}},"wdio_ui5_key":"etmportal.ui.managecontracts.view.Mastersap.ui.core.Icon{\"src\":{\"regex\":{\"source\":\"slim\\\\-arrow\\\\-down\"}}}{\"id\":\"smartContractStatusFilter\",\"viewName\":\"etm.portal.ui.managecontracts.view.Master\"}"}]}
RESULT: undefined
COMMAND: POST /session/eec783fecbf0a41fe1bd0e21c7a60bf8/element - {"using":"xpath","value":"//*[@id=\"__xmlview0--smartContractStatusFilter-arrow\"]"}
RESULT: {"using":"xpath","value":"//*[@id=\"__xmlview0--smartContractStatusFilter-arrow\"]"}
COMMAND: POST /session/eec783fecbf0a41fe1bd0e21c7a60bf8/element/f.C6480B129F3E0D11095D72FF7684A092.d.E30A47AD7EC26C8B1335E9F1ED166D95.e.8319/click - {}
RESULT: {}
COMMAND: GET /session/eec783fecbf0a41fe1bd0e21c7a60bf8/screenshot - {}
RESULT: {}
COMMAND: POST /session/eec783fecbf0a41fe1bd0e21c7a60bf8/execute/async - {"script":"<script> [1562 bytes]","args":[{"selector":{"controlType":"sap.m.CheckBox","viewName":"etm.portal.ui.managecontracts.view.Master","properties":{"editable":true},"searchOpenDialogs":true,"ancestor":{"controlType":"sap.m.StandardListItem","viewName":"etm.portal.ui.managecontracts.view.Master","properties":{"title":"partial billed"},"searchOpenDialogs":true},"interaction":{"idSuffix":"CbBg"}},"wdio_ui5_key":"etmportal.ui.managecontracts.view.Mastersap.m.CheckBox{\"editable\":true}{\"controlType\":\"sap.m.StandardListItem\",\"viewName\":\"etm.portal.ui.managecontracts.view.Master\",\"properties\":{\"title\":\"partial billed\"},\"searchOpenDialogs\":true}"}]}
RESULT: {"script":"<script> [1562 bytes]","args":[{"selector":{"controlType":"sap.m.CheckBox","viewName":"etm.portal.ui.managecontracts.view.Master","properties":{"editable":true},"searchOpenDialogs":true,"ancestor":{"controlType":"sap.m.StandardListItem","viewName":"etm.portal.ui.managecontracts.view.Master","properties":{"title":"partial billed"},"searchOpenDialogs":true},"interaction":{"idSuffix":"CbBg"}},"wdio_ui5_key":"etmportal.ui.managecontracts.view.Mastersap.m.CheckBox{\"editable\":true}{\"controlType\":\"sap.m.StandardListItem\",\"viewName\":\"etm.portal.ui.managecontracts.view.Master\",\"properties\":{\"title\":\"partial billed\"},\"searchOpenDialogs\":true}"}]}
RESULT: undefined
COMMAND: POST /session/eec783fecbf0a41fe1bd0e21c7a60bf8/element - {"using":"xpath","value":"//*[@id=\"__item41-selectMulti\"]"}
RESULT: {"using":"xpath","value":"//*[@id=\"__item41-selectMulti\"]"}
COMMAND: POST /session/eec783fecbf0a41fe1bd0e21c7a60bf8/element/f.C6480B129F3E0D11095D72FF7684A092.d.E30A47AD7EC26C8B1335E9F1ED166D95.e.8328/click - {}
RESULT: {}
COMMAND: GET /session/eec783fecbf0a41fe1bd0e21c7a60bf8/screenshot - {}
RESULT: {}
COMMAND: POST /session/eec783fecbf0a41fe1bd0e21c7a60bf8/element - {"using":"xpath","value":"(//span[contains(@title ,\"Navigation\")])[2]"}
RESULT: {"using":"xpath","value":"(//span[contains(@title ,\"Navigation\")])[2]"}
COMMAND: POST /session/eec783fecbf0a41fe1bd0e21c7a60bf8/element/f.C6480B129F3E0D11095D72FF7684A092.d.E30A47AD7EC26C8B1335E9F1ED166D95.e.8364/click - {}
RESULT: {}
COMMAND: GET /session/eec783fecbf0a41fe1bd0e21c7a60bf8/screenshot - {}
RESULT: {}
COMMAND: POST /session/eec783fecbf0a41fe1bd0e21c7a60bf8/execute/sync - {"script":"<script> [8489 bytes]","args":[{"element-6066-11e4-a52e-4f735466cecf":"f.C6480B129F3E0D11095D72FF7684A092.d.3DE81D875008483A0E5FA8BB7B536222.e.8138","ELEMENT":"f.C6480B129F3E0D11095D72FF7684A092.d.3DE81D875008483A0E5FA8BB7B536222.e.8138"}]}
COMMAND: POST /session/eec783fecbf0a41fe1bd0e21c7a60bf8/element - {"using":"css selector","value":"#shell-header-logo"}
COMMAND: POST /session/eec783fecbf0a41fe1bd0e21c7a60bf8/element - {"using":"xpath","value":"//bdi[contains(@id ,\"closeContractBtn-BDI-content\")]"}
RESULT: {"using":"css selector","value":"#shell-header-logo"}
COMMAND: POST /session/eec783fecbf0a41fe1bd0e21c7a60bf8/element/f.C6480B129F3E0D11095D72FF7684A092.d.E30A47AD7EC26C8B1335E9F1ED166D95.e.8256/click - {}
RESULT: {"using":"xpath","value":"//bdi[contains(@id ,\"closeContractBtn-BDI-content\")]"}
COMMAND: POST /session/eec783fecbf0a41fe1bd0e21c7a60bf8/element - {"using":"xpath","value":"//bdi[contains(@id ,\"closeContractBtn-BDI-content\")]"}
RESULT: {}
COMMAND: GET /session/eec783fecbf0a41fe1bd0e21c7a60bf8/screenshot - {}
RESULT: {"using":"xpath","value":"//bdi[contains(@id ,\"closeContractBtn-BDI-content\")]"}
RESULT: {}
]]></system-out>
    </testcase>
  </testsuite>
  <testsuite timestamp="2025-05-28T18:11:29" time="52.477" tests="1" failures="0" errors="0" skipped="0">
    <properties>
      <property name="specId" value="0"/>
      <property name="suiteName" value="Standard contract decline US151279"/>
      <property name="capabilities" value="chrome.136_0_7103_93.windows"/>
      <property name="file" value="file:///D:/a/1/s/test/specs/R2C/standard-contract-decline.spec.js"/>
    </properties>
    <testcase classname="chrome.136_0_7103_93.windows.Standard_contract_decline_US151279" name="Should decline a contract" time="45.268">
      <system-out><![CDATA[
COMMAND: POST /session/eec783fecbf0a41fe1bd0e21c7a60bf8/execute/async - {"script":"<script> [1562 bytes]","args":[{"selector":{"controlType":"sap.m.GenericTile","properties":{"header":"Manage Contracts"}},"wdio_ui5_key":"sapm.GenericTile{\"header\":\"Manage Contracts\"}"}]}
RESULT: {"script":"<script> [1562 bytes]","args":[{"selector":{"controlType":"sap.m.GenericTile","properties":{"header":"Manage Contracts"}},"wdio_ui5_key":"sapm.GenericTile{\"header\":\"Manage Contracts\"}"}]}
RESULT: undefined
COMMAND: POST /session/eec783fecbf0a41fe1bd0e21c7a60bf8/element - {"using":"xpath","value":"//*[@id=\"__tile130\"]"}
RESULT: {"using":"xpath","value":"//*[@id=\"__tile130\"]"}
COMMAND: POST /session/eec783fecbf0a41fe1bd0e21c7a60bf8/element/f.C6480B129F3E0D11095D72FF7684A092.d.E30A47AD7EC26C8B1335E9F1ED166D95.e.8699/click - {}
RESULT: {}
COMMAND: GET /session/eec783fecbf0a41fe1bd0e21c7a60bf8/screenshot - {}
RESULT: {}
COMMAND: POST /session/eec783fecbf0a41fe1bd0e21c7a60bf8/element - {"using":"xpath","value":"//input[contains(@id ,\"smartContractFilterBar-btnBasicSearch-I\")]"}
RESULT: {"using":"xpath","value":"//input[contains(@id ,\"smartContractFilterBar-btnBasicSearch-I\")]"}
COMMAND: POST /session/eec783fecbf0a41fe1bd0e21c7a60bf8/element/f.C6480B129F3E0D11095D72FF7684A092.d.E30A47AD7EC26C8B1335E9F1ED166D95.e.8710/clear - {}
RESULT: {}
COMMAND: POST /session/eec783fecbf0a41fe1bd0e21c7a60bf8/element/f.C6480B129F3E0D11095D72FF7684A092.d.E30A47AD7EC26C8B1335E9F1ED166D95.e.8710/value - {"text":"10352"}
COMMAND: GET /session/eec783fecbf0a41fe1bd0e21c7a60bf8/screenshot - {}
RESULT: {"text":"10352"}
COMMAND: POST /session/eec783fecbf0a41fe1bd0e21c7a60bf8/actions - {"actions":[{"id":"action43","type":"key","parameters":{},"actions":[{"type":"keyDown","value":""},{"type":"pause","duration":10},{"type":"keyUp","value":""}]}]}
COMMAND: GET /session/eec783fecbf0a41fe1bd0e21c7a60bf8/screenshot - {}
RESULT: {}
RESULT: {"actions":[{"id":"action43","type":"key","parameters":{},"actions":[{"type":"keyDown","value":""},{"type":"pause","duration":10},{"type":"keyUp","value":""}]}]}
COMMAND: GET /session/eec783fecbf0a41fe1bd0e21c7a60bf8/screenshot - {}
RESULT: {}
RESULT: {}
COMMAND: POST /session/eec783fecbf0a41fe1bd0e21c7a60bf8/elements - {"using":"xpath","value":"//span[text()='Error']"}
RESULT: {"using":"xpath","value":"//span[text()='Error']"}
COMMAND: POST /session/eec783fecbf0a41fe1bd0e21c7a60bf8/execute/async - {"script":"<script> [1562 bytes]","args":[{"selector":{"controlType":"sap.ui.core.Icon","viewName":"etm.portal.ui.managecontracts.view.Master","properties":{"src":{"regex":{"source":"slim\\-arrow\\-right"}}}},"wdio_ui5_key":"etmportal.ui.managecontracts.view.Mastersap.ui.core.Icon{\"src\":{\"regex\":{\"source\":\"slim\\\\-arrow\\\\-right\"}}}"}]}
RESULT: {"script":"<script> [1562 bytes]","args":[{"selector":{"controlType":"sap.ui.core.Icon","viewName":"etm.portal.ui.managecontracts.view.Master","properties":{"src":{"regex":{"source":"slim\\-arrow\\-right"}}}},"wdio_ui5_key":"etmportal.ui.managecontracts.view.Mastersap.ui.core.Icon{\"src\":{\"regex\":{\"source\":\"slim\\\\-arrow\\\\-right\"}}}"}]}
RESULT: undefined
COMMAND: POST /session/eec783fecbf0a41fe1bd0e21c7a60bf8/element - {"using":"xpath","value":"//*[@id=\"__item77-__clone219-imgNav\"]"}
RESULT: {"using":"xpath","value":"//*[@id=\"__item77-__clone219-imgNav\"]"}
COMMAND: POST /session/eec783fecbf0a41fe1bd0e21c7a60bf8/element/f.C6480B129F3E0D11095D72FF7684A092.d.E30A47AD7EC26C8B1335E9F1ED166D95.e.8809/click - {}
RESULT: {}
COMMAND: GET /session/eec783fecbf0a41fe1bd0e21c7a60bf8/screenshot - {}
RESULT: {}
COMMAND: POST /session/eec783fecbf0a41fe1bd0e21c7a60bf8/execute/async - {"script":"<script> [1562 bytes]","args":[{"selector":{"id":"cancelContractBtn","viewName":"etm.portal.ui.managecontracts.view.Detail","interaction":{"idSuffix":"BDI-content"}},"wdio_ui5_key":"cancelContractBtnetmportal.ui.managecontracts.view.Detail"}]}
RESULT: {"script":"<script> [1562 bytes]","args":[{"selector":{"id":"cancelContractBtn","viewName":"etm.portal.ui.managecontracts.view.Detail","interaction":{"idSuffix":"BDI-content"}},"wdio_ui5_key":"cancelContractBtnetmportal.ui.managecontracts.view.Detail"}]}
RESULT: undefined
COMMAND: POST /session/eec783fecbf0a41fe1bd0e21c7a60bf8/element - {"using":"xpath","value":"//*[@id=\"__xmlview61--cancelContractBtn\"]"}
RESULT: {"using":"xpath","value":"//*[@id=\"__xmlview61--cancelContractBtn\"]"}
COMMAND: POST /session/eec783fecbf0a41fe1bd0e21c7a60bf8/element/f.C6480B129F3E0D11095D72FF7684A092.d.E30A47AD7EC26C8B1335E9F1ED166D95.e.8938/click - {}
RESULT: {}
COMMAND: GET /session/eec783fecbf0a41fe1bd0e21c7a60bf8/screenshot - {}
RESULT: {}
COMMAND: POST /session/eec783fecbf0a41fe1bd0e21c7a60bf8/execute/async - {"script":"<script> [1562 bytes]","args":[{"selector":{"controlType":"sap.m.Text","properties":{"text":"Do you want to cancel the whole contract?"},"searchOpenDialogs":true},"wdio_ui5_key":"sapm.Text{\"text\":\"Do you want to cancel the whole contract?\"}"}]}
RESULT: {"script":"<script> [1562 bytes]","args":[{"selector":{"controlType":"sap.m.Text","properties":{"text":"Do you want to cancel the whole contract?"},"searchOpenDialogs":true},"wdio_ui5_key":"sapm.Text{\"text\":\"Do you want to cancel the whole contract?\"}"}]}
RESULT: undefined
COMMAND: POST /session/eec783fecbf0a41fe1bd0e21c7a60bf8/execute/async - {"script":"<script> [6424 bytes]","args":[{"element-6066-11e4-a52e-4f735466cecf":"f.C6480B129F3E0D11095D72FF7684A092.d.E30A47AD7EC26C8B1335E9F1ED166D95.e.8975"},"getText",[]]}
RESULT: {"script":"<script> [6424 bytes]","args":[{"element-6066-11e4-a52e-4f735466cecf":"f.C6480B129F3E0D11095D72FF7684A092.d.E30A47AD7EC26C8B1335E9F1ED166D95.e.8975"},"getText",[]]}
COMMAND: POST /session/eec783fecbf0a41fe1bd0e21c7a60bf8/element - {"using":"xpath","value":"//bdi[contains(text(), \"OK\")]"}
RESULT: {"using":"xpath","value":"//bdi[contains(text(), \"OK\")]"}
COMMAND: POST /session/eec783fecbf0a41fe1bd0e21c7a60bf8/element/f.C6480B129F3E0D11095D72FF7684A092.d.E30A47AD7EC26C8B1335E9F1ED166D95.e.8976/click - {}
RESULT: {}
COMMAND: GET /session/eec783fecbf0a41fe1bd0e21c7a60bf8/screenshot - {}
RESULT: {}
COMMAND: POST /session/eec783fecbf0a41fe1bd0e21c7a60bf8/element - {"using":"xpath","value":"//input[contains(@id ,\"smartContractFilterBar-btnBasicSearch-I\")]"}
RESULT: {"using":"xpath","value":"//input[contains(@id ,\"smartContractFilterBar-btnBasicSearch-I\")]"}
COMMAND: POST /session/eec783fecbf0a41fe1bd0e21c7a60bf8/element/f.C6480B129F3E0D11095D72FF7684A092.d.E30A47AD7EC26C8B1335E9F1ED166D95.e.8710/clear - {}
RESULT: {}
COMMAND: POST /session/eec783fecbf0a41fe1bd0e21c7a60bf8/element/f.C6480B129F3E0D11095D72FF7684A092.d.E30A47AD7EC26C8B1335E9F1ED166D95.e.8710/value - {"text":"10352"}
COMMAND: GET /session/eec783fecbf0a41fe1bd0e21c7a60bf8/screenshot - {}
RESULT: {"text":"10352"}
COMMAND: POST /session/eec783fecbf0a41fe1bd0e21c7a60bf8/actions - {"actions":[{"id":"action44","type":"key","parameters":{},"actions":[{"type":"keyDown","value":""},{"type":"pause","duration":10},{"type":"keyUp","value":""}]}]}
COMMAND: GET /session/eec783fecbf0a41fe1bd0e21c7a60bf8/screenshot - {}
RESULT: {}
RESULT: {"actions":[{"id":"action44","type":"key","parameters":{},"actions":[{"type":"keyDown","value":""},{"type":"pause","duration":10},{"type":"keyUp","value":""}]}]}
COMMAND: GET /session/eec783fecbf0a41fe1bd0e21c7a60bf8/screenshot - {}
RESULT: {}
RESULT: {}
COMMAND: POST /session/eec783fecbf0a41fe1bd0e21c7a60bf8/execute/async - {"script":"<script> [1562 bytes]","args":[{"selector":{"controlType":"sap.m.ObjectStatus","viewName":"etm.portal.ui.managecontracts.view.Master","bindingPath":{"path":"/SmartContractHeaders('10352')","propertyPath":"STATUS_DESCRIPTION"}},"wdio_ui5_key":"etmportal.ui.managecontracts.view.Mastersap.m.ObjectStatus{\"path\":\"/SmartContractHeaders('10352')\",\"propertyPath\":\"STATUS_DESCRIPTION\"}"}]}
RESULT: {"script":"<script> [1562 bytes]","args":[{"selector":{"controlType":"sap.m.ObjectStatus","viewName":"etm.portal.ui.managecontracts.view.Master","bindingPath":{"path":"/SmartContractHeaders('10352')","propertyPath":"STATUS_DESCRIPTION"}},"wdio_ui5_key":"etmportal.ui.managecontracts.view.Mastersap.m.ObjectStatus{\"path\":\"/SmartContractHeaders('10352')\",\"propertyPath\":\"STATUS_DESCRIPTION\"}"}]}
RESULT: undefined
COMMAND: POST /session/eec783fecbf0a41fe1bd0e21c7a60bf8/execute/async - {"script":"<script> [6424 bytes]","args":[{"element-6066-11e4-a52e-4f735466cecf":"f.C6480B129F3E0D11095D72FF7684A092.d.E30A47AD7EC26C8B1335E9F1ED166D95.e.9032"},"getText",[]]}
RESULT: {"script":"<script> [6424 bytes]","args":[{"element-6066-11e4-a52e-4f735466cecf":"f.C6480B129F3E0D11095D72FF7684A092.d.E30A47AD7EC26C8B1335E9F1ED166D95.e.9032"},"getText",[]]}
RESULT: undefined
COMMAND: POST /session/eec783fecbf0a41fe1bd0e21c7a60bf8/element - {"using":"xpath","value":"//*[@id=\"__item77-__clone219-imgNav\"]"}
RESULT: {"using":"xpath","value":"//*[@id=\"__item77-__clone219-imgNav\"]"}
COMMAND: POST /session/eec783fecbf0a41fe1bd0e21c7a60bf8/element/f.C6480B129F3E0D11095D72FF7684A092.d.E30A47AD7EC26C8B1335E9F1ED166D95.e.8809/click - {}
RESULT: {}
COMMAND: GET /session/eec783fecbf0a41fe1bd0e21c7a60bf8/screenshot - {}
RESULT: {}
COMMAND: POST /session/eec783fecbf0a41fe1bd0e21c7a60bf8/execute/async - {"script":"<script> [1562 bytes]","args":[{"selector":{"controlType":"sap.m.ObjectStatus","viewName":"etm.portal.ui.managecontracts.view.Detail","bindingPath":{"path":"/SmartContractItems(CONTRACT='10352',ITEM=10m,SUB_ITEM=0m)","propertyPath":"STATUS"}},"wdio_ui5_key":"etmportal.ui.managecontracts.view.Detailsap.m.ObjectStatus{\"path\":\"/SmartContractItems(CONTRACT='10352',ITEM=10m,SUB_ITEM=0m)\",\"propertyPath\":\"STATUS\"}"}]}
RESULT: {"script":"<script> [1562 bytes]","args":[{"selector":{"controlType":"sap.m.ObjectStatus","viewName":"etm.portal.ui.managecontracts.view.Detail","bindingPath":{"path":"/SmartContractItems(CONTRACT='10352',ITEM=10m,SUB_ITEM=0m)","propertyPath":"STATUS"}},"wdio_ui5_key":"etmportal.ui.managecontracts.view.Detailsap.m.ObjectStatus{\"path\":\"/SmartContractItems(CONTRACT='10352',ITEM=10m,SUB_ITEM=0m)\",\"propertyPath\":\"STATUS\"}"}]}
RESULT: undefined
COMMAND: POST /session/eec783fecbf0a41fe1bd0e21c7a60bf8/execute/async - {"script":"<script> [6424 bytes]","args":[{"element-6066-11e4-a52e-4f735466cecf":"f.C6480B129F3E0D11095D72FF7684A092.d.E30A47AD7EC26C8B1335E9F1ED166D95.e.9052"},"getText",[]]}
RESULT: {"script":"<script> [6424 bytes]","args":[{"element-6066-11e4-a52e-4f735466cecf":"f.C6480B129F3E0D11095D72FF7684A092.d.E30A47AD7EC26C8B1335E9F1ED166D95.e.9052"},"getText",[]]}
COMMAND: POST /session/eec783fecbf0a41fe1bd0e21c7a60bf8/element - {"using":"css selector","value":"#shell-header-logo"}
RESULT: {"using":"css selector","value":"#shell-header-logo"}
COMMAND: POST /session/eec783fecbf0a41fe1bd0e21c7a60bf8/element/f.C6480B129F3E0D11095D72FF7684A092.d.E30A47AD7EC26C8B1335E9F1ED166D95.e.8701/click - {}
RESULT: {}
COMMAND: GET /session/eec783fecbf0a41fe1bd0e21c7a60bf8/screenshot - {}
RESULT: {}
]]></system-out>
    </testcase>
  </testsuite>
  <testsuite timestamp="2025-05-28T18:12:22" time="177.869" tests="2" failures="0" errors="0" skipped="0">
    <properties>
      <property name="specId" value="0"/>
      <property name="suiteName" value="Insert service into a contract US152956"/>
      <property name="capabilities" value="chrome.136_0_7103_93.windows"/>
      <property name="file" value="file:///D:/a/1/s/test/specs/R2C/insert-service-into-a-contract.spec.js"/>
    </properties>
    <testcase classname="chrome.136_0_7103_93.windows.Insert_service_into_a_contract_US152956" name="Should create a new contract" time="93.881">
      <system-out><![CDATA[
RESULT: undefined
COMMAND: POST /session/eec783fecbf0a41fe1bd0e21c7a60bf8/element - {"using":"xpath","value":"//*[@id=\"__tile130\"]"}
RESULT: {"using":"xpath","value":"//*[@id=\"__tile130\"]"}
COMMAND: POST /session/eec783fecbf0a41fe1bd0e21c7a60bf8/element/f.C6480B129F3E0D11095D72FF7684A092.d.E30A47AD7EC26C8B1335E9F1ED166D95.e.8699/click - {}
RESULT: {}
COMMAND: GET /session/eec783fecbf0a41fe1bd0e21c7a60bf8/screenshot - {}
RESULT: {}
COMMAND: POST /session/eec783fecbf0a41fe1bd0e21c7a60bf8/elements - {"using":"xpath","value":"//span[text()='Error']"}
RESULT: {"using":"xpath","value":"//span[text()='Error']"}
COMMAND: POST /session/eec783fecbf0a41fe1bd0e21c7a60bf8/element - {"using":"xpath","value":"//button[@data-kt=\"addButton\"]"}
RESULT: {"using":"xpath","value":"//button[@data-kt=\"addButton\"]"}
COMMAND: POST /session/eec783fecbf0a41fe1bd0e21c7a60bf8/element/f.C6480B129F3E0D11095D72FF7684A092.d.E30A47AD7EC26C8B1335E9F1ED166D95.e.9104/click - {}
RESULT: {}
COMMAND: GET /session/eec783fecbf0a41fe1bd0e21c7a60bf8/screenshot - {}
RESULT: {}
COMMAND: POST /session/eec783fecbf0a41fe1bd0e21c7a60bf8/execute/async - {"script":"<script> [1562 bytes]","args":[{"selector":{"id":"application-managecontracts-display-component---AddNewContract--projectDescription","interaction":{"idSuffix":"inner"}},"wdio_ui5_key":"applicationmanagecontracts-display-component---AddNewContract--projectDescription"}]}
RESULT: {"script":"<script> [1562 bytes]","args":[{"selector":{"id":"application-managecontracts-display-component---AddNewContract--projectDescription","interaction":{"idSuffix":"inner"}},"wdio_ui5_key":"applicationmanagecontracts-display-component---AddNewContract--projectDescription"}]}
RESULT: undefined
COMMAND: POST /session/eec783fecbf0a41fe1bd0e21c7a60bf8/execute/async - {"script":"<script> [776 bytes]","args":[{"enterText":"WdIOTestolfs3","selector":{"id":"application-managecontracts-display-component---AddNewContract--projectDescription","interaction":{"idSuffix":"inner"}},"clearTextFirst":true,"interactionType":"ENTER_TEXT"}]}
RESULT: {"script":"<script> [776 bytes]","args":[{"enterText":"WdIOTestolfs3","selector":{"id":"application-managecontracts-display-component---AddNewContract--projectDescription","interaction":{"idSuffix":"inner"}},"clearTextFirst":true,"interactionType":"ENTER_TEXT"}]}
COMMAND: POST /session/eec783fecbf0a41fe1bd0e21c7a60bf8/element - {"using":"xpath","value":"//input[@id=\"application-managecontracts-display-component---AddNewContract--yardId-inner\"]"}
RESULT: {"using":"xpath","value":"//input[@id=\"application-managecontracts-display-component---AddNewContract--yardId-inner\"]"}
COMMAND: POST /session/eec783fecbf0a41fe1bd0e21c7a60bf8/element/f.C6480B129F3E0D11095D72FF7684A092.d.E30A47AD7EC26C8B1335E9F1ED166D95.e.9367/clear - {}
RESULT: {}
COMMAND: POST /session/eec783fecbf0a41fe1bd0e21c7a60bf8/element/f.C6480B129F3E0D11095D72FF7684A092.d.E30A47AD7EC26C8B1335E9F1ED166D95.e.9367/value - {"text":"WebdriverYardbtbkq"}
COMMAND: GET /session/eec783fecbf0a41fe1bd0e21c7a60bf8/screenshot - {}
RESULT: {"text":"WebdriverYardbtbkq"}
COMMAND: GET /session/eec783fecbf0a41fe1bd0e21c7a60bf8/screenshot - {}
RESULT: {}
RESULT: {}
COMMAND: POST /session/eec783fecbf0a41fe1bd0e21c7a60bf8/actions - {"actions":[{"id":"action45","type":"key","parameters":{},"actions":[{"type":"keyDown","value":""},{"type":"pause","duration":10},{"type":"keyUp","value":""}]}]}
RESULT: {"actions":[{"id":"action45","type":"key","parameters":{},"actions":[{"type":"keyDown","value":""},{"type":"pause","duration":10},{"type":"keyUp","value":""}]}]}
COMMAND: GET /session/eec783fecbf0a41fe1bd0e21c7a60bf8/screenshot - {}
RESULT: {}
COMMAND: POST /session/eec783fecbf0a41fe1bd0e21c7a60bf8/element - {"using":"xpath","value":"//input[@id=\"application-managecontracts-display-component---AddNewContract--customerSelect-inner\"]"}
RESULT: {"using":"xpath","value":"//input[@id=\"application-managecontracts-display-component---AddNewContract--customerSelect-inner\"]"}
COMMAND: POST /session/eec783fecbf0a41fe1bd0e21c7a60bf8/element/f.C6480B129F3E0D11095D72FF7684A092.d.E30A47AD7EC26C8B1335E9F1ED166D95.e.9365/clear - {}
RESULT: {}
COMMAND: POST /session/eec783fecbf0a41fe1bd0e21c7a60bf8/element/f.C6480B129F3E0D11095D72FF7684A092.d.E30A47AD7EC26C8B1335E9F1ED166D95.e.9365/value - {"text":"WebdriverPartner8kjg2"}
COMMAND: GET /session/eec783fecbf0a41fe1bd0e21c7a60bf8/screenshot - {}
RESULT: {"text":"WebdriverPartner8kjg2"}
COMMAND: GET /session/eec783fecbf0a41fe1bd0e21c7a60bf8/screenshot - {}
RESULT: {}
RESULT: {}
COMMAND: POST /session/eec783fecbf0a41fe1bd0e21c7a60bf8/actions - {"actions":[{"id":"action46","type":"key","parameters":{},"actions":[{"type":"keyDown","value":""},{"type":"pause","duration":10},{"type":"keyUp","value":""}]}]}
RESULT: {"actions":[{"id":"action46","type":"key","parameters":{},"actions":[{"type":"keyDown","value":""},{"type":"pause","duration":10},{"type":"keyUp","value":""}]}]}
COMMAND: GET /session/eec783fecbf0a41fe1bd0e21c7a60bf8/screenshot - {}
RESULT: {}
COMMAND: POST /session/eec783fecbf0a41fe1bd0e21c7a60bf8/element - {"using":"xpath","value":"//input[@id=\"application-managecontracts-display-component---AddNewContract--site-inner\"]"}
RESULT: {"using":"xpath","value":"//input[@id=\"application-managecontracts-display-component---AddNewContract--site-inner\"]"}
COMMAND: POST /session/eec783fecbf0a41fe1bd0e21c7a60bf8/element/f.C6480B129F3E0D11095D72FF7684A092.d.E30A47AD7EC26C8B1335E9F1ED166D95.e.9366/clear - {}
RESULT: {}
COMMAND: POST /session/eec783fecbf0a41fe1bd0e21c7a60bf8/element/f.C6480B129F3E0D11095D72FF7684A092.d.E30A47AD7EC26C8B1335E9F1ED166D95.e.9366/value - {"text":"WebdriverSite6fr0y"}
COMMAND: GET /session/eec783fecbf0a41fe1bd0e21c7a60bf8/screenshot - {}
RESULT: {"text":"WebdriverSite6fr0y"}
COMMAND: GET /session/eec783fecbf0a41fe1bd0e21c7a60bf8/screenshot - {}
RESULT: {}
RESULT: {}
COMMAND: POST /session/eec783fecbf0a41fe1bd0e21c7a60bf8/actions - {"actions":[{"id":"action47","type":"key","parameters":{},"actions":[{"type":"keyDown","value":""},{"type":"pause","duration":10},{"type":"keyUp","value":""}]}]}
RESULT: {"actions":[{"id":"action47","type":"key","parameters":{},"actions":[{"type":"keyDown","value":""},{"type":"pause","duration":10},{"type":"keyUp","value":""}]}]}
COMMAND: GET /session/eec783fecbf0a41fe1bd0e21c7a60bf8/screenshot - {}
RESULT: {}
COMMAND: POST /session/eec783fecbf0a41fe1bd0e21c7a60bf8/element - {"using":"xpath","value":"//button[@data-kt=\"saveButton\"]"}
RESULT: {"using":"xpath","value":"//button[@data-kt=\"saveButton\"]"}
COMMAND: POST /session/eec783fecbf0a41fe1bd0e21c7a60bf8/element/f.C6480B129F3E0D11095D72FF7684A092.d.E30A47AD7EC26C8B1335E9F1ED166D95.e.9439/click - {}
RESULT: {}
COMMAND: GET /session/eec783fecbf0a41fe1bd0e21c7a60bf8/screenshot - {}
RESULT: {}
COMMAND: POST /session/eec783fecbf0a41fe1bd0e21c7a60bf8/execute/async - {"script":"<script> [1562 bytes]","args":[{"selector":{"id":"contractDetailTitleNoExpanded","viewName":"etm.portal.ui.managecontracts.view.Detail"},"wdio_ui5_key":"contractDetailTitleNoExpandedetmportal.ui.managecontracts.view.Detail"}]}
RESULT: {"script":"<script> [1562 bytes]","args":[{"selector":{"id":"contractDetailTitleNoExpanded","viewName":"etm.portal.ui.managecontracts.view.Detail"},"wdio_ui5_key":"contractDetailTitleNoExpandedetmportal.ui.managecontracts.view.Detail"}]}
RESULT: undefined
COMMAND: POST /session/eec783fecbf0a41fe1bd0e21c7a60bf8/execute/async - {"script":"<script> [6424 bytes]","args":[{"element-6066-11e4-a52e-4f735466cecf":"f.C6480B129F3E0D11095D72FF7684A092.d.E30A47AD7EC26C8B1335E9F1ED166D95.e.9464"},"getText",[]]}
RESULT: {"script":"<script> [6424 bytes]","args":[{"element-6066-11e4-a52e-4f735466cecf":"f.C6480B129F3E0D11095D72FF7684A092.d.E30A47AD7EC26C8B1335E9F1ED166D95.e.9464"},"getText",[]]}
]]></system-out>
    </testcase>
    <testcase classname="chrome.136_0_7103_93.windows.Insert_service_into_a_contract_US152956" name="Should add a service unit and a service group to the contract" time="80.03">
      <system-out><![CDATA[
COMMAND: POST /session/eec783fecbf0a41fe1bd0e21c7a60bf8/element - {"using":"xpath","value":"//button[@data-kt=\"contractDetailEditBtnButton\"]"}
RESULT: {"using":"xpath","value":"//button[@data-kt=\"contractDetailEditBtnButton\"]"}
COMMAND: POST /session/eec783fecbf0a41fe1bd0e21c7a60bf8/execute/sync - {"script":"<script> [8489 bytes]","args":[{"element-6066-11e4-a52e-4f735466cecf":"f.C6480B129F3E0D11095D72FF7684A092.d.E30A47AD7EC26C8B1335E9F1ED166D95.e.9465","ELEMENT":"f.C6480B129F3E0D11095D72FF7684A092.d.E30A47AD7EC26C8B1335E9F1ED166D95.e.9465"}]}
RESULT: {"script":"<script> [8489 bytes]","args":[{"element-6066-11e4-a52e-4f735466cecf":"f.C6480B129F3E0D11095D72FF7684A092.d.E30A47AD7EC26C8B1335E9F1ED166D95.e.9465","ELEMENT":"f.C6480B129F3E0D11095D72FF7684A092.d.E30A47AD7EC26C8B1335E9F1ED166D95.e.9465"}]}
COMMAND: POST /session/eec783fecbf0a41fe1bd0e21c7a60bf8/execute/sync - {"script":"<script> [8489 bytes]","args":[{"element-6066-11e4-a52e-4f735466cecf":"f.C6480B129F3E0D11095D72FF7684A092.d.E30A47AD7EC26C8B1335E9F1ED166D95.e.9465","ELEMENT":"f.C6480B129F3E0D11095D72FF7684A092.d.E30A47AD7EC26C8B1335E9F1ED166D95.e.9465"}]}
COMMAND: GET /session/eec783fecbf0a41fe1bd0e21c7a60bf8/screenshot - {}
RESULT: {"script":"<script> [8489 bytes]","args":[{"element-6066-11e4-a52e-4f735466cecf":"f.C6480B129F3E0D11095D72FF7684A092.d.E30A47AD7EC26C8B1335E9F1ED166D95.e.9465","ELEMENT":"f.C6480B129F3E0D11095D72FF7684A092.d.E30A47AD7EC26C8B1335E9F1ED166D95.e.9465"}]}
COMMAND: POST /session/eec783fecbf0a41fe1bd0e21c7a60bf8/execute/sync - {"script":"<script> [5351 bytes]","args":[{"element-6066-11e4-a52e-4f735466cecf":"f.C6480B129F3E0D11095D72FF7684A092.d.E30A47AD7EC26C8B1335E9F1ED166D95.e.9465","ELEMENT":"f.C6480B129F3E0D11095D72FF7684A092.d.E30A47AD7EC26C8B1335E9F1ED166D95.e.9465"}]}
COMMAND: GET /session/eec783fecbf0a41fe1bd0e21c7a60bf8/screenshot - {}
RESULT: {}
RESULT: {"script":"<script> [5351 bytes]","args":[{"element-6066-11e4-a52e-4f735466cecf":"f.C6480B129F3E0D11095D72FF7684A092.d.E30A47AD7EC26C8B1335E9F1ED166D95.e.9465","ELEMENT":"f.C6480B129F3E0D11095D72FF7684A092.d.E30A47AD7EC26C8B1335E9F1ED166D95.e.9465"}]}
COMMAND: POST /session/eec783fecbf0a41fe1bd0e21c7a60bf8/element/f.C6480B129F3E0D11095D72FF7684A092.d.E30A47AD7EC26C8B1335E9F1ED166D95.e.9465/click - {}
COMMAND: GET /session/eec783fecbf0a41fe1bd0e21c7a60bf8/screenshot - {}
RESULT: {}
RESULT: {}
COMMAND: GET /session/eec783fecbf0a41fe1bd0e21c7a60bf8/screenshot - {}
RESULT: {}
RESULT: {}
COMMAND: POST /session/eec783fecbf0a41fe1bd0e21c7a60bf8/element - {"using":"xpath","value":"(//span[contains(text(), \"Additional Addresses\")])[2]"}
RESULT: {"using":"xpath","value":"(//span[contains(text(), \"Additional Addresses\")])[2]"}
COMMAND: POST /session/eec783fecbf0a41fe1bd0e21c7a60bf8/element/f.C6480B129F3E0D11095D72FF7684A092.d.E30A47AD7EC26C8B1335E9F1ED166D95.e.9522/click - {}
RESULT: {}
COMMAND: GET /session/eec783fecbf0a41fe1bd0e21c7a60bf8/screenshot - {}
RESULT: {}
COMMAND: POST /session/eec783fecbf0a41fe1bd0e21c7a60bf8/element - {"using":"xpath","value":"//button[@data-kt=\"btnAddTableRowOverflowToolbarButton\"]"}
RESULT: {"using":"xpath","value":"//button[@data-kt=\"btnAddTableRowOverflowToolbarButton\"]"}
COMMAND: POST /session/eec783fecbf0a41fe1bd0e21c7a60bf8/element/f.C6480B129F3E0D11095D72FF7684A092.d.E30A47AD7EC26C8B1335E9F1ED166D95.e.9526/click - {}
RESULT: {}
COMMAND: GET /session/eec783fecbf0a41fe1bd0e21c7a60bf8/screenshot - {}
RESULT: {}
COMMAND: POST /session/eec783fecbf0a41fe1bd0e21c7a60bf8/element - {"using":"xpath","value":"//div[(text() = 'Standard Entry' or . = 'Standard Entry')]"}
RESULT: {"using":"xpath","value":"//div[(text() = 'Standard Entry' or . = 'Standard Entry')]"}
COMMAND: POST /session/eec783fecbf0a41fe1bd0e21c7a60bf8/element/f.C6480B129F3E0D11095D72FF7684A092.d.E30A47AD7EC26C8B1335E9F1ED166D95.e.9528/click - {}
RESULT: {}
COMMAND: POST /session/eec783fecbf0a41fe1bd0e21c7a60bf8/element - {"using":"xpath","value":"//button[@data-kt=\"btnAddTableRowOverflowToolbarButton\"]"}
COMMAND: GET /session/eec783fecbf0a41fe1bd0e21c7a60bf8/screenshot - {}
RESULT: {"using":"xpath","value":"//button[@data-kt=\"btnAddTableRowOverflowToolbarButton\"]"}
COMMAND: POST /session/eec783fecbf0a41fe1bd0e21c7a60bf8/element/f.C6480B129F3E0D11095D72FF7684A092.d.E30A47AD7EC26C8B1335E9F1ED166D95.e.9526/click - {}
RESULT: {}
RESULT: {}
COMMAND: GET /session/eec783fecbf0a41fe1bd0e21c7a60bf8/screenshot - {}
RESULT: {}
COMMAND: POST /session/eec783fecbf0a41fe1bd0e21c7a60bf8/element - {"using":"xpath","value":"//div[(text() = 'Standard Entry' or . = 'Standard Entry')]"}
RESULT: {"using":"xpath","value":"//div[(text() = 'Standard Entry' or . = 'Standard Entry')]"}
COMMAND: POST /session/eec783fecbf0a41fe1bd0e21c7a60bf8/element/f.C6480B129F3E0D11095D72FF7684A092.d.E30A47AD7EC26C8B1335E9F1ED166D95.e.9540/click - {}
RESULT: {}
COMMAND: POST /session/eec783fecbf0a41fe1bd0e21c7a60bf8/element - {"using":"xpath","value":"(//td[6]/div/div/input)[1]"}
COMMAND: GET /session/eec783fecbf0a41fe1bd0e21c7a60bf8/screenshot - {}
RESULT: {"using":"xpath","value":"(//td[6]/div/div/input)[1]"}
COMMAND: POST /session/eec783fecbf0a41fe1bd0e21c7a60bf8/element/f.C6480B129F3E0D11095D72FF7684A092.d.E30A47AD7EC26C8B1335E9F1ED166D95.e.9542/click - {}
RESULT: {}
RESULT: {}
COMMAND: POST /session/eec783fecbf0a41fe1bd0e21c7a60bf8/actions - {"actions":[{"id":"action48","type":"key","parameters":{},"actions":[{"type":"keyDown","value":""},{"type":"pause","duration":10},{"type":"keyUp","value":""}]}]}
COMMAND: GET /session/eec783fecbf0a41fe1bd0e21c7a60bf8/screenshot - {}
RESULT: {"actions":[{"id":"action48","type":"key","parameters":{},"actions":[{"type":"keyDown","value":""},{"type":"pause","duration":10},{"type":"keyUp","value":""}]}]}
COMMAND: POST /session/eec783fecbf0a41fe1bd0e21c7a60bf8/element - {"using":"xpath","value":"(//td[6]/div/div/input)[1]"}
COMMAND: GET /session/eec783fecbf0a41fe1bd0e21c7a60bf8/screenshot - {}
RESULT: {}
RESULT: {"using":"xpath","value":"(//td[6]/div/div/input)[1]"}
COMMAND: POST /session/eec783fecbf0a41fe1bd0e21c7a60bf8/element/f.C6480B129F3E0D11095D72FF7684A092.d.E30A47AD7EC26C8B1335E9F1ED166D95.e.9542/clear - {}
RESULT: {}
RESULT: {}
COMMAND: POST /session/eec783fecbf0a41fe1bd0e21c7a60bf8/element/f.C6480B129F3E0D11095D72FF7684A092.d.E30A47AD7EC26C8B1335E9F1ED166D95.e.9542/value - {"text":"Service Unit"}
COMMAND: GET /session/eec783fecbf0a41fe1bd0e21c7a60bf8/screenshot - {}
RESULT: {"text":"Service Unit"}
COMMAND: GET /session/eec783fecbf0a41fe1bd0e21c7a60bf8/screenshot - {}
RESULT: {}
RESULT: {}
COMMAND: POST /session/eec783fecbf0a41fe1bd0e21c7a60bf8/actions - {"actions":[{"id":"action49","type":"key","parameters":{},"actions":[{"type":"keyDown","value":""},{"type":"pause","duration":10},{"type":"keyUp","value":""}]}]}
RESULT: {"actions":[{"id":"action49","type":"key","parameters":{},"actions":[{"type":"keyDown","value":""},{"type":"pause","duration":10},{"type":"keyUp","value":""}]}]}
COMMAND: GET /session/eec783fecbf0a41fe1bd0e21c7a60bf8/screenshot - {}
RESULT: {}
COMMAND: POST /session/eec783fecbf0a41fe1bd0e21c7a60bf8/actions - {"actions":[{"id":"action50","type":"key","parameters":{},"actions":[{"type":"keyDown","value":""},{"type":"pause","duration":10},{"type":"keyUp","value":""}]}]}
RESULT: {"actions":[{"id":"action50","type":"key","parameters":{},"actions":[{"type":"keyDown","value":""},{"type":"pause","duration":10},{"type":"keyUp","value":""}]}]}
COMMAND: POST /session/eec783fecbf0a41fe1bd0e21c7a60bf8/element - {"using":"xpath","value":"(//td[7]/div/div/input)[1]"}
COMMAND: GET /session/eec783fecbf0a41fe1bd0e21c7a60bf8/screenshot - {}
RESULT: {"using":"xpath","value":"(//td[7]/div/div/input)[1]"}
COMMAND: POST /session/eec783fecbf0a41fe1bd0e21c7a60bf8/element/f.C6480B129F3E0D11095D72FF7684A092.d.E30A47AD7EC26C8B1335E9F1ED166D95.e.9558/clear - {}
RESULT: {}
RESULT: {}
COMMAND: POST /session/eec783fecbf0a41fe1bd0e21c7a60bf8/element/f.C6480B129F3E0D11095D72FF7684A092.d.E30A47AD7EC26C8B1335E9F1ED166D95.e.9558/value - {"text":"1000001"}
COMMAND: GET /session/eec783fecbf0a41fe1bd0e21c7a60bf8/screenshot - {}
RESULT: {"text":"1000001"}
COMMAND: GET /session/eec783fecbf0a41fe1bd0e21c7a60bf8/screenshot - {}
RESULT: {}
RESULT: {}
COMMAND: POST /session/eec783fecbf0a41fe1bd0e21c7a60bf8/actions - {"actions":[{"id":"action51","type":"key","parameters":{},"actions":[{"type":"keyDown","value":""},{"type":"pause","duration":10},{"type":"keyUp","value":""}]}]}
RESULT: {"actions":[{"id":"action51","type":"key","parameters":{},"actions":[{"type":"keyDown","value":""},{"type":"pause","duration":10},{"type":"keyUp","value":""}]}]}
COMMAND: GET /session/eec783fecbf0a41fe1bd0e21c7a60bf8/screenshot - {}
RESULT: {}
COMMAND: POST /session/eec783fecbf0a41fe1bd0e21c7a60bf8/actions - {"actions":[{"id":"action52","type":"key","parameters":{},"actions":[{"type":"keyDown","value":""},{"type":"pause","duration":10},{"type":"keyUp","value":""}]}]}
RESULT: {"actions":[{"id":"action52","type":"key","parameters":{},"actions":[{"type":"keyDown","value":""},{"type":"pause","duration":10},{"type":"keyUp","value":""}]}]}
COMMAND: GET /session/eec783fecbf0a41fe1bd0e21c7a60bf8/screenshot - {}
RESULT: {}
COMMAND: POST /session/eec783fecbf0a41fe1bd0e21c7a60bf8/element - {"using":"xpath","value":"(//td[6]/div/div/input)[2]"}
RESULT: {"using":"xpath","value":"(//td[6]/div/div/input)[2]"}
COMMAND: POST /session/eec783fecbf0a41fe1bd0e21c7a60bf8/element/f.C6480B129F3E0D11095D72FF7684A092.d.E30A47AD7EC26C8B1335E9F1ED166D95.e.9530/click - {}
RESULT: {}
COMMAND: POST /session/eec783fecbf0a41fe1bd0e21c7a60bf8/actions - {"actions":[{"id":"action53","type":"key","parameters":{},"actions":[{"type":"keyDown","value":""},{"type":"pause","duration":10},{"type":"keyUp","value":""}]}]}
COMMAND: GET /session/eec783fecbf0a41fe1bd0e21c7a60bf8/screenshot - {}
RESULT: {"actions":[{"id":"action53","type":"key","parameters":{},"actions":[{"type":"keyDown","value":""},{"type":"pause","duration":10},{"type":"keyUp","value":""}]}]}
COMMAND: POST /session/eec783fecbf0a41fe1bd0e21c7a60bf8/element - {"using":"xpath","value":"(//td[6]/div/div/input)[2]"}
COMMAND: GET /session/eec783fecbf0a41fe1bd0e21c7a60bf8/screenshot - {}
RESULT: {}
RESULT: {"using":"xpath","value":"(//td[6]/div/div/input)[2]"}
COMMAND: POST /session/eec783fecbf0a41fe1bd0e21c7a60bf8/element/f.C6480B129F3E0D11095D72FF7684A092.d.E30A47AD7EC26C8B1335E9F1ED166D95.e.9530/clear - {}
RESULT: {}
RESULT: {}
COMMAND: POST /session/eec783fecbf0a41fe1bd0e21c7a60bf8/element/f.C6480B129F3E0D11095D72FF7684A092.d.E30A47AD7EC26C8B1335E9F1ED166D95.e.9530/value - {"text":"Service Unit Group"}
COMMAND: GET /session/eec783fecbf0a41fe1bd0e21c7a60bf8/screenshot - {}
RESULT: {"text":"Service Unit Group"}
COMMAND: GET /session/eec783fecbf0a41fe1bd0e21c7a60bf8/screenshot - {}
RESULT: {}
RESULT: {}
COMMAND: POST /session/eec783fecbf0a41fe1bd0e21c7a60bf8/actions - {"actions":[{"id":"action54","type":"key","parameters":{},"actions":[{"type":"keyDown","value":""},{"type":"pause","duration":10},{"type":"keyUp","value":""}]}]}
RESULT: {"actions":[{"id":"action54","type":"key","parameters":{},"actions":[{"type":"keyDown","value":""},{"type":"pause","duration":10},{"type":"keyUp","value":""}]}]}
COMMAND: GET /session/eec783fecbf0a41fe1bd0e21c7a60bf8/screenshot - {}
RESULT: {}
COMMAND: POST /session/eec783fecbf0a41fe1bd0e21c7a60bf8/actions - {"actions":[{"id":"action55","type":"key","parameters":{},"actions":[{"type":"keyDown","value":""},{"type":"pause","duration":10},{"type":"keyUp","value":""}]}]}
RESULT: {"actions":[{"id":"action55","type":"key","parameters":{},"actions":[{"type":"keyDown","value":""},{"type":"pause","duration":10},{"type":"keyUp","value":""}]}]}
COMMAND: POST /session/eec783fecbf0a41fe1bd0e21c7a60bf8/element - {"using":"xpath","value":"(//td[7]/div/div/input)[2]"}
COMMAND: GET /session/eec783fecbf0a41fe1bd0e21c7a60bf8/screenshot - {}
RESULT: {"using":"xpath","value":"(//td[7]/div/div/input)[2]"}
COMMAND: POST /session/eec783fecbf0a41fe1bd0e21c7a60bf8/element/f.C6480B129F3E0D11095D72FF7684A092.d.E30A47AD7EC26C8B1335E9F1ED166D95.e.9587/clear - {}
RESULT: {}
RESULT: {}
COMMAND: POST /session/eec783fecbf0a41fe1bd0e21c7a60bf8/element/f.C6480B129F3E0D11095D72FF7684A092.d.E30A47AD7EC26C8B1335E9F1ED166D95.e.9587/value - {"text":"1100001"}
COMMAND: GET /session/eec783fecbf0a41fe1bd0e21c7a60bf8/screenshot - {}
RESULT: {"text":"1100001"}
COMMAND: GET /session/eec783fecbf0a41fe1bd0e21c7a60bf8/screenshot - {}
RESULT: {}
RESULT: {}
COMMAND: POST /session/eec783fecbf0a41fe1bd0e21c7a60bf8/actions - {"actions":[{"id":"action56","type":"key","parameters":{},"actions":[{"type":"keyDown","value":""},{"type":"pause","duration":10},{"type":"keyUp","value":""}]}]}
RESULT: {"actions":[{"id":"action56","type":"key","parameters":{},"actions":[{"type":"keyDown","value":""},{"type":"pause","duration":10},{"type":"keyUp","value":""}]}]}
COMMAND: GET /session/eec783fecbf0a41fe1bd0e21c7a60bf8/screenshot - {}
RESULT: {}
COMMAND: POST /session/eec783fecbf0a41fe1bd0e21c7a60bf8/actions - {"actions":[{"id":"action57","type":"key","parameters":{},"actions":[{"type":"keyDown","value":""},{"type":"pause","duration":10},{"type":"keyUp","value":""}]}]}
RESULT: {"actions":[{"id":"action57","type":"key","parameters":{},"actions":[{"type":"keyDown","value":""},{"type":"pause","duration":10},{"type":"keyUp","value":""}]}]}
COMMAND: GET /session/eec783fecbf0a41fe1bd0e21c7a60bf8/screenshot - {}
RESULT: {}
COMMAND: POST /session/eec783fecbf0a41fe1bd0e21c7a60bf8/element - {"using":"xpath","value":"(//button[@data-kt=\"saveButton\"])[2]"}
RESULT: {"using":"xpath","value":"(//button[@data-kt=\"saveButton\"])[2]"}
COMMAND: POST /session/eec783fecbf0a41fe1bd0e21c7a60bf8/element/f.C6480B129F3E0D11095D72FF7684A092.d.E30A47AD7EC26C8B1335E9F1ED166D95.e.9611/click - {}
RESULT: {}
COMMAND: GET /session/eec783fecbf0a41fe1bd0e21c7a60bf8/screenshot - {}
RESULT: {}
COMMAND: POST /session/eec783fecbf0a41fe1bd0e21c7a60bf8/element - {"using":"xpath","value":"(//span[contains(text(), \"Additional Addresses\")])[1]"}
RESULT: {"using":"xpath","value":"(//span[contains(text(), \"Additional Addresses\")])[1]"}
COMMAND: POST /session/eec783fecbf0a41fe1bd0e21c7a60bf8/element/f.C6480B129F3E0D11095D72FF7684A092.d.E30A47AD7EC26C8B1335E9F1ED166D95.e.9614/click - {}
RESULT: {}
COMMAND: GET /session/eec783fecbf0a41fe1bd0e21c7a60bf8/screenshot - {}
RESULT: {}
COMMAND: POST /session/eec783fecbf0a41fe1bd0e21c7a60bf8/execute/async - {"script":"<script> [1562 bytes]","args":[{"selector":{"controlType":"sap.m.Title","viewName":"etm.portal.ui.managecontracts.view.Detail","properties":{"text":"Contract Items (2)"}},"wdio_ui5_key":"etmportal.ui.managecontracts.view.Detailsap.m.Title{\"text\":\"Contract Items (2)\"}"}]}
RESULT: {"script":"<script> [1562 bytes]","args":[{"selector":{"controlType":"sap.m.Title","viewName":"etm.portal.ui.managecontracts.view.Detail","properties":{"text":"Contract Items (2)"}},"wdio_ui5_key":"etmportal.ui.managecontracts.view.Detailsap.m.Title{\"text\":\"Contract Items (2)\"}"}]}
RESULT: undefined
COMMAND: POST /session/eec783fecbf0a41fe1bd0e21c7a60bf8/execute/async - {"script":"<script> [6424 bytes]","args":[{"element-6066-11e4-a52e-4f735466cecf":"f.C6480B129F3E0D11095D72FF7684A092.d.E30A47AD7EC26C8B1335E9F1ED166D95.e.9618"},"getText",[]]}
RESULT: {"script":"<script> [6424 bytes]","args":[{"element-6066-11e4-a52e-4f735466cecf":"f.C6480B129F3E0D11095D72FF7684A092.d.E30A47AD7EC26C8B1335E9F1ED166D95.e.9618"},"getText",[]]}
COMMAND: POST /session/eec783fecbf0a41fe1bd0e21c7a60bf8/element - {"using":"xpath","value":"(//span[contains(@class ,\"sapMObjStatusText\")])[1]"}
RESULT: {"using":"xpath","value":"(//span[contains(@class ,\"sapMObjStatusText\")])[1]"}
COMMAND: GET /session/eec783fecbf0a41fe1bd0e21c7a60bf8/element/f.C6480B129F3E0D11095D72FF7684A092.d.E30A47AD7EC26C8B1335E9F1ED166D95.e.9619/text - {}
RESULT: {}
COMMAND: POST /session/eec783fecbf0a41fe1bd0e21c7a60bf8/element - {"using":"xpath","value":"(//span[contains(@class ,\"sapMObjStatusText\")])[4]"}
RESULT: {"using":"xpath","value":"(//span[contains(@class ,\"sapMObjStatusText\")])[4]"}
COMMAND: GET /session/eec783fecbf0a41fe1bd0e21c7a60bf8/element/f.C6480B129F3E0D11095D72FF7684A092.d.E30A47AD7EC26C8B1335E9F1ED166D95.e.9620/text - {}
RESULT: {}
COMMAND: POST /session/eec783fecbf0a41fe1bd0e21c7a60bf8/element - {"using":"css selector","value":"#shell-header-logo"}
RESULT: {"using":"css selector","value":"#shell-header-logo"}
COMMAND: POST /session/eec783fecbf0a41fe1bd0e21c7a60bf8/element/f.C6480B129F3E0D11095D72FF7684A092.d.E30A47AD7EC26C8B1335E9F1ED166D95.e.9056/click - {}
RESULT: {}
COMMAND: GET /session/eec783fecbf0a41fe1bd0e21c7a60bf8/screenshot - {}
RESULT: {}
]]></system-out>
    </testcase>
  </testsuite>
  <testsuite timestamp="2025-05-28T18:15:19" time="172.337" tests="2" failures="0" errors="0" skipped="0">
    <properties>
      <property name="specId" value="0"/>
      <property name="suiteName" value="Reduced contract US151275"/>
      <property name="capabilities" value="chrome.136_0_7103_93.windows"/>
      <property name="file" value="file:///D:/a/1/s/test/specs/R2C/reduced-contract-creation.spec.js"/>
    </properties>
    <testcase classname="chrome.136_0_7103_93.windows.Reduced_contract_US151275" name="Should create a new reduced contract" time="120.423">
      <system-out><![CDATA[
RESULT: undefined
COMMAND: POST /session/eec783fecbf0a41fe1bd0e21c7a60bf8/element - {"using":"xpath","value":"//*[@id=\"__tile130\"]"}
RESULT: {"using":"xpath","value":"//*[@id=\"__tile130\"]"}
COMMAND: POST /session/eec783fecbf0a41fe1bd0e21c7a60bf8/element/f.C6480B129F3E0D11095D72FF7684A092.d.E30A47AD7EC26C8B1335E9F1ED166D95.e.8699/click - {}
RESULT: {}
COMMAND: GET /session/eec783fecbf0a41fe1bd0e21c7a60bf8/screenshot - {}
RESULT: {}
COMMAND: POST /session/eec783fecbf0a41fe1bd0e21c7a60bf8/element - {"using":"xpath","value":"//button[@data-kt=\"addButton\"]"}
RESULT: {"using":"xpath","value":"//button[@data-kt=\"addButton\"]"}
COMMAND: POST /session/eec783fecbf0a41fe1bd0e21c7a60bf8/element/f.C6480B129F3E0D11095D72FF7684A092.d.E30A47AD7EC26C8B1335E9F1ED166D95.e.9669/click - {}
RESULT: {}
COMMAND: GET /session/eec783fecbf0a41fe1bd0e21c7a60bf8/screenshot - {}
COMMAND: POST /session/eec783fecbf0a41fe1bd0e21c7a60bf8/elements - {"using":"xpath","value":"//span[text()='Error']"}
RESULT: {}
RESULT: {"using":"xpath","value":"//span[text()='Error']"}
COMMAND: POST /session/eec783fecbf0a41fe1bd0e21c7a60bf8/refresh - {}
RESULT: {}
COMMAND: GET /session/eec783fecbf0a41fe1bd0e21c7a60bf8/screenshot - {}
RESULT: {}
COMMAND: POST /session/eec783fecbf0a41fe1bd0e21c7a60bf8/execute/async - {"script":"<script> [189 bytes]","args":[]}
RESULT: {"script":"<script> [189 bytes]","args":[]}
COMMAND: POST /session/eec783fecbf0a41fe1bd0e21c7a60bf8/execute/async - {"script":"<script> [123 bytes]","args":[]}
RESULT: {"script":"<script> [123 bytes]","args":[]}
COMMAND: POST /session/eec783fecbf0a41fe1bd0e21c7a60bf8/timeouts - {"script":"<number>"}
RESULT: {"script":"<number>"}
COMMAND: GET /session/eec783fecbf0a41fe1bd0e21c7a60bf8/timeouts - {}
RESULT: {}
RESULT: undefined
COMMAND: POST /session/eec783fecbf0a41fe1bd0e21c7a60bf8/execute/async - {"script":"<script> [2676 bytes]","args":[]}
RESULT: {"script":"<script> [2676 bytes]","args":[]}
COMMAND: POST /session/eec783fecbf0a41fe1bd0e21c7a60bf8/execute/async - {"script":"<script> [2342 bytes]","args":[{"protocol":"http","hostname":"0.0.0.0","path":"/","capabilities":{"browserName":"chrome","goog:chromeOptions":{"binary":"C:\\Program Files\\Google\\Chrome\\Application\\chrome.exe","args":["--start-maximized"]}},"logLevel":"warn","connectionRetryTimeout":120000,"connectionRetryCount":3,"logLevels":{},"enableDirectConnect":true,"strictSSL":true,"_":"65 more keys: [\"cacheDir\",\"port\",\"requestedCapabilities\",\"automationProtocol\",\"baseUrl\",\"waitforInterval\",\"waitforTimeout\",\"onReload\",\"beforeCommand\",\"afterCommand\",\"rootDir\",\"specs\",\"suites\",\"exclude\",\"groupLogsByTestSpec\",\"excludeDriverLogs\",\"bail\",\"framework\",\"reporters\",\"services\",\"maxInstances\",\"maxInstancesPerCapability\",\"injectGlobals\",\"filesToWatch\",\"execArgv\",\"runnerEnv\",\"runner\",\"shard\",\"specFileRetries\",\"specFileRetriesDelay\",\"specFileRetriesDeferred\",\"reporterSyncInterval\",\"reporterSyncTimeout\",\"cucumberFeaturesWithLineNumbers\",\"autoCompileOpts\",\"mochaOpts\",\"jasmineOpts\",\"cucumberOpts\",\"onPrepare\",\"onWorkerStart\",\"onWorkerEnd\",\"before\",\"beforeSession\",\"beforeSuite\",\"beforeHook\",\"beforeTest\",\"afterTest\",\"afterHook\",\"afterSuite\",\"afterSession\",\"after\",\"onComplete\",\"beforeAssertion\",\"afterAssertion\",\"beforeFeature\",\"beforeScenario\",\"beforeStep\",\"afterStep\",\"afterScenario\",\"afterFeature\",\"_\",\"suite\",\"$0\",\"ignoredWorkerServices\",\"wdi5\"]"}]}
RESULT: {"script":"<script> [2342 bytes]","args":[{"protocol":"http","hostname":"0.0.0.0","path":"/","capabilities":{"browserName":"chrome","goog:chromeOptions":{"binary":"C:\\Program Files\\Google\\Chrome\\Application\\chrome.exe","args":["--start-maximized"]}},"logLevel":"warn","connectionRetryTimeout":120000,"connectionRetryCount":3,"logLevels":{},"enableDirectConnect":true,"strictSSL":true,"_":"65 more keys: [\"cacheDir\",\"port\",\"requestedCapabilities\",\"automationProtocol\",\"baseUrl\",\"waitforInterval\",\"waitforTimeout\",\"onReload\",\"beforeCommand\",\"afterCommand\",\"rootDir\",\"specs\",\"suites\",\"exclude\",\"groupLogsByTestSpec\",\"excludeDriverLogs\",\"bail\",\"framework\",\"reporters\",\"services\",\"maxInstances\",\"maxInstancesPerCapability\",\"injectGlobals\",\"filesToWatch\",\"execArgv\",\"runnerEnv\",\"runner\",\"shard\",\"specFileRetries\",\"specFileRetriesDelay\",\"specFileRetriesDeferred\",\"reporterSyncInterval\",\"reporterSyncTimeout\",\"cucumberFeaturesWithLineNumbers\",\"autoCompileOpts\",\"mochaOpts\",\"jasmineOpts\",\"cucumberOpts\",\"onPrepare\",\"onWorkerStart\",\"onWorkerEnd\",\"before\",\"beforeSession\",\"beforeSuite\",\"beforeHook\",\"beforeTest\",\"afterTest\",\"afterHook\",\"afterSuite\",\"afterSession\",\"after\",\"onComplete\",\"beforeAssertion\",\"afterAssertion\",\"beforeFeature\",\"beforeScenario\",\"beforeStep\",\"afterStep\",\"afterScenario\",\"afterFeature\",\"_\",\"suite\",\"$0\",\"ignoredWorkerServices\",\"wdi5\"]"}]}
COMMAND: POST /session/eec783fecbf0a41fe1bd0e21c7a60bf8/execute/async - {"script":"<script> [21126 bytes]","args":[35000]}
RESULT: {"script":"<script> [21126 bytes]","args":[35000]}
COMMAND: POST /session/eec783fecbf0a41fe1bd0e21c7a60bf8/execute/async - {"script":"<script> [1562 bytes]","args":[{"selector":{"id":"application-managecontracts-display-component---AddNewContract--contractType","interaction":{"idSuffix":"arrow"}},"wdio_ui5_key":"applicationmanagecontracts-display-component---AddNewContract--contractType"}]}
RESULT: {"script":"<script> [1562 bytes]","args":[{"selector":{"id":"application-managecontracts-display-component---AddNewContract--contractType","interaction":{"idSuffix":"arrow"}},"wdio_ui5_key":"applicationmanagecontracts-display-component---AddNewContract--contractType"}]}
RESULT: undefined
COMMAND: POST /session/eec783fecbf0a41fe1bd0e21c7a60bf8/element - {"using":"xpath","value":"//*[@id=\"application-managecontracts-display-component---AddNewContract--contractType\"]"}
RESULT: {"using":"xpath","value":"//*[@id=\"application-managecontracts-display-component---AddNewContract--contractType\"]"}
COMMAND: POST /session/eec783fecbf0a41fe1bd0e21c7a60bf8/element/f.C6480B129F3E0D11095D72FF7684A092.d.E79B0389664889D6910BA685BC2A1611.e.10238/click - {}
RESULT: {}
COMMAND: GET /session/eec783fecbf0a41fe1bd0e21c7a60bf8/screenshot - {}
RESULT: {}
COMMAND: POST /session/eec783fecbf0a41fe1bd0e21c7a60bf8/execute/async - {"script":"<script> [1562 bytes]","args":[{"selector":{"controlType":"sap.ui.core.Item","viewName":"etm.portal.ui.managecontracts.view.AddNewContract","viewId":"application-managecontracts-display-component---AddNewContract","bindingPath":{"path":"/ContractTypes('02')","propertyPath":"ID","modelName":"catalogModel"},"searchOpenDialogs":true},"wdio_ui5_key":"etmportal.ui.managecontracts.view.AddNewContractsap.ui.core.Item{\"path\":\"/ContractTypes('02')\",\"propertyPath\":\"ID\",\"modelName\":\"catalogModel\"}"}]}
RESULT: {"script":"<script> [1562 bytes]","args":[{"selector":{"controlType":"sap.ui.core.Item","viewName":"etm.portal.ui.managecontracts.view.AddNewContract","viewId":"application-managecontracts-display-component---AddNewContract","bindingPath":{"path":"/ContractTypes('02')","propertyPath":"ID","modelName":"catalogModel"},"searchOpenDialogs":true},"wdio_ui5_key":"etmportal.ui.managecontracts.view.AddNewContractsap.ui.core.Item{\"path\":\"/ContractTypes('02')\",\"propertyPath\":\"ID\",\"modelName\":\"catalogModel\"}"}]}
RESULT: undefined
COMMAND: POST /session/eec783fecbf0a41fe1bd0e21c7a60bf8/element - {"using":"xpath","value":"//*[@id=\"__item47-application-managecontracts-display-component---AddNewContract--contractType-1\"]"}
RESULT: {"using":"xpath","value":"//*[@id=\"__item47-application-managecontracts-display-component---AddNewContract--contractType-1\"]"}
COMMAND: POST /session/eec783fecbf0a41fe1bd0e21c7a60bf8/element/f.C6480B129F3E0D11095D72FF7684A092.d.E79B0389664889D6910BA685BC2A1611.e.10239/click - {}
RESULT: {}
COMMAND: GET /session/eec783fecbf0a41fe1bd0e21c7a60bf8/screenshot - {}
RESULT: {}
COMMAND: POST /session/eec783fecbf0a41fe1bd0e21c7a60bf8/execute/async - {"script":"<script> [1562 bytes]","args":[{"selector":{"id":"application-managecontracts-display-component---AddNewContract--projectDescription","interaction":{"idSuffix":"inner"}},"wdio_ui5_key":"applicationmanagecontracts-display-component---AddNewContract--projectDescription"}]}
RESULT: {"script":"<script> [1562 bytes]","args":[{"selector":{"id":"application-managecontracts-display-component---AddNewContract--projectDescription","interaction":{"idSuffix":"inner"}},"wdio_ui5_key":"applicationmanagecontracts-display-component---AddNewContract--projectDescription"}]}
RESULT: undefined
COMMAND: POST /session/eec783fecbf0a41fe1bd0e21c7a60bf8/execute/async - {"script":"<script> [776 bytes]","args":[{"enterText":"WdIOReducedwv7xh","selector":{"id":"application-managecontracts-display-component---AddNewContract--projectDescription","interaction":{"idSuffix":"inner"}},"clearTextFirst":true,"interactionType":"ENTER_TEXT"}]}
RESULT: {"script":"<script> [776 bytes]","args":[{"enterText":"WdIOReducedwv7xh","selector":{"id":"application-managecontracts-display-component---AddNewContract--projectDescription","interaction":{"idSuffix":"inner"}},"clearTextFirst":true,"interactionType":"ENTER_TEXT"}]}
COMMAND: POST /session/eec783fecbf0a41fe1bd0e21c7a60bf8/element - {"using":"xpath","value":"//input[@id=\"application-managecontracts-display-component---AddNewContract--yardId-inner\"]"}
RESULT: {"using":"xpath","value":"//input[@id=\"application-managecontracts-display-component---AddNewContract--yardId-inner\"]"}
COMMAND: POST /session/eec783fecbf0a41fe1bd0e21c7a60bf8/element/f.C6480B129F3E0D11095D72FF7684A092.d.E79B0389664889D6910BA685BC2A1611.e.10107/clear - {}
RESULT: {}
COMMAND: POST /session/eec783fecbf0a41fe1bd0e21c7a60bf8/element/f.C6480B129F3E0D11095D72FF7684A092.d.E79B0389664889D6910BA685BC2A1611.e.10107/value - {"text":"WebdriverYardbtbkq"}
COMMAND: GET /session/eec783fecbf0a41fe1bd0e21c7a60bf8/screenshot - {}
RESULT: {"text":"WebdriverYardbtbkq"}
COMMAND: GET /session/eec783fecbf0a41fe1bd0e21c7a60bf8/screenshot - {}
RESULT: {}
RESULT: {}
COMMAND: POST /session/eec783fecbf0a41fe1bd0e21c7a60bf8/actions - {"actions":[{"id":"action58","type":"key","parameters":{},"actions":[{"type":"keyDown","value":""},{"type":"pause","duration":10},{"type":"keyUp","value":""}]}]}
RESULT: {"actions":[{"id":"action58","type":"key","parameters":{},"actions":[{"type":"keyDown","value":""},{"type":"pause","duration":10},{"type":"keyUp","value":""}]}]}
COMMAND: GET /session/eec783fecbf0a41fe1bd0e21c7a60bf8/screenshot - {}
RESULT: {}
COMMAND: POST /session/eec783fecbf0a41fe1bd0e21c7a60bf8/element - {"using":"xpath","value":"//input[@id=\"application-managecontracts-display-component---AddNewContract--customerSelect-inner\"]"}
RESULT: {"using":"xpath","value":"//input[@id=\"application-managecontracts-display-component---AddNewContract--customerSelect-inner\"]"}
COMMAND: POST /session/eec783fecbf0a41fe1bd0e21c7a60bf8/element/f.C6480B129F3E0D11095D72FF7684A092.d.E79B0389664889D6910BA685BC2A1611.e.10105/clear - {}
RESULT: {}
COMMAND: POST /session/eec783fecbf0a41fe1bd0e21c7a60bf8/element/f.C6480B129F3E0D11095D72FF7684A092.d.E79B0389664889D6910BA685BC2A1611.e.10105/value - {"text":"WebdriverPartner8kjg2"}
COMMAND: GET /session/eec783fecbf0a41fe1bd0e21c7a60bf8/screenshot - {}
RESULT: {"text":"WebdriverPartner8kjg2"}
COMMAND: GET /session/eec783fecbf0a41fe1bd0e21c7a60bf8/screenshot - {}
RESULT: {}
RESULT: {}
COMMAND: POST /session/eec783fecbf0a41fe1bd0e21c7a60bf8/actions - {"actions":[{"id":"action59","type":"key","parameters":{},"actions":[{"type":"keyDown","value":""},{"type":"pause","duration":10},{"type":"keyUp","value":""}]}]}
RESULT: {"actions":[{"id":"action59","type":"key","parameters":{},"actions":[{"type":"keyDown","value":""},{"type":"pause","duration":10},{"type":"keyUp","value":""}]}]}
COMMAND: GET /session/eec783fecbf0a41fe1bd0e21c7a60bf8/screenshot - {}
RESULT: {}
COMMAND: POST /session/eec783fecbf0a41fe1bd0e21c7a60bf8/execute/async - {"script":"<script> [1562 bytes]","args":[{"selector":{"id":"application-managecontracts-display-component---AddNewContract--calendarInput-arrow"},"wdio_ui5_key":"applicationmanagecontracts-display-component---AddNewContract--calendarInput-arrow"}]}
RESULT: {"script":"<script> [1562 bytes]","args":[{"selector":{"id":"application-managecontracts-display-component---AddNewContract--calendarInput-arrow"},"wdio_ui5_key":"applicationmanagecontracts-display-component---AddNewContract--calendarInput-arrow"}]}
RESULT: undefined
COMMAND: POST /session/eec783fecbf0a41fe1bd0e21c7a60bf8/element - {"using":"xpath","value":"//*[@id=\"application-managecontracts-display-component---AddNewContract--calendarInput-arrow\"]"}
RESULT: {"using":"xpath","value":"//*[@id=\"application-managecontracts-display-component---AddNewContract--calendarInput-arrow\"]"}
COMMAND: POST /session/eec783fecbf0a41fe1bd0e21c7a60bf8/element/f.C6480B129F3E0D11095D72FF7684A092.d.E79B0389664889D6910BA685BC2A1611.e.10243/click - {}
RESULT: {}
COMMAND: GET /session/eec783fecbf0a41fe1bd0e21c7a60bf8/screenshot - {}
RESULT: {}
COMMAND: POST /session/eec783fecbf0a41fe1bd0e21c7a60bf8/execute/async - {"script":"<script> [1562 bytes]","args":[{"selector":{"controlType":"sap.m.StandardListItem","viewName":"etm.portal.ui.managecontracts.view.AddNewContract","viewId":"application-managecontracts-display-component---AddNewContract","properties":{"title":"1 - Calendar unit test patch"},"searchOpenDialogs":true,"interaction":{"idSuffix":"titleText"}},"wdio_ui5_key":"etmportal.ui.managecontracts.view.AddNewContractsap.m.StandardListItem{\"title\":\"1 - Calendar unit test patch\"}"}]}
RESULT: {"script":"<script> [1562 bytes]","args":[{"selector":{"controlType":"sap.m.StandardListItem","viewName":"etm.portal.ui.managecontracts.view.AddNewContract","viewId":"application-managecontracts-display-component---AddNewContract","properties":{"title":"1 - Calendar unit test patch"},"searchOpenDialogs":true,"interaction":{"idSuffix":"titleText"}},"wdio_ui5_key":"etmportal.ui.managecontracts.view.AddNewContractsap.m.StandardListItem{\"title\":\"1 - Calendar unit test patch\"}"}]}
RESULT: undefined
COMMAND: POST /session/eec783fecbf0a41fe1bd0e21c7a60bf8/element - {"using":"xpath","value":"//*[@id=\"__item660\"]"}
RESULT: {"using":"xpath","value":"//*[@id=\"__item660\"]"}
COMMAND: POST /session/eec783fecbf0a41fe1bd0e21c7a60bf8/element/f.C6480B129F3E0D11095D72FF7684A092.d.E79B0389664889D6910BA685BC2A1611.e.10245/click - {}
RESULT: {}
COMMAND: GET /session/eec783fecbf0a41fe1bd0e21c7a60bf8/screenshot - {}
RESULT: {}
COMMAND: POST /session/eec783fecbf0a41fe1bd0e21c7a60bf8/execute/async - {"script":"<script> [1562 bytes]","args":[{"selector":{"id":"application-managecontracts-display-component---AddNewContract--streetInput","interaction":{"idSuffix":"inner"}},"wdio_ui5_key":"applicationmanagecontracts-display-component---AddNewContract--streetInput"}]}
RESULT: {"script":"<script> [1562 bytes]","args":[{"selector":{"id":"application-managecontracts-display-component---AddNewContract--streetInput","interaction":{"idSuffix":"inner"}},"wdio_ui5_key":"applicationmanagecontracts-display-component---AddNewContract--streetInput"}]}
RESULT: undefined
COMMAND: POST /session/eec783fecbf0a41fe1bd0e21c7a60bf8/execute/async - {"script":"<script> [776 bytes]","args":[{"enterText":"StreetWdIO","selector":{"id":"application-managecontracts-display-component---AddNewContract--streetInput","interaction":{"idSuffix":"inner"}},"clearTextFirst":true,"interactionType":"ENTER_TEXT"}]}
RESULT: {"script":"<script> [776 bytes]","args":[{"enterText":"StreetWdIO","selector":{"id":"application-managecontracts-display-component---AddNewContract--streetInput","interaction":{"idSuffix":"inner"}},"clearTextFirst":true,"interactionType":"ENTER_TEXT"}]}
COMMAND: POST /session/eec783fecbf0a41fe1bd0e21c7a60bf8/execute/async - {"script":"<script> [1562 bytes]","args":[{"selector":{"id":"application-managecontracts-display-component---AddNewContract--numberInput","interaction":{"idSuffix":"inner"}},"wdio_ui5_key":"applicationmanagecontracts-display-component---AddNewContract--numberInput"}]}
RESULT: {"script":"<script> [1562 bytes]","args":[{"selector":{"id":"application-managecontracts-display-component---AddNewContract--numberInput","interaction":{"idSuffix":"inner"}},"wdio_ui5_key":"applicationmanagecontracts-display-component---AddNewContract--numberInput"}]}
RESULT: undefined
COMMAND: POST /session/eec783fecbf0a41fe1bd0e21c7a60bf8/execute/async - {"script":"<script> [776 bytes]","args":[{"enterText":"3","selector":{"id":"application-managecontracts-display-component---AddNewContract--numberInput","interaction":{"idSuffix":"inner"}},"clearTextFirst":true,"interactionType":"ENTER_TEXT"}]}
RESULT: {"script":"<script> [776 bytes]","args":[{"enterText":"3","selector":{"id":"application-managecontracts-display-component---AddNewContract--numberInput","interaction":{"idSuffix":"inner"}},"clearTextFirst":true,"interactionType":"ENTER_TEXT"}]}
COMMAND: POST /session/eec783fecbf0a41fe1bd0e21c7a60bf8/execute/async - {"script":"<script> [1562 bytes]","args":[{"selector":{"id":"application-managecontracts-display-component---AddNewContract--cityInput","interaction":{"idSuffix":"inner"}},"wdio_ui5_key":"applicationmanagecontracts-display-component---AddNewContract--cityInput"}]}
RESULT: {"script":"<script> [1562 bytes]","args":[{"selector":{"id":"application-managecontracts-display-component---AddNewContract--cityInput","interaction":{"idSuffix":"inner"}},"wdio_ui5_key":"applicationmanagecontracts-display-component---AddNewContract--cityInput"}]}
RESULT: undefined
COMMAND: POST /session/eec783fecbf0a41fe1bd0e21c7a60bf8/execute/async - {"script":"<script> [776 bytes]","args":[{"enterText":"Bucharest","selector":{"id":"application-managecontracts-display-component---AddNewContract--cityInput","interaction":{"idSuffix":"inner"}},"clearTextFirst":true,"interactionType":"ENTER_TEXT"}]}
RESULT: {"script":"<script> [776 bytes]","args":[{"enterText":"Bucharest","selector":{"id":"application-managecontracts-display-component---AddNewContract--cityInput","interaction":{"idSuffix":"inner"}},"clearTextFirst":true,"interactionType":"ENTER_TEXT"}]}
COMMAND: POST /session/eec783fecbf0a41fe1bd0e21c7a60bf8/execute/async - {"script":"<script> [1562 bytes]","args":[{"selector":{"id":"application-managecontracts-display-component---AddNewContract--zipInput","interaction":{"idSuffix":"inner"}},"wdio_ui5_key":"applicationmanagecontracts-display-component---AddNewContract--zipInput"}]}
RESULT: {"script":"<script> [1562 bytes]","args":[{"selector":{"id":"application-managecontracts-display-component---AddNewContract--zipInput","interaction":{"idSuffix":"inner"}},"wdio_ui5_key":"applicationmanagecontracts-display-component---AddNewContract--zipInput"}]}
RESULT: undefined
COMMAND: POST /session/eec783fecbf0a41fe1bd0e21c7a60bf8/execute/async - {"script":"<script> [776 bytes]","args":[{"enterText":"021210","selector":{"id":"application-managecontracts-display-component---AddNewContract--zipInput","interaction":{"idSuffix":"inner"}},"clearTextFirst":true,"interactionType":"ENTER_TEXT"}]}
RESULT: {"script":"<script> [776 bytes]","args":[{"enterText":"021210","selector":{"id":"application-managecontracts-display-component---AddNewContract--zipInput","interaction":{"idSuffix":"inner"}},"clearTextFirst":true,"interactionType":"ENTER_TEXT"}]}
COMMAND: POST /session/eec783fecbf0a41fe1bd0e21c7a60bf8/element - {"using":"xpath","value":"//bdi[contains(@id ,\"application-managecontracts-display-component---AddNewContract--saveBtn-BDI-content\")]"}
RESULT: {"using":"xpath","value":"//bdi[contains(@id ,\"application-managecontracts-display-component---AddNewContract--saveBtn-BDI-content\")]"}
COMMAND: POST /session/eec783fecbf0a41fe1bd0e21c7a60bf8/element/f.C6480B129F3E0D11095D72FF7684A092.d.E79B0389664889D6910BA685BC2A1611.e.10250/click - {}
RESULT: {}
COMMAND: GET /session/eec783fecbf0a41fe1bd0e21c7a60bf8/screenshot - {}
RESULT: {}
COMMAND: POST /session/eec783fecbf0a41fe1bd0e21c7a60bf8/element - {"using":"xpath","value":"//button[contains(@data-kt ,\"contractDetailEditBtnButton\")]"}
RESULT: {"using":"xpath","value":"//button[contains(@data-kt ,\"contractDetailEditBtnButton\")]"}
COMMAND: POST /session/eec783fecbf0a41fe1bd0e21c7a60bf8/execute/sync - {"script":"<script> [8489 bytes]","args":[{"element-6066-11e4-a52e-4f735466cecf":"f.C6480B129F3E0D11095D72FF7684A092.d.E79B0389664889D6910BA685BC2A1611.e.10268","ELEMENT":"f.C6480B129F3E0D11095D72FF7684A092.d.E79B0389664889D6910BA685BC2A1611.e.10268"}]}
RESULT: {"script":"<script> [8489 bytes]","args":[{"element-6066-11e4-a52e-4f735466cecf":"f.C6480B129F3E0D11095D72FF7684A092.d.E79B0389664889D6910BA685BC2A1611.e.10268","ELEMENT":"f.C6480B129F3E0D11095D72FF7684A092.d.E79B0389664889D6910BA685BC2A1611.e.10268"}]}
COMMAND: POST /session/eec783fecbf0a41fe1bd0e21c7a60bf8/execute/sync - {"script":"<script> [8489 bytes]","args":[{"element-6066-11e4-a52e-4f735466cecf":"f.C6480B129F3E0D11095D72FF7684A092.d.E79B0389664889D6910BA685BC2A1611.e.10268","ELEMENT":"f.C6480B129F3E0D11095D72FF7684A092.d.E79B0389664889D6910BA685BC2A1611.e.10268"}]}
COMMAND: GET /session/eec783fecbf0a41fe1bd0e21c7a60bf8/screenshot - {}
RESULT: {"script":"<script> [8489 bytes]","args":[{"element-6066-11e4-a52e-4f735466cecf":"f.C6480B129F3E0D11095D72FF7684A092.d.E79B0389664889D6910BA685BC2A1611.e.10268","ELEMENT":"f.C6480B129F3E0D11095D72FF7684A092.d.E79B0389664889D6910BA685BC2A1611.e.10268"}]}
COMMAND: POST /session/eec783fecbf0a41fe1bd0e21c7a60bf8/execute/sync - {"script":"<script> [5351 bytes]","args":[{"element-6066-11e4-a52e-4f735466cecf":"f.C6480B129F3E0D11095D72FF7684A092.d.E79B0389664889D6910BA685BC2A1611.e.10268","ELEMENT":"f.C6480B129F3E0D11095D72FF7684A092.d.E79B0389664889D6910BA685BC2A1611.e.10268"}]}
COMMAND: GET /session/eec783fecbf0a41fe1bd0e21c7a60bf8/screenshot - {}
RESULT: {}
RESULT: {"script":"<script> [5351 bytes]","args":[{"element-6066-11e4-a52e-4f735466cecf":"f.C6480B129F3E0D11095D72FF7684A092.d.E79B0389664889D6910BA685BC2A1611.e.10268","ELEMENT":"f.C6480B129F3E0D11095D72FF7684A092.d.E79B0389664889D6910BA685BC2A1611.e.10268"}]}
COMMAND: POST /session/eec783fecbf0a41fe1bd0e21c7a60bf8/execute/async - {"script":"<script> [1562 bytes]","args":[{"selector":{"controlType":"sap.m.Text","viewName":"etm.portal.ui.managecontracts.view.Detail","bindingPath":{"propertyPath":"LINK_TO_C_CONTRACT_TYPES/DESCRIPTION","modelName":"catalogModel"}},"wdio_ui5_key":"etmportal.ui.managecontracts.view.Detailsap.m.Text{\"propertyPath\":\"LINK_TO_C_CONTRACT_TYPES/DESCRIPTION\",\"modelName\":\"catalogModel\"}"}]}
COMMAND: GET /session/eec783fecbf0a41fe1bd0e21c7a60bf8/screenshot - {}
RESULT: {}
RESULT: {"script":"<script> [1562 bytes]","args":[{"selector":{"controlType":"sap.m.Text","viewName":"etm.portal.ui.managecontracts.view.Detail","bindingPath":{"propertyPath":"LINK_TO_C_CONTRACT_TYPES/DESCRIPTION","modelName":"catalogModel"}},"wdio_ui5_key":"etmportal.ui.managecontracts.view.Detailsap.m.Text{\"propertyPath\":\"LINK_TO_C_CONTRACT_TYPES/DESCRIPTION\",\"modelName\":\"catalogModel\"}"}]}
RESULT: undefined
COMMAND: POST /session/eec783fecbf0a41fe1bd0e21c7a60bf8/execute/async - {"script":"<script> [6424 bytes]","args":[{"element-6066-11e4-a52e-4f735466cecf":"f.C6480B129F3E0D11095D72FF7684A092.d.E79B0389664889D6910BA685BC2A1611.e.10271"},"getText",[]]}
RESULT: {}
RESULT: {"script":"<script> [6424 bytes]","args":[{"element-6066-11e4-a52e-4f735466cecf":"f.C6480B129F3E0D11095D72FF7684A092.d.E79B0389664889D6910BA685BC2A1611.e.10271"},"getText",[]]}
COMMAND: POST /session/eec783fecbf0a41fe1bd0e21c7a60bf8/element/f.C6480B129F3E0D11095D72FF7684A092.d.E79B0389664889D6910BA685BC2A1611.e.10268/click - {}
RESULT: {}
COMMAND: GET /session/eec783fecbf0a41fe1bd0e21c7a60bf8/screenshot - {}
RESULT: {}
]]></system-out>
    </testcase>
    <testcase classname="chrome.136_0_7103_93.windows.Reduced_contract_US151275" name="Should add a RU to the contract" time="47.007">
      <system-out><![CDATA[
COMMAND: POST /session/eec783fecbf0a41fe1bd0e21c7a60bf8/element - {"using":"xpath","value":"(//span[contains(text(), \"Header Billing Items\")])[2]"}
RESULT: {"using":"xpath","value":"(//span[contains(text(), \"Header Billing Items\")])[2]"}
COMMAND: POST /session/eec783fecbf0a41fe1bd0e21c7a60bf8/element/f.C6480B129F3E0D11095D72FF7684A092.d.E79B0389664889D6910BA685BC2A1611.e.10315/click - {}
RESULT: {}
COMMAND: GET /session/eec783fecbf0a41fe1bd0e21c7a60bf8/screenshot - {}
RESULT: {}
COMMAND: POST /session/eec783fecbf0a41fe1bd0e21c7a60bf8/element - {"using":"xpath","value":"//button[@data-kt=\"btnAddTableRowOverflowToolbarButton\"]"}
RESULT: {"using":"xpath","value":"//button[@data-kt=\"btnAddTableRowOverflowToolbarButton\"]"}
COMMAND: POST /session/eec783fecbf0a41fe1bd0e21c7a60bf8/element/f.C6480B129F3E0D11095D72FF7684A092.d.E79B0389664889D6910BA685BC2A1611.e.10318/click - {}
RESULT: {}
COMMAND: GET /session/eec783fecbf0a41fe1bd0e21c7a60bf8/screenshot - {}
RESULT: {}
COMMAND: POST /session/eec783fecbf0a41fe1bd0e21c7a60bf8/element - {"using":"xpath","value":"//div[(text() = 'Standard Entry' or . = 'Standard Entry')]"}
RESULT: {"using":"xpath","value":"//div[(text() = 'Standard Entry' or . = 'Standard Entry')]"}
COMMAND: POST /session/eec783fecbf0a41fe1bd0e21c7a60bf8/element/f.C6480B129F3E0D11095D72FF7684A092.d.E79B0389664889D6910BA685BC2A1611.e.10320/click - {}
RESULT: {}
COMMAND: POST /session/eec783fecbf0a41fe1bd0e21c7a60bf8/element - {"using":"xpath","value":"//td[6]/div/div/input[1]"}
COMMAND: GET /session/eec783fecbf0a41fe1bd0e21c7a60bf8/screenshot - {}
RESULT: {"using":"xpath","value":"//td[6]/div/div/input[1]"}
COMMAND: POST /session/eec783fecbf0a41fe1bd0e21c7a60bf8/element/f.C6480B129F3E0D11095D72FF7684A092.d.E79B0389664889D6910BA685BC2A1611.e.10322/click - {}
RESULT: {}
RESULT: {}
COMMAND: POST /session/eec783fecbf0a41fe1bd0e21c7a60bf8/actions - {"actions":[{"id":"action60","type":"key","parameters":{},"actions":[{"type":"keyDown","value":""},{"type":"pause","duration":10},{"type":"keyUp","value":""}]}]}
COMMAND: GET /session/eec783fecbf0a41fe1bd0e21c7a60bf8/screenshot - {}
RESULT: {"actions":[{"id":"action60","type":"key","parameters":{},"actions":[{"type":"keyDown","value":""},{"type":"pause","duration":10},{"type":"keyUp","value":""}]}]}
COMMAND: POST /session/eec783fecbf0a41fe1bd0e21c7a60bf8/element - {"using":"xpath","value":"//td[6]/div/div/input[1]"}
COMMAND: GET /session/eec783fecbf0a41fe1bd0e21c7a60bf8/screenshot - {}
RESULT: {}
RESULT: {"using":"xpath","value":"//td[6]/div/div/input[1]"}
COMMAND: POST /session/eec783fecbf0a41fe1bd0e21c7a60bf8/element/f.C6480B129F3E0D11095D72FF7684A092.d.E79B0389664889D6910BA685BC2A1611.e.10322/clear - {}
RESULT: {}
RESULT: {}
COMMAND: POST /session/eec783fecbf0a41fe1bd0e21c7a60bf8/element/f.C6480B129F3E0D11095D72FF7684A092.d.E79B0389664889D6910BA685BC2A1611.e.10322/value - {"text":"Material"}
COMMAND: GET /session/eec783fecbf0a41fe1bd0e21c7a60bf8/screenshot - {}
RESULT: {"text":"Material"}
COMMAND: GET /session/eec783fecbf0a41fe1bd0e21c7a60bf8/screenshot - {}
RESULT: {}
RESULT: {}
COMMAND: POST /session/eec783fecbf0a41fe1bd0e21c7a60bf8/actions - {"actions":[{"id":"action61","type":"key","parameters":{},"actions":[{"type":"keyDown","value":""},{"type":"pause","duration":10},{"type":"keyUp","value":""}]}]}
RESULT: {"actions":[{"id":"action61","type":"key","parameters":{},"actions":[{"type":"keyDown","value":""},{"type":"pause","duration":10},{"type":"keyUp","value":""}]}]}
COMMAND: GET /session/eec783fecbf0a41fe1bd0e21c7a60bf8/screenshot - {}
COMMAND: POST /session/eec783fecbf0a41fe1bd0e21c7a60bf8/actions - {"actions":[{"id":"action62","type":"key","parameters":{},"actions":[{"type":"keyDown","value":""},{"type":"pause","duration":10},{"type":"keyUp","value":""}]}]}
RESULT: {}
RESULT: {"actions":[{"id":"action62","type":"key","parameters":{},"actions":[{"type":"keyDown","value":""},{"type":"pause","duration":10},{"type":"keyUp","value":""}]}]}
COMMAND: POST /session/eec783fecbf0a41fe1bd0e21c7a60bf8/element - {"using":"xpath","value":"//td[7]/div/div/input"}
COMMAND: GET /session/eec783fecbf0a41fe1bd0e21c7a60bf8/screenshot - {}
RESULT: {"using":"xpath","value":"//td[7]/div/div/input"}
COMMAND: POST /session/eec783fecbf0a41fe1bd0e21c7a60bf8/element/f.C6480B129F3E0D11095D72FF7684A092.d.E79B0389664889D6910BA685BC2A1611.e.10335/clear - {}
RESULT: {}
RESULT: {}
COMMAND: POST /session/eec783fecbf0a41fe1bd0e21c7a60bf8/element/f.C6480B129F3E0D11095D72FF7684A092.d.E79B0389664889D6910BA685BC2A1611.e.10335/value - {"text":"WebdriverRUR2C"}
COMMAND: GET /session/eec783fecbf0a41fe1bd0e21c7a60bf8/screenshot - {}
RESULT: {"text":"WebdriverRUR2C"}
COMMAND: GET /session/eec783fecbf0a41fe1bd0e21c7a60bf8/screenshot - {}
RESULT: {}
RESULT: {}
COMMAND: POST /session/eec783fecbf0a41fe1bd0e21c7a60bf8/actions - {"actions":[{"id":"action63","type":"key","parameters":{},"actions":[{"type":"keyDown","value":""},{"type":"pause","duration":10},{"type":"keyUp","value":""}]}]}
RESULT: {"actions":[{"id":"action63","type":"key","parameters":{},"actions":[{"type":"keyDown","value":""},{"type":"pause","duration":10},{"type":"keyUp","value":""}]}]}
COMMAND: GET /session/eec783fecbf0a41fe1bd0e21c7a60bf8/screenshot - {}
RESULT: {}
COMMAND: POST /session/eec783fecbf0a41fe1bd0e21c7a60bf8/actions - {"actions":[{"id":"action64","type":"key","parameters":{},"actions":[{"type":"keyDown","value":""},{"type":"pause","duration":10},{"type":"keyUp","value":""}]}]}
RESULT: {"actions":[{"id":"action64","type":"key","parameters":{},"actions":[{"type":"keyDown","value":""},{"type":"pause","duration":10},{"type":"keyUp","value":""}]}]}
COMMAND: GET /session/eec783fecbf0a41fe1bd0e21c7a60bf8/screenshot - {}
RESULT: {}
COMMAND: POST /session/eec783fecbf0a41fe1bd0e21c7a60bf8/element - {"using":"xpath","value":"(//button[@data-kt=\"saveButton\"])[2]"}
RESULT: {"using":"xpath","value":"(//button[@data-kt=\"saveButton\"])[2]"}
COMMAND: POST /session/eec783fecbf0a41fe1bd0e21c7a60bf8/element/f.C6480B129F3E0D11095D72FF7684A092.d.E79B0389664889D6910BA685BC2A1611.e.10360/click - {}
RESULT: {}
COMMAND: GET /session/eec783fecbf0a41fe1bd0e21c7a60bf8/screenshot - {}
RESULT: {}
COMMAND: POST /session/eec783fecbf0a41fe1bd0e21c7a60bf8/element - {"using":"xpath","value":"//button[contains(@data-kt ,\"contractDetailEditBtnButton\")]"}
RESULT: {"using":"xpath","value":"//button[contains(@data-kt ,\"contractDetailEditBtnButton\")]"}
COMMAND: POST /session/eec783fecbf0a41fe1bd0e21c7a60bf8/execute/sync - {"script":"<script> [8489 bytes]","args":[{"element-6066-11e4-a52e-4f735466cecf":"f.C6480B129F3E0D11095D72FF7684A092.d.E79B0389664889D6910BA685BC2A1611.e.10268","ELEMENT":"f.C6480B129F3E0D11095D72FF7684A092.d.E79B0389664889D6910BA685BC2A1611.e.10268"}]}
RESULT: {"script":"<script> [8489 bytes]","args":[{"element-6066-11e4-a52e-4f735466cecf":"f.C6480B129F3E0D11095D72FF7684A092.d.E79B0389664889D6910BA685BC2A1611.e.10268","ELEMENT":"f.C6480B129F3E0D11095D72FF7684A092.d.E79B0389664889D6910BA685BC2A1611.e.10268"}]}
COMMAND: POST /session/eec783fecbf0a41fe1bd0e21c7a60bf8/execute/sync - {"script":"<script> [8489 bytes]","args":[{"element-6066-11e4-a52e-4f735466cecf":"f.C6480B129F3E0D11095D72FF7684A092.d.E79B0389664889D6910BA685BC2A1611.e.10268","ELEMENT":"f.C6480B129F3E0D11095D72FF7684A092.d.E79B0389664889D6910BA685BC2A1611.e.10268"}]}
COMMAND: GET /session/eec783fecbf0a41fe1bd0e21c7a60bf8/screenshot - {}
RESULT: {"script":"<script> [8489 bytes]","args":[{"element-6066-11e4-a52e-4f735466cecf":"f.C6480B129F3E0D11095D72FF7684A092.d.E79B0389664889D6910BA685BC2A1611.e.10268","ELEMENT":"f.C6480B129F3E0D11095D72FF7684A092.d.E79B0389664889D6910BA685BC2A1611.e.10268"}]}
COMMAND: POST /session/eec783fecbf0a41fe1bd0e21c7a60bf8/execute/sync - {"script":"<script> [5351 bytes]","args":[{"element-6066-11e4-a52e-4f735466cecf":"f.C6480B129F3E0D11095D72FF7684A092.d.E79B0389664889D6910BA685BC2A1611.e.10268","ELEMENT":"f.C6480B129F3E0D11095D72FF7684A092.d.E79B0389664889D6910BA685BC2A1611.e.10268"}]}
COMMAND: GET /session/eec783fecbf0a41fe1bd0e21c7a60bf8/screenshot - {}
RESULT: {}
RESULT: {"script":"<script> [5351 bytes]","args":[{"element-6066-11e4-a52e-4f735466cecf":"f.C6480B129F3E0D11095D72FF7684A092.d.E79B0389664889D6910BA685BC2A1611.e.10268","ELEMENT":"f.C6480B129F3E0D11095D72FF7684A092.d.E79B0389664889D6910BA685BC2A1611.e.10268"}]}
COMMAND: POST /session/eec783fecbf0a41fe1bd0e21c7a60bf8/element - {"using":"xpath","value":"(//span[contains(text(), \"Header Billing Items\")])[1]"}
COMMAND: GET /session/eec783fecbf0a41fe1bd0e21c7a60bf8/screenshot - {}
RESULT: {}
RESULT: {"using":"xpath","value":"(//span[contains(text(), \"Header Billing Items\")])[1]"}
COMMAND: POST /session/eec783fecbf0a41fe1bd0e21c7a60bf8/element/f.C6480B129F3E0D11095D72FF7684A092.d.E79B0389664889D6910BA685BC2A1611.e.10363/click - {}
RESULT: {}
RESULT: {}
COMMAND: GET /session/eec783fecbf0a41fe1bd0e21c7a60bf8/screenshot - {}
RESULT: {}
COMMAND: POST /session/eec783fecbf0a41fe1bd0e21c7a60bf8/execute/async - {"script":"<script> [1562 bytes]","args":[{"selector":{"controlType":"sap.m.Title","viewName":"etm.portal.ui.managecontracts.view.Detail","properties":{"text":"Contract Items (1)"}},"wdio_ui5_key":"etmportal.ui.managecontracts.view.Detailsap.m.Title{\"text\":\"Contract Items (1)\"}"}]}
RESULT: {"script":"<script> [1562 bytes]","args":[{"selector":{"controlType":"sap.m.Title","viewName":"etm.portal.ui.managecontracts.view.Detail","properties":{"text":"Contract Items (1)"}},"wdio_ui5_key":"etmportal.ui.managecontracts.view.Detailsap.m.Title{\"text\":\"Contract Items (1)\"}"}]}
RESULT: undefined
COMMAND: POST /session/eec783fecbf0a41fe1bd0e21c7a60bf8/execute/async - {"script":"<script> [6424 bytes]","args":[{"element-6066-11e4-a52e-4f735466cecf":"f.C6480B129F3E0D11095D72FF7684A092.d.E79B0389664889D6910BA685BC2A1611.e.10365"},"getText",[]]}
RESULT: {"script":"<script> [6424 bytes]","args":[{"element-6066-11e4-a52e-4f735466cecf":"f.C6480B129F3E0D11095D72FF7684A092.d.E79B0389664889D6910BA685BC2A1611.e.10365"},"getText",[]]}
COMMAND: POST /session/eec783fecbf0a41fe1bd0e21c7a60bf8/element - {"using":"xpath","value":"(//span[contains(@class ,\"sapMObjStatusText\")])[1]"}
RESULT: {"using":"xpath","value":"(//span[contains(@class ,\"sapMObjStatusText\")])[1]"}
COMMAND: GET /session/eec783fecbf0a41fe1bd0e21c7a60bf8/element/f.C6480B129F3E0D11095D72FF7684A092.d.E79B0389664889D6910BA685BC2A1611.e.10366/text - {}
RESULT: {}
COMMAND: POST /session/eec783fecbf0a41fe1bd0e21c7a60bf8/refresh - {}
RESULT: {}
COMMAND: GET /session/eec783fecbf0a41fe1bd0e21c7a60bf8/screenshot - {}
RESULT: {}
COMMAND: POST /session/eec783fecbf0a41fe1bd0e21c7a60bf8/execute/async - {"script":"<script> [189 bytes]","args":[]}
RESULT: {"script":"<script> [189 bytes]","args":[]}
COMMAND: POST /session/eec783fecbf0a41fe1bd0e21c7a60bf8/execute/async - {"script":"<script> [123 bytes]","args":[]}
RESULT: {"script":"<script> [123 bytes]","args":[]}
COMMAND: POST /session/eec783fecbf0a41fe1bd0e21c7a60bf8/timeouts - {"script":"<number>"}
RESULT: {"script":"<number>"}
COMMAND: GET /session/eec783fecbf0a41fe1bd0e21c7a60bf8/timeouts - {}
RESULT: {}
RESULT: undefined
COMMAND: POST /session/eec783fecbf0a41fe1bd0e21c7a60bf8/execute/async - {"script":"<script> [2676 bytes]","args":[]}
RESULT: {"script":"<script> [2676 bytes]","args":[]}
COMMAND: POST /session/eec783fecbf0a41fe1bd0e21c7a60bf8/execute/async - {"script":"<script> [2342 bytes]","args":[{"protocol":"http","hostname":"0.0.0.0","path":"/","capabilities":{"browserName":"chrome","goog:chromeOptions":{"binary":"C:\\Program Files\\Google\\Chrome\\Application\\chrome.exe","args":["--start-maximized"]}},"logLevel":"warn","connectionRetryTimeout":120000,"connectionRetryCount":3,"logLevels":{},"enableDirectConnect":true,"strictSSL":true,"_":"65 more keys: [\"cacheDir\",\"port\",\"requestedCapabilities\",\"automationProtocol\",\"baseUrl\",\"waitforInterval\",\"waitforTimeout\",\"onReload\",\"beforeCommand\",\"afterCommand\",\"rootDir\",\"specs\",\"suites\",\"exclude\",\"groupLogsByTestSpec\",\"excludeDriverLogs\",\"bail\",\"framework\",\"reporters\",\"services\",\"maxInstances\",\"maxInstancesPerCapability\",\"injectGlobals\",\"filesToWatch\",\"execArgv\",\"runnerEnv\",\"runner\",\"shard\",\"specFileRetries\",\"specFileRetriesDelay\",\"specFileRetriesDeferred\",\"reporterSyncInterval\",\"reporterSyncTimeout\",\"cucumberFeaturesWithLineNumbers\",\"autoCompileOpts\",\"mochaOpts\",\"jasmineOpts\",\"cucumberOpts\",\"onPrepare\",\"onWorkerStart\",\"onWorkerEnd\",\"before\",\"beforeSession\",\"beforeSuite\",\"beforeHook\",\"beforeTest\",\"afterTest\",\"afterHook\",\"afterSuite\",\"afterSession\",\"after\",\"onComplete\",\"beforeAssertion\",\"afterAssertion\",\"beforeFeature\",\"beforeScenario\",\"beforeStep\",\"afterStep\",\"afterScenario\",\"afterFeature\",\"_\",\"suite\",\"$0\",\"ignoredWorkerServices\",\"wdi5\"]"}]}
RESULT: {"script":"<script> [2342 bytes]","args":[{"protocol":"http","hostname":"0.0.0.0","path":"/","capabilities":{"browserName":"chrome","goog:chromeOptions":{"binary":"C:\\Program Files\\Google\\Chrome\\Application\\chrome.exe","args":["--start-maximized"]}},"logLevel":"warn","connectionRetryTimeout":120000,"connectionRetryCount":3,"logLevels":{},"enableDirectConnect":true,"strictSSL":true,"_":"65 more keys: [\"cacheDir\",\"port\",\"requestedCapabilities\",\"automationProtocol\",\"baseUrl\",\"waitforInterval\",\"waitforTimeout\",\"onReload\",\"beforeCommand\",\"afterCommand\",\"rootDir\",\"specs\",\"suites\",\"exclude\",\"groupLogsByTestSpec\",\"excludeDriverLogs\",\"bail\",\"framework\",\"reporters\",\"services\",\"maxInstances\",\"maxInstancesPerCapability\",\"injectGlobals\",\"filesToWatch\",\"execArgv\",\"runnerEnv\",\"runner\",\"shard\",\"specFileRetries\",\"specFileRetriesDelay\",\"specFileRetriesDeferred\",\"reporterSyncInterval\",\"reporterSyncTimeout\",\"cucumberFeaturesWithLineNumbers\",\"autoCompileOpts\",\"mochaOpts\",\"jasmineOpts\",\"cucumberOpts\",\"onPrepare\",\"onWorkerStart\",\"onWorkerEnd\",\"before\",\"beforeSession\",\"beforeSuite\",\"beforeHook\",\"beforeTest\",\"afterTest\",\"afterHook\",\"afterSuite\",\"afterSession\",\"after\",\"onComplete\",\"beforeAssertion\",\"afterAssertion\",\"beforeFeature\",\"beforeScenario\",\"beforeStep\",\"afterStep\",\"afterScenario\",\"afterFeature\",\"_\",\"suite\",\"$0\",\"ignoredWorkerServices\",\"wdi5\"]"}]}
COMMAND: POST /session/eec783fecbf0a41fe1bd0e21c7a60bf8/execute/async - {"script":"<script> [21126 bytes]","args":[35000]}
RESULT: {"script":"<script> [21126 bytes]","args":[35000]}
COMMAND: POST /session/eec783fecbf0a41fe1bd0e21c7a60bf8/element - {"using":"css selector","value":"#shell-header-logo"}
RESULT: {"using":"css selector","value":"#shell-header-logo"}
COMMAND: POST /session/eec783fecbf0a41fe1bd0e21c7a60bf8/element/f.C6480B129F3E0D11095D72FF7684A092.d.D714A5CF1CEA96872D8C36A80EB22952.e.10371/click - {}
RESULT: {}
COMMAND: GET /session/eec783fecbf0a41fe1bd0e21c7a60bf8/screenshot - {}
RESULT: {}
]]></system-out>
    </testcase>
  </testsuite>
  <testsuite timestamp="2025-05-28T18:18:12" time="1311.05" tests="7" failures="0" errors="0" skipped="0">
    <properties>
      <property name="specId" value="0"/>
      <property name="suiteName" value="E2E - Logistical and commercial statuses"/>
      <property name="capabilities" value="chrome.136_0_7103_93.windows"/>
      <property name="file" value="file:///D:/a/1/s/test/specs/R2C/E2E-Logistical-and-commercial-status.spec.js"/>
    </properties>
    <testcase classname="chrome.136_0_7103_93.windows.E2E_-_Logistical_and_commercial_statuses" name="Should create prerequisites yard partner and site" time="291.884">
      <system-out><![CDATA[
COMMAND: POST /session/eec783fecbf0a41fe1bd0e21c7a60bf8/execute/async - {"script":"<script> [1562 bytes]","args":[{"selector":{"controlType":"sap.m.GenericTile","properties":{"header":"Manage Yards"}},"wdio_ui5_key":"sapm.GenericTile{\"header\":\"Manage Yards\"}"}]}
RESULT: {"script":"<script> [1562 bytes]","args":[{"selector":{"controlType":"sap.m.GenericTile","properties":{"header":"Manage Yards"}},"wdio_ui5_key":"sapm.GenericTile{\"header\":\"Manage Yards\"}"}]}
RESULT: undefined
COMMAND: POST /session/eec783fecbf0a41fe1bd0e21c7a60bf8/element - {"using":"xpath","value":"//*[@id=\"__tile41\"]"}
RESULT: {"using":"xpath","value":"//*[@id=\"__tile41\"]"}
COMMAND: POST /session/eec783fecbf0a41fe1bd0e21c7a60bf8/element/f.C6480B129F3E0D11095D72FF7684A092.d.D714A5CF1CEA96872D8C36A80EB22952.e.10573/click - {}
RESULT: {}
COMMAND: GET /session/eec783fecbf0a41fe1bd0e21c7a60bf8/screenshot - {}
RESULT: {}
COMMAND: POST /session/eec783fecbf0a41fe1bd0e21c7a60bf8/elements - {"using":"xpath","value":"//span[text()='Error']"}
RESULT: {"using":"xpath","value":"//span[text()='Error']"}
COMMAND: POST /session/eec783fecbf0a41fe1bd0e21c7a60bf8/execute/async - {"script":"<script> [1562 bytes]","args":[{"selector":{"controlType":"sap.ui.core.Icon","viewName":"etm.portal.ui.manageyards.view.Master","viewId":"application-manageyards-display-component---masterYard","properties":{"src":{"regex":{"source":"add"}}}},"wdio_ui5_key":"etmportal.ui.manageyards.view.Mastersap.ui.core.Icon{\"src\":{\"regex\":{\"source\":\"add\"}}}"}]}
RESULT: {"script":"<script> [1562 bytes]","args":[{"selector":{"controlType":"sap.ui.core.Icon","viewName":"etm.portal.ui.manageyards.view.Master","viewId":"application-manageyards-display-component---masterYard","properties":{"src":{"regex":{"source":"add"}}}},"wdio_ui5_key":"etmportal.ui.manageyards.view.Mastersap.ui.core.Icon{\"src\":{\"regex\":{\"source\":\"add\"}}}"}]}
RESULT: undefined
COMMAND: POST /session/eec783fecbf0a41fe1bd0e21c7a60bf8/element - {"using":"xpath","value":"//*[@id=\"__button14-img\"]"}
RESULT: {"using":"xpath","value":"//*[@id=\"__button14-img\"]"}
COMMAND: POST /session/eec783fecbf0a41fe1bd0e21c7a60bf8/element/f.C6480B129F3E0D11095D72FF7684A092.d.D714A5CF1CEA96872D8C36A80EB22952.e.10616/click - {}
RESULT: {}
COMMAND: GET /session/eec783fecbf0a41fe1bd0e21c7a60bf8/screenshot - {}
RESULT: {}
COMMAND: POST /session/eec783fecbf0a41fe1bd0e21c7a60bf8/execute/async - {"script":"<script> [1562 bytes]","args":[{"selector":{"id":"application-manageyards-display-component---NewYard--yardId","interaction":{"idSuffix":"inner"}},"wdio_ui5_key":"applicationmanageyards-display-component---NewYard--yardId"}]}
RESULT: {"script":"<script> [1562 bytes]","args":[{"selector":{"id":"application-manageyards-display-component---NewYard--yardId","interaction":{"idSuffix":"inner"}},"wdio_ui5_key":"applicationmanageyards-display-component---NewYard--yardId"}]}
RESULT: undefined
COMMAND: POST /session/eec783fecbf0a41fe1bd0e21c7a60bf8/element - {"using":"xpath","value":"//*[@id=\"application-manageyards-display-component---NewYard--addressDetailDetailsName1-inner\"]"}
RESULT: {"using":"xpath","value":"//*[@id=\"application-manageyards-display-component---NewYard--addressDetailDetailsName1-inner\"]"}
COMMAND: POST /session/eec783fecbf0a41fe1bd0e21c7a60bf8/element/f.C6480B129F3E0D11095D72FF7684A092.d.D714A5CF1CEA96872D8C36A80EB22952.e.10983/clear - {}
RESULT: {}
COMMAND: POST /session/eec783fecbf0a41fe1bd0e21c7a60bf8/element/f.C6480B129F3E0D11095D72FF7684A092.d.D714A5CF1CEA96872D8C36A80EB22952.e.10983/value - {"text":"WebdriverYardxu90w"}
COMMAND: GET /session/eec783fecbf0a41fe1bd0e21c7a60bf8/screenshot - {}
RESULT: {"text":"WebdriverYardxu90w"}
COMMAND: POST /session/eec783fecbf0a41fe1bd0e21c7a60bf8/element - {"using":"xpath","value":"//*[@id=\"application-manageyards-display-component---NewYard--addressDetailDetailsLanguage-inner\"]"}
COMMAND: GET /session/eec783fecbf0a41fe1bd0e21c7a60bf8/screenshot - {}
RESULT: {}
RESULT: {"using":"xpath","value":"//*[@id=\"application-manageyards-display-component---NewYard--addressDetailDetailsLanguage-inner\"]"}
COMMAND: POST /session/eec783fecbf0a41fe1bd0e21c7a60bf8/element/f.C6480B129F3E0D11095D72FF7684A092.d.D714A5CF1CEA96872D8C36A80EB22952.e.10984/clear - {}
RESULT: {}
RESULT: {}
COMMAND: POST /session/eec783fecbf0a41fe1bd0e21c7a60bf8/element/f.C6480B129F3E0D11095D72FF7684A092.d.D714A5CF1CEA96872D8C36A80EB22952.e.10984/value - {"text":"Romanian"}
COMMAND: GET /session/eec783fecbf0a41fe1bd0e21c7a60bf8/screenshot - {}
RESULT: {}
RESULT: {"text":"Romanian"}
COMMAND: POST /session/eec783fecbf0a41fe1bd0e21c7a60bf8/element - {"using":"xpath","value":"//input[contains(@id ,\"application-manageyards-display-component---NewYard--addressDetailDetailsName1-inner\")]"}
COMMAND: GET /session/eec783fecbf0a41fe1bd0e21c7a60bf8/screenshot - {}
RESULT: {"using":"xpath","value":"//input[contains(@id ,\"application-manageyards-display-component---NewYard--addressDetailDetailsName1-inner\")]"}
COMMAND: GET /session/eec783fecbf0a41fe1bd0e21c7a60bf8/element/f.C6480B129F3E0D11095D72FF7684A092.d.D714A5CF1CEA96872D8C36A80EB22952.e.10983/property/value - {}
RESULT: {}
RESULT: {}
COMMAND: GET /session/eec783fecbf0a41fe1bd0e21c7a60bf8/screenshot - {}
RESULT: {}
COMMAND: POST /session/eec783fecbf0a41fe1bd0e21c7a60bf8/element - {"using":"xpath","value":"//*[@id=\"application-manageyards-display-component---NewYard--addressDetailDetailsCity1-inner\"]"}
RESULT: {"using":"xpath","value":"//*[@id=\"application-manageyards-display-component---NewYard--addressDetailDetailsCity1-inner\"]"}
COMMAND: POST /session/eec783fecbf0a41fe1bd0e21c7a60bf8/element/f.C6480B129F3E0D11095D72FF7684A092.d.D714A5CF1CEA96872D8C36A80EB22952.e.10986/clear - {}
RESULT: {}
COMMAND: POST /session/eec783fecbf0a41fe1bd0e21c7a60bf8/element/f.C6480B129F3E0D11095D72FF7684A092.d.D714A5CF1CEA96872D8C36A80EB22952.e.10986/value - {"text":"Bucuresti"}
COMMAND: GET /session/eec783fecbf0a41fe1bd0e21c7a60bf8/screenshot - {}
RESULT: {"text":"Bucuresti"}
COMMAND: GET /session/eec783fecbf0a41fe1bd0e21c7a60bf8/screenshot - {}
RESULT: {}
RESULT: {}
COMMAND: POST /session/eec783fecbf0a41fe1bd0e21c7a60bf8/element - {"using":"xpath","value":"//*[@id=\"application-manageyards-display-component---NewYard--addressDetailDetailsCountry-inner\"]"}
RESULT: {"using":"xpath","value":"//*[@id=\"application-manageyards-display-component---NewYard--addressDetailDetailsCountry-inner\"]"}
COMMAND: POST /session/eec783fecbf0a41fe1bd0e21c7a60bf8/element/f.C6480B129F3E0D11095D72FF7684A092.d.D714A5CF1CEA96872D8C36A80EB22952.e.10990/clear - {}
RESULT: {}
COMMAND: POST /session/eec783fecbf0a41fe1bd0e21c7a60bf8/element/f.C6480B129F3E0D11095D72FF7684A092.d.D714A5CF1CEA96872D8C36A80EB22952.e.10990/value - {"text":"Romania"}
COMMAND: GET /session/eec783fecbf0a41fe1bd0e21c7a60bf8/screenshot - {}
RESULT: {"text":"Romania"}
COMMAND: GET /session/eec783fecbf0a41fe1bd0e21c7a60bf8/screenshot - {}
RESULT: {}
RESULT: {}
COMMAND: POST /session/eec783fecbf0a41fe1bd0e21c7a60bf8/element - {"using":"xpath","value":"//div[contains(text(), \"Commercial\")]"}
RESULT: {"using":"xpath","value":"//div[contains(text(), \"Commercial\")]"}
COMMAND: GET /session/eec783fecbf0a41fe1bd0e21c7a60bf8/element/f.C6480B129F3E0D11095D72FF7684A092.d.D714A5CF1CEA96872D8C36A80EB22952.e.11179/rect - {}
RESULT: {}
COMMAND: GET /session/eec783fecbf0a41fe1bd0e21c7a60bf8/window/rect - {}
RESULT: {}
COMMAND: POST /session/eec783fecbf0a41fe1bd0e21c7a60bf8/execute/sync - {"script":"<script> [92 bytes]","args":[]}
RESULT: {"script":"<script> [92 bytes]","args":[]}
COMMAND: POST /session/eec783fecbf0a41fe1bd0e21c7a60bf8/actions - {"actions":[{"id":"action65","type":"wheel","parameters":{},"actions":[{"type":"scroll","x":-1841,"y":-44,"deltaX":0,"deltaY":0,"duration":0,"origin":{"element-6066-11e4-a52e-4f735466cecf":"f.C6480B129F3E0D11095D72FF7684A092.d.D714A5CF1CEA96872D8C36A80EB22952.e.11179"}}]}]}
COMMAND: GET /session/eec783fecbf0a41fe1bd0e21c7a60bf8/screenshot - {}
RESULT: {}
COMMAND: POST /session/eec783fecbf0a41fe1bd0e21c7a60bf8/execute/sync - {"script":"<script> [79 bytes]","args":[{"element-6066-11e4-a52e-4f735466cecf":"f.C6480B129F3E0D11095D72FF7684A092.d.D714A5CF1CEA96872D8C36A80EB22952.e.11179","ELEMENT":"f.C6480B129F3E0D11095D72FF7684A092.d.D714A5CF1CEA96872D8C36A80EB22952.e.11179"},{"block":"start","inline":"nearest"}]}
RESULT: {"script":"<script> [79 bytes]","args":[{"element-6066-11e4-a52e-4f735466cecf":"f.C6480B129F3E0D11095D72FF7684A092.d.D714A5CF1CEA96872D8C36A80EB22952.e.11179","ELEMENT":"f.C6480B129F3E0D11095D72FF7684A092.d.D714A5CF1CEA96872D8C36A80EB22952.e.11179"},{"block":"start","inline":"nearest"}]}
COMMAND: GET /session/eec783fecbf0a41fe1bd0e21c7a60bf8/screenshot - {}
RESULT: {}
COMMAND: POST /session/eec783fecbf0a41fe1bd0e21c7a60bf8/execute/async - {"script":"<script> [1562 bytes]","args":[{"selector":{"id":"application-manageyards-display-component---NewYard--addressEditDetailsCostObjectCstType-arrow"},"wdio_ui5_key":"applicationmanageyards-display-component---NewYard--addressEditDetailsCostObjectCstType-arrow"}]}
RESULT: {"script":"<script> [1562 bytes]","args":[{"selector":{"id":"application-manageyards-display-component---NewYard--addressEditDetailsCostObjectCstType-arrow"},"wdio_ui5_key":"applicationmanageyards-display-component---NewYard--addressEditDetailsCostObjectCstType-arrow"}]}
RESULT: undefined
COMMAND: POST /session/eec783fecbf0a41fe1bd0e21c7a60bf8/element - {"using":"xpath","value":"//*[@id=\"application-manageyards-display-component---NewYard--addressEditDetailsCostObjectCstType-arrow\"]"}
RESULT: {"using":"xpath","value":"//*[@id=\"application-manageyards-display-component---NewYard--addressEditDetailsCostObjectCstType-arrow\"]"}
COMMAND: POST /session/eec783fecbf0a41fe1bd0e21c7a60bf8/element/f.C6480B129F3E0D11095D72FF7684A092.d.D714A5CF1CEA96872D8C36A80EB22952.e.11187/click - {}
RESULT: {}
COMMAND: POST /session/eec783fecbf0a41fe1bd0e21c7a60bf8/element - {"using":"xpath","value":"//span[contains(text(), \"Cost Center\")]"}
COMMAND: GET /session/eec783fecbf0a41fe1bd0e21c7a60bf8/screenshot - {}
RESULT: {"using":"xpath","value":"//span[contains(text(), \"Cost Center\")]"}
COMMAND: POST /session/eec783fecbf0a41fe1bd0e21c7a60bf8/element/f.C6480B129F3E0D11095D72FF7684A092.d.D714A5CF1CEA96872D8C36A80EB22952.e.11188/click - {}
RESULT: {}
RESULT: {}
COMMAND: GET /session/eec783fecbf0a41fe1bd0e21c7a60bf8/screenshot - {}
RESULT: {}
COMMAND: POST /session/eec783fecbf0a41fe1bd0e21c7a60bf8/execute/async - {"script":"<script> [1562 bytes]","args":[{"selector":{"id":"application-manageyards-display-component---NewYard--addressNewCostObjectCstID-vhi"},"wdio_ui5_key":"applicationmanageyards-display-component---NewYard--addressNewCostObjectCstID-vhi"}]}
RESULT: {"script":"<script> [1562 bytes]","args":[{"selector":{"id":"application-manageyards-display-component---NewYard--addressNewCostObjectCstID-vhi"},"wdio_ui5_key":"applicationmanageyards-display-component---NewYard--addressNewCostObjectCstID-vhi"}]}
RESULT: undefined
COMMAND: POST /session/eec783fecbf0a41fe1bd0e21c7a60bf8/element - {"using":"xpath","value":"//*[@id=\"application-manageyards-display-component---NewYard--addressNewCostObjectCstID-vhi\"]"}
RESULT: {"using":"xpath","value":"//*[@id=\"application-manageyards-display-component---NewYard--addressNewCostObjectCstID-vhi\"]"}
COMMAND: POST /session/eec783fecbf0a41fe1bd0e21c7a60bf8/element/f.C6480B129F3E0D11095D72FF7684A092.d.D714A5CF1CEA96872D8C36A80EB22952.e.11192/click - {}
RESULT: {}
COMMAND: GET /session/eec783fecbf0a41fe1bd0e21c7a60bf8/screenshot - {}
RESULT: {}
COMMAND: POST /session/eec783fecbf0a41fe1bd0e21c7a60bf8/execute/async - {"script":"<script> [1562 bytes]","args":[{"selector":{"controlType":"sap.m.SearchField","properties":{"placeholder":"Search"},"searchOpenDialogs":true,"interaction":{"idSuffix":"I"}},"wdio_ui5_key":"sapm.SearchField{\"placeholder\":\"Search\"}"}]}
RESULT: {"script":"<script> [1562 bytes]","args":[{"selector":{"controlType":"sap.m.SearchField","properties":{"placeholder":"Search"},"searchOpenDialogs":true,"interaction":{"idSuffix":"I"}},"wdio_ui5_key":"sapm.SearchField{\"placeholder\":\"Search\"}"}]}
RESULT: undefined
COMMAND: POST /session/eec783fecbf0a41fe1bd0e21c7a60bf8/execute/async - {"script":"<script> [776 bytes]","args":[{"enterText":"10001013","selector":{"controlType":"sap.m.SearchField","properties":{"placeholder":"Search"},"searchOpenDialogs":true,"interaction":{"idSuffix":"I"}},"clearTextFirst":true,"interactionType":"ENTER_TEXT"}]}
RESULT: {"script":"<script> [776 bytes]","args":[{"enterText":"10001013","selector":{"controlType":"sap.m.SearchField","properties":{"placeholder":"Search"},"searchOpenDialogs":true,"interaction":{"idSuffix":"I"}},"clearTextFirst":true,"interactionType":"ENTER_TEXT"}]}
COMMAND: POST /session/eec783fecbf0a41fe1bd0e21c7a60bf8/actions - {"actions":[{"id":"action66","type":"key","parameters":{},"actions":[{"type":"keyDown","value":""},{"type":"pause","duration":10},{"type":"keyUp","value":""}]}]}
RESULT: {"actions":[{"id":"action66","type":"key","parameters":{},"actions":[{"type":"keyDown","value":""},{"type":"pause","duration":10},{"type":"keyUp","value":""}]}]}
COMMAND: GET /session/eec783fecbf0a41fe1bd0e21c7a60bf8/screenshot - {}
RESULT: {}
COMMAND: POST /session/eec783fecbf0a41fe1bd0e21c7a60bf8/element - {"using":"xpath","value":"//span[contains(text(), \"General Management\")]"}
RESULT: {"using":"xpath","value":"//span[contains(text(), \"General Management\")]"}
COMMAND: POST /session/eec783fecbf0a41fe1bd0e21c7a60bf8/element/f.C6480B129F3E0D11095D72FF7684A092.d.D714A5CF1CEA96872D8C36A80EB22952.e.11232/click - {}
RESULT: {}
COMMAND: GET /session/eec783fecbf0a41fe1bd0e21c7a60bf8/screenshot - {}
RESULT: {}
COMMAND: POST /session/eec783fecbf0a41fe1bd0e21c7a60bf8/element - {"using":"xpath","value":"//bdi[contains(text(), \"OK\")]"}
RESULT: {"using":"xpath","value":"//bdi[contains(text(), \"OK\")]"}
COMMAND: POST /session/eec783fecbf0a41fe1bd0e21c7a60bf8/element/f.C6480B129F3E0D11095D72FF7684A092.d.D714A5CF1CEA96872D8C36A80EB22952.e.11233/click - {}
RESULT: {}
COMMAND: GET /session/eec783fecbf0a41fe1bd0e21c7a60bf8/screenshot - {}
RESULT: {}
COMMAND: POST /session/eec783fecbf0a41fe1bd0e21c7a60bf8/execute/async - {"script":"<script> [1562 bytes]","args":[{"selector":{"controlType":"sap.m.Button","viewName":"etm.portal.ui.manageyards.view.New","viewId":"application-manageyards-display-component---NewYard","i18NText":{"propertyName":"text","key":"save"},"interaction":{"idSuffix":"inner"}},"wdio_ui5_key":"etmportal.ui.manageyards.view.Newsap.m.Button{\"propertyName\":\"text\",\"key\":\"save\"}"}]}
RESULT: {"script":"<script> [1562 bytes]","args":[{"selector":{"controlType":"sap.m.Button","viewName":"etm.portal.ui.manageyards.view.New","viewId":"application-manageyards-display-component---NewYard","i18NText":{"propertyName":"text","key":"save"},"interaction":{"idSuffix":"inner"}},"wdio_ui5_key":"etmportal.ui.manageyards.view.Newsap.m.Button{\"propertyName\":\"text\",\"key\":\"save\"}"}]}
RESULT: undefined
COMMAND: POST /session/eec783fecbf0a41fe1bd0e21c7a60bf8/element - {"using":"xpath","value":"//*[@id=\"__button28\"]"}
RESULT: {"using":"xpath","value":"//*[@id=\"__button28\"]"}
COMMAND: POST /session/eec783fecbf0a41fe1bd0e21c7a60bf8/element/f.C6480B129F3E0D11095D72FF7684A092.d.D714A5CF1CEA96872D8C36A80EB22952.e.11149/click - {}
RESULT: {}
COMMAND: GET /session/eec783fecbf0a41fe1bd0e21c7a60bf8/screenshot - {}
RESULT: {}
COMMAND: POST /session/eec783fecbf0a41fe1bd0e21c7a60bf8/element - {"using":"xpath","value":"//header/div/div[2]/div[2]/span"}
RESULT: {"using":"xpath","value":"//header/div/div[2]/div[2]/span"}
COMMAND: GET /session/eec783fecbf0a41fe1bd0e21c7a60bf8/element/f.C6480B129F3E0D11095D72FF7684A092.d.D714A5CF1CEA96872D8C36A80EB22952.e.11426/text - {}
RESULT: {}
COMMAND: POST /session/eec783fecbf0a41fe1bd0e21c7a60bf8/execute/async - {"script":"<script> [1562 bytes]","args":[{"selector":{"controlType":"sap.m.OverflowToolbarButton","viewName":"etm.portal.ui.manageyards.view.Detail","viewId":"application-manageyards-display-component---detailYard","i18NText":{"propertyName":"tooltip","key":"closeColumn"},"interaction":{"idSuffix":"inner"}},"wdio_ui5_key":"etmportal.ui.manageyards.view.Detailsap.m.OverflowToolbarButton{\"propertyName\":\"tooltip\",\"key\":\"closeColumn\"}"}]}
RESULT: {"script":"<script> [1562 bytes]","args":[{"selector":{"controlType":"sap.m.OverflowToolbarButton","viewName":"etm.portal.ui.manageyards.view.Detail","viewId":"application-manageyards-display-component---detailYard","i18NText":{"propertyName":"tooltip","key":"closeColumn"},"interaction":{"idSuffix":"inner"}},"wdio_ui5_key":"etmportal.ui.manageyards.view.Detailsap.m.OverflowToolbarButton{\"propertyName\":\"tooltip\",\"key\":\"closeColumn\"}"}]}
RESULT: undefined
COMMAND: POST /session/eec783fecbf0a41fe1bd0e21c7a60bf8/element - {"using":"xpath","value":"//*[@id=\"__button52\"]"}
RESULT: {"using":"xpath","value":"//*[@id=\"__button52\"]"}
COMMAND: POST /session/eec783fecbf0a41fe1bd0e21c7a60bf8/element/f.C6480B129F3E0D11095D72FF7684A092.d.D714A5CF1CEA96872D8C36A80EB22952.e.11428/click - {}
RESULT: {}
COMMAND: GET /session/eec783fecbf0a41fe1bd0e21c7a60bf8/screenshot - {}
RESULT: {}
COMMAND: POST /session/eec783fecbf0a41fe1bd0e21c7a60bf8/element - {"using":"css selector","value":"#shell-header-logo"}
RESULT: {"using":"css selector","value":"#shell-header-logo"}
COMMAND: POST /session/eec783fecbf0a41fe1bd0e21c7a60bf8/element/f.C6480B129F3E0D11095D72FF7684A092.d.D714A5CF1CEA96872D8C36A80EB22952.e.10576/click - {}
RESULT: {}
COMMAND: GET /session/eec783fecbf0a41fe1bd0e21c7a60bf8/screenshot - {}
RESULT: {}
COMMAND: POST /session/eec783fecbf0a41fe1bd0e21c7a60bf8/refresh - {}
RESULT: {}
COMMAND: GET /session/eec783fecbf0a41fe1bd0e21c7a60bf8/screenshot - {}
RESULT: {}
COMMAND: POST /session/eec783fecbf0a41fe1bd0e21c7a60bf8/execute/async - {"script":"<script> [189 bytes]","args":[]}
RESULT: {"script":"<script> [189 bytes]","args":[]}
COMMAND: POST /session/eec783fecbf0a41fe1bd0e21c7a60bf8/execute/async - {"script":"<script> [123 bytes]","args":[]}
RESULT: {"script":"<script> [123 bytes]","args":[]}
COMMAND: POST /session/eec783fecbf0a41fe1bd0e21c7a60bf8/timeouts - {"script":"<number>"}
RESULT: {"script":"<number>"}
COMMAND: GET /session/eec783fecbf0a41fe1bd0e21c7a60bf8/timeouts - {}
RESULT: {}
RESULT: undefined
COMMAND: POST /session/eec783fecbf0a41fe1bd0e21c7a60bf8/execute/async - {"script":"<script> [2676 bytes]","args":[]}
RESULT: {"script":"<script> [2676 bytes]","args":[]}
COMMAND: POST /session/eec783fecbf0a41fe1bd0e21c7a60bf8/execute/async - {"script":"<script> [2342 bytes]","args":[{"protocol":"http","hostname":"0.0.0.0","path":"/","capabilities":{"browserName":"chrome","goog:chromeOptions":{"binary":"C:\\Program Files\\Google\\Chrome\\Application\\chrome.exe","args":["--start-maximized"]}},"logLevel":"warn","connectionRetryTimeout":120000,"connectionRetryCount":3,"logLevels":{},"enableDirectConnect":true,"strictSSL":true,"_":"65 more keys: [\"cacheDir\",\"port\",\"requestedCapabilities\",\"automationProtocol\",\"baseUrl\",\"waitforInterval\",\"waitforTimeout\",\"onReload\",\"beforeCommand\",\"afterCommand\",\"rootDir\",\"specs\",\"suites\",\"exclude\",\"groupLogsByTestSpec\",\"excludeDriverLogs\",\"bail\",\"framework\",\"reporters\",\"services\",\"maxInstances\",\"maxInstancesPerCapability\",\"injectGlobals\",\"filesToWatch\",\"execArgv\",\"runnerEnv\",\"runner\",\"shard\",\"specFileRetries\",\"specFileRetriesDelay\",\"specFileRetriesDeferred\",\"reporterSyncInterval\",\"reporterSyncTimeout\",\"cucumberFeaturesWithLineNumbers\",\"autoCompileOpts\",\"mochaOpts\",\"jasmineOpts\",\"cucumberOpts\",\"onPrepare\",\"onWorkerStart\",\"onWorkerEnd\",\"before\",\"beforeSession\",\"beforeSuite\",\"beforeHook\",\"beforeTest\",\"afterTest\",\"afterHook\",\"afterSuite\",\"afterSession\",\"after\",\"onComplete\",\"beforeAssertion\",\"afterAssertion\",\"beforeFeature\",\"beforeScenario\",\"beforeStep\",\"afterStep\",\"afterScenario\",\"afterFeature\",\"_\",\"suite\",\"$0\",\"ignoredWorkerServices\",\"wdi5\"]"}]}
RESULT: {"script":"<script> [2342 bytes]","args":[{"protocol":"http","hostname":"0.0.0.0","path":"/","capabilities":{"browserName":"chrome","goog:chromeOptions":{"binary":"C:\\Program Files\\Google\\Chrome\\Application\\chrome.exe","args":["--start-maximized"]}},"logLevel":"warn","connectionRetryTimeout":120000,"connectionRetryCount":3,"logLevels":{},"enableDirectConnect":true,"strictSSL":true,"_":"65 more keys: [\"cacheDir\",\"port\",\"requestedCapabilities\",\"automationProtocol\",\"baseUrl\",\"waitforInterval\",\"waitforTimeout\",\"onReload\",\"beforeCommand\",\"afterCommand\",\"rootDir\",\"specs\",\"suites\",\"exclude\",\"groupLogsByTestSpec\",\"excludeDriverLogs\",\"bail\",\"framework\",\"reporters\",\"services\",\"maxInstances\",\"maxInstancesPerCapability\",\"injectGlobals\",\"filesToWatch\",\"execArgv\",\"runnerEnv\",\"runner\",\"shard\",\"specFileRetries\",\"specFileRetriesDelay\",\"specFileRetriesDeferred\",\"reporterSyncInterval\",\"reporterSyncTimeout\",\"cucumberFeaturesWithLineNumbers\",\"autoCompileOpts\",\"mochaOpts\",\"jasmineOpts\",\"cucumberOpts\",\"onPrepare\",\"onWorkerStart\",\"onWorkerEnd\",\"before\",\"beforeSession\",\"beforeSuite\",\"beforeHook\",\"beforeTest\",\"afterTest\",\"afterHook\",\"afterSuite\",\"afterSession\",\"after\",\"onComplete\",\"beforeAssertion\",\"afterAssertion\",\"beforeFeature\",\"beforeScenario\",\"beforeStep\",\"afterStep\",\"afterScenario\",\"afterFeature\",\"_\",\"suite\",\"$0\",\"ignoredWorkerServices\",\"wdi5\"]"}]}
COMMAND: POST /session/eec783fecbf0a41fe1bd0e21c7a60bf8/execute/async - {"script":"<script> [21126 bytes]","args":[35000]}
RESULT: {"script":"<script> [21126 bytes]","args":[35000]}
COMMAND: POST /session/eec783fecbf0a41fe1bd0e21c7a60bf8/execute/async - {"script":"<script> [1562 bytes]","args":[{"selector":{"controlType":"sap.m.GenericTile","properties":{"header":"Manage Partners"}},"wdio_ui5_key":"sapm.GenericTile{\"header\":\"Manage Partners\"}"}]}
RESULT: {"script":"<script> [1562 bytes]","args":[{"selector":{"controlType":"sap.m.GenericTile","properties":{"header":"Manage Partners"}},"wdio_ui5_key":"sapm.GenericTile{\"header\":\"Manage Partners\"}"}]}
RESULT: undefined
COMMAND: POST /session/eec783fecbf0a41fe1bd0e21c7a60bf8/element - {"using":"xpath","value":"//*[@id=\"__tile38\"]"}
RESULT: {"using":"xpath","value":"//*[@id=\"__tile38\"]"}
COMMAND: POST /session/eec783fecbf0a41fe1bd0e21c7a60bf8/element/f.C6480B129F3E0D11095D72FF7684A092.d.B48245B23EE858CCE510E2D617BC121D.e.11785/click - {}
RESULT: {}
COMMAND: GET /session/eec783fecbf0a41fe1bd0e21c7a60bf8/screenshot - {}
RESULT: {}
COMMAND: POST /session/eec783fecbf0a41fe1bd0e21c7a60bf8/elements - {"using":"xpath","value":"//span[text()='Error']"}
RESULT: {"using":"xpath","value":"//span[text()='Error']"}
COMMAND: POST /session/eec783fecbf0a41fe1bd0e21c7a60bf8/execute/async - {"script":"<script> [1562 bytes]","args":[{"selector":{"controlType":"sap.ui.core.Icon","viewName":"etm.portal.ui.managepartners.view.Master","viewId":"application-managepartners-display-component---masterPtm","properties":{"src":{"regex":{"source":"add"}}}},"wdio_ui5_key":"etmportal.ui.managepartners.view.Mastersap.ui.core.Icon{\"src\":{\"regex\":{\"source\":\"add\"}}}"}]}
RESULT: {"script":"<script> [1562 bytes]","args":[{"selector":{"controlType":"sap.ui.core.Icon","viewName":"etm.portal.ui.managepartners.view.Master","viewId":"application-managepartners-display-component---masterPtm","properties":{"src":{"regex":{"source":"add"}}}},"wdio_ui5_key":"etmportal.ui.managepartners.view.Mastersap.ui.core.Icon{\"src\":{\"regex\":{\"source\":\"add\"}}}"}]}
RESULT: undefined
COMMAND: POST /session/eec783fecbf0a41fe1bd0e21c7a60bf8/element - {"using":"xpath","value":"//*[@id=\"__button4-img\"]"}
RESULT: {"using":"xpath","value":"//*[@id=\"__button4-img\"]"}
COMMAND: POST /session/eec783fecbf0a41fe1bd0e21c7a60bf8/element/f.C6480B129F3E0D11095D72FF7684A092.d.B48245B23EE858CCE510E2D617BC121D.e.11835/click - {}
RESULT: {}
COMMAND: GET /session/eec783fecbf0a41fe1bd0e21c7a60bf8/screenshot - {}
RESULT: {}
COMMAND: POST /session/eec783fecbf0a41fe1bd0e21c7a60bf8/execute/async - {"script":"<script> [1562 bytes]","args":[{"selector":{"id":"application-managepartners-display-component---NewPartner--partnerId","interaction":{"idSuffix":"inner"}},"wdio_ui5_key":"applicationmanagepartners-display-component---NewPartner--partnerId"}]}
RESULT: {"script":"<script> [1562 bytes]","args":[{"selector":{"id":"application-managepartners-display-component---NewPartner--partnerId","interaction":{"idSuffix":"inner"}},"wdio_ui5_key":"applicationmanagepartners-display-component---NewPartner--partnerId"}]}
RESULT: undefined
COMMAND: POST /session/eec783fecbf0a41fe1bd0e21c7a60bf8/execute/async - {"script":"<script> [1562 bytes]","args":[{"selector":{"id":"application-managepartners-display-component---NewPartner--addressDetailDetailsName1","interaction":{"idSuffix":"inner"}},"wdio_ui5_key":"applicationmanagepartners-display-component---NewPartner--addressDetailDetailsName1"}]}
RESULT: {"script":"<script> [1562 bytes]","args":[{"selector":{"id":"application-managepartners-display-component---NewPartner--addressDetailDetailsName1","interaction":{"idSuffix":"inner"}},"wdio_ui5_key":"applicationmanagepartners-display-component---NewPartner--addressDetailDetailsName1"}]}
RESULT: undefined
COMMAND: POST /session/eec783fecbf0a41fe1bd0e21c7a60bf8/execute/async - {"script":"<script> [776 bytes]","args":[{"enterText":"WebdriverPartnera96gm","selector":{"id":"application-managepartners-display-component---NewPartner--addressDetailDetailsName1","interaction":{"idSuffix":"inner"}},"clearTextFirst":true,"interactionType":"ENTER_TEXT"}]}
RESULT: {"script":"<script> [776 bytes]","args":[{"enterText":"WebdriverPartnera96gm","selector":{"id":"application-managepartners-display-component---NewPartner--addressDetailDetailsName1","interaction":{"idSuffix":"inner"}},"clearTextFirst":true,"interactionType":"ENTER_TEXT"}]}
COMMAND: POST /session/eec783fecbf0a41fe1bd0e21c7a60bf8/execute/async - {"script":"<script> [1562 bytes]","args":[{"selector":{"id":"application-managepartners-display-component---NewPartner--addressDetailDetailsLanguage","interaction":{"idSuffix":"inner"}},"wdio_ui5_key":"applicationmanagepartners-display-component---NewPartner--addressDetailDetailsLanguage"}]}
RESULT: {"script":"<script> [1562 bytes]","args":[{"selector":{"id":"application-managepartners-display-component---NewPartner--addressDetailDetailsLanguage","interaction":{"idSuffix":"inner"}},"wdio_ui5_key":"applicationmanagepartners-display-component---NewPartner--addressDetailDetailsLanguage"}]}
RESULT: undefined
COMMAND: POST /session/eec783fecbf0a41fe1bd0e21c7a60bf8/execute/async - {"script":"<script> [776 bytes]","args":[{"enterText":"Romanian","selector":{"id":"application-managepartners-display-component---NewPartner--addressDetailDetailsLanguage","interaction":{"idSuffix":"inner"}},"clearTextFirst":true,"interactionType":"ENTER_TEXT"}]}
RESULT: {"script":"<script> [776 bytes]","args":[{"enterText":"Romanian","selector":{"id":"application-managepartners-display-component---NewPartner--addressDetailDetailsLanguage","interaction":{"idSuffix":"inner"}},"clearTextFirst":true,"interactionType":"ENTER_TEXT"}]}
COMMAND: POST /session/eec783fecbf0a41fe1bd0e21c7a60bf8/element - {"using":"xpath","value":"//input[contains(@id ,\"application-managepartners-display-component---NewPartner--addressDetailDetailsName1-inner\")]"}
RESULT: {"using":"xpath","value":"//input[contains(@id ,\"application-managepartners-display-component---NewPartner--addressDetailDetailsName1-inner\")]"}
COMMAND: GET /session/eec783fecbf0a41fe1bd0e21c7a60bf8/element/f.C6480B129F3E0D11095D72FF7684A092.d.B48245B23EE858CCE510E2D617BC121D.e.12012/property/value - {}
RESULT: {}
COMMAND: POST /session/eec783fecbf0a41fe1bd0e21c7a60bf8/execute/async - {"script":"<script> [1562 bytes]","args":[{"selector":{"id":"application-managepartners-display-component---NewPartner--addressDetailDetailsCity1","interaction":{"idSuffix":"inner"}},"wdio_ui5_key":"applicationmanagepartners-display-component---NewPartner--addressDetailDetailsCity1"}]}
COMMAND: GET /session/eec783fecbf0a41fe1bd0e21c7a60bf8/screenshot - {}
RESULT: {"script":"<script> [1562 bytes]","args":[{"selector":{"id":"application-managepartners-display-component---NewPartner--addressDetailDetailsCity1","interaction":{"idSuffix":"inner"}},"wdio_ui5_key":"applicationmanagepartners-display-component---NewPartner--addressDetailDetailsCity1"}]}
RESULT: undefined
COMMAND: POST /session/eec783fecbf0a41fe1bd0e21c7a60bf8/execute/async - {"script":"<script> [776 bytes]","args":[{"enterText":"Bucharest","selector":{"id":"application-managepartners-display-component---NewPartner--addressDetailDetailsCity1","interaction":{"idSuffix":"inner"}},"clearTextFirst":true,"interactionType":"ENTER_TEXT"}]}
RESULT: {}
RESULT: {"script":"<script> [776 bytes]","args":[{"enterText":"Bucharest","selector":{"id":"application-managepartners-display-component---NewPartner--addressDetailDetailsCity1","interaction":{"idSuffix":"inner"}},"clearTextFirst":true,"interactionType":"ENTER_TEXT"}]}
COMMAND: POST /session/eec783fecbf0a41fe1bd0e21c7a60bf8/execute/async - {"script":"<script> [1562 bytes]","args":[{"selector":{"id":"application-managepartners-display-component---NewPartner--addressDetailDetailsCountry","interaction":{"idSuffix":"inner"}},"wdio_ui5_key":"applicationmanagepartners-display-component---NewPartner--addressDetailDetailsCountry"}]}
RESULT: {"script":"<script> [1562 bytes]","args":[{"selector":{"id":"application-managepartners-display-component---NewPartner--addressDetailDetailsCountry","interaction":{"idSuffix":"inner"}},"wdio_ui5_key":"applicationmanagepartners-display-component---NewPartner--addressDetailDetailsCountry"}]}
RESULT: undefined
COMMAND: POST /session/eec783fecbf0a41fe1bd0e21c7a60bf8/execute/async - {"script":"<script> [6424 bytes]","args":[{"element-6066-11e4-a52e-4f735466cecf":"f.C6480B129F3E0D11095D72FF7684A092.d.B48245B23EE858CCE510E2D617BC121D.e.12019"},"setValue",["Romania"]]}
RESULT: {"script":"<script> [6424 bytes]","args":[{"element-6066-11e4-a52e-4f735466cecf":"f.C6480B129F3E0D11095D72FF7684A092.d.B48245B23EE858CCE510E2D617BC121D.e.12019"},"setValue",["Romania"]]}
COMMAND: POST /session/eec783fecbf0a41fe1bd0e21c7a60bf8/execute/async - {"script":"<script> [1562 bytes]","args":[{"selector":{"id":"application-managepartners-display-component---NewPartner--partnerDetailInternal","interaction":{"idSuffix":"inner"}},"wdio_ui5_key":"applicationmanagepartners-display-component---NewPartner--partnerDetailInternal"}]}
RESULT: {"script":"<script> [1562 bytes]","args":[{"selector":{"id":"application-managepartners-display-component---NewPartner--partnerDetailInternal","interaction":{"idSuffix":"inner"}},"wdio_ui5_key":"applicationmanagepartners-display-component---NewPartner--partnerDetailInternal"}]}
RESULT: undefined
COMMAND: POST /session/eec783fecbf0a41fe1bd0e21c7a60bf8/execute/async - {"script":"<script> [776 bytes]","args":[{"enterText":"External partner","selector":{"id":"application-managepartners-display-component---NewPartner--partnerDetailInternal","interaction":{"idSuffix":"inner"}},"clearTextFirst":true,"interactionType":"ENTER_TEXT"}]}
RESULT: {"script":"<script> [776 bytes]","args":[{"enterText":"External partner","selector":{"id":"application-managepartners-display-component---NewPartner--partnerDetailInternal","interaction":{"idSuffix":"inner"}},"clearTextFirst":true,"interactionType":"ENTER_TEXT"}]}
COMMAND: POST /session/eec783fecbf0a41fe1bd0e21c7a60bf8/execute/async - {"script":"<script> [1562 bytes]","args":[{"selector":{"id":"application-managepartners-display-component---NewPartner--partnerDetailsCurrency","interaction":{"idSuffix":"inner"}},"wdio_ui5_key":"applicationmanagepartners-display-component---NewPartner--partnerDetailsCurrency"}]}
RESULT: {"script":"<script> [1562 bytes]","args":[{"selector":{"id":"application-managepartners-display-component---NewPartner--partnerDetailsCurrency","interaction":{"idSuffix":"inner"}},"wdio_ui5_key":"applicationmanagepartners-display-component---NewPartner--partnerDetailsCurrency"}]}
RESULT: undefined
COMMAND: POST /session/eec783fecbf0a41fe1bd0e21c7a60bf8/execute/async - {"script":"<script> [776 bytes]","args":[{"enterText":"Euro","selector":{"id":"application-managepartners-display-component---NewPartner--partnerDetailsCurrency","interaction":{"idSuffix":"inner"}},"clearTextFirst":true,"interactionType":"ENTER_TEXT"}]}
RESULT: {"script":"<script> [776 bytes]","args":[{"enterText":"Euro","selector":{"id":"application-managepartners-display-component---NewPartner--partnerDetailsCurrency","interaction":{"idSuffix":"inner"}},"clearTextFirst":true,"interactionType":"ENTER_TEXT"}]}
COMMAND: POST /session/eec783fecbf0a41fe1bd0e21c7a60bf8/execute/async - {"script":"<script> [1562 bytes]","args":[{"selector":{"controlType":"sap.m.Button","viewName":"etm.portal.ui.managepartners.view.NewPartner","viewId":"application-managepartners-display-component---NewPartner","properties":{"text":"Commercial"},"interaction":{"idSuffix":"BDI-content"}},"wdio_ui5_key":"etmportal.ui.managepartners.view.NewPartnersap.m.Button{\"text\":\"Commercial\"}"}]}
RESULT: {"script":"<script> [1562 bytes]","args":[{"selector":{"controlType":"sap.m.Button","viewName":"etm.portal.ui.managepartners.view.NewPartner","viewId":"application-managepartners-display-component---NewPartner","properties":{"text":"Commercial"},"interaction":{"idSuffix":"BDI-content"}},"wdio_ui5_key":"etmportal.ui.managepartners.view.NewPartnersap.m.Button{\"text\":\"Commercial\"}"}]}
RESULT: undefined
COMMAND: POST /session/eec783fecbf0a41fe1bd0e21c7a60bf8/element - {"using":"xpath","value":"//*[@id=\"application-managepartners-display-component---NewPartner--ObjectPageLayout-anchBar-__section5-anchor\"]"}
RESULT: {"using":"xpath","value":"//*[@id=\"application-managepartners-display-component---NewPartner--ObjectPageLayout-anchBar-__section5-anchor\"]"}
COMMAND: POST /session/eec783fecbf0a41fe1bd0e21c7a60bf8/element/f.C6480B129F3E0D11095D72FF7684A092.d.B48245B23EE858CCE510E2D617BC121D.e.12256/click - {}
RESULT: {}
COMMAND: GET /session/eec783fecbf0a41fe1bd0e21c7a60bf8/screenshot - {}
RESULT: {}
COMMAND: POST /session/eec783fecbf0a41fe1bd0e21c7a60bf8/execute/async - {"script":"<script> [1562 bytes]","args":[{"selector":{"id":"application-managepartners-display-component---NewPartner--btnAddTableRow-img"},"wdio_ui5_key":"applicationmanagepartners-display-component---NewPartner--btnAddTableRow-img"}]}
RESULT: {"script":"<script> [1562 bytes]","args":[{"selector":{"id":"application-managepartners-display-component---NewPartner--btnAddTableRow-img"},"wdio_ui5_key":"applicationmanagepartners-display-component---NewPartner--btnAddTableRow-img"}]}
RESULT: undefined
COMMAND: POST /session/eec783fecbf0a41fe1bd0e21c7a60bf8/element - {"using":"xpath","value":"//*[@id=\"application-managepartners-display-component---NewPartner--btnAddTableRow-img\"]"}
RESULT: {"using":"xpath","value":"//*[@id=\"application-managepartners-display-component---NewPartner--btnAddTableRow-img\"]"}
COMMAND: POST /session/eec783fecbf0a41fe1bd0e21c7a60bf8/element/f.C6480B129F3E0D11095D72FF7684A092.d.B48245B23EE858CCE510E2D617BC121D.e.12264/click - {}
RESULT: {}
COMMAND: POST /session/eec783fecbf0a41fe1bd0e21c7a60bf8/element - {"using":"xpath","value":"//input[contains(@id ,\"application-managepartners-display-component---NewPartner--assignmentYard-application-managepartners-display-component---NewPartner\")]"}
COMMAND: GET /session/eec783fecbf0a41fe1bd0e21c7a60bf8/screenshot - {}
RESULT: {"using":"xpath","value":"//input[contains(@id ,\"application-managepartners-display-component---NewPartner--assignmentYard-application-managepartners-display-component---NewPartner\")]"}
COMMAND: POST /session/eec783fecbf0a41fe1bd0e21c7a60bf8/element/f.C6480B129F3E0D11095D72FF7684A092.d.B48245B23EE858CCE510E2D617BC121D.e.12267/clear - {}
RESULT: {}
RESULT: {}
COMMAND: POST /session/eec783fecbf0a41fe1bd0e21c7a60bf8/element/f.C6480B129F3E0D11095D72FF7684A092.d.B48245B23EE858CCE510E2D617BC121D.e.12267/value - {"text":"WebdriverYardxu90w"}
COMMAND: GET /session/eec783fecbf0a41fe1bd0e21c7a60bf8/screenshot - {}
RESULT: {"text":"WebdriverYardxu90w"}
COMMAND: GET /session/eec783fecbf0a41fe1bd0e21c7a60bf8/screenshot - {}
RESULT: {}
RESULT: {}
COMMAND: POST /session/eec783fecbf0a41fe1bd0e21c7a60bf8/execute/async - {"script":"<script> [1562 bytes]","args":[{"selector":{"controlType":"sap.m.Button","viewName":"etm.portal.ui.managepartners.view.NewPartner","viewId":"application-managepartners-display-component---NewPartner","i18NText":{"propertyName":"text","key":"save"},"interaction":{"idSuffix":"BDI-content"}},"wdio_ui5_key":"etmportal.ui.managepartners.view.NewPartnersap.m.Button{\"propertyName\":\"text\",\"key\":\"save\"}"}]}
RESULT: {"script":"<script> [1562 bytes]","args":[{"selector":{"controlType":"sap.m.Button","viewName":"etm.portal.ui.managepartners.view.NewPartner","viewId":"application-managepartners-display-component---NewPartner","i18NText":{"propertyName":"text","key":"save"},"interaction":{"idSuffix":"BDI-content"}},"wdio_ui5_key":"etmportal.ui.managepartners.view.NewPartnersap.m.Button{\"propertyName\":\"text\",\"key\":\"save\"}"}]}
RESULT: undefined
COMMAND: POST /session/eec783fecbf0a41fe1bd0e21c7a60bf8/element - {"using":"xpath","value":"//*[@id=\"__button12\"]"}
RESULT: {"using":"xpath","value":"//*[@id=\"__button12\"]"}
COMMAND: POST /session/eec783fecbf0a41fe1bd0e21c7a60bf8/element/f.C6480B129F3E0D11095D72FF7684A092.d.B48245B23EE858CCE510E2D617BC121D.e.12233/click - {}
RESULT: {}
COMMAND: GET /session/eec783fecbf0a41fe1bd0e21c7a60bf8/screenshot - {}
RESULT: {}
COMMAND: POST /session/eec783fecbf0a41fe1bd0e21c7a60bf8/element - {"using":"xpath","value":"//header/div/div[2]/div[2]/span"}
RESULT: {"using":"xpath","value":"//header/div/div[2]/div[2]/span"}
COMMAND: GET /session/eec783fecbf0a41fe1bd0e21c7a60bf8/element/f.C6480B129F3E0D11095D72FF7684A092.d.B48245B23EE858CCE510E2D617BC121D.e.12441/text - {}
RESULT: {}
COMMAND: POST /session/eec783fecbf0a41fe1bd0e21c7a60bf8/element - {"using":"xpath","value":"//header/div/div/div/div/div/div[2]/div/span"}
RESULT: {"using":"xpath","value":"//header/div/div/div/div/div/div[2]/div/span"}
COMMAND: GET /session/eec783fecbf0a41fe1bd0e21c7a60bf8/element/f.C6480B129F3E0D11095D72FF7684A092.d.B48245B23EE858CCE510E2D617BC121D.e.12442/text - {}
RESULT: {}
COMMAND: POST /session/eec783fecbf0a41fe1bd0e21c7a60bf8/execute/async - {"script":"<script> [1562 bytes]","args":[{"selector":{"id":"application-managepartners-display-component---detailPtm--partnerType"},"wdio_ui5_key":"applicationmanagepartners-display-component---detailPtm--partnerType"}]}
RESULT: {"script":"<script> [1562 bytes]","args":[{"selector":{"id":"application-managepartners-display-component---detailPtm--partnerType"},"wdio_ui5_key":"applicationmanagepartners-display-component---detailPtm--partnerType"}]}
RESULT: undefined
COMMAND: POST /session/eec783fecbf0a41fe1bd0e21c7a60bf8/execute/async - {"script":"<script> [6424 bytes]","args":[{"element-6066-11e4-a52e-4f735466cecf":"f.C6480B129F3E0D11095D72FF7684A092.d.B48245B23EE858CCE510E2D617BC121D.e.12443"},"getText",[]]}
RESULT: {"script":"<script> [6424 bytes]","args":[{"element-6066-11e4-a52e-4f735466cecf":"f.C6480B129F3E0D11095D72FF7684A092.d.B48245B23EE858CCE510E2D617BC121D.e.12443"},"getText",[]]}
COMMAND: POST /session/eec783fecbf0a41fe1bd0e21c7a60bf8/element - {"using":"css selector","value":"#shell-header-logo"}
RESULT: {"using":"css selector","value":"#shell-header-logo"}
COMMAND: POST /session/eec783fecbf0a41fe1bd0e21c7a60bf8/element/f.C6480B129F3E0D11095D72FF7684A092.d.B48245B23EE858CCE510E2D617BC121D.e.11786/click - {}
RESULT: {}
COMMAND: GET /session/eec783fecbf0a41fe1bd0e21c7a60bf8/screenshot - {}
RESULT: {}
COMMAND: POST /session/eec783fecbf0a41fe1bd0e21c7a60bf8/execute/async - {"script":"<script> [1562 bytes]","args":[{"selector":{"controlType":"sap.m.GenericTile","properties":{"header":"Manage Sites"}},"wdio_ui5_key":"sapm.GenericTile{\"header\":\"Manage Sites\"}"}]}
RESULT: {"script":"<script> [1562 bytes]","args":[{"selector":{"controlType":"sap.m.GenericTile","properties":{"header":"Manage Sites"}},"wdio_ui5_key":"sapm.GenericTile{\"header\":\"Manage Sites\"}"}]}
RESULT: undefined
COMMAND: POST /session/eec783fecbf0a41fe1bd0e21c7a60bf8/element - {"using":"xpath","value":"//*[@id=\"__tile40\"]"}
RESULT: {"using":"xpath","value":"//*[@id=\"__tile40\"]"}
COMMAND: POST /session/eec783fecbf0a41fe1bd0e21c7a60bf8/element/f.C6480B129F3E0D11095D72FF7684A092.d.B48245B23EE858CCE510E2D617BC121D.e.12445/click - {}
RESULT: {}
COMMAND: GET /session/eec783fecbf0a41fe1bd0e21c7a60bf8/screenshot - {}
RESULT: {}
COMMAND: POST /session/eec783fecbf0a41fe1bd0e21c7a60bf8/elements - {"using":"xpath","value":"//span[text()='Error']"}
RESULT: {"using":"xpath","value":"//span[text()='Error']"}
COMMAND: POST /session/eec783fecbf0a41fe1bd0e21c7a60bf8/execute/async - {"script":"<script> [1562 bytes]","args":[{"selector":{"controlType":"sap.ui.core.Icon","viewName":"etm.portal.ui.managesites.view.Master","viewId":"application-managesites-display-component---masterSite","properties":{"src":{"regex":{"source":"add"}}}},"wdio_ui5_key":"etmportal.ui.managesites.view.Mastersap.ui.core.Icon{\"src\":{\"regex\":{\"source\":\"add\"}}}"}]}
RESULT: {"script":"<script> [1562 bytes]","args":[{"selector":{"controlType":"sap.ui.core.Icon","viewName":"etm.portal.ui.managesites.view.Master","viewId":"application-managesites-display-component---masterSite","properties":{"src":{"regex":{"source":"add"}}}},"wdio_ui5_key":"etmportal.ui.managesites.view.Mastersap.ui.core.Icon{\"src\":{\"regex\":{\"source\":\"add\"}}}"}]}
RESULT: undefined
COMMAND: POST /session/eec783fecbf0a41fe1bd0e21c7a60bf8/element - {"using":"xpath","value":"//*[@id=\"__button52-img\"]"}
RESULT: {"using":"xpath","value":"//*[@id=\"__button52-img\"]"}
COMMAND: POST /session/eec783fecbf0a41fe1bd0e21c7a60bf8/element/f.C6480B129F3E0D11095D72FF7684A092.d.B48245B23EE858CCE510E2D617BC121D.e.12492/click - {}
RESULT: {}
COMMAND: POST /session/eec783fecbf0a41fe1bd0e21c7a60bf8/execute/async - {"script":"<script> [1562 bytes]","args":[{"selector":{"id":"application-managesites-display-component---NewSite--siteId","interaction":{"idSuffix":"inner"}},"wdio_ui5_key":"applicationmanagesites-display-component---NewSite--siteId"}]}
COMMAND: GET /session/eec783fecbf0a41fe1bd0e21c7a60bf8/screenshot - {}
RESULT: {"script":"<script> [1562 bytes]","args":[{"selector":{"id":"application-managesites-display-component---NewSite--siteId","interaction":{"idSuffix":"inner"}},"wdio_ui5_key":"applicationmanagesites-display-component---NewSite--siteId"}]}
RESULT: undefined
COMMAND: POST /session/eec783fecbf0a41fe1bd0e21c7a60bf8/execute/async - {"script":"<script> [1562 bytes]","args":[{"selector":{"id":"application-managesites-display-component---NewSite--addressDetailDetailsName1","interaction":{"idSuffix":"inner"}},"wdio_ui5_key":"applicationmanagesites-display-component---NewSite--addressDetailDetailsName1"}]}
RESULT: {}
RESULT: {"script":"<script> [1562 bytes]","args":[{"selector":{"id":"application-managesites-display-component---NewSite--addressDetailDetailsName1","interaction":{"idSuffix":"inner"}},"wdio_ui5_key":"applicationmanagesites-display-component---NewSite--addressDetailDetailsName1"}]}
RESULT: undefined
COMMAND: POST /session/eec783fecbf0a41fe1bd0e21c7a60bf8/execute/async - {"script":"<script> [776 bytes]","args":[{"enterText":"WebdriverSitegqpmh","selector":{"id":"application-managesites-display-component---NewSite--addressDetailDetailsName1","interaction":{"idSuffix":"inner"}},"clearTextFirst":true,"interactionType":"ENTER_TEXT"}]}
RESULT: {"script":"<script> [776 bytes]","args":[{"enterText":"WebdriverSitegqpmh","selector":{"id":"application-managesites-display-component---NewSite--addressDetailDetailsName1","interaction":{"idSuffix":"inner"}},"clearTextFirst":true,"interactionType":"ENTER_TEXT"}]}
COMMAND: POST /session/eec783fecbf0a41fe1bd0e21c7a60bf8/execute/async - {"script":"<script> [1562 bytes]","args":[{"selector":{"id":"application-managesites-display-component---NewSite--addressDetailDetailsLanguage","interaction":{"idSuffix":"inner"}},"wdio_ui5_key":"applicationmanagesites-display-component---NewSite--addressDetailDetailsLanguage"}]}
RESULT: {"script":"<script> [1562 bytes]","args":[{"selector":{"id":"application-managesites-display-component---NewSite--addressDetailDetailsLanguage","interaction":{"idSuffix":"inner"}},"wdio_ui5_key":"applicationmanagesites-display-component---NewSite--addressDetailDetailsLanguage"}]}
RESULT: undefined
COMMAND: POST /session/eec783fecbf0a41fe1bd0e21c7a60bf8/execute/async - {"script":"<script> [776 bytes]","args":[{"enterText":"Romanian","selector":{"id":"application-managesites-display-component---NewSite--addressDetailDetailsLanguage","interaction":{"idSuffix":"inner"}},"clearTextFirst":true,"interactionType":"ENTER_TEXT"}]}
RESULT: {"script":"<script> [776 bytes]","args":[{"enterText":"Romanian","selector":{"id":"application-managesites-display-component---NewSite--addressDetailDetailsLanguage","interaction":{"idSuffix":"inner"}},"clearTextFirst":true,"interactionType":"ENTER_TEXT"}]}
COMMAND: POST /session/eec783fecbf0a41fe1bd0e21c7a60bf8/execute/async - {"script":"<script> [1562 bytes]","args":[{"selector":{"id":"application-managesites-display-component---NewSite--addressDetailDetailsCity1","interaction":{"idSuffix":"inner"}},"wdio_ui5_key":"applicationmanagesites-display-component---NewSite--addressDetailDetailsCity1"}]}
RESULT: {"script":"<script> [1562 bytes]","args":[{"selector":{"id":"application-managesites-display-component---NewSite--addressDetailDetailsCity1","interaction":{"idSuffix":"inner"}},"wdio_ui5_key":"applicationmanagesites-display-component---NewSite--addressDetailDetailsCity1"}]}
RESULT: undefined
COMMAND: POST /session/eec783fecbf0a41fe1bd0e21c7a60bf8/execute/async - {"script":"<script> [776 bytes]","args":[{"enterText":"Bucharest","selector":{"id":"application-managesites-display-component---NewSite--addressDetailDetailsCity1","interaction":{"idSuffix":"inner"}},"clearTextFirst":true,"interactionType":"ENTER_TEXT"}]}
RESULT: {"script":"<script> [776 bytes]","args":[{"enterText":"Bucharest","selector":{"id":"application-managesites-display-component---NewSite--addressDetailDetailsCity1","interaction":{"idSuffix":"inner"}},"clearTextFirst":true,"interactionType":"ENTER_TEXT"}]}
COMMAND: POST /session/eec783fecbf0a41fe1bd0e21c7a60bf8/execute/async - {"script":"<script> [1562 bytes]","args":[{"selector":{"id":"application-managesites-display-component---NewSite--addressDetailDetailsCountry","interaction":{"idSuffix":"inner"}},"wdio_ui5_key":"applicationmanagesites-display-component---NewSite--addressDetailDetailsCountry"}]}
RESULT: {"script":"<script> [1562 bytes]","args":[{"selector":{"id":"application-managesites-display-component---NewSite--addressDetailDetailsCountry","interaction":{"idSuffix":"inner"}},"wdio_ui5_key":"applicationmanagesites-display-component---NewSite--addressDetailDetailsCountry"}]}
RESULT: undefined
COMMAND: POST /session/eec783fecbf0a41fe1bd0e21c7a60bf8/execute/async - {"script":"<script> [776 bytes]","args":[{"enterText":"Romania","selector":{"id":"application-managesites-display-component---NewSite--addressDetailDetailsCountry","interaction":{"idSuffix":"inner"}},"clearTextFirst":true,"interactionType":"ENTER_TEXT"}]}
RESULT: {"script":"<script> [776 bytes]","args":[{"enterText":"Romania","selector":{"id":"application-managesites-display-component---NewSite--addressDetailDetailsCountry","interaction":{"idSuffix":"inner"}},"clearTextFirst":true,"interactionType":"ENTER_TEXT"}]}
COMMAND: POST /session/eec783fecbf0a41fe1bd0e21c7a60bf8/element - {"using":"css selector","value":"#application-managesites-display-component---NewSite--addressDetailDetailsCalendar-inner"}
RESULT: {"using":"css selector","value":"#application-managesites-display-component---NewSite--addressDetailDetailsCalendar-inner"}
COMMAND: POST /session/eec783fecbf0a41fe1bd0e21c7a60bf8/element/f.C6480B129F3E0D11095D72FF7684A092.d.B48245B23EE858CCE510E2D617BC121D.e.12867/clear - {}
RESULT: {}
COMMAND: POST /session/eec783fecbf0a41fe1bd0e21c7a60bf8/element/f.C6480B129F3E0D11095D72FF7684A092.d.B48245B23EE858CCE510E2D617BC121D.e.12867/value - {"text":"Germany"}
COMMAND: GET /session/eec783fecbf0a41fe1bd0e21c7a60bf8/screenshot - {}
RESULT: {"text":"Germany"}
COMMAND: POST /session/eec783fecbf0a41fe1bd0e21c7a60bf8/execute/async - {"script":"<script> [1562 bytes]","args":[{"selector":{"id":"application-managesites-display-component---NewSite--addressEditDetailsCostObjectCstType-arrow"},"wdio_ui5_key":"applicationmanagesites-display-component---NewSite--addressEditDetailsCostObjectCstType-arrow"}]}
COMMAND: GET /session/eec783fecbf0a41fe1bd0e21c7a60bf8/screenshot - {}
RESULT: {}
RESULT: {"script":"<script> [1562 bytes]","args":[{"selector":{"id":"application-managesites-display-component---NewSite--addressEditDetailsCostObjectCstType-arrow"},"wdio_ui5_key":"applicationmanagesites-display-component---NewSite--addressEditDetailsCostObjectCstType-arrow"}]}
RESULT: undefined
COMMAND: POST /session/eec783fecbf0a41fe1bd0e21c7a60bf8/element - {"using":"xpath","value":"//*[@id=\"application-managesites-display-component---NewSite--addressEditDetailsCostObjectCstType-arrow\"]"}
RESULT: {}
RESULT: {"using":"xpath","value":"//*[@id=\"application-managesites-display-component---NewSite--addressEditDetailsCostObjectCstType-arrow\"]"}
COMMAND: POST /session/eec783fecbf0a41fe1bd0e21c7a60bf8/element/f.C6480B129F3E0D11095D72FF7684A092.d.B48245B23EE858CCE510E2D617BC121D.e.13052/click - {}
RESULT: {}
COMMAND: POST /session/eec783fecbf0a41fe1bd0e21c7a60bf8/element - {"using":"xpath","value":"//span[contains(text(), \"Work Breakdown Structure\")]"}
COMMAND: GET /session/eec783fecbf0a41fe1bd0e21c7a60bf8/screenshot - {}
RESULT: {"using":"xpath","value":"//span[contains(text(), \"Work Breakdown Structure\")]"}
COMMAND: POST /session/eec783fecbf0a41fe1bd0e21c7a60bf8/element/f.C6480B129F3E0D11095D72FF7684A092.d.B48245B23EE858CCE510E2D617BC121D.e.13053/click - {}
RESULT: {}
RESULT: {}
COMMAND: GET /session/eec783fecbf0a41fe1bd0e21c7a60bf8/screenshot - {}
RESULT: {}
COMMAND: POST /session/eec783fecbf0a41fe1bd0e21c7a60bf8/execute/async - {"script":"<script> [1562 bytes]","args":[{"selector":{"id":"application-managesites-display-component---NewSite--addressNewCostObjectCstID-vhi"},"wdio_ui5_key":"applicationmanagesites-display-component---NewSite--addressNewCostObjectCstID-vhi"}]}
RESULT: {"script":"<script> [1562 bytes]","args":[{"selector":{"id":"application-managesites-display-component---NewSite--addressNewCostObjectCstID-vhi"},"wdio_ui5_key":"applicationmanagesites-display-component---NewSite--addressNewCostObjectCstID-vhi"}]}
RESULT: undefined
COMMAND: POST /session/eec783fecbf0a41fe1bd0e21c7a60bf8/element - {"using":"xpath","value":"//*[@id=\"application-managesites-display-component---NewSite--addressNewCostObjectCstID-vhi\"]"}
RESULT: {"using":"xpath","value":"//*[@id=\"application-managesites-display-component---NewSite--addressNewCostObjectCstID-vhi\"]"}
COMMAND: POST /session/eec783fecbf0a41fe1bd0e21c7a60bf8/element/f.C6480B129F3E0D11095D72FF7684A092.d.B48245B23EE858CCE510E2D617BC121D.e.13058/click - {}
RESULT: {}
COMMAND: GET /session/eec783fecbf0a41fe1bd0e21c7a60bf8/screenshot - {}
RESULT: {}
COMMAND: POST /session/eec783fecbf0a41fe1bd0e21c7a60bf8/execute/async - {"script":"<script> [1562 bytes]","args":[{"selector":{"controlType":"sap.m.SearchField","properties":{"placeholder":"Search"},"searchOpenDialogs":true,"interaction":{"idSuffix":"I"}},"wdio_ui5_key":"sapm.SearchField{\"placeholder\":\"Search\"}"}]}
RESULT: {"script":"<script> [1562 bytes]","args":[{"selector":{"controlType":"sap.m.SearchField","properties":{"placeholder":"Search"},"searchOpenDialogs":true,"interaction":{"idSuffix":"I"}},"wdio_ui5_key":"sapm.SearchField{\"placeholder\":\"Search\"}"}]}
RESULT: undefined
COMMAND: POST /session/eec783fecbf0a41fe1bd0e21c7a60bf8/execute/async - {"script":"<script> [776 bytes]","args":[{"enterText":"A1-000100-01","selector":{"controlType":"sap.m.SearchField","properties":{"placeholder":"Search"},"searchOpenDialogs":true,"interaction":{"idSuffix":"I"}},"clearTextFirst":true,"interactionType":"ENTER_TEXT"}]}
RESULT: {"script":"<script> [776 bytes]","args":[{"enterText":"A1-000100-01","selector":{"controlType":"sap.m.SearchField","properties":{"placeholder":"Search"},"searchOpenDialogs":true,"interaction":{"idSuffix":"I"}},"clearTextFirst":true,"interactionType":"ENTER_TEXT"}]}
COMMAND: POST /session/eec783fecbf0a41fe1bd0e21c7a60bf8/actions - {"actions":[{"id":"action67","type":"key","parameters":{},"actions":[{"type":"keyDown","value":""},{"type":"pause","duration":10},{"type":"keyUp","value":""}]}]}
RESULT: {"actions":[{"id":"action67","type":"key","parameters":{},"actions":[{"type":"keyDown","value":""},{"type":"pause","duration":10},{"type":"keyUp","value":""}]}]}
COMMAND: GET /session/eec783fecbf0a41fe1bd0e21c7a60bf8/screenshot - {}
RESULT: {}
COMMAND: POST /session/eec783fecbf0a41fe1bd0e21c7a60bf8/element - {"using":"xpath","value":"//span[contains(text(), \"Template for ETO-Process\")]"}
RESULT: {"using":"xpath","value":"//span[contains(text(), \"Template for ETO-Process\")]"}
COMMAND: POST /session/eec783fecbf0a41fe1bd0e21c7a60bf8/element/f.C6480B129F3E0D11095D72FF7684A092.d.B48245B23EE858CCE510E2D617BC121D.e.13079/click - {}
RESULT: {}
COMMAND: GET /session/eec783fecbf0a41fe1bd0e21c7a60bf8/screenshot - {}
RESULT: {}
COMMAND: POST /session/eec783fecbf0a41fe1bd0e21c7a60bf8/element - {"using":"xpath","value":"//bdi[contains(text(), \"OK\")]"}
RESULT: {"using":"xpath","value":"//bdi[contains(text(), \"OK\")]"}
COMMAND: POST /session/eec783fecbf0a41fe1bd0e21c7a60bf8/element/f.C6480B129F3E0D11095D72FF7684A092.d.B48245B23EE858CCE510E2D617BC121D.e.13080/click - {}
RESULT: {}
COMMAND: GET /session/eec783fecbf0a41fe1bd0e21c7a60bf8/screenshot - {}
RESULT: {}
COMMAND: POST /session/eec783fecbf0a41fe1bd0e21c7a60bf8/element - {"using":"xpath","value":"//input[@id=\"application-managesites-display-component---NewSite--addressDetailDetailsYard-inner\"]"}
RESULT: {"using":"xpath","value":"//input[@id=\"application-managesites-display-component---NewSite--addressDetailDetailsYard-inner\"]"}
COMMAND: POST /session/eec783fecbf0a41fe1bd0e21c7a60bf8/element/f.C6480B129F3E0D11095D72FF7684A092.d.B48245B23EE858CCE510E2D617BC121D.e.12868/value - {"text":"WebdriverYardxu90w"}
RESULT: {"text":"WebdriverYardxu90w"}
COMMAND: GET /session/eec783fecbf0a41fe1bd0e21c7a60bf8/screenshot - {}
RESULT: {}
COMMAND: POST /session/eec783fecbf0a41fe1bd0e21c7a60bf8/actions - {"actions":[{"id":"action68","type":"key","parameters":{},"actions":[{"type":"keyDown","value":""},{"type":"pause","duration":10},{"type":"keyUp","value":""}]}]}
RESULT: {"actions":[{"id":"action68","type":"key","parameters":{},"actions":[{"type":"keyDown","value":""},{"type":"pause","duration":10},{"type":"keyUp","value":""}]}]}
COMMAND: GET /session/eec783fecbf0a41fe1bd0e21c7a60bf8/screenshot - {}
RESULT: {}
COMMAND: POST /session/eec783fecbf0a41fe1bd0e21c7a60bf8/element - {"using":"xpath","value":"//input[@id=\"application-managesites-display-component---NewSite--addressDetailDetailsPartner-inner\"]"}
RESULT: {"using":"xpath","value":"//input[@id=\"application-managesites-display-component---NewSite--addressDetailDetailsPartner-inner\"]"}
COMMAND: POST /session/eec783fecbf0a41fe1bd0e21c7a60bf8/elements - {"using":"xpath","value":"//input[@id=\"application-managesites-display-component---NewSite--addressDetailDetailsPartner-inner\"]"}
RESULT: {"using":"xpath","value":"//input[@id=\"application-managesites-display-component---NewSite--addressDetailDetailsPartner-inner\"]"}
COMMAND: POST /session/eec783fecbf0a41fe1bd0e21c7a60bf8/execute/async - {"script":"<script> [1562 bytes]","args":[{"selector":{"controlType":"sap.m.Button","viewName":"etm.portal.ui.managesites.view.NewSmartSite","viewId":"application-managesites-display-component---NewSite","properties":{"text":"Commercial"},"interaction":{"idSuffix":"BDI-content"}},"wdio_ui5_key":"etmportal.ui.managesites.view.NewSmartSitesap.m.Button{\"text\":\"Commercial\"}"}]}
RESULT: {"script":"<script> [1562 bytes]","args":[{"selector":{"controlType":"sap.m.Button","viewName":"etm.portal.ui.managesites.view.NewSmartSite","viewId":"application-managesites-display-component---NewSite","properties":{"text":"Commercial"},"interaction":{"idSuffix":"BDI-content"}},"wdio_ui5_key":"etmportal.ui.managesites.view.NewSmartSitesap.m.Button{\"text\":\"Commercial\"}"}]}
RESULT: undefined
COMMAND: POST /session/eec783fecbf0a41fe1bd0e21c7a60bf8/element - {"using":"xpath","value":"//*[@id=\"application-managesites-display-component---NewSite--ObjectPageLayout-anchBar-__section31-anchor\"]"}
RESULT: {"using":"xpath","value":"//*[@id=\"application-managesites-display-component---NewSite--ObjectPageLayout-anchBar-__section31-anchor\"]"}
COMMAND: POST /session/eec783fecbf0a41fe1bd0e21c7a60bf8/element/f.C6480B129F3E0D11095D72FF7684A092.d.B48245B23EE858CCE510E2D617BC121D.e.13087/click - {}
RESULT: {}
COMMAND: POST /session/eec783fecbf0a41fe1bd0e21c7a60bf8/execute/async - {"script":"<script> [1562 bytes]","args":[{"selector":{"controlType":"sap.m.Button","viewName":"etm.portal.ui.managesites.view.NewSmartSite","viewId":"application-managesites-display-component---NewSite","i18NText":{"propertyName":"text","key":"save"},"interaction":{"idSuffix":"BDI-content"}},"wdio_ui5_key":"etmportal.ui.managesites.view.NewSmartSitesap.m.Button{\"propertyName\":\"text\",\"key\":\"save\"}"}]}
COMMAND: GET /session/eec783fecbf0a41fe1bd0e21c7a60bf8/screenshot - {}
RESULT: {"script":"<script> [1562 bytes]","args":[{"selector":{"controlType":"sap.m.Button","viewName":"etm.portal.ui.managesites.view.NewSmartSite","viewId":"application-managesites-display-component---NewSite","i18NText":{"propertyName":"text","key":"save"},"interaction":{"idSuffix":"BDI-content"}},"wdio_ui5_key":"etmportal.ui.managesites.view.NewSmartSitesap.m.Button{\"propertyName\":\"text\",\"key\":\"save\"}"}]}
RESULT: undefined
COMMAND: POST /session/eec783fecbf0a41fe1bd0e21c7a60bf8/element - {"using":"xpath","value":"//*[@id=\"__button64\"]"}
RESULT: {}
RESULT: {"using":"xpath","value":"//*[@id=\"__button64\"]"}
COMMAND: POST /session/eec783fecbf0a41fe1bd0e21c7a60bf8/element/f.C6480B129F3E0D11095D72FF7684A092.d.B48245B23EE858CCE510E2D617BC121D.e.13040/click - {}
RESULT: {}
COMMAND: GET /session/eec783fecbf0a41fe1bd0e21c7a60bf8/screenshot - {}
RESULT: {}
COMMAND: POST /session/eec783fecbf0a41fe1bd0e21c7a60bf8/execute/async - {"script":"<script> [1562 bytes]","args":[{"selector":{"id":"application-managesites-display-component---detailSite--addressDetailDetailsYardText"},"wdio_ui5_key":"applicationmanagesites-display-component---detailSite--addressDetailDetailsYardText"}]}
RESULT: {"script":"<script> [1562 bytes]","args":[{"selector":{"id":"application-managesites-display-component---detailSite--addressDetailDetailsYardText"},"wdio_ui5_key":"applicationmanagesites-display-component---detailSite--addressDetailDetailsYardText"}]}
RESULT: undefined
COMMAND: POST /session/eec783fecbf0a41fe1bd0e21c7a60bf8/element - {"using":"xpath","value":"//header/div/div[2]/div[2]/span"}
RESULT: {"using":"xpath","value":"//header/div/div[2]/div[2]/span"}
COMMAND: GET /session/eec783fecbf0a41fe1bd0e21c7a60bf8/element/f.C6480B129F3E0D11095D72FF7684A092.d.B48245B23EE858CCE510E2D617BC121D.e.13291/text - {}
RESULT: {}
COMMAND: POST /session/eec783fecbf0a41fe1bd0e21c7a60bf8/element - {"using":"xpath","value":"//header/div/div/div/div/div/div[2]/div/span"}
RESULT: {"using":"xpath","value":"//header/div/div/div/div/div/div[2]/div/span"}
COMMAND: GET /session/eec783fecbf0a41fe1bd0e21c7a60bf8/element/f.C6480B129F3E0D11095D72FF7684A092.d.B48245B23EE858CCE510E2D617BC121D.e.13292/text - {}
RESULT: {}
COMMAND: POST /session/eec783fecbf0a41fe1bd0e21c7a60bf8/element - {"using":"css selector","value":"#shell-header-logo"}
RESULT: {"using":"css selector","value":"#shell-header-logo"}
COMMAND: POST /session/eec783fecbf0a41fe1bd0e21c7a60bf8/element/f.C6480B129F3E0D11095D72FF7684A092.d.B48245B23EE858CCE510E2D617BC121D.e.12448/click - {}
RESULT: {}
COMMAND: GET /session/eec783fecbf0a41fe1bd0e21c7a60bf8/screenshot - {}
RESULT: {}
]]></system-out>
    </testcase>
    <testcase classname="chrome.136_0_7103_93.windows.E2E_-_Logistical_and_commercial_statuses" name="It should stock increase the resource" time="212.501">
      <system-out><![CDATA[
COMMAND: POST /session/eec783fecbf0a41fe1bd0e21c7a60bf8/execute/async - {"script":"<script> [1562 bytes]","args":[{"selector":{"controlType":"sap.m.GenericTile","properties":{"header":"Manage Resources"}},"wdio_ui5_key":"sapm.GenericTile{\"header\":\"Manage Resources\"}"}]}
RESULT: {"script":"<script> [1562 bytes]","args":[{"selector":{"controlType":"sap.m.GenericTile","properties":{"header":"Manage Resources"}},"wdio_ui5_key":"sapm.GenericTile{\"header\":\"Manage Resources\"}"}]}
RESULT: undefined
COMMAND: POST /session/eec783fecbf0a41fe1bd0e21c7a60bf8/element - {"using":"xpath","value":"//*[@id=\"__tile39\"]"}
RESULT: {"using":"xpath","value":"//*[@id=\"__tile39\"]"}
COMMAND: POST /session/eec783fecbf0a41fe1bd0e21c7a60bf8/element/f.C6480B129F3E0D11095D72FF7684A092.d.B48245B23EE858CCE510E2D617BC121D.e.13294/click - {}
RESULT: {}
COMMAND: GET /session/eec783fecbf0a41fe1bd0e21c7a60bf8/screenshot - {}
RESULT: {}
COMMAND: POST /session/eec783fecbf0a41fe1bd0e21c7a60bf8/elements - {"using":"xpath","value":"//span[text()='Error']"}
RESULT: {"using":"xpath","value":"//span[text()='Error']"}
COMMAND: POST /session/eec783fecbf0a41fe1bd0e21c7a60bf8/element - {"using":"xpath","value":"//button[@data-kt=\"addNewRUOverflowToolbarButton\"]"}
RESULT: {"using":"xpath","value":"//button[@data-kt=\"addNewRUOverflowToolbarButton\"]"}
COMMAND: POST /session/eec783fecbf0a41fe1bd0e21c7a60bf8/execute/sync - {"script":"<script> [8489 bytes]","args":[{"element-6066-11e4-a52e-4f735466cecf":"f.C6480B129F3E0D11095D72FF7684A092.d.B48245B23EE858CCE510E2D617BC121D.e.13335","ELEMENT":"f.C6480B129F3E0D11095D72FF7684A092.d.B48245B23EE858CCE510E2D617BC121D.e.13335"}]}
RESULT: {"script":"<script> [8489 bytes]","args":[{"element-6066-11e4-a52e-4f735466cecf":"f.C6480B129F3E0D11095D72FF7684A092.d.B48245B23EE858CCE510E2D617BC121D.e.13335","ELEMENT":"f.C6480B129F3E0D11095D72FF7684A092.d.B48245B23EE858CCE510E2D617BC121D.e.13335"}]}
COMMAND: POST /session/eec783fecbf0a41fe1bd0e21c7a60bf8/element/f.C6480B129F3E0D11095D72FF7684A092.d.B48245B23EE858CCE510E2D617BC121D.e.13335/click - {}
COMMAND: GET /session/eec783fecbf0a41fe1bd0e21c7a60bf8/screenshot - {}
RESULT: {}
COMMAND: POST /session/eec783fecbf0a41fe1bd0e21c7a60bf8/execute/async - {"script":"<script> [1562 bytes]","args":[{"selector":{"id":"application-manageresources-display-component---newResourceUnit--TYPE-arrow"},"wdio_ui5_key":"applicationmanageresources-display-component---newResourceUnit--TYPE-arrow"}]}
COMMAND: GET /session/eec783fecbf0a41fe1bd0e21c7a60bf8/screenshot - {}
RESULT: {}
RESULT: {"script":"<script> [1562 bytes]","args":[{"selector":{"id":"application-manageresources-display-component---newResourceUnit--TYPE-arrow"},"wdio_ui5_key":"applicationmanageresources-display-component---newResourceUnit--TYPE-arrow"}]}
RESULT: undefined
COMMAND: POST /session/eec783fecbf0a41fe1bd0e21c7a60bf8/element - {"using":"xpath","value":"//*[@id=\"application-manageresources-display-component---newResourceUnit--TYPE-arrow\"]"}
RESULT: {}
RESULT: {"using":"xpath","value":"//*[@id=\"application-manageresources-display-component---newResourceUnit--TYPE-arrow\"]"}
COMMAND: POST /session/eec783fecbf0a41fe1bd0e21c7a60bf8/element/f.C6480B129F3E0D11095D72FF7684A092.d.B48245B23EE858CCE510E2D617BC121D.e.13661/click - {}
RESULT: {}
COMMAND: POST /session/eec783fecbf0a41fe1bd0e21c7a60bf8/execute/async - {"script":"<script> [1562 bytes]","args":[{"selector":{"controlType":"sap.m.StandardListItem","viewName":"reusables.view.manageresources.NewResourceUnit","viewId":"application-manageresources-display-component---newResourceUnit","properties":{"title":"Material"},"searchOpenDialogs":true,"interaction":{"idSuffix":"titleText"}},"wdio_ui5_key":"reusablesview.manageresources.NewResourceUnitsap.m.StandardListItem{\"title\":\"Material\"}"}]}
COMMAND: GET /session/eec783fecbf0a41fe1bd0e21c7a60bf8/screenshot - {}
RESULT: {"script":"<script> [1562 bytes]","args":[{"selector":{"controlType":"sap.m.StandardListItem","viewName":"reusables.view.manageresources.NewResourceUnit","viewId":"application-manageresources-display-component---newResourceUnit","properties":{"title":"Material"},"searchOpenDialogs":true,"interaction":{"idSuffix":"titleText"}},"wdio_ui5_key":"reusablesview.manageresources.NewResourceUnitsap.m.StandardListItem{\"title\":\"Material\"}"}]}
RESULT: undefined
COMMAND: POST /session/eec783fecbf0a41fe1bd0e21c7a60bf8/element - {"using":"xpath","value":"//*[@id=\"__item1062\"]"}
RESULT: {}
RESULT: {"using":"xpath","value":"//*[@id=\"__item1062\"]"}
COMMAND: POST /session/eec783fecbf0a41fe1bd0e21c7a60bf8/element/f.C6480B129F3E0D11095D72FF7684A092.d.B48245B23EE858CCE510E2D617BC121D.e.13664/click - {}
RESULT: {}
COMMAND: POST /session/eec783fecbf0a41fe1bd0e21c7a60bf8/execute/async - {"script":"<script> [1562 bytes]","args":[{"selector":{"id":"application-manageresources-display-component---newResourceUnit--SHORT_TEXT","interaction":{"idSuffix":"inner"}},"wdio_ui5_key":"applicationmanageresources-display-component---newResourceUnit--SHORT_TEXT"}]}
COMMAND: GET /session/eec783fecbf0a41fe1bd0e21c7a60bf8/screenshot - {}
RESULT: {"script":"<script> [1562 bytes]","args":[{"selector":{"id":"application-manageresources-display-component---newResourceUnit--SHORT_TEXT","interaction":{"idSuffix":"inner"}},"wdio_ui5_key":"applicationmanageresources-display-component---newResourceUnit--SHORT_TEXT"}]}
RESULT: undefined
COMMAND: POST /session/eec783fecbf0a41fe1bd0e21c7a60bf8/execute/async - {"script":"<script> [776 bytes]","args":[{"enterText":"WebdriverMatTesttwqqr","selector":{"id":"application-manageresources-display-component---newResourceUnit--SHORT_TEXT","interaction":{"idSuffix":"inner"}},"clearTextFirst":true,"interactionType":"ENTER_TEXT"}]}
RESULT: {}
RESULT: {"script":"<script> [776 bytes]","args":[{"enterText":"WebdriverMatTesttwqqr","selector":{"id":"application-manageresources-display-component---newResourceUnit--SHORT_TEXT","interaction":{"idSuffix":"inner"}},"clearTextFirst":true,"interactionType":"ENTER_TEXT"}]}
COMMAND: POST /session/eec783fecbf0a41fe1bd0e21c7a60bf8/execute/async - {"script":"<script> [1562 bytes]","args":[{"selector":{"id":"application-manageresources-display-component---newResourceUnit--BASE_UNIT_OF_MEASURE-arrow"},"wdio_ui5_key":"applicationmanageresources-display-component---newResourceUnit--BASE_UNIT_OF_MEASURE-arrow"}]}
RESULT: {"script":"<script> [1562 bytes]","args":[{"selector":{"id":"application-manageresources-display-component---newResourceUnit--BASE_UNIT_OF_MEASURE-arrow"},"wdio_ui5_key":"applicationmanageresources-display-component---newResourceUnit--BASE_UNIT_OF_MEASURE-arrow"}]}
RESULT: undefined
COMMAND: POST /session/eec783fecbf0a41fe1bd0e21c7a60bf8/element - {"using":"xpath","value":"//*[@id=\"application-manageresources-display-component---newResourceUnit--BASE_UNIT_OF_MEASURE-arrow\"]"}
RESULT: {"using":"xpath","value":"//*[@id=\"application-manageresources-display-component---newResourceUnit--BASE_UNIT_OF_MEASURE-arrow\"]"}
COMMAND: POST /session/eec783fecbf0a41fe1bd0e21c7a60bf8/element/f.C6480B129F3E0D11095D72FF7684A092.d.B48245B23EE858CCE510E2D617BC121D.e.13784/click - {}
RESULT: {}
COMMAND: POST /session/eec783fecbf0a41fe1bd0e21c7a60bf8/execute/async - {"script":"<script> [1562 bytes]","args":[{"selector":{"controlType":"sap.m.StandardListItem","viewName":"reusables.view.manageresources.NewResourceUnit","viewId":"application-manageresources-display-component---newResourceUnit","properties":{"title":"Piece"},"searchOpenDialogs":true,"interaction":{"idSuffix":"titleText"}},"wdio_ui5_key":"reusablesview.manageresources.NewResourceUnitsap.m.StandardListItem{\"title\":\"Piece\"}"}]}
COMMAND: GET /session/eec783fecbf0a41fe1bd0e21c7a60bf8/screenshot - {}
RESULT: {"script":"<script> [1562 bytes]","args":[{"selector":{"controlType":"sap.m.StandardListItem","viewName":"reusables.view.manageresources.NewResourceUnit","viewId":"application-manageresources-display-component---newResourceUnit","properties":{"title":"Piece"},"searchOpenDialogs":true,"interaction":{"idSuffix":"titleText"}},"wdio_ui5_key":"reusablesview.manageresources.NewResourceUnitsap.m.StandardListItem{\"title\":\"Piece\"}"}]}
RESULT: undefined
COMMAND: POST /session/eec783fecbf0a41fe1bd0e21c7a60bf8/element - {"using":"xpath","value":"//*[@id=\"__item1115\"]"}
RESULT: {}
RESULT: {"using":"xpath","value":"//*[@id=\"__item1115\"]"}
COMMAND: POST /session/eec783fecbf0a41fe1bd0e21c7a60bf8/element/f.C6480B129F3E0D11095D72FF7684A092.d.B48245B23EE858CCE510E2D617BC121D.e.13786/click - {}
RESULT: {}
COMMAND: POST /session/eec783fecbf0a41fe1bd0e21c7a60bf8/element - {"using":"xpath","value":"//input[contains(@id ,\"application-manageresources-display-component---newResourceUnit--SHORT_TEXT-inner\")]"}
COMMAND: GET /session/eec783fecbf0a41fe1bd0e21c7a60bf8/screenshot - {}
RESULT: {"using":"xpath","value":"//input[contains(@id ,\"application-manageresources-display-component---newResourceUnit--SHORT_TEXT-inner\")]"}
COMMAND: GET /session/eec783fecbf0a41fe1bd0e21c7a60bf8/element/f.C6480B129F3E0D11095D72FF7684A092.d.B48245B23EE858CCE510E2D617BC121D.e.13681/property/value - {}
RESULT: {}
RESULT: {}
COMMAND: POST /session/eec783fecbf0a41fe1bd0e21c7a60bf8/execute/async - {"script":"<script> [1562 bytes]","args":[{"selector":{"id":"application-manageresources-display-component---newResourceUnit--WEIGHT_UNIT-arrow"},"wdio_ui5_key":"applicationmanageresources-display-component---newResourceUnit--WEIGHT_UNIT-arrow"}]}
COMMAND: GET /session/eec783fecbf0a41fe1bd0e21c7a60bf8/screenshot - {}
RESULT: {"script":"<script> [1562 bytes]","args":[{"selector":{"id":"application-manageresources-display-component---newResourceUnit--WEIGHT_UNIT-arrow"},"wdio_ui5_key":"applicationmanageresources-display-component---newResourceUnit--WEIGHT_UNIT-arrow"}]}
RESULT: undefined
COMMAND: POST /session/eec783fecbf0a41fe1bd0e21c7a60bf8/element - {"using":"xpath","value":"//*[@id=\"application-manageresources-display-component---newResourceUnit--WEIGHT_UNIT-arrow\"]"}
RESULT: {}
RESULT: {"using":"xpath","value":"//*[@id=\"application-manageresources-display-component---newResourceUnit--WEIGHT_UNIT-arrow\"]"}
COMMAND: POST /session/eec783fecbf0a41fe1bd0e21c7a60bf8/element/f.C6480B129F3E0D11095D72FF7684A092.d.B48245B23EE858CCE510E2D617BC121D.e.13787/click - {}
RESULT: {}
COMMAND: POST /session/eec783fecbf0a41fe1bd0e21c7a60bf8/execute/async - {"script":"<script> [1562 bytes]","args":[{"selector":{"controlType":"sap.m.StandardListItem","viewName":"reusables.view.manageresources.NewResourceUnit","viewId":"application-manageresources-display-component---newResourceUnit","properties":{"title":"Gram"},"searchOpenDialogs":true,"interaction":{"idSuffix":"content"}},"wdio_ui5_key":"reusablesview.manageresources.NewResourceUnitsap.m.StandardListItem{\"title\":\"Gram\"}"}]}
COMMAND: GET /session/eec783fecbf0a41fe1bd0e21c7a60bf8/screenshot - {}
RESULT: {"script":"<script> [1562 bytes]","args":[{"selector":{"controlType":"sap.m.StandardListItem","viewName":"reusables.view.manageresources.NewResourceUnit","viewId":"application-manageresources-display-component---newResourceUnit","properties":{"title":"Gram"},"searchOpenDialogs":true,"interaction":{"idSuffix":"content"}},"wdio_ui5_key":"reusablesview.manageresources.NewResourceUnitsap.m.StandardListItem{\"title\":\"Gram\"}"}]}
RESULT: undefined
COMMAND: POST /session/eec783fecbf0a41fe1bd0e21c7a60bf8/element - {"using":"xpath","value":"//*[@id=\"__item1180\"]"}
RESULT: {}
RESULT: {"using":"xpath","value":"//*[@id=\"__item1180\"]"}
COMMAND: POST /session/eec783fecbf0a41fe1bd0e21c7a60bf8/element/f.C6480B129F3E0D11095D72FF7684A092.d.B48245B23EE858CCE510E2D617BC121D.e.13789/click - {}
RESULT: {}
COMMAND: POST /session/eec783fecbf0a41fe1bd0e21c7a60bf8/execute/async - {"script":"<script> [1562 bytes]","args":[{"selector":{"id":"application-manageresources-display-component---newResourceUnit--newRRUPage-OPHeaderContent-collapseBtn-img"},"wdio_ui5_key":"applicationmanageresources-display-component---newResourceUnit--newRRUPage-OPHeaderContent-collapseBtn-img"}]}
COMMAND: GET /session/eec783fecbf0a41fe1bd0e21c7a60bf8/screenshot - {}
RESULT: {"script":"<script> [1562 bytes]","args":[{"selector":{"id":"application-manageresources-display-component---newResourceUnit--newRRUPage-OPHeaderContent-collapseBtn-img"},"wdio_ui5_key":"applicationmanageresources-display-component---newResourceUnit--newRRUPage-OPHeaderContent-collapseBtn-img"}]}
RESULT: undefined
COMMAND: POST /session/eec783fecbf0a41fe1bd0e21c7a60bf8/element - {"using":"xpath","value":"//*[@id=\"application-manageresources-display-component---newResourceUnit--newRRUPage-OPHeaderContent-collapseBtn-img\"]"}
RESULT: {}
RESULT: {"using":"xpath","value":"//*[@id=\"application-manageresources-display-component---newResourceUnit--newRRUPage-OPHeaderContent-collapseBtn-img\"]"}
COMMAND: POST /session/eec783fecbf0a41fe1bd0e21c7a60bf8/element/f.C6480B129F3E0D11095D72FF7684A092.d.B48245B23EE858CCE510E2D617BC121D.e.13671/click - {}
RESULT: {}
COMMAND: GET /session/eec783fecbf0a41fe1bd0e21c7a60bf8/screenshot - {}
RESULT: {}
COMMAND: POST /session/eec783fecbf0a41fe1bd0e21c7a60bf8/element - {"using":"xpath","value":"(//span[contains(@id ,\"application-manageresources-display-component---newResourceUnit--DIMENSION_UNIT-arrow\")])[1]"}
RESULT: {"using":"xpath","value":"(//span[contains(@id ,\"application-manageresources-display-component---newResourceUnit--DIMENSION_UNIT-arrow\")])[1]"}
COMMAND: POST /session/eec783fecbf0a41fe1bd0e21c7a60bf8/element/f.C6480B129F3E0D11095D72FF7684A092.d.B48245B23EE858CCE510E2D617BC121D.e.13793/click - {}
RESULT: {}
COMMAND: GET /session/eec783fecbf0a41fe1bd0e21c7a60bf8/screenshot - {}
RESULT: {}
COMMAND: POST /session/eec783fecbf0a41fe1bd0e21c7a60bf8/execute/async - {"script":"<script> [1562 bytes]","args":[{"selector":{"controlType":"sap.m.StandardListItem","viewName":"reusables.view.manageresources.NewResourceUnit","viewId":"application-manageresources-display-component---newResourceUnit","properties":{"title":"Centimeter"},"searchOpenDialogs":true,"interaction":{"idSuffix":"titleText"}},"wdio_ui5_key":"reusablesview.manageresources.NewResourceUnitsap.m.StandardListItem{\"title\":\"Centimeter\"}"}]}
RESULT: {"script":"<script> [1562 bytes]","args":[{"selector":{"controlType":"sap.m.StandardListItem","viewName":"reusables.view.manageresources.NewResourceUnit","viewId":"application-manageresources-display-component---newResourceUnit","properties":{"title":"Centimeter"},"searchOpenDialogs":true,"interaction":{"idSuffix":"titleText"}},"wdio_ui5_key":"reusablesview.manageresources.NewResourceUnitsap.m.StandardListItem{\"title\":\"Centimeter\"}"}]}
RESULT: undefined
COMMAND: POST /session/eec783fecbf0a41fe1bd0e21c7a60bf8/element - {"using":"xpath","value":"//*[@id=\"__item1183\"]"}
RESULT: {"using":"xpath","value":"//*[@id=\"__item1183\"]"}
COMMAND: POST /session/eec783fecbf0a41fe1bd0e21c7a60bf8/element/f.C6480B129F3E0D11095D72FF7684A092.d.B48245B23EE858CCE510E2D617BC121D.e.13797/click - {}
RESULT: {}
COMMAND: POST /session/eec783fecbf0a41fe1bd0e21c7a60bf8/execute/async - {"script":"<script> [1562 bytes]","args":[{"selector":{"id":"application-manageresources-display-component---newResourceUnit--newRRUPage-anchBar-application-manageresources-display-component---newResourceUnit--reference-anchor","interaction":{"idSuffix":"BDI-content"}},"wdio_ui5_key":"applicationmanageresources-display-component---newResourceUnit--newRRUPage-anchBar-application-manageresources-display-component---newResourceUnit--reference-anchor"}]}
COMMAND: GET /session/eec783fecbf0a41fe1bd0e21c7a60bf8/screenshot - {}
RESULT: {"script":"<script> [1562 bytes]","args":[{"selector":{"id":"application-manageresources-display-component---newResourceUnit--newRRUPage-anchBar-application-manageresources-display-component---newResourceUnit--reference-anchor","interaction":{"idSuffix":"BDI-content"}},"wdio_ui5_key":"applicationmanageresources-display-component---newResourceUnit--newRRUPage-anchBar-application-manageresources-display-component---newResourceUnit--reference-anchor"}]}
RESULT: undefined
COMMAND: POST /session/eec783fecbf0a41fe1bd0e21c7a60bf8/element - {"using":"xpath","value":"//*[@id=\"application-manageresources-display-component---newResourceUnit--newRRUPage-anchBar-application-manageresources-display-component---newResourceUnit--reference-anchor\"]"}
RESULT: {}
RESULT: {"using":"xpath","value":"//*[@id=\"application-manageresources-display-component---newResourceUnit--newRRUPage-anchBar-application-manageresources-display-component---newResourceUnit--reference-anchor\"]"}
COMMAND: POST /session/eec783fecbf0a41fe1bd0e21c7a60bf8/element/f.C6480B129F3E0D11095D72FF7684A092.d.B48245B23EE858CCE510E2D617BC121D.e.13799/click - {}
RESULT: {}
COMMAND: POST /session/eec783fecbf0a41fe1bd0e21c7a60bf8/execute/async - {"script":"<script> [1562 bytes]","args":[{"selector":{"id":"application-manageresources-display-component---newResourceUnit--PLANNING_GROUP-arrow"},"wdio_ui5_key":"applicationmanageresources-display-component---newResourceUnit--PLANNING_GROUP-arrow"}]}
COMMAND: GET /session/eec783fecbf0a41fe1bd0e21c7a60bf8/screenshot - {}
RESULT: {"script":"<script> [1562 bytes]","args":[{"selector":{"id":"application-manageresources-display-component---newResourceUnit--PLANNING_GROUP-arrow"},"wdio_ui5_key":"applicationmanageresources-display-component---newResourceUnit--PLANNING_GROUP-arrow"}]}
RESULT: undefined
COMMAND: POST /session/eec783fecbf0a41fe1bd0e21c7a60bf8/element - {"using":"xpath","value":"//*[@id=\"application-manageresources-display-component---newResourceUnit--PLANNING_GROUP-arrow\"]"}
RESULT: {}
RESULT: {"using":"xpath","value":"//*[@id=\"application-manageresources-display-component---newResourceUnit--PLANNING_GROUP-arrow\"]"}
COMMAND: POST /session/eec783fecbf0a41fe1bd0e21c7a60bf8/element/f.C6480B129F3E0D11095D72FF7684A092.d.B48245B23EE858CCE510E2D617BC121D.e.13803/click - {}
RESULT: {}
COMMAND: POST /session/eec783fecbf0a41fe1bd0e21c7a60bf8/execute/async - {"script":"<script> [1562 bytes]","args":[{"selector":{"controlType":"sap.m.StandardListItem","viewName":"reusables.view.manageresources.NewResourceUnit","viewId":"application-manageresources-display-component---newResourceUnit","properties":{"title":"Heavy Equi"},"searchOpenDialogs":true,"interaction":{"idSuffix":"content"}},"wdio_ui5_key":"reusablesview.manageresources.NewResourceUnitsap.m.StandardListItem{\"title\":\"Heavy Equi\"}"}]}
COMMAND: GET /session/eec783fecbf0a41fe1bd0e21c7a60bf8/screenshot - {}
RESULT: {"script":"<script> [1562 bytes]","args":[{"selector":{"controlType":"sap.m.StandardListItem","viewName":"reusables.view.manageresources.NewResourceUnit","viewId":"application-manageresources-display-component---newResourceUnit","properties":{"title":"Heavy Equi"},"searchOpenDialogs":true,"interaction":{"idSuffix":"content"}},"wdio_ui5_key":"reusablesview.manageresources.NewResourceUnitsap.m.StandardListItem{\"title\":\"Heavy Equi\"}"}]}
RESULT: undefined
COMMAND: POST /session/eec783fecbf0a41fe1bd0e21c7a60bf8/element - {"using":"xpath","value":"//*[@id=\"__item1191\"]"}
RESULT: {}
RESULT: {"using":"xpath","value":"//*[@id=\"__item1191\"]"}
COMMAND: POST /session/eec783fecbf0a41fe1bd0e21c7a60bf8/element/f.C6480B129F3E0D11095D72FF7684A092.d.B48245B23EE858CCE510E2D617BC121D.e.13807/click - {}
RESULT: {}
COMMAND: GET /session/eec783fecbf0a41fe1bd0e21c7a60bf8/screenshot - {}
RESULT: {}
COMMAND: POST /session/eec783fecbf0a41fe1bd0e21c7a60bf8/execute/async - {"script":"<script> [1562 bytes]","args":[{"selector":{"id":"application-manageresources-display-component---newResourceUnit--PLANNING_INDICATOR-arrow"},"wdio_ui5_key":"applicationmanageresources-display-component---newResourceUnit--PLANNING_INDICATOR-arrow"}]}
RESULT: {"script":"<script> [1562 bytes]","args":[{"selector":{"id":"application-manageresources-display-component---newResourceUnit--PLANNING_INDICATOR-arrow"},"wdio_ui5_key":"applicationmanageresources-display-component---newResourceUnit--PLANNING_INDICATOR-arrow"}]}
RESULT: undefined
COMMAND: POST /session/eec783fecbf0a41fe1bd0e21c7a60bf8/element - {"using":"xpath","value":"//*[@id=\"application-manageresources-display-component---newResourceUnit--PLANNING_INDICATOR-arrow\"]"}
RESULT: {"using":"xpath","value":"//*[@id=\"application-manageresources-display-component---newResourceUnit--PLANNING_INDICATOR-arrow\"]"}
COMMAND: POST /session/eec783fecbf0a41fe1bd0e21c7a60bf8/element/f.C6480B129F3E0D11095D72FF7684A092.d.B48245B23EE858CCE510E2D617BC121D.e.13808/click - {}
RESULT: {}
COMMAND: POST /session/eec783fecbf0a41fe1bd0e21c7a60bf8/execute/async - {"script":"<script> [1562 bytes]","args":[{"selector":{"controlType":"sap.m.StandardListItem","viewName":"reusables.view.manageresources.NewResourceUnit","viewId":"application-manageresources-display-component---newResourceUnit","properties":{"title":"10 - infinite"},"searchOpenDialogs":true,"interaction":{"idSuffix":"content"}},"wdio_ui5_key":"reusablesview.manageresources.NewResourceUnitsap.m.StandardListItem{\"title\":\"10 - infinite\"}"}]}
COMMAND: GET /session/eec783fecbf0a41fe1bd0e21c7a60bf8/screenshot - {}
RESULT: {"script":"<script> [1562 bytes]","args":[{"selector":{"controlType":"sap.m.StandardListItem","viewName":"reusables.view.manageresources.NewResourceUnit","viewId":"application-manageresources-display-component---newResourceUnit","properties":{"title":"10 - infinite"},"searchOpenDialogs":true,"interaction":{"idSuffix":"content"}},"wdio_ui5_key":"reusablesview.manageresources.NewResourceUnitsap.m.StandardListItem{\"title\":\"10 - infinite\"}"}]}
RESULT: undefined
COMMAND: POST /session/eec783fecbf0a41fe1bd0e21c7a60bf8/element - {"using":"xpath","value":"//*[@id=\"__item1201\"]"}
RESULT: {}
RESULT: {"using":"xpath","value":"//*[@id=\"__item1201\"]"}
COMMAND: POST /session/eec783fecbf0a41fe1bd0e21c7a60bf8/element/f.C6480B129F3E0D11095D72FF7684A092.d.B48245B23EE858CCE510E2D617BC121D.e.13810/click - {}
RESULT: {}
COMMAND: GET /session/eec783fecbf0a41fe1bd0e21c7a60bf8/screenshot - {}
RESULT: {}
COMMAND: POST /session/eec783fecbf0a41fe1bd0e21c7a60bf8/element - {"using":"xpath","value":"//bdi[contains(text(), \"Time Segment\")]"}
RESULT: {"using":"xpath","value":"//bdi[contains(text(), \"Time Segment\")]"}
COMMAND: GET /session/eec783fecbf0a41fe1bd0e21c7a60bf8/element/f.C6480B129F3E0D11095D72FF7684A092.d.B48245B23EE858CCE510E2D617BC121D.e.13811/rect - {}
RESULT: {}
COMMAND: GET /session/eec783fecbf0a41fe1bd0e21c7a60bf8/window/rect - {}
RESULT: {}
COMMAND: POST /session/eec783fecbf0a41fe1bd0e21c7a60bf8/execute/sync - {"script":"<script> [92 bytes]","args":[]}
RESULT: {"script":"<script> [92 bytes]","args":[]}
COMMAND: POST /session/eec783fecbf0a41fe1bd0e21c7a60bf8/actions - {"actions":[{"id":"action69","type":"wheel","parameters":{},"actions":[{"type":"scroll","x":-1820,"y":-21,"deltaX":0,"deltaY":0,"duration":0,"origin":{"element-6066-11e4-a52e-4f735466cecf":"f.C6480B129F3E0D11095D72FF7684A092.d.B48245B23EE858CCE510E2D617BC121D.e.13811"}}]}]}
COMMAND: GET /session/eec783fecbf0a41fe1bd0e21c7a60bf8/screenshot - {}
RESULT: {}
COMMAND: POST /session/eec783fecbf0a41fe1bd0e21c7a60bf8/execute/sync - {"script":"<script> [79 bytes]","args":[{"element-6066-11e4-a52e-4f735466cecf":"f.C6480B129F3E0D11095D72FF7684A092.d.B48245B23EE858CCE510E2D617BC121D.e.13811","ELEMENT":"f.C6480B129F3E0D11095D72FF7684A092.d.B48245B23EE858CCE510E2D617BC121D.e.13811"},{"block":"start","inline":"nearest"}]}
RESULT: {"script":"<script> [79 bytes]","args":[{"element-6066-11e4-a52e-4f735466cecf":"f.C6480B129F3E0D11095D72FF7684A092.d.B48245B23EE858CCE510E2D617BC121D.e.13811","ELEMENT":"f.C6480B129F3E0D11095D72FF7684A092.d.B48245B23EE858CCE510E2D617BC121D.e.13811"},{"block":"start","inline":"nearest"}]}
COMMAND: GET /session/eec783fecbf0a41fe1bd0e21c7a60bf8/screenshot - {}
RESULT: {}
COMMAND: POST /session/eec783fecbf0a41fe1bd0e21c7a60bf8/element - {"using":"xpath","value":"//span[@id=\"application-manageresources-display-component---newResourceUnit--btnAddTimeSegment-img\"]"}
RESULT: {"using":"xpath","value":"//span[@id=\"application-manageresources-display-component---newResourceUnit--btnAddTimeSegment-img\"]"}
COMMAND: POST /session/eec783fecbf0a41fe1bd0e21c7a60bf8/execute/sync - {"script":"<script> [8489 bytes]","args":[{"element-6066-11e4-a52e-4f735466cecf":"f.C6480B129F3E0D11095D72FF7684A092.d.B48245B23EE858CCE510E2D617BC121D.e.13814","ELEMENT":"f.C6480B129F3E0D11095D72FF7684A092.d.B48245B23EE858CCE510E2D617BC121D.e.13814"}]}
RESULT: {"script":"<script> [8489 bytes]","args":[{"element-6066-11e4-a52e-4f735466cecf":"f.C6480B129F3E0D11095D72FF7684A092.d.B48245B23EE858CCE510E2D617BC121D.e.13814","ELEMENT":"f.C6480B129F3E0D11095D72FF7684A092.d.B48245B23EE858CCE510E2D617BC121D.e.13814"}]}
COMMAND: POST /session/eec783fecbf0a41fe1bd0e21c7a60bf8/element/f.C6480B129F3E0D11095D72FF7684A092.d.B48245B23EE858CCE510E2D617BC121D.e.13814/click - {}
COMMAND: GET /session/eec783fecbf0a41fe1bd0e21c7a60bf8/screenshot - {}
RESULT: {}
COMMAND: GET /session/eec783fecbf0a41fe1bd0e21c7a60bf8/screenshot - {}
RESULT: {}
COMMAND: POST /session/eec783fecbf0a41fe1bd0e21c7a60bf8/element - {"using":"xpath","value":"//input[@id=\"application-manageresources-display-component---newResourceUnit--idRuTSAdmin-application-manageresources-display-component---newResourceUnit--RUTimeSegment-0-inner\"]"}
RESULT: {}
RESULT: {"using":"xpath","value":"//input[@id=\"application-manageresources-display-component---newResourceUnit--idRuTSAdmin-application-manageresources-display-component---newResourceUnit--RUTimeSegment-0-inner\"]"}
COMMAND: POST /session/eec783fecbf0a41fe1bd0e21c7a60bf8/element/f.C6480B129F3E0D11095D72FF7684A092.d.B48245B23EE858CCE510E2D617BC121D.e.13817/clear - {}
RESULT: {}
COMMAND: POST /session/eec783fecbf0a41fe1bd0e21c7a60bf8/element/f.C6480B129F3E0D11095D72FF7684A092.d.B48245B23EE858CCE510E2D617BC121D.e.13817/value - {"text":"WebdriverYardxu90w"}
COMMAND: GET /session/eec783fecbf0a41fe1bd0e21c7a60bf8/screenshot - {}
RESULT: {"text":"WebdriverYardxu90w"}
COMMAND: GET /session/eec783fecbf0a41fe1bd0e21c7a60bf8/screenshot - {}
RESULT: {}
RESULT: {}
COMMAND: POST /session/eec783fecbf0a41fe1bd0e21c7a60bf8/actions - {"actions":[{"id":"action70","type":"key","parameters":{},"actions":[{"type":"keyDown","value":""},{"type":"pause","duration":10},{"type":"keyUp","value":""}]}]}
RESULT: {"actions":[{"id":"action70","type":"key","parameters":{},"actions":[{"type":"keyDown","value":""},{"type":"pause","duration":10},{"type":"keyUp","value":""}]}]}
COMMAND: GET /session/eec783fecbf0a41fe1bd0e21c7a60bf8/screenshot - {}
RESULT: {}
COMMAND: POST /session/eec783fecbf0a41fe1bd0e21c7a60bf8/execute/async - {"script":"<script> [1562 bytes]","args":[{"selector":{"controlType":"sap.m.Button","viewName":"reusables.view.manageresources.NewResourceUnit","viewId":"application-manageresources-display-component---newResourceUnit","i18NText":{"propertyName":"tooltip","key":"save"},"interaction":{"idSuffix":"BDI-content"}},"wdio_ui5_key":"reusablesview.manageresources.NewResourceUnitsap.m.Button{\"propertyName\":\"tooltip\",\"key\":\"save\"}"}]}
RESULT: {"script":"<script> [1562 bytes]","args":[{"selector":{"controlType":"sap.m.Button","viewName":"reusables.view.manageresources.NewResourceUnit","viewId":"application-manageresources-display-component---newResourceUnit","i18NText":{"propertyName":"tooltip","key":"save"},"interaction":{"idSuffix":"BDI-content"}},"wdio_ui5_key":"reusablesview.manageresources.NewResourceUnitsap.m.Button{\"propertyName\":\"tooltip\",\"key\":\"save\"}"}]}
RESULT: undefined
COMMAND: POST /session/eec783fecbf0a41fe1bd0e21c7a60bf8/element - {"using":"xpath","value":"//*[@id=\"application-manageresources-display-component---newResourceUnit--createRuButton\"]"}
RESULT: {"using":"xpath","value":"//*[@id=\"application-manageresources-display-component---newResourceUnit--createRuButton\"]"}
COMMAND: POST /session/eec783fecbf0a41fe1bd0e21c7a60bf8/element/f.C6480B129F3E0D11095D72FF7684A092.d.B48245B23EE858CCE510E2D617BC121D.e.13677/click - {}
RESULT: {}
COMMAND: GET /session/eec783fecbf0a41fe1bd0e21c7a60bf8/screenshot - {}
RESULT: {}
COMMAND: POST /session/eec783fecbf0a41fe1bd0e21c7a60bf8/execute/async - {"script":"<script> [1562 bytes]","args":[{"selector":{"controlType":"sap.m.Title","properties":{"text":"Success"},"searchOpenDialogs":true},"wdio_ui5_key":"sapm.Title{\"text\":\"Success\"}"}]}
RESULT: {"script":"<script> [1562 bytes]","args":[{"selector":{"controlType":"sap.m.Title","properties":{"text":"Success"},"searchOpenDialogs":true},"wdio_ui5_key":"sapm.Title{\"text\":\"Success\"}"}]}
RESULT: undefined
COMMAND: POST /session/eec783fecbf0a41fe1bd0e21c7a60bf8/execute/async - {"script":"<script> [6424 bytes]","args":[{"element-6066-11e4-a52e-4f735466cecf":"f.C6480B129F3E0D11095D72FF7684A092.d.B48245B23EE858CCE510E2D617BC121D.e.13832"},"getText",[]]}
RESULT: {"script":"<script> [6424 bytes]","args":[{"element-6066-11e4-a52e-4f735466cecf":"f.C6480B129F3E0D11095D72FF7684A092.d.B48245B23EE858CCE510E2D617BC121D.e.13832"},"getText",[]]}
COMMAND: POST /session/eec783fecbf0a41fe1bd0e21c7a60bf8/element - {"using":"xpath","value":"//*[contains(@id, '__text') and (contains(text(), 'successfully created') or contains(., 'successfully created'))]"}
RESULT: {"using":"xpath","value":"//*[contains(@id, '__text') and (contains(text(), 'successfully created') or contains(., 'successfully created'))]"}
COMMAND: GET /session/eec783fecbf0a41fe1bd0e21c7a60bf8/element/f.C6480B129F3E0D11095D72FF7684A092.d.B48245B23EE858CCE510E2D617BC121D.e.13831/text - {}
RESULT: {}
COMMAND: POST /session/eec783fecbf0a41fe1bd0e21c7a60bf8/execute/async - {"script":"<script> [1562 bytes]","args":[{"selector":{"controlType":"sap.m.Button","properties":{"text":"Close"},"searchOpenDialogs":true,"interaction":{"idSuffix":"BDI-content"}},"wdio_ui5_key":"sapm.Button{\"text\":\"Close\"}"}]}
RESULT: {"script":"<script> [1562 bytes]","args":[{"selector":{"controlType":"sap.m.Button","properties":{"text":"Close"},"searchOpenDialogs":true,"interaction":{"idSuffix":"BDI-content"}},"wdio_ui5_key":"sapm.Button{\"text\":\"Close\"}"}]}
RESULT: undefined
COMMAND: POST /session/eec783fecbf0a41fe1bd0e21c7a60bf8/element - {"using":"xpath","value":"//*[@id=\"__mbox-btn-0\"]"}
RESULT: {"using":"xpath","value":"//*[@id=\"__mbox-btn-0\"]"}
COMMAND: POST /session/eec783fecbf0a41fe1bd0e21c7a60bf8/element/f.C6480B129F3E0D11095D72FF7684A092.d.B48245B23EE858CCE510E2D617BC121D.e.13829/click - {}
RESULT: {}
COMMAND: GET /session/eec783fecbf0a41fe1bd0e21c7a60bf8/screenshot - {}
RESULT: {}
COMMAND: POST /session/eec783fecbf0a41fe1bd0e21c7a60bf8/execute/async - {"script":"<script> [1562 bytes]","args":[{"selector":{"controlType":"sap.ui.core.Icon","viewName":"etm.portal.ui.manageresources.view.Detail","viewId":"application-manageresources-display-component---detailRU","properties":{"src":{"regex":{"source":"overflow"}}}},"wdio_ui5_key":"etmportal.ui.manageresources.view.Detailsap.ui.core.Icon{\"src\":{\"regex\":{\"source\":\"overflow\"}}}"}]}
RESULT: {"script":"<script> [1562 bytes]","args":[{"selector":{"controlType":"sap.ui.core.Icon","viewName":"etm.portal.ui.manageresources.view.Detail","viewId":"application-manageresources-display-component---detailRU","properties":{"src":{"regex":{"source":"overflow"}}}},"wdio_ui5_key":"etmportal.ui.manageresources.view.Detailsap.ui.core.Icon{\"src\":{\"regex\":{\"source\":\"overflow\"}}}"}]}
RESULT: undefined
COMMAND: POST /session/eec783fecbf0a41fe1bd0e21c7a60bf8/element - {"using":"xpath","value":"//*[@id=\"__title36-_actionsToolbar-overflowButton-img\"]"}
RESULT: {"using":"xpath","value":"//*[@id=\"__title36-_actionsToolbar-overflowButton-img\"]"}
COMMAND: POST /session/eec783fecbf0a41fe1bd0e21c7a60bf8/element/f.C6480B129F3E0D11095D72FF7684A092.d.B48245B23EE858CCE510E2D617BC121D.e.13862/click - {}
RESULT: {}
COMMAND: POST /session/eec783fecbf0a41fe1bd0e21c7a60bf8/execute/async - {"script":"<script> [1562 bytes]","args":[{"selector":{"controlType":"sap.m.Button","viewName":"etm.portal.ui.manageresources.view.Detail","viewId":"application-manageresources-display-component---detailRU","i18NText":{"propertyName":"tooltip","key":"closeColumn"},"searchOpenDialogs":true,"interaction":{"idSuffix":"inner"}},"wdio_ui5_key":"etmportal.ui.manageresources.view.Detailsap.m.Button{\"propertyName\":\"tooltip\",\"key\":\"closeColumn\"}"}]}
COMMAND: GET /session/eec783fecbf0a41fe1bd0e21c7a60bf8/screenshot - {}
RESULT: {"script":"<script> [1562 bytes]","args":[{"selector":{"controlType":"sap.m.Button","viewName":"etm.portal.ui.manageresources.view.Detail","viewId":"application-manageresources-display-component---detailRU","i18NText":{"propertyName":"tooltip","key":"closeColumn"},"searchOpenDialogs":true,"interaction":{"idSuffix":"inner"}},"wdio_ui5_key":"etmportal.ui.manageresources.view.Detailsap.m.Button{\"propertyName\":\"tooltip\",\"key\":\"closeColumn\"}"}]}
RESULT: undefined
COMMAND: POST /session/eec783fecbf0a41fe1bd0e21c7a60bf8/element - {"using":"xpath","value":"//*[@id=\"__button151\"]"}
RESULT: {}
RESULT: {"using":"xpath","value":"//*[@id=\"__button151\"]"}
COMMAND: POST /session/eec783fecbf0a41fe1bd0e21c7a60bf8/element/f.C6480B129F3E0D11095D72FF7684A092.d.B48245B23EE858CCE510E2D617BC121D.e.13864/click - {}
RESULT: {}
COMMAND: GET /session/eec783fecbf0a41fe1bd0e21c7a60bf8/screenshot - {}
RESULT: {}
COMMAND: POST /session/eec783fecbf0a41fe1bd0e21c7a60bf8/refresh - {}
RESULT: {}
COMMAND: GET /session/eec783fecbf0a41fe1bd0e21c7a60bf8/screenshot - {}
RESULT: {}
COMMAND: POST /session/eec783fecbf0a41fe1bd0e21c7a60bf8/execute/async - {"script":"<script> [189 bytes]","args":[]}
RESULT: {"script":"<script> [189 bytes]","args":[]}
COMMAND: POST /session/eec783fecbf0a41fe1bd0e21c7a60bf8/execute/async - {"script":"<script> [123 bytes]","args":[]}
RESULT: {"script":"<script> [123 bytes]","args":[]}
COMMAND: POST /session/eec783fecbf0a41fe1bd0e21c7a60bf8/timeouts - {"script":"<number>"}
RESULT: {"script":"<number>"}
COMMAND: GET /session/eec783fecbf0a41fe1bd0e21c7a60bf8/timeouts - {}
RESULT: {}
RESULT: undefined
COMMAND: POST /session/eec783fecbf0a41fe1bd0e21c7a60bf8/execute/async - {"script":"<script> [2676 bytes]","args":[]}
RESULT: {"script":"<script> [2676 bytes]","args":[]}
COMMAND: POST /session/eec783fecbf0a41fe1bd0e21c7a60bf8/execute/async - {"script":"<script> [2342 bytes]","args":[{"protocol":"http","hostname":"0.0.0.0","path":"/","capabilities":{"browserName":"chrome","goog:chromeOptions":{"binary":"C:\\Program Files\\Google\\Chrome\\Application\\chrome.exe","args":["--start-maximized"]}},"logLevel":"warn","connectionRetryTimeout":120000,"connectionRetryCount":3,"logLevels":{},"enableDirectConnect":true,"strictSSL":true,"_":"65 more keys: [\"cacheDir\",\"port\",\"requestedCapabilities\",\"automationProtocol\",\"baseUrl\",\"waitforInterval\",\"waitforTimeout\",\"onReload\",\"beforeCommand\",\"afterCommand\",\"rootDir\",\"specs\",\"suites\",\"exclude\",\"groupLogsByTestSpec\",\"excludeDriverLogs\",\"bail\",\"framework\",\"reporters\",\"services\",\"maxInstances\",\"maxInstancesPerCapability\",\"injectGlobals\",\"filesToWatch\",\"execArgv\",\"runnerEnv\",\"runner\",\"shard\",\"specFileRetries\",\"specFileRetriesDelay\",\"specFileRetriesDeferred\",\"reporterSyncInterval\",\"reporterSyncTimeout\",\"cucumberFeaturesWithLineNumbers\",\"autoCompileOpts\",\"mochaOpts\",\"jasmineOpts\",\"cucumberOpts\",\"onPrepare\",\"onWorkerStart\",\"onWorkerEnd\",\"before\",\"beforeSession\",\"beforeSuite\",\"beforeHook\",\"beforeTest\",\"afterTest\",\"afterHook\",\"afterSuite\",\"afterSession\",\"after\",\"onComplete\",\"beforeAssertion\",\"afterAssertion\",\"beforeFeature\",\"beforeScenario\",\"beforeStep\",\"afterStep\",\"afterScenario\",\"afterFeature\",\"_\",\"suite\",\"$0\",\"ignoredWorkerServices\",\"wdi5\"]"}]}
RESULT: {"script":"<script> [2342 bytes]","args":[{"protocol":"http","hostname":"0.0.0.0","path":"/","capabilities":{"browserName":"chrome","goog:chromeOptions":{"binary":"C:\\Program Files\\Google\\Chrome\\Application\\chrome.exe","args":["--start-maximized"]}},"logLevel":"warn","connectionRetryTimeout":120000,"connectionRetryCount":3,"logLevels":{},"enableDirectConnect":true,"strictSSL":true,"_":"65 more keys: [\"cacheDir\",\"port\",\"requestedCapabilities\",\"automationProtocol\",\"baseUrl\",\"waitforInterval\",\"waitforTimeout\",\"onReload\",\"beforeCommand\",\"afterCommand\",\"rootDir\",\"specs\",\"suites\",\"exclude\",\"groupLogsByTestSpec\",\"excludeDriverLogs\",\"bail\",\"framework\",\"reporters\",\"services\",\"maxInstances\",\"maxInstancesPerCapability\",\"injectGlobals\",\"filesToWatch\",\"execArgv\",\"runnerEnv\",\"runner\",\"shard\",\"specFileRetries\",\"specFileRetriesDelay\",\"specFileRetriesDeferred\",\"reporterSyncInterval\",\"reporterSyncTimeout\",\"cucumberFeaturesWithLineNumbers\",\"autoCompileOpts\",\"mochaOpts\",\"jasmineOpts\",\"cucumberOpts\",\"onPrepare\",\"onWorkerStart\",\"onWorkerEnd\",\"before\",\"beforeSession\",\"beforeSuite\",\"beforeHook\",\"beforeTest\",\"afterTest\",\"afterHook\",\"afterSuite\",\"afterSession\",\"after\",\"onComplete\",\"beforeAssertion\",\"afterAssertion\",\"beforeFeature\",\"beforeScenario\",\"beforeStep\",\"afterStep\",\"afterScenario\",\"afterFeature\",\"_\",\"suite\",\"$0\",\"ignoredWorkerServices\",\"wdi5\"]"}]}
COMMAND: POST /session/eec783fecbf0a41fe1bd0e21c7a60bf8/execute/async - {"script":"<script> [21126 bytes]","args":[35000]}
RESULT: {"script":"<script> [21126 bytes]","args":[35000]}
COMMAND: POST /session/eec783fecbf0a41fe1bd0e21c7a60bf8/element - {"using":"css selector","value":"#shell-header-logo"}
RESULT: {"using":"css selector","value":"#shell-header-logo"}
COMMAND: POST /session/eec783fecbf0a41fe1bd0e21c7a60bf8/element/f.C6480B129F3E0D11095D72FF7684A092.d.D05A70D66DD1F4F73139D6D9E4C21D96.e.13937/click - {}
RESULT: {}
COMMAND: GET /session/eec783fecbf0a41fe1bd0e21c7a60bf8/screenshot - {}
RESULT: {}
COMMAND: POST /session/eec783fecbf0a41fe1bd0e21c7a60bf8/execute/async - {"script":"<script> [1562 bytes]","args":[{"selector":{"controlType":"sap.m.GenericTile","properties":{"header":"Manage Handovers"}},"wdio_ui5_key":"sapm.GenericTile{\"header\":\"Manage Handovers\"}"}]}
RESULT: {"script":"<script> [1562 bytes]","args":[{"selector":{"controlType":"sap.m.GenericTile","properties":{"header":"Manage Handovers"}},"wdio_ui5_key":"sapm.GenericTile{\"header\":\"Manage Handovers\"}"}]}
RESULT: undefined
COMMAND: POST /session/eec783fecbf0a41fe1bd0e21c7a60bf8/element - {"using":"xpath","value":"//*[@id=\"__tile132\"]"}
RESULT: {"using":"xpath","value":"//*[@id=\"__tile132\"]"}
COMMAND: POST /session/eec783fecbf0a41fe1bd0e21c7a60bf8/element/f.C6480B129F3E0D11095D72FF7684A092.d.D05A70D66DD1F4F73139D6D9E4C21D96.e.14120/click - {}
RESULT: {}
COMMAND: GET /session/eec783fecbf0a41fe1bd0e21c7a60bf8/screenshot - {}
RESULT: {}
COMMAND: POST /session/eec783fecbf0a41fe1bd0e21c7a60bf8/elements - {"using":"xpath","value":"//span[text()='Error']"}
RESULT: {"using":"xpath","value":"//span[text()='Error']"}
COMMAND: POST /session/eec783fecbf0a41fe1bd0e21c7a60bf8/element - {"using":"xpath","value":"//button[@data-kt=\"masterHOAddButton\"]"}
RESULT: {"using":"xpath","value":"//button[@data-kt=\"masterHOAddButton\"]"}
COMMAND: POST /session/eec783fecbf0a41fe1bd0e21c7a60bf8/execute/sync - {"script":"<script> [8489 bytes]","args":[{"element-6066-11e4-a52e-4f735466cecf":"f.C6480B129F3E0D11095D72FF7684A092.d.D05A70D66DD1F4F73139D6D9E4C21D96.e.14156","ELEMENT":"f.C6480B129F3E0D11095D72FF7684A092.d.D05A70D66DD1F4F73139D6D9E4C21D96.e.14156"}]}
RESULT: {"script":"<script> [8489 bytes]","args":[{"element-6066-11e4-a52e-4f735466cecf":"f.C6480B129F3E0D11095D72FF7684A092.d.D05A70D66DD1F4F73139D6D9E4C21D96.e.14156","ELEMENT":"f.C6480B129F3E0D11095D72FF7684A092.d.D05A70D66DD1F4F73139D6D9E4C21D96.e.14156"}]}
COMMAND: POST /session/eec783fecbf0a41fe1bd0e21c7a60bf8/element/f.C6480B129F3E0D11095D72FF7684A092.d.D05A70D66DD1F4F73139D6D9E4C21D96.e.14156/click - {}
COMMAND: GET /session/eec783fecbf0a41fe1bd0e21c7a60bf8/screenshot - {}
RESULT: {}
COMMAND: GET /session/eec783fecbf0a41fe1bd0e21c7a60bf8/screenshot - {}
COMMAND: POST /session/eec783fecbf0a41fe1bd0e21c7a60bf8/element - {"using":"xpath","value":"//span[contains(@id ,\"AddNewHO--typeSelect-arrow\")]"}
RESULT: {}
RESULT: {}
RESULT: {"using":"xpath","value":"//span[contains(@id ,\"AddNewHO--typeSelect-arrow\")]"}
COMMAND: POST /session/eec783fecbf0a41fe1bd0e21c7a60bf8/element/f.C6480B129F3E0D11095D72FF7684A092.d.D05A70D66DD1F4F73139D6D9E4C21D96.e.14472/click - {}
RESULT: {}
COMMAND: GET /session/eec783fecbf0a41fe1bd0e21c7a60bf8/screenshot - {}
RESULT: {}
COMMAND: POST /session/eec783fecbf0a41fe1bd0e21c7a60bf8/element - {"using":"xpath","value":"(//li[contains(text(), \"stock increase yard\")])[1]"}
RESULT: {"using":"xpath","value":"(//li[contains(text(), \"stock increase yard\")])[1]"}
COMMAND: POST /session/eec783fecbf0a41fe1bd0e21c7a60bf8/element/f.C6480B129F3E0D11095D72FF7684A092.d.D05A70D66DD1F4F73139D6D9E4C21D96.e.14473/click - {}
RESULT: {}
COMMAND: GET /session/eec783fecbf0a41fe1bd0e21c7a60bf8/screenshot - {}
RESULT: {}
COMMAND: POST /session/eec783fecbf0a41fe1bd0e21c7a60bf8/execute/async - {"script":"<script> [1562 bytes]","args":[{"selector":{"id":"application-managehandovers-display-component---AddNewHO--dueDate","interaction":{"idSuffix":"inner"}},"wdio_ui5_key":"applicationmanagehandovers-display-component---AddNewHO--dueDate"}]}
RESULT: {"script":"<script> [1562 bytes]","args":[{"selector":{"id":"application-managehandovers-display-component---AddNewHO--dueDate","interaction":{"idSuffix":"inner"}},"wdio_ui5_key":"applicationmanagehandovers-display-component---AddNewHO--dueDate"}]}
RESULT: undefined
COMMAND: POST /session/eec783fecbf0a41fe1bd0e21c7a60bf8/execute/async - {"script":"<script> [6424 bytes]","args":[{"element-6066-11e4-a52e-4f735466cecf":"f.C6480B129F3E0D11095D72FF7684A092.d.D05A70D66DD1F4F73139D6D9E4C21D96.e.14476"},"setValue",["5/28/25"]]}
RESULT: {"script":"<script> [6424 bytes]","args":[{"element-6066-11e4-a52e-4f735466cecf":"f.C6480B129F3E0D11095D72FF7684A092.d.D05A70D66DD1F4F73139D6D9E4C21D96.e.14476"},"setValue",["5/28/25"]]}
COMMAND: POST /session/eec783fecbf0a41fe1bd0e21c7a60bf8/element - {"using":"xpath","value":"//input[@id=\"generalSectionFrg--receiveYard-inner\"]"}
RESULT: {"using":"xpath","value":"//input[@id=\"generalSectionFrg--receiveYard-inner\"]"}
COMMAND: POST /session/eec783fecbf0a41fe1bd0e21c7a60bf8/element/f.C6480B129F3E0D11095D72FF7684A092.d.D05A70D66DD1F4F73139D6D9E4C21D96.e.14482/clear - {}
RESULT: {}
COMMAND: POST /session/eec783fecbf0a41fe1bd0e21c7a60bf8/element/f.C6480B129F3E0D11095D72FF7684A092.d.D05A70D66DD1F4F73139D6D9E4C21D96.e.14482/value - {"text":"WebdriverYardxu90w"}
COMMAND: GET /session/eec783fecbf0a41fe1bd0e21c7a60bf8/screenshot - {}
RESULT: {"text":"WebdriverYardxu90w"}
COMMAND: GET /session/eec783fecbf0a41fe1bd0e21c7a60bf8/screenshot - {}
RESULT: {}
RESULT: {}
COMMAND: POST /session/eec783fecbf0a41fe1bd0e21c7a60bf8/execute/async - {"script":"<script> [1562 bytes]","args":[{"selector":{"id":"application-managehandovers-display-component---AddNewHO--ObjectPageLayout-anchBar-application-managehandovers-display-component---AddNewHO--section4-anchor","interaction":{"idSuffix":"BDI-content"}},"wdio_ui5_key":"applicationmanagehandovers-display-component---AddNewHO--ObjectPageLayout-anchBar-application-managehandovers-display-component---AddNewHO--section4-anchor"}]}
RESULT: {"script":"<script> [1562 bytes]","args":[{"selector":{"id":"application-managehandovers-display-component---AddNewHO--ObjectPageLayout-anchBar-application-managehandovers-display-component---AddNewHO--section4-anchor","interaction":{"idSuffix":"BDI-content"}},"wdio_ui5_key":"applicationmanagehandovers-display-component---AddNewHO--ObjectPageLayout-anchBar-application-managehandovers-display-component---AddNewHO--section4-anchor"}]}
RESULT: undefined
COMMAND: POST /session/eec783fecbf0a41fe1bd0e21c7a60bf8/element - {"using":"xpath","value":"//*[@id=\"application-managehandovers-display-component---AddNewHO--ObjectPageLayout-anchBar-application-managehandovers-display-component---AddNewHO--section4-anchor\"]"}
RESULT: {"using":"xpath","value":"//*[@id=\"application-managehandovers-display-component---AddNewHO--ObjectPageLayout-anchBar-application-managehandovers-display-component---AddNewHO--section4-anchor\"]"}
COMMAND: POST /session/eec783fecbf0a41fe1bd0e21c7a60bf8/element/f.C6480B129F3E0D11095D72FF7684A092.d.D05A70D66DD1F4F73139D6D9E4C21D96.e.14502/click - {}
RESULT: {}
COMMAND: GET /session/eec783fecbf0a41fe1bd0e21c7a60bf8/screenshot - {}
RESULT: {}
COMMAND: POST /session/eec783fecbf0a41fe1bd0e21c7a60bf8/element - {"using":"xpath","value":"//button[@aria-label=\"Add\"]"}
RESULT: {"using":"xpath","value":"//button[@aria-label=\"Add\"]"}
COMMAND: POST /session/eec783fecbf0a41fe1bd0e21c7a60bf8/element/f.C6480B129F3E0D11095D72FF7684A092.d.D05A70D66DD1F4F73139D6D9E4C21D96.e.14506/click - {}
RESULT: {}
COMMAND: GET /session/eec783fecbf0a41fe1bd0e21c7a60bf8/screenshot - {}
RESULT: {}
COMMAND: POST /session/eec783fecbf0a41fe1bd0e21c7a60bf8/execute/async - {"script":"<script> [1562 bytes]","args":[{"selector":{"id":"application-managehandovers-display-component---AddNewHO--smartFilterBar-btnBasicSearch","searchOpenDialogs":true,"interaction":{"idSuffix":"I"}},"wdio_ui5_key":"applicationmanagehandovers-display-component---AddNewHO--smartFilterBar-btnBasicSearch"}]}
RESULT: {"script":"<script> [1562 bytes]","args":[{"selector":{"id":"application-managehandovers-display-component---AddNewHO--smartFilterBar-btnBasicSearch","searchOpenDialogs":true,"interaction":{"idSuffix":"I"}},"wdio_ui5_key":"applicationmanagehandovers-display-component---AddNewHO--smartFilterBar-btnBasicSearch"}]}
RESULT: undefined
COMMAND: POST /session/eec783fecbf0a41fe1bd0e21c7a60bf8/execute/async - {"script":"<script> [776 bytes]","args":[{"enterText":"WebdriverMatTesttwqqr","selector":{"id":"application-managehandovers-display-component---AddNewHO--smartFilterBar-btnBasicSearch","searchOpenDialogs":true,"interaction":{"idSuffix":"I"}},"clearTextFirst":true,"interactionType":"ENTER_TEXT"}]}
RESULT: {"script":"<script> [776 bytes]","args":[{"enterText":"WebdriverMatTesttwqqr","selector":{"id":"application-managehandovers-display-component---AddNewHO--smartFilterBar-btnBasicSearch","searchOpenDialogs":true,"interaction":{"idSuffix":"I"}},"clearTextFirst":true,"interactionType":"ENTER_TEXT"}]}
COMMAND: POST /session/eec783fecbf0a41fe1bd0e21c7a60bf8/actions - {"actions":[{"id":"action71","type":"key","parameters":{},"actions":[{"type":"keyDown","value":""},{"type":"pause","duration":10},{"type":"keyUp","value":""}]}]}
RESULT: {"actions":[{"id":"action71","type":"key","parameters":{},"actions":[{"type":"keyDown","value":""},{"type":"pause","duration":10},{"type":"keyUp","value":""}]}]}
COMMAND: POST /session/eec783fecbf0a41fe1bd0e21c7a60bf8/execute/async - {"script":"<script> [1562 bytes]","args":[{"selector":{"id":"application-managehandovers-display-component---AddNewHO--popup-sa","searchOpenDialogs":true,"interaction":{"idSuffix":"CbBg"}},"wdio_ui5_key":"applicationmanagehandovers-display-component---AddNewHO--popup-sa"}]}
COMMAND: GET /session/eec783fecbf0a41fe1bd0e21c7a60bf8/screenshot - {}
RESULT: {"script":"<script> [1562 bytes]","args":[{"selector":{"id":"application-managehandovers-display-component---AddNewHO--popup-sa","searchOpenDialogs":true,"interaction":{"idSuffix":"CbBg"}},"wdio_ui5_key":"applicationmanagehandovers-display-component---AddNewHO--popup-sa"}]}
RESULT: undefined
COMMAND: POST /session/eec783fecbf0a41fe1bd0e21c7a60bf8/element - {"using":"xpath","value":"//*[@id=\"application-managehandovers-display-component---AddNewHO--popup-sa\"]"}
RESULT: {}
RESULT: {"using":"xpath","value":"//*[@id=\"application-managehandovers-display-component---AddNewHO--popup-sa\"]"}
COMMAND: POST /session/eec783fecbf0a41fe1bd0e21c7a60bf8/element/f.C6480B129F3E0D11095D72FF7684A092.d.D05A70D66DD1F4F73139D6D9E4C21D96.e.14616/click - {}
RESULT: {}
COMMAND: GET /session/eec783fecbf0a41fe1bd0e21c7a60bf8/screenshot - {}
RESULT: {}
COMMAND: POST /session/eec783fecbf0a41fe1bd0e21c7a60bf8/element - {"using":"xpath","value":"//bdi[contains(text(), \"Select\")]"}
RESULT: {"using":"xpath","value":"//bdi[contains(text(), \"Select\")]"}
COMMAND: POST /session/eec783fecbf0a41fe1bd0e21c7a60bf8/element/f.C6480B129F3E0D11095D72FF7684A092.d.D05A70D66DD1F4F73139D6D9E4C21D96.e.14617/click - {}
RESULT: {}
COMMAND: GET /session/eec783fecbf0a41fe1bd0e21c7a60bf8/screenshot - {}
RESULT: {}
COMMAND: POST /session/eec783fecbf0a41fe1bd0e21c7a60bf8/execute/async - {"script":"<script> [1562 bytes]","args":[{"selector":{"controlType":"sap.m.Input","viewName":"etm.portal.ui.managehandovers.view.AddNewHO","viewId":"application-managehandovers-display-component---AddNewHO","bindingPath":{"path":"/items/0","propertyPath":"TYPE","modelName":"hoItemsModel"},"interaction":{"idSuffix":"inner"}},"wdio_ui5_key":"etmportal.ui.managehandovers.view.AddNewHOsap.m.Input{\"path\":\"/items/0\",\"propertyPath\":\"TYPE\",\"modelName\":\"hoItemsModel\"}"}]}
RESULT: {"script":"<script> [1562 bytes]","args":[{"selector":{"controlType":"sap.m.Input","viewName":"etm.portal.ui.managehandovers.view.AddNewHO","viewId":"application-managehandovers-display-component---AddNewHO","bindingPath":{"path":"/items/0","propertyPath":"TYPE","modelName":"hoItemsModel"},"interaction":{"idSuffix":"inner"}},"wdio_ui5_key":"etmportal.ui.managehandovers.view.AddNewHOsap.m.Input{\"path\":\"/items/0\",\"propertyPath\":\"TYPE\",\"modelName\":\"hoItemsModel\"}"}]}
RESULT: undefined
COMMAND: POST /session/eec783fecbf0a41fe1bd0e21c7a60bf8/execute/async - {"script":"<script> [776 bytes]","args":[{"enterText":"100","selector":{"controlType":"sap.m.Input","viewName":"etm.portal.ui.managehandovers.view.AddNewHO","viewId":"application-managehandovers-display-component---AddNewHO","bindingPath":{"path":"/items/0","propertyPath":"TYPE","modelName":"hoItemsModel"},"interaction":{"idSuffix":"inner"}},"clearTextFirst":true,"interactionType":"ENTER_TEXT"}]}
RESULT: {"script":"<script> [776 bytes]","args":[{"enterText":"100","selector":{"controlType":"sap.m.Input","viewName":"etm.portal.ui.managehandovers.view.AddNewHO","viewId":"application-managehandovers-display-component---AddNewHO","bindingPath":{"path":"/items/0","propertyPath":"TYPE","modelName":"hoItemsModel"},"interaction":{"idSuffix":"inner"}},"clearTextFirst":true,"interactionType":"ENTER_TEXT"}]}
COMMAND: POST /session/eec783fecbf0a41fe1bd0e21c7a60bf8/element - {"using":"xpath","value":"//button[@data-kt=\"AddNewHOSaveButton\"]"}
RESULT: {"using":"xpath","value":"//button[@data-kt=\"AddNewHOSaveButton\"]"}
COMMAND: POST /session/eec783fecbf0a41fe1bd0e21c7a60bf8/element/f.C6480B129F3E0D11095D72FF7684A092.d.D05A70D66DD1F4F73139D6D9E4C21D96.e.14622/click - {}
RESULT: {}
COMMAND: GET /session/eec783fecbf0a41fe1bd0e21c7a60bf8/screenshot - {}
RESULT: {}
COMMAND: POST /session/eec783fecbf0a41fe1bd0e21c7a60bf8/execute/async - {"script":"<script> [1562 bytes]","args":[{"selector":{"id":"receiptDatePicker","viewName":"etm.portal.ui.managehandovers.view.DetailExecuteHO","interaction":{"idSuffix":"inner"}},"wdio_ui5_key":"receiptDatePickeretmportal.ui.managehandovers.view.DetailExecuteHO"}]}
RESULT: {"script":"<script> [1562 bytes]","args":[{"selector":{"id":"receiptDatePicker","viewName":"etm.portal.ui.managehandovers.view.DetailExecuteHO","interaction":{"idSuffix":"inner"}},"wdio_ui5_key":"receiptDatePickeretmportal.ui.managehandovers.view.DetailExecuteHO"}]}
RESULT: undefined
COMMAND: POST /session/eec783fecbf0a41fe1bd0e21c7a60bf8/execute/async - {"script":"<script> [6424 bytes]","args":[{"element-6066-11e4-a52e-4f735466cecf":"f.C6480B129F3E0D11095D72FF7684A092.d.D05A70D66DD1F4F73139D6D9E4C21D96.e.14650"},"setValue",["5/28/25"]]}
RESULT: {"script":"<script> [6424 bytes]","args":[{"element-6066-11e4-a52e-4f735466cecf":"f.C6480B129F3E0D11095D72FF7684A092.d.D05A70D66DD1F4F73139D6D9E4C21D96.e.14650"},"setValue",["5/28/25"]]}
COMMAND: POST /session/eec783fecbf0a41fe1bd0e21c7a60bf8/actions - {"actions":[{"id":"action72","type":"key","parameters":{},"actions":[{"type":"keyDown","value":""},{"type":"pause","duration":10},{"type":"keyUp","value":""}]}]}
RESULT: {"actions":[{"id":"action72","type":"key","parameters":{},"actions":[{"type":"keyDown","value":""},{"type":"pause","duration":10},{"type":"keyUp","value":""}]}]}
COMMAND: POST /session/eec783fecbf0a41fe1bd0e21c7a60bf8/actions - {"actions":[{"id":"action73","type":"key","parameters":{},"actions":[{"type":"keyDown","value":""},{"type":"pause","duration":10},{"type":"keyUp","value":""}]}]}
COMMAND: GET /session/eec783fecbf0a41fe1bd0e21c7a60bf8/screenshot - {}
RESULT: {"actions":[{"id":"action73","type":"key","parameters":{},"actions":[{"type":"keyDown","value":""},{"type":"pause","duration":10},{"type":"keyUp","value":""}]}]}
COMMAND: POST /session/eec783fecbf0a41fe1bd0e21c7a60bf8/element - {"using":"xpath","value":"//button[@data-kt=\"ReceivingTableConfirmAllButton\"]"}
COMMAND: GET /session/eec783fecbf0a41fe1bd0e21c7a60bf8/screenshot - {}
RESULT: {}
RESULT: {"using":"xpath","value":"//button[@data-kt=\"ReceivingTableConfirmAllButton\"]"}
COMMAND: POST /session/eec783fecbf0a41fe1bd0e21c7a60bf8/element/f.C6480B129F3E0D11095D72FF7684A092.d.D05A70D66DD1F4F73139D6D9E4C21D96.e.14665/click - {}
RESULT: {}
RESULT: {}
COMMAND: GET /session/eec783fecbf0a41fe1bd0e21c7a60bf8/screenshot - {}
RESULT: {}
COMMAND: POST /session/eec783fecbf0a41fe1bd0e21c7a60bf8/element - {"using":"xpath","value":"//bdi[contains(text(), \"OK\")]"}
RESULT: {"using":"xpath","value":"//bdi[contains(text(), \"OK\")]"}
COMMAND: POST /session/eec783fecbf0a41fe1bd0e21c7a60bf8/element/f.C6480B129F3E0D11095D72FF7684A092.d.D05A70D66DD1F4F73139D6D9E4C21D96.e.14667/click - {}
RESULT: {}
COMMAND: GET /session/eec783fecbf0a41fe1bd0e21c7a60bf8/screenshot - {}
RESULT: {}
COMMAND: POST /session/eec783fecbf0a41fe1bd0e21c7a60bf8/element - {"using":"xpath","value":"(//bdi[contains(text(), \"Receive\")])[2]"}
RESULT: {"using":"xpath","value":"(//bdi[contains(text(), \"Receive\")])[2]"}
COMMAND: POST /session/eec783fecbf0a41fe1bd0e21c7a60bf8/element/f.C6480B129F3E0D11095D72FF7684A092.d.D05A70D66DD1F4F73139D6D9E4C21D96.e.14669/click - {}
RESULT: {}
COMMAND: GET /session/eec783fecbf0a41fe1bd0e21c7a60bf8/screenshot - {}
RESULT: {}
COMMAND: POST /session/eec783fecbf0a41fe1bd0e21c7a60bf8/element - {"using":"css selector","value":"#shell-header-logo"}
RESULT: {"using":"css selector","value":"#shell-header-logo"}
COMMAND: POST /session/eec783fecbf0a41fe1bd0e21c7a60bf8/element/f.C6480B129F3E0D11095D72FF7684A092.d.D05A70D66DD1F4F73139D6D9E4C21D96.e.14123/click - {}
RESULT: {}
]]></system-out>
    </testcase>
    <testcase classname="chrome.136_0_7103_93.windows.E2E_-_Logistical_and_commercial_statuses" name="Should add a pricing rule and a condition to the RU" time="96.792">
      <system-out><![CDATA[
COMMAND: POST /session/eec783fecbf0a41fe1bd0e21c7a60bf8/execute/async - {"script":"<script> [1562 bytes]","args":[{"selector":{"controlType":"sap.m.GenericTile","properties":{"header":"Manage Pricing Rules"}},"wdio_ui5_key":"sapm.GenericTile{\"header\":\"Manage Pricing Rules\"}"}]}
COMMAND: GET /session/eec783fecbf0a41fe1bd0e21c7a60bf8/screenshot - {}
RESULT: {"script":"<script> [1562 bytes]","args":[{"selector":{"controlType":"sap.m.GenericTile","properties":{"header":"Manage Pricing Rules"}},"wdio_ui5_key":"sapm.GenericTile{\"header\":\"Manage Pricing Rules\"}"}]}
RESULT: undefined
COMMAND: POST /session/eec783fecbf0a41fe1bd0e21c7a60bf8/element - {"using":"xpath","value":"//*[@id=\"__tile55\"]"}
RESULT: {}
RESULT: {"using":"xpath","value":"//*[@id=\"__tile55\"]"}
COMMAND: POST /session/eec783fecbf0a41fe1bd0e21c7a60bf8/element/f.C6480B129F3E0D11095D72FF7684A092.d.D05A70D66DD1F4F73139D6D9E4C21D96.e.14816/click - {}
RESULT: {}
COMMAND: GET /session/eec783fecbf0a41fe1bd0e21c7a60bf8/screenshot - {}
RESULT: {}
COMMAND: POST /session/eec783fecbf0a41fe1bd0e21c7a60bf8/elements - {"using":"xpath","value":"//span[text()='Error']"}
RESULT: {"using":"xpath","value":"//span[text()='Error']"}
COMMAND: POST /session/eec783fecbf0a41fe1bd0e21c7a60bf8/execute/async - {"script":"<script> [1562 bytes]","args":[{"selector":{"controlType":"sap.ui.core.Icon","viewName":"etm.portal.ui.managepricingrules.view.MasterHeader","viewId":"application-managepricingrules-display-component---priceInfoHeader","properties":{"src":{"regex":{"source":"activity\\-items"}}}},"wdio_ui5_key":"etmportal.ui.managepricingrules.view.MasterHeadersap.ui.core.Icon{\"src\":{\"regex\":{\"source\":\"activity\\\\-items\"}}}"}]}
RESULT: {"script":"<script> [1562 bytes]","args":[{"selector":{"controlType":"sap.ui.core.Icon","viewName":"etm.portal.ui.managepricingrules.view.MasterHeader","viewId":"application-managepricingrules-display-component---priceInfoHeader","properties":{"src":{"regex":{"source":"activity\\-items"}}}},"wdio_ui5_key":"etmportal.ui.managepricingrules.view.MasterHeadersap.ui.core.Icon{\"src\":{\"regex\":{\"source\":\"activity\\\\-items\"}}}"}]}
RESULT: undefined
COMMAND: POST /session/eec783fecbf0a41fe1bd0e21c7a60bf8/element - {"using":"xpath","value":"//*[@id=\"__filter22-icon\"]"}
RESULT: {"using":"xpath","value":"//*[@id=\"__filter22-icon\"]"}
COMMAND: POST /session/eec783fecbf0a41fe1bd0e21c7a60bf8/element/f.C6480B129F3E0D11095D72FF7684A092.d.D05A70D66DD1F4F73139D6D9E4C21D96.e.14901/click - {}
RESULT: {}
COMMAND: GET /session/eec783fecbf0a41fe1bd0e21c7a60bf8/screenshot - {}
RESULT: {}
COMMAND: POST /session/eec783fecbf0a41fe1bd0e21c7a60bf8/execute/async - {"script":"<script> [1562 bytes]","args":[{"selector":{"controlType":"sap.ui.core.Icon","viewName":"etm.portal.ui.managepricingrules.view.MasterItem","viewId":"application-managepricingrules-display-component---priceInfoItem","properties":{"src":{"regex":{"source":"add"}}}},"wdio_ui5_key":"etmportal.ui.managepricingrules.view.MasterItemsap.ui.core.Icon{\"src\":{\"regex\":{\"source\":\"add\"}}}"}]}
RESULT: {"script":"<script> [1562 bytes]","args":[{"selector":{"controlType":"sap.ui.core.Icon","viewName":"etm.portal.ui.managepricingrules.view.MasterItem","viewId":"application-managepricingrules-display-component---priceInfoItem","properties":{"src":{"regex":{"source":"add"}}}},"wdio_ui5_key":"etmportal.ui.managepricingrules.view.MasterItemsap.ui.core.Icon{\"src\":{\"regex\":{\"source\":\"add\"}}}"}]}
RESULT: undefined
COMMAND: POST /session/eec783fecbf0a41fe1bd0e21c7a60bf8/element - {"using":"xpath","value":"//*[@id=\"__button80-img\"]"}
RESULT: {"using":"xpath","value":"//*[@id=\"__button80-img\"]"}
COMMAND: POST /session/eec783fecbf0a41fe1bd0e21c7a60bf8/element/f.C6480B129F3E0D11095D72FF7684A092.d.D05A70D66DD1F4F73139D6D9E4C21D96.e.14947/click - {}
RESULT: {}
COMMAND: GET /session/eec783fecbf0a41fe1bd0e21c7a60bf8/screenshot - {}
RESULT: {}
COMMAND: POST /session/eec783fecbf0a41fe1bd0e21c7a60bf8/element - {"using":"xpath","value":"//input[@id=\"application-managepricingrules-display-component---newInfoPriceItem--condRU-inner\"]"}
RESULT: {"using":"xpath","value":"//input[@id=\"application-managepricingrules-display-component---newInfoPriceItem--condRU-inner\"]"}
COMMAND: POST /session/eec783fecbf0a41fe1bd0e21c7a60bf8/element/f.C6480B129F3E0D11095D72FF7684A092.d.D05A70D66DD1F4F73139D6D9E4C21D96.e.15158/clear - {}
RESULT: {}
COMMAND: POST /session/eec783fecbf0a41fe1bd0e21c7a60bf8/element/f.C6480B129F3E0D11095D72FF7684A092.d.D05A70D66DD1F4F73139D6D9E4C21D96.e.15158/value - {"text":"WebdriverMatTesttwqqr"}
COMMAND: GET /session/eec783fecbf0a41fe1bd0e21c7a60bf8/screenshot - {}
RESULT: {"text":"WebdriverMatTesttwqqr"}
COMMAND: POST /session/eec783fecbf0a41fe1bd0e21c7a60bf8/execute/async - {"script":"<script> [1562 bytes]","args":[{"selector":{"id":"application-managepricingrules-display-component---newInfoPriceItem--condValidTo","interaction":{"idSuffix":"inner"}},"wdio_ui5_key":"applicationmanagepricingrules-display-component---newInfoPriceItem--condValidTo"}]}
COMMAND: GET /session/eec783fecbf0a41fe1bd0e21c7a60bf8/screenshot - {}
RESULT: {}
RESULT: {"script":"<script> [1562 bytes]","args":[{"selector":{"id":"application-managepricingrules-display-component---newInfoPriceItem--condValidTo","interaction":{"idSuffix":"inner"}},"wdio_ui5_key":"applicationmanagepricingrules-display-component---newInfoPriceItem--condValidTo"}]}
RESULT: undefined
COMMAND: POST /session/eec783fecbf0a41fe1bd0e21c7a60bf8/execute/async - {"script":"<script> [776 bytes]","args":[{"enterText":"5/18/33","selector":{"id":"application-managepricingrules-display-component---newInfoPriceItem--condValidTo","interaction":{"idSuffix":"inner"}},"clearTextFirst":true,"interactionType":"ENTER_TEXT"}]}
RESULT: {}
RESULT: {"script":"<script> [776 bytes]","args":[{"enterText":"5/18/33","selector":{"id":"application-managepricingrules-display-component---newInfoPriceItem--condValidTo","interaction":{"idSuffix":"inner"}},"clearTextFirst":true,"interactionType":"ENTER_TEXT"}]}
COMMAND: POST /session/eec783fecbf0a41fe1bd0e21c7a60bf8/execute/async - {"script":"<script> [1562 bytes]","args":[{"selector":{"id":"application-managepricingrules-display-component---newInfoPriceItem--billType-arrow"},"wdio_ui5_key":"applicationmanagepricingrules-display-component---newInfoPriceItem--billType-arrow"}]}
RESULT: {"script":"<script> [1562 bytes]","args":[{"selector":{"id":"application-managepricingrules-display-component---newInfoPriceItem--billType-arrow"},"wdio_ui5_key":"applicationmanagepricingrules-display-component---newInfoPriceItem--billType-arrow"}]}
RESULT: undefined
COMMAND: POST /session/eec783fecbf0a41fe1bd0e21c7a60bf8/element - {"using":"xpath","value":"//*[@id=\"application-managepricingrules-display-component---newInfoPriceItem--billType-arrow\"]"}
RESULT: {"using":"xpath","value":"//*[@id=\"application-managepricingrules-display-component---newInfoPriceItem--billType-arrow\"]"}
COMMAND: POST /session/eec783fecbf0a41fe1bd0e21c7a60bf8/element/f.C6480B129F3E0D11095D72FF7684A092.d.D05A70D66DD1F4F73139D6D9E4C21D96.e.15251/click - {}
RESULT: {}
COMMAND: POST /session/eec783fecbf0a41fe1bd0e21c7a60bf8/element - {"using":"xpath","value":"//span[contains(text(), \"TB - Time based\")]"}
COMMAND: GET /session/eec783fecbf0a41fe1bd0e21c7a60bf8/screenshot - {}
RESULT: {"using":"xpath","value":"//span[contains(text(), \"TB - Time based\")]"}
COMMAND: POST /session/eec783fecbf0a41fe1bd0e21c7a60bf8/element/f.C6480B129F3E0D11095D72FF7684A092.d.D05A70D66DD1F4F73139D6D9E4C21D96.e.15297/click - {}
RESULT: {}
RESULT: {}
COMMAND: POST /session/eec783fecbf0a41fe1bd0e21c7a60bf8/execute/async - {"script":"<script> [1562 bytes]","args":[{"selector":{"id":"application-managepricingrules-display-component---newInfoPriceItem--priceProc-arrow"},"wdio_ui5_key":"applicationmanagepricingrules-display-component---newInfoPriceItem--priceProc-arrow"}]}
COMMAND: GET /session/eec783fecbf0a41fe1bd0e21c7a60bf8/screenshot - {}
RESULT: {"script":"<script> [1562 bytes]","args":[{"selector":{"id":"application-managepricingrules-display-component---newInfoPriceItem--priceProc-arrow"},"wdio_ui5_key":"applicationmanagepricingrules-display-component---newInfoPriceItem--priceProc-arrow"}]}
RESULT: undefined
COMMAND: POST /session/eec783fecbf0a41fe1bd0e21c7a60bf8/element - {"using":"xpath","value":"//*[@id=\"application-managepricingrules-display-component---newInfoPriceItem--priceProc-arrow\"]"}
RESULT: {}
RESULT: {"using":"xpath","value":"//*[@id=\"application-managepricingrules-display-component---newInfoPriceItem--priceProc-arrow\"]"}
COMMAND: POST /session/eec783fecbf0a41fe1bd0e21c7a60bf8/element/f.C6480B129F3E0D11095D72FF7684A092.d.D05A70D66DD1F4F73139D6D9E4C21D96.e.15258/click - {}
RESULT: {}
COMMAND: POST /session/eec783fecbf0a41fe1bd0e21c7a60bf8/element - {"using":"xpath","value":"//span[contains(text(), \"TBS - Time based standard\")]"}
COMMAND: GET /session/eec783fecbf0a41fe1bd0e21c7a60bf8/screenshot - {}
RESULT: {"using":"xpath","value":"//span[contains(text(), \"TBS - Time based standard\")]"}
COMMAND: POST /session/eec783fecbf0a41fe1bd0e21c7a60bf8/element/f.C6480B129F3E0D11095D72FF7684A092.d.D05A70D66DD1F4F73139D6D9E4C21D96.e.15298/click - {}
RESULT: {}
RESULT: {}
COMMAND: POST /session/eec783fecbf0a41fe1bd0e21c7a60bf8/execute/async - {"script":"<script> [1562 bytes]","args":[{"selector":{"id":"application-managepricingrules-display-component---newInfoPriceItem--calcBase-arrow"},"wdio_ui5_key":"applicationmanagepricingrules-display-component---newInfoPriceItem--calcBase-arrow"}]}
COMMAND: GET /session/eec783fecbf0a41fe1bd0e21c7a60bf8/screenshot - {}
RESULT: {"script":"<script> [1562 bytes]","args":[{"selector":{"id":"application-managepricingrules-display-component---newInfoPriceItem--calcBase-arrow"},"wdio_ui5_key":"applicationmanagepricingrules-display-component---newInfoPriceItem--calcBase-arrow"}]}
RESULT: undefined
COMMAND: POST /session/eec783fecbf0a41fe1bd0e21c7a60bf8/element - {"using":"xpath","value":"//*[@id=\"application-managepricingrules-display-component---newInfoPriceItem--calcBase-arrow\"]"}
RESULT: {}
RESULT: {"using":"xpath","value":"//*[@id=\"application-managepricingrules-display-component---newInfoPriceItem--calcBase-arrow\"]"}
COMMAND: POST /session/eec783fecbf0a41fe1bd0e21c7a60bf8/element/f.C6480B129F3E0D11095D72FF7684A092.d.D05A70D66DD1F4F73139D6D9E4C21D96.e.15265/click - {}
RESULT: {}
COMMAND: GET /session/eec783fecbf0a41fe1bd0e21c7a60bf8/screenshot - {}
RESULT: {}
COMMAND: POST /session/eec783fecbf0a41fe1bd0e21c7a60bf8/element - {"using":"xpath","value":"//span[contains(text(), \"0006 - TB(calendar days)\")]"}
RESULT: {"using":"xpath","value":"//span[contains(text(), \"0006 - TB(calendar days)\")]"}
COMMAND: POST /session/eec783fecbf0a41fe1bd0e21c7a60bf8/element/f.C6480B129F3E0D11095D72FF7684A092.d.D05A70D66DD1F4F73139D6D9E4C21D96.e.15299/click - {}
RESULT: {}
COMMAND: POST /session/eec783fecbf0a41fe1bd0e21c7a60bf8/execute/async - {"script":"<script> [1562 bytes]","args":[{"selector":{"id":"application-managepricingrules-display-component---newInfoPriceItem--daysMonth","interaction":{"idSuffix":"inner"}},"wdio_ui5_key":"applicationmanagepricingrules-display-component---newInfoPriceItem--daysMonth"}]}
COMMAND: GET /session/eec783fecbf0a41fe1bd0e21c7a60bf8/screenshot - {}
RESULT: {"script":"<script> [1562 bytes]","args":[{"selector":{"id":"application-managepricingrules-display-component---newInfoPriceItem--daysMonth","interaction":{"idSuffix":"inner"}},"wdio_ui5_key":"applicationmanagepricingrules-display-component---newInfoPriceItem--daysMonth"}]}
RESULT: undefined
COMMAND: POST /session/eec783fecbf0a41fe1bd0e21c7a60bf8/execute/async - {"script":"<script> [776 bytes]","args":[{"enterText":"30","selector":{"id":"application-managepricingrules-display-component---newInfoPriceItem--daysMonth","interaction":{"idSuffix":"inner"}},"clearTextFirst":true,"interactionType":"ENTER_TEXT"}]}
RESULT: {}
RESULT: {"script":"<script> [776 bytes]","args":[{"enterText":"30","selector":{"id":"application-managepricingrules-display-component---newInfoPriceItem--daysMonth","interaction":{"idSuffix":"inner"}},"clearTextFirst":true,"interactionType":"ENTER_TEXT"}]}
COMMAND: POST /session/eec783fecbf0a41fe1bd0e21c7a60bf8/element - {"using":"xpath","value":"//button[@data-kt=\"saveNewRuleButton\"]"}
RESULT: {"using":"xpath","value":"//button[@data-kt=\"saveNewRuleButton\"]"}
COMMAND: POST /session/eec783fecbf0a41fe1bd0e21c7a60bf8/element/f.C6480B129F3E0D11095D72FF7684A092.d.D05A70D66DD1F4F73139D6D9E4C21D96.e.15285/click - {}
RESULT: {}
COMMAND: GET /session/eec783fecbf0a41fe1bd0e21c7a60bf8/screenshot - {}
RESULT: {}
COMMAND: POST /session/eec783fecbf0a41fe1bd0e21c7a60bf8/element - {"using":"css selector","value":"#shell-header-logo"}
RESULT: {"using":"css selector","value":"#shell-header-logo"}
COMMAND: POST /session/eec783fecbf0a41fe1bd0e21c7a60bf8/element/f.C6480B129F3E0D11095D72FF7684A092.d.D05A70D66DD1F4F73139D6D9E4C21D96.e.14819/click - {}
RESULT: {}
COMMAND: GET /session/eec783fecbf0a41fe1bd0e21c7a60bf8/screenshot - {}
RESULT: {}
COMMAND: POST /session/eec783fecbf0a41fe1bd0e21c7a60bf8/execute/async - {"script":"<script> [1562 bytes]","args":[{"selector":{"controlType":"sap.m.Text","properties":{"text":"Manage Conditions & Prices"},"interaction":{"idSuffix":"inner"}},"wdio_ui5_key":"sapm.Text{\"text\":\"Manage Conditions & Prices\"}"}]}
RESULT: {"script":"<script> [1562 bytes]","args":[{"selector":{"controlType":"sap.m.Text","properties":{"text":"Manage Conditions & Prices"},"interaction":{"idSuffix":"inner"}},"wdio_ui5_key":"sapm.Text{\"text\":\"Manage Conditions & Prices\"}"}]}
RESULT: undefined
COMMAND: POST /session/eec783fecbf0a41fe1bd0e21c7a60bf8/element - {"using":"xpath","value":"//*[@id=\"__tile53-title\"]"}
RESULT: {"using":"xpath","value":"//*[@id=\"__tile53-title\"]"}
COMMAND: POST /session/eec783fecbf0a41fe1bd0e21c7a60bf8/element/f.C6480B129F3E0D11095D72FF7684A092.d.D05A70D66DD1F4F73139D6D9E4C21D96.e.15317/click - {}
RESULT: {}
COMMAND: GET /session/eec783fecbf0a41fe1bd0e21c7a60bf8/screenshot - {}
RESULT: {}
COMMAND: POST /session/eec783fecbf0a41fe1bd0e21c7a60bf8/element - {"using":"xpath","value":"//button[@aria-label=\"Create\"]"}
RESULT: {"using":"xpath","value":"//button[@aria-label=\"Create\"]"}
COMMAND: POST /session/eec783fecbf0a41fe1bd0e21c7a60bf8/elements - {"using":"xpath","value":"//button[@aria-label=\"Create\"]"}
RESULT: {"using":"xpath","value":"//button[@aria-label=\"Create\"]"}
COMMAND: POST /session/eec783fecbf0a41fe1bd0e21c7a60bf8/element - {"using":"xpath","value":"//button[@aria-label=\"Create\"]"}
RESULT: {"using":"xpath","value":"//button[@aria-label=\"Create\"]"}
COMMAND: POST /session/eec783fecbf0a41fe1bd0e21c7a60bf8/element/f.C6480B129F3E0D11095D72FF7684A092.d.D05A70D66DD1F4F73139D6D9E4C21D96.e.15357/click - {}
RESULT: {}
COMMAND: POST /session/eec783fecbf0a41fe1bd0e21c7a60bf8/actions - {"actions":[{"id":"action74","type":"key","parameters":{},"actions":[{"type":"keyDown","value":""},{"type":"pause","duration":10},{"type":"keyUp","value":""}]}]}
COMMAND: GET /session/eec783fecbf0a41fe1bd0e21c7a60bf8/screenshot - {}
RESULT: {"actions":[{"id":"action74","type":"key","parameters":{},"actions":[{"type":"keyDown","value":""},{"type":"pause","duration":10},{"type":"keyUp","value":""}]}]}
COMMAND: GET /session/eec783fecbf0a41fe1bd0e21c7a60bf8/screenshot - {}
COMMAND: POST /session/eec783fecbf0a41fe1bd0e21c7a60bf8/execute/async - {"script":"<script> [1562 bytes]","args":[{"selector":{"id":"application-manageconditionprice-display-component---newCondition--condBillCond-arrow"},"wdio_ui5_key":"applicationmanageconditionprice-display-component---newCondition--condBillCond-arrow"}]}
RESULT: {}
RESULT: {}
RESULT: {"script":"<script> [1562 bytes]","args":[{"selector":{"id":"application-manageconditionprice-display-component---newCondition--condBillCond-arrow"},"wdio_ui5_key":"applicationmanageconditionprice-display-component---newCondition--condBillCond-arrow"}]}
RESULT: undefined
COMMAND: POST /session/eec783fecbf0a41fe1bd0e21c7a60bf8/element - {"using":"xpath","value":"//*[@id=\"application-manageconditionprice-display-component---newCondition--condBillCond-arrow\"]"}
RESULT: {"using":"xpath","value":"//*[@id=\"application-manageconditionprice-display-component---newCondition--condBillCond-arrow\"]"}
COMMAND: POST /session/eec783fecbf0a41fe1bd0e21c7a60bf8/element/f.C6480B129F3E0D11095D72FF7684A092.d.D05A70D66DD1F4F73139D6D9E4C21D96.e.15821/click - {}
RESULT: {}
COMMAND: POST /session/eec783fecbf0a41fe1bd0e21c7a60bf8/element - {"using":"xpath","value":"//span[contains(text(), \"DISP - D&I special price\")]"}
COMMAND: GET /session/eec783fecbf0a41fe1bd0e21c7a60bf8/screenshot - {}
RESULT: {"using":"xpath","value":"//span[contains(text(), \"DISP - D&I special price\")]"}
COMMAND: POST /session/eec783fecbf0a41fe1bd0e21c7a60bf8/element/f.C6480B129F3E0D11095D72FF7684A092.d.D05A70D66DD1F4F73139D6D9E4C21D96.e.15822/click - {}
RESULT: {}
RESULT: {}
COMMAND: POST /session/eec783fecbf0a41fe1bd0e21c7a60bf8/execute/async - {"script":"<script> [1562 bytes]","args":[{"selector":{"id":"application-manageconditionprice-display-component---newCondition--condValidTo","interaction":{"idSuffix":"inner"}},"wdio_ui5_key":"applicationmanageconditionprice-display-component---newCondition--condValidTo"}]}
COMMAND: GET /session/eec783fecbf0a41fe1bd0e21c7a60bf8/screenshot - {}
RESULT: {"script":"<script> [1562 bytes]","args":[{"selector":{"id":"application-manageconditionprice-display-component---newCondition--condValidTo","interaction":{"idSuffix":"inner"}},"wdio_ui5_key":"applicationmanageconditionprice-display-component---newCondition--condValidTo"}]}
RESULT: undefined
COMMAND: POST /session/eec783fecbf0a41fe1bd0e21c7a60bf8/execute/async - {"script":"<script> [776 bytes]","args":[{"enterText":"5/11/33","selector":{"id":"application-manageconditionprice-display-component---newCondition--condValidTo","interaction":{"idSuffix":"inner"}},"clearTextFirst":true,"interactionType":"ENTER_TEXT"}]}
RESULT: {}
RESULT: {"script":"<script> [776 bytes]","args":[{"enterText":"5/11/33","selector":{"id":"application-manageconditionprice-display-component---newCondition--condValidTo","interaction":{"idSuffix":"inner"}},"clearTextFirst":true,"interactionType":"ENTER_TEXT"}]}
COMMAND: POST /session/eec783fecbf0a41fe1bd0e21c7a60bf8/element - {"using":"xpath","value":"//input[@id=\"application-manageconditionprice-display-component---newCondition--condRU-inner\"]"}
RESULT: {"using":"xpath","value":"//input[@id=\"application-manageconditionprice-display-component---newCondition--condRU-inner\"]"}
COMMAND: POST /session/eec783fecbf0a41fe1bd0e21c7a60bf8/element/f.C6480B129F3E0D11095D72FF7684A092.d.D05A70D66DD1F4F73139D6D9E4C21D96.e.15552/clear - {}
RESULT: {}
COMMAND: POST /session/eec783fecbf0a41fe1bd0e21c7a60bf8/element/f.C6480B129F3E0D11095D72FF7684A092.d.D05A70D66DD1F4F73139D6D9E4C21D96.e.15552/value - {"text":"WebdriverMatTesttwqqr"}
COMMAND: GET /session/eec783fecbf0a41fe1bd0e21c7a60bf8/screenshot - {}
RESULT: {"text":"WebdriverMatTesttwqqr"}
COMMAND: GET /session/eec783fecbf0a41fe1bd0e21c7a60bf8/screenshot - {}
RESULT: {}
RESULT: {}
COMMAND: POST /session/eec783fecbf0a41fe1bd0e21c7a60bf8/actions - {"actions":[{"id":"action75","type":"key","parameters":{},"actions":[{"type":"keyDown","value":""},{"type":"pause","duration":10},{"type":"keyUp","value":""}]}]}
RESULT: {"actions":[{"id":"action75","type":"key","parameters":{},"actions":[{"type":"keyDown","value":""},{"type":"pause","duration":10},{"type":"keyUp","value":""}]}]}
COMMAND: POST /session/eec783fecbf0a41fe1bd0e21c7a60bf8/execute/async - {"script":"<script> [1562 bytes]","args":[{"selector":{"id":"application-manageconditionprice-display-component---newCondition--condBaseQty","interaction":{"idSuffix":"inner"}},"wdio_ui5_key":"applicationmanageconditionprice-display-component---newCondition--condBaseQty"}]}
COMMAND: GET /session/eec783fecbf0a41fe1bd0e21c7a60bf8/screenshot - {}
RESULT: {"script":"<script> [1562 bytes]","args":[{"selector":{"id":"application-manageconditionprice-display-component---newCondition--condBaseQty","interaction":{"idSuffix":"inner"}},"wdio_ui5_key":"applicationmanageconditionprice-display-component---newCondition--condBaseQty"}]}
RESULT: undefined
COMMAND: POST /session/eec783fecbf0a41fe1bd0e21c7a60bf8/execute/async - {"script":"<script> [776 bytes]","args":[{"enterText":"1","selector":{"id":"application-manageconditionprice-display-component---newCondition--condBaseQty","interaction":{"idSuffix":"inner"}},"clearTextFirst":true,"interactionType":"ENTER_TEXT"}]}
RESULT: {}
RESULT: {"script":"<script> [776 bytes]","args":[{"enterText":"1","selector":{"id":"application-manageconditionprice-display-component---newCondition--condBaseQty","interaction":{"idSuffix":"inner"}},"clearTextFirst":true,"interactionType":"ENTER_TEXT"}]}
COMMAND: POST /session/eec783fecbf0a41fe1bd0e21c7a60bf8/execute/async - {"script":"<script> [1562 bytes]","args":[{"selector":{"id":"application-manageconditionprice-display-component---newCondition--condValue","interaction":{"idSuffix":"inner"}},"wdio_ui5_key":"applicationmanageconditionprice-display-component---newCondition--condValue"}]}
RESULT: {"script":"<script> [1562 bytes]","args":[{"selector":{"id":"application-manageconditionprice-display-component---newCondition--condValue","interaction":{"idSuffix":"inner"}},"wdio_ui5_key":"applicationmanageconditionprice-display-component---newCondition--condValue"}]}
RESULT: undefined
COMMAND: POST /session/eec783fecbf0a41fe1bd0e21c7a60bf8/execute/async - {"script":"<script> [776 bytes]","args":[{"enterText":"100","selector":{"id":"application-manageconditionprice-display-component---newCondition--condValue","interaction":{"idSuffix":"inner"}},"clearTextFirst":true,"interactionType":"ENTER_TEXT"}]}
RESULT: {"script":"<script> [776 bytes]","args":[{"enterText":"100","selector":{"id":"application-manageconditionprice-display-component---newCondition--condValue","interaction":{"idSuffix":"inner"}},"clearTextFirst":true,"interactionType":"ENTER_TEXT"}]}
COMMAND: POST /session/eec783fecbf0a41fe1bd0e21c7a60bf8/execute/async - {"script":"<script> [1562 bytes]","args":[{"selector":{"id":"application-manageconditionprice-display-component---newCondition--condCurr-arrow"},"wdio_ui5_key":"applicationmanageconditionprice-display-component---newCondition--condCurr-arrow"}]}
RESULT: {"script":"<script> [1562 bytes]","args":[{"selector":{"id":"application-manageconditionprice-display-component---newCondition--condCurr-arrow"},"wdio_ui5_key":"applicationmanageconditionprice-display-component---newCondition--condCurr-arrow"}]}
RESULT: undefined
COMMAND: POST /session/eec783fecbf0a41fe1bd0e21c7a60bf8/element - {"using":"xpath","value":"//*[@id=\"application-manageconditionprice-display-component---newCondition--condCurr-arrow\"]"}
RESULT: {"using":"xpath","value":"//*[@id=\"application-manageconditionprice-display-component---newCondition--condCurr-arrow\"]"}
COMMAND: POST /session/eec783fecbf0a41fe1bd0e21c7a60bf8/element/f.C6480B129F3E0D11095D72FF7684A092.d.D05A70D66DD1F4F73139D6D9E4C21D96.e.15794/click - {}
RESULT: {}
COMMAND: POST /session/eec783fecbf0a41fe1bd0e21c7a60bf8/element - {"using":"xpath","value":"//span[contains(text(), \"Euro\")]"}
COMMAND: GET /session/eec783fecbf0a41fe1bd0e21c7a60bf8/screenshot - {}
RESULT: {"using":"xpath","value":"//span[contains(text(), \"Euro\")]"}
COMMAND: POST /session/eec783fecbf0a41fe1bd0e21c7a60bf8/element/f.C6480B129F3E0D11095D72FF7684A092.d.D05A70D66DD1F4F73139D6D9E4C21D96.e.15858/click - {}
RESULT: {}
RESULT: {}
COMMAND: POST /session/eec783fecbf0a41fe1bd0e21c7a60bf8/element - {"using":"xpath","value":"//button[@data-kt=\"saveButton\"]"}
COMMAND: GET /session/eec783fecbf0a41fe1bd0e21c7a60bf8/screenshot - {}
RESULT: {"using":"xpath","value":"//button[@data-kt=\"saveButton\"]"}
COMMAND: POST /session/eec783fecbf0a41fe1bd0e21c7a60bf8/element/f.C6480B129F3E0D11095D72FF7684A092.d.D05A70D66DD1F4F73139D6D9E4C21D96.e.15795/click - {}
RESULT: {}
RESULT: {}
COMMAND: GET /session/eec783fecbf0a41fe1bd0e21c7a60bf8/screenshot - {}
RESULT: {}
COMMAND: POST /session/eec783fecbf0a41fe1bd0e21c7a60bf8/element - {"using":"css selector","value":"#shell-header-logo"}
RESULT: {"using":"css selector","value":"#shell-header-logo"}
COMMAND: POST /session/eec783fecbf0a41fe1bd0e21c7a60bf8/element/f.C6480B129F3E0D11095D72FF7684A092.d.D05A70D66DD1F4F73139D6D9E4C21D96.e.15320/click - {}
RESULT: {}
COMMAND: GET /session/eec783fecbf0a41fe1bd0e21c7a60bf8/screenshot - {}
RESULT: {}
]]></system-out>
    </testcase>
    <testcase classname="chrome.136_0_7103_93.windows.E2E_-_Logistical_and_commercial_statuses" name="Should create a new contract" time="61.35">
      <system-out><![CDATA[
COMMAND: POST /session/eec783fecbf0a41fe1bd0e21c7a60bf8/execute/async - {"script":"<script> [1562 bytes]","args":[{"selector":{"controlType":"sap.m.GenericTile","properties":{"header":"Manage Contracts"}},"wdio_ui5_key":"sapm.GenericTile{\"header\":\"Manage Contracts\"}"}]}
RESULT: {"script":"<script> [1562 bytes]","args":[{"selector":{"controlType":"sap.m.GenericTile","properties":{"header":"Manage Contracts"}},"wdio_ui5_key":"sapm.GenericTile{\"header\":\"Manage Contracts\"}"}]}
RESULT: undefined
COMMAND: POST /session/eec783fecbf0a41fe1bd0e21c7a60bf8/element - {"using":"xpath","value":"//*[@id=\"__tile130\"]"}
RESULT: {"using":"xpath","value":"//*[@id=\"__tile130\"]"}
COMMAND: POST /session/eec783fecbf0a41fe1bd0e21c7a60bf8/element/f.C6480B129F3E0D11095D72FF7684A092.d.D05A70D66DD1F4F73139D6D9E4C21D96.e.16011/click - {}
RESULT: {}
COMMAND: GET /session/eec783fecbf0a41fe1bd0e21c7a60bf8/screenshot - {}
RESULT: {}
COMMAND: POST /session/eec783fecbf0a41fe1bd0e21c7a60bf8/elements - {"using":"xpath","value":"//span[text()='Error']"}
RESULT: {"using":"xpath","value":"//span[text()='Error']"}
COMMAND: POST /session/eec783fecbf0a41fe1bd0e21c7a60bf8/element - {"using":"xpath","value":"//button[@data-kt=\"addButton\"]"}
RESULT: {"using":"xpath","value":"//button[@data-kt=\"addButton\"]"}
COMMAND: POST /session/eec783fecbf0a41fe1bd0e21c7a60bf8/element/f.C6480B129F3E0D11095D72FF7684A092.d.D05A70D66DD1F4F73139D6D9E4C21D96.e.16062/click - {}
RESULT: {}
COMMAND: GET /session/eec783fecbf0a41fe1bd0e21c7a60bf8/screenshot - {}
RESULT: {}
COMMAND: POST /session/eec783fecbf0a41fe1bd0e21c7a60bf8/execute/async - {"script":"<script> [1562 bytes]","args":[{"selector":{"id":"application-managecontracts-display-component---AddNewContract--projectDescription","interaction":{"idSuffix":"inner"}},"wdio_ui5_key":"applicationmanagecontracts-display-component---AddNewContract--projectDescription"}]}
RESULT: {"script":"<script> [1562 bytes]","args":[{"selector":{"id":"application-managecontracts-display-component---AddNewContract--projectDescription","interaction":{"idSuffix":"inner"}},"wdio_ui5_key":"applicationmanagecontracts-display-component---AddNewContract--projectDescription"}]}
RESULT: undefined
COMMAND: POST /session/eec783fecbf0a41fe1bd0e21c7a60bf8/execute/async - {"script":"<script> [776 bytes]","args":[{"enterText":"WdIOR2cfiyjb","selector":{"id":"application-managecontracts-display-component---AddNewContract--projectDescription","interaction":{"idSuffix":"inner"}},"clearTextFirst":true,"interactionType":"ENTER_TEXT"}]}
RESULT: {"script":"<script> [776 bytes]","args":[{"enterText":"WdIOR2cfiyjb","selector":{"id":"application-managecontracts-display-component---AddNewContract--projectDescription","interaction":{"idSuffix":"inner"}},"clearTextFirst":true,"interactionType":"ENTER_TEXT"}]}
COMMAND: POST /session/eec783fecbf0a41fe1bd0e21c7a60bf8/element - {"using":"xpath","value":"//input[@id=\"application-managecontracts-display-component---AddNewContract--yardId-inner\"]"}
RESULT: {"using":"xpath","value":"//input[@id=\"application-managecontracts-display-component---AddNewContract--yardId-inner\"]"}
COMMAND: POST /session/eec783fecbf0a41fe1bd0e21c7a60bf8/element/f.C6480B129F3E0D11095D72FF7684A092.d.D05A70D66DD1F4F73139D6D9E4C21D96.e.16325/clear - {}
RESULT: {}
COMMAND: POST /session/eec783fecbf0a41fe1bd0e21c7a60bf8/element/f.C6480B129F3E0D11095D72FF7684A092.d.D05A70D66DD1F4F73139D6D9E4C21D96.e.16325/value - {"text":"WebdriverYardxu90w"}
COMMAND: GET /session/eec783fecbf0a41fe1bd0e21c7a60bf8/screenshot - {}
RESULT: {"text":"WebdriverYardxu90w"}
COMMAND: GET /session/eec783fecbf0a41fe1bd0e21c7a60bf8/screenshot - {}
RESULT: {}
RESULT: {}
COMMAND: POST /session/eec783fecbf0a41fe1bd0e21c7a60bf8/actions - {"actions":[{"id":"action76","type":"key","parameters":{},"actions":[{"type":"keyDown","value":""},{"type":"pause","duration":10},{"type":"keyUp","value":""}]}]}
RESULT: {"actions":[{"id":"action76","type":"key","parameters":{},"actions":[{"type":"keyDown","value":""},{"type":"pause","duration":10},{"type":"keyUp","value":""}]}]}
COMMAND: GET /session/eec783fecbf0a41fe1bd0e21c7a60bf8/screenshot - {}
RESULT: {}
COMMAND: POST /session/eec783fecbf0a41fe1bd0e21c7a60bf8/element - {"using":"xpath","value":"//input[@id=\"application-managecontracts-display-component---AddNewContract--customerSelect-inner\"]"}
RESULT: {"using":"xpath","value":"//input[@id=\"application-managecontracts-display-component---AddNewContract--customerSelect-inner\"]"}
COMMAND: POST /session/eec783fecbf0a41fe1bd0e21c7a60bf8/element/f.C6480B129F3E0D11095D72FF7684A092.d.D05A70D66DD1F4F73139D6D9E4C21D96.e.16323/clear - {}
RESULT: {}
COMMAND: POST /session/eec783fecbf0a41fe1bd0e21c7a60bf8/element/f.C6480B129F3E0D11095D72FF7684A092.d.D05A70D66DD1F4F73139D6D9E4C21D96.e.16323/value - {"text":"WebdriverPartnera96gm"}
COMMAND: GET /session/eec783fecbf0a41fe1bd0e21c7a60bf8/screenshot - {}
RESULT: {"text":"WebdriverPartnera96gm"}
COMMAND: GET /session/eec783fecbf0a41fe1bd0e21c7a60bf8/screenshot - {}
RESULT: {}
RESULT: {}
COMMAND: POST /session/eec783fecbf0a41fe1bd0e21c7a60bf8/actions - {"actions":[{"id":"action77","type":"key","parameters":{},"actions":[{"type":"keyDown","value":""},{"type":"pause","duration":10},{"type":"keyUp","value":""}]}]}
RESULT: {"actions":[{"id":"action77","type":"key","parameters":{},"actions":[{"type":"keyDown","value":""},{"type":"pause","duration":10},{"type":"keyUp","value":""}]}]}
COMMAND: GET /session/eec783fecbf0a41fe1bd0e21c7a60bf8/screenshot - {}
RESULT: {}
COMMAND: POST /session/eec783fecbf0a41fe1bd0e21c7a60bf8/element - {"using":"xpath","value":"//input[@id=\"application-managecontracts-display-component---AddNewContract--site-inner\"]"}
RESULT: {"using":"xpath","value":"//input[@id=\"application-managecontracts-display-component---AddNewContract--site-inner\"]"}
COMMAND: POST /session/eec783fecbf0a41fe1bd0e21c7a60bf8/element/f.C6480B129F3E0D11095D72FF7684A092.d.D05A70D66DD1F4F73139D6D9E4C21D96.e.16324/clear - {}
RESULT: {}
COMMAND: POST /session/eec783fecbf0a41fe1bd0e21c7a60bf8/element/f.C6480B129F3E0D11095D72FF7684A092.d.D05A70D66DD1F4F73139D6D9E4C21D96.e.16324/value - {"text":"WebdriverSitegqpmh"}
COMMAND: GET /session/eec783fecbf0a41fe1bd0e21c7a60bf8/screenshot - {}
RESULT: {"text":"WebdriverSitegqpmh"}
COMMAND: GET /session/eec783fecbf0a41fe1bd0e21c7a60bf8/screenshot - {}
RESULT: {}
RESULT: {}
COMMAND: POST /session/eec783fecbf0a41fe1bd0e21c7a60bf8/actions - {"actions":[{"id":"action78","type":"key","parameters":{},"actions":[{"type":"keyDown","value":""},{"type":"pause","duration":10},{"type":"keyUp","value":""}]}]}
RESULT: {"actions":[{"id":"action78","type":"key","parameters":{},"actions":[{"type":"keyDown","value":""},{"type":"pause","duration":10},{"type":"keyUp","value":""}]}]}
COMMAND: POST /session/eec783fecbf0a41fe1bd0e21c7a60bf8/element - {"using":"xpath","value":"//button[@data-kt=\"saveButton\"]"}
COMMAND: GET /session/eec783fecbf0a41fe1bd0e21c7a60bf8/screenshot - {}
RESULT: {"using":"xpath","value":"//button[@data-kt=\"saveButton\"]"}
COMMAND: POST /session/eec783fecbf0a41fe1bd0e21c7a60bf8/element/f.C6480B129F3E0D11095D72FF7684A092.d.D05A70D66DD1F4F73139D6D9E4C21D96.e.16405/click - {}
RESULT: {}
RESULT: {}
COMMAND: GET /session/eec783fecbf0a41fe1bd0e21c7a60bf8/screenshot - {}
RESULT: {}
COMMAND: POST /session/eec783fecbf0a41fe1bd0e21c7a60bf8/execute/async - {"script":"<script> [1562 bytes]","args":[{"selector":{"id":"contractDetailTitleNoExpanded","viewName":"etm.portal.ui.managecontracts.view.Detail"},"wdio_ui5_key":"contractDetailTitleNoExpandedetmportal.ui.managecontracts.view.Detail"}]}
RESULT: {"script":"<script> [1562 bytes]","args":[{"selector":{"id":"contractDetailTitleNoExpanded","viewName":"etm.portal.ui.managecontracts.view.Detail"},"wdio_ui5_key":"contractDetailTitleNoExpandedetmportal.ui.managecontracts.view.Detail"}]}
RESULT: undefined
COMMAND: POST /session/eec783fecbf0a41fe1bd0e21c7a60bf8/execute/async - {"script":"<script> [6424 bytes]","args":[{"element-6066-11e4-a52e-4f735466cecf":"f.C6480B129F3E0D11095D72FF7684A092.d.D05A70D66DD1F4F73139D6D9E4C21D96.e.16486"},"getText",[]]}
RESULT: {"script":"<script> [6424 bytes]","args":[{"element-6066-11e4-a52e-4f735466cecf":"f.C6480B129F3E0D11095D72FF7684A092.d.D05A70D66DD1F4F73139D6D9E4C21D96.e.16486"},"getText",[]]}
]]></system-out>
    </testcase>
    <testcase classname="chrome.136_0_7103_93.windows.E2E_-_Logistical_and_commercial_statuses" name="Should add materialID to the contract" time="43.086">
      <system-out><![CDATA[
COMMAND: POST /session/eec783fecbf0a41fe1bd0e21c7a60bf8/element - {"using":"xpath","value":"//button[@data-kt=\"contractDetailEditBtnButton\"]"}
RESULT: {"using":"xpath","value":"//button[@data-kt=\"contractDetailEditBtnButton\"]"}
COMMAND: POST /session/eec783fecbf0a41fe1bd0e21c7a60bf8/element/f.C6480B129F3E0D11095D72FF7684A092.d.D05A70D66DD1F4F73139D6D9E4C21D96.e.16487/click - {}
RESULT: {}
COMMAND: GET /session/eec783fecbf0a41fe1bd0e21c7a60bf8/screenshot - {}
RESULT: {}
COMMAND: POST /session/eec783fecbf0a41fe1bd0e21c7a60bf8/element - {"using":"xpath","value":"(//span[contains(text(), \"Additional Addresses\")])[2]"}
RESULT: {"using":"xpath","value":"(//span[contains(text(), \"Additional Addresses\")])[2]"}
COMMAND: POST /session/eec783fecbf0a41fe1bd0e21c7a60bf8/element/f.C6480B129F3E0D11095D72FF7684A092.d.D05A70D66DD1F4F73139D6D9E4C21D96.e.16544/click - {}
RESULT: {}
COMMAND: GET /session/eec783fecbf0a41fe1bd0e21c7a60bf8/screenshot - {}
RESULT: {}
COMMAND: POST /session/eec783fecbf0a41fe1bd0e21c7a60bf8/element - {"using":"xpath","value":"//button[@data-kt=\"btnAddTableRowOverflowToolbarButton\"]"}
RESULT: {"using":"xpath","value":"//button[@data-kt=\"btnAddTableRowOverflowToolbarButton\"]"}
COMMAND: POST /session/eec783fecbf0a41fe1bd0e21c7a60bf8/element/f.C6480B129F3E0D11095D72FF7684A092.d.D05A70D66DD1F4F73139D6D9E4C21D96.e.16548/click - {}
RESULT: {}
COMMAND: GET /session/eec783fecbf0a41fe1bd0e21c7a60bf8/screenshot - {}
RESULT: {}
COMMAND: POST /session/eec783fecbf0a41fe1bd0e21c7a60bf8/element - {"using":"xpath","value":"//div[(text() = 'Standard Entry' or . = 'Standard Entry')]"}
RESULT: {"using":"xpath","value":"//div[(text() = 'Standard Entry' or . = 'Standard Entry')]"}
COMMAND: POST /session/eec783fecbf0a41fe1bd0e21c7a60bf8/element/f.C6480B129F3E0D11095D72FF7684A092.d.D05A70D66DD1F4F73139D6D9E4C21D96.e.16550/click - {}
RESULT: {}
COMMAND: POST /session/eec783fecbf0a41fe1bd0e21c7a60bf8/element - {"using":"xpath","value":"//td[6]/div/div/input[1]"}
COMMAND: GET /session/eec783fecbf0a41fe1bd0e21c7a60bf8/screenshot - {}
RESULT: {"using":"xpath","value":"//td[6]/div/div/input[1]"}
COMMAND: POST /session/eec783fecbf0a41fe1bd0e21c7a60bf8/element/f.C6480B129F3E0D11095D72FF7684A092.d.D05A70D66DD1F4F73139D6D9E4C21D96.e.16552/click - {}
RESULT: {}
RESULT: {}
COMMAND: POST /session/eec783fecbf0a41fe1bd0e21c7a60bf8/actions - {"actions":[{"id":"action79","type":"key","parameters":{},"actions":[{"type":"keyDown","value":""},{"type":"pause","duration":10},{"type":"keyUp","value":""}]}]}
COMMAND: GET /session/eec783fecbf0a41fe1bd0e21c7a60bf8/screenshot - {}
RESULT: {"actions":[{"id":"action79","type":"key","parameters":{},"actions":[{"type":"keyDown","value":""},{"type":"pause","duration":10},{"type":"keyUp","value":""}]}]}
COMMAND: POST /session/eec783fecbf0a41fe1bd0e21c7a60bf8/element - {"using":"xpath","value":"//td[6]/div/div/input[1]"}
COMMAND: GET /session/eec783fecbf0a41fe1bd0e21c7a60bf8/screenshot - {}
RESULT: {}
RESULT: {}
RESULT: {"using":"xpath","value":"//td[6]/div/div/input[1]"}
COMMAND: POST /session/eec783fecbf0a41fe1bd0e21c7a60bf8/element/f.C6480B129F3E0D11095D72FF7684A092.d.D05A70D66DD1F4F73139D6D9E4C21D96.e.16552/clear - {}
RESULT: {}
COMMAND: POST /session/eec783fecbf0a41fe1bd0e21c7a60bf8/element/f.C6480B129F3E0D11095D72FF7684A092.d.D05A70D66DD1F4F73139D6D9E4C21D96.e.16552/value - {"text":"Material"}
COMMAND: GET /session/eec783fecbf0a41fe1bd0e21c7a60bf8/screenshot - {}
RESULT: {"text":"Material"}
COMMAND: GET /session/eec783fecbf0a41fe1bd0e21c7a60bf8/screenshot - {}
RESULT: {}
RESULT: {}
COMMAND: POST /session/eec783fecbf0a41fe1bd0e21c7a60bf8/actions - {"actions":[{"id":"action80","type":"key","parameters":{},"actions":[{"type":"keyDown","value":""},{"type":"pause","duration":10},{"type":"keyUp","value":""}]}]}
RESULT: {"actions":[{"id":"action80","type":"key","parameters":{},"actions":[{"type":"keyDown","value":""},{"type":"pause","duration":10},{"type":"keyUp","value":""}]}]}
COMMAND: GET /session/eec783fecbf0a41fe1bd0e21c7a60bf8/screenshot - {}
RESULT: {}
COMMAND: POST /session/eec783fecbf0a41fe1bd0e21c7a60bf8/actions - {"actions":[{"id":"action81","type":"key","parameters":{},"actions":[{"type":"keyDown","value":""},{"type":"pause","duration":10},{"type":"keyUp","value":""}]}]}
RESULT: {"actions":[{"id":"action81","type":"key","parameters":{},"actions":[{"type":"keyDown","value":""},{"type":"pause","duration":10},{"type":"keyUp","value":""}]}]}
COMMAND: POST /session/eec783fecbf0a41fe1bd0e21c7a60bf8/element - {"using":"xpath","value":"//td[7]/div/div/input"}
COMMAND: GET /session/eec783fecbf0a41fe1bd0e21c7a60bf8/screenshot - {}
RESULT: {"using":"xpath","value":"//td[7]/div/div/input"}
COMMAND: POST /session/eec783fecbf0a41fe1bd0e21c7a60bf8/element/f.C6480B129F3E0D11095D72FF7684A092.d.D05A70D66DD1F4F73139D6D9E4C21D96.e.16565/clear - {}
RESULT: {}
RESULT: {}
COMMAND: POST /session/eec783fecbf0a41fe1bd0e21c7a60bf8/element/f.C6480B129F3E0D11095D72FF7684A092.d.D05A70D66DD1F4F73139D6D9E4C21D96.e.16565/value - {"text":"WebdriverMatTesttwqqr"}
COMMAND: GET /session/eec783fecbf0a41fe1bd0e21c7a60bf8/screenshot - {}
RESULT: {"text":"WebdriverMatTesttwqqr"}
COMMAND: GET /session/eec783fecbf0a41fe1bd0e21c7a60bf8/screenshot - {}
RESULT: {}
RESULT: {}
COMMAND: POST /session/eec783fecbf0a41fe1bd0e21c7a60bf8/actions - {"actions":[{"id":"action82","type":"key","parameters":{},"actions":[{"type":"keyDown","value":""},{"type":"pause","duration":10},{"type":"keyUp","value":""}]}]}
RESULT: {"actions":[{"id":"action82","type":"key","parameters":{},"actions":[{"type":"keyDown","value":""},{"type":"pause","duration":10},{"type":"keyUp","value":""}]}]}
COMMAND: GET /session/eec783fecbf0a41fe1bd0e21c7a60bf8/screenshot - {}
RESULT: {}
COMMAND: POST /session/eec783fecbf0a41fe1bd0e21c7a60bf8/actions - {"actions":[{"id":"action83","type":"key","parameters":{},"actions":[{"type":"keyDown","value":""},{"type":"pause","duration":10},{"type":"keyUp","value":""}]}]}
RESULT: {"actions":[{"id":"action83","type":"key","parameters":{},"actions":[{"type":"keyDown","value":""},{"type":"pause","duration":10},{"type":"keyUp","value":""}]}]}
COMMAND: GET /session/eec783fecbf0a41fe1bd0e21c7a60bf8/screenshot - {}
RESULT: {}
COMMAND: POST /session/eec783fecbf0a41fe1bd0e21c7a60bf8/element - {"using":"xpath","value":"(//button[@data-kt=\"saveButton\"])[2]"}
RESULT: {"using":"xpath","value":"(//button[@data-kt=\"saveButton\"])[2]"}
COMMAND: POST /session/eec783fecbf0a41fe1bd0e21c7a60bf8/element/f.C6480B129F3E0D11095D72FF7684A092.d.D05A70D66DD1F4F73139D6D9E4C21D96.e.16588/click - {}
RESULT: {}
COMMAND: GET /session/eec783fecbf0a41fe1bd0e21c7a60bf8/screenshot - {}
RESULT: {}
]]></system-out>
    </testcase>
    <testcase classname="chrome.136_0_7103_93.windows.E2E_-_Logistical_and_commercial_statuses" name="It should follow the handover steps to the status fully provided" time="335.112">
      <system-out><![CDATA[
COMMAND: POST /session/eec783fecbf0a41fe1bd0e21c7a60bf8/execute/async - {"script":"<script> [1562 bytes]","args":[{"selector":{"id":"contractDetailProvideButton","viewName":"etm.portal.ui.managecontracts.view.Detail","interaction":{"idSuffix":"BDI-content"}},"wdio_ui5_key":"contractDetailProvideButtonetmportal.ui.managecontracts.view.Detail"}]}
RESULT: {"script":"<script> [1562 bytes]","args":[{"selector":{"id":"contractDetailProvideButton","viewName":"etm.portal.ui.managecontracts.view.Detail","interaction":{"idSuffix":"BDI-content"}},"wdio_ui5_key":"contractDetailProvideButtonetmportal.ui.managecontracts.view.Detail"}]}
RESULT: undefined
COMMAND: POST /session/eec783fecbf0a41fe1bd0e21c7a60bf8/element - {"using":"xpath","value":"//*[@id=\"__xmlview61--contractDetailProvideButton\"]"}
RESULT: {"using":"xpath","value":"//*[@id=\"__xmlview61--contractDetailProvideButton\"]"}
COMMAND: POST /session/eec783fecbf0a41fe1bd0e21c7a60bf8/element/f.C6480B129F3E0D11095D72FF7684A092.d.D05A70D66DD1F4F73139D6D9E4C21D96.e.16592/click - {}
RESULT: {}
COMMAND: GET /session/eec783fecbf0a41fe1bd0e21c7a60bf8/screenshot - {}
RESULT: {}
COMMAND: POST /session/eec783fecbf0a41fe1bd0e21c7a60bf8/execute/async - {"script":"<script> [1562 bytes]","args":[{"selector":{"id":"application-managehandovers-display-component---AddNewHO--oneStep","interaction":{"idSuffix":"CbBg"}},"wdio_ui5_key":"applicationmanagehandovers-display-component---AddNewHO--oneStep"}]}
RESULT: {"script":"<script> [1562 bytes]","args":[{"selector":{"id":"application-managehandovers-display-component---AddNewHO--oneStep","interaction":{"idSuffix":"CbBg"}},"wdio_ui5_key":"applicationmanagehandovers-display-component---AddNewHO--oneStep"}]}
RESULT: undefined
COMMAND: POST /session/eec783fecbf0a41fe1bd0e21c7a60bf8/element - {"using":"xpath","value":"//*[@id=\"application-managehandovers-display-component---AddNewHO--oneStep\"]"}
RESULT: {"using":"xpath","value":"//*[@id=\"application-managehandovers-display-component---AddNewHO--oneStep\"]"}
COMMAND: POST /session/eec783fecbf0a41fe1bd0e21c7a60bf8/element/f.C6480B129F3E0D11095D72FF7684A092.d.D05A70D66DD1F4F73139D6D9E4C21D96.e.16750/click - {}
RESULT: {}
RESULT: undefined
COMMAND: POST /session/eec783fecbf0a41fe1bd0e21c7a60bf8/execute/async - {"script":"<script> [776 bytes]","args":[{"enterText":"05/28/25","selector":{"id":"application-managehandovers-display-component---AddNewHO--dueDate","interaction":{"idSuffix":"inner"}},"clearTextFirst":true,"interactionType":"ENTER_TEXT"}]}
COMMAND: GET /session/eec783fecbf0a41fe1bd0e21c7a60bf8/screenshot - {}
RESULT: {"script":"<script> [776 bytes]","args":[{"enterText":"05/28/25","selector":{"id":"application-managehandovers-display-component---AddNewHO--dueDate","interaction":{"idSuffix":"inner"}},"clearTextFirst":true,"interactionType":"ENTER_TEXT"}]}
RESULT: undefined
COMMAND: POST /session/eec783fecbf0a41fe1bd0e21c7a60bf8/element - {"using":"xpath","value":"//*[@id=\"application-managehandovers-display-component---AddNewHO--ObjectPageLayout-anchBar-application-managehandovers-display-component---AddNewHO--section4-anchor\"]"}
RESULT: {}
RESULT: {"using":"xpath","value":"//*[@id=\"application-managehandovers-display-component---AddNewHO--ObjectPageLayout-anchBar-application-managehandovers-display-component---AddNewHO--section4-anchor\"]"}
COMMAND: POST /session/eec783fecbf0a41fe1bd0e21c7a60bf8/element/f.C6480B129F3E0D11095D72FF7684A092.d.D05A70D66DD1F4F73139D6D9E4C21D96.e.16751/click - {}
RESULT: {}
COMMAND: POST /session/eec783fecbf0a41fe1bd0e21c7a60bf8/execute/async - {"script":"<script> [1562 bytes]","args":[{"selector":{"controlType":"sap.ui.core.Icon","viewName":"etm.portal.ui.managehandovers.view.AddNewHO","viewId":"application-managehandovers-display-component---AddNewHO","properties":{"src":{"regex":{"source":"add"}}}},"wdio_ui5_key":"etmportal.ui.managehandovers.view.AddNewHOsap.ui.core.Icon{\"src\":{\"regex\":{\"source\":\"add\"}}}"}]}
COMMAND: GET /session/eec783fecbf0a41fe1bd0e21c7a60bf8/screenshot - {}
RESULT: {"script":"<script> [1562 bytes]","args":[{"selector":{"controlType":"sap.ui.core.Icon","viewName":"etm.portal.ui.managehandovers.view.AddNewHO","viewId":"application-managehandovers-display-component---AddNewHO","properties":{"src":{"regex":{"source":"add"}}}},"wdio_ui5_key":"etmportal.ui.managehandovers.view.AddNewHOsap.ui.core.Icon{\"src\":{\"regex\":{\"source\":\"add\"}}}"}]}
RESULT: undefined
COMMAND: POST /session/eec783fecbf0a41fe1bd0e21c7a60bf8/element - {"using":"xpath","value":"//*[@id=\"__button178-img\"]"}
RESULT: {}
RESULT: {"using":"xpath","value":"//*[@id=\"__button178-img\"]"}
COMMAND: POST /session/eec783fecbf0a41fe1bd0e21c7a60bf8/element/f.C6480B129F3E0D11095D72FF7684A092.d.D05A70D66DD1F4F73139D6D9E4C21D96.e.16755/click - {}
RESULT: {}
COMMAND: GET /session/eec783fecbf0a41fe1bd0e21c7a60bf8/screenshot - {}
RESULT: {}
RESULT: undefined
COMMAND: POST /session/eec783fecbf0a41fe1bd0e21c7a60bf8/element - {"using":"xpath","value":"//*[@id=\"application-managehandovers-display-component---AddNewHO--popup-sa\"]"}
RESULT: {"using":"xpath","value":"//*[@id=\"application-managehandovers-display-component---AddNewHO--popup-sa\"]"}
COMMAND: POST /session/eec783fecbf0a41fe1bd0e21c7a60bf8/element/f.C6480B129F3E0D11095D72FF7684A092.d.D05A70D66DD1F4F73139D6D9E4C21D96.e.16765/click - {}
RESULT: {}
COMMAND: POST /session/eec783fecbf0a41fe1bd0e21c7a60bf8/execute/async - {"script":"<script> [1562 bytes]","args":[{"selector":{"controlType":"sap.m.Button","viewName":"etm.portal.ui.managehandovers.view.AddNewHO","viewId":"application-managehandovers-display-component---AddNewHO","i18NText":{"propertyName":"text","key":"select"},"searchOpenDialogs":true,"interaction":{"idSuffix":"inner"}},"wdio_ui5_key":"etmportal.ui.managehandovers.view.AddNewHOsap.m.Button{\"propertyName\":\"text\",\"key\":\"select\"}"}]}
COMMAND: GET /session/eec783fecbf0a41fe1bd0e21c7a60bf8/screenshot - {}
RESULT: {"script":"<script> [1562 bytes]","args":[{"selector":{"controlType":"sap.m.Button","viewName":"etm.portal.ui.managehandovers.view.AddNewHO","viewId":"application-managehandovers-display-component---AddNewHO","i18NText":{"propertyName":"text","key":"select"},"searchOpenDialogs":true,"interaction":{"idSuffix":"inner"}},"wdio_ui5_key":"etmportal.ui.managehandovers.view.AddNewHOsap.m.Button{\"propertyName\":\"text\",\"key\":\"select\"}"}]}
RESULT: undefined
COMMAND: POST /session/eec783fecbf0a41fe1bd0e21c7a60bf8/element - {"using":"xpath","value":"//*[@id=\"__button182\"]"}
RESULT: {}
RESULT: {"using":"xpath","value":"//*[@id=\"__button182\"]"}
COMMAND: POST /session/eec783fecbf0a41fe1bd0e21c7a60bf8/element/f.C6480B129F3E0D11095D72FF7684A092.d.D05A70D66DD1F4F73139D6D9E4C21D96.e.16768/click - {}
RESULT: {}
COMMAND: POST /session/eec783fecbf0a41fe1bd0e21c7a60bf8/execute/async - {"script":"<script> [1562 bytes]","args":[{"selector":{"id":"application-managehandovers-display-component---AddNewHO--confirmCreationButton","interaction":{"idSuffix":"BDI-content"}},"wdio_ui5_key":"applicationmanagehandovers-display-component---AddNewHO--confirmCreationButton"}]}
COMMAND: GET /session/eec783fecbf0a41fe1bd0e21c7a60bf8/screenshot - {}
RESULT: {"script":"<script> [1562 bytes]","args":[{"selector":{"id":"application-managehandovers-display-component---AddNewHO--confirmCreationButton","interaction":{"idSuffix":"BDI-content"}},"wdio_ui5_key":"applicationmanagehandovers-display-component---AddNewHO--confirmCreationButton"}]}
RESULT: undefined
COMMAND: POST /session/eec783fecbf0a41fe1bd0e21c7a60bf8/element - {"using":"xpath","value":"//*[@id=\"application-managehandovers-display-component---AddNewHO--confirmCreationButton\"]"}
RESULT: {}
RESULT: {"using":"xpath","value":"//*[@id=\"application-managehandovers-display-component---AddNewHO--confirmCreationButton\"]"}
COMMAND: POST /session/eec783fecbf0a41fe1bd0e21c7a60bf8/element/f.C6480B129F3E0D11095D72FF7684A092.d.D05A70D66DD1F4F73139D6D9E4C21D96.e.16714/click - {}
RESULT: {}
COMMAND: GET /session/eec783fecbf0a41fe1bd0e21c7a60bf8/screenshot - {}
RESULT: {}
COMMAND: POST /session/eec783fecbf0a41fe1bd0e21c7a60bf8/element - {"using":"xpath","value":"//a[contains(@data-kt ,\"GeneralSectionReceiveContracttLink\")]"}
RESULT: {"using":"xpath","value":"//a[contains(@data-kt ,\"GeneralSectionReceiveContracttLink\")]"}
COMMAND: POST /session/eec783fecbf0a41fe1bd0e21c7a60bf8/element/f.C6480B129F3E0D11095D72FF7684A092.d.D05A70D66DD1F4F73139D6D9E4C21D96.e.16818/click - {}
RESULT: {}
COMMAND: GET /session/eec783fecbf0a41fe1bd0e21c7a60bf8/screenshot - {}
RESULT: {}
COMMAND: POST /session/eec783fecbf0a41fe1bd0e21c7a60bf8/element - {"using":"xpath","value":"//a[contains(@data-kt ,\"ContextMenuId2Link\")]"}
RESULT: {"using":"xpath","value":"//a[contains(@data-kt ,\"ContextMenuId2Link\")]"}
COMMAND: POST /session/eec783fecbf0a41fe1bd0e21c7a60bf8/element/f.C6480B129F3E0D11095D72FF7684A092.d.D05A70D66DD1F4F73139D6D9E4C21D96.e.16820/click - {}
RESULT: {}
COMMAND: GET /session/eec783fecbf0a41fe1bd0e21c7a60bf8/screenshot - {}
RESULT: {}
COMMAND: POST /session/eec783fecbf0a41fe1bd0e21c7a60bf8/execute/async - {"script":"<script> [1562 bytes]","args":[{"selector":{"controlType":"sap.m.ObjectStatus","viewName":"etm.portal.ui.managecontracts.view.Detail","bindingPath":{"propertyPath":"LINK_TO_LOGISTICAL_STATUS/DESCRIPTION","modelName":"catalogModel"}},"wdio_ui5_key":"etmportal.ui.managecontracts.view.Detailsap.m.ObjectStatus{\"propertyPath\":\"LINK_TO_LOGISTICAL_STATUS/DESCRIPTION\",\"modelName\":\"catalogModel\"}"}]}
RESULT: {"script":"<script> [1562 bytes]","args":[{"selector":{"controlType":"sap.m.ObjectStatus","viewName":"etm.portal.ui.managecontracts.view.Detail","bindingPath":{"propertyPath":"LINK_TO_LOGISTICAL_STATUS/DESCRIPTION","modelName":"catalogModel"}},"wdio_ui5_key":"etmportal.ui.managecontracts.view.Detailsap.m.ObjectStatus{\"propertyPath\":\"LINK_TO_LOGISTICAL_STATUS/DESCRIPTION\",\"modelName\":\"catalogModel\"}"}]}
RESULT: undefined
COMMAND: POST /session/eec783fecbf0a41fe1bd0e21c7a60bf8/execute/async - {"script":"<script> [6424 bytes]","args":[{"element-6066-11e4-a52e-4f735466cecf":"f.C6480B129F3E0D11095D72FF7684A092.d.D05A70D66DD1F4F73139D6D9E4C21D96.e.17060"},"getText",[]]}
RESULT: {"script":"<script> [6424 bytes]","args":[{"element-6066-11e4-a52e-4f735466cecf":"f.C6480B129F3E0D11095D72FF7684A092.d.D05A70D66DD1F4F73139D6D9E4C21D96.e.17060"},"getText",[]]}
COMMAND: POST /session/eec783fecbf0a41fe1bd0e21c7a60bf8/execute/async - {"script":"<script> [1562 bytes]","args":[{"selector":{"controlType":"sap.m.ObjectStatus","viewName":"etm.portal.ui.managecontracts.view.Detail","bindingPath":{"propertyPath":"LINK_TO_COMMERCIAL_STATUS/DESCRIPTION","modelName":"catalogModel"}},"wdio_ui5_key":"etmportal.ui.managecontracts.view.Detailsap.m.ObjectStatus{\"propertyPath\":\"LINK_TO_COMMERCIAL_STATUS/DESCRIPTION\",\"modelName\":\"catalogModel\"}"}]}
RESULT: {"script":"<script> [1562 bytes]","args":[{"selector":{"controlType":"sap.m.ObjectStatus","viewName":"etm.portal.ui.managecontracts.view.Detail","bindingPath":{"propertyPath":"LINK_TO_COMMERCIAL_STATUS/DESCRIPTION","modelName":"catalogModel"}},"wdio_ui5_key":"etmportal.ui.managecontracts.view.Detailsap.m.ObjectStatus{\"propertyPath\":\"LINK_TO_COMMERCIAL_STATUS/DESCRIPTION\",\"modelName\":\"catalogModel\"}"}]}
RESULT: undefined
COMMAND: POST /session/eec783fecbf0a41fe1bd0e21c7a60bf8/execute/async - {"script":"<script> [6424 bytes]","args":[{"element-6066-11e4-a52e-4f735466cecf":"f.C6480B129F3E0D11095D72FF7684A092.d.D05A70D66DD1F4F73139D6D9E4C21D96.e.17061"},"getText",[]]}
RESULT: {"script":"<script> [6424 bytes]","args":[{"element-6066-11e4-a52e-4f735466cecf":"f.C6480B129F3E0D11095D72FF7684A092.d.D05A70D66DD1F4F73139D6D9E4C21D96.e.17061"},"getText",[]]}
COMMAND: POST /session/eec783fecbf0a41fe1bd0e21c7a60bf8/execute/async - {"script":"<script> [1562 bytes]","args":[{"selector":{"id":"backBtn"},"wdio_ui5_key":"backBtn"}]}
RESULT: {"script":"<script> [1562 bytes]","args":[{"selector":{"id":"backBtn"},"wdio_ui5_key":"backBtn"}]}
RESULT: undefined
COMMAND: POST /session/eec783fecbf0a41fe1bd0e21c7a60bf8/element - {"using":"xpath","value":"//*[@id=\"backBtn\"]"}
RESULT: {"using":"xpath","value":"//*[@id=\"backBtn\"]"}
COMMAND: POST /session/eec783fecbf0a41fe1bd0e21c7a60bf8/element/f.C6480B129F3E0D11095D72FF7684A092.d.D05A70D66DD1F4F73139D6D9E4C21D96.e.17062/click - {}
RESULT: {}
COMMAND: GET /session/eec783fecbf0a41fe1bd0e21c7a60bf8/screenshot - {}
COMMAND: POST /session/eec783fecbf0a41fe1bd0e21c7a60bf8/execute/async - {"script":"<script> [1562 bytes]","args":[{"selector":{"controlType":"sap.m.Text","viewName":"etm.portal.ui.managehandovers.view.DetailExecuteHO","bindingPath":{"propertyPath":"NO","modelName":"catalogModel"}},"wdio_ui5_key":"etmportal.ui.managehandovers.view.DetailExecuteHOsap.m.Text{\"propertyPath\":\"NO\",\"modelName\":\"catalogModel\"}"}]}
RESULT: {}
RESULT: {"script":"<script> [1562 bytes]","args":[{"selector":{"controlType":"sap.m.Text","viewName":"etm.portal.ui.managehandovers.view.DetailExecuteHO","bindingPath":{"propertyPath":"NO","modelName":"catalogModel"}},"wdio_ui5_key":"etmportal.ui.managehandovers.view.DetailExecuteHOsap.m.Text{\"propertyPath\":\"NO\",\"modelName\":\"catalogModel\"}"}]}
RESULT: undefined
COMMAND: POST /session/eec783fecbf0a41fe1bd0e21c7a60bf8/execute/async - {"script":"<script> [6424 bytes]","args":[{"element-6066-11e4-a52e-4f735466cecf":"f.C6480B129F3E0D11095D72FF7684A092.d.D05A70D66DD1F4F73139D6D9E4C21D96.e.17171"},"getText",[]]}
RESULT: {"script":"<script> [6424 bytes]","args":[{"element-6066-11e4-a52e-4f735466cecf":"f.C6480B129F3E0D11095D72FF7684A092.d.D05A70D66DD1F4F73139D6D9E4C21D96.e.17171"},"getText",[]]}
COMMAND: POST /session/eec783fecbf0a41fe1bd0e21c7a60bf8/element - {"using":"xpath","value":"//input[contains(@id ,\"issueDatePicker-inner\")]"}
RESULT: {"using":"xpath","value":"//input[contains(@id ,\"issueDatePicker-inner\")]"}
COMMAND: GET /session/eec783fecbf0a41fe1bd0e21c7a60bf8/element/f.C6480B129F3E0D11095D72FF7684A092.d.D05A70D66DD1F4F73139D6D9E4C21D96.e.17152/property/value - {}
RESULT: {}
COMMAND: POST /session/eec783fecbf0a41fe1bd0e21c7a60bf8/element/f.C6480B129F3E0D11095D72FF7684A092.d.D05A70D66DD1F4F73139D6D9E4C21D96.e.17152/clear - {}
COMMAND: GET /session/eec783fecbf0a41fe1bd0e21c7a60bf8/screenshot - {}
RESULT: {}
COMMAND: POST /session/eec783fecbf0a41fe1bd0e21c7a60bf8/element/f.C6480B129F3E0D11095D72FF7684A092.d.D05A70D66DD1F4F73139D6D9E4C21D96.e.17152/value - {"text":"05/28/25"}
COMMAND: GET /session/eec783fecbf0a41fe1bd0e21c7a60bf8/screenshot - {}
RESULT: {}
RESULT: {"text":"05/28/25"}
COMMAND: GET /session/eec783fecbf0a41fe1bd0e21c7a60bf8/screenshot - {}
RESULT: {}
RESULT: {}
COMMAND: POST /session/eec783fecbf0a41fe1bd0e21c7a60bf8/execute/async - {"script":"<script> [1562 bytes]","args":[{"selector":{"controlType":"sap.m.Button","viewName":"etm.portal.ui.managehandovers.view.DetailExecuteHO","i18NText":{"propertyName":"text","key":"confirmAll"},"interaction":{"idSuffix":"inner"}},"wdio_ui5_key":"etmportal.ui.managehandovers.view.DetailExecuteHOsap.m.Button{\"propertyName\":\"text\",\"key\":\"confirmAll\"}"}]}
RESULT: {"script":"<script> [1562 bytes]","args":[{"selector":{"controlType":"sap.m.Button","viewName":"etm.portal.ui.managehandovers.view.DetailExecuteHO","i18NText":{"propertyName":"text","key":"confirmAll"},"interaction":{"idSuffix":"inner"}},"wdio_ui5_key":"etmportal.ui.managehandovers.view.DetailExecuteHOsap.m.Button{\"propertyName\":\"text\",\"key\":\"confirmAll\"}"}]}
RESULT: undefined
COMMAND: POST /session/eec783fecbf0a41fe1bd0e21c7a60bf8/element - {"using":"xpath","value":"//*[@id=\"__button266\"]"}
RESULT: {"using":"xpath","value":"//*[@id=\"__button266\"]"}
COMMAND: POST /session/eec783fecbf0a41fe1bd0e21c7a60bf8/element/f.C6480B129F3E0D11095D72FF7684A092.d.D05A70D66DD1F4F73139D6D9E4C21D96.e.17175/click - {}
RESULT: {}
COMMAND: GET /session/eec783fecbf0a41fe1bd0e21c7a60bf8/screenshot - {}
RESULT: {}
COMMAND: POST /session/eec783fecbf0a41fe1bd0e21c7a60bf8/actions - {"actions":[{"id":"action84","type":"key","parameters":{},"actions":[{"type":"keyDown","value":""},{"type":"pause","duration":10},{"type":"keyUp","value":""}]}]}
RESULT: {"actions":[{"id":"action84","type":"key","parameters":{},"actions":[{"type":"keyDown","value":""},{"type":"pause","duration":10},{"type":"keyUp","value":""}]}]}
COMMAND: GET /session/eec783fecbf0a41fe1bd0e21c7a60bf8/screenshot - {}
RESULT: {}
RESULT: undefined
COMMAND: POST /session/eec783fecbf0a41fe1bd0e21c7a60bf8/element - {"using":"xpath","value":"//*[@id=\"__button266\"]"}
RESULT: {"using":"xpath","value":"//*[@id=\"__button266\"]"}
COMMAND: POST /session/eec783fecbf0a41fe1bd0e21c7a60bf8/element/f.C6480B129F3E0D11095D72FF7684A092.d.D05A70D66DD1F4F73139D6D9E4C21D96.e.17175/click - {}
RESULT: {}
COMMAND: GET /session/eec783fecbf0a41fe1bd0e21c7a60bf8/screenshot - {}
RESULT: {}
COMMAND: POST /session/eec783fecbf0a41fe1bd0e21c7a60bf8/execute/async - {"script":"<script> [1562 bytes]","args":[{"selector":{"controlType":"sap.m.Button","properties":{"text":"OK"},"searchOpenDialogs":true,"interaction":{"idSuffix":"content"}},"wdio_ui5_key":"sapm.Button{\"text\":\"OK\"}"}]}
RESULT: {"script":"<script> [1562 bytes]","args":[{"selector":{"controlType":"sap.m.Button","properties":{"text":"OK"},"searchOpenDialogs":true,"interaction":{"idSuffix":"content"}},"wdio_ui5_key":"sapm.Button{\"text\":\"OK\"}"}]}
RESULT: undefined
COMMAND: POST /session/eec783fecbf0a41fe1bd0e21c7a60bf8/element - {"using":"xpath","value":"//*[@id=\"__mbox-btn-4\"]"}
RESULT: {"using":"xpath","value":"//*[@id=\"__mbox-btn-4\"]"}
COMMAND: POST /session/eec783fecbf0a41fe1bd0e21c7a60bf8/element/f.C6480B129F3E0D11095D72FF7684A092.d.D05A70D66DD1F4F73139D6D9E4C21D96.e.17183/click - {}
RESULT: {}
COMMAND: GET /session/eec783fecbf0a41fe1bd0e21c7a60bf8/screenshot - {}
RESULT: {}
COMMAND: POST /session/eec783fecbf0a41fe1bd0e21c7a60bf8/element - {"using":"xpath","value":"//button[contains(@data-kt ,\"execHoPickFooterButton\")]"}
RESULT: {"using":"xpath","value":"//button[contains(@data-kt ,\"execHoPickFooterButton\")]"}
COMMAND: POST /session/eec783fecbf0a41fe1bd0e21c7a60bf8/element/f.C6480B129F3E0D11095D72FF7684A092.d.D05A70D66DD1F4F73139D6D9E4C21D96.e.17187/click - {}
RESULT: {}
COMMAND: GET /session/eec783fecbf0a41fe1bd0e21c7a60bf8/screenshot - {}
RESULT: {}
COMMAND: POST /session/eec783fecbf0a41fe1bd0e21c7a60bf8/refresh - {}
RESULT: {}
COMMAND: GET /session/eec783fecbf0a41fe1bd0e21c7a60bf8/screenshot - {}
RESULT: {}
COMMAND: POST /session/eec783fecbf0a41fe1bd0e21c7a60bf8/refresh - {}
RESULT: {}
COMMAND: GET /session/eec783fecbf0a41fe1bd0e21c7a60bf8/screenshot - {}
RESULT: {}
COMMAND: POST /session/eec783fecbf0a41fe1bd0e21c7a60bf8/window/fullscreen - {}
RESULT: {}
COMMAND: POST /session/eec783fecbf0a41fe1bd0e21c7a60bf8/execute/async - {"script":"<script> [189 bytes]","args":[]}
RESULT: {"script":"<script> [189 bytes]","args":[]}
COMMAND: POST /session/eec783fecbf0a41fe1bd0e21c7a60bf8/execute/async - {"script":"<script> [123 bytes]","args":[]}
RESULT: {"script":"<script> [123 bytes]","args":[]}
COMMAND: POST /session/eec783fecbf0a41fe1bd0e21c7a60bf8/timeouts - {"script":"<number>"}
RESULT: {"script":"<number>"}
COMMAND: GET /session/eec783fecbf0a41fe1bd0e21c7a60bf8/timeouts - {}
RESULT: {}
RESULT: undefined
COMMAND: POST /session/eec783fecbf0a41fe1bd0e21c7a60bf8/execute/async - {"script":"<script> [2676 bytes]","args":[]}
RESULT: {"script":"<script> [2676 bytes]","args":[]}
COMMAND: POST /session/eec783fecbf0a41fe1bd0e21c7a60bf8/execute/async - {"script":"<script> [2342 bytes]","args":[{"protocol":"http","hostname":"0.0.0.0","path":"/","capabilities":{"browserName":"chrome","goog:chromeOptions":{"binary":"C:\\Program Files\\Google\\Chrome\\Application\\chrome.exe","args":["--start-maximized"]}},"logLevel":"warn","connectionRetryTimeout":120000,"connectionRetryCount":3,"logLevels":{},"enableDirectConnect":true,"strictSSL":true,"_":"65 more keys: [\"cacheDir\",\"port\",\"requestedCapabilities\",\"automationProtocol\",\"baseUrl\",\"waitforInterval\",\"waitforTimeout\",\"onReload\",\"beforeCommand\",\"afterCommand\",\"rootDir\",\"specs\",\"suites\",\"exclude\",\"groupLogsByTestSpec\",\"excludeDriverLogs\",\"bail\",\"framework\",\"reporters\",\"services\",\"maxInstances\",\"maxInstancesPerCapability\",\"injectGlobals\",\"filesToWatch\",\"execArgv\",\"runnerEnv\",\"runner\",\"shard\",\"specFileRetries\",\"specFileRetriesDelay\",\"specFileRetriesDeferred\",\"reporterSyncInterval\",\"reporterSyncTimeout\",\"cucumberFeaturesWithLineNumbers\",\"autoCompileOpts\",\"mochaOpts\",\"jasmineOpts\",\"cucumberOpts\",\"onPrepare\",\"onWorkerStart\",\"onWorkerEnd\",\"before\",\"beforeSession\",\"beforeSuite\",\"beforeHook\",\"beforeTest\",\"afterTest\",\"afterHook\",\"afterSuite\",\"afterSession\",\"after\",\"onComplete\",\"beforeAssertion\",\"afterAssertion\",\"beforeFeature\",\"beforeScenario\",\"beforeStep\",\"afterStep\",\"afterScenario\",\"afterFeature\",\"_\",\"suite\",\"$0\",\"ignoredWorkerServices\",\"wdi5\"]"}]}
RESULT: {"script":"<script> [2342 bytes]","args":[{"protocol":"http","hostname":"0.0.0.0","path":"/","capabilities":{"browserName":"chrome","goog:chromeOptions":{"binary":"C:\\Program Files\\Google\\Chrome\\Application\\chrome.exe","args":["--start-maximized"]}},"logLevel":"warn","connectionRetryTimeout":120000,"connectionRetryCount":3,"logLevels":{},"enableDirectConnect":true,"strictSSL":true,"_":"65 more keys: [\"cacheDir\",\"port\",\"requestedCapabilities\",\"automationProtocol\",\"baseUrl\",\"waitforInterval\",\"waitforTimeout\",\"onReload\",\"beforeCommand\",\"afterCommand\",\"rootDir\",\"specs\",\"suites\",\"exclude\",\"groupLogsByTestSpec\",\"excludeDriverLogs\",\"bail\",\"framework\",\"reporters\",\"services\",\"maxInstances\",\"maxInstancesPerCapability\",\"injectGlobals\",\"filesToWatch\",\"execArgv\",\"runnerEnv\",\"runner\",\"shard\",\"specFileRetries\",\"specFileRetriesDelay\",\"specFileRetriesDeferred\",\"reporterSyncInterval\",\"reporterSyncTimeout\",\"cucumberFeaturesWithLineNumbers\",\"autoCompileOpts\",\"mochaOpts\",\"jasmineOpts\",\"cucumberOpts\",\"onPrepare\",\"onWorkerStart\",\"onWorkerEnd\",\"before\",\"beforeSession\",\"beforeSuite\",\"beforeHook\",\"beforeTest\",\"afterTest\",\"afterHook\",\"afterSuite\",\"afterSession\",\"after\",\"onComplete\",\"beforeAssertion\",\"afterAssertion\",\"beforeFeature\",\"beforeScenario\",\"beforeStep\",\"afterStep\",\"afterScenario\",\"afterFeature\",\"_\",\"suite\",\"$0\",\"ignoredWorkerServices\",\"wdi5\"]"}]}
COMMAND: POST /session/eec783fecbf0a41fe1bd0e21c7a60bf8/execute/async - {"script":"<script> [21126 bytes]","args":[35000]}
RESULT: {"script":"<script> [21126 bytes]","args":[35000]}
COMMAND: POST /session/eec783fecbf0a41fe1bd0e21c7a60bf8/execute/async - {"script":"<script> [1562 bytes]","args":[{"selector":{"controlType":"sap.m.SearchField","viewName":"etm.portal.ui.managehandovers.view.MasterHO","bindingPath":{"path":"","propertyPath":"/_BASIC_SEARCH_FIELD","modelName":"fi1t3rM0d31"},"interaction":{"idSuffix":"I"}},"wdio_ui5_key":"etmportal.ui.managehandovers.view.MasterHOsap.m.SearchField{\"path\":\"\",\"propertyPath\":\"/_BASIC_SEARCH_FIELD\",\"modelName\":\"fi1t3rM0d31\"}"}]}
RESULT: {"script":"<script> [1562 bytes]","args":[{"selector":{"controlType":"sap.m.SearchField","viewName":"etm.portal.ui.managehandovers.view.MasterHO","bindingPath":{"path":"","propertyPath":"/_BASIC_SEARCH_FIELD","modelName":"fi1t3rM0d31"},"interaction":{"idSuffix":"I"}},"wdio_ui5_key":"etmportal.ui.managehandovers.view.MasterHOsap.m.SearchField{\"path\":\"\",\"propertyPath\":\"/_BASIC_SEARCH_FIELD\",\"modelName\":\"fi1t3rM0d31\"}"}]}
RESULT: undefined
COMMAND: POST /session/eec783fecbf0a41fe1bd0e21c7a60bf8/execute/async - {"script":"<script> [776 bytes]","args":[{"enterText":"30774","selector":{"controlType":"sap.m.SearchField","viewName":"etm.portal.ui.managehandovers.view.MasterHO","bindingPath":{"path":"","propertyPath":"/_BASIC_SEARCH_FIELD","modelName":"fi1t3rM0d31"},"interaction":{"idSuffix":"I"}},"clearTextFirst":true,"interactionType":"ENTER_TEXT"}]}
RESULT: {"script":"<script> [776 bytes]","args":[{"enterText":"30774","selector":{"controlType":"sap.m.SearchField","viewName":"etm.portal.ui.managehandovers.view.MasterHO","bindingPath":{"path":"","propertyPath":"/_BASIC_SEARCH_FIELD","modelName":"fi1t3rM0d31"},"interaction":{"idSuffix":"I"}},"clearTextFirst":true,"interactionType":"ENTER_TEXT"}]}
COMMAND: POST /session/eec783fecbf0a41fe1bd0e21c7a60bf8/actions - {"actions":[{"id":"action85","type":"key","parameters":{},"actions":[{"type":"keyDown","value":""},{"type":"pause","duration":10},{"type":"keyUp","value":""}]}]}
RESULT: {"actions":[{"id":"action85","type":"key","parameters":{},"actions":[{"type":"keyDown","value":""},{"type":"pause","duration":10},{"type":"keyUp","value":""}]}]}
COMMAND: GET /session/eec783fecbf0a41fe1bd0e21c7a60bf8/screenshot - {}
RESULT: {}
COMMAND: POST /session/eec783fecbf0a41fe1bd0e21c7a60bf8/execute/async - {"script":"<script> [1562 bytes]","args":[{"selector":{"controlType":"sap.m.Title","viewName":"etm.portal.ui.managehandovers.view.MasterHO","properties":{"text":"Records (1)"}},"wdio_ui5_key":"etmportal.ui.managehandovers.view.MasterHOsap.m.Title{\"text\":\"Records (1)\"}"}]}
RESULT: {"script":"<script> [1562 bytes]","args":[{"selector":{"controlType":"sap.m.Title","viewName":"etm.portal.ui.managehandovers.view.MasterHO","properties":{"text":"Records (1)"}},"wdio_ui5_key":"etmportal.ui.managehandovers.view.MasterHOsap.m.Title{\"text\":\"Records (1)\"}"}]}
RESULT: undefined
COMMAND: POST /session/eec783fecbf0a41fe1bd0e21c7a60bf8/execute/async - {"script":"<script> [6424 bytes]","args":[{"element-6066-11e4-a52e-4f735466cecf":"f.C6480B129F3E0D11095D72FF7684A092.d.FF7A3AD771DE584E638D2E412802FB04.e.17583"},"getText",[]]}
RESULT: {"script":"<script> [6424 bytes]","args":[{"element-6066-11e4-a52e-4f735466cecf":"f.C6480B129F3E0D11095D72FF7684A092.d.FF7A3AD771DE584E638D2E412802FB04.e.17583"},"getText",[]]}
COMMAND: POST /session/eec783fecbf0a41fe1bd0e21c7a60bf8/execute/async - {"script":"<script> [1562 bytes]","args":[{"selector":{"controlType":"sap.ui.core.Icon","viewName":"etm.portal.ui.managehandovers.view.MasterHO","properties":{"src":{"regex":{"source":"slim\\-arrow\\-right"}}}},"wdio_ui5_key":"etmportal.ui.managehandovers.view.MasterHOsap.ui.core.Icon{\"src\":{\"regex\":{\"source\":\"slim\\\\-arrow\\\\-right\"}}}"}]}
RESULT: {"script":"<script> [1562 bytes]","args":[{"selector":{"controlType":"sap.ui.core.Icon","viewName":"etm.portal.ui.managehandovers.view.MasterHO","properties":{"src":{"regex":{"source":"slim\\-arrow\\-right"}}}},"wdio_ui5_key":"etmportal.ui.managehandovers.view.MasterHOsap.ui.core.Icon{\"src\":{\"regex\":{\"source\":\"slim\\\\-arrow\\\\-right\"}}}"}]}
RESULT: undefined
COMMAND: POST /session/eec783fecbf0a41fe1bd0e21c7a60bf8/element - {"using":"xpath","value":"//*[@id=\"__item29-__clone17-imgNav\"]"}
RESULT: {"using":"xpath","value":"//*[@id=\"__item29-__clone17-imgNav\"]"}
COMMAND: POST /session/eec783fecbf0a41fe1bd0e21c7a60bf8/element/f.C6480B129F3E0D11095D72FF7684A092.d.FF7A3AD771DE584E638D2E412802FB04.e.17582/click - {}
RESULT: {}
COMMAND: GET /session/eec783fecbf0a41fe1bd0e21c7a60bf8/screenshot - {}
RESULT: {}
COMMAND: POST /session/eec783fecbf0a41fe1bd0e21c7a60bf8/element - {"using":"xpath","value":"//a[contains(@data-kt ,\"GeneralSectionReceiveContracttLink\")]"}
RESULT: {"using":"xpath","value":"//a[contains(@data-kt ,\"GeneralSectionReceiveContracttLink\")]"}
COMMAND: POST /session/eec783fecbf0a41fe1bd0e21c7a60bf8/element/f.C6480B129F3E0D11095D72FF7684A092.d.FF7A3AD771DE584E638D2E412802FB04.e.17680/click - {}
RESULT: {}
COMMAND: GET /session/eec783fecbf0a41fe1bd0e21c7a60bf8/screenshot - {}
RESULT: {}
COMMAND: POST /session/eec783fecbf0a41fe1bd0e21c7a60bf8/element - {"using":"xpath","value":"//a[contains(@data-kt ,\"ContextMenuId2Link\")]"}
RESULT: {"using":"xpath","value":"//a[contains(@data-kt ,\"ContextMenuId2Link\")]"}
COMMAND: POST /session/eec783fecbf0a41fe1bd0e21c7a60bf8/element/f.C6480B129F3E0D11095D72FF7684A092.d.FF7A3AD771DE584E638D2E412802FB04.e.17683/click - {}
RESULT: {}
COMMAND: GET /session/eec783fecbf0a41fe1bd0e21c7a60bf8/screenshot - {}
RESULT: {}
COMMAND: POST /session/eec783fecbf0a41fe1bd0e21c7a60bf8/execute/async - {"script":"<script> [1562 bytes]","args":[{"selector":{"controlType":"sap.m.ObjectStatus","viewName":"etm.portal.ui.managecontracts.view.Detail","bindingPath":{"propertyPath":"LINK_TO_LOGISTICAL_STATUS/DESCRIPTION","modelName":"catalogModel"}},"wdio_ui5_key":"etmportal.ui.managecontracts.view.Detailsap.m.ObjectStatus{\"propertyPath\":\"LINK_TO_LOGISTICAL_STATUS/DESCRIPTION\",\"modelName\":\"catalogModel\"}"}]}
RESULT: {"script":"<script> [1562 bytes]","args":[{"selector":{"controlType":"sap.m.ObjectStatus","viewName":"etm.portal.ui.managecontracts.view.Detail","bindingPath":{"propertyPath":"LINK_TO_LOGISTICAL_STATUS/DESCRIPTION","modelName":"catalogModel"}},"wdio_ui5_key":"etmportal.ui.managecontracts.view.Detailsap.m.ObjectStatus{\"propertyPath\":\"LINK_TO_LOGISTICAL_STATUS/DESCRIPTION\",\"modelName\":\"catalogModel\"}"}]}
RESULT: undefined
COMMAND: POST /session/eec783fecbf0a41fe1bd0e21c7a60bf8/execute/async - {"script":"<script> [6424 bytes]","args":[{"element-6066-11e4-a52e-4f735466cecf":"f.C6480B129F3E0D11095D72FF7684A092.d.FF7A3AD771DE584E638D2E412802FB04.e.17948"},"getText",[]]}
RESULT: {"script":"<script> [6424 bytes]","args":[{"element-6066-11e4-a52e-4f735466cecf":"f.C6480B129F3E0D11095D72FF7684A092.d.FF7A3AD771DE584E638D2E412802FB04.e.17948"},"getText",[]]}
COMMAND: POST /session/eec783fecbf0a41fe1bd0e21c7a60bf8/execute/async - {"script":"<script> [1562 bytes]","args":[{"selector":{"controlType":"sap.m.ObjectStatus","viewName":"etm.portal.ui.managecontracts.view.Detail","bindingPath":{"propertyPath":"LINK_TO_COMMERCIAL_STATUS/DESCRIPTION","modelName":"catalogModel"}},"wdio_ui5_key":"etmportal.ui.managecontracts.view.Detailsap.m.ObjectStatus{\"propertyPath\":\"LINK_TO_COMMERCIAL_STATUS/DESCRIPTION\",\"modelName\":\"catalogModel\"}"}]}
RESULT: {"script":"<script> [1562 bytes]","args":[{"selector":{"controlType":"sap.m.ObjectStatus","viewName":"etm.portal.ui.managecontracts.view.Detail","bindingPath":{"propertyPath":"LINK_TO_COMMERCIAL_STATUS/DESCRIPTION","modelName":"catalogModel"}},"wdio_ui5_key":"etmportal.ui.managecontracts.view.Detailsap.m.ObjectStatus{\"propertyPath\":\"LINK_TO_COMMERCIAL_STATUS/DESCRIPTION\",\"modelName\":\"catalogModel\"}"}]}
RESULT: undefined
COMMAND: POST /session/eec783fecbf0a41fe1bd0e21c7a60bf8/execute/async - {"script":"<script> [6424 bytes]","args":[{"element-6066-11e4-a52e-4f735466cecf":"f.C6480B129F3E0D11095D72FF7684A092.d.FF7A3AD771DE584E638D2E412802FB04.e.17949"},"getText",[]]}
RESULT: {"script":"<script> [6424 bytes]","args":[{"element-6066-11e4-a52e-4f735466cecf":"f.C6480B129F3E0D11095D72FF7684A092.d.FF7A3AD771DE584E638D2E412802FB04.e.17949"},"getText",[]]}
COMMAND: POST /session/eec783fecbf0a41fe1bd0e21c7a60bf8/execute/async - {"script":"<script> [1562 bytes]","args":[{"selector":{"id":"backBtn"},"wdio_ui5_key":"backBtn"}]}
RESULT: {"script":"<script> [1562 bytes]","args":[{"selector":{"id":"backBtn"},"wdio_ui5_key":"backBtn"}]}
RESULT: undefined
COMMAND: POST /session/eec783fecbf0a41fe1bd0e21c7a60bf8/element - {"using":"xpath","value":"//*[@id=\"backBtn\"]"}
RESULT: {"using":"xpath","value":"//*[@id=\"backBtn\"]"}
COMMAND: POST /session/eec783fecbf0a41fe1bd0e21c7a60bf8/element/f.C6480B129F3E0D11095D72FF7684A092.d.FF7A3AD771DE584E638D2E412802FB04.e.17950/click - {}
RESULT: {}
COMMAND: GET /session/eec783fecbf0a41fe1bd0e21c7a60bf8/screenshot - {}
COMMAND: POST /session/eec783fecbf0a41fe1bd0e21c7a60bf8/execute/async - {"script":"<script> [1562 bytes]","args":[{"selector":{"controlType":"sap.m.Button","viewName":"etm.portal.ui.managehandovers.view.DetailExecuteHO","i18NText":{"propertyName":"text","key":"confirmAll"},"interaction":{"idSuffix":"BDI-content"}},"wdio_ui5_key":"etmportal.ui.managehandovers.view.DetailExecuteHOsap.m.Button{\"propertyName\":\"text\",\"key\":\"confirmAll\"}"}]}
RESULT: {}
RESULT: {"script":"<script> [1562 bytes]","args":[{"selector":{"controlType":"sap.m.Button","viewName":"etm.portal.ui.managehandovers.view.DetailExecuteHO","i18NText":{"propertyName":"text","key":"confirmAll"},"interaction":{"idSuffix":"BDI-content"}},"wdio_ui5_key":"etmportal.ui.managehandovers.view.DetailExecuteHOsap.m.Button{\"propertyName\":\"text\",\"key\":\"confirmAll\"}"}]}
RESULT: undefined
COMMAND: POST /session/eec783fecbf0a41fe1bd0e21c7a60bf8/element - {"using":"xpath","value":"//*[@id=\"__button85\"]"}
RESULT: {"using":"xpath","value":"//*[@id=\"__button85\"]"}
COMMAND: POST /session/eec783fecbf0a41fe1bd0e21c7a60bf8/element/f.C6480B129F3E0D11095D72FF7684A092.d.FF7A3AD771DE584E638D2E412802FB04.e.18247/click - {}
RESULT: {}
COMMAND: GET /session/eec783fecbf0a41fe1bd0e21c7a60bf8/screenshot - {}
RESULT: {}
COMMAND: POST /session/eec783fecbf0a41fe1bd0e21c7a60bf8/execute/async - {"script":"<script> [1562 bytes]","args":[{"selector":{"controlType":"sap.m.Button","properties":{"text":"OK"},"searchOpenDialogs":true,"interaction":{"idSuffix":"inner"}},"wdio_ui5_key":"sapm.Button{\"text\":\"OK\"}"}]}
RESULT: {"script":"<script> [1562 bytes]","args":[{"selector":{"controlType":"sap.m.Button","properties":{"text":"OK"},"searchOpenDialogs":true,"interaction":{"idSuffix":"inner"}},"wdio_ui5_key":"sapm.Button{\"text\":\"OK\"}"}]}
RESULT: undefined
COMMAND: POST /session/eec783fecbf0a41fe1bd0e21c7a60bf8/element - {"using":"xpath","value":"//*[@id=\"__mbox-btn-0\"]"}
RESULT: {"using":"xpath","value":"//*[@id=\"__mbox-btn-0\"]"}
COMMAND: POST /session/eec783fecbf0a41fe1bd0e21c7a60bf8/element/f.C6480B129F3E0D11095D72FF7684A092.d.FF7A3AD771DE584E638D2E412802FB04.e.18253/click - {}
RESULT: {}
COMMAND: GET /session/eec783fecbf0a41fe1bd0e21c7a60bf8/screenshot - {}
RESULT: {}
COMMAND: POST /session/eec783fecbf0a41fe1bd0e21c7a60bf8/element - {"using":"xpath","value":"//button[contains(@data-kt ,\"execHoIssueFooterButton\")]"}
RESULT: {"using":"xpath","value":"//button[contains(@data-kt ,\"execHoIssueFooterButton\")]"}
COMMAND: POST /session/eec783fecbf0a41fe1bd0e21c7a60bf8/element/f.C6480B129F3E0D11095D72FF7684A092.d.FF7A3AD771DE584E638D2E412802FB04.e.18256/click - {}
RESULT: {}
COMMAND: GET /session/eec783fecbf0a41fe1bd0e21c7a60bf8/screenshot - {}
RESULT: {}
COMMAND: POST /session/eec783fecbf0a41fe1bd0e21c7a60bf8/refresh - {}
RESULT: {}
COMMAND: GET /session/eec783fecbf0a41fe1bd0e21c7a60bf8/screenshot - {}
RESULT: {}
COMMAND: POST /session/eec783fecbf0a41fe1bd0e21c7a60bf8/refresh - {}
RESULT: {}
COMMAND: GET /session/eec783fecbf0a41fe1bd0e21c7a60bf8/screenshot - {}
RESULT: {}
COMMAND: POST /session/eec783fecbf0a41fe1bd0e21c7a60bf8/window/fullscreen - {}
RESULT: {}
COMMAND: POST /session/eec783fecbf0a41fe1bd0e21c7a60bf8/execute/async - {"script":"<script> [189 bytes]","args":[]}
RESULT: {"script":"<script> [189 bytes]","args":[]}
COMMAND: POST /session/eec783fecbf0a41fe1bd0e21c7a60bf8/execute/async - {"script":"<script> [123 bytes]","args":[]}
RESULT: {"script":"<script> [123 bytes]","args":[]}
COMMAND: POST /session/eec783fecbf0a41fe1bd0e21c7a60bf8/timeouts - {"script":"<number>"}
RESULT: {"script":"<number>"}
COMMAND: GET /session/eec783fecbf0a41fe1bd0e21c7a60bf8/timeouts - {}
RESULT: {}
RESULT: undefined
COMMAND: POST /session/eec783fecbf0a41fe1bd0e21c7a60bf8/execute/async - {"script":"<script> [2676 bytes]","args":[]}
RESULT: {"script":"<script> [2676 bytes]","args":[]}
COMMAND: POST /session/eec783fecbf0a41fe1bd0e21c7a60bf8/execute/async - {"script":"<script> [2342 bytes]","args":[{"protocol":"http","hostname":"0.0.0.0","path":"/","capabilities":{"browserName":"chrome","goog:chromeOptions":{"binary":"C:\\Program Files\\Google\\Chrome\\Application\\chrome.exe","args":["--start-maximized"]}},"logLevel":"warn","connectionRetryTimeout":120000,"connectionRetryCount":3,"logLevels":{},"enableDirectConnect":true,"strictSSL":true,"_":"65 more keys: [\"cacheDir\",\"port\",\"requestedCapabilities\",\"automationProtocol\",\"baseUrl\",\"waitforInterval\",\"waitforTimeout\",\"onReload\",\"beforeCommand\",\"afterCommand\",\"rootDir\",\"specs\",\"suites\",\"exclude\",\"groupLogsByTestSpec\",\"excludeDriverLogs\",\"bail\",\"framework\",\"reporters\",\"services\",\"maxInstances\",\"maxInstancesPerCapability\",\"injectGlobals\",\"filesToWatch\",\"execArgv\",\"runnerEnv\",\"runner\",\"shard\",\"specFileRetries\",\"specFileRetriesDelay\",\"specFileRetriesDeferred\",\"reporterSyncInterval\",\"reporterSyncTimeout\",\"cucumberFeaturesWithLineNumbers\",\"autoCompileOpts\",\"mochaOpts\",\"jasmineOpts\",\"cucumberOpts\",\"onPrepare\",\"onWorkerStart\",\"onWorkerEnd\",\"before\",\"beforeSession\",\"beforeSuite\",\"beforeHook\",\"beforeTest\",\"afterTest\",\"afterHook\",\"afterSuite\",\"afterSession\",\"after\",\"onComplete\",\"beforeAssertion\",\"afterAssertion\",\"beforeFeature\",\"beforeScenario\",\"beforeStep\",\"afterStep\",\"afterScenario\",\"afterFeature\",\"_\",\"suite\",\"$0\",\"ignoredWorkerServices\",\"wdi5\"]"}]}
RESULT: {"script":"<script> [2342 bytes]","args":[{"protocol":"http","hostname":"0.0.0.0","path":"/","capabilities":{"browserName":"chrome","goog:chromeOptions":{"binary":"C:\\Program Files\\Google\\Chrome\\Application\\chrome.exe","args":["--start-maximized"]}},"logLevel":"warn","connectionRetryTimeout":120000,"connectionRetryCount":3,"logLevels":{},"enableDirectConnect":true,"strictSSL":true,"_":"65 more keys: [\"cacheDir\",\"port\",\"requestedCapabilities\",\"automationProtocol\",\"baseUrl\",\"waitforInterval\",\"waitforTimeout\",\"onReload\",\"beforeCommand\",\"afterCommand\",\"rootDir\",\"specs\",\"suites\",\"exclude\",\"groupLogsByTestSpec\",\"excludeDriverLogs\",\"bail\",\"framework\",\"reporters\",\"services\",\"maxInstances\",\"maxInstancesPerCapability\",\"injectGlobals\",\"filesToWatch\",\"execArgv\",\"runnerEnv\",\"runner\",\"shard\",\"specFileRetries\",\"specFileRetriesDelay\",\"specFileRetriesDeferred\",\"reporterSyncInterval\",\"reporterSyncTimeout\",\"cucumberFeaturesWithLineNumbers\",\"autoCompileOpts\",\"mochaOpts\",\"jasmineOpts\",\"cucumberOpts\",\"onPrepare\",\"onWorkerStart\",\"onWorkerEnd\",\"before\",\"beforeSession\",\"beforeSuite\",\"beforeHook\",\"beforeTest\",\"afterTest\",\"afterHook\",\"afterSuite\",\"afterSession\",\"after\",\"onComplete\",\"beforeAssertion\",\"afterAssertion\",\"beforeFeature\",\"beforeScenario\",\"beforeStep\",\"afterStep\",\"afterScenario\",\"afterFeature\",\"_\",\"suite\",\"$0\",\"ignoredWorkerServices\",\"wdi5\"]"}]}
COMMAND: POST /session/eec783fecbf0a41fe1bd0e21c7a60bf8/execute/async - {"script":"<script> [21126 bytes]","args":[35000]}
RESULT: {"script":"<script> [21126 bytes]","args":[35000]}
COMMAND: POST /session/eec783fecbf0a41fe1bd0e21c7a60bf8/execute/async - {"script":"<script> [1562 bytes]","args":[{"selector":{"controlType":"sap.m.SearchField","viewName":"etm.portal.ui.managehandovers.view.MasterHO","bindingPath":{"path":"","propertyPath":"/_BASIC_SEARCH_FIELD","modelName":"fi1t3rM0d31"},"interaction":{"idSuffix":"I"}},"wdio_ui5_key":"etmportal.ui.managehandovers.view.MasterHOsap.m.SearchField{\"path\":\"\",\"propertyPath\":\"/_BASIC_SEARCH_FIELD\",\"modelName\":\"fi1t3rM0d31\"}"}]}
RESULT: {"script":"<script> [1562 bytes]","args":[{"selector":{"controlType":"sap.m.SearchField","viewName":"etm.portal.ui.managehandovers.view.MasterHO","bindingPath":{"path":"","propertyPath":"/_BASIC_SEARCH_FIELD","modelName":"fi1t3rM0d31"},"interaction":{"idSuffix":"I"}},"wdio_ui5_key":"etmportal.ui.managehandovers.view.MasterHOsap.m.SearchField{\"path\":\"\",\"propertyPath\":\"/_BASIC_SEARCH_FIELD\",\"modelName\":\"fi1t3rM0d31\"}"}]}
RESULT: undefined
COMMAND: POST /session/eec783fecbf0a41fe1bd0e21c7a60bf8/execute/async - {"script":"<script> [776 bytes]","args":[{"enterText":"30774","selector":{"controlType":"sap.m.SearchField","viewName":"etm.portal.ui.managehandovers.view.MasterHO","bindingPath":{"path":"","propertyPath":"/_BASIC_SEARCH_FIELD","modelName":"fi1t3rM0d31"},"interaction":{"idSuffix":"I"}},"clearTextFirst":true,"interactionType":"ENTER_TEXT"}]}
RESULT: {"script":"<script> [776 bytes]","args":[{"enterText":"30774","selector":{"controlType":"sap.m.SearchField","viewName":"etm.portal.ui.managehandovers.view.MasterHO","bindingPath":{"path":"","propertyPath":"/_BASIC_SEARCH_FIELD","modelName":"fi1t3rM0d31"},"interaction":{"idSuffix":"I"}},"clearTextFirst":true,"interactionType":"ENTER_TEXT"}]}
COMMAND: POST /session/eec783fecbf0a41fe1bd0e21c7a60bf8/actions - {"actions":[{"id":"action86","type":"key","parameters":{},"actions":[{"type":"keyDown","value":""},{"type":"pause","duration":10},{"type":"keyUp","value":""}]}]}
RESULT: {"actions":[{"id":"action86","type":"key","parameters":{},"actions":[{"type":"keyDown","value":""},{"type":"pause","duration":10},{"type":"keyUp","value":""}]}]}
COMMAND: GET /session/eec783fecbf0a41fe1bd0e21c7a60bf8/screenshot - {}
RESULT: {}
COMMAND: POST /session/eec783fecbf0a41fe1bd0e21c7a60bf8/execute/async - {"script":"<script> [1562 bytes]","args":[{"selector":{"controlType":"sap.m.Title","viewName":"etm.portal.ui.managehandovers.view.MasterHO","properties":{"text":"Records (1)"}},"wdio_ui5_key":"etmportal.ui.managehandovers.view.MasterHOsap.m.Title{\"text\":\"Records (1)\"}"}]}
RESULT: {"script":"<script> [1562 bytes]","args":[{"selector":{"controlType":"sap.m.Title","viewName":"etm.portal.ui.managehandovers.view.MasterHO","properties":{"text":"Records (1)"}},"wdio_ui5_key":"etmportal.ui.managehandovers.view.MasterHOsap.m.Title{\"text\":\"Records (1)\"}"}]}
RESULT: undefined
COMMAND: POST /session/eec783fecbf0a41fe1bd0e21c7a60bf8/execute/async - {"script":"<script> [6424 bytes]","args":[{"element-6066-11e4-a52e-4f735466cecf":"f.C6480B129F3E0D11095D72FF7684A092.d.A76B2335F60FDE5A71CF734C80B68502.e.18546"},"getText",[]]}
RESULT: {"script":"<script> [6424 bytes]","args":[{"element-6066-11e4-a52e-4f735466cecf":"f.C6480B129F3E0D11095D72FF7684A092.d.A76B2335F60FDE5A71CF734C80B68502.e.18546"},"getText",[]]}
COMMAND: POST /session/eec783fecbf0a41fe1bd0e21c7a60bf8/execute/async - {"script":"<script> [1562 bytes]","args":[{"selector":{"controlType":"sap.ui.core.Icon","viewName":"etm.portal.ui.managehandovers.view.MasterHO","properties":{"src":{"regex":{"source":"slim\\-arrow\\-right"}}}},"wdio_ui5_key":"etmportal.ui.managehandovers.view.MasterHOsap.ui.core.Icon{\"src\":{\"regex\":{\"source\":\"slim\\\\-arrow\\\\-right\"}}}"}]}
RESULT: {"script":"<script> [1562 bytes]","args":[{"selector":{"controlType":"sap.ui.core.Icon","viewName":"etm.portal.ui.managehandovers.view.MasterHO","properties":{"src":{"regex":{"source":"slim\\-arrow\\-right"}}}},"wdio_ui5_key":"etmportal.ui.managehandovers.view.MasterHOsap.ui.core.Icon{\"src\":{\"regex\":{\"source\":\"slim\\\\-arrow\\\\-right\"}}}"}]}
RESULT: undefined
COMMAND: POST /session/eec783fecbf0a41fe1bd0e21c7a60bf8/element - {"using":"xpath","value":"//*[@id=\"__item27-__clone17-imgNav\"]"}
RESULT: {"using":"xpath","value":"//*[@id=\"__item27-__clone17-imgNav\"]"}
COMMAND: POST /session/eec783fecbf0a41fe1bd0e21c7a60bf8/element/f.C6480B129F3E0D11095D72FF7684A092.d.A76B2335F60FDE5A71CF734C80B68502.e.18545/click - {}
RESULT: {}
COMMAND: GET /session/eec783fecbf0a41fe1bd0e21c7a60bf8/screenshot - {}
RESULT: {}
COMMAND: POST /session/eec783fecbf0a41fe1bd0e21c7a60bf8/execute/async - {"script":"<script> [1562 bytes]","args":[{"selector":{"controlType":"sap.m.ObjectStatus","viewName":"etm.portal.ui.managehandovers.view.DetailExecuteHO","labelFor":{"text":"Status"}},"wdio_ui5_key":"etmportal.ui.managehandovers.view.DetailExecuteHOsap.m.ObjectStatus{\"text\":\"Status\"}"}]}
RESULT: {"script":"<script> [1562 bytes]","args":[{"selector":{"controlType":"sap.m.ObjectStatus","viewName":"etm.portal.ui.managehandovers.view.DetailExecuteHO","labelFor":{"text":"Status"}},"wdio_ui5_key":"etmportal.ui.managehandovers.view.DetailExecuteHOsap.m.ObjectStatus{\"text\":\"Status\"}"}]}
RESULT: undefined
COMMAND: POST /session/eec783fecbf0a41fe1bd0e21c7a60bf8/execute/async - {"script":"<script> [6424 bytes]","args":[{"element-6066-11e4-a52e-4f735466cecf":"f.C6480B129F3E0D11095D72FF7684A092.d.A76B2335F60FDE5A71CF734C80B68502.e.18647"},"getText",[]]}
RESULT: {"script":"<script> [6424 bytes]","args":[{"element-6066-11e4-a52e-4f735466cecf":"f.C6480B129F3E0D11095D72FF7684A092.d.A76B2335F60FDE5A71CF734C80B68502.e.18647"},"getText",[]]}
COMMAND: POST /session/eec783fecbf0a41fe1bd0e21c7a60bf8/execute/async - {"script":"<script> [1562 bytes]","args":[{"selector":{"controlType":"sap.m.Button","viewName":"etm.portal.ui.managehandovers.view.DetailExecuteHO","i18NText":{"propertyName":"text","key":"confirmAll"},"interaction":{"idSuffix":"BDI-content"}},"wdio_ui5_key":"etmportal.ui.managehandovers.view.DetailExecuteHOsap.m.Button{\"propertyName\":\"text\",\"key\":\"confirmAll\"}"}]}
RESULT: {"script":"<script> [1562 bytes]","args":[{"selector":{"controlType":"sap.m.Button","viewName":"etm.portal.ui.managehandovers.view.DetailExecuteHO","i18NText":{"propertyName":"text","key":"confirmAll"},"interaction":{"idSuffix":"BDI-content"}},"wdio_ui5_key":"etmportal.ui.managehandovers.view.DetailExecuteHOsap.m.Button{\"propertyName\":\"text\",\"key\":\"confirmAll\"}"}]}
RESULT: undefined
COMMAND: POST /session/eec783fecbf0a41fe1bd0e21c7a60bf8/element - {"using":"xpath","value":"//*[@id=\"__button30\"]"}
RESULT: {"using":"xpath","value":"//*[@id=\"__button30\"]"}
COMMAND: POST /session/eec783fecbf0a41fe1bd0e21c7a60bf8/element/f.C6480B129F3E0D11095D72FF7684A092.d.A76B2335F60FDE5A71CF734C80B68502.e.18649/click - {}
RESULT: {}
COMMAND: GET /session/eec783fecbf0a41fe1bd0e21c7a60bf8/screenshot - {}
RESULT: {}
COMMAND: POST /session/eec783fecbf0a41fe1bd0e21c7a60bf8/execute/async - {"script":"<script> [1562 bytes]","args":[{"selector":{"controlType":"sap.m.Button","properties":{"text":"OK"},"searchOpenDialogs":true,"interaction":{"idSuffix":"BDI-content"}},"wdio_ui5_key":"sapm.Button{\"text\":\"OK\"}"}]}
RESULT: {"script":"<script> [1562 bytes]","args":[{"selector":{"controlType":"sap.m.Button","properties":{"text":"OK"},"searchOpenDialogs":true,"interaction":{"idSuffix":"BDI-content"}},"wdio_ui5_key":"sapm.Button{\"text\":\"OK\"}"}]}
RESULT: undefined
COMMAND: POST /session/eec783fecbf0a41fe1bd0e21c7a60bf8/element - {"using":"xpath","value":"//*[@id=\"__mbox-btn-0\"]"}
RESULT: {"using":"xpath","value":"//*[@id=\"__mbox-btn-0\"]"}
COMMAND: POST /session/eec783fecbf0a41fe1bd0e21c7a60bf8/element/f.C6480B129F3E0D11095D72FF7684A092.d.A76B2335F60FDE5A71CF734C80B68502.e.18650/click - {}
RESULT: {}
COMMAND: GET /session/eec783fecbf0a41fe1bd0e21c7a60bf8/screenshot - {}
RESULT: {}
COMMAND: POST /session/eec783fecbf0a41fe1bd0e21c7a60bf8/element - {"using":"xpath","value":"//button[contains(@data-kt ,\"execHoReceiveFooterButton\")]"}
RESULT: {"using":"xpath","value":"//button[contains(@data-kt ,\"execHoReceiveFooterButton\")]"}
COMMAND: POST /session/eec783fecbf0a41fe1bd0e21c7a60bf8/element/f.C6480B129F3E0D11095D72FF7684A092.d.A76B2335F60FDE5A71CF734C80B68502.e.18605/click - {}
RESULT: {}
COMMAND: GET /session/eec783fecbf0a41fe1bd0e21c7a60bf8/screenshot - {}
RESULT: {}
COMMAND: POST /session/eec783fecbf0a41fe1bd0e21c7a60bf8/refresh - {}
RESULT: {}
COMMAND: GET /session/eec783fecbf0a41fe1bd0e21c7a60bf8/screenshot - {}
RESULT: {}
COMMAND: POST /session/eec783fecbf0a41fe1bd0e21c7a60bf8/refresh - {}
RESULT: {}
COMMAND: GET /session/eec783fecbf0a41fe1bd0e21c7a60bf8/screenshot - {}
RESULT: {}
COMMAND: POST /session/eec783fecbf0a41fe1bd0e21c7a60bf8/window/fullscreen - {}
RESULT: {}
COMMAND: POST /session/eec783fecbf0a41fe1bd0e21c7a60bf8/execute/async - {"script":"<script> [189 bytes]","args":[]}
RESULT: {"script":"<script> [189 bytes]","args":[]}
COMMAND: POST /session/eec783fecbf0a41fe1bd0e21c7a60bf8/execute/async - {"script":"<script> [123 bytes]","args":[]}
RESULT: {"script":"<script> [123 bytes]","args":[]}
COMMAND: POST /session/eec783fecbf0a41fe1bd0e21c7a60bf8/timeouts - {"script":"<number>"}
RESULT: {"script":"<number>"}
COMMAND: GET /session/eec783fecbf0a41fe1bd0e21c7a60bf8/timeouts - {}
RESULT: {}
RESULT: undefined
COMMAND: POST /session/eec783fecbf0a41fe1bd0e21c7a60bf8/execute/async - {"script":"<script> [2676 bytes]","args":[]}
RESULT: {"script":"<script> [2676 bytes]","args":[]}
COMMAND: POST /session/eec783fecbf0a41fe1bd0e21c7a60bf8/execute/async - {"script":"<script> [2342 bytes]","args":[{"protocol":"http","hostname":"0.0.0.0","path":"/","capabilities":{"browserName":"chrome","goog:chromeOptions":{"binary":"C:\\Program Files\\Google\\Chrome\\Application\\chrome.exe","args":["--start-maximized"]}},"logLevel":"warn","connectionRetryTimeout":120000,"connectionRetryCount":3,"logLevels":{},"enableDirectConnect":true,"strictSSL":true,"_":"65 more keys: [\"cacheDir\",\"port\",\"requestedCapabilities\",\"automationProtocol\",\"baseUrl\",\"waitforInterval\",\"waitforTimeout\",\"onReload\",\"beforeCommand\",\"afterCommand\",\"rootDir\",\"specs\",\"suites\",\"exclude\",\"groupLogsByTestSpec\",\"excludeDriverLogs\",\"bail\",\"framework\",\"reporters\",\"services\",\"maxInstances\",\"maxInstancesPerCapability\",\"injectGlobals\",\"filesToWatch\",\"execArgv\",\"runnerEnv\",\"runner\",\"shard\",\"specFileRetries\",\"specFileRetriesDelay\",\"specFileRetriesDeferred\",\"reporterSyncInterval\",\"reporterSyncTimeout\",\"cucumberFeaturesWithLineNumbers\",\"autoCompileOpts\",\"mochaOpts\",\"jasmineOpts\",\"cucumberOpts\",\"onPrepare\",\"onWorkerStart\",\"onWorkerEnd\",\"before\",\"beforeSession\",\"beforeSuite\",\"beforeHook\",\"beforeTest\",\"afterTest\",\"afterHook\",\"afterSuite\",\"afterSession\",\"after\",\"onComplete\",\"beforeAssertion\",\"afterAssertion\",\"beforeFeature\",\"beforeScenario\",\"beforeStep\",\"afterStep\",\"afterScenario\",\"afterFeature\",\"_\",\"suite\",\"$0\",\"ignoredWorkerServices\",\"wdi5\"]"}]}
RESULT: {"script":"<script> [2342 bytes]","args":[{"protocol":"http","hostname":"0.0.0.0","path":"/","capabilities":{"browserName":"chrome","goog:chromeOptions":{"binary":"C:\\Program Files\\Google\\Chrome\\Application\\chrome.exe","args":["--start-maximized"]}},"logLevel":"warn","connectionRetryTimeout":120000,"connectionRetryCount":3,"logLevels":{},"enableDirectConnect":true,"strictSSL":true,"_":"65 more keys: [\"cacheDir\",\"port\",\"requestedCapabilities\",\"automationProtocol\",\"baseUrl\",\"waitforInterval\",\"waitforTimeout\",\"onReload\",\"beforeCommand\",\"afterCommand\",\"rootDir\",\"specs\",\"suites\",\"exclude\",\"groupLogsByTestSpec\",\"excludeDriverLogs\",\"bail\",\"framework\",\"reporters\",\"services\",\"maxInstances\",\"maxInstancesPerCapability\",\"injectGlobals\",\"filesToWatch\",\"execArgv\",\"runnerEnv\",\"runner\",\"shard\",\"specFileRetries\",\"specFileRetriesDelay\",\"specFileRetriesDeferred\",\"reporterSyncInterval\",\"reporterSyncTimeout\",\"cucumberFeaturesWithLineNumbers\",\"autoCompileOpts\",\"mochaOpts\",\"jasmineOpts\",\"cucumberOpts\",\"onPrepare\",\"onWorkerStart\",\"onWorkerEnd\",\"before\",\"beforeSession\",\"beforeSuite\",\"beforeHook\",\"beforeTest\",\"afterTest\",\"afterHook\",\"afterSuite\",\"afterSession\",\"after\",\"onComplete\",\"beforeAssertion\",\"afterAssertion\",\"beforeFeature\",\"beforeScenario\",\"beforeStep\",\"afterStep\",\"afterScenario\",\"afterFeature\",\"_\",\"suite\",\"$0\",\"ignoredWorkerServices\",\"wdi5\"]"}]}
COMMAND: POST /session/eec783fecbf0a41fe1bd0e21c7a60bf8/execute/async - {"script":"<script> [21126 bytes]","args":[35000]}
RESULT: {"script":"<script> [21126 bytes]","args":[35000]}
COMMAND: POST /session/eec783fecbf0a41fe1bd0e21c7a60bf8/execute/async - {"script":"<script> [1562 bytes]","args":[{"selector":{"controlType":"sap.m.SearchField","viewName":"etm.portal.ui.managehandovers.view.MasterHO","bindingPath":{"path":"","propertyPath":"/_BASIC_SEARCH_FIELD","modelName":"fi1t3rM0d31"},"interaction":{"idSuffix":"I"}},"wdio_ui5_key":"etmportal.ui.managehandovers.view.MasterHOsap.m.SearchField{\"path\":\"\",\"propertyPath\":\"/_BASIC_SEARCH_FIELD\",\"modelName\":\"fi1t3rM0d31\"}"}]}
RESULT: {"script":"<script> [1562 bytes]","args":[{"selector":{"controlType":"sap.m.SearchField","viewName":"etm.portal.ui.managehandovers.view.MasterHO","bindingPath":{"path":"","propertyPath":"/_BASIC_SEARCH_FIELD","modelName":"fi1t3rM0d31"},"interaction":{"idSuffix":"I"}},"wdio_ui5_key":"etmportal.ui.managehandovers.view.MasterHOsap.m.SearchField{\"path\":\"\",\"propertyPath\":\"/_BASIC_SEARCH_FIELD\",\"modelName\":\"fi1t3rM0d31\"}"}]}
RESULT: undefined
COMMAND: POST /session/eec783fecbf0a41fe1bd0e21c7a60bf8/execute/async - {"script":"<script> [776 bytes]","args":[{"enterText":"30774","selector":{"controlType":"sap.m.SearchField","viewName":"etm.portal.ui.managehandovers.view.MasterHO","bindingPath":{"path":"","propertyPath":"/_BASIC_SEARCH_FIELD","modelName":"fi1t3rM0d31"},"interaction":{"idSuffix":"I"}},"clearTextFirst":true,"interactionType":"ENTER_TEXT"}]}
RESULT: {"script":"<script> [776 bytes]","args":[{"enterText":"30774","selector":{"controlType":"sap.m.SearchField","viewName":"etm.portal.ui.managehandovers.view.MasterHO","bindingPath":{"path":"","propertyPath":"/_BASIC_SEARCH_FIELD","modelName":"fi1t3rM0d31"},"interaction":{"idSuffix":"I"}},"clearTextFirst":true,"interactionType":"ENTER_TEXT"}]}
COMMAND: POST /session/eec783fecbf0a41fe1bd0e21c7a60bf8/actions - {"actions":[{"id":"action87","type":"key","parameters":{},"actions":[{"type":"keyDown","value":""},{"type":"pause","duration":10},{"type":"keyUp","value":""}]}]}
RESULT: {"actions":[{"id":"action87","type":"key","parameters":{},"actions":[{"type":"keyDown","value":""},{"type":"pause","duration":10},{"type":"keyUp","value":""}]}]}
COMMAND: GET /session/eec783fecbf0a41fe1bd0e21c7a60bf8/screenshot - {}
RESULT: {}
COMMAND: POST /session/eec783fecbf0a41fe1bd0e21c7a60bf8/execute/async - {"script":"<script> [1562 bytes]","args":[{"selector":{"controlType":"sap.m.Title","viewName":"etm.portal.ui.managehandovers.view.MasterHO","properties":{"text":"Records (1)"}},"wdio_ui5_key":"etmportal.ui.managehandovers.view.MasterHOsap.m.Title{\"text\":\"Records (1)\"}"}]}
RESULT: {"script":"<script> [1562 bytes]","args":[{"selector":{"controlType":"sap.m.Title","viewName":"etm.portal.ui.managehandovers.view.MasterHO","properties":{"text":"Records (1)"}},"wdio_ui5_key":"etmportal.ui.managehandovers.view.MasterHOsap.m.Title{\"text\":\"Records (1)\"}"}]}
RESULT: undefined
COMMAND: POST /session/eec783fecbf0a41fe1bd0e21c7a60bf8/execute/async - {"script":"<script> [6424 bytes]","args":[{"element-6066-11e4-a52e-4f735466cecf":"f.C6480B129F3E0D11095D72FF7684A092.d.23AD40300841819C1A5BB48A55EF1623.e.18829"},"getText",[]]}
RESULT: {"script":"<script> [6424 bytes]","args":[{"element-6066-11e4-a52e-4f735466cecf":"f.C6480B129F3E0D11095D72FF7684A092.d.23AD40300841819C1A5BB48A55EF1623.e.18829"},"getText",[]]}
COMMAND: POST /session/eec783fecbf0a41fe1bd0e21c7a60bf8/execute/async - {"script":"<script> [1562 bytes]","args":[{"selector":{"controlType":"sap.ui.core.Icon","viewName":"etm.portal.ui.managehandovers.view.MasterHO","properties":{"src":{"regex":{"source":"slim\\-arrow\\-right"}}}},"wdio_ui5_key":"etmportal.ui.managehandovers.view.MasterHOsap.ui.core.Icon{\"src\":{\"regex\":{\"source\":\"slim\\\\-arrow\\\\-right\"}}}"}]}
RESULT: {"script":"<script> [1562 bytes]","args":[{"selector":{"controlType":"sap.ui.core.Icon","viewName":"etm.portal.ui.managehandovers.view.MasterHO","properties":{"src":{"regex":{"source":"slim\\-arrow\\-right"}}}},"wdio_ui5_key":"etmportal.ui.managehandovers.view.MasterHOsap.ui.core.Icon{\"src\":{\"regex\":{\"source\":\"slim\\\\-arrow\\\\-right\"}}}"}]}
RESULT: undefined
COMMAND: POST /session/eec783fecbf0a41fe1bd0e21c7a60bf8/element - {"using":"xpath","value":"//*[@id=\"__item27-__clone17-imgNav\"]"}
RESULT: {"using":"xpath","value":"//*[@id=\"__item27-__clone17-imgNav\"]"}
COMMAND: POST /session/eec783fecbf0a41fe1bd0e21c7a60bf8/element/f.C6480B129F3E0D11095D72FF7684A092.d.23AD40300841819C1A5BB48A55EF1623.e.18828/click - {}
RESULT: {}
COMMAND: GET /session/eec783fecbf0a41fe1bd0e21c7a60bf8/screenshot - {}
RESULT: {}
COMMAND: POST /session/eec783fecbf0a41fe1bd0e21c7a60bf8/execute/async - {"script":"<script> [1562 bytes]","args":[{"selector":{"controlType":"sap.m.ObjectStatus","viewName":"etm.portal.ui.managehandovers.view.DetailManageHO","viewId":"application-managehandovers-display-component---detailManageHO","labelFor":{"text":"Status"}},"wdio_ui5_key":"etmportal.ui.managehandovers.view.DetailManageHOsap.m.ObjectStatus{\"text\":\"Status\"}"}]}
RESULT: {"script":"<script> [1562 bytes]","args":[{"selector":{"controlType":"sap.m.ObjectStatus","viewName":"etm.portal.ui.managehandovers.view.DetailManageHO","viewId":"application-managehandovers-display-component---detailManageHO","labelFor":{"text":"Status"}},"wdio_ui5_key":"etmportal.ui.managehandovers.view.DetailManageHOsap.m.ObjectStatus{\"text\":\"Status\"}"}]}
RESULT: undefined
COMMAND: POST /session/eec783fecbf0a41fe1bd0e21c7a60bf8/execute/async - {"script":"<script> [6424 bytes]","args":[{"element-6066-11e4-a52e-4f735466cecf":"f.C6480B129F3E0D11095D72FF7684A092.d.23AD40300841819C1A5BB48A55EF1623.e.18920"},"getText",[]]}
RESULT: {"script":"<script> [6424 bytes]","args":[{"element-6066-11e4-a52e-4f735466cecf":"f.C6480B129F3E0D11095D72FF7684A092.d.23AD40300841819C1A5BB48A55EF1623.e.18920"},"getText",[]]}
COMMAND: POST /session/eec783fecbf0a41fe1bd0e21c7a60bf8/element - {"using":"xpath","value":"//a[contains(@data-kt ,\"GeneralSectionReceiveContracttLink\")]"}
RESULT: {"using":"xpath","value":"//a[contains(@data-kt ,\"GeneralSectionReceiveContracttLink\")]"}
COMMAND: POST /session/eec783fecbf0a41fe1bd0e21c7a60bf8/element/f.C6480B129F3E0D11095D72FF7684A092.d.23AD40300841819C1A5BB48A55EF1623.e.18921/click - {}
RESULT: {}
COMMAND: GET /session/eec783fecbf0a41fe1bd0e21c7a60bf8/screenshot - {}
RESULT: {}
COMMAND: POST /session/eec783fecbf0a41fe1bd0e21c7a60bf8/element - {"using":"xpath","value":"//a[contains(@data-kt ,\"ContextMenuId2Link\")]"}
RESULT: {"using":"xpath","value":"//a[contains(@data-kt ,\"ContextMenuId2Link\")]"}
COMMAND: POST /session/eec783fecbf0a41fe1bd0e21c7a60bf8/element/f.C6480B129F3E0D11095D72FF7684A092.d.23AD40300841819C1A5BB48A55EF1623.e.18924/click - {}
RESULT: {}
COMMAND: GET /session/eec783fecbf0a41fe1bd0e21c7a60bf8/screenshot - {}
RESULT: {}
COMMAND: POST /session/eec783fecbf0a41fe1bd0e21c7a60bf8/execute/async - {"script":"<script> [1562 bytes]","args":[{"selector":{"controlType":"sap.m.ObjectStatus","viewName":"etm.portal.ui.managecontracts.view.Detail","bindingPath":{"propertyPath":"LINK_TO_LOGISTICAL_STATUS/DESCRIPTION","modelName":"catalogModel"}},"wdio_ui5_key":"etmportal.ui.managecontracts.view.Detailsap.m.ObjectStatus{\"propertyPath\":\"LINK_TO_LOGISTICAL_STATUS/DESCRIPTION\",\"modelName\":\"catalogModel\"}"}]}
RESULT: {"script":"<script> [1562 bytes]","args":[{"selector":{"controlType":"sap.m.ObjectStatus","viewName":"etm.portal.ui.managecontracts.view.Detail","bindingPath":{"propertyPath":"LINK_TO_LOGISTICAL_STATUS/DESCRIPTION","modelName":"catalogModel"}},"wdio_ui5_key":"etmportal.ui.managecontracts.view.Detailsap.m.ObjectStatus{\"propertyPath\":\"LINK_TO_LOGISTICAL_STATUS/DESCRIPTION\",\"modelName\":\"catalogModel\"}"}]}
RESULT: undefined
COMMAND: POST /session/eec783fecbf0a41fe1bd0e21c7a60bf8/execute/async - {"script":"<script> [6424 bytes]","args":[{"element-6066-11e4-a52e-4f735466cecf":"f.C6480B129F3E0D11095D72FF7684A092.d.23AD40300841819C1A5BB48A55EF1623.e.19158"},"getText",[]]}
RESULT: {"script":"<script> [6424 bytes]","args":[{"element-6066-11e4-a52e-4f735466cecf":"f.C6480B129F3E0D11095D72FF7684A092.d.23AD40300841819C1A5BB48A55EF1623.e.19158"},"getText",[]]}
COMMAND: POST /session/eec783fecbf0a41fe1bd0e21c7a60bf8/execute/async - {"script":"<script> [1562 bytes]","args":[{"selector":{"controlType":"sap.m.ObjectStatus","viewName":"etm.portal.ui.managecontracts.view.Detail","bindingPath":{"propertyPath":"LINK_TO_COMMERCIAL_STATUS/DESCRIPTION","modelName":"catalogModel"}},"wdio_ui5_key":"etmportal.ui.managecontracts.view.Detailsap.m.ObjectStatus{\"propertyPath\":\"LINK_TO_COMMERCIAL_STATUS/DESCRIPTION\",\"modelName\":\"catalogModel\"}"}]}
RESULT: {"script":"<script> [1562 bytes]","args":[{"selector":{"controlType":"sap.m.ObjectStatus","viewName":"etm.portal.ui.managecontracts.view.Detail","bindingPath":{"propertyPath":"LINK_TO_COMMERCIAL_STATUS/DESCRIPTION","modelName":"catalogModel"}},"wdio_ui5_key":"etmportal.ui.managecontracts.view.Detailsap.m.ObjectStatus{\"propertyPath\":\"LINK_TO_COMMERCIAL_STATUS/DESCRIPTION\",\"modelName\":\"catalogModel\"}"}]}
RESULT: undefined
COMMAND: POST /session/eec783fecbf0a41fe1bd0e21c7a60bf8/execute/async - {"script":"<script> [6424 bytes]","args":[{"element-6066-11e4-a52e-4f735466cecf":"f.C6480B129F3E0D11095D72FF7684A092.d.23AD40300841819C1A5BB48A55EF1623.e.19161"},"getText",[]]}
RESULT: {"script":"<script> [6424 bytes]","args":[{"element-6066-11e4-a52e-4f735466cecf":"f.C6480B129F3E0D11095D72FF7684A092.d.23AD40300841819C1A5BB48A55EF1623.e.19161"},"getText",[]]}
]]></system-out>
    </testcase>
    <testcase classname="chrome.136_0_7103_93.windows.E2E_-_Logistical_and_commercial_statuses" name="It should follow the handover steps to the status fully returned" time="232.552">
      <system-out><![CDATA[
COMMAND: POST /session/eec783fecbf0a41fe1bd0e21c7a60bf8/execute/async - {"script":"<script> [1562 bytes]","args":[{"selector":{"id":"contractDetailReturnButton","viewName":"etm.portal.ui.managecontracts.view.Detail","interaction":{"idSuffix":"BDI-content"}},"wdio_ui5_key":"contractDetailReturnButtonetmportal.ui.managecontracts.view.Detail"}]}
RESULT: {"script":"<script> [1562 bytes]","args":[{"selector":{"id":"contractDetailReturnButton","viewName":"etm.portal.ui.managecontracts.view.Detail","interaction":{"idSuffix":"BDI-content"}},"wdio_ui5_key":"contractDetailReturnButtonetmportal.ui.managecontracts.view.Detail"}]}
RESULT: undefined
COMMAND: POST /session/eec783fecbf0a41fe1bd0e21c7a60bf8/element - {"using":"xpath","value":"//*[@id=\"__xmlview2--contractDetailReturnButton\"]"}
RESULT: {"using":"xpath","value":"//*[@id=\"__xmlview2--contractDetailReturnButton\"]"}
COMMAND: POST /session/eec783fecbf0a41fe1bd0e21c7a60bf8/element/f.C6480B129F3E0D11095D72FF7684A092.d.23AD40300841819C1A5BB48A55EF1623.e.19024/click - {}
RESULT: {}
COMMAND: POST /session/eec783fecbf0a41fe1bd0e21c7a60bf8/execute/async - {"script":"<script> [1562 bytes]","args":[{"selector":{"id":"application-managehandovers-display-component---AddNewHO--dueDate","interaction":{"idSuffix":"inner"}},"wdio_ui5_key":"applicationmanagehandovers-display-component---AddNewHO--dueDate"}]}
COMMAND: GET /session/eec783fecbf0a41fe1bd0e21c7a60bf8/screenshot - {}
RESULT: {"script":"<script> [1562 bytes]","args":[{"selector":{"id":"application-managehandovers-display-component---AddNewHO--dueDate","interaction":{"idSuffix":"inner"}},"wdio_ui5_key":"applicationmanagehandovers-display-component---AddNewHO--dueDate"}]}
RESULT: undefined
COMMAND: POST /session/eec783fecbf0a41fe1bd0e21c7a60bf8/execute/async - {"script":"<script> [776 bytes]","args":[{"enterText":"05/28/25","selector":{"id":"application-managehandovers-display-component---AddNewHO--dueDate","interaction":{"idSuffix":"inner"}},"clearTextFirst":true,"interactionType":"ENTER_TEXT"}]}
RESULT: {}
RESULT: {"script":"<script> [776 bytes]","args":[{"enterText":"05/28/25","selector":{"id":"application-managehandovers-display-component---AddNewHO--dueDate","interaction":{"idSuffix":"inner"}},"clearTextFirst":true,"interactionType":"ENTER_TEXT"}]}
COMMAND: POST /session/eec783fecbf0a41fe1bd0e21c7a60bf8/element - {"using":"xpath","value":"//bdi[contains(@id ,\"application-managehandovers-display-component---AddNewHO--ObjectPageLayout-anchBar-application-managehandovers-display-component---AddNewHO--section4-anchor-BDI-content\")]"}
RESULT: {"using":"xpath","value":"//bdi[contains(@id ,\"application-managehandovers-display-component---AddNewHO--ObjectPageLayout-anchBar-application-managehandovers-display-component---AddNewHO--section4-anchor-BDI-content\")]"}
COMMAND: POST /session/eec783fecbf0a41fe1bd0e21c7a60bf8/element/f.C6480B129F3E0D11095D72FF7684A092.d.23AD40300841819C1A5BB48A55EF1623.e.19472/click - {}
RESULT: {}
COMMAND: GET /session/eec783fecbf0a41fe1bd0e21c7a60bf8/screenshot - {}
RESULT: {}
COMMAND: POST /session/eec783fecbf0a41fe1bd0e21c7a60bf8/element - {"using":"xpath","value":"//button[contains(@data-kt ,\"AddNewHOProvideAddItemsButton\")]"}
RESULT: {"using":"xpath","value":"//button[contains(@data-kt ,\"AddNewHOProvideAddItemsButton\")]"}
COMMAND: POST /session/eec783fecbf0a41fe1bd0e21c7a60bf8/element/f.C6480B129F3E0D11095D72FF7684A092.d.23AD40300841819C1A5BB48A55EF1623.e.19278/click - {}
RESULT: {}
COMMAND: GET /session/eec783fecbf0a41fe1bd0e21c7a60bf8/screenshot - {}
RESULT: {}
COMMAND: POST /session/eec783fecbf0a41fe1bd0e21c7a60bf8/execute/async - {"script":"<script> [1562 bytes]","args":[{"selector":{"id":"application-managehandovers-display-component---AddNewHO--popup-sa","searchOpenDialogs":true,"interaction":{"idSuffix":"CbBg"}},"wdio_ui5_key":"applicationmanagehandovers-display-component---AddNewHO--popup-sa"}]}
RESULT: {"script":"<script> [1562 bytes]","args":[{"selector":{"id":"application-managehandovers-display-component---AddNewHO--popup-sa","searchOpenDialogs":true,"interaction":{"idSuffix":"CbBg"}},"wdio_ui5_key":"applicationmanagehandovers-display-component---AddNewHO--popup-sa"}]}
RESULT: undefined
COMMAND: POST /session/eec783fecbf0a41fe1bd0e21c7a60bf8/element - {"using":"xpath","value":"//*[@id=\"application-managehandovers-display-component---AddNewHO--popup-sa\"]"}
RESULT: {"using":"xpath","value":"//*[@id=\"application-managehandovers-display-component---AddNewHO--popup-sa\"]"}
COMMAND: POST /session/eec783fecbf0a41fe1bd0e21c7a60bf8/element/f.C6480B129F3E0D11095D72FF7684A092.d.23AD40300841819C1A5BB48A55EF1623.e.19485/click - {}
RESULT: {}
COMMAND: POST /session/eec783fecbf0a41fe1bd0e21c7a60bf8/execute/async - {"script":"<script> [1562 bytes]","args":[{"selector":{"controlType":"sap.m.Button","viewName":"etm.portal.ui.managehandovers.view.AddNewHO","viewId":"application-managehandovers-display-component---AddNewHO","i18NText":{"propertyName":"text","key":"select"},"searchOpenDialogs":true,"interaction":{"idSuffix":"BDI-content"}},"wdio_ui5_key":"etmportal.ui.managehandovers.view.AddNewHOsap.m.Button{\"propertyName\":\"text\",\"key\":\"select\"}"}]}
COMMAND: GET /session/eec783fecbf0a41fe1bd0e21c7a60bf8/screenshot - {}
RESULT: {"script":"<script> [1562 bytes]","args":[{"selector":{"controlType":"sap.m.Button","viewName":"etm.portal.ui.managehandovers.view.AddNewHO","viewId":"application-managehandovers-display-component---AddNewHO","i18NText":{"propertyName":"text","key":"select"},"searchOpenDialogs":true,"interaction":{"idSuffix":"BDI-content"}},"wdio_ui5_key":"etmportal.ui.managehandovers.view.AddNewHOsap.m.Button{\"propertyName\":\"text\",\"key\":\"select\"}"}]}
RESULT: undefined
COMMAND: POST /session/eec783fecbf0a41fe1bd0e21c7a60bf8/element - {"using":"xpath","value":"//*[@id=\"__button61\"]"}
RESULT: {}
RESULT: {"using":"xpath","value":"//*[@id=\"__button61\"]"}
COMMAND: POST /session/eec783fecbf0a41fe1bd0e21c7a60bf8/element/f.C6480B129F3E0D11095D72FF7684A092.d.23AD40300841819C1A5BB48A55EF1623.e.19488/click - {}
RESULT: {}
COMMAND: GET /session/eec783fecbf0a41fe1bd0e21c7a60bf8/screenshot - {}
RESULT: {}
COMMAND: POST /session/eec783fecbf0a41fe1bd0e21c7a60bf8/execute/async - {"script":"<script> [1562 bytes]","args":[{"selector":{"id":"application-managehandovers-display-component---AddNewHO--confirmCreationButton","interaction":{"idSuffix":"BDI-content"}},"wdio_ui5_key":"applicationmanagehandovers-display-component---AddNewHO--confirmCreationButton"}]}
RESULT: {"script":"<script> [1562 bytes]","args":[{"selector":{"id":"application-managehandovers-display-component---AddNewHO--confirmCreationButton","interaction":{"idSuffix":"BDI-content"}},"wdio_ui5_key":"applicationmanagehandovers-display-component---AddNewHO--confirmCreationButton"}]}
RESULT: undefined
COMMAND: POST /session/eec783fecbf0a41fe1bd0e21c7a60bf8/element - {"using":"xpath","value":"//*[@id=\"application-managehandovers-display-component---AddNewHO--confirmCreationButton\"]"}
RESULT: {"using":"xpath","value":"//*[@id=\"application-managehandovers-display-component---AddNewHO--confirmCreationButton\"]"}
COMMAND: POST /session/eec783fecbf0a41fe1bd0e21c7a60bf8/element/f.C6480B129F3E0D11095D72FF7684A092.d.23AD40300841819C1A5BB48A55EF1623.e.19285/click - {}
RESULT: {}
COMMAND: GET /session/eec783fecbf0a41fe1bd0e21c7a60bf8/screenshot - {}
RESULT: {}
COMMAND: POST /session/eec783fecbf0a41fe1bd0e21c7a60bf8/execute/async - {"script":"<script> [1562 bytes]","args":[{"selector":{"controlType":"sap.m.Text","viewName":"etm.portal.ui.managehandovers.view.DetailExecuteHO","bindingPath":{"propertyPath":"NO","modelName":"catalogModel"}},"wdio_ui5_key":"etmportal.ui.managehandovers.view.DetailExecuteHOsap.m.Text{\"propertyPath\":\"NO\",\"modelName\":\"catalogModel\"}"}]}
RESULT: {"script":"<script> [1562 bytes]","args":[{"selector":{"controlType":"sap.m.Text","viewName":"etm.portal.ui.managehandovers.view.DetailExecuteHO","bindingPath":{"propertyPath":"NO","modelName":"catalogModel"}},"wdio_ui5_key":"etmportal.ui.managehandovers.view.DetailExecuteHOsap.m.Text{\"propertyPath\":\"NO\",\"modelName\":\"catalogModel\"}"}]}
RESULT: undefined
COMMAND: POST /session/eec783fecbf0a41fe1bd0e21c7a60bf8/execute/async - {"script":"<script> [6424 bytes]","args":[{"element-6066-11e4-a52e-4f735466cecf":"f.C6480B129F3E0D11095D72FF7684A092.d.23AD40300841819C1A5BB48A55EF1623.e.19543"},"getText",[]]}
RESULT: {"script":"<script> [6424 bytes]","args":[{"element-6066-11e4-a52e-4f735466cecf":"f.C6480B129F3E0D11095D72FF7684A092.d.23AD40300841819C1A5BB48A55EF1623.e.19543"},"getText",[]]}
COMMAND: POST /session/eec783fecbf0a41fe1bd0e21c7a60bf8/element - {"using":"xpath","value":"//a[contains(@data-kt ,\"GeneralSectionSendContractLink\")]"}
RESULT: {"using":"xpath","value":"//a[contains(@data-kt ,\"GeneralSectionSendContractLink\")]"}
COMMAND: POST /session/eec783fecbf0a41fe1bd0e21c7a60bf8/element/f.C6480B129F3E0D11095D72FF7684A092.d.23AD40300841819C1A5BB48A55EF1623.e.19544/click - {}
RESULT: {}
COMMAND: GET /session/eec783fecbf0a41fe1bd0e21c7a60bf8/screenshot - {}
RESULT: {}
COMMAND: POST /session/eec783fecbf0a41fe1bd0e21c7a60bf8/element - {"using":"xpath","value":"//a[contains(@data-kt ,\"ContextMenuId2Link\")]"}
RESULT: {"using":"xpath","value":"//a[contains(@data-kt ,\"ContextMenuId2Link\")]"}
COMMAND: POST /session/eec783fecbf0a41fe1bd0e21c7a60bf8/elements - {"using":"xpath","value":"//a[contains(@data-kt ,\"ContextMenuId2Link\")]"}
RESULT: {"using":"xpath","value":"//a[contains(@data-kt ,\"ContextMenuId2Link\")]"}
COMMAND: POST /session/eec783fecbf0a41fe1bd0e21c7a60bf8/element/f.C6480B129F3E0D11095D72FF7684A092.d.23AD40300841819C1A5BB48A55EF1623.e.19548/click - {}
RESULT: {}
COMMAND: GET /session/eec783fecbf0a41fe1bd0e21c7a60bf8/screenshot - {}
COMMAND: POST /session/eec783fecbf0a41fe1bd0e21c7a60bf8/execute/async - {"script":"<script> [1562 bytes]","args":[{"selector":{"controlType":"sap.m.Link","viewName":"etm.portal.ui.managehandovers.view.DetailExecuteHO","properties":{"text":"Contract Overview"},"searchOpenDialogs":true},"wdio_ui5_key":"etmportal.ui.managehandovers.view.DetailExecuteHOsap.m.Link{\"text\":\"Contract Overview\"}"}]}
RESULT: {}
RESULT: {"script":"<script> [1562 bytes]","args":[{"selector":{"controlType":"sap.m.Link","viewName":"etm.portal.ui.managehandovers.view.DetailExecuteHO","properties":{"text":"Contract Overview"},"searchOpenDialogs":true},"wdio_ui5_key":"etmportal.ui.managehandovers.view.DetailExecuteHOsap.m.Link{\"text\":\"Contract Overview\"}"}]}
RESULT: undefined
RESULT: undefined
COMMAND: POST /session/eec783fecbf0a41fe1bd0e21c7a60bf8/execute/async - {"script":"<script> [6424 bytes]","args":[{"element-6066-11e4-a52e-4f735466cecf":"f.C6480B129F3E0D11095D72FF7684A092.d.23AD40300841819C1A5BB48A55EF1623.e.19158"},"getText",[]]}
COMMAND: POST /session/eec783fecbf0a41fe1bd0e21c7a60bf8/execute/async - {"script":"<script> [1562 bytes]","args":[{"selector":{"controlType":"sap.m.ObjectStatus","viewName":"etm.portal.ui.managecontracts.view.Detail","bindingPath":{"propertyPath":"LINK_TO_LOGISTICAL_STATUS/DESCRIPTION","modelName":"catalogModel"}},"wdio_ui5_key":"etmportal.ui.managecontracts.view.Detailsap.m.ObjectStatus{\"propertyPath\":\"LINK_TO_LOGISTICAL_STATUS/DESCRIPTION\",\"modelName\":\"catalogModel\"}"}]}
RESULT: {"script":"<script> [1562 bytes]","args":[{"selector":{"controlType":"sap.m.ObjectStatus","viewName":"etm.portal.ui.managecontracts.view.Detail","bindingPath":{"propertyPath":"LINK_TO_LOGISTICAL_STATUS/DESCRIPTION","modelName":"catalogModel"}},"wdio_ui5_key":"etmportal.ui.managecontracts.view.Detailsap.m.ObjectStatus{\"propertyPath\":\"LINK_TO_LOGISTICAL_STATUS/DESCRIPTION\",\"modelName\":\"catalogModel\"}"}]}
COMMAND: POST /session/eec783fecbf0a41fe1bd0e21c7a60bf8/execute/async - {"script":"<script> [6424 bytes]","args":[{"element-6066-11e4-a52e-4f735466cecf":"f.C6480B129F3E0D11095D72FF7684A092.d.23AD40300841819C1A5BB48A55EF1623.e.19781"},"getText",[]]}
RESULT: {"script":"<script> [6424 bytes]","args":[{"element-6066-11e4-a52e-4f735466cecf":"f.C6480B129F3E0D11095D72FF7684A092.d.23AD40300841819C1A5BB48A55EF1623.e.19781"},"getText",[]]}
RESULT: undefined
COMMAND: POST /session/eec783fecbf0a41fe1bd0e21c7a60bf8/execute/async - {"script":"<script> [6424 bytes]","args":[{"element-6066-11e4-a52e-4f735466cecf":"f.C6480B129F3E0D11095D72FF7684A092.d.23AD40300841819C1A5BB48A55EF1623.e.19161"},"getText",[]]}
COMMAND: POST /session/eec783fecbf0a41fe1bd0e21c7a60bf8/execute/async - {"script":"<script> [1562 bytes]","args":[{"selector":{"controlType":"sap.m.ObjectStatus","viewName":"etm.portal.ui.managecontracts.view.Detail","bindingPath":{"propertyPath":"LINK_TO_COMMERCIAL_STATUS/DESCRIPTION","modelName":"catalogModel"}},"wdio_ui5_key":"etmportal.ui.managecontracts.view.Detailsap.m.ObjectStatus{\"propertyPath\":\"LINK_TO_COMMERCIAL_STATUS/DESCRIPTION\",\"modelName\":\"catalogModel\"}"}]}
RESULT: {"script":"<script> [1562 bytes]","args":[{"selector":{"controlType":"sap.m.ObjectStatus","viewName":"etm.portal.ui.managecontracts.view.Detail","bindingPath":{"propertyPath":"LINK_TO_COMMERCIAL_STATUS/DESCRIPTION","modelName":"catalogModel"}},"wdio_ui5_key":"etmportal.ui.managecontracts.view.Detailsap.m.ObjectStatus{\"propertyPath\":\"LINK_TO_COMMERCIAL_STATUS/DESCRIPTION\",\"modelName\":\"catalogModel\"}"}]}
COMMAND: POST /session/eec783fecbf0a41fe1bd0e21c7a60bf8/execute/async - {"script":"<script> [6424 bytes]","args":[{"element-6066-11e4-a52e-4f735466cecf":"f.C6480B129F3E0D11095D72FF7684A092.d.23AD40300841819C1A5BB48A55EF1623.e.19782"},"getText",[]]}
RESULT: {"script":"<script> [6424 bytes]","args":[{"element-6066-11e4-a52e-4f735466cecf":"f.C6480B129F3E0D11095D72FF7684A092.d.23AD40300841819C1A5BB48A55EF1623.e.19782"},"getText",[]]}
COMMAND: POST /session/eec783fecbf0a41fe1bd0e21c7a60bf8/execute/async - {"script":"<script> [1562 bytes]","args":[{"selector":{"id":"backBtn"},"wdio_ui5_key":"backBtn"}]}
RESULT: {"script":"<script> [1562 bytes]","args":[{"selector":{"id":"backBtn"},"wdio_ui5_key":"backBtn"}]}
RESULT: undefined
COMMAND: POST /session/eec783fecbf0a41fe1bd0e21c7a60bf8/element - {"using":"xpath","value":"//*[@id=\"backBtn\"]"}
RESULT: {"using":"xpath","value":"//*[@id=\"backBtn\"]"}
COMMAND: POST /session/eec783fecbf0a41fe1bd0e21c7a60bf8/element/f.C6480B129F3E0D11095D72FF7684A092.d.23AD40300841819C1A5BB48A55EF1623.e.19783/click - {}
RESULT: {}
COMMAND: GET /session/eec783fecbf0a41fe1bd0e21c7a60bf8/screenshot - {}
RESULT: {}
COMMAND: POST /session/eec783fecbf0a41fe1bd0e21c7a60bf8/element - {"using":"xpath","value":"//input[contains(@id ,\"issueDatePicker-inner\")]"}
RESULT: {"using":"xpath","value":"//input[contains(@id ,\"issueDatePicker-inner\")]"}
COMMAND: GET /session/eec783fecbf0a41fe1bd0e21c7a60bf8/element/f.C6480B129F3E0D11095D72FF7684A092.d.23AD40300841819C1A5BB48A55EF1623.e.20061/property/value - {}
RESULT: {}
COMMAND: POST /session/eec783fecbf0a41fe1bd0e21c7a60bf8/element/f.C6480B129F3E0D11095D72FF7684A092.d.23AD40300841819C1A5BB48A55EF1623.e.20061/clear - {}
COMMAND: GET /session/eec783fecbf0a41fe1bd0e21c7a60bf8/screenshot - {}
RESULT: {}
COMMAND: POST /session/eec783fecbf0a41fe1bd0e21c7a60bf8/element/f.C6480B129F3E0D11095D72FF7684A092.d.23AD40300841819C1A5BB48A55EF1623.e.20061/value - {"text":"05/28/25"}
COMMAND: GET /session/eec783fecbf0a41fe1bd0e21c7a60bf8/screenshot - {}
RESULT: {}
RESULT: {"text":"05/28/25"}
COMMAND: GET /session/eec783fecbf0a41fe1bd0e21c7a60bf8/screenshot - {}
RESULT: {}
RESULT: {}
COMMAND: POST /session/eec783fecbf0a41fe1bd0e21c7a60bf8/execute/async - {"script":"<script> [1562 bytes]","args":[{"selector":{"controlType":"sap.m.Button","viewName":"etm.portal.ui.managehandovers.view.DetailExecuteHO","i18NText":{"propertyName":"text","key":"confirmAll"},"interaction":{"idSuffix":"inner"}},"wdio_ui5_key":"etmportal.ui.managehandovers.view.DetailExecuteHOsap.m.Button{\"propertyName\":\"text\",\"key\":\"confirmAll\"}"}]}
RESULT: {"script":"<script> [1562 bytes]","args":[{"selector":{"controlType":"sap.m.Button","viewName":"etm.portal.ui.managehandovers.view.DetailExecuteHO","i18NText":{"propertyName":"text","key":"confirmAll"},"interaction":{"idSuffix":"inner"}},"wdio_ui5_key":"etmportal.ui.managehandovers.view.DetailExecuteHOsap.m.Button{\"propertyName\":\"text\",\"key\":\"confirmAll\"}"}]}
RESULT: undefined
COMMAND: POST /session/eec783fecbf0a41fe1bd0e21c7a60bf8/element - {"using":"xpath","value":"//*[@id=\"__button145\"]"}
RESULT: {"using":"xpath","value":"//*[@id=\"__button145\"]"}
COMMAND: POST /session/eec783fecbf0a41fe1bd0e21c7a60bf8/element/f.C6480B129F3E0D11095D72FF7684A092.d.23AD40300841819C1A5BB48A55EF1623.e.20083/click - {}
RESULT: {}
COMMAND: GET /session/eec783fecbf0a41fe1bd0e21c7a60bf8/screenshot - {}
RESULT: {}
COMMAND: POST /session/eec783fecbf0a41fe1bd0e21c7a60bf8/actions - {"actions":[{"id":"action88","type":"key","parameters":{},"actions":[{"type":"keyDown","value":""},{"type":"pause","duration":10},{"type":"keyUp","value":""}]}]}
RESULT: {"actions":[{"id":"action88","type":"key","parameters":{},"actions":[{"type":"keyDown","value":""},{"type":"pause","duration":10},{"type":"keyUp","value":""}]}]}
COMMAND: GET /session/eec783fecbf0a41fe1bd0e21c7a60bf8/screenshot - {}
RESULT: {}
RESULT: undefined
COMMAND: POST /session/eec783fecbf0a41fe1bd0e21c7a60bf8/element - {"using":"xpath","value":"//*[@id=\"__button145\"]"}
RESULT: {"using":"xpath","value":"//*[@id=\"__button145\"]"}
COMMAND: POST /session/eec783fecbf0a41fe1bd0e21c7a60bf8/element/f.C6480B129F3E0D11095D72FF7684A092.d.23AD40300841819C1A5BB48A55EF1623.e.20083/click - {}
RESULT: {}
COMMAND: GET /session/eec783fecbf0a41fe1bd0e21c7a60bf8/screenshot - {}
RESULT: {}
COMMAND: POST /session/eec783fecbf0a41fe1bd0e21c7a60bf8/execute/async - {"script":"<script> [1562 bytes]","args":[{"selector":{"controlType":"sap.m.Button","properties":{"text":"OK"},"searchOpenDialogs":true,"interaction":{"idSuffix":"content"}},"wdio_ui5_key":"sapm.Button{\"text\":\"OK\"}"}]}
RESULT: {"script":"<script> [1562 bytes]","args":[{"selector":{"controlType":"sap.m.Button","properties":{"text":"OK"},"searchOpenDialogs":true,"interaction":{"idSuffix":"content"}},"wdio_ui5_key":"sapm.Button{\"text\":\"OK\"}"}]}
RESULT: undefined
COMMAND: POST /session/eec783fecbf0a41fe1bd0e21c7a60bf8/element - {"using":"xpath","value":"//*[@id=\"__mbox-btn-2\"]"}
RESULT: {"using":"xpath","value":"//*[@id=\"__mbox-btn-2\"]"}
COMMAND: POST /session/eec783fecbf0a41fe1bd0e21c7a60bf8/element/f.C6480B129F3E0D11095D72FF7684A092.d.23AD40300841819C1A5BB48A55EF1623.e.20092/click - {}
RESULT: {}
COMMAND: GET /session/eec783fecbf0a41fe1bd0e21c7a60bf8/screenshot - {}
RESULT: {}
COMMAND: POST /session/eec783fecbf0a41fe1bd0e21c7a60bf8/element - {"using":"xpath","value":"//button[contains(@data-kt ,\"execHoIssueFooterButton\")]"}
RESULT: {"using":"xpath","value":"//button[contains(@data-kt ,\"execHoIssueFooterButton\")]"}
COMMAND: POST /session/eec783fecbf0a41fe1bd0e21c7a60bf8/element/f.C6480B129F3E0D11095D72FF7684A092.d.23AD40300841819C1A5BB48A55EF1623.e.20096/click - {}
RESULT: {}
COMMAND: GET /session/eec783fecbf0a41fe1bd0e21c7a60bf8/screenshot - {}
RESULT: {}
COMMAND: POST /session/eec783fecbf0a41fe1bd0e21c7a60bf8/refresh - {}
RESULT: {}
COMMAND: GET /session/eec783fecbf0a41fe1bd0e21c7a60bf8/screenshot - {}
RESULT: {}
COMMAND: POST /session/eec783fecbf0a41fe1bd0e21c7a60bf8/refresh - {}
RESULT: {}
COMMAND: GET /session/eec783fecbf0a41fe1bd0e21c7a60bf8/screenshot - {}
RESULT: {}
COMMAND: POST /session/eec783fecbf0a41fe1bd0e21c7a60bf8/window/fullscreen - {}
RESULT: {}
COMMAND: POST /session/eec783fecbf0a41fe1bd0e21c7a60bf8/execute/async - {"script":"<script> [189 bytes]","args":[]}
RESULT: {"script":"<script> [189 bytes]","args":[]}
COMMAND: POST /session/eec783fecbf0a41fe1bd0e21c7a60bf8/execute/async - {"script":"<script> [123 bytes]","args":[]}
RESULT: {"script":"<script> [123 bytes]","args":[]}
COMMAND: POST /session/eec783fecbf0a41fe1bd0e21c7a60bf8/timeouts - {"script":"<number>"}
RESULT: {"script":"<number>"}
COMMAND: GET /session/eec783fecbf0a41fe1bd0e21c7a60bf8/timeouts - {}
RESULT: {}
RESULT: undefined
COMMAND: POST /session/eec783fecbf0a41fe1bd0e21c7a60bf8/execute/async - {"script":"<script> [2676 bytes]","args":[]}
RESULT: {"script":"<script> [2676 bytes]","args":[]}
COMMAND: POST /session/eec783fecbf0a41fe1bd0e21c7a60bf8/execute/async - {"script":"<script> [2342 bytes]","args":[{"protocol":"http","hostname":"0.0.0.0","path":"/","capabilities":{"browserName":"chrome","goog:chromeOptions":{"binary":"C:\\Program Files\\Google\\Chrome\\Application\\chrome.exe","args":["--start-maximized"]}},"logLevel":"warn","connectionRetryTimeout":120000,"connectionRetryCount":3,"logLevels":{},"enableDirectConnect":true,"strictSSL":true,"_":"65 more keys: [\"cacheDir\",\"port\",\"requestedCapabilities\",\"automationProtocol\",\"baseUrl\",\"waitforInterval\",\"waitforTimeout\",\"onReload\",\"beforeCommand\",\"afterCommand\",\"rootDir\",\"specs\",\"suites\",\"exclude\",\"groupLogsByTestSpec\",\"excludeDriverLogs\",\"bail\",\"framework\",\"reporters\",\"services\",\"maxInstances\",\"maxInstancesPerCapability\",\"injectGlobals\",\"filesToWatch\",\"execArgv\",\"runnerEnv\",\"runner\",\"shard\",\"specFileRetries\",\"specFileRetriesDelay\",\"specFileRetriesDeferred\",\"reporterSyncInterval\",\"reporterSyncTimeout\",\"cucumberFeaturesWithLineNumbers\",\"autoCompileOpts\",\"mochaOpts\",\"jasmineOpts\",\"cucumberOpts\",\"onPrepare\",\"onWorkerStart\",\"onWorkerEnd\",\"before\",\"beforeSession\",\"beforeSuite\",\"beforeHook\",\"beforeTest\",\"afterTest\",\"afterHook\",\"afterSuite\",\"afterSession\",\"after\",\"onComplete\",\"beforeAssertion\",\"afterAssertion\",\"beforeFeature\",\"beforeScenario\",\"beforeStep\",\"afterStep\",\"afterScenario\",\"afterFeature\",\"_\",\"suite\",\"$0\",\"ignoredWorkerServices\",\"wdi5\"]"}]}
RESULT: {"script":"<script> [2342 bytes]","args":[{"protocol":"http","hostname":"0.0.0.0","path":"/","capabilities":{"browserName":"chrome","goog:chromeOptions":{"binary":"C:\\Program Files\\Google\\Chrome\\Application\\chrome.exe","args":["--start-maximized"]}},"logLevel":"warn","connectionRetryTimeout":120000,"connectionRetryCount":3,"logLevels":{},"enableDirectConnect":true,"strictSSL":true,"_":"65 more keys: [\"cacheDir\",\"port\",\"requestedCapabilities\",\"automationProtocol\",\"baseUrl\",\"waitforInterval\",\"waitforTimeout\",\"onReload\",\"beforeCommand\",\"afterCommand\",\"rootDir\",\"specs\",\"suites\",\"exclude\",\"groupLogsByTestSpec\",\"excludeDriverLogs\",\"bail\",\"framework\",\"reporters\",\"services\",\"maxInstances\",\"maxInstancesPerCapability\",\"injectGlobals\",\"filesToWatch\",\"execArgv\",\"runnerEnv\",\"runner\",\"shard\",\"specFileRetries\",\"specFileRetriesDelay\",\"specFileRetriesDeferred\",\"reporterSyncInterval\",\"reporterSyncTimeout\",\"cucumberFeaturesWithLineNumbers\",\"autoCompileOpts\",\"mochaOpts\",\"jasmineOpts\",\"cucumberOpts\",\"onPrepare\",\"onWorkerStart\",\"onWorkerEnd\",\"before\",\"beforeSession\",\"beforeSuite\",\"beforeHook\",\"beforeTest\",\"afterTest\",\"afterHook\",\"afterSuite\",\"afterSession\",\"after\",\"onComplete\",\"beforeAssertion\",\"afterAssertion\",\"beforeFeature\",\"beforeScenario\",\"beforeStep\",\"afterStep\",\"afterScenario\",\"afterFeature\",\"_\",\"suite\",\"$0\",\"ignoredWorkerServices\",\"wdi5\"]"}]}
COMMAND: POST /session/eec783fecbf0a41fe1bd0e21c7a60bf8/execute/async - {"script":"<script> [21126 bytes]","args":[35000]}
RESULT: {"script":"<script> [21126 bytes]","args":[35000]}
COMMAND: POST /session/eec783fecbf0a41fe1bd0e21c7a60bf8/execute/async - {"script":"<script> [1562 bytes]","args":[{"selector":{"controlType":"sap.m.SearchField","viewName":"etm.portal.ui.managehandovers.view.MasterHO","bindingPath":{"path":"","propertyPath":"/_BASIC_SEARCH_FIELD","modelName":"fi1t3rM0d31"},"interaction":{"idSuffix":"I"}},"wdio_ui5_key":"etmportal.ui.managehandovers.view.MasterHOsap.m.SearchField{\"path\":\"\",\"propertyPath\":\"/_BASIC_SEARCH_FIELD\",\"modelName\":\"fi1t3rM0d31\"}"}]}
RESULT: {"script":"<script> [1562 bytes]","args":[{"selector":{"controlType":"sap.m.SearchField","viewName":"etm.portal.ui.managehandovers.view.MasterHO","bindingPath":{"path":"","propertyPath":"/_BASIC_SEARCH_FIELD","modelName":"fi1t3rM0d31"},"interaction":{"idSuffix":"I"}},"wdio_ui5_key":"etmportal.ui.managehandovers.view.MasterHOsap.m.SearchField{\"path\":\"\",\"propertyPath\":\"/_BASIC_SEARCH_FIELD\",\"modelName\":\"fi1t3rM0d31\"}"}]}
RESULT: undefined
COMMAND: POST /session/eec783fecbf0a41fe1bd0e21c7a60bf8/execute/async - {"script":"<script> [776 bytes]","args":[{"enterText":"30775","selector":{"controlType":"sap.m.SearchField","viewName":"etm.portal.ui.managehandovers.view.MasterHO","bindingPath":{"path":"","propertyPath":"/_BASIC_SEARCH_FIELD","modelName":"fi1t3rM0d31"},"interaction":{"idSuffix":"I"}},"clearTextFirst":true,"interactionType":"ENTER_TEXT"}]}
RESULT: {"script":"<script> [776 bytes]","args":[{"enterText":"30775","selector":{"controlType":"sap.m.SearchField","viewName":"etm.portal.ui.managehandovers.view.MasterHO","bindingPath":{"path":"","propertyPath":"/_BASIC_SEARCH_FIELD","modelName":"fi1t3rM0d31"},"interaction":{"idSuffix":"I"}},"clearTextFirst":true,"interactionType":"ENTER_TEXT"}]}
COMMAND: POST /session/eec783fecbf0a41fe1bd0e21c7a60bf8/actions - {"actions":[{"id":"action89","type":"key","parameters":{},"actions":[{"type":"keyDown","value":""},{"type":"pause","duration":10},{"type":"keyUp","value":""}]}]}
RESULT: {"actions":[{"id":"action89","type":"key","parameters":{},"actions":[{"type":"keyDown","value":""},{"type":"pause","duration":10},{"type":"keyUp","value":""}]}]}
COMMAND: GET /session/eec783fecbf0a41fe1bd0e21c7a60bf8/screenshot - {}
RESULT: {}
COMMAND: POST /session/eec783fecbf0a41fe1bd0e21c7a60bf8/execute/async - {"script":"<script> [1562 bytes]","args":[{"selector":{"controlType":"sap.m.Title","viewName":"etm.portal.ui.managehandovers.view.MasterHO","properties":{"text":"Records (1)"}},"wdio_ui5_key":"etmportal.ui.managehandovers.view.MasterHOsap.m.Title{\"text\":\"Records (1)\"}"}]}
RESULT: {"script":"<script> [1562 bytes]","args":[{"selector":{"controlType":"sap.m.Title","viewName":"etm.portal.ui.managehandovers.view.MasterHO","properties":{"text":"Records (1)"}},"wdio_ui5_key":"etmportal.ui.managehandovers.view.MasterHOsap.m.Title{\"text\":\"Records (1)\"}"}]}
RESULT: undefined
COMMAND: POST /session/eec783fecbf0a41fe1bd0e21c7a60bf8/execute/async - {"script":"<script> [6424 bytes]","args":[{"element-6066-11e4-a52e-4f735466cecf":"f.C6480B129F3E0D11095D72FF7684A092.d.CC8226D171EC87EC0C1724C1F13714AF.e.20407"},"getText",[]]}
RESULT: {"script":"<script> [6424 bytes]","args":[{"element-6066-11e4-a52e-4f735466cecf":"f.C6480B129F3E0D11095D72FF7684A092.d.CC8226D171EC87EC0C1724C1F13714AF.e.20407"},"getText",[]]}
COMMAND: POST /session/eec783fecbf0a41fe1bd0e21c7a60bf8/execute/async - {"script":"<script> [1562 bytes]","args":[{"selector":{"controlType":"sap.ui.core.Icon","viewName":"etm.portal.ui.managehandovers.view.MasterHO","properties":{"src":{"regex":{"source":"slim\\-arrow\\-right"}}}},"wdio_ui5_key":"etmportal.ui.managehandovers.view.MasterHOsap.ui.core.Icon{\"src\":{\"regex\":{\"source\":\"slim\\\\-arrow\\\\-right\"}}}"}]}
RESULT: {"script":"<script> [1562 bytes]","args":[{"selector":{"controlType":"sap.ui.core.Icon","viewName":"etm.portal.ui.managehandovers.view.MasterHO","properties":{"src":{"regex":{"source":"slim\\-arrow\\-right"}}}},"wdio_ui5_key":"etmportal.ui.managehandovers.view.MasterHOsap.ui.core.Icon{\"src\":{\"regex\":{\"source\":\"slim\\\\-arrow\\\\-right\"}}}"}]}
RESULT: undefined
COMMAND: POST /session/eec783fecbf0a41fe1bd0e21c7a60bf8/element - {"using":"xpath","value":"//*[@id=\"__item29-__clone17-imgNav\"]"}
RESULT: {"using":"xpath","value":"//*[@id=\"__item29-__clone17-imgNav\"]"}
COMMAND: POST /session/eec783fecbf0a41fe1bd0e21c7a60bf8/element/f.C6480B129F3E0D11095D72FF7684A092.d.CC8226D171EC87EC0C1724C1F13714AF.e.20406/click - {}
RESULT: {}
COMMAND: GET /session/eec783fecbf0a41fe1bd0e21c7a60bf8/screenshot - {}
RESULT: {}
COMMAND: POST /session/eec783fecbf0a41fe1bd0e21c7a60bf8/execute/async - {"script":"<script> [1562 bytes]","args":[{"selector":{"controlType":"sap.m.ObjectStatus","viewName":"etm.portal.ui.managehandovers.view.DetailManageHO","viewId":"application-managehandovers-display-component---detailManageHO","labelFor":{"text":"Status"}},"wdio_ui5_key":"etmportal.ui.managehandovers.view.DetailManageHOsap.m.ObjectStatus{\"text\":\"Status\"}"}]}
RESULT: {"script":"<script> [1562 bytes]","args":[{"selector":{"controlType":"sap.m.ObjectStatus","viewName":"etm.portal.ui.managehandovers.view.DetailManageHO","viewId":"application-managehandovers-display-component---detailManageHO","labelFor":{"text":"Status"}},"wdio_ui5_key":"etmportal.ui.managehandovers.view.DetailManageHOsap.m.ObjectStatus{\"text\":\"Status\"}"}]}
RESULT: undefined
COMMAND: POST /session/eec783fecbf0a41fe1bd0e21c7a60bf8/execute/async - {"script":"<script> [6424 bytes]","args":[{"element-6066-11e4-a52e-4f735466cecf":"f.C6480B129F3E0D11095D72FF7684A092.d.CC8226D171EC87EC0C1724C1F13714AF.e.20496"},"getText",[]]}
RESULT: {"script":"<script> [6424 bytes]","args":[{"element-6066-11e4-a52e-4f735466cecf":"f.C6480B129F3E0D11095D72FF7684A092.d.CC8226D171EC87EC0C1724C1F13714AF.e.20496"},"getText",[]]}
COMMAND: POST /session/eec783fecbf0a41fe1bd0e21c7a60bf8/element - {"using":"xpath","value":"//a[contains(@data-kt ,\"GeneralSectionSendContractLink\")]"}
RESULT: {"using":"xpath","value":"//a[contains(@data-kt ,\"GeneralSectionSendContractLink\")]"}
COMMAND: POST /session/eec783fecbf0a41fe1bd0e21c7a60bf8/element/f.C6480B129F3E0D11095D72FF7684A092.d.CC8226D171EC87EC0C1724C1F13714AF.e.20497/click - {}
RESULT: {}
COMMAND: GET /session/eec783fecbf0a41fe1bd0e21c7a60bf8/screenshot - {}
RESULT: {}
COMMAND: POST /session/eec783fecbf0a41fe1bd0e21c7a60bf8/elements - {"using":"xpath","value":"//a[contains(@data-kt ,\"ContextMenuId2Link\")]"}
RESULT: {"using":"xpath","value":"//a[contains(@data-kt ,\"ContextMenuId2Link\")]"}
COMMAND: POST /session/eec783fecbf0a41fe1bd0e21c7a60bf8/element/f.C6480B129F3E0D11095D72FF7684A092.d.23AD40300841819C1A5BB48A55EF1623.e.19548/click - {}
COMMAND: POST /session/eec783fecbf0a41fe1bd0e21c7a60bf8/element - {"using":"xpath","value":"//a[contains(@data-kt ,\"ContextMenuId2Link\")]"}
RESULT: {"using":"xpath","value":"//a[contains(@data-kt ,\"ContextMenuId2Link\")]"}
COMMAND: POST /session/eec783fecbf0a41fe1bd0e21c7a60bf8/element/f.C6480B129F3E0D11095D72FF7684A092.d.23AD40300841819C1A5BB48A55EF1623.e.19548/click - {}
COMMAND: POST /session/eec783fecbf0a41fe1bd0e21c7a60bf8/element - {"using":"xpath","value":"//a[contains(@data-kt ,\"ContextMenuId2Link\")]"}
RESULT: {"using":"xpath","value":"//a[contains(@data-kt ,\"ContextMenuId2Link\")]"}
COMMAND: POST /session/eec783fecbf0a41fe1bd0e21c7a60bf8/element/f.C6480B129F3E0D11095D72FF7684A092.d.CC8226D171EC87EC0C1724C1F13714AF.e.20500/click - {}
RESULT: {}
COMMAND: GET /session/eec783fecbf0a41fe1bd0e21c7a60bf8/screenshot - {}
RESULT: {}
COMMAND: POST /session/eec783fecbf0a41fe1bd0e21c7a60bf8/execute/async - {"script":"<script> [1562 bytes]","args":[{"selector":{"controlType":"sap.m.ObjectStatus","viewName":"etm.portal.ui.managecontracts.view.Detail","bindingPath":{"propertyPath":"LINK_TO_COMMERCIAL_STATUS/DESCRIPTION","modelName":"catalogModel"}},"wdio_ui5_key":"etmportal.ui.managecontracts.view.Detailsap.m.ObjectStatus{\"propertyPath\":\"LINK_TO_COMMERCIAL_STATUS/DESCRIPTION\",\"modelName\":\"catalogModel\"}"}]}
RESULT: {"script":"<script> [1562 bytes]","args":[{"selector":{"controlType":"sap.m.ObjectStatus","viewName":"etm.portal.ui.managecontracts.view.Detail","bindingPath":{"propertyPath":"LINK_TO_COMMERCIAL_STATUS/DESCRIPTION","modelName":"catalogModel"}},"wdio_ui5_key":"etmportal.ui.managecontracts.view.Detailsap.m.ObjectStatus{\"propertyPath\":\"LINK_TO_COMMERCIAL_STATUS/DESCRIPTION\",\"modelName\":\"catalogModel\"}"}]}
RESULT: undefined
COMMAND: POST /session/eec783fecbf0a41fe1bd0e21c7a60bf8/execute/async - {"script":"<script> [6424 bytes]","args":[{"element-6066-11e4-a52e-4f735466cecf":"f.C6480B129F3E0D11095D72FF7684A092.d.CC8226D171EC87EC0C1724C1F13714AF.e.20750"},"getText",[]]}
RESULT: {"script":"<script> [6424 bytes]","args":[{"element-6066-11e4-a52e-4f735466cecf":"f.C6480B129F3E0D11095D72FF7684A092.d.CC8226D171EC87EC0C1724C1F13714AF.e.20750"},"getText",[]]}
COMMAND: POST /session/eec783fecbf0a41fe1bd0e21c7a60bf8/execute/async - {"script":"<script> [1562 bytes]","args":[{"selector":{"controlType":"sap.m.ObjectStatus","viewName":"etm.portal.ui.managecontracts.view.Detail","bindingPath":{"propertyPath":"LINK_TO_LOGISTICAL_STATUS/DESCRIPTION","modelName":"catalogModel"}},"wdio_ui5_key":"etmportal.ui.managecontracts.view.Detailsap.m.ObjectStatus{\"propertyPath\":\"LINK_TO_LOGISTICAL_STATUS/DESCRIPTION\",\"modelName\":\"catalogModel\"}"}]}
RESULT: {"script":"<script> [1562 bytes]","args":[{"selector":{"controlType":"sap.m.ObjectStatus","viewName":"etm.portal.ui.managecontracts.view.Detail","bindingPath":{"propertyPath":"LINK_TO_LOGISTICAL_STATUS/DESCRIPTION","modelName":"catalogModel"}},"wdio_ui5_key":"etmportal.ui.managecontracts.view.Detailsap.m.ObjectStatus{\"propertyPath\":\"LINK_TO_LOGISTICAL_STATUS/DESCRIPTION\",\"modelName\":\"catalogModel\"}"}]}
RESULT: undefined
COMMAND: POST /session/eec783fecbf0a41fe1bd0e21c7a60bf8/execute/async - {"script":"<script> [6424 bytes]","args":[{"element-6066-11e4-a52e-4f735466cecf":"f.C6480B129F3E0D11095D72FF7684A092.d.CC8226D171EC87EC0C1724C1F13714AF.e.20751"},"getText",[]]}
RESULT: {"script":"<script> [6424 bytes]","args":[{"element-6066-11e4-a52e-4f735466cecf":"f.C6480B129F3E0D11095D72FF7684A092.d.CC8226D171EC87EC0C1724C1F13714AF.e.20751"},"getText",[]]}
COMMAND: POST /session/eec783fecbf0a41fe1bd0e21c7a60bf8/element - {"using":"xpath","value":"//button[@data-kt=\"contractDetailEditBtnButton\"]"}
RESULT: {"using":"xpath","value":"//button[@data-kt=\"contractDetailEditBtnButton\"]"}
COMMAND: POST /session/eec783fecbf0a41fe1bd0e21c7a60bf8/element/f.C6480B129F3E0D11095D72FF7684A092.d.CC8226D171EC87EC0C1724C1F13714AF.e.20605/click - {}
RESULT: {}
COMMAND: GET /session/eec783fecbf0a41fe1bd0e21c7a60bf8/screenshot - {}
RESULT: {}
COMMAND: POST /session/eec783fecbf0a41fe1bd0e21c7a60bf8/element - {"using":"xpath","value":"(//span[contains(text(), \"Additional Addresses\")])[2]"}
RESULT: {"using":"xpath","value":"(//span[contains(text(), \"Additional Addresses\")])[2]"}
COMMAND: POST /session/eec783fecbf0a41fe1bd0e21c7a60bf8/element/f.C6480B129F3E0D11095D72FF7684A092.d.CC8226D171EC87EC0C1724C1F13714AF.e.20817/click - {}
RESULT: {}
COMMAND: GET /session/eec783fecbf0a41fe1bd0e21c7a60bf8/screenshot - {}
RESULT: {}
COMMAND: POST /session/eec783fecbf0a41fe1bd0e21c7a60bf8/element - {"using":"xpath","value":"//button[@data-kt=\"btnAddTableRowOverflowToolbarButton\"]"}
RESULT: {"using":"xpath","value":"//button[@data-kt=\"btnAddTableRowOverflowToolbarButton\"]"}
COMMAND: POST /session/eec783fecbf0a41fe1bd0e21c7a60bf8/element/f.C6480B129F3E0D11095D72FF7684A092.d.CC8226D171EC87EC0C1724C1F13714AF.e.20819/click - {}
RESULT: {}
COMMAND: GET /session/eec783fecbf0a41fe1bd0e21c7a60bf8/screenshot - {}
RESULT: {}
COMMAND: POST /session/eec783fecbf0a41fe1bd0e21c7a60bf8/element - {"using":"xpath","value":"//div[(text() = 'Standard Entry' or . = 'Standard Entry')]"}
RESULT: {"using":"xpath","value":"//div[(text() = 'Standard Entry' or . = 'Standard Entry')]"}
COMMAND: POST /session/eec783fecbf0a41fe1bd0e21c7a60bf8/element/f.C6480B129F3E0D11095D72FF7684A092.d.CC8226D171EC87EC0C1724C1F13714AF.e.20821/click - {}
RESULT: {}
COMMAND: POST /session/eec783fecbf0a41fe1bd0e21c7a60bf8/execute/async - {"script":"<script> [1562 bytes]","args":[{"selector":{"controlType":"sap.ui.core.Icon","viewName":"etm.portal.ui.managecontracts.view.EditContract","properties":{"src":{"regex":{"source":"slim\\-arrow\\-down"}}},"ancestor":{"controlType":"sap.m.ComboBox","viewName":"etm.portal.ui.managecontracts.view.EditContract","bindingPath":{"propertyPath":"RU_TYPE","modelName":"catalogModel"}}},"wdio_ui5_key":"etmportal.ui.managecontracts.view.EditContractsap.ui.core.Icon{\"src\":{\"regex\":{\"source\":\"slim\\\\-arrow\\\\-down\"}}}{\"controlType\":\"sap.m.ComboBox\",\"viewName\":\"etm.portal.ui.managecontracts.view.EditContract\",\"bindingPath\":{\"propertyPath\":\"RU_TYPE\",\"modelName\":\"catalogModel\"}}"}]}
COMMAND: GET /session/eec783fecbf0a41fe1bd0e21c7a60bf8/screenshot - {}
RESULT: {"script":"<script> [1562 bytes]","args":[{"selector":{"controlType":"sap.ui.core.Icon","viewName":"etm.portal.ui.managecontracts.view.EditContract","properties":{"src":{"regex":{"source":"slim\\-arrow\\-down"}}},"ancestor":{"controlType":"sap.m.ComboBox","viewName":"etm.portal.ui.managecontracts.view.EditContract","bindingPath":{"propertyPath":"RU_TYPE","modelName":"catalogModel"}}},"wdio_ui5_key":"etmportal.ui.managecontracts.view.EditContractsap.ui.core.Icon{\"src\":{\"regex\":{\"source\":\"slim\\\\-arrow\\\\-down\"}}}{\"controlType\":\"sap.m.ComboBox\",\"viewName\":\"etm.portal.ui.managecontracts.view.EditContract\",\"bindingPath\":{\"propertyPath\":\"RU_TYPE\",\"modelName\":\"catalogModel\"}}"}]}
RESULT: undefined
COMMAND: POST /session/eec783fecbf0a41fe1bd0e21c7a60bf8/element - {"using":"xpath","value":"//*[@id=\"__box20-arrow\"]"}
RESULT: {}
RESULT: {"using":"xpath","value":"//*[@id=\"__box20-arrow\"]"}
COMMAND: POST /session/eec783fecbf0a41fe1bd0e21c7a60bf8/element/f.C6480B129F3E0D11095D72FF7684A092.d.CC8226D171EC87EC0C1724C1F13714AF.e.20836/click - {}
RESULT: {}
COMMAND: POST /session/eec783fecbf0a41fe1bd0e21c7a60bf8/execute/async - {"script":"<script> [1562 bytes]","args":[{"selector":{"controlType":"sap.m.StandardListItem","viewName":"etm.portal.ui.managecontracts.view.EditContract","properties":{"title":"Material"},"searchOpenDialogs":true,"interaction":{"idSuffix":"content"}},"wdio_ui5_key":"etmportal.ui.managecontracts.view.EditContractsap.m.StandardListItem{\"title\":\"Material\"}"}]}
COMMAND: GET /session/eec783fecbf0a41fe1bd0e21c7a60bf8/screenshot - {}
RESULT: {"script":"<script> [1562 bytes]","args":[{"selector":{"controlType":"sap.m.StandardListItem","viewName":"etm.portal.ui.managecontracts.view.EditContract","properties":{"title":"Material"},"searchOpenDialogs":true,"interaction":{"idSuffix":"content"}},"wdio_ui5_key":"etmportal.ui.managecontracts.view.EditContractsap.m.StandardListItem{\"title\":\"Material\"}"}]}
RESULT: undefined
COMMAND: POST /session/eec783fecbf0a41fe1bd0e21c7a60bf8/element - {"using":"xpath","value":"//*[@id=\"__item96\"]"}
RESULT: {}
RESULT: {"using":"xpath","value":"//*[@id=\"__item96\"]"}
COMMAND: POST /session/eec783fecbf0a41fe1bd0e21c7a60bf8/element/f.C6480B129F3E0D11095D72FF7684A092.d.CC8226D171EC87EC0C1724C1F13714AF.e.20839/click - {}
RESULT: {}
COMMAND: POST /session/eec783fecbf0a41fe1bd0e21c7a60bf8/element - {"using":"xpath","value":"//td[7]/div/div/input"}
COMMAND: GET /session/eec783fecbf0a41fe1bd0e21c7a60bf8/screenshot - {}
RESULT: {"using":"xpath","value":"//td[7]/div/div/input"}
COMMAND: POST /session/eec783fecbf0a41fe1bd0e21c7a60bf8/element/f.C6480B129F3E0D11095D72FF7684A092.d.CC8226D171EC87EC0C1724C1F13714AF.e.20842/clear - {}
RESULT: {}
RESULT: {}
COMMAND: POST /session/eec783fecbf0a41fe1bd0e21c7a60bf8/element/f.C6480B129F3E0D11095D72FF7684A092.d.CC8226D171EC87EC0C1724C1F13714AF.e.20842/value - {"text":"WebdriverMatTesttwqqr"}
COMMAND: GET /session/eec783fecbf0a41fe1bd0e21c7a60bf8/screenshot - {}
RESULT: {"text":"WebdriverMatTesttwqqr"}
COMMAND: GET /session/eec783fecbf0a41fe1bd0e21c7a60bf8/screenshot - {}
RESULT: {}
RESULT: {}
COMMAND: POST /session/eec783fecbf0a41fe1bd0e21c7a60bf8/actions - {"actions":[{"id":"action90","type":"key","parameters":{},"actions":[{"type":"keyDown","value":""},{"type":"pause","duration":10},{"type":"keyUp","value":""}]}]}
RESULT: {"actions":[{"id":"action90","type":"key","parameters":{},"actions":[{"type":"keyDown","value":""},{"type":"pause","duration":10},{"type":"keyUp","value":""}]}]}
COMMAND: GET /session/eec783fecbf0a41fe1bd0e21c7a60bf8/screenshot - {}
RESULT: {}
COMMAND: POST /session/eec783fecbf0a41fe1bd0e21c7a60bf8/element - {"using":"xpath","value":"//button[@data-kt=\"saveButton\"]"}
RESULT: {"using":"xpath","value":"//button[@data-kt=\"saveButton\"]"}
COMMAND: POST /session/eec783fecbf0a41fe1bd0e21c7a60bf8/element/f.C6480B129F3E0D11095D72FF7684A092.d.CC8226D171EC87EC0C1724C1F13714AF.e.20865/click - {}
RESULT: {}
COMMAND: GET /session/eec783fecbf0a41fe1bd0e21c7a60bf8/screenshot - {}
RESULT: {}
RESULT: undefined
COMMAND: POST /session/eec783fecbf0a41fe1bd0e21c7a60bf8/execute/async - {"script":"<script> [6424 bytes]","args":[{"element-6066-11e4-a52e-4f735466cecf":"f.C6480B129F3E0D11095D72FF7684A092.d.CC8226D171EC87EC0C1724C1F13714AF.e.20751"},"getText",[]]}
RESULT: {"script":"<script> [6424 bytes]","args":[{"element-6066-11e4-a52e-4f735466cecf":"f.C6480B129F3E0D11095D72FF7684A092.d.CC8226D171EC87EC0C1724C1F13714AF.e.20751"},"getText",[]]}
COMMAND: DELETE /session/eec783fecbf0a41fe1bd0e21c7a60bf8 - {}
RESULT: {}
]]></system-out>
    </testcase>
  </testsuite>
</testsuites>