<?xml version="1.0" encoding="UTF-8"?>
<testsuites tests="15" failures="5" errors="5" skipped="0">
  <testsuite timestamp="2025-06-12T16:33:44" time="876.087" tests="9" failures="5" errors="5" skipped="0">
    <properties>
      <property name="specId" value="0" />
      <property name="suiteName" value="Prerequisites &amp; test for yard mass return on Yard Overview US131057" />
      <property name="capabilities" value="chrome.137_0_7151_69.windows" />
      <property name="file" value="file:///D:/a/1/s/test/specs/HTR/yard-mass-return.spec.js" />
    </properties>
    <testcase classname="chrome.137_0_7151_69.windows.Prerequisites_&amp;_test_for_yard_mass_return_on_Yard_Overview_US131057" name="Prereq Should create a new yard used for all following tests" time="145.198">
      <system-out><![CDATA[
COMMAND: POST /session/14914bc265bb4356720f02d527012ac9/window/fullscreen - {}
RESULT: {}
COMMAND: POST /session/14914bc265bb4356720f02d527012ac9/execute/async - {"script":"<script> [1562 bytes]","args":[{"selector":{"controlType":"sap.m.GenericTile","properties":{"header":"Manage Yards"}},"wdio_ui5_key":"sapm.GenericTile{\"header\":\"Manage Yards\"}"}]}
RESULT: {"script":"<script> [1562 bytes]","args":[{"selector":{"controlType":"sap.m.GenericTile","properties":{"header":"Manage Yards"}},"wdio_ui5_key":"sapm.GenericTile{\"header\":\"Manage Yards\"}"}]}
RESULT: undefined
COMMAND: POST /session/14914bc265bb4356720f02d527012ac9/element - {"using":"xpath","value":"//*[@id=\"__tile42\"]"}
RESULT: {"using":"xpath","value":"//*[@id=\"__tile42\"]"}
COMMAND: POST /session/14914bc265bb4356720f02d527012ac9/element/f.55D52B01A6CDCCA2B6FF0BD62C4B110C.d.9ED138BDC913135CCA2988B13F7E2AE4.e.175/click - {}
RESULT: {}
COMMAND: GET /session/14914bc265bb4356720f02d527012ac9/screenshot - {}
RESULT: {}
COMMAND: POST /session/14914bc265bb4356720f02d527012ac9/elements - {"using":"xpath","value":"//span[text()='Error']"}
RESULT: {"using":"xpath","value":"//span[text()='Error']"}
COMMAND: POST /session/14914bc265bb4356720f02d527012ac9/element - {"using":"xpath","value":"//button[@data-kt=\"addNewYardOverflowToolbarButton\"]"}
RESULT: {"using":"xpath","value":"//button[@data-kt=\"addNewYardOverflowToolbarButton\"]"}
COMMAND: POST /session/14914bc265bb4356720f02d527012ac9/elements - {"using":"xpath","value":"//button[@data-kt=\"addNewYardOverflowToolbarButton\"]"}
RESULT: {"using":"xpath","value":"//button[@data-kt=\"addNewYardOverflowToolbarButton\"]"}
COMMAND: POST /session/14914bc265bb4356720f02d527012ac9/elements - {"using":"xpath","value":"//button[@data-kt=\"addNewYardOverflowToolbarButton\"]"}
RESULT: {"using":"xpath","value":"//button[@data-kt=\"addNewYardOverflowToolbarButton\"]"}
COMMAND: POST /session/14914bc265bb4356720f02d527012ac9/elements - {"using":"xpath","value":"//button[@data-kt=\"addNewYardOverflowToolbarButton\"]"}
RESULT: {"using":"xpath","value":"//button[@data-kt=\"addNewYardOverflowToolbarButton\"]"}
COMMAND: POST /session/14914bc265bb4356720f02d527012ac9/elements - {"using":"xpath","value":"//button[@data-kt=\"addNewYardOverflowToolbarButton\"]"}
RESULT: {"using":"xpath","value":"//button[@data-kt=\"addNewYardOverflowToolbarButton\"]"}
COMMAND: POST /session/14914bc265bb4356720f02d527012ac9/elements - {"using":"xpath","value":"//button[@data-kt=\"addNewYardOverflowToolbarButton\"]"}
RESULT: {"using":"xpath","value":"//button[@data-kt=\"addNewYardOverflowToolbarButton\"]"}
COMMAND: POST /session/14914bc265bb4356720f02d527012ac9/elements - {"using":"xpath","value":"//button[@data-kt=\"addNewYardOverflowToolbarButton\"]"}
RESULT: {"using":"xpath","value":"//button[@data-kt=\"addNewYardOverflowToolbarButton\"]"}
COMMAND: POST /session/14914bc265bb4356720f02d527012ac9/elements - {"using":"xpath","value":"//button[@data-kt=\"addNewYardOverflowToolbarButton\"]"}
RESULT: {"using":"xpath","value":"//button[@data-kt=\"addNewYardOverflowToolbarButton\"]"}
COMMAND: POST /session/14914bc265bb4356720f02d527012ac9/elements - {"using":"xpath","value":"//button[@data-kt=\"addNewYardOverflowToolbarButton\"]"}
RESULT: {"using":"xpath","value":"//button[@data-kt=\"addNewYardOverflowToolbarButton\"]"}
COMMAND: POST /session/14914bc265bb4356720f02d527012ac9/elements - {"using":"xpath","value":"//button[@data-kt=\"addNewYardOverflowToolbarButton\"]"}
RESULT: {"using":"xpath","value":"//button[@data-kt=\"addNewYardOverflowToolbarButton\"]"}
COMMAND: POST /session/14914bc265bb4356720f02d527012ac9/elements - {"using":"xpath","value":"//button[@data-kt=\"addNewYardOverflowToolbarButton\"]"}
RESULT: {"using":"xpath","value":"//button[@data-kt=\"addNewYardOverflowToolbarButton\"]"}
COMMAND: POST /session/14914bc265bb4356720f02d527012ac9/elements - {"using":"xpath","value":"//button[@data-kt=\"addNewYardOverflowToolbarButton\"]"}
RESULT: {"using":"xpath","value":"//button[@data-kt=\"addNewYardOverflowToolbarButton\"]"}
COMMAND: POST /session/14914bc265bb4356720f02d527012ac9/elements - {"using":"xpath","value":"//button[@data-kt=\"addNewYardOverflowToolbarButton\"]"}
RESULT: {"using":"xpath","value":"//button[@data-kt=\"addNewYardOverflowToolbarButton\"]"}
COMMAND: POST /session/14914bc265bb4356720f02d527012ac9/elements - {"using":"xpath","value":"//button[@data-kt=\"addNewYardOverflowToolbarButton\"]"}
RESULT: {"using":"xpath","value":"//button[@data-kt=\"addNewYardOverflowToolbarButton\"]"}
COMMAND: POST /session/14914bc265bb4356720f02d527012ac9/elements - {"using":"xpath","value":"//button[@data-kt=\"addNewYardOverflowToolbarButton\"]"}
RESULT: {"using":"xpath","value":"//button[@data-kt=\"addNewYardOverflowToolbarButton\"]"}
COMMAND: POST /session/14914bc265bb4356720f02d527012ac9/elements - {"using":"xpath","value":"//button[@data-kt=\"addNewYardOverflowToolbarButton\"]"}
RESULT: {"using":"xpath","value":"//button[@data-kt=\"addNewYardOverflowToolbarButton\"]"}
COMMAND: POST /session/14914bc265bb4356720f02d527012ac9/elements - {"using":"xpath","value":"//button[@data-kt=\"addNewYardOverflowToolbarButton\"]"}
RESULT: {"using":"xpath","value":"//button[@data-kt=\"addNewYardOverflowToolbarButton\"]"}
COMMAND: POST /session/14914bc265bb4356720f02d527012ac9/elements - {"using":"xpath","value":"//button[@data-kt=\"addNewYardOverflowToolbarButton\"]"}
RESULT: {"using":"xpath","value":"//button[@data-kt=\"addNewYardOverflowToolbarButton\"]"}
COMMAND: POST /session/14914bc265bb4356720f02d527012ac9/elements - {"using":"xpath","value":"//button[@data-kt=\"addNewYardOverflowToolbarButton\"]"}
RESULT: {"using":"xpath","value":"//button[@data-kt=\"addNewYardOverflowToolbarButton\"]"}
COMMAND: POST /session/14914bc265bb4356720f02d527012ac9/element - {"using":"xpath","value":"//button[@data-kt=\"addNewYardOverflowToolbarButton\"]"}
RESULT: {"using":"xpath","value":"//button[@data-kt=\"addNewYardOverflowToolbarButton\"]"}
COMMAND: POST /session/14914bc265bb4356720f02d527012ac9/execute/sync - {"script":"<script> [8489 bytes]","args":[{"element-6066-11e4-a52e-4f735466cecf":"f.55D52B01A6CDCCA2B6FF0BD62C4B110C.d.9ED138BDC913135CCA2988B13F7E2AE4.e.324","ELEMENT":"f.55D52B01A6CDCCA2B6FF0BD62C4B110C.d.9ED138BDC913135CCA2988B13F7E2AE4.e.324"}]}
RESULT: {"script":"<script> [8489 bytes]","args":[{"element-6066-11e4-a52e-4f735466cecf":"f.55D52B01A6CDCCA2B6FF0BD62C4B110C.d.9ED138BDC913135CCA2988B13F7E2AE4.e.324","ELEMENT":"f.55D52B01A6CDCCA2B6FF0BD62C4B110C.d.9ED138BDC913135CCA2988B13F7E2AE4.e.324"}]}
COMMAND: GET /session/14914bc265bb4356720f02d527012ac9/element/f.55D52B01A6CDCCA2B6FF0BD62C4B110C.d.9ED138BDC913135CCA2988B13F7E2AE4.e.324/enabled - {}
COMMAND: GET /session/14914bc265bb4356720f02d527012ac9/screenshot - {}
RESULT: {}
COMMAND: POST /session/14914bc265bb4356720f02d527012ac9/execute/sync - {"script":"<script> [8489 bytes]","args":[{"element-6066-11e4-a52e-4f735466cecf":"f.55D52B01A6CDCCA2B6FF0BD62C4B110C.d.9ED138BDC913135CCA2988B13F7E2AE4.e.324","ELEMENT":"f.55D52B01A6CDCCA2B6FF0BD62C4B110C.d.9ED138BDC913135CCA2988B13F7E2AE4.e.324"}]}
COMMAND: GET /session/14914bc265bb4356720f02d527012ac9/screenshot - {}
RESULT: {}
RESULT: {"script":"<script> [8489 bytes]","args":[{"element-6066-11e4-a52e-4f735466cecf":"f.55D52B01A6CDCCA2B6FF0BD62C4B110C.d.9ED138BDC913135CCA2988B13F7E2AE4.e.324","ELEMENT":"f.55D52B01A6CDCCA2B6FF0BD62C4B110C.d.9ED138BDC913135CCA2988B13F7E2AE4.e.324"}]}
COMMAND: POST /session/14914bc265bb4356720f02d527012ac9/execute/sync - {"script":"<script> [5351 bytes]","args":[{"element-6066-11e4-a52e-4f735466cecf":"f.55D52B01A6CDCCA2B6FF0BD62C4B110C.d.9ED138BDC913135CCA2988B13F7E2AE4.e.324","ELEMENT":"f.55D52B01A6CDCCA2B6FF0BD62C4B110C.d.9ED138BDC913135CCA2988B13F7E2AE4.e.324"}]}
COMMAND: GET /session/14914bc265bb4356720f02d527012ac9/screenshot - {}
RESULT: {}
RESULT: {"script":"<script> [5351 bytes]","args":[{"element-6066-11e4-a52e-4f735466cecf":"f.55D52B01A6CDCCA2B6FF0BD62C4B110C.d.9ED138BDC913135CCA2988B13F7E2AE4.e.324","ELEMENT":"f.55D52B01A6CDCCA2B6FF0BD62C4B110C.d.9ED138BDC913135CCA2988B13F7E2AE4.e.324"}]}
COMMAND: POST /session/14914bc265bb4356720f02d527012ac9/element/f.55D52B01A6CDCCA2B6FF0BD62C4B110C.d.9ED138BDC913135CCA2988B13F7E2AE4.e.324/click - {}
COMMAND: GET /session/14914bc265bb4356720f02d527012ac9/screenshot - {}
RESULT: {}
RESULT: {}
COMMAND: GET /session/14914bc265bb4356720f02d527012ac9/screenshot - {}
RESULT: {}
RESULT: {}
COMMAND: POST /session/14914bc265bb4356720f02d527012ac9/element - {"using":"xpath","value":"//input[@id=\"application-manageyards-display-component---NewYard--yardId-inner\"]"}
RESULT: {"using":"xpath","value":"//input[@id=\"application-manageyards-display-component---NewYard--yardId-inner\"]"}
COMMAND: POST /session/14914bc265bb4356720f02d527012ac9/element - {"using":"xpath","value":"//input[@id=\"application-manageyards-display-component---NewYard--yardId-inner\"]"}
RESULT: {"using":"xpath","value":"//input[@id=\"application-manageyards-display-component---NewYard--yardId-inner\"]"}
COMMAND: POST /session/14914bc265bb4356720f02d527012ac9/execute/async - {"script":"<script> [1562 bytes]","args":[{"selector":{"id":"application-manageyards-display-component---NewYard--addressDetailDetailsName1","interaction":{"idSuffix":"inner"}},"wdio_ui5_key":"applicationmanageyards-display-component---NewYard--addressDetailDetailsName1"}]}
RESULT: {"script":"<script> [1562 bytes]","args":[{"selector":{"id":"application-manageyards-display-component---NewYard--addressDetailDetailsName1","interaction":{"idSuffix":"inner"}},"wdio_ui5_key":"applicationmanageyards-display-component---NewYard--addressDetailDetailsName1"}]}
RESULT: undefined
COMMAND: POST /session/14914bc265bb4356720f02d527012ac9/execute/async - {"script":"<script> [776 bytes]","args":[{"enterText":"Other Yard WDIO","selector":{"id":"application-manageyards-display-component---NewYard--addressDetailDetailsName1","interaction":{"idSuffix":"inner"}},"clearTextFirst":true,"interactionType":"ENTER_TEXT"}]}
RESULT: {"script":"<script> [776 bytes]","args":[{"enterText":"Other Yard WDIO","selector":{"id":"application-manageyards-display-component---NewYard--addressDetailDetailsName1","interaction":{"idSuffix":"inner"}},"clearTextFirst":true,"interactionType":"ENTER_TEXT"}]}
COMMAND: POST /session/14914bc265bb4356720f02d527012ac9/execute/async - {"script":"<script> [1562 bytes]","args":[{"selector":{"id":"application-manageyards-display-component---NewYard--addressDetailDetailsLanguage-arrow"},"wdio_ui5_key":"applicationmanageyards-display-component---NewYard--addressDetailDetailsLanguage-arrow"}]}
RESULT: {"script":"<script> [1562 bytes]","args":[{"selector":{"id":"application-manageyards-display-component---NewYard--addressDetailDetailsLanguage-arrow"},"wdio_ui5_key":"applicationmanageyards-display-component---NewYard--addressDetailDetailsLanguage-arrow"}]}
RESULT: undefined
COMMAND: POST /session/14914bc265bb4356720f02d527012ac9/element - {"using":"xpath","value":"//*[@id=\"application-manageyards-display-component---NewYard--addressDetailDetailsLanguage-arrow\"]"}
RESULT: {"using":"xpath","value":"//*[@id=\"application-manageyards-display-component---NewYard--addressDetailDetailsLanguage-arrow\"]"}
COMMAND: POST /session/14914bc265bb4356720f02d527012ac9/element/f.55D52B01A6CDCCA2B6FF0BD62C4B110C.d.9ED138BDC913135CCA2988B13F7E2AE4.e.723/click - {}
RESULT: {}
COMMAND: POST /session/14914bc265bb4356720f02d527012ac9/element - {"using":"xpath","value":"//span[contains(text(), \"English\")]"}
COMMAND: GET /session/14914bc265bb4356720f02d527012ac9/screenshot - {}
RESULT: {"using":"xpath","value":"//span[contains(text(), \"English\")]"}
COMMAND: POST /session/14914bc265bb4356720f02d527012ac9/element/f.55D52B01A6CDCCA2B6FF0BD62C4B110C.d.9ED138BDC913135CCA2988B13F7E2AE4.e.724/click - {}
RESULT: {}
RESULT: {}
COMMAND: POST /session/14914bc265bb4356720f02d527012ac9/execute/async - {"script":"<script> [1562 bytes]","args":[{"selector":{"id":"application-manageyards-display-component---NewYard--addressDetailDetailsCity1","interaction":{"idSuffix":"inner"}},"wdio_ui5_key":"applicationmanageyards-display-component---NewYard--addressDetailDetailsCity1"}]}
COMMAND: GET /session/14914bc265bb4356720f02d527012ac9/screenshot - {}
RESULT: {"script":"<script> [1562 bytes]","args":[{"selector":{"id":"application-manageyards-display-component---NewYard--addressDetailDetailsCity1","interaction":{"idSuffix":"inner"}},"wdio_ui5_key":"applicationmanageyards-display-component---NewYard--addressDetailDetailsCity1"}]}
RESULT: undefined
COMMAND: POST /session/14914bc265bb4356720f02d527012ac9/execute/async - {"script":"<script> [776 bytes]","args":[{"enterText":"Rosario","selector":{"id":"application-manageyards-display-component---NewYard--addressDetailDetailsCity1","interaction":{"idSuffix":"inner"}},"clearTextFirst":true,"interactionType":"ENTER_TEXT"}]}
RESULT: {}
RESULT: {"script":"<script> [776 bytes]","args":[{"enterText":"Rosario","selector":{"id":"application-manageyards-display-component---NewYard--addressDetailDetailsCity1","interaction":{"idSuffix":"inner"}},"clearTextFirst":true,"interactionType":"ENTER_TEXT"}]}
COMMAND: POST /session/14914bc265bb4356720f02d527012ac9/execute/async - {"script":"<script> [1562 bytes]","args":[{"selector":{"id":"application-manageyards-display-component---NewYard--addressDetailDetailsCountry-arrow"},"wdio_ui5_key":"applicationmanageyards-display-component---NewYard--addressDetailDetailsCountry-arrow"}]}
RESULT: {"script":"<script> [1562 bytes]","args":[{"selector":{"id":"application-manageyards-display-component---NewYard--addressDetailDetailsCountry-arrow"},"wdio_ui5_key":"applicationmanageyards-display-component---NewYard--addressDetailDetailsCountry-arrow"}]}
RESULT: undefined
COMMAND: POST /session/14914bc265bb4356720f02d527012ac9/element - {"using":"xpath","value":"//*[@id=\"application-manageyards-display-component---NewYard--addressDetailDetailsCountry-arrow\"]"}
RESULT: {"using":"xpath","value":"//*[@id=\"application-manageyards-display-component---NewYard--addressDetailDetailsCountry-arrow\"]"}
COMMAND: POST /session/14914bc265bb4356720f02d527012ac9/element/f.55D52B01A6CDCCA2B6FF0BD62C4B110C.d.9ED138BDC913135CCA2988B13F7E2AE4.e.726/click - {}
RESULT: {}
COMMAND: POST /session/14914bc265bb4356720f02d527012ac9/element - {"using":"xpath","value":"//span[contains(text(), \"Argentina\")]"}
COMMAND: GET /session/14914bc265bb4356720f02d527012ac9/screenshot - {}
RESULT: {"using":"xpath","value":"//span[contains(text(), \"Argentina\")]"}
COMMAND: POST /session/14914bc265bb4356720f02d527012ac9/element/f.55D52B01A6CDCCA2B6FF0BD62C4B110C.d.9ED138BDC913135CCA2988B13F7E2AE4.e.728/click - {}
RESULT: {}
RESULT: {}
COMMAND: POST /session/14914bc265bb4356720f02d527012ac9/execute/async - {"script":"<script> [1562 bytes]","args":[{"selector":{"id":"application-manageyards-display-component---NewYard--addressEditDetailsCostObjectCstType-arrow"},"wdio_ui5_key":"applicationmanageyards-display-component---NewYard--addressEditDetailsCostObjectCstType-arrow"}]}
COMMAND: GET /session/14914bc265bb4356720f02d527012ac9/screenshot - {}
RESULT: {"script":"<script> [1562 bytes]","args":[{"selector":{"id":"application-manageyards-display-component---NewYard--addressEditDetailsCostObjectCstType-arrow"},"wdio_ui5_key":"applicationmanageyards-display-component---NewYard--addressEditDetailsCostObjectCstType-arrow"}]}
RESULT: undefined
COMMAND: POST /session/14914bc265bb4356720f02d527012ac9/element - {"using":"xpath","value":"//*[@id=\"application-manageyards-display-component---NewYard--addressEditDetailsCostObjectCstType-arrow\"]"}
RESULT: {}
RESULT: {"using":"xpath","value":"//*[@id=\"application-manageyards-display-component---NewYard--addressEditDetailsCostObjectCstType-arrow\"]"}
COMMAND: POST /session/14914bc265bb4356720f02d527012ac9/element/f.55D52B01A6CDCCA2B6FF0BD62C4B110C.d.9ED138BDC913135CCA2988B13F7E2AE4.e.729/click - {}
RESULT: {}
COMMAND: POST /session/14914bc265bb4356720f02d527012ac9/element - {"using":"xpath","value":"//span[contains(text(), \"Cost Center\")]"}
COMMAND: GET /session/14914bc265bb4356720f02d527012ac9/screenshot - {}
RESULT: {"using":"xpath","value":"//span[contains(text(), \"Cost Center\")]"}
COMMAND: POST /session/14914bc265bb4356720f02d527012ac9/element/f.55D52B01A6CDCCA2B6FF0BD62C4B110C.d.9ED138BDC913135CCA2988B13F7E2AE4.e.730/click - {}
RESULT: {}
RESULT: {}
COMMAND: GET /session/14914bc265bb4356720f02d527012ac9/screenshot - {}
RESULT: {}
COMMAND: POST /session/14914bc265bb4356720f02d527012ac9/element - {"using":"xpath","value":"//span[@id=\"application-manageyards-display-component---NewYard--addressNewCostObjectCstID-vhi\"]"}
RESULT: {"using":"xpath","value":"//span[@id=\"application-manageyards-display-component---NewYard--addressNewCostObjectCstID-vhi\"]"}
COMMAND: POST /session/14914bc265bb4356720f02d527012ac9/execute/sync - {"script":"<script> [8489 bytes]","args":[{"element-6066-11e4-a52e-4f735466cecf":"f.55D52B01A6CDCCA2B6FF0BD62C4B110C.d.9ED138BDC913135CCA2988B13F7E2AE4.e.734","ELEMENT":"f.55D52B01A6CDCCA2B6FF0BD62C4B110C.d.9ED138BDC913135CCA2988B13F7E2AE4.e.734"}]}
RESULT: {"script":"<script> [8489 bytes]","args":[{"element-6066-11e4-a52e-4f735466cecf":"f.55D52B01A6CDCCA2B6FF0BD62C4B110C.d.9ED138BDC913135CCA2988B13F7E2AE4.e.734","ELEMENT":"f.55D52B01A6CDCCA2B6FF0BD62C4B110C.d.9ED138BDC913135CCA2988B13F7E2AE4.e.734"}]}
COMMAND: POST /session/14914bc265bb4356720f02d527012ac9/execute/async - {"script":"<script> [1562 bytes]","args":[{"selector":{"id":"application-manageyards-display-component---NewYard--addressNewCostObjectCstID-vhi"},"wdio_ui5_key":"applicationmanageyards-display-component---NewYard--addressNewCostObjectCstID-vhi"}]}
COMMAND: GET /session/14914bc265bb4356720f02d527012ac9/screenshot - {}
RESULT: {"script":"<script> [1562 bytes]","args":[{"selector":{"id":"application-manageyards-display-component---NewYard--addressNewCostObjectCstID-vhi"},"wdio_ui5_key":"applicationmanageyards-display-component---NewYard--addressNewCostObjectCstID-vhi"}]}
RESULT: undefined
COMMAND: POST /session/14914bc265bb4356720f02d527012ac9/element - {"using":"xpath","value":"//*[@id=\"application-manageyards-display-component---NewYard--addressNewCostObjectCstID-vhi\"]"}
RESULT: {}
RESULT: {"using":"xpath","value":"//*[@id=\"application-manageyards-display-component---NewYard--addressNewCostObjectCstID-vhi\"]"}
COMMAND: POST /session/14914bc265bb4356720f02d527012ac9/element/f.55D52B01A6CDCCA2B6FF0BD62C4B110C.d.9ED138BDC913135CCA2988B13F7E2AE4.e.734/click - {}
RESULT: {}
COMMAND: GET /session/14914bc265bb4356720f02d527012ac9/screenshot - {}
RESULT: {}
COMMAND: POST /session/14914bc265bb4356720f02d527012ac9/execute/async - {"script":"<script> [1562 bytes]","args":[{"selector":{"controlType":"sap.m.SearchField","properties":{"placeholder":"Search"},"searchOpenDialogs":true,"interaction":{"idSuffix":"I"}},"wdio_ui5_key":"sapm.SearchField{\"placeholder\":\"Search\"}"}]}
RESULT: {"script":"<script> [1562 bytes]","args":[{"selector":{"controlType":"sap.m.SearchField","properties":{"placeholder":"Search"},"searchOpenDialogs":true,"interaction":{"idSuffix":"I"}},"wdio_ui5_key":"sapm.SearchField{\"placeholder\":\"Search\"}"}]}
RESULT: undefined
COMMAND: POST /session/14914bc265bb4356720f02d527012ac9/execute/async - {"script":"<script> [776 bytes]","args":[{"enterText":"bauh_b","selector":{"controlType":"sap.m.SearchField","properties":{"placeholder":"Search"},"searchOpenDialogs":true,"interaction":{"idSuffix":"I"}},"clearTextFirst":true,"interactionType":"ENTER_TEXT"}]}
RESULT: {"script":"<script> [776 bytes]","args":[{"enterText":"bauh_b","selector":{"controlType":"sap.m.SearchField","properties":{"placeholder":"Search"},"searchOpenDialogs":true,"interaction":{"idSuffix":"I"}},"clearTextFirst":true,"interactionType":"ENTER_TEXT"}]}
COMMAND: POST /session/14914bc265bb4356720f02d527012ac9/actions - {"actions":[{"id":"action1","type":"key","parameters":{},"actions":[{"type":"keyDown","value":"î€‡"},{"type":"pause","duration":10},{"type":"keyUp","value":"î€‡"}]}]}
RESULT: {"actions":[{"id":"action1","type":"key","parameters":{},"actions":[{"type":"keyDown","value":"î€‡"},{"type":"pause","duration":10},{"type":"keyUp","value":"î€‡"}]}]}
COMMAND: GET /session/14914bc265bb4356720f02d527012ac9/screenshot - {}
RESULT: {}
COMMAND: POST /session/14914bc265bb4356720f02d527012ac9/element - {"using":"xpath","value":"//span[contains(text(), \"Demo Yard\")]"}
RESULT: {"using":"xpath","value":"//span[contains(text(), \"Demo Yard\")]"}
COMMAND: POST /session/14914bc265bb4356720f02d527012ac9/element/f.55D52B01A6CDCCA2B6FF0BD62C4B110C.d.9ED138BDC913135CCA2988B13F7E2AE4.e.774/click - {}
RESULT: {}
COMMAND: GET /session/14914bc265bb4356720f02d527012ac9/screenshot - {}
RESULT: {}
COMMAND: POST /session/14914bc265bb4356720f02d527012ac9/element - {"using":"xpath","value":"//bdi[contains(text(), \"OK\")]"}
RESULT: {"using":"xpath","value":"//bdi[contains(text(), \"OK\")]"}
COMMAND: POST /session/14914bc265bb4356720f02d527012ac9/element/f.55D52B01A6CDCCA2B6FF0BD62C4B110C.d.9ED138BDC913135CCA2988B13F7E2AE4.e.775/click - {}
RESULT: {}
COMMAND: GET /session/14914bc265bb4356720f02d527012ac9/screenshot - {}
RESULT: {}
COMMAND: POST /session/14914bc265bb4356720f02d527012ac9/execute/async - {"script":"<script> [1562 bytes]","args":[{"selector":{"id":"application-manageyards-display-component---NewYard--addressEditDetailsCurrency-arrow"},"wdio_ui5_key":"applicationmanageyards-display-component---NewYard--addressEditDetailsCurrency-arrow"}]}
RESULT: {"script":"<script> [1562 bytes]","args":[{"selector":{"id":"application-manageyards-display-component---NewYard--addressEditDetailsCurrency-arrow"},"wdio_ui5_key":"applicationmanageyards-display-component---NewYard--addressEditDetailsCurrency-arrow"}]}
RESULT: undefined
COMMAND: POST /session/14914bc265bb4356720f02d527012ac9/element - {"using":"xpath","value":"//*[@id=\"application-manageyards-display-component---NewYard--addressEditDetailsCurrency-arrow\"]"}
RESULT: {"using":"xpath","value":"//*[@id=\"application-manageyards-display-component---NewYard--addressEditDetailsCurrency-arrow\"]"}
COMMAND: POST /session/14914bc265bb4356720f02d527012ac9/element/f.55D52B01A6CDCCA2B6FF0BD62C4B110C.d.9ED138BDC913135CCA2988B13F7E2AE4.e.778/click - {}
RESULT: {}
COMMAND: POST /session/14914bc265bb4356720f02d527012ac9/element - {"using":"xpath","value":"//span[contains(text(), \"Euro\")]"}
COMMAND: GET /session/14914bc265bb4356720f02d527012ac9/screenshot - {}
RESULT: {"using":"xpath","value":"//span[contains(text(), \"Euro\")]"}
COMMAND: POST /session/14914bc265bb4356720f02d527012ac9/element/f.55D52B01A6CDCCA2B6FF0BD62C4B110C.d.9ED138BDC913135CCA2988B13F7E2AE4.e.779/click - {}
RESULT: {}
RESULT: {}
COMMAND: POST /session/14914bc265bb4356720f02d527012ac9/execute/async - {"script":"<script> [1562 bytes]","args":[{"selector":{"controlType":"sap.m.Input","viewName":"etm.portal.ui.manageyards.view.New","viewId":"application-manageyards-display-component---NewYard","bindingPath":{"path":"","propertyPath":"/CONTROLLING_AREA","modelName":"NewYardModel"},"interaction":{"idSuffix":"inner"}},"wdio_ui5_key":"etmportal.ui.manageyards.view.Newsap.m.Input{\"path\":\"\",\"propertyPath\":\"/CONTROLLING_AREA\",\"modelName\":\"NewYardModel\"}"}]}
COMMAND: GET /session/14914bc265bb4356720f02d527012ac9/screenshot - {}
RESULT: {"script":"<script> [1562 bytes]","args":[{"selector":{"controlType":"sap.m.Input","viewName":"etm.portal.ui.manageyards.view.New","viewId":"application-manageyards-display-component---NewYard","bindingPath":{"path":"","propertyPath":"/CONTROLLING_AREA","modelName":"NewYardModel"},"interaction":{"idSuffix":"inner"}},"wdio_ui5_key":"etmportal.ui.manageyards.view.Newsap.m.Input{\"path\":\"\",\"propertyPath\":\"/CONTROLLING_AREA\",\"modelName\":\"NewYardModel\"}"}]}
RESULT: undefined
COMMAND: POST /session/14914bc265bb4356720f02d527012ac9/execute/async - {"script":"<script> [776 bytes]","args":[{"enterText":"Z001","selector":{"controlType":"sap.m.Input","viewName":"etm.portal.ui.manageyards.view.New","viewId":"application-manageyards-display-component---NewYard","bindingPath":{"path":"","propertyPath":"/CONTROLLING_AREA","modelName":"NewYardModel"},"interaction":{"idSuffix":"inner"}},"clearTextFirst":true,"interactionType":"ENTER_TEXT"}]}
RESULT: {}
RESULT: {"script":"<script> [776 bytes]","args":[{"enterText":"Z001","selector":{"controlType":"sap.m.Input","viewName":"etm.portal.ui.manageyards.view.New","viewId":"application-manageyards-display-component---NewYard","bindingPath":{"path":"","propertyPath":"/CONTROLLING_AREA","modelName":"NewYardModel"},"interaction":{"idSuffix":"inner"}},"clearTextFirst":true,"interactionType":"ENTER_TEXT"}]}
COMMAND: POST /session/14914bc265bb4356720f02d527012ac9/execute/async - {"script":"<script> [1562 bytes]","args":[{"selector":{"id":"application-manageyards-display-component---NewYard--companyCodeComboBox","interaction":{"idSuffix":"inner"}},"wdio_ui5_key":"applicationmanageyards-display-component---NewYard--companyCodeComboBox"}]}
RESULT: {"script":"<script> [1562 bytes]","args":[{"selector":{"id":"application-manageyards-display-component---NewYard--companyCodeComboBox","interaction":{"idSuffix":"inner"}},"wdio_ui5_key":"applicationmanageyards-display-component---NewYard--companyCodeComboBox"}]}
RESULT: undefined
COMMAND: POST /session/14914bc265bb4356720f02d527012ac9/execute/async - {"script":"<script> [776 bytes]","args":[{"enterText":"1000","selector":{"id":"application-manageyards-display-component---NewYard--companyCodeComboBox","interaction":{"idSuffix":"inner"}},"clearTextFirst":true,"interactionType":"ENTER_TEXT"}]}
RESULT: {"script":"<script> [776 bytes]","args":[{"enterText":"1000","selector":{"id":"application-manageyards-display-component---NewYard--companyCodeComboBox","interaction":{"idSuffix":"inner"}},"clearTextFirst":true,"interactionType":"ENTER_TEXT"}]}
COMMAND: POST /session/14914bc265bb4356720f02d527012ac9/execute/async - {"script":"<script> [1562 bytes]","args":[{"selector":{"controlType":"sap.m.Input","viewName":"etm.portal.ui.manageyards.view.New","viewId":"application-manageyards-display-component---NewYard","bindingPath":{"path":"","propertyPath":"/PLANT","modelName":"NewYardModel"},"interaction":{"idSuffix":"inner"}},"wdio_ui5_key":"etmportal.ui.manageyards.view.Newsap.m.Input{\"path\":\"\",\"propertyPath\":\"/PLANT\",\"modelName\":\"NewYardModel\"}"}]}
RESULT: {"script":"<script> [1562 bytes]","args":[{"selector":{"controlType":"sap.m.Input","viewName":"etm.portal.ui.manageyards.view.New","viewId":"application-manageyards-display-component---NewYard","bindingPath":{"path":"","propertyPath":"/PLANT","modelName":"NewYardModel"},"interaction":{"idSuffix":"inner"}},"wdio_ui5_key":"etmportal.ui.manageyards.view.Newsap.m.Input{\"path\":\"\",\"propertyPath\":\"/PLANT\",\"modelName\":\"NewYardModel\"}"}]}
RESULT: undefined
COMMAND: POST /session/14914bc265bb4356720f02d527012ac9/execute/async - {"script":"<script> [776 bytes]","args":[{"enterText":"1001","selector":{"controlType":"sap.m.Input","viewName":"etm.portal.ui.manageyards.view.New","viewId":"application-manageyards-display-component---NewYard","bindingPath":{"path":"","propertyPath":"/PLANT","modelName":"NewYardModel"},"interaction":{"idSuffix":"inner"}},"clearTextFirst":true,"interactionType":"ENTER_TEXT"}]}
RESULT: {"script":"<script> [776 bytes]","args":[{"enterText":"1001","selector":{"controlType":"sap.m.Input","viewName":"etm.portal.ui.manageyards.view.New","viewId":"application-manageyards-display-component---NewYard","bindingPath":{"path":"","propertyPath":"/PLANT","modelName":"NewYardModel"},"interaction":{"idSuffix":"inner"}},"clearTextFirst":true,"interactionType":"ENTER_TEXT"}]}
COMMAND: POST /session/14914bc265bb4356720f02d527012ac9/execute/async - {"script":"<script> [1562 bytes]","args":[{"selector":{"controlType":"sap.m.Input","viewName":"etm.portal.ui.manageyards.view.New","viewId":"application-manageyards-display-component---NewYard","bindingPath":{"path":"","propertyPath":"/SALES_AREA_VKORG","modelName":"NewYardModel"},"interaction":{"idSuffix":"inner"}},"wdio_ui5_key":"etmportal.ui.manageyards.view.Newsap.m.Input{\"path\":\"\",\"propertyPath\":\"/SALES_AREA_VKORG\",\"modelName\":\"NewYardModel\"}"}]}
RESULT: {"script":"<script> [1562 bytes]","args":[{"selector":{"controlType":"sap.m.Input","viewName":"etm.portal.ui.manageyards.view.New","viewId":"application-manageyards-display-component---NewYard","bindingPath":{"path":"","propertyPath":"/SALES_AREA_VKORG","modelName":"NewYardModel"},"interaction":{"idSuffix":"inner"}},"wdio_ui5_key":"etmportal.ui.manageyards.view.Newsap.m.Input{\"path\":\"\",\"propertyPath\":\"/SALES_AREA_VKORG\",\"modelName\":\"NewYardModel\"}"}]}
RESULT: undefined
COMMAND: POST /session/14914bc265bb4356720f02d527012ac9/execute/async - {"script":"<script> [776 bytes]","args":[{"enterText":"C002","selector":{"controlType":"sap.m.Input","viewName":"etm.portal.ui.manageyards.view.New","viewId":"application-manageyards-display-component---NewYard","bindingPath":{"path":"","propertyPath":"/SALES_AREA_VKORG","modelName":"NewYardModel"},"interaction":{"idSuffix":"inner"}},"clearTextFirst":true,"interactionType":"ENTER_TEXT"}]}
RESULT: {"script":"<script> [776 bytes]","args":[{"enterText":"C002","selector":{"controlType":"sap.m.Input","viewName":"etm.portal.ui.manageyards.view.New","viewId":"application-manageyards-display-component---NewYard","bindingPath":{"path":"","propertyPath":"/SALES_AREA_VKORG","modelName":"NewYardModel"},"interaction":{"idSuffix":"inner"}},"clearTextFirst":true,"interactionType":"ENTER_TEXT"}]}
COMMAND: POST /session/14914bc265bb4356720f02d527012ac9/execute/async - {"script":"<script> [1562 bytes]","args":[{"selector":{"controlType":"sap.m.Input","viewName":"etm.portal.ui.manageyards.view.New","viewId":"application-manageyards-display-component---NewYard","bindingPath":{"path":"","propertyPath":"/SALES_AREA_VTWEG","modelName":"NewYardModel"},"interaction":{"idSuffix":"inner"}},"wdio_ui5_key":"etmportal.ui.manageyards.view.Newsap.m.Input{\"path\":\"\",\"propertyPath\":\"/SALES_AREA_VTWEG\",\"modelName\":\"NewYardModel\"}"}]}
RESULT: {"script":"<script> [1562 bytes]","args":[{"selector":{"controlType":"sap.m.Input","viewName":"etm.portal.ui.manageyards.view.New","viewId":"application-manageyards-display-component---NewYard","bindingPath":{"path":"","propertyPath":"/SALES_AREA_VTWEG","modelName":"NewYardModel"},"interaction":{"idSuffix":"inner"}},"wdio_ui5_key":"etmportal.ui.manageyards.view.Newsap.m.Input{\"path\":\"\",\"propertyPath\":\"/SALES_AREA_VTWEG\",\"modelName\":\"NewYardModel\"}"}]}
RESULT: undefined
COMMAND: POST /session/14914bc265bb4356720f02d527012ac9/execute/async - {"script":"<script> [776 bytes]","args":[{"enterText":"C2","selector":{"controlType":"sap.m.Input","viewName":"etm.portal.ui.manageyards.view.New","viewId":"application-manageyards-display-component---NewYard","bindingPath":{"path":"","propertyPath":"/SALES_AREA_VTWEG","modelName":"NewYardModel"},"interaction":{"idSuffix":"inner"}},"clearTextFirst":true,"interactionType":"ENTER_TEXT"}]}
RESULT: {"script":"<script> [776 bytes]","args":[{"enterText":"C2","selector":{"controlType":"sap.m.Input","viewName":"etm.portal.ui.manageyards.view.New","viewId":"application-manageyards-display-component---NewYard","bindingPath":{"path":"","propertyPath":"/SALES_AREA_VTWEG","modelName":"NewYardModel"},"interaction":{"idSuffix":"inner"}},"clearTextFirst":true,"interactionType":"ENTER_TEXT"}]}
COMMAND: POST /session/14914bc265bb4356720f02d527012ac9/execute/async - {"script":"<script> [1562 bytes]","args":[{"selector":{"controlType":"sap.m.Input","viewName":"etm.portal.ui.manageyards.view.New","viewId":"application-manageyards-display-component---NewYard","bindingPath":{"path":"","propertyPath":"/SALES_AREA_SPART","modelName":"NewYardModel"},"interaction":{"idSuffix":"inner"}},"wdio_ui5_key":"etmportal.ui.manageyards.view.Newsap.m.Input{\"path\":\"\",\"propertyPath\":\"/SALES_AREA_SPART\",\"modelName\":\"NewYardModel\"}"}]}
RESULT: {"script":"<script> [1562 bytes]","args":[{"selector":{"controlType":"sap.m.Input","viewName":"etm.portal.ui.manageyards.view.New","viewId":"application-manageyards-display-component---NewYard","bindingPath":{"path":"","propertyPath":"/SALES_AREA_SPART","modelName":"NewYardModel"},"interaction":{"idSuffix":"inner"}},"wdio_ui5_key":"etmportal.ui.manageyards.view.Newsap.m.Input{\"path\":\"\",\"propertyPath\":\"/SALES_AREA_SPART\",\"modelName\":\"NewYardModel\"}"}]}
RESULT: undefined
COMMAND: POST /session/14914bc265bb4356720f02d527012ac9/execute/async - {"script":"<script> [776 bytes]","args":[{"enterText":"C2","selector":{"controlType":"sap.m.Input","viewName":"etm.portal.ui.manageyards.view.New","viewId":"application-manageyards-display-component---NewYard","bindingPath":{"path":"","propertyPath":"/SALES_AREA_SPART","modelName":"NewYardModel"},"interaction":{"idSuffix":"inner"}},"clearTextFirst":true,"interactionType":"ENTER_TEXT"}]}
RESULT: {"script":"<script> [776 bytes]","args":[{"enterText":"C2","selector":{"controlType":"sap.m.Input","viewName":"etm.portal.ui.manageyards.view.New","viewId":"application-manageyards-display-component---NewYard","bindingPath":{"path":"","propertyPath":"/SALES_AREA_SPART","modelName":"NewYardModel"},"interaction":{"idSuffix":"inner"}},"clearTextFirst":true,"interactionType":"ENTER_TEXT"}]}
COMMAND: POST /session/14914bc265bb4356720f02d527012ac9/execute/async - {"script":"<script> [1562 bytes]","args":[{"selector":{"controlType":"sap.m.Input","viewName":"etm.portal.ui.manageyards.view.New","viewId":"application-manageyards-display-component---NewYard","bindingPath":{"path":"","propertyPath":"/SHIP_POINT","modelName":"NewYardModel"},"interaction":{"idSuffix":"inner"}},"wdio_ui5_key":"etmportal.ui.manageyards.view.Newsap.m.Input{\"path\":\"\",\"propertyPath\":\"/SHIP_POINT\",\"modelName\":\"NewYardModel\"}"}]}
RESULT: {"script":"<script> [1562 bytes]","args":[{"selector":{"controlType":"sap.m.Input","viewName":"etm.portal.ui.manageyards.view.New","viewId":"application-manageyards-display-component---NewYard","bindingPath":{"path":"","propertyPath":"/SHIP_POINT","modelName":"NewYardModel"},"interaction":{"idSuffix":"inner"}},"wdio_ui5_key":"etmportal.ui.manageyards.view.Newsap.m.Input{\"path\":\"\",\"propertyPath\":\"/SHIP_POINT\",\"modelName\":\"NewYardModel\"}"}]}
RESULT: undefined
COMMAND: POST /session/14914bc265bb4356720f02d527012ac9/execute/async - {"script":"<script> [776 bytes]","args":[{"enterText":"1710","selector":{"controlType":"sap.m.Input","viewName":"etm.portal.ui.manageyards.view.New","viewId":"application-manageyards-display-component---NewYard","bindingPath":{"path":"","propertyPath":"/SHIP_POINT","modelName":"NewYardModel"},"interaction":{"idSuffix":"inner"}},"clearTextFirst":true,"interactionType":"ENTER_TEXT"}]}
RESULT: {"script":"<script> [776 bytes]","args":[{"enterText":"1710","selector":{"controlType":"sap.m.Input","viewName":"etm.portal.ui.manageyards.view.New","viewId":"application-manageyards-display-component---NewYard","bindingPath":{"path":"","propertyPath":"/SHIP_POINT","modelName":"NewYardModel"},"interaction":{"idSuffix":"inner"}},"clearTextFirst":true,"interactionType":"ENTER_TEXT"}]}
COMMAND: POST /session/14914bc265bb4356720f02d527012ac9/execute/async - {"script":"<script> [1562 bytes]","args":[{"selector":{"controlType":"sap.m.Input","viewName":"etm.portal.ui.manageyards.view.New","viewId":"application-manageyards-display-component---NewYard","bindingPath":{"path":"","propertyPath":"/DELIVERY_TYPE","modelName":"NewYardModel"},"interaction":{"idSuffix":"inner"}},"wdio_ui5_key":"etmportal.ui.manageyards.view.Newsap.m.Input{\"path\":\"\",\"propertyPath\":\"/DELIVERY_TYPE\",\"modelName\":\"NewYardModel\"}"}]}
RESULT: {"script":"<script> [1562 bytes]","args":[{"selector":{"controlType":"sap.m.Input","viewName":"etm.portal.ui.manageyards.view.New","viewId":"application-manageyards-display-component---NewYard","bindingPath":{"path":"","propertyPath":"/DELIVERY_TYPE","modelName":"NewYardModel"},"interaction":{"idSuffix":"inner"}},"wdio_ui5_key":"etmportal.ui.manageyards.view.Newsap.m.Input{\"path\":\"\",\"propertyPath\":\"/DELIVERY_TYPE\",\"modelName\":\"NewYardModel\"}"}]}
RESULT: undefined
COMMAND: POST /session/14914bc265bb4356720f02d527012ac9/execute/async - {"script":"<script> [776 bytes]","args":[{"enterText":"ZL01","selector":{"controlType":"sap.m.Input","viewName":"etm.portal.ui.manageyards.view.New","viewId":"application-manageyards-display-component---NewYard","bindingPath":{"path":"","propertyPath":"/DELIVERY_TYPE","modelName":"NewYardModel"},"interaction":{"idSuffix":"inner"}},"clearTextFirst":true,"interactionType":"ENTER_TEXT"}]}
RESULT: {"script":"<script> [776 bytes]","args":[{"enterText":"ZL01","selector":{"controlType":"sap.m.Input","viewName":"etm.portal.ui.manageyards.view.New","viewId":"application-manageyards-display-component---NewYard","bindingPath":{"path":"","propertyPath":"/DELIVERY_TYPE","modelName":"NewYardModel"},"interaction":{"idSuffix":"inner"}},"clearTextFirst":true,"interactionType":"ENTER_TEXT"}]}
COMMAND: POST /session/14914bc265bb4356720f02d527012ac9/execute/async - {"script":"<script> [1562 bytes]","args":[{"selector":{"controlType":"sap.m.Input","viewName":"etm.portal.ui.manageyards.view.New","viewId":"application-manageyards-display-component---NewYard","bindingPath":{"path":"","propertyPath":"/AUART","modelName":"NewYardModel"},"interaction":{"idSuffix":"inner"}},"wdio_ui5_key":"etmportal.ui.manageyards.view.Newsap.m.Input{\"path\":\"\",\"propertyPath\":\"/AUART\",\"modelName\":\"NewYardModel\"}"}]}
RESULT: {"script":"<script> [1562 bytes]","args":[{"selector":{"controlType":"sap.m.Input","viewName":"etm.portal.ui.manageyards.view.New","viewId":"application-manageyards-display-component---NewYard","bindingPath":{"path":"","propertyPath":"/AUART","modelName":"NewYardModel"},"interaction":{"idSuffix":"inner"}},"wdio_ui5_key":"etmportal.ui.manageyards.view.Newsap.m.Input{\"path\":\"\",\"propertyPath\":\"/AUART\",\"modelName\":\"NewYardModel\"}"}]}
RESULT: undefined
COMMAND: POST /session/14914bc265bb4356720f02d527012ac9/execute/async - {"script":"<script> [776 bytes]","args":[{"enterText":"TA","selector":{"controlType":"sap.m.Input","viewName":"etm.portal.ui.manageyards.view.New","viewId":"application-manageyards-display-component---NewYard","bindingPath":{"path":"","propertyPath":"/AUART","modelName":"NewYardModel"},"interaction":{"idSuffix":"inner"}},"clearTextFirst":true,"interactionType":"ENTER_TEXT"}]}
RESULT: {"script":"<script> [776 bytes]","args":[{"enterText":"TA","selector":{"controlType":"sap.m.Input","viewName":"etm.portal.ui.manageyards.view.New","viewId":"application-manageyards-display-component---NewYard","bindingPath":{"path":"","propertyPath":"/AUART","modelName":"NewYardModel"},"interaction":{"idSuffix":"inner"}},"clearTextFirst":true,"interactionType":"ENTER_TEXT"}]}
COMMAND: POST /session/14914bc265bb4356720f02d527012ac9/element - {"using":"xpath","value":"//button[@data-kt=\"newYardSaveButton\"]"}
RESULT: {"using":"xpath","value":"//button[@data-kt=\"newYardSaveButton\"]"}
COMMAND: POST /session/14914bc265bb4356720f02d527012ac9/element/f.55D52B01A6CDCCA2B6FF0BD62C4B110C.d.9ED138BDC913135CCA2988B13F7E2AE4.e.694/click - {}
RESULT: {}
COMMAND: GET /session/14914bc265bb4356720f02d527012ac9/screenshot - {}
RESULT: {}
COMMAND: POST /session/14914bc265bb4356720f02d527012ac9/element - {"using":"xpath","value":"//header[contains(@id, 'ObjectPageLayout-headerTitle')]/div[1]/div[2]/div[1]/span[1]"}
RESULT: {"using":"xpath","value":"//header[contains(@id, 'ObjectPageLayout-headerTitle')]/div[1]/div[2]/div[1]/span[1]"}
COMMAND: POST /session/14914bc265bb4356720f02d527012ac9/elements - {"using":"xpath","value":"//header[contains(@id, 'ObjectPageLayout-headerTitle')]/div[1]/div[2]/div[1]/span[1]"}
RESULT: {"using":"xpath","value":"//header[contains(@id, 'ObjectPageLayout-headerTitle')]/div[1]/div[2]/div[1]/span[1]"}
COMMAND: POST /session/14914bc265bb4356720f02d527012ac9/execute/sync - {"script":"<script> [56 bytes]","args":[{"element-6066-11e4-a52e-4f735466cecf":"f.55D52B01A6CDCCA2B6FF0BD62C4B110C.d.9ED138BDC913135CCA2988B13F7E2AE4.e.990","ELEMENT":"f.55D52B01A6CDCCA2B6FF0BD62C4B110C.d.9ED138BDC913135CCA2988B13F7E2AE4.e.990"}]}
RESULT: {"script":"<script> [56 bytes]","args":[{"element-6066-11e4-a52e-4f735466cecf":"f.55D52B01A6CDCCA2B6FF0BD62C4B110C.d.9ED138BDC913135CCA2988B13F7E2AE4.e.990","ELEMENT":"f.55D52B01A6CDCCA2B6FF0BD62C4B110C.d.9ED138BDC913135CCA2988B13F7E2AE4.e.990"}]}
COMMAND: GET /session/14914bc265bb4356720f02d527012ac9/screenshot - {}
RESULT: {}
COMMAND: POST /session/14914bc265bb4356720f02d527012ac9/element - {"using":"css selector","value":"#shell-header-logo"}
RESULT: {"using":"css selector","value":"#shell-header-logo"}
COMMAND: POST /session/14914bc265bb4356720f02d527012ac9/element/f.55D52B01A6CDCCA2B6FF0BD62C4B110C.d.9ED138BDC913135CCA2988B13F7E2AE4.e.281/click - {}
RESULT: {}
COMMAND: GET /session/14914bc265bb4356720f02d527012ac9/screenshot - {}
RESULT: {}
COMMAND: POST /session/14914bc265bb4356720f02d527012ac9/execute/sync - {"script":"<script> [299 bytes]","args":[["getModel","getResource"]]}
RESULT: {"script":"<script> [299 bytes]","args":[["getModel","getResource"]]}
COMMAND: GET /session/14914bc265bb4356720f02d527012ac9/screenshot - {}
]]></system-out>
    </testcase>
    <testcase classname="chrome.137_0_7151_69.windows.Prerequisites_&amp;_test_for_yard_mass_return_on_Yard_Overview_US131057" name="Prereq Should create a new partner" time="136.166">
      <system-out><![CDATA[
COMMAND: POST /session/14914bc265bb4356720f02d527012ac9/window/fullscreen - {}
RESULT: {}
RESULT: {}
COMMAND: POST /session/14914bc265bb4356720f02d527012ac9/execute/async - {"script":"<script> [1562 bytes]","args":[{"selector":{"controlType":"sap.m.GenericTile","properties":{"header":"Manage Partners"}},"wdio_ui5_key":"sapm.GenericTile{\"header\":\"Manage Partners\"}"}]}
RESULT: {"script":"<script> [1562 bytes]","args":[{"selector":{"controlType":"sap.m.GenericTile","properties":{"header":"Manage Partners"}},"wdio_ui5_key":"sapm.GenericTile{\"header\":\"Manage Partners\"}"}]}
RESULT: undefined
COMMAND: POST /session/14914bc265bb4356720f02d527012ac9/element - {"using":"xpath","value":"//*[@id=\"__tile39\"]"}
RESULT: {"using":"xpath","value":"//*[@id=\"__tile39\"]"}
COMMAND: POST /session/14914bc265bb4356720f02d527012ac9/element/f.55D52B01A6CDCCA2B6FF0BD62C4B110C.d.9ED138BDC913135CCA2988B13F7E2AE4.e.166/click - {}
RESULT: {}
COMMAND: GET /session/14914bc265bb4356720f02d527012ac9/screenshot - {}
RESULT: {}
COMMAND: POST /session/14914bc265bb4356720f02d527012ac9/elements - {"using":"xpath","value":"//span[text()='Error']"}
RESULT: {"using":"xpath","value":"//span[text()='Error']"}
COMMAND: POST /session/14914bc265bb4356720f02d527012ac9/element - {"using":"xpath","value":"//button[@data-kt=\"addButton\"]"}
RESULT: {"using":"xpath","value":"//button[@data-kt=\"addButton\"]"}
COMMAND: POST /session/14914bc265bb4356720f02d527012ac9/elements - {"using":"xpath","value":"//button[@data-kt=\"addButton\"]"}
RESULT: {"using":"xpath","value":"//button[@data-kt=\"addButton\"]"}
COMMAND: POST /session/14914bc265bb4356720f02d527012ac9/elements - {"using":"xpath","value":"//button[@data-kt=\"addButton\"]"}
RESULT: {"using":"xpath","value":"//button[@data-kt=\"addButton\"]"}
COMMAND: POST /session/14914bc265bb4356720f02d527012ac9/element - {"using":"xpath","value":"//button[@data-kt=\"addButton\"]"}
RESULT: {"using":"xpath","value":"//button[@data-kt=\"addButton\"]"}
COMMAND: POST /session/14914bc265bb4356720f02d527012ac9/execute/sync - {"script":"<script> [8489 bytes]","args":[{"element-6066-11e4-a52e-4f735466cecf":"f.55D52B01A6CDCCA2B6FF0BD62C4B110C.d.9ED138BDC913135CCA2988B13F7E2AE4.e.1029","ELEMENT":"f.55D52B01A6CDCCA2B6FF0BD62C4B110C.d.9ED138BDC913135CCA2988B13F7E2AE4.e.1029"}]}
RESULT: {"script":"<script> [8489 bytes]","args":[{"element-6066-11e4-a52e-4f735466cecf":"f.55D52B01A6CDCCA2B6FF0BD62C4B110C.d.9ED138BDC913135CCA2988B13F7E2AE4.e.1029","ELEMENT":"f.55D52B01A6CDCCA2B6FF0BD62C4B110C.d.9ED138BDC913135CCA2988B13F7E2AE4.e.1029"}]}
COMMAND: GET /session/14914bc265bb4356720f02d527012ac9/element/f.55D52B01A6CDCCA2B6FF0BD62C4B110C.d.9ED138BDC913135CCA2988B13F7E2AE4.e.1029/enabled - {}
COMMAND: GET /session/14914bc265bb4356720f02d527012ac9/screenshot - {}
RESULT: {}
COMMAND: POST /session/14914bc265bb4356720f02d527012ac9/execute/sync - {"script":"<script> [8489 bytes]","args":[{"element-6066-11e4-a52e-4f735466cecf":"f.55D52B01A6CDCCA2B6FF0BD62C4B110C.d.9ED138BDC913135CCA2988B13F7E2AE4.e.1029","ELEMENT":"f.55D52B01A6CDCCA2B6FF0BD62C4B110C.d.9ED138BDC913135CCA2988B13F7E2AE4.e.1029"}]}
COMMAND: GET /session/14914bc265bb4356720f02d527012ac9/screenshot - {}
RESULT: {}
RESULT: {"script":"<script> [8489 bytes]","args":[{"element-6066-11e4-a52e-4f735466cecf":"f.55D52B01A6CDCCA2B6FF0BD62C4B110C.d.9ED138BDC913135CCA2988B13F7E2AE4.e.1029","ELEMENT":"f.55D52B01A6CDCCA2B6FF0BD62C4B110C.d.9ED138BDC913135CCA2988B13F7E2AE4.e.1029"}]}
COMMAND: POST /session/14914bc265bb4356720f02d527012ac9/execute/sync - {"script":"<script> [5351 bytes]","args":[{"element-6066-11e4-a52e-4f735466cecf":"f.55D52B01A6CDCCA2B6FF0BD62C4B110C.d.9ED138BDC913135CCA2988B13F7E2AE4.e.1029","ELEMENT":"f.55D52B01A6CDCCA2B6FF0BD62C4B110C.d.9ED138BDC913135CCA2988B13F7E2AE4.e.1029"}]}
COMMAND: GET /session/14914bc265bb4356720f02d527012ac9/screenshot - {}
RESULT: {}
RESULT: {"script":"<script> [5351 bytes]","args":[{"element-6066-11e4-a52e-4f735466cecf":"f.55D52B01A6CDCCA2B6FF0BD62C4B110C.d.9ED138BDC913135CCA2988B13F7E2AE4.e.1029","ELEMENT":"f.55D52B01A6CDCCA2B6FF0BD62C4B110C.d.9ED138BDC913135CCA2988B13F7E2AE4.e.1029"}]}
COMMAND: POST /session/14914bc265bb4356720f02d527012ac9/element/f.55D52B01A6CDCCA2B6FF0BD62C4B110C.d.9ED138BDC913135CCA2988B13F7E2AE4.e.1029/click - {}
COMMAND: GET /session/14914bc265bb4356720f02d527012ac9/screenshot - {}
RESULT: {}
RESULT: {}
COMMAND: GET /session/14914bc265bb4356720f02d527012ac9/screenshot - {}
RESULT: {}
RESULT: {}
COMMAND: POST /session/14914bc265bb4356720f02d527012ac9/execute/async - {"script":"<script> [1562 bytes]","args":[{"selector":{"id":"application-managepartners-display-component---NewPartner--addressDetailDetailsName1","interaction":{"idSuffix":"inner"}},"wdio_ui5_key":"applicationmanagepartners-display-component---NewPartner--addressDetailDetailsName1"}]}
RESULT: {"script":"<script> [1562 bytes]","args":[{"selector":{"id":"application-managepartners-display-component---NewPartner--addressDetailDetailsName1","interaction":{"idSuffix":"inner"}},"wdio_ui5_key":"applicationmanagepartners-display-component---NewPartner--addressDetailDetailsName1"}]}
RESULT: undefined
COMMAND: POST /session/14914bc265bb4356720f02d527012ac9/execute/async - {"script":"<script> [776 bytes]","args":[{"enterText":"Intracompany Partner WDIO","selector":{"id":"application-managepartners-display-component---NewPartner--addressDetailDetailsName1","interaction":{"idSuffix":"inner"}},"clearTextFirst":true,"interactionType":"ENTER_TEXT"}]}
RESULT: {"script":"<script> [776 bytes]","args":[{"enterText":"Intracompany Partner WDIO","selector":{"id":"application-managepartners-display-component---NewPartner--addressDetailDetailsName1","interaction":{"idSuffix":"inner"}},"clearTextFirst":true,"interactionType":"ENTER_TEXT"}]}
COMMAND: POST /session/14914bc265bb4356720f02d527012ac9/execute/async - {"script":"<script> [1562 bytes]","args":[{"selector":{"id":"application-managepartners-display-component---NewPartner--addressDetailDetailsLanguage-arrow"},"wdio_ui5_key":"applicationmanagepartners-display-component---NewPartner--addressDetailDetailsLanguage-arrow"}]}
RESULT: {"script":"<script> [1562 bytes]","args":[{"selector":{"id":"application-managepartners-display-component---NewPartner--addressDetailDetailsLanguage-arrow"},"wdio_ui5_key":"applicationmanagepartners-display-component---NewPartner--addressDetailDetailsLanguage-arrow"}]}
RESULT: undefined
COMMAND: POST /session/14914bc265bb4356720f02d527012ac9/element - {"using":"xpath","value":"//*[@id=\"application-managepartners-display-component---NewPartner--addressDetailDetailsLanguage-arrow\"]"}
RESULT: {"using":"xpath","value":"//*[@id=\"application-managepartners-display-component---NewPartner--addressDetailDetailsLanguage-arrow\"]"}
COMMAND: POST /session/14914bc265bb4356720f02d527012ac9/element/f.55D52B01A6CDCCA2B6FF0BD62C4B110C.d.9ED138BDC913135CCA2988B13F7E2AE4.e.1362/click - {}
RESULT: {}
COMMAND: POST /session/14914bc265bb4356720f02d527012ac9/element - {"using":"xpath","value":"//span[contains(text(), \"English\")]"}
COMMAND: GET /session/14914bc265bb4356720f02d527012ac9/screenshot - {}
RESULT: {"using":"xpath","value":"//span[contains(text(), \"English\")]"}
COMMAND: POST /session/14914bc265bb4356720f02d527012ac9/element/f.55D52B01A6CDCCA2B6FF0BD62C4B110C.d.9ED138BDC913135CCA2988B13F7E2AE4.e.1363/click - {}
RESULT: {}
RESULT: {}
COMMAND: GET /session/14914bc265bb4356720f02d527012ac9/screenshot - {}
RESULT: {}
COMMAND: POST /session/14914bc265bb4356720f02d527012ac9/execute/async - {"script":"<script> [1562 bytes]","args":[{"selector":{"id":"application-managepartners-display-component---NewPartner--addressDetailDetailsCity1","interaction":{"idSuffix":"inner"}},"wdio_ui5_key":"applicationmanagepartners-display-component---NewPartner--addressDetailDetailsCity1"}]}
RESULT: {"script":"<script> [1562 bytes]","args":[{"selector":{"id":"application-managepartners-display-component---NewPartner--addressDetailDetailsCity1","interaction":{"idSuffix":"inner"}},"wdio_ui5_key":"applicationmanagepartners-display-component---NewPartner--addressDetailDetailsCity1"}]}
RESULT: undefined
COMMAND: POST /session/14914bc265bb4356720f02d527012ac9/execute/async - {"script":"<script> [776 bytes]","args":[{"enterText":"Rosario","selector":{"id":"application-managepartners-display-component---NewPartner--addressDetailDetailsCity1","interaction":{"idSuffix":"inner"}},"clearTextFirst":true,"interactionType":"ENTER_TEXT"}]}
RESULT: {"script":"<script> [776 bytes]","args":[{"enterText":"Rosario","selector":{"id":"application-managepartners-display-component---NewPartner--addressDetailDetailsCity1","interaction":{"idSuffix":"inner"}},"clearTextFirst":true,"interactionType":"ENTER_TEXT"}]}
COMMAND: POST /session/14914bc265bb4356720f02d527012ac9/execute/async - {"script":"<script> [1562 bytes]","args":[{"selector":{"id":"application-managepartners-display-component---NewPartner--addressDetailDetailsCountry-arrow"},"wdio_ui5_key":"applicationmanagepartners-display-component---NewPartner--addressDetailDetailsCountry-arrow"}]}
RESULT: {"script":"<script> [1562 bytes]","args":[{"selector":{"id":"application-managepartners-display-component---NewPartner--addressDetailDetailsCountry-arrow"},"wdio_ui5_key":"applicationmanagepartners-display-component---NewPartner--addressDetailDetailsCountry-arrow"}]}
RESULT: undefined
COMMAND: POST /session/14914bc265bb4356720f02d527012ac9/element - {"using":"xpath","value":"//*[@id=\"application-managepartners-display-component---NewPartner--addressDetailDetailsCountry-arrow\"]"}
RESULT: {"using":"xpath","value":"//*[@id=\"application-managepartners-display-component---NewPartner--addressDetailDetailsCountry-arrow\"]"}
COMMAND: POST /session/14914bc265bb4356720f02d527012ac9/element/f.55D52B01A6CDCCA2B6FF0BD62C4B110C.d.9ED138BDC913135CCA2988B13F7E2AE4.e.1349/click - {}
RESULT: {}
COMMAND: POST /session/14914bc265bb4356720f02d527012ac9/element - {"using":"xpath","value":"//span[contains(text(), \"Argentina\")]"}
COMMAND: GET /session/14914bc265bb4356720f02d527012ac9/screenshot - {}
RESULT: {"using":"xpath","value":"//span[contains(text(), \"Argentina\")]"}
COMMAND: POST /session/14914bc265bb4356720f02d527012ac9/element/f.55D52B01A6CDCCA2B6FF0BD62C4B110C.d.9ED138BDC913135CCA2988B13F7E2AE4.e.1365/click - {}
RESULT: {}
RESULT: {}
COMMAND: GET /session/14914bc265bb4356720f02d527012ac9/screenshot - {}
RESULT: {}
COMMAND: POST /session/14914bc265bb4356720f02d527012ac9/element - {"using":"xpath","value":"//bdi[contains(text(), \"Commercial\")]"}
RESULT: {"using":"xpath","value":"//bdi[contains(text(), \"Commercial\")]"}
COMMAND: POST /session/14914bc265bb4356720f02d527012ac9/element/f.55D52B01A6CDCCA2B6FF0BD62C4B110C.d.9ED138BDC913135CCA2988B13F7E2AE4.e.1366/click - {}
RESULT: {}
COMMAND: GET /session/14914bc265bb4356720f02d527012ac9/screenshot - {}
RESULT: {}
COMMAND: POST /session/14914bc265bb4356720f02d527012ac9/execute/async - {"script":"<script> [1562 bytes]","args":[{"selector":{"id":"application-managepartners-display-component---NewPartner--partnerDetailInternal-arrow"},"wdio_ui5_key":"applicationmanagepartners-display-component---NewPartner--partnerDetailInternal-arrow"}]}
RESULT: {"script":"<script> [1562 bytes]","args":[{"selector":{"id":"application-managepartners-display-component---NewPartner--partnerDetailInternal-arrow"},"wdio_ui5_key":"applicationmanagepartners-display-component---NewPartner--partnerDetailInternal-arrow"}]}
RESULT: undefined
COMMAND: POST /session/14914bc265bb4356720f02d527012ac9/element - {"using":"xpath","value":"//*[@id=\"application-managepartners-display-component---NewPartner--partnerDetailInternal-arrow\"]"}
RESULT: {"using":"xpath","value":"//*[@id=\"application-managepartners-display-component---NewPartner--partnerDetailInternal-arrow\"]"}
COMMAND: POST /session/14914bc265bb4356720f02d527012ac9/element/f.55D52B01A6CDCCA2B6FF0BD62C4B110C.d.9ED138BDC913135CCA2988B13F7E2AE4.e.1372/click - {}
RESULT: {}
COMMAND: POST /session/14914bc265bb4356720f02d527012ac9/element - {"using":"xpath","value":"//span[contains(text(), \"Affiliated company\")]"}
COMMAND: GET /session/14914bc265bb4356720f02d527012ac9/screenshot - {}
RESULT: {"using":"xpath","value":"//span[contains(text(), \"Affiliated company\")]"}
COMMAND: POST /session/14914bc265bb4356720f02d527012ac9/element/f.55D52B01A6CDCCA2B6FF0BD62C4B110C.d.9ED138BDC913135CCA2988B13F7E2AE4.e.1373/click - {}
RESULT: {}
RESULT: {}
COMMAND: POST /session/14914bc265bb4356720f02d527012ac9/execute/async - {"script":"<script> [1562 bytes]","args":[{"selector":{"id":"application-managepartners-display-component---NewPartner--partnerDetailsCurrency-arrow"},"wdio_ui5_key":"applicationmanagepartners-display-component---NewPartner--partnerDetailsCurrency-arrow"}]}
COMMAND: GET /session/14914bc265bb4356720f02d527012ac9/screenshot - {}
RESULT: {"script":"<script> [1562 bytes]","args":[{"selector":{"id":"application-managepartners-display-component---NewPartner--partnerDetailsCurrency-arrow"},"wdio_ui5_key":"applicationmanagepartners-display-component---NewPartner--partnerDetailsCurrency-arrow"}]}
RESULT: undefined
COMMAND: POST /session/14914bc265bb4356720f02d527012ac9/element - {"using":"xpath","value":"//*[@id=\"application-managepartners-display-component---NewPartner--partnerDetailsCurrency-arrow\"]"}
RESULT: {}
RESULT: {"using":"xpath","value":"//*[@id=\"application-managepartners-display-component---NewPartner--partnerDetailsCurrency-arrow\"]"}
COMMAND: POST /session/14914bc265bb4356720f02d527012ac9/element/f.55D52B01A6CDCCA2B6FF0BD62C4B110C.d.9ED138BDC913135CCA2988B13F7E2AE4.e.1380/click - {}
RESULT: {}
COMMAND: POST /session/14914bc265bb4356720f02d527012ac9/element - {"using":"xpath","value":"//span[contains(text(), \"Euro\")]"}
COMMAND: GET /session/14914bc265bb4356720f02d527012ac9/screenshot - {}
RESULT: {"using":"xpath","value":"//span[contains(text(), \"Euro\")]"}
COMMAND: POST /session/14914bc265bb4356720f02d527012ac9/element/f.55D52B01A6CDCCA2B6FF0BD62C4B110C.d.9ED138BDC913135CCA2988B13F7E2AE4.e.1381/click - {}
RESULT: {}
RESULT: {}
COMMAND: POST /session/14914bc265bb4356720f02d527012ac9/execute/async - {"script":"<script> [1562 bytes]","args":[{"selector":{"id":"application-managepartners-display-component---NewPartner--addressEditDetailsCostObjectCstType-arrow"},"wdio_ui5_key":"applicationmanagepartners-display-component---NewPartner--addressEditDetailsCostObjectCstType-arrow"}]}
COMMAND: GET /session/14914bc265bb4356720f02d527012ac9/screenshot - {}
RESULT: {"script":"<script> [1562 bytes]","args":[{"selector":{"id":"application-managepartners-display-component---NewPartner--addressEditDetailsCostObjectCstType-arrow"},"wdio_ui5_key":"applicationmanagepartners-display-component---NewPartner--addressEditDetailsCostObjectCstType-arrow"}]}
RESULT: undefined
COMMAND: POST /session/14914bc265bb4356720f02d527012ac9/element - {"using":"xpath","value":"//*[@id=\"application-managepartners-display-component---NewPartner--addressEditDetailsCostObjectCstType-arrow\"]"}
RESULT: {}
RESULT: {"using":"xpath","value":"//*[@id=\"application-managepartners-display-component---NewPartner--addressEditDetailsCostObjectCstType-arrow\"]"}
COMMAND: POST /session/14914bc265bb4356720f02d527012ac9/element/f.55D52B01A6CDCCA2B6FF0BD62C4B110C.d.9ED138BDC913135CCA2988B13F7E2AE4.e.1382/click - {}
RESULT: {}
COMMAND: POST /session/14914bc265bb4356720f02d527012ac9/element - {"using":"xpath","value":"//span[contains(text(), \"Cost Center\")]"}
COMMAND: GET /session/14914bc265bb4356720f02d527012ac9/screenshot - {}
RESULT: {"using":"xpath","value":"//span[contains(text(), \"Cost Center\")]"}
COMMAND: POST /session/14914bc265bb4356720f02d527012ac9/element/f.55D52B01A6CDCCA2B6FF0BD62C4B110C.d.9ED138BDC913135CCA2988B13F7E2AE4.e.1383/click - {}
RESULT: {}
RESULT: {}
COMMAND: GET /session/14914bc265bb4356720f02d527012ac9/screenshot - {}
RESULT: {}
COMMAND: POST /session/14914bc265bb4356720f02d527012ac9/element - {"using":"xpath","value":"//span[@id=\"application-managepartners-display-component---NewPartner--addressNewCostObjectCstID-vhi\"]"}
RESULT: {"using":"xpath","value":"//span[@id=\"application-managepartners-display-component---NewPartner--addressNewCostObjectCstID-vhi\"]"}
COMMAND: POST /session/14914bc265bb4356720f02d527012ac9/execute/sync - {"script":"<script> [8489 bytes]","args":[{"element-6066-11e4-a52e-4f735466cecf":"f.55D52B01A6CDCCA2B6FF0BD62C4B110C.d.9ED138BDC913135CCA2988B13F7E2AE4.e.1387","ELEMENT":"f.55D52B01A6CDCCA2B6FF0BD62C4B110C.d.9ED138BDC913135CCA2988B13F7E2AE4.e.1387"}]}
RESULT: {"script":"<script> [8489 bytes]","args":[{"element-6066-11e4-a52e-4f735466cecf":"f.55D52B01A6CDCCA2B6FF0BD62C4B110C.d.9ED138BDC913135CCA2988B13F7E2AE4.e.1387","ELEMENT":"f.55D52B01A6CDCCA2B6FF0BD62C4B110C.d.9ED138BDC913135CCA2988B13F7E2AE4.e.1387"}]}
COMMAND: POST /session/14914bc265bb4356720f02d527012ac9/execute/async - {"script":"<script> [1562 bytes]","args":[{"selector":{"id":"application-managepartners-display-component---NewPartner--addressNewCostObjectCstID-vhi"},"wdio_ui5_key":"applicationmanagepartners-display-component---NewPartner--addressNewCostObjectCstID-vhi"}]}
COMMAND: GET /session/14914bc265bb4356720f02d527012ac9/screenshot - {}
RESULT: {"script":"<script> [1562 bytes]","args":[{"selector":{"id":"application-managepartners-display-component---NewPartner--addressNewCostObjectCstID-vhi"},"wdio_ui5_key":"applicationmanagepartners-display-component---NewPartner--addressNewCostObjectCstID-vhi"}]}
RESULT: undefined
COMMAND: POST /session/14914bc265bb4356720f02d527012ac9/element - {"using":"xpath","value":"//*[@id=\"application-managepartners-display-component---NewPartner--addressNewCostObjectCstID-vhi\"]"}
RESULT: {}
RESULT: {"using":"xpath","value":"//*[@id=\"application-managepartners-display-component---NewPartner--addressNewCostObjectCstID-vhi\"]"}
COMMAND: POST /session/14914bc265bb4356720f02d527012ac9/element/f.55D52B01A6CDCCA2B6FF0BD62C4B110C.d.9ED138BDC913135CCA2988B13F7E2AE4.e.1387/click - {}
RESULT: {}
COMMAND: GET /session/14914bc265bb4356720f02d527012ac9/screenshot - {}
RESULT: {}
RESULT: undefined
COMMAND: POST /session/14914bc265bb4356720f02d527012ac9/execute/async - {"script":"<script> [776 bytes]","args":[{"enterText":"10001013","selector":{"controlType":"sap.m.SearchField","properties":{"placeholder":"Search"},"searchOpenDialogs":true,"interaction":{"idSuffix":"I"}},"clearTextFirst":true,"interactionType":"ENTER_TEXT"}]}
RESULT: {"script":"<script> [776 bytes]","args":[{"enterText":"10001013","selector":{"controlType":"sap.m.SearchField","properties":{"placeholder":"Search"},"searchOpenDialogs":true,"interaction":{"idSuffix":"I"}},"clearTextFirst":true,"interactionType":"ENTER_TEXT"}]}
COMMAND: POST /session/14914bc265bb4356720f02d527012ac9/actions - {"actions":[{"id":"action2","type":"key","parameters":{},"actions":[{"type":"keyDown","value":"î€‡"},{"type":"pause","duration":10},{"type":"keyUp","value":"î€‡"}]}]}
RESULT: {"actions":[{"id":"action2","type":"key","parameters":{},"actions":[{"type":"keyDown","value":"î€‡"},{"type":"pause","duration":10},{"type":"keyUp","value":"î€‡"}]}]}
COMMAND: GET /session/14914bc265bb4356720f02d527012ac9/screenshot - {}
RESULT: {}
COMMAND: POST /session/14914bc265bb4356720f02d527012ac9/element - {"using":"xpath","value":"//span[contains(text(), \"General Management\")]"}
RESULT: {"using":"xpath","value":"//span[contains(text(), \"General Management\")]"}
COMMAND: POST /session/14914bc265bb4356720f02d527012ac9/element/f.55D52B01A6CDCCA2B6FF0BD62C4B110C.d.9ED138BDC913135CCA2988B13F7E2AE4.e.1426/click - {}
RESULT: {}
COMMAND: GET /session/14914bc265bb4356720f02d527012ac9/screenshot - {}
RESULT: {}
COMMAND: POST /session/14914bc265bb4356720f02d527012ac9/element - {"using":"xpath","value":"//bdi[contains(text(), \"OK\")]"}
RESULT: {"using":"xpath","value":"//bdi[contains(text(), \"OK\")]"}
COMMAND: POST /session/14914bc265bb4356720f02d527012ac9/element/f.55D52B01A6CDCCA2B6FF0BD62C4B110C.d.9ED138BDC913135CCA2988B13F7E2AE4.e.1427/click - {}
RESULT: {}
COMMAND: GET /session/14914bc265bb4356720f02d527012ac9/screenshot - {}
RESULT: {}
COMMAND: POST /session/14914bc265bb4356720f02d527012ac9/element - {"using":"xpath","value":"//input[@id=\"application-managepartners-display-component---NewPartner--companyCodeComboBox-inner\"]"}
RESULT: {"using":"xpath","value":"//input[@id=\"application-managepartners-display-component---NewPartner--companyCodeComboBox-inner\"]"}
COMMAND: POST /session/14914bc265bb4356720f02d527012ac9/element/f.55D52B01A6CDCCA2B6FF0BD62C4B110C.d.9ED138BDC913135CCA2988B13F7E2AE4.e.1220/clear - {}
RESULT: {}
COMMAND: POST /session/14914bc265bb4356720f02d527012ac9/element/f.55D52B01A6CDCCA2B6FF0BD62C4B110C.d.9ED138BDC913135CCA2988B13F7E2AE4.e.1220/value - {"text":"1000"}
COMMAND: GET /session/14914bc265bb4356720f02d527012ac9/screenshot - {}
RESULT: {"text":"1000"}
COMMAND: GET /session/14914bc265bb4356720f02d527012ac9/screenshot - {}
RESULT: {}
RESULT: {}
COMMAND: POST /session/14914bc265bb4356720f02d527012ac9/element - {"using":"xpath","value":"//li[.//span[text()= \"1000\"]]"}
RESULT: {"using":"xpath","value":"//li[.//span[text()= \"1000\"]]"}
COMMAND: POST /session/14914bc265bb4356720f02d527012ac9/element/f.55D52B01A6CDCCA2B6FF0BD62C4B110C.d.9ED138BDC913135CCA2988B13F7E2AE4.e.1433/click - {}
RESULT: {}
COMMAND: GET /session/14914bc265bb4356720f02d527012ac9/screenshot - {}
RESULT: {}
COMMAND: POST /session/14914bc265bb4356720f02d527012ac9/execute/async - {"script":"<script> [1562 bytes]","args":[{"selector":{"id":"application-managepartners-display-component---NewPartner--btnAddTableRow-img"},"wdio_ui5_key":"applicationmanagepartners-display-component---NewPartner--btnAddTableRow-img"}]}
RESULT: {"script":"<script> [1562 bytes]","args":[{"selector":{"id":"application-managepartners-display-component---NewPartner--btnAddTableRow-img"},"wdio_ui5_key":"applicationmanagepartners-display-component---NewPartner--btnAddTableRow-img"}]}
RESULT: undefined
COMMAND: POST /session/14914bc265bb4356720f02d527012ac9/element - {"using":"xpath","value":"//*[@id=\"application-managepartners-display-component---NewPartner--btnAddTableRow-img\"]"}
RESULT: {"using":"xpath","value":"//*[@id=\"application-managepartners-display-component---NewPartner--btnAddTableRow-img\"]"}
COMMAND: POST /session/14914bc265bb4356720f02d527012ac9/element/f.55D52B01A6CDCCA2B6FF0BD62C4B110C.d.9ED138BDC913135CCA2988B13F7E2AE4.e.1434/click - {}
RESULT: {}
COMMAND: GET /session/14914bc265bb4356720f02d527012ac9/screenshot - {}
RESULT: {}
COMMAND: POST /session/14914bc265bb4356720f02d527012ac9/element - {"using":"xpath","value":"//input[@id=\"application-managepartners-display-component---NewPartner--assignmentYard-application-managepartners-display-component---NewPartner--assignmentsTable-0-inner\"]"}
RESULT: {"using":"xpath","value":"//input[@id=\"application-managepartners-display-component---NewPartner--assignmentYard-application-managepartners-display-component---NewPartner--assignmentsTable-0-inner\"]"}
COMMAND: POST /session/14914bc265bb4356720f02d527012ac9/element/f.55D52B01A6CDCCA2B6FF0BD62C4B110C.d.9ED138BDC913135CCA2988B13F7E2AE4.e.1437/clear - {}
RESULT: {}
COMMAND: POST /session/14914bc265bb4356720f02d527012ac9/element/f.55D52B01A6CDCCA2B6FF0BD62C4B110C.d.9ED138BDC913135CCA2988B13F7E2AE4.e.1437/value - {"text":"187"}
COMMAND: GET /session/14914bc265bb4356720f02d527012ac9/screenshot - {}
RESULT: {"text":"187"}
COMMAND: GET /session/14914bc265bb4356720f02d527012ac9/screenshot - {}
RESULT: {}
RESULT: {}
COMMAND: POST /session/14914bc265bb4356720f02d527012ac9/element - {"using":"xpath","value":"//li[.//span[text()='187']]"}
RESULT: {"using":"xpath","value":"//li[.//span[text()='187']]"}
COMMAND: POST /session/14914bc265bb4356720f02d527012ac9/element/f.55D52B01A6CDCCA2B6FF0BD62C4B110C.d.9ED138BDC913135CCA2988B13F7E2AE4.e.1446/click - {}
RESULT: {}
COMMAND: GET /session/14914bc265bb4356720f02d527012ac9/screenshot - {}
RESULT: {}
COMMAND: POST /session/14914bc265bb4356720f02d527012ac9/actions - {"actions":[{"id":"action3","type":"key","parameters":{},"actions":[{"type":"keyDown","value":"î€‡"},{"type":"pause","duration":10},{"type":"keyUp","value":"î€‡"}]}]}
RESULT: {"actions":[{"id":"action3","type":"key","parameters":{},"actions":[{"type":"keyDown","value":"î€‡"},{"type":"pause","duration":10},{"type":"keyUp","value":"î€‡"}]}]}
COMMAND: POST /session/14914bc265bb4356720f02d527012ac9/execute/async - {"script":"<script> [1562 bytes]","args":[{"selector":{"id":"application-managepartners-display-component---NewPartner--externalCustomerComboBox-application-managepartners-display-component---NewPartner--assignmentsTable-0-vhi"},"wdio_ui5_key":"applicationmanagepartners-display-component---NewPartner--externalCustomerComboBox-application-managepartners-display-component---NewPartner--assignmentsTable-0-vhi"}]}
COMMAND: GET /session/14914bc265bb4356720f02d527012ac9/screenshot - {}
RESULT: {"script":"<script> [1562 bytes]","args":[{"selector":{"id":"application-managepartners-display-component---NewPartner--externalCustomerComboBox-application-managepartners-display-component---NewPartner--assignmentsTable-0-vhi"},"wdio_ui5_key":"applicationmanagepartners-display-component---NewPartner--externalCustomerComboBox-application-managepartners-display-component---NewPartner--assignmentsTable-0-vhi"}]}
RESULT: undefined
COMMAND: POST /session/14914bc265bb4356720f02d527012ac9/element - {"using":"xpath","value":"//*[@id=\"application-managepartners-display-component---NewPartner--externalCustomerComboBox-application-managepartners-display-component---NewPartner--assignmentsTable-0-vhi\"]"}
RESULT: {}
RESULT: {"using":"xpath","value":"//*[@id=\"application-managepartners-display-component---NewPartner--externalCustomerComboBox-application-managepartners-display-component---NewPartner--assignmentsTable-0-vhi\"]"}
COMMAND: POST /session/14914bc265bb4356720f02d527012ac9/element/f.55D52B01A6CDCCA2B6FF0BD62C4B110C.d.9ED138BDC913135CCA2988B13F7E2AE4.e.1450/click - {}
RESULT: {}
RESULT: undefined
COMMAND: POST /session/14914bc265bb4356720f02d527012ac9/execute/async - {"script":"<script> [776 bytes]","args":[{"enterText":"300003","selector":{"controlType":"sap.m.SearchField","properties":{"placeholder":"Search"},"searchOpenDialogs":true,"interaction":{"idSuffix":"I"}},"clearTextFirst":true,"interactionType":"ENTER_TEXT"}]}
COMMAND: GET /session/14914bc265bb4356720f02d527012ac9/screenshot - {}
RESULT: {"script":"<script> [776 bytes]","args":[{"enterText":"300003","selector":{"controlType":"sap.m.SearchField","properties":{"placeholder":"Search"},"searchOpenDialogs":true,"interaction":{"idSuffix":"I"}},"clearTextFirst":true,"interactionType":"ENTER_TEXT"}]}
COMMAND: POST /session/14914bc265bb4356720f02d527012ac9/actions - {"actions":[{"id":"action4","type":"key","parameters":{},"actions":[{"type":"keyDown","value":"î€‡"},{"type":"pause","duration":10},{"type":"keyUp","value":"î€‡"}]}]}
RESULT: {}
RESULT: {"actions":[{"id":"action4","type":"key","parameters":{},"actions":[{"type":"keyDown","value":"î€‡"},{"type":"pause","duration":10},{"type":"keyUp","value":"î€‡"}]}]}
COMMAND: GET /session/14914bc265bb4356720f02d527012ac9/screenshot - {}
RESULT: {}
COMMAND: POST /session/14914bc265bb4356720f02d527012ac9/element - {"using":"xpath","value":"//span[contains(text(), \"300003\")]"}
RESULT: {"using":"xpath","value":"//span[contains(text(), \"300003\")]"}
COMMAND: POST /session/14914bc265bb4356720f02d527012ac9/element/f.55D52B01A6CDCCA2B6FF0BD62C4B110C.d.9ED138BDC913135CCA2988B13F7E2AE4.e.1500/click - {}
RESULT: {}
COMMAND: GET /session/14914bc265bb4356720f02d527012ac9/screenshot - {}
RESULT: {}
COMMAND: POST /session/14914bc265bb4356720f02d527012ac9/element - {"using":"xpath","value":"//bdi[contains(text(), \"OK\")]"}
RESULT: {"using":"xpath","value":"//bdi[contains(text(), \"OK\")]"}
COMMAND: POST /session/14914bc265bb4356720f02d527012ac9/element/f.55D52B01A6CDCCA2B6FF0BD62C4B110C.d.9ED138BDC913135CCA2988B13F7E2AE4.e.1502/click - {}
RESULT: {}
COMMAND: GET /session/14914bc265bb4356720f02d527012ac9/screenshot - {}
RESULT: {}
COMMAND: POST /session/14914bc265bb4356720f02d527012ac9/execute/async - {"script":"<script> [1562 bytes]","args":[{"selector":{"id":"application-managepartners-display-component---NewPartner--intercompVendorComboBox-application-managepartners-display-component---NewPartner--assignmentsTable-0-vhi"},"wdio_ui5_key":"applicationmanagepartners-display-component---NewPartner--intercompVendorComboBox-application-managepartners-display-component---NewPartner--assignmentsTable-0-vhi"}]}
RESULT: {"script":"<script> [1562 bytes]","args":[{"selector":{"id":"application-managepartners-display-component---NewPartner--intercompVendorComboBox-application-managepartners-display-component---NewPartner--assignmentsTable-0-vhi"},"wdio_ui5_key":"applicationmanagepartners-display-component---NewPartner--intercompVendorComboBox-application-managepartners-display-component---NewPartner--assignmentsTable-0-vhi"}]}
RESULT: undefined
COMMAND: POST /session/14914bc265bb4356720f02d527012ac9/element - {"using":"xpath","value":"//*[@id=\"application-managepartners-display-component---NewPartner--intercompVendorComboBox-application-managepartners-display-component---NewPartner--assignmentsTable-0-vhi\"]"}
RESULT: {"using":"xpath","value":"//*[@id=\"application-managepartners-display-component---NewPartner--intercompVendorComboBox-application-managepartners-display-component---NewPartner--assignmentsTable-0-vhi\"]"}
COMMAND: POST /session/14914bc265bb4356720f02d527012ac9/element/f.55D52B01A6CDCCA2B6FF0BD62C4B110C.d.9ED138BDC913135CCA2988B13F7E2AE4.e.1505/click - {}
RESULT: {}
RESULT: undefined
COMMAND: POST /session/14914bc265bb4356720f02d527012ac9/execute/async - {"script":"<script> [776 bytes]","args":[{"enterText":"100005","selector":{"controlType":"sap.m.SearchField","properties":{"placeholder":"Search"},"searchOpenDialogs":true,"interaction":{"idSuffix":"I"}},"clearTextFirst":true,"interactionType":"ENTER_TEXT"}]}
COMMAND: GET /session/14914bc265bb4356720f02d527012ac9/screenshot - {}
RESULT: {"script":"<script> [776 bytes]","args":[{"enterText":"100005","selector":{"controlType":"sap.m.SearchField","properties":{"placeholder":"Search"},"searchOpenDialogs":true,"interaction":{"idSuffix":"I"}},"clearTextFirst":true,"interactionType":"ENTER_TEXT"}]}
COMMAND: POST /session/14914bc265bb4356720f02d527012ac9/actions - {"actions":[{"id":"action5","type":"key","parameters":{},"actions":[{"type":"keyDown","value":"î€‡"},{"type":"pause","duration":10},{"type":"keyUp","value":"î€‡"}]}]}
RESULT: {}
RESULT: {"actions":[{"id":"action5","type":"key","parameters":{},"actions":[{"type":"keyDown","value":"î€‡"},{"type":"pause","duration":10},{"type":"keyUp","value":"î€‡"}]}]}
COMMAND: GET /session/14914bc265bb4356720f02d527012ac9/screenshot - {}
RESULT: {}
COMMAND: POST /session/14914bc265bb4356720f02d527012ac9/element - {"using":"xpath","value":"//span[contains(text(), \"Penguins - Field/12345 Berlin\")]"}
RESULT: {"using":"xpath","value":"//span[contains(text(), \"Penguins - Field/12345 Berlin\")]"}
COMMAND: POST /session/14914bc265bb4356720f02d527012ac9/element/f.55D52B01A6CDCCA2B6FF0BD62C4B110C.d.9ED138BDC913135CCA2988B13F7E2AE4.e.1524/click - {}
RESULT: {}
COMMAND: GET /session/14914bc265bb4356720f02d527012ac9/screenshot - {}
RESULT: {}
COMMAND: POST /session/14914bc265bb4356720f02d527012ac9/element - {"using":"xpath","value":"//bdi[contains(text(), \"OK\")]"}
RESULT: {"using":"xpath","value":"//bdi[contains(text(), \"OK\")]"}
COMMAND: POST /session/14914bc265bb4356720f02d527012ac9/element/f.55D52B01A6CDCCA2B6FF0BD62C4B110C.d.9ED138BDC913135CCA2988B13F7E2AE4.e.1525/click - {}
RESULT: {}
COMMAND: GET /session/14914bc265bb4356720f02d527012ac9/screenshot - {}
RESULT: {}
COMMAND: POST /session/14914bc265bb4356720f02d527012ac9/element - {"using":"xpath","value":"//button[@data-kt=\"saveButton\"]"}
RESULT: {"using":"xpath","value":"//button[@data-kt=\"saveButton\"]"}
COMMAND: POST /session/14914bc265bb4356720f02d527012ac9/element/f.55D52B01A6CDCCA2B6FF0BD62C4B110C.d.9ED138BDC913135CCA2988B13F7E2AE4.e.1299/click - {}
RESULT: {}
COMMAND: GET /session/14914bc265bb4356720f02d527012ac9/screenshot - {}
RESULT: {}
COMMAND: POST /session/14914bc265bb4356720f02d527012ac9/element - {"using":"xpath","value":"//header[contains(@id, 'ObjectPageLayout-headerTitle')]/div[1]/div[2]/div[2]/span[1]"}
RESULT: {"using":"xpath","value":"//header[contains(@id, 'ObjectPageLayout-headerTitle')]/div[1]/div[2]/div[2]/span[1]"}
COMMAND: POST /session/14914bc265bb4356720f02d527012ac9/elements - {"using":"xpath","value":"//header[contains(@id, 'ObjectPageLayout-headerTitle')]/div[1]/div[2]/div[2]/span[1]"}
RESULT: {"using":"xpath","value":"//header[contains(@id, 'ObjectPageLayout-headerTitle')]/div[1]/div[2]/div[2]/span[1]"}
COMMAND: POST /session/14914bc265bb4356720f02d527012ac9/execute/sync - {"script":"<script> [56 bytes]","args":[{"element-6066-11e4-a52e-4f735466cecf":"f.55D52B01A6CDCCA2B6FF0BD62C4B110C.d.9ED138BDC913135CCA2988B13F7E2AE4.e.1627","ELEMENT":"f.55D52B01A6CDCCA2B6FF0BD62C4B110C.d.9ED138BDC913135CCA2988B13F7E2AE4.e.1627"}]}
RESULT: {"script":"<script> [56 bytes]","args":[{"element-6066-11e4-a52e-4f735466cecf":"f.55D52B01A6CDCCA2B6FF0BD62C4B110C.d.9ED138BDC913135CCA2988B13F7E2AE4.e.1627","ELEMENT":"f.55D52B01A6CDCCA2B6FF0BD62C4B110C.d.9ED138BDC913135CCA2988B13F7E2AE4.e.1627"}]}
COMMAND: POST /session/14914bc265bb4356720f02d527012ac9/element - {"using":"css selector","value":"#shell-header-logo"}
COMMAND: GET /session/14914bc265bb4356720f02d527012ac9/screenshot - {}
RESULT: {"using":"css selector","value":"#shell-header-logo"}
COMMAND: POST /session/14914bc265bb4356720f02d527012ac9/element/f.55D52B01A6CDCCA2B6FF0BD62C4B110C.d.9ED138BDC913135CCA2988B13F7E2AE4.e.996/click - {}
RESULT: {}
RESULT: {}
COMMAND: GET /session/14914bc265bb4356720f02d527012ac9/screenshot - {}
RESULT: {}
COMMAND: POST /session/14914bc265bb4356720f02d527012ac9/execute/sync - {"script":"<script> [299 bytes]","args":[["getModel","getResource"]]}
RESULT: {"script":"<script> [299 bytes]","args":[["getModel","getResource"]]}
COMMAND: GET /session/14914bc265bb4356720f02d527012ac9/screenshot - {}
]]></system-out>
    </testcase>
    <testcase classname="chrome.137_0_7151_69.windows.Prerequisites_&amp;_test_for_yard_mass_return_on_Yard_Overview_US131057" name="Prereq Should create a new site" time="96.937">
      <system-out><![CDATA[
COMMAND: POST /session/14914bc265bb4356720f02d527012ac9/execute/async - {"script":"<script> [1562 bytes]","args":[{"selector":{"controlType":"sap.m.GenericTile","properties":{"header":"Manage Sites"}},"wdio_ui5_key":"sapm.GenericTile{\"header\":\"Manage Sites\"}"}]}
RESULT: {}
RESULT: {"script":"<script> [1562 bytes]","args":[{"selector":{"controlType":"sap.m.GenericTile","properties":{"header":"Manage Sites"}},"wdio_ui5_key":"sapm.GenericTile{\"header\":\"Manage Sites\"}"}]}
RESULT: undefined
COMMAND: POST /session/14914bc265bb4356720f02d527012ac9/element - {"using":"xpath","value":"//*[@id=\"__tile41\"]"}
RESULT: {"using":"xpath","value":"//*[@id=\"__tile41\"]"}
COMMAND: POST /session/14914bc265bb4356720f02d527012ac9/element/f.55D52B01A6CDCCA2B6FF0BD62C4B110C.d.9ED138BDC913135CCA2988B13F7E2AE4.e.172/click - {}
RESULT: {}
COMMAND: GET /session/14914bc265bb4356720f02d527012ac9/screenshot - {}
RESULT: {}
COMMAND: POST /session/14914bc265bb4356720f02d527012ac9/elements - {"using":"xpath","value":"//span[text()='Error']"}
RESULT: {"using":"xpath","value":"//span[text()='Error']"}
COMMAND: POST /session/14914bc265bb4356720f02d527012ac9/element - {"using":"xpath","value":"//button[@data-kt=\"addOverflowToolbarButton\"]"}
RESULT: {"using":"xpath","value":"//button[@data-kt=\"addOverflowToolbarButton\"]"}
COMMAND: POST /session/14914bc265bb4356720f02d527012ac9/elements - {"using":"xpath","value":"//button[@data-kt=\"addOverflowToolbarButton\"]"}
RESULT: {"using":"xpath","value":"//button[@data-kt=\"addOverflowToolbarButton\"]"}
COMMAND: POST /session/14914bc265bb4356720f02d527012ac9/execute/sync - {"script":"<script> [8489 bytes]","args":[{"element-6066-11e4-a52e-4f735466cecf":"f.55D52B01A6CDCCA2B6FF0BD62C4B110C.d.9ED138BDC913135CCA2988B13F7E2AE4.e.1675","ELEMENT":"f.55D52B01A6CDCCA2B6FF0BD62C4B110C.d.9ED138BDC913135CCA2988B13F7E2AE4.e.1675"}]}
RESULT: {"script":"<script> [8489 bytes]","args":[{"element-6066-11e4-a52e-4f735466cecf":"f.55D52B01A6CDCCA2B6FF0BD62C4B110C.d.9ED138BDC913135CCA2988B13F7E2AE4.e.1675","ELEMENT":"f.55D52B01A6CDCCA2B6FF0BD62C4B110C.d.9ED138BDC913135CCA2988B13F7E2AE4.e.1675"}]}
COMMAND: GET /session/14914bc265bb4356720f02d527012ac9/element/f.55D52B01A6CDCCA2B6FF0BD62C4B110C.d.9ED138BDC913135CCA2988B13F7E2AE4.e.1675/enabled - {}
COMMAND: GET /session/14914bc265bb4356720f02d527012ac9/screenshot - {}
RESULT: {}
COMMAND: POST /session/14914bc265bb4356720f02d527012ac9/execute/sync - {"script":"<script> [8489 bytes]","args":[{"element-6066-11e4-a52e-4f735466cecf":"f.55D52B01A6CDCCA2B6FF0BD62C4B110C.d.9ED138BDC913135CCA2988B13F7E2AE4.e.1675","ELEMENT":"f.55D52B01A6CDCCA2B6FF0BD62C4B110C.d.9ED138BDC913135CCA2988B13F7E2AE4.e.1675"}]}
COMMAND: GET /session/14914bc265bb4356720f02d527012ac9/screenshot - {}
RESULT: {}
RESULT: {"script":"<script> [8489 bytes]","args":[{"element-6066-11e4-a52e-4f735466cecf":"f.55D52B01A6CDCCA2B6FF0BD62C4B110C.d.9ED138BDC913135CCA2988B13F7E2AE4.e.1675","ELEMENT":"f.55D52B01A6CDCCA2B6FF0BD62C4B110C.d.9ED138BDC913135CCA2988B13F7E2AE4.e.1675"}]}
COMMAND: POST /session/14914bc265bb4356720f02d527012ac9/execute/sync - {"script":"<script> [5351 bytes]","args":[{"element-6066-11e4-a52e-4f735466cecf":"f.55D52B01A6CDCCA2B6FF0BD62C4B110C.d.9ED138BDC913135CCA2988B13F7E2AE4.e.1675","ELEMENT":"f.55D52B01A6CDCCA2B6FF0BD62C4B110C.d.9ED138BDC913135CCA2988B13F7E2AE4.e.1675"}]}
COMMAND: GET /session/14914bc265bb4356720f02d527012ac9/screenshot - {}
RESULT: {}
RESULT: {}
RESULT: {"script":"<script> [5351 bytes]","args":[{"element-6066-11e4-a52e-4f735466cecf":"f.55D52B01A6CDCCA2B6FF0BD62C4B110C.d.9ED138BDC913135CCA2988B13F7E2AE4.e.1675","ELEMENT":"f.55D52B01A6CDCCA2B6FF0BD62C4B110C.d.9ED138BDC913135CCA2988B13F7E2AE4.e.1675"}]}
COMMAND: POST /session/14914bc265bb4356720f02d527012ac9/element/f.55D52B01A6CDCCA2B6FF0BD62C4B110C.d.9ED138BDC913135CCA2988B13F7E2AE4.e.1675/click - {}
COMMAND: GET /session/14914bc265bb4356720f02d527012ac9/screenshot - {}
RESULT: {}
COMMAND: GET /session/14914bc265bb4356720f02d527012ac9/screenshot - {}
RESULT: {}
RESULT: {}
COMMAND: POST /session/14914bc265bb4356720f02d527012ac9/element - {"using":"xpath","value":"//input[@id=\"application-managesites-display-component---NewSite--siteId-inner\"]"}
RESULT: {"using":"xpath","value":"//input[@id=\"application-managesites-display-component---NewSite--siteId-inner\"]"}
COMMAND: POST /session/14914bc265bb4356720f02d527012ac9/element - {"using":"xpath","value":"//input[@id=\"application-managesites-display-component---NewSite--siteId-inner\"]"}
RESULT: {"using":"xpath","value":"//input[@id=\"application-managesites-display-component---NewSite--siteId-inner\"]"}
COMMAND: POST /session/14914bc265bb4356720f02d527012ac9/execute/async - {"script":"<script> [1562 bytes]","args":[{"selector":{"id":"application-managesites-display-component---NewSite--addressDetailDetailsName1","interaction":{"idSuffix":"inner"}},"wdio_ui5_key":"applicationmanagesites-display-component---NewSite--addressDetailDetailsName1"}]}
RESULT: {"script":"<script> [1562 bytes]","args":[{"selector":{"id":"application-managesites-display-component---NewSite--addressDetailDetailsName1","interaction":{"idSuffix":"inner"}},"wdio_ui5_key":"applicationmanagesites-display-component---NewSite--addressDetailDetailsName1"}]}
RESULT: undefined
COMMAND: POST /session/14914bc265bb4356720f02d527012ac9/execute/async - {"script":"<script> [776 bytes]","args":[{"enterText":"Intracompany Site wdIO","selector":{"id":"application-managesites-display-component---NewSite--addressDetailDetailsName1","interaction":{"idSuffix":"inner"}},"clearTextFirst":true,"interactionType":"ENTER_TEXT"}]}
RESULT: {"script":"<script> [776 bytes]","args":[{"enterText":"Intracompany Site wdIO","selector":{"id":"application-managesites-display-component---NewSite--addressDetailDetailsName1","interaction":{"idSuffix":"inner"}},"clearTextFirst":true,"interactionType":"ENTER_TEXT"}]}
COMMAND: POST /session/14914bc265bb4356720f02d527012ac9/execute/async - {"script":"<script> [1562 bytes]","args":[{"selector":{"id":"application-managesites-display-component---NewSite--addressDetailDetailsLanguage-arrow"},"wdio_ui5_key":"applicationmanagesites-display-component---NewSite--addressDetailDetailsLanguage-arrow"}]}
RESULT: {"script":"<script> [1562 bytes]","args":[{"selector":{"id":"application-managesites-display-component---NewSite--addressDetailDetailsLanguage-arrow"},"wdio_ui5_key":"applicationmanagesites-display-component---NewSite--addressDetailDetailsLanguage-arrow"}]}
RESULT: undefined
COMMAND: POST /session/14914bc265bb4356720f02d527012ac9/element - {"using":"xpath","value":"//*[@id=\"application-managesites-display-component---NewSite--addressDetailDetailsLanguage-arrow\"]"}
RESULT: {"using":"xpath","value":"//*[@id=\"application-managesites-display-component---NewSite--addressDetailDetailsLanguage-arrow\"]"}
COMMAND: POST /session/14914bc265bb4356720f02d527012ac9/element/f.55D52B01A6CDCCA2B6FF0BD62C4B110C.d.9ED138BDC913135CCA2988B13F7E2AE4.e.1967/click - {}
RESULT: {}
COMMAND: POST /session/14914bc265bb4356720f02d527012ac9/element - {"using":"xpath","value":"//span[contains(text(), \"English\")]"}
COMMAND: GET /session/14914bc265bb4356720f02d527012ac9/screenshot - {}
RESULT: {"using":"xpath","value":"//span[contains(text(), \"English\")]"}
COMMAND: POST /session/14914bc265bb4356720f02d527012ac9/element/f.55D52B01A6CDCCA2B6FF0BD62C4B110C.d.9ED138BDC913135CCA2988B13F7E2AE4.e.1968/click - {}
RESULT: {}
RESULT: {}
COMMAND: POST /session/14914bc265bb4356720f02d527012ac9/execute/async - {"script":"<script> [1562 bytes]","args":[{"selector":{"id":"application-managesites-display-component---NewSite--addressDetailDetailsCity1","interaction":{"idSuffix":"inner"}},"wdio_ui5_key":"applicationmanagesites-display-component---NewSite--addressDetailDetailsCity1"}]}
COMMAND: GET /session/14914bc265bb4356720f02d527012ac9/screenshot - {}
RESULT: {"script":"<script> [1562 bytes]","args":[{"selector":{"id":"application-managesites-display-component---NewSite--addressDetailDetailsCity1","interaction":{"idSuffix":"inner"}},"wdio_ui5_key":"applicationmanagesites-display-component---NewSite--addressDetailDetailsCity1"}]}
RESULT: undefined
COMMAND: POST /session/14914bc265bb4356720f02d527012ac9/execute/async - {"script":"<script> [776 bytes]","args":[{"enterText":"Rosario","selector":{"id":"application-managesites-display-component---NewSite--addressDetailDetailsCity1","interaction":{"idSuffix":"inner"}},"clearTextFirst":true,"interactionType":"ENTER_TEXT"}]}
RESULT: {}
RESULT: {"script":"<script> [776 bytes]","args":[{"enterText":"Rosario","selector":{"id":"application-managesites-display-component---NewSite--addressDetailDetailsCity1","interaction":{"idSuffix":"inner"}},"clearTextFirst":true,"interactionType":"ENTER_TEXT"}]}
COMMAND: POST /session/14914bc265bb4356720f02d527012ac9/execute/async - {"script":"<script> [1562 bytes]","args":[{"selector":{"id":"application-managesites-display-component---NewSite--addressDetailDetailsCountry-arrow"},"wdio_ui5_key":"applicationmanagesites-display-component---NewSite--addressDetailDetailsCountry-arrow"}]}
RESULT: {"script":"<script> [1562 bytes]","args":[{"selector":{"id":"application-managesites-display-component---NewSite--addressDetailDetailsCountry-arrow"},"wdio_ui5_key":"applicationmanagesites-display-component---NewSite--addressDetailDetailsCountry-arrow"}]}
RESULT: undefined
COMMAND: POST /session/14914bc265bb4356720f02d527012ac9/element - {"using":"xpath","value":"//*[@id=\"application-managesites-display-component---NewSite--addressDetailDetailsCountry-arrow\"]"}
RESULT: {"using":"xpath","value":"//*[@id=\"application-managesites-display-component---NewSite--addressDetailDetailsCountry-arrow\"]"}
COMMAND: POST /session/14914bc265bb4356720f02d527012ac9/element/f.55D52B01A6CDCCA2B6FF0BD62C4B110C.d.9ED138BDC913135CCA2988B13F7E2AE4.e.1970/click - {}
RESULT: {}
COMMAND: POST /session/14914bc265bb4356720f02d527012ac9/element - {"using":"xpath","value":"//span[contains(text(), \"Argentina\")]"}
COMMAND: GET /session/14914bc265bb4356720f02d527012ac9/screenshot - {}
RESULT: {"using":"xpath","value":"//span[contains(text(), \"Argentina\")]"}
COMMAND: POST /session/14914bc265bb4356720f02d527012ac9/element/f.55D52B01A6CDCCA2B6FF0BD62C4B110C.d.9ED138BDC913135CCA2988B13F7E2AE4.e.1971/click - {}
RESULT: {}
RESULT: {}
COMMAND: GET /session/14914bc265bb4356720f02d527012ac9/screenshot - {}
RESULT: {}
COMMAND: POST /session/14914bc265bb4356720f02d527012ac9/execute/async - {"script":"<script> [1562 bytes]","args":[{"selector":{"id":"application-managesites-display-component---NewSite--addressEditDetailsCostObjectCstType-arrow"},"wdio_ui5_key":"applicationmanagesites-display-component---NewSite--addressEditDetailsCostObjectCstType-arrow"}]}
RESULT: {"script":"<script> [1562 bytes]","args":[{"selector":{"id":"application-managesites-display-component---NewSite--addressEditDetailsCostObjectCstType-arrow"},"wdio_ui5_key":"applicationmanagesites-display-component---NewSite--addressEditDetailsCostObjectCstType-arrow"}]}
RESULT: undefined
COMMAND: POST /session/14914bc265bb4356720f02d527012ac9/element - {"using":"xpath","value":"//*[@id=\"application-managesites-display-component---NewSite--addressEditDetailsCostObjectCstType-arrow\"]"}
RESULT: {"using":"xpath","value":"//*[@id=\"application-managesites-display-component---NewSite--addressEditDetailsCostObjectCstType-arrow\"]"}
COMMAND: POST /session/14914bc265bb4356720f02d527012ac9/element/f.55D52B01A6CDCCA2B6FF0BD62C4B110C.d.9ED138BDC913135CCA2988B13F7E2AE4.e.1972/click - {}
RESULT: {}
COMMAND: POST /session/14914bc265bb4356720f02d527012ac9/element - {"using":"xpath","value":"//span[contains(text(), \"Cost Center\")]"}
COMMAND: GET /session/14914bc265bb4356720f02d527012ac9/screenshot - {}
RESULT: {"using":"xpath","value":"//span[contains(text(), \"Cost Center\")]"}
COMMAND: POST /session/14914bc265bb4356720f02d527012ac9/element/f.55D52B01A6CDCCA2B6FF0BD62C4B110C.d.9ED138BDC913135CCA2988B13F7E2AE4.e.1973/click - {}
RESULT: {}
RESULT: {}
COMMAND: GET /session/14914bc265bb4356720f02d527012ac9/screenshot - {}
RESULT: {}
COMMAND: POST /session/14914bc265bb4356720f02d527012ac9/element - {"using":"xpath","value":"//span[@id=\"application-managesites-display-component---NewSite--addressNewCostObjectCstID-vhi\"]"}
RESULT: {"using":"xpath","value":"//span[@id=\"application-managesites-display-component---NewSite--addressNewCostObjectCstID-vhi\"]"}
COMMAND: POST /session/14914bc265bb4356720f02d527012ac9/execute/sync - {"script":"<script> [8489 bytes]","args":[{"element-6066-11e4-a52e-4f735466cecf":"f.55D52B01A6CDCCA2B6FF0BD62C4B110C.d.9ED138BDC913135CCA2988B13F7E2AE4.e.1978","ELEMENT":"f.55D52B01A6CDCCA2B6FF0BD62C4B110C.d.9ED138BDC913135CCA2988B13F7E2AE4.e.1978"}]}
RESULT: {"script":"<script> [8489 bytes]","args":[{"element-6066-11e4-a52e-4f735466cecf":"f.55D52B01A6CDCCA2B6FF0BD62C4B110C.d.9ED138BDC913135CCA2988B13F7E2AE4.e.1978","ELEMENT":"f.55D52B01A6CDCCA2B6FF0BD62C4B110C.d.9ED138BDC913135CCA2988B13F7E2AE4.e.1978"}]}
COMMAND: POST /session/14914bc265bb4356720f02d527012ac9/execute/async - {"script":"<script> [1562 bytes]","args":[{"selector":{"id":"application-managesites-display-component---NewSite--addressNewCostObjectCstID-vhi"},"wdio_ui5_key":"applicationmanagesites-display-component---NewSite--addressNewCostObjectCstID-vhi"}]}
COMMAND: GET /session/14914bc265bb4356720f02d527012ac9/screenshot - {}
RESULT: {"script":"<script> [1562 bytes]","args":[{"selector":{"id":"application-managesites-display-component---NewSite--addressNewCostObjectCstID-vhi"},"wdio_ui5_key":"applicationmanagesites-display-component---NewSite--addressNewCostObjectCstID-vhi"}]}
RESULT: undefined
COMMAND: POST /session/14914bc265bb4356720f02d527012ac9/element - {"using":"xpath","value":"//*[@id=\"application-managesites-display-component---NewSite--addressNewCostObjectCstID-vhi\"]"}
RESULT: {}
RESULT: {"using":"xpath","value":"//*[@id=\"application-managesites-display-component---NewSite--addressNewCostObjectCstID-vhi\"]"}
COMMAND: POST /session/14914bc265bb4356720f02d527012ac9/element/f.55D52B01A6CDCCA2B6FF0BD62C4B110C.d.9ED138BDC913135CCA2988B13F7E2AE4.e.1978/click - {}
RESULT: {}
COMMAND: GET /session/14914bc265bb4356720f02d527012ac9/screenshot - {}
RESULT: {}
RESULT: undefined
COMMAND: POST /session/14914bc265bb4356720f02d527012ac9/execute/async - {"script":"<script> [776 bytes]","args":[{"enterText":"10001013","selector":{"controlType":"sap.m.SearchField","properties":{"placeholder":"Search"},"searchOpenDialogs":true,"interaction":{"idSuffix":"I"}},"clearTextFirst":true,"interactionType":"ENTER_TEXT"}]}
RESULT: {"script":"<script> [776 bytes]","args":[{"enterText":"10001013","selector":{"controlType":"sap.m.SearchField","properties":{"placeholder":"Search"},"searchOpenDialogs":true,"interaction":{"idSuffix":"I"}},"clearTextFirst":true,"interactionType":"ENTER_TEXT"}]}
COMMAND: POST /session/14914bc265bb4356720f02d527012ac9/actions - {"actions":[{"id":"action6","type":"key","parameters":{},"actions":[{"type":"keyDown","value":"î€‡"},{"type":"pause","duration":10},{"type":"keyUp","value":"î€‡"}]}]}
RESULT: {"actions":[{"id":"action6","type":"key","parameters":{},"actions":[{"type":"keyDown","value":"î€‡"},{"type":"pause","duration":10},{"type":"keyUp","value":"î€‡"}]}]}
COMMAND: GET /session/14914bc265bb4356720f02d527012ac9/screenshot - {}
RESULT: {}
COMMAND: POST /session/14914bc265bb4356720f02d527012ac9/element - {"using":"xpath","value":"//span[contains(text(), \"General Management\")]"}
RESULT: {"using":"xpath","value":"//span[contains(text(), \"General Management\")]"}
COMMAND: POST /session/14914bc265bb4356720f02d527012ac9/element/f.55D52B01A6CDCCA2B6FF0BD62C4B110C.d.9ED138BDC913135CCA2988B13F7E2AE4.e.2017/click - {}
RESULT: {}
COMMAND: GET /session/14914bc265bb4356720f02d527012ac9/screenshot - {}
RESULT: {}
COMMAND: POST /session/14914bc265bb4356720f02d527012ac9/element - {"using":"xpath","value":"//bdi[contains(text(), \"OK\")]"}
RESULT: {"using":"xpath","value":"//bdi[contains(text(), \"OK\")]"}
COMMAND: POST /session/14914bc265bb4356720f02d527012ac9/element/f.55D52B01A6CDCCA2B6FF0BD62C4B110C.d.9ED138BDC913135CCA2988B13F7E2AE4.e.2018/click - {}
RESULT: {}
COMMAND: GET /session/14914bc265bb4356720f02d527012ac9/screenshot - {}
RESULT: {}
COMMAND: POST /session/14914bc265bb4356720f02d527012ac9/element - {"using":"xpath","value":"//input[@id=\"application-managesites-display-component---NewSite--addressDetailDetailsCalendar-inner\"]"}
RESULT: {"using":"xpath","value":"//input[@id=\"application-managesites-display-component---NewSite--addressDetailDetailsCalendar-inner\"]"}
COMMAND: POST /session/14914bc265bb4356720f02d527012ac9/element/f.55D52B01A6CDCCA2B6FF0BD62C4B110C.d.9ED138BDC913135CCA2988B13F7E2AE4.e.1815/clear - {}
RESULT: {}
COMMAND: POST /session/14914bc265bb4356720f02d527012ac9/element/f.55D52B01A6CDCCA2B6FF0BD62C4B110C.d.9ED138BDC913135CCA2988B13F7E2AE4.e.1815/value - {"text":"Unit"}
COMMAND: GET /session/14914bc265bb4356720f02d527012ac9/screenshot - {}
RESULT: {"text":"Unit"}
COMMAND: GET /session/14914bc265bb4356720f02d527012ac9/screenshot - {}
RESULT: {}
RESULT: {}
COMMAND: POST /session/14914bc265bb4356720f02d527012ac9/actions - {"actions":[{"id":"action7","type":"key","parameters":{},"actions":[{"type":"keyDown","value":"î€‡"},{"type":"pause","duration":10},{"type":"keyUp","value":"î€‡"}]}]}
RESULT: {"actions":[{"id":"action7","type":"key","parameters":{},"actions":[{"type":"keyDown","value":"î€‡"},{"type":"pause","duration":10},{"type":"keyUp","value":"î€‡"}]}]}
COMMAND: POST /session/14914bc265bb4356720f02d527012ac9/element - {"using":"xpath","value":"//input[@id=\"application-managesites-display-component---NewSite--addressDetailDetailsYard-inner\"]"}
COMMAND: GET /session/14914bc265bb4356720f02d527012ac9/screenshot - {}
RESULT: {"using":"xpath","value":"//input[@id=\"application-managesites-display-component---NewSite--addressDetailDetailsYard-inner\"]"}
COMMAND: POST /session/14914bc265bb4356720f02d527012ac9/element/f.55D52B01A6CDCCA2B6FF0BD62C4B110C.d.9ED138BDC913135CCA2988B13F7E2AE4.e.1816/clear - {}
RESULT: {}
RESULT: {}
COMMAND: POST /session/14914bc265bb4356720f02d527012ac9/element/f.55D52B01A6CDCCA2B6FF0BD62C4B110C.d.9ED138BDC913135CCA2988B13F7E2AE4.e.1816/value - {"text":"187"}
COMMAND: GET /session/14914bc265bb4356720f02d527012ac9/screenshot - {}
RESULT: {"text":"187"}
COMMAND: GET /session/14914bc265bb4356720f02d527012ac9/screenshot - {}
RESULT: {}
RESULT: {}
COMMAND: POST /session/14914bc265bb4356720f02d527012ac9/element - {"using":"xpath","value":"//li[.//span[text()='187']]"}
RESULT: {"using":"xpath","value":"//li[.//span[text()='187']]"}
COMMAND: POST /session/14914bc265bb4356720f02d527012ac9/element/f.55D52B01A6CDCCA2B6FF0BD62C4B110C.d.9ED138BDC913135CCA2988B13F7E2AE4.e.2026/click - {}
RESULT: {}
COMMAND: GET /session/14914bc265bb4356720f02d527012ac9/screenshot - {}
RESULT: {}
COMMAND: POST /session/14914bc265bb4356720f02d527012ac9/element - {"using":"xpath","value":"//input[@id=\"application-managesites-display-component---NewSite--addressDetailDetailsPartner-inner\"]"}
RESULT: {"using":"xpath","value":"//input[@id=\"application-managesites-display-component---NewSite--addressDetailDetailsPartner-inner\"]"}
COMMAND: POST /session/14914bc265bb4356720f02d527012ac9/element - {"using":"xpath","value":"//input[@id=\"application-managesites-display-component---NewSite--addressDetailDetailsPartner-inner\"]"}
RESULT: {"using":"xpath","value":"//input[@id=\"application-managesites-display-component---NewSite--addressDetailDetailsPartner-inner\"]"}
COMMAND: POST /session/14914bc265bb4356720f02d527012ac9/element - {"using":"xpath","value":"//button[@data-kt=\"saveButton\"]"}
RESULT: {"using":"xpath","value":"//button[@data-kt=\"saveButton\"]"}
COMMAND: POST /session/14914bc265bb4356720f02d527012ac9/element/f.55D52B01A6CDCCA2B6FF0BD62C4B110C.d.9ED138BDC913135CCA2988B13F7E2AE4.e.1954/click - {}
RESULT: {}
COMMAND: GET /session/14914bc265bb4356720f02d527012ac9/screenshot - {}
RESULT: {}
COMMAND: POST /session/14914bc265bb4356720f02d527012ac9/element - {"using":"xpath","value":"//header[contains(@id, 'ObjectPageLayout-headerTitle')]/div[1]/div[2]/div[2]/span[1]"}
RESULT: {"using":"xpath","value":"//header[contains(@id, 'ObjectPageLayout-headerTitle')]/div[1]/div[2]/div[2]/span[1]"}
COMMAND: POST /session/14914bc265bb4356720f02d527012ac9/elements - {"using":"xpath","value":"//header[contains(@id, 'ObjectPageLayout-headerTitle')]/div[1]/div[2]/div[2]/span[1]"}
RESULT: {"using":"xpath","value":"//header[contains(@id, 'ObjectPageLayout-headerTitle')]/div[1]/div[2]/div[2]/span[1]"}
COMMAND: POST /session/14914bc265bb4356720f02d527012ac9/execute/sync - {"script":"<script> [56 bytes]","args":[{"element-6066-11e4-a52e-4f735466cecf":"f.55D52B01A6CDCCA2B6FF0BD62C4B110C.d.9ED138BDC913135CCA2988B13F7E2AE4.e.2174","ELEMENT":"f.55D52B01A6CDCCA2B6FF0BD62C4B110C.d.9ED138BDC913135CCA2988B13F7E2AE4.e.2174"}]}
RESULT: {"script":"<script> [56 bytes]","args":[{"element-6066-11e4-a52e-4f735466cecf":"f.55D52B01A6CDCCA2B6FF0BD62C4B110C.d.9ED138BDC913135CCA2988B13F7E2AE4.e.2174","ELEMENT":"f.55D52B01A6CDCCA2B6FF0BD62C4B110C.d.9ED138BDC913135CCA2988B13F7E2AE4.e.2174"}]}
COMMAND: POST /session/14914bc265bb4356720f02d527012ac9/element - {"using":"css selector","value":"#shell-header-logo"}
COMMAND: GET /session/14914bc265bb4356720f02d527012ac9/screenshot - {}
RESULT: {"using":"css selector","value":"#shell-header-logo"}
COMMAND: POST /session/14914bc265bb4356720f02d527012ac9/element/f.55D52B01A6CDCCA2B6FF0BD62C4B110C.d.9ED138BDC913135CCA2988B13F7E2AE4.e.1633/click - {}
RESULT: {}
RESULT: {}
COMMAND: GET /session/14914bc265bb4356720f02d527012ac9/screenshot - {}
RESULT: {}
COMMAND: POST /session/14914bc265bb4356720f02d527012ac9/execute/sync - {"script":"<script> [299 bytes]","args":[["getModel","getResource"]]}
RESULT: {"script":"<script> [299 bytes]","args":[["getModel","getResource"]]}
COMMAND: GET /session/14914bc265bb4356720f02d527012ac9/screenshot - {}
]]></system-out>
    </testcase>
    <testcase classname="chrome.137_0_7151_69.windows.Prerequisites_&amp;_test_for_yard_mass_return_on_Yard_Overview_US131057" name="Prereq Should create a new material" time="122.998">
      <system-out><![CDATA[
COMMAND: POST /session/14914bc265bb4356720f02d527012ac9/execute/async - {"script":"<script> [1562 bytes]","args":[{"selector":{"controlType":"sap.m.GenericTile","properties":{"header":"Manage Resources"}},"wdio_ui5_key":"sapm.GenericTile{\"header\":\"Manage Resources\"}"}]}
RESULT: {"script":"<script> [1562 bytes]","args":[{"selector":{"controlType":"sap.m.GenericTile","properties":{"header":"Manage Resources"}},"wdio_ui5_key":"sapm.GenericTile{\"header\":\"Manage Resources\"}"}]}
RESULT: undefined
COMMAND: POST /session/14914bc265bb4356720f02d527012ac9/element - {"using":"xpath","value":"//*[@id=\"__tile40\"]"}
RESULT: {}
RESULT: {"using":"xpath","value":"//*[@id=\"__tile40\"]"}
COMMAND: POST /session/14914bc265bb4356720f02d527012ac9/element/f.55D52B01A6CDCCA2B6FF0BD62C4B110C.d.9ED138BDC913135CCA2988B13F7E2AE4.e.169/click - {}
RESULT: {}
COMMAND: GET /session/14914bc265bb4356720f02d527012ac9/screenshot - {}
RESULT: {}
COMMAND: POST /session/14914bc265bb4356720f02d527012ac9/elements - {"using":"xpath","value":"//span[text()='Error']"}
RESULT: {"using":"xpath","value":"//span[text()='Error']"}
COMMAND: POST /session/14914bc265bb4356720f02d527012ac9/element - {"using":"xpath","value":"//button[@data-kt=\"addNewRUOverflowToolbarButton\"]"}
RESULT: {"using":"xpath","value":"//button[@data-kt=\"addNewRUOverflowToolbarButton\"]"}
COMMAND: POST /session/14914bc265bb4356720f02d527012ac9/elements - {"using":"xpath","value":"//button[@data-kt=\"addNewRUOverflowToolbarButton\"]"}
RESULT: {"using":"xpath","value":"//button[@data-kt=\"addNewRUOverflowToolbarButton\"]"}
COMMAND: POST /session/14914bc265bb4356720f02d527012ac9/elements - {"using":"xpath","value":"//button[@data-kt=\"addNewRUOverflowToolbarButton\"]"}
RESULT: {"using":"xpath","value":"//button[@data-kt=\"addNewRUOverflowToolbarButton\"]"}
COMMAND: POST /session/14914bc265bb4356720f02d527012ac9/element - {"using":"xpath","value":"//button[@data-kt=\"addNewRUOverflowToolbarButton\"]"}
RESULT: {"using":"xpath","value":"//button[@data-kt=\"addNewRUOverflowToolbarButton\"]"}
COMMAND: POST /session/14914bc265bb4356720f02d527012ac9/execute/sync - {"script":"<script> [8489 bytes]","args":[{"element-6066-11e4-a52e-4f735466cecf":"f.55D52B01A6CDCCA2B6FF0BD62C4B110C.d.9ED138BDC913135CCA2988B13F7E2AE4.e.2217","ELEMENT":"f.55D52B01A6CDCCA2B6FF0BD62C4B110C.d.9ED138BDC913135CCA2988B13F7E2AE4.e.2217"}]}
RESULT: {"script":"<script> [8489 bytes]","args":[{"element-6066-11e4-a52e-4f735466cecf":"f.55D52B01A6CDCCA2B6FF0BD62C4B110C.d.9ED138BDC913135CCA2988B13F7E2AE4.e.2217","ELEMENT":"f.55D52B01A6CDCCA2B6FF0BD62C4B110C.d.9ED138BDC913135CCA2988B13F7E2AE4.e.2217"}]}
COMMAND: GET /session/14914bc265bb4356720f02d527012ac9/element/f.55D52B01A6CDCCA2B6FF0BD62C4B110C.d.9ED138BDC913135CCA2988B13F7E2AE4.e.2217/enabled - {}
COMMAND: GET /session/14914bc265bb4356720f02d527012ac9/screenshot - {}
RESULT: {}
COMMAND: POST /session/14914bc265bb4356720f02d527012ac9/execute/sync - {"script":"<script> [8489 bytes]","args":[{"element-6066-11e4-a52e-4f735466cecf":"f.55D52B01A6CDCCA2B6FF0BD62C4B110C.d.9ED138BDC913135CCA2988B13F7E2AE4.e.2217","ELEMENT":"f.55D52B01A6CDCCA2B6FF0BD62C4B110C.d.9ED138BDC913135CCA2988B13F7E2AE4.e.2217"}]}
COMMAND: GET /session/14914bc265bb4356720f02d527012ac9/screenshot - {}
RESULT: {}
RESULT: {"script":"<script> [8489 bytes]","args":[{"element-6066-11e4-a52e-4f735466cecf":"f.55D52B01A6CDCCA2B6FF0BD62C4B110C.d.9ED138BDC913135CCA2988B13F7E2AE4.e.2217","ELEMENT":"f.55D52B01A6CDCCA2B6FF0BD62C4B110C.d.9ED138BDC913135CCA2988B13F7E2AE4.e.2217"}]}
COMMAND: POST /session/14914bc265bb4356720f02d527012ac9/execute/sync - {"script":"<script> [5351 bytes]","args":[{"element-6066-11e4-a52e-4f735466cecf":"f.55D52B01A6CDCCA2B6FF0BD62C4B110C.d.9ED138BDC913135CCA2988B13F7E2AE4.e.2217","ELEMENT":"f.55D52B01A6CDCCA2B6FF0BD62C4B110C.d.9ED138BDC913135CCA2988B13F7E2AE4.e.2217"}]}
COMMAND: GET /session/14914bc265bb4356720f02d527012ac9/screenshot - {}
RESULT: {}
RESULT: {"script":"<script> [5351 bytes]","args":[{"element-6066-11e4-a52e-4f735466cecf":"f.55D52B01A6CDCCA2B6FF0BD62C4B110C.d.9ED138BDC913135CCA2988B13F7E2AE4.e.2217","ELEMENT":"f.55D52B01A6CDCCA2B6FF0BD62C4B110C.d.9ED138BDC913135CCA2988B13F7E2AE4.e.2217"}]}
COMMAND: POST /session/14914bc265bb4356720f02d527012ac9/element/f.55D52B01A6CDCCA2B6FF0BD62C4B110C.d.9ED138BDC913135CCA2988B13F7E2AE4.e.2217/click - {}
COMMAND: GET /session/14914bc265bb4356720f02d527012ac9/screenshot - {}
RESULT: {}
RESULT: {}
COMMAND: GET /session/14914bc265bb4356720f02d527012ac9/screenshot - {}
RESULT: {}
RESULT: {}
COMMAND: POST /session/14914bc265bb4356720f02d527012ac9/execute/async - {"script":"<script> [1562 bytes]","args":[{"selector":{"id":"application-manageresources-display-component---newResourceUnit--TYPE-arrow"},"wdio_ui5_key":"applicationmanageresources-display-component---newResourceUnit--TYPE-arrow"}]}
RESULT: {"script":"<script> [1562 bytes]","args":[{"selector":{"id":"application-manageresources-display-component---newResourceUnit--TYPE-arrow"},"wdio_ui5_key":"applicationmanageresources-display-component---newResourceUnit--TYPE-arrow"}]}
RESULT: undefined
COMMAND: POST /session/14914bc265bb4356720f02d527012ac9/element - {"using":"xpath","value":"//*[@id=\"application-manageresources-display-component---newResourceUnit--TYPE-arrow\"]"}
RESULT: {"using":"xpath","value":"//*[@id=\"application-manageresources-display-component---newResourceUnit--TYPE-arrow\"]"}
COMMAND: POST /session/14914bc265bb4356720f02d527012ac9/element/f.55D52B01A6CDCCA2B6FF0BD62C4B110C.d.9ED138BDC913135CCA2988B13F7E2AE4.e.2565/click - {}
RESULT: {}
COMMAND: POST /session/14914bc265bb4356720f02d527012ac9/element - {"using":"xpath","value":"//input[@id=\"application-manageresources-display-component---newResourceUnit--TYPE-inner\"]"}
COMMAND: GET /session/14914bc265bb4356720f02d527012ac9/screenshot - {}
RESULT: {"using":"xpath","value":"//input[@id=\"application-manageresources-display-component---newResourceUnit--TYPE-inner\"]"}
COMMAND: POST /session/14914bc265bb4356720f02d527012ac9/element/f.55D52B01A6CDCCA2B6FF0BD62C4B110C.d.9ED138BDC913135CCA2988B13F7E2AE4.e.2556/clear - {}
RESULT: {}
RESULT: {}
COMMAND: POST /session/14914bc265bb4356720f02d527012ac9/element/f.55D52B01A6CDCCA2B6FF0BD62C4B110C.d.9ED138BDC913135CCA2988B13F7E2AE4.e.2556/value - {"text":"Material"}
COMMAND: GET /session/14914bc265bb4356720f02d527012ac9/screenshot - {}
RESULT: {"text":"Material"}
COMMAND: GET /session/14914bc265bb4356720f02d527012ac9/screenshot - {}
RESULT: {}
RESULT: {}
COMMAND: POST /session/14914bc265bb4356720f02d527012ac9/actions - {"actions":[{"id":"action8","type":"key","parameters":{},"actions":[{"type":"keyDown","value":"î€‡"},{"type":"pause","duration":10},{"type":"keyUp","value":"î€‡"}]}]}
RESULT: {"actions":[{"id":"action8","type":"key","parameters":{},"actions":[{"type":"keyDown","value":"î€‡"},{"type":"pause","duration":10},{"type":"keyUp","value":"î€‡"}]}]}
COMMAND: POST /session/14914bc265bb4356720f02d527012ac9/execute/async - {"script":"<script> [1562 bytes]","args":[{"selector":{"id":"application-manageresources-display-component---newResourceUnit--SHORT_TEXT","interaction":{"idSuffix":"inner"}},"wdio_ui5_key":"applicationmanageresources-display-component---newResourceUnit--SHORT_TEXT"}]}
COMMAND: GET /session/14914bc265bb4356720f02d527012ac9/screenshot - {}
RESULT: undefined
RESULT: undefined
RESULT: {"script":"<script> [1562 bytes]","args":[{"selector":{"id":"application-manageresources-display-component---newResourceUnit--SHORT_TEXT","interaction":{"idSuffix":"inner"}},"wdio_ui5_key":"applicationmanageresources-display-component---newResourceUnit--SHORT_TEXT"}]}
RESULT: undefined
COMMAND: POST /session/14914bc265bb4356720f02d527012ac9/execute/async - {"script":"<script> [776 bytes]","args":[{"enterText":"Cement WDIO","selector":{"id":"application-manageresources-display-component---newResourceUnit--SHORT_TEXT","interaction":{"idSuffix":"inner"}},"clearTextFirst":true,"interactionType":"ENTER_TEXT"}]}
RESULT: {}
RESULT: {"script":"<script> [776 bytes]","args":[{"enterText":"Cement WDIO","selector":{"id":"application-manageresources-display-component---newResourceUnit--SHORT_TEXT","interaction":{"idSuffix":"inner"}},"clearTextFirst":true,"interactionType":"ENTER_TEXT"}]}
COMMAND: POST /session/14914bc265bb4356720f02d527012ac9/execute/async - {"script":"<script> [1562 bytes]","args":[{"selector":{"id":"application-manageresources-display-component---newResourceUnit--BASE_UNIT_OF_MEASURE","interaction":{"idSuffix":"inner"}},"wdio_ui5_key":"applicationmanageresources-display-component---newResourceUnit--BASE_UNIT_OF_MEASURE"}]}
RESULT: {"script":"<script> [1562 bytes]","args":[{"selector":{"id":"application-manageresources-display-component---newResourceUnit--BASE_UNIT_OF_MEASURE","interaction":{"idSuffix":"inner"}},"wdio_ui5_key":"applicationmanageresources-display-component---newResourceUnit--BASE_UNIT_OF_MEASURE"}]}
RESULT: undefined
COMMAND: POST /session/14914bc265bb4356720f02d527012ac9/execute/async - {"script":"<script> [776 bytes]","args":[{"enterText":"Piece","selector":{"id":"application-manageresources-display-component---newResourceUnit--BASE_UNIT_OF_MEASURE","interaction":{"idSuffix":"inner"}},"clearTextFirst":true,"interactionType":"ENTER_TEXT"}]}
RESULT: {"script":"<script> [776 bytes]","args":[{"enterText":"Piece","selector":{"id":"application-manageresources-display-component---newResourceUnit--BASE_UNIT_OF_MEASURE","interaction":{"idSuffix":"inner"}},"clearTextFirst":true,"interactionType":"ENTER_TEXT"}]}
COMMAND: POST /session/14914bc265bb4356720f02d527012ac9/execute/async - {"script":"<script> [1562 bytes]","args":[{"selector":{"id":"application-manageresources-display-component---newResourceUnit--WEIGHT_UNIT","interaction":{"idSuffix":"inner"}},"wdio_ui5_key":"applicationmanageresources-display-component---newResourceUnit--WEIGHT_UNIT"}]}
RESULT: {"script":"<script> [1562 bytes]","args":[{"selector":{"id":"application-manageresources-display-component---newResourceUnit--WEIGHT_UNIT","interaction":{"idSuffix":"inner"}},"wdio_ui5_key":"applicationmanageresources-display-component---newResourceUnit--WEIGHT_UNIT"}]}
RESULT: undefined
COMMAND: POST /session/14914bc265bb4356720f02d527012ac9/execute/async - {"script":"<script> [776 bytes]","args":[{"enterText":"Gram","selector":{"id":"application-manageresources-display-component---newResourceUnit--WEIGHT_UNIT","interaction":{"idSuffix":"inner"}},"clearTextFirst":true,"interactionType":"ENTER_TEXT"}]}
RESULT: {"script":"<script> [776 bytes]","args":[{"enterText":"Gram","selector":{"id":"application-manageresources-display-component---newResourceUnit--WEIGHT_UNIT","interaction":{"idSuffix":"inner"}},"clearTextFirst":true,"interactionType":"ENTER_TEXT"}]}
COMMAND: POST /session/14914bc265bb4356720f02d527012ac9/execute/async - {"script":"<script> [1562 bytes]","args":[{"selector":{"id":"application-manageresources-display-component---newResourceUnit--DIMENSION_UNIT","interaction":{"idSuffix":"inner"}},"wdio_ui5_key":"applicationmanageresources-display-component---newResourceUnit--DIMENSION_UNIT"}]}
RESULT: {"script":"<script> [1562 bytes]","args":[{"selector":{"id":"application-manageresources-display-component---newResourceUnit--DIMENSION_UNIT","interaction":{"idSuffix":"inner"}},"wdio_ui5_key":"applicationmanageresources-display-component---newResourceUnit--DIMENSION_UNIT"}]}
RESULT: undefined
COMMAND: POST /session/14914bc265bb4356720f02d527012ac9/execute/async - {"script":"<script> [776 bytes]","args":[{"enterText":"Meter","selector":{"id":"application-manageresources-display-component---newResourceUnit--DIMENSION_UNIT","interaction":{"idSuffix":"inner"}},"clearTextFirst":true,"interactionType":"ENTER_TEXT"}]}
RESULT: {"script":"<script> [776 bytes]","args":[{"enterText":"Meter","selector":{"id":"application-manageresources-display-component---newResourceUnit--DIMENSION_UNIT","interaction":{"idSuffix":"inner"}},"clearTextFirst":true,"interactionType":"ENTER_TEXT"}]}
COMMAND: POST /session/14914bc265bb4356720f02d527012ac9/execute/async - {"script":"<script> [1562 bytes]","args":[{"selector":{"id":"application-manageresources-display-component---newResourceUnit--newRRUPage-anchBar-application-manageresources-display-component---newResourceUnit--control-anchor","interaction":{"idSuffix":"BDI-content"}},"wdio_ui5_key":"applicationmanageresources-display-component---newResourceUnit--newRRUPage-anchBar-application-manageresources-display-component---newResourceUnit--control-anchor"}]}
RESULT: {"script":"<script> [1562 bytes]","args":[{"selector":{"id":"application-manageresources-display-component---newResourceUnit--newRRUPage-anchBar-application-manageresources-display-component---newResourceUnit--control-anchor","interaction":{"idSuffix":"BDI-content"}},"wdio_ui5_key":"applicationmanageresources-display-component---newResourceUnit--newRRUPage-anchBar-application-manageresources-display-component---newResourceUnit--control-anchor"}]}
RESULT: undefined
COMMAND: POST /session/14914bc265bb4356720f02d527012ac9/element - {"using":"xpath","value":"//*[@id=\"application-manageresources-display-component---newResourceUnit--newRRUPage-anchBar-application-manageresources-display-component---newResourceUnit--control-anchor\"]"}
RESULT: {"using":"xpath","value":"//*[@id=\"application-manageresources-display-component---newResourceUnit--newRRUPage-anchBar-application-manageresources-display-component---newResourceUnit--control-anchor\"]"}
COMMAND: POST /session/14914bc265bb4356720f02d527012ac9/element/f.55D52B01A6CDCCA2B6FF0BD62C4B110C.d.9ED138BDC913135CCA2988B13F7E2AE4.e.2697/click - {}
RESULT: {}
COMMAND: POST /session/14914bc265bb4356720f02d527012ac9/execute/async - {"script":"<script> [1562 bytes]","args":[{"selector":{"id":"application-manageresources-display-component---newResourceUnit--PLANNING_GROUP","interaction":{"idSuffix":"inner"}},"wdio_ui5_key":"applicationmanageresources-display-component---newResourceUnit--PLANNING_GROUP"}]}
COMMAND: GET /session/14914bc265bb4356720f02d527012ac9/screenshot - {}
RESULT: {"script":"<script> [1562 bytes]","args":[{"selector":{"id":"application-manageresources-display-component---newResourceUnit--PLANNING_GROUP","interaction":{"idSuffix":"inner"}},"wdio_ui5_key":"applicationmanageresources-display-component---newResourceUnit--PLANNING_GROUP"}]}
RESULT: undefined
COMMAND: POST /session/14914bc265bb4356720f02d527012ac9/execute/async - {"script":"<script> [776 bytes]","args":[{"enterText":"Material","selector":{"id":"application-manageresources-display-component---newResourceUnit--PLANNING_GROUP","interaction":{"idSuffix":"inner"}},"clearTextFirst":true,"interactionType":"ENTER_TEXT"}]}
RESULT: {}
RESULT: {"script":"<script> [776 bytes]","args":[{"enterText":"Material","selector":{"id":"application-manageresources-display-component---newResourceUnit--PLANNING_GROUP","interaction":{"idSuffix":"inner"}},"clearTextFirst":true,"interactionType":"ENTER_TEXT"}]}
COMMAND: POST /session/14914bc265bb4356720f02d527012ac9/execute/async - {"script":"<script> [1562 bytes]","args":[{"selector":{"id":"application-manageresources-display-component---newResourceUnit--PLANNING_INDICATOR","interaction":{"idSuffix":"inner"}},"wdio_ui5_key":"applicationmanageresources-display-component---newResourceUnit--PLANNING_INDICATOR"}]}
RESULT: {"script":"<script> [1562 bytes]","args":[{"selector":{"id":"application-manageresources-display-component---newResourceUnit--PLANNING_INDICATOR","interaction":{"idSuffix":"inner"}},"wdio_ui5_key":"applicationmanageresources-display-component---newResourceUnit--PLANNING_INDICATOR"}]}
RESULT: undefined
COMMAND: POST /session/14914bc265bb4356720f02d527012ac9/execute/async - {"script":"<script> [776 bytes]","args":[{"enterText":"10 - infinite","selector":{"id":"application-manageresources-display-component---newResourceUnit--PLANNING_INDICATOR","interaction":{"idSuffix":"inner"}},"clearTextFirst":true,"interactionType":"ENTER_TEXT"}]}
RESULT: {"script":"<script> [776 bytes]","args":[{"enterText":"10 - infinite","selector":{"id":"application-manageresources-display-component---newResourceUnit--PLANNING_INDICATOR","interaction":{"idSuffix":"inner"}},"clearTextFirst":true,"interactionType":"ENTER_TEXT"}]}
COMMAND: POST /session/14914bc265bb4356720f02d527012ac9/element - {"using":"css selector","value":"#application-manageresources-display-component---newResourceUnit--btnAddTimeSegment"}
RESULT: {"using":"css selector","value":"#application-manageresources-display-component---newResourceUnit--btnAddTimeSegment"}
COMMAND: GET /session/14914bc265bb4356720f02d527012ac9/element/f.55D52B01A6CDCCA2B6FF0BD62C4B110C.d.9ED138BDC913135CCA2988B13F7E2AE4.e.2707/rect - {}
RESULT: {}
COMMAND: GET /session/14914bc265bb4356720f02d527012ac9/window/rect - {}
RESULT: {}
COMMAND: POST /session/14914bc265bb4356720f02d527012ac9/execute/sync - {"script":"<script> [92 bytes]","args":[]}
RESULT: {"script":"<script> [92 bytes]","args":[]}
COMMAND: POST /session/14914bc265bb4356720f02d527012ac9/actions - {"actions":[{"id":"action9","type":"wheel","parameters":{},"actions":[{"type":"scroll","x":-1888,"y":-32,"deltaX":0,"deltaY":0,"duration":0,"origin":{"element-6066-11e4-a52e-4f735466cecf":"f.55D52B01A6CDCCA2B6FF0BD62C4B110C.d.9ED138BDC913135CCA2988B13F7E2AE4.e.2707"}}]}]}
COMMAND: GET /session/14914bc265bb4356720f02d527012ac9/screenshot - {}
RESULT: {}
COMMAND: POST /session/14914bc265bb4356720f02d527012ac9/execute/sync - {"script":"<script> [79 bytes]","args":[{"element-6066-11e4-a52e-4f735466cecf":"f.55D52B01A6CDCCA2B6FF0BD62C4B110C.d.9ED138BDC913135CCA2988B13F7E2AE4.e.2707","ELEMENT":"f.55D52B01A6CDCCA2B6FF0BD62C4B110C.d.9ED138BDC913135CCA2988B13F7E2AE4.e.2707"},{"block":"start","inline":"nearest"}]}
RESULT: {"script":"<script> [79 bytes]","args":[{"element-6066-11e4-a52e-4f735466cecf":"f.55D52B01A6CDCCA2B6FF0BD62C4B110C.d.9ED138BDC913135CCA2988B13F7E2AE4.e.2707","ELEMENT":"f.55D52B01A6CDCCA2B6FF0BD62C4B110C.d.9ED138BDC913135CCA2988B13F7E2AE4.e.2707"},{"block":"start","inline":"nearest"}]}
COMMAND: POST /session/14914bc265bb4356720f02d527012ac9/execute/async - {"script":"<script> [1562 bytes]","args":[{"selector":{"id":"application-manageresources-display-component---newResourceUnit--btnAddTimeSegment","interaction":{"idSuffix":"inner"}},"wdio_ui5_key":"applicationmanageresources-display-component---newResourceUnit--btnAddTimeSegment"}]}
COMMAND: GET /session/14914bc265bb4356720f02d527012ac9/screenshot - {}
RESULT: {"script":"<script> [1562 bytes]","args":[{"selector":{"id":"application-manageresources-display-component---newResourceUnit--btnAddTimeSegment","interaction":{"idSuffix":"inner"}},"wdio_ui5_key":"applicationmanageresources-display-component---newResourceUnit--btnAddTimeSegment"}]}
RESULT: undefined
COMMAND: POST /session/14914bc265bb4356720f02d527012ac9/element - {"using":"xpath","value":"//*[@id=\"application-manageresources-display-component---newResourceUnit--btnAddTimeSegment\"]"}
RESULT: {}
RESULT: {"using":"xpath","value":"//*[@id=\"application-manageresources-display-component---newResourceUnit--btnAddTimeSegment\"]"}
COMMAND: POST /session/14914bc265bb4356720f02d527012ac9/element/f.55D52B01A6CDCCA2B6FF0BD62C4B110C.d.9ED138BDC913135CCA2988B13F7E2AE4.e.2707/click - {}
RESULT: {}
COMMAND: GET /session/14914bc265bb4356720f02d527012ac9/screenshot - {}
RESULT: {}
COMMAND: POST /session/14914bc265bb4356720f02d527012ac9/element - {"using":"xpath","value":"//input[@id=\"application-manageresources-display-component---newResourceUnit--idRuTSAdmin-application-manageresources-display-component---newResourceUnit--RUTimeSegment-0-inner\"]"}
RESULT: {"using":"xpath","value":"//input[@id=\"application-manageresources-display-component---newResourceUnit--idRuTSAdmin-application-manageresources-display-component---newResourceUnit--RUTimeSegment-0-inner\"]"}
COMMAND: POST /session/14914bc265bb4356720f02d527012ac9/element/f.55D52B01A6CDCCA2B6FF0BD62C4B110C.d.9ED138BDC913135CCA2988B13F7E2AE4.e.2712/clear - {}
RESULT: {}
COMMAND: POST /session/14914bc265bb4356720f02d527012ac9/element/f.55D52B01A6CDCCA2B6FF0BD62C4B110C.d.9ED138BDC913135CCA2988B13F7E2AE4.e.2712/value - {"text":"187"}
COMMAND: GET /session/14914bc265bb4356720f02d527012ac9/screenshot - {}
RESULT: {"text":"187"}
COMMAND: GET /session/14914bc265bb4356720f02d527012ac9/screenshot - {}
RESULT: {}
RESULT: {}
COMMAND: POST /session/14914bc265bb4356720f02d527012ac9/element - {"using":"xpath","value":"//li[.//span[text()='187']]"}
RESULT: {"using":"xpath","value":"//li[.//span[text()='187']]"}
COMMAND: POST /session/14914bc265bb4356720f02d527012ac9/element/f.55D52B01A6CDCCA2B6FF0BD62C4B110C.d.9ED138BDC913135CCA2988B13F7E2AE4.e.2720/click - {}
RESULT: {}
COMMAND: GET /session/14914bc265bb4356720f02d527012ac9/screenshot - {}
RESULT: {}
COMMAND: POST /session/14914bc265bb4356720f02d527012ac9/element - {"using":"xpath","value":"(//span[contains(@id, \"-application-manageresources-display-component---newResourceUnit--RUTimeSegment-0-arrow\")])[2]"}
RESULT: {"using":"xpath","value":"(//span[contains(@id, \"-application-manageresources-display-component---newResourceUnit--RUTimeSegment-0-arrow\")])[2]"}
COMMAND: POST /session/14914bc265bb4356720f02d527012ac9/element/f.55D52B01A6CDCCA2B6FF0BD62C4B110C.d.9ED138BDC913135CCA2988B13F7E2AE4.e.2721/click - {}
RESULT: {}
COMMAND: POST /session/14914bc265bb4356720f02d527012ac9/element - {"using":"xpath","value":"//span[contains(text(), \"PM Order\")]"}
COMMAND: GET /session/14914bc265bb4356720f02d527012ac9/screenshot - {}
RESULT: {"using":"xpath","value":"//span[contains(text(), \"PM Order\")]"}
COMMAND: POST /session/14914bc265bb4356720f02d527012ac9/element/f.55D52B01A6CDCCA2B6FF0BD62C4B110C.d.9ED138BDC913135CCA2988B13F7E2AE4.e.2722/click - {}
RESULT: {}
RESULT: {}
COMMAND: GET /session/14914bc265bb4356720f02d527012ac9/screenshot - {}
RESULT: {}
COMMAND: POST /session/14914bc265bb4356720f02d527012ac9/element - {"using":"xpath","value":"//td/div/div/div/span[contains(@id, \"newResourceUnit--RUTimeSegment-0-vhi\")][1]"}
RESULT: {"using":"xpath","value":"//td/div/div/div/span[contains(@id, \"newResourceUnit--RUTimeSegment-0-vhi\")][1]"}
COMMAND: GET /session/14914bc265bb4356720f02d527012ac9/element/f.55D52B01A6CDCCA2B6FF0BD62C4B110C.d.9ED138BDC913135CCA2988B13F7E2AE4.e.2726/rect - {}
RESULT: {}
COMMAND: GET /session/14914bc265bb4356720f02d527012ac9/window/rect - {}
RESULT: {}
COMMAND: POST /session/14914bc265bb4356720f02d527012ac9/execute/sync - {"script":"<script> [92 bytes]","args":[]}
RESULT: {"script":"<script> [92 bytes]","args":[]}
COMMAND: POST /session/14914bc265bb4356720f02d527012ac9/actions - {"actions":[{"id":"action10","type":"wheel","parameters":{},"actions":[{"type":"scroll","x":-1888,"y":-24,"deltaX":0,"deltaY":0,"duration":0,"origin":{"element-6066-11e4-a52e-4f735466cecf":"f.55D52B01A6CDCCA2B6FF0BD62C4B110C.d.9ED138BDC913135CCA2988B13F7E2AE4.e.2726"}}]}]}
COMMAND: GET /session/14914bc265bb4356720f02d527012ac9/screenshot - {}
RESULT: {}
COMMAND: POST /session/14914bc265bb4356720f02d527012ac9/execute/sync - {"script":"<script> [79 bytes]","args":[{"element-6066-11e4-a52e-4f735466cecf":"f.55D52B01A6CDCCA2B6FF0BD62C4B110C.d.9ED138BDC913135CCA2988B13F7E2AE4.e.2726","ELEMENT":"f.55D52B01A6CDCCA2B6FF0BD62C4B110C.d.9ED138BDC913135CCA2988B13F7E2AE4.e.2726"},{"block":"start","inline":"nearest"}]}
RESULT: {"script":"<script> [79 bytes]","args":[{"element-6066-11e4-a52e-4f735466cecf":"f.55D52B01A6CDCCA2B6FF0BD62C4B110C.d.9ED138BDC913135CCA2988B13F7E2AE4.e.2726","ELEMENT":"f.55D52B01A6CDCCA2B6FF0BD62C4B110C.d.9ED138BDC913135CCA2988B13F7E2AE4.e.2726"},{"block":"start","inline":"nearest"}]}
COMMAND: GET /session/14914bc265bb4356720f02d527012ac9/screenshot - {}
RESULT: {}
COMMAND: POST /session/14914bc265bb4356720f02d527012ac9/element/f.55D52B01A6CDCCA2B6FF0BD62C4B110C.d.9ED138BDC913135CCA2988B13F7E2AE4.e.2726/click - {}
RESULT: {}
COMMAND: GET /session/14914bc265bb4356720f02d527012ac9/screenshot - {}
RESULT: {}
RESULT: undefined
COMMAND: POST /session/14914bc265bb4356720f02d527012ac9/execute/async - {"script":"<script> [776 bytes]","args":[{"enterText":"4000360","selector":{"controlType":"sap.m.SearchField","properties":{"placeholder":"Search"},"searchOpenDialogs":true,"interaction":{"idSuffix":"I"}},"clearTextFirst":true,"interactionType":"ENTER_TEXT"}]}
RESULT: {"script":"<script> [776 bytes]","args":[{"enterText":"4000360","selector":{"controlType":"sap.m.SearchField","properties":{"placeholder":"Search"},"searchOpenDialogs":true,"interaction":{"idSuffix":"I"}},"clearTextFirst":true,"interactionType":"ENTER_TEXT"}]}
COMMAND: POST /session/14914bc265bb4356720f02d527012ac9/actions - {"actions":[{"id":"action11","type":"key","parameters":{},"actions":[{"type":"keyDown","value":"î€‡"},{"type":"pause","duration":10},{"type":"keyUp","value":"î€‡"}]}]}
RESULT: {"actions":[{"id":"action11","type":"key","parameters":{},"actions":[{"type":"keyDown","value":"î€‡"},{"type":"pause","duration":10},{"type":"keyUp","value":"î€‡"}]}]}
COMMAND: GET /session/14914bc265bb4356720f02d527012ac9/screenshot - {}
RESULT: {}
COMMAND: POST /session/14914bc265bb4356720f02d527012ac9/element - {"using":"xpath","value":"//td/div/span[contains(text(), \"BGL Vehicles\")]"}
RESULT: {"using":"xpath","value":"//td/div/span[contains(text(), \"BGL Vehicles\")]"}
COMMAND: POST /session/14914bc265bb4356720f02d527012ac9/element/f.55D52B01A6CDCCA2B6FF0BD62C4B110C.d.9ED138BDC913135CCA2988B13F7E2AE4.e.2747/click - {}
RESULT: {}
COMMAND: GET /session/14914bc265bb4356720f02d527012ac9/screenshot - {}
RESULT: {}
COMMAND: POST /session/14914bc265bb4356720f02d527012ac9/element - {"using":"xpath","value":"//bdi[contains(text(), \"OK\")]"}
RESULT: {"using":"xpath","value":"//bdi[contains(text(), \"OK\")]"}
COMMAND: POST /session/14914bc265bb4356720f02d527012ac9/element/f.55D52B01A6CDCCA2B6FF0BD62C4B110C.d.9ED138BDC913135CCA2988B13F7E2AE4.e.2748/click - {}
RESULT: {}
COMMAND: GET /session/14914bc265bb4356720f02d527012ac9/screenshot - {}
RESULT: {}
COMMAND: POST /session/14914bc265bb4356720f02d527012ac9/element - {"using":"xpath","value":"//label[contains(@class, 'sapMLabelRequired') and .//bdi[contains(text(), 'Planned Retirement')]]"}
RESULT: {"using":"xpath","value":"//label[contains(@class, 'sapMLabelRequired') and .//bdi[contains(text(), 'Planned Retirement')]]"}
COMMAND: POST /session/14914bc265bb4356720f02d527012ac9/elements - {"using":"xpath","value":"//label[contains(@class, 'sapMLabelRequired') and .//bdi[contains(text(), 'Planned Retirement')]]"}
RESULT: {"using":"xpath","value":"//label[contains(@class, 'sapMLabelRequired') and .//bdi[contains(text(), 'Planned Retirement')]]"}
COMMAND: POST /session/14914bc265bb4356720f02d527012ac9/element - {"using":"xpath","value":"//button[@data-kt=\"resourceUnitSaveButton\"]"}
RESULT: {"using":"xpath","value":"//button[@data-kt=\"resourceUnitSaveButton\"]"}
COMMAND: POST /session/14914bc265bb4356720f02d527012ac9/element/f.55D52B01A6CDCCA2B6FF0BD62C4B110C.d.9ED138BDC913135CCA2988B13F7E2AE4.e.2582/click - {}
RESULT: {}
COMMAND: GET /session/14914bc265bb4356720f02d527012ac9/screenshot - {}
RESULT: {}
COMMAND: POST /session/14914bc265bb4356720f02d527012ac9/element - {"using":"xpath","value":"//bdi[contains(text(), \"Close\")]"}
RESULT: {"using":"xpath","value":"//bdi[contains(text(), \"Close\")]"}
COMMAND: POST /session/14914bc265bb4356720f02d527012ac9/element/f.55D52B01A6CDCCA2B6FF0BD62C4B110C.d.9ED138BDC913135CCA2988B13F7E2AE4.e.2755/click - {}
RESULT: {}
COMMAND: GET /session/14914bc265bb4356720f02d527012ac9/screenshot - {}
RESULT: {}
COMMAND: POST /session/14914bc265bb4356720f02d527012ac9/element - {"using":"xpath","value":"//header[contains(@id, 'detailRruPage-headerTitle')]/div[1]/div[2]/div[2]/span[1]"}
RESULT: {"using":"xpath","value":"//header[contains(@id, 'detailRruPage-headerTitle')]/div[1]/div[2]/div[2]/span[1]"}
COMMAND: POST /session/14914bc265bb4356720f02d527012ac9/elements - {"using":"xpath","value":"//header[contains(@id, 'detailRruPage-headerTitle')]/div[1]/div[2]/div[2]/span[1]"}
RESULT: {"using":"xpath","value":"//header[contains(@id, 'detailRruPage-headerTitle')]/div[1]/div[2]/div[2]/span[1]"}
COMMAND: POST /session/14914bc265bb4356720f02d527012ac9/execute/sync - {"script":"<script> [56 bytes]","args":[{"element-6066-11e4-a52e-4f735466cecf":"f.55D52B01A6CDCCA2B6FF0BD62C4B110C.d.9ED138BDC913135CCA2988B13F7E2AE4.e.2784","ELEMENT":"f.55D52B01A6CDCCA2B6FF0BD62C4B110C.d.9ED138BDC913135CCA2988B13F7E2AE4.e.2784"}]}
RESULT: {"script":"<script> [56 bytes]","args":[{"element-6066-11e4-a52e-4f735466cecf":"f.55D52B01A6CDCCA2B6FF0BD62C4B110C.d.9ED138BDC913135CCA2988B13F7E2AE4.e.2784","ELEMENT":"f.55D52B01A6CDCCA2B6FF0BD62C4B110C.d.9ED138BDC913135CCA2988B13F7E2AE4.e.2784"}]}
COMMAND: POST /session/14914bc265bb4356720f02d527012ac9/element - {"using":"css selector","value":"#shell-header-logo"}
COMMAND: GET /session/14914bc265bb4356720f02d527012ac9/screenshot - {}
RESULT: {"using":"css selector","value":"#shell-header-logo"}
COMMAND: POST /session/14914bc265bb4356720f02d527012ac9/element/f.55D52B01A6CDCCA2B6FF0BD62C4B110C.d.9ED138BDC913135CCA2988B13F7E2AE4.e.2177/click - {}
RESULT: {}
RESULT: {}
COMMAND: GET /session/14914bc265bb4356720f02d527012ac9/screenshot - {}
RESULT: {}
]]></system-out>
    </testcase>
  </testsuite>
  <testsuite timestamp="2025-06-12T16:48:20" time="416.21" tests="6" failures="0" errors="0" skipped="0">
    <properties>
      <property name="specId" value="0" />
      <property name="suiteName" value="Yard Overview Autoplanning US130989" />
      <property name="capabilities" value="chrome.137_0_7151_69.windows" />
      <property name="file" value="file:///D:/a/1/s/test/specs/HTR/yard-overview-autoplanning.spec.js" />
    </properties>
    <testcase classname="chrome.137_0_7151_69.windows.Yard_Overview_Autoplanning_US130989" name="Prereq Should create a new yard used for all following tests" time="0.029">
      <system-out><![CDATA[
COMMAND: POST /session/14914bc265bb4356720f02d527012ac9/window/fullscreen - {}
RESULT: {}
]]></system-out>
    </testcase>
    <testcase classname="chrome.137_0_7151_69.windows.Yard_Overview_Autoplanning_US130989" name="Prereq Should create a new partner" time="0.003" />
    <testcase classname="chrome.137_0_7151_69.windows.Yard_Overview_Autoplanning_US130989" name="Prereq Should create a new site" time="0.003" />
    <testcase classname="chrome.137_0_7151_69.windows.Yard_Overview_Autoplanning_US130989" name="Prereq Should create a new material with catalog selection" time="125.912">
      <system-out><![CDATA[
COMMAND: POST /session/14914bc265bb4356720f02d527012ac9/execute/async - {"script":"<script> [1562 bytes]","args":[{"selector":{"controlType":"sap.m.GenericTile","properties":{"header":"Manage Resources"}},"wdio_ui5_key":"sapm.GenericTile{\"header\":\"Manage Resources\"}"}]}
RESULT: {"script":"<script> [1562 bytes]","args":[{"selector":{"controlType":"sap.m.GenericTile","properties":{"header":"Manage Resources"}},"wdio_ui5_key":"sapm.GenericTile{\"header\":\"Manage Resources\"}"}]}
RESULT: undefined
COMMAND: POST /session/14914bc265bb4356720f02d527012ac9/element - {"using":"xpath","value":"//*[@id=\"__tile40\"]"}
RESULT: {"using":"xpath","value":"//*[@id=\"__tile40\"]"}
COMMAND: POST /session/14914bc265bb4356720f02d527012ac9/element/f.55D52B01A6CDCCA2B6FF0BD62C4B110C.d.9A69DA4437FCD5ECFC4DAC9E8764E292.e.3566/click - {}
RESULT: {}
COMMAND: GET /session/14914bc265bb4356720f02d527012ac9/screenshot - {}
RESULT: {}
COMMAND: POST /session/14914bc265bb4356720f02d527012ac9/elements - {"using":"xpath","value":"//span[text()='Error']"}
RESULT: {"using":"xpath","value":"//span[text()='Error']"}
COMMAND: POST /session/14914bc265bb4356720f02d527012ac9/element - {"using":"xpath","value":"//button[@data-kt=\"addNewRUOverflowToolbarButton\"]"}
RESULT: {"using":"xpath","value":"//button[@data-kt=\"addNewRUOverflowToolbarButton\"]"}
COMMAND: POST /session/14914bc265bb4356720f02d527012ac9/elements - {"using":"xpath","value":"//button[@data-kt=\"addNewRUOverflowToolbarButton\"]"}
RESULT: {"using":"xpath","value":"//button[@data-kt=\"addNewRUOverflowToolbarButton\"]"}
COMMAND: POST /session/14914bc265bb4356720f02d527012ac9/elements - {"using":"xpath","value":"//button[@data-kt=\"addNewRUOverflowToolbarButton\"]"}
RESULT: {"using":"xpath","value":"//button[@data-kt=\"addNewRUOverflowToolbarButton\"]"}
COMMAND: POST /session/14914bc265bb4356720f02d527012ac9/elements - {"using":"xpath","value":"//button[@data-kt=\"addNewRUOverflowToolbarButton\"]"}
RESULT: {"using":"xpath","value":"//button[@data-kt=\"addNewRUOverflowToolbarButton\"]"}
COMMAND: POST /session/14914bc265bb4356720f02d527012ac9/elements - {"using":"xpath","value":"//button[@data-kt=\"addNewRUOverflowToolbarButton\"]"}
RESULT: {"using":"xpath","value":"//button[@data-kt=\"addNewRUOverflowToolbarButton\"]"}
COMMAND: POST /session/14914bc265bb4356720f02d527012ac9/elements - {"using":"xpath","value":"//button[@data-kt=\"addNewRUOverflowToolbarButton\"]"}
RESULT: {"using":"xpath","value":"//button[@data-kt=\"addNewRUOverflowToolbarButton\"]"}
COMMAND: POST /session/14914bc265bb4356720f02d527012ac9/elements - {"using":"xpath","value":"//button[@data-kt=\"addNewRUOverflowToolbarButton\"]"}
RESULT: {"using":"xpath","value":"//button[@data-kt=\"addNewRUOverflowToolbarButton\"]"}
COMMAND: POST /session/14914bc265bb4356720f02d527012ac9/elements - {"using":"xpath","value":"//button[@data-kt=\"addNewRUOverflowToolbarButton\"]"}
RESULT: {"using":"xpath","value":"//button[@data-kt=\"addNewRUOverflowToolbarButton\"]"}
COMMAND: POST /session/14914bc265bb4356720f02d527012ac9/elements - {"using":"xpath","value":"//button[@data-kt=\"addNewRUOverflowToolbarButton\"]"}
RESULT: {"using":"xpath","value":"//button[@data-kt=\"addNewRUOverflowToolbarButton\"]"}
COMMAND: POST /session/14914bc265bb4356720f02d527012ac9/elements - {"using":"xpath","value":"//button[@data-kt=\"addNewRUOverflowToolbarButton\"]"}
RESULT: {"using":"xpath","value":"//button[@data-kt=\"addNewRUOverflowToolbarButton\"]"}
COMMAND: POST /session/14914bc265bb4356720f02d527012ac9/elements - {"using":"xpath","value":"//button[@data-kt=\"addNewRUOverflowToolbarButton\"]"}
RESULT: {"using":"xpath","value":"//button[@data-kt=\"addNewRUOverflowToolbarButton\"]"}
COMMAND: POST /session/14914bc265bb4356720f02d527012ac9/elements - {"using":"xpath","value":"//button[@data-kt=\"addNewRUOverflowToolbarButton\"]"}
RESULT: {"using":"xpath","value":"//button[@data-kt=\"addNewRUOverflowToolbarButton\"]"}
COMMAND: POST /session/14914bc265bb4356720f02d527012ac9/elements - {"using":"xpath","value":"//button[@data-kt=\"addNewRUOverflowToolbarButton\"]"}
RESULT: {"using":"xpath","value":"//button[@data-kt=\"addNewRUOverflowToolbarButton\"]"}
COMMAND: POST /session/14914bc265bb4356720f02d527012ac9/elements - {"using":"xpath","value":"//button[@data-kt=\"addNewRUOverflowToolbarButton\"]"}
RESULT: {"using":"xpath","value":"//button[@data-kt=\"addNewRUOverflowToolbarButton\"]"}
COMMAND: POST /session/14914bc265bb4356720f02d527012ac9/elements - {"using":"xpath","value":"//button[@data-kt=\"addNewRUOverflowToolbarButton\"]"}
RESULT: {"using":"xpath","value":"//button[@data-kt=\"addNewRUOverflowToolbarButton\"]"}
COMMAND: POST /session/14914bc265bb4356720f02d527012ac9/elements - {"using":"xpath","value":"//button[@data-kt=\"addNewRUOverflowToolbarButton\"]"}
RESULT: {"using":"xpath","value":"//button[@data-kt=\"addNewRUOverflowToolbarButton\"]"}
COMMAND: POST /session/14914bc265bb4356720f02d527012ac9/elements - {"using":"xpath","value":"//button[@data-kt=\"addNewRUOverflowToolbarButton\"]"}
RESULT: {"using":"xpath","value":"//button[@data-kt=\"addNewRUOverflowToolbarButton\"]"}
COMMAND: POST /session/14914bc265bb4356720f02d527012ac9/element - {"using":"xpath","value":"//button[@data-kt=\"addNewRUOverflowToolbarButton\"]"}
RESULT: {"using":"xpath","value":"//button[@data-kt=\"addNewRUOverflowToolbarButton\"]"}
COMMAND: POST /session/14914bc265bb4356720f02d527012ac9/execute/sync - {"script":"<script> [8489 bytes]","args":[{"element-6066-11e4-a52e-4f735466cecf":"f.55D52B01A6CDCCA2B6FF0BD62C4B110C.d.9A69DA4437FCD5ECFC4DAC9E8764E292.e.3705","ELEMENT":"f.55D52B01A6CDCCA2B6FF0BD62C4B110C.d.9A69DA4437FCD5ECFC4DAC9E8764E292.e.3705"}]}
RESULT: {"script":"<script> [8489 bytes]","args":[{"element-6066-11e4-a52e-4f735466cecf":"f.55D52B01A6CDCCA2B6FF0BD62C4B110C.d.9A69DA4437FCD5ECFC4DAC9E8764E292.e.3705","ELEMENT":"f.55D52B01A6CDCCA2B6FF0BD62C4B110C.d.9A69DA4437FCD5ECFC4DAC9E8764E292.e.3705"}]}
COMMAND: GET /session/14914bc265bb4356720f02d527012ac9/element/f.55D52B01A6CDCCA2B6FF0BD62C4B110C.d.9A69DA4437FCD5ECFC4DAC9E8764E292.e.3705/enabled - {}
COMMAND: GET /session/14914bc265bb4356720f02d527012ac9/screenshot - {}
RESULT: {}
COMMAND: POST /session/14914bc265bb4356720f02d527012ac9/execute/sync - {"script":"<script> [8489 bytes]","args":[{"element-6066-11e4-a52e-4f735466cecf":"f.55D52B01A6CDCCA2B6FF0BD62C4B110C.d.9A69DA4437FCD5ECFC4DAC9E8764E292.e.3705","ELEMENT":"f.55D52B01A6CDCCA2B6FF0BD62C4B110C.d.9A69DA4437FCD5ECFC4DAC9E8764E292.e.3705"}]}
COMMAND: GET /session/14914bc265bb4356720f02d527012ac9/screenshot - {}
RESULT: {}
RESULT: {"script":"<script> [8489 bytes]","args":[{"element-6066-11e4-a52e-4f735466cecf":"f.55D52B01A6CDCCA2B6FF0BD62C4B110C.d.9A69DA4437FCD5ECFC4DAC9E8764E292.e.3705","ELEMENT":"f.55D52B01A6CDCCA2B6FF0BD62C4B110C.d.9A69DA4437FCD5ECFC4DAC9E8764E292.e.3705"}]}
COMMAND: POST /session/14914bc265bb4356720f02d527012ac9/execute/sync - {"script":"<script> [5351 bytes]","args":[{"element-6066-11e4-a52e-4f735466cecf":"f.55D52B01A6CDCCA2B6FF0BD62C4B110C.d.9A69DA4437FCD5ECFC4DAC9E8764E292.e.3705","ELEMENT":"f.55D52B01A6CDCCA2B6FF0BD62C4B110C.d.9A69DA4437FCD5ECFC4DAC9E8764E292.e.3705"}]}
COMMAND: GET /session/14914bc265bb4356720f02d527012ac9/screenshot - {}
RESULT: {}
RESULT: {"script":"<script> [5351 bytes]","args":[{"element-6066-11e4-a52e-4f735466cecf":"f.55D52B01A6CDCCA2B6FF0BD62C4B110C.d.9A69DA4437FCD5ECFC4DAC9E8764E292.e.3705","ELEMENT":"f.55D52B01A6CDCCA2B6FF0BD62C4B110C.d.9A69DA4437FCD5ECFC4DAC9E8764E292.e.3705"}]}
COMMAND: POST /session/14914bc265bb4356720f02d527012ac9/element/f.55D52B01A6CDCCA2B6FF0BD62C4B110C.d.9A69DA4437FCD5ECFC4DAC9E8764E292.e.3705/click - {}
COMMAND: GET /session/14914bc265bb4356720f02d527012ac9/screenshot - {}
RESULT: {}
RESULT: {}
COMMAND: GET /session/14914bc265bb4356720f02d527012ac9/screenshot - {}
RESULT: {}
COMMAND: POST /session/14914bc265bb4356720f02d527012ac9/execute/async - {"script":"<script> [1562 bytes]","args":[{"selector":{"id":"application-manageresources-display-component---newResourceUnit--TYPE-arrow"},"wdio_ui5_key":"applicationmanageresources-display-component---newResourceUnit--TYPE-arrow"}]}
RESULT: {}
RESULT: {"script":"<script> [1562 bytes]","args":[{"selector":{"id":"application-manageresources-display-component---newResourceUnit--TYPE-arrow"},"wdio_ui5_key":"applicationmanageresources-display-component---newResourceUnit--TYPE-arrow"}]}
RESULT: undefined
COMMAND: POST /session/14914bc265bb4356720f02d527012ac9/element - {"using":"xpath","value":"//*[@id=\"application-manageresources-display-component---newResourceUnit--TYPE-arrow\"]"}
RESULT: {"using":"xpath","value":"//*[@id=\"application-manageresources-display-component---newResourceUnit--TYPE-arrow\"]"}
COMMAND: POST /session/14914bc265bb4356720f02d527012ac9/element/f.55D52B01A6CDCCA2B6FF0BD62C4B110C.d.9A69DA4437FCD5ECFC4DAC9E8764E292.e.4068/click - {}
RESULT: {}
COMMAND: POST /session/14914bc265bb4356720f02d527012ac9/element - {"using":"xpath","value":"//input[@id=\"application-manageresources-display-component---newResourceUnit--TYPE-inner\"]"}
COMMAND: GET /session/14914bc265bb4356720f02d527012ac9/screenshot - {}
RESULT: {"using":"xpath","value":"//input[@id=\"application-manageresources-display-component---newResourceUnit--TYPE-inner\"]"}
COMMAND: POST /session/14914bc265bb4356720f02d527012ac9/element/f.55D52B01A6CDCCA2B6FF0BD62C4B110C.d.9A69DA4437FCD5ECFC4DAC9E8764E292.e.4062/clear - {}
RESULT: {}
RESULT: {}
COMMAND: POST /session/14914bc265bb4356720f02d527012ac9/element/f.55D52B01A6CDCCA2B6FF0BD62C4B110C.d.9A69DA4437FCD5ECFC4DAC9E8764E292.e.4062/value - {"text":"Material"}
COMMAND: GET /session/14914bc265bb4356720f02d527012ac9/screenshot - {}
RESULT: {"text":"Material"}
COMMAND: GET /session/14914bc265bb4356720f02d527012ac9/screenshot - {}
RESULT: {}
RESULT: {}
COMMAND: POST /session/14914bc265bb4356720f02d527012ac9/actions - {"actions":[{"id":"action13","type":"key","parameters":{},"actions":[{"type":"keyDown","value":"î€‡"},{"type":"pause","duration":10},{"type":"keyUp","value":"î€‡"}]}]}
RESULT: {"actions":[{"id":"action13","type":"key","parameters":{},"actions":[{"type":"keyDown","value":"î€‡"},{"type":"pause","duration":10},{"type":"keyUp","value":"î€‡"}]}]}
COMMAND: POST /session/14914bc265bb4356720f02d527012ac9/execute/async - {"script":"<script> [1562 bytes]","args":[{"selector":{"id":"application-manageresources-display-component---newResourceUnit--SHORT_TEXT","interaction":{"idSuffix":"inner"}},"wdio_ui5_key":"applicationmanageresources-display-component---newResourceUnit--SHORT_TEXT"}]}
RESULT: undefined
RESULT: undefined
COMMAND: GET /session/14914bc265bb4356720f02d527012ac9/screenshot - {}
RESULT: {"script":"<script> [1562 bytes]","args":[{"selector":{"id":"application-manageresources-display-component---newResourceUnit--SHORT_TEXT","interaction":{"idSuffix":"inner"}},"wdio_ui5_key":"applicationmanageresources-display-component---newResourceUnit--SHORT_TEXT"}]}
RESULT: undefined
COMMAND: POST /session/14914bc265bb4356720f02d527012ac9/execute/async - {"script":"<script> [776 bytes]","args":[{"enterText":"Cement WDIO","selector":{"id":"application-manageresources-display-component---newResourceUnit--SHORT_TEXT","interaction":{"idSuffix":"inner"}},"clearTextFirst":true,"interactionType":"ENTER_TEXT"}]}
RESULT: {}
RESULT: {"script":"<script> [776 bytes]","args":[{"enterText":"Cement WDIO","selector":{"id":"application-manageresources-display-component---newResourceUnit--SHORT_TEXT","interaction":{"idSuffix":"inner"}},"clearTextFirst":true,"interactionType":"ENTER_TEXT"}]}
COMMAND: POST /session/14914bc265bb4356720f02d527012ac9/execute/async - {"script":"<script> [1562 bytes]","args":[{"selector":{"id":"application-manageresources-display-component---newResourceUnit--BASE_UNIT_OF_MEASURE","interaction":{"idSuffix":"inner"}},"wdio_ui5_key":"applicationmanageresources-display-component---newResourceUnit--BASE_UNIT_OF_MEASURE"}]}
RESULT: {"script":"<script> [1562 bytes]","args":[{"selector":{"id":"application-manageresources-display-component---newResourceUnit--BASE_UNIT_OF_MEASURE","interaction":{"idSuffix":"inner"}},"wdio_ui5_key":"applicationmanageresources-display-component---newResourceUnit--BASE_UNIT_OF_MEASURE"}]}
RESULT: undefined
COMMAND: POST /session/14914bc265bb4356720f02d527012ac9/execute/async - {"script":"<script> [776 bytes]","args":[{"enterText":"Piece","selector":{"id":"application-manageresources-display-component---newResourceUnit--BASE_UNIT_OF_MEASURE","interaction":{"idSuffix":"inner"}},"clearTextFirst":true,"interactionType":"ENTER_TEXT"}]}
RESULT: {"script":"<script> [776 bytes]","args":[{"enterText":"Piece","selector":{"id":"application-manageresources-display-component---newResourceUnit--BASE_UNIT_OF_MEASURE","interaction":{"idSuffix":"inner"}},"clearTextFirst":true,"interactionType":"ENTER_TEXT"}]}
COMMAND: POST /session/14914bc265bb4356720f02d527012ac9/execute/async - {"script":"<script> [1562 bytes]","args":[{"selector":{"id":"application-manageresources-display-component---newResourceUnit--WEIGHT_UNIT","interaction":{"idSuffix":"inner"}},"wdio_ui5_key":"applicationmanageresources-display-component---newResourceUnit--WEIGHT_UNIT"}]}
RESULT: {"script":"<script> [1562 bytes]","args":[{"selector":{"id":"application-manageresources-display-component---newResourceUnit--WEIGHT_UNIT","interaction":{"idSuffix":"inner"}},"wdio_ui5_key":"applicationmanageresources-display-component---newResourceUnit--WEIGHT_UNIT"}]}
RESULT: undefined
COMMAND: POST /session/14914bc265bb4356720f02d527012ac9/execute/async - {"script":"<script> [776 bytes]","args":[{"enterText":"Gram","selector":{"id":"application-manageresources-display-component---newResourceUnit--WEIGHT_UNIT","interaction":{"idSuffix":"inner"}},"clearTextFirst":true,"interactionType":"ENTER_TEXT"}]}
RESULT: {"script":"<script> [776 bytes]","args":[{"enterText":"Gram","selector":{"id":"application-manageresources-display-component---newResourceUnit--WEIGHT_UNIT","interaction":{"idSuffix":"inner"}},"clearTextFirst":true,"interactionType":"ENTER_TEXT"}]}
COMMAND: POST /session/14914bc265bb4356720f02d527012ac9/execute/async - {"script":"<script> [1562 bytes]","args":[{"selector":{"id":"application-manageresources-display-component---newResourceUnit--DIMENSION_UNIT","interaction":{"idSuffix":"inner"}},"wdio_ui5_key":"applicationmanageresources-display-component---newResourceUnit--DIMENSION_UNIT"}]}
RESULT: {"script":"<script> [1562 bytes]","args":[{"selector":{"id":"application-manageresources-display-component---newResourceUnit--DIMENSION_UNIT","interaction":{"idSuffix":"inner"}},"wdio_ui5_key":"applicationmanageresources-display-component---newResourceUnit--DIMENSION_UNIT"}]}
RESULT: undefined
COMMAND: POST /session/14914bc265bb4356720f02d527012ac9/execute/async - {"script":"<script> [776 bytes]","args":[{"enterText":"Meter","selector":{"id":"application-manageresources-display-component---newResourceUnit--DIMENSION_UNIT","interaction":{"idSuffix":"inner"}},"clearTextFirst":true,"interactionType":"ENTER_TEXT"}]}
RESULT: {"script":"<script> [776 bytes]","args":[{"enterText":"Meter","selector":{"id":"application-manageresources-display-component---newResourceUnit--DIMENSION_UNIT","interaction":{"idSuffix":"inner"}},"clearTextFirst":true,"interactionType":"ENTER_TEXT"}]}
COMMAND: POST /session/14914bc265bb4356720f02d527012ac9/execute/async - {"script":"<script> [1562 bytes]","args":[{"selector":{"id":"application-manageresources-display-component---newResourceUnit--newRRUPage-anchBar-application-manageresources-display-component---newResourceUnit--control-anchor","interaction":{"idSuffix":"BDI-content"}},"wdio_ui5_key":"applicationmanageresources-display-component---newResourceUnit--newRRUPage-anchBar-application-manageresources-display-component---newResourceUnit--control-anchor"}]}
RESULT: {"script":"<script> [1562 bytes]","args":[{"selector":{"id":"application-manageresources-display-component---newResourceUnit--newRRUPage-anchBar-application-manageresources-display-component---newResourceUnit--control-anchor","interaction":{"idSuffix":"BDI-content"}},"wdio_ui5_key":"applicationmanageresources-display-component---newResourceUnit--newRRUPage-anchBar-application-manageresources-display-component---newResourceUnit--control-anchor"}]}
RESULT: undefined
COMMAND: POST /session/14914bc265bb4356720f02d527012ac9/element - {"using":"xpath","value":"//*[@id=\"application-manageresources-display-component---newResourceUnit--newRRUPage-anchBar-application-manageresources-display-component---newResourceUnit--control-anchor\"]"}
RESULT: {"using":"xpath","value":"//*[@id=\"application-manageresources-display-component---newResourceUnit--newRRUPage-anchBar-application-manageresources-display-component---newResourceUnit--control-anchor\"]"}
COMMAND: POST /session/14914bc265bb4356720f02d527012ac9/element/f.55D52B01A6CDCCA2B6FF0BD62C4B110C.d.9A69DA4437FCD5ECFC4DAC9E8764E292.e.4201/click - {}
RESULT: {}
COMMAND: POST /session/14914bc265bb4356720f02d527012ac9/execute/async - {"script":"<script> [1562 bytes]","args":[{"selector":{"id":"application-manageresources-display-component---newResourceUnit--PLANNING_GROUP","interaction":{"idSuffix":"inner"}},"wdio_ui5_key":"applicationmanageresources-display-component---newResourceUnit--PLANNING_GROUP"}]}
COMMAND: GET /session/14914bc265bb4356720f02d527012ac9/screenshot - {}
RESULT: {"script":"<script> [1562 bytes]","args":[{"selector":{"id":"application-manageresources-display-component---newResourceUnit--PLANNING_GROUP","interaction":{"idSuffix":"inner"}},"wdio_ui5_key":"applicationmanageresources-display-component---newResourceUnit--PLANNING_GROUP"}]}
RESULT: undefined
COMMAND: POST /session/14914bc265bb4356720f02d527012ac9/execute/async - {"script":"<script> [776 bytes]","args":[{"enterText":"Material","selector":{"id":"application-manageresources-display-component---newResourceUnit--PLANNING_GROUP","interaction":{"idSuffix":"inner"}},"clearTextFirst":true,"interactionType":"ENTER_TEXT"}]}
RESULT: {}
RESULT: {"script":"<script> [776 bytes]","args":[{"enterText":"Material","selector":{"id":"application-manageresources-display-component---newResourceUnit--PLANNING_GROUP","interaction":{"idSuffix":"inner"}},"clearTextFirst":true,"interactionType":"ENTER_TEXT"}]}
COMMAND: POST /session/14914bc265bb4356720f02d527012ac9/execute/async - {"script":"<script> [1562 bytes]","args":[{"selector":{"id":"application-manageresources-display-component---newResourceUnit--PLANNING_INDICATOR","interaction":{"idSuffix":"inner"}},"wdio_ui5_key":"applicationmanageresources-display-component---newResourceUnit--PLANNING_INDICATOR"}]}
RESULT: {"script":"<script> [1562 bytes]","args":[{"selector":{"id":"application-manageresources-display-component---newResourceUnit--PLANNING_INDICATOR","interaction":{"idSuffix":"inner"}},"wdio_ui5_key":"applicationmanageresources-display-component---newResourceUnit--PLANNING_INDICATOR"}]}
RESULT: undefined
COMMAND: POST /session/14914bc265bb4356720f02d527012ac9/execute/async - {"script":"<script> [776 bytes]","args":[{"enterText":"10 - infinite","selector":{"id":"application-manageresources-display-component---newResourceUnit--PLANNING_INDICATOR","interaction":{"idSuffix":"inner"}},"clearTextFirst":true,"interactionType":"ENTER_TEXT"}]}
RESULT: {"script":"<script> [776 bytes]","args":[{"enterText":"10 - infinite","selector":{"id":"application-manageresources-display-component---newResourceUnit--PLANNING_INDICATOR","interaction":{"idSuffix":"inner"}},"clearTextFirst":true,"interactionType":"ENTER_TEXT"}]}
COMMAND: POST /session/14914bc265bb4356720f02d527012ac9/element - {"using":"css selector","value":"#application-manageresources-display-component---newResourceUnit--btnAddTimeSegment"}
RESULT: {"using":"css selector","value":"#application-manageresources-display-component---newResourceUnit--btnAddTimeSegment"}
COMMAND: GET /session/14914bc265bb4356720f02d527012ac9/element/f.55D52B01A6CDCCA2B6FF0BD62C4B110C.d.9A69DA4437FCD5ECFC4DAC9E8764E292.e.4209/rect - {}
RESULT: {}
COMMAND: GET /session/14914bc265bb4356720f02d527012ac9/window/rect - {}
RESULT: {}
COMMAND: POST /session/14914bc265bb4356720f02d527012ac9/execute/sync - {"script":"<script> [92 bytes]","args":[]}
RESULT: {"script":"<script> [92 bytes]","args":[]}
COMMAND: POST /session/14914bc265bb4356720f02d527012ac9/actions - {"actions":[{"id":"action14","type":"wheel","parameters":{},"actions":[{"type":"scroll","x":-1888,"y":-32,"deltaX":0,"deltaY":0,"duration":0,"origin":{"element-6066-11e4-a52e-4f735466cecf":"f.55D52B01A6CDCCA2B6FF0BD62C4B110C.d.9A69DA4437FCD5ECFC4DAC9E8764E292.e.4209"}}]}]}
COMMAND: GET /session/14914bc265bb4356720f02d527012ac9/screenshot - {}
RESULT: {}
COMMAND: POST /session/14914bc265bb4356720f02d527012ac9/execute/sync - {"script":"<script> [79 bytes]","args":[{"element-6066-11e4-a52e-4f735466cecf":"f.55D52B01A6CDCCA2B6FF0BD62C4B110C.d.9A69DA4437FCD5ECFC4DAC9E8764E292.e.4209","ELEMENT":"f.55D52B01A6CDCCA2B6FF0BD62C4B110C.d.9A69DA4437FCD5ECFC4DAC9E8764E292.e.4209"},{"block":"start","inline":"nearest"}]}
RESULT: {"script":"<script> [79 bytes]","args":[{"element-6066-11e4-a52e-4f735466cecf":"f.55D52B01A6CDCCA2B6FF0BD62C4B110C.d.9A69DA4437FCD5ECFC4DAC9E8764E292.e.4209","ELEMENT":"f.55D52B01A6CDCCA2B6FF0BD62C4B110C.d.9A69DA4437FCD5ECFC4DAC9E8764E292.e.4209"},{"block":"start","inline":"nearest"}]}
COMMAND: POST /session/14914bc265bb4356720f02d527012ac9/execute/async - {"script":"<script> [1562 bytes]","args":[{"selector":{"id":"application-manageresources-display-component---newResourceUnit--btnAddTimeSegment","interaction":{"idSuffix":"inner"}},"wdio_ui5_key":"applicationmanageresources-display-component---newResourceUnit--btnAddTimeSegment"}]}
COMMAND: GET /session/14914bc265bb4356720f02d527012ac9/screenshot - {}
RESULT: {"script":"<script> [1562 bytes]","args":[{"selector":{"id":"application-manageresources-display-component---newResourceUnit--btnAddTimeSegment","interaction":{"idSuffix":"inner"}},"wdio_ui5_key":"applicationmanageresources-display-component---newResourceUnit--btnAddTimeSegment"}]}
RESULT: undefined
COMMAND: POST /session/14914bc265bb4356720f02d527012ac9/element - {"using":"xpath","value":"//*[@id=\"application-manageresources-display-component---newResourceUnit--btnAddTimeSegment\"]"}
RESULT: {}
RESULT: {"using":"xpath","value":"//*[@id=\"application-manageresources-display-component---newResourceUnit--btnAddTimeSegment\"]"}
COMMAND: POST /session/14914bc265bb4356720f02d527012ac9/element/f.55D52B01A6CDCCA2B6FF0BD62C4B110C.d.9A69DA4437FCD5ECFC4DAC9E8764E292.e.4209/click - {}
RESULT: {}
COMMAND: GET /session/14914bc265bb4356720f02d527012ac9/screenshot - {}
RESULT: {}
COMMAND: POST /session/14914bc265bb4356720f02d527012ac9/element - {"using":"xpath","value":"//input[@id=\"application-manageresources-display-component---newResourceUnit--idRuTSAdmin-application-manageresources-display-component---newResourceUnit--RUTimeSegment-0-inner\"]"}
RESULT: {"using":"xpath","value":"//input[@id=\"application-manageresources-display-component---newResourceUnit--idRuTSAdmin-application-manageresources-display-component---newResourceUnit--RUTimeSegment-0-inner\"]"}
COMMAND: POST /session/14914bc265bb4356720f02d527012ac9/element/f.55D52B01A6CDCCA2B6FF0BD62C4B110C.d.9A69DA4437FCD5ECFC4DAC9E8764E292.e.4214/clear - {}
RESULT: {}
COMMAND: POST /session/14914bc265bb4356720f02d527012ac9/element/f.55D52B01A6CDCCA2B6FF0BD62C4B110C.d.9A69DA4437FCD5ECFC4DAC9E8764E292.e.4214/value - {"text":"187"}
COMMAND: GET /session/14914bc265bb4356720f02d527012ac9/screenshot - {}
RESULT: {"text":"187"}
COMMAND: GET /session/14914bc265bb4356720f02d527012ac9/screenshot - {}
RESULT: {}
RESULT: {}
COMMAND: POST /session/14914bc265bb4356720f02d527012ac9/element - {"using":"xpath","value":"//li[.//span[text()='187']]"}
RESULT: {"using":"xpath","value":"//li[.//span[text()='187']]"}
COMMAND: POST /session/14914bc265bb4356720f02d527012ac9/element/f.55D52B01A6CDCCA2B6FF0BD62C4B110C.d.9A69DA4437FCD5ECFC4DAC9E8764E292.e.4222/click - {}
RESULT: {}
COMMAND: GET /session/14914bc265bb4356720f02d527012ac9/screenshot - {}
RESULT: {}
COMMAND: POST /session/14914bc265bb4356720f02d527012ac9/element - {"using":"xpath","value":"//*[contains(text(), \"Catalogs\")][contains(@id ,\"application-manageresources-display-component---newResourceUnit--newRRUPage-anchBar\")]"}
RESULT: {"using":"xpath","value":"//*[contains(text(), \"Catalogs\")][contains(@id ,\"application-manageresources-display-component---newResourceUnit--newRRUPage-anchBar\")]"}
COMMAND: POST /session/14914bc265bb4356720f02d527012ac9/element/f.55D52B01A6CDCCA2B6FF0BD62C4B110C.d.9A69DA4437FCD5ECFC4DAC9E8764E292.e.4223/click - {}
RESULT: {}
COMMAND: GET /session/14914bc265bb4356720f02d527012ac9/screenshot - {}
RESULT: {}
COMMAND: POST /session/14914bc265bb4356720f02d527012ac9/element - {"using":"xpath","value":"//*[contains(text(), \"Assign\")][contains(@id ,\"button\")]"}
RESULT: {"using":"xpath","value":"//*[contains(text(), \"Assign\")][contains(@id ,\"button\")]"}
COMMAND: POST /session/14914bc265bb4356720f02d527012ac9/element/f.55D52B01A6CDCCA2B6FF0BD62C4B110C.d.9A69DA4437FCD5ECFC4DAC9E8764E292.e.4227/click - {}
RESULT: {}
COMMAND: GET /session/14914bc265bb4356720f02d527012ac9/screenshot - {}
RESULT: {}
COMMAND: POST /session/14914bc265bb4356720f02d527012ac9/element - {"using":"xpath","value":"//span[@id = \"application-manageresources-display-component---newResourceUnit--catalogSelect-arrow\"]"}
RESULT: {"using":"xpath","value":"//span[@id = \"application-manageresources-display-component---newResourceUnit--catalogSelect-arrow\"]"}
COMMAND: POST /session/14914bc265bb4356720f02d527012ac9/element/f.55D52B01A6CDCCA2B6FF0BD62C4B110C.d.9A69DA4437FCD5ECFC4DAC9E8764E292.e.4235/click - {}
RESULT: {}
COMMAND: GET /session/14914bc265bb4356720f02d527012ac9/screenshot - {}
RESULT: {}
COMMAND: POST /session/14914bc265bb4356720f02d527012ac9/element - {"using":"xpath","value":"//li[.//span[text()=\"Webshop Catalog\"]]"}
RESULT: {"using":"xpath","value":"//li[.//span[text()=\"Webshop Catalog\"]]"}
COMMAND: POST /session/14914bc265bb4356720f02d527012ac9/element/f.55D52B01A6CDCCA2B6FF0BD62C4B110C.d.9A69DA4437FCD5ECFC4DAC9E8764E292.e.4236/click - {}
RESULT: {}
COMMAND: GET /session/14914bc265bb4356720f02d527012ac9/screenshot - {}
RESULT: {}
COMMAND: POST /session/14914bc265bb4356720f02d527012ac9/element - {"using":"xpath","value":"//span[@id = \"application-manageresources-display-component---newResourceUnit--catalogItemSelect-arrow\"]"}
RESULT: {"using":"xpath","value":"//span[@id = \"application-manageresources-display-component---newResourceUnit--catalogItemSelect-arrow\"]"}
COMMAND: POST /session/14914bc265bb4356720f02d527012ac9/element/f.55D52B01A6CDCCA2B6FF0BD62C4B110C.d.9A69DA4437FCD5ECFC4DAC9E8764E292.e.4237/click - {}
RESULT: {}
COMMAND: GET /session/14914bc265bb4356720f02d527012ac9/screenshot - {}
RESULT: {}
COMMAND: POST /session/14914bc265bb4356720f02d527012ac9/element - {"using":"xpath","value":"//li[.//span[text()=\"Concert - Concert \"]]"}
RESULT: {"using":"xpath","value":"//li[.//span[text()=\"Concert - Concert \"]]"}
COMMAND: POST /session/14914bc265bb4356720f02d527012ac9/element/f.55D52B01A6CDCCA2B6FF0BD62C4B110C.d.9A69DA4437FCD5ECFC4DAC9E8764E292.e.4238/click - {}
RESULT: {}
COMMAND: GET /session/14914bc265bb4356720f02d527012ac9/screenshot - {}
RESULT: {}
COMMAND: POST /session/14914bc265bb4356720f02d527012ac9/execute/async - {"script":"<script> [1562 bytes]","args":[{"selector":{"id":"application-manageresources-display-component---newResourceUnit--RUAssignmentSaveButton","searchOpenDialogs":true,"interaction":{"idSuffix":"BDI-content"}},"wdio_ui5_key":"applicationmanageresources-display-component---newResourceUnit--RUAssignmentSaveButton"}]}
RESULT: {"script":"<script> [1562 bytes]","args":[{"selector":{"id":"application-manageresources-display-component---newResourceUnit--RUAssignmentSaveButton","searchOpenDialogs":true,"interaction":{"idSuffix":"BDI-content"}},"wdio_ui5_key":"applicationmanageresources-display-component---newResourceUnit--RUAssignmentSaveButton"}]}
RESULT: undefined
COMMAND: POST /session/14914bc265bb4356720f02d527012ac9/element - {"using":"xpath","value":"//*[@id=\"application-manageresources-display-component---newResourceUnit--RUAssignmentSaveButton\"]"}
RESULT: {"using":"xpath","value":"//*[@id=\"application-manageresources-display-component---newResourceUnit--RUAssignmentSaveButton\"]"}
COMMAND: POST /session/14914bc265bb4356720f02d527012ac9/element/f.55D52B01A6CDCCA2B6FF0BD62C4B110C.d.9A69DA4437FCD5ECFC4DAC9E8764E292.e.4254/click - {}
RESULT: {}
COMMAND: GET /session/14914bc265bb4356720f02d527012ac9/screenshot - {}
RESULT: {}
COMMAND: POST /session/14914bc265bb4356720f02d527012ac9/element - {"using":"xpath","value":"//button[@data-kt=\"resourceUnitSaveButton\"]"}
RESULT: {"using":"xpath","value":"//button[@data-kt=\"resourceUnitSaveButton\"]"}
COMMAND: POST /session/14914bc265bb4356720f02d527012ac9/element/f.55D52B01A6CDCCA2B6FF0BD62C4B110C.d.9A69DA4437FCD5ECFC4DAC9E8764E292.e.4086/click - {}
RESULT: {}
COMMAND: GET /session/14914bc265bb4356720f02d527012ac9/screenshot - {}
RESULT: {}
COMMAND: POST /session/14914bc265bb4356720f02d527012ac9/element - {"using":"xpath","value":"//bdi[contains(text(), \"Close\")]"}
RESULT: {"using":"xpath","value":"//bdi[contains(text(), \"Close\")]"}
COMMAND: POST /session/14914bc265bb4356720f02d527012ac9/element/f.55D52B01A6CDCCA2B6FF0BD62C4B110C.d.9A69DA4437FCD5ECFC4DAC9E8764E292.e.4263/click - {}
RESULT: {}
COMMAND: GET /session/14914bc265bb4356720f02d527012ac9/screenshot - {}
RESULT: {}
COMMAND: POST /session/14914bc265bb4356720f02d527012ac9/element - {"using":"xpath","value":"//header[contains(@id, 'detailRruPage-headerTitle')]/div[1]/div[2]/div[2]/span[1]"}
RESULT: {"using":"xpath","value":"//header[contains(@id, 'detailRruPage-headerTitle')]/div[1]/div[2]/div[2]/span[1]"}
COMMAND: POST /session/14914bc265bb4356720f02d527012ac9/elements - {"using":"xpath","value":"//header[contains(@id, 'detailRruPage-headerTitle')]/div[1]/div[2]/div[2]/span[1]"}
RESULT: {"using":"xpath","value":"//header[contains(@id, 'detailRruPage-headerTitle')]/div[1]/div[2]/div[2]/span[1]"}
COMMAND: POST /session/14914bc265bb4356720f02d527012ac9/execute/sync - {"script":"<script> [56 bytes]","args":[{"element-6066-11e4-a52e-4f735466cecf":"f.55D52B01A6CDCCA2B6FF0BD62C4B110C.d.9A69DA4437FCD5ECFC4DAC9E8764E292.e.4292","ELEMENT":"f.55D52B01A6CDCCA2B6FF0BD62C4B110C.d.9A69DA4437FCD5ECFC4DAC9E8764E292.e.4292"}]}
RESULT: {"script":"<script> [56 bytes]","args":[{"element-6066-11e4-a52e-4f735466cecf":"f.55D52B01A6CDCCA2B6FF0BD62C4B110C.d.9A69DA4437FCD5ECFC4DAC9E8764E292.e.4292","ELEMENT":"f.55D52B01A6CDCCA2B6FF0BD62C4B110C.d.9A69DA4437FCD5ECFC4DAC9E8764E292.e.4292"}]}
COMMAND: POST /session/14914bc265bb4356720f02d527012ac9/element - {"using":"css selector","value":"#shell-header-logo"}
COMMAND: GET /session/14914bc265bb4356720f02d527012ac9/screenshot - {}
RESULT: {"using":"css selector","value":"#shell-header-logo"}
COMMAND: POST /session/14914bc265bb4356720f02d527012ac9/element/f.55D52B01A6CDCCA2B6FF0BD62C4B110C.d.9A69DA4437FCD5ECFC4DAC9E8764E292.e.3678/click - {}
RESULT: {}
RESULT: {}
COMMAND: GET /session/14914bc265bb4356720f02d527012ac9/screenshot - {}
RESULT: {}
]]></system-out>
    </testcase>
    <testcase classname="chrome.137_0_7151_69.windows.Yard_Overview_Autoplanning_US130989" name="Should create a new request and add the material" time="100.382">
      <system-out><![CDATA[
COMMAND: POST /session/14914bc265bb4356720f02d527012ac9/execute/async - {"script":"<script> [1562 bytes]","args":[{"selector":{"controlType":"sap.m.GenericTile","properties":{"header":"Manage Requests"}},"wdio_ui5_key":"sapm.GenericTile{\"header\":\"Manage Requests\"}"}]}
RESULT: {"script":"<script> [1562 bytes]","args":[{"selector":{"controlType":"sap.m.GenericTile","properties":{"header":"Manage Requests"}},"wdio_ui5_key":"sapm.GenericTile{\"header\":\"Manage Requests\"}"}]}
RESULT: undefined
COMMAND: POST /session/14914bc265bb4356720f02d527012ac9/element - {"using":"xpath","value":"//*[@id=\"__tile48\"]"}
RESULT: {"using":"xpath","value":"//*[@id=\"__tile48\"]"}
COMMAND: POST /session/14914bc265bb4356720f02d527012ac9/element/f.55D52B01A6CDCCA2B6FF0BD62C4B110C.d.9A69DA4437FCD5ECFC4DAC9E8764E292.e.3664/click - {}
RESULT: {}
COMMAND: GET /session/14914bc265bb4356720f02d527012ac9/screenshot - {}
RESULT: {}
COMMAND: POST /session/14914bc265bb4356720f02d527012ac9/elements - {"using":"xpath","value":"//span[text()='Error']"}
RESULT: {"using":"xpath","value":"//span[text()='Error']"}
COMMAND: POST /session/14914bc265bb4356720f02d527012ac9/execute/async - {"script":"<script> [1562 bytes]","args":[{"selector":{"id":"btnCreateNew","viewName":"etm.portal.ui.managerequests.view.Master","interaction":{"idSuffix":"inner"}},"wdio_ui5_key":"btnCreateNewetmportal.ui.managerequests.view.Master"}]}
RESULT: {"script":"<script> [1562 bytes]","args":[{"selector":{"id":"btnCreateNew","viewName":"etm.portal.ui.managerequests.view.Master","interaction":{"idSuffix":"inner"}},"wdio_ui5_key":"btnCreateNewetmportal.ui.managerequests.view.Master"}]}
RESULT: undefined
COMMAND: POST /session/14914bc265bb4356720f02d527012ac9/element - {"using":"xpath","value":"//*[@id=\"__xmlview59--btnCreateNew\"]"}
RESULT: {"using":"xpath","value":"//*[@id=\"__xmlview59--btnCreateNew\"]"}
COMMAND: POST /session/14914bc265bb4356720f02d527012ac9/element/f.55D52B01A6CDCCA2B6FF0BD62C4B110C.d.9A69DA4437FCD5ECFC4DAC9E8764E292.e.4349/click - {}
RESULT: {}
COMMAND: GET /session/14914bc265bb4356720f02d527012ac9/screenshot - {}
RESULT: {}
COMMAND: POST /session/14914bc265bb4356720f02d527012ac9/execute/async - {"script":"<script> [1562 bytes]","args":[{"selector":{"controlType":"sap.ui.core.Icon","viewName":"etm.portal.ui.managerequests.view.NewRequest","properties":{"src":{"regex":{"source":"full\\-screen"}}}},"wdio_ui5_key":"etmportal.ui.managerequests.view.NewRequestsap.ui.core.Icon{\"src\":{\"regex\":{\"source\":\"full\\\\-screen\"}}}"}]}
RESULT: {"script":"<script> [1562 bytes]","args":[{"selector":{"controlType":"sap.ui.core.Icon","viewName":"etm.portal.ui.managerequests.view.NewRequest","properties":{"src":{"regex":{"source":"full\\-screen"}}}},"wdio_ui5_key":"etmportal.ui.managerequests.view.NewRequestsap.ui.core.Icon{\"src\":{\"regex\":{\"source\":\"full\\\\-screen\"}}}"}]}
RESULT: undefined
COMMAND: POST /session/14914bc265bb4356720f02d527012ac9/element - {"using":"xpath","value":"//*[@id=\"__button83-img\"]"}
RESULT: {"using":"xpath","value":"//*[@id=\"__button83-img\"]"}
COMMAND: POST /session/14914bc265bb4356720f02d527012ac9/element/f.55D52B01A6CDCCA2B6FF0BD62C4B110C.d.9A69DA4437FCD5ECFC4DAC9E8764E292.e.4767/click - {}
RESULT: {}
COMMAND: GET /session/14914bc265bb4356720f02d527012ac9/screenshot - {}
RESULT: {}
COMMAND: POST /session/14914bc265bb4356720f02d527012ac9/element - {"using":"xpath","value":"//input[contains(@id ,\"yardId-inner\")]"}
RESULT: {"using":"xpath","value":"//input[contains(@id ,\"yardId-inner\")]"}
COMMAND: POST /session/14914bc265bb4356720f02d527012ac9/element/f.55D52B01A6CDCCA2B6FF0BD62C4B110C.d.9A69DA4437FCD5ECFC4DAC9E8764E292.e.4598/value - {"text":"187"}
RESULT: {"text":"187"}
COMMAND: GET /session/14914bc265bb4356720f02d527012ac9/screenshot - {}
RESULT: {}
COMMAND: POST /session/14914bc265bb4356720f02d527012ac9/element - {"using":"xpath","value":"//li[.//span[text()='187']]"}
RESULT: {"using":"xpath","value":"//li[.//span[text()='187']]"}
COMMAND: POST /session/14914bc265bb4356720f02d527012ac9/element/f.55D52B01A6CDCCA2B6FF0BD62C4B110C.d.9A69DA4437FCD5ECFC4DAC9E8764E292.e.4811/click - {}
RESULT: {}
COMMAND: GET /session/14914bc265bb4356720f02d527012ac9/screenshot - {}
RESULT: {}
COMMAND: POST /session/14914bc265bb4356720f02d527012ac9/element - {"using":"xpath","value":"//input[contains(@id ,\"customerNumber-inner\")]"}
RESULT: {"using":"xpath","value":"//input[contains(@id ,\"customerNumber-inner\")]"}
COMMAND: POST /session/14914bc265bb4356720f02d527012ac9/element/f.55D52B01A6CDCCA2B6FF0BD62C4B110C.d.9A69DA4437FCD5ECFC4DAC9E8764E292.e.4592/clear - {}
RESULT: {}
COMMAND: POST /session/14914bc265bb4356720f02d527012ac9/element/f.55D52B01A6CDCCA2B6FF0BD62C4B110C.d.9A69DA4437FCD5ECFC4DAC9E8764E292.e.4592/value - {"text":"1049"}
COMMAND: GET /session/14914bc265bb4356720f02d527012ac9/screenshot - {}
RESULT: {"text":"1049"}
COMMAND: GET /session/14914bc265bb4356720f02d527012ac9/screenshot - {}
RESULT: {}
RESULT: {}
COMMAND: POST /session/14914bc265bb4356720f02d527012ac9/element - {"using":"xpath","value":"//li[.//span[text()='1049']]"}
RESULT: {"using":"xpath","value":"//li[.//span[text()='1049']]"}
COMMAND: POST /session/14914bc265bb4356720f02d527012ac9/element/f.55D52B01A6CDCCA2B6FF0BD62C4B110C.d.9A69DA4437FCD5ECFC4DAC9E8764E292.e.4813/click - {}
RESULT: {}
COMMAND: GET /session/14914bc265bb4356720f02d527012ac9/screenshot - {}
RESULT: {}
COMMAND: POST /session/14914bc265bb4356720f02d527012ac9/element - {"using":"xpath","value":"//button[contains(@id ,\"btnAddTableRow\")]"}
RESULT: {"using":"xpath","value":"//button[contains(@id ,\"btnAddTableRow\")]"}
COMMAND: POST /session/14914bc265bb4356720f02d527012ac9/element/f.55D52B01A6CDCCA2B6FF0BD62C4B110C.d.9A69DA4437FCD5ECFC4DAC9E8764E292.e.4570/click - {}
RESULT: {}
COMMAND: GET /session/14914bc265bb4356720f02d527012ac9/screenshot - {}
RESULT: {}
COMMAND: POST /session/14914bc265bb4356720f02d527012ac9/actions - {"actions":[{"id":"action15","type":"key","parameters":{},"actions":[{"type":"keyDown","value":"î€•"},{"type":"pause","duration":10},{"type":"keyUp","value":"î€•"}]}]}
RESULT: {"actions":[{"id":"action15","type":"key","parameters":{},"actions":[{"type":"keyDown","value":"î€•"},{"type":"pause","duration":10},{"type":"keyUp","value":"î€•"}]}]}
COMMAND: POST /session/14914bc265bb4356720f02d527012ac9/actions - {"actions":[{"id":"action16","type":"key","parameters":{},"actions":[{"type":"keyDown","value":"î€‡"},{"type":"pause","duration":10},{"type":"keyUp","value":"î€‡"}]}]}
COMMAND: GET /session/14914bc265bb4356720f02d527012ac9/screenshot - {}
RESULT: {"actions":[{"id":"action16","type":"key","parameters":{},"actions":[{"type":"keyDown","value":"î€‡"},{"type":"pause","duration":10},{"type":"keyUp","value":"î€‡"}]}]}
COMMAND: GET /session/14914bc265bb4356720f02d527012ac9/screenshot - {}
RESULT: {}
RESULT: {}
COMMAND: POST /session/14914bc265bb4356720f02d527012ac9/element - {"using":"xpath","value":"//table[contains(@id, \"requestItemsTable-listUl\")]//tbody/tr[1]/td[3]/div/div/input"}
RESULT: {"using":"xpath","value":"//table[contains(@id, \"requestItemsTable-listUl\")]//tbody/tr[1]/td[3]/div/div/input"}
COMMAND: POST /session/14914bc265bb4356720f02d527012ac9/element/f.55D52B01A6CDCCA2B6FF0BD62C4B110C.d.9A69DA4437FCD5ECFC4DAC9E8764E292.e.4817/clear - {}
RESULT: {}
COMMAND: POST /session/14914bc265bb4356720f02d527012ac9/element/f.55D52B01A6CDCCA2B6FF0BD62C4B110C.d.9A69DA4437FCD5ECFC4DAC9E8764E292.e.4817/value - {"text":"Concert"}
COMMAND: GET /session/14914bc265bb4356720f02d527012ac9/screenshot - {}
RESULT: {"text":"Concert"}
COMMAND: GET /session/14914bc265bb4356720f02d527012ac9/screenshot - {}
RESULT: {}
RESULT: {}
COMMAND: POST /session/14914bc265bb4356720f02d527012ac9/element - {"using":"xpath","value":"//li[.//span[contains(text(), \"Concert\")]]"}
RESULT: {"using":"xpath","value":"//li[.//span[contains(text(), \"Concert\")]]"}
COMMAND: POST /session/14914bc265bb4356720f02d527012ac9/element/f.55D52B01A6CDCCA2B6FF0BD62C4B110C.d.9A69DA4437FCD5ECFC4DAC9E8764E292.e.4829/click - {}
RESULT: {}
COMMAND: GET /session/14914bc265bb4356720f02d527012ac9/screenshot - {}
RESULT: {}
COMMAND: POST /session/14914bc265bb4356720f02d527012ac9/execute/async - {"script":"<script> [1562 bytes]","args":[{"selector":{"controlType":"sap.ui.core.Icon","viewName":"etm.portal.ui.managerequests.view.NewRequest","properties":{"src":{"regex":{"source":"message\\-error"}}},"ancestor":{"controlType":"sap.m.ColumnListItem","viewName":"etm.portal.ui.managerequests.view.NewRequest","bindingPath":{"modelName":"newRequestItems","path":"/RequestItems/0"},"ancestor":{"id":"requestItemsTable","viewName":"etm.portal.ui.managerequests.view.NewRequest"}}},"wdio_ui5_key":"etmportal.ui.managerequests.view.NewRequestsap.ui.core.Icon{\"src\":{\"regex\":{\"source\":\"message\\\\-error\"}}}{\"controlType\":\"sap.m.ColumnListItem\",\"viewName\":\"etm.portal.ui.managerequests.view.NewRequest\",\"bindingPath\":{\"modelName\":\"newRequestItems\",\"path\":\"/RequestItems/0\"},\"ancestor\":{\"id\":\"requestItemsTable\",\"viewName\":\"etm.portal.ui.managerequests.view.NewRequest\"}}"}]}
RESULT: {"script":"<script> [1562 bytes]","args":[{"selector":{"controlType":"sap.ui.core.Icon","viewName":"etm.portal.ui.managerequests.view.NewRequest","properties":{"src":{"regex":{"source":"message\\-error"}}},"ancestor":{"controlType":"sap.m.ColumnListItem","viewName":"etm.portal.ui.managerequests.view.NewRequest","bindingPath":{"modelName":"newRequestItems","path":"/RequestItems/0"},"ancestor":{"id":"requestItemsTable","viewName":"etm.portal.ui.managerequests.view.NewRequest"}}},"wdio_ui5_key":"etmportal.ui.managerequests.view.NewRequestsap.ui.core.Icon{\"src\":{\"regex\":{\"source\":\"message\\\\-error\"}}}{\"controlType\":\"sap.m.ColumnListItem\",\"viewName\":\"etm.portal.ui.managerequests.view.NewRequest\",\"bindingPath\":{\"modelName\":\"newRequestItems\",\"path\":\"/RequestItems/0\"},\"ancestor\":{\"id\":\"requestItemsTable\",\"viewName\":\"etm.portal.ui.managerequests.view.NewRequest\"}}"}]}
RESULT: undefined
COMMAND: POST /session/14914bc265bb4356720f02d527012ac9/element - {"using":"xpath","value":"//*[@id=\"__status10-__xmlview60--requestItemsTable-0-icon\"]"}
RESULT: {"using":"xpath","value":"//*[@id=\"__status10-__xmlview60--requestItemsTable-0-icon\"]"}
COMMAND: POST /session/14914bc265bb4356720f02d527012ac9/element/f.55D52B01A6CDCCA2B6FF0BD62C4B110C.d.9A69DA4437FCD5ECFC4DAC9E8764E292.e.4830/click - {}
RESULT: {}
COMMAND: POST /session/14914bc265bb4356720f02d527012ac9/execute/async - {"script":"<script> [1562 bytes]","args":[{"selector":{"controlType":"sap.ui.core.Icon","viewName":"etm.portal.ui.managerequests.view.NewRequest","properties":{"src":{"regex":{"source":"slim\\-arrow\\-down"}}},"searchOpenDialogs":true,"ancestor":{"id":"costObjectAdminTypeComboBox","viewName":"etm.portal.ui.managerequests.view.NewRequest","searchOpenDialogs":true}},"wdio_ui5_key":"etmportal.ui.managerequests.view.NewRequestsap.ui.core.Icon{\"src\":{\"regex\":{\"source\":\"slim\\\\-arrow\\\\-down\"}}}{\"id\":\"costObjectAdminTypeComboBox\",\"viewName\":\"etm.portal.ui.managerequests.view.NewRequest\",\"searchOpenDialogs\":true}"}]}
COMMAND: GET /session/14914bc265bb4356720f02d527012ac9/screenshot - {}
RESULT: {"script":"<script> [1562 bytes]","args":[{"selector":{"controlType":"sap.ui.core.Icon","viewName":"etm.portal.ui.managerequests.view.NewRequest","properties":{"src":{"regex":{"source":"slim\\-arrow\\-down"}}},"searchOpenDialogs":true,"ancestor":{"id":"costObjectAdminTypeComboBox","viewName":"etm.portal.ui.managerequests.view.NewRequest","searchOpenDialogs":true}},"wdio_ui5_key":"etmportal.ui.managerequests.view.NewRequestsap.ui.core.Icon{\"src\":{\"regex\":{\"source\":\"slim\\\\-arrow\\\\-down\"}}}{\"id\":\"costObjectAdminTypeComboBox\",\"viewName\":\"etm.portal.ui.managerequests.view.NewRequest\",\"searchOpenDialogs\":true}"}]}
RESULT: undefined
COMMAND: POST /session/14914bc265bb4356720f02d527012ac9/element - {"using":"xpath","value":"//*[@id=\"__xmlview60--costObjectAdminTypeComboBox-arrow\"]"}
RESULT: {}
RESULT: {"using":"xpath","value":"//*[@id=\"__xmlview60--costObjectAdminTypeComboBox-arrow\"]"}
COMMAND: POST /session/14914bc265bb4356720f02d527012ac9/element/f.55D52B01A6CDCCA2B6FF0BD62C4B110C.d.9A69DA4437FCD5ECFC4DAC9E8764E292.e.4834/click - {}
RESULT: {}
COMMAND: GET /session/14914bc265bb4356720f02d527012ac9/screenshot - {}
RESULT: {}
COMMAND: POST /session/14914bc265bb4356720f02d527012ac9/execute/async - {"script":"<script> [1562 bytes]","args":[{"selector":{"controlType":"sap.m.StandardListItem","viewName":"etm.portal.ui.managerequests.view.NewRequest","properties":{"title":"Cost Center"},"searchOpenDialogs":true,"interaction":{"idSuffix":"content"}},"wdio_ui5_key":"etmportal.ui.managerequests.view.NewRequestsap.m.StandardListItem{\"title\":\"Cost Center\"}"}]}
RESULT: {"script":"<script> [1562 bytes]","args":[{"selector":{"controlType":"sap.m.StandardListItem","viewName":"etm.portal.ui.managerequests.view.NewRequest","properties":{"title":"Cost Center"},"searchOpenDialogs":true,"interaction":{"idSuffix":"content"}},"wdio_ui5_key":"etmportal.ui.managerequests.view.NewRequestsap.m.StandardListItem{\"title\":\"Cost Center\"}"}]}
RESULT: undefined
COMMAND: POST /session/14914bc265bb4356720f02d527012ac9/element - {"using":"xpath","value":"//*[@id=\"__item828\"]"}
RESULT: {"using":"xpath","value":"//*[@id=\"__item828\"]"}
COMMAND: POST /session/14914bc265bb4356720f02d527012ac9/element/f.55D52B01A6CDCCA2B6FF0BD62C4B110C.d.9A69DA4437FCD5ECFC4DAC9E8764E292.e.4838/click - {}
RESULT: {}
COMMAND: GET /session/14914bc265bb4356720f02d527012ac9/screenshot - {}
RESULT: {}
COMMAND: POST /session/14914bc265bb4356720f02d527012ac9/execute/async - {"script":"<script> [1562 bytes]","args":[{"selector":{"controlType":"sap.m.Button","viewName":"etm.portal.ui.managerequests.view.NewRequest","i18NText":{"propertyName":"text","key":"save"},"searchOpenDialogs":true,"interaction":{"idSuffix":"inner"}},"wdio_ui5_key":"etmportal.ui.managerequests.view.NewRequestsap.m.Button{\"propertyName\":\"text\",\"key\":\"save\"}"}]}
RESULT: {"script":"<script> [1562 bytes]","args":[{"selector":{"controlType":"sap.m.Button","viewName":"etm.portal.ui.managerequests.view.NewRequest","i18NText":{"propertyName":"text","key":"save"},"searchOpenDialogs":true,"interaction":{"idSuffix":"inner"}},"wdio_ui5_key":"etmportal.ui.managerequests.view.NewRequestsap.m.Button{\"propertyName\":\"text\",\"key\":\"save\"}"}]}
RESULT: undefined
COMMAND: POST /session/14914bc265bb4356720f02d527012ac9/element - {"using":"xpath","value":"//*[@id=\"__button100\"]"}
RESULT: {"using":"xpath","value":"//*[@id=\"__button100\"]"}
COMMAND: POST /session/14914bc265bb4356720f02d527012ac9/element/f.55D52B01A6CDCCA2B6FF0BD62C4B110C.d.9A69DA4437FCD5ECFC4DAC9E8764E292.e.4845/click - {}
RESULT: {}
COMMAND: GET /session/14914bc265bb4356720f02d527012ac9/screenshot - {}
RESULT: {}
COMMAND: POST /session/14914bc265bb4356720f02d527012ac9/execute/async - {"script":"<script> [1562 bytes]","args":[{"selector":{"controlType":"sap.m.Button","viewName":"etm.portal.ui.managerequests.view.NewRequest","i18NText":{"propertyName":"tooltip","key":"save"},"interaction":{"idSuffix":"BDI-content"}},"wdio_ui5_key":"etmportal.ui.managerequests.view.NewRequestsap.m.Button{\"propertyName\":\"tooltip\",\"key\":\"save\"}"}]}
RESULT: {"script":"<script> [1562 bytes]","args":[{"selector":{"controlType":"sap.m.Button","viewName":"etm.portal.ui.managerequests.view.NewRequest","i18NText":{"propertyName":"tooltip","key":"save"},"interaction":{"idSuffix":"BDI-content"}},"wdio_ui5_key":"etmportal.ui.managerequests.view.NewRequestsap.m.Button{\"propertyName\":\"tooltip\",\"key\":\"save\"}"}]}
RESULT: undefined
COMMAND: POST /session/14914bc265bb4356720f02d527012ac9/element - {"using":"xpath","value":"//*[@id=\"__button90\"]"}
RESULT: {"using":"xpath","value":"//*[@id=\"__button90\"]"}
COMMAND: POST /session/14914bc265bb4356720f02d527012ac9/element/f.55D52B01A6CDCCA2B6FF0BD62C4B110C.d.9A69DA4437FCD5ECFC4DAC9E8764E292.e.4712/click - {}
RESULT: {}
COMMAND: POST /session/14914bc265bb4356720f02d527012ac9/execute/async - {"script":"<script> [1562 bytes]","args":[{"selector":{"controlType":"sap.m.Button","properties":{"text":"Close"},"searchOpenDialogs":true,"interaction":{"idSuffix":"inner"}},"wdio_ui5_key":"sapm.Button{\"text\":\"Close\"}"}]}
COMMAND: GET /session/14914bc265bb4356720f02d527012ac9/screenshot - {}
RESULT: {"script":"<script> [1562 bytes]","args":[{"selector":{"controlType":"sap.m.Button","properties":{"text":"Close"},"searchOpenDialogs":true,"interaction":{"idSuffix":"inner"}},"wdio_ui5_key":"sapm.Button{\"text\":\"Close\"}"}]}
RESULT: undefined
COMMAND: POST /session/14914bc265bb4356720f02d527012ac9/element - {"using":"xpath","value":"//*[@id=\"__mbox-btn-1\"]"}
RESULT: {}
RESULT: {"using":"xpath","value":"//*[@id=\"__mbox-btn-1\"]"}
COMMAND: POST /session/14914bc265bb4356720f02d527012ac9/element/f.55D52B01A6CDCCA2B6FF0BD62C4B110C.d.9A69DA4437FCD5ECFC4DAC9E8764E292.e.4849/click - {}
RESULT: {}
COMMAND: GET /session/14914bc265bb4356720f02d527012ac9/screenshot - {}
COMMAND: POST /session/14914bc265bb4356720f02d527012ac9/execute/async - {"script":"<script> [1562 bytes]","args":[{"selector":{"controlType":"sap.m.Text","viewName":"etm.portal.ui.managerequests.view.Detail","bindingPath":{"propertyPath":"NO","modelName":"catalogModel"}},"wdio_ui5_key":"etmportal.ui.managerequests.view.Detailsap.m.Text{\"propertyPath\":\"NO\",\"modelName\":\"catalogModel\"}"}]}
RESULT: {}
RESULT: {"script":"<script> [1562 bytes]","args":[{"selector":{"controlType":"sap.m.Text","viewName":"etm.portal.ui.managerequests.view.Detail","bindingPath":{"propertyPath":"NO","modelName":"catalogModel"}},"wdio_ui5_key":"etmportal.ui.managerequests.view.Detailsap.m.Text{\"propertyPath\":\"NO\",\"modelName\":\"catalogModel\"}"}]}
RESULT: undefined
COMMAND: POST /session/14914bc265bb4356720f02d527012ac9/execute/async - {"script":"<script> [6424 bytes]","args":[{"element-6066-11e4-a52e-4f735466cecf":"f.55D52B01A6CDCCA2B6FF0BD62C4B110C.d.9A69DA4437FCD5ECFC4DAC9E8764E292.e.5051"},"getText",[]]}
RESULT: {"script":"<script> [6424 bytes]","args":[{"element-6066-11e4-a52e-4f735466cecf":"f.55D52B01A6CDCCA2B6FF0BD62C4B110C.d.9A69DA4437FCD5ECFC4DAC9E8764E292.e.5051"},"getText",[]]}
COMMAND: POST /session/14914bc265bb4356720f02d527012ac9/element - {"using":"css selector","value":"#shell-header-logo"}
RESULT: {"using":"css selector","value":"#shell-header-logo"}
COMMAND: POST /session/14914bc265bb4356720f02d527012ac9/element/f.55D52B01A6CDCCA2B6FF0BD62C4B110C.d.9A69DA4437FCD5ECFC4DAC9E8764E292.e.4296/click - {}
RESULT: {}
COMMAND: GET /session/14914bc265bb4356720f02d527012ac9/screenshot - {}
RESULT: {}
]]></system-out>
    </testcase>
    <testcase classname="chrome.137_0_7151_69.windows.Yard_Overview_Autoplanning_US130989" name="Should navigate to Yard overview and plan the request" time="128.973">
      <system-out><![CDATA[
COMMAND: POST /session/14914bc265bb4356720f02d527012ac9/execute/async - {"script":"<script> [1562 bytes]","args":[{"selector":{"controlType":"sap.m.GenericTile","properties":{"header":"Yard Overview"}},"wdio_ui5_key":"sapm.GenericTile{\"header\":\"Yard Overview\"}"}]}
RESULT: {"script":"<script> [1562 bytes]","args":[{"selector":{"controlType":"sap.m.GenericTile","properties":{"header":"Yard Overview"}},"wdio_ui5_key":"sapm.GenericTile{\"header\":\"Yard Overview\"}"}]}
RESULT: undefined
COMMAND: POST /session/14914bc265bb4356720f02d527012ac9/element - {"using":"xpath","value":"//*[@id=\"__tile104\"]"}
RESULT: {"using":"xpath","value":"//*[@id=\"__tile104\"]"}
COMMAND: POST /session/14914bc265bb4356720f02d527012ac9/element/f.55D52B01A6CDCCA2B6FF0BD62C4B110C.d.9A69DA4437FCD5ECFC4DAC9E8764E292.e.5057/click - {}
RESULT: {}
COMMAND: GET /session/14914bc265bb4356720f02d527012ac9/screenshot - {}
RESULT: {}
COMMAND: POST /session/14914bc265bb4356720f02d527012ac9/elements - {"using":"xpath","value":"//span[text()='Error']"}
RESULT: {"using":"xpath","value":"//span[text()='Error']"}
COMMAND: POST /session/14914bc265bb4356720f02d527012ac9/execute/async - {"script":"<script> [1562 bytes]","args":[{"selector":{"id":"application-yardoverview-display-component---masterYardInventory--smartFilterBar-btnBasicSearch","interaction":{"idSuffix":"I"}},"wdio_ui5_key":"applicationyardoverview-display-component---masterYardInventory--smartFilterBar-btnBasicSearch"}]}
RESULT: {"script":"<script> [1562 bytes]","args":[{"selector":{"id":"application-yardoverview-display-component---masterYardInventory--smartFilterBar-btnBasicSearch","interaction":{"idSuffix":"I"}},"wdio_ui5_key":"applicationyardoverview-display-component---masterYardInventory--smartFilterBar-btnBasicSearch"}]}
RESULT: undefined
COMMAND: POST /session/14914bc265bb4356720f02d527012ac9/execute/async - {"script":"<script> [776 bytes]","args":[{"enterText":"187","selector":{"id":"application-yardoverview-display-component---masterYardInventory--smartFilterBar-btnBasicSearch","interaction":{"idSuffix":"I"}},"clearTextFirst":true,"interactionType":"ENTER_TEXT"}]}
RESULT: {"script":"<script> [776 bytes]","args":[{"enterText":"187","selector":{"id":"application-yardoverview-display-component---masterYardInventory--smartFilterBar-btnBasicSearch","interaction":{"idSuffix":"I"}},"clearTextFirst":true,"interactionType":"ENTER_TEXT"}]}
COMMAND: POST /session/14914bc265bb4356720f02d527012ac9/actions - {"actions":[{"id":"action17","type":"key","parameters":{},"actions":[{"type":"keyDown","value":"î€‡"},{"type":"pause","duration":10},{"type":"keyUp","value":"î€‡"}]}]}
RESULT: {"actions":[{"id":"action17","type":"key","parameters":{},"actions":[{"type":"keyDown","value":"î€‡"},{"type":"pause","duration":10},{"type":"keyUp","value":"î€‡"}]}]}
COMMAND: GET /session/14914bc265bb4356720f02d527012ac9/screenshot - {}
RESULT: {}
COMMAND: POST /session/14914bc265bb4356720f02d527012ac9/execute/async - {"script":"<script> [1562 bytes]","args":[{"selector":{"controlType":"sap.m.Text","viewName":"etm.portal.ui.yardoverview.view.Master","viewId":"application-yardoverview-display-component---masterYardInventory","bindingPath":{"propertyPath":"ID"}},"wdio_ui5_key":"etmportal.ui.yardoverview.view.Mastersap.m.Text{\"propertyPath\":\"ID\"}"}]}
RESULT: {"script":"<script> [1562 bytes]","args":[{"selector":{"controlType":"sap.m.Text","viewName":"etm.portal.ui.yardoverview.view.Master","viewId":"application-yardoverview-display-component---masterYardInventory","bindingPath":{"propertyPath":"ID"}},"wdio_ui5_key":"etmportal.ui.yardoverview.view.Mastersap.m.Text{\"propertyPath\":\"ID\"}"}]}
RESULT: undefined
COMMAND: POST /session/14914bc265bb4356720f02d527012ac9/element - {"using":"xpath","value":"//*[@id=\"__text980-__clone1492\"]"}
RESULT: {"using":"xpath","value":"//*[@id=\"__text980-__clone1492\"]"}
COMMAND: POST /session/14914bc265bb4356720f02d527012ac9/element/f.55D52B01A6CDCCA2B6FF0BD62C4B110C.d.9A69DA4437FCD5ECFC4DAC9E8764E292.e.5131/click - {}
RESULT: {}
COMMAND: GET /session/14914bc265bb4356720f02d527012ac9/screenshot - {}
RESULT: {}
COMMAND: POST /session/14914bc265bb4356720f02d527012ac9/execute/async - {"script":"<script> [1562 bytes]","args":[{"selector":{"id":"application-yardoverview-display-component---detailYardInventory--ObjectPageLayout-anchBar-application-yardoverview-display-component---detailYardInventory--openRequestsSection-anchor","interaction":{"idSuffix":"BDI-content"}},"wdio_ui5_key":"applicationyardoverview-display-component---detailYardInventory--ObjectPageLayout-anchBar-application-yardoverview-display-component---detailYardInventory--openRequestsSection-anchor"}]}
RESULT: {"script":"<script> [1562 bytes]","args":[{"selector":{"id":"application-yardoverview-display-component---detailYardInventory--ObjectPageLayout-anchBar-application-yardoverview-display-component---detailYardInventory--openRequestsSection-anchor","interaction":{"idSuffix":"BDI-content"}},"wdio_ui5_key":"applicationyardoverview-display-component---detailYardInventory--ObjectPageLayout-anchBar-application-yardoverview-display-component---detailYardInventory--openRequestsSection-anchor"}]}
RESULT: undefined
COMMAND: POST /session/14914bc265bb4356720f02d527012ac9/element - {"using":"xpath","value":"//*[@id=\"application-yardoverview-display-component---detailYardInventory--ObjectPageLayout-anchBar-application-yardoverview-display-component---detailYardInventory--openRequestsSection-anchor\"]"}
RESULT: {"using":"xpath","value":"//*[@id=\"application-yardoverview-display-component---detailYardInventory--ObjectPageLayout-anchBar-application-yardoverview-display-component---detailYardInventory--openRequestsSection-anchor\"]"}
COMMAND: POST /session/14914bc265bb4356720f02d527012ac9/element/f.55D52B01A6CDCCA2B6FF0BD62C4B110C.d.9A69DA4437FCD5ECFC4DAC9E8764E292.e.5223/click - {}
RESULT: {}
COMMAND: GET /session/14914bc265bb4356720f02d527012ac9/screenshot - {}
RESULT: {}
COMMAND: POST /session/14914bc265bb4356720f02d527012ac9/element - {"using":"xpath","value":"//input[contains(@aria-labelledby ,\"INTERNAL_GROUP-request\")]"}
RESULT: {"using":"xpath","value":"//input[contains(@aria-labelledby ,\"INTERNAL_GROUP-request\")]"}
COMMAND: POST /session/14914bc265bb4356720f02d527012ac9/element/f.55D52B01A6CDCCA2B6FF0BD62C4B110C.d.9A69DA4437FCD5ECFC4DAC9E8764E292.e.5234/clear - {}
RESULT: {}
COMMAND: POST /session/14914bc265bb4356720f02d527012ac9/element/f.55D52B01A6CDCCA2B6FF0BD62C4B110C.d.9A69DA4437FCD5ECFC4DAC9E8764E292.e.5234/value - {"text":"20071"}
COMMAND: GET /session/14914bc265bb4356720f02d527012ac9/screenshot - {}
RESULT: {"text":"20071"}
COMMAND: GET /session/14914bc265bb4356720f02d527012ac9/screenshot - {}
RESULT: {}
RESULT: {}
COMMAND: POST /session/14914bc265bb4356720f02d527012ac9/actions - {"actions":[{"id":"action18","type":"key","parameters":{},"actions":[{"type":"keyDown","value":"î€‡"},{"type":"pause","duration":10},{"type":"keyUp","value":"î€‡"}]}]}
RESULT: {"actions":[{"id":"action18","type":"key","parameters":{},"actions":[{"type":"keyDown","value":"î€‡"},{"type":"pause","duration":10},{"type":"keyUp","value":"î€‡"}]}]}
COMMAND: POST /session/14914bc265bb4356720f02d527012ac9/element - {"using":"xpath","value":"//button[contains(@id,\"openRequests-triggerAction-autoplanBtn\")]"}
RESULT: {"using":"xpath","value":"//button[contains(@id,\"openRequests-triggerAction-autoplanBtn\")]"}
COMMAND: POST /session/14914bc265bb4356720f02d527012ac9/element/f.55D52B01A6CDCCA2B6FF0BD62C4B110C.d.9A69DA4437FCD5ECFC4DAC9E8764E292.e.5255/click - {}
COMMAND: GET /session/14914bc265bb4356720f02d527012ac9/screenshot - {}
RESULT: {}
COMMAND: GET /session/14914bc265bb4356720f02d527012ac9/screenshot - {}
RESULT: {}
RESULT: {}
COMMAND: POST /session/14914bc265bb4356720f02d527012ac9/execute/async - {"script":"<script> [1562 bytes]","args":[{"selector":{"id":"application-yardoverview-display-component---detailYardInventory--customRequestsTable-sa","interaction":{"idSuffix":"CbBg"}},"wdio_ui5_key":"applicationyardoverview-display-component---detailYardInventory--customRequestsTable-sa"}]}
RESULT: {"script":"<script> [1562 bytes]","args":[{"selector":{"id":"application-yardoverview-display-component---detailYardInventory--customRequestsTable-sa","interaction":{"idSuffix":"CbBg"}},"wdio_ui5_key":"applicationyardoverview-display-component---detailYardInventory--customRequestsTable-sa"}]}
RESULT: undefined
COMMAND: POST /session/14914bc265bb4356720f02d527012ac9/element - {"using":"xpath","value":"//*[@id=\"application-yardoverview-display-component---detailYardInventory--customRequestsTable-sa\"]"}
RESULT: {"using":"xpath","value":"//*[@id=\"application-yardoverview-display-component---detailYardInventory--customRequestsTable-sa\"]"}
COMMAND: POST /session/14914bc265bb4356720f02d527012ac9/element/f.55D52B01A6CDCCA2B6FF0BD62C4B110C.d.9A69DA4437FCD5ECFC4DAC9E8764E292.e.5278/click - {}
RESULT: {}
COMMAND: GET /session/14914bc265bb4356720f02d527012ac9/screenshot - {}
RESULT: {}
COMMAND: POST /session/14914bc265bb4356720f02d527012ac9/element - {"using":"xpath","value":"//button[contains(@id,\"openRequests-triggerAction-autoplanBtn\")]"}
RESULT: {"using":"xpath","value":"//button[contains(@id,\"openRequests-triggerAction-autoplanBtn\")]"}
COMMAND: POST /session/14914bc265bb4356720f02d527012ac9/element/f.55D52B01A6CDCCA2B6FF0BD62C4B110C.d.9A69DA4437FCD5ECFC4DAC9E8764E292.e.5255/click - {}
RESULT: {}
COMMAND: GET /session/14914bc265bb4356720f02d527012ac9/screenshot - {}
RESULT: {}
COMMAND: POST /session/14914bc265bb4356720f02d527012ac9/element - {"using":"xpath","value":"//button[.//bdi[contains(text(),\"OK\")]]"}
RESULT: {"using":"xpath","value":"//button[.//bdi[contains(text(),\"OK\")]]"}
COMMAND: POST /session/14914bc265bb4356720f02d527012ac9/element/f.55D52B01A6CDCCA2B6FF0BD62C4B110C.d.9A69DA4437FCD5ECFC4DAC9E8764E292.e.5279/click - {}
RESULT: {}
COMMAND: GET /session/14914bc265bb4356720f02d527012ac9/screenshot - {}
RESULT: {}
COMMAND: POST /session/14914bc265bb4356720f02d527012ac9/execute/async - {"script":"<script> [1562 bytes]","args":[{"selector":{"id":"application-yardoverview-display-component---detailYardInventory--refreshOpenRequests-img"},"wdio_ui5_key":"applicationyardoverview-display-component---detailYardInventory--refreshOpenRequests-img"}]}
RESULT: {"script":"<script> [1562 bytes]","args":[{"selector":{"id":"application-yardoverview-display-component---detailYardInventory--refreshOpenRequests-img"},"wdio_ui5_key":"applicationyardoverview-display-component---detailYardInventory--refreshOpenRequests-img"}]}
RESULT: undefined
COMMAND: POST /session/14914bc265bb4356720f02d527012ac9/element - {"using":"xpath","value":"//*[@id=\"application-yardoverview-display-component---detailYardInventory--refreshOpenRequests-img\"]"}
RESULT: {"using":"xpath","value":"//*[@id=\"application-yardoverview-display-component---detailYardInventory--refreshOpenRequests-img\"]"}
COMMAND: POST /session/14914bc265bb4356720f02d527012ac9/element/f.55D52B01A6CDCCA2B6FF0BD62C4B110C.d.9A69DA4437FCD5ECFC4DAC9E8764E292.e.5281/click - {}
RESULT: {}
COMMAND: GET /session/14914bc265bb4356720f02d527012ac9/screenshot - {}
RESULT: {}
COMMAND: POST /session/14914bc265bb4356720f02d527012ac9/execute/async - {"script":"<script> [1562 bytes]","args":[{"selector":{"id":"application-yardoverview-display-component---detailYardInventory--ObjectPageLayout-anchBar-application-yardoverview-display-component---detailYardInventory--openProvidesSection-anchor","interaction":{"idSuffix":"BDI-content"}},"wdio_ui5_key":"applicationyardoverview-display-component---detailYardInventory--ObjectPageLayout-anchBar-application-yardoverview-display-component---detailYardInventory--openProvidesSection-anchor"}]}
RESULT: {"script":"<script> [1562 bytes]","args":[{"selector":{"id":"application-yardoverview-display-component---detailYardInventory--ObjectPageLayout-anchBar-application-yardoverview-display-component---detailYardInventory--openProvidesSection-anchor","interaction":{"idSuffix":"BDI-content"}},"wdio_ui5_key":"applicationyardoverview-display-component---detailYardInventory--ObjectPageLayout-anchBar-application-yardoverview-display-component---detailYardInventory--openProvidesSection-anchor"}]}
RESULT: undefined
COMMAND: POST /session/14914bc265bb4356720f02d527012ac9/element - {"using":"xpath","value":"//*[@id=\"application-yardoverview-display-component---detailYardInventory--ObjectPageLayout-anchBar-application-yardoverview-display-component---detailYardInventory--openProvidesSection-anchor\"]"}
RESULT: {"using":"xpath","value":"//*[@id=\"application-yardoverview-display-component---detailYardInventory--ObjectPageLayout-anchBar-application-yardoverview-display-component---detailYardInventory--openProvidesSection-anchor\"]"}
COMMAND: POST /session/14914bc265bb4356720f02d527012ac9/element/f.55D52B01A6CDCCA2B6FF0BD62C4B110C.d.9A69DA4437FCD5ECFC4DAC9E8764E292.e.5285/click - {}
RESULT: {}
COMMAND: GET /session/14914bc265bb4356720f02d527012ac9/screenshot - {}
RESULT: {}
COMMAND: POST /session/14914bc265bb4356720f02d527012ac9/element - {"using":"css selector","value":"#shell-header-logo"}
RESULT: {"using":"css selector","value":"#shell-header-logo"}
COMMAND: POST /session/14914bc265bb4356720f02d527012ac9/element/f.55D52B01A6CDCCA2B6FF0BD62C4B110C.d.9A69DA4437FCD5ECFC4DAC9E8764E292.e.5059/click - {}
RESULT: {}
COMMAND: GET /session/14914bc265bb4356720f02d527012ac9/screenshot - {}
RESULT: {}
RESULT: undefined
COMMAND: POST /session/14914bc265bb4356720f02d527012ac9/element - {"using":"xpath","value":"//*[@id=\"__tile48\"]"}
RESULT: {"using":"xpath","value":"//*[@id=\"__tile48\"]"}
COMMAND: POST /session/14914bc265bb4356720f02d527012ac9/element/f.55D52B01A6CDCCA2B6FF0BD62C4B110C.d.9A69DA4437FCD5ECFC4DAC9E8764E292.e.3664/click - {}
RESULT: {}
COMMAND: GET /session/14914bc265bb4356720f02d527012ac9/screenshot - {}
RESULT: {}
COMMAND: POST /session/14914bc265bb4356720f02d527012ac9/elements - {"using":"xpath","value":"//span[text()='Error']"}
RESULT: {"using":"xpath","value":"//span[text()='Error']"}
COMMAND: POST /session/14914bc265bb4356720f02d527012ac9/execute/async - {"script":"<script> [1562 bytes]","args":[{"selector":{"controlType":"sap.m.SearchField","viewName":"etm.portal.ui.managerequests.view.Master","bindingPath":{"path":"","propertyPath":"/_BASIC_SEARCH_FIELD","modelName":"fi1t3rM0d31"},"interaction":{"idSuffix":"I"}},"wdio_ui5_key":"etmportal.ui.managerequests.view.Mastersap.m.SearchField{\"path\":\"\",\"propertyPath\":\"/_BASIC_SEARCH_FIELD\",\"modelName\":\"fi1t3rM0d31\"}"}]}
RESULT: {"script":"<script> [1562 bytes]","args":[{"selector":{"controlType":"sap.m.SearchField","viewName":"etm.portal.ui.managerequests.view.Master","bindingPath":{"path":"","propertyPath":"/_BASIC_SEARCH_FIELD","modelName":"fi1t3rM0d31"},"interaction":{"idSuffix":"I"}},"wdio_ui5_key":"etmportal.ui.managerequests.view.Mastersap.m.SearchField{\"path\":\"\",\"propertyPath\":\"/_BASIC_SEARCH_FIELD\",\"modelName\":\"fi1t3rM0d31\"}"}]}
RESULT: undefined
COMMAND: POST /session/14914bc265bb4356720f02d527012ac9/execute/async - {"script":"<script> [776 bytes]","args":[{"enterText":"20071","selector":{"controlType":"sap.m.SearchField","viewName":"etm.portal.ui.managerequests.view.Master","bindingPath":{"path":"","propertyPath":"/_BASIC_SEARCH_FIELD","modelName":"fi1t3rM0d31"},"interaction":{"idSuffix":"I"}},"clearTextFirst":true,"interactionType":"ENTER_TEXT"}]}
RESULT: {"script":"<script> [776 bytes]","args":[{"enterText":"20071","selector":{"controlType":"sap.m.SearchField","viewName":"etm.portal.ui.managerequests.view.Master","bindingPath":{"path":"","propertyPath":"/_BASIC_SEARCH_FIELD","modelName":"fi1t3rM0d31"},"interaction":{"idSuffix":"I"}},"clearTextFirst":true,"interactionType":"ENTER_TEXT"}]}
COMMAND: POST /session/14914bc265bb4356720f02d527012ac9/actions - {"actions":[{"id":"action19","type":"key","parameters":{},"actions":[{"type":"keyDown","value":"î€‡"},{"type":"pause","duration":10},{"type":"keyUp","value":"î€‡"}]}]}
RESULT: {"actions":[{"id":"action19","type":"key","parameters":{},"actions":[{"type":"keyDown","value":"î€‡"},{"type":"pause","duration":10},{"type":"keyUp","value":"î€‡"}]}]}
COMMAND: GET /session/14914bc265bb4356720f02d527012ac9/screenshot - {}
RESULT: {}
COMMAND: POST /session/14914bc265bb4356720f02d527012ac9/execute/async - {"script":"<script> [1562 bytes]","args":[{"selector":{"controlType":"sap.m.ObjectNumber","viewName":"etm.portal.ui.managerequests.view.Master","bindingPath":{"propertyPath":"IN_USE_FOR"},"interaction":{"idSuffix":"number"}},"wdio_ui5_key":"etmportal.ui.managerequests.view.Mastersap.m.ObjectNumber{\"propertyPath\":\"IN_USE_FOR\"}"}]}
RESULT: {"script":"<script> [1562 bytes]","args":[{"selector":{"controlType":"sap.m.ObjectNumber","viewName":"etm.portal.ui.managerequests.view.Master","bindingPath":{"propertyPath":"IN_USE_FOR"},"interaction":{"idSuffix":"number"}},"wdio_ui5_key":"etmportal.ui.managerequests.view.Mastersap.m.ObjectNumber{\"propertyPath\":\"IN_USE_FOR\"}"}]}
RESULT: undefined
COMMAND: POST /session/14914bc265bb4356720f02d527012ac9/element - {"using":"xpath","value":"//*[@id=\"__number8-__clone1611\"]"}
RESULT: {"using":"xpath","value":"//*[@id=\"__number8-__clone1611\"]"}
COMMAND: POST /session/14914bc265bb4356720f02d527012ac9/element/f.55D52B01A6CDCCA2B6FF0BD62C4B110C.d.9A69DA4437FCD5ECFC4DAC9E8764E292.e.5426/click - {}
RESULT: {}
COMMAND: POST /session/14914bc265bb4356720f02d527012ac9/execute/async - {"script":"<script> [1562 bytes]","args":[{"selector":{"controlType":"sap.m.ObjectStatus","viewName":"etm.portal.ui.managerequests.view.Detail","bindingPath":{"propertyPath":"LINK_TO_STATUS/DESCRIPTION","modelName":"catalogModel"}},"wdio_ui5_key":"etmportal.ui.managerequests.view.Detailsap.m.ObjectStatus{\"propertyPath\":\"LINK_TO_STATUS/DESCRIPTION\",\"modelName\":\"catalogModel\"}"}]}
COMMAND: GET /session/14914bc265bb4356720f02d527012ac9/screenshot - {}
RESULT: {"script":"<script> [1562 bytes]","args":[{"selector":{"controlType":"sap.m.ObjectStatus","viewName":"etm.portal.ui.managerequests.view.Detail","bindingPath":{"propertyPath":"LINK_TO_STATUS/DESCRIPTION","modelName":"catalogModel"}},"wdio_ui5_key":"etmportal.ui.managerequests.view.Detailsap.m.ObjectStatus{\"propertyPath\":\"LINK_TO_STATUS/DESCRIPTION\",\"modelName\":\"catalogModel\"}"}]}
RESULT: undefined
COMMAND: POST /session/14914bc265bb4356720f02d527012ac9/execute/async - {"script":"<script> [6424 bytes]","args":[{"element-6066-11e4-a52e-4f735466cecf":"f.55D52B01A6CDCCA2B6FF0BD62C4B110C.d.9A69DA4437FCD5ECFC4DAC9E8764E292.e.5623"},"getText",[]]}
RESULT: {}
RESULT: {"script":"<script> [6424 bytes]","args":[{"element-6066-11e4-a52e-4f735466cecf":"f.55D52B01A6CDCCA2B6FF0BD62C4B110C.d.9A69DA4437FCD5ECFC4DAC9E8764E292.e.5623"},"getText",[]]}
COMMAND: POST /session/14914bc265bb4356720f02d527012ac9/element - {"using":"css selector","value":"#shell-header-logo"}
RESULT: {"using":"css selector","value":"#shell-header-logo"}
COMMAND: POST /session/14914bc265bb4356720f02d527012ac9/element/f.55D52B01A6CDCCA2B6FF0BD62C4B110C.d.9A69DA4437FCD5ECFC4DAC9E8764E292.e.5303/click - {}
RESULT: {}
COMMAND: GET /session/14914bc265bb4356720f02d527012ac9/screenshot - {}
RESULT: {}
COMMAND: DELETE /session/14914bc265bb4356720f02d527012ac9 - {}
RESULT: {}
]]></system-out>
    </testcase>
  </testsuite>
</testsuites>